<?xml version="1.0" encoding="UTF-8"?>
<testsuite name="capstone.jejuTourrecommend.JejuTourRecommendApplicationTests" tests="1" skipped="0" failures="0" errors="0" timestamp="2022-10-10T04:48:03" hostname="Heon-MacBookPro.local" time="0.006">
  <properties/>
  <testcase name="contextLoads()" classname="capstone.jejuTourrecommend.JejuTourRecommendApplicationTests" time="0.006"/>
  <system-out><![CDATA[2022-10-10 13:48:03.829  INFO 3923 --- [    Test worker] .b.t.c.SpringBootTestContextBootstrapper : Neither @ContextConfiguration nor @ContextHierarchy found for test class [capstone.jejuTourrecommend.JejuTourRecommendApplicationTests], using SpringBootContextLoader
2022-10-10 13:48:03.830  INFO 3923 --- [    Test worker] o.s.t.c.support.AbstractContextLoader    : Could not detect default resource locations for test class [capstone.jejuTourrecommend.JejuTourRecommendApplicationTests]: no resource found for suffixes {-context.xml, Context.groovy}.
2022-10-10 13:48:03.830  INFO 3923 --- [    Test worker] t.c.s.AnnotationConfigContextLoaderUtils : Could not detect default configuration classes for test class [capstone.jejuTourrecommend.JejuTourRecommendApplicationTests]: JejuTourRecommendApplicationTests does not declare any static, non-private, non-final, nested classes annotated with @Configuration.
2022-10-10 13:48:03.832  INFO 3923 --- [    Test worker] .b.t.c.SpringBootTestContextBootstrapper : Found @SpringBootConfiguration capstone.jejuTourrecommend.JejuTourRecommendApplication for test class capstone.jejuTourrecommend.JejuTourRecommendApplicationTests
2022-10-10 13:48:03.833  INFO 3923 --- [    Test worker] .b.t.c.SpringBootTestContextBootstrapper : Loaded default TestExecutionListener class names from location [META-INF/spring.factories]: [org.springframework.boot.test.autoconfigure.restdocs.RestDocsTestExecutionListener, org.springframework.boot.test.autoconfigure.web.client.MockRestServiceServerResetTestExecutionListener, org.springframework.boot.test.autoconfigure.web.servlet.MockMvcPrintOnlyOnFailureTestExecutionListener, org.springframework.boot.test.autoconfigure.web.servlet.WebDriverTestExecutionListener, org.springframework.boot.test.autoconfigure.webservices.client.MockWebServiceServerTestExecutionListener, org.springframework.boot.test.mock.mockito.MockitoTestExecutionListener, org.springframework.boot.test.mock.mockito.ResetMocksTestExecutionListener, org.springframework.test.context.web.ServletTestExecutionListener, org.springframework.test.context.support.DirtiesContextBeforeModesTestExecutionListener, org.springframework.test.context.event.ApplicationEventsTestExecutionListener, org.springframework.test.context.support.DependencyInjectionTestExecutionListener, org.springframework.test.context.support.DirtiesContextTestExecutionListener, org.springframework.test.context.transaction.TransactionalTestExecutionListener, org.springframework.test.context.jdbc.SqlScriptsTestExecutionListener, org.springframework.test.context.event.EventPublishingTestExecutionListener]
2022-10-10 13:48:03.833  INFO 3923 --- [    Test worker] .b.t.c.SpringBootTestContextBootstrapper : Using TestExecutionListeners: [org.springframework.test.context.web.ServletTestExecutionListener@3366a998, org.springframework.test.context.support.DirtiesContextBeforeModesTestExecutionListener@3c0403a, org.springframework.test.context.event.ApplicationEventsTestExecutionListener@5ea206bc, org.springframework.boot.test.mock.mockito.MockitoTestExecutionListener@7c87c960, org.springframework.boot.test.autoconfigure.SpringBootDependencyInjectionTestExecutionListener@7a2b8501, org.springframework.test.context.support.DirtiesContextTestExecutionListener@7b6bcbee, org.springframework.test.context.transaction.TransactionalTestExecutionListener@3532b5d9, org.springframework.test.context.jdbc.SqlScriptsTestExecutionListener@77bca6d6, org.springframework.test.context.event.EventPublishingTestExecutionListener@511936ad, org.springframework.boot.test.autoconfigure.restdocs.RestDocsTestExecutionListener@7408b3db, org.springframework.boot.test.autoconfigure.web.client.MockRestServiceServerResetTestExecutionListener@54b45cfe, org.springframework.boot.test.autoconfigure.web.servlet.MockMvcPrintOnlyOnFailureTestExecutionListener@462ccaa8, org.springframework.boot.test.autoconfigure.web.servlet.WebDriverTestExecutionListener@5e18309e, org.springframework.boot.test.autoconfigure.webservices.client.MockWebServiceServerTestExecutionListener@6fbfd6ed, org.springframework.boot.test.mock.mockito.ResetMocksTestExecutionListener@191a3448]
]]></system-out>
  <system-err><![CDATA[]]></system-err>
</testsuite>
