<?xml version="1.0" encoding="UTF-8"?>
<testsuite name="capstone.jejuTourrecommend.domain.PictureTest" tests="1" skipped="0" failures="0" errors="0" timestamp="2022-10-10T04:48:04" hostname="Heon-MacBookPro.local" time="0.006">
  <properties/>
  <testcase name="picture_spotTest()" classname="capstone.jejuTourrecommend.domain.PictureTest" time="0.006"/>
  <system-out><![CDATA[2022-10-10 13:48:04.009  INFO 3923 --- [    Test worker] .b.t.c.SpringBootTestContextBootstrapper : Neither @ContextConfiguration nor @ContextHierarchy found for test class [capstone.jejuTourrecommend.domain.PictureTest], using SpringBootContextLoader
2022-10-10 13:48:04.009  INFO 3923 --- [    Test worker] o.s.t.c.support.AbstractContextLoader    : Could not detect default resource locations for test class [capstone.jejuTourrecommend.domain.PictureTest]: no resource found for suffixes {-context.xml, Context.groovy}.
2022-10-10 13:48:04.009  INFO 3923 --- [    Test worker] t.c.s.AnnotationConfigContextLoaderUtils : Could not detect default configuration classes for test class [capstone.jejuTourrecommend.domain.PictureTest]: PictureTest does not declare any static, non-private, non-final, nested classes annotated with @Configuration.
2022-10-10 13:48:04.010  INFO 3923 --- [    Test worker] .b.t.c.SpringBootTestContextBootstrapper : Found @SpringBootConfiguration capstone.jejuTourrecommend.JejuTourRecommendApplication for test class capstone.jejuTourrecommend.domain.PictureTest
2022-10-10 13:48:04.011  INFO 3923 --- [    Test worker] .b.t.c.SpringBootTestContextBootstrapper : Loaded default TestExecutionListener class names from location [META-INF/spring.factories]: [org.springframework.boot.test.autoconfigure.restdocs.RestDocsTestExecutionListener, org.springframework.boot.test.autoconfigure.web.client.MockRestServiceServerResetTestExecutionListener, org.springframework.boot.test.autoconfigure.web.servlet.MockMvcPrintOnlyOnFailureTestExecutionListener, org.springframework.boot.test.autoconfigure.web.servlet.WebDriverTestExecutionListener, org.springframework.boot.test.autoconfigure.webservices.client.MockWebServiceServerTestExecutionListener, org.springframework.boot.test.mock.mockito.MockitoTestExecutionListener, org.springframework.boot.test.mock.mockito.ResetMocksTestExecutionListener, org.springframework.test.context.web.ServletTestExecutionListener, org.springframework.test.context.support.DirtiesContextBeforeModesTestExecutionListener, org.springframework.test.context.event.ApplicationEventsTestExecutionListener, org.springframework.test.context.support.DependencyInjectionTestExecutionListener, org.springframework.test.context.support.DirtiesContextTestExecutionListener, org.springframework.test.context.transaction.TransactionalTestExecutionListener, org.springframework.test.context.jdbc.SqlScriptsTestExecutionListener, org.springframework.test.context.event.EventPublishingTestExecutionListener]
2022-10-10 13:48:04.011  INFO 3923 --- [    Test worker] .b.t.c.SpringBootTestContextBootstrapper : Using TestExecutionListeners: [org.springframework.test.context.web.ServletTestExecutionListener@43493a5d, org.springframework.test.context.support.DirtiesContextBeforeModesTestExecutionListener@21df2968, org.springframework.test.context.event.ApplicationEventsTestExecutionListener@1c7094eb, org.springframework.boot.test.mock.mockito.MockitoTestExecutionListener@70fdecff, org.springframework.boot.test.autoconfigure.SpringBootDependencyInjectionTestExecutionListener@7a6cab6f, org.springframework.test.context.support.DirtiesContextTestExecutionListener@22a05923, org.springframework.test.context.transaction.TransactionalTestExecutionListener@3aef4650, org.springframework.test.context.jdbc.SqlScriptsTestExecutionListener@25eadfe6, org.springframework.test.context.event.EventPublishingTestExecutionListener@3ac23fe7, org.springframework.boot.test.autoconfigure.restdocs.RestDocsTestExecutionListener@1a8b10dd, org.springframework.boot.test.autoconfigure.web.client.MockRestServiceServerResetTestExecutionListener@5a96081a, org.springframework.boot.test.autoconfigure.web.servlet.MockMvcPrintOnlyOnFailureTestExecutionListener@29f0e941, org.springframework.boot.test.autoconfigure.web.servlet.WebDriverTestExecutionListener@2e6c69f, org.springframework.boot.test.autoconfigure.webservices.client.MockWebServiceServerTestExecutionListener@40a923e6, org.springframework.boot.test.mock.mockito.ResetMocksTestExecutionListener@2a153531]
2022-10-10 13:48:04.012  INFO 3923 --- [    Test worker] o.s.t.c.transaction.TransactionContext   : Began transaction (1) for test context [DefaultTestContext@39d8240b testClass = PictureTest, testInstance = capstone.jejuTourrecommend.domain.PictureTest@3a6732bc, testMethod = picture_spotTest@PictureTest, testException = [null], mergedContextConfiguration = [WebMergedContextConfiguration@35b799c0 testClass = PictureTest, locations = '{}', classes = '{class capstone.jejuTourrecommend.JejuTourRecommendApplication}', contextInitializerClasses = '[]', activeProfiles = '{}', propertySourceLocations = '{}', propertySourceProperties = '{org.springframework.boot.test.context.SpringBootTestContextBootstrapper=true}', contextCustomizers = set[org.springframework.boot.test.autoconfigure.actuate.metrics.MetricsExportContextCustomizerFactory$DisableMetricExportContextCustomizer@239b0f9d, org.springframework.boot.test.autoconfigure.properties.PropertyMappingContextCustomizer@0, org.springframework.boot.test.autoconfigure.web.servlet.WebDriverContextCustomizerFactory$Customizer@c260bdc, org.springframework.boot.test.context.filter.ExcludeFilterContextCustomizer@3f363cf5, org.springframework.boot.test.json.DuplicateJsonObjectContextCustomizerFactory$DuplicateJsonObjectContextCustomizer@1bb1fde8, org.springframework.boot.test.mock.mockito.MockitoContextCustomizer@0, org.springframework.boot.test.web.client.TestRestTemplateContextCustomizer@26a4842b, org.springframework.boot.test.context.SpringBootTestArgs@1, org.springframework.boot.test.context.SpringBootTestWebEnvironment@34b9f960], resourceBasePath = 'src/main/webapp', contextLoader = 'org.springframework.boot.test.context.SpringBootContextLoader', parent = [null]], attributes = map['org.springframework.test.context.web.ServletTestExecutionListener.activateListener' -> true, 'org.springframework.test.context.web.ServletTestExecutionListener.populatedRequestContextHolder' -> true, 'org.springframework.test.context.web.ServletTestExecutionListener.resetRequestContextHolder' -> true, 'org.springframework.test.context.event.ApplicationEventsTestExecutionListener.recordApplicationEvents' -> false]]; transaction manager [org.springframework.orm.jpa.JpaTransactionManager@5843ab8]; rollback [true]
2022-10-10 13:48:04.013  INFO 3923 --- [    Test worker] p6spy                                    : #1665377284013 | took 0ms | statement | connection 13| url jdbc:h2:mem:6a3784ae-1aa6-4bbf-b617-4d4aeabcc2af
call next value for hibernate_sequence
call next value for hibernate_sequence;
2022-10-10 13:48:04.014  INFO 3923 --- [    Test worker] p6spy                                    : #1665377284014 | took 0ms | statement | connection 13| url jdbc:h2:mem:6a3784ae-1aa6-4bbf-b617-4d4aeabcc2af
call next value for hibernate_sequence
call next value for hibernate_sequence;
2022-10-10 13:48:04.014  INFO 3923 --- [    Test worker] p6spy                                    : #1665377284014 | took 0ms | statement | connection 13| url jdbc:h2:mem:6a3784ae-1aa6-4bbf-b617-4d4aeabcc2af
call next value for hibernate_sequence
call next value for hibernate_sequence;
2022-10-10 13:48:04.014  INFO 3923 --- [    Test worker] p6spy                                    : #1665377284014 | took 0ms | statement | connection 13| url jdbc:h2:mem:6a3784ae-1aa6-4bbf-b617-4d4aeabcc2af
call next value for hibernate_sequence
call next value for hibernate_sequence;
2022-10-10 13:48:04.014  INFO 3923 --- [    Test worker] p6spy                                    : #1665377284014 | took 0ms | statement | connection 13| url jdbc:h2:mem:6a3784ae-1aa6-4bbf-b617-4d4aeabcc2af
insert into spot (address, description, location, name, score_id, spot_id) values (?, ?, ?, ?, ?, ?)
insert into spot (address, description, location, name, score_id, spot_id) values (NULL, NULL, NULL, 'spot1', NULL, 63);
2022-10-10 13:48:04.014  INFO 3923 --- [    Test worker] p6spy                                    : #1665377284014 | took 0ms | statement | connection 13| url jdbc:h2:mem:6a3784ae-1aa6-4bbf-b617-4d4aeabcc2af
insert into spot (address, description, location, name, score_id, spot_id) values (?, ?, ?, ?, ?, ?)
insert into spot (address, description, location, name, score_id, spot_id) values (NULL, NULL, NULL, 'spot2', NULL, 64);
2022-10-10 13:48:04.015  INFO 3923 --- [    Test worker] p6spy                                    : #1665377284015 | took 0ms | statement | connection 13| url jdbc:h2:mem:6a3784ae-1aa6-4bbf-b617-4d4aeabcc2af
insert into picture (spot_id, url, picture_id) values (?, ?, ?)
insert into picture (spot_id, url, picture_id) values (63, 'java.io.StringReader@76300346', 61);
2022-10-10 13:48:04.015  INFO 3923 --- [    Test worker] p6spy                                    : #1665377284015 | took 0ms | statement | connection 13| url jdbc:h2:mem:6a3784ae-1aa6-4bbf-b617-4d4aeabcc2af
insert into picture (spot_id, url, picture_id) values (?, ?, ?)
insert into picture (spot_id, url, picture_id) values (63, 'java.io.StringReader@3669d7ac', 62);
2022-10-10 13:48:04.015  INFO 3923 --- [    Test worker] p6spy                                    : #1665377284015 | took 0ms | statement | connection 13| url jdbc:h2:mem:6a3784ae-1aa6-4bbf-b617-4d4aeabcc2af
insert into picture (spot_id, url, picture_id) values (?, ?, ?)
insert into picture (spot_id, url, picture_id) values (64, 'java.io.StringReader@4cb3e76c', 63);
2022-10-10 13:48:04.015  INFO 3923 --- [    Test worker] p6spy                                    : #1665377284015 | took 0ms | statement | connection 13| url jdbc:h2:mem:6a3784ae-1aa6-4bbf-b617-4d4aeabcc2af
insert into picture (spot_id, url, picture_id) values (?, ?, ?)
insert into picture (spot_id, url, picture_id) values (64, 'java.io.StringReader@5415ed48', 64);
2022-10-10 13:48:04.016  INFO 3923 --- [    Test worker] p6spy                                    : #1665377284016 | took 0ms | statement | connection 13| url jdbc:h2:mem:6a3784ae-1aa6-4bbf-b617-4d4aeabcc2af
select picture0_.picture_id as picture_1_4_, picture0_.spot_id as spot_id3_4_, picture0_.url as url2_4_ from picture picture0_
select picture0_.picture_id as picture_1_4_, picture0_.spot_id as spot_id3_4_, picture0_.url as url2_4_ from picture picture0_;
2022-10-10 13:48:04.018  INFO 3923 --- [    Test worker] p6spy                                    : #1665377284018 | took 0ms | rollback | connection 13| url jdbc:h2:mem:6a3784ae-1aa6-4bbf-b617-4d4aeabcc2af

;
2022-10-10 13:48:04.018  INFO 3923 --- [    Test worker] o.s.t.c.transaction.TransactionContext   : Rolled back transaction for test: [DefaultTestContext@39d8240b testClass = PictureTest, testInstance = capstone.jejuTourrecommend.domain.PictureTest@3a6732bc, testMethod = picture_spotTest@PictureTest, testException = [null], mergedContextConfiguration = [WebMergedContextConfiguration@35b799c0 testClass = PictureTest, locations = '{}', classes = '{class capstone.jejuTourrecommend.JejuTourRecommendApplication}', contextInitializerClasses = '[]', activeProfiles = '{}', propertySourceLocations = '{}', propertySourceProperties = '{org.springframework.boot.test.context.SpringBootTestContextBootstrapper=true}', contextCustomizers = set[org.springframework.boot.test.autoconfigure.actuate.metrics.MetricsExportContextCustomizerFactory$DisableMetricExportContextCustomizer@239b0f9d, org.springframework.boot.test.autoconfigure.properties.PropertyMappingContextCustomizer@0, org.springframework.boot.test.autoconfigure.web.servlet.WebDriverContextCustomizerFactory$Customizer@c260bdc, org.springframework.boot.test.context.filter.ExcludeFilterContextCustomizer@3f363cf5, org.springframework.boot.test.json.DuplicateJsonObjectContextCustomizerFactory$DuplicateJsonObjectContextCustomizer@1bb1fde8, org.springframework.boot.test.mock.mockito.MockitoContextCustomizer@0, org.springframework.boot.test.web.client.TestRestTemplateContextCustomizer@26a4842b, org.springframework.boot.test.context.SpringBootTestArgs@1, org.springframework.boot.test.context.SpringBootTestWebEnvironment@34b9f960], resourceBasePath = 'src/main/webapp', contextLoader = 'org.springframework.boot.test.context.SpringBootContextLoader', parent = [null]], attributes = map['org.springframework.test.context.web.ServletTestExecutionListener.activateListener' -> true, 'org.springframework.test.context.web.ServletTestExecutionListener.populatedRequestContextHolder' -> true, 'org.springframework.test.context.web.ServletTestExecutionListener.resetRequestContextHolder' -> true, 'org.springframework.test.context.event.ApplicationEventsTestExecutionListener.recordApplicationEvents' -> false]]
]]></system-out>
  <system-err><![CDATA[]]></system-err>
</testsuite>
