<?xml version="1.0" encoding="UTF-8"?>
<testsuite name="capstone.jejuTourrecommend.repository.ReviewRepositoryTest" tests="1" skipped="0" failures="0" errors="0" timestamp="2022-10-10T04:48:04" hostname="Heon-MacBookPro.local" time="0.004">
  <properties/>
  <testcase name="findReview()" classname="capstone.jejuTourrecommend.repository.ReviewRepositoryTest" time="0.004"/>
  <system-out><![CDATA[2022-10-10 13:48:04.882  INFO 3923 --- [    Test worker] .b.t.c.SpringBootTestContextBootstrapper : Neither @ContextConfiguration nor @ContextHierarchy found for test class [capstone.jejuTourrecommend.repository.ReviewRepositoryTest], using SpringBootContextLoader
2022-10-10 13:48:04.883  INFO 3923 --- [    Test worker] o.s.t.c.support.AbstractContextLoader    : Could not detect default resource locations for test class [capstone.jejuTourrecommend.repository.ReviewRepositoryTest]: no resource found for suffixes {-context.xml, Context.groovy}.
2022-10-10 13:48:04.883  INFO 3923 --- [    Test worker] t.c.s.AnnotationConfigContextLoaderUtils : Could not detect default configuration classes for test class [capstone.jejuTourrecommend.repository.ReviewRepositoryTest]: ReviewRepositoryTest does not declare any static, non-private, non-final, nested classes annotated with @Configuration.
2022-10-10 13:48:04.883  INFO 3923 --- [    Test worker] .b.t.c.SpringBootTestContextBootstrapper : Found @SpringBootConfiguration capstone.jejuTourrecommend.JejuTourRecommendApplication for test class capstone.jejuTourrecommend.repository.ReviewRepositoryTest
2022-10-10 13:48:04.884  INFO 3923 --- [    Test worker] .b.t.c.SpringBootTestContextBootstrapper : Loaded default TestExecutionListener class names from location [META-INF/spring.factories]: [org.springframework.boot.test.autoconfigure.restdocs.RestDocsTestExecutionListener, org.springframework.boot.test.autoconfigure.web.client.MockRestServiceServerResetTestExecutionListener, org.springframework.boot.test.autoconfigure.web.servlet.MockMvcPrintOnlyOnFailureTestExecutionListener, org.springframework.boot.test.autoconfigure.web.servlet.WebDriverTestExecutionListener, org.springframework.boot.test.autoconfigure.webservices.client.MockWebServiceServerTestExecutionListener, org.springframework.boot.test.mock.mockito.MockitoTestExecutionListener, org.springframework.boot.test.mock.mockito.ResetMocksTestExecutionListener, org.springframework.test.context.web.ServletTestExecutionListener, org.springframework.test.context.support.DirtiesContextBeforeModesTestExecutionListener, org.springframework.test.context.event.ApplicationEventsTestExecutionListener, org.springframework.test.context.support.DependencyInjectionTestExecutionListener, org.springframework.test.context.support.DirtiesContextTestExecutionListener, org.springframework.test.context.transaction.TransactionalTestExecutionListener, org.springframework.test.context.jdbc.SqlScriptsTestExecutionListener, org.springframework.test.context.event.EventPublishingTestExecutionListener]
2022-10-10 13:48:04.884  INFO 3923 --- [    Test worker] .b.t.c.SpringBootTestContextBootstrapper : Using TestExecutionListeners: [org.springframework.test.context.web.ServletTestExecutionListener@297fd432, org.springframework.test.context.support.DirtiesContextBeforeModesTestExecutionListener@7955972e, org.springframework.test.context.event.ApplicationEventsTestExecutionListener@52a6acce, org.springframework.boot.test.mock.mockito.MockitoTestExecutionListener@5465621e, org.springframework.boot.test.autoconfigure.SpringBootDependencyInjectionTestExecutionListener@3ece2e4, org.springframework.test.context.support.DirtiesContextTestExecutionListener@5655f950, org.springframework.test.context.transaction.TransactionalTestExecutionListener@31f2ff88, org.springframework.test.context.jdbc.SqlScriptsTestExecutionListener@4e780e3a, org.springframework.test.context.event.EventPublishingTestExecutionListener@2a673ed3, org.springframework.boot.test.autoconfigure.restdocs.RestDocsTestExecutionListener@5381cdb6, org.springframework.boot.test.autoconfigure.web.client.MockRestServiceServerResetTestExecutionListener@75a966f1, org.springframework.boot.test.autoconfigure.web.servlet.MockMvcPrintOnlyOnFailureTestExecutionListener@7b2eafa0, org.springframework.boot.test.autoconfigure.web.servlet.WebDriverTestExecutionListener@682c97b0, org.springframework.boot.test.autoconfigure.webservices.client.MockWebServiceServerTestExecutionListener@351d1b7e, org.springframework.boot.test.mock.mockito.ResetMocksTestExecutionListener@b3d6dc2]
2022-10-10 13:48:04.885  INFO 3923 --- [    Test worker] o.s.t.c.transaction.TransactionContext   : Began transaction (1) for test context [DefaultTestContext@54663a1b testClass = ReviewRepositoryTest, testInstance = capstone.jejuTourrecommend.repository.ReviewRepositoryTest@34550e28, testMethod = findReview@ReviewRepositoryTest, testException = [null], mergedContextConfiguration = [WebMergedContextConfiguration@35b1add8 testClass = ReviewRepositoryTest, locations = '{}', classes = '{class capstone.jejuTourrecommend.JejuTourRecommendApplication}', contextInitializerClasses = '[]', activeProfiles = '{}', propertySourceLocations = '{}', propertySourceProperties = '{org.springframework.boot.test.context.SpringBootTestContextBootstrapper=true}', contextCustomizers = set[org.springframework.boot.test.autoconfigure.actuate.metrics.MetricsExportContextCustomizerFactory$DisableMetricExportContextCustomizer@239b0f9d, org.springframework.boot.test.autoconfigure.properties.PropertyMappingContextCustomizer@0, org.springframework.boot.test.autoconfigure.web.servlet.WebDriverContextCustomizerFactory$Customizer@c260bdc, org.springframework.boot.test.context.filter.ExcludeFilterContextCustomizer@3f363cf5, org.springframework.boot.test.json.DuplicateJsonObjectContextCustomizerFactory$DuplicateJsonObjectContextCustomizer@1bb1fde8, org.springframework.boot.test.mock.mockito.MockitoContextCustomizer@0, org.springframework.boot.test.web.client.TestRestTemplateContextCustomizer@26a4842b, org.springframework.boot.test.context.SpringBootTestArgs@1, org.springframework.boot.test.context.SpringBootTestWebEnvironment@34b9f960], resourceBasePath = 'src/main/webapp', contextLoader = 'org.springframework.boot.test.context.SpringBootContextLoader', parent = [null]], attributes = map['org.springframework.test.context.web.ServletTestExecutionListener.activateListener' -> true, 'org.springframework.test.context.web.ServletTestExecutionListener.populatedRequestContextHolder' -> true, 'org.springframework.test.context.web.ServletTestExecutionListener.resetRequestContextHolder' -> true, 'org.springframework.test.context.event.ApplicationEventsTestExecutionListener.recordApplicationEvents' -> false]]; transaction manager [org.springframework.orm.jpa.JpaTransactionManager@5843ab8]; rollback [true]
2022-10-10 13:48:04.886  INFO 3923 --- [    Test worker] p6spy                                    : #1665377284886 | took 0ms | statement | connection 31| url jdbc:h2:mem:6a3784ae-1aa6-4bbf-b617-4d4aeabcc2af
call next value for hibernate_sequence
call next value for hibernate_sequence;
2022-10-10 13:48:04.886  INFO 3923 --- [    Test worker] p6spy                                    : #1665377284886 | took 0ms | statement | connection 31| url jdbc:h2:mem:6a3784ae-1aa6-4bbf-b617-4d4aeabcc2af
insert into spot (address, description, location, name, score_id, spot_id) values (?, ?, ?, ?, ?, ?)
insert into spot (address, description, location, name, score_id, spot_id) values (NULL, NULL, NULL, 'spot1', NULL, 972);
2022-10-10 13:48:04.887  INFO 3923 --- [    Test worker] p6spy                                    : #1665377284887 | took 0ms | statement | connection 31| url jdbc:h2:mem:6a3784ae-1aa6-4bbf-b617-4d4aeabcc2af
insert into review (content, spot_id, review_id) values (?, ?, ?)
insert into review (content, spot_id, review_id) values ('java.io.StringReader@27566a6d', 972, 909);
2022-10-10 13:48:04.887  INFO 3923 --- [    Test worker] p6spy                                    : #1665377284887 | took 0ms | statement | connection 31| url jdbc:h2:mem:6a3784ae-1aa6-4bbf-b617-4d4aeabcc2af
insert into review (content, spot_id, review_id) values (?, ?, ?)
insert into review (content, spot_id, review_id) values ('java.io.StringReader@2ed04a2b', 972, 910);
2022-10-10 13:48:04.887  INFO 3923 --- [    Test worker] p6spy                                    : #1665377284887 | took 0ms | statement | connection 31| url jdbc:h2:mem:6a3784ae-1aa6-4bbf-b617-4d4aeabcc2af
insert into review (content, spot_id, review_id) values (?, ?, ?)
insert into review (content, spot_id, review_id) values ('java.io.StringReader@3ba5fdeb', 972, 911);
2022-10-10 13:48:04.887  INFO 3923 --- [    Test worker] p6spy                                    : #1665377284887 | took 0ms | statement | connection 31| url jdbc:h2:mem:6a3784ae-1aa6-4bbf-b617-4d4aeabcc2af
insert into review (content, spot_id, review_id) values (?, ?, ?)
insert into review (content, spot_id, review_id) values ('java.io.StringReader@60037937', 972, 912);
2022-10-10 13:48:04.887  INFO 3923 --- [    Test worker] p6spy                                    : #1665377284887 | took 0ms | statement | connection 31| url jdbc:h2:mem:6a3784ae-1aa6-4bbf-b617-4d4aeabcc2af
insert into picture (spot_id, url, picture_id) values (?, ?, ?)
insert into picture (spot_id, url, picture_id) values (972, 'java.io.StringReader@3c04dfb3', 3665);
2022-10-10 13:48:04.887  INFO 3923 --- [    Test worker] c.j.repository.ReviewRepositoryTest      : spot1 = capstone.jejuTourrecommend.domain.Spot@54987dd1
2022-10-10 13:48:04.888  INFO 3923 --- [    Test worker] p6spy                                    : #1665377284888 | took 0ms | statement | connection 31| url jdbc:h2:mem:6a3784ae-1aa6-4bbf-b617-4d4aeabcc2af
select review0_.review_id as review_i1_5_, review0_.content as content2_5_, review0_.spot_id as spot_id3_5_ from review review0_ where review0_.spot_id=?
select review0_.review_id as review_i1_5_, review0_.content as content2_5_, review0_.spot_id as spot_id3_5_ from review review0_ where review0_.spot_id=972;
2022-10-10 13:48:04.889  INFO 3923 --- [    Test worker] p6spy                                    : #1665377284889 | took 0ms | rollback | connection 31| url jdbc:h2:mem:6a3784ae-1aa6-4bbf-b617-4d4aeabcc2af

;
2022-10-10 13:48:04.889  INFO 3923 --- [    Test worker] o.s.t.c.transaction.TransactionContext   : Rolled back transaction for test: [DefaultTestContext@54663a1b testClass = ReviewRepositoryTest, testInstance = capstone.jejuTourrecommend.repository.ReviewRepositoryTest@34550e28, testMethod = findReview@ReviewRepositoryTest, testException = [null], mergedContextConfiguration = [WebMergedContextConfiguration@35b1add8 testClass = ReviewRepositoryTest, locations = '{}', classes = '{class capstone.jejuTourrecommend.JejuTourRecommendApplication}', contextInitializerClasses = '[]', activeProfiles = '{}', propertySourceLocations = '{}', propertySourceProperties = '{org.springframework.boot.test.context.SpringBootTestContextBootstrapper=true}', contextCustomizers = set[org.springframework.boot.test.autoconfigure.actuate.metrics.MetricsExportContextCustomizerFactory$DisableMetricExportContextCustomizer@239b0f9d, org.springframework.boot.test.autoconfigure.properties.PropertyMappingContextCustomizer@0, org.springframework.boot.test.autoconfigure.web.servlet.WebDriverContextCustomizerFactory$Customizer@c260bdc, org.springframework.boot.test.context.filter.ExcludeFilterContextCustomizer@3f363cf5, org.springframework.boot.test.json.DuplicateJsonObjectContextCustomizerFactory$DuplicateJsonObjectContextCustomizer@1bb1fde8, org.springframework.boot.test.mock.mockito.MockitoContextCustomizer@0, org.springframework.boot.test.web.client.TestRestTemplateContextCustomizer@26a4842b, org.springframework.boot.test.context.SpringBootTestArgs@1, org.springframework.boot.test.context.SpringBootTestWebEnvironment@34b9f960], resourceBasePath = 'src/main/webapp', contextLoader = 'org.springframework.boot.test.context.SpringBootContextLoader', parent = [null]], attributes = map['org.springframework.test.context.web.ServletTestExecutionListener.activateListener' -> true, 'org.springframework.test.context.web.ServletTestExecutionListener.populatedRequestContextHolder' -> true, 'org.springframework.test.context.web.ServletTestExecutionListener.resetRequestContextHolder' -> true, 'org.springframework.test.context.event.ApplicationEventsTestExecutionListener.recordApplicationEvents' -> false]]
]]></system-out>
  <system-err><![CDATA[]]></system-err>
</testsuite>
