<?xml version="1.0" encoding="UTF-8"?>
<testsuite name="capstone.jejuTourrecommend.domain.Service.FavoriteServiceTest" tests="4" skipped="0" failures="0" errors="0" timestamp="2022-10-10T04:48:03" hostname="Heon-MacBookPro.local" time="0.42">
  <properties/>
  <testcase name="deleteFavoriteListTest()" classname="capstone.jejuTourrecommend.domain.Service.FavoriteServiceTest" time="0.289"/>
  <testcase name="newFavoriteListTest()" classname="capstone.jejuTourrecommend.domain.Service.FavoriteServiceTest" time="0.048"/>
  <testcase name="getFavoriteListTest()" classname="capstone.jejuTourrecommend.domain.Service.FavoriteServiceTest" time="0.056"/>
  <testcase name="postFavoriteFormTest()" classname="capstone.jejuTourrecommend.domain.Service.FavoriteServiceTest" time="0.024"/>
  <system-out><![CDATA[13:47:59.368 [Test worker] DEBUG org.springframework.test.context.BootstrapUtils - Instantiating CacheAwareContextLoaderDelegate from class [org.springframework.test.context.cache.DefaultCacheAwareContextLoaderDelegate]
13:47:59.374 [Test worker] DEBUG org.springframework.test.context.BootstrapUtils - Instantiating BootstrapContext using constructor [public org.springframework.test.context.support.DefaultBootstrapContext(java.lang.Class,org.springframework.test.context.CacheAwareContextLoaderDelegate)]
13:47:59.394 [Test worker] DEBUG org.springframework.test.context.BootstrapUtils - Instantiating TestContextBootstrapper for test class [capstone.jejuTourrecommend.domain.Service.FavoriteServiceTest] from class [org.springframework.boot.test.context.SpringBootTestContextBootstrapper]
13:47:59.401 [Test worker] INFO org.springframework.boot.test.context.SpringBootTestContextBootstrapper - Neither @ContextConfiguration nor @ContextHierarchy found for test class [capstone.jejuTourrecommend.domain.Service.FavoriteServiceTest], using SpringBootContextLoader
13:47:59.403 [Test worker] DEBUG org.springframework.test.context.support.AbstractContextLoader - Did not detect default resource location for test class [capstone.jejuTourrecommend.domain.Service.FavoriteServiceTest]: class path resource [capstone/jejuTourrecommend/domain/Service/FavoriteServiceTest-context.xml] does not exist
13:47:59.403 [Test worker] DEBUG org.springframework.test.context.support.AbstractContextLoader - Did not detect default resource location for test class [capstone.jejuTourrecommend.domain.Service.FavoriteServiceTest]: class path resource [capstone/jejuTourrecommend/domain/Service/FavoriteServiceTestContext.groovy] does not exist
13:47:59.403 [Test worker] INFO org.springframework.test.context.support.AbstractContextLoader - Could not detect default resource locations for test class [capstone.jejuTourrecommend.domain.Service.FavoriteServiceTest]: no resource found for suffixes {-context.xml, Context.groovy}.
13:47:59.404 [Test worker] INFO org.springframework.test.context.support.AnnotationConfigContextLoaderUtils - Could not detect default configuration classes for test class [capstone.jejuTourrecommend.domain.Service.FavoriteServiceTest]: FavoriteServiceTest does not declare any static, non-private, non-final, nested classes annotated with @Configuration.
13:47:59.427 [Test worker] DEBUG org.springframework.test.context.support.ActiveProfilesUtils - Could not find an 'annotation declaring class' for annotation type [org.springframework.test.context.ActiveProfiles] and class [capstone.jejuTourrecommend.domain.Service.FavoriteServiceTest]
13:47:59.465 [Test worker] DEBUG org.springframework.context.annotation.ClassPathScanningCandidateComponentProvider - Identified candidate component class: file [/Users/suheonjoo/git/Spring/Capstone/jejuTour-recommend/build/classes/java/main/capstone/jejuTourrecommend/JejuTourRecommendApplication.class]
13:47:59.465 [Test worker] INFO org.springframework.boot.test.context.SpringBootTestContextBootstrapper - Found @SpringBootConfiguration capstone.jejuTourrecommend.JejuTourRecommendApplication for test class capstone.jejuTourrecommend.domain.Service.FavoriteServiceTest
13:47:59.516 [Test worker] DEBUG org.springframework.boot.test.context.SpringBootTestContextBootstrapper - @TestExecutionListeners is not present for class [capstone.jejuTourrecommend.domain.Service.FavoriteServiceTest]: using defaults.
13:47:59.516 [Test worker] INFO org.springframework.boot.test.context.SpringBootTestContextBootstrapper - Loaded default TestExecutionListener class names from location [META-INF/spring.factories]: [org.springframework.boot.test.autoconfigure.restdocs.RestDocsTestExecutionListener, org.springframework.boot.test.autoconfigure.web.client.MockRestServiceServerResetTestExecutionListener, org.springframework.boot.test.autoconfigure.web.servlet.MockMvcPrintOnlyOnFailureTestExecutionListener, org.springframework.boot.test.autoconfigure.web.servlet.WebDriverTestExecutionListener, org.springframework.boot.test.autoconfigure.webservices.client.MockWebServiceServerTestExecutionListener, org.springframework.boot.test.mock.mockito.MockitoTestExecutionListener, org.springframework.boot.test.mock.mockito.ResetMocksTestExecutionListener, org.springframework.test.context.web.ServletTestExecutionListener, org.springframework.test.context.support.DirtiesContextBeforeModesTestExecutionListener, org.springframework.test.context.event.ApplicationEventsTestExecutionListener, org.springframework.test.context.support.DependencyInjectionTestExecutionListener, org.springframework.test.context.support.DirtiesContextTestExecutionListener, org.springframework.test.context.transaction.TransactionalTestExecutionListener, org.springframework.test.context.jdbc.SqlScriptsTestExecutionListener, org.springframework.test.context.event.EventPublishingTestExecutionListener]
13:47:59.525 [Test worker] INFO org.springframework.boot.test.context.SpringBootTestContextBootstrapper - Using TestExecutionListeners: [org.springframework.test.context.web.ServletTestExecutionListener@c0b41d6, org.springframework.test.context.support.DirtiesContextBeforeModesTestExecutionListener@4837595f, org.springframework.test.context.event.ApplicationEventsTestExecutionListener@2bffa76d, org.springframework.boot.test.mock.mockito.MockitoTestExecutionListener@3b718392, org.springframework.boot.test.autoconfigure.SpringBootDependencyInjectionTestExecutionListener@6d2260db, org.springframework.test.context.support.DirtiesContextTestExecutionListener@1f2d2181, org.springframework.test.context.transaction.TransactionalTestExecutionListener@49bf29c6, org.springframework.test.context.jdbc.SqlScriptsTestExecutionListener@7ee55e70, org.springframework.test.context.event.EventPublishingTestExecutionListener@3fcdcf, org.springframework.boot.test.autoconfigure.restdocs.RestDocsTestExecutionListener@7668d560, org.springframework.boot.test.autoconfigure.web.client.MockRestServiceServerResetTestExecutionListener@46292372, org.springframework.boot.test.autoconfigure.web.servlet.MockMvcPrintOnlyOnFailureTestExecutionListener@126be319, org.springframework.boot.test.autoconfigure.web.servlet.WebDriverTestExecutionListener@6c44052e, org.springframework.boot.test.autoconfigure.webservices.client.MockWebServiceServerTestExecutionListener@5c371e13, org.springframework.boot.test.mock.mockito.ResetMocksTestExecutionListener@530a8454]
13:47:59.527 [Test worker] DEBUG org.springframework.test.context.support.AbstractDirtiesContextTestExecutionListener - Before test class: context [DefaultTestContext@4a67318f testClass = FavoriteServiceTest, testInstance = [null], testMethod = [null], testException = [null], mergedContextConfiguration = [WebMergedContextConfiguration@315ba14a testClass = FavoriteServiceTest, locations = '{}', classes = '{class capstone.jejuTourrecommend.JejuTourRecommendApplication}', contextInitializerClasses = '[]', activeProfiles = '{}', propertySourceLocations = '{}', propertySourceProperties = '{org.springframework.boot.test.context.SpringBootTestContextBootstrapper=true}', contextCustomizers = set[org.springframework.boot.test.autoconfigure.actuate.metrics.MetricsExportContextCustomizerFactory$DisableMetricExportContextCustomizer@239b0f9d, org.springframework.boot.test.autoconfigure.properties.PropertyMappingContextCustomizer@0, org.springframework.boot.test.autoconfigure.web.servlet.WebDriverContextCustomizerFactory$Customizer@c260bdc, org.springframework.boot.test.context.filter.ExcludeFilterContextCustomizer@3f363cf5, org.springframework.boot.test.json.DuplicateJsonObjectContextCustomizerFactory$DuplicateJsonObjectContextCustomizer@1bb1fde8, org.springframework.boot.test.mock.mockito.MockitoContextCustomizer@0, org.springframework.boot.test.web.client.TestRestTemplateContextCustomizer@26a4842b, org.springframework.boot.test.context.SpringBootTestArgs@1, org.springframework.boot.test.context.SpringBootTestWebEnvironment@34b9f960], resourceBasePath = 'src/main/webapp', contextLoader = 'org.springframework.boot.test.context.SpringBootContextLoader', parent = [null]], attributes = map['org.springframework.test.context.web.ServletTestExecutionListener.activateListener' -> true]], class annotated with @DirtiesContext [false] with mode [null].

  .   ____          _            __ _ _
 /\\ / ___'_ __ _ _(_)_ __  __ _ \ \ \ \
( ( )\___ | '_ | '_| | '_ \/ _` | \ \ \ \
 \\/  ___)| |_)| | | | | || (_| |  ) ) ) )
  '  |____| .__|_| |_|_| |_\__, | / / / /
 =========|_|==============|___/=/_/_/_/
 :: Spring Boot ::                (v2.6.6)

2022-10-10 13:47:59.753  INFO 3923 --- [    Test worker] c.j.domain.Service.FavoriteServiceTest   : Starting FavoriteServiceTest using Java 11.0.14 on Heon-MacBookPro.local with PID 3923 (started by suheonjoo in /Users/suheonjoo/git/Spring/Capstone/jejuTour-recommend)
2022-10-10 13:47:59.753  INFO 3923 --- [    Test worker] c.j.domain.Service.FavoriteServiceTest   : The following 1 profile is active: "test"
2022-10-10 13:48:00.223  INFO 3923 --- [    Test worker] .s.d.r.c.RepositoryConfigurationDelegate : Multiple Spring Data modules found, entering strict repository configuration mode!
2022-10-10 13:48:00.224  INFO 3923 --- [    Test worker] .s.d.r.c.RepositoryConfigurationDelegate : Bootstrapping Spring Data JPA repositories in DEFAULT mode.
2022-10-10 13:48:00.339  INFO 3923 --- [    Test worker] .RepositoryConfigurationExtensionSupport : Spring Data JPA - Could not safely identify store assignment for repository candidate interface capstone.jejuTourrecommend.web.redis.LogoutAccessTokenRedisRepository. If you want this repository to be a JPA repository, consider annotating your entities with one of these annotations: javax.persistence.Entity, javax.persistence.MappedSuperclass (preferred), or consider extending one of the following types with your repository: org.springframework.data.jpa.repository.JpaRepository.
2022-10-10 13:48:00.357  INFO 3923 --- [    Test worker] .s.d.r.c.RepositoryConfigurationDelegate : Finished Spring Data repository scanning in 128 ms. Found 8 JPA repository interfaces.
2022-10-10 13:48:00.365  INFO 3923 --- [    Test worker] .s.d.r.c.RepositoryConfigurationDelegate : Multiple Spring Data modules found, entering strict repository configuration mode!
2022-10-10 13:48:00.366  INFO 3923 --- [    Test worker] .s.d.r.c.RepositoryConfigurationDelegate : Bootstrapping Spring Data Redis repositories in DEFAULT mode.
2022-10-10 13:48:00.377  INFO 3923 --- [    Test worker] .RepositoryConfigurationExtensionSupport : Spring Data Redis - Could not safely identify store assignment for repository candidate interface capstone.jejuTourrecommend.repository.FavoriteRepository. If you want this repository to be a Redis repository, consider annotating your entities with one of these annotations: org.springframework.data.redis.core.RedisHash (preferred), or consider extending one of the following types with your repository: org.springframework.data.keyvalue.repository.KeyValueRepository.
2022-10-10 13:48:00.377  INFO 3923 --- [    Test worker] .RepositoryConfigurationExtensionSupport : Spring Data Redis - Could not safely identify store assignment for repository candidate interface capstone.jejuTourrecommend.repository.FavoriteSpotRepository. If you want this repository to be a Redis repository, consider annotating your entities with one of these annotations: org.springframework.data.redis.core.RedisHash (preferred), or consider extending one of the following types with your repository: org.springframework.data.keyvalue.repository.KeyValueRepository.
2022-10-10 13:48:00.378  INFO 3923 --- [    Test worker] .RepositoryConfigurationExtensionSupport : Spring Data Redis - Could not safely identify store assignment for repository candidate interface capstone.jejuTourrecommend.repository.MemberRepository. If you want this repository to be a Redis repository, consider annotating your entities with one of these annotations: org.springframework.data.redis.core.RedisHash (preferred), or consider extending one of the following types with your repository: org.springframework.data.keyvalue.repository.KeyValueRepository.
2022-10-10 13:48:00.379  INFO 3923 --- [    Test worker] .RepositoryConfigurationExtensionSupport : Spring Data Redis - Could not safely identify store assignment for repository candidate interface capstone.jejuTourrecommend.repository.MemberSpotRepository. If you want this repository to be a Redis repository, consider annotating your entities with one of these annotations: org.springframework.data.redis.core.RedisHash (preferred), or consider extending one of the following types with your repository: org.springframework.data.keyvalue.repository.KeyValueRepository.
2022-10-10 13:48:00.379  INFO 3923 --- [    Test worker] .RepositoryConfigurationExtensionSupport : Spring Data Redis - Could not safely identify store assignment for repository candidate interface capstone.jejuTourrecommend.repository.PictureRepository. If you want this repository to be a Redis repository, consider annotating your entities with one of these annotations: org.springframework.data.redis.core.RedisHash (preferred), or consider extending one of the following types with your repository: org.springframework.data.keyvalue.repository.KeyValueRepository.
2022-10-10 13:48:00.379  INFO 3923 --- [    Test worker] .RepositoryConfigurationExtensionSupport : Spring Data Redis - Could not safely identify store assignment for repository candidate interface capstone.jejuTourrecommend.repository.ReviewRepository. If you want this repository to be a Redis repository, consider annotating your entities with one of these annotations: org.springframework.data.redis.core.RedisHash (preferred), or consider extending one of the following types with your repository: org.springframework.data.keyvalue.repository.KeyValueRepository.
2022-10-10 13:48:00.380  INFO 3923 --- [    Test worker] .RepositoryConfigurationExtensionSupport : Spring Data Redis - Could not safely identify store assignment for repository candidate interface capstone.jejuTourrecommend.repository.ScoreRepository. If you want this repository to be a Redis repository, consider annotating your entities with one of these annotations: org.springframework.data.redis.core.RedisHash (preferred), or consider extending one of the following types with your repository: org.springframework.data.keyvalue.repository.KeyValueRepository.
2022-10-10 13:48:00.380  INFO 3923 --- [    Test worker] .RepositoryConfigurationExtensionSupport : Spring Data Redis - Could not safely identify store assignment for repository candidate interface capstone.jejuTourrecommend.repository.SpotRepository. If you want this repository to be a Redis repository, consider annotating your entities with one of these annotations: org.springframework.data.redis.core.RedisHash (preferred), or consider extending one of the following types with your repository: org.springframework.data.keyvalue.repository.KeyValueRepository.
2022-10-10 13:48:00.384  INFO 3923 --- [    Test worker] .s.d.r.c.RepositoryConfigurationDelegate : Finished Spring Data repository scanning in 13 ms. Found 1 Redis repository interfaces.
2022-10-10 13:48:00.839  INFO 3923 --- [    Test worker] com.zaxxer.hikari.HikariDataSource       : HikariPool-1 - Starting...
2022-10-10 13:48:00.947  INFO 3923 --- [    Test worker] com.zaxxer.hikari.HikariDataSource       : HikariPool-1 - Start completed.
2022-10-10 13:48:01.006  INFO 3923 --- [    Test worker] o.hibernate.jpa.internal.util.LogHelper  : HHH000204: Processing PersistenceUnitInfo [name: default]
2022-10-10 13:48:01.034  INFO 3923 --- [    Test worker] org.hibernate.Version                    : HHH000412: Hibernate ORM core version 5.6.7.Final
2022-10-10 13:48:01.151  INFO 3923 --- [    Test worker] o.hibernate.annotations.common.Version   : HCANN000001: Hibernate Commons Annotations {5.1.2.Final}
2022-10-10 13:48:01.220  INFO 3923 --- [    Test worker] org.hibernate.dialect.Dialect            : HHH000400: Using dialect: org.hibernate.dialect.H2Dialect
2022-10-10 13:48:01.369  INFO 3923 --- [    Test worker] p6spy                                    : #1665377281369 | took 3ms | statement | connection 2| url jdbc:h2:mem:6a3784ae-1aa6-4bbf-b617-4d4aeabcc2af
select * from INFORMATION_SCHEMA.SEQUENCES
select * from INFORMATION_SCHEMA.SEQUENCES;
2022-10-10 13:48:01.717  INFO 3923 --- [    Test worker] p6spy                                    : #1665377281717 | took 0ms | statement | connection 3| url jdbc:h2:mem:6a3784ae-1aa6-4bbf-b617-4d4aeabcc2af
drop table if exists favorite CASCADE 
drop table if exists favorite CASCADE ;
2022-10-10 13:48:01.717  INFO 3923 --- [    Test worker] p6spy                                    : #1665377281717 | took 0ms | statement | connection 3| url jdbc:h2:mem:6a3784ae-1aa6-4bbf-b617-4d4aeabcc2af
drop table if exists favorite_spot CASCADE 
drop table if exists favorite_spot CASCADE ;
2022-10-10 13:48:01.718  INFO 3923 --- [    Test worker] p6spy                                    : #1665377281718 | took 0ms | statement | connection 3| url jdbc:h2:mem:6a3784ae-1aa6-4bbf-b617-4d4aeabcc2af
drop table if exists member CASCADE 
drop table if exists member CASCADE ;
2022-10-10 13:48:01.718  INFO 3923 --- [    Test worker] p6spy                                    : #1665377281718 | took 0ms | statement | connection 3| url jdbc:h2:mem:6a3784ae-1aa6-4bbf-b617-4d4aeabcc2af
drop table if exists member_spot CASCADE 
drop table if exists member_spot CASCADE ;
2022-10-10 13:48:01.718  INFO 3923 --- [    Test worker] p6spy                                    : #1665377281718 | took 0ms | statement | connection 3| url jdbc:h2:mem:6a3784ae-1aa6-4bbf-b617-4d4aeabcc2af
drop table if exists picture CASCADE 
drop table if exists picture CASCADE ;
2022-10-10 13:48:01.718  INFO 3923 --- [    Test worker] p6spy                                    : #1665377281718 | took 0ms | statement | connection 3| url jdbc:h2:mem:6a3784ae-1aa6-4bbf-b617-4d4aeabcc2af
drop table if exists review CASCADE 
drop table if exists review CASCADE ;
2022-10-10 13:48:01.718  INFO 3923 --- [    Test worker] p6spy                                    : #1665377281718 | took 0ms | statement | connection 3| url jdbc:h2:mem:6a3784ae-1aa6-4bbf-b617-4d4aeabcc2af
drop table if exists score CASCADE 
drop table if exists score CASCADE ;
2022-10-10 13:48:01.718  INFO 3923 --- [    Test worker] p6spy                                    : #1665377281718 | took 0ms | statement | connection 3| url jdbc:h2:mem:6a3784ae-1aa6-4bbf-b617-4d4aeabcc2af
drop table if exists spot CASCADE 
drop table if exists spot CASCADE ;
2022-10-10 13:48:01.718  INFO 3923 --- [    Test worker] p6spy                                    : #1665377281718 | took 0ms | statement | connection 3| url jdbc:h2:mem:6a3784ae-1aa6-4bbf-b617-4d4aeabcc2af
drop sequence if exists favorite_seq
drop sequence if exists favorite_seq;
2022-10-10 13:48:01.719  INFO 3923 --- [    Test worker] p6spy                                    : #1665377281719 | took 0ms | statement | connection 3| url jdbc:h2:mem:6a3784ae-1aa6-4bbf-b617-4d4aeabcc2af
drop sequence if exists favoritespot_seq
drop sequence if exists favoritespot_seq;
2022-10-10 13:48:01.719  INFO 3923 --- [    Test worker] p6spy                                    : #1665377281719 | took 0ms | statement | connection 3| url jdbc:h2:mem:6a3784ae-1aa6-4bbf-b617-4d4aeabcc2af
drop sequence if exists hibernate_sequence
drop sequence if exists hibernate_sequence;
2022-10-10 13:48:01.719  INFO 3923 --- [    Test worker] p6spy                                    : #1665377281719 | took 0ms | statement | connection 3| url jdbc:h2:mem:6a3784ae-1aa6-4bbf-b617-4d4aeabcc2af
drop sequence if exists member_seq
drop sequence if exists member_seq;
2022-10-10 13:48:01.719  INFO 3923 --- [    Test worker] p6spy                                    : #1665377281719 | took 0ms | statement | connection 3| url jdbc:h2:mem:6a3784ae-1aa6-4bbf-b617-4d4aeabcc2af
drop sequence if exists review_seq
drop sequence if exists review_seq;
2022-10-10 13:48:01.719  INFO 3923 --- [    Test worker] p6spy                                    : #1665377281719 | took 0ms | statement | connection 3| url jdbc:h2:mem:6a3784ae-1aa6-4bbf-b617-4d4aeabcc2af
drop sequence if exists score_seq
drop sequence if exists score_seq;
2022-10-10 13:48:01.719  INFO 3923 --- [    Test worker] p6spy                                    : #1665377281719 | took 0ms | statement | connection 3| url jdbc:h2:mem:6a3784ae-1aa6-4bbf-b617-4d4aeabcc2af
drop sequence if exists spot_seq
drop sequence if exists spot_seq;
2022-10-10 13:48:01.721  INFO 3923 --- [    Test worker] p6spy                                    : #1665377281721 | took 0ms | statement | connection 4| url jdbc:h2:mem:6a3784ae-1aa6-4bbf-b617-4d4aeabcc2af
create sequence favorite_seq start with 1 increment by 50
create sequence favorite_seq start with 1 increment by 50;
2022-10-10 13:48:01.722  INFO 3923 --- [    Test worker] p6spy                                    : #1665377281722 | took 0ms | statement | connection 4| url jdbc:h2:mem:6a3784ae-1aa6-4bbf-b617-4d4aeabcc2af
create sequence favoritespot_seq start with 1 increment by 50
create sequence favoritespot_seq start with 1 increment by 50;
2022-10-10 13:48:01.722  INFO 3923 --- [    Test worker] p6spy                                    : #1665377281722 | took 0ms | statement | connection 4| url jdbc:h2:mem:6a3784ae-1aa6-4bbf-b617-4d4aeabcc2af
create sequence hibernate_sequence start with 1 increment by 1
create sequence hibernate_sequence start with 1 increment by 1;
2022-10-10 13:48:01.722  INFO 3923 --- [    Test worker] p6spy                                    : #1665377281722 | took 0ms | statement | connection 4| url jdbc:h2:mem:6a3784ae-1aa6-4bbf-b617-4d4aeabcc2af
create sequence member_seq start with 1 increment by 50
create sequence member_seq start with 1 increment by 50;
2022-10-10 13:48:01.722  INFO 3923 --- [    Test worker] p6spy                                    : #1665377281722 | took 0ms | statement | connection 4| url jdbc:h2:mem:6a3784ae-1aa6-4bbf-b617-4d4aeabcc2af
create sequence review_seq start with 1 increment by 50
create sequence review_seq start with 1 increment by 50;
2022-10-10 13:48:01.723  INFO 3923 --- [    Test worker] p6spy                                    : #1665377281723 | took 0ms | statement | connection 4| url jdbc:h2:mem:6a3784ae-1aa6-4bbf-b617-4d4aeabcc2af
create sequence score_seq start with 1 increment by 50
create sequence score_seq start with 1 increment by 50;
2022-10-10 13:48:01.723  INFO 3923 --- [    Test worker] p6spy                                    : #1665377281723 | took 0ms | statement | connection 4| url jdbc:h2:mem:6a3784ae-1aa6-4bbf-b617-4d4aeabcc2af
create sequence spot_seq start with 1 increment by 50
create sequence spot_seq start with 1 increment by 50;
2022-10-10 13:48:01.726  INFO 3923 --- [    Test worker] p6spy                                    : #1665377281726 | took 2ms | statement | connection 4| url jdbc:h2:mem:6a3784ae-1aa6-4bbf-b617-4d4aeabcc2af
create table favorite (favorite_id bigint not null, name varchar(255), member_id bigint, primary key (favorite_id))
create table favorite (favorite_id bigint not null, name varchar(255), member_id bigint, primary key (favorite_id));
2022-10-10 13:48:01.727  INFO 3923 --- [    Test worker] p6spy                                    : #1665377281727 | took 0ms | statement | connection 4| url jdbc:h2:mem:6a3784ae-1aa6-4bbf-b617-4d4aeabcc2af
create table favorite_spot (favorite_spot_id bigint not null, count integer not null, favorite_id bigint, spot_id bigint, primary key (favorite_spot_id))
create table favorite_spot (favorite_spot_id bigint not null, count integer not null, favorite_id bigint, spot_id bigint, primary key (favorite_spot_id));
2022-10-10 13:48:01.727  INFO 3923 --- [    Test worker] p6spy                                    : #1665377281727 | took 0ms | statement | connection 4| url jdbc:h2:mem:6a3784ae-1aa6-4bbf-b617-4d4aeabcc2af
create table member (member_id bigint not null, created_date timestamp, last_modified_date timestamp, created_by varchar(255), last_modified_by varchar(255), email varchar(255), password varchar(255), refresh_token varchar(255), role varchar(255), username varchar(255), primary key (member_id))
create table member (member_id bigint not null, created_date timestamp, last_modified_date timestamp, created_by varchar(255), last_modified_by varchar(255), email varchar(255), password varchar(255), refresh_token varchar(255), role varchar(255), username varchar(255), primary key (member_id));
2022-10-10 13:48:01.728  INFO 3923 --- [    Test worker] p6spy                                    : #1665377281728 | took 0ms | statement | connection 4| url jdbc:h2:mem:6a3784ae-1aa6-4bbf-b617-4d4aeabcc2af
create table member_spot (member_spot_id bigint not null, score double, member_id bigint, spot_id bigint, primary key (member_spot_id))
create table member_spot (member_spot_id bigint not null, score double, member_id bigint, spot_id bigint, primary key (member_spot_id));
2022-10-10 13:48:01.728  INFO 3923 --- [    Test worker] p6spy                                    : #1665377281728 | took 0ms | statement | connection 4| url jdbc:h2:mem:6a3784ae-1aa6-4bbf-b617-4d4aeabcc2af
create table picture (picture_id bigint not null, url clob, spot_id bigint, primary key (picture_id))
create table picture (picture_id bigint not null, url clob, spot_id bigint, primary key (picture_id));
2022-10-10 13:48:01.729  INFO 3923 --- [    Test worker] p6spy                                    : #1665377281729 | took 0ms | statement | connection 4| url jdbc:h2:mem:6a3784ae-1aa6-4bbf-b617-4d4aeabcc2af
create table review (review_id bigint not null, content clob, spot_id bigint, primary key (review_id))
create table review (review_id bigint not null, content clob, spot_id bigint, primary key (review_id));
2022-10-10 13:48:01.730  INFO 3923 --- [    Test worker] p6spy                                    : #1665377281730 | took 0ms | statement | connection 4| url jdbc:h2:mem:6a3784ae-1aa6-4bbf-b617-4d4aeabcc2af
create table score (score_id bigint not null, facility_rank double, facility_score double, price_rank double, price_score double, rank_average double, surround_rank double, surround_score double, view_rank double, view_score double, primary key (score_id))
create table score (score_id bigint not null, facility_rank double, facility_score double, price_rank double, price_score double, rank_average double, surround_rank double, surround_score double, view_rank double, view_score double, primary key (score_id));
2022-10-10 13:48:01.730  INFO 3923 --- [    Test worker] p6spy                                    : #1665377281730 | took 0ms | statement | connection 4| url jdbc:h2:mem:6a3784ae-1aa6-4bbf-b617-4d4aeabcc2af
create table spot (spot_id bigint not null, address varchar(255), description clob, location varchar(255), name varchar(255), score_id bigint, primary key (spot_id))
create table spot (spot_id bigint not null, address varchar(255), description clob, location varchar(255), name varchar(255), score_id bigint, primary key (spot_id));
2022-10-10 13:48:01.735  INFO 3923 --- [    Test worker] p6spy                                    : #1665377281735 | took 4ms | statement | connection 4| url jdbc:h2:mem:6a3784ae-1aa6-4bbf-b617-4d4aeabcc2af
alter table favorite add constraint FK5w3q9ljpthkixo71hetx3ired foreign key (member_id) references member
alter table favorite add constraint FK5w3q9ljpthkixo71hetx3ired foreign key (member_id) references member;
2022-10-10 13:48:01.736  INFO 3923 --- [    Test worker] p6spy                                    : #1665377281736 | took 0ms | statement | connection 4| url jdbc:h2:mem:6a3784ae-1aa6-4bbf-b617-4d4aeabcc2af
alter table favorite_spot add constraint FKnu53qqljw7fls7xwqrnv1k05k foreign key (favorite_id) references favorite
alter table favorite_spot add constraint FKnu53qqljw7fls7xwqrnv1k05k foreign key (favorite_id) references favorite;
2022-10-10 13:48:01.737  INFO 3923 --- [    Test worker] p6spy                                    : #1665377281737 | took 0ms | statement | connection 4| url jdbc:h2:mem:6a3784ae-1aa6-4bbf-b617-4d4aeabcc2af
alter table favorite_spot add constraint FK6xula6i2dtvmobe4y3fahchpk foreign key (spot_id) references spot
alter table favorite_spot add constraint FK6xula6i2dtvmobe4y3fahchpk foreign key (spot_id) references spot;
2022-10-10 13:48:01.738  INFO 3923 --- [    Test worker] p6spy                                    : #1665377281738 | took 0ms | statement | connection 4| url jdbc:h2:mem:6a3784ae-1aa6-4bbf-b617-4d4aeabcc2af
alter table member_spot add constraint FK92xw3mgtk0vd1wolgw5do0m38 foreign key (member_id) references member
alter table member_spot add constraint FK92xw3mgtk0vd1wolgw5do0m38 foreign key (member_id) references member;
2022-10-10 13:48:01.739  INFO 3923 --- [    Test worker] p6spy                                    : #1665377281739 | took 0ms | statement | connection 4| url jdbc:h2:mem:6a3784ae-1aa6-4bbf-b617-4d4aeabcc2af
alter table member_spot add constraint FKmw9mig1h9hj4h51c5uaubl2mv foreign key (spot_id) references spot
alter table member_spot add constraint FKmw9mig1h9hj4h51c5uaubl2mv foreign key (spot_id) references spot;
2022-10-10 13:48:01.740  INFO 3923 --- [    Test worker] p6spy                                    : #1665377281740 | took 0ms | statement | connection 4| url jdbc:h2:mem:6a3784ae-1aa6-4bbf-b617-4d4aeabcc2af
alter table picture add constraint FKcfsmw2afskeede7bm8ft5peue foreign key (spot_id) references spot
alter table picture add constraint FKcfsmw2afskeede7bm8ft5peue foreign key (spot_id) references spot;
2022-10-10 13:48:01.741  INFO 3923 --- [    Test worker] p6spy                                    : #1665377281741 | took 1ms | statement | connection 4| url jdbc:h2:mem:6a3784ae-1aa6-4bbf-b617-4d4aeabcc2af
alter table review add constraint FKdbuk0k3a1m7onbgkkm7yinebr foreign key (spot_id) references spot
alter table review add constraint FKdbuk0k3a1m7onbgkkm7yinebr foreign key (spot_id) references spot;
2022-10-10 13:48:01.742  INFO 3923 --- [    Test worker] p6spy                                    : #1665377281742 | took 1ms | statement | connection 4| url jdbc:h2:mem:6a3784ae-1aa6-4bbf-b617-4d4aeabcc2af
alter table spot add constraint FKsgrd6l8ytoy7arpulxhtddhpp foreign key (score_id) references score
alter table spot add constraint FKsgrd6l8ytoy7arpulxhtddhpp foreign key (score_id) references score;
2022-10-10 13:48:01.744  INFO 3923 --- [    Test worker] o.h.e.t.j.p.i.JtaPlatformInitiator       : HHH000490: Using JtaPlatform implementation: [org.hibernate.engine.transaction.jta.platform.internal.NoJtaPlatform]
2022-10-10 13:48:01.748  INFO 3923 --- [    Test worker] j.LocalContainerEntityManagerFactoryBean : Initialized JPA EntityManagerFactory for persistence unit 'default'
2022-10-10 13:48:02.751  WARN 3923 --- [    Test worker] JpaBaseConfiguration$JpaWebConfiguration : spring.jpa.open-in-view is enabled by default. Therefore, database queries may be performed during view rendering. Explicitly configure spring.jpa.open-in-view to disable this warning
2022-10-10 13:48:03.053  WARN 3923 --- [    Test worker] o.s.s.c.a.web.builders.WebSecurity       : You are asking Spring Security to ignore org.springframework.boot.autoconfigure.security.servlet.StaticResourceRequest$StaticResourceRequestMatcher@3e02988. This is not recommended -- please use permitAll via HttpSecurity#authorizeHttpRequests instead.
2022-10-10 13:48:03.053  INFO 3923 --- [    Test worker] o.s.s.web.DefaultSecurityFilterChain     : Will secure org.springframework.boot.autoconfigure.security.servlet.StaticResourceRequest$StaticResourceRequestMatcher@3e02988 with []
2022-10-10 13:48:03.090  INFO 3923 --- [    Test worker] o.s.s.web.DefaultSecurityFilterChain     : Will not secure any request
2022-10-10 13:48:03.384  INFO 3923 --- [    Test worker] c.j.domain.Service.FavoriteServiceTest   : Started FavoriteServiceTest in 3.831 seconds (JVM running for 4.52)
2022-10-10 13:48:03.400  INFO 3923 --- [    Test worker] o.s.t.c.transaction.TransactionContext   : Began transaction (1) for test context [DefaultTestContext@4a67318f testClass = FavoriteServiceTest, testInstance = capstone.jejuTourrecommend.domain.Service.FavoriteServiceTest@1c1bc904, testMethod = deleteFavoriteListTest@FavoriteServiceTest, testException = [null], mergedContextConfiguration = [WebMergedContextConfiguration@315ba14a testClass = FavoriteServiceTest, locations = '{}', classes = '{class capstone.jejuTourrecommend.JejuTourRecommendApplication}', contextInitializerClasses = '[]', activeProfiles = '{}', propertySourceLocations = '{}', propertySourceProperties = '{org.springframework.boot.test.context.SpringBootTestContextBootstrapper=true}', contextCustomizers = set[org.springframework.boot.test.autoconfigure.actuate.metrics.MetricsExportContextCustomizerFactory$DisableMetricExportContextCustomizer@239b0f9d, org.springframework.boot.test.autoconfigure.properties.PropertyMappingContextCustomizer@0, org.springframework.boot.test.autoconfigure.web.servlet.WebDriverContextCustomizerFactory$Customizer@c260bdc, org.springframework.boot.test.context.filter.ExcludeFilterContextCustomizer@3f363cf5, org.springframework.boot.test.json.DuplicateJsonObjectContextCustomizerFactory$DuplicateJsonObjectContextCustomizer@1bb1fde8, org.springframework.boot.test.mock.mockito.MockitoContextCustomizer@0, org.springframework.boot.test.web.client.TestRestTemplateContextCustomizer@26a4842b, org.springframework.boot.test.context.SpringBootTestArgs@1, org.springframework.boot.test.context.SpringBootTestWebEnvironment@34b9f960], resourceBasePath = 'src/main/webapp', contextLoader = 'org.springframework.boot.test.context.SpringBootContextLoader', parent = [null]], attributes = map['org.springframework.test.context.web.ServletTestExecutionListener.activateListener' -> true, 'org.springframework.test.context.web.ServletTestExecutionListener.populatedRequestContextHolder' -> true, 'org.springframework.test.context.web.ServletTestExecutionListener.resetRequestContextHolder' -> true, 'org.springframework.test.context.event.ApplicationEventsTestExecutionListener.recordApplicationEvents' -> false]]; transaction manager [org.springframework.orm.jpa.JpaTransactionManager@5843ab8]; rollback [true]
2022-10-10 13:48:03.482  INFO 3923 --- [    Test worker] p6spy                                    : #1665377283482 | took 0ms | statement | connection 5| url jdbc:h2:mem:6a3784ae-1aa6-4bbf-b617-4d4aeabcc2af
call next value for member_seq
call next value for member_seq;
2022-10-10 13:48:03.484  INFO 3923 --- [    Test worker] p6spy                                    : #1665377283484 | took 0ms | statement | connection 5| url jdbc:h2:mem:6a3784ae-1aa6-4bbf-b617-4d4aeabcc2af
call next value for member_seq
call next value for member_seq;
2022-10-10 13:48:03.496  INFO 3923 --- [    Test worker] p6spy                                    : #1665377283496 | took 0ms | statement | connection 5| url jdbc:h2:mem:6a3784ae-1aa6-4bbf-b617-4d4aeabcc2af
call next value for favorite_seq
call next value for favorite_seq;
2022-10-10 13:48:03.496  INFO 3923 --- [    Test worker] p6spy                                    : #1665377283496 | took 0ms | statement | connection 5| url jdbc:h2:mem:6a3784ae-1aa6-4bbf-b617-4d4aeabcc2af
call next value for favorite_seq
call next value for favorite_seq;
2022-10-10 13:48:03.497  INFO 3923 --- [    Test worker] c.j.domain.Service.FavoriteServiceTest   : favorite1 = Favorite(id=1, name=1일차)
2022-10-10 13:48:03.500  INFO 3923 --- [    Test worker] c.j.domain.Service.FavoriteServiceTest   : favorite5 = Favorite(id=5, name=5일차)
2022-10-10 13:48:03.501  INFO 3923 --- [    Test worker] p6spy                                    : #1665377283501 | took 0ms | statement | connection 5| url jdbc:h2:mem:6a3784ae-1aa6-4bbf-b617-4d4aeabcc2af
call next value for spot_seq
call next value for spot_seq;
2022-10-10 13:48:03.501  INFO 3923 --- [    Test worker] p6spy                                    : #1665377283501 | took 0ms | statement | connection 5| url jdbc:h2:mem:6a3784ae-1aa6-4bbf-b617-4d4aeabcc2af
call next value for spot_seq
call next value for spot_seq;
2022-10-10 13:48:03.503  INFO 3923 --- [    Test worker] c.j.domain.Service.FavoriteServiceTest   : spot0 = capstone.jejuTourrecommend.domain.Spot@62f47cac
2022-10-10 13:48:03.503  INFO 3923 --- [    Test worker] c.j.domain.Service.FavoriteServiceTest   : spot14 = capstone.jejuTourrecommend.domain.Spot@7f2d681a
2022-10-10 13:48:03.503  INFO 3923 --- [    Test worker] p6spy                                    : #1665377283503 | took 0ms | statement | connection 5| url jdbc:h2:mem:6a3784ae-1aa6-4bbf-b617-4d4aeabcc2af
call next value for favoritespot_seq
call next value for favoritespot_seq;
2022-10-10 13:48:03.504  INFO 3923 --- [    Test worker] p6spy                                    : #1665377283504 | took 0ms | statement | connection 5| url jdbc:h2:mem:6a3784ae-1aa6-4bbf-b617-4d4aeabcc2af
call next value for favoritespot_seq
call next value for favoritespot_seq;
2022-10-10 13:48:03.504  INFO 3923 --- [    Test worker] p6spy                                    : #1665377283504 | took 0ms | statement | connection 5| url jdbc:h2:mem:6a3784ae-1aa6-4bbf-b617-4d4aeabcc2af
call next value for hibernate_sequence
call next value for hibernate_sequence;
2022-10-10 13:48:03.505  INFO 3923 --- [    Test worker] p6spy                                    : #1665377283505 | took 0ms | statement | connection 5| url jdbc:h2:mem:6a3784ae-1aa6-4bbf-b617-4d4aeabcc2af
call next value for hibernate_sequence
call next value for hibernate_sequence;
2022-10-10 13:48:03.505  INFO 3923 --- [    Test worker] p6spy                                    : #1665377283505 | took 0ms | statement | connection 5| url jdbc:h2:mem:6a3784ae-1aa6-4bbf-b617-4d4aeabcc2af
call next value for hibernate_sequence
call next value for hibernate_sequence;
2022-10-10 13:48:03.505  INFO 3923 --- [    Test worker] p6spy                                    : #1665377283505 | took 0ms | statement | connection 5| url jdbc:h2:mem:6a3784ae-1aa6-4bbf-b617-4d4aeabcc2af
call next value for hibernate_sequence
call next value for hibernate_sequence;
2022-10-10 13:48:03.505  INFO 3923 --- [    Test worker] p6spy                                    : #1665377283505 | took 0ms | statement | connection 5| url jdbc:h2:mem:6a3784ae-1aa6-4bbf-b617-4d4aeabcc2af
call next value for hibernate_sequence
call next value for hibernate_sequence;
2022-10-10 13:48:03.506  INFO 3923 --- [    Test worker] p6spy                                    : #1665377283506 | took 0ms | statement | connection 5| url jdbc:h2:mem:6a3784ae-1aa6-4bbf-b617-4d4aeabcc2af
call next value for hibernate_sequence
call next value for hibernate_sequence;
2022-10-10 13:48:03.506  INFO 3923 --- [    Test worker] p6spy                                    : #1665377283506 | took 0ms | statement | connection 5| url jdbc:h2:mem:6a3784ae-1aa6-4bbf-b617-4d4aeabcc2af
call next value for hibernate_sequence
call next value for hibernate_sequence;
2022-10-10 13:48:03.506  INFO 3923 --- [    Test worker] p6spy                                    : #1665377283506 | took 0ms | statement | connection 5| url jdbc:h2:mem:6a3784ae-1aa6-4bbf-b617-4d4aeabcc2af
call next value for hibernate_sequence
call next value for hibernate_sequence;
2022-10-10 13:48:03.506  INFO 3923 --- [    Test worker] p6spy                                    : #1665377283506 | took 0ms | statement | connection 5| url jdbc:h2:mem:6a3784ae-1aa6-4bbf-b617-4d4aeabcc2af
call next value for hibernate_sequence
call next value for hibernate_sequence;
2022-10-10 13:48:03.507  INFO 3923 --- [    Test worker] p6spy                                    : #1665377283507 | took 0ms | statement | connection 5| url jdbc:h2:mem:6a3784ae-1aa6-4bbf-b617-4d4aeabcc2af
call next value for hibernate_sequence
call next value for hibernate_sequence;
2022-10-10 13:48:03.507  INFO 3923 --- [    Test worker] p6spy                                    : #1665377283507 | took 0ms | statement | connection 5| url jdbc:h2:mem:6a3784ae-1aa6-4bbf-b617-4d4aeabcc2af
call next value for hibernate_sequence
call next value for hibernate_sequence;
2022-10-10 13:48:03.508  INFO 3923 --- [    Test worker] p6spy                                    : #1665377283508 | took 0ms | statement | connection 5| url jdbc:h2:mem:6a3784ae-1aa6-4bbf-b617-4d4aeabcc2af
call next value for hibernate_sequence
call next value for hibernate_sequence;
2022-10-10 13:48:03.508  INFO 3923 --- [    Test worker] p6spy                                    : #1665377283508 | took 0ms | statement | connection 5| url jdbc:h2:mem:6a3784ae-1aa6-4bbf-b617-4d4aeabcc2af
call next value for hibernate_sequence
call next value for hibernate_sequence;
2022-10-10 13:48:03.508  INFO 3923 --- [    Test worker] p6spy                                    : #1665377283508 | took 0ms | statement | connection 5| url jdbc:h2:mem:6a3784ae-1aa6-4bbf-b617-4d4aeabcc2af
call next value for hibernate_sequence
call next value for hibernate_sequence;
2022-10-10 13:48:03.508  INFO 3923 --- [    Test worker] p6spy                                    : #1665377283508 | took 0ms | statement | connection 5| url jdbc:h2:mem:6a3784ae-1aa6-4bbf-b617-4d4aeabcc2af
call next value for hibernate_sequence
call next value for hibernate_sequence;
2022-10-10 13:48:03.545  INFO 3923 --- [    Test worker] p6spy                                    : #1665377283545 | took 0ms | statement | connection 5| url jdbc:h2:mem:6a3784ae-1aa6-4bbf-b617-4d4aeabcc2af
insert into member (created_date, last_modified_date, created_by, last_modified_by, email, password, refresh_token, role, username, member_id) values (?, ?, ?, ?, ?, ?, ?, ?, ?, ?)
insert into member (created_date, last_modified_date, created_by, last_modified_by, email, password, refresh_token, role, username, member_id) values ('2022-10-10T13:48:03.480+0900', '2022-10-10T13:48:03.480+0900', 'e012e3ad-ba4c-4591-8df7-6a920ba22c5e', 'e012e3ad-ba4c-4591-8df7-6a920ba22c5e', 'em@naver.com', '1234', NULL, NULL, 'leoJoo', 1);
2022-10-10 13:48:03.547  INFO 3923 --- [    Test worker] p6spy                                    : #1665377283547 | took 0ms | statement | connection 5| url jdbc:h2:mem:6a3784ae-1aa6-4bbf-b617-4d4aeabcc2af
insert into favorite (member_id, name, favorite_id) values (?, ?, ?)
insert into favorite (member_id, name, favorite_id) values (1, '1일차', 1);
2022-10-10 13:48:03.547  INFO 3923 --- [    Test worker] p6spy                                    : #1665377283547 | took 0ms | statement | connection 5| url jdbc:h2:mem:6a3784ae-1aa6-4bbf-b617-4d4aeabcc2af
insert into favorite (member_id, name, favorite_id) values (?, ?, ?)
insert into favorite (member_id, name, favorite_id) values (1, '2일차', 2);
2022-10-10 13:48:03.547  INFO 3923 --- [    Test worker] p6spy                                    : #1665377283547 | took 0ms | statement | connection 5| url jdbc:h2:mem:6a3784ae-1aa6-4bbf-b617-4d4aeabcc2af
insert into favorite (member_id, name, favorite_id) values (?, ?, ?)
insert into favorite (member_id, name, favorite_id) values (1, '3일차', 3);
2022-10-10 13:48:03.548  INFO 3923 --- [    Test worker] p6spy                                    : #1665377283548 | took 0ms | statement | connection 5| url jdbc:h2:mem:6a3784ae-1aa6-4bbf-b617-4d4aeabcc2af
insert into favorite (member_id, name, favorite_id) values (?, ?, ?)
insert into favorite (member_id, name, favorite_id) values (1, '4일차', 4);
2022-10-10 13:48:03.548  INFO 3923 --- [    Test worker] p6spy                                    : #1665377283548 | took 0ms | statement | connection 5| url jdbc:h2:mem:6a3784ae-1aa6-4bbf-b617-4d4aeabcc2af
insert into favorite (member_id, name, favorite_id) values (?, ?, ?)
insert into favorite (member_id, name, favorite_id) values (1, '5일차', 5);
2022-10-10 13:48:03.548  INFO 3923 --- [    Test worker] p6spy                                    : #1665377283548 | took 0ms | statement | connection 5| url jdbc:h2:mem:6a3784ae-1aa6-4bbf-b617-4d4aeabcc2af
insert into spot (address, description, location, name, score_id, spot_id) values (?, ?, ?, ?, ?, ?)
insert into spot (address, description, location, name, score_id, spot_id) values (NULL, NULL, NULL, '관광지 0', NULL, 1);
2022-10-10 13:48:03.549  INFO 3923 --- [    Test worker] p6spy                                    : #1665377283549 | took 0ms | statement | connection 5| url jdbc:h2:mem:6a3784ae-1aa6-4bbf-b617-4d4aeabcc2af
insert into spot (address, description, location, name, score_id, spot_id) values (?, ?, ?, ?, ?, ?)
insert into spot (address, description, location, name, score_id, spot_id) values (NULL, NULL, NULL, '관광지 1', NULL, 2);
2022-10-10 13:48:03.549  INFO 3923 --- [    Test worker] p6spy                                    : #1665377283549 | took 0ms | statement | connection 5| url jdbc:h2:mem:6a3784ae-1aa6-4bbf-b617-4d4aeabcc2af
insert into spot (address, description, location, name, score_id, spot_id) values (?, ?, ?, ?, ?, ?)
insert into spot (address, description, location, name, score_id, spot_id) values (NULL, NULL, NULL, '관광지 2', NULL, 3);
2022-10-10 13:48:03.549  INFO 3923 --- [    Test worker] p6spy                                    : #1665377283549 | took 0ms | statement | connection 5| url jdbc:h2:mem:6a3784ae-1aa6-4bbf-b617-4d4aeabcc2af
insert into spot (address, description, location, name, score_id, spot_id) values (?, ?, ?, ?, ?, ?)
insert into spot (address, description, location, name, score_id, spot_id) values (NULL, NULL, NULL, '관광지 3', NULL, 4);
2022-10-10 13:48:03.550  INFO 3923 --- [    Test worker] p6spy                                    : #1665377283549 | took 0ms | statement | connection 5| url jdbc:h2:mem:6a3784ae-1aa6-4bbf-b617-4d4aeabcc2af
insert into spot (address, description, location, name, score_id, spot_id) values (?, ?, ?, ?, ?, ?)
insert into spot (address, description, location, name, score_id, spot_id) values (NULL, NULL, NULL, '관광지 4', NULL, 5);
2022-10-10 13:48:03.550  INFO 3923 --- [    Test worker] p6spy                                    : #1665377283550 | took 0ms | statement | connection 5| url jdbc:h2:mem:6a3784ae-1aa6-4bbf-b617-4d4aeabcc2af
insert into spot (address, description, location, name, score_id, spot_id) values (?, ?, ?, ?, ?, ?)
insert into spot (address, description, location, name, score_id, spot_id) values (NULL, NULL, NULL, '관광지 5', NULL, 6);
2022-10-10 13:48:03.550  INFO 3923 --- [    Test worker] p6spy                                    : #1665377283550 | took 0ms | statement | connection 5| url jdbc:h2:mem:6a3784ae-1aa6-4bbf-b617-4d4aeabcc2af
insert into spot (address, description, location, name, score_id, spot_id) values (?, ?, ?, ?, ?, ?)
insert into spot (address, description, location, name, score_id, spot_id) values (NULL, NULL, NULL, '관광지 6', NULL, 7);
2022-10-10 13:48:03.550  INFO 3923 --- [    Test worker] p6spy                                    : #1665377283550 | took 0ms | statement | connection 5| url jdbc:h2:mem:6a3784ae-1aa6-4bbf-b617-4d4aeabcc2af
insert into spot (address, description, location, name, score_id, spot_id) values (?, ?, ?, ?, ?, ?)
insert into spot (address, description, location, name, score_id, spot_id) values (NULL, NULL, NULL, '관광지 7', NULL, 8);
2022-10-10 13:48:03.551  INFO 3923 --- [    Test worker] p6spy                                    : #1665377283551 | took 0ms | statement | connection 5| url jdbc:h2:mem:6a3784ae-1aa6-4bbf-b617-4d4aeabcc2af
insert into spot (address, description, location, name, score_id, spot_id) values (?, ?, ?, ?, ?, ?)
insert into spot (address, description, location, name, score_id, spot_id) values (NULL, NULL, NULL, '관광지 8', NULL, 9);
2022-10-10 13:48:03.551  INFO 3923 --- [    Test worker] p6spy                                    : #1665377283551 | took 0ms | statement | connection 5| url jdbc:h2:mem:6a3784ae-1aa6-4bbf-b617-4d4aeabcc2af
insert into spot (address, description, location, name, score_id, spot_id) values (?, ?, ?, ?, ?, ?)
insert into spot (address, description, location, name, score_id, spot_id) values (NULL, NULL, NULL, '관광지 9', NULL, 10);
2022-10-10 13:48:03.551  INFO 3923 --- [    Test worker] p6spy                                    : #1665377283551 | took 0ms | statement | connection 5| url jdbc:h2:mem:6a3784ae-1aa6-4bbf-b617-4d4aeabcc2af
insert into spot (address, description, location, name, score_id, spot_id) values (?, ?, ?, ?, ?, ?)
insert into spot (address, description, location, name, score_id, spot_id) values (NULL, NULL, NULL, '관광지 10', NULL, 11);
2022-10-10 13:48:03.552  INFO 3923 --- [    Test worker] p6spy                                    : #1665377283552 | took 0ms | statement | connection 5| url jdbc:h2:mem:6a3784ae-1aa6-4bbf-b617-4d4aeabcc2af
insert into spot (address, description, location, name, score_id, spot_id) values (?, ?, ?, ?, ?, ?)
insert into spot (address, description, location, name, score_id, spot_id) values (NULL, NULL, NULL, '관광지 11', NULL, 12);
2022-10-10 13:48:03.552  INFO 3923 --- [    Test worker] p6spy                                    : #1665377283552 | took 0ms | statement | connection 5| url jdbc:h2:mem:6a3784ae-1aa6-4bbf-b617-4d4aeabcc2af
insert into spot (address, description, location, name, score_id, spot_id) values (?, ?, ?, ?, ?, ?)
insert into spot (address, description, location, name, score_id, spot_id) values (NULL, NULL, NULL, '관광지 12', NULL, 13);
2022-10-10 13:48:03.552  INFO 3923 --- [    Test worker] p6spy                                    : #1665377283552 | took 0ms | statement | connection 5| url jdbc:h2:mem:6a3784ae-1aa6-4bbf-b617-4d4aeabcc2af
insert into spot (address, description, location, name, score_id, spot_id) values (?, ?, ?, ?, ?, ?)
insert into spot (address, description, location, name, score_id, spot_id) values (NULL, NULL, NULL, '관광지 13', NULL, 14);
2022-10-10 13:48:03.552  INFO 3923 --- [    Test worker] p6spy                                    : #1665377283552 | took 0ms | statement | connection 5| url jdbc:h2:mem:6a3784ae-1aa6-4bbf-b617-4d4aeabcc2af
insert into spot (address, description, location, name, score_id, spot_id) values (?, ?, ?, ?, ?, ?)
insert into spot (address, description, location, name, score_id, spot_id) values (NULL, NULL, NULL, '관광지 14', NULL, 15);
2022-10-10 13:48:03.553  INFO 3923 --- [    Test worker] p6spy                                    : #1665377283553 | took 0ms | statement | connection 5| url jdbc:h2:mem:6a3784ae-1aa6-4bbf-b617-4d4aeabcc2af
insert into favorite_spot (count, favorite_id, spot_id, favorite_spot_id) values (?, ?, ?, ?)
insert into favorite_spot (count, favorite_id, spot_id, favorite_spot_id) values (0, 1, 1, 1);
2022-10-10 13:48:03.555  INFO 3923 --- [    Test worker] p6spy                                    : #1665377283555 | took 0ms | statement | connection 5| url jdbc:h2:mem:6a3784ae-1aa6-4bbf-b617-4d4aeabcc2af
insert into picture (spot_id, url, picture_id) values (?, ?, ?)
insert into picture (spot_id, url, picture_id) values (1, 'java.io.StringReader@142dbf1a', 1);
2022-10-10 13:48:03.555  INFO 3923 --- [    Test worker] p6spy                                    : #1665377283555 | took 0ms | statement | connection 5| url jdbc:h2:mem:6a3784ae-1aa6-4bbf-b617-4d4aeabcc2af
insert into favorite_spot (count, favorite_id, spot_id, favorite_spot_id) values (?, ?, ?, ?)
insert into favorite_spot (count, favorite_id, spot_id, favorite_spot_id) values (0, 1, 2, 2);
2022-10-10 13:48:03.555  INFO 3923 --- [    Test worker] p6spy                                    : #1665377283555 | took 0ms | statement | connection 5| url jdbc:h2:mem:6a3784ae-1aa6-4bbf-b617-4d4aeabcc2af
insert into picture (spot_id, url, picture_id) values (?, ?, ?)
insert into picture (spot_id, url, picture_id) values (2, 'java.io.StringReader@7061a5e7', 2);
2022-10-10 13:48:03.556  INFO 3923 --- [    Test worker] p6spy                                    : #1665377283556 | took 0ms | statement | connection 5| url jdbc:h2:mem:6a3784ae-1aa6-4bbf-b617-4d4aeabcc2af
insert into favorite_spot (count, favorite_id, spot_id, favorite_spot_id) values (?, ?, ?, ?)
insert into favorite_spot (count, favorite_id, spot_id, favorite_spot_id) values (0, 1, 3, 3);
2022-10-10 13:48:03.556  INFO 3923 --- [    Test worker] p6spy                                    : #1665377283556 | took 0ms | statement | connection 5| url jdbc:h2:mem:6a3784ae-1aa6-4bbf-b617-4d4aeabcc2af
insert into picture (spot_id, url, picture_id) values (?, ?, ?)
insert into picture (spot_id, url, picture_id) values (3, 'java.io.StringReader@f243d5c', 3);
2022-10-10 13:48:03.556  INFO 3923 --- [    Test worker] p6spy                                    : #1665377283556 | took 0ms | statement | connection 5| url jdbc:h2:mem:6a3784ae-1aa6-4bbf-b617-4d4aeabcc2af
insert into favorite_spot (count, favorite_id, spot_id, favorite_spot_id) values (?, ?, ?, ?)
insert into favorite_spot (count, favorite_id, spot_id, favorite_spot_id) values (0, 1, 4, 4);
2022-10-10 13:48:03.556  INFO 3923 --- [    Test worker] p6spy                                    : #1665377283556 | took 0ms | statement | connection 5| url jdbc:h2:mem:6a3784ae-1aa6-4bbf-b617-4d4aeabcc2af
insert into picture (spot_id, url, picture_id) values (?, ?, ?)
insert into picture (spot_id, url, picture_id) values (4, 'java.io.StringReader@1871068d', 4);
2022-10-10 13:48:03.557  INFO 3923 --- [    Test worker] p6spy                                    : #1665377283557 | took 0ms | statement | connection 5| url jdbc:h2:mem:6a3784ae-1aa6-4bbf-b617-4d4aeabcc2af
insert into favorite_spot (count, favorite_id, spot_id, favorite_spot_id) values (?, ?, ?, ?)
insert into favorite_spot (count, favorite_id, spot_id, favorite_spot_id) values (0, 1, 5, 5);
2022-10-10 13:48:03.557  INFO 3923 --- [    Test worker] p6spy                                    : #1665377283557 | took 0ms | statement | connection 5| url jdbc:h2:mem:6a3784ae-1aa6-4bbf-b617-4d4aeabcc2af
insert into picture (spot_id, url, picture_id) values (?, ?, ?)
insert into picture (spot_id, url, picture_id) values (5, 'java.io.StringReader@5cea34e6', 5);
2022-10-10 13:48:03.557  INFO 3923 --- [    Test worker] p6spy                                    : #1665377283557 | took 0ms | statement | connection 5| url jdbc:h2:mem:6a3784ae-1aa6-4bbf-b617-4d4aeabcc2af
insert into favorite_spot (count, favorite_id, spot_id, favorite_spot_id) values (?, ?, ?, ?)
insert into favorite_spot (count, favorite_id, spot_id, favorite_spot_id) values (0, 2, 6, 6);
2022-10-10 13:48:03.557  INFO 3923 --- [    Test worker] p6spy                                    : #1665377283557 | took 0ms | statement | connection 5| url jdbc:h2:mem:6a3784ae-1aa6-4bbf-b617-4d4aeabcc2af
insert into picture (spot_id, url, picture_id) values (?, ?, ?)
insert into picture (spot_id, url, picture_id) values (6, 'java.io.StringReader@54500139', 6);
2022-10-10 13:48:03.558  INFO 3923 --- [    Test worker] p6spy                                    : #1665377283558 | took 0ms | statement | connection 5| url jdbc:h2:mem:6a3784ae-1aa6-4bbf-b617-4d4aeabcc2af
insert into favorite_spot (count, favorite_id, spot_id, favorite_spot_id) values (?, ?, ?, ?)
insert into favorite_spot (count, favorite_id, spot_id, favorite_spot_id) values (0, 2, 7, 7);
2022-10-10 13:48:03.558  INFO 3923 --- [    Test worker] p6spy                                    : #1665377283558 | took 0ms | statement | connection 5| url jdbc:h2:mem:6a3784ae-1aa6-4bbf-b617-4d4aeabcc2af
insert into picture (spot_id, url, picture_id) values (?, ?, ?)
insert into picture (spot_id, url, picture_id) values (7, 'java.io.StringReader@3014c46f', 7);
2022-10-10 13:48:03.558  INFO 3923 --- [    Test worker] p6spy                                    : #1665377283558 | took 0ms | statement | connection 5| url jdbc:h2:mem:6a3784ae-1aa6-4bbf-b617-4d4aeabcc2af
insert into favorite_spot (count, favorite_id, spot_id, favorite_spot_id) values (?, ?, ?, ?)
insert into favorite_spot (count, favorite_id, spot_id, favorite_spot_id) values (0, 2, 8, 8);
2022-10-10 13:48:03.558  INFO 3923 --- [    Test worker] p6spy                                    : #1665377283558 | took 0ms | statement | connection 5| url jdbc:h2:mem:6a3784ae-1aa6-4bbf-b617-4d4aeabcc2af
insert into picture (spot_id, url, picture_id) values (?, ?, ?)
insert into picture (spot_id, url, picture_id) values (8, 'java.io.StringReader@527e6bd3', 8);
2022-10-10 13:48:03.559  INFO 3923 --- [    Test worker] p6spy                                    : #1665377283559 | took 0ms | statement | connection 5| url jdbc:h2:mem:6a3784ae-1aa6-4bbf-b617-4d4aeabcc2af
insert into favorite_spot (count, favorite_id, spot_id, favorite_spot_id) values (?, ?, ?, ?)
insert into favorite_spot (count, favorite_id, spot_id, favorite_spot_id) values (0, 2, 9, 9);
2022-10-10 13:48:03.559  INFO 3923 --- [    Test worker] p6spy                                    : #1665377283559 | took 0ms | statement | connection 5| url jdbc:h2:mem:6a3784ae-1aa6-4bbf-b617-4d4aeabcc2af
insert into picture (spot_id, url, picture_id) values (?, ?, ?)
insert into picture (spot_id, url, picture_id) values (9, 'java.io.StringReader@41cfcbb5', 9);
2022-10-10 13:48:03.559  INFO 3923 --- [    Test worker] p6spy                                    : #1665377283559 | took 0ms | statement | connection 5| url jdbc:h2:mem:6a3784ae-1aa6-4bbf-b617-4d4aeabcc2af
insert into favorite_spot (count, favorite_id, spot_id, favorite_spot_id) values (?, ?, ?, ?)
insert into favorite_spot (count, favorite_id, spot_id, favorite_spot_id) values (0, 2, 10, 10);
2022-10-10 13:48:03.559  INFO 3923 --- [    Test worker] p6spy                                    : #1665377283559 | took 0ms | statement | connection 5| url jdbc:h2:mem:6a3784ae-1aa6-4bbf-b617-4d4aeabcc2af
insert into picture (spot_id, url, picture_id) values (?, ?, ?)
insert into picture (spot_id, url, picture_id) values (10, 'java.io.StringReader@704c3ca2', 10);
2022-10-10 13:48:03.560  INFO 3923 --- [    Test worker] p6spy                                    : #1665377283560 | took 0ms | statement | connection 5| url jdbc:h2:mem:6a3784ae-1aa6-4bbf-b617-4d4aeabcc2af
insert into favorite_spot (count, favorite_id, spot_id, favorite_spot_id) values (?, ?, ?, ?)
insert into favorite_spot (count, favorite_id, spot_id, favorite_spot_id) values (0, 3, 11, 11);
2022-10-10 13:48:03.560  INFO 3923 --- [    Test worker] p6spy                                    : #1665377283560 | took 0ms | statement | connection 5| url jdbc:h2:mem:6a3784ae-1aa6-4bbf-b617-4d4aeabcc2af
insert into picture (spot_id, url, picture_id) values (?, ?, ?)
insert into picture (spot_id, url, picture_id) values (11, 'java.io.StringReader@256a25a8', 11);
2022-10-10 13:48:03.560  INFO 3923 --- [    Test worker] p6spy                                    : #1665377283560 | took 0ms | statement | connection 5| url jdbc:h2:mem:6a3784ae-1aa6-4bbf-b617-4d4aeabcc2af
insert into favorite_spot (count, favorite_id, spot_id, favorite_spot_id) values (?, ?, ?, ?)
insert into favorite_spot (count, favorite_id, spot_id, favorite_spot_id) values (0, 3, 12, 12);
2022-10-10 13:48:03.561  INFO 3923 --- [    Test worker] p6spy                                    : #1665377283561 | took 0ms | statement | connection 5| url jdbc:h2:mem:6a3784ae-1aa6-4bbf-b617-4d4aeabcc2af
insert into picture (spot_id, url, picture_id) values (?, ?, ?)
insert into picture (spot_id, url, picture_id) values (12, 'java.io.StringReader@292237cd', 12);
2022-10-10 13:48:03.561  INFO 3923 --- [    Test worker] p6spy                                    : #1665377283561 | took 0ms | statement | connection 5| url jdbc:h2:mem:6a3784ae-1aa6-4bbf-b617-4d4aeabcc2af
insert into favorite_spot (count, favorite_id, spot_id, favorite_spot_id) values (?, ?, ?, ?)
insert into favorite_spot (count, favorite_id, spot_id, favorite_spot_id) values (0, 3, 13, 13);
2022-10-10 13:48:03.561  INFO 3923 --- [    Test worker] p6spy                                    : #1665377283561 | took 0ms | statement | connection 5| url jdbc:h2:mem:6a3784ae-1aa6-4bbf-b617-4d4aeabcc2af
insert into picture (spot_id, url, picture_id) values (?, ?, ?)
insert into picture (spot_id, url, picture_id) values (13, 'java.io.StringReader@72e4905c', 13);
2022-10-10 13:48:03.561  INFO 3923 --- [    Test worker] p6spy                                    : #1665377283561 | took 0ms | statement | connection 5| url jdbc:h2:mem:6a3784ae-1aa6-4bbf-b617-4d4aeabcc2af
insert into favorite_spot (count, favorite_id, spot_id, favorite_spot_id) values (?, ?, ?, ?)
insert into favorite_spot (count, favorite_id, spot_id, favorite_spot_id) values (0, 3, 14, 14);
2022-10-10 13:48:03.562  INFO 3923 --- [    Test worker] p6spy                                    : #1665377283562 | took 0ms | statement | connection 5| url jdbc:h2:mem:6a3784ae-1aa6-4bbf-b617-4d4aeabcc2af
insert into picture (spot_id, url, picture_id) values (?, ?, ?)
insert into picture (spot_id, url, picture_id) values (14, 'java.io.StringReader@12f85dc8', 14);
2022-10-10 13:48:03.562  INFO 3923 --- [    Test worker] p6spy                                    : #1665377283562 | took 0ms | statement | connection 5| url jdbc:h2:mem:6a3784ae-1aa6-4bbf-b617-4d4aeabcc2af
insert into favorite_spot (count, favorite_id, spot_id, favorite_spot_id) values (?, ?, ?, ?)
insert into favorite_spot (count, favorite_id, spot_id, favorite_spot_id) values (0, 3, 15, 15);
2022-10-10 13:48:03.562  INFO 3923 --- [    Test worker] p6spy                                    : #1665377283562 | took 0ms | statement | connection 5| url jdbc:h2:mem:6a3784ae-1aa6-4bbf-b617-4d4aeabcc2af
insert into picture (spot_id, url, picture_id) values (?, ?, ?)
insert into picture (spot_id, url, picture_id) values (15, 'java.io.StringReader@522fdf0c', 15);
2022-10-10 13:48:03.566  INFO 3923 --- [    Test worker] p6spy                                    : #1665377283566 | took 0ms | statement | connection 5| url jdbc:h2:mem:6a3784ae-1aa6-4bbf-b617-4d4aeabcc2af
select favorite0_.favorite_id as favorite1_0_, favorite0_.member_id as member_i3_0_, favorite0_.name as name2_0_ from favorite favorite0_ where favorite0_.favorite_id=?
select favorite0_.favorite_id as favorite1_0_, favorite0_.member_id as member_i3_0_, favorite0_.name as name2_0_ from favorite favorite0_ where favorite0_.favorite_id=5;
2022-10-10 13:48:03.627  INFO 3923 --- [    Test worker] p6spy                                    : #1665377283627 | took 0ms | statement | connection 5| url jdbc:h2:mem:6a3784ae-1aa6-4bbf-b617-4d4aeabcc2af
delete from favorite_spot where favorite_id=?
delete from favorite_spot where favorite_id=5;
2022-10-10 13:48:03.639  INFO 3923 --- [    Test worker] p6spy                                    : #1665377283639 | took 0ms | statement | connection 5| url jdbc:h2:mem:6a3784ae-1aa6-4bbf-b617-4d4aeabcc2af
delete from favorite where favorite_id=?
delete from favorite where favorite_id=5;
2022-10-10 13:48:03.641  INFO 3923 --- [    Test worker] p6spy                                    : #1665377283641 | took 0ms | statement | connection 5| url jdbc:h2:mem:6a3784ae-1aa6-4bbf-b617-4d4aeabcc2af
select favorite0_.favorite_id as favorite1_0_, favorite0_.member_id as member_i3_0_, favorite0_.name as name2_0_ from favorite favorite0_ where favorite0_.favorite_id=?
select favorite0_.favorite_id as favorite1_0_, favorite0_.member_id as member_i3_0_, favorite0_.name as name2_0_ from favorite favorite0_ where favorite0_.favorite_id=5;
2022-10-10 13:48:03.679  INFO 3923 --- [    Test worker] p6spy                                    : #1665377283679 | took 1ms | rollback | connection 5| url jdbc:h2:mem:6a3784ae-1aa6-4bbf-b617-4d4aeabcc2af

;
2022-10-10 13:48:03.681  INFO 3923 --- [    Test worker] o.s.t.c.transaction.TransactionContext   : Rolled back transaction for test: [DefaultTestContext@4a67318f testClass = FavoriteServiceTest, testInstance = capstone.jejuTourrecommend.domain.Service.FavoriteServiceTest@1c1bc904, testMethod = deleteFavoriteListTest@FavoriteServiceTest, testException = [null], mergedContextConfiguration = [WebMergedContextConfiguration@315ba14a testClass = FavoriteServiceTest, locations = '{}', classes = '{class capstone.jejuTourrecommend.JejuTourRecommendApplication}', contextInitializerClasses = '[]', activeProfiles = '{}', propertySourceLocations = '{}', propertySourceProperties = '{org.springframework.boot.test.context.SpringBootTestContextBootstrapper=true}', contextCustomizers = set[org.springframework.boot.test.autoconfigure.actuate.metrics.MetricsExportContextCustomizerFactory$DisableMetricExportContextCustomizer@239b0f9d, org.springframework.boot.test.autoconfigure.properties.PropertyMappingContextCustomizer@0, org.springframework.boot.test.autoconfigure.web.servlet.WebDriverContextCustomizerFactory$Customizer@c260bdc, org.springframework.boot.test.context.filter.ExcludeFilterContextCustomizer@3f363cf5, org.springframework.boot.test.json.DuplicateJsonObjectContextCustomizerFactory$DuplicateJsonObjectContextCustomizer@1bb1fde8, org.springframework.boot.test.mock.mockito.MockitoContextCustomizer@0, org.springframework.boot.test.web.client.TestRestTemplateContextCustomizer@26a4842b, org.springframework.boot.test.context.SpringBootTestArgs@1, org.springframework.boot.test.context.SpringBootTestWebEnvironment@34b9f960], resourceBasePath = 'src/main/webapp', contextLoader = 'org.springframework.boot.test.context.SpringBootContextLoader', parent = [null]], attributes = map['org.springframework.test.context.web.ServletTestExecutionListener.activateListener' -> true, 'org.springframework.test.context.web.ServletTestExecutionListener.populatedRequestContextHolder' -> true, 'org.springframework.test.context.web.ServletTestExecutionListener.resetRequestContextHolder' -> true, 'org.springframework.test.context.event.ApplicationEventsTestExecutionListener.recordApplicationEvents' -> false]]
2022-10-10 13:48:03.686  INFO 3923 --- [    Test worker] o.s.t.c.transaction.TransactionContext   : Began transaction (1) for test context [DefaultTestContext@4a67318f testClass = FavoriteServiceTest, testInstance = capstone.jejuTourrecommend.domain.Service.FavoriteServiceTest@713935c8, testMethod = newFavoriteListTest@FavoriteServiceTest, testException = [null], mergedContextConfiguration = [WebMergedContextConfiguration@315ba14a testClass = FavoriteServiceTest, locations = '{}', classes = '{class capstone.jejuTourrecommend.JejuTourRecommendApplication}', contextInitializerClasses = '[]', activeProfiles = '{}', propertySourceLocations = '{}', propertySourceProperties = '{org.springframework.boot.test.context.SpringBootTestContextBootstrapper=true}', contextCustomizers = set[org.springframework.boot.test.autoconfigure.actuate.metrics.MetricsExportContextCustomizerFactory$DisableMetricExportContextCustomizer@239b0f9d, org.springframework.boot.test.autoconfigure.properties.PropertyMappingContextCustomizer@0, org.springframework.boot.test.autoconfigure.web.servlet.WebDriverContextCustomizerFactory$Customizer@c260bdc, org.springframework.boot.test.context.filter.ExcludeFilterContextCustomizer@3f363cf5, org.springframework.boot.test.json.DuplicateJsonObjectContextCustomizerFactory$DuplicateJsonObjectContextCustomizer@1bb1fde8, org.springframework.boot.test.mock.mockito.MockitoContextCustomizer@0, org.springframework.boot.test.web.client.TestRestTemplateContextCustomizer@26a4842b, org.springframework.boot.test.context.SpringBootTestArgs@1, org.springframework.boot.test.context.SpringBootTestWebEnvironment@34b9f960], resourceBasePath = 'src/main/webapp', contextLoader = 'org.springframework.boot.test.context.SpringBootContextLoader', parent = [null]], attributes = map['org.springframework.test.context.web.ServletTestExecutionListener.activateListener' -> true, 'org.springframework.test.context.web.ServletTestExecutionListener.populatedRequestContextHolder' -> true, 'org.springframework.test.context.web.ServletTestExecutionListener.resetRequestContextHolder' -> true, 'org.springframework.test.context.event.ApplicationEventsTestExecutionListener.recordApplicationEvents' -> false]]; transaction manager [org.springframework.orm.jpa.JpaTransactionManager@5843ab8]; rollback [true]
2022-10-10 13:48:03.688  INFO 3923 --- [    Test worker] c.j.domain.Service.FavoriteServiceTest   : favorite1 = Favorite(id=6, name=1일차)
2022-10-10 13:48:03.688  INFO 3923 --- [    Test worker] c.j.domain.Service.FavoriteServiceTest   : favorite5 = Favorite(id=10, name=5일차)
2022-10-10 13:48:03.690  INFO 3923 --- [    Test worker] c.j.domain.Service.FavoriteServiceTest   : spot0 = capstone.jejuTourrecommend.domain.Spot@568945a9
2022-10-10 13:48:03.690  INFO 3923 --- [    Test worker] c.j.domain.Service.FavoriteServiceTest   : spot14 = capstone.jejuTourrecommend.domain.Spot@2769d577
2022-10-10 13:48:03.690  INFO 3923 --- [    Test worker] p6spy                                    : #1665377283690 | took 0ms | statement | connection 6| url jdbc:h2:mem:6a3784ae-1aa6-4bbf-b617-4d4aeabcc2af
call next value for hibernate_sequence
call next value for hibernate_sequence;
2022-10-10 13:48:03.690  INFO 3923 --- [    Test worker] p6spy                                    : #1665377283690 | took 0ms | statement | connection 6| url jdbc:h2:mem:6a3784ae-1aa6-4bbf-b617-4d4aeabcc2af
call next value for hibernate_sequence
call next value for hibernate_sequence;
2022-10-10 13:48:03.691  INFO 3923 --- [    Test worker] p6spy                                    : #1665377283691 | took 0ms | statement | connection 6| url jdbc:h2:mem:6a3784ae-1aa6-4bbf-b617-4d4aeabcc2af
call next value for hibernate_sequence
call next value for hibernate_sequence;
2022-10-10 13:48:03.691  INFO 3923 --- [    Test worker] p6spy                                    : #1665377283691 | took 0ms | statement | connection 6| url jdbc:h2:mem:6a3784ae-1aa6-4bbf-b617-4d4aeabcc2af
call next value for hibernate_sequence
call next value for hibernate_sequence;
2022-10-10 13:48:03.691  INFO 3923 --- [    Test worker] p6spy                                    : #1665377283691 | took 0ms | statement | connection 6| url jdbc:h2:mem:6a3784ae-1aa6-4bbf-b617-4d4aeabcc2af
call next value for hibernate_sequence
call next value for hibernate_sequence;
2022-10-10 13:48:03.691  INFO 3923 --- [    Test worker] p6spy                                    : #1665377283691 | took 0ms | statement | connection 6| url jdbc:h2:mem:6a3784ae-1aa6-4bbf-b617-4d4aeabcc2af
call next value for hibernate_sequence
call next value for hibernate_sequence;
2022-10-10 13:48:03.691  INFO 3923 --- [    Test worker] p6spy                                    : #1665377283691 | took 0ms | statement | connection 6| url jdbc:h2:mem:6a3784ae-1aa6-4bbf-b617-4d4aeabcc2af
call next value for hibernate_sequence
call next value for hibernate_sequence;
2022-10-10 13:48:03.692  INFO 3923 --- [    Test worker] p6spy                                    : #1665377283692 | took 0ms | statement | connection 6| url jdbc:h2:mem:6a3784ae-1aa6-4bbf-b617-4d4aeabcc2af
call next value for hibernate_sequence
call next value for hibernate_sequence;
2022-10-10 13:48:03.692  INFO 3923 --- [    Test worker] p6spy                                    : #1665377283692 | took 0ms | statement | connection 6| url jdbc:h2:mem:6a3784ae-1aa6-4bbf-b617-4d4aeabcc2af
call next value for hibernate_sequence
call next value for hibernate_sequence;
2022-10-10 13:48:03.692  INFO 3923 --- [    Test worker] p6spy                                    : #1665377283692 | took 0ms | statement | connection 6| url jdbc:h2:mem:6a3784ae-1aa6-4bbf-b617-4d4aeabcc2af
call next value for hibernate_sequence
call next value for hibernate_sequence;
2022-10-10 13:48:03.692  INFO 3923 --- [    Test worker] p6spy                                    : #1665377283692 | took 0ms | statement | connection 6| url jdbc:h2:mem:6a3784ae-1aa6-4bbf-b617-4d4aeabcc2af
call next value for hibernate_sequence
call next value for hibernate_sequence;
2022-10-10 13:48:03.693  INFO 3923 --- [    Test worker] p6spy                                    : #1665377283693 | took 0ms | statement | connection 6| url jdbc:h2:mem:6a3784ae-1aa6-4bbf-b617-4d4aeabcc2af
call next value for hibernate_sequence
call next value for hibernate_sequence;
2022-10-10 13:48:03.693  INFO 3923 --- [    Test worker] p6spy                                    : #1665377283693 | took 0ms | statement | connection 6| url jdbc:h2:mem:6a3784ae-1aa6-4bbf-b617-4d4aeabcc2af
call next value for hibernate_sequence
call next value for hibernate_sequence;
2022-10-10 13:48:03.693  INFO 3923 --- [    Test worker] p6spy                                    : #1665377283693 | took 0ms | statement | connection 6| url jdbc:h2:mem:6a3784ae-1aa6-4bbf-b617-4d4aeabcc2af
call next value for hibernate_sequence
call next value for hibernate_sequence;
2022-10-10 13:48:03.693  INFO 3923 --- [    Test worker] p6spy                                    : #1665377283693 | took 0ms | statement | connection 6| url jdbc:h2:mem:6a3784ae-1aa6-4bbf-b617-4d4aeabcc2af
call next value for hibernate_sequence
call next value for hibernate_sequence;
2022-10-10 13:48:03.697  INFO 3923 --- [    Test worker] p6spy                                    : #1665377283697 | took 0ms | statement | connection 6| url jdbc:h2:mem:6a3784ae-1aa6-4bbf-b617-4d4aeabcc2af
insert into member (created_date, last_modified_date, created_by, last_modified_by, email, password, refresh_token, role, username, member_id) values (?, ?, ?, ?, ?, ?, ?, ?, ?, ?)
insert into member (created_date, last_modified_date, created_by, last_modified_by, email, password, refresh_token, role, username, member_id) values ('2022-10-10T13:48:03.687+0900', '2022-10-10T13:48:03.687+0900', 'd12eede5-ae40-43ef-bf76-4dd39cfe77bc', 'd12eede5-ae40-43ef-bf76-4dd39cfe77bc', 'em@naver.com', '1234', NULL, NULL, 'leoJoo', 2);
2022-10-10 13:48:03.697  INFO 3923 --- [    Test worker] p6spy                                    : #1665377283697 | took 0ms | statement | connection 6| url jdbc:h2:mem:6a3784ae-1aa6-4bbf-b617-4d4aeabcc2af
insert into favorite (member_id, name, favorite_id) values (?, ?, ?)
insert into favorite (member_id, name, favorite_id) values (2, '1일차', 6);
2022-10-10 13:48:03.697  INFO 3923 --- [    Test worker] p6spy                                    : #1665377283697 | took 0ms | statement | connection 6| url jdbc:h2:mem:6a3784ae-1aa6-4bbf-b617-4d4aeabcc2af
insert into favorite (member_id, name, favorite_id) values (?, ?, ?)
insert into favorite (member_id, name, favorite_id) values (2, '2일차', 7);
2022-10-10 13:48:03.698  INFO 3923 --- [    Test worker] p6spy                                    : #1665377283698 | took 0ms | statement | connection 6| url jdbc:h2:mem:6a3784ae-1aa6-4bbf-b617-4d4aeabcc2af
insert into favorite (member_id, name, favorite_id) values (?, ?, ?)
insert into favorite (member_id, name, favorite_id) values (2, '3일차', 8);
2022-10-10 13:48:03.698  INFO 3923 --- [    Test worker] p6spy                                    : #1665377283698 | took 0ms | statement | connection 6| url jdbc:h2:mem:6a3784ae-1aa6-4bbf-b617-4d4aeabcc2af
insert into favorite (member_id, name, favorite_id) values (?, ?, ?)
insert into favorite (member_id, name, favorite_id) values (2, '4일차', 9);
2022-10-10 13:48:03.698  INFO 3923 --- [    Test worker] p6spy                                    : #1665377283698 | took 0ms | statement | connection 6| url jdbc:h2:mem:6a3784ae-1aa6-4bbf-b617-4d4aeabcc2af
insert into favorite (member_id, name, favorite_id) values (?, ?, ?)
insert into favorite (member_id, name, favorite_id) values (2, '5일차', 10);
2022-10-10 13:48:03.698  INFO 3923 --- [    Test worker] p6spy                                    : #1665377283698 | took 0ms | statement | connection 6| url jdbc:h2:mem:6a3784ae-1aa6-4bbf-b617-4d4aeabcc2af
insert into spot (address, description, location, name, score_id, spot_id) values (?, ?, ?, ?, ?, ?)
insert into spot (address, description, location, name, score_id, spot_id) values (NULL, NULL, NULL, '관광지 0', NULL, 16);
2022-10-10 13:48:03.699  INFO 3923 --- [    Test worker] p6spy                                    : #1665377283699 | took 0ms | statement | connection 6| url jdbc:h2:mem:6a3784ae-1aa6-4bbf-b617-4d4aeabcc2af
insert into spot (address, description, location, name, score_id, spot_id) values (?, ?, ?, ?, ?, ?)
insert into spot (address, description, location, name, score_id, spot_id) values (NULL, NULL, NULL, '관광지 1', NULL, 17);
2022-10-10 13:48:03.699  INFO 3923 --- [    Test worker] p6spy                                    : #1665377283699 | took 0ms | statement | connection 6| url jdbc:h2:mem:6a3784ae-1aa6-4bbf-b617-4d4aeabcc2af
insert into spot (address, description, location, name, score_id, spot_id) values (?, ?, ?, ?, ?, ?)
insert into spot (address, description, location, name, score_id, spot_id) values (NULL, NULL, NULL, '관광지 2', NULL, 18);
2022-10-10 13:48:03.699  INFO 3923 --- [    Test worker] p6spy                                    : #1665377283699 | took 0ms | statement | connection 6| url jdbc:h2:mem:6a3784ae-1aa6-4bbf-b617-4d4aeabcc2af
insert into spot (address, description, location, name, score_id, spot_id) values (?, ?, ?, ?, ?, ?)
insert into spot (address, description, location, name, score_id, spot_id) values (NULL, NULL, NULL, '관광지 3', NULL, 19);
2022-10-10 13:48:03.699  INFO 3923 --- [    Test worker] p6spy                                    : #1665377283699 | took 0ms | statement | connection 6| url jdbc:h2:mem:6a3784ae-1aa6-4bbf-b617-4d4aeabcc2af
insert into spot (address, description, location, name, score_id, spot_id) values (?, ?, ?, ?, ?, ?)
insert into spot (address, description, location, name, score_id, spot_id) values (NULL, NULL, NULL, '관광지 4', NULL, 20);
2022-10-10 13:48:03.700  INFO 3923 --- [    Test worker] p6spy                                    : #1665377283699 | took 0ms | statement | connection 6| url jdbc:h2:mem:6a3784ae-1aa6-4bbf-b617-4d4aeabcc2af
insert into spot (address, description, location, name, score_id, spot_id) values (?, ?, ?, ?, ?, ?)
insert into spot (address, description, location, name, score_id, spot_id) values (NULL, NULL, NULL, '관광지 5', NULL, 21);
2022-10-10 13:48:03.700  INFO 3923 --- [    Test worker] p6spy                                    : #1665377283700 | took 0ms | statement | connection 6| url jdbc:h2:mem:6a3784ae-1aa6-4bbf-b617-4d4aeabcc2af
insert into spot (address, description, location, name, score_id, spot_id) values (?, ?, ?, ?, ?, ?)
insert into spot (address, description, location, name, score_id, spot_id) values (NULL, NULL, NULL, '관광지 6', NULL, 22);
2022-10-10 13:48:03.700  INFO 3923 --- [    Test worker] p6spy                                    : #1665377283700 | took 0ms | statement | connection 6| url jdbc:h2:mem:6a3784ae-1aa6-4bbf-b617-4d4aeabcc2af
insert into spot (address, description, location, name, score_id, spot_id) values (?, ?, ?, ?, ?, ?)
insert into spot (address, description, location, name, score_id, spot_id) values (NULL, NULL, NULL, '관광지 7', NULL, 23);
2022-10-10 13:48:03.700  INFO 3923 --- [    Test worker] p6spy                                    : #1665377283700 | took 0ms | statement | connection 6| url jdbc:h2:mem:6a3784ae-1aa6-4bbf-b617-4d4aeabcc2af
insert into spot (address, description, location, name, score_id, spot_id) values (?, ?, ?, ?, ?, ?)
insert into spot (address, description, location, name, score_id, spot_id) values (NULL, NULL, NULL, '관광지 8', NULL, 24);
2022-10-10 13:48:03.700  INFO 3923 --- [    Test worker] p6spy                                    : #1665377283700 | took 0ms | statement | connection 6| url jdbc:h2:mem:6a3784ae-1aa6-4bbf-b617-4d4aeabcc2af
insert into spot (address, description, location, name, score_id, spot_id) values (?, ?, ?, ?, ?, ?)
insert into spot (address, description, location, name, score_id, spot_id) values (NULL, NULL, NULL, '관광지 9', NULL, 25);
2022-10-10 13:48:03.701  INFO 3923 --- [    Test worker] p6spy                                    : #1665377283701 | took 0ms | statement | connection 6| url jdbc:h2:mem:6a3784ae-1aa6-4bbf-b617-4d4aeabcc2af
insert into spot (address, description, location, name, score_id, spot_id) values (?, ?, ?, ?, ?, ?)
insert into spot (address, description, location, name, score_id, spot_id) values (NULL, NULL, NULL, '관광지 10', NULL, 26);
2022-10-10 13:48:03.701  INFO 3923 --- [    Test worker] p6spy                                    : #1665377283701 | took 0ms | statement | connection 6| url jdbc:h2:mem:6a3784ae-1aa6-4bbf-b617-4d4aeabcc2af
insert into spot (address, description, location, name, score_id, spot_id) values (?, ?, ?, ?, ?, ?)
insert into spot (address, description, location, name, score_id, spot_id) values (NULL, NULL, NULL, '관광지 11', NULL, 27);
2022-10-10 13:48:03.701  INFO 3923 --- [    Test worker] p6spy                                    : #1665377283701 | took 0ms | statement | connection 6| url jdbc:h2:mem:6a3784ae-1aa6-4bbf-b617-4d4aeabcc2af
insert into spot (address, description, location, name, score_id, spot_id) values (?, ?, ?, ?, ?, ?)
insert into spot (address, description, location, name, score_id, spot_id) values (NULL, NULL, NULL, '관광지 12', NULL, 28);
2022-10-10 13:48:03.701  INFO 3923 --- [    Test worker] p6spy                                    : #1665377283701 | took 0ms | statement | connection 6| url jdbc:h2:mem:6a3784ae-1aa6-4bbf-b617-4d4aeabcc2af
insert into spot (address, description, location, name, score_id, spot_id) values (?, ?, ?, ?, ?, ?)
insert into spot (address, description, location, name, score_id, spot_id) values (NULL, NULL, NULL, '관광지 13', NULL, 29);
2022-10-10 13:48:03.701  INFO 3923 --- [    Test worker] p6spy                                    : #1665377283701 | took 0ms | statement | connection 6| url jdbc:h2:mem:6a3784ae-1aa6-4bbf-b617-4d4aeabcc2af
insert into spot (address, description, location, name, score_id, spot_id) values (?, ?, ?, ?, ?, ?)
insert into spot (address, description, location, name, score_id, spot_id) values (NULL, NULL, NULL, '관광지 14', NULL, 30);
2022-10-10 13:48:03.702  INFO 3923 --- [    Test worker] p6spy                                    : #1665377283702 | took 0ms | statement | connection 6| url jdbc:h2:mem:6a3784ae-1aa6-4bbf-b617-4d4aeabcc2af
insert into favorite_spot (count, favorite_id, spot_id, favorite_spot_id) values (?, ?, ?, ?)
insert into favorite_spot (count, favorite_id, spot_id, favorite_spot_id) values (0, 6, 16, 16);
2022-10-10 13:48:03.702  INFO 3923 --- [    Test worker] p6spy                                    : #1665377283702 | took 0ms | statement | connection 6| url jdbc:h2:mem:6a3784ae-1aa6-4bbf-b617-4d4aeabcc2af
insert into picture (spot_id, url, picture_id) values (?, ?, ?)
insert into picture (spot_id, url, picture_id) values (16, 'java.io.StringReader@65c2610f', 16);
2022-10-10 13:48:03.702  INFO 3923 --- [    Test worker] p6spy                                    : #1665377283702 | took 0ms | statement | connection 6| url jdbc:h2:mem:6a3784ae-1aa6-4bbf-b617-4d4aeabcc2af
insert into favorite_spot (count, favorite_id, spot_id, favorite_spot_id) values (?, ?, ?, ?)
insert into favorite_spot (count, favorite_id, spot_id, favorite_spot_id) values (0, 6, 17, 17);
2022-10-10 13:48:03.702  INFO 3923 --- [    Test worker] p6spy                                    : #1665377283702 | took 0ms | statement | connection 6| url jdbc:h2:mem:6a3784ae-1aa6-4bbf-b617-4d4aeabcc2af
insert into picture (spot_id, url, picture_id) values (?, ?, ?)
insert into picture (spot_id, url, picture_id) values (17, 'java.io.StringReader@5cfcb55c', 17);
2022-10-10 13:48:03.703  INFO 3923 --- [    Test worker] p6spy                                    : #1665377283703 | took 0ms | statement | connection 6| url jdbc:h2:mem:6a3784ae-1aa6-4bbf-b617-4d4aeabcc2af
insert into favorite_spot (count, favorite_id, spot_id, favorite_spot_id) values (?, ?, ?, ?)
insert into favorite_spot (count, favorite_id, spot_id, favorite_spot_id) values (0, 6, 18, 18);
2022-10-10 13:48:03.703  INFO 3923 --- [    Test worker] p6spy                                    : #1665377283703 | took 0ms | statement | connection 6| url jdbc:h2:mem:6a3784ae-1aa6-4bbf-b617-4d4aeabcc2af
insert into picture (spot_id, url, picture_id) values (?, ?, ?)
insert into picture (spot_id, url, picture_id) values (18, 'java.io.StringReader@68a0a4ae', 18);
2022-10-10 13:48:03.703  INFO 3923 --- [    Test worker] p6spy                                    : #1665377283703 | took 0ms | statement | connection 6| url jdbc:h2:mem:6a3784ae-1aa6-4bbf-b617-4d4aeabcc2af
insert into favorite_spot (count, favorite_id, spot_id, favorite_spot_id) values (?, ?, ?, ?)
insert into favorite_spot (count, favorite_id, spot_id, favorite_spot_id) values (0, 6, 19, 19);
2022-10-10 13:48:03.704  INFO 3923 --- [    Test worker] p6spy                                    : #1665377283704 | took 0ms | statement | connection 6| url jdbc:h2:mem:6a3784ae-1aa6-4bbf-b617-4d4aeabcc2af
insert into picture (spot_id, url, picture_id) values (?, ?, ?)
insert into picture (spot_id, url, picture_id) values (19, 'java.io.StringReader@bb0dcb6', 19);
2022-10-10 13:48:03.704  INFO 3923 --- [    Test worker] p6spy                                    : #1665377283704 | took 0ms | statement | connection 6| url jdbc:h2:mem:6a3784ae-1aa6-4bbf-b617-4d4aeabcc2af
insert into favorite_spot (count, favorite_id, spot_id, favorite_spot_id) values (?, ?, ?, ?)
insert into favorite_spot (count, favorite_id, spot_id, favorite_spot_id) values (0, 6, 20, 20);
2022-10-10 13:48:03.704  INFO 3923 --- [    Test worker] p6spy                                    : #1665377283704 | took 0ms | statement | connection 6| url jdbc:h2:mem:6a3784ae-1aa6-4bbf-b617-4d4aeabcc2af
insert into picture (spot_id, url, picture_id) values (?, ?, ?)
insert into picture (spot_id, url, picture_id) values (20, 'java.io.StringReader@7a65e842', 20);
2022-10-10 13:48:03.705  INFO 3923 --- [    Test worker] p6spy                                    : #1665377283705 | took 0ms | statement | connection 6| url jdbc:h2:mem:6a3784ae-1aa6-4bbf-b617-4d4aeabcc2af
insert into favorite_spot (count, favorite_id, spot_id, favorite_spot_id) values (?, ?, ?, ?)
insert into favorite_spot (count, favorite_id, spot_id, favorite_spot_id) values (0, 7, 21, 21);
2022-10-10 13:48:03.705  INFO 3923 --- [    Test worker] p6spy                                    : #1665377283705 | took 0ms | statement | connection 6| url jdbc:h2:mem:6a3784ae-1aa6-4bbf-b617-4d4aeabcc2af
insert into picture (spot_id, url, picture_id) values (?, ?, ?)
insert into picture (spot_id, url, picture_id) values (21, 'java.io.StringReader@2162b22d', 21);
2022-10-10 13:48:03.705  INFO 3923 --- [    Test worker] p6spy                                    : #1665377283705 | took 0ms | statement | connection 6| url jdbc:h2:mem:6a3784ae-1aa6-4bbf-b617-4d4aeabcc2af
insert into favorite_spot (count, favorite_id, spot_id, favorite_spot_id) values (?, ?, ?, ?)
insert into favorite_spot (count, favorite_id, spot_id, favorite_spot_id) values (0, 7, 22, 22);
2022-10-10 13:48:03.705  INFO 3923 --- [    Test worker] p6spy                                    : #1665377283705 | took 0ms | statement | connection 6| url jdbc:h2:mem:6a3784ae-1aa6-4bbf-b617-4d4aeabcc2af
insert into picture (spot_id, url, picture_id) values (?, ?, ?)
insert into picture (spot_id, url, picture_id) values (22, 'java.io.StringReader@428943a4', 22);
2022-10-10 13:48:03.705  INFO 3923 --- [    Test worker] p6spy                                    : #1665377283705 | took 0ms | statement | connection 6| url jdbc:h2:mem:6a3784ae-1aa6-4bbf-b617-4d4aeabcc2af
insert into favorite_spot (count, favorite_id, spot_id, favorite_spot_id) values (?, ?, ?, ?)
insert into favorite_spot (count, favorite_id, spot_id, favorite_spot_id) values (0, 7, 23, 23);
2022-10-10 13:48:03.706  INFO 3923 --- [    Test worker] p6spy                                    : #1665377283706 | took 0ms | statement | connection 6| url jdbc:h2:mem:6a3784ae-1aa6-4bbf-b617-4d4aeabcc2af
insert into picture (spot_id, url, picture_id) values (?, ?, ?)
insert into picture (spot_id, url, picture_id) values (23, 'java.io.StringReader@3af4b14e', 23);
2022-10-10 13:48:03.706  INFO 3923 --- [    Test worker] p6spy                                    : #1665377283706 | took 0ms | statement | connection 6| url jdbc:h2:mem:6a3784ae-1aa6-4bbf-b617-4d4aeabcc2af
insert into favorite_spot (count, favorite_id, spot_id, favorite_spot_id) values (?, ?, ?, ?)
insert into favorite_spot (count, favorite_id, spot_id, favorite_spot_id) values (0, 7, 24, 24);
2022-10-10 13:48:03.706  INFO 3923 --- [    Test worker] p6spy                                    : #1665377283706 | took 0ms | statement | connection 6| url jdbc:h2:mem:6a3784ae-1aa6-4bbf-b617-4d4aeabcc2af
insert into picture (spot_id, url, picture_id) values (?, ?, ?)
insert into picture (spot_id, url, picture_id) values (24, 'java.io.StringReader@3f96ef2', 24);
2022-10-10 13:48:03.706  INFO 3923 --- [    Test worker] p6spy                                    : #1665377283706 | took 0ms | statement | connection 6| url jdbc:h2:mem:6a3784ae-1aa6-4bbf-b617-4d4aeabcc2af
insert into favorite_spot (count, favorite_id, spot_id, favorite_spot_id) values (?, ?, ?, ?)
insert into favorite_spot (count, favorite_id, spot_id, favorite_spot_id) values (0, 7, 25, 25);
2022-10-10 13:48:03.706  INFO 3923 --- [    Test worker] p6spy                                    : #1665377283706 | took 0ms | statement | connection 6| url jdbc:h2:mem:6a3784ae-1aa6-4bbf-b617-4d4aeabcc2af
insert into picture (spot_id, url, picture_id) values (?, ?, ?)
insert into picture (spot_id, url, picture_id) values (25, 'java.io.StringReader@4a842e8a', 25);
2022-10-10 13:48:03.707  INFO 3923 --- [    Test worker] p6spy                                    : #1665377283707 | took 0ms | statement | connection 6| url jdbc:h2:mem:6a3784ae-1aa6-4bbf-b617-4d4aeabcc2af
insert into favorite_spot (count, favorite_id, spot_id, favorite_spot_id) values (?, ?, ?, ?)
insert into favorite_spot (count, favorite_id, spot_id, favorite_spot_id) values (0, 8, 26, 26);
2022-10-10 13:48:03.707  INFO 3923 --- [    Test worker] p6spy                                    : #1665377283707 | took 0ms | statement | connection 6| url jdbc:h2:mem:6a3784ae-1aa6-4bbf-b617-4d4aeabcc2af
insert into picture (spot_id, url, picture_id) values (?, ?, ?)
insert into picture (spot_id, url, picture_id) values (26, 'java.io.StringReader@4704b66a', 26);
2022-10-10 13:48:03.707  INFO 3923 --- [    Test worker] p6spy                                    : #1665377283707 | took 0ms | statement | connection 6| url jdbc:h2:mem:6a3784ae-1aa6-4bbf-b617-4d4aeabcc2af
insert into favorite_spot (count, favorite_id, spot_id, favorite_spot_id) values (?, ?, ?, ?)
insert into favorite_spot (count, favorite_id, spot_id, favorite_spot_id) values (0, 8, 27, 27);
2022-10-10 13:48:03.707  INFO 3923 --- [    Test worker] p6spy                                    : #1665377283707 | took 0ms | statement | connection 6| url jdbc:h2:mem:6a3784ae-1aa6-4bbf-b617-4d4aeabcc2af
insert into picture (spot_id, url, picture_id) values (?, ?, ?)
insert into picture (spot_id, url, picture_id) values (27, 'java.io.StringReader@605610e5', 27);
2022-10-10 13:48:03.708  INFO 3923 --- [    Test worker] p6spy                                    : #1665377283708 | took 0ms | statement | connection 6| url jdbc:h2:mem:6a3784ae-1aa6-4bbf-b617-4d4aeabcc2af
insert into favorite_spot (count, favorite_id, spot_id, favorite_spot_id) values (?, ?, ?, ?)
insert into favorite_spot (count, favorite_id, spot_id, favorite_spot_id) values (0, 8, 28, 28);
2022-10-10 13:48:03.708  INFO 3923 --- [    Test worker] p6spy                                    : #1665377283708 | took 0ms | statement | connection 6| url jdbc:h2:mem:6a3784ae-1aa6-4bbf-b617-4d4aeabcc2af
insert into picture (spot_id, url, picture_id) values (?, ?, ?)
insert into picture (spot_id, url, picture_id) values (28, 'java.io.StringReader@333ab718', 28);
2022-10-10 13:48:03.708  INFO 3923 --- [    Test worker] p6spy                                    : #1665377283708 | took 0ms | statement | connection 6| url jdbc:h2:mem:6a3784ae-1aa6-4bbf-b617-4d4aeabcc2af
insert into favorite_spot (count, favorite_id, spot_id, favorite_spot_id) values (?, ?, ?, ?)
insert into favorite_spot (count, favorite_id, spot_id, favorite_spot_id) values (0, 8, 29, 29);
2022-10-10 13:48:03.708  INFO 3923 --- [    Test worker] p6spy                                    : #1665377283708 | took 0ms | statement | connection 6| url jdbc:h2:mem:6a3784ae-1aa6-4bbf-b617-4d4aeabcc2af
insert into picture (spot_id, url, picture_id) values (?, ?, ?)
insert into picture (spot_id, url, picture_id) values (29, 'java.io.StringReader@5331a22c', 29);
2022-10-10 13:48:03.708  INFO 3923 --- [    Test worker] p6spy                                    : #1665377283708 | took 0ms | statement | connection 6| url jdbc:h2:mem:6a3784ae-1aa6-4bbf-b617-4d4aeabcc2af
insert into favorite_spot (count, favorite_id, spot_id, favorite_spot_id) values (?, ?, ?, ?)
insert into favorite_spot (count, favorite_id, spot_id, favorite_spot_id) values (0, 8, 30, 30);
2022-10-10 13:48:03.709  INFO 3923 --- [    Test worker] p6spy                                    : #1665377283709 | took 0ms | statement | connection 6| url jdbc:h2:mem:6a3784ae-1aa6-4bbf-b617-4d4aeabcc2af
insert into picture (spot_id, url, picture_id) values (?, ?, ?)
insert into picture (spot_id, url, picture_id) values (30, 'java.io.StringReader@51db8b10', 30);
2022-10-10 13:48:03.709  INFO 3923 --- [    Test worker] p6spy                                    : #1665377283709 | took 0ms | statement | connection 6| url jdbc:h2:mem:6a3784ae-1aa6-4bbf-b617-4d4aeabcc2af
select spot0_.spot_id as spot_id1_7_, spot0_.address as address2_7_, spot0_.description as descript3_7_, spot0_.location as location4_7_, spot0_.name as name5_7_, spot0_.score_id as score_id6_7_ from spot spot0_ where spot0_.name=?
select spot0_.spot_id as spot_id1_7_, spot0_.address as address2_7_, spot0_.description as descript3_7_, spot0_.location as location4_7_, spot0_.name as name5_7_, spot0_.score_id as score_id6_7_ from spot spot0_ where spot0_.name='관광지 14';
2022-10-10 13:48:03.713  INFO 3923 --- [    Test worker] p6spy                                    : #1665377283713 | took 0ms | statement | connection 6| url jdbc:h2:mem:6a3784ae-1aa6-4bbf-b617-4d4aeabcc2af
select member0_.member_id as member_i1_2_, member0_.created_date as created_2_2_, member0_.last_modified_date as last_mod3_2_, member0_.created_by as created_4_2_, member0_.last_modified_by as last_mod5_2_, member0_.email as email6_2_, member0_.password as password7_2_, member0_.refresh_token as refresh_8_2_, member0_.role as role9_2_, member0_.username as usernam10_2_ from member member0_ where member0_.email=?
select member0_.member_id as member_i1_2_, member0_.created_date as created_2_2_, member0_.last_modified_date as last_mod3_2_, member0_.created_by as created_4_2_, member0_.last_modified_by as last_mod5_2_, member0_.email as email6_2_, member0_.password as password7_2_, member0_.refresh_token as refresh_8_2_, member0_.role as role9_2_, member0_.username as usernam10_2_ from member member0_ where member0_.email='em@naver.com';
2022-10-10 13:48:03.717  INFO 3923 --- [    Test worker] p6spy                                    : #1665377283717 | took 0ms | statement | connection 6| url jdbc:h2:mem:6a3784ae-1aa6-4bbf-b617-4d4aeabcc2af
select favorite0_.favorite_id as favorite1_0_, favorite0_.member_id as member_i3_0_, favorite0_.name as name2_0_ from favorite favorite0_ left outer join member member1_ on favorite0_.member_id=member1_.member_id where favorite0_.name=? and member1_.member_id=?
select favorite0_.favorite_id as favorite1_0_, favorite0_.member_id as member_i3_0_, favorite0_.name as name2_0_ from favorite favorite0_ left outer join member member1_ on favorite0_.member_id=member1_.member_id where favorite0_.name='새로운 위시리스트1' and member1_.member_id=2;
2022-10-10 13:48:03.720  INFO 3923 --- [    Test worker] p6spy                                    : #1665377283720 | took 0ms | statement | connection 6| url jdbc:h2:mem:6a3784ae-1aa6-4bbf-b617-4d4aeabcc2af
select spot0_.spot_id as spot_id1_7_, spot0_.address as address2_7_, spot0_.description as descript3_7_, spot0_.location as location4_7_, spot0_.name as name5_7_, spot0_.score_id as score_id6_7_ from spot spot0_ where spot0_.spot_id=?
select spot0_.spot_id as spot_id1_7_, spot0_.address as address2_7_, spot0_.description as descript3_7_, spot0_.location as location4_7_, spot0_.name as name5_7_, spot0_.score_id as score_id6_7_ from spot spot0_ where spot0_.spot_id=30;
2022-10-10 13:48:03.722  INFO 3923 --- [    Test worker] p6spy                                    : #1665377283722 | took 0ms | statement | connection 6| url jdbc:h2:mem:6a3784ae-1aa6-4bbf-b617-4d4aeabcc2af
insert into favorite (member_id, name, favorite_id) values (?, ?, ?)
insert into favorite (member_id, name, favorite_id) values (2, '새로운 위시리스트1', 11);
2022-10-10 13:48:03.722  INFO 3923 --- [    Test worker] p6spy                                    : #1665377283722 | took 0ms | statement | connection 6| url jdbc:h2:mem:6a3784ae-1aa6-4bbf-b617-4d4aeabcc2af
insert into favorite_spot (count, favorite_id, spot_id, favorite_spot_id) values (?, ?, ?, ?)
insert into favorite_spot (count, favorite_id, spot_id, favorite_spot_id) values (0, 11, 30, 31);
2022-10-10 13:48:03.724  INFO 3923 --- [    Test worker] p6spy                                    : #1665377283724 | took 0ms | statement | connection 6| url jdbc:h2:mem:6a3784ae-1aa6-4bbf-b617-4d4aeabcc2af
select favorite0_.favorite_id as favorite1_0_, favorite0_.member_id as member_i3_0_, favorite0_.name as name2_0_ from favorite favorite0_ left outer join member member1_ on favorite0_.member_id=member1_.member_id where favorite0_.name=? and member1_.member_id=?
select favorite0_.favorite_id as favorite1_0_, favorite0_.member_id as member_i3_0_, favorite0_.name as name2_0_ from favorite favorite0_ left outer join member member1_ on favorite0_.member_id=member1_.member_id where favorite0_.name='새로운 위시리스트1' and member1_.member_id=2;
2022-10-10 13:48:03.725  INFO 3923 --- [    Test worker] p6spy                                    : #1665377283725 | took 0ms | statement | connection 6| url jdbc:h2:mem:6a3784ae-1aa6-4bbf-b617-4d4aeabcc2af
select favorite0_.favorite_id as favorite1_0_, favorite0_.member_id as member_i3_0_, favorite0_.name as name2_0_ from favorite favorite0_ left outer join member member1_ on favorite0_.member_id=member1_.member_id where favorite0_.name=? and member1_.member_id=?
select favorite0_.favorite_id as favorite1_0_, favorite0_.member_id as member_i3_0_, favorite0_.name as name2_0_ from favorite favorite0_ left outer join member member1_ on favorite0_.member_id=member1_.member_id where favorite0_.name='새로운 위시리스트1' and member1_.member_id=2;
2022-10-10 13:48:03.730  INFO 3923 --- [    Test worker] p6spy                                    : #1665377283730 | took 0ms | statement | connection 6| url jdbc:h2:mem:6a3784ae-1aa6-4bbf-b617-4d4aeabcc2af
select favoritesp0_.favorite_spot_id as favorite1_1_, favoritesp0_.count as count2_1_, favoritesp0_.favorite_id as favorite3_1_, favoritesp0_.spot_id as spot_id4_1_ from favorite_spot favoritesp0_ left outer join spot spot1_ on favoritesp0_.spot_id=spot1_.spot_id left outer join favorite favorite2_ on favoritesp0_.favorite_id=favorite2_.favorite_id where spot1_.spot_id=? and favorite2_.favorite_id=?
select favoritesp0_.favorite_spot_id as favorite1_1_, favoritesp0_.count as count2_1_, favoritesp0_.favorite_id as favorite3_1_, favoritesp0_.spot_id as spot_id4_1_ from favorite_spot favoritesp0_ left outer join spot spot1_ on favoritesp0_.spot_id=spot1_.spot_id left outer join favorite favorite2_ on favoritesp0_.favorite_id=favorite2_.favorite_id where spot1_.spot_id=30 and favorite2_.favorite_id=11;
2022-10-10 13:48:03.730  INFO 3923 --- [    Test worker] c.j.domain.Service.FavoriteServiceTest   : favoriteDto = FavoriteDto(id=11, name=새로운 위시리스트1)
2022-10-10 13:48:03.733  INFO 3923 --- [    Test worker] p6spy                                    : #1665377283733 | took 1ms | rollback | connection 6| url jdbc:h2:mem:6a3784ae-1aa6-4bbf-b617-4d4aeabcc2af

;
2022-10-10 13:48:03.733  INFO 3923 --- [    Test worker] o.s.t.c.transaction.TransactionContext   : Rolled back transaction for test: [DefaultTestContext@4a67318f testClass = FavoriteServiceTest, testInstance = capstone.jejuTourrecommend.domain.Service.FavoriteServiceTest@713935c8, testMethod = newFavoriteListTest@FavoriteServiceTest, testException = [null], mergedContextConfiguration = [WebMergedContextConfiguration@315ba14a testClass = FavoriteServiceTest, locations = '{}', classes = '{class capstone.jejuTourrecommend.JejuTourRecommendApplication}', contextInitializerClasses = '[]', activeProfiles = '{}', propertySourceLocations = '{}', propertySourceProperties = '{org.springframework.boot.test.context.SpringBootTestContextBootstrapper=true}', contextCustomizers = set[org.springframework.boot.test.autoconfigure.actuate.metrics.MetricsExportContextCustomizerFactory$DisableMetricExportContextCustomizer@239b0f9d, org.springframework.boot.test.autoconfigure.properties.PropertyMappingContextCustomizer@0, org.springframework.boot.test.autoconfigure.web.servlet.WebDriverContextCustomizerFactory$Customizer@c260bdc, org.springframework.boot.test.context.filter.ExcludeFilterContextCustomizer@3f363cf5, org.springframework.boot.test.json.DuplicateJsonObjectContextCustomizerFactory$DuplicateJsonObjectContextCustomizer@1bb1fde8, org.springframework.boot.test.mock.mockito.MockitoContextCustomizer@0, org.springframework.boot.test.web.client.TestRestTemplateContextCustomizer@26a4842b, org.springframework.boot.test.context.SpringBootTestArgs@1, org.springframework.boot.test.context.SpringBootTestWebEnvironment@34b9f960], resourceBasePath = 'src/main/webapp', contextLoader = 'org.springframework.boot.test.context.SpringBootContextLoader', parent = [null]], attributes = map['org.springframework.test.context.web.ServletTestExecutionListener.activateListener' -> true, 'org.springframework.test.context.web.ServletTestExecutionListener.populatedRequestContextHolder' -> true, 'org.springframework.test.context.web.ServletTestExecutionListener.resetRequestContextHolder' -> true, 'org.springframework.test.context.event.ApplicationEventsTestExecutionListener.recordApplicationEvents' -> false]]
2022-10-10 13:48:03.735  INFO 3923 --- [    Test worker] o.s.t.c.transaction.TransactionContext   : Began transaction (1) for test context [DefaultTestContext@4a67318f testClass = FavoriteServiceTest, testInstance = capstone.jejuTourrecommend.domain.Service.FavoriteServiceTest@2ef99072, testMethod = getFavoriteListTest@FavoriteServiceTest, testException = [null], mergedContextConfiguration = [WebMergedContextConfiguration@315ba14a testClass = FavoriteServiceTest, locations = '{}', classes = '{class capstone.jejuTourrecommend.JejuTourRecommendApplication}', contextInitializerClasses = '[]', activeProfiles = '{}', propertySourceLocations = '{}', propertySourceProperties = '{org.springframework.boot.test.context.SpringBootTestContextBootstrapper=true}', contextCustomizers = set[org.springframework.boot.test.autoconfigure.actuate.metrics.MetricsExportContextCustomizerFactory$DisableMetricExportContextCustomizer@239b0f9d, org.springframework.boot.test.autoconfigure.properties.PropertyMappingContextCustomizer@0, org.springframework.boot.test.autoconfigure.web.servlet.WebDriverContextCustomizerFactory$Customizer@c260bdc, org.springframework.boot.test.context.filter.ExcludeFilterContextCustomizer@3f363cf5, org.springframework.boot.test.json.DuplicateJsonObjectContextCustomizerFactory$DuplicateJsonObjectContextCustomizer@1bb1fde8, org.springframework.boot.test.mock.mockito.MockitoContextCustomizer@0, org.springframework.boot.test.web.client.TestRestTemplateContextCustomizer@26a4842b, org.springframework.boot.test.context.SpringBootTestArgs@1, org.springframework.boot.test.context.SpringBootTestWebEnvironment@34b9f960], resourceBasePath = 'src/main/webapp', contextLoader = 'org.springframework.boot.test.context.SpringBootContextLoader', parent = [null]], attributes = map['org.springframework.test.context.web.ServletTestExecutionListener.activateListener' -> true, 'org.springframework.test.context.web.ServletTestExecutionListener.populatedRequestContextHolder' -> true, 'org.springframework.test.context.web.ServletTestExecutionListener.resetRequestContextHolder' -> true, 'org.springframework.test.context.event.ApplicationEventsTestExecutionListener.recordApplicationEvents' -> false]]; transaction manager [org.springframework.orm.jpa.JpaTransactionManager@5843ab8]; rollback [true]
2022-10-10 13:48:03.736  INFO 3923 --- [    Test worker] c.j.domain.Service.FavoriteServiceTest   : favorite1 = Favorite(id=12, name=1일차)
2022-10-10 13:48:03.736  INFO 3923 --- [    Test worker] c.j.domain.Service.FavoriteServiceTest   : favorite5 = Favorite(id=16, name=5일차)
2022-10-10 13:48:03.737  INFO 3923 --- [    Test worker] c.j.domain.Service.FavoriteServiceTest   : spot0 = capstone.jejuTourrecommend.domain.Spot@891f18f
2022-10-10 13:48:03.737  INFO 3923 --- [    Test worker] c.j.domain.Service.FavoriteServiceTest   : spot14 = capstone.jejuTourrecommend.domain.Spot@42675041
2022-10-10 13:48:03.737  INFO 3923 --- [    Test worker] p6spy                                    : #1665377283737 | took 0ms | statement | connection 7| url jdbc:h2:mem:6a3784ae-1aa6-4bbf-b617-4d4aeabcc2af
call next value for hibernate_sequence
call next value for hibernate_sequence;
2022-10-10 13:48:03.738  INFO 3923 --- [    Test worker] p6spy                                    : #1665377283738 | took 0ms | statement | connection 7| url jdbc:h2:mem:6a3784ae-1aa6-4bbf-b617-4d4aeabcc2af
call next value for hibernate_sequence
call next value for hibernate_sequence;
2022-10-10 13:48:03.738  INFO 3923 --- [    Test worker] p6spy                                    : #1665377283738 | took 0ms | statement | connection 7| url jdbc:h2:mem:6a3784ae-1aa6-4bbf-b617-4d4aeabcc2af
call next value for hibernate_sequence
call next value for hibernate_sequence;
2022-10-10 13:48:03.738  INFO 3923 --- [    Test worker] p6spy                                    : #1665377283738 | took 0ms | statement | connection 7| url jdbc:h2:mem:6a3784ae-1aa6-4bbf-b617-4d4aeabcc2af
call next value for hibernate_sequence
call next value for hibernate_sequence;
2022-10-10 13:48:03.738  INFO 3923 --- [    Test worker] p6spy                                    : #1665377283738 | took 0ms | statement | connection 7| url jdbc:h2:mem:6a3784ae-1aa6-4bbf-b617-4d4aeabcc2af
call next value for hibernate_sequence
call next value for hibernate_sequence;
2022-10-10 13:48:03.738  INFO 3923 --- [    Test worker] p6spy                                    : #1665377283738 | took 0ms | statement | connection 7| url jdbc:h2:mem:6a3784ae-1aa6-4bbf-b617-4d4aeabcc2af
call next value for hibernate_sequence
call next value for hibernate_sequence;
2022-10-10 13:48:03.739  INFO 3923 --- [    Test worker] p6spy                                    : #1665377283739 | took 0ms | statement | connection 7| url jdbc:h2:mem:6a3784ae-1aa6-4bbf-b617-4d4aeabcc2af
call next value for hibernate_sequence
call next value for hibernate_sequence;
2022-10-10 13:48:03.739  INFO 3923 --- [    Test worker] p6spy                                    : #1665377283739 | took 0ms | statement | connection 7| url jdbc:h2:mem:6a3784ae-1aa6-4bbf-b617-4d4aeabcc2af
call next value for hibernate_sequence
call next value for hibernate_sequence;
2022-10-10 13:48:03.739  INFO 3923 --- [    Test worker] p6spy                                    : #1665377283739 | took 0ms | statement | connection 7| url jdbc:h2:mem:6a3784ae-1aa6-4bbf-b617-4d4aeabcc2af
call next value for hibernate_sequence
call next value for hibernate_sequence;
2022-10-10 13:48:03.739  INFO 3923 --- [    Test worker] p6spy                                    : #1665377283739 | took 0ms | statement | connection 7| url jdbc:h2:mem:6a3784ae-1aa6-4bbf-b617-4d4aeabcc2af
call next value for hibernate_sequence
call next value for hibernate_sequence;
2022-10-10 13:48:03.739  INFO 3923 --- [    Test worker] p6spy                                    : #1665377283739 | took 0ms | statement | connection 7| url jdbc:h2:mem:6a3784ae-1aa6-4bbf-b617-4d4aeabcc2af
call next value for hibernate_sequence
call next value for hibernate_sequence;
2022-10-10 13:48:03.740  INFO 3923 --- [    Test worker] p6spy                                    : #1665377283740 | took 0ms | statement | connection 7| url jdbc:h2:mem:6a3784ae-1aa6-4bbf-b617-4d4aeabcc2af
call next value for hibernate_sequence
call next value for hibernate_sequence;
2022-10-10 13:48:03.740  INFO 3923 --- [    Test worker] p6spy                                    : #1665377283740 | took 0ms | statement | connection 7| url jdbc:h2:mem:6a3784ae-1aa6-4bbf-b617-4d4aeabcc2af
call next value for hibernate_sequence
call next value for hibernate_sequence;
2022-10-10 13:48:03.740  INFO 3923 --- [    Test worker] p6spy                                    : #1665377283740 | took 0ms | statement | connection 7| url jdbc:h2:mem:6a3784ae-1aa6-4bbf-b617-4d4aeabcc2af
call next value for hibernate_sequence
call next value for hibernate_sequence;
2022-10-10 13:48:03.740  INFO 3923 --- [    Test worker] p6spy                                    : #1665377283740 | took 0ms | statement | connection 7| url jdbc:h2:mem:6a3784ae-1aa6-4bbf-b617-4d4aeabcc2af
call next value for hibernate_sequence
call next value for hibernate_sequence;
2022-10-10 13:48:03.742  INFO 3923 --- [    Test worker] p6spy                                    : #1665377283742 | took 0ms | statement | connection 7| url jdbc:h2:mem:6a3784ae-1aa6-4bbf-b617-4d4aeabcc2af
insert into member (created_date, last_modified_date, created_by, last_modified_by, email, password, refresh_token, role, username, member_id) values (?, ?, ?, ?, ?, ?, ?, ?, ?, ?)
insert into member (created_date, last_modified_date, created_by, last_modified_by, email, password, refresh_token, role, username, member_id) values ('2022-10-10T13:48:03.736+0900', '2022-10-10T13:48:03.736+0900', 'ae1490c8-1b02-4475-ac52-9100094d7005', 'ae1490c8-1b02-4475-ac52-9100094d7005', 'em@naver.com', '1234', NULL, NULL, 'leoJoo', 3);
2022-10-10 13:48:03.742  INFO 3923 --- [    Test worker] p6spy                                    : #1665377283742 | took 0ms | statement | connection 7| url jdbc:h2:mem:6a3784ae-1aa6-4bbf-b617-4d4aeabcc2af
insert into favorite (member_id, name, favorite_id) values (?, ?, ?)
insert into favorite (member_id, name, favorite_id) values (3, '1일차', 12);
2022-10-10 13:48:03.742  INFO 3923 --- [    Test worker] p6spy                                    : #1665377283742 | took 0ms | statement | connection 7| url jdbc:h2:mem:6a3784ae-1aa6-4bbf-b617-4d4aeabcc2af
insert into favorite (member_id, name, favorite_id) values (?, ?, ?)
insert into favorite (member_id, name, favorite_id) values (3, '2일차', 13);
2022-10-10 13:48:03.743  INFO 3923 --- [    Test worker] p6spy                                    : #1665377283743 | took 0ms | statement | connection 7| url jdbc:h2:mem:6a3784ae-1aa6-4bbf-b617-4d4aeabcc2af
insert into favorite (member_id, name, favorite_id) values (?, ?, ?)
insert into favorite (member_id, name, favorite_id) values (3, '3일차', 14);
2022-10-10 13:48:03.743  INFO 3923 --- [    Test worker] p6spy                                    : #1665377283743 | took 0ms | statement | connection 7| url jdbc:h2:mem:6a3784ae-1aa6-4bbf-b617-4d4aeabcc2af
insert into favorite (member_id, name, favorite_id) values (?, ?, ?)
insert into favorite (member_id, name, favorite_id) values (3, '4일차', 15);
2022-10-10 13:48:03.743  INFO 3923 --- [    Test worker] p6spy                                    : #1665377283743 | took 0ms | statement | connection 7| url jdbc:h2:mem:6a3784ae-1aa6-4bbf-b617-4d4aeabcc2af
insert into favorite (member_id, name, favorite_id) values (?, ?, ?)
insert into favorite (member_id, name, favorite_id) values (3, '5일차', 16);
2022-10-10 13:48:03.743  INFO 3923 --- [    Test worker] p6spy                                    : #1665377283743 | took 0ms | statement | connection 7| url jdbc:h2:mem:6a3784ae-1aa6-4bbf-b617-4d4aeabcc2af
insert into spot (address, description, location, name, score_id, spot_id) values (?, ?, ?, ?, ?, ?)
insert into spot (address, description, location, name, score_id, spot_id) values (NULL, NULL, NULL, '관광지 0', NULL, 31);
2022-10-10 13:48:03.743  INFO 3923 --- [    Test worker] p6spy                                    : #1665377283743 | took 0ms | statement | connection 7| url jdbc:h2:mem:6a3784ae-1aa6-4bbf-b617-4d4aeabcc2af
insert into spot (address, description, location, name, score_id, spot_id) values (?, ?, ?, ?, ?, ?)
insert into spot (address, description, location, name, score_id, spot_id) values (NULL, NULL, NULL, '관광지 1', NULL, 32);
2022-10-10 13:48:03.744  INFO 3923 --- [    Test worker] p6spy                                    : #1665377283744 | took 0ms | statement | connection 7| url jdbc:h2:mem:6a3784ae-1aa6-4bbf-b617-4d4aeabcc2af
insert into spot (address, description, location, name, score_id, spot_id) values (?, ?, ?, ?, ?, ?)
insert into spot (address, description, location, name, score_id, spot_id) values (NULL, NULL, NULL, '관광지 2', NULL, 33);
2022-10-10 13:48:03.744  INFO 3923 --- [    Test worker] p6spy                                    : #1665377283744 | took 0ms | statement | connection 7| url jdbc:h2:mem:6a3784ae-1aa6-4bbf-b617-4d4aeabcc2af
insert into spot (address, description, location, name, score_id, spot_id) values (?, ?, ?, ?, ?, ?)
insert into spot (address, description, location, name, score_id, spot_id) values (NULL, NULL, NULL, '관광지 3', NULL, 34);
2022-10-10 13:48:03.744  INFO 3923 --- [    Test worker] p6spy                                    : #1665377283744 | took 0ms | statement | connection 7| url jdbc:h2:mem:6a3784ae-1aa6-4bbf-b617-4d4aeabcc2af
insert into spot (address, description, location, name, score_id, spot_id) values (?, ?, ?, ?, ?, ?)
insert into spot (address, description, location, name, score_id, spot_id) values (NULL, NULL, NULL, '관광지 4', NULL, 35);
2022-10-10 13:48:03.744  INFO 3923 --- [    Test worker] p6spy                                    : #1665377283744 | took 0ms | statement | connection 7| url jdbc:h2:mem:6a3784ae-1aa6-4bbf-b617-4d4aeabcc2af
insert into spot (address, description, location, name, score_id, spot_id) values (?, ?, ?, ?, ?, ?)
insert into spot (address, description, location, name, score_id, spot_id) values (NULL, NULL, NULL, '관광지 5', NULL, 36);
2022-10-10 13:48:03.744  INFO 3923 --- [    Test worker] p6spy                                    : #1665377283744 | took 0ms | statement | connection 7| url jdbc:h2:mem:6a3784ae-1aa6-4bbf-b617-4d4aeabcc2af
insert into spot (address, description, location, name, score_id, spot_id) values (?, ?, ?, ?, ?, ?)
insert into spot (address, description, location, name, score_id, spot_id) values (NULL, NULL, NULL, '관광지 6', NULL, 37);
2022-10-10 13:48:03.745  INFO 3923 --- [    Test worker] p6spy                                    : #1665377283745 | took 0ms | statement | connection 7| url jdbc:h2:mem:6a3784ae-1aa6-4bbf-b617-4d4aeabcc2af
insert into spot (address, description, location, name, score_id, spot_id) values (?, ?, ?, ?, ?, ?)
insert into spot (address, description, location, name, score_id, spot_id) values (NULL, NULL, NULL, '관광지 7', NULL, 38);
2022-10-10 13:48:03.745  INFO 3923 --- [    Test worker] p6spy                                    : #1665377283745 | took 0ms | statement | connection 7| url jdbc:h2:mem:6a3784ae-1aa6-4bbf-b617-4d4aeabcc2af
insert into spot (address, description, location, name, score_id, spot_id) values (?, ?, ?, ?, ?, ?)
insert into spot (address, description, location, name, score_id, spot_id) values (NULL, NULL, NULL, '관광지 8', NULL, 39);
2022-10-10 13:48:03.745  INFO 3923 --- [    Test worker] p6spy                                    : #1665377283745 | took 0ms | statement | connection 7| url jdbc:h2:mem:6a3784ae-1aa6-4bbf-b617-4d4aeabcc2af
insert into spot (address, description, location, name, score_id, spot_id) values (?, ?, ?, ?, ?, ?)
insert into spot (address, description, location, name, score_id, spot_id) values (NULL, NULL, NULL, '관광지 9', NULL, 40);
2022-10-10 13:48:03.745  INFO 3923 --- [    Test worker] p6spy                                    : #1665377283745 | took 0ms | statement | connection 7| url jdbc:h2:mem:6a3784ae-1aa6-4bbf-b617-4d4aeabcc2af
insert into spot (address, description, location, name, score_id, spot_id) values (?, ?, ?, ?, ?, ?)
insert into spot (address, description, location, name, score_id, spot_id) values (NULL, NULL, NULL, '관광지 10', NULL, 41);
2022-10-10 13:48:03.745  INFO 3923 --- [    Test worker] p6spy                                    : #1665377283745 | took 0ms | statement | connection 7| url jdbc:h2:mem:6a3784ae-1aa6-4bbf-b617-4d4aeabcc2af
insert into spot (address, description, location, name, score_id, spot_id) values (?, ?, ?, ?, ?, ?)
insert into spot (address, description, location, name, score_id, spot_id) values (NULL, NULL, NULL, '관광지 11', NULL, 42);
2022-10-10 13:48:03.745  INFO 3923 --- [    Test worker] p6spy                                    : #1665377283745 | took 0ms | statement | connection 7| url jdbc:h2:mem:6a3784ae-1aa6-4bbf-b617-4d4aeabcc2af
insert into spot (address, description, location, name, score_id, spot_id) values (?, ?, ?, ?, ?, ?)
insert into spot (address, description, location, name, score_id, spot_id) values (NULL, NULL, NULL, '관광지 12', NULL, 43);
2022-10-10 13:48:03.746  INFO 3923 --- [    Test worker] p6spy                                    : #1665377283746 | took 0ms | statement | connection 7| url jdbc:h2:mem:6a3784ae-1aa6-4bbf-b617-4d4aeabcc2af
insert into spot (address, description, location, name, score_id, spot_id) values (?, ?, ?, ?, ?, ?)
insert into spot (address, description, location, name, score_id, spot_id) values (NULL, NULL, NULL, '관광지 13', NULL, 44);
2022-10-10 13:48:03.746  INFO 3923 --- [    Test worker] p6spy                                    : #1665377283746 | took 0ms | statement | connection 7| url jdbc:h2:mem:6a3784ae-1aa6-4bbf-b617-4d4aeabcc2af
insert into spot (address, description, location, name, score_id, spot_id) values (?, ?, ?, ?, ?, ?)
insert into spot (address, description, location, name, score_id, spot_id) values (NULL, NULL, NULL, '관광지 14', NULL, 45);
2022-10-10 13:48:03.746  INFO 3923 --- [    Test worker] p6spy                                    : #1665377283746 | took 0ms | statement | connection 7| url jdbc:h2:mem:6a3784ae-1aa6-4bbf-b617-4d4aeabcc2af
insert into favorite_spot (count, favorite_id, spot_id, favorite_spot_id) values (?, ?, ?, ?)
insert into favorite_spot (count, favorite_id, spot_id, favorite_spot_id) values (0, 12, 31, 32);
2022-10-10 13:48:03.746  INFO 3923 --- [    Test worker] p6spy                                    : #1665377283746 | took 0ms | statement | connection 7| url jdbc:h2:mem:6a3784ae-1aa6-4bbf-b617-4d4aeabcc2af
insert into picture (spot_id, url, picture_id) values (?, ?, ?)
insert into picture (spot_id, url, picture_id) values (31, 'java.io.StringReader@7d60a62f', 31);
2022-10-10 13:48:03.747  INFO 3923 --- [    Test worker] p6spy                                    : #1665377283747 | took 0ms | statement | connection 7| url jdbc:h2:mem:6a3784ae-1aa6-4bbf-b617-4d4aeabcc2af
insert into favorite_spot (count, favorite_id, spot_id, favorite_spot_id) values (?, ?, ?, ?)
insert into favorite_spot (count, favorite_id, spot_id, favorite_spot_id) values (0, 12, 32, 33);
2022-10-10 13:48:03.747  INFO 3923 --- [    Test worker] p6spy                                    : #1665377283747 | took 0ms | statement | connection 7| url jdbc:h2:mem:6a3784ae-1aa6-4bbf-b617-4d4aeabcc2af
insert into picture (spot_id, url, picture_id) values (?, ?, ?)
insert into picture (spot_id, url, picture_id) values (32, 'java.io.StringReader@763960eb', 32);
2022-10-10 13:48:03.747  INFO 3923 --- [    Test worker] p6spy                                    : #1665377283747 | took 0ms | statement | connection 7| url jdbc:h2:mem:6a3784ae-1aa6-4bbf-b617-4d4aeabcc2af
insert into favorite_spot (count, favorite_id, spot_id, favorite_spot_id) values (?, ?, ?, ?)
insert into favorite_spot (count, favorite_id, spot_id, favorite_spot_id) values (0, 12, 33, 34);
2022-10-10 13:48:03.747  INFO 3923 --- [    Test worker] p6spy                                    : #1665377283747 | took 0ms | statement | connection 7| url jdbc:h2:mem:6a3784ae-1aa6-4bbf-b617-4d4aeabcc2af
insert into picture (spot_id, url, picture_id) values (?, ?, ?)
insert into picture (spot_id, url, picture_id) values (33, 'java.io.StringReader@1e31e7e0', 33);
2022-10-10 13:48:03.748  INFO 3923 --- [    Test worker] p6spy                                    : #1665377283748 | took 0ms | statement | connection 7| url jdbc:h2:mem:6a3784ae-1aa6-4bbf-b617-4d4aeabcc2af
insert into favorite_spot (count, favorite_id, spot_id, favorite_spot_id) values (?, ?, ?, ?)
insert into favorite_spot (count, favorite_id, spot_id, favorite_spot_id) values (0, 12, 34, 35);
2022-10-10 13:48:03.748  INFO 3923 --- [    Test worker] p6spy                                    : #1665377283748 | took 0ms | statement | connection 7| url jdbc:h2:mem:6a3784ae-1aa6-4bbf-b617-4d4aeabcc2af
insert into picture (spot_id, url, picture_id) values (?, ?, ?)
insert into picture (spot_id, url, picture_id) values (34, 'java.io.StringReader@1c1b9de9', 34);
2022-10-10 13:48:03.748  INFO 3923 --- [    Test worker] p6spy                                    : #1665377283748 | took 0ms | statement | connection 7| url jdbc:h2:mem:6a3784ae-1aa6-4bbf-b617-4d4aeabcc2af
insert into favorite_spot (count, favorite_id, spot_id, favorite_spot_id) values (?, ?, ?, ?)
insert into favorite_spot (count, favorite_id, spot_id, favorite_spot_id) values (0, 12, 35, 36);
2022-10-10 13:48:03.748  INFO 3923 --- [    Test worker] p6spy                                    : #1665377283748 | took 0ms | statement | connection 7| url jdbc:h2:mem:6a3784ae-1aa6-4bbf-b617-4d4aeabcc2af
insert into picture (spot_id, url, picture_id) values (?, ?, ?)
insert into picture (spot_id, url, picture_id) values (35, 'java.io.StringReader@558bff39', 35);
2022-10-10 13:48:03.748  INFO 3923 --- [    Test worker] p6spy                                    : #1665377283748 | took 0ms | statement | connection 7| url jdbc:h2:mem:6a3784ae-1aa6-4bbf-b617-4d4aeabcc2af
insert into favorite_spot (count, favorite_id, spot_id, favorite_spot_id) values (?, ?, ?, ?)
insert into favorite_spot (count, favorite_id, spot_id, favorite_spot_id) values (0, 13, 36, 37);
2022-10-10 13:48:03.749  INFO 3923 --- [    Test worker] p6spy                                    : #1665377283749 | took 0ms | statement | connection 7| url jdbc:h2:mem:6a3784ae-1aa6-4bbf-b617-4d4aeabcc2af
insert into picture (spot_id, url, picture_id) values (?, ?, ?)
insert into picture (spot_id, url, picture_id) values (36, 'java.io.StringReader@2b75b77d', 36);
2022-10-10 13:48:03.749  INFO 3923 --- [    Test worker] p6spy                                    : #1665377283749 | took 0ms | statement | connection 7| url jdbc:h2:mem:6a3784ae-1aa6-4bbf-b617-4d4aeabcc2af
insert into favorite_spot (count, favorite_id, spot_id, favorite_spot_id) values (?, ?, ?, ?)
insert into favorite_spot (count, favorite_id, spot_id, favorite_spot_id) values (0, 13, 37, 38);
2022-10-10 13:48:03.749  INFO 3923 --- [    Test worker] p6spy                                    : #1665377283749 | took 0ms | statement | connection 7| url jdbc:h2:mem:6a3784ae-1aa6-4bbf-b617-4d4aeabcc2af
insert into picture (spot_id, url, picture_id) values (?, ?, ?)
insert into picture (spot_id, url, picture_id) values (37, 'java.io.StringReader@49de4263', 37);
2022-10-10 13:48:03.749  INFO 3923 --- [    Test worker] p6spy                                    : #1665377283749 | took 0ms | statement | connection 7| url jdbc:h2:mem:6a3784ae-1aa6-4bbf-b617-4d4aeabcc2af
insert into favorite_spot (count, favorite_id, spot_id, favorite_spot_id) values (?, ?, ?, ?)
insert into favorite_spot (count, favorite_id, spot_id, favorite_spot_id) values (0, 13, 38, 39);
2022-10-10 13:48:03.749  INFO 3923 --- [    Test worker] p6spy                                    : #1665377283749 | took 0ms | statement | connection 7| url jdbc:h2:mem:6a3784ae-1aa6-4bbf-b617-4d4aeabcc2af
insert into picture (spot_id, url, picture_id) values (?, ?, ?)
insert into picture (spot_id, url, picture_id) values (38, 'java.io.StringReader@58c48b92', 38);
2022-10-10 13:48:03.749  INFO 3923 --- [    Test worker] p6spy                                    : #1665377283749 | took 0ms | statement | connection 7| url jdbc:h2:mem:6a3784ae-1aa6-4bbf-b617-4d4aeabcc2af
insert into favorite_spot (count, favorite_id, spot_id, favorite_spot_id) values (?, ?, ?, ?)
insert into favorite_spot (count, favorite_id, spot_id, favorite_spot_id) values (0, 13, 39, 40);
2022-10-10 13:48:03.750  INFO 3923 --- [    Test worker] p6spy                                    : #1665377283750 | took 0ms | statement | connection 7| url jdbc:h2:mem:6a3784ae-1aa6-4bbf-b617-4d4aeabcc2af
insert into picture (spot_id, url, picture_id) values (?, ?, ?)
insert into picture (spot_id, url, picture_id) values (39, 'java.io.StringReader@233b5c71', 39);
2022-10-10 13:48:03.750  INFO 3923 --- [    Test worker] p6spy                                    : #1665377283750 | took 0ms | statement | connection 7| url jdbc:h2:mem:6a3784ae-1aa6-4bbf-b617-4d4aeabcc2af
insert into favorite_spot (count, favorite_id, spot_id, favorite_spot_id) values (?, ?, ?, ?)
insert into favorite_spot (count, favorite_id, spot_id, favorite_spot_id) values (0, 13, 40, 41);
2022-10-10 13:48:03.750  INFO 3923 --- [    Test worker] p6spy                                    : #1665377283750 | took 0ms | statement | connection 7| url jdbc:h2:mem:6a3784ae-1aa6-4bbf-b617-4d4aeabcc2af
insert into picture (spot_id, url, picture_id) values (?, ?, ?)
insert into picture (spot_id, url, picture_id) values (40, 'java.io.StringReader@1026770d', 40);
2022-10-10 13:48:03.751  INFO 3923 --- [    Test worker] p6spy                                    : #1665377283751 | took 0ms | statement | connection 7| url jdbc:h2:mem:6a3784ae-1aa6-4bbf-b617-4d4aeabcc2af
insert into favorite_spot (count, favorite_id, spot_id, favorite_spot_id) values (?, ?, ?, ?)
insert into favorite_spot (count, favorite_id, spot_id, favorite_spot_id) values (0, 14, 41, 42);
2022-10-10 13:48:03.751  INFO 3923 --- [    Test worker] p6spy                                    : #1665377283751 | took 0ms | statement | connection 7| url jdbc:h2:mem:6a3784ae-1aa6-4bbf-b617-4d4aeabcc2af
insert into picture (spot_id, url, picture_id) values (?, ?, ?)
insert into picture (spot_id, url, picture_id) values (41, 'java.io.StringReader@2a70c8d5', 41);
2022-10-10 13:48:03.751  INFO 3923 --- [    Test worker] p6spy                                    : #1665377283751 | took 0ms | statement | connection 7| url jdbc:h2:mem:6a3784ae-1aa6-4bbf-b617-4d4aeabcc2af
insert into favorite_spot (count, favorite_id, spot_id, favorite_spot_id) values (?, ?, ?, ?)
insert into favorite_spot (count, favorite_id, spot_id, favorite_spot_id) values (0, 14, 42, 43);
2022-10-10 13:48:03.751  INFO 3923 --- [    Test worker] p6spy                                    : #1665377283751 | took 0ms | statement | connection 7| url jdbc:h2:mem:6a3784ae-1aa6-4bbf-b617-4d4aeabcc2af
insert into picture (spot_id, url, picture_id) values (?, ?, ?)
insert into picture (spot_id, url, picture_id) values (42, 'java.io.StringReader@36dd68f1', 42);
2022-10-10 13:48:03.751  INFO 3923 --- [    Test worker] p6spy                                    : #1665377283751 | took 0ms | statement | connection 7| url jdbc:h2:mem:6a3784ae-1aa6-4bbf-b617-4d4aeabcc2af
insert into favorite_spot (count, favorite_id, spot_id, favorite_spot_id) values (?, ?, ?, ?)
insert into favorite_spot (count, favorite_id, spot_id, favorite_spot_id) values (0, 14, 43, 44);
2022-10-10 13:48:03.752  INFO 3923 --- [    Test worker] p6spy                                    : #1665377283751 | took 0ms | statement | connection 7| url jdbc:h2:mem:6a3784ae-1aa6-4bbf-b617-4d4aeabcc2af
insert into picture (spot_id, url, picture_id) values (?, ?, ?)
insert into picture (spot_id, url, picture_id) values (43, 'java.io.StringReader@250d3c1b', 43);
2022-10-10 13:48:03.752  INFO 3923 --- [    Test worker] p6spy                                    : #1665377283752 | took 0ms | statement | connection 7| url jdbc:h2:mem:6a3784ae-1aa6-4bbf-b617-4d4aeabcc2af
insert into favorite_spot (count, favorite_id, spot_id, favorite_spot_id) values (?, ?, ?, ?)
insert into favorite_spot (count, favorite_id, spot_id, favorite_spot_id) values (0, 14, 44, 45);
2022-10-10 13:48:03.752  INFO 3923 --- [    Test worker] p6spy                                    : #1665377283752 | took 0ms | statement | connection 7| url jdbc:h2:mem:6a3784ae-1aa6-4bbf-b617-4d4aeabcc2af
insert into picture (spot_id, url, picture_id) values (?, ?, ?)
insert into picture (spot_id, url, picture_id) values (44, 'java.io.StringReader@2c8c897e', 44);
2022-10-10 13:48:03.752  INFO 3923 --- [    Test worker] p6spy                                    : #1665377283752 | took 0ms | statement | connection 7| url jdbc:h2:mem:6a3784ae-1aa6-4bbf-b617-4d4aeabcc2af
insert into favorite_spot (count, favorite_id, spot_id, favorite_spot_id) values (?, ?, ?, ?)
insert into favorite_spot (count, favorite_id, spot_id, favorite_spot_id) values (0, 14, 45, 46);
2022-10-10 13:48:03.752  INFO 3923 --- [    Test worker] p6spy                                    : #1665377283752 | took 0ms | statement | connection 7| url jdbc:h2:mem:6a3784ae-1aa6-4bbf-b617-4d4aeabcc2af
insert into picture (spot_id, url, picture_id) values (?, ?, ?)
insert into picture (spot_id, url, picture_id) values (45, 'java.io.StringReader@77199818', 45);
2022-10-10 13:48:03.753  INFO 3923 --- [    Test worker] p6spy                                    : #1665377283753 | took 0ms | statement | connection 7| url jdbc:h2:mem:6a3784ae-1aa6-4bbf-b617-4d4aeabcc2af
select member0_.member_id as member_i1_2_, member0_.created_date as created_2_2_, member0_.last_modified_date as last_mod3_2_, member0_.created_by as created_4_2_, member0_.last_modified_by as last_mod5_2_, member0_.email as email6_2_, member0_.password as password7_2_, member0_.refresh_token as refresh_8_2_, member0_.role as role9_2_, member0_.username as usernam10_2_ from member member0_ where member0_.email=?
select member0_.member_id as member_i1_2_, member0_.created_date as created_2_2_, member0_.last_modified_date as last_mod3_2_, member0_.created_by as created_4_2_, member0_.last_modified_by as last_mod5_2_, member0_.email as email6_2_, member0_.password as password7_2_, member0_.refresh_token as refresh_8_2_, member0_.role as role9_2_, member0_.username as usernam10_2_ from member member0_ where member0_.email='em@naver.com';
2022-10-10 13:48:03.759  INFO 3923 --- [    Test worker] p6spy                                    : #1665377283759 | took 0ms | statement | connection 7| url jdbc:h2:mem:6a3784ae-1aa6-4bbf-b617-4d4aeabcc2af
select favorite0_.favorite_id as col_0_0_, favorite0_.name as col_1_0_ from favorite favorite0_ where favorite0_.member_id=? limit ?
select favorite0_.favorite_id as col_0_0_, favorite0_.name as col_1_0_ from favorite favorite0_ where favorite0_.member_id=3 limit 10;
2022-10-10 13:48:03.762  INFO 3923 --- [    Test worker] p6spy                                    : #1665377283762 | took 0ms | statement | connection 7| url jdbc:h2:mem:6a3784ae-1aa6-4bbf-b617-4d4aeabcc2af
select favoritesp0_.spot_id as col_0_0_ from favorite_spot favoritesp0_ where favoritesp0_.favorite_id=?
select favoritesp0_.spot_id as col_0_0_ from favorite_spot favoritesp0_ where favoritesp0_.favorite_id=12;
2022-10-10 13:48:03.766  INFO 3923 --- [    Test worker] p6spy                                    : #1665377283766 | took 0ms | statement | connection 7| url jdbc:h2:mem:6a3784ae-1aa6-4bbf-b617-4d4aeabcc2af
select picture0_.picture_id as col_0_0_, picture0_.url as col_1_0_, picture0_.spot_id as col_2_0_ from picture picture0_ inner join spot spot1_ on picture0_.spot_id=spot1_.spot_id where picture0_.spot_id=? limit ?
select picture0_.picture_id as col_0_0_, picture0_.url as col_1_0_, picture0_.spot_id as col_2_0_ from picture picture0_ inner join spot spot1_ on picture0_.spot_id=spot1_.spot_id where picture0_.spot_id=31 limit 3;
2022-10-10 13:48:03.769  INFO 3923 --- [    Test worker] p6spy                                    : #1665377283769 | took 0ms | statement | connection 7| url jdbc:h2:mem:6a3784ae-1aa6-4bbf-b617-4d4aeabcc2af
select picture0_.picture_id as col_0_0_, picture0_.url as col_1_0_, picture0_.spot_id as col_2_0_ from picture picture0_ inner join spot spot1_ on picture0_.spot_id=spot1_.spot_id where picture0_.spot_id=? limit ?
select picture0_.picture_id as col_0_0_, picture0_.url as col_1_0_, picture0_.spot_id as col_2_0_ from picture picture0_ inner join spot spot1_ on picture0_.spot_id=spot1_.spot_id where picture0_.spot_id=32 limit 3;
2022-10-10 13:48:03.770  INFO 3923 --- [    Test worker] p6spy                                    : #1665377283770 | took 0ms | statement | connection 7| url jdbc:h2:mem:6a3784ae-1aa6-4bbf-b617-4d4aeabcc2af
select picture0_.picture_id as col_0_0_, picture0_.url as col_1_0_, picture0_.spot_id as col_2_0_ from picture picture0_ inner join spot spot1_ on picture0_.spot_id=spot1_.spot_id where picture0_.spot_id=? limit ?
select picture0_.picture_id as col_0_0_, picture0_.url as col_1_0_, picture0_.spot_id as col_2_0_ from picture picture0_ inner join spot spot1_ on picture0_.spot_id=spot1_.spot_id where picture0_.spot_id=33 limit 3;
2022-10-10 13:48:03.770  INFO 3923 --- [    Test worker] p6spy                                    : #1665377283770 | took 0ms | statement | connection 7| url jdbc:h2:mem:6a3784ae-1aa6-4bbf-b617-4d4aeabcc2af
select picture0_.picture_id as col_0_0_, picture0_.url as col_1_0_, picture0_.spot_id as col_2_0_ from picture picture0_ inner join spot spot1_ on picture0_.spot_id=spot1_.spot_id where picture0_.spot_id=? limit ?
select picture0_.picture_id as col_0_0_, picture0_.url as col_1_0_, picture0_.spot_id as col_2_0_ from picture picture0_ inner join spot spot1_ on picture0_.spot_id=spot1_.spot_id where picture0_.spot_id=34 limit 3;
2022-10-10 13:48:03.771  INFO 3923 --- [    Test worker] p6spy                                    : #1665377283771 | took 0ms | statement | connection 7| url jdbc:h2:mem:6a3784ae-1aa6-4bbf-b617-4d4aeabcc2af
select picture0_.picture_id as col_0_0_, picture0_.url as col_1_0_, picture0_.spot_id as col_2_0_ from picture picture0_ inner join spot spot1_ on picture0_.spot_id=spot1_.spot_id where picture0_.spot_id=? limit ?
select picture0_.picture_id as col_0_0_, picture0_.url as col_1_0_, picture0_.spot_id as col_2_0_ from picture picture0_ inner join spot spot1_ on picture0_.spot_id=spot1_.spot_id where picture0_.spot_id=35 limit 3;
2022-10-10 13:48:03.772  INFO 3923 --- [    Test worker] p6spy                                    : #1665377283772 | took 0ms | statement | connection 7| url jdbc:h2:mem:6a3784ae-1aa6-4bbf-b617-4d4aeabcc2af
select favoritesp0_.spot_id as col_0_0_ from favorite_spot favoritesp0_ where favoritesp0_.favorite_id=?
select favoritesp0_.spot_id as col_0_0_ from favorite_spot favoritesp0_ where favoritesp0_.favorite_id=13;
2022-10-10 13:48:03.772  INFO 3923 --- [    Test worker] p6spy                                    : #1665377283772 | took 0ms | statement | connection 7| url jdbc:h2:mem:6a3784ae-1aa6-4bbf-b617-4d4aeabcc2af
select picture0_.picture_id as col_0_0_, picture0_.url as col_1_0_, picture0_.spot_id as col_2_0_ from picture picture0_ inner join spot spot1_ on picture0_.spot_id=spot1_.spot_id where picture0_.spot_id=? limit ?
select picture0_.picture_id as col_0_0_, picture0_.url as col_1_0_, picture0_.spot_id as col_2_0_ from picture picture0_ inner join spot spot1_ on picture0_.spot_id=spot1_.spot_id where picture0_.spot_id=36 limit 3;
2022-10-10 13:48:03.773  INFO 3923 --- [    Test worker] p6spy                                    : #1665377283773 | took 0ms | statement | connection 7| url jdbc:h2:mem:6a3784ae-1aa6-4bbf-b617-4d4aeabcc2af
select picture0_.picture_id as col_0_0_, picture0_.url as col_1_0_, picture0_.spot_id as col_2_0_ from picture picture0_ inner join spot spot1_ on picture0_.spot_id=spot1_.spot_id where picture0_.spot_id=? limit ?
select picture0_.picture_id as col_0_0_, picture0_.url as col_1_0_, picture0_.spot_id as col_2_0_ from picture picture0_ inner join spot spot1_ on picture0_.spot_id=spot1_.spot_id where picture0_.spot_id=37 limit 3;
2022-10-10 13:48:03.774  INFO 3923 --- [    Test worker] p6spy                                    : #1665377283774 | took 0ms | statement | connection 7| url jdbc:h2:mem:6a3784ae-1aa6-4bbf-b617-4d4aeabcc2af
select picture0_.picture_id as col_0_0_, picture0_.url as col_1_0_, picture0_.spot_id as col_2_0_ from picture picture0_ inner join spot spot1_ on picture0_.spot_id=spot1_.spot_id where picture0_.spot_id=? limit ?
select picture0_.picture_id as col_0_0_, picture0_.url as col_1_0_, picture0_.spot_id as col_2_0_ from picture picture0_ inner join spot spot1_ on picture0_.spot_id=spot1_.spot_id where picture0_.spot_id=38 limit 3;
2022-10-10 13:48:03.774  INFO 3923 --- [    Test worker] p6spy                                    : #1665377283774 | took 0ms | statement | connection 7| url jdbc:h2:mem:6a3784ae-1aa6-4bbf-b617-4d4aeabcc2af
select picture0_.picture_id as col_0_0_, picture0_.url as col_1_0_, picture0_.spot_id as col_2_0_ from picture picture0_ inner join spot spot1_ on picture0_.spot_id=spot1_.spot_id where picture0_.spot_id=? limit ?
select picture0_.picture_id as col_0_0_, picture0_.url as col_1_0_, picture0_.spot_id as col_2_0_ from picture picture0_ inner join spot spot1_ on picture0_.spot_id=spot1_.spot_id where picture0_.spot_id=39 limit 3;
2022-10-10 13:48:03.775  INFO 3923 --- [    Test worker] p6spy                                    : #1665377283775 | took 0ms | statement | connection 7| url jdbc:h2:mem:6a3784ae-1aa6-4bbf-b617-4d4aeabcc2af
select picture0_.picture_id as col_0_0_, picture0_.url as col_1_0_, picture0_.spot_id as col_2_0_ from picture picture0_ inner join spot spot1_ on picture0_.spot_id=spot1_.spot_id where picture0_.spot_id=? limit ?
select picture0_.picture_id as col_0_0_, picture0_.url as col_1_0_, picture0_.spot_id as col_2_0_ from picture picture0_ inner join spot spot1_ on picture0_.spot_id=spot1_.spot_id where picture0_.spot_id=40 limit 3;
2022-10-10 13:48:03.776  INFO 3923 --- [    Test worker] p6spy                                    : #1665377283776 | took 0ms | statement | connection 7| url jdbc:h2:mem:6a3784ae-1aa6-4bbf-b617-4d4aeabcc2af
select favoritesp0_.spot_id as col_0_0_ from favorite_spot favoritesp0_ where favoritesp0_.favorite_id=?
select favoritesp0_.spot_id as col_0_0_ from favorite_spot favoritesp0_ where favoritesp0_.favorite_id=14;
2022-10-10 13:48:03.776  INFO 3923 --- [    Test worker] p6spy                                    : #1665377283776 | took 0ms | statement | connection 7| url jdbc:h2:mem:6a3784ae-1aa6-4bbf-b617-4d4aeabcc2af
select picture0_.picture_id as col_0_0_, picture0_.url as col_1_0_, picture0_.spot_id as col_2_0_ from picture picture0_ inner join spot spot1_ on picture0_.spot_id=spot1_.spot_id where picture0_.spot_id=? limit ?
select picture0_.picture_id as col_0_0_, picture0_.url as col_1_0_, picture0_.spot_id as col_2_0_ from picture picture0_ inner join spot spot1_ on picture0_.spot_id=spot1_.spot_id where picture0_.spot_id=41 limit 3;
2022-10-10 13:48:03.777  INFO 3923 --- [    Test worker] p6spy                                    : #1665377283777 | took 0ms | statement | connection 7| url jdbc:h2:mem:6a3784ae-1aa6-4bbf-b617-4d4aeabcc2af
select picture0_.picture_id as col_0_0_, picture0_.url as col_1_0_, picture0_.spot_id as col_2_0_ from picture picture0_ inner join spot spot1_ on picture0_.spot_id=spot1_.spot_id where picture0_.spot_id=? limit ?
select picture0_.picture_id as col_0_0_, picture0_.url as col_1_0_, picture0_.spot_id as col_2_0_ from picture picture0_ inner join spot spot1_ on picture0_.spot_id=spot1_.spot_id where picture0_.spot_id=42 limit 3;
2022-10-10 13:48:03.778  INFO 3923 --- [    Test worker] p6spy                                    : #1665377283778 | took 0ms | statement | connection 7| url jdbc:h2:mem:6a3784ae-1aa6-4bbf-b617-4d4aeabcc2af
select picture0_.picture_id as col_0_0_, picture0_.url as col_1_0_, picture0_.spot_id as col_2_0_ from picture picture0_ inner join spot spot1_ on picture0_.spot_id=spot1_.spot_id where picture0_.spot_id=? limit ?
select picture0_.picture_id as col_0_0_, picture0_.url as col_1_0_, picture0_.spot_id as col_2_0_ from picture picture0_ inner join spot spot1_ on picture0_.spot_id=spot1_.spot_id where picture0_.spot_id=43 limit 3;
2022-10-10 13:48:03.778  INFO 3923 --- [    Test worker] p6spy                                    : #1665377283778 | took 0ms | statement | connection 7| url jdbc:h2:mem:6a3784ae-1aa6-4bbf-b617-4d4aeabcc2af
select picture0_.picture_id as col_0_0_, picture0_.url as col_1_0_, picture0_.spot_id as col_2_0_ from picture picture0_ inner join spot spot1_ on picture0_.spot_id=spot1_.spot_id where picture0_.spot_id=? limit ?
select picture0_.picture_id as col_0_0_, picture0_.url as col_1_0_, picture0_.spot_id as col_2_0_ from picture picture0_ inner join spot spot1_ on picture0_.spot_id=spot1_.spot_id where picture0_.spot_id=44 limit 3;
2022-10-10 13:48:03.779  INFO 3923 --- [    Test worker] p6spy                                    : #1665377283779 | took 0ms | statement | connection 7| url jdbc:h2:mem:6a3784ae-1aa6-4bbf-b617-4d4aeabcc2af
select picture0_.picture_id as col_0_0_, picture0_.url as col_1_0_, picture0_.spot_id as col_2_0_ from picture picture0_ inner join spot spot1_ on picture0_.spot_id=spot1_.spot_id where picture0_.spot_id=? limit ?
select picture0_.picture_id as col_0_0_, picture0_.url as col_1_0_, picture0_.spot_id as col_2_0_ from picture picture0_ inner join spot spot1_ on picture0_.spot_id=spot1_.spot_id where picture0_.spot_id=45 limit 3;
2022-10-10 13:48:03.780  INFO 3923 --- [    Test worker] p6spy                                    : #1665377283780 | took 0ms | statement | connection 7| url jdbc:h2:mem:6a3784ae-1aa6-4bbf-b617-4d4aeabcc2af
select favoritesp0_.spot_id as col_0_0_ from favorite_spot favoritesp0_ where favoritesp0_.favorite_id=?
select favoritesp0_.spot_id as col_0_0_ from favorite_spot favoritesp0_ where favoritesp0_.favorite_id=15;
2022-10-10 13:48:03.780  INFO 3923 --- [    Test worker] p6spy                                    : #1665377283780 | took 0ms | statement | connection 7| url jdbc:h2:mem:6a3784ae-1aa6-4bbf-b617-4d4aeabcc2af
select favoritesp0_.spot_id as col_0_0_ from favorite_spot favoritesp0_ where favoritesp0_.favorite_id=?
select favoritesp0_.spot_id as col_0_0_ from favorite_spot favoritesp0_ where favoritesp0_.favorite_id=16;
2022-10-10 13:48:03.783  INFO 3923 --- [    Test worker] c.j.domain.Service.FavoriteServiceTest   : favoriteListContent = [FavoriteListDto(favoriteId=12, favoriteName=1일차, pictureDetailDtoListBySpotId=[[PictureDetailDto(pictureId=31, url=숫자0, spotId=31)], [PictureDetailDto(pictureId=32, url=숫자1, spotId=32)], [PictureDetailDto(pictureId=33, url=숫자2, spotId=33)], [PictureDetailDto(pictureId=34, url=숫자3, spotId=34)], [PictureDetailDto(pictureId=35, url=숫자4, spotId=35)]]), FavoriteListDto(favoriteId=13, favoriteName=2일차, pictureDetailDtoListBySpotId=[[PictureDetailDto(pictureId=36, url=숫자5, spotId=36)], [PictureDetailDto(pictureId=37, url=숫자6, spotId=37)], [PictureDetailDto(pictureId=38, url=숫자7, spotId=38)], [PictureDetailDto(pictureId=39, url=숫자8, spotId=39)], [PictureDetailDto(pictureId=40, url=숫자9, spotId=40)]]), FavoriteListDto(favoriteId=14, favoriteName=3일차, pictureDetailDtoListBySpotId=[[PictureDetailDto(pictureId=41, url=숫자10, spotId=41)], [PictureDetailDto(pictureId=42, url=숫자11, spotId=42)], [PictureDetailDto(pictureId=43, url=숫자12, spotId=43)], [PictureDetailDto(pictureId=44, url=숫자13, spotId=44)], [PictureDetailDto(pictureId=45, url=숫자14, spotId=45)]]), FavoriteListDto(favoriteId=15, favoriteName=4일차, pictureDetailDtoListBySpotId=[]), FavoriteListDto(favoriteId=16, favoriteName=5일차, pictureDetailDtoListBySpotId=[])]
2022-10-10 13:48:03.790  INFO 3923 --- [    Test worker] p6spy                                    : #1665377283790 | took 0ms | rollback | connection 7| url jdbc:h2:mem:6a3784ae-1aa6-4bbf-b617-4d4aeabcc2af

;
2022-10-10 13:48:03.790  INFO 3923 --- [    Test worker] o.s.t.c.transaction.TransactionContext   : Rolled back transaction for test: [DefaultTestContext@4a67318f testClass = FavoriteServiceTest, testInstance = capstone.jejuTourrecommend.domain.Service.FavoriteServiceTest@2ef99072, testMethod = getFavoriteListTest@FavoriteServiceTest, testException = [null], mergedContextConfiguration = [WebMergedContextConfiguration@315ba14a testClass = FavoriteServiceTest, locations = '{}', classes = '{class capstone.jejuTourrecommend.JejuTourRecommendApplication}', contextInitializerClasses = '[]', activeProfiles = '{}', propertySourceLocations = '{}', propertySourceProperties = '{org.springframework.boot.test.context.SpringBootTestContextBootstrapper=true}', contextCustomizers = set[org.springframework.boot.test.autoconfigure.actuate.metrics.MetricsExportContextCustomizerFactory$DisableMetricExportContextCustomizer@239b0f9d, org.springframework.boot.test.autoconfigure.properties.PropertyMappingContextCustomizer@0, org.springframework.boot.test.autoconfigure.web.servlet.WebDriverContextCustomizerFactory$Customizer@c260bdc, org.springframework.boot.test.context.filter.ExcludeFilterContextCustomizer@3f363cf5, org.springframework.boot.test.json.DuplicateJsonObjectContextCustomizerFactory$DuplicateJsonObjectContextCustomizer@1bb1fde8, org.springframework.boot.test.mock.mockito.MockitoContextCustomizer@0, org.springframework.boot.test.web.client.TestRestTemplateContextCustomizer@26a4842b, org.springframework.boot.test.context.SpringBootTestArgs@1, org.springframework.boot.test.context.SpringBootTestWebEnvironment@34b9f960], resourceBasePath = 'src/main/webapp', contextLoader = 'org.springframework.boot.test.context.SpringBootContextLoader', parent = [null]], attributes = map['org.springframework.test.context.web.ServletTestExecutionListener.activateListener' -> true, 'org.springframework.test.context.web.ServletTestExecutionListener.populatedRequestContextHolder' -> true, 'org.springframework.test.context.web.ServletTestExecutionListener.resetRequestContextHolder' -> true, 'org.springframework.test.context.event.ApplicationEventsTestExecutionListener.recordApplicationEvents' -> false]]
2022-10-10 13:48:03.792  INFO 3923 --- [    Test worker] o.s.t.c.transaction.TransactionContext   : Began transaction (1) for test context [DefaultTestContext@4a67318f testClass = FavoriteServiceTest, testInstance = capstone.jejuTourrecommend.domain.Service.FavoriteServiceTest@507c33cc, testMethod = postFavoriteFormTest@FavoriteServiceTest, testException = [null], mergedContextConfiguration = [WebMergedContextConfiguration@315ba14a testClass = FavoriteServiceTest, locations = '{}', classes = '{class capstone.jejuTourrecommend.JejuTourRecommendApplication}', contextInitializerClasses = '[]', activeProfiles = '{}', propertySourceLocations = '{}', propertySourceProperties = '{org.springframework.boot.test.context.SpringBootTestContextBootstrapper=true}', contextCustomizers = set[org.springframework.boot.test.autoconfigure.actuate.metrics.MetricsExportContextCustomizerFactory$DisableMetricExportContextCustomizer@239b0f9d, org.springframework.boot.test.autoconfigure.properties.PropertyMappingContextCustomizer@0, org.springframework.boot.test.autoconfigure.web.servlet.WebDriverContextCustomizerFactory$Customizer@c260bdc, org.springframework.boot.test.context.filter.ExcludeFilterContextCustomizer@3f363cf5, org.springframework.boot.test.json.DuplicateJsonObjectContextCustomizerFactory$DuplicateJsonObjectContextCustomizer@1bb1fde8, org.springframework.boot.test.mock.mockito.MockitoContextCustomizer@0, org.springframework.boot.test.web.client.TestRestTemplateContextCustomizer@26a4842b, org.springframework.boot.test.context.SpringBootTestArgs@1, org.springframework.boot.test.context.SpringBootTestWebEnvironment@34b9f960], resourceBasePath = 'src/main/webapp', contextLoader = 'org.springframework.boot.test.context.SpringBootContextLoader', parent = [null]], attributes = map['org.springframework.test.context.web.ServletTestExecutionListener.activateListener' -> true, 'org.springframework.test.context.web.ServletTestExecutionListener.populatedRequestContextHolder' -> true, 'org.springframework.test.context.web.ServletTestExecutionListener.resetRequestContextHolder' -> true, 'org.springframework.test.context.event.ApplicationEventsTestExecutionListener.recordApplicationEvents' -> false]]; transaction manager [org.springframework.orm.jpa.JpaTransactionManager@5843ab8]; rollback [true]
2022-10-10 13:48:03.793  INFO 3923 --- [    Test worker] c.j.domain.Service.FavoriteServiceTest   : favorite1 = Favorite(id=17, name=1일차)
2022-10-10 13:48:03.793  INFO 3923 --- [    Test worker] c.j.domain.Service.FavoriteServiceTest   : favorite5 = Favorite(id=21, name=5일차)
2022-10-10 13:48:03.794  INFO 3923 --- [    Test worker] p6spy                                    : #1665377283794 | took 0ms | statement | connection 8| url jdbc:h2:mem:6a3784ae-1aa6-4bbf-b617-4d4aeabcc2af
call next value for spot_seq
call next value for spot_seq;
2022-10-10 13:48:03.794  INFO 3923 --- [    Test worker] c.j.domain.Service.FavoriteServiceTest   : spot0 = capstone.jejuTourrecommend.domain.Spot@76ad048a
2022-10-10 13:48:03.794  INFO 3923 --- [    Test worker] c.j.domain.Service.FavoriteServiceTest   : spot14 = capstone.jejuTourrecommend.domain.Spot@8cc1bac
2022-10-10 13:48:03.795  INFO 3923 --- [    Test worker] p6spy                                    : #1665377283795 | took 0ms | statement | connection 8| url jdbc:h2:mem:6a3784ae-1aa6-4bbf-b617-4d4aeabcc2af
call next value for hibernate_sequence
call next value for hibernate_sequence;
2022-10-10 13:48:03.795  INFO 3923 --- [    Test worker] p6spy                                    : #1665377283795 | took 0ms | statement | connection 8| url jdbc:h2:mem:6a3784ae-1aa6-4bbf-b617-4d4aeabcc2af
call next value for hibernate_sequence
call next value for hibernate_sequence;
2022-10-10 13:48:03.795  INFO 3923 --- [    Test worker] p6spy                                    : #1665377283795 | took 0ms | statement | connection 8| url jdbc:h2:mem:6a3784ae-1aa6-4bbf-b617-4d4aeabcc2af
call next value for hibernate_sequence
call next value for hibernate_sequence;
2022-10-10 13:48:03.795  INFO 3923 --- [    Test worker] p6spy                                    : #1665377283795 | took 0ms | statement | connection 8| url jdbc:h2:mem:6a3784ae-1aa6-4bbf-b617-4d4aeabcc2af
call next value for hibernate_sequence
call next value for hibernate_sequence;
2022-10-10 13:48:03.795  INFO 3923 --- [    Test worker] p6spy                                    : #1665377283795 | took 0ms | statement | connection 8| url jdbc:h2:mem:6a3784ae-1aa6-4bbf-b617-4d4aeabcc2af
call next value for hibernate_sequence
call next value for hibernate_sequence;
2022-10-10 13:48:03.795  INFO 3923 --- [    Test worker] p6spy                                    : #1665377283795 | took 0ms | statement | connection 8| url jdbc:h2:mem:6a3784ae-1aa6-4bbf-b617-4d4aeabcc2af
call next value for favoritespot_seq
call next value for favoritespot_seq;
2022-10-10 13:48:03.795  INFO 3923 --- [    Test worker] p6spy                                    : #1665377283795 | took 0ms | statement | connection 8| url jdbc:h2:mem:6a3784ae-1aa6-4bbf-b617-4d4aeabcc2af
call next value for hibernate_sequence
call next value for hibernate_sequence;
2022-10-10 13:48:03.796  INFO 3923 --- [    Test worker] p6spy                                    : #1665377283796 | took 0ms | statement | connection 8| url jdbc:h2:mem:6a3784ae-1aa6-4bbf-b617-4d4aeabcc2af
call next value for hibernate_sequence
call next value for hibernate_sequence;
2022-10-10 13:48:03.796  INFO 3923 --- [    Test worker] p6spy                                    : #1665377283796 | took 0ms | statement | connection 8| url jdbc:h2:mem:6a3784ae-1aa6-4bbf-b617-4d4aeabcc2af
call next value for hibernate_sequence
call next value for hibernate_sequence;
2022-10-10 13:48:03.796  INFO 3923 --- [    Test worker] p6spy                                    : #1665377283796 | took 0ms | statement | connection 8| url jdbc:h2:mem:6a3784ae-1aa6-4bbf-b617-4d4aeabcc2af
call next value for hibernate_sequence
call next value for hibernate_sequence;
2022-10-10 13:48:03.796  INFO 3923 --- [    Test worker] p6spy                                    : #1665377283796 | took 0ms | statement | connection 8| url jdbc:h2:mem:6a3784ae-1aa6-4bbf-b617-4d4aeabcc2af
call next value for hibernate_sequence
call next value for hibernate_sequence;
2022-10-10 13:48:03.796  INFO 3923 --- [    Test worker] p6spy                                    : #1665377283796 | took 0ms | statement | connection 8| url jdbc:h2:mem:6a3784ae-1aa6-4bbf-b617-4d4aeabcc2af
call next value for hibernate_sequence
call next value for hibernate_sequence;
2022-10-10 13:48:03.796  INFO 3923 --- [    Test worker] p6spy                                    : #1665377283796 | took 0ms | statement | connection 8| url jdbc:h2:mem:6a3784ae-1aa6-4bbf-b617-4d4aeabcc2af
call next value for hibernate_sequence
call next value for hibernate_sequence;
2022-10-10 13:48:03.796  INFO 3923 --- [    Test worker] p6spy                                    : #1665377283796 | took 0ms | statement | connection 8| url jdbc:h2:mem:6a3784ae-1aa6-4bbf-b617-4d4aeabcc2af
call next value for hibernate_sequence
call next value for hibernate_sequence;
2022-10-10 13:48:03.797  INFO 3923 --- [    Test worker] p6spy                                    : #1665377283797 | took 0ms | statement | connection 8| url jdbc:h2:mem:6a3784ae-1aa6-4bbf-b617-4d4aeabcc2af
call next value for hibernate_sequence
call next value for hibernate_sequence;
2022-10-10 13:48:03.797  INFO 3923 --- [    Test worker] p6spy                                    : #1665377283797 | took 0ms | statement | connection 8| url jdbc:h2:mem:6a3784ae-1aa6-4bbf-b617-4d4aeabcc2af
call next value for hibernate_sequence
call next value for hibernate_sequence;
2022-10-10 13:48:03.798  INFO 3923 --- [    Test worker] p6spy                                    : #1665377283798 | took 0ms | statement | connection 8| url jdbc:h2:mem:6a3784ae-1aa6-4bbf-b617-4d4aeabcc2af
insert into member (created_date, last_modified_date, created_by, last_modified_by, email, password, refresh_token, role, username, member_id) values (?, ?, ?, ?, ?, ?, ?, ?, ?, ?)
insert into member (created_date, last_modified_date, created_by, last_modified_by, email, password, refresh_token, role, username, member_id) values ('2022-10-10T13:48:03.793+0900', '2022-10-10T13:48:03.793+0900', '75692b74-d042-4caa-841a-4c034bbc1281', '75692b74-d042-4caa-841a-4c034bbc1281', 'em@naver.com', '1234', NULL, NULL, 'leoJoo', 4);
2022-10-10 13:48:03.798  INFO 3923 --- [    Test worker] p6spy                                    : #1665377283798 | took 0ms | statement | connection 8| url jdbc:h2:mem:6a3784ae-1aa6-4bbf-b617-4d4aeabcc2af
insert into favorite (member_id, name, favorite_id) values (?, ?, ?)
insert into favorite (member_id, name, favorite_id) values (4, '1일차', 17);
2022-10-10 13:48:03.799  INFO 3923 --- [    Test worker] p6spy                                    : #1665377283799 | took 0ms | statement | connection 8| url jdbc:h2:mem:6a3784ae-1aa6-4bbf-b617-4d4aeabcc2af
insert into favorite (member_id, name, favorite_id) values (?, ?, ?)
insert into favorite (member_id, name, favorite_id) values (4, '2일차', 18);
2022-10-10 13:48:03.799  INFO 3923 --- [    Test worker] p6spy                                    : #1665377283799 | took 0ms | statement | connection 8| url jdbc:h2:mem:6a3784ae-1aa6-4bbf-b617-4d4aeabcc2af
insert into favorite (member_id, name, favorite_id) values (?, ?, ?)
insert into favorite (member_id, name, favorite_id) values (4, '3일차', 19);
2022-10-10 13:48:03.799  INFO 3923 --- [    Test worker] p6spy                                    : #1665377283799 | took 0ms | statement | connection 8| url jdbc:h2:mem:6a3784ae-1aa6-4bbf-b617-4d4aeabcc2af
insert into favorite (member_id, name, favorite_id) values (?, ?, ?)
insert into favorite (member_id, name, favorite_id) values (4, '4일차', 20);
2022-10-10 13:48:03.799  INFO 3923 --- [    Test worker] p6spy                                    : #1665377283799 | took 0ms | statement | connection 8| url jdbc:h2:mem:6a3784ae-1aa6-4bbf-b617-4d4aeabcc2af
insert into favorite (member_id, name, favorite_id) values (?, ?, ?)
insert into favorite (member_id, name, favorite_id) values (4, '5일차', 21);
2022-10-10 13:48:03.799  INFO 3923 --- [    Test worker] p6spy                                    : #1665377283799 | took 0ms | statement | connection 8| url jdbc:h2:mem:6a3784ae-1aa6-4bbf-b617-4d4aeabcc2af
insert into spot (address, description, location, name, score_id, spot_id) values (?, ?, ?, ?, ?, ?)
insert into spot (address, description, location, name, score_id, spot_id) values (NULL, NULL, NULL, '관광지 0', NULL, 46);
2022-10-10 13:48:03.799  INFO 3923 --- [    Test worker] p6spy                                    : #1665377283799 | took 0ms | statement | connection 8| url jdbc:h2:mem:6a3784ae-1aa6-4bbf-b617-4d4aeabcc2af
insert into spot (address, description, location, name, score_id, spot_id) values (?, ?, ?, ?, ?, ?)
insert into spot (address, description, location, name, score_id, spot_id) values (NULL, NULL, NULL, '관광지 1', NULL, 47);
2022-10-10 13:48:03.799  INFO 3923 --- [    Test worker] p6spy                                    : #1665377283799 | took 0ms | statement | connection 8| url jdbc:h2:mem:6a3784ae-1aa6-4bbf-b617-4d4aeabcc2af
insert into spot (address, description, location, name, score_id, spot_id) values (?, ?, ?, ?, ?, ?)
insert into spot (address, description, location, name, score_id, spot_id) values (NULL, NULL, NULL, '관광지 2', NULL, 48);
2022-10-10 13:48:03.800  INFO 3923 --- [    Test worker] p6spy                                    : #1665377283800 | took 0ms | statement | connection 8| url jdbc:h2:mem:6a3784ae-1aa6-4bbf-b617-4d4aeabcc2af
insert into spot (address, description, location, name, score_id, spot_id) values (?, ?, ?, ?, ?, ?)
insert into spot (address, description, location, name, score_id, spot_id) values (NULL, NULL, NULL, '관광지 3', NULL, 49);
2022-10-10 13:48:03.800  INFO 3923 --- [    Test worker] p6spy                                    : #1665377283800 | took 0ms | statement | connection 8| url jdbc:h2:mem:6a3784ae-1aa6-4bbf-b617-4d4aeabcc2af
insert into spot (address, description, location, name, score_id, spot_id) values (?, ?, ?, ?, ?, ?)
insert into spot (address, description, location, name, score_id, spot_id) values (NULL, NULL, NULL, '관광지 4', NULL, 50);
2022-10-10 13:48:03.800  INFO 3923 --- [    Test worker] p6spy                                    : #1665377283800 | took 0ms | statement | connection 8| url jdbc:h2:mem:6a3784ae-1aa6-4bbf-b617-4d4aeabcc2af
insert into spot (address, description, location, name, score_id, spot_id) values (?, ?, ?, ?, ?, ?)
insert into spot (address, description, location, name, score_id, spot_id) values (NULL, NULL, NULL, '관광지 5', NULL, 51);
2022-10-10 13:48:03.800  INFO 3923 --- [    Test worker] p6spy                                    : #1665377283800 | took 0ms | statement | connection 8| url jdbc:h2:mem:6a3784ae-1aa6-4bbf-b617-4d4aeabcc2af
insert into spot (address, description, location, name, score_id, spot_id) values (?, ?, ?, ?, ?, ?)
insert into spot (address, description, location, name, score_id, spot_id) values (NULL, NULL, NULL, '관광지 6', NULL, 52);
2022-10-10 13:48:03.800  INFO 3923 --- [    Test worker] p6spy                                    : #1665377283800 | took 0ms | statement | connection 8| url jdbc:h2:mem:6a3784ae-1aa6-4bbf-b617-4d4aeabcc2af
insert into spot (address, description, location, name, score_id, spot_id) values (?, ?, ?, ?, ?, ?)
insert into spot (address, description, location, name, score_id, spot_id) values (NULL, NULL, NULL, '관광지 7', NULL, 53);
2022-10-10 13:48:03.800  INFO 3923 --- [    Test worker] p6spy                                    : #1665377283800 | took 0ms | statement | connection 8| url jdbc:h2:mem:6a3784ae-1aa6-4bbf-b617-4d4aeabcc2af
insert into spot (address, description, location, name, score_id, spot_id) values (?, ?, ?, ?, ?, ?)
insert into spot (address, description, location, name, score_id, spot_id) values (NULL, NULL, NULL, '관광지 8', NULL, 54);
2022-10-10 13:48:03.800  INFO 3923 --- [    Test worker] p6spy                                    : #1665377283800 | took 0ms | statement | connection 8| url jdbc:h2:mem:6a3784ae-1aa6-4bbf-b617-4d4aeabcc2af
insert into spot (address, description, location, name, score_id, spot_id) values (?, ?, ?, ?, ?, ?)
insert into spot (address, description, location, name, score_id, spot_id) values (NULL, NULL, NULL, '관광지 9', NULL, 55);
2022-10-10 13:48:03.800  INFO 3923 --- [    Test worker] p6spy                                    : #1665377283800 | took 0ms | statement | connection 8| url jdbc:h2:mem:6a3784ae-1aa6-4bbf-b617-4d4aeabcc2af
insert into spot (address, description, location, name, score_id, spot_id) values (?, ?, ?, ?, ?, ?)
insert into spot (address, description, location, name, score_id, spot_id) values (NULL, NULL, NULL, '관광지 10', NULL, 56);
2022-10-10 13:48:03.801  INFO 3923 --- [    Test worker] p6spy                                    : #1665377283801 | took 0ms | statement | connection 8| url jdbc:h2:mem:6a3784ae-1aa6-4bbf-b617-4d4aeabcc2af
insert into spot (address, description, location, name, score_id, spot_id) values (?, ?, ?, ?, ?, ?)
insert into spot (address, description, location, name, score_id, spot_id) values (NULL, NULL, NULL, '관광지 11', NULL, 57);
2022-10-10 13:48:03.801  INFO 3923 --- [    Test worker] p6spy                                    : #1665377283801 | took 0ms | statement | connection 8| url jdbc:h2:mem:6a3784ae-1aa6-4bbf-b617-4d4aeabcc2af
insert into spot (address, description, location, name, score_id, spot_id) values (?, ?, ?, ?, ?, ?)
insert into spot (address, description, location, name, score_id, spot_id) values (NULL, NULL, NULL, '관광지 12', NULL, 58);
2022-10-10 13:48:03.801  INFO 3923 --- [    Test worker] p6spy                                    : #1665377283801 | took 0ms | statement | connection 8| url jdbc:h2:mem:6a3784ae-1aa6-4bbf-b617-4d4aeabcc2af
insert into spot (address, description, location, name, score_id, spot_id) values (?, ?, ?, ?, ?, ?)
insert into spot (address, description, location, name, score_id, spot_id) values (NULL, NULL, NULL, '관광지 13', NULL, 59);
2022-10-10 13:48:03.801  INFO 3923 --- [    Test worker] p6spy                                    : #1665377283801 | took 0ms | statement | connection 8| url jdbc:h2:mem:6a3784ae-1aa6-4bbf-b617-4d4aeabcc2af
insert into spot (address, description, location, name, score_id, spot_id) values (?, ?, ?, ?, ?, ?)
insert into spot (address, description, location, name, score_id, spot_id) values (NULL, NULL, NULL, '관광지 14', NULL, 60);
2022-10-10 13:48:03.801  INFO 3923 --- [    Test worker] p6spy                                    : #1665377283801 | took 0ms | statement | connection 8| url jdbc:h2:mem:6a3784ae-1aa6-4bbf-b617-4d4aeabcc2af
insert into favorite_spot (count, favorite_id, spot_id, favorite_spot_id) values (?, ?, ?, ?)
insert into favorite_spot (count, favorite_id, spot_id, favorite_spot_id) values (0, 17, 46, 47);
2022-10-10 13:48:03.801  INFO 3923 --- [    Test worker] p6spy                                    : #1665377283801 | took 0ms | statement | connection 8| url jdbc:h2:mem:6a3784ae-1aa6-4bbf-b617-4d4aeabcc2af
insert into picture (spot_id, url, picture_id) values (?, ?, ?)
insert into picture (spot_id, url, picture_id) values (46, 'java.io.StringReader@2c513e9f', 46);
2022-10-10 13:48:03.802  INFO 3923 --- [    Test worker] p6spy                                    : #1665377283802 | took 0ms | statement | connection 8| url jdbc:h2:mem:6a3784ae-1aa6-4bbf-b617-4d4aeabcc2af
insert into favorite_spot (count, favorite_id, spot_id, favorite_spot_id) values (?, ?, ?, ?)
insert into favorite_spot (count, favorite_id, spot_id, favorite_spot_id) values (0, 17, 47, 48);
2022-10-10 13:48:03.802  INFO 3923 --- [    Test worker] p6spy                                    : #1665377283802 | took 0ms | statement | connection 8| url jdbc:h2:mem:6a3784ae-1aa6-4bbf-b617-4d4aeabcc2af
insert into picture (spot_id, url, picture_id) values (?, ?, ?)
insert into picture (spot_id, url, picture_id) values (47, 'java.io.StringReader@519e110b', 47);
2022-10-10 13:48:03.802  INFO 3923 --- [    Test worker] p6spy                                    : #1665377283802 | took 0ms | statement | connection 8| url jdbc:h2:mem:6a3784ae-1aa6-4bbf-b617-4d4aeabcc2af
insert into favorite_spot (count, favorite_id, spot_id, favorite_spot_id) values (?, ?, ?, ?)
insert into favorite_spot (count, favorite_id, spot_id, favorite_spot_id) values (0, 17, 48, 49);
2022-10-10 13:48:03.802  INFO 3923 --- [    Test worker] p6spy                                    : #1665377283802 | took 0ms | statement | connection 8| url jdbc:h2:mem:6a3784ae-1aa6-4bbf-b617-4d4aeabcc2af
insert into picture (spot_id, url, picture_id) values (?, ?, ?)
insert into picture (spot_id, url, picture_id) values (48, 'java.io.StringReader@411e5672', 48);
2022-10-10 13:48:03.802  INFO 3923 --- [    Test worker] p6spy                                    : #1665377283802 | took 0ms | statement | connection 8| url jdbc:h2:mem:6a3784ae-1aa6-4bbf-b617-4d4aeabcc2af
insert into favorite_spot (count, favorite_id, spot_id, favorite_spot_id) values (?, ?, ?, ?)
insert into favorite_spot (count, favorite_id, spot_id, favorite_spot_id) values (0, 17, 49, 50);
2022-10-10 13:48:03.802  INFO 3923 --- [    Test worker] p6spy                                    : #1665377283802 | took 0ms | statement | connection 8| url jdbc:h2:mem:6a3784ae-1aa6-4bbf-b617-4d4aeabcc2af
insert into picture (spot_id, url, picture_id) values (?, ?, ?)
insert into picture (spot_id, url, picture_id) values (49, 'java.io.StringReader@66b65360', 49);
2022-10-10 13:48:03.802  INFO 3923 --- [    Test worker] p6spy                                    : #1665377283802 | took 0ms | statement | connection 8| url jdbc:h2:mem:6a3784ae-1aa6-4bbf-b617-4d4aeabcc2af
insert into favorite_spot (count, favorite_id, spot_id, favorite_spot_id) values (?, ?, ?, ?)
insert into favorite_spot (count, favorite_id, spot_id, favorite_spot_id) values (0, 17, 50, 51);
2022-10-10 13:48:03.803  INFO 3923 --- [    Test worker] p6spy                                    : #1665377283803 | took 0ms | statement | connection 8| url jdbc:h2:mem:6a3784ae-1aa6-4bbf-b617-4d4aeabcc2af
insert into picture (spot_id, url, picture_id) values (?, ?, ?)
insert into picture (spot_id, url, picture_id) values (50, 'java.io.StringReader@31e90355', 50);
2022-10-10 13:48:03.803  INFO 3923 --- [    Test worker] p6spy                                    : #1665377283803 | took 0ms | statement | connection 8| url jdbc:h2:mem:6a3784ae-1aa6-4bbf-b617-4d4aeabcc2af
insert into favorite_spot (count, favorite_id, spot_id, favorite_spot_id) values (?, ?, ?, ?)
insert into favorite_spot (count, favorite_id, spot_id, favorite_spot_id) values (0, 18, 51, 52);
2022-10-10 13:48:03.803  INFO 3923 --- [    Test worker] p6spy                                    : #1665377283803 | took 0ms | statement | connection 8| url jdbc:h2:mem:6a3784ae-1aa6-4bbf-b617-4d4aeabcc2af
insert into picture (spot_id, url, picture_id) values (?, ?, ?)
insert into picture (spot_id, url, picture_id) values (51, 'java.io.StringReader@48bd8247', 51);
2022-10-10 13:48:03.803  INFO 3923 --- [    Test worker] p6spy                                    : #1665377283803 | took 0ms | statement | connection 8| url jdbc:h2:mem:6a3784ae-1aa6-4bbf-b617-4d4aeabcc2af
insert into favorite_spot (count, favorite_id, spot_id, favorite_spot_id) values (?, ?, ?, ?)
insert into favorite_spot (count, favorite_id, spot_id, favorite_spot_id) values (0, 18, 52, 53);
2022-10-10 13:48:03.803  INFO 3923 --- [    Test worker] p6spy                                    : #1665377283803 | took 0ms | statement | connection 8| url jdbc:h2:mem:6a3784ae-1aa6-4bbf-b617-4d4aeabcc2af
insert into picture (spot_id, url, picture_id) values (?, ?, ?)
insert into picture (spot_id, url, picture_id) values (52, 'java.io.StringReader@3d3362f5', 52);
2022-10-10 13:48:03.804  INFO 3923 --- [    Test worker] p6spy                                    : #1665377283804 | took 0ms | statement | connection 8| url jdbc:h2:mem:6a3784ae-1aa6-4bbf-b617-4d4aeabcc2af
insert into favorite_spot (count, favorite_id, spot_id, favorite_spot_id) values (?, ?, ?, ?)
insert into favorite_spot (count, favorite_id, spot_id, favorite_spot_id) values (0, 18, 53, 54);
2022-10-10 13:48:03.804  INFO 3923 --- [    Test worker] p6spy                                    : #1665377283804 | took 0ms | statement | connection 8| url jdbc:h2:mem:6a3784ae-1aa6-4bbf-b617-4d4aeabcc2af
insert into picture (spot_id, url, picture_id) values (?, ?, ?)
insert into picture (spot_id, url, picture_id) values (53, 'java.io.StringReader@5c2fc86', 53);
2022-10-10 13:48:03.804  INFO 3923 --- [    Test worker] p6spy                                    : #1665377283804 | took 0ms | statement | connection 8| url jdbc:h2:mem:6a3784ae-1aa6-4bbf-b617-4d4aeabcc2af
insert into favorite_spot (count, favorite_id, spot_id, favorite_spot_id) values (?, ?, ?, ?)
insert into favorite_spot (count, favorite_id, spot_id, favorite_spot_id) values (0, 18, 54, 55);
2022-10-10 13:48:03.804  INFO 3923 --- [    Test worker] p6spy                                    : #1665377283804 | took 0ms | statement | connection 8| url jdbc:h2:mem:6a3784ae-1aa6-4bbf-b617-4d4aeabcc2af
insert into picture (spot_id, url, picture_id) values (?, ?, ?)
insert into picture (spot_id, url, picture_id) values (54, 'java.io.StringReader@7158a28c', 54);
2022-10-10 13:48:03.804  INFO 3923 --- [    Test worker] p6spy                                    : #1665377283804 | took 0ms | statement | connection 8| url jdbc:h2:mem:6a3784ae-1aa6-4bbf-b617-4d4aeabcc2af
insert into favorite_spot (count, favorite_id, spot_id, favorite_spot_id) values (?, ?, ?, ?)
insert into favorite_spot (count, favorite_id, spot_id, favorite_spot_id) values (0, 18, 55, 56);
2022-10-10 13:48:03.804  INFO 3923 --- [    Test worker] p6spy                                    : #1665377283804 | took 0ms | statement | connection 8| url jdbc:h2:mem:6a3784ae-1aa6-4bbf-b617-4d4aeabcc2af
insert into picture (spot_id, url, picture_id) values (?, ?, ?)
insert into picture (spot_id, url, picture_id) values (55, 'java.io.StringReader@61b83fef', 55);
2022-10-10 13:48:03.804  INFO 3923 --- [    Test worker] p6spy                                    : #1665377283804 | took 0ms | statement | connection 8| url jdbc:h2:mem:6a3784ae-1aa6-4bbf-b617-4d4aeabcc2af
insert into favorite_spot (count, favorite_id, spot_id, favorite_spot_id) values (?, ?, ?, ?)
insert into favorite_spot (count, favorite_id, spot_id, favorite_spot_id) values (0, 19, 56, 57);
2022-10-10 13:48:03.805  INFO 3923 --- [    Test worker] p6spy                                    : #1665377283805 | took 0ms | statement | connection 8| url jdbc:h2:mem:6a3784ae-1aa6-4bbf-b617-4d4aeabcc2af
insert into picture (spot_id, url, picture_id) values (?, ?, ?)
insert into picture (spot_id, url, picture_id) values (56, 'java.io.StringReader@5312c883', 56);
2022-10-10 13:48:03.805  INFO 3923 --- [    Test worker] p6spy                                    : #1665377283805 | took 0ms | statement | connection 8| url jdbc:h2:mem:6a3784ae-1aa6-4bbf-b617-4d4aeabcc2af
insert into favorite_spot (count, favorite_id, spot_id, favorite_spot_id) values (?, ?, ?, ?)
insert into favorite_spot (count, favorite_id, spot_id, favorite_spot_id) values (0, 19, 57, 58);
2022-10-10 13:48:03.805  INFO 3923 --- [    Test worker] p6spy                                    : #1665377283805 | took 0ms | statement | connection 8| url jdbc:h2:mem:6a3784ae-1aa6-4bbf-b617-4d4aeabcc2af
insert into picture (spot_id, url, picture_id) values (?, ?, ?)
insert into picture (spot_id, url, picture_id) values (57, 'java.io.StringReader@50dcc20a', 57);
2022-10-10 13:48:03.805  INFO 3923 --- [    Test worker] p6spy                                    : #1665377283805 | took 0ms | statement | connection 8| url jdbc:h2:mem:6a3784ae-1aa6-4bbf-b617-4d4aeabcc2af
insert into favorite_spot (count, favorite_id, spot_id, favorite_spot_id) values (?, ?, ?, ?)
insert into favorite_spot (count, favorite_id, spot_id, favorite_spot_id) values (0, 19, 58, 59);
2022-10-10 13:48:03.805  INFO 3923 --- [    Test worker] p6spy                                    : #1665377283805 | took 0ms | statement | connection 8| url jdbc:h2:mem:6a3784ae-1aa6-4bbf-b617-4d4aeabcc2af
insert into picture (spot_id, url, picture_id) values (?, ?, ?)
insert into picture (spot_id, url, picture_id) values (58, 'java.io.StringReader@7960e87a', 58);
2022-10-10 13:48:03.805  INFO 3923 --- [    Test worker] p6spy                                    : #1665377283805 | took 0ms | statement | connection 8| url jdbc:h2:mem:6a3784ae-1aa6-4bbf-b617-4d4aeabcc2af
insert into favorite_spot (count, favorite_id, spot_id, favorite_spot_id) values (?, ?, ?, ?)
insert into favorite_spot (count, favorite_id, spot_id, favorite_spot_id) values (0, 19, 59, 60);
2022-10-10 13:48:03.806  INFO 3923 --- [    Test worker] p6spy                                    : #1665377283806 | took 0ms | statement | connection 8| url jdbc:h2:mem:6a3784ae-1aa6-4bbf-b617-4d4aeabcc2af
insert into picture (spot_id, url, picture_id) values (?, ?, ?)
insert into picture (spot_id, url, picture_id) values (59, 'java.io.StringReader@571ecfe2', 59);
2022-10-10 13:48:03.806  INFO 3923 --- [    Test worker] p6spy                                    : #1665377283806 | took 0ms | statement | connection 8| url jdbc:h2:mem:6a3784ae-1aa6-4bbf-b617-4d4aeabcc2af
insert into favorite_spot (count, favorite_id, spot_id, favorite_spot_id) values (?, ?, ?, ?)
insert into favorite_spot (count, favorite_id, spot_id, favorite_spot_id) values (0, 19, 60, 61);
2022-10-10 13:48:03.806  INFO 3923 --- [    Test worker] p6spy                                    : #1665377283806 | took 0ms | statement | connection 8| url jdbc:h2:mem:6a3784ae-1aa6-4bbf-b617-4d4aeabcc2af
insert into picture (spot_id, url, picture_id) values (?, ?, ?)
insert into picture (spot_id, url, picture_id) values (60, 'java.io.StringReader@6f997702', 60);
2022-10-10 13:48:03.806  INFO 3923 --- [    Test worker] p6spy                                    : #1665377283806 | took 0ms | statement | connection 8| url jdbc:h2:mem:6a3784ae-1aa6-4bbf-b617-4d4aeabcc2af
select spot0_.spot_id as spot_id1_7_, spot0_.address as address2_7_, spot0_.description as descript3_7_, spot0_.location as location4_7_, spot0_.name as name5_7_, spot0_.score_id as score_id6_7_ from spot spot0_ where spot0_.name=?
select spot0_.spot_id as spot_id1_7_, spot0_.address as address2_7_, spot0_.description as descript3_7_, spot0_.location as location4_7_, spot0_.name as name5_7_, spot0_.score_id as score_id6_7_ from spot spot0_ where spot0_.name='관광지 0';
2022-10-10 13:48:03.808  INFO 3923 --- [    Test worker] p6spy                                    : #1665377283808 | took 0ms | statement | connection 8| url jdbc:h2:mem:6a3784ae-1aa6-4bbf-b617-4d4aeabcc2af
select favorite0_.favorite_id as favorite1_0_, favorite0_.member_id as member_i3_0_, favorite0_.name as name2_0_ from favorite favorite0_ where favorite0_.name=?
select favorite0_.favorite_id as favorite1_0_, favorite0_.member_id as member_i3_0_, favorite0_.name as name2_0_ from favorite favorite0_ where favorite0_.name='5일차';
2022-10-10 13:48:03.809  INFO 3923 --- [    Test worker] p6spy                                    : #1665377283809 | took 0ms | statement | connection 8| url jdbc:h2:mem:6a3784ae-1aa6-4bbf-b617-4d4aeabcc2af
select spot0_.spot_id as spot_id1_7_, spot0_.address as address2_7_, spot0_.description as descript3_7_, spot0_.location as location4_7_, spot0_.name as name5_7_, spot0_.score_id as score_id6_7_ from spot spot0_ where spot0_.spot_id=?
select spot0_.spot_id as spot_id1_7_, spot0_.address as address2_7_, spot0_.description as descript3_7_, spot0_.location as location4_7_, spot0_.name as name5_7_, spot0_.score_id as score_id6_7_ from spot spot0_ where spot0_.spot_id=46;
2022-10-10 13:48:03.810  INFO 3923 --- [    Test worker] p6spy                                    : #1665377283810 | took 0ms | statement | connection 8| url jdbc:h2:mem:6a3784ae-1aa6-4bbf-b617-4d4aeabcc2af
select favorite0_.favorite_id as favorite1_0_, favorite0_.member_id as member_i3_0_, favorite0_.name as name2_0_ from favorite favorite0_ where favorite0_.favorite_id=?
select favorite0_.favorite_id as favorite1_0_, favorite0_.member_id as member_i3_0_, favorite0_.name as name2_0_ from favorite favorite0_ where favorite0_.favorite_id=21;
2022-10-10 13:48:03.811  INFO 3923 --- [    Test worker] p6spy                                    : #1665377283811 | took 0ms | statement | connection 8| url jdbc:h2:mem:6a3784ae-1aa6-4bbf-b617-4d4aeabcc2af
select favoritesp0_.favorite_spot_id as favorite1_1_, favoritesp0_.count as count2_1_, favoritesp0_.favorite_id as favorite3_1_, favoritesp0_.spot_id as spot_id4_1_ from favorite_spot favoritesp0_ left outer join spot spot1_ on favoritesp0_.spot_id=spot1_.spot_id left outer join favorite favorite2_ on favoritesp0_.favorite_id=favorite2_.favorite_id where spot1_.spot_id=? and favorite2_.favorite_id=?
select favoritesp0_.favorite_spot_id as favorite1_1_, favoritesp0_.count as count2_1_, favoritesp0_.favorite_id as favorite3_1_, favoritesp0_.spot_id as spot_id4_1_ from favorite_spot favoritesp0_ left outer join spot spot1_ on favoritesp0_.spot_id=spot1_.spot_id left outer join favorite favorite2_ on favoritesp0_.favorite_id=favorite2_.favorite_id where spot1_.spot_id=46 and favorite2_.favorite_id=21;
2022-10-10 13:48:03.812  INFO 3923 --- [    Test worker] p6spy                                    : #1665377283812 | took 0ms | statement | connection 8| url jdbc:h2:mem:6a3784ae-1aa6-4bbf-b617-4d4aeabcc2af
insert into favorite_spot (count, favorite_id, spot_id, favorite_spot_id) values (?, ?, ?, ?)
insert into favorite_spot (count, favorite_id, spot_id, favorite_spot_id) values (0, 21, 46, 62);
2022-10-10 13:48:03.812  INFO 3923 --- [    Test worker] p6spy                                    : #1665377283812 | took 0ms | statement | connection 8| url jdbc:h2:mem:6a3784ae-1aa6-4bbf-b617-4d4aeabcc2af
select favoritesp0_.favorite_spot_id as favorite1_1_, favoritesp0_.count as count2_1_, favoritesp0_.favorite_id as favorite3_1_, favoritesp0_.spot_id as spot_id4_1_ from favorite_spot favoritesp0_ left outer join spot spot1_ on favoritesp0_.spot_id=spot1_.spot_id left outer join favorite favorite2_ on favoritesp0_.favorite_id=favorite2_.favorite_id where spot1_.spot_id=? and favorite2_.favorite_id=?
select favoritesp0_.favorite_spot_id as favorite1_1_, favoritesp0_.count as count2_1_, favoritesp0_.favorite_id as favorite3_1_, favoritesp0_.spot_id as spot_id4_1_ from favorite_spot favoritesp0_ left outer join spot spot1_ on favoritesp0_.spot_id=spot1_.spot_id left outer join favorite favorite2_ on favoritesp0_.favorite_id=favorite2_.favorite_id where spot1_.spot_id=46 and favorite2_.favorite_id=21;
2022-10-10 13:48:03.815  INFO 3923 --- [    Test worker] p6spy                                    : #1665377283814 | took 0ms | rollback | connection 8| url jdbc:h2:mem:6a3784ae-1aa6-4bbf-b617-4d4aeabcc2af

;
2022-10-10 13:48:03.815  INFO 3923 --- [    Test worker] o.s.t.c.transaction.TransactionContext   : Rolled back transaction for test: [DefaultTestContext@4a67318f testClass = FavoriteServiceTest, testInstance = capstone.jejuTourrecommend.domain.Service.FavoriteServiceTest@507c33cc, testMethod = postFavoriteFormTest@FavoriteServiceTest, testException = [null], mergedContextConfiguration = [WebMergedContextConfiguration@315ba14a testClass = FavoriteServiceTest, locations = '{}', classes = '{class capstone.jejuTourrecommend.JejuTourRecommendApplication}', contextInitializerClasses = '[]', activeProfiles = '{}', propertySourceLocations = '{}', propertySourceProperties = '{org.springframework.boot.test.context.SpringBootTestContextBootstrapper=true}', contextCustomizers = set[org.springframework.boot.test.autoconfigure.actuate.metrics.MetricsExportContextCustomizerFactory$DisableMetricExportContextCustomizer@239b0f9d, org.springframework.boot.test.autoconfigure.properties.PropertyMappingContextCustomizer@0, org.springframework.boot.test.autoconfigure.web.servlet.WebDriverContextCustomizerFactory$Customizer@c260bdc, org.springframework.boot.test.context.filter.ExcludeFilterContextCustomizer@3f363cf5, org.springframework.boot.test.json.DuplicateJsonObjectContextCustomizerFactory$DuplicateJsonObjectContextCustomizer@1bb1fde8, org.springframework.boot.test.mock.mockito.MockitoContextCustomizer@0, org.springframework.boot.test.web.client.TestRestTemplateContextCustomizer@26a4842b, org.springframework.boot.test.context.SpringBootTestArgs@1, org.springframework.boot.test.context.SpringBootTestWebEnvironment@34b9f960], resourceBasePath = 'src/main/webapp', contextLoader = 'org.springframework.boot.test.context.SpringBootContextLoader', parent = [null]], attributes = map['org.springframework.test.context.web.ServletTestExecutionListener.activateListener' -> true, 'org.springframework.test.context.web.ServletTestExecutionListener.populatedRequestContextHolder' -> true, 'org.springframework.test.context.web.ServletTestExecutionListener.resetRequestContextHolder' -> true, 'org.springframework.test.context.event.ApplicationEventsTestExecutionListener.recordApplicationEvents' -> false]]
]]></system-out>
  <system-err><![CDATA[]]></system-err>
</testsuite>
