<?xml version="1.0" encoding="UTF-8"?>
<testsuite name="capstone.jejuTourrecommend.domain.MemberTest" tests="1" skipped="0" failures="0" errors="0" timestamp="2022-10-10T04:48:03" hostname="Heon-MacBookPro.local" time="0.114">
  <properties/>
  <testcase name="memberTest()" classname="capstone.jejuTourrecommend.domain.MemberTest" time="0.114"/>
  <system-out><![CDATA[2022-10-10 13:48:03.892  INFO 3923 --- [    Test worker] .b.t.c.SpringBootTestContextBootstrapper : Neither @ContextConfiguration nor @ContextHierarchy found for test class [capstone.jejuTourrecommend.domain.MemberTest], using SpringBootContextLoader
2022-10-10 13:48:03.892  INFO 3923 --- [    Test worker] o.s.t.c.support.AbstractContextLoader    : Could not detect default resource locations for test class [capstone.jejuTourrecommend.domain.MemberTest]: no resource found for suffixes {-context.xml, Context.groovy}.
2022-10-10 13:48:03.892  INFO 3923 --- [    Test worker] t.c.s.AnnotationConfigContextLoaderUtils : Could not detect default configuration classes for test class [capstone.jejuTourrecommend.domain.MemberTest]: MemberTest does not declare any static, non-private, non-final, nested classes annotated with @Configuration.
2022-10-10 13:48:03.892  INFO 3923 --- [    Test worker] .b.t.c.SpringBootTestContextBootstrapper : Found @SpringBootConfiguration capstone.jejuTourrecommend.JejuTourRecommendApplication for test class capstone.jejuTourrecommend.domain.MemberTest
2022-10-10 13:48:03.893  INFO 3923 --- [    Test worker] .b.t.c.SpringBootTestContextBootstrapper : Loaded default TestExecutionListener class names from location [META-INF/spring.factories]: [org.springframework.boot.test.autoconfigure.restdocs.RestDocsTestExecutionListener, org.springframework.boot.test.autoconfigure.web.client.MockRestServiceServerResetTestExecutionListener, org.springframework.boot.test.autoconfigure.web.servlet.MockMvcPrintOnlyOnFailureTestExecutionListener, org.springframework.boot.test.autoconfigure.web.servlet.WebDriverTestExecutionListener, org.springframework.boot.test.autoconfigure.webservices.client.MockWebServiceServerTestExecutionListener, org.springframework.boot.test.mock.mockito.MockitoTestExecutionListener, org.springframework.boot.test.mock.mockito.ResetMocksTestExecutionListener, org.springframework.test.context.web.ServletTestExecutionListener, org.springframework.test.context.support.DirtiesContextBeforeModesTestExecutionListener, org.springframework.test.context.event.ApplicationEventsTestExecutionListener, org.springframework.test.context.support.DependencyInjectionTestExecutionListener, org.springframework.test.context.support.DirtiesContextTestExecutionListener, org.springframework.test.context.transaction.TransactionalTestExecutionListener, org.springframework.test.context.jdbc.SqlScriptsTestExecutionListener, org.springframework.test.context.event.EventPublishingTestExecutionListener]
2022-10-10 13:48:03.893  INFO 3923 --- [    Test worker] .b.t.c.SpringBootTestContextBootstrapper : Using TestExecutionListeners: [org.springframework.test.context.web.ServletTestExecutionListener@1fae279e, org.springframework.test.context.support.DirtiesContextBeforeModesTestExecutionListener@411db18d, org.springframework.test.context.event.ApplicationEventsTestExecutionListener@7d24bd80, org.springframework.boot.test.mock.mockito.MockitoTestExecutionListener@6a28f67a, org.springframework.boot.test.autoconfigure.SpringBootDependencyInjectionTestExecutionListener@4d4ae76, org.springframework.test.context.support.DirtiesContextTestExecutionListener@28e9f6b8, org.springframework.test.context.transaction.TransactionalTestExecutionListener@70798698, org.springframework.test.context.jdbc.SqlScriptsTestExecutionListener@5d4f35cb, org.springframework.test.context.event.EventPublishingTestExecutionListener@7cc9970a, org.springframework.boot.test.autoconfigure.restdocs.RestDocsTestExecutionListener@1bf2e21d, org.springframework.boot.test.autoconfigure.web.client.MockRestServiceServerResetTestExecutionListener@2703fabd, org.springframework.boot.test.autoconfigure.web.servlet.MockMvcPrintOnlyOnFailureTestExecutionListener@34672fb, org.springframework.boot.test.autoconfigure.web.servlet.WebDriverTestExecutionListener@3387d45e, org.springframework.boot.test.autoconfigure.webservices.client.MockWebServiceServerTestExecutionListener@3f693a39, org.springframework.boot.test.mock.mockito.ResetMocksTestExecutionListener@787f97b]
2022-10-10 13:48:03.895  INFO 3923 --- [    Test worker] o.s.t.c.transaction.TransactionContext   : Began transaction (1) for test context [DefaultTestContext@3ace955c testClass = MemberTest, testInstance = capstone.jejuTourrecommend.domain.MemberTest@4c00c8ce, testMethod = memberTest@MemberTest, testException = [null], mergedContextConfiguration = [WebMergedContextConfiguration@7474bc14 testClass = MemberTest, locations = '{}', classes = '{class capstone.jejuTourrecommend.JejuTourRecommendApplication}', contextInitializerClasses = '[]', activeProfiles = '{}', propertySourceLocations = '{}', propertySourceProperties = '{org.springframework.boot.test.context.SpringBootTestContextBootstrapper=true}', contextCustomizers = set[org.springframework.boot.test.autoconfigure.actuate.metrics.MetricsExportContextCustomizerFactory$DisableMetricExportContextCustomizer@239b0f9d, org.springframework.boot.test.autoconfigure.properties.PropertyMappingContextCustomizer@0, org.springframework.boot.test.autoconfigure.web.servlet.WebDriverContextCustomizerFactory$Customizer@c260bdc, org.springframework.boot.test.context.filter.ExcludeFilterContextCustomizer@3f363cf5, org.springframework.boot.test.json.DuplicateJsonObjectContextCustomizerFactory$DuplicateJsonObjectContextCustomizer@1bb1fde8, org.springframework.boot.test.mock.mockito.MockitoContextCustomizer@0, org.springframework.boot.test.web.client.TestRestTemplateContextCustomizer@26a4842b, org.springframework.boot.test.context.SpringBootTestArgs@1, org.springframework.boot.test.context.SpringBootTestWebEnvironment@34b9f960], resourceBasePath = 'src/main/webapp', contextLoader = 'org.springframework.boot.test.context.SpringBootContextLoader', parent = [null]], attributes = map['org.springframework.test.context.web.ServletTestExecutionListener.activateListener' -> true, 'org.springframework.test.context.web.ServletTestExecutionListener.populatedRequestContextHolder' -> true, 'org.springframework.test.context.web.ServletTestExecutionListener.resetRequestContextHolder' -> true, 'org.springframework.test.context.event.ApplicationEventsTestExecutionListener.recordApplicationEvents' -> false]]; transaction manager [org.springframework.orm.jpa.JpaTransactionManager@5843ab8]; rollback [true]
2022-10-10 13:48:04.003  INFO 3923 --- [    Test worker] p6spy                                    : #1665377284003 | took 0ms | statement | connection 12| url jdbc:h2:mem:6a3784ae-1aa6-4bbf-b617-4d4aeabcc2af
insert into member (created_date, last_modified_date, created_by, last_modified_by, email, password, refresh_token, role, username, member_id) values (?, ?, ?, ?, ?, ?, ?, ?, ?, ?)
insert into member (created_date, last_modified_date, created_by, last_modified_by, email, password, refresh_token, role, username, member_id) values ('2022-10-10T13:48:03.896+0900', '2022-10-10T13:48:03.896+0900', '101200bb-ffca-4356-b3a0-7a7e3ff3435e', '101200bb-ffca-4356-b3a0-7a7e3ff3435e', '123@gmail.com', NULL, NULL, NULL, 'memberA', 7);
2022-10-10 13:48:04.004  INFO 3923 --- [    Test worker] p6spy                                    : #1665377284004 | took 0ms | statement | connection 12| url jdbc:h2:mem:6a3784ae-1aa6-4bbf-b617-4d4aeabcc2af
update member set last_modified_date=?, last_modified_by=?, email=?, password=?, refresh_token=?, role=?, username=? where member_id=?
update member set last_modified_date='2022-10-10T13:48:04.002+0900', last_modified_by='b687afa4-455d-4358-bea4-2cd372c6c016', email='123@gmail.com', password=NULL, refresh_token=NULL, role=NULL, username='member2' where member_id=7;
2022-10-10 13:48:04.005  INFO 3923 --- [    Test worker] p6spy                                    : #1665377284005 | took 0ms | statement | connection 12| url jdbc:h2:mem:6a3784ae-1aa6-4bbf-b617-4d4aeabcc2af
select member0_.member_id as member_i1_2_0_, member0_.created_date as created_2_2_0_, member0_.last_modified_date as last_mod3_2_0_, member0_.created_by as created_4_2_0_, member0_.last_modified_by as last_mod5_2_0_, member0_.email as email6_2_0_, member0_.password as password7_2_0_, member0_.refresh_token as refresh_8_2_0_, member0_.role as role9_2_0_, member0_.username as usernam10_2_0_ from member member0_ where member0_.member_id=?
select member0_.member_id as member_i1_2_0_, member0_.created_date as created_2_2_0_, member0_.last_modified_date as last_mod3_2_0_, member0_.created_by as created_4_2_0_, member0_.last_modified_by as last_mod5_2_0_, member0_.email as email6_2_0_, member0_.password as password7_2_0_, member0_.refresh_token as refresh_8_2_0_, member0_.role as role9_2_0_, member0_.username as usernam10_2_0_ from member member0_ where member0_.member_id=7;
findmember.getCreatedDate() = 2022-10-10T13:48:03.896684
findmember.getCreatedDate() = 2022-10-10T13:48:04.002317
findmember.getCreatedBy() = 101200bb-ffca-4356-b3a0-7a7e3ff3435e
findmember.getLastModifiedBy() = b687afa4-455d-4358-bea4-2cd372c6c016
2022-10-10 13:48:04.008  INFO 3923 --- [    Test worker] p6spy                                    : #1665377284008 | took 0ms | rollback | connection 12| url jdbc:h2:mem:6a3784ae-1aa6-4bbf-b617-4d4aeabcc2af

;
2022-10-10 13:48:04.008  INFO 3923 --- [    Test worker] o.s.t.c.transaction.TransactionContext   : Rolled back transaction for test: [DefaultTestContext@3ace955c testClass = MemberTest, testInstance = capstone.jejuTourrecommend.domain.MemberTest@4c00c8ce, testMethod = memberTest@MemberTest, testException = [null], mergedContextConfiguration = [WebMergedContextConfiguration@7474bc14 testClass = MemberTest, locations = '{}', classes = '{class capstone.jejuTourrecommend.JejuTourRecommendApplication}', contextInitializerClasses = '[]', activeProfiles = '{}', propertySourceLocations = '{}', propertySourceProperties = '{org.springframework.boot.test.context.SpringBootTestContextBootstrapper=true}', contextCustomizers = set[org.springframework.boot.test.autoconfigure.actuate.metrics.MetricsExportContextCustomizerFactory$DisableMetricExportContextCustomizer@239b0f9d, org.springframework.boot.test.autoconfigure.properties.PropertyMappingContextCustomizer@0, org.springframework.boot.test.autoconfigure.web.servlet.WebDriverContextCustomizerFactory$Customizer@c260bdc, org.springframework.boot.test.context.filter.ExcludeFilterContextCustomizer@3f363cf5, org.springframework.boot.test.json.DuplicateJsonObjectContextCustomizerFactory$DuplicateJsonObjectContextCustomizer@1bb1fde8, org.springframework.boot.test.mock.mockito.MockitoContextCustomizer@0, org.springframework.boot.test.web.client.TestRestTemplateContextCustomizer@26a4842b, org.springframework.boot.test.context.SpringBootTestArgs@1, org.springframework.boot.test.context.SpringBootTestWebEnvironment@34b9f960], resourceBasePath = 'src/main/webapp', contextLoader = 'org.springframework.boot.test.context.SpringBootContextLoader', parent = [null]], attributes = map['org.springframework.test.context.web.ServletTestExecutionListener.activateListener' -> true, 'org.springframework.test.context.web.ServletTestExecutionListener.populatedRequestContextHolder' -> true, 'org.springframework.test.context.web.ServletTestExecutionListener.resetRequestContextHolder' -> true, 'org.springframework.test.context.event.ApplicationEventsTestExecutionListener.recordApplicationEvents' -> false]]
]]></system-out>
  <system-err><![CDATA[]]></system-err>
</testsuite>
