<?xml version="1.0" encoding="UTF-8"?>
<testsuite name="capstone.jejuTourrecommend.domain.ReviewTest" tests="1" skipped="0" failures="0" errors="0" timestamp="2022-10-10T04:48:04" hostname="Heon-MacBookPro.local" time="0.008">
  <properties/>
  <testcase name="review_spotTest()" classname="capstone.jejuTourrecommend.domain.ReviewTest" time="0.008"/>
  <system-out><![CDATA[2022-10-10 13:48:04.019  INFO 3923 --- [    Test worker] .b.t.c.SpringBootTestContextBootstrapper : Neither @ContextConfiguration nor @ContextHierarchy found for test class [capstone.jejuTourrecommend.domain.ReviewTest], using SpringBootContextLoader
2022-10-10 13:48:04.019  INFO 3923 --- [    Test worker] o.s.t.c.support.AbstractContextLoader    : Could not detect default resource locations for test class [capstone.jejuTourrecommend.domain.ReviewTest]: no resource found for suffixes {-context.xml, Context.groovy}.
2022-10-10 13:48:04.019  INFO 3923 --- [    Test worker] t.c.s.AnnotationConfigContextLoaderUtils : Could not detect default configuration classes for test class [capstone.jejuTourrecommend.domain.ReviewTest]: ReviewTest does not declare any static, non-private, non-final, nested classes annotated with @Configuration.
2022-10-10 13:48:04.019  INFO 3923 --- [    Test worker] .b.t.c.SpringBootTestContextBootstrapper : Found @SpringBootConfiguration capstone.jejuTourrecommend.JejuTourRecommendApplication for test class capstone.jejuTourrecommend.domain.ReviewTest
2022-10-10 13:48:04.020  INFO 3923 --- [    Test worker] .b.t.c.SpringBootTestContextBootstrapper : Loaded default TestExecutionListener class names from location [META-INF/spring.factories]: [org.springframework.boot.test.autoconfigure.restdocs.RestDocsTestExecutionListener, org.springframework.boot.test.autoconfigure.web.client.MockRestServiceServerResetTestExecutionListener, org.springframework.boot.test.autoconfigure.web.servlet.MockMvcPrintOnlyOnFailureTestExecutionListener, org.springframework.boot.test.autoconfigure.web.servlet.WebDriverTestExecutionListener, org.springframework.boot.test.autoconfigure.webservices.client.MockWebServiceServerTestExecutionListener, org.springframework.boot.test.mock.mockito.MockitoTestExecutionListener, org.springframework.boot.test.mock.mockito.ResetMocksTestExecutionListener, org.springframework.test.context.web.ServletTestExecutionListener, org.springframework.test.context.support.DirtiesContextBeforeModesTestExecutionListener, org.springframework.test.context.event.ApplicationEventsTestExecutionListener, org.springframework.test.context.support.DependencyInjectionTestExecutionListener, org.springframework.test.context.support.DirtiesContextTestExecutionListener, org.springframework.test.context.transaction.TransactionalTestExecutionListener, org.springframework.test.context.jdbc.SqlScriptsTestExecutionListener, org.springframework.test.context.event.EventPublishingTestExecutionListener]
2022-10-10 13:48:04.020  INFO 3923 --- [    Test worker] .b.t.c.SpringBootTestContextBootstrapper : Using TestExecutionListeners: [org.springframework.test.context.web.ServletTestExecutionListener@7adc8212, org.springframework.test.context.support.DirtiesContextBeforeModesTestExecutionListener@6b50017c, org.springframework.test.context.event.ApplicationEventsTestExecutionListener@470c40be, org.springframework.boot.test.mock.mockito.MockitoTestExecutionListener@652a16a8, org.springframework.boot.test.autoconfigure.SpringBootDependencyInjectionTestExecutionListener@7b78c40d, org.springframework.test.context.support.DirtiesContextTestExecutionListener@104861ff, org.springframework.test.context.transaction.TransactionalTestExecutionListener@3564caf8, org.springframework.test.context.jdbc.SqlScriptsTestExecutionListener@ce15aa, org.springframework.test.context.event.EventPublishingTestExecutionListener@3dabf112, org.springframework.boot.test.autoconfigure.restdocs.RestDocsTestExecutionListener@6e3f38c1, org.springframework.boot.test.autoconfigure.web.client.MockRestServiceServerResetTestExecutionListener@7d9f0cf4, org.springframework.boot.test.autoconfigure.web.servlet.MockMvcPrintOnlyOnFailureTestExecutionListener@d0c35a8, org.springframework.boot.test.autoconfigure.web.servlet.WebDriverTestExecutionListener@6fcd767a, org.springframework.boot.test.autoconfigure.webservices.client.MockWebServiceServerTestExecutionListener@78a3a272, org.springframework.boot.test.mock.mockito.ResetMocksTestExecutionListener@7d5ef93e]
2022-10-10 13:48:04.021  INFO 3923 --- [    Test worker] o.s.t.c.transaction.TransactionContext   : Began transaction (1) for test context [DefaultTestContext@11932248 testClass = ReviewTest, testInstance = capstone.jejuTourrecommend.domain.ReviewTest@1569f8a6, testMethod = review_spotTest@ReviewTest, testException = [null], mergedContextConfiguration = [WebMergedContextConfiguration@70bc684b testClass = ReviewTest, locations = '{}', classes = '{class capstone.jejuTourrecommend.JejuTourRecommendApplication}', contextInitializerClasses = '[]', activeProfiles = '{}', propertySourceLocations = '{}', propertySourceProperties = '{org.springframework.boot.test.context.SpringBootTestContextBootstrapper=true}', contextCustomizers = set[org.springframework.boot.test.autoconfigure.actuate.metrics.MetricsExportContextCustomizerFactory$DisableMetricExportContextCustomizer@239b0f9d, org.springframework.boot.test.autoconfigure.properties.PropertyMappingContextCustomizer@0, org.springframework.boot.test.autoconfigure.web.servlet.WebDriverContextCustomizerFactory$Customizer@c260bdc, org.springframework.boot.test.context.filter.ExcludeFilterContextCustomizer@3f363cf5, org.springframework.boot.test.json.DuplicateJsonObjectContextCustomizerFactory$DuplicateJsonObjectContextCustomizer@1bb1fde8, org.springframework.boot.test.mock.mockito.MockitoContextCustomizer@0, org.springframework.boot.test.web.client.TestRestTemplateContextCustomizer@26a4842b, org.springframework.boot.test.context.SpringBootTestArgs@1, org.springframework.boot.test.context.SpringBootTestWebEnvironment@34b9f960], resourceBasePath = 'src/main/webapp', contextLoader = 'org.springframework.boot.test.context.SpringBootContextLoader', parent = [null]], attributes = map['org.springframework.test.context.web.ServletTestExecutionListener.activateListener' -> true, 'org.springframework.test.context.web.ServletTestExecutionListener.populatedRequestContextHolder' -> true, 'org.springframework.test.context.web.ServletTestExecutionListener.resetRequestContextHolder' -> true, 'org.springframework.test.context.event.ApplicationEventsTestExecutionListener.recordApplicationEvents' -> false]]; transaction manager [org.springframework.orm.jpa.JpaTransactionManager@5843ab8]; rollback [true]
2022-10-10 13:48:04.022  INFO 3923 --- [    Test worker] p6spy                                    : #1665377284022 | took 0ms | statement | connection 14| url jdbc:h2:mem:6a3784ae-1aa6-4bbf-b617-4d4aeabcc2af
call next value for review_seq
call next value for review_seq;
2022-10-10 13:48:04.022  INFO 3923 --- [    Test worker] p6spy                                    : #1665377284022 | took 0ms | statement | connection 14| url jdbc:h2:mem:6a3784ae-1aa6-4bbf-b617-4d4aeabcc2af
call next value for review_seq
call next value for review_seq;
2022-10-10 13:48:04.023  INFO 3923 --- [    Test worker] p6spy                                    : #1665377284023 | took 0ms | statement | connection 14| url jdbc:h2:mem:6a3784ae-1aa6-4bbf-b617-4d4aeabcc2af
insert into spot (address, description, location, name, score_id, spot_id) values (?, ?, ?, ?, ?, ?)
insert into spot (address, description, location, name, score_id, spot_id) values (NULL, NULL, NULL, 'spot1', NULL, 65);
2022-10-10 13:48:04.023  INFO 3923 --- [    Test worker] p6spy                                    : #1665377284023 | took 0ms | statement | connection 14| url jdbc:h2:mem:6a3784ae-1aa6-4bbf-b617-4d4aeabcc2af
insert into spot (address, description, location, name, score_id, spot_id) values (?, ?, ?, ?, ?, ?)
insert into spot (address, description, location, name, score_id, spot_id) values (NULL, NULL, NULL, 'spot2', NULL, 66);
2022-10-10 13:48:04.023  INFO 3923 --- [    Test worker] p6spy                                    : #1665377284023 | took 0ms | statement | connection 14| url jdbc:h2:mem:6a3784ae-1aa6-4bbf-b617-4d4aeabcc2af
insert into review (content, spot_id, review_id) values (?, ?, ?)
insert into review (content, spot_id, review_id) values ('java.io.StringReader@2407f1a8', 65, 1);
2022-10-10 13:48:04.023  INFO 3923 --- [    Test worker] p6spy                                    : #1665377284023 | took 0ms | statement | connection 14| url jdbc:h2:mem:6a3784ae-1aa6-4bbf-b617-4d4aeabcc2af
insert into review (content, spot_id, review_id) values (?, ?, ?)
insert into review (content, spot_id, review_id) values ('java.io.StringReader@20b1f874', 65, 2);
2022-10-10 13:48:04.023  INFO 3923 --- [    Test worker] p6spy                                    : #1665377284023 | took 0ms | statement | connection 14| url jdbc:h2:mem:6a3784ae-1aa6-4bbf-b617-4d4aeabcc2af
insert into review (content, spot_id, review_id) values (?, ?, ?)
insert into review (content, spot_id, review_id) values ('java.io.StringReader@36e8e3e1', 66, 3);
2022-10-10 13:48:04.024  INFO 3923 --- [    Test worker] p6spy                                    : #1665377284024 | took 0ms | statement | connection 14| url jdbc:h2:mem:6a3784ae-1aa6-4bbf-b617-4d4aeabcc2af
insert into review (content, spot_id, review_id) values (?, ?, ?)
insert into review (content, spot_id, review_id) values ('java.io.StringReader@6385af63', 66, 4);
2022-10-10 13:48:04.024  INFO 3923 --- [    Test worker] p6spy                                    : #1665377284024 | took 0ms | statement | connection 14| url jdbc:h2:mem:6a3784ae-1aa6-4bbf-b617-4d4aeabcc2af
select spot0_.spot_id as spot_id1_7_, spot0_.address as address2_7_, spot0_.description as descript3_7_, spot0_.location as location4_7_, spot0_.name as name5_7_, spot0_.score_id as score_id6_7_ from spot spot0_
select spot0_.spot_id as spot_id1_7_, spot0_.address as address2_7_, spot0_.description as descript3_7_, spot0_.location as location4_7_, spot0_.name as name5_7_, spot0_.score_id as score_id6_7_ from spot spot0_;
spot = capstone.jejuTourrecommend.domain.Spot@76fece79
2022-10-10 13:48:04.026  INFO 3923 --- [    Test worker] p6spy                                    : #1665377284026 | took 0ms | statement | connection 14| url jdbc:h2:mem:6a3784ae-1aa6-4bbf-b617-4d4aeabcc2af
select reviews0_.spot_id as spot_id3_5_0_, reviews0_.review_id as review_i1_5_0_, reviews0_.review_id as review_i1_5_1_, reviews0_.content as content2_5_1_, reviews0_.spot_id as spot_id3_5_1_ from review reviews0_ where reviews0_.spot_id=?
select reviews0_.spot_id as spot_id3_5_0_, reviews0_.review_id as review_i1_5_0_, reviews0_.review_id as review_i1_5_1_, reviews0_.content as content2_5_1_, reviews0_.spot_id as spot_id3_5_1_ from review reviews0_ where reviews0_.spot_id=65;
spot.getReviews() = [Review(id=1, content=123123), Review(id=2, content=234234)]
spot = capstone.jejuTourrecommend.domain.Spot@491ef90c
2022-10-10 13:48:04.028  INFO 3923 --- [    Test worker] p6spy                                    : #1665377284028 | took 0ms | statement | connection 14| url jdbc:h2:mem:6a3784ae-1aa6-4bbf-b617-4d4aeabcc2af
select reviews0_.spot_id as spot_id3_5_0_, reviews0_.review_id as review_i1_5_0_, reviews0_.review_id as review_i1_5_1_, reviews0_.content as content2_5_1_, reviews0_.spot_id as spot_id3_5_1_ from review reviews0_ where reviews0_.spot_id=?
select reviews0_.spot_id as spot_id3_5_0_, reviews0_.review_id as review_i1_5_0_, reviews0_.review_id as review_i1_5_1_, reviews0_.content as content2_5_1_, reviews0_.spot_id as spot_id3_5_1_ from review reviews0_ where reviews0_.spot_id=66;
spot.getReviews() = [Review(id=3, content=3453453), Review(id=4, content=456456)]
2022-10-10 13:48:04.029  INFO 3923 --- [    Test worker] p6spy                                    : #1665377284029 | took 0ms | rollback | connection 14| url jdbc:h2:mem:6a3784ae-1aa6-4bbf-b617-4d4aeabcc2af

;
2022-10-10 13:48:04.029  INFO 3923 --- [    Test worker] o.s.t.c.transaction.TransactionContext   : Rolled back transaction for test: [DefaultTestContext@11932248 testClass = ReviewTest, testInstance = capstone.jejuTourrecommend.domain.ReviewTest@1569f8a6, testMethod = review_spotTest@ReviewTest, testException = [null], mergedContextConfiguration = [WebMergedContextConfiguration@70bc684b testClass = ReviewTest, locations = '{}', classes = '{class capstone.jejuTourrecommend.JejuTourRecommendApplication}', contextInitializerClasses = '[]', activeProfiles = '{}', propertySourceLocations = '{}', propertySourceProperties = '{org.springframework.boot.test.context.SpringBootTestContextBootstrapper=true}', contextCustomizers = set[org.springframework.boot.test.autoconfigure.actuate.metrics.MetricsExportContextCustomizerFactory$DisableMetricExportContextCustomizer@239b0f9d, org.springframework.boot.test.autoconfigure.properties.PropertyMappingContextCustomizer@0, org.springframework.boot.test.autoconfigure.web.servlet.WebDriverContextCustomizerFactory$Customizer@c260bdc, org.springframework.boot.test.context.filter.ExcludeFilterContextCustomizer@3f363cf5, org.springframework.boot.test.json.DuplicateJsonObjectContextCustomizerFactory$DuplicateJsonObjectContextCustomizer@1bb1fde8, org.springframework.boot.test.mock.mockito.MockitoContextCustomizer@0, org.springframework.boot.test.web.client.TestRestTemplateContextCustomizer@26a4842b, org.springframework.boot.test.context.SpringBootTestArgs@1, org.springframework.boot.test.context.SpringBootTestWebEnvironment@34b9f960], resourceBasePath = 'src/main/webapp', contextLoader = 'org.springframework.boot.test.context.SpringBootContextLoader', parent = [null]], attributes = map['org.springframework.test.context.web.ServletTestExecutionListener.activateListener' -> true, 'org.springframework.test.context.web.ServletTestExecutionListener.populatedRequestContextHolder' -> true, 'org.springframework.test.context.web.ServletTestExecutionListener.resetRequestContextHolder' -> true, 'org.springframework.test.context.event.ApplicationEventsTestExecutionListener.recordApplicationEvents' -> false]]
]]></system-out>
  <system-err><![CDATA[]]></system-err>
</testsuite>
