<?xml version="1.0" encoding="UTF-8"?>
<testsuite name="capstone.jejuTourrecommend.repository.FavoriteSpotQueryRepositoryTest" tests="7" skipped="0" failures="0" errors="0" timestamp="2022-10-10T04:48:04" hostname="Heon-MacBookPro.local" time="0.475">
  <properties/>
  <testcase name="favoriteSpotListTest()" classname="capstone.jejuTourrecommend.repository.FavoriteSpotQueryRepositoryTest" time="0.072"/>
  <testcase name="optimizationFavoriteListTest()" classname="capstone.jejuTourrecommend.repository.FavoriteSpotQueryRepositoryTest" time="0.078"/>
  <testcase name="exitSpotTest()" classname="capstone.jejuTourrecommend.repository.FavoriteSpotQueryRepositoryTest" time="0.06"/>
  <testcase name="deleteFavoriteSpot()" classname="capstone.jejuTourrecommend.repository.FavoriteSpotQueryRepositoryTest" time="0.065"/>
  <testcase name="recommendSpotListTest()" classname="capstone.jejuTourrecommend.repository.FavoriteSpotQueryRepositoryTest" time="0.084"/>
  <testcase name="deleteTest()" classname="capstone.jejuTourrecommend.repository.FavoriteSpotQueryRepositoryTest" time="0.051"/>
  <testcase name="favoriteListTest()" classname="capstone.jejuTourrecommend.repository.FavoriteSpotQueryRepositoryTest" time="0.06"/>
  <system-out><![CDATA[2022-10-10 13:48:04.375  INFO 3923 --- [    Test worker] .b.t.c.SpringBootTestContextBootstrapper : Neither @ContextConfiguration nor @ContextHierarchy found for test class [capstone.jejuTourrecommend.repository.FavoriteSpotQueryRepositoryTest], using SpringBootContextLoader
2022-10-10 13:48:04.376  INFO 3923 --- [    Test worker] o.s.t.c.support.AbstractContextLoader    : Could not detect default resource locations for test class [capstone.jejuTourrecommend.repository.FavoriteSpotQueryRepositoryTest]: no resource found for suffixes {-context.xml, Context.groovy}.
2022-10-10 13:48:04.376  INFO 3923 --- [    Test worker] t.c.s.AnnotationConfigContextLoaderUtils : Could not detect default configuration classes for test class [capstone.jejuTourrecommend.repository.FavoriteSpotQueryRepositoryTest]: FavoriteSpotQueryRepositoryTest does not declare any static, non-private, non-final, nested classes annotated with @Configuration.
2022-10-10 13:48:04.376  INFO 3923 --- [    Test worker] .b.t.c.SpringBootTestContextBootstrapper : Found @SpringBootConfiguration capstone.jejuTourrecommend.JejuTourRecommendApplication for test class capstone.jejuTourrecommend.repository.FavoriteSpotQueryRepositoryTest
2022-10-10 13:48:04.377  INFO 3923 --- [    Test worker] .b.t.c.SpringBootTestContextBootstrapper : Loaded default TestExecutionListener class names from location [META-INF/spring.factories]: [org.springframework.boot.test.autoconfigure.restdocs.RestDocsTestExecutionListener, org.springframework.boot.test.autoconfigure.web.client.MockRestServiceServerResetTestExecutionListener, org.springframework.boot.test.autoconfigure.web.servlet.MockMvcPrintOnlyOnFailureTestExecutionListener, org.springframework.boot.test.autoconfigure.web.servlet.WebDriverTestExecutionListener, org.springframework.boot.test.autoconfigure.webservices.client.MockWebServiceServerTestExecutionListener, org.springframework.boot.test.mock.mockito.MockitoTestExecutionListener, org.springframework.boot.test.mock.mockito.ResetMocksTestExecutionListener, org.springframework.test.context.web.ServletTestExecutionListener, org.springframework.test.context.support.DirtiesContextBeforeModesTestExecutionListener, org.springframework.test.context.event.ApplicationEventsTestExecutionListener, org.springframework.test.context.support.DependencyInjectionTestExecutionListener, org.springframework.test.context.support.DirtiesContextTestExecutionListener, org.springframework.test.context.transaction.TransactionalTestExecutionListener, org.springframework.test.context.jdbc.SqlScriptsTestExecutionListener, org.springframework.test.context.event.EventPublishingTestExecutionListener]
2022-10-10 13:48:04.377  INFO 3923 --- [    Test worker] .b.t.c.SpringBootTestContextBootstrapper : Using TestExecutionListeners: [org.springframework.test.context.web.ServletTestExecutionListener@693d2f8d, org.springframework.test.context.support.DirtiesContextBeforeModesTestExecutionListener@27257639, org.springframework.test.context.event.ApplicationEventsTestExecutionListener@6d820f5e, org.springframework.boot.test.mock.mockito.MockitoTestExecutionListener@538ef298, org.springframework.boot.test.autoconfigure.SpringBootDependencyInjectionTestExecutionListener@534ffe23, org.springframework.test.context.support.DirtiesContextTestExecutionListener@5f57cecd, org.springframework.test.context.transaction.TransactionalTestExecutionListener@2252c286, org.springframework.test.context.jdbc.SqlScriptsTestExecutionListener@66cfe66, org.springframework.test.context.event.EventPublishingTestExecutionListener@2a7eb66e, org.springframework.boot.test.autoconfigure.restdocs.RestDocsTestExecutionListener@4bbe344a, org.springframework.boot.test.autoconfigure.web.client.MockRestServiceServerResetTestExecutionListener@7fcc9949, org.springframework.boot.test.autoconfigure.web.servlet.MockMvcPrintOnlyOnFailureTestExecutionListener@1eb2d718, org.springframework.boot.test.autoconfigure.web.servlet.WebDriverTestExecutionListener@41a0df66, org.springframework.boot.test.autoconfigure.webservices.client.MockWebServiceServerTestExecutionListener@7b86bf7c, org.springframework.boot.test.mock.mockito.ResetMocksTestExecutionListener@601b7794]
2022-10-10 13:48:04.379  INFO 3923 --- [    Test worker] o.s.t.c.transaction.TransactionContext   : Began transaction (1) for test context [DefaultTestContext@792484df testClass = FavoriteSpotQueryRepositoryTest, testInstance = capstone.jejuTourrecommend.repository.FavoriteSpotQueryRepositoryTest@78582926, testMethod = favoriteSpotListTest@FavoriteSpotQueryRepositoryTest, testException = [null], mergedContextConfiguration = [WebMergedContextConfiguration@2efe360c testClass = FavoriteSpotQueryRepositoryTest, locations = '{}', classes = '{class capstone.jejuTourrecommend.JejuTourRecommendApplication}', contextInitializerClasses = '[]', activeProfiles = '{}', propertySourceLocations = '{}', propertySourceProperties = '{org.springframework.boot.test.context.SpringBootTestContextBootstrapper=true}', contextCustomizers = set[org.springframework.boot.test.autoconfigure.actuate.metrics.MetricsExportContextCustomizerFactory$DisableMetricExportContextCustomizer@239b0f9d, org.springframework.boot.test.autoconfigure.properties.PropertyMappingContextCustomizer@0, org.springframework.boot.test.autoconfigure.web.servlet.WebDriverContextCustomizerFactory$Customizer@c260bdc, org.springframework.boot.test.context.filter.ExcludeFilterContextCustomizer@3f363cf5, org.springframework.boot.test.json.DuplicateJsonObjectContextCustomizerFactory$DuplicateJsonObjectContextCustomizer@1bb1fde8, org.springframework.boot.test.mock.mockito.MockitoContextCustomizer@0, org.springframework.boot.test.web.client.TestRestTemplateContextCustomizer@26a4842b, org.springframework.boot.test.context.SpringBootTestArgs@1, org.springframework.boot.test.context.SpringBootTestWebEnvironment@34b9f960], resourceBasePath = 'src/main/webapp', contextLoader = 'org.springframework.boot.test.context.SpringBootContextLoader', parent = [null]], attributes = map['org.springframework.test.context.web.ServletTestExecutionListener.activateListener' -> true, 'org.springframework.test.context.web.ServletTestExecutionListener.populatedRequestContextHolder' -> true, 'org.springframework.test.context.web.ServletTestExecutionListener.resetRequestContextHolder' -> true, 'org.springframework.test.context.event.ApplicationEventsTestExecutionListener.recordApplicationEvents' -> false]]; transaction manager [org.springframework.orm.jpa.JpaTransactionManager@5843ab8]; rollback [true]
2022-10-10 13:48:04.380  INFO 3923 --- [    Test worker] c.j.r.FavoriteSpotQueryRepositoryTest    : member1 =Member(id=12, username=member1, email=member1@gmail.com, password=1234)
2022-10-10 13:48:04.380  INFO 3923 --- [    Test worker] p6spy                                    : #1665377284380 | took 0ms | statement | connection 22| url jdbc:h2:mem:6a3784ae-1aa6-4bbf-b617-4d4aeabcc2af
call next value for hibernate_sequence
call next value for hibernate_sequence;
2022-10-10 13:48:04.380  INFO 3923 --- [    Test worker] p6spy                                    : #1665377284380 | took 0ms | statement | connection 22| url jdbc:h2:mem:6a3784ae-1aa6-4bbf-b617-4d4aeabcc2af
call next value for hibernate_sequence
call next value for hibernate_sequence;
2022-10-10 13:48:04.380  INFO 3923 --- [    Test worker] p6spy                                    : #1665377284380 | took 0ms | statement | connection 22| url jdbc:h2:mem:6a3784ae-1aa6-4bbf-b617-4d4aeabcc2af
call next value for hibernate_sequence
call next value for hibernate_sequence;
2022-10-10 13:48:04.380  INFO 3923 --- [    Test worker] p6spy                                    : #1665377284380 | took 0ms | statement | connection 22| url jdbc:h2:mem:6a3784ae-1aa6-4bbf-b617-4d4aeabcc2af
call next value for hibernate_sequence
call next value for hibernate_sequence;
2022-10-10 13:48:04.380  INFO 3923 --- [    Test worker] c.j.r.FavoriteSpotQueryRepositoryTest    : favoriteSpot = FavoriteSpot(id=271, count=0)
2022-10-10 13:48:04.380  INFO 3923 --- [    Test worker] c.j.r.FavoriteSpotQueryRepositoryTest    : Spot = capstone.jejuTourrecommend.domain.Spot@62231c0f
2022-10-10 13:48:04.380  INFO 3923 --- [    Test worker] p6spy                                    : #1665377284380 | took 0ms | statement | connection 22| url jdbc:h2:mem:6a3784ae-1aa6-4bbf-b617-4d4aeabcc2af
call next value for hibernate_sequence
call next value for hibernate_sequence;
2022-10-10 13:48:04.380  INFO 3923 --- [    Test worker] p6spy                                    : #1665377284380 | took 0ms | statement | connection 22| url jdbc:h2:mem:6a3784ae-1aa6-4bbf-b617-4d4aeabcc2af
call next value for hibernate_sequence
call next value for hibernate_sequence;
2022-10-10 13:48:04.380  INFO 3923 --- [    Test worker] p6spy                                    : #1665377284380 | took 0ms | statement | connection 22| url jdbc:h2:mem:6a3784ae-1aa6-4bbf-b617-4d4aeabcc2af
call next value for hibernate_sequence
call next value for hibernate_sequence;
2022-10-10 13:48:04.380  INFO 3923 --- [    Test worker] p6spy                                    : #1665377284380 | took 0ms | statement | connection 22| url jdbc:h2:mem:6a3784ae-1aa6-4bbf-b617-4d4aeabcc2af
call next value for hibernate_sequence
call next value for hibernate_sequence;
2022-10-10 13:48:04.380  INFO 3923 --- [    Test worker] p6spy                                    : #1665377284380 | took 0ms | statement | connection 22| url jdbc:h2:mem:6a3784ae-1aa6-4bbf-b617-4d4aeabcc2af
call next value for hibernate_sequence
call next value for hibernate_sequence;
2022-10-10 13:48:04.380  INFO 3923 --- [    Test worker] p6spy                                    : #1665377284380 | took 0ms | statement | connection 22| url jdbc:h2:mem:6a3784ae-1aa6-4bbf-b617-4d4aeabcc2af
call next value for hibernate_sequence
call next value for hibernate_sequence;
2022-10-10 13:48:04.381  INFO 3923 --- [    Test worker] p6spy                                    : #1665377284381 | took 0ms | statement | connection 22| url jdbc:h2:mem:6a3784ae-1aa6-4bbf-b617-4d4aeabcc2af
call next value for hibernate_sequence
call next value for hibernate_sequence;
2022-10-10 13:48:04.381  INFO 3923 --- [    Test worker] p6spy                                    : #1665377284381 | took 0ms | statement | connection 22| url jdbc:h2:mem:6a3784ae-1aa6-4bbf-b617-4d4aeabcc2af
call next value for hibernate_sequence
call next value for hibernate_sequence;
2022-10-10 13:48:04.381  INFO 3923 --- [    Test worker] c.j.r.FavoriteSpotQueryRepositoryTest    : favoriteSpot = FavoriteSpot(id=272, count=0)
2022-10-10 13:48:04.381  INFO 3923 --- [    Test worker] c.j.r.FavoriteSpotQueryRepositoryTest    : Spot = capstone.jejuTourrecommend.domain.Spot@3093c41f
2022-10-10 13:48:04.381  INFO 3923 --- [    Test worker] p6spy                                    : #1665377284381 | took 0ms | statement | connection 22| url jdbc:h2:mem:6a3784ae-1aa6-4bbf-b617-4d4aeabcc2af
call next value for hibernate_sequence
call next value for hibernate_sequence;
2022-10-10 13:48:04.381  INFO 3923 --- [    Test worker] p6spy                                    : #1665377284381 | took 0ms | statement | connection 22| url jdbc:h2:mem:6a3784ae-1aa6-4bbf-b617-4d4aeabcc2af
call next value for hibernate_sequence
call next value for hibernate_sequence;
2022-10-10 13:48:04.381  INFO 3923 --- [    Test worker] p6spy                                    : #1665377284381 | took 0ms | statement | connection 22| url jdbc:h2:mem:6a3784ae-1aa6-4bbf-b617-4d4aeabcc2af
call next value for hibernate_sequence
call next value for hibernate_sequence;
2022-10-10 13:48:04.381  INFO 3923 --- [    Test worker] p6spy                                    : #1665377284381 | took 0ms | statement | connection 22| url jdbc:h2:mem:6a3784ae-1aa6-4bbf-b617-4d4aeabcc2af
call next value for hibernate_sequence
call next value for hibernate_sequence;
2022-10-10 13:48:04.381  INFO 3923 --- [    Test worker] p6spy                                    : #1665377284381 | took 0ms | statement | connection 22| url jdbc:h2:mem:6a3784ae-1aa6-4bbf-b617-4d4aeabcc2af
call next value for hibernate_sequence
call next value for hibernate_sequence;
2022-10-10 13:48:04.381  INFO 3923 --- [    Test worker] p6spy                                    : #1665377284381 | took 0ms | statement | connection 22| url jdbc:h2:mem:6a3784ae-1aa6-4bbf-b617-4d4aeabcc2af
call next value for hibernate_sequence
call next value for hibernate_sequence;
2022-10-10 13:48:04.381  INFO 3923 --- [    Test worker] p6spy                                    : #1665377284381 | took 0ms | statement | connection 22| url jdbc:h2:mem:6a3784ae-1aa6-4bbf-b617-4d4aeabcc2af
call next value for hibernate_sequence
call next value for hibernate_sequence;
2022-10-10 13:48:04.381  INFO 3923 --- [    Test worker] p6spy                                    : #1665377284381 | took 0ms | statement | connection 22| url jdbc:h2:mem:6a3784ae-1aa6-4bbf-b617-4d4aeabcc2af
call next value for hibernate_sequence
call next value for hibernate_sequence;
2022-10-10 13:48:04.381  INFO 3923 --- [    Test worker] c.j.r.FavoriteSpotQueryRepositoryTest    : favoriteSpot = FavoriteSpot(id=273, count=0)
2022-10-10 13:48:04.381  INFO 3923 --- [    Test worker] c.j.r.FavoriteSpotQueryRepositoryTest    : Spot = capstone.jejuTourrecommend.domain.Spot@3c3d53ff
2022-10-10 13:48:04.381  INFO 3923 --- [    Test worker] p6spy                                    : #1665377284381 | took 0ms | statement | connection 22| url jdbc:h2:mem:6a3784ae-1aa6-4bbf-b617-4d4aeabcc2af
call next value for hibernate_sequence
call next value for hibernate_sequence;
2022-10-10 13:48:04.381  INFO 3923 --- [    Test worker] p6spy                                    : #1665377284381 | took 0ms | statement | connection 22| url jdbc:h2:mem:6a3784ae-1aa6-4bbf-b617-4d4aeabcc2af
call next value for hibernate_sequence
call next value for hibernate_sequence;
2022-10-10 13:48:04.381  INFO 3923 --- [    Test worker] p6spy                                    : #1665377284381 | took 0ms | statement | connection 22| url jdbc:h2:mem:6a3784ae-1aa6-4bbf-b617-4d4aeabcc2af
call next value for hibernate_sequence
call next value for hibernate_sequence;
2022-10-10 13:48:04.381  INFO 3923 --- [    Test worker] p6spy                                    : #1665377284381 | took 0ms | statement | connection 22| url jdbc:h2:mem:6a3784ae-1aa6-4bbf-b617-4d4aeabcc2af
call next value for hibernate_sequence
call next value for hibernate_sequence;
2022-10-10 13:48:04.381  INFO 3923 --- [    Test worker] p6spy                                    : #1665377284381 | took 0ms | statement | connection 22| url jdbc:h2:mem:6a3784ae-1aa6-4bbf-b617-4d4aeabcc2af
call next value for hibernate_sequence
call next value for hibernate_sequence;
2022-10-10 13:48:04.381  INFO 3923 --- [    Test worker] p6spy                                    : #1665377284381 | took 0ms | statement | connection 22| url jdbc:h2:mem:6a3784ae-1aa6-4bbf-b617-4d4aeabcc2af
call next value for hibernate_sequence
call next value for hibernate_sequence;
2022-10-10 13:48:04.381  INFO 3923 --- [    Test worker] p6spy                                    : #1665377284381 | took 0ms | statement | connection 22| url jdbc:h2:mem:6a3784ae-1aa6-4bbf-b617-4d4aeabcc2af
call next value for hibernate_sequence
call next value for hibernate_sequence;
2022-10-10 13:48:04.381  INFO 3923 --- [    Test worker] p6spy                                    : #1665377284381 | took 0ms | statement | connection 22| url jdbc:h2:mem:6a3784ae-1aa6-4bbf-b617-4d4aeabcc2af
call next value for hibernate_sequence
call next value for hibernate_sequence;
2022-10-10 13:48:04.381  INFO 3923 --- [    Test worker] c.j.r.FavoriteSpotQueryRepositoryTest    : favoriteSpot = FavoriteSpot(id=274, count=0)
2022-10-10 13:48:04.381  INFO 3923 --- [    Test worker] c.j.r.FavoriteSpotQueryRepositoryTest    : Spot = capstone.jejuTourrecommend.domain.Spot@f02369f
2022-10-10 13:48:04.381  INFO 3923 --- [    Test worker] p6spy                                    : #1665377284381 | took 0ms | statement | connection 22| url jdbc:h2:mem:6a3784ae-1aa6-4bbf-b617-4d4aeabcc2af
call next value for hibernate_sequence
call next value for hibernate_sequence;
2022-10-10 13:48:04.381  INFO 3923 --- [    Test worker] p6spy                                    : #1665377284381 | took 0ms | statement | connection 22| url jdbc:h2:mem:6a3784ae-1aa6-4bbf-b617-4d4aeabcc2af
call next value for hibernate_sequence
call next value for hibernate_sequence;
2022-10-10 13:48:04.381  INFO 3923 --- [    Test worker] p6spy                                    : #1665377284381 | took 0ms | statement | connection 22| url jdbc:h2:mem:6a3784ae-1aa6-4bbf-b617-4d4aeabcc2af
call next value for hibernate_sequence
call next value for hibernate_sequence;
2022-10-10 13:48:04.381  INFO 3923 --- [    Test worker] p6spy                                    : #1665377284381 | took 0ms | statement | connection 22| url jdbc:h2:mem:6a3784ae-1aa6-4bbf-b617-4d4aeabcc2af
call next value for hibernate_sequence
call next value for hibernate_sequence;
2022-10-10 13:48:04.381  INFO 3923 --- [    Test worker] p6spy                                    : #1665377284381 | took 0ms | statement | connection 22| url jdbc:h2:mem:6a3784ae-1aa6-4bbf-b617-4d4aeabcc2af
call next value for hibernate_sequence
call next value for hibernate_sequence;
2022-10-10 13:48:04.381  INFO 3923 --- [    Test worker] p6spy                                    : #1665377284381 | took 0ms | statement | connection 22| url jdbc:h2:mem:6a3784ae-1aa6-4bbf-b617-4d4aeabcc2af
call next value for hibernate_sequence
call next value for hibernate_sequence;
2022-10-10 13:48:04.381  INFO 3923 --- [    Test worker] p6spy                                    : #1665377284381 | took 0ms | statement | connection 22| url jdbc:h2:mem:6a3784ae-1aa6-4bbf-b617-4d4aeabcc2af
call next value for hibernate_sequence
call next value for hibernate_sequence;
2022-10-10 13:48:04.381  INFO 3923 --- [    Test worker] p6spy                                    : #1665377284381 | took 0ms | statement | connection 22| url jdbc:h2:mem:6a3784ae-1aa6-4bbf-b617-4d4aeabcc2af
call next value for hibernate_sequence
call next value for hibernate_sequence;
2022-10-10 13:48:04.381  INFO 3923 --- [    Test worker] c.j.r.FavoriteSpotQueryRepositoryTest    : favoriteSpot = FavoriteSpot(id=275, count=0)
2022-10-10 13:48:04.381  INFO 3923 --- [    Test worker] c.j.r.FavoriteSpotQueryRepositoryTest    : Spot = capstone.jejuTourrecommend.domain.Spot@19e89188
2022-10-10 13:48:04.381  INFO 3923 --- [    Test worker] p6spy                                    : #1665377284381 | took 0ms | statement | connection 22| url jdbc:h2:mem:6a3784ae-1aa6-4bbf-b617-4d4aeabcc2af
call next value for hibernate_sequence
call next value for hibernate_sequence;
2022-10-10 13:48:04.381  INFO 3923 --- [    Test worker] p6spy                                    : #1665377284381 | took 0ms | statement | connection 22| url jdbc:h2:mem:6a3784ae-1aa6-4bbf-b617-4d4aeabcc2af
call next value for hibernate_sequence
call next value for hibernate_sequence;
2022-10-10 13:48:04.382  INFO 3923 --- [    Test worker] p6spy                                    : #1665377284382 | took 0ms | statement | connection 22| url jdbc:h2:mem:6a3784ae-1aa6-4bbf-b617-4d4aeabcc2af
call next value for hibernate_sequence
call next value for hibernate_sequence;
2022-10-10 13:48:04.382  INFO 3923 --- [    Test worker] p6spy                                    : #1665377284382 | took 0ms | statement | connection 22| url jdbc:h2:mem:6a3784ae-1aa6-4bbf-b617-4d4aeabcc2af
call next value for hibernate_sequence
call next value for hibernate_sequence;
2022-10-10 13:48:04.382  INFO 3923 --- [    Test worker] p6spy                                    : #1665377284382 | took 0ms | statement | connection 22| url jdbc:h2:mem:6a3784ae-1aa6-4bbf-b617-4d4aeabcc2af
call next value for hibernate_sequence
call next value for hibernate_sequence;
2022-10-10 13:48:04.382  INFO 3923 --- [    Test worker] p6spy                                    : #1665377284382 | took 0ms | statement | connection 22| url jdbc:h2:mem:6a3784ae-1aa6-4bbf-b617-4d4aeabcc2af
call next value for hibernate_sequence
call next value for hibernate_sequence;
2022-10-10 13:48:04.382  INFO 3923 --- [    Test worker] p6spy                                    : #1665377284382 | took 0ms | statement | connection 22| url jdbc:h2:mem:6a3784ae-1aa6-4bbf-b617-4d4aeabcc2af
call next value for hibernate_sequence
call next value for hibernate_sequence;
2022-10-10 13:48:04.382  INFO 3923 --- [    Test worker] p6spy                                    : #1665377284382 | took 0ms | statement | connection 22| url jdbc:h2:mem:6a3784ae-1aa6-4bbf-b617-4d4aeabcc2af
call next value for hibernate_sequence
call next value for hibernate_sequence;
2022-10-10 13:48:04.382  INFO 3923 --- [    Test worker] c.j.r.FavoriteSpotQueryRepositoryTest    : favoriteSpot = FavoriteSpot(id=276, count=0)
2022-10-10 13:48:04.382  INFO 3923 --- [    Test worker] c.j.r.FavoriteSpotQueryRepositoryTest    : Spot = capstone.jejuTourrecommend.domain.Spot@17d560b9
2022-10-10 13:48:04.382  INFO 3923 --- [    Test worker] p6spy                                    : #1665377284382 | took 0ms | statement | connection 22| url jdbc:h2:mem:6a3784ae-1aa6-4bbf-b617-4d4aeabcc2af
call next value for hibernate_sequence
call next value for hibernate_sequence;
2022-10-10 13:48:04.382  INFO 3923 --- [    Test worker] p6spy                                    : #1665377284382 | took 0ms | statement | connection 22| url jdbc:h2:mem:6a3784ae-1aa6-4bbf-b617-4d4aeabcc2af
call next value for hibernate_sequence
call next value for hibernate_sequence;
2022-10-10 13:48:04.382  INFO 3923 --- [    Test worker] p6spy                                    : #1665377284382 | took 0ms | statement | connection 22| url jdbc:h2:mem:6a3784ae-1aa6-4bbf-b617-4d4aeabcc2af
call next value for hibernate_sequence
call next value for hibernate_sequence;
2022-10-10 13:48:04.382  INFO 3923 --- [    Test worker] p6spy                                    : #1665377284382 | took 0ms | statement | connection 22| url jdbc:h2:mem:6a3784ae-1aa6-4bbf-b617-4d4aeabcc2af
call next value for hibernate_sequence
call next value for hibernate_sequence;
2022-10-10 13:48:04.382  INFO 3923 --- [    Test worker] p6spy                                    : #1665377284382 | took 0ms | statement | connection 22| url jdbc:h2:mem:6a3784ae-1aa6-4bbf-b617-4d4aeabcc2af
call next value for hibernate_sequence
call next value for hibernate_sequence;
2022-10-10 13:48:04.382  INFO 3923 --- [    Test worker] p6spy                                    : #1665377284382 | took 0ms | statement | connection 22| url jdbc:h2:mem:6a3784ae-1aa6-4bbf-b617-4d4aeabcc2af
call next value for hibernate_sequence
call next value for hibernate_sequence;
2022-10-10 13:48:04.382  INFO 3923 --- [    Test worker] p6spy                                    : #1665377284382 | took 0ms | statement | connection 22| url jdbc:h2:mem:6a3784ae-1aa6-4bbf-b617-4d4aeabcc2af
call next value for hibernate_sequence
call next value for hibernate_sequence;
2022-10-10 13:48:04.382  INFO 3923 --- [    Test worker] p6spy                                    : #1665377284382 | took 0ms | statement | connection 22| url jdbc:h2:mem:6a3784ae-1aa6-4bbf-b617-4d4aeabcc2af
call next value for hibernate_sequence
call next value for hibernate_sequence;
2022-10-10 13:48:04.382  INFO 3923 --- [    Test worker] c.j.r.FavoriteSpotQueryRepositoryTest    : favoriteSpot = FavoriteSpot(id=277, count=0)
2022-10-10 13:48:04.382  INFO 3923 --- [    Test worker] c.j.r.FavoriteSpotQueryRepositoryTest    : Spot = capstone.jejuTourrecommend.domain.Spot@65e9711e
2022-10-10 13:48:04.382  INFO 3923 --- [    Test worker] p6spy                                    : #1665377284382 | took 0ms | statement | connection 22| url jdbc:h2:mem:6a3784ae-1aa6-4bbf-b617-4d4aeabcc2af
call next value for hibernate_sequence
call next value for hibernate_sequence;
2022-10-10 13:48:04.382  INFO 3923 --- [    Test worker] p6spy                                    : #1665377284382 | took 0ms | statement | connection 22| url jdbc:h2:mem:6a3784ae-1aa6-4bbf-b617-4d4aeabcc2af
call next value for hibernate_sequence
call next value for hibernate_sequence;
2022-10-10 13:48:04.382  INFO 3923 --- [    Test worker] p6spy                                    : #1665377284382 | took 0ms | statement | connection 22| url jdbc:h2:mem:6a3784ae-1aa6-4bbf-b617-4d4aeabcc2af
call next value for hibernate_sequence
call next value for hibernate_sequence;
2022-10-10 13:48:04.382  INFO 3923 --- [    Test worker] p6spy                                    : #1665377284382 | took 0ms | statement | connection 22| url jdbc:h2:mem:6a3784ae-1aa6-4bbf-b617-4d4aeabcc2af
call next value for hibernate_sequence
call next value for hibernate_sequence;
2022-10-10 13:48:04.382  INFO 3923 --- [    Test worker] p6spy                                    : #1665377284382 | took 0ms | statement | connection 22| url jdbc:h2:mem:6a3784ae-1aa6-4bbf-b617-4d4aeabcc2af
call next value for hibernate_sequence
call next value for hibernate_sequence;
2022-10-10 13:48:04.382  INFO 3923 --- [    Test worker] p6spy                                    : #1665377284382 | took 0ms | statement | connection 22| url jdbc:h2:mem:6a3784ae-1aa6-4bbf-b617-4d4aeabcc2af
call next value for hibernate_sequence
call next value for hibernate_sequence;
2022-10-10 13:48:04.382  INFO 3923 --- [    Test worker] p6spy                                    : #1665377284382 | took 0ms | statement | connection 22| url jdbc:h2:mem:6a3784ae-1aa6-4bbf-b617-4d4aeabcc2af
call next value for hibernate_sequence
call next value for hibernate_sequence;
2022-10-10 13:48:04.382  INFO 3923 --- [    Test worker] p6spy                                    : #1665377284382 | took 0ms | statement | connection 22| url jdbc:h2:mem:6a3784ae-1aa6-4bbf-b617-4d4aeabcc2af
call next value for hibernate_sequence
call next value for hibernate_sequence;
2022-10-10 13:48:04.382  INFO 3923 --- [    Test worker] c.j.r.FavoriteSpotQueryRepositoryTest    : favoriteSpot = FavoriteSpot(id=278, count=0)
2022-10-10 13:48:04.382  INFO 3923 --- [    Test worker] c.j.r.FavoriteSpotQueryRepositoryTest    : Spot = capstone.jejuTourrecommend.domain.Spot@78ca3d6b
2022-10-10 13:48:04.382  INFO 3923 --- [    Test worker] p6spy                                    : #1665377284382 | took 0ms | statement | connection 22| url jdbc:h2:mem:6a3784ae-1aa6-4bbf-b617-4d4aeabcc2af
call next value for hibernate_sequence
call next value for hibernate_sequence;
2022-10-10 13:48:04.382  INFO 3923 --- [    Test worker] p6spy                                    : #1665377284382 | took 0ms | statement | connection 22| url jdbc:h2:mem:6a3784ae-1aa6-4bbf-b617-4d4aeabcc2af
call next value for hibernate_sequence
call next value for hibernate_sequence;
2022-10-10 13:48:04.382  INFO 3923 --- [    Test worker] p6spy                                    : #1665377284382 | took 0ms | statement | connection 22| url jdbc:h2:mem:6a3784ae-1aa6-4bbf-b617-4d4aeabcc2af
call next value for hibernate_sequence
call next value for hibernate_sequence;
2022-10-10 13:48:04.382  INFO 3923 --- [    Test worker] p6spy                                    : #1665377284382 | took 0ms | statement | connection 22| url jdbc:h2:mem:6a3784ae-1aa6-4bbf-b617-4d4aeabcc2af
call next value for hibernate_sequence
call next value for hibernate_sequence;
2022-10-10 13:48:04.383  INFO 3923 --- [    Test worker] p6spy                                    : #1665377284383 | took 0ms | statement | connection 22| url jdbc:h2:mem:6a3784ae-1aa6-4bbf-b617-4d4aeabcc2af
call next value for hibernate_sequence
call next value for hibernate_sequence;
2022-10-10 13:48:04.383  INFO 3923 --- [    Test worker] p6spy                                    : #1665377284383 | took 0ms | statement | connection 22| url jdbc:h2:mem:6a3784ae-1aa6-4bbf-b617-4d4aeabcc2af
call next value for hibernate_sequence
call next value for hibernate_sequence;
2022-10-10 13:48:04.383  INFO 3923 --- [    Test worker] p6spy                                    : #1665377284383 | took 0ms | statement | connection 22| url jdbc:h2:mem:6a3784ae-1aa6-4bbf-b617-4d4aeabcc2af
call next value for hibernate_sequence
call next value for hibernate_sequence;
2022-10-10 13:48:04.383  INFO 3923 --- [    Test worker] p6spy                                    : #1665377284383 | took 0ms | statement | connection 22| url jdbc:h2:mem:6a3784ae-1aa6-4bbf-b617-4d4aeabcc2af
call next value for hibernate_sequence
call next value for hibernate_sequence;
2022-10-10 13:48:04.383  INFO 3923 --- [    Test worker] c.j.r.FavoriteSpotQueryRepositoryTest    : favoriteSpot = FavoriteSpot(id=279, count=0)
2022-10-10 13:48:04.383  INFO 3923 --- [    Test worker] c.j.r.FavoriteSpotQueryRepositoryTest    : Spot = capstone.jejuTourrecommend.domain.Spot@7e04a93f
2022-10-10 13:48:04.383  INFO 3923 --- [    Test worker] p6spy                                    : #1665377284383 | took 0ms | statement | connection 22| url jdbc:h2:mem:6a3784ae-1aa6-4bbf-b617-4d4aeabcc2af
call next value for hibernate_sequence
call next value for hibernate_sequence;
2022-10-10 13:48:04.383  INFO 3923 --- [    Test worker] p6spy                                    : #1665377284383 | took 0ms | statement | connection 22| url jdbc:h2:mem:6a3784ae-1aa6-4bbf-b617-4d4aeabcc2af
call next value for hibernate_sequence
call next value for hibernate_sequence;
2022-10-10 13:48:04.383  INFO 3923 --- [    Test worker] p6spy                                    : #1665377284383 | took 0ms | statement | connection 22| url jdbc:h2:mem:6a3784ae-1aa6-4bbf-b617-4d4aeabcc2af
call next value for hibernate_sequence
call next value for hibernate_sequence;
2022-10-10 13:48:04.383  INFO 3923 --- [    Test worker] p6spy                                    : #1665377284383 | took 0ms | statement | connection 22| url jdbc:h2:mem:6a3784ae-1aa6-4bbf-b617-4d4aeabcc2af
call next value for hibernate_sequence
call next value for hibernate_sequence;
2022-10-10 13:48:04.383  INFO 3923 --- [    Test worker] p6spy                                    : #1665377284383 | took 0ms | statement | connection 22| url jdbc:h2:mem:6a3784ae-1aa6-4bbf-b617-4d4aeabcc2af
call next value for hibernate_sequence
call next value for hibernate_sequence;
2022-10-10 13:48:04.383  INFO 3923 --- [    Test worker] p6spy                                    : #1665377284383 | took 0ms | statement | connection 22| url jdbc:h2:mem:6a3784ae-1aa6-4bbf-b617-4d4aeabcc2af
call next value for hibernate_sequence
call next value for hibernate_sequence;
2022-10-10 13:48:04.383  INFO 3923 --- [    Test worker] p6spy                                    : #1665377284383 | took 0ms | statement | connection 22| url jdbc:h2:mem:6a3784ae-1aa6-4bbf-b617-4d4aeabcc2af
call next value for hibernate_sequence
call next value for hibernate_sequence;
2022-10-10 13:48:04.383  INFO 3923 --- [    Test worker] p6spy                                    : #1665377284383 | took 0ms | statement | connection 22| url jdbc:h2:mem:6a3784ae-1aa6-4bbf-b617-4d4aeabcc2af
call next value for hibernate_sequence
call next value for hibernate_sequence;
2022-10-10 13:48:04.383  INFO 3923 --- [    Test worker] c.j.r.FavoriteSpotQueryRepositoryTest    : favoriteSpot = FavoriteSpot(id=280, count=0)
2022-10-10 13:48:04.383  INFO 3923 --- [    Test worker] c.j.r.FavoriteSpotQueryRepositoryTest    : Spot = capstone.jejuTourrecommend.domain.Spot@5cc43bff
2022-10-10 13:48:04.383  INFO 3923 --- [    Test worker] p6spy                                    : #1665377284383 | took 0ms | statement | connection 22| url jdbc:h2:mem:6a3784ae-1aa6-4bbf-b617-4d4aeabcc2af
call next value for hibernate_sequence
call next value for hibernate_sequence;
2022-10-10 13:48:04.383  INFO 3923 --- [    Test worker] p6spy                                    : #1665377284383 | took 0ms | statement | connection 22| url jdbc:h2:mem:6a3784ae-1aa6-4bbf-b617-4d4aeabcc2af
call next value for hibernate_sequence
call next value for hibernate_sequence;
2022-10-10 13:48:04.383  INFO 3923 --- [    Test worker] p6spy                                    : #1665377284383 | took 0ms | statement | connection 22| url jdbc:h2:mem:6a3784ae-1aa6-4bbf-b617-4d4aeabcc2af
call next value for hibernate_sequence
call next value for hibernate_sequence;
2022-10-10 13:48:04.383  INFO 3923 --- [    Test worker] p6spy                                    : #1665377284383 | took 0ms | statement | connection 22| url jdbc:h2:mem:6a3784ae-1aa6-4bbf-b617-4d4aeabcc2af
call next value for hibernate_sequence
call next value for hibernate_sequence;
2022-10-10 13:48:04.383  INFO 3923 --- [    Test worker] p6spy                                    : #1665377284383 | took 0ms | statement | connection 22| url jdbc:h2:mem:6a3784ae-1aa6-4bbf-b617-4d4aeabcc2af
call next value for hibernate_sequence
call next value for hibernate_sequence;
2022-10-10 13:48:04.383  INFO 3923 --- [    Test worker] p6spy                                    : #1665377284383 | took 0ms | statement | connection 22| url jdbc:h2:mem:6a3784ae-1aa6-4bbf-b617-4d4aeabcc2af
call next value for hibernate_sequence
call next value for hibernate_sequence;
2022-10-10 13:48:04.383  INFO 3923 --- [    Test worker] p6spy                                    : #1665377284383 | took 0ms | statement | connection 22| url jdbc:h2:mem:6a3784ae-1aa6-4bbf-b617-4d4aeabcc2af
call next value for hibernate_sequence
call next value for hibernate_sequence;
2022-10-10 13:48:04.383  INFO 3923 --- [    Test worker] p6spy                                    : #1665377284383 | took 0ms | statement | connection 22| url jdbc:h2:mem:6a3784ae-1aa6-4bbf-b617-4d4aeabcc2af
call next value for hibernate_sequence
call next value for hibernate_sequence;
2022-10-10 13:48:04.383  INFO 3923 --- [    Test worker] c.j.r.FavoriteSpotQueryRepositoryTest    : favoriteSpot = FavoriteSpot(id=281, count=0)
2022-10-10 13:48:04.383  INFO 3923 --- [    Test worker] c.j.r.FavoriteSpotQueryRepositoryTest    : Spot = capstone.jejuTourrecommend.domain.Spot@2775d0d4
2022-10-10 13:48:04.383  INFO 3923 --- [    Test worker] p6spy                                    : #1665377284383 | took 0ms | statement | connection 22| url jdbc:h2:mem:6a3784ae-1aa6-4bbf-b617-4d4aeabcc2af
call next value for hibernate_sequence
call next value for hibernate_sequence;
2022-10-10 13:48:04.383  INFO 3923 --- [    Test worker] p6spy                                    : #1665377284383 | took 0ms | statement | connection 22| url jdbc:h2:mem:6a3784ae-1aa6-4bbf-b617-4d4aeabcc2af
call next value for hibernate_sequence
call next value for hibernate_sequence;
2022-10-10 13:48:04.383  INFO 3923 --- [    Test worker] p6spy                                    : #1665377284383 | took 0ms | statement | connection 22| url jdbc:h2:mem:6a3784ae-1aa6-4bbf-b617-4d4aeabcc2af
call next value for hibernate_sequence
call next value for hibernate_sequence;
2022-10-10 13:48:04.383  INFO 3923 --- [    Test worker] p6spy                                    : #1665377284383 | took 0ms | statement | connection 22| url jdbc:h2:mem:6a3784ae-1aa6-4bbf-b617-4d4aeabcc2af
call next value for hibernate_sequence
call next value for hibernate_sequence;
2022-10-10 13:48:04.383  INFO 3923 --- [    Test worker] p6spy                                    : #1665377284383 | took 0ms | statement | connection 22| url jdbc:h2:mem:6a3784ae-1aa6-4bbf-b617-4d4aeabcc2af
call next value for hibernate_sequence
call next value for hibernate_sequence;
2022-10-10 13:48:04.384  INFO 3923 --- [    Test worker] p6spy                                    : #1665377284384 | took 0ms | statement | connection 22| url jdbc:h2:mem:6a3784ae-1aa6-4bbf-b617-4d4aeabcc2af
call next value for hibernate_sequence
call next value for hibernate_sequence;
2022-10-10 13:48:04.384  INFO 3923 --- [    Test worker] p6spy                                    : #1665377284384 | took 0ms | statement | connection 22| url jdbc:h2:mem:6a3784ae-1aa6-4bbf-b617-4d4aeabcc2af
call next value for hibernate_sequence
call next value for hibernate_sequence;
2022-10-10 13:48:04.384  INFO 3923 --- [    Test worker] p6spy                                    : #1665377284384 | took 0ms | statement | connection 22| url jdbc:h2:mem:6a3784ae-1aa6-4bbf-b617-4d4aeabcc2af
call next value for hibernate_sequence
call next value for hibernate_sequence;
2022-10-10 13:48:04.384  INFO 3923 --- [    Test worker] c.j.r.FavoriteSpotQueryRepositoryTest    : favoriteSpot = FavoriteSpot(id=282, count=0)
2022-10-10 13:48:04.384  INFO 3923 --- [    Test worker] c.j.r.FavoriteSpotQueryRepositoryTest    : Spot = capstone.jejuTourrecommend.domain.Spot@6ec6adcc
2022-10-10 13:48:04.384  INFO 3923 --- [    Test worker] p6spy                                    : #1665377284384 | took 0ms | statement | connection 22| url jdbc:h2:mem:6a3784ae-1aa6-4bbf-b617-4d4aeabcc2af
call next value for hibernate_sequence
call next value for hibernate_sequence;
2022-10-10 13:48:04.384  INFO 3923 --- [    Test worker] p6spy                                    : #1665377284384 | took 0ms | statement | connection 22| url jdbc:h2:mem:6a3784ae-1aa6-4bbf-b617-4d4aeabcc2af
call next value for hibernate_sequence
call next value for hibernate_sequence;
2022-10-10 13:48:04.384  INFO 3923 --- [    Test worker] p6spy                                    : #1665377284384 | took 0ms | statement | connection 22| url jdbc:h2:mem:6a3784ae-1aa6-4bbf-b617-4d4aeabcc2af
call next value for hibernate_sequence
call next value for hibernate_sequence;
2022-10-10 13:48:04.384  INFO 3923 --- [    Test worker] p6spy                                    : #1665377284384 | took 0ms | statement | connection 22| url jdbc:h2:mem:6a3784ae-1aa6-4bbf-b617-4d4aeabcc2af
call next value for hibernate_sequence
call next value for hibernate_sequence;
2022-10-10 13:48:04.384  INFO 3923 --- [    Test worker] p6spy                                    : #1665377284384 | took 0ms | statement | connection 22| url jdbc:h2:mem:6a3784ae-1aa6-4bbf-b617-4d4aeabcc2af
call next value for hibernate_sequence
call next value for hibernate_sequence;
2022-10-10 13:48:04.384  INFO 3923 --- [    Test worker] p6spy                                    : #1665377284384 | took 0ms | statement | connection 22| url jdbc:h2:mem:6a3784ae-1aa6-4bbf-b617-4d4aeabcc2af
call next value for hibernate_sequence
call next value for hibernate_sequence;
2022-10-10 13:48:04.384  INFO 3923 --- [    Test worker] p6spy                                    : #1665377284384 | took 0ms | statement | connection 22| url jdbc:h2:mem:6a3784ae-1aa6-4bbf-b617-4d4aeabcc2af
call next value for hibernate_sequence
call next value for hibernate_sequence;
2022-10-10 13:48:04.384  INFO 3923 --- [    Test worker] p6spy                                    : #1665377284384 | took 0ms | statement | connection 22| url jdbc:h2:mem:6a3784ae-1aa6-4bbf-b617-4d4aeabcc2af
call next value for hibernate_sequence
call next value for hibernate_sequence;
2022-10-10 13:48:04.384  INFO 3923 --- [    Test worker] c.j.r.FavoriteSpotQueryRepositoryTest    : favoriteSpot = FavoriteSpot(id=283, count=0)
2022-10-10 13:48:04.384  INFO 3923 --- [    Test worker] c.j.r.FavoriteSpotQueryRepositoryTest    : Spot = capstone.jejuTourrecommend.domain.Spot@36bc1a23
2022-10-10 13:48:04.384  INFO 3923 --- [    Test worker] p6spy                                    : #1665377284384 | took 0ms | statement | connection 22| url jdbc:h2:mem:6a3784ae-1aa6-4bbf-b617-4d4aeabcc2af
call next value for hibernate_sequence
call next value for hibernate_sequence;
2022-10-10 13:48:04.384  INFO 3923 --- [    Test worker] p6spy                                    : #1665377284384 | took 0ms | statement | connection 22| url jdbc:h2:mem:6a3784ae-1aa6-4bbf-b617-4d4aeabcc2af
call next value for hibernate_sequence
call next value for hibernate_sequence;
2022-10-10 13:48:04.384  INFO 3923 --- [    Test worker] p6spy                                    : #1665377284384 | took 0ms | statement | connection 22| url jdbc:h2:mem:6a3784ae-1aa6-4bbf-b617-4d4aeabcc2af
call next value for hibernate_sequence
call next value for hibernate_sequence;
2022-10-10 13:48:04.384  INFO 3923 --- [    Test worker] p6spy                                    : #1665377284384 | took 0ms | statement | connection 22| url jdbc:h2:mem:6a3784ae-1aa6-4bbf-b617-4d4aeabcc2af
call next value for hibernate_sequence
call next value for hibernate_sequence;
2022-10-10 13:48:04.384  INFO 3923 --- [    Test worker] p6spy                                    : #1665377284384 | took 0ms | statement | connection 22| url jdbc:h2:mem:6a3784ae-1aa6-4bbf-b617-4d4aeabcc2af
call next value for hibernate_sequence
call next value for hibernate_sequence;
2022-10-10 13:48:04.384  INFO 3923 --- [    Test worker] p6spy                                    : #1665377284384 | took 0ms | statement | connection 22| url jdbc:h2:mem:6a3784ae-1aa6-4bbf-b617-4d4aeabcc2af
call next value for hibernate_sequence
call next value for hibernate_sequence;
2022-10-10 13:48:04.384  INFO 3923 --- [    Test worker] p6spy                                    : #1665377284384 | took 0ms | statement | connection 22| url jdbc:h2:mem:6a3784ae-1aa6-4bbf-b617-4d4aeabcc2af
call next value for hibernate_sequence
call next value for hibernate_sequence;
2022-10-10 13:48:04.384  INFO 3923 --- [    Test worker] p6spy                                    : #1665377284384 | took 0ms | statement | connection 22| url jdbc:h2:mem:6a3784ae-1aa6-4bbf-b617-4d4aeabcc2af
call next value for hibernate_sequence
call next value for hibernate_sequence;
2022-10-10 13:48:04.384  INFO 3923 --- [    Test worker] c.j.r.FavoriteSpotQueryRepositoryTest    : favoriteSpot = FavoriteSpot(id=284, count=0)
2022-10-10 13:48:04.384  INFO 3923 --- [    Test worker] c.j.r.FavoriteSpotQueryRepositoryTest    : Spot = capstone.jejuTourrecommend.domain.Spot@1d50301
2022-10-10 13:48:04.384  INFO 3923 --- [    Test worker] p6spy                                    : #1665377284384 | took 0ms | statement | connection 22| url jdbc:h2:mem:6a3784ae-1aa6-4bbf-b617-4d4aeabcc2af
call next value for hibernate_sequence
call next value for hibernate_sequence;
2022-10-10 13:48:04.384  INFO 3923 --- [    Test worker] p6spy                                    : #1665377284384 | took 0ms | statement | connection 22| url jdbc:h2:mem:6a3784ae-1aa6-4bbf-b617-4d4aeabcc2af
call next value for hibernate_sequence
call next value for hibernate_sequence;
2022-10-10 13:48:04.384  INFO 3923 --- [    Test worker] p6spy                                    : #1665377284384 | took 0ms | statement | connection 22| url jdbc:h2:mem:6a3784ae-1aa6-4bbf-b617-4d4aeabcc2af
call next value for hibernate_sequence
call next value for hibernate_sequence;
2022-10-10 13:48:04.384  INFO 3923 --- [    Test worker] p6spy                                    : #1665377284384 | took 0ms | statement | connection 22| url jdbc:h2:mem:6a3784ae-1aa6-4bbf-b617-4d4aeabcc2af
call next value for hibernate_sequence
call next value for hibernate_sequence;
2022-10-10 13:48:04.384  INFO 3923 --- [    Test worker] p6spy                                    : #1665377284384 | took 0ms | statement | connection 22| url jdbc:h2:mem:6a3784ae-1aa6-4bbf-b617-4d4aeabcc2af
call next value for hibernate_sequence
call next value for hibernate_sequence;
2022-10-10 13:48:04.384  INFO 3923 --- [    Test worker] p6spy                                    : #1665377284384 | took 0ms | statement | connection 22| url jdbc:h2:mem:6a3784ae-1aa6-4bbf-b617-4d4aeabcc2af
call next value for hibernate_sequence
call next value for hibernate_sequence;
2022-10-10 13:48:04.384  INFO 3923 --- [    Test worker] p6spy                                    : #1665377284384 | took 0ms | statement | connection 22| url jdbc:h2:mem:6a3784ae-1aa6-4bbf-b617-4d4aeabcc2af
call next value for hibernate_sequence
call next value for hibernate_sequence;
2022-10-10 13:48:04.384  INFO 3923 --- [    Test worker] p6spy                                    : #1665377284384 | took 0ms | statement | connection 22| url jdbc:h2:mem:6a3784ae-1aa6-4bbf-b617-4d4aeabcc2af
call next value for hibernate_sequence
call next value for hibernate_sequence;
2022-10-10 13:48:04.385  INFO 3923 --- [    Test worker] c.j.r.FavoriteSpotQueryRepositoryTest    : favoriteSpot = FavoriteSpot(id=285, count=0)
2022-10-10 13:48:04.385  INFO 3923 --- [    Test worker] c.j.r.FavoriteSpotQueryRepositoryTest    : Spot = capstone.jejuTourrecommend.domain.Spot@4e29aac7
2022-10-10 13:48:04.385  INFO 3923 --- [    Test worker] p6spy                                    : #1665377284385 | took 0ms | statement | connection 22| url jdbc:h2:mem:6a3784ae-1aa6-4bbf-b617-4d4aeabcc2af
call next value for hibernate_sequence
call next value for hibernate_sequence;
2022-10-10 13:48:04.385  INFO 3923 --- [    Test worker] p6spy                                    : #1665377284385 | took 0ms | statement | connection 22| url jdbc:h2:mem:6a3784ae-1aa6-4bbf-b617-4d4aeabcc2af
call next value for hibernate_sequence
call next value for hibernate_sequence;
2022-10-10 13:48:04.385  INFO 3923 --- [    Test worker] p6spy                                    : #1665377284385 | took 0ms | statement | connection 22| url jdbc:h2:mem:6a3784ae-1aa6-4bbf-b617-4d4aeabcc2af
call next value for hibernate_sequence
call next value for hibernate_sequence;
2022-10-10 13:48:04.385  INFO 3923 --- [    Test worker] p6spy                                    : #1665377284385 | took 0ms | statement | connection 22| url jdbc:h2:mem:6a3784ae-1aa6-4bbf-b617-4d4aeabcc2af
call next value for hibernate_sequence
call next value for hibernate_sequence;
2022-10-10 13:48:04.385  INFO 3923 --- [    Test worker] p6spy                                    : #1665377284385 | took 0ms | statement | connection 22| url jdbc:h2:mem:6a3784ae-1aa6-4bbf-b617-4d4aeabcc2af
call next value for hibernate_sequence
call next value for hibernate_sequence;
2022-10-10 13:48:04.385  INFO 3923 --- [    Test worker] p6spy                                    : #1665377284385 | took 0ms | statement | connection 22| url jdbc:h2:mem:6a3784ae-1aa6-4bbf-b617-4d4aeabcc2af
call next value for hibernate_sequence
call next value for hibernate_sequence;
2022-10-10 13:48:04.385  INFO 3923 --- [    Test worker] p6spy                                    : #1665377284385 | took 0ms | statement | connection 22| url jdbc:h2:mem:6a3784ae-1aa6-4bbf-b617-4d4aeabcc2af
call next value for hibernate_sequence
call next value for hibernate_sequence;
2022-10-10 13:48:04.385  INFO 3923 --- [    Test worker] p6spy                                    : #1665377284385 | took 0ms | statement | connection 22| url jdbc:h2:mem:6a3784ae-1aa6-4bbf-b617-4d4aeabcc2af
call next value for hibernate_sequence
call next value for hibernate_sequence;
2022-10-10 13:48:04.385  INFO 3923 --- [    Test worker] c.j.r.FavoriteSpotQueryRepositoryTest    : favoriteSpot = FavoriteSpot(id=286, count=0)
2022-10-10 13:48:04.385  INFO 3923 --- [    Test worker] c.j.r.FavoriteSpotQueryRepositoryTest    : Spot = capstone.jejuTourrecommend.domain.Spot@1f6158d9
2022-10-10 13:48:04.385  INFO 3923 --- [    Test worker] p6spy                                    : #1665377284385 | took 0ms | statement | connection 22| url jdbc:h2:mem:6a3784ae-1aa6-4bbf-b617-4d4aeabcc2af
call next value for hibernate_sequence
call next value for hibernate_sequence;
2022-10-10 13:48:04.385  INFO 3923 --- [    Test worker] p6spy                                    : #1665377284385 | took 0ms | statement | connection 22| url jdbc:h2:mem:6a3784ae-1aa6-4bbf-b617-4d4aeabcc2af
call next value for hibernate_sequence
call next value for hibernate_sequence;
2022-10-10 13:48:04.385  INFO 3923 --- [    Test worker] p6spy                                    : #1665377284385 | took 0ms | statement | connection 22| url jdbc:h2:mem:6a3784ae-1aa6-4bbf-b617-4d4aeabcc2af
call next value for hibernate_sequence
call next value for hibernate_sequence;
2022-10-10 13:48:04.385  INFO 3923 --- [    Test worker] p6spy                                    : #1665377284385 | took 0ms | statement | connection 22| url jdbc:h2:mem:6a3784ae-1aa6-4bbf-b617-4d4aeabcc2af
call next value for hibernate_sequence
call next value for hibernate_sequence;
2022-10-10 13:48:04.385  INFO 3923 --- [    Test worker] p6spy                                    : #1665377284385 | took 0ms | statement | connection 22| url jdbc:h2:mem:6a3784ae-1aa6-4bbf-b617-4d4aeabcc2af
call next value for hibernate_sequence
call next value for hibernate_sequence;
2022-10-10 13:48:04.385  INFO 3923 --- [    Test worker] p6spy                                    : #1665377284385 | took 0ms | statement | connection 22| url jdbc:h2:mem:6a3784ae-1aa6-4bbf-b617-4d4aeabcc2af
call next value for hibernate_sequence
call next value for hibernate_sequence;
2022-10-10 13:48:04.385  INFO 3923 --- [    Test worker] p6spy                                    : #1665377284385 | took 0ms | statement | connection 22| url jdbc:h2:mem:6a3784ae-1aa6-4bbf-b617-4d4aeabcc2af
call next value for hibernate_sequence
call next value for hibernate_sequence;
2022-10-10 13:48:04.385  INFO 3923 --- [    Test worker] p6spy                                    : #1665377284385 | took 0ms | statement | connection 22| url jdbc:h2:mem:6a3784ae-1aa6-4bbf-b617-4d4aeabcc2af
call next value for hibernate_sequence
call next value for hibernate_sequence;
2022-10-10 13:48:04.385  INFO 3923 --- [    Test worker] c.j.r.FavoriteSpotQueryRepositoryTest    : favoriteSpot = FavoriteSpot(id=287, count=0)
2022-10-10 13:48:04.385  INFO 3923 --- [    Test worker] c.j.r.FavoriteSpotQueryRepositoryTest    : Spot = capstone.jejuTourrecommend.domain.Spot@46af3131
2022-10-10 13:48:04.385  INFO 3923 --- [    Test worker] p6spy                                    : #1665377284385 | took 0ms | statement | connection 22| url jdbc:h2:mem:6a3784ae-1aa6-4bbf-b617-4d4aeabcc2af
call next value for hibernate_sequence
call next value for hibernate_sequence;
2022-10-10 13:48:04.385  INFO 3923 --- [    Test worker] p6spy                                    : #1665377284385 | took 0ms | statement | connection 22| url jdbc:h2:mem:6a3784ae-1aa6-4bbf-b617-4d4aeabcc2af
call next value for hibernate_sequence
call next value for hibernate_sequence;
2022-10-10 13:48:04.385  INFO 3923 --- [    Test worker] p6spy                                    : #1665377284385 | took 0ms | statement | connection 22| url jdbc:h2:mem:6a3784ae-1aa6-4bbf-b617-4d4aeabcc2af
call next value for hibernate_sequence
call next value for hibernate_sequence;
2022-10-10 13:48:04.385  INFO 3923 --- [    Test worker] p6spy                                    : #1665377284385 | took 0ms | statement | connection 22| url jdbc:h2:mem:6a3784ae-1aa6-4bbf-b617-4d4aeabcc2af
call next value for spot_seq
call next value for spot_seq;
2022-10-10 13:48:04.385  INFO 3923 --- [    Test worker] p6spy                                    : #1665377284385 | took 0ms | statement | connection 22| url jdbc:h2:mem:6a3784ae-1aa6-4bbf-b617-4d4aeabcc2af
call next value for hibernate_sequence
call next value for hibernate_sequence;
2022-10-10 13:48:04.385  INFO 3923 --- [    Test worker] p6spy                                    : #1665377284385 | took 0ms | statement | connection 22| url jdbc:h2:mem:6a3784ae-1aa6-4bbf-b617-4d4aeabcc2af
call next value for hibernate_sequence
call next value for hibernate_sequence;
2022-10-10 13:48:04.385  INFO 3923 --- [    Test worker] p6spy                                    : #1665377284385 | took 0ms | statement | connection 22| url jdbc:h2:mem:6a3784ae-1aa6-4bbf-b617-4d4aeabcc2af
call next value for hibernate_sequence
call next value for hibernate_sequence;
2022-10-10 13:48:04.385  INFO 3923 --- [    Test worker] p6spy                                    : #1665377284385 | took 0ms | statement | connection 22| url jdbc:h2:mem:6a3784ae-1aa6-4bbf-b617-4d4aeabcc2af
call next value for hibernate_sequence
call next value for hibernate_sequence;
2022-10-10 13:48:04.385  INFO 3923 --- [    Test worker] p6spy                                    : #1665377284385 | took 0ms | statement | connection 22| url jdbc:h2:mem:6a3784ae-1aa6-4bbf-b617-4d4aeabcc2af
call next value for hibernate_sequence
call next value for hibernate_sequence;
2022-10-10 13:48:04.385  INFO 3923 --- [    Test worker] c.j.r.FavoriteSpotQueryRepositoryTest    : favoriteSpot = FavoriteSpot(id=288, count=0)
2022-10-10 13:48:04.385  INFO 3923 --- [    Test worker] c.j.r.FavoriteSpotQueryRepositoryTest    : Spot = capstone.jejuTourrecommend.domain.Spot@44a98855
2022-10-10 13:48:04.385  INFO 3923 --- [    Test worker] p6spy                                    : #1665377284385 | took 0ms | statement | connection 22| url jdbc:h2:mem:6a3784ae-1aa6-4bbf-b617-4d4aeabcc2af
call next value for hibernate_sequence
call next value for hibernate_sequence;
2022-10-10 13:48:04.385  INFO 3923 --- [    Test worker] p6spy                                    : #1665377284385 | took 0ms | statement | connection 22| url jdbc:h2:mem:6a3784ae-1aa6-4bbf-b617-4d4aeabcc2af
call next value for hibernate_sequence
call next value for hibernate_sequence;
2022-10-10 13:48:04.385  INFO 3923 --- [    Test worker] p6spy                                    : #1665377284385 | took 0ms | statement | connection 22| url jdbc:h2:mem:6a3784ae-1aa6-4bbf-b617-4d4aeabcc2af
call next value for hibernate_sequence
call next value for hibernate_sequence;
2022-10-10 13:48:04.385  INFO 3923 --- [    Test worker] p6spy                                    : #1665377284385 | took 0ms | statement | connection 22| url jdbc:h2:mem:6a3784ae-1aa6-4bbf-b617-4d4aeabcc2af
call next value for hibernate_sequence
call next value for hibernate_sequence;
2022-10-10 13:48:04.385  INFO 3923 --- [    Test worker] p6spy                                    : #1665377284385 | took 0ms | statement | connection 22| url jdbc:h2:mem:6a3784ae-1aa6-4bbf-b617-4d4aeabcc2af
call next value for hibernate_sequence
call next value for hibernate_sequence;
2022-10-10 13:48:04.385  INFO 3923 --- [    Test worker] p6spy                                    : #1665377284385 | took 0ms | statement | connection 22| url jdbc:h2:mem:6a3784ae-1aa6-4bbf-b617-4d4aeabcc2af
call next value for hibernate_sequence
call next value for hibernate_sequence;
2022-10-10 13:48:04.385  INFO 3923 --- [    Test worker] p6spy                                    : #1665377284385 | took 0ms | statement | connection 22| url jdbc:h2:mem:6a3784ae-1aa6-4bbf-b617-4d4aeabcc2af
call next value for hibernate_sequence
call next value for hibernate_sequence;
2022-10-10 13:48:04.386  INFO 3923 --- [    Test worker] p6spy                                    : #1665377284385 | took 0ms | statement | connection 22| url jdbc:h2:mem:6a3784ae-1aa6-4bbf-b617-4d4aeabcc2af
call next value for hibernate_sequence
call next value for hibernate_sequence;
2022-10-10 13:48:04.386  INFO 3923 --- [    Test worker] c.j.r.FavoriteSpotQueryRepositoryTest    : favoriteSpot = FavoriteSpot(id=289, count=0)
2022-10-10 13:48:04.386  INFO 3923 --- [    Test worker] c.j.r.FavoriteSpotQueryRepositoryTest    : Spot = capstone.jejuTourrecommend.domain.Spot@1cbd4ced
2022-10-10 13:48:04.386  INFO 3923 --- [    Test worker] p6spy                                    : #1665377284386 | took 0ms | statement | connection 22| url jdbc:h2:mem:6a3784ae-1aa6-4bbf-b617-4d4aeabcc2af
call next value for hibernate_sequence
call next value for hibernate_sequence;
2022-10-10 13:48:04.386  INFO 3923 --- [    Test worker] p6spy                                    : #1665377284386 | took 0ms | statement | connection 22| url jdbc:h2:mem:6a3784ae-1aa6-4bbf-b617-4d4aeabcc2af
call next value for hibernate_sequence
call next value for hibernate_sequence;
2022-10-10 13:48:04.386  INFO 3923 --- [    Test worker] p6spy                                    : #1665377284386 | took 0ms | statement | connection 22| url jdbc:h2:mem:6a3784ae-1aa6-4bbf-b617-4d4aeabcc2af
call next value for hibernate_sequence
call next value for hibernate_sequence;
2022-10-10 13:48:04.386  INFO 3923 --- [    Test worker] p6spy                                    : #1665377284386 | took 0ms | statement | connection 22| url jdbc:h2:mem:6a3784ae-1aa6-4bbf-b617-4d4aeabcc2af
call next value for hibernate_sequence
call next value for hibernate_sequence;
2022-10-10 13:48:04.386  INFO 3923 --- [    Test worker] p6spy                                    : #1665377284386 | took 0ms | statement | connection 22| url jdbc:h2:mem:6a3784ae-1aa6-4bbf-b617-4d4aeabcc2af
call next value for hibernate_sequence
call next value for hibernate_sequence;
2022-10-10 13:48:04.386  INFO 3923 --- [    Test worker] p6spy                                    : #1665377284386 | took 0ms | statement | connection 22| url jdbc:h2:mem:6a3784ae-1aa6-4bbf-b617-4d4aeabcc2af
call next value for hibernate_sequence
call next value for hibernate_sequence;
2022-10-10 13:48:04.386  INFO 3923 --- [    Test worker] p6spy                                    : #1665377284386 | took 0ms | statement | connection 22| url jdbc:h2:mem:6a3784ae-1aa6-4bbf-b617-4d4aeabcc2af
call next value for hibernate_sequence
call next value for hibernate_sequence;
2022-10-10 13:48:04.386  INFO 3923 --- [    Test worker] p6spy                                    : #1665377284386 | took 0ms | statement | connection 22| url jdbc:h2:mem:6a3784ae-1aa6-4bbf-b617-4d4aeabcc2af
call next value for hibernate_sequence
call next value for hibernate_sequence;
2022-10-10 13:48:04.386  INFO 3923 --- [    Test worker] c.j.r.FavoriteSpotQueryRepositoryTest    : favoriteSpot = FavoriteSpot(id=290, count=0)
2022-10-10 13:48:04.386  INFO 3923 --- [    Test worker] c.j.r.FavoriteSpotQueryRepositoryTest    : Spot = capstone.jejuTourrecommend.domain.Spot@4548f47
2022-10-10 13:48:04.386  INFO 3923 --- [    Test worker] p6spy                                    : #1665377284386 | took 0ms | statement | connection 22| url jdbc:h2:mem:6a3784ae-1aa6-4bbf-b617-4d4aeabcc2af
call next value for hibernate_sequence
call next value for hibernate_sequence;
2022-10-10 13:48:04.386  INFO 3923 --- [    Test worker] p6spy                                    : #1665377284386 | took 0ms | statement | connection 22| url jdbc:h2:mem:6a3784ae-1aa6-4bbf-b617-4d4aeabcc2af
call next value for hibernate_sequence
call next value for hibernate_sequence;
2022-10-10 13:48:04.386  INFO 3923 --- [    Test worker] p6spy                                    : #1665377284386 | took 0ms | statement | connection 22| url jdbc:h2:mem:6a3784ae-1aa6-4bbf-b617-4d4aeabcc2af
call next value for hibernate_sequence
call next value for hibernate_sequence;
2022-10-10 13:48:04.386  INFO 3923 --- [    Test worker] p6spy                                    : #1665377284386 | took 0ms | statement | connection 22| url jdbc:h2:mem:6a3784ae-1aa6-4bbf-b617-4d4aeabcc2af
call next value for hibernate_sequence
call next value for hibernate_sequence;
2022-10-10 13:48:04.386  INFO 3923 --- [    Test worker] p6spy                                    : #1665377284386 | took 0ms | statement | connection 22| url jdbc:h2:mem:6a3784ae-1aa6-4bbf-b617-4d4aeabcc2af
call next value for hibernate_sequence
call next value for hibernate_sequence;
2022-10-10 13:48:04.386  INFO 3923 --- [    Test worker] p6spy                                    : #1665377284386 | took 0ms | statement | connection 22| url jdbc:h2:mem:6a3784ae-1aa6-4bbf-b617-4d4aeabcc2af
call next value for hibernate_sequence
call next value for hibernate_sequence;
2022-10-10 13:48:04.386  INFO 3923 --- [    Test worker] p6spy                                    : #1665377284386 | took 0ms | statement | connection 22| url jdbc:h2:mem:6a3784ae-1aa6-4bbf-b617-4d4aeabcc2af
call next value for hibernate_sequence
call next value for hibernate_sequence;
2022-10-10 13:48:04.386  INFO 3923 --- [    Test worker] p6spy                                    : #1665377284386 | took 0ms | statement | connection 22| url jdbc:h2:mem:6a3784ae-1aa6-4bbf-b617-4d4aeabcc2af
call next value for hibernate_sequence
call next value for hibernate_sequence;
2022-10-10 13:48:04.386  INFO 3923 --- [    Test worker] c.j.r.FavoriteSpotQueryRepositoryTest    : favoriteSpot = FavoriteSpot(id=291, count=0)
2022-10-10 13:48:04.386  INFO 3923 --- [    Test worker] c.j.r.FavoriteSpotQueryRepositoryTest    : Spot = capstone.jejuTourrecommend.domain.Spot@4c8bbc6d
2022-10-10 13:48:04.386  INFO 3923 --- [    Test worker] p6spy                                    : #1665377284386 | took 0ms | statement | connection 22| url jdbc:h2:mem:6a3784ae-1aa6-4bbf-b617-4d4aeabcc2af
call next value for hibernate_sequence
call next value for hibernate_sequence;
2022-10-10 13:48:04.386  INFO 3923 --- [    Test worker] p6spy                                    : #1665377284386 | took 0ms | statement | connection 22| url jdbc:h2:mem:6a3784ae-1aa6-4bbf-b617-4d4aeabcc2af
call next value for hibernate_sequence
call next value for hibernate_sequence;
2022-10-10 13:48:04.386  INFO 3923 --- [    Test worker] p6spy                                    : #1665377284386 | took 0ms | statement | connection 22| url jdbc:h2:mem:6a3784ae-1aa6-4bbf-b617-4d4aeabcc2af
call next value for hibernate_sequence
call next value for hibernate_sequence;
2022-10-10 13:48:04.386  INFO 3923 --- [    Test worker] p6spy                                    : #1665377284386 | took 0ms | statement | connection 22| url jdbc:h2:mem:6a3784ae-1aa6-4bbf-b617-4d4aeabcc2af
call next value for hibernate_sequence
call next value for hibernate_sequence;
2022-10-10 13:48:04.386  INFO 3923 --- [    Test worker] p6spy                                    : #1665377284386 | took 0ms | statement | connection 22| url jdbc:h2:mem:6a3784ae-1aa6-4bbf-b617-4d4aeabcc2af
call next value for hibernate_sequence
call next value for hibernate_sequence;
2022-10-10 13:48:04.386  INFO 3923 --- [    Test worker] p6spy                                    : #1665377284386 | took 0ms | statement | connection 22| url jdbc:h2:mem:6a3784ae-1aa6-4bbf-b617-4d4aeabcc2af
call next value for hibernate_sequence
call next value for hibernate_sequence;
2022-10-10 13:48:04.386  INFO 3923 --- [    Test worker] p6spy                                    : #1665377284386 | took 0ms | statement | connection 22| url jdbc:h2:mem:6a3784ae-1aa6-4bbf-b617-4d4aeabcc2af
call next value for hibernate_sequence
call next value for hibernate_sequence;
2022-10-10 13:48:04.386  INFO 3923 --- [    Test worker] p6spy                                    : #1665377284386 | took 0ms | statement | connection 22| url jdbc:h2:mem:6a3784ae-1aa6-4bbf-b617-4d4aeabcc2af
call next value for hibernate_sequence
call next value for hibernate_sequence;
2022-10-10 13:48:04.386  INFO 3923 --- [    Test worker] c.j.r.FavoriteSpotQueryRepositoryTest    : favoriteSpot = FavoriteSpot(id=292, count=0)
2022-10-10 13:48:04.386  INFO 3923 --- [    Test worker] c.j.r.FavoriteSpotQueryRepositoryTest    : Spot = capstone.jejuTourrecommend.domain.Spot@9f1f42c
2022-10-10 13:48:04.386  INFO 3923 --- [    Test worker] p6spy                                    : #1665377284386 | took 0ms | statement | connection 22| url jdbc:h2:mem:6a3784ae-1aa6-4bbf-b617-4d4aeabcc2af
call next value for hibernate_sequence
call next value for hibernate_sequence;
2022-10-10 13:48:04.386  INFO 3923 --- [    Test worker] p6spy                                    : #1665377284386 | took 0ms | statement | connection 22| url jdbc:h2:mem:6a3784ae-1aa6-4bbf-b617-4d4aeabcc2af
call next value for hibernate_sequence
call next value for hibernate_sequence;
2022-10-10 13:48:04.386  INFO 3923 --- [    Test worker] p6spy                                    : #1665377284386 | took 0ms | statement | connection 22| url jdbc:h2:mem:6a3784ae-1aa6-4bbf-b617-4d4aeabcc2af
call next value for hibernate_sequence
call next value for hibernate_sequence;
2022-10-10 13:48:04.386  INFO 3923 --- [    Test worker] p6spy                                    : #1665377284386 | took 0ms | statement | connection 22| url jdbc:h2:mem:6a3784ae-1aa6-4bbf-b617-4d4aeabcc2af
call next value for hibernate_sequence
call next value for hibernate_sequence;
2022-10-10 13:48:04.386  INFO 3923 --- [    Test worker] p6spy                                    : #1665377284386 | took 0ms | statement | connection 22| url jdbc:h2:mem:6a3784ae-1aa6-4bbf-b617-4d4aeabcc2af
call next value for hibernate_sequence
call next value for hibernate_sequence;
2022-10-10 13:48:04.386  INFO 3923 --- [    Test worker] p6spy                                    : #1665377284386 | took 0ms | statement | connection 22| url jdbc:h2:mem:6a3784ae-1aa6-4bbf-b617-4d4aeabcc2af
call next value for hibernate_sequence
call next value for hibernate_sequence;
2022-10-10 13:48:04.386  INFO 3923 --- [    Test worker] p6spy                                    : #1665377284386 | took 0ms | statement | connection 22| url jdbc:h2:mem:6a3784ae-1aa6-4bbf-b617-4d4aeabcc2af
call next value for hibernate_sequence
call next value for hibernate_sequence;
2022-10-10 13:48:04.386  INFO 3923 --- [    Test worker] p6spy                                    : #1665377284386 | took 0ms | statement | connection 22| url jdbc:h2:mem:6a3784ae-1aa6-4bbf-b617-4d4aeabcc2af
call next value for hibernate_sequence
call next value for hibernate_sequence;
2022-10-10 13:48:04.386  INFO 3923 --- [    Test worker] c.j.r.FavoriteSpotQueryRepositoryTest    : favoriteSpot = FavoriteSpot(id=293, count=0)
2022-10-10 13:48:04.386  INFO 3923 --- [    Test worker] c.j.r.FavoriteSpotQueryRepositoryTest    : Spot = capstone.jejuTourrecommend.domain.Spot@182a5c56
2022-10-10 13:48:04.387  INFO 3923 --- [    Test worker] p6spy                                    : #1665377284387 | took 0ms | statement | connection 22| url jdbc:h2:mem:6a3784ae-1aa6-4bbf-b617-4d4aeabcc2af
call next value for hibernate_sequence
call next value for hibernate_sequence;
2022-10-10 13:48:04.387  INFO 3923 --- [    Test worker] p6spy                                    : #1665377284387 | took 0ms | statement | connection 22| url jdbc:h2:mem:6a3784ae-1aa6-4bbf-b617-4d4aeabcc2af
call next value for hibernate_sequence
call next value for hibernate_sequence;
2022-10-10 13:48:04.387  INFO 3923 --- [    Test worker] p6spy                                    : #1665377284387 | took 0ms | statement | connection 22| url jdbc:h2:mem:6a3784ae-1aa6-4bbf-b617-4d4aeabcc2af
call next value for hibernate_sequence
call next value for hibernate_sequence;
2022-10-10 13:48:04.387  INFO 3923 --- [    Test worker] p6spy                                    : #1665377284387 | took 0ms | statement | connection 22| url jdbc:h2:mem:6a3784ae-1aa6-4bbf-b617-4d4aeabcc2af
call next value for hibernate_sequence
call next value for hibernate_sequence;
2022-10-10 13:48:04.387  INFO 3923 --- [    Test worker] p6spy                                    : #1665377284387 | took 0ms | statement | connection 22| url jdbc:h2:mem:6a3784ae-1aa6-4bbf-b617-4d4aeabcc2af
call next value for hibernate_sequence
call next value for hibernate_sequence;
2022-10-10 13:48:04.387  INFO 3923 --- [    Test worker] p6spy                                    : #1665377284387 | took 0ms | statement | connection 22| url jdbc:h2:mem:6a3784ae-1aa6-4bbf-b617-4d4aeabcc2af
call next value for hibernate_sequence
call next value for hibernate_sequence;
2022-10-10 13:48:04.387  INFO 3923 --- [    Test worker] p6spy                                    : #1665377284387 | took 0ms | statement | connection 22| url jdbc:h2:mem:6a3784ae-1aa6-4bbf-b617-4d4aeabcc2af
call next value for hibernate_sequence
call next value for hibernate_sequence;
2022-10-10 13:48:04.387  INFO 3923 --- [    Test worker] p6spy                                    : #1665377284387 | took 0ms | statement | connection 22| url jdbc:h2:mem:6a3784ae-1aa6-4bbf-b617-4d4aeabcc2af
call next value for hibernate_sequence
call next value for hibernate_sequence;
2022-10-10 13:48:04.387  INFO 3923 --- [    Test worker] c.j.r.FavoriteSpotQueryRepositoryTest    : favoriteSpot = FavoriteSpot(id=294, count=0)
2022-10-10 13:48:04.387  INFO 3923 --- [    Test worker] c.j.r.FavoriteSpotQueryRepositoryTest    : Spot = capstone.jejuTourrecommend.domain.Spot@74962e6b
2022-10-10 13:48:04.387  INFO 3923 --- [    Test worker] p6spy                                    : #1665377284387 | took 0ms | statement | connection 22| url jdbc:h2:mem:6a3784ae-1aa6-4bbf-b617-4d4aeabcc2af
call next value for hibernate_sequence
call next value for hibernate_sequence;
2022-10-10 13:48:04.387  INFO 3923 --- [    Test worker] p6spy                                    : #1665377284387 | took 0ms | statement | connection 22| url jdbc:h2:mem:6a3784ae-1aa6-4bbf-b617-4d4aeabcc2af
call next value for hibernate_sequence
call next value for hibernate_sequence;
2022-10-10 13:48:04.387  INFO 3923 --- [    Test worker] p6spy                                    : #1665377284387 | took 0ms | statement | connection 22| url jdbc:h2:mem:6a3784ae-1aa6-4bbf-b617-4d4aeabcc2af
call next value for hibernate_sequence
call next value for hibernate_sequence;
2022-10-10 13:48:04.387  INFO 3923 --- [    Test worker] p6spy                                    : #1665377284387 | took 0ms | statement | connection 22| url jdbc:h2:mem:6a3784ae-1aa6-4bbf-b617-4d4aeabcc2af
call next value for hibernate_sequence
call next value for hibernate_sequence;
2022-10-10 13:48:04.387  INFO 3923 --- [    Test worker] p6spy                                    : #1665377284387 | took 0ms | statement | connection 22| url jdbc:h2:mem:6a3784ae-1aa6-4bbf-b617-4d4aeabcc2af
call next value for review_seq
call next value for review_seq;
2022-10-10 13:48:04.387  INFO 3923 --- [    Test worker] p6spy                                    : #1665377284387 | took 0ms | statement | connection 22| url jdbc:h2:mem:6a3784ae-1aa6-4bbf-b617-4d4aeabcc2af
call next value for hibernate_sequence
call next value for hibernate_sequence;
2022-10-10 13:48:04.387  INFO 3923 --- [    Test worker] p6spy                                    : #1665377284387 | took 0ms | statement | connection 22| url jdbc:h2:mem:6a3784ae-1aa6-4bbf-b617-4d4aeabcc2af
call next value for hibernate_sequence
call next value for hibernate_sequence;
2022-10-10 13:48:04.387  INFO 3923 --- [    Test worker] p6spy                                    : #1665377284387 | took 0ms | statement | connection 22| url jdbc:h2:mem:6a3784ae-1aa6-4bbf-b617-4d4aeabcc2af
call next value for hibernate_sequence
call next value for hibernate_sequence;
2022-10-10 13:48:04.387  INFO 3923 --- [    Test worker] p6spy                                    : #1665377284387 | took 0ms | statement | connection 22| url jdbc:h2:mem:6a3784ae-1aa6-4bbf-b617-4d4aeabcc2af
call next value for hibernate_sequence
call next value for hibernate_sequence;
2022-10-10 13:48:04.387  INFO 3923 --- [    Test worker] c.j.r.FavoriteSpotQueryRepositoryTest    : favoriteSpot = FavoriteSpot(id=295, count=0)
2022-10-10 13:48:04.387  INFO 3923 --- [    Test worker] c.j.r.FavoriteSpotQueryRepositoryTest    : Spot = capstone.jejuTourrecommend.domain.Spot@fdc3b84
2022-10-10 13:48:04.387  INFO 3923 --- [    Test worker] p6spy                                    : #1665377284387 | took 0ms | statement | connection 22| url jdbc:h2:mem:6a3784ae-1aa6-4bbf-b617-4d4aeabcc2af
call next value for score_seq
call next value for score_seq;
2022-10-10 13:48:04.387  INFO 3923 --- [    Test worker] p6spy                                    : #1665377284387 | took 0ms | statement | connection 22| url jdbc:h2:mem:6a3784ae-1aa6-4bbf-b617-4d4aeabcc2af
call next value for hibernate_sequence
call next value for hibernate_sequence;
2022-10-10 13:48:04.387  INFO 3923 --- [    Test worker] p6spy                                    : #1665377284387 | took 0ms | statement | connection 22| url jdbc:h2:mem:6a3784ae-1aa6-4bbf-b617-4d4aeabcc2af
call next value for hibernate_sequence
call next value for hibernate_sequence;
2022-10-10 13:48:04.387  INFO 3923 --- [    Test worker] p6spy                                    : #1665377284387 | took 0ms | statement | connection 22| url jdbc:h2:mem:6a3784ae-1aa6-4bbf-b617-4d4aeabcc2af
call next value for hibernate_sequence
call next value for hibernate_sequence;
2022-10-10 13:48:04.387  INFO 3923 --- [    Test worker] p6spy                                    : #1665377284387 | took 0ms | statement | connection 22| url jdbc:h2:mem:6a3784ae-1aa6-4bbf-b617-4d4aeabcc2af
call next value for hibernate_sequence
call next value for hibernate_sequence;
2022-10-10 13:48:04.387  INFO 3923 --- [    Test worker] p6spy                                    : #1665377284387 | took 0ms | statement | connection 22| url jdbc:h2:mem:6a3784ae-1aa6-4bbf-b617-4d4aeabcc2af
call next value for hibernate_sequence
call next value for hibernate_sequence;
2022-10-10 13:48:04.387  INFO 3923 --- [    Test worker] p6spy                                    : #1665377284387 | took 0ms | statement | connection 22| url jdbc:h2:mem:6a3784ae-1aa6-4bbf-b617-4d4aeabcc2af
call next value for hibernate_sequence
call next value for hibernate_sequence;
2022-10-10 13:48:04.387  INFO 3923 --- [    Test worker] p6spy                                    : #1665377284387 | took 0ms | statement | connection 22| url jdbc:h2:mem:6a3784ae-1aa6-4bbf-b617-4d4aeabcc2af
call next value for hibernate_sequence
call next value for hibernate_sequence;
2022-10-10 13:48:04.387  INFO 3923 --- [    Test worker] p6spy                                    : #1665377284387 | took 0ms | statement | connection 22| url jdbc:h2:mem:6a3784ae-1aa6-4bbf-b617-4d4aeabcc2af
call next value for hibernate_sequence
call next value for hibernate_sequence;
2022-10-10 13:48:04.387  INFO 3923 --- [    Test worker] c.j.r.FavoriteSpotQueryRepositoryTest    : favoriteSpot = FavoriteSpot(id=296, count=0)
2022-10-10 13:48:04.387  INFO 3923 --- [    Test worker] c.j.r.FavoriteSpotQueryRepositoryTest    : Spot = capstone.jejuTourrecommend.domain.Spot@20674c52
2022-10-10 13:48:04.387  INFO 3923 --- [    Test worker] p6spy                                    : #1665377284387 | took 0ms | statement | connection 22| url jdbc:h2:mem:6a3784ae-1aa6-4bbf-b617-4d4aeabcc2af
call next value for hibernate_sequence
call next value for hibernate_sequence;
2022-10-10 13:48:04.387  INFO 3923 --- [    Test worker] p6spy                                    : #1665377284387 | took 0ms | statement | connection 22| url jdbc:h2:mem:6a3784ae-1aa6-4bbf-b617-4d4aeabcc2af
call next value for hibernate_sequence
call next value for hibernate_sequence;
2022-10-10 13:48:04.387  INFO 3923 --- [    Test worker] p6spy                                    : #1665377284387 | took 0ms | statement | connection 22| url jdbc:h2:mem:6a3784ae-1aa6-4bbf-b617-4d4aeabcc2af
call next value for hibernate_sequence
call next value for hibernate_sequence;
2022-10-10 13:48:04.387  INFO 3923 --- [    Test worker] p6spy                                    : #1665377284387 | took 0ms | statement | connection 22| url jdbc:h2:mem:6a3784ae-1aa6-4bbf-b617-4d4aeabcc2af
call next value for hibernate_sequence
call next value for hibernate_sequence;
2022-10-10 13:48:04.387  INFO 3923 --- [    Test worker] p6spy                                    : #1665377284387 | took 0ms | statement | connection 22| url jdbc:h2:mem:6a3784ae-1aa6-4bbf-b617-4d4aeabcc2af
call next value for hibernate_sequence
call next value for hibernate_sequence;
2022-10-10 13:48:04.387  INFO 3923 --- [    Test worker] p6spy                                    : #1665377284387 | took 0ms | statement | connection 22| url jdbc:h2:mem:6a3784ae-1aa6-4bbf-b617-4d4aeabcc2af
call next value for hibernate_sequence
call next value for hibernate_sequence;
2022-10-10 13:48:04.387  INFO 3923 --- [    Test worker] p6spy                                    : #1665377284387 | took 0ms | statement | connection 22| url jdbc:h2:mem:6a3784ae-1aa6-4bbf-b617-4d4aeabcc2af
call next value for hibernate_sequence
call next value for hibernate_sequence;
2022-10-10 13:48:04.388  INFO 3923 --- [    Test worker] p6spy                                    : #1665377284388 | took 0ms | statement | connection 22| url jdbc:h2:mem:6a3784ae-1aa6-4bbf-b617-4d4aeabcc2af
call next value for hibernate_sequence
call next value for hibernate_sequence;
2022-10-10 13:48:04.388  INFO 3923 --- [    Test worker] c.j.r.FavoriteSpotQueryRepositoryTest    : favoriteSpot = FavoriteSpot(id=297, count=0)
2022-10-10 13:48:04.388  INFO 3923 --- [    Test worker] c.j.r.FavoriteSpotQueryRepositoryTest    : Spot = capstone.jejuTourrecommend.domain.Spot@2f879f35
2022-10-10 13:48:04.388  INFO 3923 --- [    Test worker] p6spy                                    : #1665377284388 | took 0ms | statement | connection 22| url jdbc:h2:mem:6a3784ae-1aa6-4bbf-b617-4d4aeabcc2af
call next value for hibernate_sequence
call next value for hibernate_sequence;
2022-10-10 13:48:04.388  INFO 3923 --- [    Test worker] p6spy                                    : #1665377284388 | took 0ms | statement | connection 22| url jdbc:h2:mem:6a3784ae-1aa6-4bbf-b617-4d4aeabcc2af
call next value for hibernate_sequence
call next value for hibernate_sequence;
2022-10-10 13:48:04.388  INFO 3923 --- [    Test worker] p6spy                                    : #1665377284388 | took 0ms | statement | connection 22| url jdbc:h2:mem:6a3784ae-1aa6-4bbf-b617-4d4aeabcc2af
call next value for hibernate_sequence
call next value for hibernate_sequence;
2022-10-10 13:48:04.388  INFO 3923 --- [    Test worker] p6spy                                    : #1665377284388 | took 0ms | statement | connection 22| url jdbc:h2:mem:6a3784ae-1aa6-4bbf-b617-4d4aeabcc2af
call next value for hibernate_sequence
call next value for hibernate_sequence;
2022-10-10 13:48:04.388  INFO 3923 --- [    Test worker] p6spy                                    : #1665377284388 | took 0ms | statement | connection 22| url jdbc:h2:mem:6a3784ae-1aa6-4bbf-b617-4d4aeabcc2af
call next value for hibernate_sequence
call next value for hibernate_sequence;
2022-10-10 13:48:04.388  INFO 3923 --- [    Test worker] p6spy                                    : #1665377284388 | took 0ms | statement | connection 22| url jdbc:h2:mem:6a3784ae-1aa6-4bbf-b617-4d4aeabcc2af
call next value for hibernate_sequence
call next value for hibernate_sequence;
2022-10-10 13:48:04.388  INFO 3923 --- [    Test worker] p6spy                                    : #1665377284388 | took 0ms | statement | connection 22| url jdbc:h2:mem:6a3784ae-1aa6-4bbf-b617-4d4aeabcc2af
call next value for hibernate_sequence
call next value for hibernate_sequence;
2022-10-10 13:48:04.388  INFO 3923 --- [    Test worker] p6spy                                    : #1665377284388 | took 0ms | statement | connection 22| url jdbc:h2:mem:6a3784ae-1aa6-4bbf-b617-4d4aeabcc2af
call next value for hibernate_sequence
call next value for hibernate_sequence;
2022-10-10 13:48:04.388  INFO 3923 --- [    Test worker] c.j.r.FavoriteSpotQueryRepositoryTest    : favoriteSpot = FavoriteSpot(id=298, count=0)
2022-10-10 13:48:04.388  INFO 3923 --- [    Test worker] c.j.r.FavoriteSpotQueryRepositoryTest    : Spot = capstone.jejuTourrecommend.domain.Spot@5175d07d
2022-10-10 13:48:04.388  INFO 3923 --- [    Test worker] p6spy                                    : #1665377284388 | took 0ms | statement | connection 22| url jdbc:h2:mem:6a3784ae-1aa6-4bbf-b617-4d4aeabcc2af
call next value for hibernate_sequence
call next value for hibernate_sequence;
2022-10-10 13:48:04.388  INFO 3923 --- [    Test worker] p6spy                                    : #1665377284388 | took 0ms | statement | connection 22| url jdbc:h2:mem:6a3784ae-1aa6-4bbf-b617-4d4aeabcc2af
call next value for hibernate_sequence
call next value for hibernate_sequence;
2022-10-10 13:48:04.388  INFO 3923 --- [    Test worker] p6spy                                    : #1665377284388 | took 0ms | statement | connection 22| url jdbc:h2:mem:6a3784ae-1aa6-4bbf-b617-4d4aeabcc2af
call next value for hibernate_sequence
call next value for hibernate_sequence;
2022-10-10 13:48:04.388  INFO 3923 --- [    Test worker] p6spy                                    : #1665377284388 | took 0ms | statement | connection 22| url jdbc:h2:mem:6a3784ae-1aa6-4bbf-b617-4d4aeabcc2af
call next value for hibernate_sequence
call next value for hibernate_sequence;
2022-10-10 13:48:04.388  INFO 3923 --- [    Test worker] p6spy                                    : #1665377284388 | took 0ms | statement | connection 22| url jdbc:h2:mem:6a3784ae-1aa6-4bbf-b617-4d4aeabcc2af
call next value for hibernate_sequence
call next value for hibernate_sequence;
2022-10-10 13:48:04.388  INFO 3923 --- [    Test worker] p6spy                                    : #1665377284388 | took 0ms | statement | connection 22| url jdbc:h2:mem:6a3784ae-1aa6-4bbf-b617-4d4aeabcc2af
call next value for hibernate_sequence
call next value for hibernate_sequence;
2022-10-10 13:48:04.388  INFO 3923 --- [    Test worker] p6spy                                    : #1665377284388 | took 0ms | statement | connection 22| url jdbc:h2:mem:6a3784ae-1aa6-4bbf-b617-4d4aeabcc2af
call next value for hibernate_sequence
call next value for hibernate_sequence;
2022-10-10 13:48:04.388  INFO 3923 --- [    Test worker] p6spy                                    : #1665377284388 | took 0ms | statement | connection 22| url jdbc:h2:mem:6a3784ae-1aa6-4bbf-b617-4d4aeabcc2af
call next value for hibernate_sequence
call next value for hibernate_sequence;
2022-10-10 13:48:04.388  INFO 3923 --- [    Test worker] c.j.r.FavoriteSpotQueryRepositoryTest    : favoriteSpot = FavoriteSpot(id=299, count=0)
2022-10-10 13:48:04.388  INFO 3923 --- [    Test worker] c.j.r.FavoriteSpotQueryRepositoryTest    : Spot = capstone.jejuTourrecommend.domain.Spot@37c09e8a
2022-10-10 13:48:04.388  INFO 3923 --- [    Test worker] p6spy                                    : #1665377284388 | took 0ms | statement | connection 22| url jdbc:h2:mem:6a3784ae-1aa6-4bbf-b617-4d4aeabcc2af
call next value for hibernate_sequence
call next value for hibernate_sequence;
2022-10-10 13:48:04.388  INFO 3923 --- [    Test worker] p6spy                                    : #1665377284388 | took 0ms | statement | connection 22| url jdbc:h2:mem:6a3784ae-1aa6-4bbf-b617-4d4aeabcc2af
call next value for hibernate_sequence
call next value for hibernate_sequence;
2022-10-10 13:48:04.388  INFO 3923 --- [    Test worker] p6spy                                    : #1665377284388 | took 0ms | statement | connection 22| url jdbc:h2:mem:6a3784ae-1aa6-4bbf-b617-4d4aeabcc2af
call next value for hibernate_sequence
call next value for hibernate_sequence;
2022-10-10 13:48:04.388  INFO 3923 --- [    Test worker] p6spy                                    : #1665377284388 | took 0ms | statement | connection 22| url jdbc:h2:mem:6a3784ae-1aa6-4bbf-b617-4d4aeabcc2af
call next value for hibernate_sequence
call next value for hibernate_sequence;
2022-10-10 13:48:04.388  INFO 3923 --- [    Test worker] p6spy                                    : #1665377284388 | took 0ms | statement | connection 22| url jdbc:h2:mem:6a3784ae-1aa6-4bbf-b617-4d4aeabcc2af
call next value for hibernate_sequence
call next value for hibernate_sequence;
2022-10-10 13:48:04.388  INFO 3923 --- [    Test worker] p6spy                                    : #1665377284388 | took 0ms | statement | connection 22| url jdbc:h2:mem:6a3784ae-1aa6-4bbf-b617-4d4aeabcc2af
call next value for hibernate_sequence
call next value for hibernate_sequence;
2022-10-10 13:48:04.388  INFO 3923 --- [    Test worker] p6spy                                    : #1665377284388 | took 0ms | statement | connection 22| url jdbc:h2:mem:6a3784ae-1aa6-4bbf-b617-4d4aeabcc2af
call next value for hibernate_sequence
call next value for hibernate_sequence;
2022-10-10 13:48:04.388  INFO 3923 --- [    Test worker] p6spy                                    : #1665377284388 | took 0ms | statement | connection 22| url jdbc:h2:mem:6a3784ae-1aa6-4bbf-b617-4d4aeabcc2af
call next value for hibernate_sequence
call next value for hibernate_sequence;
2022-10-10 13:48:04.388  INFO 3923 --- [    Test worker] c.j.r.FavoriteSpotQueryRepositoryTest    : favoriteSpot = FavoriteSpot(id=300, count=0)
2022-10-10 13:48:04.388  INFO 3923 --- [    Test worker] c.j.r.FavoriteSpotQueryRepositoryTest    : Spot = capstone.jejuTourrecommend.domain.Spot@598ffbc8
2022-10-10 13:48:04.388  INFO 3923 --- [    Test worker] p6spy                                    : #1665377284388 | took 0ms | statement | connection 22| url jdbc:h2:mem:6a3784ae-1aa6-4bbf-b617-4d4aeabcc2af
call next value for hibernate_sequence
call next value for hibernate_sequence;
2022-10-10 13:48:04.388  INFO 3923 --- [    Test worker] p6spy                                    : #1665377284388 | took 0ms | statement | connection 22| url jdbc:h2:mem:6a3784ae-1aa6-4bbf-b617-4d4aeabcc2af
call next value for hibernate_sequence
call next value for hibernate_sequence;
2022-10-10 13:48:04.388  INFO 3923 --- [    Test worker] p6spy                                    : #1665377284388 | took 0ms | statement | connection 22| url jdbc:h2:mem:6a3784ae-1aa6-4bbf-b617-4d4aeabcc2af
call next value for hibernate_sequence
call next value for hibernate_sequence;
2022-10-10 13:48:04.388  INFO 3923 --- [    Test worker] p6spy                                    : #1665377284388 | took 0ms | statement | connection 22| url jdbc:h2:mem:6a3784ae-1aa6-4bbf-b617-4d4aeabcc2af
call next value for hibernate_sequence
call next value for hibernate_sequence;
2022-10-10 13:48:04.388  INFO 3923 --- [    Test worker] p6spy                                    : #1665377284388 | took 0ms | statement | connection 22| url jdbc:h2:mem:6a3784ae-1aa6-4bbf-b617-4d4aeabcc2af
call next value for hibernate_sequence
call next value for hibernate_sequence;
2022-10-10 13:48:04.388  INFO 3923 --- [    Test worker] p6spy                                    : #1665377284388 | took 0ms | statement | connection 22| url jdbc:h2:mem:6a3784ae-1aa6-4bbf-b617-4d4aeabcc2af
call next value for hibernate_sequence
call next value for hibernate_sequence;
2022-10-10 13:48:04.389  INFO 3923 --- [    Test worker] p6spy                                    : #1665377284389 | took 0ms | statement | connection 22| url jdbc:h2:mem:6a3784ae-1aa6-4bbf-b617-4d4aeabcc2af
call next value for hibernate_sequence
call next value for hibernate_sequence;
2022-10-10 13:48:04.389  INFO 3923 --- [    Test worker] p6spy                                    : #1665377284389 | took 0ms | statement | connection 22| url jdbc:h2:mem:6a3784ae-1aa6-4bbf-b617-4d4aeabcc2af
call next value for hibernate_sequence
call next value for hibernate_sequence;
2022-10-10 13:48:04.389  INFO 3923 --- [    Test worker] c.j.r.FavoriteSpotQueryRepositoryTest    : favoriteSpot = FavoriteSpot(id=301, count=0)
2022-10-10 13:48:04.389  INFO 3923 --- [    Test worker] c.j.r.FavoriteSpotQueryRepositoryTest    : Spot = capstone.jejuTourrecommend.domain.Spot@4dae3857
2022-10-10 13:48:04.389  INFO 3923 --- [    Test worker] p6spy                                    : #1665377284389 | took 0ms | statement | connection 22| url jdbc:h2:mem:6a3784ae-1aa6-4bbf-b617-4d4aeabcc2af
call next value for hibernate_sequence
call next value for hibernate_sequence;
2022-10-10 13:48:04.389  INFO 3923 --- [    Test worker] p6spy                                    : #1665377284389 | took 0ms | statement | connection 22| url jdbc:h2:mem:6a3784ae-1aa6-4bbf-b617-4d4aeabcc2af
call next value for hibernate_sequence
call next value for hibernate_sequence;
2022-10-10 13:48:04.389  INFO 3923 --- [    Test worker] p6spy                                    : #1665377284389 | took 0ms | statement | connection 22| url jdbc:h2:mem:6a3784ae-1aa6-4bbf-b617-4d4aeabcc2af
call next value for hibernate_sequence
call next value for hibernate_sequence;
2022-10-10 13:48:04.389  INFO 3923 --- [    Test worker] p6spy                                    : #1665377284389 | took 0ms | statement | connection 22| url jdbc:h2:mem:6a3784ae-1aa6-4bbf-b617-4d4aeabcc2af
call next value for hibernate_sequence
call next value for hibernate_sequence;
2022-10-10 13:48:04.389  INFO 3923 --- [    Test worker] p6spy                                    : #1665377284389 | took 0ms | statement | connection 22| url jdbc:h2:mem:6a3784ae-1aa6-4bbf-b617-4d4aeabcc2af
call next value for hibernate_sequence
call next value for hibernate_sequence;
2022-10-10 13:48:04.389  INFO 3923 --- [    Test worker] p6spy                                    : #1665377284389 | took 0ms | statement | connection 22| url jdbc:h2:mem:6a3784ae-1aa6-4bbf-b617-4d4aeabcc2af
call next value for hibernate_sequence
call next value for hibernate_sequence;
2022-10-10 13:48:04.389  INFO 3923 --- [    Test worker] p6spy                                    : #1665377284389 | took 0ms | statement | connection 22| url jdbc:h2:mem:6a3784ae-1aa6-4bbf-b617-4d4aeabcc2af
call next value for hibernate_sequence
call next value for hibernate_sequence;
2022-10-10 13:48:04.389  INFO 3923 --- [    Test worker] p6spy                                    : #1665377284389 | took 0ms | statement | connection 22| url jdbc:h2:mem:6a3784ae-1aa6-4bbf-b617-4d4aeabcc2af
call next value for hibernate_sequence
call next value for hibernate_sequence;
2022-10-10 13:48:04.389  INFO 3923 --- [    Test worker] p6spy                                    : #1665377284389 | took 0ms | statement | connection 22| url jdbc:h2:mem:6a3784ae-1aa6-4bbf-b617-4d4aeabcc2af
call next value for favoritespot_seq
call next value for favoritespot_seq;
2022-10-10 13:48:04.389  INFO 3923 --- [    Test worker] c.j.r.FavoriteSpotQueryRepositoryTest    : favoriteSpot = FavoriteSpot(id=302, count=0)
2022-10-10 13:48:04.389  INFO 3923 --- [    Test worker] c.j.r.FavoriteSpotQueryRepositoryTest    : Spot = capstone.jejuTourrecommend.domain.Spot@1049770a
2022-10-10 13:48:04.389  INFO 3923 --- [    Test worker] p6spy                                    : #1665377284389 | took 0ms | statement | connection 22| url jdbc:h2:mem:6a3784ae-1aa6-4bbf-b617-4d4aeabcc2af
call next value for hibernate_sequence
call next value for hibernate_sequence;
2022-10-10 13:48:04.389  INFO 3923 --- [    Test worker] p6spy                                    : #1665377284389 | took 0ms | statement | connection 22| url jdbc:h2:mem:6a3784ae-1aa6-4bbf-b617-4d4aeabcc2af
call next value for hibernate_sequence
call next value for hibernate_sequence;
2022-10-10 13:48:04.389  INFO 3923 --- [    Test worker] p6spy                                    : #1665377284389 | took 0ms | statement | connection 22| url jdbc:h2:mem:6a3784ae-1aa6-4bbf-b617-4d4aeabcc2af
call next value for hibernate_sequence
call next value for hibernate_sequence;
2022-10-10 13:48:04.389  INFO 3923 --- [    Test worker] p6spy                                    : #1665377284389 | took 0ms | statement | connection 22| url jdbc:h2:mem:6a3784ae-1aa6-4bbf-b617-4d4aeabcc2af
call next value for hibernate_sequence
call next value for hibernate_sequence;
2022-10-10 13:48:04.389  INFO 3923 --- [    Test worker] p6spy                                    : #1665377284389 | took 0ms | statement | connection 22| url jdbc:h2:mem:6a3784ae-1aa6-4bbf-b617-4d4aeabcc2af
call next value for hibernate_sequence
call next value for hibernate_sequence;
2022-10-10 13:48:04.389  INFO 3923 --- [    Test worker] p6spy                                    : #1665377284389 | took 0ms | statement | connection 22| url jdbc:h2:mem:6a3784ae-1aa6-4bbf-b617-4d4aeabcc2af
call next value for hibernate_sequence
call next value for hibernate_sequence;
2022-10-10 13:48:04.389  INFO 3923 --- [    Test worker] p6spy                                    : #1665377284389 | took 0ms | statement | connection 22| url jdbc:h2:mem:6a3784ae-1aa6-4bbf-b617-4d4aeabcc2af
call next value for hibernate_sequence
call next value for hibernate_sequence;
2022-10-10 13:48:04.389  INFO 3923 --- [    Test worker] p6spy                                    : #1665377284389 | took 0ms | statement | connection 22| url jdbc:h2:mem:6a3784ae-1aa6-4bbf-b617-4d4aeabcc2af
call next value for hibernate_sequence
call next value for hibernate_sequence;
2022-10-10 13:48:04.389  INFO 3923 --- [    Test worker] c.j.r.FavoriteSpotQueryRepositoryTest    : favoriteSpot = FavoriteSpot(id=303, count=0)
2022-10-10 13:48:04.389  INFO 3923 --- [    Test worker] c.j.r.FavoriteSpotQueryRepositoryTest    : Spot = capstone.jejuTourrecommend.domain.Spot@504bfa9a
2022-10-10 13:48:04.389  INFO 3923 --- [    Test worker] p6spy                                    : #1665377284389 | took 0ms | statement | connection 22| url jdbc:h2:mem:6a3784ae-1aa6-4bbf-b617-4d4aeabcc2af
call next value for hibernate_sequence
call next value for hibernate_sequence;
2022-10-10 13:48:04.389  INFO 3923 --- [    Test worker] p6spy                                    : #1665377284389 | took 0ms | statement | connection 22| url jdbc:h2:mem:6a3784ae-1aa6-4bbf-b617-4d4aeabcc2af
call next value for hibernate_sequence
call next value for hibernate_sequence;
2022-10-10 13:48:04.389  INFO 3923 --- [    Test worker] p6spy                                    : #1665377284389 | took 0ms | statement | connection 22| url jdbc:h2:mem:6a3784ae-1aa6-4bbf-b617-4d4aeabcc2af
call next value for hibernate_sequence
call next value for hibernate_sequence;
2022-10-10 13:48:04.389  INFO 3923 --- [    Test worker] p6spy                                    : #1665377284389 | took 0ms | statement | connection 22| url jdbc:h2:mem:6a3784ae-1aa6-4bbf-b617-4d4aeabcc2af
call next value for hibernate_sequence
call next value for hibernate_sequence;
2022-10-10 13:48:04.389  INFO 3923 --- [    Test worker] p6spy                                    : #1665377284389 | took 0ms | statement | connection 22| url jdbc:h2:mem:6a3784ae-1aa6-4bbf-b617-4d4aeabcc2af
call next value for hibernate_sequence
call next value for hibernate_sequence;
2022-10-10 13:48:04.389  INFO 3923 --- [    Test worker] p6spy                                    : #1665377284389 | took 0ms | statement | connection 22| url jdbc:h2:mem:6a3784ae-1aa6-4bbf-b617-4d4aeabcc2af
call next value for hibernate_sequence
call next value for hibernate_sequence;
2022-10-10 13:48:04.389  INFO 3923 --- [    Test worker] p6spy                                    : #1665377284389 | took 0ms | statement | connection 22| url jdbc:h2:mem:6a3784ae-1aa6-4bbf-b617-4d4aeabcc2af
call next value for hibernate_sequence
call next value for hibernate_sequence;
2022-10-10 13:48:04.389  INFO 3923 --- [    Test worker] p6spy                                    : #1665377284389 | took 0ms | statement | connection 22| url jdbc:h2:mem:6a3784ae-1aa6-4bbf-b617-4d4aeabcc2af
call next value for hibernate_sequence
call next value for hibernate_sequence;
2022-10-10 13:48:04.389  INFO 3923 --- [    Test worker] c.j.r.FavoriteSpotQueryRepositoryTest    : favoriteSpot = FavoriteSpot(id=304, count=0)
2022-10-10 13:48:04.389  INFO 3923 --- [    Test worker] c.j.r.FavoriteSpotQueryRepositoryTest    : Spot = capstone.jejuTourrecommend.domain.Spot@1a9d5a73
2022-10-10 13:48:04.389  INFO 3923 --- [    Test worker] p6spy                                    : #1665377284389 | took 0ms | statement | connection 22| url jdbc:h2:mem:6a3784ae-1aa6-4bbf-b617-4d4aeabcc2af
call next value for hibernate_sequence
call next value for hibernate_sequence;
2022-10-10 13:48:04.389  INFO 3923 --- [    Test worker] p6spy                                    : #1665377284389 | took 0ms | statement | connection 22| url jdbc:h2:mem:6a3784ae-1aa6-4bbf-b617-4d4aeabcc2af
call next value for hibernate_sequence
call next value for hibernate_sequence;
2022-10-10 13:48:04.389  INFO 3923 --- [    Test worker] p6spy                                    : #1665377284389 | took 0ms | statement | connection 22| url jdbc:h2:mem:6a3784ae-1aa6-4bbf-b617-4d4aeabcc2af
call next value for hibernate_sequence
call next value for hibernate_sequence;
2022-10-10 13:48:04.389  INFO 3923 --- [    Test worker] p6spy                                    : #1665377284389 | took 0ms | statement | connection 22| url jdbc:h2:mem:6a3784ae-1aa6-4bbf-b617-4d4aeabcc2af
call next value for hibernate_sequence
call next value for hibernate_sequence;
2022-10-10 13:48:04.389  INFO 3923 --- [    Test worker] p6spy                                    : #1665377284389 | took 0ms | statement | connection 22| url jdbc:h2:mem:6a3784ae-1aa6-4bbf-b617-4d4aeabcc2af
call next value for hibernate_sequence
call next value for hibernate_sequence;
2022-10-10 13:48:04.389  INFO 3923 --- [    Test worker] p6spy                                    : #1665377284389 | took 0ms | statement | connection 22| url jdbc:h2:mem:6a3784ae-1aa6-4bbf-b617-4d4aeabcc2af
call next value for hibernate_sequence
call next value for hibernate_sequence;
2022-10-10 13:48:04.389  INFO 3923 --- [    Test worker] p6spy                                    : #1665377284389 | took 0ms | statement | connection 22| url jdbc:h2:mem:6a3784ae-1aa6-4bbf-b617-4d4aeabcc2af
call next value for hibernate_sequence
call next value for hibernate_sequence;
2022-10-10 13:48:04.390  INFO 3923 --- [    Test worker] p6spy                                    : #1665377284390 | took 0ms | statement | connection 22| url jdbc:h2:mem:6a3784ae-1aa6-4bbf-b617-4d4aeabcc2af
call next value for hibernate_sequence
call next value for hibernate_sequence;
2022-10-10 13:48:04.390  INFO 3923 --- [    Test worker] c.j.r.FavoriteSpotQueryRepositoryTest    : favoriteSpot = FavoriteSpot(id=305, count=0)
2022-10-10 13:48:04.390  INFO 3923 --- [    Test worker] c.j.r.FavoriteSpotQueryRepositoryTest    : Spot = capstone.jejuTourrecommend.domain.Spot@378c41e5
2022-10-10 13:48:04.390  INFO 3923 --- [    Test worker] p6spy                                    : #1665377284390 | took 0ms | statement | connection 22| url jdbc:h2:mem:6a3784ae-1aa6-4bbf-b617-4d4aeabcc2af
call next value for hibernate_sequence
call next value for hibernate_sequence;
2022-10-10 13:48:04.390  INFO 3923 --- [    Test worker] p6spy                                    : #1665377284390 | took 0ms | statement | connection 22| url jdbc:h2:mem:6a3784ae-1aa6-4bbf-b617-4d4aeabcc2af
call next value for hibernate_sequence
call next value for hibernate_sequence;
2022-10-10 13:48:04.390  INFO 3923 --- [    Test worker] p6spy                                    : #1665377284390 | took 0ms | statement | connection 22| url jdbc:h2:mem:6a3784ae-1aa6-4bbf-b617-4d4aeabcc2af
call next value for hibernate_sequence
call next value for hibernate_sequence;
2022-10-10 13:48:04.390  INFO 3923 --- [    Test worker] p6spy                                    : #1665377284390 | took 0ms | statement | connection 22| url jdbc:h2:mem:6a3784ae-1aa6-4bbf-b617-4d4aeabcc2af
call next value for hibernate_sequence
call next value for hibernate_sequence;
2022-10-10 13:48:04.390  INFO 3923 --- [    Test worker] p6spy                                    : #1665377284390 | took 0ms | statement | connection 22| url jdbc:h2:mem:6a3784ae-1aa6-4bbf-b617-4d4aeabcc2af
call next value for hibernate_sequence
call next value for hibernate_sequence;
2022-10-10 13:48:04.390  INFO 3923 --- [    Test worker] p6spy                                    : #1665377284390 | took 0ms | statement | connection 22| url jdbc:h2:mem:6a3784ae-1aa6-4bbf-b617-4d4aeabcc2af
call next value for hibernate_sequence
call next value for hibernate_sequence;
2022-10-10 13:48:04.390  INFO 3923 --- [    Test worker] p6spy                                    : #1665377284390 | took 0ms | statement | connection 22| url jdbc:h2:mem:6a3784ae-1aa6-4bbf-b617-4d4aeabcc2af
call next value for hibernate_sequence
call next value for hibernate_sequence;
2022-10-10 13:48:04.390  INFO 3923 --- [    Test worker] p6spy                                    : #1665377284390 | took 0ms | statement | connection 22| url jdbc:h2:mem:6a3784ae-1aa6-4bbf-b617-4d4aeabcc2af
call next value for hibernate_sequence
call next value for hibernate_sequence;
2022-10-10 13:48:04.390  INFO 3923 --- [    Test worker] c.j.r.FavoriteSpotQueryRepositoryTest    : favoriteSpot = FavoriteSpot(id=306, count=0)
2022-10-10 13:48:04.390  INFO 3923 --- [    Test worker] c.j.r.FavoriteSpotQueryRepositoryTest    : Spot = capstone.jejuTourrecommend.domain.Spot@74d294f4
2022-10-10 13:48:04.390  INFO 3923 --- [    Test worker] p6spy                                    : #1665377284390 | took 0ms | statement | connection 22| url jdbc:h2:mem:6a3784ae-1aa6-4bbf-b617-4d4aeabcc2af
call next value for hibernate_sequence
call next value for hibernate_sequence;
2022-10-10 13:48:04.390  INFO 3923 --- [    Test worker] p6spy                                    : #1665377284390 | took 0ms | statement | connection 22| url jdbc:h2:mem:6a3784ae-1aa6-4bbf-b617-4d4aeabcc2af
call next value for hibernate_sequence
call next value for hibernate_sequence;
2022-10-10 13:48:04.390  INFO 3923 --- [    Test worker] p6spy                                    : #1665377284390 | took 0ms | statement | connection 22| url jdbc:h2:mem:6a3784ae-1aa6-4bbf-b617-4d4aeabcc2af
call next value for hibernate_sequence
call next value for hibernate_sequence;
2022-10-10 13:48:04.390  INFO 3923 --- [    Test worker] p6spy                                    : #1665377284390 | took 0ms | statement | connection 22| url jdbc:h2:mem:6a3784ae-1aa6-4bbf-b617-4d4aeabcc2af
call next value for hibernate_sequence
call next value for hibernate_sequence;
2022-10-10 13:48:04.390  INFO 3923 --- [    Test worker] p6spy                                    : #1665377284390 | took 0ms | statement | connection 22| url jdbc:h2:mem:6a3784ae-1aa6-4bbf-b617-4d4aeabcc2af
call next value for hibernate_sequence
call next value for hibernate_sequence;
2022-10-10 13:48:04.390  INFO 3923 --- [    Test worker] p6spy                                    : #1665377284390 | took 0ms | statement | connection 22| url jdbc:h2:mem:6a3784ae-1aa6-4bbf-b617-4d4aeabcc2af
call next value for hibernate_sequence
call next value for hibernate_sequence;
2022-10-10 13:48:04.390  INFO 3923 --- [    Test worker] p6spy                                    : #1665377284390 | took 0ms | statement | connection 22| url jdbc:h2:mem:6a3784ae-1aa6-4bbf-b617-4d4aeabcc2af
call next value for hibernate_sequence
call next value for hibernate_sequence;
2022-10-10 13:48:04.390  INFO 3923 --- [    Test worker] p6spy                                    : #1665377284390 | took 0ms | statement | connection 22| url jdbc:h2:mem:6a3784ae-1aa6-4bbf-b617-4d4aeabcc2af
call next value for hibernate_sequence
call next value for hibernate_sequence;
2022-10-10 13:48:04.390  INFO 3923 --- [    Test worker] c.j.r.FavoriteSpotQueryRepositoryTest    : favoriteSpot = FavoriteSpot(id=307, count=0)
2022-10-10 13:48:04.390  INFO 3923 --- [    Test worker] c.j.r.FavoriteSpotQueryRepositoryTest    : Spot = capstone.jejuTourrecommend.domain.Spot@32ea52d
2022-10-10 13:48:04.390  INFO 3923 --- [    Test worker] p6spy                                    : #1665377284390 | took 0ms | statement | connection 22| url jdbc:h2:mem:6a3784ae-1aa6-4bbf-b617-4d4aeabcc2af
call next value for hibernate_sequence
call next value for hibernate_sequence;
2022-10-10 13:48:04.390  INFO 3923 --- [    Test worker] p6spy                                    : #1665377284390 | took 0ms | statement | connection 22| url jdbc:h2:mem:6a3784ae-1aa6-4bbf-b617-4d4aeabcc2af
call next value for hibernate_sequence
call next value for hibernate_sequence;
2022-10-10 13:48:04.390  INFO 3923 --- [    Test worker] p6spy                                    : #1665377284390 | took 0ms | statement | connection 22| url jdbc:h2:mem:6a3784ae-1aa6-4bbf-b617-4d4aeabcc2af
call next value for hibernate_sequence
call next value for hibernate_sequence;
2022-10-10 13:48:04.390  INFO 3923 --- [    Test worker] p6spy                                    : #1665377284390 | took 0ms | statement | connection 22| url jdbc:h2:mem:6a3784ae-1aa6-4bbf-b617-4d4aeabcc2af
call next value for hibernate_sequence
call next value for hibernate_sequence;
2022-10-10 13:48:04.390  INFO 3923 --- [    Test worker] p6spy                                    : #1665377284390 | took 0ms | statement | connection 22| url jdbc:h2:mem:6a3784ae-1aa6-4bbf-b617-4d4aeabcc2af
call next value for hibernate_sequence
call next value for hibernate_sequence;
2022-10-10 13:48:04.390  INFO 3923 --- [    Test worker] p6spy                                    : #1665377284390 | took 0ms | statement | connection 22| url jdbc:h2:mem:6a3784ae-1aa6-4bbf-b617-4d4aeabcc2af
call next value for hibernate_sequence
call next value for hibernate_sequence;
2022-10-10 13:48:04.390  INFO 3923 --- [    Test worker] p6spy                                    : #1665377284390 | took 0ms | statement | connection 22| url jdbc:h2:mem:6a3784ae-1aa6-4bbf-b617-4d4aeabcc2af
call next value for hibernate_sequence
call next value for hibernate_sequence;
2022-10-10 13:48:04.390  INFO 3923 --- [    Test worker] p6spy                                    : #1665377284390 | took 0ms | statement | connection 22| url jdbc:h2:mem:6a3784ae-1aa6-4bbf-b617-4d4aeabcc2af
call next value for hibernate_sequence
call next value for hibernate_sequence;
2022-10-10 13:48:04.390  INFO 3923 --- [    Test worker] c.j.r.FavoriteSpotQueryRepositoryTest    : favoriteSpot = FavoriteSpot(id=308, count=0)
2022-10-10 13:48:04.391  INFO 3923 --- [    Test worker] c.j.r.FavoriteSpotQueryRepositoryTest    : Spot = capstone.jejuTourrecommend.domain.Spot@3f0b8fd0
2022-10-10 13:48:04.391  INFO 3923 --- [    Test worker] p6spy                                    : #1665377284391 | took 0ms | statement | connection 22| url jdbc:h2:mem:6a3784ae-1aa6-4bbf-b617-4d4aeabcc2af
call next value for hibernate_sequence
call next value for hibernate_sequence;
2022-10-10 13:48:04.391  INFO 3923 --- [    Test worker] p6spy                                    : #1665377284391 | took 0ms | statement | connection 22| url jdbc:h2:mem:6a3784ae-1aa6-4bbf-b617-4d4aeabcc2af
call next value for hibernate_sequence
call next value for hibernate_sequence;
2022-10-10 13:48:04.391  INFO 3923 --- [    Test worker] p6spy                                    : #1665377284391 | took 0ms | statement | connection 22| url jdbc:h2:mem:6a3784ae-1aa6-4bbf-b617-4d4aeabcc2af
call next value for hibernate_sequence
call next value for hibernate_sequence;
2022-10-10 13:48:04.391  INFO 3923 --- [    Test worker] p6spy                                    : #1665377284391 | took 0ms | statement | connection 22| url jdbc:h2:mem:6a3784ae-1aa6-4bbf-b617-4d4aeabcc2af
call next value for hibernate_sequence
call next value for hibernate_sequence;
2022-10-10 13:48:04.391  INFO 3923 --- [    Test worker] p6spy                                    : #1665377284391 | took 0ms | statement | connection 22| url jdbc:h2:mem:6a3784ae-1aa6-4bbf-b617-4d4aeabcc2af
call next value for hibernate_sequence
call next value for hibernate_sequence;
2022-10-10 13:48:04.391  INFO 3923 --- [    Test worker] p6spy                                    : #1665377284391 | took 0ms | statement | connection 22| url jdbc:h2:mem:6a3784ae-1aa6-4bbf-b617-4d4aeabcc2af
call next value for hibernate_sequence
call next value for hibernate_sequence;
2022-10-10 13:48:04.391  INFO 3923 --- [    Test worker] p6spy                                    : #1665377284391 | took 0ms | statement | connection 22| url jdbc:h2:mem:6a3784ae-1aa6-4bbf-b617-4d4aeabcc2af
call next value for hibernate_sequence
call next value for hibernate_sequence;
2022-10-10 13:48:04.391  INFO 3923 --- [    Test worker] p6spy                                    : #1665377284391 | took 0ms | statement | connection 22| url jdbc:h2:mem:6a3784ae-1aa6-4bbf-b617-4d4aeabcc2af
call next value for hibernate_sequence
call next value for hibernate_sequence;
2022-10-10 13:48:04.391  INFO 3923 --- [    Test worker] c.j.r.FavoriteSpotQueryRepositoryTest    : favoriteSpot = FavoriteSpot(id=309, count=0)
2022-10-10 13:48:04.391  INFO 3923 --- [    Test worker] c.j.r.FavoriteSpotQueryRepositoryTest    : Spot = capstone.jejuTourrecommend.domain.Spot@40e4dda7
2022-10-10 13:48:04.391  INFO 3923 --- [    Test worker] p6spy                                    : #1665377284391 | took 0ms | statement | connection 22| url jdbc:h2:mem:6a3784ae-1aa6-4bbf-b617-4d4aeabcc2af
call next value for hibernate_sequence
call next value for hibernate_sequence;
2022-10-10 13:48:04.391  INFO 3923 --- [    Test worker] p6spy                                    : #1665377284391 | took 0ms | statement | connection 22| url jdbc:h2:mem:6a3784ae-1aa6-4bbf-b617-4d4aeabcc2af
call next value for hibernate_sequence
call next value for hibernate_sequence;
2022-10-10 13:48:04.391  INFO 3923 --- [    Test worker] p6spy                                    : #1665377284391 | took 0ms | statement | connection 22| url jdbc:h2:mem:6a3784ae-1aa6-4bbf-b617-4d4aeabcc2af
call next value for hibernate_sequence
call next value for hibernate_sequence;
2022-10-10 13:48:04.391  INFO 3923 --- [    Test worker] p6spy                                    : #1665377284391 | took 0ms | statement | connection 22| url jdbc:h2:mem:6a3784ae-1aa6-4bbf-b617-4d4aeabcc2af
call next value for hibernate_sequence
call next value for hibernate_sequence;
2022-10-10 13:48:04.391  INFO 3923 --- [    Test worker] p6spy                                    : #1665377284391 | took 0ms | statement | connection 22| url jdbc:h2:mem:6a3784ae-1aa6-4bbf-b617-4d4aeabcc2af
call next value for hibernate_sequence
call next value for hibernate_sequence;
2022-10-10 13:48:04.391  INFO 3923 --- [    Test worker] p6spy                                    : #1665377284391 | took 0ms | statement | connection 22| url jdbc:h2:mem:6a3784ae-1aa6-4bbf-b617-4d4aeabcc2af
call next value for hibernate_sequence
call next value for hibernate_sequence;
2022-10-10 13:48:04.391  INFO 3923 --- [    Test worker] p6spy                                    : #1665377284391 | took 0ms | statement | connection 22| url jdbc:h2:mem:6a3784ae-1aa6-4bbf-b617-4d4aeabcc2af
call next value for hibernate_sequence
call next value for hibernate_sequence;
2022-10-10 13:48:04.391  INFO 3923 --- [    Test worker] p6spy                                    : #1665377284391 | took 0ms | statement | connection 22| url jdbc:h2:mem:6a3784ae-1aa6-4bbf-b617-4d4aeabcc2af
call next value for hibernate_sequence
call next value for hibernate_sequence;
2022-10-10 13:48:04.391  INFO 3923 --- [    Test worker] c.j.r.FavoriteSpotQueryRepositoryTest    : favoriteSpot = FavoriteSpot(id=310, count=0)
2022-10-10 13:48:04.391  INFO 3923 --- [    Test worker] c.j.r.FavoriteSpotQueryRepositoryTest    : Spot = capstone.jejuTourrecommend.domain.Spot@4be980
2022-10-10 13:48:04.391  INFO 3923 --- [    Test worker] p6spy                                    : #1665377284391 | took 0ms | statement | connection 22| url jdbc:h2:mem:6a3784ae-1aa6-4bbf-b617-4d4aeabcc2af
call next value for hibernate_sequence
call next value for hibernate_sequence;
2022-10-10 13:48:04.391  INFO 3923 --- [    Test worker] p6spy                                    : #1665377284391 | took 0ms | statement | connection 22| url jdbc:h2:mem:6a3784ae-1aa6-4bbf-b617-4d4aeabcc2af
call next value for hibernate_sequence
call next value for hibernate_sequence;
2022-10-10 13:48:04.391  INFO 3923 --- [    Test worker] p6spy                                    : #1665377284391 | took 0ms | statement | connection 22| url jdbc:h2:mem:6a3784ae-1aa6-4bbf-b617-4d4aeabcc2af
call next value for hibernate_sequence
call next value for hibernate_sequence;
2022-10-10 13:48:04.391  INFO 3923 --- [    Test worker] p6spy                                    : #1665377284391 | took 0ms | statement | connection 22| url jdbc:h2:mem:6a3784ae-1aa6-4bbf-b617-4d4aeabcc2af
call next value for hibernate_sequence
call next value for hibernate_sequence;
2022-10-10 13:48:04.391  INFO 3923 --- [    Test worker] p6spy                                    : #1665377284391 | took 0ms | statement | connection 22| url jdbc:h2:mem:6a3784ae-1aa6-4bbf-b617-4d4aeabcc2af
call next value for hibernate_sequence
call next value for hibernate_sequence;
2022-10-10 13:48:04.391  INFO 3923 --- [    Test worker] p6spy                                    : #1665377284391 | took 0ms | statement | connection 22| url jdbc:h2:mem:6a3784ae-1aa6-4bbf-b617-4d4aeabcc2af
call next value for hibernate_sequence
call next value for hibernate_sequence;
2022-10-10 13:48:04.391  INFO 3923 --- [    Test worker] p6spy                                    : #1665377284391 | took 0ms | statement | connection 22| url jdbc:h2:mem:6a3784ae-1aa6-4bbf-b617-4d4aeabcc2af
call next value for hibernate_sequence
call next value for hibernate_sequence;
2022-10-10 13:48:04.391  INFO 3923 --- [    Test worker] p6spy                                    : #1665377284391 | took 0ms | statement | connection 22| url jdbc:h2:mem:6a3784ae-1aa6-4bbf-b617-4d4aeabcc2af
call next value for hibernate_sequence
call next value for hibernate_sequence;
2022-10-10 13:48:04.391  INFO 3923 --- [    Test worker] c.j.r.FavoriteSpotQueryRepositoryTest    : favoriteSpot = FavoriteSpot(id=311, count=0)
2022-10-10 13:48:04.391  INFO 3923 --- [    Test worker] c.j.r.FavoriteSpotQueryRepositoryTest    : Spot = capstone.jejuTourrecommend.domain.Spot@272543a2
2022-10-10 13:48:04.391  INFO 3923 --- [    Test worker] p6spy                                    : #1665377284391 | took 0ms | statement | connection 22| url jdbc:h2:mem:6a3784ae-1aa6-4bbf-b617-4d4aeabcc2af
call next value for hibernate_sequence
call next value for hibernate_sequence;
2022-10-10 13:48:04.391  INFO 3923 --- [    Test worker] p6spy                                    : #1665377284391 | took 0ms | statement | connection 22| url jdbc:h2:mem:6a3784ae-1aa6-4bbf-b617-4d4aeabcc2af
call next value for hibernate_sequence
call next value for hibernate_sequence;
2022-10-10 13:48:04.391  INFO 3923 --- [    Test worker] p6spy                                    : #1665377284391 | took 0ms | statement | connection 22| url jdbc:h2:mem:6a3784ae-1aa6-4bbf-b617-4d4aeabcc2af
call next value for hibernate_sequence
call next value for hibernate_sequence;
2022-10-10 13:48:04.391  INFO 3923 --- [    Test worker] p6spy                                    : #1665377284391 | took 0ms | statement | connection 22| url jdbc:h2:mem:6a3784ae-1aa6-4bbf-b617-4d4aeabcc2af
call next value for hibernate_sequence
call next value for hibernate_sequence;
2022-10-10 13:48:04.391  INFO 3923 --- [    Test worker] p6spy                                    : #1665377284391 | took 0ms | statement | connection 22| url jdbc:h2:mem:6a3784ae-1aa6-4bbf-b617-4d4aeabcc2af
call next value for hibernate_sequence
call next value for hibernate_sequence;
2022-10-10 13:48:04.391  INFO 3923 --- [    Test worker] p6spy                                    : #1665377284391 | took 0ms | statement | connection 22| url jdbc:h2:mem:6a3784ae-1aa6-4bbf-b617-4d4aeabcc2af
call next value for hibernate_sequence
call next value for hibernate_sequence;
2022-10-10 13:48:04.391  INFO 3923 --- [    Test worker] p6spy                                    : #1665377284391 | took 0ms | statement | connection 22| url jdbc:h2:mem:6a3784ae-1aa6-4bbf-b617-4d4aeabcc2af
call next value for hibernate_sequence
call next value for hibernate_sequence;
2022-10-10 13:48:04.391  INFO 3923 --- [    Test worker] p6spy                                    : #1665377284391 | took 0ms | statement | connection 22| url jdbc:h2:mem:6a3784ae-1aa6-4bbf-b617-4d4aeabcc2af
call next value for hibernate_sequence
call next value for hibernate_sequence;
2022-10-10 13:48:04.391  INFO 3923 --- [    Test worker] c.j.r.FavoriteSpotQueryRepositoryTest    : favoriteSpot = FavoriteSpot(id=312, count=0)
2022-10-10 13:48:04.392  INFO 3923 --- [    Test worker] c.j.r.FavoriteSpotQueryRepositoryTest    : Spot = capstone.jejuTourrecommend.domain.Spot@67608ebd
2022-10-10 13:48:04.392  INFO 3923 --- [    Test worker] p6spy                                    : #1665377284392 | took 0ms | statement | connection 22| url jdbc:h2:mem:6a3784ae-1aa6-4bbf-b617-4d4aeabcc2af
call next value for hibernate_sequence
call next value for hibernate_sequence;
2022-10-10 13:48:04.392  INFO 3923 --- [    Test worker] p6spy                                    : #1665377284392 | took 0ms | statement | connection 22| url jdbc:h2:mem:6a3784ae-1aa6-4bbf-b617-4d4aeabcc2af
call next value for hibernate_sequence
call next value for hibernate_sequence;
2022-10-10 13:48:04.392  INFO 3923 --- [    Test worker] p6spy                                    : #1665377284392 | took 0ms | statement | connection 22| url jdbc:h2:mem:6a3784ae-1aa6-4bbf-b617-4d4aeabcc2af
call next value for hibernate_sequence
call next value for hibernate_sequence;
2022-10-10 13:48:04.392  INFO 3923 --- [    Test worker] p6spy                                    : #1665377284392 | took 0ms | statement | connection 22| url jdbc:h2:mem:6a3784ae-1aa6-4bbf-b617-4d4aeabcc2af
call next value for spot_seq
call next value for spot_seq;
2022-10-10 13:48:04.392  INFO 3923 --- [    Test worker] p6spy                                    : #1665377284392 | took 0ms | statement | connection 22| url jdbc:h2:mem:6a3784ae-1aa6-4bbf-b617-4d4aeabcc2af
call next value for hibernate_sequence
call next value for hibernate_sequence;
2022-10-10 13:48:04.392  INFO 3923 --- [    Test worker] p6spy                                    : #1665377284392 | took 0ms | statement | connection 22| url jdbc:h2:mem:6a3784ae-1aa6-4bbf-b617-4d4aeabcc2af
call next value for hibernate_sequence
call next value for hibernate_sequence;
2022-10-10 13:48:04.392  INFO 3923 --- [    Test worker] p6spy                                    : #1665377284392 | took 0ms | statement | connection 22| url jdbc:h2:mem:6a3784ae-1aa6-4bbf-b617-4d4aeabcc2af
call next value for hibernate_sequence
call next value for hibernate_sequence;
2022-10-10 13:48:04.392  INFO 3923 --- [    Test worker] p6spy                                    : #1665377284392 | took 0ms | statement | connection 22| url jdbc:h2:mem:6a3784ae-1aa6-4bbf-b617-4d4aeabcc2af
call next value for hibernate_sequence
call next value for hibernate_sequence;
2022-10-10 13:48:04.392  INFO 3923 --- [    Test worker] p6spy                                    : #1665377284392 | took 0ms | statement | connection 22| url jdbc:h2:mem:6a3784ae-1aa6-4bbf-b617-4d4aeabcc2af
call next value for hibernate_sequence
call next value for hibernate_sequence;
2022-10-10 13:48:04.392  INFO 3923 --- [    Test worker] c.j.r.FavoriteSpotQueryRepositoryTest    : favoriteSpot = FavoriteSpot(id=313, count=0)
2022-10-10 13:48:04.392  INFO 3923 --- [    Test worker] c.j.r.FavoriteSpotQueryRepositoryTest    : Spot = capstone.jejuTourrecommend.domain.Spot@7eb66a64
2022-10-10 13:48:04.392  INFO 3923 --- [    Test worker] p6spy                                    : #1665377284392 | took 0ms | statement | connection 22| url jdbc:h2:mem:6a3784ae-1aa6-4bbf-b617-4d4aeabcc2af
call next value for hibernate_sequence
call next value for hibernate_sequence;
2022-10-10 13:48:04.392  INFO 3923 --- [    Test worker] p6spy                                    : #1665377284392 | took 0ms | statement | connection 22| url jdbc:h2:mem:6a3784ae-1aa6-4bbf-b617-4d4aeabcc2af
call next value for hibernate_sequence
call next value for hibernate_sequence;
2022-10-10 13:48:04.392  INFO 3923 --- [    Test worker] p6spy                                    : #1665377284392 | took 0ms | statement | connection 22| url jdbc:h2:mem:6a3784ae-1aa6-4bbf-b617-4d4aeabcc2af
call next value for hibernate_sequence
call next value for hibernate_sequence;
2022-10-10 13:48:04.392  INFO 3923 --- [    Test worker] p6spy                                    : #1665377284392 | took 0ms | statement | connection 22| url jdbc:h2:mem:6a3784ae-1aa6-4bbf-b617-4d4aeabcc2af
call next value for hibernate_sequence
call next value for hibernate_sequence;
2022-10-10 13:48:04.392  INFO 3923 --- [    Test worker] p6spy                                    : #1665377284392 | took 0ms | statement | connection 22| url jdbc:h2:mem:6a3784ae-1aa6-4bbf-b617-4d4aeabcc2af
call next value for hibernate_sequence
call next value for hibernate_sequence;
2022-10-10 13:48:04.392  INFO 3923 --- [    Test worker] p6spy                                    : #1665377284392 | took 0ms | statement | connection 22| url jdbc:h2:mem:6a3784ae-1aa6-4bbf-b617-4d4aeabcc2af
call next value for hibernate_sequence
call next value for hibernate_sequence;
2022-10-10 13:48:04.392  INFO 3923 --- [    Test worker] p6spy                                    : #1665377284392 | took 0ms | statement | connection 22| url jdbc:h2:mem:6a3784ae-1aa6-4bbf-b617-4d4aeabcc2af
call next value for hibernate_sequence
call next value for hibernate_sequence;
2022-10-10 13:48:04.392  INFO 3923 --- [    Test worker] p6spy                                    : #1665377284392 | took 0ms | statement | connection 22| url jdbc:h2:mem:6a3784ae-1aa6-4bbf-b617-4d4aeabcc2af
call next value for hibernate_sequence
call next value for hibernate_sequence;
2022-10-10 13:48:04.392  INFO 3923 --- [    Test worker] c.j.r.FavoriteSpotQueryRepositoryTest    : favoriteSpot = FavoriteSpot(id=314, count=0)
2022-10-10 13:48:04.392  INFO 3923 --- [    Test worker] c.j.r.FavoriteSpotQueryRepositoryTest    : Spot = capstone.jejuTourrecommend.domain.Spot@fd7893a
2022-10-10 13:48:04.392  INFO 3923 --- [    Test worker] p6spy                                    : #1665377284392 | took 0ms | statement | connection 22| url jdbc:h2:mem:6a3784ae-1aa6-4bbf-b617-4d4aeabcc2af
call next value for hibernate_sequence
call next value for hibernate_sequence;
2022-10-10 13:48:04.392  INFO 3923 --- [    Test worker] p6spy                                    : #1665377284392 | took 0ms | statement | connection 22| url jdbc:h2:mem:6a3784ae-1aa6-4bbf-b617-4d4aeabcc2af
call next value for hibernate_sequence
call next value for hibernate_sequence;
2022-10-10 13:48:04.392  INFO 3923 --- [    Test worker] p6spy                                    : #1665377284392 | took 0ms | statement | connection 22| url jdbc:h2:mem:6a3784ae-1aa6-4bbf-b617-4d4aeabcc2af
call next value for hibernate_sequence
call next value for hibernate_sequence;
2022-10-10 13:48:04.392  INFO 3923 --- [    Test worker] p6spy                                    : #1665377284392 | took 0ms | statement | connection 22| url jdbc:h2:mem:6a3784ae-1aa6-4bbf-b617-4d4aeabcc2af
call next value for hibernate_sequence
call next value for hibernate_sequence;
2022-10-10 13:48:04.392  INFO 3923 --- [    Test worker] p6spy                                    : #1665377284392 | took 0ms | statement | connection 22| url jdbc:h2:mem:6a3784ae-1aa6-4bbf-b617-4d4aeabcc2af
call next value for hibernate_sequence
call next value for hibernate_sequence;
2022-10-10 13:48:04.392  INFO 3923 --- [    Test worker] p6spy                                    : #1665377284392 | took 0ms | statement | connection 22| url jdbc:h2:mem:6a3784ae-1aa6-4bbf-b617-4d4aeabcc2af
call next value for hibernate_sequence
call next value for hibernate_sequence;
2022-10-10 13:48:04.392  INFO 3923 --- [    Test worker] p6spy                                    : #1665377284392 | took 0ms | statement | connection 22| url jdbc:h2:mem:6a3784ae-1aa6-4bbf-b617-4d4aeabcc2af
call next value for hibernate_sequence
call next value for hibernate_sequence;
2022-10-10 13:48:04.392  INFO 3923 --- [    Test worker] p6spy                                    : #1665377284392 | took 0ms | statement | connection 22| url jdbc:h2:mem:6a3784ae-1aa6-4bbf-b617-4d4aeabcc2af
call next value for hibernate_sequence
call next value for hibernate_sequence;
2022-10-10 13:48:04.392  INFO 3923 --- [    Test worker] c.j.r.FavoriteSpotQueryRepositoryTest    : favoriteSpot = FavoriteSpot(id=315, count=0)
2022-10-10 13:48:04.392  INFO 3923 --- [    Test worker] c.j.r.FavoriteSpotQueryRepositoryTest    : Spot = capstone.jejuTourrecommend.domain.Spot@5a36810a
2022-10-10 13:48:04.392  INFO 3923 --- [    Test worker] p6spy                                    : #1665377284392 | took 0ms | statement | connection 22| url jdbc:h2:mem:6a3784ae-1aa6-4bbf-b617-4d4aeabcc2af
call next value for hibernate_sequence
call next value for hibernate_sequence;
2022-10-10 13:48:04.392  INFO 3923 --- [    Test worker] p6spy                                    : #1665377284392 | took 0ms | statement | connection 22| url jdbc:h2:mem:6a3784ae-1aa6-4bbf-b617-4d4aeabcc2af
call next value for hibernate_sequence
call next value for hibernate_sequence;
2022-10-10 13:48:04.392  INFO 3923 --- [    Test worker] p6spy                                    : #1665377284392 | took 0ms | statement | connection 22| url jdbc:h2:mem:6a3784ae-1aa6-4bbf-b617-4d4aeabcc2af
call next value for hibernate_sequence
call next value for hibernate_sequence;
2022-10-10 13:48:04.392  INFO 3923 --- [    Test worker] p6spy                                    : #1665377284392 | took 0ms | statement | connection 22| url jdbc:h2:mem:6a3784ae-1aa6-4bbf-b617-4d4aeabcc2af
call next value for hibernate_sequence
call next value for hibernate_sequence;
2022-10-10 13:48:04.392  INFO 3923 --- [    Test worker] p6spy                                    : #1665377284392 | took 0ms | statement | connection 22| url jdbc:h2:mem:6a3784ae-1aa6-4bbf-b617-4d4aeabcc2af
call next value for hibernate_sequence
call next value for hibernate_sequence;
2022-10-10 13:48:04.392  INFO 3923 --- [    Test worker] p6spy                                    : #1665377284392 | took 0ms | statement | connection 22| url jdbc:h2:mem:6a3784ae-1aa6-4bbf-b617-4d4aeabcc2af
call next value for hibernate_sequence
call next value for hibernate_sequence;
2022-10-10 13:48:04.392  INFO 3923 --- [    Test worker] p6spy                                    : #1665377284392 | took 0ms | statement | connection 22| url jdbc:h2:mem:6a3784ae-1aa6-4bbf-b617-4d4aeabcc2af
call next value for hibernate_sequence
call next value for hibernate_sequence;
2022-10-10 13:48:04.392  INFO 3923 --- [    Test worker] p6spy                                    : #1665377284392 | took 0ms | statement | connection 22| url jdbc:h2:mem:6a3784ae-1aa6-4bbf-b617-4d4aeabcc2af
call next value for hibernate_sequence
call next value for hibernate_sequence;
2022-10-10 13:48:04.392  INFO 3923 --- [    Test worker] c.j.r.FavoriteSpotQueryRepositoryTest    : favoriteSpot = FavoriteSpot(id=316, count=0)
2022-10-10 13:48:04.392  INFO 3923 --- [    Test worker] c.j.r.FavoriteSpotQueryRepositoryTest    : Spot = capstone.jejuTourrecommend.domain.Spot@45147221
2022-10-10 13:48:04.392  INFO 3923 --- [    Test worker] p6spy                                    : #1665377284392 | took 0ms | statement | connection 22| url jdbc:h2:mem:6a3784ae-1aa6-4bbf-b617-4d4aeabcc2af
call next value for hibernate_sequence
call next value for hibernate_sequence;
2022-10-10 13:48:04.393  INFO 3923 --- [    Test worker] p6spy                                    : #1665377284393 | took 0ms | statement | connection 22| url jdbc:h2:mem:6a3784ae-1aa6-4bbf-b617-4d4aeabcc2af
call next value for hibernate_sequence
call next value for hibernate_sequence;
2022-10-10 13:48:04.393  INFO 3923 --- [    Test worker] p6spy                                    : #1665377284393 | took 0ms | statement | connection 22| url jdbc:h2:mem:6a3784ae-1aa6-4bbf-b617-4d4aeabcc2af
call next value for hibernate_sequence
call next value for hibernate_sequence;
2022-10-10 13:48:04.393  INFO 3923 --- [    Test worker] p6spy                                    : #1665377284393 | took 0ms | statement | connection 22| url jdbc:h2:mem:6a3784ae-1aa6-4bbf-b617-4d4aeabcc2af
call next value for hibernate_sequence
call next value for hibernate_sequence;
2022-10-10 13:48:04.393  INFO 3923 --- [    Test worker] p6spy                                    : #1665377284393 | took 0ms | statement | connection 22| url jdbc:h2:mem:6a3784ae-1aa6-4bbf-b617-4d4aeabcc2af
call next value for hibernate_sequence
call next value for hibernate_sequence;
2022-10-10 13:48:04.393  INFO 3923 --- [    Test worker] p6spy                                    : #1665377284393 | took 0ms | statement | connection 22| url jdbc:h2:mem:6a3784ae-1aa6-4bbf-b617-4d4aeabcc2af
call next value for hibernate_sequence
call next value for hibernate_sequence;
2022-10-10 13:48:04.393  INFO 3923 --- [    Test worker] p6spy                                    : #1665377284393 | took 0ms | statement | connection 22| url jdbc:h2:mem:6a3784ae-1aa6-4bbf-b617-4d4aeabcc2af
call next value for hibernate_sequence
call next value for hibernate_sequence;
2022-10-10 13:48:04.393  INFO 3923 --- [    Test worker] p6spy                                    : #1665377284393 | took 0ms | statement | connection 22| url jdbc:h2:mem:6a3784ae-1aa6-4bbf-b617-4d4aeabcc2af
call next value for hibernate_sequence
call next value for hibernate_sequence;
2022-10-10 13:48:04.393  INFO 3923 --- [    Test worker] c.j.r.FavoriteSpotQueryRepositoryTest    : favoriteSpot = FavoriteSpot(id=317, count=0)
2022-10-10 13:48:04.393  INFO 3923 --- [    Test worker] c.j.r.FavoriteSpotQueryRepositoryTest    : Spot = capstone.jejuTourrecommend.domain.Spot@36d29faf
2022-10-10 13:48:04.393  INFO 3923 --- [    Test worker] p6spy                                    : #1665377284393 | took 0ms | statement | connection 22| url jdbc:h2:mem:6a3784ae-1aa6-4bbf-b617-4d4aeabcc2af
call next value for hibernate_sequence
call next value for hibernate_sequence;
2022-10-10 13:48:04.393  INFO 3923 --- [    Test worker] p6spy                                    : #1665377284393 | took 0ms | statement | connection 22| url jdbc:h2:mem:6a3784ae-1aa6-4bbf-b617-4d4aeabcc2af
call next value for hibernate_sequence
call next value for hibernate_sequence;
2022-10-10 13:48:04.393  INFO 3923 --- [    Test worker] p6spy                                    : #1665377284393 | took 0ms | statement | connection 22| url jdbc:h2:mem:6a3784ae-1aa6-4bbf-b617-4d4aeabcc2af
call next value for hibernate_sequence
call next value for hibernate_sequence;
2022-10-10 13:48:04.393  INFO 3923 --- [    Test worker] p6spy                                    : #1665377284393 | took 0ms | statement | connection 22| url jdbc:h2:mem:6a3784ae-1aa6-4bbf-b617-4d4aeabcc2af
call next value for hibernate_sequence
call next value for hibernate_sequence;
2022-10-10 13:48:04.393  INFO 3923 --- [    Test worker] p6spy                                    : #1665377284393 | took 0ms | statement | connection 22| url jdbc:h2:mem:6a3784ae-1aa6-4bbf-b617-4d4aeabcc2af
call next value for hibernate_sequence
call next value for hibernate_sequence;
2022-10-10 13:48:04.393  INFO 3923 --- [    Test worker] p6spy                                    : #1665377284393 | took 0ms | statement | connection 22| url jdbc:h2:mem:6a3784ae-1aa6-4bbf-b617-4d4aeabcc2af
call next value for hibernate_sequence
call next value for hibernate_sequence;
2022-10-10 13:48:04.393  INFO 3923 --- [    Test worker] p6spy                                    : #1665377284393 | took 0ms | statement | connection 22| url jdbc:h2:mem:6a3784ae-1aa6-4bbf-b617-4d4aeabcc2af
call next value for hibernate_sequence
call next value for hibernate_sequence;
2022-10-10 13:48:04.393  INFO 3923 --- [    Test worker] p6spy                                    : #1665377284393 | took 0ms | statement | connection 22| url jdbc:h2:mem:6a3784ae-1aa6-4bbf-b617-4d4aeabcc2af
call next value for hibernate_sequence
call next value for hibernate_sequence;
2022-10-10 13:48:04.393  INFO 3923 --- [    Test worker] c.j.r.FavoriteSpotQueryRepositoryTest    : favoriteSpot = FavoriteSpot(id=318, count=0)
2022-10-10 13:48:04.393  INFO 3923 --- [    Test worker] c.j.r.FavoriteSpotQueryRepositoryTest    : Spot = capstone.jejuTourrecommend.domain.Spot@195a0de5
2022-10-10 13:48:04.393  INFO 3923 --- [    Test worker] p6spy                                    : #1665377284393 | took 0ms | statement | connection 22| url jdbc:h2:mem:6a3784ae-1aa6-4bbf-b617-4d4aeabcc2af
call next value for hibernate_sequence
call next value for hibernate_sequence;
2022-10-10 13:48:04.393  INFO 3923 --- [    Test worker] p6spy                                    : #1665377284393 | took 0ms | statement | connection 22| url jdbc:h2:mem:6a3784ae-1aa6-4bbf-b617-4d4aeabcc2af
call next value for hibernate_sequence
call next value for hibernate_sequence;
2022-10-10 13:48:04.393  INFO 3923 --- [    Test worker] p6spy                                    : #1665377284393 | took 0ms | statement | connection 22| url jdbc:h2:mem:6a3784ae-1aa6-4bbf-b617-4d4aeabcc2af
call next value for hibernate_sequence
call next value for hibernate_sequence;
2022-10-10 13:48:04.393  INFO 3923 --- [    Test worker] p6spy                                    : #1665377284393 | took 0ms | statement | connection 22| url jdbc:h2:mem:6a3784ae-1aa6-4bbf-b617-4d4aeabcc2af
call next value for hibernate_sequence
call next value for hibernate_sequence;
2022-10-10 13:48:04.393  INFO 3923 --- [    Test worker] p6spy                                    : #1665377284393 | took 0ms | statement | connection 22| url jdbc:h2:mem:6a3784ae-1aa6-4bbf-b617-4d4aeabcc2af
call next value for hibernate_sequence
call next value for hibernate_sequence;
2022-10-10 13:48:04.393  INFO 3923 --- [    Test worker] p6spy                                    : #1665377284393 | took 0ms | statement | connection 22| url jdbc:h2:mem:6a3784ae-1aa6-4bbf-b617-4d4aeabcc2af
call next value for hibernate_sequence
call next value for hibernate_sequence;
2022-10-10 13:48:04.393  INFO 3923 --- [    Test worker] p6spy                                    : #1665377284393 | took 0ms | statement | connection 22| url jdbc:h2:mem:6a3784ae-1aa6-4bbf-b617-4d4aeabcc2af
call next value for hibernate_sequence
call next value for hibernate_sequence;
2022-10-10 13:48:04.393  INFO 3923 --- [    Test worker] p6spy                                    : #1665377284393 | took 0ms | statement | connection 22| url jdbc:h2:mem:6a3784ae-1aa6-4bbf-b617-4d4aeabcc2af
call next value for hibernate_sequence
call next value for hibernate_sequence;
2022-10-10 13:48:04.393  INFO 3923 --- [    Test worker] c.j.r.FavoriteSpotQueryRepositoryTest    : favoriteSpot = FavoriteSpot(id=319, count=0)
2022-10-10 13:48:04.393  INFO 3923 --- [    Test worker] c.j.r.FavoriteSpotQueryRepositoryTest    : Spot = capstone.jejuTourrecommend.domain.Spot@3b678c5
2022-10-10 13:48:04.393  INFO 3923 --- [    Test worker] p6spy                                    : #1665377284393 | took 0ms | statement | connection 22| url jdbc:h2:mem:6a3784ae-1aa6-4bbf-b617-4d4aeabcc2af
call next value for hibernate_sequence
call next value for hibernate_sequence;
2022-10-10 13:48:04.393  INFO 3923 --- [    Test worker] p6spy                                    : #1665377284393 | took 0ms | statement | connection 22| url jdbc:h2:mem:6a3784ae-1aa6-4bbf-b617-4d4aeabcc2af
call next value for hibernate_sequence
call next value for hibernate_sequence;
2022-10-10 13:48:04.393  INFO 3923 --- [    Test worker] p6spy                                    : #1665377284393 | took 0ms | statement | connection 22| url jdbc:h2:mem:6a3784ae-1aa6-4bbf-b617-4d4aeabcc2af
call next value for hibernate_sequence
call next value for hibernate_sequence;
2022-10-10 13:48:04.393  INFO 3923 --- [    Test worker] p6spy                                    : #1665377284393 | took 0ms | statement | connection 22| url jdbc:h2:mem:6a3784ae-1aa6-4bbf-b617-4d4aeabcc2af
call next value for hibernate_sequence
call next value for hibernate_sequence;
2022-10-10 13:48:04.393  INFO 3923 --- [    Test worker] p6spy                                    : #1665377284393 | took 0ms | statement | connection 22| url jdbc:h2:mem:6a3784ae-1aa6-4bbf-b617-4d4aeabcc2af
call next value for review_seq
call next value for review_seq;
2022-10-10 13:48:04.393  INFO 3923 --- [    Test worker] p6spy                                    : #1665377284393 | took 0ms | statement | connection 22| url jdbc:h2:mem:6a3784ae-1aa6-4bbf-b617-4d4aeabcc2af
call next value for hibernate_sequence
call next value for hibernate_sequence;
2022-10-10 13:48:04.393  INFO 3923 --- [    Test worker] p6spy                                    : #1665377284393 | took 0ms | statement | connection 22| url jdbc:h2:mem:6a3784ae-1aa6-4bbf-b617-4d4aeabcc2af
call next value for hibernate_sequence
call next value for hibernate_sequence;
2022-10-10 13:48:04.393  INFO 3923 --- [    Test worker] p6spy                                    : #1665377284393 | took 0ms | statement | connection 22| url jdbc:h2:mem:6a3784ae-1aa6-4bbf-b617-4d4aeabcc2af
call next value for hibernate_sequence
call next value for hibernate_sequence;
2022-10-10 13:48:04.394  INFO 3923 --- [    Test worker] p6spy                                    : #1665377284394 | took 0ms | statement | connection 22| url jdbc:h2:mem:6a3784ae-1aa6-4bbf-b617-4d4aeabcc2af
call next value for hibernate_sequence
call next value for hibernate_sequence;
2022-10-10 13:48:04.394  INFO 3923 --- [    Test worker] c.j.r.FavoriteSpotQueryRepositoryTest    : favoriteSpot = FavoriteSpot(id=320, count=0)
2022-10-10 13:48:04.394  INFO 3923 --- [    Test worker] c.j.r.FavoriteSpotQueryRepositoryTest    : Spot = capstone.jejuTourrecommend.domain.Spot@1bd15c71
2022-10-10 13:48:04.394  INFO 3923 --- [    Test worker] p6spy                                    : #1665377284394 | took 0ms | statement | connection 22| url jdbc:h2:mem:6a3784ae-1aa6-4bbf-b617-4d4aeabcc2af
call next value for score_seq
call next value for score_seq;
2022-10-10 13:48:04.394  INFO 3923 --- [    Test worker] p6spy                                    : #1665377284394 | took 0ms | statement | connection 22| url jdbc:h2:mem:6a3784ae-1aa6-4bbf-b617-4d4aeabcc2af
call next value for hibernate_sequence
call next value for hibernate_sequence;
2022-10-10 13:48:04.394  INFO 3923 --- [    Test worker] p6spy                                    : #1665377284394 | took 0ms | statement | connection 22| url jdbc:h2:mem:6a3784ae-1aa6-4bbf-b617-4d4aeabcc2af
call next value for hibernate_sequence
call next value for hibernate_sequence;
2022-10-10 13:48:04.394  INFO 3923 --- [    Test worker] p6spy                                    : #1665377284394 | took 0ms | statement | connection 22| url jdbc:h2:mem:6a3784ae-1aa6-4bbf-b617-4d4aeabcc2af
call next value for hibernate_sequence
call next value for hibernate_sequence;
2022-10-10 13:48:04.394  INFO 3923 --- [    Test worker] p6spy                                    : #1665377284394 | took 0ms | statement | connection 22| url jdbc:h2:mem:6a3784ae-1aa6-4bbf-b617-4d4aeabcc2af
call next value for hibernate_sequence
call next value for hibernate_sequence;
2022-10-10 13:48:04.396  INFO 3923 --- [    Test worker] p6spy                                    : #1665377284396 | took 0ms | statement | connection 22| url jdbc:h2:mem:6a3784ae-1aa6-4bbf-b617-4d4aeabcc2af
insert into member (created_date, last_modified_date, created_by, last_modified_by, email, password, refresh_token, role, username, member_id) values (?, ?, ?, ?, ?, ?, ?, ?, ?, ?)
insert into member (created_date, last_modified_date, created_by, last_modified_by, email, password, refresh_token, role, username, member_id) values ('2022-10-10T13:48:04.379+0900', '2022-10-10T13:48:04.379+0900', '52a54e45-bf40-4f1c-809a-a4c2715d5881', '52a54e45-bf40-4f1c-809a-a4c2715d5881', 'member1@gmail.com', '1234', NULL, NULL, 'member1', 12);
2022-10-10 13:48:04.396  INFO 3923 --- [    Test worker] p6spy                                    : #1665377284396 | took 0ms | statement | connection 22| url jdbc:h2:mem:6a3784ae-1aa6-4bbf-b617-4d4aeabcc2af
insert into member (created_date, last_modified_date, created_by, last_modified_by, email, password, refresh_token, role, username, member_id) values (?, ?, ?, ?, ?, ?, ?, ?, ?, ?)
insert into member (created_date, last_modified_date, created_by, last_modified_by, email, password, refresh_token, role, username, member_id) values ('2022-10-10T13:48:04.380+0900', '2022-10-10T13:48:04.380+0900', '00a172ab-dbd8-45ce-a098-394cf0d459ba', '00a172ab-dbd8-45ce-a098-394cf0d459ba', 'member2@naver.com', '2345', NULL, NULL, 'member2', 13);
2022-10-10 13:48:04.396  INFO 3923 --- [    Test worker] p6spy                                    : #1665377284396 | took 0ms | statement | connection 22| url jdbc:h2:mem:6a3784ae-1aa6-4bbf-b617-4d4aeabcc2af
insert into favorite (member_id, name, favorite_id) values (?, ?, ?)
insert into favorite (member_id, name, favorite_id) values (12, '1일차', 36);
2022-10-10 13:48:04.396  INFO 3923 --- [    Test worker] p6spy                                    : #1665377284396 | took 0ms | statement | connection 22| url jdbc:h2:mem:6a3784ae-1aa6-4bbf-b617-4d4aeabcc2af
insert into score (facility_rank, facility_score, price_rank, price_score, rank_average, surround_rank, surround_score, view_rank, view_score, score_id) values (?, ?, ?, ?, ?, ?, ?, ?, ?, ?)
insert into score (facility_rank, facility_score, price_rank, price_score, rank_average, surround_rank, surround_score, view_rank, view_score, score_id) values (4.739746635466417, 3.8919433283312066, 7.2071265046597075, 4.682155683425258, 7.393667079682171, 3.22112677604667, 4.507637233286853, 3.188097217996879, 3.629611246164762, 203);
2022-10-10 13:48:04.396  INFO 3923 --- [    Test worker] p6spy                                    : #1665377284396 | took 0ms | statement | connection 22| url jdbc:h2:mem:6a3784ae-1aa6-4bbf-b617-4d4aeabcc2af
insert into picture (spot_id, url, picture_id) values (?, ?, ?)
insert into picture (spot_id, url, picture_id) values (NULL, 'java.io.StringReader@69886465', 865);
2022-10-10 13:48:04.396  INFO 3923 --- [    Test worker] p6spy                                    : #1665377284396 | took 0ms | statement | connection 22| url jdbc:h2:mem:6a3784ae-1aa6-4bbf-b617-4d4aeabcc2af
insert into picture (spot_id, url, picture_id) values (?, ?, ?)
insert into picture (spot_id, url, picture_id) values (NULL, 'java.io.StringReader@2e7ce7b', 866);
2022-10-10 13:48:04.396  INFO 3923 --- [    Test worker] p6spy                                    : #1665377284396 | took 0ms | statement | connection 22| url jdbc:h2:mem:6a3784ae-1aa6-4bbf-b617-4d4aeabcc2af
insert into picture (spot_id, url, picture_id) values (?, ?, ?)
insert into picture (spot_id, url, picture_id) values (NULL, 'java.io.StringReader@a54164d', 867);
2022-10-10 13:48:04.397  INFO 3923 --- [    Test worker] p6spy                                    : #1665377284397 | took 0ms | statement | connection 22| url jdbc:h2:mem:6a3784ae-1aa6-4bbf-b617-4d4aeabcc2af
insert into spot (address, description, location, name, score_id, spot_id) values (?, ?, ?, ?, ?, ?)
insert into spot (address, description, location, name, score_id, spot_id) values (NULL, NULL, 'Aewol_eup', NULL, 203, 269);
2022-10-10 13:48:04.397  INFO 3923 --- [    Test worker] p6spy                                    : #1665377284397 | took 0ms | statement | connection 22| url jdbc:h2:mem:6a3784ae-1aa6-4bbf-b617-4d4aeabcc2af
insert into member_spot (member_id, score, spot_id, member_spot_id) values (?, ?, ?, ?)
insert into member_spot (member_id, score, spot_id, member_spot_id) values (13, 0.0, 269, 868);
2022-10-10 13:48:04.397  INFO 3923 --- [    Test worker] p6spy                                    : #1665377284397 | took 0ms | statement | connection 22| url jdbc:h2:mem:6a3784ae-1aa6-4bbf-b617-4d4aeabcc2af
insert into review (content, spot_id, review_id) values (?, ?, ?)
insert into review (content, spot_id, review_id) values ('java.io.StringReader@3fddabba', 269, 205);
2022-10-10 13:48:04.397  INFO 3923 --- [    Test worker] p6spy                                    : #1665377284397 | took 0ms | statement | connection 22| url jdbc:h2:mem:6a3784ae-1aa6-4bbf-b617-4d4aeabcc2af
insert into favorite_spot (count, favorite_id, spot_id, favorite_spot_id) values (?, ?, ?, ?)
insert into favorite_spot (count, favorite_id, spot_id, favorite_spot_id) values (0, 36, 269, 271);
2022-10-10 13:48:04.397  INFO 3923 --- [    Test worker] p6spy                                    : #1665377284397 | took 0ms | statement | connection 22| url jdbc:h2:mem:6a3784ae-1aa6-4bbf-b617-4d4aeabcc2af
insert into score (facility_rank, facility_score, price_rank, price_score, rank_average, surround_rank, surround_score, view_rank, view_score, score_id) values (?, ?, ?, ?, ?, ?, ?, ?, ?, ?)
insert into score (facility_rank, facility_score, price_rank, price_score, rank_average, surround_rank, surround_score, view_rank, view_score, score_id) values (7.482582379103816, 2.8181621922551336, 0.6855256787794195, 5.565207596315895, 6.118058265827784, 8.154310860495213, 6.524221602008394, 8.06722227531002, 6.486208261922378, 204);
2022-10-10 13:48:04.397  INFO 3923 --- [    Test worker] p6spy                                    : #1665377284397 | took 0ms | statement | connection 22| url jdbc:h2:mem:6a3784ae-1aa6-4bbf-b617-4d4aeabcc2af
insert into picture (spot_id, url, picture_id) values (?, ?, ?)
insert into picture (spot_id, url, picture_id) values (NULL, 'java.io.StringReader@74134494', 869);
2022-10-10 13:48:04.397  INFO 3923 --- [    Test worker] p6spy                                    : #1665377284397 | took 0ms | statement | connection 22| url jdbc:h2:mem:6a3784ae-1aa6-4bbf-b617-4d4aeabcc2af
insert into picture (spot_id, url, picture_id) values (?, ?, ?)
insert into picture (spot_id, url, picture_id) values (NULL, 'java.io.StringReader@19dfacf7', 870);
2022-10-10 13:48:04.397  INFO 3923 --- [    Test worker] p6spy                                    : #1665377284397 | took 0ms | statement | connection 22| url jdbc:h2:mem:6a3784ae-1aa6-4bbf-b617-4d4aeabcc2af
insert into picture (spot_id, url, picture_id) values (?, ?, ?)
insert into picture (spot_id, url, picture_id) values (NULL, 'java.io.StringReader@17ae2a19', 871);
2022-10-10 13:48:04.397  INFO 3923 --- [    Test worker] p6spy                                    : #1665377284397 | took 0ms | statement | connection 22| url jdbc:h2:mem:6a3784ae-1aa6-4bbf-b617-4d4aeabcc2af
insert into spot (address, description, location, name, score_id, spot_id) values (?, ?, ?, ?, ?, ?)
insert into spot (address, description, location, name, score_id, spot_id) values (NULL, NULL, 'Aewol_eup', NULL, 204, 270);
2022-10-10 13:48:04.397  INFO 3923 --- [    Test worker] p6spy                                    : #1665377284397 | took 0ms | statement | connection 22| url jdbc:h2:mem:6a3784ae-1aa6-4bbf-b617-4d4aeabcc2af
insert into member_spot (member_id, score, spot_id, member_spot_id) values (?, ?, ?, ?)
insert into member_spot (member_id, score, spot_id, member_spot_id) values (13, 0.0, 270, 872);
2022-10-10 13:48:04.397  INFO 3923 --- [    Test worker] p6spy                                    : #1665377284397 | took 0ms | statement | connection 22| url jdbc:h2:mem:6a3784ae-1aa6-4bbf-b617-4d4aeabcc2af
insert into review (content, spot_id, review_id) values (?, ?, ?)
insert into review (content, spot_id, review_id) values ('java.io.StringReader@34d53f54', 269, 206);
2022-10-10 13:48:04.397  INFO 3923 --- [    Test worker] p6spy                                    : #1665377284397 | took 0ms | statement | connection 22| url jdbc:h2:mem:6a3784ae-1aa6-4bbf-b617-4d4aeabcc2af
insert into score (facility_rank, facility_score, price_rank, price_score, rank_average, surround_rank, surround_score, view_rank, view_score, score_id) values (?, ?, ?, ?, ?, ?, ?, ?, ?, ?)
insert into score (facility_rank, facility_score, price_rank, price_score, rank_average, surround_rank, surround_score, view_rank, view_score, score_id) values (9.092771292044766, 6.288487906237283, 7.640832074819598, 6.58995612341879, 8.668402114920523, 8.343212123754794, 9.27566142275963, 0.18380694122307473, 5.301942464703936, 205);
2022-10-10 13:48:04.397  INFO 3923 --- [    Test worker] p6spy                                    : #1665377284397 | took 0ms | statement | connection 22| url jdbc:h2:mem:6a3784ae-1aa6-4bbf-b617-4d4aeabcc2af
insert into picture (spot_id, url, picture_id) values (?, ?, ?)
insert into picture (spot_id, url, picture_id) values (NULL, 'java.io.StringReader@4bc89f86', 873);
2022-10-10 13:48:04.397  INFO 3923 --- [    Test worker] p6spy                                    : #1665377284397 | took 0ms | statement | connection 22| url jdbc:h2:mem:6a3784ae-1aa6-4bbf-b617-4d4aeabcc2af
insert into picture (spot_id, url, picture_id) values (?, ?, ?)
insert into picture (spot_id, url, picture_id) values (NULL, 'java.io.StringReader@6fae8bd4', 874);
2022-10-10 13:48:04.397  INFO 3923 --- [    Test worker] p6spy                                    : #1665377284397 | took 0ms | statement | connection 22| url jdbc:h2:mem:6a3784ae-1aa6-4bbf-b617-4d4aeabcc2af
insert into picture (spot_id, url, picture_id) values (?, ?, ?)
insert into picture (spot_id, url, picture_id) values (NULL, 'java.io.StringReader@31786c4c', 875);
2022-10-10 13:48:04.397  INFO 3923 --- [    Test worker] p6spy                                    : #1665377284397 | took 0ms | statement | connection 22| url jdbc:h2:mem:6a3784ae-1aa6-4bbf-b617-4d4aeabcc2af
insert into spot (address, description, location, name, score_id, spot_id) values (?, ?, ?, ?, ?, ?)
insert into spot (address, description, location, name, score_id, spot_id) values (NULL, NULL, 'Aewol_eup', NULL, 205, 271);
2022-10-10 13:48:04.397  INFO 3923 --- [    Test worker] p6spy                                    : #1665377284397 | took 0ms | statement | connection 22| url jdbc:h2:mem:6a3784ae-1aa6-4bbf-b617-4d4aeabcc2af
insert into member_spot (member_id, score, spot_id, member_spot_id) values (?, ?, ?, ?)
insert into member_spot (member_id, score, spot_id, member_spot_id) values (13, 0.0, 271, 876);
2022-10-10 13:48:04.398  INFO 3923 --- [    Test worker] p6spy                                    : #1665377284398 | took 0ms | statement | connection 22| url jdbc:h2:mem:6a3784ae-1aa6-4bbf-b617-4d4aeabcc2af
insert into review (content, spot_id, review_id) values (?, ?, ?)
insert into review (content, spot_id, review_id) values ('java.io.StringReader@5af33196', 269, 207);
2022-10-10 13:48:04.398  INFO 3923 --- [    Test worker] p6spy                                    : #1665377284398 | took 0ms | statement | connection 22| url jdbc:h2:mem:6a3784ae-1aa6-4bbf-b617-4d4aeabcc2af
insert into favorite_spot (count, favorite_id, spot_id, favorite_spot_id) values (?, ?, ?, ?)
insert into favorite_spot (count, favorite_id, spot_id, favorite_spot_id) values (0, 36, 271, 272);
2022-10-10 13:48:04.398  INFO 3923 --- [    Test worker] p6spy                                    : #1665377284398 | took 0ms | statement | connection 22| url jdbc:h2:mem:6a3784ae-1aa6-4bbf-b617-4d4aeabcc2af
insert into score (facility_rank, facility_score, price_rank, price_score, rank_average, surround_rank, surround_score, view_rank, view_score, score_id) values (?, ?, ?, ?, ?, ?, ?, ?, ?, ?)
insert into score (facility_rank, facility_score, price_rank, price_score, rank_average, surround_rank, surround_score, view_rank, view_score, score_id) values (1.1637446226129033, 6.066725498290043, 9.652462050240944, 8.579350250275816, 8.326564791898276, 2.011799362842405, 5.769635409173059, 3.0321753873152524, 9.178109160122194, 206);
2022-10-10 13:48:04.398  INFO 3923 --- [    Test worker] p6spy                                    : #1665377284398 | took 0ms | statement | connection 22| url jdbc:h2:mem:6a3784ae-1aa6-4bbf-b617-4d4aeabcc2af
insert into picture (spot_id, url, picture_id) values (?, ?, ?)
insert into picture (spot_id, url, picture_id) values (NULL, 'java.io.StringReader@7e1716c2', 877);
2022-10-10 13:48:04.398  INFO 3923 --- [    Test worker] p6spy                                    : #1665377284398 | took 0ms | statement | connection 22| url jdbc:h2:mem:6a3784ae-1aa6-4bbf-b617-4d4aeabcc2af
insert into picture (spot_id, url, picture_id) values (?, ?, ?)
insert into picture (spot_id, url, picture_id) values (NULL, 'java.io.StringReader@3ed545ab', 878);
2022-10-10 13:48:04.398  INFO 3923 --- [    Test worker] p6spy                                    : #1665377284398 | took 0ms | statement | connection 22| url jdbc:h2:mem:6a3784ae-1aa6-4bbf-b617-4d4aeabcc2af
insert into picture (spot_id, url, picture_id) values (?, ?, ?)
insert into picture (spot_id, url, picture_id) values (NULL, 'java.io.StringReader@444379eb', 879);
2022-10-10 13:48:04.398  INFO 3923 --- [    Test worker] p6spy                                    : #1665377284398 | took 0ms | statement | connection 22| url jdbc:h2:mem:6a3784ae-1aa6-4bbf-b617-4d4aeabcc2af
insert into spot (address, description, location, name, score_id, spot_id) values (?, ?, ?, ?, ?, ?)
insert into spot (address, description, location, name, score_id, spot_id) values (NULL, NULL, 'Aewol_eup', NULL, 206, 272);
2022-10-10 13:48:04.398  INFO 3923 --- [    Test worker] p6spy                                    : #1665377284398 | took 0ms | statement | connection 22| url jdbc:h2:mem:6a3784ae-1aa6-4bbf-b617-4d4aeabcc2af
insert into member_spot (member_id, score, spot_id, member_spot_id) values (?, ?, ?, ?)
insert into member_spot (member_id, score, spot_id, member_spot_id) values (13, 0.0, 272, 880);
2022-10-10 13:48:04.398  INFO 3923 --- [    Test worker] p6spy                                    : #1665377284398 | took 0ms | statement | connection 22| url jdbc:h2:mem:6a3784ae-1aa6-4bbf-b617-4d4aeabcc2af
insert into review (content, spot_id, review_id) values (?, ?, ?)
insert into review (content, spot_id, review_id) values ('java.io.StringReader@667333f0', 269, 208);
2022-10-10 13:48:04.398  INFO 3923 --- [    Test worker] p6spy                                    : #1665377284398 | took 0ms | statement | connection 22| url jdbc:h2:mem:6a3784ae-1aa6-4bbf-b617-4d4aeabcc2af
insert into score (facility_rank, facility_score, price_rank, price_score, rank_average, surround_rank, surround_score, view_rank, view_score, score_id) values (?, ?, ?, ?, ?, ?, ?, ?, ?, ?)
insert into score (facility_rank, facility_score, price_rank, price_score, rank_average, surround_rank, surround_score, view_rank, view_score, score_id) values (2.3646671267982047, 0.6053211967782246, 6.836308235990188, 9.147736678487012, 4.493447757200539, 5.11007389513784, 6.369183512304446, 0.612577477068379, 8.126995165842954, 207);
2022-10-10 13:48:04.398  INFO 3923 --- [    Test worker] p6spy                                    : #1665377284398 | took 0ms | statement | connection 22| url jdbc:h2:mem:6a3784ae-1aa6-4bbf-b617-4d4aeabcc2af
insert into picture (spot_id, url, picture_id) values (?, ?, ?)
insert into picture (spot_id, url, picture_id) values (NULL, 'java.io.StringReader@75610768', 881);
2022-10-10 13:48:04.398  INFO 3923 --- [    Test worker] p6spy                                    : #1665377284398 | took 0ms | statement | connection 22| url jdbc:h2:mem:6a3784ae-1aa6-4bbf-b617-4d4aeabcc2af
insert into picture (spot_id, url, picture_id) values (?, ?, ?)
insert into picture (spot_id, url, picture_id) values (NULL, 'java.io.StringReader@6f1499f0', 882);
2022-10-10 13:48:04.398  INFO 3923 --- [    Test worker] p6spy                                    : #1665377284398 | took 0ms | statement | connection 22| url jdbc:h2:mem:6a3784ae-1aa6-4bbf-b617-4d4aeabcc2af
insert into picture (spot_id, url, picture_id) values (?, ?, ?)
insert into picture (spot_id, url, picture_id) values (NULL, 'java.io.StringReader@173de441', 883);
2022-10-10 13:48:04.398  INFO 3923 --- [    Test worker] p6spy                                    : #1665377284398 | took 0ms | statement | connection 22| url jdbc:h2:mem:6a3784ae-1aa6-4bbf-b617-4d4aeabcc2af
insert into spot (address, description, location, name, score_id, spot_id) values (?, ?, ?, ?, ?, ?)
insert into spot (address, description, location, name, score_id, spot_id) values (NULL, NULL, 'Aewol_eup', NULL, 207, 273);
2022-10-10 13:48:04.398  INFO 3923 --- [    Test worker] p6spy                                    : #1665377284398 | took 0ms | statement | connection 22| url jdbc:h2:mem:6a3784ae-1aa6-4bbf-b617-4d4aeabcc2af
insert into member_spot (member_id, score, spot_id, member_spot_id) values (?, ?, ?, ?)
insert into member_spot (member_id, score, spot_id, member_spot_id) values (13, 0.0, 273, 884);
2022-10-10 13:48:04.398  INFO 3923 --- [    Test worker] p6spy                                    : #1665377284398 | took 0ms | statement | connection 22| url jdbc:h2:mem:6a3784ae-1aa6-4bbf-b617-4d4aeabcc2af
insert into review (content, spot_id, review_id) values (?, ?, ?)
insert into review (content, spot_id, review_id) values ('java.io.StringReader@6e0ef532', 269, 209);
2022-10-10 13:48:04.398  INFO 3923 --- [    Test worker] p6spy                                    : #1665377284398 | took 0ms | statement | connection 22| url jdbc:h2:mem:6a3784ae-1aa6-4bbf-b617-4d4aeabcc2af
insert into favorite_spot (count, favorite_id, spot_id, favorite_spot_id) values (?, ?, ?, ?)
insert into favorite_spot (count, favorite_id, spot_id, favorite_spot_id) values (0, 36, 273, 273);
2022-10-10 13:48:04.398  INFO 3923 --- [    Test worker] p6spy                                    : #1665377284398 | took 0ms | statement | connection 22| url jdbc:h2:mem:6a3784ae-1aa6-4bbf-b617-4d4aeabcc2af
insert into score (facility_rank, facility_score, price_rank, price_score, rank_average, surround_rank, surround_score, view_rank, view_score, score_id) values (?, ?, ?, ?, ?, ?, ?, ?, ?, ?)
insert into score (facility_rank, facility_score, price_rank, price_score, rank_average, surround_rank, surround_score, view_rank, view_score, score_id) values (9.890611394147266, 9.953226586064503, 3.4651892453412336, 8.296735015907627, 8.555993064139058, 7.391058978542086, 9.791467754147924, 0.23894467922018325, 4.731612176088412, 208);
2022-10-10 13:48:04.398  INFO 3923 --- [    Test worker] p6spy                                    : #1665377284398 | took 0ms | statement | connection 22| url jdbc:h2:mem:6a3784ae-1aa6-4bbf-b617-4d4aeabcc2af
insert into picture (spot_id, url, picture_id) values (?, ?, ?)
insert into picture (spot_id, url, picture_id) values (NULL, 'java.io.StringReader@532f5c5d', 885);
2022-10-10 13:48:04.398  INFO 3923 --- [    Test worker] p6spy                                    : #1665377284398 | took 0ms | statement | connection 22| url jdbc:h2:mem:6a3784ae-1aa6-4bbf-b617-4d4aeabcc2af
insert into picture (spot_id, url, picture_id) values (?, ?, ?)
insert into picture (spot_id, url, picture_id) values (NULL, 'java.io.StringReader@77052a58', 886);
2022-10-10 13:48:04.398  INFO 3923 --- [    Test worker] p6spy                                    : #1665377284398 | took 0ms | statement | connection 22| url jdbc:h2:mem:6a3784ae-1aa6-4bbf-b617-4d4aeabcc2af
insert into picture (spot_id, url, picture_id) values (?, ?, ?)
insert into picture (spot_id, url, picture_id) values (NULL, 'java.io.StringReader@45f53ff6', 887);
2022-10-10 13:48:04.398  INFO 3923 --- [    Test worker] p6spy                                    : #1665377284398 | took 0ms | statement | connection 22| url jdbc:h2:mem:6a3784ae-1aa6-4bbf-b617-4d4aeabcc2af
insert into spot (address, description, location, name, score_id, spot_id) values (?, ?, ?, ?, ?, ?)
insert into spot (address, description, location, name, score_id, spot_id) values (NULL, NULL, 'Aewol_eup', NULL, 208, 274);
2022-10-10 13:48:04.398  INFO 3923 --- [    Test worker] p6spy                                    : #1665377284398 | took 0ms | statement | connection 22| url jdbc:h2:mem:6a3784ae-1aa6-4bbf-b617-4d4aeabcc2af
insert into member_spot (member_id, score, spot_id, member_spot_id) values (?, ?, ?, ?)
insert into member_spot (member_id, score, spot_id, member_spot_id) values (13, 0.0, 274, 888);
2022-10-10 13:48:04.398  INFO 3923 --- [    Test worker] p6spy                                    : #1665377284398 | took 0ms | statement | connection 22| url jdbc:h2:mem:6a3784ae-1aa6-4bbf-b617-4d4aeabcc2af
insert into review (content, spot_id, review_id) values (?, ?, ?)
insert into review (content, spot_id, review_id) values ('java.io.StringReader@44ebf052', 269, 210);
2022-10-10 13:48:04.398  INFO 3923 --- [    Test worker] p6spy                                    : #1665377284398 | took 0ms | statement | connection 22| url jdbc:h2:mem:6a3784ae-1aa6-4bbf-b617-4d4aeabcc2af
insert into score (facility_rank, facility_score, price_rank, price_score, rank_average, surround_rank, surround_score, view_rank, view_score, score_id) values (?, ?, ?, ?, ?, ?, ?, ?, ?, ?)
insert into score (facility_rank, facility_score, price_rank, price_score, rank_average, surround_rank, surround_score, view_rank, view_score, score_id) values (4.547847462558692, 3.31283643857198, 0.6303308540705566, 6.085087872517493, 0.1503517735439508, 8.44581661560539, 2.5746425728655806, 0.22537846986606214, 4.662450494142297, 209);
2022-10-10 13:48:04.399  INFO 3923 --- [    Test worker] p6spy                                    : #1665377284399 | took 0ms | statement | connection 22| url jdbc:h2:mem:6a3784ae-1aa6-4bbf-b617-4d4aeabcc2af
insert into picture (spot_id, url, picture_id) values (?, ?, ?)
insert into picture (spot_id, url, picture_id) values (NULL, 'java.io.StringReader@9afefea', 889);
2022-10-10 13:48:04.399  INFO 3923 --- [    Test worker] p6spy                                    : #1665377284399 | took 0ms | statement | connection 22| url jdbc:h2:mem:6a3784ae-1aa6-4bbf-b617-4d4aeabcc2af
insert into picture (spot_id, url, picture_id) values (?, ?, ?)
insert into picture (spot_id, url, picture_id) values (NULL, 'java.io.StringReader@3dc4e185', 890);
2022-10-10 13:48:04.399  INFO 3923 --- [    Test worker] p6spy                                    : #1665377284399 | took 0ms | statement | connection 22| url jdbc:h2:mem:6a3784ae-1aa6-4bbf-b617-4d4aeabcc2af
insert into picture (spot_id, url, picture_id) values (?, ?, ?)
insert into picture (spot_id, url, picture_id) values (NULL, 'java.io.StringReader@7c9055e6', 891);
2022-10-10 13:48:04.399  INFO 3923 --- [    Test worker] p6spy                                    : #1665377284399 | took 0ms | statement | connection 22| url jdbc:h2:mem:6a3784ae-1aa6-4bbf-b617-4d4aeabcc2af
insert into spot (address, description, location, name, score_id, spot_id) values (?, ?, ?, ?, ?, ?)
insert into spot (address, description, location, name, score_id, spot_id) values (NULL, NULL, 'Aewol_eup', NULL, 209, 275);
2022-10-10 13:48:04.399  INFO 3923 --- [    Test worker] p6spy                                    : #1665377284399 | took 0ms | statement | connection 22| url jdbc:h2:mem:6a3784ae-1aa6-4bbf-b617-4d4aeabcc2af
insert into member_spot (member_id, score, spot_id, member_spot_id) values (?, ?, ?, ?)
insert into member_spot (member_id, score, spot_id, member_spot_id) values (13, 0.0, 275, 892);
2022-10-10 13:48:04.399  INFO 3923 --- [    Test worker] p6spy                                    : #1665377284399 | took 0ms | statement | connection 22| url jdbc:h2:mem:6a3784ae-1aa6-4bbf-b617-4d4aeabcc2af
insert into review (content, spot_id, review_id) values (?, ?, ?)
insert into review (content, spot_id, review_id) values ('java.io.StringReader@6b4773ff', 269, 211);
2022-10-10 13:48:04.399  INFO 3923 --- [    Test worker] p6spy                                    : #1665377284399 | took 0ms | statement | connection 22| url jdbc:h2:mem:6a3784ae-1aa6-4bbf-b617-4d4aeabcc2af
insert into favorite_spot (count, favorite_id, spot_id, favorite_spot_id) values (?, ?, ?, ?)
insert into favorite_spot (count, favorite_id, spot_id, favorite_spot_id) values (0, 36, 275, 274);
2022-10-10 13:48:04.399  INFO 3923 --- [    Test worker] p6spy                                    : #1665377284399 | took 0ms | statement | connection 22| url jdbc:h2:mem:6a3784ae-1aa6-4bbf-b617-4d4aeabcc2af
insert into score (facility_rank, facility_score, price_rank, price_score, rank_average, surround_rank, surround_score, view_rank, view_score, score_id) values (?, ?, ?, ?, ?, ?, ?, ?, ?, ?)
insert into score (facility_rank, facility_score, price_rank, price_score, rank_average, surround_rank, surround_score, view_rank, view_score, score_id) values (7.953120255973945, 8.291776000419022, 9.42055756094158, 1.1219262855656065, 5.402883734033207, 2.9246501355533674, 3.497073350354035, 6.270122921666389, 3.531567965350634, 210);
2022-10-10 13:48:04.399  INFO 3923 --- [    Test worker] p6spy                                    : #1665377284399 | took 0ms | statement | connection 22| url jdbc:h2:mem:6a3784ae-1aa6-4bbf-b617-4d4aeabcc2af
insert into picture (spot_id, url, picture_id) values (?, ?, ?)
insert into picture (spot_id, url, picture_id) values (NULL, 'java.io.StringReader@42e71f6c', 893);
2022-10-10 13:48:04.399  INFO 3923 --- [    Test worker] p6spy                                    : #1665377284399 | took 0ms | statement | connection 22| url jdbc:h2:mem:6a3784ae-1aa6-4bbf-b617-4d4aeabcc2af
insert into picture (spot_id, url, picture_id) values (?, ?, ?)
insert into picture (spot_id, url, picture_id) values (NULL, 'java.io.StringReader@44eebd9f', 894);
2022-10-10 13:48:04.399  INFO 3923 --- [    Test worker] p6spy                                    : #1665377284399 | took 0ms | statement | connection 22| url jdbc:h2:mem:6a3784ae-1aa6-4bbf-b617-4d4aeabcc2af
insert into picture (spot_id, url, picture_id) values (?, ?, ?)
insert into picture (spot_id, url, picture_id) values (NULL, 'java.io.StringReader@64a82b3c', 895);
2022-10-10 13:48:04.399  INFO 3923 --- [    Test worker] p6spy                                    : #1665377284399 | took 0ms | statement | connection 22| url jdbc:h2:mem:6a3784ae-1aa6-4bbf-b617-4d4aeabcc2af
insert into spot (address, description, location, name, score_id, spot_id) values (?, ?, ?, ?, ?, ?)
insert into spot (address, description, location, name, score_id, spot_id) values (NULL, NULL, 'Aewol_eup', NULL, 210, 276);
2022-10-10 13:48:04.399  INFO 3923 --- [    Test worker] p6spy                                    : #1665377284399 | took 0ms | statement | connection 22| url jdbc:h2:mem:6a3784ae-1aa6-4bbf-b617-4d4aeabcc2af
insert into member_spot (member_id, score, spot_id, member_spot_id) values (?, ?, ?, ?)
insert into member_spot (member_id, score, spot_id, member_spot_id) values (13, 0.0, 276, 896);
2022-10-10 13:48:04.399  INFO 3923 --- [    Test worker] p6spy                                    : #1665377284399 | took 0ms | statement | connection 22| url jdbc:h2:mem:6a3784ae-1aa6-4bbf-b617-4d4aeabcc2af
insert into review (content, spot_id, review_id) values (?, ?, ?)
insert into review (content, spot_id, review_id) values ('java.io.StringReader@3e2a2f7a', 269, 212);
2022-10-10 13:48:04.399  INFO 3923 --- [    Test worker] p6spy                                    : #1665377284399 | took 0ms | statement | connection 22| url jdbc:h2:mem:6a3784ae-1aa6-4bbf-b617-4d4aeabcc2af
insert into score (facility_rank, facility_score, price_rank, price_score, rank_average, surround_rank, surround_score, view_rank, view_score, score_id) values (?, ?, ?, ?, ?, ?, ?, ?, ?, ?)
insert into score (facility_rank, facility_score, price_rank, price_score, rank_average, surround_rank, surround_score, view_rank, view_score, score_id) values (9.485256381600339, 4.947675430447161, 0.6831747195329996, 1.0376696385444373, 7.201064474040406, 4.472167730447612, 9.69843764575572, 8.453520447767207, 8.026210426756343, 211);
2022-10-10 13:48:04.399  INFO 3923 --- [    Test worker] p6spy                                    : #1665377284399 | took 0ms | statement | connection 22| url jdbc:h2:mem:6a3784ae-1aa6-4bbf-b617-4d4aeabcc2af
insert into picture (spot_id, url, picture_id) values (?, ?, ?)
insert into picture (spot_id, url, picture_id) values (NULL, 'java.io.StringReader@6a907765', 897);
2022-10-10 13:48:04.399  INFO 3923 --- [    Test worker] p6spy                                    : #1665377284399 | took 0ms | statement | connection 22| url jdbc:h2:mem:6a3784ae-1aa6-4bbf-b617-4d4aeabcc2af
insert into picture (spot_id, url, picture_id) values (?, ?, ?)
insert into picture (spot_id, url, picture_id) values (NULL, 'java.io.StringReader@31102e84', 898);
2022-10-10 13:48:04.399  INFO 3923 --- [    Test worker] p6spy                                    : #1665377284399 | took 0ms | statement | connection 22| url jdbc:h2:mem:6a3784ae-1aa6-4bbf-b617-4d4aeabcc2af
insert into picture (spot_id, url, picture_id) values (?, ?, ?)
insert into picture (spot_id, url, picture_id) values (NULL, 'java.io.StringReader@16d1f77d', 899);
2022-10-10 13:48:04.399  INFO 3923 --- [    Test worker] p6spy                                    : #1665377284399 | took 0ms | statement | connection 22| url jdbc:h2:mem:6a3784ae-1aa6-4bbf-b617-4d4aeabcc2af
insert into spot (address, description, location, name, score_id, spot_id) values (?, ?, ?, ?, ?, ?)
insert into spot (address, description, location, name, score_id, spot_id) values (NULL, NULL, 'Aewol_eup', NULL, 211, 277);
2022-10-10 13:48:04.399  INFO 3923 --- [    Test worker] p6spy                                    : #1665377284399 | took 0ms | statement | connection 22| url jdbc:h2:mem:6a3784ae-1aa6-4bbf-b617-4d4aeabcc2af
insert into member_spot (member_id, score, spot_id, member_spot_id) values (?, ?, ?, ?)
insert into member_spot (member_id, score, spot_id, member_spot_id) values (13, 0.0, 277, 900);
2022-10-10 13:48:04.399  INFO 3923 --- [    Test worker] p6spy                                    : #1665377284399 | took 0ms | statement | connection 22| url jdbc:h2:mem:6a3784ae-1aa6-4bbf-b617-4d4aeabcc2af
insert into review (content, spot_id, review_id) values (?, ?, ?)
insert into review (content, spot_id, review_id) values ('java.io.StringReader@19a78a4f', 269, 213);
2022-10-10 13:48:04.399  INFO 3923 --- [    Test worker] p6spy                                    : #1665377284399 | took 0ms | statement | connection 22| url jdbc:h2:mem:6a3784ae-1aa6-4bbf-b617-4d4aeabcc2af
insert into favorite_spot (count, favorite_id, spot_id, favorite_spot_id) values (?, ?, ?, ?)
insert into favorite_spot (count, favorite_id, spot_id, favorite_spot_id) values (0, 36, 277, 275);
2022-10-10 13:48:04.399  INFO 3923 --- [    Test worker] p6spy                                    : #1665377284399 | took 0ms | statement | connection 22| url jdbc:h2:mem:6a3784ae-1aa6-4bbf-b617-4d4aeabcc2af
insert into score (facility_rank, facility_score, price_rank, price_score, rank_average, surround_rank, surround_score, view_rank, view_score, score_id) values (?, ?, ?, ?, ?, ?, ?, ?, ?, ?)
insert into score (facility_rank, facility_score, price_rank, price_score, rank_average, surround_rank, surround_score, view_rank, view_score, score_id) values (0.34967255759172367, 8.611132687529757, 1.737407132341271, 4.523538739990613, 7.437909243736302, 9.891494483231684, 9.117996717424736, 4.080684366266855, 3.100145307375044, 212);
2022-10-10 13:48:04.399  INFO 3923 --- [    Test worker] p6spy                                    : #1665377284399 | took 0ms | statement | connection 22| url jdbc:h2:mem:6a3784ae-1aa6-4bbf-b617-4d4aeabcc2af
insert into picture (spot_id, url, picture_id) values (?, ?, ?)
insert into picture (spot_id, url, picture_id) values (NULL, 'java.io.StringReader@5e4003b0', 901);
2022-10-10 13:48:04.399  INFO 3923 --- [    Test worker] p6spy                                    : #1665377284399 | took 0ms | statement | connection 22| url jdbc:h2:mem:6a3784ae-1aa6-4bbf-b617-4d4aeabcc2af
insert into picture (spot_id, url, picture_id) values (?, ?, ?)
insert into picture (spot_id, url, picture_id) values (NULL, 'java.io.StringReader@46b7b94b', 902);
2022-10-10 13:48:04.399  INFO 3923 --- [    Test worker] p6spy                                    : #1665377284399 | took 0ms | statement | connection 22| url jdbc:h2:mem:6a3784ae-1aa6-4bbf-b617-4d4aeabcc2af
insert into picture (spot_id, url, picture_id) values (?, ?, ?)
insert into picture (spot_id, url, picture_id) values (NULL, 'java.io.StringReader@2aed0f50', 903);
2022-10-10 13:48:04.400  INFO 3923 --- [    Test worker] p6spy                                    : #1665377284400 | took 0ms | statement | connection 22| url jdbc:h2:mem:6a3784ae-1aa6-4bbf-b617-4d4aeabcc2af
insert into spot (address, description, location, name, score_id, spot_id) values (?, ?, ?, ?, ?, ?)
insert into spot (address, description, location, name, score_id, spot_id) values (NULL, NULL, 'Aewol_eup', NULL, 212, 278);
2022-10-10 13:48:04.400  INFO 3923 --- [    Test worker] p6spy                                    : #1665377284400 | took 0ms | statement | connection 22| url jdbc:h2:mem:6a3784ae-1aa6-4bbf-b617-4d4aeabcc2af
insert into member_spot (member_id, score, spot_id, member_spot_id) values (?, ?, ?, ?)
insert into member_spot (member_id, score, spot_id, member_spot_id) values (13, 0.0, 278, 904);
2022-10-10 13:48:04.400  INFO 3923 --- [    Test worker] p6spy                                    : #1665377284400 | took 0ms | statement | connection 22| url jdbc:h2:mem:6a3784ae-1aa6-4bbf-b617-4d4aeabcc2af
insert into review (content, spot_id, review_id) values (?, ?, ?)
insert into review (content, spot_id, review_id) values ('java.io.StringReader@e8c973', 269, 214);
2022-10-10 13:48:04.400  INFO 3923 --- [    Test worker] p6spy                                    : #1665377284400 | took 0ms | statement | connection 22| url jdbc:h2:mem:6a3784ae-1aa6-4bbf-b617-4d4aeabcc2af
insert into score (facility_rank, facility_score, price_rank, price_score, rank_average, surround_rank, surround_score, view_rank, view_score, score_id) values (?, ?, ?, ?, ?, ?, ?, ?, ?, ?)
insert into score (facility_rank, facility_score, price_rank, price_score, rank_average, surround_rank, surround_score, view_rank, view_score, score_id) values (8.16099990341916, 8.667611334375781, 3.906242692851123, 4.328366236877452, 5.193303116421177, 4.5328084918595035, 1.1943997494218639, 6.4799724131621215, 6.0951863878460175, 213);
2022-10-10 13:48:04.400  INFO 3923 --- [    Test worker] p6spy                                    : #1665377284400 | took 0ms | statement | connection 22| url jdbc:h2:mem:6a3784ae-1aa6-4bbf-b617-4d4aeabcc2af
insert into picture (spot_id, url, picture_id) values (?, ?, ?)
insert into picture (spot_id, url, picture_id) values (NULL, 'java.io.StringReader@396e358b', 905);
2022-10-10 13:48:04.400  INFO 3923 --- [    Test worker] p6spy                                    : #1665377284400 | took 0ms | statement | connection 22| url jdbc:h2:mem:6a3784ae-1aa6-4bbf-b617-4d4aeabcc2af
insert into picture (spot_id, url, picture_id) values (?, ?, ?)
insert into picture (spot_id, url, picture_id) values (NULL, 'java.io.StringReader@5ab991ad', 906);
2022-10-10 13:48:04.400  INFO 3923 --- [    Test worker] p6spy                                    : #1665377284400 | took 0ms | statement | connection 22| url jdbc:h2:mem:6a3784ae-1aa6-4bbf-b617-4d4aeabcc2af
insert into picture (spot_id, url, picture_id) values (?, ?, ?)
insert into picture (spot_id, url, picture_id) values (NULL, 'java.io.StringReader@599293c8', 907);
2022-10-10 13:48:04.400  INFO 3923 --- [    Test worker] p6spy                                    : #1665377284400 | took 0ms | statement | connection 22| url jdbc:h2:mem:6a3784ae-1aa6-4bbf-b617-4d4aeabcc2af
insert into spot (address, description, location, name, score_id, spot_id) values (?, ?, ?, ?, ?, ?)
insert into spot (address, description, location, name, score_id, spot_id) values (NULL, NULL, 'Aewol_eup', NULL, 213, 279);
2022-10-10 13:48:04.400  INFO 3923 --- [    Test worker] p6spy                                    : #1665377284400 | took 0ms | statement | connection 22| url jdbc:h2:mem:6a3784ae-1aa6-4bbf-b617-4d4aeabcc2af
insert into member_spot (member_id, score, spot_id, member_spot_id) values (?, ?, ?, ?)
insert into member_spot (member_id, score, spot_id, member_spot_id) values (13, 0.0, 279, 908);
2022-10-10 13:48:04.400  INFO 3923 --- [    Test worker] p6spy                                    : #1665377284400 | took 0ms | statement | connection 22| url jdbc:h2:mem:6a3784ae-1aa6-4bbf-b617-4d4aeabcc2af
insert into review (content, spot_id, review_id) values (?, ?, ?)
insert into review (content, spot_id, review_id) values ('java.io.StringReader@61db65ae', 269, 215);
2022-10-10 13:48:04.400  INFO 3923 --- [    Test worker] p6spy                                    : #1665377284400 | took 0ms | statement | connection 22| url jdbc:h2:mem:6a3784ae-1aa6-4bbf-b617-4d4aeabcc2af
insert into favorite_spot (count, favorite_id, spot_id, favorite_spot_id) values (?, ?, ?, ?)
insert into favorite_spot (count, favorite_id, spot_id, favorite_spot_id) values (0, 36, 279, 276);
2022-10-10 13:48:04.400  INFO 3923 --- [    Test worker] p6spy                                    : #1665377284400 | took 0ms | statement | connection 22| url jdbc:h2:mem:6a3784ae-1aa6-4bbf-b617-4d4aeabcc2af
insert into score (facility_rank, facility_score, price_rank, price_score, rank_average, surround_rank, surround_score, view_rank, view_score, score_id) values (?, ?, ?, ?, ?, ?, ?, ?, ?, ?)
insert into score (facility_rank, facility_score, price_rank, price_score, rank_average, surround_rank, surround_score, view_rank, view_score, score_id) values (9.42713053066131, 7.668987728961849, 6.741893111753308, 6.899075981657531, 5.121774978827096, 0.26849129404340255, 9.430561543428514, 4.350279203637388, 5.266769112524711, 214);
2022-10-10 13:48:04.400  INFO 3923 --- [    Test worker] p6spy                                    : #1665377284400 | took 0ms | statement | connection 22| url jdbc:h2:mem:6a3784ae-1aa6-4bbf-b617-4d4aeabcc2af
insert into picture (spot_id, url, picture_id) values (?, ?, ?)
insert into picture (spot_id, url, picture_id) values (NULL, 'java.io.StringReader@5eeb3c53', 909);
2022-10-10 13:48:04.400  INFO 3923 --- [    Test worker] p6spy                                    : #1665377284400 | took 0ms | statement | connection 22| url jdbc:h2:mem:6a3784ae-1aa6-4bbf-b617-4d4aeabcc2af
insert into picture (spot_id, url, picture_id) values (?, ?, ?)
insert into picture (spot_id, url, picture_id) values (NULL, 'java.io.StringReader@2a157329', 910);
2022-10-10 13:48:04.400  INFO 3923 --- [    Test worker] p6spy                                    : #1665377284400 | took 0ms | statement | connection 22| url jdbc:h2:mem:6a3784ae-1aa6-4bbf-b617-4d4aeabcc2af
insert into picture (spot_id, url, picture_id) values (?, ?, ?)
insert into picture (spot_id, url, picture_id) values (NULL, 'java.io.StringReader@1d932614', 911);
2022-10-10 13:48:04.400  INFO 3923 --- [    Test worker] p6spy                                    : #1665377284400 | took 0ms | statement | connection 22| url jdbc:h2:mem:6a3784ae-1aa6-4bbf-b617-4d4aeabcc2af
insert into spot (address, description, location, name, score_id, spot_id) values (?, ?, ?, ?, ?, ?)
insert into spot (address, description, location, name, score_id, spot_id) values (NULL, NULL, 'Aewol_eup', NULL, 214, 280);
2022-10-10 13:48:04.400  INFO 3923 --- [    Test worker] p6spy                                    : #1665377284400 | took 0ms | statement | connection 22| url jdbc:h2:mem:6a3784ae-1aa6-4bbf-b617-4d4aeabcc2af
insert into member_spot (member_id, score, spot_id, member_spot_id) values (?, ?, ?, ?)
insert into member_spot (member_id, score, spot_id, member_spot_id) values (13, 0.0, 280, 912);
2022-10-10 13:48:04.400  INFO 3923 --- [    Test worker] p6spy                                    : #1665377284400 | took 0ms | statement | connection 22| url jdbc:h2:mem:6a3784ae-1aa6-4bbf-b617-4d4aeabcc2af
insert into review (content, spot_id, review_id) values (?, ?, ?)
insert into review (content, spot_id, review_id) values ('java.io.StringReader@48d74bb4', 269, 216);
2022-10-10 13:48:04.400  INFO 3923 --- [    Test worker] p6spy                                    : #1665377284400 | took 0ms | statement | connection 22| url jdbc:h2:mem:6a3784ae-1aa6-4bbf-b617-4d4aeabcc2af
insert into score (facility_rank, facility_score, price_rank, price_score, rank_average, surround_rank, surround_score, view_rank, view_score, score_id) values (?, ?, ?, ?, ?, ?, ?, ?, ?, ?)
insert into score (facility_rank, facility_score, price_rank, price_score, rank_average, surround_rank, surround_score, view_rank, view_score, score_id) values (7.42923254854836, 9.626707708979254, 4.912676362845866, 3.41640740716067, 5.962281400769074, 9.965964232851675, 9.188392854624182, 7.268995226919768, 1.405378000641515, 215);
2022-10-10 13:48:04.400  INFO 3923 --- [    Test worker] p6spy                                    : #1665377284400 | took 0ms | statement | connection 22| url jdbc:h2:mem:6a3784ae-1aa6-4bbf-b617-4d4aeabcc2af
insert into picture (spot_id, url, picture_id) values (?, ?, ?)
insert into picture (spot_id, url, picture_id) values (NULL, 'java.io.StringReader@3babb257', 913);
2022-10-10 13:48:04.400  INFO 3923 --- [    Test worker] p6spy                                    : #1665377284400 | took 0ms | statement | connection 22| url jdbc:h2:mem:6a3784ae-1aa6-4bbf-b617-4d4aeabcc2af
insert into picture (spot_id, url, picture_id) values (?, ?, ?)
insert into picture (spot_id, url, picture_id) values (NULL, 'java.io.StringReader@6eeee66f', 914);
2022-10-10 13:48:04.400  INFO 3923 --- [    Test worker] p6spy                                    : #1665377284400 | took 0ms | statement | connection 22| url jdbc:h2:mem:6a3784ae-1aa6-4bbf-b617-4d4aeabcc2af
insert into picture (spot_id, url, picture_id) values (?, ?, ?)
insert into picture (spot_id, url, picture_id) values (NULL, 'java.io.StringReader@4c01d4f5', 915);
2022-10-10 13:48:04.400  INFO 3923 --- [    Test worker] p6spy                                    : #1665377284400 | took 0ms | statement | connection 22| url jdbc:h2:mem:6a3784ae-1aa6-4bbf-b617-4d4aeabcc2af
insert into spot (address, description, location, name, score_id, spot_id) values (?, ?, ?, ?, ?, ?)
insert into spot (address, description, location, name, score_id, spot_id) values (NULL, NULL, 'Aewol_eup', NULL, 215, 281);
2022-10-10 13:48:04.400  INFO 3923 --- [    Test worker] p6spy                                    : #1665377284400 | took 0ms | statement | connection 22| url jdbc:h2:mem:6a3784ae-1aa6-4bbf-b617-4d4aeabcc2af
insert into member_spot (member_id, score, spot_id, member_spot_id) values (?, ?, ?, ?)
insert into member_spot (member_id, score, spot_id, member_spot_id) values (13, 0.0, 281, 916);
2022-10-10 13:48:04.400  INFO 3923 --- [    Test worker] p6spy                                    : #1665377284400 | took 0ms | statement | connection 22| url jdbc:h2:mem:6a3784ae-1aa6-4bbf-b617-4d4aeabcc2af
insert into review (content, spot_id, review_id) values (?, ?, ?)
insert into review (content, spot_id, review_id) values ('java.io.StringReader@352a4317', 269, 217);
2022-10-10 13:48:04.400  INFO 3923 --- [    Test worker] p6spy                                    : #1665377284400 | took 0ms | statement | connection 22| url jdbc:h2:mem:6a3784ae-1aa6-4bbf-b617-4d4aeabcc2af
insert into favorite_spot (count, favorite_id, spot_id, favorite_spot_id) values (?, ?, ?, ?)
insert into favorite_spot (count, favorite_id, spot_id, favorite_spot_id) values (0, 36, 281, 277);
2022-10-10 13:48:04.400  INFO 3923 --- [    Test worker] p6spy                                    : #1665377284400 | took 0ms | statement | connection 22| url jdbc:h2:mem:6a3784ae-1aa6-4bbf-b617-4d4aeabcc2af
insert into score (facility_rank, facility_score, price_rank, price_score, rank_average, surround_rank, surround_score, view_rank, view_score, score_id) values (?, ?, ?, ?, ?, ?, ?, ?, ?, ?)
insert into score (facility_rank, facility_score, price_rank, price_score, rank_average, surround_rank, surround_score, view_rank, view_score, score_id) values (7.722160070466043, 1.2926914072594253, 4.908399633741695, 2.5401631944031444, 6.763156151683453, 1.273225819677185, 4.32723892799085, 0.32397594449770306, 0.035320917417518416, 216);
2022-10-10 13:48:04.400  INFO 3923 --- [    Test worker] p6spy                                    : #1665377284400 | took 0ms | statement | connection 22| url jdbc:h2:mem:6a3784ae-1aa6-4bbf-b617-4d4aeabcc2af
insert into picture (spot_id, url, picture_id) values (?, ?, ?)
insert into picture (spot_id, url, picture_id) values (NULL, 'java.io.StringReader@755fbfab', 917);
2022-10-10 13:48:04.400  INFO 3923 --- [    Test worker] p6spy                                    : #1665377284400 | took 0ms | statement | connection 22| url jdbc:h2:mem:6a3784ae-1aa6-4bbf-b617-4d4aeabcc2af
insert into picture (spot_id, url, picture_id) values (?, ?, ?)
insert into picture (spot_id, url, picture_id) values (NULL, 'java.io.StringReader@391aedcd', 918);
2022-10-10 13:48:04.400  INFO 3923 --- [    Test worker] p6spy                                    : #1665377284400 | took 0ms | statement | connection 22| url jdbc:h2:mem:6a3784ae-1aa6-4bbf-b617-4d4aeabcc2af
insert into picture (spot_id, url, picture_id) values (?, ?, ?)
insert into picture (spot_id, url, picture_id) values (NULL, 'java.io.StringReader@5ceb0619', 919);
2022-10-10 13:48:04.401  INFO 3923 --- [    Test worker] p6spy                                    : #1665377284401 | took 0ms | statement | connection 22| url jdbc:h2:mem:6a3784ae-1aa6-4bbf-b617-4d4aeabcc2af
insert into spot (address, description, location, name, score_id, spot_id) values (?, ?, ?, ?, ?, ?)
insert into spot (address, description, location, name, score_id, spot_id) values (NULL, NULL, 'Aewol_eup', NULL, 216, 282);
2022-10-10 13:48:04.401  INFO 3923 --- [    Test worker] p6spy                                    : #1665377284401 | took 0ms | statement | connection 22| url jdbc:h2:mem:6a3784ae-1aa6-4bbf-b617-4d4aeabcc2af
insert into member_spot (member_id, score, spot_id, member_spot_id) values (?, ?, ?, ?)
insert into member_spot (member_id, score, spot_id, member_spot_id) values (13, 0.0, 282, 920);
2022-10-10 13:48:04.401  INFO 3923 --- [    Test worker] p6spy                                    : #1665377284401 | took 0ms | statement | connection 22| url jdbc:h2:mem:6a3784ae-1aa6-4bbf-b617-4d4aeabcc2af
insert into review (content, spot_id, review_id) values (?, ?, ?)
insert into review (content, spot_id, review_id) values ('java.io.StringReader@65951393', 269, 218);
2022-10-10 13:48:04.401  INFO 3923 --- [    Test worker] p6spy                                    : #1665377284401 | took 0ms | statement | connection 22| url jdbc:h2:mem:6a3784ae-1aa6-4bbf-b617-4d4aeabcc2af
insert into score (facility_rank, facility_score, price_rank, price_score, rank_average, surround_rank, surround_score, view_rank, view_score, score_id) values (?, ?, ?, ?, ?, ?, ?, ?, ?, ?)
insert into score (facility_rank, facility_score, price_rank, price_score, rank_average, surround_rank, surround_score, view_rank, view_score, score_id) values (8.977222458009862, 9.221944269048603, 8.428738357164166, 8.301347697213869, 7.389024627757378, 6.626087717391595, 2.48146412824879, 1.8373613057299132, 8.104628888770671, 217);
2022-10-10 13:48:04.401  INFO 3923 --- [    Test worker] p6spy                                    : #1665377284401 | took 0ms | statement | connection 22| url jdbc:h2:mem:6a3784ae-1aa6-4bbf-b617-4d4aeabcc2af
insert into picture (spot_id, url, picture_id) values (?, ?, ?)
insert into picture (spot_id, url, picture_id) values (NULL, 'java.io.StringReader@2883edf6', 921);
2022-10-10 13:48:04.401  INFO 3923 --- [    Test worker] p6spy                                    : #1665377284401 | took 0ms | statement | connection 22| url jdbc:h2:mem:6a3784ae-1aa6-4bbf-b617-4d4aeabcc2af
insert into picture (spot_id, url, picture_id) values (?, ?, ?)
insert into picture (spot_id, url, picture_id) values (NULL, 'java.io.StringReader@cf051f1', 922);
2022-10-10 13:48:04.401  INFO 3923 --- [    Test worker] p6spy                                    : #1665377284401 | took 0ms | statement | connection 22| url jdbc:h2:mem:6a3784ae-1aa6-4bbf-b617-4d4aeabcc2af
insert into picture (spot_id, url, picture_id) values (?, ?, ?)
insert into picture (spot_id, url, picture_id) values (NULL, 'java.io.StringReader@3c7da546', 923);
2022-10-10 13:48:04.401  INFO 3923 --- [    Test worker] p6spy                                    : #1665377284401 | took 0ms | statement | connection 22| url jdbc:h2:mem:6a3784ae-1aa6-4bbf-b617-4d4aeabcc2af
insert into spot (address, description, location, name, score_id, spot_id) values (?, ?, ?, ?, ?, ?)
insert into spot (address, description, location, name, score_id, spot_id) values (NULL, NULL, 'Aewol_eup', NULL, 217, 283);
2022-10-10 13:48:04.401  INFO 3923 --- [    Test worker] p6spy                                    : #1665377284401 | took 0ms | statement | connection 22| url jdbc:h2:mem:6a3784ae-1aa6-4bbf-b617-4d4aeabcc2af
insert into member_spot (member_id, score, spot_id, member_spot_id) values (?, ?, ?, ?)
insert into member_spot (member_id, score, spot_id, member_spot_id) values (13, 0.0, 283, 924);
2022-10-10 13:48:04.401  INFO 3923 --- [    Test worker] p6spy                                    : #1665377284401 | took 0ms | statement | connection 22| url jdbc:h2:mem:6a3784ae-1aa6-4bbf-b617-4d4aeabcc2af
insert into review (content, spot_id, review_id) values (?, ?, ?)
insert into review (content, spot_id, review_id) values ('java.io.StringReader@420e17cd', 269, 219);
2022-10-10 13:48:04.401  INFO 3923 --- [    Test worker] p6spy                                    : #1665377284401 | took 0ms | statement | connection 22| url jdbc:h2:mem:6a3784ae-1aa6-4bbf-b617-4d4aeabcc2af
insert into favorite_spot (count, favorite_id, spot_id, favorite_spot_id) values (?, ?, ?, ?)
insert into favorite_spot (count, favorite_id, spot_id, favorite_spot_id) values (0, 36, 283, 278);
2022-10-10 13:48:04.401  INFO 3923 --- [    Test worker] p6spy                                    : #1665377284401 | took 0ms | statement | connection 22| url jdbc:h2:mem:6a3784ae-1aa6-4bbf-b617-4d4aeabcc2af
insert into score (facility_rank, facility_score, price_rank, price_score, rank_average, surround_rank, surround_score, view_rank, view_score, score_id) values (?, ?, ?, ?, ?, ?, ?, ?, ?, ?)
insert into score (facility_rank, facility_score, price_rank, price_score, rank_average, surround_rank, surround_score, view_rank, view_score, score_id) values (5.529643803068472, 2.4134815564543235, 1.9671564016012477, 0.7669259364237091, 7.822888298389112, 8.227187856756354, 0.908566619197323, 8.672024235985864, 0.3340201882807159, 218);
2022-10-10 13:48:04.401  INFO 3923 --- [    Test worker] p6spy                                    : #1665377284401 | took 0ms | statement | connection 22| url jdbc:h2:mem:6a3784ae-1aa6-4bbf-b617-4d4aeabcc2af
insert into picture (spot_id, url, picture_id) values (?, ?, ?)
insert into picture (spot_id, url, picture_id) values (NULL, 'java.io.StringReader@3965b638', 925);
2022-10-10 13:48:04.401  INFO 3923 --- [    Test worker] p6spy                                    : #1665377284401 | took 0ms | statement | connection 22| url jdbc:h2:mem:6a3784ae-1aa6-4bbf-b617-4d4aeabcc2af
insert into picture (spot_id, url, picture_id) values (?, ?, ?)
insert into picture (spot_id, url, picture_id) values (NULL, 'java.io.StringReader@575baeea', 926);
2022-10-10 13:48:04.401  INFO 3923 --- [    Test worker] p6spy                                    : #1665377284401 | took 0ms | statement | connection 22| url jdbc:h2:mem:6a3784ae-1aa6-4bbf-b617-4d4aeabcc2af
insert into picture (spot_id, url, picture_id) values (?, ?, ?)
insert into picture (spot_id, url, picture_id) values (NULL, 'java.io.StringReader@15ffcd0c', 927);
2022-10-10 13:48:04.401  INFO 3923 --- [    Test worker] p6spy                                    : #1665377284401 | took 0ms | statement | connection 22| url jdbc:h2:mem:6a3784ae-1aa6-4bbf-b617-4d4aeabcc2af
insert into spot (address, description, location, name, score_id, spot_id) values (?, ?, ?, ?, ?, ?)
insert into spot (address, description, location, name, score_id, spot_id) values (NULL, NULL, 'Aewol_eup', NULL, 218, 284);
2022-10-10 13:48:04.401  INFO 3923 --- [    Test worker] p6spy                                    : #1665377284401 | took 0ms | statement | connection 22| url jdbc:h2:mem:6a3784ae-1aa6-4bbf-b617-4d4aeabcc2af
insert into member_spot (member_id, score, spot_id, member_spot_id) values (?, ?, ?, ?)
insert into member_spot (member_id, score, spot_id, member_spot_id) values (13, 0.0, 284, 928);
2022-10-10 13:48:04.401  INFO 3923 --- [    Test worker] p6spy                                    : #1665377284401 | took 0ms | statement | connection 22| url jdbc:h2:mem:6a3784ae-1aa6-4bbf-b617-4d4aeabcc2af
insert into review (content, spot_id, review_id) values (?, ?, ?)
insert into review (content, spot_id, review_id) values ('java.io.StringReader@27937c21', 269, 220);
2022-10-10 13:48:04.401  INFO 3923 --- [    Test worker] p6spy                                    : #1665377284401 | took 0ms | statement | connection 22| url jdbc:h2:mem:6a3784ae-1aa6-4bbf-b617-4d4aeabcc2af
insert into score (facility_rank, facility_score, price_rank, price_score, rank_average, surround_rank, surround_score, view_rank, view_score, score_id) values (?, ?, ?, ?, ?, ?, ?, ?, ?, ?)
insert into score (facility_rank, facility_score, price_rank, price_score, rank_average, surround_rank, surround_score, view_rank, view_score, score_id) values (4.8875430091137915, 2.569083648092396, 8.607358612080576, 0.9984940405114806, 6.884180041818291, 3.1663677065280718, 6.72046846956241, 4.21606108203492, 9.384283783320328, 219);
2022-10-10 13:48:04.401  INFO 3923 --- [    Test worker] p6spy                                    : #1665377284401 | took 0ms | statement | connection 22| url jdbc:h2:mem:6a3784ae-1aa6-4bbf-b617-4d4aeabcc2af
insert into picture (spot_id, url, picture_id) values (?, ?, ?)
insert into picture (spot_id, url, picture_id) values (NULL, 'java.io.StringReader@7a287117', 929);
2022-10-10 13:48:04.401  INFO 3923 --- [    Test worker] p6spy                                    : #1665377284401 | took 0ms | statement | connection 22| url jdbc:h2:mem:6a3784ae-1aa6-4bbf-b617-4d4aeabcc2af
insert into picture (spot_id, url, picture_id) values (?, ?, ?)
insert into picture (spot_id, url, picture_id) values (NULL, 'java.io.StringReader@394ba4f', 930);
2022-10-10 13:48:04.401  INFO 3923 --- [    Test worker] p6spy                                    : #1665377284401 | took 0ms | statement | connection 22| url jdbc:h2:mem:6a3784ae-1aa6-4bbf-b617-4d4aeabcc2af
insert into picture (spot_id, url, picture_id) values (?, ?, ?)
insert into picture (spot_id, url, picture_id) values (NULL, 'java.io.StringReader@70fd626f', 931);
2022-10-10 13:48:04.401  INFO 3923 --- [    Test worker] p6spy                                    : #1665377284401 | took 0ms | statement | connection 22| url jdbc:h2:mem:6a3784ae-1aa6-4bbf-b617-4d4aeabcc2af
insert into spot (address, description, location, name, score_id, spot_id) values (?, ?, ?, ?, ?, ?)
insert into spot (address, description, location, name, score_id, spot_id) values (NULL, NULL, 'Aewol_eup', NULL, 219, 285);
2022-10-10 13:48:04.401  INFO 3923 --- [    Test worker] p6spy                                    : #1665377284401 | took 0ms | statement | connection 22| url jdbc:h2:mem:6a3784ae-1aa6-4bbf-b617-4d4aeabcc2af
insert into member_spot (member_id, score, spot_id, member_spot_id) values (?, ?, ?, ?)
insert into member_spot (member_id, score, spot_id, member_spot_id) values (13, 0.0, 285, 932);
2022-10-10 13:48:04.401  INFO 3923 --- [    Test worker] p6spy                                    : #1665377284401 | took 0ms | statement | connection 22| url jdbc:h2:mem:6a3784ae-1aa6-4bbf-b617-4d4aeabcc2af
insert into review (content, spot_id, review_id) values (?, ?, ?)
insert into review (content, spot_id, review_id) values ('java.io.StringReader@46296315', 269, 221);
2022-10-10 13:48:04.401  INFO 3923 --- [    Test worker] p6spy                                    : #1665377284401 | took 0ms | statement | connection 22| url jdbc:h2:mem:6a3784ae-1aa6-4bbf-b617-4d4aeabcc2af
insert into favorite_spot (count, favorite_id, spot_id, favorite_spot_id) values (?, ?, ?, ?)
insert into favorite_spot (count, favorite_id, spot_id, favorite_spot_id) values (0, 36, 285, 279);
2022-10-10 13:48:04.401  INFO 3923 --- [    Test worker] p6spy                                    : #1665377284401 | took 0ms | statement | connection 22| url jdbc:h2:mem:6a3784ae-1aa6-4bbf-b617-4d4aeabcc2af
insert into score (facility_rank, facility_score, price_rank, price_score, rank_average, surround_rank, surround_score, view_rank, view_score, score_id) values (?, ?, ?, ?, ?, ?, ?, ?, ?, ?)
insert into score (facility_rank, facility_score, price_rank, price_score, rank_average, surround_rank, surround_score, view_rank, view_score, score_id) values (6.947558744222856, 8.299921355355714, 3.2610560995471505, 3.6858281690789516, 8.014007991001584, 5.237793251664544, 6.358385567116417, 6.398459794452002, 9.703503033767465, 220);
2022-10-10 13:48:04.401  INFO 3923 --- [    Test worker] p6spy                                    : #1665377284401 | took 0ms | statement | connection 22| url jdbc:h2:mem:6a3784ae-1aa6-4bbf-b617-4d4aeabcc2af
insert into picture (spot_id, url, picture_id) values (?, ?, ?)
insert into picture (spot_id, url, picture_id) values (NULL, 'java.io.StringReader@20de2518', 933);
2022-10-10 13:48:04.401  INFO 3923 --- [    Test worker] p6spy                                    : #1665377284401 | took 0ms | statement | connection 22| url jdbc:h2:mem:6a3784ae-1aa6-4bbf-b617-4d4aeabcc2af
insert into picture (spot_id, url, picture_id) values (?, ?, ?)
insert into picture (spot_id, url, picture_id) values (NULL, 'java.io.StringReader@5c32f8af', 934);
2022-10-10 13:48:04.401  INFO 3923 --- [    Test worker] p6spy                                    : #1665377284401 | took 0ms | statement | connection 22| url jdbc:h2:mem:6a3784ae-1aa6-4bbf-b617-4d4aeabcc2af
insert into picture (spot_id, url, picture_id) values (?, ?, ?)
insert into picture (spot_id, url, picture_id) values (NULL, 'java.io.StringReader@7cbe3d05', 935);
2022-10-10 13:48:04.401  INFO 3923 --- [    Test worker] p6spy                                    : #1665377284401 | took 0ms | statement | connection 22| url jdbc:h2:mem:6a3784ae-1aa6-4bbf-b617-4d4aeabcc2af
insert into spot (address, description, location, name, score_id, spot_id) values (?, ?, ?, ?, ?, ?)
insert into spot (address, description, location, name, score_id, spot_id) values (NULL, NULL, 'Aewol_eup', NULL, 220, 286);
2022-10-10 13:48:04.401  INFO 3923 --- [    Test worker] p6spy                                    : #1665377284401 | took 0ms | statement | connection 22| url jdbc:h2:mem:6a3784ae-1aa6-4bbf-b617-4d4aeabcc2af
insert into member_spot (member_id, score, spot_id, member_spot_id) values (?, ?, ?, ?)
insert into member_spot (member_id, score, spot_id, member_spot_id) values (13, 0.0, 286, 936);
2022-10-10 13:48:04.402  INFO 3923 --- [    Test worker] p6spy                                    : #1665377284402 | took 0ms | statement | connection 22| url jdbc:h2:mem:6a3784ae-1aa6-4bbf-b617-4d4aeabcc2af
insert into review (content, spot_id, review_id) values (?, ?, ?)
insert into review (content, spot_id, review_id) values ('java.io.StringReader@4f920265', 269, 222);
2022-10-10 13:48:04.402  INFO 3923 --- [    Test worker] p6spy                                    : #1665377284402 | took 0ms | statement | connection 22| url jdbc:h2:mem:6a3784ae-1aa6-4bbf-b617-4d4aeabcc2af
insert into score (facility_rank, facility_score, price_rank, price_score, rank_average, surround_rank, surround_score, view_rank, view_score, score_id) values (?, ?, ?, ?, ?, ?, ?, ?, ?, ?)
insert into score (facility_rank, facility_score, price_rank, price_score, rank_average, surround_rank, surround_score, view_rank, view_score, score_id) values (0.7699015210823545, 8.44553356351329, 4.80309736522903, 9.27565857613508, 4.765205861573438, 0.8189406980113123, 0.5812933641247808, 5.203177884342339, 7.93214592430121, 221);
2022-10-10 13:48:04.402  INFO 3923 --- [    Test worker] p6spy                                    : #1665377284402 | took 0ms | statement | connection 22| url jdbc:h2:mem:6a3784ae-1aa6-4bbf-b617-4d4aeabcc2af
insert into picture (spot_id, url, picture_id) values (?, ?, ?)
insert into picture (spot_id, url, picture_id) values (NULL, 'java.io.StringReader@6786a21d', 937);
2022-10-10 13:48:04.402  INFO 3923 --- [    Test worker] p6spy                                    : #1665377284402 | took 0ms | statement | connection 22| url jdbc:h2:mem:6a3784ae-1aa6-4bbf-b617-4d4aeabcc2af
insert into picture (spot_id, url, picture_id) values (?, ?, ?)
insert into picture (spot_id, url, picture_id) values (NULL, 'java.io.StringReader@47d9de0b', 938);
2022-10-10 13:48:04.402  INFO 3923 --- [    Test worker] p6spy                                    : #1665377284402 | took 0ms | statement | connection 22| url jdbc:h2:mem:6a3784ae-1aa6-4bbf-b617-4d4aeabcc2af
insert into picture (spot_id, url, picture_id) values (?, ?, ?)
insert into picture (spot_id, url, picture_id) values (NULL, 'java.io.StringReader@5c4f1961', 939);
2022-10-10 13:48:04.402  INFO 3923 --- [    Test worker] p6spy                                    : #1665377284402 | took 0ms | statement | connection 22| url jdbc:h2:mem:6a3784ae-1aa6-4bbf-b617-4d4aeabcc2af
insert into spot (address, description, location, name, score_id, spot_id) values (?, ?, ?, ?, ?, ?)
insert into spot (address, description, location, name, score_id, spot_id) values (NULL, NULL, 'Aewol_eup', NULL, 221, 287);
2022-10-10 13:48:04.402  INFO 3923 --- [    Test worker] p6spy                                    : #1665377284402 | took 0ms | statement | connection 22| url jdbc:h2:mem:6a3784ae-1aa6-4bbf-b617-4d4aeabcc2af
insert into member_spot (member_id, score, spot_id, member_spot_id) values (?, ?, ?, ?)
insert into member_spot (member_id, score, spot_id, member_spot_id) values (13, 0.0, 287, 940);
2022-10-10 13:48:04.402  INFO 3923 --- [    Test worker] p6spy                                    : #1665377284402 | took 0ms | statement | connection 22| url jdbc:h2:mem:6a3784ae-1aa6-4bbf-b617-4d4aeabcc2af
insert into review (content, spot_id, review_id) values (?, ?, ?)
insert into review (content, spot_id, review_id) values ('java.io.StringReader@10d77866', 269, 223);
2022-10-10 13:48:04.402  INFO 3923 --- [    Test worker] p6spy                                    : #1665377284402 | took 0ms | statement | connection 22| url jdbc:h2:mem:6a3784ae-1aa6-4bbf-b617-4d4aeabcc2af
insert into favorite_spot (count, favorite_id, spot_id, favorite_spot_id) values (?, ?, ?, ?)
insert into favorite_spot (count, favorite_id, spot_id, favorite_spot_id) values (0, 36, 287, 280);
2022-10-10 13:48:04.402  INFO 3923 --- [    Test worker] p6spy                                    : #1665377284402 | took 0ms | statement | connection 22| url jdbc:h2:mem:6a3784ae-1aa6-4bbf-b617-4d4aeabcc2af
insert into score (facility_rank, facility_score, price_rank, price_score, rank_average, surround_rank, surround_score, view_rank, view_score, score_id) values (?, ?, ?, ?, ?, ?, ?, ?, ?, ?)
insert into score (facility_rank, facility_score, price_rank, price_score, rank_average, surround_rank, surround_score, view_rank, view_score, score_id) values (3.342582409925836, 2.1048187497597537, 0.9300966726280135, 5.914147078631517, 0.33538387171172857, 5.412603738333086, 9.89213793196228, 0.06738824483766614, 6.762554192817232, 222);
2022-10-10 13:48:04.402  INFO 3923 --- [    Test worker] p6spy                                    : #1665377284402 | took 0ms | statement | connection 22| url jdbc:h2:mem:6a3784ae-1aa6-4bbf-b617-4d4aeabcc2af
insert into picture (spot_id, url, picture_id) values (?, ?, ?)
insert into picture (spot_id, url, picture_id) values (NULL, 'java.io.StringReader@7fbe3398', 941);
2022-10-10 13:48:04.402  INFO 3923 --- [    Test worker] p6spy                                    : #1665377284402 | took 0ms | statement | connection 22| url jdbc:h2:mem:6a3784ae-1aa6-4bbf-b617-4d4aeabcc2af
insert into picture (spot_id, url, picture_id) values (?, ?, ?)
insert into picture (spot_id, url, picture_id) values (NULL, 'java.io.StringReader@577c2d74', 942);
2022-10-10 13:48:04.402  INFO 3923 --- [    Test worker] p6spy                                    : #1665377284402 | took 0ms | statement | connection 22| url jdbc:h2:mem:6a3784ae-1aa6-4bbf-b617-4d4aeabcc2af
insert into picture (spot_id, url, picture_id) values (?, ?, ?)
insert into picture (spot_id, url, picture_id) values (NULL, 'java.io.StringReader@7407d953', 943);
2022-10-10 13:48:04.402  INFO 3923 --- [    Test worker] p6spy                                    : #1665377284402 | took 0ms | statement | connection 22| url jdbc:h2:mem:6a3784ae-1aa6-4bbf-b617-4d4aeabcc2af
insert into spot (address, description, location, name, score_id, spot_id) values (?, ?, ?, ?, ?, ?)
insert into spot (address, description, location, name, score_id, spot_id) values (NULL, NULL, 'Aewol_eup', NULL, 222, 288);
2022-10-10 13:48:04.402  INFO 3923 --- [    Test worker] p6spy                                    : #1665377284402 | took 0ms | statement | connection 22| url jdbc:h2:mem:6a3784ae-1aa6-4bbf-b617-4d4aeabcc2af
insert into member_spot (member_id, score, spot_id, member_spot_id) values (?, ?, ?, ?)
insert into member_spot (member_id, score, spot_id, member_spot_id) values (13, 0.0, 288, 944);
2022-10-10 13:48:04.402  INFO 3923 --- [    Test worker] p6spy                                    : #1665377284402 | took 0ms | statement | connection 22| url jdbc:h2:mem:6a3784ae-1aa6-4bbf-b617-4d4aeabcc2af
insert into review (content, spot_id, review_id) values (?, ?, ?)
insert into review (content, spot_id, review_id) values ('java.io.StringReader@60cb502a', 269, 224);
2022-10-10 13:48:04.402  INFO 3923 --- [    Test worker] p6spy                                    : #1665377284402 | took 0ms | statement | connection 22| url jdbc:h2:mem:6a3784ae-1aa6-4bbf-b617-4d4aeabcc2af
insert into score (facility_rank, facility_score, price_rank, price_score, rank_average, surround_rank, surround_score, view_rank, view_score, score_id) values (?, ?, ?, ?, ?, ?, ?, ?, ?, ?)
insert into score (facility_rank, facility_score, price_rank, price_score, rank_average, surround_rank, surround_score, view_rank, view_score, score_id) values (6.533972438292645, 7.073906220586537, 7.812342710782757, 6.417037244072113, 4.278929382938418, 0.8201031842730178, 1.1740037067177589, 7.147387152456347, 0.7940630380810088, 223);
2022-10-10 13:48:04.402  INFO 3923 --- [    Test worker] p6spy                                    : #1665377284402 | took 0ms | statement | connection 22| url jdbc:h2:mem:6a3784ae-1aa6-4bbf-b617-4d4aeabcc2af
insert into picture (spot_id, url, picture_id) values (?, ?, ?)
insert into picture (spot_id, url, picture_id) values (NULL, 'java.io.StringReader@4119a22c', 945);
2022-10-10 13:48:04.402  INFO 3923 --- [    Test worker] p6spy                                    : #1665377284402 | took 0ms | statement | connection 22| url jdbc:h2:mem:6a3784ae-1aa6-4bbf-b617-4d4aeabcc2af
insert into picture (spot_id, url, picture_id) values (?, ?, ?)
insert into picture (spot_id, url, picture_id) values (NULL, 'java.io.StringReader@3de13efc', 946);
2022-10-10 13:48:04.402  INFO 3923 --- [    Test worker] p6spy                                    : #1665377284402 | took 0ms | statement | connection 22| url jdbc:h2:mem:6a3784ae-1aa6-4bbf-b617-4d4aeabcc2af
insert into picture (spot_id, url, picture_id) values (?, ?, ?)
insert into picture (spot_id, url, picture_id) values (NULL, 'java.io.StringReader@14d0c3ff', 947);
2022-10-10 13:48:04.402  INFO 3923 --- [    Test worker] p6spy                                    : #1665377284402 | took 0ms | statement | connection 22| url jdbc:h2:mem:6a3784ae-1aa6-4bbf-b617-4d4aeabcc2af
insert into spot (address, description, location, name, score_id, spot_id) values (?, ?, ?, ?, ?, ?)
insert into spot (address, description, location, name, score_id, spot_id) values (NULL, NULL, 'Aewol_eup', NULL, 223, 289);
2022-10-10 13:48:04.402  INFO 3923 --- [    Test worker] p6spy                                    : #1665377284402 | took 0ms | statement | connection 22| url jdbc:h2:mem:6a3784ae-1aa6-4bbf-b617-4d4aeabcc2af
insert into member_spot (member_id, score, spot_id, member_spot_id) values (?, ?, ?, ?)
insert into member_spot (member_id, score, spot_id, member_spot_id) values (13, 0.0, 289, 948);
2022-10-10 13:48:04.402  INFO 3923 --- [    Test worker] p6spy                                    : #1665377284402 | took 0ms | statement | connection 22| url jdbc:h2:mem:6a3784ae-1aa6-4bbf-b617-4d4aeabcc2af
insert into review (content, spot_id, review_id) values (?, ?, ?)
insert into review (content, spot_id, review_id) values ('java.io.StringReader@7fa41505', 269, 225);
2022-10-10 13:48:04.402  INFO 3923 --- [    Test worker] p6spy                                    : #1665377284402 | took 0ms | statement | connection 22| url jdbc:h2:mem:6a3784ae-1aa6-4bbf-b617-4d4aeabcc2af
insert into favorite_spot (count, favorite_id, spot_id, favorite_spot_id) values (?, ?, ?, ?)
insert into favorite_spot (count, favorite_id, spot_id, favorite_spot_id) values (0, 36, 289, 281);
2022-10-10 13:48:04.402  INFO 3923 --- [    Test worker] p6spy                                    : #1665377284402 | took 0ms | statement | connection 22| url jdbc:h2:mem:6a3784ae-1aa6-4bbf-b617-4d4aeabcc2af
insert into score (facility_rank, facility_score, price_rank, price_score, rank_average, surround_rank, surround_score, view_rank, view_score, score_id) values (?, ?, ?, ?, ?, ?, ?, ?, ?, ?)
insert into score (facility_rank, facility_score, price_rank, price_score, rank_average, surround_rank, surround_score, view_rank, view_score, score_id) values (3.4916219757690103, 3.755753314209662, 5.9486696051797665, 5.925048918829846, 4.378272363647236, 6.547610380371912, 6.892790933602953, 8.654000125965695, 6.689211212477345, 224);
2022-10-10 13:48:04.402  INFO 3923 --- [    Test worker] p6spy                                    : #1665377284402 | took 0ms | statement | connection 22| url jdbc:h2:mem:6a3784ae-1aa6-4bbf-b617-4d4aeabcc2af
insert into picture (spot_id, url, picture_id) values (?, ?, ?)
insert into picture (spot_id, url, picture_id) values (NULL, 'java.io.StringReader@605f023b', 949);
2022-10-10 13:48:04.402  INFO 3923 --- [    Test worker] p6spy                                    : #1665377284402 | took 0ms | statement | connection 22| url jdbc:h2:mem:6a3784ae-1aa6-4bbf-b617-4d4aeabcc2af
insert into picture (spot_id, url, picture_id) values (?, ?, ?)
insert into picture (spot_id, url, picture_id) values (NULL, 'java.io.StringReader@19e15d63', 950);
2022-10-10 13:48:04.402  INFO 3923 --- [    Test worker] p6spy                                    : #1665377284402 | took 0ms | statement | connection 22| url jdbc:h2:mem:6a3784ae-1aa6-4bbf-b617-4d4aeabcc2af
insert into picture (spot_id, url, picture_id) values (?, ?, ?)
insert into picture (spot_id, url, picture_id) values (NULL, 'java.io.StringReader@51ddc08e', 951);
2022-10-10 13:48:04.402  INFO 3923 --- [    Test worker] p6spy                                    : #1665377284402 | took 0ms | statement | connection 22| url jdbc:h2:mem:6a3784ae-1aa6-4bbf-b617-4d4aeabcc2af
insert into spot (address, description, location, name, score_id, spot_id) values (?, ?, ?, ?, ?, ?)
insert into spot (address, description, location, name, score_id, spot_id) values (NULL, NULL, 'Aewol_eup', NULL, 224, 290);
2022-10-10 13:48:04.402  INFO 3923 --- [    Test worker] p6spy                                    : #1665377284402 | took 0ms | statement | connection 22| url jdbc:h2:mem:6a3784ae-1aa6-4bbf-b617-4d4aeabcc2af
insert into member_spot (member_id, score, spot_id, member_spot_id) values (?, ?, ?, ?)
insert into member_spot (member_id, score, spot_id, member_spot_id) values (13, 0.0, 290, 952);
2022-10-10 13:48:04.403  INFO 3923 --- [    Test worker] p6spy                                    : #1665377284403 | took 0ms | statement | connection 22| url jdbc:h2:mem:6a3784ae-1aa6-4bbf-b617-4d4aeabcc2af
insert into review (content, spot_id, review_id) values (?, ?, ?)
insert into review (content, spot_id, review_id) values ('java.io.StringReader@549f5561', 269, 226);
2022-10-10 13:48:04.403  INFO 3923 --- [    Test worker] p6spy                                    : #1665377284403 | took 0ms | statement | connection 22| url jdbc:h2:mem:6a3784ae-1aa6-4bbf-b617-4d4aeabcc2af
insert into score (facility_rank, facility_score, price_rank, price_score, rank_average, surround_rank, surround_score, view_rank, view_score, score_id) values (?, ?, ?, ?, ?, ?, ?, ?, ?, ?)
insert into score (facility_rank, facility_score, price_rank, price_score, rank_average, surround_rank, surround_score, view_rank, view_score, score_id) values (9.938479410710398, 7.16421189941812, 0.6968492743306676, 2.1915199324183687, 4.2007179839993505, 0.03544540940876861, 4.960831965067987, 6.933772382067986, 0.4519455706978204, 225);
2022-10-10 13:48:04.403  INFO 3923 --- [    Test worker] p6spy                                    : #1665377284403 | took 0ms | statement | connection 22| url jdbc:h2:mem:6a3784ae-1aa6-4bbf-b617-4d4aeabcc2af
insert into picture (spot_id, url, picture_id) values (?, ?, ?)
insert into picture (spot_id, url, picture_id) values (NULL, 'java.io.StringReader@556733e4', 953);
2022-10-10 13:48:04.403  INFO 3923 --- [    Test worker] p6spy                                    : #1665377284403 | took 0ms | statement | connection 22| url jdbc:h2:mem:6a3784ae-1aa6-4bbf-b617-4d4aeabcc2af
insert into picture (spot_id, url, picture_id) values (?, ?, ?)
insert into picture (spot_id, url, picture_id) values (NULL, 'java.io.StringReader@3d778db9', 954);
2022-10-10 13:48:04.403  INFO 3923 --- [    Test worker] p6spy                                    : #1665377284403 | took 0ms | statement | connection 22| url jdbc:h2:mem:6a3784ae-1aa6-4bbf-b617-4d4aeabcc2af
insert into picture (spot_id, url, picture_id) values (?, ?, ?)
insert into picture (spot_id, url, picture_id) values (NULL, 'java.io.StringReader@7ad0cf01', 955);
2022-10-10 13:48:04.403  INFO 3923 --- [    Test worker] p6spy                                    : #1665377284403 | took 0ms | statement | connection 22| url jdbc:h2:mem:6a3784ae-1aa6-4bbf-b617-4d4aeabcc2af
insert into spot (address, description, location, name, score_id, spot_id) values (?, ?, ?, ?, ?, ?)
insert into spot (address, description, location, name, score_id, spot_id) values (NULL, NULL, 'Aewol_eup', NULL, 225, 291);
2022-10-10 13:48:04.403  INFO 3923 --- [    Test worker] p6spy                                    : #1665377284403 | took 0ms | statement | connection 22| url jdbc:h2:mem:6a3784ae-1aa6-4bbf-b617-4d4aeabcc2af
insert into member_spot (member_id, score, spot_id, member_spot_id) values (?, ?, ?, ?)
insert into member_spot (member_id, score, spot_id, member_spot_id) values (13, 0.0, 291, 956);
2022-10-10 13:48:04.403  INFO 3923 --- [    Test worker] p6spy                                    : #1665377284403 | took 0ms | statement | connection 22| url jdbc:h2:mem:6a3784ae-1aa6-4bbf-b617-4d4aeabcc2af
insert into review (content, spot_id, review_id) values (?, ?, ?)
insert into review (content, spot_id, review_id) values ('java.io.StringReader@408ec4f6', 269, 227);
2022-10-10 13:48:04.403  INFO 3923 --- [    Test worker] p6spy                                    : #1665377284403 | took 0ms | statement | connection 22| url jdbc:h2:mem:6a3784ae-1aa6-4bbf-b617-4d4aeabcc2af
insert into favorite_spot (count, favorite_id, spot_id, favorite_spot_id) values (?, ?, ?, ?)
insert into favorite_spot (count, favorite_id, spot_id, favorite_spot_id) values (0, 36, 291, 282);
2022-10-10 13:48:04.403  INFO 3923 --- [    Test worker] p6spy                                    : #1665377284403 | took 0ms | statement | connection 22| url jdbc:h2:mem:6a3784ae-1aa6-4bbf-b617-4d4aeabcc2af
insert into score (facility_rank, facility_score, price_rank, price_score, rank_average, surround_rank, surround_score, view_rank, view_score, score_id) values (?, ?, ?, ?, ?, ?, ?, ?, ?, ?)
insert into score (facility_rank, facility_score, price_rank, price_score, rank_average, surround_rank, surround_score, view_rank, view_score, score_id) values (0.0771819971738208, 6.464315188631743, 7.445458655894411, 3.977916070593647, 9.017480076997689, 3.5088082302481083, 9.135193355141917, 4.779249655796113, 8.259473962648846, 226);
2022-10-10 13:48:04.403  INFO 3923 --- [    Test worker] p6spy                                    : #1665377284403 | took 0ms | statement | connection 22| url jdbc:h2:mem:6a3784ae-1aa6-4bbf-b617-4d4aeabcc2af
insert into picture (spot_id, url, picture_id) values (?, ?, ?)
insert into picture (spot_id, url, picture_id) values (NULL, 'java.io.StringReader@28449652', 957);
2022-10-10 13:48:04.403  INFO 3923 --- [    Test worker] p6spy                                    : #1665377284403 | took 0ms | statement | connection 22| url jdbc:h2:mem:6a3784ae-1aa6-4bbf-b617-4d4aeabcc2af
insert into picture (spot_id, url, picture_id) values (?, ?, ?)
insert into picture (spot_id, url, picture_id) values (NULL, 'java.io.StringReader@5287c159', 958);
2022-10-10 13:48:04.403  INFO 3923 --- [    Test worker] p6spy                                    : #1665377284403 | took 0ms | statement | connection 22| url jdbc:h2:mem:6a3784ae-1aa6-4bbf-b617-4d4aeabcc2af
insert into picture (spot_id, url, picture_id) values (?, ?, ?)
insert into picture (spot_id, url, picture_id) values (NULL, 'java.io.StringReader@6faea62f', 959);
2022-10-10 13:48:04.403  INFO 3923 --- [    Test worker] p6spy                                    : #1665377284403 | took 0ms | statement | connection 22| url jdbc:h2:mem:6a3784ae-1aa6-4bbf-b617-4d4aeabcc2af
insert into spot (address, description, location, name, score_id, spot_id) values (?, ?, ?, ?, ?, ?)
insert into spot (address, description, location, name, score_id, spot_id) values (NULL, NULL, 'Aewol_eup', NULL, 226, 292);
2022-10-10 13:48:04.403  INFO 3923 --- [    Test worker] p6spy                                    : #1665377284403 | took 0ms | statement | connection 22| url jdbc:h2:mem:6a3784ae-1aa6-4bbf-b617-4d4aeabcc2af
insert into member_spot (member_id, score, spot_id, member_spot_id) values (?, ?, ?, ?)
insert into member_spot (member_id, score, spot_id, member_spot_id) values (13, 0.0, 292, 960);
2022-10-10 13:48:04.403  INFO 3923 --- [    Test worker] p6spy                                    : #1665377284403 | took 0ms | statement | connection 22| url jdbc:h2:mem:6a3784ae-1aa6-4bbf-b617-4d4aeabcc2af
insert into review (content, spot_id, review_id) values (?, ?, ?)
insert into review (content, spot_id, review_id) values ('java.io.StringReader@1cc784c9', 269, 228);
2022-10-10 13:48:04.403  INFO 3923 --- [    Test worker] p6spy                                    : #1665377284403 | took 0ms | statement | connection 22| url jdbc:h2:mem:6a3784ae-1aa6-4bbf-b617-4d4aeabcc2af
insert into score (facility_rank, facility_score, price_rank, price_score, rank_average, surround_rank, surround_score, view_rank, view_score, score_id) values (?, ?, ?, ?, ?, ?, ?, ?, ?, ?)
insert into score (facility_rank, facility_score, price_rank, price_score, rank_average, surround_rank, surround_score, view_rank, view_score, score_id) values (0.7027634603533084, 5.342597444964926, 5.723921925825576, 4.404073390834578, 6.837649777023017, 7.963633211559741, 7.868219449202587, 1.8054077944410707, 4.91019089883847, 227);
2022-10-10 13:48:04.403  INFO 3923 --- [    Test worker] p6spy                                    : #1665377284403 | took 0ms | statement | connection 22| url jdbc:h2:mem:6a3784ae-1aa6-4bbf-b617-4d4aeabcc2af
insert into picture (spot_id, url, picture_id) values (?, ?, ?)
insert into picture (spot_id, url, picture_id) values (NULL, 'java.io.StringReader@2563d994', 961);
2022-10-10 13:48:04.403  INFO 3923 --- [    Test worker] p6spy                                    : #1665377284403 | took 0ms | statement | connection 22| url jdbc:h2:mem:6a3784ae-1aa6-4bbf-b617-4d4aeabcc2af
insert into picture (spot_id, url, picture_id) values (?, ?, ?)
insert into picture (spot_id, url, picture_id) values (NULL, 'java.io.StringReader@157cd19e', 962);
2022-10-10 13:48:04.403  INFO 3923 --- [    Test worker] p6spy                                    : #1665377284403 | took 0ms | statement | connection 22| url jdbc:h2:mem:6a3784ae-1aa6-4bbf-b617-4d4aeabcc2af
insert into picture (spot_id, url, picture_id) values (?, ?, ?)
insert into picture (spot_id, url, picture_id) values (NULL, 'java.io.StringReader@26aeeac9', 963);
2022-10-10 13:48:04.403  INFO 3923 --- [    Test worker] p6spy                                    : #1665377284403 | took 0ms | statement | connection 22| url jdbc:h2:mem:6a3784ae-1aa6-4bbf-b617-4d4aeabcc2af
insert into spot (address, description, location, name, score_id, spot_id) values (?, ?, ?, ?, ?, ?)
insert into spot (address, description, location, name, score_id, spot_id) values (NULL, NULL, 'Aewol_eup', NULL, 227, 293);
2022-10-10 13:48:04.403  INFO 3923 --- [    Test worker] p6spy                                    : #1665377284403 | took 0ms | statement | connection 22| url jdbc:h2:mem:6a3784ae-1aa6-4bbf-b617-4d4aeabcc2af
insert into member_spot (member_id, score, spot_id, member_spot_id) values (?, ?, ?, ?)
insert into member_spot (member_id, score, spot_id, member_spot_id) values (13, 0.0, 293, 964);
2022-10-10 13:48:04.403  INFO 3923 --- [    Test worker] p6spy                                    : #1665377284403 | took 0ms | statement | connection 22| url jdbc:h2:mem:6a3784ae-1aa6-4bbf-b617-4d4aeabcc2af
insert into review (content, spot_id, review_id) values (?, ?, ?)
insert into review (content, spot_id, review_id) values ('java.io.StringReader@67b8f02e', 269, 229);
2022-10-10 13:48:04.403  INFO 3923 --- [    Test worker] p6spy                                    : #1665377284403 | took 0ms | statement | connection 22| url jdbc:h2:mem:6a3784ae-1aa6-4bbf-b617-4d4aeabcc2af
insert into favorite_spot (count, favorite_id, spot_id, favorite_spot_id) values (?, ?, ?, ?)
insert into favorite_spot (count, favorite_id, spot_id, favorite_spot_id) values (0, 36, 293, 283);
2022-10-10 13:48:04.403  INFO 3923 --- [    Test worker] p6spy                                    : #1665377284403 | took 0ms | statement | connection 22| url jdbc:h2:mem:6a3784ae-1aa6-4bbf-b617-4d4aeabcc2af
insert into score (facility_rank, facility_score, price_rank, price_score, rank_average, surround_rank, surround_score, view_rank, view_score, score_id) values (?, ?, ?, ?, ?, ?, ?, ?, ?, ?)
insert into score (facility_rank, facility_score, price_rank, price_score, rank_average, surround_rank, surround_score, view_rank, view_score, score_id) values (4.865056771420695, 5.599375072682774, 5.5076354641439895, 4.707174472504542, 6.331952021772674, 7.178747222569976, 3.8535113832571866, 8.041059927069028, 4.558959871604239, 228);
2022-10-10 13:48:04.403  INFO 3923 --- [    Test worker] p6spy                                    : #1665377284403 | took 0ms | statement | connection 22| url jdbc:h2:mem:6a3784ae-1aa6-4bbf-b617-4d4aeabcc2af
insert into picture (spot_id, url, picture_id) values (?, ?, ?)
insert into picture (spot_id, url, picture_id) values (NULL, 'java.io.StringReader@5fe88f43', 965);
2022-10-10 13:48:04.403  INFO 3923 --- [    Test worker] p6spy                                    : #1665377284403 | took 0ms | statement | connection 22| url jdbc:h2:mem:6a3784ae-1aa6-4bbf-b617-4d4aeabcc2af
insert into picture (spot_id, url, picture_id) values (?, ?, ?)
insert into picture (spot_id, url, picture_id) values (NULL, 'java.io.StringReader@637bae77', 966);
2022-10-10 13:48:04.403  INFO 3923 --- [    Test worker] p6spy                                    : #1665377284403 | took 0ms | statement | connection 22| url jdbc:h2:mem:6a3784ae-1aa6-4bbf-b617-4d4aeabcc2af
insert into picture (spot_id, url, picture_id) values (?, ?, ?)
insert into picture (spot_id, url, picture_id) values (NULL, 'java.io.StringReader@25ad5498', 967);
2022-10-10 13:48:04.403  INFO 3923 --- [    Test worker] p6spy                                    : #1665377284403 | took 0ms | statement | connection 22| url jdbc:h2:mem:6a3784ae-1aa6-4bbf-b617-4d4aeabcc2af
insert into spot (address, description, location, name, score_id, spot_id) values (?, ?, ?, ?, ?, ?)
insert into spot (address, description, location, name, score_id, spot_id) values (NULL, NULL, 'Aewol_eup', NULL, 228, 294);
2022-10-10 13:48:04.403  INFO 3923 --- [    Test worker] p6spy                                    : #1665377284403 | took 0ms | statement | connection 22| url jdbc:h2:mem:6a3784ae-1aa6-4bbf-b617-4d4aeabcc2af
insert into member_spot (member_id, score, spot_id, member_spot_id) values (?, ?, ?, ?)
insert into member_spot (member_id, score, spot_id, member_spot_id) values (13, 0.0, 294, 968);
2022-10-10 13:48:04.403  INFO 3923 --- [    Test worker] p6spy                                    : #1665377284403 | took 0ms | statement | connection 22| url jdbc:h2:mem:6a3784ae-1aa6-4bbf-b617-4d4aeabcc2af
insert into review (content, spot_id, review_id) values (?, ?, ?)
insert into review (content, spot_id, review_id) values ('java.io.StringReader@62c3853e', 269, 230);
2022-10-10 13:48:04.403  INFO 3923 --- [    Test worker] p6spy                                    : #1665377284403 | took 0ms | statement | connection 22| url jdbc:h2:mem:6a3784ae-1aa6-4bbf-b617-4d4aeabcc2af
insert into score (facility_rank, facility_score, price_rank, price_score, rank_average, surround_rank, surround_score, view_rank, view_score, score_id) values (?, ?, ?, ?, ?, ?, ?, ?, ?, ?)
insert into score (facility_rank, facility_score, price_rank, price_score, rank_average, surround_rank, surround_score, view_rank, view_score, score_id) values (9.548466458193868, 1.5429701199638823, 9.38735207744213, 7.384695167719755, 9.412415855230801, 4.911301542068523, 3.8272955782537696, 6.846352283620162, 6.288424684414167, 229);
2022-10-10 13:48:04.403  INFO 3923 --- [    Test worker] p6spy                                    : #1665377284403 | took 0ms | statement | connection 22| url jdbc:h2:mem:6a3784ae-1aa6-4bbf-b617-4d4aeabcc2af
insert into picture (spot_id, url, picture_id) values (?, ?, ?)
insert into picture (spot_id, url, picture_id) values (NULL, 'java.io.StringReader@4e579bd', 969);
2022-10-10 13:48:04.403  INFO 3923 --- [    Test worker] p6spy                                    : #1665377284403 | took 0ms | statement | connection 22| url jdbc:h2:mem:6a3784ae-1aa6-4bbf-b617-4d4aeabcc2af
insert into picture (spot_id, url, picture_id) values (?, ?, ?)
insert into picture (spot_id, url, picture_id) values (NULL, 'java.io.StringReader@122984d1', 970);
2022-10-10 13:48:04.403  INFO 3923 --- [    Test worker] p6spy                                    : #1665377284403 | took 0ms | statement | connection 22| url jdbc:h2:mem:6a3784ae-1aa6-4bbf-b617-4d4aeabcc2af
insert into picture (spot_id, url, picture_id) values (?, ?, ?)
insert into picture (spot_id, url, picture_id) values (NULL, 'java.io.StringReader@378a9271', 971);
2022-10-10 13:48:04.404  INFO 3923 --- [    Test worker] p6spy                                    : #1665377284404 | took 0ms | statement | connection 22| url jdbc:h2:mem:6a3784ae-1aa6-4bbf-b617-4d4aeabcc2af
insert into spot (address, description, location, name, score_id, spot_id) values (?, ?, ?, ?, ?, ?)
insert into spot (address, description, location, name, score_id, spot_id) values (NULL, NULL, 'Aewol_eup', NULL, 229, 295);
2022-10-10 13:48:04.404  INFO 3923 --- [    Test worker] p6spy                                    : #1665377284404 | took 0ms | statement | connection 22| url jdbc:h2:mem:6a3784ae-1aa6-4bbf-b617-4d4aeabcc2af
insert into member_spot (member_id, score, spot_id, member_spot_id) values (?, ?, ?, ?)
insert into member_spot (member_id, score, spot_id, member_spot_id) values (13, 0.0, 295, 972);
2022-10-10 13:48:04.404  INFO 3923 --- [    Test worker] p6spy                                    : #1665377284404 | took 0ms | statement | connection 22| url jdbc:h2:mem:6a3784ae-1aa6-4bbf-b617-4d4aeabcc2af
insert into review (content, spot_id, review_id) values (?, ?, ?)
insert into review (content, spot_id, review_id) values ('java.io.StringReader@19835342', 269, 231);
2022-10-10 13:48:04.404  INFO 3923 --- [    Test worker] p6spy                                    : #1665377284404 | took 0ms | statement | connection 22| url jdbc:h2:mem:6a3784ae-1aa6-4bbf-b617-4d4aeabcc2af
insert into favorite_spot (count, favorite_id, spot_id, favorite_spot_id) values (?, ?, ?, ?)
insert into favorite_spot (count, favorite_id, spot_id, favorite_spot_id) values (0, 36, 295, 284);
2022-10-10 13:48:04.404  INFO 3923 --- [    Test worker] p6spy                                    : #1665377284404 | took 0ms | statement | connection 22| url jdbc:h2:mem:6a3784ae-1aa6-4bbf-b617-4d4aeabcc2af
insert into score (facility_rank, facility_score, price_rank, price_score, rank_average, surround_rank, surround_score, view_rank, view_score, score_id) values (?, ?, ?, ?, ?, ?, ?, ?, ?, ?)
insert into score (facility_rank, facility_score, price_rank, price_score, rank_average, surround_rank, surround_score, view_rank, view_score, score_id) values (8.169566233259914, 9.376166712744478, 6.066802687846432, 0.9262809765806523, 1.2365187085597296, 0.532803196983036, 1.744207271768059, 9.073918598305301, 6.865525871967924, 230);
2022-10-10 13:48:04.404  INFO 3923 --- [    Test worker] p6spy                                    : #1665377284404 | took 0ms | statement | connection 22| url jdbc:h2:mem:6a3784ae-1aa6-4bbf-b617-4d4aeabcc2af
insert into picture (spot_id, url, picture_id) values (?, ?, ?)
insert into picture (spot_id, url, picture_id) values (NULL, 'java.io.StringReader@364184', 973);
2022-10-10 13:48:04.404  INFO 3923 --- [    Test worker] p6spy                                    : #1665377284404 | took 0ms | statement | connection 22| url jdbc:h2:mem:6a3784ae-1aa6-4bbf-b617-4d4aeabcc2af
insert into picture (spot_id, url, picture_id) values (?, ?, ?)
insert into picture (spot_id, url, picture_id) values (NULL, 'java.io.StringReader@1a8bfac8', 974);
2022-10-10 13:48:04.404  INFO 3923 --- [    Test worker] p6spy                                    : #1665377284404 | took 0ms | statement | connection 22| url jdbc:h2:mem:6a3784ae-1aa6-4bbf-b617-4d4aeabcc2af
insert into picture (spot_id, url, picture_id) values (?, ?, ?)
insert into picture (spot_id, url, picture_id) values (NULL, 'java.io.StringReader@2074be26', 975);
2022-10-10 13:48:04.404  INFO 3923 --- [    Test worker] p6spy                                    : #1665377284404 | took 0ms | statement | connection 22| url jdbc:h2:mem:6a3784ae-1aa6-4bbf-b617-4d4aeabcc2af
insert into spot (address, description, location, name, score_id, spot_id) values (?, ?, ?, ?, ?, ?)
insert into spot (address, description, location, name, score_id, spot_id) values (NULL, NULL, 'Aewol_eup', NULL, 230, 296);
2022-10-10 13:48:04.404  INFO 3923 --- [    Test worker] p6spy                                    : #1665377284404 | took 0ms | statement | connection 22| url jdbc:h2:mem:6a3784ae-1aa6-4bbf-b617-4d4aeabcc2af
insert into member_spot (member_id, score, spot_id, member_spot_id) values (?, ?, ?, ?)
insert into member_spot (member_id, score, spot_id, member_spot_id) values (13, 0.0, 296, 976);
2022-10-10 13:48:04.404  INFO 3923 --- [    Test worker] p6spy                                    : #1665377284404 | took 0ms | statement | connection 22| url jdbc:h2:mem:6a3784ae-1aa6-4bbf-b617-4d4aeabcc2af
insert into review (content, spot_id, review_id) values (?, ?, ?)
insert into review (content, spot_id, review_id) values ('java.io.StringReader@3144dd1a', 269, 232);
2022-10-10 13:48:04.404  INFO 3923 --- [    Test worker] p6spy                                    : #1665377284404 | took 0ms | statement | connection 22| url jdbc:h2:mem:6a3784ae-1aa6-4bbf-b617-4d4aeabcc2af
insert into score (facility_rank, facility_score, price_rank, price_score, rank_average, surround_rank, surround_score, view_rank, view_score, score_id) values (?, ?, ?, ?, ?, ?, ?, ?, ?, ?)
insert into score (facility_rank, facility_score, price_rank, price_score, rank_average, surround_rank, surround_score, view_rank, view_score, score_id) values (7.342844317323282, 7.869980721249503, 5.659930698788247, 5.691446043562353, 2.6435887901202806, 0.9073441590141107, 4.365876855910412, 9.387306372155455, 6.858804513620762, 231);
2022-10-10 13:48:04.404  INFO 3923 --- [    Test worker] p6spy                                    : #1665377284404 | took 0ms | statement | connection 22| url jdbc:h2:mem:6a3784ae-1aa6-4bbf-b617-4d4aeabcc2af
insert into picture (spot_id, url, picture_id) values (?, ?, ?)
insert into picture (spot_id, url, picture_id) values (NULL, 'java.io.StringReader@23c0d01c', 977);
2022-10-10 13:48:04.404  INFO 3923 --- [    Test worker] p6spy                                    : #1665377284404 | took 0ms | statement | connection 22| url jdbc:h2:mem:6a3784ae-1aa6-4bbf-b617-4d4aeabcc2af
insert into picture (spot_id, url, picture_id) values (?, ?, ?)
insert into picture (spot_id, url, picture_id) values (NULL, 'java.io.StringReader@13e1f8be', 978);
2022-10-10 13:48:04.404  INFO 3923 --- [    Test worker] p6spy                                    : #1665377284404 | took 0ms | statement | connection 22| url jdbc:h2:mem:6a3784ae-1aa6-4bbf-b617-4d4aeabcc2af
insert into picture (spot_id, url, picture_id) values (?, ?, ?)
insert into picture (spot_id, url, picture_id) values (NULL, 'java.io.StringReader@7c9e0b8b', 979);
2022-10-10 13:48:04.404  INFO 3923 --- [    Test worker] p6spy                                    : #1665377284404 | took 0ms | statement | connection 22| url jdbc:h2:mem:6a3784ae-1aa6-4bbf-b617-4d4aeabcc2af
insert into spot (address, description, location, name, score_id, spot_id) values (?, ?, ?, ?, ?, ?)
insert into spot (address, description, location, name, score_id, spot_id) values (NULL, NULL, 'Aewol_eup', NULL, 231, 297);
2022-10-10 13:48:04.404  INFO 3923 --- [    Test worker] p6spy                                    : #1665377284404 | took 0ms | statement | connection 22| url jdbc:h2:mem:6a3784ae-1aa6-4bbf-b617-4d4aeabcc2af
insert into member_spot (member_id, score, spot_id, member_spot_id) values (?, ?, ?, ?)
insert into member_spot (member_id, score, spot_id, member_spot_id) values (13, 0.0, 297, 980);
2022-10-10 13:48:04.404  INFO 3923 --- [    Test worker] p6spy                                    : #1665377284404 | took 0ms | statement | connection 22| url jdbc:h2:mem:6a3784ae-1aa6-4bbf-b617-4d4aeabcc2af
insert into review (content, spot_id, review_id) values (?, ?, ?)
insert into review (content, spot_id, review_id) values ('java.io.StringReader@703c48a9', 269, 233);
2022-10-10 13:48:04.404  INFO 3923 --- [    Test worker] p6spy                                    : #1665377284404 | took 0ms | statement | connection 22| url jdbc:h2:mem:6a3784ae-1aa6-4bbf-b617-4d4aeabcc2af
insert into favorite_spot (count, favorite_id, spot_id, favorite_spot_id) values (?, ?, ?, ?)
insert into favorite_spot (count, favorite_id, spot_id, favorite_spot_id) values (0, 36, 297, 285);
2022-10-10 13:48:04.404  INFO 3923 --- [    Test worker] p6spy                                    : #1665377284404 | took 0ms | statement | connection 22| url jdbc:h2:mem:6a3784ae-1aa6-4bbf-b617-4d4aeabcc2af
insert into score (facility_rank, facility_score, price_rank, price_score, rank_average, surround_rank, surround_score, view_rank, view_score, score_id) values (?, ?, ?, ?, ?, ?, ?, ?, ?, ?)
insert into score (facility_rank, facility_score, price_rank, price_score, rank_average, surround_rank, surround_score, view_rank, view_score, score_id) values (4.325555113762266, 8.485254773346648, 6.343021913036379, 6.427223315471061, 1.6171547087454585, 0.623023787128707, 3.8143212055745437, 6.2261966603747005, 2.0872968562649943, 232);
2022-10-10 13:48:04.404  INFO 3923 --- [    Test worker] p6spy                                    : #1665377284404 | took 0ms | statement | connection 22| url jdbc:h2:mem:6a3784ae-1aa6-4bbf-b617-4d4aeabcc2af
insert into picture (spot_id, url, picture_id) values (?, ?, ?)
insert into picture (spot_id, url, picture_id) values (NULL, 'java.io.StringReader@37ce71f0', 981);
2022-10-10 13:48:04.404  INFO 3923 --- [    Test worker] p6spy                                    : #1665377284404 | took 0ms | statement | connection 22| url jdbc:h2:mem:6a3784ae-1aa6-4bbf-b617-4d4aeabcc2af
insert into picture (spot_id, url, picture_id) values (?, ?, ?)
insert into picture (spot_id, url, picture_id) values (NULL, 'java.io.StringReader@295f6c8b', 982);
2022-10-10 13:48:04.404  INFO 3923 --- [    Test worker] p6spy                                    : #1665377284404 | took 0ms | statement | connection 22| url jdbc:h2:mem:6a3784ae-1aa6-4bbf-b617-4d4aeabcc2af
insert into picture (spot_id, url, picture_id) values (?, ?, ?)
insert into picture (spot_id, url, picture_id) values (NULL, 'java.io.StringReader@1dae615d', 983);
2022-10-10 13:48:04.404  INFO 3923 --- [    Test worker] p6spy                                    : #1665377284404 | took 0ms | statement | connection 22| url jdbc:h2:mem:6a3784ae-1aa6-4bbf-b617-4d4aeabcc2af
insert into spot (address, description, location, name, score_id, spot_id) values (?, ?, ?, ?, ?, ?)
insert into spot (address, description, location, name, score_id, spot_id) values (NULL, NULL, 'Aewol_eup', NULL, 232, 298);
2022-10-10 13:48:04.404  INFO 3923 --- [    Test worker] p6spy                                    : #1665377284404 | took 0ms | statement | connection 22| url jdbc:h2:mem:6a3784ae-1aa6-4bbf-b617-4d4aeabcc2af
insert into member_spot (member_id, score, spot_id, member_spot_id) values (?, ?, ?, ?)
insert into member_spot (member_id, score, spot_id, member_spot_id) values (13, 0.0, 298, 984);
2022-10-10 13:48:04.404  INFO 3923 --- [    Test worker] p6spy                                    : #1665377284404 | took 0ms | statement | connection 22| url jdbc:h2:mem:6a3784ae-1aa6-4bbf-b617-4d4aeabcc2af
insert into review (content, spot_id, review_id) values (?, ?, ?)
insert into review (content, spot_id, review_id) values ('java.io.StringReader@6777bc90', 269, 234);
2022-10-10 13:48:04.404  INFO 3923 --- [    Test worker] p6spy                                    : #1665377284404 | took 0ms | statement | connection 22| url jdbc:h2:mem:6a3784ae-1aa6-4bbf-b617-4d4aeabcc2af
insert into score (facility_rank, facility_score, price_rank, price_score, rank_average, surround_rank, surround_score, view_rank, view_score, score_id) values (?, ?, ?, ?, ?, ?, ?, ?, ?, ?)
insert into score (facility_rank, facility_score, price_rank, price_score, rank_average, surround_rank, surround_score, view_rank, view_score, score_id) values (2.4573795884611824, 4.542075930635869, 2.984108929054913, 9.251842424015248, 5.704733892044605, 6.813772877149752, 4.363285823960391, 1.2492998795087418, 9.049475783596003, 233);
2022-10-10 13:48:04.404  INFO 3923 --- [    Test worker] p6spy                                    : #1665377284404 | took 0ms | statement | connection 22| url jdbc:h2:mem:6a3784ae-1aa6-4bbf-b617-4d4aeabcc2af
insert into picture (spot_id, url, picture_id) values (?, ?, ?)
insert into picture (spot_id, url, picture_id) values (NULL, 'java.io.StringReader@3e0d75a4', 985);
2022-10-10 13:48:04.404  INFO 3923 --- [    Test worker] p6spy                                    : #1665377284404 | took 0ms | statement | connection 22| url jdbc:h2:mem:6a3784ae-1aa6-4bbf-b617-4d4aeabcc2af
insert into picture (spot_id, url, picture_id) values (?, ?, ?)
insert into picture (spot_id, url, picture_id) values (NULL, 'java.io.StringReader@629a23da', 986);
2022-10-10 13:48:04.404  INFO 3923 --- [    Test worker] p6spy                                    : #1665377284404 | took 0ms | statement | connection 22| url jdbc:h2:mem:6a3784ae-1aa6-4bbf-b617-4d4aeabcc2af
insert into picture (spot_id, url, picture_id) values (?, ?, ?)
insert into picture (spot_id, url, picture_id) values (NULL, 'java.io.StringReader@26378a64', 987);
2022-10-10 13:48:04.404  INFO 3923 --- [    Test worker] p6spy                                    : #1665377284404 | took 0ms | statement | connection 22| url jdbc:h2:mem:6a3784ae-1aa6-4bbf-b617-4d4aeabcc2af
insert into spot (address, description, location, name, score_id, spot_id) values (?, ?, ?, ?, ?, ?)
insert into spot (address, description, location, name, score_id, spot_id) values (NULL, NULL, 'Aewol_eup', NULL, 233, 299);
2022-10-10 13:48:04.404  INFO 3923 --- [    Test worker] p6spy                                    : #1665377284404 | took 0ms | statement | connection 22| url jdbc:h2:mem:6a3784ae-1aa6-4bbf-b617-4d4aeabcc2af
insert into member_spot (member_id, score, spot_id, member_spot_id) values (?, ?, ?, ?)
insert into member_spot (member_id, score, spot_id, member_spot_id) values (13, 0.0, 299, 988);
2022-10-10 13:48:04.405  INFO 3923 --- [    Test worker] p6spy                                    : #1665377284405 | took 0ms | statement | connection 22| url jdbc:h2:mem:6a3784ae-1aa6-4bbf-b617-4d4aeabcc2af
insert into review (content, spot_id, review_id) values (?, ?, ?)
insert into review (content, spot_id, review_id) values ('java.io.StringReader@62057a7b', 269, 235);
2022-10-10 13:48:04.405  INFO 3923 --- [    Test worker] p6spy                                    : #1665377284405 | took 0ms | statement | connection 22| url jdbc:h2:mem:6a3784ae-1aa6-4bbf-b617-4d4aeabcc2af
insert into favorite_spot (count, favorite_id, spot_id, favorite_spot_id) values (?, ?, ?, ?)
insert into favorite_spot (count, favorite_id, spot_id, favorite_spot_id) values (0, 36, 299, 286);
2022-10-10 13:48:04.405  INFO 3923 --- [    Test worker] p6spy                                    : #1665377284405 | took 0ms | statement | connection 22| url jdbc:h2:mem:6a3784ae-1aa6-4bbf-b617-4d4aeabcc2af
insert into score (facility_rank, facility_score, price_rank, price_score, rank_average, surround_rank, surround_score, view_rank, view_score, score_id) values (?, ?, ?, ?, ?, ?, ?, ?, ?, ?)
insert into score (facility_rank, facility_score, price_rank, price_score, rank_average, surround_rank, surround_score, view_rank, view_score, score_id) values (8.827578366204662, 8.090711917499684, 6.138474686995154, 8.558001936056035, 1.9772520229213753, 3.5331503362427563, 8.146044495911969, 8.478774794294413, 1.3982677144780375, 234);
2022-10-10 13:48:04.405  INFO 3923 --- [    Test worker] p6spy                                    : #1665377284405 | took 0ms | statement | connection 22| url jdbc:h2:mem:6a3784ae-1aa6-4bbf-b617-4d4aeabcc2af
insert into picture (spot_id, url, picture_id) values (?, ?, ?)
insert into picture (spot_id, url, picture_id) values (NULL, 'java.io.StringReader@67a3713', 989);
2022-10-10 13:48:04.405  INFO 3923 --- [    Test worker] p6spy                                    : #1665377284405 | took 0ms | statement | connection 22| url jdbc:h2:mem:6a3784ae-1aa6-4bbf-b617-4d4aeabcc2af
insert into picture (spot_id, url, picture_id) values (?, ?, ?)
insert into picture (spot_id, url, picture_id) values (NULL, 'java.io.StringReader@5ffd29e8', 990);
2022-10-10 13:48:04.405  INFO 3923 --- [    Test worker] p6spy                                    : #1665377284405 | took 0ms | statement | connection 22| url jdbc:h2:mem:6a3784ae-1aa6-4bbf-b617-4d4aeabcc2af
insert into picture (spot_id, url, picture_id) values (?, ?, ?)
insert into picture (spot_id, url, picture_id) values (NULL, 'java.io.StringReader@131879fc', 991);
2022-10-10 13:48:04.405  INFO 3923 --- [    Test worker] p6spy                                    : #1665377284405 | took 0ms | statement | connection 22| url jdbc:h2:mem:6a3784ae-1aa6-4bbf-b617-4d4aeabcc2af
insert into spot (address, description, location, name, score_id, spot_id) values (?, ?, ?, ?, ?, ?)
insert into spot (address, description, location, name, score_id, spot_id) values (NULL, NULL, 'Aewol_eup', NULL, 234, 300);
2022-10-10 13:48:04.405  INFO 3923 --- [    Test worker] p6spy                                    : #1665377284405 | took 0ms | statement | connection 22| url jdbc:h2:mem:6a3784ae-1aa6-4bbf-b617-4d4aeabcc2af
insert into member_spot (member_id, score, spot_id, member_spot_id) values (?, ?, ?, ?)
insert into member_spot (member_id, score, spot_id, member_spot_id) values (13, 0.0, 300, 992);
2022-10-10 13:48:04.405  INFO 3923 --- [    Test worker] p6spy                                    : #1665377284405 | took 0ms | statement | connection 22| url jdbc:h2:mem:6a3784ae-1aa6-4bbf-b617-4d4aeabcc2af
insert into review (content, spot_id, review_id) values (?, ?, ?)
insert into review (content, spot_id, review_id) values ('java.io.StringReader@654ca409', 269, 236);
2022-10-10 13:48:04.405  INFO 3923 --- [    Test worker] p6spy                                    : #1665377284405 | took 0ms | statement | connection 22| url jdbc:h2:mem:6a3784ae-1aa6-4bbf-b617-4d4aeabcc2af
insert into score (facility_rank, facility_score, price_rank, price_score, rank_average, surround_rank, surround_score, view_rank, view_score, score_id) values (?, ?, ?, ?, ?, ?, ?, ?, ?, ?)
insert into score (facility_rank, facility_score, price_rank, price_score, rank_average, surround_rank, surround_score, view_rank, view_score, score_id) values (6.649915218297178, 0.6825364286612057, 9.794249146645459, 8.75786807216129, 0.8750115322318908, 1.0994121141063529, 5.872583534520212, 7.175597848537574, 3.4236950984617485, 235);
2022-10-10 13:48:04.405  INFO 3923 --- [    Test worker] p6spy                                    : #1665377284405 | took 0ms | statement | connection 22| url jdbc:h2:mem:6a3784ae-1aa6-4bbf-b617-4d4aeabcc2af
insert into picture (spot_id, url, picture_id) values (?, ?, ?)
insert into picture (spot_id, url, picture_id) values (NULL, 'java.io.StringReader@51acd052', 993);
2022-10-10 13:48:04.405  INFO 3923 --- [    Test worker] p6spy                                    : #1665377284405 | took 0ms | statement | connection 22| url jdbc:h2:mem:6a3784ae-1aa6-4bbf-b617-4d4aeabcc2af
insert into picture (spot_id, url, picture_id) values (?, ?, ?)
insert into picture (spot_id, url, picture_id) values (NULL, 'java.io.StringReader@1841d013', 994);
2022-10-10 13:48:04.405  INFO 3923 --- [    Test worker] p6spy                                    : #1665377284405 | took 0ms | statement | connection 22| url jdbc:h2:mem:6a3784ae-1aa6-4bbf-b617-4d4aeabcc2af
insert into picture (spot_id, url, picture_id) values (?, ?, ?)
insert into picture (spot_id, url, picture_id) values (NULL, 'java.io.StringReader@47b9622', 995);
2022-10-10 13:48:04.405  INFO 3923 --- [    Test worker] p6spy                                    : #1665377284405 | took 0ms | statement | connection 22| url jdbc:h2:mem:6a3784ae-1aa6-4bbf-b617-4d4aeabcc2af
insert into spot (address, description, location, name, score_id, spot_id) values (?, ?, ?, ?, ?, ?)
insert into spot (address, description, location, name, score_id, spot_id) values (NULL, NULL, 'Aewol_eup', NULL, 235, 301);
2022-10-10 13:48:04.405  INFO 3923 --- [    Test worker] p6spy                                    : #1665377284405 | took 0ms | statement | connection 22| url jdbc:h2:mem:6a3784ae-1aa6-4bbf-b617-4d4aeabcc2af
insert into member_spot (member_id, score, spot_id, member_spot_id) values (?, ?, ?, ?)
insert into member_spot (member_id, score, spot_id, member_spot_id) values (13, 0.0, 301, 996);
2022-10-10 13:48:04.405  INFO 3923 --- [    Test worker] p6spy                                    : #1665377284405 | took 0ms | statement | connection 22| url jdbc:h2:mem:6a3784ae-1aa6-4bbf-b617-4d4aeabcc2af
insert into review (content, spot_id, review_id) values (?, ?, ?)
insert into review (content, spot_id, review_id) values ('java.io.StringReader@64342f87', 269, 237);
2022-10-10 13:48:04.405  INFO 3923 --- [    Test worker] p6spy                                    : #1665377284405 | took 0ms | statement | connection 22| url jdbc:h2:mem:6a3784ae-1aa6-4bbf-b617-4d4aeabcc2af
insert into favorite_spot (count, favorite_id, spot_id, favorite_spot_id) values (?, ?, ?, ?)
insert into favorite_spot (count, favorite_id, spot_id, favorite_spot_id) values (0, 36, 301, 287);
2022-10-10 13:48:04.405  INFO 3923 --- [    Test worker] p6spy                                    : #1665377284405 | took 0ms | statement | connection 22| url jdbc:h2:mem:6a3784ae-1aa6-4bbf-b617-4d4aeabcc2af
insert into score (facility_rank, facility_score, price_rank, price_score, rank_average, surround_rank, surround_score, view_rank, view_score, score_id) values (?, ?, ?, ?, ?, ?, ?, ?, ?, ?)
insert into score (facility_rank, facility_score, price_rank, price_score, rank_average, surround_rank, surround_score, view_rank, view_score, score_id) values (8.190101526295214, 0.2308000864876536, 8.128222019437242, 0.4803900857000165, 8.058861705525704, 7.609419395813988, 1.3260933949962095, 0.998965075061572, 9.973679308185467, 236);
2022-10-10 13:48:04.405  INFO 3923 --- [    Test worker] p6spy                                    : #1665377284405 | took 0ms | statement | connection 22| url jdbc:h2:mem:6a3784ae-1aa6-4bbf-b617-4d4aeabcc2af
insert into picture (spot_id, url, picture_id) values (?, ?, ?)
insert into picture (spot_id, url, picture_id) values (NULL, 'java.io.StringReader@6ff9b4f2', 997);
2022-10-10 13:48:04.405  INFO 3923 --- [    Test worker] p6spy                                    : #1665377284405 | took 0ms | statement | connection 22| url jdbc:h2:mem:6a3784ae-1aa6-4bbf-b617-4d4aeabcc2af
insert into picture (spot_id, url, picture_id) values (?, ?, ?)
insert into picture (spot_id, url, picture_id) values (NULL, 'java.io.StringReader@18ea1b84', 998);
2022-10-10 13:48:04.405  INFO 3923 --- [    Test worker] p6spy                                    : #1665377284405 | took 0ms | statement | connection 22| url jdbc:h2:mem:6a3784ae-1aa6-4bbf-b617-4d4aeabcc2af
insert into picture (spot_id, url, picture_id) values (?, ?, ?)
insert into picture (spot_id, url, picture_id) values (NULL, 'java.io.StringReader@388f2d15', 999);
2022-10-10 13:48:04.405  INFO 3923 --- [    Test worker] p6spy                                    : #1665377284405 | took 0ms | statement | connection 22| url jdbc:h2:mem:6a3784ae-1aa6-4bbf-b617-4d4aeabcc2af
insert into spot (address, description, location, name, score_id, spot_id) values (?, ?, ?, ?, ?, ?)
insert into spot (address, description, location, name, score_id, spot_id) values (NULL, NULL, 'Aewol_eup', NULL, 236, 302);
2022-10-10 13:48:04.405  INFO 3923 --- [    Test worker] p6spy                                    : #1665377284405 | took 0ms | statement | connection 22| url jdbc:h2:mem:6a3784ae-1aa6-4bbf-b617-4d4aeabcc2af
insert into member_spot (member_id, score, spot_id, member_spot_id) values (?, ?, ?, ?)
insert into member_spot (member_id, score, spot_id, member_spot_id) values (13, 0.0, 302, 1000);
2022-10-10 13:48:04.405  INFO 3923 --- [    Test worker] p6spy                                    : #1665377284405 | took 0ms | statement | connection 22| url jdbc:h2:mem:6a3784ae-1aa6-4bbf-b617-4d4aeabcc2af
insert into review (content, spot_id, review_id) values (?, ?, ?)
insert into review (content, spot_id, review_id) values ('java.io.StringReader@4df0be5e', 269, 238);
2022-10-10 13:48:04.405  INFO 3923 --- [    Test worker] p6spy                                    : #1665377284405 | took 0ms | statement | connection 22| url jdbc:h2:mem:6a3784ae-1aa6-4bbf-b617-4d4aeabcc2af
insert into score (facility_rank, facility_score, price_rank, price_score, rank_average, surround_rank, surround_score, view_rank, view_score, score_id) values (?, ?, ?, ?, ?, ?, ?, ?, ?, ?)
insert into score (facility_rank, facility_score, price_rank, price_score, rank_average, surround_rank, surround_score, view_rank, view_score, score_id) values (9.488001168745026, 1.2961156377109406, 5.390286236551487, 0.86773941671207, 9.092342696760555, 2.8144287747942762, 8.75153070352923, 2.4056165671310947, 9.778079059642895, 237);
2022-10-10 13:48:04.405  INFO 3923 --- [    Test worker] p6spy                                    : #1665377284405 | took 0ms | statement | connection 22| url jdbc:h2:mem:6a3784ae-1aa6-4bbf-b617-4d4aeabcc2af
insert into picture (spot_id, url, picture_id) values (?, ?, ?)
insert into picture (spot_id, url, picture_id) values (NULL, 'java.io.StringReader@5c48981a', 1001);
2022-10-10 13:48:04.405  INFO 3923 --- [    Test worker] p6spy                                    : #1665377284405 | took 0ms | statement | connection 22| url jdbc:h2:mem:6a3784ae-1aa6-4bbf-b617-4d4aeabcc2af
insert into picture (spot_id, url, picture_id) values (?, ?, ?)
insert into picture (spot_id, url, picture_id) values (NULL, 'java.io.StringReader@71aeb62', 1002);
2022-10-10 13:48:04.405  INFO 3923 --- [    Test worker] p6spy                                    : #1665377284405 | took 0ms | statement | connection 22| url jdbc:h2:mem:6a3784ae-1aa6-4bbf-b617-4d4aeabcc2af
insert into picture (spot_id, url, picture_id) values (?, ?, ?)
insert into picture (spot_id, url, picture_id) values (NULL, 'java.io.StringReader@126606bc', 1003);
2022-10-10 13:48:04.405  INFO 3923 --- [    Test worker] p6spy                                    : #1665377284405 | took 0ms | statement | connection 22| url jdbc:h2:mem:6a3784ae-1aa6-4bbf-b617-4d4aeabcc2af
insert into spot (address, description, location, name, score_id, spot_id) values (?, ?, ?, ?, ?, ?)
insert into spot (address, description, location, name, score_id, spot_id) values (NULL, NULL, 'Aewol_eup', NULL, 237, 303);
2022-10-10 13:48:04.405  INFO 3923 --- [    Test worker] p6spy                                    : #1665377284405 | took 0ms | statement | connection 22| url jdbc:h2:mem:6a3784ae-1aa6-4bbf-b617-4d4aeabcc2af
insert into member_spot (member_id, score, spot_id, member_spot_id) values (?, ?, ?, ?)
insert into member_spot (member_id, score, spot_id, member_spot_id) values (13, 0.0, 303, 1004);
2022-10-10 13:48:04.405  INFO 3923 --- [    Test worker] p6spy                                    : #1665377284405 | took 0ms | statement | connection 22| url jdbc:h2:mem:6a3784ae-1aa6-4bbf-b617-4d4aeabcc2af
insert into review (content, spot_id, review_id) values (?, ?, ?)
insert into review (content, spot_id, review_id) values ('java.io.StringReader@32b90410', 269, 239);
2022-10-10 13:48:04.405  INFO 3923 --- [    Test worker] p6spy                                    : #1665377284405 | took 0ms | statement | connection 22| url jdbc:h2:mem:6a3784ae-1aa6-4bbf-b617-4d4aeabcc2af
insert into favorite_spot (count, favorite_id, spot_id, favorite_spot_id) values (?, ?, ?, ?)
insert into favorite_spot (count, favorite_id, spot_id, favorite_spot_id) values (0, 36, 303, 288);
2022-10-10 13:48:04.405  INFO 3923 --- [    Test worker] p6spy                                    : #1665377284405 | took 0ms | statement | connection 22| url jdbc:h2:mem:6a3784ae-1aa6-4bbf-b617-4d4aeabcc2af
insert into score (facility_rank, facility_score, price_rank, price_score, rank_average, surround_rank, surround_score, view_rank, view_score, score_id) values (?, ?, ?, ?, ?, ?, ?, ?, ?, ?)
insert into score (facility_rank, facility_score, price_rank, price_score, rank_average, surround_rank, surround_score, view_rank, view_score, score_id) values (6.48456487266464, 2.321691399168413, 7.351258854214324, 7.555279728610915, 6.806348750710816, 2.4605313233148394, 1.863032625086708, 4.847191741172708, 2.1072293566983378, 238);
2022-10-10 13:48:04.405  INFO 3923 --- [    Test worker] p6spy                                    : #1665377284405 | took 0ms | statement | connection 22| url jdbc:h2:mem:6a3784ae-1aa6-4bbf-b617-4d4aeabcc2af
insert into picture (spot_id, url, picture_id) values (?, ?, ?)
insert into picture (spot_id, url, picture_id) values (NULL, 'java.io.StringReader@7b394771', 1005);
2022-10-10 13:48:04.405  INFO 3923 --- [    Test worker] p6spy                                    : #1665377284405 | took 0ms | statement | connection 22| url jdbc:h2:mem:6a3784ae-1aa6-4bbf-b617-4d4aeabcc2af
insert into picture (spot_id, url, picture_id) values (?, ?, ?)
insert into picture (spot_id, url, picture_id) values (NULL, 'java.io.StringReader@52fc2577', 1006);
2022-10-10 13:48:04.405  INFO 3923 --- [    Test worker] p6spy                                    : #1665377284405 | took 0ms | statement | connection 22| url jdbc:h2:mem:6a3784ae-1aa6-4bbf-b617-4d4aeabcc2af
insert into picture (spot_id, url, picture_id) values (?, ?, ?)
insert into picture (spot_id, url, picture_id) values (NULL, 'java.io.StringReader@416374ec', 1007);
2022-10-10 13:48:04.406  INFO 3923 --- [    Test worker] p6spy                                    : #1665377284406 | took 0ms | statement | connection 22| url jdbc:h2:mem:6a3784ae-1aa6-4bbf-b617-4d4aeabcc2af
insert into spot (address, description, location, name, score_id, spot_id) values (?, ?, ?, ?, ?, ?)
insert into spot (address, description, location, name, score_id, spot_id) values (NULL, NULL, 'Aewol_eup', NULL, 238, 304);
2022-10-10 13:48:04.406  INFO 3923 --- [    Test worker] p6spy                                    : #1665377284406 | took 0ms | statement | connection 22| url jdbc:h2:mem:6a3784ae-1aa6-4bbf-b617-4d4aeabcc2af
insert into member_spot (member_id, score, spot_id, member_spot_id) values (?, ?, ?, ?)
insert into member_spot (member_id, score, spot_id, member_spot_id) values (13, 0.0, 304, 1008);
2022-10-10 13:48:04.406  INFO 3923 --- [    Test worker] p6spy                                    : #1665377284406 | took 0ms | statement | connection 22| url jdbc:h2:mem:6a3784ae-1aa6-4bbf-b617-4d4aeabcc2af
insert into review (content, spot_id, review_id) values (?, ?, ?)
insert into review (content, spot_id, review_id) values ('java.io.StringReader@159fac74', 269, 240);
2022-10-10 13:48:04.406  INFO 3923 --- [    Test worker] p6spy                                    : #1665377284406 | took 0ms | statement | connection 22| url jdbc:h2:mem:6a3784ae-1aa6-4bbf-b617-4d4aeabcc2af
insert into score (facility_rank, facility_score, price_rank, price_score, rank_average, surround_rank, surround_score, view_rank, view_score, score_id) values (?, ?, ?, ?, ?, ?, ?, ?, ?, ?)
insert into score (facility_rank, facility_score, price_rank, price_score, rank_average, surround_rank, surround_score, view_rank, view_score, score_id) values (7.920047744117934, 8.26664608201672, 4.309647466956701, 5.4599438558146005, 5.155422772633708, 8.963285713407958, 6.635833436823862, 3.361936027385093, 6.702896596247153, 239);
2022-10-10 13:48:04.406  INFO 3923 --- [    Test worker] p6spy                                    : #1665377284406 | took 0ms | statement | connection 22| url jdbc:h2:mem:6a3784ae-1aa6-4bbf-b617-4d4aeabcc2af
insert into picture (spot_id, url, picture_id) values (?, ?, ?)
insert into picture (spot_id, url, picture_id) values (NULL, 'java.io.StringReader@76242b2c', 1009);
2022-10-10 13:48:04.406  INFO 3923 --- [    Test worker] p6spy                                    : #1665377284406 | took 0ms | statement | connection 22| url jdbc:h2:mem:6a3784ae-1aa6-4bbf-b617-4d4aeabcc2af
insert into picture (spot_id, url, picture_id) values (?, ?, ?)
insert into picture (spot_id, url, picture_id) values (NULL, 'java.io.StringReader@53413a1a', 1010);
2022-10-10 13:48:04.406  INFO 3923 --- [    Test worker] p6spy                                    : #1665377284406 | took 0ms | statement | connection 22| url jdbc:h2:mem:6a3784ae-1aa6-4bbf-b617-4d4aeabcc2af
insert into picture (spot_id, url, picture_id) values (?, ?, ?)
insert into picture (spot_id, url, picture_id) values (NULL, 'java.io.StringReader@7ee8882a', 1011);
2022-10-10 13:48:04.406  INFO 3923 --- [    Test worker] p6spy                                    : #1665377284406 | took 0ms | statement | connection 22| url jdbc:h2:mem:6a3784ae-1aa6-4bbf-b617-4d4aeabcc2af
insert into spot (address, description, location, name, score_id, spot_id) values (?, ?, ?, ?, ?, ?)
insert into spot (address, description, location, name, score_id, spot_id) values (NULL, NULL, 'Aewol_eup', NULL, 239, 305);
2022-10-10 13:48:04.406  INFO 3923 --- [    Test worker] p6spy                                    : #1665377284406 | took 0ms | statement | connection 22| url jdbc:h2:mem:6a3784ae-1aa6-4bbf-b617-4d4aeabcc2af
insert into member_spot (member_id, score, spot_id, member_spot_id) values (?, ?, ?, ?)
insert into member_spot (member_id, score, spot_id, member_spot_id) values (13, 0.0, 305, 1012);
2022-10-10 13:48:04.406  INFO 3923 --- [    Test worker] p6spy                                    : #1665377284406 | took 0ms | statement | connection 22| url jdbc:h2:mem:6a3784ae-1aa6-4bbf-b617-4d4aeabcc2af
insert into review (content, spot_id, review_id) values (?, ?, ?)
insert into review (content, spot_id, review_id) values ('java.io.StringReader@129e58fa', 269, 241);
2022-10-10 13:48:04.406  INFO 3923 --- [    Test worker] p6spy                                    : #1665377284406 | took 0ms | statement | connection 22| url jdbc:h2:mem:6a3784ae-1aa6-4bbf-b617-4d4aeabcc2af
insert into favorite_spot (count, favorite_id, spot_id, favorite_spot_id) values (?, ?, ?, ?)
insert into favorite_spot (count, favorite_id, spot_id, favorite_spot_id) values (0, 36, 305, 289);
2022-10-10 13:48:04.406  INFO 3923 --- [    Test worker] p6spy                                    : #1665377284406 | took 0ms | statement | connection 22| url jdbc:h2:mem:6a3784ae-1aa6-4bbf-b617-4d4aeabcc2af
insert into score (facility_rank, facility_score, price_rank, price_score, rank_average, surround_rank, surround_score, view_rank, view_score, score_id) values (?, ?, ?, ?, ?, ?, ?, ?, ?, ?)
insert into score (facility_rank, facility_score, price_rank, price_score, rank_average, surround_rank, surround_score, view_rank, view_score, score_id) values (0.04212426717956408, 5.609071802184355, 0.6541526853372659, 4.591184320974371, 2.658563764768389, 2.349467876562914, 8.69403157313123, 4.846620409928396, 1.8800003038120094, 240);
2022-10-10 13:48:04.406  INFO 3923 --- [    Test worker] p6spy                                    : #1665377284406 | took 0ms | statement | connection 22| url jdbc:h2:mem:6a3784ae-1aa6-4bbf-b617-4d4aeabcc2af
insert into picture (spot_id, url, picture_id) values (?, ?, ?)
insert into picture (spot_id, url, picture_id) values (NULL, 'java.io.StringReader@6ae0c053', 1013);
2022-10-10 13:48:04.406  INFO 3923 --- [    Test worker] p6spy                                    : #1665377284406 | took 0ms | statement | connection 22| url jdbc:h2:mem:6a3784ae-1aa6-4bbf-b617-4d4aeabcc2af
insert into picture (spot_id, url, picture_id) values (?, ?, ?)
insert into picture (spot_id, url, picture_id) values (NULL, 'java.io.StringReader@6a6a8915', 1014);
2022-10-10 13:48:04.406  INFO 3923 --- [    Test worker] p6spy                                    : #1665377284406 | took 0ms | statement | connection 22| url jdbc:h2:mem:6a3784ae-1aa6-4bbf-b617-4d4aeabcc2af
insert into picture (spot_id, url, picture_id) values (?, ?, ?)
insert into picture (spot_id, url, picture_id) values (NULL, 'java.io.StringReader@493b0b09', 1015);
2022-10-10 13:48:04.406  INFO 3923 --- [    Test worker] p6spy                                    : #1665377284406 | took 0ms | statement | connection 22| url jdbc:h2:mem:6a3784ae-1aa6-4bbf-b617-4d4aeabcc2af
insert into spot (address, description, location, name, score_id, spot_id) values (?, ?, ?, ?, ?, ?)
insert into spot (address, description, location, name, score_id, spot_id) values (NULL, NULL, 'Aewol_eup', NULL, 240, 306);
2022-10-10 13:48:04.406  INFO 3923 --- [    Test worker] p6spy                                    : #1665377284406 | took 0ms | statement | connection 22| url jdbc:h2:mem:6a3784ae-1aa6-4bbf-b617-4d4aeabcc2af
insert into member_spot (member_id, score, spot_id, member_spot_id) values (?, ?, ?, ?)
insert into member_spot (member_id, score, spot_id, member_spot_id) values (13, 0.0, 306, 1016);
2022-10-10 13:48:04.406  INFO 3923 --- [    Test worker] p6spy                                    : #1665377284406 | took 0ms | statement | connection 22| url jdbc:h2:mem:6a3784ae-1aa6-4bbf-b617-4d4aeabcc2af
insert into review (content, spot_id, review_id) values (?, ?, ?)
insert into review (content, spot_id, review_id) values ('java.io.StringReader@70224e31', 269, 242);
2022-10-10 13:48:04.406  INFO 3923 --- [    Test worker] p6spy                                    : #1665377284406 | took 0ms | statement | connection 22| url jdbc:h2:mem:6a3784ae-1aa6-4bbf-b617-4d4aeabcc2af
insert into score (facility_rank, facility_score, price_rank, price_score, rank_average, surround_rank, surround_score, view_rank, view_score, score_id) values (?, ?, ?, ?, ?, ?, ?, ?, ?, ?)
insert into score (facility_rank, facility_score, price_rank, price_score, rank_average, surround_rank, surround_score, view_rank, view_score, score_id) values (7.977461839419422, 9.765289251522958, 5.078355309937433, 3.342490746370906, 4.399903909587692, 7.051890766692025, 1.2934307395350142, 3.6922575252828627, 7.081158814269081, 241);
2022-10-10 13:48:04.406  INFO 3923 --- [    Test worker] p6spy                                    : #1665377284406 | took 0ms | statement | connection 22| url jdbc:h2:mem:6a3784ae-1aa6-4bbf-b617-4d4aeabcc2af
insert into picture (spot_id, url, picture_id) values (?, ?, ?)
insert into picture (spot_id, url, picture_id) values (NULL, 'java.io.StringReader@6bc04a88', 1017);
2022-10-10 13:48:04.406  INFO 3923 --- [    Test worker] p6spy                                    : #1665377284406 | took 0ms | statement | connection 22| url jdbc:h2:mem:6a3784ae-1aa6-4bbf-b617-4d4aeabcc2af
insert into picture (spot_id, url, picture_id) values (?, ?, ?)
insert into picture (spot_id, url, picture_id) values (NULL, 'java.io.StringReader@4e639564', 1018);
2022-10-10 13:48:04.406  INFO 3923 --- [    Test worker] p6spy                                    : #1665377284406 | took 0ms | statement | connection 22| url jdbc:h2:mem:6a3784ae-1aa6-4bbf-b617-4d4aeabcc2af
insert into picture (spot_id, url, picture_id) values (?, ?, ?)
insert into picture (spot_id, url, picture_id) values (NULL, 'java.io.StringReader@1cd7de2', 1019);
2022-10-10 13:48:04.406  INFO 3923 --- [    Test worker] p6spy                                    : #1665377284406 | took 0ms | statement | connection 22| url jdbc:h2:mem:6a3784ae-1aa6-4bbf-b617-4d4aeabcc2af
insert into spot (address, description, location, name, score_id, spot_id) values (?, ?, ?, ?, ?, ?)
insert into spot (address, description, location, name, score_id, spot_id) values (NULL, NULL, 'Aewol_eup', NULL, 241, 307);
2022-10-10 13:48:04.406  INFO 3923 --- [    Test worker] p6spy                                    : #1665377284406 | took 0ms | statement | connection 22| url jdbc:h2:mem:6a3784ae-1aa6-4bbf-b617-4d4aeabcc2af
insert into member_spot (member_id, score, spot_id, member_spot_id) values (?, ?, ?, ?)
insert into member_spot (member_id, score, spot_id, member_spot_id) values (13, 0.0, 307, 1020);
2022-10-10 13:48:04.406  INFO 3923 --- [    Test worker] p6spy                                    : #1665377284406 | took 0ms | statement | connection 22| url jdbc:h2:mem:6a3784ae-1aa6-4bbf-b617-4d4aeabcc2af
insert into review (content, spot_id, review_id) values (?, ?, ?)
insert into review (content, spot_id, review_id) values ('java.io.StringReader@7f7039f4', 269, 243);
2022-10-10 13:48:04.406  INFO 3923 --- [    Test worker] p6spy                                    : #1665377284406 | took 0ms | statement | connection 22| url jdbc:h2:mem:6a3784ae-1aa6-4bbf-b617-4d4aeabcc2af
insert into favorite_spot (count, favorite_id, spot_id, favorite_spot_id) values (?, ?, ?, ?)
insert into favorite_spot (count, favorite_id, spot_id, favorite_spot_id) values (0, 36, 307, 290);
2022-10-10 13:48:04.406  INFO 3923 --- [    Test worker] p6spy                                    : #1665377284406 | took 0ms | statement | connection 22| url jdbc:h2:mem:6a3784ae-1aa6-4bbf-b617-4d4aeabcc2af
insert into score (facility_rank, facility_score, price_rank, price_score, rank_average, surround_rank, surround_score, view_rank, view_score, score_id) values (?, ?, ?, ?, ?, ?, ?, ?, ?, ?)
insert into score (facility_rank, facility_score, price_rank, price_score, rank_average, surround_rank, surround_score, view_rank, view_score, score_id) values (4.508380031534092, 3.696626506205428, 2.7596549748927846, 9.865154036242695, 4.378592022621732, 3.124385841873629, 2.568644916784253, 8.341068486695237, 8.747371117731008, 242);
2022-10-10 13:48:04.406  INFO 3923 --- [    Test worker] p6spy                                    : #1665377284406 | took 0ms | statement | connection 22| url jdbc:h2:mem:6a3784ae-1aa6-4bbf-b617-4d4aeabcc2af
insert into picture (spot_id, url, picture_id) values (?, ?, ?)
insert into picture (spot_id, url, picture_id) values (NULL, 'java.io.StringReader@6f893ea5', 1021);
2022-10-10 13:48:04.406  INFO 3923 --- [    Test worker] p6spy                                    : #1665377284406 | took 0ms | statement | connection 22| url jdbc:h2:mem:6a3784ae-1aa6-4bbf-b617-4d4aeabcc2af
insert into picture (spot_id, url, picture_id) values (?, ?, ?)
insert into picture (spot_id, url, picture_id) values (NULL, 'java.io.StringReader@4d704218', 1022);
2022-10-10 13:48:04.406  INFO 3923 --- [    Test worker] p6spy                                    : #1665377284406 | took 0ms | statement | connection 22| url jdbc:h2:mem:6a3784ae-1aa6-4bbf-b617-4d4aeabcc2af
insert into picture (spot_id, url, picture_id) values (?, ?, ?)
insert into picture (spot_id, url, picture_id) values (NULL, 'java.io.StringReader@33bb4935', 1023);
2022-10-10 13:48:04.406  INFO 3923 --- [    Test worker] p6spy                                    : #1665377284406 | took 0ms | statement | connection 22| url jdbc:h2:mem:6a3784ae-1aa6-4bbf-b617-4d4aeabcc2af
insert into spot (address, description, location, name, score_id, spot_id) values (?, ?, ?, ?, ?, ?)
insert into spot (address, description, location, name, score_id, spot_id) values (NULL, NULL, 'Aewol_eup', NULL, 242, 308);
2022-10-10 13:48:04.406  INFO 3923 --- [    Test worker] p6spy                                    : #1665377284406 | took 0ms | statement | connection 22| url jdbc:h2:mem:6a3784ae-1aa6-4bbf-b617-4d4aeabcc2af
insert into member_spot (member_id, score, spot_id, member_spot_id) values (?, ?, ?, ?)
insert into member_spot (member_id, score, spot_id, member_spot_id) values (13, 0.0, 308, 1024);
2022-10-10 13:48:04.406  INFO 3923 --- [    Test worker] p6spy                                    : #1665377284406 | took 0ms | statement | connection 22| url jdbc:h2:mem:6a3784ae-1aa6-4bbf-b617-4d4aeabcc2af
insert into review (content, spot_id, review_id) values (?, ?, ?)
insert into review (content, spot_id, review_id) values ('java.io.StringReader@7acb0140', 269, 244);
2022-10-10 13:48:04.406  INFO 3923 --- [    Test worker] p6spy                                    : #1665377284406 | took 0ms | statement | connection 22| url jdbc:h2:mem:6a3784ae-1aa6-4bbf-b617-4d4aeabcc2af
insert into score (facility_rank, facility_score, price_rank, price_score, rank_average, surround_rank, surround_score, view_rank, view_score, score_id) values (?, ?, ?, ?, ?, ?, ?, ?, ?, ?)
insert into score (facility_rank, facility_score, price_rank, price_score, rank_average, surround_rank, surround_score, view_rank, view_score, score_id) values (6.622941289471582, 3.2983213855970153, 6.465961355192414, 5.275818498236774, 0.10412417949641206, 7.9012786975686256, 0.10087291733532067, 0.5380787779969454, 0.8347264975008395, 243);
2022-10-10 13:48:04.407  INFO 3923 --- [    Test worker] p6spy                                    : #1665377284407 | took 0ms | statement | connection 22| url jdbc:h2:mem:6a3784ae-1aa6-4bbf-b617-4d4aeabcc2af
insert into picture (spot_id, url, picture_id) values (?, ?, ?)
insert into picture (spot_id, url, picture_id) values (NULL, 'java.io.StringReader@a891214', 1025);
2022-10-10 13:48:04.407  INFO 3923 --- [    Test worker] p6spy                                    : #1665377284407 | took 0ms | statement | connection 22| url jdbc:h2:mem:6a3784ae-1aa6-4bbf-b617-4d4aeabcc2af
insert into picture (spot_id, url, picture_id) values (?, ?, ?)
insert into picture (spot_id, url, picture_id) values (NULL, 'java.io.StringReader@773bccc3', 1026);
2022-10-10 13:48:04.407  INFO 3923 --- [    Test worker] p6spy                                    : #1665377284407 | took 0ms | statement | connection 22| url jdbc:h2:mem:6a3784ae-1aa6-4bbf-b617-4d4aeabcc2af
insert into picture (spot_id, url, picture_id) values (?, ?, ?)
insert into picture (spot_id, url, picture_id) values (NULL, 'java.io.StringReader@708f0dd6', 1027);
2022-10-10 13:48:04.407  INFO 3923 --- [    Test worker] p6spy                                    : #1665377284407 | took 0ms | statement | connection 22| url jdbc:h2:mem:6a3784ae-1aa6-4bbf-b617-4d4aeabcc2af
insert into spot (address, description, location, name, score_id, spot_id) values (?, ?, ?, ?, ?, ?)
insert into spot (address, description, location, name, score_id, spot_id) values (NULL, NULL, 'Aewol_eup', NULL, 243, 309);
2022-10-10 13:48:04.407  INFO 3923 --- [    Test worker] p6spy                                    : #1665377284407 | took 0ms | statement | connection 22| url jdbc:h2:mem:6a3784ae-1aa6-4bbf-b617-4d4aeabcc2af
insert into member_spot (member_id, score, spot_id, member_spot_id) values (?, ?, ?, ?)
insert into member_spot (member_id, score, spot_id, member_spot_id) values (13, 0.0, 309, 1028);
2022-10-10 13:48:04.407  INFO 3923 --- [    Test worker] p6spy                                    : #1665377284407 | took 0ms | statement | connection 22| url jdbc:h2:mem:6a3784ae-1aa6-4bbf-b617-4d4aeabcc2af
insert into review (content, spot_id, review_id) values (?, ?, ?)
insert into review (content, spot_id, review_id) values ('java.io.StringReader@6201a108', 269, 245);
2022-10-10 13:48:04.407  INFO 3923 --- [    Test worker] p6spy                                    : #1665377284407 | took 0ms | statement | connection 22| url jdbc:h2:mem:6a3784ae-1aa6-4bbf-b617-4d4aeabcc2af
insert into favorite_spot (count, favorite_id, spot_id, favorite_spot_id) values (?, ?, ?, ?)
insert into favorite_spot (count, favorite_id, spot_id, favorite_spot_id) values (0, 36, 309, 291);
2022-10-10 13:48:04.407  INFO 3923 --- [    Test worker] p6spy                                    : #1665377284407 | took 0ms | statement | connection 22| url jdbc:h2:mem:6a3784ae-1aa6-4bbf-b617-4d4aeabcc2af
insert into score (facility_rank, facility_score, price_rank, price_score, rank_average, surround_rank, surround_score, view_rank, view_score, score_id) values (?, ?, ?, ?, ?, ?, ?, ?, ?, ?)
insert into score (facility_rank, facility_score, price_rank, price_score, rank_average, surround_rank, surround_score, view_rank, view_score, score_id) values (7.267586358549238, 5.57745945836574, 0.8996086678360415, 3.1632155036233534, 1.8044429306011012, 5.2851143519693675, 6.6743368488277355, 1.9153631872149035, 3.085723092224838, 244);
2022-10-10 13:48:04.407  INFO 3923 --- [    Test worker] p6spy                                    : #1665377284407 | took 0ms | statement | connection 22| url jdbc:h2:mem:6a3784ae-1aa6-4bbf-b617-4d4aeabcc2af
insert into picture (spot_id, url, picture_id) values (?, ?, ?)
insert into picture (spot_id, url, picture_id) values (NULL, 'java.io.StringReader@7e408f88', 1029);
2022-10-10 13:48:04.407  INFO 3923 --- [    Test worker] p6spy                                    : #1665377284407 | took 0ms | statement | connection 22| url jdbc:h2:mem:6a3784ae-1aa6-4bbf-b617-4d4aeabcc2af
insert into picture (spot_id, url, picture_id) values (?, ?, ?)
insert into picture (spot_id, url, picture_id) values (NULL, 'java.io.StringReader@46acc228', 1030);
2022-10-10 13:48:04.407  INFO 3923 --- [    Test worker] p6spy                                    : #1665377284407 | took 0ms | statement | connection 22| url jdbc:h2:mem:6a3784ae-1aa6-4bbf-b617-4d4aeabcc2af
insert into picture (spot_id, url, picture_id) values (?, ?, ?)
insert into picture (spot_id, url, picture_id) values (NULL, 'java.io.StringReader@32235be0', 1031);
2022-10-10 13:48:04.407  INFO 3923 --- [    Test worker] p6spy                                    : #1665377284407 | took 0ms | statement | connection 22| url jdbc:h2:mem:6a3784ae-1aa6-4bbf-b617-4d4aeabcc2af
insert into spot (address, description, location, name, score_id, spot_id) values (?, ?, ?, ?, ?, ?)
insert into spot (address, description, location, name, score_id, spot_id) values (NULL, NULL, 'Aewol_eup', NULL, 244, 310);
2022-10-10 13:48:04.407  INFO 3923 --- [    Test worker] p6spy                                    : #1665377284407 | took 0ms | statement | connection 22| url jdbc:h2:mem:6a3784ae-1aa6-4bbf-b617-4d4aeabcc2af
insert into member_spot (member_id, score, spot_id, member_spot_id) values (?, ?, ?, ?)
insert into member_spot (member_id, score, spot_id, member_spot_id) values (13, 0.0, 310, 1032);
2022-10-10 13:48:04.407  INFO 3923 --- [    Test worker] p6spy                                    : #1665377284407 | took 0ms | statement | connection 22| url jdbc:h2:mem:6a3784ae-1aa6-4bbf-b617-4d4aeabcc2af
insert into review (content, spot_id, review_id) values (?, ?, ?)
insert into review (content, spot_id, review_id) values ('java.io.StringReader@3984f360', 269, 246);
2022-10-10 13:48:04.407  INFO 3923 --- [    Test worker] p6spy                                    : #1665377284407 | took 0ms | statement | connection 22| url jdbc:h2:mem:6a3784ae-1aa6-4bbf-b617-4d4aeabcc2af
insert into score (facility_rank, facility_score, price_rank, price_score, rank_average, surround_rank, surround_score, view_rank, view_score, score_id) values (?, ?, ?, ?, ?, ?, ?, ?, ?, ?)
insert into score (facility_rank, facility_score, price_rank, price_score, rank_average, surround_rank, surround_score, view_rank, view_score, score_id) values (2.1069364279753278, 1.4198277354666922, 6.921766998980906, 9.955584340194495, 4.903343409638449, 7.599179090711169, 1.0323151709107825, 3.819357250031501, 4.7832310222925045, 245);
2022-10-10 13:48:04.407  INFO 3923 --- [    Test worker] p6spy                                    : #1665377284407 | took 0ms | statement | connection 22| url jdbc:h2:mem:6a3784ae-1aa6-4bbf-b617-4d4aeabcc2af
insert into picture (spot_id, url, picture_id) values (?, ?, ?)
insert into picture (spot_id, url, picture_id) values (NULL, 'java.io.StringReader@22360505', 1033);
2022-10-10 13:48:04.407  INFO 3923 --- [    Test worker] p6spy                                    : #1665377284407 | took 0ms | statement | connection 22| url jdbc:h2:mem:6a3784ae-1aa6-4bbf-b617-4d4aeabcc2af
insert into picture (spot_id, url, picture_id) values (?, ?, ?)
insert into picture (spot_id, url, picture_id) values (NULL, 'java.io.StringReader@519cb1bd', 1034);
2022-10-10 13:48:04.407  INFO 3923 --- [    Test worker] p6spy                                    : #1665377284407 | took 0ms | statement | connection 22| url jdbc:h2:mem:6a3784ae-1aa6-4bbf-b617-4d4aeabcc2af
insert into picture (spot_id, url, picture_id) values (?, ?, ?)
insert into picture (spot_id, url, picture_id) values (NULL, 'java.io.StringReader@61a16111', 1035);
2022-10-10 13:48:04.407  INFO 3923 --- [    Test worker] p6spy                                    : #1665377284407 | took 0ms | statement | connection 22| url jdbc:h2:mem:6a3784ae-1aa6-4bbf-b617-4d4aeabcc2af
insert into spot (address, description, location, name, score_id, spot_id) values (?, ?, ?, ?, ?, ?)
insert into spot (address, description, location, name, score_id, spot_id) values (NULL, NULL, 'Aewol_eup', NULL, 245, 311);
2022-10-10 13:48:04.407  INFO 3923 --- [    Test worker] p6spy                                    : #1665377284407 | took 0ms | statement | connection 22| url jdbc:h2:mem:6a3784ae-1aa6-4bbf-b617-4d4aeabcc2af
insert into member_spot (member_id, score, spot_id, member_spot_id) values (?, ?, ?, ?)
insert into member_spot (member_id, score, spot_id, member_spot_id) values (13, 0.0, 311, 1036);
2022-10-10 13:48:04.407  INFO 3923 --- [    Test worker] p6spy                                    : #1665377284407 | took 0ms | statement | connection 22| url jdbc:h2:mem:6a3784ae-1aa6-4bbf-b617-4d4aeabcc2af
insert into review (content, spot_id, review_id) values (?, ?, ?)
insert into review (content, spot_id, review_id) values ('java.io.StringReader@6b7072c3', 269, 247);
2022-10-10 13:48:04.407  INFO 3923 --- [    Test worker] p6spy                                    : #1665377284407 | took 0ms | statement | connection 22| url jdbc:h2:mem:6a3784ae-1aa6-4bbf-b617-4d4aeabcc2af
insert into favorite_spot (count, favorite_id, spot_id, favorite_spot_id) values (?, ?, ?, ?)
insert into favorite_spot (count, favorite_id, spot_id, favorite_spot_id) values (0, 36, 311, 292);
2022-10-10 13:48:04.407  INFO 3923 --- [    Test worker] p6spy                                    : #1665377284407 | took 0ms | statement | connection 22| url jdbc:h2:mem:6a3784ae-1aa6-4bbf-b617-4d4aeabcc2af
insert into score (facility_rank, facility_score, price_rank, price_score, rank_average, surround_rank, surround_score, view_rank, view_score, score_id) values (?, ?, ?, ?, ?, ?, ?, ?, ?, ?)
insert into score (facility_rank, facility_score, price_rank, price_score, rank_average, surround_rank, surround_score, view_rank, view_score, score_id) values (6.258753812014362, 7.443390301192704, 6.157875888877359, 3.3940259293813604, 6.058931649435974, 0.2686891321182683, 2.4864105198458217, 5.0798515467547976, 8.619781848406765, 246);
2022-10-10 13:48:04.407  INFO 3923 --- [    Test worker] p6spy                                    : #1665377284407 | took 0ms | statement | connection 22| url jdbc:h2:mem:6a3784ae-1aa6-4bbf-b617-4d4aeabcc2af
insert into picture (spot_id, url, picture_id) values (?, ?, ?)
insert into picture (spot_id, url, picture_id) values (NULL, 'java.io.StringReader@14145f2b', 1037);
2022-10-10 13:48:04.408  INFO 3923 --- [    Test worker] p6spy                                    : #1665377284408 | took 0ms | statement | connection 22| url jdbc:h2:mem:6a3784ae-1aa6-4bbf-b617-4d4aeabcc2af
insert into picture (spot_id, url, picture_id) values (?, ?, ?)
insert into picture (spot_id, url, picture_id) values (NULL, 'java.io.StringReader@490ecccb', 1038);
2022-10-10 13:48:04.408  INFO 3923 --- [    Test worker] p6spy                                    : #1665377284408 | took 0ms | statement | connection 22| url jdbc:h2:mem:6a3784ae-1aa6-4bbf-b617-4d4aeabcc2af
insert into picture (spot_id, url, picture_id) values (?, ?, ?)
insert into picture (spot_id, url, picture_id) values (NULL, 'java.io.StringReader@ba28d1b', 1039);
2022-10-10 13:48:04.408  INFO 3923 --- [    Test worker] p6spy                                    : #1665377284408 | took 0ms | statement | connection 22| url jdbc:h2:mem:6a3784ae-1aa6-4bbf-b617-4d4aeabcc2af
insert into spot (address, description, location, name, score_id, spot_id) values (?, ?, ?, ?, ?, ?)
insert into spot (address, description, location, name, score_id, spot_id) values (NULL, NULL, 'Aewol_eup', NULL, 246, 312);
2022-10-10 13:48:04.408  INFO 3923 --- [    Test worker] p6spy                                    : #1665377284408 | took 0ms | statement | connection 22| url jdbc:h2:mem:6a3784ae-1aa6-4bbf-b617-4d4aeabcc2af
insert into member_spot (member_id, score, spot_id, member_spot_id) values (?, ?, ?, ?)
insert into member_spot (member_id, score, spot_id, member_spot_id) values (13, 0.0, 312, 1040);
2022-10-10 13:48:04.408  INFO 3923 --- [    Test worker] p6spy                                    : #1665377284408 | took 0ms | statement | connection 22| url jdbc:h2:mem:6a3784ae-1aa6-4bbf-b617-4d4aeabcc2af
insert into review (content, spot_id, review_id) values (?, ?, ?)
insert into review (content, spot_id, review_id) values ('java.io.StringReader@5b5d7140', 269, 248);
2022-10-10 13:48:04.408  INFO 3923 --- [    Test worker] p6spy                                    : #1665377284408 | took 0ms | statement | connection 22| url jdbc:h2:mem:6a3784ae-1aa6-4bbf-b617-4d4aeabcc2af
insert into score (facility_rank, facility_score, price_rank, price_score, rank_average, surround_rank, surround_score, view_rank, view_score, score_id) values (?, ?, ?, ?, ?, ?, ?, ?, ?, ?)
insert into score (facility_rank, facility_score, price_rank, price_score, rank_average, surround_rank, surround_score, view_rank, view_score, score_id) values (1.841940546994545, 3.5674539560631313, 8.75967026025913, 0.3392475699737818, 7.1249547367925326, 3.6548518261539034, 6.785524854878878, 7.056687088019195, 9.944771567009461, 247);
2022-10-10 13:48:04.408  INFO 3923 --- [    Test worker] p6spy                                    : #1665377284408 | took 0ms | statement | connection 22| url jdbc:h2:mem:6a3784ae-1aa6-4bbf-b617-4d4aeabcc2af
insert into picture (spot_id, url, picture_id) values (?, ?, ?)
insert into picture (spot_id, url, picture_id) values (NULL, 'java.io.StringReader@1992ce66', 1041);
2022-10-10 13:48:04.408  INFO 3923 --- [    Test worker] p6spy                                    : #1665377284408 | took 0ms | statement | connection 22| url jdbc:h2:mem:6a3784ae-1aa6-4bbf-b617-4d4aeabcc2af
insert into picture (spot_id, url, picture_id) values (?, ?, ?)
insert into picture (spot_id, url, picture_id) values (NULL, 'java.io.StringReader@1691e18d', 1042);
2022-10-10 13:48:04.408  INFO 3923 --- [    Test worker] p6spy                                    : #1665377284408 | took 0ms | statement | connection 22| url jdbc:h2:mem:6a3784ae-1aa6-4bbf-b617-4d4aeabcc2af
insert into picture (spot_id, url, picture_id) values (?, ?, ?)
insert into picture (spot_id, url, picture_id) values (NULL, 'java.io.StringReader@4fbb0c0b', 1043);
2022-10-10 13:48:04.408  INFO 3923 --- [    Test worker] p6spy                                    : #1665377284408 | took 0ms | statement | connection 22| url jdbc:h2:mem:6a3784ae-1aa6-4bbf-b617-4d4aeabcc2af
insert into spot (address, description, location, name, score_id, spot_id) values (?, ?, ?, ?, ?, ?)
insert into spot (address, description, location, name, score_id, spot_id) values (NULL, NULL, 'Aewol_eup', NULL, 247, 313);
2022-10-10 13:48:04.408  INFO 3923 --- [    Test worker] p6spy                                    : #1665377284408 | took 0ms | statement | connection 22| url jdbc:h2:mem:6a3784ae-1aa6-4bbf-b617-4d4aeabcc2af
insert into member_spot (member_id, score, spot_id, member_spot_id) values (?, ?, ?, ?)
insert into member_spot (member_id, score, spot_id, member_spot_id) values (13, 0.0, 313, 1044);
2022-10-10 13:48:04.408  INFO 3923 --- [    Test worker] p6spy                                    : #1665377284408 | took 0ms | statement | connection 22| url jdbc:h2:mem:6a3784ae-1aa6-4bbf-b617-4d4aeabcc2af
insert into review (content, spot_id, review_id) values (?, ?, ?)
insert into review (content, spot_id, review_id) values ('java.io.StringReader@63cbd058', 269, 249);
2022-10-10 13:48:04.408  INFO 3923 --- [    Test worker] p6spy                                    : #1665377284408 | took 0ms | statement | connection 22| url jdbc:h2:mem:6a3784ae-1aa6-4bbf-b617-4d4aeabcc2af
insert into favorite_spot (count, favorite_id, spot_id, favorite_spot_id) values (?, ?, ?, ?)
insert into favorite_spot (count, favorite_id, spot_id, favorite_spot_id) values (0, 36, 313, 293);
2022-10-10 13:48:04.408  INFO 3923 --- [    Test worker] p6spy                                    : #1665377284408 | took 0ms | statement | connection 22| url jdbc:h2:mem:6a3784ae-1aa6-4bbf-b617-4d4aeabcc2af
insert into score (facility_rank, facility_score, price_rank, price_score, rank_average, surround_rank, surround_score, view_rank, view_score, score_id) values (?, ?, ?, ?, ?, ?, ?, ?, ?, ?)
insert into score (facility_rank, facility_score, price_rank, price_score, rank_average, surround_rank, surround_score, view_rank, view_score, score_id) values (7.699030478929403, 5.048886383148384, 9.32922522264879, 6.633733006549734, 2.576784809727777, 8.444111435258389, 9.320122683792192, 4.967604652576725, 7.409377265022181, 248);
2022-10-10 13:48:04.408  INFO 3923 --- [    Test worker] p6spy                                    : #1665377284408 | took 0ms | statement | connection 22| url jdbc:h2:mem:6a3784ae-1aa6-4bbf-b617-4d4aeabcc2af
insert into picture (spot_id, url, picture_id) values (?, ?, ?)
insert into picture (spot_id, url, picture_id) values (NULL, 'java.io.StringReader@18514f04', 1045);
2022-10-10 13:48:04.408  INFO 3923 --- [    Test worker] p6spy                                    : #1665377284408 | took 0ms | statement | connection 22| url jdbc:h2:mem:6a3784ae-1aa6-4bbf-b617-4d4aeabcc2af
insert into picture (spot_id, url, picture_id) values (?, ?, ?)
insert into picture (spot_id, url, picture_id) values (NULL, 'java.io.StringReader@6a348e99', 1046);
2022-10-10 13:48:04.408  INFO 3923 --- [    Test worker] p6spy                                    : #1665377284408 | took 0ms | statement | connection 22| url jdbc:h2:mem:6a3784ae-1aa6-4bbf-b617-4d4aeabcc2af
insert into picture (spot_id, url, picture_id) values (?, ?, ?)
insert into picture (spot_id, url, picture_id) values (NULL, 'java.io.StringReader@65f9a26b', 1047);
2022-10-10 13:48:04.408  INFO 3923 --- [    Test worker] p6spy                                    : #1665377284408 | took 0ms | statement | connection 22| url jdbc:h2:mem:6a3784ae-1aa6-4bbf-b617-4d4aeabcc2af
insert into spot (address, description, location, name, score_id, spot_id) values (?, ?, ?, ?, ?, ?)
insert into spot (address, description, location, name, score_id, spot_id) values (NULL, NULL, 'Aewol_eup', NULL, 248, 314);
2022-10-10 13:48:04.408  INFO 3923 --- [    Test worker] p6spy                                    : #1665377284408 | took 0ms | statement | connection 22| url jdbc:h2:mem:6a3784ae-1aa6-4bbf-b617-4d4aeabcc2af
insert into member_spot (member_id, score, spot_id, member_spot_id) values (?, ?, ?, ?)
insert into member_spot (member_id, score, spot_id, member_spot_id) values (13, 0.0, 314, 1048);
2022-10-10 13:48:04.408  INFO 3923 --- [    Test worker] p6spy                                    : #1665377284408 | took 0ms | statement | connection 22| url jdbc:h2:mem:6a3784ae-1aa6-4bbf-b617-4d4aeabcc2af
insert into review (content, spot_id, review_id) values (?, ?, ?)
insert into review (content, spot_id, review_id) values ('java.io.StringReader@64eda459', 269, 250);
2022-10-10 13:48:04.408  INFO 3923 --- [    Test worker] p6spy                                    : #1665377284408 | took 0ms | statement | connection 22| url jdbc:h2:mem:6a3784ae-1aa6-4bbf-b617-4d4aeabcc2af
insert into score (facility_rank, facility_score, price_rank, price_score, rank_average, surround_rank, surround_score, view_rank, view_score, score_id) values (?, ?, ?, ?, ?, ?, ?, ?, ?, ?)
insert into score (facility_rank, facility_score, price_rank, price_score, rank_average, surround_rank, surround_score, view_rank, view_score, score_id) values (1.2125225826825203, 4.31415970953191, 4.051324199171372, 8.630923080503653, 8.863377223717047, 8.69761053652205, 7.269327294285882, 0.8395201966665922, 1.8244937962427, 249);
2022-10-10 13:48:04.408  INFO 3923 --- [    Test worker] p6spy                                    : #1665377284408 | took 0ms | statement | connection 22| url jdbc:h2:mem:6a3784ae-1aa6-4bbf-b617-4d4aeabcc2af
insert into picture (spot_id, url, picture_id) values (?, ?, ?)
insert into picture (spot_id, url, picture_id) values (NULL, 'java.io.StringReader@6dd40b43', 1049);
2022-10-10 13:48:04.408  INFO 3923 --- [    Test worker] p6spy                                    : #1665377284408 | took 0ms | statement | connection 22| url jdbc:h2:mem:6a3784ae-1aa6-4bbf-b617-4d4aeabcc2af
insert into picture (spot_id, url, picture_id) values (?, ?, ?)
insert into picture (spot_id, url, picture_id) values (NULL, 'java.io.StringReader@709b21e0', 1050);
2022-10-10 13:48:04.408  INFO 3923 --- [    Test worker] p6spy                                    : #1665377284408 | took 0ms | statement | connection 22| url jdbc:h2:mem:6a3784ae-1aa6-4bbf-b617-4d4aeabcc2af
insert into picture (spot_id, url, picture_id) values (?, ?, ?)
insert into picture (spot_id, url, picture_id) values (NULL, 'java.io.StringReader@3ffde07b', 1051);
2022-10-10 13:48:04.408  INFO 3923 --- [    Test worker] p6spy                                    : #1665377284408 | took 0ms | statement | connection 22| url jdbc:h2:mem:6a3784ae-1aa6-4bbf-b617-4d4aeabcc2af
insert into spot (address, description, location, name, score_id, spot_id) values (?, ?, ?, ?, ?, ?)
insert into spot (address, description, location, name, score_id, spot_id) values (NULL, NULL, 'Aewol_eup', NULL, 249, 315);
2022-10-10 13:48:04.408  INFO 3923 --- [    Test worker] p6spy                                    : #1665377284408 | took 0ms | statement | connection 22| url jdbc:h2:mem:6a3784ae-1aa6-4bbf-b617-4d4aeabcc2af
insert into member_spot (member_id, score, spot_id, member_spot_id) values (?, ?, ?, ?)
insert into member_spot (member_id, score, spot_id, member_spot_id) values (13, 0.0, 315, 1052);
2022-10-10 13:48:04.408  INFO 3923 --- [    Test worker] p6spy                                    : #1665377284408 | took 0ms | statement | connection 22| url jdbc:h2:mem:6a3784ae-1aa6-4bbf-b617-4d4aeabcc2af
insert into review (content, spot_id, review_id) values (?, ?, ?)
insert into review (content, spot_id, review_id) values ('java.io.StringReader@5d9c7ce4', 269, 251);
2022-10-10 13:48:04.408  INFO 3923 --- [    Test worker] p6spy                                    : #1665377284408 | took 0ms | statement | connection 22| url jdbc:h2:mem:6a3784ae-1aa6-4bbf-b617-4d4aeabcc2af
insert into favorite_spot (count, favorite_id, spot_id, favorite_spot_id) values (?, ?, ?, ?)
insert into favorite_spot (count, favorite_id, spot_id, favorite_spot_id) values (0, 36, 315, 294);
2022-10-10 13:48:04.408  INFO 3923 --- [    Test worker] p6spy                                    : #1665377284408 | took 0ms | statement | connection 22| url jdbc:h2:mem:6a3784ae-1aa6-4bbf-b617-4d4aeabcc2af
insert into score (facility_rank, facility_score, price_rank, price_score, rank_average, surround_rank, surround_score, view_rank, view_score, score_id) values (?, ?, ?, ?, ?, ?, ?, ?, ?, ?)
insert into score (facility_rank, facility_score, price_rank, price_score, rank_average, surround_rank, surround_score, view_rank, view_score, score_id) values (1.725126713508014, 1.6529384254024637, 6.6948504937495015, 1.5906196835012099, 9.954128734540934, 8.27144604337584, 3.0953384448039367, 3.6521174491223842, 4.703641369415202, 250);
2022-10-10 13:48:04.408  INFO 3923 --- [    Test worker] p6spy                                    : #1665377284408 | took 0ms | statement | connection 22| url jdbc:h2:mem:6a3784ae-1aa6-4bbf-b617-4d4aeabcc2af
insert into picture (spot_id, url, picture_id) values (?, ?, ?)
insert into picture (spot_id, url, picture_id) values (NULL, 'java.io.StringReader@1b1f86f0', 1053);
2022-10-10 13:48:04.408  INFO 3923 --- [    Test worker] p6spy                                    : #1665377284408 | took 0ms | statement | connection 22| url jdbc:h2:mem:6a3784ae-1aa6-4bbf-b617-4d4aeabcc2af
insert into picture (spot_id, url, picture_id) values (?, ?, ?)
insert into picture (spot_id, url, picture_id) values (NULL, 'java.io.StringReader@5b07b2f1', 1054);
2022-10-10 13:48:04.408  INFO 3923 --- [    Test worker] p6spy                                    : #1665377284408 | took 0ms | statement | connection 22| url jdbc:h2:mem:6a3784ae-1aa6-4bbf-b617-4d4aeabcc2af
insert into picture (spot_id, url, picture_id) values (?, ?, ?)
insert into picture (spot_id, url, picture_id) values (NULL, 'java.io.StringReader@6354fb91', 1055);
2022-10-10 13:48:04.408  INFO 3923 --- [    Test worker] p6spy                                    : #1665377284408 | took 0ms | statement | connection 22| url jdbc:h2:mem:6a3784ae-1aa6-4bbf-b617-4d4aeabcc2af
insert into spot (address, description, location, name, score_id, spot_id) values (?, ?, ?, ?, ?, ?)
insert into spot (address, description, location, name, score_id, spot_id) values (NULL, NULL, 'Aewol_eup', NULL, 250, 316);
2022-10-10 13:48:04.409  INFO 3923 --- [    Test worker] p6spy                                    : #1665377284409 | took 0ms | statement | connection 22| url jdbc:h2:mem:6a3784ae-1aa6-4bbf-b617-4d4aeabcc2af
insert into member_spot (member_id, score, spot_id, member_spot_id) values (?, ?, ?, ?)
insert into member_spot (member_id, score, spot_id, member_spot_id) values (13, 0.0, 316, 1056);
2022-10-10 13:48:04.409  INFO 3923 --- [    Test worker] p6spy                                    : #1665377284409 | took 0ms | statement | connection 22| url jdbc:h2:mem:6a3784ae-1aa6-4bbf-b617-4d4aeabcc2af
insert into review (content, spot_id, review_id) values (?, ?, ?)
insert into review (content, spot_id, review_id) values ('java.io.StringReader@4021890a', 269, 252);
2022-10-10 13:48:04.409  INFO 3923 --- [    Test worker] p6spy                                    : #1665377284409 | took 0ms | statement | connection 22| url jdbc:h2:mem:6a3784ae-1aa6-4bbf-b617-4d4aeabcc2af
insert into score (facility_rank, facility_score, price_rank, price_score, rank_average, surround_rank, surround_score, view_rank, view_score, score_id) values (?, ?, ?, ?, ?, ?, ?, ?, ?, ?)
insert into score (facility_rank, facility_score, price_rank, price_score, rank_average, surround_rank, surround_score, view_rank, view_score, score_id) values (9.245681708332814, 9.679962991887155, 2.4631720211706942, 8.330173482802946, 7.030313234998601, 4.524258965783467, 9.154397229374105, 7.223654699507149, 0.9005397044330155, 251);
2022-10-10 13:48:04.409  INFO 3923 --- [    Test worker] p6spy                                    : #1665377284409 | took 0ms | statement | connection 22| url jdbc:h2:mem:6a3784ae-1aa6-4bbf-b617-4d4aeabcc2af
insert into picture (spot_id, url, picture_id) values (?, ?, ?)
insert into picture (spot_id, url, picture_id) values (NULL, 'java.io.StringReader@59ef35de', 1057);
2022-10-10 13:48:04.409  INFO 3923 --- [    Test worker] p6spy                                    : #1665377284409 | took 0ms | statement | connection 22| url jdbc:h2:mem:6a3784ae-1aa6-4bbf-b617-4d4aeabcc2af
insert into picture (spot_id, url, picture_id) values (?, ?, ?)
insert into picture (spot_id, url, picture_id) values (NULL, 'java.io.StringReader@70e9af2b', 1058);
2022-10-10 13:48:04.409  INFO 3923 --- [    Test worker] p6spy                                    : #1665377284409 | took 0ms | statement | connection 22| url jdbc:h2:mem:6a3784ae-1aa6-4bbf-b617-4d4aeabcc2af
insert into picture (spot_id, url, picture_id) values (?, ?, ?)
insert into picture (spot_id, url, picture_id) values (NULL, 'java.io.StringReader@1ab433a7', 1059);
2022-10-10 13:48:04.409  INFO 3923 --- [    Test worker] p6spy                                    : #1665377284409 | took 0ms | statement | connection 22| url jdbc:h2:mem:6a3784ae-1aa6-4bbf-b617-4d4aeabcc2af
insert into spot (address, description, location, name, score_id, spot_id) values (?, ?, ?, ?, ?, ?)
insert into spot (address, description, location, name, score_id, spot_id) values (NULL, NULL, 'Aewol_eup', NULL, 251, 317);
2022-10-10 13:48:04.409  INFO 3923 --- [    Test worker] p6spy                                    : #1665377284409 | took 0ms | statement | connection 22| url jdbc:h2:mem:6a3784ae-1aa6-4bbf-b617-4d4aeabcc2af
insert into member_spot (member_id, score, spot_id, member_spot_id) values (?, ?, ?, ?)
insert into member_spot (member_id, score, spot_id, member_spot_id) values (13, 0.0, 317, 1060);
2022-10-10 13:48:04.409  INFO 3923 --- [    Test worker] p6spy                                    : #1665377284409 | took 0ms | statement | connection 22| url jdbc:h2:mem:6a3784ae-1aa6-4bbf-b617-4d4aeabcc2af
insert into review (content, spot_id, review_id) values (?, ?, ?)
insert into review (content, spot_id, review_id) values ('java.io.StringReader@3663806a', 269, 253);
2022-10-10 13:48:04.409  INFO 3923 --- [    Test worker] p6spy                                    : #1665377284409 | took 0ms | statement | connection 22| url jdbc:h2:mem:6a3784ae-1aa6-4bbf-b617-4d4aeabcc2af
insert into favorite_spot (count, favorite_id, spot_id, favorite_spot_id) values (?, ?, ?, ?)
insert into favorite_spot (count, favorite_id, spot_id, favorite_spot_id) values (0, 36, 317, 295);
2022-10-10 13:48:04.409  INFO 3923 --- [    Test worker] p6spy                                    : #1665377284409 | took 0ms | statement | connection 22| url jdbc:h2:mem:6a3784ae-1aa6-4bbf-b617-4d4aeabcc2af
insert into score (facility_rank, facility_score, price_rank, price_score, rank_average, surround_rank, surround_score, view_rank, view_score, score_id) values (?, ?, ?, ?, ?, ?, ?, ?, ?, ?)
insert into score (facility_rank, facility_score, price_rank, price_score, rank_average, surround_rank, surround_score, view_rank, view_score, score_id) values (6.7759144694632045, 8.98908322824557, 3.954318833349346, 3.5594368762617923, 8.857930637568733, 6.3163884930664524, 1.5280534418393665, 2.960984147401855, 6.594738579159154, 252);
2022-10-10 13:48:04.409  INFO 3923 --- [    Test worker] p6spy                                    : #1665377284409 | took 0ms | statement | connection 22| url jdbc:h2:mem:6a3784ae-1aa6-4bbf-b617-4d4aeabcc2af
insert into picture (spot_id, url, picture_id) values (?, ?, ?)
insert into picture (spot_id, url, picture_id) values (NULL, 'java.io.StringReader@32a9fa59', 1061);
2022-10-10 13:48:04.409  INFO 3923 --- [    Test worker] p6spy                                    : #1665377284409 | took 0ms | statement | connection 22| url jdbc:h2:mem:6a3784ae-1aa6-4bbf-b617-4d4aeabcc2af
insert into picture (spot_id, url, picture_id) values (?, ?, ?)
insert into picture (spot_id, url, picture_id) values (NULL, 'java.io.StringReader@3782d1e6', 1062);
2022-10-10 13:48:04.409  INFO 3923 --- [    Test worker] p6spy                                    : #1665377284409 | took 0ms | statement | connection 22| url jdbc:h2:mem:6a3784ae-1aa6-4bbf-b617-4d4aeabcc2af
insert into picture (spot_id, url, picture_id) values (?, ?, ?)
insert into picture (spot_id, url, picture_id) values (NULL, 'java.io.StringReader@233c4b40', 1063);
2022-10-10 13:48:04.409  INFO 3923 --- [    Test worker] p6spy                                    : #1665377284409 | took 0ms | statement | connection 22| url jdbc:h2:mem:6a3784ae-1aa6-4bbf-b617-4d4aeabcc2af
insert into spot (address, description, location, name, score_id, spot_id) values (?, ?, ?, ?, ?, ?)
insert into spot (address, description, location, name, score_id, spot_id) values (NULL, NULL, 'Aewol_eup', NULL, 252, 318);
2022-10-10 13:48:04.409  INFO 3923 --- [    Test worker] p6spy                                    : #1665377284409 | took 0ms | statement | connection 22| url jdbc:h2:mem:6a3784ae-1aa6-4bbf-b617-4d4aeabcc2af
insert into member_spot (member_id, score, spot_id, member_spot_id) values (?, ?, ?, ?)
insert into member_spot (member_id, score, spot_id, member_spot_id) values (13, 0.0, 318, 1064);
2022-10-10 13:48:04.409  INFO 3923 --- [    Test worker] p6spy                                    : #1665377284409 | took 0ms | statement | connection 22| url jdbc:h2:mem:6a3784ae-1aa6-4bbf-b617-4d4aeabcc2af
insert into review (content, spot_id, review_id) values (?, ?, ?)
insert into review (content, spot_id, review_id) values ('java.io.StringReader@2066f0d3', 269, 254);
2022-10-10 13:48:04.409  INFO 3923 --- [    Test worker] p6spy                                    : #1665377284409 | took 0ms | statement | connection 22| url jdbc:h2:mem:6a3784ae-1aa6-4bbf-b617-4d4aeabcc2af
insert into score (facility_rank, facility_score, price_rank, price_score, rank_average, surround_rank, surround_score, view_rank, view_score, score_id) values (?, ?, ?, ?, ?, ?, ?, ?, ?, ?)
insert into score (facility_rank, facility_score, price_rank, price_score, rank_average, surround_rank, surround_score, view_rank, view_score, score_id) values (1.9182581567996204, 5.394878261330503, 3.5716786739009043, 3.339312613991343, 9.272415896597185, 8.14193607513425, 3.826717193833872, 9.026584470110238, 6.027194355604278, 253);
2022-10-10 13:48:04.409  INFO 3923 --- [    Test worker] p6spy                                    : #1665377284409 | took 0ms | statement | connection 22| url jdbc:h2:mem:6a3784ae-1aa6-4bbf-b617-4d4aeabcc2af
insert into picture (spot_id, url, picture_id) values (?, ?, ?)
insert into picture (spot_id, url, picture_id) values (NULL, 'java.io.StringReader@6fee485b', 1065);
2022-10-10 13:48:04.409  INFO 3923 --- [    Test worker] p6spy                                    : #1665377284409 | took 0ms | statement | connection 22| url jdbc:h2:mem:6a3784ae-1aa6-4bbf-b617-4d4aeabcc2af
insert into picture (spot_id, url, picture_id) values (?, ?, ?)
insert into picture (spot_id, url, picture_id) values (NULL, 'java.io.StringReader@89d4a1a', 1066);
2022-10-10 13:48:04.409  INFO 3923 --- [    Test worker] p6spy                                    : #1665377284409 | took 0ms | statement | connection 22| url jdbc:h2:mem:6a3784ae-1aa6-4bbf-b617-4d4aeabcc2af
insert into picture (spot_id, url, picture_id) values (?, ?, ?)
insert into picture (spot_id, url, picture_id) values (NULL, 'java.io.StringReader@4987383f', 1067);
2022-10-10 13:48:04.409  INFO 3923 --- [    Test worker] p6spy                                    : #1665377284409 | took 0ms | statement | connection 22| url jdbc:h2:mem:6a3784ae-1aa6-4bbf-b617-4d4aeabcc2af
insert into spot (address, description, location, name, score_id, spot_id) values (?, ?, ?, ?, ?, ?)
insert into spot (address, description, location, name, score_id, spot_id) values (NULL, NULL, 'Andeok_myeon', NULL, 253, 319);
2022-10-10 13:48:04.409  INFO 3923 --- [    Test worker] p6spy                                    : #1665377284409 | took 0ms | statement | connection 22| url jdbc:h2:mem:6a3784ae-1aa6-4bbf-b617-4d4aeabcc2af
insert into member_spot (member_id, score, spot_id, member_spot_id) values (?, ?, ?, ?)
insert into member_spot (member_id, score, spot_id, member_spot_id) values (12, 0.0, 319, 1068);
2022-10-10 13:48:04.409  INFO 3923 --- [    Test worker] p6spy                                    : #1665377284409 | took 0ms | statement | connection 22| url jdbc:h2:mem:6a3784ae-1aa6-4bbf-b617-4d4aeabcc2af
insert into review (content, spot_id, review_id) values (?, ?, ?)
insert into review (content, spot_id, review_id) values ('java.io.StringReader@125eb249', 269, 255);
2022-10-10 13:48:04.409  INFO 3923 --- [    Test worker] p6spy                                    : #1665377284409 | took 0ms | statement | connection 22| url jdbc:h2:mem:6a3784ae-1aa6-4bbf-b617-4d4aeabcc2af
insert into favorite_spot (count, favorite_id, spot_id, favorite_spot_id) values (?, ?, ?, ?)
insert into favorite_spot (count, favorite_id, spot_id, favorite_spot_id) values (0, 36, 319, 296);
2022-10-10 13:48:04.409  INFO 3923 --- [    Test worker] p6spy                                    : #1665377284409 | took 0ms | statement | connection 22| url jdbc:h2:mem:6a3784ae-1aa6-4bbf-b617-4d4aeabcc2af
insert into score (facility_rank, facility_score, price_rank, price_score, rank_average, surround_rank, surround_score, view_rank, view_score, score_id) values (?, ?, ?, ?, ?, ?, ?, ?, ?, ?)
insert into score (facility_rank, facility_score, price_rank, price_score, rank_average, surround_rank, surround_score, view_rank, view_score, score_id) values (4.476006725227303, 9.930062537397305, 6.380418530383926, 1.4137862512245591, 0.11553923214512762, 4.330725164673885, 3.5990704990829334, 7.532893100550059, 5.728034872702267, 254);
2022-10-10 13:48:04.409  INFO 3923 --- [    Test worker] p6spy                                    : #1665377284409 | took 0ms | statement | connection 22| url jdbc:h2:mem:6a3784ae-1aa6-4bbf-b617-4d4aeabcc2af
insert into picture (spot_id, url, picture_id) values (?, ?, ?)
insert into picture (spot_id, url, picture_id) values (NULL, 'java.io.StringReader@301680f2', 1069);
2022-10-10 13:48:04.409  INFO 3923 --- [    Test worker] p6spy                                    : #1665377284409 | took 0ms | statement | connection 22| url jdbc:h2:mem:6a3784ae-1aa6-4bbf-b617-4d4aeabcc2af
insert into picture (spot_id, url, picture_id) values (?, ?, ?)
insert into picture (spot_id, url, picture_id) values (NULL, 'java.io.StringReader@333b5a6e', 1070);
2022-10-10 13:48:04.409  INFO 3923 --- [    Test worker] p6spy                                    : #1665377284409 | took 0ms | statement | connection 22| url jdbc:h2:mem:6a3784ae-1aa6-4bbf-b617-4d4aeabcc2af
insert into picture (spot_id, url, picture_id) values (?, ?, ?)
insert into picture (spot_id, url, picture_id) values (NULL, 'java.io.StringReader@2ddd689a', 1071);
2022-10-10 13:48:04.409  INFO 3923 --- [    Test worker] p6spy                                    : #1665377284409 | took 0ms | statement | connection 22| url jdbc:h2:mem:6a3784ae-1aa6-4bbf-b617-4d4aeabcc2af
insert into spot (address, description, location, name, score_id, spot_id) values (?, ?, ?, ?, ?, ?)
insert into spot (address, description, location, name, score_id, spot_id) values (NULL, NULL, 'Andeok_myeon', NULL, 254, 320);
2022-10-10 13:48:04.409  INFO 3923 --- [    Test worker] p6spy                                    : #1665377284409 | took 0ms | statement | connection 22| url jdbc:h2:mem:6a3784ae-1aa6-4bbf-b617-4d4aeabcc2af
insert into member_spot (member_id, score, spot_id, member_spot_id) values (?, ?, ?, ?)
insert into member_spot (member_id, score, spot_id, member_spot_id) values (12, 0.0, 320, 1072);
2022-10-10 13:48:04.409  INFO 3923 --- [    Test worker] p6spy                                    : #1665377284409 | took 0ms | statement | connection 22| url jdbc:h2:mem:6a3784ae-1aa6-4bbf-b617-4d4aeabcc2af
insert into review (content, spot_id, review_id) values (?, ?, ?)
insert into review (content, spot_id, review_id) values ('java.io.StringReader@3561a0f7', 269, 256);
2022-10-10 13:48:04.409  INFO 3923 --- [    Test worker] p6spy                                    : #1665377284409 | took 0ms | statement | connection 22| url jdbc:h2:mem:6a3784ae-1aa6-4bbf-b617-4d4aeabcc2af
insert into score (facility_rank, facility_score, price_rank, price_score, rank_average, surround_rank, surround_score, view_rank, view_score, score_id) values (?, ?, ?, ?, ?, ?, ?, ?, ?, ?)
insert into score (facility_rank, facility_score, price_rank, price_score, rank_average, surround_rank, surround_score, view_rank, view_score, score_id) values (8.415290238668396, 8.762460473553485, 1.104750997598466, 7.7179377276744665, 1.6777660110260573, 5.944002494250189, 5.081367532783531, 1.9680739886391618, 5.5827504759398225, 255);
2022-10-10 13:48:04.410  INFO 3923 --- [    Test worker] p6spy                                    : #1665377284410 | took 0ms | statement | connection 22| url jdbc:h2:mem:6a3784ae-1aa6-4bbf-b617-4d4aeabcc2af
insert into picture (spot_id, url, picture_id) values (?, ?, ?)
insert into picture (spot_id, url, picture_id) values (NULL, 'java.io.StringReader@4769a5a1', 1073);
2022-10-10 13:48:04.410  INFO 3923 --- [    Test worker] p6spy                                    : #1665377284410 | took 0ms | statement | connection 22| url jdbc:h2:mem:6a3784ae-1aa6-4bbf-b617-4d4aeabcc2af
insert into picture (spot_id, url, picture_id) values (?, ?, ?)
insert into picture (spot_id, url, picture_id) values (NULL, 'java.io.StringReader@472e1f2f', 1074);
2022-10-10 13:48:04.410  INFO 3923 --- [    Test worker] p6spy                                    : #1665377284410 | took 0ms | statement | connection 22| url jdbc:h2:mem:6a3784ae-1aa6-4bbf-b617-4d4aeabcc2af
insert into picture (spot_id, url, picture_id) values (?, ?, ?)
insert into picture (spot_id, url, picture_id) values (NULL, 'java.io.StringReader@6ac0f406', 1075);
2022-10-10 13:48:04.410  INFO 3923 --- [    Test worker] p6spy                                    : #1665377284410 | took 0ms | statement | connection 22| url jdbc:h2:mem:6a3784ae-1aa6-4bbf-b617-4d4aeabcc2af
insert into spot (address, description, location, name, score_id, spot_id) values (?, ?, ?, ?, ?, ?)
insert into spot (address, description, location, name, score_id, spot_id) values (NULL, NULL, 'Andeok_myeon', NULL, 255, 321);
2022-10-10 13:48:04.410  INFO 3923 --- [    Test worker] p6spy                                    : #1665377284410 | took 0ms | statement | connection 22| url jdbc:h2:mem:6a3784ae-1aa6-4bbf-b617-4d4aeabcc2af
insert into member_spot (member_id, score, spot_id, member_spot_id) values (?, ?, ?, ?)
insert into member_spot (member_id, score, spot_id, member_spot_id) values (12, 0.0, 321, 1076);
2022-10-10 13:48:04.410  INFO 3923 --- [    Test worker] p6spy                                    : #1665377284410 | took 0ms | statement | connection 22| url jdbc:h2:mem:6a3784ae-1aa6-4bbf-b617-4d4aeabcc2af
insert into review (content, spot_id, review_id) values (?, ?, ?)
insert into review (content, spot_id, review_id) values ('java.io.StringReader@263ac7', 269, 257);
2022-10-10 13:48:04.410  INFO 3923 --- [    Test worker] p6spy                                    : #1665377284410 | took 0ms | statement | connection 22| url jdbc:h2:mem:6a3784ae-1aa6-4bbf-b617-4d4aeabcc2af
insert into favorite_spot (count, favorite_id, spot_id, favorite_spot_id) values (?, ?, ?, ?)
insert into favorite_spot (count, favorite_id, spot_id, favorite_spot_id) values (0, 36, 321, 297);
2022-10-10 13:48:04.410  INFO 3923 --- [    Test worker] p6spy                                    : #1665377284410 | took 0ms | statement | connection 22| url jdbc:h2:mem:6a3784ae-1aa6-4bbf-b617-4d4aeabcc2af
insert into score (facility_rank, facility_score, price_rank, price_score, rank_average, surround_rank, surround_score, view_rank, view_score, score_id) values (?, ?, ?, ?, ?, ?, ?, ?, ?, ?)
insert into score (facility_rank, facility_score, price_rank, price_score, rank_average, surround_rank, surround_score, view_rank, view_score, score_id) values (7.489739855296438, 5.268108055536765, 4.679162216449928, 0.6509645980300882, 8.967253356934027, 3.6312631606365118, 7.28487312637564, 1.563129093029827, 7.07641964041737, 256);
2022-10-10 13:48:04.410  INFO 3923 --- [    Test worker] p6spy                                    : #1665377284410 | took 0ms | statement | connection 22| url jdbc:h2:mem:6a3784ae-1aa6-4bbf-b617-4d4aeabcc2af
insert into picture (spot_id, url, picture_id) values (?, ?, ?)
insert into picture (spot_id, url, picture_id) values (NULL, 'java.io.StringReader@dac317c', 1077);
2022-10-10 13:48:04.410  INFO 3923 --- [    Test worker] p6spy                                    : #1665377284410 | took 0ms | statement | connection 22| url jdbc:h2:mem:6a3784ae-1aa6-4bbf-b617-4d4aeabcc2af
insert into picture (spot_id, url, picture_id) values (?, ?, ?)
insert into picture (spot_id, url, picture_id) values (NULL, 'java.io.StringReader@2b7af38e', 1078);
2022-10-10 13:48:04.410  INFO 3923 --- [    Test worker] p6spy                                    : #1665377284410 | took 0ms | statement | connection 22| url jdbc:h2:mem:6a3784ae-1aa6-4bbf-b617-4d4aeabcc2af
insert into picture (spot_id, url, picture_id) values (?, ?, ?)
insert into picture (spot_id, url, picture_id) values (NULL, 'java.io.StringReader@1344ad64', 1079);
2022-10-10 13:48:04.410  INFO 3923 --- [    Test worker] p6spy                                    : #1665377284410 | took 0ms | statement | connection 22| url jdbc:h2:mem:6a3784ae-1aa6-4bbf-b617-4d4aeabcc2af
insert into spot (address, description, location, name, score_id, spot_id) values (?, ?, ?, ?, ?, ?)
insert into spot (address, description, location, name, score_id, spot_id) values (NULL, NULL, 'Andeok_myeon', NULL, 256, 322);
2022-10-10 13:48:04.410  INFO 3923 --- [    Test worker] p6spy                                    : #1665377284410 | took 0ms | statement | connection 22| url jdbc:h2:mem:6a3784ae-1aa6-4bbf-b617-4d4aeabcc2af
insert into member_spot (member_id, score, spot_id, member_spot_id) values (?, ?, ?, ?)
insert into member_spot (member_id, score, spot_id, member_spot_id) values (12, 0.0, 322, 1080);
2022-10-10 13:48:04.410  INFO 3923 --- [    Test worker] p6spy                                    : #1665377284410 | took 0ms | statement | connection 22| url jdbc:h2:mem:6a3784ae-1aa6-4bbf-b617-4d4aeabcc2af
insert into review (content, spot_id, review_id) values (?, ?, ?)
insert into review (content, spot_id, review_id) values ('java.io.StringReader@4341ce99', 269, 258);
2022-10-10 13:48:04.410  INFO 3923 --- [    Test worker] p6spy                                    : #1665377284410 | took 0ms | statement | connection 22| url jdbc:h2:mem:6a3784ae-1aa6-4bbf-b617-4d4aeabcc2af
insert into score (facility_rank, facility_score, price_rank, price_score, rank_average, surround_rank, surround_score, view_rank, view_score, score_id) values (?, ?, ?, ?, ?, ?, ?, ?, ?, ?)
insert into score (facility_rank, facility_score, price_rank, price_score, rank_average, surround_rank, surround_score, view_rank, view_score, score_id) values (9.898452901149422, 5.430513198501216, 9.726504514405846, 8.911067233389621, 2.999928106260632, 4.905175994625028, 7.9513782505122945, 0.778494756440461, 8.51729442816482, 257);
2022-10-10 13:48:04.410  INFO 3923 --- [    Test worker] p6spy                                    : #1665377284410 | took 0ms | statement | connection 22| url jdbc:h2:mem:6a3784ae-1aa6-4bbf-b617-4d4aeabcc2af
insert into picture (spot_id, url, picture_id) values (?, ?, ?)
insert into picture (spot_id, url, picture_id) values (NULL, 'java.io.StringReader@27bc569a', 1081);
2022-10-10 13:48:04.410  INFO 3923 --- [    Test worker] p6spy                                    : #1665377284410 | took 0ms | statement | connection 22| url jdbc:h2:mem:6a3784ae-1aa6-4bbf-b617-4d4aeabcc2af
insert into picture (spot_id, url, picture_id) values (?, ?, ?)
insert into picture (spot_id, url, picture_id) values (NULL, 'java.io.StringReader@1062710e', 1082);
2022-10-10 13:48:04.410  INFO 3923 --- [    Test worker] p6spy                                    : #1665377284410 | took 0ms | statement | connection 22| url jdbc:h2:mem:6a3784ae-1aa6-4bbf-b617-4d4aeabcc2af
insert into picture (spot_id, url, picture_id) values (?, ?, ?)
insert into picture (spot_id, url, picture_id) values (NULL, 'java.io.StringReader@983f21e', 1083);
2022-10-10 13:48:04.410  INFO 3923 --- [    Test worker] p6spy                                    : #1665377284410 | took 0ms | statement | connection 22| url jdbc:h2:mem:6a3784ae-1aa6-4bbf-b617-4d4aeabcc2af
insert into spot (address, description, location, name, score_id, spot_id) values (?, ?, ?, ?, ?, ?)
insert into spot (address, description, location, name, score_id, spot_id) values (NULL, NULL, 'Andeok_myeon', NULL, 257, 323);
2022-10-10 13:48:04.410  INFO 3923 --- [    Test worker] p6spy                                    : #1665377284410 | took 0ms | statement | connection 22| url jdbc:h2:mem:6a3784ae-1aa6-4bbf-b617-4d4aeabcc2af
insert into member_spot (member_id, score, spot_id, member_spot_id) values (?, ?, ?, ?)
insert into member_spot (member_id, score, spot_id, member_spot_id) values (12, 0.0, 323, 1084);
2022-10-10 13:48:04.410  INFO 3923 --- [    Test worker] p6spy                                    : #1665377284410 | took 0ms | statement | connection 22| url jdbc:h2:mem:6a3784ae-1aa6-4bbf-b617-4d4aeabcc2af
insert into review (content, spot_id, review_id) values (?, ?, ?)
insert into review (content, spot_id, review_id) values ('java.io.StringReader@6a2d9f99', 269, 259);
2022-10-10 13:48:04.410  INFO 3923 --- [    Test worker] p6spy                                    : #1665377284410 | took 0ms | statement | connection 22| url jdbc:h2:mem:6a3784ae-1aa6-4bbf-b617-4d4aeabcc2af
insert into favorite_spot (count, favorite_id, spot_id, favorite_spot_id) values (?, ?, ?, ?)
insert into favorite_spot (count, favorite_id, spot_id, favorite_spot_id) values (0, 36, 323, 298);
2022-10-10 13:48:04.410  INFO 3923 --- [    Test worker] p6spy                                    : #1665377284410 | took 0ms | statement | connection 22| url jdbc:h2:mem:6a3784ae-1aa6-4bbf-b617-4d4aeabcc2af
insert into score (facility_rank, facility_score, price_rank, price_score, rank_average, surround_rank, surround_score, view_rank, view_score, score_id) values (?, ?, ?, ?, ?, ?, ?, ?, ?, ?)
insert into score (facility_rank, facility_score, price_rank, price_score, rank_average, surround_rank, surround_score, view_rank, view_score, score_id) values (4.4277207046124625, 0.22111572992222883, 7.658712840782847, 4.03564518175998, 6.998145653975092, 0.3257155625575048, 3.6623131805806928, 0.16440256458007396, 1.489015110905253, 258);
2022-10-10 13:48:04.410  INFO 3923 --- [    Test worker] p6spy                                    : #1665377284410 | took 0ms | statement | connection 22| url jdbc:h2:mem:6a3784ae-1aa6-4bbf-b617-4d4aeabcc2af
insert into picture (spot_id, url, picture_id) values (?, ?, ?)
insert into picture (spot_id, url, picture_id) values (NULL, 'java.io.StringReader@65973195', 1085);
2022-10-10 13:48:04.410  INFO 3923 --- [    Test worker] p6spy                                    : #1665377284410 | took 0ms | statement | connection 22| url jdbc:h2:mem:6a3784ae-1aa6-4bbf-b617-4d4aeabcc2af
insert into picture (spot_id, url, picture_id) values (?, ?, ?)
insert into picture (spot_id, url, picture_id) values (NULL, 'java.io.StringReader@55bf52b9', 1086);
2022-10-10 13:48:04.410  INFO 3923 --- [    Test worker] p6spy                                    : #1665377284410 | took 0ms | statement | connection 22| url jdbc:h2:mem:6a3784ae-1aa6-4bbf-b617-4d4aeabcc2af
insert into picture (spot_id, url, picture_id) values (?, ?, ?)
insert into picture (spot_id, url, picture_id) values (NULL, 'java.io.StringReader@26428f0e', 1087);
2022-10-10 13:48:04.410  INFO 3923 --- [    Test worker] p6spy                                    : #1665377284410 | took 0ms | statement | connection 22| url jdbc:h2:mem:6a3784ae-1aa6-4bbf-b617-4d4aeabcc2af
insert into spot (address, description, location, name, score_id, spot_id) values (?, ?, ?, ?, ?, ?)
insert into spot (address, description, location, name, score_id, spot_id) values (NULL, NULL, 'Andeok_myeon', NULL, 258, 324);
2022-10-10 13:48:04.410  INFO 3923 --- [    Test worker] p6spy                                    : #1665377284410 | took 0ms | statement | connection 22| url jdbc:h2:mem:6a3784ae-1aa6-4bbf-b617-4d4aeabcc2af
insert into member_spot (member_id, score, spot_id, member_spot_id) values (?, ?, ?, ?)
insert into member_spot (member_id, score, spot_id, member_spot_id) values (12, 0.0, 324, 1088);
2022-10-10 13:48:04.410  INFO 3923 --- [    Test worker] p6spy                                    : #1665377284410 | took 0ms | statement | connection 22| url jdbc:h2:mem:6a3784ae-1aa6-4bbf-b617-4d4aeabcc2af
insert into review (content, spot_id, review_id) values (?, ?, ?)
insert into review (content, spot_id, review_id) values ('java.io.StringReader@3fe900b0', 269, 260);
2022-10-10 13:48:04.410  INFO 3923 --- [    Test worker] p6spy                                    : #1665377284410 | took 0ms | statement | connection 22| url jdbc:h2:mem:6a3784ae-1aa6-4bbf-b617-4d4aeabcc2af
insert into score (facility_rank, facility_score, price_rank, price_score, rank_average, surround_rank, surround_score, view_rank, view_score, score_id) values (?, ?, ?, ?, ?, ?, ?, ?, ?, ?)
insert into score (facility_rank, facility_score, price_rank, price_score, rank_average, surround_rank, surround_score, view_rank, view_score, score_id) values (3.9833676358790395, 3.0378389203457523, 7.4766043818786425, 8.258943978285918, 1.9638129554614714, 3.457791605930259, 0.8519593945657067, 9.885889391198605, 2.2764092013951878, 259);
2022-10-10 13:48:04.410  INFO 3923 --- [    Test worker] p6spy                                    : #1665377284410 | took 0ms | statement | connection 22| url jdbc:h2:mem:6a3784ae-1aa6-4bbf-b617-4d4aeabcc2af
insert into picture (spot_id, url, picture_id) values (?, ?, ?)
insert into picture (spot_id, url, picture_id) values (NULL, 'java.io.StringReader@57d6d605', 1089);
2022-10-10 13:48:04.410  INFO 3923 --- [    Test worker] p6spy                                    : #1665377284410 | took 0ms | statement | connection 22| url jdbc:h2:mem:6a3784ae-1aa6-4bbf-b617-4d4aeabcc2af
insert into picture (spot_id, url, picture_id) values (?, ?, ?)
insert into picture (spot_id, url, picture_id) values (NULL, 'java.io.StringReader@3c39cf7f', 1090);
2022-10-10 13:48:04.410  INFO 3923 --- [    Test worker] p6spy                                    : #1665377284410 | took 0ms | statement | connection 22| url jdbc:h2:mem:6a3784ae-1aa6-4bbf-b617-4d4aeabcc2af
insert into picture (spot_id, url, picture_id) values (?, ?, ?)
insert into picture (spot_id, url, picture_id) values (NULL, 'java.io.StringReader@4b4be42c', 1091);
2022-10-10 13:48:04.410  INFO 3923 --- [    Test worker] p6spy                                    : #1665377284410 | took 0ms | statement | connection 22| url jdbc:h2:mem:6a3784ae-1aa6-4bbf-b617-4d4aeabcc2af
insert into spot (address, description, location, name, score_id, spot_id) values (?, ?, ?, ?, ?, ?)
insert into spot (address, description, location, name, score_id, spot_id) values (NULL, NULL, 'Andeok_myeon', NULL, 259, 325);
2022-10-10 13:48:04.411  INFO 3923 --- [    Test worker] p6spy                                    : #1665377284411 | took 0ms | statement | connection 22| url jdbc:h2:mem:6a3784ae-1aa6-4bbf-b617-4d4aeabcc2af
insert into member_spot (member_id, score, spot_id, member_spot_id) values (?, ?, ?, ?)
insert into member_spot (member_id, score, spot_id, member_spot_id) values (12, 0.0, 325, 1092);
2022-10-10 13:48:04.411  INFO 3923 --- [    Test worker] p6spy                                    : #1665377284411 | took 0ms | statement | connection 22| url jdbc:h2:mem:6a3784ae-1aa6-4bbf-b617-4d4aeabcc2af
insert into review (content, spot_id, review_id) values (?, ?, ?)
insert into review (content, spot_id, review_id) values ('java.io.StringReader@1b1d094a', 269, 261);
2022-10-10 13:48:04.411  INFO 3923 --- [    Test worker] p6spy                                    : #1665377284411 | took 0ms | statement | connection 22| url jdbc:h2:mem:6a3784ae-1aa6-4bbf-b617-4d4aeabcc2af
insert into favorite_spot (count, favorite_id, spot_id, favorite_spot_id) values (?, ?, ?, ?)
insert into favorite_spot (count, favorite_id, spot_id, favorite_spot_id) values (0, 36, 325, 299);
2022-10-10 13:48:04.411  INFO 3923 --- [    Test worker] p6spy                                    : #1665377284411 | took 0ms | statement | connection 22| url jdbc:h2:mem:6a3784ae-1aa6-4bbf-b617-4d4aeabcc2af
insert into score (facility_rank, facility_score, price_rank, price_score, rank_average, surround_rank, surround_score, view_rank, view_score, score_id) values (?, ?, ?, ?, ?, ?, ?, ?, ?, ?)
insert into score (facility_rank, facility_score, price_rank, price_score, rank_average, surround_rank, surround_score, view_rank, view_score, score_id) values (6.282124736563772, 3.7557760589865588, 3.871554078094265, 8.297266589928588, 4.404252961181218, 7.143822675794036, 8.30171375234338, 6.231653078606907, 5.512625606872503, 260);
2022-10-10 13:48:04.411  INFO 3923 --- [    Test worker] p6spy                                    : #1665377284411 | took 0ms | statement | connection 22| url jdbc:h2:mem:6a3784ae-1aa6-4bbf-b617-4d4aeabcc2af
insert into picture (spot_id, url, picture_id) values (?, ?, ?)
insert into picture (spot_id, url, picture_id) values (NULL, 'java.io.StringReader@5dcc3f87', 1093);
2022-10-10 13:48:04.411  INFO 3923 --- [    Test worker] p6spy                                    : #1665377284411 | took 0ms | statement | connection 22| url jdbc:h2:mem:6a3784ae-1aa6-4bbf-b617-4d4aeabcc2af
insert into picture (spot_id, url, picture_id) values (?, ?, ?)
insert into picture (spot_id, url, picture_id) values (NULL, 'java.io.StringReader@1f259691', 1094);
2022-10-10 13:48:04.411  INFO 3923 --- [    Test worker] p6spy                                    : #1665377284411 | took 0ms | statement | connection 22| url jdbc:h2:mem:6a3784ae-1aa6-4bbf-b617-4d4aeabcc2af
insert into picture (spot_id, url, picture_id) values (?, ?, ?)
insert into picture (spot_id, url, picture_id) values (NULL, 'java.io.StringReader@2298e5d2', 1095);
2022-10-10 13:48:04.411  INFO 3923 --- [    Test worker] p6spy                                    : #1665377284411 | took 0ms | statement | connection 22| url jdbc:h2:mem:6a3784ae-1aa6-4bbf-b617-4d4aeabcc2af
insert into spot (address, description, location, name, score_id, spot_id) values (?, ?, ?, ?, ?, ?)
insert into spot (address, description, location, name, score_id, spot_id) values (NULL, NULL, 'Andeok_myeon', NULL, 260, 326);
2022-10-10 13:48:04.411  INFO 3923 --- [    Test worker] p6spy                                    : #1665377284411 | took 0ms | statement | connection 22| url jdbc:h2:mem:6a3784ae-1aa6-4bbf-b617-4d4aeabcc2af
insert into member_spot (member_id, score, spot_id, member_spot_id) values (?, ?, ?, ?)
insert into member_spot (member_id, score, spot_id, member_spot_id) values (12, 0.0, 326, 1096);
2022-10-10 13:48:04.411  INFO 3923 --- [    Test worker] p6spy                                    : #1665377284411 | took 0ms | statement | connection 22| url jdbc:h2:mem:6a3784ae-1aa6-4bbf-b617-4d4aeabcc2af
insert into review (content, spot_id, review_id) values (?, ?, ?)
insert into review (content, spot_id, review_id) values ('java.io.StringReader@23cde615', 269, 262);
2022-10-10 13:48:04.411  INFO 3923 --- [    Test worker] p6spy                                    : #1665377284411 | took 0ms | statement | connection 22| url jdbc:h2:mem:6a3784ae-1aa6-4bbf-b617-4d4aeabcc2af
insert into score (facility_rank, facility_score, price_rank, price_score, rank_average, surround_rank, surround_score, view_rank, view_score, score_id) values (?, ?, ?, ?, ?, ?, ?, ?, ?, ?)
insert into score (facility_rank, facility_score, price_rank, price_score, rank_average, surround_rank, surround_score, view_rank, view_score, score_id) values (8.510755544193247, 0.6917406259582759, 1.2496237094239482, 7.673392696667766, 5.971853670863993, 9.6209595590576, 0.06321710007934467, 5.948070898682118, 2.4099129256771468, 261);
2022-10-10 13:48:04.411  INFO 3923 --- [    Test worker] p6spy                                    : #1665377284411 | took 0ms | statement | connection 22| url jdbc:h2:mem:6a3784ae-1aa6-4bbf-b617-4d4aeabcc2af
insert into picture (spot_id, url, picture_id) values (?, ?, ?)
insert into picture (spot_id, url, picture_id) values (NULL, 'java.io.StringReader@5a3f9efa', 1097);
2022-10-10 13:48:04.411  INFO 3923 --- [    Test worker] p6spy                                    : #1665377284411 | took 0ms | statement | connection 22| url jdbc:h2:mem:6a3784ae-1aa6-4bbf-b617-4d4aeabcc2af
insert into picture (spot_id, url, picture_id) values (?, ?, ?)
insert into picture (spot_id, url, picture_id) values (NULL, 'java.io.StringReader@35ad04e3', 1098);
2022-10-10 13:48:04.411  INFO 3923 --- [    Test worker] p6spy                                    : #1665377284411 | took 0ms | statement | connection 22| url jdbc:h2:mem:6a3784ae-1aa6-4bbf-b617-4d4aeabcc2af
insert into picture (spot_id, url, picture_id) values (?, ?, ?)
insert into picture (spot_id, url, picture_id) values (NULL, 'java.io.StringReader@4fbd42bb', 1099);
2022-10-10 13:48:04.411  INFO 3923 --- [    Test worker] p6spy                                    : #1665377284411 | took 0ms | statement | connection 22| url jdbc:h2:mem:6a3784ae-1aa6-4bbf-b617-4d4aeabcc2af
insert into spot (address, description, location, name, score_id, spot_id) values (?, ?, ?, ?, ?, ?)
insert into spot (address, description, location, name, score_id, spot_id) values (NULL, NULL, 'Andeok_myeon', NULL, 261, 327);
2022-10-10 13:48:04.411  INFO 3923 --- [    Test worker] p6spy                                    : #1665377284411 | took 0ms | statement | connection 22| url jdbc:h2:mem:6a3784ae-1aa6-4bbf-b617-4d4aeabcc2af
insert into member_spot (member_id, score, spot_id, member_spot_id) values (?, ?, ?, ?)
insert into member_spot (member_id, score, spot_id, member_spot_id) values (12, 0.0, 327, 1100);
2022-10-10 13:48:04.411  INFO 3923 --- [    Test worker] p6spy                                    : #1665377284411 | took 0ms | statement | connection 22| url jdbc:h2:mem:6a3784ae-1aa6-4bbf-b617-4d4aeabcc2af
insert into review (content, spot_id, review_id) values (?, ?, ?)
insert into review (content, spot_id, review_id) values ('java.io.StringReader@6ed36c43', 269, 263);
2022-10-10 13:48:04.411  INFO 3923 --- [    Test worker] p6spy                                    : #1665377284411 | took 0ms | statement | connection 22| url jdbc:h2:mem:6a3784ae-1aa6-4bbf-b617-4d4aeabcc2af
insert into favorite_spot (count, favorite_id, spot_id, favorite_spot_id) values (?, ?, ?, ?)
insert into favorite_spot (count, favorite_id, spot_id, favorite_spot_id) values (0, 36, 327, 300);
2022-10-10 13:48:04.411  INFO 3923 --- [    Test worker] p6spy                                    : #1665377284411 | took 0ms | statement | connection 22| url jdbc:h2:mem:6a3784ae-1aa6-4bbf-b617-4d4aeabcc2af
insert into score (facility_rank, facility_score, price_rank, price_score, rank_average, surround_rank, surround_score, view_rank, view_score, score_id) values (?, ?, ?, ?, ?, ?, ?, ?, ?, ?)
insert into score (facility_rank, facility_score, price_rank, price_score, rank_average, surround_rank, surround_score, view_rank, view_score, score_id) values (7.0154239818945685, 6.468074777492961, 6.509101539022842, 5.921501513105593, 2.3365578188049705, 7.2176137744324285, 6.473758905992442, 3.2346374052503766, 9.159919664276085, 262);
2022-10-10 13:48:04.411  INFO 3923 --- [    Test worker] p6spy                                    : #1665377284411 | took 0ms | statement | connection 22| url jdbc:h2:mem:6a3784ae-1aa6-4bbf-b617-4d4aeabcc2af
insert into picture (spot_id, url, picture_id) values (?, ?, ?)
insert into picture (spot_id, url, picture_id) values (NULL, 'java.io.StringReader@f5ff7ab', 1101);
2022-10-10 13:48:04.411  INFO 3923 --- [    Test worker] p6spy                                    : #1665377284411 | took 0ms | statement | connection 22| url jdbc:h2:mem:6a3784ae-1aa6-4bbf-b617-4d4aeabcc2af
insert into picture (spot_id, url, picture_id) values (?, ?, ?)
insert into picture (spot_id, url, picture_id) values (NULL, 'java.io.StringReader@5e397a71', 1102);
2022-10-10 13:48:04.411  INFO 3923 --- [    Test worker] p6spy                                    : #1665377284411 | took 0ms | statement | connection 22| url jdbc:h2:mem:6a3784ae-1aa6-4bbf-b617-4d4aeabcc2af
insert into picture (spot_id, url, picture_id) values (?, ?, ?)
insert into picture (spot_id, url, picture_id) values (NULL, 'java.io.StringReader@777d1e06', 1103);
2022-10-10 13:48:04.411  INFO 3923 --- [    Test worker] p6spy                                    : #1665377284411 | took 0ms | statement | connection 22| url jdbc:h2:mem:6a3784ae-1aa6-4bbf-b617-4d4aeabcc2af
insert into spot (address, description, location, name, score_id, spot_id) values (?, ?, ?, ?, ?, ?)
insert into spot (address, description, location, name, score_id, spot_id) values (NULL, NULL, 'Andeok_myeon', NULL, 262, 328);
2022-10-10 13:48:04.411  INFO 3923 --- [    Test worker] p6spy                                    : #1665377284411 | took 0ms | statement | connection 22| url jdbc:h2:mem:6a3784ae-1aa6-4bbf-b617-4d4aeabcc2af
insert into member_spot (member_id, score, spot_id, member_spot_id) values (?, ?, ?, ?)
insert into member_spot (member_id, score, spot_id, member_spot_id) values (12, 0.0, 328, 1104);
2022-10-10 13:48:04.411  INFO 3923 --- [    Test worker] p6spy                                    : #1665377284411 | took 0ms | statement | connection 22| url jdbc:h2:mem:6a3784ae-1aa6-4bbf-b617-4d4aeabcc2af
insert into review (content, spot_id, review_id) values (?, ?, ?)
insert into review (content, spot_id, review_id) values ('java.io.StringReader@139b9795', 269, 264);
2022-10-10 13:48:04.411  INFO 3923 --- [    Test worker] p6spy                                    : #1665377284411 | took 0ms | statement | connection 22| url jdbc:h2:mem:6a3784ae-1aa6-4bbf-b617-4d4aeabcc2af
insert into score (facility_rank, facility_score, price_rank, price_score, rank_average, surround_rank, surround_score, view_rank, view_score, score_id) values (?, ?, ?, ?, ?, ?, ?, ?, ?, ?)
insert into score (facility_rank, facility_score, price_rank, price_score, rank_average, surround_rank, surround_score, view_rank, view_score, score_id) values (0.5972130005546494, 4.565671802921082, 4.141392876754323, 7.975101367593597, 8.937178003657644, 6.424462887440365, 1.0212566666320166, 6.786934064871726, 9.522717902010672, 263);
2022-10-10 13:48:04.411  INFO 3923 --- [    Test worker] p6spy                                    : #1665377284411 | took 0ms | statement | connection 22| url jdbc:h2:mem:6a3784ae-1aa6-4bbf-b617-4d4aeabcc2af
insert into picture (spot_id, url, picture_id) values (?, ?, ?)
insert into picture (spot_id, url, picture_id) values (NULL, 'java.io.StringReader@323fdbf0', 1105);
2022-10-10 13:48:04.411  INFO 3923 --- [    Test worker] p6spy                                    : #1665377284411 | took 0ms | statement | connection 22| url jdbc:h2:mem:6a3784ae-1aa6-4bbf-b617-4d4aeabcc2af
insert into picture (spot_id, url, picture_id) values (?, ?, ?)
insert into picture (spot_id, url, picture_id) values (NULL, 'java.io.StringReader@69d7b1f9', 1106);
2022-10-10 13:48:04.411  INFO 3923 --- [    Test worker] p6spy                                    : #1665377284411 | took 0ms | statement | connection 22| url jdbc:h2:mem:6a3784ae-1aa6-4bbf-b617-4d4aeabcc2af
insert into picture (spot_id, url, picture_id) values (?, ?, ?)
insert into picture (spot_id, url, picture_id) values (NULL, 'java.io.StringReader@3b621547', 1107);
2022-10-10 13:48:04.411  INFO 3923 --- [    Test worker] p6spy                                    : #1665377284411 | took 0ms | statement | connection 22| url jdbc:h2:mem:6a3784ae-1aa6-4bbf-b617-4d4aeabcc2af
insert into spot (address, description, location, name, score_id, spot_id) values (?, ?, ?, ?, ?, ?)
insert into spot (address, description, location, name, score_id, spot_id) values (NULL, NULL, 'Andeok_myeon', NULL, 263, 329);
2022-10-10 13:48:04.411  INFO 3923 --- [    Test worker] p6spy                                    : #1665377284411 | took 0ms | statement | connection 22| url jdbc:h2:mem:6a3784ae-1aa6-4bbf-b617-4d4aeabcc2af
insert into member_spot (member_id, score, spot_id, member_spot_id) values (?, ?, ?, ?)
insert into member_spot (member_id, score, spot_id, member_spot_id) values (12, 0.0, 329, 1108);
2022-10-10 13:48:04.411  INFO 3923 --- [    Test worker] p6spy                                    : #1665377284411 | took 0ms | statement | connection 22| url jdbc:h2:mem:6a3784ae-1aa6-4bbf-b617-4d4aeabcc2af
insert into review (content, spot_id, review_id) values (?, ?, ?)
insert into review (content, spot_id, review_id) values ('java.io.StringReader@247357e4', 269, 265);
2022-10-10 13:48:04.411  INFO 3923 --- [    Test worker] p6spy                                    : #1665377284411 | took 0ms | statement | connection 22| url jdbc:h2:mem:6a3784ae-1aa6-4bbf-b617-4d4aeabcc2af
insert into favorite_spot (count, favorite_id, spot_id, favorite_spot_id) values (?, ?, ?, ?)
insert into favorite_spot (count, favorite_id, spot_id, favorite_spot_id) values (0, 36, 329, 301);
2022-10-10 13:48:04.411  INFO 3923 --- [    Test worker] p6spy                                    : #1665377284411 | took 0ms | statement | connection 22| url jdbc:h2:mem:6a3784ae-1aa6-4bbf-b617-4d4aeabcc2af
insert into score (facility_rank, facility_score, price_rank, price_score, rank_average, surround_rank, surround_score, view_rank, view_score, score_id) values (?, ?, ?, ?, ?, ?, ?, ?, ?, ?)
insert into score (facility_rank, facility_score, price_rank, price_score, rank_average, surround_rank, surround_score, view_rank, view_score, score_id) values (4.480424237766117, 1.3363495723786312, 7.110128943182955, 3.402595877191794, 6.906481626934779, 5.545351856414157, 9.853264784972616, 2.5714440518255355, 0.24935485803597834, 264);
2022-10-10 13:48:04.411  INFO 3923 --- [    Test worker] p6spy                                    : #1665377284411 | took 0ms | statement | connection 22| url jdbc:h2:mem:6a3784ae-1aa6-4bbf-b617-4d4aeabcc2af
insert into picture (spot_id, url, picture_id) values (?, ?, ?)
insert into picture (spot_id, url, picture_id) values (NULL, 'java.io.StringReader@31800e86', 1109);
2022-10-10 13:48:04.411  INFO 3923 --- [    Test worker] p6spy                                    : #1665377284411 | took 0ms | statement | connection 22| url jdbc:h2:mem:6a3784ae-1aa6-4bbf-b617-4d4aeabcc2af
insert into picture (spot_id, url, picture_id) values (?, ?, ?)
insert into picture (spot_id, url, picture_id) values (NULL, 'java.io.StringReader@1e1f0059', 1110);
2022-10-10 13:48:04.411  INFO 3923 --- [    Test worker] p6spy                                    : #1665377284411 | took 0ms | statement | connection 22| url jdbc:h2:mem:6a3784ae-1aa6-4bbf-b617-4d4aeabcc2af
insert into picture (spot_id, url, picture_id) values (?, ?, ?)
insert into picture (spot_id, url, picture_id) values (NULL, 'java.io.StringReader@30559e92', 1111);
2022-10-10 13:48:04.412  INFO 3923 --- [    Test worker] p6spy                                    : #1665377284412 | took 0ms | statement | connection 22| url jdbc:h2:mem:6a3784ae-1aa6-4bbf-b617-4d4aeabcc2af
insert into spot (address, description, location, name, score_id, spot_id) values (?, ?, ?, ?, ?, ?)
insert into spot (address, description, location, name, score_id, spot_id) values (NULL, NULL, 'Andeok_myeon', NULL, 264, 330);
2022-10-10 13:48:04.412  INFO 3923 --- [    Test worker] p6spy                                    : #1665377284412 | took 0ms | statement | connection 22| url jdbc:h2:mem:6a3784ae-1aa6-4bbf-b617-4d4aeabcc2af
insert into member_spot (member_id, score, spot_id, member_spot_id) values (?, ?, ?, ?)
insert into member_spot (member_id, score, spot_id, member_spot_id) values (12, 0.0, 330, 1112);
2022-10-10 13:48:04.412  INFO 3923 --- [    Test worker] p6spy                                    : #1665377284412 | took 0ms | statement | connection 22| url jdbc:h2:mem:6a3784ae-1aa6-4bbf-b617-4d4aeabcc2af
insert into review (content, spot_id, review_id) values (?, ?, ?)
insert into review (content, spot_id, review_id) values ('java.io.StringReader@10ebfb4f', 269, 266);
2022-10-10 13:48:04.412  INFO 3923 --- [    Test worker] p6spy                                    : #1665377284412 | took 0ms | statement | connection 22| url jdbc:h2:mem:6a3784ae-1aa6-4bbf-b617-4d4aeabcc2af
insert into score (facility_rank, facility_score, price_rank, price_score, rank_average, surround_rank, surround_score, view_rank, view_score, score_id) values (?, ?, ?, ?, ?, ?, ?, ?, ?, ?)
insert into score (facility_rank, facility_score, price_rank, price_score, rank_average, surround_rank, surround_score, view_rank, view_score, score_id) values (3.831513118570954, 3.295388876468449, 7.1075021621480925, 3.6360927014888444, 8.281645675677922, 9.684767368092452, 2.157614522737604, 1.8054694649560366, 2.7065344414930106, 265);
2022-10-10 13:48:04.412  INFO 3923 --- [    Test worker] p6spy                                    : #1665377284412 | took 0ms | statement | connection 22| url jdbc:h2:mem:6a3784ae-1aa6-4bbf-b617-4d4aeabcc2af
insert into picture (spot_id, url, picture_id) values (?, ?, ?)
insert into picture (spot_id, url, picture_id) values (NULL, 'java.io.StringReader@4194830b', 1113);
2022-10-10 13:48:04.412  INFO 3923 --- [    Test worker] p6spy                                    : #1665377284412 | took 0ms | statement | connection 22| url jdbc:h2:mem:6a3784ae-1aa6-4bbf-b617-4d4aeabcc2af
insert into picture (spot_id, url, picture_id) values (?, ?, ?)
insert into picture (spot_id, url, picture_id) values (NULL, 'java.io.StringReader@2eafa259', 1114);
2022-10-10 13:48:04.412  INFO 3923 --- [    Test worker] p6spy                                    : #1665377284412 | took 0ms | statement | connection 22| url jdbc:h2:mem:6a3784ae-1aa6-4bbf-b617-4d4aeabcc2af
insert into picture (spot_id, url, picture_id) values (?, ?, ?)
insert into picture (spot_id, url, picture_id) values (NULL, 'java.io.StringReader@27a9d146', 1115);
2022-10-10 13:48:04.412  INFO 3923 --- [    Test worker] p6spy                                    : #1665377284412 | took 0ms | statement | connection 22| url jdbc:h2:mem:6a3784ae-1aa6-4bbf-b617-4d4aeabcc2af
insert into spot (address, description, location, name, score_id, spot_id) values (?, ?, ?, ?, ?, ?)
insert into spot (address, description, location, name, score_id, spot_id) values (NULL, NULL, 'Andeok_myeon', NULL, 265, 331);
2022-10-10 13:48:04.412  INFO 3923 --- [    Test worker] p6spy                                    : #1665377284412 | took 0ms | statement | connection 22| url jdbc:h2:mem:6a3784ae-1aa6-4bbf-b617-4d4aeabcc2af
insert into member_spot (member_id, score, spot_id, member_spot_id) values (?, ?, ?, ?)
insert into member_spot (member_id, score, spot_id, member_spot_id) values (12, 0.0, 331, 1116);
2022-10-10 13:48:04.412  INFO 3923 --- [    Test worker] p6spy                                    : #1665377284412 | took 0ms | statement | connection 22| url jdbc:h2:mem:6a3784ae-1aa6-4bbf-b617-4d4aeabcc2af
insert into review (content, spot_id, review_id) values (?, ?, ?)
insert into review (content, spot_id, review_id) values ('java.io.StringReader@278e993c', 269, 267);
2022-10-10 13:48:04.412  INFO 3923 --- [    Test worker] p6spy                                    : #1665377284412 | took 0ms | statement | connection 22| url jdbc:h2:mem:6a3784ae-1aa6-4bbf-b617-4d4aeabcc2af
insert into favorite_spot (count, favorite_id, spot_id, favorite_spot_id) values (?, ?, ?, ?)
insert into favorite_spot (count, favorite_id, spot_id, favorite_spot_id) values (0, 36, 331, 302);
2022-10-10 13:48:04.412  INFO 3923 --- [    Test worker] p6spy                                    : #1665377284412 | took 0ms | statement | connection 22| url jdbc:h2:mem:6a3784ae-1aa6-4bbf-b617-4d4aeabcc2af
insert into score (facility_rank, facility_score, price_rank, price_score, rank_average, surround_rank, surround_score, view_rank, view_score, score_id) values (?, ?, ?, ?, ?, ?, ?, ?, ?, ?)
insert into score (facility_rank, facility_score, price_rank, price_score, rank_average, surround_rank, surround_score, view_rank, view_score, score_id) values (1.3834403330514955, 4.945069371994919, 1.7751306312605597, 4.812565805789144, 3.5685044961324275, 8.873536241162336, 3.3065383964473827, 9.373243879870461, 5.004046044333965, 266);
2022-10-10 13:48:04.412  INFO 3923 --- [    Test worker] p6spy                                    : #1665377284412 | took 0ms | statement | connection 22| url jdbc:h2:mem:6a3784ae-1aa6-4bbf-b617-4d4aeabcc2af
insert into picture (spot_id, url, picture_id) values (?, ?, ?)
insert into picture (spot_id, url, picture_id) values (NULL, 'java.io.StringReader@4c73e7f0', 1117);
2022-10-10 13:48:04.412  INFO 3923 --- [    Test worker] p6spy                                    : #1665377284412 | took 0ms | statement | connection 22| url jdbc:h2:mem:6a3784ae-1aa6-4bbf-b617-4d4aeabcc2af
insert into picture (spot_id, url, picture_id) values (?, ?, ?)
insert into picture (spot_id, url, picture_id) values (NULL, 'java.io.StringReader@6d3f3553', 1118);
2022-10-10 13:48:04.412  INFO 3923 --- [    Test worker] p6spy                                    : #1665377284412 | took 0ms | statement | connection 22| url jdbc:h2:mem:6a3784ae-1aa6-4bbf-b617-4d4aeabcc2af
insert into picture (spot_id, url, picture_id) values (?, ?, ?)
insert into picture (spot_id, url, picture_id) values (NULL, 'java.io.StringReader@10047379', 1119);
2022-10-10 13:48:04.412  INFO 3923 --- [    Test worker] p6spy                                    : #1665377284412 | took 0ms | statement | connection 22| url jdbc:h2:mem:6a3784ae-1aa6-4bbf-b617-4d4aeabcc2af
insert into spot (address, description, location, name, score_id, spot_id) values (?, ?, ?, ?, ?, ?)
insert into spot (address, description, location, name, score_id, spot_id) values (NULL, NULL, 'Andeok_myeon', NULL, 266, 332);
2022-10-10 13:48:04.412  INFO 3923 --- [    Test worker] p6spy                                    : #1665377284412 | took 0ms | statement | connection 22| url jdbc:h2:mem:6a3784ae-1aa6-4bbf-b617-4d4aeabcc2af
insert into member_spot (member_id, score, spot_id, member_spot_id) values (?, ?, ?, ?)
insert into member_spot (member_id, score, spot_id, member_spot_id) values (12, 0.0, 332, 1120);
2022-10-10 13:48:04.412  INFO 3923 --- [    Test worker] p6spy                                    : #1665377284412 | took 0ms | statement | connection 22| url jdbc:h2:mem:6a3784ae-1aa6-4bbf-b617-4d4aeabcc2af
insert into review (content, spot_id, review_id) values (?, ?, ?)
insert into review (content, spot_id, review_id) values ('java.io.StringReader@2c6beab5', 269, 268);
2022-10-10 13:48:04.412  INFO 3923 --- [    Test worker] p6spy                                    : #1665377284412 | took 0ms | statement | connection 22| url jdbc:h2:mem:6a3784ae-1aa6-4bbf-b617-4d4aeabcc2af
insert into score (facility_rank, facility_score, price_rank, price_score, rank_average, surround_rank, surround_score, view_rank, view_score, score_id) values (?, ?, ?, ?, ?, ?, ?, ?, ?, ?)
insert into score (facility_rank, facility_score, price_rank, price_score, rank_average, surround_rank, surround_score, view_rank, view_score, score_id) values (5.673373287077414, 7.667487042817092, 2.11955989855121, 7.456449494350642, 0.4547825020080487, 3.77389251068554, 5.884912319489012, 0.8154187294584014, 4.848429153987058, 267);
2022-10-10 13:48:04.412  INFO 3923 --- [    Test worker] p6spy                                    : #1665377284412 | took 0ms | statement | connection 22| url jdbc:h2:mem:6a3784ae-1aa6-4bbf-b617-4d4aeabcc2af
insert into picture (spot_id, url, picture_id) values (?, ?, ?)
insert into picture (spot_id, url, picture_id) values (NULL, 'java.io.StringReader@3826543', 1121);
2022-10-10 13:48:04.412  INFO 3923 --- [    Test worker] p6spy                                    : #1665377284412 | took 0ms | statement | connection 22| url jdbc:h2:mem:6a3784ae-1aa6-4bbf-b617-4d4aeabcc2af
insert into picture (spot_id, url, picture_id) values (?, ?, ?)
insert into picture (spot_id, url, picture_id) values (NULL, 'java.io.StringReader@15780ba8', 1122);
2022-10-10 13:48:04.412  INFO 3923 --- [    Test worker] p6spy                                    : #1665377284412 | took 0ms | statement | connection 22| url jdbc:h2:mem:6a3784ae-1aa6-4bbf-b617-4d4aeabcc2af
insert into picture (spot_id, url, picture_id) values (?, ?, ?)
insert into picture (spot_id, url, picture_id) values (NULL, 'java.io.StringReader@289656c6', 1123);
2022-10-10 13:48:04.412  INFO 3923 --- [    Test worker] p6spy                                    : #1665377284412 | took 0ms | statement | connection 22| url jdbc:h2:mem:6a3784ae-1aa6-4bbf-b617-4d4aeabcc2af
insert into spot (address, description, location, name, score_id, spot_id) values (?, ?, ?, ?, ?, ?)
insert into spot (address, description, location, name, score_id, spot_id) values (NULL, NULL, 'Andeok_myeon', NULL, 267, 333);
2022-10-10 13:48:04.412  INFO 3923 --- [    Test worker] p6spy                                    : #1665377284412 | took 0ms | statement | connection 22| url jdbc:h2:mem:6a3784ae-1aa6-4bbf-b617-4d4aeabcc2af
insert into member_spot (member_id, score, spot_id, member_spot_id) values (?, ?, ?, ?)
insert into member_spot (member_id, score, spot_id, member_spot_id) values (12, 0.0, 333, 1124);
2022-10-10 13:48:04.412  INFO 3923 --- [    Test worker] p6spy                                    : #1665377284412 | took 0ms | statement | connection 22| url jdbc:h2:mem:6a3784ae-1aa6-4bbf-b617-4d4aeabcc2af
insert into review (content, spot_id, review_id) values (?, ?, ?)
insert into review (content, spot_id, review_id) values ('java.io.StringReader@7ac85fbe', 269, 269);
2022-10-10 13:48:04.412  INFO 3923 --- [    Test worker] p6spy                                    : #1665377284412 | took 0ms | statement | connection 22| url jdbc:h2:mem:6a3784ae-1aa6-4bbf-b617-4d4aeabcc2af
insert into favorite_spot (count, favorite_id, spot_id, favorite_spot_id) values (?, ?, ?, ?)
insert into favorite_spot (count, favorite_id, spot_id, favorite_spot_id) values (0, 36, 333, 303);
2022-10-10 13:48:04.413  INFO 3923 --- [    Test worker] p6spy                                    : #1665377284413 | took 0ms | statement | connection 22| url jdbc:h2:mem:6a3784ae-1aa6-4bbf-b617-4d4aeabcc2af
insert into score (facility_rank, facility_score, price_rank, price_score, rank_average, surround_rank, surround_score, view_rank, view_score, score_id) values (?, ?, ?, ?, ?, ?, ?, ?, ?, ?)
insert into score (facility_rank, facility_score, price_rank, price_score, rank_average, surround_rank, surround_score, view_rank, view_score, score_id) values (6.9465178745229625, 1.10597609960713, 7.876167820379908, 0.5354590884490651, 6.205824817829447, 0.6828370748810042, 8.896255448799177, 9.608135453770656, 8.241628994542564, 268);
2022-10-10 13:48:04.413  INFO 3923 --- [    Test worker] p6spy                                    : #1665377284413 | took 0ms | statement | connection 22| url jdbc:h2:mem:6a3784ae-1aa6-4bbf-b617-4d4aeabcc2af
insert into picture (spot_id, url, picture_id) values (?, ?, ?)
insert into picture (spot_id, url, picture_id) values (NULL, 'java.io.StringReader@2520cb0a', 1125);
2022-10-10 13:48:04.413  INFO 3923 --- [    Test worker] p6spy                                    : #1665377284413 | took 0ms | statement | connection 22| url jdbc:h2:mem:6a3784ae-1aa6-4bbf-b617-4d4aeabcc2af
insert into picture (spot_id, url, picture_id) values (?, ?, ?)
insert into picture (spot_id, url, picture_id) values (NULL, 'java.io.StringReader@d03e31', 1126);
2022-10-10 13:48:04.413  INFO 3923 --- [    Test worker] p6spy                                    : #1665377284413 | took 0ms | statement | connection 22| url jdbc:h2:mem:6a3784ae-1aa6-4bbf-b617-4d4aeabcc2af
insert into picture (spot_id, url, picture_id) values (?, ?, ?)
insert into picture (spot_id, url, picture_id) values (NULL, 'java.io.StringReader@79895a73', 1127);
2022-10-10 13:48:04.413  INFO 3923 --- [    Test worker] p6spy                                    : #1665377284413 | took 0ms | statement | connection 22| url jdbc:h2:mem:6a3784ae-1aa6-4bbf-b617-4d4aeabcc2af
insert into spot (address, description, location, name, score_id, spot_id) values (?, ?, ?, ?, ?, ?)
insert into spot (address, description, location, name, score_id, spot_id) values (NULL, NULL, 'Andeok_myeon', NULL, 268, 334);
2022-10-10 13:48:04.413  INFO 3923 --- [    Test worker] p6spy                                    : #1665377284413 | took 0ms | statement | connection 22| url jdbc:h2:mem:6a3784ae-1aa6-4bbf-b617-4d4aeabcc2af
insert into member_spot (member_id, score, spot_id, member_spot_id) values (?, ?, ?, ?)
insert into member_spot (member_id, score, spot_id, member_spot_id) values (12, 0.0, 334, 1128);
2022-10-10 13:48:04.413  INFO 3923 --- [    Test worker] p6spy                                    : #1665377284413 | took 0ms | statement | connection 22| url jdbc:h2:mem:6a3784ae-1aa6-4bbf-b617-4d4aeabcc2af
insert into review (content, spot_id, review_id) values (?, ?, ?)
insert into review (content, spot_id, review_id) values ('java.io.StringReader@2781feae', 269, 270);
2022-10-10 13:48:04.413  INFO 3923 --- [    Test worker] p6spy                                    : #1665377284413 | took 0ms | statement | connection 22| url jdbc:h2:mem:6a3784ae-1aa6-4bbf-b617-4d4aeabcc2af
insert into score (facility_rank, facility_score, price_rank, price_score, rank_average, surround_rank, surround_score, view_rank, view_score, score_id) values (?, ?, ?, ?, ?, ?, ?, ?, ?, ?)
insert into score (facility_rank, facility_score, price_rank, price_score, rank_average, surround_rank, surround_score, view_rank, view_score, score_id) values (4.407054411242322, 3.265365039674768, 4.132208687863599, 3.4706728738436565, 2.005384967541283, 1.7910108489249132, 2.5921187179633662, 5.4627011001149075, 3.7809497978073283, 269);
2022-10-10 13:48:04.413  INFO 3923 --- [    Test worker] p6spy                                    : #1665377284413 | took 0ms | statement | connection 22| url jdbc:h2:mem:6a3784ae-1aa6-4bbf-b617-4d4aeabcc2af
insert into picture (spot_id, url, picture_id) values (?, ?, ?)
insert into picture (spot_id, url, picture_id) values (NULL, 'java.io.StringReader@53cc256f', 1129);
2022-10-10 13:48:04.413  INFO 3923 --- [    Test worker] p6spy                                    : #1665377284413 | took 0ms | statement | connection 22| url jdbc:h2:mem:6a3784ae-1aa6-4bbf-b617-4d4aeabcc2af
insert into picture (spot_id, url, picture_id) values (?, ?, ?)
insert into picture (spot_id, url, picture_id) values (NULL, 'java.io.StringReader@295cab5d', 1130);
2022-10-10 13:48:04.413  INFO 3923 --- [    Test worker] p6spy                                    : #1665377284413 | took 0ms | statement | connection 22| url jdbc:h2:mem:6a3784ae-1aa6-4bbf-b617-4d4aeabcc2af
insert into picture (spot_id, url, picture_id) values (?, ?, ?)
insert into picture (spot_id, url, picture_id) values (NULL, 'java.io.StringReader@5080dc92', 1131);
2022-10-10 13:48:04.413  INFO 3923 --- [    Test worker] p6spy                                    : #1665377284413 | took 0ms | statement | connection 22| url jdbc:h2:mem:6a3784ae-1aa6-4bbf-b617-4d4aeabcc2af
insert into spot (address, description, location, name, score_id, spot_id) values (?, ?, ?, ?, ?, ?)
insert into spot (address, description, location, name, score_id, spot_id) values (NULL, NULL, 'Andeok_myeon', NULL, 269, 335);
2022-10-10 13:48:04.413  INFO 3923 --- [    Test worker] p6spy                                    : #1665377284413 | took 0ms | statement | connection 22| url jdbc:h2:mem:6a3784ae-1aa6-4bbf-b617-4d4aeabcc2af
insert into member_spot (member_id, score, spot_id, member_spot_id) values (?, ?, ?, ?)
insert into member_spot (member_id, score, spot_id, member_spot_id) values (12, 0.0, 335, 1132);
2022-10-10 13:48:04.413  INFO 3923 --- [    Test worker] p6spy                                    : #1665377284413 | took 0ms | statement | connection 22| url jdbc:h2:mem:6a3784ae-1aa6-4bbf-b617-4d4aeabcc2af
insert into review (content, spot_id, review_id) values (?, ?, ?)
insert into review (content, spot_id, review_id) values ('java.io.StringReader@18c43285', 269, 271);
2022-10-10 13:48:04.413  INFO 3923 --- [    Test worker] p6spy                                    : #1665377284413 | took 0ms | statement | connection 22| url jdbc:h2:mem:6a3784ae-1aa6-4bbf-b617-4d4aeabcc2af
insert into favorite_spot (count, favorite_id, spot_id, favorite_spot_id) values (?, ?, ?, ?)
insert into favorite_spot (count, favorite_id, spot_id, favorite_spot_id) values (0, 36, 335, 304);
2022-10-10 13:48:04.413  INFO 3923 --- [    Test worker] p6spy                                    : #1665377284413 | took 0ms | statement | connection 22| url jdbc:h2:mem:6a3784ae-1aa6-4bbf-b617-4d4aeabcc2af
insert into score (facility_rank, facility_score, price_rank, price_score, rank_average, surround_rank, surround_score, view_rank, view_score, score_id) values (?, ?, ?, ?, ?, ?, ?, ?, ?, ?)
insert into score (facility_rank, facility_score, price_rank, price_score, rank_average, surround_rank, surround_score, view_rank, view_score, score_id) values (6.851917997893954, 7.36984064853179, 7.82326725678432, 6.530704634151966, 3.988855619276853, 3.271165095155395, 2.400792003341844, 0.9403960364556585, 3.1743168282255088, 270);
2022-10-10 13:48:04.413  INFO 3923 --- [    Test worker] p6spy                                    : #1665377284413 | took 0ms | statement | connection 22| url jdbc:h2:mem:6a3784ae-1aa6-4bbf-b617-4d4aeabcc2af
insert into picture (spot_id, url, picture_id) values (?, ?, ?)
insert into picture (spot_id, url, picture_id) values (NULL, 'java.io.StringReader@6e0d30e4', 1133);
2022-10-10 13:48:04.413  INFO 3923 --- [    Test worker] p6spy                                    : #1665377284413 | took 0ms | statement | connection 22| url jdbc:h2:mem:6a3784ae-1aa6-4bbf-b617-4d4aeabcc2af
insert into picture (spot_id, url, picture_id) values (?, ?, ?)
insert into picture (spot_id, url, picture_id) values (NULL, 'java.io.StringReader@33638e3f', 1134);
2022-10-10 13:48:04.413  INFO 3923 --- [    Test worker] p6spy                                    : #1665377284413 | took 0ms | statement | connection 22| url jdbc:h2:mem:6a3784ae-1aa6-4bbf-b617-4d4aeabcc2af
insert into picture (spot_id, url, picture_id) values (?, ?, ?)
insert into picture (spot_id, url, picture_id) values (NULL, 'java.io.StringReader@17b9049', 1135);
2022-10-10 13:48:04.413  INFO 3923 --- [    Test worker] p6spy                                    : #1665377284413 | took 0ms | statement | connection 22| url jdbc:h2:mem:6a3784ae-1aa6-4bbf-b617-4d4aeabcc2af
insert into spot (address, description, location, name, score_id, spot_id) values (?, ?, ?, ?, ?, ?)
insert into spot (address, description, location, name, score_id, spot_id) values (NULL, NULL, 'Andeok_myeon', NULL, 270, 336);
2022-10-10 13:48:04.413  INFO 3923 --- [    Test worker] p6spy                                    : #1665377284413 | took 0ms | statement | connection 22| url jdbc:h2:mem:6a3784ae-1aa6-4bbf-b617-4d4aeabcc2af
insert into member_spot (member_id, score, spot_id, member_spot_id) values (?, ?, ?, ?)
insert into member_spot (member_id, score, spot_id, member_spot_id) values (12, 0.0, 336, 1136);
2022-10-10 13:48:04.413  INFO 3923 --- [    Test worker] p6spy                                    : #1665377284413 | took 0ms | statement | connection 22| url jdbc:h2:mem:6a3784ae-1aa6-4bbf-b617-4d4aeabcc2af
insert into review (content, spot_id, review_id) values (?, ?, ?)
insert into review (content, spot_id, review_id) values ('java.io.StringReader@6628b1ac', 269, 272);
2022-10-10 13:48:04.413  INFO 3923 --- [    Test worker] p6spy                                    : #1665377284413 | took 0ms | statement | connection 22| url jdbc:h2:mem:6a3784ae-1aa6-4bbf-b617-4d4aeabcc2af
insert into score (facility_rank, facility_score, price_rank, price_score, rank_average, surround_rank, surround_score, view_rank, view_score, score_id) values (?, ?, ?, ?, ?, ?, ?, ?, ?, ?)
insert into score (facility_rank, facility_score, price_rank, price_score, rank_average, surround_rank, surround_score, view_rank, view_score, score_id) values (9.154155974330283, 9.630553603798885, 9.572561241456059, 8.692703201075064, 8.959318282017488, 4.480237671029067, 7.762340317907524, 3.119805944199796, 2.837223158228941, 271);
2022-10-10 13:48:04.413  INFO 3923 --- [    Test worker] p6spy                                    : #1665377284413 | took 0ms | statement | connection 22| url jdbc:h2:mem:6a3784ae-1aa6-4bbf-b617-4d4aeabcc2af
insert into picture (spot_id, url, picture_id) values (?, ?, ?)
insert into picture (spot_id, url, picture_id) values (NULL, 'java.io.StringReader@5494cf4b', 1137);
2022-10-10 13:48:04.413  INFO 3923 --- [    Test worker] p6spy                                    : #1665377284413 | took 0ms | statement | connection 22| url jdbc:h2:mem:6a3784ae-1aa6-4bbf-b617-4d4aeabcc2af
insert into picture (spot_id, url, picture_id) values (?, ?, ?)
insert into picture (spot_id, url, picture_id) values (NULL, 'java.io.StringReader@1ee7aa6', 1138);
2022-10-10 13:48:04.413  INFO 3923 --- [    Test worker] p6spy                                    : #1665377284413 | took 0ms | statement | connection 22| url jdbc:h2:mem:6a3784ae-1aa6-4bbf-b617-4d4aeabcc2af
insert into picture (spot_id, url, picture_id) values (?, ?, ?)
insert into picture (spot_id, url, picture_id) values (NULL, 'java.io.StringReader@335303b6', 1139);
2022-10-10 13:48:04.413  INFO 3923 --- [    Test worker] p6spy                                    : #1665377284413 | took 0ms | statement | connection 22| url jdbc:h2:mem:6a3784ae-1aa6-4bbf-b617-4d4aeabcc2af
insert into spot (address, description, location, name, score_id, spot_id) values (?, ?, ?, ?, ?, ?)
insert into spot (address, description, location, name, score_id, spot_id) values (NULL, NULL, 'Andeok_myeon', NULL, 271, 337);
2022-10-10 13:48:04.413  INFO 3923 --- [    Test worker] p6spy                                    : #1665377284413 | took 0ms | statement | connection 22| url jdbc:h2:mem:6a3784ae-1aa6-4bbf-b617-4d4aeabcc2af
insert into member_spot (member_id, score, spot_id, member_spot_id) values (?, ?, ?, ?)
insert into member_spot (member_id, score, spot_id, member_spot_id) values (12, 0.0, 337, 1140);
2022-10-10 13:48:04.413  INFO 3923 --- [    Test worker] p6spy                                    : #1665377284413 | took 0ms | statement | connection 22| url jdbc:h2:mem:6a3784ae-1aa6-4bbf-b617-4d4aeabcc2af
insert into review (content, spot_id, review_id) values (?, ?, ?)
insert into review (content, spot_id, review_id) values ('java.io.StringReader@4f251b32', 269, 273);
2022-10-10 13:48:04.414  INFO 3923 --- [    Test worker] p6spy                                    : #1665377284414 | took 0ms | statement | connection 22| url jdbc:h2:mem:6a3784ae-1aa6-4bbf-b617-4d4aeabcc2af
insert into favorite_spot (count, favorite_id, spot_id, favorite_spot_id) values (?, ?, ?, ?)
insert into favorite_spot (count, favorite_id, spot_id, favorite_spot_id) values (0, 36, 337, 305);
2022-10-10 13:48:04.414  INFO 3923 --- [    Test worker] p6spy                                    : #1665377284414 | took 0ms | statement | connection 22| url jdbc:h2:mem:6a3784ae-1aa6-4bbf-b617-4d4aeabcc2af
insert into score (facility_rank, facility_score, price_rank, price_score, rank_average, surround_rank, surround_score, view_rank, view_score, score_id) values (?, ?, ?, ?, ?, ?, ?, ?, ?, ?)
insert into score (facility_rank, facility_score, price_rank, price_score, rank_average, surround_rank, surround_score, view_rank, view_score, score_id) values (8.968767283014435, 6.533378910368789, 4.069783415787417, 6.809566132037689, 0.32578239321901736, 1.1820637851470195, 1.9892579733057525, 3.276577846095683, 9.851596071267247, 272);
2022-10-10 13:48:04.414  INFO 3923 --- [    Test worker] p6spy                                    : #1665377284414 | took 0ms | statement | connection 22| url jdbc:h2:mem:6a3784ae-1aa6-4bbf-b617-4d4aeabcc2af
insert into picture (spot_id, url, picture_id) values (?, ?, ?)
insert into picture (spot_id, url, picture_id) values (NULL, 'java.io.StringReader@6987b0e8', 1141);
2022-10-10 13:48:04.414  INFO 3923 --- [    Test worker] p6spy                                    : #1665377284414 | took 0ms | statement | connection 22| url jdbc:h2:mem:6a3784ae-1aa6-4bbf-b617-4d4aeabcc2af
insert into picture (spot_id, url, picture_id) values (?, ?, ?)
insert into picture (spot_id, url, picture_id) values (NULL, 'java.io.StringReader@273b3afc', 1142);
2022-10-10 13:48:04.414  INFO 3923 --- [    Test worker] p6spy                                    : #1665377284414 | took 0ms | statement | connection 22| url jdbc:h2:mem:6a3784ae-1aa6-4bbf-b617-4d4aeabcc2af
insert into picture (spot_id, url, picture_id) values (?, ?, ?)
insert into picture (spot_id, url, picture_id) values (NULL, 'java.io.StringReader@41971628', 1143);
2022-10-10 13:48:04.414  INFO 3923 --- [    Test worker] p6spy                                    : #1665377284414 | took 0ms | statement | connection 22| url jdbc:h2:mem:6a3784ae-1aa6-4bbf-b617-4d4aeabcc2af
insert into spot (address, description, location, name, score_id, spot_id) values (?, ?, ?, ?, ?, ?)
insert into spot (address, description, location, name, score_id, spot_id) values (NULL, NULL, 'Andeok_myeon', NULL, 272, 338);
2022-10-10 13:48:04.414  INFO 3923 --- [    Test worker] p6spy                                    : #1665377284414 | took 0ms | statement | connection 22| url jdbc:h2:mem:6a3784ae-1aa6-4bbf-b617-4d4aeabcc2af
insert into member_spot (member_id, score, spot_id, member_spot_id) values (?, ?, ?, ?)
insert into member_spot (member_id, score, spot_id, member_spot_id) values (12, 0.0, 338, 1144);
2022-10-10 13:48:04.414  INFO 3923 --- [    Test worker] p6spy                                    : #1665377284414 | took 0ms | statement | connection 22| url jdbc:h2:mem:6a3784ae-1aa6-4bbf-b617-4d4aeabcc2af
insert into review (content, spot_id, review_id) values (?, ?, ?)
insert into review (content, spot_id, review_id) values ('java.io.StringReader@4b99dcc8', 269, 274);
2022-10-10 13:48:04.414  INFO 3923 --- [    Test worker] p6spy                                    : #1665377284414 | took 0ms | statement | connection 22| url jdbc:h2:mem:6a3784ae-1aa6-4bbf-b617-4d4aeabcc2af
insert into score (facility_rank, facility_score, price_rank, price_score, rank_average, surround_rank, surround_score, view_rank, view_score, score_id) values (?, ?, ?, ?, ?, ?, ?, ?, ?, ?)
insert into score (facility_rank, facility_score, price_rank, price_score, rank_average, surround_rank, surround_score, view_rank, view_score, score_id) values (4.580690935548911, 5.61229566988832, 7.717755590055283, 8.327569066772247, 3.033477835048186, 6.276822514342401, 1.7752984409400274, 9.66869487290348, 6.465263184746295, 273);
2022-10-10 13:48:04.414  INFO 3923 --- [    Test worker] p6spy                                    : #1665377284414 | took 0ms | statement | connection 22| url jdbc:h2:mem:6a3784ae-1aa6-4bbf-b617-4d4aeabcc2af
insert into picture (spot_id, url, picture_id) values (?, ?, ?)
insert into picture (spot_id, url, picture_id) values (NULL, 'java.io.StringReader@73dcf2da', 1145);
2022-10-10 13:48:04.414  INFO 3923 --- [    Test worker] p6spy                                    : #1665377284414 | took 0ms | statement | connection 22| url jdbc:h2:mem:6a3784ae-1aa6-4bbf-b617-4d4aeabcc2af
insert into picture (spot_id, url, picture_id) values (?, ?, ?)
insert into picture (spot_id, url, picture_id) values (NULL, 'java.io.StringReader@715b237d', 1146);
2022-10-10 13:48:04.414  INFO 3923 --- [    Test worker] p6spy                                    : #1665377284414 | took 0ms | statement | connection 22| url jdbc:h2:mem:6a3784ae-1aa6-4bbf-b617-4d4aeabcc2af
insert into picture (spot_id, url, picture_id) values (?, ?, ?)
insert into picture (spot_id, url, picture_id) values (NULL, 'java.io.StringReader@6b0169ce', 1147);
2022-10-10 13:48:04.414  INFO 3923 --- [    Test worker] p6spy                                    : #1665377284414 | took 0ms | statement | connection 22| url jdbc:h2:mem:6a3784ae-1aa6-4bbf-b617-4d4aeabcc2af
insert into spot (address, description, location, name, score_id, spot_id) values (?, ?, ?, ?, ?, ?)
insert into spot (address, description, location, name, score_id, spot_id) values (NULL, NULL, 'Andeok_myeon', NULL, 273, 339);
2022-10-10 13:48:04.414  INFO 3923 --- [    Test worker] p6spy                                    : #1665377284414 | took 0ms | statement | connection 22| url jdbc:h2:mem:6a3784ae-1aa6-4bbf-b617-4d4aeabcc2af
insert into member_spot (member_id, score, spot_id, member_spot_id) values (?, ?, ?, ?)
insert into member_spot (member_id, score, spot_id, member_spot_id) values (12, 0.0, 339, 1148);
2022-10-10 13:48:04.414  INFO 3923 --- [    Test worker] p6spy                                    : #1665377284414 | took 0ms | statement | connection 22| url jdbc:h2:mem:6a3784ae-1aa6-4bbf-b617-4d4aeabcc2af
insert into review (content, spot_id, review_id) values (?, ?, ?)
insert into review (content, spot_id, review_id) values ('java.io.StringReader@2ba66d0', 269, 275);
2022-10-10 13:48:04.414  INFO 3923 --- [    Test worker] p6spy                                    : #1665377284414 | took 0ms | statement | connection 22| url jdbc:h2:mem:6a3784ae-1aa6-4bbf-b617-4d4aeabcc2af
insert into favorite_spot (count, favorite_id, spot_id, favorite_spot_id) values (?, ?, ?, ?)
insert into favorite_spot (count, favorite_id, spot_id, favorite_spot_id) values (0, 36, 339, 306);
2022-10-10 13:48:04.414  INFO 3923 --- [    Test worker] p6spy                                    : #1665377284414 | took 0ms | statement | connection 22| url jdbc:h2:mem:6a3784ae-1aa6-4bbf-b617-4d4aeabcc2af
insert into score (facility_rank, facility_score, price_rank, price_score, rank_average, surround_rank, surround_score, view_rank, view_score, score_id) values (?, ?, ?, ?, ?, ?, ?, ?, ?, ?)
insert into score (facility_rank, facility_score, price_rank, price_score, rank_average, surround_rank, surround_score, view_rank, view_score, score_id) values (4.599971252277294, 6.987059246653258, 1.9167486334679906, 9.976106099579345, 2.6940486556329124, 5.735547410584778, 3.239788220486852, 8.488147945120284, 8.952336004987675, 274);
2022-10-10 13:48:04.414  INFO 3923 --- [    Test worker] p6spy                                    : #1665377284414 | took 0ms | statement | connection 22| url jdbc:h2:mem:6a3784ae-1aa6-4bbf-b617-4d4aeabcc2af
insert into picture (spot_id, url, picture_id) values (?, ?, ?)
insert into picture (spot_id, url, picture_id) values (NULL, 'java.io.StringReader@392c9283', 1149);
2022-10-10 13:48:04.414  INFO 3923 --- [    Test worker] p6spy                                    : #1665377284414 | took 0ms | statement | connection 22| url jdbc:h2:mem:6a3784ae-1aa6-4bbf-b617-4d4aeabcc2af
insert into picture (spot_id, url, picture_id) values (?, ?, ?)
insert into picture (spot_id, url, picture_id) values (NULL, 'java.io.StringReader@58304c4', 1150);
2022-10-10 13:48:04.414  INFO 3923 --- [    Test worker] p6spy                                    : #1665377284414 | took 0ms | statement | connection 22| url jdbc:h2:mem:6a3784ae-1aa6-4bbf-b617-4d4aeabcc2af
insert into picture (spot_id, url, picture_id) values (?, ?, ?)
insert into picture (spot_id, url, picture_id) values (NULL, 'java.io.StringReader@4d168798', 1151);
2022-10-10 13:48:04.414  INFO 3923 --- [    Test worker] p6spy                                    : #1665377284414 | took 0ms | statement | connection 22| url jdbc:h2:mem:6a3784ae-1aa6-4bbf-b617-4d4aeabcc2af
insert into spot (address, description, location, name, score_id, spot_id) values (?, ?, ?, ?, ?, ?)
insert into spot (address, description, location, name, score_id, spot_id) values (NULL, NULL, 'Andeok_myeon', NULL, 274, 340);
2022-10-10 13:48:04.414  INFO 3923 --- [    Test worker] p6spy                                    : #1665377284414 | took 0ms | statement | connection 22| url jdbc:h2:mem:6a3784ae-1aa6-4bbf-b617-4d4aeabcc2af
insert into member_spot (member_id, score, spot_id, member_spot_id) values (?, ?, ?, ?)
insert into member_spot (member_id, score, spot_id, member_spot_id) values (12, 0.0, 340, 1152);
2022-10-10 13:48:04.414  INFO 3923 --- [    Test worker] p6spy                                    : #1665377284414 | took 0ms | statement | connection 22| url jdbc:h2:mem:6a3784ae-1aa6-4bbf-b617-4d4aeabcc2af
insert into review (content, spot_id, review_id) values (?, ?, ?)
insert into review (content, spot_id, review_id) values ('java.io.StringReader@231b1ae0', 269, 276);
2022-10-10 13:48:04.414  INFO 3923 --- [    Test worker] p6spy                                    : #1665377284414 | took 0ms | statement | connection 22| url jdbc:h2:mem:6a3784ae-1aa6-4bbf-b617-4d4aeabcc2af
insert into score (facility_rank, facility_score, price_rank, price_score, rank_average, surround_rank, surround_score, view_rank, view_score, score_id) values (?, ?, ?, ?, ?, ?, ?, ?, ?, ?)
insert into score (facility_rank, facility_score, price_rank, price_score, rank_average, surround_rank, surround_score, view_rank, view_score, score_id) values (2.0213039784818463, 5.821312725194327, 3.461633027805626, 5.526261091844016, 9.092639670613465, 7.183261222669652, 7.523640242811108, 4.78675565359752, 2.80688315300051, 275);
2022-10-10 13:48:04.414  INFO 3923 --- [    Test worker] p6spy                                    : #1665377284414 | took 0ms | statement | connection 22| url jdbc:h2:mem:6a3784ae-1aa6-4bbf-b617-4d4aeabcc2af
insert into picture (spot_id, url, picture_id) values (?, ?, ?)
insert into picture (spot_id, url, picture_id) values (NULL, 'java.io.StringReader@1916147d', 1153);
2022-10-10 13:48:04.414  INFO 3923 --- [    Test worker] p6spy                                    : #1665377284414 | took 0ms | statement | connection 22| url jdbc:h2:mem:6a3784ae-1aa6-4bbf-b617-4d4aeabcc2af
insert into picture (spot_id, url, picture_id) values (?, ?, ?)
insert into picture (spot_id, url, picture_id) values (NULL, 'java.io.StringReader@7e475bb5', 1154);
2022-10-10 13:48:04.414  INFO 3923 --- [    Test worker] p6spy                                    : #1665377284414 | took 0ms | statement | connection 22| url jdbc:h2:mem:6a3784ae-1aa6-4bbf-b617-4d4aeabcc2af
insert into picture (spot_id, url, picture_id) values (?, ?, ?)
insert into picture (spot_id, url, picture_id) values (NULL, 'java.io.StringReader@4b18821d', 1155);
2022-10-10 13:48:04.414  INFO 3923 --- [    Test worker] p6spy                                    : #1665377284414 | took 0ms | statement | connection 22| url jdbc:h2:mem:6a3784ae-1aa6-4bbf-b617-4d4aeabcc2af
insert into spot (address, description, location, name, score_id, spot_id) values (?, ?, ?, ?, ?, ?)
insert into spot (address, description, location, name, score_id, spot_id) values (NULL, NULL, 'Andeok_myeon', NULL, 275, 341);
2022-10-10 13:48:04.414  INFO 3923 --- [    Test worker] p6spy                                    : #1665377284414 | took 0ms | statement | connection 22| url jdbc:h2:mem:6a3784ae-1aa6-4bbf-b617-4d4aeabcc2af
insert into member_spot (member_id, score, spot_id, member_spot_id) values (?, ?, ?, ?)
insert into member_spot (member_id, score, spot_id, member_spot_id) values (12, 0.0, 341, 1156);
2022-10-10 13:48:04.414  INFO 3923 --- [    Test worker] p6spy                                    : #1665377284414 | took 0ms | statement | connection 22| url jdbc:h2:mem:6a3784ae-1aa6-4bbf-b617-4d4aeabcc2af
insert into review (content, spot_id, review_id) values (?, ?, ?)
insert into review (content, spot_id, review_id) values ('java.io.StringReader@6092de45', 269, 277);
2022-10-10 13:48:04.416  INFO 3923 --- [    Test worker] p6spy                                    : #1665377284416 | took 1ms | statement | connection 22| url jdbc:h2:mem:6a3784ae-1aa6-4bbf-b617-4d4aeabcc2af
insert into favorite_spot (count, favorite_id, spot_id, favorite_spot_id) values (?, ?, ?, ?)
insert into favorite_spot (count, favorite_id, spot_id, favorite_spot_id) values (0, 36, 341, 307);
2022-10-10 13:48:04.416  INFO 3923 --- [    Test worker] p6spy                                    : #1665377284416 | took 0ms | statement | connection 22| url jdbc:h2:mem:6a3784ae-1aa6-4bbf-b617-4d4aeabcc2af
insert into score (facility_rank, facility_score, price_rank, price_score, rank_average, surround_rank, surround_score, view_rank, view_score, score_id) values (?, ?, ?, ?, ?, ?, ?, ?, ?, ?)
insert into score (facility_rank, facility_score, price_rank, price_score, rank_average, surround_rank, surround_score, view_rank, view_score, score_id) values (8.326198839523762, 0.5145177279603796, 0.8810949097600007, 3.595166921951237, 8.734113438722376, 8.594753721711722, 5.887025116565386, 6.758421780193856, 9.46860163289157, 276);
2022-10-10 13:48:04.416  INFO 3923 --- [    Test worker] p6spy                                    : #1665377284416 | took 0ms | statement | connection 22| url jdbc:h2:mem:6a3784ae-1aa6-4bbf-b617-4d4aeabcc2af
insert into picture (spot_id, url, picture_id) values (?, ?, ?)
insert into picture (spot_id, url, picture_id) values (NULL, 'java.io.StringReader@62f8874c', 1157);
2022-10-10 13:48:04.416  INFO 3923 --- [    Test worker] p6spy                                    : #1665377284416 | took 0ms | statement | connection 22| url jdbc:h2:mem:6a3784ae-1aa6-4bbf-b617-4d4aeabcc2af
insert into picture (spot_id, url, picture_id) values (?, ?, ?)
insert into picture (spot_id, url, picture_id) values (NULL, 'java.io.StringReader@6f34f86', 1158);
2022-10-10 13:48:04.416  INFO 3923 --- [    Test worker] p6spy                                    : #1665377284416 | took 0ms | statement | connection 22| url jdbc:h2:mem:6a3784ae-1aa6-4bbf-b617-4d4aeabcc2af
insert into picture (spot_id, url, picture_id) values (?, ?, ?)
insert into picture (spot_id, url, picture_id) values (NULL, 'java.io.StringReader@238fa350', 1159);
2022-10-10 13:48:04.416  INFO 3923 --- [    Test worker] p6spy                                    : #1665377284416 | took 0ms | statement | connection 22| url jdbc:h2:mem:6a3784ae-1aa6-4bbf-b617-4d4aeabcc2af
insert into spot (address, description, location, name, score_id, spot_id) values (?, ?, ?, ?, ?, ?)
insert into spot (address, description, location, name, score_id, spot_id) values (NULL, NULL, 'Andeok_myeon', NULL, 276, 342);
2022-10-10 13:48:04.416  INFO 3923 --- [    Test worker] p6spy                                    : #1665377284416 | took 0ms | statement | connection 22| url jdbc:h2:mem:6a3784ae-1aa6-4bbf-b617-4d4aeabcc2af
insert into member_spot (member_id, score, spot_id, member_spot_id) values (?, ?, ?, ?)
insert into member_spot (member_id, score, spot_id, member_spot_id) values (12, 0.0, 342, 1160);
2022-10-10 13:48:04.416  INFO 3923 --- [    Test worker] p6spy                                    : #1665377284416 | took 0ms | statement | connection 22| url jdbc:h2:mem:6a3784ae-1aa6-4bbf-b617-4d4aeabcc2af
insert into review (content, spot_id, review_id) values (?, ?, ?)
insert into review (content, spot_id, review_id) values ('java.io.StringReader@45e88379', 269, 278);
2022-10-10 13:48:04.416  INFO 3923 --- [    Test worker] p6spy                                    : #1665377284416 | took 0ms | statement | connection 22| url jdbc:h2:mem:6a3784ae-1aa6-4bbf-b617-4d4aeabcc2af
insert into score (facility_rank, facility_score, price_rank, price_score, rank_average, surround_rank, surround_score, view_rank, view_score, score_id) values (?, ?, ?, ?, ?, ?, ?, ?, ?, ?)
insert into score (facility_rank, facility_score, price_rank, price_score, rank_average, surround_rank, surround_score, view_rank, view_score, score_id) values (1.8543709202922176, 2.086953989721211, 6.459337957765104, 8.137521111276357, 5.16737613693188, 1.65933801522123, 1.6729070238208765, 2.8521102264882314, 6.91812858396164, 277);
2022-10-10 13:48:04.416  INFO 3923 --- [    Test worker] p6spy                                    : #1665377284416 | took 0ms | statement | connection 22| url jdbc:h2:mem:6a3784ae-1aa6-4bbf-b617-4d4aeabcc2af
insert into picture (spot_id, url, picture_id) values (?, ?, ?)
insert into picture (spot_id, url, picture_id) values (NULL, 'java.io.StringReader@6ea70999', 1161);
2022-10-10 13:48:04.416  INFO 3923 --- [    Test worker] p6spy                                    : #1665377284416 | took 0ms | statement | connection 22| url jdbc:h2:mem:6a3784ae-1aa6-4bbf-b617-4d4aeabcc2af
insert into picture (spot_id, url, picture_id) values (?, ?, ?)
insert into picture (spot_id, url, picture_id) values (NULL, 'java.io.StringReader@1bb9241d', 1162);
2022-10-10 13:48:04.416  INFO 3923 --- [    Test worker] p6spy                                    : #1665377284416 | took 0ms | statement | connection 22| url jdbc:h2:mem:6a3784ae-1aa6-4bbf-b617-4d4aeabcc2af
insert into picture (spot_id, url, picture_id) values (?, ?, ?)
insert into picture (spot_id, url, picture_id) values (NULL, 'java.io.StringReader@3cae42e6', 1163);
2022-10-10 13:48:04.416  INFO 3923 --- [    Test worker] p6spy                                    : #1665377284416 | took 0ms | statement | connection 22| url jdbc:h2:mem:6a3784ae-1aa6-4bbf-b617-4d4aeabcc2af
insert into spot (address, description, location, name, score_id, spot_id) values (?, ?, ?, ?, ?, ?)
insert into spot (address, description, location, name, score_id, spot_id) values (NULL, NULL, 'Andeok_myeon', NULL, 277, 343);
2022-10-10 13:48:04.416  INFO 3923 --- [    Test worker] p6spy                                    : #1665377284416 | took 0ms | statement | connection 22| url jdbc:h2:mem:6a3784ae-1aa6-4bbf-b617-4d4aeabcc2af
insert into member_spot (member_id, score, spot_id, member_spot_id) values (?, ?, ?, ?)
insert into member_spot (member_id, score, spot_id, member_spot_id) values (12, 0.0, 343, 1164);
2022-10-10 13:48:04.416  INFO 3923 --- [    Test worker] p6spy                                    : #1665377284416 | took 0ms | statement | connection 22| url jdbc:h2:mem:6a3784ae-1aa6-4bbf-b617-4d4aeabcc2af
insert into review (content, spot_id, review_id) values (?, ?, ?)
insert into review (content, spot_id, review_id) values ('java.io.StringReader@24a42e9d', 269, 279);
2022-10-10 13:48:04.416  INFO 3923 --- [    Test worker] p6spy                                    : #1665377284416 | took 0ms | statement | connection 22| url jdbc:h2:mem:6a3784ae-1aa6-4bbf-b617-4d4aeabcc2af
insert into favorite_spot (count, favorite_id, spot_id, favorite_spot_id) values (?, ?, ?, ?)
insert into favorite_spot (count, favorite_id, spot_id, favorite_spot_id) values (0, 36, 343, 308);
2022-10-10 13:48:04.416  INFO 3923 --- [    Test worker] p6spy                                    : #1665377284416 | took 0ms | statement | connection 22| url jdbc:h2:mem:6a3784ae-1aa6-4bbf-b617-4d4aeabcc2af
insert into score (facility_rank, facility_score, price_rank, price_score, rank_average, surround_rank, surround_score, view_rank, view_score, score_id) values (?, ?, ?, ?, ?, ?, ?, ?, ?, ?)
insert into score (facility_rank, facility_score, price_rank, price_score, rank_average, surround_rank, surround_score, view_rank, view_score, score_id) values (9.30025054058748, 0.7573666506059251, 5.389686132859049, 5.445649615789224, 9.477756304396884, 6.063224863086151, 6.77769312215748, 9.412330036582258, 5.4848854983237505, 278);
2022-10-10 13:48:04.416  INFO 3923 --- [    Test worker] p6spy                                    : #1665377284416 | took 0ms | statement | connection 22| url jdbc:h2:mem:6a3784ae-1aa6-4bbf-b617-4d4aeabcc2af
insert into picture (spot_id, url, picture_id) values (?, ?, ?)
insert into picture (spot_id, url, picture_id) values (NULL, 'java.io.StringReader@6d648b8b', 1165);
2022-10-10 13:48:04.416  INFO 3923 --- [    Test worker] p6spy                                    : #1665377284416 | took 0ms | statement | connection 22| url jdbc:h2:mem:6a3784ae-1aa6-4bbf-b617-4d4aeabcc2af
insert into picture (spot_id, url, picture_id) values (?, ?, ?)
insert into picture (spot_id, url, picture_id) values (NULL, 'java.io.StringReader@67b0c9e9', 1166);
2022-10-10 13:48:04.416  INFO 3923 --- [    Test worker] p6spy                                    : #1665377284416 | took 0ms | statement | connection 22| url jdbc:h2:mem:6a3784ae-1aa6-4bbf-b617-4d4aeabcc2af
insert into picture (spot_id, url, picture_id) values (?, ?, ?)
insert into picture (spot_id, url, picture_id) values (NULL, 'java.io.StringReader@41a3bd2e', 1167);
2022-10-10 13:48:04.416  INFO 3923 --- [    Test worker] p6spy                                    : #1665377284416 | took 0ms | statement | connection 22| url jdbc:h2:mem:6a3784ae-1aa6-4bbf-b617-4d4aeabcc2af
insert into spot (address, description, location, name, score_id, spot_id) values (?, ?, ?, ?, ?, ?)
insert into spot (address, description, location, name, score_id, spot_id) values (NULL, NULL, 'Andeok_myeon', NULL, 278, 344);
2022-10-10 13:48:04.416  INFO 3923 --- [    Test worker] p6spy                                    : #1665377284416 | took 0ms | statement | connection 22| url jdbc:h2:mem:6a3784ae-1aa6-4bbf-b617-4d4aeabcc2af
insert into member_spot (member_id, score, spot_id, member_spot_id) values (?, ?, ?, ?)
insert into member_spot (member_id, score, spot_id, member_spot_id) values (12, 0.0, 344, 1168);
2022-10-10 13:48:04.416  INFO 3923 --- [    Test worker] p6spy                                    : #1665377284416 | took 0ms | statement | connection 22| url jdbc:h2:mem:6a3784ae-1aa6-4bbf-b617-4d4aeabcc2af
insert into review (content, spot_id, review_id) values (?, ?, ?)
insert into review (content, spot_id, review_id) values ('java.io.StringReader@389c9102', 269, 280);
2022-10-10 13:48:04.416  INFO 3923 --- [    Test worker] p6spy                                    : #1665377284416 | took 0ms | statement | connection 22| url jdbc:h2:mem:6a3784ae-1aa6-4bbf-b617-4d4aeabcc2af
insert into score (facility_rank, facility_score, price_rank, price_score, rank_average, surround_rank, surround_score, view_rank, view_score, score_id) values (?, ?, ?, ?, ?, ?, ?, ?, ?, ?)
insert into score (facility_rank, facility_score, price_rank, price_score, rank_average, surround_rank, surround_score, view_rank, view_score, score_id) values (1.2758980063206216, 5.788558130648966, 7.597931373960747, 6.514897884700789, 5.650344471142633, 8.061515932920885, 7.508566078349203, 8.85406160556798, 8.157613943668098, 279);
2022-10-10 13:48:04.416  INFO 3923 --- [    Test worker] p6spy                                    : #1665377284416 | took 0ms | statement | connection 22| url jdbc:h2:mem:6a3784ae-1aa6-4bbf-b617-4d4aeabcc2af
insert into picture (spot_id, url, picture_id) values (?, ?, ?)
insert into picture (spot_id, url, picture_id) values (NULL, 'java.io.StringReader@3e6f8beb', 1169);
2022-10-10 13:48:04.416  INFO 3923 --- [    Test worker] p6spy                                    : #1665377284416 | took 0ms | statement | connection 22| url jdbc:h2:mem:6a3784ae-1aa6-4bbf-b617-4d4aeabcc2af
insert into picture (spot_id, url, picture_id) values (?, ?, ?)
insert into picture (spot_id, url, picture_id) values (NULL, 'java.io.StringReader@191a957', 1170);
2022-10-10 13:48:04.416  INFO 3923 --- [    Test worker] p6spy                                    : #1665377284416 | took 0ms | statement | connection 22| url jdbc:h2:mem:6a3784ae-1aa6-4bbf-b617-4d4aeabcc2af
insert into picture (spot_id, url, picture_id) values (?, ?, ?)
insert into picture (spot_id, url, picture_id) values (NULL, 'java.io.StringReader@31fd84ba', 1171);
2022-10-10 13:48:04.416  INFO 3923 --- [    Test worker] p6spy                                    : #1665377284416 | took 0ms | statement | connection 22| url jdbc:h2:mem:6a3784ae-1aa6-4bbf-b617-4d4aeabcc2af
insert into spot (address, description, location, name, score_id, spot_id) values (?, ?, ?, ?, ?, ?)
insert into spot (address, description, location, name, score_id, spot_id) values (NULL, NULL, 'Andeok_myeon', NULL, 279, 345);
2022-10-10 13:48:04.416  INFO 3923 --- [    Test worker] p6spy                                    : #1665377284416 | took 0ms | statement | connection 22| url jdbc:h2:mem:6a3784ae-1aa6-4bbf-b617-4d4aeabcc2af
insert into member_spot (member_id, score, spot_id, member_spot_id) values (?, ?, ?, ?)
insert into member_spot (member_id, score, spot_id, member_spot_id) values (12, 0.0, 345, 1172);
2022-10-10 13:48:04.416  INFO 3923 --- [    Test worker] p6spy                                    : #1665377284416 | took 0ms | statement | connection 22| url jdbc:h2:mem:6a3784ae-1aa6-4bbf-b617-4d4aeabcc2af
insert into review (content, spot_id, review_id) values (?, ?, ?)
insert into review (content, spot_id, review_id) values ('java.io.StringReader@40903af6', 269, 281);
2022-10-10 13:48:04.416  INFO 3923 --- [    Test worker] p6spy                                    : #1665377284416 | took 0ms | statement | connection 22| url jdbc:h2:mem:6a3784ae-1aa6-4bbf-b617-4d4aeabcc2af
insert into favorite_spot (count, favorite_id, spot_id, favorite_spot_id) values (?, ?, ?, ?)
insert into favorite_spot (count, favorite_id, spot_id, favorite_spot_id) values (0, 36, 345, 309);
2022-10-10 13:48:04.416  INFO 3923 --- [    Test worker] p6spy                                    : #1665377284416 | took 0ms | statement | connection 22| url jdbc:h2:mem:6a3784ae-1aa6-4bbf-b617-4d4aeabcc2af
insert into score (facility_rank, facility_score, price_rank, price_score, rank_average, surround_rank, surround_score, view_rank, view_score, score_id) values (?, ?, ?, ?, ?, ?, ?, ?, ?, ?)
insert into score (facility_rank, facility_score, price_rank, price_score, rank_average, surround_rank, surround_score, view_rank, view_score, score_id) values (8.852224335447511, 4.422101567050599, 6.900149373977385, 3.1725985296755663, 8.953002177399823, 4.4804767391359, 5.470987992229236, 5.409889946078841, 7.622784495427145, 280);
2022-10-10 13:48:04.416  INFO 3923 --- [    Test worker] p6spy                                    : #1665377284416 | took 0ms | statement | connection 22| url jdbc:h2:mem:6a3784ae-1aa6-4bbf-b617-4d4aeabcc2af
insert into picture (spot_id, url, picture_id) values (?, ?, ?)
insert into picture (spot_id, url, picture_id) values (NULL, 'java.io.StringReader@a477d22', 1173);
2022-10-10 13:48:04.416  INFO 3923 --- [    Test worker] p6spy                                    : #1665377284416 | took 0ms | statement | connection 22| url jdbc:h2:mem:6a3784ae-1aa6-4bbf-b617-4d4aeabcc2af
insert into picture (spot_id, url, picture_id) values (?, ?, ?)
insert into picture (spot_id, url, picture_id) values (NULL, 'java.io.StringReader@22a05628', 1174);
2022-10-10 13:48:04.416  INFO 3923 --- [    Test worker] p6spy                                    : #1665377284416 | took 0ms | statement | connection 22| url jdbc:h2:mem:6a3784ae-1aa6-4bbf-b617-4d4aeabcc2af
insert into picture (spot_id, url, picture_id) values (?, ?, ?)
insert into picture (spot_id, url, picture_id) values (NULL, 'java.io.StringReader@65b30c49', 1175);
2022-10-10 13:48:04.417  INFO 3923 --- [    Test worker] p6spy                                    : #1665377284417 | took 0ms | statement | connection 22| url jdbc:h2:mem:6a3784ae-1aa6-4bbf-b617-4d4aeabcc2af
insert into spot (address, description, location, name, score_id, spot_id) values (?, ?, ?, ?, ?, ?)
insert into spot (address, description, location, name, score_id, spot_id) values (NULL, NULL, 'Andeok_myeon', NULL, 280, 346);
2022-10-10 13:48:04.417  INFO 3923 --- [    Test worker] p6spy                                    : #1665377284417 | took 0ms | statement | connection 22| url jdbc:h2:mem:6a3784ae-1aa6-4bbf-b617-4d4aeabcc2af
insert into member_spot (member_id, score, spot_id, member_spot_id) values (?, ?, ?, ?)
insert into member_spot (member_id, score, spot_id, member_spot_id) values (12, 0.0, 346, 1176);
2022-10-10 13:48:04.417  INFO 3923 --- [    Test worker] p6spy                                    : #1665377284417 | took 0ms | statement | connection 22| url jdbc:h2:mem:6a3784ae-1aa6-4bbf-b617-4d4aeabcc2af
insert into review (content, spot_id, review_id) values (?, ?, ?)
insert into review (content, spot_id, review_id) values ('java.io.StringReader@37ffe9ee', 269, 282);
2022-10-10 13:48:04.417  INFO 3923 --- [    Test worker] p6spy                                    : #1665377284417 | took 0ms | statement | connection 22| url jdbc:h2:mem:6a3784ae-1aa6-4bbf-b617-4d4aeabcc2af
insert into score (facility_rank, facility_score, price_rank, price_score, rank_average, surround_rank, surround_score, view_rank, view_score, score_id) values (?, ?, ?, ?, ?, ?, ?, ?, ?, ?)
insert into score (facility_rank, facility_score, price_rank, price_score, rank_average, surround_rank, surround_score, view_rank, view_score, score_id) values (5.969366915011612, 1.0681634887698477, 8.095824146027658, 4.5856282203688306, 0.1108052903542045, 4.386944887569921, 5.711121949717136, 2.3821531091840162, 0.4688272097118973, 281);
2022-10-10 13:48:04.417  INFO 3923 --- [    Test worker] p6spy                                    : #1665377284417 | took 0ms | statement | connection 22| url jdbc:h2:mem:6a3784ae-1aa6-4bbf-b617-4d4aeabcc2af
insert into picture (spot_id, url, picture_id) values (?, ?, ?)
insert into picture (spot_id, url, picture_id) values (NULL, 'java.io.StringReader@41ee228b', 1177);
2022-10-10 13:48:04.417  INFO 3923 --- [    Test worker] p6spy                                    : #1665377284417 | took 0ms | statement | connection 22| url jdbc:h2:mem:6a3784ae-1aa6-4bbf-b617-4d4aeabcc2af
insert into picture (spot_id, url, picture_id) values (?, ?, ?)
insert into picture (spot_id, url, picture_id) values (NULL, 'java.io.StringReader@7ae2d92', 1178);
2022-10-10 13:48:04.417  INFO 3923 --- [    Test worker] p6spy                                    : #1665377284417 | took 0ms | statement | connection 22| url jdbc:h2:mem:6a3784ae-1aa6-4bbf-b617-4d4aeabcc2af
insert into picture (spot_id, url, picture_id) values (?, ?, ?)
insert into picture (spot_id, url, picture_id) values (NULL, 'java.io.StringReader@b9f1f88', 1179);
2022-10-10 13:48:04.417  INFO 3923 --- [    Test worker] p6spy                                    : #1665377284417 | took 0ms | statement | connection 22| url jdbc:h2:mem:6a3784ae-1aa6-4bbf-b617-4d4aeabcc2af
insert into spot (address, description, location, name, score_id, spot_id) values (?, ?, ?, ?, ?, ?)
insert into spot (address, description, location, name, score_id, spot_id) values (NULL, NULL, 'Andeok_myeon', NULL, 281, 347);
2022-10-10 13:48:04.417  INFO 3923 --- [    Test worker] p6spy                                    : #1665377284417 | took 0ms | statement | connection 22| url jdbc:h2:mem:6a3784ae-1aa6-4bbf-b617-4d4aeabcc2af
insert into member_spot (member_id, score, spot_id, member_spot_id) values (?, ?, ?, ?)
insert into member_spot (member_id, score, spot_id, member_spot_id) values (12, 0.0, 347, 1180);
2022-10-10 13:48:04.417  INFO 3923 --- [    Test worker] p6spy                                    : #1665377284417 | took 0ms | statement | connection 22| url jdbc:h2:mem:6a3784ae-1aa6-4bbf-b617-4d4aeabcc2af
insert into review (content, spot_id, review_id) values (?, ?, ?)
insert into review (content, spot_id, review_id) values ('java.io.StringReader@26ce4cb', 269, 283);
2022-10-10 13:48:04.417  INFO 3923 --- [    Test worker] p6spy                                    : #1665377284417 | took 0ms | statement | connection 22| url jdbc:h2:mem:6a3784ae-1aa6-4bbf-b617-4d4aeabcc2af
insert into favorite_spot (count, favorite_id, spot_id, favorite_spot_id) values (?, ?, ?, ?)
insert into favorite_spot (count, favorite_id, spot_id, favorite_spot_id) values (0, 36, 347, 310);
2022-10-10 13:48:04.417  INFO 3923 --- [    Test worker] p6spy                                    : #1665377284417 | took 0ms | statement | connection 22| url jdbc:h2:mem:6a3784ae-1aa6-4bbf-b617-4d4aeabcc2af
insert into score (facility_rank, facility_score, price_rank, price_score, rank_average, surround_rank, surround_score, view_rank, view_score, score_id) values (?, ?, ?, ?, ?, ?, ?, ?, ?, ?)
insert into score (facility_rank, facility_score, price_rank, price_score, rank_average, surround_rank, surround_score, view_rank, view_score, score_id) values (7.028641479021999, 3.057063674274434, 2.3791816657658273, 8.758251980305964, 7.24128729301046, 8.18986729498172, 0.13729042249762569, 9.552404286180565, 2.012072774565744, 282);
2022-10-10 13:48:04.417  INFO 3923 --- [    Test worker] p6spy                                    : #1665377284417 | took 0ms | statement | connection 22| url jdbc:h2:mem:6a3784ae-1aa6-4bbf-b617-4d4aeabcc2af
insert into picture (spot_id, url, picture_id) values (?, ?, ?)
insert into picture (spot_id, url, picture_id) values (NULL, 'java.io.StringReader@32975a20', 1181);
2022-10-10 13:48:04.417  INFO 3923 --- [    Test worker] p6spy                                    : #1665377284417 | took 0ms | statement | connection 22| url jdbc:h2:mem:6a3784ae-1aa6-4bbf-b617-4d4aeabcc2af
insert into picture (spot_id, url, picture_id) values (?, ?, ?)
insert into picture (spot_id, url, picture_id) values (NULL, 'java.io.StringReader@177c9f99', 1182);
2022-10-10 13:48:04.417  INFO 3923 --- [    Test worker] p6spy                                    : #1665377284417 | took 0ms | statement | connection 22| url jdbc:h2:mem:6a3784ae-1aa6-4bbf-b617-4d4aeabcc2af
insert into picture (spot_id, url, picture_id) values (?, ?, ?)
insert into picture (spot_id, url, picture_id) values (NULL, 'java.io.StringReader@31b4e1', 1183);
2022-10-10 13:48:04.417  INFO 3923 --- [    Test worker] p6spy                                    : #1665377284417 | took 0ms | statement | connection 22| url jdbc:h2:mem:6a3784ae-1aa6-4bbf-b617-4d4aeabcc2af
insert into spot (address, description, location, name, score_id, spot_id) values (?, ?, ?, ?, ?, ?)
insert into spot (address, description, location, name, score_id, spot_id) values (NULL, NULL, 'Andeok_myeon', NULL, 282, 348);
2022-10-10 13:48:04.417  INFO 3923 --- [    Test worker] p6spy                                    : #1665377284417 | took 0ms | statement | connection 22| url jdbc:h2:mem:6a3784ae-1aa6-4bbf-b617-4d4aeabcc2af
insert into member_spot (member_id, score, spot_id, member_spot_id) values (?, ?, ?, ?)
insert into member_spot (member_id, score, spot_id, member_spot_id) values (12, 0.0, 348, 1184);
2022-10-10 13:48:04.417  INFO 3923 --- [    Test worker] p6spy                                    : #1665377284417 | took 0ms | statement | connection 22| url jdbc:h2:mem:6a3784ae-1aa6-4bbf-b617-4d4aeabcc2af
insert into review (content, spot_id, review_id) values (?, ?, ?)
insert into review (content, spot_id, review_id) values ('java.io.StringReader@6358706b', 269, 284);
2022-10-10 13:48:04.417  INFO 3923 --- [    Test worker] p6spy                                    : #1665377284417 | took 0ms | statement | connection 22| url jdbc:h2:mem:6a3784ae-1aa6-4bbf-b617-4d4aeabcc2af
insert into score (facility_rank, facility_score, price_rank, price_score, rank_average, surround_rank, surround_score, view_rank, view_score, score_id) values (?, ?, ?, ?, ?, ?, ?, ?, ?, ?)
insert into score (facility_rank, facility_score, price_rank, price_score, rank_average, surround_rank, surround_score, view_rank, view_score, score_id) values (6.449293203426777, 5.769157395460453, 3.438504853673682, 7.0942132454247915, 6.3891343773555045, 4.361580027056408, 4.727562986217446, 4.131453411710241, 1.1789272657632066, 283);
2022-10-10 13:48:04.417  INFO 3923 --- [    Test worker] p6spy                                    : #1665377284417 | took 0ms | statement | connection 22| url jdbc:h2:mem:6a3784ae-1aa6-4bbf-b617-4d4aeabcc2af
insert into picture (spot_id, url, picture_id) values (?, ?, ?)
insert into picture (spot_id, url, picture_id) values (NULL, 'java.io.StringReader@5a3cfce5', 1185);
2022-10-10 13:48:04.417  INFO 3923 --- [    Test worker] p6spy                                    : #1665377284417 | took 0ms | statement | connection 22| url jdbc:h2:mem:6a3784ae-1aa6-4bbf-b617-4d4aeabcc2af
insert into picture (spot_id, url, picture_id) values (?, ?, ?)
insert into picture (spot_id, url, picture_id) values (NULL, 'java.io.StringReader@70db4172', 1186);
2022-10-10 13:48:04.417  INFO 3923 --- [    Test worker] p6spy                                    : #1665377284417 | took 0ms | statement | connection 22| url jdbc:h2:mem:6a3784ae-1aa6-4bbf-b617-4d4aeabcc2af
insert into picture (spot_id, url, picture_id) values (?, ?, ?)
insert into picture (spot_id, url, picture_id) values (NULL, 'java.io.StringReader@c65734e', 1187);
2022-10-10 13:48:04.417  INFO 3923 --- [    Test worker] p6spy                                    : #1665377284417 | took 0ms | statement | connection 22| url jdbc:h2:mem:6a3784ae-1aa6-4bbf-b617-4d4aeabcc2af
insert into spot (address, description, location, name, score_id, spot_id) values (?, ?, ?, ?, ?, ?)
insert into spot (address, description, location, name, score_id, spot_id) values (NULL, NULL, 'Andeok_myeon', NULL, 283, 349);
2022-10-10 13:48:04.417  INFO 3923 --- [    Test worker] p6spy                                    : #1665377284417 | took 0ms | statement | connection 22| url jdbc:h2:mem:6a3784ae-1aa6-4bbf-b617-4d4aeabcc2af
insert into member_spot (member_id, score, spot_id, member_spot_id) values (?, ?, ?, ?)
insert into member_spot (member_id, score, spot_id, member_spot_id) values (12, 0.0, 349, 1188);
2022-10-10 13:48:04.417  INFO 3923 --- [    Test worker] p6spy                                    : #1665377284417 | took 0ms | statement | connection 22| url jdbc:h2:mem:6a3784ae-1aa6-4bbf-b617-4d4aeabcc2af
insert into review (content, spot_id, review_id) values (?, ?, ?)
insert into review (content, spot_id, review_id) values ('java.io.StringReader@6a7ba38b', 269, 285);
2022-10-10 13:48:04.417  INFO 3923 --- [    Test worker] p6spy                                    : #1665377284417 | took 0ms | statement | connection 22| url jdbc:h2:mem:6a3784ae-1aa6-4bbf-b617-4d4aeabcc2af
insert into favorite_spot (count, favorite_id, spot_id, favorite_spot_id) values (?, ?, ?, ?)
insert into favorite_spot (count, favorite_id, spot_id, favorite_spot_id) values (0, 36, 349, 311);
2022-10-10 13:48:04.417  INFO 3923 --- [    Test worker] p6spy                                    : #1665377284417 | took 0ms | statement | connection 22| url jdbc:h2:mem:6a3784ae-1aa6-4bbf-b617-4d4aeabcc2af
insert into score (facility_rank, facility_score, price_rank, price_score, rank_average, surround_rank, surround_score, view_rank, view_score, score_id) values (?, ?, ?, ?, ?, ?, ?, ?, ?, ?)
insert into score (facility_rank, facility_score, price_rank, price_score, rank_average, surround_rank, surround_score, view_rank, view_score, score_id) values (3.842687326990004, 2.4805250374369248, 9.014958911585875, 1.994002322858467, 9.050414162049233, 3.479470877899754, 0.6081626590783107, 2.621164895566591, 5.3991032564781225, 284);
2022-10-10 13:48:04.417  INFO 3923 --- [    Test worker] p6spy                                    : #1665377284417 | took 0ms | statement | connection 22| url jdbc:h2:mem:6a3784ae-1aa6-4bbf-b617-4d4aeabcc2af
insert into picture (spot_id, url, picture_id) values (?, ?, ?)
insert into picture (spot_id, url, picture_id) values (NULL, 'java.io.StringReader@55f2a26d', 1189);
2022-10-10 13:48:04.417  INFO 3923 --- [    Test worker] p6spy                                    : #1665377284417 | took 0ms | statement | connection 22| url jdbc:h2:mem:6a3784ae-1aa6-4bbf-b617-4d4aeabcc2af
insert into picture (spot_id, url, picture_id) values (?, ?, ?)
insert into picture (spot_id, url, picture_id) values (NULL, 'java.io.StringReader@761d8a20', 1190);
2022-10-10 13:48:04.417  INFO 3923 --- [    Test worker] p6spy                                    : #1665377284417 | took 0ms | statement | connection 22| url jdbc:h2:mem:6a3784ae-1aa6-4bbf-b617-4d4aeabcc2af
insert into picture (spot_id, url, picture_id) values (?, ?, ?)
insert into picture (spot_id, url, picture_id) values (NULL, 'java.io.StringReader@7260f47f', 1191);
2022-10-10 13:48:04.417  INFO 3923 --- [    Test worker] p6spy                                    : #1665377284417 | took 0ms | statement | connection 22| url jdbc:h2:mem:6a3784ae-1aa6-4bbf-b617-4d4aeabcc2af
insert into spot (address, description, location, name, score_id, spot_id) values (?, ?, ?, ?, ?, ?)
insert into spot (address, description, location, name, score_id, spot_id) values (NULL, NULL, 'Andeok_myeon', NULL, 284, 350);
2022-10-10 13:48:04.417  INFO 3923 --- [    Test worker] p6spy                                    : #1665377284417 | took 0ms | statement | connection 22| url jdbc:h2:mem:6a3784ae-1aa6-4bbf-b617-4d4aeabcc2af
insert into member_spot (member_id, score, spot_id, member_spot_id) values (?, ?, ?, ?)
insert into member_spot (member_id, score, spot_id, member_spot_id) values (12, 0.0, 350, 1192);
2022-10-10 13:48:04.417  INFO 3923 --- [    Test worker] p6spy                                    : #1665377284417 | took 0ms | statement | connection 22| url jdbc:h2:mem:6a3784ae-1aa6-4bbf-b617-4d4aeabcc2af
insert into review (content, spot_id, review_id) values (?, ?, ?)
insert into review (content, spot_id, review_id) values ('java.io.StringReader@5abac3d5', 269, 286);
2022-10-10 13:48:04.417  INFO 3923 --- [    Test worker] p6spy                                    : #1665377284417 | took 0ms | statement | connection 22| url jdbc:h2:mem:6a3784ae-1aa6-4bbf-b617-4d4aeabcc2af
insert into score (facility_rank, facility_score, price_rank, price_score, rank_average, surround_rank, surround_score, view_rank, view_score, score_id) values (?, ?, ?, ?, ?, ?, ?, ?, ?, ?)
insert into score (facility_rank, facility_score, price_rank, price_score, rank_average, surround_rank, surround_score, view_rank, view_score, score_id) values (2.1195632444807977, 7.242129088882892, 1.1769828259946225, 6.263501126415022, 4.969027844302647, 6.090169592792356, 0.49957186658969976, 1.5982266844451487, 9.656930077433419, 285);
2022-10-10 13:48:04.417  INFO 3923 --- [    Test worker] p6spy                                    : #1665377284417 | took 0ms | statement | connection 22| url jdbc:h2:mem:6a3784ae-1aa6-4bbf-b617-4d4aeabcc2af
insert into picture (spot_id, url, picture_id) values (?, ?, ?)
insert into picture (spot_id, url, picture_id) values (NULL, 'java.io.StringReader@9570eac', 1193);
2022-10-10 13:48:04.417  INFO 3923 --- [    Test worker] p6spy                                    : #1665377284417 | took 0ms | statement | connection 22| url jdbc:h2:mem:6a3784ae-1aa6-4bbf-b617-4d4aeabcc2af
insert into picture (spot_id, url, picture_id) values (?, ?, ?)
insert into picture (spot_id, url, picture_id) values (NULL, 'java.io.StringReader@d8a4206', 1194);
2022-10-10 13:48:04.417  INFO 3923 --- [    Test worker] p6spy                                    : #1665377284417 | took 0ms | statement | connection 22| url jdbc:h2:mem:6a3784ae-1aa6-4bbf-b617-4d4aeabcc2af
insert into picture (spot_id, url, picture_id) values (?, ?, ?)
insert into picture (spot_id, url, picture_id) values (NULL, 'java.io.StringReader@1b5a69da', 1195);
2022-10-10 13:48:04.418  INFO 3923 --- [    Test worker] p6spy                                    : #1665377284418 | took 0ms | statement | connection 22| url jdbc:h2:mem:6a3784ae-1aa6-4bbf-b617-4d4aeabcc2af
insert into spot (address, description, location, name, score_id, spot_id) values (?, ?, ?, ?, ?, ?)
insert into spot (address, description, location, name, score_id, spot_id) values (NULL, NULL, 'Andeok_myeon', NULL, 285, 351);
2022-10-10 13:48:04.418  INFO 3923 --- [    Test worker] p6spy                                    : #1665377284418 | took 0ms | statement | connection 22| url jdbc:h2:mem:6a3784ae-1aa6-4bbf-b617-4d4aeabcc2af
insert into member_spot (member_id, score, spot_id, member_spot_id) values (?, ?, ?, ?)
insert into member_spot (member_id, score, spot_id, member_spot_id) values (12, 0.0, 351, 1196);
2022-10-10 13:48:04.418  INFO 3923 --- [    Test worker] p6spy                                    : #1665377284418 | took 0ms | statement | connection 22| url jdbc:h2:mem:6a3784ae-1aa6-4bbf-b617-4d4aeabcc2af
insert into review (content, spot_id, review_id) values (?, ?, ?)
insert into review (content, spot_id, review_id) values ('java.io.StringReader@d98fc62', 269, 287);
2022-10-10 13:48:04.418  INFO 3923 --- [    Test worker] p6spy                                    : #1665377284418 | took 0ms | statement | connection 22| url jdbc:h2:mem:6a3784ae-1aa6-4bbf-b617-4d4aeabcc2af
insert into favorite_spot (count, favorite_id, spot_id, favorite_spot_id) values (?, ?, ?, ?)
insert into favorite_spot (count, favorite_id, spot_id, favorite_spot_id) values (0, 36, 351, 312);
2022-10-10 13:48:04.418  INFO 3923 --- [    Test worker] p6spy                                    : #1665377284418 | took 0ms | statement | connection 22| url jdbc:h2:mem:6a3784ae-1aa6-4bbf-b617-4d4aeabcc2af
insert into score (facility_rank, facility_score, price_rank, price_score, rank_average, surround_rank, surround_score, view_rank, view_score, score_id) values (?, ?, ?, ?, ?, ?, ?, ?, ?, ?)
insert into score (facility_rank, facility_score, price_rank, price_score, rank_average, surround_rank, surround_score, view_rank, view_score, score_id) values (3.826506394830478, 7.824474455325454, 4.202664809656643, 9.850052412215343, 0.49232793379729634, 7.015402372913569, 7.8339299900229955, 2.5262856202428807, 0.22101290486471692, 286);
2022-10-10 13:48:04.418  INFO 3923 --- [    Test worker] p6spy                                    : #1665377284418 | took 0ms | statement | connection 22| url jdbc:h2:mem:6a3784ae-1aa6-4bbf-b617-4d4aeabcc2af
insert into picture (spot_id, url, picture_id) values (?, ?, ?)
insert into picture (spot_id, url, picture_id) values (NULL, 'java.io.StringReader@337eb1b4', 1197);
2022-10-10 13:48:04.418  INFO 3923 --- [    Test worker] p6spy                                    : #1665377284418 | took 0ms | statement | connection 22| url jdbc:h2:mem:6a3784ae-1aa6-4bbf-b617-4d4aeabcc2af
insert into picture (spot_id, url, picture_id) values (?, ?, ?)
insert into picture (spot_id, url, picture_id) values (NULL, 'java.io.StringReader@457ac70d', 1198);
2022-10-10 13:48:04.418  INFO 3923 --- [    Test worker] p6spy                                    : #1665377284418 | took 0ms | statement | connection 22| url jdbc:h2:mem:6a3784ae-1aa6-4bbf-b617-4d4aeabcc2af
insert into picture (spot_id, url, picture_id) values (?, ?, ?)
insert into picture (spot_id, url, picture_id) values (NULL, 'java.io.StringReader@1bafc65f', 1199);
2022-10-10 13:48:04.418  INFO 3923 --- [    Test worker] p6spy                                    : #1665377284418 | took 0ms | statement | connection 22| url jdbc:h2:mem:6a3784ae-1aa6-4bbf-b617-4d4aeabcc2af
insert into spot (address, description, location, name, score_id, spot_id) values (?, ?, ?, ?, ?, ?)
insert into spot (address, description, location, name, score_id, spot_id) values (NULL, NULL, 'Andeok_myeon', NULL, 286, 352);
2022-10-10 13:48:04.418  INFO 3923 --- [    Test worker] p6spy                                    : #1665377284418 | took 0ms | statement | connection 22| url jdbc:h2:mem:6a3784ae-1aa6-4bbf-b617-4d4aeabcc2af
insert into member_spot (member_id, score, spot_id, member_spot_id) values (?, ?, ?, ?)
insert into member_spot (member_id, score, spot_id, member_spot_id) values (12, 0.0, 352, 1200);
2022-10-10 13:48:04.418  INFO 3923 --- [    Test worker] p6spy                                    : #1665377284418 | took 0ms | statement | connection 22| url jdbc:h2:mem:6a3784ae-1aa6-4bbf-b617-4d4aeabcc2af
insert into review (content, spot_id, review_id) values (?, ?, ?)
insert into review (content, spot_id, review_id) values ('java.io.StringReader@5e42c338', 269, 288);
2022-10-10 13:48:04.418  INFO 3923 --- [    Test worker] p6spy                                    : #1665377284418 | took 0ms | statement | connection 22| url jdbc:h2:mem:6a3784ae-1aa6-4bbf-b617-4d4aeabcc2af
insert into score (facility_rank, facility_score, price_rank, price_score, rank_average, surround_rank, surround_score, view_rank, view_score, score_id) values (?, ?, ?, ?, ?, ?, ?, ?, ?, ?)
insert into score (facility_rank, facility_score, price_rank, price_score, rank_average, surround_rank, surround_score, view_rank, view_score, score_id) values (0.732042011653613, 6.114304497029198, 9.891218915382057, 8.921936131132322, 0.5660130209580994, 9.232586908111069, 4.718411108359517, 4.644581609371581, 1.266953168998315, 287);
2022-10-10 13:48:04.418  INFO 3923 --- [    Test worker] p6spy                                    : #1665377284418 | took 0ms | statement | connection 22| url jdbc:h2:mem:6a3784ae-1aa6-4bbf-b617-4d4aeabcc2af
insert into picture (spot_id, url, picture_id) values (?, ?, ?)
insert into picture (spot_id, url, picture_id) values (NULL, 'java.io.StringReader@3281dc5f', 1201);
2022-10-10 13:48:04.418  INFO 3923 --- [    Test worker] p6spy                                    : #1665377284418 | took 0ms | statement | connection 22| url jdbc:h2:mem:6a3784ae-1aa6-4bbf-b617-4d4aeabcc2af
insert into picture (spot_id, url, picture_id) values (?, ?, ?)
insert into picture (spot_id, url, picture_id) values (NULL, 'java.io.StringReader@47d74366', 1202);
2022-10-10 13:48:04.418  INFO 3923 --- [    Test worker] p6spy                                    : #1665377284418 | took 0ms | statement | connection 22| url jdbc:h2:mem:6a3784ae-1aa6-4bbf-b617-4d4aeabcc2af
insert into picture (spot_id, url, picture_id) values (?, ?, ?)
insert into picture (spot_id, url, picture_id) values (NULL, 'java.io.StringReader@587ee77', 1203);
2022-10-10 13:48:04.418  INFO 3923 --- [    Test worker] p6spy                                    : #1665377284418 | took 0ms | statement | connection 22| url jdbc:h2:mem:6a3784ae-1aa6-4bbf-b617-4d4aeabcc2af
insert into spot (address, description, location, name, score_id, spot_id) values (?, ?, ?, ?, ?, ?)
insert into spot (address, description, location, name, score_id, spot_id) values (NULL, NULL, 'Andeok_myeon', NULL, 287, 353);
2022-10-10 13:48:04.418  INFO 3923 --- [    Test worker] p6spy                                    : #1665377284418 | took 0ms | statement | connection 22| url jdbc:h2:mem:6a3784ae-1aa6-4bbf-b617-4d4aeabcc2af
insert into member_spot (member_id, score, spot_id, member_spot_id) values (?, ?, ?, ?)
insert into member_spot (member_id, score, spot_id, member_spot_id) values (12, 0.0, 353, 1204);
2022-10-10 13:48:04.418  INFO 3923 --- [    Test worker] p6spy                                    : #1665377284418 | took 0ms | statement | connection 22| url jdbc:h2:mem:6a3784ae-1aa6-4bbf-b617-4d4aeabcc2af
insert into review (content, spot_id, review_id) values (?, ?, ?)
insert into review (content, spot_id, review_id) values ('java.io.StringReader@2fd2dc5c', 269, 289);
2022-10-10 13:48:04.418  INFO 3923 --- [    Test worker] p6spy                                    : #1665377284418 | took 0ms | statement | connection 22| url jdbc:h2:mem:6a3784ae-1aa6-4bbf-b617-4d4aeabcc2af
insert into favorite_spot (count, favorite_id, spot_id, favorite_spot_id) values (?, ?, ?, ?)
insert into favorite_spot (count, favorite_id, spot_id, favorite_spot_id) values (0, 36, 353, 313);
2022-10-10 13:48:04.418  INFO 3923 --- [    Test worker] p6spy                                    : #1665377284418 | took 0ms | statement | connection 22| url jdbc:h2:mem:6a3784ae-1aa6-4bbf-b617-4d4aeabcc2af
insert into score (facility_rank, facility_score, price_rank, price_score, rank_average, surround_rank, surround_score, view_rank, view_score, score_id) values (?, ?, ?, ?, ?, ?, ?, ?, ?, ?)
insert into score (facility_rank, facility_score, price_rank, price_score, rank_average, surround_rank, surround_score, view_rank, view_score, score_id) values (8.853766235303215, 2.885962101425185, 6.068458343590127, 6.910344047211989, 2.2308062358605785, 8.364739841368223, 7.565663549083183, 0.14205101597924763, 5.698577659575391, 288);
2022-10-10 13:48:04.418  INFO 3923 --- [    Test worker] p6spy                                    : #1665377284418 | took 0ms | statement | connection 22| url jdbc:h2:mem:6a3784ae-1aa6-4bbf-b617-4d4aeabcc2af
insert into picture (spot_id, url, picture_id) values (?, ?, ?)
insert into picture (spot_id, url, picture_id) values (NULL, 'java.io.StringReader@6bc07760', 1205);
2022-10-10 13:48:04.418  INFO 3923 --- [    Test worker] p6spy                                    : #1665377284418 | took 0ms | statement | connection 22| url jdbc:h2:mem:6a3784ae-1aa6-4bbf-b617-4d4aeabcc2af
insert into picture (spot_id, url, picture_id) values (?, ?, ?)
insert into picture (spot_id, url, picture_id) values (NULL, 'java.io.StringReader@2c4a78dd', 1206);
2022-10-10 13:48:04.418  INFO 3923 --- [    Test worker] p6spy                                    : #1665377284418 | took 0ms | statement | connection 22| url jdbc:h2:mem:6a3784ae-1aa6-4bbf-b617-4d4aeabcc2af
insert into picture (spot_id, url, picture_id) values (?, ?, ?)
insert into picture (spot_id, url, picture_id) values (NULL, 'java.io.StringReader@5ffe718a', 1207);
2022-10-10 13:48:04.418  INFO 3923 --- [    Test worker] p6spy                                    : #1665377284418 | took 0ms | statement | connection 22| url jdbc:h2:mem:6a3784ae-1aa6-4bbf-b617-4d4aeabcc2af
insert into spot (address, description, location, name, score_id, spot_id) values (?, ?, ?, ?, ?, ?)
insert into spot (address, description, location, name, score_id, spot_id) values (NULL, NULL, 'Andeok_myeon', NULL, 288, 354);
2022-10-10 13:48:04.418  INFO 3923 --- [    Test worker] p6spy                                    : #1665377284418 | took 0ms | statement | connection 22| url jdbc:h2:mem:6a3784ae-1aa6-4bbf-b617-4d4aeabcc2af
insert into member_spot (member_id, score, spot_id, member_spot_id) values (?, ?, ?, ?)
insert into member_spot (member_id, score, spot_id, member_spot_id) values (12, 0.0, 354, 1208);
2022-10-10 13:48:04.418  INFO 3923 --- [    Test worker] p6spy                                    : #1665377284418 | took 0ms | statement | connection 22| url jdbc:h2:mem:6a3784ae-1aa6-4bbf-b617-4d4aeabcc2af
insert into review (content, spot_id, review_id) values (?, ?, ?)
insert into review (content, spot_id, review_id) values ('java.io.StringReader@18b1c737', 269, 290);
2022-10-10 13:48:04.418  INFO 3923 --- [    Test worker] p6spy                                    : #1665377284418 | took 0ms | statement | connection 22| url jdbc:h2:mem:6a3784ae-1aa6-4bbf-b617-4d4aeabcc2af
insert into score (facility_rank, facility_score, price_rank, price_score, rank_average, surround_rank, surround_score, view_rank, view_score, score_id) values (?, ?, ?, ?, ?, ?, ?, ?, ?, ?)
insert into score (facility_rank, facility_score, price_rank, price_score, rank_average, surround_rank, surround_score, view_rank, view_score, score_id) values (1.3540732615573614, 3.9074561787785522, 1.960533897687683, 5.454668053605891, 9.600092012310364, 2.599100955074957, 9.755686623856091, 7.92083308797984, 3.3002762103389127, 289);
2022-10-10 13:48:04.418  INFO 3923 --- [    Test worker] p6spy                                    : #1665377284418 | took 0ms | statement | connection 22| url jdbc:h2:mem:6a3784ae-1aa6-4bbf-b617-4d4aeabcc2af
insert into picture (spot_id, url, picture_id) values (?, ?, ?)
insert into picture (spot_id, url, picture_id) values (NULL, 'java.io.StringReader@63049f07', 1209);
2022-10-10 13:48:04.418  INFO 3923 --- [    Test worker] p6spy                                    : #1665377284418 | took 0ms | statement | connection 22| url jdbc:h2:mem:6a3784ae-1aa6-4bbf-b617-4d4aeabcc2af
insert into picture (spot_id, url, picture_id) values (?, ?, ?)
insert into picture (spot_id, url, picture_id) values (NULL, 'java.io.StringReader@698c55bf', 1210);
2022-10-10 13:48:04.418  INFO 3923 --- [    Test worker] p6spy                                    : #1665377284418 | took 0ms | statement | connection 22| url jdbc:h2:mem:6a3784ae-1aa6-4bbf-b617-4d4aeabcc2af
insert into picture (spot_id, url, picture_id) values (?, ?, ?)
insert into picture (spot_id, url, picture_id) values (NULL, 'java.io.StringReader@74aa4446', 1211);
2022-10-10 13:48:04.418  INFO 3923 --- [    Test worker] p6spy                                    : #1665377284418 | took 0ms | statement | connection 22| url jdbc:h2:mem:6a3784ae-1aa6-4bbf-b617-4d4aeabcc2af
insert into spot (address, description, location, name, score_id, spot_id) values (?, ?, ?, ?, ?, ?)
insert into spot (address, description, location, name, score_id, spot_id) values (NULL, NULL, 'Andeok_myeon', NULL, 289, 355);
2022-10-10 13:48:04.418  INFO 3923 --- [    Test worker] p6spy                                    : #1665377284418 | took 0ms | statement | connection 22| url jdbc:h2:mem:6a3784ae-1aa6-4bbf-b617-4d4aeabcc2af
insert into member_spot (member_id, score, spot_id, member_spot_id) values (?, ?, ?, ?)
insert into member_spot (member_id, score, spot_id, member_spot_id) values (12, 0.0, 355, 1212);
2022-10-10 13:48:04.418  INFO 3923 --- [    Test worker] p6spy                                    : #1665377284418 | took 0ms | statement | connection 22| url jdbc:h2:mem:6a3784ae-1aa6-4bbf-b617-4d4aeabcc2af
insert into review (content, spot_id, review_id) values (?, ?, ?)
insert into review (content, spot_id, review_id) values ('java.io.StringReader@31ab3dc7', 269, 291);
2022-10-10 13:48:04.418  INFO 3923 --- [    Test worker] p6spy                                    : #1665377284418 | took 0ms | statement | connection 22| url jdbc:h2:mem:6a3784ae-1aa6-4bbf-b617-4d4aeabcc2af
insert into favorite_spot (count, favorite_id, spot_id, favorite_spot_id) values (?, ?, ?, ?)
insert into favorite_spot (count, favorite_id, spot_id, favorite_spot_id) values (0, 36, 355, 314);
2022-10-10 13:48:04.418  INFO 3923 --- [    Test worker] p6spy                                    : #1665377284418 | took 0ms | statement | connection 22| url jdbc:h2:mem:6a3784ae-1aa6-4bbf-b617-4d4aeabcc2af
insert into score (facility_rank, facility_score, price_rank, price_score, rank_average, surround_rank, surround_score, view_rank, view_score, score_id) values (?, ?, ?, ?, ?, ?, ?, ?, ?, ?)
insert into score (facility_rank, facility_score, price_rank, price_score, rank_average, surround_rank, surround_score, view_rank, view_score, score_id) values (3.4770204447842312, 3.5396507254478973, 2.3352991278758637, 0.1177792190887117, 8.735146576462501, 4.374678844401844, 2.3416879144276583, 8.307790438549054, 2.693905976711214, 290);
2022-10-10 13:48:04.418  INFO 3923 --- [    Test worker] p6spy                                    : #1665377284418 | took 0ms | statement | connection 22| url jdbc:h2:mem:6a3784ae-1aa6-4bbf-b617-4d4aeabcc2af
insert into picture (spot_id, url, picture_id) values (?, ?, ?)
insert into picture (spot_id, url, picture_id) values (NULL, 'java.io.StringReader@8d4d58b', 1213);
2022-10-10 13:48:04.418  INFO 3923 --- [    Test worker] p6spy                                    : #1665377284418 | took 0ms | statement | connection 22| url jdbc:h2:mem:6a3784ae-1aa6-4bbf-b617-4d4aeabcc2af
insert into picture (spot_id, url, picture_id) values (?, ?, ?)
insert into picture (spot_id, url, picture_id) values (NULL, 'java.io.StringReader@384f8455', 1214);
2022-10-10 13:48:04.418  INFO 3923 --- [    Test worker] p6spy                                    : #1665377284418 | took 0ms | statement | connection 22| url jdbc:h2:mem:6a3784ae-1aa6-4bbf-b617-4d4aeabcc2af
insert into picture (spot_id, url, picture_id) values (?, ?, ?)
insert into picture (spot_id, url, picture_id) values (NULL, 'java.io.StringReader@eba9ab4', 1215);
2022-10-10 13:48:04.419  INFO 3923 --- [    Test worker] p6spy                                    : #1665377284419 | took 0ms | statement | connection 22| url jdbc:h2:mem:6a3784ae-1aa6-4bbf-b617-4d4aeabcc2af
insert into spot (address, description, location, name, score_id, spot_id) values (?, ?, ?, ?, ?, ?)
insert into spot (address, description, location, name, score_id, spot_id) values (NULL, NULL, 'Andeok_myeon', NULL, 290, 356);
2022-10-10 13:48:04.419  INFO 3923 --- [    Test worker] p6spy                                    : #1665377284419 | took 0ms | statement | connection 22| url jdbc:h2:mem:6a3784ae-1aa6-4bbf-b617-4d4aeabcc2af
insert into member_spot (member_id, score, spot_id, member_spot_id) values (?, ?, ?, ?)
insert into member_spot (member_id, score, spot_id, member_spot_id) values (12, 0.0, 356, 1216);
2022-10-10 13:48:04.419  INFO 3923 --- [    Test worker] p6spy                                    : #1665377284419 | took 0ms | statement | connection 22| url jdbc:h2:mem:6a3784ae-1aa6-4bbf-b617-4d4aeabcc2af
insert into review (content, spot_id, review_id) values (?, ?, ?)
insert into review (content, spot_id, review_id) values ('java.io.StringReader@3a85d9d', 269, 292);
2022-10-10 13:48:04.419  INFO 3923 --- [    Test worker] p6spy                                    : #1665377284419 | took 0ms | statement | connection 22| url jdbc:h2:mem:6a3784ae-1aa6-4bbf-b617-4d4aeabcc2af
insert into score (facility_rank, facility_score, price_rank, price_score, rank_average, surround_rank, surround_score, view_rank, view_score, score_id) values (?, ?, ?, ?, ?, ?, ?, ?, ?, ?)
insert into score (facility_rank, facility_score, price_rank, price_score, rank_average, surround_rank, surround_score, view_rank, view_score, score_id) values (1.2495594767083396, 7.019753963646229, 5.058388356700546, 6.820069202120177, 1.4755456346943974, 0.5514108090316738, 0.9830469173580503, 0.9771647866498612, 6.396639993779893, 291);
2022-10-10 13:48:04.419  INFO 3923 --- [    Test worker] p6spy                                    : #1665377284419 | took 0ms | statement | connection 22| url jdbc:h2:mem:6a3784ae-1aa6-4bbf-b617-4d4aeabcc2af
insert into picture (spot_id, url, picture_id) values (?, ?, ?)
insert into picture (spot_id, url, picture_id) values (NULL, 'java.io.StringReader@5a2e250b', 1217);
2022-10-10 13:48:04.419  INFO 3923 --- [    Test worker] p6spy                                    : #1665377284419 | took 0ms | statement | connection 22| url jdbc:h2:mem:6a3784ae-1aa6-4bbf-b617-4d4aeabcc2af
insert into picture (spot_id, url, picture_id) values (?, ?, ?)
insert into picture (spot_id, url, picture_id) values (NULL, 'java.io.StringReader@3de624fd', 1218);
2022-10-10 13:48:04.419  INFO 3923 --- [    Test worker] p6spy                                    : #1665377284419 | took 0ms | statement | connection 22| url jdbc:h2:mem:6a3784ae-1aa6-4bbf-b617-4d4aeabcc2af
insert into picture (spot_id, url, picture_id) values (?, ?, ?)
insert into picture (spot_id, url, picture_id) values (NULL, 'java.io.StringReader@4ca398b0', 1219);
2022-10-10 13:48:04.419  INFO 3923 --- [    Test worker] p6spy                                    : #1665377284419 | took 0ms | statement | connection 22| url jdbc:h2:mem:6a3784ae-1aa6-4bbf-b617-4d4aeabcc2af
insert into spot (address, description, location, name, score_id, spot_id) values (?, ?, ?, ?, ?, ?)
insert into spot (address, description, location, name, score_id, spot_id) values (NULL, NULL, 'Andeok_myeon', NULL, 291, 357);
2022-10-10 13:48:04.419  INFO 3923 --- [    Test worker] p6spy                                    : #1665377284419 | took 0ms | statement | connection 22| url jdbc:h2:mem:6a3784ae-1aa6-4bbf-b617-4d4aeabcc2af
insert into member_spot (member_id, score, spot_id, member_spot_id) values (?, ?, ?, ?)
insert into member_spot (member_id, score, spot_id, member_spot_id) values (12, 0.0, 357, 1220);
2022-10-10 13:48:04.419  INFO 3923 --- [    Test worker] p6spy                                    : #1665377284419 | took 0ms | statement | connection 22| url jdbc:h2:mem:6a3784ae-1aa6-4bbf-b617-4d4aeabcc2af
insert into review (content, spot_id, review_id) values (?, ?, ?)
insert into review (content, spot_id, review_id) values ('java.io.StringReader@348775c6', 269, 293);
2022-10-10 13:48:04.419  INFO 3923 --- [    Test worker] p6spy                                    : #1665377284419 | took 0ms | statement | connection 22| url jdbc:h2:mem:6a3784ae-1aa6-4bbf-b617-4d4aeabcc2af
insert into favorite_spot (count, favorite_id, spot_id, favorite_spot_id) values (?, ?, ?, ?)
insert into favorite_spot (count, favorite_id, spot_id, favorite_spot_id) values (0, 36, 357, 315);
2022-10-10 13:48:04.419  INFO 3923 --- [    Test worker] p6spy                                    : #1665377284419 | took 0ms | statement | connection 22| url jdbc:h2:mem:6a3784ae-1aa6-4bbf-b617-4d4aeabcc2af
insert into score (facility_rank, facility_score, price_rank, price_score, rank_average, surround_rank, surround_score, view_rank, view_score, score_id) values (?, ?, ?, ?, ?, ?, ?, ?, ?, ?)
insert into score (facility_rank, facility_score, price_rank, price_score, rank_average, surround_rank, surround_score, view_rank, view_score, score_id) values (6.017697360153224, 3.0139367233858847, 8.007918083808276, 2.3227411991994606, 4.925932021293967, 2.233736479196482, 5.33695576383098, 8.756175048705625, 5.356972755914483, 292);
2022-10-10 13:48:04.419  INFO 3923 --- [    Test worker] p6spy                                    : #1665377284419 | took 0ms | statement | connection 22| url jdbc:h2:mem:6a3784ae-1aa6-4bbf-b617-4d4aeabcc2af
insert into picture (spot_id, url, picture_id) values (?, ?, ?)
insert into picture (spot_id, url, picture_id) values (NULL, 'java.io.StringReader@20851e5b', 1221);
2022-10-10 13:48:04.419  INFO 3923 --- [    Test worker] p6spy                                    : #1665377284419 | took 0ms | statement | connection 22| url jdbc:h2:mem:6a3784ae-1aa6-4bbf-b617-4d4aeabcc2af
insert into picture (spot_id, url, picture_id) values (?, ?, ?)
insert into picture (spot_id, url, picture_id) values (NULL, 'java.io.StringReader@23b9d353', 1222);
2022-10-10 13:48:04.419  INFO 3923 --- [    Test worker] p6spy                                    : #1665377284419 | took 0ms | statement | connection 22| url jdbc:h2:mem:6a3784ae-1aa6-4bbf-b617-4d4aeabcc2af
insert into picture (spot_id, url, picture_id) values (?, ?, ?)
insert into picture (spot_id, url, picture_id) values (NULL, 'java.io.StringReader@27051ae8', 1223);
2022-10-10 13:48:04.419  INFO 3923 --- [    Test worker] p6spy                                    : #1665377284419 | took 0ms | statement | connection 22| url jdbc:h2:mem:6a3784ae-1aa6-4bbf-b617-4d4aeabcc2af
insert into spot (address, description, location, name, score_id, spot_id) values (?, ?, ?, ?, ?, ?)
insert into spot (address, description, location, name, score_id, spot_id) values (NULL, NULL, 'Andeok_myeon', NULL, 292, 358);
2022-10-10 13:48:04.419  INFO 3923 --- [    Test worker] p6spy                                    : #1665377284419 | took 0ms | statement | connection 22| url jdbc:h2:mem:6a3784ae-1aa6-4bbf-b617-4d4aeabcc2af
insert into member_spot (member_id, score, spot_id, member_spot_id) values (?, ?, ?, ?)
insert into member_spot (member_id, score, spot_id, member_spot_id) values (12, 0.0, 358, 1224);
2022-10-10 13:48:04.419  INFO 3923 --- [    Test worker] p6spy                                    : #1665377284419 | took 0ms | statement | connection 22| url jdbc:h2:mem:6a3784ae-1aa6-4bbf-b617-4d4aeabcc2af
insert into review (content, spot_id, review_id) values (?, ?, ?)
insert into review (content, spot_id, review_id) values ('java.io.StringReader@7ffcd8df', 269, 294);
2022-10-10 13:48:04.419  INFO 3923 --- [    Test worker] p6spy                                    : #1665377284419 | took 0ms | statement | connection 22| url jdbc:h2:mem:6a3784ae-1aa6-4bbf-b617-4d4aeabcc2af
insert into score (facility_rank, facility_score, price_rank, price_score, rank_average, surround_rank, surround_score, view_rank, view_score, score_id) values (?, ?, ?, ?, ?, ?, ?, ?, ?, ?)
insert into score (facility_rank, facility_score, price_rank, price_score, rank_average, surround_rank, surround_score, view_rank, view_score, score_id) values (0.5530432667040963, 4.200141364076284, 7.889492133609783, 5.763984880190235, 0.03889361230105415, 5.846999224424935, 4.120473020377407, 4.589797183996471, 0.955618628649012, 293);
2022-10-10 13:48:04.419  INFO 3923 --- [    Test worker] p6spy                                    : #1665377284419 | took 0ms | statement | connection 22| url jdbc:h2:mem:6a3784ae-1aa6-4bbf-b617-4d4aeabcc2af
insert into picture (spot_id, url, picture_id) values (?, ?, ?)
insert into picture (spot_id, url, picture_id) values (NULL, 'java.io.StringReader@2321c420', 1225);
2022-10-10 13:48:04.419  INFO 3923 --- [    Test worker] p6spy                                    : #1665377284419 | took 0ms | statement | connection 22| url jdbc:h2:mem:6a3784ae-1aa6-4bbf-b617-4d4aeabcc2af
insert into picture (spot_id, url, picture_id) values (?, ?, ?)
insert into picture (spot_id, url, picture_id) values (NULL, 'java.io.StringReader@13c33a12', 1226);
2022-10-10 13:48:04.419  INFO 3923 --- [    Test worker] p6spy                                    : #1665377284419 | took 0ms | statement | connection 22| url jdbc:h2:mem:6a3784ae-1aa6-4bbf-b617-4d4aeabcc2af
insert into picture (spot_id, url, picture_id) values (?, ?, ?)
insert into picture (spot_id, url, picture_id) values (NULL, 'java.io.StringReader@576bedd9', 1227);
2022-10-10 13:48:04.419  INFO 3923 --- [    Test worker] p6spy                                    : #1665377284419 | took 0ms | statement | connection 22| url jdbc:h2:mem:6a3784ae-1aa6-4bbf-b617-4d4aeabcc2af
insert into spot (address, description, location, name, score_id, spot_id) values (?, ?, ?, ?, ?, ?)
insert into spot (address, description, location, name, score_id, spot_id) values (NULL, NULL, 'Andeok_myeon', NULL, 293, 359);
2022-10-10 13:48:04.419  INFO 3923 --- [    Test worker] p6spy                                    : #1665377284419 | took 0ms | statement | connection 22| url jdbc:h2:mem:6a3784ae-1aa6-4bbf-b617-4d4aeabcc2af
insert into member_spot (member_id, score, spot_id, member_spot_id) values (?, ?, ?, ?)
insert into member_spot (member_id, score, spot_id, member_spot_id) values (12, 0.0, 359, 1228);
2022-10-10 13:48:04.419  INFO 3923 --- [    Test worker] p6spy                                    : #1665377284419 | took 0ms | statement | connection 22| url jdbc:h2:mem:6a3784ae-1aa6-4bbf-b617-4d4aeabcc2af
insert into review (content, spot_id, review_id) values (?, ?, ?)
insert into review (content, spot_id, review_id) values ('java.io.StringReader@5f3030da', 269, 295);
2022-10-10 13:48:04.419  INFO 3923 --- [    Test worker] p6spy                                    : #1665377284419 | took 0ms | statement | connection 22| url jdbc:h2:mem:6a3784ae-1aa6-4bbf-b617-4d4aeabcc2af
insert into favorite_spot (count, favorite_id, spot_id, favorite_spot_id) values (?, ?, ?, ?)
insert into favorite_spot (count, favorite_id, spot_id, favorite_spot_id) values (0, 36, 359, 316);
2022-10-10 13:48:04.419  INFO 3923 --- [    Test worker] p6spy                                    : #1665377284419 | took 0ms | statement | connection 22| url jdbc:h2:mem:6a3784ae-1aa6-4bbf-b617-4d4aeabcc2af
insert into score (facility_rank, facility_score, price_rank, price_score, rank_average, surround_rank, surround_score, view_rank, view_score, score_id) values (?, ?, ?, ?, ?, ?, ?, ?, ?, ?)
insert into score (facility_rank, facility_score, price_rank, price_score, rank_average, surround_rank, surround_score, view_rank, view_score, score_id) values (6.68889735922809, 8.678754854949219, 6.06059055186296, 5.445556473249898, 4.892675757403342, 7.686251360015735, 7.57748440542993, 3.1071354407648597, 3.9465642988023877, 294);
2022-10-10 13:48:04.419  INFO 3923 --- [    Test worker] p6spy                                    : #1665377284419 | took 0ms | statement | connection 22| url jdbc:h2:mem:6a3784ae-1aa6-4bbf-b617-4d4aeabcc2af
insert into picture (spot_id, url, picture_id) values (?, ?, ?)
insert into picture (spot_id, url, picture_id) values (NULL, 'java.io.StringReader@682ad314', 1229);
2022-10-10 13:48:04.419  INFO 3923 --- [    Test worker] p6spy                                    : #1665377284419 | took 0ms | statement | connection 22| url jdbc:h2:mem:6a3784ae-1aa6-4bbf-b617-4d4aeabcc2af
insert into picture (spot_id, url, picture_id) values (?, ?, ?)
insert into picture (spot_id, url, picture_id) values (NULL, 'java.io.StringReader@24f5b961', 1230);
2022-10-10 13:48:04.419  INFO 3923 --- [    Test worker] p6spy                                    : #1665377284419 | took 0ms | statement | connection 22| url jdbc:h2:mem:6a3784ae-1aa6-4bbf-b617-4d4aeabcc2af
insert into picture (spot_id, url, picture_id) values (?, ?, ?)
insert into picture (spot_id, url, picture_id) values (NULL, 'java.io.StringReader@2a9d20d5', 1231);
2022-10-10 13:48:04.419  INFO 3923 --- [    Test worker] p6spy                                    : #1665377284419 | took 0ms | statement | connection 22| url jdbc:h2:mem:6a3784ae-1aa6-4bbf-b617-4d4aeabcc2af
insert into spot (address, description, location, name, score_id, spot_id) values (?, ?, ?, ?, ?, ?)
insert into spot (address, description, location, name, score_id, spot_id) values (NULL, NULL, 'Andeok_myeon', NULL, 294, 360);
2022-10-10 13:48:04.419  INFO 3923 --- [    Test worker] p6spy                                    : #1665377284419 | took 0ms | statement | connection 22| url jdbc:h2:mem:6a3784ae-1aa6-4bbf-b617-4d4aeabcc2af
insert into member_spot (member_id, score, spot_id, member_spot_id) values (?, ?, ?, ?)
insert into member_spot (member_id, score, spot_id, member_spot_id) values (12, 0.0, 360, 1232);
2022-10-10 13:48:04.419  INFO 3923 --- [    Test worker] p6spy                                    : #1665377284419 | took 0ms | statement | connection 22| url jdbc:h2:mem:6a3784ae-1aa6-4bbf-b617-4d4aeabcc2af
insert into review (content, spot_id, review_id) values (?, ?, ?)
insert into review (content, spot_id, review_id) values ('java.io.StringReader@39626e48', 269, 296);
2022-10-10 13:48:04.419  INFO 3923 --- [    Test worker] p6spy                                    : #1665377284419 | took 0ms | statement | connection 22| url jdbc:h2:mem:6a3784ae-1aa6-4bbf-b617-4d4aeabcc2af
insert into score (facility_rank, facility_score, price_rank, price_score, rank_average, surround_rank, surround_score, view_rank, view_score, score_id) values (?, ?, ?, ?, ?, ?, ?, ?, ?, ?)
insert into score (facility_rank, facility_score, price_rank, price_score, rank_average, surround_rank, surround_score, view_rank, view_score, score_id) values (5.902781299817347, 7.906705709792643, 3.169035236934733, 1.3815378304934767, 7.885532752270789, 5.0312940693246855, 7.886577193047507, 8.878577353593771, 2.8714352061992354, 295);
2022-10-10 13:48:04.419  INFO 3923 --- [    Test worker] p6spy                                    : #1665377284419 | took 0ms | statement | connection 22| url jdbc:h2:mem:6a3784ae-1aa6-4bbf-b617-4d4aeabcc2af
insert into picture (spot_id, url, picture_id) values (?, ?, ?)
insert into picture (spot_id, url, picture_id) values (NULL, 'java.io.StringReader@3f559822', 1233);
2022-10-10 13:48:04.419  INFO 3923 --- [    Test worker] p6spy                                    : #1665377284419 | took 0ms | statement | connection 22| url jdbc:h2:mem:6a3784ae-1aa6-4bbf-b617-4d4aeabcc2af
insert into picture (spot_id, url, picture_id) values (?, ?, ?)
insert into picture (spot_id, url, picture_id) values (NULL, 'java.io.StringReader@4faf1f1a', 1234);
2022-10-10 13:48:04.420  INFO 3923 --- [    Test worker] p6spy                                    : #1665377284420 | took 0ms | statement | connection 22| url jdbc:h2:mem:6a3784ae-1aa6-4bbf-b617-4d4aeabcc2af
insert into picture (spot_id, url, picture_id) values (?, ?, ?)
insert into picture (spot_id, url, picture_id) values (NULL, 'java.io.StringReader@150658c8', 1235);
2022-10-10 13:48:04.420  INFO 3923 --- [    Test worker] p6spy                                    : #1665377284420 | took 0ms | statement | connection 22| url jdbc:h2:mem:6a3784ae-1aa6-4bbf-b617-4d4aeabcc2af
insert into spot (address, description, location, name, score_id, spot_id) values (?, ?, ?, ?, ?, ?)
insert into spot (address, description, location, name, score_id, spot_id) values (NULL, NULL, 'Andeok_myeon', NULL, 295, 361);
2022-10-10 13:48:04.420  INFO 3923 --- [    Test worker] p6spy                                    : #1665377284420 | took 0ms | statement | connection 22| url jdbc:h2:mem:6a3784ae-1aa6-4bbf-b617-4d4aeabcc2af
insert into member_spot (member_id, score, spot_id, member_spot_id) values (?, ?, ?, ?)
insert into member_spot (member_id, score, spot_id, member_spot_id) values (12, 0.0, 361, 1236);
2022-10-10 13:48:04.420  INFO 3923 --- [    Test worker] p6spy                                    : #1665377284420 | took 0ms | statement | connection 22| url jdbc:h2:mem:6a3784ae-1aa6-4bbf-b617-4d4aeabcc2af
insert into review (content, spot_id, review_id) values (?, ?, ?)
insert into review (content, spot_id, review_id) values ('java.io.StringReader@6c60a141', 269, 297);
2022-10-10 13:48:04.420  INFO 3923 --- [    Test worker] p6spy                                    : #1665377284420 | took 0ms | statement | connection 22| url jdbc:h2:mem:6a3784ae-1aa6-4bbf-b617-4d4aeabcc2af
insert into favorite_spot (count, favorite_id, spot_id, favorite_spot_id) values (?, ?, ?, ?)
insert into favorite_spot (count, favorite_id, spot_id, favorite_spot_id) values (0, 36, 361, 317);
2022-10-10 13:48:04.420  INFO 3923 --- [    Test worker] p6spy                                    : #1665377284420 | took 0ms | statement | connection 22| url jdbc:h2:mem:6a3784ae-1aa6-4bbf-b617-4d4aeabcc2af
insert into score (facility_rank, facility_score, price_rank, price_score, rank_average, surround_rank, surround_score, view_rank, view_score, score_id) values (?, ?, ?, ?, ?, ?, ?, ?, ?, ?)
insert into score (facility_rank, facility_score, price_rank, price_score, rank_average, surround_rank, surround_score, view_rank, view_score, score_id) values (4.616686453797286, 7.544129213778655, 2.6855034258234376, 8.711558871332372, 2.2335903676037114, 4.711457928046876, 5.661424137078979, 7.265248702384497, 5.039884708373929, 296);
2022-10-10 13:48:04.420  INFO 3923 --- [    Test worker] p6spy                                    : #1665377284420 | took 0ms | statement | connection 22| url jdbc:h2:mem:6a3784ae-1aa6-4bbf-b617-4d4aeabcc2af
insert into picture (spot_id, url, picture_id) values (?, ?, ?)
insert into picture (spot_id, url, picture_id) values (NULL, 'java.io.StringReader@25c48278', 1237);
2022-10-10 13:48:04.420  INFO 3923 --- [    Test worker] p6spy                                    : #1665377284420 | took 0ms | statement | connection 22| url jdbc:h2:mem:6a3784ae-1aa6-4bbf-b617-4d4aeabcc2af
insert into picture (spot_id, url, picture_id) values (?, ?, ?)
insert into picture (spot_id, url, picture_id) values (NULL, 'java.io.StringReader@2f1661e6', 1238);
2022-10-10 13:48:04.420  INFO 3923 --- [    Test worker] p6spy                                    : #1665377284420 | took 0ms | statement | connection 22| url jdbc:h2:mem:6a3784ae-1aa6-4bbf-b617-4d4aeabcc2af
insert into picture (spot_id, url, picture_id) values (?, ?, ?)
insert into picture (spot_id, url, picture_id) values (NULL, 'java.io.StringReader@401e1872', 1239);
2022-10-10 13:48:04.420  INFO 3923 --- [    Test worker] p6spy                                    : #1665377284420 | took 0ms | statement | connection 22| url jdbc:h2:mem:6a3784ae-1aa6-4bbf-b617-4d4aeabcc2af
insert into spot (address, description, location, name, score_id, spot_id) values (?, ?, ?, ?, ?, ?)
insert into spot (address, description, location, name, score_id, spot_id) values (NULL, NULL, 'Andeok_myeon', NULL, 296, 362);
2022-10-10 13:48:04.420  INFO 3923 --- [    Test worker] p6spy                                    : #1665377284420 | took 0ms | statement | connection 22| url jdbc:h2:mem:6a3784ae-1aa6-4bbf-b617-4d4aeabcc2af
insert into member_spot (member_id, score, spot_id, member_spot_id) values (?, ?, ?, ?)
insert into member_spot (member_id, score, spot_id, member_spot_id) values (12, 0.0, 362, 1240);
2022-10-10 13:48:04.420  INFO 3923 --- [    Test worker] p6spy                                    : #1665377284420 | took 0ms | statement | connection 22| url jdbc:h2:mem:6a3784ae-1aa6-4bbf-b617-4d4aeabcc2af
insert into review (content, spot_id, review_id) values (?, ?, ?)
insert into review (content, spot_id, review_id) values ('java.io.StringReader@19bc42ea', 269, 298);
2022-10-10 13:48:04.420  INFO 3923 --- [    Test worker] p6spy                                    : #1665377284420 | took 0ms | statement | connection 22| url jdbc:h2:mem:6a3784ae-1aa6-4bbf-b617-4d4aeabcc2af
insert into score (facility_rank, facility_score, price_rank, price_score, rank_average, surround_rank, surround_score, view_rank, view_score, score_id) values (?, ?, ?, ?, ?, ?, ?, ?, ?, ?)
insert into score (facility_rank, facility_score, price_rank, price_score, rank_average, surround_rank, surround_score, view_rank, view_score, score_id) values (7.91970085097743, 1.312545415833224, 4.901829800192945, 7.296060845141017, 7.960272154123214, 7.534806220654794, 2.05070816282394, 9.90014861543926, 4.581690774632303, 297);
2022-10-10 13:48:04.420  INFO 3923 --- [    Test worker] p6spy                                    : #1665377284420 | took 0ms | statement | connection 22| url jdbc:h2:mem:6a3784ae-1aa6-4bbf-b617-4d4aeabcc2af
insert into picture (spot_id, url, picture_id) values (?, ?, ?)
insert into picture (spot_id, url, picture_id) values (NULL, 'java.io.StringReader@7dcbb6e5', 1241);
2022-10-10 13:48:04.420  INFO 3923 --- [    Test worker] p6spy                                    : #1665377284420 | took 0ms | statement | connection 22| url jdbc:h2:mem:6a3784ae-1aa6-4bbf-b617-4d4aeabcc2af
insert into picture (spot_id, url, picture_id) values (?, ?, ?)
insert into picture (spot_id, url, picture_id) values (NULL, 'java.io.StringReader@24b1fc38', 1242);
2022-10-10 13:48:04.420  INFO 3923 --- [    Test worker] p6spy                                    : #1665377284420 | took 0ms | statement | connection 22| url jdbc:h2:mem:6a3784ae-1aa6-4bbf-b617-4d4aeabcc2af
insert into picture (spot_id, url, picture_id) values (?, ?, ?)
insert into picture (spot_id, url, picture_id) values (NULL, 'java.io.StringReader@664ff641', 1243);
2022-10-10 13:48:04.420  INFO 3923 --- [    Test worker] p6spy                                    : #1665377284420 | took 0ms | statement | connection 22| url jdbc:h2:mem:6a3784ae-1aa6-4bbf-b617-4d4aeabcc2af
insert into spot (address, description, location, name, score_id, spot_id) values (?, ?, ?, ?, ?, ?)
insert into spot (address, description, location, name, score_id, spot_id) values (NULL, NULL, 'Andeok_myeon', NULL, 297, 363);
2022-10-10 13:48:04.420  INFO 3923 --- [    Test worker] p6spy                                    : #1665377284420 | took 0ms | statement | connection 22| url jdbc:h2:mem:6a3784ae-1aa6-4bbf-b617-4d4aeabcc2af
insert into member_spot (member_id, score, spot_id, member_spot_id) values (?, ?, ?, ?)
insert into member_spot (member_id, score, spot_id, member_spot_id) values (12, 0.0, 363, 1244);
2022-10-10 13:48:04.420  INFO 3923 --- [    Test worker] p6spy                                    : #1665377284420 | took 0ms | statement | connection 22| url jdbc:h2:mem:6a3784ae-1aa6-4bbf-b617-4d4aeabcc2af
insert into review (content, spot_id, review_id) values (?, ?, ?)
insert into review (content, spot_id, review_id) values ('java.io.StringReader@4b425a21', 269, 299);
2022-10-10 13:48:04.420  INFO 3923 --- [    Test worker] p6spy                                    : #1665377284420 | took 0ms | statement | connection 22| url jdbc:h2:mem:6a3784ae-1aa6-4bbf-b617-4d4aeabcc2af
insert into favorite_spot (count, favorite_id, spot_id, favorite_spot_id) values (?, ?, ?, ?)
insert into favorite_spot (count, favorite_id, spot_id, favorite_spot_id) values (0, 36, 363, 318);
2022-10-10 13:48:04.420  INFO 3923 --- [    Test worker] p6spy                                    : #1665377284420 | took 0ms | statement | connection 22| url jdbc:h2:mem:6a3784ae-1aa6-4bbf-b617-4d4aeabcc2af
insert into score (facility_rank, facility_score, price_rank, price_score, rank_average, surround_rank, surround_score, view_rank, view_score, score_id) values (?, ?, ?, ?, ?, ?, ?, ?, ?, ?)
insert into score (facility_rank, facility_score, price_rank, price_score, rank_average, surround_rank, surround_score, view_rank, view_score, score_id) values (8.139111445793219, 9.325065904702427, 1.3355217418196585, 4.7286508540191585, 8.821517713525326, 7.431999736512195, 5.4431144294203, 6.730923054185899, 5.408663831781411, 298);
2022-10-10 13:48:04.420  INFO 3923 --- [    Test worker] p6spy                                    : #1665377284420 | took 0ms | statement | connection 22| url jdbc:h2:mem:6a3784ae-1aa6-4bbf-b617-4d4aeabcc2af
insert into picture (spot_id, url, picture_id) values (?, ?, ?)
insert into picture (spot_id, url, picture_id) values (NULL, 'java.io.StringReader@625b827b', 1245);
2022-10-10 13:48:04.420  INFO 3923 --- [    Test worker] p6spy                                    : #1665377284420 | took 0ms | statement | connection 22| url jdbc:h2:mem:6a3784ae-1aa6-4bbf-b617-4d4aeabcc2af
insert into picture (spot_id, url, picture_id) values (?, ?, ?)
insert into picture (spot_id, url, picture_id) values (NULL, 'java.io.StringReader@32a66b4e', 1246);
2022-10-10 13:48:04.420  INFO 3923 --- [    Test worker] p6spy                                    : #1665377284420 | took 0ms | statement | connection 22| url jdbc:h2:mem:6a3784ae-1aa6-4bbf-b617-4d4aeabcc2af
insert into picture (spot_id, url, picture_id) values (?, ?, ?)
insert into picture (spot_id, url, picture_id) values (NULL, 'java.io.StringReader@7c625ffd', 1247);
2022-10-10 13:48:04.420  INFO 3923 --- [    Test worker] p6spy                                    : #1665377284420 | took 0ms | statement | connection 22| url jdbc:h2:mem:6a3784ae-1aa6-4bbf-b617-4d4aeabcc2af
insert into spot (address, description, location, name, score_id, spot_id) values (?, ?, ?, ?, ?, ?)
insert into spot (address, description, location, name, score_id, spot_id) values (NULL, NULL, 'Andeok_myeon', NULL, 298, 364);
2022-10-10 13:48:04.421  INFO 3923 --- [    Test worker] p6spy                                    : #1665377284421 | took 0ms | statement | connection 22| url jdbc:h2:mem:6a3784ae-1aa6-4bbf-b617-4d4aeabcc2af
insert into member_spot (member_id, score, spot_id, member_spot_id) values (?, ?, ?, ?)
insert into member_spot (member_id, score, spot_id, member_spot_id) values (12, 0.0, 364, 1248);
2022-10-10 13:48:04.421  INFO 3923 --- [    Test worker] p6spy                                    : #1665377284421 | took 0ms | statement | connection 22| url jdbc:h2:mem:6a3784ae-1aa6-4bbf-b617-4d4aeabcc2af
insert into review (content, spot_id, review_id) values (?, ?, ?)
insert into review (content, spot_id, review_id) values ('java.io.StringReader@1ffed69a', 269, 300);
2022-10-10 13:48:04.421  INFO 3923 --- [    Test worker] p6spy                                    : #1665377284421 | took 0ms | statement | connection 22| url jdbc:h2:mem:6a3784ae-1aa6-4bbf-b617-4d4aeabcc2af
insert into score (facility_rank, facility_score, price_rank, price_score, rank_average, surround_rank, surround_score, view_rank, view_score, score_id) values (?, ?, ?, ?, ?, ?, ?, ?, ?, ?)
insert into score (facility_rank, facility_score, price_rank, price_score, rank_average, surround_rank, surround_score, view_rank, view_score, score_id) values (0.8416593747746393, 2.972490163866474, 3.7848728948707286, 2.8792636520404633, 1.4476708872712585, 1.3302746919315978, 3.5966807539879095, 5.858776576744895, 9.048671940763231, 299);
2022-10-10 13:48:04.421  INFO 3923 --- [    Test worker] p6spy                                    : #1665377284421 | took 0ms | statement | connection 22| url jdbc:h2:mem:6a3784ae-1aa6-4bbf-b617-4d4aeabcc2af
insert into picture (spot_id, url, picture_id) values (?, ?, ?)
insert into picture (spot_id, url, picture_id) values (NULL, 'java.io.StringReader@62307118', 1249);
2022-10-10 13:48:04.421  INFO 3923 --- [    Test worker] p6spy                                    : #1665377284421 | took 0ms | statement | connection 22| url jdbc:h2:mem:6a3784ae-1aa6-4bbf-b617-4d4aeabcc2af
insert into picture (spot_id, url, picture_id) values (?, ?, ?)
insert into picture (spot_id, url, picture_id) values (NULL, 'java.io.StringReader@2e1189ce', 1250);
2022-10-10 13:48:04.421  INFO 3923 --- [    Test worker] p6spy                                    : #1665377284421 | took 0ms | statement | connection 22| url jdbc:h2:mem:6a3784ae-1aa6-4bbf-b617-4d4aeabcc2af
insert into picture (spot_id, url, picture_id) values (?, ?, ?)
insert into picture (spot_id, url, picture_id) values (NULL, 'java.io.StringReader@e977f71', 1251);
2022-10-10 13:48:04.421  INFO 3923 --- [    Test worker] p6spy                                    : #1665377284421 | took 0ms | statement | connection 22| url jdbc:h2:mem:6a3784ae-1aa6-4bbf-b617-4d4aeabcc2af
insert into spot (address, description, location, name, score_id, spot_id) values (?, ?, ?, ?, ?, ?)
insert into spot (address, description, location, name, score_id, spot_id) values (NULL, NULL, 'Andeok_myeon', NULL, 299, 365);
2022-10-10 13:48:04.421  INFO 3923 --- [    Test worker] p6spy                                    : #1665377284421 | took 0ms | statement | connection 22| url jdbc:h2:mem:6a3784ae-1aa6-4bbf-b617-4d4aeabcc2af
insert into member_spot (member_id, score, spot_id, member_spot_id) values (?, ?, ?, ?)
insert into member_spot (member_id, score, spot_id, member_spot_id) values (12, 0.0, 365, 1252);
2022-10-10 13:48:04.421  INFO 3923 --- [    Test worker] p6spy                                    : #1665377284421 | took 0ms | statement | connection 22| url jdbc:h2:mem:6a3784ae-1aa6-4bbf-b617-4d4aeabcc2af
insert into review (content, spot_id, review_id) values (?, ?, ?)
insert into review (content, spot_id, review_id) values ('java.io.StringReader@34a69e59', 269, 301);
2022-10-10 13:48:04.421  INFO 3923 --- [    Test worker] p6spy                                    : #1665377284421 | took 0ms | statement | connection 22| url jdbc:h2:mem:6a3784ae-1aa6-4bbf-b617-4d4aeabcc2af
insert into favorite_spot (count, favorite_id, spot_id, favorite_spot_id) values (?, ?, ?, ?)
insert into favorite_spot (count, favorite_id, spot_id, favorite_spot_id) values (0, 36, 365, 319);
2022-10-10 13:48:04.421  INFO 3923 --- [    Test worker] p6spy                                    : #1665377284421 | took 0ms | statement | connection 22| url jdbc:h2:mem:6a3784ae-1aa6-4bbf-b617-4d4aeabcc2af
insert into score (facility_rank, facility_score, price_rank, price_score, rank_average, surround_rank, surround_score, view_rank, view_score, score_id) values (?, ?, ?, ?, ?, ?, ?, ?, ?, ?)
insert into score (facility_rank, facility_score, price_rank, price_score, rank_average, surround_rank, surround_score, view_rank, view_score, score_id) values (2.9610437928318865, 5.951659293961997, 6.562380730133929, 5.642584706719261, 6.7995947652386155, 0.4328650414086932, 7.9642337955957405, 3.1239228398698904, 5.13866086901433, 300);
2022-10-10 13:48:04.421  INFO 3923 --- [    Test worker] p6spy                                    : #1665377284421 | took 0ms | statement | connection 22| url jdbc:h2:mem:6a3784ae-1aa6-4bbf-b617-4d4aeabcc2af
insert into picture (spot_id, url, picture_id) values (?, ?, ?)
insert into picture (spot_id, url, picture_id) values (NULL, 'java.io.StringReader@678074c3', 1253);
2022-10-10 13:48:04.421  INFO 3923 --- [    Test worker] p6spy                                    : #1665377284421 | took 0ms | statement | connection 22| url jdbc:h2:mem:6a3784ae-1aa6-4bbf-b617-4d4aeabcc2af
insert into picture (spot_id, url, picture_id) values (?, ?, ?)
insert into picture (spot_id, url, picture_id) values (NULL, 'java.io.StringReader@6fb94af', 1254);
2022-10-10 13:48:04.421  INFO 3923 --- [    Test worker] p6spy                                    : #1665377284421 | took 0ms | statement | connection 22| url jdbc:h2:mem:6a3784ae-1aa6-4bbf-b617-4d4aeabcc2af
insert into picture (spot_id, url, picture_id) values (?, ?, ?)
insert into picture (spot_id, url, picture_id) values (NULL, 'java.io.StringReader@5746441d', 1255);
2022-10-10 13:48:04.421  INFO 3923 --- [    Test worker] p6spy                                    : #1665377284421 | took 0ms | statement | connection 22| url jdbc:h2:mem:6a3784ae-1aa6-4bbf-b617-4d4aeabcc2af
insert into spot (address, description, location, name, score_id, spot_id) values (?, ?, ?, ?, ?, ?)
insert into spot (address, description, location, name, score_id, spot_id) values (NULL, NULL, 'Andeok_myeon', NULL, 300, 366);
2022-10-10 13:48:04.421  INFO 3923 --- [    Test worker] p6spy                                    : #1665377284421 | took 0ms | statement | connection 22| url jdbc:h2:mem:6a3784ae-1aa6-4bbf-b617-4d4aeabcc2af
insert into member_spot (member_id, score, spot_id, member_spot_id) values (?, ?, ?, ?)
insert into member_spot (member_id, score, spot_id, member_spot_id) values (12, 0.0, 366, 1256);
2022-10-10 13:48:04.421  INFO 3923 --- [    Test worker] p6spy                                    : #1665377284421 | took 0ms | statement | connection 22| url jdbc:h2:mem:6a3784ae-1aa6-4bbf-b617-4d4aeabcc2af
insert into review (content, spot_id, review_id) values (?, ?, ?)
insert into review (content, spot_id, review_id) values ('java.io.StringReader@1bf4fdf', 269, 302);
2022-10-10 13:48:04.421  INFO 3923 --- [    Test worker] p6spy                                    : #1665377284421 | took 0ms | statement | connection 22| url jdbc:h2:mem:6a3784ae-1aa6-4bbf-b617-4d4aeabcc2af
insert into score (facility_rank, facility_score, price_rank, price_score, rank_average, surround_rank, surround_score, view_rank, view_score, score_id) values (?, ?, ?, ?, ?, ?, ?, ?, ?, ?)
insert into score (facility_rank, facility_score, price_rank, price_score, rank_average, surround_rank, surround_score, view_rank, view_score, score_id) values (2.440401974720876, 4.000468813575337, 6.310911515149643, 4.658196789583053, 9.384932047038268, 0.7670186989898475, 1.343342964584191, 9.242310131597351, 6.125497315169293, 301);
2022-10-10 13:48:04.421  INFO 3923 --- [    Test worker] p6spy                                    : #1665377284421 | took 0ms | statement | connection 22| url jdbc:h2:mem:6a3784ae-1aa6-4bbf-b617-4d4aeabcc2af
insert into picture (spot_id, url, picture_id) values (?, ?, ?)
insert into picture (spot_id, url, picture_id) values (NULL, 'java.io.StringReader@3e914e4b', 1257);
2022-10-10 13:48:04.421  INFO 3923 --- [    Test worker] p6spy                                    : #1665377284421 | took 0ms | statement | connection 22| url jdbc:h2:mem:6a3784ae-1aa6-4bbf-b617-4d4aeabcc2af
insert into picture (spot_id, url, picture_id) values (?, ?, ?)
insert into picture (spot_id, url, picture_id) values (NULL, 'java.io.StringReader@1e3dba91', 1258);
2022-10-10 13:48:04.421  INFO 3923 --- [    Test worker] p6spy                                    : #1665377284421 | took 0ms | statement | connection 22| url jdbc:h2:mem:6a3784ae-1aa6-4bbf-b617-4d4aeabcc2af
insert into picture (spot_id, url, picture_id) values (?, ?, ?)
insert into picture (spot_id, url, picture_id) values (NULL, 'java.io.StringReader@715f00d0', 1259);
2022-10-10 13:48:04.421  INFO 3923 --- [    Test worker] p6spy                                    : #1665377284421 | took 0ms | statement | connection 22| url jdbc:h2:mem:6a3784ae-1aa6-4bbf-b617-4d4aeabcc2af
insert into spot (address, description, location, name, score_id, spot_id) values (?, ?, ?, ?, ?, ?)
insert into spot (address, description, location, name, score_id, spot_id) values (NULL, NULL, 'Andeok_myeon', NULL, 301, 367);
2022-10-10 13:48:04.421  INFO 3923 --- [    Test worker] p6spy                                    : #1665377284421 | took 0ms | statement | connection 22| url jdbc:h2:mem:6a3784ae-1aa6-4bbf-b617-4d4aeabcc2af
insert into member_spot (member_id, score, spot_id, member_spot_id) values (?, ?, ?, ?)
insert into member_spot (member_id, score, spot_id, member_spot_id) values (12, 0.0, 367, 1260);
2022-10-10 13:48:04.421  INFO 3923 --- [    Test worker] p6spy                                    : #1665377284421 | took 0ms | statement | connection 22| url jdbc:h2:mem:6a3784ae-1aa6-4bbf-b617-4d4aeabcc2af
insert into review (content, spot_id, review_id) values (?, ?, ?)
insert into review (content, spot_id, review_id) values ('java.io.StringReader@6d78fd8d', 269, 303);
2022-10-10 13:48:04.421  INFO 3923 --- [    Test worker] p6spy                                    : #1665377284421 | took 0ms | statement | connection 22| url jdbc:h2:mem:6a3784ae-1aa6-4bbf-b617-4d4aeabcc2af
insert into favorite_spot (count, favorite_id, spot_id, favorite_spot_id) values (?, ?, ?, ?)
insert into favorite_spot (count, favorite_id, spot_id, favorite_spot_id) values (0, 36, 367, 320);
2022-10-10 13:48:04.421  INFO 3923 --- [    Test worker] p6spy                                    : #1665377284421 | took 0ms | statement | connection 22| url jdbc:h2:mem:6a3784ae-1aa6-4bbf-b617-4d4aeabcc2af
insert into score (facility_rank, facility_score, price_rank, price_score, rank_average, surround_rank, surround_score, view_rank, view_score, score_id) values (?, ?, ?, ?, ?, ?, ?, ?, ?, ?)
insert into score (facility_rank, facility_score, price_rank, price_score, rank_average, surround_rank, surround_score, view_rank, view_score, score_id) values (9.164263835373767, 1.7461859695197746, 1.2670220529079834, 8.614001743729165, 9.17312994226084, 1.1601372697798529, 4.177343699613083, 3.1901060211573817, 6.182271148838537, 302);
2022-10-10 13:48:04.421  INFO 3923 --- [    Test worker] p6spy                                    : #1665377284421 | took 0ms | statement | connection 22| url jdbc:h2:mem:6a3784ae-1aa6-4bbf-b617-4d4aeabcc2af
insert into picture (spot_id, url, picture_id) values (?, ?, ?)
insert into picture (spot_id, url, picture_id) values (NULL, 'java.io.StringReader@7d4c8606', 1261);
2022-10-10 13:48:04.421  INFO 3923 --- [    Test worker] p6spy                                    : #1665377284421 | took 0ms | statement | connection 22| url jdbc:h2:mem:6a3784ae-1aa6-4bbf-b617-4d4aeabcc2af
insert into picture (spot_id, url, picture_id) values (?, ?, ?)
insert into picture (spot_id, url, picture_id) values (NULL, 'java.io.StringReader@48c7f0d9', 1262);
2022-10-10 13:48:04.421  INFO 3923 --- [    Test worker] p6spy                                    : #1665377284421 | took 0ms | statement | connection 22| url jdbc:h2:mem:6a3784ae-1aa6-4bbf-b617-4d4aeabcc2af
insert into picture (spot_id, url, picture_id) values (?, ?, ?)
insert into picture (spot_id, url, picture_id) values (NULL, 'java.io.StringReader@12643e97', 1263);
2022-10-10 13:48:04.421  INFO 3923 --- [    Test worker] p6spy                                    : #1665377284421 | took 0ms | statement | connection 22| url jdbc:h2:mem:6a3784ae-1aa6-4bbf-b617-4d4aeabcc2af
insert into spot (address, description, location, name, score_id, spot_id) values (?, ?, ?, ?, ?, ?)
insert into spot (address, description, location, name, score_id, spot_id) values (NULL, NULL, 'Andeok_myeon', NULL, 302, 368);
2022-10-10 13:48:04.421  INFO 3923 --- [    Test worker] p6spy                                    : #1665377284421 | took 0ms | statement | connection 22| url jdbc:h2:mem:6a3784ae-1aa6-4bbf-b617-4d4aeabcc2af
insert into member_spot (member_id, score, spot_id, member_spot_id) values (?, ?, ?, ?)
insert into member_spot (member_id, score, spot_id, member_spot_id) values (12, 0.0, 368, 1264);
2022-10-10 13:48:04.421  INFO 3923 --- [    Test worker] p6spy                                    : #1665377284421 | took 0ms | statement | connection 22| url jdbc:h2:mem:6a3784ae-1aa6-4bbf-b617-4d4aeabcc2af
insert into review (content, spot_id, review_id) values (?, ?, ?)
insert into review (content, spot_id, review_id) values ('java.io.StringReader@4ef5f92d', 269, 304);
2022-10-10 13:48:04.422  INFO 3923 --- [    Test worker] p6spy                                    : #1665377284422 | took 0ms | statement | connection 22| url jdbc:h2:mem:6a3784ae-1aa6-4bbf-b617-4d4aeabcc2af
update picture set spot_id=?, url=? where picture_id=?
update picture set spot_id=269, url='java.io.StringReader@4a6ce558' where picture_id=865;
2022-10-10 13:48:04.422  INFO 3923 --- [    Test worker] p6spy                                    : #1665377284422 | took 0ms | statement | connection 22| url jdbc:h2:mem:6a3784ae-1aa6-4bbf-b617-4d4aeabcc2af
update picture set spot_id=?, url=? where picture_id=?
update picture set spot_id=269, url='java.io.StringReader@1683d77d' where picture_id=866;
2022-10-10 13:48:04.422  INFO 3923 --- [    Test worker] p6spy                                    : #1665377284422 | took 0ms | statement | connection 22| url jdbc:h2:mem:6a3784ae-1aa6-4bbf-b617-4d4aeabcc2af
update picture set spot_id=?, url=? where picture_id=?
update picture set spot_id=269, url='java.io.StringReader@54b64ebf' where picture_id=867;
2022-10-10 13:48:04.422  INFO 3923 --- [    Test worker] p6spy                                    : #1665377284422 | took 0ms | statement | connection 22| url jdbc:h2:mem:6a3784ae-1aa6-4bbf-b617-4d4aeabcc2af
update picture set spot_id=?, url=? where picture_id=?
update picture set spot_id=270, url='java.io.StringReader@2348e36' where picture_id=869;
2022-10-10 13:48:04.422  INFO 3923 --- [    Test worker] p6spy                                    : #1665377284422 | took 0ms | statement | connection 22| url jdbc:h2:mem:6a3784ae-1aa6-4bbf-b617-4d4aeabcc2af
update picture set spot_id=?, url=? where picture_id=?
update picture set spot_id=270, url='java.io.StringReader@5cc5c549' where picture_id=870;
2022-10-10 13:48:04.422  INFO 3923 --- [    Test worker] p6spy                                    : #1665377284422 | took 0ms | statement | connection 22| url jdbc:h2:mem:6a3784ae-1aa6-4bbf-b617-4d4aeabcc2af
update picture set spot_id=?, url=? where picture_id=?
update picture set spot_id=270, url='java.io.StringReader@7ab8af34' where picture_id=871;
2022-10-10 13:48:04.422  INFO 3923 --- [    Test worker] p6spy                                    : #1665377284422 | took 0ms | statement | connection 22| url jdbc:h2:mem:6a3784ae-1aa6-4bbf-b617-4d4aeabcc2af
update picture set spot_id=?, url=? where picture_id=?
update picture set spot_id=271, url='java.io.StringReader@1002e64a' where picture_id=873;
2022-10-10 13:48:04.422  INFO 3923 --- [    Test worker] p6spy                                    : #1665377284422 | took 0ms | statement | connection 22| url jdbc:h2:mem:6a3784ae-1aa6-4bbf-b617-4d4aeabcc2af
update picture set spot_id=?, url=? where picture_id=?
update picture set spot_id=271, url='java.io.StringReader@208718b3' where picture_id=874;
2022-10-10 13:48:04.422  INFO 3923 --- [    Test worker] p6spy                                    : #1665377284422 | took 0ms | statement | connection 22| url jdbc:h2:mem:6a3784ae-1aa6-4bbf-b617-4d4aeabcc2af
update picture set spot_id=?, url=? where picture_id=?
update picture set spot_id=271, url='java.io.StringReader@299e2070' where picture_id=875;
2022-10-10 13:48:04.422  INFO 3923 --- [    Test worker] p6spy                                    : #1665377284422 | took 0ms | statement | connection 22| url jdbc:h2:mem:6a3784ae-1aa6-4bbf-b617-4d4aeabcc2af
update picture set spot_id=?, url=? where picture_id=?
update picture set spot_id=272, url='java.io.StringReader@3500af30' where picture_id=877;
2022-10-10 13:48:04.422  INFO 3923 --- [    Test worker] p6spy                                    : #1665377284422 | took 0ms | statement | connection 22| url jdbc:h2:mem:6a3784ae-1aa6-4bbf-b617-4d4aeabcc2af
update picture set spot_id=?, url=? where picture_id=?
update picture set spot_id=272, url='java.io.StringReader@382e9e2a' where picture_id=878;
2022-10-10 13:48:04.422  INFO 3923 --- [    Test worker] p6spy                                    : #1665377284422 | took 0ms | statement | connection 22| url jdbc:h2:mem:6a3784ae-1aa6-4bbf-b617-4d4aeabcc2af
update picture set spot_id=?, url=? where picture_id=?
update picture set spot_id=272, url='java.io.StringReader@6e3516c7' where picture_id=879;
2022-10-10 13:48:04.423  INFO 3923 --- [    Test worker] p6spy                                    : #1665377284422 | took 0ms | statement | connection 22| url jdbc:h2:mem:6a3784ae-1aa6-4bbf-b617-4d4aeabcc2af
update picture set spot_id=?, url=? where picture_id=?
update picture set spot_id=273, url='java.io.StringReader@6e6b415' where picture_id=881;
2022-10-10 13:48:04.423  INFO 3923 --- [    Test worker] p6spy                                    : #1665377284423 | took 0ms | statement | connection 22| url jdbc:h2:mem:6a3784ae-1aa6-4bbf-b617-4d4aeabcc2af
update picture set spot_id=?, url=? where picture_id=?
update picture set spot_id=273, url='java.io.StringReader@48c2429c' where picture_id=882;
2022-10-10 13:48:04.423  INFO 3923 --- [    Test worker] p6spy                                    : #1665377284423 | took 0ms | statement | connection 22| url jdbc:h2:mem:6a3784ae-1aa6-4bbf-b617-4d4aeabcc2af
update picture set spot_id=?, url=? where picture_id=?
update picture set spot_id=273, url='java.io.StringReader@1d233a80' where picture_id=883;
2022-10-10 13:48:04.423  INFO 3923 --- [    Test worker] p6spy                                    : #1665377284423 | took 0ms | statement | connection 22| url jdbc:h2:mem:6a3784ae-1aa6-4bbf-b617-4d4aeabcc2af
update picture set spot_id=?, url=? where picture_id=?
update picture set spot_id=274, url='java.io.StringReader@76c6ded8' where picture_id=885;
2022-10-10 13:48:04.423  INFO 3923 --- [    Test worker] p6spy                                    : #1665377284423 | took 0ms | statement | connection 22| url jdbc:h2:mem:6a3784ae-1aa6-4bbf-b617-4d4aeabcc2af
update picture set spot_id=?, url=? where picture_id=?
update picture set spot_id=274, url='java.io.StringReader@42449a0b' where picture_id=886;
2022-10-10 13:48:04.423  INFO 3923 --- [    Test worker] p6spy                                    : #1665377284423 | took 0ms | statement | connection 22| url jdbc:h2:mem:6a3784ae-1aa6-4bbf-b617-4d4aeabcc2af
update picture set spot_id=?, url=? where picture_id=?
update picture set spot_id=274, url='java.io.StringReader@3930437d' where picture_id=887;
2022-10-10 13:48:04.423  INFO 3923 --- [    Test worker] p6spy                                    : #1665377284423 | took 0ms | statement | connection 22| url jdbc:h2:mem:6a3784ae-1aa6-4bbf-b617-4d4aeabcc2af
update picture set spot_id=?, url=? where picture_id=?
update picture set spot_id=275, url='java.io.StringReader@35efb878' where picture_id=889;
2022-10-10 13:48:04.423  INFO 3923 --- [    Test worker] p6spy                                    : #1665377284423 | took 0ms | statement | connection 22| url jdbc:h2:mem:6a3784ae-1aa6-4bbf-b617-4d4aeabcc2af
update picture set spot_id=?, url=? where picture_id=?
update picture set spot_id=275, url='java.io.StringReader@60c9f8ef' where picture_id=890;
2022-10-10 13:48:04.423  INFO 3923 --- [    Test worker] p6spy                                    : #1665377284423 | took 0ms | statement | connection 22| url jdbc:h2:mem:6a3784ae-1aa6-4bbf-b617-4d4aeabcc2af
update picture set spot_id=?, url=? where picture_id=?
update picture set spot_id=275, url='java.io.StringReader@2d301b0e' where picture_id=891;
2022-10-10 13:48:04.423  INFO 3923 --- [    Test worker] p6spy                                    : #1665377284423 | took 0ms | statement | connection 22| url jdbc:h2:mem:6a3784ae-1aa6-4bbf-b617-4d4aeabcc2af
update picture set spot_id=?, url=? where picture_id=?
update picture set spot_id=276, url='java.io.StringReader@151d0bf8' where picture_id=893;
2022-10-10 13:48:04.423  INFO 3923 --- [    Test worker] p6spy                                    : #1665377284423 | took 0ms | statement | connection 22| url jdbc:h2:mem:6a3784ae-1aa6-4bbf-b617-4d4aeabcc2af
update picture set spot_id=?, url=? where picture_id=?
update picture set spot_id=276, url='java.io.StringReader@4359b2f3' where picture_id=894;
2022-10-10 13:48:04.423  INFO 3923 --- [    Test worker] p6spy                                    : #1665377284423 | took 0ms | statement | connection 22| url jdbc:h2:mem:6a3784ae-1aa6-4bbf-b617-4d4aeabcc2af
update picture set spot_id=?, url=? where picture_id=?
update picture set spot_id=276, url='java.io.StringReader@7182ecb6' where picture_id=895;
2022-10-10 13:48:04.423  INFO 3923 --- [    Test worker] p6spy                                    : #1665377284423 | took 0ms | statement | connection 22| url jdbc:h2:mem:6a3784ae-1aa6-4bbf-b617-4d4aeabcc2af
update picture set spot_id=?, url=? where picture_id=?
update picture set spot_id=277, url='java.io.StringReader@15f6d246' where picture_id=897;
2022-10-10 13:48:04.423  INFO 3923 --- [    Test worker] p6spy                                    : #1665377284423 | took 0ms | statement | connection 22| url jdbc:h2:mem:6a3784ae-1aa6-4bbf-b617-4d4aeabcc2af
update picture set spot_id=?, url=? where picture_id=?
update picture set spot_id=277, url='java.io.StringReader@296a0e92' where picture_id=898;
2022-10-10 13:48:04.423  INFO 3923 --- [    Test worker] p6spy                                    : #1665377284423 | took 0ms | statement | connection 22| url jdbc:h2:mem:6a3784ae-1aa6-4bbf-b617-4d4aeabcc2af
update picture set spot_id=?, url=? where picture_id=?
update picture set spot_id=277, url='java.io.StringReader@44ca0df9' where picture_id=899;
2022-10-10 13:48:04.423  INFO 3923 --- [    Test worker] p6spy                                    : #1665377284423 | took 0ms | statement | connection 22| url jdbc:h2:mem:6a3784ae-1aa6-4bbf-b617-4d4aeabcc2af
update picture set spot_id=?, url=? where picture_id=?
update picture set spot_id=278, url='java.io.StringReader@3ab3a232' where picture_id=901;
2022-10-10 13:48:04.423  INFO 3923 --- [    Test worker] p6spy                                    : #1665377284423 | took 0ms | statement | connection 22| url jdbc:h2:mem:6a3784ae-1aa6-4bbf-b617-4d4aeabcc2af
update picture set spot_id=?, url=? where picture_id=?
update picture set spot_id=278, url='java.io.StringReader@64918740' where picture_id=902;
2022-10-10 13:48:04.423  INFO 3923 --- [    Test worker] p6spy                                    : #1665377284423 | took 0ms | statement | connection 22| url jdbc:h2:mem:6a3784ae-1aa6-4bbf-b617-4d4aeabcc2af
update picture set spot_id=?, url=? where picture_id=?
update picture set spot_id=278, url='java.io.StringReader@1f80c4dc' where picture_id=903;
2022-10-10 13:48:04.423  INFO 3923 --- [    Test worker] p6spy                                    : #1665377284423 | took 0ms | statement | connection 22| url jdbc:h2:mem:6a3784ae-1aa6-4bbf-b617-4d4aeabcc2af
update picture set spot_id=?, url=? where picture_id=?
update picture set spot_id=279, url='java.io.StringReader@2b080464' where picture_id=905;
2022-10-10 13:48:04.423  INFO 3923 --- [    Test worker] p6spy                                    : #1665377284423 | took 0ms | statement | connection 22| url jdbc:h2:mem:6a3784ae-1aa6-4bbf-b617-4d4aeabcc2af
update picture set spot_id=?, url=? where picture_id=?
update picture set spot_id=279, url='java.io.StringReader@39d0670c' where picture_id=906;
2022-10-10 13:48:04.423  INFO 3923 --- [    Test worker] p6spy                                    : #1665377284423 | took 0ms | statement | connection 22| url jdbc:h2:mem:6a3784ae-1aa6-4bbf-b617-4d4aeabcc2af
update picture set spot_id=?, url=? where picture_id=?
update picture set spot_id=279, url='java.io.StringReader@162726e8' where picture_id=907;
2022-10-10 13:48:04.423  INFO 3923 --- [    Test worker] p6spy                                    : #1665377284423 | took 0ms | statement | connection 22| url jdbc:h2:mem:6a3784ae-1aa6-4bbf-b617-4d4aeabcc2af
update picture set spot_id=?, url=? where picture_id=?
update picture set spot_id=280, url='java.io.StringReader@7e32a4e4' where picture_id=909;
2022-10-10 13:48:04.423  INFO 3923 --- [    Test worker] p6spy                                    : #1665377284423 | took 0ms | statement | connection 22| url jdbc:h2:mem:6a3784ae-1aa6-4bbf-b617-4d4aeabcc2af
update picture set spot_id=?, url=? where picture_id=?
update picture set spot_id=280, url='java.io.StringReader@366731ae' where picture_id=910;
2022-10-10 13:48:04.423  INFO 3923 --- [    Test worker] p6spy                                    : #1665377284423 | took 0ms | statement | connection 22| url jdbc:h2:mem:6a3784ae-1aa6-4bbf-b617-4d4aeabcc2af
update picture set spot_id=?, url=? where picture_id=?
update picture set spot_id=280, url='java.io.StringReader@3b7fdef9' where picture_id=911;
2022-10-10 13:48:04.424  INFO 3923 --- [    Test worker] p6spy                                    : #1665377284424 | took 0ms | statement | connection 22| url jdbc:h2:mem:6a3784ae-1aa6-4bbf-b617-4d4aeabcc2af
update picture set spot_id=?, url=? where picture_id=?
update picture set spot_id=281, url='java.io.StringReader@1bb6b61c' where picture_id=913;
2022-10-10 13:48:04.424  INFO 3923 --- [    Test worker] p6spy                                    : #1665377284424 | took 0ms | statement | connection 22| url jdbc:h2:mem:6a3784ae-1aa6-4bbf-b617-4d4aeabcc2af
update picture set spot_id=?, url=? where picture_id=?
update picture set spot_id=281, url='java.io.StringReader@23e585e4' where picture_id=914;
2022-10-10 13:48:04.424  INFO 3923 --- [    Test worker] p6spy                                    : #1665377284424 | took 0ms | statement | connection 22| url jdbc:h2:mem:6a3784ae-1aa6-4bbf-b617-4d4aeabcc2af
update picture set spot_id=?, url=? where picture_id=?
update picture set spot_id=281, url='java.io.StringReader@24ab288c' where picture_id=915;
2022-10-10 13:48:04.424  INFO 3923 --- [    Test worker] p6spy                                    : #1665377284424 | took 0ms | statement | connection 22| url jdbc:h2:mem:6a3784ae-1aa6-4bbf-b617-4d4aeabcc2af
update picture set spot_id=?, url=? where picture_id=?
update picture set spot_id=282, url='java.io.StringReader@63e1dd68' where picture_id=917;
2022-10-10 13:48:04.424  INFO 3923 --- [    Test worker] p6spy                                    : #1665377284424 | took 0ms | statement | connection 22| url jdbc:h2:mem:6a3784ae-1aa6-4bbf-b617-4d4aeabcc2af
update picture set spot_id=?, url=? where picture_id=?
update picture set spot_id=282, url='java.io.StringReader@7537f673' where picture_id=918;
2022-10-10 13:48:04.424  INFO 3923 --- [    Test worker] p6spy                                    : #1665377284424 | took 0ms | statement | connection 22| url jdbc:h2:mem:6a3784ae-1aa6-4bbf-b617-4d4aeabcc2af
update picture set spot_id=?, url=? where picture_id=?
update picture set spot_id=282, url='java.io.StringReader@31460a5' where picture_id=919;
2022-10-10 13:48:04.424  INFO 3923 --- [    Test worker] p6spy                                    : #1665377284424 | took 0ms | statement | connection 22| url jdbc:h2:mem:6a3784ae-1aa6-4bbf-b617-4d4aeabcc2af
update picture set spot_id=?, url=? where picture_id=?
update picture set spot_id=283, url='java.io.StringReader@ca698e0' where picture_id=921;
2022-10-10 13:48:04.424  INFO 3923 --- [    Test worker] p6spy                                    : #1665377284424 | took 0ms | statement | connection 22| url jdbc:h2:mem:6a3784ae-1aa6-4bbf-b617-4d4aeabcc2af
update picture set spot_id=?, url=? where picture_id=?
update picture set spot_id=283, url='java.io.StringReader@2b5eeae4' where picture_id=922;
2022-10-10 13:48:04.424  INFO 3923 --- [    Test worker] p6spy                                    : #1665377284424 | took 0ms | statement | connection 22| url jdbc:h2:mem:6a3784ae-1aa6-4bbf-b617-4d4aeabcc2af
update picture set spot_id=?, url=? where picture_id=?
update picture set spot_id=283, url='java.io.StringReader@c13ee03' where picture_id=923;
2022-10-10 13:48:04.424  INFO 3923 --- [    Test worker] p6spy                                    : #1665377284424 | took 0ms | statement | connection 22| url jdbc:h2:mem:6a3784ae-1aa6-4bbf-b617-4d4aeabcc2af
update picture set spot_id=?, url=? where picture_id=?
update picture set spot_id=284, url='java.io.StringReader@5ddae4c5' where picture_id=925;
2022-10-10 13:48:04.424  INFO 3923 --- [    Test worker] p6spy                                    : #1665377284424 | took 0ms | statement | connection 22| url jdbc:h2:mem:6a3784ae-1aa6-4bbf-b617-4d4aeabcc2af
update picture set spot_id=?, url=? where picture_id=?
update picture set spot_id=284, url='java.io.StringReader@365e2ef6' where picture_id=926;
2022-10-10 13:48:04.424  INFO 3923 --- [    Test worker] p6spy                                    : #1665377284424 | took 0ms | statement | connection 22| url jdbc:h2:mem:6a3784ae-1aa6-4bbf-b617-4d4aeabcc2af
update picture set spot_id=?, url=? where picture_id=?
update picture set spot_id=284, url='java.io.StringReader@2e292fbe' where picture_id=927;
2022-10-10 13:48:04.424  INFO 3923 --- [    Test worker] p6spy                                    : #1665377284424 | took 0ms | statement | connection 22| url jdbc:h2:mem:6a3784ae-1aa6-4bbf-b617-4d4aeabcc2af
update picture set spot_id=?, url=? where picture_id=?
update picture set spot_id=285, url='java.io.StringReader@66136edf' where picture_id=929;
2022-10-10 13:48:04.424  INFO 3923 --- [    Test worker] p6spy                                    : #1665377284424 | took 0ms | statement | connection 22| url jdbc:h2:mem:6a3784ae-1aa6-4bbf-b617-4d4aeabcc2af
update picture set spot_id=?, url=? where picture_id=?
update picture set spot_id=285, url='java.io.StringReader@aeb6d4d' where picture_id=930;
2022-10-10 13:48:04.424  INFO 3923 --- [    Test worker] p6spy                                    : #1665377284424 | took 0ms | statement | connection 22| url jdbc:h2:mem:6a3784ae-1aa6-4bbf-b617-4d4aeabcc2af
update picture set spot_id=?, url=? where picture_id=?
update picture set spot_id=285, url='java.io.StringReader@44707383' where picture_id=931;
2022-10-10 13:48:04.424  INFO 3923 --- [    Test worker] p6spy                                    : #1665377284424 | took 0ms | statement | connection 22| url jdbc:h2:mem:6a3784ae-1aa6-4bbf-b617-4d4aeabcc2af
update picture set spot_id=?, url=? where picture_id=?
update picture set spot_id=286, url='java.io.StringReader@2e142db2' where picture_id=933;
2022-10-10 13:48:04.424  INFO 3923 --- [    Test worker] p6spy                                    : #1665377284424 | took 0ms | statement | connection 22| url jdbc:h2:mem:6a3784ae-1aa6-4bbf-b617-4d4aeabcc2af
update picture set spot_id=?, url=? where picture_id=?
update picture set spot_id=286, url='java.io.StringReader@518b3e15' where picture_id=934;
2022-10-10 13:48:04.424  INFO 3923 --- [    Test worker] p6spy                                    : #1665377284424 | took 0ms | statement | connection 22| url jdbc:h2:mem:6a3784ae-1aa6-4bbf-b617-4d4aeabcc2af
update picture set spot_id=?, url=? where picture_id=?
update picture set spot_id=286, url='java.io.StringReader@75be998c' where picture_id=935;
2022-10-10 13:48:04.424  INFO 3923 --- [    Test worker] p6spy                                    : #1665377284424 | took 0ms | statement | connection 22| url jdbc:h2:mem:6a3784ae-1aa6-4bbf-b617-4d4aeabcc2af
update picture set spot_id=?, url=? where picture_id=?
update picture set spot_id=287, url='java.io.StringReader@1208fe55' where picture_id=937;
2022-10-10 13:48:04.424  INFO 3923 --- [    Test worker] p6spy                                    : #1665377284424 | took 0ms | statement | connection 22| url jdbc:h2:mem:6a3784ae-1aa6-4bbf-b617-4d4aeabcc2af
update picture set spot_id=?, url=? where picture_id=?
update picture set spot_id=287, url='java.io.StringReader@14680d29' where picture_id=938;
2022-10-10 13:48:04.424  INFO 3923 --- [    Test worker] p6spy                                    : #1665377284424 | took 0ms | statement | connection 22| url jdbc:h2:mem:6a3784ae-1aa6-4bbf-b617-4d4aeabcc2af
update picture set spot_id=?, url=? where picture_id=?
update picture set spot_id=287, url='java.io.StringReader@731a83bd' where picture_id=939;
2022-10-10 13:48:04.424  INFO 3923 --- [    Test worker] p6spy                                    : #1665377284424 | took 0ms | statement | connection 22| url jdbc:h2:mem:6a3784ae-1aa6-4bbf-b617-4d4aeabcc2af
update picture set spot_id=?, url=? where picture_id=?
update picture set spot_id=288, url='java.io.StringReader@3b66175' where picture_id=941;
2022-10-10 13:48:04.425  INFO 3923 --- [    Test worker] p6spy                                    : #1665377284425 | took 0ms | statement | connection 22| url jdbc:h2:mem:6a3784ae-1aa6-4bbf-b617-4d4aeabcc2af
update picture set spot_id=?, url=? where picture_id=?
update picture set spot_id=288, url='java.io.StringReader@138b0555' where picture_id=942;
2022-10-10 13:48:04.425  INFO 3923 --- [    Test worker] p6spy                                    : #1665377284425 | took 0ms | statement | connection 22| url jdbc:h2:mem:6a3784ae-1aa6-4bbf-b617-4d4aeabcc2af
update picture set spot_id=?, url=? where picture_id=?
update picture set spot_id=288, url='java.io.StringReader@765d3e41' where picture_id=943;
2022-10-10 13:48:04.425  INFO 3923 --- [    Test worker] p6spy                                    : #1665377284425 | took 0ms | statement | connection 22| url jdbc:h2:mem:6a3784ae-1aa6-4bbf-b617-4d4aeabcc2af
update picture set spot_id=?, url=? where picture_id=?
update picture set spot_id=289, url='java.io.StringReader@595b220a' where picture_id=945;
2022-10-10 13:48:04.425  INFO 3923 --- [    Test worker] p6spy                                    : #1665377284425 | took 0ms | statement | connection 22| url jdbc:h2:mem:6a3784ae-1aa6-4bbf-b617-4d4aeabcc2af
update picture set spot_id=?, url=? where picture_id=?
update picture set spot_id=289, url='java.io.StringReader@50d8c98c' where picture_id=946;
2022-10-10 13:48:04.425  INFO 3923 --- [    Test worker] p6spy                                    : #1665377284425 | took 0ms | statement | connection 22| url jdbc:h2:mem:6a3784ae-1aa6-4bbf-b617-4d4aeabcc2af
update picture set spot_id=?, url=? where picture_id=?
update picture set spot_id=289, url='java.io.StringReader@7a9bc6c1' where picture_id=947;
2022-10-10 13:48:04.425  INFO 3923 --- [    Test worker] p6spy                                    : #1665377284425 | took 0ms | statement | connection 22| url jdbc:h2:mem:6a3784ae-1aa6-4bbf-b617-4d4aeabcc2af
update picture set spot_id=?, url=? where picture_id=?
update picture set spot_id=290, url='java.io.StringReader@3bf6dc0e' where picture_id=949;
2022-10-10 13:48:04.425  INFO 3923 --- [    Test worker] p6spy                                    : #1665377284425 | took 0ms | statement | connection 22| url jdbc:h2:mem:6a3784ae-1aa6-4bbf-b617-4d4aeabcc2af
update picture set spot_id=?, url=? where picture_id=?
update picture set spot_id=290, url='java.io.StringReader@64ff7aaf' where picture_id=950;
2022-10-10 13:48:04.425  INFO 3923 --- [    Test worker] p6spy                                    : #1665377284425 | took 0ms | statement | connection 22| url jdbc:h2:mem:6a3784ae-1aa6-4bbf-b617-4d4aeabcc2af
update picture set spot_id=?, url=? where picture_id=?
update picture set spot_id=290, url='java.io.StringReader@10eaa515' where picture_id=951;
2022-10-10 13:48:04.425  INFO 3923 --- [    Test worker] p6spy                                    : #1665377284425 | took 0ms | statement | connection 22| url jdbc:h2:mem:6a3784ae-1aa6-4bbf-b617-4d4aeabcc2af
update picture set spot_id=?, url=? where picture_id=?
update picture set spot_id=291, url='java.io.StringReader@40aae11a' where picture_id=953;
2022-10-10 13:48:04.425  INFO 3923 --- [    Test worker] p6spy                                    : #1665377284425 | took 0ms | statement | connection 22| url jdbc:h2:mem:6a3784ae-1aa6-4bbf-b617-4d4aeabcc2af
update picture set spot_id=?, url=? where picture_id=?
update picture set spot_id=291, url='java.io.StringReader@66e4989a' where picture_id=954;
2022-10-10 13:48:04.425  INFO 3923 --- [    Test worker] p6spy                                    : #1665377284425 | took 0ms | statement | connection 22| url jdbc:h2:mem:6a3784ae-1aa6-4bbf-b617-4d4aeabcc2af
update picture set spot_id=?, url=? where picture_id=?
update picture set spot_id=291, url='java.io.StringReader@4de4c093' where picture_id=955;
2022-10-10 13:48:04.425  INFO 3923 --- [    Test worker] p6spy                                    : #1665377284425 | took 0ms | statement | connection 22| url jdbc:h2:mem:6a3784ae-1aa6-4bbf-b617-4d4aeabcc2af
update picture set spot_id=?, url=? where picture_id=?
update picture set spot_id=292, url='java.io.StringReader@193b7b95' where picture_id=957;
2022-10-10 13:48:04.425  INFO 3923 --- [    Test worker] p6spy                                    : #1665377284425 | took 0ms | statement | connection 22| url jdbc:h2:mem:6a3784ae-1aa6-4bbf-b617-4d4aeabcc2af
update picture set spot_id=?, url=? where picture_id=?
update picture set spot_id=292, url='java.io.StringReader@4bbf86' where picture_id=958;
2022-10-10 13:48:04.425  INFO 3923 --- [    Test worker] p6spy                                    : #1665377284425 | took 0ms | statement | connection 22| url jdbc:h2:mem:6a3784ae-1aa6-4bbf-b617-4d4aeabcc2af
update picture set spot_id=?, url=? where picture_id=?
update picture set spot_id=292, url='java.io.StringReader@1af83b4b' where picture_id=959;
2022-10-10 13:48:04.425  INFO 3923 --- [    Test worker] p6spy                                    : #1665377284425 | took 0ms | statement | connection 22| url jdbc:h2:mem:6a3784ae-1aa6-4bbf-b617-4d4aeabcc2af
update picture set spot_id=?, url=? where picture_id=?
update picture set spot_id=293, url='java.io.StringReader@32945931' where picture_id=961;
2022-10-10 13:48:04.425  INFO 3923 --- [    Test worker] p6spy                                    : #1665377284425 | took 0ms | statement | connection 22| url jdbc:h2:mem:6a3784ae-1aa6-4bbf-b617-4d4aeabcc2af
update picture set spot_id=?, url=? where picture_id=?
update picture set spot_id=293, url='java.io.StringReader@129d65a0' where picture_id=962;
2022-10-10 13:48:04.425  INFO 3923 --- [    Test worker] p6spy                                    : #1665377284425 | took 0ms | statement | connection 22| url jdbc:h2:mem:6a3784ae-1aa6-4bbf-b617-4d4aeabcc2af
update picture set spot_id=?, url=? where picture_id=?
update picture set spot_id=293, url='java.io.StringReader@195c7f61' where picture_id=963;
2022-10-10 13:48:04.425  INFO 3923 --- [    Test worker] p6spy                                    : #1665377284425 | took 0ms | statement | connection 22| url jdbc:h2:mem:6a3784ae-1aa6-4bbf-b617-4d4aeabcc2af
update picture set spot_id=?, url=? where picture_id=?
update picture set spot_id=294, url='java.io.StringReader@5f214d32' where picture_id=965;
2022-10-10 13:48:04.425  INFO 3923 --- [    Test worker] p6spy                                    : #1665377284425 | took 0ms | statement | connection 22| url jdbc:h2:mem:6a3784ae-1aa6-4bbf-b617-4d4aeabcc2af
update picture set spot_id=?, url=? where picture_id=?
update picture set spot_id=294, url='java.io.StringReader@55c493b2' where picture_id=966;
2022-10-10 13:48:04.425  INFO 3923 --- [    Test worker] p6spy                                    : #1665377284425 | took 0ms | statement | connection 22| url jdbc:h2:mem:6a3784ae-1aa6-4bbf-b617-4d4aeabcc2af
update picture set spot_id=?, url=? where picture_id=?
update picture set spot_id=294, url='java.io.StringReader@54f217ef' where picture_id=967;
2022-10-10 13:48:04.425  INFO 3923 --- [    Test worker] p6spy                                    : #1665377284425 | took 0ms | statement | connection 22| url jdbc:h2:mem:6a3784ae-1aa6-4bbf-b617-4d4aeabcc2af
update picture set spot_id=?, url=? where picture_id=?
update picture set spot_id=295, url='java.io.StringReader@2c93f0ec' where picture_id=969;
2022-10-10 13:48:04.425  INFO 3923 --- [    Test worker] p6spy                                    : #1665377284425 | took 0ms | statement | connection 22| url jdbc:h2:mem:6a3784ae-1aa6-4bbf-b617-4d4aeabcc2af
update picture set spot_id=?, url=? where picture_id=?
update picture set spot_id=295, url='java.io.StringReader@5d050d00' where picture_id=970;
2022-10-10 13:48:04.425  INFO 3923 --- [    Test worker] p6spy                                    : #1665377284425 | took 0ms | statement | connection 22| url jdbc:h2:mem:6a3784ae-1aa6-4bbf-b617-4d4aeabcc2af
update picture set spot_id=?, url=? where picture_id=?
update picture set spot_id=295, url='java.io.StringReader@69cf9dd' where picture_id=971;
2022-10-10 13:48:04.426  INFO 3923 --- [    Test worker] p6spy                                    : #1665377284426 | took 0ms | statement | connection 22| url jdbc:h2:mem:6a3784ae-1aa6-4bbf-b617-4d4aeabcc2af
update picture set spot_id=?, url=? where picture_id=?
update picture set spot_id=296, url='java.io.StringReader@1f502e65' where picture_id=973;
2022-10-10 13:48:04.426  INFO 3923 --- [    Test worker] p6spy                                    : #1665377284426 | took 0ms | statement | connection 22| url jdbc:h2:mem:6a3784ae-1aa6-4bbf-b617-4d4aeabcc2af
update picture set spot_id=?, url=? where picture_id=?
update picture set spot_id=296, url='java.io.StringReader@55cc01ef' where picture_id=974;
2022-10-10 13:48:04.426  INFO 3923 --- [    Test worker] p6spy                                    : #1665377284426 | took 0ms | statement | connection 22| url jdbc:h2:mem:6a3784ae-1aa6-4bbf-b617-4d4aeabcc2af
update picture set spot_id=?, url=? where picture_id=?
update picture set spot_id=296, url='java.io.StringReader@76dc4e' where picture_id=975;
2022-10-10 13:48:04.426  INFO 3923 --- [    Test worker] p6spy                                    : #1665377284426 | took 0ms | statement | connection 22| url jdbc:h2:mem:6a3784ae-1aa6-4bbf-b617-4d4aeabcc2af
update picture set spot_id=?, url=? where picture_id=?
update picture set spot_id=297, url='java.io.StringReader@31899998' where picture_id=977;
2022-10-10 13:48:04.426  INFO 3923 --- [    Test worker] p6spy                                    : #1665377284426 | took 0ms | statement | connection 22| url jdbc:h2:mem:6a3784ae-1aa6-4bbf-b617-4d4aeabcc2af
update picture set spot_id=?, url=? where picture_id=?
update picture set spot_id=297, url='java.io.StringReader@33065b9c' where picture_id=978;
2022-10-10 13:48:04.426  INFO 3923 --- [    Test worker] p6spy                                    : #1665377284426 | took 0ms | statement | connection 22| url jdbc:h2:mem:6a3784ae-1aa6-4bbf-b617-4d4aeabcc2af
update picture set spot_id=?, url=? where picture_id=?
update picture set spot_id=297, url='java.io.StringReader@5418a0f6' where picture_id=979;
2022-10-10 13:48:04.426  INFO 3923 --- [    Test worker] p6spy                                    : #1665377284426 | took 0ms | statement | connection 22| url jdbc:h2:mem:6a3784ae-1aa6-4bbf-b617-4d4aeabcc2af
update picture set spot_id=?, url=? where picture_id=?
update picture set spot_id=298, url='java.io.StringReader@36f41e30' where picture_id=981;
2022-10-10 13:48:04.426  INFO 3923 --- [    Test worker] p6spy                                    : #1665377284426 | took 0ms | statement | connection 22| url jdbc:h2:mem:6a3784ae-1aa6-4bbf-b617-4d4aeabcc2af
update picture set spot_id=?, url=? where picture_id=?
update picture set spot_id=298, url='java.io.StringReader@68e9c1d8' where picture_id=982;
2022-10-10 13:48:04.426  INFO 3923 --- [    Test worker] p6spy                                    : #1665377284426 | took 0ms | statement | connection 22| url jdbc:h2:mem:6a3784ae-1aa6-4bbf-b617-4d4aeabcc2af
update picture set spot_id=?, url=? where picture_id=?
update picture set spot_id=298, url='java.io.StringReader@53319879' where picture_id=983;
2022-10-10 13:48:04.426  INFO 3923 --- [    Test worker] p6spy                                    : #1665377284426 | took 0ms | statement | connection 22| url jdbc:h2:mem:6a3784ae-1aa6-4bbf-b617-4d4aeabcc2af
update picture set spot_id=?, url=? where picture_id=?
update picture set spot_id=299, url='java.io.StringReader@2acd61ee' where picture_id=985;
2022-10-10 13:48:04.426  INFO 3923 --- [    Test worker] p6spy                                    : #1665377284426 | took 0ms | statement | connection 22| url jdbc:h2:mem:6a3784ae-1aa6-4bbf-b617-4d4aeabcc2af
update picture set spot_id=?, url=? where picture_id=?
update picture set spot_id=299, url='java.io.StringReader@25539a73' where picture_id=986;
2022-10-10 13:48:04.426  INFO 3923 --- [    Test worker] p6spy                                    : #1665377284426 | took 0ms | statement | connection 22| url jdbc:h2:mem:6a3784ae-1aa6-4bbf-b617-4d4aeabcc2af
update picture set spot_id=?, url=? where picture_id=?
update picture set spot_id=299, url='java.io.StringReader@69925e55' where picture_id=987;
2022-10-10 13:48:04.427  INFO 3923 --- [    Test worker] p6spy                                    : #1665377284427 | took 0ms | statement | connection 22| url jdbc:h2:mem:6a3784ae-1aa6-4bbf-b617-4d4aeabcc2af
update picture set spot_id=?, url=? where picture_id=?
update picture set spot_id=300, url='java.io.StringReader@63be584e' where picture_id=989;
2022-10-10 13:48:04.427  INFO 3923 --- [    Test worker] p6spy                                    : #1665377284427 | took 0ms | statement | connection 22| url jdbc:h2:mem:6a3784ae-1aa6-4bbf-b617-4d4aeabcc2af
update picture set spot_id=?, url=? where picture_id=?
update picture set spot_id=300, url='java.io.StringReader@44e666df' where picture_id=990;
2022-10-10 13:48:04.427  INFO 3923 --- [    Test worker] p6spy                                    : #1665377284427 | took 0ms | statement | connection 22| url jdbc:h2:mem:6a3784ae-1aa6-4bbf-b617-4d4aeabcc2af
update picture set spot_id=?, url=? where picture_id=?
update picture set spot_id=300, url='java.io.StringReader@1a02a31' where picture_id=991;
2022-10-10 13:48:04.427  INFO 3923 --- [    Test worker] p6spy                                    : #1665377284427 | took 0ms | statement | connection 22| url jdbc:h2:mem:6a3784ae-1aa6-4bbf-b617-4d4aeabcc2af
update picture set spot_id=?, url=? where picture_id=?
update picture set spot_id=301, url='java.io.StringReader@72225e34' where picture_id=993;
2022-10-10 13:48:04.427  INFO 3923 --- [    Test worker] p6spy                                    : #1665377284427 | took 0ms | statement | connection 22| url jdbc:h2:mem:6a3784ae-1aa6-4bbf-b617-4d4aeabcc2af
update picture set spot_id=?, url=? where picture_id=?
update picture set spot_id=301, url='java.io.StringReader@69235038' where picture_id=994;
2022-10-10 13:48:04.427  INFO 3923 --- [    Test worker] p6spy                                    : #1665377284427 | took 0ms | statement | connection 22| url jdbc:h2:mem:6a3784ae-1aa6-4bbf-b617-4d4aeabcc2af
update picture set spot_id=?, url=? where picture_id=?
update picture set spot_id=301, url='java.io.StringReader@4142900c' where picture_id=995;
2022-10-10 13:48:04.427  INFO 3923 --- [    Test worker] p6spy                                    : #1665377284427 | took 0ms | statement | connection 22| url jdbc:h2:mem:6a3784ae-1aa6-4bbf-b617-4d4aeabcc2af
update picture set spot_id=?, url=? where picture_id=?
update picture set spot_id=302, url='java.io.StringReader@925fa0a' where picture_id=997;
2022-10-10 13:48:04.427  INFO 3923 --- [    Test worker] p6spy                                    : #1665377284427 | took 0ms | statement | connection 22| url jdbc:h2:mem:6a3784ae-1aa6-4bbf-b617-4d4aeabcc2af
update picture set spot_id=?, url=? where picture_id=?
update picture set spot_id=302, url='java.io.StringReader@5ee1a359' where picture_id=998;
2022-10-10 13:48:04.427  INFO 3923 --- [    Test worker] p6spy                                    : #1665377284427 | took 0ms | statement | connection 22| url jdbc:h2:mem:6a3784ae-1aa6-4bbf-b617-4d4aeabcc2af
update picture set spot_id=?, url=? where picture_id=?
update picture set spot_id=302, url='java.io.StringReader@7f6cf329' where picture_id=999;
2022-10-10 13:48:04.427  INFO 3923 --- [    Test worker] p6spy                                    : #1665377284427 | took 0ms | statement | connection 22| url jdbc:h2:mem:6a3784ae-1aa6-4bbf-b617-4d4aeabcc2af
update picture set spot_id=?, url=? where picture_id=?
update picture set spot_id=303, url='java.io.StringReader@35e1c910' where picture_id=1001;
2022-10-10 13:48:04.427  INFO 3923 --- [    Test worker] p6spy                                    : #1665377284427 | took 0ms | statement | connection 22| url jdbc:h2:mem:6a3784ae-1aa6-4bbf-b617-4d4aeabcc2af
update picture set spot_id=?, url=? where picture_id=?
update picture set spot_id=303, url='java.io.StringReader@30625f51' where picture_id=1002;
2022-10-10 13:48:04.427  INFO 3923 --- [    Test worker] p6spy                                    : #1665377284427 | took 0ms | statement | connection 22| url jdbc:h2:mem:6a3784ae-1aa6-4bbf-b617-4d4aeabcc2af
update picture set spot_id=?, url=? where picture_id=?
update picture set spot_id=303, url='java.io.StringReader@5ea231be' where picture_id=1003;
2022-10-10 13:48:04.427  INFO 3923 --- [    Test worker] p6spy                                    : #1665377284427 | took 0ms | statement | connection 22| url jdbc:h2:mem:6a3784ae-1aa6-4bbf-b617-4d4aeabcc2af
update picture set spot_id=?, url=? where picture_id=?
update picture set spot_id=304, url='java.io.StringReader@372cd8fd' where picture_id=1005;
2022-10-10 13:48:04.427  INFO 3923 --- [    Test worker] p6spy                                    : #1665377284427 | took 0ms | statement | connection 22| url jdbc:h2:mem:6a3784ae-1aa6-4bbf-b617-4d4aeabcc2af
update picture set spot_id=?, url=? where picture_id=?
update picture set spot_id=304, url='java.io.StringReader@6b2ac950' where picture_id=1006;
2022-10-10 13:48:04.427  INFO 3923 --- [    Test worker] p6spy                                    : #1665377284427 | took 0ms | statement | connection 22| url jdbc:h2:mem:6a3784ae-1aa6-4bbf-b617-4d4aeabcc2af
update picture set spot_id=?, url=? where picture_id=?
update picture set spot_id=304, url='java.io.StringReader@33795ac7' where picture_id=1007;
2022-10-10 13:48:04.427  INFO 3923 --- [    Test worker] p6spy                                    : #1665377284427 | took 0ms | statement | connection 22| url jdbc:h2:mem:6a3784ae-1aa6-4bbf-b617-4d4aeabcc2af
update picture set spot_id=?, url=? where picture_id=?
update picture set spot_id=305, url='java.io.StringReader@7e0fb5b1' where picture_id=1009;
2022-10-10 13:48:04.427  INFO 3923 --- [    Test worker] p6spy                                    : #1665377284427 | took 0ms | statement | connection 22| url jdbc:h2:mem:6a3784ae-1aa6-4bbf-b617-4d4aeabcc2af
update picture set spot_id=?, url=? where picture_id=?
update picture set spot_id=305, url='java.io.StringReader@5f85e7e9' where picture_id=1010;
2022-10-10 13:48:04.427  INFO 3923 --- [    Test worker] p6spy                                    : #1665377284427 | took 0ms | statement | connection 22| url jdbc:h2:mem:6a3784ae-1aa6-4bbf-b617-4d4aeabcc2af
update picture set spot_id=?, url=? where picture_id=?
update picture set spot_id=305, url='java.io.StringReader@138c2437' where picture_id=1011;
2022-10-10 13:48:04.428  INFO 3923 --- [    Test worker] p6spy                                    : #1665377284428 | took 0ms | statement | connection 22| url jdbc:h2:mem:6a3784ae-1aa6-4bbf-b617-4d4aeabcc2af
update picture set spot_id=?, url=? where picture_id=?
update picture set spot_id=306, url='java.io.StringReader@28f95943' where picture_id=1013;
2022-10-10 13:48:04.428  INFO 3923 --- [    Test worker] p6spy                                    : #1665377284428 | took 0ms | statement | connection 22| url jdbc:h2:mem:6a3784ae-1aa6-4bbf-b617-4d4aeabcc2af
update picture set spot_id=?, url=? where picture_id=?
update picture set spot_id=306, url='java.io.StringReader@1be2c8a4' where picture_id=1014;
2022-10-10 13:48:04.428  INFO 3923 --- [    Test worker] p6spy                                    : #1665377284428 | took 0ms | statement | connection 22| url jdbc:h2:mem:6a3784ae-1aa6-4bbf-b617-4d4aeabcc2af
update picture set spot_id=?, url=? where picture_id=?
update picture set spot_id=306, url='java.io.StringReader@14749224' where picture_id=1015;
2022-10-10 13:48:04.428  INFO 3923 --- [    Test worker] p6spy                                    : #1665377284428 | took 0ms | statement | connection 22| url jdbc:h2:mem:6a3784ae-1aa6-4bbf-b617-4d4aeabcc2af
update picture set spot_id=?, url=? where picture_id=?
update picture set spot_id=307, url='java.io.StringReader@50ddab03' where picture_id=1017;
2022-10-10 13:48:04.428  INFO 3923 --- [    Test worker] p6spy                                    : #1665377284428 | took 0ms | statement | connection 22| url jdbc:h2:mem:6a3784ae-1aa6-4bbf-b617-4d4aeabcc2af
update picture set spot_id=?, url=? where picture_id=?
update picture set spot_id=307, url='java.io.StringReader@b7694aa' where picture_id=1018;
2022-10-10 13:48:04.428  INFO 3923 --- [    Test worker] p6spy                                    : #1665377284428 | took 0ms | statement | connection 22| url jdbc:h2:mem:6a3784ae-1aa6-4bbf-b617-4d4aeabcc2af
update picture set spot_id=?, url=? where picture_id=?
update picture set spot_id=307, url='java.io.StringReader@6a737ee1' where picture_id=1019;
2022-10-10 13:48:04.428  INFO 3923 --- [    Test worker] p6spy                                    : #1665377284428 | took 0ms | statement | connection 22| url jdbc:h2:mem:6a3784ae-1aa6-4bbf-b617-4d4aeabcc2af
update picture set spot_id=?, url=? where picture_id=?
update picture set spot_id=308, url='java.io.StringReader@5f41e81d' where picture_id=1021;
2022-10-10 13:48:04.428  INFO 3923 --- [    Test worker] p6spy                                    : #1665377284428 | took 0ms | statement | connection 22| url jdbc:h2:mem:6a3784ae-1aa6-4bbf-b617-4d4aeabcc2af
update picture set spot_id=?, url=? where picture_id=?
update picture set spot_id=308, url='java.io.StringReader@3ae4336' where picture_id=1022;
2022-10-10 13:48:04.428  INFO 3923 --- [    Test worker] p6spy                                    : #1665377284428 | took 0ms | statement | connection 22| url jdbc:h2:mem:6a3784ae-1aa6-4bbf-b617-4d4aeabcc2af
update picture set spot_id=?, url=? where picture_id=?
update picture set spot_id=308, url='java.io.StringReader@42099950' where picture_id=1023;
2022-10-10 13:48:04.428  INFO 3923 --- [    Test worker] p6spy                                    : #1665377284428 | took 0ms | statement | connection 22| url jdbc:h2:mem:6a3784ae-1aa6-4bbf-b617-4d4aeabcc2af
update picture set spot_id=?, url=? where picture_id=?
update picture set spot_id=309, url='java.io.StringReader@32a9d65c' where picture_id=1025;
2022-10-10 13:48:04.428  INFO 3923 --- [    Test worker] p6spy                                    : #1665377284428 | took 0ms | statement | connection 22| url jdbc:h2:mem:6a3784ae-1aa6-4bbf-b617-4d4aeabcc2af
update picture set spot_id=?, url=? where picture_id=?
update picture set spot_id=309, url='java.io.StringReader@5218997b' where picture_id=1026;
2022-10-10 13:48:04.428  INFO 3923 --- [    Test worker] p6spy                                    : #1665377284428 | took 0ms | statement | connection 22| url jdbc:h2:mem:6a3784ae-1aa6-4bbf-b617-4d4aeabcc2af
update picture set spot_id=?, url=? where picture_id=?
update picture set spot_id=309, url='java.io.StringReader@73c50bf' where picture_id=1027;
2022-10-10 13:48:04.428  INFO 3923 --- [    Test worker] p6spy                                    : #1665377284428 | took 0ms | statement | connection 22| url jdbc:h2:mem:6a3784ae-1aa6-4bbf-b617-4d4aeabcc2af
update picture set spot_id=?, url=? where picture_id=?
update picture set spot_id=310, url='java.io.StringReader@34163940' where picture_id=1029;
2022-10-10 13:48:04.428  INFO 3923 --- [    Test worker] p6spy                                    : #1665377284428 | took 0ms | statement | connection 22| url jdbc:h2:mem:6a3784ae-1aa6-4bbf-b617-4d4aeabcc2af
update picture set spot_id=?, url=? where picture_id=?
update picture set spot_id=310, url='java.io.StringReader@48d1a8b2' where picture_id=1030;
2022-10-10 13:48:04.428  INFO 3923 --- [    Test worker] p6spy                                    : #1665377284428 | took 0ms | statement | connection 22| url jdbc:h2:mem:6a3784ae-1aa6-4bbf-b617-4d4aeabcc2af
update picture set spot_id=?, url=? where picture_id=?
update picture set spot_id=310, url='java.io.StringReader@4f3e7aa6' where picture_id=1031;
2022-10-10 13:48:04.428  INFO 3923 --- [    Test worker] p6spy                                    : #1665377284428 | took 0ms | statement | connection 22| url jdbc:h2:mem:6a3784ae-1aa6-4bbf-b617-4d4aeabcc2af
update picture set spot_id=?, url=? where picture_id=?
update picture set spot_id=311, url='java.io.StringReader@1ae0fde4' where picture_id=1033;
2022-10-10 13:48:04.428  INFO 3923 --- [    Test worker] p6spy                                    : #1665377284428 | took 0ms | statement | connection 22| url jdbc:h2:mem:6a3784ae-1aa6-4bbf-b617-4d4aeabcc2af
update picture set spot_id=?, url=? where picture_id=?
update picture set spot_id=311, url='java.io.StringReader@84dd12d' where picture_id=1034;
2022-10-10 13:48:04.428  INFO 3923 --- [    Test worker] p6spy                                    : #1665377284428 | took 0ms | statement | connection 22| url jdbc:h2:mem:6a3784ae-1aa6-4bbf-b617-4d4aeabcc2af
update picture set spot_id=?, url=? where picture_id=?
update picture set spot_id=311, url='java.io.StringReader@17969be6' where picture_id=1035;
2022-10-10 13:48:04.428  INFO 3923 --- [    Test worker] p6spy                                    : #1665377284428 | took 0ms | statement | connection 22| url jdbc:h2:mem:6a3784ae-1aa6-4bbf-b617-4d4aeabcc2af
update picture set spot_id=?, url=? where picture_id=?
update picture set spot_id=312, url='java.io.StringReader@51392536' where picture_id=1037;
2022-10-10 13:48:04.428  INFO 3923 --- [    Test worker] p6spy                                    : #1665377284428 | took 0ms | statement | connection 22| url jdbc:h2:mem:6a3784ae-1aa6-4bbf-b617-4d4aeabcc2af
update picture set spot_id=?, url=? where picture_id=?
update picture set spot_id=312, url='java.io.StringReader@26049ca2' where picture_id=1038;
2022-10-10 13:48:04.428  INFO 3923 --- [    Test worker] p6spy                                    : #1665377284428 | took 0ms | statement | connection 22| url jdbc:h2:mem:6a3784ae-1aa6-4bbf-b617-4d4aeabcc2af
update picture set spot_id=?, url=? where picture_id=?
update picture set spot_id=312, url='java.io.StringReader@5811cf52' where picture_id=1039;
2022-10-10 13:48:04.428  INFO 3923 --- [    Test worker] p6spy                                    : #1665377284428 | took 0ms | statement | connection 22| url jdbc:h2:mem:6a3784ae-1aa6-4bbf-b617-4d4aeabcc2af
update picture set spot_id=?, url=? where picture_id=?
update picture set spot_id=313, url='java.io.StringReader@1269cebf' where picture_id=1041;
2022-10-10 13:48:04.428  INFO 3923 --- [    Test worker] p6spy                                    : #1665377284428 | took 0ms | statement | connection 22| url jdbc:h2:mem:6a3784ae-1aa6-4bbf-b617-4d4aeabcc2af
update picture set spot_id=?, url=? where picture_id=?
update picture set spot_id=313, url='java.io.StringReader@533167f0' where picture_id=1042;
2022-10-10 13:48:04.429  INFO 3923 --- [    Test worker] p6spy                                    : #1665377284429 | took 0ms | statement | connection 22| url jdbc:h2:mem:6a3784ae-1aa6-4bbf-b617-4d4aeabcc2af
update picture set spot_id=?, url=? where picture_id=?
update picture set spot_id=313, url='java.io.StringReader@29e77b41' where picture_id=1043;
2022-10-10 13:48:04.429  INFO 3923 --- [    Test worker] p6spy                                    : #1665377284429 | took 0ms | statement | connection 22| url jdbc:h2:mem:6a3784ae-1aa6-4bbf-b617-4d4aeabcc2af
update picture set spot_id=?, url=? where picture_id=?
update picture set spot_id=314, url='java.io.StringReader@194a8a09' where picture_id=1045;
2022-10-10 13:48:04.429  INFO 3923 --- [    Test worker] p6spy                                    : #1665377284429 | took 0ms | statement | connection 22| url jdbc:h2:mem:6a3784ae-1aa6-4bbf-b617-4d4aeabcc2af
update picture set spot_id=?, url=? where picture_id=?
update picture set spot_id=314, url='java.io.StringReader@71b4f4a1' where picture_id=1046;
2022-10-10 13:48:04.429  INFO 3923 --- [    Test worker] p6spy                                    : #1665377284429 | took 0ms | statement | connection 22| url jdbc:h2:mem:6a3784ae-1aa6-4bbf-b617-4d4aeabcc2af
update picture set spot_id=?, url=? where picture_id=?
update picture set spot_id=314, url='java.io.StringReader@6b10123f' where picture_id=1047;
2022-10-10 13:48:04.429  INFO 3923 --- [    Test worker] p6spy                                    : #1665377284429 | took 0ms | statement | connection 22| url jdbc:h2:mem:6a3784ae-1aa6-4bbf-b617-4d4aeabcc2af
update picture set spot_id=?, url=? where picture_id=?
update picture set spot_id=315, url='java.io.StringReader@144a7ad5' where picture_id=1049;
2022-10-10 13:48:04.429  INFO 3923 --- [    Test worker] p6spy                                    : #1665377284429 | took 0ms | statement | connection 22| url jdbc:h2:mem:6a3784ae-1aa6-4bbf-b617-4d4aeabcc2af
update picture set spot_id=?, url=? where picture_id=?
update picture set spot_id=315, url='java.io.StringReader@e78f01e' where picture_id=1050;
2022-10-10 13:48:04.429  INFO 3923 --- [    Test worker] p6spy                                    : #1665377284429 | took 0ms | statement | connection 22| url jdbc:h2:mem:6a3784ae-1aa6-4bbf-b617-4d4aeabcc2af
update picture set spot_id=?, url=? where picture_id=?
update picture set spot_id=315, url='java.io.StringReader@4c2aa4db' where picture_id=1051;
2022-10-10 13:48:04.429  INFO 3923 --- [    Test worker] p6spy                                    : #1665377284429 | took 0ms | statement | connection 22| url jdbc:h2:mem:6a3784ae-1aa6-4bbf-b617-4d4aeabcc2af
update picture set spot_id=?, url=? where picture_id=?
update picture set spot_id=316, url='java.io.StringReader@6b366254' where picture_id=1053;
2022-10-10 13:48:04.429  INFO 3923 --- [    Test worker] p6spy                                    : #1665377284429 | took 0ms | statement | connection 22| url jdbc:h2:mem:6a3784ae-1aa6-4bbf-b617-4d4aeabcc2af
update picture set spot_id=?, url=? where picture_id=?
update picture set spot_id=316, url='java.io.StringReader@67b37f23' where picture_id=1054;
2022-10-10 13:48:04.429  INFO 3923 --- [    Test worker] p6spy                                    : #1665377284429 | took 0ms | statement | connection 22| url jdbc:h2:mem:6a3784ae-1aa6-4bbf-b617-4d4aeabcc2af
update picture set spot_id=?, url=? where picture_id=?
update picture set spot_id=316, url='java.io.StringReader@ad194d1' where picture_id=1055;
2022-10-10 13:48:04.429  INFO 3923 --- [    Test worker] p6spy                                    : #1665377284429 | took 0ms | statement | connection 22| url jdbc:h2:mem:6a3784ae-1aa6-4bbf-b617-4d4aeabcc2af
update picture set spot_id=?, url=? where picture_id=?
update picture set spot_id=317, url='java.io.StringReader@5caf0976' where picture_id=1057;
2022-10-10 13:48:04.429  INFO 3923 --- [    Test worker] p6spy                                    : #1665377284429 | took 0ms | statement | connection 22| url jdbc:h2:mem:6a3784ae-1aa6-4bbf-b617-4d4aeabcc2af
update picture set spot_id=?, url=? where picture_id=?
update picture set spot_id=317, url='java.io.StringReader@2ed537a9' where picture_id=1058;
2022-10-10 13:48:04.429  INFO 3923 --- [    Test worker] p6spy                                    : #1665377284429 | took 0ms | statement | connection 22| url jdbc:h2:mem:6a3784ae-1aa6-4bbf-b617-4d4aeabcc2af
update picture set spot_id=?, url=? where picture_id=?
update picture set spot_id=317, url='java.io.StringReader@713c4d95' where picture_id=1059;
2022-10-10 13:48:04.429  INFO 3923 --- [    Test worker] p6spy                                    : #1665377284429 | took 0ms | statement | connection 22| url jdbc:h2:mem:6a3784ae-1aa6-4bbf-b617-4d4aeabcc2af
update picture set spot_id=?, url=? where picture_id=?
update picture set spot_id=318, url='java.io.StringReader@23d34ed' where picture_id=1061;
2022-10-10 13:48:04.429  INFO 3923 --- [    Test worker] p6spy                                    : #1665377284429 | took 0ms | statement | connection 22| url jdbc:h2:mem:6a3784ae-1aa6-4bbf-b617-4d4aeabcc2af
update picture set spot_id=?, url=? where picture_id=?
update picture set spot_id=318, url='java.io.StringReader@5a22e843' where picture_id=1062;
2022-10-10 13:48:04.429  INFO 3923 --- [    Test worker] p6spy                                    : #1665377284429 | took 0ms | statement | connection 22| url jdbc:h2:mem:6a3784ae-1aa6-4bbf-b617-4d4aeabcc2af
update picture set spot_id=?, url=? where picture_id=?
update picture set spot_id=318, url='java.io.StringReader@2d21b460' where picture_id=1063;
2022-10-10 13:48:04.429  INFO 3923 --- [    Test worker] p6spy                                    : #1665377284429 | took 0ms | statement | connection 22| url jdbc:h2:mem:6a3784ae-1aa6-4bbf-b617-4d4aeabcc2af
update picture set spot_id=?, url=? where picture_id=?
update picture set spot_id=319, url='java.io.StringReader@61c58492' where picture_id=1065;
2022-10-10 13:48:04.429  INFO 3923 --- [    Test worker] p6spy                                    : #1665377284429 | took 0ms | statement | connection 22| url jdbc:h2:mem:6a3784ae-1aa6-4bbf-b617-4d4aeabcc2af
update picture set spot_id=?, url=? where picture_id=?
update picture set spot_id=319, url='java.io.StringReader@552c6d99' where picture_id=1066;
2022-10-10 13:48:04.429  INFO 3923 --- [    Test worker] p6spy                                    : #1665377284429 | took 0ms | statement | connection 22| url jdbc:h2:mem:6a3784ae-1aa6-4bbf-b617-4d4aeabcc2af
update picture set spot_id=?, url=? where picture_id=?
update picture set spot_id=319, url='java.io.StringReader@2eb4fe7' where picture_id=1067;
2022-10-10 13:48:04.429  INFO 3923 --- [    Test worker] p6spy                                    : #1665377284429 | took 0ms | statement | connection 22| url jdbc:h2:mem:6a3784ae-1aa6-4bbf-b617-4d4aeabcc2af
update picture set spot_id=?, url=? where picture_id=?
update picture set spot_id=320, url='java.io.StringReader@50fef73f' where picture_id=1069;
2022-10-10 13:48:04.429  INFO 3923 --- [    Test worker] p6spy                                    : #1665377284429 | took 0ms | statement | connection 22| url jdbc:h2:mem:6a3784ae-1aa6-4bbf-b617-4d4aeabcc2af
update picture set spot_id=?, url=? where picture_id=?
update picture set spot_id=320, url='java.io.StringReader@50ad06ef' where picture_id=1070;
2022-10-10 13:48:04.429  INFO 3923 --- [    Test worker] p6spy                                    : #1665377284429 | took 0ms | statement | connection 22| url jdbc:h2:mem:6a3784ae-1aa6-4bbf-b617-4d4aeabcc2af
update picture set spot_id=?, url=? where picture_id=?
update picture set spot_id=320, url='java.io.StringReader@29295f4e' where picture_id=1071;
2022-10-10 13:48:04.429  INFO 3923 --- [    Test worker] p6spy                                    : #1665377284429 | took 0ms | statement | connection 22| url jdbc:h2:mem:6a3784ae-1aa6-4bbf-b617-4d4aeabcc2af
update picture set spot_id=?, url=? where picture_id=?
update picture set spot_id=321, url='java.io.StringReader@3620d182' where picture_id=1073;
2022-10-10 13:48:04.429  INFO 3923 --- [    Test worker] p6spy                                    : #1665377284429 | took 0ms | statement | connection 22| url jdbc:h2:mem:6a3784ae-1aa6-4bbf-b617-4d4aeabcc2af
update picture set spot_id=?, url=? where picture_id=?
update picture set spot_id=321, url='java.io.StringReader@53162e9c' where picture_id=1074;
2022-10-10 13:48:04.430  INFO 3923 --- [    Test worker] p6spy                                    : #1665377284430 | took 0ms | statement | connection 22| url jdbc:h2:mem:6a3784ae-1aa6-4bbf-b617-4d4aeabcc2af
update picture set spot_id=?, url=? where picture_id=?
update picture set spot_id=321, url='java.io.StringReader@6c1c89e2' where picture_id=1075;
2022-10-10 13:48:04.430  INFO 3923 --- [    Test worker] p6spy                                    : #1665377284430 | took 0ms | statement | connection 22| url jdbc:h2:mem:6a3784ae-1aa6-4bbf-b617-4d4aeabcc2af
update picture set spot_id=?, url=? where picture_id=?
update picture set spot_id=322, url='java.io.StringReader@6bdc486b' where picture_id=1077;
2022-10-10 13:48:04.430  INFO 3923 --- [    Test worker] p6spy                                    : #1665377284430 | took 0ms | statement | connection 22| url jdbc:h2:mem:6a3784ae-1aa6-4bbf-b617-4d4aeabcc2af
update picture set spot_id=?, url=? where picture_id=?
update picture set spot_id=322, url='java.io.StringReader@79bd2d87' where picture_id=1078;
2022-10-10 13:48:04.430  INFO 3923 --- [    Test worker] p6spy                                    : #1665377284430 | took 0ms | statement | connection 22| url jdbc:h2:mem:6a3784ae-1aa6-4bbf-b617-4d4aeabcc2af
update picture set spot_id=?, url=? where picture_id=?
update picture set spot_id=322, url='java.io.StringReader@3ed6437b' where picture_id=1079;
2022-10-10 13:48:04.430  INFO 3923 --- [    Test worker] p6spy                                    : #1665377284430 | took 0ms | statement | connection 22| url jdbc:h2:mem:6a3784ae-1aa6-4bbf-b617-4d4aeabcc2af
update picture set spot_id=?, url=? where picture_id=?
update picture set spot_id=323, url='java.io.StringReader@210d8f51' where picture_id=1081;
2022-10-10 13:48:04.430  INFO 3923 --- [    Test worker] p6spy                                    : #1665377284430 | took 0ms | statement | connection 22| url jdbc:h2:mem:6a3784ae-1aa6-4bbf-b617-4d4aeabcc2af
update picture set spot_id=?, url=? where picture_id=?
update picture set spot_id=323, url='java.io.StringReader@494a4dbc' where picture_id=1082;
2022-10-10 13:48:04.430  INFO 3923 --- [    Test worker] p6spy                                    : #1665377284430 | took 0ms | statement | connection 22| url jdbc:h2:mem:6a3784ae-1aa6-4bbf-b617-4d4aeabcc2af
update picture set spot_id=?, url=? where picture_id=?
update picture set spot_id=323, url='java.io.StringReader@11fe2600' where picture_id=1083;
2022-10-10 13:48:04.430  INFO 3923 --- [    Test worker] p6spy                                    : #1665377284430 | took 0ms | statement | connection 22| url jdbc:h2:mem:6a3784ae-1aa6-4bbf-b617-4d4aeabcc2af
update picture set spot_id=?, url=? where picture_id=?
update picture set spot_id=324, url='java.io.StringReader@29b343c7' where picture_id=1085;
2022-10-10 13:48:04.430  INFO 3923 --- [    Test worker] p6spy                                    : #1665377284430 | took 0ms | statement | connection 22| url jdbc:h2:mem:6a3784ae-1aa6-4bbf-b617-4d4aeabcc2af
update picture set spot_id=?, url=? where picture_id=?
update picture set spot_id=324, url='java.io.StringReader@7c4dd006' where picture_id=1086;
2022-10-10 13:48:04.430  INFO 3923 --- [    Test worker] p6spy                                    : #1665377284430 | took 0ms | statement | connection 22| url jdbc:h2:mem:6a3784ae-1aa6-4bbf-b617-4d4aeabcc2af
update picture set spot_id=?, url=? where picture_id=?
update picture set spot_id=324, url='java.io.StringReader@22ad2191' where picture_id=1087;
2022-10-10 13:48:04.430  INFO 3923 --- [    Test worker] p6spy                                    : #1665377284430 | took 0ms | statement | connection 22| url jdbc:h2:mem:6a3784ae-1aa6-4bbf-b617-4d4aeabcc2af
update picture set spot_id=?, url=? where picture_id=?
update picture set spot_id=325, url='java.io.StringReader@b4e52a4' where picture_id=1089;
2022-10-10 13:48:04.430  INFO 3923 --- [    Test worker] p6spy                                    : #1665377284430 | took 0ms | statement | connection 22| url jdbc:h2:mem:6a3784ae-1aa6-4bbf-b617-4d4aeabcc2af
update picture set spot_id=?, url=? where picture_id=?
update picture set spot_id=325, url='java.io.StringReader@5c98f64f' where picture_id=1090;
2022-10-10 13:48:04.430  INFO 3923 --- [    Test worker] p6spy                                    : #1665377284430 | took 0ms | statement | connection 22| url jdbc:h2:mem:6a3784ae-1aa6-4bbf-b617-4d4aeabcc2af
update picture set spot_id=?, url=? where picture_id=?
update picture set spot_id=325, url='java.io.StringReader@7bafb922' where picture_id=1091;
2022-10-10 13:48:04.430  INFO 3923 --- [    Test worker] p6spy                                    : #1665377284430 | took 0ms | statement | connection 22| url jdbc:h2:mem:6a3784ae-1aa6-4bbf-b617-4d4aeabcc2af
update picture set spot_id=?, url=? where picture_id=?
update picture set spot_id=326, url='java.io.StringReader@1ae22dcb' where picture_id=1093;
2022-10-10 13:48:04.430  INFO 3923 --- [    Test worker] p6spy                                    : #1665377284430 | took 0ms | statement | connection 22| url jdbc:h2:mem:6a3784ae-1aa6-4bbf-b617-4d4aeabcc2af
update picture set spot_id=?, url=? where picture_id=?
update picture set spot_id=326, url='java.io.StringReader@48e8de7b' where picture_id=1094;
2022-10-10 13:48:04.430  INFO 3923 --- [    Test worker] p6spy                                    : #1665377284430 | took 0ms | statement | connection 22| url jdbc:h2:mem:6a3784ae-1aa6-4bbf-b617-4d4aeabcc2af
update picture set spot_id=?, url=? where picture_id=?
update picture set spot_id=326, url='java.io.StringReader@556ef86d' where picture_id=1095;
2022-10-10 13:48:04.430  INFO 3923 --- [    Test worker] p6spy                                    : #1665377284430 | took 0ms | statement | connection 22| url jdbc:h2:mem:6a3784ae-1aa6-4bbf-b617-4d4aeabcc2af
update picture set spot_id=?, url=? where picture_id=?
update picture set spot_id=327, url='java.io.StringReader@3d8ead6' where picture_id=1097;
2022-10-10 13:48:04.430  INFO 3923 --- [    Test worker] p6spy                                    : #1665377284430 | took 0ms | statement | connection 22| url jdbc:h2:mem:6a3784ae-1aa6-4bbf-b617-4d4aeabcc2af
update picture set spot_id=?, url=? where picture_id=?
update picture set spot_id=327, url='java.io.StringReader@7f93df12' where picture_id=1098;
2022-10-10 13:48:04.430  INFO 3923 --- [    Test worker] p6spy                                    : #1665377284430 | took 0ms | statement | connection 22| url jdbc:h2:mem:6a3784ae-1aa6-4bbf-b617-4d4aeabcc2af
update picture set spot_id=?, url=? where picture_id=?
update picture set spot_id=327, url='java.io.StringReader@1493c922' where picture_id=1099;
2022-10-10 13:48:04.430  INFO 3923 --- [    Test worker] p6spy                                    : #1665377284430 | took 0ms | statement | connection 22| url jdbc:h2:mem:6a3784ae-1aa6-4bbf-b617-4d4aeabcc2af
update picture set spot_id=?, url=? where picture_id=?
update picture set spot_id=328, url='java.io.StringReader@44e8d9dc' where picture_id=1101;
2022-10-10 13:48:04.430  INFO 3923 --- [    Test worker] p6spy                                    : #1665377284430 | took 0ms | statement | connection 22| url jdbc:h2:mem:6a3784ae-1aa6-4bbf-b617-4d4aeabcc2af
update picture set spot_id=?, url=? where picture_id=?
update picture set spot_id=328, url='java.io.StringReader@e6093da' where picture_id=1102;
2022-10-10 13:48:04.430  INFO 3923 --- [    Test worker] p6spy                                    : #1665377284430 | took 0ms | statement | connection 22| url jdbc:h2:mem:6a3784ae-1aa6-4bbf-b617-4d4aeabcc2af
update picture set spot_id=?, url=? where picture_id=?
update picture set spot_id=328, url='java.io.StringReader@28be98fc' where picture_id=1103;
2022-10-10 13:48:04.431  INFO 3923 --- [    Test worker] p6spy                                    : #1665377284431 | took 0ms | statement | connection 22| url jdbc:h2:mem:6a3784ae-1aa6-4bbf-b617-4d4aeabcc2af
update picture set spot_id=?, url=? where picture_id=?
update picture set spot_id=329, url='java.io.StringReader@7a6a4327' where picture_id=1105;
2022-10-10 13:48:04.431  INFO 3923 --- [    Test worker] p6spy                                    : #1665377284431 | took 0ms | statement | connection 22| url jdbc:h2:mem:6a3784ae-1aa6-4bbf-b617-4d4aeabcc2af
update picture set spot_id=?, url=? where picture_id=?
update picture set spot_id=329, url='java.io.StringReader@58100e7d' where picture_id=1106;
2022-10-10 13:48:04.431  INFO 3923 --- [    Test worker] p6spy                                    : #1665377284431 | took 0ms | statement | connection 22| url jdbc:h2:mem:6a3784ae-1aa6-4bbf-b617-4d4aeabcc2af
update picture set spot_id=?, url=? where picture_id=?
update picture set spot_id=329, url='java.io.StringReader@76f3f810' where picture_id=1107;
2022-10-10 13:48:04.431  INFO 3923 --- [    Test worker] p6spy                                    : #1665377284431 | took 0ms | statement | connection 22| url jdbc:h2:mem:6a3784ae-1aa6-4bbf-b617-4d4aeabcc2af
update picture set spot_id=?, url=? where picture_id=?
update picture set spot_id=330, url='java.io.StringReader@5d2fb84d' where picture_id=1109;
2022-10-10 13:48:04.431  INFO 3923 --- [    Test worker] p6spy                                    : #1665377284431 | took 0ms | statement | connection 22| url jdbc:h2:mem:6a3784ae-1aa6-4bbf-b617-4d4aeabcc2af
update picture set spot_id=?, url=? where picture_id=?
update picture set spot_id=330, url='java.io.StringReader@b59b6bf' where picture_id=1110;
2022-10-10 13:48:04.431  INFO 3923 --- [    Test worker] p6spy                                    : #1665377284431 | took 0ms | statement | connection 22| url jdbc:h2:mem:6a3784ae-1aa6-4bbf-b617-4d4aeabcc2af
update picture set spot_id=?, url=? where picture_id=?
update picture set spot_id=330, url='java.io.StringReader@5f1a2706' where picture_id=1111;
2022-10-10 13:48:04.431  INFO 3923 --- [    Test worker] p6spy                                    : #1665377284431 | took 0ms | statement | connection 22| url jdbc:h2:mem:6a3784ae-1aa6-4bbf-b617-4d4aeabcc2af
update picture set spot_id=?, url=? where picture_id=?
update picture set spot_id=331, url='java.io.StringReader@608e3638' where picture_id=1113;
2022-10-10 13:48:04.431  INFO 3923 --- [    Test worker] p6spy                                    : #1665377284431 | took 0ms | statement | connection 22| url jdbc:h2:mem:6a3784ae-1aa6-4bbf-b617-4d4aeabcc2af
update picture set spot_id=?, url=? where picture_id=?
update picture set spot_id=331, url='java.io.StringReader@43be51d4' where picture_id=1114;
2022-10-10 13:48:04.431  INFO 3923 --- [    Test worker] p6spy                                    : #1665377284431 | took 0ms | statement | connection 22| url jdbc:h2:mem:6a3784ae-1aa6-4bbf-b617-4d4aeabcc2af
update picture set spot_id=?, url=? where picture_id=?
update picture set spot_id=331, url='java.io.StringReader@5b3650ef' where picture_id=1115;
2022-10-10 13:48:04.431  INFO 3923 --- [    Test worker] p6spy                                    : #1665377284431 | took 0ms | statement | connection 22| url jdbc:h2:mem:6a3784ae-1aa6-4bbf-b617-4d4aeabcc2af
update picture set spot_id=?, url=? where picture_id=?
update picture set spot_id=332, url='java.io.StringReader@7d4bf4c5' where picture_id=1117;
2022-10-10 13:48:04.431  INFO 3923 --- [    Test worker] p6spy                                    : #1665377284431 | took 0ms | statement | connection 22| url jdbc:h2:mem:6a3784ae-1aa6-4bbf-b617-4d4aeabcc2af
update picture set spot_id=?, url=? where picture_id=?
update picture set spot_id=332, url='java.io.StringReader@bc83665' where picture_id=1118;
2022-10-10 13:48:04.431  INFO 3923 --- [    Test worker] p6spy                                    : #1665377284431 | took 0ms | statement | connection 22| url jdbc:h2:mem:6a3784ae-1aa6-4bbf-b617-4d4aeabcc2af
update picture set spot_id=?, url=? where picture_id=?
update picture set spot_id=332, url='java.io.StringReader@6dd37e67' where picture_id=1119;
2022-10-10 13:48:04.431  INFO 3923 --- [    Test worker] p6spy                                    : #1665377284431 | took 0ms | statement | connection 22| url jdbc:h2:mem:6a3784ae-1aa6-4bbf-b617-4d4aeabcc2af
update picture set spot_id=?, url=? where picture_id=?
update picture set spot_id=333, url='java.io.StringReader@75b7889d' where picture_id=1121;
2022-10-10 13:48:04.431  INFO 3923 --- [    Test worker] p6spy                                    : #1665377284431 | took 0ms | statement | connection 22| url jdbc:h2:mem:6a3784ae-1aa6-4bbf-b617-4d4aeabcc2af
update picture set spot_id=?, url=? where picture_id=?
update picture set spot_id=333, url='java.io.StringReader@1ea24d3f' where picture_id=1122;
2022-10-10 13:48:04.431  INFO 3923 --- [    Test worker] p6spy                                    : #1665377284431 | took 0ms | statement | connection 22| url jdbc:h2:mem:6a3784ae-1aa6-4bbf-b617-4d4aeabcc2af
update picture set spot_id=?, url=? where picture_id=?
update picture set spot_id=333, url='java.io.StringReader@4bc9c7e0' where picture_id=1123;
2022-10-10 13:48:04.431  INFO 3923 --- [    Test worker] p6spy                                    : #1665377284431 | took 0ms | statement | connection 22| url jdbc:h2:mem:6a3784ae-1aa6-4bbf-b617-4d4aeabcc2af
update picture set spot_id=?, url=? where picture_id=?
update picture set spot_id=334, url='java.io.StringReader@3a63653b' where picture_id=1125;
2022-10-10 13:48:04.431  INFO 3923 --- [    Test worker] p6spy                                    : #1665377284431 | took 0ms | statement | connection 22| url jdbc:h2:mem:6a3784ae-1aa6-4bbf-b617-4d4aeabcc2af
update picture set spot_id=?, url=? where picture_id=?
update picture set spot_id=334, url='java.io.StringReader@47be1b38' where picture_id=1126;
2022-10-10 13:48:04.431  INFO 3923 --- [    Test worker] p6spy                                    : #1665377284431 | took 0ms | statement | connection 22| url jdbc:h2:mem:6a3784ae-1aa6-4bbf-b617-4d4aeabcc2af
update picture set spot_id=?, url=? where picture_id=?
update picture set spot_id=334, url='java.io.StringReader@2a71f449' where picture_id=1127;
2022-10-10 13:48:04.431  INFO 3923 --- [    Test worker] p6spy                                    : #1665377284431 | took 0ms | statement | connection 22| url jdbc:h2:mem:6a3784ae-1aa6-4bbf-b617-4d4aeabcc2af
update picture set spot_id=?, url=? where picture_id=?
update picture set spot_id=335, url='java.io.StringReader@136e9a68' where picture_id=1129;
2022-10-10 13:48:04.431  INFO 3923 --- [    Test worker] p6spy                                    : #1665377284431 | took 0ms | statement | connection 22| url jdbc:h2:mem:6a3784ae-1aa6-4bbf-b617-4d4aeabcc2af
update picture set spot_id=?, url=? where picture_id=?
update picture set spot_id=335, url='java.io.StringReader@44fc80a0' where picture_id=1130;
2022-10-10 13:48:04.431  INFO 3923 --- [    Test worker] p6spy                                    : #1665377284431 | took 0ms | statement | connection 22| url jdbc:h2:mem:6a3784ae-1aa6-4bbf-b617-4d4aeabcc2af
update picture set spot_id=?, url=? where picture_id=?
update picture set spot_id=335, url='java.io.StringReader@7e3707ae' where picture_id=1131;
2022-10-10 13:48:04.431  INFO 3923 --- [    Test worker] p6spy                                    : #1665377284431 | took 0ms | statement | connection 22| url jdbc:h2:mem:6a3784ae-1aa6-4bbf-b617-4d4aeabcc2af
update picture set spot_id=?, url=? where picture_id=?
update picture set spot_id=336, url='java.io.StringReader@705813e1' where picture_id=1133;
2022-10-10 13:48:04.431  INFO 3923 --- [    Test worker] p6spy                                    : #1665377284431 | took 0ms | statement | connection 22| url jdbc:h2:mem:6a3784ae-1aa6-4bbf-b617-4d4aeabcc2af
update picture set spot_id=?, url=? where picture_id=?
update picture set spot_id=336, url='java.io.StringReader@4e794f68' where picture_id=1134;
2022-10-10 13:48:04.431  INFO 3923 --- [    Test worker] p6spy                                    : #1665377284431 | took 0ms | statement | connection 22| url jdbc:h2:mem:6a3784ae-1aa6-4bbf-b617-4d4aeabcc2af
update picture set spot_id=?, url=? where picture_id=?
update picture set spot_id=336, url='java.io.StringReader@17ed0311' where picture_id=1135;
2022-10-10 13:48:04.432  INFO 3923 --- [    Test worker] p6spy                                    : #1665377284432 | took 0ms | statement | connection 22| url jdbc:h2:mem:6a3784ae-1aa6-4bbf-b617-4d4aeabcc2af
update picture set spot_id=?, url=? where picture_id=?
update picture set spot_id=337, url='java.io.StringReader@5de1852b' where picture_id=1137;
2022-10-10 13:48:04.432  INFO 3923 --- [    Test worker] p6spy                                    : #1665377284432 | took 0ms | statement | connection 22| url jdbc:h2:mem:6a3784ae-1aa6-4bbf-b617-4d4aeabcc2af
update picture set spot_id=?, url=? where picture_id=?
update picture set spot_id=337, url='java.io.StringReader@75ca3140' where picture_id=1138;
2022-10-10 13:48:04.432  INFO 3923 --- [    Test worker] p6spy                                    : #1665377284432 | took 0ms | statement | connection 22| url jdbc:h2:mem:6a3784ae-1aa6-4bbf-b617-4d4aeabcc2af
update picture set spot_id=?, url=? where picture_id=?
update picture set spot_id=337, url='java.io.StringReader@6674f28a' where picture_id=1139;
2022-10-10 13:48:04.432  INFO 3923 --- [    Test worker] p6spy                                    : #1665377284432 | took 0ms | statement | connection 22| url jdbc:h2:mem:6a3784ae-1aa6-4bbf-b617-4d4aeabcc2af
update picture set spot_id=?, url=? where picture_id=?
update picture set spot_id=338, url='java.io.StringReader@4b5b2400' where picture_id=1141;
2022-10-10 13:48:04.432  INFO 3923 --- [    Test worker] p6spy                                    : #1665377284432 | took 0ms | statement | connection 22| url jdbc:h2:mem:6a3784ae-1aa6-4bbf-b617-4d4aeabcc2af
update picture set spot_id=?, url=? where picture_id=?
update picture set spot_id=338, url='java.io.StringReader@617d6007' where picture_id=1142;
2022-10-10 13:48:04.432  INFO 3923 --- [    Test worker] p6spy                                    : #1665377284432 | took 0ms | statement | connection 22| url jdbc:h2:mem:6a3784ae-1aa6-4bbf-b617-4d4aeabcc2af
update picture set spot_id=?, url=? where picture_id=?
update picture set spot_id=338, url='java.io.StringReader@793b6e25' where picture_id=1143;
2022-10-10 13:48:04.432  INFO 3923 --- [    Test worker] p6spy                                    : #1665377284432 | took 0ms | statement | connection 22| url jdbc:h2:mem:6a3784ae-1aa6-4bbf-b617-4d4aeabcc2af
update picture set spot_id=?, url=? where picture_id=?
update picture set spot_id=339, url='java.io.StringReader@338b9bbf' where picture_id=1145;
2022-10-10 13:48:04.432  INFO 3923 --- [    Test worker] p6spy                                    : #1665377284432 | took 0ms | statement | connection 22| url jdbc:h2:mem:6a3784ae-1aa6-4bbf-b617-4d4aeabcc2af
update picture set spot_id=?, url=? where picture_id=?
update picture set spot_id=339, url='java.io.StringReader@7ba161e5' where picture_id=1146;
2022-10-10 13:48:04.432  INFO 3923 --- [    Test worker] p6spy                                    : #1665377284432 | took 0ms | statement | connection 22| url jdbc:h2:mem:6a3784ae-1aa6-4bbf-b617-4d4aeabcc2af
update picture set spot_id=?, url=? where picture_id=?
update picture set spot_id=339, url='java.io.StringReader@4995967f' where picture_id=1147;
2022-10-10 13:48:04.432  INFO 3923 --- [    Test worker] p6spy                                    : #1665377284432 | took 0ms | statement | connection 22| url jdbc:h2:mem:6a3784ae-1aa6-4bbf-b617-4d4aeabcc2af
update picture set spot_id=?, url=? where picture_id=?
update picture set spot_id=340, url='java.io.StringReader@75cecab7' where picture_id=1149;
2022-10-10 13:48:04.432  INFO 3923 --- [    Test worker] p6spy                                    : #1665377284432 | took 0ms | statement | connection 22| url jdbc:h2:mem:6a3784ae-1aa6-4bbf-b617-4d4aeabcc2af
update picture set spot_id=?, url=? where picture_id=?
update picture set spot_id=340, url='java.io.StringReader@194ec701' where picture_id=1150;
2022-10-10 13:48:04.432  INFO 3923 --- [    Test worker] p6spy                                    : #1665377284432 | took 0ms | statement | connection 22| url jdbc:h2:mem:6a3784ae-1aa6-4bbf-b617-4d4aeabcc2af
update picture set spot_id=?, url=? where picture_id=?
update picture set spot_id=340, url='java.io.StringReader@7eb39133' where picture_id=1151;
2022-10-10 13:48:04.432  INFO 3923 --- [    Test worker] p6spy                                    : #1665377284432 | took 0ms | statement | connection 22| url jdbc:h2:mem:6a3784ae-1aa6-4bbf-b617-4d4aeabcc2af
update picture set spot_id=?, url=? where picture_id=?
update picture set spot_id=341, url='java.io.StringReader@18e6e845' where picture_id=1153;
2022-10-10 13:48:04.432  INFO 3923 --- [    Test worker] p6spy                                    : #1665377284432 | took 0ms | statement | connection 22| url jdbc:h2:mem:6a3784ae-1aa6-4bbf-b617-4d4aeabcc2af
update picture set spot_id=?, url=? where picture_id=?
update picture set spot_id=341, url='java.io.StringReader@7985f341' where picture_id=1154;
2022-10-10 13:48:04.432  INFO 3923 --- [    Test worker] p6spy                                    : #1665377284432 | took 0ms | statement | connection 22| url jdbc:h2:mem:6a3784ae-1aa6-4bbf-b617-4d4aeabcc2af
update picture set spot_id=?, url=? where picture_id=?
update picture set spot_id=341, url='java.io.StringReader@134eb263' where picture_id=1155;
2022-10-10 13:48:04.432  INFO 3923 --- [    Test worker] p6spy                                    : #1665377284432 | took 0ms | statement | connection 22| url jdbc:h2:mem:6a3784ae-1aa6-4bbf-b617-4d4aeabcc2af
update picture set spot_id=?, url=? where picture_id=?
update picture set spot_id=342, url='java.io.StringReader@7b10e088' where picture_id=1157;
2022-10-10 13:48:04.432  INFO 3923 --- [    Test worker] p6spy                                    : #1665377284432 | took 0ms | statement | connection 22| url jdbc:h2:mem:6a3784ae-1aa6-4bbf-b617-4d4aeabcc2af
update picture set spot_id=?, url=? where picture_id=?
update picture set spot_id=342, url='java.io.StringReader@3135f5dd' where picture_id=1158;
2022-10-10 13:48:04.432  INFO 3923 --- [    Test worker] p6spy                                    : #1665377284432 | took 0ms | statement | connection 22| url jdbc:h2:mem:6a3784ae-1aa6-4bbf-b617-4d4aeabcc2af
update picture set spot_id=?, url=? where picture_id=?
update picture set spot_id=342, url='java.io.StringReader@1a6b7add' where picture_id=1159;
2022-10-10 13:48:04.432  INFO 3923 --- [    Test worker] p6spy                                    : #1665377284432 | took 0ms | statement | connection 22| url jdbc:h2:mem:6a3784ae-1aa6-4bbf-b617-4d4aeabcc2af
update picture set spot_id=?, url=? where picture_id=?
update picture set spot_id=343, url='java.io.StringReader@2cba6440' where picture_id=1161;
2022-10-10 13:48:04.432  INFO 3923 --- [    Test worker] p6spy                                    : #1665377284432 | took 0ms | statement | connection 22| url jdbc:h2:mem:6a3784ae-1aa6-4bbf-b617-4d4aeabcc2af
update picture set spot_id=?, url=? where picture_id=?
update picture set spot_id=343, url='java.io.StringReader@700f1538' where picture_id=1162;
2022-10-10 13:48:04.432  INFO 3923 --- [    Test worker] p6spy                                    : #1665377284432 | took 0ms | statement | connection 22| url jdbc:h2:mem:6a3784ae-1aa6-4bbf-b617-4d4aeabcc2af
update picture set spot_id=?, url=? where picture_id=?
update picture set spot_id=343, url='java.io.StringReader@1f11cffc' where picture_id=1163;
2022-10-10 13:48:04.432  INFO 3923 --- [    Test worker] p6spy                                    : #1665377284432 | took 0ms | statement | connection 22| url jdbc:h2:mem:6a3784ae-1aa6-4bbf-b617-4d4aeabcc2af
update picture set spot_id=?, url=? where picture_id=?
update picture set spot_id=344, url='java.io.StringReader@b84163' where picture_id=1165;
2022-10-10 13:48:04.432  INFO 3923 --- [    Test worker] p6spy                                    : #1665377284432 | took 0ms | statement | connection 22| url jdbc:h2:mem:6a3784ae-1aa6-4bbf-b617-4d4aeabcc2af
update picture set spot_id=?, url=? where picture_id=?
update picture set spot_id=344, url='java.io.StringReader@1325b6a6' where picture_id=1166;
2022-10-10 13:48:04.432  INFO 3923 --- [    Test worker] p6spy                                    : #1665377284432 | took 0ms | statement | connection 22| url jdbc:h2:mem:6a3784ae-1aa6-4bbf-b617-4d4aeabcc2af
update picture set spot_id=?, url=? where picture_id=?
update picture set spot_id=344, url='java.io.StringReader@66dcab95' where picture_id=1167;
2022-10-10 13:48:04.432  INFO 3923 --- [    Test worker] p6spy                                    : #1665377284432 | took 0ms | statement | connection 22| url jdbc:h2:mem:6a3784ae-1aa6-4bbf-b617-4d4aeabcc2af
update picture set spot_id=?, url=? where picture_id=?
update picture set spot_id=345, url='java.io.StringReader@750fae53' where picture_id=1169;
2022-10-10 13:48:04.432  INFO 3923 --- [    Test worker] p6spy                                    : #1665377284432 | took 0ms | statement | connection 22| url jdbc:h2:mem:6a3784ae-1aa6-4bbf-b617-4d4aeabcc2af
update picture set spot_id=?, url=? where picture_id=?
update picture set spot_id=345, url='java.io.StringReader@123de29f' where picture_id=1170;
2022-10-10 13:48:04.432  INFO 3923 --- [    Test worker] p6spy                                    : #1665377284432 | took 0ms | statement | connection 22| url jdbc:h2:mem:6a3784ae-1aa6-4bbf-b617-4d4aeabcc2af
update picture set spot_id=?, url=? where picture_id=?
update picture set spot_id=345, url='java.io.StringReader@751a9820' where picture_id=1171;
2022-10-10 13:48:04.432  INFO 3923 --- [    Test worker] p6spy                                    : #1665377284432 | took 0ms | statement | connection 22| url jdbc:h2:mem:6a3784ae-1aa6-4bbf-b617-4d4aeabcc2af
update picture set spot_id=?, url=? where picture_id=?
update picture set spot_id=346, url='java.io.StringReader@7d829005' where picture_id=1173;
2022-10-10 13:48:04.432  INFO 3923 --- [    Test worker] p6spy                                    : #1665377284432 | took 0ms | statement | connection 22| url jdbc:h2:mem:6a3784ae-1aa6-4bbf-b617-4d4aeabcc2af
update picture set spot_id=?, url=? where picture_id=?
update picture set spot_id=346, url='java.io.StringReader@99bff40' where picture_id=1174;
2022-10-10 13:48:04.432  INFO 3923 --- [    Test worker] p6spy                                    : #1665377284432 | took 0ms | statement | connection 22| url jdbc:h2:mem:6a3784ae-1aa6-4bbf-b617-4d4aeabcc2af
update picture set spot_id=?, url=? where picture_id=?
update picture set spot_id=346, url='java.io.StringReader@7e5266e2' where picture_id=1175;
2022-10-10 13:48:04.433  INFO 3923 --- [    Test worker] p6spy                                    : #1665377284433 | took 0ms | statement | connection 22| url jdbc:h2:mem:6a3784ae-1aa6-4bbf-b617-4d4aeabcc2af
update picture set spot_id=?, url=? where picture_id=?
update picture set spot_id=347, url='java.io.StringReader@61f2c1da' where picture_id=1177;
2022-10-10 13:48:04.433  INFO 3923 --- [    Test worker] p6spy                                    : #1665377284433 | took 0ms | statement | connection 22| url jdbc:h2:mem:6a3784ae-1aa6-4bbf-b617-4d4aeabcc2af
update picture set spot_id=?, url=? where picture_id=?
update picture set spot_id=347, url='java.io.StringReader@1ad779a6' where picture_id=1178;
2022-10-10 13:48:04.433  INFO 3923 --- [    Test worker] p6spy                                    : #1665377284433 | took 0ms | statement | connection 22| url jdbc:h2:mem:6a3784ae-1aa6-4bbf-b617-4d4aeabcc2af
update picture set spot_id=?, url=? where picture_id=?
update picture set spot_id=347, url='java.io.StringReader@6b5d5561' where picture_id=1179;
2022-10-10 13:48:04.433  INFO 3923 --- [    Test worker] p6spy                                    : #1665377284433 | took 0ms | statement | connection 22| url jdbc:h2:mem:6a3784ae-1aa6-4bbf-b617-4d4aeabcc2af
update picture set spot_id=?, url=? where picture_id=?
update picture set spot_id=348, url='java.io.StringReader@7de72197' where picture_id=1181;
2022-10-10 13:48:04.433  INFO 3923 --- [    Test worker] p6spy                                    : #1665377284433 | took 0ms | statement | connection 22| url jdbc:h2:mem:6a3784ae-1aa6-4bbf-b617-4d4aeabcc2af
update picture set spot_id=?, url=? where picture_id=?
update picture set spot_id=348, url='java.io.StringReader@22efbbdd' where picture_id=1182;
2022-10-10 13:48:04.433  INFO 3923 --- [    Test worker] p6spy                                    : #1665377284433 | took 0ms | statement | connection 22| url jdbc:h2:mem:6a3784ae-1aa6-4bbf-b617-4d4aeabcc2af
update picture set spot_id=?, url=? where picture_id=?
update picture set spot_id=348, url='java.io.StringReader@1312e82d' where picture_id=1183;
2022-10-10 13:48:04.433  INFO 3923 --- [    Test worker] p6spy                                    : #1665377284433 | took 0ms | statement | connection 22| url jdbc:h2:mem:6a3784ae-1aa6-4bbf-b617-4d4aeabcc2af
update picture set spot_id=?, url=? where picture_id=?
update picture set spot_id=349, url='java.io.StringReader@446a5090' where picture_id=1185;
2022-10-10 13:48:04.433  INFO 3923 --- [    Test worker] p6spy                                    : #1665377284433 | took 0ms | statement | connection 22| url jdbc:h2:mem:6a3784ae-1aa6-4bbf-b617-4d4aeabcc2af
update picture set spot_id=?, url=? where picture_id=?
update picture set spot_id=349, url='java.io.StringReader@1913cde9' where picture_id=1186;
2022-10-10 13:48:04.433  INFO 3923 --- [    Test worker] p6spy                                    : #1665377284433 | took 0ms | statement | connection 22| url jdbc:h2:mem:6a3784ae-1aa6-4bbf-b617-4d4aeabcc2af
update picture set spot_id=?, url=? where picture_id=?
update picture set spot_id=349, url='java.io.StringReader@550b7a92' where picture_id=1187;
2022-10-10 13:48:04.433  INFO 3923 --- [    Test worker] p6spy                                    : #1665377284433 | took 0ms | statement | connection 22| url jdbc:h2:mem:6a3784ae-1aa6-4bbf-b617-4d4aeabcc2af
update picture set spot_id=?, url=? where picture_id=?
update picture set spot_id=350, url='java.io.StringReader@e4868de' where picture_id=1189;
2022-10-10 13:48:04.433  INFO 3923 --- [    Test worker] p6spy                                    : #1665377284433 | took 0ms | statement | connection 22| url jdbc:h2:mem:6a3784ae-1aa6-4bbf-b617-4d4aeabcc2af
update picture set spot_id=?, url=? where picture_id=?
update picture set spot_id=350, url='java.io.StringReader@59a09a27' where picture_id=1190;
2022-10-10 13:48:04.433  INFO 3923 --- [    Test worker] p6spy                                    : #1665377284433 | took 0ms | statement | connection 22| url jdbc:h2:mem:6a3784ae-1aa6-4bbf-b617-4d4aeabcc2af
update picture set spot_id=?, url=? where picture_id=?
update picture set spot_id=350, url='java.io.StringReader@560c326f' where picture_id=1191;
2022-10-10 13:48:04.433  INFO 3923 --- [    Test worker] p6spy                                    : #1665377284433 | took 0ms | statement | connection 22| url jdbc:h2:mem:6a3784ae-1aa6-4bbf-b617-4d4aeabcc2af
update picture set spot_id=?, url=? where picture_id=?
update picture set spot_id=351, url='java.io.StringReader@717a02a2' where picture_id=1193;
2022-10-10 13:48:04.433  INFO 3923 --- [    Test worker] p6spy                                    : #1665377284433 | took 0ms | statement | connection 22| url jdbc:h2:mem:6a3784ae-1aa6-4bbf-b617-4d4aeabcc2af
update picture set spot_id=?, url=? where picture_id=?
update picture set spot_id=351, url='java.io.StringReader@f76dae9' where picture_id=1194;
2022-10-10 13:48:04.433  INFO 3923 --- [    Test worker] p6spy                                    : #1665377284433 | took 0ms | statement | connection 22| url jdbc:h2:mem:6a3784ae-1aa6-4bbf-b617-4d4aeabcc2af
update picture set spot_id=?, url=? where picture_id=?
update picture set spot_id=351, url='java.io.StringReader@70ea0d65' where picture_id=1195;
2022-10-10 13:48:04.433  INFO 3923 --- [    Test worker] p6spy                                    : #1665377284433 | took 0ms | statement | connection 22| url jdbc:h2:mem:6a3784ae-1aa6-4bbf-b617-4d4aeabcc2af
update picture set spot_id=?, url=? where picture_id=?
update picture set spot_id=352, url='java.io.StringReader@30e0aaa0' where picture_id=1197;
2022-10-10 13:48:04.433  INFO 3923 --- [    Test worker] p6spy                                    : #1665377284433 | took 0ms | statement | connection 22| url jdbc:h2:mem:6a3784ae-1aa6-4bbf-b617-4d4aeabcc2af
update picture set spot_id=?, url=? where picture_id=?
update picture set spot_id=352, url='java.io.StringReader@59168cdc' where picture_id=1198;
2022-10-10 13:48:04.433  INFO 3923 --- [    Test worker] p6spy                                    : #1665377284433 | took 0ms | statement | connection 22| url jdbc:h2:mem:6a3784ae-1aa6-4bbf-b617-4d4aeabcc2af
update picture set spot_id=?, url=? where picture_id=?
update picture set spot_id=352, url='java.io.StringReader@19a51054' where picture_id=1199;
2022-10-10 13:48:04.433  INFO 3923 --- [    Test worker] p6spy                                    : #1665377284433 | took 0ms | statement | connection 22| url jdbc:h2:mem:6a3784ae-1aa6-4bbf-b617-4d4aeabcc2af
update picture set spot_id=?, url=? where picture_id=?
update picture set spot_id=353, url='java.io.StringReader@22e9122a' where picture_id=1201;
2022-10-10 13:48:04.433  INFO 3923 --- [    Test worker] p6spy                                    : #1665377284433 | took 0ms | statement | connection 22| url jdbc:h2:mem:6a3784ae-1aa6-4bbf-b617-4d4aeabcc2af
update picture set spot_id=?, url=? where picture_id=?
update picture set spot_id=353, url='java.io.StringReader@6e3a8d16' where picture_id=1202;
2022-10-10 13:48:04.433  INFO 3923 --- [    Test worker] p6spy                                    : #1665377284433 | took 0ms | statement | connection 22| url jdbc:h2:mem:6a3784ae-1aa6-4bbf-b617-4d4aeabcc2af
update picture set spot_id=?, url=? where picture_id=?
update picture set spot_id=353, url='java.io.StringReader@1dd6812a' where picture_id=1203;
2022-10-10 13:48:04.433  INFO 3923 --- [    Test worker] p6spy                                    : #1665377284433 | took 0ms | statement | connection 22| url jdbc:h2:mem:6a3784ae-1aa6-4bbf-b617-4d4aeabcc2af
update picture set spot_id=?, url=? where picture_id=?
update picture set spot_id=354, url='java.io.StringReader@2b9f0fee' where picture_id=1205;
2022-10-10 13:48:04.433  INFO 3923 --- [    Test worker] p6spy                                    : #1665377284433 | took 0ms | statement | connection 22| url jdbc:h2:mem:6a3784ae-1aa6-4bbf-b617-4d4aeabcc2af
update picture set spot_id=?, url=? where picture_id=?
update picture set spot_id=354, url='java.io.StringReader@7bd395f7' where picture_id=1206;
2022-10-10 13:48:04.433  INFO 3923 --- [    Test worker] p6spy                                    : #1665377284433 | took 0ms | statement | connection 22| url jdbc:h2:mem:6a3784ae-1aa6-4bbf-b617-4d4aeabcc2af
update picture set spot_id=?, url=? where picture_id=?
update picture set spot_id=354, url='java.io.StringReader@2105a3b5' where picture_id=1207;
2022-10-10 13:48:04.433  INFO 3923 --- [    Test worker] p6spy                                    : #1665377284433 | took 0ms | statement | connection 22| url jdbc:h2:mem:6a3784ae-1aa6-4bbf-b617-4d4aeabcc2af
update picture set spot_id=?, url=? where picture_id=?
update picture set spot_id=355, url='java.io.StringReader@129a09d9' where picture_id=1209;
2022-10-10 13:48:04.433  INFO 3923 --- [    Test worker] p6spy                                    : #1665377284433 | took 0ms | statement | connection 22| url jdbc:h2:mem:6a3784ae-1aa6-4bbf-b617-4d4aeabcc2af
update picture set spot_id=?, url=? where picture_id=?
update picture set spot_id=355, url='java.io.StringReader@3eb022c2' where picture_id=1210;
2022-10-10 13:48:04.433  INFO 3923 --- [    Test worker] p6spy                                    : #1665377284433 | took 0ms | statement | connection 22| url jdbc:h2:mem:6a3784ae-1aa6-4bbf-b617-4d4aeabcc2af
update picture set spot_id=?, url=? where picture_id=?
update picture set spot_id=355, url='java.io.StringReader@4af3e017' where picture_id=1211;
2022-10-10 13:48:04.433  INFO 3923 --- [    Test worker] p6spy                                    : #1665377284433 | took 0ms | statement | connection 22| url jdbc:h2:mem:6a3784ae-1aa6-4bbf-b617-4d4aeabcc2af
update picture set spot_id=?, url=? where picture_id=?
update picture set spot_id=356, url='java.io.StringReader@4eb7603f' where picture_id=1213;
2022-10-10 13:48:04.433  INFO 3923 --- [    Test worker] p6spy                                    : #1665377284433 | took 0ms | statement | connection 22| url jdbc:h2:mem:6a3784ae-1aa6-4bbf-b617-4d4aeabcc2af
update picture set spot_id=?, url=? where picture_id=?
update picture set spot_id=356, url='java.io.StringReader@63c7beef' where picture_id=1214;
2022-10-10 13:48:04.433  INFO 3923 --- [    Test worker] p6spy                                    : #1665377284433 | took 0ms | statement | connection 22| url jdbc:h2:mem:6a3784ae-1aa6-4bbf-b617-4d4aeabcc2af
update picture set spot_id=?, url=? where picture_id=?
update picture set spot_id=356, url='java.io.StringReader@259e235e' where picture_id=1215;
2022-10-10 13:48:04.434  INFO 3923 --- [    Test worker] p6spy                                    : #1665377284434 | took 0ms | statement | connection 22| url jdbc:h2:mem:6a3784ae-1aa6-4bbf-b617-4d4aeabcc2af
update picture set spot_id=?, url=? where picture_id=?
update picture set spot_id=357, url='java.io.StringReader@4b6607a' where picture_id=1217;
2022-10-10 13:48:04.434  INFO 3923 --- [    Test worker] p6spy                                    : #1665377284434 | took 0ms | statement | connection 22| url jdbc:h2:mem:6a3784ae-1aa6-4bbf-b617-4d4aeabcc2af
update picture set spot_id=?, url=? where picture_id=?
update picture set spot_id=357, url='java.io.StringReader@74943348' where picture_id=1218;
2022-10-10 13:48:04.434  INFO 3923 --- [    Test worker] p6spy                                    : #1665377284434 | took 0ms | statement | connection 22| url jdbc:h2:mem:6a3784ae-1aa6-4bbf-b617-4d4aeabcc2af
update picture set spot_id=?, url=? where picture_id=?
update picture set spot_id=357, url='java.io.StringReader@347749f2' where picture_id=1219;
2022-10-10 13:48:04.434  INFO 3923 --- [    Test worker] p6spy                                    : #1665377284434 | took 0ms | statement | connection 22| url jdbc:h2:mem:6a3784ae-1aa6-4bbf-b617-4d4aeabcc2af
update picture set spot_id=?, url=? where picture_id=?
update picture set spot_id=358, url='java.io.StringReader@69176296' where picture_id=1221;
2022-10-10 13:48:04.434  INFO 3923 --- [    Test worker] p6spy                                    : #1665377284434 | took 0ms | statement | connection 22| url jdbc:h2:mem:6a3784ae-1aa6-4bbf-b617-4d4aeabcc2af
update picture set spot_id=?, url=? where picture_id=?
update picture set spot_id=358, url='java.io.StringReader@2d0d31a0' where picture_id=1222;
2022-10-10 13:48:04.434  INFO 3923 --- [    Test worker] p6spy                                    : #1665377284434 | took 0ms | statement | connection 22| url jdbc:h2:mem:6a3784ae-1aa6-4bbf-b617-4d4aeabcc2af
update picture set spot_id=?, url=? where picture_id=?
update picture set spot_id=358, url='java.io.StringReader@14a5bfd2' where picture_id=1223;
2022-10-10 13:48:04.434  INFO 3923 --- [    Test worker] p6spy                                    : #1665377284434 | took 0ms | statement | connection 22| url jdbc:h2:mem:6a3784ae-1aa6-4bbf-b617-4d4aeabcc2af
update picture set spot_id=?, url=? where picture_id=?
update picture set spot_id=359, url='java.io.StringReader@3bc645e0' where picture_id=1225;
2022-10-10 13:48:04.434  INFO 3923 --- [    Test worker] p6spy                                    : #1665377284434 | took 0ms | statement | connection 22| url jdbc:h2:mem:6a3784ae-1aa6-4bbf-b617-4d4aeabcc2af
update picture set spot_id=?, url=? where picture_id=?
update picture set spot_id=359, url='java.io.StringReader@3a77f91a' where picture_id=1226;
2022-10-10 13:48:04.434  INFO 3923 --- [    Test worker] p6spy                                    : #1665377284434 | took 0ms | statement | connection 22| url jdbc:h2:mem:6a3784ae-1aa6-4bbf-b617-4d4aeabcc2af
update picture set spot_id=?, url=? where picture_id=?
update picture set spot_id=359, url='java.io.StringReader@365e3ddd' where picture_id=1227;
2022-10-10 13:48:04.434  INFO 3923 --- [    Test worker] p6spy                                    : #1665377284434 | took 0ms | statement | connection 22| url jdbc:h2:mem:6a3784ae-1aa6-4bbf-b617-4d4aeabcc2af
update picture set spot_id=?, url=? where picture_id=?
update picture set spot_id=360, url='java.io.StringReader@21431d8a' where picture_id=1229;
2022-10-10 13:48:04.434  INFO 3923 --- [    Test worker] p6spy                                    : #1665377284434 | took 0ms | statement | connection 22| url jdbc:h2:mem:6a3784ae-1aa6-4bbf-b617-4d4aeabcc2af
update picture set spot_id=?, url=? where picture_id=?
update picture set spot_id=360, url='java.io.StringReader@5f078f1f' where picture_id=1230;
2022-10-10 13:48:04.434  INFO 3923 --- [    Test worker] p6spy                                    : #1665377284434 | took 0ms | statement | connection 22| url jdbc:h2:mem:6a3784ae-1aa6-4bbf-b617-4d4aeabcc2af
update picture set spot_id=?, url=? where picture_id=?
update picture set spot_id=360, url='java.io.StringReader@df0380a' where picture_id=1231;
2022-10-10 13:48:04.434  INFO 3923 --- [    Test worker] p6spy                                    : #1665377284434 | took 0ms | statement | connection 22| url jdbc:h2:mem:6a3784ae-1aa6-4bbf-b617-4d4aeabcc2af
update picture set spot_id=?, url=? where picture_id=?
update picture set spot_id=361, url='java.io.StringReader@2540e6f8' where picture_id=1233;
2022-10-10 13:48:04.434  INFO 3923 --- [    Test worker] p6spy                                    : #1665377284434 | took 0ms | statement | connection 22| url jdbc:h2:mem:6a3784ae-1aa6-4bbf-b617-4d4aeabcc2af
update picture set spot_id=?, url=? where picture_id=?
update picture set spot_id=361, url='java.io.StringReader@546df3ad' where picture_id=1234;
2022-10-10 13:48:04.434  INFO 3923 --- [    Test worker] p6spy                                    : #1665377284434 | took 0ms | statement | connection 22| url jdbc:h2:mem:6a3784ae-1aa6-4bbf-b617-4d4aeabcc2af
update picture set spot_id=?, url=? where picture_id=?
update picture set spot_id=361, url='java.io.StringReader@73c4cb8' where picture_id=1235;
2022-10-10 13:48:04.434  INFO 3923 --- [    Test worker] p6spy                                    : #1665377284434 | took 0ms | statement | connection 22| url jdbc:h2:mem:6a3784ae-1aa6-4bbf-b617-4d4aeabcc2af
update picture set spot_id=?, url=? where picture_id=?
update picture set spot_id=362, url='java.io.StringReader@76618828' where picture_id=1237;
2022-10-10 13:48:04.434  INFO 3923 --- [    Test worker] p6spy                                    : #1665377284434 | took 0ms | statement | connection 22| url jdbc:h2:mem:6a3784ae-1aa6-4bbf-b617-4d4aeabcc2af
update picture set spot_id=?, url=? where picture_id=?
update picture set spot_id=362, url='java.io.StringReader@116aadb9' where picture_id=1238;
2022-10-10 13:48:04.434  INFO 3923 --- [    Test worker] p6spy                                    : #1665377284434 | took 0ms | statement | connection 22| url jdbc:h2:mem:6a3784ae-1aa6-4bbf-b617-4d4aeabcc2af
update picture set spot_id=?, url=? where picture_id=?
update picture set spot_id=362, url='java.io.StringReader@2afd2c08' where picture_id=1239;
2022-10-10 13:48:04.434  INFO 3923 --- [    Test worker] p6spy                                    : #1665377284434 | took 0ms | statement | connection 22| url jdbc:h2:mem:6a3784ae-1aa6-4bbf-b617-4d4aeabcc2af
update picture set spot_id=?, url=? where picture_id=?
update picture set spot_id=363, url='java.io.StringReader@14a78b6c' where picture_id=1241;
2022-10-10 13:48:04.434  INFO 3923 --- [    Test worker] p6spy                                    : #1665377284434 | took 0ms | statement | connection 22| url jdbc:h2:mem:6a3784ae-1aa6-4bbf-b617-4d4aeabcc2af
update picture set spot_id=?, url=? where picture_id=?
update picture set spot_id=363, url='java.io.StringReader@6a2b1cdc' where picture_id=1242;
2022-10-10 13:48:04.434  INFO 3923 --- [    Test worker] p6spy                                    : #1665377284434 | took 0ms | statement | connection 22| url jdbc:h2:mem:6a3784ae-1aa6-4bbf-b617-4d4aeabcc2af
update picture set spot_id=?, url=? where picture_id=?
update picture set spot_id=363, url='java.io.StringReader@108f19c7' where picture_id=1243;
2022-10-10 13:48:04.434  INFO 3923 --- [    Test worker] p6spy                                    : #1665377284434 | took 0ms | statement | connection 22| url jdbc:h2:mem:6a3784ae-1aa6-4bbf-b617-4d4aeabcc2af
update picture set spot_id=?, url=? where picture_id=?
update picture set spot_id=364, url='java.io.StringReader@5fa70745' where picture_id=1245;
2022-10-10 13:48:04.434  INFO 3923 --- [    Test worker] p6spy                                    : #1665377284434 | took 0ms | statement | connection 22| url jdbc:h2:mem:6a3784ae-1aa6-4bbf-b617-4d4aeabcc2af
update picture set spot_id=?, url=? where picture_id=?
update picture set spot_id=364, url='java.io.StringReader@69c70887' where picture_id=1246;
2022-10-10 13:48:04.434  INFO 3923 --- [    Test worker] p6spy                                    : #1665377284434 | took 0ms | statement | connection 22| url jdbc:h2:mem:6a3784ae-1aa6-4bbf-b617-4d4aeabcc2af
update picture set spot_id=?, url=? where picture_id=?
update picture set spot_id=364, url='java.io.StringReader@1c56ca37' where picture_id=1247;
2022-10-10 13:48:04.434  INFO 3923 --- [    Test worker] p6spy                                    : #1665377284434 | took 0ms | statement | connection 22| url jdbc:h2:mem:6a3784ae-1aa6-4bbf-b617-4d4aeabcc2af
update picture set spot_id=?, url=? where picture_id=?
update picture set spot_id=365, url='java.io.StringReader@1e0f6ad3' where picture_id=1249;
2022-10-10 13:48:04.434  INFO 3923 --- [    Test worker] p6spy                                    : #1665377284434 | took 0ms | statement | connection 22| url jdbc:h2:mem:6a3784ae-1aa6-4bbf-b617-4d4aeabcc2af
update picture set spot_id=?, url=? where picture_id=?
update picture set spot_id=365, url='java.io.StringReader@75293ab6' where picture_id=1250;
2022-10-10 13:48:04.434  INFO 3923 --- [    Test worker] p6spy                                    : #1665377284434 | took 0ms | statement | connection 22| url jdbc:h2:mem:6a3784ae-1aa6-4bbf-b617-4d4aeabcc2af
update picture set spot_id=?, url=? where picture_id=?
update picture set spot_id=365, url='java.io.StringReader@1be982b9' where picture_id=1251;
2022-10-10 13:48:04.434  INFO 3923 --- [    Test worker] p6spy                                    : #1665377284434 | took 0ms | statement | connection 22| url jdbc:h2:mem:6a3784ae-1aa6-4bbf-b617-4d4aeabcc2af
update picture set spot_id=?, url=? where picture_id=?
update picture set spot_id=366, url='java.io.StringReader@17f74794' where picture_id=1253;
2022-10-10 13:48:04.434  INFO 3923 --- [    Test worker] p6spy                                    : #1665377284434 | took 0ms | statement | connection 22| url jdbc:h2:mem:6a3784ae-1aa6-4bbf-b617-4d4aeabcc2af
update picture set spot_id=?, url=? where picture_id=?
update picture set spot_id=366, url='java.io.StringReader@5a6a3251' where picture_id=1254;
2022-10-10 13:48:04.434  INFO 3923 --- [    Test worker] p6spy                                    : #1665377284434 | took 0ms | statement | connection 22| url jdbc:h2:mem:6a3784ae-1aa6-4bbf-b617-4d4aeabcc2af
update picture set spot_id=?, url=? where picture_id=?
update picture set spot_id=366, url='java.io.StringReader@343131f7' where picture_id=1255;
2022-10-10 13:48:04.435  INFO 3923 --- [    Test worker] p6spy                                    : #1665377284435 | took 0ms | statement | connection 22| url jdbc:h2:mem:6a3784ae-1aa6-4bbf-b617-4d4aeabcc2af
update picture set spot_id=?, url=? where picture_id=?
update picture set spot_id=367, url='java.io.StringReader@6c892117' where picture_id=1257;
2022-10-10 13:48:04.435  INFO 3923 --- [    Test worker] p6spy                                    : #1665377284435 | took 0ms | statement | connection 22| url jdbc:h2:mem:6a3784ae-1aa6-4bbf-b617-4d4aeabcc2af
update picture set spot_id=?, url=? where picture_id=?
update picture set spot_id=367, url='java.io.StringReader@4ad7985d' where picture_id=1258;
2022-10-10 13:48:04.435  INFO 3923 --- [    Test worker] p6spy                                    : #1665377284435 | took 0ms | statement | connection 22| url jdbc:h2:mem:6a3784ae-1aa6-4bbf-b617-4d4aeabcc2af
update picture set spot_id=?, url=? where picture_id=?
update picture set spot_id=367, url='java.io.StringReader@e44a73a' where picture_id=1259;
2022-10-10 13:48:04.435  INFO 3923 --- [    Test worker] p6spy                                    : #1665377284435 | took 0ms | statement | connection 22| url jdbc:h2:mem:6a3784ae-1aa6-4bbf-b617-4d4aeabcc2af
update picture set spot_id=?, url=? where picture_id=?
update picture set spot_id=368, url='java.io.StringReader@151c870d' where picture_id=1261;
2022-10-10 13:48:04.435  INFO 3923 --- [    Test worker] p6spy                                    : #1665377284435 | took 0ms | statement | connection 22| url jdbc:h2:mem:6a3784ae-1aa6-4bbf-b617-4d4aeabcc2af
update picture set spot_id=?, url=? where picture_id=?
update picture set spot_id=368, url='java.io.StringReader@61625dd6' where picture_id=1262;
2022-10-10 13:48:04.435  INFO 3923 --- [    Test worker] p6spy                                    : #1665377284435 | took 0ms | statement | connection 22| url jdbc:h2:mem:6a3784ae-1aa6-4bbf-b617-4d4aeabcc2af
update picture set spot_id=?, url=? where picture_id=?
update picture set spot_id=368, url='java.io.StringReader@6e4a2790' where picture_id=1263;
2022-10-10 13:48:04.435  INFO 3923 --- [    Test worker] c.j.r.FavoriteSpotQueryRepositoryTest    : member1 = Member(id=12, username=member1, email=member1@gmail.com, password=1234)
2022-10-10 13:48:04.435  INFO 3923 --- [    Test worker] c.j.r.FavoriteSpotQueryRepositoryTest    : favoriteMain = Favorite(id=36, name=1일차)
2022-10-10 13:48:04.435  INFO 3923 --- [    Test worker] c.j.r.FavoriteSpotQueryRepositoryTest    : spots[0] = capstone.jejuTourrecommend.domain.Spot@62231c0f
2022-10-10 13:48:04.435  INFO 3923 --- [    Test worker] c.j.r.FavoriteSpotQueryRepositoryTest    : favoriteSpots[0] = FavoriteSpot(id=271, count=0)
2022-10-10 13:48:04.438  INFO 3923 --- [    Test worker] p6spy                                    : #1665377284438 | took 0ms | statement | connection 22| url jdbc:h2:mem:6a3784ae-1aa6-4bbf-b617-4d4aeabcc2af
select favoritesp0_.favorite_spot_id as favorite1_1_0_, spot1_.spot_id as spot_id1_7_1_, favoritesp0_.count as count2_1_0_, favoritesp0_.favorite_id as favorite3_1_0_, favoritesp0_.spot_id as spot_id4_1_0_, spot1_.address as address2_7_1_, spot1_.description as descript3_7_1_, spot1_.location as location4_7_1_, spot1_.name as name5_7_1_, spot1_.score_id as score_id6_7_1_ from favorite_spot favoritesp0_ inner join spot spot1_ on favoritesp0_.spot_id=spot1_.spot_id where favoritesp0_.favorite_id=?
select favoritesp0_.favorite_spot_id as favorite1_1_0_, spot1_.spot_id as spot_id1_7_1_, favoritesp0_.count as count2_1_0_, favoritesp0_.favorite_id as favorite3_1_0_, favoritesp0_.spot_id as spot_id4_1_0_, spot1_.address as address2_7_1_, spot1_.description as descript3_7_1_, spot1_.location as location4_7_1_, spot1_.name as name5_7_1_, spot1_.score_id as score_id6_7_1_ from favorite_spot favoritesp0_ inner join spot spot1_ on favoritesp0_.spot_id=spot1_.spot_id where favoritesp0_.favorite_id=1;
2022-10-10 13:48:04.442  INFO 3923 --- [    Test worker] p6spy                                    : #1665377284442 | took 0ms | statement | connection 22| url jdbc:h2:mem:6a3784ae-1aa6-4bbf-b617-4d4aeabcc2af
select spot0_.spot_id as spot_id1_7_0_, pictures1_.picture_id as picture_1_4_1_, spot0_.address as address2_7_0_, spot0_.description as descript3_7_0_, spot0_.location as location4_7_0_, spot0_.name as name5_7_0_, spot0_.score_id as score_id6_7_0_, pictures1_.spot_id as spot_id3_4_1_, pictures1_.url as url2_4_1_, pictures1_.spot_id as spot_id3_4_0__, pictures1_.picture_id as picture_1_4_0__ from spot spot0_ inner join picture pictures1_ on spot0_.spot_id=pictures1_.spot_id where 1=2
select spot0_.spot_id as spot_id1_7_0_, pictures1_.picture_id as picture_1_4_1_, spot0_.address as address2_7_0_, spot0_.description as descript3_7_0_, spot0_.location as location4_7_0_, spot0_.name as name5_7_0_, spot0_.score_id as score_id6_7_0_, pictures1_.spot_id as spot_id3_4_1_, pictures1_.url as url2_4_1_, pictures1_.spot_id as spot_id3_4_0__, pictures1_.picture_id as picture_1_4_0__ from spot spot0_ inner join picture pictures1_ on spot0_.spot_id=pictures1_.spot_id where 1=2;
2022-10-10 13:48:04.442  INFO 3923 --- [    Test worker] c.j.r.FavoriteSpotQueryRepositoryTest    : spotListDtos = [] 
2022-10-10 13:48:04.449  INFO 3923 --- [    Test worker] p6spy                                    : #1665377284449 | took 5ms | rollback | connection 22| url jdbc:h2:mem:6a3784ae-1aa6-4bbf-b617-4d4aeabcc2af

;
2022-10-10 13:48:04.450  INFO 3923 --- [    Test worker] o.s.t.c.transaction.TransactionContext   : Rolled back transaction for test: [DefaultTestContext@792484df testClass = FavoriteSpotQueryRepositoryTest, testInstance = capstone.jejuTourrecommend.repository.FavoriteSpotQueryRepositoryTest@78582926, testMethod = favoriteSpotListTest@FavoriteSpotQueryRepositoryTest, testException = [null], mergedContextConfiguration = [WebMergedContextConfiguration@2efe360c testClass = FavoriteSpotQueryRepositoryTest, locations = '{}', classes = '{class capstone.jejuTourrecommend.JejuTourRecommendApplication}', contextInitializerClasses = '[]', activeProfiles = '{}', propertySourceLocations = '{}', propertySourceProperties = '{org.springframework.boot.test.context.SpringBootTestContextBootstrapper=true}', contextCustomizers = set[org.springframework.boot.test.autoconfigure.actuate.metrics.MetricsExportContextCustomizerFactory$DisableMetricExportContextCustomizer@239b0f9d, org.springframework.boot.test.autoconfigure.properties.PropertyMappingContextCustomizer@0, org.springframework.boot.test.autoconfigure.web.servlet.WebDriverContextCustomizerFactory$Customizer@c260bdc, org.springframework.boot.test.context.filter.ExcludeFilterContextCustomizer@3f363cf5, org.springframework.boot.test.json.DuplicateJsonObjectContextCustomizerFactory$DuplicateJsonObjectContextCustomizer@1bb1fde8, org.springframework.boot.test.mock.mockito.MockitoContextCustomizer@0, org.springframework.boot.test.web.client.TestRestTemplateContextCustomizer@26a4842b, org.springframework.boot.test.context.SpringBootTestArgs@1, org.springframework.boot.test.context.SpringBootTestWebEnvironment@34b9f960], resourceBasePath = 'src/main/webapp', contextLoader = 'org.springframework.boot.test.context.SpringBootContextLoader', parent = [null]], attributes = map['org.springframework.test.context.web.ServletTestExecutionListener.activateListener' -> true, 'org.springframework.test.context.web.ServletTestExecutionListener.populatedRequestContextHolder' -> true, 'org.springframework.test.context.web.ServletTestExecutionListener.resetRequestContextHolder' -> true, 'org.springframework.test.context.event.ApplicationEventsTestExecutionListener.recordApplicationEvents' -> false]]
2022-10-10 13:48:04.451  INFO 3923 --- [    Test worker] o.s.t.c.transaction.TransactionContext   : Began transaction (1) for test context [DefaultTestContext@792484df testClass = FavoriteSpotQueryRepositoryTest, testInstance = capstone.jejuTourrecommend.repository.FavoriteSpotQueryRepositoryTest@57618fcd, testMethod = optimizationFavoriteListTest@FavoriteSpotQueryRepositoryTest, testException = [null], mergedContextConfiguration = [WebMergedContextConfiguration@2efe360c testClass = FavoriteSpotQueryRepositoryTest, locations = '{}', classes = '{class capstone.jejuTourrecommend.JejuTourRecommendApplication}', contextInitializerClasses = '[]', activeProfiles = '{}', propertySourceLocations = '{}', propertySourceProperties = '{org.springframework.boot.test.context.SpringBootTestContextBootstrapper=true}', contextCustomizers = set[org.springframework.boot.test.autoconfigure.actuate.metrics.MetricsExportContextCustomizerFactory$DisableMetricExportContextCustomizer@239b0f9d, org.springframework.boot.test.autoconfigure.properties.PropertyMappingContextCustomizer@0, org.springframework.boot.test.autoconfigure.web.servlet.WebDriverContextCustomizerFactory$Customizer@c260bdc, org.springframework.boot.test.context.filter.ExcludeFilterContextCustomizer@3f363cf5, org.springframework.boot.test.json.DuplicateJsonObjectContextCustomizerFactory$DuplicateJsonObjectContextCustomizer@1bb1fde8, org.springframework.boot.test.mock.mockito.MockitoContextCustomizer@0, org.springframework.boot.test.web.client.TestRestTemplateContextCustomizer@26a4842b, org.springframework.boot.test.context.SpringBootTestArgs@1, org.springframework.boot.test.context.SpringBootTestWebEnvironment@34b9f960], resourceBasePath = 'src/main/webapp', contextLoader = 'org.springframework.boot.test.context.SpringBootContextLoader', parent = [null]], attributes = map['org.springframework.test.context.web.ServletTestExecutionListener.activateListener' -> true, 'org.springframework.test.context.web.ServletTestExecutionListener.populatedRequestContextHolder' -> true, 'org.springframework.test.context.web.ServletTestExecutionListener.resetRequestContextHolder' -> true, 'org.springframework.test.context.event.ApplicationEventsTestExecutionListener.recordApplicationEvents' -> false]]; transaction manager [org.springframework.orm.jpa.JpaTransactionManager@5843ab8]; rollback [true]
2022-10-10 13:48:04.452  INFO 3923 --- [    Test worker] c.j.r.FavoriteSpotQueryRepositoryTest    : member1 =Member(id=14, username=member1, email=member1@gmail.com, password=1234)
2022-10-10 13:48:04.452  INFO 3923 --- [    Test worker] p6spy                                    : #1665377284452 | took 0ms | statement | connection 23| url jdbc:h2:mem:6a3784ae-1aa6-4bbf-b617-4d4aeabcc2af
call next value for hibernate_sequence
call next value for hibernate_sequence;
2022-10-10 13:48:04.452  INFO 3923 --- [    Test worker] p6spy                                    : #1665377284452 | took 0ms | statement | connection 23| url jdbc:h2:mem:6a3784ae-1aa6-4bbf-b617-4d4aeabcc2af
call next value for hibernate_sequence
call next value for hibernate_sequence;
2022-10-10 13:48:04.452  INFO 3923 --- [    Test worker] p6spy                                    : #1665377284452 | took 0ms | statement | connection 23| url jdbc:h2:mem:6a3784ae-1aa6-4bbf-b617-4d4aeabcc2af
call next value for hibernate_sequence
call next value for hibernate_sequence;
2022-10-10 13:48:04.453  INFO 3923 --- [    Test worker] p6spy                                    : #1665377284453 | took 0ms | statement | connection 23| url jdbc:h2:mem:6a3784ae-1aa6-4bbf-b617-4d4aeabcc2af
call next value for hibernate_sequence
call next value for hibernate_sequence;
2022-10-10 13:48:04.453  INFO 3923 --- [    Test worker] c.j.r.FavoriteSpotQueryRepositoryTest    : favoriteSpot = FavoriteSpot(id=321, count=0)
2022-10-10 13:48:04.453  INFO 3923 --- [    Test worker] c.j.r.FavoriteSpotQueryRepositoryTest    : Spot = capstone.jejuTourrecommend.domain.Spot@2e7be4d2
2022-10-10 13:48:04.453  INFO 3923 --- [    Test worker] p6spy                                    : #1665377284453 | took 0ms | statement | connection 23| url jdbc:h2:mem:6a3784ae-1aa6-4bbf-b617-4d4aeabcc2af
call next value for hibernate_sequence
call next value for hibernate_sequence;
2022-10-10 13:48:04.453  INFO 3923 --- [    Test worker] p6spy                                    : #1665377284453 | took 0ms | statement | connection 23| url jdbc:h2:mem:6a3784ae-1aa6-4bbf-b617-4d4aeabcc2af
call next value for hibernate_sequence
call next value for hibernate_sequence;
2022-10-10 13:48:04.453  INFO 3923 --- [    Test worker] p6spy                                    : #1665377284453 | took 0ms | statement | connection 23| url jdbc:h2:mem:6a3784ae-1aa6-4bbf-b617-4d4aeabcc2af
call next value for hibernate_sequence
call next value for hibernate_sequence;
2022-10-10 13:48:04.453  INFO 3923 --- [    Test worker] p6spy                                    : #1665377284453 | took 0ms | statement | connection 23| url jdbc:h2:mem:6a3784ae-1aa6-4bbf-b617-4d4aeabcc2af
call next value for hibernate_sequence
call next value for hibernate_sequence;
2022-10-10 13:48:04.453  INFO 3923 --- [    Test worker] p6spy                                    : #1665377284453 | took 0ms | statement | connection 23| url jdbc:h2:mem:6a3784ae-1aa6-4bbf-b617-4d4aeabcc2af
call next value for hibernate_sequence
call next value for hibernate_sequence;
2022-10-10 13:48:04.453  INFO 3923 --- [    Test worker] p6spy                                    : #1665377284453 | took 0ms | statement | connection 23| url jdbc:h2:mem:6a3784ae-1aa6-4bbf-b617-4d4aeabcc2af
call next value for hibernate_sequence
call next value for hibernate_sequence;
2022-10-10 13:48:04.453  INFO 3923 --- [    Test worker] p6spy                                    : #1665377284453 | took 0ms | statement | connection 23| url jdbc:h2:mem:6a3784ae-1aa6-4bbf-b617-4d4aeabcc2af
call next value for hibernate_sequence
call next value for hibernate_sequence;
2022-10-10 13:48:04.453  INFO 3923 --- [    Test worker] p6spy                                    : #1665377284453 | took 0ms | statement | connection 23| url jdbc:h2:mem:6a3784ae-1aa6-4bbf-b617-4d4aeabcc2af
call next value for hibernate_sequence
call next value for hibernate_sequence;
2022-10-10 13:48:04.453  INFO 3923 --- [    Test worker] c.j.r.FavoriteSpotQueryRepositoryTest    : favoriteSpot = FavoriteSpot(id=322, count=0)
2022-10-10 13:48:04.453  INFO 3923 --- [    Test worker] c.j.r.FavoriteSpotQueryRepositoryTest    : Spot = capstone.jejuTourrecommend.domain.Spot@3be91ea0
2022-10-10 13:48:04.453  INFO 3923 --- [    Test worker] p6spy                                    : #1665377284453 | took 0ms | statement | connection 23| url jdbc:h2:mem:6a3784ae-1aa6-4bbf-b617-4d4aeabcc2af
call next value for hibernate_sequence
call next value for hibernate_sequence;
2022-10-10 13:48:04.453  INFO 3923 --- [    Test worker] p6spy                                    : #1665377284453 | took 0ms | statement | connection 23| url jdbc:h2:mem:6a3784ae-1aa6-4bbf-b617-4d4aeabcc2af
call next value for hibernate_sequence
call next value for hibernate_sequence;
2022-10-10 13:48:04.453  INFO 3923 --- [    Test worker] p6spy                                    : #1665377284453 | took 0ms | statement | connection 23| url jdbc:h2:mem:6a3784ae-1aa6-4bbf-b617-4d4aeabcc2af
call next value for hibernate_sequence
call next value for hibernate_sequence;
2022-10-10 13:48:04.453  INFO 3923 --- [    Test worker] p6spy                                    : #1665377284453 | took 0ms | statement | connection 23| url jdbc:h2:mem:6a3784ae-1aa6-4bbf-b617-4d4aeabcc2af
call next value for hibernate_sequence
call next value for hibernate_sequence;
2022-10-10 13:48:04.453  INFO 3923 --- [    Test worker] p6spy                                    : #1665377284453 | took 0ms | statement | connection 23| url jdbc:h2:mem:6a3784ae-1aa6-4bbf-b617-4d4aeabcc2af
call next value for hibernate_sequence
call next value for hibernate_sequence;
2022-10-10 13:48:04.453  INFO 3923 --- [    Test worker] p6spy                                    : #1665377284453 | took 0ms | statement | connection 23| url jdbc:h2:mem:6a3784ae-1aa6-4bbf-b617-4d4aeabcc2af
call next value for hibernate_sequence
call next value for hibernate_sequence;
2022-10-10 13:48:04.453  INFO 3923 --- [    Test worker] p6spy                                    : #1665377284453 | took 0ms | statement | connection 23| url jdbc:h2:mem:6a3784ae-1aa6-4bbf-b617-4d4aeabcc2af
call next value for hibernate_sequence
call next value for hibernate_sequence;
2022-10-10 13:48:04.453  INFO 3923 --- [    Test worker] p6spy                                    : #1665377284453 | took 0ms | statement | connection 23| url jdbc:h2:mem:6a3784ae-1aa6-4bbf-b617-4d4aeabcc2af
call next value for hibernate_sequence
call next value for hibernate_sequence;
2022-10-10 13:48:04.453  INFO 3923 --- [    Test worker] c.j.r.FavoriteSpotQueryRepositoryTest    : favoriteSpot = FavoriteSpot(id=323, count=0)
2022-10-10 13:48:04.453  INFO 3923 --- [    Test worker] c.j.r.FavoriteSpotQueryRepositoryTest    : Spot = capstone.jejuTourrecommend.domain.Spot@3887bf5b
2022-10-10 13:48:04.453  INFO 3923 --- [    Test worker] p6spy                                    : #1665377284453 | took 0ms | statement | connection 23| url jdbc:h2:mem:6a3784ae-1aa6-4bbf-b617-4d4aeabcc2af
call next value for hibernate_sequence
call next value for hibernate_sequence;
2022-10-10 13:48:04.453  INFO 3923 --- [    Test worker] p6spy                                    : #1665377284453 | took 0ms | statement | connection 23| url jdbc:h2:mem:6a3784ae-1aa6-4bbf-b617-4d4aeabcc2af
call next value for hibernate_sequence
call next value for hibernate_sequence;
2022-10-10 13:48:04.453  INFO 3923 --- [    Test worker] p6spy                                    : #1665377284453 | took 0ms | statement | connection 23| url jdbc:h2:mem:6a3784ae-1aa6-4bbf-b617-4d4aeabcc2af
call next value for hibernate_sequence
call next value for hibernate_sequence;
2022-10-10 13:48:04.453  INFO 3923 --- [    Test worker] p6spy                                    : #1665377284453 | took 0ms | statement | connection 23| url jdbc:h2:mem:6a3784ae-1aa6-4bbf-b617-4d4aeabcc2af
call next value for hibernate_sequence
call next value for hibernate_sequence;
2022-10-10 13:48:04.453  INFO 3923 --- [    Test worker] p6spy                                    : #1665377284453 | took 0ms | statement | connection 23| url jdbc:h2:mem:6a3784ae-1aa6-4bbf-b617-4d4aeabcc2af
call next value for hibernate_sequence
call next value for hibernate_sequence;
2022-10-10 13:48:04.453  INFO 3923 --- [    Test worker] p6spy                                    : #1665377284453 | took 0ms | statement | connection 23| url jdbc:h2:mem:6a3784ae-1aa6-4bbf-b617-4d4aeabcc2af
call next value for hibernate_sequence
call next value for hibernate_sequence;
2022-10-10 13:48:04.453  INFO 3923 --- [    Test worker] p6spy                                    : #1665377284453 | took 0ms | statement | connection 23| url jdbc:h2:mem:6a3784ae-1aa6-4bbf-b617-4d4aeabcc2af
call next value for hibernate_sequence
call next value for hibernate_sequence;
2022-10-10 13:48:04.453  INFO 3923 --- [    Test worker] p6spy                                    : #1665377284453 | took 0ms | statement | connection 23| url jdbc:h2:mem:6a3784ae-1aa6-4bbf-b617-4d4aeabcc2af
call next value for hibernate_sequence
call next value for hibernate_sequence;
2022-10-10 13:48:04.453  INFO 3923 --- [    Test worker] c.j.r.FavoriteSpotQueryRepositoryTest    : favoriteSpot = FavoriteSpot(id=324, count=0)
2022-10-10 13:48:04.454  INFO 3923 --- [    Test worker] c.j.r.FavoriteSpotQueryRepositoryTest    : Spot = capstone.jejuTourrecommend.domain.Spot@29328d92
2022-10-10 13:48:04.454  INFO 3923 --- [    Test worker] p6spy                                    : #1665377284454 | took 0ms | statement | connection 23| url jdbc:h2:mem:6a3784ae-1aa6-4bbf-b617-4d4aeabcc2af
call next value for hibernate_sequence
call next value for hibernate_sequence;
2022-10-10 13:48:04.454  INFO 3923 --- [    Test worker] p6spy                                    : #1665377284454 | took 0ms | statement | connection 23| url jdbc:h2:mem:6a3784ae-1aa6-4bbf-b617-4d4aeabcc2af
call next value for hibernate_sequence
call next value for hibernate_sequence;
2022-10-10 13:48:04.454  INFO 3923 --- [    Test worker] p6spy                                    : #1665377284454 | took 0ms | statement | connection 23| url jdbc:h2:mem:6a3784ae-1aa6-4bbf-b617-4d4aeabcc2af
call next value for hibernate_sequence
call next value for hibernate_sequence;
2022-10-10 13:48:04.454  INFO 3923 --- [    Test worker] p6spy                                    : #1665377284454 | took 0ms | statement | connection 23| url jdbc:h2:mem:6a3784ae-1aa6-4bbf-b617-4d4aeabcc2af
call next value for hibernate_sequence
call next value for hibernate_sequence;
2022-10-10 13:48:04.454  INFO 3923 --- [    Test worker] p6spy                                    : #1665377284454 | took 0ms | statement | connection 23| url jdbc:h2:mem:6a3784ae-1aa6-4bbf-b617-4d4aeabcc2af
call next value for hibernate_sequence
call next value for hibernate_sequence;
2022-10-10 13:48:04.454  INFO 3923 --- [    Test worker] p6spy                                    : #1665377284454 | took 0ms | statement | connection 23| url jdbc:h2:mem:6a3784ae-1aa6-4bbf-b617-4d4aeabcc2af
call next value for hibernate_sequence
call next value for hibernate_sequence;
2022-10-10 13:48:04.454  INFO 3923 --- [    Test worker] p6spy                                    : #1665377284454 | took 0ms | statement | connection 23| url jdbc:h2:mem:6a3784ae-1aa6-4bbf-b617-4d4aeabcc2af
call next value for hibernate_sequence
call next value for hibernate_sequence;
2022-10-10 13:48:04.454  INFO 3923 --- [    Test worker] p6spy                                    : #1665377284454 | took 0ms | statement | connection 23| url jdbc:h2:mem:6a3784ae-1aa6-4bbf-b617-4d4aeabcc2af
call next value for hibernate_sequence
call next value for hibernate_sequence;
2022-10-10 13:48:04.454  INFO 3923 --- [    Test worker] c.j.r.FavoriteSpotQueryRepositoryTest    : favoriteSpot = FavoriteSpot(id=325, count=0)
2022-10-10 13:48:04.454  INFO 3923 --- [    Test worker] c.j.r.FavoriteSpotQueryRepositoryTest    : Spot = capstone.jejuTourrecommend.domain.Spot@5883102c
2022-10-10 13:48:04.454  INFO 3923 --- [    Test worker] p6spy                                    : #1665377284454 | took 0ms | statement | connection 23| url jdbc:h2:mem:6a3784ae-1aa6-4bbf-b617-4d4aeabcc2af
call next value for hibernate_sequence
call next value for hibernate_sequence;
2022-10-10 13:48:04.454  INFO 3923 --- [    Test worker] p6spy                                    : #1665377284454 | took 0ms | statement | connection 23| url jdbc:h2:mem:6a3784ae-1aa6-4bbf-b617-4d4aeabcc2af
call next value for hibernate_sequence
call next value for hibernate_sequence;
2022-10-10 13:48:04.454  INFO 3923 --- [    Test worker] p6spy                                    : #1665377284454 | took 0ms | statement | connection 23| url jdbc:h2:mem:6a3784ae-1aa6-4bbf-b617-4d4aeabcc2af
call next value for hibernate_sequence
call next value for hibernate_sequence;
2022-10-10 13:48:04.454  INFO 3923 --- [    Test worker] p6spy                                    : #1665377284454 | took 0ms | statement | connection 23| url jdbc:h2:mem:6a3784ae-1aa6-4bbf-b617-4d4aeabcc2af
call next value for hibernate_sequence
call next value for hibernate_sequence;
2022-10-10 13:48:04.454  INFO 3923 --- [    Test worker] p6spy                                    : #1665377284454 | took 0ms | statement | connection 23| url jdbc:h2:mem:6a3784ae-1aa6-4bbf-b617-4d4aeabcc2af
call next value for hibernate_sequence
call next value for hibernate_sequence;
2022-10-10 13:48:04.454  INFO 3923 --- [    Test worker] p6spy                                    : #1665377284454 | took 0ms | statement | connection 23| url jdbc:h2:mem:6a3784ae-1aa6-4bbf-b617-4d4aeabcc2af
call next value for hibernate_sequence
call next value for hibernate_sequence;
2022-10-10 13:48:04.454  INFO 3923 --- [    Test worker] p6spy                                    : #1665377284454 | took 0ms | statement | connection 23| url jdbc:h2:mem:6a3784ae-1aa6-4bbf-b617-4d4aeabcc2af
call next value for hibernate_sequence
call next value for hibernate_sequence;
2022-10-10 13:48:04.454  INFO 3923 --- [    Test worker] p6spy                                    : #1665377284454 | took 0ms | statement | connection 23| url jdbc:h2:mem:6a3784ae-1aa6-4bbf-b617-4d4aeabcc2af
call next value for hibernate_sequence
call next value for hibernate_sequence;
2022-10-10 13:48:04.454  INFO 3923 --- [    Test worker] c.j.r.FavoriteSpotQueryRepositoryTest    : favoriteSpot = FavoriteSpot(id=326, count=0)
2022-10-10 13:48:04.454  INFO 3923 --- [    Test worker] c.j.r.FavoriteSpotQueryRepositoryTest    : Spot = capstone.jejuTourrecommend.domain.Spot@3859b186
2022-10-10 13:48:04.454  INFO 3923 --- [    Test worker] p6spy                                    : #1665377284454 | took 0ms | statement | connection 23| url jdbc:h2:mem:6a3784ae-1aa6-4bbf-b617-4d4aeabcc2af
call next value for hibernate_sequence
call next value for hibernate_sequence;
2022-10-10 13:48:04.454  INFO 3923 --- [    Test worker] p6spy                                    : #1665377284454 | took 0ms | statement | connection 23| url jdbc:h2:mem:6a3784ae-1aa6-4bbf-b617-4d4aeabcc2af
call next value for hibernate_sequence
call next value for hibernate_sequence;
2022-10-10 13:48:04.454  INFO 3923 --- [    Test worker] p6spy                                    : #1665377284454 | took 0ms | statement | connection 23| url jdbc:h2:mem:6a3784ae-1aa6-4bbf-b617-4d4aeabcc2af
call next value for hibernate_sequence
call next value for hibernate_sequence;
2022-10-10 13:48:04.454  INFO 3923 --- [    Test worker] p6spy                                    : #1665377284454 | took 0ms | statement | connection 23| url jdbc:h2:mem:6a3784ae-1aa6-4bbf-b617-4d4aeabcc2af
call next value for hibernate_sequence
call next value for hibernate_sequence;
2022-10-10 13:48:04.454  INFO 3923 --- [    Test worker] p6spy                                    : #1665377284454 | took 0ms | statement | connection 23| url jdbc:h2:mem:6a3784ae-1aa6-4bbf-b617-4d4aeabcc2af
call next value for hibernate_sequence
call next value for hibernate_sequence;
2022-10-10 13:48:04.454  INFO 3923 --- [    Test worker] p6spy                                    : #1665377284454 | took 0ms | statement | connection 23| url jdbc:h2:mem:6a3784ae-1aa6-4bbf-b617-4d4aeabcc2af
call next value for hibernate_sequence
call next value for hibernate_sequence;
2022-10-10 13:48:04.454  INFO 3923 --- [    Test worker] p6spy                                    : #1665377284454 | took 0ms | statement | connection 23| url jdbc:h2:mem:6a3784ae-1aa6-4bbf-b617-4d4aeabcc2af
call next value for hibernate_sequence
call next value for hibernate_sequence;
2022-10-10 13:48:04.454  INFO 3923 --- [    Test worker] p6spy                                    : #1665377284454 | took 0ms | statement | connection 23| url jdbc:h2:mem:6a3784ae-1aa6-4bbf-b617-4d4aeabcc2af
call next value for hibernate_sequence
call next value for hibernate_sequence;
2022-10-10 13:48:04.454  INFO 3923 --- [    Test worker] c.j.r.FavoriteSpotQueryRepositoryTest    : favoriteSpot = FavoriteSpot(id=327, count=0)
2022-10-10 13:48:04.454  INFO 3923 --- [    Test worker] c.j.r.FavoriteSpotQueryRepositoryTest    : Spot = capstone.jejuTourrecommend.domain.Spot@611ddac3
2022-10-10 13:48:04.454  INFO 3923 --- [    Test worker] p6spy                                    : #1665377284454 | took 0ms | statement | connection 23| url jdbc:h2:mem:6a3784ae-1aa6-4bbf-b617-4d4aeabcc2af
call next value for hibernate_sequence
call next value for hibernate_sequence;
2022-10-10 13:48:04.454  INFO 3923 --- [    Test worker] p6spy                                    : #1665377284454 | took 0ms | statement | connection 23| url jdbc:h2:mem:6a3784ae-1aa6-4bbf-b617-4d4aeabcc2af
call next value for hibernate_sequence
call next value for hibernate_sequence;
2022-10-10 13:48:04.454  INFO 3923 --- [    Test worker] p6spy                                    : #1665377284454 | took 0ms | statement | connection 23| url jdbc:h2:mem:6a3784ae-1aa6-4bbf-b617-4d4aeabcc2af
call next value for hibernate_sequence
call next value for hibernate_sequence;
2022-10-10 13:48:04.454  INFO 3923 --- [    Test worker] p6spy                                    : #1665377284454 | took 0ms | statement | connection 23| url jdbc:h2:mem:6a3784ae-1aa6-4bbf-b617-4d4aeabcc2af
call next value for hibernate_sequence
call next value for hibernate_sequence;
2022-10-10 13:48:04.454  INFO 3923 --- [    Test worker] p6spy                                    : #1665377284454 | took 0ms | statement | connection 23| url jdbc:h2:mem:6a3784ae-1aa6-4bbf-b617-4d4aeabcc2af
call next value for hibernate_sequence
call next value for hibernate_sequence;
2022-10-10 13:48:04.454  INFO 3923 --- [    Test worker] p6spy                                    : #1665377284454 | took 0ms | statement | connection 23| url jdbc:h2:mem:6a3784ae-1aa6-4bbf-b617-4d4aeabcc2af
call next value for hibernate_sequence
call next value for hibernate_sequence;
2022-10-10 13:48:04.455  INFO 3923 --- [    Test worker] p6spy                                    : #1665377284455 | took 0ms | statement | connection 23| url jdbc:h2:mem:6a3784ae-1aa6-4bbf-b617-4d4aeabcc2af
call next value for hibernate_sequence
call next value for hibernate_sequence;
2022-10-10 13:48:04.455  INFO 3923 --- [    Test worker] p6spy                                    : #1665377284455 | took 0ms | statement | connection 23| url jdbc:h2:mem:6a3784ae-1aa6-4bbf-b617-4d4aeabcc2af
call next value for hibernate_sequence
call next value for hibernate_sequence;
2022-10-10 13:48:04.455  INFO 3923 --- [    Test worker] c.j.r.FavoriteSpotQueryRepositoryTest    : favoriteSpot = FavoriteSpot(id=328, count=0)
2022-10-10 13:48:04.455  INFO 3923 --- [    Test worker] c.j.r.FavoriteSpotQueryRepositoryTest    : Spot = capstone.jejuTourrecommend.domain.Spot@44c3a4c2
2022-10-10 13:48:04.455  INFO 3923 --- [    Test worker] p6spy                                    : #1665377284455 | took 0ms | statement | connection 23| url jdbc:h2:mem:6a3784ae-1aa6-4bbf-b617-4d4aeabcc2af
call next value for hibernate_sequence
call next value for hibernate_sequence;
2022-10-10 13:48:04.455  INFO 3923 --- [    Test worker] p6spy                                    : #1665377284455 | took 0ms | statement | connection 23| url jdbc:h2:mem:6a3784ae-1aa6-4bbf-b617-4d4aeabcc2af
call next value for hibernate_sequence
call next value for hibernate_sequence;
2022-10-10 13:48:04.455  INFO 3923 --- [    Test worker] p6spy                                    : #1665377284455 | took 0ms | statement | connection 23| url jdbc:h2:mem:6a3784ae-1aa6-4bbf-b617-4d4aeabcc2af
call next value for hibernate_sequence
call next value for hibernate_sequence;
2022-10-10 13:48:04.455  INFO 3923 --- [    Test worker] p6spy                                    : #1665377284455 | took 0ms | statement | connection 23| url jdbc:h2:mem:6a3784ae-1aa6-4bbf-b617-4d4aeabcc2af
call next value for hibernate_sequence
call next value for hibernate_sequence;
2022-10-10 13:48:04.455  INFO 3923 --- [    Test worker] p6spy                                    : #1665377284455 | took 0ms | statement | connection 23| url jdbc:h2:mem:6a3784ae-1aa6-4bbf-b617-4d4aeabcc2af
call next value for hibernate_sequence
call next value for hibernate_sequence;
2022-10-10 13:48:04.455  INFO 3923 --- [    Test worker] p6spy                                    : #1665377284455 | took 0ms | statement | connection 23| url jdbc:h2:mem:6a3784ae-1aa6-4bbf-b617-4d4aeabcc2af
call next value for hibernate_sequence
call next value for hibernate_sequence;
2022-10-10 13:48:04.455  INFO 3923 --- [    Test worker] p6spy                                    : #1665377284455 | took 0ms | statement | connection 23| url jdbc:h2:mem:6a3784ae-1aa6-4bbf-b617-4d4aeabcc2af
call next value for hibernate_sequence
call next value for hibernate_sequence;
2022-10-10 13:48:04.455  INFO 3923 --- [    Test worker] p6spy                                    : #1665377284455 | took 0ms | statement | connection 23| url jdbc:h2:mem:6a3784ae-1aa6-4bbf-b617-4d4aeabcc2af
call next value for hibernate_sequence
call next value for hibernate_sequence;
2022-10-10 13:48:04.455  INFO 3923 --- [    Test worker] c.j.r.FavoriteSpotQueryRepositoryTest    : favoriteSpot = FavoriteSpot(id=329, count=0)
2022-10-10 13:48:04.455  INFO 3923 --- [    Test worker] c.j.r.FavoriteSpotQueryRepositoryTest    : Spot = capstone.jejuTourrecommend.domain.Spot@66403e70
2022-10-10 13:48:04.455  INFO 3923 --- [    Test worker] p6spy                                    : #1665377284455 | took 0ms | statement | connection 23| url jdbc:h2:mem:6a3784ae-1aa6-4bbf-b617-4d4aeabcc2af
call next value for hibernate_sequence
call next value for hibernate_sequence;
2022-10-10 13:48:04.455  INFO 3923 --- [    Test worker] p6spy                                    : #1665377284455 | took 0ms | statement | connection 23| url jdbc:h2:mem:6a3784ae-1aa6-4bbf-b617-4d4aeabcc2af
call next value for hibernate_sequence
call next value for hibernate_sequence;
2022-10-10 13:48:04.455  INFO 3923 --- [    Test worker] p6spy                                    : #1665377284455 | took 0ms | statement | connection 23| url jdbc:h2:mem:6a3784ae-1aa6-4bbf-b617-4d4aeabcc2af
call next value for hibernate_sequence
call next value for hibernate_sequence;
2022-10-10 13:48:04.455  INFO 3923 --- [    Test worker] p6spy                                    : #1665377284455 | took 0ms | statement | connection 23| url jdbc:h2:mem:6a3784ae-1aa6-4bbf-b617-4d4aeabcc2af
call next value for hibernate_sequence
call next value for hibernate_sequence;
2022-10-10 13:48:04.455  INFO 3923 --- [    Test worker] p6spy                                    : #1665377284455 | took 0ms | statement | connection 23| url jdbc:h2:mem:6a3784ae-1aa6-4bbf-b617-4d4aeabcc2af
call next value for hibernate_sequence
call next value for hibernate_sequence;
2022-10-10 13:48:04.455  INFO 3923 --- [    Test worker] p6spy                                    : #1665377284455 | took 0ms | statement | connection 23| url jdbc:h2:mem:6a3784ae-1aa6-4bbf-b617-4d4aeabcc2af
call next value for hibernate_sequence
call next value for hibernate_sequence;
2022-10-10 13:48:04.455  INFO 3923 --- [    Test worker] p6spy                                    : #1665377284455 | took 0ms | statement | connection 23| url jdbc:h2:mem:6a3784ae-1aa6-4bbf-b617-4d4aeabcc2af
call next value for hibernate_sequence
call next value for hibernate_sequence;
2022-10-10 13:48:04.455  INFO 3923 --- [    Test worker] p6spy                                    : #1665377284455 | took 0ms | statement | connection 23| url jdbc:h2:mem:6a3784ae-1aa6-4bbf-b617-4d4aeabcc2af
call next value for hibernate_sequence
call next value for hibernate_sequence;
2022-10-10 13:48:04.455  INFO 3923 --- [    Test worker] c.j.r.FavoriteSpotQueryRepositoryTest    : favoriteSpot = FavoriteSpot(id=330, count=0)
2022-10-10 13:48:04.455  INFO 3923 --- [    Test worker] c.j.r.FavoriteSpotQueryRepositoryTest    : Spot = capstone.jejuTourrecommend.domain.Spot@5e4a068f
2022-10-10 13:48:04.455  INFO 3923 --- [    Test worker] p6spy                                    : #1665377284455 | took 0ms | statement | connection 23| url jdbc:h2:mem:6a3784ae-1aa6-4bbf-b617-4d4aeabcc2af
call next value for hibernate_sequence
call next value for hibernate_sequence;
2022-10-10 13:48:04.455  INFO 3923 --- [    Test worker] p6spy                                    : #1665377284455 | took 0ms | statement | connection 23| url jdbc:h2:mem:6a3784ae-1aa6-4bbf-b617-4d4aeabcc2af
call next value for hibernate_sequence
call next value for hibernate_sequence;
2022-10-10 13:48:04.455  INFO 3923 --- [    Test worker] p6spy                                    : #1665377284455 | took 0ms | statement | connection 23| url jdbc:h2:mem:6a3784ae-1aa6-4bbf-b617-4d4aeabcc2af
call next value for hibernate_sequence
call next value for hibernate_sequence;
2022-10-10 13:48:04.455  INFO 3923 --- [    Test worker] p6spy                                    : #1665377284455 | took 0ms | statement | connection 23| url jdbc:h2:mem:6a3784ae-1aa6-4bbf-b617-4d4aeabcc2af
call next value for hibernate_sequence
call next value for hibernate_sequence;
2022-10-10 13:48:04.455  INFO 3923 --- [    Test worker] p6spy                                    : #1665377284455 | took 0ms | statement | connection 23| url jdbc:h2:mem:6a3784ae-1aa6-4bbf-b617-4d4aeabcc2af
call next value for hibernate_sequence
call next value for hibernate_sequence;
2022-10-10 13:48:04.455  INFO 3923 --- [    Test worker] p6spy                                    : #1665377284455 | took 0ms | statement | connection 23| url jdbc:h2:mem:6a3784ae-1aa6-4bbf-b617-4d4aeabcc2af
call next value for hibernate_sequence
call next value for hibernate_sequence;
2022-10-10 13:48:04.455  INFO 3923 --- [    Test worker] p6spy                                    : #1665377284455 | took 0ms | statement | connection 23| url jdbc:h2:mem:6a3784ae-1aa6-4bbf-b617-4d4aeabcc2af
call next value for hibernate_sequence
call next value for hibernate_sequence;
2022-10-10 13:48:04.455  INFO 3923 --- [    Test worker] p6spy                                    : #1665377284455 | took 0ms | statement | connection 23| url jdbc:h2:mem:6a3784ae-1aa6-4bbf-b617-4d4aeabcc2af
call next value for hibernate_sequence
call next value for hibernate_sequence;
2022-10-10 13:48:04.455  INFO 3923 --- [    Test worker] c.j.r.FavoriteSpotQueryRepositoryTest    : favoriteSpot = FavoriteSpot(id=331, count=0)
2022-10-10 13:48:04.455  INFO 3923 --- [    Test worker] c.j.r.FavoriteSpotQueryRepositoryTest    : Spot = capstone.jejuTourrecommend.domain.Spot@150ec661
2022-10-10 13:48:04.455  INFO 3923 --- [    Test worker] p6spy                                    : #1665377284455 | took 0ms | statement | connection 23| url jdbc:h2:mem:6a3784ae-1aa6-4bbf-b617-4d4aeabcc2af
call next value for hibernate_sequence
call next value for hibernate_sequence;
2022-10-10 13:48:04.455  INFO 3923 --- [    Test worker] p6spy                                    : #1665377284455 | took 0ms | statement | connection 23| url jdbc:h2:mem:6a3784ae-1aa6-4bbf-b617-4d4aeabcc2af
call next value for hibernate_sequence
call next value for hibernate_sequence;
2022-10-10 13:48:04.455  INFO 3923 --- [    Test worker] p6spy                                    : #1665377284455 | took 0ms | statement | connection 23| url jdbc:h2:mem:6a3784ae-1aa6-4bbf-b617-4d4aeabcc2af
call next value for hibernate_sequence
call next value for hibernate_sequence;
2022-10-10 13:48:04.455  INFO 3923 --- [    Test worker] p6spy                                    : #1665377284455 | took 0ms | statement | connection 23| url jdbc:h2:mem:6a3784ae-1aa6-4bbf-b617-4d4aeabcc2af
call next value for hibernate_sequence
call next value for hibernate_sequence;
2022-10-10 13:48:04.455  INFO 3923 --- [    Test worker] p6spy                                    : #1665377284455 | took 0ms | statement | connection 23| url jdbc:h2:mem:6a3784ae-1aa6-4bbf-b617-4d4aeabcc2af
call next value for hibernate_sequence
call next value for hibernate_sequence;
2022-10-10 13:48:04.455  INFO 3923 --- [    Test worker] p6spy                                    : #1665377284455 | took 0ms | statement | connection 23| url jdbc:h2:mem:6a3784ae-1aa6-4bbf-b617-4d4aeabcc2af
call next value for hibernate_sequence
call next value for hibernate_sequence;
2022-10-10 13:48:04.455  INFO 3923 --- [    Test worker] p6spy                                    : #1665377284455 | took 0ms | statement | connection 23| url jdbc:h2:mem:6a3784ae-1aa6-4bbf-b617-4d4aeabcc2af
call next value for hibernate_sequence
call next value for hibernate_sequence;
2022-10-10 13:48:04.455  INFO 3923 --- [    Test worker] p6spy                                    : #1665377284455 | took 0ms | statement | connection 23| url jdbc:h2:mem:6a3784ae-1aa6-4bbf-b617-4d4aeabcc2af
call next value for hibernate_sequence
call next value for hibernate_sequence;
2022-10-10 13:48:04.455  INFO 3923 --- [    Test worker] c.j.r.FavoriteSpotQueryRepositoryTest    : favoriteSpot = FavoriteSpot(id=332, count=0)
2022-10-10 13:48:04.455  INFO 3923 --- [    Test worker] c.j.r.FavoriteSpotQueryRepositoryTest    : Spot = capstone.jejuTourrecommend.domain.Spot@6d418b00
2022-10-10 13:48:04.456  INFO 3923 --- [    Test worker] p6spy                                    : #1665377284456 | took 0ms | statement | connection 23| url jdbc:h2:mem:6a3784ae-1aa6-4bbf-b617-4d4aeabcc2af
call next value for hibernate_sequence
call next value for hibernate_sequence;
2022-10-10 13:48:04.456  INFO 3923 --- [    Test worker] p6spy                                    : #1665377284456 | took 0ms | statement | connection 23| url jdbc:h2:mem:6a3784ae-1aa6-4bbf-b617-4d4aeabcc2af
call next value for hibernate_sequence
call next value for hibernate_sequence;
2022-10-10 13:48:04.456  INFO 3923 --- [    Test worker] p6spy                                    : #1665377284456 | took 0ms | statement | connection 23| url jdbc:h2:mem:6a3784ae-1aa6-4bbf-b617-4d4aeabcc2af
call next value for hibernate_sequence
call next value for hibernate_sequence;
2022-10-10 13:48:04.456  INFO 3923 --- [    Test worker] p6spy                                    : #1665377284456 | took 0ms | statement | connection 23| url jdbc:h2:mem:6a3784ae-1aa6-4bbf-b617-4d4aeabcc2af
call next value for hibernate_sequence
call next value for hibernate_sequence;
2022-10-10 13:48:04.456  INFO 3923 --- [    Test worker] p6spy                                    : #1665377284456 | took 0ms | statement | connection 23| url jdbc:h2:mem:6a3784ae-1aa6-4bbf-b617-4d4aeabcc2af
call next value for hibernate_sequence
call next value for hibernate_sequence;
2022-10-10 13:48:04.456  INFO 3923 --- [    Test worker] p6spy                                    : #1665377284456 | took 0ms | statement | connection 23| url jdbc:h2:mem:6a3784ae-1aa6-4bbf-b617-4d4aeabcc2af
call next value for hibernate_sequence
call next value for hibernate_sequence;
2022-10-10 13:48:04.456  INFO 3923 --- [    Test worker] p6spy                                    : #1665377284456 | took 0ms | statement | connection 23| url jdbc:h2:mem:6a3784ae-1aa6-4bbf-b617-4d4aeabcc2af
call next value for hibernate_sequence
call next value for hibernate_sequence;
2022-10-10 13:48:04.456  INFO 3923 --- [    Test worker] p6spy                                    : #1665377284456 | took 0ms | statement | connection 23| url jdbc:h2:mem:6a3784ae-1aa6-4bbf-b617-4d4aeabcc2af
call next value for hibernate_sequence
call next value for hibernate_sequence;
2022-10-10 13:48:04.456  INFO 3923 --- [    Test worker] c.j.r.FavoriteSpotQueryRepositoryTest    : favoriteSpot = FavoriteSpot(id=333, count=0)
2022-10-10 13:48:04.456  INFO 3923 --- [    Test worker] c.j.r.FavoriteSpotQueryRepositoryTest    : Spot = capstone.jejuTourrecommend.domain.Spot@46b6ce71
2022-10-10 13:48:04.456  INFO 3923 --- [    Test worker] p6spy                                    : #1665377284456 | took 0ms | statement | connection 23| url jdbc:h2:mem:6a3784ae-1aa6-4bbf-b617-4d4aeabcc2af
call next value for hibernate_sequence
call next value for hibernate_sequence;
2022-10-10 13:48:04.456  INFO 3923 --- [    Test worker] p6spy                                    : #1665377284456 | took 0ms | statement | connection 23| url jdbc:h2:mem:6a3784ae-1aa6-4bbf-b617-4d4aeabcc2af
call next value for hibernate_sequence
call next value for hibernate_sequence;
2022-10-10 13:48:04.456  INFO 3923 --- [    Test worker] p6spy                                    : #1665377284456 | took 0ms | statement | connection 23| url jdbc:h2:mem:6a3784ae-1aa6-4bbf-b617-4d4aeabcc2af
call next value for hibernate_sequence
call next value for hibernate_sequence;
2022-10-10 13:48:04.456  INFO 3923 --- [    Test worker] p6spy                                    : #1665377284456 | took 0ms | statement | connection 23| url jdbc:h2:mem:6a3784ae-1aa6-4bbf-b617-4d4aeabcc2af
call next value for hibernate_sequence
call next value for hibernate_sequence;
2022-10-10 13:48:04.456  INFO 3923 --- [    Test worker] p6spy                                    : #1665377284456 | took 0ms | statement | connection 23| url jdbc:h2:mem:6a3784ae-1aa6-4bbf-b617-4d4aeabcc2af
call next value for hibernate_sequence
call next value for hibernate_sequence;
2022-10-10 13:48:04.456  INFO 3923 --- [    Test worker] p6spy                                    : #1665377284456 | took 0ms | statement | connection 23| url jdbc:h2:mem:6a3784ae-1aa6-4bbf-b617-4d4aeabcc2af
call next value for hibernate_sequence
call next value for hibernate_sequence;
2022-10-10 13:48:04.456  INFO 3923 --- [    Test worker] p6spy                                    : #1665377284456 | took 0ms | statement | connection 23| url jdbc:h2:mem:6a3784ae-1aa6-4bbf-b617-4d4aeabcc2af
call next value for hibernate_sequence
call next value for hibernate_sequence;
2022-10-10 13:48:04.456  INFO 3923 --- [    Test worker] p6spy                                    : #1665377284456 | took 0ms | statement | connection 23| url jdbc:h2:mem:6a3784ae-1aa6-4bbf-b617-4d4aeabcc2af
call next value for hibernate_sequence
call next value for hibernate_sequence;
2022-10-10 13:48:04.456  INFO 3923 --- [    Test worker] c.j.r.FavoriteSpotQueryRepositoryTest    : favoriteSpot = FavoriteSpot(id=334, count=0)
2022-10-10 13:48:04.456  INFO 3923 --- [    Test worker] c.j.r.FavoriteSpotQueryRepositoryTest    : Spot = capstone.jejuTourrecommend.domain.Spot@7dd9a18c
2022-10-10 13:48:04.456  INFO 3923 --- [    Test worker] p6spy                                    : #1665377284456 | took 0ms | statement | connection 23| url jdbc:h2:mem:6a3784ae-1aa6-4bbf-b617-4d4aeabcc2af
call next value for hibernate_sequence
call next value for hibernate_sequence;
2022-10-10 13:48:04.456  INFO 3923 --- [    Test worker] p6spy                                    : #1665377284456 | took 0ms | statement | connection 23| url jdbc:h2:mem:6a3784ae-1aa6-4bbf-b617-4d4aeabcc2af
call next value for hibernate_sequence
call next value for hibernate_sequence;
2022-10-10 13:48:04.456  INFO 3923 --- [    Test worker] p6spy                                    : #1665377284456 | took 0ms | statement | connection 23| url jdbc:h2:mem:6a3784ae-1aa6-4bbf-b617-4d4aeabcc2af
call next value for hibernate_sequence
call next value for hibernate_sequence;
2022-10-10 13:48:04.456  INFO 3923 --- [    Test worker] p6spy                                    : #1665377284456 | took 0ms | statement | connection 23| url jdbc:h2:mem:6a3784ae-1aa6-4bbf-b617-4d4aeabcc2af
call next value for hibernate_sequence
call next value for hibernate_sequence;
2022-10-10 13:48:04.456  INFO 3923 --- [    Test worker] p6spy                                    : #1665377284456 | took 0ms | statement | connection 23| url jdbc:h2:mem:6a3784ae-1aa6-4bbf-b617-4d4aeabcc2af
call next value for hibernate_sequence
call next value for hibernate_sequence;
2022-10-10 13:48:04.456  INFO 3923 --- [    Test worker] p6spy                                    : #1665377284456 | took 0ms | statement | connection 23| url jdbc:h2:mem:6a3784ae-1aa6-4bbf-b617-4d4aeabcc2af
call next value for hibernate_sequence
call next value for hibernate_sequence;
2022-10-10 13:48:04.456  INFO 3923 --- [    Test worker] p6spy                                    : #1665377284456 | took 0ms | statement | connection 23| url jdbc:h2:mem:6a3784ae-1aa6-4bbf-b617-4d4aeabcc2af
call next value for hibernate_sequence
call next value for hibernate_sequence;
2022-10-10 13:48:04.456  INFO 3923 --- [    Test worker] p6spy                                    : #1665377284456 | took 0ms | statement | connection 23| url jdbc:h2:mem:6a3784ae-1aa6-4bbf-b617-4d4aeabcc2af
call next value for hibernate_sequence
call next value for hibernate_sequence;
2022-10-10 13:48:04.456  INFO 3923 --- [    Test worker] c.j.r.FavoriteSpotQueryRepositoryTest    : favoriteSpot = FavoriteSpot(id=335, count=0)
2022-10-10 13:48:04.456  INFO 3923 --- [    Test worker] c.j.r.FavoriteSpotQueryRepositoryTest    : Spot = capstone.jejuTourrecommend.domain.Spot@55b4ebbd
2022-10-10 13:48:04.456  INFO 3923 --- [    Test worker] p6spy                                    : #1665377284456 | took 0ms | statement | connection 23| url jdbc:h2:mem:6a3784ae-1aa6-4bbf-b617-4d4aeabcc2af
call next value for hibernate_sequence
call next value for hibernate_sequence;
2022-10-10 13:48:04.456  INFO 3923 --- [    Test worker] p6spy                                    : #1665377284456 | took 0ms | statement | connection 23| url jdbc:h2:mem:6a3784ae-1aa6-4bbf-b617-4d4aeabcc2af
call next value for hibernate_sequence
call next value for hibernate_sequence;
2022-10-10 13:48:04.456  INFO 3923 --- [    Test worker] p6spy                                    : #1665377284456 | took 0ms | statement | connection 23| url jdbc:h2:mem:6a3784ae-1aa6-4bbf-b617-4d4aeabcc2af
call next value for hibernate_sequence
call next value for hibernate_sequence;
2022-10-10 13:48:04.456  INFO 3923 --- [    Test worker] p6spy                                    : #1665377284456 | took 0ms | statement | connection 23| url jdbc:h2:mem:6a3784ae-1aa6-4bbf-b617-4d4aeabcc2af
call next value for hibernate_sequence
call next value for hibernate_sequence;
2022-10-10 13:48:04.456  INFO 3923 --- [    Test worker] p6spy                                    : #1665377284456 | took 0ms | statement | connection 23| url jdbc:h2:mem:6a3784ae-1aa6-4bbf-b617-4d4aeabcc2af
call next value for hibernate_sequence
call next value for hibernate_sequence;
2022-10-10 13:48:04.456  INFO 3923 --- [    Test worker] p6spy                                    : #1665377284456 | took 0ms | statement | connection 23| url jdbc:h2:mem:6a3784ae-1aa6-4bbf-b617-4d4aeabcc2af
call next value for hibernate_sequence
call next value for hibernate_sequence;
2022-10-10 13:48:04.456  INFO 3923 --- [    Test worker] p6spy                                    : #1665377284456 | took 0ms | statement | connection 23| url jdbc:h2:mem:6a3784ae-1aa6-4bbf-b617-4d4aeabcc2af
call next value for hibernate_sequence
call next value for hibernate_sequence;
2022-10-10 13:48:04.456  INFO 3923 --- [    Test worker] p6spy                                    : #1665377284456 | took 0ms | statement | connection 23| url jdbc:h2:mem:6a3784ae-1aa6-4bbf-b617-4d4aeabcc2af
call next value for hibernate_sequence
call next value for hibernate_sequence;
2022-10-10 13:48:04.456  INFO 3923 --- [    Test worker] c.j.r.FavoriteSpotQueryRepositoryTest    : favoriteSpot = FavoriteSpot(id=336, count=0)
2022-10-10 13:48:04.457  INFO 3923 --- [    Test worker] c.j.r.FavoriteSpotQueryRepositoryTest    : Spot = capstone.jejuTourrecommend.domain.Spot@6664d5e9
2022-10-10 13:48:04.457  INFO 3923 --- [    Test worker] p6spy                                    : #1665377284457 | took 0ms | statement | connection 23| url jdbc:h2:mem:6a3784ae-1aa6-4bbf-b617-4d4aeabcc2af
call next value for hibernate_sequence
call next value for hibernate_sequence;
2022-10-10 13:48:04.457  INFO 3923 --- [    Test worker] p6spy                                    : #1665377284457 | took 0ms | statement | connection 23| url jdbc:h2:mem:6a3784ae-1aa6-4bbf-b617-4d4aeabcc2af
call next value for hibernate_sequence
call next value for hibernate_sequence;
2022-10-10 13:48:04.457  INFO 3923 --- [    Test worker] p6spy                                    : #1665377284457 | took 0ms | statement | connection 23| url jdbc:h2:mem:6a3784ae-1aa6-4bbf-b617-4d4aeabcc2af
call next value for hibernate_sequence
call next value for hibernate_sequence;
2022-10-10 13:48:04.457  INFO 3923 --- [    Test worker] p6spy                                    : #1665377284457 | took 0ms | statement | connection 23| url jdbc:h2:mem:6a3784ae-1aa6-4bbf-b617-4d4aeabcc2af
call next value for hibernate_sequence
call next value for hibernate_sequence;
2022-10-10 13:48:04.457  INFO 3923 --- [    Test worker] p6spy                                    : #1665377284457 | took 0ms | statement | connection 23| url jdbc:h2:mem:6a3784ae-1aa6-4bbf-b617-4d4aeabcc2af
call next value for hibernate_sequence
call next value for hibernate_sequence;
2022-10-10 13:48:04.457  INFO 3923 --- [    Test worker] p6spy                                    : #1665377284457 | took 0ms | statement | connection 23| url jdbc:h2:mem:6a3784ae-1aa6-4bbf-b617-4d4aeabcc2af
call next value for hibernate_sequence
call next value for hibernate_sequence;
2022-10-10 13:48:04.457  INFO 3923 --- [    Test worker] p6spy                                    : #1665377284457 | took 0ms | statement | connection 23| url jdbc:h2:mem:6a3784ae-1aa6-4bbf-b617-4d4aeabcc2af
call next value for hibernate_sequence
call next value for hibernate_sequence;
2022-10-10 13:48:04.457  INFO 3923 --- [    Test worker] p6spy                                    : #1665377284457 | took 0ms | statement | connection 23| url jdbc:h2:mem:6a3784ae-1aa6-4bbf-b617-4d4aeabcc2af
call next value for hibernate_sequence
call next value for hibernate_sequence;
2022-10-10 13:48:04.457  INFO 3923 --- [    Test worker] c.j.r.FavoriteSpotQueryRepositoryTest    : favoriteSpot = FavoriteSpot(id=337, count=0)
2022-10-10 13:48:04.457  INFO 3923 --- [    Test worker] c.j.r.FavoriteSpotQueryRepositoryTest    : Spot = capstone.jejuTourrecommend.domain.Spot@721fadb4
2022-10-10 13:48:04.457  INFO 3923 --- [    Test worker] p6spy                                    : #1665377284457 | took 0ms | statement | connection 23| url jdbc:h2:mem:6a3784ae-1aa6-4bbf-b617-4d4aeabcc2af
call next value for hibernate_sequence
call next value for hibernate_sequence;
2022-10-10 13:48:04.457  INFO 3923 --- [    Test worker] p6spy                                    : #1665377284457 | took 0ms | statement | connection 23| url jdbc:h2:mem:6a3784ae-1aa6-4bbf-b617-4d4aeabcc2af
call next value for hibernate_sequence
call next value for hibernate_sequence;
2022-10-10 13:48:04.457  INFO 3923 --- [    Test worker] p6spy                                    : #1665377284457 | took 0ms | statement | connection 23| url jdbc:h2:mem:6a3784ae-1aa6-4bbf-b617-4d4aeabcc2af
call next value for hibernate_sequence
call next value for hibernate_sequence;
2022-10-10 13:48:04.457  INFO 3923 --- [    Test worker] p6spy                                    : #1665377284457 | took 0ms | statement | connection 23| url jdbc:h2:mem:6a3784ae-1aa6-4bbf-b617-4d4aeabcc2af
call next value for spot_seq
call next value for spot_seq;
2022-10-10 13:48:04.457  INFO 3923 --- [    Test worker] p6spy                                    : #1665377284457 | took 0ms | statement | connection 23| url jdbc:h2:mem:6a3784ae-1aa6-4bbf-b617-4d4aeabcc2af
call next value for hibernate_sequence
call next value for hibernate_sequence;
2022-10-10 13:48:04.457  INFO 3923 --- [    Test worker] p6spy                                    : #1665377284457 | took 0ms | statement | connection 23| url jdbc:h2:mem:6a3784ae-1aa6-4bbf-b617-4d4aeabcc2af
call next value for hibernate_sequence
call next value for hibernate_sequence;
2022-10-10 13:48:04.457  INFO 3923 --- [    Test worker] p6spy                                    : #1665377284457 | took 0ms | statement | connection 23| url jdbc:h2:mem:6a3784ae-1aa6-4bbf-b617-4d4aeabcc2af
call next value for hibernate_sequence
call next value for hibernate_sequence;
2022-10-10 13:48:04.457  INFO 3923 --- [    Test worker] p6spy                                    : #1665377284457 | took 0ms | statement | connection 23| url jdbc:h2:mem:6a3784ae-1aa6-4bbf-b617-4d4aeabcc2af
call next value for hibernate_sequence
call next value for hibernate_sequence;
2022-10-10 13:48:04.457  INFO 3923 --- [    Test worker] p6spy                                    : #1665377284457 | took 0ms | statement | connection 23| url jdbc:h2:mem:6a3784ae-1aa6-4bbf-b617-4d4aeabcc2af
call next value for hibernate_sequence
call next value for hibernate_sequence;
2022-10-10 13:48:04.457  INFO 3923 --- [    Test worker] c.j.r.FavoriteSpotQueryRepositoryTest    : favoriteSpot = FavoriteSpot(id=338, count=0)
2022-10-10 13:48:04.457  INFO 3923 --- [    Test worker] c.j.r.FavoriteSpotQueryRepositoryTest    : Spot = capstone.jejuTourrecommend.domain.Spot@67b856d6
2022-10-10 13:48:04.457  INFO 3923 --- [    Test worker] p6spy                                    : #1665377284457 | took 0ms | statement | connection 23| url jdbc:h2:mem:6a3784ae-1aa6-4bbf-b617-4d4aeabcc2af
call next value for hibernate_sequence
call next value for hibernate_sequence;
2022-10-10 13:48:04.457  INFO 3923 --- [    Test worker] p6spy                                    : #1665377284457 | took 0ms | statement | connection 23| url jdbc:h2:mem:6a3784ae-1aa6-4bbf-b617-4d4aeabcc2af
call next value for hibernate_sequence
call next value for hibernate_sequence;
2022-10-10 13:48:04.457  INFO 3923 --- [    Test worker] p6spy                                    : #1665377284457 | took 0ms | statement | connection 23| url jdbc:h2:mem:6a3784ae-1aa6-4bbf-b617-4d4aeabcc2af
call next value for hibernate_sequence
call next value for hibernate_sequence;
2022-10-10 13:48:04.457  INFO 3923 --- [    Test worker] p6spy                                    : #1665377284457 | took 0ms | statement | connection 23| url jdbc:h2:mem:6a3784ae-1aa6-4bbf-b617-4d4aeabcc2af
call next value for hibernate_sequence
call next value for hibernate_sequence;
2022-10-10 13:48:04.457  INFO 3923 --- [    Test worker] p6spy                                    : #1665377284457 | took 0ms | statement | connection 23| url jdbc:h2:mem:6a3784ae-1aa6-4bbf-b617-4d4aeabcc2af
call next value for hibernate_sequence
call next value for hibernate_sequence;
2022-10-10 13:48:04.457  INFO 3923 --- [    Test worker] p6spy                                    : #1665377284457 | took 0ms | statement | connection 23| url jdbc:h2:mem:6a3784ae-1aa6-4bbf-b617-4d4aeabcc2af
call next value for hibernate_sequence
call next value for hibernate_sequence;
2022-10-10 13:48:04.457  INFO 3923 --- [    Test worker] p6spy                                    : #1665377284457 | took 0ms | statement | connection 23| url jdbc:h2:mem:6a3784ae-1aa6-4bbf-b617-4d4aeabcc2af
call next value for hibernate_sequence
call next value for hibernate_sequence;
2022-10-10 13:48:04.457  INFO 3923 --- [    Test worker] p6spy                                    : #1665377284457 | took 0ms | statement | connection 23| url jdbc:h2:mem:6a3784ae-1aa6-4bbf-b617-4d4aeabcc2af
call next value for hibernate_sequence
call next value for hibernate_sequence;
2022-10-10 13:48:04.457  INFO 3923 --- [    Test worker] c.j.r.FavoriteSpotQueryRepositoryTest    : favoriteSpot = FavoriteSpot(id=339, count=0)
2022-10-10 13:48:04.457  INFO 3923 --- [    Test worker] c.j.r.FavoriteSpotQueryRepositoryTest    : Spot = capstone.jejuTourrecommend.domain.Spot@23fb50c7
2022-10-10 13:48:04.457  INFO 3923 --- [    Test worker] p6spy                                    : #1665377284457 | took 0ms | statement | connection 23| url jdbc:h2:mem:6a3784ae-1aa6-4bbf-b617-4d4aeabcc2af
call next value for hibernate_sequence
call next value for hibernate_sequence;
2022-10-10 13:48:04.457  INFO 3923 --- [    Test worker] p6spy                                    : #1665377284457 | took 0ms | statement | connection 23| url jdbc:h2:mem:6a3784ae-1aa6-4bbf-b617-4d4aeabcc2af
call next value for hibernate_sequence
call next value for hibernate_sequence;
2022-10-10 13:48:04.457  INFO 3923 --- [    Test worker] p6spy                                    : #1665377284457 | took 0ms | statement | connection 23| url jdbc:h2:mem:6a3784ae-1aa6-4bbf-b617-4d4aeabcc2af
call next value for hibernate_sequence
call next value for hibernate_sequence;
2022-10-10 13:48:04.457  INFO 3923 --- [    Test worker] p6spy                                    : #1665377284457 | took 0ms | statement | connection 23| url jdbc:h2:mem:6a3784ae-1aa6-4bbf-b617-4d4aeabcc2af
call next value for hibernate_sequence
call next value for hibernate_sequence;
2022-10-10 13:48:04.458  INFO 3923 --- [    Test worker] p6spy                                    : #1665377284458 | took 0ms | statement | connection 23| url jdbc:h2:mem:6a3784ae-1aa6-4bbf-b617-4d4aeabcc2af
call next value for hibernate_sequence
call next value for hibernate_sequence;
2022-10-10 13:48:04.458  INFO 3923 --- [    Test worker] p6spy                                    : #1665377284458 | took 0ms | statement | connection 23| url jdbc:h2:mem:6a3784ae-1aa6-4bbf-b617-4d4aeabcc2af
call next value for hibernate_sequence
call next value for hibernate_sequence;
2022-10-10 13:48:04.458  INFO 3923 --- [    Test worker] p6spy                                    : #1665377284458 | took 0ms | statement | connection 23| url jdbc:h2:mem:6a3784ae-1aa6-4bbf-b617-4d4aeabcc2af
call next value for hibernate_sequence
call next value for hibernate_sequence;
2022-10-10 13:48:04.458  INFO 3923 --- [    Test worker] p6spy                                    : #1665377284458 | took 0ms | statement | connection 23| url jdbc:h2:mem:6a3784ae-1aa6-4bbf-b617-4d4aeabcc2af
call next value for hibernate_sequence
call next value for hibernate_sequence;
2022-10-10 13:48:04.458  INFO 3923 --- [    Test worker] c.j.r.FavoriteSpotQueryRepositoryTest    : favoriteSpot = FavoriteSpot(id=340, count=0)
2022-10-10 13:48:04.458  INFO 3923 --- [    Test worker] c.j.r.FavoriteSpotQueryRepositoryTest    : Spot = capstone.jejuTourrecommend.domain.Spot@59c43565
2022-10-10 13:48:04.458  INFO 3923 --- [    Test worker] p6spy                                    : #1665377284458 | took 0ms | statement | connection 23| url jdbc:h2:mem:6a3784ae-1aa6-4bbf-b617-4d4aeabcc2af
call next value for hibernate_sequence
call next value for hibernate_sequence;
2022-10-10 13:48:04.458  INFO 3923 --- [    Test worker] p6spy                                    : #1665377284458 | took 0ms | statement | connection 23| url jdbc:h2:mem:6a3784ae-1aa6-4bbf-b617-4d4aeabcc2af
call next value for hibernate_sequence
call next value for hibernate_sequence;
2022-10-10 13:48:04.458  INFO 3923 --- [    Test worker] p6spy                                    : #1665377284458 | took 0ms | statement | connection 23| url jdbc:h2:mem:6a3784ae-1aa6-4bbf-b617-4d4aeabcc2af
call next value for hibernate_sequence
call next value for hibernate_sequence;
2022-10-10 13:48:04.458  INFO 3923 --- [    Test worker] p6spy                                    : #1665377284458 | took 0ms | statement | connection 23| url jdbc:h2:mem:6a3784ae-1aa6-4bbf-b617-4d4aeabcc2af
call next value for hibernate_sequence
call next value for hibernate_sequence;
2022-10-10 13:48:04.458  INFO 3923 --- [    Test worker] p6spy                                    : #1665377284458 | took 0ms | statement | connection 23| url jdbc:h2:mem:6a3784ae-1aa6-4bbf-b617-4d4aeabcc2af
call next value for hibernate_sequence
call next value for hibernate_sequence;
2022-10-10 13:48:04.458  INFO 3923 --- [    Test worker] p6spy                                    : #1665377284458 | took 0ms | statement | connection 23| url jdbc:h2:mem:6a3784ae-1aa6-4bbf-b617-4d4aeabcc2af
call next value for hibernate_sequence
call next value for hibernate_sequence;
2022-10-10 13:48:04.458  INFO 3923 --- [    Test worker] p6spy                                    : #1665377284458 | took 0ms | statement | connection 23| url jdbc:h2:mem:6a3784ae-1aa6-4bbf-b617-4d4aeabcc2af
call next value for hibernate_sequence
call next value for hibernate_sequence;
2022-10-10 13:48:04.458  INFO 3923 --- [    Test worker] p6spy                                    : #1665377284458 | took 0ms | statement | connection 23| url jdbc:h2:mem:6a3784ae-1aa6-4bbf-b617-4d4aeabcc2af
call next value for hibernate_sequence
call next value for hibernate_sequence;
2022-10-10 13:48:04.458  INFO 3923 --- [    Test worker] c.j.r.FavoriteSpotQueryRepositoryTest    : favoriteSpot = FavoriteSpot(id=341, count=0)
2022-10-10 13:48:04.458  INFO 3923 --- [    Test worker] c.j.r.FavoriteSpotQueryRepositoryTest    : Spot = capstone.jejuTourrecommend.domain.Spot@3e03369a
2022-10-10 13:48:04.458  INFO 3923 --- [    Test worker] p6spy                                    : #1665377284458 | took 0ms | statement | connection 23| url jdbc:h2:mem:6a3784ae-1aa6-4bbf-b617-4d4aeabcc2af
call next value for hibernate_sequence
call next value for hibernate_sequence;
2022-10-10 13:48:04.458  INFO 3923 --- [    Test worker] p6spy                                    : #1665377284458 | took 0ms | statement | connection 23| url jdbc:h2:mem:6a3784ae-1aa6-4bbf-b617-4d4aeabcc2af
call next value for hibernate_sequence
call next value for hibernate_sequence;
2022-10-10 13:48:04.458  INFO 3923 --- [    Test worker] p6spy                                    : #1665377284458 | took 0ms | statement | connection 23| url jdbc:h2:mem:6a3784ae-1aa6-4bbf-b617-4d4aeabcc2af
call next value for hibernate_sequence
call next value for hibernate_sequence;
2022-10-10 13:48:04.458  INFO 3923 --- [    Test worker] p6spy                                    : #1665377284458 | took 0ms | statement | connection 23| url jdbc:h2:mem:6a3784ae-1aa6-4bbf-b617-4d4aeabcc2af
call next value for hibernate_sequence
call next value for hibernate_sequence;
2022-10-10 13:48:04.458  INFO 3923 --- [    Test worker] p6spy                                    : #1665377284458 | took 0ms | statement | connection 23| url jdbc:h2:mem:6a3784ae-1aa6-4bbf-b617-4d4aeabcc2af
call next value for hibernate_sequence
call next value for hibernate_sequence;
2022-10-10 13:48:04.458  INFO 3923 --- [    Test worker] p6spy                                    : #1665377284458 | took 0ms | statement | connection 23| url jdbc:h2:mem:6a3784ae-1aa6-4bbf-b617-4d4aeabcc2af
call next value for hibernate_sequence
call next value for hibernate_sequence;
2022-10-10 13:48:04.458  INFO 3923 --- [    Test worker] p6spy                                    : #1665377284458 | took 0ms | statement | connection 23| url jdbc:h2:mem:6a3784ae-1aa6-4bbf-b617-4d4aeabcc2af
call next value for hibernate_sequence
call next value for hibernate_sequence;
2022-10-10 13:48:04.458  INFO 3923 --- [    Test worker] p6spy                                    : #1665377284458 | took 0ms | statement | connection 23| url jdbc:h2:mem:6a3784ae-1aa6-4bbf-b617-4d4aeabcc2af
call next value for hibernate_sequence
call next value for hibernate_sequence;
2022-10-10 13:48:04.458  INFO 3923 --- [    Test worker] c.j.r.FavoriteSpotQueryRepositoryTest    : favoriteSpot = FavoriteSpot(id=342, count=0)
2022-10-10 13:48:04.458  INFO 3923 --- [    Test worker] c.j.r.FavoriteSpotQueryRepositoryTest    : Spot = capstone.jejuTourrecommend.domain.Spot@7831cf5c
2022-10-10 13:48:04.458  INFO 3923 --- [    Test worker] p6spy                                    : #1665377284458 | took 0ms | statement | connection 23| url jdbc:h2:mem:6a3784ae-1aa6-4bbf-b617-4d4aeabcc2af
call next value for hibernate_sequence
call next value for hibernate_sequence;
2022-10-10 13:48:04.458  INFO 3923 --- [    Test worker] p6spy                                    : #1665377284458 | took 0ms | statement | connection 23| url jdbc:h2:mem:6a3784ae-1aa6-4bbf-b617-4d4aeabcc2af
call next value for hibernate_sequence
call next value for hibernate_sequence;
2022-10-10 13:48:04.458  INFO 3923 --- [    Test worker] p6spy                                    : #1665377284458 | took 0ms | statement | connection 23| url jdbc:h2:mem:6a3784ae-1aa6-4bbf-b617-4d4aeabcc2af
call next value for hibernate_sequence
call next value for hibernate_sequence;
2022-10-10 13:48:04.458  INFO 3923 --- [    Test worker] p6spy                                    : #1665377284458 | took 0ms | statement | connection 23| url jdbc:h2:mem:6a3784ae-1aa6-4bbf-b617-4d4aeabcc2af
call next value for hibernate_sequence
call next value for hibernate_sequence;
2022-10-10 13:48:04.458  INFO 3923 --- [    Test worker] p6spy                                    : #1665377284458 | took 0ms | statement | connection 23| url jdbc:h2:mem:6a3784ae-1aa6-4bbf-b617-4d4aeabcc2af
call next value for hibernate_sequence
call next value for hibernate_sequence;
2022-10-10 13:48:04.458  INFO 3923 --- [    Test worker] p6spy                                    : #1665377284458 | took 0ms | statement | connection 23| url jdbc:h2:mem:6a3784ae-1aa6-4bbf-b617-4d4aeabcc2af
call next value for hibernate_sequence
call next value for hibernate_sequence;
2022-10-10 13:48:04.458  INFO 3923 --- [    Test worker] p6spy                                    : #1665377284458 | took 0ms | statement | connection 23| url jdbc:h2:mem:6a3784ae-1aa6-4bbf-b617-4d4aeabcc2af
call next value for hibernate_sequence
call next value for hibernate_sequence;
2022-10-10 13:48:04.458  INFO 3923 --- [    Test worker] p6spy                                    : #1665377284458 | took 0ms | statement | connection 23| url jdbc:h2:mem:6a3784ae-1aa6-4bbf-b617-4d4aeabcc2af
call next value for hibernate_sequence
call next value for hibernate_sequence;
2022-10-10 13:48:04.458  INFO 3923 --- [    Test worker] c.j.r.FavoriteSpotQueryRepositoryTest    : favoriteSpot = FavoriteSpot(id=343, count=0)
2022-10-10 13:48:04.458  INFO 3923 --- [    Test worker] c.j.r.FavoriteSpotQueryRepositoryTest    : Spot = capstone.jejuTourrecommend.domain.Spot@4fd955d5
2022-10-10 13:48:04.458  INFO 3923 --- [    Test worker] p6spy                                    : #1665377284458 | took 0ms | statement | connection 23| url jdbc:h2:mem:6a3784ae-1aa6-4bbf-b617-4d4aeabcc2af
call next value for hibernate_sequence
call next value for hibernate_sequence;
2022-10-10 13:48:04.458  INFO 3923 --- [    Test worker] p6spy                                    : #1665377284458 | took 0ms | statement | connection 23| url jdbc:h2:mem:6a3784ae-1aa6-4bbf-b617-4d4aeabcc2af
call next value for hibernate_sequence
call next value for hibernate_sequence;
2022-10-10 13:48:04.458  INFO 3923 --- [    Test worker] p6spy                                    : #1665377284458 | took 0ms | statement | connection 23| url jdbc:h2:mem:6a3784ae-1aa6-4bbf-b617-4d4aeabcc2af
call next value for hibernate_sequence
call next value for hibernate_sequence;
2022-10-10 13:48:04.458  INFO 3923 --- [    Test worker] p6spy                                    : #1665377284458 | took 0ms | statement | connection 23| url jdbc:h2:mem:6a3784ae-1aa6-4bbf-b617-4d4aeabcc2af
call next value for hibernate_sequence
call next value for hibernate_sequence;
2022-10-10 13:48:04.458  INFO 3923 --- [    Test worker] p6spy                                    : #1665377284458 | took 0ms | statement | connection 23| url jdbc:h2:mem:6a3784ae-1aa6-4bbf-b617-4d4aeabcc2af
call next value for hibernate_sequence
call next value for hibernate_sequence;
2022-10-10 13:48:04.458  INFO 3923 --- [    Test worker] p6spy                                    : #1665377284458 | took 0ms | statement | connection 23| url jdbc:h2:mem:6a3784ae-1aa6-4bbf-b617-4d4aeabcc2af
call next value for hibernate_sequence
call next value for hibernate_sequence;
2022-10-10 13:48:04.458  INFO 3923 --- [    Test worker] p6spy                                    : #1665377284458 | took 0ms | statement | connection 23| url jdbc:h2:mem:6a3784ae-1aa6-4bbf-b617-4d4aeabcc2af
call next value for hibernate_sequence
call next value for hibernate_sequence;
2022-10-10 13:48:04.458  INFO 3923 --- [    Test worker] p6spy                                    : #1665377284458 | took 0ms | statement | connection 23| url jdbc:h2:mem:6a3784ae-1aa6-4bbf-b617-4d4aeabcc2af
call next value for hibernate_sequence
call next value for hibernate_sequence;
2022-10-10 13:48:04.458  INFO 3923 --- [    Test worker] c.j.r.FavoriteSpotQueryRepositoryTest    : favoriteSpot = FavoriteSpot(id=344, count=0)
2022-10-10 13:48:04.459  INFO 3923 --- [    Test worker] c.j.r.FavoriteSpotQueryRepositoryTest    : Spot = capstone.jejuTourrecommend.domain.Spot@5a19393
2022-10-10 13:48:04.459  INFO 3923 --- [    Test worker] p6spy                                    : #1665377284459 | took 0ms | statement | connection 23| url jdbc:h2:mem:6a3784ae-1aa6-4bbf-b617-4d4aeabcc2af
call next value for hibernate_sequence
call next value for hibernate_sequence;
2022-10-10 13:48:04.459  INFO 3923 --- [    Test worker] p6spy                                    : #1665377284459 | took 0ms | statement | connection 23| url jdbc:h2:mem:6a3784ae-1aa6-4bbf-b617-4d4aeabcc2af
call next value for hibernate_sequence
call next value for hibernate_sequence;
2022-10-10 13:48:04.459  INFO 3923 --- [    Test worker] p6spy                                    : #1665377284459 | took 0ms | statement | connection 23| url jdbc:h2:mem:6a3784ae-1aa6-4bbf-b617-4d4aeabcc2af
call next value for hibernate_sequence
call next value for hibernate_sequence;
2022-10-10 13:48:04.459  INFO 3923 --- [    Test worker] p6spy                                    : #1665377284459 | took 0ms | statement | connection 23| url jdbc:h2:mem:6a3784ae-1aa6-4bbf-b617-4d4aeabcc2af
call next value for hibernate_sequence
call next value for hibernate_sequence;
2022-10-10 13:48:04.459  INFO 3923 --- [    Test worker] p6spy                                    : #1665377284459 | took 0ms | statement | connection 23| url jdbc:h2:mem:6a3784ae-1aa6-4bbf-b617-4d4aeabcc2af
call next value for review_seq
call next value for review_seq;
2022-10-10 13:48:04.459  INFO 3923 --- [    Test worker] p6spy                                    : #1665377284459 | took 0ms | statement | connection 23| url jdbc:h2:mem:6a3784ae-1aa6-4bbf-b617-4d4aeabcc2af
call next value for hibernate_sequence
call next value for hibernate_sequence;
2022-10-10 13:48:04.459  INFO 3923 --- [    Test worker] p6spy                                    : #1665377284459 | took 0ms | statement | connection 23| url jdbc:h2:mem:6a3784ae-1aa6-4bbf-b617-4d4aeabcc2af
call next value for hibernate_sequence
call next value for hibernate_sequence;
2022-10-10 13:48:04.459  INFO 3923 --- [    Test worker] p6spy                                    : #1665377284459 | took 0ms | statement | connection 23| url jdbc:h2:mem:6a3784ae-1aa6-4bbf-b617-4d4aeabcc2af
call next value for hibernate_sequence
call next value for hibernate_sequence;
2022-10-10 13:48:04.459  INFO 3923 --- [    Test worker] p6spy                                    : #1665377284459 | took 0ms | statement | connection 23| url jdbc:h2:mem:6a3784ae-1aa6-4bbf-b617-4d4aeabcc2af
call next value for hibernate_sequence
call next value for hibernate_sequence;
2022-10-10 13:48:04.459  INFO 3923 --- [    Test worker] c.j.r.FavoriteSpotQueryRepositoryTest    : favoriteSpot = FavoriteSpot(id=345, count=0)
2022-10-10 13:48:04.459  INFO 3923 --- [    Test worker] c.j.r.FavoriteSpotQueryRepositoryTest    : Spot = capstone.jejuTourrecommend.domain.Spot@64303a77
2022-10-10 13:48:04.459  INFO 3923 --- [    Test worker] p6spy                                    : #1665377284459 | took 0ms | statement | connection 23| url jdbc:h2:mem:6a3784ae-1aa6-4bbf-b617-4d4aeabcc2af
call next value for score_seq
call next value for score_seq;
2022-10-10 13:48:04.459  INFO 3923 --- [    Test worker] p6spy                                    : #1665377284459 | took 0ms | statement | connection 23| url jdbc:h2:mem:6a3784ae-1aa6-4bbf-b617-4d4aeabcc2af
call next value for hibernate_sequence
call next value for hibernate_sequence;
2022-10-10 13:48:04.459  INFO 3923 --- [    Test worker] p6spy                                    : #1665377284459 | took 0ms | statement | connection 23| url jdbc:h2:mem:6a3784ae-1aa6-4bbf-b617-4d4aeabcc2af
call next value for hibernate_sequence
call next value for hibernate_sequence;
2022-10-10 13:48:04.459  INFO 3923 --- [    Test worker] p6spy                                    : #1665377284459 | took 0ms | statement | connection 23| url jdbc:h2:mem:6a3784ae-1aa6-4bbf-b617-4d4aeabcc2af
call next value for hibernate_sequence
call next value for hibernate_sequence;
2022-10-10 13:48:04.459  INFO 3923 --- [    Test worker] p6spy                                    : #1665377284459 | took 0ms | statement | connection 23| url jdbc:h2:mem:6a3784ae-1aa6-4bbf-b617-4d4aeabcc2af
call next value for hibernate_sequence
call next value for hibernate_sequence;
2022-10-10 13:48:04.459  INFO 3923 --- [    Test worker] p6spy                                    : #1665377284459 | took 0ms | statement | connection 23| url jdbc:h2:mem:6a3784ae-1aa6-4bbf-b617-4d4aeabcc2af
call next value for hibernate_sequence
call next value for hibernate_sequence;
2022-10-10 13:48:04.459  INFO 3923 --- [    Test worker] p6spy                                    : #1665377284459 | took 0ms | statement | connection 23| url jdbc:h2:mem:6a3784ae-1aa6-4bbf-b617-4d4aeabcc2af
call next value for hibernate_sequence
call next value for hibernate_sequence;
2022-10-10 13:48:04.459  INFO 3923 --- [    Test worker] p6spy                                    : #1665377284459 | took 0ms | statement | connection 23| url jdbc:h2:mem:6a3784ae-1aa6-4bbf-b617-4d4aeabcc2af
call next value for hibernate_sequence
call next value for hibernate_sequence;
2022-10-10 13:48:04.459  INFO 3923 --- [    Test worker] p6spy                                    : #1665377284459 | took 0ms | statement | connection 23| url jdbc:h2:mem:6a3784ae-1aa6-4bbf-b617-4d4aeabcc2af
call next value for hibernate_sequence
call next value for hibernate_sequence;
2022-10-10 13:48:04.459  INFO 3923 --- [    Test worker] c.j.r.FavoriteSpotQueryRepositoryTest    : favoriteSpot = FavoriteSpot(id=346, count=0)
2022-10-10 13:48:04.459  INFO 3923 --- [    Test worker] c.j.r.FavoriteSpotQueryRepositoryTest    : Spot = capstone.jejuTourrecommend.domain.Spot@6a59bbf0
2022-10-10 13:48:04.459  INFO 3923 --- [    Test worker] p6spy                                    : #1665377284459 | took 0ms | statement | connection 23| url jdbc:h2:mem:6a3784ae-1aa6-4bbf-b617-4d4aeabcc2af
call next value for hibernate_sequence
call next value for hibernate_sequence;
2022-10-10 13:48:04.459  INFO 3923 --- [    Test worker] p6spy                                    : #1665377284459 | took 0ms | statement | connection 23| url jdbc:h2:mem:6a3784ae-1aa6-4bbf-b617-4d4aeabcc2af
call next value for hibernate_sequence
call next value for hibernate_sequence;
2022-10-10 13:48:04.459  INFO 3923 --- [    Test worker] p6spy                                    : #1665377284459 | took 0ms | statement | connection 23| url jdbc:h2:mem:6a3784ae-1aa6-4bbf-b617-4d4aeabcc2af
call next value for hibernate_sequence
call next value for hibernate_sequence;
2022-10-10 13:48:04.459  INFO 3923 --- [    Test worker] p6spy                                    : #1665377284459 | took 0ms | statement | connection 23| url jdbc:h2:mem:6a3784ae-1aa6-4bbf-b617-4d4aeabcc2af
call next value for hibernate_sequence
call next value for hibernate_sequence;
2022-10-10 13:48:04.459  INFO 3923 --- [    Test worker] p6spy                                    : #1665377284459 | took 0ms | statement | connection 23| url jdbc:h2:mem:6a3784ae-1aa6-4bbf-b617-4d4aeabcc2af
call next value for hibernate_sequence
call next value for hibernate_sequence;
2022-10-10 13:48:04.459  INFO 3923 --- [    Test worker] p6spy                                    : #1665377284459 | took 0ms | statement | connection 23| url jdbc:h2:mem:6a3784ae-1aa6-4bbf-b617-4d4aeabcc2af
call next value for hibernate_sequence
call next value for hibernate_sequence;
2022-10-10 13:48:04.459  INFO 3923 --- [    Test worker] p6spy                                    : #1665377284459 | took 0ms | statement | connection 23| url jdbc:h2:mem:6a3784ae-1aa6-4bbf-b617-4d4aeabcc2af
call next value for hibernate_sequence
call next value for hibernate_sequence;
2022-10-10 13:48:04.459  INFO 3923 --- [    Test worker] p6spy                                    : #1665377284459 | took 0ms | statement | connection 23| url jdbc:h2:mem:6a3784ae-1aa6-4bbf-b617-4d4aeabcc2af
call next value for hibernate_sequence
call next value for hibernate_sequence;
2022-10-10 13:48:04.459  INFO 3923 --- [    Test worker] c.j.r.FavoriteSpotQueryRepositoryTest    : favoriteSpot = FavoriteSpot(id=347, count=0)
2022-10-10 13:48:04.459  INFO 3923 --- [    Test worker] c.j.r.FavoriteSpotQueryRepositoryTest    : Spot = capstone.jejuTourrecommend.domain.Spot@72be2170
2022-10-10 13:48:04.459  INFO 3923 --- [    Test worker] p6spy                                    : #1665377284459 | took 0ms | statement | connection 23| url jdbc:h2:mem:6a3784ae-1aa6-4bbf-b617-4d4aeabcc2af
call next value for hibernate_sequence
call next value for hibernate_sequence;
2022-10-10 13:48:04.459  INFO 3923 --- [    Test worker] p6spy                                    : #1665377284459 | took 0ms | statement | connection 23| url jdbc:h2:mem:6a3784ae-1aa6-4bbf-b617-4d4aeabcc2af
call next value for hibernate_sequence
call next value for hibernate_sequence;
2022-10-10 13:48:04.459  INFO 3923 --- [    Test worker] p6spy                                    : #1665377284459 | took 0ms | statement | connection 23| url jdbc:h2:mem:6a3784ae-1aa6-4bbf-b617-4d4aeabcc2af
call next value for hibernate_sequence
call next value for hibernate_sequence;
2022-10-10 13:48:04.459  INFO 3923 --- [    Test worker] p6spy                                    : #1665377284459 | took 0ms | statement | connection 23| url jdbc:h2:mem:6a3784ae-1aa6-4bbf-b617-4d4aeabcc2af
call next value for hibernate_sequence
call next value for hibernate_sequence;
2022-10-10 13:48:04.459  INFO 3923 --- [    Test worker] p6spy                                    : #1665377284459 | took 0ms | statement | connection 23| url jdbc:h2:mem:6a3784ae-1aa6-4bbf-b617-4d4aeabcc2af
call next value for hibernate_sequence
call next value for hibernate_sequence;
2022-10-10 13:48:04.459  INFO 3923 --- [    Test worker] p6spy                                    : #1665377284459 | took 0ms | statement | connection 23| url jdbc:h2:mem:6a3784ae-1aa6-4bbf-b617-4d4aeabcc2af
call next value for hibernate_sequence
call next value for hibernate_sequence;
2022-10-10 13:48:04.459  INFO 3923 --- [    Test worker] p6spy                                    : #1665377284459 | took 0ms | statement | connection 23| url jdbc:h2:mem:6a3784ae-1aa6-4bbf-b617-4d4aeabcc2af
call next value for hibernate_sequence
call next value for hibernate_sequence;
2022-10-10 13:48:04.459  INFO 3923 --- [    Test worker] p6spy                                    : #1665377284459 | took 0ms | statement | connection 23| url jdbc:h2:mem:6a3784ae-1aa6-4bbf-b617-4d4aeabcc2af
call next value for hibernate_sequence
call next value for hibernate_sequence;
2022-10-10 13:48:04.459  INFO 3923 --- [    Test worker] c.j.r.FavoriteSpotQueryRepositoryTest    : favoriteSpot = FavoriteSpot(id=348, count=0)
2022-10-10 13:48:04.459  INFO 3923 --- [    Test worker] c.j.r.FavoriteSpotQueryRepositoryTest    : Spot = capstone.jejuTourrecommend.domain.Spot@5bd9bb05
2022-10-10 13:48:04.459  INFO 3923 --- [    Test worker] p6spy                                    : #1665377284459 | took 0ms | statement | connection 23| url jdbc:h2:mem:6a3784ae-1aa6-4bbf-b617-4d4aeabcc2af
call next value for hibernate_sequence
call next value for hibernate_sequence;
2022-10-10 13:48:04.459  INFO 3923 --- [    Test worker] p6spy                                    : #1665377284459 | took 0ms | statement | connection 23| url jdbc:h2:mem:6a3784ae-1aa6-4bbf-b617-4d4aeabcc2af
call next value for hibernate_sequence
call next value for hibernate_sequence;
2022-10-10 13:48:04.459  INFO 3923 --- [    Test worker] p6spy                                    : #1665377284459 | took 0ms | statement | connection 23| url jdbc:h2:mem:6a3784ae-1aa6-4bbf-b617-4d4aeabcc2af
call next value for hibernate_sequence
call next value for hibernate_sequence;
2022-10-10 13:48:04.460  INFO 3923 --- [    Test worker] p6spy                                    : #1665377284460 | took 0ms | statement | connection 23| url jdbc:h2:mem:6a3784ae-1aa6-4bbf-b617-4d4aeabcc2af
call next value for hibernate_sequence
call next value for hibernate_sequence;
2022-10-10 13:48:04.460  INFO 3923 --- [    Test worker] p6spy                                    : #1665377284460 | took 0ms | statement | connection 23| url jdbc:h2:mem:6a3784ae-1aa6-4bbf-b617-4d4aeabcc2af
call next value for hibernate_sequence
call next value for hibernate_sequence;
2022-10-10 13:48:04.460  INFO 3923 --- [    Test worker] p6spy                                    : #1665377284460 | took 0ms | statement | connection 23| url jdbc:h2:mem:6a3784ae-1aa6-4bbf-b617-4d4aeabcc2af
call next value for hibernate_sequence
call next value for hibernate_sequence;
2022-10-10 13:48:04.460  INFO 3923 --- [    Test worker] p6spy                                    : #1665377284460 | took 0ms | statement | connection 23| url jdbc:h2:mem:6a3784ae-1aa6-4bbf-b617-4d4aeabcc2af
call next value for hibernate_sequence
call next value for hibernate_sequence;
2022-10-10 13:48:04.460  INFO 3923 --- [    Test worker] p6spy                                    : #1665377284460 | took 0ms | statement | connection 23| url jdbc:h2:mem:6a3784ae-1aa6-4bbf-b617-4d4aeabcc2af
call next value for hibernate_sequence
call next value for hibernate_sequence;
2022-10-10 13:48:04.460  INFO 3923 --- [    Test worker] c.j.r.FavoriteSpotQueryRepositoryTest    : favoriteSpot = FavoriteSpot(id=349, count=0)
2022-10-10 13:48:04.460  INFO 3923 --- [    Test worker] c.j.r.FavoriteSpotQueryRepositoryTest    : Spot = capstone.jejuTourrecommend.domain.Spot@325f3a06
2022-10-10 13:48:04.460  INFO 3923 --- [    Test worker] p6spy                                    : #1665377284460 | took 0ms | statement | connection 23| url jdbc:h2:mem:6a3784ae-1aa6-4bbf-b617-4d4aeabcc2af
call next value for hibernate_sequence
call next value for hibernate_sequence;
2022-10-10 13:48:04.460  INFO 3923 --- [    Test worker] p6spy                                    : #1665377284460 | took 0ms | statement | connection 23| url jdbc:h2:mem:6a3784ae-1aa6-4bbf-b617-4d4aeabcc2af
call next value for hibernate_sequence
call next value for hibernate_sequence;
2022-10-10 13:48:04.460  INFO 3923 --- [    Test worker] p6spy                                    : #1665377284460 | took 0ms | statement | connection 23| url jdbc:h2:mem:6a3784ae-1aa6-4bbf-b617-4d4aeabcc2af
call next value for hibernate_sequence
call next value for hibernate_sequence;
2022-10-10 13:48:04.460  INFO 3923 --- [    Test worker] p6spy                                    : #1665377284460 | took 0ms | statement | connection 23| url jdbc:h2:mem:6a3784ae-1aa6-4bbf-b617-4d4aeabcc2af
call next value for hibernate_sequence
call next value for hibernate_sequence;
2022-10-10 13:48:04.460  INFO 3923 --- [    Test worker] p6spy                                    : #1665377284460 | took 0ms | statement | connection 23| url jdbc:h2:mem:6a3784ae-1aa6-4bbf-b617-4d4aeabcc2af
call next value for hibernate_sequence
call next value for hibernate_sequence;
2022-10-10 13:48:04.460  INFO 3923 --- [    Test worker] p6spy                                    : #1665377284460 | took 0ms | statement | connection 23| url jdbc:h2:mem:6a3784ae-1aa6-4bbf-b617-4d4aeabcc2af
call next value for hibernate_sequence
call next value for hibernate_sequence;
2022-10-10 13:48:04.460  INFO 3923 --- [    Test worker] p6spy                                    : #1665377284460 | took 0ms | statement | connection 23| url jdbc:h2:mem:6a3784ae-1aa6-4bbf-b617-4d4aeabcc2af
call next value for hibernate_sequence
call next value for hibernate_sequence;
2022-10-10 13:48:04.460  INFO 3923 --- [    Test worker] p6spy                                    : #1665377284460 | took 0ms | statement | connection 23| url jdbc:h2:mem:6a3784ae-1aa6-4bbf-b617-4d4aeabcc2af
call next value for hibernate_sequence
call next value for hibernate_sequence;
2022-10-10 13:48:04.460  INFO 3923 --- [    Test worker] c.j.r.FavoriteSpotQueryRepositoryTest    : favoriteSpot = FavoriteSpot(id=350, count=0)
2022-10-10 13:48:04.460  INFO 3923 --- [    Test worker] c.j.r.FavoriteSpotQueryRepositoryTest    : Spot = capstone.jejuTourrecommend.domain.Spot@1ec0db52
2022-10-10 13:48:04.460  INFO 3923 --- [    Test worker] p6spy                                    : #1665377284460 | took 0ms | statement | connection 23| url jdbc:h2:mem:6a3784ae-1aa6-4bbf-b617-4d4aeabcc2af
call next value for hibernate_sequence
call next value for hibernate_sequence;
2022-10-10 13:48:04.460  INFO 3923 --- [    Test worker] p6spy                                    : #1665377284460 | took 0ms | statement | connection 23| url jdbc:h2:mem:6a3784ae-1aa6-4bbf-b617-4d4aeabcc2af
call next value for hibernate_sequence
call next value for hibernate_sequence;
2022-10-10 13:48:04.460  INFO 3923 --- [    Test worker] p6spy                                    : #1665377284460 | took 0ms | statement | connection 23| url jdbc:h2:mem:6a3784ae-1aa6-4bbf-b617-4d4aeabcc2af
call next value for hibernate_sequence
call next value for hibernate_sequence;
2022-10-10 13:48:04.460  INFO 3923 --- [    Test worker] p6spy                                    : #1665377284460 | took 0ms | statement | connection 23| url jdbc:h2:mem:6a3784ae-1aa6-4bbf-b617-4d4aeabcc2af
call next value for hibernate_sequence
call next value for hibernate_sequence;
2022-10-10 13:48:04.460  INFO 3923 --- [    Test worker] p6spy                                    : #1665377284460 | took 0ms | statement | connection 23| url jdbc:h2:mem:6a3784ae-1aa6-4bbf-b617-4d4aeabcc2af
call next value for hibernate_sequence
call next value for hibernate_sequence;
2022-10-10 13:48:04.460  INFO 3923 --- [    Test worker] p6spy                                    : #1665377284460 | took 0ms | statement | connection 23| url jdbc:h2:mem:6a3784ae-1aa6-4bbf-b617-4d4aeabcc2af
call next value for hibernate_sequence
call next value for hibernate_sequence;
2022-10-10 13:48:04.460  INFO 3923 --- [    Test worker] p6spy                                    : #1665377284460 | took 0ms | statement | connection 23| url jdbc:h2:mem:6a3784ae-1aa6-4bbf-b617-4d4aeabcc2af
call next value for hibernate_sequence
call next value for hibernate_sequence;
2022-10-10 13:48:04.460  INFO 3923 --- [    Test worker] p6spy                                    : #1665377284460 | took 0ms | statement | connection 23| url jdbc:h2:mem:6a3784ae-1aa6-4bbf-b617-4d4aeabcc2af
call next value for hibernate_sequence
call next value for hibernate_sequence;
2022-10-10 13:48:04.460  INFO 3923 --- [    Test worker] c.j.r.FavoriteSpotQueryRepositoryTest    : favoriteSpot = FavoriteSpot(id=351, count=0)
2022-10-10 13:48:04.460  INFO 3923 --- [    Test worker] c.j.r.FavoriteSpotQueryRepositoryTest    : Spot = capstone.jejuTourrecommend.domain.Spot@42735475
2022-10-10 13:48:04.460  INFO 3923 --- [    Test worker] p6spy                                    : #1665377284460 | took 0ms | statement | connection 23| url jdbc:h2:mem:6a3784ae-1aa6-4bbf-b617-4d4aeabcc2af
call next value for hibernate_sequence
call next value for hibernate_sequence;
2022-10-10 13:48:04.460  INFO 3923 --- [    Test worker] p6spy                                    : #1665377284460 | took 0ms | statement | connection 23| url jdbc:h2:mem:6a3784ae-1aa6-4bbf-b617-4d4aeabcc2af
call next value for hibernate_sequence
call next value for hibernate_sequence;
2022-10-10 13:48:04.460  INFO 3923 --- [    Test worker] p6spy                                    : #1665377284460 | took 0ms | statement | connection 23| url jdbc:h2:mem:6a3784ae-1aa6-4bbf-b617-4d4aeabcc2af
call next value for hibernate_sequence
call next value for hibernate_sequence;
2022-10-10 13:48:04.460  INFO 3923 --- [    Test worker] p6spy                                    : #1665377284460 | took 0ms | statement | connection 23| url jdbc:h2:mem:6a3784ae-1aa6-4bbf-b617-4d4aeabcc2af
call next value for hibernate_sequence
call next value for hibernate_sequence;
2022-10-10 13:48:04.460  INFO 3923 --- [    Test worker] p6spy                                    : #1665377284460 | took 0ms | statement | connection 23| url jdbc:h2:mem:6a3784ae-1aa6-4bbf-b617-4d4aeabcc2af
call next value for hibernate_sequence
call next value for hibernate_sequence;
2022-10-10 13:48:04.460  INFO 3923 --- [    Test worker] p6spy                                    : #1665377284460 | took 0ms | statement | connection 23| url jdbc:h2:mem:6a3784ae-1aa6-4bbf-b617-4d4aeabcc2af
call next value for hibernate_sequence
call next value for hibernate_sequence;
2022-10-10 13:48:04.460  INFO 3923 --- [    Test worker] p6spy                                    : #1665377284460 | took 0ms | statement | connection 23| url jdbc:h2:mem:6a3784ae-1aa6-4bbf-b617-4d4aeabcc2af
call next value for hibernate_sequence
call next value for hibernate_sequence;
2022-10-10 13:48:04.460  INFO 3923 --- [    Test worker] p6spy                                    : #1665377284460 | took 0ms | statement | connection 23| url jdbc:h2:mem:6a3784ae-1aa6-4bbf-b617-4d4aeabcc2af
call next value for hibernate_sequence
call next value for hibernate_sequence;
2022-10-10 13:48:04.460  INFO 3923 --- [    Test worker] p6spy                                    : #1665377284460 | took 0ms | statement | connection 23| url jdbc:h2:mem:6a3784ae-1aa6-4bbf-b617-4d4aeabcc2af
call next value for favoritespot_seq
call next value for favoritespot_seq;
2022-10-10 13:48:04.460  INFO 3923 --- [    Test worker] c.j.r.FavoriteSpotQueryRepositoryTest    : favoriteSpot = FavoriteSpot(id=352, count=0)
2022-10-10 13:48:04.460  INFO 3923 --- [    Test worker] c.j.r.FavoriteSpotQueryRepositoryTest    : Spot = capstone.jejuTourrecommend.domain.Spot@e155391
2022-10-10 13:48:04.461  INFO 3923 --- [    Test worker] p6spy                                    : #1665377284461 | took 0ms | statement | connection 23| url jdbc:h2:mem:6a3784ae-1aa6-4bbf-b617-4d4aeabcc2af
call next value for hibernate_sequence
call next value for hibernate_sequence;
2022-10-10 13:48:04.461  INFO 3923 --- [    Test worker] p6spy                                    : #1665377284461 | took 0ms | statement | connection 23| url jdbc:h2:mem:6a3784ae-1aa6-4bbf-b617-4d4aeabcc2af
call next value for hibernate_sequence
call next value for hibernate_sequence;
2022-10-10 13:48:04.461  INFO 3923 --- [    Test worker] p6spy                                    : #1665377284461 | took 0ms | statement | connection 23| url jdbc:h2:mem:6a3784ae-1aa6-4bbf-b617-4d4aeabcc2af
call next value for hibernate_sequence
call next value for hibernate_sequence;
2022-10-10 13:48:04.461  INFO 3923 --- [    Test worker] p6spy                                    : #1665377284461 | took 0ms | statement | connection 23| url jdbc:h2:mem:6a3784ae-1aa6-4bbf-b617-4d4aeabcc2af
call next value for hibernate_sequence
call next value for hibernate_sequence;
2022-10-10 13:48:04.461  INFO 3923 --- [    Test worker] p6spy                                    : #1665377284461 | took 0ms | statement | connection 23| url jdbc:h2:mem:6a3784ae-1aa6-4bbf-b617-4d4aeabcc2af
call next value for hibernate_sequence
call next value for hibernate_sequence;
2022-10-10 13:48:04.461  INFO 3923 --- [    Test worker] p6spy                                    : #1665377284461 | took 0ms | statement | connection 23| url jdbc:h2:mem:6a3784ae-1aa6-4bbf-b617-4d4aeabcc2af
call next value for hibernate_sequence
call next value for hibernate_sequence;
2022-10-10 13:48:04.461  INFO 3923 --- [    Test worker] p6spy                                    : #1665377284461 | took 0ms | statement | connection 23| url jdbc:h2:mem:6a3784ae-1aa6-4bbf-b617-4d4aeabcc2af
call next value for hibernate_sequence
call next value for hibernate_sequence;
2022-10-10 13:48:04.461  INFO 3923 --- [    Test worker] p6spy                                    : #1665377284461 | took 0ms | statement | connection 23| url jdbc:h2:mem:6a3784ae-1aa6-4bbf-b617-4d4aeabcc2af
call next value for hibernate_sequence
call next value for hibernate_sequence;
2022-10-10 13:48:04.461  INFO 3923 --- [    Test worker] c.j.r.FavoriteSpotQueryRepositoryTest    : favoriteSpot = FavoriteSpot(id=353, count=0)
2022-10-10 13:48:04.461  INFO 3923 --- [    Test worker] c.j.r.FavoriteSpotQueryRepositoryTest    : Spot = capstone.jejuTourrecommend.domain.Spot@3cd2fd3d
2022-10-10 13:48:04.461  INFO 3923 --- [    Test worker] p6spy                                    : #1665377284461 | took 0ms | statement | connection 23| url jdbc:h2:mem:6a3784ae-1aa6-4bbf-b617-4d4aeabcc2af
call next value for hibernate_sequence
call next value for hibernate_sequence;
2022-10-10 13:48:04.461  INFO 3923 --- [    Test worker] p6spy                                    : #1665377284461 | took 0ms | statement | connection 23| url jdbc:h2:mem:6a3784ae-1aa6-4bbf-b617-4d4aeabcc2af
call next value for hibernate_sequence
call next value for hibernate_sequence;
2022-10-10 13:48:04.461  INFO 3923 --- [    Test worker] p6spy                                    : #1665377284461 | took 0ms | statement | connection 23| url jdbc:h2:mem:6a3784ae-1aa6-4bbf-b617-4d4aeabcc2af
call next value for hibernate_sequence
call next value for hibernate_sequence;
2022-10-10 13:48:04.461  INFO 3923 --- [    Test worker] p6spy                                    : #1665377284461 | took 0ms | statement | connection 23| url jdbc:h2:mem:6a3784ae-1aa6-4bbf-b617-4d4aeabcc2af
call next value for hibernate_sequence
call next value for hibernate_sequence;
2022-10-10 13:48:04.461  INFO 3923 --- [    Test worker] p6spy                                    : #1665377284461 | took 0ms | statement | connection 23| url jdbc:h2:mem:6a3784ae-1aa6-4bbf-b617-4d4aeabcc2af
call next value for hibernate_sequence
call next value for hibernate_sequence;
2022-10-10 13:48:04.461  INFO 3923 --- [    Test worker] p6spy                                    : #1665377284461 | took 0ms | statement | connection 23| url jdbc:h2:mem:6a3784ae-1aa6-4bbf-b617-4d4aeabcc2af
call next value for hibernate_sequence
call next value for hibernate_sequence;
2022-10-10 13:48:04.461  INFO 3923 --- [    Test worker] p6spy                                    : #1665377284461 | took 0ms | statement | connection 23| url jdbc:h2:mem:6a3784ae-1aa6-4bbf-b617-4d4aeabcc2af
call next value for hibernate_sequence
call next value for hibernate_sequence;
2022-10-10 13:48:04.461  INFO 3923 --- [    Test worker] p6spy                                    : #1665377284461 | took 0ms | statement | connection 23| url jdbc:h2:mem:6a3784ae-1aa6-4bbf-b617-4d4aeabcc2af
call next value for hibernate_sequence
call next value for hibernate_sequence;
2022-10-10 13:48:04.461  INFO 3923 --- [    Test worker] c.j.r.FavoriteSpotQueryRepositoryTest    : favoriteSpot = FavoriteSpot(id=354, count=0)
2022-10-10 13:48:04.461  INFO 3923 --- [    Test worker] c.j.r.FavoriteSpotQueryRepositoryTest    : Spot = capstone.jejuTourrecommend.domain.Spot@49be663b
2022-10-10 13:48:04.461  INFO 3923 --- [    Test worker] p6spy                                    : #1665377284461 | took 0ms | statement | connection 23| url jdbc:h2:mem:6a3784ae-1aa6-4bbf-b617-4d4aeabcc2af
call next value for hibernate_sequence
call next value for hibernate_sequence;
2022-10-10 13:48:04.461  INFO 3923 --- [    Test worker] p6spy                                    : #1665377284461 | took 0ms | statement | connection 23| url jdbc:h2:mem:6a3784ae-1aa6-4bbf-b617-4d4aeabcc2af
call next value for hibernate_sequence
call next value for hibernate_sequence;
2022-10-10 13:48:04.461  INFO 3923 --- [    Test worker] p6spy                                    : #1665377284461 | took 0ms | statement | connection 23| url jdbc:h2:mem:6a3784ae-1aa6-4bbf-b617-4d4aeabcc2af
call next value for hibernate_sequence
call next value for hibernate_sequence;
2022-10-10 13:48:04.461  INFO 3923 --- [    Test worker] p6spy                                    : #1665377284461 | took 0ms | statement | connection 23| url jdbc:h2:mem:6a3784ae-1aa6-4bbf-b617-4d4aeabcc2af
call next value for hibernate_sequence
call next value for hibernate_sequence;
2022-10-10 13:48:04.461  INFO 3923 --- [    Test worker] p6spy                                    : #1665377284461 | took 0ms | statement | connection 23| url jdbc:h2:mem:6a3784ae-1aa6-4bbf-b617-4d4aeabcc2af
call next value for hibernate_sequence
call next value for hibernate_sequence;
2022-10-10 13:48:04.461  INFO 3923 --- [    Test worker] p6spy                                    : #1665377284461 | took 0ms | statement | connection 23| url jdbc:h2:mem:6a3784ae-1aa6-4bbf-b617-4d4aeabcc2af
call next value for hibernate_sequence
call next value for hibernate_sequence;
2022-10-10 13:48:04.461  INFO 3923 --- [    Test worker] p6spy                                    : #1665377284461 | took 0ms | statement | connection 23| url jdbc:h2:mem:6a3784ae-1aa6-4bbf-b617-4d4aeabcc2af
call next value for hibernate_sequence
call next value for hibernate_sequence;
2022-10-10 13:48:04.461  INFO 3923 --- [    Test worker] p6spy                                    : #1665377284461 | took 0ms | statement | connection 23| url jdbc:h2:mem:6a3784ae-1aa6-4bbf-b617-4d4aeabcc2af
call next value for hibernate_sequence
call next value for hibernate_sequence;
2022-10-10 13:48:04.461  INFO 3923 --- [    Test worker] c.j.r.FavoriteSpotQueryRepositoryTest    : favoriteSpot = FavoriteSpot(id=355, count=0)
2022-10-10 13:48:04.461  INFO 3923 --- [    Test worker] c.j.r.FavoriteSpotQueryRepositoryTest    : Spot = capstone.jejuTourrecommend.domain.Spot@6882d1ea
2022-10-10 13:48:04.461  INFO 3923 --- [    Test worker] p6spy                                    : #1665377284461 | took 0ms | statement | connection 23| url jdbc:h2:mem:6a3784ae-1aa6-4bbf-b617-4d4aeabcc2af
call next value for hibernate_sequence
call next value for hibernate_sequence;
2022-10-10 13:48:04.461  INFO 3923 --- [    Test worker] p6spy                                    : #1665377284461 | took 0ms | statement | connection 23| url jdbc:h2:mem:6a3784ae-1aa6-4bbf-b617-4d4aeabcc2af
call next value for hibernate_sequence
call next value for hibernate_sequence;
2022-10-10 13:48:04.461  INFO 3923 --- [    Test worker] p6spy                                    : #1665377284461 | took 0ms | statement | connection 23| url jdbc:h2:mem:6a3784ae-1aa6-4bbf-b617-4d4aeabcc2af
call next value for hibernate_sequence
call next value for hibernate_sequence;
2022-10-10 13:48:04.461  INFO 3923 --- [    Test worker] p6spy                                    : #1665377284461 | took 0ms | statement | connection 23| url jdbc:h2:mem:6a3784ae-1aa6-4bbf-b617-4d4aeabcc2af
call next value for hibernate_sequence
call next value for hibernate_sequence;
2022-10-10 13:48:04.461  INFO 3923 --- [    Test worker] p6spy                                    : #1665377284461 | took 0ms | statement | connection 23| url jdbc:h2:mem:6a3784ae-1aa6-4bbf-b617-4d4aeabcc2af
call next value for hibernate_sequence
call next value for hibernate_sequence;
2022-10-10 13:48:04.461  INFO 3923 --- [    Test worker] p6spy                                    : #1665377284461 | took 0ms | statement | connection 23| url jdbc:h2:mem:6a3784ae-1aa6-4bbf-b617-4d4aeabcc2af
call next value for hibernate_sequence
call next value for hibernate_sequence;
2022-10-10 13:48:04.461  INFO 3923 --- [    Test worker] p6spy                                    : #1665377284461 | took 0ms | statement | connection 23| url jdbc:h2:mem:6a3784ae-1aa6-4bbf-b617-4d4aeabcc2af
call next value for hibernate_sequence
call next value for hibernate_sequence;
2022-10-10 13:48:04.461  INFO 3923 --- [    Test worker] p6spy                                    : #1665377284461 | took 0ms | statement | connection 23| url jdbc:h2:mem:6a3784ae-1aa6-4bbf-b617-4d4aeabcc2af
call next value for hibernate_sequence
call next value for hibernate_sequence;
2022-10-10 13:48:04.461  INFO 3923 --- [    Test worker] c.j.r.FavoriteSpotQueryRepositoryTest    : favoriteSpot = FavoriteSpot(id=356, count=0)
2022-10-10 13:48:04.461  INFO 3923 --- [    Test worker] c.j.r.FavoriteSpotQueryRepositoryTest    : Spot = capstone.jejuTourrecommend.domain.Spot@63e6d21c
2022-10-10 13:48:04.461  INFO 3923 --- [    Test worker] p6spy                                    : #1665377284461 | took 0ms | statement | connection 23| url jdbc:h2:mem:6a3784ae-1aa6-4bbf-b617-4d4aeabcc2af
call next value for hibernate_sequence
call next value for hibernate_sequence;
2022-10-10 13:48:04.461  INFO 3923 --- [    Test worker] p6spy                                    : #1665377284461 | took 0ms | statement | connection 23| url jdbc:h2:mem:6a3784ae-1aa6-4bbf-b617-4d4aeabcc2af
call next value for hibernate_sequence
call next value for hibernate_sequence;
2022-10-10 13:48:04.461  INFO 3923 --- [    Test worker] p6spy                                    : #1665377284461 | took 0ms | statement | connection 23| url jdbc:h2:mem:6a3784ae-1aa6-4bbf-b617-4d4aeabcc2af
call next value for hibernate_sequence
call next value for hibernate_sequence;
2022-10-10 13:48:04.461  INFO 3923 --- [    Test worker] p6spy                                    : #1665377284461 | took 0ms | statement | connection 23| url jdbc:h2:mem:6a3784ae-1aa6-4bbf-b617-4d4aeabcc2af
call next value for hibernate_sequence
call next value for hibernate_sequence;
2022-10-10 13:48:04.461  INFO 3923 --- [    Test worker] p6spy                                    : #1665377284461 | took 0ms | statement | connection 23| url jdbc:h2:mem:6a3784ae-1aa6-4bbf-b617-4d4aeabcc2af
call next value for hibernate_sequence
call next value for hibernate_sequence;
2022-10-10 13:48:04.461  INFO 3923 --- [    Test worker] p6spy                                    : #1665377284461 | took 0ms | statement | connection 23| url jdbc:h2:mem:6a3784ae-1aa6-4bbf-b617-4d4aeabcc2af
call next value for hibernate_sequence
call next value for hibernate_sequence;
2022-10-10 13:48:04.461  INFO 3923 --- [    Test worker] p6spy                                    : #1665377284461 | took 0ms | statement | connection 23| url jdbc:h2:mem:6a3784ae-1aa6-4bbf-b617-4d4aeabcc2af
call next value for hibernate_sequence
call next value for hibernate_sequence;
2022-10-10 13:48:04.462  INFO 3923 --- [    Test worker] p6spy                                    : #1665377284462 | took 0ms | statement | connection 23| url jdbc:h2:mem:6a3784ae-1aa6-4bbf-b617-4d4aeabcc2af
call next value for hibernate_sequence
call next value for hibernate_sequence;
2022-10-10 13:48:04.462  INFO 3923 --- [    Test worker] c.j.r.FavoriteSpotQueryRepositoryTest    : favoriteSpot = FavoriteSpot(id=357, count=0)
2022-10-10 13:48:04.462  INFO 3923 --- [    Test worker] c.j.r.FavoriteSpotQueryRepositoryTest    : Spot = capstone.jejuTourrecommend.domain.Spot@60faac92
2022-10-10 13:48:04.462  INFO 3923 --- [    Test worker] p6spy                                    : #1665377284462 | took 0ms | statement | connection 23| url jdbc:h2:mem:6a3784ae-1aa6-4bbf-b617-4d4aeabcc2af
call next value for hibernate_sequence
call next value for hibernate_sequence;
2022-10-10 13:48:04.462  INFO 3923 --- [    Test worker] p6spy                                    : #1665377284462 | took 0ms | statement | connection 23| url jdbc:h2:mem:6a3784ae-1aa6-4bbf-b617-4d4aeabcc2af
call next value for hibernate_sequence
call next value for hibernate_sequence;
2022-10-10 13:48:04.462  INFO 3923 --- [    Test worker] p6spy                                    : #1665377284462 | took 0ms | statement | connection 23| url jdbc:h2:mem:6a3784ae-1aa6-4bbf-b617-4d4aeabcc2af
call next value for hibernate_sequence
call next value for hibernate_sequence;
2022-10-10 13:48:04.462  INFO 3923 --- [    Test worker] p6spy                                    : #1665377284462 | took 0ms | statement | connection 23| url jdbc:h2:mem:6a3784ae-1aa6-4bbf-b617-4d4aeabcc2af
call next value for hibernate_sequence
call next value for hibernate_sequence;
2022-10-10 13:48:04.462  INFO 3923 --- [    Test worker] p6spy                                    : #1665377284462 | took 0ms | statement | connection 23| url jdbc:h2:mem:6a3784ae-1aa6-4bbf-b617-4d4aeabcc2af
call next value for hibernate_sequence
call next value for hibernate_sequence;
2022-10-10 13:48:04.462  INFO 3923 --- [    Test worker] p6spy                                    : #1665377284462 | took 0ms | statement | connection 23| url jdbc:h2:mem:6a3784ae-1aa6-4bbf-b617-4d4aeabcc2af
call next value for hibernate_sequence
call next value for hibernate_sequence;
2022-10-10 13:48:04.462  INFO 3923 --- [    Test worker] p6spy                                    : #1665377284462 | took 0ms | statement | connection 23| url jdbc:h2:mem:6a3784ae-1aa6-4bbf-b617-4d4aeabcc2af
call next value for hibernate_sequence
call next value for hibernate_sequence;
2022-10-10 13:48:04.462  INFO 3923 --- [    Test worker] p6spy                                    : #1665377284462 | took 0ms | statement | connection 23| url jdbc:h2:mem:6a3784ae-1aa6-4bbf-b617-4d4aeabcc2af
call next value for hibernate_sequence
call next value for hibernate_sequence;
2022-10-10 13:48:04.462  INFO 3923 --- [    Test worker] c.j.r.FavoriteSpotQueryRepositoryTest    : favoriteSpot = FavoriteSpot(id=358, count=0)
2022-10-10 13:48:04.462  INFO 3923 --- [    Test worker] c.j.r.FavoriteSpotQueryRepositoryTest    : Spot = capstone.jejuTourrecommend.domain.Spot@1697d812
2022-10-10 13:48:04.462  INFO 3923 --- [    Test worker] p6spy                                    : #1665377284462 | took 0ms | statement | connection 23| url jdbc:h2:mem:6a3784ae-1aa6-4bbf-b617-4d4aeabcc2af
call next value for hibernate_sequence
call next value for hibernate_sequence;
2022-10-10 13:48:04.462  INFO 3923 --- [    Test worker] p6spy                                    : #1665377284462 | took 0ms | statement | connection 23| url jdbc:h2:mem:6a3784ae-1aa6-4bbf-b617-4d4aeabcc2af
call next value for hibernate_sequence
call next value for hibernate_sequence;
2022-10-10 13:48:04.462  INFO 3923 --- [    Test worker] p6spy                                    : #1665377284462 | took 0ms | statement | connection 23| url jdbc:h2:mem:6a3784ae-1aa6-4bbf-b617-4d4aeabcc2af
call next value for hibernate_sequence
call next value for hibernate_sequence;
2022-10-10 13:48:04.462  INFO 3923 --- [    Test worker] p6spy                                    : #1665377284462 | took 0ms | statement | connection 23| url jdbc:h2:mem:6a3784ae-1aa6-4bbf-b617-4d4aeabcc2af
call next value for hibernate_sequence
call next value for hibernate_sequence;
2022-10-10 13:48:04.462  INFO 3923 --- [    Test worker] p6spy                                    : #1665377284462 | took 0ms | statement | connection 23| url jdbc:h2:mem:6a3784ae-1aa6-4bbf-b617-4d4aeabcc2af
call next value for hibernate_sequence
call next value for hibernate_sequence;
2022-10-10 13:48:04.462  INFO 3923 --- [    Test worker] p6spy                                    : #1665377284462 | took 0ms | statement | connection 23| url jdbc:h2:mem:6a3784ae-1aa6-4bbf-b617-4d4aeabcc2af
call next value for hibernate_sequence
call next value for hibernate_sequence;
2022-10-10 13:48:04.462  INFO 3923 --- [    Test worker] p6spy                                    : #1665377284462 | took 0ms | statement | connection 23| url jdbc:h2:mem:6a3784ae-1aa6-4bbf-b617-4d4aeabcc2af
call next value for hibernate_sequence
call next value for hibernate_sequence;
2022-10-10 13:48:04.462  INFO 3923 --- [    Test worker] p6spy                                    : #1665377284462 | took 0ms | statement | connection 23| url jdbc:h2:mem:6a3784ae-1aa6-4bbf-b617-4d4aeabcc2af
call next value for hibernate_sequence
call next value for hibernate_sequence;
2022-10-10 13:48:04.462  INFO 3923 --- [    Test worker] c.j.r.FavoriteSpotQueryRepositoryTest    : favoriteSpot = FavoriteSpot(id=359, count=0)
2022-10-10 13:48:04.462  INFO 3923 --- [    Test worker] c.j.r.FavoriteSpotQueryRepositoryTest    : Spot = capstone.jejuTourrecommend.domain.Spot@691d85be
2022-10-10 13:48:04.462  INFO 3923 --- [    Test worker] p6spy                                    : #1665377284462 | took 0ms | statement | connection 23| url jdbc:h2:mem:6a3784ae-1aa6-4bbf-b617-4d4aeabcc2af
call next value for hibernate_sequence
call next value for hibernate_sequence;
2022-10-10 13:48:04.462  INFO 3923 --- [    Test worker] p6spy                                    : #1665377284462 | took 0ms | statement | connection 23| url jdbc:h2:mem:6a3784ae-1aa6-4bbf-b617-4d4aeabcc2af
call next value for hibernate_sequence
call next value for hibernate_sequence;
2022-10-10 13:48:04.462  INFO 3923 --- [    Test worker] p6spy                                    : #1665377284462 | took 0ms | statement | connection 23| url jdbc:h2:mem:6a3784ae-1aa6-4bbf-b617-4d4aeabcc2af
call next value for hibernate_sequence
call next value for hibernate_sequence;
2022-10-10 13:48:04.462  INFO 3923 --- [    Test worker] p6spy                                    : #1665377284462 | took 0ms | statement | connection 23| url jdbc:h2:mem:6a3784ae-1aa6-4bbf-b617-4d4aeabcc2af
call next value for hibernate_sequence
call next value for hibernate_sequence;
2022-10-10 13:48:04.462  INFO 3923 --- [    Test worker] p6spy                                    : #1665377284462 | took 0ms | statement | connection 23| url jdbc:h2:mem:6a3784ae-1aa6-4bbf-b617-4d4aeabcc2af
call next value for hibernate_sequence
call next value for hibernate_sequence;
2022-10-10 13:48:04.462  INFO 3923 --- [    Test worker] p6spy                                    : #1665377284462 | took 0ms | statement | connection 23| url jdbc:h2:mem:6a3784ae-1aa6-4bbf-b617-4d4aeabcc2af
call next value for hibernate_sequence
call next value for hibernate_sequence;
2022-10-10 13:48:04.462  INFO 3923 --- [    Test worker] p6spy                                    : #1665377284462 | took 0ms | statement | connection 23| url jdbc:h2:mem:6a3784ae-1aa6-4bbf-b617-4d4aeabcc2af
call next value for hibernate_sequence
call next value for hibernate_sequence;
2022-10-10 13:48:04.462  INFO 3923 --- [    Test worker] p6spy                                    : #1665377284462 | took 0ms | statement | connection 23| url jdbc:h2:mem:6a3784ae-1aa6-4bbf-b617-4d4aeabcc2af
call next value for hibernate_sequence
call next value for hibernate_sequence;
2022-10-10 13:48:04.462  INFO 3923 --- [    Test worker] c.j.r.FavoriteSpotQueryRepositoryTest    : favoriteSpot = FavoriteSpot(id=360, count=0)
2022-10-10 13:48:04.462  INFO 3923 --- [    Test worker] c.j.r.FavoriteSpotQueryRepositoryTest    : Spot = capstone.jejuTourrecommend.domain.Spot@5c457873
2022-10-10 13:48:04.462  INFO 3923 --- [    Test worker] p6spy                                    : #1665377284462 | took 0ms | statement | connection 23| url jdbc:h2:mem:6a3784ae-1aa6-4bbf-b617-4d4aeabcc2af
call next value for hibernate_sequence
call next value for hibernate_sequence;
2022-10-10 13:48:04.462  INFO 3923 --- [    Test worker] p6spy                                    : #1665377284462 | took 0ms | statement | connection 23| url jdbc:h2:mem:6a3784ae-1aa6-4bbf-b617-4d4aeabcc2af
call next value for hibernate_sequence
call next value for hibernate_sequence;
2022-10-10 13:48:04.462  INFO 3923 --- [    Test worker] p6spy                                    : #1665377284462 | took 0ms | statement | connection 23| url jdbc:h2:mem:6a3784ae-1aa6-4bbf-b617-4d4aeabcc2af
call next value for hibernate_sequence
call next value for hibernate_sequence;
2022-10-10 13:48:04.462  INFO 3923 --- [    Test worker] p6spy                                    : #1665377284462 | took 0ms | statement | connection 23| url jdbc:h2:mem:6a3784ae-1aa6-4bbf-b617-4d4aeabcc2af
call next value for hibernate_sequence
call next value for hibernate_sequence;
2022-10-10 13:48:04.462  INFO 3923 --- [    Test worker] p6spy                                    : #1665377284462 | took 0ms | statement | connection 23| url jdbc:h2:mem:6a3784ae-1aa6-4bbf-b617-4d4aeabcc2af
call next value for hibernate_sequence
call next value for hibernate_sequence;
2022-10-10 13:48:04.462  INFO 3923 --- [    Test worker] p6spy                                    : #1665377284462 | took 0ms | statement | connection 23| url jdbc:h2:mem:6a3784ae-1aa6-4bbf-b617-4d4aeabcc2af
call next value for hibernate_sequence
call next value for hibernate_sequence;
2022-10-10 13:48:04.462  INFO 3923 --- [    Test worker] p6spy                                    : #1665377284462 | took 0ms | statement | connection 23| url jdbc:h2:mem:6a3784ae-1aa6-4bbf-b617-4d4aeabcc2af
call next value for hibernate_sequence
call next value for hibernate_sequence;
2022-10-10 13:48:04.462  INFO 3923 --- [    Test worker] p6spy                                    : #1665377284462 | took 0ms | statement | connection 23| url jdbc:h2:mem:6a3784ae-1aa6-4bbf-b617-4d4aeabcc2af
call next value for hibernate_sequence
call next value for hibernate_sequence;
2022-10-10 13:48:04.463  INFO 3923 --- [    Test worker] c.j.r.FavoriteSpotQueryRepositoryTest    : favoriteSpot = FavoriteSpot(id=361, count=0)
2022-10-10 13:48:04.463  INFO 3923 --- [    Test worker] c.j.r.FavoriteSpotQueryRepositoryTest    : Spot = capstone.jejuTourrecommend.domain.Spot@143b32f4
2022-10-10 13:48:04.463  INFO 3923 --- [    Test worker] p6spy                                    : #1665377284463 | took 0ms | statement | connection 23| url jdbc:h2:mem:6a3784ae-1aa6-4bbf-b617-4d4aeabcc2af
call next value for hibernate_sequence
call next value for hibernate_sequence;
2022-10-10 13:48:04.463  INFO 3923 --- [    Test worker] p6spy                                    : #1665377284463 | took 0ms | statement | connection 23| url jdbc:h2:mem:6a3784ae-1aa6-4bbf-b617-4d4aeabcc2af
call next value for hibernate_sequence
call next value for hibernate_sequence;
2022-10-10 13:48:04.463  INFO 3923 --- [    Test worker] p6spy                                    : #1665377284463 | took 0ms | statement | connection 23| url jdbc:h2:mem:6a3784ae-1aa6-4bbf-b617-4d4aeabcc2af
call next value for hibernate_sequence
call next value for hibernate_sequence;
2022-10-10 13:48:04.463  INFO 3923 --- [    Test worker] p6spy                                    : #1665377284463 | took 0ms | statement | connection 23| url jdbc:h2:mem:6a3784ae-1aa6-4bbf-b617-4d4aeabcc2af
call next value for hibernate_sequence
call next value for hibernate_sequence;
2022-10-10 13:48:04.463  INFO 3923 --- [    Test worker] p6spy                                    : #1665377284463 | took 0ms | statement | connection 23| url jdbc:h2:mem:6a3784ae-1aa6-4bbf-b617-4d4aeabcc2af
call next value for hibernate_sequence
call next value for hibernate_sequence;
2022-10-10 13:48:04.463  INFO 3923 --- [    Test worker] p6spy                                    : #1665377284463 | took 0ms | statement | connection 23| url jdbc:h2:mem:6a3784ae-1aa6-4bbf-b617-4d4aeabcc2af
call next value for hibernate_sequence
call next value for hibernate_sequence;
2022-10-10 13:48:04.463  INFO 3923 --- [    Test worker] p6spy                                    : #1665377284463 | took 0ms | statement | connection 23| url jdbc:h2:mem:6a3784ae-1aa6-4bbf-b617-4d4aeabcc2af
call next value for hibernate_sequence
call next value for hibernate_sequence;
2022-10-10 13:48:04.463  INFO 3923 --- [    Test worker] p6spy                                    : #1665377284463 | took 0ms | statement | connection 23| url jdbc:h2:mem:6a3784ae-1aa6-4bbf-b617-4d4aeabcc2af
call next value for hibernate_sequence
call next value for hibernate_sequence;
2022-10-10 13:48:04.463  INFO 3923 --- [    Test worker] c.j.r.FavoriteSpotQueryRepositoryTest    : favoriteSpot = FavoriteSpot(id=362, count=0)
2022-10-10 13:48:04.463  INFO 3923 --- [    Test worker] c.j.r.FavoriteSpotQueryRepositoryTest    : Spot = capstone.jejuTourrecommend.domain.Spot@510efcb7
2022-10-10 13:48:04.463  INFO 3923 --- [    Test worker] p6spy                                    : #1665377284463 | took 0ms | statement | connection 23| url jdbc:h2:mem:6a3784ae-1aa6-4bbf-b617-4d4aeabcc2af
call next value for hibernate_sequence
call next value for hibernate_sequence;
2022-10-10 13:48:04.463  INFO 3923 --- [    Test worker] p6spy                                    : #1665377284463 | took 0ms | statement | connection 23| url jdbc:h2:mem:6a3784ae-1aa6-4bbf-b617-4d4aeabcc2af
call next value for hibernate_sequence
call next value for hibernate_sequence;
2022-10-10 13:48:04.463  INFO 3923 --- [    Test worker] p6spy                                    : #1665377284463 | took 0ms | statement | connection 23| url jdbc:h2:mem:6a3784ae-1aa6-4bbf-b617-4d4aeabcc2af
call next value for hibernate_sequence
call next value for hibernate_sequence;
2022-10-10 13:48:04.463  INFO 3923 --- [    Test worker] p6spy                                    : #1665377284463 | took 0ms | statement | connection 23| url jdbc:h2:mem:6a3784ae-1aa6-4bbf-b617-4d4aeabcc2af
call next value for spot_seq
call next value for spot_seq;
2022-10-10 13:48:04.463  INFO 3923 --- [    Test worker] p6spy                                    : #1665377284463 | took 0ms | statement | connection 23| url jdbc:h2:mem:6a3784ae-1aa6-4bbf-b617-4d4aeabcc2af
call next value for hibernate_sequence
call next value for hibernate_sequence;
2022-10-10 13:48:04.463  INFO 3923 --- [    Test worker] p6spy                                    : #1665377284463 | took 0ms | statement | connection 23| url jdbc:h2:mem:6a3784ae-1aa6-4bbf-b617-4d4aeabcc2af
call next value for hibernate_sequence
call next value for hibernate_sequence;
2022-10-10 13:48:04.463  INFO 3923 --- [    Test worker] p6spy                                    : #1665377284463 | took 0ms | statement | connection 23| url jdbc:h2:mem:6a3784ae-1aa6-4bbf-b617-4d4aeabcc2af
call next value for hibernate_sequence
call next value for hibernate_sequence;
2022-10-10 13:48:04.463  INFO 3923 --- [    Test worker] p6spy                                    : #1665377284463 | took 0ms | statement | connection 23| url jdbc:h2:mem:6a3784ae-1aa6-4bbf-b617-4d4aeabcc2af
call next value for hibernate_sequence
call next value for hibernate_sequence;
2022-10-10 13:48:04.463  INFO 3923 --- [    Test worker] p6spy                                    : #1665377284463 | took 0ms | statement | connection 23| url jdbc:h2:mem:6a3784ae-1aa6-4bbf-b617-4d4aeabcc2af
call next value for hibernate_sequence
call next value for hibernate_sequence;
2022-10-10 13:48:04.463  INFO 3923 --- [    Test worker] c.j.r.FavoriteSpotQueryRepositoryTest    : favoriteSpot = FavoriteSpot(id=363, count=0)
2022-10-10 13:48:04.463  INFO 3923 --- [    Test worker] c.j.r.FavoriteSpotQueryRepositoryTest    : Spot = capstone.jejuTourrecommend.domain.Spot@4d1fe401
2022-10-10 13:48:04.463  INFO 3923 --- [    Test worker] p6spy                                    : #1665377284463 | took 0ms | statement | connection 23| url jdbc:h2:mem:6a3784ae-1aa6-4bbf-b617-4d4aeabcc2af
call next value for hibernate_sequence
call next value for hibernate_sequence;
2022-10-10 13:48:04.463  INFO 3923 --- [    Test worker] p6spy                                    : #1665377284463 | took 0ms | statement | connection 23| url jdbc:h2:mem:6a3784ae-1aa6-4bbf-b617-4d4aeabcc2af
call next value for hibernate_sequence
call next value for hibernate_sequence;
2022-10-10 13:48:04.463  INFO 3923 --- [    Test worker] p6spy                                    : #1665377284463 | took 0ms | statement | connection 23| url jdbc:h2:mem:6a3784ae-1aa6-4bbf-b617-4d4aeabcc2af
call next value for hibernate_sequence
call next value for hibernate_sequence;
2022-10-10 13:48:04.463  INFO 3923 --- [    Test worker] p6spy                                    : #1665377284463 | took 0ms | statement | connection 23| url jdbc:h2:mem:6a3784ae-1aa6-4bbf-b617-4d4aeabcc2af
call next value for hibernate_sequence
call next value for hibernate_sequence;
2022-10-10 13:48:04.463  INFO 3923 --- [    Test worker] p6spy                                    : #1665377284463 | took 0ms | statement | connection 23| url jdbc:h2:mem:6a3784ae-1aa6-4bbf-b617-4d4aeabcc2af
call next value for hibernate_sequence
call next value for hibernate_sequence;
2022-10-10 13:48:04.463  INFO 3923 --- [    Test worker] p6spy                                    : #1665377284463 | took 0ms | statement | connection 23| url jdbc:h2:mem:6a3784ae-1aa6-4bbf-b617-4d4aeabcc2af
call next value for hibernate_sequence
call next value for hibernate_sequence;
2022-10-10 13:48:04.463  INFO 3923 --- [    Test worker] p6spy                                    : #1665377284463 | took 0ms | statement | connection 23| url jdbc:h2:mem:6a3784ae-1aa6-4bbf-b617-4d4aeabcc2af
call next value for hibernate_sequence
call next value for hibernate_sequence;
2022-10-10 13:48:04.463  INFO 3923 --- [    Test worker] p6spy                                    : #1665377284463 | took 0ms | statement | connection 23| url jdbc:h2:mem:6a3784ae-1aa6-4bbf-b617-4d4aeabcc2af
call next value for hibernate_sequence
call next value for hibernate_sequence;
2022-10-10 13:48:04.463  INFO 3923 --- [    Test worker] c.j.r.FavoriteSpotQueryRepositoryTest    : favoriteSpot = FavoriteSpot(id=364, count=0)
2022-10-10 13:48:04.463  INFO 3923 --- [    Test worker] c.j.r.FavoriteSpotQueryRepositoryTest    : Spot = capstone.jejuTourrecommend.domain.Spot@39d73eea
2022-10-10 13:48:04.463  INFO 3923 --- [    Test worker] p6spy                                    : #1665377284463 | took 0ms | statement | connection 23| url jdbc:h2:mem:6a3784ae-1aa6-4bbf-b617-4d4aeabcc2af
call next value for hibernate_sequence
call next value for hibernate_sequence;
2022-10-10 13:48:04.463  INFO 3923 --- [    Test worker] p6spy                                    : #1665377284463 | took 0ms | statement | connection 23| url jdbc:h2:mem:6a3784ae-1aa6-4bbf-b617-4d4aeabcc2af
call next value for hibernate_sequence
call next value for hibernate_sequence;
2022-10-10 13:48:04.463  INFO 3923 --- [    Test worker] p6spy                                    : #1665377284463 | took 0ms | statement | connection 23| url jdbc:h2:mem:6a3784ae-1aa6-4bbf-b617-4d4aeabcc2af
call next value for hibernate_sequence
call next value for hibernate_sequence;
2022-10-10 13:48:04.463  INFO 3923 --- [    Test worker] p6spy                                    : #1665377284463 | took 0ms | statement | connection 23| url jdbc:h2:mem:6a3784ae-1aa6-4bbf-b617-4d4aeabcc2af
call next value for hibernate_sequence
call next value for hibernate_sequence;
2022-10-10 13:48:04.463  INFO 3923 --- [    Test worker] p6spy                                    : #1665377284463 | took 0ms | statement | connection 23| url jdbc:h2:mem:6a3784ae-1aa6-4bbf-b617-4d4aeabcc2af
call next value for hibernate_sequence
call next value for hibernate_sequence;
2022-10-10 13:48:04.464  INFO 3923 --- [    Test worker] p6spy                                    : #1665377284464 | took 0ms | statement | connection 23| url jdbc:h2:mem:6a3784ae-1aa6-4bbf-b617-4d4aeabcc2af
call next value for hibernate_sequence
call next value for hibernate_sequence;
2022-10-10 13:48:04.464  INFO 3923 --- [    Test worker] p6spy                                    : #1665377284464 | took 0ms | statement | connection 23| url jdbc:h2:mem:6a3784ae-1aa6-4bbf-b617-4d4aeabcc2af
call next value for hibernate_sequence
call next value for hibernate_sequence;
2022-10-10 13:48:04.464  INFO 3923 --- [    Test worker] p6spy                                    : #1665377284464 | took 0ms | statement | connection 23| url jdbc:h2:mem:6a3784ae-1aa6-4bbf-b617-4d4aeabcc2af
call next value for hibernate_sequence
call next value for hibernate_sequence;
2022-10-10 13:48:04.464  INFO 3923 --- [    Test worker] c.j.r.FavoriteSpotQueryRepositoryTest    : favoriteSpot = FavoriteSpot(id=365, count=0)
2022-10-10 13:48:04.464  INFO 3923 --- [    Test worker] c.j.r.FavoriteSpotQueryRepositoryTest    : Spot = capstone.jejuTourrecommend.domain.Spot@2062f5ea
2022-10-10 13:48:04.464  INFO 3923 --- [    Test worker] p6spy                                    : #1665377284464 | took 0ms | statement | connection 23| url jdbc:h2:mem:6a3784ae-1aa6-4bbf-b617-4d4aeabcc2af
call next value for hibernate_sequence
call next value for hibernate_sequence;
2022-10-10 13:48:04.464  INFO 3923 --- [    Test worker] p6spy                                    : #1665377284464 | took 0ms | statement | connection 23| url jdbc:h2:mem:6a3784ae-1aa6-4bbf-b617-4d4aeabcc2af
call next value for hibernate_sequence
call next value for hibernate_sequence;
2022-10-10 13:48:04.464  INFO 3923 --- [    Test worker] p6spy                                    : #1665377284464 | took 0ms | statement | connection 23| url jdbc:h2:mem:6a3784ae-1aa6-4bbf-b617-4d4aeabcc2af
call next value for hibernate_sequence
call next value for hibernate_sequence;
2022-10-10 13:48:04.464  INFO 3923 --- [    Test worker] p6spy                                    : #1665377284464 | took 0ms | statement | connection 23| url jdbc:h2:mem:6a3784ae-1aa6-4bbf-b617-4d4aeabcc2af
call next value for hibernate_sequence
call next value for hibernate_sequence;
2022-10-10 13:48:04.464  INFO 3923 --- [    Test worker] p6spy                                    : #1665377284464 | took 0ms | statement | connection 23| url jdbc:h2:mem:6a3784ae-1aa6-4bbf-b617-4d4aeabcc2af
call next value for hibernate_sequence
call next value for hibernate_sequence;
2022-10-10 13:48:04.464  INFO 3923 --- [    Test worker] p6spy                                    : #1665377284464 | took 0ms | statement | connection 23| url jdbc:h2:mem:6a3784ae-1aa6-4bbf-b617-4d4aeabcc2af
call next value for hibernate_sequence
call next value for hibernate_sequence;
2022-10-10 13:48:04.464  INFO 3923 --- [    Test worker] p6spy                                    : #1665377284464 | took 0ms | statement | connection 23| url jdbc:h2:mem:6a3784ae-1aa6-4bbf-b617-4d4aeabcc2af
call next value for hibernate_sequence
call next value for hibernate_sequence;
2022-10-10 13:48:04.464  INFO 3923 --- [    Test worker] p6spy                                    : #1665377284464 | took 0ms | statement | connection 23| url jdbc:h2:mem:6a3784ae-1aa6-4bbf-b617-4d4aeabcc2af
call next value for hibernate_sequence
call next value for hibernate_sequence;
2022-10-10 13:48:04.464  INFO 3923 --- [    Test worker] c.j.r.FavoriteSpotQueryRepositoryTest    : favoriteSpot = FavoriteSpot(id=366, count=0)
2022-10-10 13:48:04.464  INFO 3923 --- [    Test worker] c.j.r.FavoriteSpotQueryRepositoryTest    : Spot = capstone.jejuTourrecommend.domain.Spot@55e5cebc
2022-10-10 13:48:04.464  INFO 3923 --- [    Test worker] p6spy                                    : #1665377284464 | took 0ms | statement | connection 23| url jdbc:h2:mem:6a3784ae-1aa6-4bbf-b617-4d4aeabcc2af
call next value for hibernate_sequence
call next value for hibernate_sequence;
2022-10-10 13:48:04.464  INFO 3923 --- [    Test worker] p6spy                                    : #1665377284464 | took 0ms | statement | connection 23| url jdbc:h2:mem:6a3784ae-1aa6-4bbf-b617-4d4aeabcc2af
call next value for hibernate_sequence
call next value for hibernate_sequence;
2022-10-10 13:48:04.464  INFO 3923 --- [    Test worker] p6spy                                    : #1665377284464 | took 0ms | statement | connection 23| url jdbc:h2:mem:6a3784ae-1aa6-4bbf-b617-4d4aeabcc2af
call next value for hibernate_sequence
call next value for hibernate_sequence;
2022-10-10 13:48:04.464  INFO 3923 --- [    Test worker] p6spy                                    : #1665377284464 | took 0ms | statement | connection 23| url jdbc:h2:mem:6a3784ae-1aa6-4bbf-b617-4d4aeabcc2af
call next value for hibernate_sequence
call next value for hibernate_sequence;
2022-10-10 13:48:04.464  INFO 3923 --- [    Test worker] p6spy                                    : #1665377284464 | took 0ms | statement | connection 23| url jdbc:h2:mem:6a3784ae-1aa6-4bbf-b617-4d4aeabcc2af
call next value for hibernate_sequence
call next value for hibernate_sequence;
2022-10-10 13:48:04.464  INFO 3923 --- [    Test worker] p6spy                                    : #1665377284464 | took 0ms | statement | connection 23| url jdbc:h2:mem:6a3784ae-1aa6-4bbf-b617-4d4aeabcc2af
call next value for hibernate_sequence
call next value for hibernate_sequence;
2022-10-10 13:48:04.464  INFO 3923 --- [    Test worker] p6spy                                    : #1665377284464 | took 0ms | statement | connection 23| url jdbc:h2:mem:6a3784ae-1aa6-4bbf-b617-4d4aeabcc2af
call next value for hibernate_sequence
call next value for hibernate_sequence;
2022-10-10 13:48:04.464  INFO 3923 --- [    Test worker] p6spy                                    : #1665377284464 | took 0ms | statement | connection 23| url jdbc:h2:mem:6a3784ae-1aa6-4bbf-b617-4d4aeabcc2af
call next value for hibernate_sequence
call next value for hibernate_sequence;
2022-10-10 13:48:04.464  INFO 3923 --- [    Test worker] c.j.r.FavoriteSpotQueryRepositoryTest    : favoriteSpot = FavoriteSpot(id=367, count=0)
2022-10-10 13:48:04.464  INFO 3923 --- [    Test worker] c.j.r.FavoriteSpotQueryRepositoryTest    : Spot = capstone.jejuTourrecommend.domain.Spot@4b935a8b
2022-10-10 13:48:04.464  INFO 3923 --- [    Test worker] p6spy                                    : #1665377284464 | took 0ms | statement | connection 23| url jdbc:h2:mem:6a3784ae-1aa6-4bbf-b617-4d4aeabcc2af
call next value for hibernate_sequence
call next value for hibernate_sequence;
2022-10-10 13:48:04.464  INFO 3923 --- [    Test worker] p6spy                                    : #1665377284464 | took 0ms | statement | connection 23| url jdbc:h2:mem:6a3784ae-1aa6-4bbf-b617-4d4aeabcc2af
call next value for hibernate_sequence
call next value for hibernate_sequence;
2022-10-10 13:48:04.464  INFO 3923 --- [    Test worker] p6spy                                    : #1665377284464 | took 0ms | statement | connection 23| url jdbc:h2:mem:6a3784ae-1aa6-4bbf-b617-4d4aeabcc2af
call next value for hibernate_sequence
call next value for hibernate_sequence;
2022-10-10 13:48:04.464  INFO 3923 --- [    Test worker] p6spy                                    : #1665377284464 | took 0ms | statement | connection 23| url jdbc:h2:mem:6a3784ae-1aa6-4bbf-b617-4d4aeabcc2af
call next value for hibernate_sequence
call next value for hibernate_sequence;
2022-10-10 13:48:04.464  INFO 3923 --- [    Test worker] p6spy                                    : #1665377284464 | took 0ms | statement | connection 23| url jdbc:h2:mem:6a3784ae-1aa6-4bbf-b617-4d4aeabcc2af
call next value for hibernate_sequence
call next value for hibernate_sequence;
2022-10-10 13:48:04.464  INFO 3923 --- [    Test worker] p6spy                                    : #1665377284464 | took 0ms | statement | connection 23| url jdbc:h2:mem:6a3784ae-1aa6-4bbf-b617-4d4aeabcc2af
call next value for hibernate_sequence
call next value for hibernate_sequence;
2022-10-10 13:48:04.464  INFO 3923 --- [    Test worker] p6spy                                    : #1665377284464 | took 0ms | statement | connection 23| url jdbc:h2:mem:6a3784ae-1aa6-4bbf-b617-4d4aeabcc2af
call next value for hibernate_sequence
call next value for hibernate_sequence;
2022-10-10 13:48:04.464  INFO 3923 --- [    Test worker] p6spy                                    : #1665377284464 | took 0ms | statement | connection 23| url jdbc:h2:mem:6a3784ae-1aa6-4bbf-b617-4d4aeabcc2af
call next value for hibernate_sequence
call next value for hibernate_sequence;
2022-10-10 13:48:04.464  INFO 3923 --- [    Test worker] c.j.r.FavoriteSpotQueryRepositoryTest    : favoriteSpot = FavoriteSpot(id=368, count=0)
2022-10-10 13:48:04.464  INFO 3923 --- [    Test worker] c.j.r.FavoriteSpotQueryRepositoryTest    : Spot = capstone.jejuTourrecommend.domain.Spot@1a8626b
2022-10-10 13:48:04.464  INFO 3923 --- [    Test worker] p6spy                                    : #1665377284464 | took 0ms | statement | connection 23| url jdbc:h2:mem:6a3784ae-1aa6-4bbf-b617-4d4aeabcc2af
call next value for hibernate_sequence
call next value for hibernate_sequence;
2022-10-10 13:48:04.464  INFO 3923 --- [    Test worker] p6spy                                    : #1665377284464 | took 0ms | statement | connection 23| url jdbc:h2:mem:6a3784ae-1aa6-4bbf-b617-4d4aeabcc2af
call next value for hibernate_sequence
call next value for hibernate_sequence;
2022-10-10 13:48:04.464  INFO 3923 --- [    Test worker] p6spy                                    : #1665377284464 | took 0ms | statement | connection 23| url jdbc:h2:mem:6a3784ae-1aa6-4bbf-b617-4d4aeabcc2af
call next value for hibernate_sequence
call next value for hibernate_sequence;
2022-10-10 13:48:04.464  INFO 3923 --- [    Test worker] p6spy                                    : #1665377284464 | took 0ms | statement | connection 23| url jdbc:h2:mem:6a3784ae-1aa6-4bbf-b617-4d4aeabcc2af
call next value for hibernate_sequence
call next value for hibernate_sequence;
2022-10-10 13:48:04.464  INFO 3923 --- [    Test worker] p6spy                                    : #1665377284464 | took 0ms | statement | connection 23| url jdbc:h2:mem:6a3784ae-1aa6-4bbf-b617-4d4aeabcc2af
call next value for hibernate_sequence
call next value for hibernate_sequence;
2022-10-10 13:48:04.464  INFO 3923 --- [    Test worker] p6spy                                    : #1665377284464 | took 0ms | statement | connection 23| url jdbc:h2:mem:6a3784ae-1aa6-4bbf-b617-4d4aeabcc2af
call next value for hibernate_sequence
call next value for hibernate_sequence;
2022-10-10 13:48:04.464  INFO 3923 --- [    Test worker] p6spy                                    : #1665377284464 | took 0ms | statement | connection 23| url jdbc:h2:mem:6a3784ae-1aa6-4bbf-b617-4d4aeabcc2af
call next value for hibernate_sequence
call next value for hibernate_sequence;
2022-10-10 13:48:04.464  INFO 3923 --- [    Test worker] p6spy                                    : #1665377284464 | took 0ms | statement | connection 23| url jdbc:h2:mem:6a3784ae-1aa6-4bbf-b617-4d4aeabcc2af
call next value for hibernate_sequence
call next value for hibernate_sequence;
2022-10-10 13:48:04.464  INFO 3923 --- [    Test worker] c.j.r.FavoriteSpotQueryRepositoryTest    : favoriteSpot = FavoriteSpot(id=369, count=0)
2022-10-10 13:48:04.464  INFO 3923 --- [    Test worker] c.j.r.FavoriteSpotQueryRepositoryTest    : Spot = capstone.jejuTourrecommend.domain.Spot@76033d9
2022-10-10 13:48:04.464  INFO 3923 --- [    Test worker] p6spy                                    : #1665377284464 | took 0ms | statement | connection 23| url jdbc:h2:mem:6a3784ae-1aa6-4bbf-b617-4d4aeabcc2af
call next value for hibernate_sequence
call next value for hibernate_sequence;
2022-10-10 13:48:04.464  INFO 3923 --- [    Test worker] p6spy                                    : #1665377284464 | took 0ms | statement | connection 23| url jdbc:h2:mem:6a3784ae-1aa6-4bbf-b617-4d4aeabcc2af
call next value for hibernate_sequence
call next value for hibernate_sequence;
2022-10-10 13:48:04.465  INFO 3923 --- [    Test worker] p6spy                                    : #1665377284465 | took 0ms | statement | connection 23| url jdbc:h2:mem:6a3784ae-1aa6-4bbf-b617-4d4aeabcc2af
call next value for hibernate_sequence
call next value for hibernate_sequence;
2022-10-10 13:48:04.465  INFO 3923 --- [    Test worker] p6spy                                    : #1665377284465 | took 0ms | statement | connection 23| url jdbc:h2:mem:6a3784ae-1aa6-4bbf-b617-4d4aeabcc2af
call next value for hibernate_sequence
call next value for hibernate_sequence;
2022-10-10 13:48:04.465  INFO 3923 --- [    Test worker] p6spy                                    : #1665377284465 | took 0ms | statement | connection 23| url jdbc:h2:mem:6a3784ae-1aa6-4bbf-b617-4d4aeabcc2af
call next value for review_seq
call next value for review_seq;
2022-10-10 13:48:04.465  INFO 3923 --- [    Test worker] p6spy                                    : #1665377284465 | took 0ms | statement | connection 23| url jdbc:h2:mem:6a3784ae-1aa6-4bbf-b617-4d4aeabcc2af
call next value for hibernate_sequence
call next value for hibernate_sequence;
2022-10-10 13:48:04.465  INFO 3923 --- [    Test worker] p6spy                                    : #1665377284465 | took 0ms | statement | connection 23| url jdbc:h2:mem:6a3784ae-1aa6-4bbf-b617-4d4aeabcc2af
call next value for hibernate_sequence
call next value for hibernate_sequence;
2022-10-10 13:48:04.465  INFO 3923 --- [    Test worker] p6spy                                    : #1665377284465 | took 0ms | statement | connection 23| url jdbc:h2:mem:6a3784ae-1aa6-4bbf-b617-4d4aeabcc2af
call next value for hibernate_sequence
call next value for hibernate_sequence;
2022-10-10 13:48:04.465  INFO 3923 --- [    Test worker] p6spy                                    : #1665377284465 | took 0ms | statement | connection 23| url jdbc:h2:mem:6a3784ae-1aa6-4bbf-b617-4d4aeabcc2af
call next value for hibernate_sequence
call next value for hibernate_sequence;
2022-10-10 13:48:04.465  INFO 3923 --- [    Test worker] c.j.r.FavoriteSpotQueryRepositoryTest    : favoriteSpot = FavoriteSpot(id=370, count=0)
2022-10-10 13:48:04.465  INFO 3923 --- [    Test worker] c.j.r.FavoriteSpotQueryRepositoryTest    : Spot = capstone.jejuTourrecommend.domain.Spot@7c8c5798
2022-10-10 13:48:04.465  INFO 3923 --- [    Test worker] p6spy                                    : #1665377284465 | took 0ms | statement | connection 23| url jdbc:h2:mem:6a3784ae-1aa6-4bbf-b617-4d4aeabcc2af
call next value for score_seq
call next value for score_seq;
2022-10-10 13:48:04.465  INFO 3923 --- [    Test worker] p6spy                                    : #1665377284465 | took 0ms | statement | connection 23| url jdbc:h2:mem:6a3784ae-1aa6-4bbf-b617-4d4aeabcc2af
call next value for hibernate_sequence
call next value for hibernate_sequence;
2022-10-10 13:48:04.465  INFO 3923 --- [    Test worker] p6spy                                    : #1665377284465 | took 0ms | statement | connection 23| url jdbc:h2:mem:6a3784ae-1aa6-4bbf-b617-4d4aeabcc2af
call next value for hibernate_sequence
call next value for hibernate_sequence;
2022-10-10 13:48:04.465  INFO 3923 --- [    Test worker] p6spy                                    : #1665377284465 | took 0ms | statement | connection 23| url jdbc:h2:mem:6a3784ae-1aa6-4bbf-b617-4d4aeabcc2af
call next value for hibernate_sequence
call next value for hibernate_sequence;
2022-10-10 13:48:04.465  INFO 3923 --- [    Test worker] p6spy                                    : #1665377284465 | took 0ms | statement | connection 23| url jdbc:h2:mem:6a3784ae-1aa6-4bbf-b617-4d4aeabcc2af
call next value for hibernate_sequence
call next value for hibernate_sequence;
2022-10-10 13:48:04.467  INFO 3923 --- [    Test worker] p6spy                                    : #1665377284467 | took 0ms | statement | connection 23| url jdbc:h2:mem:6a3784ae-1aa6-4bbf-b617-4d4aeabcc2af
insert into member (created_date, last_modified_date, created_by, last_modified_by, email, password, refresh_token, role, username, member_id) values (?, ?, ?, ?, ?, ?, ?, ?, ?, ?)
insert into member (created_date, last_modified_date, created_by, last_modified_by, email, password, refresh_token, role, username, member_id) values ('2022-10-10T13:48:04.452+0900', '2022-10-10T13:48:04.452+0900', '592ad993-ee14-4235-a8d6-65936f9f9502', '592ad993-ee14-4235-a8d6-65936f9f9502', 'member1@gmail.com', '1234', NULL, NULL, 'member1', 14);
2022-10-10 13:48:04.467  INFO 3923 --- [    Test worker] p6spy                                    : #1665377284467 | took 0ms | statement | connection 23| url jdbc:h2:mem:6a3784ae-1aa6-4bbf-b617-4d4aeabcc2af
insert into member (created_date, last_modified_date, created_by, last_modified_by, email, password, refresh_token, role, username, member_id) values (?, ?, ?, ?, ?, ?, ?, ?, ?, ?)
insert into member (created_date, last_modified_date, created_by, last_modified_by, email, password, refresh_token, role, username, member_id) values ('2022-10-10T13:48:04.452+0900', '2022-10-10T13:48:04.452+0900', 'd3bc7528-36ce-4dd5-a0ca-c5320aae52df', 'd3bc7528-36ce-4dd5-a0ca-c5320aae52df', 'member2@naver.com', '2345', NULL, NULL, 'member2', 15);
2022-10-10 13:48:04.467  INFO 3923 --- [    Test worker] p6spy                                    : #1665377284467 | took 0ms | statement | connection 23| url jdbc:h2:mem:6a3784ae-1aa6-4bbf-b617-4d4aeabcc2af
insert into favorite (member_id, name, favorite_id) values (?, ?, ?)
insert into favorite (member_id, name, favorite_id) values (14, '1일차', 37);
2022-10-10 13:48:04.467  INFO 3923 --- [    Test worker] p6spy                                    : #1665377284467 | took 0ms | statement | connection 23| url jdbc:h2:mem:6a3784ae-1aa6-4bbf-b617-4d4aeabcc2af
insert into score (facility_rank, facility_score, price_rank, price_score, rank_average, surround_rank, surround_score, view_rank, view_score, score_id) values (?, ?, ?, ?, ?, ?, ?, ?, ?, ?)
insert into score (facility_rank, facility_score, price_rank, price_score, rank_average, surround_rank, surround_score, view_rank, view_score, score_id) values (8.574182241574473, 6.0094791882806895, 2.5694455907020517, 2.738004498386366, 0.9462371072305764, 2.541107090561663, 7.737847430739402, 5.454707159898894, 0.010041635633680768, 303);
2022-10-10 13:48:04.467  INFO 3923 --- [    Test worker] p6spy                                    : #1665377284467 | took 0ms | statement | connection 23| url jdbc:h2:mem:6a3784ae-1aa6-4bbf-b617-4d4aeabcc2af
insert into picture (spot_id, url, picture_id) values (?, ?, ?)
insert into picture (spot_id, url, picture_id) values (NULL, 'java.io.StringReader@59996bfc', 1265);
2022-10-10 13:48:04.467  INFO 3923 --- [    Test worker] p6spy                                    : #1665377284467 | took 0ms | statement | connection 23| url jdbc:h2:mem:6a3784ae-1aa6-4bbf-b617-4d4aeabcc2af
insert into picture (spot_id, url, picture_id) values (?, ?, ?)
insert into picture (spot_id, url, picture_id) values (NULL, 'java.io.StringReader@251ddb57', 1266);
2022-10-10 13:48:04.467  INFO 3923 --- [    Test worker] p6spy                                    : #1665377284467 | took 0ms | statement | connection 23| url jdbc:h2:mem:6a3784ae-1aa6-4bbf-b617-4d4aeabcc2af
insert into picture (spot_id, url, picture_id) values (?, ?, ?)
insert into picture (spot_id, url, picture_id) values (NULL, 'java.io.StringReader@19c9e237', 1267);
2022-10-10 13:48:04.467  INFO 3923 --- [    Test worker] p6spy                                    : #1665377284467 | took 0ms | statement | connection 23| url jdbc:h2:mem:6a3784ae-1aa6-4bbf-b617-4d4aeabcc2af
insert into spot (address, description, location, name, score_id, spot_id) values (?, ?, ?, ?, ?, ?)
insert into spot (address, description, location, name, score_id, spot_id) values (NULL, NULL, 'Aewol_eup', NULL, 303, 369);
2022-10-10 13:48:04.467  INFO 3923 --- [    Test worker] p6spy                                    : #1665377284467 | took 0ms | statement | connection 23| url jdbc:h2:mem:6a3784ae-1aa6-4bbf-b617-4d4aeabcc2af
insert into member_spot (member_id, score, spot_id, member_spot_id) values (?, ?, ?, ?)
insert into member_spot (member_id, score, spot_id, member_spot_id) values (15, 0.0, 369, 1268);
2022-10-10 13:48:04.467  INFO 3923 --- [    Test worker] p6spy                                    : #1665377284467 | took 0ms | statement | connection 23| url jdbc:h2:mem:6a3784ae-1aa6-4bbf-b617-4d4aeabcc2af
insert into review (content, spot_id, review_id) values (?, ?, ?)
insert into review (content, spot_id, review_id) values ('java.io.StringReader@6db89763', 369, 305);
2022-10-10 13:48:04.467  INFO 3923 --- [    Test worker] p6spy                                    : #1665377284467 | took 0ms | statement | connection 23| url jdbc:h2:mem:6a3784ae-1aa6-4bbf-b617-4d4aeabcc2af
insert into favorite_spot (count, favorite_id, spot_id, favorite_spot_id) values (?, ?, ?, ?)
insert into favorite_spot (count, favorite_id, spot_id, favorite_spot_id) values (0, 37, 369, 321);
2022-10-10 13:48:04.467  INFO 3923 --- [    Test worker] p6spy                                    : #1665377284467 | took 0ms | statement | connection 23| url jdbc:h2:mem:6a3784ae-1aa6-4bbf-b617-4d4aeabcc2af
insert into score (facility_rank, facility_score, price_rank, price_score, rank_average, surround_rank, surround_score, view_rank, view_score, score_id) values (?, ?, ?, ?, ?, ?, ?, ?, ?, ?)
insert into score (facility_rank, facility_score, price_rank, price_score, rank_average, surround_rank, surround_score, view_rank, view_score, score_id) values (3.866654633463872, 4.194884258076614, 6.194920469165945, 7.095943590238346, 0.3911466923755824, 6.592473003468571, 5.467104037932007, 9.622652985344732, 8.31896722804117, 304);
2022-10-10 13:48:04.467  INFO 3923 --- [    Test worker] p6spy                                    : #1665377284467 | took 0ms | statement | connection 23| url jdbc:h2:mem:6a3784ae-1aa6-4bbf-b617-4d4aeabcc2af
insert into picture (spot_id, url, picture_id) values (?, ?, ?)
insert into picture (spot_id, url, picture_id) values (NULL, 'java.io.StringReader@3c616237', 1269);
2022-10-10 13:48:04.467  INFO 3923 --- [    Test worker] p6spy                                    : #1665377284467 | took 0ms | statement | connection 23| url jdbc:h2:mem:6a3784ae-1aa6-4bbf-b617-4d4aeabcc2af
insert into picture (spot_id, url, picture_id) values (?, ?, ?)
insert into picture (spot_id, url, picture_id) values (NULL, 'java.io.StringReader@58855b6c', 1270);
2022-10-10 13:48:04.467  INFO 3923 --- [    Test worker] p6spy                                    : #1665377284467 | took 0ms | statement | connection 23| url jdbc:h2:mem:6a3784ae-1aa6-4bbf-b617-4d4aeabcc2af
insert into picture (spot_id, url, picture_id) values (?, ?, ?)
insert into picture (spot_id, url, picture_id) values (NULL, 'java.io.StringReader@4b06009d', 1271);
2022-10-10 13:48:04.467  INFO 3923 --- [    Test worker] p6spy                                    : #1665377284467 | took 0ms | statement | connection 23| url jdbc:h2:mem:6a3784ae-1aa6-4bbf-b617-4d4aeabcc2af
insert into spot (address, description, location, name, score_id, spot_id) values (?, ?, ?, ?, ?, ?)
insert into spot (address, description, location, name, score_id, spot_id) values (NULL, NULL, 'Aewol_eup', NULL, 304, 370);
2022-10-10 13:48:04.467  INFO 3923 --- [    Test worker] p6spy                                    : #1665377284467 | took 0ms | statement | connection 23| url jdbc:h2:mem:6a3784ae-1aa6-4bbf-b617-4d4aeabcc2af
insert into member_spot (member_id, score, spot_id, member_spot_id) values (?, ?, ?, ?)
insert into member_spot (member_id, score, spot_id, member_spot_id) values (15, 0.0, 370, 1272);
2022-10-10 13:48:04.467  INFO 3923 --- [    Test worker] p6spy                                    : #1665377284467 | took 0ms | statement | connection 23| url jdbc:h2:mem:6a3784ae-1aa6-4bbf-b617-4d4aeabcc2af
insert into review (content, spot_id, review_id) values (?, ?, ?)
insert into review (content, spot_id, review_id) values ('java.io.StringReader@5ea7b4ab', 369, 306);
2022-10-10 13:48:04.467  INFO 3923 --- [    Test worker] p6spy                                    : #1665377284467 | took 0ms | statement | connection 23| url jdbc:h2:mem:6a3784ae-1aa6-4bbf-b617-4d4aeabcc2af
insert into score (facility_rank, facility_score, price_rank, price_score, rank_average, surround_rank, surround_score, view_rank, view_score, score_id) values (?, ?, ?, ?, ?, ?, ?, ?, ?, ?)
insert into score (facility_rank, facility_score, price_rank, price_score, rank_average, surround_rank, surround_score, view_rank, view_score, score_id) values (2.331119042118491, 4.996355626683099, 6.6662251339324055, 6.5633423691518, 7.123270840475813, 5.025493311416387, 0.9337747337228941, 2.3024276973845303, 5.628322459929364, 305);
2022-10-10 13:48:04.467  INFO 3923 --- [    Test worker] p6spy                                    : #1665377284467 | took 0ms | statement | connection 23| url jdbc:h2:mem:6a3784ae-1aa6-4bbf-b617-4d4aeabcc2af
insert into picture (spot_id, url, picture_id) values (?, ?, ?)
insert into picture (spot_id, url, picture_id) values (NULL, 'java.io.StringReader@73b0b1d5', 1273);
2022-10-10 13:48:04.467  INFO 3923 --- [    Test worker] p6spy                                    : #1665377284467 | took 0ms | statement | connection 23| url jdbc:h2:mem:6a3784ae-1aa6-4bbf-b617-4d4aeabcc2af
insert into picture (spot_id, url, picture_id) values (?, ?, ?)
insert into picture (spot_id, url, picture_id) values (NULL, 'java.io.StringReader@3a02d567', 1274);
2022-10-10 13:48:04.467  INFO 3923 --- [    Test worker] p6spy                                    : #1665377284467 | took 0ms | statement | connection 23| url jdbc:h2:mem:6a3784ae-1aa6-4bbf-b617-4d4aeabcc2af
insert into picture (spot_id, url, picture_id) values (?, ?, ?)
insert into picture (spot_id, url, picture_id) values (NULL, 'java.io.StringReader@73484926', 1275);
2022-10-10 13:48:04.467  INFO 3923 --- [    Test worker] p6spy                                    : #1665377284467 | took 0ms | statement | connection 23| url jdbc:h2:mem:6a3784ae-1aa6-4bbf-b617-4d4aeabcc2af
insert into spot (address, description, location, name, score_id, spot_id) values (?, ?, ?, ?, ?, ?)
insert into spot (address, description, location, name, score_id, spot_id) values (NULL, NULL, 'Aewol_eup', NULL, 305, 371);
2022-10-10 13:48:04.467  INFO 3923 --- [    Test worker] p6spy                                    : #1665377284467 | took 0ms | statement | connection 23| url jdbc:h2:mem:6a3784ae-1aa6-4bbf-b617-4d4aeabcc2af
insert into member_spot (member_id, score, spot_id, member_spot_id) values (?, ?, ?, ?)
insert into member_spot (member_id, score, spot_id, member_spot_id) values (15, 0.0, 371, 1276);
2022-10-10 13:48:04.467  INFO 3923 --- [    Test worker] p6spy                                    : #1665377284467 | took 0ms | statement | connection 23| url jdbc:h2:mem:6a3784ae-1aa6-4bbf-b617-4d4aeabcc2af
insert into review (content, spot_id, review_id) values (?, ?, ?)
insert into review (content, spot_id, review_id) values ('java.io.StringReader@1fb8b4d8', 369, 307);
2022-10-10 13:48:04.468  INFO 3923 --- [    Test worker] p6spy                                    : #1665377284468 | took 0ms | statement | connection 23| url jdbc:h2:mem:6a3784ae-1aa6-4bbf-b617-4d4aeabcc2af
insert into favorite_spot (count, favorite_id, spot_id, favorite_spot_id) values (?, ?, ?, ?)
insert into favorite_spot (count, favorite_id, spot_id, favorite_spot_id) values (0, 37, 371, 322);
2022-10-10 13:48:04.468  INFO 3923 --- [    Test worker] p6spy                                    : #1665377284468 | took 0ms | statement | connection 23| url jdbc:h2:mem:6a3784ae-1aa6-4bbf-b617-4d4aeabcc2af
insert into score (facility_rank, facility_score, price_rank, price_score, rank_average, surround_rank, surround_score, view_rank, view_score, score_id) values (?, ?, ?, ?, ?, ?, ?, ?, ?, ?)
insert into score (facility_rank, facility_score, price_rank, price_score, rank_average, surround_rank, surround_score, view_rank, view_score, score_id) values (1.3393614858049174, 2.5285227944196595, 2.577932818552815, 8.006974349465736, 3.583779674168862, 8.628414776605531, 1.5420783361775436, 0.8903941329740361, 0.8089442144464443, 306);
2022-10-10 13:48:04.468  INFO 3923 --- [    Test worker] p6spy                                    : #1665377284468 | took 0ms | statement | connection 23| url jdbc:h2:mem:6a3784ae-1aa6-4bbf-b617-4d4aeabcc2af
insert into picture (spot_id, url, picture_id) values (?, ?, ?)
insert into picture (spot_id, url, picture_id) values (NULL, 'java.io.StringReader@6cfccd32', 1277);
2022-10-10 13:48:04.468  INFO 3923 --- [    Test worker] p6spy                                    : #1665377284468 | took 0ms | statement | connection 23| url jdbc:h2:mem:6a3784ae-1aa6-4bbf-b617-4d4aeabcc2af
insert into picture (spot_id, url, picture_id) values (?, ?, ?)
insert into picture (spot_id, url, picture_id) values (NULL, 'java.io.StringReader@6ce32ec2', 1278);
2022-10-10 13:48:04.468  INFO 3923 --- [    Test worker] p6spy                                    : #1665377284468 | took 0ms | statement | connection 23| url jdbc:h2:mem:6a3784ae-1aa6-4bbf-b617-4d4aeabcc2af
insert into picture (spot_id, url, picture_id) values (?, ?, ?)
insert into picture (spot_id, url, picture_id) values (NULL, 'java.io.StringReader@677848aa', 1279);
2022-10-10 13:48:04.468  INFO 3923 --- [    Test worker] p6spy                                    : #1665377284468 | took 0ms | statement | connection 23| url jdbc:h2:mem:6a3784ae-1aa6-4bbf-b617-4d4aeabcc2af
insert into spot (address, description, location, name, score_id, spot_id) values (?, ?, ?, ?, ?, ?)
insert into spot (address, description, location, name, score_id, spot_id) values (NULL, NULL, 'Aewol_eup', NULL, 306, 372);
2022-10-10 13:48:04.468  INFO 3923 --- [    Test worker] p6spy                                    : #1665377284468 | took 0ms | statement | connection 23| url jdbc:h2:mem:6a3784ae-1aa6-4bbf-b617-4d4aeabcc2af
insert into member_spot (member_id, score, spot_id, member_spot_id) values (?, ?, ?, ?)
insert into member_spot (member_id, score, spot_id, member_spot_id) values (15, 0.0, 372, 1280);
2022-10-10 13:48:04.468  INFO 3923 --- [    Test worker] p6spy                                    : #1665377284468 | took 0ms | statement | connection 23| url jdbc:h2:mem:6a3784ae-1aa6-4bbf-b617-4d4aeabcc2af
insert into review (content, spot_id, review_id) values (?, ?, ?)
insert into review (content, spot_id, review_id) values ('java.io.StringReader@4a0f9953', 369, 308);
2022-10-10 13:48:04.468  INFO 3923 --- [    Test worker] p6spy                                    : #1665377284468 | took 0ms | statement | connection 23| url jdbc:h2:mem:6a3784ae-1aa6-4bbf-b617-4d4aeabcc2af
insert into score (facility_rank, facility_score, price_rank, price_score, rank_average, surround_rank, surround_score, view_rank, view_score, score_id) values (?, ?, ?, ?, ?, ?, ?, ?, ?, ?)
insert into score (facility_rank, facility_score, price_rank, price_score, rank_average, surround_rank, surround_score, view_rank, view_score, score_id) values (1.8534894134598678, 7.881861951508009, 4.819163962076322, 8.703244168492594, 0.20538702990704705, 4.679054758012892, 3.86056622493136, 7.519293144653466, 7.762126255335012, 307);
2022-10-10 13:48:04.468  INFO 3923 --- [    Test worker] p6spy                                    : #1665377284468 | took 0ms | statement | connection 23| url jdbc:h2:mem:6a3784ae-1aa6-4bbf-b617-4d4aeabcc2af
insert into picture (spot_id, url, picture_id) values (?, ?, ?)
insert into picture (spot_id, url, picture_id) values (NULL, 'java.io.StringReader@2f98755d', 1281);
2022-10-10 13:48:04.468  INFO 3923 --- [    Test worker] p6spy                                    : #1665377284468 | took 0ms | statement | connection 23| url jdbc:h2:mem:6a3784ae-1aa6-4bbf-b617-4d4aeabcc2af
insert into picture (spot_id, url, picture_id) values (?, ?, ?)
insert into picture (spot_id, url, picture_id) values (NULL, 'java.io.StringReader@21aae497', 1282);
2022-10-10 13:48:04.468  INFO 3923 --- [    Test worker] p6spy                                    : #1665377284468 | took 0ms | statement | connection 23| url jdbc:h2:mem:6a3784ae-1aa6-4bbf-b617-4d4aeabcc2af
insert into picture (spot_id, url, picture_id) values (?, ?, ?)
insert into picture (spot_id, url, picture_id) values (NULL, 'java.io.StringReader@5775a262', 1283);
2022-10-10 13:48:04.468  INFO 3923 --- [    Test worker] p6spy                                    : #1665377284468 | took 0ms | statement | connection 23| url jdbc:h2:mem:6a3784ae-1aa6-4bbf-b617-4d4aeabcc2af
insert into spot (address, description, location, name, score_id, spot_id) values (?, ?, ?, ?, ?, ?)
insert into spot (address, description, location, name, score_id, spot_id) values (NULL, NULL, 'Aewol_eup', NULL, 307, 373);
2022-10-10 13:48:04.468  INFO 3923 --- [    Test worker] p6spy                                    : #1665377284468 | took 0ms | statement | connection 23| url jdbc:h2:mem:6a3784ae-1aa6-4bbf-b617-4d4aeabcc2af
insert into member_spot (member_id, score, spot_id, member_spot_id) values (?, ?, ?, ?)
insert into member_spot (member_id, score, spot_id, member_spot_id) values (15, 0.0, 373, 1284);
2022-10-10 13:48:04.468  INFO 3923 --- [    Test worker] p6spy                                    : #1665377284468 | took 0ms | statement | connection 23| url jdbc:h2:mem:6a3784ae-1aa6-4bbf-b617-4d4aeabcc2af
insert into review (content, spot_id, review_id) values (?, ?, ?)
insert into review (content, spot_id, review_id) values ('java.io.StringReader@505942aa', 369, 309);
2022-10-10 13:48:04.468  INFO 3923 --- [    Test worker] p6spy                                    : #1665377284468 | took 0ms | statement | connection 23| url jdbc:h2:mem:6a3784ae-1aa6-4bbf-b617-4d4aeabcc2af
insert into favorite_spot (count, favorite_id, spot_id, favorite_spot_id) values (?, ?, ?, ?)
insert into favorite_spot (count, favorite_id, spot_id, favorite_spot_id) values (0, 37, 373, 323);
2022-10-10 13:48:04.468  INFO 3923 --- [    Test worker] p6spy                                    : #1665377284468 | took 0ms | statement | connection 23| url jdbc:h2:mem:6a3784ae-1aa6-4bbf-b617-4d4aeabcc2af
insert into score (facility_rank, facility_score, price_rank, price_score, rank_average, surround_rank, surround_score, view_rank, view_score, score_id) values (?, ?, ?, ?, ?, ?, ?, ?, ?, ?)
insert into score (facility_rank, facility_score, price_rank, price_score, rank_average, surround_rank, surround_score, view_rank, view_score, score_id) values (5.0786991324848385, 8.723935177264616, 2.1400660299242547, 9.151557125855318, 0.36567115860990707, 9.75424554010791, 0.7392668204077224, 1.7851553785404906, 3.6033103387208842, 308);
2022-10-10 13:48:04.468  INFO 3923 --- [    Test worker] p6spy                                    : #1665377284468 | took 0ms | statement | connection 23| url jdbc:h2:mem:6a3784ae-1aa6-4bbf-b617-4d4aeabcc2af
insert into picture (spot_id, url, picture_id) values (?, ?, ?)
insert into picture (spot_id, url, picture_id) values (NULL, 'java.io.StringReader@6c077ee9', 1285);
2022-10-10 13:48:04.468  INFO 3923 --- [    Test worker] p6spy                                    : #1665377284468 | took 0ms | statement | connection 23| url jdbc:h2:mem:6a3784ae-1aa6-4bbf-b617-4d4aeabcc2af
insert into picture (spot_id, url, picture_id) values (?, ?, ?)
insert into picture (spot_id, url, picture_id) values (NULL, 'java.io.StringReader@72cbd1c5', 1286);
2022-10-10 13:48:04.468  INFO 3923 --- [    Test worker] p6spy                                    : #1665377284468 | took 0ms | statement | connection 23| url jdbc:h2:mem:6a3784ae-1aa6-4bbf-b617-4d4aeabcc2af
insert into picture (spot_id, url, picture_id) values (?, ?, ?)
insert into picture (spot_id, url, picture_id) values (NULL, 'java.io.StringReader@22f62839', 1287);
2022-10-10 13:48:04.468  INFO 3923 --- [    Test worker] p6spy                                    : #1665377284468 | took 0ms | statement | connection 23| url jdbc:h2:mem:6a3784ae-1aa6-4bbf-b617-4d4aeabcc2af
insert into spot (address, description, location, name, score_id, spot_id) values (?, ?, ?, ?, ?, ?)
insert into spot (address, description, location, name, score_id, spot_id) values (NULL, NULL, 'Aewol_eup', NULL, 308, 374);
2022-10-10 13:48:04.468  INFO 3923 --- [    Test worker] p6spy                                    : #1665377284468 | took 0ms | statement | connection 23| url jdbc:h2:mem:6a3784ae-1aa6-4bbf-b617-4d4aeabcc2af
insert into member_spot (member_id, score, spot_id, member_spot_id) values (?, ?, ?, ?)
insert into member_spot (member_id, score, spot_id, member_spot_id) values (15, 0.0, 374, 1288);
2022-10-10 13:48:04.468  INFO 3923 --- [    Test worker] p6spy                                    : #1665377284468 | took 0ms | statement | connection 23| url jdbc:h2:mem:6a3784ae-1aa6-4bbf-b617-4d4aeabcc2af
insert into review (content, spot_id, review_id) values (?, ?, ?)
insert into review (content, spot_id, review_id) values ('java.io.StringReader@7702e4a', 369, 310);
2022-10-10 13:48:04.468  INFO 3923 --- [    Test worker] p6spy                                    : #1665377284468 | took 0ms | statement | connection 23| url jdbc:h2:mem:6a3784ae-1aa6-4bbf-b617-4d4aeabcc2af
insert into score (facility_rank, facility_score, price_rank, price_score, rank_average, surround_rank, surround_score, view_rank, view_score, score_id) values (?, ?, ?, ?, ?, ?, ?, ?, ?, ?)
insert into score (facility_rank, facility_score, price_rank, price_score, rank_average, surround_rank, surround_score, view_rank, view_score, score_id) values (2.5419285376473666, 7.423596458907008, 4.202323190246652, 1.0523701461916246, 3.209542408126036, 8.141705117372677, 1.3983932936662657, 5.924870154085228, 7.84731207082506, 309);
2022-10-10 13:48:04.468  INFO 3923 --- [    Test worker] p6spy                                    : #1665377284468 | took 0ms | statement | connection 23| url jdbc:h2:mem:6a3784ae-1aa6-4bbf-b617-4d4aeabcc2af
insert into picture (spot_id, url, picture_id) values (?, ?, ?)
insert into picture (spot_id, url, picture_id) values (NULL, 'java.io.StringReader@43f9c193', 1289);
2022-10-10 13:48:04.468  INFO 3923 --- [    Test worker] p6spy                                    : #1665377284468 | took 0ms | statement | connection 23| url jdbc:h2:mem:6a3784ae-1aa6-4bbf-b617-4d4aeabcc2af
insert into picture (spot_id, url, picture_id) values (?, ?, ?)
insert into picture (spot_id, url, picture_id) values (NULL, 'java.io.StringReader@51386a2e', 1290);
2022-10-10 13:48:04.468  INFO 3923 --- [    Test worker] p6spy                                    : #1665377284468 | took 0ms | statement | connection 23| url jdbc:h2:mem:6a3784ae-1aa6-4bbf-b617-4d4aeabcc2af
insert into picture (spot_id, url, picture_id) values (?, ?, ?)
insert into picture (spot_id, url, picture_id) values (NULL, 'java.io.StringReader@17bbb291', 1291);
2022-10-10 13:48:04.468  INFO 3923 --- [    Test worker] p6spy                                    : #1665377284468 | took 0ms | statement | connection 23| url jdbc:h2:mem:6a3784ae-1aa6-4bbf-b617-4d4aeabcc2af
insert into spot (address, description, location, name, score_id, spot_id) values (?, ?, ?, ?, ?, ?)
insert into spot (address, description, location, name, score_id, spot_id) values (NULL, NULL, 'Aewol_eup', NULL, 309, 375);
2022-10-10 13:48:04.468  INFO 3923 --- [    Test worker] p6spy                                    : #1665377284468 | took 0ms | statement | connection 23| url jdbc:h2:mem:6a3784ae-1aa6-4bbf-b617-4d4aeabcc2af
insert into member_spot (member_id, score, spot_id, member_spot_id) values (?, ?, ?, ?)
insert into member_spot (member_id, score, spot_id, member_spot_id) values (15, 0.0, 375, 1292);
2022-10-10 13:48:04.468  INFO 3923 --- [    Test worker] p6spy                                    : #1665377284468 | took 0ms | statement | connection 23| url jdbc:h2:mem:6a3784ae-1aa6-4bbf-b617-4d4aeabcc2af
insert into review (content, spot_id, review_id) values (?, ?, ?)
insert into review (content, spot_id, review_id) values ('java.io.StringReader@7049e176', 369, 311);
2022-10-10 13:48:04.468  INFO 3923 --- [    Test worker] p6spy                                    : #1665377284468 | took 0ms | statement | connection 23| url jdbc:h2:mem:6a3784ae-1aa6-4bbf-b617-4d4aeabcc2af
insert into favorite_spot (count, favorite_id, spot_id, favorite_spot_id) values (?, ?, ?, ?)
insert into favorite_spot (count, favorite_id, spot_id, favorite_spot_id) values (0, 37, 375, 324);
2022-10-10 13:48:04.468  INFO 3923 --- [    Test worker] p6spy                                    : #1665377284468 | took 0ms | statement | connection 23| url jdbc:h2:mem:6a3784ae-1aa6-4bbf-b617-4d4aeabcc2af
insert into score (facility_rank, facility_score, price_rank, price_score, rank_average, surround_rank, surround_score, view_rank, view_score, score_id) values (?, ?, ?, ?, ?, ?, ?, ?, ?, ?)
insert into score (facility_rank, facility_score, price_rank, price_score, rank_average, surround_rank, surround_score, view_rank, view_score, score_id) values (2.023139179442502, 2.9073301301303767, 6.974373628594048, 6.863570156917326, 1.0264686442536664, 4.118437276378547, 2.1849526203887724, 6.596294511250482, 0.2576404197902038, 310);
2022-10-10 13:48:04.468  INFO 3923 --- [    Test worker] p6spy                                    : #1665377284468 | took 0ms | statement | connection 23| url jdbc:h2:mem:6a3784ae-1aa6-4bbf-b617-4d4aeabcc2af
insert into picture (spot_id, url, picture_id) values (?, ?, ?)
insert into picture (spot_id, url, picture_id) values (NULL, 'java.io.StringReader@7921f7e4', 1293);
2022-10-10 13:48:04.468  INFO 3923 --- [    Test worker] p6spy                                    : #1665377284468 | took 0ms | statement | connection 23| url jdbc:h2:mem:6a3784ae-1aa6-4bbf-b617-4d4aeabcc2af
insert into picture (spot_id, url, picture_id) values (?, ?, ?)
insert into picture (spot_id, url, picture_id) values (NULL, 'java.io.StringReader@46b0a9cd', 1294);
2022-10-10 13:48:04.468  INFO 3923 --- [    Test worker] p6spy                                    : #1665377284468 | took 0ms | statement | connection 23| url jdbc:h2:mem:6a3784ae-1aa6-4bbf-b617-4d4aeabcc2af
insert into picture (spot_id, url, picture_id) values (?, ?, ?)
insert into picture (spot_id, url, picture_id) values (NULL, 'java.io.StringReader@788fdf40', 1295);
2022-10-10 13:48:04.468  INFO 3923 --- [    Test worker] p6spy                                    : #1665377284468 | took 0ms | statement | connection 23| url jdbc:h2:mem:6a3784ae-1aa6-4bbf-b617-4d4aeabcc2af
insert into spot (address, description, location, name, score_id, spot_id) values (?, ?, ?, ?, ?, ?)
insert into spot (address, description, location, name, score_id, spot_id) values (NULL, NULL, 'Aewol_eup', NULL, 310, 376);
2022-10-10 13:48:04.468  INFO 3923 --- [    Test worker] p6spy                                    : #1665377284468 | took 0ms | statement | connection 23| url jdbc:h2:mem:6a3784ae-1aa6-4bbf-b617-4d4aeabcc2af
insert into member_spot (member_id, score, spot_id, member_spot_id) values (?, ?, ?, ?)
insert into member_spot (member_id, score, spot_id, member_spot_id) values (15, 0.0, 376, 1296);
2022-10-10 13:48:04.468  INFO 3923 --- [    Test worker] p6spy                                    : #1665377284468 | took 0ms | statement | connection 23| url jdbc:h2:mem:6a3784ae-1aa6-4bbf-b617-4d4aeabcc2af
insert into review (content, spot_id, review_id) values (?, ?, ?)
insert into review (content, spot_id, review_id) values ('java.io.StringReader@7319b772', 369, 312);
2022-10-10 13:48:04.469  INFO 3923 --- [    Test worker] p6spy                                    : #1665377284469 | took 0ms | statement | connection 23| url jdbc:h2:mem:6a3784ae-1aa6-4bbf-b617-4d4aeabcc2af
insert into score (facility_rank, facility_score, price_rank, price_score, rank_average, surround_rank, surround_score, view_rank, view_score, score_id) values (?, ?, ?, ?, ?, ?, ?, ?, ?, ?)
insert into score (facility_rank, facility_score, price_rank, price_score, rank_average, surround_rank, surround_score, view_rank, view_score, score_id) values (9.89864082809357, 2.5406986971639345, 4.060870441110791, 2.2132906719027745, 2.784091758161077, 4.802981472921928, 2.7870548086685054, 7.395681154009225, 4.558774107169244, 311);
2022-10-10 13:48:04.469  INFO 3923 --- [    Test worker] p6spy                                    : #1665377284469 | took 0ms | statement | connection 23| url jdbc:h2:mem:6a3784ae-1aa6-4bbf-b617-4d4aeabcc2af
insert into picture (spot_id, url, picture_id) values (?, ?, ?)
insert into picture (spot_id, url, picture_id) values (NULL, 'java.io.StringReader@37b23736', 1297);
2022-10-10 13:48:04.469  INFO 3923 --- [    Test worker] p6spy                                    : #1665377284469 | took 0ms | statement | connection 23| url jdbc:h2:mem:6a3784ae-1aa6-4bbf-b617-4d4aeabcc2af
insert into picture (spot_id, url, picture_id) values (?, ?, ?)
insert into picture (spot_id, url, picture_id) values (NULL, 'java.io.StringReader@67ae73ee', 1298);
2022-10-10 13:48:04.469  INFO 3923 --- [    Test worker] p6spy                                    : #1665377284469 | took 0ms | statement | connection 23| url jdbc:h2:mem:6a3784ae-1aa6-4bbf-b617-4d4aeabcc2af
insert into picture (spot_id, url, picture_id) values (?, ?, ?)
insert into picture (spot_id, url, picture_id) values (NULL, 'java.io.StringReader@4490b985', 1299);
2022-10-10 13:48:04.469  INFO 3923 --- [    Test worker] p6spy                                    : #1665377284469 | took 0ms | statement | connection 23| url jdbc:h2:mem:6a3784ae-1aa6-4bbf-b617-4d4aeabcc2af
insert into spot (address, description, location, name, score_id, spot_id) values (?, ?, ?, ?, ?, ?)
insert into spot (address, description, location, name, score_id, spot_id) values (NULL, NULL, 'Aewol_eup', NULL, 311, 377);
2022-10-10 13:48:04.469  INFO 3923 --- [    Test worker] p6spy                                    : #1665377284469 | took 0ms | statement | connection 23| url jdbc:h2:mem:6a3784ae-1aa6-4bbf-b617-4d4aeabcc2af
insert into member_spot (member_id, score, spot_id, member_spot_id) values (?, ?, ?, ?)
insert into member_spot (member_id, score, spot_id, member_spot_id) values (15, 0.0, 377, 1300);
2022-10-10 13:48:04.469  INFO 3923 --- [    Test worker] p6spy                                    : #1665377284469 | took 0ms | statement | connection 23| url jdbc:h2:mem:6a3784ae-1aa6-4bbf-b617-4d4aeabcc2af
insert into review (content, spot_id, review_id) values (?, ?, ?)
insert into review (content, spot_id, review_id) values ('java.io.StringReader@36ee2e3a', 369, 313);
2022-10-10 13:48:04.469  INFO 3923 --- [    Test worker] p6spy                                    : #1665377284469 | took 0ms | statement | connection 23| url jdbc:h2:mem:6a3784ae-1aa6-4bbf-b617-4d4aeabcc2af
insert into favorite_spot (count, favorite_id, spot_id, favorite_spot_id) values (?, ?, ?, ?)
insert into favorite_spot (count, favorite_id, spot_id, favorite_spot_id) values (0, 37, 377, 325);
2022-10-10 13:48:04.469  INFO 3923 --- [    Test worker] p6spy                                    : #1665377284469 | took 0ms | statement | connection 23| url jdbc:h2:mem:6a3784ae-1aa6-4bbf-b617-4d4aeabcc2af
insert into score (facility_rank, facility_score, price_rank, price_score, rank_average, surround_rank, surround_score, view_rank, view_score, score_id) values (?, ?, ?, ?, ?, ?, ?, ?, ?, ?)
insert into score (facility_rank, facility_score, price_rank, price_score, rank_average, surround_rank, surround_score, view_rank, view_score, score_id) values (0.3627416165745001, 6.675178412238436, 0.3077663866388869, 8.506890965324517, 4.549496165659765, 4.998940284469318, 2.800460401305034, 7.976133676686162, 3.6432907252512168, 312);
2022-10-10 13:48:04.469  INFO 3923 --- [    Test worker] p6spy                                    : #1665377284469 | took 0ms | statement | connection 23| url jdbc:h2:mem:6a3784ae-1aa6-4bbf-b617-4d4aeabcc2af
insert into picture (spot_id, url, picture_id) values (?, ?, ?)
insert into picture (spot_id, url, picture_id) values (NULL, 'java.io.StringReader@307997a4', 1301);
2022-10-10 13:48:04.469  INFO 3923 --- [    Test worker] p6spy                                    : #1665377284469 | took 0ms | statement | connection 23| url jdbc:h2:mem:6a3784ae-1aa6-4bbf-b617-4d4aeabcc2af
insert into picture (spot_id, url, picture_id) values (?, ?, ?)
insert into picture (spot_id, url, picture_id) values (NULL, 'java.io.StringReader@6c42b5e5', 1302);
2022-10-10 13:48:04.469  INFO 3923 --- [    Test worker] p6spy                                    : #1665377284469 | took 0ms | statement | connection 23| url jdbc:h2:mem:6a3784ae-1aa6-4bbf-b617-4d4aeabcc2af
insert into picture (spot_id, url, picture_id) values (?, ?, ?)
insert into picture (spot_id, url, picture_id) values (NULL, 'java.io.StringReader@21b72dad', 1303);
2022-10-10 13:48:04.469  INFO 3923 --- [    Test worker] p6spy                                    : #1665377284469 | took 0ms | statement | connection 23| url jdbc:h2:mem:6a3784ae-1aa6-4bbf-b617-4d4aeabcc2af
insert into spot (address, description, location, name, score_id, spot_id) values (?, ?, ?, ?, ?, ?)
insert into spot (address, description, location, name, score_id, spot_id) values (NULL, NULL, 'Aewol_eup', NULL, 312, 378);
2022-10-10 13:48:04.469  INFO 3923 --- [    Test worker] p6spy                                    : #1665377284469 | took 0ms | statement | connection 23| url jdbc:h2:mem:6a3784ae-1aa6-4bbf-b617-4d4aeabcc2af
insert into member_spot (member_id, score, spot_id, member_spot_id) values (?, ?, ?, ?)
insert into member_spot (member_id, score, spot_id, member_spot_id) values (15, 0.0, 378, 1304);
2022-10-10 13:48:04.469  INFO 3923 --- [    Test worker] p6spy                                    : #1665377284469 | took 0ms | statement | connection 23| url jdbc:h2:mem:6a3784ae-1aa6-4bbf-b617-4d4aeabcc2af
insert into review (content, spot_id, review_id) values (?, ?, ?)
insert into review (content, spot_id, review_id) values ('java.io.StringReader@44992585', 369, 314);
2022-10-10 13:48:04.469  INFO 3923 --- [    Test worker] p6spy                                    : #1665377284469 | took 0ms | statement | connection 23| url jdbc:h2:mem:6a3784ae-1aa6-4bbf-b617-4d4aeabcc2af
insert into score (facility_rank, facility_score, price_rank, price_score, rank_average, surround_rank, surround_score, view_rank, view_score, score_id) values (?, ?, ?, ?, ?, ?, ?, ?, ?, ?)
insert into score (facility_rank, facility_score, price_rank, price_score, rank_average, surround_rank, surround_score, view_rank, view_score, score_id) values (4.043619536179612, 4.352017371430109, 9.319507885082887, 2.78177376048549, 7.357381219034473, 0.20194983498926788, 2.1164280896849474, 8.36086083596888, 3.342853480403931, 313);
2022-10-10 13:48:04.469  INFO 3923 --- [    Test worker] p6spy                                    : #1665377284469 | took 0ms | statement | connection 23| url jdbc:h2:mem:6a3784ae-1aa6-4bbf-b617-4d4aeabcc2af
insert into picture (spot_id, url, picture_id) values (?, ?, ?)
insert into picture (spot_id, url, picture_id) values (NULL, 'java.io.StringReader@ab116aa', 1305);
2022-10-10 13:48:04.469  INFO 3923 --- [    Test worker] p6spy                                    : #1665377284469 | took 0ms | statement | connection 23| url jdbc:h2:mem:6a3784ae-1aa6-4bbf-b617-4d4aeabcc2af
insert into picture (spot_id, url, picture_id) values (?, ?, ?)
insert into picture (spot_id, url, picture_id) values (NULL, 'java.io.StringReader@404289da', 1306);
2022-10-10 13:48:04.469  INFO 3923 --- [    Test worker] p6spy                                    : #1665377284469 | took 0ms | statement | connection 23| url jdbc:h2:mem:6a3784ae-1aa6-4bbf-b617-4d4aeabcc2af
insert into picture (spot_id, url, picture_id) values (?, ?, ?)
insert into picture (spot_id, url, picture_id) values (NULL, 'java.io.StringReader@2dc6abaf', 1307);
2022-10-10 13:48:04.469  INFO 3923 --- [    Test worker] p6spy                                    : #1665377284469 | took 0ms | statement | connection 23| url jdbc:h2:mem:6a3784ae-1aa6-4bbf-b617-4d4aeabcc2af
insert into spot (address, description, location, name, score_id, spot_id) values (?, ?, ?, ?, ?, ?)
insert into spot (address, description, location, name, score_id, spot_id) values (NULL, NULL, 'Aewol_eup', NULL, 313, 379);
2022-10-10 13:48:04.469  INFO 3923 --- [    Test worker] p6spy                                    : #1665377284469 | took 0ms | statement | connection 23| url jdbc:h2:mem:6a3784ae-1aa6-4bbf-b617-4d4aeabcc2af
insert into member_spot (member_id, score, spot_id, member_spot_id) values (?, ?, ?, ?)
insert into member_spot (member_id, score, spot_id, member_spot_id) values (15, 0.0, 379, 1308);
2022-10-10 13:48:04.469  INFO 3923 --- [    Test worker] p6spy                                    : #1665377284469 | took 0ms | statement | connection 23| url jdbc:h2:mem:6a3784ae-1aa6-4bbf-b617-4d4aeabcc2af
insert into review (content, spot_id, review_id) values (?, ?, ?)
insert into review (content, spot_id, review_id) values ('java.io.StringReader@1acdbb4e', 369, 315);
2022-10-10 13:48:04.469  INFO 3923 --- [    Test worker] p6spy                                    : #1665377284469 | took 0ms | statement | connection 23| url jdbc:h2:mem:6a3784ae-1aa6-4bbf-b617-4d4aeabcc2af
insert into favorite_spot (count, favorite_id, spot_id, favorite_spot_id) values (?, ?, ?, ?)
insert into favorite_spot (count, favorite_id, spot_id, favorite_spot_id) values (0, 37, 379, 326);
2022-10-10 13:48:04.469  INFO 3923 --- [    Test worker] p6spy                                    : #1665377284469 | took 0ms | statement | connection 23| url jdbc:h2:mem:6a3784ae-1aa6-4bbf-b617-4d4aeabcc2af
insert into score (facility_rank, facility_score, price_rank, price_score, rank_average, surround_rank, surround_score, view_rank, view_score, score_id) values (?, ?, ?, ?, ?, ?, ?, ?, ?, ?)
insert into score (facility_rank, facility_score, price_rank, price_score, rank_average, surround_rank, surround_score, view_rank, view_score, score_id) values (2.9423503748688717, 7.97750070942211, 9.423061293070601, 0.8044955296546774, 4.582427197978487, 2.6862481735272503, 6.172164843655822, 7.243116690544862, 9.706112877946197, 314);
2022-10-10 13:48:04.469  INFO 3923 --- [    Test worker] p6spy                                    : #1665377284469 | took 0ms | statement | connection 23| url jdbc:h2:mem:6a3784ae-1aa6-4bbf-b617-4d4aeabcc2af
insert into picture (spot_id, url, picture_id) values (?, ?, ?)
insert into picture (spot_id, url, picture_id) values (NULL, 'java.io.StringReader@1cbd1315', 1309);
2022-10-10 13:48:04.469  INFO 3923 --- [    Test worker] p6spy                                    : #1665377284469 | took 0ms | statement | connection 23| url jdbc:h2:mem:6a3784ae-1aa6-4bbf-b617-4d4aeabcc2af
insert into picture (spot_id, url, picture_id) values (?, ?, ?)
insert into picture (spot_id, url, picture_id) values (NULL, 'java.io.StringReader@5ecce5d7', 1310);
2022-10-10 13:48:04.469  INFO 3923 --- [    Test worker] p6spy                                    : #1665377284469 | took 0ms | statement | connection 23| url jdbc:h2:mem:6a3784ae-1aa6-4bbf-b617-4d4aeabcc2af
insert into picture (spot_id, url, picture_id) values (?, ?, ?)
insert into picture (spot_id, url, picture_id) values (NULL, 'java.io.StringReader@5ac26c55', 1311);
2022-10-10 13:48:04.469  INFO 3923 --- [    Test worker] p6spy                                    : #1665377284469 | took 0ms | statement | connection 23| url jdbc:h2:mem:6a3784ae-1aa6-4bbf-b617-4d4aeabcc2af
insert into spot (address, description, location, name, score_id, spot_id) values (?, ?, ?, ?, ?, ?)
insert into spot (address, description, location, name, score_id, spot_id) values (NULL, NULL, 'Aewol_eup', NULL, 314, 380);
2022-10-10 13:48:04.469  INFO 3923 --- [    Test worker] p6spy                                    : #1665377284469 | took 0ms | statement | connection 23| url jdbc:h2:mem:6a3784ae-1aa6-4bbf-b617-4d4aeabcc2af
insert into member_spot (member_id, score, spot_id, member_spot_id) values (?, ?, ?, ?)
insert into member_spot (member_id, score, spot_id, member_spot_id) values (15, 0.0, 380, 1312);
2022-10-10 13:48:04.469  INFO 3923 --- [    Test worker] p6spy                                    : #1665377284469 | took 0ms | statement | connection 23| url jdbc:h2:mem:6a3784ae-1aa6-4bbf-b617-4d4aeabcc2af
insert into review (content, spot_id, review_id) values (?, ?, ?)
insert into review (content, spot_id, review_id) values ('java.io.StringReader@54691f8a', 369, 316);
2022-10-10 13:48:04.469  INFO 3923 --- [    Test worker] p6spy                                    : #1665377284469 | took 0ms | statement | connection 23| url jdbc:h2:mem:6a3784ae-1aa6-4bbf-b617-4d4aeabcc2af
insert into score (facility_rank, facility_score, price_rank, price_score, rank_average, surround_rank, surround_score, view_rank, view_score, score_id) values (?, ?, ?, ?, ?, ?, ?, ?, ?, ?)
insert into score (facility_rank, facility_score, price_rank, price_score, rank_average, surround_rank, surround_score, view_rank, view_score, score_id) values (1.1894083664901478, 5.258899555552675, 1.0447440596320734, 0.1499336390551098, 7.765407779844088, 0.44362457355471063, 9.623340200499893, 6.779172528181576, 6.844853289536602, 315);
2022-10-10 13:48:04.469  INFO 3923 --- [    Test worker] p6spy                                    : #1665377284469 | took 0ms | statement | connection 23| url jdbc:h2:mem:6a3784ae-1aa6-4bbf-b617-4d4aeabcc2af
insert into picture (spot_id, url, picture_id) values (?, ?, ?)
insert into picture (spot_id, url, picture_id) values (NULL, 'java.io.StringReader@46ef5990', 1313);
2022-10-10 13:48:04.469  INFO 3923 --- [    Test worker] p6spy                                    : #1665377284469 | took 0ms | statement | connection 23| url jdbc:h2:mem:6a3784ae-1aa6-4bbf-b617-4d4aeabcc2af
insert into picture (spot_id, url, picture_id) values (?, ?, ?)
insert into picture (spot_id, url, picture_id) values (NULL, 'java.io.StringReader@2dec2b42', 1314);
2022-10-10 13:48:04.469  INFO 3923 --- [    Test worker] p6spy                                    : #1665377284469 | took 0ms | statement | connection 23| url jdbc:h2:mem:6a3784ae-1aa6-4bbf-b617-4d4aeabcc2af
insert into picture (spot_id, url, picture_id) values (?, ?, ?)
insert into picture (spot_id, url, picture_id) values (NULL, 'java.io.StringReader@183236dc', 1315);
2022-10-10 13:48:04.469  INFO 3923 --- [    Test worker] p6spy                                    : #1665377284469 | took 0ms | statement | connection 23| url jdbc:h2:mem:6a3784ae-1aa6-4bbf-b617-4d4aeabcc2af
insert into spot (address, description, location, name, score_id, spot_id) values (?, ?, ?, ?, ?, ?)
insert into spot (address, description, location, name, score_id, spot_id) values (NULL, NULL, 'Aewol_eup', NULL, 315, 381);
2022-10-10 13:48:04.469  INFO 3923 --- [    Test worker] p6spy                                    : #1665377284469 | took 0ms | statement | connection 23| url jdbc:h2:mem:6a3784ae-1aa6-4bbf-b617-4d4aeabcc2af
insert into member_spot (member_id, score, spot_id, member_spot_id) values (?, ?, ?, ?)
insert into member_spot (member_id, score, spot_id, member_spot_id) values (15, 0.0, 381, 1316);
2022-10-10 13:48:04.469  INFO 3923 --- [    Test worker] p6spy                                    : #1665377284469 | took 0ms | statement | connection 23| url jdbc:h2:mem:6a3784ae-1aa6-4bbf-b617-4d4aeabcc2af
insert into review (content, spot_id, review_id) values (?, ?, ?)
insert into review (content, spot_id, review_id) values ('java.io.StringReader@5b724a76', 369, 317);
2022-10-10 13:48:04.469  INFO 3923 --- [    Test worker] p6spy                                    : #1665377284469 | took 0ms | statement | connection 23| url jdbc:h2:mem:6a3784ae-1aa6-4bbf-b617-4d4aeabcc2af
insert into favorite_spot (count, favorite_id, spot_id, favorite_spot_id) values (?, ?, ?, ?)
insert into favorite_spot (count, favorite_id, spot_id, favorite_spot_id) values (0, 37, 381, 327);
2022-10-10 13:48:04.469  INFO 3923 --- [    Test worker] p6spy                                    : #1665377284469 | took 0ms | statement | connection 23| url jdbc:h2:mem:6a3784ae-1aa6-4bbf-b617-4d4aeabcc2af
insert into score (facility_rank, facility_score, price_rank, price_score, rank_average, surround_rank, surround_score, view_rank, view_score, score_id) values (?, ?, ?, ?, ?, ?, ?, ?, ?, ?)
insert into score (facility_rank, facility_score, price_rank, price_score, rank_average, surround_rank, surround_score, view_rank, view_score, score_id) values (3.91859211157639, 3.5091972474401145, 8.613650820363953, 8.02190367425031, 6.864473090672587, 7.808130491965129, 6.150410339302247, 4.14442713291283, 5.46174174791984, 316);
2022-10-10 13:48:04.469  INFO 3923 --- [    Test worker] p6spy                                    : #1665377284469 | took 0ms | statement | connection 23| url jdbc:h2:mem:6a3784ae-1aa6-4bbf-b617-4d4aeabcc2af
insert into picture (spot_id, url, picture_id) values (?, ?, ?)
insert into picture (spot_id, url, picture_id) values (NULL, 'java.io.StringReader@4bcd3286', 1317);
2022-10-10 13:48:04.469  INFO 3923 --- [    Test worker] p6spy                                    : #1665377284469 | took 0ms | statement | connection 23| url jdbc:h2:mem:6a3784ae-1aa6-4bbf-b617-4d4aeabcc2af
insert into picture (spot_id, url, picture_id) values (?, ?, ?)
insert into picture (spot_id, url, picture_id) values (NULL, 'java.io.StringReader@7b1d1c75', 1318);
2022-10-10 13:48:04.470  INFO 3923 --- [    Test worker] p6spy                                    : #1665377284470 | took 0ms | statement | connection 23| url jdbc:h2:mem:6a3784ae-1aa6-4bbf-b617-4d4aeabcc2af
insert into picture (spot_id, url, picture_id) values (?, ?, ?)
insert into picture (spot_id, url, picture_id) values (NULL, 'java.io.StringReader@85bee24', 1319);
2022-10-10 13:48:04.470  INFO 3923 --- [    Test worker] p6spy                                    : #1665377284470 | took 0ms | statement | connection 23| url jdbc:h2:mem:6a3784ae-1aa6-4bbf-b617-4d4aeabcc2af
insert into spot (address, description, location, name, score_id, spot_id) values (?, ?, ?, ?, ?, ?)
insert into spot (address, description, location, name, score_id, spot_id) values (NULL, NULL, 'Aewol_eup', NULL, 316, 382);
2022-10-10 13:48:04.470  INFO 3923 --- [    Test worker] p6spy                                    : #1665377284470 | took 0ms | statement | connection 23| url jdbc:h2:mem:6a3784ae-1aa6-4bbf-b617-4d4aeabcc2af
insert into member_spot (member_id, score, spot_id, member_spot_id) values (?, ?, ?, ?)
insert into member_spot (member_id, score, spot_id, member_spot_id) values (15, 0.0, 382, 1320);
2022-10-10 13:48:04.470  INFO 3923 --- [    Test worker] p6spy                                    : #1665377284470 | took 0ms | statement | connection 23| url jdbc:h2:mem:6a3784ae-1aa6-4bbf-b617-4d4aeabcc2af
insert into review (content, spot_id, review_id) values (?, ?, ?)
insert into review (content, spot_id, review_id) values ('java.io.StringReader@b1ba65b', 369, 318);
2022-10-10 13:48:04.470  INFO 3923 --- [    Test worker] p6spy                                    : #1665377284470 | took 0ms | statement | connection 23| url jdbc:h2:mem:6a3784ae-1aa6-4bbf-b617-4d4aeabcc2af
insert into score (facility_rank, facility_score, price_rank, price_score, rank_average, surround_rank, surround_score, view_rank, view_score, score_id) values (?, ?, ?, ?, ?, ?, ?, ?, ?, ?)
insert into score (facility_rank, facility_score, price_rank, price_score, rank_average, surround_rank, surround_score, view_rank, view_score, score_id) values (0.10344976354999202, 3.537649952488181, 2.763435722898385, 2.39539596586214, 7.627108780918682, 1.3293050360368985, 0.8646452122291248, 2.1713240168978953, 4.871487361417338, 317);
2022-10-10 13:48:04.470  INFO 3923 --- [    Test worker] p6spy                                    : #1665377284470 | took 0ms | statement | connection 23| url jdbc:h2:mem:6a3784ae-1aa6-4bbf-b617-4d4aeabcc2af
insert into picture (spot_id, url, picture_id) values (?, ?, ?)
insert into picture (spot_id, url, picture_id) values (NULL, 'java.io.StringReader@2df807ab', 1321);
2022-10-10 13:48:04.470  INFO 3923 --- [    Test worker] p6spy                                    : #1665377284470 | took 0ms | statement | connection 23| url jdbc:h2:mem:6a3784ae-1aa6-4bbf-b617-4d4aeabcc2af
insert into picture (spot_id, url, picture_id) values (?, ?, ?)
insert into picture (spot_id, url, picture_id) values (NULL, 'java.io.StringReader@670d0f14', 1322);
2022-10-10 13:48:04.470  INFO 3923 --- [    Test worker] p6spy                                    : #1665377284470 | took 0ms | statement | connection 23| url jdbc:h2:mem:6a3784ae-1aa6-4bbf-b617-4d4aeabcc2af
insert into picture (spot_id, url, picture_id) values (?, ?, ?)
insert into picture (spot_id, url, picture_id) values (NULL, 'java.io.StringReader@6140bb21', 1323);
2022-10-10 13:48:04.470  INFO 3923 --- [    Test worker] p6spy                                    : #1665377284470 | took 0ms | statement | connection 23| url jdbc:h2:mem:6a3784ae-1aa6-4bbf-b617-4d4aeabcc2af
insert into spot (address, description, location, name, score_id, spot_id) values (?, ?, ?, ?, ?, ?)
insert into spot (address, description, location, name, score_id, spot_id) values (NULL, NULL, 'Aewol_eup', NULL, 317, 383);
2022-10-10 13:48:04.470  INFO 3923 --- [    Test worker] p6spy                                    : #1665377284470 | took 0ms | statement | connection 23| url jdbc:h2:mem:6a3784ae-1aa6-4bbf-b617-4d4aeabcc2af
insert into member_spot (member_id, score, spot_id, member_spot_id) values (?, ?, ?, ?)
insert into member_spot (member_id, score, spot_id, member_spot_id) values (15, 0.0, 383, 1324);
2022-10-10 13:48:04.470  INFO 3923 --- [    Test worker] p6spy                                    : #1665377284470 | took 0ms | statement | connection 23| url jdbc:h2:mem:6a3784ae-1aa6-4bbf-b617-4d4aeabcc2af
insert into review (content, spot_id, review_id) values (?, ?, ?)
insert into review (content, spot_id, review_id) values ('java.io.StringReader@23c3f94b', 369, 319);
2022-10-10 13:48:04.470  INFO 3923 --- [    Test worker] p6spy                                    : #1665377284470 | took 0ms | statement | connection 23| url jdbc:h2:mem:6a3784ae-1aa6-4bbf-b617-4d4aeabcc2af
insert into favorite_spot (count, favorite_id, spot_id, favorite_spot_id) values (?, ?, ?, ?)
insert into favorite_spot (count, favorite_id, spot_id, favorite_spot_id) values (0, 37, 383, 328);
2022-10-10 13:48:04.470  INFO 3923 --- [    Test worker] p6spy                                    : #1665377284470 | took 0ms | statement | connection 23| url jdbc:h2:mem:6a3784ae-1aa6-4bbf-b617-4d4aeabcc2af
insert into score (facility_rank, facility_score, price_rank, price_score, rank_average, surround_rank, surround_score, view_rank, view_score, score_id) values (?, ?, ?, ?, ?, ?, ?, ?, ?, ?)
insert into score (facility_rank, facility_score, price_rank, price_score, rank_average, surround_rank, surround_score, view_rank, view_score, score_id) values (6.001738260587124, 8.960075853494464, 5.931088139892426, 6.703340593987991, 1.3537101214566827, 5.63819292050245, 0.6604902086485354, 9.214370362720516, 2.106797930576789, 318);
2022-10-10 13:48:04.470  INFO 3923 --- [    Test worker] p6spy                                    : #1665377284470 | took 0ms | statement | connection 23| url jdbc:h2:mem:6a3784ae-1aa6-4bbf-b617-4d4aeabcc2af
insert into picture (spot_id, url, picture_id) values (?, ?, ?)
insert into picture (spot_id, url, picture_id) values (NULL, 'java.io.StringReader@3ec6bfbf', 1325);
2022-10-10 13:48:04.470  INFO 3923 --- [    Test worker] p6spy                                    : #1665377284470 | took 0ms | statement | connection 23| url jdbc:h2:mem:6a3784ae-1aa6-4bbf-b617-4d4aeabcc2af
insert into picture (spot_id, url, picture_id) values (?, ?, ?)
insert into picture (spot_id, url, picture_id) values (NULL, 'java.io.StringReader@13fafc01', 1326);
2022-10-10 13:48:04.470  INFO 3923 --- [    Test worker] p6spy                                    : #1665377284470 | took 0ms | statement | connection 23| url jdbc:h2:mem:6a3784ae-1aa6-4bbf-b617-4d4aeabcc2af
insert into picture (spot_id, url, picture_id) values (?, ?, ?)
insert into picture (spot_id, url, picture_id) values (NULL, 'java.io.StringReader@7c334dec', 1327);
2022-10-10 13:48:04.470  INFO 3923 --- [    Test worker] p6spy                                    : #1665377284470 | took 0ms | statement | connection 23| url jdbc:h2:mem:6a3784ae-1aa6-4bbf-b617-4d4aeabcc2af
insert into spot (address, description, location, name, score_id, spot_id) values (?, ?, ?, ?, ?, ?)
insert into spot (address, description, location, name, score_id, spot_id) values (NULL, NULL, 'Aewol_eup', NULL, 318, 384);
2022-10-10 13:48:04.470  INFO 3923 --- [    Test worker] p6spy                                    : #1665377284470 | took 0ms | statement | connection 23| url jdbc:h2:mem:6a3784ae-1aa6-4bbf-b617-4d4aeabcc2af
insert into member_spot (member_id, score, spot_id, member_spot_id) values (?, ?, ?, ?)
insert into member_spot (member_id, score, spot_id, member_spot_id) values (15, 0.0, 384, 1328);
2022-10-10 13:48:04.470  INFO 3923 --- [    Test worker] p6spy                                    : #1665377284470 | took 0ms | statement | connection 23| url jdbc:h2:mem:6a3784ae-1aa6-4bbf-b617-4d4aeabcc2af
insert into review (content, spot_id, review_id) values (?, ?, ?)
insert into review (content, spot_id, review_id) values ('java.io.StringReader@350d587', 369, 320);
2022-10-10 13:48:04.470  INFO 3923 --- [    Test worker] p6spy                                    : #1665377284470 | took 0ms | statement | connection 23| url jdbc:h2:mem:6a3784ae-1aa6-4bbf-b617-4d4aeabcc2af
insert into score (facility_rank, facility_score, price_rank, price_score, rank_average, surround_rank, surround_score, view_rank, view_score, score_id) values (?, ?, ?, ?, ?, ?, ?, ?, ?, ?)
insert into score (facility_rank, facility_score, price_rank, price_score, rank_average, surround_rank, surround_score, view_rank, view_score, score_id) values (2.3436931575421904, 6.628502364099825, 3.2431648771271493, 9.821229546592127, 5.959770222530846, 3.3078395527496127, 1.2344557597434358, 9.847114395048406, 1.6846582488599626, 319);
2022-10-10 13:48:04.470  INFO 3923 --- [    Test worker] p6spy                                    : #1665377284470 | took 0ms | statement | connection 23| url jdbc:h2:mem:6a3784ae-1aa6-4bbf-b617-4d4aeabcc2af
insert into picture (spot_id, url, picture_id) values (?, ?, ?)
insert into picture (spot_id, url, picture_id) values (NULL, 'java.io.StringReader@10710787', 1329);
2022-10-10 13:48:04.470  INFO 3923 --- [    Test worker] p6spy                                    : #1665377284470 | took 0ms | statement | connection 23| url jdbc:h2:mem:6a3784ae-1aa6-4bbf-b617-4d4aeabcc2af
insert into picture (spot_id, url, picture_id) values (?, ?, ?)
insert into picture (spot_id, url, picture_id) values (NULL, 'java.io.StringReader@11cc4fea', 1330);
2022-10-10 13:48:04.470  INFO 3923 --- [    Test worker] p6spy                                    : #1665377284470 | took 0ms | statement | connection 23| url jdbc:h2:mem:6a3784ae-1aa6-4bbf-b617-4d4aeabcc2af
insert into picture (spot_id, url, picture_id) values (?, ?, ?)
insert into picture (spot_id, url, picture_id) values (NULL, 'java.io.StringReader@546debe2', 1331);
2022-10-10 13:48:04.470  INFO 3923 --- [    Test worker] p6spy                                    : #1665377284470 | took 0ms | statement | connection 23| url jdbc:h2:mem:6a3784ae-1aa6-4bbf-b617-4d4aeabcc2af
insert into spot (address, description, location, name, score_id, spot_id) values (?, ?, ?, ?, ?, ?)
insert into spot (address, description, location, name, score_id, spot_id) values (NULL, NULL, 'Aewol_eup', NULL, 319, 385);
2022-10-10 13:48:04.470  INFO 3923 --- [    Test worker] p6spy                                    : #1665377284470 | took 0ms | statement | connection 23| url jdbc:h2:mem:6a3784ae-1aa6-4bbf-b617-4d4aeabcc2af
insert into member_spot (member_id, score, spot_id, member_spot_id) values (?, ?, ?, ?)
insert into member_spot (member_id, score, spot_id, member_spot_id) values (15, 0.0, 385, 1332);
2022-10-10 13:48:04.470  INFO 3923 --- [    Test worker] p6spy                                    : #1665377284470 | took 0ms | statement | connection 23| url jdbc:h2:mem:6a3784ae-1aa6-4bbf-b617-4d4aeabcc2af
insert into review (content, spot_id, review_id) values (?, ?, ?)
insert into review (content, spot_id, review_id) values ('java.io.StringReader@52936640', 369, 321);
2022-10-10 13:48:04.470  INFO 3923 --- [    Test worker] p6spy                                    : #1665377284470 | took 0ms | statement | connection 23| url jdbc:h2:mem:6a3784ae-1aa6-4bbf-b617-4d4aeabcc2af
insert into favorite_spot (count, favorite_id, spot_id, favorite_spot_id) values (?, ?, ?, ?)
insert into favorite_spot (count, favorite_id, spot_id, favorite_spot_id) values (0, 37, 385, 329);
2022-10-10 13:48:04.470  INFO 3923 --- [    Test worker] p6spy                                    : #1665377284470 | took 0ms | statement | connection 23| url jdbc:h2:mem:6a3784ae-1aa6-4bbf-b617-4d4aeabcc2af
insert into score (facility_rank, facility_score, price_rank, price_score, rank_average, surround_rank, surround_score, view_rank, view_score, score_id) values (?, ?, ?, ?, ?, ?, ?, ?, ?, ?)
insert into score (facility_rank, facility_score, price_rank, price_score, rank_average, surround_rank, surround_score, view_rank, view_score, score_id) values (0.43013151900908486, 7.501147214273479, 6.642457473856217, 0.6453625904896698, 2.5264843862151896, 7.959425062164165, 1.0933150661796531, 0.16886279356728373, 0.6576727129017013, 320);
2022-10-10 13:48:04.470  INFO 3923 --- [    Test worker] p6spy                                    : #1665377284470 | took 0ms | statement | connection 23| url jdbc:h2:mem:6a3784ae-1aa6-4bbf-b617-4d4aeabcc2af
insert into picture (spot_id, url, picture_id) values (?, ?, ?)
insert into picture (spot_id, url, picture_id) values (NULL, 'java.io.StringReader@3513c8bd', 1333);
2022-10-10 13:48:04.470  INFO 3923 --- [    Test worker] p6spy                                    : #1665377284470 | took 0ms | statement | connection 23| url jdbc:h2:mem:6a3784ae-1aa6-4bbf-b617-4d4aeabcc2af
insert into picture (spot_id, url, picture_id) values (?, ?, ?)
insert into picture (spot_id, url, picture_id) values (NULL, 'java.io.StringReader@10777bee', 1334);
2022-10-10 13:48:04.470  INFO 3923 --- [    Test worker] p6spy                                    : #1665377284470 | took 0ms | statement | connection 23| url jdbc:h2:mem:6a3784ae-1aa6-4bbf-b617-4d4aeabcc2af
insert into picture (spot_id, url, picture_id) values (?, ?, ?)
insert into picture (spot_id, url, picture_id) values (NULL, 'java.io.StringReader@277c10c2', 1335);
2022-10-10 13:48:04.470  INFO 3923 --- [    Test worker] p6spy                                    : #1665377284470 | took 0ms | statement | connection 23| url jdbc:h2:mem:6a3784ae-1aa6-4bbf-b617-4d4aeabcc2af
insert into spot (address, description, location, name, score_id, spot_id) values (?, ?, ?, ?, ?, ?)
insert into spot (address, description, location, name, score_id, spot_id) values (NULL, NULL, 'Aewol_eup', NULL, 320, 386);
2022-10-10 13:48:04.470  INFO 3923 --- [    Test worker] p6spy                                    : #1665377284470 | took 0ms | statement | connection 23| url jdbc:h2:mem:6a3784ae-1aa6-4bbf-b617-4d4aeabcc2af
insert into member_spot (member_id, score, spot_id, member_spot_id) values (?, ?, ?, ?)
insert into member_spot (member_id, score, spot_id, member_spot_id) values (15, 0.0, 386, 1336);
2022-10-10 13:48:04.470  INFO 3923 --- [    Test worker] p6spy                                    : #1665377284470 | took 0ms | statement | connection 23| url jdbc:h2:mem:6a3784ae-1aa6-4bbf-b617-4d4aeabcc2af
insert into review (content, spot_id, review_id) values (?, ?, ?)
insert into review (content, spot_id, review_id) values ('java.io.StringReader@5d9bc878', 369, 322);
2022-10-10 13:48:04.470  INFO 3923 --- [    Test worker] p6spy                                    : #1665377284470 | took 0ms | statement | connection 23| url jdbc:h2:mem:6a3784ae-1aa6-4bbf-b617-4d4aeabcc2af
insert into score (facility_rank, facility_score, price_rank, price_score, rank_average, surround_rank, surround_score, view_rank, view_score, score_id) values (?, ?, ?, ?, ?, ?, ?, ?, ?, ?)
insert into score (facility_rank, facility_score, price_rank, price_score, rank_average, surround_rank, surround_score, view_rank, view_score, score_id) values (1.1713670033278145, 9.801375099713228, 4.694973069082044, 6.744561856524572, 4.744584232593205, 9.272706086254262, 9.231762764285428, 0.6152020110670964, 3.3581521242975265, 321);
2022-10-10 13:48:04.470  INFO 3923 --- [    Test worker] p6spy                                    : #1665377284470 | took 0ms | statement | connection 23| url jdbc:h2:mem:6a3784ae-1aa6-4bbf-b617-4d4aeabcc2af
insert into picture (spot_id, url, picture_id) values (?, ?, ?)
insert into picture (spot_id, url, picture_id) values (NULL, 'java.io.StringReader@6cea94e0', 1337);
2022-10-10 13:48:04.470  INFO 3923 --- [    Test worker] p6spy                                    : #1665377284470 | took 0ms | statement | connection 23| url jdbc:h2:mem:6a3784ae-1aa6-4bbf-b617-4d4aeabcc2af
insert into picture (spot_id, url, picture_id) values (?, ?, ?)
insert into picture (spot_id, url, picture_id) values (NULL, 'java.io.StringReader@2bafab66', 1338);
2022-10-10 13:48:04.470  INFO 3923 --- [    Test worker] p6spy                                    : #1665377284470 | took 0ms | statement | connection 23| url jdbc:h2:mem:6a3784ae-1aa6-4bbf-b617-4d4aeabcc2af
insert into picture (spot_id, url, picture_id) values (?, ?, ?)
insert into picture (spot_id, url, picture_id) values (NULL, 'java.io.StringReader@50e98bbd', 1339);
2022-10-10 13:48:04.470  INFO 3923 --- [    Test worker] p6spy                                    : #1665377284470 | took 0ms | statement | connection 23| url jdbc:h2:mem:6a3784ae-1aa6-4bbf-b617-4d4aeabcc2af
insert into spot (address, description, location, name, score_id, spot_id) values (?, ?, ?, ?, ?, ?)
insert into spot (address, description, location, name, score_id, spot_id) values (NULL, NULL, 'Aewol_eup', NULL, 321, 387);
2022-10-10 13:48:04.470  INFO 3923 --- [    Test worker] p6spy                                    : #1665377284470 | took 0ms | statement | connection 23| url jdbc:h2:mem:6a3784ae-1aa6-4bbf-b617-4d4aeabcc2af
insert into member_spot (member_id, score, spot_id, member_spot_id) values (?, ?, ?, ?)
insert into member_spot (member_id, score, spot_id, member_spot_id) values (15, 0.0, 387, 1340);
2022-10-10 13:48:04.470  INFO 3923 --- [    Test worker] p6spy                                    : #1665377284470 | took 0ms | statement | connection 23| url jdbc:h2:mem:6a3784ae-1aa6-4bbf-b617-4d4aeabcc2af
insert into review (content, spot_id, review_id) values (?, ?, ?)
insert into review (content, spot_id, review_id) values ('java.io.StringReader@3ea6cb23', 369, 323);
2022-10-10 13:48:04.470  INFO 3923 --- [    Test worker] p6spy                                    : #1665377284470 | took 0ms | statement | connection 23| url jdbc:h2:mem:6a3784ae-1aa6-4bbf-b617-4d4aeabcc2af
insert into favorite_spot (count, favorite_id, spot_id, favorite_spot_id) values (?, ?, ?, ?)
insert into favorite_spot (count, favorite_id, spot_id, favorite_spot_id) values (0, 37, 387, 330);
2022-10-10 13:48:04.471  INFO 3923 --- [    Test worker] p6spy                                    : #1665377284471 | took 0ms | statement | connection 23| url jdbc:h2:mem:6a3784ae-1aa6-4bbf-b617-4d4aeabcc2af
insert into score (facility_rank, facility_score, price_rank, price_score, rank_average, surround_rank, surround_score, view_rank, view_score, score_id) values (?, ?, ?, ?, ?, ?, ?, ?, ?, ?)
insert into score (facility_rank, facility_score, price_rank, price_score, rank_average, surround_rank, surround_score, view_rank, view_score, score_id) values (4.963131629915436, 6.77456375112736, 5.756528574383143, 0.37744611128002314, 5.995823394681747, 6.922742278052867, 9.950927610381342, 1.4860716051634648, 8.196132208698227, 322);
2022-10-10 13:48:04.471  INFO 3923 --- [    Test worker] p6spy                                    : #1665377284471 | took 0ms | statement | connection 23| url jdbc:h2:mem:6a3784ae-1aa6-4bbf-b617-4d4aeabcc2af
insert into picture (spot_id, url, picture_id) values (?, ?, ?)
insert into picture (spot_id, url, picture_id) values (NULL, 'java.io.StringReader@641b8e0a', 1341);
2022-10-10 13:48:04.471  INFO 3923 --- [    Test worker] p6spy                                    : #1665377284471 | took 0ms | statement | connection 23| url jdbc:h2:mem:6a3784ae-1aa6-4bbf-b617-4d4aeabcc2af
insert into picture (spot_id, url, picture_id) values (?, ?, ?)
insert into picture (spot_id, url, picture_id) values (NULL, 'java.io.StringReader@1c989acb', 1342);
2022-10-10 13:48:04.471  INFO 3923 --- [    Test worker] p6spy                                    : #1665377284471 | took 0ms | statement | connection 23| url jdbc:h2:mem:6a3784ae-1aa6-4bbf-b617-4d4aeabcc2af
insert into picture (spot_id, url, picture_id) values (?, ?, ?)
insert into picture (spot_id, url, picture_id) values (NULL, 'java.io.StringReader@34f63d8c', 1343);
2022-10-10 13:48:04.471  INFO 3923 --- [    Test worker] p6spy                                    : #1665377284471 | took 0ms | statement | connection 23| url jdbc:h2:mem:6a3784ae-1aa6-4bbf-b617-4d4aeabcc2af
insert into spot (address, description, location, name, score_id, spot_id) values (?, ?, ?, ?, ?, ?)
insert into spot (address, description, location, name, score_id, spot_id) values (NULL, NULL, 'Aewol_eup', NULL, 322, 388);
2022-10-10 13:48:04.471  INFO 3923 --- [    Test worker] p6spy                                    : #1665377284471 | took 0ms | statement | connection 23| url jdbc:h2:mem:6a3784ae-1aa6-4bbf-b617-4d4aeabcc2af
insert into member_spot (member_id, score, spot_id, member_spot_id) values (?, ?, ?, ?)
insert into member_spot (member_id, score, spot_id, member_spot_id) values (15, 0.0, 388, 1344);
2022-10-10 13:48:04.471  INFO 3923 --- [    Test worker] p6spy                                    : #1665377284471 | took 0ms | statement | connection 23| url jdbc:h2:mem:6a3784ae-1aa6-4bbf-b617-4d4aeabcc2af
insert into review (content, spot_id, review_id) values (?, ?, ?)
insert into review (content, spot_id, review_id) values ('java.io.StringReader@54295e7c', 369, 324);
2022-10-10 13:48:04.471  INFO 3923 --- [    Test worker] p6spy                                    : #1665377284471 | took 0ms | statement | connection 23| url jdbc:h2:mem:6a3784ae-1aa6-4bbf-b617-4d4aeabcc2af
insert into score (facility_rank, facility_score, price_rank, price_score, rank_average, surround_rank, surround_score, view_rank, view_score, score_id) values (?, ?, ?, ?, ?, ?, ?, ?, ?, ?)
insert into score (facility_rank, facility_score, price_rank, price_score, rank_average, surround_rank, surround_score, view_rank, view_score, score_id) values (7.80999120281561, 9.50286475265009, 8.494641742032897, 9.421285427472085, 5.835953834839019, 0.3742904704771788, 5.041830082763084, 8.69646983289597, 3.9917852667547793, 323);
2022-10-10 13:48:04.471  INFO 3923 --- [    Test worker] p6spy                                    : #1665377284471 | took 0ms | statement | connection 23| url jdbc:h2:mem:6a3784ae-1aa6-4bbf-b617-4d4aeabcc2af
insert into picture (spot_id, url, picture_id) values (?, ?, ?)
insert into picture (spot_id, url, picture_id) values (NULL, 'java.io.StringReader@2332f57d', 1345);
2022-10-10 13:48:04.471  INFO 3923 --- [    Test worker] p6spy                                    : #1665377284471 | took 0ms | statement | connection 23| url jdbc:h2:mem:6a3784ae-1aa6-4bbf-b617-4d4aeabcc2af
insert into picture (spot_id, url, picture_id) values (?, ?, ?)
insert into picture (spot_id, url, picture_id) values (NULL, 'java.io.StringReader@2d5116c6', 1346);
2022-10-10 13:48:04.471  INFO 3923 --- [    Test worker] p6spy                                    : #1665377284471 | took 0ms | statement | connection 23| url jdbc:h2:mem:6a3784ae-1aa6-4bbf-b617-4d4aeabcc2af
insert into picture (spot_id, url, picture_id) values (?, ?, ?)
insert into picture (spot_id, url, picture_id) values (NULL, 'java.io.StringReader@947e589', 1347);
2022-10-10 13:48:04.471  INFO 3923 --- [    Test worker] p6spy                                    : #1665377284471 | took 0ms | statement | connection 23| url jdbc:h2:mem:6a3784ae-1aa6-4bbf-b617-4d4aeabcc2af
insert into spot (address, description, location, name, score_id, spot_id) values (?, ?, ?, ?, ?, ?)
insert into spot (address, description, location, name, score_id, spot_id) values (NULL, NULL, 'Aewol_eup', NULL, 323, 389);
2022-10-10 13:48:04.471  INFO 3923 --- [    Test worker] p6spy                                    : #1665377284471 | took 0ms | statement | connection 23| url jdbc:h2:mem:6a3784ae-1aa6-4bbf-b617-4d4aeabcc2af
insert into member_spot (member_id, score, spot_id, member_spot_id) values (?, ?, ?, ?)
insert into member_spot (member_id, score, spot_id, member_spot_id) values (15, 0.0, 389, 1348);
2022-10-10 13:48:04.471  INFO 3923 --- [    Test worker] p6spy                                    : #1665377284471 | took 0ms | statement | connection 23| url jdbc:h2:mem:6a3784ae-1aa6-4bbf-b617-4d4aeabcc2af
insert into review (content, spot_id, review_id) values (?, ?, ?)
insert into review (content, spot_id, review_id) values ('java.io.StringReader@ae04ba5', 369, 325);
2022-10-10 13:48:04.471  INFO 3923 --- [    Test worker] p6spy                                    : #1665377284471 | took 0ms | statement | connection 23| url jdbc:h2:mem:6a3784ae-1aa6-4bbf-b617-4d4aeabcc2af
insert into favorite_spot (count, favorite_id, spot_id, favorite_spot_id) values (?, ?, ?, ?)
insert into favorite_spot (count, favorite_id, spot_id, favorite_spot_id) values (0, 37, 389, 331);
2022-10-10 13:48:04.471  INFO 3923 --- [    Test worker] p6spy                                    : #1665377284471 | took 0ms | statement | connection 23| url jdbc:h2:mem:6a3784ae-1aa6-4bbf-b617-4d4aeabcc2af
insert into score (facility_rank, facility_score, price_rank, price_score, rank_average, surround_rank, surround_score, view_rank, view_score, score_id) values (?, ?, ?, ?, ?, ?, ?, ?, ?, ?)
insert into score (facility_rank, facility_score, price_rank, price_score, rank_average, surround_rank, surround_score, view_rank, view_score, score_id) values (3.304656659395709, 7.339461975700465, 6.645825934260223, 6.623905406407726, 8.034221281813528, 6.099121882913444, 9.109778537909175, 3.802778970368328, 8.245440528940243, 324);
2022-10-10 13:48:04.471  INFO 3923 --- [    Test worker] p6spy                                    : #1665377284471 | took 0ms | statement | connection 23| url jdbc:h2:mem:6a3784ae-1aa6-4bbf-b617-4d4aeabcc2af
insert into picture (spot_id, url, picture_id) values (?, ?, ?)
insert into picture (spot_id, url, picture_id) values (NULL, 'java.io.StringReader@3265ef81', 1349);
2022-10-10 13:48:04.471  INFO 3923 --- [    Test worker] p6spy                                    : #1665377284471 | took 0ms | statement | connection 23| url jdbc:h2:mem:6a3784ae-1aa6-4bbf-b617-4d4aeabcc2af
insert into picture (spot_id, url, picture_id) values (?, ?, ?)
insert into picture (spot_id, url, picture_id) values (NULL, 'java.io.StringReader@555c0290', 1350);
2022-10-10 13:48:04.471  INFO 3923 --- [    Test worker] p6spy                                    : #1665377284471 | took 0ms | statement | connection 23| url jdbc:h2:mem:6a3784ae-1aa6-4bbf-b617-4d4aeabcc2af
insert into picture (spot_id, url, picture_id) values (?, ?, ?)
insert into picture (spot_id, url, picture_id) values (NULL, 'java.io.StringReader@4d132162', 1351);
2022-10-10 13:48:04.471  INFO 3923 --- [    Test worker] p6spy                                    : #1665377284471 | took 0ms | statement | connection 23| url jdbc:h2:mem:6a3784ae-1aa6-4bbf-b617-4d4aeabcc2af
insert into spot (address, description, location, name, score_id, spot_id) values (?, ?, ?, ?, ?, ?)
insert into spot (address, description, location, name, score_id, spot_id) values (NULL, NULL, 'Aewol_eup', NULL, 324, 390);
2022-10-10 13:48:04.471  INFO 3923 --- [    Test worker] p6spy                                    : #1665377284471 | took 0ms | statement | connection 23| url jdbc:h2:mem:6a3784ae-1aa6-4bbf-b617-4d4aeabcc2af
insert into member_spot (member_id, score, spot_id, member_spot_id) values (?, ?, ?, ?)
insert into member_spot (member_id, score, spot_id, member_spot_id) values (15, 0.0, 390, 1352);
2022-10-10 13:48:04.471  INFO 3923 --- [    Test worker] p6spy                                    : #1665377284471 | took 0ms | statement | connection 23| url jdbc:h2:mem:6a3784ae-1aa6-4bbf-b617-4d4aeabcc2af
insert into review (content, spot_id, review_id) values (?, ?, ?)
insert into review (content, spot_id, review_id) values ('java.io.StringReader@5e31ad69', 369, 326);
2022-10-10 13:48:04.471  INFO 3923 --- [    Test worker] p6spy                                    : #1665377284471 | took 0ms | statement | connection 23| url jdbc:h2:mem:6a3784ae-1aa6-4bbf-b617-4d4aeabcc2af
insert into score (facility_rank, facility_score, price_rank, price_score, rank_average, surround_rank, surround_score, view_rank, view_score, score_id) values (?, ?, ?, ?, ?, ?, ?, ?, ?, ?)
insert into score (facility_rank, facility_score, price_rank, price_score, rank_average, surround_rank, surround_score, view_rank, view_score, score_id) values (0.4961639437572629, 6.394765338187508, 3.6570152555573445, 5.678897175478978, 6.6729617042949, 1.464205189995248, 8.799554997845192, 8.769490756985297, 9.40527312933999, 325);
2022-10-10 13:48:04.471  INFO 3923 --- [    Test worker] p6spy                                    : #1665377284471 | took 0ms | statement | connection 23| url jdbc:h2:mem:6a3784ae-1aa6-4bbf-b617-4d4aeabcc2af
insert into picture (spot_id, url, picture_id) values (?, ?, ?)
insert into picture (spot_id, url, picture_id) values (NULL, 'java.io.StringReader@3d1b13a', 1353);
2022-10-10 13:48:04.471  INFO 3923 --- [    Test worker] p6spy                                    : #1665377284471 | took 0ms | statement | connection 23| url jdbc:h2:mem:6a3784ae-1aa6-4bbf-b617-4d4aeabcc2af
insert into picture (spot_id, url, picture_id) values (?, ?, ?)
insert into picture (spot_id, url, picture_id) values (NULL, 'java.io.StringReader@4202073', 1354);
2022-10-10 13:48:04.471  INFO 3923 --- [    Test worker] p6spy                                    : #1665377284471 | took 0ms | statement | connection 23| url jdbc:h2:mem:6a3784ae-1aa6-4bbf-b617-4d4aeabcc2af
insert into picture (spot_id, url, picture_id) values (?, ?, ?)
insert into picture (spot_id, url, picture_id) values (NULL, 'java.io.StringReader@4807382f', 1355);
2022-10-10 13:48:04.471  INFO 3923 --- [    Test worker] p6spy                                    : #1665377284471 | took 0ms | statement | connection 23| url jdbc:h2:mem:6a3784ae-1aa6-4bbf-b617-4d4aeabcc2af
insert into spot (address, description, location, name, score_id, spot_id) values (?, ?, ?, ?, ?, ?)
insert into spot (address, description, location, name, score_id, spot_id) values (NULL, NULL, 'Aewol_eup', NULL, 325, 391);
2022-10-10 13:48:04.471  INFO 3923 --- [    Test worker] p6spy                                    : #1665377284471 | took 0ms | statement | connection 23| url jdbc:h2:mem:6a3784ae-1aa6-4bbf-b617-4d4aeabcc2af
insert into member_spot (member_id, score, spot_id, member_spot_id) values (?, ?, ?, ?)
insert into member_spot (member_id, score, spot_id, member_spot_id) values (15, 0.0, 391, 1356);
2022-10-10 13:48:04.471  INFO 3923 --- [    Test worker] p6spy                                    : #1665377284471 | took 0ms | statement | connection 23| url jdbc:h2:mem:6a3784ae-1aa6-4bbf-b617-4d4aeabcc2af
insert into review (content, spot_id, review_id) values (?, ?, ?)
insert into review (content, spot_id, review_id) values ('java.io.StringReader@6a614868', 369, 327);
2022-10-10 13:48:04.471  INFO 3923 --- [    Test worker] p6spy                                    : #1665377284471 | took 0ms | statement | connection 23| url jdbc:h2:mem:6a3784ae-1aa6-4bbf-b617-4d4aeabcc2af
insert into favorite_spot (count, favorite_id, spot_id, favorite_spot_id) values (?, ?, ?, ?)
insert into favorite_spot (count, favorite_id, spot_id, favorite_spot_id) values (0, 37, 391, 332);
2022-10-10 13:48:04.471  INFO 3923 --- [    Test worker] p6spy                                    : #1665377284471 | took 0ms | statement | connection 23| url jdbc:h2:mem:6a3784ae-1aa6-4bbf-b617-4d4aeabcc2af
insert into score (facility_rank, facility_score, price_rank, price_score, rank_average, surround_rank, surround_score, view_rank, view_score, score_id) values (?, ?, ?, ?, ?, ?, ?, ?, ?, ?)
insert into score (facility_rank, facility_score, price_rank, price_score, rank_average, surround_rank, surround_score, view_rank, view_score, score_id) values (4.344253145844229, 5.086933616074377, 0.05787076468658836, 2.3150336294211438, 2.3868866065083005, 4.527425662638493, 3.274267002569309, 8.9343695636511, 0.9716675831705868, 326);
2022-10-10 13:48:04.471  INFO 3923 --- [    Test worker] p6spy                                    : #1665377284471 | took 0ms | statement | connection 23| url jdbc:h2:mem:6a3784ae-1aa6-4bbf-b617-4d4aeabcc2af
insert into picture (spot_id, url, picture_id) values (?, ?, ?)
insert into picture (spot_id, url, picture_id) values (NULL, 'java.io.StringReader@a00b4a6', 1357);
2022-10-10 13:48:04.471  INFO 3923 --- [    Test worker] p6spy                                    : #1665377284471 | took 0ms | statement | connection 23| url jdbc:h2:mem:6a3784ae-1aa6-4bbf-b617-4d4aeabcc2af
insert into picture (spot_id, url, picture_id) values (?, ?, ?)
insert into picture (spot_id, url, picture_id) values (NULL, 'java.io.StringReader@6ae52aa2', 1358);
2022-10-10 13:48:04.471  INFO 3923 --- [    Test worker] p6spy                                    : #1665377284471 | took 0ms | statement | connection 23| url jdbc:h2:mem:6a3784ae-1aa6-4bbf-b617-4d4aeabcc2af
insert into picture (spot_id, url, picture_id) values (?, ?, ?)
insert into picture (spot_id, url, picture_id) values (NULL, 'java.io.StringReader@4110a187', 1359);
2022-10-10 13:48:04.471  INFO 3923 --- [    Test worker] p6spy                                    : #1665377284471 | took 0ms | statement | connection 23| url jdbc:h2:mem:6a3784ae-1aa6-4bbf-b617-4d4aeabcc2af
insert into spot (address, description, location, name, score_id, spot_id) values (?, ?, ?, ?, ?, ?)
insert into spot (address, description, location, name, score_id, spot_id) values (NULL, NULL, 'Aewol_eup', NULL, 326, 392);
2022-10-10 13:48:04.471  INFO 3923 --- [    Test worker] p6spy                                    : #1665377284471 | took 0ms | statement | connection 23| url jdbc:h2:mem:6a3784ae-1aa6-4bbf-b617-4d4aeabcc2af
insert into member_spot (member_id, score, spot_id, member_spot_id) values (?, ?, ?, ?)
insert into member_spot (member_id, score, spot_id, member_spot_id) values (15, 0.0, 392, 1360);
2022-10-10 13:48:04.471  INFO 3923 --- [    Test worker] p6spy                                    : #1665377284471 | took 0ms | statement | connection 23| url jdbc:h2:mem:6a3784ae-1aa6-4bbf-b617-4d4aeabcc2af
insert into review (content, spot_id, review_id) values (?, ?, ?)
insert into review (content, spot_id, review_id) values ('java.io.StringReader@5b45bcae', 369, 328);
2022-10-10 13:48:04.471  INFO 3923 --- [    Test worker] p6spy                                    : #1665377284471 | took 0ms | statement | connection 23| url jdbc:h2:mem:6a3784ae-1aa6-4bbf-b617-4d4aeabcc2af
insert into score (facility_rank, facility_score, price_rank, price_score, rank_average, surround_rank, surround_score, view_rank, view_score, score_id) values (?, ?, ?, ?, ?, ?, ?, ?, ?, ?)
insert into score (facility_rank, facility_score, price_rank, price_score, rank_average, surround_rank, surround_score, view_rank, view_score, score_id) values (6.932300372664263, 5.92650700157327, 4.7230575759200555, 3.4867756306826845, 6.771089977059849, 5.070572925483062, 9.943302688549586, 3.130945164003921, 1.1950327671280392, 327);
2022-10-10 13:48:04.471  INFO 3923 --- [    Test worker] p6spy                                    : #1665377284471 | took 0ms | statement | connection 23| url jdbc:h2:mem:6a3784ae-1aa6-4bbf-b617-4d4aeabcc2af
insert into picture (spot_id, url, picture_id) values (?, ?, ?)
insert into picture (spot_id, url, picture_id) values (NULL, 'java.io.StringReader@162e97af', 1361);
2022-10-10 13:48:04.471  INFO 3923 --- [    Test worker] p6spy                                    : #1665377284471 | took 0ms | statement | connection 23| url jdbc:h2:mem:6a3784ae-1aa6-4bbf-b617-4d4aeabcc2af
insert into picture (spot_id, url, picture_id) values (?, ?, ?)
insert into picture (spot_id, url, picture_id) values (NULL, 'java.io.StringReader@5dfdb548', 1362);
2022-10-10 13:48:04.472  INFO 3923 --- [    Test worker] p6spy                                    : #1665377284472 | took 0ms | statement | connection 23| url jdbc:h2:mem:6a3784ae-1aa6-4bbf-b617-4d4aeabcc2af
insert into picture (spot_id, url, picture_id) values (?, ?, ?)
insert into picture (spot_id, url, picture_id) values (NULL, 'java.io.StringReader@2a80d21', 1363);
2022-10-10 13:48:04.472  INFO 3923 --- [    Test worker] p6spy                                    : #1665377284472 | took 0ms | statement | connection 23| url jdbc:h2:mem:6a3784ae-1aa6-4bbf-b617-4d4aeabcc2af
insert into spot (address, description, location, name, score_id, spot_id) values (?, ?, ?, ?, ?, ?)
insert into spot (address, description, location, name, score_id, spot_id) values (NULL, NULL, 'Aewol_eup', NULL, 327, 393);
2022-10-10 13:48:04.472  INFO 3923 --- [    Test worker] p6spy                                    : #1665377284472 | took 0ms | statement | connection 23| url jdbc:h2:mem:6a3784ae-1aa6-4bbf-b617-4d4aeabcc2af
insert into member_spot (member_id, score, spot_id, member_spot_id) values (?, ?, ?, ?)
insert into member_spot (member_id, score, spot_id, member_spot_id) values (15, 0.0, 393, 1364);
2022-10-10 13:48:04.472  INFO 3923 --- [    Test worker] p6spy                                    : #1665377284472 | took 0ms | statement | connection 23| url jdbc:h2:mem:6a3784ae-1aa6-4bbf-b617-4d4aeabcc2af
insert into review (content, spot_id, review_id) values (?, ?, ?)
insert into review (content, spot_id, review_id) values ('java.io.StringReader@28019d67', 369, 329);
2022-10-10 13:48:04.472  INFO 3923 --- [    Test worker] p6spy                                    : #1665377284472 | took 0ms | statement | connection 23| url jdbc:h2:mem:6a3784ae-1aa6-4bbf-b617-4d4aeabcc2af
insert into favorite_spot (count, favorite_id, spot_id, favorite_spot_id) values (?, ?, ?, ?)
insert into favorite_spot (count, favorite_id, spot_id, favorite_spot_id) values (0, 37, 393, 333);
2022-10-10 13:48:04.472  INFO 3923 --- [    Test worker] p6spy                                    : #1665377284472 | took 0ms | statement | connection 23| url jdbc:h2:mem:6a3784ae-1aa6-4bbf-b617-4d4aeabcc2af
insert into score (facility_rank, facility_score, price_rank, price_score, rank_average, surround_rank, surround_score, view_rank, view_score, score_id) values (?, ?, ?, ?, ?, ?, ?, ?, ?, ?)
insert into score (facility_rank, facility_score, price_rank, price_score, rank_average, surround_rank, surround_score, view_rank, view_score, score_id) values (0.3453108208226463, 2.5289590220735048, 1.3023169348483299, 7.27179016191715, 9.879654440935585, 1.4391900290735327, 7.634951585546972, 1.4157195690937374, 4.424989788392146, 328);
2022-10-10 13:48:04.472  INFO 3923 --- [    Test worker] p6spy                                    : #1665377284472 | took 0ms | statement | connection 23| url jdbc:h2:mem:6a3784ae-1aa6-4bbf-b617-4d4aeabcc2af
insert into picture (spot_id, url, picture_id) values (?, ?, ?)
insert into picture (spot_id, url, picture_id) values (NULL, 'java.io.StringReader@2420c8fc', 1365);
2022-10-10 13:48:04.472  INFO 3923 --- [    Test worker] p6spy                                    : #1665377284472 | took 0ms | statement | connection 23| url jdbc:h2:mem:6a3784ae-1aa6-4bbf-b617-4d4aeabcc2af
insert into picture (spot_id, url, picture_id) values (?, ?, ?)
insert into picture (spot_id, url, picture_id) values (NULL, 'java.io.StringReader@2495d489', 1366);
2022-10-10 13:48:04.472  INFO 3923 --- [    Test worker] p6spy                                    : #1665377284472 | took 0ms | statement | connection 23| url jdbc:h2:mem:6a3784ae-1aa6-4bbf-b617-4d4aeabcc2af
insert into picture (spot_id, url, picture_id) values (?, ?, ?)
insert into picture (spot_id, url, picture_id) values (NULL, 'java.io.StringReader@2a59f665', 1367);
2022-10-10 13:48:04.472  INFO 3923 --- [    Test worker] p6spy                                    : #1665377284472 | took 0ms | statement | connection 23| url jdbc:h2:mem:6a3784ae-1aa6-4bbf-b617-4d4aeabcc2af
insert into spot (address, description, location, name, score_id, spot_id) values (?, ?, ?, ?, ?, ?)
insert into spot (address, description, location, name, score_id, spot_id) values (NULL, NULL, 'Aewol_eup', NULL, 328, 394);
2022-10-10 13:48:04.472  INFO 3923 --- [    Test worker] p6spy                                    : #1665377284472 | took 0ms | statement | connection 23| url jdbc:h2:mem:6a3784ae-1aa6-4bbf-b617-4d4aeabcc2af
insert into member_spot (member_id, score, spot_id, member_spot_id) values (?, ?, ?, ?)
insert into member_spot (member_id, score, spot_id, member_spot_id) values (15, 0.0, 394, 1368);
2022-10-10 13:48:04.472  INFO 3923 --- [    Test worker] p6spy                                    : #1665377284472 | took 0ms | statement | connection 23| url jdbc:h2:mem:6a3784ae-1aa6-4bbf-b617-4d4aeabcc2af
insert into review (content, spot_id, review_id) values (?, ?, ?)
insert into review (content, spot_id, review_id) values ('java.io.StringReader@1e544543', 369, 330);
2022-10-10 13:48:04.472  INFO 3923 --- [    Test worker] p6spy                                    : #1665377284472 | took 0ms | statement | connection 23| url jdbc:h2:mem:6a3784ae-1aa6-4bbf-b617-4d4aeabcc2af
insert into score (facility_rank, facility_score, price_rank, price_score, rank_average, surround_rank, surround_score, view_rank, view_score, score_id) values (?, ?, ?, ?, ?, ?, ?, ?, ?, ?)
insert into score (facility_rank, facility_score, price_rank, price_score, rank_average, surround_rank, surround_score, view_rank, view_score, score_id) values (0.6318829069790566, 5.956134165500279, 8.084110073949747, 0.24110494231469826, 5.552427942073868, 8.132197640334415, 2.2424659902598565, 1.9761415953931971, 6.435026008996747, 329);
2022-10-10 13:48:04.472  INFO 3923 --- [    Test worker] p6spy                                    : #1665377284472 | took 0ms | statement | connection 23| url jdbc:h2:mem:6a3784ae-1aa6-4bbf-b617-4d4aeabcc2af
insert into picture (spot_id, url, picture_id) values (?, ?, ?)
insert into picture (spot_id, url, picture_id) values (NULL, 'java.io.StringReader@3dc77ff4', 1369);
2022-10-10 13:48:04.472  INFO 3923 --- [    Test worker] p6spy                                    : #1665377284472 | took 0ms | statement | connection 23| url jdbc:h2:mem:6a3784ae-1aa6-4bbf-b617-4d4aeabcc2af
insert into picture (spot_id, url, picture_id) values (?, ?, ?)
insert into picture (spot_id, url, picture_id) values (NULL, 'java.io.StringReader@17e96bfa', 1370);
2022-10-10 13:48:04.472  INFO 3923 --- [    Test worker] p6spy                                    : #1665377284472 | took 0ms | statement | connection 23| url jdbc:h2:mem:6a3784ae-1aa6-4bbf-b617-4d4aeabcc2af
insert into picture (spot_id, url, picture_id) values (?, ?, ?)
insert into picture (spot_id, url, picture_id) values (NULL, 'java.io.StringReader@36e054f9', 1371);
2022-10-10 13:48:04.472  INFO 3923 --- [    Test worker] p6spy                                    : #1665377284472 | took 0ms | statement | connection 23| url jdbc:h2:mem:6a3784ae-1aa6-4bbf-b617-4d4aeabcc2af
insert into spot (address, description, location, name, score_id, spot_id) values (?, ?, ?, ?, ?, ?)
insert into spot (address, description, location, name, score_id, spot_id) values (NULL, NULL, 'Aewol_eup', NULL, 329, 395);
2022-10-10 13:48:04.472  INFO 3923 --- [    Test worker] p6spy                                    : #1665377284472 | took 0ms | statement | connection 23| url jdbc:h2:mem:6a3784ae-1aa6-4bbf-b617-4d4aeabcc2af
insert into member_spot (member_id, score, spot_id, member_spot_id) values (?, ?, ?, ?)
insert into member_spot (member_id, score, spot_id, member_spot_id) values (15, 0.0, 395, 1372);
2022-10-10 13:48:04.472  INFO 3923 --- [    Test worker] p6spy                                    : #1665377284472 | took 0ms | statement | connection 23| url jdbc:h2:mem:6a3784ae-1aa6-4bbf-b617-4d4aeabcc2af
insert into review (content, spot_id, review_id) values (?, ?, ?)
insert into review (content, spot_id, review_id) values ('java.io.StringReader@76f51ce2', 369, 331);
2022-10-10 13:48:04.472  INFO 3923 --- [    Test worker] p6spy                                    : #1665377284472 | took 0ms | statement | connection 23| url jdbc:h2:mem:6a3784ae-1aa6-4bbf-b617-4d4aeabcc2af
insert into favorite_spot (count, favorite_id, spot_id, favorite_spot_id) values (?, ?, ?, ?)
insert into favorite_spot (count, favorite_id, spot_id, favorite_spot_id) values (0, 37, 395, 334);
2022-10-10 13:48:04.472  INFO 3923 --- [    Test worker] p6spy                                    : #1665377284472 | took 0ms | statement | connection 23| url jdbc:h2:mem:6a3784ae-1aa6-4bbf-b617-4d4aeabcc2af
insert into score (facility_rank, facility_score, price_rank, price_score, rank_average, surround_rank, surround_score, view_rank, view_score, score_id) values (?, ?, ?, ?, ?, ?, ?, ?, ?, ?)
insert into score (facility_rank, facility_score, price_rank, price_score, rank_average, surround_rank, surround_score, view_rank, view_score, score_id) values (5.656923114384896, 5.424003027676304, 7.249494232324816, 5.267964184885729, 5.831664701986892, 6.778155518002027, 5.834273564461067, 3.727494844621769, 8.392883197696282, 330);
2022-10-10 13:48:04.472  INFO 3923 --- [    Test worker] p6spy                                    : #1665377284472 | took 0ms | statement | connection 23| url jdbc:h2:mem:6a3784ae-1aa6-4bbf-b617-4d4aeabcc2af
insert into picture (spot_id, url, picture_id) values (?, ?, ?)
insert into picture (spot_id, url, picture_id) values (NULL, 'java.io.StringReader@1cc3d12', 1373);
2022-10-10 13:48:04.472  INFO 3923 --- [    Test worker] p6spy                                    : #1665377284472 | took 0ms | statement | connection 23| url jdbc:h2:mem:6a3784ae-1aa6-4bbf-b617-4d4aeabcc2af
insert into picture (spot_id, url, picture_id) values (?, ?, ?)
insert into picture (spot_id, url, picture_id) values (NULL, 'java.io.StringReader@2179e280', 1374);
2022-10-10 13:48:04.472  INFO 3923 --- [    Test worker] p6spy                                    : #1665377284472 | took 0ms | statement | connection 23| url jdbc:h2:mem:6a3784ae-1aa6-4bbf-b617-4d4aeabcc2af
insert into picture (spot_id, url, picture_id) values (?, ?, ?)
insert into picture (spot_id, url, picture_id) values (NULL, 'java.io.StringReader@c33419d', 1375);
2022-10-10 13:48:04.472  INFO 3923 --- [    Test worker] p6spy                                    : #1665377284472 | took 0ms | statement | connection 23| url jdbc:h2:mem:6a3784ae-1aa6-4bbf-b617-4d4aeabcc2af
insert into spot (address, description, location, name, score_id, spot_id) values (?, ?, ?, ?, ?, ?)
insert into spot (address, description, location, name, score_id, spot_id) values (NULL, NULL, 'Aewol_eup', NULL, 330, 396);
2022-10-10 13:48:04.472  INFO 3923 --- [    Test worker] p6spy                                    : #1665377284472 | took 0ms | statement | connection 23| url jdbc:h2:mem:6a3784ae-1aa6-4bbf-b617-4d4aeabcc2af
insert into member_spot (member_id, score, spot_id, member_spot_id) values (?, ?, ?, ?)
insert into member_spot (member_id, score, spot_id, member_spot_id) values (15, 0.0, 396, 1376);
2022-10-10 13:48:04.472  INFO 3923 --- [    Test worker] p6spy                                    : #1665377284472 | took 0ms | statement | connection 23| url jdbc:h2:mem:6a3784ae-1aa6-4bbf-b617-4d4aeabcc2af
insert into review (content, spot_id, review_id) values (?, ?, ?)
insert into review (content, spot_id, review_id) values ('java.io.StringReader@27bda972', 369, 332);
2022-10-10 13:48:04.473  INFO 3923 --- [    Test worker] p6spy                                    : #1665377284473 | took 0ms | statement | connection 23| url jdbc:h2:mem:6a3784ae-1aa6-4bbf-b617-4d4aeabcc2af
insert into score (facility_rank, facility_score, price_rank, price_score, rank_average, surround_rank, surround_score, view_rank, view_score, score_id) values (?, ?, ?, ?, ?, ?, ?, ?, ?, ?)
insert into score (facility_rank, facility_score, price_rank, price_score, rank_average, surround_rank, surround_score, view_rank, view_score, score_id) values (6.113704126294822, 0.7772322110083196, 1.8279729412944068, 2.0576797835540397, 1.2317092737903257, 5.4972302886069215, 0.609302086577177, 0.37327938234939184, 9.393798852469125, 331);
2022-10-10 13:48:04.473  INFO 3923 --- [    Test worker] p6spy                                    : #1665377284473 | took 0ms | statement | connection 23| url jdbc:h2:mem:6a3784ae-1aa6-4bbf-b617-4d4aeabcc2af
insert into picture (spot_id, url, picture_id) values (?, ?, ?)
insert into picture (spot_id, url, picture_id) values (NULL, 'java.io.StringReader@639e05e3', 1377);
2022-10-10 13:48:04.473  INFO 3923 --- [    Test worker] p6spy                                    : #1665377284473 | took 0ms | statement | connection 23| url jdbc:h2:mem:6a3784ae-1aa6-4bbf-b617-4d4aeabcc2af
insert into picture (spot_id, url, picture_id) values (?, ?, ?)
insert into picture (spot_id, url, picture_id) values (NULL, 'java.io.StringReader@45c1455', 1378);
2022-10-10 13:48:04.473  INFO 3923 --- [    Test worker] p6spy                                    : #1665377284473 | took 0ms | statement | connection 23| url jdbc:h2:mem:6a3784ae-1aa6-4bbf-b617-4d4aeabcc2af
insert into picture (spot_id, url, picture_id) values (?, ?, ?)
insert into picture (spot_id, url, picture_id) values (NULL, 'java.io.StringReader@28d52ecb', 1379);
2022-10-10 13:48:04.473  INFO 3923 --- [    Test worker] p6spy                                    : #1665377284473 | took 0ms | statement | connection 23| url jdbc:h2:mem:6a3784ae-1aa6-4bbf-b617-4d4aeabcc2af
insert into spot (address, description, location, name, score_id, spot_id) values (?, ?, ?, ?, ?, ?)
insert into spot (address, description, location, name, score_id, spot_id) values (NULL, NULL, 'Aewol_eup', NULL, 331, 397);
2022-10-10 13:48:04.473  INFO 3923 --- [    Test worker] p6spy                                    : #1665377284473 | took 0ms | statement | connection 23| url jdbc:h2:mem:6a3784ae-1aa6-4bbf-b617-4d4aeabcc2af
insert into member_spot (member_id, score, spot_id, member_spot_id) values (?, ?, ?, ?)
insert into member_spot (member_id, score, spot_id, member_spot_id) values (15, 0.0, 397, 1380);
2022-10-10 13:48:04.473  INFO 3923 --- [    Test worker] p6spy                                    : #1665377284473 | took 0ms | statement | connection 23| url jdbc:h2:mem:6a3784ae-1aa6-4bbf-b617-4d4aeabcc2af
insert into review (content, spot_id, review_id) values (?, ?, ?)
insert into review (content, spot_id, review_id) values ('java.io.StringReader@459e7774', 369, 333);
2022-10-10 13:48:04.473  INFO 3923 --- [    Test worker] p6spy                                    : #1665377284473 | took 0ms | statement | connection 23| url jdbc:h2:mem:6a3784ae-1aa6-4bbf-b617-4d4aeabcc2af
insert into favorite_spot (count, favorite_id, spot_id, favorite_spot_id) values (?, ?, ?, ?)
insert into favorite_spot (count, favorite_id, spot_id, favorite_spot_id) values (0, 37, 397, 335);
2022-10-10 13:48:04.473  INFO 3923 --- [    Test worker] p6spy                                    : #1665377284473 | took 0ms | statement | connection 23| url jdbc:h2:mem:6a3784ae-1aa6-4bbf-b617-4d4aeabcc2af
insert into score (facility_rank, facility_score, price_rank, price_score, rank_average, surround_rank, surround_score, view_rank, view_score, score_id) values (?, ?, ?, ?, ?, ?, ?, ?, ?, ?)
insert into score (facility_rank, facility_score, price_rank, price_score, rank_average, surround_rank, surround_score, view_rank, view_score, score_id) values (6.574882937995033, 4.441981788917483, 5.518274233570027, 7.903686181789229, 5.0582372172104755, 0.8261294753859671, 3.752100573983509, 7.92380154660096, 8.128112316345005, 332);
2022-10-10 13:48:04.473  INFO 3923 --- [    Test worker] p6spy                                    : #1665377284473 | took 0ms | statement | connection 23| url jdbc:h2:mem:6a3784ae-1aa6-4bbf-b617-4d4aeabcc2af
insert into picture (spot_id, url, picture_id) values (?, ?, ?)
insert into picture (spot_id, url, picture_id) values (NULL, 'java.io.StringReader@5dbc262c', 1381);
2022-10-10 13:48:04.473  INFO 3923 --- [    Test worker] p6spy                                    : #1665377284473 | took 0ms | statement | connection 23| url jdbc:h2:mem:6a3784ae-1aa6-4bbf-b617-4d4aeabcc2af
insert into picture (spot_id, url, picture_id) values (?, ?, ?)
insert into picture (spot_id, url, picture_id) values (NULL, 'java.io.StringReader@29bbbcd7', 1382);
2022-10-10 13:48:04.473  INFO 3923 --- [    Test worker] p6spy                                    : #1665377284473 | took 0ms | statement | connection 23| url jdbc:h2:mem:6a3784ae-1aa6-4bbf-b617-4d4aeabcc2af
insert into picture (spot_id, url, picture_id) values (?, ?, ?)
insert into picture (spot_id, url, picture_id) values (NULL, 'java.io.StringReader@d725e10', 1383);
2022-10-10 13:48:04.473  INFO 3923 --- [    Test worker] p6spy                                    : #1665377284473 | took 0ms | statement | connection 23| url jdbc:h2:mem:6a3784ae-1aa6-4bbf-b617-4d4aeabcc2af
insert into spot (address, description, location, name, score_id, spot_id) values (?, ?, ?, ?, ?, ?)
insert into spot (address, description, location, name, score_id, spot_id) values (NULL, NULL, 'Aewol_eup', NULL, 332, 398);
2022-10-10 13:48:04.473  INFO 3923 --- [    Test worker] p6spy                                    : #1665377284473 | took 0ms | statement | connection 23| url jdbc:h2:mem:6a3784ae-1aa6-4bbf-b617-4d4aeabcc2af
insert into member_spot (member_id, score, spot_id, member_spot_id) values (?, ?, ?, ?)
insert into member_spot (member_id, score, spot_id, member_spot_id) values (15, 0.0, 398, 1384);
2022-10-10 13:48:04.473  INFO 3923 --- [    Test worker] p6spy                                    : #1665377284473 | took 0ms | statement | connection 23| url jdbc:h2:mem:6a3784ae-1aa6-4bbf-b617-4d4aeabcc2af
insert into review (content, spot_id, review_id) values (?, ?, ?)
insert into review (content, spot_id, review_id) values ('java.io.StringReader@16cb3161', 369, 334);
2022-10-10 13:48:04.473  INFO 3923 --- [    Test worker] p6spy                                    : #1665377284473 | took 0ms | statement | connection 23| url jdbc:h2:mem:6a3784ae-1aa6-4bbf-b617-4d4aeabcc2af
insert into score (facility_rank, facility_score, price_rank, price_score, rank_average, surround_rank, surround_score, view_rank, view_score, score_id) values (?, ?, ?, ?, ?, ?, ?, ?, ?, ?)
insert into score (facility_rank, facility_score, price_rank, price_score, rank_average, surround_rank, surround_score, view_rank, view_score, score_id) values (6.89535546903871, 7.763181435479446, 9.637428010689074, 0.3497063203937356, 6.9194914544126025, 3.2783168123060324, 7.291743548407517, 2.8771208735409113, 1.1976126294922862, 333);
2022-10-10 13:48:04.473  INFO 3923 --- [    Test worker] p6spy                                    : #1665377284473 | took 0ms | statement | connection 23| url jdbc:h2:mem:6a3784ae-1aa6-4bbf-b617-4d4aeabcc2af
insert into picture (spot_id, url, picture_id) values (?, ?, ?)
insert into picture (spot_id, url, picture_id) values (NULL, 'java.io.StringReader@53795bd6', 1385);
2022-10-10 13:48:04.473  INFO 3923 --- [    Test worker] p6spy                                    : #1665377284473 | took 0ms | statement | connection 23| url jdbc:h2:mem:6a3784ae-1aa6-4bbf-b617-4d4aeabcc2af
insert into picture (spot_id, url, picture_id) values (?, ?, ?)
insert into picture (spot_id, url, picture_id) values (NULL, 'java.io.StringReader@70aeaa13', 1386);
2022-10-10 13:48:04.473  INFO 3923 --- [    Test worker] p6spy                                    : #1665377284473 | took 0ms | statement | connection 23| url jdbc:h2:mem:6a3784ae-1aa6-4bbf-b617-4d4aeabcc2af
insert into picture (spot_id, url, picture_id) values (?, ?, ?)
insert into picture (spot_id, url, picture_id) values (NULL, 'java.io.StringReader@41b5ad5f', 1387);
2022-10-10 13:48:04.473  INFO 3923 --- [    Test worker] p6spy                                    : #1665377284473 | took 0ms | statement | connection 23| url jdbc:h2:mem:6a3784ae-1aa6-4bbf-b617-4d4aeabcc2af
insert into spot (address, description, location, name, score_id, spot_id) values (?, ?, ?, ?, ?, ?)
insert into spot (address, description, location, name, score_id, spot_id) values (NULL, NULL, 'Aewol_eup', NULL, 333, 399);
2022-10-10 13:48:04.473  INFO 3923 --- [    Test worker] p6spy                                    : #1665377284473 | took 0ms | statement | connection 23| url jdbc:h2:mem:6a3784ae-1aa6-4bbf-b617-4d4aeabcc2af
insert into member_spot (member_id, score, spot_id, member_spot_id) values (?, ?, ?, ?)
insert into member_spot (member_id, score, spot_id, member_spot_id) values (15, 0.0, 399, 1388);
2022-10-10 13:48:04.473  INFO 3923 --- [    Test worker] p6spy                                    : #1665377284473 | took 0ms | statement | connection 23| url jdbc:h2:mem:6a3784ae-1aa6-4bbf-b617-4d4aeabcc2af
insert into review (content, spot_id, review_id) values (?, ?, ?)
insert into review (content, spot_id, review_id) values ('java.io.StringReader@692b6703', 369, 335);
2022-10-10 13:48:04.473  INFO 3923 --- [    Test worker] p6spy                                    : #1665377284473 | took 0ms | statement | connection 23| url jdbc:h2:mem:6a3784ae-1aa6-4bbf-b617-4d4aeabcc2af
insert into favorite_spot (count, favorite_id, spot_id, favorite_spot_id) values (?, ?, ?, ?)
insert into favorite_spot (count, favorite_id, spot_id, favorite_spot_id) values (0, 37, 399, 336);
2022-10-10 13:48:04.473  INFO 3923 --- [    Test worker] p6spy                                    : #1665377284473 | took 0ms | statement | connection 23| url jdbc:h2:mem:6a3784ae-1aa6-4bbf-b617-4d4aeabcc2af
insert into score (facility_rank, facility_score, price_rank, price_score, rank_average, surround_rank, surround_score, view_rank, view_score, score_id) values (?, ?, ?, ?, ?, ?, ?, ?, ?, ?)
insert into score (facility_rank, facility_score, price_rank, price_score, rank_average, surround_rank, surround_score, view_rank, view_score, score_id) values (7.836166850817178, 6.849612533623369, 8.40292587464931, 9.713810121147786, 7.900247443100449, 6.820886742861668, 7.2476259067403515, 6.646701437168891, 8.306836365443031, 334);
2022-10-10 13:48:04.473  INFO 3923 --- [    Test worker] p6spy                                    : #1665377284473 | took 0ms | statement | connection 23| url jdbc:h2:mem:6a3784ae-1aa6-4bbf-b617-4d4aeabcc2af
insert into picture (spot_id, url, picture_id) values (?, ?, ?)
insert into picture (spot_id, url, picture_id) values (NULL, 'java.io.StringReader@41ad05d0', 1389);
2022-10-10 13:48:04.473  INFO 3923 --- [    Test worker] p6spy                                    : #1665377284473 | took 0ms | statement | connection 23| url jdbc:h2:mem:6a3784ae-1aa6-4bbf-b617-4d4aeabcc2af
insert into picture (spot_id, url, picture_id) values (?, ?, ?)
insert into picture (spot_id, url, picture_id) values (NULL, 'java.io.StringReader@546adc8f', 1390);
2022-10-10 13:48:04.473  INFO 3923 --- [    Test worker] p6spy                                    : #1665377284473 | took 0ms | statement | connection 23| url jdbc:h2:mem:6a3784ae-1aa6-4bbf-b617-4d4aeabcc2af
insert into picture (spot_id, url, picture_id) values (?, ?, ?)
insert into picture (spot_id, url, picture_id) values (NULL, 'java.io.StringReader@4c7b06f7', 1391);
2022-10-10 13:48:04.473  INFO 3923 --- [    Test worker] p6spy                                    : #1665377284473 | took 0ms | statement | connection 23| url jdbc:h2:mem:6a3784ae-1aa6-4bbf-b617-4d4aeabcc2af
insert into spot (address, description, location, name, score_id, spot_id) values (?, ?, ?, ?, ?, ?)
insert into spot (address, description, location, name, score_id, spot_id) values (NULL, NULL, 'Aewol_eup', NULL, 334, 400);
2022-10-10 13:48:04.473  INFO 3923 --- [    Test worker] p6spy                                    : #1665377284473 | took 0ms | statement | connection 23| url jdbc:h2:mem:6a3784ae-1aa6-4bbf-b617-4d4aeabcc2af
insert into member_spot (member_id, score, spot_id, member_spot_id) values (?, ?, ?, ?)
insert into member_spot (member_id, score, spot_id, member_spot_id) values (15, 0.0, 400, 1392);
2022-10-10 13:48:04.473  INFO 3923 --- [    Test worker] p6spy                                    : #1665377284473 | took 0ms | statement | connection 23| url jdbc:h2:mem:6a3784ae-1aa6-4bbf-b617-4d4aeabcc2af
insert into review (content, spot_id, review_id) values (?, ?, ?)
insert into review (content, spot_id, review_id) values ('java.io.StringReader@a026d6', 369, 336);
2022-10-10 13:48:04.473  INFO 3923 --- [    Test worker] p6spy                                    : #1665377284473 | took 0ms | statement | connection 23| url jdbc:h2:mem:6a3784ae-1aa6-4bbf-b617-4d4aeabcc2af
insert into score (facility_rank, facility_score, price_rank, price_score, rank_average, surround_rank, surround_score, view_rank, view_score, score_id) values (?, ?, ?, ?, ?, ?, ?, ?, ?, ?)
insert into score (facility_rank, facility_score, price_rank, price_score, rank_average, surround_rank, surround_score, view_rank, view_score, score_id) values (6.329427922433344, 2.972513740932683, 6.727326498401263, 7.2150932083211385, 5.419864763790643, 7.625953942574268, 0.06688439181869787, 8.939077229203571, 7.788740060577779, 335);
2022-10-10 13:48:04.473  INFO 3923 --- [    Test worker] p6spy                                    : #1665377284473 | took 0ms | statement | connection 23| url jdbc:h2:mem:6a3784ae-1aa6-4bbf-b617-4d4aeabcc2af
insert into picture (spot_id, url, picture_id) values (?, ?, ?)
insert into picture (spot_id, url, picture_id) values (NULL, 'java.io.StringReader@2a19df5a', 1393);
2022-10-10 13:48:04.473  INFO 3923 --- [    Test worker] p6spy                                    : #1665377284473 | took 0ms | statement | connection 23| url jdbc:h2:mem:6a3784ae-1aa6-4bbf-b617-4d4aeabcc2af
insert into picture (spot_id, url, picture_id) values (?, ?, ?)
insert into picture (spot_id, url, picture_id) values (NULL, 'java.io.StringReader@455cd236', 1394);
2022-10-10 13:48:04.473  INFO 3923 --- [    Test worker] p6spy                                    : #1665377284473 | took 0ms | statement | connection 23| url jdbc:h2:mem:6a3784ae-1aa6-4bbf-b617-4d4aeabcc2af
insert into picture (spot_id, url, picture_id) values (?, ?, ?)
insert into picture (spot_id, url, picture_id) values (NULL, 'java.io.StringReader@542e3b11', 1395);
2022-10-10 13:48:04.473  INFO 3923 --- [    Test worker] p6spy                                    : #1665377284473 | took 0ms | statement | connection 23| url jdbc:h2:mem:6a3784ae-1aa6-4bbf-b617-4d4aeabcc2af
insert into spot (address, description, location, name, score_id, spot_id) values (?, ?, ?, ?, ?, ?)
insert into spot (address, description, location, name, score_id, spot_id) values (NULL, NULL, 'Aewol_eup', NULL, 335, 401);
2022-10-10 13:48:04.473  INFO 3923 --- [    Test worker] p6spy                                    : #1665377284473 | took 0ms | statement | connection 23| url jdbc:h2:mem:6a3784ae-1aa6-4bbf-b617-4d4aeabcc2af
insert into member_spot (member_id, score, spot_id, member_spot_id) values (?, ?, ?, ?)
insert into member_spot (member_id, score, spot_id, member_spot_id) values (15, 0.0, 401, 1396);
2022-10-10 13:48:04.473  INFO 3923 --- [    Test worker] p6spy                                    : #1665377284473 | took 0ms | statement | connection 23| url jdbc:h2:mem:6a3784ae-1aa6-4bbf-b617-4d4aeabcc2af
insert into review (content, spot_id, review_id) values (?, ?, ?)
insert into review (content, spot_id, review_id) values ('java.io.StringReader@4269290a', 369, 337);
2022-10-10 13:48:04.473  INFO 3923 --- [    Test worker] p6spy                                    : #1665377284473 | took 0ms | statement | connection 23| url jdbc:h2:mem:6a3784ae-1aa6-4bbf-b617-4d4aeabcc2af
insert into favorite_spot (count, favorite_id, spot_id, favorite_spot_id) values (?, ?, ?, ?)
insert into favorite_spot (count, favorite_id, spot_id, favorite_spot_id) values (0, 37, 401, 337);
2022-10-10 13:48:04.473  INFO 3923 --- [    Test worker] p6spy                                    : #1665377284473 | took 0ms | statement | connection 23| url jdbc:h2:mem:6a3784ae-1aa6-4bbf-b617-4d4aeabcc2af
insert into score (facility_rank, facility_score, price_rank, price_score, rank_average, surround_rank, surround_score, view_rank, view_score, score_id) values (?, ?, ?, ?, ?, ?, ?, ?, ?, ?)
insert into score (facility_rank, facility_score, price_rank, price_score, rank_average, surround_rank, surround_score, view_rank, view_score, score_id) values (7.752675920746467, 5.9119103795204895, 7.48858927081204, 0.9125516874451178, 8.862659235541578, 2.4650129331999215, 3.5110481825461317, 9.837413225864074, 9.581146395833978, 336);
2022-10-10 13:48:04.473  INFO 3923 --- [    Test worker] p6spy                                    : #1665377284473 | took 0ms | statement | connection 23| url jdbc:h2:mem:6a3784ae-1aa6-4bbf-b617-4d4aeabcc2af
insert into picture (spot_id, url, picture_id) values (?, ?, ?)
insert into picture (spot_id, url, picture_id) values (NULL, 'java.io.StringReader@1fbdd357', 1397);
2022-10-10 13:48:04.473  INFO 3923 --- [    Test worker] p6spy                                    : #1665377284473 | took 0ms | statement | connection 23| url jdbc:h2:mem:6a3784ae-1aa6-4bbf-b617-4d4aeabcc2af
insert into picture (spot_id, url, picture_id) values (?, ?, ?)
insert into picture (spot_id, url, picture_id) values (NULL, 'java.io.StringReader@227f3bb7', 1398);
2022-10-10 13:48:04.473  INFO 3923 --- [    Test worker] p6spy                                    : #1665377284473 | took 0ms | statement | connection 23| url jdbc:h2:mem:6a3784ae-1aa6-4bbf-b617-4d4aeabcc2af
insert into picture (spot_id, url, picture_id) values (?, ?, ?)
insert into picture (spot_id, url, picture_id) values (NULL, 'java.io.StringReader@68c72e82', 1399);
2022-10-10 13:48:04.473  INFO 3923 --- [    Test worker] p6spy                                    : #1665377284473 | took 0ms | statement | connection 23| url jdbc:h2:mem:6a3784ae-1aa6-4bbf-b617-4d4aeabcc2af
insert into spot (address, description, location, name, score_id, spot_id) values (?, ?, ?, ?, ?, ?)
insert into spot (address, description, location, name, score_id, spot_id) values (NULL, NULL, 'Aewol_eup', NULL, 336, 402);
2022-10-10 13:48:04.474  INFO 3923 --- [    Test worker] p6spy                                    : #1665377284474 | took 0ms | statement | connection 23| url jdbc:h2:mem:6a3784ae-1aa6-4bbf-b617-4d4aeabcc2af
insert into member_spot (member_id, score, spot_id, member_spot_id) values (?, ?, ?, ?)
insert into member_spot (member_id, score, spot_id, member_spot_id) values (15, 0.0, 402, 1400);
2022-10-10 13:48:04.474  INFO 3923 --- [    Test worker] p6spy                                    : #1665377284474 | took 0ms | statement | connection 23| url jdbc:h2:mem:6a3784ae-1aa6-4bbf-b617-4d4aeabcc2af
insert into review (content, spot_id, review_id) values (?, ?, ?)
insert into review (content, spot_id, review_id) values ('java.io.StringReader@4c9749bb', 369, 338);
2022-10-10 13:48:04.474  INFO 3923 --- [    Test worker] p6spy                                    : #1665377284474 | took 0ms | statement | connection 23| url jdbc:h2:mem:6a3784ae-1aa6-4bbf-b617-4d4aeabcc2af
insert into score (facility_rank, facility_score, price_rank, price_score, rank_average, surround_rank, surround_score, view_rank, view_score, score_id) values (?, ?, ?, ?, ?, ?, ?, ?, ?, ?)
insert into score (facility_rank, facility_score, price_rank, price_score, rank_average, surround_rank, surround_score, view_rank, view_score, score_id) values (6.888476210935211, 3.151463168277667, 7.817424064545365, 9.537712769660233, 8.500433335502223, 5.074856635284296, 7.518562704446458, 9.889139132727141, 0.5393652334826482, 337);
2022-10-10 13:48:04.474  INFO 3923 --- [    Test worker] p6spy                                    : #1665377284474 | took 0ms | statement | connection 23| url jdbc:h2:mem:6a3784ae-1aa6-4bbf-b617-4d4aeabcc2af
insert into picture (spot_id, url, picture_id) values (?, ?, ?)
insert into picture (spot_id, url, picture_id) values (NULL, 'java.io.StringReader@24b4e02e', 1401);
2022-10-10 13:48:04.474  INFO 3923 --- [    Test worker] p6spy                                    : #1665377284474 | took 0ms | statement | connection 23| url jdbc:h2:mem:6a3784ae-1aa6-4bbf-b617-4d4aeabcc2af
insert into picture (spot_id, url, picture_id) values (?, ?, ?)
insert into picture (spot_id, url, picture_id) values (NULL, 'java.io.StringReader@257e1ecc', 1402);
2022-10-10 13:48:04.474  INFO 3923 --- [    Test worker] p6spy                                    : #1665377284474 | took 0ms | statement | connection 23| url jdbc:h2:mem:6a3784ae-1aa6-4bbf-b617-4d4aeabcc2af
insert into picture (spot_id, url, picture_id) values (?, ?, ?)
insert into picture (spot_id, url, picture_id) values (NULL, 'java.io.StringReader@51348a1b', 1403);
2022-10-10 13:48:04.474  INFO 3923 --- [    Test worker] p6spy                                    : #1665377284474 | took 0ms | statement | connection 23| url jdbc:h2:mem:6a3784ae-1aa6-4bbf-b617-4d4aeabcc2af
insert into spot (address, description, location, name, score_id, spot_id) values (?, ?, ?, ?, ?, ?)
insert into spot (address, description, location, name, score_id, spot_id) values (NULL, NULL, 'Aewol_eup', NULL, 337, 403);
2022-10-10 13:48:04.474  INFO 3923 --- [    Test worker] p6spy                                    : #1665377284474 | took 0ms | statement | connection 23| url jdbc:h2:mem:6a3784ae-1aa6-4bbf-b617-4d4aeabcc2af
insert into member_spot (member_id, score, spot_id, member_spot_id) values (?, ?, ?, ?)
insert into member_spot (member_id, score, spot_id, member_spot_id) values (15, 0.0, 403, 1404);
2022-10-10 13:48:04.474  INFO 3923 --- [    Test worker] p6spy                                    : #1665377284474 | took 0ms | statement | connection 23| url jdbc:h2:mem:6a3784ae-1aa6-4bbf-b617-4d4aeabcc2af
insert into review (content, spot_id, review_id) values (?, ?, ?)
insert into review (content, spot_id, review_id) values ('java.io.StringReader@1869639d', 369, 339);
2022-10-10 13:48:04.474  INFO 3923 --- [    Test worker] p6spy                                    : #1665377284474 | took 0ms | statement | connection 23| url jdbc:h2:mem:6a3784ae-1aa6-4bbf-b617-4d4aeabcc2af
insert into favorite_spot (count, favorite_id, spot_id, favorite_spot_id) values (?, ?, ?, ?)
insert into favorite_spot (count, favorite_id, spot_id, favorite_spot_id) values (0, 37, 403, 338);
2022-10-10 13:48:04.474  INFO 3923 --- [    Test worker] p6spy                                    : #1665377284474 | took 0ms | statement | connection 23| url jdbc:h2:mem:6a3784ae-1aa6-4bbf-b617-4d4aeabcc2af
insert into score (facility_rank, facility_score, price_rank, price_score, rank_average, surround_rank, surround_score, view_rank, view_score, score_id) values (?, ?, ?, ?, ?, ?, ?, ?, ?, ?)
insert into score (facility_rank, facility_score, price_rank, price_score, rank_average, surround_rank, surround_score, view_rank, view_score, score_id) values (7.90803736068025, 2.6420796527417734, 2.35863354796239, 6.953413510783465, 5.62768232680039, 2.2572034749569116, 6.5618092895625635, 9.451761504326736, 0.07393812219132934, 338);
2022-10-10 13:48:04.474  INFO 3923 --- [    Test worker] p6spy                                    : #1665377284474 | took 0ms | statement | connection 23| url jdbc:h2:mem:6a3784ae-1aa6-4bbf-b617-4d4aeabcc2af
insert into picture (spot_id, url, picture_id) values (?, ?, ?)
insert into picture (spot_id, url, picture_id) values (NULL, 'java.io.StringReader@50bb6247', 1405);
2022-10-10 13:48:04.474  INFO 3923 --- [    Test worker] p6spy                                    : #1665377284474 | took 0ms | statement | connection 23| url jdbc:h2:mem:6a3784ae-1aa6-4bbf-b617-4d4aeabcc2af
insert into picture (spot_id, url, picture_id) values (?, ?, ?)
insert into picture (spot_id, url, picture_id) values (NULL, 'java.io.StringReader@1dd8abb0', 1406);
2022-10-10 13:48:04.474  INFO 3923 --- [    Test worker] p6spy                                    : #1665377284474 | took 0ms | statement | connection 23| url jdbc:h2:mem:6a3784ae-1aa6-4bbf-b617-4d4aeabcc2af
insert into picture (spot_id, url, picture_id) values (?, ?, ?)
insert into picture (spot_id, url, picture_id) values (NULL, 'java.io.StringReader@368ea8a3', 1407);
2022-10-10 13:48:04.474  INFO 3923 --- [    Test worker] p6spy                                    : #1665377284474 | took 0ms | statement | connection 23| url jdbc:h2:mem:6a3784ae-1aa6-4bbf-b617-4d4aeabcc2af
insert into spot (address, description, location, name, score_id, spot_id) values (?, ?, ?, ?, ?, ?)
insert into spot (address, description, location, name, score_id, spot_id) values (NULL, NULL, 'Aewol_eup', NULL, 338, 404);
2022-10-10 13:48:04.474  INFO 3923 --- [    Test worker] p6spy                                    : #1665377284474 | took 0ms | statement | connection 23| url jdbc:h2:mem:6a3784ae-1aa6-4bbf-b617-4d4aeabcc2af
insert into member_spot (member_id, score, spot_id, member_spot_id) values (?, ?, ?, ?)
insert into member_spot (member_id, score, spot_id, member_spot_id) values (15, 0.0, 404, 1408);
2022-10-10 13:48:04.474  INFO 3923 --- [    Test worker] p6spy                                    : #1665377284474 | took 0ms | statement | connection 23| url jdbc:h2:mem:6a3784ae-1aa6-4bbf-b617-4d4aeabcc2af
insert into review (content, spot_id, review_id) values (?, ?, ?)
insert into review (content, spot_id, review_id) values ('java.io.StringReader@1c8aad70', 369, 340);
2022-10-10 13:48:04.474  INFO 3923 --- [    Test worker] p6spy                                    : #1665377284474 | took 0ms | statement | connection 23| url jdbc:h2:mem:6a3784ae-1aa6-4bbf-b617-4d4aeabcc2af
insert into score (facility_rank, facility_score, price_rank, price_score, rank_average, surround_rank, surround_score, view_rank, view_score, score_id) values (?, ?, ?, ?, ?, ?, ?, ?, ?, ?)
insert into score (facility_rank, facility_score, price_rank, price_score, rank_average, surround_rank, surround_score, view_rank, view_score, score_id) values (6.408141227919208, 8.921006949422921, 8.407703178670626, 6.666628397688099, 7.439745974040319, 1.121902433692299, 8.284480561428689, 4.641420076253553, 4.524264752359633, 339);
2022-10-10 13:48:04.474  INFO 3923 --- [    Test worker] p6spy                                    : #1665377284474 | took 0ms | statement | connection 23| url jdbc:h2:mem:6a3784ae-1aa6-4bbf-b617-4d4aeabcc2af
insert into picture (spot_id, url, picture_id) values (?, ?, ?)
insert into picture (spot_id, url, picture_id) values (NULL, 'java.io.StringReader@e0e9e5e', 1409);
2022-10-10 13:48:04.474  INFO 3923 --- [    Test worker] p6spy                                    : #1665377284474 | took 0ms | statement | connection 23| url jdbc:h2:mem:6a3784ae-1aa6-4bbf-b617-4d4aeabcc2af
insert into picture (spot_id, url, picture_id) values (?, ?, ?)
insert into picture (spot_id, url, picture_id) values (NULL, 'java.io.StringReader@1bfcf859', 1410);
2022-10-10 13:48:04.474  INFO 3923 --- [    Test worker] p6spy                                    : #1665377284474 | took 0ms | statement | connection 23| url jdbc:h2:mem:6a3784ae-1aa6-4bbf-b617-4d4aeabcc2af
insert into picture (spot_id, url, picture_id) values (?, ?, ?)
insert into picture (spot_id, url, picture_id) values (NULL, 'java.io.StringReader@6a7581c9', 1411);
2022-10-10 13:48:04.474  INFO 3923 --- [    Test worker] p6spy                                    : #1665377284474 | took 0ms | statement | connection 23| url jdbc:h2:mem:6a3784ae-1aa6-4bbf-b617-4d4aeabcc2af
insert into spot (address, description, location, name, score_id, spot_id) values (?, ?, ?, ?, ?, ?)
insert into spot (address, description, location, name, score_id, spot_id) values (NULL, NULL, 'Aewol_eup', NULL, 339, 405);
2022-10-10 13:48:04.474  INFO 3923 --- [    Test worker] p6spy                                    : #1665377284474 | took 0ms | statement | connection 23| url jdbc:h2:mem:6a3784ae-1aa6-4bbf-b617-4d4aeabcc2af
insert into member_spot (member_id, score, spot_id, member_spot_id) values (?, ?, ?, ?)
insert into member_spot (member_id, score, spot_id, member_spot_id) values (15, 0.0, 405, 1412);
2022-10-10 13:48:04.474  INFO 3923 --- [    Test worker] p6spy                                    : #1665377284474 | took 0ms | statement | connection 23| url jdbc:h2:mem:6a3784ae-1aa6-4bbf-b617-4d4aeabcc2af
insert into review (content, spot_id, review_id) values (?, ?, ?)
insert into review (content, spot_id, review_id) values ('java.io.StringReader@2c65a61e', 369, 341);
2022-10-10 13:48:04.474  INFO 3923 --- [    Test worker] p6spy                                    : #1665377284474 | took 0ms | statement | connection 23| url jdbc:h2:mem:6a3784ae-1aa6-4bbf-b617-4d4aeabcc2af
insert into favorite_spot (count, favorite_id, spot_id, favorite_spot_id) values (?, ?, ?, ?)
insert into favorite_spot (count, favorite_id, spot_id, favorite_spot_id) values (0, 37, 405, 339);
2022-10-10 13:48:04.474  INFO 3923 --- [    Test worker] p6spy                                    : #1665377284474 | took 0ms | statement | connection 23| url jdbc:h2:mem:6a3784ae-1aa6-4bbf-b617-4d4aeabcc2af
insert into score (facility_rank, facility_score, price_rank, price_score, rank_average, surround_rank, surround_score, view_rank, view_score, score_id) values (?, ?, ?, ?, ?, ?, ?, ?, ?, ?)
insert into score (facility_rank, facility_score, price_rank, price_score, rank_average, surround_rank, surround_score, view_rank, view_score, score_id) values (3.5633499911431663, 7.334545568643022, 6.947825618186031, 2.631151450958452, 1.8042086135756574, 7.113836936818927, 1.8068726797540668, 8.639077673845128, 5.827092919149544, 340);
2022-10-10 13:48:04.474  INFO 3923 --- [    Test worker] p6spy                                    : #1665377284474 | took 0ms | statement | connection 23| url jdbc:h2:mem:6a3784ae-1aa6-4bbf-b617-4d4aeabcc2af
insert into picture (spot_id, url, picture_id) values (?, ?, ?)
insert into picture (spot_id, url, picture_id) values (NULL, 'java.io.StringReader@651a020a', 1413);
2022-10-10 13:48:04.474  INFO 3923 --- [    Test worker] p6spy                                    : #1665377284474 | took 0ms | statement | connection 23| url jdbc:h2:mem:6a3784ae-1aa6-4bbf-b617-4d4aeabcc2af
insert into picture (spot_id, url, picture_id) values (?, ?, ?)
insert into picture (spot_id, url, picture_id) values (NULL, 'java.io.StringReader@2f43b557', 1414);
2022-10-10 13:48:04.474  INFO 3923 --- [    Test worker] p6spy                                    : #1665377284474 | took 0ms | statement | connection 23| url jdbc:h2:mem:6a3784ae-1aa6-4bbf-b617-4d4aeabcc2af
insert into picture (spot_id, url, picture_id) values (?, ?, ?)
insert into picture (spot_id, url, picture_id) values (NULL, 'java.io.StringReader@4a778615', 1415);
2022-10-10 13:48:04.474  INFO 3923 --- [    Test worker] p6spy                                    : #1665377284474 | took 0ms | statement | connection 23| url jdbc:h2:mem:6a3784ae-1aa6-4bbf-b617-4d4aeabcc2af
insert into spot (address, description, location, name, score_id, spot_id) values (?, ?, ?, ?, ?, ?)
insert into spot (address, description, location, name, score_id, spot_id) values (NULL, NULL, 'Aewol_eup', NULL, 340, 406);
2022-10-10 13:48:04.474  INFO 3923 --- [    Test worker] p6spy                                    : #1665377284474 | took 0ms | statement | connection 23| url jdbc:h2:mem:6a3784ae-1aa6-4bbf-b617-4d4aeabcc2af
insert into member_spot (member_id, score, spot_id, member_spot_id) values (?, ?, ?, ?)
insert into member_spot (member_id, score, spot_id, member_spot_id) values (15, 0.0, 406, 1416);
2022-10-10 13:48:04.474  INFO 3923 --- [    Test worker] p6spy                                    : #1665377284474 | took 0ms | statement | connection 23| url jdbc:h2:mem:6a3784ae-1aa6-4bbf-b617-4d4aeabcc2af
insert into review (content, spot_id, review_id) values (?, ?, ?)
insert into review (content, spot_id, review_id) values ('java.io.StringReader@277c87e5', 369, 342);
2022-10-10 13:48:04.474  INFO 3923 --- [    Test worker] p6spy                                    : #1665377284474 | took 0ms | statement | connection 23| url jdbc:h2:mem:6a3784ae-1aa6-4bbf-b617-4d4aeabcc2af
insert into score (facility_rank, facility_score, price_rank, price_score, rank_average, surround_rank, surround_score, view_rank, view_score, score_id) values (?, ?, ?, ?, ?, ?, ?, ?, ?, ?)
insert into score (facility_rank, facility_score, price_rank, price_score, rank_average, surround_rank, surround_score, view_rank, view_score, score_id) values (1.4671912312506974, 3.096959766692641, 9.434750613741329, 1.7994995333126018, 8.94847933282821, 8.456795427112683, 4.859816744763763, 2.969620313037203, 0.04565232030997124, 341);
2022-10-10 13:48:04.474  INFO 3923 --- [    Test worker] p6spy                                    : #1665377284474 | took 0ms | statement | connection 23| url jdbc:h2:mem:6a3784ae-1aa6-4bbf-b617-4d4aeabcc2af
insert into picture (spot_id, url, picture_id) values (?, ?, ?)
insert into picture (spot_id, url, picture_id) values (NULL, 'java.io.StringReader@5d1f854f', 1417);
2022-10-10 13:48:04.474  INFO 3923 --- [    Test worker] p6spy                                    : #1665377284474 | took 0ms | statement | connection 23| url jdbc:h2:mem:6a3784ae-1aa6-4bbf-b617-4d4aeabcc2af
insert into picture (spot_id, url, picture_id) values (?, ?, ?)
insert into picture (spot_id, url, picture_id) values (NULL, 'java.io.StringReader@24991011', 1418);
2022-10-10 13:48:04.474  INFO 3923 --- [    Test worker] p6spy                                    : #1665377284474 | took 0ms | statement | connection 23| url jdbc:h2:mem:6a3784ae-1aa6-4bbf-b617-4d4aeabcc2af
insert into picture (spot_id, url, picture_id) values (?, ?, ?)
insert into picture (spot_id, url, picture_id) values (NULL, 'java.io.StringReader@4af7d349', 1419);
2022-10-10 13:48:04.474  INFO 3923 --- [    Test worker] p6spy                                    : #1665377284474 | took 0ms | statement | connection 23| url jdbc:h2:mem:6a3784ae-1aa6-4bbf-b617-4d4aeabcc2af
insert into spot (address, description, location, name, score_id, spot_id) values (?, ?, ?, ?, ?, ?)
insert into spot (address, description, location, name, score_id, spot_id) values (NULL, NULL, 'Aewol_eup', NULL, 341, 407);
2022-10-10 13:48:04.474  INFO 3923 --- [    Test worker] p6spy                                    : #1665377284474 | took 0ms | statement | connection 23| url jdbc:h2:mem:6a3784ae-1aa6-4bbf-b617-4d4aeabcc2af
insert into member_spot (member_id, score, spot_id, member_spot_id) values (?, ?, ?, ?)
insert into member_spot (member_id, score, spot_id, member_spot_id) values (15, 0.0, 407, 1420);
2022-10-10 13:48:04.474  INFO 3923 --- [    Test worker] p6spy                                    : #1665377284474 | took 0ms | statement | connection 23| url jdbc:h2:mem:6a3784ae-1aa6-4bbf-b617-4d4aeabcc2af
insert into review (content, spot_id, review_id) values (?, ?, ?)
insert into review (content, spot_id, review_id) values ('java.io.StringReader@3c83d370', 369, 343);
2022-10-10 13:48:04.474  INFO 3923 --- [    Test worker] p6spy                                    : #1665377284474 | took 0ms | statement | connection 23| url jdbc:h2:mem:6a3784ae-1aa6-4bbf-b617-4d4aeabcc2af
insert into favorite_spot (count, favorite_id, spot_id, favorite_spot_id) values (?, ?, ?, ?)
insert into favorite_spot (count, favorite_id, spot_id, favorite_spot_id) values (0, 37, 407, 340);
2022-10-10 13:48:04.475  INFO 3923 --- [    Test worker] p6spy                                    : #1665377284475 | took 0ms | statement | connection 23| url jdbc:h2:mem:6a3784ae-1aa6-4bbf-b617-4d4aeabcc2af
insert into score (facility_rank, facility_score, price_rank, price_score, rank_average, surround_rank, surround_score, view_rank, view_score, score_id) values (?, ?, ?, ?, ?, ?, ?, ?, ?, ?)
insert into score (facility_rank, facility_score, price_rank, price_score, rank_average, surround_rank, surround_score, view_rank, view_score, score_id) values (9.915897632755614, 6.31995289528329, 1.8098092595462978, 7.998100543335074, 3.3815619770131136, 3.832856697985536, 4.232938354307896, 9.360300441903357, 8.979728221857792, 342);
2022-10-10 13:48:04.475  INFO 3923 --- [    Test worker] p6spy                                    : #1665377284475 | took 0ms | statement | connection 23| url jdbc:h2:mem:6a3784ae-1aa6-4bbf-b617-4d4aeabcc2af
insert into picture (spot_id, url, picture_id) values (?, ?, ?)
insert into picture (spot_id, url, picture_id) values (NULL, 'java.io.StringReader@799c0b48', 1421);
2022-10-10 13:48:04.475  INFO 3923 --- [    Test worker] p6spy                                    : #1665377284475 | took 0ms | statement | connection 23| url jdbc:h2:mem:6a3784ae-1aa6-4bbf-b617-4d4aeabcc2af
insert into picture (spot_id, url, picture_id) values (?, ?, ?)
insert into picture (spot_id, url, picture_id) values (NULL, 'java.io.StringReader@4c8a5bcc', 1422);
2022-10-10 13:48:04.475  INFO 3923 --- [    Test worker] p6spy                                    : #1665377284475 | took 0ms | statement | connection 23| url jdbc:h2:mem:6a3784ae-1aa6-4bbf-b617-4d4aeabcc2af
insert into picture (spot_id, url, picture_id) values (?, ?, ?)
insert into picture (spot_id, url, picture_id) values (NULL, 'java.io.StringReader@11db540b', 1423);
2022-10-10 13:48:04.475  INFO 3923 --- [    Test worker] p6spy                                    : #1665377284475 | took 0ms | statement | connection 23| url jdbc:h2:mem:6a3784ae-1aa6-4bbf-b617-4d4aeabcc2af
insert into spot (address, description, location, name, score_id, spot_id) values (?, ?, ?, ?, ?, ?)
insert into spot (address, description, location, name, score_id, spot_id) values (NULL, NULL, 'Aewol_eup', NULL, 342, 408);
2022-10-10 13:48:04.475  INFO 3923 --- [    Test worker] p6spy                                    : #1665377284475 | took 0ms | statement | connection 23| url jdbc:h2:mem:6a3784ae-1aa6-4bbf-b617-4d4aeabcc2af
insert into member_spot (member_id, score, spot_id, member_spot_id) values (?, ?, ?, ?)
insert into member_spot (member_id, score, spot_id, member_spot_id) values (15, 0.0, 408, 1424);
2022-10-10 13:48:04.475  INFO 3923 --- [    Test worker] p6spy                                    : #1665377284475 | took 0ms | statement | connection 23| url jdbc:h2:mem:6a3784ae-1aa6-4bbf-b617-4d4aeabcc2af
insert into review (content, spot_id, review_id) values (?, ?, ?)
insert into review (content, spot_id, review_id) values ('java.io.StringReader@7dc963f9', 369, 344);
2022-10-10 13:48:04.475  INFO 3923 --- [    Test worker] p6spy                                    : #1665377284475 | took 0ms | statement | connection 23| url jdbc:h2:mem:6a3784ae-1aa6-4bbf-b617-4d4aeabcc2af
insert into score (facility_rank, facility_score, price_rank, price_score, rank_average, surround_rank, surround_score, view_rank, view_score, score_id) values (?, ?, ?, ?, ?, ?, ?, ?, ?, ?)
insert into score (facility_rank, facility_score, price_rank, price_score, rank_average, surround_rank, surround_score, view_rank, view_score, score_id) values (5.793330184453134, 2.2561846443609044, 6.851845394120043, 4.214926766007697, 6.362479526558098, 1.116777528226377, 7.475658824186721, 1.4996429786986964, 8.028550091685371, 343);
2022-10-10 13:48:04.475  INFO 3923 --- [    Test worker] p6spy                                    : #1665377284475 | took 0ms | statement | connection 23| url jdbc:h2:mem:6a3784ae-1aa6-4bbf-b617-4d4aeabcc2af
insert into picture (spot_id, url, picture_id) values (?, ?, ?)
insert into picture (spot_id, url, picture_id) values (NULL, 'java.io.StringReader@2bb4b203', 1425);
2022-10-10 13:48:04.475  INFO 3923 --- [    Test worker] p6spy                                    : #1665377284475 | took 0ms | statement | connection 23| url jdbc:h2:mem:6a3784ae-1aa6-4bbf-b617-4d4aeabcc2af
insert into picture (spot_id, url, picture_id) values (?, ?, ?)
insert into picture (spot_id, url, picture_id) values (NULL, 'java.io.StringReader@17ac0057', 1426);
2022-10-10 13:48:04.475  INFO 3923 --- [    Test worker] p6spy                                    : #1665377284475 | took 0ms | statement | connection 23| url jdbc:h2:mem:6a3784ae-1aa6-4bbf-b617-4d4aeabcc2af
insert into picture (spot_id, url, picture_id) values (?, ?, ?)
insert into picture (spot_id, url, picture_id) values (NULL, 'java.io.StringReader@3c0a1c1c', 1427);
2022-10-10 13:48:04.475  INFO 3923 --- [    Test worker] p6spy                                    : #1665377284475 | took 0ms | statement | connection 23| url jdbc:h2:mem:6a3784ae-1aa6-4bbf-b617-4d4aeabcc2af
insert into spot (address, description, location, name, score_id, spot_id) values (?, ?, ?, ?, ?, ?)
insert into spot (address, description, location, name, score_id, spot_id) values (NULL, NULL, 'Aewol_eup', NULL, 343, 409);
2022-10-10 13:48:04.475  INFO 3923 --- [    Test worker] p6spy                                    : #1665377284475 | took 0ms | statement | connection 23| url jdbc:h2:mem:6a3784ae-1aa6-4bbf-b617-4d4aeabcc2af
insert into member_spot (member_id, score, spot_id, member_spot_id) values (?, ?, ?, ?)
insert into member_spot (member_id, score, spot_id, member_spot_id) values (15, 0.0, 409, 1428);
2022-10-10 13:48:04.475  INFO 3923 --- [    Test worker] p6spy                                    : #1665377284475 | took 0ms | statement | connection 23| url jdbc:h2:mem:6a3784ae-1aa6-4bbf-b617-4d4aeabcc2af
insert into review (content, spot_id, review_id) values (?, ?, ?)
insert into review (content, spot_id, review_id) values ('java.io.StringReader@2ffa1f25', 369, 345);
2022-10-10 13:48:04.475  INFO 3923 --- [    Test worker] p6spy                                    : #1665377284475 | took 0ms | statement | connection 23| url jdbc:h2:mem:6a3784ae-1aa6-4bbf-b617-4d4aeabcc2af
insert into favorite_spot (count, favorite_id, spot_id, favorite_spot_id) values (?, ?, ?, ?)
insert into favorite_spot (count, favorite_id, spot_id, favorite_spot_id) values (0, 37, 409, 341);
2022-10-10 13:48:04.475  INFO 3923 --- [    Test worker] p6spy                                    : #1665377284475 | took 0ms | statement | connection 23| url jdbc:h2:mem:6a3784ae-1aa6-4bbf-b617-4d4aeabcc2af
insert into score (facility_rank, facility_score, price_rank, price_score, rank_average, surround_rank, surround_score, view_rank, view_score, score_id) values (?, ?, ?, ?, ?, ?, ?, ?, ?, ?)
insert into score (facility_rank, facility_score, price_rank, price_score, rank_average, surround_rank, surround_score, view_rank, view_score, score_id) values (7.111209839660189, 7.54664800305612, 2.0431870509300576, 7.2547466767310995, 5.582295090617343, 9.798960187929755, 6.713422982505933, 3.688293468268522, 6.746266327697627, 344);
2022-10-10 13:48:04.475  INFO 3923 --- [    Test worker] p6spy                                    : #1665377284475 | took 0ms | statement | connection 23| url jdbc:h2:mem:6a3784ae-1aa6-4bbf-b617-4d4aeabcc2af
insert into picture (spot_id, url, picture_id) values (?, ?, ?)
insert into picture (spot_id, url, picture_id) values (NULL, 'java.io.StringReader@34594779', 1429);
2022-10-10 13:48:04.475  INFO 3923 --- [    Test worker] p6spy                                    : #1665377284475 | took 0ms | statement | connection 23| url jdbc:h2:mem:6a3784ae-1aa6-4bbf-b617-4d4aeabcc2af
insert into picture (spot_id, url, picture_id) values (?, ?, ?)
insert into picture (spot_id, url, picture_id) values (NULL, 'java.io.StringReader@4738ca3a', 1430);
2022-10-10 13:48:04.475  INFO 3923 --- [    Test worker] p6spy                                    : #1665377284475 | took 0ms | statement | connection 23| url jdbc:h2:mem:6a3784ae-1aa6-4bbf-b617-4d4aeabcc2af
insert into picture (spot_id, url, picture_id) values (?, ?, ?)
insert into picture (spot_id, url, picture_id) values (NULL, 'java.io.StringReader@20f27d34', 1431);
2022-10-10 13:48:04.475  INFO 3923 --- [    Test worker] p6spy                                    : #1665377284475 | took 0ms | statement | connection 23| url jdbc:h2:mem:6a3784ae-1aa6-4bbf-b617-4d4aeabcc2af
insert into spot (address, description, location, name, score_id, spot_id) values (?, ?, ?, ?, ?, ?)
insert into spot (address, description, location, name, score_id, spot_id) values (NULL, NULL, 'Aewol_eup', NULL, 344, 410);
2022-10-10 13:48:04.475  INFO 3923 --- [    Test worker] p6spy                                    : #1665377284475 | took 0ms | statement | connection 23| url jdbc:h2:mem:6a3784ae-1aa6-4bbf-b617-4d4aeabcc2af
insert into member_spot (member_id, score, spot_id, member_spot_id) values (?, ?, ?, ?)
insert into member_spot (member_id, score, spot_id, member_spot_id) values (15, 0.0, 410, 1432);
2022-10-10 13:48:04.475  INFO 3923 --- [    Test worker] p6spy                                    : #1665377284475 | took 0ms | statement | connection 23| url jdbc:h2:mem:6a3784ae-1aa6-4bbf-b617-4d4aeabcc2af
insert into review (content, spot_id, review_id) values (?, ?, ?)
insert into review (content, spot_id, review_id) values ('java.io.StringReader@21ea8719', 369, 346);
2022-10-10 13:48:04.475  INFO 3923 --- [    Test worker] p6spy                                    : #1665377284475 | took 0ms | statement | connection 23| url jdbc:h2:mem:6a3784ae-1aa6-4bbf-b617-4d4aeabcc2af
insert into score (facility_rank, facility_score, price_rank, price_score, rank_average, surround_rank, surround_score, view_rank, view_score, score_id) values (?, ?, ?, ?, ?, ?, ?, ?, ?, ?)
insert into score (facility_rank, facility_score, price_rank, price_score, rank_average, surround_rank, surround_score, view_rank, view_score, score_id) values (6.598770803297821, 0.9453581518580068, 7.449493921431235, 2.555329032987106, 1.7269249253003638, 7.90829554648501, 9.725514263540148, 0.5605246950774023, 4.424491741408629, 345);
2022-10-10 13:48:04.475  INFO 3923 --- [    Test worker] p6spy                                    : #1665377284475 | took 0ms | statement | connection 23| url jdbc:h2:mem:6a3784ae-1aa6-4bbf-b617-4d4aeabcc2af
insert into picture (spot_id, url, picture_id) values (?, ?, ?)
insert into picture (spot_id, url, picture_id) values (NULL, 'java.io.StringReader@7ad8c23d', 1433);
2022-10-10 13:48:04.475  INFO 3923 --- [    Test worker] p6spy                                    : #1665377284475 | took 0ms | statement | connection 23| url jdbc:h2:mem:6a3784ae-1aa6-4bbf-b617-4d4aeabcc2af
insert into picture (spot_id, url, picture_id) values (?, ?, ?)
insert into picture (spot_id, url, picture_id) values (NULL, 'java.io.StringReader@1e7e5906', 1434);
2022-10-10 13:48:04.475  INFO 3923 --- [    Test worker] p6spy                                    : #1665377284475 | took 0ms | statement | connection 23| url jdbc:h2:mem:6a3784ae-1aa6-4bbf-b617-4d4aeabcc2af
insert into picture (spot_id, url, picture_id) values (?, ?, ?)
insert into picture (spot_id, url, picture_id) values (NULL, 'java.io.StringReader@412311a2', 1435);
2022-10-10 13:48:04.475  INFO 3923 --- [    Test worker] p6spy                                    : #1665377284475 | took 0ms | statement | connection 23| url jdbc:h2:mem:6a3784ae-1aa6-4bbf-b617-4d4aeabcc2af
insert into spot (address, description, location, name, score_id, spot_id) values (?, ?, ?, ?, ?, ?)
insert into spot (address, description, location, name, score_id, spot_id) values (NULL, NULL, 'Aewol_eup', NULL, 345, 411);
2022-10-10 13:48:04.475  INFO 3923 --- [    Test worker] p6spy                                    : #1665377284475 | took 0ms | statement | connection 23| url jdbc:h2:mem:6a3784ae-1aa6-4bbf-b617-4d4aeabcc2af
insert into member_spot (member_id, score, spot_id, member_spot_id) values (?, ?, ?, ?)
insert into member_spot (member_id, score, spot_id, member_spot_id) values (15, 0.0, 411, 1436);
2022-10-10 13:48:04.475  INFO 3923 --- [    Test worker] p6spy                                    : #1665377284475 | took 0ms | statement | connection 23| url jdbc:h2:mem:6a3784ae-1aa6-4bbf-b617-4d4aeabcc2af
insert into review (content, spot_id, review_id) values (?, ?, ?)
insert into review (content, spot_id, review_id) values ('java.io.StringReader@4f0e977a', 369, 347);
2022-10-10 13:48:04.475  INFO 3923 --- [    Test worker] p6spy                                    : #1665377284475 | took 0ms | statement | connection 23| url jdbc:h2:mem:6a3784ae-1aa6-4bbf-b617-4d4aeabcc2af
insert into favorite_spot (count, favorite_id, spot_id, favorite_spot_id) values (?, ?, ?, ?)
insert into favorite_spot (count, favorite_id, spot_id, favorite_spot_id) values (0, 37, 411, 342);
2022-10-10 13:48:04.475  INFO 3923 --- [    Test worker] p6spy                                    : #1665377284475 | took 0ms | statement | connection 23| url jdbc:h2:mem:6a3784ae-1aa6-4bbf-b617-4d4aeabcc2af
insert into score (facility_rank, facility_score, price_rank, price_score, rank_average, surround_rank, surround_score, view_rank, view_score, score_id) values (?, ?, ?, ?, ?, ?, ?, ?, ?, ?)
insert into score (facility_rank, facility_score, price_rank, price_score, rank_average, surround_rank, surround_score, view_rank, view_score, score_id) values (2.0429820069269256, 5.802162100925239, 7.5246543247127216, 3.6978727921702923, 2.5709733506434707, 8.199485823414, 1.9357295570512068, 7.784335635556929, 4.443912590406266, 346);
2022-10-10 13:48:04.475  INFO 3923 --- [    Test worker] p6spy                                    : #1665377284475 | took 0ms | statement | connection 23| url jdbc:h2:mem:6a3784ae-1aa6-4bbf-b617-4d4aeabcc2af
insert into picture (spot_id, url, picture_id) values (?, ?, ?)
insert into picture (spot_id, url, picture_id) values (NULL, 'java.io.StringReader@786a7b', 1437);
2022-10-10 13:48:04.475  INFO 3923 --- [    Test worker] p6spy                                    : #1665377284475 | took 0ms | statement | connection 23| url jdbc:h2:mem:6a3784ae-1aa6-4bbf-b617-4d4aeabcc2af
insert into picture (spot_id, url, picture_id) values (?, ?, ?)
insert into picture (spot_id, url, picture_id) values (NULL, 'java.io.StringReader@403727ea', 1438);
2022-10-10 13:48:04.475  INFO 3923 --- [    Test worker] p6spy                                    : #1665377284475 | took 0ms | statement | connection 23| url jdbc:h2:mem:6a3784ae-1aa6-4bbf-b617-4d4aeabcc2af
insert into picture (spot_id, url, picture_id) values (?, ?, ?)
insert into picture (spot_id, url, picture_id) values (NULL, 'java.io.StringReader@38b0f7f5', 1439);
2022-10-10 13:48:04.475  INFO 3923 --- [    Test worker] p6spy                                    : #1665377284475 | took 0ms | statement | connection 23| url jdbc:h2:mem:6a3784ae-1aa6-4bbf-b617-4d4aeabcc2af
insert into spot (address, description, location, name, score_id, spot_id) values (?, ?, ?, ?, ?, ?)
insert into spot (address, description, location, name, score_id, spot_id) values (NULL, NULL, 'Aewol_eup', NULL, 346, 412);
2022-10-10 13:48:04.475  INFO 3923 --- [    Test worker] p6spy                                    : #1665377284475 | took 0ms | statement | connection 23| url jdbc:h2:mem:6a3784ae-1aa6-4bbf-b617-4d4aeabcc2af
insert into member_spot (member_id, score, spot_id, member_spot_id) values (?, ?, ?, ?)
insert into member_spot (member_id, score, spot_id, member_spot_id) values (15, 0.0, 412, 1440);
2022-10-10 13:48:04.475  INFO 3923 --- [    Test worker] p6spy                                    : #1665377284475 | took 0ms | statement | connection 23| url jdbc:h2:mem:6a3784ae-1aa6-4bbf-b617-4d4aeabcc2af
insert into review (content, spot_id, review_id) values (?, ?, ?)
insert into review (content, spot_id, review_id) values ('java.io.StringReader@6098c5d8', 369, 348);
2022-10-10 13:48:04.476  INFO 3923 --- [    Test worker] p6spy                                    : #1665377284476 | took 0ms | statement | connection 23| url jdbc:h2:mem:6a3784ae-1aa6-4bbf-b617-4d4aeabcc2af
insert into score (facility_rank, facility_score, price_rank, price_score, rank_average, surround_rank, surround_score, view_rank, view_score, score_id) values (?, ?, ?, ?, ?, ?, ?, ?, ?, ?)
insert into score (facility_rank, facility_score, price_rank, price_score, rank_average, surround_rank, surround_score, view_rank, view_score, score_id) values (8.808276716055126, 0.7803191531384068, 3.597760457579122, 8.642994372634616, 0.3352687971909529, 3.629710150141139, 1.926552422553437, 7.0001853916088095, 6.007350457150421, 347);
2022-10-10 13:48:04.476  INFO 3923 --- [    Test worker] p6spy                                    : #1665377284476 | took 0ms | statement | connection 23| url jdbc:h2:mem:6a3784ae-1aa6-4bbf-b617-4d4aeabcc2af
insert into picture (spot_id, url, picture_id) values (?, ?, ?)
insert into picture (spot_id, url, picture_id) values (NULL, 'java.io.StringReader@78fa82c', 1441);
2022-10-10 13:48:04.476  INFO 3923 --- [    Test worker] p6spy                                    : #1665377284476 | took 0ms | statement | connection 23| url jdbc:h2:mem:6a3784ae-1aa6-4bbf-b617-4d4aeabcc2af
insert into picture (spot_id, url, picture_id) values (?, ?, ?)
insert into picture (spot_id, url, picture_id) values (NULL, 'java.io.StringReader@225be644', 1442);
2022-10-10 13:48:04.476  INFO 3923 --- [    Test worker] p6spy                                    : #1665377284476 | took 0ms | statement | connection 23| url jdbc:h2:mem:6a3784ae-1aa6-4bbf-b617-4d4aeabcc2af
insert into picture (spot_id, url, picture_id) values (?, ?, ?)
insert into picture (spot_id, url, picture_id) values (NULL, 'java.io.StringReader@57514114', 1443);
2022-10-10 13:48:04.476  INFO 3923 --- [    Test worker] p6spy                                    : #1665377284476 | took 0ms | statement | connection 23| url jdbc:h2:mem:6a3784ae-1aa6-4bbf-b617-4d4aeabcc2af
insert into spot (address, description, location, name, score_id, spot_id) values (?, ?, ?, ?, ?, ?)
insert into spot (address, description, location, name, score_id, spot_id) values (NULL, NULL, 'Aewol_eup', NULL, 347, 413);
2022-10-10 13:48:04.476  INFO 3923 --- [    Test worker] p6spy                                    : #1665377284476 | took 0ms | statement | connection 23| url jdbc:h2:mem:6a3784ae-1aa6-4bbf-b617-4d4aeabcc2af
insert into member_spot (member_id, score, spot_id, member_spot_id) values (?, ?, ?, ?)
insert into member_spot (member_id, score, spot_id, member_spot_id) values (15, 0.0, 413, 1444);
2022-10-10 13:48:04.476  INFO 3923 --- [    Test worker] p6spy                                    : #1665377284476 | took 0ms | statement | connection 23| url jdbc:h2:mem:6a3784ae-1aa6-4bbf-b617-4d4aeabcc2af
insert into review (content, spot_id, review_id) values (?, ?, ?)
insert into review (content, spot_id, review_id) values ('java.io.StringReader@47ca28c1', 369, 349);
2022-10-10 13:48:04.476  INFO 3923 --- [    Test worker] p6spy                                    : #1665377284476 | took 0ms | statement | connection 23| url jdbc:h2:mem:6a3784ae-1aa6-4bbf-b617-4d4aeabcc2af
insert into favorite_spot (count, favorite_id, spot_id, favorite_spot_id) values (?, ?, ?, ?)
insert into favorite_spot (count, favorite_id, spot_id, favorite_spot_id) values (0, 37, 413, 343);
2022-10-10 13:48:04.476  INFO 3923 --- [    Test worker] p6spy                                    : #1665377284476 | took 0ms | statement | connection 23| url jdbc:h2:mem:6a3784ae-1aa6-4bbf-b617-4d4aeabcc2af
insert into score (facility_rank, facility_score, price_rank, price_score, rank_average, surround_rank, surround_score, view_rank, view_score, score_id) values (?, ?, ?, ?, ?, ?, ?, ?, ?, ?)
insert into score (facility_rank, facility_score, price_rank, price_score, rank_average, surround_rank, surround_score, view_rank, view_score, score_id) values (7.900739009030233, 0.2798653383342109, 8.83531306785918, 7.736139990474095, 2.837727943815367, 6.509734805118093, 1.2434784125508191, 0.943007213828132, 6.120948973045325, 348);
2022-10-10 13:48:04.476  INFO 3923 --- [    Test worker] p6spy                                    : #1665377284476 | took 0ms | statement | connection 23| url jdbc:h2:mem:6a3784ae-1aa6-4bbf-b617-4d4aeabcc2af
insert into picture (spot_id, url, picture_id) values (?, ?, ?)
insert into picture (spot_id, url, picture_id) values (NULL, 'java.io.StringReader@58048676', 1445);
2022-10-10 13:48:04.476  INFO 3923 --- [    Test worker] p6spy                                    : #1665377284476 | took 0ms | statement | connection 23| url jdbc:h2:mem:6a3784ae-1aa6-4bbf-b617-4d4aeabcc2af
insert into picture (spot_id, url, picture_id) values (?, ?, ?)
insert into picture (spot_id, url, picture_id) values (NULL, 'java.io.StringReader@1cad68ca', 1446);
2022-10-10 13:48:04.476  INFO 3923 --- [    Test worker] p6spy                                    : #1665377284476 | took 0ms | statement | connection 23| url jdbc:h2:mem:6a3784ae-1aa6-4bbf-b617-4d4aeabcc2af
insert into picture (spot_id, url, picture_id) values (?, ?, ?)
insert into picture (spot_id, url, picture_id) values (NULL, 'java.io.StringReader@e1affe8', 1447);
2022-10-10 13:48:04.476  INFO 3923 --- [    Test worker] p6spy                                    : #1665377284476 | took 0ms | statement | connection 23| url jdbc:h2:mem:6a3784ae-1aa6-4bbf-b617-4d4aeabcc2af
insert into spot (address, description, location, name, score_id, spot_id) values (?, ?, ?, ?, ?, ?)
insert into spot (address, description, location, name, score_id, spot_id) values (NULL, NULL, 'Aewol_eup', NULL, 348, 414);
2022-10-10 13:48:04.476  INFO 3923 --- [    Test worker] p6spy                                    : #1665377284476 | took 0ms | statement | connection 23| url jdbc:h2:mem:6a3784ae-1aa6-4bbf-b617-4d4aeabcc2af
insert into member_spot (member_id, score, spot_id, member_spot_id) values (?, ?, ?, ?)
insert into member_spot (member_id, score, spot_id, member_spot_id) values (15, 0.0, 414, 1448);
2022-10-10 13:48:04.476  INFO 3923 --- [    Test worker] p6spy                                    : #1665377284476 | took 0ms | statement | connection 23| url jdbc:h2:mem:6a3784ae-1aa6-4bbf-b617-4d4aeabcc2af
insert into review (content, spot_id, review_id) values (?, ?, ?)
insert into review (content, spot_id, review_id) values ('java.io.StringReader@454f2ac7', 369, 350);
2022-10-10 13:48:04.476  INFO 3923 --- [    Test worker] p6spy                                    : #1665377284476 | took 0ms | statement | connection 23| url jdbc:h2:mem:6a3784ae-1aa6-4bbf-b617-4d4aeabcc2af
insert into score (facility_rank, facility_score, price_rank, price_score, rank_average, surround_rank, surround_score, view_rank, view_score, score_id) values (?, ?, ?, ?, ?, ?, ?, ?, ?, ?)
insert into score (facility_rank, facility_score, price_rank, price_score, rank_average, surround_rank, surround_score, view_rank, view_score, score_id) values (8.026574354152046, 2.3879882219807094, 7.978737790586101, 5.812742421214935, 4.628569844135484, 8.160845932322143, 8.800902434455502, 2.004863616799788, 8.555551522910903, 349);
2022-10-10 13:48:04.476  INFO 3923 --- [    Test worker] p6spy                                    : #1665377284476 | took 0ms | statement | connection 23| url jdbc:h2:mem:6a3784ae-1aa6-4bbf-b617-4d4aeabcc2af
insert into picture (spot_id, url, picture_id) values (?, ?, ?)
insert into picture (spot_id, url, picture_id) values (NULL, 'java.io.StringReader@72810bac', 1449);
2022-10-10 13:48:04.476  INFO 3923 --- [    Test worker] p6spy                                    : #1665377284476 | took 0ms | statement | connection 23| url jdbc:h2:mem:6a3784ae-1aa6-4bbf-b617-4d4aeabcc2af
insert into picture (spot_id, url, picture_id) values (?, ?, ?)
insert into picture (spot_id, url, picture_id) values (NULL, 'java.io.StringReader@e6f8674', 1450);
2022-10-10 13:48:04.476  INFO 3923 --- [    Test worker] p6spy                                    : #1665377284476 | took 0ms | statement | connection 23| url jdbc:h2:mem:6a3784ae-1aa6-4bbf-b617-4d4aeabcc2af
insert into picture (spot_id, url, picture_id) values (?, ?, ?)
insert into picture (spot_id, url, picture_id) values (NULL, 'java.io.StringReader@27f8321c', 1451);
2022-10-10 13:48:04.476  INFO 3923 --- [    Test worker] p6spy                                    : #1665377284476 | took 0ms | statement | connection 23| url jdbc:h2:mem:6a3784ae-1aa6-4bbf-b617-4d4aeabcc2af
insert into spot (address, description, location, name, score_id, spot_id) values (?, ?, ?, ?, ?, ?)
insert into spot (address, description, location, name, score_id, spot_id) values (NULL, NULL, 'Aewol_eup', NULL, 349, 415);
2022-10-10 13:48:04.476  INFO 3923 --- [    Test worker] p6spy                                    : #1665377284476 | took 0ms | statement | connection 23| url jdbc:h2:mem:6a3784ae-1aa6-4bbf-b617-4d4aeabcc2af
insert into member_spot (member_id, score, spot_id, member_spot_id) values (?, ?, ?, ?)
insert into member_spot (member_id, score, spot_id, member_spot_id) values (15, 0.0, 415, 1452);
2022-10-10 13:48:04.476  INFO 3923 --- [    Test worker] p6spy                                    : #1665377284476 | took 0ms | statement | connection 23| url jdbc:h2:mem:6a3784ae-1aa6-4bbf-b617-4d4aeabcc2af
insert into review (content, spot_id, review_id) values (?, ?, ?)
insert into review (content, spot_id, review_id) values ('java.io.StringReader@108eb810', 369, 351);
2022-10-10 13:48:04.476  INFO 3923 --- [    Test worker] p6spy                                    : #1665377284476 | took 0ms | statement | connection 23| url jdbc:h2:mem:6a3784ae-1aa6-4bbf-b617-4d4aeabcc2af
insert into favorite_spot (count, favorite_id, spot_id, favorite_spot_id) values (?, ?, ?, ?)
insert into favorite_spot (count, favorite_id, spot_id, favorite_spot_id) values (0, 37, 415, 344);
2022-10-10 13:48:04.476  INFO 3923 --- [    Test worker] p6spy                                    : #1665377284476 | took 0ms | statement | connection 23| url jdbc:h2:mem:6a3784ae-1aa6-4bbf-b617-4d4aeabcc2af
insert into score (facility_rank, facility_score, price_rank, price_score, rank_average, surround_rank, surround_score, view_rank, view_score, score_id) values (?, ?, ?, ?, ?, ?, ?, ?, ?, ?)
insert into score (facility_rank, facility_score, price_rank, price_score, rank_average, surround_rank, surround_score, view_rank, view_score, score_id) values (6.827298306685816, 3.4255673857400657, 5.650423350586877, 8.902814576968288, 7.01326754943935, 6.952898777572468, 0.48166647437372867, 2.7653568373863213, 7.952870206334667, 350);
2022-10-10 13:48:04.476  INFO 3923 --- [    Test worker] p6spy                                    : #1665377284476 | took 0ms | statement | connection 23| url jdbc:h2:mem:6a3784ae-1aa6-4bbf-b617-4d4aeabcc2af
insert into picture (spot_id, url, picture_id) values (?, ?, ?)
insert into picture (spot_id, url, picture_id) values (NULL, 'java.io.StringReader@465f0b6c', 1453);
2022-10-10 13:48:04.476  INFO 3923 --- [    Test worker] p6spy                                    : #1665377284476 | took 0ms | statement | connection 23| url jdbc:h2:mem:6a3784ae-1aa6-4bbf-b617-4d4aeabcc2af
insert into picture (spot_id, url, picture_id) values (?, ?, ?)
insert into picture (spot_id, url, picture_id) values (NULL, 'java.io.StringReader@2b99c80d', 1454);
2022-10-10 13:48:04.476  INFO 3923 --- [    Test worker] p6spy                                    : #1665377284476 | took 0ms | statement | connection 23| url jdbc:h2:mem:6a3784ae-1aa6-4bbf-b617-4d4aeabcc2af
insert into picture (spot_id, url, picture_id) values (?, ?, ?)
insert into picture (spot_id, url, picture_id) values (NULL, 'java.io.StringReader@36cd8553', 1455);
2022-10-10 13:48:04.477  INFO 3923 --- [    Test worker] p6spy                                    : #1665377284477 | took 0ms | statement | connection 23| url jdbc:h2:mem:6a3784ae-1aa6-4bbf-b617-4d4aeabcc2af
insert into spot (address, description, location, name, score_id, spot_id) values (?, ?, ?, ?, ?, ?)
insert into spot (address, description, location, name, score_id, spot_id) values (NULL, NULL, 'Aewol_eup', NULL, 350, 416);
2022-10-10 13:48:04.477  INFO 3923 --- [    Test worker] p6spy                                    : #1665377284477 | took 0ms | statement | connection 23| url jdbc:h2:mem:6a3784ae-1aa6-4bbf-b617-4d4aeabcc2af
insert into member_spot (member_id, score, spot_id, member_spot_id) values (?, ?, ?, ?)
insert into member_spot (member_id, score, spot_id, member_spot_id) values (15, 0.0, 416, 1456);
2022-10-10 13:48:04.477  INFO 3923 --- [    Test worker] p6spy                                    : #1665377284477 | took 0ms | statement | connection 23| url jdbc:h2:mem:6a3784ae-1aa6-4bbf-b617-4d4aeabcc2af
insert into review (content, spot_id, review_id) values (?, ?, ?)
insert into review (content, spot_id, review_id) values ('java.io.StringReader@c27de3b', 369, 352);
2022-10-10 13:48:04.477  INFO 3923 --- [    Test worker] p6spy                                    : #1665377284477 | took 0ms | statement | connection 23| url jdbc:h2:mem:6a3784ae-1aa6-4bbf-b617-4d4aeabcc2af
insert into score (facility_rank, facility_score, price_rank, price_score, rank_average, surround_rank, surround_score, view_rank, view_score, score_id) values (?, ?, ?, ?, ?, ?, ?, ?, ?, ?)
insert into score (facility_rank, facility_score, price_rank, price_score, rank_average, surround_rank, surround_score, view_rank, view_score, score_id) values (9.588850217793734, 9.960782040356994, 9.880320841034408, 1.2138709307927609, 0.9020674909896864, 4.845523875459763, 8.628472566526735, 4.248317237529312, 4.032600591780106, 351);
2022-10-10 13:48:04.477  INFO 3923 --- [    Test worker] p6spy                                    : #1665377284477 | took 0ms | statement | connection 23| url jdbc:h2:mem:6a3784ae-1aa6-4bbf-b617-4d4aeabcc2af
insert into picture (spot_id, url, picture_id) values (?, ?, ?)
insert into picture (spot_id, url, picture_id) values (NULL, 'java.io.StringReader@1eb84ea6', 1457);
2022-10-10 13:48:04.477  INFO 3923 --- [    Test worker] p6spy                                    : #1665377284477 | took 0ms | statement | connection 23| url jdbc:h2:mem:6a3784ae-1aa6-4bbf-b617-4d4aeabcc2af
insert into picture (spot_id, url, picture_id) values (?, ?, ?)
insert into picture (spot_id, url, picture_id) values (NULL, 'java.io.StringReader@6ffbb57d', 1458);
2022-10-10 13:48:04.477  INFO 3923 --- [    Test worker] p6spy                                    : #1665377284477 | took 0ms | statement | connection 23| url jdbc:h2:mem:6a3784ae-1aa6-4bbf-b617-4d4aeabcc2af
insert into picture (spot_id, url, picture_id) values (?, ?, ?)
insert into picture (spot_id, url, picture_id) values (NULL, 'java.io.StringReader@4198b29e', 1459);
2022-10-10 13:48:04.477  INFO 3923 --- [    Test worker] p6spy                                    : #1665377284477 | took 0ms | statement | connection 23| url jdbc:h2:mem:6a3784ae-1aa6-4bbf-b617-4d4aeabcc2af
insert into spot (address, description, location, name, score_id, spot_id) values (?, ?, ?, ?, ?, ?)
insert into spot (address, description, location, name, score_id, spot_id) values (NULL, NULL, 'Aewol_eup', NULL, 351, 417);
2022-10-10 13:48:04.477  INFO 3923 --- [    Test worker] p6spy                                    : #1665377284477 | took 0ms | statement | connection 23| url jdbc:h2:mem:6a3784ae-1aa6-4bbf-b617-4d4aeabcc2af
insert into member_spot (member_id, score, spot_id, member_spot_id) values (?, ?, ?, ?)
insert into member_spot (member_id, score, spot_id, member_spot_id) values (15, 0.0, 417, 1460);
2022-10-10 13:48:04.477  INFO 3923 --- [    Test worker] p6spy                                    : #1665377284477 | took 0ms | statement | connection 23| url jdbc:h2:mem:6a3784ae-1aa6-4bbf-b617-4d4aeabcc2af
insert into review (content, spot_id, review_id) values (?, ?, ?)
insert into review (content, spot_id, review_id) values ('java.io.StringReader@2b10803e', 369, 353);
2022-10-10 13:48:04.477  INFO 3923 --- [    Test worker] p6spy                                    : #1665377284477 | took 0ms | statement | connection 23| url jdbc:h2:mem:6a3784ae-1aa6-4bbf-b617-4d4aeabcc2af
insert into favorite_spot (count, favorite_id, spot_id, favorite_spot_id) values (?, ?, ?, ?)
insert into favorite_spot (count, favorite_id, spot_id, favorite_spot_id) values (0, 37, 417, 345);
2022-10-10 13:48:04.477  INFO 3923 --- [    Test worker] p6spy                                    : #1665377284477 | took 0ms | statement | connection 23| url jdbc:h2:mem:6a3784ae-1aa6-4bbf-b617-4d4aeabcc2af
insert into score (facility_rank, facility_score, price_rank, price_score, rank_average, surround_rank, surround_score, view_rank, view_score, score_id) values (?, ?, ?, ?, ?, ?, ?, ?, ?, ?)
insert into score (facility_rank, facility_score, price_rank, price_score, rank_average, surround_rank, surround_score, view_rank, view_score, score_id) values (9.184814527750042, 3.1929559405533645, 0.9737203844068598, 4.597610380737017, 3.795910877734773, 5.959152415456662, 5.521154162352218, 5.487622003795831, 4.8605508485906395, 352);
2022-10-10 13:48:04.477  INFO 3923 --- [    Test worker] p6spy                                    : #1665377284477 | took 0ms | statement | connection 23| url jdbc:h2:mem:6a3784ae-1aa6-4bbf-b617-4d4aeabcc2af
insert into picture (spot_id, url, picture_id) values (?, ?, ?)
insert into picture (spot_id, url, picture_id) values (NULL, 'java.io.StringReader@3faff6a1', 1461);
2022-10-10 13:48:04.477  INFO 3923 --- [    Test worker] p6spy                                    : #1665377284477 | took 0ms | statement | connection 23| url jdbc:h2:mem:6a3784ae-1aa6-4bbf-b617-4d4aeabcc2af
insert into picture (spot_id, url, picture_id) values (?, ?, ?)
insert into picture (spot_id, url, picture_id) values (NULL, 'java.io.StringReader@1575c8cc', 1462);
2022-10-10 13:48:04.477  INFO 3923 --- [    Test worker] p6spy                                    : #1665377284477 | took 0ms | statement | connection 23| url jdbc:h2:mem:6a3784ae-1aa6-4bbf-b617-4d4aeabcc2af
insert into picture (spot_id, url, picture_id) values (?, ?, ?)
insert into picture (spot_id, url, picture_id) values (NULL, 'java.io.StringReader@2efed8cc', 1463);
2022-10-10 13:48:04.477  INFO 3923 --- [    Test worker] p6spy                                    : #1665377284477 | took 0ms | statement | connection 23| url jdbc:h2:mem:6a3784ae-1aa6-4bbf-b617-4d4aeabcc2af
insert into spot (address, description, location, name, score_id, spot_id) values (?, ?, ?, ?, ?, ?)
insert into spot (address, description, location, name, score_id, spot_id) values (NULL, NULL, 'Aewol_eup', NULL, 352, 418);
2022-10-10 13:48:04.477  INFO 3923 --- [    Test worker] p6spy                                    : #1665377284477 | took 0ms | statement | connection 23| url jdbc:h2:mem:6a3784ae-1aa6-4bbf-b617-4d4aeabcc2af
insert into member_spot (member_id, score, spot_id, member_spot_id) values (?, ?, ?, ?)
insert into member_spot (member_id, score, spot_id, member_spot_id) values (15, 0.0, 418, 1464);
2022-10-10 13:48:04.477  INFO 3923 --- [    Test worker] p6spy                                    : #1665377284477 | took 0ms | statement | connection 23| url jdbc:h2:mem:6a3784ae-1aa6-4bbf-b617-4d4aeabcc2af
insert into review (content, spot_id, review_id) values (?, ?, ?)
insert into review (content, spot_id, review_id) values ('java.io.StringReader@7683d1b2', 369, 354);
2022-10-10 13:48:04.477  INFO 3923 --- [    Test worker] p6spy                                    : #1665377284477 | took 0ms | statement | connection 23| url jdbc:h2:mem:6a3784ae-1aa6-4bbf-b617-4d4aeabcc2af
insert into score (facility_rank, facility_score, price_rank, price_score, rank_average, surround_rank, surround_score, view_rank, view_score, score_id) values (?, ?, ?, ?, ?, ?, ?, ?, ?, ?)
insert into score (facility_rank, facility_score, price_rank, price_score, rank_average, surround_rank, surround_score, view_rank, view_score, score_id) values (6.964932480159116, 8.838213081039335, 5.175283406230836, 4.84145270229011, 6.234343547151411, 3.893398207912808, 3.5983983671505335, 7.870411836735584, 1.8927573423137878, 353);
2022-10-10 13:48:04.477  INFO 3923 --- [    Test worker] p6spy                                    : #1665377284477 | took 0ms | statement | connection 23| url jdbc:h2:mem:6a3784ae-1aa6-4bbf-b617-4d4aeabcc2af
insert into picture (spot_id, url, picture_id) values (?, ?, ?)
insert into picture (spot_id, url, picture_id) values (NULL, 'java.io.StringReader@4358fa9', 1465);
2022-10-10 13:48:04.477  INFO 3923 --- [    Test worker] p6spy                                    : #1665377284477 | took 0ms | statement | connection 23| url jdbc:h2:mem:6a3784ae-1aa6-4bbf-b617-4d4aeabcc2af
insert into picture (spot_id, url, picture_id) values (?, ?, ?)
insert into picture (spot_id, url, picture_id) values (NULL, 'java.io.StringReader@57d2623b', 1466);
2022-10-10 13:48:04.477  INFO 3923 --- [    Test worker] p6spy                                    : #1665377284477 | took 0ms | statement | connection 23| url jdbc:h2:mem:6a3784ae-1aa6-4bbf-b617-4d4aeabcc2af
insert into picture (spot_id, url, picture_id) values (?, ?, ?)
insert into picture (spot_id, url, picture_id) values (NULL, 'java.io.StringReader@6c9696c5', 1467);
2022-10-10 13:48:04.477  INFO 3923 --- [    Test worker] p6spy                                    : #1665377284477 | took 0ms | statement | connection 23| url jdbc:h2:mem:6a3784ae-1aa6-4bbf-b617-4d4aeabcc2af
insert into spot (address, description, location, name, score_id, spot_id) values (?, ?, ?, ?, ?, ?)
insert into spot (address, description, location, name, score_id, spot_id) values (NULL, NULL, 'Andeok_myeon', NULL, 353, 419);
2022-10-10 13:48:04.477  INFO 3923 --- [    Test worker] p6spy                                    : #1665377284477 | took 0ms | statement | connection 23| url jdbc:h2:mem:6a3784ae-1aa6-4bbf-b617-4d4aeabcc2af
insert into member_spot (member_id, score, spot_id, member_spot_id) values (?, ?, ?, ?)
insert into member_spot (member_id, score, spot_id, member_spot_id) values (14, 0.0, 419, 1468);
2022-10-10 13:48:04.477  INFO 3923 --- [    Test worker] p6spy                                    : #1665377284477 | took 0ms | statement | connection 23| url jdbc:h2:mem:6a3784ae-1aa6-4bbf-b617-4d4aeabcc2af
insert into review (content, spot_id, review_id) values (?, ?, ?)
insert into review (content, spot_id, review_id) values ('java.io.StringReader@4dc9b8c', 369, 355);
2022-10-10 13:48:04.477  INFO 3923 --- [    Test worker] p6spy                                    : #1665377284477 | took 0ms | statement | connection 23| url jdbc:h2:mem:6a3784ae-1aa6-4bbf-b617-4d4aeabcc2af
insert into favorite_spot (count, favorite_id, spot_id, favorite_spot_id) values (?, ?, ?, ?)
insert into favorite_spot (count, favorite_id, spot_id, favorite_spot_id) values (0, 37, 419, 346);
2022-10-10 13:48:04.477  INFO 3923 --- [    Test worker] p6spy                                    : #1665377284477 | took 0ms | statement | connection 23| url jdbc:h2:mem:6a3784ae-1aa6-4bbf-b617-4d4aeabcc2af
insert into score (facility_rank, facility_score, price_rank, price_score, rank_average, surround_rank, surround_score, view_rank, view_score, score_id) values (?, ?, ?, ?, ?, ?, ?, ?, ?, ?)
insert into score (facility_rank, facility_score, price_rank, price_score, rank_average, surround_rank, surround_score, view_rank, view_score, score_id) values (3.305275814387146, 9.507550393697437, 3.995844664868545, 7.756237895483025, 8.982007155927208, 2.674204159283291, 4.794969151438757, 7.216608178128796, 1.431387222448477, 354);
2022-10-10 13:48:04.477  INFO 3923 --- [    Test worker] p6spy                                    : #1665377284477 | took 0ms | statement | connection 23| url jdbc:h2:mem:6a3784ae-1aa6-4bbf-b617-4d4aeabcc2af
insert into picture (spot_id, url, picture_id) values (?, ?, ?)
insert into picture (spot_id, url, picture_id) values (NULL, 'java.io.StringReader@49f116d9', 1469);
2022-10-10 13:48:04.477  INFO 3923 --- [    Test worker] p6spy                                    : #1665377284477 | took 0ms | statement | connection 23| url jdbc:h2:mem:6a3784ae-1aa6-4bbf-b617-4d4aeabcc2af
insert into picture (spot_id, url, picture_id) values (?, ?, ?)
insert into picture (spot_id, url, picture_id) values (NULL, 'java.io.StringReader@4be5469e', 1470);
2022-10-10 13:48:04.477  INFO 3923 --- [    Test worker] p6spy                                    : #1665377284477 | took 0ms | statement | connection 23| url jdbc:h2:mem:6a3784ae-1aa6-4bbf-b617-4d4aeabcc2af
insert into picture (spot_id, url, picture_id) values (?, ?, ?)
insert into picture (spot_id, url, picture_id) values (NULL, 'java.io.StringReader@a3b417', 1471);
2022-10-10 13:48:04.477  INFO 3923 --- [    Test worker] p6spy                                    : #1665377284477 | took 0ms | statement | connection 23| url jdbc:h2:mem:6a3784ae-1aa6-4bbf-b617-4d4aeabcc2af
insert into spot (address, description, location, name, score_id, spot_id) values (?, ?, ?, ?, ?, ?)
insert into spot (address, description, location, name, score_id, spot_id) values (NULL, NULL, 'Andeok_myeon', NULL, 354, 420);
2022-10-10 13:48:04.477  INFO 3923 --- [    Test worker] p6spy                                    : #1665377284477 | took 0ms | statement | connection 23| url jdbc:h2:mem:6a3784ae-1aa6-4bbf-b617-4d4aeabcc2af
insert into member_spot (member_id, score, spot_id, member_spot_id) values (?, ?, ?, ?)
insert into member_spot (member_id, score, spot_id, member_spot_id) values (14, 0.0, 420, 1472);
2022-10-10 13:48:04.477  INFO 3923 --- [    Test worker] p6spy                                    : #1665377284477 | took 0ms | statement | connection 23| url jdbc:h2:mem:6a3784ae-1aa6-4bbf-b617-4d4aeabcc2af
insert into review (content, spot_id, review_id) values (?, ?, ?)
insert into review (content, spot_id, review_id) values ('java.io.StringReader@4ddecf15', 369, 356);
2022-10-10 13:48:04.477  INFO 3923 --- [    Test worker] p6spy                                    : #1665377284477 | took 0ms | statement | connection 23| url jdbc:h2:mem:6a3784ae-1aa6-4bbf-b617-4d4aeabcc2af
insert into score (facility_rank, facility_score, price_rank, price_score, rank_average, surround_rank, surround_score, view_rank, view_score, score_id) values (?, ?, ?, ?, ?, ?, ?, ?, ?, ?)
insert into score (facility_rank, facility_score, price_rank, price_score, rank_average, surround_rank, surround_score, view_rank, view_score, score_id) values (7.7743156557943465, 5.06235696647857, 5.132107842540882, 5.017085911084653, 2.4595455985869616, 4.725306480686191, 0.18638762686418398, 0.4561482268345729, 8.696245914978169, 355);
2022-10-10 13:48:04.477  INFO 3923 --- [    Test worker] p6spy                                    : #1665377284477 | took 0ms | statement | connection 23| url jdbc:h2:mem:6a3784ae-1aa6-4bbf-b617-4d4aeabcc2af
insert into picture (spot_id, url, picture_id) values (?, ?, ?)
insert into picture (spot_id, url, picture_id) values (NULL, 'java.io.StringReader@6931e110', 1473);
2022-10-10 13:48:04.477  INFO 3923 --- [    Test worker] p6spy                                    : #1665377284477 | took 0ms | statement | connection 23| url jdbc:h2:mem:6a3784ae-1aa6-4bbf-b617-4d4aeabcc2af
insert into picture (spot_id, url, picture_id) values (?, ?, ?)
insert into picture (spot_id, url, picture_id) values (NULL, 'java.io.StringReader@27e3bf50', 1474);
2022-10-10 13:48:04.477  INFO 3923 --- [    Test worker] p6spy                                    : #1665377284477 | took 0ms | statement | connection 23| url jdbc:h2:mem:6a3784ae-1aa6-4bbf-b617-4d4aeabcc2af
insert into picture (spot_id, url, picture_id) values (?, ?, ?)
insert into picture (spot_id, url, picture_id) values (NULL, 'java.io.StringReader@4690b662', 1475);
2022-10-10 13:48:04.477  INFO 3923 --- [    Test worker] p6spy                                    : #1665377284477 | took 0ms | statement | connection 23| url jdbc:h2:mem:6a3784ae-1aa6-4bbf-b617-4d4aeabcc2af
insert into spot (address, description, location, name, score_id, spot_id) values (?, ?, ?, ?, ?, ?)
insert into spot (address, description, location, name, score_id, spot_id) values (NULL, NULL, 'Andeok_myeon', NULL, 355, 421);
2022-10-10 13:48:04.478  INFO 3923 --- [    Test worker] p6spy                                    : #1665377284478 | took 0ms | statement | connection 23| url jdbc:h2:mem:6a3784ae-1aa6-4bbf-b617-4d4aeabcc2af
insert into member_spot (member_id, score, spot_id, member_spot_id) values (?, ?, ?, ?)
insert into member_spot (member_id, score, spot_id, member_spot_id) values (14, 0.0, 421, 1476);
2022-10-10 13:48:04.478  INFO 3923 --- [    Test worker] p6spy                                    : #1665377284478 | took 0ms | statement | connection 23| url jdbc:h2:mem:6a3784ae-1aa6-4bbf-b617-4d4aeabcc2af
insert into review (content, spot_id, review_id) values (?, ?, ?)
insert into review (content, spot_id, review_id) values ('java.io.StringReader@c123d31', 369, 357);
2022-10-10 13:48:04.478  INFO 3923 --- [    Test worker] p6spy                                    : #1665377284478 | took 0ms | statement | connection 23| url jdbc:h2:mem:6a3784ae-1aa6-4bbf-b617-4d4aeabcc2af
insert into favorite_spot (count, favorite_id, spot_id, favorite_spot_id) values (?, ?, ?, ?)
insert into favorite_spot (count, favorite_id, spot_id, favorite_spot_id) values (0, 37, 421, 347);
2022-10-10 13:48:04.478  INFO 3923 --- [    Test worker] p6spy                                    : #1665377284478 | took 0ms | statement | connection 23| url jdbc:h2:mem:6a3784ae-1aa6-4bbf-b617-4d4aeabcc2af
insert into score (facility_rank, facility_score, price_rank, price_score, rank_average, surround_rank, surround_score, view_rank, view_score, score_id) values (?, ?, ?, ?, ?, ?, ?, ?, ?, ?)
insert into score (facility_rank, facility_score, price_rank, price_score, rank_average, surround_rank, surround_score, view_rank, view_score, score_id) values (2.769682081855669, 7.68222938637242, 7.037218176361933, 9.264180563193824, 1.7078579786868642, 8.580688808601085, 2.5196508835959697, 8.379468620234643, 4.7479550930813925, 356);
2022-10-10 13:48:04.478  INFO 3923 --- [    Test worker] p6spy                                    : #1665377284478 | took 0ms | statement | connection 23| url jdbc:h2:mem:6a3784ae-1aa6-4bbf-b617-4d4aeabcc2af
insert into picture (spot_id, url, picture_id) values (?, ?, ?)
insert into picture (spot_id, url, picture_id) values (NULL, 'java.io.StringReader@3369366d', 1477);
2022-10-10 13:48:04.478  INFO 3923 --- [    Test worker] p6spy                                    : #1665377284478 | took 0ms | statement | connection 23| url jdbc:h2:mem:6a3784ae-1aa6-4bbf-b617-4d4aeabcc2af
insert into picture (spot_id, url, picture_id) values (?, ?, ?)
insert into picture (spot_id, url, picture_id) values (NULL, 'java.io.StringReader@2b20c226', 1478);
2022-10-10 13:48:04.478  INFO 3923 --- [    Test worker] p6spy                                    : #1665377284478 | took 0ms | statement | connection 23| url jdbc:h2:mem:6a3784ae-1aa6-4bbf-b617-4d4aeabcc2af
insert into picture (spot_id, url, picture_id) values (?, ?, ?)
insert into picture (spot_id, url, picture_id) values (NULL, 'java.io.StringReader@26a190fd', 1479);
2022-10-10 13:48:04.478  INFO 3923 --- [    Test worker] p6spy                                    : #1665377284478 | took 0ms | statement | connection 23| url jdbc:h2:mem:6a3784ae-1aa6-4bbf-b617-4d4aeabcc2af
insert into spot (address, description, location, name, score_id, spot_id) values (?, ?, ?, ?, ?, ?)
insert into spot (address, description, location, name, score_id, spot_id) values (NULL, NULL, 'Andeok_myeon', NULL, 356, 422);
2022-10-10 13:48:04.478  INFO 3923 --- [    Test worker] p6spy                                    : #1665377284478 | took 0ms | statement | connection 23| url jdbc:h2:mem:6a3784ae-1aa6-4bbf-b617-4d4aeabcc2af
insert into member_spot (member_id, score, spot_id, member_spot_id) values (?, ?, ?, ?)
insert into member_spot (member_id, score, spot_id, member_spot_id) values (14, 0.0, 422, 1480);
2022-10-10 13:48:04.478  INFO 3923 --- [    Test worker] p6spy                                    : #1665377284478 | took 0ms | statement | connection 23| url jdbc:h2:mem:6a3784ae-1aa6-4bbf-b617-4d4aeabcc2af
insert into review (content, spot_id, review_id) values (?, ?, ?)
insert into review (content, spot_id, review_id) values ('java.io.StringReader@4386305c', 369, 358);
2022-10-10 13:48:04.478  INFO 3923 --- [    Test worker] p6spy                                    : #1665377284478 | took 0ms | statement | connection 23| url jdbc:h2:mem:6a3784ae-1aa6-4bbf-b617-4d4aeabcc2af
insert into score (facility_rank, facility_score, price_rank, price_score, rank_average, surround_rank, surround_score, view_rank, view_score, score_id) values (?, ?, ?, ?, ?, ?, ?, ?, ?, ?)
insert into score (facility_rank, facility_score, price_rank, price_score, rank_average, surround_rank, surround_score, view_rank, view_score, score_id) values (3.725926805318408, 7.280681447020959, 6.958277573759364, 6.464159453257871, 3.6499095239484216, 3.308843349146083, 2.320788638935599, 2.4118784899543524, 5.773727297723836, 357);
2022-10-10 13:48:04.478  INFO 3923 --- [    Test worker] p6spy                                    : #1665377284478 | took 0ms | statement | connection 23| url jdbc:h2:mem:6a3784ae-1aa6-4bbf-b617-4d4aeabcc2af
insert into picture (spot_id, url, picture_id) values (?, ?, ?)
insert into picture (spot_id, url, picture_id) values (NULL, 'java.io.StringReader@58e35006', 1481);
2022-10-10 13:48:04.478  INFO 3923 --- [    Test worker] p6spy                                    : #1665377284478 | took 0ms | statement | connection 23| url jdbc:h2:mem:6a3784ae-1aa6-4bbf-b617-4d4aeabcc2af
insert into picture (spot_id, url, picture_id) values (?, ?, ?)
insert into picture (spot_id, url, picture_id) values (NULL, 'java.io.StringReader@291dbe83', 1482);
2022-10-10 13:48:04.478  INFO 3923 --- [    Test worker] p6spy                                    : #1665377284478 | took 0ms | statement | connection 23| url jdbc:h2:mem:6a3784ae-1aa6-4bbf-b617-4d4aeabcc2af
insert into picture (spot_id, url, picture_id) values (?, ?, ?)
insert into picture (spot_id, url, picture_id) values (NULL, 'java.io.StringReader@7bd43ad7', 1483);
2022-10-10 13:48:04.478  INFO 3923 --- [    Test worker] p6spy                                    : #1665377284478 | took 0ms | statement | connection 23| url jdbc:h2:mem:6a3784ae-1aa6-4bbf-b617-4d4aeabcc2af
insert into spot (address, description, location, name, score_id, spot_id) values (?, ?, ?, ?, ?, ?)
insert into spot (address, description, location, name, score_id, spot_id) values (NULL, NULL, 'Andeok_myeon', NULL, 357, 423);
2022-10-10 13:48:04.478  INFO 3923 --- [    Test worker] p6spy                                    : #1665377284478 | took 0ms | statement | connection 23| url jdbc:h2:mem:6a3784ae-1aa6-4bbf-b617-4d4aeabcc2af
insert into member_spot (member_id, score, spot_id, member_spot_id) values (?, ?, ?, ?)
insert into member_spot (member_id, score, spot_id, member_spot_id) values (14, 0.0, 423, 1484);
2022-10-10 13:48:04.478  INFO 3923 --- [    Test worker] p6spy                                    : #1665377284478 | took 0ms | statement | connection 23| url jdbc:h2:mem:6a3784ae-1aa6-4bbf-b617-4d4aeabcc2af
insert into review (content, spot_id, review_id) values (?, ?, ?)
insert into review (content, spot_id, review_id) values ('java.io.StringReader@545ae342', 369, 359);
2022-10-10 13:48:04.478  INFO 3923 --- [    Test worker] p6spy                                    : #1665377284478 | took 0ms | statement | connection 23| url jdbc:h2:mem:6a3784ae-1aa6-4bbf-b617-4d4aeabcc2af
insert into favorite_spot (count, favorite_id, spot_id, favorite_spot_id) values (?, ?, ?, ?)
insert into favorite_spot (count, favorite_id, spot_id, favorite_spot_id) values (0, 37, 423, 348);
2022-10-10 13:48:04.478  INFO 3923 --- [    Test worker] p6spy                                    : #1665377284478 | took 0ms | statement | connection 23| url jdbc:h2:mem:6a3784ae-1aa6-4bbf-b617-4d4aeabcc2af
insert into score (facility_rank, facility_score, price_rank, price_score, rank_average, surround_rank, surround_score, view_rank, view_score, score_id) values (?, ?, ?, ?, ?, ?, ?, ?, ?, ?)
insert into score (facility_rank, facility_score, price_rank, price_score, rank_average, surround_rank, surround_score, view_rank, view_score, score_id) values (8.973581012206347, 6.987418527328187, 2.228951843392343, 4.074767998983862, 9.808491910781672, 8.44394134905851, 3.684158533235584, 7.046321900196336, 6.634067056643458, 358);
2022-10-10 13:48:04.478  INFO 3923 --- [    Test worker] p6spy                                    : #1665377284478 | took 0ms | statement | connection 23| url jdbc:h2:mem:6a3784ae-1aa6-4bbf-b617-4d4aeabcc2af
insert into picture (spot_id, url, picture_id) values (?, ?, ?)
insert into picture (spot_id, url, picture_id) values (NULL, 'java.io.StringReader@70835eaf', 1485);
2022-10-10 13:48:04.478  INFO 3923 --- [    Test worker] p6spy                                    : #1665377284478 | took 0ms | statement | connection 23| url jdbc:h2:mem:6a3784ae-1aa6-4bbf-b617-4d4aeabcc2af
insert into picture (spot_id, url, picture_id) values (?, ?, ?)
insert into picture (spot_id, url, picture_id) values (NULL, 'java.io.StringReader@470d3ea4', 1486);
2022-10-10 13:48:04.478  INFO 3923 --- [    Test worker] p6spy                                    : #1665377284478 | took 0ms | statement | connection 23| url jdbc:h2:mem:6a3784ae-1aa6-4bbf-b617-4d4aeabcc2af
insert into picture (spot_id, url, picture_id) values (?, ?, ?)
insert into picture (spot_id, url, picture_id) values (NULL, 'java.io.StringReader@67b020cd', 1487);
2022-10-10 13:48:04.478  INFO 3923 --- [    Test worker] p6spy                                    : #1665377284478 | took 0ms | statement | connection 23| url jdbc:h2:mem:6a3784ae-1aa6-4bbf-b617-4d4aeabcc2af
insert into spot (address, description, location, name, score_id, spot_id) values (?, ?, ?, ?, ?, ?)
insert into spot (address, description, location, name, score_id, spot_id) values (NULL, NULL, 'Andeok_myeon', NULL, 358, 424);
2022-10-10 13:48:04.478  INFO 3923 --- [    Test worker] p6spy                                    : #1665377284478 | took 0ms | statement | connection 23| url jdbc:h2:mem:6a3784ae-1aa6-4bbf-b617-4d4aeabcc2af
insert into member_spot (member_id, score, spot_id, member_spot_id) values (?, ?, ?, ?)
insert into member_spot (member_id, score, spot_id, member_spot_id) values (14, 0.0, 424, 1488);
2022-10-10 13:48:04.478  INFO 3923 --- [    Test worker] p6spy                                    : #1665377284478 | took 0ms | statement | connection 23| url jdbc:h2:mem:6a3784ae-1aa6-4bbf-b617-4d4aeabcc2af
insert into review (content, spot_id, review_id) values (?, ?, ?)
insert into review (content, spot_id, review_id) values ('java.io.StringReader@6d80091d', 369, 360);
2022-10-10 13:48:04.478  INFO 3923 --- [    Test worker] p6spy                                    : #1665377284478 | took 0ms | statement | connection 23| url jdbc:h2:mem:6a3784ae-1aa6-4bbf-b617-4d4aeabcc2af
insert into score (facility_rank, facility_score, price_rank, price_score, rank_average, surround_rank, surround_score, view_rank, view_score, score_id) values (?, ?, ?, ?, ?, ?, ?, ?, ?, ?)
insert into score (facility_rank, facility_score, price_rank, price_score, rank_average, surround_rank, surround_score, view_rank, view_score, score_id) values (8.470299492191465, 1.7117931661988695, 5.058102193814636, 0.42619136528604273, 0.6898445181241464, 5.143666703950212, 4.564335021076155, 4.4242211879456725, 3.433342483349752, 359);
2022-10-10 13:48:04.478  INFO 3923 --- [    Test worker] p6spy                                    : #1665377284478 | took 0ms | statement | connection 23| url jdbc:h2:mem:6a3784ae-1aa6-4bbf-b617-4d4aeabcc2af
insert into picture (spot_id, url, picture_id) values (?, ?, ?)
insert into picture (spot_id, url, picture_id) values (NULL, 'java.io.StringReader@2ee3bf7f', 1489);
2022-10-10 13:48:04.478  INFO 3923 --- [    Test worker] p6spy                                    : #1665377284478 | took 0ms | statement | connection 23| url jdbc:h2:mem:6a3784ae-1aa6-4bbf-b617-4d4aeabcc2af
insert into picture (spot_id, url, picture_id) values (?, ?, ?)
insert into picture (spot_id, url, picture_id) values (NULL, 'java.io.StringReader@7c0f5c63', 1490);
2022-10-10 13:48:04.478  INFO 3923 --- [    Test worker] p6spy                                    : #1665377284478 | took 0ms | statement | connection 23| url jdbc:h2:mem:6a3784ae-1aa6-4bbf-b617-4d4aeabcc2af
insert into picture (spot_id, url, picture_id) values (?, ?, ?)
insert into picture (spot_id, url, picture_id) values (NULL, 'java.io.StringReader@43628262', 1491);
2022-10-10 13:48:04.478  INFO 3923 --- [    Test worker] p6spy                                    : #1665377284478 | took 0ms | statement | connection 23| url jdbc:h2:mem:6a3784ae-1aa6-4bbf-b617-4d4aeabcc2af
insert into spot (address, description, location, name, score_id, spot_id) values (?, ?, ?, ?, ?, ?)
insert into spot (address, description, location, name, score_id, spot_id) values (NULL, NULL, 'Andeok_myeon', NULL, 359, 425);
2022-10-10 13:48:04.478  INFO 3923 --- [    Test worker] p6spy                                    : #1665377284478 | took 0ms | statement | connection 23| url jdbc:h2:mem:6a3784ae-1aa6-4bbf-b617-4d4aeabcc2af
insert into member_spot (member_id, score, spot_id, member_spot_id) values (?, ?, ?, ?)
insert into member_spot (member_id, score, spot_id, member_spot_id) values (14, 0.0, 425, 1492);
2022-10-10 13:48:04.478  INFO 3923 --- [    Test worker] p6spy                                    : #1665377284478 | took 0ms | statement | connection 23| url jdbc:h2:mem:6a3784ae-1aa6-4bbf-b617-4d4aeabcc2af
insert into review (content, spot_id, review_id) values (?, ?, ?)
insert into review (content, spot_id, review_id) values ('java.io.StringReader@3663c8d', 369, 361);
2022-10-10 13:48:04.478  INFO 3923 --- [    Test worker] p6spy                                    : #1665377284478 | took 0ms | statement | connection 23| url jdbc:h2:mem:6a3784ae-1aa6-4bbf-b617-4d4aeabcc2af
insert into favorite_spot (count, favorite_id, spot_id, favorite_spot_id) values (?, ?, ?, ?)
insert into favorite_spot (count, favorite_id, spot_id, favorite_spot_id) values (0, 37, 425, 349);
2022-10-10 13:48:04.478  INFO 3923 --- [    Test worker] p6spy                                    : #1665377284478 | took 0ms | statement | connection 23| url jdbc:h2:mem:6a3784ae-1aa6-4bbf-b617-4d4aeabcc2af
insert into score (facility_rank, facility_score, price_rank, price_score, rank_average, surround_rank, surround_score, view_rank, view_score, score_id) values (?, ?, ?, ?, ?, ?, ?, ?, ?, ?)
insert into score (facility_rank, facility_score, price_rank, price_score, rank_average, surround_rank, surround_score, view_rank, view_score, score_id) values (1.9461470362980182, 1.7739967843525717, 3.4555659882915126, 5.532882127999825, 6.012745699365966, 3.5920753842724853, 7.403494840380201, 9.69554467986616, 1.40603960500977, 360);
2022-10-10 13:48:04.478  INFO 3923 --- [    Test worker] p6spy                                    : #1665377284478 | took 0ms | statement | connection 23| url jdbc:h2:mem:6a3784ae-1aa6-4bbf-b617-4d4aeabcc2af
insert into picture (spot_id, url, picture_id) values (?, ?, ?)
insert into picture (spot_id, url, picture_id) values (NULL, 'java.io.StringReader@4b7ee60b', 1493);
2022-10-10 13:48:04.478  INFO 3923 --- [    Test worker] p6spy                                    : #1665377284478 | took 0ms | statement | connection 23| url jdbc:h2:mem:6a3784ae-1aa6-4bbf-b617-4d4aeabcc2af
insert into picture (spot_id, url, picture_id) values (?, ?, ?)
insert into picture (spot_id, url, picture_id) values (NULL, 'java.io.StringReader@3b6585fb', 1494);
2022-10-10 13:48:04.478  INFO 3923 --- [    Test worker] p6spy                                    : #1665377284478 | took 0ms | statement | connection 23| url jdbc:h2:mem:6a3784ae-1aa6-4bbf-b617-4d4aeabcc2af
insert into picture (spot_id, url, picture_id) values (?, ?, ?)
insert into picture (spot_id, url, picture_id) values (NULL, 'java.io.StringReader@20aec74f', 1495);
2022-10-10 13:48:04.478  INFO 3923 --- [    Test worker] p6spy                                    : #1665377284478 | took 0ms | statement | connection 23| url jdbc:h2:mem:6a3784ae-1aa6-4bbf-b617-4d4aeabcc2af
insert into spot (address, description, location, name, score_id, spot_id) values (?, ?, ?, ?, ?, ?)
insert into spot (address, description, location, name, score_id, spot_id) values (NULL, NULL, 'Andeok_myeon', NULL, 360, 426);
2022-10-10 13:48:04.478  INFO 3923 --- [    Test worker] p6spy                                    : #1665377284478 | took 0ms | statement | connection 23| url jdbc:h2:mem:6a3784ae-1aa6-4bbf-b617-4d4aeabcc2af
insert into member_spot (member_id, score, spot_id, member_spot_id) values (?, ?, ?, ?)
insert into member_spot (member_id, score, spot_id, member_spot_id) values (14, 0.0, 426, 1496);
2022-10-10 13:48:04.479  INFO 3923 --- [    Test worker] p6spy                                    : #1665377284479 | took 0ms | statement | connection 23| url jdbc:h2:mem:6a3784ae-1aa6-4bbf-b617-4d4aeabcc2af
insert into review (content, spot_id, review_id) values (?, ?, ?)
insert into review (content, spot_id, review_id) values ('java.io.StringReader@4edbf855', 369, 362);
2022-10-10 13:48:04.479  INFO 3923 --- [    Test worker] p6spy                                    : #1665377284479 | took 0ms | statement | connection 23| url jdbc:h2:mem:6a3784ae-1aa6-4bbf-b617-4d4aeabcc2af
insert into score (facility_rank, facility_score, price_rank, price_score, rank_average, surround_rank, surround_score, view_rank, view_score, score_id) values (?, ?, ?, ?, ?, ?, ?, ?, ?, ?)
insert into score (facility_rank, facility_score, price_rank, price_score, rank_average, surround_rank, surround_score, view_rank, view_score, score_id) values (3.455612100104404, 1.9929313346238386, 1.4623986729175198, 7.736021138715098, 1.834493017106713, 0.8860340298539637, 9.48335891623116, 7.975929059181709, 1.041633525922101, 361);
2022-10-10 13:48:04.479  INFO 3923 --- [    Test worker] p6spy                                    : #1665377284479 | took 0ms | statement | connection 23| url jdbc:h2:mem:6a3784ae-1aa6-4bbf-b617-4d4aeabcc2af
insert into picture (spot_id, url, picture_id) values (?, ?, ?)
insert into picture (spot_id, url, picture_id) values (NULL, 'java.io.StringReader@1fbea232', 1497);
2022-10-10 13:48:04.479  INFO 3923 --- [    Test worker] p6spy                                    : #1665377284479 | took 0ms | statement | connection 23| url jdbc:h2:mem:6a3784ae-1aa6-4bbf-b617-4d4aeabcc2af
insert into picture (spot_id, url, picture_id) values (?, ?, ?)
insert into picture (spot_id, url, picture_id) values (NULL, 'java.io.StringReader@f983c87', 1498);
2022-10-10 13:48:04.479  INFO 3923 --- [    Test worker] p6spy                                    : #1665377284479 | took 0ms | statement | connection 23| url jdbc:h2:mem:6a3784ae-1aa6-4bbf-b617-4d4aeabcc2af
insert into picture (spot_id, url, picture_id) values (?, ?, ?)
insert into picture (spot_id, url, picture_id) values (NULL, 'java.io.StringReader@304b2629', 1499);
2022-10-10 13:48:04.479  INFO 3923 --- [    Test worker] p6spy                                    : #1665377284479 | took 0ms | statement | connection 23| url jdbc:h2:mem:6a3784ae-1aa6-4bbf-b617-4d4aeabcc2af
insert into spot (address, description, location, name, score_id, spot_id) values (?, ?, ?, ?, ?, ?)
insert into spot (address, description, location, name, score_id, spot_id) values (NULL, NULL, 'Andeok_myeon', NULL, 361, 427);
2022-10-10 13:48:04.479  INFO 3923 --- [    Test worker] p6spy                                    : #1665377284479 | took 0ms | statement | connection 23| url jdbc:h2:mem:6a3784ae-1aa6-4bbf-b617-4d4aeabcc2af
insert into member_spot (member_id, score, spot_id, member_spot_id) values (?, ?, ?, ?)
insert into member_spot (member_id, score, spot_id, member_spot_id) values (14, 0.0, 427, 1500);
2022-10-10 13:48:04.479  INFO 3923 --- [    Test worker] p6spy                                    : #1665377284479 | took 0ms | statement | connection 23| url jdbc:h2:mem:6a3784ae-1aa6-4bbf-b617-4d4aeabcc2af
insert into review (content, spot_id, review_id) values (?, ?, ?)
insert into review (content, spot_id, review_id) values ('java.io.StringReader@1bf8b5d9', 369, 363);
2022-10-10 13:48:04.479  INFO 3923 --- [    Test worker] p6spy                                    : #1665377284479 | took 0ms | statement | connection 23| url jdbc:h2:mem:6a3784ae-1aa6-4bbf-b617-4d4aeabcc2af
insert into favorite_spot (count, favorite_id, spot_id, favorite_spot_id) values (?, ?, ?, ?)
insert into favorite_spot (count, favorite_id, spot_id, favorite_spot_id) values (0, 37, 427, 350);
2022-10-10 13:48:04.479  INFO 3923 --- [    Test worker] p6spy                                    : #1665377284479 | took 0ms | statement | connection 23| url jdbc:h2:mem:6a3784ae-1aa6-4bbf-b617-4d4aeabcc2af
insert into score (facility_rank, facility_score, price_rank, price_score, rank_average, surround_rank, surround_score, view_rank, view_score, score_id) values (?, ?, ?, ?, ?, ?, ?, ?, ?, ?)
insert into score (facility_rank, facility_score, price_rank, price_score, rank_average, surround_rank, surround_score, view_rank, view_score, score_id) values (3.9020814994236064, 2.0086393671782354, 7.19149881128207, 6.979513852900958, 5.053969662664471, 7.602717593495716, 9.293606835000341, 7.9169287992505915, 7.696357156091263, 362);
2022-10-10 13:48:04.479  INFO 3923 --- [    Test worker] p6spy                                    : #1665377284479 | took 0ms | statement | connection 23| url jdbc:h2:mem:6a3784ae-1aa6-4bbf-b617-4d4aeabcc2af
insert into picture (spot_id, url, picture_id) values (?, ?, ?)
insert into picture (spot_id, url, picture_id) values (NULL, 'java.io.StringReader@32223f56', 1501);
2022-10-10 13:48:04.479  INFO 3923 --- [    Test worker] p6spy                                    : #1665377284479 | took 0ms | statement | connection 23| url jdbc:h2:mem:6a3784ae-1aa6-4bbf-b617-4d4aeabcc2af
insert into picture (spot_id, url, picture_id) values (?, ?, ?)
insert into picture (spot_id, url, picture_id) values (NULL, 'java.io.StringReader@42eb593b', 1502);
2022-10-10 13:48:04.479  INFO 3923 --- [    Test worker] p6spy                                    : #1665377284479 | took 0ms | statement | connection 23| url jdbc:h2:mem:6a3784ae-1aa6-4bbf-b617-4d4aeabcc2af
insert into picture (spot_id, url, picture_id) values (?, ?, ?)
insert into picture (spot_id, url, picture_id) values (NULL, 'java.io.StringReader@f160948', 1503);
2022-10-10 13:48:04.479  INFO 3923 --- [    Test worker] p6spy                                    : #1665377284479 | took 0ms | statement | connection 23| url jdbc:h2:mem:6a3784ae-1aa6-4bbf-b617-4d4aeabcc2af
insert into spot (address, description, location, name, score_id, spot_id) values (?, ?, ?, ?, ?, ?)
insert into spot (address, description, location, name, score_id, spot_id) values (NULL, NULL, 'Andeok_myeon', NULL, 362, 428);
2022-10-10 13:48:04.479  INFO 3923 --- [    Test worker] p6spy                                    : #1665377284479 | took 0ms | statement | connection 23| url jdbc:h2:mem:6a3784ae-1aa6-4bbf-b617-4d4aeabcc2af
insert into member_spot (member_id, score, spot_id, member_spot_id) values (?, ?, ?, ?)
insert into member_spot (member_id, score, spot_id, member_spot_id) values (14, 0.0, 428, 1504);
2022-10-10 13:48:04.479  INFO 3923 --- [    Test worker] p6spy                                    : #1665377284479 | took 0ms | statement | connection 23| url jdbc:h2:mem:6a3784ae-1aa6-4bbf-b617-4d4aeabcc2af
insert into review (content, spot_id, review_id) values (?, ?, ?)
insert into review (content, spot_id, review_id) values ('java.io.StringReader@477b324e', 369, 364);
2022-10-10 13:48:04.479  INFO 3923 --- [    Test worker] p6spy                                    : #1665377284479 | took 0ms | statement | connection 23| url jdbc:h2:mem:6a3784ae-1aa6-4bbf-b617-4d4aeabcc2af
insert into score (facility_rank, facility_score, price_rank, price_score, rank_average, surround_rank, surround_score, view_rank, view_score, score_id) values (?, ?, ?, ?, ?, ?, ?, ?, ?, ?)
insert into score (facility_rank, facility_score, price_rank, price_score, rank_average, surround_rank, surround_score, view_rank, view_score, score_id) values (5.918724312229243, 0.2870775996421815, 1.1478805709442252, 8.142059246337887, 7.145913784579236, 9.005742450829993, 5.436750324245034, 0.20445893622068279, 3.6958406411470444, 363);
2022-10-10 13:48:04.479  INFO 3923 --- [    Test worker] p6spy                                    : #1665377284479 | took 0ms | statement | connection 23| url jdbc:h2:mem:6a3784ae-1aa6-4bbf-b617-4d4aeabcc2af
insert into picture (spot_id, url, picture_id) values (?, ?, ?)
insert into picture (spot_id, url, picture_id) values (NULL, 'java.io.StringReader@1b31ca2', 1505);
2022-10-10 13:48:04.479  INFO 3923 --- [    Test worker] p6spy                                    : #1665377284479 | took 0ms | statement | connection 23| url jdbc:h2:mem:6a3784ae-1aa6-4bbf-b617-4d4aeabcc2af
insert into picture (spot_id, url, picture_id) values (?, ?, ?)
insert into picture (spot_id, url, picture_id) values (NULL, 'java.io.StringReader@4023e834', 1506);
2022-10-10 13:48:04.479  INFO 3923 --- [    Test worker] p6spy                                    : #1665377284479 | took 0ms | statement | connection 23| url jdbc:h2:mem:6a3784ae-1aa6-4bbf-b617-4d4aeabcc2af
insert into picture (spot_id, url, picture_id) values (?, ?, ?)
insert into picture (spot_id, url, picture_id) values (NULL, 'java.io.StringReader@75f92fdc', 1507);
2022-10-10 13:48:04.479  INFO 3923 --- [    Test worker] p6spy                                    : #1665377284479 | took 0ms | statement | connection 23| url jdbc:h2:mem:6a3784ae-1aa6-4bbf-b617-4d4aeabcc2af
insert into spot (address, description, location, name, score_id, spot_id) values (?, ?, ?, ?, ?, ?)
insert into spot (address, description, location, name, score_id, spot_id) values (NULL, NULL, 'Andeok_myeon', NULL, 363, 429);
2022-10-10 13:48:04.479  INFO 3923 --- [    Test worker] p6spy                                    : #1665377284479 | took 0ms | statement | connection 23| url jdbc:h2:mem:6a3784ae-1aa6-4bbf-b617-4d4aeabcc2af
insert into member_spot (member_id, score, spot_id, member_spot_id) values (?, ?, ?, ?)
insert into member_spot (member_id, score, spot_id, member_spot_id) values (14, 0.0, 429, 1508);
2022-10-10 13:48:04.479  INFO 3923 --- [    Test worker] p6spy                                    : #1665377284479 | took 0ms | statement | connection 23| url jdbc:h2:mem:6a3784ae-1aa6-4bbf-b617-4d4aeabcc2af
insert into review (content, spot_id, review_id) values (?, ?, ?)
insert into review (content, spot_id, review_id) values ('java.io.StringReader@563f000f', 369, 365);
2022-10-10 13:48:04.479  INFO 3923 --- [    Test worker] p6spy                                    : #1665377284479 | took 0ms | statement | connection 23| url jdbc:h2:mem:6a3784ae-1aa6-4bbf-b617-4d4aeabcc2af
insert into favorite_spot (count, favorite_id, spot_id, favorite_spot_id) values (?, ?, ?, ?)
insert into favorite_spot (count, favorite_id, spot_id, favorite_spot_id) values (0, 37, 429, 351);
2022-10-10 13:48:04.479  INFO 3923 --- [    Test worker] p6spy                                    : #1665377284479 | took 0ms | statement | connection 23| url jdbc:h2:mem:6a3784ae-1aa6-4bbf-b617-4d4aeabcc2af
insert into score (facility_rank, facility_score, price_rank, price_score, rank_average, surround_rank, surround_score, view_rank, view_score, score_id) values (?, ?, ?, ?, ?, ?, ?, ?, ?, ?)
insert into score (facility_rank, facility_score, price_rank, price_score, rank_average, surround_rank, surround_score, view_rank, view_score, score_id) values (8.702864541235497, 6.587396369885243, 2.0497476947414297, 8.03276104711249, 4.494486388548568, 6.911893179602512, 3.41123745309401, 5.805586613359886, 6.834847195110556, 364);
2022-10-10 13:48:04.479  INFO 3923 --- [    Test worker] p6spy                                    : #1665377284479 | took 0ms | statement | connection 23| url jdbc:h2:mem:6a3784ae-1aa6-4bbf-b617-4d4aeabcc2af
insert into picture (spot_id, url, picture_id) values (?, ?, ?)
insert into picture (spot_id, url, picture_id) values (NULL, 'java.io.StringReader@53a7646', 1509);
2022-10-10 13:48:04.479  INFO 3923 --- [    Test worker] p6spy                                    : #1665377284479 | took 0ms | statement | connection 23| url jdbc:h2:mem:6a3784ae-1aa6-4bbf-b617-4d4aeabcc2af
insert into picture (spot_id, url, picture_id) values (?, ?, ?)
insert into picture (spot_id, url, picture_id) values (NULL, 'java.io.StringReader@72416b53', 1510);
2022-10-10 13:48:04.479  INFO 3923 --- [    Test worker] p6spy                                    : #1665377284479 | took 0ms | statement | connection 23| url jdbc:h2:mem:6a3784ae-1aa6-4bbf-b617-4d4aeabcc2af
insert into picture (spot_id, url, picture_id) values (?, ?, ?)
insert into picture (spot_id, url, picture_id) values (NULL, 'java.io.StringReader@5512216e', 1511);
2022-10-10 13:48:04.479  INFO 3923 --- [    Test worker] p6spy                                    : #1665377284479 | took 0ms | statement | connection 23| url jdbc:h2:mem:6a3784ae-1aa6-4bbf-b617-4d4aeabcc2af
insert into spot (address, description, location, name, score_id, spot_id) values (?, ?, ?, ?, ?, ?)
insert into spot (address, description, location, name, score_id, spot_id) values (NULL, NULL, 'Andeok_myeon', NULL, 364, 430);
2022-10-10 13:48:04.479  INFO 3923 --- [    Test worker] p6spy                                    : #1665377284479 | took 0ms | statement | connection 23| url jdbc:h2:mem:6a3784ae-1aa6-4bbf-b617-4d4aeabcc2af
insert into member_spot (member_id, score, spot_id, member_spot_id) values (?, ?, ?, ?)
insert into member_spot (member_id, score, spot_id, member_spot_id) values (14, 0.0, 430, 1512);
2022-10-10 13:48:04.479  INFO 3923 --- [    Test worker] p6spy                                    : #1665377284479 | took 0ms | statement | connection 23| url jdbc:h2:mem:6a3784ae-1aa6-4bbf-b617-4d4aeabcc2af
insert into review (content, spot_id, review_id) values (?, ?, ?)
insert into review (content, spot_id, review_id) values ('java.io.StringReader@1ac6b7ae', 369, 366);
2022-10-10 13:48:04.479  INFO 3923 --- [    Test worker] p6spy                                    : #1665377284479 | took 0ms | statement | connection 23| url jdbc:h2:mem:6a3784ae-1aa6-4bbf-b617-4d4aeabcc2af
insert into score (facility_rank, facility_score, price_rank, price_score, rank_average, surround_rank, surround_score, view_rank, view_score, score_id) values (?, ?, ?, ?, ?, ?, ?, ?, ?, ?)
insert into score (facility_rank, facility_score, price_rank, price_score, rank_average, surround_rank, surround_score, view_rank, view_score, score_id) values (6.06119666261691, 3.057740415092515, 0.28306893672013667, 5.913156626959815, 1.0602412622682278, 5.680069197636835, 0.8890065983412521, 0.6735485742240344, 9.388383010747816, 365);
2022-10-10 13:48:04.480  INFO 3923 --- [    Test worker] p6spy                                    : #1665377284480 | took 0ms | statement | connection 23| url jdbc:h2:mem:6a3784ae-1aa6-4bbf-b617-4d4aeabcc2af
insert into picture (spot_id, url, picture_id) values (?, ?, ?)
insert into picture (spot_id, url, picture_id) values (NULL, 'java.io.StringReader@4eae9569', 1513);
2022-10-10 13:48:04.480  INFO 3923 --- [    Test worker] p6spy                                    : #1665377284480 | took 0ms | statement | connection 23| url jdbc:h2:mem:6a3784ae-1aa6-4bbf-b617-4d4aeabcc2af
insert into picture (spot_id, url, picture_id) values (?, ?, ?)
insert into picture (spot_id, url, picture_id) values (NULL, 'java.io.StringReader@65209097', 1514);
2022-10-10 13:48:04.480  INFO 3923 --- [    Test worker] p6spy                                    : #1665377284480 | took 0ms | statement | connection 23| url jdbc:h2:mem:6a3784ae-1aa6-4bbf-b617-4d4aeabcc2af
insert into picture (spot_id, url, picture_id) values (?, ?, ?)
insert into picture (spot_id, url, picture_id) values (NULL, 'java.io.StringReader@356fc284', 1515);
2022-10-10 13:48:04.480  INFO 3923 --- [    Test worker] p6spy                                    : #1665377284480 | took 0ms | statement | connection 23| url jdbc:h2:mem:6a3784ae-1aa6-4bbf-b617-4d4aeabcc2af
insert into spot (address, description, location, name, score_id, spot_id) values (?, ?, ?, ?, ?, ?)
insert into spot (address, description, location, name, score_id, spot_id) values (NULL, NULL, 'Andeok_myeon', NULL, 365, 431);
2022-10-10 13:48:04.480  INFO 3923 --- [    Test worker] p6spy                                    : #1665377284480 | took 0ms | statement | connection 23| url jdbc:h2:mem:6a3784ae-1aa6-4bbf-b617-4d4aeabcc2af
insert into member_spot (member_id, score, spot_id, member_spot_id) values (?, ?, ?, ?)
insert into member_spot (member_id, score, spot_id, member_spot_id) values (14, 0.0, 431, 1516);
2022-10-10 13:48:04.480  INFO 3923 --- [    Test worker] p6spy                                    : #1665377284480 | took 0ms | statement | connection 23| url jdbc:h2:mem:6a3784ae-1aa6-4bbf-b617-4d4aeabcc2af
insert into review (content, spot_id, review_id) values (?, ?, ?)
insert into review (content, spot_id, review_id) values ('java.io.StringReader@754df305', 369, 367);
2022-10-10 13:48:04.480  INFO 3923 --- [    Test worker] p6spy                                    : #1665377284480 | took 0ms | statement | connection 23| url jdbc:h2:mem:6a3784ae-1aa6-4bbf-b617-4d4aeabcc2af
insert into favorite_spot (count, favorite_id, spot_id, favorite_spot_id) values (?, ?, ?, ?)
insert into favorite_spot (count, favorite_id, spot_id, favorite_spot_id) values (0, 37, 431, 352);
2022-10-10 13:48:04.480  INFO 3923 --- [    Test worker] p6spy                                    : #1665377284480 | took 0ms | statement | connection 23| url jdbc:h2:mem:6a3784ae-1aa6-4bbf-b617-4d4aeabcc2af
insert into score (facility_rank, facility_score, price_rank, price_score, rank_average, surround_rank, surround_score, view_rank, view_score, score_id) values (?, ?, ?, ?, ?, ?, ?, ?, ?, ?)
insert into score (facility_rank, facility_score, price_rank, price_score, rank_average, surround_rank, surround_score, view_rank, view_score, score_id) values (1.0687227263322918, 4.823009964858905, 0.5814935615730199, 6.4680275489353525, 7.585163011670301, 7.582831402293916, 2.6173329394743727, 2.9102415834365782, 8.504238471104083, 366);
2022-10-10 13:48:04.480  INFO 3923 --- [    Test worker] p6spy                                    : #1665377284480 | took 0ms | statement | connection 23| url jdbc:h2:mem:6a3784ae-1aa6-4bbf-b617-4d4aeabcc2af
insert into picture (spot_id, url, picture_id) values (?, ?, ?)
insert into picture (spot_id, url, picture_id) values (NULL, 'java.io.StringReader@34c0d735', 1517);
2022-10-10 13:48:04.480  INFO 3923 --- [    Test worker] p6spy                                    : #1665377284480 | took 0ms | statement | connection 23| url jdbc:h2:mem:6a3784ae-1aa6-4bbf-b617-4d4aeabcc2af
insert into picture (spot_id, url, picture_id) values (?, ?, ?)
insert into picture (spot_id, url, picture_id) values (NULL, 'java.io.StringReader@79a68aa3', 1518);
2022-10-10 13:48:04.480  INFO 3923 --- [    Test worker] p6spy                                    : #1665377284480 | took 0ms | statement | connection 23| url jdbc:h2:mem:6a3784ae-1aa6-4bbf-b617-4d4aeabcc2af
insert into picture (spot_id, url, picture_id) values (?, ?, ?)
insert into picture (spot_id, url, picture_id) values (NULL, 'java.io.StringReader@684682e4', 1519);
2022-10-10 13:48:04.480  INFO 3923 --- [    Test worker] p6spy                                    : #1665377284480 | took 0ms | statement | connection 23| url jdbc:h2:mem:6a3784ae-1aa6-4bbf-b617-4d4aeabcc2af
insert into spot (address, description, location, name, score_id, spot_id) values (?, ?, ?, ?, ?, ?)
insert into spot (address, description, location, name, score_id, spot_id) values (NULL, NULL, 'Andeok_myeon', NULL, 366, 432);
2022-10-10 13:48:04.480  INFO 3923 --- [    Test worker] p6spy                                    : #1665377284480 | took 0ms | statement | connection 23| url jdbc:h2:mem:6a3784ae-1aa6-4bbf-b617-4d4aeabcc2af
insert into member_spot (member_id, score, spot_id, member_spot_id) values (?, ?, ?, ?)
insert into member_spot (member_id, score, spot_id, member_spot_id) values (14, 0.0, 432, 1520);
2022-10-10 13:48:04.480  INFO 3923 --- [    Test worker] p6spy                                    : #1665377284480 | took 0ms | statement | connection 23| url jdbc:h2:mem:6a3784ae-1aa6-4bbf-b617-4d4aeabcc2af
insert into review (content, spot_id, review_id) values (?, ?, ?)
insert into review (content, spot_id, review_id) values ('java.io.StringReader@1d071d30', 369, 368);
2022-10-10 13:48:04.480  INFO 3923 --- [    Test worker] p6spy                                    : #1665377284480 | took 0ms | statement | connection 23| url jdbc:h2:mem:6a3784ae-1aa6-4bbf-b617-4d4aeabcc2af
insert into score (facility_rank, facility_score, price_rank, price_score, rank_average, surround_rank, surround_score, view_rank, view_score, score_id) values (?, ?, ?, ?, ?, ?, ?, ?, ?, ?)
insert into score (facility_rank, facility_score, price_rank, price_score, rank_average, surround_rank, surround_score, view_rank, view_score, score_id) values (8.773383096565752, 3.4094247025461133, 8.458594439552822, 6.461082698059725, 7.242017199386019, 6.900274504633503, 2.951558652098134, 9.130692056349565, 5.391355069277987, 367);
2022-10-10 13:48:04.480  INFO 3923 --- [    Test worker] p6spy                                    : #1665377284480 | took 0ms | statement | connection 23| url jdbc:h2:mem:6a3784ae-1aa6-4bbf-b617-4d4aeabcc2af
insert into picture (spot_id, url, picture_id) values (?, ?, ?)
insert into picture (spot_id, url, picture_id) values (NULL, 'java.io.StringReader@68154374', 1521);
2022-10-10 13:48:04.480  INFO 3923 --- [    Test worker] p6spy                                    : #1665377284480 | took 0ms | statement | connection 23| url jdbc:h2:mem:6a3784ae-1aa6-4bbf-b617-4d4aeabcc2af
insert into picture (spot_id, url, picture_id) values (?, ?, ?)
insert into picture (spot_id, url, picture_id) values (NULL, 'java.io.StringReader@4fc8f5ba', 1522);
2022-10-10 13:48:04.480  INFO 3923 --- [    Test worker] p6spy                                    : #1665377284480 | took 0ms | statement | connection 23| url jdbc:h2:mem:6a3784ae-1aa6-4bbf-b617-4d4aeabcc2af
insert into picture (spot_id, url, picture_id) values (?, ?, ?)
insert into picture (spot_id, url, picture_id) values (NULL, 'java.io.StringReader@30b9b8a5', 1523);
2022-10-10 13:48:04.480  INFO 3923 --- [    Test worker] p6spy                                    : #1665377284480 | took 0ms | statement | connection 23| url jdbc:h2:mem:6a3784ae-1aa6-4bbf-b617-4d4aeabcc2af
insert into spot (address, description, location, name, score_id, spot_id) values (?, ?, ?, ?, ?, ?)
insert into spot (address, description, location, name, score_id, spot_id) values (NULL, NULL, 'Andeok_myeon', NULL, 367, 433);
2022-10-10 13:48:04.480  INFO 3923 --- [    Test worker] p6spy                                    : #1665377284480 | took 0ms | statement | connection 23| url jdbc:h2:mem:6a3784ae-1aa6-4bbf-b617-4d4aeabcc2af
insert into member_spot (member_id, score, spot_id, member_spot_id) values (?, ?, ?, ?)
insert into member_spot (member_id, score, spot_id, member_spot_id) values (14, 0.0, 433, 1524);
2022-10-10 13:48:04.480  INFO 3923 --- [    Test worker] p6spy                                    : #1665377284480 | took 0ms | statement | connection 23| url jdbc:h2:mem:6a3784ae-1aa6-4bbf-b617-4d4aeabcc2af
insert into review (content, spot_id, review_id) values (?, ?, ?)
insert into review (content, spot_id, review_id) values ('java.io.StringReader@63028db', 369, 369);
2022-10-10 13:48:04.480  INFO 3923 --- [    Test worker] p6spy                                    : #1665377284480 | took 0ms | statement | connection 23| url jdbc:h2:mem:6a3784ae-1aa6-4bbf-b617-4d4aeabcc2af
insert into favorite_spot (count, favorite_id, spot_id, favorite_spot_id) values (?, ?, ?, ?)
insert into favorite_spot (count, favorite_id, spot_id, favorite_spot_id) values (0, 37, 433, 353);
2022-10-10 13:48:04.480  INFO 3923 --- [    Test worker] p6spy                                    : #1665377284480 | took 0ms | statement | connection 23| url jdbc:h2:mem:6a3784ae-1aa6-4bbf-b617-4d4aeabcc2af
insert into score (facility_rank, facility_score, price_rank, price_score, rank_average, surround_rank, surround_score, view_rank, view_score, score_id) values (?, ?, ?, ?, ?, ?, ?, ?, ?, ?)
insert into score (facility_rank, facility_score, price_rank, price_score, rank_average, surround_rank, surround_score, view_rank, view_score, score_id) values (4.609432736171257, 9.88474361917465, 5.623543223151801, 8.488299817647013, 1.7982982166097594, 2.1937035352519163, 3.177316267833291, 8.38038513006161, 3.692178638427037, 368);
2022-10-10 13:48:04.480  INFO 3923 --- [    Test worker] p6spy                                    : #1665377284480 | took 0ms | statement | connection 23| url jdbc:h2:mem:6a3784ae-1aa6-4bbf-b617-4d4aeabcc2af
insert into picture (spot_id, url, picture_id) values (?, ?, ?)
insert into picture (spot_id, url, picture_id) values (NULL, 'java.io.StringReader@4b7217a2', 1525);
2022-10-10 13:48:04.480  INFO 3923 --- [    Test worker] p6spy                                    : #1665377284480 | took 0ms | statement | connection 23| url jdbc:h2:mem:6a3784ae-1aa6-4bbf-b617-4d4aeabcc2af
insert into picture (spot_id, url, picture_id) values (?, ?, ?)
insert into picture (spot_id, url, picture_id) values (NULL, 'java.io.StringReader@3734e41b', 1526);
2022-10-10 13:48:04.480  INFO 3923 --- [    Test worker] p6spy                                    : #1665377284480 | took 0ms | statement | connection 23| url jdbc:h2:mem:6a3784ae-1aa6-4bbf-b617-4d4aeabcc2af
insert into picture (spot_id, url, picture_id) values (?, ?, ?)
insert into picture (spot_id, url, picture_id) values (NULL, 'java.io.StringReader@77b9ca8d', 1527);
2022-10-10 13:48:04.480  INFO 3923 --- [    Test worker] p6spy                                    : #1665377284480 | took 0ms | statement | connection 23| url jdbc:h2:mem:6a3784ae-1aa6-4bbf-b617-4d4aeabcc2af
insert into spot (address, description, location, name, score_id, spot_id) values (?, ?, ?, ?, ?, ?)
insert into spot (address, description, location, name, score_id, spot_id) values (NULL, NULL, 'Andeok_myeon', NULL, 368, 434);
2022-10-10 13:48:04.480  INFO 3923 --- [    Test worker] p6spy                                    : #1665377284480 | took 0ms | statement | connection 23| url jdbc:h2:mem:6a3784ae-1aa6-4bbf-b617-4d4aeabcc2af
insert into member_spot (member_id, score, spot_id, member_spot_id) values (?, ?, ?, ?)
insert into member_spot (member_id, score, spot_id, member_spot_id) values (14, 0.0, 434, 1528);
2022-10-10 13:48:04.481  INFO 3923 --- [    Test worker] p6spy                                    : #1665377284481 | took 0ms | statement | connection 23| url jdbc:h2:mem:6a3784ae-1aa6-4bbf-b617-4d4aeabcc2af
insert into review (content, spot_id, review_id) values (?, ?, ?)
insert into review (content, spot_id, review_id) values ('java.io.StringReader@56fa0c64', 369, 370);
2022-10-10 13:48:04.481  INFO 3923 --- [    Test worker] p6spy                                    : #1665377284481 | took 0ms | statement | connection 23| url jdbc:h2:mem:6a3784ae-1aa6-4bbf-b617-4d4aeabcc2af
insert into score (facility_rank, facility_score, price_rank, price_score, rank_average, surround_rank, surround_score, view_rank, view_score, score_id) values (?, ?, ?, ?, ?, ?, ?, ?, ?, ?)
insert into score (facility_rank, facility_score, price_rank, price_score, rank_average, surround_rank, surround_score, view_rank, view_score, score_id) values (6.092398780331062, 3.1628866389491037, 7.98976726701882, 5.776817781663994, 5.7989793135633905, 2.1104192227566845, 7.872985318664782, 9.840453655901204, 8.1643158977716, 369);
2022-10-10 13:48:04.481  INFO 3923 --- [    Test worker] p6spy                                    : #1665377284481 | took 0ms | statement | connection 23| url jdbc:h2:mem:6a3784ae-1aa6-4bbf-b617-4d4aeabcc2af
insert into picture (spot_id, url, picture_id) values (?, ?, ?)
insert into picture (spot_id, url, picture_id) values (NULL, 'java.io.StringReader@3d0eefba', 1529);
2022-10-10 13:48:04.481  INFO 3923 --- [    Test worker] p6spy                                    : #1665377284481 | took 0ms | statement | connection 23| url jdbc:h2:mem:6a3784ae-1aa6-4bbf-b617-4d4aeabcc2af
insert into picture (spot_id, url, picture_id) values (?, ?, ?)
insert into picture (spot_id, url, picture_id) values (NULL, 'java.io.StringReader@20679cbe', 1530);
2022-10-10 13:48:04.481  INFO 3923 --- [    Test worker] p6spy                                    : #1665377284481 | took 0ms | statement | connection 23| url jdbc:h2:mem:6a3784ae-1aa6-4bbf-b617-4d4aeabcc2af
insert into picture (spot_id, url, picture_id) values (?, ?, ?)
insert into picture (spot_id, url, picture_id) values (NULL, 'java.io.StringReader@6576eba4', 1531);
2022-10-10 13:48:04.481  INFO 3923 --- [    Test worker] p6spy                                    : #1665377284481 | took 0ms | statement | connection 23| url jdbc:h2:mem:6a3784ae-1aa6-4bbf-b617-4d4aeabcc2af
insert into spot (address, description, location, name, score_id, spot_id) values (?, ?, ?, ?, ?, ?)
insert into spot (address, description, location, name, score_id, spot_id) values (NULL, NULL, 'Andeok_myeon', NULL, 369, 435);
2022-10-10 13:48:04.481  INFO 3923 --- [    Test worker] p6spy                                    : #1665377284481 | took 0ms | statement | connection 23| url jdbc:h2:mem:6a3784ae-1aa6-4bbf-b617-4d4aeabcc2af
insert into member_spot (member_id, score, spot_id, member_spot_id) values (?, ?, ?, ?)
insert into member_spot (member_id, score, spot_id, member_spot_id) values (14, 0.0, 435, 1532);
2022-10-10 13:48:04.481  INFO 3923 --- [    Test worker] p6spy                                    : #1665377284481 | took 0ms | statement | connection 23| url jdbc:h2:mem:6a3784ae-1aa6-4bbf-b617-4d4aeabcc2af
insert into review (content, spot_id, review_id) values (?, ?, ?)
insert into review (content, spot_id, review_id) values ('java.io.StringReader@6ccc0395', 369, 371);
2022-10-10 13:48:04.481  INFO 3923 --- [    Test worker] p6spy                                    : #1665377284481 | took 0ms | statement | connection 23| url jdbc:h2:mem:6a3784ae-1aa6-4bbf-b617-4d4aeabcc2af
insert into favorite_spot (count, favorite_id, spot_id, favorite_spot_id) values (?, ?, ?, ?)
insert into favorite_spot (count, favorite_id, spot_id, favorite_spot_id) values (0, 37, 435, 354);
2022-10-10 13:48:04.481  INFO 3923 --- [    Test worker] p6spy                                    : #1665377284481 | took 0ms | statement | connection 23| url jdbc:h2:mem:6a3784ae-1aa6-4bbf-b617-4d4aeabcc2af
insert into score (facility_rank, facility_score, price_rank, price_score, rank_average, surround_rank, surround_score, view_rank, view_score, score_id) values (?, ?, ?, ?, ?, ?, ?, ?, ?, ?)
insert into score (facility_rank, facility_score, price_rank, price_score, rank_average, surround_rank, surround_score, view_rank, view_score, score_id) values (3.1674551321534574, 8.557937652180996, 0.32874995424792886, 7.865727268595295, 9.685910282729438, 1.300867921076868, 7.393813281316527, 9.208938876959309, 9.899014326090155, 370);
2022-10-10 13:48:04.481  INFO 3923 --- [    Test worker] p6spy                                    : #1665377284481 | took 0ms | statement | connection 23| url jdbc:h2:mem:6a3784ae-1aa6-4bbf-b617-4d4aeabcc2af
insert into picture (spot_id, url, picture_id) values (?, ?, ?)
insert into picture (spot_id, url, picture_id) values (NULL, 'java.io.StringReader@1334b9dc', 1533);
2022-10-10 13:48:04.481  INFO 3923 --- [    Test worker] p6spy                                    : #1665377284481 | took 0ms | statement | connection 23| url jdbc:h2:mem:6a3784ae-1aa6-4bbf-b617-4d4aeabcc2af
insert into picture (spot_id, url, picture_id) values (?, ?, ?)
insert into picture (spot_id, url, picture_id) values (NULL, 'java.io.StringReader@703730f', 1534);
2022-10-10 13:48:04.481  INFO 3923 --- [    Test worker] p6spy                                    : #1665377284481 | took 0ms | statement | connection 23| url jdbc:h2:mem:6a3784ae-1aa6-4bbf-b617-4d4aeabcc2af
insert into picture (spot_id, url, picture_id) values (?, ?, ?)
insert into picture (spot_id, url, picture_id) values (NULL, 'java.io.StringReader@6c4647d2', 1535);
2022-10-10 13:48:04.481  INFO 3923 --- [    Test worker] p6spy                                    : #1665377284481 | took 0ms | statement | connection 23| url jdbc:h2:mem:6a3784ae-1aa6-4bbf-b617-4d4aeabcc2af
insert into spot (address, description, location, name, score_id, spot_id) values (?, ?, ?, ?, ?, ?)
insert into spot (address, description, location, name, score_id, spot_id) values (NULL, NULL, 'Andeok_myeon', NULL, 370, 436);
2022-10-10 13:48:04.481  INFO 3923 --- [    Test worker] p6spy                                    : #1665377284481 | took 0ms | statement | connection 23| url jdbc:h2:mem:6a3784ae-1aa6-4bbf-b617-4d4aeabcc2af
insert into member_spot (member_id, score, spot_id, member_spot_id) values (?, ?, ?, ?)
insert into member_spot (member_id, score, spot_id, member_spot_id) values (14, 0.0, 436, 1536);
2022-10-10 13:48:04.481  INFO 3923 --- [    Test worker] p6spy                                    : #1665377284481 | took 0ms | statement | connection 23| url jdbc:h2:mem:6a3784ae-1aa6-4bbf-b617-4d4aeabcc2af
insert into review (content, spot_id, review_id) values (?, ?, ?)
insert into review (content, spot_id, review_id) values ('java.io.StringReader@3d4258ff', 369, 372);
2022-10-10 13:48:04.481  INFO 3923 --- [    Test worker] p6spy                                    : #1665377284481 | took 0ms | statement | connection 23| url jdbc:h2:mem:6a3784ae-1aa6-4bbf-b617-4d4aeabcc2af
insert into score (facility_rank, facility_score, price_rank, price_score, rank_average, surround_rank, surround_score, view_rank, view_score, score_id) values (?, ?, ?, ?, ?, ?, ?, ?, ?, ?)
insert into score (facility_rank, facility_score, price_rank, price_score, rank_average, surround_rank, surround_score, view_rank, view_score, score_id) values (0.3326699724840432, 1.065888927441463, 9.510343987684406, 8.402457947633602, 0.5202731937140781, 0.9061194143179674, 3.9719646047956134, 3.5480396477446297, 3.473732541143999, 371);
2022-10-10 13:48:04.481  INFO 3923 --- [    Test worker] p6spy                                    : #1665377284481 | took 0ms | statement | connection 23| url jdbc:h2:mem:6a3784ae-1aa6-4bbf-b617-4d4aeabcc2af
insert into picture (spot_id, url, picture_id) values (?, ?, ?)
insert into picture (spot_id, url, picture_id) values (NULL, 'java.io.StringReader@67ede99c', 1537);
2022-10-10 13:48:04.481  INFO 3923 --- [    Test worker] p6spy                                    : #1665377284481 | took 0ms | statement | connection 23| url jdbc:h2:mem:6a3784ae-1aa6-4bbf-b617-4d4aeabcc2af
insert into picture (spot_id, url, picture_id) values (?, ?, ?)
insert into picture (spot_id, url, picture_id) values (NULL, 'java.io.StringReader@1460f036', 1538);
2022-10-10 13:48:04.481  INFO 3923 --- [    Test worker] p6spy                                    : #1665377284481 | took 0ms | statement | connection 23| url jdbc:h2:mem:6a3784ae-1aa6-4bbf-b617-4d4aeabcc2af
insert into picture (spot_id, url, picture_id) values (?, ?, ?)
insert into picture (spot_id, url, picture_id) values (NULL, 'java.io.StringReader@2e8edc36', 1539);
2022-10-10 13:48:04.481  INFO 3923 --- [    Test worker] p6spy                                    : #1665377284481 | took 0ms | statement | connection 23| url jdbc:h2:mem:6a3784ae-1aa6-4bbf-b617-4d4aeabcc2af
insert into spot (address, description, location, name, score_id, spot_id) values (?, ?, ?, ?, ?, ?)
insert into spot (address, description, location, name, score_id, spot_id) values (NULL, NULL, 'Andeok_myeon', NULL, 371, 437);
2022-10-10 13:48:04.481  INFO 3923 --- [    Test worker] p6spy                                    : #1665377284481 | took 0ms | statement | connection 23| url jdbc:h2:mem:6a3784ae-1aa6-4bbf-b617-4d4aeabcc2af
insert into member_spot (member_id, score, spot_id, member_spot_id) values (?, ?, ?, ?)
insert into member_spot (member_id, score, spot_id, member_spot_id) values (14, 0.0, 437, 1540);
2022-10-10 13:48:04.481  INFO 3923 --- [    Test worker] p6spy                                    : #1665377284481 | took 0ms | statement | connection 23| url jdbc:h2:mem:6a3784ae-1aa6-4bbf-b617-4d4aeabcc2af
insert into review (content, spot_id, review_id) values (?, ?, ?)
insert into review (content, spot_id, review_id) values ('java.io.StringReader@3df23a4a', 369, 373);
2022-10-10 13:48:04.481  INFO 3923 --- [    Test worker] p6spy                                    : #1665377284481 | took 0ms | statement | connection 23| url jdbc:h2:mem:6a3784ae-1aa6-4bbf-b617-4d4aeabcc2af
insert into favorite_spot (count, favorite_id, spot_id, favorite_spot_id) values (?, ?, ?, ?)
insert into favorite_spot (count, favorite_id, spot_id, favorite_spot_id) values (0, 37, 437, 355);
2022-10-10 13:48:04.481  INFO 3923 --- [    Test worker] p6spy                                    : #1665377284481 | took 0ms | statement | connection 23| url jdbc:h2:mem:6a3784ae-1aa6-4bbf-b617-4d4aeabcc2af
insert into score (facility_rank, facility_score, price_rank, price_score, rank_average, surround_rank, surround_score, view_rank, view_score, score_id) values (?, ?, ?, ?, ?, ?, ?, ?, ?, ?)
insert into score (facility_rank, facility_score, price_rank, price_score, rank_average, surround_rank, surround_score, view_rank, view_score, score_id) values (5.1136756387568045, 9.00864162856286, 0.3435443117950221, 5.26485501949405, 5.8081744712460175, 1.5645546677060396, 9.944357202455173, 9.794907254870944, 2.957102250927819, 372);
2022-10-10 13:48:04.481  INFO 3923 --- [    Test worker] p6spy                                    : #1665377284481 | took 0ms | statement | connection 23| url jdbc:h2:mem:6a3784ae-1aa6-4bbf-b617-4d4aeabcc2af
insert into picture (spot_id, url, picture_id) values (?, ?, ?)
insert into picture (spot_id, url, picture_id) values (NULL, 'java.io.StringReader@1dd7b6cb', 1541);
2022-10-10 13:48:04.481  INFO 3923 --- [    Test worker] p6spy                                    : #1665377284481 | took 0ms | statement | connection 23| url jdbc:h2:mem:6a3784ae-1aa6-4bbf-b617-4d4aeabcc2af
insert into picture (spot_id, url, picture_id) values (?, ?, ?)
insert into picture (spot_id, url, picture_id) values (NULL, 'java.io.StringReader@7dc4843c', 1542);
2022-10-10 13:48:04.481  INFO 3923 --- [    Test worker] p6spy                                    : #1665377284481 | took 0ms | statement | connection 23| url jdbc:h2:mem:6a3784ae-1aa6-4bbf-b617-4d4aeabcc2af
insert into picture (spot_id, url, picture_id) values (?, ?, ?)
insert into picture (spot_id, url, picture_id) values (NULL, 'java.io.StringReader@34f661d3', 1543);
2022-10-10 13:48:04.481  INFO 3923 --- [    Test worker] p6spy                                    : #1665377284481 | took 0ms | statement | connection 23| url jdbc:h2:mem:6a3784ae-1aa6-4bbf-b617-4d4aeabcc2af
insert into spot (address, description, location, name, score_id, spot_id) values (?, ?, ?, ?, ?, ?)
insert into spot (address, description, location, name, score_id, spot_id) values (NULL, NULL, 'Andeok_myeon', NULL, 372, 438);
2022-10-10 13:48:04.481  INFO 3923 --- [    Test worker] p6spy                                    : #1665377284481 | took 0ms | statement | connection 23| url jdbc:h2:mem:6a3784ae-1aa6-4bbf-b617-4d4aeabcc2af
insert into member_spot (member_id, score, spot_id, member_spot_id) values (?, ?, ?, ?)
insert into member_spot (member_id, score, spot_id, member_spot_id) values (14, 0.0, 438, 1544);
2022-10-10 13:48:04.481  INFO 3923 --- [    Test worker] p6spy                                    : #1665377284481 | took 0ms | statement | connection 23| url jdbc:h2:mem:6a3784ae-1aa6-4bbf-b617-4d4aeabcc2af
insert into review (content, spot_id, review_id) values (?, ?, ?)
insert into review (content, spot_id, review_id) values ('java.io.StringReader@5460abb0', 369, 374);
2022-10-10 13:48:04.481  INFO 3923 --- [    Test worker] p6spy                                    : #1665377284481 | took 0ms | statement | connection 23| url jdbc:h2:mem:6a3784ae-1aa6-4bbf-b617-4d4aeabcc2af
insert into score (facility_rank, facility_score, price_rank, price_score, rank_average, surround_rank, surround_score, view_rank, view_score, score_id) values (?, ?, ?, ?, ?, ?, ?, ?, ?, ?)
insert into score (facility_rank, facility_score, price_rank, price_score, rank_average, surround_rank, surround_score, view_rank, view_score, score_id) values (3.144655952364961, 1.1775991878962422, 9.485315624904047, 9.965328379487454, 8.47730732837168, 2.3054108134891815, 8.115818388855155, 4.9412059990871775, 4.118897348932763, 373);
2022-10-10 13:48:04.482  INFO 3923 --- [    Test worker] p6spy                                    : #1665377284482 | took 0ms | statement | connection 23| url jdbc:h2:mem:6a3784ae-1aa6-4bbf-b617-4d4aeabcc2af
insert into picture (spot_id, url, picture_id) values (?, ?, ?)
insert into picture (spot_id, url, picture_id) values (NULL, 'java.io.StringReader@cc46555', 1545);
2022-10-10 13:48:04.482  INFO 3923 --- [    Test worker] p6spy                                    : #1665377284482 | took 0ms | statement | connection 23| url jdbc:h2:mem:6a3784ae-1aa6-4bbf-b617-4d4aeabcc2af
insert into picture (spot_id, url, picture_id) values (?, ?, ?)
insert into picture (spot_id, url, picture_id) values (NULL, 'java.io.StringReader@5a1d9416', 1546);
2022-10-10 13:48:04.482  INFO 3923 --- [    Test worker] p6spy                                    : #1665377284482 | took 0ms | statement | connection 23| url jdbc:h2:mem:6a3784ae-1aa6-4bbf-b617-4d4aeabcc2af
insert into picture (spot_id, url, picture_id) values (?, ?, ?)
insert into picture (spot_id, url, picture_id) values (NULL, 'java.io.StringReader@7a30257c', 1547);
2022-10-10 13:48:04.482  INFO 3923 --- [    Test worker] p6spy                                    : #1665377284482 | took 0ms | statement | connection 23| url jdbc:h2:mem:6a3784ae-1aa6-4bbf-b617-4d4aeabcc2af
insert into spot (address, description, location, name, score_id, spot_id) values (?, ?, ?, ?, ?, ?)
insert into spot (address, description, location, name, score_id, spot_id) values (NULL, NULL, 'Andeok_myeon', NULL, 373, 439);
2022-10-10 13:48:04.482  INFO 3923 --- [    Test worker] p6spy                                    : #1665377284482 | took 0ms | statement | connection 23| url jdbc:h2:mem:6a3784ae-1aa6-4bbf-b617-4d4aeabcc2af
insert into member_spot (member_id, score, spot_id, member_spot_id) values (?, ?, ?, ?)
insert into member_spot (member_id, score, spot_id, member_spot_id) values (14, 0.0, 439, 1548);
2022-10-10 13:48:04.482  INFO 3923 --- [    Test worker] p6spy                                    : #1665377284482 | took 0ms | statement | connection 23| url jdbc:h2:mem:6a3784ae-1aa6-4bbf-b617-4d4aeabcc2af
insert into review (content, spot_id, review_id) values (?, ?, ?)
insert into review (content, spot_id, review_id) values ('java.io.StringReader@5b3d20cc', 369, 375);
2022-10-10 13:48:04.482  INFO 3923 --- [    Test worker] p6spy                                    : #1665377284482 | took 0ms | statement | connection 23| url jdbc:h2:mem:6a3784ae-1aa6-4bbf-b617-4d4aeabcc2af
insert into favorite_spot (count, favorite_id, spot_id, favorite_spot_id) values (?, ?, ?, ?)
insert into favorite_spot (count, favorite_id, spot_id, favorite_spot_id) values (0, 37, 439, 356);
2022-10-10 13:48:04.482  INFO 3923 --- [    Test worker] p6spy                                    : #1665377284482 | took 0ms | statement | connection 23| url jdbc:h2:mem:6a3784ae-1aa6-4bbf-b617-4d4aeabcc2af
insert into score (facility_rank, facility_score, price_rank, price_score, rank_average, surround_rank, surround_score, view_rank, view_score, score_id) values (?, ?, ?, ?, ?, ?, ?, ?, ?, ?)
insert into score (facility_rank, facility_score, price_rank, price_score, rank_average, surround_rank, surround_score, view_rank, view_score, score_id) values (4.762444878477451, 8.389929680168676, 9.187178474059595, 5.566847890543887, 3.0605493989797514, 4.530685851343328, 1.1671278513285877, 1.501703412647667, 2.5756950578869366, 374);
2022-10-10 13:48:04.482  INFO 3923 --- [    Test worker] p6spy                                    : #1665377284482 | took 0ms | statement | connection 23| url jdbc:h2:mem:6a3784ae-1aa6-4bbf-b617-4d4aeabcc2af
insert into picture (spot_id, url, picture_id) values (?, ?, ?)
insert into picture (spot_id, url, picture_id) values (NULL, 'java.io.StringReader@1dc9ad5a', 1549);
2022-10-10 13:48:04.482  INFO 3923 --- [    Test worker] p6spy                                    : #1665377284482 | took 0ms | statement | connection 23| url jdbc:h2:mem:6a3784ae-1aa6-4bbf-b617-4d4aeabcc2af
insert into picture (spot_id, url, picture_id) values (?, ?, ?)
insert into picture (spot_id, url, picture_id) values (NULL, 'java.io.StringReader@5c33ab81', 1550);
2022-10-10 13:48:04.482  INFO 3923 --- [    Test worker] p6spy                                    : #1665377284482 | took 0ms | statement | connection 23| url jdbc:h2:mem:6a3784ae-1aa6-4bbf-b617-4d4aeabcc2af
insert into picture (spot_id, url, picture_id) values (?, ?, ?)
insert into picture (spot_id, url, picture_id) values (NULL, 'java.io.StringReader@17bc17bd', 1551);
2022-10-10 13:48:04.482  INFO 3923 --- [    Test worker] p6spy                                    : #1665377284482 | took 0ms | statement | connection 23| url jdbc:h2:mem:6a3784ae-1aa6-4bbf-b617-4d4aeabcc2af
insert into spot (address, description, location, name, score_id, spot_id) values (?, ?, ?, ?, ?, ?)
insert into spot (address, description, location, name, score_id, spot_id) values (NULL, NULL, 'Andeok_myeon', NULL, 374, 440);
2022-10-10 13:48:04.482  INFO 3923 --- [    Test worker] p6spy                                    : #1665377284482 | took 0ms | statement | connection 23| url jdbc:h2:mem:6a3784ae-1aa6-4bbf-b617-4d4aeabcc2af
insert into member_spot (member_id, score, spot_id, member_spot_id) values (?, ?, ?, ?)
insert into member_spot (member_id, score, spot_id, member_spot_id) values (14, 0.0, 440, 1552);
2022-10-10 13:48:04.482  INFO 3923 --- [    Test worker] p6spy                                    : #1665377284482 | took 0ms | statement | connection 23| url jdbc:h2:mem:6a3784ae-1aa6-4bbf-b617-4d4aeabcc2af
insert into review (content, spot_id, review_id) values (?, ?, ?)
insert into review (content, spot_id, review_id) values ('java.io.StringReader@71ba8f53', 369, 376);
2022-10-10 13:48:04.482  INFO 3923 --- [    Test worker] p6spy                                    : #1665377284482 | took 0ms | statement | connection 23| url jdbc:h2:mem:6a3784ae-1aa6-4bbf-b617-4d4aeabcc2af
insert into score (facility_rank, facility_score, price_rank, price_score, rank_average, surround_rank, surround_score, view_rank, view_score, score_id) values (?, ?, ?, ?, ?, ?, ?, ?, ?, ?)
insert into score (facility_rank, facility_score, price_rank, price_score, rank_average, surround_rank, surround_score, view_rank, view_score, score_id) values (1.7778115062972955, 5.477256130112717, 5.757159145715805, 2.7818972684409147, 8.949140503717086, 5.569276872971939, 7.0734956959324755, 2.6945743285922417, 3.6038925881250607, 375);
2022-10-10 13:48:04.482  INFO 3923 --- [    Test worker] p6spy                                    : #1665377284482 | took 0ms | statement | connection 23| url jdbc:h2:mem:6a3784ae-1aa6-4bbf-b617-4d4aeabcc2af
insert into picture (spot_id, url, picture_id) values (?, ?, ?)
insert into picture (spot_id, url, picture_id) values (NULL, 'java.io.StringReader@59c618a9', 1553);
2022-10-10 13:48:04.482  INFO 3923 --- [    Test worker] p6spy                                    : #1665377284482 | took 0ms | statement | connection 23| url jdbc:h2:mem:6a3784ae-1aa6-4bbf-b617-4d4aeabcc2af
insert into picture (spot_id, url, picture_id) values (?, ?, ?)
insert into picture (spot_id, url, picture_id) values (NULL, 'java.io.StringReader@387eca32', 1554);
2022-10-10 13:48:04.482  INFO 3923 --- [    Test worker] p6spy                                    : #1665377284482 | took 0ms | statement | connection 23| url jdbc:h2:mem:6a3784ae-1aa6-4bbf-b617-4d4aeabcc2af
insert into picture (spot_id, url, picture_id) values (?, ?, ?)
insert into picture (spot_id, url, picture_id) values (NULL, 'java.io.StringReader@6968e9d7', 1555);
2022-10-10 13:48:04.482  INFO 3923 --- [    Test worker] p6spy                                    : #1665377284482 | took 0ms | statement | connection 23| url jdbc:h2:mem:6a3784ae-1aa6-4bbf-b617-4d4aeabcc2af
insert into spot (address, description, location, name, score_id, spot_id) values (?, ?, ?, ?, ?, ?)
insert into spot (address, description, location, name, score_id, spot_id) values (NULL, NULL, 'Andeok_myeon', NULL, 375, 441);
2022-10-10 13:48:04.482  INFO 3923 --- [    Test worker] p6spy                                    : #1665377284482 | took 0ms | statement | connection 23| url jdbc:h2:mem:6a3784ae-1aa6-4bbf-b617-4d4aeabcc2af
insert into member_spot (member_id, score, spot_id, member_spot_id) values (?, ?, ?, ?)
insert into member_spot (member_id, score, spot_id, member_spot_id) values (14, 0.0, 441, 1556);
2022-10-10 13:48:04.482  INFO 3923 --- [    Test worker] p6spy                                    : #1665377284482 | took 0ms | statement | connection 23| url jdbc:h2:mem:6a3784ae-1aa6-4bbf-b617-4d4aeabcc2af
insert into review (content, spot_id, review_id) values (?, ?, ?)
insert into review (content, spot_id, review_id) values ('java.io.StringReader@3d8f2daa', 369, 377);
2022-10-10 13:48:04.482  INFO 3923 --- [    Test worker] p6spy                                    : #1665377284482 | took 0ms | statement | connection 23| url jdbc:h2:mem:6a3784ae-1aa6-4bbf-b617-4d4aeabcc2af
insert into favorite_spot (count, favorite_id, spot_id, favorite_spot_id) values (?, ?, ?, ?)
insert into favorite_spot (count, favorite_id, spot_id, favorite_spot_id) values (0, 37, 441, 357);
2022-10-10 13:48:04.482  INFO 3923 --- [    Test worker] p6spy                                    : #1665377284482 | took 0ms | statement | connection 23| url jdbc:h2:mem:6a3784ae-1aa6-4bbf-b617-4d4aeabcc2af
insert into score (facility_rank, facility_score, price_rank, price_score, rank_average, surround_rank, surround_score, view_rank, view_score, score_id) values (?, ?, ?, ?, ?, ?, ?, ?, ?, ?)
insert into score (facility_rank, facility_score, price_rank, price_score, rank_average, surround_rank, surround_score, view_rank, view_score, score_id) values (6.879625801255786, 7.8603812954198835, 5.83735757244805, 8.970324072115272, 8.42305373158162, 7.559807103141441, 1.9239930806986305, 3.101528900831323, 4.084013404229396, 376);
2022-10-10 13:48:04.482  INFO 3923 --- [    Test worker] p6spy                                    : #1665377284482 | took 0ms | statement | connection 23| url jdbc:h2:mem:6a3784ae-1aa6-4bbf-b617-4d4aeabcc2af
insert into picture (spot_id, url, picture_id) values (?, ?, ?)
insert into picture (spot_id, url, picture_id) values (NULL, 'java.io.StringReader@d036aad', 1557);
2022-10-10 13:48:04.482  INFO 3923 --- [    Test worker] p6spy                                    : #1665377284482 | took 0ms | statement | connection 23| url jdbc:h2:mem:6a3784ae-1aa6-4bbf-b617-4d4aeabcc2af
insert into picture (spot_id, url, picture_id) values (?, ?, ?)
insert into picture (spot_id, url, picture_id) values (NULL, 'java.io.StringReader@1e91b325', 1558);
2022-10-10 13:48:04.482  INFO 3923 --- [    Test worker] p6spy                                    : #1665377284482 | took 0ms | statement | connection 23| url jdbc:h2:mem:6a3784ae-1aa6-4bbf-b617-4d4aeabcc2af
insert into picture (spot_id, url, picture_id) values (?, ?, ?)
insert into picture (spot_id, url, picture_id) values (NULL, 'java.io.StringReader@6637971d', 1559);
2022-10-10 13:48:04.482  INFO 3923 --- [    Test worker] p6spy                                    : #1665377284482 | took 0ms | statement | connection 23| url jdbc:h2:mem:6a3784ae-1aa6-4bbf-b617-4d4aeabcc2af
insert into spot (address, description, location, name, score_id, spot_id) values (?, ?, ?, ?, ?, ?)
insert into spot (address, description, location, name, score_id, spot_id) values (NULL, NULL, 'Andeok_myeon', NULL, 376, 442);
2022-10-10 13:48:04.482  INFO 3923 --- [    Test worker] p6spy                                    : #1665377284482 | took 0ms | statement | connection 23| url jdbc:h2:mem:6a3784ae-1aa6-4bbf-b617-4d4aeabcc2af
insert into member_spot (member_id, score, spot_id, member_spot_id) values (?, ?, ?, ?)
insert into member_spot (member_id, score, spot_id, member_spot_id) values (14, 0.0, 442, 1560);
2022-10-10 13:48:04.482  INFO 3923 --- [    Test worker] p6spy                                    : #1665377284482 | took 0ms | statement | connection 23| url jdbc:h2:mem:6a3784ae-1aa6-4bbf-b617-4d4aeabcc2af
insert into review (content, spot_id, review_id) values (?, ?, ?)
insert into review (content, spot_id, review_id) values ('java.io.StringReader@5d58beef', 369, 378);
2022-10-10 13:48:04.482  INFO 3923 --- [    Test worker] p6spy                                    : #1665377284482 | took 0ms | statement | connection 23| url jdbc:h2:mem:6a3784ae-1aa6-4bbf-b617-4d4aeabcc2af
insert into score (facility_rank, facility_score, price_rank, price_score, rank_average, surround_rank, surround_score, view_rank, view_score, score_id) values (?, ?, ?, ?, ?, ?, ?, ?, ?, ?)
insert into score (facility_rank, facility_score, price_rank, price_score, rank_average, surround_rank, surround_score, view_rank, view_score, score_id) values (0.04564725737952302, 2.6067019894558308, 3.9723737248924627, 5.673251367556029, 3.025779865819691, 4.767647856255458, 3.0485061351214906, 6.7806219747874295, 2.283180262539225, 377);
2022-10-10 13:48:04.482  INFO 3923 --- [    Test worker] p6spy                                    : #1665377284482 | took 0ms | statement | connection 23| url jdbc:h2:mem:6a3784ae-1aa6-4bbf-b617-4d4aeabcc2af
insert into picture (spot_id, url, picture_id) values (?, ?, ?)
insert into picture (spot_id, url, picture_id) values (NULL, 'java.io.StringReader@3f012fa9', 1561);
2022-10-10 13:48:04.483  INFO 3923 --- [    Test worker] p6spy                                    : #1665377284483 | took 0ms | statement | connection 23| url jdbc:h2:mem:6a3784ae-1aa6-4bbf-b617-4d4aeabcc2af
insert into picture (spot_id, url, picture_id) values (?, ?, ?)
insert into picture (spot_id, url, picture_id) values (NULL, 'java.io.StringReader@ff6d02e', 1562);
2022-10-10 13:48:04.483  INFO 3923 --- [    Test worker] p6spy                                    : #1665377284483 | took 0ms | statement | connection 23| url jdbc:h2:mem:6a3784ae-1aa6-4bbf-b617-4d4aeabcc2af
insert into picture (spot_id, url, picture_id) values (?, ?, ?)
insert into picture (spot_id, url, picture_id) values (NULL, 'java.io.StringReader@31607a22', 1563);
2022-10-10 13:48:04.483  INFO 3923 --- [    Test worker] p6spy                                    : #1665377284483 | took 0ms | statement | connection 23| url jdbc:h2:mem:6a3784ae-1aa6-4bbf-b617-4d4aeabcc2af
insert into spot (address, description, location, name, score_id, spot_id) values (?, ?, ?, ?, ?, ?)
insert into spot (address, description, location, name, score_id, spot_id) values (NULL, NULL, 'Andeok_myeon', NULL, 377, 443);
2022-10-10 13:48:04.483  INFO 3923 --- [    Test worker] p6spy                                    : #1665377284483 | took 0ms | statement | connection 23| url jdbc:h2:mem:6a3784ae-1aa6-4bbf-b617-4d4aeabcc2af
insert into member_spot (member_id, score, spot_id, member_spot_id) values (?, ?, ?, ?)
insert into member_spot (member_id, score, spot_id, member_spot_id) values (14, 0.0, 443, 1564);
2022-10-10 13:48:04.483  INFO 3923 --- [    Test worker] p6spy                                    : #1665377284483 | took 0ms | statement | connection 23| url jdbc:h2:mem:6a3784ae-1aa6-4bbf-b617-4d4aeabcc2af
insert into review (content, spot_id, review_id) values (?, ?, ?)
insert into review (content, spot_id, review_id) values ('java.io.StringReader@13434a33', 369, 379);
2022-10-10 13:48:04.483  INFO 3923 --- [    Test worker] p6spy                                    : #1665377284483 | took 0ms | statement | connection 23| url jdbc:h2:mem:6a3784ae-1aa6-4bbf-b617-4d4aeabcc2af
insert into favorite_spot (count, favorite_id, spot_id, favorite_spot_id) values (?, ?, ?, ?)
insert into favorite_spot (count, favorite_id, spot_id, favorite_spot_id) values (0, 37, 443, 358);
2022-10-10 13:48:04.483  INFO 3923 --- [    Test worker] p6spy                                    : #1665377284483 | took 0ms | statement | connection 23| url jdbc:h2:mem:6a3784ae-1aa6-4bbf-b617-4d4aeabcc2af
insert into score (facility_rank, facility_score, price_rank, price_score, rank_average, surround_rank, surround_score, view_rank, view_score, score_id) values (?, ?, ?, ?, ?, ?, ?, ?, ?, ?)
insert into score (facility_rank, facility_score, price_rank, price_score, rank_average, surround_rank, surround_score, view_rank, view_score, score_id) values (9.647469789302237, 9.880263704979951, 2.148131505355688, 8.132197914834155, 1.8493957033749953, 9.321818177219654, 1.8137259235786307, 7.787230952744622, 7.576611595762143, 378);
2022-10-10 13:48:04.483  INFO 3923 --- [    Test worker] p6spy                                    : #1665377284483 | took 0ms | statement | connection 23| url jdbc:h2:mem:6a3784ae-1aa6-4bbf-b617-4d4aeabcc2af
insert into picture (spot_id, url, picture_id) values (?, ?, ?)
insert into picture (spot_id, url, picture_id) values (NULL, 'java.io.StringReader@1473b8e3', 1565);
2022-10-10 13:48:04.483  INFO 3923 --- [    Test worker] p6spy                                    : #1665377284483 | took 0ms | statement | connection 23| url jdbc:h2:mem:6a3784ae-1aa6-4bbf-b617-4d4aeabcc2af
insert into picture (spot_id, url, picture_id) values (?, ?, ?)
insert into picture (spot_id, url, picture_id) values (NULL, 'java.io.StringReader@3ffc78c3', 1566);
2022-10-10 13:48:04.483  INFO 3923 --- [    Test worker] p6spy                                    : #1665377284483 | took 0ms | statement | connection 23| url jdbc:h2:mem:6a3784ae-1aa6-4bbf-b617-4d4aeabcc2af
insert into picture (spot_id, url, picture_id) values (?, ?, ?)
insert into picture (spot_id, url, picture_id) values (NULL, 'java.io.StringReader@506c1549', 1567);
2022-10-10 13:48:04.483  INFO 3923 --- [    Test worker] p6spy                                    : #1665377284483 | took 0ms | statement | connection 23| url jdbc:h2:mem:6a3784ae-1aa6-4bbf-b617-4d4aeabcc2af
insert into spot (address, description, location, name, score_id, spot_id) values (?, ?, ?, ?, ?, ?)
insert into spot (address, description, location, name, score_id, spot_id) values (NULL, NULL, 'Andeok_myeon', NULL, 378, 444);
2022-10-10 13:48:04.483  INFO 3923 --- [    Test worker] p6spy                                    : #1665377284483 | took 0ms | statement | connection 23| url jdbc:h2:mem:6a3784ae-1aa6-4bbf-b617-4d4aeabcc2af
insert into member_spot (member_id, score, spot_id, member_spot_id) values (?, ?, ?, ?)
insert into member_spot (member_id, score, spot_id, member_spot_id) values (14, 0.0, 444, 1568);
2022-10-10 13:48:04.483  INFO 3923 --- [    Test worker] p6spy                                    : #1665377284483 | took 0ms | statement | connection 23| url jdbc:h2:mem:6a3784ae-1aa6-4bbf-b617-4d4aeabcc2af
insert into review (content, spot_id, review_id) values (?, ?, ?)
insert into review (content, spot_id, review_id) values ('java.io.StringReader@2568bffc', 369, 380);
2022-10-10 13:48:04.483  INFO 3923 --- [    Test worker] p6spy                                    : #1665377284483 | took 0ms | statement | connection 23| url jdbc:h2:mem:6a3784ae-1aa6-4bbf-b617-4d4aeabcc2af
insert into score (facility_rank, facility_score, price_rank, price_score, rank_average, surround_rank, surround_score, view_rank, view_score, score_id) values (?, ?, ?, ?, ?, ?, ?, ?, ?, ?)
insert into score (facility_rank, facility_score, price_rank, price_score, rank_average, surround_rank, surround_score, view_rank, view_score, score_id) values (0.1164928120098041, 8.11133962112472, 1.7641970153268782, 9.195805346837979, 0.12419098837889608, 3.323384310717299, 9.592854098972367, 5.355416424073293, 6.779551973383492, 379);
2022-10-10 13:48:04.483  INFO 3923 --- [    Test worker] p6spy                                    : #1665377284483 | took 0ms | statement | connection 23| url jdbc:h2:mem:6a3784ae-1aa6-4bbf-b617-4d4aeabcc2af
insert into picture (spot_id, url, picture_id) values (?, ?, ?)
insert into picture (spot_id, url, picture_id) values (NULL, 'java.io.StringReader@6528f1fa', 1569);
2022-10-10 13:48:04.483  INFO 3923 --- [    Test worker] p6spy                                    : #1665377284483 | took 0ms | statement | connection 23| url jdbc:h2:mem:6a3784ae-1aa6-4bbf-b617-4d4aeabcc2af
insert into picture (spot_id, url, picture_id) values (?, ?, ?)
insert into picture (spot_id, url, picture_id) values (NULL, 'java.io.StringReader@46c09081', 1570);
2022-10-10 13:48:04.483  INFO 3923 --- [    Test worker] p6spy                                    : #1665377284483 | took 0ms | statement | connection 23| url jdbc:h2:mem:6a3784ae-1aa6-4bbf-b617-4d4aeabcc2af
insert into picture (spot_id, url, picture_id) values (?, ?, ?)
insert into picture (spot_id, url, picture_id) values (NULL, 'java.io.StringReader@6d2142d3', 1571);
2022-10-10 13:48:04.483  INFO 3923 --- [    Test worker] p6spy                                    : #1665377284483 | took 0ms | statement | connection 23| url jdbc:h2:mem:6a3784ae-1aa6-4bbf-b617-4d4aeabcc2af
insert into spot (address, description, location, name, score_id, spot_id) values (?, ?, ?, ?, ?, ?)
insert into spot (address, description, location, name, score_id, spot_id) values (NULL, NULL, 'Andeok_myeon', NULL, 379, 445);
2022-10-10 13:48:04.483  INFO 3923 --- [    Test worker] p6spy                                    : #1665377284483 | took 0ms | statement | connection 23| url jdbc:h2:mem:6a3784ae-1aa6-4bbf-b617-4d4aeabcc2af
insert into member_spot (member_id, score, spot_id, member_spot_id) values (?, ?, ?, ?)
insert into member_spot (member_id, score, spot_id, member_spot_id) values (14, 0.0, 445, 1572);
2022-10-10 13:48:04.483  INFO 3923 --- [    Test worker] p6spy                                    : #1665377284483 | took 0ms | statement | connection 23| url jdbc:h2:mem:6a3784ae-1aa6-4bbf-b617-4d4aeabcc2af
insert into review (content, spot_id, review_id) values (?, ?, ?)
insert into review (content, spot_id, review_id) values ('java.io.StringReader@7b8b7337', 369, 381);
2022-10-10 13:48:04.483  INFO 3923 --- [    Test worker] p6spy                                    : #1665377284483 | took 0ms | statement | connection 23| url jdbc:h2:mem:6a3784ae-1aa6-4bbf-b617-4d4aeabcc2af
insert into favorite_spot (count, favorite_id, spot_id, favorite_spot_id) values (?, ?, ?, ?)
insert into favorite_spot (count, favorite_id, spot_id, favorite_spot_id) values (0, 37, 445, 359);
2022-10-10 13:48:04.483  INFO 3923 --- [    Test worker] p6spy                                    : #1665377284483 | took 0ms | statement | connection 23| url jdbc:h2:mem:6a3784ae-1aa6-4bbf-b617-4d4aeabcc2af
insert into score (facility_rank, facility_score, price_rank, price_score, rank_average, surround_rank, surround_score, view_rank, view_score, score_id) values (?, ?, ?, ?, ?, ?, ?, ?, ?, ?)
insert into score (facility_rank, facility_score, price_rank, price_score, rank_average, surround_rank, surround_score, view_rank, view_score, score_id) values (4.275636142127511, 4.070268896780563, 4.429667570711178, 9.265477261352109, 1.4921840428270605, 8.851302935367269, 3.608494233696864, 0.2846086633900968, 0.7973781144521241, 380);
2022-10-10 13:48:04.483  INFO 3923 --- [    Test worker] p6spy                                    : #1665377284483 | took 0ms | statement | connection 23| url jdbc:h2:mem:6a3784ae-1aa6-4bbf-b617-4d4aeabcc2af
insert into picture (spot_id, url, picture_id) values (?, ?, ?)
insert into picture (spot_id, url, picture_id) values (NULL, 'java.io.StringReader@5b711a93', 1573);
2022-10-10 13:48:04.483  INFO 3923 --- [    Test worker] p6spy                                    : #1665377284483 | took 0ms | statement | connection 23| url jdbc:h2:mem:6a3784ae-1aa6-4bbf-b617-4d4aeabcc2af
insert into picture (spot_id, url, picture_id) values (?, ?, ?)
insert into picture (spot_id, url, picture_id) values (NULL, 'java.io.StringReader@2e4dbcd0', 1574);
2022-10-10 13:48:04.483  INFO 3923 --- [    Test worker] p6spy                                    : #1665377284483 | took 0ms | statement | connection 23| url jdbc:h2:mem:6a3784ae-1aa6-4bbf-b617-4d4aeabcc2af
insert into picture (spot_id, url, picture_id) values (?, ?, ?)
insert into picture (spot_id, url, picture_id) values (NULL, 'java.io.StringReader@67179928', 1575);
2022-10-10 13:48:04.483  INFO 3923 --- [    Test worker] p6spy                                    : #1665377284483 | took 0ms | statement | connection 23| url jdbc:h2:mem:6a3784ae-1aa6-4bbf-b617-4d4aeabcc2af
insert into spot (address, description, location, name, score_id, spot_id) values (?, ?, ?, ?, ?, ?)
insert into spot (address, description, location, name, score_id, spot_id) values (NULL, NULL, 'Andeok_myeon', NULL, 380, 446);
2022-10-10 13:48:04.483  INFO 3923 --- [    Test worker] p6spy                                    : #1665377284483 | took 0ms | statement | connection 23| url jdbc:h2:mem:6a3784ae-1aa6-4bbf-b617-4d4aeabcc2af
insert into member_spot (member_id, score, spot_id, member_spot_id) values (?, ?, ?, ?)
insert into member_spot (member_id, score, spot_id, member_spot_id) values (14, 0.0, 446, 1576);
2022-10-10 13:48:04.483  INFO 3923 --- [    Test worker] p6spy                                    : #1665377284483 | took 0ms | statement | connection 23| url jdbc:h2:mem:6a3784ae-1aa6-4bbf-b617-4d4aeabcc2af
insert into review (content, spot_id, review_id) values (?, ?, ?)
insert into review (content, spot_id, review_id) values ('java.io.StringReader@6b6a3486', 369, 382);
2022-10-10 13:48:04.484  INFO 3923 --- [    Test worker] p6spy                                    : #1665377284484 | took 0ms | statement | connection 23| url jdbc:h2:mem:6a3784ae-1aa6-4bbf-b617-4d4aeabcc2af
insert into score (facility_rank, facility_score, price_rank, price_score, rank_average, surround_rank, surround_score, view_rank, view_score, score_id) values (?, ?, ?, ?, ?, ?, ?, ?, ?, ?)
insert into score (facility_rank, facility_score, price_rank, price_score, rank_average, surround_rank, surround_score, view_rank, view_score, score_id) values (3.5532380219875614, 3.7197004182827165, 1.5871194168150582, 1.1686070816523364, 6.4649310223519665, 9.033413968518362, 3.785750304129978, 1.8505755232559173, 5.532767801826489, 381);
2022-10-10 13:48:04.484  INFO 3923 --- [    Test worker] p6spy                                    : #1665377284484 | took 0ms | statement | connection 23| url jdbc:h2:mem:6a3784ae-1aa6-4bbf-b617-4d4aeabcc2af
insert into picture (spot_id, url, picture_id) values (?, ?, ?)
insert into picture (spot_id, url, picture_id) values (NULL, 'java.io.StringReader@5a0be3d0', 1577);
2022-10-10 13:48:04.484  INFO 3923 --- [    Test worker] p6spy                                    : #1665377284484 | took 0ms | statement | connection 23| url jdbc:h2:mem:6a3784ae-1aa6-4bbf-b617-4d4aeabcc2af
insert into picture (spot_id, url, picture_id) values (?, ?, ?)
insert into picture (spot_id, url, picture_id) values (NULL, 'java.io.StringReader@2559b952', 1578);
2022-10-10 13:48:04.484  INFO 3923 --- [    Test worker] p6spy                                    : #1665377284484 | took 0ms | statement | connection 23| url jdbc:h2:mem:6a3784ae-1aa6-4bbf-b617-4d4aeabcc2af
insert into picture (spot_id, url, picture_id) values (?, ?, ?)
insert into picture (spot_id, url, picture_id) values (NULL, 'java.io.StringReader@40216e38', 1579);
2022-10-10 13:48:04.484  INFO 3923 --- [    Test worker] p6spy                                    : #1665377284484 | took 0ms | statement | connection 23| url jdbc:h2:mem:6a3784ae-1aa6-4bbf-b617-4d4aeabcc2af
insert into spot (address, description, location, name, score_id, spot_id) values (?, ?, ?, ?, ?, ?)
insert into spot (address, description, location, name, score_id, spot_id) values (NULL, NULL, 'Andeok_myeon', NULL, 381, 447);
2022-10-10 13:48:04.484  INFO 3923 --- [    Test worker] p6spy                                    : #1665377284484 | took 0ms | statement | connection 23| url jdbc:h2:mem:6a3784ae-1aa6-4bbf-b617-4d4aeabcc2af
insert into member_spot (member_id, score, spot_id, member_spot_id) values (?, ?, ?, ?)
insert into member_spot (member_id, score, spot_id, member_spot_id) values (14, 0.0, 447, 1580);
2022-10-10 13:48:04.484  INFO 3923 --- [    Test worker] p6spy                                    : #1665377284484 | took 0ms | statement | connection 23| url jdbc:h2:mem:6a3784ae-1aa6-4bbf-b617-4d4aeabcc2af
insert into review (content, spot_id, review_id) values (?, ?, ?)
insert into review (content, spot_id, review_id) values ('java.io.StringReader@7d7eabb2', 369, 383);
2022-10-10 13:48:04.484  INFO 3923 --- [    Test worker] p6spy                                    : #1665377284484 | took 0ms | statement | connection 23| url jdbc:h2:mem:6a3784ae-1aa6-4bbf-b617-4d4aeabcc2af
insert into favorite_spot (count, favorite_id, spot_id, favorite_spot_id) values (?, ?, ?, ?)
insert into favorite_spot (count, favorite_id, spot_id, favorite_spot_id) values (0, 37, 447, 360);
2022-10-10 13:48:04.484  INFO 3923 --- [    Test worker] p6spy                                    : #1665377284484 | took 0ms | statement | connection 23| url jdbc:h2:mem:6a3784ae-1aa6-4bbf-b617-4d4aeabcc2af
insert into score (facility_rank, facility_score, price_rank, price_score, rank_average, surround_rank, surround_score, view_rank, view_score, score_id) values (?, ?, ?, ?, ?, ?, ?, ?, ?, ?)
insert into score (facility_rank, facility_score, price_rank, price_score, rank_average, surround_rank, surround_score, view_rank, view_score, score_id) values (4.505672397877234, 8.480600766355364, 7.50616554797526, 6.200384068284864, 5.125331256848479, 3.6268472034350765, 7.370773639386795, 8.58032993368903, 5.383982236600114, 382);
2022-10-10 13:48:04.484  INFO 3923 --- [    Test worker] p6spy                                    : #1665377284484 | took 0ms | statement | connection 23| url jdbc:h2:mem:6a3784ae-1aa6-4bbf-b617-4d4aeabcc2af
insert into picture (spot_id, url, picture_id) values (?, ?, ?)
insert into picture (spot_id, url, picture_id) values (NULL, 'java.io.StringReader@5a84e8ec', 1581);
2022-10-10 13:48:04.484  INFO 3923 --- [    Test worker] p6spy                                    : #1665377284484 | took 0ms | statement | connection 23| url jdbc:h2:mem:6a3784ae-1aa6-4bbf-b617-4d4aeabcc2af
insert into picture (spot_id, url, picture_id) values (?, ?, ?)
insert into picture (spot_id, url, picture_id) values (NULL, 'java.io.StringReader@1b22a77c', 1582);
2022-10-10 13:48:04.484  INFO 3923 --- [    Test worker] p6spy                                    : #1665377284484 | took 0ms | statement | connection 23| url jdbc:h2:mem:6a3784ae-1aa6-4bbf-b617-4d4aeabcc2af
insert into picture (spot_id, url, picture_id) values (?, ?, ?)
insert into picture (spot_id, url, picture_id) values (NULL, 'java.io.StringReader@5bcdbb5a', 1583);
2022-10-10 13:48:04.484  INFO 3923 --- [    Test worker] p6spy                                    : #1665377284484 | took 0ms | statement | connection 23| url jdbc:h2:mem:6a3784ae-1aa6-4bbf-b617-4d4aeabcc2af
insert into spot (address, description, location, name, score_id, spot_id) values (?, ?, ?, ?, ?, ?)
insert into spot (address, description, location, name, score_id, spot_id) values (NULL, NULL, 'Andeok_myeon', NULL, 382, 448);
2022-10-10 13:48:04.484  INFO 3923 --- [    Test worker] p6spy                                    : #1665377284484 | took 0ms | statement | connection 23| url jdbc:h2:mem:6a3784ae-1aa6-4bbf-b617-4d4aeabcc2af
insert into member_spot (member_id, score, spot_id, member_spot_id) values (?, ?, ?, ?)
insert into member_spot (member_id, score, spot_id, member_spot_id) values (14, 0.0, 448, 1584);
2022-10-10 13:48:04.484  INFO 3923 --- [    Test worker] p6spy                                    : #1665377284484 | took 0ms | statement | connection 23| url jdbc:h2:mem:6a3784ae-1aa6-4bbf-b617-4d4aeabcc2af
insert into review (content, spot_id, review_id) values (?, ?, ?)
insert into review (content, spot_id, review_id) values ('java.io.StringReader@2fc2bb2f', 369, 384);
2022-10-10 13:48:04.484  INFO 3923 --- [    Test worker] p6spy                                    : #1665377284484 | took 0ms | statement | connection 23| url jdbc:h2:mem:6a3784ae-1aa6-4bbf-b617-4d4aeabcc2af
insert into score (facility_rank, facility_score, price_rank, price_score, rank_average, surround_rank, surround_score, view_rank, view_score, score_id) values (?, ?, ?, ?, ?, ?, ?, ?, ?, ?)
insert into score (facility_rank, facility_score, price_rank, price_score, rank_average, surround_rank, surround_score, view_rank, view_score, score_id) values (2.913421918758039, 7.9957221727586925, 1.8181509899744053, 0.7889296507370136, 6.388084113715593, 9.478701395643839, 2.586291528877611, 3.394169191519759, 2.3940702441443227, 383);
2022-10-10 13:48:04.484  INFO 3923 --- [    Test worker] p6spy                                    : #1665377284484 | took 0ms | statement | connection 23| url jdbc:h2:mem:6a3784ae-1aa6-4bbf-b617-4d4aeabcc2af
insert into picture (spot_id, url, picture_id) values (?, ?, ?)
insert into picture (spot_id, url, picture_id) values (NULL, 'java.io.StringReader@5c4890f8', 1585);
2022-10-10 13:48:04.484  INFO 3923 --- [    Test worker] p6spy                                    : #1665377284484 | took 0ms | statement | connection 23| url jdbc:h2:mem:6a3784ae-1aa6-4bbf-b617-4d4aeabcc2af
insert into picture (spot_id, url, picture_id) values (?, ?, ?)
insert into picture (spot_id, url, picture_id) values (NULL, 'java.io.StringReader@70b1f14', 1586);
2022-10-10 13:48:04.484  INFO 3923 --- [    Test worker] p6spy                                    : #1665377284484 | took 0ms | statement | connection 23| url jdbc:h2:mem:6a3784ae-1aa6-4bbf-b617-4d4aeabcc2af
insert into picture (spot_id, url, picture_id) values (?, ?, ?)
insert into picture (spot_id, url, picture_id) values (NULL, 'java.io.StringReader@56563440', 1587);
2022-10-10 13:48:04.484  INFO 3923 --- [    Test worker] p6spy                                    : #1665377284484 | took 0ms | statement | connection 23| url jdbc:h2:mem:6a3784ae-1aa6-4bbf-b617-4d4aeabcc2af
insert into spot (address, description, location, name, score_id, spot_id) values (?, ?, ?, ?, ?, ?)
insert into spot (address, description, location, name, score_id, spot_id) values (NULL, NULL, 'Andeok_myeon', NULL, 383, 449);
2022-10-10 13:48:04.484  INFO 3923 --- [    Test worker] p6spy                                    : #1665377284484 | took 0ms | statement | connection 23| url jdbc:h2:mem:6a3784ae-1aa6-4bbf-b617-4d4aeabcc2af
insert into member_spot (member_id, score, spot_id, member_spot_id) values (?, ?, ?, ?)
insert into member_spot (member_id, score, spot_id, member_spot_id) values (14, 0.0, 449, 1588);
2022-10-10 13:48:04.484  INFO 3923 --- [    Test worker] p6spy                                    : #1665377284484 | took 0ms | statement | connection 23| url jdbc:h2:mem:6a3784ae-1aa6-4bbf-b617-4d4aeabcc2af
insert into review (content, spot_id, review_id) values (?, ?, ?)
insert into review (content, spot_id, review_id) values ('java.io.StringReader@2c7ad3e2', 369, 385);
2022-10-10 13:48:04.484  INFO 3923 --- [    Test worker] p6spy                                    : #1665377284484 | took 0ms | statement | connection 23| url jdbc:h2:mem:6a3784ae-1aa6-4bbf-b617-4d4aeabcc2af
insert into favorite_spot (count, favorite_id, spot_id, favorite_spot_id) values (?, ?, ?, ?)
insert into favorite_spot (count, favorite_id, spot_id, favorite_spot_id) values (0, 37, 449, 361);
2022-10-10 13:48:04.484  INFO 3923 --- [    Test worker] p6spy                                    : #1665377284484 | took 0ms | statement | connection 23| url jdbc:h2:mem:6a3784ae-1aa6-4bbf-b617-4d4aeabcc2af
insert into score (facility_rank, facility_score, price_rank, price_score, rank_average, surround_rank, surround_score, view_rank, view_score, score_id) values (?, ?, ?, ?, ?, ?, ?, ?, ?, ?)
insert into score (facility_rank, facility_score, price_rank, price_score, rank_average, surround_rank, surround_score, view_rank, view_score, score_id) values (0.003547844218760865, 4.742736881026762, 8.540172737784133, 4.2773390150509725, 6.832035182781127, 7.111871700934097, 9.574276607955406, 3.8994057269130877, 8.496438842363919, 384);
2022-10-10 13:48:04.484  INFO 3923 --- [    Test worker] p6spy                                    : #1665377284484 | took 0ms | statement | connection 23| url jdbc:h2:mem:6a3784ae-1aa6-4bbf-b617-4d4aeabcc2af
insert into picture (spot_id, url, picture_id) values (?, ?, ?)
insert into picture (spot_id, url, picture_id) values (NULL, 'java.io.StringReader@21735533', 1589);
2022-10-10 13:48:04.484  INFO 3923 --- [    Test worker] p6spy                                    : #1665377284484 | took 0ms | statement | connection 23| url jdbc:h2:mem:6a3784ae-1aa6-4bbf-b617-4d4aeabcc2af
insert into picture (spot_id, url, picture_id) values (?, ?, ?)
insert into picture (spot_id, url, picture_id) values (NULL, 'java.io.StringReader@67d8431d', 1590);
2022-10-10 13:48:04.485  INFO 3923 --- [    Test worker] p6spy                                    : #1665377284485 | took 0ms | statement | connection 23| url jdbc:h2:mem:6a3784ae-1aa6-4bbf-b617-4d4aeabcc2af
insert into picture (spot_id, url, picture_id) values (?, ?, ?)
insert into picture (spot_id, url, picture_id) values (NULL, 'java.io.StringReader@4e10067d', 1591);
2022-10-10 13:48:04.485  INFO 3923 --- [    Test worker] p6spy                                    : #1665377284485 | took 0ms | statement | connection 23| url jdbc:h2:mem:6a3784ae-1aa6-4bbf-b617-4d4aeabcc2af
insert into spot (address, description, location, name, score_id, spot_id) values (?, ?, ?, ?, ?, ?)
insert into spot (address, description, location, name, score_id, spot_id) values (NULL, NULL, 'Andeok_myeon', NULL, 384, 450);
2022-10-10 13:48:04.485  INFO 3923 --- [    Test worker] p6spy                                    : #1665377284485 | took 0ms | statement | connection 23| url jdbc:h2:mem:6a3784ae-1aa6-4bbf-b617-4d4aeabcc2af
insert into member_spot (member_id, score, spot_id, member_spot_id) values (?, ?, ?, ?)
insert into member_spot (member_id, score, spot_id, member_spot_id) values (14, 0.0, 450, 1592);
2022-10-10 13:48:04.485  INFO 3923 --- [    Test worker] p6spy                                    : #1665377284485 | took 0ms | statement | connection 23| url jdbc:h2:mem:6a3784ae-1aa6-4bbf-b617-4d4aeabcc2af
insert into review (content, spot_id, review_id) values (?, ?, ?)
insert into review (content, spot_id, review_id) values ('java.io.StringReader@25b995d6', 369, 386);
2022-10-10 13:48:04.485  INFO 3923 --- [    Test worker] p6spy                                    : #1665377284485 | took 0ms | statement | connection 23| url jdbc:h2:mem:6a3784ae-1aa6-4bbf-b617-4d4aeabcc2af
insert into score (facility_rank, facility_score, price_rank, price_score, rank_average, surround_rank, surround_score, view_rank, view_score, score_id) values (?, ?, ?, ?, ?, ?, ?, ?, ?, ?)
insert into score (facility_rank, facility_score, price_rank, price_score, rank_average, surround_rank, surround_score, view_rank, view_score, score_id) values (8.944673128026707, 5.379074843751122, 5.858139992838316, 7.528820500401247, 1.2068988395775337, 3.0202731933107563, 3.723603206637324, 5.004778973120116, 1.3651663161743366, 385);
2022-10-10 13:48:04.485  INFO 3923 --- [    Test worker] p6spy                                    : #1665377284485 | took 0ms | statement | connection 23| url jdbc:h2:mem:6a3784ae-1aa6-4bbf-b617-4d4aeabcc2af
insert into picture (spot_id, url, picture_id) values (?, ?, ?)
insert into picture (spot_id, url, picture_id) values (NULL, 'java.io.StringReader@503f9a4c', 1593);
2022-10-10 13:48:04.485  INFO 3923 --- [    Test worker] p6spy                                    : #1665377284485 | took 0ms | statement | connection 23| url jdbc:h2:mem:6a3784ae-1aa6-4bbf-b617-4d4aeabcc2af
insert into picture (spot_id, url, picture_id) values (?, ?, ?)
insert into picture (spot_id, url, picture_id) values (NULL, 'java.io.StringReader@267f6b32', 1594);
2022-10-10 13:48:04.485  INFO 3923 --- [    Test worker] p6spy                                    : #1665377284485 | took 0ms | statement | connection 23| url jdbc:h2:mem:6a3784ae-1aa6-4bbf-b617-4d4aeabcc2af
insert into picture (spot_id, url, picture_id) values (?, ?, ?)
insert into picture (spot_id, url, picture_id) values (NULL, 'java.io.StringReader@495612a8', 1595);
2022-10-10 13:48:04.485  INFO 3923 --- [    Test worker] p6spy                                    : #1665377284485 | took 0ms | statement | connection 23| url jdbc:h2:mem:6a3784ae-1aa6-4bbf-b617-4d4aeabcc2af
insert into spot (address, description, location, name, score_id, spot_id) values (?, ?, ?, ?, ?, ?)
insert into spot (address, description, location, name, score_id, spot_id) values (NULL, NULL, 'Andeok_myeon', NULL, 385, 451);
2022-10-10 13:48:04.485  INFO 3923 --- [    Test worker] p6spy                                    : #1665377284485 | took 0ms | statement | connection 23| url jdbc:h2:mem:6a3784ae-1aa6-4bbf-b617-4d4aeabcc2af
insert into member_spot (member_id, score, spot_id, member_spot_id) values (?, ?, ?, ?)
insert into member_spot (member_id, score, spot_id, member_spot_id) values (14, 0.0, 451, 1596);
2022-10-10 13:48:04.485  INFO 3923 --- [    Test worker] p6spy                                    : #1665377284485 | took 0ms | statement | connection 23| url jdbc:h2:mem:6a3784ae-1aa6-4bbf-b617-4d4aeabcc2af
insert into review (content, spot_id, review_id) values (?, ?, ?)
insert into review (content, spot_id, review_id) values ('java.io.StringReader@5c0ba6fc', 369, 387);
2022-10-10 13:48:04.485  INFO 3923 --- [    Test worker] p6spy                                    : #1665377284485 | took 0ms | statement | connection 23| url jdbc:h2:mem:6a3784ae-1aa6-4bbf-b617-4d4aeabcc2af
insert into favorite_spot (count, favorite_id, spot_id, favorite_spot_id) values (?, ?, ?, ?)
insert into favorite_spot (count, favorite_id, spot_id, favorite_spot_id) values (0, 37, 451, 362);
2022-10-10 13:48:04.485  INFO 3923 --- [    Test worker] p6spy                                    : #1665377284485 | took 0ms | statement | connection 23| url jdbc:h2:mem:6a3784ae-1aa6-4bbf-b617-4d4aeabcc2af
insert into score (facility_rank, facility_score, price_rank, price_score, rank_average, surround_rank, surround_score, view_rank, view_score, score_id) values (?, ?, ?, ?, ?, ?, ?, ?, ?, ?)
insert into score (facility_rank, facility_score, price_rank, price_score, rank_average, surround_rank, surround_score, view_rank, view_score, score_id) values (2.504874884759476, 4.486224794659881, 3.0180219748846335, 5.663515433283472, 7.796594853709635, 8.644234794365737, 3.2949223048745435, 6.969579796463043, 3.82588924571586, 386);
2022-10-10 13:48:04.485  INFO 3923 --- [    Test worker] p6spy                                    : #1665377284485 | took 0ms | statement | connection 23| url jdbc:h2:mem:6a3784ae-1aa6-4bbf-b617-4d4aeabcc2af
insert into picture (spot_id, url, picture_id) values (?, ?, ?)
insert into picture (spot_id, url, picture_id) values (NULL, 'java.io.StringReader@3077ee5', 1597);
2022-10-10 13:48:04.485  INFO 3923 --- [    Test worker] p6spy                                    : #1665377284485 | took 0ms | statement | connection 23| url jdbc:h2:mem:6a3784ae-1aa6-4bbf-b617-4d4aeabcc2af
insert into picture (spot_id, url, picture_id) values (?, ?, ?)
insert into picture (spot_id, url, picture_id) values (NULL, 'java.io.StringReader@7bc847dd', 1598);
2022-10-10 13:48:04.485  INFO 3923 --- [    Test worker] p6spy                                    : #1665377284485 | took 0ms | statement | connection 23| url jdbc:h2:mem:6a3784ae-1aa6-4bbf-b617-4d4aeabcc2af
insert into picture (spot_id, url, picture_id) values (?, ?, ?)
insert into picture (spot_id, url, picture_id) values (NULL, 'java.io.StringReader@ea8842c', 1599);
2022-10-10 13:48:04.485  INFO 3923 --- [    Test worker] p6spy                                    : #1665377284485 | took 0ms | statement | connection 23| url jdbc:h2:mem:6a3784ae-1aa6-4bbf-b617-4d4aeabcc2af
insert into spot (address, description, location, name, score_id, spot_id) values (?, ?, ?, ?, ?, ?)
insert into spot (address, description, location, name, score_id, spot_id) values (NULL, NULL, 'Andeok_myeon', NULL, 386, 452);
2022-10-10 13:48:04.485  INFO 3923 --- [    Test worker] p6spy                                    : #1665377284485 | took 0ms | statement | connection 23| url jdbc:h2:mem:6a3784ae-1aa6-4bbf-b617-4d4aeabcc2af
insert into member_spot (member_id, score, spot_id, member_spot_id) values (?, ?, ?, ?)
insert into member_spot (member_id, score, spot_id, member_spot_id) values (14, 0.0, 452, 1600);
2022-10-10 13:48:04.485  INFO 3923 --- [    Test worker] p6spy                                    : #1665377284485 | took 0ms | statement | connection 23| url jdbc:h2:mem:6a3784ae-1aa6-4bbf-b617-4d4aeabcc2af
insert into review (content, spot_id, review_id) values (?, ?, ?)
insert into review (content, spot_id, review_id) values ('java.io.StringReader@48d2bc6b', 369, 388);
2022-10-10 13:48:04.485  INFO 3923 --- [    Test worker] p6spy                                    : #1665377284485 | took 0ms | statement | connection 23| url jdbc:h2:mem:6a3784ae-1aa6-4bbf-b617-4d4aeabcc2af
insert into score (facility_rank, facility_score, price_rank, price_score, rank_average, surround_rank, surround_score, view_rank, view_score, score_id) values (?, ?, ?, ?, ?, ?, ?, ?, ?, ?)
insert into score (facility_rank, facility_score, price_rank, price_score, rank_average, surround_rank, surround_score, view_rank, view_score, score_id) values (7.139212407761532, 8.001183669528547, 4.141482819953608, 4.014064065833192, 1.0810052039738482, 7.2217475347870685, 8.073299053153288, 4.8916309330883, 2.3772186661531114, 387);
2022-10-10 13:48:04.485  INFO 3923 --- [    Test worker] p6spy                                    : #1665377284485 | took 0ms | statement | connection 23| url jdbc:h2:mem:6a3784ae-1aa6-4bbf-b617-4d4aeabcc2af
insert into picture (spot_id, url, picture_id) values (?, ?, ?)
insert into picture (spot_id, url, picture_id) values (NULL, 'java.io.StringReader@2f6b3859', 1601);
2022-10-10 13:48:04.485  INFO 3923 --- [    Test worker] p6spy                                    : #1665377284485 | took 0ms | statement | connection 23| url jdbc:h2:mem:6a3784ae-1aa6-4bbf-b617-4d4aeabcc2af
insert into picture (spot_id, url, picture_id) values (?, ?, ?)
insert into picture (spot_id, url, picture_id) values (NULL, 'java.io.StringReader@614fcec5', 1602);
2022-10-10 13:48:04.485  INFO 3923 --- [    Test worker] p6spy                                    : #1665377284485 | took 0ms | statement | connection 23| url jdbc:h2:mem:6a3784ae-1aa6-4bbf-b617-4d4aeabcc2af
insert into picture (spot_id, url, picture_id) values (?, ?, ?)
insert into picture (spot_id, url, picture_id) values (NULL, 'java.io.StringReader@6d532813', 1603);
2022-10-10 13:48:04.485  INFO 3923 --- [    Test worker] p6spy                                    : #1665377284485 | took 0ms | statement | connection 23| url jdbc:h2:mem:6a3784ae-1aa6-4bbf-b617-4d4aeabcc2af
insert into spot (address, description, location, name, score_id, spot_id) values (?, ?, ?, ?, ?, ?)
insert into spot (address, description, location, name, score_id, spot_id) values (NULL, NULL, 'Andeok_myeon', NULL, 387, 453);
2022-10-10 13:48:04.485  INFO 3923 --- [    Test worker] p6spy                                    : #1665377284485 | took 0ms | statement | connection 23| url jdbc:h2:mem:6a3784ae-1aa6-4bbf-b617-4d4aeabcc2af
insert into member_spot (member_id, score, spot_id, member_spot_id) values (?, ?, ?, ?)
insert into member_spot (member_id, score, spot_id, member_spot_id) values (14, 0.0, 453, 1604);
2022-10-10 13:48:04.485  INFO 3923 --- [    Test worker] p6spy                                    : #1665377284485 | took 0ms | statement | connection 23| url jdbc:h2:mem:6a3784ae-1aa6-4bbf-b617-4d4aeabcc2af
insert into review (content, spot_id, review_id) values (?, ?, ?)
insert into review (content, spot_id, review_id) values ('java.io.StringReader@3cb3a3f6', 369, 389);
2022-10-10 13:48:04.485  INFO 3923 --- [    Test worker] p6spy                                    : #1665377284485 | took 0ms | statement | connection 23| url jdbc:h2:mem:6a3784ae-1aa6-4bbf-b617-4d4aeabcc2af
insert into favorite_spot (count, favorite_id, spot_id, favorite_spot_id) values (?, ?, ?, ?)
insert into favorite_spot (count, favorite_id, spot_id, favorite_spot_id) values (0, 37, 453, 363);
2022-10-10 13:48:04.485  INFO 3923 --- [    Test worker] p6spy                                    : #1665377284485 | took 0ms | statement | connection 23| url jdbc:h2:mem:6a3784ae-1aa6-4bbf-b617-4d4aeabcc2af
insert into score (facility_rank, facility_score, price_rank, price_score, rank_average, surround_rank, surround_score, view_rank, view_score, score_id) values (?, ?, ?, ?, ?, ?, ?, ?, ?, ?)
insert into score (facility_rank, facility_score, price_rank, price_score, rank_average, surround_rank, surround_score, view_rank, view_score, score_id) values (3.347791136781195, 9.5102701794524, 7.69031791004309, 1.1860105999005366, 0.215647015024365, 2.920946645443898, 0.8842264754366702, 1.503132401623437, 5.08505260236085, 388);
2022-10-10 13:48:04.485  INFO 3923 --- [    Test worker] p6spy                                    : #1665377284485 | took 0ms | statement | connection 23| url jdbc:h2:mem:6a3784ae-1aa6-4bbf-b617-4d4aeabcc2af
insert into picture (spot_id, url, picture_id) values (?, ?, ?)
insert into picture (spot_id, url, picture_id) values (NULL, 'java.io.StringReader@744b5bd7', 1605);
2022-10-10 13:48:04.485  INFO 3923 --- [    Test worker] p6spy                                    : #1665377284485 | took 0ms | statement | connection 23| url jdbc:h2:mem:6a3784ae-1aa6-4bbf-b617-4d4aeabcc2af
insert into picture (spot_id, url, picture_id) values (?, ?, ?)
insert into picture (spot_id, url, picture_id) values (NULL, 'java.io.StringReader@571097be', 1606);
2022-10-10 13:48:04.485  INFO 3923 --- [    Test worker] p6spy                                    : #1665377284485 | took 0ms | statement | connection 23| url jdbc:h2:mem:6a3784ae-1aa6-4bbf-b617-4d4aeabcc2af
insert into picture (spot_id, url, picture_id) values (?, ?, ?)
insert into picture (spot_id, url, picture_id) values (NULL, 'java.io.StringReader@7404ea32', 1607);
2022-10-10 13:48:04.485  INFO 3923 --- [    Test worker] p6spy                                    : #1665377284485 | took 0ms | statement | connection 23| url jdbc:h2:mem:6a3784ae-1aa6-4bbf-b617-4d4aeabcc2af
insert into spot (address, description, location, name, score_id, spot_id) values (?, ?, ?, ?, ?, ?)
insert into spot (address, description, location, name, score_id, spot_id) values (NULL, NULL, 'Andeok_myeon', NULL, 388, 454);
2022-10-10 13:48:04.485  INFO 3923 --- [    Test worker] p6spy                                    : #1665377284485 | took 0ms | statement | connection 23| url jdbc:h2:mem:6a3784ae-1aa6-4bbf-b617-4d4aeabcc2af
insert into member_spot (member_id, score, spot_id, member_spot_id) values (?, ?, ?, ?)
insert into member_spot (member_id, score, spot_id, member_spot_id) values (14, 0.0, 454, 1608);
2022-10-10 13:48:04.486  INFO 3923 --- [    Test worker] p6spy                                    : #1665377284486 | took 0ms | statement | connection 23| url jdbc:h2:mem:6a3784ae-1aa6-4bbf-b617-4d4aeabcc2af
insert into review (content, spot_id, review_id) values (?, ?, ?)
insert into review (content, spot_id, review_id) values ('java.io.StringReader@506ec7ea', 369, 390);
2022-10-10 13:48:04.486  INFO 3923 --- [    Test worker] p6spy                                    : #1665377284486 | took 0ms | statement | connection 23| url jdbc:h2:mem:6a3784ae-1aa6-4bbf-b617-4d4aeabcc2af
insert into score (facility_rank, facility_score, price_rank, price_score, rank_average, surround_rank, surround_score, view_rank, view_score, score_id) values (?, ?, ?, ?, ?, ?, ?, ?, ?, ?)
insert into score (facility_rank, facility_score, price_rank, price_score, rank_average, surround_rank, surround_score, view_rank, view_score, score_id) values (1.249945410501988, 0.9820976370865797, 6.698300475058404, 8.910379012933518, 2.595539849821329, 6.640866175428144, 3.4044176738599266, 0.9800671649043835, 2.191679574260527, 389);
2022-10-10 13:48:04.486  INFO 3923 --- [    Test worker] p6spy                                    : #1665377284486 | took 0ms | statement | connection 23| url jdbc:h2:mem:6a3784ae-1aa6-4bbf-b617-4d4aeabcc2af
insert into picture (spot_id, url, picture_id) values (?, ?, ?)
insert into picture (spot_id, url, picture_id) values (NULL, 'java.io.StringReader@24300ae1', 1609);
2022-10-10 13:48:04.486  INFO 3923 --- [    Test worker] p6spy                                    : #1665377284486 | took 0ms | statement | connection 23| url jdbc:h2:mem:6a3784ae-1aa6-4bbf-b617-4d4aeabcc2af
insert into picture (spot_id, url, picture_id) values (?, ?, ?)
insert into picture (spot_id, url, picture_id) values (NULL, 'java.io.StringReader@3fa57a5a', 1610);
2022-10-10 13:48:04.486  INFO 3923 --- [    Test worker] p6spy                                    : #1665377284486 | took 0ms | statement | connection 23| url jdbc:h2:mem:6a3784ae-1aa6-4bbf-b617-4d4aeabcc2af
insert into picture (spot_id, url, picture_id) values (?, ?, ?)
insert into picture (spot_id, url, picture_id) values (NULL, 'java.io.StringReader@5b4b2bfa', 1611);
2022-10-10 13:48:04.486  INFO 3923 --- [    Test worker] p6spy                                    : #1665377284486 | took 0ms | statement | connection 23| url jdbc:h2:mem:6a3784ae-1aa6-4bbf-b617-4d4aeabcc2af
insert into spot (address, description, location, name, score_id, spot_id) values (?, ?, ?, ?, ?, ?)
insert into spot (address, description, location, name, score_id, spot_id) values (NULL, NULL, 'Andeok_myeon', NULL, 389, 455);
2022-10-10 13:48:04.486  INFO 3923 --- [    Test worker] p6spy                                    : #1665377284486 | took 0ms | statement | connection 23| url jdbc:h2:mem:6a3784ae-1aa6-4bbf-b617-4d4aeabcc2af
insert into member_spot (member_id, score, spot_id, member_spot_id) values (?, ?, ?, ?)
insert into member_spot (member_id, score, spot_id, member_spot_id) values (14, 0.0, 455, 1612);
2022-10-10 13:48:04.486  INFO 3923 --- [    Test worker] p6spy                                    : #1665377284486 | took 0ms | statement | connection 23| url jdbc:h2:mem:6a3784ae-1aa6-4bbf-b617-4d4aeabcc2af
insert into review (content, spot_id, review_id) values (?, ?, ?)
insert into review (content, spot_id, review_id) values ('java.io.StringReader@8fd65c4', 369, 391);
2022-10-10 13:48:04.486  INFO 3923 --- [    Test worker] p6spy                                    : #1665377284486 | took 0ms | statement | connection 23| url jdbc:h2:mem:6a3784ae-1aa6-4bbf-b617-4d4aeabcc2af
insert into favorite_spot (count, favorite_id, spot_id, favorite_spot_id) values (?, ?, ?, ?)
insert into favorite_spot (count, favorite_id, spot_id, favorite_spot_id) values (0, 37, 455, 364);
2022-10-10 13:48:04.486  INFO 3923 --- [    Test worker] p6spy                                    : #1665377284486 | took 0ms | statement | connection 23| url jdbc:h2:mem:6a3784ae-1aa6-4bbf-b617-4d4aeabcc2af
insert into score (facility_rank, facility_score, price_rank, price_score, rank_average, surround_rank, surround_score, view_rank, view_score, score_id) values (?, ?, ?, ?, ?, ?, ?, ?, ?, ?)
insert into score (facility_rank, facility_score, price_rank, price_score, rank_average, surround_rank, surround_score, view_rank, view_score, score_id) values (5.055305300501438, 3.879674320062678, 2.119825652094134, 2.9977497926018293, 1.1758412671014962, 2.999760172418772, 6.260040613133041, 7.796438804007329, 9.560141662034965, 390);
2022-10-10 13:48:04.486  INFO 3923 --- [    Test worker] p6spy                                    : #1665377284486 | took 0ms | statement | connection 23| url jdbc:h2:mem:6a3784ae-1aa6-4bbf-b617-4d4aeabcc2af
insert into picture (spot_id, url, picture_id) values (?, ?, ?)
insert into picture (spot_id, url, picture_id) values (NULL, 'java.io.StringReader@29ffc1f3', 1613);
2022-10-10 13:48:04.486  INFO 3923 --- [    Test worker] p6spy                                    : #1665377284486 | took 0ms | statement | connection 23| url jdbc:h2:mem:6a3784ae-1aa6-4bbf-b617-4d4aeabcc2af
insert into picture (spot_id, url, picture_id) values (?, ?, ?)
insert into picture (spot_id, url, picture_id) values (NULL, 'java.io.StringReader@209dba47', 1614);
2022-10-10 13:48:04.486  INFO 3923 --- [    Test worker] p6spy                                    : #1665377284486 | took 0ms | statement | connection 23| url jdbc:h2:mem:6a3784ae-1aa6-4bbf-b617-4d4aeabcc2af
insert into picture (spot_id, url, picture_id) values (?, ?, ?)
insert into picture (spot_id, url, picture_id) values (NULL, 'java.io.StringReader@4b0465bd', 1615);
2022-10-10 13:48:04.486  INFO 3923 --- [    Test worker] p6spy                                    : #1665377284486 | took 0ms | statement | connection 23| url jdbc:h2:mem:6a3784ae-1aa6-4bbf-b617-4d4aeabcc2af
insert into spot (address, description, location, name, score_id, spot_id) values (?, ?, ?, ?, ?, ?)
insert into spot (address, description, location, name, score_id, spot_id) values (NULL, NULL, 'Andeok_myeon', NULL, 390, 456);
2022-10-10 13:48:04.486  INFO 3923 --- [    Test worker] p6spy                                    : #1665377284486 | took 0ms | statement | connection 23| url jdbc:h2:mem:6a3784ae-1aa6-4bbf-b617-4d4aeabcc2af
insert into member_spot (member_id, score, spot_id, member_spot_id) values (?, ?, ?, ?)
insert into member_spot (member_id, score, spot_id, member_spot_id) values (14, 0.0, 456, 1616);
2022-10-10 13:48:04.486  INFO 3923 --- [    Test worker] p6spy                                    : #1665377284486 | took 0ms | statement | connection 23| url jdbc:h2:mem:6a3784ae-1aa6-4bbf-b617-4d4aeabcc2af
insert into review (content, spot_id, review_id) values (?, ?, ?)
insert into review (content, spot_id, review_id) values ('java.io.StringReader@707c4466', 369, 392);
2022-10-10 13:48:04.486  INFO 3923 --- [    Test worker] p6spy                                    : #1665377284486 | took 0ms | statement | connection 23| url jdbc:h2:mem:6a3784ae-1aa6-4bbf-b617-4d4aeabcc2af
insert into score (facility_rank, facility_score, price_rank, price_score, rank_average, surround_rank, surround_score, view_rank, view_score, score_id) values (?, ?, ?, ?, ?, ?, ?, ?, ?, ?)
insert into score (facility_rank, facility_score, price_rank, price_score, rank_average, surround_rank, surround_score, view_rank, view_score, score_id) values (0.8525512972457883, 8.191741789556197, 7.603163503117356, 6.2976826636553165, 3.7970666995841986, 2.6277086506530747, 9.170682899575555, 3.092024324612672, 6.811549185753048, 391);
2022-10-10 13:48:04.486  INFO 3923 --- [    Test worker] p6spy                                    : #1665377284486 | took 0ms | statement | connection 23| url jdbc:h2:mem:6a3784ae-1aa6-4bbf-b617-4d4aeabcc2af
insert into picture (spot_id, url, picture_id) values (?, ?, ?)
insert into picture (spot_id, url, picture_id) values (NULL, 'java.io.StringReader@43969c2c', 1617);
2022-10-10 13:48:04.486  INFO 3923 --- [    Test worker] p6spy                                    : #1665377284486 | took 0ms | statement | connection 23| url jdbc:h2:mem:6a3784ae-1aa6-4bbf-b617-4d4aeabcc2af
insert into picture (spot_id, url, picture_id) values (?, ?, ?)
insert into picture (spot_id, url, picture_id) values (NULL, 'java.io.StringReader@643c5b25', 1618);
2022-10-10 13:48:04.486  INFO 3923 --- [    Test worker] p6spy                                    : #1665377284486 | took 0ms | statement | connection 23| url jdbc:h2:mem:6a3784ae-1aa6-4bbf-b617-4d4aeabcc2af
insert into picture (spot_id, url, picture_id) values (?, ?, ?)
insert into picture (spot_id, url, picture_id) values (NULL, 'java.io.StringReader@173f34d8', 1619);
2022-10-10 13:48:04.486  INFO 3923 --- [    Test worker] p6spy                                    : #1665377284486 | took 0ms | statement | connection 23| url jdbc:h2:mem:6a3784ae-1aa6-4bbf-b617-4d4aeabcc2af
insert into spot (address, description, location, name, score_id, spot_id) values (?, ?, ?, ?, ?, ?)
insert into spot (address, description, location, name, score_id, spot_id) values (NULL, NULL, 'Andeok_myeon', NULL, 391, 457);
2022-10-10 13:48:04.486  INFO 3923 --- [    Test worker] p6spy                                    : #1665377284486 | took 0ms | statement | connection 23| url jdbc:h2:mem:6a3784ae-1aa6-4bbf-b617-4d4aeabcc2af
insert into member_spot (member_id, score, spot_id, member_spot_id) values (?, ?, ?, ?)
insert into member_spot (member_id, score, spot_id, member_spot_id) values (14, 0.0, 457, 1620);
2022-10-10 13:48:04.486  INFO 3923 --- [    Test worker] p6spy                                    : #1665377284486 | took 0ms | statement | connection 23| url jdbc:h2:mem:6a3784ae-1aa6-4bbf-b617-4d4aeabcc2af
insert into review (content, spot_id, review_id) values (?, ?, ?)
insert into review (content, spot_id, review_id) values ('java.io.StringReader@7cab419a', 369, 393);
2022-10-10 13:48:04.486  INFO 3923 --- [    Test worker] p6spy                                    : #1665377284486 | took 0ms | statement | connection 23| url jdbc:h2:mem:6a3784ae-1aa6-4bbf-b617-4d4aeabcc2af
insert into favorite_spot (count, favorite_id, spot_id, favorite_spot_id) values (?, ?, ?, ?)
insert into favorite_spot (count, favorite_id, spot_id, favorite_spot_id) values (0, 37, 457, 365);
2022-10-10 13:48:04.486  INFO 3923 --- [    Test worker] p6spy                                    : #1665377284486 | took 0ms | statement | connection 23| url jdbc:h2:mem:6a3784ae-1aa6-4bbf-b617-4d4aeabcc2af
insert into score (facility_rank, facility_score, price_rank, price_score, rank_average, surround_rank, surround_score, view_rank, view_score, score_id) values (?, ?, ?, ?, ?, ?, ?, ?, ?, ?)
insert into score (facility_rank, facility_score, price_rank, price_score, rank_average, surround_rank, surround_score, view_rank, view_score, score_id) values (6.586022148945563, 8.856074744257324, 0.860245504543039, 5.42855836041512, 7.208335800373755, 3.437822914838601, 0.9410901881202882, 9.106263110228545, 3.850645520764171, 392);
2022-10-10 13:48:04.486  INFO 3923 --- [    Test worker] p6spy                                    : #1665377284486 | took 0ms | statement | connection 23| url jdbc:h2:mem:6a3784ae-1aa6-4bbf-b617-4d4aeabcc2af
insert into picture (spot_id, url, picture_id) values (?, ?, ?)
insert into picture (spot_id, url, picture_id) values (NULL, 'java.io.StringReader@11d0a25e', 1621);
2022-10-10 13:48:04.486  INFO 3923 --- [    Test worker] p6spy                                    : #1665377284486 | took 0ms | statement | connection 23| url jdbc:h2:mem:6a3784ae-1aa6-4bbf-b617-4d4aeabcc2af
insert into picture (spot_id, url, picture_id) values (?, ?, ?)
insert into picture (spot_id, url, picture_id) values (NULL, 'java.io.StringReader@611d6bb2', 1622);
2022-10-10 13:48:04.486  INFO 3923 --- [    Test worker] p6spy                                    : #1665377284486 | took 0ms | statement | connection 23| url jdbc:h2:mem:6a3784ae-1aa6-4bbf-b617-4d4aeabcc2af
insert into picture (spot_id, url, picture_id) values (?, ?, ?)
insert into picture (spot_id, url, picture_id) values (NULL, 'java.io.StringReader@3ae31a0f', 1623);
2022-10-10 13:48:04.486  INFO 3923 --- [    Test worker] p6spy                                    : #1665377284486 | took 0ms | statement | connection 23| url jdbc:h2:mem:6a3784ae-1aa6-4bbf-b617-4d4aeabcc2af
insert into spot (address, description, location, name, score_id, spot_id) values (?, ?, ?, ?, ?, ?)
insert into spot (address, description, location, name, score_id, spot_id) values (NULL, NULL, 'Andeok_myeon', NULL, 392, 458);
2022-10-10 13:48:04.486  INFO 3923 --- [    Test worker] p6spy                                    : #1665377284486 | took 0ms | statement | connection 23| url jdbc:h2:mem:6a3784ae-1aa6-4bbf-b617-4d4aeabcc2af
insert into member_spot (member_id, score, spot_id, member_spot_id) values (?, ?, ?, ?)
insert into member_spot (member_id, score, spot_id, member_spot_id) values (14, 0.0, 458, 1624);
2022-10-10 13:48:04.486  INFO 3923 --- [    Test worker] p6spy                                    : #1665377284486 | took 0ms | statement | connection 23| url jdbc:h2:mem:6a3784ae-1aa6-4bbf-b617-4d4aeabcc2af
insert into review (content, spot_id, review_id) values (?, ?, ?)
insert into review (content, spot_id, review_id) values ('java.io.StringReader@4ab8b70e', 369, 394);
2022-10-10 13:48:04.486  INFO 3923 --- [    Test worker] p6spy                                    : #1665377284486 | took 0ms | statement | connection 23| url jdbc:h2:mem:6a3784ae-1aa6-4bbf-b617-4d4aeabcc2af
insert into score (facility_rank, facility_score, price_rank, price_score, rank_average, surround_rank, surround_score, view_rank, view_score, score_id) values (?, ?, ?, ?, ?, ?, ?, ?, ?, ?)
insert into score (facility_rank, facility_score, price_rank, price_score, rank_average, surround_rank, surround_score, view_rank, view_score, score_id) values (9.55286339717052, 0.789174630856071, 4.348462235253462, 9.669407507296754, 2.150766707371493, 8.82329818059483, 1.9010317388995468, 9.938695273592279, 3.9354249615689287, 393);
2022-10-10 13:48:04.486  INFO 3923 --- [    Test worker] p6spy                                    : #1665377284486 | took 0ms | statement | connection 23| url jdbc:h2:mem:6a3784ae-1aa6-4bbf-b617-4d4aeabcc2af
insert into picture (spot_id, url, picture_id) values (?, ?, ?)
insert into picture (spot_id, url, picture_id) values (NULL, 'java.io.StringReader@cdbac7f', 1625);
2022-10-10 13:48:04.486  INFO 3923 --- [    Test worker] p6spy                                    : #1665377284486 | took 0ms | statement | connection 23| url jdbc:h2:mem:6a3784ae-1aa6-4bbf-b617-4d4aeabcc2af
insert into picture (spot_id, url, picture_id) values (?, ?, ?)
insert into picture (spot_id, url, picture_id) values (NULL, 'java.io.StringReader@2b8598a2', 1626);
2022-10-10 13:48:04.486  INFO 3923 --- [    Test worker] p6spy                                    : #1665377284486 | took 0ms | statement | connection 23| url jdbc:h2:mem:6a3784ae-1aa6-4bbf-b617-4d4aeabcc2af
insert into picture (spot_id, url, picture_id) values (?, ?, ?)
insert into picture (spot_id, url, picture_id) values (NULL, 'java.io.StringReader@279dbd48', 1627);
2022-10-10 13:48:04.486  INFO 3923 --- [    Test worker] p6spy                                    : #1665377284486 | took 0ms | statement | connection 23| url jdbc:h2:mem:6a3784ae-1aa6-4bbf-b617-4d4aeabcc2af
insert into spot (address, description, location, name, score_id, spot_id) values (?, ?, ?, ?, ?, ?)
insert into spot (address, description, location, name, score_id, spot_id) values (NULL, NULL, 'Andeok_myeon', NULL, 393, 459);
2022-10-10 13:48:04.486  INFO 3923 --- [    Test worker] p6spy                                    : #1665377284486 | took 0ms | statement | connection 23| url jdbc:h2:mem:6a3784ae-1aa6-4bbf-b617-4d4aeabcc2af
insert into member_spot (member_id, score, spot_id, member_spot_id) values (?, ?, ?, ?)
insert into member_spot (member_id, score, spot_id, member_spot_id) values (14, 0.0, 459, 1628);
2022-10-10 13:48:04.486  INFO 3923 --- [    Test worker] p6spy                                    : #1665377284486 | took 0ms | statement | connection 23| url jdbc:h2:mem:6a3784ae-1aa6-4bbf-b617-4d4aeabcc2af
insert into review (content, spot_id, review_id) values (?, ?, ?)
insert into review (content, spot_id, review_id) values ('java.io.StringReader@343ebd7b', 369, 395);
2022-10-10 13:48:04.486  INFO 3923 --- [    Test worker] p6spy                                    : #1665377284486 | took 0ms | statement | connection 23| url jdbc:h2:mem:6a3784ae-1aa6-4bbf-b617-4d4aeabcc2af
insert into favorite_spot (count, favorite_id, spot_id, favorite_spot_id) values (?, ?, ?, ?)
insert into favorite_spot (count, favorite_id, spot_id, favorite_spot_id) values (0, 37, 459, 366);
2022-10-10 13:48:04.486  INFO 3923 --- [    Test worker] p6spy                                    : #1665377284486 | took 0ms | statement | connection 23| url jdbc:h2:mem:6a3784ae-1aa6-4bbf-b617-4d4aeabcc2af
insert into score (facility_rank, facility_score, price_rank, price_score, rank_average, surround_rank, surround_score, view_rank, view_score, score_id) values (?, ?, ?, ?, ?, ?, ?, ?, ?, ?)
insert into score (facility_rank, facility_score, price_rank, price_score, rank_average, surround_rank, surround_score, view_rank, view_score, score_id) values (0.3533065447663941, 9.537385599413616, 7.667040373027023, 1.2133800474427658, 0.7673320515702242, 1.5547204327154818, 8.033312609637003, 5.30932739133036, 2.856824246195282, 394);
2022-10-10 13:48:04.486  INFO 3923 --- [    Test worker] p6spy                                    : #1665377284486 | took 0ms | statement | connection 23| url jdbc:h2:mem:6a3784ae-1aa6-4bbf-b617-4d4aeabcc2af
insert into picture (spot_id, url, picture_id) values (?, ?, ?)
insert into picture (spot_id, url, picture_id) values (NULL, 'java.io.StringReader@47f20fa', 1629);
2022-10-10 13:48:04.487  INFO 3923 --- [    Test worker] p6spy                                    : #1665377284487 | took 0ms | statement | connection 23| url jdbc:h2:mem:6a3784ae-1aa6-4bbf-b617-4d4aeabcc2af
insert into picture (spot_id, url, picture_id) values (?, ?, ?)
insert into picture (spot_id, url, picture_id) values (NULL, 'java.io.StringReader@511caa26', 1630);
2022-10-10 13:48:04.487  INFO 3923 --- [    Test worker] p6spy                                    : #1665377284487 | took 0ms | statement | connection 23| url jdbc:h2:mem:6a3784ae-1aa6-4bbf-b617-4d4aeabcc2af
insert into picture (spot_id, url, picture_id) values (?, ?, ?)
insert into picture (spot_id, url, picture_id) values (NULL, 'java.io.StringReader@32160935', 1631);
2022-10-10 13:48:04.487  INFO 3923 --- [    Test worker] p6spy                                    : #1665377284487 | took 0ms | statement | connection 23| url jdbc:h2:mem:6a3784ae-1aa6-4bbf-b617-4d4aeabcc2af
insert into spot (address, description, location, name, score_id, spot_id) values (?, ?, ?, ?, ?, ?)
insert into spot (address, description, location, name, score_id, spot_id) values (NULL, NULL, 'Andeok_myeon', NULL, 394, 460);
2022-10-10 13:48:04.487  INFO 3923 --- [    Test worker] p6spy                                    : #1665377284487 | took 0ms | statement | connection 23| url jdbc:h2:mem:6a3784ae-1aa6-4bbf-b617-4d4aeabcc2af
insert into member_spot (member_id, score, spot_id, member_spot_id) values (?, ?, ?, ?)
insert into member_spot (member_id, score, spot_id, member_spot_id) values (14, 0.0, 460, 1632);
2022-10-10 13:48:04.487  INFO 3923 --- [    Test worker] p6spy                                    : #1665377284487 | took 0ms | statement | connection 23| url jdbc:h2:mem:6a3784ae-1aa6-4bbf-b617-4d4aeabcc2af
insert into review (content, spot_id, review_id) values (?, ?, ?)
insert into review (content, spot_id, review_id) values ('java.io.StringReader@d304447', 369, 396);
2022-10-10 13:48:04.487  INFO 3923 --- [    Test worker] p6spy                                    : #1665377284487 | took 0ms | statement | connection 23| url jdbc:h2:mem:6a3784ae-1aa6-4bbf-b617-4d4aeabcc2af
insert into score (facility_rank, facility_score, price_rank, price_score, rank_average, surround_rank, surround_score, view_rank, view_score, score_id) values (?, ?, ?, ?, ?, ?, ?, ?, ?, ?)
insert into score (facility_rank, facility_score, price_rank, price_score, rank_average, surround_rank, surround_score, view_rank, view_score, score_id) values (0.4476125893759786, 4.106428362588183, 1.4482906498102255, 0.07491886404877413, 2.5825013656243243, 6.0950581597190014, 7.719101996964419, 9.682415398970907, 5.928269406106105, 395);
2022-10-10 13:48:04.487  INFO 3923 --- [    Test worker] p6spy                                    : #1665377284487 | took 0ms | statement | connection 23| url jdbc:h2:mem:6a3784ae-1aa6-4bbf-b617-4d4aeabcc2af
insert into picture (spot_id, url, picture_id) values (?, ?, ?)
insert into picture (spot_id, url, picture_id) values (NULL, 'java.io.StringReader@e266ddd', 1633);
2022-10-10 13:48:04.487  INFO 3923 --- [    Test worker] p6spy                                    : #1665377284487 | took 0ms | statement | connection 23| url jdbc:h2:mem:6a3784ae-1aa6-4bbf-b617-4d4aeabcc2af
insert into picture (spot_id, url, picture_id) values (?, ?, ?)
insert into picture (spot_id, url, picture_id) values (NULL, 'java.io.StringReader@221fd541', 1634);
2022-10-10 13:48:04.487  INFO 3923 --- [    Test worker] p6spy                                    : #1665377284487 | took 0ms | statement | connection 23| url jdbc:h2:mem:6a3784ae-1aa6-4bbf-b617-4d4aeabcc2af
insert into picture (spot_id, url, picture_id) values (?, ?, ?)
insert into picture (spot_id, url, picture_id) values (NULL, 'java.io.StringReader@4c0c0193', 1635);
2022-10-10 13:48:04.487  INFO 3923 --- [    Test worker] p6spy                                    : #1665377284487 | took 0ms | statement | connection 23| url jdbc:h2:mem:6a3784ae-1aa6-4bbf-b617-4d4aeabcc2af
insert into spot (address, description, location, name, score_id, spot_id) values (?, ?, ?, ?, ?, ?)
insert into spot (address, description, location, name, score_id, spot_id) values (NULL, NULL, 'Andeok_myeon', NULL, 395, 461);
2022-10-10 13:48:04.487  INFO 3923 --- [    Test worker] p6spy                                    : #1665377284487 | took 0ms | statement | connection 23| url jdbc:h2:mem:6a3784ae-1aa6-4bbf-b617-4d4aeabcc2af
insert into member_spot (member_id, score, spot_id, member_spot_id) values (?, ?, ?, ?)
insert into member_spot (member_id, score, spot_id, member_spot_id) values (14, 0.0, 461, 1636);
2022-10-10 13:48:04.487  INFO 3923 --- [    Test worker] p6spy                                    : #1665377284487 | took 0ms | statement | connection 23| url jdbc:h2:mem:6a3784ae-1aa6-4bbf-b617-4d4aeabcc2af
insert into review (content, spot_id, review_id) values (?, ?, ?)
insert into review (content, spot_id, review_id) values ('java.io.StringReader@e3dbd51', 369, 397);
2022-10-10 13:48:04.487  INFO 3923 --- [    Test worker] p6spy                                    : #1665377284487 | took 0ms | statement | connection 23| url jdbc:h2:mem:6a3784ae-1aa6-4bbf-b617-4d4aeabcc2af
insert into favorite_spot (count, favorite_id, spot_id, favorite_spot_id) values (?, ?, ?, ?)
insert into favorite_spot (count, favorite_id, spot_id, favorite_spot_id) values (0, 37, 461, 367);
2022-10-10 13:48:04.487  INFO 3923 --- [    Test worker] p6spy                                    : #1665377284487 | took 0ms | statement | connection 23| url jdbc:h2:mem:6a3784ae-1aa6-4bbf-b617-4d4aeabcc2af
insert into score (facility_rank, facility_score, price_rank, price_score, rank_average, surround_rank, surround_score, view_rank, view_score, score_id) values (?, ?, ?, ?, ?, ?, ?, ?, ?, ?)
insert into score (facility_rank, facility_score, price_rank, price_score, rank_average, surround_rank, surround_score, view_rank, view_score, score_id) values (6.859235408320838, 5.633022259961863, 6.792683147816724, 0.08424525147085138, 3.6582280183324656, 2.7789391243318606, 5.905784332265052, 4.543535410567965, 7.275945043724478, 396);
2022-10-10 13:48:04.487  INFO 3923 --- [    Test worker] p6spy                                    : #1665377284487 | took 0ms | statement | connection 23| url jdbc:h2:mem:6a3784ae-1aa6-4bbf-b617-4d4aeabcc2af
insert into picture (spot_id, url, picture_id) values (?, ?, ?)
insert into picture (spot_id, url, picture_id) values (NULL, 'java.io.StringReader@8d108a3', 1637);
2022-10-10 13:48:04.487  INFO 3923 --- [    Test worker] p6spy                                    : #1665377284487 | took 0ms | statement | connection 23| url jdbc:h2:mem:6a3784ae-1aa6-4bbf-b617-4d4aeabcc2af
insert into picture (spot_id, url, picture_id) values (?, ?, ?)
insert into picture (spot_id, url, picture_id) values (NULL, 'java.io.StringReader@16cdf2b2', 1638);
2022-10-10 13:48:04.487  INFO 3923 --- [    Test worker] p6spy                                    : #1665377284487 | took 0ms | statement | connection 23| url jdbc:h2:mem:6a3784ae-1aa6-4bbf-b617-4d4aeabcc2af
insert into picture (spot_id, url, picture_id) values (?, ?, ?)
insert into picture (spot_id, url, picture_id) values (NULL, 'java.io.StringReader@65a61862', 1639);
2022-10-10 13:48:04.487  INFO 3923 --- [    Test worker] p6spy                                    : #1665377284487 | took 0ms | statement | connection 23| url jdbc:h2:mem:6a3784ae-1aa6-4bbf-b617-4d4aeabcc2af
insert into spot (address, description, location, name, score_id, spot_id) values (?, ?, ?, ?, ?, ?)
insert into spot (address, description, location, name, score_id, spot_id) values (NULL, NULL, 'Andeok_myeon', NULL, 396, 462);
2022-10-10 13:48:04.487  INFO 3923 --- [    Test worker] p6spy                                    : #1665377284487 | took 0ms | statement | connection 23| url jdbc:h2:mem:6a3784ae-1aa6-4bbf-b617-4d4aeabcc2af
insert into member_spot (member_id, score, spot_id, member_spot_id) values (?, ?, ?, ?)
insert into member_spot (member_id, score, spot_id, member_spot_id) values (14, 0.0, 462, 1640);
2022-10-10 13:48:04.487  INFO 3923 --- [    Test worker] p6spy                                    : #1665377284487 | took 0ms | statement | connection 23| url jdbc:h2:mem:6a3784ae-1aa6-4bbf-b617-4d4aeabcc2af
insert into review (content, spot_id, review_id) values (?, ?, ?)
insert into review (content, spot_id, review_id) values ('java.io.StringReader@69ab59f7', 369, 398);
2022-10-10 13:48:04.487  INFO 3923 --- [    Test worker] p6spy                                    : #1665377284487 | took 0ms | statement | connection 23| url jdbc:h2:mem:6a3784ae-1aa6-4bbf-b617-4d4aeabcc2af
insert into score (facility_rank, facility_score, price_rank, price_score, rank_average, surround_rank, surround_score, view_rank, view_score, score_id) values (?, ?, ?, ?, ?, ?, ?, ?, ?, ?)
insert into score (facility_rank, facility_score, price_rank, price_score, rank_average, surround_rank, surround_score, view_rank, view_score, score_id) values (0.16699041342908671, 7.360416765098404, 0.36836260384836006, 4.025041230694351, 9.083762336795523, 1.4081968694248348, 6.27018519556391, 0.49094193811138775, 2.671510763938507, 397);
2022-10-10 13:48:04.487  INFO 3923 --- [    Test worker] p6spy                                    : #1665377284487 | took 0ms | statement | connection 23| url jdbc:h2:mem:6a3784ae-1aa6-4bbf-b617-4d4aeabcc2af
insert into picture (spot_id, url, picture_id) values (?, ?, ?)
insert into picture (spot_id, url, picture_id) values (NULL, 'java.io.StringReader@123a3b3d', 1641);
2022-10-10 13:48:04.487  INFO 3923 --- [    Test worker] p6spy                                    : #1665377284487 | took 0ms | statement | connection 23| url jdbc:h2:mem:6a3784ae-1aa6-4bbf-b617-4d4aeabcc2af
insert into picture (spot_id, url, picture_id) values (?, ?, ?)
insert into picture (spot_id, url, picture_id) values (NULL, 'java.io.StringReader@78ed3c71', 1642);
2022-10-10 13:48:04.487  INFO 3923 --- [    Test worker] p6spy                                    : #1665377284487 | took 0ms | statement | connection 23| url jdbc:h2:mem:6a3784ae-1aa6-4bbf-b617-4d4aeabcc2af
insert into picture (spot_id, url, picture_id) values (?, ?, ?)
insert into picture (spot_id, url, picture_id) values (NULL, 'java.io.StringReader@43687885', 1643);
2022-10-10 13:48:04.487  INFO 3923 --- [    Test worker] p6spy                                    : #1665377284487 | took 0ms | statement | connection 23| url jdbc:h2:mem:6a3784ae-1aa6-4bbf-b617-4d4aeabcc2af
insert into spot (address, description, location, name, score_id, spot_id) values (?, ?, ?, ?, ?, ?)
insert into spot (address, description, location, name, score_id, spot_id) values (NULL, NULL, 'Andeok_myeon', NULL, 397, 463);
2022-10-10 13:48:04.487  INFO 3923 --- [    Test worker] p6spy                                    : #1665377284487 | took 0ms | statement | connection 23| url jdbc:h2:mem:6a3784ae-1aa6-4bbf-b617-4d4aeabcc2af
insert into member_spot (member_id, score, spot_id, member_spot_id) values (?, ?, ?, ?)
insert into member_spot (member_id, score, spot_id, member_spot_id) values (14, 0.0, 463, 1644);
2022-10-10 13:48:04.487  INFO 3923 --- [    Test worker] p6spy                                    : #1665377284487 | took 0ms | statement | connection 23| url jdbc:h2:mem:6a3784ae-1aa6-4bbf-b617-4d4aeabcc2af
insert into review (content, spot_id, review_id) values (?, ?, ?)
insert into review (content, spot_id, review_id) values ('java.io.StringReader@70eb0c2c', 369, 399);
2022-10-10 13:48:04.487  INFO 3923 --- [    Test worker] p6spy                                    : #1665377284487 | took 0ms | statement | connection 23| url jdbc:h2:mem:6a3784ae-1aa6-4bbf-b617-4d4aeabcc2af
insert into favorite_spot (count, favorite_id, spot_id, favorite_spot_id) values (?, ?, ?, ?)
insert into favorite_spot (count, favorite_id, spot_id, favorite_spot_id) values (0, 37, 463, 368);
2022-10-10 13:48:04.487  INFO 3923 --- [    Test worker] p6spy                                    : #1665377284487 | took 0ms | statement | connection 23| url jdbc:h2:mem:6a3784ae-1aa6-4bbf-b617-4d4aeabcc2af
insert into score (facility_rank, facility_score, price_rank, price_score, rank_average, surround_rank, surround_score, view_rank, view_score, score_id) values (?, ?, ?, ?, ?, ?, ?, ?, ?, ?)
insert into score (facility_rank, facility_score, price_rank, price_score, rank_average, surround_rank, surround_score, view_rank, view_score, score_id) values (1.996628395636415, 6.850085519491044, 0.3199177689695476, 7.890787885655404, 0.33399320067621363, 3.439617630471663, 2.1400585237075918, 3.314544645142352, 2.6880735298202927, 398);
2022-10-10 13:48:04.487  INFO 3923 --- [    Test worker] p6spy                                    : #1665377284487 | took 0ms | statement | connection 23| url jdbc:h2:mem:6a3784ae-1aa6-4bbf-b617-4d4aeabcc2af
insert into picture (spot_id, url, picture_id) values (?, ?, ?)
insert into picture (spot_id, url, picture_id) values (NULL, 'java.io.StringReader@8fd4fac', 1645);
2022-10-10 13:48:04.487  INFO 3923 --- [    Test worker] p6spy                                    : #1665377284487 | took 0ms | statement | connection 23| url jdbc:h2:mem:6a3784ae-1aa6-4bbf-b617-4d4aeabcc2af
insert into picture (spot_id, url, picture_id) values (?, ?, ?)
insert into picture (spot_id, url, picture_id) values (NULL, 'java.io.StringReader@57f57af5', 1646);
2022-10-10 13:48:04.487  INFO 3923 --- [    Test worker] p6spy                                    : #1665377284487 | took 0ms | statement | connection 23| url jdbc:h2:mem:6a3784ae-1aa6-4bbf-b617-4d4aeabcc2af
insert into picture (spot_id, url, picture_id) values (?, ?, ?)
insert into picture (spot_id, url, picture_id) values (NULL, 'java.io.StringReader@15bc42b2', 1647);
2022-10-10 13:48:04.487  INFO 3923 --- [    Test worker] p6spy                                    : #1665377284487 | took 0ms | statement | connection 23| url jdbc:h2:mem:6a3784ae-1aa6-4bbf-b617-4d4aeabcc2af
insert into spot (address, description, location, name, score_id, spot_id) values (?, ?, ?, ?, ?, ?)
insert into spot (address, description, location, name, score_id, spot_id) values (NULL, NULL, 'Andeok_myeon', NULL, 398, 464);
2022-10-10 13:48:04.487  INFO 3923 --- [    Test worker] p6spy                                    : #1665377284487 | took 0ms | statement | connection 23| url jdbc:h2:mem:6a3784ae-1aa6-4bbf-b617-4d4aeabcc2af
insert into member_spot (member_id, score, spot_id, member_spot_id) values (?, ?, ?, ?)
insert into member_spot (member_id, score, spot_id, member_spot_id) values (14, 0.0, 464, 1648);
2022-10-10 13:48:04.487  INFO 3923 --- [    Test worker] p6spy                                    : #1665377284487 | took 0ms | statement | connection 23| url jdbc:h2:mem:6a3784ae-1aa6-4bbf-b617-4d4aeabcc2af
insert into review (content, spot_id, review_id) values (?, ?, ?)
insert into review (content, spot_id, review_id) values ('java.io.StringReader@b53b6c8', 369, 400);
2022-10-10 13:48:04.487  INFO 3923 --- [    Test worker] p6spy                                    : #1665377284487 | took 0ms | statement | connection 23| url jdbc:h2:mem:6a3784ae-1aa6-4bbf-b617-4d4aeabcc2af
insert into score (facility_rank, facility_score, price_rank, price_score, rank_average, surround_rank, surround_score, view_rank, view_score, score_id) values (?, ?, ?, ?, ?, ?, ?, ?, ?, ?)
insert into score (facility_rank, facility_score, price_rank, price_score, rank_average, surround_rank, surround_score, view_rank, view_score, score_id) values (3.372587370125415, 1.6545349116810226, 5.84198854350027, 3.61468449887853, 6.777896848802177, 8.754037698988196, 4.3930579981274045, 7.4291487613871094, 8.81867229501858, 399);
2022-10-10 13:48:04.487  INFO 3923 --- [    Test worker] p6spy                                    : #1665377284487 | took 0ms | statement | connection 23| url jdbc:h2:mem:6a3784ae-1aa6-4bbf-b617-4d4aeabcc2af
insert into picture (spot_id, url, picture_id) values (?, ?, ?)
insert into picture (spot_id, url, picture_id) values (NULL, 'java.io.StringReader@233352da', 1649);
2022-10-10 13:48:04.487  INFO 3923 --- [    Test worker] p6spy                                    : #1665377284487 | took 0ms | statement | connection 23| url jdbc:h2:mem:6a3784ae-1aa6-4bbf-b617-4d4aeabcc2af
insert into picture (spot_id, url, picture_id) values (?, ?, ?)
insert into picture (spot_id, url, picture_id) values (NULL, 'java.io.StringReader@410e2efc', 1650);
2022-10-10 13:48:04.487  INFO 3923 --- [    Test worker] p6spy                                    : #1665377284487 | took 0ms | statement | connection 23| url jdbc:h2:mem:6a3784ae-1aa6-4bbf-b617-4d4aeabcc2af
insert into picture (spot_id, url, picture_id) values (?, ?, ?)
insert into picture (spot_id, url, picture_id) values (NULL, 'java.io.StringReader@b73524e', 1651);
2022-10-10 13:48:04.488  INFO 3923 --- [    Test worker] p6spy                                    : #1665377284488 | took 0ms | statement | connection 23| url jdbc:h2:mem:6a3784ae-1aa6-4bbf-b617-4d4aeabcc2af
insert into spot (address, description, location, name, score_id, spot_id) values (?, ?, ?, ?, ?, ?)
insert into spot (address, description, location, name, score_id, spot_id) values (NULL, NULL, 'Andeok_myeon', NULL, 399, 465);
2022-10-10 13:48:04.488  INFO 3923 --- [    Test worker] p6spy                                    : #1665377284488 | took 0ms | statement | connection 23| url jdbc:h2:mem:6a3784ae-1aa6-4bbf-b617-4d4aeabcc2af
insert into member_spot (member_id, score, spot_id, member_spot_id) values (?, ?, ?, ?)
insert into member_spot (member_id, score, spot_id, member_spot_id) values (14, 0.0, 465, 1652);
2022-10-10 13:48:04.488  INFO 3923 --- [    Test worker] p6spy                                    : #1665377284488 | took 0ms | statement | connection 23| url jdbc:h2:mem:6a3784ae-1aa6-4bbf-b617-4d4aeabcc2af
insert into review (content, spot_id, review_id) values (?, ?, ?)
insert into review (content, spot_id, review_id) values ('java.io.StringReader@bc2c2d1', 369, 401);
2022-10-10 13:48:04.488  INFO 3923 --- [    Test worker] p6spy                                    : #1665377284488 | took 0ms | statement | connection 23| url jdbc:h2:mem:6a3784ae-1aa6-4bbf-b617-4d4aeabcc2af
insert into favorite_spot (count, favorite_id, spot_id, favorite_spot_id) values (?, ?, ?, ?)
insert into favorite_spot (count, favorite_id, spot_id, favorite_spot_id) values (0, 37, 465, 369);
2022-10-10 13:48:04.488  INFO 3923 --- [    Test worker] p6spy                                    : #1665377284488 | took 0ms | statement | connection 23| url jdbc:h2:mem:6a3784ae-1aa6-4bbf-b617-4d4aeabcc2af
insert into score (facility_rank, facility_score, price_rank, price_score, rank_average, surround_rank, surround_score, view_rank, view_score, score_id) values (?, ?, ?, ?, ?, ?, ?, ?, ?, ?)
insert into score (facility_rank, facility_score, price_rank, price_score, rank_average, surround_rank, surround_score, view_rank, view_score, score_id) values (7.428242464075617, 9.672815904481045, 7.362451561980642, 4.189892999981748, 3.738190322010765, 4.623146910829026, 3.0395893092268143, 7.061858315329151, 5.64356426487276, 400);
2022-10-10 13:48:04.488  INFO 3923 --- [    Test worker] p6spy                                    : #1665377284488 | took 0ms | statement | connection 23| url jdbc:h2:mem:6a3784ae-1aa6-4bbf-b617-4d4aeabcc2af
insert into picture (spot_id, url, picture_id) values (?, ?, ?)
insert into picture (spot_id, url, picture_id) values (NULL, 'java.io.StringReader@3edafdc3', 1653);
2022-10-10 13:48:04.488  INFO 3923 --- [    Test worker] p6spy                                    : #1665377284488 | took 0ms | statement | connection 23| url jdbc:h2:mem:6a3784ae-1aa6-4bbf-b617-4d4aeabcc2af
insert into picture (spot_id, url, picture_id) values (?, ?, ?)
insert into picture (spot_id, url, picture_id) values (NULL, 'java.io.StringReader@4056f9e9', 1654);
2022-10-10 13:48:04.488  INFO 3923 --- [    Test worker] p6spy                                    : #1665377284488 | took 0ms | statement | connection 23| url jdbc:h2:mem:6a3784ae-1aa6-4bbf-b617-4d4aeabcc2af
insert into picture (spot_id, url, picture_id) values (?, ?, ?)
insert into picture (spot_id, url, picture_id) values (NULL, 'java.io.StringReader@274f5cc3', 1655);
2022-10-10 13:48:04.488  INFO 3923 --- [    Test worker] p6spy                                    : #1665377284488 | took 0ms | statement | connection 23| url jdbc:h2:mem:6a3784ae-1aa6-4bbf-b617-4d4aeabcc2af
insert into spot (address, description, location, name, score_id, spot_id) values (?, ?, ?, ?, ?, ?)
insert into spot (address, description, location, name, score_id, spot_id) values (NULL, NULL, 'Andeok_myeon', NULL, 400, 466);
2022-10-10 13:48:04.488  INFO 3923 --- [    Test worker] p6spy                                    : #1665377284488 | took 0ms | statement | connection 23| url jdbc:h2:mem:6a3784ae-1aa6-4bbf-b617-4d4aeabcc2af
insert into member_spot (member_id, score, spot_id, member_spot_id) values (?, ?, ?, ?)
insert into member_spot (member_id, score, spot_id, member_spot_id) values (14, 0.0, 466, 1656);
2022-10-10 13:48:04.488  INFO 3923 --- [    Test worker] p6spy                                    : #1665377284488 | took 0ms | statement | connection 23| url jdbc:h2:mem:6a3784ae-1aa6-4bbf-b617-4d4aeabcc2af
insert into review (content, spot_id, review_id) values (?, ?, ?)
insert into review (content, spot_id, review_id) values ('java.io.StringReader@7bb070b7', 369, 402);
2022-10-10 13:48:04.488  INFO 3923 --- [    Test worker] p6spy                                    : #1665377284488 | took 0ms | statement | connection 23| url jdbc:h2:mem:6a3784ae-1aa6-4bbf-b617-4d4aeabcc2af
insert into score (facility_rank, facility_score, price_rank, price_score, rank_average, surround_rank, surround_score, view_rank, view_score, score_id) values (?, ?, ?, ?, ?, ?, ?, ?, ?, ?)
insert into score (facility_rank, facility_score, price_rank, price_score, rank_average, surround_rank, surround_score, view_rank, view_score, score_id) values (1.3187092386721955, 3.7122649809499197, 2.655299224611225, 8.687331202301532, 7.061552596129398, 4.640615899012718, 7.888009257077147, 6.866632622109551, 3.4462048683362543, 401);
2022-10-10 13:48:04.488  INFO 3923 --- [    Test worker] p6spy                                    : #1665377284488 | took 0ms | statement | connection 23| url jdbc:h2:mem:6a3784ae-1aa6-4bbf-b617-4d4aeabcc2af
insert into picture (spot_id, url, picture_id) values (?, ?, ?)
insert into picture (spot_id, url, picture_id) values (NULL, 'java.io.StringReader@337676ea', 1657);
2022-10-10 13:48:04.488  INFO 3923 --- [    Test worker] p6spy                                    : #1665377284488 | took 0ms | statement | connection 23| url jdbc:h2:mem:6a3784ae-1aa6-4bbf-b617-4d4aeabcc2af
insert into picture (spot_id, url, picture_id) values (?, ?, ?)
insert into picture (spot_id, url, picture_id) values (NULL, 'java.io.StringReader@50f53c99', 1658);
2022-10-10 13:48:04.488  INFO 3923 --- [    Test worker] p6spy                                    : #1665377284488 | took 0ms | statement | connection 23| url jdbc:h2:mem:6a3784ae-1aa6-4bbf-b617-4d4aeabcc2af
insert into picture (spot_id, url, picture_id) values (?, ?, ?)
insert into picture (spot_id, url, picture_id) values (NULL, 'java.io.StringReader@39738da1', 1659);
2022-10-10 13:48:04.488  INFO 3923 --- [    Test worker] p6spy                                    : #1665377284488 | took 0ms | statement | connection 23| url jdbc:h2:mem:6a3784ae-1aa6-4bbf-b617-4d4aeabcc2af
insert into spot (address, description, location, name, score_id, spot_id) values (?, ?, ?, ?, ?, ?)
insert into spot (address, description, location, name, score_id, spot_id) values (NULL, NULL, 'Andeok_myeon', NULL, 401, 467);
2022-10-10 13:48:04.488  INFO 3923 --- [    Test worker] p6spy                                    : #1665377284488 | took 0ms | statement | connection 23| url jdbc:h2:mem:6a3784ae-1aa6-4bbf-b617-4d4aeabcc2af
insert into member_spot (member_id, score, spot_id, member_spot_id) values (?, ?, ?, ?)
insert into member_spot (member_id, score, spot_id, member_spot_id) values (14, 0.0, 467, 1660);
2022-10-10 13:48:04.488  INFO 3923 --- [    Test worker] p6spy                                    : #1665377284488 | took 0ms | statement | connection 23| url jdbc:h2:mem:6a3784ae-1aa6-4bbf-b617-4d4aeabcc2af
insert into review (content, spot_id, review_id) values (?, ?, ?)
insert into review (content, spot_id, review_id) values ('java.io.StringReader@3353388e', 369, 403);
2022-10-10 13:48:04.488  INFO 3923 --- [    Test worker] p6spy                                    : #1665377284488 | took 0ms | statement | connection 23| url jdbc:h2:mem:6a3784ae-1aa6-4bbf-b617-4d4aeabcc2af
insert into favorite_spot (count, favorite_id, spot_id, favorite_spot_id) values (?, ?, ?, ?)
insert into favorite_spot (count, favorite_id, spot_id, favorite_spot_id) values (0, 37, 467, 370);
2022-10-10 13:48:04.488  INFO 3923 --- [    Test worker] p6spy                                    : #1665377284488 | took 0ms | statement | connection 23| url jdbc:h2:mem:6a3784ae-1aa6-4bbf-b617-4d4aeabcc2af
insert into score (facility_rank, facility_score, price_rank, price_score, rank_average, surround_rank, surround_score, view_rank, view_score, score_id) values (?, ?, ?, ?, ?, ?, ?, ?, ?, ?)
insert into score (facility_rank, facility_score, price_rank, price_score, rank_average, surround_rank, surround_score, view_rank, view_score, score_id) values (1.1011814113069907, 0.9312556390661042, 9.633333615489892, 2.057206854682309, 1.2663944443654662, 9.422472274878094, 4.403306906462019, 4.3427087595884215, 0.6608094539945142, 402);
2022-10-10 13:48:04.488  INFO 3923 --- [    Test worker] p6spy                                    : #1665377284488 | took 0ms | statement | connection 23| url jdbc:h2:mem:6a3784ae-1aa6-4bbf-b617-4d4aeabcc2af
insert into picture (spot_id, url, picture_id) values (?, ?, ?)
insert into picture (spot_id, url, picture_id) values (NULL, 'java.io.StringReader@6fed59ae', 1661);
2022-10-10 13:48:04.488  INFO 3923 --- [    Test worker] p6spy                                    : #1665377284488 | took 0ms | statement | connection 23| url jdbc:h2:mem:6a3784ae-1aa6-4bbf-b617-4d4aeabcc2af
insert into picture (spot_id, url, picture_id) values (?, ?, ?)
insert into picture (spot_id, url, picture_id) values (NULL, 'java.io.StringReader@335c8f94', 1662);
2022-10-10 13:48:04.488  INFO 3923 --- [    Test worker] p6spy                                    : #1665377284488 | took 0ms | statement | connection 23| url jdbc:h2:mem:6a3784ae-1aa6-4bbf-b617-4d4aeabcc2af
insert into picture (spot_id, url, picture_id) values (?, ?, ?)
insert into picture (spot_id, url, picture_id) values (NULL, 'java.io.StringReader@244037d3', 1663);
2022-10-10 13:48:04.488  INFO 3923 --- [    Test worker] p6spy                                    : #1665377284488 | took 0ms | statement | connection 23| url jdbc:h2:mem:6a3784ae-1aa6-4bbf-b617-4d4aeabcc2af
insert into spot (address, description, location, name, score_id, spot_id) values (?, ?, ?, ?, ?, ?)
insert into spot (address, description, location, name, score_id, spot_id) values (NULL, NULL, 'Andeok_myeon', NULL, 402, 468);
2022-10-10 13:48:04.488  INFO 3923 --- [    Test worker] p6spy                                    : #1665377284488 | took 0ms | statement | connection 23| url jdbc:h2:mem:6a3784ae-1aa6-4bbf-b617-4d4aeabcc2af
insert into member_spot (member_id, score, spot_id, member_spot_id) values (?, ?, ?, ?)
insert into member_spot (member_id, score, spot_id, member_spot_id) values (14, 0.0, 468, 1664);
2022-10-10 13:48:04.488  INFO 3923 --- [    Test worker] p6spy                                    : #1665377284488 | took 0ms | statement | connection 23| url jdbc:h2:mem:6a3784ae-1aa6-4bbf-b617-4d4aeabcc2af
insert into review (content, spot_id, review_id) values (?, ?, ?)
insert into review (content, spot_id, review_id) values ('java.io.StringReader@36542e6d', 369, 404);
2022-10-10 13:48:04.488  INFO 3923 --- [    Test worker] p6spy                                    : #1665377284488 | took 0ms | statement | connection 23| url jdbc:h2:mem:6a3784ae-1aa6-4bbf-b617-4d4aeabcc2af
update picture set spot_id=?, url=? where picture_id=?
update picture set spot_id=369, url='java.io.StringReader@1e9a6c79' where picture_id=1265;
2022-10-10 13:48:04.488  INFO 3923 --- [    Test worker] p6spy                                    : #1665377284488 | took 0ms | statement | connection 23| url jdbc:h2:mem:6a3784ae-1aa6-4bbf-b617-4d4aeabcc2af
update picture set spot_id=?, url=? where picture_id=?
update picture set spot_id=369, url='java.io.StringReader@83501cb' where picture_id=1266;
2022-10-10 13:48:04.488  INFO 3923 --- [    Test worker] p6spy                                    : #1665377284488 | took 0ms | statement | connection 23| url jdbc:h2:mem:6a3784ae-1aa6-4bbf-b617-4d4aeabcc2af
update picture set spot_id=?, url=? where picture_id=?
update picture set spot_id=369, url='java.io.StringReader@4ef0df44' where picture_id=1267;
2022-10-10 13:48:04.489  INFO 3923 --- [    Test worker] p6spy                                    : #1665377284489 | took 0ms | statement | connection 23| url jdbc:h2:mem:6a3784ae-1aa6-4bbf-b617-4d4aeabcc2af
update picture set spot_id=?, url=? where picture_id=?
update picture set spot_id=370, url='java.io.StringReader@5c1a0714' where picture_id=1269;
2022-10-10 13:48:04.489  INFO 3923 --- [    Test worker] p6spy                                    : #1665377284489 | took 0ms | statement | connection 23| url jdbc:h2:mem:6a3784ae-1aa6-4bbf-b617-4d4aeabcc2af
update picture set spot_id=?, url=? where picture_id=?
update picture set spot_id=370, url='java.io.StringReader@29607281' where picture_id=1270;
2022-10-10 13:48:04.489  INFO 3923 --- [    Test worker] p6spy                                    : #1665377284489 | took 0ms | statement | connection 23| url jdbc:h2:mem:6a3784ae-1aa6-4bbf-b617-4d4aeabcc2af
update picture set spot_id=?, url=? where picture_id=?
update picture set spot_id=370, url='java.io.StringReader@69292ca6' where picture_id=1271;
2022-10-10 13:48:04.489  INFO 3923 --- [    Test worker] p6spy                                    : #1665377284489 | took 0ms | statement | connection 23| url jdbc:h2:mem:6a3784ae-1aa6-4bbf-b617-4d4aeabcc2af
update picture set spot_id=?, url=? where picture_id=?
update picture set spot_id=371, url='java.io.StringReader@61517193' where picture_id=1273;
2022-10-10 13:48:04.489  INFO 3923 --- [    Test worker] p6spy                                    : #1665377284489 | took 0ms | statement | connection 23| url jdbc:h2:mem:6a3784ae-1aa6-4bbf-b617-4d4aeabcc2af
update picture set spot_id=?, url=? where picture_id=?
update picture set spot_id=371, url='java.io.StringReader@1f473c2b' where picture_id=1274;
2022-10-10 13:48:04.489  INFO 3923 --- [    Test worker] p6spy                                    : #1665377284489 | took 0ms | statement | connection 23| url jdbc:h2:mem:6a3784ae-1aa6-4bbf-b617-4d4aeabcc2af
update picture set spot_id=?, url=? where picture_id=?
update picture set spot_id=371, url='java.io.StringReader@71769652' where picture_id=1275;
2022-10-10 13:48:04.489  INFO 3923 --- [    Test worker] p6spy                                    : #1665377284489 | took 0ms | statement | connection 23| url jdbc:h2:mem:6a3784ae-1aa6-4bbf-b617-4d4aeabcc2af
update picture set spot_id=?, url=? where picture_id=?
update picture set spot_id=372, url='java.io.StringReader@55ec97c6' where picture_id=1277;
2022-10-10 13:48:04.489  INFO 3923 --- [    Test worker] p6spy                                    : #1665377284489 | took 0ms | statement | connection 23| url jdbc:h2:mem:6a3784ae-1aa6-4bbf-b617-4d4aeabcc2af
update picture set spot_id=?, url=? where picture_id=?
update picture set spot_id=372, url='java.io.StringReader@520739bc' where picture_id=1278;
2022-10-10 13:48:04.489  INFO 3923 --- [    Test worker] p6spy                                    : #1665377284489 | took 0ms | statement | connection 23| url jdbc:h2:mem:6a3784ae-1aa6-4bbf-b617-4d4aeabcc2af
update picture set spot_id=?, url=? where picture_id=?
update picture set spot_id=372, url='java.io.StringReader@76f1d19f' where picture_id=1279;
2022-10-10 13:48:04.489  INFO 3923 --- [    Test worker] p6spy                                    : #1665377284489 | took 0ms | statement | connection 23| url jdbc:h2:mem:6a3784ae-1aa6-4bbf-b617-4d4aeabcc2af
update picture set spot_id=?, url=? where picture_id=?
update picture set spot_id=373, url='java.io.StringReader@49bdd290' where picture_id=1281;
2022-10-10 13:48:04.489  INFO 3923 --- [    Test worker] p6spy                                    : #1665377284489 | took 0ms | statement | connection 23| url jdbc:h2:mem:6a3784ae-1aa6-4bbf-b617-4d4aeabcc2af
update picture set spot_id=?, url=? where picture_id=?
update picture set spot_id=373, url='java.io.StringReader@d8156ac' where picture_id=1282;
2022-10-10 13:48:04.489  INFO 3923 --- [    Test worker] p6spy                                    : #1665377284489 | took 0ms | statement | connection 23| url jdbc:h2:mem:6a3784ae-1aa6-4bbf-b617-4d4aeabcc2af
update picture set spot_id=?, url=? where picture_id=?
update picture set spot_id=373, url='java.io.StringReader@4756971e' where picture_id=1283;
2022-10-10 13:48:04.489  INFO 3923 --- [    Test worker] p6spy                                    : #1665377284489 | took 0ms | statement | connection 23| url jdbc:h2:mem:6a3784ae-1aa6-4bbf-b617-4d4aeabcc2af
update picture set spot_id=?, url=? where picture_id=?
update picture set spot_id=374, url='java.io.StringReader@1fbb2a97' where picture_id=1285;
2022-10-10 13:48:04.489  INFO 3923 --- [    Test worker] p6spy                                    : #1665377284489 | took 0ms | statement | connection 23| url jdbc:h2:mem:6a3784ae-1aa6-4bbf-b617-4d4aeabcc2af
update picture set spot_id=?, url=? where picture_id=?
update picture set spot_id=374, url='java.io.StringReader@40c78bd1' where picture_id=1286;
2022-10-10 13:48:04.489  INFO 3923 --- [    Test worker] p6spy                                    : #1665377284489 | took 0ms | statement | connection 23| url jdbc:h2:mem:6a3784ae-1aa6-4bbf-b617-4d4aeabcc2af
update picture set spot_id=?, url=? where picture_id=?
update picture set spot_id=374, url='java.io.StringReader@1cb50215' where picture_id=1287;
2022-10-10 13:48:04.489  INFO 3923 --- [    Test worker] p6spy                                    : #1665377284489 | took 0ms | statement | connection 23| url jdbc:h2:mem:6a3784ae-1aa6-4bbf-b617-4d4aeabcc2af
update picture set spot_id=?, url=? where picture_id=?
update picture set spot_id=375, url='java.io.StringReader@1808fdac' where picture_id=1289;
2022-10-10 13:48:04.489  INFO 3923 --- [    Test worker] p6spy                                    : #1665377284489 | took 0ms | statement | connection 23| url jdbc:h2:mem:6a3784ae-1aa6-4bbf-b617-4d4aeabcc2af
update picture set spot_id=?, url=? where picture_id=?
update picture set spot_id=375, url='java.io.StringReader@3ed6321f' where picture_id=1290;
2022-10-10 13:48:04.489  INFO 3923 --- [    Test worker] p6spy                                    : #1665377284489 | took 0ms | statement | connection 23| url jdbc:h2:mem:6a3784ae-1aa6-4bbf-b617-4d4aeabcc2af
update picture set spot_id=?, url=? where picture_id=?
update picture set spot_id=375, url='java.io.StringReader@2db48844' where picture_id=1291;
2022-10-10 13:48:04.489  INFO 3923 --- [    Test worker] p6spy                                    : #1665377284489 | took 0ms | statement | connection 23| url jdbc:h2:mem:6a3784ae-1aa6-4bbf-b617-4d4aeabcc2af
update picture set spot_id=?, url=? where picture_id=?
update picture set spot_id=376, url='java.io.StringReader@4e844e9f' where picture_id=1293;
2022-10-10 13:48:04.489  INFO 3923 --- [    Test worker] p6spy                                    : #1665377284489 | took 0ms | statement | connection 23| url jdbc:h2:mem:6a3784ae-1aa6-4bbf-b617-4d4aeabcc2af
update picture set spot_id=?, url=? where picture_id=?
update picture set spot_id=376, url='java.io.StringReader@3082c3d' where picture_id=1294;
2022-10-10 13:48:04.489  INFO 3923 --- [    Test worker] p6spy                                    : #1665377284489 | took 0ms | statement | connection 23| url jdbc:h2:mem:6a3784ae-1aa6-4bbf-b617-4d4aeabcc2af
update picture set spot_id=?, url=? where picture_id=?
update picture set spot_id=376, url='java.io.StringReader@64d394e5' where picture_id=1295;
2022-10-10 13:48:04.489  INFO 3923 --- [    Test worker] p6spy                                    : #1665377284489 | took 0ms | statement | connection 23| url jdbc:h2:mem:6a3784ae-1aa6-4bbf-b617-4d4aeabcc2af
update picture set spot_id=?, url=? where picture_id=?
update picture set spot_id=377, url='java.io.StringReader@513d4389' where picture_id=1297;
2022-10-10 13:48:04.489  INFO 3923 --- [    Test worker] p6spy                                    : #1665377284489 | took 0ms | statement | connection 23| url jdbc:h2:mem:6a3784ae-1aa6-4bbf-b617-4d4aeabcc2af
update picture set spot_id=?, url=? where picture_id=?
update picture set spot_id=377, url='java.io.StringReader@2930969a' where picture_id=1298;
2022-10-10 13:48:04.489  INFO 3923 --- [    Test worker] p6spy                                    : #1665377284489 | took 0ms | statement | connection 23| url jdbc:h2:mem:6a3784ae-1aa6-4bbf-b617-4d4aeabcc2af
update picture set spot_id=?, url=? where picture_id=?
update picture set spot_id=377, url='java.io.StringReader@4f06acb7' where picture_id=1299;
2022-10-10 13:48:04.489  INFO 3923 --- [    Test worker] p6spy                                    : #1665377284489 | took 0ms | statement | connection 23| url jdbc:h2:mem:6a3784ae-1aa6-4bbf-b617-4d4aeabcc2af
update picture set spot_id=?, url=? where picture_id=?
update picture set spot_id=378, url='java.io.StringReader@efa1638' where picture_id=1301;
2022-10-10 13:48:04.490  INFO 3923 --- [    Test worker] p6spy                                    : #1665377284490 | took 0ms | statement | connection 23| url jdbc:h2:mem:6a3784ae-1aa6-4bbf-b617-4d4aeabcc2af
update picture set spot_id=?, url=? where picture_id=?
update picture set spot_id=378, url='java.io.StringReader@5fd4229' where picture_id=1302;
2022-10-10 13:48:04.490  INFO 3923 --- [    Test worker] p6spy                                    : #1665377284490 | took 0ms | statement | connection 23| url jdbc:h2:mem:6a3784ae-1aa6-4bbf-b617-4d4aeabcc2af
update picture set spot_id=?, url=? where picture_id=?
update picture set spot_id=378, url='java.io.StringReader@2013a999' where picture_id=1303;
2022-10-10 13:48:04.490  INFO 3923 --- [    Test worker] p6spy                                    : #1665377284490 | took 0ms | statement | connection 23| url jdbc:h2:mem:6a3784ae-1aa6-4bbf-b617-4d4aeabcc2af
update picture set spot_id=?, url=? where picture_id=?
update picture set spot_id=379, url='java.io.StringReader@796b7d6c' where picture_id=1305;
2022-10-10 13:48:04.490  INFO 3923 --- [    Test worker] p6spy                                    : #1665377284490 | took 0ms | statement | connection 23| url jdbc:h2:mem:6a3784ae-1aa6-4bbf-b617-4d4aeabcc2af
update picture set spot_id=?, url=? where picture_id=?
update picture set spot_id=379, url='java.io.StringReader@1617f122' where picture_id=1306;
2022-10-10 13:48:04.490  INFO 3923 --- [    Test worker] p6spy                                    : #1665377284490 | took 0ms | statement | connection 23| url jdbc:h2:mem:6a3784ae-1aa6-4bbf-b617-4d4aeabcc2af
update picture set spot_id=?, url=? where picture_id=?
update picture set spot_id=379, url='java.io.StringReader@506bc254' where picture_id=1307;
2022-10-10 13:48:04.490  INFO 3923 --- [    Test worker] p6spy                                    : #1665377284490 | took 0ms | statement | connection 23| url jdbc:h2:mem:6a3784ae-1aa6-4bbf-b617-4d4aeabcc2af
update picture set spot_id=?, url=? where picture_id=?
update picture set spot_id=380, url='java.io.StringReader@30d64921' where picture_id=1309;
2022-10-10 13:48:04.490  INFO 3923 --- [    Test worker] p6spy                                    : #1665377284490 | took 0ms | statement | connection 23| url jdbc:h2:mem:6a3784ae-1aa6-4bbf-b617-4d4aeabcc2af
update picture set spot_id=?, url=? where picture_id=?
update picture set spot_id=380, url='java.io.StringReader@5a8a2982' where picture_id=1310;
2022-10-10 13:48:04.490  INFO 3923 --- [    Test worker] p6spy                                    : #1665377284490 | took 0ms | statement | connection 23| url jdbc:h2:mem:6a3784ae-1aa6-4bbf-b617-4d4aeabcc2af
update picture set spot_id=?, url=? where picture_id=?
update picture set spot_id=380, url='java.io.StringReader@41e95d06' where picture_id=1311;
2022-10-10 13:48:04.490  INFO 3923 --- [    Test worker] p6spy                                    : #1665377284490 | took 0ms | statement | connection 23| url jdbc:h2:mem:6a3784ae-1aa6-4bbf-b617-4d4aeabcc2af
update picture set spot_id=?, url=? where picture_id=?
update picture set spot_id=381, url='java.io.StringReader@7acf7bcf' where picture_id=1313;
2022-10-10 13:48:04.490  INFO 3923 --- [    Test worker] p6spy                                    : #1665377284490 | took 0ms | statement | connection 23| url jdbc:h2:mem:6a3784ae-1aa6-4bbf-b617-4d4aeabcc2af
update picture set spot_id=?, url=? where picture_id=?
update picture set spot_id=381, url='java.io.StringReader@2e407d06' where picture_id=1314;
2022-10-10 13:48:04.490  INFO 3923 --- [    Test worker] p6spy                                    : #1665377284490 | took 0ms | statement | connection 23| url jdbc:h2:mem:6a3784ae-1aa6-4bbf-b617-4d4aeabcc2af
update picture set spot_id=?, url=? where picture_id=?
update picture set spot_id=381, url='java.io.StringReader@2aaf5471' where picture_id=1315;
2022-10-10 13:48:04.490  INFO 3923 --- [    Test worker] p6spy                                    : #1665377284490 | took 0ms | statement | connection 23| url jdbc:h2:mem:6a3784ae-1aa6-4bbf-b617-4d4aeabcc2af
update picture set spot_id=?, url=? where picture_id=?
update picture set spot_id=382, url='java.io.StringReader@57b5aecb' where picture_id=1317;
2022-10-10 13:48:04.490  INFO 3923 --- [    Test worker] p6spy                                    : #1665377284490 | took 0ms | statement | connection 23| url jdbc:h2:mem:6a3784ae-1aa6-4bbf-b617-4d4aeabcc2af
update picture set spot_id=?, url=? where picture_id=?
update picture set spot_id=382, url='java.io.StringReader@1202f3a2' where picture_id=1318;
2022-10-10 13:48:04.490  INFO 3923 --- [    Test worker] p6spy                                    : #1665377284490 | took 0ms | statement | connection 23| url jdbc:h2:mem:6a3784ae-1aa6-4bbf-b617-4d4aeabcc2af
update picture set spot_id=?, url=? where picture_id=?
update picture set spot_id=382, url='java.io.StringReader@5146191a' where picture_id=1319;
2022-10-10 13:48:04.490  INFO 3923 --- [    Test worker] p6spy                                    : #1665377284490 | took 0ms | statement | connection 23| url jdbc:h2:mem:6a3784ae-1aa6-4bbf-b617-4d4aeabcc2af
update picture set spot_id=?, url=? where picture_id=?
update picture set spot_id=383, url='java.io.StringReader@12029dd2' where picture_id=1321;
2022-10-10 13:48:04.490  INFO 3923 --- [    Test worker] p6spy                                    : #1665377284490 | took 0ms | statement | connection 23| url jdbc:h2:mem:6a3784ae-1aa6-4bbf-b617-4d4aeabcc2af
update picture set spot_id=?, url=? where picture_id=?
update picture set spot_id=383, url='java.io.StringReader@7c48c62d' where picture_id=1322;
2022-10-10 13:48:04.490  INFO 3923 --- [    Test worker] p6spy                                    : #1665377284490 | took 0ms | statement | connection 23| url jdbc:h2:mem:6a3784ae-1aa6-4bbf-b617-4d4aeabcc2af
update picture set spot_id=?, url=? where picture_id=?
update picture set spot_id=383, url='java.io.StringReader@251f9216' where picture_id=1323;
2022-10-10 13:48:04.490  INFO 3923 --- [    Test worker] p6spy                                    : #1665377284490 | took 0ms | statement | connection 23| url jdbc:h2:mem:6a3784ae-1aa6-4bbf-b617-4d4aeabcc2af
update picture set spot_id=?, url=? where picture_id=?
update picture set spot_id=384, url='java.io.StringReader@260069b5' where picture_id=1325;
2022-10-10 13:48:04.490  INFO 3923 --- [    Test worker] p6spy                                    : #1665377284490 | took 0ms | statement | connection 23| url jdbc:h2:mem:6a3784ae-1aa6-4bbf-b617-4d4aeabcc2af
update picture set spot_id=?, url=? where picture_id=?
update picture set spot_id=384, url='java.io.StringReader@67b10f6d' where picture_id=1326;
2022-10-10 13:48:04.490  INFO 3923 --- [    Test worker] p6spy                                    : #1665377284490 | took 0ms | statement | connection 23| url jdbc:h2:mem:6a3784ae-1aa6-4bbf-b617-4d4aeabcc2af
update picture set spot_id=?, url=? where picture_id=?
update picture set spot_id=384, url='java.io.StringReader@1ce58f84' where picture_id=1327;
2022-10-10 13:48:04.490  INFO 3923 --- [    Test worker] p6spy                                    : #1665377284490 | took 0ms | statement | connection 23| url jdbc:h2:mem:6a3784ae-1aa6-4bbf-b617-4d4aeabcc2af
update picture set spot_id=?, url=? where picture_id=?
update picture set spot_id=385, url='java.io.StringReader@6d7a772e' where picture_id=1329;
2022-10-10 13:48:04.490  INFO 3923 --- [    Test worker] p6spy                                    : #1665377284490 | took 0ms | statement | connection 23| url jdbc:h2:mem:6a3784ae-1aa6-4bbf-b617-4d4aeabcc2af
update picture set spot_id=?, url=? where picture_id=?
update picture set spot_id=385, url='java.io.StringReader@411775eb' where picture_id=1330;
2022-10-10 13:48:04.490  INFO 3923 --- [    Test worker] p6spy                                    : #1665377284490 | took 0ms | statement | connection 23| url jdbc:h2:mem:6a3784ae-1aa6-4bbf-b617-4d4aeabcc2af
update picture set spot_id=?, url=? where picture_id=?
update picture set spot_id=385, url='java.io.StringReader@37c34207' where picture_id=1331;
2022-10-10 13:48:04.490  INFO 3923 --- [    Test worker] p6spy                                    : #1665377284490 | took 0ms | statement | connection 23| url jdbc:h2:mem:6a3784ae-1aa6-4bbf-b617-4d4aeabcc2af
update picture set spot_id=?, url=? where picture_id=?
update picture set spot_id=386, url='java.io.StringReader@ee73f75' where picture_id=1333;
2022-10-10 13:48:04.490  INFO 3923 --- [    Test worker] p6spy                                    : #1665377284490 | took 0ms | statement | connection 23| url jdbc:h2:mem:6a3784ae-1aa6-4bbf-b617-4d4aeabcc2af
update picture set spot_id=?, url=? where picture_id=?
update picture set spot_id=386, url='java.io.StringReader@1a2f7e20' where picture_id=1334;
2022-10-10 13:48:04.490  INFO 3923 --- [    Test worker] p6spy                                    : #1665377284490 | took 0ms | statement | connection 23| url jdbc:h2:mem:6a3784ae-1aa6-4bbf-b617-4d4aeabcc2af
update picture set spot_id=?, url=? where picture_id=?
update picture set spot_id=386, url='java.io.StringReader@1f3c0098' where picture_id=1335;
2022-10-10 13:48:04.490  INFO 3923 --- [    Test worker] p6spy                                    : #1665377284490 | took 0ms | statement | connection 23| url jdbc:h2:mem:6a3784ae-1aa6-4bbf-b617-4d4aeabcc2af
update picture set spot_id=?, url=? where picture_id=?
update picture set spot_id=387, url='java.io.StringReader@5915534a' where picture_id=1337;
2022-10-10 13:48:04.490  INFO 3923 --- [    Test worker] p6spy                                    : #1665377284490 | took 0ms | statement | connection 23| url jdbc:h2:mem:6a3784ae-1aa6-4bbf-b617-4d4aeabcc2af
update picture set spot_id=?, url=? where picture_id=?
update picture set spot_id=387, url='java.io.StringReader@32f0fd44' where picture_id=1338;
2022-10-10 13:48:04.490  INFO 3923 --- [    Test worker] p6spy                                    : #1665377284490 | took 0ms | statement | connection 23| url jdbc:h2:mem:6a3784ae-1aa6-4bbf-b617-4d4aeabcc2af
update picture set spot_id=?, url=? where picture_id=?
update picture set spot_id=387, url='java.io.StringReader@5f02432e' where picture_id=1339;
2022-10-10 13:48:04.490  INFO 3923 --- [    Test worker] p6spy                                    : #1665377284490 | took 0ms | statement | connection 23| url jdbc:h2:mem:6a3784ae-1aa6-4bbf-b617-4d4aeabcc2af
update picture set spot_id=?, url=? where picture_id=?
update picture set spot_id=388, url='java.io.StringReader@5953cdd5' where picture_id=1341;
2022-10-10 13:48:04.490  INFO 3923 --- [    Test worker] p6spy                                    : #1665377284490 | took 0ms | statement | connection 23| url jdbc:h2:mem:6a3784ae-1aa6-4bbf-b617-4d4aeabcc2af
update picture set spot_id=?, url=? where picture_id=?
update picture set spot_id=388, url='java.io.StringReader@230f9f56' where picture_id=1342;
2022-10-10 13:48:04.491  INFO 3923 --- [    Test worker] p6spy                                    : #1665377284491 | took 0ms | statement | connection 23| url jdbc:h2:mem:6a3784ae-1aa6-4bbf-b617-4d4aeabcc2af
update picture set spot_id=?, url=? where picture_id=?
update picture set spot_id=388, url='java.io.StringReader@55f2111b' where picture_id=1343;
2022-10-10 13:48:04.491  INFO 3923 --- [    Test worker] p6spy                                    : #1665377284491 | took 0ms | statement | connection 23| url jdbc:h2:mem:6a3784ae-1aa6-4bbf-b617-4d4aeabcc2af
update picture set spot_id=?, url=? where picture_id=?
update picture set spot_id=389, url='java.io.StringReader@28196919' where picture_id=1345;
2022-10-10 13:48:04.491  INFO 3923 --- [    Test worker] p6spy                                    : #1665377284491 | took 0ms | statement | connection 23| url jdbc:h2:mem:6a3784ae-1aa6-4bbf-b617-4d4aeabcc2af
update picture set spot_id=?, url=? where picture_id=?
update picture set spot_id=389, url='java.io.StringReader@832c75f' where picture_id=1346;
2022-10-10 13:48:04.491  INFO 3923 --- [    Test worker] p6spy                                    : #1665377284491 | took 0ms | statement | connection 23| url jdbc:h2:mem:6a3784ae-1aa6-4bbf-b617-4d4aeabcc2af
update picture set spot_id=?, url=? where picture_id=?
update picture set spot_id=389, url='java.io.StringReader@11476fd1' where picture_id=1347;
2022-10-10 13:48:04.491  INFO 3923 --- [    Test worker] p6spy                                    : #1665377284491 | took 0ms | statement | connection 23| url jdbc:h2:mem:6a3784ae-1aa6-4bbf-b617-4d4aeabcc2af
update picture set spot_id=?, url=? where picture_id=?
update picture set spot_id=390, url='java.io.StringReader@584964c6' where picture_id=1349;
2022-10-10 13:48:04.491  INFO 3923 --- [    Test worker] p6spy                                    : #1665377284491 | took 0ms | statement | connection 23| url jdbc:h2:mem:6a3784ae-1aa6-4bbf-b617-4d4aeabcc2af
update picture set spot_id=?, url=? where picture_id=?
update picture set spot_id=390, url='java.io.StringReader@1bf093f5' where picture_id=1350;
2022-10-10 13:48:04.491  INFO 3923 --- [    Test worker] p6spy                                    : #1665377284491 | took 0ms | statement | connection 23| url jdbc:h2:mem:6a3784ae-1aa6-4bbf-b617-4d4aeabcc2af
update picture set spot_id=?, url=? where picture_id=?
update picture set spot_id=390, url='java.io.StringReader@776a7909' where picture_id=1351;
2022-10-10 13:48:04.491  INFO 3923 --- [    Test worker] p6spy                                    : #1665377284491 | took 0ms | statement | connection 23| url jdbc:h2:mem:6a3784ae-1aa6-4bbf-b617-4d4aeabcc2af
update picture set spot_id=?, url=? where picture_id=?
update picture set spot_id=391, url='java.io.StringReader@437d5a04' where picture_id=1353;
2022-10-10 13:48:04.491  INFO 3923 --- [    Test worker] p6spy                                    : #1665377284491 | took 0ms | statement | connection 23| url jdbc:h2:mem:6a3784ae-1aa6-4bbf-b617-4d4aeabcc2af
update picture set spot_id=?, url=? where picture_id=?
update picture set spot_id=391, url='java.io.StringReader@263a5cf2' where picture_id=1354;
2022-10-10 13:48:04.491  INFO 3923 --- [    Test worker] p6spy                                    : #1665377284491 | took 0ms | statement | connection 23| url jdbc:h2:mem:6a3784ae-1aa6-4bbf-b617-4d4aeabcc2af
update picture set spot_id=?, url=? where picture_id=?
update picture set spot_id=391, url='java.io.StringReader@7391fee4' where picture_id=1355;
2022-10-10 13:48:04.491  INFO 3923 --- [    Test worker] p6spy                                    : #1665377284491 | took 0ms | statement | connection 23| url jdbc:h2:mem:6a3784ae-1aa6-4bbf-b617-4d4aeabcc2af
update picture set spot_id=?, url=? where picture_id=?
update picture set spot_id=392, url='java.io.StringReader@1892f2ad' where picture_id=1357;
2022-10-10 13:48:04.491  INFO 3923 --- [    Test worker] p6spy                                    : #1665377284491 | took 0ms | statement | connection 23| url jdbc:h2:mem:6a3784ae-1aa6-4bbf-b617-4d4aeabcc2af
update picture set spot_id=?, url=? where picture_id=?
update picture set spot_id=392, url='java.io.StringReader@36a99435' where picture_id=1358;
2022-10-10 13:48:04.491  INFO 3923 --- [    Test worker] p6spy                                    : #1665377284491 | took 0ms | statement | connection 23| url jdbc:h2:mem:6a3784ae-1aa6-4bbf-b617-4d4aeabcc2af
update picture set spot_id=?, url=? where picture_id=?
update picture set spot_id=392, url='java.io.StringReader@9a68aa9' where picture_id=1359;
2022-10-10 13:48:04.491  INFO 3923 --- [    Test worker] p6spy                                    : #1665377284491 | took 0ms | statement | connection 23| url jdbc:h2:mem:6a3784ae-1aa6-4bbf-b617-4d4aeabcc2af
update picture set spot_id=?, url=? where picture_id=?
update picture set spot_id=393, url='java.io.StringReader@43fb1f3c' where picture_id=1361;
2022-10-10 13:48:04.491  INFO 3923 --- [    Test worker] p6spy                                    : #1665377284491 | took 0ms | statement | connection 23| url jdbc:h2:mem:6a3784ae-1aa6-4bbf-b617-4d4aeabcc2af
update picture set spot_id=?, url=? where picture_id=?
update picture set spot_id=393, url='java.io.StringReader@3066ad86' where picture_id=1362;
2022-10-10 13:48:04.491  INFO 3923 --- [    Test worker] p6spy                                    : #1665377284491 | took 0ms | statement | connection 23| url jdbc:h2:mem:6a3784ae-1aa6-4bbf-b617-4d4aeabcc2af
update picture set spot_id=?, url=? where picture_id=?
update picture set spot_id=393, url='java.io.StringReader@35754437' where picture_id=1363;
2022-10-10 13:48:04.491  INFO 3923 --- [    Test worker] p6spy                                    : #1665377284491 | took 0ms | statement | connection 23| url jdbc:h2:mem:6a3784ae-1aa6-4bbf-b617-4d4aeabcc2af
update picture set spot_id=?, url=? where picture_id=?
update picture set spot_id=394, url='java.io.StringReader@63724e1d' where picture_id=1365;
2022-10-10 13:48:04.491  INFO 3923 --- [    Test worker] p6spy                                    : #1665377284491 | took 0ms | statement | connection 23| url jdbc:h2:mem:6a3784ae-1aa6-4bbf-b617-4d4aeabcc2af
update picture set spot_id=?, url=? where picture_id=?
update picture set spot_id=394, url='java.io.StringReader@21d53cfd' where picture_id=1366;
2022-10-10 13:48:04.491  INFO 3923 --- [    Test worker] p6spy                                    : #1665377284491 | took 0ms | statement | connection 23| url jdbc:h2:mem:6a3784ae-1aa6-4bbf-b617-4d4aeabcc2af
update picture set spot_id=?, url=? where picture_id=?
update picture set spot_id=394, url='java.io.StringReader@413d8fb2' where picture_id=1367;
2022-10-10 13:48:04.491  INFO 3923 --- [    Test worker] p6spy                                    : #1665377284491 | took 0ms | statement | connection 23| url jdbc:h2:mem:6a3784ae-1aa6-4bbf-b617-4d4aeabcc2af
update picture set spot_id=?, url=? where picture_id=?
update picture set spot_id=395, url='java.io.StringReader@71c6bf20' where picture_id=1369;
2022-10-10 13:48:04.491  INFO 3923 --- [    Test worker] p6spy                                    : #1665377284491 | took 0ms | statement | connection 23| url jdbc:h2:mem:6a3784ae-1aa6-4bbf-b617-4d4aeabcc2af
update picture set spot_id=?, url=? where picture_id=?
update picture set spot_id=395, url='java.io.StringReader@638f22cc' where picture_id=1370;
2022-10-10 13:48:04.491  INFO 3923 --- [    Test worker] p6spy                                    : #1665377284491 | took 0ms | statement | connection 23| url jdbc:h2:mem:6a3784ae-1aa6-4bbf-b617-4d4aeabcc2af
update picture set spot_id=?, url=? where picture_id=?
update picture set spot_id=395, url='java.io.StringReader@26d76e45' where picture_id=1371;
2022-10-10 13:48:04.491  INFO 3923 --- [    Test worker] p6spy                                    : #1665377284491 | took 0ms | statement | connection 23| url jdbc:h2:mem:6a3784ae-1aa6-4bbf-b617-4d4aeabcc2af
update picture set spot_id=?, url=? where picture_id=?
update picture set spot_id=396, url='java.io.StringReader@592d034c' where picture_id=1373;
2022-10-10 13:48:04.491  INFO 3923 --- [    Test worker] p6spy                                    : #1665377284491 | took 0ms | statement | connection 23| url jdbc:h2:mem:6a3784ae-1aa6-4bbf-b617-4d4aeabcc2af
update picture set spot_id=?, url=? where picture_id=?
update picture set spot_id=396, url='java.io.StringReader@718b10c2' where picture_id=1374;
2022-10-10 13:48:04.491  INFO 3923 --- [    Test worker] p6spy                                    : #1665377284491 | took 0ms | statement | connection 23| url jdbc:h2:mem:6a3784ae-1aa6-4bbf-b617-4d4aeabcc2af
update picture set spot_id=?, url=? where picture_id=?
update picture set spot_id=396, url='java.io.StringReader@3615fc07' where picture_id=1375;
2022-10-10 13:48:04.491  INFO 3923 --- [    Test worker] p6spy                                    : #1665377284491 | took 0ms | statement | connection 23| url jdbc:h2:mem:6a3784ae-1aa6-4bbf-b617-4d4aeabcc2af
update picture set spot_id=?, url=? where picture_id=?
update picture set spot_id=397, url='java.io.StringReader@2327173a' where picture_id=1377;
2022-10-10 13:48:04.491  INFO 3923 --- [    Test worker] p6spy                                    : #1665377284491 | took 0ms | statement | connection 23| url jdbc:h2:mem:6a3784ae-1aa6-4bbf-b617-4d4aeabcc2af
update picture set spot_id=?, url=? where picture_id=?
update picture set spot_id=397, url='java.io.StringReader@5c09c4cb' where picture_id=1378;
2022-10-10 13:48:04.492  INFO 3923 --- [    Test worker] p6spy                                    : #1665377284492 | took 0ms | statement | connection 23| url jdbc:h2:mem:6a3784ae-1aa6-4bbf-b617-4d4aeabcc2af
update picture set spot_id=?, url=? where picture_id=?
update picture set spot_id=397, url='java.io.StringReader@76ce38f5' where picture_id=1379;
2022-10-10 13:48:04.492  INFO 3923 --- [    Test worker] p6spy                                    : #1665377284492 | took 0ms | statement | connection 23| url jdbc:h2:mem:6a3784ae-1aa6-4bbf-b617-4d4aeabcc2af
update picture set spot_id=?, url=? where picture_id=?
update picture set spot_id=398, url='java.io.StringReader@2bd813b4' where picture_id=1381;
2022-10-10 13:48:04.492  INFO 3923 --- [    Test worker] p6spy                                    : #1665377284492 | took 0ms | statement | connection 23| url jdbc:h2:mem:6a3784ae-1aa6-4bbf-b617-4d4aeabcc2af
update picture set spot_id=?, url=? where picture_id=?
update picture set spot_id=398, url='java.io.StringReader@28e6d65f' where picture_id=1382;
2022-10-10 13:48:04.492  INFO 3923 --- [    Test worker] p6spy                                    : #1665377284492 | took 0ms | statement | connection 23| url jdbc:h2:mem:6a3784ae-1aa6-4bbf-b617-4d4aeabcc2af
update picture set spot_id=?, url=? where picture_id=?
update picture set spot_id=398, url='java.io.StringReader@4b342bb8' where picture_id=1383;
2022-10-10 13:48:04.492  INFO 3923 --- [    Test worker] p6spy                                    : #1665377284492 | took 0ms | statement | connection 23| url jdbc:h2:mem:6a3784ae-1aa6-4bbf-b617-4d4aeabcc2af
update picture set spot_id=?, url=? where picture_id=?
update picture set spot_id=399, url='java.io.StringReader@3656a7c8' where picture_id=1385;
2022-10-10 13:48:04.492  INFO 3923 --- [    Test worker] p6spy                                    : #1665377284492 | took 0ms | statement | connection 23| url jdbc:h2:mem:6a3784ae-1aa6-4bbf-b617-4d4aeabcc2af
update picture set spot_id=?, url=? where picture_id=?
update picture set spot_id=399, url='java.io.StringReader@105e5baf' where picture_id=1386;
2022-10-10 13:48:04.492  INFO 3923 --- [    Test worker] p6spy                                    : #1665377284492 | took 0ms | statement | connection 23| url jdbc:h2:mem:6a3784ae-1aa6-4bbf-b617-4d4aeabcc2af
update picture set spot_id=?, url=? where picture_id=?
update picture set spot_id=399, url='java.io.StringReader@5a09e938' where picture_id=1387;
2022-10-10 13:48:04.492  INFO 3923 --- [    Test worker] p6spy                                    : #1665377284492 | took 0ms | statement | connection 23| url jdbc:h2:mem:6a3784ae-1aa6-4bbf-b617-4d4aeabcc2af
update picture set spot_id=?, url=? where picture_id=?
update picture set spot_id=400, url='java.io.StringReader@42fe8be4' where picture_id=1389;
2022-10-10 13:48:04.492  INFO 3923 --- [    Test worker] p6spy                                    : #1665377284492 | took 0ms | statement | connection 23| url jdbc:h2:mem:6a3784ae-1aa6-4bbf-b617-4d4aeabcc2af
update picture set spot_id=?, url=? where picture_id=?
update picture set spot_id=400, url='java.io.StringReader@5ec36851' where picture_id=1390;
2022-10-10 13:48:04.492  INFO 3923 --- [    Test worker] p6spy                                    : #1665377284492 | took 0ms | statement | connection 23| url jdbc:h2:mem:6a3784ae-1aa6-4bbf-b617-4d4aeabcc2af
update picture set spot_id=?, url=? where picture_id=?
update picture set spot_id=400, url='java.io.StringReader@250d64e0' where picture_id=1391;
2022-10-10 13:48:04.492  INFO 3923 --- [    Test worker] p6spy                                    : #1665377284492 | took 0ms | statement | connection 23| url jdbc:h2:mem:6a3784ae-1aa6-4bbf-b617-4d4aeabcc2af
update picture set spot_id=?, url=? where picture_id=?
update picture set spot_id=401, url='java.io.StringReader@21a77782' where picture_id=1393;
2022-10-10 13:48:04.492  INFO 3923 --- [    Test worker] p6spy                                    : #1665377284492 | took 0ms | statement | connection 23| url jdbc:h2:mem:6a3784ae-1aa6-4bbf-b617-4d4aeabcc2af
update picture set spot_id=?, url=? where picture_id=?
update picture set spot_id=401, url='java.io.StringReader@618e8791' where picture_id=1394;
2022-10-10 13:48:04.492  INFO 3923 --- [    Test worker] p6spy                                    : #1665377284492 | took 0ms | statement | connection 23| url jdbc:h2:mem:6a3784ae-1aa6-4bbf-b617-4d4aeabcc2af
update picture set spot_id=?, url=? where picture_id=?
update picture set spot_id=401, url='java.io.StringReader@4cf20dd' where picture_id=1395;
2022-10-10 13:48:04.492  INFO 3923 --- [    Test worker] p6spy                                    : #1665377284492 | took 0ms | statement | connection 23| url jdbc:h2:mem:6a3784ae-1aa6-4bbf-b617-4d4aeabcc2af
update picture set spot_id=?, url=? where picture_id=?
update picture set spot_id=402, url='java.io.StringReader@12a1a7b2' where picture_id=1397;
2022-10-10 13:48:04.492  INFO 3923 --- [    Test worker] p6spy                                    : #1665377284492 | took 0ms | statement | connection 23| url jdbc:h2:mem:6a3784ae-1aa6-4bbf-b617-4d4aeabcc2af
update picture set spot_id=?, url=? where picture_id=?
update picture set spot_id=402, url='java.io.StringReader@46cef39e' where picture_id=1398;
2022-10-10 13:48:04.492  INFO 3923 --- [    Test worker] p6spy                                    : #1665377284492 | took 0ms | statement | connection 23| url jdbc:h2:mem:6a3784ae-1aa6-4bbf-b617-4d4aeabcc2af
update picture set spot_id=?, url=? where picture_id=?
update picture set spot_id=402, url='java.io.StringReader@6ad4a475' where picture_id=1399;
2022-10-10 13:48:04.492  INFO 3923 --- [    Test worker] p6spy                                    : #1665377284492 | took 0ms | statement | connection 23| url jdbc:h2:mem:6a3784ae-1aa6-4bbf-b617-4d4aeabcc2af
update picture set spot_id=?, url=? where picture_id=?
update picture set spot_id=403, url='java.io.StringReader@4b2b7e3e' where picture_id=1401;
2022-10-10 13:48:04.492  INFO 3923 --- [    Test worker] p6spy                                    : #1665377284492 | took 0ms | statement | connection 23| url jdbc:h2:mem:6a3784ae-1aa6-4bbf-b617-4d4aeabcc2af
update picture set spot_id=?, url=? where picture_id=?
update picture set spot_id=403, url='java.io.StringReader@fc98772' where picture_id=1402;
2022-10-10 13:48:04.492  INFO 3923 --- [    Test worker] p6spy                                    : #1665377284492 | took 0ms | statement | connection 23| url jdbc:h2:mem:6a3784ae-1aa6-4bbf-b617-4d4aeabcc2af
update picture set spot_id=?, url=? where picture_id=?
update picture set spot_id=403, url='java.io.StringReader@311831f6' where picture_id=1403;
2022-10-10 13:48:04.492  INFO 3923 --- [    Test worker] p6spy                                    : #1665377284492 | took 0ms | statement | connection 23| url jdbc:h2:mem:6a3784ae-1aa6-4bbf-b617-4d4aeabcc2af
update picture set spot_id=?, url=? where picture_id=?
update picture set spot_id=404, url='java.io.StringReader@17752474' where picture_id=1405;
2022-10-10 13:48:04.492  INFO 3923 --- [    Test worker] p6spy                                    : #1665377284492 | took 0ms | statement | connection 23| url jdbc:h2:mem:6a3784ae-1aa6-4bbf-b617-4d4aeabcc2af
update picture set spot_id=?, url=? where picture_id=?
update picture set spot_id=404, url='java.io.StringReader@3c206c5d' where picture_id=1406;
2022-10-10 13:48:04.492  INFO 3923 --- [    Test worker] p6spy                                    : #1665377284492 | took 0ms | statement | connection 23| url jdbc:h2:mem:6a3784ae-1aa6-4bbf-b617-4d4aeabcc2af
update picture set spot_id=?, url=? where picture_id=?
update picture set spot_id=404, url='java.io.StringReader@1986fd5b' where picture_id=1407;
2022-10-10 13:48:04.492  INFO 3923 --- [    Test worker] p6spy                                    : #1665377284492 | took 0ms | statement | connection 23| url jdbc:h2:mem:6a3784ae-1aa6-4bbf-b617-4d4aeabcc2af
update picture set spot_id=?, url=? where picture_id=?
update picture set spot_id=405, url='java.io.StringReader@74bfba13' where picture_id=1409;
2022-10-10 13:48:04.492  INFO 3923 --- [    Test worker] p6spy                                    : #1665377284492 | took 0ms | statement | connection 23| url jdbc:h2:mem:6a3784ae-1aa6-4bbf-b617-4d4aeabcc2af
update picture set spot_id=?, url=? where picture_id=?
update picture set spot_id=405, url='java.io.StringReader@7d5fb813' where picture_id=1410;
2022-10-10 13:48:04.492  INFO 3923 --- [    Test worker] p6spy                                    : #1665377284492 | took 0ms | statement | connection 23| url jdbc:h2:mem:6a3784ae-1aa6-4bbf-b617-4d4aeabcc2af
update picture set spot_id=?, url=? where picture_id=?
update picture set spot_id=405, url='java.io.StringReader@15a971fb' where picture_id=1411;
2022-10-10 13:48:04.492  INFO 3923 --- [    Test worker] p6spy                                    : #1665377284492 | took 0ms | statement | connection 23| url jdbc:h2:mem:6a3784ae-1aa6-4bbf-b617-4d4aeabcc2af
update picture set spot_id=?, url=? where picture_id=?
update picture set spot_id=406, url='java.io.StringReader@39292d0d' where picture_id=1413;
2022-10-10 13:48:04.493  INFO 3923 --- [    Test worker] p6spy                                    : #1665377284493 | took 0ms | statement | connection 23| url jdbc:h2:mem:6a3784ae-1aa6-4bbf-b617-4d4aeabcc2af
update picture set spot_id=?, url=? where picture_id=?
update picture set spot_id=406, url='java.io.StringReader@2ef13ba2' where picture_id=1414;
2022-10-10 13:48:04.493  INFO 3923 --- [    Test worker] p6spy                                    : #1665377284493 | took 0ms | statement | connection 23| url jdbc:h2:mem:6a3784ae-1aa6-4bbf-b617-4d4aeabcc2af
update picture set spot_id=?, url=? where picture_id=?
update picture set spot_id=406, url='java.io.StringReader@470dd6a4' where picture_id=1415;
2022-10-10 13:48:04.493  INFO 3923 --- [    Test worker] p6spy                                    : #1665377284493 | took 0ms | statement | connection 23| url jdbc:h2:mem:6a3784ae-1aa6-4bbf-b617-4d4aeabcc2af
update picture set spot_id=?, url=? where picture_id=?
update picture set spot_id=407, url='java.io.StringReader@49d5a547' where picture_id=1417;
2022-10-10 13:48:04.493  INFO 3923 --- [    Test worker] p6spy                                    : #1665377284493 | took 0ms | statement | connection 23| url jdbc:h2:mem:6a3784ae-1aa6-4bbf-b617-4d4aeabcc2af
update picture set spot_id=?, url=? where picture_id=?
update picture set spot_id=407, url='java.io.StringReader@13bfd6' where picture_id=1418;
2022-10-10 13:48:04.493  INFO 3923 --- [    Test worker] p6spy                                    : #1665377284493 | took 0ms | statement | connection 23| url jdbc:h2:mem:6a3784ae-1aa6-4bbf-b617-4d4aeabcc2af
update picture set spot_id=?, url=? where picture_id=?
update picture set spot_id=407, url='java.io.StringReader@110e9a99' where picture_id=1419;
2022-10-10 13:48:04.493  INFO 3923 --- [    Test worker] p6spy                                    : #1665377284493 | took 0ms | statement | connection 23| url jdbc:h2:mem:6a3784ae-1aa6-4bbf-b617-4d4aeabcc2af
update picture set spot_id=?, url=? where picture_id=?
update picture set spot_id=408, url='java.io.StringReader@4b0f2bf' where picture_id=1421;
2022-10-10 13:48:04.493  INFO 3923 --- [    Test worker] p6spy                                    : #1665377284493 | took 0ms | statement | connection 23| url jdbc:h2:mem:6a3784ae-1aa6-4bbf-b617-4d4aeabcc2af
update picture set spot_id=?, url=? where picture_id=?
update picture set spot_id=408, url='java.io.StringReader@5bef8b67' where picture_id=1422;
2022-10-10 13:48:04.493  INFO 3923 --- [    Test worker] p6spy                                    : #1665377284493 | took 0ms | statement | connection 23| url jdbc:h2:mem:6a3784ae-1aa6-4bbf-b617-4d4aeabcc2af
update picture set spot_id=?, url=? where picture_id=?
update picture set spot_id=408, url='java.io.StringReader@36d7b762' where picture_id=1423;
2022-10-10 13:48:04.493  INFO 3923 --- [    Test worker] p6spy                                    : #1665377284493 | took 0ms | statement | connection 23| url jdbc:h2:mem:6a3784ae-1aa6-4bbf-b617-4d4aeabcc2af
update picture set spot_id=?, url=? where picture_id=?
update picture set spot_id=409, url='java.io.StringReader@4588f119' where picture_id=1425;
2022-10-10 13:48:04.493  INFO 3923 --- [    Test worker] p6spy                                    : #1665377284493 | took 0ms | statement | connection 23| url jdbc:h2:mem:6a3784ae-1aa6-4bbf-b617-4d4aeabcc2af
update picture set spot_id=?, url=? where picture_id=?
update picture set spot_id=409, url='java.io.StringReader@2464520c' where picture_id=1426;
2022-10-10 13:48:04.493  INFO 3923 --- [    Test worker] p6spy                                    : #1665377284493 | took 0ms | statement | connection 23| url jdbc:h2:mem:6a3784ae-1aa6-4bbf-b617-4d4aeabcc2af
update picture set spot_id=?, url=? where picture_id=?
update picture set spot_id=409, url='java.io.StringReader@1e09f149' where picture_id=1427;
2022-10-10 13:48:04.493  INFO 3923 --- [    Test worker] p6spy                                    : #1665377284493 | took 0ms | statement | connection 23| url jdbc:h2:mem:6a3784ae-1aa6-4bbf-b617-4d4aeabcc2af
update picture set spot_id=?, url=? where picture_id=?
update picture set spot_id=410, url='java.io.StringReader@79009ee' where picture_id=1429;
2022-10-10 13:48:04.493  INFO 3923 --- [    Test worker] p6spy                                    : #1665377284493 | took 0ms | statement | connection 23| url jdbc:h2:mem:6a3784ae-1aa6-4bbf-b617-4d4aeabcc2af
update picture set spot_id=?, url=? where picture_id=?
update picture set spot_id=410, url='java.io.StringReader@50fa8c92' where picture_id=1430;
2022-10-10 13:48:04.493  INFO 3923 --- [    Test worker] p6spy                                    : #1665377284493 | took 0ms | statement | connection 23| url jdbc:h2:mem:6a3784ae-1aa6-4bbf-b617-4d4aeabcc2af
update picture set spot_id=?, url=? where picture_id=?
update picture set spot_id=410, url='java.io.StringReader@44b3c545' where picture_id=1431;
2022-10-10 13:48:04.493  INFO 3923 --- [    Test worker] p6spy                                    : #1665377284493 | took 0ms | statement | connection 23| url jdbc:h2:mem:6a3784ae-1aa6-4bbf-b617-4d4aeabcc2af
update picture set spot_id=?, url=? where picture_id=?
update picture set spot_id=411, url='java.io.StringReader@376aeed' where picture_id=1433;
2022-10-10 13:48:04.493  INFO 3923 --- [    Test worker] p6spy                                    : #1665377284493 | took 0ms | statement | connection 23| url jdbc:h2:mem:6a3784ae-1aa6-4bbf-b617-4d4aeabcc2af
update picture set spot_id=?, url=? where picture_id=?
update picture set spot_id=411, url='java.io.StringReader@298bfadd' where picture_id=1434;
2022-10-10 13:48:04.493  INFO 3923 --- [    Test worker] p6spy                                    : #1665377284493 | took 0ms | statement | connection 23| url jdbc:h2:mem:6a3784ae-1aa6-4bbf-b617-4d4aeabcc2af
update picture set spot_id=?, url=? where picture_id=?
update picture set spot_id=411, url='java.io.StringReader@53bf104' where picture_id=1435;
2022-10-10 13:48:04.493  INFO 3923 --- [    Test worker] p6spy                                    : #1665377284493 | took 0ms | statement | connection 23| url jdbc:h2:mem:6a3784ae-1aa6-4bbf-b617-4d4aeabcc2af
update picture set spot_id=?, url=? where picture_id=?
update picture set spot_id=412, url='java.io.StringReader@60e5c1ca' where picture_id=1437;
2022-10-10 13:48:04.493  INFO 3923 --- [    Test worker] p6spy                                    : #1665377284493 | took 0ms | statement | connection 23| url jdbc:h2:mem:6a3784ae-1aa6-4bbf-b617-4d4aeabcc2af
update picture set spot_id=?, url=? where picture_id=?
update picture set spot_id=412, url='java.io.StringReader@4ecd1236' where picture_id=1438;
2022-10-10 13:48:04.493  INFO 3923 --- [    Test worker] p6spy                                    : #1665377284493 | took 0ms | statement | connection 23| url jdbc:h2:mem:6a3784ae-1aa6-4bbf-b617-4d4aeabcc2af
update picture set spot_id=?, url=? where picture_id=?
update picture set spot_id=412, url='java.io.StringReader@304551d8' where picture_id=1439;
2022-10-10 13:48:04.493  INFO 3923 --- [    Test worker] p6spy                                    : #1665377284493 | took 0ms | statement | connection 23| url jdbc:h2:mem:6a3784ae-1aa6-4bbf-b617-4d4aeabcc2af
update picture set spot_id=?, url=? where picture_id=?
update picture set spot_id=413, url='java.io.StringReader@3c0a2402' where picture_id=1441;
2022-10-10 13:48:04.493  INFO 3923 --- [    Test worker] p6spy                                    : #1665377284493 | took 0ms | statement | connection 23| url jdbc:h2:mem:6a3784ae-1aa6-4bbf-b617-4d4aeabcc2af
update picture set spot_id=?, url=? where picture_id=?
update picture set spot_id=413, url='java.io.StringReader@5e1d2327' where picture_id=1442;
2022-10-10 13:48:04.493  INFO 3923 --- [    Test worker] p6spy                                    : #1665377284493 | took 0ms | statement | connection 23| url jdbc:h2:mem:6a3784ae-1aa6-4bbf-b617-4d4aeabcc2af
update picture set spot_id=?, url=? where picture_id=?
update picture set spot_id=413, url='java.io.StringReader@761b7425' where picture_id=1443;
2022-10-10 13:48:04.493  INFO 3923 --- [    Test worker] p6spy                                    : #1665377284493 | took 0ms | statement | connection 23| url jdbc:h2:mem:6a3784ae-1aa6-4bbf-b617-4d4aeabcc2af
update picture set spot_id=?, url=? where picture_id=?
update picture set spot_id=414, url='java.io.StringReader@7dddd554' where picture_id=1445;
2022-10-10 13:48:04.494  INFO 3923 --- [    Test worker] p6spy                                    : #1665377284494 | took 0ms | statement | connection 23| url jdbc:h2:mem:6a3784ae-1aa6-4bbf-b617-4d4aeabcc2af
update picture set spot_id=?, url=? where picture_id=?
update picture set spot_id=414, url='java.io.StringReader@6fc06ec4' where picture_id=1446;
2022-10-10 13:48:04.494  INFO 3923 --- [    Test worker] p6spy                                    : #1665377284494 | took 0ms | statement | connection 23| url jdbc:h2:mem:6a3784ae-1aa6-4bbf-b617-4d4aeabcc2af
update picture set spot_id=?, url=? where picture_id=?
update picture set spot_id=414, url='java.io.StringReader@25ba93bf' where picture_id=1447;
2022-10-10 13:48:04.494  INFO 3923 --- [    Test worker] p6spy                                    : #1665377284494 | took 0ms | statement | connection 23| url jdbc:h2:mem:6a3784ae-1aa6-4bbf-b617-4d4aeabcc2af
update picture set spot_id=?, url=? where picture_id=?
update picture set spot_id=415, url='java.io.StringReader@2664a123' where picture_id=1449;
2022-10-10 13:48:04.494  INFO 3923 --- [    Test worker] p6spy                                    : #1665377284494 | took 0ms | statement | connection 23| url jdbc:h2:mem:6a3784ae-1aa6-4bbf-b617-4d4aeabcc2af
update picture set spot_id=?, url=? where picture_id=?
update picture set spot_id=415, url='java.io.StringReader@750aab4d' where picture_id=1450;
2022-10-10 13:48:04.494  INFO 3923 --- [    Test worker] p6spy                                    : #1665377284494 | took 0ms | statement | connection 23| url jdbc:h2:mem:6a3784ae-1aa6-4bbf-b617-4d4aeabcc2af
update picture set spot_id=?, url=? where picture_id=?
update picture set spot_id=415, url='java.io.StringReader@6f1ac8f3' where picture_id=1451;
2022-10-10 13:48:04.494  INFO 3923 --- [    Test worker] p6spy                                    : #1665377284494 | took 0ms | statement | connection 23| url jdbc:h2:mem:6a3784ae-1aa6-4bbf-b617-4d4aeabcc2af
update picture set spot_id=?, url=? where picture_id=?
update picture set spot_id=416, url='java.io.StringReader@69d5078d' where picture_id=1453;
2022-10-10 13:48:04.494  INFO 3923 --- [    Test worker] p6spy                                    : #1665377284494 | took 0ms | statement | connection 23| url jdbc:h2:mem:6a3784ae-1aa6-4bbf-b617-4d4aeabcc2af
update picture set spot_id=?, url=? where picture_id=?
update picture set spot_id=416, url='java.io.StringReader@21cb62e5' where picture_id=1454;
2022-10-10 13:48:04.494  INFO 3923 --- [    Test worker] p6spy                                    : #1665377284494 | took 0ms | statement | connection 23| url jdbc:h2:mem:6a3784ae-1aa6-4bbf-b617-4d4aeabcc2af
update picture set spot_id=?, url=? where picture_id=?
update picture set spot_id=416, url='java.io.StringReader@1f70c1b8' where picture_id=1455;
2022-10-10 13:48:04.494  INFO 3923 --- [    Test worker] p6spy                                    : #1665377284494 | took 0ms | statement | connection 23| url jdbc:h2:mem:6a3784ae-1aa6-4bbf-b617-4d4aeabcc2af
update picture set spot_id=?, url=? where picture_id=?
update picture set spot_id=417, url='java.io.StringReader@250deace' where picture_id=1457;
2022-10-10 13:48:04.494  INFO 3923 --- [    Test worker] p6spy                                    : #1665377284494 | took 0ms | statement | connection 23| url jdbc:h2:mem:6a3784ae-1aa6-4bbf-b617-4d4aeabcc2af
update picture set spot_id=?, url=? where picture_id=?
update picture set spot_id=417, url='java.io.StringReader@3deba98e' where picture_id=1458;
2022-10-10 13:48:04.494  INFO 3923 --- [    Test worker] p6spy                                    : #1665377284494 | took 0ms | statement | connection 23| url jdbc:h2:mem:6a3784ae-1aa6-4bbf-b617-4d4aeabcc2af
update picture set spot_id=?, url=? where picture_id=?
update picture set spot_id=417, url='java.io.StringReader@43d05fc1' where picture_id=1459;
2022-10-10 13:48:04.494  INFO 3923 --- [    Test worker] p6spy                                    : #1665377284494 | took 0ms | statement | connection 23| url jdbc:h2:mem:6a3784ae-1aa6-4bbf-b617-4d4aeabcc2af
update picture set spot_id=?, url=? where picture_id=?
update picture set spot_id=418, url='java.io.StringReader@6c3f8f83' where picture_id=1461;
2022-10-10 13:48:04.494  INFO 3923 --- [    Test worker] p6spy                                    : #1665377284494 | took 0ms | statement | connection 23| url jdbc:h2:mem:6a3784ae-1aa6-4bbf-b617-4d4aeabcc2af
update picture set spot_id=?, url=? where picture_id=?
update picture set spot_id=418, url='java.io.StringReader@78bb3a31' where picture_id=1462;
2022-10-10 13:48:04.494  INFO 3923 --- [    Test worker] p6spy                                    : #1665377284494 | took 0ms | statement | connection 23| url jdbc:h2:mem:6a3784ae-1aa6-4bbf-b617-4d4aeabcc2af
update picture set spot_id=?, url=? where picture_id=?
update picture set spot_id=418, url='java.io.StringReader@5529c12a' where picture_id=1463;
2022-10-10 13:48:04.494  INFO 3923 --- [    Test worker] p6spy                                    : #1665377284494 | took 0ms | statement | connection 23| url jdbc:h2:mem:6a3784ae-1aa6-4bbf-b617-4d4aeabcc2af
update picture set spot_id=?, url=? where picture_id=?
update picture set spot_id=419, url='java.io.StringReader@79a5db78' where picture_id=1465;
2022-10-10 13:48:04.494  INFO 3923 --- [    Test worker] p6spy                                    : #1665377284494 | took 0ms | statement | connection 23| url jdbc:h2:mem:6a3784ae-1aa6-4bbf-b617-4d4aeabcc2af
update picture set spot_id=?, url=? where picture_id=?
update picture set spot_id=419, url='java.io.StringReader@77045c4' where picture_id=1466;
2022-10-10 13:48:04.494  INFO 3923 --- [    Test worker] p6spy                                    : #1665377284494 | took 0ms | statement | connection 23| url jdbc:h2:mem:6a3784ae-1aa6-4bbf-b617-4d4aeabcc2af
update picture set spot_id=?, url=? where picture_id=?
update picture set spot_id=419, url='java.io.StringReader@2ff524eb' where picture_id=1467;
2022-10-10 13:48:04.494  INFO 3923 --- [    Test worker] p6spy                                    : #1665377284494 | took 0ms | statement | connection 23| url jdbc:h2:mem:6a3784ae-1aa6-4bbf-b617-4d4aeabcc2af
update picture set spot_id=?, url=? where picture_id=?
update picture set spot_id=420, url='java.io.StringReader@3530930' where picture_id=1469;
2022-10-10 13:48:04.494  INFO 3923 --- [    Test worker] p6spy                                    : #1665377284494 | took 0ms | statement | connection 23| url jdbc:h2:mem:6a3784ae-1aa6-4bbf-b617-4d4aeabcc2af
update picture set spot_id=?, url=? where picture_id=?
update picture set spot_id=420, url='java.io.StringReader@a5810be' where picture_id=1470;
2022-10-10 13:48:04.494  INFO 3923 --- [    Test worker] p6spy                                    : #1665377284494 | took 0ms | statement | connection 23| url jdbc:h2:mem:6a3784ae-1aa6-4bbf-b617-4d4aeabcc2af
update picture set spot_id=?, url=? where picture_id=?
update picture set spot_id=420, url='java.io.StringReader@1e3b1cf2' where picture_id=1471;
2022-10-10 13:48:04.494  INFO 3923 --- [    Test worker] p6spy                                    : #1665377284494 | took 0ms | statement | connection 23| url jdbc:h2:mem:6a3784ae-1aa6-4bbf-b617-4d4aeabcc2af
update picture set spot_id=?, url=? where picture_id=?
update picture set spot_id=421, url='java.io.StringReader@73332b00' where picture_id=1473;
2022-10-10 13:48:04.494  INFO 3923 --- [    Test worker] p6spy                                    : #1665377284494 | took 0ms | statement | connection 23| url jdbc:h2:mem:6a3784ae-1aa6-4bbf-b617-4d4aeabcc2af
update picture set spot_id=?, url=? where picture_id=?
update picture set spot_id=421, url='java.io.StringReader@31ae9b75' where picture_id=1474;
2022-10-10 13:48:04.494  INFO 3923 --- [    Test worker] p6spy                                    : #1665377284494 | took 0ms | statement | connection 23| url jdbc:h2:mem:6a3784ae-1aa6-4bbf-b617-4d4aeabcc2af
update picture set spot_id=?, url=? where picture_id=?
update picture set spot_id=421, url='java.io.StringReader@7115e771' where picture_id=1475;
2022-10-10 13:48:04.494  INFO 3923 --- [    Test worker] p6spy                                    : #1665377284494 | took 0ms | statement | connection 23| url jdbc:h2:mem:6a3784ae-1aa6-4bbf-b617-4d4aeabcc2af
update picture set spot_id=?, url=? where picture_id=?
update picture set spot_id=422, url='java.io.StringReader@546c69f6' where picture_id=1477;
2022-10-10 13:48:04.494  INFO 3923 --- [    Test worker] p6spy                                    : #1665377284494 | took 0ms | statement | connection 23| url jdbc:h2:mem:6a3784ae-1aa6-4bbf-b617-4d4aeabcc2af
update picture set spot_id=?, url=? where picture_id=?
update picture set spot_id=422, url='java.io.StringReader@a50da66' where picture_id=1478;
2022-10-10 13:48:04.494  INFO 3923 --- [    Test worker] p6spy                                    : #1665377284494 | took 0ms | statement | connection 23| url jdbc:h2:mem:6a3784ae-1aa6-4bbf-b617-4d4aeabcc2af
update picture set spot_id=?, url=? where picture_id=?
update picture set spot_id=422, url='java.io.StringReader@49ecdbc8' where picture_id=1479;
2022-10-10 13:48:04.495  INFO 3923 --- [    Test worker] p6spy                                    : #1665377284495 | took 0ms | statement | connection 23| url jdbc:h2:mem:6a3784ae-1aa6-4bbf-b617-4d4aeabcc2af
update picture set spot_id=?, url=? where picture_id=?
update picture set spot_id=423, url='java.io.StringReader@57eaa5bb' where picture_id=1481;
2022-10-10 13:48:04.495  INFO 3923 --- [    Test worker] p6spy                                    : #1665377284495 | took 0ms | statement | connection 23| url jdbc:h2:mem:6a3784ae-1aa6-4bbf-b617-4d4aeabcc2af
update picture set spot_id=?, url=? where picture_id=?
update picture set spot_id=423, url='java.io.StringReader@5ddecf9' where picture_id=1482;
2022-10-10 13:48:04.495  INFO 3923 --- [    Test worker] p6spy                                    : #1665377284495 | took 0ms | statement | connection 23| url jdbc:h2:mem:6a3784ae-1aa6-4bbf-b617-4d4aeabcc2af
update picture set spot_id=?, url=? where picture_id=?
update picture set spot_id=423, url='java.io.StringReader@347f94ac' where picture_id=1483;
2022-10-10 13:48:04.495  INFO 3923 --- [    Test worker] p6spy                                    : #1665377284495 | took 0ms | statement | connection 23| url jdbc:h2:mem:6a3784ae-1aa6-4bbf-b617-4d4aeabcc2af
update picture set spot_id=?, url=? where picture_id=?
update picture set spot_id=424, url='java.io.StringReader@6ea1a97b' where picture_id=1485;
2022-10-10 13:48:04.495  INFO 3923 --- [    Test worker] p6spy                                    : #1665377284495 | took 0ms | statement | connection 23| url jdbc:h2:mem:6a3784ae-1aa6-4bbf-b617-4d4aeabcc2af
update picture set spot_id=?, url=? where picture_id=?
update picture set spot_id=424, url='java.io.StringReader@17b425dd' where picture_id=1486;
2022-10-10 13:48:04.495  INFO 3923 --- [    Test worker] p6spy                                    : #1665377284495 | took 0ms | statement | connection 23| url jdbc:h2:mem:6a3784ae-1aa6-4bbf-b617-4d4aeabcc2af
update picture set spot_id=?, url=? where picture_id=?
update picture set spot_id=424, url='java.io.StringReader@50a48a40' where picture_id=1487;
2022-10-10 13:48:04.495  INFO 3923 --- [    Test worker] p6spy                                    : #1665377284495 | took 0ms | statement | connection 23| url jdbc:h2:mem:6a3784ae-1aa6-4bbf-b617-4d4aeabcc2af
update picture set spot_id=?, url=? where picture_id=?
update picture set spot_id=425, url='java.io.StringReader@7b62b17c' where picture_id=1489;
2022-10-10 13:48:04.495  INFO 3923 --- [    Test worker] p6spy                                    : #1665377284495 | took 0ms | statement | connection 23| url jdbc:h2:mem:6a3784ae-1aa6-4bbf-b617-4d4aeabcc2af
update picture set spot_id=?, url=? where picture_id=?
update picture set spot_id=425, url='java.io.StringReader@182261fc' where picture_id=1490;
2022-10-10 13:48:04.495  INFO 3923 --- [    Test worker] p6spy                                    : #1665377284495 | took 0ms | statement | connection 23| url jdbc:h2:mem:6a3784ae-1aa6-4bbf-b617-4d4aeabcc2af
update picture set spot_id=?, url=? where picture_id=?
update picture set spot_id=425, url='java.io.StringReader@5ada7af1' where picture_id=1491;
2022-10-10 13:48:04.495  INFO 3923 --- [    Test worker] p6spy                                    : #1665377284495 | took 0ms | statement | connection 23| url jdbc:h2:mem:6a3784ae-1aa6-4bbf-b617-4d4aeabcc2af
update picture set spot_id=?, url=? where picture_id=?
update picture set spot_id=426, url='java.io.StringReader@cba01e2' where picture_id=1493;
2022-10-10 13:48:04.495  INFO 3923 --- [    Test worker] p6spy                                    : #1665377284495 | took 0ms | statement | connection 23| url jdbc:h2:mem:6a3784ae-1aa6-4bbf-b617-4d4aeabcc2af
update picture set spot_id=?, url=? where picture_id=?
update picture set spot_id=426, url='java.io.StringReader@2fc353ec' where picture_id=1494;
2022-10-10 13:48:04.495  INFO 3923 --- [    Test worker] p6spy                                    : #1665377284495 | took 0ms | statement | connection 23| url jdbc:h2:mem:6a3784ae-1aa6-4bbf-b617-4d4aeabcc2af
update picture set spot_id=?, url=? where picture_id=?
update picture set spot_id=426, url='java.io.StringReader@33b5af2b' where picture_id=1495;
2022-10-10 13:48:04.495  INFO 3923 --- [    Test worker] p6spy                                    : #1665377284495 | took 0ms | statement | connection 23| url jdbc:h2:mem:6a3784ae-1aa6-4bbf-b617-4d4aeabcc2af
update picture set spot_id=?, url=? where picture_id=?
update picture set spot_id=427, url='java.io.StringReader@2ee4e02e' where picture_id=1497;
2022-10-10 13:48:04.495  INFO 3923 --- [    Test worker] p6spy                                    : #1665377284495 | took 0ms | statement | connection 23| url jdbc:h2:mem:6a3784ae-1aa6-4bbf-b617-4d4aeabcc2af
update picture set spot_id=?, url=? where picture_id=?
update picture set spot_id=427, url='java.io.StringReader@7b931057' where picture_id=1498;
2022-10-10 13:48:04.495  INFO 3923 --- [    Test worker] p6spy                                    : #1665377284495 | took 0ms | statement | connection 23| url jdbc:h2:mem:6a3784ae-1aa6-4bbf-b617-4d4aeabcc2af
update picture set spot_id=?, url=? where picture_id=?
update picture set spot_id=427, url='java.io.StringReader@150f5ba6' where picture_id=1499;
2022-10-10 13:48:04.495  INFO 3923 --- [    Test worker] p6spy                                    : #1665377284495 | took 0ms | statement | connection 23| url jdbc:h2:mem:6a3784ae-1aa6-4bbf-b617-4d4aeabcc2af
update picture set spot_id=?, url=? where picture_id=?
update picture set spot_id=428, url='java.io.StringReader@3df3c2d2' where picture_id=1501;
2022-10-10 13:48:04.495  INFO 3923 --- [    Test worker] p6spy                                    : #1665377284495 | took 0ms | statement | connection 23| url jdbc:h2:mem:6a3784ae-1aa6-4bbf-b617-4d4aeabcc2af
update picture set spot_id=?, url=? where picture_id=?
update picture set spot_id=428, url='java.io.StringReader@54aac0c1' where picture_id=1502;
2022-10-10 13:48:04.495  INFO 3923 --- [    Test worker] p6spy                                    : #1665377284495 | took 0ms | statement | connection 23| url jdbc:h2:mem:6a3784ae-1aa6-4bbf-b617-4d4aeabcc2af
update picture set spot_id=?, url=? where picture_id=?
update picture set spot_id=428, url='java.io.StringReader@66b2416e' where picture_id=1503;
2022-10-10 13:48:04.495  INFO 3923 --- [    Test worker] p6spy                                    : #1665377284495 | took 0ms | statement | connection 23| url jdbc:h2:mem:6a3784ae-1aa6-4bbf-b617-4d4aeabcc2af
update picture set spot_id=?, url=? where picture_id=?
update picture set spot_id=429, url='java.io.StringReader@493a1b52' where picture_id=1505;
2022-10-10 13:48:04.495  INFO 3923 --- [    Test worker] p6spy                                    : #1665377284495 | took 0ms | statement | connection 23| url jdbc:h2:mem:6a3784ae-1aa6-4bbf-b617-4d4aeabcc2af
update picture set spot_id=?, url=? where picture_id=?
update picture set spot_id=429, url='java.io.StringReader@55517531' where picture_id=1506;
2022-10-10 13:48:04.495  INFO 3923 --- [    Test worker] p6spy                                    : #1665377284495 | took 0ms | statement | connection 23| url jdbc:h2:mem:6a3784ae-1aa6-4bbf-b617-4d4aeabcc2af
update picture set spot_id=?, url=? where picture_id=?
update picture set spot_id=429, url='java.io.StringReader@34b5308c' where picture_id=1507;
2022-10-10 13:48:04.495  INFO 3923 --- [    Test worker] p6spy                                    : #1665377284495 | took 0ms | statement | connection 23| url jdbc:h2:mem:6a3784ae-1aa6-4bbf-b617-4d4aeabcc2af
update picture set spot_id=?, url=? where picture_id=?
update picture set spot_id=430, url='java.io.StringReader@4d847da5' where picture_id=1509;
2022-10-10 13:48:04.495  INFO 3923 --- [    Test worker] p6spy                                    : #1665377284495 | took 0ms | statement | connection 23| url jdbc:h2:mem:6a3784ae-1aa6-4bbf-b617-4d4aeabcc2af
update picture set spot_id=?, url=? where picture_id=?
update picture set spot_id=430, url='java.io.StringReader@66857759' where picture_id=1510;
2022-10-10 13:48:04.496  INFO 3923 --- [    Test worker] p6spy                                    : #1665377284496 | took 0ms | statement | connection 23| url jdbc:h2:mem:6a3784ae-1aa6-4bbf-b617-4d4aeabcc2af
update picture set spot_id=?, url=? where picture_id=?
update picture set spot_id=430, url='java.io.StringReader@4f099ad6' where picture_id=1511;
2022-10-10 13:48:04.496  INFO 3923 --- [    Test worker] p6spy                                    : #1665377284496 | took 0ms | statement | connection 23| url jdbc:h2:mem:6a3784ae-1aa6-4bbf-b617-4d4aeabcc2af
update picture set spot_id=?, url=? where picture_id=?
update picture set spot_id=431, url='java.io.StringReader@33e159a5' where picture_id=1513;
2022-10-10 13:48:04.496  INFO 3923 --- [    Test worker] p6spy                                    : #1665377284496 | took 0ms | statement | connection 23| url jdbc:h2:mem:6a3784ae-1aa6-4bbf-b617-4d4aeabcc2af
update picture set spot_id=?, url=? where picture_id=?
update picture set spot_id=431, url='java.io.StringReader@1be853c5' where picture_id=1514;
2022-10-10 13:48:04.496  INFO 3923 --- [    Test worker] p6spy                                    : #1665377284496 | took 0ms | statement | connection 23| url jdbc:h2:mem:6a3784ae-1aa6-4bbf-b617-4d4aeabcc2af
update picture set spot_id=?, url=? where picture_id=?
update picture set spot_id=431, url='java.io.StringReader@26199930' where picture_id=1515;
2022-10-10 13:48:04.496  INFO 3923 --- [    Test worker] p6spy                                    : #1665377284496 | took 0ms | statement | connection 23| url jdbc:h2:mem:6a3784ae-1aa6-4bbf-b617-4d4aeabcc2af
update picture set spot_id=?, url=? where picture_id=?
update picture set spot_id=432, url='java.io.StringReader@27290796' where picture_id=1517;
2022-10-10 13:48:04.496  INFO 3923 --- [    Test worker] p6spy                                    : #1665377284496 | took 0ms | statement | connection 23| url jdbc:h2:mem:6a3784ae-1aa6-4bbf-b617-4d4aeabcc2af
update picture set spot_id=?, url=? where picture_id=?
update picture set spot_id=432, url='java.io.StringReader@37af6911' where picture_id=1518;
2022-10-10 13:48:04.496  INFO 3923 --- [    Test worker] p6spy                                    : #1665377284496 | took 0ms | statement | connection 23| url jdbc:h2:mem:6a3784ae-1aa6-4bbf-b617-4d4aeabcc2af
update picture set spot_id=?, url=? where picture_id=?
update picture set spot_id=432, url='java.io.StringReader@168fe53c' where picture_id=1519;
2022-10-10 13:48:04.496  INFO 3923 --- [    Test worker] p6spy                                    : #1665377284496 | took 0ms | statement | connection 23| url jdbc:h2:mem:6a3784ae-1aa6-4bbf-b617-4d4aeabcc2af
update picture set spot_id=?, url=? where picture_id=?
update picture set spot_id=433, url='java.io.StringReader@70fa9afe' where picture_id=1521;
2022-10-10 13:48:04.496  INFO 3923 --- [    Test worker] p6spy                                    : #1665377284496 | took 0ms | statement | connection 23| url jdbc:h2:mem:6a3784ae-1aa6-4bbf-b617-4d4aeabcc2af
update picture set spot_id=?, url=? where picture_id=?
update picture set spot_id=433, url='java.io.StringReader@7bbce84a' where picture_id=1522;
2022-10-10 13:48:04.496  INFO 3923 --- [    Test worker] p6spy                                    : #1665377284496 | took 0ms | statement | connection 23| url jdbc:h2:mem:6a3784ae-1aa6-4bbf-b617-4d4aeabcc2af
update picture set spot_id=?, url=? where picture_id=?
update picture set spot_id=433, url='java.io.StringReader@3d363e8e' where picture_id=1523;
2022-10-10 13:48:04.496  INFO 3923 --- [    Test worker] p6spy                                    : #1665377284496 | took 0ms | statement | connection 23| url jdbc:h2:mem:6a3784ae-1aa6-4bbf-b617-4d4aeabcc2af
update picture set spot_id=?, url=? where picture_id=?
update picture set spot_id=434, url='java.io.StringReader@61806e63' where picture_id=1525;
2022-10-10 13:48:04.496  INFO 3923 --- [    Test worker] p6spy                                    : #1665377284496 | took 0ms | statement | connection 23| url jdbc:h2:mem:6a3784ae-1aa6-4bbf-b617-4d4aeabcc2af
update picture set spot_id=?, url=? where picture_id=?
update picture set spot_id=434, url='java.io.StringReader@6260a040' where picture_id=1526;
2022-10-10 13:48:04.496  INFO 3923 --- [    Test worker] p6spy                                    : #1665377284496 | took 0ms | statement | connection 23| url jdbc:h2:mem:6a3784ae-1aa6-4bbf-b617-4d4aeabcc2af
update picture set spot_id=?, url=? where picture_id=?
update picture set spot_id=434, url='java.io.StringReader@7aec881f' where picture_id=1527;
2022-10-10 13:48:04.496  INFO 3923 --- [    Test worker] p6spy                                    : #1665377284496 | took 0ms | statement | connection 23| url jdbc:h2:mem:6a3784ae-1aa6-4bbf-b617-4d4aeabcc2af
update picture set spot_id=?, url=? where picture_id=?
update picture set spot_id=435, url='java.io.StringReader@2e4d2aaf' where picture_id=1529;
2022-10-10 13:48:04.496  INFO 3923 --- [    Test worker] p6spy                                    : #1665377284496 | took 0ms | statement | connection 23| url jdbc:h2:mem:6a3784ae-1aa6-4bbf-b617-4d4aeabcc2af
update picture set spot_id=?, url=? where picture_id=?
update picture set spot_id=435, url='java.io.StringReader@2374c53e' where picture_id=1530;
2022-10-10 13:48:04.496  INFO 3923 --- [    Test worker] p6spy                                    : #1665377284496 | took 0ms | statement | connection 23| url jdbc:h2:mem:6a3784ae-1aa6-4bbf-b617-4d4aeabcc2af
update picture set spot_id=?, url=? where picture_id=?
update picture set spot_id=435, url='java.io.StringReader@622dbdb6' where picture_id=1531;
2022-10-10 13:48:04.496  INFO 3923 --- [    Test worker] p6spy                                    : #1665377284496 | took 0ms | statement | connection 23| url jdbc:h2:mem:6a3784ae-1aa6-4bbf-b617-4d4aeabcc2af
update picture set spot_id=?, url=? where picture_id=?
update picture set spot_id=436, url='java.io.StringReader@2c9d03ee' where picture_id=1533;
2022-10-10 13:48:04.496  INFO 3923 --- [    Test worker] p6spy                                    : #1665377284496 | took 0ms | statement | connection 23| url jdbc:h2:mem:6a3784ae-1aa6-4bbf-b617-4d4aeabcc2af
update picture set spot_id=?, url=? where picture_id=?
update picture set spot_id=436, url='java.io.StringReader@2c646678' where picture_id=1534;
2022-10-10 13:48:04.496  INFO 3923 --- [    Test worker] p6spy                                    : #1665377284496 | took 0ms | statement | connection 23| url jdbc:h2:mem:6a3784ae-1aa6-4bbf-b617-4d4aeabcc2af
update picture set spot_id=?, url=? where picture_id=?
update picture set spot_id=436, url='java.io.StringReader@48816424' where picture_id=1535;
2022-10-10 13:48:04.496  INFO 3923 --- [    Test worker] p6spy                                    : #1665377284496 | took 0ms | statement | connection 23| url jdbc:h2:mem:6a3784ae-1aa6-4bbf-b617-4d4aeabcc2af
update picture set spot_id=?, url=? where picture_id=?
update picture set spot_id=437, url='java.io.StringReader@1c536321' where picture_id=1537;
2022-10-10 13:48:04.496  INFO 3923 --- [    Test worker] p6spy                                    : #1665377284496 | took 0ms | statement | connection 23| url jdbc:h2:mem:6a3784ae-1aa6-4bbf-b617-4d4aeabcc2af
update picture set spot_id=?, url=? where picture_id=?
update picture set spot_id=437, url='java.io.StringReader@6d6d3814' where picture_id=1538;
2022-10-10 13:48:04.496  INFO 3923 --- [    Test worker] p6spy                                    : #1665377284496 | took 0ms | statement | connection 23| url jdbc:h2:mem:6a3784ae-1aa6-4bbf-b617-4d4aeabcc2af
update picture set spot_id=?, url=? where picture_id=?
update picture set spot_id=437, url='java.io.StringReader@6f25b5e8' where picture_id=1539;
2022-10-10 13:48:04.496  INFO 3923 --- [    Test worker] p6spy                                    : #1665377284496 | took 0ms | statement | connection 23| url jdbc:h2:mem:6a3784ae-1aa6-4bbf-b617-4d4aeabcc2af
update picture set spot_id=?, url=? where picture_id=?
update picture set spot_id=438, url='java.io.StringReader@17c3d19a' where picture_id=1541;
2022-10-10 13:48:04.496  INFO 3923 --- [    Test worker] p6spy                                    : #1665377284496 | took 0ms | statement | connection 23| url jdbc:h2:mem:6a3784ae-1aa6-4bbf-b617-4d4aeabcc2af
update picture set spot_id=?, url=? where picture_id=?
update picture set spot_id=438, url='java.io.StringReader@7f7637b7' where picture_id=1542;
2022-10-10 13:48:04.496  INFO 3923 --- [    Test worker] p6spy                                    : #1665377284496 | took 0ms | statement | connection 23| url jdbc:h2:mem:6a3784ae-1aa6-4bbf-b617-4d4aeabcc2af
update picture set spot_id=?, url=? where picture_id=?
update picture set spot_id=438, url='java.io.StringReader@2843960a' where picture_id=1543;
2022-10-10 13:48:04.496  INFO 3923 --- [    Test worker] p6spy                                    : #1665377284496 | took 0ms | statement | connection 23| url jdbc:h2:mem:6a3784ae-1aa6-4bbf-b617-4d4aeabcc2af
update picture set spot_id=?, url=? where picture_id=?
update picture set spot_id=439, url='java.io.StringReader@3a1b07d' where picture_id=1545;
2022-10-10 13:48:04.496  INFO 3923 --- [    Test worker] p6spy                                    : #1665377284496 | took 0ms | statement | connection 23| url jdbc:h2:mem:6a3784ae-1aa6-4bbf-b617-4d4aeabcc2af
update picture set spot_id=?, url=? where picture_id=?
update picture set spot_id=439, url='java.io.StringReader@67c4c009' where picture_id=1546;
2022-10-10 13:48:04.496  INFO 3923 --- [    Test worker] p6spy                                    : #1665377284496 | took 0ms | statement | connection 23| url jdbc:h2:mem:6a3784ae-1aa6-4bbf-b617-4d4aeabcc2af
update picture set spot_id=?, url=? where picture_id=?
update picture set spot_id=439, url='java.io.StringReader@4c4e0700' where picture_id=1547;
2022-10-10 13:48:04.496  INFO 3923 --- [    Test worker] p6spy                                    : #1665377284496 | took 0ms | statement | connection 23| url jdbc:h2:mem:6a3784ae-1aa6-4bbf-b617-4d4aeabcc2af
update picture set spot_id=?, url=? where picture_id=?
update picture set spot_id=440, url='java.io.StringReader@74b0f057' where picture_id=1549;
2022-10-10 13:48:04.497  INFO 3923 --- [    Test worker] p6spy                                    : #1665377284497 | took 0ms | statement | connection 23| url jdbc:h2:mem:6a3784ae-1aa6-4bbf-b617-4d4aeabcc2af
update picture set spot_id=?, url=? where picture_id=?
update picture set spot_id=440, url='java.io.StringReader@1d1bca3b' where picture_id=1550;
2022-10-10 13:48:04.497  INFO 3923 --- [    Test worker] p6spy                                    : #1665377284497 | took 0ms | statement | connection 23| url jdbc:h2:mem:6a3784ae-1aa6-4bbf-b617-4d4aeabcc2af
update picture set spot_id=?, url=? where picture_id=?
update picture set spot_id=440, url='java.io.StringReader@49329ce9' where picture_id=1551;
2022-10-10 13:48:04.497  INFO 3923 --- [    Test worker] p6spy                                    : #1665377284497 | took 0ms | statement | connection 23| url jdbc:h2:mem:6a3784ae-1aa6-4bbf-b617-4d4aeabcc2af
update picture set spot_id=?, url=? where picture_id=?
update picture set spot_id=441, url='java.io.StringReader@2b96995d' where picture_id=1553;
2022-10-10 13:48:04.497  INFO 3923 --- [    Test worker] p6spy                                    : #1665377284497 | took 0ms | statement | connection 23| url jdbc:h2:mem:6a3784ae-1aa6-4bbf-b617-4d4aeabcc2af
update picture set spot_id=?, url=? where picture_id=?
update picture set spot_id=441, url='java.io.StringReader@172058f3' where picture_id=1554;
2022-10-10 13:48:04.497  INFO 3923 --- [    Test worker] p6spy                                    : #1665377284497 | took 0ms | statement | connection 23| url jdbc:h2:mem:6a3784ae-1aa6-4bbf-b617-4d4aeabcc2af
update picture set spot_id=?, url=? where picture_id=?
update picture set spot_id=441, url='java.io.StringReader@7ffcb0a0' where picture_id=1555;
2022-10-10 13:48:04.497  INFO 3923 --- [    Test worker] p6spy                                    : #1665377284497 | took 0ms | statement | connection 23| url jdbc:h2:mem:6a3784ae-1aa6-4bbf-b617-4d4aeabcc2af
update picture set spot_id=?, url=? where picture_id=?
update picture set spot_id=442, url='java.io.StringReader@508b3f96' where picture_id=1557;
2022-10-10 13:48:04.497  INFO 3923 --- [    Test worker] p6spy                                    : #1665377284497 | took 0ms | statement | connection 23| url jdbc:h2:mem:6a3784ae-1aa6-4bbf-b617-4d4aeabcc2af
update picture set spot_id=?, url=? where picture_id=?
update picture set spot_id=442, url='java.io.StringReader@5046c3f6' where picture_id=1558;
2022-10-10 13:48:04.497  INFO 3923 --- [    Test worker] p6spy                                    : #1665377284497 | took 0ms | statement | connection 23| url jdbc:h2:mem:6a3784ae-1aa6-4bbf-b617-4d4aeabcc2af
update picture set spot_id=?, url=? where picture_id=?
update picture set spot_id=442, url='java.io.StringReader@63129db5' where picture_id=1559;
2022-10-10 13:48:04.497  INFO 3923 --- [    Test worker] p6spy                                    : #1665377284497 | took 0ms | statement | connection 23| url jdbc:h2:mem:6a3784ae-1aa6-4bbf-b617-4d4aeabcc2af
update picture set spot_id=?, url=? where picture_id=?
update picture set spot_id=443, url='java.io.StringReader@7a176868' where picture_id=1561;
2022-10-10 13:48:04.497  INFO 3923 --- [    Test worker] p6spy                                    : #1665377284497 | took 0ms | statement | connection 23| url jdbc:h2:mem:6a3784ae-1aa6-4bbf-b617-4d4aeabcc2af
update picture set spot_id=?, url=? where picture_id=?
update picture set spot_id=443, url='java.io.StringReader@275b2a95' where picture_id=1562;
2022-10-10 13:48:04.497  INFO 3923 --- [    Test worker] p6spy                                    : #1665377284497 | took 0ms | statement | connection 23| url jdbc:h2:mem:6a3784ae-1aa6-4bbf-b617-4d4aeabcc2af
update picture set spot_id=?, url=? where picture_id=?
update picture set spot_id=443, url='java.io.StringReader@75515231' where picture_id=1563;
2022-10-10 13:48:04.497  INFO 3923 --- [    Test worker] p6spy                                    : #1665377284497 | took 0ms | statement | connection 23| url jdbc:h2:mem:6a3784ae-1aa6-4bbf-b617-4d4aeabcc2af
update picture set spot_id=?, url=? where picture_id=?
update picture set spot_id=444, url='java.io.StringReader@27a5e750' where picture_id=1565;
2022-10-10 13:48:04.497  INFO 3923 --- [    Test worker] p6spy                                    : #1665377284497 | took 0ms | statement | connection 23| url jdbc:h2:mem:6a3784ae-1aa6-4bbf-b617-4d4aeabcc2af
update picture set spot_id=?, url=? where picture_id=?
update picture set spot_id=444, url='java.io.StringReader@55006646' where picture_id=1566;
2022-10-10 13:48:04.497  INFO 3923 --- [    Test worker] p6spy                                    : #1665377284497 | took 0ms | statement | connection 23| url jdbc:h2:mem:6a3784ae-1aa6-4bbf-b617-4d4aeabcc2af
update picture set spot_id=?, url=? where picture_id=?
update picture set spot_id=444, url='java.io.StringReader@43615fc7' where picture_id=1567;
2022-10-10 13:48:04.497  INFO 3923 --- [    Test worker] p6spy                                    : #1665377284497 | took 0ms | statement | connection 23| url jdbc:h2:mem:6a3784ae-1aa6-4bbf-b617-4d4aeabcc2af
update picture set spot_id=?, url=? where picture_id=?
update picture set spot_id=445, url='java.io.StringReader@14d9e3e1' where picture_id=1569;
2022-10-10 13:48:04.497  INFO 3923 --- [    Test worker] p6spy                                    : #1665377284497 | took 0ms | statement | connection 23| url jdbc:h2:mem:6a3784ae-1aa6-4bbf-b617-4d4aeabcc2af
update picture set spot_id=?, url=? where picture_id=?
update picture set spot_id=445, url='java.io.StringReader@60344d8f' where picture_id=1570;
2022-10-10 13:48:04.497  INFO 3923 --- [    Test worker] p6spy                                    : #1665377284497 | took 0ms | statement | connection 23| url jdbc:h2:mem:6a3784ae-1aa6-4bbf-b617-4d4aeabcc2af
update picture set spot_id=?, url=? where picture_id=?
update picture set spot_id=445, url='java.io.StringReader@6051f3f3' where picture_id=1571;
2022-10-10 13:48:04.497  INFO 3923 --- [    Test worker] p6spy                                    : #1665377284497 | took 0ms | statement | connection 23| url jdbc:h2:mem:6a3784ae-1aa6-4bbf-b617-4d4aeabcc2af
update picture set spot_id=?, url=? where picture_id=?
update picture set spot_id=446, url='java.io.StringReader@2c1f7a37' where picture_id=1573;
2022-10-10 13:48:04.497  INFO 3923 --- [    Test worker] p6spy                                    : #1665377284497 | took 0ms | statement | connection 23| url jdbc:h2:mem:6a3784ae-1aa6-4bbf-b617-4d4aeabcc2af
update picture set spot_id=?, url=? where picture_id=?
update picture set spot_id=446, url='java.io.StringReader@51c8261f' where picture_id=1574;
2022-10-10 13:48:04.497  INFO 3923 --- [    Test worker] p6spy                                    : #1665377284497 | took 0ms | statement | connection 23| url jdbc:h2:mem:6a3784ae-1aa6-4bbf-b617-4d4aeabcc2af
update picture set spot_id=?, url=? where picture_id=?
update picture set spot_id=446, url='java.io.StringReader@491ef938' where picture_id=1575;
2022-10-10 13:48:04.497  INFO 3923 --- [    Test worker] p6spy                                    : #1665377284497 | took 0ms | statement | connection 23| url jdbc:h2:mem:6a3784ae-1aa6-4bbf-b617-4d4aeabcc2af
update picture set spot_id=?, url=? where picture_id=?
update picture set spot_id=447, url='java.io.StringReader@36cd715c' where picture_id=1577;
2022-10-10 13:48:04.497  INFO 3923 --- [    Test worker] p6spy                                    : #1665377284497 | took 0ms | statement | connection 23| url jdbc:h2:mem:6a3784ae-1aa6-4bbf-b617-4d4aeabcc2af
update picture set spot_id=?, url=? where picture_id=?
update picture set spot_id=447, url='java.io.StringReader@1bec36ee' where picture_id=1578;
2022-10-10 13:48:04.497  INFO 3923 --- [    Test worker] p6spy                                    : #1665377284497 | took 0ms | statement | connection 23| url jdbc:h2:mem:6a3784ae-1aa6-4bbf-b617-4d4aeabcc2af
update picture set spot_id=?, url=? where picture_id=?
update picture set spot_id=447, url='java.io.StringReader@470be906' where picture_id=1579;
2022-10-10 13:48:04.497  INFO 3923 --- [    Test worker] p6spy                                    : #1665377284497 | took 0ms | statement | connection 23| url jdbc:h2:mem:6a3784ae-1aa6-4bbf-b617-4d4aeabcc2af
update picture set spot_id=?, url=? where picture_id=?
update picture set spot_id=448, url='java.io.StringReader@77a940aa' where picture_id=1581;
2022-10-10 13:48:04.497  INFO 3923 --- [    Test worker] p6spy                                    : #1665377284497 | took 0ms | statement | connection 23| url jdbc:h2:mem:6a3784ae-1aa6-4bbf-b617-4d4aeabcc2af
update picture set spot_id=?, url=? where picture_id=?
update picture set spot_id=448, url='java.io.StringReader@f78414f' where picture_id=1582;
2022-10-10 13:48:04.497  INFO 3923 --- [    Test worker] p6spy                                    : #1665377284497 | took 0ms | statement | connection 23| url jdbc:h2:mem:6a3784ae-1aa6-4bbf-b617-4d4aeabcc2af
update picture set spot_id=?, url=? where picture_id=?
update picture set spot_id=448, url='java.io.StringReader@31084a85' where picture_id=1583;
2022-10-10 13:48:04.497  INFO 3923 --- [    Test worker] p6spy                                    : #1665377284497 | took 0ms | statement | connection 23| url jdbc:h2:mem:6a3784ae-1aa6-4bbf-b617-4d4aeabcc2af
update picture set spot_id=?, url=? where picture_id=?
update picture set spot_id=449, url='java.io.StringReader@3afb0c42' where picture_id=1585;
2022-10-10 13:48:04.497  INFO 3923 --- [    Test worker] p6spy                                    : #1665377284497 | took 0ms | statement | connection 23| url jdbc:h2:mem:6a3784ae-1aa6-4bbf-b617-4d4aeabcc2af
update picture set spot_id=?, url=? where picture_id=?
update picture set spot_id=449, url='java.io.StringReader@2e84a7f0' where picture_id=1586;
2022-10-10 13:48:04.497  INFO 3923 --- [    Test worker] p6spy                                    : #1665377284497 | took 0ms | statement | connection 23| url jdbc:h2:mem:6a3784ae-1aa6-4bbf-b617-4d4aeabcc2af
update picture set spot_id=?, url=? where picture_id=?
update picture set spot_id=449, url='java.io.StringReader@5321c455' where picture_id=1587;
2022-10-10 13:48:04.497  INFO 3923 --- [    Test worker] p6spy                                    : #1665377284497 | took 0ms | statement | connection 23| url jdbc:h2:mem:6a3784ae-1aa6-4bbf-b617-4d4aeabcc2af
update picture set spot_id=?, url=? where picture_id=?
update picture set spot_id=450, url='java.io.StringReader@42611ed' where picture_id=1589;
2022-10-10 13:48:04.497  INFO 3923 --- [    Test worker] p6spy                                    : #1665377284497 | took 0ms | statement | connection 23| url jdbc:h2:mem:6a3784ae-1aa6-4bbf-b617-4d4aeabcc2af
update picture set spot_id=?, url=? where picture_id=?
update picture set spot_id=450, url='java.io.StringReader@4961b6f0' where picture_id=1590;
2022-10-10 13:48:04.498  INFO 3923 --- [    Test worker] p6spy                                    : #1665377284498 | took 0ms | statement | connection 23| url jdbc:h2:mem:6a3784ae-1aa6-4bbf-b617-4d4aeabcc2af
update picture set spot_id=?, url=? where picture_id=?
update picture set spot_id=450, url='java.io.StringReader@379def3d' where picture_id=1591;
2022-10-10 13:48:04.498  INFO 3923 --- [    Test worker] p6spy                                    : #1665377284498 | took 0ms | statement | connection 23| url jdbc:h2:mem:6a3784ae-1aa6-4bbf-b617-4d4aeabcc2af
update picture set spot_id=?, url=? where picture_id=?
update picture set spot_id=451, url='java.io.StringReader@370a3e08' where picture_id=1593;
2022-10-10 13:48:04.498  INFO 3923 --- [    Test worker] p6spy                                    : #1665377284498 | took 0ms | statement | connection 23| url jdbc:h2:mem:6a3784ae-1aa6-4bbf-b617-4d4aeabcc2af
update picture set spot_id=?, url=? where picture_id=?
update picture set spot_id=451, url='java.io.StringReader@66699a8d' where picture_id=1594;
2022-10-10 13:48:04.498  INFO 3923 --- [    Test worker] p6spy                                    : #1665377284498 | took 0ms | statement | connection 23| url jdbc:h2:mem:6a3784ae-1aa6-4bbf-b617-4d4aeabcc2af
update picture set spot_id=?, url=? where picture_id=?
update picture set spot_id=451, url='java.io.StringReader@3463d5f7' where picture_id=1595;
2022-10-10 13:48:04.498  INFO 3923 --- [    Test worker] p6spy                                    : #1665377284498 | took 0ms | statement | connection 23| url jdbc:h2:mem:6a3784ae-1aa6-4bbf-b617-4d4aeabcc2af
update picture set spot_id=?, url=? where picture_id=?
update picture set spot_id=452, url='java.io.StringReader@21160db7' where picture_id=1597;
2022-10-10 13:48:04.498  INFO 3923 --- [    Test worker] p6spy                                    : #1665377284498 | took 0ms | statement | connection 23| url jdbc:h2:mem:6a3784ae-1aa6-4bbf-b617-4d4aeabcc2af
update picture set spot_id=?, url=? where picture_id=?
update picture set spot_id=452, url='java.io.StringReader@6e39bad6' where picture_id=1598;
2022-10-10 13:48:04.498  INFO 3923 --- [    Test worker] p6spy                                    : #1665377284498 | took 0ms | statement | connection 23| url jdbc:h2:mem:6a3784ae-1aa6-4bbf-b617-4d4aeabcc2af
update picture set spot_id=?, url=? where picture_id=?
update picture set spot_id=452, url='java.io.StringReader@321aaff0' where picture_id=1599;
2022-10-10 13:48:04.498  INFO 3923 --- [    Test worker] p6spy                                    : #1665377284498 | took 0ms | statement | connection 23| url jdbc:h2:mem:6a3784ae-1aa6-4bbf-b617-4d4aeabcc2af
update picture set spot_id=?, url=? where picture_id=?
update picture set spot_id=453, url='java.io.StringReader@1ecdca9c' where picture_id=1601;
2022-10-10 13:48:04.498  INFO 3923 --- [    Test worker] p6spy                                    : #1665377284498 | took 0ms | statement | connection 23| url jdbc:h2:mem:6a3784ae-1aa6-4bbf-b617-4d4aeabcc2af
update picture set spot_id=?, url=? where picture_id=?
update picture set spot_id=453, url='java.io.StringReader@725d49a8' where picture_id=1602;
2022-10-10 13:48:04.498  INFO 3923 --- [    Test worker] p6spy                                    : #1665377284498 | took 0ms | statement | connection 23| url jdbc:h2:mem:6a3784ae-1aa6-4bbf-b617-4d4aeabcc2af
update picture set spot_id=?, url=? where picture_id=?
update picture set spot_id=453, url='java.io.StringReader@4d251371' where picture_id=1603;
2022-10-10 13:48:04.498  INFO 3923 --- [    Test worker] p6spy                                    : #1665377284498 | took 0ms | statement | connection 23| url jdbc:h2:mem:6a3784ae-1aa6-4bbf-b617-4d4aeabcc2af
update picture set spot_id=?, url=? where picture_id=?
update picture set spot_id=454, url='java.io.StringReader@47d64c40' where picture_id=1605;
2022-10-10 13:48:04.498  INFO 3923 --- [    Test worker] p6spy                                    : #1665377284498 | took 0ms | statement | connection 23| url jdbc:h2:mem:6a3784ae-1aa6-4bbf-b617-4d4aeabcc2af
update picture set spot_id=?, url=? where picture_id=?
update picture set spot_id=454, url='java.io.StringReader@53de300e' where picture_id=1606;
2022-10-10 13:48:04.498  INFO 3923 --- [    Test worker] p6spy                                    : #1665377284498 | took 0ms | statement | connection 23| url jdbc:h2:mem:6a3784ae-1aa6-4bbf-b617-4d4aeabcc2af
update picture set spot_id=?, url=? where picture_id=?
update picture set spot_id=454, url='java.io.StringReader@4f34e348' where picture_id=1607;
2022-10-10 13:48:04.498  INFO 3923 --- [    Test worker] p6spy                                    : #1665377284498 | took 0ms | statement | connection 23| url jdbc:h2:mem:6a3784ae-1aa6-4bbf-b617-4d4aeabcc2af
update picture set spot_id=?, url=? where picture_id=?
update picture set spot_id=455, url='java.io.StringReader@40250ddd' where picture_id=1609;
2022-10-10 13:48:04.498  INFO 3923 --- [    Test worker] p6spy                                    : #1665377284498 | took 0ms | statement | connection 23| url jdbc:h2:mem:6a3784ae-1aa6-4bbf-b617-4d4aeabcc2af
update picture set spot_id=?, url=? where picture_id=?
update picture set spot_id=455, url='java.io.StringReader@65192d27' where picture_id=1610;
2022-10-10 13:48:04.498  INFO 3923 --- [    Test worker] p6spy                                    : #1665377284498 | took 0ms | statement | connection 23| url jdbc:h2:mem:6a3784ae-1aa6-4bbf-b617-4d4aeabcc2af
update picture set spot_id=?, url=? where picture_id=?
update picture set spot_id=455, url='java.io.StringReader@7b939175' where picture_id=1611;
2022-10-10 13:48:04.498  INFO 3923 --- [    Test worker] p6spy                                    : #1665377284498 | took 0ms | statement | connection 23| url jdbc:h2:mem:6a3784ae-1aa6-4bbf-b617-4d4aeabcc2af
update picture set spot_id=?, url=? where picture_id=?
update picture set spot_id=456, url='java.io.StringReader@8b9f657' where picture_id=1613;
2022-10-10 13:48:04.498  INFO 3923 --- [    Test worker] p6spy                                    : #1665377284498 | took 0ms | statement | connection 23| url jdbc:h2:mem:6a3784ae-1aa6-4bbf-b617-4d4aeabcc2af
update picture set spot_id=?, url=? where picture_id=?
update picture set spot_id=456, url='java.io.StringReader@25a22e57' where picture_id=1614;
2022-10-10 13:48:04.498  INFO 3923 --- [    Test worker] p6spy                                    : #1665377284498 | took 0ms | statement | connection 23| url jdbc:h2:mem:6a3784ae-1aa6-4bbf-b617-4d4aeabcc2af
update picture set spot_id=?, url=? where picture_id=?
update picture set spot_id=456, url='java.io.StringReader@59a9a490' where picture_id=1615;
2022-10-10 13:48:04.499  INFO 3923 --- [    Test worker] p6spy                                    : #1665377284499 | took 0ms | statement | connection 23| url jdbc:h2:mem:6a3784ae-1aa6-4bbf-b617-4d4aeabcc2af
update picture set spot_id=?, url=? where picture_id=?
update picture set spot_id=457, url='java.io.StringReader@1f63fdf4' where picture_id=1617;
2022-10-10 13:48:04.499  INFO 3923 --- [    Test worker] p6spy                                    : #1665377284499 | took 0ms | statement | connection 23| url jdbc:h2:mem:6a3784ae-1aa6-4bbf-b617-4d4aeabcc2af
update picture set spot_id=?, url=? where picture_id=?
update picture set spot_id=457, url='java.io.StringReader@4ff25596' where picture_id=1618;
2022-10-10 13:48:04.499  INFO 3923 --- [    Test worker] p6spy                                    : #1665377284499 | took 0ms | statement | connection 23| url jdbc:h2:mem:6a3784ae-1aa6-4bbf-b617-4d4aeabcc2af
update picture set spot_id=?, url=? where picture_id=?
update picture set spot_id=457, url='java.io.StringReader@1a4323ac' where picture_id=1619;
2022-10-10 13:48:04.499  INFO 3923 --- [    Test worker] p6spy                                    : #1665377284499 | took 0ms | statement | connection 23| url jdbc:h2:mem:6a3784ae-1aa6-4bbf-b617-4d4aeabcc2af
update picture set spot_id=?, url=? where picture_id=?
update picture set spot_id=458, url='java.io.StringReader@649e878d' where picture_id=1621;
2022-10-10 13:48:04.499  INFO 3923 --- [    Test worker] p6spy                                    : #1665377284499 | took 0ms | statement | connection 23| url jdbc:h2:mem:6a3784ae-1aa6-4bbf-b617-4d4aeabcc2af
update picture set spot_id=?, url=? where picture_id=?
update picture set spot_id=458, url='java.io.StringReader@374a49be' where picture_id=1622;
2022-10-10 13:48:04.499  INFO 3923 --- [    Test worker] p6spy                                    : #1665377284499 | took 0ms | statement | connection 23| url jdbc:h2:mem:6a3784ae-1aa6-4bbf-b617-4d4aeabcc2af
update picture set spot_id=?, url=? where picture_id=?
update picture set spot_id=458, url='java.io.StringReader@2e83f3f5' where picture_id=1623;
2022-10-10 13:48:04.499  INFO 3923 --- [    Test worker] p6spy                                    : #1665377284499 | took 0ms | statement | connection 23| url jdbc:h2:mem:6a3784ae-1aa6-4bbf-b617-4d4aeabcc2af
update picture set spot_id=?, url=? where picture_id=?
update picture set spot_id=459, url='java.io.StringReader@65ab87e4' where picture_id=1625;
2022-10-10 13:48:04.499  INFO 3923 --- [    Test worker] p6spy                                    : #1665377284499 | took 0ms | statement | connection 23| url jdbc:h2:mem:6a3784ae-1aa6-4bbf-b617-4d4aeabcc2af
update picture set spot_id=?, url=? where picture_id=?
update picture set spot_id=459, url='java.io.StringReader@1a334847' where picture_id=1626;
2022-10-10 13:48:04.499  INFO 3923 --- [    Test worker] p6spy                                    : #1665377284499 | took 0ms | statement | connection 23| url jdbc:h2:mem:6a3784ae-1aa6-4bbf-b617-4d4aeabcc2af
update picture set spot_id=?, url=? where picture_id=?
update picture set spot_id=459, url='java.io.StringReader@7257cbce' where picture_id=1627;
2022-10-10 13:48:04.499  INFO 3923 --- [    Test worker] p6spy                                    : #1665377284499 | took 0ms | statement | connection 23| url jdbc:h2:mem:6a3784ae-1aa6-4bbf-b617-4d4aeabcc2af
update picture set spot_id=?, url=? where picture_id=?
update picture set spot_id=460, url='java.io.StringReader@56b7fcf6' where picture_id=1629;
2022-10-10 13:48:04.499  INFO 3923 --- [    Test worker] p6spy                                    : #1665377284499 | took 0ms | statement | connection 23| url jdbc:h2:mem:6a3784ae-1aa6-4bbf-b617-4d4aeabcc2af
update picture set spot_id=?, url=? where picture_id=?
update picture set spot_id=460, url='java.io.StringReader@364b80c1' where picture_id=1630;
2022-10-10 13:48:04.499  INFO 3923 --- [    Test worker] p6spy                                    : #1665377284499 | took 0ms | statement | connection 23| url jdbc:h2:mem:6a3784ae-1aa6-4bbf-b617-4d4aeabcc2af
update picture set spot_id=?, url=? where picture_id=?
update picture set spot_id=460, url='java.io.StringReader@636671c1' where picture_id=1631;
2022-10-10 13:48:04.499  INFO 3923 --- [    Test worker] p6spy                                    : #1665377284499 | took 0ms | statement | connection 23| url jdbc:h2:mem:6a3784ae-1aa6-4bbf-b617-4d4aeabcc2af
update picture set spot_id=?, url=? where picture_id=?
update picture set spot_id=461, url='java.io.StringReader@27446428' where picture_id=1633;
2022-10-10 13:48:04.499  INFO 3923 --- [    Test worker] p6spy                                    : #1665377284499 | took 0ms | statement | connection 23| url jdbc:h2:mem:6a3784ae-1aa6-4bbf-b617-4d4aeabcc2af
update picture set spot_id=?, url=? where picture_id=?
update picture set spot_id=461, url='java.io.StringReader@72d1d903' where picture_id=1634;
2022-10-10 13:48:04.499  INFO 3923 --- [    Test worker] p6spy                                    : #1665377284499 | took 0ms | statement | connection 23| url jdbc:h2:mem:6a3784ae-1aa6-4bbf-b617-4d4aeabcc2af
update picture set spot_id=?, url=? where picture_id=?
update picture set spot_id=461, url='java.io.StringReader@b056c4a' where picture_id=1635;
2022-10-10 13:48:04.499  INFO 3923 --- [    Test worker] p6spy                                    : #1665377284499 | took 0ms | statement | connection 23| url jdbc:h2:mem:6a3784ae-1aa6-4bbf-b617-4d4aeabcc2af
update picture set spot_id=?, url=? where picture_id=?
update picture set spot_id=462, url='java.io.StringReader@18a564a7' where picture_id=1637;
2022-10-10 13:48:04.499  INFO 3923 --- [    Test worker] p6spy                                    : #1665377284499 | took 0ms | statement | connection 23| url jdbc:h2:mem:6a3784ae-1aa6-4bbf-b617-4d4aeabcc2af
update picture set spot_id=?, url=? where picture_id=?
update picture set spot_id=462, url='java.io.StringReader@7a028aa3' where picture_id=1638;
2022-10-10 13:48:04.499  INFO 3923 --- [    Test worker] p6spy                                    : #1665377284499 | took 0ms | statement | connection 23| url jdbc:h2:mem:6a3784ae-1aa6-4bbf-b617-4d4aeabcc2af
update picture set spot_id=?, url=? where picture_id=?
update picture set spot_id=462, url='java.io.StringReader@2ea45459' where picture_id=1639;
2022-10-10 13:48:04.499  INFO 3923 --- [    Test worker] p6spy                                    : #1665377284499 | took 0ms | statement | connection 23| url jdbc:h2:mem:6a3784ae-1aa6-4bbf-b617-4d4aeabcc2af
update picture set spot_id=?, url=? where picture_id=?
update picture set spot_id=463, url='java.io.StringReader@12799541' where picture_id=1641;
2022-10-10 13:48:04.499  INFO 3923 --- [    Test worker] p6spy                                    : #1665377284499 | took 0ms | statement | connection 23| url jdbc:h2:mem:6a3784ae-1aa6-4bbf-b617-4d4aeabcc2af
update picture set spot_id=?, url=? where picture_id=?
update picture set spot_id=463, url='java.io.StringReader@4f015995' where picture_id=1642;
2022-10-10 13:48:04.499  INFO 3923 --- [    Test worker] p6spy                                    : #1665377284499 | took 0ms | statement | connection 23| url jdbc:h2:mem:6a3784ae-1aa6-4bbf-b617-4d4aeabcc2af
update picture set spot_id=?, url=? where picture_id=?
update picture set spot_id=463, url='java.io.StringReader@15092cac' where picture_id=1643;
2022-10-10 13:48:04.499  INFO 3923 --- [    Test worker] p6spy                                    : #1665377284499 | took 0ms | statement | connection 23| url jdbc:h2:mem:6a3784ae-1aa6-4bbf-b617-4d4aeabcc2af
update picture set spot_id=?, url=? where picture_id=?
update picture set spot_id=464, url='java.io.StringReader@4f91f4f6' where picture_id=1645;
2022-10-10 13:48:04.499  INFO 3923 --- [    Test worker] p6spy                                    : #1665377284499 | took 0ms | statement | connection 23| url jdbc:h2:mem:6a3784ae-1aa6-4bbf-b617-4d4aeabcc2af
update picture set spot_id=?, url=? where picture_id=?
update picture set spot_id=464, url='java.io.StringReader@6ca64138' where picture_id=1646;
2022-10-10 13:48:04.499  INFO 3923 --- [    Test worker] p6spy                                    : #1665377284499 | took 0ms | statement | connection 23| url jdbc:h2:mem:6a3784ae-1aa6-4bbf-b617-4d4aeabcc2af
update picture set spot_id=?, url=? where picture_id=?
update picture set spot_id=464, url='java.io.StringReader@38586588' where picture_id=1647;
2022-10-10 13:48:04.499  INFO 3923 --- [    Test worker] p6spy                                    : #1665377284499 | took 0ms | statement | connection 23| url jdbc:h2:mem:6a3784ae-1aa6-4bbf-b617-4d4aeabcc2af
update picture set spot_id=?, url=? where picture_id=?
update picture set spot_id=465, url='java.io.StringReader@31f78f06' where picture_id=1649;
2022-10-10 13:48:04.500  INFO 3923 --- [    Test worker] p6spy                                    : #1665377284500 | took 0ms | statement | connection 23| url jdbc:h2:mem:6a3784ae-1aa6-4bbf-b617-4d4aeabcc2af
update picture set spot_id=?, url=? where picture_id=?
update picture set spot_id=465, url='java.io.StringReader@d1f452a' where picture_id=1650;
2022-10-10 13:48:04.500  INFO 3923 --- [    Test worker] p6spy                                    : #1665377284500 | took 0ms | statement | connection 23| url jdbc:h2:mem:6a3784ae-1aa6-4bbf-b617-4d4aeabcc2af
update picture set spot_id=?, url=? where picture_id=?
update picture set spot_id=465, url='java.io.StringReader@6e21ec84' where picture_id=1651;
2022-10-10 13:48:04.500  INFO 3923 --- [    Test worker] p6spy                                    : #1665377284500 | took 0ms | statement | connection 23| url jdbc:h2:mem:6a3784ae-1aa6-4bbf-b617-4d4aeabcc2af
update picture set spot_id=?, url=? where picture_id=?
update picture set spot_id=466, url='java.io.StringReader@15295502' where picture_id=1653;
2022-10-10 13:48:04.500  INFO 3923 --- [    Test worker] p6spy                                    : #1665377284500 | took 0ms | statement | connection 23| url jdbc:h2:mem:6a3784ae-1aa6-4bbf-b617-4d4aeabcc2af
update picture set spot_id=?, url=? where picture_id=?
update picture set spot_id=466, url='java.io.StringReader@34cddd09' where picture_id=1654;
2022-10-10 13:48:04.500  INFO 3923 --- [    Test worker] p6spy                                    : #1665377284500 | took 0ms | statement | connection 23| url jdbc:h2:mem:6a3784ae-1aa6-4bbf-b617-4d4aeabcc2af
update picture set spot_id=?, url=? where picture_id=?
update picture set spot_id=466, url='java.io.StringReader@67114807' where picture_id=1655;
2022-10-10 13:48:04.500  INFO 3923 --- [    Test worker] p6spy                                    : #1665377284500 | took 0ms | statement | connection 23| url jdbc:h2:mem:6a3784ae-1aa6-4bbf-b617-4d4aeabcc2af
update picture set spot_id=?, url=? where picture_id=?
update picture set spot_id=467, url='java.io.StringReader@23026ebb' where picture_id=1657;
2022-10-10 13:48:04.500  INFO 3923 --- [    Test worker] p6spy                                    : #1665377284500 | took 0ms | statement | connection 23| url jdbc:h2:mem:6a3784ae-1aa6-4bbf-b617-4d4aeabcc2af
update picture set spot_id=?, url=? where picture_id=?
update picture set spot_id=467, url='java.io.StringReader@7d04b157' where picture_id=1658;
2022-10-10 13:48:04.500  INFO 3923 --- [    Test worker] p6spy                                    : #1665377284500 | took 0ms | statement | connection 23| url jdbc:h2:mem:6a3784ae-1aa6-4bbf-b617-4d4aeabcc2af
update picture set spot_id=?, url=? where picture_id=?
update picture set spot_id=467, url='java.io.StringReader@302634ac' where picture_id=1659;
2022-10-10 13:48:04.500  INFO 3923 --- [    Test worker] p6spy                                    : #1665377284500 | took 0ms | statement | connection 23| url jdbc:h2:mem:6a3784ae-1aa6-4bbf-b617-4d4aeabcc2af
update picture set spot_id=?, url=? where picture_id=?
update picture set spot_id=468, url='java.io.StringReader@7b67aaa2' where picture_id=1661;
2022-10-10 13:48:04.500  INFO 3923 --- [    Test worker] p6spy                                    : #1665377284500 | took 0ms | statement | connection 23| url jdbc:h2:mem:6a3784ae-1aa6-4bbf-b617-4d4aeabcc2af
update picture set spot_id=?, url=? where picture_id=?
update picture set spot_id=468, url='java.io.StringReader@59d59946' where picture_id=1662;
2022-10-10 13:48:04.500  INFO 3923 --- [    Test worker] p6spy                                    : #1665377284500 | took 0ms | statement | connection 23| url jdbc:h2:mem:6a3784ae-1aa6-4bbf-b617-4d4aeabcc2af
update picture set spot_id=?, url=? where picture_id=?
update picture set spot_id=468, url='java.io.StringReader@efe3ed0' where picture_id=1663;
2022-10-10 13:48:04.500  INFO 3923 --- [    Test worker] c.j.r.FavoriteSpotQueryRepositoryTest    : member1 = Member(id=14, username=member1, email=member1@gmail.com, password=1234)
2022-10-10 13:48:04.500  INFO 3923 --- [    Test worker] c.j.r.FavoriteSpotQueryRepositoryTest    : favoriteMain = Favorite(id=37, name=1일차)
2022-10-10 13:48:04.500  INFO 3923 --- [    Test worker] c.j.r.FavoriteSpotQueryRepositoryTest    : spots[0] = capstone.jejuTourrecommend.domain.Spot@2e7be4d2
2022-10-10 13:48:04.500  INFO 3923 --- [    Test worker] c.j.r.FavoriteSpotQueryRepositoryTest    : favoriteSpots[0] = FavoriteSpot(id=321, count=0)
2022-10-10 13:48:04.501  INFO 3923 --- [    Test worker] p6spy                                    : #1665377284501 | took 0ms | statement | connection 23| url jdbc:h2:mem:6a3784ae-1aa6-4bbf-b617-4d4aeabcc2af
select member0_.member_id as member_i1_2_, member0_.created_date as created_2_2_, member0_.last_modified_date as last_mod3_2_, member0_.created_by as created_4_2_, member0_.last_modified_by as last_mod5_2_, member0_.email as email6_2_, member0_.password as password7_2_, member0_.refresh_token as refresh_8_2_, member0_.role as role9_2_, member0_.username as usernam10_2_ from member member0_ where member0_.email=?
select member0_.member_id as member_i1_2_, member0_.created_date as created_2_2_, member0_.last_modified_date as last_mod3_2_, member0_.created_by as created_4_2_, member0_.last_modified_by as last_mod5_2_, member0_.email as email6_2_, member0_.password as password7_2_, member0_.refresh_token as refresh_8_2_, member0_.role as role9_2_, member0_.username as usernam10_2_ from member member0_ where member0_.email='member1@gmail.com';
2022-10-10 13:48:04.502  INFO 3923 --- [    Test worker] p6spy                                    : #1665377284502 | took 0ms | statement | connection 23| url jdbc:h2:mem:6a3784ae-1aa6-4bbf-b617-4d4aeabcc2af
select favorite0_.favorite_id as col_0_0_, favorite0_.name as col_1_0_ from favorite favorite0_ where favorite0_.member_id=? limit ?
select favorite0_.favorite_id as col_0_0_, favorite0_.name as col_1_0_ from favorite favorite0_ where favorite0_.member_id=14 limit 3;
2022-10-10 13:48:04.502  INFO 3923 --- [    Test worker] p6spy                                    : #1665377284502 | took 0ms | statement | connection 23| url jdbc:h2:mem:6a3784ae-1aa6-4bbf-b617-4d4aeabcc2af
select favoritesp0_.spot_id as col_0_0_ from favorite_spot favoritesp0_ where favoritesp0_.favorite_id=?
select favoritesp0_.spot_id as col_0_0_ from favorite_spot favoritesp0_ where favoritesp0_.favorite_id=37;
2022-10-10 13:48:04.503  INFO 3923 --- [    Test worker] p6spy                                    : #1665377284503 | took 0ms | statement | connection 23| url jdbc:h2:mem:6a3784ae-1aa6-4bbf-b617-4d4aeabcc2af
select picture0_.picture_id as col_0_0_, picture0_.url as col_1_0_, picture0_.spot_id as col_2_0_ from picture picture0_ inner join spot spot1_ on picture0_.spot_id=spot1_.spot_id where picture0_.spot_id=? limit ?
select picture0_.picture_id as col_0_0_, picture0_.url as col_1_0_, picture0_.spot_id as col_2_0_ from picture picture0_ inner join spot spot1_ on picture0_.spot_id=spot1_.spot_id where picture0_.spot_id=369 limit 3;
2022-10-10 13:48:04.503  INFO 3923 --- [    Test worker] p6spy                                    : #1665377284503 | took 0ms | statement | connection 23| url jdbc:h2:mem:6a3784ae-1aa6-4bbf-b617-4d4aeabcc2af
select picture0_.picture_id as col_0_0_, picture0_.url as col_1_0_, picture0_.spot_id as col_2_0_ from picture picture0_ inner join spot spot1_ on picture0_.spot_id=spot1_.spot_id where picture0_.spot_id=? limit ?
select picture0_.picture_id as col_0_0_, picture0_.url as col_1_0_, picture0_.spot_id as col_2_0_ from picture picture0_ inner join spot spot1_ on picture0_.spot_id=spot1_.spot_id where picture0_.spot_id=371 limit 3;
2022-10-10 13:48:04.504  INFO 3923 --- [    Test worker] p6spy                                    : #1665377284504 | took 0ms | statement | connection 23| url jdbc:h2:mem:6a3784ae-1aa6-4bbf-b617-4d4aeabcc2af
select picture0_.picture_id as col_0_0_, picture0_.url as col_1_0_, picture0_.spot_id as col_2_0_ from picture picture0_ inner join spot spot1_ on picture0_.spot_id=spot1_.spot_id where picture0_.spot_id=? limit ?
select picture0_.picture_id as col_0_0_, picture0_.url as col_1_0_, picture0_.spot_id as col_2_0_ from picture picture0_ inner join spot spot1_ on picture0_.spot_id=spot1_.spot_id where picture0_.spot_id=373 limit 3;
2022-10-10 13:48:04.504  INFO 3923 --- [    Test worker] p6spy                                    : #1665377284504 | took 0ms | statement | connection 23| url jdbc:h2:mem:6a3784ae-1aa6-4bbf-b617-4d4aeabcc2af
select picture0_.picture_id as col_0_0_, picture0_.url as col_1_0_, picture0_.spot_id as col_2_0_ from picture picture0_ inner join spot spot1_ on picture0_.spot_id=spot1_.spot_id where picture0_.spot_id=? limit ?
select picture0_.picture_id as col_0_0_, picture0_.url as col_1_0_, picture0_.spot_id as col_2_0_ from picture picture0_ inner join spot spot1_ on picture0_.spot_id=spot1_.spot_id where picture0_.spot_id=375 limit 3;
2022-10-10 13:48:04.504  INFO 3923 --- [    Test worker] p6spy                                    : #1665377284504 | took 0ms | statement | connection 23| url jdbc:h2:mem:6a3784ae-1aa6-4bbf-b617-4d4aeabcc2af
select picture0_.picture_id as col_0_0_, picture0_.url as col_1_0_, picture0_.spot_id as col_2_0_ from picture picture0_ inner join spot spot1_ on picture0_.spot_id=spot1_.spot_id where picture0_.spot_id=? limit ?
select picture0_.picture_id as col_0_0_, picture0_.url as col_1_0_, picture0_.spot_id as col_2_0_ from picture picture0_ inner join spot spot1_ on picture0_.spot_id=spot1_.spot_id where picture0_.spot_id=377 limit 3;
2022-10-10 13:48:04.505  INFO 3923 --- [    Test worker] p6spy                                    : #1665377284505 | took 0ms | statement | connection 23| url jdbc:h2:mem:6a3784ae-1aa6-4bbf-b617-4d4aeabcc2af
select picture0_.picture_id as col_0_0_, picture0_.url as col_1_0_, picture0_.spot_id as col_2_0_ from picture picture0_ inner join spot spot1_ on picture0_.spot_id=spot1_.spot_id where picture0_.spot_id=? limit ?
select picture0_.picture_id as col_0_0_, picture0_.url as col_1_0_, picture0_.spot_id as col_2_0_ from picture picture0_ inner join spot spot1_ on picture0_.spot_id=spot1_.spot_id where picture0_.spot_id=379 limit 3;
2022-10-10 13:48:04.505  INFO 3923 --- [    Test worker] p6spy                                    : #1665377284505 | took 0ms | statement | connection 23| url jdbc:h2:mem:6a3784ae-1aa6-4bbf-b617-4d4aeabcc2af
select picture0_.picture_id as col_0_0_, picture0_.url as col_1_0_, picture0_.spot_id as col_2_0_ from picture picture0_ inner join spot spot1_ on picture0_.spot_id=spot1_.spot_id where picture0_.spot_id=? limit ?
select picture0_.picture_id as col_0_0_, picture0_.url as col_1_0_, picture0_.spot_id as col_2_0_ from picture picture0_ inner join spot spot1_ on picture0_.spot_id=spot1_.spot_id where picture0_.spot_id=381 limit 3;
2022-10-10 13:48:04.505  INFO 3923 --- [    Test worker] p6spy                                    : #1665377284505 | took 0ms | statement | connection 23| url jdbc:h2:mem:6a3784ae-1aa6-4bbf-b617-4d4aeabcc2af
select picture0_.picture_id as col_0_0_, picture0_.url as col_1_0_, picture0_.spot_id as col_2_0_ from picture picture0_ inner join spot spot1_ on picture0_.spot_id=spot1_.spot_id where picture0_.spot_id=? limit ?
select picture0_.picture_id as col_0_0_, picture0_.url as col_1_0_, picture0_.spot_id as col_2_0_ from picture picture0_ inner join spot spot1_ on picture0_.spot_id=spot1_.spot_id where picture0_.spot_id=383 limit 3;
2022-10-10 13:48:04.506  INFO 3923 --- [    Test worker] p6spy                                    : #1665377284506 | took 0ms | statement | connection 23| url jdbc:h2:mem:6a3784ae-1aa6-4bbf-b617-4d4aeabcc2af
select picture0_.picture_id as col_0_0_, picture0_.url as col_1_0_, picture0_.spot_id as col_2_0_ from picture picture0_ inner join spot spot1_ on picture0_.spot_id=spot1_.spot_id where picture0_.spot_id=? limit ?
select picture0_.picture_id as col_0_0_, picture0_.url as col_1_0_, picture0_.spot_id as col_2_0_ from picture picture0_ inner join spot spot1_ on picture0_.spot_id=spot1_.spot_id where picture0_.spot_id=385 limit 3;
2022-10-10 13:48:04.506  INFO 3923 --- [    Test worker] p6spy                                    : #1665377284506 | took 0ms | statement | connection 23| url jdbc:h2:mem:6a3784ae-1aa6-4bbf-b617-4d4aeabcc2af
select picture0_.picture_id as col_0_0_, picture0_.url as col_1_0_, picture0_.spot_id as col_2_0_ from picture picture0_ inner join spot spot1_ on picture0_.spot_id=spot1_.spot_id where picture0_.spot_id=? limit ?
select picture0_.picture_id as col_0_0_, picture0_.url as col_1_0_, picture0_.spot_id as col_2_0_ from picture picture0_ inner join spot spot1_ on picture0_.spot_id=spot1_.spot_id where picture0_.spot_id=387 limit 3;
2022-10-10 13:48:04.506  INFO 3923 --- [    Test worker] p6spy                                    : #1665377284506 | took 0ms | statement | connection 23| url jdbc:h2:mem:6a3784ae-1aa6-4bbf-b617-4d4aeabcc2af
select picture0_.picture_id as col_0_0_, picture0_.url as col_1_0_, picture0_.spot_id as col_2_0_ from picture picture0_ inner join spot spot1_ on picture0_.spot_id=spot1_.spot_id where picture0_.spot_id=? limit ?
select picture0_.picture_id as col_0_0_, picture0_.url as col_1_0_, picture0_.spot_id as col_2_0_ from picture picture0_ inner join spot spot1_ on picture0_.spot_id=spot1_.spot_id where picture0_.spot_id=389 limit 3;
2022-10-10 13:48:04.507  INFO 3923 --- [    Test worker] p6spy                                    : #1665377284507 | took 0ms | statement | connection 23| url jdbc:h2:mem:6a3784ae-1aa6-4bbf-b617-4d4aeabcc2af
select picture0_.picture_id as col_0_0_, picture0_.url as col_1_0_, picture0_.spot_id as col_2_0_ from picture picture0_ inner join spot spot1_ on picture0_.spot_id=spot1_.spot_id where picture0_.spot_id=? limit ?
select picture0_.picture_id as col_0_0_, picture0_.url as col_1_0_, picture0_.spot_id as col_2_0_ from picture picture0_ inner join spot spot1_ on picture0_.spot_id=spot1_.spot_id where picture0_.spot_id=391 limit 3;
2022-10-10 13:48:04.507  INFO 3923 --- [    Test worker] p6spy                                    : #1665377284507 | took 0ms | statement | connection 23| url jdbc:h2:mem:6a3784ae-1aa6-4bbf-b617-4d4aeabcc2af
select picture0_.picture_id as col_0_0_, picture0_.url as col_1_0_, picture0_.spot_id as col_2_0_ from picture picture0_ inner join spot spot1_ on picture0_.spot_id=spot1_.spot_id where picture0_.spot_id=? limit ?
select picture0_.picture_id as col_0_0_, picture0_.url as col_1_0_, picture0_.spot_id as col_2_0_ from picture picture0_ inner join spot spot1_ on picture0_.spot_id=spot1_.spot_id where picture0_.spot_id=393 limit 3;
2022-10-10 13:48:04.507  INFO 3923 --- [    Test worker] p6spy                                    : #1665377284507 | took 0ms | statement | connection 23| url jdbc:h2:mem:6a3784ae-1aa6-4bbf-b617-4d4aeabcc2af
select picture0_.picture_id as col_0_0_, picture0_.url as col_1_0_, picture0_.spot_id as col_2_0_ from picture picture0_ inner join spot spot1_ on picture0_.spot_id=spot1_.spot_id where picture0_.spot_id=? limit ?
select picture0_.picture_id as col_0_0_, picture0_.url as col_1_0_, picture0_.spot_id as col_2_0_ from picture picture0_ inner join spot spot1_ on picture0_.spot_id=spot1_.spot_id where picture0_.spot_id=395 limit 3;
2022-10-10 13:48:04.508  INFO 3923 --- [    Test worker] p6spy                                    : #1665377284508 | took 0ms | statement | connection 23| url jdbc:h2:mem:6a3784ae-1aa6-4bbf-b617-4d4aeabcc2af
select picture0_.picture_id as col_0_0_, picture0_.url as col_1_0_, picture0_.spot_id as col_2_0_ from picture picture0_ inner join spot spot1_ on picture0_.spot_id=spot1_.spot_id where picture0_.spot_id=? limit ?
select picture0_.picture_id as col_0_0_, picture0_.url as col_1_0_, picture0_.spot_id as col_2_0_ from picture picture0_ inner join spot spot1_ on picture0_.spot_id=spot1_.spot_id where picture0_.spot_id=397 limit 3;
2022-10-10 13:48:04.508  INFO 3923 --- [    Test worker] p6spy                                    : #1665377284508 | took 0ms | statement | connection 23| url jdbc:h2:mem:6a3784ae-1aa6-4bbf-b617-4d4aeabcc2af
select picture0_.picture_id as col_0_0_, picture0_.url as col_1_0_, picture0_.spot_id as col_2_0_ from picture picture0_ inner join spot spot1_ on picture0_.spot_id=spot1_.spot_id where picture0_.spot_id=? limit ?
select picture0_.picture_id as col_0_0_, picture0_.url as col_1_0_, picture0_.spot_id as col_2_0_ from picture picture0_ inner join spot spot1_ on picture0_.spot_id=spot1_.spot_id where picture0_.spot_id=399 limit 3;
2022-10-10 13:48:04.509  INFO 3923 --- [    Test worker] p6spy                                    : #1665377284509 | took 0ms | statement | connection 23| url jdbc:h2:mem:6a3784ae-1aa6-4bbf-b617-4d4aeabcc2af
select picture0_.picture_id as col_0_0_, picture0_.url as col_1_0_, picture0_.spot_id as col_2_0_ from picture picture0_ inner join spot spot1_ on picture0_.spot_id=spot1_.spot_id where picture0_.spot_id=? limit ?
select picture0_.picture_id as col_0_0_, picture0_.url as col_1_0_, picture0_.spot_id as col_2_0_ from picture picture0_ inner join spot spot1_ on picture0_.spot_id=spot1_.spot_id where picture0_.spot_id=401 limit 3;
2022-10-10 13:48:04.509  INFO 3923 --- [    Test worker] p6spy                                    : #1665377284509 | took 0ms | statement | connection 23| url jdbc:h2:mem:6a3784ae-1aa6-4bbf-b617-4d4aeabcc2af
select picture0_.picture_id as col_0_0_, picture0_.url as col_1_0_, picture0_.spot_id as col_2_0_ from picture picture0_ inner join spot spot1_ on picture0_.spot_id=spot1_.spot_id where picture0_.spot_id=? limit ?
select picture0_.picture_id as col_0_0_, picture0_.url as col_1_0_, picture0_.spot_id as col_2_0_ from picture picture0_ inner join spot spot1_ on picture0_.spot_id=spot1_.spot_id where picture0_.spot_id=403 limit 3;
2022-10-10 13:48:04.509  INFO 3923 --- [    Test worker] p6spy                                    : #1665377284509 | took 0ms | statement | connection 23| url jdbc:h2:mem:6a3784ae-1aa6-4bbf-b617-4d4aeabcc2af
select picture0_.picture_id as col_0_0_, picture0_.url as col_1_0_, picture0_.spot_id as col_2_0_ from picture picture0_ inner join spot spot1_ on picture0_.spot_id=spot1_.spot_id where picture0_.spot_id=? limit ?
select picture0_.picture_id as col_0_0_, picture0_.url as col_1_0_, picture0_.spot_id as col_2_0_ from picture picture0_ inner join spot spot1_ on picture0_.spot_id=spot1_.spot_id where picture0_.spot_id=405 limit 3;
2022-10-10 13:48:04.510  INFO 3923 --- [    Test worker] p6spy                                    : #1665377284510 | took 0ms | statement | connection 23| url jdbc:h2:mem:6a3784ae-1aa6-4bbf-b617-4d4aeabcc2af
select picture0_.picture_id as col_0_0_, picture0_.url as col_1_0_, picture0_.spot_id as col_2_0_ from picture picture0_ inner join spot spot1_ on picture0_.spot_id=spot1_.spot_id where picture0_.spot_id=? limit ?
select picture0_.picture_id as col_0_0_, picture0_.url as col_1_0_, picture0_.spot_id as col_2_0_ from picture picture0_ inner join spot spot1_ on picture0_.spot_id=spot1_.spot_id where picture0_.spot_id=407 limit 3;
2022-10-10 13:48:04.510  INFO 3923 --- [    Test worker] p6spy                                    : #1665377284510 | took 0ms | statement | connection 23| url jdbc:h2:mem:6a3784ae-1aa6-4bbf-b617-4d4aeabcc2af
select picture0_.picture_id as col_0_0_, picture0_.url as col_1_0_, picture0_.spot_id as col_2_0_ from picture picture0_ inner join spot spot1_ on picture0_.spot_id=spot1_.spot_id where picture0_.spot_id=? limit ?
select picture0_.picture_id as col_0_0_, picture0_.url as col_1_0_, picture0_.spot_id as col_2_0_ from picture picture0_ inner join spot spot1_ on picture0_.spot_id=spot1_.spot_id where picture0_.spot_id=409 limit 3;
2022-10-10 13:48:04.511  INFO 3923 --- [    Test worker] p6spy                                    : #1665377284511 | took 0ms | statement | connection 23| url jdbc:h2:mem:6a3784ae-1aa6-4bbf-b617-4d4aeabcc2af
select picture0_.picture_id as col_0_0_, picture0_.url as col_1_0_, picture0_.spot_id as col_2_0_ from picture picture0_ inner join spot spot1_ on picture0_.spot_id=spot1_.spot_id where picture0_.spot_id=? limit ?
select picture0_.picture_id as col_0_0_, picture0_.url as col_1_0_, picture0_.spot_id as col_2_0_ from picture picture0_ inner join spot spot1_ on picture0_.spot_id=spot1_.spot_id where picture0_.spot_id=411 limit 3;
2022-10-10 13:48:04.511  INFO 3923 --- [    Test worker] p6spy                                    : #1665377284511 | took 0ms | statement | connection 23| url jdbc:h2:mem:6a3784ae-1aa6-4bbf-b617-4d4aeabcc2af
select picture0_.picture_id as col_0_0_, picture0_.url as col_1_0_, picture0_.spot_id as col_2_0_ from picture picture0_ inner join spot spot1_ on picture0_.spot_id=spot1_.spot_id where picture0_.spot_id=? limit ?
select picture0_.picture_id as col_0_0_, picture0_.url as col_1_0_, picture0_.spot_id as col_2_0_ from picture picture0_ inner join spot spot1_ on picture0_.spot_id=spot1_.spot_id where picture0_.spot_id=413 limit 3;
2022-10-10 13:48:04.511  INFO 3923 --- [    Test worker] p6spy                                    : #1665377284511 | took 0ms | statement | connection 23| url jdbc:h2:mem:6a3784ae-1aa6-4bbf-b617-4d4aeabcc2af
select picture0_.picture_id as col_0_0_, picture0_.url as col_1_0_, picture0_.spot_id as col_2_0_ from picture picture0_ inner join spot spot1_ on picture0_.spot_id=spot1_.spot_id where picture0_.spot_id=? limit ?
select picture0_.picture_id as col_0_0_, picture0_.url as col_1_0_, picture0_.spot_id as col_2_0_ from picture picture0_ inner join spot spot1_ on picture0_.spot_id=spot1_.spot_id where picture0_.spot_id=415 limit 3;
2022-10-10 13:48:04.512  INFO 3923 --- [    Test worker] p6spy                                    : #1665377284512 | took 0ms | statement | connection 23| url jdbc:h2:mem:6a3784ae-1aa6-4bbf-b617-4d4aeabcc2af
select picture0_.picture_id as col_0_0_, picture0_.url as col_1_0_, picture0_.spot_id as col_2_0_ from picture picture0_ inner join spot spot1_ on picture0_.spot_id=spot1_.spot_id where picture0_.spot_id=? limit ?
select picture0_.picture_id as col_0_0_, picture0_.url as col_1_0_, picture0_.spot_id as col_2_0_ from picture picture0_ inner join spot spot1_ on picture0_.spot_id=spot1_.spot_id where picture0_.spot_id=417 limit 3;
2022-10-10 13:48:04.512  INFO 3923 --- [    Test worker] p6spy                                    : #1665377284512 | took 0ms | statement | connection 23| url jdbc:h2:mem:6a3784ae-1aa6-4bbf-b617-4d4aeabcc2af
select picture0_.picture_id as col_0_0_, picture0_.url as col_1_0_, picture0_.spot_id as col_2_0_ from picture picture0_ inner join spot spot1_ on picture0_.spot_id=spot1_.spot_id where picture0_.spot_id=? limit ?
select picture0_.picture_id as col_0_0_, picture0_.url as col_1_0_, picture0_.spot_id as col_2_0_ from picture picture0_ inner join spot spot1_ on picture0_.spot_id=spot1_.spot_id where picture0_.spot_id=419 limit 3;
2022-10-10 13:48:04.512  INFO 3923 --- [    Test worker] p6spy                                    : #1665377284512 | took 0ms | statement | connection 23| url jdbc:h2:mem:6a3784ae-1aa6-4bbf-b617-4d4aeabcc2af
select picture0_.picture_id as col_0_0_, picture0_.url as col_1_0_, picture0_.spot_id as col_2_0_ from picture picture0_ inner join spot spot1_ on picture0_.spot_id=spot1_.spot_id where picture0_.spot_id=? limit ?
select picture0_.picture_id as col_0_0_, picture0_.url as col_1_0_, picture0_.spot_id as col_2_0_ from picture picture0_ inner join spot spot1_ on picture0_.spot_id=spot1_.spot_id where picture0_.spot_id=421 limit 3;
2022-10-10 13:48:04.513  INFO 3923 --- [    Test worker] p6spy                                    : #1665377284513 | took 0ms | statement | connection 23| url jdbc:h2:mem:6a3784ae-1aa6-4bbf-b617-4d4aeabcc2af
select picture0_.picture_id as col_0_0_, picture0_.url as col_1_0_, picture0_.spot_id as col_2_0_ from picture picture0_ inner join spot spot1_ on picture0_.spot_id=spot1_.spot_id where picture0_.spot_id=? limit ?
select picture0_.picture_id as col_0_0_, picture0_.url as col_1_0_, picture0_.spot_id as col_2_0_ from picture picture0_ inner join spot spot1_ on picture0_.spot_id=spot1_.spot_id where picture0_.spot_id=423 limit 3;
2022-10-10 13:48:04.513  INFO 3923 --- [    Test worker] p6spy                                    : #1665377284513 | took 0ms | statement | connection 23| url jdbc:h2:mem:6a3784ae-1aa6-4bbf-b617-4d4aeabcc2af
select picture0_.picture_id as col_0_0_, picture0_.url as col_1_0_, picture0_.spot_id as col_2_0_ from picture picture0_ inner join spot spot1_ on picture0_.spot_id=spot1_.spot_id where picture0_.spot_id=? limit ?
select picture0_.picture_id as col_0_0_, picture0_.url as col_1_0_, picture0_.spot_id as col_2_0_ from picture picture0_ inner join spot spot1_ on picture0_.spot_id=spot1_.spot_id where picture0_.spot_id=425 limit 3;
2022-10-10 13:48:04.513  INFO 3923 --- [    Test worker] p6spy                                    : #1665377284513 | took 0ms | statement | connection 23| url jdbc:h2:mem:6a3784ae-1aa6-4bbf-b617-4d4aeabcc2af
select picture0_.picture_id as col_0_0_, picture0_.url as col_1_0_, picture0_.spot_id as col_2_0_ from picture picture0_ inner join spot spot1_ on picture0_.spot_id=spot1_.spot_id where picture0_.spot_id=? limit ?
select picture0_.picture_id as col_0_0_, picture0_.url as col_1_0_, picture0_.spot_id as col_2_0_ from picture picture0_ inner join spot spot1_ on picture0_.spot_id=spot1_.spot_id where picture0_.spot_id=427 limit 3;
2022-10-10 13:48:04.513  INFO 3923 --- [    Test worker] p6spy                                    : #1665377284513 | took 0ms | statement | connection 23| url jdbc:h2:mem:6a3784ae-1aa6-4bbf-b617-4d4aeabcc2af
select picture0_.picture_id as col_0_0_, picture0_.url as col_1_0_, picture0_.spot_id as col_2_0_ from picture picture0_ inner join spot spot1_ on picture0_.spot_id=spot1_.spot_id where picture0_.spot_id=? limit ?
select picture0_.picture_id as col_0_0_, picture0_.url as col_1_0_, picture0_.spot_id as col_2_0_ from picture picture0_ inner join spot spot1_ on picture0_.spot_id=spot1_.spot_id where picture0_.spot_id=429 limit 3;
2022-10-10 13:48:04.514  INFO 3923 --- [    Test worker] p6spy                                    : #1665377284514 | took 0ms | statement | connection 23| url jdbc:h2:mem:6a3784ae-1aa6-4bbf-b617-4d4aeabcc2af
select picture0_.picture_id as col_0_0_, picture0_.url as col_1_0_, picture0_.spot_id as col_2_0_ from picture picture0_ inner join spot spot1_ on picture0_.spot_id=spot1_.spot_id where picture0_.spot_id=? limit ?
select picture0_.picture_id as col_0_0_, picture0_.url as col_1_0_, picture0_.spot_id as col_2_0_ from picture picture0_ inner join spot spot1_ on picture0_.spot_id=spot1_.spot_id where picture0_.spot_id=431 limit 3;
2022-10-10 13:48:04.514  INFO 3923 --- [    Test worker] p6spy                                    : #1665377284514 | took 0ms | statement | connection 23| url jdbc:h2:mem:6a3784ae-1aa6-4bbf-b617-4d4aeabcc2af
select picture0_.picture_id as col_0_0_, picture0_.url as col_1_0_, picture0_.spot_id as col_2_0_ from picture picture0_ inner join spot spot1_ on picture0_.spot_id=spot1_.spot_id where picture0_.spot_id=? limit ?
select picture0_.picture_id as col_0_0_, picture0_.url as col_1_0_, picture0_.spot_id as col_2_0_ from picture picture0_ inner join spot spot1_ on picture0_.spot_id=spot1_.spot_id where picture0_.spot_id=433 limit 3;
2022-10-10 13:48:04.514  INFO 3923 --- [    Test worker] p6spy                                    : #1665377284514 | took 0ms | statement | connection 23| url jdbc:h2:mem:6a3784ae-1aa6-4bbf-b617-4d4aeabcc2af
select picture0_.picture_id as col_0_0_, picture0_.url as col_1_0_, picture0_.spot_id as col_2_0_ from picture picture0_ inner join spot spot1_ on picture0_.spot_id=spot1_.spot_id where picture0_.spot_id=? limit ?
select picture0_.picture_id as col_0_0_, picture0_.url as col_1_0_, picture0_.spot_id as col_2_0_ from picture picture0_ inner join spot spot1_ on picture0_.spot_id=spot1_.spot_id where picture0_.spot_id=435 limit 3;
2022-10-10 13:48:04.515  INFO 3923 --- [    Test worker] p6spy                                    : #1665377284515 | took 0ms | statement | connection 23| url jdbc:h2:mem:6a3784ae-1aa6-4bbf-b617-4d4aeabcc2af
select picture0_.picture_id as col_0_0_, picture0_.url as col_1_0_, picture0_.spot_id as col_2_0_ from picture picture0_ inner join spot spot1_ on picture0_.spot_id=spot1_.spot_id where picture0_.spot_id=? limit ?
select picture0_.picture_id as col_0_0_, picture0_.url as col_1_0_, picture0_.spot_id as col_2_0_ from picture picture0_ inner join spot spot1_ on picture0_.spot_id=spot1_.spot_id where picture0_.spot_id=437 limit 3;
2022-10-10 13:48:04.515  INFO 3923 --- [    Test worker] p6spy                                    : #1665377284515 | took 0ms | statement | connection 23| url jdbc:h2:mem:6a3784ae-1aa6-4bbf-b617-4d4aeabcc2af
select picture0_.picture_id as col_0_0_, picture0_.url as col_1_0_, picture0_.spot_id as col_2_0_ from picture picture0_ inner join spot spot1_ on picture0_.spot_id=spot1_.spot_id where picture0_.spot_id=? limit ?
select picture0_.picture_id as col_0_0_, picture0_.url as col_1_0_, picture0_.spot_id as col_2_0_ from picture picture0_ inner join spot spot1_ on picture0_.spot_id=spot1_.spot_id where picture0_.spot_id=439 limit 3;
2022-10-10 13:48:04.515  INFO 3923 --- [    Test worker] p6spy                                    : #1665377284515 | took 0ms | statement | connection 23| url jdbc:h2:mem:6a3784ae-1aa6-4bbf-b617-4d4aeabcc2af
select picture0_.picture_id as col_0_0_, picture0_.url as col_1_0_, picture0_.spot_id as col_2_0_ from picture picture0_ inner join spot spot1_ on picture0_.spot_id=spot1_.spot_id where picture0_.spot_id=? limit ?
select picture0_.picture_id as col_0_0_, picture0_.url as col_1_0_, picture0_.spot_id as col_2_0_ from picture picture0_ inner join spot spot1_ on picture0_.spot_id=spot1_.spot_id where picture0_.spot_id=441 limit 3;
2022-10-10 13:48:04.516  INFO 3923 --- [    Test worker] p6spy                                    : #1665377284516 | took 0ms | statement | connection 23| url jdbc:h2:mem:6a3784ae-1aa6-4bbf-b617-4d4aeabcc2af
select picture0_.picture_id as col_0_0_, picture0_.url as col_1_0_, picture0_.spot_id as col_2_0_ from picture picture0_ inner join spot spot1_ on picture0_.spot_id=spot1_.spot_id where picture0_.spot_id=? limit ?
select picture0_.picture_id as col_0_0_, picture0_.url as col_1_0_, picture0_.spot_id as col_2_0_ from picture picture0_ inner join spot spot1_ on picture0_.spot_id=spot1_.spot_id where picture0_.spot_id=443 limit 3;
2022-10-10 13:48:04.516  INFO 3923 --- [    Test worker] p6spy                                    : #1665377284516 | took 0ms | statement | connection 23| url jdbc:h2:mem:6a3784ae-1aa6-4bbf-b617-4d4aeabcc2af
select picture0_.picture_id as col_0_0_, picture0_.url as col_1_0_, picture0_.spot_id as col_2_0_ from picture picture0_ inner join spot spot1_ on picture0_.spot_id=spot1_.spot_id where picture0_.spot_id=? limit ?
select picture0_.picture_id as col_0_0_, picture0_.url as col_1_0_, picture0_.spot_id as col_2_0_ from picture picture0_ inner join spot spot1_ on picture0_.spot_id=spot1_.spot_id where picture0_.spot_id=445 limit 3;
2022-10-10 13:48:04.516  INFO 3923 --- [    Test worker] p6spy                                    : #1665377284516 | took 0ms | statement | connection 23| url jdbc:h2:mem:6a3784ae-1aa6-4bbf-b617-4d4aeabcc2af
select picture0_.picture_id as col_0_0_, picture0_.url as col_1_0_, picture0_.spot_id as col_2_0_ from picture picture0_ inner join spot spot1_ on picture0_.spot_id=spot1_.spot_id where picture0_.spot_id=? limit ?
select picture0_.picture_id as col_0_0_, picture0_.url as col_1_0_, picture0_.spot_id as col_2_0_ from picture picture0_ inner join spot spot1_ on picture0_.spot_id=spot1_.spot_id where picture0_.spot_id=447 limit 3;
2022-10-10 13:48:04.517  INFO 3923 --- [    Test worker] p6spy                                    : #1665377284517 | took 0ms | statement | connection 23| url jdbc:h2:mem:6a3784ae-1aa6-4bbf-b617-4d4aeabcc2af
select picture0_.picture_id as col_0_0_, picture0_.url as col_1_0_, picture0_.spot_id as col_2_0_ from picture picture0_ inner join spot spot1_ on picture0_.spot_id=spot1_.spot_id where picture0_.spot_id=? limit ?
select picture0_.picture_id as col_0_0_, picture0_.url as col_1_0_, picture0_.spot_id as col_2_0_ from picture picture0_ inner join spot spot1_ on picture0_.spot_id=spot1_.spot_id where picture0_.spot_id=449 limit 3;
2022-10-10 13:48:04.517  INFO 3923 --- [    Test worker] p6spy                                    : #1665377284517 | took 0ms | statement | connection 23| url jdbc:h2:mem:6a3784ae-1aa6-4bbf-b617-4d4aeabcc2af
select picture0_.picture_id as col_0_0_, picture0_.url as col_1_0_, picture0_.spot_id as col_2_0_ from picture picture0_ inner join spot spot1_ on picture0_.spot_id=spot1_.spot_id where picture0_.spot_id=? limit ?
select picture0_.picture_id as col_0_0_, picture0_.url as col_1_0_, picture0_.spot_id as col_2_0_ from picture picture0_ inner join spot spot1_ on picture0_.spot_id=spot1_.spot_id where picture0_.spot_id=451 limit 3;
2022-10-10 13:48:04.517  INFO 3923 --- [    Test worker] p6spy                                    : #1665377284517 | took 0ms | statement | connection 23| url jdbc:h2:mem:6a3784ae-1aa6-4bbf-b617-4d4aeabcc2af
select picture0_.picture_id as col_0_0_, picture0_.url as col_1_0_, picture0_.spot_id as col_2_0_ from picture picture0_ inner join spot spot1_ on picture0_.spot_id=spot1_.spot_id where picture0_.spot_id=? limit ?
select picture0_.picture_id as col_0_0_, picture0_.url as col_1_0_, picture0_.spot_id as col_2_0_ from picture picture0_ inner join spot spot1_ on picture0_.spot_id=spot1_.spot_id where picture0_.spot_id=453 limit 3;
2022-10-10 13:48:04.517  INFO 3923 --- [    Test worker] p6spy                                    : #1665377284517 | took 0ms | statement | connection 23| url jdbc:h2:mem:6a3784ae-1aa6-4bbf-b617-4d4aeabcc2af
select picture0_.picture_id as col_0_0_, picture0_.url as col_1_0_, picture0_.spot_id as col_2_0_ from picture picture0_ inner join spot spot1_ on picture0_.spot_id=spot1_.spot_id where picture0_.spot_id=? limit ?
select picture0_.picture_id as col_0_0_, picture0_.url as col_1_0_, picture0_.spot_id as col_2_0_ from picture picture0_ inner join spot spot1_ on picture0_.spot_id=spot1_.spot_id where picture0_.spot_id=455 limit 3;
2022-10-10 13:48:04.518  INFO 3923 --- [    Test worker] p6spy                                    : #1665377284518 | took 0ms | statement | connection 23| url jdbc:h2:mem:6a3784ae-1aa6-4bbf-b617-4d4aeabcc2af
select picture0_.picture_id as col_0_0_, picture0_.url as col_1_0_, picture0_.spot_id as col_2_0_ from picture picture0_ inner join spot spot1_ on picture0_.spot_id=spot1_.spot_id where picture0_.spot_id=? limit ?
select picture0_.picture_id as col_0_0_, picture0_.url as col_1_0_, picture0_.spot_id as col_2_0_ from picture picture0_ inner join spot spot1_ on picture0_.spot_id=spot1_.spot_id where picture0_.spot_id=457 limit 3;
2022-10-10 13:48:04.519  INFO 3923 --- [    Test worker] p6spy                                    : #1665377284519 | took 0ms | statement | connection 23| url jdbc:h2:mem:6a3784ae-1aa6-4bbf-b617-4d4aeabcc2af
select picture0_.picture_id as col_0_0_, picture0_.url as col_1_0_, picture0_.spot_id as col_2_0_ from picture picture0_ inner join spot spot1_ on picture0_.spot_id=spot1_.spot_id where picture0_.spot_id=? limit ?
select picture0_.picture_id as col_0_0_, picture0_.url as col_1_0_, picture0_.spot_id as col_2_0_ from picture picture0_ inner join spot spot1_ on picture0_.spot_id=spot1_.spot_id where picture0_.spot_id=459 limit 3;
2022-10-10 13:48:04.519  INFO 3923 --- [    Test worker] p6spy                                    : #1665377284519 | took 0ms | statement | connection 23| url jdbc:h2:mem:6a3784ae-1aa6-4bbf-b617-4d4aeabcc2af
select picture0_.picture_id as col_0_0_, picture0_.url as col_1_0_, picture0_.spot_id as col_2_0_ from picture picture0_ inner join spot spot1_ on picture0_.spot_id=spot1_.spot_id where picture0_.spot_id=? limit ?
select picture0_.picture_id as col_0_0_, picture0_.url as col_1_0_, picture0_.spot_id as col_2_0_ from picture picture0_ inner join spot spot1_ on picture0_.spot_id=spot1_.spot_id where picture0_.spot_id=461 limit 3;
2022-10-10 13:48:04.519  INFO 3923 --- [    Test worker] p6spy                                    : #1665377284519 | took 0ms | statement | connection 23| url jdbc:h2:mem:6a3784ae-1aa6-4bbf-b617-4d4aeabcc2af
select picture0_.picture_id as col_0_0_, picture0_.url as col_1_0_, picture0_.spot_id as col_2_0_ from picture picture0_ inner join spot spot1_ on picture0_.spot_id=spot1_.spot_id where picture0_.spot_id=? limit ?
select picture0_.picture_id as col_0_0_, picture0_.url as col_1_0_, picture0_.spot_id as col_2_0_ from picture picture0_ inner join spot spot1_ on picture0_.spot_id=spot1_.spot_id where picture0_.spot_id=463 limit 3;
2022-10-10 13:48:04.520  INFO 3923 --- [    Test worker] p6spy                                    : #1665377284520 | took 0ms | statement | connection 23| url jdbc:h2:mem:6a3784ae-1aa6-4bbf-b617-4d4aeabcc2af
select picture0_.picture_id as col_0_0_, picture0_.url as col_1_0_, picture0_.spot_id as col_2_0_ from picture picture0_ inner join spot spot1_ on picture0_.spot_id=spot1_.spot_id where picture0_.spot_id=? limit ?
select picture0_.picture_id as col_0_0_, picture0_.url as col_1_0_, picture0_.spot_id as col_2_0_ from picture picture0_ inner join spot spot1_ on picture0_.spot_id=spot1_.spot_id where picture0_.spot_id=465 limit 3;
2022-10-10 13:48:04.520  INFO 3923 --- [    Test worker] p6spy                                    : #1665377284520 | took 0ms | statement | connection 23| url jdbc:h2:mem:6a3784ae-1aa6-4bbf-b617-4d4aeabcc2af
select picture0_.picture_id as col_0_0_, picture0_.url as col_1_0_, picture0_.spot_id as col_2_0_ from picture picture0_ inner join spot spot1_ on picture0_.spot_id=spot1_.spot_id where picture0_.spot_id=? limit ?
select picture0_.picture_id as col_0_0_, picture0_.url as col_1_0_, picture0_.spot_id as col_2_0_ from picture picture0_ inner join spot spot1_ on picture0_.spot_id=spot1_.spot_id where picture0_.spot_id=467 limit 3;
after2-before2 = 19
optimizationFavoriteListDtos.getContent() = [FavoriteListDto(favoriteId=37, favoriteName=1일차, pictureDetailDtoListBySpotId=[[PictureDetailDto(pictureId=1265, url=asdf1, spotId=369), PictureDetailDto(pictureId=1266, url=asdf1, spotId=369), PictureDetailDto(pictureId=1267, url=asdf1, spotId=369)], [PictureDetailDto(pictureId=1273, url=asdf1, spotId=371), PictureDetailDto(pictureId=1274, url=asdf1, spotId=371), PictureDetailDto(pictureId=1275, url=asdf1, spotId=371)], [PictureDetailDto(pictureId=1281, url=asdf1, spotId=373), PictureDetailDto(pictureId=1282, url=asdf1, spotId=373), PictureDetailDto(pictureId=1283, url=asdf1, spotId=373)], [PictureDetailDto(pictureId=1289, url=asdf1, spotId=375), PictureDetailDto(pictureId=1290, url=asdf1, spotId=375), PictureDetailDto(pictureId=1291, url=asdf1, spotId=375)], [PictureDetailDto(pictureId=1297, url=asdf1, spotId=377), PictureDetailDto(pictureId=1298, url=asdf1, spotId=377), PictureDetailDto(pictureId=1299, url=asdf1, spotId=377)], [PictureDetailDto(pictureId=1305, url=asdf1, spotId=379), PictureDetailDto(pictureId=1306, url=asdf1, spotId=379), PictureDetailDto(pictureId=1307, url=asdf1, spotId=379)], [PictureDetailDto(pictureId=1313, url=asdf1, spotId=381), PictureDetailDto(pictureId=1314, url=asdf1, spotId=381), PictureDetailDto(pictureId=1315, url=asdf1, spotId=381)], [PictureDetailDto(pictureId=1321, url=asdf1, spotId=383), PictureDetailDto(pictureId=1322, url=asdf1, spotId=383), PictureDetailDto(pictureId=1323, url=asdf1, spotId=383)], [PictureDetailDto(pictureId=1329, url=asdf1, spotId=385), PictureDetailDto(pictureId=1330, url=asdf1, spotId=385), PictureDetailDto(pictureId=1331, url=asdf1, spotId=385)], [PictureDetailDto(pictureId=1337, url=asdf1, spotId=387), PictureDetailDto(pictureId=1338, url=asdf1, spotId=387), PictureDetailDto(pictureId=1339, url=asdf1, spotId=387)], [PictureDetailDto(pictureId=1345, url=asdf1, spotId=389), PictureDetailDto(pictureId=1346, url=asdf1, spotId=389), PictureDetailDto(pictureId=1347, url=asdf1, spotId=389)], [PictureDetailDto(pictureId=1353, url=asdf1, spotId=391), PictureDetailDto(pictureId=1354, url=asdf1, spotId=391), PictureDetailDto(pictureId=1355, url=asdf1, spotId=391)], [PictureDetailDto(pictureId=1361, url=asdf1, spotId=393), PictureDetailDto(pictureId=1362, url=asdf1, spotId=393), PictureDetailDto(pictureId=1363, url=asdf1, spotId=393)], [PictureDetailDto(pictureId=1369, url=asdf1, spotId=395), PictureDetailDto(pictureId=1370, url=asdf1, spotId=395), PictureDetailDto(pictureId=1371, url=asdf1, spotId=395)], [PictureDetailDto(pictureId=1377, url=asdf1, spotId=397), PictureDetailDto(pictureId=1378, url=asdf1, spotId=397), PictureDetailDto(pictureId=1379, url=asdf1, spotId=397)], [PictureDetailDto(pictureId=1385, url=asdf1, spotId=399), PictureDetailDto(pictureId=1386, url=asdf1, spotId=399), PictureDetailDto(pictureId=1387, url=asdf1, spotId=399)], [PictureDetailDto(pictureId=1393, url=asdf1, spotId=401), PictureDetailDto(pictureId=1394, url=asdf1, spotId=401), PictureDetailDto(pictureId=1395, url=asdf1, spotId=401)], [PictureDetailDto(pictureId=1401, url=asdf1, spotId=403), PictureDetailDto(pictureId=1402, url=asdf1, spotId=403), PictureDetailDto(pictureId=1403, url=asdf1, spotId=403)], [PictureDetailDto(pictureId=1409, url=asdf1, spotId=405), PictureDetailDto(pictureId=1410, url=asdf1, spotId=405), PictureDetailDto(pictureId=1411, url=asdf1, spotId=405)], [PictureDetailDto(pictureId=1417, url=asdf1, spotId=407), PictureDetailDto(pictureId=1418, url=asdf1, spotId=407), PictureDetailDto(pictureId=1419, url=asdf1, spotId=407)], [PictureDetailDto(pictureId=1425, url=asdf1, spotId=409), PictureDetailDto(pictureId=1426, url=asdf1, spotId=409), PictureDetailDto(pictureId=1427, url=asdf1, spotId=409)], [PictureDetailDto(pictureId=1433, url=asdf1, spotId=411), PictureDetailDto(pictureId=1434, url=asdf1, spotId=411), PictureDetailDto(pictureId=1435, url=asdf1, spotId=411)], [PictureDetailDto(pictureId=1441, url=asdf1, spotId=413), PictureDetailDto(pictureId=1442, url=asdf1, spotId=413), PictureDetailDto(pictureId=1443, url=asdf1, spotId=413)], [PictureDetailDto(pictureId=1449, url=asdf1, spotId=415), PictureDetailDto(pictureId=1450, url=asdf1, spotId=415), PictureDetailDto(pictureId=1451, url=asdf1, spotId=415)], [PictureDetailDto(pictureId=1457, url=asdf1, spotId=417), PictureDetailDto(pictureId=1458, url=asdf1, spotId=417), PictureDetailDto(pictureId=1459, url=asdf1, spotId=417)], [PictureDetailDto(pictureId=1465, url=asdf1, spotId=419), PictureDetailDto(pictureId=1466, url=asdf1, spotId=419), PictureDetailDto(pictureId=1467, url=asdf1, spotId=419)], [PictureDetailDto(pictureId=1473, url=asdf1, spotId=421), PictureDetailDto(pictureId=1474, url=asdf1, spotId=421), PictureDetailDto(pictureId=1475, url=asdf1, spotId=421)], [PictureDetailDto(pictureId=1481, url=asdf1, spotId=423), PictureDetailDto(pictureId=1482, url=asdf1, spotId=423), PictureDetailDto(pictureId=1483, url=asdf1, spotId=423)], [PictureDetailDto(pictureId=1489, url=asdf1, spotId=425), PictureDetailDto(pictureId=1490, url=asdf1, spotId=425), PictureDetailDto(pictureId=1491, url=asdf1, spotId=425)], [PictureDetailDto(pictureId=1497, url=asdf1, spotId=427), PictureDetailDto(pictureId=1498, url=asdf1, spotId=427), PictureDetailDto(pictureId=1499, url=asdf1, spotId=427)], [PictureDetailDto(pictureId=1505, url=asdf1, spotId=429), PictureDetailDto(pictureId=1506, url=asdf1, spotId=429), PictureDetailDto(pictureId=1507, url=asdf1, spotId=429)], [PictureDetailDto(pictureId=1513, url=asdf1, spotId=431), PictureDetailDto(pictureId=1514, url=asdf1, spotId=431), PictureDetailDto(pictureId=1515, url=asdf1, spotId=431)], [PictureDetailDto(pictureId=1521, url=asdf1, spotId=433), PictureDetailDto(pictureId=1522, url=asdf1, spotId=433), PictureDetailDto(pictureId=1523, url=asdf1, spotId=433)], [PictureDetailDto(pictureId=1529, url=asdf1, spotId=435), PictureDetailDto(pictureId=1530, url=asdf1, spotId=435), PictureDetailDto(pictureId=1531, url=asdf1, spotId=435)], [PictureDetailDto(pictureId=1537, url=asdf1, spotId=437), PictureDetailDto(pictureId=1538, url=asdf1, spotId=437), PictureDetailDto(pictureId=1539, url=asdf1, spotId=437)], [PictureDetailDto(pictureId=1545, url=asdf1, spotId=439), PictureDetailDto(pictureId=1546, url=asdf1, spotId=439), PictureDetailDto(pictureId=1547, url=asdf1, spotId=439)], [PictureDetailDto(pictureId=1553, url=asdf1, spotId=441), PictureDetailDto(pictureId=1554, url=asdf1, spotId=441), PictureDetailDto(pictureId=1555, url=asdf1, spotId=441)], [PictureDetailDto(pictureId=1561, url=asdf1, spotId=443), PictureDetailDto(pictureId=1562, url=asdf1, spotId=443), PictureDetailDto(pictureId=1563, url=asdf1, spotId=443)], [PictureDetailDto(pictureId=1569, url=asdf1, spotId=445), PictureDetailDto(pictureId=1570, url=asdf1, spotId=445), PictureDetailDto(pictureId=1571, url=asdf1, spotId=445)], [PictureDetailDto(pictureId=1577, url=asdf1, spotId=447), PictureDetailDto(pictureId=1578, url=asdf1, spotId=447), PictureDetailDto(pictureId=1579, url=asdf1, spotId=447)], [PictureDetailDto(pictureId=1585, url=asdf1, spotId=449), PictureDetailDto(pictureId=1586, url=asdf1, spotId=449), PictureDetailDto(pictureId=1587, url=asdf1, spotId=449)], [PictureDetailDto(pictureId=1593, url=asdf1, spotId=451), PictureDetailDto(pictureId=1594, url=asdf1, spotId=451), PictureDetailDto(pictureId=1595, url=asdf1, spotId=451)], [PictureDetailDto(pictureId=1601, url=asdf1, spotId=453), PictureDetailDto(pictureId=1602, url=asdf1, spotId=453), PictureDetailDto(pictureId=1603, url=asdf1, spotId=453)], [PictureDetailDto(pictureId=1609, url=asdf1, spotId=455), PictureDetailDto(pictureId=1610, url=asdf1, spotId=455), PictureDetailDto(pictureId=1611, url=asdf1, spotId=455)], [PictureDetailDto(pictureId=1617, url=asdf1, spotId=457), PictureDetailDto(pictureId=1618, url=asdf1, spotId=457), PictureDetailDto(pictureId=1619, url=asdf1, spotId=457)], [PictureDetailDto(pictureId=1625, url=asdf1, spotId=459), PictureDetailDto(pictureId=1626, url=asdf1, spotId=459), PictureDetailDto(pictureId=1627, url=asdf1, spotId=459)], [PictureDetailDto(pictureId=1633, url=asdf1, spotId=461), PictureDetailDto(pictureId=1634, url=asdf1, spotId=461), PictureDetailDto(pictureId=1635, url=asdf1, spotId=461)], [PictureDetailDto(pictureId=1641, url=asdf1, spotId=463), PictureDetailDto(pictureId=1642, url=asdf1, spotId=463), PictureDetailDto(pictureId=1643, url=asdf1, spotId=463)], [PictureDetailDto(pictureId=1649, url=asdf1, spotId=465), PictureDetailDto(pictureId=1650, url=asdf1, spotId=465), PictureDetailDto(pictureId=1651, url=asdf1, spotId=465)], [PictureDetailDto(pictureId=1657, url=asdf1, spotId=467), PictureDetailDto(pictureId=1658, url=asdf1, spotId=467), PictureDetailDto(pictureId=1659, url=asdf1, spotId=467)]])]
2022-10-10 13:48:04.529  INFO 3923 --- [    Test worker] p6spy                                    : #1665377284529 | took 5ms | rollback | connection 23| url jdbc:h2:mem:6a3784ae-1aa6-4bbf-b617-4d4aeabcc2af

;
2022-10-10 13:48:04.529  INFO 3923 --- [    Test worker] o.s.t.c.transaction.TransactionContext   : Rolled back transaction for test: [DefaultTestContext@792484df testClass = FavoriteSpotQueryRepositoryTest, testInstance = capstone.jejuTourrecommend.repository.FavoriteSpotQueryRepositoryTest@57618fcd, testMethod = optimizationFavoriteListTest@FavoriteSpotQueryRepositoryTest, testException = [null], mergedContextConfiguration = [WebMergedContextConfiguration@2efe360c testClass = FavoriteSpotQueryRepositoryTest, locations = '{}', classes = '{class capstone.jejuTourrecommend.JejuTourRecommendApplication}', contextInitializerClasses = '[]', activeProfiles = '{}', propertySourceLocations = '{}', propertySourceProperties = '{org.springframework.boot.test.context.SpringBootTestContextBootstrapper=true}', contextCustomizers = set[org.springframework.boot.test.autoconfigure.actuate.metrics.MetricsExportContextCustomizerFactory$DisableMetricExportContextCustomizer@239b0f9d, org.springframework.boot.test.autoconfigure.properties.PropertyMappingContextCustomizer@0, org.springframework.boot.test.autoconfigure.web.servlet.WebDriverContextCustomizerFactory$Customizer@c260bdc, org.springframework.boot.test.context.filter.ExcludeFilterContextCustomizer@3f363cf5, org.springframework.boot.test.json.DuplicateJsonObjectContextCustomizerFactory$DuplicateJsonObjectContextCustomizer@1bb1fde8, org.springframework.boot.test.mock.mockito.MockitoContextCustomizer@0, org.springframework.boot.test.web.client.TestRestTemplateContextCustomizer@26a4842b, org.springframework.boot.test.context.SpringBootTestArgs@1, org.springframework.boot.test.context.SpringBootTestWebEnvironment@34b9f960], resourceBasePath = 'src/main/webapp', contextLoader = 'org.springframework.boot.test.context.SpringBootContextLoader', parent = [null]], attributes = map['org.springframework.test.context.web.ServletTestExecutionListener.activateListener' -> true, 'org.springframework.test.context.web.ServletTestExecutionListener.populatedRequestContextHolder' -> true, 'org.springframework.test.context.web.ServletTestExecutionListener.resetRequestContextHolder' -> true, 'org.springframework.test.context.event.ApplicationEventsTestExecutionListener.recordApplicationEvents' -> false]]
2022-10-10 13:48:04.531  INFO 3923 --- [    Test worker] o.s.t.c.transaction.TransactionContext   : Began transaction (1) for test context [DefaultTestContext@792484df testClass = FavoriteSpotQueryRepositoryTest, testInstance = capstone.jejuTourrecommend.repository.FavoriteSpotQueryRepositoryTest@7075359c, testMethod = exitSpotTest@FavoriteSpotQueryRepositoryTest, testException = [null], mergedContextConfiguration = [WebMergedContextConfiguration@2efe360c testClass = FavoriteSpotQueryRepositoryTest, locations = '{}', classes = '{class capstone.jejuTourrecommend.JejuTourRecommendApplication}', contextInitializerClasses = '[]', activeProfiles = '{}', propertySourceLocations = '{}', propertySourceProperties = '{org.springframework.boot.test.context.SpringBootTestContextBootstrapper=true}', contextCustomizers = set[org.springframework.boot.test.autoconfigure.actuate.metrics.MetricsExportContextCustomizerFactory$DisableMetricExportContextCustomizer@239b0f9d, org.springframework.boot.test.autoconfigure.properties.PropertyMappingContextCustomizer@0, org.springframework.boot.test.autoconfigure.web.servlet.WebDriverContextCustomizerFactory$Customizer@c260bdc, org.springframework.boot.test.context.filter.ExcludeFilterContextCustomizer@3f363cf5, org.springframework.boot.test.json.DuplicateJsonObjectContextCustomizerFactory$DuplicateJsonObjectContextCustomizer@1bb1fde8, org.springframework.boot.test.mock.mockito.MockitoContextCustomizer@0, org.springframework.boot.test.web.client.TestRestTemplateContextCustomizer@26a4842b, org.springframework.boot.test.context.SpringBootTestArgs@1, org.springframework.boot.test.context.SpringBootTestWebEnvironment@34b9f960], resourceBasePath = 'src/main/webapp', contextLoader = 'org.springframework.boot.test.context.SpringBootContextLoader', parent = [null]], attributes = map['org.springframework.test.context.web.ServletTestExecutionListener.activateListener' -> true, 'org.springframework.test.context.web.ServletTestExecutionListener.populatedRequestContextHolder' -> true, 'org.springframework.test.context.web.ServletTestExecutionListener.resetRequestContextHolder' -> true, 'org.springframework.test.context.event.ApplicationEventsTestExecutionListener.recordApplicationEvents' -> false]]; transaction manager [org.springframework.orm.jpa.JpaTransactionManager@5843ab8]; rollback [true]
2022-10-10 13:48:04.532  INFO 3923 --- [    Test worker] c.j.r.FavoriteSpotQueryRepositoryTest    : member1 =Member(id=16, username=member1, email=member1@gmail.com, password=1234)
2022-10-10 13:48:04.532  INFO 3923 --- [    Test worker] p6spy                                    : #1665377284532 | took 0ms | statement | connection 24| url jdbc:h2:mem:6a3784ae-1aa6-4bbf-b617-4d4aeabcc2af
call next value for hibernate_sequence
call next value for hibernate_sequence;
2022-10-10 13:48:04.532  INFO 3923 --- [    Test worker] p6spy                                    : #1665377284532 | took 0ms | statement | connection 24| url jdbc:h2:mem:6a3784ae-1aa6-4bbf-b617-4d4aeabcc2af
call next value for hibernate_sequence
call next value for hibernate_sequence;
2022-10-10 13:48:04.532  INFO 3923 --- [    Test worker] p6spy                                    : #1665377284532 | took 0ms | statement | connection 24| url jdbc:h2:mem:6a3784ae-1aa6-4bbf-b617-4d4aeabcc2af
call next value for hibernate_sequence
call next value for hibernate_sequence;
2022-10-10 13:48:04.532  INFO 3923 --- [    Test worker] p6spy                                    : #1665377284532 | took 0ms | statement | connection 24| url jdbc:h2:mem:6a3784ae-1aa6-4bbf-b617-4d4aeabcc2af
call next value for hibernate_sequence
call next value for hibernate_sequence;
2022-10-10 13:48:04.532  INFO 3923 --- [    Test worker] c.j.r.FavoriteSpotQueryRepositoryTest    : favoriteSpot = FavoriteSpot(id=371, count=0)
2022-10-10 13:48:04.532  INFO 3923 --- [    Test worker] c.j.r.FavoriteSpotQueryRepositoryTest    : Spot = capstone.jejuTourrecommend.domain.Spot@67eb1eff
2022-10-10 13:48:04.532  INFO 3923 --- [    Test worker] p6spy                                    : #1665377284532 | took 0ms | statement | connection 24| url jdbc:h2:mem:6a3784ae-1aa6-4bbf-b617-4d4aeabcc2af
call next value for hibernate_sequence
call next value for hibernate_sequence;
2022-10-10 13:48:04.532  INFO 3923 --- [    Test worker] p6spy                                    : #1665377284532 | took 0ms | statement | connection 24| url jdbc:h2:mem:6a3784ae-1aa6-4bbf-b617-4d4aeabcc2af
call next value for hibernate_sequence
call next value for hibernate_sequence;
2022-10-10 13:48:04.532  INFO 3923 --- [    Test worker] p6spy                                    : #1665377284532 | took 0ms | statement | connection 24| url jdbc:h2:mem:6a3784ae-1aa6-4bbf-b617-4d4aeabcc2af
call next value for hibernate_sequence
call next value for hibernate_sequence;
2022-10-10 13:48:04.532  INFO 3923 --- [    Test worker] p6spy                                    : #1665377284532 | took 0ms | statement | connection 24| url jdbc:h2:mem:6a3784ae-1aa6-4bbf-b617-4d4aeabcc2af
call next value for hibernate_sequence
call next value for hibernate_sequence;
2022-10-10 13:48:04.532  INFO 3923 --- [    Test worker] p6spy                                    : #1665377284532 | took 0ms | statement | connection 24| url jdbc:h2:mem:6a3784ae-1aa6-4bbf-b617-4d4aeabcc2af
call next value for hibernate_sequence
call next value for hibernate_sequence;
2022-10-10 13:48:04.532  INFO 3923 --- [    Test worker] p6spy                                    : #1665377284532 | took 0ms | statement | connection 24| url jdbc:h2:mem:6a3784ae-1aa6-4bbf-b617-4d4aeabcc2af
call next value for hibernate_sequence
call next value for hibernate_sequence;
2022-10-10 13:48:04.532  INFO 3923 --- [    Test worker] p6spy                                    : #1665377284532 | took 0ms | statement | connection 24| url jdbc:h2:mem:6a3784ae-1aa6-4bbf-b617-4d4aeabcc2af
call next value for hibernate_sequence
call next value for hibernate_sequence;
2022-10-10 13:48:04.532  INFO 3923 --- [    Test worker] p6spy                                    : #1665377284532 | took 0ms | statement | connection 24| url jdbc:h2:mem:6a3784ae-1aa6-4bbf-b617-4d4aeabcc2af
call next value for hibernate_sequence
call next value for hibernate_sequence;
2022-10-10 13:48:04.532  INFO 3923 --- [    Test worker] c.j.r.FavoriteSpotQueryRepositoryTest    : favoriteSpot = FavoriteSpot(id=372, count=0)
2022-10-10 13:48:04.532  INFO 3923 --- [    Test worker] c.j.r.FavoriteSpotQueryRepositoryTest    : Spot = capstone.jejuTourrecommend.domain.Spot@399a7130
2022-10-10 13:48:04.532  INFO 3923 --- [    Test worker] p6spy                                    : #1665377284532 | took 0ms | statement | connection 24| url jdbc:h2:mem:6a3784ae-1aa6-4bbf-b617-4d4aeabcc2af
call next value for hibernate_sequence
call next value for hibernate_sequence;
2022-10-10 13:48:04.532  INFO 3923 --- [    Test worker] p6spy                                    : #1665377284532 | took 0ms | statement | connection 24| url jdbc:h2:mem:6a3784ae-1aa6-4bbf-b617-4d4aeabcc2af
call next value for hibernate_sequence
call next value for hibernate_sequence;
2022-10-10 13:48:04.532  INFO 3923 --- [    Test worker] p6spy                                    : #1665377284532 | took 0ms | statement | connection 24| url jdbc:h2:mem:6a3784ae-1aa6-4bbf-b617-4d4aeabcc2af
call next value for hibernate_sequence
call next value for hibernate_sequence;
2022-10-10 13:48:04.532  INFO 3923 --- [    Test worker] p6spy                                    : #1665377284532 | took 0ms | statement | connection 24| url jdbc:h2:mem:6a3784ae-1aa6-4bbf-b617-4d4aeabcc2af
call next value for hibernate_sequence
call next value for hibernate_sequence;
2022-10-10 13:48:04.532  INFO 3923 --- [    Test worker] p6spy                                    : #1665377284532 | took 0ms | statement | connection 24| url jdbc:h2:mem:6a3784ae-1aa6-4bbf-b617-4d4aeabcc2af
call next value for hibernate_sequence
call next value for hibernate_sequence;
2022-10-10 13:48:04.532  INFO 3923 --- [    Test worker] p6spy                                    : #1665377284532 | took 0ms | statement | connection 24| url jdbc:h2:mem:6a3784ae-1aa6-4bbf-b617-4d4aeabcc2af
call next value for hibernate_sequence
call next value for hibernate_sequence;
2022-10-10 13:48:04.533  INFO 3923 --- [    Test worker] p6spy                                    : #1665377284533 | took 0ms | statement | connection 24| url jdbc:h2:mem:6a3784ae-1aa6-4bbf-b617-4d4aeabcc2af
call next value for hibernate_sequence
call next value for hibernate_sequence;
2022-10-10 13:48:04.533  INFO 3923 --- [    Test worker] p6spy                                    : #1665377284533 | took 0ms | statement | connection 24| url jdbc:h2:mem:6a3784ae-1aa6-4bbf-b617-4d4aeabcc2af
call next value for hibernate_sequence
call next value for hibernate_sequence;
2022-10-10 13:48:04.533  INFO 3923 --- [    Test worker] c.j.r.FavoriteSpotQueryRepositoryTest    : favoriteSpot = FavoriteSpot(id=373, count=0)
2022-10-10 13:48:04.533  INFO 3923 --- [    Test worker] c.j.r.FavoriteSpotQueryRepositoryTest    : Spot = capstone.jejuTourrecommend.domain.Spot@71e34120
2022-10-10 13:48:04.533  INFO 3923 --- [    Test worker] p6spy                                    : #1665377284533 | took 0ms | statement | connection 24| url jdbc:h2:mem:6a3784ae-1aa6-4bbf-b617-4d4aeabcc2af
call next value for hibernate_sequence
call next value for hibernate_sequence;
2022-10-10 13:48:04.533  INFO 3923 --- [    Test worker] p6spy                                    : #1665377284533 | took 0ms | statement | connection 24| url jdbc:h2:mem:6a3784ae-1aa6-4bbf-b617-4d4aeabcc2af
call next value for hibernate_sequence
call next value for hibernate_sequence;
2022-10-10 13:48:04.533  INFO 3923 --- [    Test worker] p6spy                                    : #1665377284533 | took 0ms | statement | connection 24| url jdbc:h2:mem:6a3784ae-1aa6-4bbf-b617-4d4aeabcc2af
call next value for hibernate_sequence
call next value for hibernate_sequence;
2022-10-10 13:48:04.533  INFO 3923 --- [    Test worker] p6spy                                    : #1665377284533 | took 0ms | statement | connection 24| url jdbc:h2:mem:6a3784ae-1aa6-4bbf-b617-4d4aeabcc2af
call next value for hibernate_sequence
call next value for hibernate_sequence;
2022-10-10 13:48:04.533  INFO 3923 --- [    Test worker] p6spy                                    : #1665377284533 | took 0ms | statement | connection 24| url jdbc:h2:mem:6a3784ae-1aa6-4bbf-b617-4d4aeabcc2af
call next value for hibernate_sequence
call next value for hibernate_sequence;
2022-10-10 13:48:04.533  INFO 3923 --- [    Test worker] p6spy                                    : #1665377284533 | took 0ms | statement | connection 24| url jdbc:h2:mem:6a3784ae-1aa6-4bbf-b617-4d4aeabcc2af
call next value for hibernate_sequence
call next value for hibernate_sequence;
2022-10-10 13:48:04.533  INFO 3923 --- [    Test worker] p6spy                                    : #1665377284533 | took 0ms | statement | connection 24| url jdbc:h2:mem:6a3784ae-1aa6-4bbf-b617-4d4aeabcc2af
call next value for hibernate_sequence
call next value for hibernate_sequence;
2022-10-10 13:48:04.533  INFO 3923 --- [    Test worker] p6spy                                    : #1665377284533 | took 0ms | statement | connection 24| url jdbc:h2:mem:6a3784ae-1aa6-4bbf-b617-4d4aeabcc2af
call next value for hibernate_sequence
call next value for hibernate_sequence;
2022-10-10 13:48:04.533  INFO 3923 --- [    Test worker] c.j.r.FavoriteSpotQueryRepositoryTest    : favoriteSpot = FavoriteSpot(id=374, count=0)
2022-10-10 13:48:04.533  INFO 3923 --- [    Test worker] c.j.r.FavoriteSpotQueryRepositoryTest    : Spot = capstone.jejuTourrecommend.domain.Spot@1e17cf45
2022-10-10 13:48:04.533  INFO 3923 --- [    Test worker] p6spy                                    : #1665377284533 | took 0ms | statement | connection 24| url jdbc:h2:mem:6a3784ae-1aa6-4bbf-b617-4d4aeabcc2af
call next value for hibernate_sequence
call next value for hibernate_sequence;
2022-10-10 13:48:04.533  INFO 3923 --- [    Test worker] p6spy                                    : #1665377284533 | took 0ms | statement | connection 24| url jdbc:h2:mem:6a3784ae-1aa6-4bbf-b617-4d4aeabcc2af
call next value for hibernate_sequence
call next value for hibernate_sequence;
2022-10-10 13:48:04.533  INFO 3923 --- [    Test worker] p6spy                                    : #1665377284533 | took 0ms | statement | connection 24| url jdbc:h2:mem:6a3784ae-1aa6-4bbf-b617-4d4aeabcc2af
call next value for hibernate_sequence
call next value for hibernate_sequence;
2022-10-10 13:48:04.533  INFO 3923 --- [    Test worker] p6spy                                    : #1665377284533 | took 0ms | statement | connection 24| url jdbc:h2:mem:6a3784ae-1aa6-4bbf-b617-4d4aeabcc2af
call next value for hibernate_sequence
call next value for hibernate_sequence;
2022-10-10 13:48:04.533  INFO 3923 --- [    Test worker] p6spy                                    : #1665377284533 | took 0ms | statement | connection 24| url jdbc:h2:mem:6a3784ae-1aa6-4bbf-b617-4d4aeabcc2af
call next value for hibernate_sequence
call next value for hibernate_sequence;
2022-10-10 13:48:04.533  INFO 3923 --- [    Test worker] p6spy                                    : #1665377284533 | took 0ms | statement | connection 24| url jdbc:h2:mem:6a3784ae-1aa6-4bbf-b617-4d4aeabcc2af
call next value for hibernate_sequence
call next value for hibernate_sequence;
2022-10-10 13:48:04.533  INFO 3923 --- [    Test worker] p6spy                                    : #1665377284533 | took 0ms | statement | connection 24| url jdbc:h2:mem:6a3784ae-1aa6-4bbf-b617-4d4aeabcc2af
call next value for hibernate_sequence
call next value for hibernate_sequence;
2022-10-10 13:48:04.533  INFO 3923 --- [    Test worker] p6spy                                    : #1665377284533 | took 0ms | statement | connection 24| url jdbc:h2:mem:6a3784ae-1aa6-4bbf-b617-4d4aeabcc2af
call next value for hibernate_sequence
call next value for hibernate_sequence;
2022-10-10 13:48:04.533  INFO 3923 --- [    Test worker] c.j.r.FavoriteSpotQueryRepositoryTest    : favoriteSpot = FavoriteSpot(id=375, count=0)
2022-10-10 13:48:04.533  INFO 3923 --- [    Test worker] c.j.r.FavoriteSpotQueryRepositoryTest    : Spot = capstone.jejuTourrecommend.domain.Spot@6968c139
2022-10-10 13:48:04.533  INFO 3923 --- [    Test worker] p6spy                                    : #1665377284533 | took 0ms | statement | connection 24| url jdbc:h2:mem:6a3784ae-1aa6-4bbf-b617-4d4aeabcc2af
call next value for hibernate_sequence
call next value for hibernate_sequence;
2022-10-10 13:48:04.533  INFO 3923 --- [    Test worker] p6spy                                    : #1665377284533 | took 0ms | statement | connection 24| url jdbc:h2:mem:6a3784ae-1aa6-4bbf-b617-4d4aeabcc2af
call next value for hibernate_sequence
call next value for hibernate_sequence;
2022-10-10 13:48:04.533  INFO 3923 --- [    Test worker] p6spy                                    : #1665377284533 | took 0ms | statement | connection 24| url jdbc:h2:mem:6a3784ae-1aa6-4bbf-b617-4d4aeabcc2af
call next value for hibernate_sequence
call next value for hibernate_sequence;
2022-10-10 13:48:04.533  INFO 3923 --- [    Test worker] p6spy                                    : #1665377284533 | took 0ms | statement | connection 24| url jdbc:h2:mem:6a3784ae-1aa6-4bbf-b617-4d4aeabcc2af
call next value for hibernate_sequence
call next value for hibernate_sequence;
2022-10-10 13:48:04.533  INFO 3923 --- [    Test worker] p6spy                                    : #1665377284533 | took 0ms | statement | connection 24| url jdbc:h2:mem:6a3784ae-1aa6-4bbf-b617-4d4aeabcc2af
call next value for hibernate_sequence
call next value for hibernate_sequence;
2022-10-10 13:48:04.534  INFO 3923 --- [    Test worker] p6spy                                    : #1665377284534 | took 0ms | statement | connection 24| url jdbc:h2:mem:6a3784ae-1aa6-4bbf-b617-4d4aeabcc2af
call next value for hibernate_sequence
call next value for hibernate_sequence;
2022-10-10 13:48:04.534  INFO 3923 --- [    Test worker] p6spy                                    : #1665377284534 | took 0ms | statement | connection 24| url jdbc:h2:mem:6a3784ae-1aa6-4bbf-b617-4d4aeabcc2af
call next value for hibernate_sequence
call next value for hibernate_sequence;
2022-10-10 13:48:04.534  INFO 3923 --- [    Test worker] p6spy                                    : #1665377284534 | took 0ms | statement | connection 24| url jdbc:h2:mem:6a3784ae-1aa6-4bbf-b617-4d4aeabcc2af
call next value for hibernate_sequence
call next value for hibernate_sequence;
2022-10-10 13:48:04.534  INFO 3923 --- [    Test worker] c.j.r.FavoriteSpotQueryRepositoryTest    : favoriteSpot = FavoriteSpot(id=376, count=0)
2022-10-10 13:48:04.534  INFO 3923 --- [    Test worker] c.j.r.FavoriteSpotQueryRepositoryTest    : Spot = capstone.jejuTourrecommend.domain.Spot@6f1f937
2022-10-10 13:48:04.534  INFO 3923 --- [    Test worker] p6spy                                    : #1665377284534 | took 0ms | statement | connection 24| url jdbc:h2:mem:6a3784ae-1aa6-4bbf-b617-4d4aeabcc2af
call next value for hibernate_sequence
call next value for hibernate_sequence;
2022-10-10 13:48:04.534  INFO 3923 --- [    Test worker] p6spy                                    : #1665377284534 | took 0ms | statement | connection 24| url jdbc:h2:mem:6a3784ae-1aa6-4bbf-b617-4d4aeabcc2af
call next value for hibernate_sequence
call next value for hibernate_sequence;
2022-10-10 13:48:04.534  INFO 3923 --- [    Test worker] p6spy                                    : #1665377284534 | took 0ms | statement | connection 24| url jdbc:h2:mem:6a3784ae-1aa6-4bbf-b617-4d4aeabcc2af
call next value for hibernate_sequence
call next value for hibernate_sequence;
2022-10-10 13:48:04.534  INFO 3923 --- [    Test worker] p6spy                                    : #1665377284534 | took 0ms | statement | connection 24| url jdbc:h2:mem:6a3784ae-1aa6-4bbf-b617-4d4aeabcc2af
call next value for hibernate_sequence
call next value for hibernate_sequence;
2022-10-10 13:48:04.534  INFO 3923 --- [    Test worker] p6spy                                    : #1665377284534 | took 0ms | statement | connection 24| url jdbc:h2:mem:6a3784ae-1aa6-4bbf-b617-4d4aeabcc2af
call next value for hibernate_sequence
call next value for hibernate_sequence;
2022-10-10 13:48:04.534  INFO 3923 --- [    Test worker] p6spy                                    : #1665377284534 | took 0ms | statement | connection 24| url jdbc:h2:mem:6a3784ae-1aa6-4bbf-b617-4d4aeabcc2af
call next value for hibernate_sequence
call next value for hibernate_sequence;
2022-10-10 13:48:04.534  INFO 3923 --- [    Test worker] p6spy                                    : #1665377284534 | took 0ms | statement | connection 24| url jdbc:h2:mem:6a3784ae-1aa6-4bbf-b617-4d4aeabcc2af
call next value for hibernate_sequence
call next value for hibernate_sequence;
2022-10-10 13:48:04.534  INFO 3923 --- [    Test worker] p6spy                                    : #1665377284534 | took 0ms | statement | connection 24| url jdbc:h2:mem:6a3784ae-1aa6-4bbf-b617-4d4aeabcc2af
call next value for hibernate_sequence
call next value for hibernate_sequence;
2022-10-10 13:48:04.534  INFO 3923 --- [    Test worker] c.j.r.FavoriteSpotQueryRepositoryTest    : favoriteSpot = FavoriteSpot(id=377, count=0)
2022-10-10 13:48:04.534  INFO 3923 --- [    Test worker] c.j.r.FavoriteSpotQueryRepositoryTest    : Spot = capstone.jejuTourrecommend.domain.Spot@56f4c2b1
2022-10-10 13:48:04.534  INFO 3923 --- [    Test worker] p6spy                                    : #1665377284534 | took 0ms | statement | connection 24| url jdbc:h2:mem:6a3784ae-1aa6-4bbf-b617-4d4aeabcc2af
call next value for hibernate_sequence
call next value for hibernate_sequence;
2022-10-10 13:48:04.534  INFO 3923 --- [    Test worker] p6spy                                    : #1665377284534 | took 0ms | statement | connection 24| url jdbc:h2:mem:6a3784ae-1aa6-4bbf-b617-4d4aeabcc2af
call next value for hibernate_sequence
call next value for hibernate_sequence;
2022-10-10 13:48:04.534  INFO 3923 --- [    Test worker] p6spy                                    : #1665377284534 | took 0ms | statement | connection 24| url jdbc:h2:mem:6a3784ae-1aa6-4bbf-b617-4d4aeabcc2af
call next value for hibernate_sequence
call next value for hibernate_sequence;
2022-10-10 13:48:04.534  INFO 3923 --- [    Test worker] p6spy                                    : #1665377284534 | took 0ms | statement | connection 24| url jdbc:h2:mem:6a3784ae-1aa6-4bbf-b617-4d4aeabcc2af
call next value for hibernate_sequence
call next value for hibernate_sequence;
2022-10-10 13:48:04.534  INFO 3923 --- [    Test worker] p6spy                                    : #1665377284534 | took 0ms | statement | connection 24| url jdbc:h2:mem:6a3784ae-1aa6-4bbf-b617-4d4aeabcc2af
call next value for hibernate_sequence
call next value for hibernate_sequence;
2022-10-10 13:48:04.534  INFO 3923 --- [    Test worker] p6spy                                    : #1665377284534 | took 0ms | statement | connection 24| url jdbc:h2:mem:6a3784ae-1aa6-4bbf-b617-4d4aeabcc2af
call next value for hibernate_sequence
call next value for hibernate_sequence;
2022-10-10 13:48:04.534  INFO 3923 --- [    Test worker] p6spy                                    : #1665377284534 | took 0ms | statement | connection 24| url jdbc:h2:mem:6a3784ae-1aa6-4bbf-b617-4d4aeabcc2af
call next value for hibernate_sequence
call next value for hibernate_sequence;
2022-10-10 13:48:04.535  INFO 3923 --- [    Test worker] p6spy                                    : #1665377284535 | took 0ms | statement | connection 24| url jdbc:h2:mem:6a3784ae-1aa6-4bbf-b617-4d4aeabcc2af
call next value for hibernate_sequence
call next value for hibernate_sequence;
2022-10-10 13:48:04.535  INFO 3923 --- [    Test worker] c.j.r.FavoriteSpotQueryRepositoryTest    : favoriteSpot = FavoriteSpot(id=378, count=0)
2022-10-10 13:48:04.535  INFO 3923 --- [    Test worker] c.j.r.FavoriteSpotQueryRepositoryTest    : Spot = capstone.jejuTourrecommend.domain.Spot@2a810a2d
2022-10-10 13:48:04.535  INFO 3923 --- [    Test worker] p6spy                                    : #1665377284535 | took 0ms | statement | connection 24| url jdbc:h2:mem:6a3784ae-1aa6-4bbf-b617-4d4aeabcc2af
call next value for hibernate_sequence
call next value for hibernate_sequence;
2022-10-10 13:48:04.535  INFO 3923 --- [    Test worker] p6spy                                    : #1665377284535 | took 0ms | statement | connection 24| url jdbc:h2:mem:6a3784ae-1aa6-4bbf-b617-4d4aeabcc2af
call next value for hibernate_sequence
call next value for hibernate_sequence;
2022-10-10 13:48:04.535  INFO 3923 --- [    Test worker] p6spy                                    : #1665377284535 | took 0ms | statement | connection 24| url jdbc:h2:mem:6a3784ae-1aa6-4bbf-b617-4d4aeabcc2af
call next value for hibernate_sequence
call next value for hibernate_sequence;
2022-10-10 13:48:04.535  INFO 3923 --- [    Test worker] p6spy                                    : #1665377284535 | took 0ms | statement | connection 24| url jdbc:h2:mem:6a3784ae-1aa6-4bbf-b617-4d4aeabcc2af
call next value for hibernate_sequence
call next value for hibernate_sequence;
2022-10-10 13:48:04.535  INFO 3923 --- [    Test worker] p6spy                                    : #1665377284535 | took 0ms | statement | connection 24| url jdbc:h2:mem:6a3784ae-1aa6-4bbf-b617-4d4aeabcc2af
call next value for hibernate_sequence
call next value for hibernate_sequence;
2022-10-10 13:48:04.535  INFO 3923 --- [    Test worker] p6spy                                    : #1665377284535 | took 0ms | statement | connection 24| url jdbc:h2:mem:6a3784ae-1aa6-4bbf-b617-4d4aeabcc2af
call next value for hibernate_sequence
call next value for hibernate_sequence;
2022-10-10 13:48:04.535  INFO 3923 --- [    Test worker] p6spy                                    : #1665377284535 | took 0ms | statement | connection 24| url jdbc:h2:mem:6a3784ae-1aa6-4bbf-b617-4d4aeabcc2af
call next value for hibernate_sequence
call next value for hibernate_sequence;
2022-10-10 13:48:04.535  INFO 3923 --- [    Test worker] p6spy                                    : #1665377284535 | took 0ms | statement | connection 24| url jdbc:h2:mem:6a3784ae-1aa6-4bbf-b617-4d4aeabcc2af
call next value for hibernate_sequence
call next value for hibernate_sequence;
2022-10-10 13:48:04.535  INFO 3923 --- [    Test worker] c.j.r.FavoriteSpotQueryRepositoryTest    : favoriteSpot = FavoriteSpot(id=379, count=0)
2022-10-10 13:48:04.535  INFO 3923 --- [    Test worker] c.j.r.FavoriteSpotQueryRepositoryTest    : Spot = capstone.jejuTourrecommend.domain.Spot@72641c5e
2022-10-10 13:48:04.535  INFO 3923 --- [    Test worker] p6spy                                    : #1665377284535 | took 0ms | statement | connection 24| url jdbc:h2:mem:6a3784ae-1aa6-4bbf-b617-4d4aeabcc2af
call next value for hibernate_sequence
call next value for hibernate_sequence;
2022-10-10 13:48:04.535  INFO 3923 --- [    Test worker] p6spy                                    : #1665377284535 | took 0ms | statement | connection 24| url jdbc:h2:mem:6a3784ae-1aa6-4bbf-b617-4d4aeabcc2af
call next value for hibernate_sequence
call next value for hibernate_sequence;
2022-10-10 13:48:04.535  INFO 3923 --- [    Test worker] p6spy                                    : #1665377284535 | took 0ms | statement | connection 24| url jdbc:h2:mem:6a3784ae-1aa6-4bbf-b617-4d4aeabcc2af
call next value for hibernate_sequence
call next value for hibernate_sequence;
2022-10-10 13:48:04.535  INFO 3923 --- [    Test worker] p6spy                                    : #1665377284535 | took 0ms | statement | connection 24| url jdbc:h2:mem:6a3784ae-1aa6-4bbf-b617-4d4aeabcc2af
call next value for hibernate_sequence
call next value for hibernate_sequence;
2022-10-10 13:48:04.535  INFO 3923 --- [    Test worker] p6spy                                    : #1665377284535 | took 0ms | statement | connection 24| url jdbc:h2:mem:6a3784ae-1aa6-4bbf-b617-4d4aeabcc2af
call next value for hibernate_sequence
call next value for hibernate_sequence;
2022-10-10 13:48:04.535  INFO 3923 --- [    Test worker] p6spy                                    : #1665377284535 | took 0ms | statement | connection 24| url jdbc:h2:mem:6a3784ae-1aa6-4bbf-b617-4d4aeabcc2af
call next value for hibernate_sequence
call next value for hibernate_sequence;
2022-10-10 13:48:04.535  INFO 3923 --- [    Test worker] p6spy                                    : #1665377284535 | took 0ms | statement | connection 24| url jdbc:h2:mem:6a3784ae-1aa6-4bbf-b617-4d4aeabcc2af
call next value for hibernate_sequence
call next value for hibernate_sequence;
2022-10-10 13:48:04.535  INFO 3923 --- [    Test worker] p6spy                                    : #1665377284535 | took 0ms | statement | connection 24| url jdbc:h2:mem:6a3784ae-1aa6-4bbf-b617-4d4aeabcc2af
call next value for hibernate_sequence
call next value for hibernate_sequence;
2022-10-10 13:48:04.535  INFO 3923 --- [    Test worker] c.j.r.FavoriteSpotQueryRepositoryTest    : favoriteSpot = FavoriteSpot(id=380, count=0)
2022-10-10 13:48:04.535  INFO 3923 --- [    Test worker] c.j.r.FavoriteSpotQueryRepositoryTest    : Spot = capstone.jejuTourrecommend.domain.Spot@6d5be7c3
2022-10-10 13:48:04.535  INFO 3923 --- [    Test worker] p6spy                                    : #1665377284535 | took 0ms | statement | connection 24| url jdbc:h2:mem:6a3784ae-1aa6-4bbf-b617-4d4aeabcc2af
call next value for hibernate_sequence
call next value for hibernate_sequence;
2022-10-10 13:48:04.535  INFO 3923 --- [    Test worker] p6spy                                    : #1665377284535 | took 0ms | statement | connection 24| url jdbc:h2:mem:6a3784ae-1aa6-4bbf-b617-4d4aeabcc2af
call next value for hibernate_sequence
call next value for hibernate_sequence;
2022-10-10 13:48:04.535  INFO 3923 --- [    Test worker] p6spy                                    : #1665377284535 | took 0ms | statement | connection 24| url jdbc:h2:mem:6a3784ae-1aa6-4bbf-b617-4d4aeabcc2af
call next value for hibernate_sequence
call next value for hibernate_sequence;
2022-10-10 13:48:04.535  INFO 3923 --- [    Test worker] p6spy                                    : #1665377284535 | took 0ms | statement | connection 24| url jdbc:h2:mem:6a3784ae-1aa6-4bbf-b617-4d4aeabcc2af
call next value for hibernate_sequence
call next value for hibernate_sequence;
2022-10-10 13:48:04.535  INFO 3923 --- [    Test worker] p6spy                                    : #1665377284535 | took 0ms | statement | connection 24| url jdbc:h2:mem:6a3784ae-1aa6-4bbf-b617-4d4aeabcc2af
call next value for hibernate_sequence
call next value for hibernate_sequence;
2022-10-10 13:48:04.535  INFO 3923 --- [    Test worker] p6spy                                    : #1665377284535 | took 0ms | statement | connection 24| url jdbc:h2:mem:6a3784ae-1aa6-4bbf-b617-4d4aeabcc2af
call next value for hibernate_sequence
call next value for hibernate_sequence;
2022-10-10 13:48:04.535  INFO 3923 --- [    Test worker] p6spy                                    : #1665377284535 | took 0ms | statement | connection 24| url jdbc:h2:mem:6a3784ae-1aa6-4bbf-b617-4d4aeabcc2af
call next value for hibernate_sequence
call next value for hibernate_sequence;
2022-10-10 13:48:04.535  INFO 3923 --- [    Test worker] p6spy                                    : #1665377284535 | took 0ms | statement | connection 24| url jdbc:h2:mem:6a3784ae-1aa6-4bbf-b617-4d4aeabcc2af
call next value for hibernate_sequence
call next value for hibernate_sequence;
2022-10-10 13:48:04.535  INFO 3923 --- [    Test worker] c.j.r.FavoriteSpotQueryRepositoryTest    : favoriteSpot = FavoriteSpot(id=381, count=0)
2022-10-10 13:48:04.536  INFO 3923 --- [    Test worker] c.j.r.FavoriteSpotQueryRepositoryTest    : Spot = capstone.jejuTourrecommend.domain.Spot@7eeef604
2022-10-10 13:48:04.536  INFO 3923 --- [    Test worker] p6spy                                    : #1665377284536 | took 0ms | statement | connection 24| url jdbc:h2:mem:6a3784ae-1aa6-4bbf-b617-4d4aeabcc2af
call next value for hibernate_sequence
call next value for hibernate_sequence;
2022-10-10 13:48:04.536  INFO 3923 --- [    Test worker] p6spy                                    : #1665377284536 | took 0ms | statement | connection 24| url jdbc:h2:mem:6a3784ae-1aa6-4bbf-b617-4d4aeabcc2af
call next value for hibernate_sequence
call next value for hibernate_sequence;
2022-10-10 13:48:04.536  INFO 3923 --- [    Test worker] p6spy                                    : #1665377284536 | took 0ms | statement | connection 24| url jdbc:h2:mem:6a3784ae-1aa6-4bbf-b617-4d4aeabcc2af
call next value for hibernate_sequence
call next value for hibernate_sequence;
2022-10-10 13:48:04.536  INFO 3923 --- [    Test worker] p6spy                                    : #1665377284536 | took 0ms | statement | connection 24| url jdbc:h2:mem:6a3784ae-1aa6-4bbf-b617-4d4aeabcc2af
call next value for hibernate_sequence
call next value for hibernate_sequence;
2022-10-10 13:48:04.536  INFO 3923 --- [    Test worker] p6spy                                    : #1665377284536 | took 0ms | statement | connection 24| url jdbc:h2:mem:6a3784ae-1aa6-4bbf-b617-4d4aeabcc2af
call next value for hibernate_sequence
call next value for hibernate_sequence;
2022-10-10 13:48:04.536  INFO 3923 --- [    Test worker] p6spy                                    : #1665377284536 | took 0ms | statement | connection 24| url jdbc:h2:mem:6a3784ae-1aa6-4bbf-b617-4d4aeabcc2af
call next value for hibernate_sequence
call next value for hibernate_sequence;
2022-10-10 13:48:04.536  INFO 3923 --- [    Test worker] p6spy                                    : #1665377284536 | took 0ms | statement | connection 24| url jdbc:h2:mem:6a3784ae-1aa6-4bbf-b617-4d4aeabcc2af
call next value for hibernate_sequence
call next value for hibernate_sequence;
2022-10-10 13:48:04.536  INFO 3923 --- [    Test worker] p6spy                                    : #1665377284536 | took 0ms | statement | connection 24| url jdbc:h2:mem:6a3784ae-1aa6-4bbf-b617-4d4aeabcc2af
call next value for hibernate_sequence
call next value for hibernate_sequence;
2022-10-10 13:48:04.536  INFO 3923 --- [    Test worker] c.j.r.FavoriteSpotQueryRepositoryTest    : favoriteSpot = FavoriteSpot(id=382, count=0)
2022-10-10 13:48:04.536  INFO 3923 --- [    Test worker] c.j.r.FavoriteSpotQueryRepositoryTest    : Spot = capstone.jejuTourrecommend.domain.Spot@203a51cf
2022-10-10 13:48:04.536  INFO 3923 --- [    Test worker] p6spy                                    : #1665377284536 | took 0ms | statement | connection 24| url jdbc:h2:mem:6a3784ae-1aa6-4bbf-b617-4d4aeabcc2af
call next value for hibernate_sequence
call next value for hibernate_sequence;
2022-10-10 13:48:04.536  INFO 3923 --- [    Test worker] p6spy                                    : #1665377284536 | took 0ms | statement | connection 24| url jdbc:h2:mem:6a3784ae-1aa6-4bbf-b617-4d4aeabcc2af
call next value for hibernate_sequence
call next value for hibernate_sequence;
2022-10-10 13:48:04.536  INFO 3923 --- [    Test worker] p6spy                                    : #1665377284536 | took 0ms | statement | connection 24| url jdbc:h2:mem:6a3784ae-1aa6-4bbf-b617-4d4aeabcc2af
call next value for hibernate_sequence
call next value for hibernate_sequence;
2022-10-10 13:48:04.536  INFO 3923 --- [    Test worker] p6spy                                    : #1665377284536 | took 0ms | statement | connection 24| url jdbc:h2:mem:6a3784ae-1aa6-4bbf-b617-4d4aeabcc2af
call next value for hibernate_sequence
call next value for hibernate_sequence;
2022-10-10 13:48:04.536  INFO 3923 --- [    Test worker] p6spy                                    : #1665377284536 | took 0ms | statement | connection 24| url jdbc:h2:mem:6a3784ae-1aa6-4bbf-b617-4d4aeabcc2af
call next value for hibernate_sequence
call next value for hibernate_sequence;
2022-10-10 13:48:04.536  INFO 3923 --- [    Test worker] p6spy                                    : #1665377284536 | took 0ms | statement | connection 24| url jdbc:h2:mem:6a3784ae-1aa6-4bbf-b617-4d4aeabcc2af
call next value for hibernate_sequence
call next value for hibernate_sequence;
2022-10-10 13:48:04.536  INFO 3923 --- [    Test worker] p6spy                                    : #1665377284536 | took 0ms | statement | connection 24| url jdbc:h2:mem:6a3784ae-1aa6-4bbf-b617-4d4aeabcc2af
call next value for hibernate_sequence
call next value for hibernate_sequence;
2022-10-10 13:48:04.536  INFO 3923 --- [    Test worker] p6spy                                    : #1665377284536 | took 0ms | statement | connection 24| url jdbc:h2:mem:6a3784ae-1aa6-4bbf-b617-4d4aeabcc2af
call next value for hibernate_sequence
call next value for hibernate_sequence;
2022-10-10 13:48:04.536  INFO 3923 --- [    Test worker] c.j.r.FavoriteSpotQueryRepositoryTest    : favoriteSpot = FavoriteSpot(id=383, count=0)
2022-10-10 13:48:04.536  INFO 3923 --- [    Test worker] c.j.r.FavoriteSpotQueryRepositoryTest    : Spot = capstone.jejuTourrecommend.domain.Spot@15d2dfb4
2022-10-10 13:48:04.536  INFO 3923 --- [    Test worker] p6spy                                    : #1665377284536 | took 0ms | statement | connection 24| url jdbc:h2:mem:6a3784ae-1aa6-4bbf-b617-4d4aeabcc2af
call next value for hibernate_sequence
call next value for hibernate_sequence;
2022-10-10 13:48:04.536  INFO 3923 --- [    Test worker] p6spy                                    : #1665377284536 | took 0ms | statement | connection 24| url jdbc:h2:mem:6a3784ae-1aa6-4bbf-b617-4d4aeabcc2af
call next value for hibernate_sequence
call next value for hibernate_sequence;
2022-10-10 13:48:04.536  INFO 3923 --- [    Test worker] p6spy                                    : #1665377284536 | took 0ms | statement | connection 24| url jdbc:h2:mem:6a3784ae-1aa6-4bbf-b617-4d4aeabcc2af
call next value for hibernate_sequence
call next value for hibernate_sequence;
2022-10-10 13:48:04.536  INFO 3923 --- [    Test worker] p6spy                                    : #1665377284536 | took 0ms | statement | connection 24| url jdbc:h2:mem:6a3784ae-1aa6-4bbf-b617-4d4aeabcc2af
call next value for hibernate_sequence
call next value for hibernate_sequence;
2022-10-10 13:48:04.536  INFO 3923 --- [    Test worker] p6spy                                    : #1665377284536 | took 0ms | statement | connection 24| url jdbc:h2:mem:6a3784ae-1aa6-4bbf-b617-4d4aeabcc2af
call next value for hibernate_sequence
call next value for hibernate_sequence;
2022-10-10 13:48:04.536  INFO 3923 --- [    Test worker] p6spy                                    : #1665377284536 | took 0ms | statement | connection 24| url jdbc:h2:mem:6a3784ae-1aa6-4bbf-b617-4d4aeabcc2af
call next value for hibernate_sequence
call next value for hibernate_sequence;
2022-10-10 13:48:04.536  INFO 3923 --- [    Test worker] p6spy                                    : #1665377284536 | took 0ms | statement | connection 24| url jdbc:h2:mem:6a3784ae-1aa6-4bbf-b617-4d4aeabcc2af
call next value for hibernate_sequence
call next value for hibernate_sequence;
2022-10-10 13:48:04.536  INFO 3923 --- [    Test worker] p6spy                                    : #1665377284536 | took 0ms | statement | connection 24| url jdbc:h2:mem:6a3784ae-1aa6-4bbf-b617-4d4aeabcc2af
call next value for hibernate_sequence
call next value for hibernate_sequence;
2022-10-10 13:48:04.536  INFO 3923 --- [    Test worker] c.j.r.FavoriteSpotQueryRepositoryTest    : favoriteSpot = FavoriteSpot(id=384, count=0)
2022-10-10 13:48:04.536  INFO 3923 --- [    Test worker] c.j.r.FavoriteSpotQueryRepositoryTest    : Spot = capstone.jejuTourrecommend.domain.Spot@5d8b2c9c
2022-10-10 13:48:04.536  INFO 3923 --- [    Test worker] p6spy                                    : #1665377284536 | took 0ms | statement | connection 24| url jdbc:h2:mem:6a3784ae-1aa6-4bbf-b617-4d4aeabcc2af
call next value for hibernate_sequence
call next value for hibernate_sequence;
2022-10-10 13:48:04.536  INFO 3923 --- [    Test worker] p6spy                                    : #1665377284536 | took 0ms | statement | connection 24| url jdbc:h2:mem:6a3784ae-1aa6-4bbf-b617-4d4aeabcc2af
call next value for hibernate_sequence
call next value for hibernate_sequence;
2022-10-10 13:48:04.536  INFO 3923 --- [    Test worker] p6spy                                    : #1665377284536 | took 0ms | statement | connection 24| url jdbc:h2:mem:6a3784ae-1aa6-4bbf-b617-4d4aeabcc2af
call next value for hibernate_sequence
call next value for hibernate_sequence;
2022-10-10 13:48:04.536  INFO 3923 --- [    Test worker] p6spy                                    : #1665377284536 | took 0ms | statement | connection 24| url jdbc:h2:mem:6a3784ae-1aa6-4bbf-b617-4d4aeabcc2af
call next value for hibernate_sequence
call next value for hibernate_sequence;
2022-10-10 13:48:04.537  INFO 3923 --- [    Test worker] p6spy                                    : #1665377284537 | took 0ms | statement | connection 24| url jdbc:h2:mem:6a3784ae-1aa6-4bbf-b617-4d4aeabcc2af
call next value for hibernate_sequence
call next value for hibernate_sequence;
2022-10-10 13:48:04.537  INFO 3923 --- [    Test worker] p6spy                                    : #1665377284537 | took 0ms | statement | connection 24| url jdbc:h2:mem:6a3784ae-1aa6-4bbf-b617-4d4aeabcc2af
call next value for hibernate_sequence
call next value for hibernate_sequence;
2022-10-10 13:48:04.537  INFO 3923 --- [    Test worker] p6spy                                    : #1665377284537 | took 0ms | statement | connection 24| url jdbc:h2:mem:6a3784ae-1aa6-4bbf-b617-4d4aeabcc2af
call next value for hibernate_sequence
call next value for hibernate_sequence;
2022-10-10 13:48:04.537  INFO 3923 --- [    Test worker] p6spy                                    : #1665377284537 | took 0ms | statement | connection 24| url jdbc:h2:mem:6a3784ae-1aa6-4bbf-b617-4d4aeabcc2af
call next value for hibernate_sequence
call next value for hibernate_sequence;
2022-10-10 13:48:04.537  INFO 3923 --- [    Test worker] c.j.r.FavoriteSpotQueryRepositoryTest    : favoriteSpot = FavoriteSpot(id=385, count=0)
2022-10-10 13:48:04.537  INFO 3923 --- [    Test worker] c.j.r.FavoriteSpotQueryRepositoryTest    : Spot = capstone.jejuTourrecommend.domain.Spot@66db5a9a
2022-10-10 13:48:04.537  INFO 3923 --- [    Test worker] p6spy                                    : #1665377284537 | took 0ms | statement | connection 24| url jdbc:h2:mem:6a3784ae-1aa6-4bbf-b617-4d4aeabcc2af
call next value for hibernate_sequence
call next value for hibernate_sequence;
2022-10-10 13:48:04.537  INFO 3923 --- [    Test worker] p6spy                                    : #1665377284537 | took 0ms | statement | connection 24| url jdbc:h2:mem:6a3784ae-1aa6-4bbf-b617-4d4aeabcc2af
call next value for hibernate_sequence
call next value for hibernate_sequence;
2022-10-10 13:48:04.537  INFO 3923 --- [    Test worker] p6spy                                    : #1665377284537 | took 0ms | statement | connection 24| url jdbc:h2:mem:6a3784ae-1aa6-4bbf-b617-4d4aeabcc2af
call next value for hibernate_sequence
call next value for hibernate_sequence;
2022-10-10 13:48:04.537  INFO 3923 --- [    Test worker] p6spy                                    : #1665377284537 | took 0ms | statement | connection 24| url jdbc:h2:mem:6a3784ae-1aa6-4bbf-b617-4d4aeabcc2af
call next value for hibernate_sequence
call next value for hibernate_sequence;
2022-10-10 13:48:04.537  INFO 3923 --- [    Test worker] p6spy                                    : #1665377284537 | took 0ms | statement | connection 24| url jdbc:h2:mem:6a3784ae-1aa6-4bbf-b617-4d4aeabcc2af
call next value for hibernate_sequence
call next value for hibernate_sequence;
2022-10-10 13:48:04.537  INFO 3923 --- [    Test worker] p6spy                                    : #1665377284537 | took 0ms | statement | connection 24| url jdbc:h2:mem:6a3784ae-1aa6-4bbf-b617-4d4aeabcc2af
call next value for hibernate_sequence
call next value for hibernate_sequence;
2022-10-10 13:48:04.537  INFO 3923 --- [    Test worker] p6spy                                    : #1665377284537 | took 0ms | statement | connection 24| url jdbc:h2:mem:6a3784ae-1aa6-4bbf-b617-4d4aeabcc2af
call next value for hibernate_sequence
call next value for hibernate_sequence;
2022-10-10 13:48:04.537  INFO 3923 --- [    Test worker] p6spy                                    : #1665377284537 | took 0ms | statement | connection 24| url jdbc:h2:mem:6a3784ae-1aa6-4bbf-b617-4d4aeabcc2af
call next value for hibernate_sequence
call next value for hibernate_sequence;
2022-10-10 13:48:04.537  INFO 3923 --- [    Test worker] c.j.r.FavoriteSpotQueryRepositoryTest    : favoriteSpot = FavoriteSpot(id=386, count=0)
2022-10-10 13:48:04.537  INFO 3923 --- [    Test worker] c.j.r.FavoriteSpotQueryRepositoryTest    : Spot = capstone.jejuTourrecommend.domain.Spot@4334b9fd
2022-10-10 13:48:04.537  INFO 3923 --- [    Test worker] p6spy                                    : #1665377284537 | took 0ms | statement | connection 24| url jdbc:h2:mem:6a3784ae-1aa6-4bbf-b617-4d4aeabcc2af
call next value for hibernate_sequence
call next value for hibernate_sequence;
2022-10-10 13:48:04.537  INFO 3923 --- [    Test worker] p6spy                                    : #1665377284537 | took 0ms | statement | connection 24| url jdbc:h2:mem:6a3784ae-1aa6-4bbf-b617-4d4aeabcc2af
call next value for hibernate_sequence
call next value for hibernate_sequence;
2022-10-10 13:48:04.537  INFO 3923 --- [    Test worker] p6spy                                    : #1665377284537 | took 0ms | statement | connection 24| url jdbc:h2:mem:6a3784ae-1aa6-4bbf-b617-4d4aeabcc2af
call next value for hibernate_sequence
call next value for hibernate_sequence;
2022-10-10 13:48:04.537  INFO 3923 --- [    Test worker] p6spy                                    : #1665377284537 | took 0ms | statement | connection 24| url jdbc:h2:mem:6a3784ae-1aa6-4bbf-b617-4d4aeabcc2af
call next value for hibernate_sequence
call next value for hibernate_sequence;
2022-10-10 13:48:04.537  INFO 3923 --- [    Test worker] p6spy                                    : #1665377284537 | took 0ms | statement | connection 24| url jdbc:h2:mem:6a3784ae-1aa6-4bbf-b617-4d4aeabcc2af
call next value for hibernate_sequence
call next value for hibernate_sequence;
2022-10-10 13:48:04.537  INFO 3923 --- [    Test worker] p6spy                                    : #1665377284537 | took 0ms | statement | connection 24| url jdbc:h2:mem:6a3784ae-1aa6-4bbf-b617-4d4aeabcc2af
call next value for hibernate_sequence
call next value for hibernate_sequence;
2022-10-10 13:48:04.537  INFO 3923 --- [    Test worker] p6spy                                    : #1665377284537 | took 0ms | statement | connection 24| url jdbc:h2:mem:6a3784ae-1aa6-4bbf-b617-4d4aeabcc2af
call next value for hibernate_sequence
call next value for hibernate_sequence;
2022-10-10 13:48:04.537  INFO 3923 --- [    Test worker] p6spy                                    : #1665377284537 | took 0ms | statement | connection 24| url jdbc:h2:mem:6a3784ae-1aa6-4bbf-b617-4d4aeabcc2af
call next value for hibernate_sequence
call next value for hibernate_sequence;
2022-10-10 13:48:04.537  INFO 3923 --- [    Test worker] c.j.r.FavoriteSpotQueryRepositoryTest    : favoriteSpot = FavoriteSpot(id=387, count=0)
2022-10-10 13:48:04.537  INFO 3923 --- [    Test worker] c.j.r.FavoriteSpotQueryRepositoryTest    : Spot = capstone.jejuTourrecommend.domain.Spot@283187ff
2022-10-10 13:48:04.537  INFO 3923 --- [    Test worker] p6spy                                    : #1665377284537 | took 0ms | statement | connection 24| url jdbc:h2:mem:6a3784ae-1aa6-4bbf-b617-4d4aeabcc2af
call next value for hibernate_sequence
call next value for hibernate_sequence;
2022-10-10 13:48:04.537  INFO 3923 --- [    Test worker] p6spy                                    : #1665377284537 | took 0ms | statement | connection 24| url jdbc:h2:mem:6a3784ae-1aa6-4bbf-b617-4d4aeabcc2af
call next value for hibernate_sequence
call next value for hibernate_sequence;
2022-10-10 13:48:04.537  INFO 3923 --- [    Test worker] p6spy                                    : #1665377284537 | took 0ms | statement | connection 24| url jdbc:h2:mem:6a3784ae-1aa6-4bbf-b617-4d4aeabcc2af
call next value for hibernate_sequence
call next value for hibernate_sequence;
2022-10-10 13:48:04.537  INFO 3923 --- [    Test worker] p6spy                                    : #1665377284537 | took 0ms | statement | connection 24| url jdbc:h2:mem:6a3784ae-1aa6-4bbf-b617-4d4aeabcc2af
call next value for spot_seq
call next value for spot_seq;
2022-10-10 13:48:04.537  INFO 3923 --- [    Test worker] p6spy                                    : #1665377284537 | took 0ms | statement | connection 24| url jdbc:h2:mem:6a3784ae-1aa6-4bbf-b617-4d4aeabcc2af
call next value for hibernate_sequence
call next value for hibernate_sequence;
2022-10-10 13:48:04.537  INFO 3923 --- [    Test worker] p6spy                                    : #1665377284537 | took 0ms | statement | connection 24| url jdbc:h2:mem:6a3784ae-1aa6-4bbf-b617-4d4aeabcc2af
call next value for hibernate_sequence
call next value for hibernate_sequence;
2022-10-10 13:48:04.537  INFO 3923 --- [    Test worker] p6spy                                    : #1665377284537 | took 0ms | statement | connection 24| url jdbc:h2:mem:6a3784ae-1aa6-4bbf-b617-4d4aeabcc2af
call next value for hibernate_sequence
call next value for hibernate_sequence;
2022-10-10 13:48:04.537  INFO 3923 --- [    Test worker] p6spy                                    : #1665377284537 | took 0ms | statement | connection 24| url jdbc:h2:mem:6a3784ae-1aa6-4bbf-b617-4d4aeabcc2af
call next value for hibernate_sequence
call next value for hibernate_sequence;
2022-10-10 13:48:04.537  INFO 3923 --- [    Test worker] p6spy                                    : #1665377284537 | took 0ms | statement | connection 24| url jdbc:h2:mem:6a3784ae-1aa6-4bbf-b617-4d4aeabcc2af
call next value for hibernate_sequence
call next value for hibernate_sequence;
2022-10-10 13:48:04.537  INFO 3923 --- [    Test worker] c.j.r.FavoriteSpotQueryRepositoryTest    : favoriteSpot = FavoriteSpot(id=388, count=0)
2022-10-10 13:48:04.537  INFO 3923 --- [    Test worker] c.j.r.FavoriteSpotQueryRepositoryTest    : Spot = capstone.jejuTourrecommend.domain.Spot@2de4aefc
2022-10-10 13:48:04.537  INFO 3923 --- [    Test worker] p6spy                                    : #1665377284537 | took 0ms | statement | connection 24| url jdbc:h2:mem:6a3784ae-1aa6-4bbf-b617-4d4aeabcc2af
call next value for hibernate_sequence
call next value for hibernate_sequence;
2022-10-10 13:48:04.537  INFO 3923 --- [    Test worker] p6spy                                    : #1665377284537 | took 0ms | statement | connection 24| url jdbc:h2:mem:6a3784ae-1aa6-4bbf-b617-4d4aeabcc2af
call next value for hibernate_sequence
call next value for hibernate_sequence;
2022-10-10 13:48:04.537  INFO 3923 --- [    Test worker] p6spy                                    : #1665377284537 | took 0ms | statement | connection 24| url jdbc:h2:mem:6a3784ae-1aa6-4bbf-b617-4d4aeabcc2af
call next value for hibernate_sequence
call next value for hibernate_sequence;
2022-10-10 13:48:04.537  INFO 3923 --- [    Test worker] p6spy                                    : #1665377284537 | took 0ms | statement | connection 24| url jdbc:h2:mem:6a3784ae-1aa6-4bbf-b617-4d4aeabcc2af
call next value for hibernate_sequence
call next value for hibernate_sequence;
2022-10-10 13:48:04.537  INFO 3923 --- [    Test worker] p6spy                                    : #1665377284537 | took 0ms | statement | connection 24| url jdbc:h2:mem:6a3784ae-1aa6-4bbf-b617-4d4aeabcc2af
call next value for hibernate_sequence
call next value for hibernate_sequence;
2022-10-10 13:48:04.537  INFO 3923 --- [    Test worker] p6spy                                    : #1665377284537 | took 0ms | statement | connection 24| url jdbc:h2:mem:6a3784ae-1aa6-4bbf-b617-4d4aeabcc2af
call next value for hibernate_sequence
call next value for hibernate_sequence;
2022-10-10 13:48:04.537  INFO 3923 --- [    Test worker] p6spy                                    : #1665377284537 | took 0ms | statement | connection 24| url jdbc:h2:mem:6a3784ae-1aa6-4bbf-b617-4d4aeabcc2af
call next value for hibernate_sequence
call next value for hibernate_sequence;
2022-10-10 13:48:04.538  INFO 3923 --- [    Test worker] p6spy                                    : #1665377284538 | took 0ms | statement | connection 24| url jdbc:h2:mem:6a3784ae-1aa6-4bbf-b617-4d4aeabcc2af
call next value for hibernate_sequence
call next value for hibernate_sequence;
2022-10-10 13:48:04.538  INFO 3923 --- [    Test worker] c.j.r.FavoriteSpotQueryRepositoryTest    : favoriteSpot = FavoriteSpot(id=389, count=0)
2022-10-10 13:48:04.538  INFO 3923 --- [    Test worker] c.j.r.FavoriteSpotQueryRepositoryTest    : Spot = capstone.jejuTourrecommend.domain.Spot@7396cf29
2022-10-10 13:48:04.538  INFO 3923 --- [    Test worker] p6spy                                    : #1665377284538 | took 0ms | statement | connection 24| url jdbc:h2:mem:6a3784ae-1aa6-4bbf-b617-4d4aeabcc2af
call next value for hibernate_sequence
call next value for hibernate_sequence;
2022-10-10 13:48:04.538  INFO 3923 --- [    Test worker] p6spy                                    : #1665377284538 | took 0ms | statement | connection 24| url jdbc:h2:mem:6a3784ae-1aa6-4bbf-b617-4d4aeabcc2af
call next value for hibernate_sequence
call next value for hibernate_sequence;
2022-10-10 13:48:04.538  INFO 3923 --- [    Test worker] p6spy                                    : #1665377284538 | took 0ms | statement | connection 24| url jdbc:h2:mem:6a3784ae-1aa6-4bbf-b617-4d4aeabcc2af
call next value for hibernate_sequence
call next value for hibernate_sequence;
2022-10-10 13:48:04.538  INFO 3923 --- [    Test worker] p6spy                                    : #1665377284538 | took 0ms | statement | connection 24| url jdbc:h2:mem:6a3784ae-1aa6-4bbf-b617-4d4aeabcc2af
call next value for hibernate_sequence
call next value for hibernate_sequence;
2022-10-10 13:48:04.538  INFO 3923 --- [    Test worker] p6spy                                    : #1665377284538 | took 0ms | statement | connection 24| url jdbc:h2:mem:6a3784ae-1aa6-4bbf-b617-4d4aeabcc2af
call next value for hibernate_sequence
call next value for hibernate_sequence;
2022-10-10 13:48:04.538  INFO 3923 --- [    Test worker] p6spy                                    : #1665377284538 | took 0ms | statement | connection 24| url jdbc:h2:mem:6a3784ae-1aa6-4bbf-b617-4d4aeabcc2af
call next value for hibernate_sequence
call next value for hibernate_sequence;
2022-10-10 13:48:04.538  INFO 3923 --- [    Test worker] p6spy                                    : #1665377284538 | took 0ms | statement | connection 24| url jdbc:h2:mem:6a3784ae-1aa6-4bbf-b617-4d4aeabcc2af
call next value for hibernate_sequence
call next value for hibernate_sequence;
2022-10-10 13:48:04.538  INFO 3923 --- [    Test worker] p6spy                                    : #1665377284538 | took 0ms | statement | connection 24| url jdbc:h2:mem:6a3784ae-1aa6-4bbf-b617-4d4aeabcc2af
call next value for hibernate_sequence
call next value for hibernate_sequence;
2022-10-10 13:48:04.538  INFO 3923 --- [    Test worker] c.j.r.FavoriteSpotQueryRepositoryTest    : favoriteSpot = FavoriteSpot(id=390, count=0)
2022-10-10 13:48:04.538  INFO 3923 --- [    Test worker] c.j.r.FavoriteSpotQueryRepositoryTest    : Spot = capstone.jejuTourrecommend.domain.Spot@79774c1d
2022-10-10 13:48:04.538  INFO 3923 --- [    Test worker] p6spy                                    : #1665377284538 | took 0ms | statement | connection 24| url jdbc:h2:mem:6a3784ae-1aa6-4bbf-b617-4d4aeabcc2af
call next value for hibernate_sequence
call next value for hibernate_sequence;
2022-10-10 13:48:04.538  INFO 3923 --- [    Test worker] p6spy                                    : #1665377284538 | took 0ms | statement | connection 24| url jdbc:h2:mem:6a3784ae-1aa6-4bbf-b617-4d4aeabcc2af
call next value for hibernate_sequence
call next value for hibernate_sequence;
2022-10-10 13:48:04.538  INFO 3923 --- [    Test worker] p6spy                                    : #1665377284538 | took 0ms | statement | connection 24| url jdbc:h2:mem:6a3784ae-1aa6-4bbf-b617-4d4aeabcc2af
call next value for hibernate_sequence
call next value for hibernate_sequence;
2022-10-10 13:48:04.538  INFO 3923 --- [    Test worker] p6spy                                    : #1665377284538 | took 0ms | statement | connection 24| url jdbc:h2:mem:6a3784ae-1aa6-4bbf-b617-4d4aeabcc2af
call next value for hibernate_sequence
call next value for hibernate_sequence;
2022-10-10 13:48:04.538  INFO 3923 --- [    Test worker] p6spy                                    : #1665377284538 | took 0ms | statement | connection 24| url jdbc:h2:mem:6a3784ae-1aa6-4bbf-b617-4d4aeabcc2af
call next value for hibernate_sequence
call next value for hibernate_sequence;
2022-10-10 13:48:04.538  INFO 3923 --- [    Test worker] p6spy                                    : #1665377284538 | took 0ms | statement | connection 24| url jdbc:h2:mem:6a3784ae-1aa6-4bbf-b617-4d4aeabcc2af
call next value for hibernate_sequence
call next value for hibernate_sequence;
2022-10-10 13:48:04.538  INFO 3923 --- [    Test worker] p6spy                                    : #1665377284538 | took 0ms | statement | connection 24| url jdbc:h2:mem:6a3784ae-1aa6-4bbf-b617-4d4aeabcc2af
call next value for hibernate_sequence
call next value for hibernate_sequence;
2022-10-10 13:48:04.538  INFO 3923 --- [    Test worker] p6spy                                    : #1665377284538 | took 0ms | statement | connection 24| url jdbc:h2:mem:6a3784ae-1aa6-4bbf-b617-4d4aeabcc2af
call next value for hibernate_sequence
call next value for hibernate_sequence;
2022-10-10 13:48:04.538  INFO 3923 --- [    Test worker] c.j.r.FavoriteSpotQueryRepositoryTest    : favoriteSpot = FavoriteSpot(id=391, count=0)
2022-10-10 13:48:04.538  INFO 3923 --- [    Test worker] c.j.r.FavoriteSpotQueryRepositoryTest    : Spot = capstone.jejuTourrecommend.domain.Spot@4953382c
2022-10-10 13:48:04.538  INFO 3923 --- [    Test worker] p6spy                                    : #1665377284538 | took 0ms | statement | connection 24| url jdbc:h2:mem:6a3784ae-1aa6-4bbf-b617-4d4aeabcc2af
call next value for hibernate_sequence
call next value for hibernate_sequence;
2022-10-10 13:48:04.538  INFO 3923 --- [    Test worker] p6spy                                    : #1665377284538 | took 0ms | statement | connection 24| url jdbc:h2:mem:6a3784ae-1aa6-4bbf-b617-4d4aeabcc2af
call next value for hibernate_sequence
call next value for hibernate_sequence;
2022-10-10 13:48:04.538  INFO 3923 --- [    Test worker] p6spy                                    : #1665377284538 | took 0ms | statement | connection 24| url jdbc:h2:mem:6a3784ae-1aa6-4bbf-b617-4d4aeabcc2af
call next value for hibernate_sequence
call next value for hibernate_sequence;
2022-10-10 13:48:04.538  INFO 3923 --- [    Test worker] p6spy                                    : #1665377284538 | took 0ms | statement | connection 24| url jdbc:h2:mem:6a3784ae-1aa6-4bbf-b617-4d4aeabcc2af
call next value for hibernate_sequence
call next value for hibernate_sequence;
2022-10-10 13:48:04.538  INFO 3923 --- [    Test worker] p6spy                                    : #1665377284538 | took 0ms | statement | connection 24| url jdbc:h2:mem:6a3784ae-1aa6-4bbf-b617-4d4aeabcc2af
call next value for hibernate_sequence
call next value for hibernate_sequence;
2022-10-10 13:48:04.538  INFO 3923 --- [    Test worker] p6spy                                    : #1665377284538 | took 0ms | statement | connection 24| url jdbc:h2:mem:6a3784ae-1aa6-4bbf-b617-4d4aeabcc2af
call next value for hibernate_sequence
call next value for hibernate_sequence;
2022-10-10 13:48:04.538  INFO 3923 --- [    Test worker] p6spy                                    : #1665377284538 | took 0ms | statement | connection 24| url jdbc:h2:mem:6a3784ae-1aa6-4bbf-b617-4d4aeabcc2af
call next value for hibernate_sequence
call next value for hibernate_sequence;
2022-10-10 13:48:04.538  INFO 3923 --- [    Test worker] p6spy                                    : #1665377284538 | took 0ms | statement | connection 24| url jdbc:h2:mem:6a3784ae-1aa6-4bbf-b617-4d4aeabcc2af
call next value for hibernate_sequence
call next value for hibernate_sequence;
2022-10-10 13:48:04.538  INFO 3923 --- [    Test worker] c.j.r.FavoriteSpotQueryRepositoryTest    : favoriteSpot = FavoriteSpot(id=392, count=0)
2022-10-10 13:48:04.538  INFO 3923 --- [    Test worker] c.j.r.FavoriteSpotQueryRepositoryTest    : Spot = capstone.jejuTourrecommend.domain.Spot@3c6de542
2022-10-10 13:48:04.538  INFO 3923 --- [    Test worker] p6spy                                    : #1665377284538 | took 0ms | statement | connection 24| url jdbc:h2:mem:6a3784ae-1aa6-4bbf-b617-4d4aeabcc2af
call next value for hibernate_sequence
call next value for hibernate_sequence;
2022-10-10 13:48:04.538  INFO 3923 --- [    Test worker] p6spy                                    : #1665377284538 | took 0ms | statement | connection 24| url jdbc:h2:mem:6a3784ae-1aa6-4bbf-b617-4d4aeabcc2af
call next value for hibernate_sequence
call next value for hibernate_sequence;
2022-10-10 13:48:04.538  INFO 3923 --- [    Test worker] p6spy                                    : #1665377284538 | took 0ms | statement | connection 24| url jdbc:h2:mem:6a3784ae-1aa6-4bbf-b617-4d4aeabcc2af
call next value for hibernate_sequence
call next value for hibernate_sequence;
2022-10-10 13:48:04.538  INFO 3923 --- [    Test worker] p6spy                                    : #1665377284538 | took 0ms | statement | connection 24| url jdbc:h2:mem:6a3784ae-1aa6-4bbf-b617-4d4aeabcc2af
call next value for hibernate_sequence
call next value for hibernate_sequence;
2022-10-10 13:48:04.538  INFO 3923 --- [    Test worker] p6spy                                    : #1665377284538 | took 0ms | statement | connection 24| url jdbc:h2:mem:6a3784ae-1aa6-4bbf-b617-4d4aeabcc2af
call next value for hibernate_sequence
call next value for hibernate_sequence;
2022-10-10 13:48:04.538  INFO 3923 --- [    Test worker] p6spy                                    : #1665377284538 | took 0ms | statement | connection 24| url jdbc:h2:mem:6a3784ae-1aa6-4bbf-b617-4d4aeabcc2af
call next value for hibernate_sequence
call next value for hibernate_sequence;
2022-10-10 13:48:04.538  INFO 3923 --- [    Test worker] p6spy                                    : #1665377284538 | took 0ms | statement | connection 24| url jdbc:h2:mem:6a3784ae-1aa6-4bbf-b617-4d4aeabcc2af
call next value for hibernate_sequence
call next value for hibernate_sequence;
2022-10-10 13:48:04.538  INFO 3923 --- [    Test worker] p6spy                                    : #1665377284538 | took 0ms | statement | connection 24| url jdbc:h2:mem:6a3784ae-1aa6-4bbf-b617-4d4aeabcc2af
call next value for hibernate_sequence
call next value for hibernate_sequence;
2022-10-10 13:48:04.538  INFO 3923 --- [    Test worker] c.j.r.FavoriteSpotQueryRepositoryTest    : favoriteSpot = FavoriteSpot(id=393, count=0)
2022-10-10 13:48:04.538  INFO 3923 --- [    Test worker] c.j.r.FavoriteSpotQueryRepositoryTest    : Spot = capstone.jejuTourrecommend.domain.Spot@249c8bee
2022-10-10 13:48:04.538  INFO 3923 --- [    Test worker] p6spy                                    : #1665377284538 | took 0ms | statement | connection 24| url jdbc:h2:mem:6a3784ae-1aa6-4bbf-b617-4d4aeabcc2af
call next value for hibernate_sequence
call next value for hibernate_sequence;
2022-10-10 13:48:04.538  INFO 3923 --- [    Test worker] p6spy                                    : #1665377284538 | took 0ms | statement | connection 24| url jdbc:h2:mem:6a3784ae-1aa6-4bbf-b617-4d4aeabcc2af
call next value for hibernate_sequence
call next value for hibernate_sequence;
2022-10-10 13:48:04.538  INFO 3923 --- [    Test worker] p6spy                                    : #1665377284538 | took 0ms | statement | connection 24| url jdbc:h2:mem:6a3784ae-1aa6-4bbf-b617-4d4aeabcc2af
call next value for hibernate_sequence
call next value for hibernate_sequence;
2022-10-10 13:48:04.538  INFO 3923 --- [    Test worker] p6spy                                    : #1665377284538 | took 0ms | statement | connection 24| url jdbc:h2:mem:6a3784ae-1aa6-4bbf-b617-4d4aeabcc2af
call next value for hibernate_sequence
call next value for hibernate_sequence;
2022-10-10 13:48:04.539  INFO 3923 --- [    Test worker] p6spy                                    : #1665377284539 | took 0ms | statement | connection 24| url jdbc:h2:mem:6a3784ae-1aa6-4bbf-b617-4d4aeabcc2af
call next value for hibernate_sequence
call next value for hibernate_sequence;
2022-10-10 13:48:04.539  INFO 3923 --- [    Test worker] p6spy                                    : #1665377284539 | took 0ms | statement | connection 24| url jdbc:h2:mem:6a3784ae-1aa6-4bbf-b617-4d4aeabcc2af
call next value for hibernate_sequence
call next value for hibernate_sequence;
2022-10-10 13:48:04.539  INFO 3923 --- [    Test worker] p6spy                                    : #1665377284539 | took 0ms | statement | connection 24| url jdbc:h2:mem:6a3784ae-1aa6-4bbf-b617-4d4aeabcc2af
call next value for hibernate_sequence
call next value for hibernate_sequence;
2022-10-10 13:48:04.539  INFO 3923 --- [    Test worker] p6spy                                    : #1665377284539 | took 0ms | statement | connection 24| url jdbc:h2:mem:6a3784ae-1aa6-4bbf-b617-4d4aeabcc2af
call next value for hibernate_sequence
call next value for hibernate_sequence;
2022-10-10 13:48:04.539  INFO 3923 --- [    Test worker] c.j.r.FavoriteSpotQueryRepositoryTest    : favoriteSpot = FavoriteSpot(id=394, count=0)
2022-10-10 13:48:04.539  INFO 3923 --- [    Test worker] c.j.r.FavoriteSpotQueryRepositoryTest    : Spot = capstone.jejuTourrecommend.domain.Spot@53006505
2022-10-10 13:48:04.539  INFO 3923 --- [    Test worker] p6spy                                    : #1665377284539 | took 0ms | statement | connection 24| url jdbc:h2:mem:6a3784ae-1aa6-4bbf-b617-4d4aeabcc2af
call next value for hibernate_sequence
call next value for hibernate_sequence;
2022-10-10 13:48:04.539  INFO 3923 --- [    Test worker] p6spy                                    : #1665377284539 | took 0ms | statement | connection 24| url jdbc:h2:mem:6a3784ae-1aa6-4bbf-b617-4d4aeabcc2af
call next value for hibernate_sequence
call next value for hibernate_sequence;
2022-10-10 13:48:04.539  INFO 3923 --- [    Test worker] p6spy                                    : #1665377284539 | took 0ms | statement | connection 24| url jdbc:h2:mem:6a3784ae-1aa6-4bbf-b617-4d4aeabcc2af
call next value for hibernate_sequence
call next value for hibernate_sequence;
2022-10-10 13:48:04.539  INFO 3923 --- [    Test worker] p6spy                                    : #1665377284539 | took 0ms | statement | connection 24| url jdbc:h2:mem:6a3784ae-1aa6-4bbf-b617-4d4aeabcc2af
call next value for hibernate_sequence
call next value for hibernate_sequence;
2022-10-10 13:48:04.539  INFO 3923 --- [    Test worker] p6spy                                    : #1665377284539 | took 0ms | statement | connection 24| url jdbc:h2:mem:6a3784ae-1aa6-4bbf-b617-4d4aeabcc2af
call next value for review_seq
call next value for review_seq;
2022-10-10 13:48:04.539  INFO 3923 --- [    Test worker] p6spy                                    : #1665377284539 | took 0ms | statement | connection 24| url jdbc:h2:mem:6a3784ae-1aa6-4bbf-b617-4d4aeabcc2af
call next value for hibernate_sequence
call next value for hibernate_sequence;
2022-10-10 13:48:04.539  INFO 3923 --- [    Test worker] p6spy                                    : #1665377284539 | took 0ms | statement | connection 24| url jdbc:h2:mem:6a3784ae-1aa6-4bbf-b617-4d4aeabcc2af
call next value for hibernate_sequence
call next value for hibernate_sequence;
2022-10-10 13:48:04.539  INFO 3923 --- [    Test worker] p6spy                                    : #1665377284539 | took 0ms | statement | connection 24| url jdbc:h2:mem:6a3784ae-1aa6-4bbf-b617-4d4aeabcc2af
call next value for hibernate_sequence
call next value for hibernate_sequence;
2022-10-10 13:48:04.539  INFO 3923 --- [    Test worker] p6spy                                    : #1665377284539 | took 0ms | statement | connection 24| url jdbc:h2:mem:6a3784ae-1aa6-4bbf-b617-4d4aeabcc2af
call next value for hibernate_sequence
call next value for hibernate_sequence;
2022-10-10 13:48:04.539  INFO 3923 --- [    Test worker] c.j.r.FavoriteSpotQueryRepositoryTest    : favoriteSpot = FavoriteSpot(id=395, count=0)
2022-10-10 13:48:04.539  INFO 3923 --- [    Test worker] c.j.r.FavoriteSpotQueryRepositoryTest    : Spot = capstone.jejuTourrecommend.domain.Spot@5233a315
2022-10-10 13:48:04.539  INFO 3923 --- [    Test worker] p6spy                                    : #1665377284539 | took 0ms | statement | connection 24| url jdbc:h2:mem:6a3784ae-1aa6-4bbf-b617-4d4aeabcc2af
call next value for score_seq
call next value for score_seq;
2022-10-10 13:48:04.539  INFO 3923 --- [    Test worker] p6spy                                    : #1665377284539 | took 0ms | statement | connection 24| url jdbc:h2:mem:6a3784ae-1aa6-4bbf-b617-4d4aeabcc2af
call next value for hibernate_sequence
call next value for hibernate_sequence;
2022-10-10 13:48:04.539  INFO 3923 --- [    Test worker] p6spy                                    : #1665377284539 | took 0ms | statement | connection 24| url jdbc:h2:mem:6a3784ae-1aa6-4bbf-b617-4d4aeabcc2af
call next value for hibernate_sequence
call next value for hibernate_sequence;
2022-10-10 13:48:04.539  INFO 3923 --- [    Test worker] p6spy                                    : #1665377284539 | took 0ms | statement | connection 24| url jdbc:h2:mem:6a3784ae-1aa6-4bbf-b617-4d4aeabcc2af
call next value for hibernate_sequence
call next value for hibernate_sequence;
2022-10-10 13:48:04.539  INFO 3923 --- [    Test worker] p6spy                                    : #1665377284539 | took 0ms | statement | connection 24| url jdbc:h2:mem:6a3784ae-1aa6-4bbf-b617-4d4aeabcc2af
call next value for hibernate_sequence
call next value for hibernate_sequence;
2022-10-10 13:48:04.539  INFO 3923 --- [    Test worker] p6spy                                    : #1665377284539 | took 0ms | statement | connection 24| url jdbc:h2:mem:6a3784ae-1aa6-4bbf-b617-4d4aeabcc2af
call next value for hibernate_sequence
call next value for hibernate_sequence;
2022-10-10 13:48:04.539  INFO 3923 --- [    Test worker] p6spy                                    : #1665377284539 | took 0ms | statement | connection 24| url jdbc:h2:mem:6a3784ae-1aa6-4bbf-b617-4d4aeabcc2af
call next value for hibernate_sequence
call next value for hibernate_sequence;
2022-10-10 13:48:04.539  INFO 3923 --- [    Test worker] p6spy                                    : #1665377284539 | took 0ms | statement | connection 24| url jdbc:h2:mem:6a3784ae-1aa6-4bbf-b617-4d4aeabcc2af
call next value for hibernate_sequence
call next value for hibernate_sequence;
2022-10-10 13:48:04.539  INFO 3923 --- [    Test worker] p6spy                                    : #1665377284539 | took 0ms | statement | connection 24| url jdbc:h2:mem:6a3784ae-1aa6-4bbf-b617-4d4aeabcc2af
call next value for hibernate_sequence
call next value for hibernate_sequence;
2022-10-10 13:48:04.539  INFO 3923 --- [    Test worker] c.j.r.FavoriteSpotQueryRepositoryTest    : favoriteSpot = FavoriteSpot(id=396, count=0)
2022-10-10 13:48:04.539  INFO 3923 --- [    Test worker] c.j.r.FavoriteSpotQueryRepositoryTest    : Spot = capstone.jejuTourrecommend.domain.Spot@6fc7c2a3
2022-10-10 13:48:04.539  INFO 3923 --- [    Test worker] p6spy                                    : #1665377284539 | took 0ms | statement | connection 24| url jdbc:h2:mem:6a3784ae-1aa6-4bbf-b617-4d4aeabcc2af
call next value for hibernate_sequence
call next value for hibernate_sequence;
2022-10-10 13:48:04.539  INFO 3923 --- [    Test worker] p6spy                                    : #1665377284539 | took 0ms | statement | connection 24| url jdbc:h2:mem:6a3784ae-1aa6-4bbf-b617-4d4aeabcc2af
call next value for hibernate_sequence
call next value for hibernate_sequence;
2022-10-10 13:48:04.539  INFO 3923 --- [    Test worker] p6spy                                    : #1665377284539 | took 0ms | statement | connection 24| url jdbc:h2:mem:6a3784ae-1aa6-4bbf-b617-4d4aeabcc2af
call next value for hibernate_sequence
call next value for hibernate_sequence;
2022-10-10 13:48:04.539  INFO 3923 --- [    Test worker] p6spy                                    : #1665377284539 | took 0ms | statement | connection 24| url jdbc:h2:mem:6a3784ae-1aa6-4bbf-b617-4d4aeabcc2af
call next value for hibernate_sequence
call next value for hibernate_sequence;
2022-10-10 13:48:04.539  INFO 3923 --- [    Test worker] p6spy                                    : #1665377284539 | took 0ms | statement | connection 24| url jdbc:h2:mem:6a3784ae-1aa6-4bbf-b617-4d4aeabcc2af
call next value for hibernate_sequence
call next value for hibernate_sequence;
2022-10-10 13:48:04.539  INFO 3923 --- [    Test worker] p6spy                                    : #1665377284539 | took 0ms | statement | connection 24| url jdbc:h2:mem:6a3784ae-1aa6-4bbf-b617-4d4aeabcc2af
call next value for hibernate_sequence
call next value for hibernate_sequence;
2022-10-10 13:48:04.539  INFO 3923 --- [    Test worker] p6spy                                    : #1665377284539 | took 0ms | statement | connection 24| url jdbc:h2:mem:6a3784ae-1aa6-4bbf-b617-4d4aeabcc2af
call next value for hibernate_sequence
call next value for hibernate_sequence;
2022-10-10 13:48:04.539  INFO 3923 --- [    Test worker] p6spy                                    : #1665377284539 | took 0ms | statement | connection 24| url jdbc:h2:mem:6a3784ae-1aa6-4bbf-b617-4d4aeabcc2af
call next value for hibernate_sequence
call next value for hibernate_sequence;
2022-10-10 13:48:04.539  INFO 3923 --- [    Test worker] c.j.r.FavoriteSpotQueryRepositoryTest    : favoriteSpot = FavoriteSpot(id=397, count=0)
2022-10-10 13:48:04.539  INFO 3923 --- [    Test worker] c.j.r.FavoriteSpotQueryRepositoryTest    : Spot = capstone.jejuTourrecommend.domain.Spot@318e5309
2022-10-10 13:48:04.539  INFO 3923 --- [    Test worker] p6spy                                    : #1665377284539 | took 0ms | statement | connection 24| url jdbc:h2:mem:6a3784ae-1aa6-4bbf-b617-4d4aeabcc2af
call next value for hibernate_sequence
call next value for hibernate_sequence;
2022-10-10 13:48:04.539  INFO 3923 --- [    Test worker] p6spy                                    : #1665377284539 | took 0ms | statement | connection 24| url jdbc:h2:mem:6a3784ae-1aa6-4bbf-b617-4d4aeabcc2af
call next value for hibernate_sequence
call next value for hibernate_sequence;
2022-10-10 13:48:04.539  INFO 3923 --- [    Test worker] p6spy                                    : #1665377284539 | took 0ms | statement | connection 24| url jdbc:h2:mem:6a3784ae-1aa6-4bbf-b617-4d4aeabcc2af
call next value for hibernate_sequence
call next value for hibernate_sequence;
2022-10-10 13:48:04.539  INFO 3923 --- [    Test worker] p6spy                                    : #1665377284539 | took 0ms | statement | connection 24| url jdbc:h2:mem:6a3784ae-1aa6-4bbf-b617-4d4aeabcc2af
call next value for hibernate_sequence
call next value for hibernate_sequence;
2022-10-10 13:48:04.539  INFO 3923 --- [    Test worker] p6spy                                    : #1665377284539 | took 0ms | statement | connection 24| url jdbc:h2:mem:6a3784ae-1aa6-4bbf-b617-4d4aeabcc2af
call next value for hibernate_sequence
call next value for hibernate_sequence;
2022-10-10 13:48:04.539  INFO 3923 --- [    Test worker] p6spy                                    : #1665377284539 | took 0ms | statement | connection 24| url jdbc:h2:mem:6a3784ae-1aa6-4bbf-b617-4d4aeabcc2af
call next value for hibernate_sequence
call next value for hibernate_sequence;
2022-10-10 13:48:04.540  INFO 3923 --- [    Test worker] p6spy                                    : #1665377284540 | took 0ms | statement | connection 24| url jdbc:h2:mem:6a3784ae-1aa6-4bbf-b617-4d4aeabcc2af
call next value for hibernate_sequence
call next value for hibernate_sequence;
2022-10-10 13:48:04.540  INFO 3923 --- [    Test worker] p6spy                                    : #1665377284540 | took 0ms | statement | connection 24| url jdbc:h2:mem:6a3784ae-1aa6-4bbf-b617-4d4aeabcc2af
call next value for hibernate_sequence
call next value for hibernate_sequence;
2022-10-10 13:48:04.540  INFO 3923 --- [    Test worker] c.j.r.FavoriteSpotQueryRepositoryTest    : favoriteSpot = FavoriteSpot(id=398, count=0)
2022-10-10 13:48:04.540  INFO 3923 --- [    Test worker] c.j.r.FavoriteSpotQueryRepositoryTest    : Spot = capstone.jejuTourrecommend.domain.Spot@46c1b1b1
2022-10-10 13:48:04.540  INFO 3923 --- [    Test worker] p6spy                                    : #1665377284540 | took 0ms | statement | connection 24| url jdbc:h2:mem:6a3784ae-1aa6-4bbf-b617-4d4aeabcc2af
call next value for hibernate_sequence
call next value for hibernate_sequence;
2022-10-10 13:48:04.540  INFO 3923 --- [    Test worker] p6spy                                    : #1665377284540 | took 0ms | statement | connection 24| url jdbc:h2:mem:6a3784ae-1aa6-4bbf-b617-4d4aeabcc2af
call next value for hibernate_sequence
call next value for hibernate_sequence;
2022-10-10 13:48:04.540  INFO 3923 --- [    Test worker] p6spy                                    : #1665377284540 | took 0ms | statement | connection 24| url jdbc:h2:mem:6a3784ae-1aa6-4bbf-b617-4d4aeabcc2af
call next value for hibernate_sequence
call next value for hibernate_sequence;
2022-10-10 13:48:04.540  INFO 3923 --- [    Test worker] p6spy                                    : #1665377284540 | took 0ms | statement | connection 24| url jdbc:h2:mem:6a3784ae-1aa6-4bbf-b617-4d4aeabcc2af
call next value for hibernate_sequence
call next value for hibernate_sequence;
2022-10-10 13:48:04.540  INFO 3923 --- [    Test worker] p6spy                                    : #1665377284540 | took 0ms | statement | connection 24| url jdbc:h2:mem:6a3784ae-1aa6-4bbf-b617-4d4aeabcc2af
call next value for hibernate_sequence
call next value for hibernate_sequence;
2022-10-10 13:48:04.540  INFO 3923 --- [    Test worker] p6spy                                    : #1665377284540 | took 0ms | statement | connection 24| url jdbc:h2:mem:6a3784ae-1aa6-4bbf-b617-4d4aeabcc2af
call next value for hibernate_sequence
call next value for hibernate_sequence;
2022-10-10 13:48:04.540  INFO 3923 --- [    Test worker] p6spy                                    : #1665377284540 | took 0ms | statement | connection 24| url jdbc:h2:mem:6a3784ae-1aa6-4bbf-b617-4d4aeabcc2af
call next value for hibernate_sequence
call next value for hibernate_sequence;
2022-10-10 13:48:04.540  INFO 3923 --- [    Test worker] p6spy                                    : #1665377284540 | took 0ms | statement | connection 24| url jdbc:h2:mem:6a3784ae-1aa6-4bbf-b617-4d4aeabcc2af
call next value for hibernate_sequence
call next value for hibernate_sequence;
2022-10-10 13:48:04.540  INFO 3923 --- [    Test worker] c.j.r.FavoriteSpotQueryRepositoryTest    : favoriteSpot = FavoriteSpot(id=399, count=0)
2022-10-10 13:48:04.540  INFO 3923 --- [    Test worker] c.j.r.FavoriteSpotQueryRepositoryTest    : Spot = capstone.jejuTourrecommend.domain.Spot@2186360e
2022-10-10 13:48:04.540  INFO 3923 --- [    Test worker] p6spy                                    : #1665377284540 | took 0ms | statement | connection 24| url jdbc:h2:mem:6a3784ae-1aa6-4bbf-b617-4d4aeabcc2af
call next value for hibernate_sequence
call next value for hibernate_sequence;
2022-10-10 13:48:04.540  INFO 3923 --- [    Test worker] p6spy                                    : #1665377284540 | took 0ms | statement | connection 24| url jdbc:h2:mem:6a3784ae-1aa6-4bbf-b617-4d4aeabcc2af
call next value for hibernate_sequence
call next value for hibernate_sequence;
2022-10-10 13:48:04.540  INFO 3923 --- [    Test worker] p6spy                                    : #1665377284540 | took 0ms | statement | connection 24| url jdbc:h2:mem:6a3784ae-1aa6-4bbf-b617-4d4aeabcc2af
call next value for hibernate_sequence
call next value for hibernate_sequence;
2022-10-10 13:48:04.540  INFO 3923 --- [    Test worker] p6spy                                    : #1665377284540 | took 0ms | statement | connection 24| url jdbc:h2:mem:6a3784ae-1aa6-4bbf-b617-4d4aeabcc2af
call next value for hibernate_sequence
call next value for hibernate_sequence;
2022-10-10 13:48:04.540  INFO 3923 --- [    Test worker] p6spy                                    : #1665377284540 | took 0ms | statement | connection 24| url jdbc:h2:mem:6a3784ae-1aa6-4bbf-b617-4d4aeabcc2af
call next value for hibernate_sequence
call next value for hibernate_sequence;
2022-10-10 13:48:04.540  INFO 3923 --- [    Test worker] p6spy                                    : #1665377284540 | took 0ms | statement | connection 24| url jdbc:h2:mem:6a3784ae-1aa6-4bbf-b617-4d4aeabcc2af
call next value for hibernate_sequence
call next value for hibernate_sequence;
2022-10-10 13:48:04.540  INFO 3923 --- [    Test worker] p6spy                                    : #1665377284540 | took 0ms | statement | connection 24| url jdbc:h2:mem:6a3784ae-1aa6-4bbf-b617-4d4aeabcc2af
call next value for hibernate_sequence
call next value for hibernate_sequence;
2022-10-10 13:48:04.540  INFO 3923 --- [    Test worker] p6spy                                    : #1665377284540 | took 0ms | statement | connection 24| url jdbc:h2:mem:6a3784ae-1aa6-4bbf-b617-4d4aeabcc2af
call next value for hibernate_sequence
call next value for hibernate_sequence;
2022-10-10 13:48:04.540  INFO 3923 --- [    Test worker] c.j.r.FavoriteSpotQueryRepositoryTest    : favoriteSpot = FavoriteSpot(id=400, count=0)
2022-10-10 13:48:04.540  INFO 3923 --- [    Test worker] c.j.r.FavoriteSpotQueryRepositoryTest    : Spot = capstone.jejuTourrecommend.domain.Spot@7572d8b3
2022-10-10 13:48:04.540  INFO 3923 --- [    Test worker] p6spy                                    : #1665377284540 | took 0ms | statement | connection 24| url jdbc:h2:mem:6a3784ae-1aa6-4bbf-b617-4d4aeabcc2af
call next value for hibernate_sequence
call next value for hibernate_sequence;
2022-10-10 13:48:04.540  INFO 3923 --- [    Test worker] p6spy                                    : #1665377284540 | took 0ms | statement | connection 24| url jdbc:h2:mem:6a3784ae-1aa6-4bbf-b617-4d4aeabcc2af
call next value for hibernate_sequence
call next value for hibernate_sequence;
2022-10-10 13:48:04.540  INFO 3923 --- [    Test worker] p6spy                                    : #1665377284540 | took 0ms | statement | connection 24| url jdbc:h2:mem:6a3784ae-1aa6-4bbf-b617-4d4aeabcc2af
call next value for hibernate_sequence
call next value for hibernate_sequence;
2022-10-10 13:48:04.540  INFO 3923 --- [    Test worker] p6spy                                    : #1665377284540 | took 0ms | statement | connection 24| url jdbc:h2:mem:6a3784ae-1aa6-4bbf-b617-4d4aeabcc2af
call next value for hibernate_sequence
call next value for hibernate_sequence;
2022-10-10 13:48:04.540  INFO 3923 --- [    Test worker] p6spy                                    : #1665377284540 | took 0ms | statement | connection 24| url jdbc:h2:mem:6a3784ae-1aa6-4bbf-b617-4d4aeabcc2af
call next value for hibernate_sequence
call next value for hibernate_sequence;
2022-10-10 13:48:04.540  INFO 3923 --- [    Test worker] p6spy                                    : #1665377284540 | took 0ms | statement | connection 24| url jdbc:h2:mem:6a3784ae-1aa6-4bbf-b617-4d4aeabcc2af
call next value for hibernate_sequence
call next value for hibernate_sequence;
2022-10-10 13:48:04.540  INFO 3923 --- [    Test worker] p6spy                                    : #1665377284540 | took 0ms | statement | connection 24| url jdbc:h2:mem:6a3784ae-1aa6-4bbf-b617-4d4aeabcc2af
call next value for hibernate_sequence
call next value for hibernate_sequence;
2022-10-10 13:48:04.540  INFO 3923 --- [    Test worker] p6spy                                    : #1665377284540 | took 0ms | statement | connection 24| url jdbc:h2:mem:6a3784ae-1aa6-4bbf-b617-4d4aeabcc2af
call next value for hibernate_sequence
call next value for hibernate_sequence;
2022-10-10 13:48:04.540  INFO 3923 --- [    Test worker] c.j.r.FavoriteSpotQueryRepositoryTest    : favoriteSpot = FavoriteSpot(id=401, count=0)
2022-10-10 13:48:04.540  INFO 3923 --- [    Test worker] c.j.r.FavoriteSpotQueryRepositoryTest    : Spot = capstone.jejuTourrecommend.domain.Spot@ed80697
2022-10-10 13:48:04.540  INFO 3923 --- [    Test worker] p6spy                                    : #1665377284540 | took 0ms | statement | connection 24| url jdbc:h2:mem:6a3784ae-1aa6-4bbf-b617-4d4aeabcc2af
call next value for hibernate_sequence
call next value for hibernate_sequence;
2022-10-10 13:48:04.540  INFO 3923 --- [    Test worker] p6spy                                    : #1665377284540 | took 0ms | statement | connection 24| url jdbc:h2:mem:6a3784ae-1aa6-4bbf-b617-4d4aeabcc2af
call next value for hibernate_sequence
call next value for hibernate_sequence;
2022-10-10 13:48:04.540  INFO 3923 --- [    Test worker] p6spy                                    : #1665377284540 | took 0ms | statement | connection 24| url jdbc:h2:mem:6a3784ae-1aa6-4bbf-b617-4d4aeabcc2af
call next value for hibernate_sequence
call next value for hibernate_sequence;
2022-10-10 13:48:04.540  INFO 3923 --- [    Test worker] p6spy                                    : #1665377284540 | took 0ms | statement | connection 24| url jdbc:h2:mem:6a3784ae-1aa6-4bbf-b617-4d4aeabcc2af
call next value for hibernate_sequence
call next value for hibernate_sequence;
2022-10-10 13:48:04.540  INFO 3923 --- [    Test worker] p6spy                                    : #1665377284540 | took 0ms | statement | connection 24| url jdbc:h2:mem:6a3784ae-1aa6-4bbf-b617-4d4aeabcc2af
call next value for hibernate_sequence
call next value for hibernate_sequence;
2022-10-10 13:48:04.540  INFO 3923 --- [    Test worker] p6spy                                    : #1665377284540 | took 0ms | statement | connection 24| url jdbc:h2:mem:6a3784ae-1aa6-4bbf-b617-4d4aeabcc2af
call next value for hibernate_sequence
call next value for hibernate_sequence;
2022-10-10 13:48:04.540  INFO 3923 --- [    Test worker] p6spy                                    : #1665377284540 | took 0ms | statement | connection 24| url jdbc:h2:mem:6a3784ae-1aa6-4bbf-b617-4d4aeabcc2af
call next value for hibernate_sequence
call next value for hibernate_sequence;
2022-10-10 13:48:04.540  INFO 3923 --- [    Test worker] p6spy                                    : #1665377284540 | took 0ms | statement | connection 24| url jdbc:h2:mem:6a3784ae-1aa6-4bbf-b617-4d4aeabcc2af
call next value for hibernate_sequence
call next value for hibernate_sequence;
2022-10-10 13:48:04.540  INFO 3923 --- [    Test worker] p6spy                                    : #1665377284540 | took 0ms | statement | connection 24| url jdbc:h2:mem:6a3784ae-1aa6-4bbf-b617-4d4aeabcc2af
call next value for favoritespot_seq
call next value for favoritespot_seq;
2022-10-10 13:48:04.540  INFO 3923 --- [    Test worker] c.j.r.FavoriteSpotQueryRepositoryTest    : favoriteSpot = FavoriteSpot(id=402, count=0)
2022-10-10 13:48:04.540  INFO 3923 --- [    Test worker] c.j.r.FavoriteSpotQueryRepositoryTest    : Spot = capstone.jejuTourrecommend.domain.Spot@840d4ef
2022-10-10 13:48:04.540  INFO 3923 --- [    Test worker] p6spy                                    : #1665377284540 | took 0ms | statement | connection 24| url jdbc:h2:mem:6a3784ae-1aa6-4bbf-b617-4d4aeabcc2af
call next value for hibernate_sequence
call next value for hibernate_sequence;
2022-10-10 13:48:04.540  INFO 3923 --- [    Test worker] p6spy                                    : #1665377284540 | took 0ms | statement | connection 24| url jdbc:h2:mem:6a3784ae-1aa6-4bbf-b617-4d4aeabcc2af
call next value for hibernate_sequence
call next value for hibernate_sequence;
2022-10-10 13:48:04.540  INFO 3923 --- [    Test worker] p6spy                                    : #1665377284540 | took 0ms | statement | connection 24| url jdbc:h2:mem:6a3784ae-1aa6-4bbf-b617-4d4aeabcc2af
call next value for hibernate_sequence
call next value for hibernate_sequence;
2022-10-10 13:48:04.540  INFO 3923 --- [    Test worker] p6spy                                    : #1665377284540 | took 0ms | statement | connection 24| url jdbc:h2:mem:6a3784ae-1aa6-4bbf-b617-4d4aeabcc2af
call next value for hibernate_sequence
call next value for hibernate_sequence;
2022-10-10 13:48:04.541  INFO 3923 --- [    Test worker] p6spy                                    : #1665377284541 | took 0ms | statement | connection 24| url jdbc:h2:mem:6a3784ae-1aa6-4bbf-b617-4d4aeabcc2af
call next value for hibernate_sequence
call next value for hibernate_sequence;
2022-10-10 13:48:04.541  INFO 3923 --- [    Test worker] p6spy                                    : #1665377284541 | took 0ms | statement | connection 24| url jdbc:h2:mem:6a3784ae-1aa6-4bbf-b617-4d4aeabcc2af
call next value for hibernate_sequence
call next value for hibernate_sequence;
2022-10-10 13:48:04.541  INFO 3923 --- [    Test worker] p6spy                                    : #1665377284541 | took 0ms | statement | connection 24| url jdbc:h2:mem:6a3784ae-1aa6-4bbf-b617-4d4aeabcc2af
call next value for hibernate_sequence
call next value for hibernate_sequence;
2022-10-10 13:48:04.541  INFO 3923 --- [    Test worker] p6spy                                    : #1665377284541 | took 0ms | statement | connection 24| url jdbc:h2:mem:6a3784ae-1aa6-4bbf-b617-4d4aeabcc2af
call next value for hibernate_sequence
call next value for hibernate_sequence;
2022-10-10 13:48:04.541  INFO 3923 --- [    Test worker] c.j.r.FavoriteSpotQueryRepositoryTest    : favoriteSpot = FavoriteSpot(id=403, count=0)
2022-10-10 13:48:04.541  INFO 3923 --- [    Test worker] c.j.r.FavoriteSpotQueryRepositoryTest    : Spot = capstone.jejuTourrecommend.domain.Spot@31714ae9
2022-10-10 13:48:04.541  INFO 3923 --- [    Test worker] p6spy                                    : #1665377284541 | took 0ms | statement | connection 24| url jdbc:h2:mem:6a3784ae-1aa6-4bbf-b617-4d4aeabcc2af
call next value for hibernate_sequence
call next value for hibernate_sequence;
2022-10-10 13:48:04.541  INFO 3923 --- [    Test worker] p6spy                                    : #1665377284541 | took 0ms | statement | connection 24| url jdbc:h2:mem:6a3784ae-1aa6-4bbf-b617-4d4aeabcc2af
call next value for hibernate_sequence
call next value for hibernate_sequence;
2022-10-10 13:48:04.541  INFO 3923 --- [    Test worker] p6spy                                    : #1665377284541 | took 0ms | statement | connection 24| url jdbc:h2:mem:6a3784ae-1aa6-4bbf-b617-4d4aeabcc2af
call next value for hibernate_sequence
call next value for hibernate_sequence;
2022-10-10 13:48:04.541  INFO 3923 --- [    Test worker] p6spy                                    : #1665377284541 | took 0ms | statement | connection 24| url jdbc:h2:mem:6a3784ae-1aa6-4bbf-b617-4d4aeabcc2af
call next value for hibernate_sequence
call next value for hibernate_sequence;
2022-10-10 13:48:04.541  INFO 3923 --- [    Test worker] p6spy                                    : #1665377284541 | took 0ms | statement | connection 24| url jdbc:h2:mem:6a3784ae-1aa6-4bbf-b617-4d4aeabcc2af
call next value for hibernate_sequence
call next value for hibernate_sequence;
2022-10-10 13:48:04.541  INFO 3923 --- [    Test worker] p6spy                                    : #1665377284541 | took 0ms | statement | connection 24| url jdbc:h2:mem:6a3784ae-1aa6-4bbf-b617-4d4aeabcc2af
call next value for hibernate_sequence
call next value for hibernate_sequence;
2022-10-10 13:48:04.541  INFO 3923 --- [    Test worker] p6spy                                    : #1665377284541 | took 0ms | statement | connection 24| url jdbc:h2:mem:6a3784ae-1aa6-4bbf-b617-4d4aeabcc2af
call next value for hibernate_sequence
call next value for hibernate_sequence;
2022-10-10 13:48:04.541  INFO 3923 --- [    Test worker] p6spy                                    : #1665377284541 | took 0ms | statement | connection 24| url jdbc:h2:mem:6a3784ae-1aa6-4bbf-b617-4d4aeabcc2af
call next value for hibernate_sequence
call next value for hibernate_sequence;
2022-10-10 13:48:04.541  INFO 3923 --- [    Test worker] c.j.r.FavoriteSpotQueryRepositoryTest    : favoriteSpot = FavoriteSpot(id=404, count=0)
2022-10-10 13:48:04.541  INFO 3923 --- [    Test worker] c.j.r.FavoriteSpotQueryRepositoryTest    : Spot = capstone.jejuTourrecommend.domain.Spot@24ceafbe
2022-10-10 13:48:04.541  INFO 3923 --- [    Test worker] p6spy                                    : #1665377284541 | took 0ms | statement | connection 24| url jdbc:h2:mem:6a3784ae-1aa6-4bbf-b617-4d4aeabcc2af
call next value for hibernate_sequence
call next value for hibernate_sequence;
2022-10-10 13:48:04.541  INFO 3923 --- [    Test worker] p6spy                                    : #1665377284541 | took 0ms | statement | connection 24| url jdbc:h2:mem:6a3784ae-1aa6-4bbf-b617-4d4aeabcc2af
call next value for hibernate_sequence
call next value for hibernate_sequence;
2022-10-10 13:48:04.541  INFO 3923 --- [    Test worker] p6spy                                    : #1665377284541 | took 0ms | statement | connection 24| url jdbc:h2:mem:6a3784ae-1aa6-4bbf-b617-4d4aeabcc2af
call next value for hibernate_sequence
call next value for hibernate_sequence;
2022-10-10 13:48:04.541  INFO 3923 --- [    Test worker] p6spy                                    : #1665377284541 | took 0ms | statement | connection 24| url jdbc:h2:mem:6a3784ae-1aa6-4bbf-b617-4d4aeabcc2af
call next value for hibernate_sequence
call next value for hibernate_sequence;
2022-10-10 13:48:04.541  INFO 3923 --- [    Test worker] p6spy                                    : #1665377284541 | took 0ms | statement | connection 24| url jdbc:h2:mem:6a3784ae-1aa6-4bbf-b617-4d4aeabcc2af
call next value for hibernate_sequence
call next value for hibernate_sequence;
2022-10-10 13:48:04.541  INFO 3923 --- [    Test worker] p6spy                                    : #1665377284541 | took 0ms | statement | connection 24| url jdbc:h2:mem:6a3784ae-1aa6-4bbf-b617-4d4aeabcc2af
call next value for hibernate_sequence
call next value for hibernate_sequence;
2022-10-10 13:48:04.541  INFO 3923 --- [    Test worker] p6spy                                    : #1665377284541 | took 0ms | statement | connection 24| url jdbc:h2:mem:6a3784ae-1aa6-4bbf-b617-4d4aeabcc2af
call next value for hibernate_sequence
call next value for hibernate_sequence;
2022-10-10 13:48:04.541  INFO 3923 --- [    Test worker] p6spy                                    : #1665377284541 | took 0ms | statement | connection 24| url jdbc:h2:mem:6a3784ae-1aa6-4bbf-b617-4d4aeabcc2af
call next value for hibernate_sequence
call next value for hibernate_sequence;
2022-10-10 13:48:04.541  INFO 3923 --- [    Test worker] c.j.r.FavoriteSpotQueryRepositoryTest    : favoriteSpot = FavoriteSpot(id=405, count=0)
2022-10-10 13:48:04.541  INFO 3923 --- [    Test worker] c.j.r.FavoriteSpotQueryRepositoryTest    : Spot = capstone.jejuTourrecommend.domain.Spot@62c6570d
2022-10-10 13:48:04.541  INFO 3923 --- [    Test worker] p6spy                                    : #1665377284541 | took 0ms | statement | connection 24| url jdbc:h2:mem:6a3784ae-1aa6-4bbf-b617-4d4aeabcc2af
call next value for hibernate_sequence
call next value for hibernate_sequence;
2022-10-10 13:48:04.541  INFO 3923 --- [    Test worker] p6spy                                    : #1665377284541 | took 0ms | statement | connection 24| url jdbc:h2:mem:6a3784ae-1aa6-4bbf-b617-4d4aeabcc2af
call next value for hibernate_sequence
call next value for hibernate_sequence;
2022-10-10 13:48:04.541  INFO 3923 --- [    Test worker] p6spy                                    : #1665377284541 | took 0ms | statement | connection 24| url jdbc:h2:mem:6a3784ae-1aa6-4bbf-b617-4d4aeabcc2af
call next value for hibernate_sequence
call next value for hibernate_sequence;
2022-10-10 13:48:04.541  INFO 3923 --- [    Test worker] p6spy                                    : #1665377284541 | took 0ms | statement | connection 24| url jdbc:h2:mem:6a3784ae-1aa6-4bbf-b617-4d4aeabcc2af
call next value for hibernate_sequence
call next value for hibernate_sequence;
2022-10-10 13:48:04.541  INFO 3923 --- [    Test worker] p6spy                                    : #1665377284541 | took 0ms | statement | connection 24| url jdbc:h2:mem:6a3784ae-1aa6-4bbf-b617-4d4aeabcc2af
call next value for hibernate_sequence
call next value for hibernate_sequence;
2022-10-10 13:48:04.541  INFO 3923 --- [    Test worker] p6spy                                    : #1665377284541 | took 0ms | statement | connection 24| url jdbc:h2:mem:6a3784ae-1aa6-4bbf-b617-4d4aeabcc2af
call next value for hibernate_sequence
call next value for hibernate_sequence;
2022-10-10 13:48:04.541  INFO 3923 --- [    Test worker] p6spy                                    : #1665377284541 | took 0ms | statement | connection 24| url jdbc:h2:mem:6a3784ae-1aa6-4bbf-b617-4d4aeabcc2af
call next value for hibernate_sequence
call next value for hibernate_sequence;
2022-10-10 13:48:04.541  INFO 3923 --- [    Test worker] p6spy                                    : #1665377284541 | took 0ms | statement | connection 24| url jdbc:h2:mem:6a3784ae-1aa6-4bbf-b617-4d4aeabcc2af
call next value for hibernate_sequence
call next value for hibernate_sequence;
2022-10-10 13:48:04.541  INFO 3923 --- [    Test worker] c.j.r.FavoriteSpotQueryRepositoryTest    : favoriteSpot = FavoriteSpot(id=406, count=0)
2022-10-10 13:48:04.541  INFO 3923 --- [    Test worker] c.j.r.FavoriteSpotQueryRepositoryTest    : Spot = capstone.jejuTourrecommend.domain.Spot@19544551
2022-10-10 13:48:04.541  INFO 3923 --- [    Test worker] p6spy                                    : #1665377284541 | took 0ms | statement | connection 24| url jdbc:h2:mem:6a3784ae-1aa6-4bbf-b617-4d4aeabcc2af
call next value for hibernate_sequence
call next value for hibernate_sequence;
2022-10-10 13:48:04.541  INFO 3923 --- [    Test worker] p6spy                                    : #1665377284541 | took 0ms | statement | connection 24| url jdbc:h2:mem:6a3784ae-1aa6-4bbf-b617-4d4aeabcc2af
call next value for hibernate_sequence
call next value for hibernate_sequence;
2022-10-10 13:48:04.541  INFO 3923 --- [    Test worker] p6spy                                    : #1665377284541 | took 0ms | statement | connection 24| url jdbc:h2:mem:6a3784ae-1aa6-4bbf-b617-4d4aeabcc2af
call next value for hibernate_sequence
call next value for hibernate_sequence;
2022-10-10 13:48:04.541  INFO 3923 --- [    Test worker] p6spy                                    : #1665377284541 | took 0ms | statement | connection 24| url jdbc:h2:mem:6a3784ae-1aa6-4bbf-b617-4d4aeabcc2af
call next value for hibernate_sequence
call next value for hibernate_sequence;
2022-10-10 13:48:04.542  INFO 3923 --- [    Test worker] p6spy                                    : #1665377284542 | took 0ms | statement | connection 24| url jdbc:h2:mem:6a3784ae-1aa6-4bbf-b617-4d4aeabcc2af
call next value for hibernate_sequence
call next value for hibernate_sequence;
2022-10-10 13:48:04.542  INFO 3923 --- [    Test worker] p6spy                                    : #1665377284542 | took 0ms | statement | connection 24| url jdbc:h2:mem:6a3784ae-1aa6-4bbf-b617-4d4aeabcc2af
call next value for hibernate_sequence
call next value for hibernate_sequence;
2022-10-10 13:48:04.542  INFO 3923 --- [    Test worker] p6spy                                    : #1665377284542 | took 0ms | statement | connection 24| url jdbc:h2:mem:6a3784ae-1aa6-4bbf-b617-4d4aeabcc2af
call next value for hibernate_sequence
call next value for hibernate_sequence;
2022-10-10 13:48:04.542  INFO 3923 --- [    Test worker] p6spy                                    : #1665377284542 | took 0ms | statement | connection 24| url jdbc:h2:mem:6a3784ae-1aa6-4bbf-b617-4d4aeabcc2af
call next value for hibernate_sequence
call next value for hibernate_sequence;
2022-10-10 13:48:04.542  INFO 3923 --- [    Test worker] c.j.r.FavoriteSpotQueryRepositoryTest    : favoriteSpot = FavoriteSpot(id=407, count=0)
2022-10-10 13:48:04.542  INFO 3923 --- [    Test worker] c.j.r.FavoriteSpotQueryRepositoryTest    : Spot = capstone.jejuTourrecommend.domain.Spot@1b9ea9c5
2022-10-10 13:48:04.542  INFO 3923 --- [    Test worker] p6spy                                    : #1665377284542 | took 0ms | statement | connection 24| url jdbc:h2:mem:6a3784ae-1aa6-4bbf-b617-4d4aeabcc2af
call next value for hibernate_sequence
call next value for hibernate_sequence;
2022-10-10 13:48:04.542  INFO 3923 --- [    Test worker] p6spy                                    : #1665377284542 | took 0ms | statement | connection 24| url jdbc:h2:mem:6a3784ae-1aa6-4bbf-b617-4d4aeabcc2af
call next value for hibernate_sequence
call next value for hibernate_sequence;
2022-10-10 13:48:04.542  INFO 3923 --- [    Test worker] p6spy                                    : #1665377284542 | took 0ms | statement | connection 24| url jdbc:h2:mem:6a3784ae-1aa6-4bbf-b617-4d4aeabcc2af
call next value for hibernate_sequence
call next value for hibernate_sequence;
2022-10-10 13:48:04.542  INFO 3923 --- [    Test worker] p6spy                                    : #1665377284542 | took 0ms | statement | connection 24| url jdbc:h2:mem:6a3784ae-1aa6-4bbf-b617-4d4aeabcc2af
call next value for hibernate_sequence
call next value for hibernate_sequence;
2022-10-10 13:48:04.542  INFO 3923 --- [    Test worker] p6spy                                    : #1665377284542 | took 0ms | statement | connection 24| url jdbc:h2:mem:6a3784ae-1aa6-4bbf-b617-4d4aeabcc2af
call next value for hibernate_sequence
call next value for hibernate_sequence;
2022-10-10 13:48:04.542  INFO 3923 --- [    Test worker] p6spy                                    : #1665377284542 | took 0ms | statement | connection 24| url jdbc:h2:mem:6a3784ae-1aa6-4bbf-b617-4d4aeabcc2af
call next value for hibernate_sequence
call next value for hibernate_sequence;
2022-10-10 13:48:04.542  INFO 3923 --- [    Test worker] p6spy                                    : #1665377284542 | took 0ms | statement | connection 24| url jdbc:h2:mem:6a3784ae-1aa6-4bbf-b617-4d4aeabcc2af
call next value for hibernate_sequence
call next value for hibernate_sequence;
2022-10-10 13:48:04.542  INFO 3923 --- [    Test worker] p6spy                                    : #1665377284542 | took 0ms | statement | connection 24| url jdbc:h2:mem:6a3784ae-1aa6-4bbf-b617-4d4aeabcc2af
call next value for hibernate_sequence
call next value for hibernate_sequence;
2022-10-10 13:48:04.542  INFO 3923 --- [    Test worker] c.j.r.FavoriteSpotQueryRepositoryTest    : favoriteSpot = FavoriteSpot(id=408, count=0)
2022-10-10 13:48:04.542  INFO 3923 --- [    Test worker] c.j.r.FavoriteSpotQueryRepositoryTest    : Spot = capstone.jejuTourrecommend.domain.Spot@150b294b
2022-10-10 13:48:04.542  INFO 3923 --- [    Test worker] p6spy                                    : #1665377284542 | took 0ms | statement | connection 24| url jdbc:h2:mem:6a3784ae-1aa6-4bbf-b617-4d4aeabcc2af
call next value for hibernate_sequence
call next value for hibernate_sequence;
2022-10-10 13:48:04.542  INFO 3923 --- [    Test worker] p6spy                                    : #1665377284542 | took 0ms | statement | connection 24| url jdbc:h2:mem:6a3784ae-1aa6-4bbf-b617-4d4aeabcc2af
call next value for hibernate_sequence
call next value for hibernate_sequence;
2022-10-10 13:48:04.542  INFO 3923 --- [    Test worker] p6spy                                    : #1665377284542 | took 0ms | statement | connection 24| url jdbc:h2:mem:6a3784ae-1aa6-4bbf-b617-4d4aeabcc2af
call next value for hibernate_sequence
call next value for hibernate_sequence;
2022-10-10 13:48:04.542  INFO 3923 --- [    Test worker] p6spy                                    : #1665377284542 | took 0ms | statement | connection 24| url jdbc:h2:mem:6a3784ae-1aa6-4bbf-b617-4d4aeabcc2af
call next value for hibernate_sequence
call next value for hibernate_sequence;
2022-10-10 13:48:04.542  INFO 3923 --- [    Test worker] p6spy                                    : #1665377284542 | took 0ms | statement | connection 24| url jdbc:h2:mem:6a3784ae-1aa6-4bbf-b617-4d4aeabcc2af
call next value for hibernate_sequence
call next value for hibernate_sequence;
2022-10-10 13:48:04.542  INFO 3923 --- [    Test worker] p6spy                                    : #1665377284542 | took 0ms | statement | connection 24| url jdbc:h2:mem:6a3784ae-1aa6-4bbf-b617-4d4aeabcc2af
call next value for hibernate_sequence
call next value for hibernate_sequence;
2022-10-10 13:48:04.542  INFO 3923 --- [    Test worker] p6spy                                    : #1665377284542 | took 0ms | statement | connection 24| url jdbc:h2:mem:6a3784ae-1aa6-4bbf-b617-4d4aeabcc2af
call next value for hibernate_sequence
call next value for hibernate_sequence;
2022-10-10 13:48:04.542  INFO 3923 --- [    Test worker] p6spy                                    : #1665377284542 | took 0ms | statement | connection 24| url jdbc:h2:mem:6a3784ae-1aa6-4bbf-b617-4d4aeabcc2af
call next value for hibernate_sequence
call next value for hibernate_sequence;
2022-10-10 13:48:04.542  INFO 3923 --- [    Test worker] c.j.r.FavoriteSpotQueryRepositoryTest    : favoriteSpot = FavoriteSpot(id=409, count=0)
2022-10-10 13:48:04.542  INFO 3923 --- [    Test worker] c.j.r.FavoriteSpotQueryRepositoryTest    : Spot = capstone.jejuTourrecommend.domain.Spot@149b10e7
2022-10-10 13:48:04.542  INFO 3923 --- [    Test worker] p6spy                                    : #1665377284542 | took 0ms | statement | connection 24| url jdbc:h2:mem:6a3784ae-1aa6-4bbf-b617-4d4aeabcc2af
call next value for hibernate_sequence
call next value for hibernate_sequence;
2022-10-10 13:48:04.542  INFO 3923 --- [    Test worker] p6spy                                    : #1665377284542 | took 0ms | statement | connection 24| url jdbc:h2:mem:6a3784ae-1aa6-4bbf-b617-4d4aeabcc2af
call next value for hibernate_sequence
call next value for hibernate_sequence;
2022-10-10 13:48:04.542  INFO 3923 --- [    Test worker] p6spy                                    : #1665377284542 | took 0ms | statement | connection 24| url jdbc:h2:mem:6a3784ae-1aa6-4bbf-b617-4d4aeabcc2af
call next value for hibernate_sequence
call next value for hibernate_sequence;
2022-10-10 13:48:04.542  INFO 3923 --- [    Test worker] p6spy                                    : #1665377284542 | took 0ms | statement | connection 24| url jdbc:h2:mem:6a3784ae-1aa6-4bbf-b617-4d4aeabcc2af
call next value for hibernate_sequence
call next value for hibernate_sequence;
2022-10-10 13:48:04.542  INFO 3923 --- [    Test worker] p6spy                                    : #1665377284542 | took 0ms | statement | connection 24| url jdbc:h2:mem:6a3784ae-1aa6-4bbf-b617-4d4aeabcc2af
call next value for hibernate_sequence
call next value for hibernate_sequence;
2022-10-10 13:48:04.542  INFO 3923 --- [    Test worker] p6spy                                    : #1665377284542 | took 0ms | statement | connection 24| url jdbc:h2:mem:6a3784ae-1aa6-4bbf-b617-4d4aeabcc2af
call next value for hibernate_sequence
call next value for hibernate_sequence;
2022-10-10 13:48:04.542  INFO 3923 --- [    Test worker] p6spy                                    : #1665377284542 | took 0ms | statement | connection 24| url jdbc:h2:mem:6a3784ae-1aa6-4bbf-b617-4d4aeabcc2af
call next value for hibernate_sequence
call next value for hibernate_sequence;
2022-10-10 13:48:04.542  INFO 3923 --- [    Test worker] p6spy                                    : #1665377284542 | took 0ms | statement | connection 24| url jdbc:h2:mem:6a3784ae-1aa6-4bbf-b617-4d4aeabcc2af
call next value for hibernate_sequence
call next value for hibernate_sequence;
2022-10-10 13:48:04.542  INFO 3923 --- [    Test worker] c.j.r.FavoriteSpotQueryRepositoryTest    : favoriteSpot = FavoriteSpot(id=410, count=0)
2022-10-10 13:48:04.542  INFO 3923 --- [    Test worker] c.j.r.FavoriteSpotQueryRepositoryTest    : Spot = capstone.jejuTourrecommend.domain.Spot@6700af3
2022-10-10 13:48:04.542  INFO 3923 --- [    Test worker] p6spy                                    : #1665377284542 | took 0ms | statement | connection 24| url jdbc:h2:mem:6a3784ae-1aa6-4bbf-b617-4d4aeabcc2af
call next value for hibernate_sequence
call next value for hibernate_sequence;
2022-10-10 13:48:04.542  INFO 3923 --- [    Test worker] p6spy                                    : #1665377284542 | took 0ms | statement | connection 24| url jdbc:h2:mem:6a3784ae-1aa6-4bbf-b617-4d4aeabcc2af
call next value for hibernate_sequence
call next value for hibernate_sequence;
2022-10-10 13:48:04.542  INFO 3923 --- [    Test worker] p6spy                                    : #1665377284542 | took 0ms | statement | connection 24| url jdbc:h2:mem:6a3784ae-1aa6-4bbf-b617-4d4aeabcc2af
call next value for hibernate_sequence
call next value for hibernate_sequence;
2022-10-10 13:48:04.542  INFO 3923 --- [    Test worker] p6spy                                    : #1665377284542 | took 0ms | statement | connection 24| url jdbc:h2:mem:6a3784ae-1aa6-4bbf-b617-4d4aeabcc2af
call next value for hibernate_sequence
call next value for hibernate_sequence;
2022-10-10 13:48:04.542  INFO 3923 --- [    Test worker] p6spy                                    : #1665377284542 | took 0ms | statement | connection 24| url jdbc:h2:mem:6a3784ae-1aa6-4bbf-b617-4d4aeabcc2af
call next value for hibernate_sequence
call next value for hibernate_sequence;
2022-10-10 13:48:04.542  INFO 3923 --- [    Test worker] p6spy                                    : #1665377284542 | took 0ms | statement | connection 24| url jdbc:h2:mem:6a3784ae-1aa6-4bbf-b617-4d4aeabcc2af
call next value for hibernate_sequence
call next value for hibernate_sequence;
2022-10-10 13:48:04.542  INFO 3923 --- [    Test worker] p6spy                                    : #1665377284542 | took 0ms | statement | connection 24| url jdbc:h2:mem:6a3784ae-1aa6-4bbf-b617-4d4aeabcc2af
call next value for hibernate_sequence
call next value for hibernate_sequence;
2022-10-10 13:48:04.543  INFO 3923 --- [    Test worker] p6spy                                    : #1665377284543 | took 0ms | statement | connection 24| url jdbc:h2:mem:6a3784ae-1aa6-4bbf-b617-4d4aeabcc2af
call next value for hibernate_sequence
call next value for hibernate_sequence;
2022-10-10 13:48:04.543  INFO 3923 --- [    Test worker] c.j.r.FavoriteSpotQueryRepositoryTest    : favoriteSpot = FavoriteSpot(id=411, count=0)
2022-10-10 13:48:04.543  INFO 3923 --- [    Test worker] c.j.r.FavoriteSpotQueryRepositoryTest    : Spot = capstone.jejuTourrecommend.domain.Spot@4719fe67
2022-10-10 13:48:04.543  INFO 3923 --- [    Test worker] p6spy                                    : #1665377284543 | took 0ms | statement | connection 24| url jdbc:h2:mem:6a3784ae-1aa6-4bbf-b617-4d4aeabcc2af
call next value for hibernate_sequence
call next value for hibernate_sequence;
2022-10-10 13:48:04.543  INFO 3923 --- [    Test worker] p6spy                                    : #1665377284543 | took 0ms | statement | connection 24| url jdbc:h2:mem:6a3784ae-1aa6-4bbf-b617-4d4aeabcc2af
call next value for hibernate_sequence
call next value for hibernate_sequence;
2022-10-10 13:48:04.543  INFO 3923 --- [    Test worker] p6spy                                    : #1665377284543 | took 0ms | statement | connection 24| url jdbc:h2:mem:6a3784ae-1aa6-4bbf-b617-4d4aeabcc2af
call next value for hibernate_sequence
call next value for hibernate_sequence;
2022-10-10 13:48:04.543  INFO 3923 --- [    Test worker] p6spy                                    : #1665377284543 | took 0ms | statement | connection 24| url jdbc:h2:mem:6a3784ae-1aa6-4bbf-b617-4d4aeabcc2af
call next value for hibernate_sequence
call next value for hibernate_sequence;
2022-10-10 13:48:04.543  INFO 3923 --- [    Test worker] p6spy                                    : #1665377284543 | took 0ms | statement | connection 24| url jdbc:h2:mem:6a3784ae-1aa6-4bbf-b617-4d4aeabcc2af
call next value for hibernate_sequence
call next value for hibernate_sequence;
2022-10-10 13:48:04.543  INFO 3923 --- [    Test worker] p6spy                                    : #1665377284543 | took 0ms | statement | connection 24| url jdbc:h2:mem:6a3784ae-1aa6-4bbf-b617-4d4aeabcc2af
call next value for hibernate_sequence
call next value for hibernate_sequence;
2022-10-10 13:48:04.543  INFO 3923 --- [    Test worker] p6spy                                    : #1665377284543 | took 0ms | statement | connection 24| url jdbc:h2:mem:6a3784ae-1aa6-4bbf-b617-4d4aeabcc2af
call next value for hibernate_sequence
call next value for hibernate_sequence;
2022-10-10 13:48:04.543  INFO 3923 --- [    Test worker] p6spy                                    : #1665377284543 | took 0ms | statement | connection 24| url jdbc:h2:mem:6a3784ae-1aa6-4bbf-b617-4d4aeabcc2af
call next value for hibernate_sequence
call next value for hibernate_sequence;
2022-10-10 13:48:04.543  INFO 3923 --- [    Test worker] c.j.r.FavoriteSpotQueryRepositoryTest    : favoriteSpot = FavoriteSpot(id=412, count=0)
2022-10-10 13:48:04.543  INFO 3923 --- [    Test worker] c.j.r.FavoriteSpotQueryRepositoryTest    : Spot = capstone.jejuTourrecommend.domain.Spot@5e0326b1
2022-10-10 13:48:04.543  INFO 3923 --- [    Test worker] p6spy                                    : #1665377284543 | took 0ms | statement | connection 24| url jdbc:h2:mem:6a3784ae-1aa6-4bbf-b617-4d4aeabcc2af
call next value for hibernate_sequence
call next value for hibernate_sequence;
2022-10-10 13:48:04.543  INFO 3923 --- [    Test worker] p6spy                                    : #1665377284543 | took 0ms | statement | connection 24| url jdbc:h2:mem:6a3784ae-1aa6-4bbf-b617-4d4aeabcc2af
call next value for hibernate_sequence
call next value for hibernate_sequence;
2022-10-10 13:48:04.543  INFO 3923 --- [    Test worker] p6spy                                    : #1665377284543 | took 0ms | statement | connection 24| url jdbc:h2:mem:6a3784ae-1aa6-4bbf-b617-4d4aeabcc2af
call next value for hibernate_sequence
call next value for hibernate_sequence;
2022-10-10 13:48:04.543  INFO 3923 --- [    Test worker] p6spy                                    : #1665377284543 | took 0ms | statement | connection 24| url jdbc:h2:mem:6a3784ae-1aa6-4bbf-b617-4d4aeabcc2af
call next value for spot_seq
call next value for spot_seq;
2022-10-10 13:48:04.543  INFO 3923 --- [    Test worker] p6spy                                    : #1665377284543 | took 0ms | statement | connection 24| url jdbc:h2:mem:6a3784ae-1aa6-4bbf-b617-4d4aeabcc2af
call next value for hibernate_sequence
call next value for hibernate_sequence;
2022-10-10 13:48:04.543  INFO 3923 --- [    Test worker] p6spy                                    : #1665377284543 | took 0ms | statement | connection 24| url jdbc:h2:mem:6a3784ae-1aa6-4bbf-b617-4d4aeabcc2af
call next value for hibernate_sequence
call next value for hibernate_sequence;
2022-10-10 13:48:04.543  INFO 3923 --- [    Test worker] p6spy                                    : #1665377284543 | took 0ms | statement | connection 24| url jdbc:h2:mem:6a3784ae-1aa6-4bbf-b617-4d4aeabcc2af
call next value for hibernate_sequence
call next value for hibernate_sequence;
2022-10-10 13:48:04.543  INFO 3923 --- [    Test worker] p6spy                                    : #1665377284543 | took 0ms | statement | connection 24| url jdbc:h2:mem:6a3784ae-1aa6-4bbf-b617-4d4aeabcc2af
call next value for hibernate_sequence
call next value for hibernate_sequence;
2022-10-10 13:48:04.543  INFO 3923 --- [    Test worker] p6spy                                    : #1665377284543 | took 0ms | statement | connection 24| url jdbc:h2:mem:6a3784ae-1aa6-4bbf-b617-4d4aeabcc2af
call next value for hibernate_sequence
call next value for hibernate_sequence;
2022-10-10 13:48:04.543  INFO 3923 --- [    Test worker] c.j.r.FavoriteSpotQueryRepositoryTest    : favoriteSpot = FavoriteSpot(id=413, count=0)
2022-10-10 13:48:04.543  INFO 3923 --- [    Test worker] c.j.r.FavoriteSpotQueryRepositoryTest    : Spot = capstone.jejuTourrecommend.domain.Spot@bc537fe
2022-10-10 13:48:04.543  INFO 3923 --- [    Test worker] p6spy                                    : #1665377284543 | took 0ms | statement | connection 24| url jdbc:h2:mem:6a3784ae-1aa6-4bbf-b617-4d4aeabcc2af
call next value for hibernate_sequence
call next value for hibernate_sequence;
2022-10-10 13:48:04.543  INFO 3923 --- [    Test worker] p6spy                                    : #1665377284543 | took 0ms | statement | connection 24| url jdbc:h2:mem:6a3784ae-1aa6-4bbf-b617-4d4aeabcc2af
call next value for hibernate_sequence
call next value for hibernate_sequence;
2022-10-10 13:48:04.543  INFO 3923 --- [    Test worker] p6spy                                    : #1665377284543 | took 0ms | statement | connection 24| url jdbc:h2:mem:6a3784ae-1aa6-4bbf-b617-4d4aeabcc2af
call next value for hibernate_sequence
call next value for hibernate_sequence;
2022-10-10 13:48:04.543  INFO 3923 --- [    Test worker] p6spy                                    : #1665377284543 | took 0ms | statement | connection 24| url jdbc:h2:mem:6a3784ae-1aa6-4bbf-b617-4d4aeabcc2af
call next value for hibernate_sequence
call next value for hibernate_sequence;
2022-10-10 13:48:04.543  INFO 3923 --- [    Test worker] p6spy                                    : #1665377284543 | took 0ms | statement | connection 24| url jdbc:h2:mem:6a3784ae-1aa6-4bbf-b617-4d4aeabcc2af
call next value for hibernate_sequence
call next value for hibernate_sequence;
2022-10-10 13:48:04.543  INFO 3923 --- [    Test worker] p6spy                                    : #1665377284543 | took 0ms | statement | connection 24| url jdbc:h2:mem:6a3784ae-1aa6-4bbf-b617-4d4aeabcc2af
call next value for hibernate_sequence
call next value for hibernate_sequence;
2022-10-10 13:48:04.543  INFO 3923 --- [    Test worker] p6spy                                    : #1665377284543 | took 0ms | statement | connection 24| url jdbc:h2:mem:6a3784ae-1aa6-4bbf-b617-4d4aeabcc2af
call next value for hibernate_sequence
call next value for hibernate_sequence;
2022-10-10 13:48:04.543  INFO 3923 --- [    Test worker] p6spy                                    : #1665377284543 | took 0ms | statement | connection 24| url jdbc:h2:mem:6a3784ae-1aa6-4bbf-b617-4d4aeabcc2af
call next value for hibernate_sequence
call next value for hibernate_sequence;
2022-10-10 13:48:04.543  INFO 3923 --- [    Test worker] c.j.r.FavoriteSpotQueryRepositoryTest    : favoriteSpot = FavoriteSpot(id=414, count=0)
2022-10-10 13:48:04.543  INFO 3923 --- [    Test worker] c.j.r.FavoriteSpotQueryRepositoryTest    : Spot = capstone.jejuTourrecommend.domain.Spot@39da5b44
2022-10-10 13:48:04.543  INFO 3923 --- [    Test worker] p6spy                                    : #1665377284543 | took 0ms | statement | connection 24| url jdbc:h2:mem:6a3784ae-1aa6-4bbf-b617-4d4aeabcc2af
call next value for hibernate_sequence
call next value for hibernate_sequence;
2022-10-10 13:48:04.543  INFO 3923 --- [    Test worker] p6spy                                    : #1665377284543 | took 0ms | statement | connection 24| url jdbc:h2:mem:6a3784ae-1aa6-4bbf-b617-4d4aeabcc2af
call next value for hibernate_sequence
call next value for hibernate_sequence;
2022-10-10 13:48:04.543  INFO 3923 --- [    Test worker] p6spy                                    : #1665377284543 | took 0ms | statement | connection 24| url jdbc:h2:mem:6a3784ae-1aa6-4bbf-b617-4d4aeabcc2af
call next value for hibernate_sequence
call next value for hibernate_sequence;
2022-10-10 13:48:04.543  INFO 3923 --- [    Test worker] p6spy                                    : #1665377284543 | took 0ms | statement | connection 24| url jdbc:h2:mem:6a3784ae-1aa6-4bbf-b617-4d4aeabcc2af
call next value for hibernate_sequence
call next value for hibernate_sequence;
2022-10-10 13:48:04.543  INFO 3923 --- [    Test worker] p6spy                                    : #1665377284543 | took 0ms | statement | connection 24| url jdbc:h2:mem:6a3784ae-1aa6-4bbf-b617-4d4aeabcc2af
call next value for hibernate_sequence
call next value for hibernate_sequence;
2022-10-10 13:48:04.544  INFO 3923 --- [    Test worker] p6spy                                    : #1665377284544 | took 0ms | statement | connection 24| url jdbc:h2:mem:6a3784ae-1aa6-4bbf-b617-4d4aeabcc2af
call next value for hibernate_sequence
call next value for hibernate_sequence;
2022-10-10 13:48:04.544  INFO 3923 --- [    Test worker] p6spy                                    : #1665377284544 | took 0ms | statement | connection 24| url jdbc:h2:mem:6a3784ae-1aa6-4bbf-b617-4d4aeabcc2af
call next value for hibernate_sequence
call next value for hibernate_sequence;
2022-10-10 13:48:04.544  INFO 3923 --- [    Test worker] p6spy                                    : #1665377284544 | took 0ms | statement | connection 24| url jdbc:h2:mem:6a3784ae-1aa6-4bbf-b617-4d4aeabcc2af
call next value for hibernate_sequence
call next value for hibernate_sequence;
2022-10-10 13:48:04.544  INFO 3923 --- [    Test worker] c.j.r.FavoriteSpotQueryRepositoryTest    : favoriteSpot = FavoriteSpot(id=415, count=0)
2022-10-10 13:48:04.544  INFO 3923 --- [    Test worker] c.j.r.FavoriteSpotQueryRepositoryTest    : Spot = capstone.jejuTourrecommend.domain.Spot@53cb68dc
2022-10-10 13:48:04.544  INFO 3923 --- [    Test worker] p6spy                                    : #1665377284544 | took 0ms | statement | connection 24| url jdbc:h2:mem:6a3784ae-1aa6-4bbf-b617-4d4aeabcc2af
call next value for hibernate_sequence
call next value for hibernate_sequence;
2022-10-10 13:48:04.544  INFO 3923 --- [    Test worker] p6spy                                    : #1665377284544 | took 0ms | statement | connection 24| url jdbc:h2:mem:6a3784ae-1aa6-4bbf-b617-4d4aeabcc2af
call next value for hibernate_sequence
call next value for hibernate_sequence;
2022-10-10 13:48:04.544  INFO 3923 --- [    Test worker] p6spy                                    : #1665377284544 | took 0ms | statement | connection 24| url jdbc:h2:mem:6a3784ae-1aa6-4bbf-b617-4d4aeabcc2af
call next value for hibernate_sequence
call next value for hibernate_sequence;
2022-10-10 13:48:04.544  INFO 3923 --- [    Test worker] p6spy                                    : #1665377284544 | took 0ms | statement | connection 24| url jdbc:h2:mem:6a3784ae-1aa6-4bbf-b617-4d4aeabcc2af
call next value for hibernate_sequence
call next value for hibernate_sequence;
2022-10-10 13:48:04.544  INFO 3923 --- [    Test worker] p6spy                                    : #1665377284544 | took 0ms | statement | connection 24| url jdbc:h2:mem:6a3784ae-1aa6-4bbf-b617-4d4aeabcc2af
call next value for hibernate_sequence
call next value for hibernate_sequence;
2022-10-10 13:48:04.544  INFO 3923 --- [    Test worker] p6spy                                    : #1665377284544 | took 0ms | statement | connection 24| url jdbc:h2:mem:6a3784ae-1aa6-4bbf-b617-4d4aeabcc2af
call next value for hibernate_sequence
call next value for hibernate_sequence;
2022-10-10 13:48:04.544  INFO 3923 --- [    Test worker] p6spy                                    : #1665377284544 | took 0ms | statement | connection 24| url jdbc:h2:mem:6a3784ae-1aa6-4bbf-b617-4d4aeabcc2af
call next value for hibernate_sequence
call next value for hibernate_sequence;
2022-10-10 13:48:04.544  INFO 3923 --- [    Test worker] p6spy                                    : #1665377284544 | took 0ms | statement | connection 24| url jdbc:h2:mem:6a3784ae-1aa6-4bbf-b617-4d4aeabcc2af
call next value for hibernate_sequence
call next value for hibernate_sequence;
2022-10-10 13:48:04.544  INFO 3923 --- [    Test worker] c.j.r.FavoriteSpotQueryRepositoryTest    : favoriteSpot = FavoriteSpot(id=416, count=0)
2022-10-10 13:48:04.544  INFO 3923 --- [    Test worker] c.j.r.FavoriteSpotQueryRepositoryTest    : Spot = capstone.jejuTourrecommend.domain.Spot@6a792df3
2022-10-10 13:48:04.544  INFO 3923 --- [    Test worker] p6spy                                    : #1665377284544 | took 0ms | statement | connection 24| url jdbc:h2:mem:6a3784ae-1aa6-4bbf-b617-4d4aeabcc2af
call next value for hibernate_sequence
call next value for hibernate_sequence;
2022-10-10 13:48:04.544  INFO 3923 --- [    Test worker] p6spy                                    : #1665377284544 | took 0ms | statement | connection 24| url jdbc:h2:mem:6a3784ae-1aa6-4bbf-b617-4d4aeabcc2af
call next value for hibernate_sequence
call next value for hibernate_sequence;
2022-10-10 13:48:04.544  INFO 3923 --- [    Test worker] p6spy                                    : #1665377284544 | took 0ms | statement | connection 24| url jdbc:h2:mem:6a3784ae-1aa6-4bbf-b617-4d4aeabcc2af
call next value for hibernate_sequence
call next value for hibernate_sequence;
2022-10-10 13:48:04.544  INFO 3923 --- [    Test worker] p6spy                                    : #1665377284544 | took 0ms | statement | connection 24| url jdbc:h2:mem:6a3784ae-1aa6-4bbf-b617-4d4aeabcc2af
call next value for hibernate_sequence
call next value for hibernate_sequence;
2022-10-10 13:48:04.544  INFO 3923 --- [    Test worker] p6spy                                    : #1665377284544 | took 0ms | statement | connection 24| url jdbc:h2:mem:6a3784ae-1aa6-4bbf-b617-4d4aeabcc2af
call next value for hibernate_sequence
call next value for hibernate_sequence;
2022-10-10 13:48:04.544  INFO 3923 --- [    Test worker] p6spy                                    : #1665377284544 | took 0ms | statement | connection 24| url jdbc:h2:mem:6a3784ae-1aa6-4bbf-b617-4d4aeabcc2af
call next value for hibernate_sequence
call next value for hibernate_sequence;
2022-10-10 13:48:04.544  INFO 3923 --- [    Test worker] p6spy                                    : #1665377284544 | took 0ms | statement | connection 24| url jdbc:h2:mem:6a3784ae-1aa6-4bbf-b617-4d4aeabcc2af
call next value for hibernate_sequence
call next value for hibernate_sequence;
2022-10-10 13:48:04.544  INFO 3923 --- [    Test worker] p6spy                                    : #1665377284544 | took 0ms | statement | connection 24| url jdbc:h2:mem:6a3784ae-1aa6-4bbf-b617-4d4aeabcc2af
call next value for hibernate_sequence
call next value for hibernate_sequence;
2022-10-10 13:48:04.544  INFO 3923 --- [    Test worker] c.j.r.FavoriteSpotQueryRepositoryTest    : favoriteSpot = FavoriteSpot(id=417, count=0)
2022-10-10 13:48:04.544  INFO 3923 --- [    Test worker] c.j.r.FavoriteSpotQueryRepositoryTest    : Spot = capstone.jejuTourrecommend.domain.Spot@59da7780
2022-10-10 13:48:04.544  INFO 3923 --- [    Test worker] p6spy                                    : #1665377284544 | took 0ms | statement | connection 24| url jdbc:h2:mem:6a3784ae-1aa6-4bbf-b617-4d4aeabcc2af
call next value for hibernate_sequence
call next value for hibernate_sequence;
2022-10-10 13:48:04.544  INFO 3923 --- [    Test worker] p6spy                                    : #1665377284544 | took 0ms | statement | connection 24| url jdbc:h2:mem:6a3784ae-1aa6-4bbf-b617-4d4aeabcc2af
call next value for hibernate_sequence
call next value for hibernate_sequence;
2022-10-10 13:48:04.544  INFO 3923 --- [    Test worker] p6spy                                    : #1665377284544 | took 0ms | statement | connection 24| url jdbc:h2:mem:6a3784ae-1aa6-4bbf-b617-4d4aeabcc2af
call next value for hibernate_sequence
call next value for hibernate_sequence;
2022-10-10 13:48:04.544  INFO 3923 --- [    Test worker] p6spy                                    : #1665377284544 | took 0ms | statement | connection 24| url jdbc:h2:mem:6a3784ae-1aa6-4bbf-b617-4d4aeabcc2af
call next value for hibernate_sequence
call next value for hibernate_sequence;
2022-10-10 13:48:04.544  INFO 3923 --- [    Test worker] p6spy                                    : #1665377284544 | took 0ms | statement | connection 24| url jdbc:h2:mem:6a3784ae-1aa6-4bbf-b617-4d4aeabcc2af
call next value for hibernate_sequence
call next value for hibernate_sequence;
2022-10-10 13:48:04.544  INFO 3923 --- [    Test worker] p6spy                                    : #1665377284544 | took 0ms | statement | connection 24| url jdbc:h2:mem:6a3784ae-1aa6-4bbf-b617-4d4aeabcc2af
call next value for hibernate_sequence
call next value for hibernate_sequence;
2022-10-10 13:48:04.544  INFO 3923 --- [    Test worker] p6spy                                    : #1665377284544 | took 0ms | statement | connection 24| url jdbc:h2:mem:6a3784ae-1aa6-4bbf-b617-4d4aeabcc2af
call next value for hibernate_sequence
call next value for hibernate_sequence;
2022-10-10 13:48:04.544  INFO 3923 --- [    Test worker] p6spy                                    : #1665377284544 | took 0ms | statement | connection 24| url jdbc:h2:mem:6a3784ae-1aa6-4bbf-b617-4d4aeabcc2af
call next value for hibernate_sequence
call next value for hibernate_sequence;
2022-10-10 13:48:04.544  INFO 3923 --- [    Test worker] c.j.r.FavoriteSpotQueryRepositoryTest    : favoriteSpot = FavoriteSpot(id=418, count=0)
2022-10-10 13:48:04.544  INFO 3923 --- [    Test worker] c.j.r.FavoriteSpotQueryRepositoryTest    : Spot = capstone.jejuTourrecommend.domain.Spot@332d2db
2022-10-10 13:48:04.544  INFO 3923 --- [    Test worker] p6spy                                    : #1665377284544 | took 0ms | statement | connection 24| url jdbc:h2:mem:6a3784ae-1aa6-4bbf-b617-4d4aeabcc2af
call next value for hibernate_sequence
call next value for hibernate_sequence;
2022-10-10 13:48:04.544  INFO 3923 --- [    Test worker] p6spy                                    : #1665377284544 | took 0ms | statement | connection 24| url jdbc:h2:mem:6a3784ae-1aa6-4bbf-b617-4d4aeabcc2af
call next value for hibernate_sequence
call next value for hibernate_sequence;
2022-10-10 13:48:04.544  INFO 3923 --- [    Test worker] p6spy                                    : #1665377284544 | took 0ms | statement | connection 24| url jdbc:h2:mem:6a3784ae-1aa6-4bbf-b617-4d4aeabcc2af
call next value for hibernate_sequence
call next value for hibernate_sequence;
2022-10-10 13:48:04.544  INFO 3923 --- [    Test worker] p6spy                                    : #1665377284544 | took 0ms | statement | connection 24| url jdbc:h2:mem:6a3784ae-1aa6-4bbf-b617-4d4aeabcc2af
call next value for hibernate_sequence
call next value for hibernate_sequence;
2022-10-10 13:48:04.544  INFO 3923 --- [    Test worker] p6spy                                    : #1665377284544 | took 0ms | statement | connection 24| url jdbc:h2:mem:6a3784ae-1aa6-4bbf-b617-4d4aeabcc2af
call next value for hibernate_sequence
call next value for hibernate_sequence;
2022-10-10 13:48:04.545  INFO 3923 --- [    Test worker] p6spy                                    : #1665377284545 | took 0ms | statement | connection 24| url jdbc:h2:mem:6a3784ae-1aa6-4bbf-b617-4d4aeabcc2af
call next value for hibernate_sequence
call next value for hibernate_sequence;
2022-10-10 13:48:04.545  INFO 3923 --- [    Test worker] p6spy                                    : #1665377284545 | took 0ms | statement | connection 24| url jdbc:h2:mem:6a3784ae-1aa6-4bbf-b617-4d4aeabcc2af
call next value for hibernate_sequence
call next value for hibernate_sequence;
2022-10-10 13:48:04.545  INFO 3923 --- [    Test worker] p6spy                                    : #1665377284545 | took 0ms | statement | connection 24| url jdbc:h2:mem:6a3784ae-1aa6-4bbf-b617-4d4aeabcc2af
call next value for hibernate_sequence
call next value for hibernate_sequence;
2022-10-10 13:48:04.545  INFO 3923 --- [    Test worker] c.j.r.FavoriteSpotQueryRepositoryTest    : favoriteSpot = FavoriteSpot(id=419, count=0)
2022-10-10 13:48:04.545  INFO 3923 --- [    Test worker] c.j.r.FavoriteSpotQueryRepositoryTest    : Spot = capstone.jejuTourrecommend.domain.Spot@aba13b6
2022-10-10 13:48:04.545  INFO 3923 --- [    Test worker] p6spy                                    : #1665377284545 | took 0ms | statement | connection 24| url jdbc:h2:mem:6a3784ae-1aa6-4bbf-b617-4d4aeabcc2af
call next value for hibernate_sequence
call next value for hibernate_sequence;
2022-10-10 13:48:04.545  INFO 3923 --- [    Test worker] p6spy                                    : #1665377284545 | took 0ms | statement | connection 24| url jdbc:h2:mem:6a3784ae-1aa6-4bbf-b617-4d4aeabcc2af
call next value for hibernate_sequence
call next value for hibernate_sequence;
2022-10-10 13:48:04.545  INFO 3923 --- [    Test worker] p6spy                                    : #1665377284545 | took 0ms | statement | connection 24| url jdbc:h2:mem:6a3784ae-1aa6-4bbf-b617-4d4aeabcc2af
call next value for hibernate_sequence
call next value for hibernate_sequence;
2022-10-10 13:48:04.545  INFO 3923 --- [    Test worker] p6spy                                    : #1665377284545 | took 0ms | statement | connection 24| url jdbc:h2:mem:6a3784ae-1aa6-4bbf-b617-4d4aeabcc2af
call next value for hibernate_sequence
call next value for hibernate_sequence;
2022-10-10 13:48:04.545  INFO 3923 --- [    Test worker] p6spy                                    : #1665377284545 | took 0ms | statement | connection 24| url jdbc:h2:mem:6a3784ae-1aa6-4bbf-b617-4d4aeabcc2af
call next value for review_seq
call next value for review_seq;
2022-10-10 13:48:04.545  INFO 3923 --- [    Test worker] p6spy                                    : #1665377284545 | took 0ms | statement | connection 24| url jdbc:h2:mem:6a3784ae-1aa6-4bbf-b617-4d4aeabcc2af
call next value for hibernate_sequence
call next value for hibernate_sequence;
2022-10-10 13:48:04.545  INFO 3923 --- [    Test worker] p6spy                                    : #1665377284545 | took 0ms | statement | connection 24| url jdbc:h2:mem:6a3784ae-1aa6-4bbf-b617-4d4aeabcc2af
call next value for hibernate_sequence
call next value for hibernate_sequence;
2022-10-10 13:48:04.545  INFO 3923 --- [    Test worker] p6spy                                    : #1665377284545 | took 0ms | statement | connection 24| url jdbc:h2:mem:6a3784ae-1aa6-4bbf-b617-4d4aeabcc2af
call next value for hibernate_sequence
call next value for hibernate_sequence;
2022-10-10 13:48:04.545  INFO 3923 --- [    Test worker] p6spy                                    : #1665377284545 | took 0ms | statement | connection 24| url jdbc:h2:mem:6a3784ae-1aa6-4bbf-b617-4d4aeabcc2af
call next value for hibernate_sequence
call next value for hibernate_sequence;
2022-10-10 13:48:04.545  INFO 3923 --- [    Test worker] c.j.r.FavoriteSpotQueryRepositoryTest    : favoriteSpot = FavoriteSpot(id=420, count=0)
2022-10-10 13:48:04.545  INFO 3923 --- [    Test worker] c.j.r.FavoriteSpotQueryRepositoryTest    : Spot = capstone.jejuTourrecommend.domain.Spot@7417b08f
2022-10-10 13:48:04.545  INFO 3923 --- [    Test worker] p6spy                                    : #1665377284545 | took 0ms | statement | connection 24| url jdbc:h2:mem:6a3784ae-1aa6-4bbf-b617-4d4aeabcc2af
call next value for score_seq
call next value for score_seq;
2022-10-10 13:48:04.545  INFO 3923 --- [    Test worker] p6spy                                    : #1665377284545 | took 0ms | statement | connection 24| url jdbc:h2:mem:6a3784ae-1aa6-4bbf-b617-4d4aeabcc2af
call next value for hibernate_sequence
call next value for hibernate_sequence;
2022-10-10 13:48:04.545  INFO 3923 --- [    Test worker] p6spy                                    : #1665377284545 | took 0ms | statement | connection 24| url jdbc:h2:mem:6a3784ae-1aa6-4bbf-b617-4d4aeabcc2af
call next value for hibernate_sequence
call next value for hibernate_sequence;
2022-10-10 13:48:04.545  INFO 3923 --- [    Test worker] p6spy                                    : #1665377284545 | took 0ms | statement | connection 24| url jdbc:h2:mem:6a3784ae-1aa6-4bbf-b617-4d4aeabcc2af
call next value for hibernate_sequence
call next value for hibernate_sequence;
2022-10-10 13:48:04.545  INFO 3923 --- [    Test worker] p6spy                                    : #1665377284545 | took 0ms | statement | connection 24| url jdbc:h2:mem:6a3784ae-1aa6-4bbf-b617-4d4aeabcc2af
call next value for hibernate_sequence
call next value for hibernate_sequence;
2022-10-10 13:48:04.547  INFO 3923 --- [    Test worker] p6spy                                    : #1665377284547 | took 0ms | statement | connection 24| url jdbc:h2:mem:6a3784ae-1aa6-4bbf-b617-4d4aeabcc2af
insert into member (created_date, last_modified_date, created_by, last_modified_by, email, password, refresh_token, role, username, member_id) values (?, ?, ?, ?, ?, ?, ?, ?, ?, ?)
insert into member (created_date, last_modified_date, created_by, last_modified_by, email, password, refresh_token, role, username, member_id) values ('2022-10-10T13:48:04.531+0900', '2022-10-10T13:48:04.531+0900', '233d81ce-6438-4ac0-b994-d3e065cc7135', '233d81ce-6438-4ac0-b994-d3e065cc7135', 'member1@gmail.com', '1234', NULL, NULL, 'member1', 16);
2022-10-10 13:48:04.547  INFO 3923 --- [    Test worker] p6spy                                    : #1665377284547 | took 0ms | statement | connection 24| url jdbc:h2:mem:6a3784ae-1aa6-4bbf-b617-4d4aeabcc2af
insert into member (created_date, last_modified_date, created_by, last_modified_by, email, password, refresh_token, role, username, member_id) values (?, ?, ?, ?, ?, ?, ?, ?, ?, ?)
insert into member (created_date, last_modified_date, created_by, last_modified_by, email, password, refresh_token, role, username, member_id) values ('2022-10-10T13:48:04.532+0900', '2022-10-10T13:48:04.532+0900', '856c9ae3-6b62-4acc-aa17-ab3a82829592', '856c9ae3-6b62-4acc-aa17-ab3a82829592', 'member2@naver.com', '2345', NULL, NULL, 'member2', 17);
2022-10-10 13:48:04.547  INFO 3923 --- [    Test worker] p6spy                                    : #1665377284547 | took 0ms | statement | connection 24| url jdbc:h2:mem:6a3784ae-1aa6-4bbf-b617-4d4aeabcc2af
insert into favorite (member_id, name, favorite_id) values (?, ?, ?)
insert into favorite (member_id, name, favorite_id) values (16, '1일차', 38);
2022-10-10 13:48:04.547  INFO 3923 --- [    Test worker] p6spy                                    : #1665377284547 | took 0ms | statement | connection 24| url jdbc:h2:mem:6a3784ae-1aa6-4bbf-b617-4d4aeabcc2af
insert into score (facility_rank, facility_score, price_rank, price_score, rank_average, surround_rank, surround_score, view_rank, view_score, score_id) values (?, ?, ?, ?, ?, ?, ?, ?, ?, ?)
insert into score (facility_rank, facility_score, price_rank, price_score, rank_average, surround_rank, surround_score, view_rank, view_score, score_id) values (6.519586112516845, 8.32984161752837, 9.752815168442519, 2.7933008762271614, 6.410216067513229, 2.4380687702990125, 1.587858619730349, 6.610815812426116, 0.8834483709724084, 403);
2022-10-10 13:48:04.547  INFO 3923 --- [    Test worker] p6spy                                    : #1665377284547 | took 0ms | statement | connection 24| url jdbc:h2:mem:6a3784ae-1aa6-4bbf-b617-4d4aeabcc2af
insert into picture (spot_id, url, picture_id) values (?, ?, ?)
insert into picture (spot_id, url, picture_id) values (NULL, 'java.io.StringReader@dcfdaea', 1665);
2022-10-10 13:48:04.547  INFO 3923 --- [    Test worker] p6spy                                    : #1665377284547 | took 0ms | statement | connection 24| url jdbc:h2:mem:6a3784ae-1aa6-4bbf-b617-4d4aeabcc2af
insert into picture (spot_id, url, picture_id) values (?, ?, ?)
insert into picture (spot_id, url, picture_id) values (NULL, 'java.io.StringReader@3bd7ff1f', 1666);
2022-10-10 13:48:04.547  INFO 3923 --- [    Test worker] p6spy                                    : #1665377284547 | took 0ms | statement | connection 24| url jdbc:h2:mem:6a3784ae-1aa6-4bbf-b617-4d4aeabcc2af
insert into picture (spot_id, url, picture_id) values (?, ?, ?)
insert into picture (spot_id, url, picture_id) values (NULL, 'java.io.StringReader@5f4bb622', 1667);
2022-10-10 13:48:04.547  INFO 3923 --- [    Test worker] p6spy                                    : #1665377284547 | took 0ms | statement | connection 24| url jdbc:h2:mem:6a3784ae-1aa6-4bbf-b617-4d4aeabcc2af
insert into spot (address, description, location, name, score_id, spot_id) values (?, ?, ?, ?, ?, ?)
insert into spot (address, description, location, name, score_id, spot_id) values (NULL, NULL, 'Aewol_eup', NULL, 403, 469);
2022-10-10 13:48:04.547  INFO 3923 --- [    Test worker] p6spy                                    : #1665377284547 | took 0ms | statement | connection 24| url jdbc:h2:mem:6a3784ae-1aa6-4bbf-b617-4d4aeabcc2af
insert into member_spot (member_id, score, spot_id, member_spot_id) values (?, ?, ?, ?)
insert into member_spot (member_id, score, spot_id, member_spot_id) values (17, 0.0, 469, 1668);
2022-10-10 13:48:04.548  INFO 3923 --- [    Test worker] p6spy                                    : #1665377284548 | took 0ms | statement | connection 24| url jdbc:h2:mem:6a3784ae-1aa6-4bbf-b617-4d4aeabcc2af
insert into review (content, spot_id, review_id) values (?, ?, ?)
insert into review (content, spot_id, review_id) values ('java.io.StringReader@c5a7b77', 469, 405);
2022-10-10 13:48:04.548  INFO 3923 --- [    Test worker] p6spy                                    : #1665377284548 | took 0ms | statement | connection 24| url jdbc:h2:mem:6a3784ae-1aa6-4bbf-b617-4d4aeabcc2af
insert into favorite_spot (count, favorite_id, spot_id, favorite_spot_id) values (?, ?, ?, ?)
insert into favorite_spot (count, favorite_id, spot_id, favorite_spot_id) values (0, 38, 469, 371);
2022-10-10 13:48:04.548  INFO 3923 --- [    Test worker] p6spy                                    : #1665377284548 | took 0ms | statement | connection 24| url jdbc:h2:mem:6a3784ae-1aa6-4bbf-b617-4d4aeabcc2af
insert into score (facility_rank, facility_score, price_rank, price_score, rank_average, surround_rank, surround_score, view_rank, view_score, score_id) values (?, ?, ?, ?, ?, ?, ?, ?, ?, ?)
insert into score (facility_rank, facility_score, price_rank, price_score, rank_average, surround_rank, surround_score, view_rank, view_score, score_id) values (1.8005295467140725, 9.49013455476298, 3.2038170690342227, 0.9899968081929256, 8.173287868450345, 0.6899636834571787, 9.953879279875068, 3.720205620545186, 2.7356574350168374, 404);
2022-10-10 13:48:04.548  INFO 3923 --- [    Test worker] p6spy                                    : #1665377284548 | took 0ms | statement | connection 24| url jdbc:h2:mem:6a3784ae-1aa6-4bbf-b617-4d4aeabcc2af
insert into picture (spot_id, url, picture_id) values (?, ?, ?)
insert into picture (spot_id, url, picture_id) values (NULL, 'java.io.StringReader@12b1dcec', 1669);
2022-10-10 13:48:04.548  INFO 3923 --- [    Test worker] p6spy                                    : #1665377284548 | took 0ms | statement | connection 24| url jdbc:h2:mem:6a3784ae-1aa6-4bbf-b617-4d4aeabcc2af
insert into picture (spot_id, url, picture_id) values (?, ?, ?)
insert into picture (spot_id, url, picture_id) values (NULL, 'java.io.StringReader@23690154', 1670);
2022-10-10 13:48:04.548  INFO 3923 --- [    Test worker] p6spy                                    : #1665377284548 | took 0ms | statement | connection 24| url jdbc:h2:mem:6a3784ae-1aa6-4bbf-b617-4d4aeabcc2af
insert into picture (spot_id, url, picture_id) values (?, ?, ?)
insert into picture (spot_id, url, picture_id) values (NULL, 'java.io.StringReader@60bffecb', 1671);
2022-10-10 13:48:04.548  INFO 3923 --- [    Test worker] p6spy                                    : #1665377284548 | took 0ms | statement | connection 24| url jdbc:h2:mem:6a3784ae-1aa6-4bbf-b617-4d4aeabcc2af
insert into spot (address, description, location, name, score_id, spot_id) values (?, ?, ?, ?, ?, ?)
insert into spot (address, description, location, name, score_id, spot_id) values (NULL, NULL, 'Aewol_eup', NULL, 404, 470);
2022-10-10 13:48:04.548  INFO 3923 --- [    Test worker] p6spy                                    : #1665377284548 | took 0ms | statement | connection 24| url jdbc:h2:mem:6a3784ae-1aa6-4bbf-b617-4d4aeabcc2af
insert into member_spot (member_id, score, spot_id, member_spot_id) values (?, ?, ?, ?)
insert into member_spot (member_id, score, spot_id, member_spot_id) values (17, 0.0, 470, 1672);
2022-10-10 13:48:04.548  INFO 3923 --- [    Test worker] p6spy                                    : #1665377284548 | took 0ms | statement | connection 24| url jdbc:h2:mem:6a3784ae-1aa6-4bbf-b617-4d4aeabcc2af
insert into review (content, spot_id, review_id) values (?, ?, ?)
insert into review (content, spot_id, review_id) values ('java.io.StringReader@3c846b00', 469, 406);
2022-10-10 13:48:04.548  INFO 3923 --- [    Test worker] p6spy                                    : #1665377284548 | took 0ms | statement | connection 24| url jdbc:h2:mem:6a3784ae-1aa6-4bbf-b617-4d4aeabcc2af
insert into score (facility_rank, facility_score, price_rank, price_score, rank_average, surround_rank, surround_score, view_rank, view_score, score_id) values (?, ?, ?, ?, ?, ?, ?, ?, ?, ?)
insert into score (facility_rank, facility_score, price_rank, price_score, rank_average, surround_rank, surround_score, view_rank, view_score, score_id) values (0.9368941475657355, 4.123062612672017, 5.552858354328773, 8.706348190910326, 2.8938865992370975, 0.3299919530001172, 6.369580074871584, 8.050114065975597, 6.2590125726460695, 405);
2022-10-10 13:48:04.548  INFO 3923 --- [    Test worker] p6spy                                    : #1665377284548 | took 0ms | statement | connection 24| url jdbc:h2:mem:6a3784ae-1aa6-4bbf-b617-4d4aeabcc2af
insert into picture (spot_id, url, picture_id) values (?, ?, ?)
insert into picture (spot_id, url, picture_id) values (NULL, 'java.io.StringReader@4a707c45', 1673);
2022-10-10 13:48:04.548  INFO 3923 --- [    Test worker] p6spy                                    : #1665377284548 | took 0ms | statement | connection 24| url jdbc:h2:mem:6a3784ae-1aa6-4bbf-b617-4d4aeabcc2af
insert into picture (spot_id, url, picture_id) values (?, ?, ?)
insert into picture (spot_id, url, picture_id) values (NULL, 'java.io.StringReader@293c1612', 1674);
2022-10-10 13:48:04.548  INFO 3923 --- [    Test worker] p6spy                                    : #1665377284548 | took 0ms | statement | connection 24| url jdbc:h2:mem:6a3784ae-1aa6-4bbf-b617-4d4aeabcc2af
insert into picture (spot_id, url, picture_id) values (?, ?, ?)
insert into picture (spot_id, url, picture_id) values (NULL, 'java.io.StringReader@2e9d0443', 1675);
2022-10-10 13:48:04.548  INFO 3923 --- [    Test worker] p6spy                                    : #1665377284548 | took 0ms | statement | connection 24| url jdbc:h2:mem:6a3784ae-1aa6-4bbf-b617-4d4aeabcc2af
insert into spot (address, description, location, name, score_id, spot_id) values (?, ?, ?, ?, ?, ?)
insert into spot (address, description, location, name, score_id, spot_id) values (NULL, NULL, 'Aewol_eup', NULL, 405, 471);
2022-10-10 13:48:04.548  INFO 3923 --- [    Test worker] p6spy                                    : #1665377284548 | took 0ms | statement | connection 24| url jdbc:h2:mem:6a3784ae-1aa6-4bbf-b617-4d4aeabcc2af
insert into member_spot (member_id, score, spot_id, member_spot_id) values (?, ?, ?, ?)
insert into member_spot (member_id, score, spot_id, member_spot_id) values (17, 0.0, 471, 1676);
2022-10-10 13:48:04.548  INFO 3923 --- [    Test worker] p6spy                                    : #1665377284548 | took 0ms | statement | connection 24| url jdbc:h2:mem:6a3784ae-1aa6-4bbf-b617-4d4aeabcc2af
insert into review (content, spot_id, review_id) values (?, ?, ?)
insert into review (content, spot_id, review_id) values ('java.io.StringReader@41896c9c', 469, 407);
2022-10-10 13:48:04.548  INFO 3923 --- [    Test worker] p6spy                                    : #1665377284548 | took 0ms | statement | connection 24| url jdbc:h2:mem:6a3784ae-1aa6-4bbf-b617-4d4aeabcc2af
insert into favorite_spot (count, favorite_id, spot_id, favorite_spot_id) values (?, ?, ?, ?)
insert into favorite_spot (count, favorite_id, spot_id, favorite_spot_id) values (0, 38, 471, 372);
2022-10-10 13:48:04.548  INFO 3923 --- [    Test worker] p6spy                                    : #1665377284548 | took 0ms | statement | connection 24| url jdbc:h2:mem:6a3784ae-1aa6-4bbf-b617-4d4aeabcc2af
insert into score (facility_rank, facility_score, price_rank, price_score, rank_average, surround_rank, surround_score, view_rank, view_score, score_id) values (?, ?, ?, ?, ?, ?, ?, ?, ?, ?)
insert into score (facility_rank, facility_score, price_rank, price_score, rank_average, surround_rank, surround_score, view_rank, view_score, score_id) values (2.2787474676030293, 2.0616436170346777, 7.888155570978357, 8.148286002766424, 9.823524800470379, 6.075670459560307, 2.5626367931550895, 4.6934488900804965, 0.2854268953235606, 406);
2022-10-10 13:48:04.548  INFO 3923 --- [    Test worker] p6spy                                    : #1665377284548 | took 0ms | statement | connection 24| url jdbc:h2:mem:6a3784ae-1aa6-4bbf-b617-4d4aeabcc2af
insert into picture (spot_id, url, picture_id) values (?, ?, ?)
insert into picture (spot_id, url, picture_id) values (NULL, 'java.io.StringReader@6c70c64d', 1677);
2022-10-10 13:48:04.548  INFO 3923 --- [    Test worker] p6spy                                    : #1665377284548 | took 0ms | statement | connection 24| url jdbc:h2:mem:6a3784ae-1aa6-4bbf-b617-4d4aeabcc2af
insert into picture (spot_id, url, picture_id) values (?, ?, ?)
insert into picture (spot_id, url, picture_id) values (NULL, 'java.io.StringReader@27887cfe', 1678);
2022-10-10 13:48:04.548  INFO 3923 --- [    Test worker] p6spy                                    : #1665377284548 | took 0ms | statement | connection 24| url jdbc:h2:mem:6a3784ae-1aa6-4bbf-b617-4d4aeabcc2af
insert into picture (spot_id, url, picture_id) values (?, ?, ?)
insert into picture (spot_id, url, picture_id) values (NULL, 'java.io.StringReader@60da08e4', 1679);
2022-10-10 13:48:04.548  INFO 3923 --- [    Test worker] p6spy                                    : #1665377284548 | took 0ms | statement | connection 24| url jdbc:h2:mem:6a3784ae-1aa6-4bbf-b617-4d4aeabcc2af
insert into spot (address, description, location, name, score_id, spot_id) values (?, ?, ?, ?, ?, ?)
insert into spot (address, description, location, name, score_id, spot_id) values (NULL, NULL, 'Aewol_eup', NULL, 406, 472);
2022-10-10 13:48:04.548  INFO 3923 --- [    Test worker] p6spy                                    : #1665377284548 | took 0ms | statement | connection 24| url jdbc:h2:mem:6a3784ae-1aa6-4bbf-b617-4d4aeabcc2af
insert into member_spot (member_id, score, spot_id, member_spot_id) values (?, ?, ?, ?)
insert into member_spot (member_id, score, spot_id, member_spot_id) values (17, 0.0, 472, 1680);
2022-10-10 13:48:04.548  INFO 3923 --- [    Test worker] p6spy                                    : #1665377284548 | took 0ms | statement | connection 24| url jdbc:h2:mem:6a3784ae-1aa6-4bbf-b617-4d4aeabcc2af
insert into review (content, spot_id, review_id) values (?, ?, ?)
insert into review (content, spot_id, review_id) values ('java.io.StringReader@571850c', 469, 408);
2022-10-10 13:48:04.549  INFO 3923 --- [    Test worker] p6spy                                    : #1665377284549 | took 0ms | statement | connection 24| url jdbc:h2:mem:6a3784ae-1aa6-4bbf-b617-4d4aeabcc2af
insert into score (facility_rank, facility_score, price_rank, price_score, rank_average, surround_rank, surround_score, view_rank, view_score, score_id) values (?, ?, ?, ?, ?, ?, ?, ?, ?, ?)
insert into score (facility_rank, facility_score, price_rank, price_score, rank_average, surround_rank, surround_score, view_rank, view_score, score_id) values (2.1541070731130754, 4.8548284256512995, 7.3778764121623785, 1.1502794114203074, 3.7219355123448397, 6.82721788665583, 5.253241681909163, 1.510299093740295, 5.364495870044631, 407);
2022-10-10 13:48:04.549  INFO 3923 --- [    Test worker] p6spy                                    : #1665377284549 | took 0ms | statement | connection 24| url jdbc:h2:mem:6a3784ae-1aa6-4bbf-b617-4d4aeabcc2af
insert into picture (spot_id, url, picture_id) values (?, ?, ?)
insert into picture (spot_id, url, picture_id) values (NULL, 'java.io.StringReader@24ce6550', 1681);
2022-10-10 13:48:04.549  INFO 3923 --- [    Test worker] p6spy                                    : #1665377284549 | took 0ms | statement | connection 24| url jdbc:h2:mem:6a3784ae-1aa6-4bbf-b617-4d4aeabcc2af
insert into picture (spot_id, url, picture_id) values (?, ?, ?)
insert into picture (spot_id, url, picture_id) values (NULL, 'java.io.StringReader@5ec3039b', 1682);
2022-10-10 13:48:04.549  INFO 3923 --- [    Test worker] p6spy                                    : #1665377284549 | took 0ms | statement | connection 24| url jdbc:h2:mem:6a3784ae-1aa6-4bbf-b617-4d4aeabcc2af
insert into picture (spot_id, url, picture_id) values (?, ?, ?)
insert into picture (spot_id, url, picture_id) values (NULL, 'java.io.StringReader@6e012cdd', 1683);
2022-10-10 13:48:04.549  INFO 3923 --- [    Test worker] p6spy                                    : #1665377284549 | took 0ms | statement | connection 24| url jdbc:h2:mem:6a3784ae-1aa6-4bbf-b617-4d4aeabcc2af
insert into spot (address, description, location, name, score_id, spot_id) values (?, ?, ?, ?, ?, ?)
insert into spot (address, description, location, name, score_id, spot_id) values (NULL, NULL, 'Aewol_eup', NULL, 407, 473);
2022-10-10 13:48:04.549  INFO 3923 --- [    Test worker] p6spy                                    : #1665377284549 | took 0ms | statement | connection 24| url jdbc:h2:mem:6a3784ae-1aa6-4bbf-b617-4d4aeabcc2af
insert into member_spot (member_id, score, spot_id, member_spot_id) values (?, ?, ?, ?)
insert into member_spot (member_id, score, spot_id, member_spot_id) values (17, 0.0, 473, 1684);
2022-10-10 13:48:04.549  INFO 3923 --- [    Test worker] p6spy                                    : #1665377284549 | took 0ms | statement | connection 24| url jdbc:h2:mem:6a3784ae-1aa6-4bbf-b617-4d4aeabcc2af
insert into review (content, spot_id, review_id) values (?, ?, ?)
insert into review (content, spot_id, review_id) values ('java.io.StringReader@5ea40c10', 469, 409);
2022-10-10 13:48:04.549  INFO 3923 --- [    Test worker] p6spy                                    : #1665377284549 | took 0ms | statement | connection 24| url jdbc:h2:mem:6a3784ae-1aa6-4bbf-b617-4d4aeabcc2af
insert into favorite_spot (count, favorite_id, spot_id, favorite_spot_id) values (?, ?, ?, ?)
insert into favorite_spot (count, favorite_id, spot_id, favorite_spot_id) values (0, 38, 473, 373);
2022-10-10 13:48:04.549  INFO 3923 --- [    Test worker] p6spy                                    : #1665377284549 | took 0ms | statement | connection 24| url jdbc:h2:mem:6a3784ae-1aa6-4bbf-b617-4d4aeabcc2af
insert into score (facility_rank, facility_score, price_rank, price_score, rank_average, surround_rank, surround_score, view_rank, view_score, score_id) values (?, ?, ?, ?, ?, ?, ?, ?, ?, ?)
insert into score (facility_rank, facility_score, price_rank, price_score, rank_average, surround_rank, surround_score, view_rank, view_score, score_id) values (3.65568622792341, 5.036976272430021, 8.847329322759453, 1.8100016628982796, 9.1905784437893, 3.432845623747939, 4.5987076714209945, 4.571380466986481, 5.482243359973419, 408);
2022-10-10 13:48:04.549  INFO 3923 --- [    Test worker] p6spy                                    : #1665377284549 | took 0ms | statement | connection 24| url jdbc:h2:mem:6a3784ae-1aa6-4bbf-b617-4d4aeabcc2af
insert into picture (spot_id, url, picture_id) values (?, ?, ?)
insert into picture (spot_id, url, picture_id) values (NULL, 'java.io.StringReader@64db533c', 1685);
2022-10-10 13:48:04.549  INFO 3923 --- [    Test worker] p6spy                                    : #1665377284549 | took 0ms | statement | connection 24| url jdbc:h2:mem:6a3784ae-1aa6-4bbf-b617-4d4aeabcc2af
insert into picture (spot_id, url, picture_id) values (?, ?, ?)
insert into picture (spot_id, url, picture_id) values (NULL, 'java.io.StringReader@77fce112', 1686);
2022-10-10 13:48:04.549  INFO 3923 --- [    Test worker] p6spy                                    : #1665377284549 | took 0ms | statement | connection 24| url jdbc:h2:mem:6a3784ae-1aa6-4bbf-b617-4d4aeabcc2af
insert into picture (spot_id, url, picture_id) values (?, ?, ?)
insert into picture (spot_id, url, picture_id) values (NULL, 'java.io.StringReader@a4adfaa', 1687);
2022-10-10 13:48:04.549  INFO 3923 --- [    Test worker] p6spy                                    : #1665377284549 | took 0ms | statement | connection 24| url jdbc:h2:mem:6a3784ae-1aa6-4bbf-b617-4d4aeabcc2af
insert into spot (address, description, location, name, score_id, spot_id) values (?, ?, ?, ?, ?, ?)
insert into spot (address, description, location, name, score_id, spot_id) values (NULL, NULL, 'Aewol_eup', NULL, 408, 474);
2022-10-10 13:48:04.549  INFO 3923 --- [    Test worker] p6spy                                    : #1665377284549 | took 0ms | statement | connection 24| url jdbc:h2:mem:6a3784ae-1aa6-4bbf-b617-4d4aeabcc2af
insert into member_spot (member_id, score, spot_id, member_spot_id) values (?, ?, ?, ?)
insert into member_spot (member_id, score, spot_id, member_spot_id) values (17, 0.0, 474, 1688);
2022-10-10 13:48:04.549  INFO 3923 --- [    Test worker] p6spy                                    : #1665377284549 | took 0ms | statement | connection 24| url jdbc:h2:mem:6a3784ae-1aa6-4bbf-b617-4d4aeabcc2af
insert into review (content, spot_id, review_id) values (?, ?, ?)
insert into review (content, spot_id, review_id) values ('java.io.StringReader@7eae317e', 469, 410);
2022-10-10 13:48:04.549  INFO 3923 --- [    Test worker] p6spy                                    : #1665377284549 | took 0ms | statement | connection 24| url jdbc:h2:mem:6a3784ae-1aa6-4bbf-b617-4d4aeabcc2af
insert into score (facility_rank, facility_score, price_rank, price_score, rank_average, surround_rank, surround_score, view_rank, view_score, score_id) values (?, ?, ?, ?, ?, ?, ?, ?, ?, ?)
insert into score (facility_rank, facility_score, price_rank, price_score, rank_average, surround_rank, surround_score, view_rank, view_score, score_id) values (5.467208181418199, 0.8625419138910972, 1.1735447426031387, 3.032036268164464, 7.2427908969683, 0.3814924853188706, 6.713123624063522, 5.652033465078905, 2.8213789352455967, 409);
2022-10-10 13:48:04.549  INFO 3923 --- [    Test worker] p6spy                                    : #1665377284549 | took 0ms | statement | connection 24| url jdbc:h2:mem:6a3784ae-1aa6-4bbf-b617-4d4aeabcc2af
insert into picture (spot_id, url, picture_id) values (?, ?, ?)
insert into picture (spot_id, url, picture_id) values (NULL, 'java.io.StringReader@37e7285e', 1689);
2022-10-10 13:48:04.549  INFO 3923 --- [    Test worker] p6spy                                    : #1665377284549 | took 0ms | statement | connection 24| url jdbc:h2:mem:6a3784ae-1aa6-4bbf-b617-4d4aeabcc2af
insert into picture (spot_id, url, picture_id) values (?, ?, ?)
insert into picture (spot_id, url, picture_id) values (NULL, 'java.io.StringReader@7dbb7241', 1690);
2022-10-10 13:48:04.549  INFO 3923 --- [    Test worker] p6spy                                    : #1665377284549 | took 0ms | statement | connection 24| url jdbc:h2:mem:6a3784ae-1aa6-4bbf-b617-4d4aeabcc2af
insert into picture (spot_id, url, picture_id) values (?, ?, ?)
insert into picture (spot_id, url, picture_id) values (NULL, 'java.io.StringReader@5abd7a1e', 1691);
2022-10-10 13:48:04.549  INFO 3923 --- [    Test worker] p6spy                                    : #1665377284549 | took 0ms | statement | connection 24| url jdbc:h2:mem:6a3784ae-1aa6-4bbf-b617-4d4aeabcc2af
insert into spot (address, description, location, name, score_id, spot_id) values (?, ?, ?, ?, ?, ?)
insert into spot (address, description, location, name, score_id, spot_id) values (NULL, NULL, 'Aewol_eup', NULL, 409, 475);
2022-10-10 13:48:04.549  INFO 3923 --- [    Test worker] p6spy                                    : #1665377284549 | took 0ms | statement | connection 24| url jdbc:h2:mem:6a3784ae-1aa6-4bbf-b617-4d4aeabcc2af
insert into member_spot (member_id, score, spot_id, member_spot_id) values (?, ?, ?, ?)
insert into member_spot (member_id, score, spot_id, member_spot_id) values (17, 0.0, 475, 1692);
2022-10-10 13:48:04.549  INFO 3923 --- [    Test worker] p6spy                                    : #1665377284549 | took 0ms | statement | connection 24| url jdbc:h2:mem:6a3784ae-1aa6-4bbf-b617-4d4aeabcc2af
insert into review (content, spot_id, review_id) values (?, ?, ?)
insert into review (content, spot_id, review_id) values ('java.io.StringReader@7f471a4b', 469, 411);
2022-10-10 13:48:04.549  INFO 3923 --- [    Test worker] p6spy                                    : #1665377284549 | took 0ms | statement | connection 24| url jdbc:h2:mem:6a3784ae-1aa6-4bbf-b617-4d4aeabcc2af
insert into favorite_spot (count, favorite_id, spot_id, favorite_spot_id) values (?, ?, ?, ?)
insert into favorite_spot (count, favorite_id, spot_id, favorite_spot_id) values (0, 38, 475, 374);
2022-10-10 13:48:04.549  INFO 3923 --- [    Test worker] p6spy                                    : #1665377284549 | took 0ms | statement | connection 24| url jdbc:h2:mem:6a3784ae-1aa6-4bbf-b617-4d4aeabcc2af
insert into score (facility_rank, facility_score, price_rank, price_score, rank_average, surround_rank, surround_score, view_rank, view_score, score_id) values (?, ?, ?, ?, ?, ?, ?, ?, ?, ?)
insert into score (facility_rank, facility_score, price_rank, price_score, rank_average, surround_rank, surround_score, view_rank, view_score, score_id) values (0.10171036474751816, 5.587212873142078, 6.7984185780498585, 3.796749675125386, 4.437691761255765, 1.5648478372755081, 1.0948526013081161, 9.838929406539517, 1.9437006695383596, 410);
2022-10-10 13:48:04.549  INFO 3923 --- [    Test worker] p6spy                                    : #1665377284549 | took 0ms | statement | connection 24| url jdbc:h2:mem:6a3784ae-1aa6-4bbf-b617-4d4aeabcc2af
insert into picture (spot_id, url, picture_id) values (?, ?, ?)
insert into picture (spot_id, url, picture_id) values (NULL, 'java.io.StringReader@63d02159', 1693);
2022-10-10 13:48:04.549  INFO 3923 --- [    Test worker] p6spy                                    : #1665377284549 | took 0ms | statement | connection 24| url jdbc:h2:mem:6a3784ae-1aa6-4bbf-b617-4d4aeabcc2af
insert into picture (spot_id, url, picture_id) values (?, ?, ?)
insert into picture (spot_id, url, picture_id) values (NULL, 'java.io.StringReader@3e01a7d7', 1694);
2022-10-10 13:48:04.549  INFO 3923 --- [    Test worker] p6spy                                    : #1665377284549 | took 0ms | statement | connection 24| url jdbc:h2:mem:6a3784ae-1aa6-4bbf-b617-4d4aeabcc2af
insert into picture (spot_id, url, picture_id) values (?, ?, ?)
insert into picture (spot_id, url, picture_id) values (NULL, 'java.io.StringReader@29d5a7ac', 1695);
2022-10-10 13:48:04.549  INFO 3923 --- [    Test worker] p6spy                                    : #1665377284549 | took 0ms | statement | connection 24| url jdbc:h2:mem:6a3784ae-1aa6-4bbf-b617-4d4aeabcc2af
insert into spot (address, description, location, name, score_id, spot_id) values (?, ?, ?, ?, ?, ?)
insert into spot (address, description, location, name, score_id, spot_id) values (NULL, NULL, 'Aewol_eup', NULL, 410, 476);
2022-10-10 13:48:04.549  INFO 3923 --- [    Test worker] p6spy                                    : #1665377284549 | took 0ms | statement | connection 24| url jdbc:h2:mem:6a3784ae-1aa6-4bbf-b617-4d4aeabcc2af
insert into member_spot (member_id, score, spot_id, member_spot_id) values (?, ?, ?, ?)
insert into member_spot (member_id, score, spot_id, member_spot_id) values (17, 0.0, 476, 1696);
2022-10-10 13:48:04.549  INFO 3923 --- [    Test worker] p6spy                                    : #1665377284549 | took 0ms | statement | connection 24| url jdbc:h2:mem:6a3784ae-1aa6-4bbf-b617-4d4aeabcc2af
insert into review (content, spot_id, review_id) values (?, ?, ?)
insert into review (content, spot_id, review_id) values ('java.io.StringReader@1a628ee7', 469, 412);
2022-10-10 13:48:04.549  INFO 3923 --- [    Test worker] p6spy                                    : #1665377284549 | took 0ms | statement | connection 24| url jdbc:h2:mem:6a3784ae-1aa6-4bbf-b617-4d4aeabcc2af
insert into score (facility_rank, facility_score, price_rank, price_score, rank_average, surround_rank, surround_score, view_rank, view_score, score_id) values (?, ?, ?, ?, ?, ?, ?, ?, ?, ?)
insert into score (facility_rank, facility_score, price_rank, price_score, rank_average, surround_rank, surround_score, view_rank, view_score, score_id) values (9.320379902571856, 4.794390091395902, 9.348005097770919, 3.785951633285661, 9.27351881471038, 1.2058342186240378, 6.808937305617251, 5.047429436307475, 9.389788741806427, 411);
2022-10-10 13:48:04.549  INFO 3923 --- [    Test worker] p6spy                                    : #1665377284549 | took 0ms | statement | connection 24| url jdbc:h2:mem:6a3784ae-1aa6-4bbf-b617-4d4aeabcc2af
insert into picture (spot_id, url, picture_id) values (?, ?, ?)
insert into picture (spot_id, url, picture_id) values (NULL, 'java.io.StringReader@65e503a6', 1697);
2022-10-10 13:48:04.549  INFO 3923 --- [    Test worker] p6spy                                    : #1665377284549 | took 0ms | statement | connection 24| url jdbc:h2:mem:6a3784ae-1aa6-4bbf-b617-4d4aeabcc2af
insert into picture (spot_id, url, picture_id) values (?, ?, ?)
insert into picture (spot_id, url, picture_id) values (NULL, 'java.io.StringReader@48cab21a', 1698);
2022-10-10 13:48:04.549  INFO 3923 --- [    Test worker] p6spy                                    : #1665377284549 | took 0ms | statement | connection 24| url jdbc:h2:mem:6a3784ae-1aa6-4bbf-b617-4d4aeabcc2af
insert into picture (spot_id, url, picture_id) values (?, ?, ?)
insert into picture (spot_id, url, picture_id) values (NULL, 'java.io.StringReader@99a5440', 1699);
2022-10-10 13:48:04.549  INFO 3923 --- [    Test worker] p6spy                                    : #1665377284549 | took 0ms | statement | connection 24| url jdbc:h2:mem:6a3784ae-1aa6-4bbf-b617-4d4aeabcc2af
insert into spot (address, description, location, name, score_id, spot_id) values (?, ?, ?, ?, ?, ?)
insert into spot (address, description, location, name, score_id, spot_id) values (NULL, NULL, 'Aewol_eup', NULL, 411, 477);
2022-10-10 13:48:04.549  INFO 3923 --- [    Test worker] p6spy                                    : #1665377284549 | took 0ms | statement | connection 24| url jdbc:h2:mem:6a3784ae-1aa6-4bbf-b617-4d4aeabcc2af
insert into member_spot (member_id, score, spot_id, member_spot_id) values (?, ?, ?, ?)
insert into member_spot (member_id, score, spot_id, member_spot_id) values (17, 0.0, 477, 1700);
2022-10-10 13:48:04.550  INFO 3923 --- [    Test worker] p6spy                                    : #1665377284550 | took 0ms | statement | connection 24| url jdbc:h2:mem:6a3784ae-1aa6-4bbf-b617-4d4aeabcc2af
insert into review (content, spot_id, review_id) values (?, ?, ?)
insert into review (content, spot_id, review_id) values ('java.io.StringReader@1a787140', 469, 413);
2022-10-10 13:48:04.550  INFO 3923 --- [    Test worker] p6spy                                    : #1665377284550 | took 0ms | statement | connection 24| url jdbc:h2:mem:6a3784ae-1aa6-4bbf-b617-4d4aeabcc2af
insert into favorite_spot (count, favorite_id, spot_id, favorite_spot_id) values (?, ?, ?, ?)
insert into favorite_spot (count, favorite_id, spot_id, favorite_spot_id) values (0, 38, 477, 375);
2022-10-10 13:48:04.550  INFO 3923 --- [    Test worker] p6spy                                    : #1665377284550 | took 0ms | statement | connection 24| url jdbc:h2:mem:6a3784ae-1aa6-4bbf-b617-4d4aeabcc2af
insert into score (facility_rank, facility_score, price_rank, price_score, rank_average, surround_rank, surround_score, view_rank, view_score, score_id) values (?, ?, ?, ?, ?, ?, ?, ?, ?, ?)
insert into score (facility_rank, facility_score, price_rank, price_score, rank_average, surround_rank, surround_score, view_rank, view_score, score_id) values (3.0860264770778123, 1.6979581626154194, 7.500710797607977, 8.978987443410064, 4.273471014529018, 7.739639534117461, 5.348865046800416, 3.7298385711322277, 0.6381199881325628, 412);
2022-10-10 13:48:04.550  INFO 3923 --- [    Test worker] p6spy                                    : #1665377284550 | took 0ms | statement | connection 24| url jdbc:h2:mem:6a3784ae-1aa6-4bbf-b617-4d4aeabcc2af
insert into picture (spot_id, url, picture_id) values (?, ?, ?)
insert into picture (spot_id, url, picture_id) values (NULL, 'java.io.StringReader@4e161f41', 1701);
2022-10-10 13:48:04.550  INFO 3923 --- [    Test worker] p6spy                                    : #1665377284550 | took 0ms | statement | connection 24| url jdbc:h2:mem:6a3784ae-1aa6-4bbf-b617-4d4aeabcc2af
insert into picture (spot_id, url, picture_id) values (?, ?, ?)
insert into picture (spot_id, url, picture_id) values (NULL, 'java.io.StringReader@5d9ca030', 1702);
2022-10-10 13:48:04.550  INFO 3923 --- [    Test worker] p6spy                                    : #1665377284550 | took 0ms | statement | connection 24| url jdbc:h2:mem:6a3784ae-1aa6-4bbf-b617-4d4aeabcc2af
insert into picture (spot_id, url, picture_id) values (?, ?, ?)
insert into picture (spot_id, url, picture_id) values (NULL, 'java.io.StringReader@5e1c8fc0', 1703);
2022-10-10 13:48:04.550  INFO 3923 --- [    Test worker] p6spy                                    : #1665377284550 | took 0ms | statement | connection 24| url jdbc:h2:mem:6a3784ae-1aa6-4bbf-b617-4d4aeabcc2af
insert into spot (address, description, location, name, score_id, spot_id) values (?, ?, ?, ?, ?, ?)
insert into spot (address, description, location, name, score_id, spot_id) values (NULL, NULL, 'Aewol_eup', NULL, 412, 478);
2022-10-10 13:48:04.550  INFO 3923 --- [    Test worker] p6spy                                    : #1665377284550 | took 0ms | statement | connection 24| url jdbc:h2:mem:6a3784ae-1aa6-4bbf-b617-4d4aeabcc2af
insert into member_spot (member_id, score, spot_id, member_spot_id) values (?, ?, ?, ?)
insert into member_spot (member_id, score, spot_id, member_spot_id) values (17, 0.0, 478, 1704);
2022-10-10 13:48:04.550  INFO 3923 --- [    Test worker] p6spy                                    : #1665377284550 | took 0ms | statement | connection 24| url jdbc:h2:mem:6a3784ae-1aa6-4bbf-b617-4d4aeabcc2af
insert into review (content, spot_id, review_id) values (?, ?, ?)
insert into review (content, spot_id, review_id) values ('java.io.StringReader@1efea148', 469, 414);
2022-10-10 13:48:04.550  INFO 3923 --- [    Test worker] p6spy                                    : #1665377284550 | took 0ms | statement | connection 24| url jdbc:h2:mem:6a3784ae-1aa6-4bbf-b617-4d4aeabcc2af
insert into score (facility_rank, facility_score, price_rank, price_score, rank_average, surround_rank, surround_score, view_rank, view_score, score_id) values (?, ?, ?, ?, ?, ?, ?, ?, ?, ?)
insert into score (facility_rank, facility_score, price_rank, price_score, rank_average, surround_rank, surround_score, view_rank, view_score, score_id) values (3.849765369219872, 5.115860429236292, 3.8300615424796023, 8.557101551079485, 7.6974019468570445, 1.8804448078040858, 6.702858590378835, 8.04568856014914, 1.4104456623007255, 413);
2022-10-10 13:48:04.550  INFO 3923 --- [    Test worker] p6spy                                    : #1665377284550 | took 0ms | statement | connection 24| url jdbc:h2:mem:6a3784ae-1aa6-4bbf-b617-4d4aeabcc2af
insert into picture (spot_id, url, picture_id) values (?, ?, ?)
insert into picture (spot_id, url, picture_id) values (NULL, 'java.io.StringReader@4def1597', 1705);
2022-10-10 13:48:04.550  INFO 3923 --- [    Test worker] p6spy                                    : #1665377284550 | took 0ms | statement | connection 24| url jdbc:h2:mem:6a3784ae-1aa6-4bbf-b617-4d4aeabcc2af
insert into picture (spot_id, url, picture_id) values (?, ?, ?)
insert into picture (spot_id, url, picture_id) values (NULL, 'java.io.StringReader@6039481d', 1706);
2022-10-10 13:48:04.550  INFO 3923 --- [    Test worker] p6spy                                    : #1665377284550 | took 0ms | statement | connection 24| url jdbc:h2:mem:6a3784ae-1aa6-4bbf-b617-4d4aeabcc2af
insert into picture (spot_id, url, picture_id) values (?, ?, ?)
insert into picture (spot_id, url, picture_id) values (NULL, 'java.io.StringReader@5f32922f', 1707);
2022-10-10 13:48:04.550  INFO 3923 --- [    Test worker] p6spy                                    : #1665377284550 | took 0ms | statement | connection 24| url jdbc:h2:mem:6a3784ae-1aa6-4bbf-b617-4d4aeabcc2af
insert into spot (address, description, location, name, score_id, spot_id) values (?, ?, ?, ?, ?, ?)
insert into spot (address, description, location, name, score_id, spot_id) values (NULL, NULL, 'Aewol_eup', NULL, 413, 479);
2022-10-10 13:48:04.550  INFO 3923 --- [    Test worker] p6spy                                    : #1665377284550 | took 0ms | statement | connection 24| url jdbc:h2:mem:6a3784ae-1aa6-4bbf-b617-4d4aeabcc2af
insert into member_spot (member_id, score, spot_id, member_spot_id) values (?, ?, ?, ?)
insert into member_spot (member_id, score, spot_id, member_spot_id) values (17, 0.0, 479, 1708);
2022-10-10 13:48:04.550  INFO 3923 --- [    Test worker] p6spy                                    : #1665377284550 | took 0ms | statement | connection 24| url jdbc:h2:mem:6a3784ae-1aa6-4bbf-b617-4d4aeabcc2af
insert into review (content, spot_id, review_id) values (?, ?, ?)
insert into review (content, spot_id, review_id) values ('java.io.StringReader@72b79bf7', 469, 415);
2022-10-10 13:48:04.550  INFO 3923 --- [    Test worker] p6spy                                    : #1665377284550 | took 0ms | statement | connection 24| url jdbc:h2:mem:6a3784ae-1aa6-4bbf-b617-4d4aeabcc2af
insert into favorite_spot (count, favorite_id, spot_id, favorite_spot_id) values (?, ?, ?, ?)
insert into favorite_spot (count, favorite_id, spot_id, favorite_spot_id) values (0, 38, 479, 376);
2022-10-10 13:48:04.550  INFO 3923 --- [    Test worker] p6spy                                    : #1665377284550 | took 0ms | statement | connection 24| url jdbc:h2:mem:6a3784ae-1aa6-4bbf-b617-4d4aeabcc2af
insert into score (facility_rank, facility_score, price_rank, price_score, rank_average, surround_rank, surround_score, view_rank, view_score, score_id) values (?, ?, ?, ?, ?, ?, ?, ?, ?, ?)
insert into score (facility_rank, facility_score, price_rank, price_score, rank_average, surround_rank, surround_score, view_rank, view_score, score_id) values (3.1042979423621797, 2.4043017975785586, 6.586859877486997, 4.399235908501986, 5.8890875115796115, 8.332938049499743, 4.081418761882526, 2.7611575376137996, 6.286523074288955, 414);
2022-10-10 13:48:04.550  INFO 3923 --- [    Test worker] p6spy                                    : #1665377284550 | took 0ms | statement | connection 24| url jdbc:h2:mem:6a3784ae-1aa6-4bbf-b617-4d4aeabcc2af
insert into picture (spot_id, url, picture_id) values (?, ?, ?)
insert into picture (spot_id, url, picture_id) values (NULL, 'java.io.StringReader@7c6567b6', 1709);
2022-10-10 13:48:04.550  INFO 3923 --- [    Test worker] p6spy                                    : #1665377284550 | took 0ms | statement | connection 24| url jdbc:h2:mem:6a3784ae-1aa6-4bbf-b617-4d4aeabcc2af
insert into picture (spot_id, url, picture_id) values (?, ?, ?)
insert into picture (spot_id, url, picture_id) values (NULL, 'java.io.StringReader@64786ce4', 1710);
2022-10-10 13:48:04.550  INFO 3923 --- [    Test worker] p6spy                                    : #1665377284550 | took 0ms | statement | connection 24| url jdbc:h2:mem:6a3784ae-1aa6-4bbf-b617-4d4aeabcc2af
insert into picture (spot_id, url, picture_id) values (?, ?, ?)
insert into picture (spot_id, url, picture_id) values (NULL, 'java.io.StringReader@2dfe32d6', 1711);
2022-10-10 13:48:04.550  INFO 3923 --- [    Test worker] p6spy                                    : #1665377284550 | took 0ms | statement | connection 24| url jdbc:h2:mem:6a3784ae-1aa6-4bbf-b617-4d4aeabcc2af
insert into spot (address, description, location, name, score_id, spot_id) values (?, ?, ?, ?, ?, ?)
insert into spot (address, description, location, name, score_id, spot_id) values (NULL, NULL, 'Aewol_eup', NULL, 414, 480);
2022-10-10 13:48:04.550  INFO 3923 --- [    Test worker] p6spy                                    : #1665377284550 | took 0ms | statement | connection 24| url jdbc:h2:mem:6a3784ae-1aa6-4bbf-b617-4d4aeabcc2af
insert into member_spot (member_id, score, spot_id, member_spot_id) values (?, ?, ?, ?)
insert into member_spot (member_id, score, spot_id, member_spot_id) values (17, 0.0, 480, 1712);
2022-10-10 13:48:04.550  INFO 3923 --- [    Test worker] p6spy                                    : #1665377284550 | took 0ms | statement | connection 24| url jdbc:h2:mem:6a3784ae-1aa6-4bbf-b617-4d4aeabcc2af
insert into review (content, spot_id, review_id) values (?, ?, ?)
insert into review (content, spot_id, review_id) values ('java.io.StringReader@66bfc1d0', 469, 416);
2022-10-10 13:48:04.550  INFO 3923 --- [    Test worker] p6spy                                    : #1665377284550 | took 0ms | statement | connection 24| url jdbc:h2:mem:6a3784ae-1aa6-4bbf-b617-4d4aeabcc2af
insert into score (facility_rank, facility_score, price_rank, price_score, rank_average, surround_rank, surround_score, view_rank, view_score, score_id) values (?, ?, ?, ?, ?, ?, ?, ?, ?, ?)
insert into score (facility_rank, facility_score, price_rank, price_score, rank_average, surround_rank, surround_score, view_rank, view_score, score_id) values (9.081708713513995, 0.011138085953773524, 0.453793314619958, 8.188118761293902, 0.5392870112933967, 2.6013668770306095, 0.3052303907574294, 9.874236018075038, 0.3186158997111066, 415);
2022-10-10 13:48:04.550  INFO 3923 --- [    Test worker] p6spy                                    : #1665377284550 | took 0ms | statement | connection 24| url jdbc:h2:mem:6a3784ae-1aa6-4bbf-b617-4d4aeabcc2af
insert into picture (spot_id, url, picture_id) values (?, ?, ?)
insert into picture (spot_id, url, picture_id) values (NULL, 'java.io.StringReader@51fe7c9f', 1713);
2022-10-10 13:48:04.550  INFO 3923 --- [    Test worker] p6spy                                    : #1665377284550 | took 0ms | statement | connection 24| url jdbc:h2:mem:6a3784ae-1aa6-4bbf-b617-4d4aeabcc2af
insert into picture (spot_id, url, picture_id) values (?, ?, ?)
insert into picture (spot_id, url, picture_id) values (NULL, 'java.io.StringReader@1f7e2395', 1714);
2022-10-10 13:48:04.550  INFO 3923 --- [    Test worker] p6spy                                    : #1665377284550 | took 0ms | statement | connection 24| url jdbc:h2:mem:6a3784ae-1aa6-4bbf-b617-4d4aeabcc2af
insert into picture (spot_id, url, picture_id) values (?, ?, ?)
insert into picture (spot_id, url, picture_id) values (NULL, 'java.io.StringReader@5a9703ab', 1715);
2022-10-10 13:48:04.550  INFO 3923 --- [    Test worker] p6spy                                    : #1665377284550 | took 0ms | statement | connection 24| url jdbc:h2:mem:6a3784ae-1aa6-4bbf-b617-4d4aeabcc2af
insert into spot (address, description, location, name, score_id, spot_id) values (?, ?, ?, ?, ?, ?)
insert into spot (address, description, location, name, score_id, spot_id) values (NULL, NULL, 'Aewol_eup', NULL, 415, 481);
2022-10-10 13:48:04.550  INFO 3923 --- [    Test worker] p6spy                                    : #1665377284550 | took 0ms | statement | connection 24| url jdbc:h2:mem:6a3784ae-1aa6-4bbf-b617-4d4aeabcc2af
insert into member_spot (member_id, score, spot_id, member_spot_id) values (?, ?, ?, ?)
insert into member_spot (member_id, score, spot_id, member_spot_id) values (17, 0.0, 481, 1716);
2022-10-10 13:48:04.550  INFO 3923 --- [    Test worker] p6spy                                    : #1665377284550 | took 0ms | statement | connection 24| url jdbc:h2:mem:6a3784ae-1aa6-4bbf-b617-4d4aeabcc2af
insert into review (content, spot_id, review_id) values (?, ?, ?)
insert into review (content, spot_id, review_id) values ('java.io.StringReader@40c8291b', 469, 417);
2022-10-10 13:48:04.550  INFO 3923 --- [    Test worker] p6spy                                    : #1665377284550 | took 0ms | statement | connection 24| url jdbc:h2:mem:6a3784ae-1aa6-4bbf-b617-4d4aeabcc2af
insert into favorite_spot (count, favorite_id, spot_id, favorite_spot_id) values (?, ?, ?, ?)
insert into favorite_spot (count, favorite_id, spot_id, favorite_spot_id) values (0, 38, 481, 377);
2022-10-10 13:48:04.550  INFO 3923 --- [    Test worker] p6spy                                    : #1665377284550 | took 0ms | statement | connection 24| url jdbc:h2:mem:6a3784ae-1aa6-4bbf-b617-4d4aeabcc2af
insert into score (facility_rank, facility_score, price_rank, price_score, rank_average, surround_rank, surround_score, view_rank, view_score, score_id) values (?, ?, ?, ?, ?, ?, ?, ?, ?, ?)
insert into score (facility_rank, facility_score, price_rank, price_score, rank_average, surround_rank, surround_score, view_rank, view_score, score_id) values (7.550811923781941, 2.249040849862766, 9.10127420693843, 5.978714801554101, 7.028226843429547, 4.345783525435162, 4.306275688028682, 7.287477760896641, 6.516075879909332, 416);
2022-10-10 13:48:04.550  INFO 3923 --- [    Test worker] p6spy                                    : #1665377284550 | took 0ms | statement | connection 24| url jdbc:h2:mem:6a3784ae-1aa6-4bbf-b617-4d4aeabcc2af
insert into picture (spot_id, url, picture_id) values (?, ?, ?)
insert into picture (spot_id, url, picture_id) values (NULL, 'java.io.StringReader@59aed14e', 1717);
2022-10-10 13:48:04.550  INFO 3923 --- [    Test worker] p6spy                                    : #1665377284550 | took 0ms | statement | connection 24| url jdbc:h2:mem:6a3784ae-1aa6-4bbf-b617-4d4aeabcc2af
insert into picture (spot_id, url, picture_id) values (?, ?, ?)
insert into picture (spot_id, url, picture_id) values (NULL, 'java.io.StringReader@24bfe7ef', 1718);
2022-10-10 13:48:04.550  INFO 3923 --- [    Test worker] p6spy                                    : #1665377284550 | took 0ms | statement | connection 24| url jdbc:h2:mem:6a3784ae-1aa6-4bbf-b617-4d4aeabcc2af
insert into picture (spot_id, url, picture_id) values (?, ?, ?)
insert into picture (spot_id, url, picture_id) values (NULL, 'java.io.StringReader@38c30a86', 1719);
2022-10-10 13:48:04.550  INFO 3923 --- [    Test worker] p6spy                                    : #1665377284550 | took 0ms | statement | connection 24| url jdbc:h2:mem:6a3784ae-1aa6-4bbf-b617-4d4aeabcc2af
insert into spot (address, description, location, name, score_id, spot_id) values (?, ?, ?, ?, ?, ?)
insert into spot (address, description, location, name, score_id, spot_id) values (NULL, NULL, 'Aewol_eup', NULL, 416, 482);
2022-10-10 13:48:04.550  INFO 3923 --- [    Test worker] p6spy                                    : #1665377284550 | took 0ms | statement | connection 24| url jdbc:h2:mem:6a3784ae-1aa6-4bbf-b617-4d4aeabcc2af
insert into member_spot (member_id, score, spot_id, member_spot_id) values (?, ?, ?, ?)
insert into member_spot (member_id, score, spot_id, member_spot_id) values (17, 0.0, 482, 1720);
2022-10-10 13:48:04.550  INFO 3923 --- [    Test worker] p6spy                                    : #1665377284550 | took 0ms | statement | connection 24| url jdbc:h2:mem:6a3784ae-1aa6-4bbf-b617-4d4aeabcc2af
insert into review (content, spot_id, review_id) values (?, ?, ?)
insert into review (content, spot_id, review_id) values ('java.io.StringReader@52cf8bcb', 469, 418);
2022-10-10 13:48:04.551  INFO 3923 --- [    Test worker] p6spy                                    : #1665377284551 | took 0ms | statement | connection 24| url jdbc:h2:mem:6a3784ae-1aa6-4bbf-b617-4d4aeabcc2af
insert into score (facility_rank, facility_score, price_rank, price_score, rank_average, surround_rank, surround_score, view_rank, view_score, score_id) values (?, ?, ?, ?, ?, ?, ?, ?, ?, ?)
insert into score (facility_rank, facility_score, price_rank, price_score, rank_average, surround_rank, surround_score, view_rank, view_score, score_id) values (1.0385147404974449, 4.292098194935844, 5.056780389125067, 8.091242079743727, 4.362629830541454, 0.6754095965683027, 6.448929687998811, 9.728986083540825, 6.925801785368866, 417);
2022-10-10 13:48:04.551  INFO 3923 --- [    Test worker] p6spy                                    : #1665377284551 | took 0ms | statement | connection 24| url jdbc:h2:mem:6a3784ae-1aa6-4bbf-b617-4d4aeabcc2af
insert into picture (spot_id, url, picture_id) values (?, ?, ?)
insert into picture (spot_id, url, picture_id) values (NULL, 'java.io.StringReader@32eff77', 1721);
2022-10-10 13:48:04.551  INFO 3923 --- [    Test worker] p6spy                                    : #1665377284551 | took 0ms | statement | connection 24| url jdbc:h2:mem:6a3784ae-1aa6-4bbf-b617-4d4aeabcc2af
insert into picture (spot_id, url, picture_id) values (?, ?, ?)
insert into picture (spot_id, url, picture_id) values (NULL, 'java.io.StringReader@3fd6b82', 1722);
2022-10-10 13:48:04.551  INFO 3923 --- [    Test worker] p6spy                                    : #1665377284551 | took 0ms | statement | connection 24| url jdbc:h2:mem:6a3784ae-1aa6-4bbf-b617-4d4aeabcc2af
insert into picture (spot_id, url, picture_id) values (?, ?, ?)
insert into picture (spot_id, url, picture_id) values (NULL, 'java.io.StringReader@6a40086a', 1723);
2022-10-10 13:48:04.551  INFO 3923 --- [    Test worker] p6spy                                    : #1665377284551 | took 0ms | statement | connection 24| url jdbc:h2:mem:6a3784ae-1aa6-4bbf-b617-4d4aeabcc2af
insert into spot (address, description, location, name, score_id, spot_id) values (?, ?, ?, ?, ?, ?)
insert into spot (address, description, location, name, score_id, spot_id) values (NULL, NULL, 'Aewol_eup', NULL, 417, 483);
2022-10-10 13:48:04.551  INFO 3923 --- [    Test worker] p6spy                                    : #1665377284551 | took 0ms | statement | connection 24| url jdbc:h2:mem:6a3784ae-1aa6-4bbf-b617-4d4aeabcc2af
insert into member_spot (member_id, score, spot_id, member_spot_id) values (?, ?, ?, ?)
insert into member_spot (member_id, score, spot_id, member_spot_id) values (17, 0.0, 483, 1724);
2022-10-10 13:48:04.551  INFO 3923 --- [    Test worker] p6spy                                    : #1665377284551 | took 0ms | statement | connection 24| url jdbc:h2:mem:6a3784ae-1aa6-4bbf-b617-4d4aeabcc2af
insert into review (content, spot_id, review_id) values (?, ?, ?)
insert into review (content, spot_id, review_id) values ('java.io.StringReader@1f9dc9dc', 469, 419);
2022-10-10 13:48:04.551  INFO 3923 --- [    Test worker] p6spy                                    : #1665377284551 | took 0ms | statement | connection 24| url jdbc:h2:mem:6a3784ae-1aa6-4bbf-b617-4d4aeabcc2af
insert into favorite_spot (count, favorite_id, spot_id, favorite_spot_id) values (?, ?, ?, ?)
insert into favorite_spot (count, favorite_id, spot_id, favorite_spot_id) values (0, 38, 483, 378);
2022-10-10 13:48:04.551  INFO 3923 --- [    Test worker] p6spy                                    : #1665377284551 | took 0ms | statement | connection 24| url jdbc:h2:mem:6a3784ae-1aa6-4bbf-b617-4d4aeabcc2af
insert into score (facility_rank, facility_score, price_rank, price_score, rank_average, surround_rank, surround_score, view_rank, view_score, score_id) values (?, ?, ?, ?, ?, ?, ?, ?, ?, ?)
insert into score (facility_rank, facility_score, price_rank, price_score, rank_average, surround_rank, surround_score, view_rank, view_score, score_id) values (7.177878137926822, 0.3680292050833389, 0.27543768679801683, 9.206196018355918, 0.32555200494023717, 6.139070656942037, 9.58764631100038, 3.837816684071873, 0.7459673551925639, 418);
2022-10-10 13:48:04.551  INFO 3923 --- [    Test worker] p6spy                                    : #1665377284551 | took 0ms | statement | connection 24| url jdbc:h2:mem:6a3784ae-1aa6-4bbf-b617-4d4aeabcc2af
insert into picture (spot_id, url, picture_id) values (?, ?, ?)
insert into picture (spot_id, url, picture_id) values (NULL, 'java.io.StringReader@23eef910', 1725);
2022-10-10 13:48:04.551  INFO 3923 --- [    Test worker] p6spy                                    : #1665377284551 | took 0ms | statement | connection 24| url jdbc:h2:mem:6a3784ae-1aa6-4bbf-b617-4d4aeabcc2af
insert into picture (spot_id, url, picture_id) values (?, ?, ?)
insert into picture (spot_id, url, picture_id) values (NULL, 'java.io.StringReader@50693c4e', 1726);
2022-10-10 13:48:04.551  INFO 3923 --- [    Test worker] p6spy                                    : #1665377284551 | took 0ms | statement | connection 24| url jdbc:h2:mem:6a3784ae-1aa6-4bbf-b617-4d4aeabcc2af
insert into picture (spot_id, url, picture_id) values (?, ?, ?)
insert into picture (spot_id, url, picture_id) values (NULL, 'java.io.StringReader@2b611be6', 1727);
2022-10-10 13:48:04.551  INFO 3923 --- [    Test worker] p6spy                                    : #1665377284551 | took 0ms | statement | connection 24| url jdbc:h2:mem:6a3784ae-1aa6-4bbf-b617-4d4aeabcc2af
insert into spot (address, description, location, name, score_id, spot_id) values (?, ?, ?, ?, ?, ?)
insert into spot (address, description, location, name, score_id, spot_id) values (NULL, NULL, 'Aewol_eup', NULL, 418, 484);
2022-10-10 13:48:04.551  INFO 3923 --- [    Test worker] p6spy                                    : #1665377284551 | took 0ms | statement | connection 24| url jdbc:h2:mem:6a3784ae-1aa6-4bbf-b617-4d4aeabcc2af
insert into member_spot (member_id, score, spot_id, member_spot_id) values (?, ?, ?, ?)
insert into member_spot (member_id, score, spot_id, member_spot_id) values (17, 0.0, 484, 1728);
2022-10-10 13:48:04.551  INFO 3923 --- [    Test worker] p6spy                                    : #1665377284551 | took 0ms | statement | connection 24| url jdbc:h2:mem:6a3784ae-1aa6-4bbf-b617-4d4aeabcc2af
insert into review (content, spot_id, review_id) values (?, ?, ?)
insert into review (content, spot_id, review_id) values ('java.io.StringReader@60c38c44', 469, 420);
2022-10-10 13:48:04.551  INFO 3923 --- [    Test worker] p6spy                                    : #1665377284551 | took 0ms | statement | connection 24| url jdbc:h2:mem:6a3784ae-1aa6-4bbf-b617-4d4aeabcc2af
insert into score (facility_rank, facility_score, price_rank, price_score, rank_average, surround_rank, surround_score, view_rank, view_score, score_id) values (?, ?, ?, ?, ?, ?, ?, ?, ?, ?)
insert into score (facility_rank, facility_score, price_rank, price_score, rank_average, surround_rank, surround_score, view_rank, view_score, score_id) values (0.30313611671230145, 7.237247542104825, 0.061580241630423416, 7.7364802425483115, 4.617380009082806, 7.86049043171993, 4.087620326165053, 9.927319884584685, 2.6808631432216865, 419);
2022-10-10 13:48:04.551  INFO 3923 --- [    Test worker] p6spy                                    : #1665377284551 | took 0ms | statement | connection 24| url jdbc:h2:mem:6a3784ae-1aa6-4bbf-b617-4d4aeabcc2af
insert into picture (spot_id, url, picture_id) values (?, ?, ?)
insert into picture (spot_id, url, picture_id) values (NULL, 'java.io.StringReader@106128c8', 1729);
2022-10-10 13:48:04.551  INFO 3923 --- [    Test worker] p6spy                                    : #1665377284551 | took 0ms | statement | connection 24| url jdbc:h2:mem:6a3784ae-1aa6-4bbf-b617-4d4aeabcc2af
insert into picture (spot_id, url, picture_id) values (?, ?, ?)
insert into picture (spot_id, url, picture_id) values (NULL, 'java.io.StringReader@43e9173', 1730);
2022-10-10 13:48:04.551  INFO 3923 --- [    Test worker] p6spy                                    : #1665377284551 | took 0ms | statement | connection 24| url jdbc:h2:mem:6a3784ae-1aa6-4bbf-b617-4d4aeabcc2af
insert into picture (spot_id, url, picture_id) values (?, ?, ?)
insert into picture (spot_id, url, picture_id) values (NULL, 'java.io.StringReader@f096b2a', 1731);
2022-10-10 13:48:04.551  INFO 3923 --- [    Test worker] p6spy                                    : #1665377284551 | took 0ms | statement | connection 24| url jdbc:h2:mem:6a3784ae-1aa6-4bbf-b617-4d4aeabcc2af
insert into spot (address, description, location, name, score_id, spot_id) values (?, ?, ?, ?, ?, ?)
insert into spot (address, description, location, name, score_id, spot_id) values (NULL, NULL, 'Aewol_eup', NULL, 419, 485);
2022-10-10 13:48:04.551  INFO 3923 --- [    Test worker] p6spy                                    : #1665377284551 | took 0ms | statement | connection 24| url jdbc:h2:mem:6a3784ae-1aa6-4bbf-b617-4d4aeabcc2af
insert into member_spot (member_id, score, spot_id, member_spot_id) values (?, ?, ?, ?)
insert into member_spot (member_id, score, spot_id, member_spot_id) values (17, 0.0, 485, 1732);
2022-10-10 13:48:04.551  INFO 3923 --- [    Test worker] p6spy                                    : #1665377284551 | took 0ms | statement | connection 24| url jdbc:h2:mem:6a3784ae-1aa6-4bbf-b617-4d4aeabcc2af
insert into review (content, spot_id, review_id) values (?, ?, ?)
insert into review (content, spot_id, review_id) values ('java.io.StringReader@21b17433', 469, 421);
2022-10-10 13:48:04.551  INFO 3923 --- [    Test worker] p6spy                                    : #1665377284551 | took 0ms | statement | connection 24| url jdbc:h2:mem:6a3784ae-1aa6-4bbf-b617-4d4aeabcc2af
insert into favorite_spot (count, favorite_id, spot_id, favorite_spot_id) values (?, ?, ?, ?)
insert into favorite_spot (count, favorite_id, spot_id, favorite_spot_id) values (0, 38, 485, 379);
2022-10-10 13:48:04.551  INFO 3923 --- [    Test worker] p6spy                                    : #1665377284551 | took 0ms | statement | connection 24| url jdbc:h2:mem:6a3784ae-1aa6-4bbf-b617-4d4aeabcc2af
insert into score (facility_rank, facility_score, price_rank, price_score, rank_average, surround_rank, surround_score, view_rank, view_score, score_id) values (?, ?, ?, ?, ?, ?, ?, ?, ?, ?)
insert into score (facility_rank, facility_score, price_rank, price_score, rank_average, surround_rank, surround_score, view_rank, view_score, score_id) values (9.27517003835543, 7.632193160312689, 3.3586529190152326, 3.96184214881935, 7.37817001626524, 3.906772036009597, 5.3053904911455945, 7.769632589778437, 8.190079670397857, 420);
2022-10-10 13:48:04.551  INFO 3923 --- [    Test worker] p6spy                                    : #1665377284551 | took 0ms | statement | connection 24| url jdbc:h2:mem:6a3784ae-1aa6-4bbf-b617-4d4aeabcc2af
insert into picture (spot_id, url, picture_id) values (?, ?, ?)
insert into picture (spot_id, url, picture_id) values (NULL, 'java.io.StringReader@3fe3d4a', 1733);
2022-10-10 13:48:04.551  INFO 3923 --- [    Test worker] p6spy                                    : #1665377284551 | took 0ms | statement | connection 24| url jdbc:h2:mem:6a3784ae-1aa6-4bbf-b617-4d4aeabcc2af
insert into picture (spot_id, url, picture_id) values (?, ?, ?)
insert into picture (spot_id, url, picture_id) values (NULL, 'java.io.StringReader@56d61161', 1734);
2022-10-10 13:48:04.551  INFO 3923 --- [    Test worker] p6spy                                    : #1665377284551 | took 0ms | statement | connection 24| url jdbc:h2:mem:6a3784ae-1aa6-4bbf-b617-4d4aeabcc2af
insert into picture (spot_id, url, picture_id) values (?, ?, ?)
insert into picture (spot_id, url, picture_id) values (NULL, 'java.io.StringReader@578615fb', 1735);
2022-10-10 13:48:04.551  INFO 3923 --- [    Test worker] p6spy                                    : #1665377284551 | took 0ms | statement | connection 24| url jdbc:h2:mem:6a3784ae-1aa6-4bbf-b617-4d4aeabcc2af
insert into spot (address, description, location, name, score_id, spot_id) values (?, ?, ?, ?, ?, ?)
insert into spot (address, description, location, name, score_id, spot_id) values (NULL, NULL, 'Aewol_eup', NULL, 420, 486);
2022-10-10 13:48:04.551  INFO 3923 --- [    Test worker] p6spy                                    : #1665377284551 | took 0ms | statement | connection 24| url jdbc:h2:mem:6a3784ae-1aa6-4bbf-b617-4d4aeabcc2af
insert into member_spot (member_id, score, spot_id, member_spot_id) values (?, ?, ?, ?)
insert into member_spot (member_id, score, spot_id, member_spot_id) values (17, 0.0, 486, 1736);
2022-10-10 13:48:04.551  INFO 3923 --- [    Test worker] p6spy                                    : #1665377284551 | took 0ms | statement | connection 24| url jdbc:h2:mem:6a3784ae-1aa6-4bbf-b617-4d4aeabcc2af
insert into review (content, spot_id, review_id) values (?, ?, ?)
insert into review (content, spot_id, review_id) values ('java.io.StringReader@2efcf7a5', 469, 422);
2022-10-10 13:48:04.551  INFO 3923 --- [    Test worker] p6spy                                    : #1665377284551 | took 0ms | statement | connection 24| url jdbc:h2:mem:6a3784ae-1aa6-4bbf-b617-4d4aeabcc2af
insert into score (facility_rank, facility_score, price_rank, price_score, rank_average, surround_rank, surround_score, view_rank, view_score, score_id) values (?, ?, ?, ?, ?, ?, ?, ?, ?, ?)
insert into score (facility_rank, facility_score, price_rank, price_score, rank_average, surround_rank, surround_score, view_rank, view_score, score_id) values (6.12921484353456, 2.60019040287933, 1.3667711964886076, 4.4272786900924475, 4.900978751538919, 1.1225557723080581, 1.8085664335114149, 0.25521504862148103, 4.769345399606404, 421);
2022-10-10 13:48:04.551  INFO 3923 --- [    Test worker] p6spy                                    : #1665377284551 | took 0ms | statement | connection 24| url jdbc:h2:mem:6a3784ae-1aa6-4bbf-b617-4d4aeabcc2af
insert into picture (spot_id, url, picture_id) values (?, ?, ?)
insert into picture (spot_id, url, picture_id) values (NULL, 'java.io.StringReader@213b1d6d', 1737);
2022-10-10 13:48:04.551  INFO 3923 --- [    Test worker] p6spy                                    : #1665377284551 | took 0ms | statement | connection 24| url jdbc:h2:mem:6a3784ae-1aa6-4bbf-b617-4d4aeabcc2af
insert into picture (spot_id, url, picture_id) values (?, ?, ?)
insert into picture (spot_id, url, picture_id) values (NULL, 'java.io.StringReader@66c67868', 1738);
2022-10-10 13:48:04.551  INFO 3923 --- [    Test worker] p6spy                                    : #1665377284551 | took 0ms | statement | connection 24| url jdbc:h2:mem:6a3784ae-1aa6-4bbf-b617-4d4aeabcc2af
insert into picture (spot_id, url, picture_id) values (?, ?, ?)
insert into picture (spot_id, url, picture_id) values (NULL, 'java.io.StringReader@5caa2d8e', 1739);
2022-10-10 13:48:04.551  INFO 3923 --- [    Test worker] p6spy                                    : #1665377284551 | took 0ms | statement | connection 24| url jdbc:h2:mem:6a3784ae-1aa6-4bbf-b617-4d4aeabcc2af
insert into spot (address, description, location, name, score_id, spot_id) values (?, ?, ?, ?, ?, ?)
insert into spot (address, description, location, name, score_id, spot_id) values (NULL, NULL, 'Aewol_eup', NULL, 421, 487);
2022-10-10 13:48:04.551  INFO 3923 --- [    Test worker] p6spy                                    : #1665377284551 | took 0ms | statement | connection 24| url jdbc:h2:mem:6a3784ae-1aa6-4bbf-b617-4d4aeabcc2af
insert into member_spot (member_id, score, spot_id, member_spot_id) values (?, ?, ?, ?)
insert into member_spot (member_id, score, spot_id, member_spot_id) values (17, 0.0, 487, 1740);
2022-10-10 13:48:04.551  INFO 3923 --- [    Test worker] p6spy                                    : #1665377284551 | took 0ms | statement | connection 24| url jdbc:h2:mem:6a3784ae-1aa6-4bbf-b617-4d4aeabcc2af
insert into review (content, spot_id, review_id) values (?, ?, ?)
insert into review (content, spot_id, review_id) values ('java.io.StringReader@4ebdcc8a', 469, 423);
2022-10-10 13:48:04.551  INFO 3923 --- [    Test worker] p6spy                                    : #1665377284551 | took 0ms | statement | connection 24| url jdbc:h2:mem:6a3784ae-1aa6-4bbf-b617-4d4aeabcc2af
insert into favorite_spot (count, favorite_id, spot_id, favorite_spot_id) values (?, ?, ?, ?)
insert into favorite_spot (count, favorite_id, spot_id, favorite_spot_id) values (0, 38, 487, 380);
2022-10-10 13:48:04.552  INFO 3923 --- [    Test worker] p6spy                                    : #1665377284552 | took 0ms | statement | connection 24| url jdbc:h2:mem:6a3784ae-1aa6-4bbf-b617-4d4aeabcc2af
insert into score (facility_rank, facility_score, price_rank, price_score, rank_average, surround_rank, surround_score, view_rank, view_score, score_id) values (?, ?, ?, ?, ?, ?, ?, ?, ?, ?)
insert into score (facility_rank, facility_score, price_rank, price_score, rank_average, surround_rank, surround_score, view_rank, view_score, score_id) values (6.981644302170143, 8.514354184292069, 8.351870425825025, 1.6668802574830377, 8.187614083835696, 4.034005505096953, 4.880675670012176, 9.869863728782807, 0.611223988272187, 422);
2022-10-10 13:48:04.552  INFO 3923 --- [    Test worker] p6spy                                    : #1665377284552 | took 0ms | statement | connection 24| url jdbc:h2:mem:6a3784ae-1aa6-4bbf-b617-4d4aeabcc2af
insert into picture (spot_id, url, picture_id) values (?, ?, ?)
insert into picture (spot_id, url, picture_id) values (NULL, 'java.io.StringReader@273b1982', 1741);
2022-10-10 13:48:04.552  INFO 3923 --- [    Test worker] p6spy                                    : #1665377284552 | took 0ms | statement | connection 24| url jdbc:h2:mem:6a3784ae-1aa6-4bbf-b617-4d4aeabcc2af
insert into picture (spot_id, url, picture_id) values (?, ?, ?)
insert into picture (spot_id, url, picture_id) values (NULL, 'java.io.StringReader@39082334', 1742);
2022-10-10 13:48:04.552  INFO 3923 --- [    Test worker] p6spy                                    : #1665377284552 | took 0ms | statement | connection 24| url jdbc:h2:mem:6a3784ae-1aa6-4bbf-b617-4d4aeabcc2af
insert into picture (spot_id, url, picture_id) values (?, ?, ?)
insert into picture (spot_id, url, picture_id) values (NULL, 'java.io.StringReader@49b79071', 1743);
2022-10-10 13:48:04.552  INFO 3923 --- [    Test worker] p6spy                                    : #1665377284552 | took 0ms | statement | connection 24| url jdbc:h2:mem:6a3784ae-1aa6-4bbf-b617-4d4aeabcc2af
insert into spot (address, description, location, name, score_id, spot_id) values (?, ?, ?, ?, ?, ?)
insert into spot (address, description, location, name, score_id, spot_id) values (NULL, NULL, 'Aewol_eup', NULL, 422, 488);
2022-10-10 13:48:04.552  INFO 3923 --- [    Test worker] p6spy                                    : #1665377284552 | took 0ms | statement | connection 24| url jdbc:h2:mem:6a3784ae-1aa6-4bbf-b617-4d4aeabcc2af
insert into member_spot (member_id, score, spot_id, member_spot_id) values (?, ?, ?, ?)
insert into member_spot (member_id, score, spot_id, member_spot_id) values (17, 0.0, 488, 1744);
2022-10-10 13:48:04.552  INFO 3923 --- [    Test worker] p6spy                                    : #1665377284552 | took 0ms | statement | connection 24| url jdbc:h2:mem:6a3784ae-1aa6-4bbf-b617-4d4aeabcc2af
insert into review (content, spot_id, review_id) values (?, ?, ?)
insert into review (content, spot_id, review_id) values ('java.io.StringReader@6089c37c', 469, 424);
2022-10-10 13:48:04.552  INFO 3923 --- [    Test worker] p6spy                                    : #1665377284552 | took 0ms | statement | connection 24| url jdbc:h2:mem:6a3784ae-1aa6-4bbf-b617-4d4aeabcc2af
insert into score (facility_rank, facility_score, price_rank, price_score, rank_average, surround_rank, surround_score, view_rank, view_score, score_id) values (?, ?, ?, ?, ?, ?, ?, ?, ?, ?)
insert into score (facility_rank, facility_score, price_rank, price_score, rank_average, surround_rank, surround_score, view_rank, view_score, score_id) values (4.986557757758289, 3.116194307713469, 6.416081735666368, 1.5640129985600126, 7.815970766897102, 0.8226187118268202, 4.420444322142601, 5.43676747159296, 1.8277855409086452, 423);
2022-10-10 13:48:04.552  INFO 3923 --- [    Test worker] p6spy                                    : #1665377284552 | took 0ms | statement | connection 24| url jdbc:h2:mem:6a3784ae-1aa6-4bbf-b617-4d4aeabcc2af
insert into picture (spot_id, url, picture_id) values (?, ?, ?)
insert into picture (spot_id, url, picture_id) values (NULL, 'java.io.StringReader@26e877ed', 1745);
2022-10-10 13:48:04.552  INFO 3923 --- [    Test worker] p6spy                                    : #1665377284552 | took 0ms | statement | connection 24| url jdbc:h2:mem:6a3784ae-1aa6-4bbf-b617-4d4aeabcc2af
insert into picture (spot_id, url, picture_id) values (?, ?, ?)
insert into picture (spot_id, url, picture_id) values (NULL, 'java.io.StringReader@6135b03c', 1746);
2022-10-10 13:48:04.552  INFO 3923 --- [    Test worker] p6spy                                    : #1665377284552 | took 0ms | statement | connection 24| url jdbc:h2:mem:6a3784ae-1aa6-4bbf-b617-4d4aeabcc2af
insert into picture (spot_id, url, picture_id) values (?, ?, ?)
insert into picture (spot_id, url, picture_id) values (NULL, 'java.io.StringReader@5f12058', 1747);
2022-10-10 13:48:04.552  INFO 3923 --- [    Test worker] p6spy                                    : #1665377284552 | took 0ms | statement | connection 24| url jdbc:h2:mem:6a3784ae-1aa6-4bbf-b617-4d4aeabcc2af
insert into spot (address, description, location, name, score_id, spot_id) values (?, ?, ?, ?, ?, ?)
insert into spot (address, description, location, name, score_id, spot_id) values (NULL, NULL, 'Aewol_eup', NULL, 423, 489);
2022-10-10 13:48:04.552  INFO 3923 --- [    Test worker] p6spy                                    : #1665377284552 | took 0ms | statement | connection 24| url jdbc:h2:mem:6a3784ae-1aa6-4bbf-b617-4d4aeabcc2af
insert into member_spot (member_id, score, spot_id, member_spot_id) values (?, ?, ?, ?)
insert into member_spot (member_id, score, spot_id, member_spot_id) values (17, 0.0, 489, 1748);
2022-10-10 13:48:04.552  INFO 3923 --- [    Test worker] p6spy                                    : #1665377284552 | took 0ms | statement | connection 24| url jdbc:h2:mem:6a3784ae-1aa6-4bbf-b617-4d4aeabcc2af
insert into review (content, spot_id, review_id) values (?, ?, ?)
insert into review (content, spot_id, review_id) values ('java.io.StringReader@12d2a133', 469, 425);
2022-10-10 13:48:04.552  INFO 3923 --- [    Test worker] p6spy                                    : #1665377284552 | took 0ms | statement | connection 24| url jdbc:h2:mem:6a3784ae-1aa6-4bbf-b617-4d4aeabcc2af
insert into favorite_spot (count, favorite_id, spot_id, favorite_spot_id) values (?, ?, ?, ?)
insert into favorite_spot (count, favorite_id, spot_id, favorite_spot_id) values (0, 38, 489, 381);
2022-10-10 13:48:04.552  INFO 3923 --- [    Test worker] p6spy                                    : #1665377284552 | took 0ms | statement | connection 24| url jdbc:h2:mem:6a3784ae-1aa6-4bbf-b617-4d4aeabcc2af
insert into score (facility_rank, facility_score, price_rank, price_score, rank_average, surround_rank, surround_score, view_rank, view_score, score_id) values (?, ?, ?, ?, ?, ?, ?, ?, ?, ?)
insert into score (facility_rank, facility_score, price_rank, price_score, rank_average, surround_rank, surround_score, view_rank, view_score, score_id) values (5.857517128527769, 2.761682951800392, 6.789599892516767, 6.013827605795057, 3.1033798123784373, 8.34743484043766, 1.3584292442070378, 6.634473858743679, 1.7860766234433512, 424);
2022-10-10 13:48:04.552  INFO 3923 --- [    Test worker] p6spy                                    : #1665377284552 | took 0ms | statement | connection 24| url jdbc:h2:mem:6a3784ae-1aa6-4bbf-b617-4d4aeabcc2af
insert into picture (spot_id, url, picture_id) values (?, ?, ?)
insert into picture (spot_id, url, picture_id) values (NULL, 'java.io.StringReader@2a3c82e4', 1749);
2022-10-10 13:48:04.552  INFO 3923 --- [    Test worker] p6spy                                    : #1665377284552 | took 0ms | statement | connection 24| url jdbc:h2:mem:6a3784ae-1aa6-4bbf-b617-4d4aeabcc2af
insert into picture (spot_id, url, picture_id) values (?, ?, ?)
insert into picture (spot_id, url, picture_id) values (NULL, 'java.io.StringReader@4eb7f0bb', 1750);
2022-10-10 13:48:04.552  INFO 3923 --- [    Test worker] p6spy                                    : #1665377284552 | took 0ms | statement | connection 24| url jdbc:h2:mem:6a3784ae-1aa6-4bbf-b617-4d4aeabcc2af
insert into picture (spot_id, url, picture_id) values (?, ?, ?)
insert into picture (spot_id, url, picture_id) values (NULL, 'java.io.StringReader@3cc612eb', 1751);
2022-10-10 13:48:04.552  INFO 3923 --- [    Test worker] p6spy                                    : #1665377284552 | took 0ms | statement | connection 24| url jdbc:h2:mem:6a3784ae-1aa6-4bbf-b617-4d4aeabcc2af
insert into spot (address, description, location, name, score_id, spot_id) values (?, ?, ?, ?, ?, ?)
insert into spot (address, description, location, name, score_id, spot_id) values (NULL, NULL, 'Aewol_eup', NULL, 424, 490);
2022-10-10 13:48:04.552  INFO 3923 --- [    Test worker] p6spy                                    : #1665377284552 | took 0ms | statement | connection 24| url jdbc:h2:mem:6a3784ae-1aa6-4bbf-b617-4d4aeabcc2af
insert into member_spot (member_id, score, spot_id, member_spot_id) values (?, ?, ?, ?)
insert into member_spot (member_id, score, spot_id, member_spot_id) values (17, 0.0, 490, 1752);
2022-10-10 13:48:04.552  INFO 3923 --- [    Test worker] p6spy                                    : #1665377284552 | took 0ms | statement | connection 24| url jdbc:h2:mem:6a3784ae-1aa6-4bbf-b617-4d4aeabcc2af
insert into review (content, spot_id, review_id) values (?, ?, ?)
insert into review (content, spot_id, review_id) values ('java.io.StringReader@626a7259', 469, 426);
2022-10-10 13:48:04.552  INFO 3923 --- [    Test worker] p6spy                                    : #1665377284552 | took 0ms | statement | connection 24| url jdbc:h2:mem:6a3784ae-1aa6-4bbf-b617-4d4aeabcc2af
insert into score (facility_rank, facility_score, price_rank, price_score, rank_average, surround_rank, surround_score, view_rank, view_score, score_id) values (?, ?, ?, ?, ?, ?, ?, ?, ?, ?)
insert into score (facility_rank, facility_score, price_rank, price_score, rank_average, surround_rank, surround_score, view_rank, view_score, score_id) values (4.185269009324885, 5.436710553606795, 5.3603140338831325, 9.87241587834148, 3.97154993574563, 5.784134416270115, 1.9205716213922308, 9.793186104341892, 9.354851326592046, 425);
2022-10-10 13:48:04.552  INFO 3923 --- [    Test worker] p6spy                                    : #1665377284552 | took 0ms | statement | connection 24| url jdbc:h2:mem:6a3784ae-1aa6-4bbf-b617-4d4aeabcc2af
insert into picture (spot_id, url, picture_id) values (?, ?, ?)
insert into picture (spot_id, url, picture_id) values (NULL, 'java.io.StringReader@3cf27af6', 1753);
2022-10-10 13:48:04.552  INFO 3923 --- [    Test worker] p6spy                                    : #1665377284552 | took 0ms | statement | connection 24| url jdbc:h2:mem:6a3784ae-1aa6-4bbf-b617-4d4aeabcc2af
insert into picture (spot_id, url, picture_id) values (?, ?, ?)
insert into picture (spot_id, url, picture_id) values (NULL, 'java.io.StringReader@113d324', 1754);
2022-10-10 13:48:04.552  INFO 3923 --- [    Test worker] p6spy                                    : #1665377284552 | took 0ms | statement | connection 24| url jdbc:h2:mem:6a3784ae-1aa6-4bbf-b617-4d4aeabcc2af
insert into picture (spot_id, url, picture_id) values (?, ?, ?)
insert into picture (spot_id, url, picture_id) values (NULL, 'java.io.StringReader@723cab47', 1755);
2022-10-10 13:48:04.552  INFO 3923 --- [    Test worker] p6spy                                    : #1665377284552 | took 0ms | statement | connection 24| url jdbc:h2:mem:6a3784ae-1aa6-4bbf-b617-4d4aeabcc2af
insert into spot (address, description, location, name, score_id, spot_id) values (?, ?, ?, ?, ?, ?)
insert into spot (address, description, location, name, score_id, spot_id) values (NULL, NULL, 'Aewol_eup', NULL, 425, 491);
2022-10-10 13:48:04.552  INFO 3923 --- [    Test worker] p6spy                                    : #1665377284552 | took 0ms | statement | connection 24| url jdbc:h2:mem:6a3784ae-1aa6-4bbf-b617-4d4aeabcc2af
insert into member_spot (member_id, score, spot_id, member_spot_id) values (?, ?, ?, ?)
insert into member_spot (member_id, score, spot_id, member_spot_id) values (17, 0.0, 491, 1756);
2022-10-10 13:48:04.552  INFO 3923 --- [    Test worker] p6spy                                    : #1665377284552 | took 0ms | statement | connection 24| url jdbc:h2:mem:6a3784ae-1aa6-4bbf-b617-4d4aeabcc2af
insert into review (content, spot_id, review_id) values (?, ?, ?)
insert into review (content, spot_id, review_id) values ('java.io.StringReader@53adcf13', 469, 427);
2022-10-10 13:48:04.552  INFO 3923 --- [    Test worker] p6spy                                    : #1665377284552 | took 0ms | statement | connection 24| url jdbc:h2:mem:6a3784ae-1aa6-4bbf-b617-4d4aeabcc2af
insert into favorite_spot (count, favorite_id, spot_id, favorite_spot_id) values (?, ?, ?, ?)
insert into favorite_spot (count, favorite_id, spot_id, favorite_spot_id) values (0, 38, 491, 382);
2022-10-10 13:48:04.552  INFO 3923 --- [    Test worker] p6spy                                    : #1665377284552 | took 0ms | statement | connection 24| url jdbc:h2:mem:6a3784ae-1aa6-4bbf-b617-4d4aeabcc2af
insert into score (facility_rank, facility_score, price_rank, price_score, rank_average, surround_rank, surround_score, view_rank, view_score, score_id) values (?, ?, ?, ?, ?, ?, ?, ?, ?, ?)
insert into score (facility_rank, facility_score, price_rank, price_score, rank_average, surround_rank, surround_score, view_rank, view_score, score_id) values (4.693546550951031, 8.719990450470855, 3.819341095603228, 8.745801551048913, 0.4508909676289252, 9.479495633261308, 4.145030919031899, 0.663462839325385, 2.6286381614233667, 426);
2022-10-10 13:48:04.552  INFO 3923 --- [    Test worker] p6spy                                    : #1665377284552 | took 0ms | statement | connection 24| url jdbc:h2:mem:6a3784ae-1aa6-4bbf-b617-4d4aeabcc2af
insert into picture (spot_id, url, picture_id) values (?, ?, ?)
insert into picture (spot_id, url, picture_id) values (NULL, 'java.io.StringReader@424b3233', 1757);
2022-10-10 13:48:04.552  INFO 3923 --- [    Test worker] p6spy                                    : #1665377284552 | took 0ms | statement | connection 24| url jdbc:h2:mem:6a3784ae-1aa6-4bbf-b617-4d4aeabcc2af
insert into picture (spot_id, url, picture_id) values (?, ?, ?)
insert into picture (spot_id, url, picture_id) values (NULL, 'java.io.StringReader@8538bb8', 1758);
2022-10-10 13:48:04.552  INFO 3923 --- [    Test worker] p6spy                                    : #1665377284552 | took 0ms | statement | connection 24| url jdbc:h2:mem:6a3784ae-1aa6-4bbf-b617-4d4aeabcc2af
insert into picture (spot_id, url, picture_id) values (?, ?, ?)
insert into picture (spot_id, url, picture_id) values (NULL, 'java.io.StringReader@3ab015d0', 1759);
2022-10-10 13:48:04.553  INFO 3923 --- [    Test worker] p6spy                                    : #1665377284553 | took 0ms | statement | connection 24| url jdbc:h2:mem:6a3784ae-1aa6-4bbf-b617-4d4aeabcc2af
insert into spot (address, description, location, name, score_id, spot_id) values (?, ?, ?, ?, ?, ?)
insert into spot (address, description, location, name, score_id, spot_id) values (NULL, NULL, 'Aewol_eup', NULL, 426, 492);
2022-10-10 13:48:04.553  INFO 3923 --- [    Test worker] p6spy                                    : #1665377284553 | took 0ms | statement | connection 24| url jdbc:h2:mem:6a3784ae-1aa6-4bbf-b617-4d4aeabcc2af
insert into member_spot (member_id, score, spot_id, member_spot_id) values (?, ?, ?, ?)
insert into member_spot (member_id, score, spot_id, member_spot_id) values (17, 0.0, 492, 1760);
2022-10-10 13:48:04.553  INFO 3923 --- [    Test worker] p6spy                                    : #1665377284553 | took 0ms | statement | connection 24| url jdbc:h2:mem:6a3784ae-1aa6-4bbf-b617-4d4aeabcc2af
insert into review (content, spot_id, review_id) values (?, ?, ?)
insert into review (content, spot_id, review_id) values ('java.io.StringReader@4a8bf89c', 469, 428);
2022-10-10 13:48:04.553  INFO 3923 --- [    Test worker] p6spy                                    : #1665377284553 | took 0ms | statement | connection 24| url jdbc:h2:mem:6a3784ae-1aa6-4bbf-b617-4d4aeabcc2af
insert into score (facility_rank, facility_score, price_rank, price_score, rank_average, surround_rank, surround_score, view_rank, view_score, score_id) values (?, ?, ?, ?, ?, ?, ?, ?, ?, ?)
insert into score (facility_rank, facility_score, price_rank, price_score, rank_average, surround_rank, surround_score, view_rank, view_score, score_id) values (9.064696321996546, 9.545015868159773, 0.12106102050054912, 7.141477781499833, 3.065448759671685, 7.240809391484922, 0.6594394065839471, 9.617324798759908, 1.7541766525935831, 427);
2022-10-10 13:48:04.553  INFO 3923 --- [    Test worker] p6spy                                    : #1665377284553 | took 0ms | statement | connection 24| url jdbc:h2:mem:6a3784ae-1aa6-4bbf-b617-4d4aeabcc2af
insert into picture (spot_id, url, picture_id) values (?, ?, ?)
insert into picture (spot_id, url, picture_id) values (NULL, 'java.io.StringReader@4110e0e2', 1761);
2022-10-10 13:48:04.553  INFO 3923 --- [    Test worker] p6spy                                    : #1665377284553 | took 0ms | statement | connection 24| url jdbc:h2:mem:6a3784ae-1aa6-4bbf-b617-4d4aeabcc2af
insert into picture (spot_id, url, picture_id) values (?, ?, ?)
insert into picture (spot_id, url, picture_id) values (NULL, 'java.io.StringReader@1945176d', 1762);
2022-10-10 13:48:04.553  INFO 3923 --- [    Test worker] p6spy                                    : #1665377284553 | took 0ms | statement | connection 24| url jdbc:h2:mem:6a3784ae-1aa6-4bbf-b617-4d4aeabcc2af
insert into picture (spot_id, url, picture_id) values (?, ?, ?)
insert into picture (spot_id, url, picture_id) values (NULL, 'java.io.StringReader@3c205a8e', 1763);
2022-10-10 13:48:04.553  INFO 3923 --- [    Test worker] p6spy                                    : #1665377284553 | took 0ms | statement | connection 24| url jdbc:h2:mem:6a3784ae-1aa6-4bbf-b617-4d4aeabcc2af
insert into spot (address, description, location, name, score_id, spot_id) values (?, ?, ?, ?, ?, ?)
insert into spot (address, description, location, name, score_id, spot_id) values (NULL, NULL, 'Aewol_eup', NULL, 427, 493);
2022-10-10 13:48:04.553  INFO 3923 --- [    Test worker] p6spy                                    : #1665377284553 | took 0ms | statement | connection 24| url jdbc:h2:mem:6a3784ae-1aa6-4bbf-b617-4d4aeabcc2af
insert into member_spot (member_id, score, spot_id, member_spot_id) values (?, ?, ?, ?)
insert into member_spot (member_id, score, spot_id, member_spot_id) values (17, 0.0, 493, 1764);
2022-10-10 13:48:04.553  INFO 3923 --- [    Test worker] p6spy                                    : #1665377284553 | took 0ms | statement | connection 24| url jdbc:h2:mem:6a3784ae-1aa6-4bbf-b617-4d4aeabcc2af
insert into review (content, spot_id, review_id) values (?, ?, ?)
insert into review (content, spot_id, review_id) values ('java.io.StringReader@42fa4f9d', 469, 429);
2022-10-10 13:48:04.553  INFO 3923 --- [    Test worker] p6spy                                    : #1665377284553 | took 0ms | statement | connection 24| url jdbc:h2:mem:6a3784ae-1aa6-4bbf-b617-4d4aeabcc2af
insert into favorite_spot (count, favorite_id, spot_id, favorite_spot_id) values (?, ?, ?, ?)
insert into favorite_spot (count, favorite_id, spot_id, favorite_spot_id) values (0, 38, 493, 383);
2022-10-10 13:48:04.553  INFO 3923 --- [    Test worker] p6spy                                    : #1665377284553 | took 0ms | statement | connection 24| url jdbc:h2:mem:6a3784ae-1aa6-4bbf-b617-4d4aeabcc2af
insert into score (facility_rank, facility_score, price_rank, price_score, rank_average, surround_rank, surround_score, view_rank, view_score, score_id) values (?, ?, ?, ?, ?, ?, ?, ?, ?, ?)
insert into score (facility_rank, facility_score, price_rank, price_score, rank_average, surround_rank, surround_score, view_rank, view_score, score_id) values (2.317082610815989, 0.33894040963376226, 7.90842298896327, 3.1342372506465432, 8.420402022297829, 2.995427603462378, 4.501063937951081, 8.797812184509096, 5.27158339710572, 428);
2022-10-10 13:48:04.553  INFO 3923 --- [    Test worker] p6spy                                    : #1665377284553 | took 0ms | statement | connection 24| url jdbc:h2:mem:6a3784ae-1aa6-4bbf-b617-4d4aeabcc2af
insert into picture (spot_id, url, picture_id) values (?, ?, ?)
insert into picture (spot_id, url, picture_id) values (NULL, 'java.io.StringReader@757023a6', 1765);
2022-10-10 13:48:04.553  INFO 3923 --- [    Test worker] p6spy                                    : #1665377284553 | took 0ms | statement | connection 24| url jdbc:h2:mem:6a3784ae-1aa6-4bbf-b617-4d4aeabcc2af
insert into picture (spot_id, url, picture_id) values (?, ?, ?)
insert into picture (spot_id, url, picture_id) values (NULL, 'java.io.StringReader@3cd5db14', 1766);
2022-10-10 13:48:04.553  INFO 3923 --- [    Test worker] p6spy                                    : #1665377284553 | took 0ms | statement | connection 24| url jdbc:h2:mem:6a3784ae-1aa6-4bbf-b617-4d4aeabcc2af
insert into picture (spot_id, url, picture_id) values (?, ?, ?)
insert into picture (spot_id, url, picture_id) values (NULL, 'java.io.StringReader@557a2fe7', 1767);
2022-10-10 13:48:04.553  INFO 3923 --- [    Test worker] p6spy                                    : #1665377284553 | took 0ms | statement | connection 24| url jdbc:h2:mem:6a3784ae-1aa6-4bbf-b617-4d4aeabcc2af
insert into spot (address, description, location, name, score_id, spot_id) values (?, ?, ?, ?, ?, ?)
insert into spot (address, description, location, name, score_id, spot_id) values (NULL, NULL, 'Aewol_eup', NULL, 428, 494);
2022-10-10 13:48:04.553  INFO 3923 --- [    Test worker] p6spy                                    : #1665377284553 | took 0ms | statement | connection 24| url jdbc:h2:mem:6a3784ae-1aa6-4bbf-b617-4d4aeabcc2af
insert into member_spot (member_id, score, spot_id, member_spot_id) values (?, ?, ?, ?)
insert into member_spot (member_id, score, spot_id, member_spot_id) values (17, 0.0, 494, 1768);
2022-10-10 13:48:04.553  INFO 3923 --- [    Test worker] p6spy                                    : #1665377284553 | took 0ms | statement | connection 24| url jdbc:h2:mem:6a3784ae-1aa6-4bbf-b617-4d4aeabcc2af
insert into review (content, spot_id, review_id) values (?, ?, ?)
insert into review (content, spot_id, review_id) values ('java.io.StringReader@55e107f5', 469, 430);
2022-10-10 13:48:04.553  INFO 3923 --- [    Test worker] p6spy                                    : #1665377284553 | took 0ms | statement | connection 24| url jdbc:h2:mem:6a3784ae-1aa6-4bbf-b617-4d4aeabcc2af
insert into score (facility_rank, facility_score, price_rank, price_score, rank_average, surround_rank, surround_score, view_rank, view_score, score_id) values (?, ?, ?, ?, ?, ?, ?, ?, ?, ?)
insert into score (facility_rank, facility_score, price_rank, price_score, rank_average, surround_rank, surround_score, view_rank, view_score, score_id) values (2.9852372536171004, 2.6137334944281445, 9.644824290122614, 6.979965747021403, 4.801772155311826, 1.495180577638926, 9.801194503919616, 3.264382343111647, 7.662499876094939, 429);
2022-10-10 13:48:04.553  INFO 3923 --- [    Test worker] p6spy                                    : #1665377284553 | took 0ms | statement | connection 24| url jdbc:h2:mem:6a3784ae-1aa6-4bbf-b617-4d4aeabcc2af
insert into picture (spot_id, url, picture_id) values (?, ?, ?)
insert into picture (spot_id, url, picture_id) values (NULL, 'java.io.StringReader@41cd00cd', 1769);
2022-10-10 13:48:04.553  INFO 3923 --- [    Test worker] p6spy                                    : #1665377284553 | took 0ms | statement | connection 24| url jdbc:h2:mem:6a3784ae-1aa6-4bbf-b617-4d4aeabcc2af
insert into picture (spot_id, url, picture_id) values (?, ?, ?)
insert into picture (spot_id, url, picture_id) values (NULL, 'java.io.StringReader@2cc5f775', 1770);
2022-10-10 13:48:04.553  INFO 3923 --- [    Test worker] p6spy                                    : #1665377284553 | took 0ms | statement | connection 24| url jdbc:h2:mem:6a3784ae-1aa6-4bbf-b617-4d4aeabcc2af
insert into picture (spot_id, url, picture_id) values (?, ?, ?)
insert into picture (spot_id, url, picture_id) values (NULL, 'java.io.StringReader@5f1f24e3', 1771);
2022-10-10 13:48:04.553  INFO 3923 --- [    Test worker] p6spy                                    : #1665377284553 | took 0ms | statement | connection 24| url jdbc:h2:mem:6a3784ae-1aa6-4bbf-b617-4d4aeabcc2af
insert into spot (address, description, location, name, score_id, spot_id) values (?, ?, ?, ?, ?, ?)
insert into spot (address, description, location, name, score_id, spot_id) values (NULL, NULL, 'Aewol_eup', NULL, 429, 495);
2022-10-10 13:48:04.553  INFO 3923 --- [    Test worker] p6spy                                    : #1665377284553 | took 0ms | statement | connection 24| url jdbc:h2:mem:6a3784ae-1aa6-4bbf-b617-4d4aeabcc2af
insert into member_spot (member_id, score, spot_id, member_spot_id) values (?, ?, ?, ?)
insert into member_spot (member_id, score, spot_id, member_spot_id) values (17, 0.0, 495, 1772);
2022-10-10 13:48:04.553  INFO 3923 --- [    Test worker] p6spy                                    : #1665377284553 | took 0ms | statement | connection 24| url jdbc:h2:mem:6a3784ae-1aa6-4bbf-b617-4d4aeabcc2af
insert into review (content, spot_id, review_id) values (?, ?, ?)
insert into review (content, spot_id, review_id) values ('java.io.StringReader@3c9c90f8', 469, 431);
2022-10-10 13:48:04.553  INFO 3923 --- [    Test worker] p6spy                                    : #1665377284553 | took 0ms | statement | connection 24| url jdbc:h2:mem:6a3784ae-1aa6-4bbf-b617-4d4aeabcc2af
insert into favorite_spot (count, favorite_id, spot_id, favorite_spot_id) values (?, ?, ?, ?)
insert into favorite_spot (count, favorite_id, spot_id, favorite_spot_id) values (0, 38, 495, 384);
2022-10-10 13:48:04.554  INFO 3923 --- [    Test worker] p6spy                                    : #1665377284554 | took 0ms | statement | connection 24| url jdbc:h2:mem:6a3784ae-1aa6-4bbf-b617-4d4aeabcc2af
insert into score (facility_rank, facility_score, price_rank, price_score, rank_average, surround_rank, surround_score, view_rank, view_score, score_id) values (?, ?, ?, ?, ?, ?, ?, ?, ?, ?)
insert into score (facility_rank, facility_score, price_rank, price_score, rank_average, surround_rank, surround_score, view_rank, view_score, score_id) values (6.299164622089226, 9.941812181936827, 8.634410919275037, 4.59930594658743, 7.778575284530502, 6.8656699263606535, 8.871765971568564, 0.8168722627757208, 8.49134079292805, 430);
2022-10-10 13:48:04.554  INFO 3923 --- [    Test worker] p6spy                                    : #1665377284554 | took 0ms | statement | connection 24| url jdbc:h2:mem:6a3784ae-1aa6-4bbf-b617-4d4aeabcc2af
insert into picture (spot_id, url, picture_id) values (?, ?, ?)
insert into picture (spot_id, url, picture_id) values (NULL, 'java.io.StringReader@3418f425', 1773);
2022-10-10 13:48:04.554  INFO 3923 --- [    Test worker] p6spy                                    : #1665377284554 | took 0ms | statement | connection 24| url jdbc:h2:mem:6a3784ae-1aa6-4bbf-b617-4d4aeabcc2af
insert into picture (spot_id, url, picture_id) values (?, ?, ?)
insert into picture (spot_id, url, picture_id) values (NULL, 'java.io.StringReader@53220647', 1774);
2022-10-10 13:48:04.554  INFO 3923 --- [    Test worker] p6spy                                    : #1665377284554 | took 0ms | statement | connection 24| url jdbc:h2:mem:6a3784ae-1aa6-4bbf-b617-4d4aeabcc2af
insert into picture (spot_id, url, picture_id) values (?, ?, ?)
insert into picture (spot_id, url, picture_id) values (NULL, 'java.io.StringReader@390b4bcc', 1775);
2022-10-10 13:48:04.554  INFO 3923 --- [    Test worker] p6spy                                    : #1665377284554 | took 0ms | statement | connection 24| url jdbc:h2:mem:6a3784ae-1aa6-4bbf-b617-4d4aeabcc2af
insert into spot (address, description, location, name, score_id, spot_id) values (?, ?, ?, ?, ?, ?)
insert into spot (address, description, location, name, score_id, spot_id) values (NULL, NULL, 'Aewol_eup', NULL, 430, 496);
2022-10-10 13:48:04.554  INFO 3923 --- [    Test worker] p6spy                                    : #1665377284554 | took 0ms | statement | connection 24| url jdbc:h2:mem:6a3784ae-1aa6-4bbf-b617-4d4aeabcc2af
insert into member_spot (member_id, score, spot_id, member_spot_id) values (?, ?, ?, ?)
insert into member_spot (member_id, score, spot_id, member_spot_id) values (17, 0.0, 496, 1776);
2022-10-10 13:48:04.554  INFO 3923 --- [    Test worker] p6spy                                    : #1665377284554 | took 0ms | statement | connection 24| url jdbc:h2:mem:6a3784ae-1aa6-4bbf-b617-4d4aeabcc2af
insert into review (content, spot_id, review_id) values (?, ?, ?)
insert into review (content, spot_id, review_id) values ('java.io.StringReader@3974a02e', 469, 432);
2022-10-10 13:48:04.554  INFO 3923 --- [    Test worker] p6spy                                    : #1665377284554 | took 0ms | statement | connection 24| url jdbc:h2:mem:6a3784ae-1aa6-4bbf-b617-4d4aeabcc2af
insert into score (facility_rank, facility_score, price_rank, price_score, rank_average, surround_rank, surround_score, view_rank, view_score, score_id) values (?, ?, ?, ?, ?, ?, ?, ?, ?, ?)
insert into score (facility_rank, facility_score, price_rank, price_score, rank_average, surround_rank, surround_score, view_rank, view_score, score_id) values (3.8935546376715093, 7.083713741023633, 4.143342083912601, 9.215022300444382, 4.285478444911719, 5.74555960058976, 9.319829753255092, 0.08150584953410589, 0.7845718186507655, 431);
2022-10-10 13:48:04.554  INFO 3923 --- [    Test worker] p6spy                                    : #1665377284554 | took 0ms | statement | connection 24| url jdbc:h2:mem:6a3784ae-1aa6-4bbf-b617-4d4aeabcc2af
insert into picture (spot_id, url, picture_id) values (?, ?, ?)
insert into picture (spot_id, url, picture_id) values (NULL, 'java.io.StringReader@6f951fe4', 1777);
2022-10-10 13:48:04.554  INFO 3923 --- [    Test worker] p6spy                                    : #1665377284554 | took 0ms | statement | connection 24| url jdbc:h2:mem:6a3784ae-1aa6-4bbf-b617-4d4aeabcc2af
insert into picture (spot_id, url, picture_id) values (?, ?, ?)
insert into picture (spot_id, url, picture_id) values (NULL, 'java.io.StringReader@70558c8b', 1778);
2022-10-10 13:48:04.554  INFO 3923 --- [    Test worker] p6spy                                    : #1665377284554 | took 0ms | statement | connection 24| url jdbc:h2:mem:6a3784ae-1aa6-4bbf-b617-4d4aeabcc2af
insert into picture (spot_id, url, picture_id) values (?, ?, ?)
insert into picture (spot_id, url, picture_id) values (NULL, 'java.io.StringReader@107072dd', 1779);
2022-10-10 13:48:04.554  INFO 3923 --- [    Test worker] p6spy                                    : #1665377284554 | took 0ms | statement | connection 24| url jdbc:h2:mem:6a3784ae-1aa6-4bbf-b617-4d4aeabcc2af
insert into spot (address, description, location, name, score_id, spot_id) values (?, ?, ?, ?, ?, ?)
insert into spot (address, description, location, name, score_id, spot_id) values (NULL, NULL, 'Aewol_eup', NULL, 431, 497);
2022-10-10 13:48:04.554  INFO 3923 --- [    Test worker] p6spy                                    : #1665377284554 | took 0ms | statement | connection 24| url jdbc:h2:mem:6a3784ae-1aa6-4bbf-b617-4d4aeabcc2af
insert into member_spot (member_id, score, spot_id, member_spot_id) values (?, ?, ?, ?)
insert into member_spot (member_id, score, spot_id, member_spot_id) values (17, 0.0, 497, 1780);
2022-10-10 13:48:04.554  INFO 3923 --- [    Test worker] p6spy                                    : #1665377284554 | took 0ms | statement | connection 24| url jdbc:h2:mem:6a3784ae-1aa6-4bbf-b617-4d4aeabcc2af
insert into review (content, spot_id, review_id) values (?, ?, ?)
insert into review (content, spot_id, review_id) values ('java.io.StringReader@3b6464d7', 469, 433);
2022-10-10 13:48:04.554  INFO 3923 --- [    Test worker] p6spy                                    : #1665377284554 | took 0ms | statement | connection 24| url jdbc:h2:mem:6a3784ae-1aa6-4bbf-b617-4d4aeabcc2af
insert into favorite_spot (count, favorite_id, spot_id, favorite_spot_id) values (?, ?, ?, ?)
insert into favorite_spot (count, favorite_id, spot_id, favorite_spot_id) values (0, 38, 497, 385);
2022-10-10 13:48:04.554  INFO 3923 --- [    Test worker] p6spy                                    : #1665377284554 | took 0ms | statement | connection 24| url jdbc:h2:mem:6a3784ae-1aa6-4bbf-b617-4d4aeabcc2af
insert into score (facility_rank, facility_score, price_rank, price_score, rank_average, surround_rank, surround_score, view_rank, view_score, score_id) values (?, ?, ?, ?, ?, ?, ?, ?, ?, ?)
insert into score (facility_rank, facility_score, price_rank, price_score, rank_average, surround_rank, surround_score, view_rank, view_score, score_id) values (7.93403275045956, 9.49610398452391, 6.836575557129249, 2.4263213411249995, 3.279952733552285, 6.212380247297937, 9.08810273303852, 7.719971925756532, 7.816144660864499, 432);
2022-10-10 13:48:04.554  INFO 3923 --- [    Test worker] p6spy                                    : #1665377284554 | took 0ms | statement | connection 24| url jdbc:h2:mem:6a3784ae-1aa6-4bbf-b617-4d4aeabcc2af
insert into picture (spot_id, url, picture_id) values (?, ?, ?)
insert into picture (spot_id, url, picture_id) values (NULL, 'java.io.StringReader@6d7ac72d', 1781);
2022-10-10 13:48:04.554  INFO 3923 --- [    Test worker] p6spy                                    : #1665377284554 | took 0ms | statement | connection 24| url jdbc:h2:mem:6a3784ae-1aa6-4bbf-b617-4d4aeabcc2af
insert into picture (spot_id, url, picture_id) values (?, ?, ?)
insert into picture (spot_id, url, picture_id) values (NULL, 'java.io.StringReader@573f0b25', 1782);
2022-10-10 13:48:04.554  INFO 3923 --- [    Test worker] p6spy                                    : #1665377284554 | took 0ms | statement | connection 24| url jdbc:h2:mem:6a3784ae-1aa6-4bbf-b617-4d4aeabcc2af
insert into picture (spot_id, url, picture_id) values (?, ?, ?)
insert into picture (spot_id, url, picture_id) values (NULL, 'java.io.StringReader@2cdead50', 1783);
2022-10-10 13:48:04.554  INFO 3923 --- [    Test worker] p6spy                                    : #1665377284554 | took 0ms | statement | connection 24| url jdbc:h2:mem:6a3784ae-1aa6-4bbf-b617-4d4aeabcc2af
insert into spot (address, description, location, name, score_id, spot_id) values (?, ?, ?, ?, ?, ?)
insert into spot (address, description, location, name, score_id, spot_id) values (NULL, NULL, 'Aewol_eup', NULL, 432, 498);
2022-10-10 13:48:04.554  INFO 3923 --- [    Test worker] p6spy                                    : #1665377284554 | took 0ms | statement | connection 24| url jdbc:h2:mem:6a3784ae-1aa6-4bbf-b617-4d4aeabcc2af
insert into member_spot (member_id, score, spot_id, member_spot_id) values (?, ?, ?, ?)
insert into member_spot (member_id, score, spot_id, member_spot_id) values (17, 0.0, 498, 1784);
2022-10-10 13:48:04.554  INFO 3923 --- [    Test worker] p6spy                                    : #1665377284554 | took 0ms | statement | connection 24| url jdbc:h2:mem:6a3784ae-1aa6-4bbf-b617-4d4aeabcc2af
insert into review (content, spot_id, review_id) values (?, ?, ?)
insert into review (content, spot_id, review_id) values ('java.io.StringReader@1179a963', 469, 434);
2022-10-10 13:48:04.554  INFO 3923 --- [    Test worker] p6spy                                    : #1665377284554 | took 0ms | statement | connection 24| url jdbc:h2:mem:6a3784ae-1aa6-4bbf-b617-4d4aeabcc2af
insert into score (facility_rank, facility_score, price_rank, price_score, rank_average, surround_rank, surround_score, view_rank, view_score, score_id) values (?, ?, ?, ?, ?, ?, ?, ?, ?, ?)
insert into score (facility_rank, facility_score, price_rank, price_score, rank_average, surround_rank, surround_score, view_rank, view_score, score_id) values (3.4403164577237035, 8.39035483394842, 5.233490687285421, 8.292407773314372, 0.9409790989945066, 9.845081914027336, 4.6691631238878895, 4.646619593711559, 3.2116394873402285, 433);
2022-10-10 13:48:04.554  INFO 3923 --- [    Test worker] p6spy                                    : #1665377284554 | took 0ms | statement | connection 24| url jdbc:h2:mem:6a3784ae-1aa6-4bbf-b617-4d4aeabcc2af
insert into picture (spot_id, url, picture_id) values (?, ?, ?)
insert into picture (spot_id, url, picture_id) values (NULL, 'java.io.StringReader@69f8cec8', 1785);
2022-10-10 13:48:04.554  INFO 3923 --- [    Test worker] p6spy                                    : #1665377284554 | took 0ms | statement | connection 24| url jdbc:h2:mem:6a3784ae-1aa6-4bbf-b617-4d4aeabcc2af
insert into picture (spot_id, url, picture_id) values (?, ?, ?)
insert into picture (spot_id, url, picture_id) values (NULL, 'java.io.StringReader@377425d5', 1786);
2022-10-10 13:48:04.554  INFO 3923 --- [    Test worker] p6spy                                    : #1665377284554 | took 0ms | statement | connection 24| url jdbc:h2:mem:6a3784ae-1aa6-4bbf-b617-4d4aeabcc2af
insert into picture (spot_id, url, picture_id) values (?, ?, ?)
insert into picture (spot_id, url, picture_id) values (NULL, 'java.io.StringReader@3398a19a', 1787);
2022-10-10 13:48:04.554  INFO 3923 --- [    Test worker] p6spy                                    : #1665377284554 | took 0ms | statement | connection 24| url jdbc:h2:mem:6a3784ae-1aa6-4bbf-b617-4d4aeabcc2af
insert into spot (address, description, location, name, score_id, spot_id) values (?, ?, ?, ?, ?, ?)
insert into spot (address, description, location, name, score_id, spot_id) values (NULL, NULL, 'Aewol_eup', NULL, 433, 499);
2022-10-10 13:48:04.554  INFO 3923 --- [    Test worker] p6spy                                    : #1665377284554 | took 0ms | statement | connection 24| url jdbc:h2:mem:6a3784ae-1aa6-4bbf-b617-4d4aeabcc2af
insert into member_spot (member_id, score, spot_id, member_spot_id) values (?, ?, ?, ?)
insert into member_spot (member_id, score, spot_id, member_spot_id) values (17, 0.0, 499, 1788);
2022-10-10 13:48:04.554  INFO 3923 --- [    Test worker] p6spy                                    : #1665377284554 | took 0ms | statement | connection 24| url jdbc:h2:mem:6a3784ae-1aa6-4bbf-b617-4d4aeabcc2af
insert into review (content, spot_id, review_id) values (?, ?, ?)
insert into review (content, spot_id, review_id) values ('java.io.StringReader@1b47915', 469, 435);
2022-10-10 13:48:04.554  INFO 3923 --- [    Test worker] p6spy                                    : #1665377284554 | took 0ms | statement | connection 24| url jdbc:h2:mem:6a3784ae-1aa6-4bbf-b617-4d4aeabcc2af
insert into favorite_spot (count, favorite_id, spot_id, favorite_spot_id) values (?, ?, ?, ?)
insert into favorite_spot (count, favorite_id, spot_id, favorite_spot_id) values (0, 38, 499, 386);
2022-10-10 13:48:04.554  INFO 3923 --- [    Test worker] p6spy                                    : #1665377284554 | took 0ms | statement | connection 24| url jdbc:h2:mem:6a3784ae-1aa6-4bbf-b617-4d4aeabcc2af
insert into score (facility_rank, facility_score, price_rank, price_score, rank_average, surround_rank, surround_score, view_rank, view_score, score_id) values (?, ?, ?, ?, ?, ?, ?, ?, ?, ?)
insert into score (facility_rank, facility_score, price_rank, price_score, rank_average, surround_rank, surround_score, view_rank, view_score, score_id) values (0.4755792597909514, 3.943686666437495, 1.0089653606631865, 5.116969208998794, 7.787489122784748, 1.1819804786620602, 5.71750753166982, 1.1355230642014091, 5.910557727646148, 434);
2022-10-10 13:48:04.554  INFO 3923 --- [    Test worker] p6spy                                    : #1665377284554 | took 0ms | statement | connection 24| url jdbc:h2:mem:6a3784ae-1aa6-4bbf-b617-4d4aeabcc2af
insert into picture (spot_id, url, picture_id) values (?, ?, ?)
insert into picture (spot_id, url, picture_id) values (NULL, 'java.io.StringReader@2a834ed8', 1789);
2022-10-10 13:48:04.554  INFO 3923 --- [    Test worker] p6spy                                    : #1665377284554 | took 0ms | statement | connection 24| url jdbc:h2:mem:6a3784ae-1aa6-4bbf-b617-4d4aeabcc2af
insert into picture (spot_id, url, picture_id) values (?, ?, ?)
insert into picture (spot_id, url, picture_id) values (NULL, 'java.io.StringReader@36d150e6', 1790);
2022-10-10 13:48:04.554  INFO 3923 --- [    Test worker] p6spy                                    : #1665377284554 | took 0ms | statement | connection 24| url jdbc:h2:mem:6a3784ae-1aa6-4bbf-b617-4d4aeabcc2af
insert into picture (spot_id, url, picture_id) values (?, ?, ?)
insert into picture (spot_id, url, picture_id) values (NULL, 'java.io.StringReader@170df1ed', 1791);
2022-10-10 13:48:04.554  INFO 3923 --- [    Test worker] p6spy                                    : #1665377284554 | took 0ms | statement | connection 24| url jdbc:h2:mem:6a3784ae-1aa6-4bbf-b617-4d4aeabcc2af
insert into spot (address, description, location, name, score_id, spot_id) values (?, ?, ?, ?, ?, ?)
insert into spot (address, description, location, name, score_id, spot_id) values (NULL, NULL, 'Aewol_eup', NULL, 434, 500);
2022-10-10 13:48:04.555  INFO 3923 --- [    Test worker] p6spy                                    : #1665377284555 | took 0ms | statement | connection 24| url jdbc:h2:mem:6a3784ae-1aa6-4bbf-b617-4d4aeabcc2af
insert into member_spot (member_id, score, spot_id, member_spot_id) values (?, ?, ?, ?)
insert into member_spot (member_id, score, spot_id, member_spot_id) values (17, 0.0, 500, 1792);
2022-10-10 13:48:04.555  INFO 3923 --- [    Test worker] p6spy                                    : #1665377284555 | took 0ms | statement | connection 24| url jdbc:h2:mem:6a3784ae-1aa6-4bbf-b617-4d4aeabcc2af
insert into review (content, spot_id, review_id) values (?, ?, ?)
insert into review (content, spot_id, review_id) values ('java.io.StringReader@55bc4134', 469, 436);
2022-10-10 13:48:04.555  INFO 3923 --- [    Test worker] p6spy                                    : #1665377284555 | took 0ms | statement | connection 24| url jdbc:h2:mem:6a3784ae-1aa6-4bbf-b617-4d4aeabcc2af
insert into score (facility_rank, facility_score, price_rank, price_score, rank_average, surround_rank, surround_score, view_rank, view_score, score_id) values (?, ?, ?, ?, ?, ?, ?, ?, ?, ?)
insert into score (facility_rank, facility_score, price_rank, price_score, rank_average, surround_rank, surround_score, view_rank, view_score, score_id) values (1.1195963204919945, 5.491178314630325, 3.190519676853535, 2.873551706998118, 1.5579767471659922, 0.557872284981944, 7.441044519286418, 9.692128482301607, 3.8556483301740982, 435);
2022-10-10 13:48:04.555  INFO 3923 --- [    Test worker] p6spy                                    : #1665377284555 | took 0ms | statement | connection 24| url jdbc:h2:mem:6a3784ae-1aa6-4bbf-b617-4d4aeabcc2af
insert into picture (spot_id, url, picture_id) values (?, ?, ?)
insert into picture (spot_id, url, picture_id) values (NULL, 'java.io.StringReader@6c7e17d7', 1793);
2022-10-10 13:48:04.555  INFO 3923 --- [    Test worker] p6spy                                    : #1665377284555 | took 0ms | statement | connection 24| url jdbc:h2:mem:6a3784ae-1aa6-4bbf-b617-4d4aeabcc2af
insert into picture (spot_id, url, picture_id) values (?, ?, ?)
insert into picture (spot_id, url, picture_id) values (NULL, 'java.io.StringReader@5a1305b2', 1794);
2022-10-10 13:48:04.555  INFO 3923 --- [    Test worker] p6spy                                    : #1665377284555 | took 0ms | statement | connection 24| url jdbc:h2:mem:6a3784ae-1aa6-4bbf-b617-4d4aeabcc2af
insert into picture (spot_id, url, picture_id) values (?, ?, ?)
insert into picture (spot_id, url, picture_id) values (NULL, 'java.io.StringReader@78ceb0a4', 1795);
2022-10-10 13:48:04.555  INFO 3923 --- [    Test worker] p6spy                                    : #1665377284555 | took 0ms | statement | connection 24| url jdbc:h2:mem:6a3784ae-1aa6-4bbf-b617-4d4aeabcc2af
insert into spot (address, description, location, name, score_id, spot_id) values (?, ?, ?, ?, ?, ?)
insert into spot (address, description, location, name, score_id, spot_id) values (NULL, NULL, 'Aewol_eup', NULL, 435, 501);
2022-10-10 13:48:04.555  INFO 3923 --- [    Test worker] p6spy                                    : #1665377284555 | took 0ms | statement | connection 24| url jdbc:h2:mem:6a3784ae-1aa6-4bbf-b617-4d4aeabcc2af
insert into member_spot (member_id, score, spot_id, member_spot_id) values (?, ?, ?, ?)
insert into member_spot (member_id, score, spot_id, member_spot_id) values (17, 0.0, 501, 1796);
2022-10-10 13:48:04.555  INFO 3923 --- [    Test worker] p6spy                                    : #1665377284555 | took 0ms | statement | connection 24| url jdbc:h2:mem:6a3784ae-1aa6-4bbf-b617-4d4aeabcc2af
insert into review (content, spot_id, review_id) values (?, ?, ?)
insert into review (content, spot_id, review_id) values ('java.io.StringReader@6c8d3271', 469, 437);
2022-10-10 13:48:04.555  INFO 3923 --- [    Test worker] p6spy                                    : #1665377284555 | took 0ms | statement | connection 24| url jdbc:h2:mem:6a3784ae-1aa6-4bbf-b617-4d4aeabcc2af
insert into favorite_spot (count, favorite_id, spot_id, favorite_spot_id) values (?, ?, ?, ?)
insert into favorite_spot (count, favorite_id, spot_id, favorite_spot_id) values (0, 38, 501, 387);
2022-10-10 13:48:04.555  INFO 3923 --- [    Test worker] p6spy                                    : #1665377284555 | took 0ms | statement | connection 24| url jdbc:h2:mem:6a3784ae-1aa6-4bbf-b617-4d4aeabcc2af
insert into score (facility_rank, facility_score, price_rank, price_score, rank_average, surround_rank, surround_score, view_rank, view_score, score_id) values (?, ?, ?, ?, ?, ?, ?, ?, ?, ?)
insert into score (facility_rank, facility_score, price_rank, price_score, rank_average, surround_rank, surround_score, view_rank, view_score, score_id) values (2.8460109335180386, 8.903666111809246, 2.588070289815044, 0.8407424157100563, 8.429805890006518, 3.380639322779712, 0.7517617875820204, 0.8797845842743668, 4.268158548305631, 436);
2022-10-10 13:48:04.555  INFO 3923 --- [    Test worker] p6spy                                    : #1665377284555 | took 0ms | statement | connection 24| url jdbc:h2:mem:6a3784ae-1aa6-4bbf-b617-4d4aeabcc2af
insert into picture (spot_id, url, picture_id) values (?, ?, ?)
insert into picture (spot_id, url, picture_id) values (NULL, 'java.io.StringReader@17e4b1ab', 1797);
2022-10-10 13:48:04.555  INFO 3923 --- [    Test worker] p6spy                                    : #1665377284555 | took 0ms | statement | connection 24| url jdbc:h2:mem:6a3784ae-1aa6-4bbf-b617-4d4aeabcc2af
insert into picture (spot_id, url, picture_id) values (?, ?, ?)
insert into picture (spot_id, url, picture_id) values (NULL, 'java.io.StringReader@6a7cd14c', 1798);
2022-10-10 13:48:04.555  INFO 3923 --- [    Test worker] p6spy                                    : #1665377284555 | took 0ms | statement | connection 24| url jdbc:h2:mem:6a3784ae-1aa6-4bbf-b617-4d4aeabcc2af
insert into picture (spot_id, url, picture_id) values (?, ?, ?)
insert into picture (spot_id, url, picture_id) values (NULL, 'java.io.StringReader@6b9f08b0', 1799);
2022-10-10 13:48:04.555  INFO 3923 --- [    Test worker] p6spy                                    : #1665377284555 | took 0ms | statement | connection 24| url jdbc:h2:mem:6a3784ae-1aa6-4bbf-b617-4d4aeabcc2af
insert into spot (address, description, location, name, score_id, spot_id) values (?, ?, ?, ?, ?, ?)
insert into spot (address, description, location, name, score_id, spot_id) values (NULL, NULL, 'Aewol_eup', NULL, 436, 502);
2022-10-10 13:48:04.555  INFO 3923 --- [    Test worker] p6spy                                    : #1665377284555 | took 0ms | statement | connection 24| url jdbc:h2:mem:6a3784ae-1aa6-4bbf-b617-4d4aeabcc2af
insert into member_spot (member_id, score, spot_id, member_spot_id) values (?, ?, ?, ?)
insert into member_spot (member_id, score, spot_id, member_spot_id) values (17, 0.0, 502, 1800);
2022-10-10 13:48:04.555  INFO 3923 --- [    Test worker] p6spy                                    : #1665377284555 | took 0ms | statement | connection 24| url jdbc:h2:mem:6a3784ae-1aa6-4bbf-b617-4d4aeabcc2af
insert into review (content, spot_id, review_id) values (?, ?, ?)
insert into review (content, spot_id, review_id) values ('java.io.StringReader@14421ac5', 469, 438);
2022-10-10 13:48:04.555  INFO 3923 --- [    Test worker] p6spy                                    : #1665377284555 | took 0ms | statement | connection 24| url jdbc:h2:mem:6a3784ae-1aa6-4bbf-b617-4d4aeabcc2af
insert into score (facility_rank, facility_score, price_rank, price_score, rank_average, surround_rank, surround_score, view_rank, view_score, score_id) values (?, ?, ?, ?, ?, ?, ?, ?, ?, ?)
insert into score (facility_rank, facility_score, price_rank, price_score, rank_average, surround_rank, surround_score, view_rank, view_score, score_id) values (2.1270649817771012, 8.08815019798189, 4.193126425173618, 5.046049815715521, 7.560732801984692, 2.93343515782352, 5.700081173045977, 8.622537344896916, 9.6740393793085, 437);
2022-10-10 13:48:04.555  INFO 3923 --- [    Test worker] p6spy                                    : #1665377284555 | took 0ms | statement | connection 24| url jdbc:h2:mem:6a3784ae-1aa6-4bbf-b617-4d4aeabcc2af
insert into picture (spot_id, url, picture_id) values (?, ?, ?)
insert into picture (spot_id, url, picture_id) values (NULL, 'java.io.StringReader@32c598fa', 1801);
2022-10-10 13:48:04.555  INFO 3923 --- [    Test worker] p6spy                                    : #1665377284555 | took 0ms | statement | connection 24| url jdbc:h2:mem:6a3784ae-1aa6-4bbf-b617-4d4aeabcc2af
insert into picture (spot_id, url, picture_id) values (?, ?, ?)
insert into picture (spot_id, url, picture_id) values (NULL, 'java.io.StringReader@4ed2dced', 1802);
2022-10-10 13:48:04.555  INFO 3923 --- [    Test worker] p6spy                                    : #1665377284555 | took 0ms | statement | connection 24| url jdbc:h2:mem:6a3784ae-1aa6-4bbf-b617-4d4aeabcc2af
insert into picture (spot_id, url, picture_id) values (?, ?, ?)
insert into picture (spot_id, url, picture_id) values (NULL, 'java.io.StringReader@49df39e9', 1803);
2022-10-10 13:48:04.555  INFO 3923 --- [    Test worker] p6spy                                    : #1665377284555 | took 0ms | statement | connection 24| url jdbc:h2:mem:6a3784ae-1aa6-4bbf-b617-4d4aeabcc2af
insert into spot (address, description, location, name, score_id, spot_id) values (?, ?, ?, ?, ?, ?)
insert into spot (address, description, location, name, score_id, spot_id) values (NULL, NULL, 'Aewol_eup', NULL, 437, 503);
2022-10-10 13:48:04.555  INFO 3923 --- [    Test worker] p6spy                                    : #1665377284555 | took 0ms | statement | connection 24| url jdbc:h2:mem:6a3784ae-1aa6-4bbf-b617-4d4aeabcc2af
insert into member_spot (member_id, score, spot_id, member_spot_id) values (?, ?, ?, ?)
insert into member_spot (member_id, score, spot_id, member_spot_id) values (17, 0.0, 503, 1804);
2022-10-10 13:48:04.555  INFO 3923 --- [    Test worker] p6spy                                    : #1665377284555 | took 0ms | statement | connection 24| url jdbc:h2:mem:6a3784ae-1aa6-4bbf-b617-4d4aeabcc2af
insert into review (content, spot_id, review_id) values (?, ?, ?)
insert into review (content, spot_id, review_id) values ('java.io.StringReader@5b17838a', 469, 439);
2022-10-10 13:48:04.555  INFO 3923 --- [    Test worker] p6spy                                    : #1665377284555 | took 0ms | statement | connection 24| url jdbc:h2:mem:6a3784ae-1aa6-4bbf-b617-4d4aeabcc2af
insert into favorite_spot (count, favorite_id, spot_id, favorite_spot_id) values (?, ?, ?, ?)
insert into favorite_spot (count, favorite_id, spot_id, favorite_spot_id) values (0, 38, 503, 388);
2022-10-10 13:48:04.555  INFO 3923 --- [    Test worker] p6spy                                    : #1665377284555 | took 0ms | statement | connection 24| url jdbc:h2:mem:6a3784ae-1aa6-4bbf-b617-4d4aeabcc2af
insert into score (facility_rank, facility_score, price_rank, price_score, rank_average, surround_rank, surround_score, view_rank, view_score, score_id) values (?, ?, ?, ?, ?, ?, ?, ?, ?, ?)
insert into score (facility_rank, facility_score, price_rank, price_score, rank_average, surround_rank, surround_score, view_rank, view_score, score_id) values (7.500130652764426, 5.703233986926511, 2.3794471110128868, 3.1853999494715115, 8.20607558228801, 7.849183250708359, 0.556962519077111, 3.9474323126978694, 0.17924490716631603, 438);
2022-10-10 13:48:04.555  INFO 3923 --- [    Test worker] p6spy                                    : #1665377284555 | took 0ms | statement | connection 24| url jdbc:h2:mem:6a3784ae-1aa6-4bbf-b617-4d4aeabcc2af
insert into picture (spot_id, url, picture_id) values (?, ?, ?)
insert into picture (spot_id, url, picture_id) values (NULL, 'java.io.StringReader@35dc6a89', 1805);
2022-10-10 13:48:04.555  INFO 3923 --- [    Test worker] p6spy                                    : #1665377284555 | took 0ms | statement | connection 24| url jdbc:h2:mem:6a3784ae-1aa6-4bbf-b617-4d4aeabcc2af
insert into picture (spot_id, url, picture_id) values (?, ?, ?)
insert into picture (spot_id, url, picture_id) values (NULL, 'java.io.StringReader@8443da', 1806);
2022-10-10 13:48:04.555  INFO 3923 --- [    Test worker] p6spy                                    : #1665377284555 | took 0ms | statement | connection 24| url jdbc:h2:mem:6a3784ae-1aa6-4bbf-b617-4d4aeabcc2af
insert into picture (spot_id, url, picture_id) values (?, ?, ?)
insert into picture (spot_id, url, picture_id) values (NULL, 'java.io.StringReader@1d381c96', 1807);
2022-10-10 13:48:04.555  INFO 3923 --- [    Test worker] p6spy                                    : #1665377284555 | took 0ms | statement | connection 24| url jdbc:h2:mem:6a3784ae-1aa6-4bbf-b617-4d4aeabcc2af
insert into spot (address, description, location, name, score_id, spot_id) values (?, ?, ?, ?, ?, ?)
insert into spot (address, description, location, name, score_id, spot_id) values (NULL, NULL, 'Aewol_eup', NULL, 438, 504);
2022-10-10 13:48:04.555  INFO 3923 --- [    Test worker] p6spy                                    : #1665377284555 | took 0ms | statement | connection 24| url jdbc:h2:mem:6a3784ae-1aa6-4bbf-b617-4d4aeabcc2af
insert into member_spot (member_id, score, spot_id, member_spot_id) values (?, ?, ?, ?)
insert into member_spot (member_id, score, spot_id, member_spot_id) values (17, 0.0, 504, 1808);
2022-10-10 13:48:04.555  INFO 3923 --- [    Test worker] p6spy                                    : #1665377284555 | took 0ms | statement | connection 24| url jdbc:h2:mem:6a3784ae-1aa6-4bbf-b617-4d4aeabcc2af
insert into review (content, spot_id, review_id) values (?, ?, ?)
insert into review (content, spot_id, review_id) values ('java.io.StringReader@46b22e4a', 469, 440);
2022-10-10 13:48:04.555  INFO 3923 --- [    Test worker] p6spy                                    : #1665377284555 | took 0ms | statement | connection 24| url jdbc:h2:mem:6a3784ae-1aa6-4bbf-b617-4d4aeabcc2af
insert into score (facility_rank, facility_score, price_rank, price_score, rank_average, surround_rank, surround_score, view_rank, view_score, score_id) values (?, ?, ?, ?, ?, ?, ?, ?, ?, ?)
insert into score (facility_rank, facility_score, price_rank, price_score, rank_average, surround_rank, surround_score, view_rank, view_score, score_id) values (8.055035165001042, 4.9251468059294625, 6.05702683275517, 3.9969429724998395, 1.710357927060383, 6.3929287042008465, 0.8595081184436149, 8.414011076008467, 6.077354829184688, 439);
2022-10-10 13:48:04.555  INFO 3923 --- [    Test worker] p6spy                                    : #1665377284555 | took 0ms | statement | connection 24| url jdbc:h2:mem:6a3784ae-1aa6-4bbf-b617-4d4aeabcc2af
insert into picture (spot_id, url, picture_id) values (?, ?, ?)
insert into picture (spot_id, url, picture_id) values (NULL, 'java.io.StringReader@4b840b9d', 1809);
2022-10-10 13:48:04.555  INFO 3923 --- [    Test worker] p6spy                                    : #1665377284555 | took 0ms | statement | connection 24| url jdbc:h2:mem:6a3784ae-1aa6-4bbf-b617-4d4aeabcc2af
insert into picture (spot_id, url, picture_id) values (?, ?, ?)
insert into picture (spot_id, url, picture_id) values (NULL, 'java.io.StringReader@150a7e0', 1810);
2022-10-10 13:48:04.555  INFO 3923 --- [    Test worker] p6spy                                    : #1665377284555 | took 0ms | statement | connection 24| url jdbc:h2:mem:6a3784ae-1aa6-4bbf-b617-4d4aeabcc2af
insert into picture (spot_id, url, picture_id) values (?, ?, ?)
insert into picture (spot_id, url, picture_id) values (NULL, 'java.io.StringReader@5a3b3ea6', 1811);
2022-10-10 13:48:04.555  INFO 3923 --- [    Test worker] p6spy                                    : #1665377284555 | took 0ms | statement | connection 24| url jdbc:h2:mem:6a3784ae-1aa6-4bbf-b617-4d4aeabcc2af
insert into spot (address, description, location, name, score_id, spot_id) values (?, ?, ?, ?, ?, ?)
insert into spot (address, description, location, name, score_id, spot_id) values (NULL, NULL, 'Aewol_eup', NULL, 439, 505);
2022-10-10 13:48:04.555  INFO 3923 --- [    Test worker] p6spy                                    : #1665377284555 | took 0ms | statement | connection 24| url jdbc:h2:mem:6a3784ae-1aa6-4bbf-b617-4d4aeabcc2af
insert into member_spot (member_id, score, spot_id, member_spot_id) values (?, ?, ?, ?)
insert into member_spot (member_id, score, spot_id, member_spot_id) values (17, 0.0, 505, 1812);
2022-10-10 13:48:04.556  INFO 3923 --- [    Test worker] p6spy                                    : #1665377284556 | took 0ms | statement | connection 24| url jdbc:h2:mem:6a3784ae-1aa6-4bbf-b617-4d4aeabcc2af
insert into review (content, spot_id, review_id) values (?, ?, ?)
insert into review (content, spot_id, review_id) values ('java.io.StringReader@12c1371e', 469, 441);
2022-10-10 13:48:04.556  INFO 3923 --- [    Test worker] p6spy                                    : #1665377284556 | took 0ms | statement | connection 24| url jdbc:h2:mem:6a3784ae-1aa6-4bbf-b617-4d4aeabcc2af
insert into favorite_spot (count, favorite_id, spot_id, favorite_spot_id) values (?, ?, ?, ?)
insert into favorite_spot (count, favorite_id, spot_id, favorite_spot_id) values (0, 38, 505, 389);
2022-10-10 13:48:04.556  INFO 3923 --- [    Test worker] p6spy                                    : #1665377284556 | took 0ms | statement | connection 24| url jdbc:h2:mem:6a3784ae-1aa6-4bbf-b617-4d4aeabcc2af
insert into score (facility_rank, facility_score, price_rank, price_score, rank_average, surround_rank, surround_score, view_rank, view_score, score_id) values (?, ?, ?, ?, ?, ?, ?, ?, ?, ?)
insert into score (facility_rank, facility_score, price_rank, price_score, rank_average, surround_rank, surround_score, view_rank, view_score, score_id) values (4.0060547642755795, 9.85866265615692, 0.5080892178510665, 6.092979375106053, 7.772387556629321, 2.8372247968844144, 5.123849348117627, 0.565474699773596, 0.20842390569427605, 440);
2022-10-10 13:48:04.556  INFO 3923 --- [    Test worker] p6spy                                    : #1665377284556 | took 0ms | statement | connection 24| url jdbc:h2:mem:6a3784ae-1aa6-4bbf-b617-4d4aeabcc2af
insert into picture (spot_id, url, picture_id) values (?, ?, ?)
insert into picture (spot_id, url, picture_id) values (NULL, 'java.io.StringReader@451ee4a1', 1813);
2022-10-10 13:48:04.556  INFO 3923 --- [    Test worker] p6spy                                    : #1665377284556 | took 0ms | statement | connection 24| url jdbc:h2:mem:6a3784ae-1aa6-4bbf-b617-4d4aeabcc2af
insert into picture (spot_id, url, picture_id) values (?, ?, ?)
insert into picture (spot_id, url, picture_id) values (NULL, 'java.io.StringReader@a9ac028', 1814);
2022-10-10 13:48:04.556  INFO 3923 --- [    Test worker] p6spy                                    : #1665377284556 | took 0ms | statement | connection 24| url jdbc:h2:mem:6a3784ae-1aa6-4bbf-b617-4d4aeabcc2af
insert into picture (spot_id, url, picture_id) values (?, ?, ?)
insert into picture (spot_id, url, picture_id) values (NULL, 'java.io.StringReader@29f79c22', 1815);
2022-10-10 13:48:04.556  INFO 3923 --- [    Test worker] p6spy                                    : #1665377284556 | took 0ms | statement | connection 24| url jdbc:h2:mem:6a3784ae-1aa6-4bbf-b617-4d4aeabcc2af
insert into spot (address, description, location, name, score_id, spot_id) values (?, ?, ?, ?, ?, ?)
insert into spot (address, description, location, name, score_id, spot_id) values (NULL, NULL, 'Aewol_eup', NULL, 440, 506);
2022-10-10 13:48:04.556  INFO 3923 --- [    Test worker] p6spy                                    : #1665377284556 | took 0ms | statement | connection 24| url jdbc:h2:mem:6a3784ae-1aa6-4bbf-b617-4d4aeabcc2af
insert into member_spot (member_id, score, spot_id, member_spot_id) values (?, ?, ?, ?)
insert into member_spot (member_id, score, spot_id, member_spot_id) values (17, 0.0, 506, 1816);
2022-10-10 13:48:04.556  INFO 3923 --- [    Test worker] p6spy                                    : #1665377284556 | took 0ms | statement | connection 24| url jdbc:h2:mem:6a3784ae-1aa6-4bbf-b617-4d4aeabcc2af
insert into review (content, spot_id, review_id) values (?, ?, ?)
insert into review (content, spot_id, review_id) values ('java.io.StringReader@12dda1b8', 469, 442);
2022-10-10 13:48:04.556  INFO 3923 --- [    Test worker] p6spy                                    : #1665377284556 | took 0ms | statement | connection 24| url jdbc:h2:mem:6a3784ae-1aa6-4bbf-b617-4d4aeabcc2af
insert into score (facility_rank, facility_score, price_rank, price_score, rank_average, surround_rank, surround_score, view_rank, view_score, score_id) values (?, ?, ?, ?, ?, ?, ?, ?, ?, ?)
insert into score (facility_rank, facility_score, price_rank, price_score, rank_average, surround_rank, surround_score, view_rank, view_score, score_id) values (2.878663810933314, 8.22086694577526, 3.3886185532965873, 0.14240307018559162, 0.8086615722361634, 5.989865038275025, 7.184402932680233, 1.8504141493846626, 0.17341659647696628, 441);
2022-10-10 13:48:04.556  INFO 3923 --- [    Test worker] p6spy                                    : #1665377284556 | took 0ms | statement | connection 24| url jdbc:h2:mem:6a3784ae-1aa6-4bbf-b617-4d4aeabcc2af
insert into picture (spot_id, url, picture_id) values (?, ?, ?)
insert into picture (spot_id, url, picture_id) values (NULL, 'java.io.StringReader@7ca73193', 1817);
2022-10-10 13:48:04.556  INFO 3923 --- [    Test worker] p6spy                                    : #1665377284556 | took 0ms | statement | connection 24| url jdbc:h2:mem:6a3784ae-1aa6-4bbf-b617-4d4aeabcc2af
insert into picture (spot_id, url, picture_id) values (?, ?, ?)
insert into picture (spot_id, url, picture_id) values (NULL, 'java.io.StringReader@3e4bca9', 1818);
2022-10-10 13:48:04.556  INFO 3923 --- [    Test worker] p6spy                                    : #1665377284556 | took 0ms | statement | connection 24| url jdbc:h2:mem:6a3784ae-1aa6-4bbf-b617-4d4aeabcc2af
insert into picture (spot_id, url, picture_id) values (?, ?, ?)
insert into picture (spot_id, url, picture_id) values (NULL, 'java.io.StringReader@2871590d', 1819);
2022-10-10 13:48:04.556  INFO 3923 --- [    Test worker] p6spy                                    : #1665377284556 | took 0ms | statement | connection 24| url jdbc:h2:mem:6a3784ae-1aa6-4bbf-b617-4d4aeabcc2af
insert into spot (address, description, location, name, score_id, spot_id) values (?, ?, ?, ?, ?, ?)
insert into spot (address, description, location, name, score_id, spot_id) values (NULL, NULL, 'Aewol_eup', NULL, 441, 507);
2022-10-10 13:48:04.556  INFO 3923 --- [    Test worker] p6spy                                    : #1665377284556 | took 0ms | statement | connection 24| url jdbc:h2:mem:6a3784ae-1aa6-4bbf-b617-4d4aeabcc2af
insert into member_spot (member_id, score, spot_id, member_spot_id) values (?, ?, ?, ?)
insert into member_spot (member_id, score, spot_id, member_spot_id) values (17, 0.0, 507, 1820);
2022-10-10 13:48:04.556  INFO 3923 --- [    Test worker] p6spy                                    : #1665377284556 | took 0ms | statement | connection 24| url jdbc:h2:mem:6a3784ae-1aa6-4bbf-b617-4d4aeabcc2af
insert into review (content, spot_id, review_id) values (?, ?, ?)
insert into review (content, spot_id, review_id) values ('java.io.StringReader@326d4f0f', 469, 443);
2022-10-10 13:48:04.556  INFO 3923 --- [    Test worker] p6spy                                    : #1665377284556 | took 0ms | statement | connection 24| url jdbc:h2:mem:6a3784ae-1aa6-4bbf-b617-4d4aeabcc2af
insert into favorite_spot (count, favorite_id, spot_id, favorite_spot_id) values (?, ?, ?, ?)
insert into favorite_spot (count, favorite_id, spot_id, favorite_spot_id) values (0, 38, 507, 390);
2022-10-10 13:48:04.556  INFO 3923 --- [    Test worker] p6spy                                    : #1665377284556 | took 0ms | statement | connection 24| url jdbc:h2:mem:6a3784ae-1aa6-4bbf-b617-4d4aeabcc2af
insert into score (facility_rank, facility_score, price_rank, price_score, rank_average, surround_rank, surround_score, view_rank, view_score, score_id) values (?, ?, ?, ?, ?, ?, ?, ?, ?, ?)
insert into score (facility_rank, facility_score, price_rank, price_score, rank_average, surround_rank, surround_score, view_rank, view_score, score_id) values (0.6730470042936798, 4.687943889045233, 5.2006490891530355, 7.238277993057359, 8.998940712789075, 3.729670429722214, 3.4557209319006086, 7.141973691242698, 9.535373618767617, 442);
2022-10-10 13:48:04.556  INFO 3923 --- [    Test worker] p6spy                                    : #1665377284556 | took 0ms | statement | connection 24| url jdbc:h2:mem:6a3784ae-1aa6-4bbf-b617-4d4aeabcc2af
insert into picture (spot_id, url, picture_id) values (?, ?, ?)
insert into picture (spot_id, url, picture_id) values (NULL, 'java.io.StringReader@72388b94', 1821);
2022-10-10 13:48:04.556  INFO 3923 --- [    Test worker] p6spy                                    : #1665377284556 | took 0ms | statement | connection 24| url jdbc:h2:mem:6a3784ae-1aa6-4bbf-b617-4d4aeabcc2af
insert into picture (spot_id, url, picture_id) values (?, ?, ?)
insert into picture (spot_id, url, picture_id) values (NULL, 'java.io.StringReader@35a2a194', 1822);
2022-10-10 13:48:04.556  INFO 3923 --- [    Test worker] p6spy                                    : #1665377284556 | took 0ms | statement | connection 24| url jdbc:h2:mem:6a3784ae-1aa6-4bbf-b617-4d4aeabcc2af
insert into picture (spot_id, url, picture_id) values (?, ?, ?)
insert into picture (spot_id, url, picture_id) values (NULL, 'java.io.StringReader@2d93d0e4', 1823);
2022-10-10 13:48:04.556  INFO 3923 --- [    Test worker] p6spy                                    : #1665377284556 | took 0ms | statement | connection 24| url jdbc:h2:mem:6a3784ae-1aa6-4bbf-b617-4d4aeabcc2af
insert into spot (address, description, location, name, score_id, spot_id) values (?, ?, ?, ?, ?, ?)
insert into spot (address, description, location, name, score_id, spot_id) values (NULL, NULL, 'Aewol_eup', NULL, 442, 508);
2022-10-10 13:48:04.556  INFO 3923 --- [    Test worker] p6spy                                    : #1665377284556 | took 0ms | statement | connection 24| url jdbc:h2:mem:6a3784ae-1aa6-4bbf-b617-4d4aeabcc2af
insert into member_spot (member_id, score, spot_id, member_spot_id) values (?, ?, ?, ?)
insert into member_spot (member_id, score, spot_id, member_spot_id) values (17, 0.0, 508, 1824);
2022-10-10 13:48:04.556  INFO 3923 --- [    Test worker] p6spy                                    : #1665377284556 | took 0ms | statement | connection 24| url jdbc:h2:mem:6a3784ae-1aa6-4bbf-b617-4d4aeabcc2af
insert into review (content, spot_id, review_id) values (?, ?, ?)
insert into review (content, spot_id, review_id) values ('java.io.StringReader@5140f549', 469, 444);
2022-10-10 13:48:04.556  INFO 3923 --- [    Test worker] p6spy                                    : #1665377284556 | took 0ms | statement | connection 24| url jdbc:h2:mem:6a3784ae-1aa6-4bbf-b617-4d4aeabcc2af
insert into score (facility_rank, facility_score, price_rank, price_score, rank_average, surround_rank, surround_score, view_rank, view_score, score_id) values (?, ?, ?, ?, ?, ?, ?, ?, ?, ?)
insert into score (facility_rank, facility_score, price_rank, price_score, rank_average, surround_rank, surround_score, view_rank, view_score, score_id) values (4.690885622376065, 8.442486834202136, 1.8649658346151676, 6.655579831328799, 9.430119365986158, 0.8223231965686162, 6.153503411986792, 6.449948659811763, 7.577761257845099, 443);
2022-10-10 13:48:04.556  INFO 3923 --- [    Test worker] p6spy                                    : #1665377284556 | took 0ms | statement | connection 24| url jdbc:h2:mem:6a3784ae-1aa6-4bbf-b617-4d4aeabcc2af
insert into picture (spot_id, url, picture_id) values (?, ?, ?)
insert into picture (spot_id, url, picture_id) values (NULL, 'java.io.StringReader@ce86a47', 1825);
2022-10-10 13:48:04.556  INFO 3923 --- [    Test worker] p6spy                                    : #1665377284556 | took 0ms | statement | connection 24| url jdbc:h2:mem:6a3784ae-1aa6-4bbf-b617-4d4aeabcc2af
insert into picture (spot_id, url, picture_id) values (?, ?, ?)
insert into picture (spot_id, url, picture_id) values (NULL, 'java.io.StringReader@dfb8c98', 1826);
2022-10-10 13:48:04.556  INFO 3923 --- [    Test worker] p6spy                                    : #1665377284556 | took 0ms | statement | connection 24| url jdbc:h2:mem:6a3784ae-1aa6-4bbf-b617-4d4aeabcc2af
insert into picture (spot_id, url, picture_id) values (?, ?, ?)
insert into picture (spot_id, url, picture_id) values (NULL, 'java.io.StringReader@2e73e513', 1827);
2022-10-10 13:48:04.556  INFO 3923 --- [    Test worker] p6spy                                    : #1665377284556 | took 0ms | statement | connection 24| url jdbc:h2:mem:6a3784ae-1aa6-4bbf-b617-4d4aeabcc2af
insert into spot (address, description, location, name, score_id, spot_id) values (?, ?, ?, ?, ?, ?)
insert into spot (address, description, location, name, score_id, spot_id) values (NULL, NULL, 'Aewol_eup', NULL, 443, 509);
2022-10-10 13:48:04.556  INFO 3923 --- [    Test worker] p6spy                                    : #1665377284556 | took 0ms | statement | connection 24| url jdbc:h2:mem:6a3784ae-1aa6-4bbf-b617-4d4aeabcc2af
insert into member_spot (member_id, score, spot_id, member_spot_id) values (?, ?, ?, ?)
insert into member_spot (member_id, score, spot_id, member_spot_id) values (17, 0.0, 509, 1828);
2022-10-10 13:48:04.556  INFO 3923 --- [    Test worker] p6spy                                    : #1665377284556 | took 0ms | statement | connection 24| url jdbc:h2:mem:6a3784ae-1aa6-4bbf-b617-4d4aeabcc2af
insert into review (content, spot_id, review_id) values (?, ?, ?)
insert into review (content, spot_id, review_id) values ('java.io.StringReader@8394219', 469, 445);
2022-10-10 13:48:04.556  INFO 3923 --- [    Test worker] p6spy                                    : #1665377284556 | took 0ms | statement | connection 24| url jdbc:h2:mem:6a3784ae-1aa6-4bbf-b617-4d4aeabcc2af
insert into favorite_spot (count, favorite_id, spot_id, favorite_spot_id) values (?, ?, ?, ?)
insert into favorite_spot (count, favorite_id, spot_id, favorite_spot_id) values (0, 38, 509, 391);
2022-10-10 13:48:04.556  INFO 3923 --- [    Test worker] p6spy                                    : #1665377284556 | took 0ms | statement | connection 24| url jdbc:h2:mem:6a3784ae-1aa6-4bbf-b617-4d4aeabcc2af
insert into score (facility_rank, facility_score, price_rank, price_score, rank_average, surround_rank, surround_score, view_rank, view_score, score_id) values (?, ?, ?, ?, ?, ?, ?, ?, ?, ?)
insert into score (facility_rank, facility_score, price_rank, price_score, rank_average, surround_rank, surround_score, view_rank, view_score, score_id) values (7.921969466498453, 0.1600480030794993, 4.29792116470098, 2.880747098182791, 9.983458285804694, 8.034516482214972, 3.8872322065700082, 6.252560261307599, 4.000389091176258, 444);
2022-10-10 13:48:04.556  INFO 3923 --- [    Test worker] p6spy                                    : #1665377284556 | took 0ms | statement | connection 24| url jdbc:h2:mem:6a3784ae-1aa6-4bbf-b617-4d4aeabcc2af
insert into picture (spot_id, url, picture_id) values (?, ?, ?)
insert into picture (spot_id, url, picture_id) values (NULL, 'java.io.StringReader@18ef3972', 1829);
2022-10-10 13:48:04.556  INFO 3923 --- [    Test worker] p6spy                                    : #1665377284556 | took 0ms | statement | connection 24| url jdbc:h2:mem:6a3784ae-1aa6-4bbf-b617-4d4aeabcc2af
insert into picture (spot_id, url, picture_id) values (?, ?, ?)
insert into picture (spot_id, url, picture_id) values (NULL, 'java.io.StringReader@1253889d', 1830);
2022-10-10 13:48:04.556  INFO 3923 --- [    Test worker] p6spy                                    : #1665377284556 | took 0ms | statement | connection 24| url jdbc:h2:mem:6a3784ae-1aa6-4bbf-b617-4d4aeabcc2af
insert into picture (spot_id, url, picture_id) values (?, ?, ?)
insert into picture (spot_id, url, picture_id) values (NULL, 'java.io.StringReader@276abaad', 1831);
2022-10-10 13:48:04.556  INFO 3923 --- [    Test worker] p6spy                                    : #1665377284556 | took 0ms | statement | connection 24| url jdbc:h2:mem:6a3784ae-1aa6-4bbf-b617-4d4aeabcc2af
insert into spot (address, description, location, name, score_id, spot_id) values (?, ?, ?, ?, ?, ?)
insert into spot (address, description, location, name, score_id, spot_id) values (NULL, NULL, 'Aewol_eup', NULL, 444, 510);
2022-10-10 13:48:04.557  INFO 3923 --- [    Test worker] p6spy                                    : #1665377284557 | took 0ms | statement | connection 24| url jdbc:h2:mem:6a3784ae-1aa6-4bbf-b617-4d4aeabcc2af
insert into member_spot (member_id, score, spot_id, member_spot_id) values (?, ?, ?, ?)
insert into member_spot (member_id, score, spot_id, member_spot_id) values (17, 0.0, 510, 1832);
2022-10-10 13:48:04.557  INFO 3923 --- [    Test worker] p6spy                                    : #1665377284557 | took 0ms | statement | connection 24| url jdbc:h2:mem:6a3784ae-1aa6-4bbf-b617-4d4aeabcc2af
insert into review (content, spot_id, review_id) values (?, ?, ?)
insert into review (content, spot_id, review_id) values ('java.io.StringReader@53c0b174', 469, 446);
2022-10-10 13:48:04.557  INFO 3923 --- [    Test worker] p6spy                                    : #1665377284557 | took 0ms | statement | connection 24| url jdbc:h2:mem:6a3784ae-1aa6-4bbf-b617-4d4aeabcc2af
insert into score (facility_rank, facility_score, price_rank, price_score, rank_average, surround_rank, surround_score, view_rank, view_score, score_id) values (?, ?, ?, ?, ?, ?, ?, ?, ?, ?)
insert into score (facility_rank, facility_score, price_rank, price_score, rank_average, surround_rank, surround_score, view_rank, view_score, score_id) values (5.933786954384849, 2.72124195893384, 6.477221575525862, 6.737740930651266, 9.924760484770477, 5.4834254456538964, 9.401139227798026, 2.9553715616409693, 5.9068502415935065, 445);
2022-10-10 13:48:04.557  INFO 3923 --- [    Test worker] p6spy                                    : #1665377284557 | took 0ms | statement | connection 24| url jdbc:h2:mem:6a3784ae-1aa6-4bbf-b617-4d4aeabcc2af
insert into picture (spot_id, url, picture_id) values (?, ?, ?)
insert into picture (spot_id, url, picture_id) values (NULL, 'java.io.StringReader@771a3b5f', 1833);
2022-10-10 13:48:04.557  INFO 3923 --- [    Test worker] p6spy                                    : #1665377284557 | took 0ms | statement | connection 24| url jdbc:h2:mem:6a3784ae-1aa6-4bbf-b617-4d4aeabcc2af
insert into picture (spot_id, url, picture_id) values (?, ?, ?)
insert into picture (spot_id, url, picture_id) values (NULL, 'java.io.StringReader@6c7bbf62', 1834);
2022-10-10 13:48:04.557  INFO 3923 --- [    Test worker] p6spy                                    : #1665377284557 | took 0ms | statement | connection 24| url jdbc:h2:mem:6a3784ae-1aa6-4bbf-b617-4d4aeabcc2af
insert into picture (spot_id, url, picture_id) values (?, ?, ?)
insert into picture (spot_id, url, picture_id) values (NULL, 'java.io.StringReader@230dd59', 1835);
2022-10-10 13:48:04.557  INFO 3923 --- [    Test worker] p6spy                                    : #1665377284557 | took 0ms | statement | connection 24| url jdbc:h2:mem:6a3784ae-1aa6-4bbf-b617-4d4aeabcc2af
insert into spot (address, description, location, name, score_id, spot_id) values (?, ?, ?, ?, ?, ?)
insert into spot (address, description, location, name, score_id, spot_id) values (NULL, NULL, 'Aewol_eup', NULL, 445, 511);
2022-10-10 13:48:04.557  INFO 3923 --- [    Test worker] p6spy                                    : #1665377284557 | took 0ms | statement | connection 24| url jdbc:h2:mem:6a3784ae-1aa6-4bbf-b617-4d4aeabcc2af
insert into member_spot (member_id, score, spot_id, member_spot_id) values (?, ?, ?, ?)
insert into member_spot (member_id, score, spot_id, member_spot_id) values (17, 0.0, 511, 1836);
2022-10-10 13:48:04.557  INFO 3923 --- [    Test worker] p6spy                                    : #1665377284557 | took 0ms | statement | connection 24| url jdbc:h2:mem:6a3784ae-1aa6-4bbf-b617-4d4aeabcc2af
insert into review (content, spot_id, review_id) values (?, ?, ?)
insert into review (content, spot_id, review_id) values ('java.io.StringReader@506fd7ea', 469, 447);
2022-10-10 13:48:04.557  INFO 3923 --- [    Test worker] p6spy                                    : #1665377284557 | took 0ms | statement | connection 24| url jdbc:h2:mem:6a3784ae-1aa6-4bbf-b617-4d4aeabcc2af
insert into favorite_spot (count, favorite_id, spot_id, favorite_spot_id) values (?, ?, ?, ?)
insert into favorite_spot (count, favorite_id, spot_id, favorite_spot_id) values (0, 38, 511, 392);
2022-10-10 13:48:04.557  INFO 3923 --- [    Test worker] p6spy                                    : #1665377284557 | took 0ms | statement | connection 24| url jdbc:h2:mem:6a3784ae-1aa6-4bbf-b617-4d4aeabcc2af
insert into score (facility_rank, facility_score, price_rank, price_score, rank_average, surround_rank, surround_score, view_rank, view_score, score_id) values (?, ?, ?, ?, ?, ?, ?, ?, ?, ?)
insert into score (facility_rank, facility_score, price_rank, price_score, rank_average, surround_rank, surround_score, view_rank, view_score, score_id) values (0.7165983163889222, 7.244811285729734, 3.8292395142750824, 3.7129124074013786, 3.716299572673737, 2.050407900586676, 3.093060066053419, 6.44217715165205, 5.586128255521046, 446);
2022-10-10 13:48:04.557  INFO 3923 --- [    Test worker] p6spy                                    : #1665377284557 | took 0ms | statement | connection 24| url jdbc:h2:mem:6a3784ae-1aa6-4bbf-b617-4d4aeabcc2af
insert into picture (spot_id, url, picture_id) values (?, ?, ?)
insert into picture (spot_id, url, picture_id) values (NULL, 'java.io.StringReader@1c3ed0f6', 1837);
2022-10-10 13:48:04.557  INFO 3923 --- [    Test worker] p6spy                                    : #1665377284557 | took 0ms | statement | connection 24| url jdbc:h2:mem:6a3784ae-1aa6-4bbf-b617-4d4aeabcc2af
insert into picture (spot_id, url, picture_id) values (?, ?, ?)
insert into picture (spot_id, url, picture_id) values (NULL, 'java.io.StringReader@10e72b0f', 1838);
2022-10-10 13:48:04.557  INFO 3923 --- [    Test worker] p6spy                                    : #1665377284557 | took 0ms | statement | connection 24| url jdbc:h2:mem:6a3784ae-1aa6-4bbf-b617-4d4aeabcc2af
insert into picture (spot_id, url, picture_id) values (?, ?, ?)
insert into picture (spot_id, url, picture_id) values (NULL, 'java.io.StringReader@a00beaa', 1839);
2022-10-10 13:48:04.557  INFO 3923 --- [    Test worker] p6spy                                    : #1665377284557 | took 0ms | statement | connection 24| url jdbc:h2:mem:6a3784ae-1aa6-4bbf-b617-4d4aeabcc2af
insert into spot (address, description, location, name, score_id, spot_id) values (?, ?, ?, ?, ?, ?)
insert into spot (address, description, location, name, score_id, spot_id) values (NULL, NULL, 'Aewol_eup', NULL, 446, 512);
2022-10-10 13:48:04.557  INFO 3923 --- [    Test worker] p6spy                                    : #1665377284557 | took 0ms | statement | connection 24| url jdbc:h2:mem:6a3784ae-1aa6-4bbf-b617-4d4aeabcc2af
insert into member_spot (member_id, score, spot_id, member_spot_id) values (?, ?, ?, ?)
insert into member_spot (member_id, score, spot_id, member_spot_id) values (17, 0.0, 512, 1840);
2022-10-10 13:48:04.557  INFO 3923 --- [    Test worker] p6spy                                    : #1665377284557 | took 0ms | statement | connection 24| url jdbc:h2:mem:6a3784ae-1aa6-4bbf-b617-4d4aeabcc2af
insert into review (content, spot_id, review_id) values (?, ?, ?)
insert into review (content, spot_id, review_id) values ('java.io.StringReader@18b33763', 469, 448);
2022-10-10 13:48:04.557  INFO 3923 --- [    Test worker] p6spy                                    : #1665377284557 | took 0ms | statement | connection 24| url jdbc:h2:mem:6a3784ae-1aa6-4bbf-b617-4d4aeabcc2af
insert into score (facility_rank, facility_score, price_rank, price_score, rank_average, surround_rank, surround_score, view_rank, view_score, score_id) values (?, ?, ?, ?, ?, ?, ?, ?, ?, ?)
insert into score (facility_rank, facility_score, price_rank, price_score, rank_average, surround_rank, surround_score, view_rank, view_score, score_id) values (0.7511582190378752, 8.724069931495626, 9.283380472471576, 5.001828243719837, 7.145346718694652, 3.7179526531074902, 0.38364656601178826, 5.120988240845627, 8.879643573480186, 447);
2022-10-10 13:48:04.557  INFO 3923 --- [    Test worker] p6spy                                    : #1665377284557 | took 0ms | statement | connection 24| url jdbc:h2:mem:6a3784ae-1aa6-4bbf-b617-4d4aeabcc2af
insert into picture (spot_id, url, picture_id) values (?, ?, ?)
insert into picture (spot_id, url, picture_id) values (NULL, 'java.io.StringReader@55f51571', 1841);
2022-10-10 13:48:04.557  INFO 3923 --- [    Test worker] p6spy                                    : #1665377284557 | took 0ms | statement | connection 24| url jdbc:h2:mem:6a3784ae-1aa6-4bbf-b617-4d4aeabcc2af
insert into picture (spot_id, url, picture_id) values (?, ?, ?)
insert into picture (spot_id, url, picture_id) values (NULL, 'java.io.StringReader@569765c6', 1842);
2022-10-10 13:48:04.557  INFO 3923 --- [    Test worker] p6spy                                    : #1665377284557 | took 0ms | statement | connection 24| url jdbc:h2:mem:6a3784ae-1aa6-4bbf-b617-4d4aeabcc2af
insert into picture (spot_id, url, picture_id) values (?, ?, ?)
insert into picture (spot_id, url, picture_id) values (NULL, 'java.io.StringReader@409a9400', 1843);
2022-10-10 13:48:04.557  INFO 3923 --- [    Test worker] p6spy                                    : #1665377284557 | took 0ms | statement | connection 24| url jdbc:h2:mem:6a3784ae-1aa6-4bbf-b617-4d4aeabcc2af
insert into spot (address, description, location, name, score_id, spot_id) values (?, ?, ?, ?, ?, ?)
insert into spot (address, description, location, name, score_id, spot_id) values (NULL, NULL, 'Aewol_eup', NULL, 447, 513);
2022-10-10 13:48:04.557  INFO 3923 --- [    Test worker] p6spy                                    : #1665377284557 | took 0ms | statement | connection 24| url jdbc:h2:mem:6a3784ae-1aa6-4bbf-b617-4d4aeabcc2af
insert into member_spot (member_id, score, spot_id, member_spot_id) values (?, ?, ?, ?)
insert into member_spot (member_id, score, spot_id, member_spot_id) values (17, 0.0, 513, 1844);
2022-10-10 13:48:04.557  INFO 3923 --- [    Test worker] p6spy                                    : #1665377284557 | took 0ms | statement | connection 24| url jdbc:h2:mem:6a3784ae-1aa6-4bbf-b617-4d4aeabcc2af
insert into review (content, spot_id, review_id) values (?, ?, ?)
insert into review (content, spot_id, review_id) values ('java.io.StringReader@4a209b55', 469, 449);
2022-10-10 13:48:04.557  INFO 3923 --- [    Test worker] p6spy                                    : #1665377284557 | took 0ms | statement | connection 24| url jdbc:h2:mem:6a3784ae-1aa6-4bbf-b617-4d4aeabcc2af
insert into favorite_spot (count, favorite_id, spot_id, favorite_spot_id) values (?, ?, ?, ?)
insert into favorite_spot (count, favorite_id, spot_id, favorite_spot_id) values (0, 38, 513, 393);
2022-10-10 13:48:04.557  INFO 3923 --- [    Test worker] p6spy                                    : #1665377284557 | took 0ms | statement | connection 24| url jdbc:h2:mem:6a3784ae-1aa6-4bbf-b617-4d4aeabcc2af
insert into score (facility_rank, facility_score, price_rank, price_score, rank_average, surround_rank, surround_score, view_rank, view_score, score_id) values (?, ?, ?, ?, ?, ?, ?, ?, ?, ?)
insert into score (facility_rank, facility_score, price_rank, price_score, rank_average, surround_rank, surround_score, view_rank, view_score, score_id) values (5.915354915400771, 6.496204305353607, 3.3605338012892427, 6.953538973821328, 1.5027352485667989, 5.520943377461224, 3.818476873325134, 7.28882273106406, 4.292366605033848, 448);
2022-10-10 13:48:04.557  INFO 3923 --- [    Test worker] p6spy                                    : #1665377284557 | took 0ms | statement | connection 24| url jdbc:h2:mem:6a3784ae-1aa6-4bbf-b617-4d4aeabcc2af
insert into picture (spot_id, url, picture_id) values (?, ?, ?)
insert into picture (spot_id, url, picture_id) values (NULL, 'java.io.StringReader@5429565e', 1845);
2022-10-10 13:48:04.557  INFO 3923 --- [    Test worker] p6spy                                    : #1665377284557 | took 0ms | statement | connection 24| url jdbc:h2:mem:6a3784ae-1aa6-4bbf-b617-4d4aeabcc2af
insert into picture (spot_id, url, picture_id) values (?, ?, ?)
insert into picture (spot_id, url, picture_id) values (NULL, 'java.io.StringReader@6f982340', 1846);
2022-10-10 13:48:04.557  INFO 3923 --- [    Test worker] p6spy                                    : #1665377284557 | took 0ms | statement | connection 24| url jdbc:h2:mem:6a3784ae-1aa6-4bbf-b617-4d4aeabcc2af
insert into picture (spot_id, url, picture_id) values (?, ?, ?)
insert into picture (spot_id, url, picture_id) values (NULL, 'java.io.StringReader@2194dd0d', 1847);
2022-10-10 13:48:04.557  INFO 3923 --- [    Test worker] p6spy                                    : #1665377284557 | took 0ms | statement | connection 24| url jdbc:h2:mem:6a3784ae-1aa6-4bbf-b617-4d4aeabcc2af
insert into spot (address, description, location, name, score_id, spot_id) values (?, ?, ?, ?, ?, ?)
insert into spot (address, description, location, name, score_id, spot_id) values (NULL, NULL, 'Aewol_eup', NULL, 448, 514);
2022-10-10 13:48:04.557  INFO 3923 --- [    Test worker] p6spy                                    : #1665377284557 | took 0ms | statement | connection 24| url jdbc:h2:mem:6a3784ae-1aa6-4bbf-b617-4d4aeabcc2af
insert into member_spot (member_id, score, spot_id, member_spot_id) values (?, ?, ?, ?)
insert into member_spot (member_id, score, spot_id, member_spot_id) values (17, 0.0, 514, 1848);
2022-10-10 13:48:04.557  INFO 3923 --- [    Test worker] p6spy                                    : #1665377284557 | took 0ms | statement | connection 24| url jdbc:h2:mem:6a3784ae-1aa6-4bbf-b617-4d4aeabcc2af
insert into review (content, spot_id, review_id) values (?, ?, ?)
insert into review (content, spot_id, review_id) values ('java.io.StringReader@2ac59630', 469, 450);
2022-10-10 13:48:04.557  INFO 3923 --- [    Test worker] p6spy                                    : #1665377284557 | took 0ms | statement | connection 24| url jdbc:h2:mem:6a3784ae-1aa6-4bbf-b617-4d4aeabcc2af
insert into score (facility_rank, facility_score, price_rank, price_score, rank_average, surround_rank, surround_score, view_rank, view_score, score_id) values (?, ?, ?, ?, ?, ?, ?, ?, ?, ?)
insert into score (facility_rank, facility_score, price_rank, price_score, rank_average, surround_rank, surround_score, view_rank, view_score, score_id) values (6.60669887429124, 0.8552147697440671, 4.427726586412739, 9.925849700179878, 7.915605979593544, 5.926629107339457, 7.418513762796575, 7.002528187210462, 9.508708216020153, 449);
2022-10-10 13:48:04.557  INFO 3923 --- [    Test worker] p6spy                                    : #1665377284557 | took 0ms | statement | connection 24| url jdbc:h2:mem:6a3784ae-1aa6-4bbf-b617-4d4aeabcc2af
insert into picture (spot_id, url, picture_id) values (?, ?, ?)
insert into picture (spot_id, url, picture_id) values (NULL, 'java.io.StringReader@188da0e2', 1849);
2022-10-10 13:48:04.557  INFO 3923 --- [    Test worker] p6spy                                    : #1665377284557 | took 0ms | statement | connection 24| url jdbc:h2:mem:6a3784ae-1aa6-4bbf-b617-4d4aeabcc2af
insert into picture (spot_id, url, picture_id) values (?, ?, ?)
insert into picture (spot_id, url, picture_id) values (NULL, 'java.io.StringReader@74414a78', 1850);
2022-10-10 13:48:04.557  INFO 3923 --- [    Test worker] p6spy                                    : #1665377284557 | took 0ms | statement | connection 24| url jdbc:h2:mem:6a3784ae-1aa6-4bbf-b617-4d4aeabcc2af
insert into picture (spot_id, url, picture_id) values (?, ?, ?)
insert into picture (spot_id, url, picture_id) values (NULL, 'java.io.StringReader@5e1629fe', 1851);
2022-10-10 13:48:04.557  INFO 3923 --- [    Test worker] p6spy                                    : #1665377284557 | took 0ms | statement | connection 24| url jdbc:h2:mem:6a3784ae-1aa6-4bbf-b617-4d4aeabcc2af
insert into spot (address, description, location, name, score_id, spot_id) values (?, ?, ?, ?, ?, ?)
insert into spot (address, description, location, name, score_id, spot_id) values (NULL, NULL, 'Aewol_eup', NULL, 449, 515);
2022-10-10 13:48:04.558  INFO 3923 --- [    Test worker] p6spy                                    : #1665377284558 | took 0ms | statement | connection 24| url jdbc:h2:mem:6a3784ae-1aa6-4bbf-b617-4d4aeabcc2af
insert into member_spot (member_id, score, spot_id, member_spot_id) values (?, ?, ?, ?)
insert into member_spot (member_id, score, spot_id, member_spot_id) values (17, 0.0, 515, 1852);
2022-10-10 13:48:04.558  INFO 3923 --- [    Test worker] p6spy                                    : #1665377284558 | took 0ms | statement | connection 24| url jdbc:h2:mem:6a3784ae-1aa6-4bbf-b617-4d4aeabcc2af
insert into review (content, spot_id, review_id) values (?, ?, ?)
insert into review (content, spot_id, review_id) values ('java.io.StringReader@45ef2dab', 469, 451);
2022-10-10 13:48:04.558  INFO 3923 --- [    Test worker] p6spy                                    : #1665377284558 | took 0ms | statement | connection 24| url jdbc:h2:mem:6a3784ae-1aa6-4bbf-b617-4d4aeabcc2af
insert into favorite_spot (count, favorite_id, spot_id, favorite_spot_id) values (?, ?, ?, ?)
insert into favorite_spot (count, favorite_id, spot_id, favorite_spot_id) values (0, 38, 515, 394);
2022-10-10 13:48:04.558  INFO 3923 --- [    Test worker] p6spy                                    : #1665377284558 | took 0ms | statement | connection 24| url jdbc:h2:mem:6a3784ae-1aa6-4bbf-b617-4d4aeabcc2af
insert into score (facility_rank, facility_score, price_rank, price_score, rank_average, surround_rank, surround_score, view_rank, view_score, score_id) values (?, ?, ?, ?, ?, ?, ?, ?, ?, ?)
insert into score (facility_rank, facility_score, price_rank, price_score, rank_average, surround_rank, surround_score, view_rank, view_score, score_id) values (8.205417108051407, 8.533882345135373, 4.57916708211136, 0.1529477514388422, 0.7513787868649724, 3.9927423340954906, 9.633881896122114, 4.044500330582177, 8.807524242814624, 450);
2022-10-10 13:48:04.558  INFO 3923 --- [    Test worker] p6spy                                    : #1665377284558 | took 0ms | statement | connection 24| url jdbc:h2:mem:6a3784ae-1aa6-4bbf-b617-4d4aeabcc2af
insert into picture (spot_id, url, picture_id) values (?, ?, ?)
insert into picture (spot_id, url, picture_id) values (NULL, 'java.io.StringReader@25a5a278', 1853);
2022-10-10 13:48:04.558  INFO 3923 --- [    Test worker] p6spy                                    : #1665377284558 | took 0ms | statement | connection 24| url jdbc:h2:mem:6a3784ae-1aa6-4bbf-b617-4d4aeabcc2af
insert into picture (spot_id, url, picture_id) values (?, ?, ?)
insert into picture (spot_id, url, picture_id) values (NULL, 'java.io.StringReader@496c3e49', 1854);
2022-10-10 13:48:04.558  INFO 3923 --- [    Test worker] p6spy                                    : #1665377284558 | took 0ms | statement | connection 24| url jdbc:h2:mem:6a3784ae-1aa6-4bbf-b617-4d4aeabcc2af
insert into picture (spot_id, url, picture_id) values (?, ?, ?)
insert into picture (spot_id, url, picture_id) values (NULL, 'java.io.StringReader@54962710', 1855);
2022-10-10 13:48:04.558  INFO 3923 --- [    Test worker] p6spy                                    : #1665377284558 | took 0ms | statement | connection 24| url jdbc:h2:mem:6a3784ae-1aa6-4bbf-b617-4d4aeabcc2af
insert into spot (address, description, location, name, score_id, spot_id) values (?, ?, ?, ?, ?, ?)
insert into spot (address, description, location, name, score_id, spot_id) values (NULL, NULL, 'Aewol_eup', NULL, 450, 516);
2022-10-10 13:48:04.558  INFO 3923 --- [    Test worker] p6spy                                    : #1665377284558 | took 0ms | statement | connection 24| url jdbc:h2:mem:6a3784ae-1aa6-4bbf-b617-4d4aeabcc2af
insert into member_spot (member_id, score, spot_id, member_spot_id) values (?, ?, ?, ?)
insert into member_spot (member_id, score, spot_id, member_spot_id) values (17, 0.0, 516, 1856);
2022-10-10 13:48:04.558  INFO 3923 --- [    Test worker] p6spy                                    : #1665377284558 | took 0ms | statement | connection 24| url jdbc:h2:mem:6a3784ae-1aa6-4bbf-b617-4d4aeabcc2af
insert into review (content, spot_id, review_id) values (?, ?, ?)
insert into review (content, spot_id, review_id) values ('java.io.StringReader@1b05bb', 469, 452);
2022-10-10 13:48:04.558  INFO 3923 --- [    Test worker] p6spy                                    : #1665377284558 | took 0ms | statement | connection 24| url jdbc:h2:mem:6a3784ae-1aa6-4bbf-b617-4d4aeabcc2af
insert into score (facility_rank, facility_score, price_rank, price_score, rank_average, surround_rank, surround_score, view_rank, view_score, score_id) values (?, ?, ?, ?, ?, ?, ?, ?, ?, ?)
insert into score (facility_rank, facility_score, price_rank, price_score, rank_average, surround_rank, surround_score, view_rank, view_score, score_id) values (6.775768118916659, 9.168455448948212, 0.6439517339397949, 0.6193955487630487, 5.004805990178673, 4.602012792985356, 9.63031286156528, 2.274829568830019, 4.9895893703410765, 451);
2022-10-10 13:48:04.558  INFO 3923 --- [    Test worker] p6spy                                    : #1665377284558 | took 0ms | statement | connection 24| url jdbc:h2:mem:6a3784ae-1aa6-4bbf-b617-4d4aeabcc2af
insert into picture (spot_id, url, picture_id) values (?, ?, ?)
insert into picture (spot_id, url, picture_id) values (NULL, 'java.io.StringReader@3e0ee1a0', 1857);
2022-10-10 13:48:04.558  INFO 3923 --- [    Test worker] p6spy                                    : #1665377284558 | took 0ms | statement | connection 24| url jdbc:h2:mem:6a3784ae-1aa6-4bbf-b617-4d4aeabcc2af
insert into picture (spot_id, url, picture_id) values (?, ?, ?)
insert into picture (spot_id, url, picture_id) values (NULL, 'java.io.StringReader@79374f2d', 1858);
2022-10-10 13:48:04.558  INFO 3923 --- [    Test worker] p6spy                                    : #1665377284558 | took 0ms | statement | connection 24| url jdbc:h2:mem:6a3784ae-1aa6-4bbf-b617-4d4aeabcc2af
insert into picture (spot_id, url, picture_id) values (?, ?, ?)
insert into picture (spot_id, url, picture_id) values (NULL, 'java.io.StringReader@19827336', 1859);
2022-10-10 13:48:04.558  INFO 3923 --- [    Test worker] p6spy                                    : #1665377284558 | took 0ms | statement | connection 24| url jdbc:h2:mem:6a3784ae-1aa6-4bbf-b617-4d4aeabcc2af
insert into spot (address, description, location, name, score_id, spot_id) values (?, ?, ?, ?, ?, ?)
insert into spot (address, description, location, name, score_id, spot_id) values (NULL, NULL, 'Aewol_eup', NULL, 451, 517);
2022-10-10 13:48:04.558  INFO 3923 --- [    Test worker] p6spy                                    : #1665377284558 | took 0ms | statement | connection 24| url jdbc:h2:mem:6a3784ae-1aa6-4bbf-b617-4d4aeabcc2af
insert into member_spot (member_id, score, spot_id, member_spot_id) values (?, ?, ?, ?)
insert into member_spot (member_id, score, spot_id, member_spot_id) values (17, 0.0, 517, 1860);
2022-10-10 13:48:04.558  INFO 3923 --- [    Test worker] p6spy                                    : #1665377284558 | took 0ms | statement | connection 24| url jdbc:h2:mem:6a3784ae-1aa6-4bbf-b617-4d4aeabcc2af
insert into review (content, spot_id, review_id) values (?, ?, ?)
insert into review (content, spot_id, review_id) values ('java.io.StringReader@7a8d5549', 469, 453);
2022-10-10 13:48:04.558  INFO 3923 --- [    Test worker] p6spy                                    : #1665377284558 | took 0ms | statement | connection 24| url jdbc:h2:mem:6a3784ae-1aa6-4bbf-b617-4d4aeabcc2af
insert into favorite_spot (count, favorite_id, spot_id, favorite_spot_id) values (?, ?, ?, ?)
insert into favorite_spot (count, favorite_id, spot_id, favorite_spot_id) values (0, 38, 517, 395);
2022-10-10 13:48:04.558  INFO 3923 --- [    Test worker] p6spy                                    : #1665377284558 | took 0ms | statement | connection 24| url jdbc:h2:mem:6a3784ae-1aa6-4bbf-b617-4d4aeabcc2af
insert into score (facility_rank, facility_score, price_rank, price_score, rank_average, surround_rank, surround_score, view_rank, view_score, score_id) values (?, ?, ?, ?, ?, ?, ?, ?, ?, ?)
insert into score (facility_rank, facility_score, price_rank, price_score, rank_average, surround_rank, surround_score, view_rank, view_score, score_id) values (9.405817367656335, 7.793657834780376, 0.09464600170636328, 1.1342273600516506, 8.521177536949779, 5.635762381332052, 0.8150245822205981, 2.39109784647599, 8.533342187378665, 452);
2022-10-10 13:48:04.558  INFO 3923 --- [    Test worker] p6spy                                    : #1665377284558 | took 0ms | statement | connection 24| url jdbc:h2:mem:6a3784ae-1aa6-4bbf-b617-4d4aeabcc2af
insert into picture (spot_id, url, picture_id) values (?, ?, ?)
insert into picture (spot_id, url, picture_id) values (NULL, 'java.io.StringReader@2ac4b262', 1861);
2022-10-10 13:48:04.558  INFO 3923 --- [    Test worker] p6spy                                    : #1665377284558 | took 0ms | statement | connection 24| url jdbc:h2:mem:6a3784ae-1aa6-4bbf-b617-4d4aeabcc2af
insert into picture (spot_id, url, picture_id) values (?, ?, ?)
insert into picture (spot_id, url, picture_id) values (NULL, 'java.io.StringReader@339bf5f9', 1862);
2022-10-10 13:48:04.558  INFO 3923 --- [    Test worker] p6spy                                    : #1665377284558 | took 0ms | statement | connection 24| url jdbc:h2:mem:6a3784ae-1aa6-4bbf-b617-4d4aeabcc2af
insert into picture (spot_id, url, picture_id) values (?, ?, ?)
insert into picture (spot_id, url, picture_id) values (NULL, 'java.io.StringReader@764f0161', 1863);
2022-10-10 13:48:04.558  INFO 3923 --- [    Test worker] p6spy                                    : #1665377284558 | took 0ms | statement | connection 24| url jdbc:h2:mem:6a3784ae-1aa6-4bbf-b617-4d4aeabcc2af
insert into spot (address, description, location, name, score_id, spot_id) values (?, ?, ?, ?, ?, ?)
insert into spot (address, description, location, name, score_id, spot_id) values (NULL, NULL, 'Aewol_eup', NULL, 452, 518);
2022-10-10 13:48:04.558  INFO 3923 --- [    Test worker] p6spy                                    : #1665377284558 | took 0ms | statement | connection 24| url jdbc:h2:mem:6a3784ae-1aa6-4bbf-b617-4d4aeabcc2af
insert into member_spot (member_id, score, spot_id, member_spot_id) values (?, ?, ?, ?)
insert into member_spot (member_id, score, spot_id, member_spot_id) values (17, 0.0, 518, 1864);
2022-10-10 13:48:04.558  INFO 3923 --- [    Test worker] p6spy                                    : #1665377284558 | took 0ms | statement | connection 24| url jdbc:h2:mem:6a3784ae-1aa6-4bbf-b617-4d4aeabcc2af
insert into review (content, spot_id, review_id) values (?, ?, ?)
insert into review (content, spot_id, review_id) values ('java.io.StringReader@39df904f', 469, 454);
2022-10-10 13:48:04.558  INFO 3923 --- [    Test worker] p6spy                                    : #1665377284558 | took 0ms | statement | connection 24| url jdbc:h2:mem:6a3784ae-1aa6-4bbf-b617-4d4aeabcc2af
insert into score (facility_rank, facility_score, price_rank, price_score, rank_average, surround_rank, surround_score, view_rank, view_score, score_id) values (?, ?, ?, ?, ?, ?, ?, ?, ?, ?)
insert into score (facility_rank, facility_score, price_rank, price_score, rank_average, surround_rank, surround_score, view_rank, view_score, score_id) values (8.219039682226564, 0.7110177626983749, 5.552836874760633, 9.156989332842526, 5.677558932774893, 8.050112669599386, 1.6749522473455858, 0.1200464697324688, 3.871338786129921, 453);
2022-10-10 13:48:04.558  INFO 3923 --- [    Test worker] p6spy                                    : #1665377284558 | took 0ms | statement | connection 24| url jdbc:h2:mem:6a3784ae-1aa6-4bbf-b617-4d4aeabcc2af
insert into picture (spot_id, url, picture_id) values (?, ?, ?)
insert into picture (spot_id, url, picture_id) values (NULL, 'java.io.StringReader@289c1cd1', 1865);
2022-10-10 13:48:04.558  INFO 3923 --- [    Test worker] p6spy                                    : #1665377284558 | took 0ms | statement | connection 24| url jdbc:h2:mem:6a3784ae-1aa6-4bbf-b617-4d4aeabcc2af
insert into picture (spot_id, url, picture_id) values (?, ?, ?)
insert into picture (spot_id, url, picture_id) values (NULL, 'java.io.StringReader@4604790f', 1866);
2022-10-10 13:48:04.558  INFO 3923 --- [    Test worker] p6spy                                    : #1665377284558 | took 0ms | statement | connection 24| url jdbc:h2:mem:6a3784ae-1aa6-4bbf-b617-4d4aeabcc2af
insert into picture (spot_id, url, picture_id) values (?, ?, ?)
insert into picture (spot_id, url, picture_id) values (NULL, 'java.io.StringReader@47db041b', 1867);
2022-10-10 13:48:04.558  INFO 3923 --- [    Test worker] p6spy                                    : #1665377284558 | took 0ms | statement | connection 24| url jdbc:h2:mem:6a3784ae-1aa6-4bbf-b617-4d4aeabcc2af
insert into spot (address, description, location, name, score_id, spot_id) values (?, ?, ?, ?, ?, ?)
insert into spot (address, description, location, name, score_id, spot_id) values (NULL, NULL, 'Andeok_myeon', NULL, 453, 519);
2022-10-10 13:48:04.558  INFO 3923 --- [    Test worker] p6spy                                    : #1665377284558 | took 0ms | statement | connection 24| url jdbc:h2:mem:6a3784ae-1aa6-4bbf-b617-4d4aeabcc2af
insert into member_spot (member_id, score, spot_id, member_spot_id) values (?, ?, ?, ?)
insert into member_spot (member_id, score, spot_id, member_spot_id) values (16, 0.0, 519, 1868);
2022-10-10 13:48:04.558  INFO 3923 --- [    Test worker] p6spy                                    : #1665377284558 | took 0ms | statement | connection 24| url jdbc:h2:mem:6a3784ae-1aa6-4bbf-b617-4d4aeabcc2af
insert into review (content, spot_id, review_id) values (?, ?, ?)
insert into review (content, spot_id, review_id) values ('java.io.StringReader@1f08913d', 469, 455);
2022-10-10 13:48:04.558  INFO 3923 --- [    Test worker] p6spy                                    : #1665377284558 | took 0ms | statement | connection 24| url jdbc:h2:mem:6a3784ae-1aa6-4bbf-b617-4d4aeabcc2af
insert into favorite_spot (count, favorite_id, spot_id, favorite_spot_id) values (?, ?, ?, ?)
insert into favorite_spot (count, favorite_id, spot_id, favorite_spot_id) values (0, 38, 519, 396);
2022-10-10 13:48:04.558  INFO 3923 --- [    Test worker] p6spy                                    : #1665377284558 | took 0ms | statement | connection 24| url jdbc:h2:mem:6a3784ae-1aa6-4bbf-b617-4d4aeabcc2af
insert into score (facility_rank, facility_score, price_rank, price_score, rank_average, surround_rank, surround_score, view_rank, view_score, score_id) values (?, ?, ?, ?, ?, ?, ?, ?, ?, ?)
insert into score (facility_rank, facility_score, price_rank, price_score, rank_average, surround_rank, surround_score, view_rank, view_score, score_id) values (0.8794050132561382, 1.7853783608078244, 7.755856311988726, 3.6912393165710924, 1.7799331032006815, 1.356144330411354, 8.334346842323715, 1.9955556462348267, 7.243403798041646, 454);
2022-10-10 13:48:04.558  INFO 3923 --- [    Test worker] p6spy                                    : #1665377284558 | took 0ms | statement | connection 24| url jdbc:h2:mem:6a3784ae-1aa6-4bbf-b617-4d4aeabcc2af
insert into picture (spot_id, url, picture_id) values (?, ?, ?)
insert into picture (spot_id, url, picture_id) values (NULL, 'java.io.StringReader@2c4069ae', 1869);
2022-10-10 13:48:04.558  INFO 3923 --- [    Test worker] p6spy                                    : #1665377284558 | took 0ms | statement | connection 24| url jdbc:h2:mem:6a3784ae-1aa6-4bbf-b617-4d4aeabcc2af
insert into picture (spot_id, url, picture_id) values (?, ?, ?)
insert into picture (spot_id, url, picture_id) values (NULL, 'java.io.StringReader@788d8e9e', 1870);
2022-10-10 13:48:04.559  INFO 3923 --- [    Test worker] p6spy                                    : #1665377284559 | took 0ms | statement | connection 24| url jdbc:h2:mem:6a3784ae-1aa6-4bbf-b617-4d4aeabcc2af
insert into picture (spot_id, url, picture_id) values (?, ?, ?)
insert into picture (spot_id, url, picture_id) values (NULL, 'java.io.StringReader@40e78377', 1871);
2022-10-10 13:48:04.559  INFO 3923 --- [    Test worker] p6spy                                    : #1665377284559 | took 0ms | statement | connection 24| url jdbc:h2:mem:6a3784ae-1aa6-4bbf-b617-4d4aeabcc2af
insert into spot (address, description, location, name, score_id, spot_id) values (?, ?, ?, ?, ?, ?)
insert into spot (address, description, location, name, score_id, spot_id) values (NULL, NULL, 'Andeok_myeon', NULL, 454, 520);
2022-10-10 13:48:04.559  INFO 3923 --- [    Test worker] p6spy                                    : #1665377284559 | took 0ms | statement | connection 24| url jdbc:h2:mem:6a3784ae-1aa6-4bbf-b617-4d4aeabcc2af
insert into member_spot (member_id, score, spot_id, member_spot_id) values (?, ?, ?, ?)
insert into member_spot (member_id, score, spot_id, member_spot_id) values (16, 0.0, 520, 1872);
2022-10-10 13:48:04.559  INFO 3923 --- [    Test worker] p6spy                                    : #1665377284559 | took 0ms | statement | connection 24| url jdbc:h2:mem:6a3784ae-1aa6-4bbf-b617-4d4aeabcc2af
insert into review (content, spot_id, review_id) values (?, ?, ?)
insert into review (content, spot_id, review_id) values ('java.io.StringReader@6dd038c2', 469, 456);
2022-10-10 13:48:04.559  INFO 3923 --- [    Test worker] p6spy                                    : #1665377284559 | took 0ms | statement | connection 24| url jdbc:h2:mem:6a3784ae-1aa6-4bbf-b617-4d4aeabcc2af
insert into score (facility_rank, facility_score, price_rank, price_score, rank_average, surround_rank, surround_score, view_rank, view_score, score_id) values (?, ?, ?, ?, ?, ?, ?, ?, ?, ?)
insert into score (facility_rank, facility_score, price_rank, price_score, rank_average, surround_rank, surround_score, view_rank, view_score, score_id) values (4.30371072303522, 7.968225785613977, 1.8318602414382257, 6.903934939538118, 0.27742104581163995, 4.766258884862192, 4.142015611855489, 4.879402461518567, 7.813162376839021, 455);
2022-10-10 13:48:04.559  INFO 3923 --- [    Test worker] p6spy                                    : #1665377284559 | took 0ms | statement | connection 24| url jdbc:h2:mem:6a3784ae-1aa6-4bbf-b617-4d4aeabcc2af
insert into picture (spot_id, url, picture_id) values (?, ?, ?)
insert into picture (spot_id, url, picture_id) values (NULL, 'java.io.StringReader@3e051aa3', 1873);
2022-10-10 13:48:04.559  INFO 3923 --- [    Test worker] p6spy                                    : #1665377284559 | took 0ms | statement | connection 24| url jdbc:h2:mem:6a3784ae-1aa6-4bbf-b617-4d4aeabcc2af
insert into picture (spot_id, url, picture_id) values (?, ?, ?)
insert into picture (spot_id, url, picture_id) values (NULL, 'java.io.StringReader@113d948f', 1874);
2022-10-10 13:48:04.559  INFO 3923 --- [    Test worker] p6spy                                    : #1665377284559 | took 0ms | statement | connection 24| url jdbc:h2:mem:6a3784ae-1aa6-4bbf-b617-4d4aeabcc2af
insert into picture (spot_id, url, picture_id) values (?, ?, ?)
insert into picture (spot_id, url, picture_id) values (NULL, 'java.io.StringReader@5c0d2c53', 1875);
2022-10-10 13:48:04.559  INFO 3923 --- [    Test worker] p6spy                                    : #1665377284559 | took 0ms | statement | connection 24| url jdbc:h2:mem:6a3784ae-1aa6-4bbf-b617-4d4aeabcc2af
insert into spot (address, description, location, name, score_id, spot_id) values (?, ?, ?, ?, ?, ?)
insert into spot (address, description, location, name, score_id, spot_id) values (NULL, NULL, 'Andeok_myeon', NULL, 455, 521);
2022-10-10 13:48:04.559  INFO 3923 --- [    Test worker] p6spy                                    : #1665377284559 | took 0ms | statement | connection 24| url jdbc:h2:mem:6a3784ae-1aa6-4bbf-b617-4d4aeabcc2af
insert into member_spot (member_id, score, spot_id, member_spot_id) values (?, ?, ?, ?)
insert into member_spot (member_id, score, spot_id, member_spot_id) values (16, 0.0, 521, 1876);
2022-10-10 13:48:04.559  INFO 3923 --- [    Test worker] p6spy                                    : #1665377284559 | took 0ms | statement | connection 24| url jdbc:h2:mem:6a3784ae-1aa6-4bbf-b617-4d4aeabcc2af
insert into review (content, spot_id, review_id) values (?, ?, ?)
insert into review (content, spot_id, review_id) values ('java.io.StringReader@7499f436', 469, 457);
2022-10-10 13:48:04.559  INFO 3923 --- [    Test worker] p6spy                                    : #1665377284559 | took 0ms | statement | connection 24| url jdbc:h2:mem:6a3784ae-1aa6-4bbf-b617-4d4aeabcc2af
insert into favorite_spot (count, favorite_id, spot_id, favorite_spot_id) values (?, ?, ?, ?)
insert into favorite_spot (count, favorite_id, spot_id, favorite_spot_id) values (0, 38, 521, 397);
2022-10-10 13:48:04.559  INFO 3923 --- [    Test worker] p6spy                                    : #1665377284559 | took 0ms | statement | connection 24| url jdbc:h2:mem:6a3784ae-1aa6-4bbf-b617-4d4aeabcc2af
insert into score (facility_rank, facility_score, price_rank, price_score, rank_average, surround_rank, surround_score, view_rank, view_score, score_id) values (?, ?, ?, ?, ?, ?, ?, ?, ?, ?)
insert into score (facility_rank, facility_score, price_rank, price_score, rank_average, surround_rank, surround_score, view_rank, view_score, score_id) values (9.207217996657912, 7.311287237372978, 5.620903088303292, 2.3905770364698586, 0.4506723331236351, 9.73956863004006, 6.814611103617891, 6.160073457027652, 6.0230999066889535, 456);
2022-10-10 13:48:04.559  INFO 3923 --- [    Test worker] p6spy                                    : #1665377284559 | took 0ms | statement | connection 24| url jdbc:h2:mem:6a3784ae-1aa6-4bbf-b617-4d4aeabcc2af
insert into picture (spot_id, url, picture_id) values (?, ?, ?)
insert into picture (spot_id, url, picture_id) values (NULL, 'java.io.StringReader@3a31cbcc', 1877);
2022-10-10 13:48:04.559  INFO 3923 --- [    Test worker] p6spy                                    : #1665377284559 | took 0ms | statement | connection 24| url jdbc:h2:mem:6a3784ae-1aa6-4bbf-b617-4d4aeabcc2af
insert into picture (spot_id, url, picture_id) values (?, ?, ?)
insert into picture (spot_id, url, picture_id) values (NULL, 'java.io.StringReader@18205c08', 1878);
2022-10-10 13:48:04.559  INFO 3923 --- [    Test worker] p6spy                                    : #1665377284559 | took 0ms | statement | connection 24| url jdbc:h2:mem:6a3784ae-1aa6-4bbf-b617-4d4aeabcc2af
insert into picture (spot_id, url, picture_id) values (?, ?, ?)
insert into picture (spot_id, url, picture_id) values (NULL, 'java.io.StringReader@103a8966', 1879);
2022-10-10 13:48:04.559  INFO 3923 --- [    Test worker] p6spy                                    : #1665377284559 | took 0ms | statement | connection 24| url jdbc:h2:mem:6a3784ae-1aa6-4bbf-b617-4d4aeabcc2af
insert into spot (address, description, location, name, score_id, spot_id) values (?, ?, ?, ?, ?, ?)
insert into spot (address, description, location, name, score_id, spot_id) values (NULL, NULL, 'Andeok_myeon', NULL, 456, 522);
2022-10-10 13:48:04.559  INFO 3923 --- [    Test worker] p6spy                                    : #1665377284559 | took 0ms | statement | connection 24| url jdbc:h2:mem:6a3784ae-1aa6-4bbf-b617-4d4aeabcc2af
insert into member_spot (member_id, score, spot_id, member_spot_id) values (?, ?, ?, ?)
insert into member_spot (member_id, score, spot_id, member_spot_id) values (16, 0.0, 522, 1880);
2022-10-10 13:48:04.559  INFO 3923 --- [    Test worker] p6spy                                    : #1665377284559 | took 0ms | statement | connection 24| url jdbc:h2:mem:6a3784ae-1aa6-4bbf-b617-4d4aeabcc2af
insert into review (content, spot_id, review_id) values (?, ?, ?)
insert into review (content, spot_id, review_id) values ('java.io.StringReader@7dcb587f', 469, 458);
2022-10-10 13:48:04.559  INFO 3923 --- [    Test worker] p6spy                                    : #1665377284559 | took 0ms | statement | connection 24| url jdbc:h2:mem:6a3784ae-1aa6-4bbf-b617-4d4aeabcc2af
insert into score (facility_rank, facility_score, price_rank, price_score, rank_average, surround_rank, surround_score, view_rank, view_score, score_id) values (?, ?, ?, ?, ?, ?, ?, ?, ?, ?)
insert into score (facility_rank, facility_score, price_rank, price_score, rank_average, surround_rank, surround_score, view_rank, view_score, score_id) values (5.890770643805945, 9.002475852676483, 7.067885591318341, 2.5153344921152296, 6.32106674975815, 9.163768293795066, 4.642827437285634, 7.756599761208295, 2.8115890721228656, 457);
2022-10-10 13:48:04.559  INFO 3923 --- [    Test worker] p6spy                                    : #1665377284559 | took 0ms | statement | connection 24| url jdbc:h2:mem:6a3784ae-1aa6-4bbf-b617-4d4aeabcc2af
insert into picture (spot_id, url, picture_id) values (?, ?, ?)
insert into picture (spot_id, url, picture_id) values (NULL, 'java.io.StringReader@7d0f4283', 1881);
2022-10-10 13:48:04.559  INFO 3923 --- [    Test worker] p6spy                                    : #1665377284559 | took 0ms | statement | connection 24| url jdbc:h2:mem:6a3784ae-1aa6-4bbf-b617-4d4aeabcc2af
insert into picture (spot_id, url, picture_id) values (?, ?, ?)
insert into picture (spot_id, url, picture_id) values (NULL, 'java.io.StringReader@15f549f1', 1882);
2022-10-10 13:48:04.559  INFO 3923 --- [    Test worker] p6spy                                    : #1665377284559 | took 0ms | statement | connection 24| url jdbc:h2:mem:6a3784ae-1aa6-4bbf-b617-4d4aeabcc2af
insert into picture (spot_id, url, picture_id) values (?, ?, ?)
insert into picture (spot_id, url, picture_id) values (NULL, 'java.io.StringReader@2f90295b', 1883);
2022-10-10 13:48:04.559  INFO 3923 --- [    Test worker] p6spy                                    : #1665377284559 | took 0ms | statement | connection 24| url jdbc:h2:mem:6a3784ae-1aa6-4bbf-b617-4d4aeabcc2af
insert into spot (address, description, location, name, score_id, spot_id) values (?, ?, ?, ?, ?, ?)
insert into spot (address, description, location, name, score_id, spot_id) values (NULL, NULL, 'Andeok_myeon', NULL, 457, 523);
2022-10-10 13:48:04.559  INFO 3923 --- [    Test worker] p6spy                                    : #1665377284559 | took 0ms | statement | connection 24| url jdbc:h2:mem:6a3784ae-1aa6-4bbf-b617-4d4aeabcc2af
insert into member_spot (member_id, score, spot_id, member_spot_id) values (?, ?, ?, ?)
insert into member_spot (member_id, score, spot_id, member_spot_id) values (16, 0.0, 523, 1884);
2022-10-10 13:48:04.559  INFO 3923 --- [    Test worker] p6spy                                    : #1665377284559 | took 0ms | statement | connection 24| url jdbc:h2:mem:6a3784ae-1aa6-4bbf-b617-4d4aeabcc2af
insert into review (content, spot_id, review_id) values (?, ?, ?)
insert into review (content, spot_id, review_id) values ('java.io.StringReader@11457ab3', 469, 459);
2022-10-10 13:48:04.559  INFO 3923 --- [    Test worker] p6spy                                    : #1665377284559 | took 0ms | statement | connection 24| url jdbc:h2:mem:6a3784ae-1aa6-4bbf-b617-4d4aeabcc2af
insert into favorite_spot (count, favorite_id, spot_id, favorite_spot_id) values (?, ?, ?, ?)
insert into favorite_spot (count, favorite_id, spot_id, favorite_spot_id) values (0, 38, 523, 398);
2022-10-10 13:48:04.559  INFO 3923 --- [    Test worker] p6spy                                    : #1665377284559 | took 0ms | statement | connection 24| url jdbc:h2:mem:6a3784ae-1aa6-4bbf-b617-4d4aeabcc2af
insert into score (facility_rank, facility_score, price_rank, price_score, rank_average, surround_rank, surround_score, view_rank, view_score, score_id) values (?, ?, ?, ?, ?, ?, ?, ?, ?, ?)
insert into score (facility_rank, facility_score, price_rank, price_score, rank_average, surround_rank, surround_score, view_rank, view_score, score_id) values (3.289981602030354, 5.788876029039628, 6.014418753140641, 9.312282126207508, 2.9689186115211417, 1.4452210850322011, 7.36745023739156, 2.2853528112792176, 8.856421596716185, 458);
2022-10-10 13:48:04.559  INFO 3923 --- [    Test worker] p6spy                                    : #1665377284559 | took 0ms | statement | connection 24| url jdbc:h2:mem:6a3784ae-1aa6-4bbf-b617-4d4aeabcc2af
insert into picture (spot_id, url, picture_id) values (?, ?, ?)
insert into picture (spot_id, url, picture_id) values (NULL, 'java.io.StringReader@6a95fa85', 1885);
2022-10-10 13:48:04.559  INFO 3923 --- [    Test worker] p6spy                                    : #1665377284559 | took 0ms | statement | connection 24| url jdbc:h2:mem:6a3784ae-1aa6-4bbf-b617-4d4aeabcc2af
insert into picture (spot_id, url, picture_id) values (?, ?, ?)
insert into picture (spot_id, url, picture_id) values (NULL, 'java.io.StringReader@1baba519', 1886);
2022-10-10 13:48:04.559  INFO 3923 --- [    Test worker] p6spy                                    : #1665377284559 | took 0ms | statement | connection 24| url jdbc:h2:mem:6a3784ae-1aa6-4bbf-b617-4d4aeabcc2af
insert into picture (spot_id, url, picture_id) values (?, ?, ?)
insert into picture (spot_id, url, picture_id) values (NULL, 'java.io.StringReader@26b1df2c', 1887);
2022-10-10 13:48:04.559  INFO 3923 --- [    Test worker] p6spy                                    : #1665377284559 | took 0ms | statement | connection 24| url jdbc:h2:mem:6a3784ae-1aa6-4bbf-b617-4d4aeabcc2af
insert into spot (address, description, location, name, score_id, spot_id) values (?, ?, ?, ?, ?, ?)
insert into spot (address, description, location, name, score_id, spot_id) values (NULL, NULL, 'Andeok_myeon', NULL, 458, 524);
2022-10-10 13:48:04.559  INFO 3923 --- [    Test worker] p6spy                                    : #1665377284559 | took 0ms | statement | connection 24| url jdbc:h2:mem:6a3784ae-1aa6-4bbf-b617-4d4aeabcc2af
insert into member_spot (member_id, score, spot_id, member_spot_id) values (?, ?, ?, ?)
insert into member_spot (member_id, score, spot_id, member_spot_id) values (16, 0.0, 524, 1888);
2022-10-10 13:48:04.559  INFO 3923 --- [    Test worker] p6spy                                    : #1665377284559 | took 0ms | statement | connection 24| url jdbc:h2:mem:6a3784ae-1aa6-4bbf-b617-4d4aeabcc2af
insert into review (content, spot_id, review_id) values (?, ?, ?)
insert into review (content, spot_id, review_id) values ('java.io.StringReader@bc21314', 469, 460);
2022-10-10 13:48:04.559  INFO 3923 --- [    Test worker] p6spy                                    : #1665377284559 | took 0ms | statement | connection 24| url jdbc:h2:mem:6a3784ae-1aa6-4bbf-b617-4d4aeabcc2af
insert into score (facility_rank, facility_score, price_rank, price_score, rank_average, surround_rank, surround_score, view_rank, view_score, score_id) values (?, ?, ?, ?, ?, ?, ?, ?, ?, ?)
insert into score (facility_rank, facility_score, price_rank, price_score, rank_average, surround_rank, surround_score, view_rank, view_score, score_id) values (8.553848561465934, 1.981324594818008, 2.8562564207570706, 4.368094835538452, 8.771286525397063, 7.704681932085794, 3.3279657549751707, 7.728136095252694, 8.728115488627182, 459);
2022-10-10 13:48:04.560  INFO 3923 --- [    Test worker] p6spy                                    : #1665377284560 | took 0ms | statement | connection 24| url jdbc:h2:mem:6a3784ae-1aa6-4bbf-b617-4d4aeabcc2af
insert into picture (spot_id, url, picture_id) values (?, ?, ?)
insert into picture (spot_id, url, picture_id) values (NULL, 'java.io.StringReader@785bb9ef', 1889);
2022-10-10 13:48:04.560  INFO 3923 --- [    Test worker] p6spy                                    : #1665377284560 | took 0ms | statement | connection 24| url jdbc:h2:mem:6a3784ae-1aa6-4bbf-b617-4d4aeabcc2af
insert into picture (spot_id, url, picture_id) values (?, ?, ?)
insert into picture (spot_id, url, picture_id) values (NULL, 'java.io.StringReader@40e406f5', 1890);
2022-10-10 13:48:04.560  INFO 3923 --- [    Test worker] p6spy                                    : #1665377284560 | took 0ms | statement | connection 24| url jdbc:h2:mem:6a3784ae-1aa6-4bbf-b617-4d4aeabcc2af
insert into picture (spot_id, url, picture_id) values (?, ?, ?)
insert into picture (spot_id, url, picture_id) values (NULL, 'java.io.StringReader@5a10c302', 1891);
2022-10-10 13:48:04.560  INFO 3923 --- [    Test worker] p6spy                                    : #1665377284560 | took 0ms | statement | connection 24| url jdbc:h2:mem:6a3784ae-1aa6-4bbf-b617-4d4aeabcc2af
insert into spot (address, description, location, name, score_id, spot_id) values (?, ?, ?, ?, ?, ?)
insert into spot (address, description, location, name, score_id, spot_id) values (NULL, NULL, 'Andeok_myeon', NULL, 459, 525);
2022-10-10 13:48:04.560  INFO 3923 --- [    Test worker] p6spy                                    : #1665377284560 | took 0ms | statement | connection 24| url jdbc:h2:mem:6a3784ae-1aa6-4bbf-b617-4d4aeabcc2af
insert into member_spot (member_id, score, spot_id, member_spot_id) values (?, ?, ?, ?)
insert into member_spot (member_id, score, spot_id, member_spot_id) values (16, 0.0, 525, 1892);
2022-10-10 13:48:04.560  INFO 3923 --- [    Test worker] p6spy                                    : #1665377284560 | took 0ms | statement | connection 24| url jdbc:h2:mem:6a3784ae-1aa6-4bbf-b617-4d4aeabcc2af
insert into review (content, spot_id, review_id) values (?, ?, ?)
insert into review (content, spot_id, review_id) values ('java.io.StringReader@1af8946b', 469, 461);
2022-10-10 13:48:04.560  INFO 3923 --- [    Test worker] p6spy                                    : #1665377284560 | took 0ms | statement | connection 24| url jdbc:h2:mem:6a3784ae-1aa6-4bbf-b617-4d4aeabcc2af
insert into favorite_spot (count, favorite_id, spot_id, favorite_spot_id) values (?, ?, ?, ?)
insert into favorite_spot (count, favorite_id, spot_id, favorite_spot_id) values (0, 38, 525, 399);
2022-10-10 13:48:04.560  INFO 3923 --- [    Test worker] p6spy                                    : #1665377284560 | took 0ms | statement | connection 24| url jdbc:h2:mem:6a3784ae-1aa6-4bbf-b617-4d4aeabcc2af
insert into score (facility_rank, facility_score, price_rank, price_score, rank_average, surround_rank, surround_score, view_rank, view_score, score_id) values (?, ?, ?, ?, ?, ?, ?, ?, ?, ?)
insert into score (facility_rank, facility_score, price_rank, price_score, rank_average, surround_rank, surround_score, view_rank, view_score, score_id) values (9.703671674156661, 6.46135070101717, 7.894410096176601, 1.4356452653168406, 5.963385341971446, 9.783626871976107, 3.1452276185158876, 0.5055294218299133, 7.896892214753191, 460);
2022-10-10 13:48:04.560  INFO 3923 --- [    Test worker] p6spy                                    : #1665377284560 | took 0ms | statement | connection 24| url jdbc:h2:mem:6a3784ae-1aa6-4bbf-b617-4d4aeabcc2af
insert into picture (spot_id, url, picture_id) values (?, ?, ?)
insert into picture (spot_id, url, picture_id) values (NULL, 'java.io.StringReader@542fa0b', 1893);
2022-10-10 13:48:04.560  INFO 3923 --- [    Test worker] p6spy                                    : #1665377284560 | took 0ms | statement | connection 24| url jdbc:h2:mem:6a3784ae-1aa6-4bbf-b617-4d4aeabcc2af
insert into picture (spot_id, url, picture_id) values (?, ?, ?)
insert into picture (spot_id, url, picture_id) values (NULL, 'java.io.StringReader@40d1799c', 1894);
2022-10-10 13:48:04.560  INFO 3923 --- [    Test worker] p6spy                                    : #1665377284560 | took 0ms | statement | connection 24| url jdbc:h2:mem:6a3784ae-1aa6-4bbf-b617-4d4aeabcc2af
insert into picture (spot_id, url, picture_id) values (?, ?, ?)
insert into picture (spot_id, url, picture_id) values (NULL, 'java.io.StringReader@58468259', 1895);
2022-10-10 13:48:04.560  INFO 3923 --- [    Test worker] p6spy                                    : #1665377284560 | took 0ms | statement | connection 24| url jdbc:h2:mem:6a3784ae-1aa6-4bbf-b617-4d4aeabcc2af
insert into spot (address, description, location, name, score_id, spot_id) values (?, ?, ?, ?, ?, ?)
insert into spot (address, description, location, name, score_id, spot_id) values (NULL, NULL, 'Andeok_myeon', NULL, 460, 526);
2022-10-10 13:48:04.560  INFO 3923 --- [    Test worker] p6spy                                    : #1665377284560 | took 0ms | statement | connection 24| url jdbc:h2:mem:6a3784ae-1aa6-4bbf-b617-4d4aeabcc2af
insert into member_spot (member_id, score, spot_id, member_spot_id) values (?, ?, ?, ?)
insert into member_spot (member_id, score, spot_id, member_spot_id) values (16, 0.0, 526, 1896);
2022-10-10 13:48:04.560  INFO 3923 --- [    Test worker] p6spy                                    : #1665377284560 | took 0ms | statement | connection 24| url jdbc:h2:mem:6a3784ae-1aa6-4bbf-b617-4d4aeabcc2af
insert into review (content, spot_id, review_id) values (?, ?, ?)
insert into review (content, spot_id, review_id) values ('java.io.StringReader@e52ced8', 469, 462);
2022-10-10 13:48:04.560  INFO 3923 --- [    Test worker] p6spy                                    : #1665377284560 | took 0ms | statement | connection 24| url jdbc:h2:mem:6a3784ae-1aa6-4bbf-b617-4d4aeabcc2af
insert into score (facility_rank, facility_score, price_rank, price_score, rank_average, surround_rank, surround_score, view_rank, view_score, score_id) values (?, ?, ?, ?, ?, ?, ?, ?, ?, ?)
insert into score (facility_rank, facility_score, price_rank, price_score, rank_average, surround_rank, surround_score, view_rank, view_score, score_id) values (7.540654696113568, 0.8800226282528401, 8.954714269544999, 2.519525893343043, 5.784496297716004, 1.0090677066069809, 3.7599385683319166, 4.860082496508946, 8.324613126964604, 461);
2022-10-10 13:48:04.560  INFO 3923 --- [    Test worker] p6spy                                    : #1665377284560 | took 0ms | statement | connection 24| url jdbc:h2:mem:6a3784ae-1aa6-4bbf-b617-4d4aeabcc2af
insert into picture (spot_id, url, picture_id) values (?, ?, ?)
insert into picture (spot_id, url, picture_id) values (NULL, 'java.io.StringReader@504b5208', 1897);
2022-10-10 13:48:04.560  INFO 3923 --- [    Test worker] p6spy                                    : #1665377284560 | took 0ms | statement | connection 24| url jdbc:h2:mem:6a3784ae-1aa6-4bbf-b617-4d4aeabcc2af
insert into picture (spot_id, url, picture_id) values (?, ?, ?)
insert into picture (spot_id, url, picture_id) values (NULL, 'java.io.StringReader@3b9f6a43', 1898);
2022-10-10 13:48:04.560  INFO 3923 --- [    Test worker] p6spy                                    : #1665377284560 | took 0ms | statement | connection 24| url jdbc:h2:mem:6a3784ae-1aa6-4bbf-b617-4d4aeabcc2af
insert into picture (spot_id, url, picture_id) values (?, ?, ?)
insert into picture (spot_id, url, picture_id) values (NULL, 'java.io.StringReader@1510b629', 1899);
2022-10-10 13:48:04.560  INFO 3923 --- [    Test worker] p6spy                                    : #1665377284560 | took 0ms | statement | connection 24| url jdbc:h2:mem:6a3784ae-1aa6-4bbf-b617-4d4aeabcc2af
insert into spot (address, description, location, name, score_id, spot_id) values (?, ?, ?, ?, ?, ?)
insert into spot (address, description, location, name, score_id, spot_id) values (NULL, NULL, 'Andeok_myeon', NULL, 461, 527);
2022-10-10 13:48:04.560  INFO 3923 --- [    Test worker] p6spy                                    : #1665377284560 | took 0ms | statement | connection 24| url jdbc:h2:mem:6a3784ae-1aa6-4bbf-b617-4d4aeabcc2af
insert into member_spot (member_id, score, spot_id, member_spot_id) values (?, ?, ?, ?)
insert into member_spot (member_id, score, spot_id, member_spot_id) values (16, 0.0, 527, 1900);
2022-10-10 13:48:04.560  INFO 3923 --- [    Test worker] p6spy                                    : #1665377284560 | took 0ms | statement | connection 24| url jdbc:h2:mem:6a3784ae-1aa6-4bbf-b617-4d4aeabcc2af
insert into review (content, spot_id, review_id) values (?, ?, ?)
insert into review (content, spot_id, review_id) values ('java.io.StringReader@615a80fa', 469, 463);
2022-10-10 13:48:04.560  INFO 3923 --- [    Test worker] p6spy                                    : #1665377284560 | took 0ms | statement | connection 24| url jdbc:h2:mem:6a3784ae-1aa6-4bbf-b617-4d4aeabcc2af
insert into favorite_spot (count, favorite_id, spot_id, favorite_spot_id) values (?, ?, ?, ?)
insert into favorite_spot (count, favorite_id, spot_id, favorite_spot_id) values (0, 38, 527, 400);
2022-10-10 13:48:04.560  INFO 3923 --- [    Test worker] p6spy                                    : #1665377284560 | took 0ms | statement | connection 24| url jdbc:h2:mem:6a3784ae-1aa6-4bbf-b617-4d4aeabcc2af
insert into score (facility_rank, facility_score, price_rank, price_score, rank_average, surround_rank, surround_score, view_rank, view_score, score_id) values (?, ?, ?, ?, ?, ?, ?, ?, ?, ?)
insert into score (facility_rank, facility_score, price_rank, price_score, rank_average, surround_rank, surround_score, view_rank, view_score, score_id) values (9.029111228587396, 5.476971851175378, 3.4295569297793236, 1.1204194907151455, 2.6519898569029596, 5.960719294421565, 4.760991158591752, 0.19036448769207848, 6.459865135182685, 462);
2022-10-10 13:48:04.560  INFO 3923 --- [    Test worker] p6spy                                    : #1665377284560 | took 0ms | statement | connection 24| url jdbc:h2:mem:6a3784ae-1aa6-4bbf-b617-4d4aeabcc2af
insert into picture (spot_id, url, picture_id) values (?, ?, ?)
insert into picture (spot_id, url, picture_id) values (NULL, 'java.io.StringReader@26c19dca', 1901);
2022-10-10 13:48:04.560  INFO 3923 --- [    Test worker] p6spy                                    : #1665377284560 | took 0ms | statement | connection 24| url jdbc:h2:mem:6a3784ae-1aa6-4bbf-b617-4d4aeabcc2af
insert into picture (spot_id, url, picture_id) values (?, ?, ?)
insert into picture (spot_id, url, picture_id) values (NULL, 'java.io.StringReader@37a50518', 1902);
2022-10-10 13:48:04.560  INFO 3923 --- [    Test worker] p6spy                                    : #1665377284560 | took 0ms | statement | connection 24| url jdbc:h2:mem:6a3784ae-1aa6-4bbf-b617-4d4aeabcc2af
insert into picture (spot_id, url, picture_id) values (?, ?, ?)
insert into picture (spot_id, url, picture_id) values (NULL, 'java.io.StringReader@700cb93f', 1903);
2022-10-10 13:48:04.560  INFO 3923 --- [    Test worker] p6spy                                    : #1665377284560 | took 0ms | statement | connection 24| url jdbc:h2:mem:6a3784ae-1aa6-4bbf-b617-4d4aeabcc2af
insert into spot (address, description, location, name, score_id, spot_id) values (?, ?, ?, ?, ?, ?)
insert into spot (address, description, location, name, score_id, spot_id) values (NULL, NULL, 'Andeok_myeon', NULL, 462, 528);
2022-10-10 13:48:04.560  INFO 3923 --- [    Test worker] p6spy                                    : #1665377284560 | took 0ms | statement | connection 24| url jdbc:h2:mem:6a3784ae-1aa6-4bbf-b617-4d4aeabcc2af
insert into member_spot (member_id, score, spot_id, member_spot_id) values (?, ?, ?, ?)
insert into member_spot (member_id, score, spot_id, member_spot_id) values (16, 0.0, 528, 1904);
2022-10-10 13:48:04.560  INFO 3923 --- [    Test worker] p6spy                                    : #1665377284560 | took 0ms | statement | connection 24| url jdbc:h2:mem:6a3784ae-1aa6-4bbf-b617-4d4aeabcc2af
insert into review (content, spot_id, review_id) values (?, ?, ?)
insert into review (content, spot_id, review_id) values ('java.io.StringReader@eecb80d', 469, 464);
2022-10-10 13:48:04.560  INFO 3923 --- [    Test worker] p6spy                                    : #1665377284560 | took 0ms | statement | connection 24| url jdbc:h2:mem:6a3784ae-1aa6-4bbf-b617-4d4aeabcc2af
insert into score (facility_rank, facility_score, price_rank, price_score, rank_average, surround_rank, surround_score, view_rank, view_score, score_id) values (?, ?, ?, ?, ?, ?, ?, ?, ?, ?)
insert into score (facility_rank, facility_score, price_rank, price_score, rank_average, surround_rank, surround_score, view_rank, view_score, score_id) values (9.815850881756152, 4.019119065642371, 1.849271456092123, 6.990370303763833, 0.8021244669545224, 0.4025757778109018, 5.653600914260167, 5.763965587913379, 7.101663444718648, 463);
2022-10-10 13:48:04.560  INFO 3923 --- [    Test worker] p6spy                                    : #1665377284560 | took 0ms | statement | connection 24| url jdbc:h2:mem:6a3784ae-1aa6-4bbf-b617-4d4aeabcc2af
insert into picture (spot_id, url, picture_id) values (?, ?, ?)
insert into picture (spot_id, url, picture_id) values (NULL, 'java.io.StringReader@11969086', 1905);
2022-10-10 13:48:04.560  INFO 3923 --- [    Test worker] p6spy                                    : #1665377284560 | took 0ms | statement | connection 24| url jdbc:h2:mem:6a3784ae-1aa6-4bbf-b617-4d4aeabcc2af
insert into picture (spot_id, url, picture_id) values (?, ?, ?)
insert into picture (spot_id, url, picture_id) values (NULL, 'java.io.StringReader@4fd44098', 1906);
2022-10-10 13:48:04.560  INFO 3923 --- [    Test worker] p6spy                                    : #1665377284560 | took 0ms | statement | connection 24| url jdbc:h2:mem:6a3784ae-1aa6-4bbf-b617-4d4aeabcc2af
insert into picture (spot_id, url, picture_id) values (?, ?, ?)
insert into picture (spot_id, url, picture_id) values (NULL, 'java.io.StringReader@54251e22', 1907);
2022-10-10 13:48:04.560  INFO 3923 --- [    Test worker] p6spy                                    : #1665377284560 | took 0ms | statement | connection 24| url jdbc:h2:mem:6a3784ae-1aa6-4bbf-b617-4d4aeabcc2af
insert into spot (address, description, location, name, score_id, spot_id) values (?, ?, ?, ?, ?, ?)
insert into spot (address, description, location, name, score_id, spot_id) values (NULL, NULL, 'Andeok_myeon', NULL, 463, 529);
2022-10-10 13:48:04.560  INFO 3923 --- [    Test worker] p6spy                                    : #1665377284560 | took 0ms | statement | connection 24| url jdbc:h2:mem:6a3784ae-1aa6-4bbf-b617-4d4aeabcc2af
insert into member_spot (member_id, score, spot_id, member_spot_id) values (?, ?, ?, ?)
insert into member_spot (member_id, score, spot_id, member_spot_id) values (16, 0.0, 529, 1908);
2022-10-10 13:48:04.560  INFO 3923 --- [    Test worker] p6spy                                    : #1665377284560 | took 0ms | statement | connection 24| url jdbc:h2:mem:6a3784ae-1aa6-4bbf-b617-4d4aeabcc2af
insert into review (content, spot_id, review_id) values (?, ?, ?)
insert into review (content, spot_id, review_id) values ('java.io.StringReader@2d1b696f', 469, 465);
2022-10-10 13:48:04.560  INFO 3923 --- [    Test worker] p6spy                                    : #1665377284560 | took 0ms | statement | connection 24| url jdbc:h2:mem:6a3784ae-1aa6-4bbf-b617-4d4aeabcc2af
insert into favorite_spot (count, favorite_id, spot_id, favorite_spot_id) values (?, ?, ?, ?)
insert into favorite_spot (count, favorite_id, spot_id, favorite_spot_id) values (0, 38, 529, 401);
2022-10-10 13:48:04.561  INFO 3923 --- [    Test worker] p6spy                                    : #1665377284561 | took 0ms | statement | connection 24| url jdbc:h2:mem:6a3784ae-1aa6-4bbf-b617-4d4aeabcc2af
insert into score (facility_rank, facility_score, price_rank, price_score, rank_average, surround_rank, surround_score, view_rank, view_score, score_id) values (?, ?, ?, ?, ?, ?, ?, ?, ?, ?)
insert into score (facility_rank, facility_score, price_rank, price_score, rank_average, surround_rank, surround_score, view_rank, view_score, score_id) values (8.799403654140521, 9.667457826609606, 7.672659785617217, 1.2873856955917928, 2.309275880336372, 9.887673665305535, 3.7346664474420113, 5.346467388495256, 1.1457751779149972, 464);
2022-10-10 13:48:04.561  INFO 3923 --- [    Test worker] p6spy                                    : #1665377284561 | took 0ms | statement | connection 24| url jdbc:h2:mem:6a3784ae-1aa6-4bbf-b617-4d4aeabcc2af
insert into picture (spot_id, url, picture_id) values (?, ?, ?)
insert into picture (spot_id, url, picture_id) values (NULL, 'java.io.StringReader@d83969c', 1909);
2022-10-10 13:48:04.561  INFO 3923 --- [    Test worker] p6spy                                    : #1665377284561 | took 0ms | statement | connection 24| url jdbc:h2:mem:6a3784ae-1aa6-4bbf-b617-4d4aeabcc2af
insert into picture (spot_id, url, picture_id) values (?, ?, ?)
insert into picture (spot_id, url, picture_id) values (NULL, 'java.io.StringReader@12322b69', 1910);
2022-10-10 13:48:04.561  INFO 3923 --- [    Test worker] p6spy                                    : #1665377284561 | took 0ms | statement | connection 24| url jdbc:h2:mem:6a3784ae-1aa6-4bbf-b617-4d4aeabcc2af
insert into picture (spot_id, url, picture_id) values (?, ?, ?)
insert into picture (spot_id, url, picture_id) values (NULL, 'java.io.StringReader@11c9b65e', 1911);
2022-10-10 13:48:04.561  INFO 3923 --- [    Test worker] p6spy                                    : #1665377284561 | took 0ms | statement | connection 24| url jdbc:h2:mem:6a3784ae-1aa6-4bbf-b617-4d4aeabcc2af
insert into spot (address, description, location, name, score_id, spot_id) values (?, ?, ?, ?, ?, ?)
insert into spot (address, description, location, name, score_id, spot_id) values (NULL, NULL, 'Andeok_myeon', NULL, 464, 530);
2022-10-10 13:48:04.561  INFO 3923 --- [    Test worker] p6spy                                    : #1665377284561 | took 0ms | statement | connection 24| url jdbc:h2:mem:6a3784ae-1aa6-4bbf-b617-4d4aeabcc2af
insert into member_spot (member_id, score, spot_id, member_spot_id) values (?, ?, ?, ?)
insert into member_spot (member_id, score, spot_id, member_spot_id) values (16, 0.0, 530, 1912);
2022-10-10 13:48:04.561  INFO 3923 --- [    Test worker] p6spy                                    : #1665377284561 | took 0ms | statement | connection 24| url jdbc:h2:mem:6a3784ae-1aa6-4bbf-b617-4d4aeabcc2af
insert into review (content, spot_id, review_id) values (?, ?, ?)
insert into review (content, spot_id, review_id) values ('java.io.StringReader@2e60f647', 469, 466);
2022-10-10 13:48:04.561  INFO 3923 --- [    Test worker] p6spy                                    : #1665377284561 | took 0ms | statement | connection 24| url jdbc:h2:mem:6a3784ae-1aa6-4bbf-b617-4d4aeabcc2af
insert into score (facility_rank, facility_score, price_rank, price_score, rank_average, surround_rank, surround_score, view_rank, view_score, score_id) values (?, ?, ?, ?, ?, ?, ?, ?, ?, ?)
insert into score (facility_rank, facility_score, price_rank, price_score, rank_average, surround_rank, surround_score, view_rank, view_score, score_id) values (4.070937264061499, 9.743442067412442, 6.334808233789145, 1.646235303096777, 6.463416391625127, 7.949475126743871, 5.274488926247104, 7.10773327814822, 0.39024924209266176, 465);
2022-10-10 13:48:04.561  INFO 3923 --- [    Test worker] p6spy                                    : #1665377284561 | took 0ms | statement | connection 24| url jdbc:h2:mem:6a3784ae-1aa6-4bbf-b617-4d4aeabcc2af
insert into picture (spot_id, url, picture_id) values (?, ?, ?)
insert into picture (spot_id, url, picture_id) values (NULL, 'java.io.StringReader@aaf94b', 1913);
2022-10-10 13:48:04.561  INFO 3923 --- [    Test worker] p6spy                                    : #1665377284561 | took 0ms | statement | connection 24| url jdbc:h2:mem:6a3784ae-1aa6-4bbf-b617-4d4aeabcc2af
insert into picture (spot_id, url, picture_id) values (?, ?, ?)
insert into picture (spot_id, url, picture_id) values (NULL, 'java.io.StringReader@269e7adb', 1914);
2022-10-10 13:48:04.561  INFO 3923 --- [    Test worker] p6spy                                    : #1665377284561 | took 0ms | statement | connection 24| url jdbc:h2:mem:6a3784ae-1aa6-4bbf-b617-4d4aeabcc2af
insert into picture (spot_id, url, picture_id) values (?, ?, ?)
insert into picture (spot_id, url, picture_id) values (NULL, 'java.io.StringReader@556389bb', 1915);
2022-10-10 13:48:04.561  INFO 3923 --- [    Test worker] p6spy                                    : #1665377284561 | took 0ms | statement | connection 24| url jdbc:h2:mem:6a3784ae-1aa6-4bbf-b617-4d4aeabcc2af
insert into spot (address, description, location, name, score_id, spot_id) values (?, ?, ?, ?, ?, ?)
insert into spot (address, description, location, name, score_id, spot_id) values (NULL, NULL, 'Andeok_myeon', NULL, 465, 531);
2022-10-10 13:48:04.561  INFO 3923 --- [    Test worker] p6spy                                    : #1665377284561 | took 0ms | statement | connection 24| url jdbc:h2:mem:6a3784ae-1aa6-4bbf-b617-4d4aeabcc2af
insert into member_spot (member_id, score, spot_id, member_spot_id) values (?, ?, ?, ?)
insert into member_spot (member_id, score, spot_id, member_spot_id) values (16, 0.0, 531, 1916);
2022-10-10 13:48:04.561  INFO 3923 --- [    Test worker] p6spy                                    : #1665377284561 | took 0ms | statement | connection 24| url jdbc:h2:mem:6a3784ae-1aa6-4bbf-b617-4d4aeabcc2af
insert into review (content, spot_id, review_id) values (?, ?, ?)
insert into review (content, spot_id, review_id) values ('java.io.StringReader@6bc85459', 469, 467);
2022-10-10 13:48:04.561  INFO 3923 --- [    Test worker] p6spy                                    : #1665377284561 | took 0ms | statement | connection 24| url jdbc:h2:mem:6a3784ae-1aa6-4bbf-b617-4d4aeabcc2af
insert into favorite_spot (count, favorite_id, spot_id, favorite_spot_id) values (?, ?, ?, ?)
insert into favorite_spot (count, favorite_id, spot_id, favorite_spot_id) values (0, 38, 531, 402);
2022-10-10 13:48:04.561  INFO 3923 --- [    Test worker] p6spy                                    : #1665377284561 | took 0ms | statement | connection 24| url jdbc:h2:mem:6a3784ae-1aa6-4bbf-b617-4d4aeabcc2af
insert into score (facility_rank, facility_score, price_rank, price_score, rank_average, surround_rank, surround_score, view_rank, view_score, score_id) values (?, ?, ?, ?, ?, ?, ?, ?, ?, ?)
insert into score (facility_rank, facility_score, price_rank, price_score, rank_average, surround_rank, surround_score, view_rank, view_score, score_id) values (1.1107781854436105, 2.4640425518326383, 2.9138104348310123, 4.170759611304357, 5.091172498703114, 0.673661972248184, 6.683383178477542, 8.13101883268594, 9.771387304022333, 466);
2022-10-10 13:48:04.561  INFO 3923 --- [    Test worker] p6spy                                    : #1665377284561 | took 0ms | statement | connection 24| url jdbc:h2:mem:6a3784ae-1aa6-4bbf-b617-4d4aeabcc2af
insert into picture (spot_id, url, picture_id) values (?, ?, ?)
insert into picture (spot_id, url, picture_id) values (NULL, 'java.io.StringReader@7abd6930', 1917);
2022-10-10 13:48:04.561  INFO 3923 --- [    Test worker] p6spy                                    : #1665377284561 | took 0ms | statement | connection 24| url jdbc:h2:mem:6a3784ae-1aa6-4bbf-b617-4d4aeabcc2af
insert into picture (spot_id, url, picture_id) values (?, ?, ?)
insert into picture (spot_id, url, picture_id) values (NULL, 'java.io.StringReader@22fea72', 1918);
2022-10-10 13:48:04.561  INFO 3923 --- [    Test worker] p6spy                                    : #1665377284561 | took 0ms | statement | connection 24| url jdbc:h2:mem:6a3784ae-1aa6-4bbf-b617-4d4aeabcc2af
insert into picture (spot_id, url, picture_id) values (?, ?, ?)
insert into picture (spot_id, url, picture_id) values (NULL, 'java.io.StringReader@61f342aa', 1919);
2022-10-10 13:48:04.561  INFO 3923 --- [    Test worker] p6spy                                    : #1665377284561 | took 0ms | statement | connection 24| url jdbc:h2:mem:6a3784ae-1aa6-4bbf-b617-4d4aeabcc2af
insert into spot (address, description, location, name, score_id, spot_id) values (?, ?, ?, ?, ?, ?)
insert into spot (address, description, location, name, score_id, spot_id) values (NULL, NULL, 'Andeok_myeon', NULL, 466, 532);
2022-10-10 13:48:04.561  INFO 3923 --- [    Test worker] p6spy                                    : #1665377284561 | took 0ms | statement | connection 24| url jdbc:h2:mem:6a3784ae-1aa6-4bbf-b617-4d4aeabcc2af
insert into member_spot (member_id, score, spot_id, member_spot_id) values (?, ?, ?, ?)
insert into member_spot (member_id, score, spot_id, member_spot_id) values (16, 0.0, 532, 1920);
2022-10-10 13:48:04.561  INFO 3923 --- [    Test worker] p6spy                                    : #1665377284561 | took 0ms | statement | connection 24| url jdbc:h2:mem:6a3784ae-1aa6-4bbf-b617-4d4aeabcc2af
insert into review (content, spot_id, review_id) values (?, ?, ?)
insert into review (content, spot_id, review_id) values ('java.io.StringReader@d6c6b69', 469, 468);
2022-10-10 13:48:04.561  INFO 3923 --- [    Test worker] p6spy                                    : #1665377284561 | took 0ms | statement | connection 24| url jdbc:h2:mem:6a3784ae-1aa6-4bbf-b617-4d4aeabcc2af
insert into score (facility_rank, facility_score, price_rank, price_score, rank_average, surround_rank, surround_score, view_rank, view_score, score_id) values (?, ?, ?, ?, ?, ?, ?, ?, ?, ?)
insert into score (facility_rank, facility_score, price_rank, price_score, rank_average, surround_rank, surround_score, view_rank, view_score, score_id) values (1.9107795461689436, 3.391890371637679, 6.188658025248138, 8.609187816853183, 2.6176337985847207, 7.368303768071906, 2.735209267148152, 4.821512763541923, 4.219785650612576, 467);
2022-10-10 13:48:04.561  INFO 3923 --- [    Test worker] p6spy                                    : #1665377284561 | took 0ms | statement | connection 24| url jdbc:h2:mem:6a3784ae-1aa6-4bbf-b617-4d4aeabcc2af
insert into picture (spot_id, url, picture_id) values (?, ?, ?)
insert into picture (spot_id, url, picture_id) values (NULL, 'java.io.StringReader@24eb0b25', 1921);
2022-10-10 13:48:04.561  INFO 3923 --- [    Test worker] p6spy                                    : #1665377284561 | took 0ms | statement | connection 24| url jdbc:h2:mem:6a3784ae-1aa6-4bbf-b617-4d4aeabcc2af
insert into picture (spot_id, url, picture_id) values (?, ?, ?)
insert into picture (spot_id, url, picture_id) values (NULL, 'java.io.StringReader@1f1d1db8', 1922);
2022-10-10 13:48:04.561  INFO 3923 --- [    Test worker] p6spy                                    : #1665377284561 | took 0ms | statement | connection 24| url jdbc:h2:mem:6a3784ae-1aa6-4bbf-b617-4d4aeabcc2af
insert into picture (spot_id, url, picture_id) values (?, ?, ?)
insert into picture (spot_id, url, picture_id) values (NULL, 'java.io.StringReader@1489e6a4', 1923);
2022-10-10 13:48:04.561  INFO 3923 --- [    Test worker] p6spy                                    : #1665377284561 | took 0ms | statement | connection 24| url jdbc:h2:mem:6a3784ae-1aa6-4bbf-b617-4d4aeabcc2af
insert into spot (address, description, location, name, score_id, spot_id) values (?, ?, ?, ?, ?, ?)
insert into spot (address, description, location, name, score_id, spot_id) values (NULL, NULL, 'Andeok_myeon', NULL, 467, 533);
2022-10-10 13:48:04.561  INFO 3923 --- [    Test worker] p6spy                                    : #1665377284561 | took 0ms | statement | connection 24| url jdbc:h2:mem:6a3784ae-1aa6-4bbf-b617-4d4aeabcc2af
insert into member_spot (member_id, score, spot_id, member_spot_id) values (?, ?, ?, ?)
insert into member_spot (member_id, score, spot_id, member_spot_id) values (16, 0.0, 533, 1924);
2022-10-10 13:48:04.561  INFO 3923 --- [    Test worker] p6spy                                    : #1665377284561 | took 0ms | statement | connection 24| url jdbc:h2:mem:6a3784ae-1aa6-4bbf-b617-4d4aeabcc2af
insert into review (content, spot_id, review_id) values (?, ?, ?)
insert into review (content, spot_id, review_id) values ('java.io.StringReader@226ccc83', 469, 469);
2022-10-10 13:48:04.561  INFO 3923 --- [    Test worker] p6spy                                    : #1665377284561 | took 0ms | statement | connection 24| url jdbc:h2:mem:6a3784ae-1aa6-4bbf-b617-4d4aeabcc2af
insert into favorite_spot (count, favorite_id, spot_id, favorite_spot_id) values (?, ?, ?, ?)
insert into favorite_spot (count, favorite_id, spot_id, favorite_spot_id) values (0, 38, 533, 403);
2022-10-10 13:48:04.561  INFO 3923 --- [    Test worker] p6spy                                    : #1665377284561 | took 0ms | statement | connection 24| url jdbc:h2:mem:6a3784ae-1aa6-4bbf-b617-4d4aeabcc2af
insert into score (facility_rank, facility_score, price_rank, price_score, rank_average, surround_rank, surround_score, view_rank, view_score, score_id) values (?, ?, ?, ?, ?, ?, ?, ?, ?, ?)
insert into score (facility_rank, facility_score, price_rank, price_score, rank_average, surround_rank, surround_score, view_rank, view_score, score_id) values (6.900651975988447, 6.845970305840577, 2.8802593965156564, 3.9505032352230405, 2.852053883580491, 3.343454214200948, 2.0068831713287394, 3.3854104728517855, 9.465382371352836, 468);
2022-10-10 13:48:04.561  INFO 3923 --- [    Test worker] p6spy                                    : #1665377284561 | took 0ms | statement | connection 24| url jdbc:h2:mem:6a3784ae-1aa6-4bbf-b617-4d4aeabcc2af
insert into picture (spot_id, url, picture_id) values (?, ?, ?)
insert into picture (spot_id, url, picture_id) values (NULL, 'java.io.StringReader@476e7057', 1925);
2022-10-10 13:48:04.561  INFO 3923 --- [    Test worker] p6spy                                    : #1665377284561 | took 0ms | statement | connection 24| url jdbc:h2:mem:6a3784ae-1aa6-4bbf-b617-4d4aeabcc2af
insert into picture (spot_id, url, picture_id) values (?, ?, ?)
insert into picture (spot_id, url, picture_id) values (NULL, 'java.io.StringReader@700ab3db', 1926);
2022-10-10 13:48:04.562  INFO 3923 --- [    Test worker] p6spy                                    : #1665377284562 | took 0ms | statement | connection 24| url jdbc:h2:mem:6a3784ae-1aa6-4bbf-b617-4d4aeabcc2af
insert into picture (spot_id, url, picture_id) values (?, ?, ?)
insert into picture (spot_id, url, picture_id) values (NULL, 'java.io.StringReader@eaa0e10', 1927);
2022-10-10 13:48:04.562  INFO 3923 --- [    Test worker] p6spy                                    : #1665377284562 | took 0ms | statement | connection 24| url jdbc:h2:mem:6a3784ae-1aa6-4bbf-b617-4d4aeabcc2af
insert into spot (address, description, location, name, score_id, spot_id) values (?, ?, ?, ?, ?, ?)
insert into spot (address, description, location, name, score_id, spot_id) values (NULL, NULL, 'Andeok_myeon', NULL, 468, 534);
2022-10-10 13:48:04.562  INFO 3923 --- [    Test worker] p6spy                                    : #1665377284562 | took 0ms | statement | connection 24| url jdbc:h2:mem:6a3784ae-1aa6-4bbf-b617-4d4aeabcc2af
insert into member_spot (member_id, score, spot_id, member_spot_id) values (?, ?, ?, ?)
insert into member_spot (member_id, score, spot_id, member_spot_id) values (16, 0.0, 534, 1928);
2022-10-10 13:48:04.562  INFO 3923 --- [    Test worker] p6spy                                    : #1665377284562 | took 0ms | statement | connection 24| url jdbc:h2:mem:6a3784ae-1aa6-4bbf-b617-4d4aeabcc2af
insert into review (content, spot_id, review_id) values (?, ?, ?)
insert into review (content, spot_id, review_id) values ('java.io.StringReader@2c3d1e97', 469, 470);
2022-10-10 13:48:04.562  INFO 3923 --- [    Test worker] p6spy                                    : #1665377284562 | took 0ms | statement | connection 24| url jdbc:h2:mem:6a3784ae-1aa6-4bbf-b617-4d4aeabcc2af
insert into score (facility_rank, facility_score, price_rank, price_score, rank_average, surround_rank, surround_score, view_rank, view_score, score_id) values (?, ?, ?, ?, ?, ?, ?, ?, ?, ?)
insert into score (facility_rank, facility_score, price_rank, price_score, rank_average, surround_rank, surround_score, view_rank, view_score, score_id) values (9.147572475582102, 6.9628034706039035, 1.0725615863453997, 9.360154061677598, 5.331970957762513, 7.681109931588624, 4.3732108584336205, 3.8978834161542464, 0.5122477513158152, 469);
2022-10-10 13:48:04.562  INFO 3923 --- [    Test worker] p6spy                                    : #1665377284562 | took 0ms | statement | connection 24| url jdbc:h2:mem:6a3784ae-1aa6-4bbf-b617-4d4aeabcc2af
insert into picture (spot_id, url, picture_id) values (?, ?, ?)
insert into picture (spot_id, url, picture_id) values (NULL, 'java.io.StringReader@506e1d0f', 1929);
2022-10-10 13:48:04.562  INFO 3923 --- [    Test worker] p6spy                                    : #1665377284562 | took 0ms | statement | connection 24| url jdbc:h2:mem:6a3784ae-1aa6-4bbf-b617-4d4aeabcc2af
insert into picture (spot_id, url, picture_id) values (?, ?, ?)
insert into picture (spot_id, url, picture_id) values (NULL, 'java.io.StringReader@29a8c90', 1930);
2022-10-10 13:48:04.562  INFO 3923 --- [    Test worker] p6spy                                    : #1665377284562 | took 0ms | statement | connection 24| url jdbc:h2:mem:6a3784ae-1aa6-4bbf-b617-4d4aeabcc2af
insert into picture (spot_id, url, picture_id) values (?, ?, ?)
insert into picture (spot_id, url, picture_id) values (NULL, 'java.io.StringReader@3aff343b', 1931);
2022-10-10 13:48:04.562  INFO 3923 --- [    Test worker] p6spy                                    : #1665377284562 | took 0ms | statement | connection 24| url jdbc:h2:mem:6a3784ae-1aa6-4bbf-b617-4d4aeabcc2af
insert into spot (address, description, location, name, score_id, spot_id) values (?, ?, ?, ?, ?, ?)
insert into spot (address, description, location, name, score_id, spot_id) values (NULL, NULL, 'Andeok_myeon', NULL, 469, 535);
2022-10-10 13:48:04.562  INFO 3923 --- [    Test worker] p6spy                                    : #1665377284562 | took 0ms | statement | connection 24| url jdbc:h2:mem:6a3784ae-1aa6-4bbf-b617-4d4aeabcc2af
insert into member_spot (member_id, score, spot_id, member_spot_id) values (?, ?, ?, ?)
insert into member_spot (member_id, score, spot_id, member_spot_id) values (16, 0.0, 535, 1932);
2022-10-10 13:48:04.562  INFO 3923 --- [    Test worker] p6spy                                    : #1665377284562 | took 0ms | statement | connection 24| url jdbc:h2:mem:6a3784ae-1aa6-4bbf-b617-4d4aeabcc2af
insert into review (content, spot_id, review_id) values (?, ?, ?)
insert into review (content, spot_id, review_id) values ('java.io.StringReader@63e6efe4', 469, 471);
2022-10-10 13:48:04.562  INFO 3923 --- [    Test worker] p6spy                                    : #1665377284562 | took 0ms | statement | connection 24| url jdbc:h2:mem:6a3784ae-1aa6-4bbf-b617-4d4aeabcc2af
insert into favorite_spot (count, favorite_id, spot_id, favorite_spot_id) values (?, ?, ?, ?)
insert into favorite_spot (count, favorite_id, spot_id, favorite_spot_id) values (0, 38, 535, 404);
2022-10-10 13:48:04.562  INFO 3923 --- [    Test worker] p6spy                                    : #1665377284562 | took 0ms | statement | connection 24| url jdbc:h2:mem:6a3784ae-1aa6-4bbf-b617-4d4aeabcc2af
insert into score (facility_rank, facility_score, price_rank, price_score, rank_average, surround_rank, surround_score, view_rank, view_score, score_id) values (?, ?, ?, ?, ?, ?, ?, ?, ?, ?)
insert into score (facility_rank, facility_score, price_rank, price_score, rank_average, surround_rank, surround_score, view_rank, view_score, score_id) values (2.1847147102679187, 4.0116300200125234, 8.703221124445484, 0.5000999174258236, 2.3576660101315783, 9.663317966728108, 8.952993470889906, 1.3204899834205264, 4.076988705234209, 470);
2022-10-10 13:48:04.562  INFO 3923 --- [    Test worker] p6spy                                    : #1665377284562 | took 0ms | statement | connection 24| url jdbc:h2:mem:6a3784ae-1aa6-4bbf-b617-4d4aeabcc2af
insert into picture (spot_id, url, picture_id) values (?, ?, ?)
insert into picture (spot_id, url, picture_id) values (NULL, 'java.io.StringReader@68f1dc98', 1933);
2022-10-10 13:48:04.562  INFO 3923 --- [    Test worker] p6spy                                    : #1665377284562 | took 0ms | statement | connection 24| url jdbc:h2:mem:6a3784ae-1aa6-4bbf-b617-4d4aeabcc2af
insert into picture (spot_id, url, picture_id) values (?, ?, ?)
insert into picture (spot_id, url, picture_id) values (NULL, 'java.io.StringReader@2275d9b4', 1934);
2022-10-10 13:48:04.562  INFO 3923 --- [    Test worker] p6spy                                    : #1665377284562 | took 0ms | statement | connection 24| url jdbc:h2:mem:6a3784ae-1aa6-4bbf-b617-4d4aeabcc2af
insert into picture (spot_id, url, picture_id) values (?, ?, ?)
insert into picture (spot_id, url, picture_id) values (NULL, 'java.io.StringReader@2af5511b', 1935);
2022-10-10 13:48:04.562  INFO 3923 --- [    Test worker] p6spy                                    : #1665377284562 | took 0ms | statement | connection 24| url jdbc:h2:mem:6a3784ae-1aa6-4bbf-b617-4d4aeabcc2af
insert into spot (address, description, location, name, score_id, spot_id) values (?, ?, ?, ?, ?, ?)
insert into spot (address, description, location, name, score_id, spot_id) values (NULL, NULL, 'Andeok_myeon', NULL, 470, 536);
2022-10-10 13:48:04.562  INFO 3923 --- [    Test worker] p6spy                                    : #1665377284562 | took 0ms | statement | connection 24| url jdbc:h2:mem:6a3784ae-1aa6-4bbf-b617-4d4aeabcc2af
insert into member_spot (member_id, score, spot_id, member_spot_id) values (?, ?, ?, ?)
insert into member_spot (member_id, score, spot_id, member_spot_id) values (16, 0.0, 536, 1936);
2022-10-10 13:48:04.562  INFO 3923 --- [    Test worker] p6spy                                    : #1665377284562 | took 0ms | statement | connection 24| url jdbc:h2:mem:6a3784ae-1aa6-4bbf-b617-4d4aeabcc2af
insert into review (content, spot_id, review_id) values (?, ?, ?)
insert into review (content, spot_id, review_id) values ('java.io.StringReader@6dd6c3f3', 469, 472);
2022-10-10 13:48:04.562  INFO 3923 --- [    Test worker] p6spy                                    : #1665377284562 | took 0ms | statement | connection 24| url jdbc:h2:mem:6a3784ae-1aa6-4bbf-b617-4d4aeabcc2af
insert into score (facility_rank, facility_score, price_rank, price_score, rank_average, surround_rank, surround_score, view_rank, view_score, score_id) values (?, ?, ?, ?, ?, ?, ?, ?, ?, ?)
insert into score (facility_rank, facility_score, price_rank, price_score, rank_average, surround_rank, surround_score, view_rank, view_score, score_id) values (8.374747855252043, 7.114267034602991, 2.557573134910366, 4.158395793949281, 0.05350673392498062, 3.662566072862976, 1.1131252326293029, 9.387854631055284, 2.8032704107899153, 471);
2022-10-10 13:48:04.562  INFO 3923 --- [    Test worker] p6spy                                    : #1665377284562 | took 0ms | statement | connection 24| url jdbc:h2:mem:6a3784ae-1aa6-4bbf-b617-4d4aeabcc2af
insert into picture (spot_id, url, picture_id) values (?, ?, ?)
insert into picture (spot_id, url, picture_id) values (NULL, 'java.io.StringReader@74cf34a3', 1937);
2022-10-10 13:48:04.562  INFO 3923 --- [    Test worker] p6spy                                    : #1665377284562 | took 0ms | statement | connection 24| url jdbc:h2:mem:6a3784ae-1aa6-4bbf-b617-4d4aeabcc2af
insert into picture (spot_id, url, picture_id) values (?, ?, ?)
insert into picture (spot_id, url, picture_id) values (NULL, 'java.io.StringReader@442aea9a', 1938);
2022-10-10 13:48:04.562  INFO 3923 --- [    Test worker] p6spy                                    : #1665377284562 | took 0ms | statement | connection 24| url jdbc:h2:mem:6a3784ae-1aa6-4bbf-b617-4d4aeabcc2af
insert into picture (spot_id, url, picture_id) values (?, ?, ?)
insert into picture (spot_id, url, picture_id) values (NULL, 'java.io.StringReader@11bbc6f7', 1939);
2022-10-10 13:48:04.562  INFO 3923 --- [    Test worker] p6spy                                    : #1665377284562 | took 0ms | statement | connection 24| url jdbc:h2:mem:6a3784ae-1aa6-4bbf-b617-4d4aeabcc2af
insert into spot (address, description, location, name, score_id, spot_id) values (?, ?, ?, ?, ?, ?)
insert into spot (address, description, location, name, score_id, spot_id) values (NULL, NULL, 'Andeok_myeon', NULL, 471, 537);
2022-10-10 13:48:04.562  INFO 3923 --- [    Test worker] p6spy                                    : #1665377284562 | took 0ms | statement | connection 24| url jdbc:h2:mem:6a3784ae-1aa6-4bbf-b617-4d4aeabcc2af
insert into member_spot (member_id, score, spot_id, member_spot_id) values (?, ?, ?, ?)
insert into member_spot (member_id, score, spot_id, member_spot_id) values (16, 0.0, 537, 1940);
2022-10-10 13:48:04.562  INFO 3923 --- [    Test worker] p6spy                                    : #1665377284562 | took 0ms | statement | connection 24| url jdbc:h2:mem:6a3784ae-1aa6-4bbf-b617-4d4aeabcc2af
insert into review (content, spot_id, review_id) values (?, ?, ?)
insert into review (content, spot_id, review_id) values ('java.io.StringReader@3e812b53', 469, 473);
2022-10-10 13:48:04.563  INFO 3923 --- [    Test worker] p6spy                                    : #1665377284563 | took 0ms | statement | connection 24| url jdbc:h2:mem:6a3784ae-1aa6-4bbf-b617-4d4aeabcc2af
insert into favorite_spot (count, favorite_id, spot_id, favorite_spot_id) values (?, ?, ?, ?)
insert into favorite_spot (count, favorite_id, spot_id, favorite_spot_id) values (0, 38, 537, 405);
2022-10-10 13:48:04.563  INFO 3923 --- [    Test worker] p6spy                                    : #1665377284563 | took 0ms | statement | connection 24| url jdbc:h2:mem:6a3784ae-1aa6-4bbf-b617-4d4aeabcc2af
insert into score (facility_rank, facility_score, price_rank, price_score, rank_average, surround_rank, surround_score, view_rank, view_score, score_id) values (?, ?, ?, ?, ?, ?, ?, ?, ?, ?)
insert into score (facility_rank, facility_score, price_rank, price_score, rank_average, surround_rank, surround_score, view_rank, view_score, score_id) values (7.836224137766356, 1.334406565870877, 2.553288381296306, 5.5474735633117085, 3.218741536064776, 8.096390195082254, 1.4558800041477615, 4.334537212734365, 2.9158479737437624, 472);
2022-10-10 13:48:04.563  INFO 3923 --- [    Test worker] p6spy                                    : #1665377284563 | took 0ms | statement | connection 24| url jdbc:h2:mem:6a3784ae-1aa6-4bbf-b617-4d4aeabcc2af
insert into picture (spot_id, url, picture_id) values (?, ?, ?)
insert into picture (spot_id, url, picture_id) values (NULL, 'java.io.StringReader@6a50888c', 1941);
2022-10-10 13:48:04.563  INFO 3923 --- [    Test worker] p6spy                                    : #1665377284563 | took 0ms | statement | connection 24| url jdbc:h2:mem:6a3784ae-1aa6-4bbf-b617-4d4aeabcc2af
insert into picture (spot_id, url, picture_id) values (?, ?, ?)
insert into picture (spot_id, url, picture_id) values (NULL, 'java.io.StringReader@5759370a', 1942);
2022-10-10 13:48:04.563  INFO 3923 --- [    Test worker] p6spy                                    : #1665377284563 | took 0ms | statement | connection 24| url jdbc:h2:mem:6a3784ae-1aa6-4bbf-b617-4d4aeabcc2af
insert into picture (spot_id, url, picture_id) values (?, ?, ?)
insert into picture (spot_id, url, picture_id) values (NULL, 'java.io.StringReader@4b1d75ea', 1943);
2022-10-10 13:48:04.563  INFO 3923 --- [    Test worker] p6spy                                    : #1665377284563 | took 0ms | statement | connection 24| url jdbc:h2:mem:6a3784ae-1aa6-4bbf-b617-4d4aeabcc2af
insert into spot (address, description, location, name, score_id, spot_id) values (?, ?, ?, ?, ?, ?)
insert into spot (address, description, location, name, score_id, spot_id) values (NULL, NULL, 'Andeok_myeon', NULL, 472, 538);
2022-10-10 13:48:04.563  INFO 3923 --- [    Test worker] p6spy                                    : #1665377284563 | took 0ms | statement | connection 24| url jdbc:h2:mem:6a3784ae-1aa6-4bbf-b617-4d4aeabcc2af
insert into member_spot (member_id, score, spot_id, member_spot_id) values (?, ?, ?, ?)
insert into member_spot (member_id, score, spot_id, member_spot_id) values (16, 0.0, 538, 1944);
2022-10-10 13:48:04.563  INFO 3923 --- [    Test worker] p6spy                                    : #1665377284563 | took 0ms | statement | connection 24| url jdbc:h2:mem:6a3784ae-1aa6-4bbf-b617-4d4aeabcc2af
insert into review (content, spot_id, review_id) values (?, ?, ?)
insert into review (content, spot_id, review_id) values ('java.io.StringReader@697cbc92', 469, 474);
2022-10-10 13:48:04.563  INFO 3923 --- [    Test worker] p6spy                                    : #1665377284563 | took 0ms | statement | connection 24| url jdbc:h2:mem:6a3784ae-1aa6-4bbf-b617-4d4aeabcc2af
insert into score (facility_rank, facility_score, price_rank, price_score, rank_average, surround_rank, surround_score, view_rank, view_score, score_id) values (?, ?, ?, ?, ?, ?, ?, ?, ?, ?)
insert into score (facility_rank, facility_score, price_rank, price_score, rank_average, surround_rank, surround_score, view_rank, view_score, score_id) values (4.960226049599928, 2.9009207270131956, 3.7671142563917224, 6.705412271737291, 3.864224225107562, 2.4862659877526037, 0.47277693639944496, 0.9624853453291982, 6.469918843753996, 473);
2022-10-10 13:48:04.563  INFO 3923 --- [    Test worker] p6spy                                    : #1665377284563 | took 0ms | statement | connection 24| url jdbc:h2:mem:6a3784ae-1aa6-4bbf-b617-4d4aeabcc2af
insert into picture (spot_id, url, picture_id) values (?, ?, ?)
insert into picture (spot_id, url, picture_id) values (NULL, 'java.io.StringReader@45d952a1', 1945);
2022-10-10 13:48:04.563  INFO 3923 --- [    Test worker] p6spy                                    : #1665377284563 | took 0ms | statement | connection 24| url jdbc:h2:mem:6a3784ae-1aa6-4bbf-b617-4d4aeabcc2af
insert into picture (spot_id, url, picture_id) values (?, ?, ?)
insert into picture (spot_id, url, picture_id) values (NULL, 'java.io.StringReader@616f50a6', 1946);
2022-10-10 13:48:04.563  INFO 3923 --- [    Test worker] p6spy                                    : #1665377284563 | took 0ms | statement | connection 24| url jdbc:h2:mem:6a3784ae-1aa6-4bbf-b617-4d4aeabcc2af
insert into picture (spot_id, url, picture_id) values (?, ?, ?)
insert into picture (spot_id, url, picture_id) values (NULL, 'java.io.StringReader@16b6fa67', 1947);
2022-10-10 13:48:04.563  INFO 3923 --- [    Test worker] p6spy                                    : #1665377284563 | took 0ms | statement | connection 24| url jdbc:h2:mem:6a3784ae-1aa6-4bbf-b617-4d4aeabcc2af
insert into spot (address, description, location, name, score_id, spot_id) values (?, ?, ?, ?, ?, ?)
insert into spot (address, description, location, name, score_id, spot_id) values (NULL, NULL, 'Andeok_myeon', NULL, 473, 539);
2022-10-10 13:48:04.563  INFO 3923 --- [    Test worker] p6spy                                    : #1665377284563 | took 0ms | statement | connection 24| url jdbc:h2:mem:6a3784ae-1aa6-4bbf-b617-4d4aeabcc2af
insert into member_spot (member_id, score, spot_id, member_spot_id) values (?, ?, ?, ?)
insert into member_spot (member_id, score, spot_id, member_spot_id) values (16, 0.0, 539, 1948);
2022-10-10 13:48:04.563  INFO 3923 --- [    Test worker] p6spy                                    : #1665377284563 | took 0ms | statement | connection 24| url jdbc:h2:mem:6a3784ae-1aa6-4bbf-b617-4d4aeabcc2af
insert into review (content, spot_id, review_id) values (?, ?, ?)
insert into review (content, spot_id, review_id) values ('java.io.StringReader@3ef2e0f3', 469, 475);
2022-10-10 13:48:04.563  INFO 3923 --- [    Test worker] p6spy                                    : #1665377284563 | took 0ms | statement | connection 24| url jdbc:h2:mem:6a3784ae-1aa6-4bbf-b617-4d4aeabcc2af
insert into favorite_spot (count, favorite_id, spot_id, favorite_spot_id) values (?, ?, ?, ?)
insert into favorite_spot (count, favorite_id, spot_id, favorite_spot_id) values (0, 38, 539, 406);
2022-10-10 13:48:04.563  INFO 3923 --- [    Test worker] p6spy                                    : #1665377284563 | took 0ms | statement | connection 24| url jdbc:h2:mem:6a3784ae-1aa6-4bbf-b617-4d4aeabcc2af
insert into score (facility_rank, facility_score, price_rank, price_score, rank_average, surround_rank, surround_score, view_rank, view_score, score_id) values (?, ?, ?, ?, ?, ?, ?, ?, ?, ?)
insert into score (facility_rank, facility_score, price_rank, price_score, rank_average, surround_rank, surround_score, view_rank, view_score, score_id) values (9.940456908092525, 0.004724465179544168, 4.947995526838476, 8.818828484662248, 0.7219629145066309, 4.462316964954139, 2.4749666035609454, 9.478252790970684, 7.63292908324884, 474);
2022-10-10 13:48:04.563  INFO 3923 --- [    Test worker] p6spy                                    : #1665377284563 | took 0ms | statement | connection 24| url jdbc:h2:mem:6a3784ae-1aa6-4bbf-b617-4d4aeabcc2af
insert into picture (spot_id, url, picture_id) values (?, ?, ?)
insert into picture (spot_id, url, picture_id) values (NULL, 'java.io.StringReader@4ade9b2e', 1949);
2022-10-10 13:48:04.563  INFO 3923 --- [    Test worker] p6spy                                    : #1665377284563 | took 0ms | statement | connection 24| url jdbc:h2:mem:6a3784ae-1aa6-4bbf-b617-4d4aeabcc2af
insert into picture (spot_id, url, picture_id) values (?, ?, ?)
insert into picture (spot_id, url, picture_id) values (NULL, 'java.io.StringReader@2312bc1a', 1950);
2022-10-10 13:48:04.563  INFO 3923 --- [    Test worker] p6spy                                    : #1665377284563 | took 0ms | statement | connection 24| url jdbc:h2:mem:6a3784ae-1aa6-4bbf-b617-4d4aeabcc2af
insert into picture (spot_id, url, picture_id) values (?, ?, ?)
insert into picture (spot_id, url, picture_id) values (NULL, 'java.io.StringReader@6b4e1ef6', 1951);
2022-10-10 13:48:04.563  INFO 3923 --- [    Test worker] p6spy                                    : #1665377284563 | took 0ms | statement | connection 24| url jdbc:h2:mem:6a3784ae-1aa6-4bbf-b617-4d4aeabcc2af
insert into spot (address, description, location, name, score_id, spot_id) values (?, ?, ?, ?, ?, ?)
insert into spot (address, description, location, name, score_id, spot_id) values (NULL, NULL, 'Andeok_myeon', NULL, 474, 540);
2022-10-10 13:48:04.563  INFO 3923 --- [    Test worker] p6spy                                    : #1665377284563 | took 0ms | statement | connection 24| url jdbc:h2:mem:6a3784ae-1aa6-4bbf-b617-4d4aeabcc2af
insert into member_spot (member_id, score, spot_id, member_spot_id) values (?, ?, ?, ?)
insert into member_spot (member_id, score, spot_id, member_spot_id) values (16, 0.0, 540, 1952);
2022-10-10 13:48:04.563  INFO 3923 --- [    Test worker] p6spy                                    : #1665377284563 | took 0ms | statement | connection 24| url jdbc:h2:mem:6a3784ae-1aa6-4bbf-b617-4d4aeabcc2af
insert into review (content, spot_id, review_id) values (?, ?, ?)
insert into review (content, spot_id, review_id) values ('java.io.StringReader@12c75e2b', 469, 476);
2022-10-10 13:48:04.563  INFO 3923 --- [    Test worker] p6spy                                    : #1665377284563 | took 0ms | statement | connection 24| url jdbc:h2:mem:6a3784ae-1aa6-4bbf-b617-4d4aeabcc2af
insert into score (facility_rank, facility_score, price_rank, price_score, rank_average, surround_rank, surround_score, view_rank, view_score, score_id) values (?, ?, ?, ?, ?, ?, ?, ?, ?, ?)
insert into score (facility_rank, facility_score, price_rank, price_score, rank_average, surround_rank, surround_score, view_rank, view_score, score_id) values (3.6353506619265277, 5.970368322591879, 4.696580084046531, 6.074720662236768, 7.416666020573153, 4.153942337736279, 4.179521071621317, 2.337374527454774, 8.155126168875425, 475);
2022-10-10 13:48:04.563  INFO 3923 --- [    Test worker] p6spy                                    : #1665377284563 | took 0ms | statement | connection 24| url jdbc:h2:mem:6a3784ae-1aa6-4bbf-b617-4d4aeabcc2af
insert into picture (spot_id, url, picture_id) values (?, ?, ?)
insert into picture (spot_id, url, picture_id) values (NULL, 'java.io.StringReader@442abccd', 1953);
2022-10-10 13:48:04.563  INFO 3923 --- [    Test worker] p6spy                                    : #1665377284563 | took 0ms | statement | connection 24| url jdbc:h2:mem:6a3784ae-1aa6-4bbf-b617-4d4aeabcc2af
insert into picture (spot_id, url, picture_id) values (?, ?, ?)
insert into picture (spot_id, url, picture_id) values (NULL, 'java.io.StringReader@66019544', 1954);
2022-10-10 13:48:04.563  INFO 3923 --- [    Test worker] p6spy                                    : #1665377284563 | took 0ms | statement | connection 24| url jdbc:h2:mem:6a3784ae-1aa6-4bbf-b617-4d4aeabcc2af
insert into picture (spot_id, url, picture_id) values (?, ?, ?)
insert into picture (spot_id, url, picture_id) values (NULL, 'java.io.StringReader@45a92f91', 1955);
2022-10-10 13:48:04.563  INFO 3923 --- [    Test worker] p6spy                                    : #1665377284563 | took 0ms | statement | connection 24| url jdbc:h2:mem:6a3784ae-1aa6-4bbf-b617-4d4aeabcc2af
insert into spot (address, description, location, name, score_id, spot_id) values (?, ?, ?, ?, ?, ?)
insert into spot (address, description, location, name, score_id, spot_id) values (NULL, NULL, 'Andeok_myeon', NULL, 475, 541);
2022-10-10 13:48:04.564  INFO 3923 --- [    Test worker] p6spy                                    : #1665377284564 | took 0ms | statement | connection 24| url jdbc:h2:mem:6a3784ae-1aa6-4bbf-b617-4d4aeabcc2af
insert into member_spot (member_id, score, spot_id, member_spot_id) values (?, ?, ?, ?)
insert into member_spot (member_id, score, spot_id, member_spot_id) values (16, 0.0, 541, 1956);
2022-10-10 13:48:04.564  INFO 3923 --- [    Test worker] p6spy                                    : #1665377284564 | took 0ms | statement | connection 24| url jdbc:h2:mem:6a3784ae-1aa6-4bbf-b617-4d4aeabcc2af
insert into review (content, spot_id, review_id) values (?, ?, ?)
insert into review (content, spot_id, review_id) values ('java.io.StringReader@480363d9', 469, 477);
2022-10-10 13:48:04.564  INFO 3923 --- [    Test worker] p6spy                                    : #1665377284564 | took 0ms | statement | connection 24| url jdbc:h2:mem:6a3784ae-1aa6-4bbf-b617-4d4aeabcc2af
insert into favorite_spot (count, favorite_id, spot_id, favorite_spot_id) values (?, ?, ?, ?)
insert into favorite_spot (count, favorite_id, spot_id, favorite_spot_id) values (0, 38, 541, 407);
2022-10-10 13:48:04.564  INFO 3923 --- [    Test worker] p6spy                                    : #1665377284564 | took 0ms | statement | connection 24| url jdbc:h2:mem:6a3784ae-1aa6-4bbf-b617-4d4aeabcc2af
insert into score (facility_rank, facility_score, price_rank, price_score, rank_average, surround_rank, surround_score, view_rank, view_score, score_id) values (?, ?, ?, ?, ?, ?, ?, ?, ?, ?)
insert into score (facility_rank, facility_score, price_rank, price_score, rank_average, surround_rank, surround_score, view_rank, view_score, score_id) values (3.6755394679499256, 4.24694554849518, 5.950105672293083, 1.960762394933987, 3.0366119209550746, 3.720969884560975, 7.08179132665212, 4.501416110197303, 9.498400903080684, 476);
2022-10-10 13:48:04.564  INFO 3923 --- [    Test worker] p6spy                                    : #1665377284564 | took 0ms | statement | connection 24| url jdbc:h2:mem:6a3784ae-1aa6-4bbf-b617-4d4aeabcc2af
insert into picture (spot_id, url, picture_id) values (?, ?, ?)
insert into picture (spot_id, url, picture_id) values (NULL, 'java.io.StringReader@3aa993ee', 1957);
2022-10-10 13:48:04.564  INFO 3923 --- [    Test worker] p6spy                                    : #1665377284564 | took 0ms | statement | connection 24| url jdbc:h2:mem:6a3784ae-1aa6-4bbf-b617-4d4aeabcc2af
insert into picture (spot_id, url, picture_id) values (?, ?, ?)
insert into picture (spot_id, url, picture_id) values (NULL, 'java.io.StringReader@446c63b4', 1958);
2022-10-10 13:48:04.564  INFO 3923 --- [    Test worker] p6spy                                    : #1665377284564 | took 0ms | statement | connection 24| url jdbc:h2:mem:6a3784ae-1aa6-4bbf-b617-4d4aeabcc2af
insert into picture (spot_id, url, picture_id) values (?, ?, ?)
insert into picture (spot_id, url, picture_id) values (NULL, 'java.io.StringReader@11384ad7', 1959);
2022-10-10 13:48:04.564  INFO 3923 --- [    Test worker] p6spy                                    : #1665377284564 | took 0ms | statement | connection 24| url jdbc:h2:mem:6a3784ae-1aa6-4bbf-b617-4d4aeabcc2af
insert into spot (address, description, location, name, score_id, spot_id) values (?, ?, ?, ?, ?, ?)
insert into spot (address, description, location, name, score_id, spot_id) values (NULL, NULL, 'Andeok_myeon', NULL, 476, 542);
2022-10-10 13:48:04.564  INFO 3923 --- [    Test worker] p6spy                                    : #1665377284564 | took 0ms | statement | connection 24| url jdbc:h2:mem:6a3784ae-1aa6-4bbf-b617-4d4aeabcc2af
insert into member_spot (member_id, score, spot_id, member_spot_id) values (?, ?, ?, ?)
insert into member_spot (member_id, score, spot_id, member_spot_id) values (16, 0.0, 542, 1960);
2022-10-10 13:48:04.564  INFO 3923 --- [    Test worker] p6spy                                    : #1665377284564 | took 0ms | statement | connection 24| url jdbc:h2:mem:6a3784ae-1aa6-4bbf-b617-4d4aeabcc2af
insert into review (content, spot_id, review_id) values (?, ?, ?)
insert into review (content, spot_id, review_id) values ('java.io.StringReader@c6bd5bf', 469, 478);
2022-10-10 13:48:04.564  INFO 3923 --- [    Test worker] p6spy                                    : #1665377284564 | took 0ms | statement | connection 24| url jdbc:h2:mem:6a3784ae-1aa6-4bbf-b617-4d4aeabcc2af
insert into score (facility_rank, facility_score, price_rank, price_score, rank_average, surround_rank, surround_score, view_rank, view_score, score_id) values (?, ?, ?, ?, ?, ?, ?, ?, ?, ?)
insert into score (facility_rank, facility_score, price_rank, price_score, rank_average, surround_rank, surround_score, view_rank, view_score, score_id) values (1.724104233327769, 1.4018198253612368, 0.42883108342347986, 1.9366518981910108, 3.624044882596108, 0.5551507782480491, 3.501572313965612, 7.775451569312171, 0.8750140897262515, 477);
2022-10-10 13:48:04.564  INFO 3923 --- [    Test worker] p6spy                                    : #1665377284564 | took 0ms | statement | connection 24| url jdbc:h2:mem:6a3784ae-1aa6-4bbf-b617-4d4aeabcc2af
insert into picture (spot_id, url, picture_id) values (?, ?, ?)
insert into picture (spot_id, url, picture_id) values (NULL, 'java.io.StringReader@2fd3256e', 1961);
2022-10-10 13:48:04.564  INFO 3923 --- [    Test worker] p6spy                                    : #1665377284564 | took 0ms | statement | connection 24| url jdbc:h2:mem:6a3784ae-1aa6-4bbf-b617-4d4aeabcc2af
insert into picture (spot_id, url, picture_id) values (?, ?, ?)
insert into picture (spot_id, url, picture_id) values (NULL, 'java.io.StringReader@61f57ce1', 1962);
2022-10-10 13:48:04.564  INFO 3923 --- [    Test worker] p6spy                                    : #1665377284564 | took 0ms | statement | connection 24| url jdbc:h2:mem:6a3784ae-1aa6-4bbf-b617-4d4aeabcc2af
insert into picture (spot_id, url, picture_id) values (?, ?, ?)
insert into picture (spot_id, url, picture_id) values (NULL, 'java.io.StringReader@6b1c1211', 1963);
2022-10-10 13:48:04.564  INFO 3923 --- [    Test worker] p6spy                                    : #1665377284564 | took 0ms | statement | connection 24| url jdbc:h2:mem:6a3784ae-1aa6-4bbf-b617-4d4aeabcc2af
insert into spot (address, description, location, name, score_id, spot_id) values (?, ?, ?, ?, ?, ?)
insert into spot (address, description, location, name, score_id, spot_id) values (NULL, NULL, 'Andeok_myeon', NULL, 477, 543);
2022-10-10 13:48:04.564  INFO 3923 --- [    Test worker] p6spy                                    : #1665377284564 | took 0ms | statement | connection 24| url jdbc:h2:mem:6a3784ae-1aa6-4bbf-b617-4d4aeabcc2af
insert into member_spot (member_id, score, spot_id, member_spot_id) values (?, ?, ?, ?)
insert into member_spot (member_id, score, spot_id, member_spot_id) values (16, 0.0, 543, 1964);
2022-10-10 13:48:04.564  INFO 3923 --- [    Test worker] p6spy                                    : #1665377284564 | took 0ms | statement | connection 24| url jdbc:h2:mem:6a3784ae-1aa6-4bbf-b617-4d4aeabcc2af
insert into review (content, spot_id, review_id) values (?, ?, ?)
insert into review (content, spot_id, review_id) values ('java.io.StringReader@5a94ad4b', 469, 479);
2022-10-10 13:48:04.564  INFO 3923 --- [    Test worker] p6spy                                    : #1665377284564 | took 0ms | statement | connection 24| url jdbc:h2:mem:6a3784ae-1aa6-4bbf-b617-4d4aeabcc2af
insert into favorite_spot (count, favorite_id, spot_id, favorite_spot_id) values (?, ?, ?, ?)
insert into favorite_spot (count, favorite_id, spot_id, favorite_spot_id) values (0, 38, 543, 408);
2022-10-10 13:48:04.564  INFO 3923 --- [    Test worker] p6spy                                    : #1665377284564 | took 0ms | statement | connection 24| url jdbc:h2:mem:6a3784ae-1aa6-4bbf-b617-4d4aeabcc2af
insert into score (facility_rank, facility_score, price_rank, price_score, rank_average, surround_rank, surround_score, view_rank, view_score, score_id) values (?, ?, ?, ?, ?, ?, ?, ?, ?, ?)
insert into score (facility_rank, facility_score, price_rank, price_score, rank_average, surround_rank, surround_score, view_rank, view_score, score_id) values (2.4641630942087698, 7.143149730209521, 8.057893295175226, 9.207089086690711, 8.587376048216756, 5.28470360578075, 6.147770697048498, 1.4682881396014125, 1.7046209530869716, 478);
2022-10-10 13:48:04.564  INFO 3923 --- [    Test worker] p6spy                                    : #1665377284564 | took 0ms | statement | connection 24| url jdbc:h2:mem:6a3784ae-1aa6-4bbf-b617-4d4aeabcc2af
insert into picture (spot_id, url, picture_id) values (?, ?, ?)
insert into picture (spot_id, url, picture_id) values (NULL, 'java.io.StringReader@1c465f7d', 1965);
2022-10-10 13:48:04.564  INFO 3923 --- [    Test worker] p6spy                                    : #1665377284564 | took 0ms | statement | connection 24| url jdbc:h2:mem:6a3784ae-1aa6-4bbf-b617-4d4aeabcc2af
insert into picture (spot_id, url, picture_id) values (?, ?, ?)
insert into picture (spot_id, url, picture_id) values (NULL, 'java.io.StringReader@6736791a', 1966);
2022-10-10 13:48:04.564  INFO 3923 --- [    Test worker] p6spy                                    : #1665377284564 | took 0ms | statement | connection 24| url jdbc:h2:mem:6a3784ae-1aa6-4bbf-b617-4d4aeabcc2af
insert into picture (spot_id, url, picture_id) values (?, ?, ?)
insert into picture (spot_id, url, picture_id) values (NULL, 'java.io.StringReader@241f9269', 1967);
2022-10-10 13:48:04.564  INFO 3923 --- [    Test worker] p6spy                                    : #1665377284564 | took 0ms | statement | connection 24| url jdbc:h2:mem:6a3784ae-1aa6-4bbf-b617-4d4aeabcc2af
insert into spot (address, description, location, name, score_id, spot_id) values (?, ?, ?, ?, ?, ?)
insert into spot (address, description, location, name, score_id, spot_id) values (NULL, NULL, 'Andeok_myeon', NULL, 478, 544);
2022-10-10 13:48:04.564  INFO 3923 --- [    Test worker] p6spy                                    : #1665377284564 | took 0ms | statement | connection 24| url jdbc:h2:mem:6a3784ae-1aa6-4bbf-b617-4d4aeabcc2af
insert into member_spot (member_id, score, spot_id, member_spot_id) values (?, ?, ?, ?)
insert into member_spot (member_id, score, spot_id, member_spot_id) values (16, 0.0, 544, 1968);
2022-10-10 13:48:04.564  INFO 3923 --- [    Test worker] p6spy                                    : #1665377284564 | took 0ms | statement | connection 24| url jdbc:h2:mem:6a3784ae-1aa6-4bbf-b617-4d4aeabcc2af
insert into review (content, spot_id, review_id) values (?, ?, ?)
insert into review (content, spot_id, review_id) values ('java.io.StringReader@664b784c', 469, 480);
2022-10-10 13:48:04.564  INFO 3923 --- [    Test worker] p6spy                                    : #1665377284564 | took 0ms | statement | connection 24| url jdbc:h2:mem:6a3784ae-1aa6-4bbf-b617-4d4aeabcc2af
insert into score (facility_rank, facility_score, price_rank, price_score, rank_average, surround_rank, surround_score, view_rank, view_score, score_id) values (?, ?, ?, ?, ?, ?, ?, ?, ?, ?)
insert into score (facility_rank, facility_score, price_rank, price_score, rank_average, surround_rank, surround_score, view_rank, view_score, score_id) values (0.24131585282426427, 7.300353603681916, 5.954220312598838, 6.321643529945482, 2.259600823176765, 8.723172459140365, 4.85958180450319, 9.13741821637337, 9.128820256690853, 479);
2022-10-10 13:48:04.565  INFO 3923 --- [    Test worker] p6spy                                    : #1665377284565 | took 0ms | statement | connection 24| url jdbc:h2:mem:6a3784ae-1aa6-4bbf-b617-4d4aeabcc2af
insert into picture (spot_id, url, picture_id) values (?, ?, ?)
insert into picture (spot_id, url, picture_id) values (NULL, 'java.io.StringReader@135c307f', 1969);
2022-10-10 13:48:04.565  INFO 3923 --- [    Test worker] p6spy                                    : #1665377284565 | took 0ms | statement | connection 24| url jdbc:h2:mem:6a3784ae-1aa6-4bbf-b617-4d4aeabcc2af
insert into picture (spot_id, url, picture_id) values (?, ?, ?)
insert into picture (spot_id, url, picture_id) values (NULL, 'java.io.StringReader@5a4996dd', 1970);
2022-10-10 13:48:04.565  INFO 3923 --- [    Test worker] p6spy                                    : #1665377284565 | took 0ms | statement | connection 24| url jdbc:h2:mem:6a3784ae-1aa6-4bbf-b617-4d4aeabcc2af
insert into picture (spot_id, url, picture_id) values (?, ?, ?)
insert into picture (spot_id, url, picture_id) values (NULL, 'java.io.StringReader@63c6a639', 1971);
2022-10-10 13:48:04.565  INFO 3923 --- [    Test worker] p6spy                                    : #1665377284565 | took 0ms | statement | connection 24| url jdbc:h2:mem:6a3784ae-1aa6-4bbf-b617-4d4aeabcc2af
insert into spot (address, description, location, name, score_id, spot_id) values (?, ?, ?, ?, ?, ?)
insert into spot (address, description, location, name, score_id, spot_id) values (NULL, NULL, 'Andeok_myeon', NULL, 479, 545);
2022-10-10 13:48:04.565  INFO 3923 --- [    Test worker] p6spy                                    : #1665377284565 | took 0ms | statement | connection 24| url jdbc:h2:mem:6a3784ae-1aa6-4bbf-b617-4d4aeabcc2af
insert into member_spot (member_id, score, spot_id, member_spot_id) values (?, ?, ?, ?)
insert into member_spot (member_id, score, spot_id, member_spot_id) values (16, 0.0, 545, 1972);
2022-10-10 13:48:04.565  INFO 3923 --- [    Test worker] p6spy                                    : #1665377284565 | took 0ms | statement | connection 24| url jdbc:h2:mem:6a3784ae-1aa6-4bbf-b617-4d4aeabcc2af
insert into review (content, spot_id, review_id) values (?, ?, ?)
insert into review (content, spot_id, review_id) values ('java.io.StringReader@1098a50d', 469, 481);
2022-10-10 13:48:04.565  INFO 3923 --- [    Test worker] p6spy                                    : #1665377284565 | took 0ms | statement | connection 24| url jdbc:h2:mem:6a3784ae-1aa6-4bbf-b617-4d4aeabcc2af
insert into favorite_spot (count, favorite_id, spot_id, favorite_spot_id) values (?, ?, ?, ?)
insert into favorite_spot (count, favorite_id, spot_id, favorite_spot_id) values (0, 38, 545, 409);
2022-10-10 13:48:04.565  INFO 3923 --- [    Test worker] p6spy                                    : #1665377284565 | took 0ms | statement | connection 24| url jdbc:h2:mem:6a3784ae-1aa6-4bbf-b617-4d4aeabcc2af
insert into score (facility_rank, facility_score, price_rank, price_score, rank_average, surround_rank, surround_score, view_rank, view_score, score_id) values (?, ?, ?, ?, ?, ?, ?, ?, ?, ?)
insert into score (facility_rank, facility_score, price_rank, price_score, rank_average, surround_rank, surround_score, view_rank, view_score, score_id) values (7.419790636384329, 9.531363896335897, 4.25944250680332, 8.363195793758937, 8.41354189174085, 7.3719173397909845, 6.342543168529632, 7.104615143700871, 9.35974029464398, 480);
2022-10-10 13:48:04.565  INFO 3923 --- [    Test worker] p6spy                                    : #1665377284565 | took 0ms | statement | connection 24| url jdbc:h2:mem:6a3784ae-1aa6-4bbf-b617-4d4aeabcc2af
insert into picture (spot_id, url, picture_id) values (?, ?, ?)
insert into picture (spot_id, url, picture_id) values (NULL, 'java.io.StringReader@2571821a', 1973);
2022-10-10 13:48:04.565  INFO 3923 --- [    Test worker] p6spy                                    : #1665377284565 | took 0ms | statement | connection 24| url jdbc:h2:mem:6a3784ae-1aa6-4bbf-b617-4d4aeabcc2af
insert into picture (spot_id, url, picture_id) values (?, ?, ?)
insert into picture (spot_id, url, picture_id) values (NULL, 'java.io.StringReader@75c2692b', 1974);
2022-10-10 13:48:04.565  INFO 3923 --- [    Test worker] p6spy                                    : #1665377284565 | took 0ms | statement | connection 24| url jdbc:h2:mem:6a3784ae-1aa6-4bbf-b617-4d4aeabcc2af
insert into picture (spot_id, url, picture_id) values (?, ?, ?)
insert into picture (spot_id, url, picture_id) values (NULL, 'java.io.StringReader@29c1faac', 1975);
2022-10-10 13:48:04.565  INFO 3923 --- [    Test worker] p6spy                                    : #1665377284565 | took 0ms | statement | connection 24| url jdbc:h2:mem:6a3784ae-1aa6-4bbf-b617-4d4aeabcc2af
insert into spot (address, description, location, name, score_id, spot_id) values (?, ?, ?, ?, ?, ?)
insert into spot (address, description, location, name, score_id, spot_id) values (NULL, NULL, 'Andeok_myeon', NULL, 480, 546);
2022-10-10 13:48:04.565  INFO 3923 --- [    Test worker] p6spy                                    : #1665377284565 | took 0ms | statement | connection 24| url jdbc:h2:mem:6a3784ae-1aa6-4bbf-b617-4d4aeabcc2af
insert into member_spot (member_id, score, spot_id, member_spot_id) values (?, ?, ?, ?)
insert into member_spot (member_id, score, spot_id, member_spot_id) values (16, 0.0, 546, 1976);
2022-10-10 13:48:04.565  INFO 3923 --- [    Test worker] p6spy                                    : #1665377284565 | took 0ms | statement | connection 24| url jdbc:h2:mem:6a3784ae-1aa6-4bbf-b617-4d4aeabcc2af
insert into review (content, spot_id, review_id) values (?, ?, ?)
insert into review (content, spot_id, review_id) values ('java.io.StringReader@2a2e7083', 469, 482);
2022-10-10 13:48:04.565  INFO 3923 --- [    Test worker] p6spy                                    : #1665377284565 | took 0ms | statement | connection 24| url jdbc:h2:mem:6a3784ae-1aa6-4bbf-b617-4d4aeabcc2af
insert into score (facility_rank, facility_score, price_rank, price_score, rank_average, surround_rank, surround_score, view_rank, view_score, score_id) values (?, ?, ?, ?, ?, ?, ?, ?, ?, ?)
insert into score (facility_rank, facility_score, price_rank, price_score, rank_average, surround_rank, surround_score, view_rank, view_score, score_id) values (5.356109110013984, 0.9611781659547569, 6.362701141800301, 0.8879715434782698, 7.628107406025492, 6.952469513891712, 1.477600826147799, 3.5790424989955874, 7.797840551803464, 481);
2022-10-10 13:48:04.565  INFO 3923 --- [    Test worker] p6spy                                    : #1665377284565 | took 0ms | statement | connection 24| url jdbc:h2:mem:6a3784ae-1aa6-4bbf-b617-4d4aeabcc2af
insert into picture (spot_id, url, picture_id) values (?, ?, ?)
insert into picture (spot_id, url, picture_id) values (NULL, 'java.io.StringReader@691c6395', 1977);
2022-10-10 13:48:04.565  INFO 3923 --- [    Test worker] p6spy                                    : #1665377284565 | took 0ms | statement | connection 24| url jdbc:h2:mem:6a3784ae-1aa6-4bbf-b617-4d4aeabcc2af
insert into picture (spot_id, url, picture_id) values (?, ?, ?)
insert into picture (spot_id, url, picture_id) values (NULL, 'java.io.StringReader@76128ab5', 1978);
2022-10-10 13:48:04.565  INFO 3923 --- [    Test worker] p6spy                                    : #1665377284565 | took 0ms | statement | connection 24| url jdbc:h2:mem:6a3784ae-1aa6-4bbf-b617-4d4aeabcc2af
insert into picture (spot_id, url, picture_id) values (?, ?, ?)
insert into picture (spot_id, url, picture_id) values (NULL, 'java.io.StringReader@37b7011e', 1979);
2022-10-10 13:48:04.565  INFO 3923 --- [    Test worker] p6spy                                    : #1665377284565 | took 0ms | statement | connection 24| url jdbc:h2:mem:6a3784ae-1aa6-4bbf-b617-4d4aeabcc2af
insert into spot (address, description, location, name, score_id, spot_id) values (?, ?, ?, ?, ?, ?)
insert into spot (address, description, location, name, score_id, spot_id) values (NULL, NULL, 'Andeok_myeon', NULL, 481, 547);
2022-10-10 13:48:04.565  INFO 3923 --- [    Test worker] p6spy                                    : #1665377284565 | took 0ms | statement | connection 24| url jdbc:h2:mem:6a3784ae-1aa6-4bbf-b617-4d4aeabcc2af
insert into member_spot (member_id, score, spot_id, member_spot_id) values (?, ?, ?, ?)
insert into member_spot (member_id, score, spot_id, member_spot_id) values (16, 0.0, 547, 1980);
2022-10-10 13:48:04.565  INFO 3923 --- [    Test worker] p6spy                                    : #1665377284565 | took 0ms | statement | connection 24| url jdbc:h2:mem:6a3784ae-1aa6-4bbf-b617-4d4aeabcc2af
insert into review (content, spot_id, review_id) values (?, ?, ?)
insert into review (content, spot_id, review_id) values ('java.io.StringReader@556635a9', 469, 483);
2022-10-10 13:48:04.565  INFO 3923 --- [    Test worker] p6spy                                    : #1665377284565 | took 0ms | statement | connection 24| url jdbc:h2:mem:6a3784ae-1aa6-4bbf-b617-4d4aeabcc2af
insert into favorite_spot (count, favorite_id, spot_id, favorite_spot_id) values (?, ?, ?, ?)
insert into favorite_spot (count, favorite_id, spot_id, favorite_spot_id) values (0, 38, 547, 410);
2022-10-10 13:48:04.565  INFO 3923 --- [    Test worker] p6spy                                    : #1665377284565 | took 0ms | statement | connection 24| url jdbc:h2:mem:6a3784ae-1aa6-4bbf-b617-4d4aeabcc2af
insert into score (facility_rank, facility_score, price_rank, price_score, rank_average, surround_rank, surround_score, view_rank, view_score, score_id) values (?, ?, ?, ?, ?, ?, ?, ?, ?, ?)
insert into score (facility_rank, facility_score, price_rank, price_score, rank_average, surround_rank, surround_score, view_rank, view_score, score_id) values (5.958529049945399, 1.2287023850664514, 9.033914664079097, 4.896881079864799, 5.272747468797618, 9.600270581950925, 2.7912833907396326, 5.233748467928738, 7.069748189460045, 482);
2022-10-10 13:48:04.565  INFO 3923 --- [    Test worker] p6spy                                    : #1665377284565 | took 0ms | statement | connection 24| url jdbc:h2:mem:6a3784ae-1aa6-4bbf-b617-4d4aeabcc2af
insert into picture (spot_id, url, picture_id) values (?, ?, ?)
insert into picture (spot_id, url, picture_id) values (NULL, 'java.io.StringReader@5fe6c7c2', 1981);
2022-10-10 13:48:04.565  INFO 3923 --- [    Test worker] p6spy                                    : #1665377284565 | took 0ms | statement | connection 24| url jdbc:h2:mem:6a3784ae-1aa6-4bbf-b617-4d4aeabcc2af
insert into picture (spot_id, url, picture_id) values (?, ?, ?)
insert into picture (spot_id, url, picture_id) values (NULL, 'java.io.StringReader@3ed1118a', 1982);
2022-10-10 13:48:04.565  INFO 3923 --- [    Test worker] p6spy                                    : #1665377284565 | took 0ms | statement | connection 24| url jdbc:h2:mem:6a3784ae-1aa6-4bbf-b617-4d4aeabcc2af
insert into picture (spot_id, url, picture_id) values (?, ?, ?)
insert into picture (spot_id, url, picture_id) values (NULL, 'java.io.StringReader@2b367dc3', 1983);
2022-10-10 13:48:04.565  INFO 3923 --- [    Test worker] p6spy                                    : #1665377284565 | took 0ms | statement | connection 24| url jdbc:h2:mem:6a3784ae-1aa6-4bbf-b617-4d4aeabcc2af
insert into spot (address, description, location, name, score_id, spot_id) values (?, ?, ?, ?, ?, ?)
insert into spot (address, description, location, name, score_id, spot_id) values (NULL, NULL, 'Andeok_myeon', NULL, 482, 548);
2022-10-10 13:48:04.565  INFO 3923 --- [    Test worker] p6spy                                    : #1665377284565 | took 0ms | statement | connection 24| url jdbc:h2:mem:6a3784ae-1aa6-4bbf-b617-4d4aeabcc2af
insert into member_spot (member_id, score, spot_id, member_spot_id) values (?, ?, ?, ?)
insert into member_spot (member_id, score, spot_id, member_spot_id) values (16, 0.0, 548, 1984);
2022-10-10 13:48:04.565  INFO 3923 --- [    Test worker] p6spy                                    : #1665377284565 | took 0ms | statement | connection 24| url jdbc:h2:mem:6a3784ae-1aa6-4bbf-b617-4d4aeabcc2af
insert into review (content, spot_id, review_id) values (?, ?, ?)
insert into review (content, spot_id, review_id) values ('java.io.StringReader@1f1d8f8', 469, 484);
2022-10-10 13:48:04.565  INFO 3923 --- [    Test worker] p6spy                                    : #1665377284565 | took 0ms | statement | connection 24| url jdbc:h2:mem:6a3784ae-1aa6-4bbf-b617-4d4aeabcc2af
insert into score (facility_rank, facility_score, price_rank, price_score, rank_average, surround_rank, surround_score, view_rank, view_score, score_id) values (?, ?, ?, ?, ?, ?, ?, ?, ?, ?)
insert into score (facility_rank, facility_score, price_rank, price_score, rank_average, surround_rank, surround_score, view_rank, view_score, score_id) values (0.7056714976266409, 7.023992230086372, 7.912119235119711, 0.6417261383711481, 8.166949872376868, 5.696626527936069, 3.718037272989406, 1.1233142674067453, 9.070668307308114, 483);
2022-10-10 13:48:04.565  INFO 3923 --- [    Test worker] p6spy                                    : #1665377284565 | took 0ms | statement | connection 24| url jdbc:h2:mem:6a3784ae-1aa6-4bbf-b617-4d4aeabcc2af
insert into picture (spot_id, url, picture_id) values (?, ?, ?)
insert into picture (spot_id, url, picture_id) values (NULL, 'java.io.StringReader@578e869', 1985);
2022-10-10 13:48:04.565  INFO 3923 --- [    Test worker] p6spy                                    : #1665377284565 | took 0ms | statement | connection 24| url jdbc:h2:mem:6a3784ae-1aa6-4bbf-b617-4d4aeabcc2af
insert into picture (spot_id, url, picture_id) values (?, ?, ?)
insert into picture (spot_id, url, picture_id) values (NULL, 'java.io.StringReader@52f12a20', 1986);
2022-10-10 13:48:04.565  INFO 3923 --- [    Test worker] p6spy                                    : #1665377284565 | took 0ms | statement | connection 24| url jdbc:h2:mem:6a3784ae-1aa6-4bbf-b617-4d4aeabcc2af
insert into picture (spot_id, url, picture_id) values (?, ?, ?)
insert into picture (spot_id, url, picture_id) values (NULL, 'java.io.StringReader@2a8e856b', 1987);
2022-10-10 13:48:04.565  INFO 3923 --- [    Test worker] p6spy                                    : #1665377284565 | took 0ms | statement | connection 24| url jdbc:h2:mem:6a3784ae-1aa6-4bbf-b617-4d4aeabcc2af
insert into spot (address, description, location, name, score_id, spot_id) values (?, ?, ?, ?, ?, ?)
insert into spot (address, description, location, name, score_id, spot_id) values (NULL, NULL, 'Andeok_myeon', NULL, 483, 549);
2022-10-10 13:48:04.566  INFO 3923 --- [    Test worker] p6spy                                    : #1665377284566 | took 0ms | statement | connection 24| url jdbc:h2:mem:6a3784ae-1aa6-4bbf-b617-4d4aeabcc2af
insert into member_spot (member_id, score, spot_id, member_spot_id) values (?, ?, ?, ?)
insert into member_spot (member_id, score, spot_id, member_spot_id) values (16, 0.0, 549, 1988);
2022-10-10 13:48:04.566  INFO 3923 --- [    Test worker] p6spy                                    : #1665377284566 | took 0ms | statement | connection 24| url jdbc:h2:mem:6a3784ae-1aa6-4bbf-b617-4d4aeabcc2af
insert into review (content, spot_id, review_id) values (?, ?, ?)
insert into review (content, spot_id, review_id) values ('java.io.StringReader@62ff64ba', 469, 485);
2022-10-10 13:48:04.566  INFO 3923 --- [    Test worker] p6spy                                    : #1665377284566 | took 0ms | statement | connection 24| url jdbc:h2:mem:6a3784ae-1aa6-4bbf-b617-4d4aeabcc2af
insert into favorite_spot (count, favorite_id, spot_id, favorite_spot_id) values (?, ?, ?, ?)
insert into favorite_spot (count, favorite_id, spot_id, favorite_spot_id) values (0, 38, 549, 411);
2022-10-10 13:48:04.566  INFO 3923 --- [    Test worker] p6spy                                    : #1665377284566 | took 0ms | statement | connection 24| url jdbc:h2:mem:6a3784ae-1aa6-4bbf-b617-4d4aeabcc2af
insert into score (facility_rank, facility_score, price_rank, price_score, rank_average, surround_rank, surround_score, view_rank, view_score, score_id) values (?, ?, ?, ?, ?, ?, ?, ?, ?, ?)
insert into score (facility_rank, facility_score, price_rank, price_score, rank_average, surround_rank, surround_score, view_rank, view_score, score_id) values (2.602509776236983, 7.422515109929352, 3.9065818920564412, 7.288842313353065, 2.062835059359114, 1.7079080116523804, 7.244370338972892, 8.206004857782776, 9.081292637681297, 484);
2022-10-10 13:48:04.566  INFO 3923 --- [    Test worker] p6spy                                    : #1665377284566 | took 0ms | statement | connection 24| url jdbc:h2:mem:6a3784ae-1aa6-4bbf-b617-4d4aeabcc2af
insert into picture (spot_id, url, picture_id) values (?, ?, ?)
insert into picture (spot_id, url, picture_id) values (NULL, 'java.io.StringReader@5cb1b1d', 1989);
2022-10-10 13:48:04.566  INFO 3923 --- [    Test worker] p6spy                                    : #1665377284566 | took 0ms | statement | connection 24| url jdbc:h2:mem:6a3784ae-1aa6-4bbf-b617-4d4aeabcc2af
insert into picture (spot_id, url, picture_id) values (?, ?, ?)
insert into picture (spot_id, url, picture_id) values (NULL, 'java.io.StringReader@33f09cbf', 1990);
2022-10-10 13:48:04.566  INFO 3923 --- [    Test worker] p6spy                                    : #1665377284566 | took 0ms | statement | connection 24| url jdbc:h2:mem:6a3784ae-1aa6-4bbf-b617-4d4aeabcc2af
insert into picture (spot_id, url, picture_id) values (?, ?, ?)
insert into picture (spot_id, url, picture_id) values (NULL, 'java.io.StringReader@4fbdc558', 1991);
2022-10-10 13:48:04.566  INFO 3923 --- [    Test worker] p6spy                                    : #1665377284566 | took 0ms | statement | connection 24| url jdbc:h2:mem:6a3784ae-1aa6-4bbf-b617-4d4aeabcc2af
insert into spot (address, description, location, name, score_id, spot_id) values (?, ?, ?, ?, ?, ?)
insert into spot (address, description, location, name, score_id, spot_id) values (NULL, NULL, 'Andeok_myeon', NULL, 484, 550);
2022-10-10 13:48:04.566  INFO 3923 --- [    Test worker] p6spy                                    : #1665377284566 | took 0ms | statement | connection 24| url jdbc:h2:mem:6a3784ae-1aa6-4bbf-b617-4d4aeabcc2af
insert into member_spot (member_id, score, spot_id, member_spot_id) values (?, ?, ?, ?)
insert into member_spot (member_id, score, spot_id, member_spot_id) values (16, 0.0, 550, 1992);
2022-10-10 13:48:04.566  INFO 3923 --- [    Test worker] p6spy                                    : #1665377284566 | took 0ms | statement | connection 24| url jdbc:h2:mem:6a3784ae-1aa6-4bbf-b617-4d4aeabcc2af
insert into review (content, spot_id, review_id) values (?, ?, ?)
insert into review (content, spot_id, review_id) values ('java.io.StringReader@1f772775', 469, 486);
2022-10-10 13:48:04.566  INFO 3923 --- [    Test worker] p6spy                                    : #1665377284566 | took 0ms | statement | connection 24| url jdbc:h2:mem:6a3784ae-1aa6-4bbf-b617-4d4aeabcc2af
insert into score (facility_rank, facility_score, price_rank, price_score, rank_average, surround_rank, surround_score, view_rank, view_score, score_id) values (?, ?, ?, ?, ?, ?, ?, ?, ?, ?)
insert into score (facility_rank, facility_score, price_rank, price_score, rank_average, surround_rank, surround_score, view_rank, view_score, score_id) values (8.202808437282622, 7.297988550265018, 6.317520779720084, 1.8059396953686624, 8.842696678113759, 6.11292955232879, 5.811998821644026, 7.795756542496269, 3.4329466116129783, 485);
2022-10-10 13:48:04.566  INFO 3923 --- [    Test worker] p6spy                                    : #1665377284566 | took 0ms | statement | connection 24| url jdbc:h2:mem:6a3784ae-1aa6-4bbf-b617-4d4aeabcc2af
insert into picture (spot_id, url, picture_id) values (?, ?, ?)
insert into picture (spot_id, url, picture_id) values (NULL, 'java.io.StringReader@5f832a1', 1993);
2022-10-10 13:48:04.566  INFO 3923 --- [    Test worker] p6spy                                    : #1665377284566 | took 0ms | statement | connection 24| url jdbc:h2:mem:6a3784ae-1aa6-4bbf-b617-4d4aeabcc2af
insert into picture (spot_id, url, picture_id) values (?, ?, ?)
insert into picture (spot_id, url, picture_id) values (NULL, 'java.io.StringReader@4d088fd3', 1994);
2022-10-10 13:48:04.566  INFO 3923 --- [    Test worker] p6spy                                    : #1665377284566 | took 0ms | statement | connection 24| url jdbc:h2:mem:6a3784ae-1aa6-4bbf-b617-4d4aeabcc2af
insert into picture (spot_id, url, picture_id) values (?, ?, ?)
insert into picture (spot_id, url, picture_id) values (NULL, 'java.io.StringReader@2e478638', 1995);
2022-10-10 13:48:04.566  INFO 3923 --- [    Test worker] p6spy                                    : #1665377284566 | took 0ms | statement | connection 24| url jdbc:h2:mem:6a3784ae-1aa6-4bbf-b617-4d4aeabcc2af
insert into spot (address, description, location, name, score_id, spot_id) values (?, ?, ?, ?, ?, ?)
insert into spot (address, description, location, name, score_id, spot_id) values (NULL, NULL, 'Andeok_myeon', NULL, 485, 551);
2022-10-10 13:48:04.566  INFO 3923 --- [    Test worker] p6spy                                    : #1665377284566 | took 0ms | statement | connection 24| url jdbc:h2:mem:6a3784ae-1aa6-4bbf-b617-4d4aeabcc2af
insert into member_spot (member_id, score, spot_id, member_spot_id) values (?, ?, ?, ?)
insert into member_spot (member_id, score, spot_id, member_spot_id) values (16, 0.0, 551, 1996);
2022-10-10 13:48:04.566  INFO 3923 --- [    Test worker] p6spy                                    : #1665377284566 | took 0ms | statement | connection 24| url jdbc:h2:mem:6a3784ae-1aa6-4bbf-b617-4d4aeabcc2af
insert into review (content, spot_id, review_id) values (?, ?, ?)
insert into review (content, spot_id, review_id) values ('java.io.StringReader@73c2afb3', 469, 487);
2022-10-10 13:48:04.566  INFO 3923 --- [    Test worker] p6spy                                    : #1665377284566 | took 0ms | statement | connection 24| url jdbc:h2:mem:6a3784ae-1aa6-4bbf-b617-4d4aeabcc2af
insert into favorite_spot (count, favorite_id, spot_id, favorite_spot_id) values (?, ?, ?, ?)
insert into favorite_spot (count, favorite_id, spot_id, favorite_spot_id) values (0, 38, 551, 412);
2022-10-10 13:48:04.566  INFO 3923 --- [    Test worker] p6spy                                    : #1665377284566 | took 0ms | statement | connection 24| url jdbc:h2:mem:6a3784ae-1aa6-4bbf-b617-4d4aeabcc2af
insert into score (facility_rank, facility_score, price_rank, price_score, rank_average, surround_rank, surround_score, view_rank, view_score, score_id) values (?, ?, ?, ?, ?, ?, ?, ?, ?, ?)
insert into score (facility_rank, facility_score, price_rank, price_score, rank_average, surround_rank, surround_score, view_rank, view_score, score_id) values (1.457179238817622, 4.806778387004246, 2.4538173776787664, 5.8566668846723555, 2.6450397496857714, 1.207509426932104, 9.601903849905678, 6.590385767477792, 3.901711889987972, 486);
2022-10-10 13:48:04.566  INFO 3923 --- [    Test worker] p6spy                                    : #1665377284566 | took 0ms | statement | connection 24| url jdbc:h2:mem:6a3784ae-1aa6-4bbf-b617-4d4aeabcc2af
insert into picture (spot_id, url, picture_id) values (?, ?, ?)
insert into picture (spot_id, url, picture_id) values (NULL, 'java.io.StringReader@5ff6a65a', 1997);
2022-10-10 13:48:04.566  INFO 3923 --- [    Test worker] p6spy                                    : #1665377284566 | took 0ms | statement | connection 24| url jdbc:h2:mem:6a3784ae-1aa6-4bbf-b617-4d4aeabcc2af
insert into picture (spot_id, url, picture_id) values (?, ?, ?)
insert into picture (spot_id, url, picture_id) values (NULL, 'java.io.StringReader@3361b54c', 1998);
2022-10-10 13:48:04.566  INFO 3923 --- [    Test worker] p6spy                                    : #1665377284566 | took 0ms | statement | connection 24| url jdbc:h2:mem:6a3784ae-1aa6-4bbf-b617-4d4aeabcc2af
insert into picture (spot_id, url, picture_id) values (?, ?, ?)
insert into picture (spot_id, url, picture_id) values (NULL, 'java.io.StringReader@58105ba0', 1999);
2022-10-10 13:48:04.566  INFO 3923 --- [    Test worker] p6spy                                    : #1665377284566 | took 0ms | statement | connection 24| url jdbc:h2:mem:6a3784ae-1aa6-4bbf-b617-4d4aeabcc2af
insert into spot (address, description, location, name, score_id, spot_id) values (?, ?, ?, ?, ?, ?)
insert into spot (address, description, location, name, score_id, spot_id) values (NULL, NULL, 'Andeok_myeon', NULL, 486, 552);
2022-10-10 13:48:04.566  INFO 3923 --- [    Test worker] p6spy                                    : #1665377284566 | took 0ms | statement | connection 24| url jdbc:h2:mem:6a3784ae-1aa6-4bbf-b617-4d4aeabcc2af
insert into member_spot (member_id, score, spot_id, member_spot_id) values (?, ?, ?, ?)
insert into member_spot (member_id, score, spot_id, member_spot_id) values (16, 0.0, 552, 2000);
2022-10-10 13:48:04.566  INFO 3923 --- [    Test worker] p6spy                                    : #1665377284566 | took 0ms | statement | connection 24| url jdbc:h2:mem:6a3784ae-1aa6-4bbf-b617-4d4aeabcc2af
insert into review (content, spot_id, review_id) values (?, ?, ?)
insert into review (content, spot_id, review_id) values ('java.io.StringReader@168f3bbb', 469, 488);
2022-10-10 13:48:04.566  INFO 3923 --- [    Test worker] p6spy                                    : #1665377284566 | took 0ms | statement | connection 24| url jdbc:h2:mem:6a3784ae-1aa6-4bbf-b617-4d4aeabcc2af
insert into score (facility_rank, facility_score, price_rank, price_score, rank_average, surround_rank, surround_score, view_rank, view_score, score_id) values (?, ?, ?, ?, ?, ?, ?, ?, ?, ?)
insert into score (facility_rank, facility_score, price_rank, price_score, rank_average, surround_rank, surround_score, view_rank, view_score, score_id) values (1.3005515483764574, 5.675463328136203, 0.8305627664019877, 9.21316895352512, 4.815077882140821, 4.269160400272671, 5.737665904174767, 2.6453681330772305, 4.611379301709001, 487);
2022-10-10 13:48:04.566  INFO 3923 --- [    Test worker] p6spy                                    : #1665377284566 | took 0ms | statement | connection 24| url jdbc:h2:mem:6a3784ae-1aa6-4bbf-b617-4d4aeabcc2af
insert into picture (spot_id, url, picture_id) values (?, ?, ?)
insert into picture (spot_id, url, picture_id) values (NULL, 'java.io.StringReader@61725d0b', 2001);
2022-10-10 13:48:04.567  INFO 3923 --- [    Test worker] p6spy                                    : #1665377284567 | took 0ms | statement | connection 24| url jdbc:h2:mem:6a3784ae-1aa6-4bbf-b617-4d4aeabcc2af
insert into picture (spot_id, url, picture_id) values (?, ?, ?)
insert into picture (spot_id, url, picture_id) values (NULL, 'java.io.StringReader@50334476', 2002);
2022-10-10 13:48:04.567  INFO 3923 --- [    Test worker] p6spy                                    : #1665377284567 | took 0ms | statement | connection 24| url jdbc:h2:mem:6a3784ae-1aa6-4bbf-b617-4d4aeabcc2af
insert into picture (spot_id, url, picture_id) values (?, ?, ?)
insert into picture (spot_id, url, picture_id) values (NULL, 'java.io.StringReader@4dab3e26', 2003);
2022-10-10 13:48:04.567  INFO 3923 --- [    Test worker] p6spy                                    : #1665377284567 | took 0ms | statement | connection 24| url jdbc:h2:mem:6a3784ae-1aa6-4bbf-b617-4d4aeabcc2af
insert into spot (address, description, location, name, score_id, spot_id) values (?, ?, ?, ?, ?, ?)
insert into spot (address, description, location, name, score_id, spot_id) values (NULL, NULL, 'Andeok_myeon', NULL, 487, 553);
2022-10-10 13:48:04.567  INFO 3923 --- [    Test worker] p6spy                                    : #1665377284567 | took 0ms | statement | connection 24| url jdbc:h2:mem:6a3784ae-1aa6-4bbf-b617-4d4aeabcc2af
insert into member_spot (member_id, score, spot_id, member_spot_id) values (?, ?, ?, ?)
insert into member_spot (member_id, score, spot_id, member_spot_id) values (16, 0.0, 553, 2004);
2022-10-10 13:48:04.567  INFO 3923 --- [    Test worker] p6spy                                    : #1665377284567 | took 0ms | statement | connection 24| url jdbc:h2:mem:6a3784ae-1aa6-4bbf-b617-4d4aeabcc2af
insert into review (content, spot_id, review_id) values (?, ?, ?)
insert into review (content, spot_id, review_id) values ('java.io.StringReader@9831fa9', 469, 489);
2022-10-10 13:48:04.567  INFO 3923 --- [    Test worker] p6spy                                    : #1665377284567 | took 0ms | statement | connection 24| url jdbc:h2:mem:6a3784ae-1aa6-4bbf-b617-4d4aeabcc2af
insert into favorite_spot (count, favorite_id, spot_id, favorite_spot_id) values (?, ?, ?, ?)
insert into favorite_spot (count, favorite_id, spot_id, favorite_spot_id) values (0, 38, 553, 413);
2022-10-10 13:48:04.567  INFO 3923 --- [    Test worker] p6spy                                    : #1665377284567 | took 0ms | statement | connection 24| url jdbc:h2:mem:6a3784ae-1aa6-4bbf-b617-4d4aeabcc2af
insert into score (facility_rank, facility_score, price_rank, price_score, rank_average, surround_rank, surround_score, view_rank, view_score, score_id) values (?, ?, ?, ?, ?, ?, ?, ?, ?, ?)
insert into score (facility_rank, facility_score, price_rank, price_score, rank_average, surround_rank, surround_score, view_rank, view_score, score_id) values (4.788220125113761, 6.385994039263492, 5.914008188218871, 0.4978901981043504, 2.2080604292550774, 6.6767569004288685, 0.9062900191008694, 4.9474470655766245, 7.106308515512106, 488);
2022-10-10 13:48:04.567  INFO 3923 --- [    Test worker] p6spy                                    : #1665377284567 | took 0ms | statement | connection 24| url jdbc:h2:mem:6a3784ae-1aa6-4bbf-b617-4d4aeabcc2af
insert into picture (spot_id, url, picture_id) values (?, ?, ?)
insert into picture (spot_id, url, picture_id) values (NULL, 'java.io.StringReader@ef11f12', 2005);
2022-10-10 13:48:04.567  INFO 3923 --- [    Test worker] p6spy                                    : #1665377284567 | took 0ms | statement | connection 24| url jdbc:h2:mem:6a3784ae-1aa6-4bbf-b617-4d4aeabcc2af
insert into picture (spot_id, url, picture_id) values (?, ?, ?)
insert into picture (spot_id, url, picture_id) values (NULL, 'java.io.StringReader@676b3d4c', 2006);
2022-10-10 13:48:04.567  INFO 3923 --- [    Test worker] p6spy                                    : #1665377284567 | took 0ms | statement | connection 24| url jdbc:h2:mem:6a3784ae-1aa6-4bbf-b617-4d4aeabcc2af
insert into picture (spot_id, url, picture_id) values (?, ?, ?)
insert into picture (spot_id, url, picture_id) values (NULL, 'java.io.StringReader@4624f134', 2007);
2022-10-10 13:48:04.567  INFO 3923 --- [    Test worker] p6spy                                    : #1665377284567 | took 0ms | statement | connection 24| url jdbc:h2:mem:6a3784ae-1aa6-4bbf-b617-4d4aeabcc2af
insert into spot (address, description, location, name, score_id, spot_id) values (?, ?, ?, ?, ?, ?)
insert into spot (address, description, location, name, score_id, spot_id) values (NULL, NULL, 'Andeok_myeon', NULL, 488, 554);
2022-10-10 13:48:04.567  INFO 3923 --- [    Test worker] p6spy                                    : #1665377284567 | took 0ms | statement | connection 24| url jdbc:h2:mem:6a3784ae-1aa6-4bbf-b617-4d4aeabcc2af
insert into member_spot (member_id, score, spot_id, member_spot_id) values (?, ?, ?, ?)
insert into member_spot (member_id, score, spot_id, member_spot_id) values (16, 0.0, 554, 2008);
2022-10-10 13:48:04.567  INFO 3923 --- [    Test worker] p6spy                                    : #1665377284567 | took 0ms | statement | connection 24| url jdbc:h2:mem:6a3784ae-1aa6-4bbf-b617-4d4aeabcc2af
insert into review (content, spot_id, review_id) values (?, ?, ?)
insert into review (content, spot_id, review_id) values ('java.io.StringReader@5fde3b6d', 469, 490);
2022-10-10 13:48:04.567  INFO 3923 --- [    Test worker] p6spy                                    : #1665377284567 | took 0ms | statement | connection 24| url jdbc:h2:mem:6a3784ae-1aa6-4bbf-b617-4d4aeabcc2af
insert into score (facility_rank, facility_score, price_rank, price_score, rank_average, surround_rank, surround_score, view_rank, view_score, score_id) values (?, ?, ?, ?, ?, ?, ?, ?, ?, ?)
insert into score (facility_rank, facility_score, price_rank, price_score, rank_average, surround_rank, surround_score, view_rank, view_score, score_id) values (8.551305557724168, 3.3563184768373953, 3.082135344304776, 7.108067764094689, 1.4179032611346254, 7.456886260843411, 3.4624623003364654, 2.16604995563084, 1.4478323197787102, 489);
2022-10-10 13:48:04.567  INFO 3923 --- [    Test worker] p6spy                                    : #1665377284567 | took 0ms | statement | connection 24| url jdbc:h2:mem:6a3784ae-1aa6-4bbf-b617-4d4aeabcc2af
insert into picture (spot_id, url, picture_id) values (?, ?, ?)
insert into picture (spot_id, url, picture_id) values (NULL, 'java.io.StringReader@6fc4093a', 2009);
2022-10-10 13:48:04.567  INFO 3923 --- [    Test worker] p6spy                                    : #1665377284567 | took 0ms | statement | connection 24| url jdbc:h2:mem:6a3784ae-1aa6-4bbf-b617-4d4aeabcc2af
insert into picture (spot_id, url, picture_id) values (?, ?, ?)
insert into picture (spot_id, url, picture_id) values (NULL, 'java.io.StringReader@7a8ddc9d', 2010);
2022-10-10 13:48:04.567  INFO 3923 --- [    Test worker] p6spy                                    : #1665377284567 | took 0ms | statement | connection 24| url jdbc:h2:mem:6a3784ae-1aa6-4bbf-b617-4d4aeabcc2af
insert into picture (spot_id, url, picture_id) values (?, ?, ?)
insert into picture (spot_id, url, picture_id) values (NULL, 'java.io.StringReader@5adc5b3a', 2011);
2022-10-10 13:48:04.567  INFO 3923 --- [    Test worker] p6spy                                    : #1665377284567 | took 0ms | statement | connection 24| url jdbc:h2:mem:6a3784ae-1aa6-4bbf-b617-4d4aeabcc2af
insert into spot (address, description, location, name, score_id, spot_id) values (?, ?, ?, ?, ?, ?)
insert into spot (address, description, location, name, score_id, spot_id) values (NULL, NULL, 'Andeok_myeon', NULL, 489, 555);
2022-10-10 13:48:04.567  INFO 3923 --- [    Test worker] p6spy                                    : #1665377284567 | took 0ms | statement | connection 24| url jdbc:h2:mem:6a3784ae-1aa6-4bbf-b617-4d4aeabcc2af
insert into member_spot (member_id, score, spot_id, member_spot_id) values (?, ?, ?, ?)
insert into member_spot (member_id, score, spot_id, member_spot_id) values (16, 0.0, 555, 2012);
2022-10-10 13:48:04.567  INFO 3923 --- [    Test worker] p6spy                                    : #1665377284567 | took 0ms | statement | connection 24| url jdbc:h2:mem:6a3784ae-1aa6-4bbf-b617-4d4aeabcc2af
insert into review (content, spot_id, review_id) values (?, ?, ?)
insert into review (content, spot_id, review_id) values ('java.io.StringReader@5871dc87', 469, 491);
2022-10-10 13:48:04.567  INFO 3923 --- [    Test worker] p6spy                                    : #1665377284567 | took 0ms | statement | connection 24| url jdbc:h2:mem:6a3784ae-1aa6-4bbf-b617-4d4aeabcc2af
insert into favorite_spot (count, favorite_id, spot_id, favorite_spot_id) values (?, ?, ?, ?)
insert into favorite_spot (count, favorite_id, spot_id, favorite_spot_id) values (0, 38, 555, 414);
2022-10-10 13:48:04.567  INFO 3923 --- [    Test worker] p6spy                                    : #1665377284567 | took 0ms | statement | connection 24| url jdbc:h2:mem:6a3784ae-1aa6-4bbf-b617-4d4aeabcc2af
insert into score (facility_rank, facility_score, price_rank, price_score, rank_average, surround_rank, surround_score, view_rank, view_score, score_id) values (?, ?, ?, ?, ?, ?, ?, ?, ?, ?)
insert into score (facility_rank, facility_score, price_rank, price_score, rank_average, surround_rank, surround_score, view_rank, view_score, score_id) values (9.590486678423602, 0.2614491644600836, 6.371763634843305, 9.503109265861514, 3.8228666085230003, 9.071107034443976, 2.429077102392184, 4.512053105494223, 1.2214009337205634, 490);
2022-10-10 13:48:04.567  INFO 3923 --- [    Test worker] p6spy                                    : #1665377284567 | took 0ms | statement | connection 24| url jdbc:h2:mem:6a3784ae-1aa6-4bbf-b617-4d4aeabcc2af
insert into picture (spot_id, url, picture_id) values (?, ?, ?)
insert into picture (spot_id, url, picture_id) values (NULL, 'java.io.StringReader@1ee71a77', 2013);
2022-10-10 13:48:04.567  INFO 3923 --- [    Test worker] p6spy                                    : #1665377284567 | took 0ms | statement | connection 24| url jdbc:h2:mem:6a3784ae-1aa6-4bbf-b617-4d4aeabcc2af
insert into picture (spot_id, url, picture_id) values (?, ?, ?)
insert into picture (spot_id, url, picture_id) values (NULL, 'java.io.StringReader@55dfcfc2', 2014);
2022-10-10 13:48:04.567  INFO 3923 --- [    Test worker] p6spy                                    : #1665377284567 | took 0ms | statement | connection 24| url jdbc:h2:mem:6a3784ae-1aa6-4bbf-b617-4d4aeabcc2af
insert into picture (spot_id, url, picture_id) values (?, ?, ?)
insert into picture (spot_id, url, picture_id) values (NULL, 'java.io.StringReader@14674f57', 2015);
2022-10-10 13:48:04.567  INFO 3923 --- [    Test worker] p6spy                                    : #1665377284567 | took 0ms | statement | connection 24| url jdbc:h2:mem:6a3784ae-1aa6-4bbf-b617-4d4aeabcc2af
insert into spot (address, description, location, name, score_id, spot_id) values (?, ?, ?, ?, ?, ?)
insert into spot (address, description, location, name, score_id, spot_id) values (NULL, NULL, 'Andeok_myeon', NULL, 490, 556);
2022-10-10 13:48:04.567  INFO 3923 --- [    Test worker] p6spy                                    : #1665377284567 | took 0ms | statement | connection 24| url jdbc:h2:mem:6a3784ae-1aa6-4bbf-b617-4d4aeabcc2af
insert into member_spot (member_id, score, spot_id, member_spot_id) values (?, ?, ?, ?)
insert into member_spot (member_id, score, spot_id, member_spot_id) values (16, 0.0, 556, 2016);
2022-10-10 13:48:04.567  INFO 3923 --- [    Test worker] p6spy                                    : #1665377284567 | took 0ms | statement | connection 24| url jdbc:h2:mem:6a3784ae-1aa6-4bbf-b617-4d4aeabcc2af
insert into review (content, spot_id, review_id) values (?, ?, ?)
insert into review (content, spot_id, review_id) values ('java.io.StringReader@48b0123a', 469, 492);
2022-10-10 13:48:04.567  INFO 3923 --- [    Test worker] p6spy                                    : #1665377284567 | took 0ms | statement | connection 24| url jdbc:h2:mem:6a3784ae-1aa6-4bbf-b617-4d4aeabcc2af
insert into score (facility_rank, facility_score, price_rank, price_score, rank_average, surround_rank, surround_score, view_rank, view_score, score_id) values (?, ?, ?, ?, ?, ?, ?, ?, ?, ?)
insert into score (facility_rank, facility_score, price_rank, price_score, rank_average, surround_rank, surround_score, view_rank, view_score, score_id) values (1.660863591861148, 5.955992236424526, 9.792135777917997, 2.965961326097548, 7.011459656993413, 8.717295579140528, 1.9833824407339795, 8.149882311130181, 2.506272794341662, 491);
2022-10-10 13:48:04.567  INFO 3923 --- [    Test worker] p6spy                                    : #1665377284567 | took 0ms | statement | connection 24| url jdbc:h2:mem:6a3784ae-1aa6-4bbf-b617-4d4aeabcc2af
insert into picture (spot_id, url, picture_id) values (?, ?, ?)
insert into picture (spot_id, url, picture_id) values (NULL, 'java.io.StringReader@18f845e7', 2017);
2022-10-10 13:48:04.568  INFO 3923 --- [    Test worker] p6spy                                    : #1665377284568 | took 0ms | statement | connection 24| url jdbc:h2:mem:6a3784ae-1aa6-4bbf-b617-4d4aeabcc2af
insert into picture (spot_id, url, picture_id) values (?, ?, ?)
insert into picture (spot_id, url, picture_id) values (NULL, 'java.io.StringReader@4339a2cf', 2018);
2022-10-10 13:48:04.568  INFO 3923 --- [    Test worker] p6spy                                    : #1665377284568 | took 0ms | statement | connection 24| url jdbc:h2:mem:6a3784ae-1aa6-4bbf-b617-4d4aeabcc2af
insert into picture (spot_id, url, picture_id) values (?, ?, ?)
insert into picture (spot_id, url, picture_id) values (NULL, 'java.io.StringReader@6df7fb0c', 2019);
2022-10-10 13:48:04.568  INFO 3923 --- [    Test worker] p6spy                                    : #1665377284568 | took 0ms | statement | connection 24| url jdbc:h2:mem:6a3784ae-1aa6-4bbf-b617-4d4aeabcc2af
insert into spot (address, description, location, name, score_id, spot_id) values (?, ?, ?, ?, ?, ?)
insert into spot (address, description, location, name, score_id, spot_id) values (NULL, NULL, 'Andeok_myeon', NULL, 491, 557);
2022-10-10 13:48:04.568  INFO 3923 --- [    Test worker] p6spy                                    : #1665377284568 | took 0ms | statement | connection 24| url jdbc:h2:mem:6a3784ae-1aa6-4bbf-b617-4d4aeabcc2af
insert into member_spot (member_id, score, spot_id, member_spot_id) values (?, ?, ?, ?)
insert into member_spot (member_id, score, spot_id, member_spot_id) values (16, 0.0, 557, 2020);
2022-10-10 13:48:04.568  INFO 3923 --- [    Test worker] p6spy                                    : #1665377284568 | took 0ms | statement | connection 24| url jdbc:h2:mem:6a3784ae-1aa6-4bbf-b617-4d4aeabcc2af
insert into review (content, spot_id, review_id) values (?, ?, ?)
insert into review (content, spot_id, review_id) values ('java.io.StringReader@40141d77', 469, 493);
2022-10-10 13:48:04.568  INFO 3923 --- [    Test worker] p6spy                                    : #1665377284568 | took 0ms | statement | connection 24| url jdbc:h2:mem:6a3784ae-1aa6-4bbf-b617-4d4aeabcc2af
insert into favorite_spot (count, favorite_id, spot_id, favorite_spot_id) values (?, ?, ?, ?)
insert into favorite_spot (count, favorite_id, spot_id, favorite_spot_id) values (0, 38, 557, 415);
2022-10-10 13:48:04.568  INFO 3923 --- [    Test worker] p6spy                                    : #1665377284568 | took 0ms | statement | connection 24| url jdbc:h2:mem:6a3784ae-1aa6-4bbf-b617-4d4aeabcc2af
insert into score (facility_rank, facility_score, price_rank, price_score, rank_average, surround_rank, surround_score, view_rank, view_score, score_id) values (?, ?, ?, ?, ?, ?, ?, ?, ?, ?)
insert into score (facility_rank, facility_score, price_rank, price_score, rank_average, surround_rank, surround_score, view_rank, view_score, score_id) values (7.700859470067561, 1.965949659758035, 4.661686660287405, 8.022558013274603, 4.176829509285805, 6.288539098828558, 8.298483097645828, 1.1451896155890096, 7.62927636486149, 492);
2022-10-10 13:48:04.568  INFO 3923 --- [    Test worker] p6spy                                    : #1665377284568 | took 0ms | statement | connection 24| url jdbc:h2:mem:6a3784ae-1aa6-4bbf-b617-4d4aeabcc2af
insert into picture (spot_id, url, picture_id) values (?, ?, ?)
insert into picture (spot_id, url, picture_id) values (NULL, 'java.io.StringReader@58886ff9', 2021);
2022-10-10 13:48:04.568  INFO 3923 --- [    Test worker] p6spy                                    : #1665377284568 | took 0ms | statement | connection 24| url jdbc:h2:mem:6a3784ae-1aa6-4bbf-b617-4d4aeabcc2af
insert into picture (spot_id, url, picture_id) values (?, ?, ?)
insert into picture (spot_id, url, picture_id) values (NULL, 'java.io.StringReader@2db0fdb7', 2022);
2022-10-10 13:48:04.568  INFO 3923 --- [    Test worker] p6spy                                    : #1665377284568 | took 0ms | statement | connection 24| url jdbc:h2:mem:6a3784ae-1aa6-4bbf-b617-4d4aeabcc2af
insert into picture (spot_id, url, picture_id) values (?, ?, ?)
insert into picture (spot_id, url, picture_id) values (NULL, 'java.io.StringReader@4344a5', 2023);
2022-10-10 13:48:04.568  INFO 3923 --- [    Test worker] p6spy                                    : #1665377284568 | took 0ms | statement | connection 24| url jdbc:h2:mem:6a3784ae-1aa6-4bbf-b617-4d4aeabcc2af
insert into spot (address, description, location, name, score_id, spot_id) values (?, ?, ?, ?, ?, ?)
insert into spot (address, description, location, name, score_id, spot_id) values (NULL, NULL, 'Andeok_myeon', NULL, 492, 558);
2022-10-10 13:48:04.568  INFO 3923 --- [    Test worker] p6spy                                    : #1665377284568 | took 0ms | statement | connection 24| url jdbc:h2:mem:6a3784ae-1aa6-4bbf-b617-4d4aeabcc2af
insert into member_spot (member_id, score, spot_id, member_spot_id) values (?, ?, ?, ?)
insert into member_spot (member_id, score, spot_id, member_spot_id) values (16, 0.0, 558, 2024);
2022-10-10 13:48:04.568  INFO 3923 --- [    Test worker] p6spy                                    : #1665377284568 | took 0ms | statement | connection 24| url jdbc:h2:mem:6a3784ae-1aa6-4bbf-b617-4d4aeabcc2af
insert into review (content, spot_id, review_id) values (?, ?, ?)
insert into review (content, spot_id, review_id) values ('java.io.StringReader@7abbc708', 469, 494);
2022-10-10 13:48:04.568  INFO 3923 --- [    Test worker] p6spy                                    : #1665377284568 | took 0ms | statement | connection 24| url jdbc:h2:mem:6a3784ae-1aa6-4bbf-b617-4d4aeabcc2af
insert into score (facility_rank, facility_score, price_rank, price_score, rank_average, surround_rank, surround_score, view_rank, view_score, score_id) values (?, ?, ?, ?, ?, ?, ?, ?, ?, ?)
insert into score (facility_rank, facility_score, price_rank, price_score, rank_average, surround_rank, surround_score, view_rank, view_score, score_id) values (0.7780026847619181, 9.804818467446502, 0.1833562971373004, 0.654092291717131, 9.62737135711274, 5.251959819401243, 8.805064247447852, 4.8150284019833824, 1.624600507166185, 493);
2022-10-10 13:48:04.568  INFO 3923 --- [    Test worker] p6spy                                    : #1665377284568 | took 0ms | statement | connection 24| url jdbc:h2:mem:6a3784ae-1aa6-4bbf-b617-4d4aeabcc2af
insert into picture (spot_id, url, picture_id) values (?, ?, ?)
insert into picture (spot_id, url, picture_id) values (NULL, 'java.io.StringReader@765772ae', 2025);
2022-10-10 13:48:04.568  INFO 3923 --- [    Test worker] p6spy                                    : #1665377284568 | took 0ms | statement | connection 24| url jdbc:h2:mem:6a3784ae-1aa6-4bbf-b617-4d4aeabcc2af
insert into picture (spot_id, url, picture_id) values (?, ?, ?)
insert into picture (spot_id, url, picture_id) values (NULL, 'java.io.StringReader@3e2bd4a9', 2026);
2022-10-10 13:48:04.568  INFO 3923 --- [    Test worker] p6spy                                    : #1665377284568 | took 0ms | statement | connection 24| url jdbc:h2:mem:6a3784ae-1aa6-4bbf-b617-4d4aeabcc2af
insert into picture (spot_id, url, picture_id) values (?, ?, ?)
insert into picture (spot_id, url, picture_id) values (NULL, 'java.io.StringReader@4031a213', 2027);
2022-10-10 13:48:04.568  INFO 3923 --- [    Test worker] p6spy                                    : #1665377284568 | took 0ms | statement | connection 24| url jdbc:h2:mem:6a3784ae-1aa6-4bbf-b617-4d4aeabcc2af
insert into spot (address, description, location, name, score_id, spot_id) values (?, ?, ?, ?, ?, ?)
insert into spot (address, description, location, name, score_id, spot_id) values (NULL, NULL, 'Andeok_myeon', NULL, 493, 559);
2022-10-10 13:48:04.568  INFO 3923 --- [    Test worker] p6spy                                    : #1665377284568 | took 0ms | statement | connection 24| url jdbc:h2:mem:6a3784ae-1aa6-4bbf-b617-4d4aeabcc2af
insert into member_spot (member_id, score, spot_id, member_spot_id) values (?, ?, ?, ?)
insert into member_spot (member_id, score, spot_id, member_spot_id) values (16, 0.0, 559, 2028);
2022-10-10 13:48:04.568  INFO 3923 --- [    Test worker] p6spy                                    : #1665377284568 | took 0ms | statement | connection 24| url jdbc:h2:mem:6a3784ae-1aa6-4bbf-b617-4d4aeabcc2af
insert into review (content, spot_id, review_id) values (?, ?, ?)
insert into review (content, spot_id, review_id) values ('java.io.StringReader@2f2bb096', 469, 495);
2022-10-10 13:48:04.568  INFO 3923 --- [    Test worker] p6spy                                    : #1665377284568 | took 0ms | statement | connection 24| url jdbc:h2:mem:6a3784ae-1aa6-4bbf-b617-4d4aeabcc2af
insert into favorite_spot (count, favorite_id, spot_id, favorite_spot_id) values (?, ?, ?, ?)
insert into favorite_spot (count, favorite_id, spot_id, favorite_spot_id) values (0, 38, 559, 416);
2022-10-10 13:48:04.568  INFO 3923 --- [    Test worker] p6spy                                    : #1665377284568 | took 0ms | statement | connection 24| url jdbc:h2:mem:6a3784ae-1aa6-4bbf-b617-4d4aeabcc2af
insert into score (facility_rank, facility_score, price_rank, price_score, rank_average, surround_rank, surround_score, view_rank, view_score, score_id) values (?, ?, ?, ?, ?, ?, ?, ?, ?, ?)
insert into score (facility_rank, facility_score, price_rank, price_score, rank_average, surround_rank, surround_score, view_rank, view_score, score_id) values (3.543588972647812, 4.813244437845249, 7.7170881825265125, 2.9514324960379392, 6.371174081557644, 4.907646631316239, 4.569941342066429, 1.7950480570137528, 4.519646508897769, 494);
2022-10-10 13:48:04.568  INFO 3923 --- [    Test worker] p6spy                                    : #1665377284568 | took 0ms | statement | connection 24| url jdbc:h2:mem:6a3784ae-1aa6-4bbf-b617-4d4aeabcc2af
insert into picture (spot_id, url, picture_id) values (?, ?, ?)
insert into picture (spot_id, url, picture_id) values (NULL, 'java.io.StringReader@73a41de0', 2029);
2022-10-10 13:48:04.568  INFO 3923 --- [    Test worker] p6spy                                    : #1665377284568 | took 0ms | statement | connection 24| url jdbc:h2:mem:6a3784ae-1aa6-4bbf-b617-4d4aeabcc2af
insert into picture (spot_id, url, picture_id) values (?, ?, ?)
insert into picture (spot_id, url, picture_id) values (NULL, 'java.io.StringReader@8c19cff', 2030);
2022-10-10 13:48:04.568  INFO 3923 --- [    Test worker] p6spy                                    : #1665377284568 | took 0ms | statement | connection 24| url jdbc:h2:mem:6a3784ae-1aa6-4bbf-b617-4d4aeabcc2af
insert into picture (spot_id, url, picture_id) values (?, ?, ?)
insert into picture (spot_id, url, picture_id) values (NULL, 'java.io.StringReader@41c7487c', 2031);
2022-10-10 13:48:04.568  INFO 3923 --- [    Test worker] p6spy                                    : #1665377284568 | took 0ms | statement | connection 24| url jdbc:h2:mem:6a3784ae-1aa6-4bbf-b617-4d4aeabcc2af
insert into spot (address, description, location, name, score_id, spot_id) values (?, ?, ?, ?, ?, ?)
insert into spot (address, description, location, name, score_id, spot_id) values (NULL, NULL, 'Andeok_myeon', NULL, 494, 560);
2022-10-10 13:48:04.568  INFO 3923 --- [    Test worker] p6spy                                    : #1665377284568 | took 0ms | statement | connection 24| url jdbc:h2:mem:6a3784ae-1aa6-4bbf-b617-4d4aeabcc2af
insert into member_spot (member_id, score, spot_id, member_spot_id) values (?, ?, ?, ?)
insert into member_spot (member_id, score, spot_id, member_spot_id) values (16, 0.0, 560, 2032);
2022-10-10 13:48:04.568  INFO 3923 --- [    Test worker] p6spy                                    : #1665377284568 | took 0ms | statement | connection 24| url jdbc:h2:mem:6a3784ae-1aa6-4bbf-b617-4d4aeabcc2af
insert into review (content, spot_id, review_id) values (?, ?, ?)
insert into review (content, spot_id, review_id) values ('java.io.StringReader@5859f307', 469, 496);
2022-10-10 13:48:04.568  INFO 3923 --- [    Test worker] p6spy                                    : #1665377284568 | took 0ms | statement | connection 24| url jdbc:h2:mem:6a3784ae-1aa6-4bbf-b617-4d4aeabcc2af
insert into score (facility_rank, facility_score, price_rank, price_score, rank_average, surround_rank, surround_score, view_rank, view_score, score_id) values (?, ?, ?, ?, ?, ?, ?, ?, ?, ?)
insert into score (facility_rank, facility_score, price_rank, price_score, rank_average, surround_rank, surround_score, view_rank, view_score, score_id) values (3.7691650903239617, 1.6111592058405155, 8.193554511623276, 6.8547379072689205, 9.256969060907814, 9.289028178778123, 6.980058773411065, 0.19167475101004472, 2.7422261697812322, 495);
2022-10-10 13:48:04.568  INFO 3923 --- [    Test worker] p6spy                                    : #1665377284568 | took 0ms | statement | connection 24| url jdbc:h2:mem:6a3784ae-1aa6-4bbf-b617-4d4aeabcc2af
insert into picture (spot_id, url, picture_id) values (?, ?, ?)
insert into picture (spot_id, url, picture_id) values (NULL, 'java.io.StringReader@1618f087', 2033);
2022-10-10 13:48:04.568  INFO 3923 --- [    Test worker] p6spy                                    : #1665377284568 | took 0ms | statement | connection 24| url jdbc:h2:mem:6a3784ae-1aa6-4bbf-b617-4d4aeabcc2af
insert into picture (spot_id, url, picture_id) values (?, ?, ?)
insert into picture (spot_id, url, picture_id) values (NULL, 'java.io.StringReader@472d6cdf', 2034);
2022-10-10 13:48:04.569  INFO 3923 --- [    Test worker] p6spy                                    : #1665377284569 | took 0ms | statement | connection 24| url jdbc:h2:mem:6a3784ae-1aa6-4bbf-b617-4d4aeabcc2af
insert into picture (spot_id, url, picture_id) values (?, ?, ?)
insert into picture (spot_id, url, picture_id) values (NULL, 'java.io.StringReader@158315c8', 2035);
2022-10-10 13:48:04.569  INFO 3923 --- [    Test worker] p6spy                                    : #1665377284569 | took 0ms | statement | connection 24| url jdbc:h2:mem:6a3784ae-1aa6-4bbf-b617-4d4aeabcc2af
insert into spot (address, description, location, name, score_id, spot_id) values (?, ?, ?, ?, ?, ?)
insert into spot (address, description, location, name, score_id, spot_id) values (NULL, NULL, 'Andeok_myeon', NULL, 495, 561);
2022-10-10 13:48:04.569  INFO 3923 --- [    Test worker] p6spy                                    : #1665377284569 | took 0ms | statement | connection 24| url jdbc:h2:mem:6a3784ae-1aa6-4bbf-b617-4d4aeabcc2af
insert into member_spot (member_id, score, spot_id, member_spot_id) values (?, ?, ?, ?)
insert into member_spot (member_id, score, spot_id, member_spot_id) values (16, 0.0, 561, 2036);
2022-10-10 13:48:04.569  INFO 3923 --- [    Test worker] p6spy                                    : #1665377284569 | took 0ms | statement | connection 24| url jdbc:h2:mem:6a3784ae-1aa6-4bbf-b617-4d4aeabcc2af
insert into review (content, spot_id, review_id) values (?, ?, ?)
insert into review (content, spot_id, review_id) values ('java.io.StringReader@a3c0a21', 469, 497);
2022-10-10 13:48:04.569  INFO 3923 --- [    Test worker] p6spy                                    : #1665377284569 | took 0ms | statement | connection 24| url jdbc:h2:mem:6a3784ae-1aa6-4bbf-b617-4d4aeabcc2af
insert into favorite_spot (count, favorite_id, spot_id, favorite_spot_id) values (?, ?, ?, ?)
insert into favorite_spot (count, favorite_id, spot_id, favorite_spot_id) values (0, 38, 561, 417);
2022-10-10 13:48:04.569  INFO 3923 --- [    Test worker] p6spy                                    : #1665377284569 | took 0ms | statement | connection 24| url jdbc:h2:mem:6a3784ae-1aa6-4bbf-b617-4d4aeabcc2af
insert into score (facility_rank, facility_score, price_rank, price_score, rank_average, surround_rank, surround_score, view_rank, view_score, score_id) values (?, ?, ?, ?, ?, ?, ?, ?, ?, ?)
insert into score (facility_rank, facility_score, price_rank, price_score, rank_average, surround_rank, surround_score, view_rank, view_score, score_id) values (8.46606575342458, 3.2397581651603358, 0.04394729152567778, 0.4856498390096531, 1.6737821662256847, 1.7271853056551967, 9.771263476762368, 1.9397234211189696, 6.4647410543597905, 496);
2022-10-10 13:48:04.569  INFO 3923 --- [    Test worker] p6spy                                    : #1665377284569 | took 0ms | statement | connection 24| url jdbc:h2:mem:6a3784ae-1aa6-4bbf-b617-4d4aeabcc2af
insert into picture (spot_id, url, picture_id) values (?, ?, ?)
insert into picture (spot_id, url, picture_id) values (NULL, 'java.io.StringReader@2dacbd55', 2037);
2022-10-10 13:48:04.569  INFO 3923 --- [    Test worker] p6spy                                    : #1665377284569 | took 0ms | statement | connection 24| url jdbc:h2:mem:6a3784ae-1aa6-4bbf-b617-4d4aeabcc2af
insert into picture (spot_id, url, picture_id) values (?, ?, ?)
insert into picture (spot_id, url, picture_id) values (NULL, 'java.io.StringReader@51fae493', 2038);
2022-10-10 13:48:04.569  INFO 3923 --- [    Test worker] p6spy                                    : #1665377284569 | took 0ms | statement | connection 24| url jdbc:h2:mem:6a3784ae-1aa6-4bbf-b617-4d4aeabcc2af
insert into picture (spot_id, url, picture_id) values (?, ?, ?)
insert into picture (spot_id, url, picture_id) values (NULL, 'java.io.StringReader@264b5076', 2039);
2022-10-10 13:48:04.569  INFO 3923 --- [    Test worker] p6spy                                    : #1665377284569 | took 0ms | statement | connection 24| url jdbc:h2:mem:6a3784ae-1aa6-4bbf-b617-4d4aeabcc2af
insert into spot (address, description, location, name, score_id, spot_id) values (?, ?, ?, ?, ?, ?)
insert into spot (address, description, location, name, score_id, spot_id) values (NULL, NULL, 'Andeok_myeon', NULL, 496, 562);
2022-10-10 13:48:04.569  INFO 3923 --- [    Test worker] p6spy                                    : #1665377284569 | took 0ms | statement | connection 24| url jdbc:h2:mem:6a3784ae-1aa6-4bbf-b617-4d4aeabcc2af
insert into member_spot (member_id, score, spot_id, member_spot_id) values (?, ?, ?, ?)
insert into member_spot (member_id, score, spot_id, member_spot_id) values (16, 0.0, 562, 2040);
2022-10-10 13:48:04.569  INFO 3923 --- [    Test worker] p6spy                                    : #1665377284569 | took 0ms | statement | connection 24| url jdbc:h2:mem:6a3784ae-1aa6-4bbf-b617-4d4aeabcc2af
insert into review (content, spot_id, review_id) values (?, ?, ?)
insert into review (content, spot_id, review_id) values ('java.io.StringReader@1d1062b9', 469, 498);
2022-10-10 13:48:04.569  INFO 3923 --- [    Test worker] p6spy                                    : #1665377284569 | took 0ms | statement | connection 24| url jdbc:h2:mem:6a3784ae-1aa6-4bbf-b617-4d4aeabcc2af
insert into score (facility_rank, facility_score, price_rank, price_score, rank_average, surround_rank, surround_score, view_rank, view_score, score_id) values (?, ?, ?, ?, ?, ?, ?, ?, ?, ?)
insert into score (facility_rank, facility_score, price_rank, price_score, rank_average, surround_rank, surround_score, view_rank, view_score, score_id) values (6.715060856116773, 5.914587200269366, 2.4381617121462607, 0.378428427330636, 6.070650261390074, 5.0031661723281315, 1.074386393210084, 3.124442276089161, 3.87047981333854, 497);
2022-10-10 13:48:04.569  INFO 3923 --- [    Test worker] p6spy                                    : #1665377284569 | took 0ms | statement | connection 24| url jdbc:h2:mem:6a3784ae-1aa6-4bbf-b617-4d4aeabcc2af
insert into picture (spot_id, url, picture_id) values (?, ?, ?)
insert into picture (spot_id, url, picture_id) values (NULL, 'java.io.StringReader@4f48296c', 2041);
2022-10-10 13:48:04.569  INFO 3923 --- [    Test worker] p6spy                                    : #1665377284569 | took 0ms | statement | connection 24| url jdbc:h2:mem:6a3784ae-1aa6-4bbf-b617-4d4aeabcc2af
insert into picture (spot_id, url, picture_id) values (?, ?, ?)
insert into picture (spot_id, url, picture_id) values (NULL, 'java.io.StringReader@7e8137e8', 2042);
2022-10-10 13:48:04.569  INFO 3923 --- [    Test worker] p6spy                                    : #1665377284569 | took 0ms | statement | connection 24| url jdbc:h2:mem:6a3784ae-1aa6-4bbf-b617-4d4aeabcc2af
insert into picture (spot_id, url, picture_id) values (?, ?, ?)
insert into picture (spot_id, url, picture_id) values (NULL, 'java.io.StringReader@26020a41', 2043);
2022-10-10 13:48:04.569  INFO 3923 --- [    Test worker] p6spy                                    : #1665377284569 | took 0ms | statement | connection 24| url jdbc:h2:mem:6a3784ae-1aa6-4bbf-b617-4d4aeabcc2af
insert into spot (address, description, location, name, score_id, spot_id) values (?, ?, ?, ?, ?, ?)
insert into spot (address, description, location, name, score_id, spot_id) values (NULL, NULL, 'Andeok_myeon', NULL, 497, 563);
2022-10-10 13:48:04.569  INFO 3923 --- [    Test worker] p6spy                                    : #1665377284569 | took 0ms | statement | connection 24| url jdbc:h2:mem:6a3784ae-1aa6-4bbf-b617-4d4aeabcc2af
insert into member_spot (member_id, score, spot_id, member_spot_id) values (?, ?, ?, ?)
insert into member_spot (member_id, score, spot_id, member_spot_id) values (16, 0.0, 563, 2044);
2022-10-10 13:48:04.569  INFO 3923 --- [    Test worker] p6spy                                    : #1665377284569 | took 0ms | statement | connection 24| url jdbc:h2:mem:6a3784ae-1aa6-4bbf-b617-4d4aeabcc2af
insert into review (content, spot_id, review_id) values (?, ?, ?)
insert into review (content, spot_id, review_id) values ('java.io.StringReader@5ee54d21', 469, 499);
2022-10-10 13:48:04.569  INFO 3923 --- [    Test worker] p6spy                                    : #1665377284569 | took 0ms | statement | connection 24| url jdbc:h2:mem:6a3784ae-1aa6-4bbf-b617-4d4aeabcc2af
insert into favorite_spot (count, favorite_id, spot_id, favorite_spot_id) values (?, ?, ?, ?)
insert into favorite_spot (count, favorite_id, spot_id, favorite_spot_id) values (0, 38, 563, 418);
2022-10-10 13:48:04.569  INFO 3923 --- [    Test worker] p6spy                                    : #1665377284569 | took 0ms | statement | connection 24| url jdbc:h2:mem:6a3784ae-1aa6-4bbf-b617-4d4aeabcc2af
insert into score (facility_rank, facility_score, price_rank, price_score, rank_average, surround_rank, surround_score, view_rank, view_score, score_id) values (?, ?, ?, ?, ?, ?, ?, ?, ?, ?)
insert into score (facility_rank, facility_score, price_rank, price_score, rank_average, surround_rank, surround_score, view_rank, view_score, score_id) values (6.548027985888939, 2.8460903060448484, 1.1833622948095646, 9.168012939005912, 3.742203424226248, 7.004455464982228, 8.627437661631115, 7.709171071115235, 0.16984795823511756, 498);
2022-10-10 13:48:04.569  INFO 3923 --- [    Test worker] p6spy                                    : #1665377284569 | took 0ms | statement | connection 24| url jdbc:h2:mem:6a3784ae-1aa6-4bbf-b617-4d4aeabcc2af
insert into picture (spot_id, url, picture_id) values (?, ?, ?)
insert into picture (spot_id, url, picture_id) values (NULL, 'java.io.StringReader@299398c6', 2045);
2022-10-10 13:48:04.569  INFO 3923 --- [    Test worker] p6spy                                    : #1665377284569 | took 0ms | statement | connection 24| url jdbc:h2:mem:6a3784ae-1aa6-4bbf-b617-4d4aeabcc2af
insert into picture (spot_id, url, picture_id) values (?, ?, ?)
insert into picture (spot_id, url, picture_id) values (NULL, 'java.io.StringReader@5751fab1', 2046);
2022-10-10 13:48:04.569  INFO 3923 --- [    Test worker] p6spy                                    : #1665377284569 | took 0ms | statement | connection 24| url jdbc:h2:mem:6a3784ae-1aa6-4bbf-b617-4d4aeabcc2af
insert into picture (spot_id, url, picture_id) values (?, ?, ?)
insert into picture (spot_id, url, picture_id) values (NULL, 'java.io.StringReader@553e7d5b', 2047);
2022-10-10 13:48:04.569  INFO 3923 --- [    Test worker] p6spy                                    : #1665377284569 | took 0ms | statement | connection 24| url jdbc:h2:mem:6a3784ae-1aa6-4bbf-b617-4d4aeabcc2af
insert into spot (address, description, location, name, score_id, spot_id) values (?, ?, ?, ?, ?, ?)
insert into spot (address, description, location, name, score_id, spot_id) values (NULL, NULL, 'Andeok_myeon', NULL, 498, 564);
2022-10-10 13:48:04.569  INFO 3923 --- [    Test worker] p6spy                                    : #1665377284569 | took 0ms | statement | connection 24| url jdbc:h2:mem:6a3784ae-1aa6-4bbf-b617-4d4aeabcc2af
insert into member_spot (member_id, score, spot_id, member_spot_id) values (?, ?, ?, ?)
insert into member_spot (member_id, score, spot_id, member_spot_id) values (16, 0.0, 564, 2048);
2022-10-10 13:48:04.569  INFO 3923 --- [    Test worker] p6spy                                    : #1665377284569 | took 0ms | statement | connection 24| url jdbc:h2:mem:6a3784ae-1aa6-4bbf-b617-4d4aeabcc2af
insert into review (content, spot_id, review_id) values (?, ?, ?)
insert into review (content, spot_id, review_id) values ('java.io.StringReader@55d82795', 469, 500);
2022-10-10 13:48:04.569  INFO 3923 --- [    Test worker] p6spy                                    : #1665377284569 | took 0ms | statement | connection 24| url jdbc:h2:mem:6a3784ae-1aa6-4bbf-b617-4d4aeabcc2af
insert into score (facility_rank, facility_score, price_rank, price_score, rank_average, surround_rank, surround_score, view_rank, view_score, score_id) values (?, ?, ?, ?, ?, ?, ?, ?, ?, ?)
insert into score (facility_rank, facility_score, price_rank, price_score, rank_average, surround_rank, surround_score, view_rank, view_score, score_id) values (1.9544454196892413, 9.408031517375397, 5.324931539100287, 4.9965112272286225, 5.50205970493284, 0.3649604011919272, 5.47933242852657, 4.322850771157159, 9.817219863783537, 499);
2022-10-10 13:48:04.569  INFO 3923 --- [    Test worker] p6spy                                    : #1665377284569 | took 0ms | statement | connection 24| url jdbc:h2:mem:6a3784ae-1aa6-4bbf-b617-4d4aeabcc2af
insert into picture (spot_id, url, picture_id) values (?, ?, ?)
insert into picture (spot_id, url, picture_id) values (NULL, 'java.io.StringReader@7da72ebe', 2049);
2022-10-10 13:48:04.569  INFO 3923 --- [    Test worker] p6spy                                    : #1665377284569 | took 0ms | statement | connection 24| url jdbc:h2:mem:6a3784ae-1aa6-4bbf-b617-4d4aeabcc2af
insert into picture (spot_id, url, picture_id) values (?, ?, ?)
insert into picture (spot_id, url, picture_id) values (NULL, 'java.io.StringReader@53e44718', 2050);
2022-10-10 13:48:04.569  INFO 3923 --- [    Test worker] p6spy                                    : #1665377284569 | took 0ms | statement | connection 24| url jdbc:h2:mem:6a3784ae-1aa6-4bbf-b617-4d4aeabcc2af
insert into picture (spot_id, url, picture_id) values (?, ?, ?)
insert into picture (spot_id, url, picture_id) values (NULL, 'java.io.StringReader@7b3c0d0c', 2051);
2022-10-10 13:48:04.569  INFO 3923 --- [    Test worker] p6spy                                    : #1665377284569 | took 0ms | statement | connection 24| url jdbc:h2:mem:6a3784ae-1aa6-4bbf-b617-4d4aeabcc2af
insert into spot (address, description, location, name, score_id, spot_id) values (?, ?, ?, ?, ?, ?)
insert into spot (address, description, location, name, score_id, spot_id) values (NULL, NULL, 'Andeok_myeon', NULL, 499, 565);
2022-10-10 13:48:04.569  INFO 3923 --- [    Test worker] p6spy                                    : #1665377284569 | took 0ms | statement | connection 24| url jdbc:h2:mem:6a3784ae-1aa6-4bbf-b617-4d4aeabcc2af
insert into member_spot (member_id, score, spot_id, member_spot_id) values (?, ?, ?, ?)
insert into member_spot (member_id, score, spot_id, member_spot_id) values (16, 0.0, 565, 2052);
2022-10-10 13:48:04.569  INFO 3923 --- [    Test worker] p6spy                                    : #1665377284569 | took 0ms | statement | connection 24| url jdbc:h2:mem:6a3784ae-1aa6-4bbf-b617-4d4aeabcc2af
insert into review (content, spot_id, review_id) values (?, ?, ?)
insert into review (content, spot_id, review_id) values ('java.io.StringReader@e9651f4', 469, 501);
2022-10-10 13:48:04.570  INFO 3923 --- [    Test worker] p6spy                                    : #1665377284570 | took 0ms | statement | connection 24| url jdbc:h2:mem:6a3784ae-1aa6-4bbf-b617-4d4aeabcc2af
insert into favorite_spot (count, favorite_id, spot_id, favorite_spot_id) values (?, ?, ?, ?)
insert into favorite_spot (count, favorite_id, spot_id, favorite_spot_id) values (0, 38, 565, 419);
2022-10-10 13:48:04.570  INFO 3923 --- [    Test worker] p6spy                                    : #1665377284570 | took 0ms | statement | connection 24| url jdbc:h2:mem:6a3784ae-1aa6-4bbf-b617-4d4aeabcc2af
insert into score (facility_rank, facility_score, price_rank, price_score, rank_average, surround_rank, surround_score, view_rank, view_score, score_id) values (?, ?, ?, ?, ?, ?, ?, ?, ?, ?)
insert into score (facility_rank, facility_score, price_rank, price_score, rank_average, surround_rank, surround_score, view_rank, view_score, score_id) values (4.812457587803609, 3.9738929801990985, 2.9600950935570634, 7.867585373469957, 4.866575402938622, 3.2826065108182445, 2.096580851915487, 7.5651767159994945, 0.3494502003409683, 500);
2022-10-10 13:48:04.570  INFO 3923 --- [    Test worker] p6spy                                    : #1665377284570 | took 0ms | statement | connection 24| url jdbc:h2:mem:6a3784ae-1aa6-4bbf-b617-4d4aeabcc2af
insert into picture (spot_id, url, picture_id) values (?, ?, ?)
insert into picture (spot_id, url, picture_id) values (NULL, 'java.io.StringReader@4baddfbf', 2053);
2022-10-10 13:48:04.570  INFO 3923 --- [    Test worker] p6spy                                    : #1665377284570 | took 0ms | statement | connection 24| url jdbc:h2:mem:6a3784ae-1aa6-4bbf-b617-4d4aeabcc2af
insert into picture (spot_id, url, picture_id) values (?, ?, ?)
insert into picture (spot_id, url, picture_id) values (NULL, 'java.io.StringReader@222e66f8', 2054);
2022-10-10 13:48:04.570  INFO 3923 --- [    Test worker] p6spy                                    : #1665377284570 | took 0ms | statement | connection 24| url jdbc:h2:mem:6a3784ae-1aa6-4bbf-b617-4d4aeabcc2af
insert into picture (spot_id, url, picture_id) values (?, ?, ?)
insert into picture (spot_id, url, picture_id) values (NULL, 'java.io.StringReader@3d494e91', 2055);
2022-10-10 13:48:04.570  INFO 3923 --- [    Test worker] p6spy                                    : #1665377284570 | took 0ms | statement | connection 24| url jdbc:h2:mem:6a3784ae-1aa6-4bbf-b617-4d4aeabcc2af
insert into spot (address, description, location, name, score_id, spot_id) values (?, ?, ?, ?, ?, ?)
insert into spot (address, description, location, name, score_id, spot_id) values (NULL, NULL, 'Andeok_myeon', NULL, 500, 566);
2022-10-10 13:48:04.570  INFO 3923 --- [    Test worker] p6spy                                    : #1665377284570 | took 0ms | statement | connection 24| url jdbc:h2:mem:6a3784ae-1aa6-4bbf-b617-4d4aeabcc2af
insert into member_spot (member_id, score, spot_id, member_spot_id) values (?, ?, ?, ?)
insert into member_spot (member_id, score, spot_id, member_spot_id) values (16, 0.0, 566, 2056);
2022-10-10 13:48:04.570  INFO 3923 --- [    Test worker] p6spy                                    : #1665377284570 | took 0ms | statement | connection 24| url jdbc:h2:mem:6a3784ae-1aa6-4bbf-b617-4d4aeabcc2af
insert into review (content, spot_id, review_id) values (?, ?, ?)
insert into review (content, spot_id, review_id) values ('java.io.StringReader@12045d72', 469, 502);
2022-10-10 13:48:04.570  INFO 3923 --- [    Test worker] p6spy                                    : #1665377284570 | took 0ms | statement | connection 24| url jdbc:h2:mem:6a3784ae-1aa6-4bbf-b617-4d4aeabcc2af
insert into score (facility_rank, facility_score, price_rank, price_score, rank_average, surround_rank, surround_score, view_rank, view_score, score_id) values (?, ?, ?, ?, ?, ?, ?, ?, ?, ?)
insert into score (facility_rank, facility_score, price_rank, price_score, rank_average, surround_rank, surround_score, view_rank, view_score, score_id) values (6.987055227840361, 6.419868241688612, 1.0072733217547936, 3.0713069382186786, 8.433882440949175, 9.88815278134312, 4.898913146378425, 2.789696608771981, 6.5747203205862625, 501);
2022-10-10 13:48:04.570  INFO 3923 --- [    Test worker] p6spy                                    : #1665377284570 | took 0ms | statement | connection 24| url jdbc:h2:mem:6a3784ae-1aa6-4bbf-b617-4d4aeabcc2af
insert into picture (spot_id, url, picture_id) values (?, ?, ?)
insert into picture (spot_id, url, picture_id) values (NULL, 'java.io.StringReader@5ca37208', 2057);
2022-10-10 13:48:04.570  INFO 3923 --- [    Test worker] p6spy                                    : #1665377284570 | took 0ms | statement | connection 24| url jdbc:h2:mem:6a3784ae-1aa6-4bbf-b617-4d4aeabcc2af
insert into picture (spot_id, url, picture_id) values (?, ?, ?)
insert into picture (spot_id, url, picture_id) values (NULL, 'java.io.StringReader@4942cabd', 2058);
2022-10-10 13:48:04.570  INFO 3923 --- [    Test worker] p6spy                                    : #1665377284570 | took 0ms | statement | connection 24| url jdbc:h2:mem:6a3784ae-1aa6-4bbf-b617-4d4aeabcc2af
insert into picture (spot_id, url, picture_id) values (?, ?, ?)
insert into picture (spot_id, url, picture_id) values (NULL, 'java.io.StringReader@3cd45cb8', 2059);
2022-10-10 13:48:04.570  INFO 3923 --- [    Test worker] p6spy                                    : #1665377284570 | took 0ms | statement | connection 24| url jdbc:h2:mem:6a3784ae-1aa6-4bbf-b617-4d4aeabcc2af
insert into spot (address, description, location, name, score_id, spot_id) values (?, ?, ?, ?, ?, ?)
insert into spot (address, description, location, name, score_id, spot_id) values (NULL, NULL, 'Andeok_myeon', NULL, 501, 567);
2022-10-10 13:48:04.570  INFO 3923 --- [    Test worker] p6spy                                    : #1665377284570 | took 0ms | statement | connection 24| url jdbc:h2:mem:6a3784ae-1aa6-4bbf-b617-4d4aeabcc2af
insert into member_spot (member_id, score, spot_id, member_spot_id) values (?, ?, ?, ?)
insert into member_spot (member_id, score, spot_id, member_spot_id) values (16, 0.0, 567, 2060);
2022-10-10 13:48:04.570  INFO 3923 --- [    Test worker] p6spy                                    : #1665377284570 | took 0ms | statement | connection 24| url jdbc:h2:mem:6a3784ae-1aa6-4bbf-b617-4d4aeabcc2af
insert into review (content, spot_id, review_id) values (?, ?, ?)
insert into review (content, spot_id, review_id) values ('java.io.StringReader@17c8a172', 469, 503);
2022-10-10 13:48:04.570  INFO 3923 --- [    Test worker] p6spy                                    : #1665377284570 | took 0ms | statement | connection 24| url jdbc:h2:mem:6a3784ae-1aa6-4bbf-b617-4d4aeabcc2af
insert into favorite_spot (count, favorite_id, spot_id, favorite_spot_id) values (?, ?, ?, ?)
insert into favorite_spot (count, favorite_id, spot_id, favorite_spot_id) values (0, 38, 567, 420);
2022-10-10 13:48:04.570  INFO 3923 --- [    Test worker] p6spy                                    : #1665377284570 | took 0ms | statement | connection 24| url jdbc:h2:mem:6a3784ae-1aa6-4bbf-b617-4d4aeabcc2af
insert into score (facility_rank, facility_score, price_rank, price_score, rank_average, surround_rank, surround_score, view_rank, view_score, score_id) values (?, ?, ?, ?, ?, ?, ?, ?, ?, ?)
insert into score (facility_rank, facility_score, price_rank, price_score, rank_average, surround_rank, surround_score, view_rank, view_score, score_id) values (3.991860922654177, 3.976193564277671, 6.815294268601707, 2.358693247575123, 4.461885946929448, 8.050060154724843, 0.817636697306352, 2.64534720611177, 5.136231457625864, 502);
2022-10-10 13:48:04.570  INFO 3923 --- [    Test worker] p6spy                                    : #1665377284570 | took 0ms | statement | connection 24| url jdbc:h2:mem:6a3784ae-1aa6-4bbf-b617-4d4aeabcc2af
insert into picture (spot_id, url, picture_id) values (?, ?, ?)
insert into picture (spot_id, url, picture_id) values (NULL, 'java.io.StringReader@3c0c2776', 2061);
2022-10-10 13:48:04.570  INFO 3923 --- [    Test worker] p6spy                                    : #1665377284570 | took 0ms | statement | connection 24| url jdbc:h2:mem:6a3784ae-1aa6-4bbf-b617-4d4aeabcc2af
insert into picture (spot_id, url, picture_id) values (?, ?, ?)
insert into picture (spot_id, url, picture_id) values (NULL, 'java.io.StringReader@68fed1ff', 2062);
2022-10-10 13:48:04.570  INFO 3923 --- [    Test worker] p6spy                                    : #1665377284570 | took 0ms | statement | connection 24| url jdbc:h2:mem:6a3784ae-1aa6-4bbf-b617-4d4aeabcc2af
insert into picture (spot_id, url, picture_id) values (?, ?, ?)
insert into picture (spot_id, url, picture_id) values (NULL, 'java.io.StringReader@47331e0b', 2063);
2022-10-10 13:48:04.570  INFO 3923 --- [    Test worker] p6spy                                    : #1665377284570 | took 0ms | statement | connection 24| url jdbc:h2:mem:6a3784ae-1aa6-4bbf-b617-4d4aeabcc2af
insert into spot (address, description, location, name, score_id, spot_id) values (?, ?, ?, ?, ?, ?)
insert into spot (address, description, location, name, score_id, spot_id) values (NULL, NULL, 'Andeok_myeon', NULL, 502, 568);
2022-10-10 13:48:04.570  INFO 3923 --- [    Test worker] p6spy                                    : #1665377284570 | took 0ms | statement | connection 24| url jdbc:h2:mem:6a3784ae-1aa6-4bbf-b617-4d4aeabcc2af
insert into member_spot (member_id, score, spot_id, member_spot_id) values (?, ?, ?, ?)
insert into member_spot (member_id, score, spot_id, member_spot_id) values (16, 0.0, 568, 2064);
2022-10-10 13:48:04.570  INFO 3923 --- [    Test worker] p6spy                                    : #1665377284570 | took 0ms | statement | connection 24| url jdbc:h2:mem:6a3784ae-1aa6-4bbf-b617-4d4aeabcc2af
insert into review (content, spot_id, review_id) values (?, ?, ?)
insert into review (content, spot_id, review_id) values ('java.io.StringReader@5ecf2f06', 469, 504);
2022-10-10 13:48:04.570  INFO 3923 --- [    Test worker] p6spy                                    : #1665377284570 | took 0ms | statement | connection 24| url jdbc:h2:mem:6a3784ae-1aa6-4bbf-b617-4d4aeabcc2af
update picture set spot_id=?, url=? where picture_id=?
update picture set spot_id=469, url='java.io.StringReader@2dafce1c' where picture_id=1665;
2022-10-10 13:48:04.570  INFO 3923 --- [    Test worker] p6spy                                    : #1665377284570 | took 0ms | statement | connection 24| url jdbc:h2:mem:6a3784ae-1aa6-4bbf-b617-4d4aeabcc2af
update picture set spot_id=?, url=? where picture_id=?
update picture set spot_id=469, url='java.io.StringReader@646b4d24' where picture_id=1666;
2022-10-10 13:48:04.570  INFO 3923 --- [    Test worker] p6spy                                    : #1665377284570 | took 0ms | statement | connection 24| url jdbc:h2:mem:6a3784ae-1aa6-4bbf-b617-4d4aeabcc2af
update picture set spot_id=?, url=? where picture_id=?
update picture set spot_id=469, url='java.io.StringReader@715c296e' where picture_id=1667;
2022-10-10 13:48:04.570  INFO 3923 --- [    Test worker] p6spy                                    : #1665377284570 | took 0ms | statement | connection 24| url jdbc:h2:mem:6a3784ae-1aa6-4bbf-b617-4d4aeabcc2af
update picture set spot_id=?, url=? where picture_id=?
update picture set spot_id=470, url='java.io.StringReader@2a6ccd18' where picture_id=1669;
2022-10-10 13:48:04.571  INFO 3923 --- [    Test worker] p6spy                                    : #1665377284571 | took 0ms | statement | connection 24| url jdbc:h2:mem:6a3784ae-1aa6-4bbf-b617-4d4aeabcc2af
update picture set spot_id=?, url=? where picture_id=?
update picture set spot_id=470, url='java.io.StringReader@79cff8ab' where picture_id=1670;
2022-10-10 13:48:04.571  INFO 3923 --- [    Test worker] p6spy                                    : #1665377284571 | took 0ms | statement | connection 24| url jdbc:h2:mem:6a3784ae-1aa6-4bbf-b617-4d4aeabcc2af
update picture set spot_id=?, url=? where picture_id=?
update picture set spot_id=470, url='java.io.StringReader@62702965' where picture_id=1671;
2022-10-10 13:48:04.571  INFO 3923 --- [    Test worker] p6spy                                    : #1665377284571 | took 0ms | statement | connection 24| url jdbc:h2:mem:6a3784ae-1aa6-4bbf-b617-4d4aeabcc2af
update picture set spot_id=?, url=? where picture_id=?
update picture set spot_id=471, url='java.io.StringReader@529e7f5d' where picture_id=1673;
2022-10-10 13:48:04.571  INFO 3923 --- [    Test worker] p6spy                                    : #1665377284571 | took 0ms | statement | connection 24| url jdbc:h2:mem:6a3784ae-1aa6-4bbf-b617-4d4aeabcc2af
update picture set spot_id=?, url=? where picture_id=?
update picture set spot_id=471, url='java.io.StringReader@251e231' where picture_id=1674;
2022-10-10 13:48:04.571  INFO 3923 --- [    Test worker] p6spy                                    : #1665377284571 | took 0ms | statement | connection 24| url jdbc:h2:mem:6a3784ae-1aa6-4bbf-b617-4d4aeabcc2af
update picture set spot_id=?, url=? where picture_id=?
update picture set spot_id=471, url='java.io.StringReader@1fb6a13a' where picture_id=1675;
2022-10-10 13:48:04.571  INFO 3923 --- [    Test worker] p6spy                                    : #1665377284571 | took 0ms | statement | connection 24| url jdbc:h2:mem:6a3784ae-1aa6-4bbf-b617-4d4aeabcc2af
update picture set spot_id=?, url=? where picture_id=?
update picture set spot_id=472, url='java.io.StringReader@30572696' where picture_id=1677;
2022-10-10 13:48:04.571  INFO 3923 --- [    Test worker] p6spy                                    : #1665377284571 | took 0ms | statement | connection 24| url jdbc:h2:mem:6a3784ae-1aa6-4bbf-b617-4d4aeabcc2af
update picture set spot_id=?, url=? where picture_id=?
update picture set spot_id=472, url='java.io.StringReader@3f272139' where picture_id=1678;
2022-10-10 13:48:04.571  INFO 3923 --- [    Test worker] p6spy                                    : #1665377284571 | took 0ms | statement | connection 24| url jdbc:h2:mem:6a3784ae-1aa6-4bbf-b617-4d4aeabcc2af
update picture set spot_id=?, url=? where picture_id=?
update picture set spot_id=472, url='java.io.StringReader@45ad3138' where picture_id=1679;
2022-10-10 13:48:04.571  INFO 3923 --- [    Test worker] p6spy                                    : #1665377284571 | took 0ms | statement | connection 24| url jdbc:h2:mem:6a3784ae-1aa6-4bbf-b617-4d4aeabcc2af
update picture set spot_id=?, url=? where picture_id=?
update picture set spot_id=473, url='java.io.StringReader@28d97690' where picture_id=1681;
2022-10-10 13:48:04.571  INFO 3923 --- [    Test worker] p6spy                                    : #1665377284571 | took 0ms | statement | connection 24| url jdbc:h2:mem:6a3784ae-1aa6-4bbf-b617-4d4aeabcc2af
update picture set spot_id=?, url=? where picture_id=?
update picture set spot_id=473, url='java.io.StringReader@629808fc' where picture_id=1682;
2022-10-10 13:48:04.571  INFO 3923 --- [    Test worker] p6spy                                    : #1665377284571 | took 0ms | statement | connection 24| url jdbc:h2:mem:6a3784ae-1aa6-4bbf-b617-4d4aeabcc2af
update picture set spot_id=?, url=? where picture_id=?
update picture set spot_id=473, url='java.io.StringReader@4e1c2a55' where picture_id=1683;
2022-10-10 13:48:04.571  INFO 3923 --- [    Test worker] p6spy                                    : #1665377284571 | took 0ms | statement | connection 24| url jdbc:h2:mem:6a3784ae-1aa6-4bbf-b617-4d4aeabcc2af
update picture set spot_id=?, url=? where picture_id=?
update picture set spot_id=474, url='java.io.StringReader@64863d21' where picture_id=1685;
2022-10-10 13:48:04.571  INFO 3923 --- [    Test worker] p6spy                                    : #1665377284571 | took 0ms | statement | connection 24| url jdbc:h2:mem:6a3784ae-1aa6-4bbf-b617-4d4aeabcc2af
update picture set spot_id=?, url=? where picture_id=?
update picture set spot_id=474, url='java.io.StringReader@66233976' where picture_id=1686;
2022-10-10 13:48:04.571  INFO 3923 --- [    Test worker] p6spy                                    : #1665377284571 | took 0ms | statement | connection 24| url jdbc:h2:mem:6a3784ae-1aa6-4bbf-b617-4d4aeabcc2af
update picture set spot_id=?, url=? where picture_id=?
update picture set spot_id=474, url='java.io.StringReader@7c7d3581' where picture_id=1687;
2022-10-10 13:48:04.571  INFO 3923 --- [    Test worker] p6spy                                    : #1665377284571 | took 0ms | statement | connection 24| url jdbc:h2:mem:6a3784ae-1aa6-4bbf-b617-4d4aeabcc2af
update picture set spot_id=?, url=? where picture_id=?
update picture set spot_id=475, url='java.io.StringReader@10663a96' where picture_id=1689;
2022-10-10 13:48:04.571  INFO 3923 --- [    Test worker] p6spy                                    : #1665377284571 | took 0ms | statement | connection 24| url jdbc:h2:mem:6a3784ae-1aa6-4bbf-b617-4d4aeabcc2af
update picture set spot_id=?, url=? where picture_id=?
update picture set spot_id=475, url='java.io.StringReader@6f886e9b' where picture_id=1690;
2022-10-10 13:48:04.571  INFO 3923 --- [    Test worker] p6spy                                    : #1665377284571 | took 0ms | statement | connection 24| url jdbc:h2:mem:6a3784ae-1aa6-4bbf-b617-4d4aeabcc2af
update picture set spot_id=?, url=? where picture_id=?
update picture set spot_id=475, url='java.io.StringReader@ee76143' where picture_id=1691;
2022-10-10 13:48:04.571  INFO 3923 --- [    Test worker] p6spy                                    : #1665377284571 | took 0ms | statement | connection 24| url jdbc:h2:mem:6a3784ae-1aa6-4bbf-b617-4d4aeabcc2af
update picture set spot_id=?, url=? where picture_id=?
update picture set spot_id=476, url='java.io.StringReader@5dea04f' where picture_id=1693;
2022-10-10 13:48:04.571  INFO 3923 --- [    Test worker] p6spy                                    : #1665377284571 | took 0ms | statement | connection 24| url jdbc:h2:mem:6a3784ae-1aa6-4bbf-b617-4d4aeabcc2af
update picture set spot_id=?, url=? where picture_id=?
update picture set spot_id=476, url='java.io.StringReader@13d664e7' where picture_id=1694;
2022-10-10 13:48:04.571  INFO 3923 --- [    Test worker] p6spy                                    : #1665377284571 | took 0ms | statement | connection 24| url jdbc:h2:mem:6a3784ae-1aa6-4bbf-b617-4d4aeabcc2af
update picture set spot_id=?, url=? where picture_id=?
update picture set spot_id=476, url='java.io.StringReader@de6094d' where picture_id=1695;
2022-10-10 13:48:04.571  INFO 3923 --- [    Test worker] p6spy                                    : #1665377284571 | took 0ms | statement | connection 24| url jdbc:h2:mem:6a3784ae-1aa6-4bbf-b617-4d4aeabcc2af
update picture set spot_id=?, url=? where picture_id=?
update picture set spot_id=477, url='java.io.StringReader@2b03242f' where picture_id=1697;
2022-10-10 13:48:04.571  INFO 3923 --- [    Test worker] p6spy                                    : #1665377284571 | took 0ms | statement | connection 24| url jdbc:h2:mem:6a3784ae-1aa6-4bbf-b617-4d4aeabcc2af
update picture set spot_id=?, url=? where picture_id=?
update picture set spot_id=477, url='java.io.StringReader@68a360f0' where picture_id=1698;
2022-10-10 13:48:04.572  INFO 3923 --- [    Test worker] p6spy                                    : #1665377284572 | took 0ms | statement | connection 24| url jdbc:h2:mem:6a3784ae-1aa6-4bbf-b617-4d4aeabcc2af
update picture set spot_id=?, url=? where picture_id=?
update picture set spot_id=477, url='java.io.StringReader@2455bb88' where picture_id=1699;
2022-10-10 13:48:04.572  INFO 3923 --- [    Test worker] p6spy                                    : #1665377284572 | took 0ms | statement | connection 24| url jdbc:h2:mem:6a3784ae-1aa6-4bbf-b617-4d4aeabcc2af
update picture set spot_id=?, url=? where picture_id=?
update picture set spot_id=478, url='java.io.StringReader@6b7f46f6' where picture_id=1701;
2022-10-10 13:48:04.572  INFO 3923 --- [    Test worker] p6spy                                    : #1665377284572 | took 0ms | statement | connection 24| url jdbc:h2:mem:6a3784ae-1aa6-4bbf-b617-4d4aeabcc2af
update picture set spot_id=?, url=? where picture_id=?
update picture set spot_id=478, url='java.io.StringReader@640a4ac1' where picture_id=1702;
2022-10-10 13:48:04.572  INFO 3923 --- [    Test worker] p6spy                                    : #1665377284572 | took 0ms | statement | connection 24| url jdbc:h2:mem:6a3784ae-1aa6-4bbf-b617-4d4aeabcc2af
update picture set spot_id=?, url=? where picture_id=?
update picture set spot_id=478, url='java.io.StringReader@2d388ef6' where picture_id=1703;
2022-10-10 13:48:04.572  INFO 3923 --- [    Test worker] p6spy                                    : #1665377284572 | took 0ms | statement | connection 24| url jdbc:h2:mem:6a3784ae-1aa6-4bbf-b617-4d4aeabcc2af
update picture set spot_id=?, url=? where picture_id=?
update picture set spot_id=479, url='java.io.StringReader@43902ccf' where picture_id=1705;
2022-10-10 13:48:04.572  INFO 3923 --- [    Test worker] p6spy                                    : #1665377284572 | took 0ms | statement | connection 24| url jdbc:h2:mem:6a3784ae-1aa6-4bbf-b617-4d4aeabcc2af
update picture set spot_id=?, url=? where picture_id=?
update picture set spot_id=479, url='java.io.StringReader@18508b3d' where picture_id=1706;
2022-10-10 13:48:04.572  INFO 3923 --- [    Test worker] p6spy                                    : #1665377284572 | took 0ms | statement | connection 24| url jdbc:h2:mem:6a3784ae-1aa6-4bbf-b617-4d4aeabcc2af
update picture set spot_id=?, url=? where picture_id=?
update picture set spot_id=479, url='java.io.StringReader@2878f1d7' where picture_id=1707;
2022-10-10 13:48:04.572  INFO 3923 --- [    Test worker] p6spy                                    : #1665377284572 | took 0ms | statement | connection 24| url jdbc:h2:mem:6a3784ae-1aa6-4bbf-b617-4d4aeabcc2af
update picture set spot_id=?, url=? where picture_id=?
update picture set spot_id=480, url='java.io.StringReader@438aa2d2' where picture_id=1709;
2022-10-10 13:48:04.572  INFO 3923 --- [    Test worker] p6spy                                    : #1665377284572 | took 0ms | statement | connection 24| url jdbc:h2:mem:6a3784ae-1aa6-4bbf-b617-4d4aeabcc2af
update picture set spot_id=?, url=? where picture_id=?
update picture set spot_id=480, url='java.io.StringReader@57409576' where picture_id=1710;
2022-10-10 13:48:04.572  INFO 3923 --- [    Test worker] p6spy                                    : #1665377284572 | took 0ms | statement | connection 24| url jdbc:h2:mem:6a3784ae-1aa6-4bbf-b617-4d4aeabcc2af
update picture set spot_id=?, url=? where picture_id=?
update picture set spot_id=480, url='java.io.StringReader@5b881cae' where picture_id=1711;
2022-10-10 13:48:04.572  INFO 3923 --- [    Test worker] p6spy                                    : #1665377284572 | took 0ms | statement | connection 24| url jdbc:h2:mem:6a3784ae-1aa6-4bbf-b617-4d4aeabcc2af
update picture set spot_id=?, url=? where picture_id=?
update picture set spot_id=481, url='java.io.StringReader@7614f865' where picture_id=1713;
2022-10-10 13:48:04.572  INFO 3923 --- [    Test worker] p6spy                                    : #1665377284572 | took 0ms | statement | connection 24| url jdbc:h2:mem:6a3784ae-1aa6-4bbf-b617-4d4aeabcc2af
update picture set spot_id=?, url=? where picture_id=?
update picture set spot_id=481, url='java.io.StringReader@3f0153ba' where picture_id=1714;
2022-10-10 13:48:04.572  INFO 3923 --- [    Test worker] p6spy                                    : #1665377284572 | took 0ms | statement | connection 24| url jdbc:h2:mem:6a3784ae-1aa6-4bbf-b617-4d4aeabcc2af
update picture set spot_id=?, url=? where picture_id=?
update picture set spot_id=481, url='java.io.StringReader@7e6699cc' where picture_id=1715;
2022-10-10 13:48:04.572  INFO 3923 --- [    Test worker] p6spy                                    : #1665377284572 | took 0ms | statement | connection 24| url jdbc:h2:mem:6a3784ae-1aa6-4bbf-b617-4d4aeabcc2af
update picture set spot_id=?, url=? where picture_id=?
update picture set spot_id=482, url='java.io.StringReader@6e8de64a' where picture_id=1717;
2022-10-10 13:48:04.572  INFO 3923 --- [    Test worker] p6spy                                    : #1665377284572 | took 0ms | statement | connection 24| url jdbc:h2:mem:6a3784ae-1aa6-4bbf-b617-4d4aeabcc2af
update picture set spot_id=?, url=? where picture_id=?
update picture set spot_id=482, url='java.io.StringReader@613b8633' where picture_id=1718;
2022-10-10 13:48:04.572  INFO 3923 --- [    Test worker] p6spy                                    : #1665377284572 | took 0ms | statement | connection 24| url jdbc:h2:mem:6a3784ae-1aa6-4bbf-b617-4d4aeabcc2af
update picture set spot_id=?, url=? where picture_id=?
update picture set spot_id=482, url='java.io.StringReader@715171a4' where picture_id=1719;
2022-10-10 13:48:04.572  INFO 3923 --- [    Test worker] p6spy                                    : #1665377284572 | took 0ms | statement | connection 24| url jdbc:h2:mem:6a3784ae-1aa6-4bbf-b617-4d4aeabcc2af
update picture set spot_id=?, url=? where picture_id=?
update picture set spot_id=483, url='java.io.StringReader@54fe7b8e' where picture_id=1721;
2022-10-10 13:48:04.572  INFO 3923 --- [    Test worker] p6spy                                    : #1665377284572 | took 0ms | statement | connection 24| url jdbc:h2:mem:6a3784ae-1aa6-4bbf-b617-4d4aeabcc2af
update picture set spot_id=?, url=? where picture_id=?
update picture set spot_id=483, url='java.io.StringReader@45507d66' where picture_id=1722;
2022-10-10 13:48:04.572  INFO 3923 --- [    Test worker] p6spy                                    : #1665377284572 | took 0ms | statement | connection 24| url jdbc:h2:mem:6a3784ae-1aa6-4bbf-b617-4d4aeabcc2af
update picture set spot_id=?, url=? where picture_id=?
update picture set spot_id=483, url='java.io.StringReader@5009219' where picture_id=1723;
2022-10-10 13:48:04.572  INFO 3923 --- [    Test worker] p6spy                                    : #1665377284572 | took 0ms | statement | connection 24| url jdbc:h2:mem:6a3784ae-1aa6-4bbf-b617-4d4aeabcc2af
update picture set spot_id=?, url=? where picture_id=?
update picture set spot_id=484, url='java.io.StringReader@5051fe4f' where picture_id=1725;
2022-10-10 13:48:04.572  INFO 3923 --- [    Test worker] p6spy                                    : #1665377284572 | took 0ms | statement | connection 24| url jdbc:h2:mem:6a3784ae-1aa6-4bbf-b617-4d4aeabcc2af
update picture set spot_id=?, url=? where picture_id=?
update picture set spot_id=484, url='java.io.StringReader@5d1557e6' where picture_id=1726;
2022-10-10 13:48:04.572  INFO 3923 --- [    Test worker] p6spy                                    : #1665377284572 | took 0ms | statement | connection 24| url jdbc:h2:mem:6a3784ae-1aa6-4bbf-b617-4d4aeabcc2af
update picture set spot_id=?, url=? where picture_id=?
update picture set spot_id=484, url='java.io.StringReader@5c8b824c' where picture_id=1727;
2022-10-10 13:48:04.572  INFO 3923 --- [    Test worker] p6spy                                    : #1665377284572 | took 0ms | statement | connection 24| url jdbc:h2:mem:6a3784ae-1aa6-4bbf-b617-4d4aeabcc2af
update picture set spot_id=?, url=? where picture_id=?
update picture set spot_id=485, url='java.io.StringReader@59feb691' where picture_id=1729;
2022-10-10 13:48:04.572  INFO 3923 --- [    Test worker] p6spy                                    : #1665377284572 | took 0ms | statement | connection 24| url jdbc:h2:mem:6a3784ae-1aa6-4bbf-b617-4d4aeabcc2af
update picture set spot_id=?, url=? where picture_id=?
update picture set spot_id=485, url='java.io.StringReader@3b4d9b77' where picture_id=1730;
2022-10-10 13:48:04.572  INFO 3923 --- [    Test worker] p6spy                                    : #1665377284572 | took 0ms | statement | connection 24| url jdbc:h2:mem:6a3784ae-1aa6-4bbf-b617-4d4aeabcc2af
update picture set spot_id=?, url=? where picture_id=?
update picture set spot_id=485, url='java.io.StringReader@35674b5a' where picture_id=1731;
2022-10-10 13:48:04.572  INFO 3923 --- [    Test worker] p6spy                                    : #1665377284572 | took 0ms | statement | connection 24| url jdbc:h2:mem:6a3784ae-1aa6-4bbf-b617-4d4aeabcc2af
update picture set spot_id=?, url=? where picture_id=?
update picture set spot_id=486, url='java.io.StringReader@7e87bd7e' where picture_id=1733;
2022-10-10 13:48:04.572  INFO 3923 --- [    Test worker] p6spy                                    : #1665377284572 | took 0ms | statement | connection 24| url jdbc:h2:mem:6a3784ae-1aa6-4bbf-b617-4d4aeabcc2af
update picture set spot_id=?, url=? where picture_id=?
update picture set spot_id=486, url='java.io.StringReader@1485c38d' where picture_id=1734;
2022-10-10 13:48:04.572  INFO 3923 --- [    Test worker] p6spy                                    : #1665377284572 | took 0ms | statement | connection 24| url jdbc:h2:mem:6a3784ae-1aa6-4bbf-b617-4d4aeabcc2af
update picture set spot_id=?, url=? where picture_id=?
update picture set spot_id=486, url='java.io.StringReader@68d72db0' where picture_id=1735;
2022-10-10 13:48:04.572  INFO 3923 --- [    Test worker] p6spy                                    : #1665377284572 | took 0ms | statement | connection 24| url jdbc:h2:mem:6a3784ae-1aa6-4bbf-b617-4d4aeabcc2af
update picture set spot_id=?, url=? where picture_id=?
update picture set spot_id=487, url='java.io.StringReader@499b6ed' where picture_id=1737;
2022-10-10 13:48:04.572  INFO 3923 --- [    Test worker] p6spy                                    : #1665377284572 | took 0ms | statement | connection 24| url jdbc:h2:mem:6a3784ae-1aa6-4bbf-b617-4d4aeabcc2af
update picture set spot_id=?, url=? where picture_id=?
update picture set spot_id=487, url='java.io.StringReader@70b25e9b' where picture_id=1738;
2022-10-10 13:48:04.572  INFO 3923 --- [    Test worker] p6spy                                    : #1665377284572 | took 0ms | statement | connection 24| url jdbc:h2:mem:6a3784ae-1aa6-4bbf-b617-4d4aeabcc2af
update picture set spot_id=?, url=? where picture_id=?
update picture set spot_id=487, url='java.io.StringReader@68dc12d4' where picture_id=1739;
2022-10-10 13:48:04.572  INFO 3923 --- [    Test worker] p6spy                                    : #1665377284572 | took 0ms | statement | connection 24| url jdbc:h2:mem:6a3784ae-1aa6-4bbf-b617-4d4aeabcc2af
update picture set spot_id=?, url=? where picture_id=?
update picture set spot_id=488, url='java.io.StringReader@46c0e65b' where picture_id=1741;
2022-10-10 13:48:04.572  INFO 3923 --- [    Test worker] p6spy                                    : #1665377284572 | took 0ms | statement | connection 24| url jdbc:h2:mem:6a3784ae-1aa6-4bbf-b617-4d4aeabcc2af
update picture set spot_id=?, url=? where picture_id=?
update picture set spot_id=488, url='java.io.StringReader@3625386f' where picture_id=1742;
2022-10-10 13:48:04.573  INFO 3923 --- [    Test worker] p6spy                                    : #1665377284573 | took 0ms | statement | connection 24| url jdbc:h2:mem:6a3784ae-1aa6-4bbf-b617-4d4aeabcc2af
update picture set spot_id=?, url=? where picture_id=?
update picture set spot_id=488, url='java.io.StringReader@598815bc' where picture_id=1743;
2022-10-10 13:48:04.573  INFO 3923 --- [    Test worker] p6spy                                    : #1665377284573 | took 0ms | statement | connection 24| url jdbc:h2:mem:6a3784ae-1aa6-4bbf-b617-4d4aeabcc2af
update picture set spot_id=?, url=? where picture_id=?
update picture set spot_id=489, url='java.io.StringReader@6796beb2' where picture_id=1745;
2022-10-10 13:48:04.573  INFO 3923 --- [    Test worker] p6spy                                    : #1665377284573 | took 0ms | statement | connection 24| url jdbc:h2:mem:6a3784ae-1aa6-4bbf-b617-4d4aeabcc2af
update picture set spot_id=?, url=? where picture_id=?
update picture set spot_id=489, url='java.io.StringReader@4d8c5cba' where picture_id=1746;
2022-10-10 13:48:04.573  INFO 3923 --- [    Test worker] p6spy                                    : #1665377284573 | took 0ms | statement | connection 24| url jdbc:h2:mem:6a3784ae-1aa6-4bbf-b617-4d4aeabcc2af
update picture set spot_id=?, url=? where picture_id=?
update picture set spot_id=489, url='java.io.StringReader@2db53908' where picture_id=1747;
2022-10-10 13:48:04.573  INFO 3923 --- [    Test worker] p6spy                                    : #1665377284573 | took 0ms | statement | connection 24| url jdbc:h2:mem:6a3784ae-1aa6-4bbf-b617-4d4aeabcc2af
update picture set spot_id=?, url=? where picture_id=?
update picture set spot_id=490, url='java.io.StringReader@ec9fc35' where picture_id=1749;
2022-10-10 13:48:04.573  INFO 3923 --- [    Test worker] p6spy                                    : #1665377284573 | took 0ms | statement | connection 24| url jdbc:h2:mem:6a3784ae-1aa6-4bbf-b617-4d4aeabcc2af
update picture set spot_id=?, url=? where picture_id=?
update picture set spot_id=490, url='java.io.StringReader@3ec57b57' where picture_id=1750;
2022-10-10 13:48:04.573  INFO 3923 --- [    Test worker] p6spy                                    : #1665377284573 | took 0ms | statement | connection 24| url jdbc:h2:mem:6a3784ae-1aa6-4bbf-b617-4d4aeabcc2af
update picture set spot_id=?, url=? where picture_id=?
update picture set spot_id=490, url='java.io.StringReader@750b856c' where picture_id=1751;
2022-10-10 13:48:04.573  INFO 3923 --- [    Test worker] p6spy                                    : #1665377284573 | took 0ms | statement | connection 24| url jdbc:h2:mem:6a3784ae-1aa6-4bbf-b617-4d4aeabcc2af
update picture set spot_id=?, url=? where picture_id=?
update picture set spot_id=491, url='java.io.StringReader@799ba6ff' where picture_id=1753;
2022-10-10 13:48:04.573  INFO 3923 --- [    Test worker] p6spy                                    : #1665377284573 | took 0ms | statement | connection 24| url jdbc:h2:mem:6a3784ae-1aa6-4bbf-b617-4d4aeabcc2af
update picture set spot_id=?, url=? where picture_id=?
update picture set spot_id=491, url='java.io.StringReader@49a4c8e' where picture_id=1754;
2022-10-10 13:48:04.573  INFO 3923 --- [    Test worker] p6spy                                    : #1665377284573 | took 0ms | statement | connection 24| url jdbc:h2:mem:6a3784ae-1aa6-4bbf-b617-4d4aeabcc2af
update picture set spot_id=?, url=? where picture_id=?
update picture set spot_id=491, url='java.io.StringReader@20ebab37' where picture_id=1755;
2022-10-10 13:48:04.573  INFO 3923 --- [    Test worker] p6spy                                    : #1665377284573 | took 0ms | statement | connection 24| url jdbc:h2:mem:6a3784ae-1aa6-4bbf-b617-4d4aeabcc2af
update picture set spot_id=?, url=? where picture_id=?
update picture set spot_id=492, url='java.io.StringReader@6a8ca87c' where picture_id=1757;
2022-10-10 13:48:04.573  INFO 3923 --- [    Test worker] p6spy                                    : #1665377284573 | took 0ms | statement | connection 24| url jdbc:h2:mem:6a3784ae-1aa6-4bbf-b617-4d4aeabcc2af
update picture set spot_id=?, url=? where picture_id=?
update picture set spot_id=492, url='java.io.StringReader@6a616446' where picture_id=1758;
2022-10-10 13:48:04.573  INFO 3923 --- [    Test worker] p6spy                                    : #1665377284573 | took 0ms | statement | connection 24| url jdbc:h2:mem:6a3784ae-1aa6-4bbf-b617-4d4aeabcc2af
update picture set spot_id=?, url=? where picture_id=?
update picture set spot_id=492, url='java.io.StringReader@31a4048c' where picture_id=1759;
2022-10-10 13:48:04.573  INFO 3923 --- [    Test worker] p6spy                                    : #1665377284573 | took 0ms | statement | connection 24| url jdbc:h2:mem:6a3784ae-1aa6-4bbf-b617-4d4aeabcc2af
update picture set spot_id=?, url=? where picture_id=?
update picture set spot_id=493, url='java.io.StringReader@466a36d7' where picture_id=1761;
2022-10-10 13:48:04.573  INFO 3923 --- [    Test worker] p6spy                                    : #1665377284573 | took 0ms | statement | connection 24| url jdbc:h2:mem:6a3784ae-1aa6-4bbf-b617-4d4aeabcc2af
update picture set spot_id=?, url=? where picture_id=?
update picture set spot_id=493, url='java.io.StringReader@57966abd' where picture_id=1762;
2022-10-10 13:48:04.573  INFO 3923 --- [    Test worker] p6spy                                    : #1665377284573 | took 0ms | statement | connection 24| url jdbc:h2:mem:6a3784ae-1aa6-4bbf-b617-4d4aeabcc2af
update picture set spot_id=?, url=? where picture_id=?
update picture set spot_id=493, url='java.io.StringReader@230c1ae9' where picture_id=1763;
2022-10-10 13:48:04.573  INFO 3923 --- [    Test worker] p6spy                                    : #1665377284573 | took 0ms | statement | connection 24| url jdbc:h2:mem:6a3784ae-1aa6-4bbf-b617-4d4aeabcc2af
update picture set spot_id=?, url=? where picture_id=?
update picture set spot_id=494, url='java.io.StringReader@76efa553' where picture_id=1765;
2022-10-10 13:48:04.573  INFO 3923 --- [    Test worker] p6spy                                    : #1665377284573 | took 0ms | statement | connection 24| url jdbc:h2:mem:6a3784ae-1aa6-4bbf-b617-4d4aeabcc2af
update picture set spot_id=?, url=? where picture_id=?
update picture set spot_id=494, url='java.io.StringReader@61f1d483' where picture_id=1766;
2022-10-10 13:48:04.573  INFO 3923 --- [    Test worker] p6spy                                    : #1665377284573 | took 0ms | statement | connection 24| url jdbc:h2:mem:6a3784ae-1aa6-4bbf-b617-4d4aeabcc2af
update picture set spot_id=?, url=? where picture_id=?
update picture set spot_id=494, url='java.io.StringReader@45ce4734' where picture_id=1767;
2022-10-10 13:48:04.573  INFO 3923 --- [    Test worker] p6spy                                    : #1665377284573 | took 0ms | statement | connection 24| url jdbc:h2:mem:6a3784ae-1aa6-4bbf-b617-4d4aeabcc2af
update picture set spot_id=?, url=? where picture_id=?
update picture set spot_id=495, url='java.io.StringReader@1ca503e8' where picture_id=1769;
2022-10-10 13:48:04.573  INFO 3923 --- [    Test worker] p6spy                                    : #1665377284573 | took 0ms | statement | connection 24| url jdbc:h2:mem:6a3784ae-1aa6-4bbf-b617-4d4aeabcc2af
update picture set spot_id=?, url=? where picture_id=?
update picture set spot_id=495, url='java.io.StringReader@64a85df6' where picture_id=1770;
2022-10-10 13:48:04.573  INFO 3923 --- [    Test worker] p6spy                                    : #1665377284573 | took 0ms | statement | connection 24| url jdbc:h2:mem:6a3784ae-1aa6-4bbf-b617-4d4aeabcc2af
update picture set spot_id=?, url=? where picture_id=?
update picture set spot_id=495, url='java.io.StringReader@71080e68' where picture_id=1771;
2022-10-10 13:48:04.573  INFO 3923 --- [    Test worker] p6spy                                    : #1665377284573 | took 0ms | statement | connection 24| url jdbc:h2:mem:6a3784ae-1aa6-4bbf-b617-4d4aeabcc2af
update picture set spot_id=?, url=? where picture_id=?
update picture set spot_id=496, url='java.io.StringReader@3e7d458a' where picture_id=1773;
2022-10-10 13:48:04.573  INFO 3923 --- [    Test worker] p6spy                                    : #1665377284573 | took 0ms | statement | connection 24| url jdbc:h2:mem:6a3784ae-1aa6-4bbf-b617-4d4aeabcc2af
update picture set spot_id=?, url=? where picture_id=?
update picture set spot_id=496, url='java.io.StringReader@3b2e426' where picture_id=1774;
2022-10-10 13:48:04.573  INFO 3923 --- [    Test worker] p6spy                                    : #1665377284573 | took 0ms | statement | connection 24| url jdbc:h2:mem:6a3784ae-1aa6-4bbf-b617-4d4aeabcc2af
update picture set spot_id=?, url=? where picture_id=?
update picture set spot_id=496, url='java.io.StringReader@d1171ec' where picture_id=1775;
2022-10-10 13:48:04.573  INFO 3923 --- [    Test worker] p6spy                                    : #1665377284573 | took 0ms | statement | connection 24| url jdbc:h2:mem:6a3784ae-1aa6-4bbf-b617-4d4aeabcc2af
update picture set spot_id=?, url=? where picture_id=?
update picture set spot_id=497, url='java.io.StringReader@38570299' where picture_id=1777;
2022-10-10 13:48:04.573  INFO 3923 --- [    Test worker] p6spy                                    : #1665377284573 | took 0ms | statement | connection 24| url jdbc:h2:mem:6a3784ae-1aa6-4bbf-b617-4d4aeabcc2af
update picture set spot_id=?, url=? where picture_id=?
update picture set spot_id=497, url='java.io.StringReader@6c23465f' where picture_id=1778;
2022-10-10 13:48:04.573  INFO 3923 --- [    Test worker] p6spy                                    : #1665377284573 | took 0ms | statement | connection 24| url jdbc:h2:mem:6a3784ae-1aa6-4bbf-b617-4d4aeabcc2af
update picture set spot_id=?, url=? where picture_id=?
update picture set spot_id=497, url='java.io.StringReader@7d7e4be0' where picture_id=1779;
2022-10-10 13:48:04.573  INFO 3923 --- [    Test worker] p6spy                                    : #1665377284573 | took 0ms | statement | connection 24| url jdbc:h2:mem:6a3784ae-1aa6-4bbf-b617-4d4aeabcc2af
update picture set spot_id=?, url=? where picture_id=?
update picture set spot_id=498, url='java.io.StringReader@34d9d307' where picture_id=1781;
2022-10-10 13:48:04.573  INFO 3923 --- [    Test worker] p6spy                                    : #1665377284573 | took 0ms | statement | connection 24| url jdbc:h2:mem:6a3784ae-1aa6-4bbf-b617-4d4aeabcc2af
update picture set spot_id=?, url=? where picture_id=?
update picture set spot_id=498, url='java.io.StringReader@749ad467' where picture_id=1782;
2022-10-10 13:48:04.574  INFO 3923 --- [    Test worker] p6spy                                    : #1665377284574 | took 0ms | statement | connection 24| url jdbc:h2:mem:6a3784ae-1aa6-4bbf-b617-4d4aeabcc2af
update picture set spot_id=?, url=? where picture_id=?
update picture set spot_id=498, url='java.io.StringReader@1e0b53f6' where picture_id=1783;
2022-10-10 13:48:04.574  INFO 3923 --- [    Test worker] p6spy                                    : #1665377284574 | took 0ms | statement | connection 24| url jdbc:h2:mem:6a3784ae-1aa6-4bbf-b617-4d4aeabcc2af
update picture set spot_id=?, url=? where picture_id=?
update picture set spot_id=499, url='java.io.StringReader@272dba89' where picture_id=1785;
2022-10-10 13:48:04.574  INFO 3923 --- [    Test worker] p6spy                                    : #1665377284574 | took 0ms | statement | connection 24| url jdbc:h2:mem:6a3784ae-1aa6-4bbf-b617-4d4aeabcc2af
update picture set spot_id=?, url=? where picture_id=?
update picture set spot_id=499, url='java.io.StringReader@3725b63' where picture_id=1786;
2022-10-10 13:48:04.574  INFO 3923 --- [    Test worker] p6spy                                    : #1665377284574 | took 0ms | statement | connection 24| url jdbc:h2:mem:6a3784ae-1aa6-4bbf-b617-4d4aeabcc2af
update picture set spot_id=?, url=? where picture_id=?
update picture set spot_id=499, url='java.io.StringReader@4f493bd9' where picture_id=1787;
2022-10-10 13:48:04.574  INFO 3923 --- [    Test worker] p6spy                                    : #1665377284574 | took 0ms | statement | connection 24| url jdbc:h2:mem:6a3784ae-1aa6-4bbf-b617-4d4aeabcc2af
update picture set spot_id=?, url=? where picture_id=?
update picture set spot_id=500, url='java.io.StringReader@62b85e34' where picture_id=1789;
2022-10-10 13:48:04.574  INFO 3923 --- [    Test worker] p6spy                                    : #1665377284574 | took 0ms | statement | connection 24| url jdbc:h2:mem:6a3784ae-1aa6-4bbf-b617-4d4aeabcc2af
update picture set spot_id=?, url=? where picture_id=?
update picture set spot_id=500, url='java.io.StringReader@27576014' where picture_id=1790;
2022-10-10 13:48:04.574  INFO 3923 --- [    Test worker] p6spy                                    : #1665377284574 | took 0ms | statement | connection 24| url jdbc:h2:mem:6a3784ae-1aa6-4bbf-b617-4d4aeabcc2af
update picture set spot_id=?, url=? where picture_id=?
update picture set spot_id=500, url='java.io.StringReader@2aeaedd7' where picture_id=1791;
2022-10-10 13:48:04.574  INFO 3923 --- [    Test worker] p6spy                                    : #1665377284574 | took 0ms | statement | connection 24| url jdbc:h2:mem:6a3784ae-1aa6-4bbf-b617-4d4aeabcc2af
update picture set spot_id=?, url=? where picture_id=?
update picture set spot_id=501, url='java.io.StringReader@5d336403' where picture_id=1793;
2022-10-10 13:48:04.574  INFO 3923 --- [    Test worker] p6spy                                    : #1665377284574 | took 0ms | statement | connection 24| url jdbc:h2:mem:6a3784ae-1aa6-4bbf-b617-4d4aeabcc2af
update picture set spot_id=?, url=? where picture_id=?
update picture set spot_id=501, url='java.io.StringReader@325d2cfe' where picture_id=1794;
2022-10-10 13:48:04.574  INFO 3923 --- [    Test worker] p6spy                                    : #1665377284574 | took 0ms | statement | connection 24| url jdbc:h2:mem:6a3784ae-1aa6-4bbf-b617-4d4aeabcc2af
update picture set spot_id=?, url=? where picture_id=?
update picture set spot_id=501, url='java.io.StringReader@1f91d378' where picture_id=1795;
2022-10-10 13:48:04.574  INFO 3923 --- [    Test worker] p6spy                                    : #1665377284574 | took 0ms | statement | connection 24| url jdbc:h2:mem:6a3784ae-1aa6-4bbf-b617-4d4aeabcc2af
update picture set spot_id=?, url=? where picture_id=?
update picture set spot_id=502, url='java.io.StringReader@2f9c3b84' where picture_id=1797;
2022-10-10 13:48:04.574  INFO 3923 --- [    Test worker] p6spy                                    : #1665377284574 | took 0ms | statement | connection 24| url jdbc:h2:mem:6a3784ae-1aa6-4bbf-b617-4d4aeabcc2af
update picture set spot_id=?, url=? where picture_id=?
update picture set spot_id=502, url='java.io.StringReader@5c0f5789' where picture_id=1798;
2022-10-10 13:48:04.574  INFO 3923 --- [    Test worker] p6spy                                    : #1665377284574 | took 0ms | statement | connection 24| url jdbc:h2:mem:6a3784ae-1aa6-4bbf-b617-4d4aeabcc2af
update picture set spot_id=?, url=? where picture_id=?
update picture set spot_id=502, url='java.io.StringReader@412144f4' where picture_id=1799;
2022-10-10 13:48:04.574  INFO 3923 --- [    Test worker] p6spy                                    : #1665377284574 | took 0ms | statement | connection 24| url jdbc:h2:mem:6a3784ae-1aa6-4bbf-b617-4d4aeabcc2af
update picture set spot_id=?, url=? where picture_id=?
update picture set spot_id=503, url='java.io.StringReader@301ac9bb' where picture_id=1801;
2022-10-10 13:48:04.574  INFO 3923 --- [    Test worker] p6spy                                    : #1665377284574 | took 0ms | statement | connection 24| url jdbc:h2:mem:6a3784ae-1aa6-4bbf-b617-4d4aeabcc2af
update picture set spot_id=?, url=? where picture_id=?
update picture set spot_id=503, url='java.io.StringReader@37b001d8' where picture_id=1802;
2022-10-10 13:48:04.574  INFO 3923 --- [    Test worker] p6spy                                    : #1665377284574 | took 0ms | statement | connection 24| url jdbc:h2:mem:6a3784ae-1aa6-4bbf-b617-4d4aeabcc2af
update picture set spot_id=?, url=? where picture_id=?
update picture set spot_id=503, url='java.io.StringReader@4d3b2117' where picture_id=1803;
2022-10-10 13:48:04.574  INFO 3923 --- [    Test worker] p6spy                                    : #1665377284574 | took 0ms | statement | connection 24| url jdbc:h2:mem:6a3784ae-1aa6-4bbf-b617-4d4aeabcc2af
update picture set spot_id=?, url=? where picture_id=?
update picture set spot_id=504, url='java.io.StringReader@44de4aa1' where picture_id=1805;
2022-10-10 13:48:04.574  INFO 3923 --- [    Test worker] p6spy                                    : #1665377284574 | took 0ms | statement | connection 24| url jdbc:h2:mem:6a3784ae-1aa6-4bbf-b617-4d4aeabcc2af
update picture set spot_id=?, url=? where picture_id=?
update picture set spot_id=504, url='java.io.StringReader@386251be' where picture_id=1806;
2022-10-10 13:48:04.574  INFO 3923 --- [    Test worker] p6spy                                    : #1665377284574 | took 0ms | statement | connection 24| url jdbc:h2:mem:6a3784ae-1aa6-4bbf-b617-4d4aeabcc2af
update picture set spot_id=?, url=? where picture_id=?
update picture set spot_id=504, url='java.io.StringReader@3245932d' where picture_id=1807;
2022-10-10 13:48:04.574  INFO 3923 --- [    Test worker] p6spy                                    : #1665377284574 | took 0ms | statement | connection 24| url jdbc:h2:mem:6a3784ae-1aa6-4bbf-b617-4d4aeabcc2af
update picture set spot_id=?, url=? where picture_id=?
update picture set spot_id=505, url='java.io.StringReader@227e568f' where picture_id=1809;
2022-10-10 13:48:04.574  INFO 3923 --- [    Test worker] p6spy                                    : #1665377284574 | took 0ms | statement | connection 24| url jdbc:h2:mem:6a3784ae-1aa6-4bbf-b617-4d4aeabcc2af
update picture set spot_id=?, url=? where picture_id=?
update picture set spot_id=505, url='java.io.StringReader@5088e345' where picture_id=1810;
2022-10-10 13:48:04.574  INFO 3923 --- [    Test worker] p6spy                                    : #1665377284574 | took 0ms | statement | connection 24| url jdbc:h2:mem:6a3784ae-1aa6-4bbf-b617-4d4aeabcc2af
update picture set spot_id=?, url=? where picture_id=?
update picture set spot_id=505, url='java.io.StringReader@53bb97f3' where picture_id=1811;
2022-10-10 13:48:04.574  INFO 3923 --- [    Test worker] p6spy                                    : #1665377284574 | took 0ms | statement | connection 24| url jdbc:h2:mem:6a3784ae-1aa6-4bbf-b617-4d4aeabcc2af
update picture set spot_id=?, url=? where picture_id=?
update picture set spot_id=506, url='java.io.StringReader@283483ab' where picture_id=1813;
2022-10-10 13:48:04.574  INFO 3923 --- [    Test worker] p6spy                                    : #1665377284574 | took 0ms | statement | connection 24| url jdbc:h2:mem:6a3784ae-1aa6-4bbf-b617-4d4aeabcc2af
update picture set spot_id=?, url=? where picture_id=?
update picture set spot_id=506, url='java.io.StringReader@6b85727c' where picture_id=1814;
2022-10-10 13:48:04.574  INFO 3923 --- [    Test worker] p6spy                                    : #1665377284574 | took 0ms | statement | connection 24| url jdbc:h2:mem:6a3784ae-1aa6-4bbf-b617-4d4aeabcc2af
update picture set spot_id=?, url=? where picture_id=?
update picture set spot_id=506, url='java.io.StringReader@448befa0' where picture_id=1815;
2022-10-10 13:48:04.574  INFO 3923 --- [    Test worker] p6spy                                    : #1665377284574 | took 0ms | statement | connection 24| url jdbc:h2:mem:6a3784ae-1aa6-4bbf-b617-4d4aeabcc2af
update picture set spot_id=?, url=? where picture_id=?
update picture set spot_id=507, url='java.io.StringReader@359a6a1' where picture_id=1817;
2022-10-10 13:48:04.575  INFO 3923 --- [    Test worker] p6spy                                    : #1665377284575 | took 0ms | statement | connection 24| url jdbc:h2:mem:6a3784ae-1aa6-4bbf-b617-4d4aeabcc2af
update picture set spot_id=?, url=? where picture_id=?
update picture set spot_id=507, url='java.io.StringReader@4c8512fe' where picture_id=1818;
2022-10-10 13:48:04.575  INFO 3923 --- [    Test worker] p6spy                                    : #1665377284575 | took 0ms | statement | connection 24| url jdbc:h2:mem:6a3784ae-1aa6-4bbf-b617-4d4aeabcc2af
update picture set spot_id=?, url=? where picture_id=?
update picture set spot_id=507, url='java.io.StringReader@5d132276' where picture_id=1819;
2022-10-10 13:48:04.575  INFO 3923 --- [    Test worker] p6spy                                    : #1665377284575 | took 0ms | statement | connection 24| url jdbc:h2:mem:6a3784ae-1aa6-4bbf-b617-4d4aeabcc2af
update picture set spot_id=?, url=? where picture_id=?
update picture set spot_id=508, url='java.io.StringReader@af82513' where picture_id=1821;
2022-10-10 13:48:04.575  INFO 3923 --- [    Test worker] p6spy                                    : #1665377284575 | took 0ms | statement | connection 24| url jdbc:h2:mem:6a3784ae-1aa6-4bbf-b617-4d4aeabcc2af
update picture set spot_id=?, url=? where picture_id=?
update picture set spot_id=508, url='java.io.StringReader@6b3503da' where picture_id=1822;
2022-10-10 13:48:04.575  INFO 3923 --- [    Test worker] p6spy                                    : #1665377284575 | took 0ms | statement | connection 24| url jdbc:h2:mem:6a3784ae-1aa6-4bbf-b617-4d4aeabcc2af
update picture set spot_id=?, url=? where picture_id=?
update picture set spot_id=508, url='java.io.StringReader@73fd16dc' where picture_id=1823;
2022-10-10 13:48:04.575  INFO 3923 --- [    Test worker] p6spy                                    : #1665377284575 | took 0ms | statement | connection 24| url jdbc:h2:mem:6a3784ae-1aa6-4bbf-b617-4d4aeabcc2af
update picture set spot_id=?, url=? where picture_id=?
update picture set spot_id=509, url='java.io.StringReader@7e39360c' where picture_id=1825;
2022-10-10 13:48:04.575  INFO 3923 --- [    Test worker] p6spy                                    : #1665377284575 | took 0ms | statement | connection 24| url jdbc:h2:mem:6a3784ae-1aa6-4bbf-b617-4d4aeabcc2af
update picture set spot_id=?, url=? where picture_id=?
update picture set spot_id=509, url='java.io.StringReader@587cf600' where picture_id=1826;
2022-10-10 13:48:04.575  INFO 3923 --- [    Test worker] p6spy                                    : #1665377284575 | took 0ms | statement | connection 24| url jdbc:h2:mem:6a3784ae-1aa6-4bbf-b617-4d4aeabcc2af
update picture set spot_id=?, url=? where picture_id=?
update picture set spot_id=509, url='java.io.StringReader@d4e3ce5' where picture_id=1827;
2022-10-10 13:48:04.575  INFO 3923 --- [    Test worker] p6spy                                    : #1665377284575 | took 0ms | statement | connection 24| url jdbc:h2:mem:6a3784ae-1aa6-4bbf-b617-4d4aeabcc2af
update picture set spot_id=?, url=? where picture_id=?
update picture set spot_id=510, url='java.io.StringReader@5cc2cb77' where picture_id=1829;
2022-10-10 13:48:04.575  INFO 3923 --- [    Test worker] p6spy                                    : #1665377284575 | took 0ms | statement | connection 24| url jdbc:h2:mem:6a3784ae-1aa6-4bbf-b617-4d4aeabcc2af
update picture set spot_id=?, url=? where picture_id=?
update picture set spot_id=510, url='java.io.StringReader@dfb3f45' where picture_id=1830;
2022-10-10 13:48:04.575  INFO 3923 --- [    Test worker] p6spy                                    : #1665377284575 | took 0ms | statement | connection 24| url jdbc:h2:mem:6a3784ae-1aa6-4bbf-b617-4d4aeabcc2af
update picture set spot_id=?, url=? where picture_id=?
update picture set spot_id=510, url='java.io.StringReader@569048c9' where picture_id=1831;
2022-10-10 13:48:04.575  INFO 3923 --- [    Test worker] p6spy                                    : #1665377284575 | took 0ms | statement | connection 24| url jdbc:h2:mem:6a3784ae-1aa6-4bbf-b617-4d4aeabcc2af
update picture set spot_id=?, url=? where picture_id=?
update picture set spot_id=511, url='java.io.StringReader@463bc8ef' where picture_id=1833;
2022-10-10 13:48:04.575  INFO 3923 --- [    Test worker] p6spy                                    : #1665377284575 | took 0ms | statement | connection 24| url jdbc:h2:mem:6a3784ae-1aa6-4bbf-b617-4d4aeabcc2af
update picture set spot_id=?, url=? where picture_id=?
update picture set spot_id=511, url='java.io.StringReader@797e529e' where picture_id=1834;
2022-10-10 13:48:04.575  INFO 3923 --- [    Test worker] p6spy                                    : #1665377284575 | took 0ms | statement | connection 24| url jdbc:h2:mem:6a3784ae-1aa6-4bbf-b617-4d4aeabcc2af
update picture set spot_id=?, url=? where picture_id=?
update picture set spot_id=511, url='java.io.StringReader@5dc0bb7f' where picture_id=1835;
2022-10-10 13:48:04.575  INFO 3923 --- [    Test worker] p6spy                                    : #1665377284575 | took 0ms | statement | connection 24| url jdbc:h2:mem:6a3784ae-1aa6-4bbf-b617-4d4aeabcc2af
update picture set spot_id=?, url=? where picture_id=?
update picture set spot_id=512, url='java.io.StringReader@c69fab' where picture_id=1837;
2022-10-10 13:48:04.575  INFO 3923 --- [    Test worker] p6spy                                    : #1665377284575 | took 0ms | statement | connection 24| url jdbc:h2:mem:6a3784ae-1aa6-4bbf-b617-4d4aeabcc2af
update picture set spot_id=?, url=? where picture_id=?
update picture set spot_id=512, url='java.io.StringReader@7d2459aa' where picture_id=1838;
2022-10-10 13:48:04.575  INFO 3923 --- [    Test worker] p6spy                                    : #1665377284575 | took 0ms | statement | connection 24| url jdbc:h2:mem:6a3784ae-1aa6-4bbf-b617-4d4aeabcc2af
update picture set spot_id=?, url=? where picture_id=?
update picture set spot_id=512, url='java.io.StringReader@619e86dc' where picture_id=1839;
2022-10-10 13:48:04.575  INFO 3923 --- [    Test worker] p6spy                                    : #1665377284575 | took 0ms | statement | connection 24| url jdbc:h2:mem:6a3784ae-1aa6-4bbf-b617-4d4aeabcc2af
update picture set spot_id=?, url=? where picture_id=?
update picture set spot_id=513, url='java.io.StringReader@35419399' where picture_id=1841;
2022-10-10 13:48:04.575  INFO 3923 --- [    Test worker] p6spy                                    : #1665377284575 | took 0ms | statement | connection 24| url jdbc:h2:mem:6a3784ae-1aa6-4bbf-b617-4d4aeabcc2af
update picture set spot_id=?, url=? where picture_id=?
update picture set spot_id=513, url='java.io.StringReader@7eac5319' where picture_id=1842;
2022-10-10 13:48:04.575  INFO 3923 --- [    Test worker] p6spy                                    : #1665377284575 | took 0ms | statement | connection 24| url jdbc:h2:mem:6a3784ae-1aa6-4bbf-b617-4d4aeabcc2af
update picture set spot_id=?, url=? where picture_id=?
update picture set spot_id=513, url='java.io.StringReader@114e6269' where picture_id=1843;
2022-10-10 13:48:04.575  INFO 3923 --- [    Test worker] p6spy                                    : #1665377284575 | took 0ms | statement | connection 24| url jdbc:h2:mem:6a3784ae-1aa6-4bbf-b617-4d4aeabcc2af
update picture set spot_id=?, url=? where picture_id=?
update picture set spot_id=514, url='java.io.StringReader@6c2f8b38' where picture_id=1845;
2022-10-10 13:48:04.575  INFO 3923 --- [    Test worker] p6spy                                    : #1665377284575 | took 0ms | statement | connection 24| url jdbc:h2:mem:6a3784ae-1aa6-4bbf-b617-4d4aeabcc2af
update picture set spot_id=?, url=? where picture_id=?
update picture set spot_id=514, url='java.io.StringReader@10cd3b79' where picture_id=1846;
2022-10-10 13:48:04.575  INFO 3923 --- [    Test worker] p6spy                                    : #1665377284575 | took 0ms | statement | connection 24| url jdbc:h2:mem:6a3784ae-1aa6-4bbf-b617-4d4aeabcc2af
update picture set spot_id=?, url=? where picture_id=?
update picture set spot_id=514, url='java.io.StringReader@740c49f7' where picture_id=1847;
2022-10-10 13:48:04.576  INFO 3923 --- [    Test worker] p6spy                                    : #1665377284576 | took 0ms | statement | connection 24| url jdbc:h2:mem:6a3784ae-1aa6-4bbf-b617-4d4aeabcc2af
update picture set spot_id=?, url=? where picture_id=?
update picture set spot_id=515, url='java.io.StringReader@b93787a' where picture_id=1849;
2022-10-10 13:48:04.576  INFO 3923 --- [    Test worker] p6spy                                    : #1665377284576 | took 0ms | statement | connection 24| url jdbc:h2:mem:6a3784ae-1aa6-4bbf-b617-4d4aeabcc2af
update picture set spot_id=?, url=? where picture_id=?
update picture set spot_id=515, url='java.io.StringReader@28f4b4bd' where picture_id=1850;
2022-10-10 13:48:04.576  INFO 3923 --- [    Test worker] p6spy                                    : #1665377284576 | took 0ms | statement | connection 24| url jdbc:h2:mem:6a3784ae-1aa6-4bbf-b617-4d4aeabcc2af
update picture set spot_id=?, url=? where picture_id=?
update picture set spot_id=515, url='java.io.StringReader@28d340f2' where picture_id=1851;
2022-10-10 13:48:04.576  INFO 3923 --- [    Test worker] p6spy                                    : #1665377284576 | took 0ms | statement | connection 24| url jdbc:h2:mem:6a3784ae-1aa6-4bbf-b617-4d4aeabcc2af
update picture set spot_id=?, url=? where picture_id=?
update picture set spot_id=516, url='java.io.StringReader@1fd1eb30' where picture_id=1853;
2022-10-10 13:48:04.576  INFO 3923 --- [    Test worker] p6spy                                    : #1665377284576 | took 0ms | statement | connection 24| url jdbc:h2:mem:6a3784ae-1aa6-4bbf-b617-4d4aeabcc2af
update picture set spot_id=?, url=? where picture_id=?
update picture set spot_id=516, url='java.io.StringReader@3df10807' where picture_id=1854;
2022-10-10 13:48:04.576  INFO 3923 --- [    Test worker] p6spy                                    : #1665377284576 | took 0ms | statement | connection 24| url jdbc:h2:mem:6a3784ae-1aa6-4bbf-b617-4d4aeabcc2af
update picture set spot_id=?, url=? where picture_id=?
update picture set spot_id=516, url='java.io.StringReader@7942da1d' where picture_id=1855;
2022-10-10 13:48:04.576  INFO 3923 --- [    Test worker] p6spy                                    : #1665377284576 | took 0ms | statement | connection 24| url jdbc:h2:mem:6a3784ae-1aa6-4bbf-b617-4d4aeabcc2af
update picture set spot_id=?, url=? where picture_id=?
update picture set spot_id=517, url='java.io.StringReader@1d5cb0b7' where picture_id=1857;
2022-10-10 13:48:04.576  INFO 3923 --- [    Test worker] p6spy                                    : #1665377284576 | took 0ms | statement | connection 24| url jdbc:h2:mem:6a3784ae-1aa6-4bbf-b617-4d4aeabcc2af
update picture set spot_id=?, url=? where picture_id=?
update picture set spot_id=517, url='java.io.StringReader@f409a57' where picture_id=1858;
2022-10-10 13:48:04.576  INFO 3923 --- [    Test worker] p6spy                                    : #1665377284576 | took 0ms | statement | connection 24| url jdbc:h2:mem:6a3784ae-1aa6-4bbf-b617-4d4aeabcc2af
update picture set spot_id=?, url=? where picture_id=?
update picture set spot_id=517, url='java.io.StringReader@2c1931f3' where picture_id=1859;
2022-10-10 13:48:04.576  INFO 3923 --- [    Test worker] p6spy                                    : #1665377284576 | took 0ms | statement | connection 24| url jdbc:h2:mem:6a3784ae-1aa6-4bbf-b617-4d4aeabcc2af
update picture set spot_id=?, url=? where picture_id=?
update picture set spot_id=518, url='java.io.StringReader@5ac6ea6f' where picture_id=1861;
2022-10-10 13:48:04.576  INFO 3923 --- [    Test worker] p6spy                                    : #1665377284576 | took 0ms | statement | connection 24| url jdbc:h2:mem:6a3784ae-1aa6-4bbf-b617-4d4aeabcc2af
update picture set spot_id=?, url=? where picture_id=?
update picture set spot_id=518, url='java.io.StringReader@6fd779b4' where picture_id=1862;
2022-10-10 13:48:04.576  INFO 3923 --- [    Test worker] p6spy                                    : #1665377284576 | took 0ms | statement | connection 24| url jdbc:h2:mem:6a3784ae-1aa6-4bbf-b617-4d4aeabcc2af
update picture set spot_id=?, url=? where picture_id=?
update picture set spot_id=518, url='java.io.StringReader@6fa1197' where picture_id=1863;
2022-10-10 13:48:04.576  INFO 3923 --- [    Test worker] p6spy                                    : #1665377284576 | took 0ms | statement | connection 24| url jdbc:h2:mem:6a3784ae-1aa6-4bbf-b617-4d4aeabcc2af
update picture set spot_id=?, url=? where picture_id=?
update picture set spot_id=519, url='java.io.StringReader@38d79133' where picture_id=1865;
2022-10-10 13:48:04.576  INFO 3923 --- [    Test worker] p6spy                                    : #1665377284576 | took 0ms | statement | connection 24| url jdbc:h2:mem:6a3784ae-1aa6-4bbf-b617-4d4aeabcc2af
update picture set spot_id=?, url=? where picture_id=?
update picture set spot_id=519, url='java.io.StringReader@621bce4c' where picture_id=1866;
2022-10-10 13:48:04.576  INFO 3923 --- [    Test worker] p6spy                                    : #1665377284576 | took 0ms | statement | connection 24| url jdbc:h2:mem:6a3784ae-1aa6-4bbf-b617-4d4aeabcc2af
update picture set spot_id=?, url=? where picture_id=?
update picture set spot_id=519, url='java.io.StringReader@31cb8c10' where picture_id=1867;
2022-10-10 13:48:04.576  INFO 3923 --- [    Test worker] p6spy                                    : #1665377284576 | took 0ms | statement | connection 24| url jdbc:h2:mem:6a3784ae-1aa6-4bbf-b617-4d4aeabcc2af
update picture set spot_id=?, url=? where picture_id=?
update picture set spot_id=520, url='java.io.StringReader@6ac9e665' where picture_id=1869;
2022-10-10 13:48:04.576  INFO 3923 --- [    Test worker] p6spy                                    : #1665377284576 | took 0ms | statement | connection 24| url jdbc:h2:mem:6a3784ae-1aa6-4bbf-b617-4d4aeabcc2af
update picture set spot_id=?, url=? where picture_id=?
update picture set spot_id=520, url='java.io.StringReader@1898d1d3' where picture_id=1870;
2022-10-10 13:48:04.576  INFO 3923 --- [    Test worker] p6spy                                    : #1665377284576 | took 0ms | statement | connection 24| url jdbc:h2:mem:6a3784ae-1aa6-4bbf-b617-4d4aeabcc2af
update picture set spot_id=?, url=? where picture_id=?
update picture set spot_id=520, url='java.io.StringReader@6cc03dd6' where picture_id=1871;
2022-10-10 13:48:04.576  INFO 3923 --- [    Test worker] p6spy                                    : #1665377284576 | took 0ms | statement | connection 24| url jdbc:h2:mem:6a3784ae-1aa6-4bbf-b617-4d4aeabcc2af
update picture set spot_id=?, url=? where picture_id=?
update picture set spot_id=521, url='java.io.StringReader@58be6170' where picture_id=1873;
2022-10-10 13:48:04.576  INFO 3923 --- [    Test worker] p6spy                                    : #1665377284576 | took 0ms | statement | connection 24| url jdbc:h2:mem:6a3784ae-1aa6-4bbf-b617-4d4aeabcc2af
update picture set spot_id=?, url=? where picture_id=?
update picture set spot_id=521, url='java.io.StringReader@42896be5' where picture_id=1874;
2022-10-10 13:48:04.576  INFO 3923 --- [    Test worker] p6spy                                    : #1665377284576 | took 0ms | statement | connection 24| url jdbc:h2:mem:6a3784ae-1aa6-4bbf-b617-4d4aeabcc2af
update picture set spot_id=?, url=? where picture_id=?
update picture set spot_id=521, url='java.io.StringReader@2d179310' where picture_id=1875;
2022-10-10 13:48:04.576  INFO 3923 --- [    Test worker] p6spy                                    : #1665377284576 | took 0ms | statement | connection 24| url jdbc:h2:mem:6a3784ae-1aa6-4bbf-b617-4d4aeabcc2af
update picture set spot_id=?, url=? where picture_id=?
update picture set spot_id=522, url='java.io.StringReader@273c7993' where picture_id=1877;
2022-10-10 13:48:04.576  INFO 3923 --- [    Test worker] p6spy                                    : #1665377284576 | took 0ms | statement | connection 24| url jdbc:h2:mem:6a3784ae-1aa6-4bbf-b617-4d4aeabcc2af
update picture set spot_id=?, url=? where picture_id=?
update picture set spot_id=522, url='java.io.StringReader@13df5b90' where picture_id=1878;
2022-10-10 13:48:04.576  INFO 3923 --- [    Test worker] p6spy                                    : #1665377284576 | took 0ms | statement | connection 24| url jdbc:h2:mem:6a3784ae-1aa6-4bbf-b617-4d4aeabcc2af
update picture set spot_id=?, url=? where picture_id=?
update picture set spot_id=522, url='java.io.StringReader@de5dd8c' where picture_id=1879;
2022-10-10 13:48:04.576  INFO 3923 --- [    Test worker] p6spy                                    : #1665377284576 | took 0ms | statement | connection 24| url jdbc:h2:mem:6a3784ae-1aa6-4bbf-b617-4d4aeabcc2af
update picture set spot_id=?, url=? where picture_id=?
update picture set spot_id=523, url='java.io.StringReader@7257b1e6' where picture_id=1881;
2022-10-10 13:48:04.577  INFO 3923 --- [    Test worker] p6spy                                    : #1665377284577 | took 0ms | statement | connection 24| url jdbc:h2:mem:6a3784ae-1aa6-4bbf-b617-4d4aeabcc2af
update picture set spot_id=?, url=? where picture_id=?
update picture set spot_id=523, url='java.io.StringReader@6c5bd8cc' where picture_id=1882;
2022-10-10 13:48:04.577  INFO 3923 --- [    Test worker] p6spy                                    : #1665377284577 | took 0ms | statement | connection 24| url jdbc:h2:mem:6a3784ae-1aa6-4bbf-b617-4d4aeabcc2af
update picture set spot_id=?, url=? where picture_id=?
update picture set spot_id=523, url='java.io.StringReader@678d14fd' where picture_id=1883;
2022-10-10 13:48:04.577  INFO 3923 --- [    Test worker] p6spy                                    : #1665377284577 | took 0ms | statement | connection 24| url jdbc:h2:mem:6a3784ae-1aa6-4bbf-b617-4d4aeabcc2af
update picture set spot_id=?, url=? where picture_id=?
update picture set spot_id=524, url='java.io.StringReader@50769995' where picture_id=1885;
2022-10-10 13:48:04.577  INFO 3923 --- [    Test worker] p6spy                                    : #1665377284577 | took 0ms | statement | connection 24| url jdbc:h2:mem:6a3784ae-1aa6-4bbf-b617-4d4aeabcc2af
update picture set spot_id=?, url=? where picture_id=?
update picture set spot_id=524, url='java.io.StringReader@265e3e27' where picture_id=1886;
2022-10-10 13:48:04.577  INFO 3923 --- [    Test worker] p6spy                                    : #1665377284577 | took 0ms | statement | connection 24| url jdbc:h2:mem:6a3784ae-1aa6-4bbf-b617-4d4aeabcc2af
update picture set spot_id=?, url=? where picture_id=?
update picture set spot_id=524, url='java.io.StringReader@5ac60f01' where picture_id=1887;
2022-10-10 13:48:04.577  INFO 3923 --- [    Test worker] p6spy                                    : #1665377284577 | took 0ms | statement | connection 24| url jdbc:h2:mem:6a3784ae-1aa6-4bbf-b617-4d4aeabcc2af
update picture set spot_id=?, url=? where picture_id=?
update picture set spot_id=525, url='java.io.StringReader@263250d' where picture_id=1889;
2022-10-10 13:48:04.577  INFO 3923 --- [    Test worker] p6spy                                    : #1665377284577 | took 0ms | statement | connection 24| url jdbc:h2:mem:6a3784ae-1aa6-4bbf-b617-4d4aeabcc2af
update picture set spot_id=?, url=? where picture_id=?
update picture set spot_id=525, url='java.io.StringReader@58308f24' where picture_id=1890;
2022-10-10 13:48:04.577  INFO 3923 --- [    Test worker] p6spy                                    : #1665377284577 | took 0ms | statement | connection 24| url jdbc:h2:mem:6a3784ae-1aa6-4bbf-b617-4d4aeabcc2af
update picture set spot_id=?, url=? where picture_id=?
update picture set spot_id=525, url='java.io.StringReader@28d1030d' where picture_id=1891;
2022-10-10 13:48:04.577  INFO 3923 --- [    Test worker] p6spy                                    : #1665377284577 | took 0ms | statement | connection 24| url jdbc:h2:mem:6a3784ae-1aa6-4bbf-b617-4d4aeabcc2af
update picture set spot_id=?, url=? where picture_id=?
update picture set spot_id=526, url='java.io.StringReader@345183da' where picture_id=1893;
2022-10-10 13:48:04.577  INFO 3923 --- [    Test worker] p6spy                                    : #1665377284577 | took 0ms | statement | connection 24| url jdbc:h2:mem:6a3784ae-1aa6-4bbf-b617-4d4aeabcc2af
update picture set spot_id=?, url=? where picture_id=?
update picture set spot_id=526, url='java.io.StringReader@179f606c' where picture_id=1894;
2022-10-10 13:48:04.577  INFO 3923 --- [    Test worker] p6spy                                    : #1665377284577 | took 0ms | statement | connection 24| url jdbc:h2:mem:6a3784ae-1aa6-4bbf-b617-4d4aeabcc2af
update picture set spot_id=?, url=? where picture_id=?
update picture set spot_id=526, url='java.io.StringReader@2896146d' where picture_id=1895;
2022-10-10 13:48:04.577  INFO 3923 --- [    Test worker] p6spy                                    : #1665377284577 | took 0ms | statement | connection 24| url jdbc:h2:mem:6a3784ae-1aa6-4bbf-b617-4d4aeabcc2af
update picture set spot_id=?, url=? where picture_id=?
update picture set spot_id=527, url='java.io.StringReader@7d36f54a' where picture_id=1897;
2022-10-10 13:48:04.577  INFO 3923 --- [    Test worker] p6spy                                    : #1665377284577 | took 0ms | statement | connection 24| url jdbc:h2:mem:6a3784ae-1aa6-4bbf-b617-4d4aeabcc2af
update picture set spot_id=?, url=? where picture_id=?
update picture set spot_id=527, url='java.io.StringReader@1755c311' where picture_id=1898;
2022-10-10 13:48:04.577  INFO 3923 --- [    Test worker] p6spy                                    : #1665377284577 | took 0ms | statement | connection 24| url jdbc:h2:mem:6a3784ae-1aa6-4bbf-b617-4d4aeabcc2af
update picture set spot_id=?, url=? where picture_id=?
update picture set spot_id=527, url='java.io.StringReader@55b0016b' where picture_id=1899;
2022-10-10 13:48:04.577  INFO 3923 --- [    Test worker] p6spy                                    : #1665377284577 | took 0ms | statement | connection 24| url jdbc:h2:mem:6a3784ae-1aa6-4bbf-b617-4d4aeabcc2af
update picture set spot_id=?, url=? where picture_id=?
update picture set spot_id=528, url='java.io.StringReader@6940565d' where picture_id=1901;
2022-10-10 13:48:04.577  INFO 3923 --- [    Test worker] p6spy                                    : #1665377284577 | took 0ms | statement | connection 24| url jdbc:h2:mem:6a3784ae-1aa6-4bbf-b617-4d4aeabcc2af
update picture set spot_id=?, url=? where picture_id=?
update picture set spot_id=528, url='java.io.StringReader@3105e19b' where picture_id=1902;
2022-10-10 13:48:04.577  INFO 3923 --- [    Test worker] p6spy                                    : #1665377284577 | took 0ms | statement | connection 24| url jdbc:h2:mem:6a3784ae-1aa6-4bbf-b617-4d4aeabcc2af
update picture set spot_id=?, url=? where picture_id=?
update picture set spot_id=528, url='java.io.StringReader@25d61f8d' where picture_id=1903;
2022-10-10 13:48:04.577  INFO 3923 --- [    Test worker] p6spy                                    : #1665377284577 | took 0ms | statement | connection 24| url jdbc:h2:mem:6a3784ae-1aa6-4bbf-b617-4d4aeabcc2af
update picture set spot_id=?, url=? where picture_id=?
update picture set spot_id=529, url='java.io.StringReader@6e30ed37' where picture_id=1905;
2022-10-10 13:48:04.577  INFO 3923 --- [    Test worker] p6spy                                    : #1665377284577 | took 0ms | statement | connection 24| url jdbc:h2:mem:6a3784ae-1aa6-4bbf-b617-4d4aeabcc2af
update picture set spot_id=?, url=? where picture_id=?
update picture set spot_id=529, url='java.io.StringReader@549f6b3d' where picture_id=1906;
2022-10-10 13:48:04.577  INFO 3923 --- [    Test worker] p6spy                                    : #1665377284577 | took 0ms | statement | connection 24| url jdbc:h2:mem:6a3784ae-1aa6-4bbf-b617-4d4aeabcc2af
update picture set spot_id=?, url=? where picture_id=?
update picture set spot_id=529, url='java.io.StringReader@28b3b16a' where picture_id=1907;
2022-10-10 13:48:04.577  INFO 3923 --- [    Test worker] p6spy                                    : #1665377284577 | took 0ms | statement | connection 24| url jdbc:h2:mem:6a3784ae-1aa6-4bbf-b617-4d4aeabcc2af
update picture set spot_id=?, url=? where picture_id=?
update picture set spot_id=530, url='java.io.StringReader@5b020e80' where picture_id=1909;
2022-10-10 13:48:04.577  INFO 3923 --- [    Test worker] p6spy                                    : #1665377284577 | took 0ms | statement | connection 24| url jdbc:h2:mem:6a3784ae-1aa6-4bbf-b617-4d4aeabcc2af
update picture set spot_id=?, url=? where picture_id=?
update picture set spot_id=530, url='java.io.StringReader@713beff3' where picture_id=1910;
2022-10-10 13:48:04.577  INFO 3923 --- [    Test worker] p6spy                                    : #1665377284577 | took 0ms | statement | connection 24| url jdbc:h2:mem:6a3784ae-1aa6-4bbf-b617-4d4aeabcc2af
update picture set spot_id=?, url=? where picture_id=?
update picture set spot_id=530, url='java.io.StringReader@1cc2f888' where picture_id=1911;
2022-10-10 13:48:04.577  INFO 3923 --- [    Test worker] p6spy                                    : #1665377284577 | took 0ms | statement | connection 24| url jdbc:h2:mem:6a3784ae-1aa6-4bbf-b617-4d4aeabcc2af
update picture set spot_id=?, url=? where picture_id=?
update picture set spot_id=531, url='java.io.StringReader@7646dfd9' where picture_id=1913;
2022-10-10 13:48:04.577  INFO 3923 --- [    Test worker] p6spy                                    : #1665377284577 | took 0ms | statement | connection 24| url jdbc:h2:mem:6a3784ae-1aa6-4bbf-b617-4d4aeabcc2af
update picture set spot_id=?, url=? where picture_id=?
update picture set spot_id=531, url='java.io.StringReader@407b97c4' where picture_id=1914;
2022-10-10 13:48:04.577  INFO 3923 --- [    Test worker] p6spy                                    : #1665377284577 | took 0ms | statement | connection 24| url jdbc:h2:mem:6a3784ae-1aa6-4bbf-b617-4d4aeabcc2af
update picture set spot_id=?, url=? where picture_id=?
update picture set spot_id=531, url='java.io.StringReader@585881c6' where picture_id=1915;
2022-10-10 13:48:04.578  INFO 3923 --- [    Test worker] p6spy                                    : #1665377284578 | took 0ms | statement | connection 24| url jdbc:h2:mem:6a3784ae-1aa6-4bbf-b617-4d4aeabcc2af
update picture set spot_id=?, url=? where picture_id=?
update picture set spot_id=532, url='java.io.StringReader@40afab8c' where picture_id=1917;
2022-10-10 13:48:04.578  INFO 3923 --- [    Test worker] p6spy                                    : #1665377284578 | took 0ms | statement | connection 24| url jdbc:h2:mem:6a3784ae-1aa6-4bbf-b617-4d4aeabcc2af
update picture set spot_id=?, url=? where picture_id=?
update picture set spot_id=532, url='java.io.StringReader@4426a132' where picture_id=1918;
2022-10-10 13:48:04.578  INFO 3923 --- [    Test worker] p6spy                                    : #1665377284578 | took 0ms | statement | connection 24| url jdbc:h2:mem:6a3784ae-1aa6-4bbf-b617-4d4aeabcc2af
update picture set spot_id=?, url=? where picture_id=?
update picture set spot_id=532, url='java.io.StringReader@62d85699' where picture_id=1919;
2022-10-10 13:48:04.578  INFO 3923 --- [    Test worker] p6spy                                    : #1665377284578 | took 0ms | statement | connection 24| url jdbc:h2:mem:6a3784ae-1aa6-4bbf-b617-4d4aeabcc2af
update picture set spot_id=?, url=? where picture_id=?
update picture set spot_id=533, url='java.io.StringReader@5144ba6c' where picture_id=1921;
2022-10-10 13:48:04.578  INFO 3923 --- [    Test worker] p6spy                                    : #1665377284578 | took 0ms | statement | connection 24| url jdbc:h2:mem:6a3784ae-1aa6-4bbf-b617-4d4aeabcc2af
update picture set spot_id=?, url=? where picture_id=?
update picture set spot_id=533, url='java.io.StringReader@601e9c19' where picture_id=1922;
2022-10-10 13:48:04.578  INFO 3923 --- [    Test worker] p6spy                                    : #1665377284578 | took 0ms | statement | connection 24| url jdbc:h2:mem:6a3784ae-1aa6-4bbf-b617-4d4aeabcc2af
update picture set spot_id=?, url=? where picture_id=?
update picture set spot_id=533, url='java.io.StringReader@5b1f3ba3' where picture_id=1923;
2022-10-10 13:48:04.578  INFO 3923 --- [    Test worker] p6spy                                    : #1665377284578 | took 0ms | statement | connection 24| url jdbc:h2:mem:6a3784ae-1aa6-4bbf-b617-4d4aeabcc2af
update picture set spot_id=?, url=? where picture_id=?
update picture set spot_id=534, url='java.io.StringReader@7a4f3c58' where picture_id=1925;
2022-10-10 13:48:04.578  INFO 3923 --- [    Test worker] p6spy                                    : #1665377284578 | took 0ms | statement | connection 24| url jdbc:h2:mem:6a3784ae-1aa6-4bbf-b617-4d4aeabcc2af
update picture set spot_id=?, url=? where picture_id=?
update picture set spot_id=534, url='java.io.StringReader@22c0c84b' where picture_id=1926;
2022-10-10 13:48:04.578  INFO 3923 --- [    Test worker] p6spy                                    : #1665377284578 | took 0ms | statement | connection 24| url jdbc:h2:mem:6a3784ae-1aa6-4bbf-b617-4d4aeabcc2af
update picture set spot_id=?, url=? where picture_id=?
update picture set spot_id=534, url='java.io.StringReader@4ade6987' where picture_id=1927;
2022-10-10 13:48:04.578  INFO 3923 --- [    Test worker] p6spy                                    : #1665377284578 | took 0ms | statement | connection 24| url jdbc:h2:mem:6a3784ae-1aa6-4bbf-b617-4d4aeabcc2af
update picture set spot_id=?, url=? where picture_id=?
update picture set spot_id=535, url='java.io.StringReader@6e235fb6' where picture_id=1929;
2022-10-10 13:48:04.578  INFO 3923 --- [    Test worker] p6spy                                    : #1665377284578 | took 0ms | statement | connection 24| url jdbc:h2:mem:6a3784ae-1aa6-4bbf-b617-4d4aeabcc2af
update picture set spot_id=?, url=? where picture_id=?
update picture set spot_id=535, url='java.io.StringReader@3a20e1b2' where picture_id=1930;
2022-10-10 13:48:04.578  INFO 3923 --- [    Test worker] p6spy                                    : #1665377284578 | took 0ms | statement | connection 24| url jdbc:h2:mem:6a3784ae-1aa6-4bbf-b617-4d4aeabcc2af
update picture set spot_id=?, url=? where picture_id=?
update picture set spot_id=535, url='java.io.StringReader@6cd3d48c' where picture_id=1931;
2022-10-10 13:48:04.578  INFO 3923 --- [    Test worker] p6spy                                    : #1665377284578 | took 0ms | statement | connection 24| url jdbc:h2:mem:6a3784ae-1aa6-4bbf-b617-4d4aeabcc2af
update picture set spot_id=?, url=? where picture_id=?
update picture set spot_id=536, url='java.io.StringReader@7e1f94ab' where picture_id=1933;
2022-10-10 13:48:04.578  INFO 3923 --- [    Test worker] p6spy                                    : #1665377284578 | took 0ms | statement | connection 24| url jdbc:h2:mem:6a3784ae-1aa6-4bbf-b617-4d4aeabcc2af
update picture set spot_id=?, url=? where picture_id=?
update picture set spot_id=536, url='java.io.StringReader@6eceecdc' where picture_id=1934;
2022-10-10 13:48:04.578  INFO 3923 --- [    Test worker] p6spy                                    : #1665377284578 | took 0ms | statement | connection 24| url jdbc:h2:mem:6a3784ae-1aa6-4bbf-b617-4d4aeabcc2af
update picture set spot_id=?, url=? where picture_id=?
update picture set spot_id=536, url='java.io.StringReader@1cc923e' where picture_id=1935;
2022-10-10 13:48:04.578  INFO 3923 --- [    Test worker] p6spy                                    : #1665377284578 | took 0ms | statement | connection 24| url jdbc:h2:mem:6a3784ae-1aa6-4bbf-b617-4d4aeabcc2af
update picture set spot_id=?, url=? where picture_id=?
update picture set spot_id=537, url='java.io.StringReader@1bec065f' where picture_id=1937;
2022-10-10 13:48:04.578  INFO 3923 --- [    Test worker] p6spy                                    : #1665377284578 | took 0ms | statement | connection 24| url jdbc:h2:mem:6a3784ae-1aa6-4bbf-b617-4d4aeabcc2af
update picture set spot_id=?, url=? where picture_id=?
update picture set spot_id=537, url='java.io.StringReader@4372cb9c' where picture_id=1938;
2022-10-10 13:48:04.578  INFO 3923 --- [    Test worker] p6spy                                    : #1665377284578 | took 0ms | statement | connection 24| url jdbc:h2:mem:6a3784ae-1aa6-4bbf-b617-4d4aeabcc2af
update picture set spot_id=?, url=? where picture_id=?
update picture set spot_id=537, url='java.io.StringReader@4e7a5c30' where picture_id=1939;
2022-10-10 13:48:04.578  INFO 3923 --- [    Test worker] p6spy                                    : #1665377284578 | took 0ms | statement | connection 24| url jdbc:h2:mem:6a3784ae-1aa6-4bbf-b617-4d4aeabcc2af
update picture set spot_id=?, url=? where picture_id=?
update picture set spot_id=538, url='java.io.StringReader@6cc5d765' where picture_id=1941;
2022-10-10 13:48:04.578  INFO 3923 --- [    Test worker] p6spy                                    : #1665377284578 | took 0ms | statement | connection 24| url jdbc:h2:mem:6a3784ae-1aa6-4bbf-b617-4d4aeabcc2af
update picture set spot_id=?, url=? where picture_id=?
update picture set spot_id=538, url='java.io.StringReader@3538740a' where picture_id=1942;
2022-10-10 13:48:04.578  INFO 3923 --- [    Test worker] p6spy                                    : #1665377284578 | took 0ms | statement | connection 24| url jdbc:h2:mem:6a3784ae-1aa6-4bbf-b617-4d4aeabcc2af
update picture set spot_id=?, url=? where picture_id=?
update picture set spot_id=538, url='java.io.StringReader@51dd9217' where picture_id=1943;
2022-10-10 13:48:04.578  INFO 3923 --- [    Test worker] p6spy                                    : #1665377284578 | took 0ms | statement | connection 24| url jdbc:h2:mem:6a3784ae-1aa6-4bbf-b617-4d4aeabcc2af
update picture set spot_id=?, url=? where picture_id=?
update picture set spot_id=539, url='java.io.StringReader@5699b770' where picture_id=1945;
2022-10-10 13:48:04.578  INFO 3923 --- [    Test worker] p6spy                                    : #1665377284578 | took 0ms | statement | connection 24| url jdbc:h2:mem:6a3784ae-1aa6-4bbf-b617-4d4aeabcc2af
update picture set spot_id=?, url=? where picture_id=?
update picture set spot_id=539, url='java.io.StringReader@151a8228' where picture_id=1946;
2022-10-10 13:48:04.578  INFO 3923 --- [    Test worker] p6spy                                    : #1665377284578 | took 0ms | statement | connection 24| url jdbc:h2:mem:6a3784ae-1aa6-4bbf-b617-4d4aeabcc2af
update picture set spot_id=?, url=? where picture_id=?
update picture set spot_id=539, url='java.io.StringReader@73a2499a' where picture_id=1947;
2022-10-10 13:48:04.578  INFO 3923 --- [    Test worker] p6spy                                    : #1665377284578 | took 0ms | statement | connection 24| url jdbc:h2:mem:6a3784ae-1aa6-4bbf-b617-4d4aeabcc2af
update picture set spot_id=?, url=? where picture_id=?
update picture set spot_id=540, url='java.io.StringReader@7aec7779' where picture_id=1949;
2022-10-10 13:48:04.578  INFO 3923 --- [    Test worker] p6spy                                    : #1665377284578 | took 0ms | statement | connection 24| url jdbc:h2:mem:6a3784ae-1aa6-4bbf-b617-4d4aeabcc2af
update picture set spot_id=?, url=? where picture_id=?
update picture set spot_id=540, url='java.io.StringReader@3712a0e' where picture_id=1950;
2022-10-10 13:48:04.578  INFO 3923 --- [    Test worker] p6spy                                    : #1665377284578 | took 0ms | statement | connection 24| url jdbc:h2:mem:6a3784ae-1aa6-4bbf-b617-4d4aeabcc2af
update picture set spot_id=?, url=? where picture_id=?
update picture set spot_id=540, url='java.io.StringReader@44e69710' where picture_id=1951;
2022-10-10 13:48:04.578  INFO 3923 --- [    Test worker] p6spy                                    : #1665377284578 | took 0ms | statement | connection 24| url jdbc:h2:mem:6a3784ae-1aa6-4bbf-b617-4d4aeabcc2af
update picture set spot_id=?, url=? where picture_id=?
update picture set spot_id=541, url='java.io.StringReader@22886fc1' where picture_id=1953;
2022-10-10 13:48:04.578  INFO 3923 --- [    Test worker] p6spy                                    : #1665377284578 | took 0ms | statement | connection 24| url jdbc:h2:mem:6a3784ae-1aa6-4bbf-b617-4d4aeabcc2af
update picture set spot_id=?, url=? where picture_id=?
update picture set spot_id=541, url='java.io.StringReader@45eb7acd' where picture_id=1954;
2022-10-10 13:48:04.578  INFO 3923 --- [    Test worker] p6spy                                    : #1665377284578 | took 0ms | statement | connection 24| url jdbc:h2:mem:6a3784ae-1aa6-4bbf-b617-4d4aeabcc2af
update picture set spot_id=?, url=? where picture_id=?
update picture set spot_id=541, url='java.io.StringReader@a1d0722' where picture_id=1955;
2022-10-10 13:48:04.579  INFO 3923 --- [    Test worker] p6spy                                    : #1665377284579 | took 0ms | statement | connection 24| url jdbc:h2:mem:6a3784ae-1aa6-4bbf-b617-4d4aeabcc2af
update picture set spot_id=?, url=? where picture_id=?
update picture set spot_id=542, url='java.io.StringReader@7dab2d9e' where picture_id=1957;
2022-10-10 13:48:04.579  INFO 3923 --- [    Test worker] p6spy                                    : #1665377284579 | took 0ms | statement | connection 24| url jdbc:h2:mem:6a3784ae-1aa6-4bbf-b617-4d4aeabcc2af
update picture set spot_id=?, url=? where picture_id=?
update picture set spot_id=542, url='java.io.StringReader@224d6aaf' where picture_id=1958;
2022-10-10 13:48:04.579  INFO 3923 --- [    Test worker] p6spy                                    : #1665377284579 | took 0ms | statement | connection 24| url jdbc:h2:mem:6a3784ae-1aa6-4bbf-b617-4d4aeabcc2af
update picture set spot_id=?, url=? where picture_id=?
update picture set spot_id=542, url='java.io.StringReader@366529fd' where picture_id=1959;
2022-10-10 13:48:04.579  INFO 3923 --- [    Test worker] p6spy                                    : #1665377284579 | took 0ms | statement | connection 24| url jdbc:h2:mem:6a3784ae-1aa6-4bbf-b617-4d4aeabcc2af
update picture set spot_id=?, url=? where picture_id=?
update picture set spot_id=543, url='java.io.StringReader@26209dab' where picture_id=1961;
2022-10-10 13:48:04.579  INFO 3923 --- [    Test worker] p6spy                                    : #1665377284579 | took 0ms | statement | connection 24| url jdbc:h2:mem:6a3784ae-1aa6-4bbf-b617-4d4aeabcc2af
update picture set spot_id=?, url=? where picture_id=?
update picture set spot_id=543, url='java.io.StringReader@582c3422' where picture_id=1962;
2022-10-10 13:48:04.579  INFO 3923 --- [    Test worker] p6spy                                    : #1665377284579 | took 0ms | statement | connection 24| url jdbc:h2:mem:6a3784ae-1aa6-4bbf-b617-4d4aeabcc2af
update picture set spot_id=?, url=? where picture_id=?
update picture set spot_id=543, url='java.io.StringReader@5810eb0d' where picture_id=1963;
2022-10-10 13:48:04.579  INFO 3923 --- [    Test worker] p6spy                                    : #1665377284579 | took 0ms | statement | connection 24| url jdbc:h2:mem:6a3784ae-1aa6-4bbf-b617-4d4aeabcc2af
update picture set spot_id=?, url=? where picture_id=?
update picture set spot_id=544, url='java.io.StringReader@63d2fb15' where picture_id=1965;
2022-10-10 13:48:04.579  INFO 3923 --- [    Test worker] p6spy                                    : #1665377284579 | took 0ms | statement | connection 24| url jdbc:h2:mem:6a3784ae-1aa6-4bbf-b617-4d4aeabcc2af
update picture set spot_id=?, url=? where picture_id=?
update picture set spot_id=544, url='java.io.StringReader@2f580c1' where picture_id=1966;
2022-10-10 13:48:04.579  INFO 3923 --- [    Test worker] p6spy                                    : #1665377284579 | took 0ms | statement | connection 24| url jdbc:h2:mem:6a3784ae-1aa6-4bbf-b617-4d4aeabcc2af
update picture set spot_id=?, url=? where picture_id=?
update picture set spot_id=544, url='java.io.StringReader@6ee24a74' where picture_id=1967;
2022-10-10 13:48:04.579  INFO 3923 --- [    Test worker] p6spy                                    : #1665377284579 | took 0ms | statement | connection 24| url jdbc:h2:mem:6a3784ae-1aa6-4bbf-b617-4d4aeabcc2af
update picture set spot_id=?, url=? where picture_id=?
update picture set spot_id=545, url='java.io.StringReader@66b73cb7' where picture_id=1969;
2022-10-10 13:48:04.579  INFO 3923 --- [    Test worker] p6spy                                    : #1665377284579 | took 0ms | statement | connection 24| url jdbc:h2:mem:6a3784ae-1aa6-4bbf-b617-4d4aeabcc2af
update picture set spot_id=?, url=? where picture_id=?
update picture set spot_id=545, url='java.io.StringReader@3346245e' where picture_id=1970;
2022-10-10 13:48:04.579  INFO 3923 --- [    Test worker] p6spy                                    : #1665377284579 | took 0ms | statement | connection 24| url jdbc:h2:mem:6a3784ae-1aa6-4bbf-b617-4d4aeabcc2af
update picture set spot_id=?, url=? where picture_id=?
update picture set spot_id=545, url='java.io.StringReader@35165d14' where picture_id=1971;
2022-10-10 13:48:04.579  INFO 3923 --- [    Test worker] p6spy                                    : #1665377284579 | took 0ms | statement | connection 24| url jdbc:h2:mem:6a3784ae-1aa6-4bbf-b617-4d4aeabcc2af
update picture set spot_id=?, url=? where picture_id=?
update picture set spot_id=546, url='java.io.StringReader@32052b5e' where picture_id=1973;
2022-10-10 13:48:04.579  INFO 3923 --- [    Test worker] p6spy                                    : #1665377284579 | took 0ms | statement | connection 24| url jdbc:h2:mem:6a3784ae-1aa6-4bbf-b617-4d4aeabcc2af
update picture set spot_id=?, url=? where picture_id=?
update picture set spot_id=546, url='java.io.StringReader@52dbfddc' where picture_id=1974;
2022-10-10 13:48:04.579  INFO 3923 --- [    Test worker] p6spy                                    : #1665377284579 | took 0ms | statement | connection 24| url jdbc:h2:mem:6a3784ae-1aa6-4bbf-b617-4d4aeabcc2af
update picture set spot_id=?, url=? where picture_id=?
update picture set spot_id=546, url='java.io.StringReader@77060a29' where picture_id=1975;
2022-10-10 13:48:04.579  INFO 3923 --- [    Test worker] p6spy                                    : #1665377284579 | took 0ms | statement | connection 24| url jdbc:h2:mem:6a3784ae-1aa6-4bbf-b617-4d4aeabcc2af
update picture set spot_id=?, url=? where picture_id=?
update picture set spot_id=547, url='java.io.StringReader@5d9e3d9f' where picture_id=1977;
2022-10-10 13:48:04.579  INFO 3923 --- [    Test worker] p6spy                                    : #1665377284579 | took 0ms | statement | connection 24| url jdbc:h2:mem:6a3784ae-1aa6-4bbf-b617-4d4aeabcc2af
update picture set spot_id=?, url=? where picture_id=?
update picture set spot_id=547, url='java.io.StringReader@787c7e0e' where picture_id=1978;
2022-10-10 13:48:04.579  INFO 3923 --- [    Test worker] p6spy                                    : #1665377284579 | took 0ms | statement | connection 24| url jdbc:h2:mem:6a3784ae-1aa6-4bbf-b617-4d4aeabcc2af
update picture set spot_id=?, url=? where picture_id=?
update picture set spot_id=547, url='java.io.StringReader@1dad1b6f' where picture_id=1979;
2022-10-10 13:48:04.579  INFO 3923 --- [    Test worker] p6spy                                    : #1665377284579 | took 0ms | statement | connection 24| url jdbc:h2:mem:6a3784ae-1aa6-4bbf-b617-4d4aeabcc2af
update picture set spot_id=?, url=? where picture_id=?
update picture set spot_id=548, url='java.io.StringReader@520f96c7' where picture_id=1981;
2022-10-10 13:48:04.579  INFO 3923 --- [    Test worker] p6spy                                    : #1665377284579 | took 0ms | statement | connection 24| url jdbc:h2:mem:6a3784ae-1aa6-4bbf-b617-4d4aeabcc2af
update picture set spot_id=?, url=? where picture_id=?
update picture set spot_id=548, url='java.io.StringReader@1b0a8749' where picture_id=1982;
2022-10-10 13:48:04.579  INFO 3923 --- [    Test worker] p6spy                                    : #1665377284579 | took 0ms | statement | connection 24| url jdbc:h2:mem:6a3784ae-1aa6-4bbf-b617-4d4aeabcc2af
update picture set spot_id=?, url=? where picture_id=?
update picture set spot_id=548, url='java.io.StringReader@14e960c0' where picture_id=1983;
2022-10-10 13:48:04.579  INFO 3923 --- [    Test worker] p6spy                                    : #1665377284579 | took 0ms | statement | connection 24| url jdbc:h2:mem:6a3784ae-1aa6-4bbf-b617-4d4aeabcc2af
update picture set spot_id=?, url=? where picture_id=?
update picture set spot_id=549, url='java.io.StringReader@33a35f7e' where picture_id=1985;
2022-10-10 13:48:04.579  INFO 3923 --- [    Test worker] p6spy                                    : #1665377284579 | took 0ms | statement | connection 24| url jdbc:h2:mem:6a3784ae-1aa6-4bbf-b617-4d4aeabcc2af
update picture set spot_id=?, url=? where picture_id=?
update picture set spot_id=549, url='java.io.StringReader@34b3a7c9' where picture_id=1986;
2022-10-10 13:48:04.579  INFO 3923 --- [    Test worker] p6spy                                    : #1665377284579 | took 0ms | statement | connection 24| url jdbc:h2:mem:6a3784ae-1aa6-4bbf-b617-4d4aeabcc2af
update picture set spot_id=?, url=? where picture_id=?
update picture set spot_id=549, url='java.io.StringReader@4fc98285' where picture_id=1987;
2022-10-10 13:48:04.579  INFO 3923 --- [    Test worker] p6spy                                    : #1665377284579 | took 0ms | statement | connection 24| url jdbc:h2:mem:6a3784ae-1aa6-4bbf-b617-4d4aeabcc2af
update picture set spot_id=?, url=? where picture_id=?
update picture set spot_id=550, url='java.io.StringReader@65ece1ea' where picture_id=1989;
2022-10-10 13:48:04.579  INFO 3923 --- [    Test worker] p6spy                                    : #1665377284579 | took 0ms | statement | connection 24| url jdbc:h2:mem:6a3784ae-1aa6-4bbf-b617-4d4aeabcc2af
update picture set spot_id=?, url=? where picture_id=?
update picture set spot_id=550, url='java.io.StringReader@74385fde' where picture_id=1990;
2022-10-10 13:48:04.580  INFO 3923 --- [    Test worker] p6spy                                    : #1665377284580 | took 0ms | statement | connection 24| url jdbc:h2:mem:6a3784ae-1aa6-4bbf-b617-4d4aeabcc2af
update picture set spot_id=?, url=? where picture_id=?
update picture set spot_id=550, url='java.io.StringReader@18b11221' where picture_id=1991;
2022-10-10 13:48:04.580  INFO 3923 --- [    Test worker] p6spy                                    : #1665377284580 | took 0ms | statement | connection 24| url jdbc:h2:mem:6a3784ae-1aa6-4bbf-b617-4d4aeabcc2af
update picture set spot_id=?, url=? where picture_id=?
update picture set spot_id=551, url='java.io.StringReader@25672ca0' where picture_id=1993;
2022-10-10 13:48:04.580  INFO 3923 --- [    Test worker] p6spy                                    : #1665377284580 | took 0ms | statement | connection 24| url jdbc:h2:mem:6a3784ae-1aa6-4bbf-b617-4d4aeabcc2af
update picture set spot_id=?, url=? where picture_id=?
update picture set spot_id=551, url='java.io.StringReader@4eb1de3f' where picture_id=1994;
2022-10-10 13:48:04.580  INFO 3923 --- [    Test worker] p6spy                                    : #1665377284580 | took 0ms | statement | connection 24| url jdbc:h2:mem:6a3784ae-1aa6-4bbf-b617-4d4aeabcc2af
update picture set spot_id=?, url=? where picture_id=?
update picture set spot_id=551, url='java.io.StringReader@7a832fdb' where picture_id=1995;
2022-10-10 13:48:04.580  INFO 3923 --- [    Test worker] p6spy                                    : #1665377284580 | took 0ms | statement | connection 24| url jdbc:h2:mem:6a3784ae-1aa6-4bbf-b617-4d4aeabcc2af
update picture set spot_id=?, url=? where picture_id=?
update picture set spot_id=552, url='java.io.StringReader@26edca6f' where picture_id=1997;
2022-10-10 13:48:04.580  INFO 3923 --- [    Test worker] p6spy                                    : #1665377284580 | took 0ms | statement | connection 24| url jdbc:h2:mem:6a3784ae-1aa6-4bbf-b617-4d4aeabcc2af
update picture set spot_id=?, url=? where picture_id=?
update picture set spot_id=552, url='java.io.StringReader@ca16393' where picture_id=1998;
2022-10-10 13:48:04.580  INFO 3923 --- [    Test worker] p6spy                                    : #1665377284580 | took 0ms | statement | connection 24| url jdbc:h2:mem:6a3784ae-1aa6-4bbf-b617-4d4aeabcc2af
update picture set spot_id=?, url=? where picture_id=?
update picture set spot_id=552, url='java.io.StringReader@2cab91b8' where picture_id=1999;
2022-10-10 13:48:04.580  INFO 3923 --- [    Test worker] p6spy                                    : #1665377284580 | took 0ms | statement | connection 24| url jdbc:h2:mem:6a3784ae-1aa6-4bbf-b617-4d4aeabcc2af
update picture set spot_id=?, url=? where picture_id=?
update picture set spot_id=553, url='java.io.StringReader@403d5694' where picture_id=2001;
2022-10-10 13:48:04.580  INFO 3923 --- [    Test worker] p6spy                                    : #1665377284580 | took 0ms | statement | connection 24| url jdbc:h2:mem:6a3784ae-1aa6-4bbf-b617-4d4aeabcc2af
update picture set spot_id=?, url=? where picture_id=?
update picture set spot_id=553, url='java.io.StringReader@6c50dd79' where picture_id=2002;
2022-10-10 13:48:04.580  INFO 3923 --- [    Test worker] p6spy                                    : #1665377284580 | took 0ms | statement | connection 24| url jdbc:h2:mem:6a3784ae-1aa6-4bbf-b617-4d4aeabcc2af
update picture set spot_id=?, url=? where picture_id=?
update picture set spot_id=553, url='java.io.StringReader@45a285b1' where picture_id=2003;
2022-10-10 13:48:04.580  INFO 3923 --- [    Test worker] p6spy                                    : #1665377284580 | took 0ms | statement | connection 24| url jdbc:h2:mem:6a3784ae-1aa6-4bbf-b617-4d4aeabcc2af
update picture set spot_id=?, url=? where picture_id=?
update picture set spot_id=554, url='java.io.StringReader@2d5b250' where picture_id=2005;
2022-10-10 13:48:04.580  INFO 3923 --- [    Test worker] p6spy                                    : #1665377284580 | took 0ms | statement | connection 24| url jdbc:h2:mem:6a3784ae-1aa6-4bbf-b617-4d4aeabcc2af
update picture set spot_id=?, url=? where picture_id=?
update picture set spot_id=554, url='java.io.StringReader@257afec4' where picture_id=2006;
2022-10-10 13:48:04.580  INFO 3923 --- [    Test worker] p6spy                                    : #1665377284580 | took 0ms | statement | connection 24| url jdbc:h2:mem:6a3784ae-1aa6-4bbf-b617-4d4aeabcc2af
update picture set spot_id=?, url=? where picture_id=?
update picture set spot_id=554, url='java.io.StringReader@5275c77' where picture_id=2007;
2022-10-10 13:48:04.580  INFO 3923 --- [    Test worker] p6spy                                    : #1665377284580 | took 0ms | statement | connection 24| url jdbc:h2:mem:6a3784ae-1aa6-4bbf-b617-4d4aeabcc2af
update picture set spot_id=?, url=? where picture_id=?
update picture set spot_id=555, url='java.io.StringReader@31c83e75' where picture_id=2009;
2022-10-10 13:48:04.580  INFO 3923 --- [    Test worker] p6spy                                    : #1665377284580 | took 0ms | statement | connection 24| url jdbc:h2:mem:6a3784ae-1aa6-4bbf-b617-4d4aeabcc2af
update picture set spot_id=?, url=? where picture_id=?
update picture set spot_id=555, url='java.io.StringReader@3bec416d' where picture_id=2010;
2022-10-10 13:48:04.580  INFO 3923 --- [    Test worker] p6spy                                    : #1665377284580 | took 0ms | statement | connection 24| url jdbc:h2:mem:6a3784ae-1aa6-4bbf-b617-4d4aeabcc2af
update picture set spot_id=?, url=? where picture_id=?
update picture set spot_id=555, url='java.io.StringReader@6652f18d' where picture_id=2011;
2022-10-10 13:48:04.580  INFO 3923 --- [    Test worker] p6spy                                    : #1665377284580 | took 0ms | statement | connection 24| url jdbc:h2:mem:6a3784ae-1aa6-4bbf-b617-4d4aeabcc2af
update picture set spot_id=?, url=? where picture_id=?
update picture set spot_id=556, url='java.io.StringReader@797c996c' where picture_id=2013;
2022-10-10 13:48:04.580  INFO 3923 --- [    Test worker] p6spy                                    : #1665377284580 | took 0ms | statement | connection 24| url jdbc:h2:mem:6a3784ae-1aa6-4bbf-b617-4d4aeabcc2af
update picture set spot_id=?, url=? where picture_id=?
update picture set spot_id=556, url='java.io.StringReader@544eba2' where picture_id=2014;
2022-10-10 13:48:04.580  INFO 3923 --- [    Test worker] p6spy                                    : #1665377284580 | took 0ms | statement | connection 24| url jdbc:h2:mem:6a3784ae-1aa6-4bbf-b617-4d4aeabcc2af
update picture set spot_id=?, url=? where picture_id=?
update picture set spot_id=556, url='java.io.StringReader@7b2bfc55' where picture_id=2015;
2022-10-10 13:48:04.580  INFO 3923 --- [    Test worker] p6spy                                    : #1665377284580 | took 0ms | statement | connection 24| url jdbc:h2:mem:6a3784ae-1aa6-4bbf-b617-4d4aeabcc2af
update picture set spot_id=?, url=? where picture_id=?
update picture set spot_id=557, url='java.io.StringReader@8a75b3e' where picture_id=2017;
2022-10-10 13:48:04.580  INFO 3923 --- [    Test worker] p6spy                                    : #1665377284580 | took 0ms | statement | connection 24| url jdbc:h2:mem:6a3784ae-1aa6-4bbf-b617-4d4aeabcc2af
update picture set spot_id=?, url=? where picture_id=?
update picture set spot_id=557, url='java.io.StringReader@2d5b8592' where picture_id=2018;
2022-10-10 13:48:04.580  INFO 3923 --- [    Test worker] p6spy                                    : #1665377284580 | took 0ms | statement | connection 24| url jdbc:h2:mem:6a3784ae-1aa6-4bbf-b617-4d4aeabcc2af
update picture set spot_id=?, url=? where picture_id=?
update picture set spot_id=557, url='java.io.StringReader@b2a978b' where picture_id=2019;
2022-10-10 13:48:04.580  INFO 3923 --- [    Test worker] p6spy                                    : #1665377284580 | took 0ms | statement | connection 24| url jdbc:h2:mem:6a3784ae-1aa6-4bbf-b617-4d4aeabcc2af
update picture set spot_id=?, url=? where picture_id=?
update picture set spot_id=558, url='java.io.StringReader@4f694498' where picture_id=2021;
2022-10-10 13:48:04.580  INFO 3923 --- [    Test worker] p6spy                                    : #1665377284580 | took 0ms | statement | connection 24| url jdbc:h2:mem:6a3784ae-1aa6-4bbf-b617-4d4aeabcc2af
update picture set spot_id=?, url=? where picture_id=?
update picture set spot_id=558, url='java.io.StringReader@2e87b919' where picture_id=2022;
2022-10-10 13:48:04.580  INFO 3923 --- [    Test worker] p6spy                                    : #1665377284580 | took 0ms | statement | connection 24| url jdbc:h2:mem:6a3784ae-1aa6-4bbf-b617-4d4aeabcc2af
update picture set spot_id=?, url=? where picture_id=?
update picture set spot_id=558, url='java.io.StringReader@4c13fb61' where picture_id=2023;
2022-10-10 13:48:04.581  INFO 3923 --- [    Test worker] p6spy                                    : #1665377284581 | took 0ms | statement | connection 24| url jdbc:h2:mem:6a3784ae-1aa6-4bbf-b617-4d4aeabcc2af
update picture set spot_id=?, url=? where picture_id=?
update picture set spot_id=559, url='java.io.StringReader@7f624377' where picture_id=2025;
2022-10-10 13:48:04.581  INFO 3923 --- [    Test worker] p6spy                                    : #1665377284581 | took 0ms | statement | connection 24| url jdbc:h2:mem:6a3784ae-1aa6-4bbf-b617-4d4aeabcc2af
update picture set spot_id=?, url=? where picture_id=?
update picture set spot_id=559, url='java.io.StringReader@27a8c0f3' where picture_id=2026;
2022-10-10 13:48:04.581  INFO 3923 --- [    Test worker] p6spy                                    : #1665377284581 | took 0ms | statement | connection 24| url jdbc:h2:mem:6a3784ae-1aa6-4bbf-b617-4d4aeabcc2af
update picture set spot_id=?, url=? where picture_id=?
update picture set spot_id=559, url='java.io.StringReader@5e9dc66' where picture_id=2027;
2022-10-10 13:48:04.581  INFO 3923 --- [    Test worker] p6spy                                    : #1665377284581 | took 0ms | statement | connection 24| url jdbc:h2:mem:6a3784ae-1aa6-4bbf-b617-4d4aeabcc2af
update picture set spot_id=?, url=? where picture_id=?
update picture set spot_id=560, url='java.io.StringReader@9e0f5e3' where picture_id=2029;
2022-10-10 13:48:04.581  INFO 3923 --- [    Test worker] p6spy                                    : #1665377284581 | took 0ms | statement | connection 24| url jdbc:h2:mem:6a3784ae-1aa6-4bbf-b617-4d4aeabcc2af
update picture set spot_id=?, url=? where picture_id=?
update picture set spot_id=560, url='java.io.StringReader@7827f7f6' where picture_id=2030;
2022-10-10 13:48:04.581  INFO 3923 --- [    Test worker] p6spy                                    : #1665377284581 | took 0ms | statement | connection 24| url jdbc:h2:mem:6a3784ae-1aa6-4bbf-b617-4d4aeabcc2af
update picture set spot_id=?, url=? where picture_id=?
update picture set spot_id=560, url='java.io.StringReader@6f568b26' where picture_id=2031;
2022-10-10 13:48:04.581  INFO 3923 --- [    Test worker] p6spy                                    : #1665377284581 | took 0ms | statement | connection 24| url jdbc:h2:mem:6a3784ae-1aa6-4bbf-b617-4d4aeabcc2af
update picture set spot_id=?, url=? where picture_id=?
update picture set spot_id=561, url='java.io.StringReader@3543e798' where picture_id=2033;
2022-10-10 13:48:04.581  INFO 3923 --- [    Test worker] p6spy                                    : #1665377284581 | took 0ms | statement | connection 24| url jdbc:h2:mem:6a3784ae-1aa6-4bbf-b617-4d4aeabcc2af
update picture set spot_id=?, url=? where picture_id=?
update picture set spot_id=561, url='java.io.StringReader@60d49ff7' where picture_id=2034;
2022-10-10 13:48:04.581  INFO 3923 --- [    Test worker] p6spy                                    : #1665377284581 | took 0ms | statement | connection 24| url jdbc:h2:mem:6a3784ae-1aa6-4bbf-b617-4d4aeabcc2af
update picture set spot_id=?, url=? where picture_id=?
update picture set spot_id=561, url='java.io.StringReader@79451900' where picture_id=2035;
2022-10-10 13:48:04.581  INFO 3923 --- [    Test worker] p6spy                                    : #1665377284581 | took 0ms | statement | connection 24| url jdbc:h2:mem:6a3784ae-1aa6-4bbf-b617-4d4aeabcc2af
update picture set spot_id=?, url=? where picture_id=?
update picture set spot_id=562, url='java.io.StringReader@7bb59c9c' where picture_id=2037;
2022-10-10 13:48:04.581  INFO 3923 --- [    Test worker] p6spy                                    : #1665377284581 | took 0ms | statement | connection 24| url jdbc:h2:mem:6a3784ae-1aa6-4bbf-b617-4d4aeabcc2af
update picture set spot_id=?, url=? where picture_id=?
update picture set spot_id=562, url='java.io.StringReader@36536a0f' where picture_id=2038;
2022-10-10 13:48:04.581  INFO 3923 --- [    Test worker] p6spy                                    : #1665377284581 | took 0ms | statement | connection 24| url jdbc:h2:mem:6a3784ae-1aa6-4bbf-b617-4d4aeabcc2af
update picture set spot_id=?, url=? where picture_id=?
update picture set spot_id=562, url='java.io.StringReader@4bfe79c' where picture_id=2039;
2022-10-10 13:48:04.581  INFO 3923 --- [    Test worker] p6spy                                    : #1665377284581 | took 0ms | statement | connection 24| url jdbc:h2:mem:6a3784ae-1aa6-4bbf-b617-4d4aeabcc2af
update picture set spot_id=?, url=? where picture_id=?
update picture set spot_id=563, url='java.io.StringReader@4a759c15' where picture_id=2041;
2022-10-10 13:48:04.581  INFO 3923 --- [    Test worker] p6spy                                    : #1665377284581 | took 0ms | statement | connection 24| url jdbc:h2:mem:6a3784ae-1aa6-4bbf-b617-4d4aeabcc2af
update picture set spot_id=?, url=? where picture_id=?
update picture set spot_id=563, url='java.io.StringReader@1b5ba0ca' where picture_id=2042;
2022-10-10 13:48:04.581  INFO 3923 --- [    Test worker] p6spy                                    : #1665377284581 | took 0ms | statement | connection 24| url jdbc:h2:mem:6a3784ae-1aa6-4bbf-b617-4d4aeabcc2af
update picture set spot_id=?, url=? where picture_id=?
update picture set spot_id=563, url='java.io.StringReader@6c18f0a8' where picture_id=2043;
2022-10-10 13:48:04.581  INFO 3923 --- [    Test worker] p6spy                                    : #1665377284581 | took 0ms | statement | connection 24| url jdbc:h2:mem:6a3784ae-1aa6-4bbf-b617-4d4aeabcc2af
update picture set spot_id=?, url=? where picture_id=?
update picture set spot_id=564, url='java.io.StringReader@3d7ab0e3' where picture_id=2045;
2022-10-10 13:48:04.581  INFO 3923 --- [    Test worker] p6spy                                    : #1665377284581 | took 0ms | statement | connection 24| url jdbc:h2:mem:6a3784ae-1aa6-4bbf-b617-4d4aeabcc2af
update picture set spot_id=?, url=? where picture_id=?
update picture set spot_id=564, url='java.io.StringReader@2c268ae5' where picture_id=2046;
2022-10-10 13:48:04.581  INFO 3923 --- [    Test worker] p6spy                                    : #1665377284581 | took 0ms | statement | connection 24| url jdbc:h2:mem:6a3784ae-1aa6-4bbf-b617-4d4aeabcc2af
update picture set spot_id=?, url=? where picture_id=?
update picture set spot_id=564, url='java.io.StringReader@64617ec9' where picture_id=2047;
2022-10-10 13:48:04.581  INFO 3923 --- [    Test worker] p6spy                                    : #1665377284581 | took 0ms | statement | connection 24| url jdbc:h2:mem:6a3784ae-1aa6-4bbf-b617-4d4aeabcc2af
update picture set spot_id=?, url=? where picture_id=?
update picture set spot_id=565, url='java.io.StringReader@12a573c7' where picture_id=2049;
2022-10-10 13:48:04.581  INFO 3923 --- [    Test worker] p6spy                                    : #1665377284581 | took 0ms | statement | connection 24| url jdbc:h2:mem:6a3784ae-1aa6-4bbf-b617-4d4aeabcc2af
update picture set spot_id=?, url=? where picture_id=?
update picture set spot_id=565, url='java.io.StringReader@40ac6287' where picture_id=2050;
2022-10-10 13:48:04.581  INFO 3923 --- [    Test worker] p6spy                                    : #1665377284581 | took 0ms | statement | connection 24| url jdbc:h2:mem:6a3784ae-1aa6-4bbf-b617-4d4aeabcc2af
update picture set spot_id=?, url=? where picture_id=?
update picture set spot_id=565, url='java.io.StringReader@7404cc93' where picture_id=2051;
2022-10-10 13:48:04.581  INFO 3923 --- [    Test worker] p6spy                                    : #1665377284581 | took 0ms | statement | connection 24| url jdbc:h2:mem:6a3784ae-1aa6-4bbf-b617-4d4aeabcc2af
update picture set spot_id=?, url=? where picture_id=?
update picture set spot_id=566, url='java.io.StringReader@5315719' where picture_id=2053;
2022-10-10 13:48:04.581  INFO 3923 --- [    Test worker] p6spy                                    : #1665377284581 | took 0ms | statement | connection 24| url jdbc:h2:mem:6a3784ae-1aa6-4bbf-b617-4d4aeabcc2af
update picture set spot_id=?, url=? where picture_id=?
update picture set spot_id=566, url='java.io.StringReader@6d0bd82a' where picture_id=2054;
2022-10-10 13:48:04.581  INFO 3923 --- [    Test worker] p6spy                                    : #1665377284581 | took 0ms | statement | connection 24| url jdbc:h2:mem:6a3784ae-1aa6-4bbf-b617-4d4aeabcc2af
update picture set spot_id=?, url=? where picture_id=?
update picture set spot_id=566, url='java.io.StringReader@14aa145a' where picture_id=2055;
2022-10-10 13:48:04.581  INFO 3923 --- [    Test worker] p6spy                                    : #1665377284581 | took 0ms | statement | connection 24| url jdbc:h2:mem:6a3784ae-1aa6-4bbf-b617-4d4aeabcc2af
update picture set spot_id=?, url=? where picture_id=?
update picture set spot_id=567, url='java.io.StringReader@62b69db' where picture_id=2057;
2022-10-10 13:48:04.581  INFO 3923 --- [    Test worker] p6spy                                    : #1665377284581 | took 0ms | statement | connection 24| url jdbc:h2:mem:6a3784ae-1aa6-4bbf-b617-4d4aeabcc2af
update picture set spot_id=?, url=? where picture_id=?
update picture set spot_id=567, url='java.io.StringReader@5a644b59' where picture_id=2058;
2022-10-10 13:48:04.581  INFO 3923 --- [    Test worker] p6spy                                    : #1665377284581 | took 0ms | statement | connection 24| url jdbc:h2:mem:6a3784ae-1aa6-4bbf-b617-4d4aeabcc2af
update picture set spot_id=?, url=? where picture_id=?
update picture set spot_id=567, url='java.io.StringReader@217e141a' where picture_id=2059;
2022-10-10 13:48:04.581  INFO 3923 --- [    Test worker] p6spy                                    : #1665377284581 | took 0ms | statement | connection 24| url jdbc:h2:mem:6a3784ae-1aa6-4bbf-b617-4d4aeabcc2af
update picture set spot_id=?, url=? where picture_id=?
update picture set spot_id=568, url='java.io.StringReader@5bace7af' where picture_id=2061;
2022-10-10 13:48:04.581  INFO 3923 --- [    Test worker] p6spy                                    : #1665377284581 | took 0ms | statement | connection 24| url jdbc:h2:mem:6a3784ae-1aa6-4bbf-b617-4d4aeabcc2af
update picture set spot_id=?, url=? where picture_id=?
update picture set spot_id=568, url='java.io.StringReader@5a15ec50' where picture_id=2062;
2022-10-10 13:48:04.581  INFO 3923 --- [    Test worker] p6spy                                    : #1665377284581 | took 0ms | statement | connection 24| url jdbc:h2:mem:6a3784ae-1aa6-4bbf-b617-4d4aeabcc2af
update picture set spot_id=?, url=? where picture_id=?
update picture set spot_id=568, url='java.io.StringReader@3e00055b' where picture_id=2063;
2022-10-10 13:48:04.582  INFO 3923 --- [    Test worker] c.j.r.FavoriteSpotQueryRepositoryTest    : member1 = Member(id=16, username=member1, email=member1@gmail.com, password=1234)
2022-10-10 13:48:04.582  INFO 3923 --- [    Test worker] c.j.r.FavoriteSpotQueryRepositoryTest    : favoriteMain = Favorite(id=38, name=1일차)
2022-10-10 13:48:04.582  INFO 3923 --- [    Test worker] c.j.r.FavoriteSpotQueryRepositoryTest    : spots[0] = capstone.jejuTourrecommend.domain.Spot@67eb1eff
2022-10-10 13:48:04.582  INFO 3923 --- [    Test worker] c.j.r.FavoriteSpotQueryRepositoryTest    : favoriteSpots[0] = FavoriteSpot(id=371, count=0)
2022-10-10 13:48:04.583  INFO 3923 --- [    Test worker] p6spy                                    : #1665377284583 | took 0ms | statement | connection 24| url jdbc:h2:mem:6a3784ae-1aa6-4bbf-b617-4d4aeabcc2af
select favoritesp0_.favorite_spot_id as favorite1_1_, favoritesp0_.count as count2_1_, favoritesp0_.favorite_id as favorite3_1_, favoritesp0_.spot_id as spot_id4_1_ from favorite_spot favoritesp0_ where favoritesp0_.favorite_id=? and favoritesp0_.spot_id=?
select favoritesp0_.favorite_spot_id as favorite1_1_, favoritesp0_.count as count2_1_, favoritesp0_.favorite_id as favorite3_1_, favoritesp0_.spot_id as spot_id4_1_ from favorite_spot favoritesp0_ where favoritesp0_.favorite_id=3 and favoritesp0_.spot_id=10000;
2022-10-10 13:48:04.589  INFO 3923 --- [    Test worker] p6spy                                    : #1665377284589 | took 4ms | rollback | connection 24| url jdbc:h2:mem:6a3784ae-1aa6-4bbf-b617-4d4aeabcc2af

;
2022-10-10 13:48:04.590  INFO 3923 --- [    Test worker] o.s.t.c.transaction.TransactionContext   : Rolled back transaction for test: [DefaultTestContext@792484df testClass = FavoriteSpotQueryRepositoryTest, testInstance = capstone.jejuTourrecommend.repository.FavoriteSpotQueryRepositoryTest@7075359c, testMethod = exitSpotTest@FavoriteSpotQueryRepositoryTest, testException = [null], mergedContextConfiguration = [WebMergedContextConfiguration@2efe360c testClass = FavoriteSpotQueryRepositoryTest, locations = '{}', classes = '{class capstone.jejuTourrecommend.JejuTourRecommendApplication}', contextInitializerClasses = '[]', activeProfiles = '{}', propertySourceLocations = '{}', propertySourceProperties = '{org.springframework.boot.test.context.SpringBootTestContextBootstrapper=true}', contextCustomizers = set[org.springframework.boot.test.autoconfigure.actuate.metrics.MetricsExportContextCustomizerFactory$DisableMetricExportContextCustomizer@239b0f9d, org.springframework.boot.test.autoconfigure.properties.PropertyMappingContextCustomizer@0, org.springframework.boot.test.autoconfigure.web.servlet.WebDriverContextCustomizerFactory$Customizer@c260bdc, org.springframework.boot.test.context.filter.ExcludeFilterContextCustomizer@3f363cf5, org.springframework.boot.test.json.DuplicateJsonObjectContextCustomizerFactory$DuplicateJsonObjectContextCustomizer@1bb1fde8, org.springframework.boot.test.mock.mockito.MockitoContextCustomizer@0, org.springframework.boot.test.web.client.TestRestTemplateContextCustomizer@26a4842b, org.springframework.boot.test.context.SpringBootTestArgs@1, org.springframework.boot.test.context.SpringBootTestWebEnvironment@34b9f960], resourceBasePath = 'src/main/webapp', contextLoader = 'org.springframework.boot.test.context.SpringBootContextLoader', parent = [null]], attributes = map['org.springframework.test.context.web.ServletTestExecutionListener.activateListener' -> true, 'org.springframework.test.context.web.ServletTestExecutionListener.populatedRequestContextHolder' -> true, 'org.springframework.test.context.web.ServletTestExecutionListener.resetRequestContextHolder' -> true, 'org.springframework.test.context.event.ApplicationEventsTestExecutionListener.recordApplicationEvents' -> false]]
2022-10-10 13:48:04.591  INFO 3923 --- [    Test worker] o.s.t.c.transaction.TransactionContext   : Began transaction (1) for test context [DefaultTestContext@792484df testClass = FavoriteSpotQueryRepositoryTest, testInstance = capstone.jejuTourrecommend.repository.FavoriteSpotQueryRepositoryTest@58bb2ef8, testMethod = deleteFavoriteSpot@FavoriteSpotQueryRepositoryTest, testException = [null], mergedContextConfiguration = [WebMergedContextConfiguration@2efe360c testClass = FavoriteSpotQueryRepositoryTest, locations = '{}', classes = '{class capstone.jejuTourrecommend.JejuTourRecommendApplication}', contextInitializerClasses = '[]', activeProfiles = '{}', propertySourceLocations = '{}', propertySourceProperties = '{org.springframework.boot.test.context.SpringBootTestContextBootstrapper=true}', contextCustomizers = set[org.springframework.boot.test.autoconfigure.actuate.metrics.MetricsExportContextCustomizerFactory$DisableMetricExportContextCustomizer@239b0f9d, org.springframework.boot.test.autoconfigure.properties.PropertyMappingContextCustomizer@0, org.springframework.boot.test.autoconfigure.web.servlet.WebDriverContextCustomizerFactory$Customizer@c260bdc, org.springframework.boot.test.context.filter.ExcludeFilterContextCustomizer@3f363cf5, org.springframework.boot.test.json.DuplicateJsonObjectContextCustomizerFactory$DuplicateJsonObjectContextCustomizer@1bb1fde8, org.springframework.boot.test.mock.mockito.MockitoContextCustomizer@0, org.springframework.boot.test.web.client.TestRestTemplateContextCustomizer@26a4842b, org.springframework.boot.test.context.SpringBootTestArgs@1, org.springframework.boot.test.context.SpringBootTestWebEnvironment@34b9f960], resourceBasePath = 'src/main/webapp', contextLoader = 'org.springframework.boot.test.context.SpringBootContextLoader', parent = [null]], attributes = map['org.springframework.test.context.web.ServletTestExecutionListener.activateListener' -> true, 'org.springframework.test.context.web.ServletTestExecutionListener.populatedRequestContextHolder' -> true, 'org.springframework.test.context.web.ServletTestExecutionListener.resetRequestContextHolder' -> true, 'org.springframework.test.context.event.ApplicationEventsTestExecutionListener.recordApplicationEvents' -> false]]; transaction manager [org.springframework.orm.jpa.JpaTransactionManager@5843ab8]; rollback [true]
2022-10-10 13:48:04.592  INFO 3923 --- [    Test worker] c.j.r.FavoriteSpotQueryRepositoryTest    : member1 =Member(id=18, username=member1, email=member1@gmail.com, password=1234)
2022-10-10 13:48:04.593  INFO 3923 --- [    Test worker] p6spy                                    : #1665377284593 | took 0ms | statement | connection 25| url jdbc:h2:mem:6a3784ae-1aa6-4bbf-b617-4d4aeabcc2af
call next value for hibernate_sequence
call next value for hibernate_sequence;
2022-10-10 13:48:04.593  INFO 3923 --- [    Test worker] p6spy                                    : #1665377284593 | took 0ms | statement | connection 25| url jdbc:h2:mem:6a3784ae-1aa6-4bbf-b617-4d4aeabcc2af
call next value for hibernate_sequence
call next value for hibernate_sequence;
2022-10-10 13:48:04.593  INFO 3923 --- [    Test worker] p6spy                                    : #1665377284593 | took 0ms | statement | connection 25| url jdbc:h2:mem:6a3784ae-1aa6-4bbf-b617-4d4aeabcc2af
call next value for hibernate_sequence
call next value for hibernate_sequence;
2022-10-10 13:48:04.593  INFO 3923 --- [    Test worker] p6spy                                    : #1665377284593 | took 0ms | statement | connection 25| url jdbc:h2:mem:6a3784ae-1aa6-4bbf-b617-4d4aeabcc2af
call next value for hibernate_sequence
call next value for hibernate_sequence;
2022-10-10 13:48:04.593  INFO 3923 --- [    Test worker] c.j.r.FavoriteSpotQueryRepositoryTest    : favoriteSpot = FavoriteSpot(id=421, count=0)
2022-10-10 13:48:04.593  INFO 3923 --- [    Test worker] c.j.r.FavoriteSpotQueryRepositoryTest    : Spot = capstone.jejuTourrecommend.domain.Spot@65dad7aa
2022-10-10 13:48:04.593  INFO 3923 --- [    Test worker] p6spy                                    : #1665377284593 | took 0ms | statement | connection 25| url jdbc:h2:mem:6a3784ae-1aa6-4bbf-b617-4d4aeabcc2af
call next value for hibernate_sequence
call next value for hibernate_sequence;
2022-10-10 13:48:04.593  INFO 3923 --- [    Test worker] p6spy                                    : #1665377284593 | took 0ms | statement | connection 25| url jdbc:h2:mem:6a3784ae-1aa6-4bbf-b617-4d4aeabcc2af
call next value for hibernate_sequence
call next value for hibernate_sequence;
2022-10-10 13:48:04.593  INFO 3923 --- [    Test worker] p6spy                                    : #1665377284593 | took 0ms | statement | connection 25| url jdbc:h2:mem:6a3784ae-1aa6-4bbf-b617-4d4aeabcc2af
call next value for hibernate_sequence
call next value for hibernate_sequence;
2022-10-10 13:48:04.593  INFO 3923 --- [    Test worker] p6spy                                    : #1665377284593 | took 0ms | statement | connection 25| url jdbc:h2:mem:6a3784ae-1aa6-4bbf-b617-4d4aeabcc2af
call next value for hibernate_sequence
call next value for hibernate_sequence;
2022-10-10 13:48:04.593  INFO 3923 --- [    Test worker] p6spy                                    : #1665377284593 | took 0ms | statement | connection 25| url jdbc:h2:mem:6a3784ae-1aa6-4bbf-b617-4d4aeabcc2af
call next value for hibernate_sequence
call next value for hibernate_sequence;
2022-10-10 13:48:04.593  INFO 3923 --- [    Test worker] p6spy                                    : #1665377284593 | took 0ms | statement | connection 25| url jdbc:h2:mem:6a3784ae-1aa6-4bbf-b617-4d4aeabcc2af
call next value for hibernate_sequence
call next value for hibernate_sequence;
2022-10-10 13:48:04.593  INFO 3923 --- [    Test worker] p6spy                                    : #1665377284593 | took 0ms | statement | connection 25| url jdbc:h2:mem:6a3784ae-1aa6-4bbf-b617-4d4aeabcc2af
call next value for hibernate_sequence
call next value for hibernate_sequence;
2022-10-10 13:48:04.593  INFO 3923 --- [    Test worker] p6spy                                    : #1665377284593 | took 0ms | statement | connection 25| url jdbc:h2:mem:6a3784ae-1aa6-4bbf-b617-4d4aeabcc2af
call next value for hibernate_sequence
call next value for hibernate_sequence;
2022-10-10 13:48:04.593  INFO 3923 --- [    Test worker] c.j.r.FavoriteSpotQueryRepositoryTest    : favoriteSpot = FavoriteSpot(id=422, count=0)
2022-10-10 13:48:04.593  INFO 3923 --- [    Test worker] c.j.r.FavoriteSpotQueryRepositoryTest    : Spot = capstone.jejuTourrecommend.domain.Spot@ced5671
2022-10-10 13:48:04.593  INFO 3923 --- [    Test worker] p6spy                                    : #1665377284593 | took 0ms | statement | connection 25| url jdbc:h2:mem:6a3784ae-1aa6-4bbf-b617-4d4aeabcc2af
call next value for hibernate_sequence
call next value for hibernate_sequence;
2022-10-10 13:48:04.593  INFO 3923 --- [    Test worker] p6spy                                    : #1665377284593 | took 0ms | statement | connection 25| url jdbc:h2:mem:6a3784ae-1aa6-4bbf-b617-4d4aeabcc2af
call next value for hibernate_sequence
call next value for hibernate_sequence;
2022-10-10 13:48:04.593  INFO 3923 --- [    Test worker] p6spy                                    : #1665377284593 | took 0ms | statement | connection 25| url jdbc:h2:mem:6a3784ae-1aa6-4bbf-b617-4d4aeabcc2af
call next value for hibernate_sequence
call next value for hibernate_sequence;
2022-10-10 13:48:04.593  INFO 3923 --- [    Test worker] p6spy                                    : #1665377284593 | took 0ms | statement | connection 25| url jdbc:h2:mem:6a3784ae-1aa6-4bbf-b617-4d4aeabcc2af
call next value for hibernate_sequence
call next value for hibernate_sequence;
2022-10-10 13:48:04.593  INFO 3923 --- [    Test worker] p6spy                                    : #1665377284593 | took 0ms | statement | connection 25| url jdbc:h2:mem:6a3784ae-1aa6-4bbf-b617-4d4aeabcc2af
call next value for hibernate_sequence
call next value for hibernate_sequence;
2022-10-10 13:48:04.593  INFO 3923 --- [    Test worker] p6spy                                    : #1665377284593 | took 0ms | statement | connection 25| url jdbc:h2:mem:6a3784ae-1aa6-4bbf-b617-4d4aeabcc2af
call next value for hibernate_sequence
call next value for hibernate_sequence;
2022-10-10 13:48:04.593  INFO 3923 --- [    Test worker] p6spy                                    : #1665377284593 | took 0ms | statement | connection 25| url jdbc:h2:mem:6a3784ae-1aa6-4bbf-b617-4d4aeabcc2af
call next value for hibernate_sequence
call next value for hibernate_sequence;
2022-10-10 13:48:04.593  INFO 3923 --- [    Test worker] p6spy                                    : #1665377284593 | took 0ms | statement | connection 25| url jdbc:h2:mem:6a3784ae-1aa6-4bbf-b617-4d4aeabcc2af
call next value for hibernate_sequence
call next value for hibernate_sequence;
2022-10-10 13:48:04.593  INFO 3923 --- [    Test worker] c.j.r.FavoriteSpotQueryRepositoryTest    : favoriteSpot = FavoriteSpot(id=423, count=0)
2022-10-10 13:48:04.593  INFO 3923 --- [    Test worker] c.j.r.FavoriteSpotQueryRepositoryTest    : Spot = capstone.jejuTourrecommend.domain.Spot@314f3000
2022-10-10 13:48:04.593  INFO 3923 --- [    Test worker] p6spy                                    : #1665377284593 | took 0ms | statement | connection 25| url jdbc:h2:mem:6a3784ae-1aa6-4bbf-b617-4d4aeabcc2af
call next value for hibernate_sequence
call next value for hibernate_sequence;
2022-10-10 13:48:04.593  INFO 3923 --- [    Test worker] p6spy                                    : #1665377284593 | took 0ms | statement | connection 25| url jdbc:h2:mem:6a3784ae-1aa6-4bbf-b617-4d4aeabcc2af
call next value for hibernate_sequence
call next value for hibernate_sequence;
2022-10-10 13:48:04.593  INFO 3923 --- [    Test worker] p6spy                                    : #1665377284593 | took 0ms | statement | connection 25| url jdbc:h2:mem:6a3784ae-1aa6-4bbf-b617-4d4aeabcc2af
call next value for hibernate_sequence
call next value for hibernate_sequence;
2022-10-10 13:48:04.593  INFO 3923 --- [    Test worker] p6spy                                    : #1665377284593 | took 0ms | statement | connection 25| url jdbc:h2:mem:6a3784ae-1aa6-4bbf-b617-4d4aeabcc2af
call next value for hibernate_sequence
call next value for hibernate_sequence;
2022-10-10 13:48:04.594  INFO 3923 --- [    Test worker] p6spy                                    : #1665377284594 | took 0ms | statement | connection 25| url jdbc:h2:mem:6a3784ae-1aa6-4bbf-b617-4d4aeabcc2af
call next value for hibernate_sequence
call next value for hibernate_sequence;
2022-10-10 13:48:04.594  INFO 3923 --- [    Test worker] p6spy                                    : #1665377284594 | took 0ms | statement | connection 25| url jdbc:h2:mem:6a3784ae-1aa6-4bbf-b617-4d4aeabcc2af
call next value for hibernate_sequence
call next value for hibernate_sequence;
2022-10-10 13:48:04.594  INFO 3923 --- [    Test worker] p6spy                                    : #1665377284594 | took 0ms | statement | connection 25| url jdbc:h2:mem:6a3784ae-1aa6-4bbf-b617-4d4aeabcc2af
call next value for hibernate_sequence
call next value for hibernate_sequence;
2022-10-10 13:48:04.594  INFO 3923 --- [    Test worker] p6spy                                    : #1665377284594 | took 0ms | statement | connection 25| url jdbc:h2:mem:6a3784ae-1aa6-4bbf-b617-4d4aeabcc2af
call next value for hibernate_sequence
call next value for hibernate_sequence;
2022-10-10 13:48:04.594  INFO 3923 --- [    Test worker] c.j.r.FavoriteSpotQueryRepositoryTest    : favoriteSpot = FavoriteSpot(id=424, count=0)
2022-10-10 13:48:04.594  INFO 3923 --- [    Test worker] c.j.r.FavoriteSpotQueryRepositoryTest    : Spot = capstone.jejuTourrecommend.domain.Spot@5c19d513
2022-10-10 13:48:04.594  INFO 3923 --- [    Test worker] p6spy                                    : #1665377284594 | took 0ms | statement | connection 25| url jdbc:h2:mem:6a3784ae-1aa6-4bbf-b617-4d4aeabcc2af
call next value for hibernate_sequence
call next value for hibernate_sequence;
2022-10-10 13:48:04.594  INFO 3923 --- [    Test worker] p6spy                                    : #1665377284594 | took 0ms | statement | connection 25| url jdbc:h2:mem:6a3784ae-1aa6-4bbf-b617-4d4aeabcc2af
call next value for hibernate_sequence
call next value for hibernate_sequence;
2022-10-10 13:48:04.594  INFO 3923 --- [    Test worker] p6spy                                    : #1665377284594 | took 0ms | statement | connection 25| url jdbc:h2:mem:6a3784ae-1aa6-4bbf-b617-4d4aeabcc2af
call next value for hibernate_sequence
call next value for hibernate_sequence;
2022-10-10 13:48:04.594  INFO 3923 --- [    Test worker] p6spy                                    : #1665377284594 | took 0ms | statement | connection 25| url jdbc:h2:mem:6a3784ae-1aa6-4bbf-b617-4d4aeabcc2af
call next value for hibernate_sequence
call next value for hibernate_sequence;
2022-10-10 13:48:04.594  INFO 3923 --- [    Test worker] p6spy                                    : #1665377284594 | took 0ms | statement | connection 25| url jdbc:h2:mem:6a3784ae-1aa6-4bbf-b617-4d4aeabcc2af
call next value for hibernate_sequence
call next value for hibernate_sequence;
2022-10-10 13:48:04.594  INFO 3923 --- [    Test worker] p6spy                                    : #1665377284594 | took 0ms | statement | connection 25| url jdbc:h2:mem:6a3784ae-1aa6-4bbf-b617-4d4aeabcc2af
call next value for hibernate_sequence
call next value for hibernate_sequence;
2022-10-10 13:48:04.594  INFO 3923 --- [    Test worker] p6spy                                    : #1665377284594 | took 0ms | statement | connection 25| url jdbc:h2:mem:6a3784ae-1aa6-4bbf-b617-4d4aeabcc2af
call next value for hibernate_sequence
call next value for hibernate_sequence;
2022-10-10 13:48:04.594  INFO 3923 --- [    Test worker] p6spy                                    : #1665377284594 | took 0ms | statement | connection 25| url jdbc:h2:mem:6a3784ae-1aa6-4bbf-b617-4d4aeabcc2af
call next value for hibernate_sequence
call next value for hibernate_sequence;
2022-10-10 13:48:04.594  INFO 3923 --- [    Test worker] c.j.r.FavoriteSpotQueryRepositoryTest    : favoriteSpot = FavoriteSpot(id=425, count=0)
2022-10-10 13:48:04.594  INFO 3923 --- [    Test worker] c.j.r.FavoriteSpotQueryRepositoryTest    : Spot = capstone.jejuTourrecommend.domain.Spot@39c5f774
2022-10-10 13:48:04.594  INFO 3923 --- [    Test worker] p6spy                                    : #1665377284594 | took 0ms | statement | connection 25| url jdbc:h2:mem:6a3784ae-1aa6-4bbf-b617-4d4aeabcc2af
call next value for hibernate_sequence
call next value for hibernate_sequence;
2022-10-10 13:48:04.594  INFO 3923 --- [    Test worker] p6spy                                    : #1665377284594 | took 0ms | statement | connection 25| url jdbc:h2:mem:6a3784ae-1aa6-4bbf-b617-4d4aeabcc2af
call next value for hibernate_sequence
call next value for hibernate_sequence;
2022-10-10 13:48:04.594  INFO 3923 --- [    Test worker] p6spy                                    : #1665377284594 | took 0ms | statement | connection 25| url jdbc:h2:mem:6a3784ae-1aa6-4bbf-b617-4d4aeabcc2af
call next value for hibernate_sequence
call next value for hibernate_sequence;
2022-10-10 13:48:04.594  INFO 3923 --- [    Test worker] p6spy                                    : #1665377284594 | took 0ms | statement | connection 25| url jdbc:h2:mem:6a3784ae-1aa6-4bbf-b617-4d4aeabcc2af
call next value for hibernate_sequence
call next value for hibernate_sequence;
2022-10-10 13:48:04.594  INFO 3923 --- [    Test worker] p6spy                                    : #1665377284594 | took 0ms | statement | connection 25| url jdbc:h2:mem:6a3784ae-1aa6-4bbf-b617-4d4aeabcc2af
call next value for hibernate_sequence
call next value for hibernate_sequence;
2022-10-10 13:48:04.594  INFO 3923 --- [    Test worker] p6spy                                    : #1665377284594 | took 0ms | statement | connection 25| url jdbc:h2:mem:6a3784ae-1aa6-4bbf-b617-4d4aeabcc2af
call next value for hibernate_sequence
call next value for hibernate_sequence;
2022-10-10 13:48:04.594  INFO 3923 --- [    Test worker] p6spy                                    : #1665377284594 | took 0ms | statement | connection 25| url jdbc:h2:mem:6a3784ae-1aa6-4bbf-b617-4d4aeabcc2af
call next value for hibernate_sequence
call next value for hibernate_sequence;
2022-10-10 13:48:04.594  INFO 3923 --- [    Test worker] p6spy                                    : #1665377284594 | took 0ms | statement | connection 25| url jdbc:h2:mem:6a3784ae-1aa6-4bbf-b617-4d4aeabcc2af
call next value for hibernate_sequence
call next value for hibernate_sequence;
2022-10-10 13:48:04.594  INFO 3923 --- [    Test worker] c.j.r.FavoriteSpotQueryRepositoryTest    : favoriteSpot = FavoriteSpot(id=426, count=0)
2022-10-10 13:48:04.594  INFO 3923 --- [    Test worker] c.j.r.FavoriteSpotQueryRepositoryTest    : Spot = capstone.jejuTourrecommend.domain.Spot@18d7c2c9
2022-10-10 13:48:04.594  INFO 3923 --- [    Test worker] p6spy                                    : #1665377284594 | took 0ms | statement | connection 25| url jdbc:h2:mem:6a3784ae-1aa6-4bbf-b617-4d4aeabcc2af
call next value for hibernate_sequence
call next value for hibernate_sequence;
2022-10-10 13:48:04.594  INFO 3923 --- [    Test worker] p6spy                                    : #1665377284594 | took 0ms | statement | connection 25| url jdbc:h2:mem:6a3784ae-1aa6-4bbf-b617-4d4aeabcc2af
call next value for hibernate_sequence
call next value for hibernate_sequence;
2022-10-10 13:48:04.594  INFO 3923 --- [    Test worker] p6spy                                    : #1665377284594 | took 0ms | statement | connection 25| url jdbc:h2:mem:6a3784ae-1aa6-4bbf-b617-4d4aeabcc2af
call next value for hibernate_sequence
call next value for hibernate_sequence;
2022-10-10 13:48:04.594  INFO 3923 --- [    Test worker] p6spy                                    : #1665377284594 | took 0ms | statement | connection 25| url jdbc:h2:mem:6a3784ae-1aa6-4bbf-b617-4d4aeabcc2af
call next value for hibernate_sequence
call next value for hibernate_sequence;
2022-10-10 13:48:04.594  INFO 3923 --- [    Test worker] p6spy                                    : #1665377284594 | took 0ms | statement | connection 25| url jdbc:h2:mem:6a3784ae-1aa6-4bbf-b617-4d4aeabcc2af
call next value for hibernate_sequence
call next value for hibernate_sequence;
2022-10-10 13:48:04.594  INFO 3923 --- [    Test worker] p6spy                                    : #1665377284594 | took 0ms | statement | connection 25| url jdbc:h2:mem:6a3784ae-1aa6-4bbf-b617-4d4aeabcc2af
call next value for hibernate_sequence
call next value for hibernate_sequence;
2022-10-10 13:48:04.594  INFO 3923 --- [    Test worker] p6spy                                    : #1665377284594 | took 0ms | statement | connection 25| url jdbc:h2:mem:6a3784ae-1aa6-4bbf-b617-4d4aeabcc2af
call next value for hibernate_sequence
call next value for hibernate_sequence;
2022-10-10 13:48:04.594  INFO 3923 --- [    Test worker] p6spy                                    : #1665377284594 | took 0ms | statement | connection 25| url jdbc:h2:mem:6a3784ae-1aa6-4bbf-b617-4d4aeabcc2af
call next value for hibernate_sequence
call next value for hibernate_sequence;
2022-10-10 13:48:04.594  INFO 3923 --- [    Test worker] c.j.r.FavoriteSpotQueryRepositoryTest    : favoriteSpot = FavoriteSpot(id=427, count=0)
2022-10-10 13:48:04.594  INFO 3923 --- [    Test worker] c.j.r.FavoriteSpotQueryRepositoryTest    : Spot = capstone.jejuTourrecommend.domain.Spot@4d5f25e4
2022-10-10 13:48:04.594  INFO 3923 --- [    Test worker] p6spy                                    : #1665377284594 | took 0ms | statement | connection 25| url jdbc:h2:mem:6a3784ae-1aa6-4bbf-b617-4d4aeabcc2af
call next value for hibernate_sequence
call next value for hibernate_sequence;
2022-10-10 13:48:04.594  INFO 3923 --- [    Test worker] p6spy                                    : #1665377284594 | took 0ms | statement | connection 25| url jdbc:h2:mem:6a3784ae-1aa6-4bbf-b617-4d4aeabcc2af
call next value for hibernate_sequence
call next value for hibernate_sequence;
2022-10-10 13:48:04.594  INFO 3923 --- [    Test worker] p6spy                                    : #1665377284594 | took 0ms | statement | connection 25| url jdbc:h2:mem:6a3784ae-1aa6-4bbf-b617-4d4aeabcc2af
call next value for hibernate_sequence
call next value for hibernate_sequence;
2022-10-10 13:48:04.594  INFO 3923 --- [    Test worker] p6spy                                    : #1665377284594 | took 0ms | statement | connection 25| url jdbc:h2:mem:6a3784ae-1aa6-4bbf-b617-4d4aeabcc2af
call next value for hibernate_sequence
call next value for hibernate_sequence;
2022-10-10 13:48:04.594  INFO 3923 --- [    Test worker] p6spy                                    : #1665377284594 | took 0ms | statement | connection 25| url jdbc:h2:mem:6a3784ae-1aa6-4bbf-b617-4d4aeabcc2af
call next value for hibernate_sequence
call next value for hibernate_sequence;
2022-10-10 13:48:04.594  INFO 3923 --- [    Test worker] p6spy                                    : #1665377284594 | took 0ms | statement | connection 25| url jdbc:h2:mem:6a3784ae-1aa6-4bbf-b617-4d4aeabcc2af
call next value for hibernate_sequence
call next value for hibernate_sequence;
2022-10-10 13:48:04.594  INFO 3923 --- [    Test worker] p6spy                                    : #1665377284594 | took 0ms | statement | connection 25| url jdbc:h2:mem:6a3784ae-1aa6-4bbf-b617-4d4aeabcc2af
call next value for hibernate_sequence
call next value for hibernate_sequence;
2022-10-10 13:48:04.594  INFO 3923 --- [    Test worker] p6spy                                    : #1665377284594 | took 0ms | statement | connection 25| url jdbc:h2:mem:6a3784ae-1aa6-4bbf-b617-4d4aeabcc2af
call next value for hibernate_sequence
call next value for hibernate_sequence;
2022-10-10 13:48:04.594  INFO 3923 --- [    Test worker] c.j.r.FavoriteSpotQueryRepositoryTest    : favoriteSpot = FavoriteSpot(id=428, count=0)
2022-10-10 13:48:04.594  INFO 3923 --- [    Test worker] c.j.r.FavoriteSpotQueryRepositoryTest    : Spot = capstone.jejuTourrecommend.domain.Spot@5239ebe3
2022-10-10 13:48:04.594  INFO 3923 --- [    Test worker] p6spy                                    : #1665377284594 | took 0ms | statement | connection 25| url jdbc:h2:mem:6a3784ae-1aa6-4bbf-b617-4d4aeabcc2af
call next value for hibernate_sequence
call next value for hibernate_sequence;
2022-10-10 13:48:04.594  INFO 3923 --- [    Test worker] p6spy                                    : #1665377284594 | took 0ms | statement | connection 25| url jdbc:h2:mem:6a3784ae-1aa6-4bbf-b617-4d4aeabcc2af
call next value for hibernate_sequence
call next value for hibernate_sequence;
2022-10-10 13:48:04.594  INFO 3923 --- [    Test worker] p6spy                                    : #1665377284594 | took 0ms | statement | connection 25| url jdbc:h2:mem:6a3784ae-1aa6-4bbf-b617-4d4aeabcc2af
call next value for hibernate_sequence
call next value for hibernate_sequence;
2022-10-10 13:48:04.595  INFO 3923 --- [    Test worker] p6spy                                    : #1665377284595 | took 0ms | statement | connection 25| url jdbc:h2:mem:6a3784ae-1aa6-4bbf-b617-4d4aeabcc2af
call next value for hibernate_sequence
call next value for hibernate_sequence;
2022-10-10 13:48:04.595  INFO 3923 --- [    Test worker] p6spy                                    : #1665377284595 | took 0ms | statement | connection 25| url jdbc:h2:mem:6a3784ae-1aa6-4bbf-b617-4d4aeabcc2af
call next value for hibernate_sequence
call next value for hibernate_sequence;
2022-10-10 13:48:04.595  INFO 3923 --- [    Test worker] p6spy                                    : #1665377284595 | took 0ms | statement | connection 25| url jdbc:h2:mem:6a3784ae-1aa6-4bbf-b617-4d4aeabcc2af
call next value for hibernate_sequence
call next value for hibernate_sequence;
2022-10-10 13:48:04.595  INFO 3923 --- [    Test worker] p6spy                                    : #1665377284595 | took 0ms | statement | connection 25| url jdbc:h2:mem:6a3784ae-1aa6-4bbf-b617-4d4aeabcc2af
call next value for hibernate_sequence
call next value for hibernate_sequence;
2022-10-10 13:48:04.595  INFO 3923 --- [    Test worker] p6spy                                    : #1665377284595 | took 0ms | statement | connection 25| url jdbc:h2:mem:6a3784ae-1aa6-4bbf-b617-4d4aeabcc2af
call next value for hibernate_sequence
call next value for hibernate_sequence;
2022-10-10 13:48:04.595  INFO 3923 --- [    Test worker] c.j.r.FavoriteSpotQueryRepositoryTest    : favoriteSpot = FavoriteSpot(id=429, count=0)
2022-10-10 13:48:04.595  INFO 3923 --- [    Test worker] c.j.r.FavoriteSpotQueryRepositoryTest    : Spot = capstone.jejuTourrecommend.domain.Spot@79611e12
2022-10-10 13:48:04.595  INFO 3923 --- [    Test worker] p6spy                                    : #1665377284595 | took 0ms | statement | connection 25| url jdbc:h2:mem:6a3784ae-1aa6-4bbf-b617-4d4aeabcc2af
call next value for hibernate_sequence
call next value for hibernate_sequence;
2022-10-10 13:48:04.595  INFO 3923 --- [    Test worker] p6spy                                    : #1665377284595 | took 0ms | statement | connection 25| url jdbc:h2:mem:6a3784ae-1aa6-4bbf-b617-4d4aeabcc2af
call next value for hibernate_sequence
call next value for hibernate_sequence;
2022-10-10 13:48:04.595  INFO 3923 --- [    Test worker] p6spy                                    : #1665377284595 | took 0ms | statement | connection 25| url jdbc:h2:mem:6a3784ae-1aa6-4bbf-b617-4d4aeabcc2af
call next value for hibernate_sequence
call next value for hibernate_sequence;
2022-10-10 13:48:04.595  INFO 3923 --- [    Test worker] p6spy                                    : #1665377284595 | took 0ms | statement | connection 25| url jdbc:h2:mem:6a3784ae-1aa6-4bbf-b617-4d4aeabcc2af
call next value for hibernate_sequence
call next value for hibernate_sequence;
2022-10-10 13:48:04.595  INFO 3923 --- [    Test worker] p6spy                                    : #1665377284595 | took 0ms | statement | connection 25| url jdbc:h2:mem:6a3784ae-1aa6-4bbf-b617-4d4aeabcc2af
call next value for hibernate_sequence
call next value for hibernate_sequence;
2022-10-10 13:48:04.595  INFO 3923 --- [    Test worker] p6spy                                    : #1665377284595 | took 0ms | statement | connection 25| url jdbc:h2:mem:6a3784ae-1aa6-4bbf-b617-4d4aeabcc2af
call next value for hibernate_sequence
call next value for hibernate_sequence;
2022-10-10 13:48:04.595  INFO 3923 --- [    Test worker] p6spy                                    : #1665377284595 | took 0ms | statement | connection 25| url jdbc:h2:mem:6a3784ae-1aa6-4bbf-b617-4d4aeabcc2af
call next value for hibernate_sequence
call next value for hibernate_sequence;
2022-10-10 13:48:04.595  INFO 3923 --- [    Test worker] p6spy                                    : #1665377284595 | took 0ms | statement | connection 25| url jdbc:h2:mem:6a3784ae-1aa6-4bbf-b617-4d4aeabcc2af
call next value for hibernate_sequence
call next value for hibernate_sequence;
2022-10-10 13:48:04.595  INFO 3923 --- [    Test worker] c.j.r.FavoriteSpotQueryRepositoryTest    : favoriteSpot = FavoriteSpot(id=430, count=0)
2022-10-10 13:48:04.595  INFO 3923 --- [    Test worker] c.j.r.FavoriteSpotQueryRepositoryTest    : Spot = capstone.jejuTourrecommend.domain.Spot@1d0c0049
2022-10-10 13:48:04.595  INFO 3923 --- [    Test worker] p6spy                                    : #1665377284595 | took 0ms | statement | connection 25| url jdbc:h2:mem:6a3784ae-1aa6-4bbf-b617-4d4aeabcc2af
call next value for hibernate_sequence
call next value for hibernate_sequence;
2022-10-10 13:48:04.595  INFO 3923 --- [    Test worker] p6spy                                    : #1665377284595 | took 0ms | statement | connection 25| url jdbc:h2:mem:6a3784ae-1aa6-4bbf-b617-4d4aeabcc2af
call next value for hibernate_sequence
call next value for hibernate_sequence;
2022-10-10 13:48:04.595  INFO 3923 --- [    Test worker] p6spy                                    : #1665377284595 | took 0ms | statement | connection 25| url jdbc:h2:mem:6a3784ae-1aa6-4bbf-b617-4d4aeabcc2af
call next value for hibernate_sequence
call next value for hibernate_sequence;
2022-10-10 13:48:04.595  INFO 3923 --- [    Test worker] p6spy                                    : #1665377284595 | took 0ms | statement | connection 25| url jdbc:h2:mem:6a3784ae-1aa6-4bbf-b617-4d4aeabcc2af
call next value for hibernate_sequence
call next value for hibernate_sequence;
2022-10-10 13:48:04.595  INFO 3923 --- [    Test worker] p6spy                                    : #1665377284595 | took 0ms | statement | connection 25| url jdbc:h2:mem:6a3784ae-1aa6-4bbf-b617-4d4aeabcc2af
call next value for hibernate_sequence
call next value for hibernate_sequence;
2022-10-10 13:48:04.595  INFO 3923 --- [    Test worker] p6spy                                    : #1665377284595 | took 0ms | statement | connection 25| url jdbc:h2:mem:6a3784ae-1aa6-4bbf-b617-4d4aeabcc2af
call next value for hibernate_sequence
call next value for hibernate_sequence;
2022-10-10 13:48:04.595  INFO 3923 --- [    Test worker] p6spy                                    : #1665377284595 | took 0ms | statement | connection 25| url jdbc:h2:mem:6a3784ae-1aa6-4bbf-b617-4d4aeabcc2af
call next value for hibernate_sequence
call next value for hibernate_sequence;
2022-10-10 13:48:04.595  INFO 3923 --- [    Test worker] p6spy                                    : #1665377284595 | took 0ms | statement | connection 25| url jdbc:h2:mem:6a3784ae-1aa6-4bbf-b617-4d4aeabcc2af
call next value for hibernate_sequence
call next value for hibernate_sequence;
2022-10-10 13:48:04.595  INFO 3923 --- [    Test worker] c.j.r.FavoriteSpotQueryRepositoryTest    : favoriteSpot = FavoriteSpot(id=431, count=0)
2022-10-10 13:48:04.595  INFO 3923 --- [    Test worker] c.j.r.FavoriteSpotQueryRepositoryTest    : Spot = capstone.jejuTourrecommend.domain.Spot@38babc22
2022-10-10 13:48:04.595  INFO 3923 --- [    Test worker] p6spy                                    : #1665377284595 | took 0ms | statement | connection 25| url jdbc:h2:mem:6a3784ae-1aa6-4bbf-b617-4d4aeabcc2af
call next value for hibernate_sequence
call next value for hibernate_sequence;
2022-10-10 13:48:04.595  INFO 3923 --- [    Test worker] p6spy                                    : #1665377284595 | took 0ms | statement | connection 25| url jdbc:h2:mem:6a3784ae-1aa6-4bbf-b617-4d4aeabcc2af
call next value for hibernate_sequence
call next value for hibernate_sequence;
2022-10-10 13:48:04.595  INFO 3923 --- [    Test worker] p6spy                                    : #1665377284595 | took 0ms | statement | connection 25| url jdbc:h2:mem:6a3784ae-1aa6-4bbf-b617-4d4aeabcc2af
call next value for hibernate_sequence
call next value for hibernate_sequence;
2022-10-10 13:48:04.595  INFO 3923 --- [    Test worker] p6spy                                    : #1665377284595 | took 0ms | statement | connection 25| url jdbc:h2:mem:6a3784ae-1aa6-4bbf-b617-4d4aeabcc2af
call next value for hibernate_sequence
call next value for hibernate_sequence;
2022-10-10 13:48:04.595  INFO 3923 --- [    Test worker] p6spy                                    : #1665377284595 | took 0ms | statement | connection 25| url jdbc:h2:mem:6a3784ae-1aa6-4bbf-b617-4d4aeabcc2af
call next value for hibernate_sequence
call next value for hibernate_sequence;
2022-10-10 13:48:04.595  INFO 3923 --- [    Test worker] p6spy                                    : #1665377284595 | took 0ms | statement | connection 25| url jdbc:h2:mem:6a3784ae-1aa6-4bbf-b617-4d4aeabcc2af
call next value for hibernate_sequence
call next value for hibernate_sequence;
2022-10-10 13:48:04.595  INFO 3923 --- [    Test worker] p6spy                                    : #1665377284595 | took 0ms | statement | connection 25| url jdbc:h2:mem:6a3784ae-1aa6-4bbf-b617-4d4aeabcc2af
call next value for hibernate_sequence
call next value for hibernate_sequence;
2022-10-10 13:48:04.595  INFO 3923 --- [    Test worker] p6spy                                    : #1665377284595 | took 0ms | statement | connection 25| url jdbc:h2:mem:6a3784ae-1aa6-4bbf-b617-4d4aeabcc2af
call next value for hibernate_sequence
call next value for hibernate_sequence;
2022-10-10 13:48:04.595  INFO 3923 --- [    Test worker] c.j.r.FavoriteSpotQueryRepositoryTest    : favoriteSpot = FavoriteSpot(id=432, count=0)
2022-10-10 13:48:04.595  INFO 3923 --- [    Test worker] c.j.r.FavoriteSpotQueryRepositoryTest    : Spot = capstone.jejuTourrecommend.domain.Spot@57800592
2022-10-10 13:48:04.595  INFO 3923 --- [    Test worker] p6spy                                    : #1665377284595 | took 0ms | statement | connection 25| url jdbc:h2:mem:6a3784ae-1aa6-4bbf-b617-4d4aeabcc2af
call next value for hibernate_sequence
call next value for hibernate_sequence;
2022-10-10 13:48:04.595  INFO 3923 --- [    Test worker] p6spy                                    : #1665377284595 | took 0ms | statement | connection 25| url jdbc:h2:mem:6a3784ae-1aa6-4bbf-b617-4d4aeabcc2af
call next value for hibernate_sequence
call next value for hibernate_sequence;
2022-10-10 13:48:04.595  INFO 3923 --- [    Test worker] p6spy                                    : #1665377284595 | took 0ms | statement | connection 25| url jdbc:h2:mem:6a3784ae-1aa6-4bbf-b617-4d4aeabcc2af
call next value for hibernate_sequence
call next value for hibernate_sequence;
2022-10-10 13:48:04.595  INFO 3923 --- [    Test worker] p6spy                                    : #1665377284595 | took 0ms | statement | connection 25| url jdbc:h2:mem:6a3784ae-1aa6-4bbf-b617-4d4aeabcc2af
call next value for hibernate_sequence
call next value for hibernate_sequence;
2022-10-10 13:48:04.595  INFO 3923 --- [    Test worker] p6spy                                    : #1665377284595 | took 0ms | statement | connection 25| url jdbc:h2:mem:6a3784ae-1aa6-4bbf-b617-4d4aeabcc2af
call next value for hibernate_sequence
call next value for hibernate_sequence;
2022-10-10 13:48:04.595  INFO 3923 --- [    Test worker] p6spy                                    : #1665377284595 | took 0ms | statement | connection 25| url jdbc:h2:mem:6a3784ae-1aa6-4bbf-b617-4d4aeabcc2af
call next value for hibernate_sequence
call next value for hibernate_sequence;
2022-10-10 13:48:04.595  INFO 3923 --- [    Test worker] p6spy                                    : #1665377284595 | took 0ms | statement | connection 25| url jdbc:h2:mem:6a3784ae-1aa6-4bbf-b617-4d4aeabcc2af
call next value for hibernate_sequence
call next value for hibernate_sequence;
2022-10-10 13:48:04.595  INFO 3923 --- [    Test worker] p6spy                                    : #1665377284595 | took 0ms | statement | connection 25| url jdbc:h2:mem:6a3784ae-1aa6-4bbf-b617-4d4aeabcc2af
call next value for hibernate_sequence
call next value for hibernate_sequence;
2022-10-10 13:48:04.595  INFO 3923 --- [    Test worker] c.j.r.FavoriteSpotQueryRepositoryTest    : favoriteSpot = FavoriteSpot(id=433, count=0)
2022-10-10 13:48:04.596  INFO 3923 --- [    Test worker] c.j.r.FavoriteSpotQueryRepositoryTest    : Spot = capstone.jejuTourrecommend.domain.Spot@74c4c452
2022-10-10 13:48:04.596  INFO 3923 --- [    Test worker] p6spy                                    : #1665377284596 | took 0ms | statement | connection 25| url jdbc:h2:mem:6a3784ae-1aa6-4bbf-b617-4d4aeabcc2af
call next value for hibernate_sequence
call next value for hibernate_sequence;
2022-10-10 13:48:04.596  INFO 3923 --- [    Test worker] p6spy                                    : #1665377284596 | took 0ms | statement | connection 25| url jdbc:h2:mem:6a3784ae-1aa6-4bbf-b617-4d4aeabcc2af
call next value for hibernate_sequence
call next value for hibernate_sequence;
2022-10-10 13:48:04.596  INFO 3923 --- [    Test worker] p6spy                                    : #1665377284596 | took 0ms | statement | connection 25| url jdbc:h2:mem:6a3784ae-1aa6-4bbf-b617-4d4aeabcc2af
call next value for hibernate_sequence
call next value for hibernate_sequence;
2022-10-10 13:48:04.596  INFO 3923 --- [    Test worker] p6spy                                    : #1665377284596 | took 0ms | statement | connection 25| url jdbc:h2:mem:6a3784ae-1aa6-4bbf-b617-4d4aeabcc2af
call next value for hibernate_sequence
call next value for hibernate_sequence;
2022-10-10 13:48:04.596  INFO 3923 --- [    Test worker] p6spy                                    : #1665377284596 | took 0ms | statement | connection 25| url jdbc:h2:mem:6a3784ae-1aa6-4bbf-b617-4d4aeabcc2af
call next value for hibernate_sequence
call next value for hibernate_sequence;
2022-10-10 13:48:04.596  INFO 3923 --- [    Test worker] p6spy                                    : #1665377284596 | took 0ms | statement | connection 25| url jdbc:h2:mem:6a3784ae-1aa6-4bbf-b617-4d4aeabcc2af
call next value for hibernate_sequence
call next value for hibernate_sequence;
2022-10-10 13:48:04.596  INFO 3923 --- [    Test worker] p6spy                                    : #1665377284596 | took 0ms | statement | connection 25| url jdbc:h2:mem:6a3784ae-1aa6-4bbf-b617-4d4aeabcc2af
call next value for hibernate_sequence
call next value for hibernate_sequence;
2022-10-10 13:48:04.596  INFO 3923 --- [    Test worker] p6spy                                    : #1665377284596 | took 0ms | statement | connection 25| url jdbc:h2:mem:6a3784ae-1aa6-4bbf-b617-4d4aeabcc2af
call next value for hibernate_sequence
call next value for hibernate_sequence;
2022-10-10 13:48:04.596  INFO 3923 --- [    Test worker] c.j.r.FavoriteSpotQueryRepositoryTest    : favoriteSpot = FavoriteSpot(id=434, count=0)
2022-10-10 13:48:04.596  INFO 3923 --- [    Test worker] c.j.r.FavoriteSpotQueryRepositoryTest    : Spot = capstone.jejuTourrecommend.domain.Spot@695fa644
2022-10-10 13:48:04.596  INFO 3923 --- [    Test worker] p6spy                                    : #1665377284596 | took 0ms | statement | connection 25| url jdbc:h2:mem:6a3784ae-1aa6-4bbf-b617-4d4aeabcc2af
call next value for hibernate_sequence
call next value for hibernate_sequence;
2022-10-10 13:48:04.596  INFO 3923 --- [    Test worker] p6spy                                    : #1665377284596 | took 0ms | statement | connection 25| url jdbc:h2:mem:6a3784ae-1aa6-4bbf-b617-4d4aeabcc2af
call next value for hibernate_sequence
call next value for hibernate_sequence;
2022-10-10 13:48:04.596  INFO 3923 --- [    Test worker] p6spy                                    : #1665377284596 | took 0ms | statement | connection 25| url jdbc:h2:mem:6a3784ae-1aa6-4bbf-b617-4d4aeabcc2af
call next value for hibernate_sequence
call next value for hibernate_sequence;
2022-10-10 13:48:04.596  INFO 3923 --- [    Test worker] p6spy                                    : #1665377284596 | took 0ms | statement | connection 25| url jdbc:h2:mem:6a3784ae-1aa6-4bbf-b617-4d4aeabcc2af
call next value for hibernate_sequence
call next value for hibernate_sequence;
2022-10-10 13:48:04.596  INFO 3923 --- [    Test worker] p6spy                                    : #1665377284596 | took 0ms | statement | connection 25| url jdbc:h2:mem:6a3784ae-1aa6-4bbf-b617-4d4aeabcc2af
call next value for hibernate_sequence
call next value for hibernate_sequence;
2022-10-10 13:48:04.596  INFO 3923 --- [    Test worker] p6spy                                    : #1665377284596 | took 0ms | statement | connection 25| url jdbc:h2:mem:6a3784ae-1aa6-4bbf-b617-4d4aeabcc2af
call next value for hibernate_sequence
call next value for hibernate_sequence;
2022-10-10 13:48:04.596  INFO 3923 --- [    Test worker] p6spy                                    : #1665377284596 | took 0ms | statement | connection 25| url jdbc:h2:mem:6a3784ae-1aa6-4bbf-b617-4d4aeabcc2af
call next value for hibernate_sequence
call next value for hibernate_sequence;
2022-10-10 13:48:04.596  INFO 3923 --- [    Test worker] p6spy                                    : #1665377284596 | took 0ms | statement | connection 25| url jdbc:h2:mem:6a3784ae-1aa6-4bbf-b617-4d4aeabcc2af
call next value for hibernate_sequence
call next value for hibernate_sequence;
2022-10-10 13:48:04.596  INFO 3923 --- [    Test worker] c.j.r.FavoriteSpotQueryRepositoryTest    : favoriteSpot = FavoriteSpot(id=435, count=0)
2022-10-10 13:48:04.596  INFO 3923 --- [    Test worker] c.j.r.FavoriteSpotQueryRepositoryTest    : Spot = capstone.jejuTourrecommend.domain.Spot@3e399fc0
2022-10-10 13:48:04.596  INFO 3923 --- [    Test worker] p6spy                                    : #1665377284596 | took 0ms | statement | connection 25| url jdbc:h2:mem:6a3784ae-1aa6-4bbf-b617-4d4aeabcc2af
call next value for hibernate_sequence
call next value for hibernate_sequence;
2022-10-10 13:48:04.596  INFO 3923 --- [    Test worker] p6spy                                    : #1665377284596 | took 0ms | statement | connection 25| url jdbc:h2:mem:6a3784ae-1aa6-4bbf-b617-4d4aeabcc2af
call next value for hibernate_sequence
call next value for hibernate_sequence;
2022-10-10 13:48:04.596  INFO 3923 --- [    Test worker] p6spy                                    : #1665377284596 | took 0ms | statement | connection 25| url jdbc:h2:mem:6a3784ae-1aa6-4bbf-b617-4d4aeabcc2af
call next value for hibernate_sequence
call next value for hibernate_sequence;
2022-10-10 13:48:04.596  INFO 3923 --- [    Test worker] p6spy                                    : #1665377284596 | took 0ms | statement | connection 25| url jdbc:h2:mem:6a3784ae-1aa6-4bbf-b617-4d4aeabcc2af
call next value for hibernate_sequence
call next value for hibernate_sequence;
2022-10-10 13:48:04.596  INFO 3923 --- [    Test worker] p6spy                                    : #1665377284596 | took 0ms | statement | connection 25| url jdbc:h2:mem:6a3784ae-1aa6-4bbf-b617-4d4aeabcc2af
call next value for hibernate_sequence
call next value for hibernate_sequence;
2022-10-10 13:48:04.596  INFO 3923 --- [    Test worker] p6spy                                    : #1665377284596 | took 0ms | statement | connection 25| url jdbc:h2:mem:6a3784ae-1aa6-4bbf-b617-4d4aeabcc2af
call next value for hibernate_sequence
call next value for hibernate_sequence;
2022-10-10 13:48:04.596  INFO 3923 --- [    Test worker] p6spy                                    : #1665377284596 | took 0ms | statement | connection 25| url jdbc:h2:mem:6a3784ae-1aa6-4bbf-b617-4d4aeabcc2af
call next value for hibernate_sequence
call next value for hibernate_sequence;
2022-10-10 13:48:04.596  INFO 3923 --- [    Test worker] p6spy                                    : #1665377284596 | took 0ms | statement | connection 25| url jdbc:h2:mem:6a3784ae-1aa6-4bbf-b617-4d4aeabcc2af
call next value for hibernate_sequence
call next value for hibernate_sequence;
2022-10-10 13:48:04.596  INFO 3923 --- [    Test worker] c.j.r.FavoriteSpotQueryRepositoryTest    : favoriteSpot = FavoriteSpot(id=436, count=0)
2022-10-10 13:48:04.596  INFO 3923 --- [    Test worker] c.j.r.FavoriteSpotQueryRepositoryTest    : Spot = capstone.jejuTourrecommend.domain.Spot@1b6edd3f
2022-10-10 13:48:04.596  INFO 3923 --- [    Test worker] p6spy                                    : #1665377284596 | took 0ms | statement | connection 25| url jdbc:h2:mem:6a3784ae-1aa6-4bbf-b617-4d4aeabcc2af
call next value for hibernate_sequence
call next value for hibernate_sequence;
2022-10-10 13:48:04.596  INFO 3923 --- [    Test worker] p6spy                                    : #1665377284596 | took 0ms | statement | connection 25| url jdbc:h2:mem:6a3784ae-1aa6-4bbf-b617-4d4aeabcc2af
call next value for hibernate_sequence
call next value for hibernate_sequence;
2022-10-10 13:48:04.596  INFO 3923 --- [    Test worker] p6spy                                    : #1665377284596 | took 0ms | statement | connection 25| url jdbc:h2:mem:6a3784ae-1aa6-4bbf-b617-4d4aeabcc2af
call next value for hibernate_sequence
call next value for hibernate_sequence;
2022-10-10 13:48:04.596  INFO 3923 --- [    Test worker] p6spy                                    : #1665377284596 | took 0ms | statement | connection 25| url jdbc:h2:mem:6a3784ae-1aa6-4bbf-b617-4d4aeabcc2af
call next value for hibernate_sequence
call next value for hibernate_sequence;
2022-10-10 13:48:04.596  INFO 3923 --- [    Test worker] p6spy                                    : #1665377284596 | took 0ms | statement | connection 25| url jdbc:h2:mem:6a3784ae-1aa6-4bbf-b617-4d4aeabcc2af
call next value for hibernate_sequence
call next value for hibernate_sequence;
2022-10-10 13:48:04.596  INFO 3923 --- [    Test worker] p6spy                                    : #1665377284596 | took 0ms | statement | connection 25| url jdbc:h2:mem:6a3784ae-1aa6-4bbf-b617-4d4aeabcc2af
call next value for hibernate_sequence
call next value for hibernate_sequence;
2022-10-10 13:48:04.596  INFO 3923 --- [    Test worker] p6spy                                    : #1665377284596 | took 0ms | statement | connection 25| url jdbc:h2:mem:6a3784ae-1aa6-4bbf-b617-4d4aeabcc2af
call next value for hibernate_sequence
call next value for hibernate_sequence;
2022-10-10 13:48:04.596  INFO 3923 --- [    Test worker] p6spy                                    : #1665377284596 | took 0ms | statement | connection 25| url jdbc:h2:mem:6a3784ae-1aa6-4bbf-b617-4d4aeabcc2af
call next value for hibernate_sequence
call next value for hibernate_sequence;
2022-10-10 13:48:04.596  INFO 3923 --- [    Test worker] c.j.r.FavoriteSpotQueryRepositoryTest    : favoriteSpot = FavoriteSpot(id=437, count=0)
2022-10-10 13:48:04.596  INFO 3923 --- [    Test worker] c.j.r.FavoriteSpotQueryRepositoryTest    : Spot = capstone.jejuTourrecommend.domain.Spot@6e6b591e
2022-10-10 13:48:04.596  INFO 3923 --- [    Test worker] p6spy                                    : #1665377284596 | took 0ms | statement | connection 25| url jdbc:h2:mem:6a3784ae-1aa6-4bbf-b617-4d4aeabcc2af
call next value for hibernate_sequence
call next value for hibernate_sequence;
2022-10-10 13:48:04.596  INFO 3923 --- [    Test worker] p6spy                                    : #1665377284596 | took 0ms | statement | connection 25| url jdbc:h2:mem:6a3784ae-1aa6-4bbf-b617-4d4aeabcc2af
call next value for hibernate_sequence
call next value for hibernate_sequence;
2022-10-10 13:48:04.596  INFO 3923 --- [    Test worker] p6spy                                    : #1665377284596 | took 0ms | statement | connection 25| url jdbc:h2:mem:6a3784ae-1aa6-4bbf-b617-4d4aeabcc2af
call next value for hibernate_sequence
call next value for hibernate_sequence;
2022-10-10 13:48:04.596  INFO 3923 --- [    Test worker] p6spy                                    : #1665377284596 | took 0ms | statement | connection 25| url jdbc:h2:mem:6a3784ae-1aa6-4bbf-b617-4d4aeabcc2af
call next value for spot_seq
call next value for spot_seq;
2022-10-10 13:48:04.596  INFO 3923 --- [    Test worker] p6spy                                    : #1665377284596 | took 0ms | statement | connection 25| url jdbc:h2:mem:6a3784ae-1aa6-4bbf-b617-4d4aeabcc2af
call next value for hibernate_sequence
call next value for hibernate_sequence;
2022-10-10 13:48:04.597  INFO 3923 --- [    Test worker] p6spy                                    : #1665377284597 | took 0ms | statement | connection 25| url jdbc:h2:mem:6a3784ae-1aa6-4bbf-b617-4d4aeabcc2af
call next value for hibernate_sequence
call next value for hibernate_sequence;
2022-10-10 13:48:04.597  INFO 3923 --- [    Test worker] p6spy                                    : #1665377284597 | took 0ms | statement | connection 25| url jdbc:h2:mem:6a3784ae-1aa6-4bbf-b617-4d4aeabcc2af
call next value for hibernate_sequence
call next value for hibernate_sequence;
2022-10-10 13:48:04.597  INFO 3923 --- [    Test worker] p6spy                                    : #1665377284597 | took 0ms | statement | connection 25| url jdbc:h2:mem:6a3784ae-1aa6-4bbf-b617-4d4aeabcc2af
call next value for hibernate_sequence
call next value for hibernate_sequence;
2022-10-10 13:48:04.597  INFO 3923 --- [    Test worker] p6spy                                    : #1665377284597 | took 0ms | statement | connection 25| url jdbc:h2:mem:6a3784ae-1aa6-4bbf-b617-4d4aeabcc2af
call next value for hibernate_sequence
call next value for hibernate_sequence;
2022-10-10 13:48:04.597  INFO 3923 --- [    Test worker] c.j.r.FavoriteSpotQueryRepositoryTest    : favoriteSpot = FavoriteSpot(id=438, count=0)
2022-10-10 13:48:04.597  INFO 3923 --- [    Test worker] c.j.r.FavoriteSpotQueryRepositoryTest    : Spot = capstone.jejuTourrecommend.domain.Spot@198e0d63
2022-10-10 13:48:04.597  INFO 3923 --- [    Test worker] p6spy                                    : #1665377284597 | took 0ms | statement | connection 25| url jdbc:h2:mem:6a3784ae-1aa6-4bbf-b617-4d4aeabcc2af
call next value for hibernate_sequence
call next value for hibernate_sequence;
2022-10-10 13:48:04.597  INFO 3923 --- [    Test worker] p6spy                                    : #1665377284597 | took 0ms | statement | connection 25| url jdbc:h2:mem:6a3784ae-1aa6-4bbf-b617-4d4aeabcc2af
call next value for hibernate_sequence
call next value for hibernate_sequence;
2022-10-10 13:48:04.597  INFO 3923 --- [    Test worker] p6spy                                    : #1665377284597 | took 0ms | statement | connection 25| url jdbc:h2:mem:6a3784ae-1aa6-4bbf-b617-4d4aeabcc2af
call next value for hibernate_sequence
call next value for hibernate_sequence;
2022-10-10 13:48:04.597  INFO 3923 --- [    Test worker] p6spy                                    : #1665377284597 | took 0ms | statement | connection 25| url jdbc:h2:mem:6a3784ae-1aa6-4bbf-b617-4d4aeabcc2af
call next value for hibernate_sequence
call next value for hibernate_sequence;
2022-10-10 13:48:04.597  INFO 3923 --- [    Test worker] p6spy                                    : #1665377284597 | took 0ms | statement | connection 25| url jdbc:h2:mem:6a3784ae-1aa6-4bbf-b617-4d4aeabcc2af
call next value for hibernate_sequence
call next value for hibernate_sequence;
2022-10-10 13:48:04.597  INFO 3923 --- [    Test worker] p6spy                                    : #1665377284597 | took 0ms | statement | connection 25| url jdbc:h2:mem:6a3784ae-1aa6-4bbf-b617-4d4aeabcc2af
call next value for hibernate_sequence
call next value for hibernate_sequence;
2022-10-10 13:48:04.597  INFO 3923 --- [    Test worker] p6spy                                    : #1665377284597 | took 0ms | statement | connection 25| url jdbc:h2:mem:6a3784ae-1aa6-4bbf-b617-4d4aeabcc2af
call next value for hibernate_sequence
call next value for hibernate_sequence;
2022-10-10 13:48:04.597  INFO 3923 --- [    Test worker] p6spy                                    : #1665377284597 | took 0ms | statement | connection 25| url jdbc:h2:mem:6a3784ae-1aa6-4bbf-b617-4d4aeabcc2af
call next value for hibernate_sequence
call next value for hibernate_sequence;
2022-10-10 13:48:04.597  INFO 3923 --- [    Test worker] c.j.r.FavoriteSpotQueryRepositoryTest    : favoriteSpot = FavoriteSpot(id=439, count=0)
2022-10-10 13:48:04.597  INFO 3923 --- [    Test worker] c.j.r.FavoriteSpotQueryRepositoryTest    : Spot = capstone.jejuTourrecommend.domain.Spot@177b2e9c
2022-10-10 13:48:04.597  INFO 3923 --- [    Test worker] p6spy                                    : #1665377284597 | took 0ms | statement | connection 25| url jdbc:h2:mem:6a3784ae-1aa6-4bbf-b617-4d4aeabcc2af
call next value for hibernate_sequence
call next value for hibernate_sequence;
2022-10-10 13:48:04.597  INFO 3923 --- [    Test worker] p6spy                                    : #1665377284597 | took 0ms | statement | connection 25| url jdbc:h2:mem:6a3784ae-1aa6-4bbf-b617-4d4aeabcc2af
call next value for hibernate_sequence
call next value for hibernate_sequence;
2022-10-10 13:48:04.597  INFO 3923 --- [    Test worker] p6spy                                    : #1665377284597 | took 0ms | statement | connection 25| url jdbc:h2:mem:6a3784ae-1aa6-4bbf-b617-4d4aeabcc2af
call next value for hibernate_sequence
call next value for hibernate_sequence;
2022-10-10 13:48:04.597  INFO 3923 --- [    Test worker] p6spy                                    : #1665377284597 | took 0ms | statement | connection 25| url jdbc:h2:mem:6a3784ae-1aa6-4bbf-b617-4d4aeabcc2af
call next value for hibernate_sequence
call next value for hibernate_sequence;
2022-10-10 13:48:04.597  INFO 3923 --- [    Test worker] p6spy                                    : #1665377284597 | took 0ms | statement | connection 25| url jdbc:h2:mem:6a3784ae-1aa6-4bbf-b617-4d4aeabcc2af
call next value for hibernate_sequence
call next value for hibernate_sequence;
2022-10-10 13:48:04.597  INFO 3923 --- [    Test worker] p6spy                                    : #1665377284597 | took 0ms | statement | connection 25| url jdbc:h2:mem:6a3784ae-1aa6-4bbf-b617-4d4aeabcc2af
call next value for hibernate_sequence
call next value for hibernate_sequence;
2022-10-10 13:48:04.597  INFO 3923 --- [    Test worker] p6spy                                    : #1665377284597 | took 0ms | statement | connection 25| url jdbc:h2:mem:6a3784ae-1aa6-4bbf-b617-4d4aeabcc2af
call next value for hibernate_sequence
call next value for hibernate_sequence;
2022-10-10 13:48:04.597  INFO 3923 --- [    Test worker] p6spy                                    : #1665377284597 | took 0ms | statement | connection 25| url jdbc:h2:mem:6a3784ae-1aa6-4bbf-b617-4d4aeabcc2af
call next value for hibernate_sequence
call next value for hibernate_sequence;
2022-10-10 13:48:04.597  INFO 3923 --- [    Test worker] c.j.r.FavoriteSpotQueryRepositoryTest    : favoriteSpot = FavoriteSpot(id=440, count=0)
2022-10-10 13:48:04.597  INFO 3923 --- [    Test worker] c.j.r.FavoriteSpotQueryRepositoryTest    : Spot = capstone.jejuTourrecommend.domain.Spot@602fe822
2022-10-10 13:48:04.597  INFO 3923 --- [    Test worker] p6spy                                    : #1665377284597 | took 0ms | statement | connection 25| url jdbc:h2:mem:6a3784ae-1aa6-4bbf-b617-4d4aeabcc2af
call next value for hibernate_sequence
call next value for hibernate_sequence;
2022-10-10 13:48:04.597  INFO 3923 --- [    Test worker] p6spy                                    : #1665377284597 | took 0ms | statement | connection 25| url jdbc:h2:mem:6a3784ae-1aa6-4bbf-b617-4d4aeabcc2af
call next value for hibernate_sequence
call next value for hibernate_sequence;
2022-10-10 13:48:04.597  INFO 3923 --- [    Test worker] p6spy                                    : #1665377284597 | took 0ms | statement | connection 25| url jdbc:h2:mem:6a3784ae-1aa6-4bbf-b617-4d4aeabcc2af
call next value for hibernate_sequence
call next value for hibernate_sequence;
2022-10-10 13:48:04.597  INFO 3923 --- [    Test worker] p6spy                                    : #1665377284597 | took 0ms | statement | connection 25| url jdbc:h2:mem:6a3784ae-1aa6-4bbf-b617-4d4aeabcc2af
call next value for hibernate_sequence
call next value for hibernate_sequence;
2022-10-10 13:48:04.597  INFO 3923 --- [    Test worker] p6spy                                    : #1665377284597 | took 0ms | statement | connection 25| url jdbc:h2:mem:6a3784ae-1aa6-4bbf-b617-4d4aeabcc2af
call next value for hibernate_sequence
call next value for hibernate_sequence;
2022-10-10 13:48:04.597  INFO 3923 --- [    Test worker] p6spy                                    : #1665377284597 | took 0ms | statement | connection 25| url jdbc:h2:mem:6a3784ae-1aa6-4bbf-b617-4d4aeabcc2af
call next value for hibernate_sequence
call next value for hibernate_sequence;
2022-10-10 13:48:04.597  INFO 3923 --- [    Test worker] p6spy                                    : #1665377284597 | took 0ms | statement | connection 25| url jdbc:h2:mem:6a3784ae-1aa6-4bbf-b617-4d4aeabcc2af
call next value for hibernate_sequence
call next value for hibernate_sequence;
2022-10-10 13:48:04.597  INFO 3923 --- [    Test worker] p6spy                                    : #1665377284597 | took 0ms | statement | connection 25| url jdbc:h2:mem:6a3784ae-1aa6-4bbf-b617-4d4aeabcc2af
call next value for hibernate_sequence
call next value for hibernate_sequence;
2022-10-10 13:48:04.597  INFO 3923 --- [    Test worker] c.j.r.FavoriteSpotQueryRepositoryTest    : favoriteSpot = FavoriteSpot(id=441, count=0)
2022-10-10 13:48:04.597  INFO 3923 --- [    Test worker] c.j.r.FavoriteSpotQueryRepositoryTest    : Spot = capstone.jejuTourrecommend.domain.Spot@15c362f
2022-10-10 13:48:04.597  INFO 3923 --- [    Test worker] p6spy                                    : #1665377284597 | took 0ms | statement | connection 25| url jdbc:h2:mem:6a3784ae-1aa6-4bbf-b617-4d4aeabcc2af
call next value for hibernate_sequence
call next value for hibernate_sequence;
2022-10-10 13:48:04.597  INFO 3923 --- [    Test worker] p6spy                                    : #1665377284597 | took 0ms | statement | connection 25| url jdbc:h2:mem:6a3784ae-1aa6-4bbf-b617-4d4aeabcc2af
call next value for hibernate_sequence
call next value for hibernate_sequence;
2022-10-10 13:48:04.597  INFO 3923 --- [    Test worker] p6spy                                    : #1665377284597 | took 0ms | statement | connection 25| url jdbc:h2:mem:6a3784ae-1aa6-4bbf-b617-4d4aeabcc2af
call next value for hibernate_sequence
call next value for hibernate_sequence;
2022-10-10 13:48:04.597  INFO 3923 --- [    Test worker] p6spy                                    : #1665377284597 | took 0ms | statement | connection 25| url jdbc:h2:mem:6a3784ae-1aa6-4bbf-b617-4d4aeabcc2af
call next value for hibernate_sequence
call next value for hibernate_sequence;
2022-10-10 13:48:04.597  INFO 3923 --- [    Test worker] p6spy                                    : #1665377284597 | took 0ms | statement | connection 25| url jdbc:h2:mem:6a3784ae-1aa6-4bbf-b617-4d4aeabcc2af
call next value for hibernate_sequence
call next value for hibernate_sequence;
2022-10-10 13:48:04.597  INFO 3923 --- [    Test worker] p6spy                                    : #1665377284597 | took 0ms | statement | connection 25| url jdbc:h2:mem:6a3784ae-1aa6-4bbf-b617-4d4aeabcc2af
call next value for hibernate_sequence
call next value for hibernate_sequence;
2022-10-10 13:48:04.597  INFO 3923 --- [    Test worker] p6spy                                    : #1665377284597 | took 0ms | statement | connection 25| url jdbc:h2:mem:6a3784ae-1aa6-4bbf-b617-4d4aeabcc2af
call next value for hibernate_sequence
call next value for hibernate_sequence;
2022-10-10 13:48:04.597  INFO 3923 --- [    Test worker] p6spy                                    : #1665377284597 | took 0ms | statement | connection 25| url jdbc:h2:mem:6a3784ae-1aa6-4bbf-b617-4d4aeabcc2af
call next value for hibernate_sequence
call next value for hibernate_sequence;
2022-10-10 13:48:04.597  INFO 3923 --- [    Test worker] c.j.r.FavoriteSpotQueryRepositoryTest    : favoriteSpot = FavoriteSpot(id=442, count=0)
2022-10-10 13:48:04.597  INFO 3923 --- [    Test worker] c.j.r.FavoriteSpotQueryRepositoryTest    : Spot = capstone.jejuTourrecommend.domain.Spot@326c66f1
2022-10-10 13:48:04.597  INFO 3923 --- [    Test worker] p6spy                                    : #1665377284597 | took 0ms | statement | connection 25| url jdbc:h2:mem:6a3784ae-1aa6-4bbf-b617-4d4aeabcc2af
call next value for hibernate_sequence
call next value for hibernate_sequence;
2022-10-10 13:48:04.597  INFO 3923 --- [    Test worker] p6spy                                    : #1665377284597 | took 0ms | statement | connection 25| url jdbc:h2:mem:6a3784ae-1aa6-4bbf-b617-4d4aeabcc2af
call next value for hibernate_sequence
call next value for hibernate_sequence;
2022-10-10 13:48:04.597  INFO 3923 --- [    Test worker] p6spy                                    : #1665377284597 | took 0ms | statement | connection 25| url jdbc:h2:mem:6a3784ae-1aa6-4bbf-b617-4d4aeabcc2af
call next value for hibernate_sequence
call next value for hibernate_sequence;
2022-10-10 13:48:04.598  INFO 3923 --- [    Test worker] p6spy                                    : #1665377284598 | took 0ms | statement | connection 25| url jdbc:h2:mem:6a3784ae-1aa6-4bbf-b617-4d4aeabcc2af
call next value for hibernate_sequence
call next value for hibernate_sequence;
2022-10-10 13:48:04.598  INFO 3923 --- [    Test worker] p6spy                                    : #1665377284598 | took 0ms | statement | connection 25| url jdbc:h2:mem:6a3784ae-1aa6-4bbf-b617-4d4aeabcc2af
call next value for hibernate_sequence
call next value for hibernate_sequence;
2022-10-10 13:48:04.598  INFO 3923 --- [    Test worker] p6spy                                    : #1665377284598 | took 0ms | statement | connection 25| url jdbc:h2:mem:6a3784ae-1aa6-4bbf-b617-4d4aeabcc2af
call next value for hibernate_sequence
call next value for hibernate_sequence;
2022-10-10 13:48:04.598  INFO 3923 --- [    Test worker] p6spy                                    : #1665377284598 | took 0ms | statement | connection 25| url jdbc:h2:mem:6a3784ae-1aa6-4bbf-b617-4d4aeabcc2af
call next value for hibernate_sequence
call next value for hibernate_sequence;
2022-10-10 13:48:04.598  INFO 3923 --- [    Test worker] p6spy                                    : #1665377284598 | took 0ms | statement | connection 25| url jdbc:h2:mem:6a3784ae-1aa6-4bbf-b617-4d4aeabcc2af
call next value for hibernate_sequence
call next value for hibernate_sequence;
2022-10-10 13:48:04.598  INFO 3923 --- [    Test worker] c.j.r.FavoriteSpotQueryRepositoryTest    : favoriteSpot = FavoriteSpot(id=443, count=0)
2022-10-10 13:48:04.598  INFO 3923 --- [    Test worker] c.j.r.FavoriteSpotQueryRepositoryTest    : Spot = capstone.jejuTourrecommend.domain.Spot@3471e039
2022-10-10 13:48:04.598  INFO 3923 --- [    Test worker] p6spy                                    : #1665377284598 | took 0ms | statement | connection 25| url jdbc:h2:mem:6a3784ae-1aa6-4bbf-b617-4d4aeabcc2af
call next value for hibernate_sequence
call next value for hibernate_sequence;
2022-10-10 13:48:04.598  INFO 3923 --- [    Test worker] p6spy                                    : #1665377284598 | took 0ms | statement | connection 25| url jdbc:h2:mem:6a3784ae-1aa6-4bbf-b617-4d4aeabcc2af
call next value for hibernate_sequence
call next value for hibernate_sequence;
2022-10-10 13:48:04.598  INFO 3923 --- [    Test worker] p6spy                                    : #1665377284598 | took 0ms | statement | connection 25| url jdbc:h2:mem:6a3784ae-1aa6-4bbf-b617-4d4aeabcc2af
call next value for hibernate_sequence
call next value for hibernate_sequence;
2022-10-10 13:48:04.598  INFO 3923 --- [    Test worker] p6spy                                    : #1665377284598 | took 0ms | statement | connection 25| url jdbc:h2:mem:6a3784ae-1aa6-4bbf-b617-4d4aeabcc2af
call next value for hibernate_sequence
call next value for hibernate_sequence;
2022-10-10 13:48:04.598  INFO 3923 --- [    Test worker] p6spy                                    : #1665377284598 | took 0ms | statement | connection 25| url jdbc:h2:mem:6a3784ae-1aa6-4bbf-b617-4d4aeabcc2af
call next value for hibernate_sequence
call next value for hibernate_sequence;
2022-10-10 13:48:04.598  INFO 3923 --- [    Test worker] p6spy                                    : #1665377284598 | took 0ms | statement | connection 25| url jdbc:h2:mem:6a3784ae-1aa6-4bbf-b617-4d4aeabcc2af
call next value for hibernate_sequence
call next value for hibernate_sequence;
2022-10-10 13:48:04.598  INFO 3923 --- [    Test worker] p6spy                                    : #1665377284598 | took 0ms | statement | connection 25| url jdbc:h2:mem:6a3784ae-1aa6-4bbf-b617-4d4aeabcc2af
call next value for hibernate_sequence
call next value for hibernate_sequence;
2022-10-10 13:48:04.598  INFO 3923 --- [    Test worker] p6spy                                    : #1665377284598 | took 0ms | statement | connection 25| url jdbc:h2:mem:6a3784ae-1aa6-4bbf-b617-4d4aeabcc2af
call next value for hibernate_sequence
call next value for hibernate_sequence;
2022-10-10 13:48:04.598  INFO 3923 --- [    Test worker] c.j.r.FavoriteSpotQueryRepositoryTest    : favoriteSpot = FavoriteSpot(id=444, count=0)
2022-10-10 13:48:04.598  INFO 3923 --- [    Test worker] c.j.r.FavoriteSpotQueryRepositoryTest    : Spot = capstone.jejuTourrecommend.domain.Spot@64798aa7
2022-10-10 13:48:04.598  INFO 3923 --- [    Test worker] p6spy                                    : #1665377284598 | took 0ms | statement | connection 25| url jdbc:h2:mem:6a3784ae-1aa6-4bbf-b617-4d4aeabcc2af
call next value for hibernate_sequence
call next value for hibernate_sequence;
2022-10-10 13:48:04.598  INFO 3923 --- [    Test worker] p6spy                                    : #1665377284598 | took 0ms | statement | connection 25| url jdbc:h2:mem:6a3784ae-1aa6-4bbf-b617-4d4aeabcc2af
call next value for hibernate_sequence
call next value for hibernate_sequence;
2022-10-10 13:48:04.598  INFO 3923 --- [    Test worker] p6spy                                    : #1665377284598 | took 0ms | statement | connection 25| url jdbc:h2:mem:6a3784ae-1aa6-4bbf-b617-4d4aeabcc2af
call next value for hibernate_sequence
call next value for hibernate_sequence;
2022-10-10 13:48:04.598  INFO 3923 --- [    Test worker] p6spy                                    : #1665377284598 | took 0ms | statement | connection 25| url jdbc:h2:mem:6a3784ae-1aa6-4bbf-b617-4d4aeabcc2af
call next value for hibernate_sequence
call next value for hibernate_sequence;
2022-10-10 13:48:04.598  INFO 3923 --- [    Test worker] p6spy                                    : #1665377284598 | took 0ms | statement | connection 25| url jdbc:h2:mem:6a3784ae-1aa6-4bbf-b617-4d4aeabcc2af
call next value for review_seq
call next value for review_seq;
2022-10-10 13:48:04.598  INFO 3923 --- [    Test worker] p6spy                                    : #1665377284598 | took 0ms | statement | connection 25| url jdbc:h2:mem:6a3784ae-1aa6-4bbf-b617-4d4aeabcc2af
call next value for hibernate_sequence
call next value for hibernate_sequence;
2022-10-10 13:48:04.598  INFO 3923 --- [    Test worker] p6spy                                    : #1665377284598 | took 0ms | statement | connection 25| url jdbc:h2:mem:6a3784ae-1aa6-4bbf-b617-4d4aeabcc2af
call next value for hibernate_sequence
call next value for hibernate_sequence;
2022-10-10 13:48:04.598  INFO 3923 --- [    Test worker] p6spy                                    : #1665377284598 | took 0ms | statement | connection 25| url jdbc:h2:mem:6a3784ae-1aa6-4bbf-b617-4d4aeabcc2af
call next value for hibernate_sequence
call next value for hibernate_sequence;
2022-10-10 13:48:04.598  INFO 3923 --- [    Test worker] p6spy                                    : #1665377284598 | took 0ms | statement | connection 25| url jdbc:h2:mem:6a3784ae-1aa6-4bbf-b617-4d4aeabcc2af
call next value for hibernate_sequence
call next value for hibernate_sequence;
2022-10-10 13:48:04.598  INFO 3923 --- [    Test worker] c.j.r.FavoriteSpotQueryRepositoryTest    : favoriteSpot = FavoriteSpot(id=445, count=0)
2022-10-10 13:48:04.598  INFO 3923 --- [    Test worker] c.j.r.FavoriteSpotQueryRepositoryTest    : Spot = capstone.jejuTourrecommend.domain.Spot@2eadfbf6
2022-10-10 13:48:04.598  INFO 3923 --- [    Test worker] p6spy                                    : #1665377284598 | took 0ms | statement | connection 25| url jdbc:h2:mem:6a3784ae-1aa6-4bbf-b617-4d4aeabcc2af
call next value for score_seq
call next value for score_seq;
2022-10-10 13:48:04.598  INFO 3923 --- [    Test worker] p6spy                                    : #1665377284598 | took 0ms | statement | connection 25| url jdbc:h2:mem:6a3784ae-1aa6-4bbf-b617-4d4aeabcc2af
call next value for hibernate_sequence
call next value for hibernate_sequence;
2022-10-10 13:48:04.598  INFO 3923 --- [    Test worker] p6spy                                    : #1665377284598 | took 0ms | statement | connection 25| url jdbc:h2:mem:6a3784ae-1aa6-4bbf-b617-4d4aeabcc2af
call next value for hibernate_sequence
call next value for hibernate_sequence;
2022-10-10 13:48:04.598  INFO 3923 --- [    Test worker] p6spy                                    : #1665377284598 | took 0ms | statement | connection 25| url jdbc:h2:mem:6a3784ae-1aa6-4bbf-b617-4d4aeabcc2af
call next value for hibernate_sequence
call next value for hibernate_sequence;
2022-10-10 13:48:04.599  INFO 3923 --- [    Test worker] p6spy                                    : #1665377284599 | took 0ms | statement | connection 25| url jdbc:h2:mem:6a3784ae-1aa6-4bbf-b617-4d4aeabcc2af
call next value for hibernate_sequence
call next value for hibernate_sequence;
2022-10-10 13:48:04.599  INFO 3923 --- [    Test worker] p6spy                                    : #1665377284599 | took 0ms | statement | connection 25| url jdbc:h2:mem:6a3784ae-1aa6-4bbf-b617-4d4aeabcc2af
call next value for hibernate_sequence
call next value for hibernate_sequence;
2022-10-10 13:48:04.599  INFO 3923 --- [    Test worker] p6spy                                    : #1665377284599 | took 0ms | statement | connection 25| url jdbc:h2:mem:6a3784ae-1aa6-4bbf-b617-4d4aeabcc2af
call next value for hibernate_sequence
call next value for hibernate_sequence;
2022-10-10 13:48:04.599  INFO 3923 --- [    Test worker] p6spy                                    : #1665377284599 | took 0ms | statement | connection 25| url jdbc:h2:mem:6a3784ae-1aa6-4bbf-b617-4d4aeabcc2af
call next value for hibernate_sequence
call next value for hibernate_sequence;
2022-10-10 13:48:04.599  INFO 3923 --- [    Test worker] p6spy                                    : #1665377284599 | took 0ms | statement | connection 25| url jdbc:h2:mem:6a3784ae-1aa6-4bbf-b617-4d4aeabcc2af
call next value for hibernate_sequence
call next value for hibernate_sequence;
2022-10-10 13:48:04.599  INFO 3923 --- [    Test worker] c.j.r.FavoriteSpotQueryRepositoryTest    : favoriteSpot = FavoriteSpot(id=446, count=0)
2022-10-10 13:48:04.599  INFO 3923 --- [    Test worker] c.j.r.FavoriteSpotQueryRepositoryTest    : Spot = capstone.jejuTourrecommend.domain.Spot@1cb3ef9c
2022-10-10 13:48:04.599  INFO 3923 --- [    Test worker] p6spy                                    : #1665377284599 | took 0ms | statement | connection 25| url jdbc:h2:mem:6a3784ae-1aa6-4bbf-b617-4d4aeabcc2af
call next value for hibernate_sequence
call next value for hibernate_sequence;
2022-10-10 13:48:04.599  INFO 3923 --- [    Test worker] p6spy                                    : #1665377284599 | took 0ms | statement | connection 25| url jdbc:h2:mem:6a3784ae-1aa6-4bbf-b617-4d4aeabcc2af
call next value for hibernate_sequence
call next value for hibernate_sequence;
2022-10-10 13:48:04.599  INFO 3923 --- [    Test worker] p6spy                                    : #1665377284599 | took 0ms | statement | connection 25| url jdbc:h2:mem:6a3784ae-1aa6-4bbf-b617-4d4aeabcc2af
call next value for hibernate_sequence
call next value for hibernate_sequence;
2022-10-10 13:48:04.599  INFO 3923 --- [    Test worker] p6spy                                    : #1665377284599 | took 0ms | statement | connection 25| url jdbc:h2:mem:6a3784ae-1aa6-4bbf-b617-4d4aeabcc2af
call next value for hibernate_sequence
call next value for hibernate_sequence;
2022-10-10 13:48:04.599  INFO 3923 --- [    Test worker] p6spy                                    : #1665377284599 | took 0ms | statement | connection 25| url jdbc:h2:mem:6a3784ae-1aa6-4bbf-b617-4d4aeabcc2af
call next value for hibernate_sequence
call next value for hibernate_sequence;
2022-10-10 13:48:04.599  INFO 3923 --- [    Test worker] p6spy                                    : #1665377284599 | took 0ms | statement | connection 25| url jdbc:h2:mem:6a3784ae-1aa6-4bbf-b617-4d4aeabcc2af
call next value for hibernate_sequence
call next value for hibernate_sequence;
2022-10-10 13:48:04.599  INFO 3923 --- [    Test worker] p6spy                                    : #1665377284599 | took 0ms | statement | connection 25| url jdbc:h2:mem:6a3784ae-1aa6-4bbf-b617-4d4aeabcc2af
call next value for hibernate_sequence
call next value for hibernate_sequence;
2022-10-10 13:48:04.599  INFO 3923 --- [    Test worker] p6spy                                    : #1665377284599 | took 0ms | statement | connection 25| url jdbc:h2:mem:6a3784ae-1aa6-4bbf-b617-4d4aeabcc2af
call next value for hibernate_sequence
call next value for hibernate_sequence;
2022-10-10 13:48:04.599  INFO 3923 --- [    Test worker] c.j.r.FavoriteSpotQueryRepositoryTest    : favoriteSpot = FavoriteSpot(id=447, count=0)
2022-10-10 13:48:04.599  INFO 3923 --- [    Test worker] c.j.r.FavoriteSpotQueryRepositoryTest    : Spot = capstone.jejuTourrecommend.domain.Spot@479473f
2022-10-10 13:48:04.599  INFO 3923 --- [    Test worker] p6spy                                    : #1665377284599 | took 0ms | statement | connection 25| url jdbc:h2:mem:6a3784ae-1aa6-4bbf-b617-4d4aeabcc2af
call next value for hibernate_sequence
call next value for hibernate_sequence;
2022-10-10 13:48:04.599  INFO 3923 --- [    Test worker] p6spy                                    : #1665377284599 | took 0ms | statement | connection 25| url jdbc:h2:mem:6a3784ae-1aa6-4bbf-b617-4d4aeabcc2af
call next value for hibernate_sequence
call next value for hibernate_sequence;
2022-10-10 13:48:04.599  INFO 3923 --- [    Test worker] p6spy                                    : #1665377284599 | took 0ms | statement | connection 25| url jdbc:h2:mem:6a3784ae-1aa6-4bbf-b617-4d4aeabcc2af
call next value for hibernate_sequence
call next value for hibernate_sequence;
2022-10-10 13:48:04.599  INFO 3923 --- [    Test worker] p6spy                                    : #1665377284599 | took 0ms | statement | connection 25| url jdbc:h2:mem:6a3784ae-1aa6-4bbf-b617-4d4aeabcc2af
call next value for hibernate_sequence
call next value for hibernate_sequence;
2022-10-10 13:48:04.599  INFO 3923 --- [    Test worker] p6spy                                    : #1665377284599 | took 0ms | statement | connection 25| url jdbc:h2:mem:6a3784ae-1aa6-4bbf-b617-4d4aeabcc2af
call next value for hibernate_sequence
call next value for hibernate_sequence;
2022-10-10 13:48:04.599  INFO 3923 --- [    Test worker] p6spy                                    : #1665377284599 | took 0ms | statement | connection 25| url jdbc:h2:mem:6a3784ae-1aa6-4bbf-b617-4d4aeabcc2af
call next value for hibernate_sequence
call next value for hibernate_sequence;
2022-10-10 13:48:04.599  INFO 3923 --- [    Test worker] p6spy                                    : #1665377284599 | took 0ms | statement | connection 25| url jdbc:h2:mem:6a3784ae-1aa6-4bbf-b617-4d4aeabcc2af
call next value for hibernate_sequence
call next value for hibernate_sequence;
2022-10-10 13:48:04.599  INFO 3923 --- [    Test worker] p6spy                                    : #1665377284599 | took 0ms | statement | connection 25| url jdbc:h2:mem:6a3784ae-1aa6-4bbf-b617-4d4aeabcc2af
call next value for hibernate_sequence
call next value for hibernate_sequence;
2022-10-10 13:48:04.599  INFO 3923 --- [    Test worker] c.j.r.FavoriteSpotQueryRepositoryTest    : favoriteSpot = FavoriteSpot(id=448, count=0)
2022-10-10 13:48:04.599  INFO 3923 --- [    Test worker] c.j.r.FavoriteSpotQueryRepositoryTest    : Spot = capstone.jejuTourrecommend.domain.Spot@7793dcdf
2022-10-10 13:48:04.599  INFO 3923 --- [    Test worker] p6spy                                    : #1665377284599 | took 0ms | statement | connection 25| url jdbc:h2:mem:6a3784ae-1aa6-4bbf-b617-4d4aeabcc2af
call next value for hibernate_sequence
call next value for hibernate_sequence;
2022-10-10 13:48:04.599  INFO 3923 --- [    Test worker] p6spy                                    : #1665377284599 | took 0ms | statement | connection 25| url jdbc:h2:mem:6a3784ae-1aa6-4bbf-b617-4d4aeabcc2af
call next value for hibernate_sequence
call next value for hibernate_sequence;
2022-10-10 13:48:04.599  INFO 3923 --- [    Test worker] p6spy                                    : #1665377284599 | took 0ms | statement | connection 25| url jdbc:h2:mem:6a3784ae-1aa6-4bbf-b617-4d4aeabcc2af
call next value for hibernate_sequence
call next value for hibernate_sequence;
2022-10-10 13:48:04.599  INFO 3923 --- [    Test worker] p6spy                                    : #1665377284599 | took 0ms | statement | connection 25| url jdbc:h2:mem:6a3784ae-1aa6-4bbf-b617-4d4aeabcc2af
call next value for hibernate_sequence
call next value for hibernate_sequence;
2022-10-10 13:48:04.599  INFO 3923 --- [    Test worker] p6spy                                    : #1665377284599 | took 0ms | statement | connection 25| url jdbc:h2:mem:6a3784ae-1aa6-4bbf-b617-4d4aeabcc2af
call next value for hibernate_sequence
call next value for hibernate_sequence;
2022-10-10 13:48:04.599  INFO 3923 --- [    Test worker] p6spy                                    : #1665377284599 | took 0ms | statement | connection 25| url jdbc:h2:mem:6a3784ae-1aa6-4bbf-b617-4d4aeabcc2af
call next value for hibernate_sequence
call next value for hibernate_sequence;
2022-10-10 13:48:04.599  INFO 3923 --- [    Test worker] p6spy                                    : #1665377284599 | took 0ms | statement | connection 25| url jdbc:h2:mem:6a3784ae-1aa6-4bbf-b617-4d4aeabcc2af
call next value for hibernate_sequence
call next value for hibernate_sequence;
2022-10-10 13:48:04.599  INFO 3923 --- [    Test worker] p6spy                                    : #1665377284599 | took 0ms | statement | connection 25| url jdbc:h2:mem:6a3784ae-1aa6-4bbf-b617-4d4aeabcc2af
call next value for hibernate_sequence
call next value for hibernate_sequence;
2022-10-10 13:48:04.599  INFO 3923 --- [    Test worker] c.j.r.FavoriteSpotQueryRepositoryTest    : favoriteSpot = FavoriteSpot(id=449, count=0)
2022-10-10 13:48:04.599  INFO 3923 --- [    Test worker] c.j.r.FavoriteSpotQueryRepositoryTest    : Spot = capstone.jejuTourrecommend.domain.Spot@28723bdb
2022-10-10 13:48:04.599  INFO 3923 --- [    Test worker] p6spy                                    : #1665377284599 | took 0ms | statement | connection 25| url jdbc:h2:mem:6a3784ae-1aa6-4bbf-b617-4d4aeabcc2af
call next value for hibernate_sequence
call next value for hibernate_sequence;
2022-10-10 13:48:04.599  INFO 3923 --- [    Test worker] p6spy                                    : #1665377284599 | took 0ms | statement | connection 25| url jdbc:h2:mem:6a3784ae-1aa6-4bbf-b617-4d4aeabcc2af
call next value for hibernate_sequence
call next value for hibernate_sequence;
2022-10-10 13:48:04.599  INFO 3923 --- [    Test worker] p6spy                                    : #1665377284599 | took 0ms | statement | connection 25| url jdbc:h2:mem:6a3784ae-1aa6-4bbf-b617-4d4aeabcc2af
call next value for hibernate_sequence
call next value for hibernate_sequence;
2022-10-10 13:48:04.599  INFO 3923 --- [    Test worker] p6spy                                    : #1665377284599 | took 0ms | statement | connection 25| url jdbc:h2:mem:6a3784ae-1aa6-4bbf-b617-4d4aeabcc2af
call next value for hibernate_sequence
call next value for hibernate_sequence;
2022-10-10 13:48:04.599  INFO 3923 --- [    Test worker] p6spy                                    : #1665377284599 | took 0ms | statement | connection 25| url jdbc:h2:mem:6a3784ae-1aa6-4bbf-b617-4d4aeabcc2af
call next value for hibernate_sequence
call next value for hibernate_sequence;
2022-10-10 13:48:04.599  INFO 3923 --- [    Test worker] p6spy                                    : #1665377284599 | took 0ms | statement | connection 25| url jdbc:h2:mem:6a3784ae-1aa6-4bbf-b617-4d4aeabcc2af
call next value for hibernate_sequence
call next value for hibernate_sequence;
2022-10-10 13:48:04.599  INFO 3923 --- [    Test worker] p6spy                                    : #1665377284599 | took 0ms | statement | connection 25| url jdbc:h2:mem:6a3784ae-1aa6-4bbf-b617-4d4aeabcc2af
call next value for hibernate_sequence
call next value for hibernate_sequence;
2022-10-10 13:48:04.599  INFO 3923 --- [    Test worker] p6spy                                    : #1665377284599 | took 0ms | statement | connection 25| url jdbc:h2:mem:6a3784ae-1aa6-4bbf-b617-4d4aeabcc2af
call next value for hibernate_sequence
call next value for hibernate_sequence;
2022-10-10 13:48:04.600  INFO 3923 --- [    Test worker] c.j.r.FavoriteSpotQueryRepositoryTest    : favoriteSpot = FavoriteSpot(id=450, count=0)
2022-10-10 13:48:04.600  INFO 3923 --- [    Test worker] c.j.r.FavoriteSpotQueryRepositoryTest    : Spot = capstone.jejuTourrecommend.domain.Spot@59362e10
2022-10-10 13:48:04.600  INFO 3923 --- [    Test worker] p6spy                                    : #1665377284600 | took 0ms | statement | connection 25| url jdbc:h2:mem:6a3784ae-1aa6-4bbf-b617-4d4aeabcc2af
call next value for hibernate_sequence
call next value for hibernate_sequence;
2022-10-10 13:48:04.600  INFO 3923 --- [    Test worker] p6spy                                    : #1665377284600 | took 0ms | statement | connection 25| url jdbc:h2:mem:6a3784ae-1aa6-4bbf-b617-4d4aeabcc2af
call next value for hibernate_sequence
call next value for hibernate_sequence;
2022-10-10 13:48:04.600  INFO 3923 --- [    Test worker] p6spy                                    : #1665377284600 | took 0ms | statement | connection 25| url jdbc:h2:mem:6a3784ae-1aa6-4bbf-b617-4d4aeabcc2af
call next value for hibernate_sequence
call next value for hibernate_sequence;
2022-10-10 13:48:04.600  INFO 3923 --- [    Test worker] p6spy                                    : #1665377284600 | took 0ms | statement | connection 25| url jdbc:h2:mem:6a3784ae-1aa6-4bbf-b617-4d4aeabcc2af
call next value for hibernate_sequence
call next value for hibernate_sequence;
2022-10-10 13:48:04.600  INFO 3923 --- [    Test worker] p6spy                                    : #1665377284600 | took 0ms | statement | connection 25| url jdbc:h2:mem:6a3784ae-1aa6-4bbf-b617-4d4aeabcc2af
call next value for hibernate_sequence
call next value for hibernate_sequence;
2022-10-10 13:48:04.600  INFO 3923 --- [    Test worker] p6spy                                    : #1665377284600 | took 0ms | statement | connection 25| url jdbc:h2:mem:6a3784ae-1aa6-4bbf-b617-4d4aeabcc2af
call next value for hibernate_sequence
call next value for hibernate_sequence;
2022-10-10 13:48:04.600  INFO 3923 --- [    Test worker] p6spy                                    : #1665377284600 | took 0ms | statement | connection 25| url jdbc:h2:mem:6a3784ae-1aa6-4bbf-b617-4d4aeabcc2af
call next value for hibernate_sequence
call next value for hibernate_sequence;
2022-10-10 13:48:04.600  INFO 3923 --- [    Test worker] p6spy                                    : #1665377284600 | took 0ms | statement | connection 25| url jdbc:h2:mem:6a3784ae-1aa6-4bbf-b617-4d4aeabcc2af
call next value for hibernate_sequence
call next value for hibernate_sequence;
2022-10-10 13:48:04.600  INFO 3923 --- [    Test worker] c.j.r.FavoriteSpotQueryRepositoryTest    : favoriteSpot = FavoriteSpot(id=451, count=0)
2022-10-10 13:48:04.600  INFO 3923 --- [    Test worker] c.j.r.FavoriteSpotQueryRepositoryTest    : Spot = capstone.jejuTourrecommend.domain.Spot@54fc62a9
2022-10-10 13:48:04.600  INFO 3923 --- [    Test worker] p6spy                                    : #1665377284600 | took 0ms | statement | connection 25| url jdbc:h2:mem:6a3784ae-1aa6-4bbf-b617-4d4aeabcc2af
call next value for hibernate_sequence
call next value for hibernate_sequence;
2022-10-10 13:48:04.600  INFO 3923 --- [    Test worker] p6spy                                    : #1665377284600 | took 0ms | statement | connection 25| url jdbc:h2:mem:6a3784ae-1aa6-4bbf-b617-4d4aeabcc2af
call next value for hibernate_sequence
call next value for hibernate_sequence;
2022-10-10 13:48:04.600  INFO 3923 --- [    Test worker] p6spy                                    : #1665377284600 | took 0ms | statement | connection 25| url jdbc:h2:mem:6a3784ae-1aa6-4bbf-b617-4d4aeabcc2af
call next value for hibernate_sequence
call next value for hibernate_sequence;
2022-10-10 13:48:04.600  INFO 3923 --- [    Test worker] p6spy                                    : #1665377284600 | took 0ms | statement | connection 25| url jdbc:h2:mem:6a3784ae-1aa6-4bbf-b617-4d4aeabcc2af
call next value for hibernate_sequence
call next value for hibernate_sequence;
2022-10-10 13:48:04.600  INFO 3923 --- [    Test worker] p6spy                                    : #1665377284600 | took 0ms | statement | connection 25| url jdbc:h2:mem:6a3784ae-1aa6-4bbf-b617-4d4aeabcc2af
call next value for hibernate_sequence
call next value for hibernate_sequence;
2022-10-10 13:48:04.600  INFO 3923 --- [    Test worker] p6spy                                    : #1665377284600 | took 0ms | statement | connection 25| url jdbc:h2:mem:6a3784ae-1aa6-4bbf-b617-4d4aeabcc2af
call next value for hibernate_sequence
call next value for hibernate_sequence;
2022-10-10 13:48:04.600  INFO 3923 --- [    Test worker] p6spy                                    : #1665377284600 | took 0ms | statement | connection 25| url jdbc:h2:mem:6a3784ae-1aa6-4bbf-b617-4d4aeabcc2af
call next value for hibernate_sequence
call next value for hibernate_sequence;
2022-10-10 13:48:04.600  INFO 3923 --- [    Test worker] p6spy                                    : #1665377284600 | took 0ms | statement | connection 25| url jdbc:h2:mem:6a3784ae-1aa6-4bbf-b617-4d4aeabcc2af
call next value for hibernate_sequence
call next value for hibernate_sequence;
2022-10-10 13:48:04.600  INFO 3923 --- [    Test worker] p6spy                                    : #1665377284600 | took 0ms | statement | connection 25| url jdbc:h2:mem:6a3784ae-1aa6-4bbf-b617-4d4aeabcc2af
call next value for favoritespot_seq
call next value for favoritespot_seq;
2022-10-10 13:48:04.600  INFO 3923 --- [    Test worker] c.j.r.FavoriteSpotQueryRepositoryTest    : favoriteSpot = FavoriteSpot(id=452, count=0)
2022-10-10 13:48:04.600  INFO 3923 --- [    Test worker] c.j.r.FavoriteSpotQueryRepositoryTest    : Spot = capstone.jejuTourrecommend.domain.Spot@1304f65b
2022-10-10 13:48:04.600  INFO 3923 --- [    Test worker] p6spy                                    : #1665377284600 | took 0ms | statement | connection 25| url jdbc:h2:mem:6a3784ae-1aa6-4bbf-b617-4d4aeabcc2af
call next value for hibernate_sequence
call next value for hibernate_sequence;
2022-10-10 13:48:04.600  INFO 3923 --- [    Test worker] p6spy                                    : #1665377284600 | took 0ms | statement | connection 25| url jdbc:h2:mem:6a3784ae-1aa6-4bbf-b617-4d4aeabcc2af
call next value for hibernate_sequence
call next value for hibernate_sequence;
2022-10-10 13:48:04.600  INFO 3923 --- [    Test worker] p6spy                                    : #1665377284600 | took 0ms | statement | connection 25| url jdbc:h2:mem:6a3784ae-1aa6-4bbf-b617-4d4aeabcc2af
call next value for hibernate_sequence
call next value for hibernate_sequence;
2022-10-10 13:48:04.600  INFO 3923 --- [    Test worker] p6spy                                    : #1665377284600 | took 0ms | statement | connection 25| url jdbc:h2:mem:6a3784ae-1aa6-4bbf-b617-4d4aeabcc2af
call next value for hibernate_sequence
call next value for hibernate_sequence;
2022-10-10 13:48:04.600  INFO 3923 --- [    Test worker] p6spy                                    : #1665377284600 | took 0ms | statement | connection 25| url jdbc:h2:mem:6a3784ae-1aa6-4bbf-b617-4d4aeabcc2af
call next value for hibernate_sequence
call next value for hibernate_sequence;
2022-10-10 13:48:04.600  INFO 3923 --- [    Test worker] p6spy                                    : #1665377284600 | took 0ms | statement | connection 25| url jdbc:h2:mem:6a3784ae-1aa6-4bbf-b617-4d4aeabcc2af
call next value for hibernate_sequence
call next value for hibernate_sequence;
2022-10-10 13:48:04.600  INFO 3923 --- [    Test worker] p6spy                                    : #1665377284600 | took 0ms | statement | connection 25| url jdbc:h2:mem:6a3784ae-1aa6-4bbf-b617-4d4aeabcc2af
call next value for hibernate_sequence
call next value for hibernate_sequence;
2022-10-10 13:48:04.601  INFO 3923 --- [    Test worker] p6spy                                    : #1665377284601 | took 0ms | statement | connection 25| url jdbc:h2:mem:6a3784ae-1aa6-4bbf-b617-4d4aeabcc2af
call next value for hibernate_sequence
call next value for hibernate_sequence;
2022-10-10 13:48:04.601  INFO 3923 --- [    Test worker] c.j.r.FavoriteSpotQueryRepositoryTest    : favoriteSpot = FavoriteSpot(id=453, count=0)
2022-10-10 13:48:04.601  INFO 3923 --- [    Test worker] c.j.r.FavoriteSpotQueryRepositoryTest    : Spot = capstone.jejuTourrecommend.domain.Spot@40e26c1f
2022-10-10 13:48:04.601  INFO 3923 --- [    Test worker] p6spy                                    : #1665377284601 | took 0ms | statement | connection 25| url jdbc:h2:mem:6a3784ae-1aa6-4bbf-b617-4d4aeabcc2af
call next value for hibernate_sequence
call next value for hibernate_sequence;
2022-10-10 13:48:04.601  INFO 3923 --- [    Test worker] p6spy                                    : #1665377284601 | took 0ms | statement | connection 25| url jdbc:h2:mem:6a3784ae-1aa6-4bbf-b617-4d4aeabcc2af
call next value for hibernate_sequence
call next value for hibernate_sequence;
2022-10-10 13:48:04.601  INFO 3923 --- [    Test worker] p6spy                                    : #1665377284601 | took 0ms | statement | connection 25| url jdbc:h2:mem:6a3784ae-1aa6-4bbf-b617-4d4aeabcc2af
call next value for hibernate_sequence
call next value for hibernate_sequence;
2022-10-10 13:48:04.601  INFO 3923 --- [    Test worker] p6spy                                    : #1665377284601 | took 0ms | statement | connection 25| url jdbc:h2:mem:6a3784ae-1aa6-4bbf-b617-4d4aeabcc2af
call next value for hibernate_sequence
call next value for hibernate_sequence;
2022-10-10 13:48:04.601  INFO 3923 --- [    Test worker] p6spy                                    : #1665377284601 | took 0ms | statement | connection 25| url jdbc:h2:mem:6a3784ae-1aa6-4bbf-b617-4d4aeabcc2af
call next value for hibernate_sequence
call next value for hibernate_sequence;
2022-10-10 13:48:04.601  INFO 3923 --- [    Test worker] p6spy                                    : #1665377284601 | took 0ms | statement | connection 25| url jdbc:h2:mem:6a3784ae-1aa6-4bbf-b617-4d4aeabcc2af
call next value for hibernate_sequence
call next value for hibernate_sequence;
2022-10-10 13:48:04.601  INFO 3923 --- [    Test worker] p6spy                                    : #1665377284601 | took 0ms | statement | connection 25| url jdbc:h2:mem:6a3784ae-1aa6-4bbf-b617-4d4aeabcc2af
call next value for hibernate_sequence
call next value for hibernate_sequence;
2022-10-10 13:48:04.601  INFO 3923 --- [    Test worker] p6spy                                    : #1665377284601 | took 0ms | statement | connection 25| url jdbc:h2:mem:6a3784ae-1aa6-4bbf-b617-4d4aeabcc2af
call next value for hibernate_sequence
call next value for hibernate_sequence;
2022-10-10 13:48:04.601  INFO 3923 --- [    Test worker] c.j.r.FavoriteSpotQueryRepositoryTest    : favoriteSpot = FavoriteSpot(id=454, count=0)
2022-10-10 13:48:04.601  INFO 3923 --- [    Test worker] c.j.r.FavoriteSpotQueryRepositoryTest    : Spot = capstone.jejuTourrecommend.domain.Spot@364cf84e
2022-10-10 13:48:04.601  INFO 3923 --- [    Test worker] p6spy                                    : #1665377284601 | took 0ms | statement | connection 25| url jdbc:h2:mem:6a3784ae-1aa6-4bbf-b617-4d4aeabcc2af
call next value for hibernate_sequence
call next value for hibernate_sequence;
2022-10-10 13:48:04.601  INFO 3923 --- [    Test worker] p6spy                                    : #1665377284601 | took 0ms | statement | connection 25| url jdbc:h2:mem:6a3784ae-1aa6-4bbf-b617-4d4aeabcc2af
call next value for hibernate_sequence
call next value for hibernate_sequence;
2022-10-10 13:48:04.601  INFO 3923 --- [    Test worker] p6spy                                    : #1665377284601 | took 0ms | statement | connection 25| url jdbc:h2:mem:6a3784ae-1aa6-4bbf-b617-4d4aeabcc2af
call next value for hibernate_sequence
call next value for hibernate_sequence;
2022-10-10 13:48:04.601  INFO 3923 --- [    Test worker] p6spy                                    : #1665377284601 | took 0ms | statement | connection 25| url jdbc:h2:mem:6a3784ae-1aa6-4bbf-b617-4d4aeabcc2af
call next value for hibernate_sequence
call next value for hibernate_sequence;
2022-10-10 13:48:04.601  INFO 3923 --- [    Test worker] p6spy                                    : #1665377284601 | took 0ms | statement | connection 25| url jdbc:h2:mem:6a3784ae-1aa6-4bbf-b617-4d4aeabcc2af
call next value for hibernate_sequence
call next value for hibernate_sequence;
2022-10-10 13:48:04.601  INFO 3923 --- [    Test worker] p6spy                                    : #1665377284601 | took 0ms | statement | connection 25| url jdbc:h2:mem:6a3784ae-1aa6-4bbf-b617-4d4aeabcc2af
call next value for hibernate_sequence
call next value for hibernate_sequence;
2022-10-10 13:48:04.601  INFO 3923 --- [    Test worker] p6spy                                    : #1665377284601 | took 0ms | statement | connection 25| url jdbc:h2:mem:6a3784ae-1aa6-4bbf-b617-4d4aeabcc2af
call next value for hibernate_sequence
call next value for hibernate_sequence;
2022-10-10 13:48:04.601  INFO 3923 --- [    Test worker] p6spy                                    : #1665377284601 | took 0ms | statement | connection 25| url jdbc:h2:mem:6a3784ae-1aa6-4bbf-b617-4d4aeabcc2af
call next value for hibernate_sequence
call next value for hibernate_sequence;
2022-10-10 13:48:04.601  INFO 3923 --- [    Test worker] c.j.r.FavoriteSpotQueryRepositoryTest    : favoriteSpot = FavoriteSpot(id=455, count=0)
2022-10-10 13:48:04.601  INFO 3923 --- [    Test worker] c.j.r.FavoriteSpotQueryRepositoryTest    : Spot = capstone.jejuTourrecommend.domain.Spot@1ef8a18e
2022-10-10 13:48:04.601  INFO 3923 --- [    Test worker] p6spy                                    : #1665377284601 | took 0ms | statement | connection 25| url jdbc:h2:mem:6a3784ae-1aa6-4bbf-b617-4d4aeabcc2af
call next value for hibernate_sequence
call next value for hibernate_sequence;
2022-10-10 13:48:04.601  INFO 3923 --- [    Test worker] p6spy                                    : #1665377284601 | took 0ms | statement | connection 25| url jdbc:h2:mem:6a3784ae-1aa6-4bbf-b617-4d4aeabcc2af
call next value for hibernate_sequence
call next value for hibernate_sequence;
2022-10-10 13:48:04.601  INFO 3923 --- [    Test worker] p6spy                                    : #1665377284601 | took 0ms | statement | connection 25| url jdbc:h2:mem:6a3784ae-1aa6-4bbf-b617-4d4aeabcc2af
call next value for hibernate_sequence
call next value for hibernate_sequence;
2022-10-10 13:48:04.601  INFO 3923 --- [    Test worker] p6spy                                    : #1665377284601 | took 0ms | statement | connection 25| url jdbc:h2:mem:6a3784ae-1aa6-4bbf-b617-4d4aeabcc2af
call next value for hibernate_sequence
call next value for hibernate_sequence;
2022-10-10 13:48:04.601  INFO 3923 --- [    Test worker] p6spy                                    : #1665377284601 | took 0ms | statement | connection 25| url jdbc:h2:mem:6a3784ae-1aa6-4bbf-b617-4d4aeabcc2af
call next value for hibernate_sequence
call next value for hibernate_sequence;
2022-10-10 13:48:04.601  INFO 3923 --- [    Test worker] p6spy                                    : #1665377284601 | took 0ms | statement | connection 25| url jdbc:h2:mem:6a3784ae-1aa6-4bbf-b617-4d4aeabcc2af
call next value for hibernate_sequence
call next value for hibernate_sequence;
2022-10-10 13:48:04.601  INFO 3923 --- [    Test worker] p6spy                                    : #1665377284601 | took 0ms | statement | connection 25| url jdbc:h2:mem:6a3784ae-1aa6-4bbf-b617-4d4aeabcc2af
call next value for hibernate_sequence
call next value for hibernate_sequence;
2022-10-10 13:48:04.601  INFO 3923 --- [    Test worker] p6spy                                    : #1665377284601 | took 0ms | statement | connection 25| url jdbc:h2:mem:6a3784ae-1aa6-4bbf-b617-4d4aeabcc2af
call next value for hibernate_sequence
call next value for hibernate_sequence;
2022-10-10 13:48:04.601  INFO 3923 --- [    Test worker] c.j.r.FavoriteSpotQueryRepositoryTest    : favoriteSpot = FavoriteSpot(id=456, count=0)
2022-10-10 13:48:04.601  INFO 3923 --- [    Test worker] c.j.r.FavoriteSpotQueryRepositoryTest    : Spot = capstone.jejuTourrecommend.domain.Spot@4b42f207
2022-10-10 13:48:04.601  INFO 3923 --- [    Test worker] p6spy                                    : #1665377284601 | took 0ms | statement | connection 25| url jdbc:h2:mem:6a3784ae-1aa6-4bbf-b617-4d4aeabcc2af
call next value for hibernate_sequence
call next value for hibernate_sequence;
2022-10-10 13:48:04.601  INFO 3923 --- [    Test worker] p6spy                                    : #1665377284601 | took 0ms | statement | connection 25| url jdbc:h2:mem:6a3784ae-1aa6-4bbf-b617-4d4aeabcc2af
call next value for hibernate_sequence
call next value for hibernate_sequence;
2022-10-10 13:48:04.602  INFO 3923 --- [    Test worker] p6spy                                    : #1665377284602 | took 0ms | statement | connection 25| url jdbc:h2:mem:6a3784ae-1aa6-4bbf-b617-4d4aeabcc2af
call next value for hibernate_sequence
call next value for hibernate_sequence;
2022-10-10 13:48:04.602  INFO 3923 --- [    Test worker] p6spy                                    : #1665377284602 | took 0ms | statement | connection 25| url jdbc:h2:mem:6a3784ae-1aa6-4bbf-b617-4d4aeabcc2af
call next value for hibernate_sequence
call next value for hibernate_sequence;
2022-10-10 13:48:04.602  INFO 3923 --- [    Test worker] p6spy                                    : #1665377284602 | took 0ms | statement | connection 25| url jdbc:h2:mem:6a3784ae-1aa6-4bbf-b617-4d4aeabcc2af
call next value for hibernate_sequence
call next value for hibernate_sequence;
2022-10-10 13:48:04.602  INFO 3923 --- [    Test worker] p6spy                                    : #1665377284602 | took 0ms | statement | connection 25| url jdbc:h2:mem:6a3784ae-1aa6-4bbf-b617-4d4aeabcc2af
call next value for hibernate_sequence
call next value for hibernate_sequence;
2022-10-10 13:48:04.602  INFO 3923 --- [    Test worker] p6spy                                    : #1665377284602 | took 0ms | statement | connection 25| url jdbc:h2:mem:6a3784ae-1aa6-4bbf-b617-4d4aeabcc2af
call next value for hibernate_sequence
call next value for hibernate_sequence;
2022-10-10 13:48:04.602  INFO 3923 --- [    Test worker] p6spy                                    : #1665377284602 | took 0ms | statement | connection 25| url jdbc:h2:mem:6a3784ae-1aa6-4bbf-b617-4d4aeabcc2af
call next value for hibernate_sequence
call next value for hibernate_sequence;
2022-10-10 13:48:04.602  INFO 3923 --- [    Test worker] c.j.r.FavoriteSpotQueryRepositoryTest    : favoriteSpot = FavoriteSpot(id=457, count=0)
2022-10-10 13:48:04.602  INFO 3923 --- [    Test worker] c.j.r.FavoriteSpotQueryRepositoryTest    : Spot = capstone.jejuTourrecommend.domain.Spot@26836337
2022-10-10 13:48:04.602  INFO 3923 --- [    Test worker] p6spy                                    : #1665377284602 | took 0ms | statement | connection 25| url jdbc:h2:mem:6a3784ae-1aa6-4bbf-b617-4d4aeabcc2af
call next value for hibernate_sequence
call next value for hibernate_sequence;
2022-10-10 13:48:04.602  INFO 3923 --- [    Test worker] p6spy                                    : #1665377284602 | took 0ms | statement | connection 25| url jdbc:h2:mem:6a3784ae-1aa6-4bbf-b617-4d4aeabcc2af
call next value for hibernate_sequence
call next value for hibernate_sequence;
2022-10-10 13:48:04.602  INFO 3923 --- [    Test worker] p6spy                                    : #1665377284602 | took 0ms | statement | connection 25| url jdbc:h2:mem:6a3784ae-1aa6-4bbf-b617-4d4aeabcc2af
call next value for hibernate_sequence
call next value for hibernate_sequence;
2022-10-10 13:48:04.602  INFO 3923 --- [    Test worker] p6spy                                    : #1665377284602 | took 0ms | statement | connection 25| url jdbc:h2:mem:6a3784ae-1aa6-4bbf-b617-4d4aeabcc2af
call next value for hibernate_sequence
call next value for hibernate_sequence;
2022-10-10 13:48:04.602  INFO 3923 --- [    Test worker] p6spy                                    : #1665377284602 | took 0ms | statement | connection 25| url jdbc:h2:mem:6a3784ae-1aa6-4bbf-b617-4d4aeabcc2af
call next value for hibernate_sequence
call next value for hibernate_sequence;
2022-10-10 13:48:04.602  INFO 3923 --- [    Test worker] p6spy                                    : #1665377284602 | took 0ms | statement | connection 25| url jdbc:h2:mem:6a3784ae-1aa6-4bbf-b617-4d4aeabcc2af
call next value for hibernate_sequence
call next value for hibernate_sequence;
2022-10-10 13:48:04.602  INFO 3923 --- [    Test worker] p6spy                                    : #1665377284602 | took 0ms | statement | connection 25| url jdbc:h2:mem:6a3784ae-1aa6-4bbf-b617-4d4aeabcc2af
call next value for hibernate_sequence
call next value for hibernate_sequence;
2022-10-10 13:48:04.602  INFO 3923 --- [    Test worker] p6spy                                    : #1665377284602 | took 0ms | statement | connection 25| url jdbc:h2:mem:6a3784ae-1aa6-4bbf-b617-4d4aeabcc2af
call next value for hibernate_sequence
call next value for hibernate_sequence;
2022-10-10 13:48:04.602  INFO 3923 --- [    Test worker] c.j.r.FavoriteSpotQueryRepositoryTest    : favoriteSpot = FavoriteSpot(id=458, count=0)
2022-10-10 13:48:04.602  INFO 3923 --- [    Test worker] c.j.r.FavoriteSpotQueryRepositoryTest    : Spot = capstone.jejuTourrecommend.domain.Spot@b368cf3
2022-10-10 13:48:04.602  INFO 3923 --- [    Test worker] p6spy                                    : #1665377284602 | took 0ms | statement | connection 25| url jdbc:h2:mem:6a3784ae-1aa6-4bbf-b617-4d4aeabcc2af
call next value for hibernate_sequence
call next value for hibernate_sequence;
2022-10-10 13:48:04.602  INFO 3923 --- [    Test worker] p6spy                                    : #1665377284602 | took 0ms | statement | connection 25| url jdbc:h2:mem:6a3784ae-1aa6-4bbf-b617-4d4aeabcc2af
call next value for hibernate_sequence
call next value for hibernate_sequence;
2022-10-10 13:48:04.602  INFO 3923 --- [    Test worker] p6spy                                    : #1665377284602 | took 0ms | statement | connection 25| url jdbc:h2:mem:6a3784ae-1aa6-4bbf-b617-4d4aeabcc2af
call next value for hibernate_sequence
call next value for hibernate_sequence;
2022-10-10 13:48:04.602  INFO 3923 --- [    Test worker] p6spy                                    : #1665377284602 | took 0ms | statement | connection 25| url jdbc:h2:mem:6a3784ae-1aa6-4bbf-b617-4d4aeabcc2af
call next value for hibernate_sequence
call next value for hibernate_sequence;
2022-10-10 13:48:04.602  INFO 3923 --- [    Test worker] p6spy                                    : #1665377284602 | took 0ms | statement | connection 25| url jdbc:h2:mem:6a3784ae-1aa6-4bbf-b617-4d4aeabcc2af
call next value for hibernate_sequence
call next value for hibernate_sequence;
2022-10-10 13:48:04.602  INFO 3923 --- [    Test worker] p6spy                                    : #1665377284602 | took 0ms | statement | connection 25| url jdbc:h2:mem:6a3784ae-1aa6-4bbf-b617-4d4aeabcc2af
call next value for hibernate_sequence
call next value for hibernate_sequence;
2022-10-10 13:48:04.602  INFO 3923 --- [    Test worker] p6spy                                    : #1665377284602 | took 0ms | statement | connection 25| url jdbc:h2:mem:6a3784ae-1aa6-4bbf-b617-4d4aeabcc2af
call next value for hibernate_sequence
call next value for hibernate_sequence;
2022-10-10 13:48:04.602  INFO 3923 --- [    Test worker] p6spy                                    : #1665377284602 | took 0ms | statement | connection 25| url jdbc:h2:mem:6a3784ae-1aa6-4bbf-b617-4d4aeabcc2af
call next value for hibernate_sequence
call next value for hibernate_sequence;
2022-10-10 13:48:04.602  INFO 3923 --- [    Test worker] c.j.r.FavoriteSpotQueryRepositoryTest    : favoriteSpot = FavoriteSpot(id=459, count=0)
2022-10-10 13:48:04.602  INFO 3923 --- [    Test worker] c.j.r.FavoriteSpotQueryRepositoryTest    : Spot = capstone.jejuTourrecommend.domain.Spot@1cb0e955
2022-10-10 13:48:04.602  INFO 3923 --- [    Test worker] p6spy                                    : #1665377284602 | took 0ms | statement | connection 25| url jdbc:h2:mem:6a3784ae-1aa6-4bbf-b617-4d4aeabcc2af
call next value for hibernate_sequence
call next value for hibernate_sequence;
2022-10-10 13:48:04.602  INFO 3923 --- [    Test worker] p6spy                                    : #1665377284602 | took 0ms | statement | connection 25| url jdbc:h2:mem:6a3784ae-1aa6-4bbf-b617-4d4aeabcc2af
call next value for hibernate_sequence
call next value for hibernate_sequence;
2022-10-10 13:48:04.602  INFO 3923 --- [    Test worker] p6spy                                    : #1665377284602 | took 0ms | statement | connection 25| url jdbc:h2:mem:6a3784ae-1aa6-4bbf-b617-4d4aeabcc2af
call next value for hibernate_sequence
call next value for hibernate_sequence;
2022-10-10 13:48:04.602  INFO 3923 --- [    Test worker] p6spy                                    : #1665377284602 | took 0ms | statement | connection 25| url jdbc:h2:mem:6a3784ae-1aa6-4bbf-b617-4d4aeabcc2af
call next value for hibernate_sequence
call next value for hibernate_sequence;
2022-10-10 13:48:04.603  INFO 3923 --- [    Test worker] p6spy                                    : #1665377284603 | took 0ms | statement | connection 25| url jdbc:h2:mem:6a3784ae-1aa6-4bbf-b617-4d4aeabcc2af
call next value for hibernate_sequence
call next value for hibernate_sequence;
2022-10-10 13:48:04.603  INFO 3923 --- [    Test worker] p6spy                                    : #1665377284603 | took 0ms | statement | connection 25| url jdbc:h2:mem:6a3784ae-1aa6-4bbf-b617-4d4aeabcc2af
call next value for hibernate_sequence
call next value for hibernate_sequence;
2022-10-10 13:48:04.603  INFO 3923 --- [    Test worker] p6spy                                    : #1665377284603 | took 0ms | statement | connection 25| url jdbc:h2:mem:6a3784ae-1aa6-4bbf-b617-4d4aeabcc2af
call next value for hibernate_sequence
call next value for hibernate_sequence;
2022-10-10 13:48:04.603  INFO 3923 --- [    Test worker] p6spy                                    : #1665377284603 | took 0ms | statement | connection 25| url jdbc:h2:mem:6a3784ae-1aa6-4bbf-b617-4d4aeabcc2af
call next value for hibernate_sequence
call next value for hibernate_sequence;
2022-10-10 13:48:04.603  INFO 3923 --- [    Test worker] c.j.r.FavoriteSpotQueryRepositoryTest    : favoriteSpot = FavoriteSpot(id=460, count=0)
2022-10-10 13:48:04.603  INFO 3923 --- [    Test worker] c.j.r.FavoriteSpotQueryRepositoryTest    : Spot = capstone.jejuTourrecommend.domain.Spot@49a16de5
2022-10-10 13:48:04.603  INFO 3923 --- [    Test worker] p6spy                                    : #1665377284603 | took 0ms | statement | connection 25| url jdbc:h2:mem:6a3784ae-1aa6-4bbf-b617-4d4aeabcc2af
call next value for hibernate_sequence
call next value for hibernate_sequence;
2022-10-10 13:48:04.603  INFO 3923 --- [    Test worker] p6spy                                    : #1665377284603 | took 0ms | statement | connection 25| url jdbc:h2:mem:6a3784ae-1aa6-4bbf-b617-4d4aeabcc2af
call next value for hibernate_sequence
call next value for hibernate_sequence;
2022-10-10 13:48:04.603  INFO 3923 --- [    Test worker] p6spy                                    : #1665377284603 | took 0ms | statement | connection 25| url jdbc:h2:mem:6a3784ae-1aa6-4bbf-b617-4d4aeabcc2af
call next value for hibernate_sequence
call next value for hibernate_sequence;
2022-10-10 13:48:04.603  INFO 3923 --- [    Test worker] p6spy                                    : #1665377284603 | took 0ms | statement | connection 25| url jdbc:h2:mem:6a3784ae-1aa6-4bbf-b617-4d4aeabcc2af
call next value for hibernate_sequence
call next value for hibernate_sequence;
2022-10-10 13:48:04.603  INFO 3923 --- [    Test worker] p6spy                                    : #1665377284603 | took 0ms | statement | connection 25| url jdbc:h2:mem:6a3784ae-1aa6-4bbf-b617-4d4aeabcc2af
call next value for hibernate_sequence
call next value for hibernate_sequence;
2022-10-10 13:48:04.603  INFO 3923 --- [    Test worker] p6spy                                    : #1665377284603 | took 0ms | statement | connection 25| url jdbc:h2:mem:6a3784ae-1aa6-4bbf-b617-4d4aeabcc2af
call next value for hibernate_sequence
call next value for hibernate_sequence;
2022-10-10 13:48:04.603  INFO 3923 --- [    Test worker] p6spy                                    : #1665377284603 | took 0ms | statement | connection 25| url jdbc:h2:mem:6a3784ae-1aa6-4bbf-b617-4d4aeabcc2af
call next value for hibernate_sequence
call next value for hibernate_sequence;
2022-10-10 13:48:04.603  INFO 3923 --- [    Test worker] p6spy                                    : #1665377284603 | took 0ms | statement | connection 25| url jdbc:h2:mem:6a3784ae-1aa6-4bbf-b617-4d4aeabcc2af
call next value for hibernate_sequence
call next value for hibernate_sequence;
2022-10-10 13:48:04.603  INFO 3923 --- [    Test worker] c.j.r.FavoriteSpotQueryRepositoryTest    : favoriteSpot = FavoriteSpot(id=461, count=0)
2022-10-10 13:48:04.603  INFO 3923 --- [    Test worker] c.j.r.FavoriteSpotQueryRepositoryTest    : Spot = capstone.jejuTourrecommend.domain.Spot@1a630ad6
2022-10-10 13:48:04.603  INFO 3923 --- [    Test worker] p6spy                                    : #1665377284603 | took 0ms | statement | connection 25| url jdbc:h2:mem:6a3784ae-1aa6-4bbf-b617-4d4aeabcc2af
call next value for hibernate_sequence
call next value for hibernate_sequence;
2022-10-10 13:48:04.603  INFO 3923 --- [    Test worker] p6spy                                    : #1665377284603 | took 0ms | statement | connection 25| url jdbc:h2:mem:6a3784ae-1aa6-4bbf-b617-4d4aeabcc2af
call next value for hibernate_sequence
call next value for hibernate_sequence;
2022-10-10 13:48:04.603  INFO 3923 --- [    Test worker] p6spy                                    : #1665377284603 | took 0ms | statement | connection 25| url jdbc:h2:mem:6a3784ae-1aa6-4bbf-b617-4d4aeabcc2af
call next value for hibernate_sequence
call next value for hibernate_sequence;
2022-10-10 13:48:04.603  INFO 3923 --- [    Test worker] p6spy                                    : #1665377284603 | took 0ms | statement | connection 25| url jdbc:h2:mem:6a3784ae-1aa6-4bbf-b617-4d4aeabcc2af
call next value for hibernate_sequence
call next value for hibernate_sequence;
2022-10-10 13:48:04.603  INFO 3923 --- [    Test worker] p6spy                                    : #1665377284603 | took 0ms | statement | connection 25| url jdbc:h2:mem:6a3784ae-1aa6-4bbf-b617-4d4aeabcc2af
call next value for hibernate_sequence
call next value for hibernate_sequence;
2022-10-10 13:48:04.603  INFO 3923 --- [    Test worker] p6spy                                    : #1665377284603 | took 0ms | statement | connection 25| url jdbc:h2:mem:6a3784ae-1aa6-4bbf-b617-4d4aeabcc2af
call next value for hibernate_sequence
call next value for hibernate_sequence;
2022-10-10 13:48:04.603  INFO 3923 --- [    Test worker] p6spy                                    : #1665377284603 | took 0ms | statement | connection 25| url jdbc:h2:mem:6a3784ae-1aa6-4bbf-b617-4d4aeabcc2af
call next value for hibernate_sequence
call next value for hibernate_sequence;
2022-10-10 13:48:04.603  INFO 3923 --- [    Test worker] p6spy                                    : #1665377284603 | took 0ms | statement | connection 25| url jdbc:h2:mem:6a3784ae-1aa6-4bbf-b617-4d4aeabcc2af
call next value for hibernate_sequence
call next value for hibernate_sequence;
2022-10-10 13:48:04.603  INFO 3923 --- [    Test worker] c.j.r.FavoriteSpotQueryRepositoryTest    : favoriteSpot = FavoriteSpot(id=462, count=0)
2022-10-10 13:48:04.603  INFO 3923 --- [    Test worker] c.j.r.FavoriteSpotQueryRepositoryTest    : Spot = capstone.jejuTourrecommend.domain.Spot@475c3cce
2022-10-10 13:48:04.603  INFO 3923 --- [    Test worker] p6spy                                    : #1665377284603 | took 0ms | statement | connection 25| url jdbc:h2:mem:6a3784ae-1aa6-4bbf-b617-4d4aeabcc2af
call next value for hibernate_sequence
call next value for hibernate_sequence;
2022-10-10 13:48:04.603  INFO 3923 --- [    Test worker] p6spy                                    : #1665377284603 | took 0ms | statement | connection 25| url jdbc:h2:mem:6a3784ae-1aa6-4bbf-b617-4d4aeabcc2af
call next value for hibernate_sequence
call next value for hibernate_sequence;
2022-10-10 13:48:04.603  INFO 3923 --- [    Test worker] p6spy                                    : #1665377284603 | took 0ms | statement | connection 25| url jdbc:h2:mem:6a3784ae-1aa6-4bbf-b617-4d4aeabcc2af
call next value for hibernate_sequence
call next value for hibernate_sequence;
2022-10-10 13:48:04.603  INFO 3923 --- [    Test worker] p6spy                                    : #1665377284603 | took 0ms | statement | connection 25| url jdbc:h2:mem:6a3784ae-1aa6-4bbf-b617-4d4aeabcc2af
call next value for spot_seq
call next value for spot_seq;
2022-10-10 13:48:04.603  INFO 3923 --- [    Test worker] p6spy                                    : #1665377284603 | took 0ms | statement | connection 25| url jdbc:h2:mem:6a3784ae-1aa6-4bbf-b617-4d4aeabcc2af
call next value for hibernate_sequence
call next value for hibernate_sequence;
2022-10-10 13:48:04.603  INFO 3923 --- [    Test worker] p6spy                                    : #1665377284603 | took 0ms | statement | connection 25| url jdbc:h2:mem:6a3784ae-1aa6-4bbf-b617-4d4aeabcc2af
call next value for hibernate_sequence
call next value for hibernate_sequence;
2022-10-10 13:48:04.603  INFO 3923 --- [    Test worker] p6spy                                    : #1665377284603 | took 0ms | statement | connection 25| url jdbc:h2:mem:6a3784ae-1aa6-4bbf-b617-4d4aeabcc2af
call next value for hibernate_sequence
call next value for hibernate_sequence;
2022-10-10 13:48:04.603  INFO 3923 --- [    Test worker] p6spy                                    : #1665377284603 | took 0ms | statement | connection 25| url jdbc:h2:mem:6a3784ae-1aa6-4bbf-b617-4d4aeabcc2af
call next value for hibernate_sequence
call next value for hibernate_sequence;
2022-10-10 13:48:04.603  INFO 3923 --- [    Test worker] p6spy                                    : #1665377284603 | took 0ms | statement | connection 25| url jdbc:h2:mem:6a3784ae-1aa6-4bbf-b617-4d4aeabcc2af
call next value for hibernate_sequence
call next value for hibernate_sequence;
2022-10-10 13:48:04.603  INFO 3923 --- [    Test worker] c.j.r.FavoriteSpotQueryRepositoryTest    : favoriteSpot = FavoriteSpot(id=463, count=0)
2022-10-10 13:48:04.603  INFO 3923 --- [    Test worker] c.j.r.FavoriteSpotQueryRepositoryTest    : Spot = capstone.jejuTourrecommend.domain.Spot@2a55e40b
2022-10-10 13:48:04.603  INFO 3923 --- [    Test worker] p6spy                                    : #1665377284603 | took 0ms | statement | connection 25| url jdbc:h2:mem:6a3784ae-1aa6-4bbf-b617-4d4aeabcc2af
call next value for hibernate_sequence
call next value for hibernate_sequence;
2022-10-10 13:48:04.603  INFO 3923 --- [    Test worker] p6spy                                    : #1665377284603 | took 0ms | statement | connection 25| url jdbc:h2:mem:6a3784ae-1aa6-4bbf-b617-4d4aeabcc2af
call next value for hibernate_sequence
call next value for hibernate_sequence;
2022-10-10 13:48:04.603  INFO 3923 --- [    Test worker] p6spy                                    : #1665377284603 | took 0ms | statement | connection 25| url jdbc:h2:mem:6a3784ae-1aa6-4bbf-b617-4d4aeabcc2af
call next value for hibernate_sequence
call next value for hibernate_sequence;
2022-10-10 13:48:04.603  INFO 3923 --- [    Test worker] p6spy                                    : #1665377284603 | took 0ms | statement | connection 25| url jdbc:h2:mem:6a3784ae-1aa6-4bbf-b617-4d4aeabcc2af
call next value for hibernate_sequence
call next value for hibernate_sequence;
2022-10-10 13:48:04.603  INFO 3923 --- [    Test worker] p6spy                                    : #1665377284603 | took 0ms | statement | connection 25| url jdbc:h2:mem:6a3784ae-1aa6-4bbf-b617-4d4aeabcc2af
call next value for hibernate_sequence
call next value for hibernate_sequence;
2022-10-10 13:48:04.603  INFO 3923 --- [    Test worker] p6spy                                    : #1665377284603 | took 0ms | statement | connection 25| url jdbc:h2:mem:6a3784ae-1aa6-4bbf-b617-4d4aeabcc2af
call next value for hibernate_sequence
call next value for hibernate_sequence;
2022-10-10 13:48:04.603  INFO 3923 --- [    Test worker] p6spy                                    : #1665377284603 | took 0ms | statement | connection 25| url jdbc:h2:mem:6a3784ae-1aa6-4bbf-b617-4d4aeabcc2af
call next value for hibernate_sequence
call next value for hibernate_sequence;
2022-10-10 13:48:04.603  INFO 3923 --- [    Test worker] p6spy                                    : #1665377284603 | took 0ms | statement | connection 25| url jdbc:h2:mem:6a3784ae-1aa6-4bbf-b617-4d4aeabcc2af
call next value for hibernate_sequence
call next value for hibernate_sequence;
2022-10-10 13:48:04.603  INFO 3923 --- [    Test worker] c.j.r.FavoriteSpotQueryRepositoryTest    : favoriteSpot = FavoriteSpot(id=464, count=0)
2022-10-10 13:48:04.603  INFO 3923 --- [    Test worker] c.j.r.FavoriteSpotQueryRepositoryTest    : Spot = capstone.jejuTourrecommend.domain.Spot@39e1b245
2022-10-10 13:48:04.603  INFO 3923 --- [    Test worker] p6spy                                    : #1665377284603 | took 0ms | statement | connection 25| url jdbc:h2:mem:6a3784ae-1aa6-4bbf-b617-4d4aeabcc2af
call next value for hibernate_sequence
call next value for hibernate_sequence;
2022-10-10 13:48:04.603  INFO 3923 --- [    Test worker] p6spy                                    : #1665377284603 | took 0ms | statement | connection 25| url jdbc:h2:mem:6a3784ae-1aa6-4bbf-b617-4d4aeabcc2af
call next value for hibernate_sequence
call next value for hibernate_sequence;
2022-10-10 13:48:04.604  INFO 3923 --- [    Test worker] p6spy                                    : #1665377284604 | took 0ms | statement | connection 25| url jdbc:h2:mem:6a3784ae-1aa6-4bbf-b617-4d4aeabcc2af
call next value for hibernate_sequence
call next value for hibernate_sequence;
2022-10-10 13:48:04.604  INFO 3923 --- [    Test worker] p6spy                                    : #1665377284604 | took 0ms | statement | connection 25| url jdbc:h2:mem:6a3784ae-1aa6-4bbf-b617-4d4aeabcc2af
call next value for hibernate_sequence
call next value for hibernate_sequence;
2022-10-10 13:48:04.604  INFO 3923 --- [    Test worker] p6spy                                    : #1665377284604 | took 0ms | statement | connection 25| url jdbc:h2:mem:6a3784ae-1aa6-4bbf-b617-4d4aeabcc2af
call next value for hibernate_sequence
call next value for hibernate_sequence;
2022-10-10 13:48:04.604  INFO 3923 --- [    Test worker] p6spy                                    : #1665377284604 | took 0ms | statement | connection 25| url jdbc:h2:mem:6a3784ae-1aa6-4bbf-b617-4d4aeabcc2af
call next value for hibernate_sequence
call next value for hibernate_sequence;
2022-10-10 13:48:04.604  INFO 3923 --- [    Test worker] p6spy                                    : #1665377284604 | took 0ms | statement | connection 25| url jdbc:h2:mem:6a3784ae-1aa6-4bbf-b617-4d4aeabcc2af
call next value for hibernate_sequence
call next value for hibernate_sequence;
2022-10-10 13:48:04.604  INFO 3923 --- [    Test worker] p6spy                                    : #1665377284604 | took 0ms | statement | connection 25| url jdbc:h2:mem:6a3784ae-1aa6-4bbf-b617-4d4aeabcc2af
call next value for hibernate_sequence
call next value for hibernate_sequence;
2022-10-10 13:48:04.604  INFO 3923 --- [    Test worker] c.j.r.FavoriteSpotQueryRepositoryTest    : favoriteSpot = FavoriteSpot(id=465, count=0)
2022-10-10 13:48:04.604  INFO 3923 --- [    Test worker] c.j.r.FavoriteSpotQueryRepositoryTest    : Spot = capstone.jejuTourrecommend.domain.Spot@2dc7f262
2022-10-10 13:48:04.604  INFO 3923 --- [    Test worker] p6spy                                    : #1665377284604 | took 0ms | statement | connection 25| url jdbc:h2:mem:6a3784ae-1aa6-4bbf-b617-4d4aeabcc2af
call next value for hibernate_sequence
call next value for hibernate_sequence;
2022-10-10 13:48:04.604  INFO 3923 --- [    Test worker] p6spy                                    : #1665377284604 | took 0ms | statement | connection 25| url jdbc:h2:mem:6a3784ae-1aa6-4bbf-b617-4d4aeabcc2af
call next value for hibernate_sequence
call next value for hibernate_sequence;
2022-10-10 13:48:04.604  INFO 3923 --- [    Test worker] p6spy                                    : #1665377284604 | took 0ms | statement | connection 25| url jdbc:h2:mem:6a3784ae-1aa6-4bbf-b617-4d4aeabcc2af
call next value for hibernate_sequence
call next value for hibernate_sequence;
2022-10-10 13:48:04.604  INFO 3923 --- [    Test worker] p6spy                                    : #1665377284604 | took 0ms | statement | connection 25| url jdbc:h2:mem:6a3784ae-1aa6-4bbf-b617-4d4aeabcc2af
call next value for hibernate_sequence
call next value for hibernate_sequence;
2022-10-10 13:48:04.604  INFO 3923 --- [    Test worker] p6spy                                    : #1665377284604 | took 0ms | statement | connection 25| url jdbc:h2:mem:6a3784ae-1aa6-4bbf-b617-4d4aeabcc2af
call next value for hibernate_sequence
call next value for hibernate_sequence;
2022-10-10 13:48:04.604  INFO 3923 --- [    Test worker] p6spy                                    : #1665377284604 | took 0ms | statement | connection 25| url jdbc:h2:mem:6a3784ae-1aa6-4bbf-b617-4d4aeabcc2af
call next value for hibernate_sequence
call next value for hibernate_sequence;
2022-10-10 13:48:04.604  INFO 3923 --- [    Test worker] p6spy                                    : #1665377284604 | took 0ms | statement | connection 25| url jdbc:h2:mem:6a3784ae-1aa6-4bbf-b617-4d4aeabcc2af
call next value for hibernate_sequence
call next value for hibernate_sequence;
2022-10-10 13:48:04.604  INFO 3923 --- [    Test worker] p6spy                                    : #1665377284604 | took 0ms | statement | connection 25| url jdbc:h2:mem:6a3784ae-1aa6-4bbf-b617-4d4aeabcc2af
call next value for hibernate_sequence
call next value for hibernate_sequence;
2022-10-10 13:48:04.604  INFO 3923 --- [    Test worker] c.j.r.FavoriteSpotQueryRepositoryTest    : favoriteSpot = FavoriteSpot(id=466, count=0)
2022-10-10 13:48:04.604  INFO 3923 --- [    Test worker] c.j.r.FavoriteSpotQueryRepositoryTest    : Spot = capstone.jejuTourrecommend.domain.Spot@5e4235f0
2022-10-10 13:48:04.604  INFO 3923 --- [    Test worker] p6spy                                    : #1665377284604 | took 0ms | statement | connection 25| url jdbc:h2:mem:6a3784ae-1aa6-4bbf-b617-4d4aeabcc2af
call next value for hibernate_sequence
call next value for hibernate_sequence;
2022-10-10 13:48:04.604  INFO 3923 --- [    Test worker] p6spy                                    : #1665377284604 | took 0ms | statement | connection 25| url jdbc:h2:mem:6a3784ae-1aa6-4bbf-b617-4d4aeabcc2af
call next value for hibernate_sequence
call next value for hibernate_sequence;
2022-10-10 13:48:04.604  INFO 3923 --- [    Test worker] p6spy                                    : #1665377284604 | took 0ms | statement | connection 25| url jdbc:h2:mem:6a3784ae-1aa6-4bbf-b617-4d4aeabcc2af
call next value for hibernate_sequence
call next value for hibernate_sequence;
2022-10-10 13:48:04.604  INFO 3923 --- [    Test worker] p6spy                                    : #1665377284604 | took 0ms | statement | connection 25| url jdbc:h2:mem:6a3784ae-1aa6-4bbf-b617-4d4aeabcc2af
call next value for hibernate_sequence
call next value for hibernate_sequence;
2022-10-10 13:48:04.604  INFO 3923 --- [    Test worker] p6spy                                    : #1665377284604 | took 0ms | statement | connection 25| url jdbc:h2:mem:6a3784ae-1aa6-4bbf-b617-4d4aeabcc2af
call next value for hibernate_sequence
call next value for hibernate_sequence;
2022-10-10 13:48:04.604  INFO 3923 --- [    Test worker] p6spy                                    : #1665377284604 | took 0ms | statement | connection 25| url jdbc:h2:mem:6a3784ae-1aa6-4bbf-b617-4d4aeabcc2af
call next value for hibernate_sequence
call next value for hibernate_sequence;
2022-10-10 13:48:04.604  INFO 3923 --- [    Test worker] p6spy                                    : #1665377284604 | took 0ms | statement | connection 25| url jdbc:h2:mem:6a3784ae-1aa6-4bbf-b617-4d4aeabcc2af
call next value for hibernate_sequence
call next value for hibernate_sequence;
2022-10-10 13:48:04.604  INFO 3923 --- [    Test worker] p6spy                                    : #1665377284604 | took 0ms | statement | connection 25| url jdbc:h2:mem:6a3784ae-1aa6-4bbf-b617-4d4aeabcc2af
call next value for hibernate_sequence
call next value for hibernate_sequence;
2022-10-10 13:48:04.604  INFO 3923 --- [    Test worker] c.j.r.FavoriteSpotQueryRepositoryTest    : favoriteSpot = FavoriteSpot(id=467, count=0)
2022-10-10 13:48:04.604  INFO 3923 --- [    Test worker] c.j.r.FavoriteSpotQueryRepositoryTest    : Spot = capstone.jejuTourrecommend.domain.Spot@525dc4ad
2022-10-10 13:48:04.604  INFO 3923 --- [    Test worker] p6spy                                    : #1665377284604 | took 0ms | statement | connection 25| url jdbc:h2:mem:6a3784ae-1aa6-4bbf-b617-4d4aeabcc2af
call next value for hibernate_sequence
call next value for hibernate_sequence;
2022-10-10 13:48:04.604  INFO 3923 --- [    Test worker] p6spy                                    : #1665377284604 | took 0ms | statement | connection 25| url jdbc:h2:mem:6a3784ae-1aa6-4bbf-b617-4d4aeabcc2af
call next value for hibernate_sequence
call next value for hibernate_sequence;
2022-10-10 13:48:04.604  INFO 3923 --- [    Test worker] p6spy                                    : #1665377284604 | took 0ms | statement | connection 25| url jdbc:h2:mem:6a3784ae-1aa6-4bbf-b617-4d4aeabcc2af
call next value for hibernate_sequence
call next value for hibernate_sequence;
2022-10-10 13:48:04.604  INFO 3923 --- [    Test worker] p6spy                                    : #1665377284604 | took 0ms | statement | connection 25| url jdbc:h2:mem:6a3784ae-1aa6-4bbf-b617-4d4aeabcc2af
call next value for hibernate_sequence
call next value for hibernate_sequence;
2022-10-10 13:48:04.604  INFO 3923 --- [    Test worker] p6spy                                    : #1665377284604 | took 0ms | statement | connection 25| url jdbc:h2:mem:6a3784ae-1aa6-4bbf-b617-4d4aeabcc2af
call next value for hibernate_sequence
call next value for hibernate_sequence;
2022-10-10 13:48:04.604  INFO 3923 --- [    Test worker] p6spy                                    : #1665377284604 | took 0ms | statement | connection 25| url jdbc:h2:mem:6a3784ae-1aa6-4bbf-b617-4d4aeabcc2af
call next value for hibernate_sequence
call next value for hibernate_sequence;
2022-10-10 13:48:04.604  INFO 3923 --- [    Test worker] p6spy                                    : #1665377284604 | took 0ms | statement | connection 25| url jdbc:h2:mem:6a3784ae-1aa6-4bbf-b617-4d4aeabcc2af
call next value for hibernate_sequence
call next value for hibernate_sequence;
2022-10-10 13:48:04.604  INFO 3923 --- [    Test worker] p6spy                                    : #1665377284604 | took 0ms | statement | connection 25| url jdbc:h2:mem:6a3784ae-1aa6-4bbf-b617-4d4aeabcc2af
call next value for hibernate_sequence
call next value for hibernate_sequence;
2022-10-10 13:48:04.604  INFO 3923 --- [    Test worker] c.j.r.FavoriteSpotQueryRepositoryTest    : favoriteSpot = FavoriteSpot(id=468, count=0)
2022-10-10 13:48:04.604  INFO 3923 --- [    Test worker] c.j.r.FavoriteSpotQueryRepositoryTest    : Spot = capstone.jejuTourrecommend.domain.Spot@7af17793
2022-10-10 13:48:04.604  INFO 3923 --- [    Test worker] p6spy                                    : #1665377284604 | took 0ms | statement | connection 25| url jdbc:h2:mem:6a3784ae-1aa6-4bbf-b617-4d4aeabcc2af
call next value for hibernate_sequence
call next value for hibernate_sequence;
2022-10-10 13:48:04.604  INFO 3923 --- [    Test worker] p6spy                                    : #1665377284604 | took 0ms | statement | connection 25| url jdbc:h2:mem:6a3784ae-1aa6-4bbf-b617-4d4aeabcc2af
call next value for hibernate_sequence
call next value for hibernate_sequence;
2022-10-10 13:48:04.604  INFO 3923 --- [    Test worker] p6spy                                    : #1665377284604 | took 0ms | statement | connection 25| url jdbc:h2:mem:6a3784ae-1aa6-4bbf-b617-4d4aeabcc2af
call next value for hibernate_sequence
call next value for hibernate_sequence;
2022-10-10 13:48:04.604  INFO 3923 --- [    Test worker] p6spy                                    : #1665377284604 | took 0ms | statement | connection 25| url jdbc:h2:mem:6a3784ae-1aa6-4bbf-b617-4d4aeabcc2af
call next value for hibernate_sequence
call next value for hibernate_sequence;
2022-10-10 13:48:04.605  INFO 3923 --- [    Test worker] p6spy                                    : #1665377284605 | took 0ms | statement | connection 25| url jdbc:h2:mem:6a3784ae-1aa6-4bbf-b617-4d4aeabcc2af
call next value for hibernate_sequence
call next value for hibernate_sequence;
2022-10-10 13:48:04.605  INFO 3923 --- [    Test worker] p6spy                                    : #1665377284605 | took 0ms | statement | connection 25| url jdbc:h2:mem:6a3784ae-1aa6-4bbf-b617-4d4aeabcc2af
call next value for hibernate_sequence
call next value for hibernate_sequence;
2022-10-10 13:48:04.605  INFO 3923 --- [    Test worker] p6spy                                    : #1665377284605 | took 0ms | statement | connection 25| url jdbc:h2:mem:6a3784ae-1aa6-4bbf-b617-4d4aeabcc2af
call next value for hibernate_sequence
call next value for hibernate_sequence;
2022-10-10 13:48:04.605  INFO 3923 --- [    Test worker] p6spy                                    : #1665377284605 | took 0ms | statement | connection 25| url jdbc:h2:mem:6a3784ae-1aa6-4bbf-b617-4d4aeabcc2af
call next value for hibernate_sequence
call next value for hibernate_sequence;
2022-10-10 13:48:04.605  INFO 3923 --- [    Test worker] c.j.r.FavoriteSpotQueryRepositoryTest    : favoriteSpot = FavoriteSpot(id=469, count=0)
2022-10-10 13:48:04.605  INFO 3923 --- [    Test worker] c.j.r.FavoriteSpotQueryRepositoryTest    : Spot = capstone.jejuTourrecommend.domain.Spot@4740b02
2022-10-10 13:48:04.605  INFO 3923 --- [    Test worker] p6spy                                    : #1665377284605 | took 0ms | statement | connection 25| url jdbc:h2:mem:6a3784ae-1aa6-4bbf-b617-4d4aeabcc2af
call next value for hibernate_sequence
call next value for hibernate_sequence;
2022-10-10 13:48:04.605  INFO 3923 --- [    Test worker] p6spy                                    : #1665377284605 | took 0ms | statement | connection 25| url jdbc:h2:mem:6a3784ae-1aa6-4bbf-b617-4d4aeabcc2af
call next value for hibernate_sequence
call next value for hibernate_sequence;
2022-10-10 13:48:04.605  INFO 3923 --- [    Test worker] p6spy                                    : #1665377284605 | took 0ms | statement | connection 25| url jdbc:h2:mem:6a3784ae-1aa6-4bbf-b617-4d4aeabcc2af
call next value for hibernate_sequence
call next value for hibernate_sequence;
2022-10-10 13:48:04.605  INFO 3923 --- [    Test worker] p6spy                                    : #1665377284605 | took 0ms | statement | connection 25| url jdbc:h2:mem:6a3784ae-1aa6-4bbf-b617-4d4aeabcc2af
call next value for hibernate_sequence
call next value for hibernate_sequence;
2022-10-10 13:48:04.605  INFO 3923 --- [    Test worker] p6spy                                    : #1665377284605 | took 0ms | statement | connection 25| url jdbc:h2:mem:6a3784ae-1aa6-4bbf-b617-4d4aeabcc2af
call next value for review_seq
call next value for review_seq;
2022-10-10 13:48:04.605  INFO 3923 --- [    Test worker] p6spy                                    : #1665377284605 | took 0ms | statement | connection 25| url jdbc:h2:mem:6a3784ae-1aa6-4bbf-b617-4d4aeabcc2af
call next value for hibernate_sequence
call next value for hibernate_sequence;
2022-10-10 13:48:04.605  INFO 3923 --- [    Test worker] p6spy                                    : #1665377284605 | took 0ms | statement | connection 25| url jdbc:h2:mem:6a3784ae-1aa6-4bbf-b617-4d4aeabcc2af
call next value for hibernate_sequence
call next value for hibernate_sequence;
2022-10-10 13:48:04.605  INFO 3923 --- [    Test worker] p6spy                                    : #1665377284605 | took 0ms | statement | connection 25| url jdbc:h2:mem:6a3784ae-1aa6-4bbf-b617-4d4aeabcc2af
call next value for hibernate_sequence
call next value for hibernate_sequence;
2022-10-10 13:48:04.605  INFO 3923 --- [    Test worker] p6spy                                    : #1665377284605 | took 0ms | statement | connection 25| url jdbc:h2:mem:6a3784ae-1aa6-4bbf-b617-4d4aeabcc2af
call next value for hibernate_sequence
call next value for hibernate_sequence;
2022-10-10 13:48:04.605  INFO 3923 --- [    Test worker] c.j.r.FavoriteSpotQueryRepositoryTest    : favoriteSpot = FavoriteSpot(id=470, count=0)
2022-10-10 13:48:04.605  INFO 3923 --- [    Test worker] c.j.r.FavoriteSpotQueryRepositoryTest    : Spot = capstone.jejuTourrecommend.domain.Spot@25fb355e
2022-10-10 13:48:04.605  INFO 3923 --- [    Test worker] p6spy                                    : #1665377284605 | took 0ms | statement | connection 25| url jdbc:h2:mem:6a3784ae-1aa6-4bbf-b617-4d4aeabcc2af
call next value for score_seq
call next value for score_seq;
2022-10-10 13:48:04.605  INFO 3923 --- [    Test worker] p6spy                                    : #1665377284605 | took 0ms | statement | connection 25| url jdbc:h2:mem:6a3784ae-1aa6-4bbf-b617-4d4aeabcc2af
call next value for hibernate_sequence
call next value for hibernate_sequence;
2022-10-10 13:48:04.605  INFO 3923 --- [    Test worker] p6spy                                    : #1665377284605 | took 0ms | statement | connection 25| url jdbc:h2:mem:6a3784ae-1aa6-4bbf-b617-4d4aeabcc2af
call next value for hibernate_sequence
call next value for hibernate_sequence;
2022-10-10 13:48:04.605  INFO 3923 --- [    Test worker] p6spy                                    : #1665377284605 | took 0ms | statement | connection 25| url jdbc:h2:mem:6a3784ae-1aa6-4bbf-b617-4d4aeabcc2af
call next value for hibernate_sequence
call next value for hibernate_sequence;
2022-10-10 13:48:04.605  INFO 3923 --- [    Test worker] p6spy                                    : #1665377284605 | took 0ms | statement | connection 25| url jdbc:h2:mem:6a3784ae-1aa6-4bbf-b617-4d4aeabcc2af
call next value for hibernate_sequence
call next value for hibernate_sequence;
2022-10-10 13:48:04.607  INFO 3923 --- [    Test worker] p6spy                                    : #1665377284607 | took 0ms | statement | connection 25| url jdbc:h2:mem:6a3784ae-1aa6-4bbf-b617-4d4aeabcc2af
insert into member (created_date, last_modified_date, created_by, last_modified_by, email, password, refresh_token, role, username, member_id) values (?, ?, ?, ?, ?, ?, ?, ?, ?, ?)
insert into member (created_date, last_modified_date, created_by, last_modified_by, email, password, refresh_token, role, username, member_id) values ('2022-10-10T13:48:04.592+0900', '2022-10-10T13:48:04.592+0900', 'c63b766b-e1e3-4d7f-8f0f-09191606002b', 'c63b766b-e1e3-4d7f-8f0f-09191606002b', 'member1@gmail.com', '1234', NULL, NULL, 'member1', 18);
2022-10-10 13:48:04.607  INFO 3923 --- [    Test worker] p6spy                                    : #1665377284607 | took 0ms | statement | connection 25| url jdbc:h2:mem:6a3784ae-1aa6-4bbf-b617-4d4aeabcc2af
insert into member (created_date, last_modified_date, created_by, last_modified_by, email, password, refresh_token, role, username, member_id) values (?, ?, ?, ?, ?, ?, ?, ?, ?, ?)
insert into member (created_date, last_modified_date, created_by, last_modified_by, email, password, refresh_token, role, username, member_id) values ('2022-10-10T13:48:04.592+0900', '2022-10-10T13:48:04.592+0900', '53798e0a-940d-49f7-a40c-fba9b878f941', '53798e0a-940d-49f7-a40c-fba9b878f941', 'member2@naver.com', '2345', NULL, NULL, 'member2', 19);
2022-10-10 13:48:04.607  INFO 3923 --- [    Test worker] p6spy                                    : #1665377284607 | took 0ms | statement | connection 25| url jdbc:h2:mem:6a3784ae-1aa6-4bbf-b617-4d4aeabcc2af
insert into favorite (member_id, name, favorite_id) values (?, ?, ?)
insert into favorite (member_id, name, favorite_id) values (18, '1일차', 39);
2022-10-10 13:48:04.607  INFO 3923 --- [    Test worker] p6spy                                    : #1665377284607 | took 0ms | statement | connection 25| url jdbc:h2:mem:6a3784ae-1aa6-4bbf-b617-4d4aeabcc2af
insert into score (facility_rank, facility_score, price_rank, price_score, rank_average, surround_rank, surround_score, view_rank, view_score, score_id) values (?, ?, ?, ?, ?, ?, ?, ?, ?, ?)
insert into score (facility_rank, facility_score, price_rank, price_score, rank_average, surround_rank, surround_score, view_rank, view_score, score_id) values (1.8315218167065406, 6.915061613950867, 0.354381918432618, 3.575743439829291, 3.623604172848448, 9.566014325103556, 8.843567362583206, 8.729493674930115, 1.3295076025089025, 503);
2022-10-10 13:48:04.607  INFO 3923 --- [    Test worker] p6spy                                    : #1665377284607 | took 0ms | statement | connection 25| url jdbc:h2:mem:6a3784ae-1aa6-4bbf-b617-4d4aeabcc2af
insert into picture (spot_id, url, picture_id) values (?, ?, ?)
insert into picture (spot_id, url, picture_id) values (NULL, 'java.io.StringReader@6e06ffcf', 2065);
2022-10-10 13:48:04.607  INFO 3923 --- [    Test worker] p6spy                                    : #1665377284607 | took 0ms | statement | connection 25| url jdbc:h2:mem:6a3784ae-1aa6-4bbf-b617-4d4aeabcc2af
insert into picture (spot_id, url, picture_id) values (?, ?, ?)
insert into picture (spot_id, url, picture_id) values (NULL, 'java.io.StringReader@2b6d8989', 2066);
2022-10-10 13:48:04.607  INFO 3923 --- [    Test worker] p6spy                                    : #1665377284607 | took 0ms | statement | connection 25| url jdbc:h2:mem:6a3784ae-1aa6-4bbf-b617-4d4aeabcc2af
insert into picture (spot_id, url, picture_id) values (?, ?, ?)
insert into picture (spot_id, url, picture_id) values (NULL, 'java.io.StringReader@7d9ad0a7', 2067);
2022-10-10 13:48:04.607  INFO 3923 --- [    Test worker] p6spy                                    : #1665377284607 | took 0ms | statement | connection 25| url jdbc:h2:mem:6a3784ae-1aa6-4bbf-b617-4d4aeabcc2af
insert into spot (address, description, location, name, score_id, spot_id) values (?, ?, ?, ?, ?, ?)
insert into spot (address, description, location, name, score_id, spot_id) values (NULL, NULL, 'Aewol_eup', NULL, 503, 569);
2022-10-10 13:48:04.607  INFO 3923 --- [    Test worker] p6spy                                    : #1665377284607 | took 0ms | statement | connection 25| url jdbc:h2:mem:6a3784ae-1aa6-4bbf-b617-4d4aeabcc2af
insert into member_spot (member_id, score, spot_id, member_spot_id) values (?, ?, ?, ?)
insert into member_spot (member_id, score, spot_id, member_spot_id) values (19, 0.0, 569, 2068);
2022-10-10 13:48:04.607  INFO 3923 --- [    Test worker] p6spy                                    : #1665377284607 | took 0ms | statement | connection 25| url jdbc:h2:mem:6a3784ae-1aa6-4bbf-b617-4d4aeabcc2af
insert into review (content, spot_id, review_id) values (?, ?, ?)
insert into review (content, spot_id, review_id) values ('java.io.StringReader@6f6fc248', 569, 505);
2022-10-10 13:48:04.607  INFO 3923 --- [    Test worker] p6spy                                    : #1665377284607 | took 0ms | statement | connection 25| url jdbc:h2:mem:6a3784ae-1aa6-4bbf-b617-4d4aeabcc2af
insert into favorite_spot (count, favorite_id, spot_id, favorite_spot_id) values (?, ?, ?, ?)
insert into favorite_spot (count, favorite_id, spot_id, favorite_spot_id) values (0, 39, 569, 421);
2022-10-10 13:48:04.607  INFO 3923 --- [    Test worker] p6spy                                    : #1665377284607 | took 0ms | statement | connection 25| url jdbc:h2:mem:6a3784ae-1aa6-4bbf-b617-4d4aeabcc2af
insert into score (facility_rank, facility_score, price_rank, price_score, rank_average, surround_rank, surround_score, view_rank, view_score, score_id) values (?, ?, ?, ?, ?, ?, ?, ?, ?, ?)
insert into score (facility_rank, facility_score, price_rank, price_score, rank_average, surround_rank, surround_score, view_rank, view_score, score_id) values (2.3654669159078425, 1.4582137872827605, 6.580742723467682, 5.794791218128195, 0.4606202258140657, 1.452558612156929, 3.501508303492036, 0.0068142191078202075, 0.8726591064185396, 504);
2022-10-10 13:48:04.607  INFO 3923 --- [    Test worker] p6spy                                    : #1665377284607 | took 0ms | statement | connection 25| url jdbc:h2:mem:6a3784ae-1aa6-4bbf-b617-4d4aeabcc2af
insert into picture (spot_id, url, picture_id) values (?, ?, ?)
insert into picture (spot_id, url, picture_id) values (NULL, 'java.io.StringReader@5527870c', 2069);
2022-10-10 13:48:04.607  INFO 3923 --- [    Test worker] p6spy                                    : #1665377284607 | took 0ms | statement | connection 25| url jdbc:h2:mem:6a3784ae-1aa6-4bbf-b617-4d4aeabcc2af
insert into picture (spot_id, url, picture_id) values (?, ?, ?)
insert into picture (spot_id, url, picture_id) values (NULL, 'java.io.StringReader@1789e253', 2070);
2022-10-10 13:48:04.607  INFO 3923 --- [    Test worker] p6spy                                    : #1665377284607 | took 0ms | statement | connection 25| url jdbc:h2:mem:6a3784ae-1aa6-4bbf-b617-4d4aeabcc2af
insert into picture (spot_id, url, picture_id) values (?, ?, ?)
insert into picture (spot_id, url, picture_id) values (NULL, 'java.io.StringReader@6dd8a127', 2071);
2022-10-10 13:48:04.607  INFO 3923 --- [    Test worker] p6spy                                    : #1665377284607 | took 0ms | statement | connection 25| url jdbc:h2:mem:6a3784ae-1aa6-4bbf-b617-4d4aeabcc2af
insert into spot (address, description, location, name, score_id, spot_id) values (?, ?, ?, ?, ?, ?)
insert into spot (address, description, location, name, score_id, spot_id) values (NULL, NULL, 'Aewol_eup', NULL, 504, 570);
2022-10-10 13:48:04.607  INFO 3923 --- [    Test worker] p6spy                                    : #1665377284607 | took 0ms | statement | connection 25| url jdbc:h2:mem:6a3784ae-1aa6-4bbf-b617-4d4aeabcc2af
insert into member_spot (member_id, score, spot_id, member_spot_id) values (?, ?, ?, ?)
insert into member_spot (member_id, score, spot_id, member_spot_id) values (19, 0.0, 570, 2072);
2022-10-10 13:48:04.607  INFO 3923 --- [    Test worker] p6spy                                    : #1665377284607 | took 0ms | statement | connection 25| url jdbc:h2:mem:6a3784ae-1aa6-4bbf-b617-4d4aeabcc2af
insert into review (content, spot_id, review_id) values (?, ?, ?)
insert into review (content, spot_id, review_id) values ('java.io.StringReader@2f69c8f8', 569, 506);
2022-10-10 13:48:04.607  INFO 3923 --- [    Test worker] p6spy                                    : #1665377284607 | took 0ms | statement | connection 25| url jdbc:h2:mem:6a3784ae-1aa6-4bbf-b617-4d4aeabcc2af
insert into score (facility_rank, facility_score, price_rank, price_score, rank_average, surround_rank, surround_score, view_rank, view_score, score_id) values (?, ?, ?, ?, ?, ?, ?, ?, ?, ?)
insert into score (facility_rank, facility_score, price_rank, price_score, rank_average, surround_rank, surround_score, view_rank, view_score, score_id) values (4.520771175097806, 9.051150097031629, 5.52448557211841, 1.18577058706267, 5.462921571105191, 1.4965974840933738, 8.140060121440383, 2.85621231331021, 1.0528139816710425, 505);
2022-10-10 13:48:04.607  INFO 3923 --- [    Test worker] p6spy                                    : #1665377284607 | took 0ms | statement | connection 25| url jdbc:h2:mem:6a3784ae-1aa6-4bbf-b617-4d4aeabcc2af
insert into picture (spot_id, url, picture_id) values (?, ?, ?)
insert into picture (spot_id, url, picture_id) values (NULL, 'java.io.StringReader@516501d4', 2073);
2022-10-10 13:48:04.607  INFO 3923 --- [    Test worker] p6spy                                    : #1665377284607 | took 0ms | statement | connection 25| url jdbc:h2:mem:6a3784ae-1aa6-4bbf-b617-4d4aeabcc2af
insert into picture (spot_id, url, picture_id) values (?, ?, ?)
insert into picture (spot_id, url, picture_id) values (NULL, 'java.io.StringReader@353930c5', 2074);
2022-10-10 13:48:04.608  INFO 3923 --- [    Test worker] p6spy                                    : #1665377284608 | took 0ms | statement | connection 25| url jdbc:h2:mem:6a3784ae-1aa6-4bbf-b617-4d4aeabcc2af
insert into picture (spot_id, url, picture_id) values (?, ?, ?)
insert into picture (spot_id, url, picture_id) values (NULL, 'java.io.StringReader@6f08a190', 2075);
2022-10-10 13:48:04.608  INFO 3923 --- [    Test worker] p6spy                                    : #1665377284608 | took 0ms | statement | connection 25| url jdbc:h2:mem:6a3784ae-1aa6-4bbf-b617-4d4aeabcc2af
insert into spot (address, description, location, name, score_id, spot_id) values (?, ?, ?, ?, ?, ?)
insert into spot (address, description, location, name, score_id, spot_id) values (NULL, NULL, 'Aewol_eup', NULL, 505, 571);
2022-10-10 13:48:04.608  INFO 3923 --- [    Test worker] p6spy                                    : #1665377284608 | took 0ms | statement | connection 25| url jdbc:h2:mem:6a3784ae-1aa6-4bbf-b617-4d4aeabcc2af
insert into member_spot (member_id, score, spot_id, member_spot_id) values (?, ?, ?, ?)
insert into member_spot (member_id, score, spot_id, member_spot_id) values (19, 0.0, 571, 2076);
2022-10-10 13:48:04.608  INFO 3923 --- [    Test worker] p6spy                                    : #1665377284608 | took 0ms | statement | connection 25| url jdbc:h2:mem:6a3784ae-1aa6-4bbf-b617-4d4aeabcc2af
insert into review (content, spot_id, review_id) values (?, ?, ?)
insert into review (content, spot_id, review_id) values ('java.io.StringReader@53f6fa17', 569, 507);
2022-10-10 13:48:04.608  INFO 3923 --- [    Test worker] p6spy                                    : #1665377284608 | took 0ms | statement | connection 25| url jdbc:h2:mem:6a3784ae-1aa6-4bbf-b617-4d4aeabcc2af
insert into favorite_spot (count, favorite_id, spot_id, favorite_spot_id) values (?, ?, ?, ?)
insert into favorite_spot (count, favorite_id, spot_id, favorite_spot_id) values (0, 39, 571, 422);
2022-10-10 13:48:04.608  INFO 3923 --- [    Test worker] p6spy                                    : #1665377284608 | took 0ms | statement | connection 25| url jdbc:h2:mem:6a3784ae-1aa6-4bbf-b617-4d4aeabcc2af
insert into score (facility_rank, facility_score, price_rank, price_score, rank_average, surround_rank, surround_score, view_rank, view_score, score_id) values (?, ?, ?, ?, ?, ?, ?, ?, ?, ?)
insert into score (facility_rank, facility_score, price_rank, price_score, rank_average, surround_rank, surround_score, view_rank, view_score, score_id) values (1.0261991965575157, 0.629318650158277, 2.664916970780391, 0.006710899415650617, 0.2185923264263201, 1.0007992263005927, 6.208252150764716, 5.9967888521728945, 4.625858679986646, 506);
2022-10-10 13:48:04.608  INFO 3923 --- [    Test worker] p6spy                                    : #1665377284608 | took 0ms | statement | connection 25| url jdbc:h2:mem:6a3784ae-1aa6-4bbf-b617-4d4aeabcc2af
insert into picture (spot_id, url, picture_id) values (?, ?, ?)
insert into picture (spot_id, url, picture_id) values (NULL, 'java.io.StringReader@11ade3d0', 2077);
2022-10-10 13:48:04.608  INFO 3923 --- [    Test worker] p6spy                                    : #1665377284608 | took 0ms | statement | connection 25| url jdbc:h2:mem:6a3784ae-1aa6-4bbf-b617-4d4aeabcc2af
insert into picture (spot_id, url, picture_id) values (?, ?, ?)
insert into picture (spot_id, url, picture_id) values (NULL, 'java.io.StringReader@650a150c', 2078);
2022-10-10 13:48:04.608  INFO 3923 --- [    Test worker] p6spy                                    : #1665377284608 | took 0ms | statement | connection 25| url jdbc:h2:mem:6a3784ae-1aa6-4bbf-b617-4d4aeabcc2af
insert into picture (spot_id, url, picture_id) values (?, ?, ?)
insert into picture (spot_id, url, picture_id) values (NULL, 'java.io.StringReader@67177661', 2079);
2022-10-10 13:48:04.608  INFO 3923 --- [    Test worker] p6spy                                    : #1665377284608 | took 0ms | statement | connection 25| url jdbc:h2:mem:6a3784ae-1aa6-4bbf-b617-4d4aeabcc2af
insert into spot (address, description, location, name, score_id, spot_id) values (?, ?, ?, ?, ?, ?)
insert into spot (address, description, location, name, score_id, spot_id) values (NULL, NULL, 'Aewol_eup', NULL, 506, 572);
2022-10-10 13:48:04.608  INFO 3923 --- [    Test worker] p6spy                                    : #1665377284608 | took 0ms | statement | connection 25| url jdbc:h2:mem:6a3784ae-1aa6-4bbf-b617-4d4aeabcc2af
insert into member_spot (member_id, score, spot_id, member_spot_id) values (?, ?, ?, ?)
insert into member_spot (member_id, score, spot_id, member_spot_id) values (19, 0.0, 572, 2080);
2022-10-10 13:48:04.608  INFO 3923 --- [    Test worker] p6spy                                    : #1665377284608 | took 0ms | statement | connection 25| url jdbc:h2:mem:6a3784ae-1aa6-4bbf-b617-4d4aeabcc2af
insert into review (content, spot_id, review_id) values (?, ?, ?)
insert into review (content, spot_id, review_id) values ('java.io.StringReader@1e405c61', 569, 508);
2022-10-10 13:48:04.608  INFO 3923 --- [    Test worker] p6spy                                    : #1665377284608 | took 0ms | statement | connection 25| url jdbc:h2:mem:6a3784ae-1aa6-4bbf-b617-4d4aeabcc2af
insert into score (facility_rank, facility_score, price_rank, price_score, rank_average, surround_rank, surround_score, view_rank, view_score, score_id) values (?, ?, ?, ?, ?, ?, ?, ?, ?, ?)
insert into score (facility_rank, facility_score, price_rank, price_score, rank_average, surround_rank, surround_score, view_rank, view_score, score_id) values (1.9970223949503385, 1.8377935566569448, 2.834705270475726, 9.164645393957967, 0.40319921934369063, 9.38655861532424, 0.9811449255922822, 7.063917015855049, 5.228917053124139, 507);
2022-10-10 13:48:04.608  INFO 3923 --- [    Test worker] p6spy                                    : #1665377284608 | took 0ms | statement | connection 25| url jdbc:h2:mem:6a3784ae-1aa6-4bbf-b617-4d4aeabcc2af
insert into picture (spot_id, url, picture_id) values (?, ?, ?)
insert into picture (spot_id, url, picture_id) values (NULL, 'java.io.StringReader@7e332f69', 2081);
2022-10-10 13:48:04.608  INFO 3923 --- [    Test worker] p6spy                                    : #1665377284608 | took 0ms | statement | connection 25| url jdbc:h2:mem:6a3784ae-1aa6-4bbf-b617-4d4aeabcc2af
insert into picture (spot_id, url, picture_id) values (?, ?, ?)
insert into picture (spot_id, url, picture_id) values (NULL, 'java.io.StringReader@1ed14ca1', 2082);
2022-10-10 13:48:04.608  INFO 3923 --- [    Test worker] p6spy                                    : #1665377284608 | took 0ms | statement | connection 25| url jdbc:h2:mem:6a3784ae-1aa6-4bbf-b617-4d4aeabcc2af
insert into picture (spot_id, url, picture_id) values (?, ?, ?)
insert into picture (spot_id, url, picture_id) values (NULL, 'java.io.StringReader@73ce59fd', 2083);
2022-10-10 13:48:04.608  INFO 3923 --- [    Test worker] p6spy                                    : #1665377284608 | took 0ms | statement | connection 25| url jdbc:h2:mem:6a3784ae-1aa6-4bbf-b617-4d4aeabcc2af
insert into spot (address, description, location, name, score_id, spot_id) values (?, ?, ?, ?, ?, ?)
insert into spot (address, description, location, name, score_id, spot_id) values (NULL, NULL, 'Aewol_eup', NULL, 507, 573);
2022-10-10 13:48:04.608  INFO 3923 --- [    Test worker] p6spy                                    : #1665377284608 | took 0ms | statement | connection 25| url jdbc:h2:mem:6a3784ae-1aa6-4bbf-b617-4d4aeabcc2af
insert into member_spot (member_id, score, spot_id, member_spot_id) values (?, ?, ?, ?)
insert into member_spot (member_id, score, spot_id, member_spot_id) values (19, 0.0, 573, 2084);
2022-10-10 13:48:04.608  INFO 3923 --- [    Test worker] p6spy                                    : #1665377284608 | took 0ms | statement | connection 25| url jdbc:h2:mem:6a3784ae-1aa6-4bbf-b617-4d4aeabcc2af
insert into review (content, spot_id, review_id) values (?, ?, ?)
insert into review (content, spot_id, review_id) values ('java.io.StringReader@6df3efab', 569, 509);
2022-10-10 13:48:04.608  INFO 3923 --- [    Test worker] p6spy                                    : #1665377284608 | took 0ms | statement | connection 25| url jdbc:h2:mem:6a3784ae-1aa6-4bbf-b617-4d4aeabcc2af
insert into favorite_spot (count, favorite_id, spot_id, favorite_spot_id) values (?, ?, ?, ?)
insert into favorite_spot (count, favorite_id, spot_id, favorite_spot_id) values (0, 39, 573, 423);
2022-10-10 13:48:04.608  INFO 3923 --- [    Test worker] p6spy                                    : #1665377284608 | took 0ms | statement | connection 25| url jdbc:h2:mem:6a3784ae-1aa6-4bbf-b617-4d4aeabcc2af
insert into score (facility_rank, facility_score, price_rank, price_score, rank_average, surround_rank, surround_score, view_rank, view_score, score_id) values (?, ?, ?, ?, ?, ?, ?, ?, ?, ?)
insert into score (facility_rank, facility_score, price_rank, price_score, rank_average, surround_rank, surround_score, view_rank, view_score, score_id) values (3.676742800598313, 3.4242307897565496, 0.35677185090576935, 6.652396406207988, 0.7649762572117502, 7.17370186581919, 3.1742047281334873, 4.745936569175544, 2.059477120334777, 508);
2022-10-10 13:48:04.608  INFO 3923 --- [    Test worker] p6spy                                    : #1665377284608 | took 0ms | statement | connection 25| url jdbc:h2:mem:6a3784ae-1aa6-4bbf-b617-4d4aeabcc2af
insert into picture (spot_id, url, picture_id) values (?, ?, ?)
insert into picture (spot_id, url, picture_id) values (NULL, 'java.io.StringReader@4af23cef', 2085);
2022-10-10 13:48:04.608  INFO 3923 --- [    Test worker] p6spy                                    : #1665377284608 | took 0ms | statement | connection 25| url jdbc:h2:mem:6a3784ae-1aa6-4bbf-b617-4d4aeabcc2af
insert into picture (spot_id, url, picture_id) values (?, ?, ?)
insert into picture (spot_id, url, picture_id) values (NULL, 'java.io.StringReader@68a8ac8e', 2086);
2022-10-10 13:48:04.608  INFO 3923 --- [    Test worker] p6spy                                    : #1665377284608 | took 0ms | statement | connection 25| url jdbc:h2:mem:6a3784ae-1aa6-4bbf-b617-4d4aeabcc2af
insert into picture (spot_id, url, picture_id) values (?, ?, ?)
insert into picture (spot_id, url, picture_id) values (NULL, 'java.io.StringReader@2aaa0bf1', 2087);
2022-10-10 13:48:04.608  INFO 3923 --- [    Test worker] p6spy                                    : #1665377284608 | took 0ms | statement | connection 25| url jdbc:h2:mem:6a3784ae-1aa6-4bbf-b617-4d4aeabcc2af
insert into spot (address, description, location, name, score_id, spot_id) values (?, ?, ?, ?, ?, ?)
insert into spot (address, description, location, name, score_id, spot_id) values (NULL, NULL, 'Aewol_eup', NULL, 508, 574);
2022-10-10 13:48:04.608  INFO 3923 --- [    Test worker] p6spy                                    : #1665377284608 | took 0ms | statement | connection 25| url jdbc:h2:mem:6a3784ae-1aa6-4bbf-b617-4d4aeabcc2af
insert into member_spot (member_id, score, spot_id, member_spot_id) values (?, ?, ?, ?)
insert into member_spot (member_id, score, spot_id, member_spot_id) values (19, 0.0, 574, 2088);
2022-10-10 13:48:04.608  INFO 3923 --- [    Test worker] p6spy                                    : #1665377284608 | took 0ms | statement | connection 25| url jdbc:h2:mem:6a3784ae-1aa6-4bbf-b617-4d4aeabcc2af
insert into review (content, spot_id, review_id) values (?, ?, ?)
insert into review (content, spot_id, review_id) values ('java.io.StringReader@4acbfa', 569, 510);
2022-10-10 13:48:04.608  INFO 3923 --- [    Test worker] p6spy                                    : #1665377284608 | took 0ms | statement | connection 25| url jdbc:h2:mem:6a3784ae-1aa6-4bbf-b617-4d4aeabcc2af
insert into score (facility_rank, facility_score, price_rank, price_score, rank_average, surround_rank, surround_score, view_rank, view_score, score_id) values (?, ?, ?, ?, ?, ?, ?, ?, ?, ?)
insert into score (facility_rank, facility_score, price_rank, price_score, rank_average, surround_rank, surround_score, view_rank, view_score, score_id) values (2.076127502886483, 6.324002281111318, 8.574333012835764, 2.4927951594520223, 8.946165061183303, 3.8182970946603865, 4.120457202437936, 5.79701007509695, 4.2582177884828365, 509);
2022-10-10 13:48:04.608  INFO 3923 --- [    Test worker] p6spy                                    : #1665377284608 | took 0ms | statement | connection 25| url jdbc:h2:mem:6a3784ae-1aa6-4bbf-b617-4d4aeabcc2af
insert into picture (spot_id, url, picture_id) values (?, ?, ?)
insert into picture (spot_id, url, picture_id) values (NULL, 'java.io.StringReader@770c29d2', 2089);
2022-10-10 13:48:04.608  INFO 3923 --- [    Test worker] p6spy                                    : #1665377284608 | took 0ms | statement | connection 25| url jdbc:h2:mem:6a3784ae-1aa6-4bbf-b617-4d4aeabcc2af
insert into picture (spot_id, url, picture_id) values (?, ?, ?)
insert into picture (spot_id, url, picture_id) values (NULL, 'java.io.StringReader@6ace6e05', 2090);
2022-10-10 13:48:04.608  INFO 3923 --- [    Test worker] p6spy                                    : #1665377284608 | took 0ms | statement | connection 25| url jdbc:h2:mem:6a3784ae-1aa6-4bbf-b617-4d4aeabcc2af
insert into picture (spot_id, url, picture_id) values (?, ?, ?)
insert into picture (spot_id, url, picture_id) values (NULL, 'java.io.StringReader@5ab983ce', 2091);
2022-10-10 13:48:04.608  INFO 3923 --- [    Test worker] p6spy                                    : #1665377284608 | took 0ms | statement | connection 25| url jdbc:h2:mem:6a3784ae-1aa6-4bbf-b617-4d4aeabcc2af
insert into spot (address, description, location, name, score_id, spot_id) values (?, ?, ?, ?, ?, ?)
insert into spot (address, description, location, name, score_id, spot_id) values (NULL, NULL, 'Aewol_eup', NULL, 509, 575);
2022-10-10 13:48:04.608  INFO 3923 --- [    Test worker] p6spy                                    : #1665377284608 | took 0ms | statement | connection 25| url jdbc:h2:mem:6a3784ae-1aa6-4bbf-b617-4d4aeabcc2af
insert into member_spot (member_id, score, spot_id, member_spot_id) values (?, ?, ?, ?)
insert into member_spot (member_id, score, spot_id, member_spot_id) values (19, 0.0, 575, 2092);
2022-10-10 13:48:04.608  INFO 3923 --- [    Test worker] p6spy                                    : #1665377284608 | took 0ms | statement | connection 25| url jdbc:h2:mem:6a3784ae-1aa6-4bbf-b617-4d4aeabcc2af
insert into review (content, spot_id, review_id) values (?, ?, ?)
insert into review (content, spot_id, review_id) values ('java.io.StringReader@4f4e6a99', 569, 511);
2022-10-10 13:48:04.608  INFO 3923 --- [    Test worker] p6spy                                    : #1665377284608 | took 0ms | statement | connection 25| url jdbc:h2:mem:6a3784ae-1aa6-4bbf-b617-4d4aeabcc2af
insert into favorite_spot (count, favorite_id, spot_id, favorite_spot_id) values (?, ?, ?, ?)
insert into favorite_spot (count, favorite_id, spot_id, favorite_spot_id) values (0, 39, 575, 424);
2022-10-10 13:48:04.608  INFO 3923 --- [    Test worker] p6spy                                    : #1665377284608 | took 0ms | statement | connection 25| url jdbc:h2:mem:6a3784ae-1aa6-4bbf-b617-4d4aeabcc2af
insert into score (facility_rank, facility_score, price_rank, price_score, rank_average, surround_rank, surround_score, view_rank, view_score, score_id) values (?, ?, ?, ?, ?, ?, ?, ?, ?, ?)
insert into score (facility_rank, facility_score, price_rank, price_score, rank_average, surround_rank, surround_score, view_rank, view_score, score_id) values (9.453379550901932, 1.3023231326347784, 7.585785126025551, 3.459909096002749, 6.999004223072072, 6.3825241050049915, 0.8134148427776622, 9.62110676722177, 3.54157341763778, 510);
2022-10-10 13:48:04.608  INFO 3923 --- [    Test worker] p6spy                                    : #1665377284608 | took 0ms | statement | connection 25| url jdbc:h2:mem:6a3784ae-1aa6-4bbf-b617-4d4aeabcc2af
insert into picture (spot_id, url, picture_id) values (?, ?, ?)
insert into picture (spot_id, url, picture_id) values (NULL, 'java.io.StringReader@30179ec1', 2093);
2022-10-10 13:48:04.608  INFO 3923 --- [    Test worker] p6spy                                    : #1665377284608 | took 0ms | statement | connection 25| url jdbc:h2:mem:6a3784ae-1aa6-4bbf-b617-4d4aeabcc2af
insert into picture (spot_id, url, picture_id) values (?, ?, ?)
insert into picture (spot_id, url, picture_id) values (NULL, 'java.io.StringReader@2180416f', 2094);
2022-10-10 13:48:04.608  INFO 3923 --- [    Test worker] p6spy                                    : #1665377284608 | took 0ms | statement | connection 25| url jdbc:h2:mem:6a3784ae-1aa6-4bbf-b617-4d4aeabcc2af
insert into picture (spot_id, url, picture_id) values (?, ?, ?)
insert into picture (spot_id, url, picture_id) values (NULL, 'java.io.StringReader@68805d40', 2095);
2022-10-10 13:48:04.608  INFO 3923 --- [    Test worker] p6spy                                    : #1665377284608 | took 0ms | statement | connection 25| url jdbc:h2:mem:6a3784ae-1aa6-4bbf-b617-4d4aeabcc2af
insert into spot (address, description, location, name, score_id, spot_id) values (?, ?, ?, ?, ?, ?)
insert into spot (address, description, location, name, score_id, spot_id) values (NULL, NULL, 'Aewol_eup', NULL, 510, 576);
2022-10-10 13:48:04.609  INFO 3923 --- [    Test worker] p6spy                                    : #1665377284609 | took 0ms | statement | connection 25| url jdbc:h2:mem:6a3784ae-1aa6-4bbf-b617-4d4aeabcc2af
insert into member_spot (member_id, score, spot_id, member_spot_id) values (?, ?, ?, ?)
insert into member_spot (member_id, score, spot_id, member_spot_id) values (19, 0.0, 576, 2096);
2022-10-10 13:48:04.609  INFO 3923 --- [    Test worker] p6spy                                    : #1665377284609 | took 0ms | statement | connection 25| url jdbc:h2:mem:6a3784ae-1aa6-4bbf-b617-4d4aeabcc2af
insert into review (content, spot_id, review_id) values (?, ?, ?)
insert into review (content, spot_id, review_id) values ('java.io.StringReader@196107bc', 569, 512);
2022-10-10 13:48:04.609  INFO 3923 --- [    Test worker] p6spy                                    : #1665377284609 | took 0ms | statement | connection 25| url jdbc:h2:mem:6a3784ae-1aa6-4bbf-b617-4d4aeabcc2af
insert into score (facility_rank, facility_score, price_rank, price_score, rank_average, surround_rank, surround_score, view_rank, view_score, score_id) values (?, ?, ?, ?, ?, ?, ?, ?, ?, ?)
insert into score (facility_rank, facility_score, price_rank, price_score, rank_average, surround_rank, surround_score, view_rank, view_score, score_id) values (7.760866733988006, 7.923469260930549, 2.5966846158617365, 4.332983671165173, 2.685190526327368, 9.281823846985592, 2.4987413354055246, 2.4009175828733023, 4.455803027506793, 511);
2022-10-10 13:48:04.609  INFO 3923 --- [    Test worker] p6spy                                    : #1665377284609 | took 0ms | statement | connection 25| url jdbc:h2:mem:6a3784ae-1aa6-4bbf-b617-4d4aeabcc2af
insert into picture (spot_id, url, picture_id) values (?, ?, ?)
insert into picture (spot_id, url, picture_id) values (NULL, 'java.io.StringReader@d575d98', 2097);
2022-10-10 13:48:04.609  INFO 3923 --- [    Test worker] p6spy                                    : #1665377284609 | took 0ms | statement | connection 25| url jdbc:h2:mem:6a3784ae-1aa6-4bbf-b617-4d4aeabcc2af
insert into picture (spot_id, url, picture_id) values (?, ?, ?)
insert into picture (spot_id, url, picture_id) values (NULL, 'java.io.StringReader@452710be', 2098);
2022-10-10 13:48:04.609  INFO 3923 --- [    Test worker] p6spy                                    : #1665377284609 | took 0ms | statement | connection 25| url jdbc:h2:mem:6a3784ae-1aa6-4bbf-b617-4d4aeabcc2af
insert into picture (spot_id, url, picture_id) values (?, ?, ?)
insert into picture (spot_id, url, picture_id) values (NULL, 'java.io.StringReader@4d403751', 2099);
2022-10-10 13:48:04.609  INFO 3923 --- [    Test worker] p6spy                                    : #1665377284609 | took 0ms | statement | connection 25| url jdbc:h2:mem:6a3784ae-1aa6-4bbf-b617-4d4aeabcc2af
insert into spot (address, description, location, name, score_id, spot_id) values (?, ?, ?, ?, ?, ?)
insert into spot (address, description, location, name, score_id, spot_id) values (NULL, NULL, 'Aewol_eup', NULL, 511, 577);
2022-10-10 13:48:04.609  INFO 3923 --- [    Test worker] p6spy                                    : #1665377284609 | took 0ms | statement | connection 25| url jdbc:h2:mem:6a3784ae-1aa6-4bbf-b617-4d4aeabcc2af
insert into member_spot (member_id, score, spot_id, member_spot_id) values (?, ?, ?, ?)
insert into member_spot (member_id, score, spot_id, member_spot_id) values (19, 0.0, 577, 2100);
2022-10-10 13:48:04.609  INFO 3923 --- [    Test worker] p6spy                                    : #1665377284609 | took 0ms | statement | connection 25| url jdbc:h2:mem:6a3784ae-1aa6-4bbf-b617-4d4aeabcc2af
insert into review (content, spot_id, review_id) values (?, ?, ?)
insert into review (content, spot_id, review_id) values ('java.io.StringReader@2d89c326', 569, 513);
2022-10-10 13:48:04.609  INFO 3923 --- [    Test worker] p6spy                                    : #1665377284609 | took 0ms | statement | connection 25| url jdbc:h2:mem:6a3784ae-1aa6-4bbf-b617-4d4aeabcc2af
insert into favorite_spot (count, favorite_id, spot_id, favorite_spot_id) values (?, ?, ?, ?)
insert into favorite_spot (count, favorite_id, spot_id, favorite_spot_id) values (0, 39, 577, 425);
2022-10-10 13:48:04.609  INFO 3923 --- [    Test worker] p6spy                                    : #1665377284609 | took 0ms | statement | connection 25| url jdbc:h2:mem:6a3784ae-1aa6-4bbf-b617-4d4aeabcc2af
insert into score (facility_rank, facility_score, price_rank, price_score, rank_average, surround_rank, surround_score, view_rank, view_score, score_id) values (?, ?, ?, ?, ?, ?, ?, ?, ?, ?)
insert into score (facility_rank, facility_score, price_rank, price_score, rank_average, surround_rank, surround_score, view_rank, view_score, score_id) values (3.912839756523099, 9.327709940176325, 0.9584655780585938, 4.246036066217471, 6.14994742173415, 2.7799507729748587, 1.6708826146872413, 3.3675220913817103, 2.1654426872625256, 512);
2022-10-10 13:48:04.609  INFO 3923 --- [    Test worker] p6spy                                    : #1665377284609 | took 0ms | statement | connection 25| url jdbc:h2:mem:6a3784ae-1aa6-4bbf-b617-4d4aeabcc2af
insert into picture (spot_id, url, picture_id) values (?, ?, ?)
insert into picture (spot_id, url, picture_id) values (NULL, 'java.io.StringReader@1b673bbc', 2101);
2022-10-10 13:48:04.609  INFO 3923 --- [    Test worker] p6spy                                    : #1665377284609 | took 0ms | statement | connection 25| url jdbc:h2:mem:6a3784ae-1aa6-4bbf-b617-4d4aeabcc2af
insert into picture (spot_id, url, picture_id) values (?, ?, ?)
insert into picture (spot_id, url, picture_id) values (NULL, 'java.io.StringReader@53732788', 2102);
2022-10-10 13:48:04.609  INFO 3923 --- [    Test worker] p6spy                                    : #1665377284609 | took 0ms | statement | connection 25| url jdbc:h2:mem:6a3784ae-1aa6-4bbf-b617-4d4aeabcc2af
insert into picture (spot_id, url, picture_id) values (?, ?, ?)
insert into picture (spot_id, url, picture_id) values (NULL, 'java.io.StringReader@626dcea4', 2103);
2022-10-10 13:48:04.609  INFO 3923 --- [    Test worker] p6spy                                    : #1665377284609 | took 0ms | statement | connection 25| url jdbc:h2:mem:6a3784ae-1aa6-4bbf-b617-4d4aeabcc2af
insert into spot (address, description, location, name, score_id, spot_id) values (?, ?, ?, ?, ?, ?)
insert into spot (address, description, location, name, score_id, spot_id) values (NULL, NULL, 'Aewol_eup', NULL, 512, 578);
2022-10-10 13:48:04.609  INFO 3923 --- [    Test worker] p6spy                                    : #1665377284609 | took 0ms | statement | connection 25| url jdbc:h2:mem:6a3784ae-1aa6-4bbf-b617-4d4aeabcc2af
insert into member_spot (member_id, score, spot_id, member_spot_id) values (?, ?, ?, ?)
insert into member_spot (member_id, score, spot_id, member_spot_id) values (19, 0.0, 578, 2104);
2022-10-10 13:48:04.609  INFO 3923 --- [    Test worker] p6spy                                    : #1665377284609 | took 0ms | statement | connection 25| url jdbc:h2:mem:6a3784ae-1aa6-4bbf-b617-4d4aeabcc2af
insert into review (content, spot_id, review_id) values (?, ?, ?)
insert into review (content, spot_id, review_id) values ('java.io.StringReader@3defcbe9', 569, 514);
2022-10-10 13:48:04.609  INFO 3923 --- [    Test worker] p6spy                                    : #1665377284609 | took 0ms | statement | connection 25| url jdbc:h2:mem:6a3784ae-1aa6-4bbf-b617-4d4aeabcc2af
insert into score (facility_rank, facility_score, price_rank, price_score, rank_average, surround_rank, surround_score, view_rank, view_score, score_id) values (?, ?, ?, ?, ?, ?, ?, ?, ?, ?)
insert into score (facility_rank, facility_score, price_rank, price_score, rank_average, surround_rank, surround_score, view_rank, view_score, score_id) values (3.8249990325864704, 6.9385947419938665, 9.35335508713011, 0.2509305140013629, 0.660881783222016, 1.1191200945920743, 7.442667426502835, 0.3432510216279383, 9.662946543821405, 513);
2022-10-10 13:48:04.609  INFO 3923 --- [    Test worker] p6spy                                    : #1665377284609 | took 0ms | statement | connection 25| url jdbc:h2:mem:6a3784ae-1aa6-4bbf-b617-4d4aeabcc2af
insert into picture (spot_id, url, picture_id) values (?, ?, ?)
insert into picture (spot_id, url, picture_id) values (NULL, 'java.io.StringReader@9ed9769', 2105);
2022-10-10 13:48:04.609  INFO 3923 --- [    Test worker] p6spy                                    : #1665377284609 | took 0ms | statement | connection 25| url jdbc:h2:mem:6a3784ae-1aa6-4bbf-b617-4d4aeabcc2af
insert into picture (spot_id, url, picture_id) values (?, ?, ?)
insert into picture (spot_id, url, picture_id) values (NULL, 'java.io.StringReader@1251414a', 2106);
2022-10-10 13:48:04.609  INFO 3923 --- [    Test worker] p6spy                                    : #1665377284609 | took 0ms | statement | connection 25| url jdbc:h2:mem:6a3784ae-1aa6-4bbf-b617-4d4aeabcc2af
insert into picture (spot_id, url, picture_id) values (?, ?, ?)
insert into picture (spot_id, url, picture_id) values (NULL, 'java.io.StringReader@3df0ac0', 2107);
2022-10-10 13:48:04.609  INFO 3923 --- [    Test worker] p6spy                                    : #1665377284609 | took 0ms | statement | connection 25| url jdbc:h2:mem:6a3784ae-1aa6-4bbf-b617-4d4aeabcc2af
insert into spot (address, description, location, name, score_id, spot_id) values (?, ?, ?, ?, ?, ?)
insert into spot (address, description, location, name, score_id, spot_id) values (NULL, NULL, 'Aewol_eup', NULL, 513, 579);
2022-10-10 13:48:04.609  INFO 3923 --- [    Test worker] p6spy                                    : #1665377284609 | took 0ms | statement | connection 25| url jdbc:h2:mem:6a3784ae-1aa6-4bbf-b617-4d4aeabcc2af
insert into member_spot (member_id, score, spot_id, member_spot_id) values (?, ?, ?, ?)
insert into member_spot (member_id, score, spot_id, member_spot_id) values (19, 0.0, 579, 2108);
2022-10-10 13:48:04.609  INFO 3923 --- [    Test worker] p6spy                                    : #1665377284609 | took 0ms | statement | connection 25| url jdbc:h2:mem:6a3784ae-1aa6-4bbf-b617-4d4aeabcc2af
insert into review (content, spot_id, review_id) values (?, ?, ?)
insert into review (content, spot_id, review_id) values ('java.io.StringReader@3a994f0e', 569, 515);
2022-10-10 13:48:04.609  INFO 3923 --- [    Test worker] p6spy                                    : #1665377284609 | took 0ms | statement | connection 25| url jdbc:h2:mem:6a3784ae-1aa6-4bbf-b617-4d4aeabcc2af
insert into favorite_spot (count, favorite_id, spot_id, favorite_spot_id) values (?, ?, ?, ?)
insert into favorite_spot (count, favorite_id, spot_id, favorite_spot_id) values (0, 39, 579, 426);
2022-10-10 13:48:04.609  INFO 3923 --- [    Test worker] p6spy                                    : #1665377284609 | took 0ms | statement | connection 25| url jdbc:h2:mem:6a3784ae-1aa6-4bbf-b617-4d4aeabcc2af
insert into score (facility_rank, facility_score, price_rank, price_score, rank_average, surround_rank, surround_score, view_rank, view_score, score_id) values (?, ?, ?, ?, ?, ?, ?, ?, ?, ?)
insert into score (facility_rank, facility_score, price_rank, price_score, rank_average, surround_rank, surround_score, view_rank, view_score, score_id) values (2.0459683949805783, 9.876092273676957, 2.510907477737725, 5.367062506688262, 5.296009188718691, 1.7920344734658977, 4.467713108792863, 9.3064645427626, 0.961768277676216, 514);
2022-10-10 13:48:04.609  INFO 3923 --- [    Test worker] p6spy                                    : #1665377284609 | took 0ms | statement | connection 25| url jdbc:h2:mem:6a3784ae-1aa6-4bbf-b617-4d4aeabcc2af
insert into picture (spot_id, url, picture_id) values (?, ?, ?)
insert into picture (spot_id, url, picture_id) values (NULL, 'java.io.StringReader@6c68575b', 2109);
2022-10-10 13:48:04.609  INFO 3923 --- [    Test worker] p6spy                                    : #1665377284609 | took 0ms | statement | connection 25| url jdbc:h2:mem:6a3784ae-1aa6-4bbf-b617-4d4aeabcc2af
insert into picture (spot_id, url, picture_id) values (?, ?, ?)
insert into picture (spot_id, url, picture_id) values (NULL, 'java.io.StringReader@7798f534', 2110);
2022-10-10 13:48:04.609  INFO 3923 --- [    Test worker] p6spy                                    : #1665377284609 | took 0ms | statement | connection 25| url jdbc:h2:mem:6a3784ae-1aa6-4bbf-b617-4d4aeabcc2af
insert into picture (spot_id, url, picture_id) values (?, ?, ?)
insert into picture (spot_id, url, picture_id) values (NULL, 'java.io.StringReader@2626a4b3', 2111);
2022-10-10 13:48:04.609  INFO 3923 --- [    Test worker] p6spy                                    : #1665377284609 | took 0ms | statement | connection 25| url jdbc:h2:mem:6a3784ae-1aa6-4bbf-b617-4d4aeabcc2af
insert into spot (address, description, location, name, score_id, spot_id) values (?, ?, ?, ?, ?, ?)
insert into spot (address, description, location, name, score_id, spot_id) values (NULL, NULL, 'Aewol_eup', NULL, 514, 580);
2022-10-10 13:48:04.609  INFO 3923 --- [    Test worker] p6spy                                    : #1665377284609 | took 0ms | statement | connection 25| url jdbc:h2:mem:6a3784ae-1aa6-4bbf-b617-4d4aeabcc2af
insert into member_spot (member_id, score, spot_id, member_spot_id) values (?, ?, ?, ?)
insert into member_spot (member_id, score, spot_id, member_spot_id) values (19, 0.0, 580, 2112);
2022-10-10 13:48:04.609  INFO 3923 --- [    Test worker] p6spy                                    : #1665377284609 | took 0ms | statement | connection 25| url jdbc:h2:mem:6a3784ae-1aa6-4bbf-b617-4d4aeabcc2af
insert into review (content, spot_id, review_id) values (?, ?, ?)
insert into review (content, spot_id, review_id) values ('java.io.StringReader@52355243', 569, 516);
2022-10-10 13:48:04.610  INFO 3923 --- [    Test worker] p6spy                                    : #1665377284610 | took 0ms | statement | connection 25| url jdbc:h2:mem:6a3784ae-1aa6-4bbf-b617-4d4aeabcc2af
insert into score (facility_rank, facility_score, price_rank, price_score, rank_average, surround_rank, surround_score, view_rank, view_score, score_id) values (?, ?, ?, ?, ?, ?, ?, ?, ?, ?)
insert into score (facility_rank, facility_score, price_rank, price_score, rank_average, surround_rank, surround_score, view_rank, view_score, score_id) values (6.342048153347327, 3.310398184334895, 8.14651160422878, 5.874393989762585, 8.92979965764373, 2.3335814902151863, 3.0898638998209127, 8.670657146563439, 9.636063168266336, 515);
2022-10-10 13:48:04.610  INFO 3923 --- [    Test worker] p6spy                                    : #1665377284610 | took 0ms | statement | connection 25| url jdbc:h2:mem:6a3784ae-1aa6-4bbf-b617-4d4aeabcc2af
insert into picture (spot_id, url, picture_id) values (?, ?, ?)
insert into picture (spot_id, url, picture_id) values (NULL, 'java.io.StringReader@75ad4dab', 2113);
2022-10-10 13:48:04.610  INFO 3923 --- [    Test worker] p6spy                                    : #1665377284610 | took 0ms | statement | connection 25| url jdbc:h2:mem:6a3784ae-1aa6-4bbf-b617-4d4aeabcc2af
insert into picture (spot_id, url, picture_id) values (?, ?, ?)
insert into picture (spot_id, url, picture_id) values (NULL, 'java.io.StringReader@4be9b820', 2114);
2022-10-10 13:48:04.610  INFO 3923 --- [    Test worker] p6spy                                    : #1665377284610 | took 0ms | statement | connection 25| url jdbc:h2:mem:6a3784ae-1aa6-4bbf-b617-4d4aeabcc2af
insert into picture (spot_id, url, picture_id) values (?, ?, ?)
insert into picture (spot_id, url, picture_id) values (NULL, 'java.io.StringReader@2eecd312', 2115);
2022-10-10 13:48:04.610  INFO 3923 --- [    Test worker] p6spy                                    : #1665377284610 | took 0ms | statement | connection 25| url jdbc:h2:mem:6a3784ae-1aa6-4bbf-b617-4d4aeabcc2af
insert into spot (address, description, location, name, score_id, spot_id) values (?, ?, ?, ?, ?, ?)
insert into spot (address, description, location, name, score_id, spot_id) values (NULL, NULL, 'Aewol_eup', NULL, 515, 581);
2022-10-10 13:48:04.610  INFO 3923 --- [    Test worker] p6spy                                    : #1665377284610 | took 0ms | statement | connection 25| url jdbc:h2:mem:6a3784ae-1aa6-4bbf-b617-4d4aeabcc2af
insert into member_spot (member_id, score, spot_id, member_spot_id) values (?, ?, ?, ?)
insert into member_spot (member_id, score, spot_id, member_spot_id) values (19, 0.0, 581, 2116);
2022-10-10 13:48:04.610  INFO 3923 --- [    Test worker] p6spy                                    : #1665377284610 | took 0ms | statement | connection 25| url jdbc:h2:mem:6a3784ae-1aa6-4bbf-b617-4d4aeabcc2af
insert into review (content, spot_id, review_id) values (?, ?, ?)
insert into review (content, spot_id, review_id) values ('java.io.StringReader@278cd772', 569, 517);
2022-10-10 13:48:04.610  INFO 3923 --- [    Test worker] p6spy                                    : #1665377284610 | took 0ms | statement | connection 25| url jdbc:h2:mem:6a3784ae-1aa6-4bbf-b617-4d4aeabcc2af
insert into favorite_spot (count, favorite_id, spot_id, favorite_spot_id) values (?, ?, ?, ?)
insert into favorite_spot (count, favorite_id, spot_id, favorite_spot_id) values (0, 39, 581, 427);
2022-10-10 13:48:04.610  INFO 3923 --- [    Test worker] p6spy                                    : #1665377284610 | took 0ms | statement | connection 25| url jdbc:h2:mem:6a3784ae-1aa6-4bbf-b617-4d4aeabcc2af
insert into score (facility_rank, facility_score, price_rank, price_score, rank_average, surround_rank, surround_score, view_rank, view_score, score_id) values (?, ?, ?, ?, ?, ?, ?, ?, ?, ?)
insert into score (facility_rank, facility_score, price_rank, price_score, rank_average, surround_rank, surround_score, view_rank, view_score, score_id) values (3.2812221203708924, 6.027651937246013, 9.336086054533189, 1.5650505837476703, 8.121726836758555, 4.337854367638253, 8.530793068470997, 7.029217614582379, 2.2192165255839913, 516);
2022-10-10 13:48:04.610  INFO 3923 --- [    Test worker] p6spy                                    : #1665377284610 | took 0ms | statement | connection 25| url jdbc:h2:mem:6a3784ae-1aa6-4bbf-b617-4d4aeabcc2af
insert into picture (spot_id, url, picture_id) values (?, ?, ?)
insert into picture (spot_id, url, picture_id) values (NULL, 'java.io.StringReader@720da58e', 2117);
2022-10-10 13:48:04.610  INFO 3923 --- [    Test worker] p6spy                                    : #1665377284610 | took 0ms | statement | connection 25| url jdbc:h2:mem:6a3784ae-1aa6-4bbf-b617-4d4aeabcc2af
insert into picture (spot_id, url, picture_id) values (?, ?, ?)
insert into picture (spot_id, url, picture_id) values (NULL, 'java.io.StringReader@5116a621', 2118);
2022-10-10 13:48:04.610  INFO 3923 --- [    Test worker] p6spy                                    : #1665377284610 | took 0ms | statement | connection 25| url jdbc:h2:mem:6a3784ae-1aa6-4bbf-b617-4d4aeabcc2af
insert into picture (spot_id, url, picture_id) values (?, ?, ?)
insert into picture (spot_id, url, picture_id) values (NULL, 'java.io.StringReader@666c5ae1', 2119);
2022-10-10 13:48:04.610  INFO 3923 --- [    Test worker] p6spy                                    : #1665377284610 | took 0ms | statement | connection 25| url jdbc:h2:mem:6a3784ae-1aa6-4bbf-b617-4d4aeabcc2af
insert into spot (address, description, location, name, score_id, spot_id) values (?, ?, ?, ?, ?, ?)
insert into spot (address, description, location, name, score_id, spot_id) values (NULL, NULL, 'Aewol_eup', NULL, 516, 582);
2022-10-10 13:48:04.610  INFO 3923 --- [    Test worker] p6spy                                    : #1665377284610 | took 0ms | statement | connection 25| url jdbc:h2:mem:6a3784ae-1aa6-4bbf-b617-4d4aeabcc2af
insert into member_spot (member_id, score, spot_id, member_spot_id) values (?, ?, ?, ?)
insert into member_spot (member_id, score, spot_id, member_spot_id) values (19, 0.0, 582, 2120);
2022-10-10 13:48:04.610  INFO 3923 --- [    Test worker] p6spy                                    : #1665377284610 | took 0ms | statement | connection 25| url jdbc:h2:mem:6a3784ae-1aa6-4bbf-b617-4d4aeabcc2af
insert into review (content, spot_id, review_id) values (?, ?, ?)
insert into review (content, spot_id, review_id) values ('java.io.StringReader@2a5f86c2', 569, 518);
2022-10-10 13:48:04.610  INFO 3923 --- [    Test worker] p6spy                                    : #1665377284610 | took 0ms | statement | connection 25| url jdbc:h2:mem:6a3784ae-1aa6-4bbf-b617-4d4aeabcc2af
insert into score (facility_rank, facility_score, price_rank, price_score, rank_average, surround_rank, surround_score, view_rank, view_score, score_id) values (?, ?, ?, ?, ?, ?, ?, ?, ?, ?)
insert into score (facility_rank, facility_score, price_rank, price_score, rank_average, surround_rank, surround_score, view_rank, view_score, score_id) values (1.7442229421342514, 4.780396604246907, 6.559168956278963, 5.477439735948485, 7.887351638299026, 2.386590430180769, 3.0383122685432418, 6.93681447311798, 9.885609307527316, 517);
2022-10-10 13:48:04.610  INFO 3923 --- [    Test worker] p6spy                                    : #1665377284610 | took 0ms | statement | connection 25| url jdbc:h2:mem:6a3784ae-1aa6-4bbf-b617-4d4aeabcc2af
insert into picture (spot_id, url, picture_id) values (?, ?, ?)
insert into picture (spot_id, url, picture_id) values (NULL, 'java.io.StringReader@7ee548be', 2121);
2022-10-10 13:48:04.610  INFO 3923 --- [    Test worker] p6spy                                    : #1665377284610 | took 0ms | statement | connection 25| url jdbc:h2:mem:6a3784ae-1aa6-4bbf-b617-4d4aeabcc2af
insert into picture (spot_id, url, picture_id) values (?, ?, ?)
insert into picture (spot_id, url, picture_id) values (NULL, 'java.io.StringReader@536188c7', 2122);
2022-10-10 13:48:04.610  INFO 3923 --- [    Test worker] p6spy                                    : #1665377284610 | took 0ms | statement | connection 25| url jdbc:h2:mem:6a3784ae-1aa6-4bbf-b617-4d4aeabcc2af
insert into picture (spot_id, url, picture_id) values (?, ?, ?)
insert into picture (spot_id, url, picture_id) values (NULL, 'java.io.StringReader@2c01480f', 2123);
2022-10-10 13:48:04.610  INFO 3923 --- [    Test worker] p6spy                                    : #1665377284610 | took 0ms | statement | connection 25| url jdbc:h2:mem:6a3784ae-1aa6-4bbf-b617-4d4aeabcc2af
insert into spot (address, description, location, name, score_id, spot_id) values (?, ?, ?, ?, ?, ?)
insert into spot (address, description, location, name, score_id, spot_id) values (NULL, NULL, 'Aewol_eup', NULL, 517, 583);
2022-10-10 13:48:04.610  INFO 3923 --- [    Test worker] p6spy                                    : #1665377284610 | took 0ms | statement | connection 25| url jdbc:h2:mem:6a3784ae-1aa6-4bbf-b617-4d4aeabcc2af
insert into member_spot (member_id, score, spot_id, member_spot_id) values (?, ?, ?, ?)
insert into member_spot (member_id, score, spot_id, member_spot_id) values (19, 0.0, 583, 2124);
2022-10-10 13:48:04.610  INFO 3923 --- [    Test worker] p6spy                                    : #1665377284610 | took 0ms | statement | connection 25| url jdbc:h2:mem:6a3784ae-1aa6-4bbf-b617-4d4aeabcc2af
insert into review (content, spot_id, review_id) values (?, ?, ?)
insert into review (content, spot_id, review_id) values ('java.io.StringReader@4268bfe6', 569, 519);
2022-10-10 13:48:04.610  INFO 3923 --- [    Test worker] p6spy                                    : #1665377284610 | took 0ms | statement | connection 25| url jdbc:h2:mem:6a3784ae-1aa6-4bbf-b617-4d4aeabcc2af
insert into favorite_spot (count, favorite_id, spot_id, favorite_spot_id) values (?, ?, ?, ?)
insert into favorite_spot (count, favorite_id, spot_id, favorite_spot_id) values (0, 39, 583, 428);
2022-10-10 13:48:04.610  INFO 3923 --- [    Test worker] p6spy                                    : #1665377284610 | took 0ms | statement | connection 25| url jdbc:h2:mem:6a3784ae-1aa6-4bbf-b617-4d4aeabcc2af
insert into score (facility_rank, facility_score, price_rank, price_score, rank_average, surround_rank, surround_score, view_rank, view_score, score_id) values (?, ?, ?, ?, ?, ?, ?, ?, ?, ?)
insert into score (facility_rank, facility_score, price_rank, price_score, rank_average, surround_rank, surround_score, view_rank, view_score, score_id) values (8.047605507739398, 9.78527314946197, 2.2392213169263417, 7.079432206417998, 6.709951468990645, 6.245964050828768, 4.189092859871949, 0.6699364981781752, 9.021544645385536, 518);
2022-10-10 13:48:04.610  INFO 3923 --- [    Test worker] p6spy                                    : #1665377284610 | took 0ms | statement | connection 25| url jdbc:h2:mem:6a3784ae-1aa6-4bbf-b617-4d4aeabcc2af
insert into picture (spot_id, url, picture_id) values (?, ?, ?)
insert into picture (spot_id, url, picture_id) values (NULL, 'java.io.StringReader@1202c1ee', 2125);
2022-10-10 13:48:04.610  INFO 3923 --- [    Test worker] p6spy                                    : #1665377284610 | took 0ms | statement | connection 25| url jdbc:h2:mem:6a3784ae-1aa6-4bbf-b617-4d4aeabcc2af
insert into picture (spot_id, url, picture_id) values (?, ?, ?)
insert into picture (spot_id, url, picture_id) values (NULL, 'java.io.StringReader@15cbf9b8', 2126);
2022-10-10 13:48:04.610  INFO 3923 --- [    Test worker] p6spy                                    : #1665377284610 | took 0ms | statement | connection 25| url jdbc:h2:mem:6a3784ae-1aa6-4bbf-b617-4d4aeabcc2af
insert into picture (spot_id, url, picture_id) values (?, ?, ?)
insert into picture (spot_id, url, picture_id) values (NULL, 'java.io.StringReader@3e738d34', 2127);
2022-10-10 13:48:04.610  INFO 3923 --- [    Test worker] p6spy                                    : #1665377284610 | took 0ms | statement | connection 25| url jdbc:h2:mem:6a3784ae-1aa6-4bbf-b617-4d4aeabcc2af
insert into spot (address, description, location, name, score_id, spot_id) values (?, ?, ?, ?, ?, ?)
insert into spot (address, description, location, name, score_id, spot_id) values (NULL, NULL, 'Aewol_eup', NULL, 518, 584);
2022-10-10 13:48:04.610  INFO 3923 --- [    Test worker] p6spy                                    : #1665377284610 | took 0ms | statement | connection 25| url jdbc:h2:mem:6a3784ae-1aa6-4bbf-b617-4d4aeabcc2af
insert into member_spot (member_id, score, spot_id, member_spot_id) values (?, ?, ?, ?)
insert into member_spot (member_id, score, spot_id, member_spot_id) values (19, 0.0, 584, 2128);
2022-10-10 13:48:04.610  INFO 3923 --- [    Test worker] p6spy                                    : #1665377284610 | took 0ms | statement | connection 25| url jdbc:h2:mem:6a3784ae-1aa6-4bbf-b617-4d4aeabcc2af
insert into review (content, spot_id, review_id) values (?, ?, ?)
insert into review (content, spot_id, review_id) values ('java.io.StringReader@5ed4011a', 569, 520);
2022-10-10 13:48:04.610  INFO 3923 --- [    Test worker] p6spy                                    : #1665377284610 | took 0ms | statement | connection 25| url jdbc:h2:mem:6a3784ae-1aa6-4bbf-b617-4d4aeabcc2af
insert into score (facility_rank, facility_score, price_rank, price_score, rank_average, surround_rank, surround_score, view_rank, view_score, score_id) values (?, ?, ?, ?, ?, ?, ?, ?, ?, ?)
insert into score (facility_rank, facility_score, price_rank, price_score, rank_average, surround_rank, surround_score, view_rank, view_score, score_id) values (9.075276831471754, 3.674675355711532, 7.135582352945658, 8.470832267358174, 9.497563087060835, 5.335133037075924, 7.449590943162901, 0.055444035499055966, 4.2999513610407885, 519);
2022-10-10 13:48:04.610  INFO 3923 --- [    Test worker] p6spy                                    : #1665377284610 | took 0ms | statement | connection 25| url jdbc:h2:mem:6a3784ae-1aa6-4bbf-b617-4d4aeabcc2af
insert into picture (spot_id, url, picture_id) values (?, ?, ?)
insert into picture (spot_id, url, picture_id) values (NULL, 'java.io.StringReader@6a36450a', 2129);
2022-10-10 13:48:04.610  INFO 3923 --- [    Test worker] p6spy                                    : #1665377284610 | took 0ms | statement | connection 25| url jdbc:h2:mem:6a3784ae-1aa6-4bbf-b617-4d4aeabcc2af
insert into picture (spot_id, url, picture_id) values (?, ?, ?)
insert into picture (spot_id, url, picture_id) values (NULL, 'java.io.StringReader@15dabc33', 2130);
2022-10-10 13:48:04.610  INFO 3923 --- [    Test worker] p6spy                                    : #1665377284610 | took 0ms | statement | connection 25| url jdbc:h2:mem:6a3784ae-1aa6-4bbf-b617-4d4aeabcc2af
insert into picture (spot_id, url, picture_id) values (?, ?, ?)
insert into picture (spot_id, url, picture_id) values (NULL, 'java.io.StringReader@29346a21', 2131);
2022-10-10 13:48:04.610  INFO 3923 --- [    Test worker] p6spy                                    : #1665377284610 | took 0ms | statement | connection 25| url jdbc:h2:mem:6a3784ae-1aa6-4bbf-b617-4d4aeabcc2af
insert into spot (address, description, location, name, score_id, spot_id) values (?, ?, ?, ?, ?, ?)
insert into spot (address, description, location, name, score_id, spot_id) values (NULL, NULL, 'Aewol_eup', NULL, 519, 585);
2022-10-10 13:48:04.610  INFO 3923 --- [    Test worker] p6spy                                    : #1665377284610 | took 0ms | statement | connection 25| url jdbc:h2:mem:6a3784ae-1aa6-4bbf-b617-4d4aeabcc2af
insert into member_spot (member_id, score, spot_id, member_spot_id) values (?, ?, ?, ?)
insert into member_spot (member_id, score, spot_id, member_spot_id) values (19, 0.0, 585, 2132);
2022-10-10 13:48:04.610  INFO 3923 --- [    Test worker] p6spy                                    : #1665377284610 | took 0ms | statement | connection 25| url jdbc:h2:mem:6a3784ae-1aa6-4bbf-b617-4d4aeabcc2af
insert into review (content, spot_id, review_id) values (?, ?, ?)
insert into review (content, spot_id, review_id) values ('java.io.StringReader@27821415', 569, 521);
2022-10-10 13:48:04.611  INFO 3923 --- [    Test worker] p6spy                                    : #1665377284611 | took 0ms | statement | connection 25| url jdbc:h2:mem:6a3784ae-1aa6-4bbf-b617-4d4aeabcc2af
insert into favorite_spot (count, favorite_id, spot_id, favorite_spot_id) values (?, ?, ?, ?)
insert into favorite_spot (count, favorite_id, spot_id, favorite_spot_id) values (0, 39, 585, 429);
2022-10-10 13:48:04.611  INFO 3923 --- [    Test worker] p6spy                                    : #1665377284611 | took 0ms | statement | connection 25| url jdbc:h2:mem:6a3784ae-1aa6-4bbf-b617-4d4aeabcc2af
insert into score (facility_rank, facility_score, price_rank, price_score, rank_average, surround_rank, surround_score, view_rank, view_score, score_id) values (?, ?, ?, ?, ?, ?, ?, ?, ?, ?)
insert into score (facility_rank, facility_score, price_rank, price_score, rank_average, surround_rank, surround_score, view_rank, view_score, score_id) values (4.575356615151454, 7.517014086492637, 0.32874632149209604, 8.311222622793611, 7.22649310185317, 7.101431764151393, 7.88939393362458, 6.994181802529971, 0.48808511993448933, 520);
2022-10-10 13:48:04.611  INFO 3923 --- [    Test worker] p6spy                                    : #1665377284611 | took 0ms | statement | connection 25| url jdbc:h2:mem:6a3784ae-1aa6-4bbf-b617-4d4aeabcc2af
insert into picture (spot_id, url, picture_id) values (?, ?, ?)
insert into picture (spot_id, url, picture_id) values (NULL, 'java.io.StringReader@32d718b8', 2133);
2022-10-10 13:48:04.611  INFO 3923 --- [    Test worker] p6spy                                    : #1665377284611 | took 0ms | statement | connection 25| url jdbc:h2:mem:6a3784ae-1aa6-4bbf-b617-4d4aeabcc2af
insert into picture (spot_id, url, picture_id) values (?, ?, ?)
insert into picture (spot_id, url, picture_id) values (NULL, 'java.io.StringReader@4e9df89f', 2134);
2022-10-10 13:48:04.611  INFO 3923 --- [    Test worker] p6spy                                    : #1665377284611 | took 0ms | statement | connection 25| url jdbc:h2:mem:6a3784ae-1aa6-4bbf-b617-4d4aeabcc2af
insert into picture (spot_id, url, picture_id) values (?, ?, ?)
insert into picture (spot_id, url, picture_id) values (NULL, 'java.io.StringReader@12aeb4f4', 2135);
2022-10-10 13:48:04.611  INFO 3923 --- [    Test worker] p6spy                                    : #1665377284611 | took 0ms | statement | connection 25| url jdbc:h2:mem:6a3784ae-1aa6-4bbf-b617-4d4aeabcc2af
insert into spot (address, description, location, name, score_id, spot_id) values (?, ?, ?, ?, ?, ?)
insert into spot (address, description, location, name, score_id, spot_id) values (NULL, NULL, 'Aewol_eup', NULL, 520, 586);
2022-10-10 13:48:04.611  INFO 3923 --- [    Test worker] p6spy                                    : #1665377284611 | took 0ms | statement | connection 25| url jdbc:h2:mem:6a3784ae-1aa6-4bbf-b617-4d4aeabcc2af
insert into member_spot (member_id, score, spot_id, member_spot_id) values (?, ?, ?, ?)
insert into member_spot (member_id, score, spot_id, member_spot_id) values (19, 0.0, 586, 2136);
2022-10-10 13:48:04.611  INFO 3923 --- [    Test worker] p6spy                                    : #1665377284611 | took 0ms | statement | connection 25| url jdbc:h2:mem:6a3784ae-1aa6-4bbf-b617-4d4aeabcc2af
insert into review (content, spot_id, review_id) values (?, ?, ?)
insert into review (content, spot_id, review_id) values ('java.io.StringReader@1035d6a1', 569, 522);
2022-10-10 13:48:04.611  INFO 3923 --- [    Test worker] p6spy                                    : #1665377284611 | took 0ms | statement | connection 25| url jdbc:h2:mem:6a3784ae-1aa6-4bbf-b617-4d4aeabcc2af
insert into score (facility_rank, facility_score, price_rank, price_score, rank_average, surround_rank, surround_score, view_rank, view_score, score_id) values (?, ?, ?, ?, ?, ?, ?, ?, ?, ?)
insert into score (facility_rank, facility_score, price_rank, price_score, rank_average, surround_rank, surround_score, view_rank, view_score, score_id) values (3.4658575610697797, 2.7688068426423786, 4.504518321462662, 2.3480290733354625, 7.026404427507435, 6.782482108262126, 6.8058586800550245, 5.2948341043148615, 5.520288836158816, 521);
2022-10-10 13:48:04.611  INFO 3923 --- [    Test worker] p6spy                                    : #1665377284611 | took 0ms | statement | connection 25| url jdbc:h2:mem:6a3784ae-1aa6-4bbf-b617-4d4aeabcc2af
insert into picture (spot_id, url, picture_id) values (?, ?, ?)
insert into picture (spot_id, url, picture_id) values (NULL, 'java.io.StringReader@fcffa36', 2137);
2022-10-10 13:48:04.611  INFO 3923 --- [    Test worker] p6spy                                    : #1665377284611 | took 0ms | statement | connection 25| url jdbc:h2:mem:6a3784ae-1aa6-4bbf-b617-4d4aeabcc2af
insert into picture (spot_id, url, picture_id) values (?, ?, ?)
insert into picture (spot_id, url, picture_id) values (NULL, 'java.io.StringReader@51ebe1be', 2138);
2022-10-10 13:48:04.611  INFO 3923 --- [    Test worker] p6spy                                    : #1665377284611 | took 0ms | statement | connection 25| url jdbc:h2:mem:6a3784ae-1aa6-4bbf-b617-4d4aeabcc2af
insert into picture (spot_id, url, picture_id) values (?, ?, ?)
insert into picture (spot_id, url, picture_id) values (NULL, 'java.io.StringReader@78d10e03', 2139);
2022-10-10 13:48:04.611  INFO 3923 --- [    Test worker] p6spy                                    : #1665377284611 | took 0ms | statement | connection 25| url jdbc:h2:mem:6a3784ae-1aa6-4bbf-b617-4d4aeabcc2af
insert into spot (address, description, location, name, score_id, spot_id) values (?, ?, ?, ?, ?, ?)
insert into spot (address, description, location, name, score_id, spot_id) values (NULL, NULL, 'Aewol_eup', NULL, 521, 587);
2022-10-10 13:48:04.611  INFO 3923 --- [    Test worker] p6spy                                    : #1665377284611 | took 0ms | statement | connection 25| url jdbc:h2:mem:6a3784ae-1aa6-4bbf-b617-4d4aeabcc2af
insert into member_spot (member_id, score, spot_id, member_spot_id) values (?, ?, ?, ?)
insert into member_spot (member_id, score, spot_id, member_spot_id) values (19, 0.0, 587, 2140);
2022-10-10 13:48:04.611  INFO 3923 --- [    Test worker] p6spy                                    : #1665377284611 | took 0ms | statement | connection 25| url jdbc:h2:mem:6a3784ae-1aa6-4bbf-b617-4d4aeabcc2af
insert into review (content, spot_id, review_id) values (?, ?, ?)
insert into review (content, spot_id, review_id) values ('java.io.StringReader@1afbe2aa', 569, 523);
2022-10-10 13:48:04.611  INFO 3923 --- [    Test worker] p6spy                                    : #1665377284611 | took 0ms | statement | connection 25| url jdbc:h2:mem:6a3784ae-1aa6-4bbf-b617-4d4aeabcc2af
insert into favorite_spot (count, favorite_id, spot_id, favorite_spot_id) values (?, ?, ?, ?)
insert into favorite_spot (count, favorite_id, spot_id, favorite_spot_id) values (0, 39, 587, 430);
2022-10-10 13:48:04.611  INFO 3923 --- [    Test worker] p6spy                                    : #1665377284611 | took 0ms | statement | connection 25| url jdbc:h2:mem:6a3784ae-1aa6-4bbf-b617-4d4aeabcc2af
insert into score (facility_rank, facility_score, price_rank, price_score, rank_average, surround_rank, surround_score, view_rank, view_score, score_id) values (?, ?, ?, ?, ?, ?, ?, ?, ?, ?)
insert into score (facility_rank, facility_score, price_rank, price_score, rank_average, surround_rank, surround_score, view_rank, view_score, score_id) values (0.3153638168312167, 0.47101998577466775, 4.528252494354748, 2.874636613089938, 0.8748685203469952, 2.1300149623025852, 8.633673343636941, 3.878832956613336, 2.518200153419856, 522);
2022-10-10 13:48:04.611  INFO 3923 --- [    Test worker] p6spy                                    : #1665377284611 | took 0ms | statement | connection 25| url jdbc:h2:mem:6a3784ae-1aa6-4bbf-b617-4d4aeabcc2af
insert into picture (spot_id, url, picture_id) values (?, ?, ?)
insert into picture (spot_id, url, picture_id) values (NULL, 'java.io.StringReader@696fc630', 2141);
2022-10-10 13:48:04.611  INFO 3923 --- [    Test worker] p6spy                                    : #1665377284611 | took 0ms | statement | connection 25| url jdbc:h2:mem:6a3784ae-1aa6-4bbf-b617-4d4aeabcc2af
insert into picture (spot_id, url, picture_id) values (?, ?, ?)
insert into picture (spot_id, url, picture_id) values (NULL, 'java.io.StringReader@1f2c05b4', 2142);
2022-10-10 13:48:04.611  INFO 3923 --- [    Test worker] p6spy                                    : #1665377284611 | took 0ms | statement | connection 25| url jdbc:h2:mem:6a3784ae-1aa6-4bbf-b617-4d4aeabcc2af
insert into picture (spot_id, url, picture_id) values (?, ?, ?)
insert into picture (spot_id, url, picture_id) values (NULL, 'java.io.StringReader@30bde125', 2143);
2022-10-10 13:48:04.611  INFO 3923 --- [    Test worker] p6spy                                    : #1665377284611 | took 0ms | statement | connection 25| url jdbc:h2:mem:6a3784ae-1aa6-4bbf-b617-4d4aeabcc2af
insert into spot (address, description, location, name, score_id, spot_id) values (?, ?, ?, ?, ?, ?)
insert into spot (address, description, location, name, score_id, spot_id) values (NULL, NULL, 'Aewol_eup', NULL, 522, 588);
2022-10-10 13:48:04.611  INFO 3923 --- [    Test worker] p6spy                                    : #1665377284611 | took 0ms | statement | connection 25| url jdbc:h2:mem:6a3784ae-1aa6-4bbf-b617-4d4aeabcc2af
insert into member_spot (member_id, score, spot_id, member_spot_id) values (?, ?, ?, ?)
insert into member_spot (member_id, score, spot_id, member_spot_id) values (19, 0.0, 588, 2144);
2022-10-10 13:48:04.611  INFO 3923 --- [    Test worker] p6spy                                    : #1665377284611 | took 0ms | statement | connection 25| url jdbc:h2:mem:6a3784ae-1aa6-4bbf-b617-4d4aeabcc2af
insert into review (content, spot_id, review_id) values (?, ?, ?)
insert into review (content, spot_id, review_id) values ('java.io.StringReader@5d9f0b3f', 569, 524);
2022-10-10 13:48:04.611  INFO 3923 --- [    Test worker] p6spy                                    : #1665377284611 | took 0ms | statement | connection 25| url jdbc:h2:mem:6a3784ae-1aa6-4bbf-b617-4d4aeabcc2af
insert into score (facility_rank, facility_score, price_rank, price_score, rank_average, surround_rank, surround_score, view_rank, view_score, score_id) values (?, ?, ?, ?, ?, ?, ?, ?, ?, ?)
insert into score (facility_rank, facility_score, price_rank, price_score, rank_average, surround_rank, surround_score, view_rank, view_score, score_id) values (4.876335902926495, 9.42663186948867, 2.5942354710706086, 5.327944722286993, 8.837158786853836, 7.3360066685797225, 5.797232872496213, 5.73411319012124, 3.2039144697379482, 523);
2022-10-10 13:48:04.611  INFO 3923 --- [    Test worker] p6spy                                    : #1665377284611 | took 0ms | statement | connection 25| url jdbc:h2:mem:6a3784ae-1aa6-4bbf-b617-4d4aeabcc2af
insert into picture (spot_id, url, picture_id) values (?, ?, ?)
insert into picture (spot_id, url, picture_id) values (NULL, 'java.io.StringReader@1aa6f099', 2145);
2022-10-10 13:48:04.611  INFO 3923 --- [    Test worker] p6spy                                    : #1665377284611 | took 0ms | statement | connection 25| url jdbc:h2:mem:6a3784ae-1aa6-4bbf-b617-4d4aeabcc2af
insert into picture (spot_id, url, picture_id) values (?, ?, ?)
insert into picture (spot_id, url, picture_id) values (NULL, 'java.io.StringReader@e493f00', 2146);
2022-10-10 13:48:04.611  INFO 3923 --- [    Test worker] p6spy                                    : #1665377284611 | took 0ms | statement | connection 25| url jdbc:h2:mem:6a3784ae-1aa6-4bbf-b617-4d4aeabcc2af
insert into picture (spot_id, url, picture_id) values (?, ?, ?)
insert into picture (spot_id, url, picture_id) values (NULL, 'java.io.StringReader@4a8cfd7a', 2147);
2022-10-10 13:48:04.611  INFO 3923 --- [    Test worker] p6spy                                    : #1665377284611 | took 0ms | statement | connection 25| url jdbc:h2:mem:6a3784ae-1aa6-4bbf-b617-4d4aeabcc2af
insert into spot (address, description, location, name, score_id, spot_id) values (?, ?, ?, ?, ?, ?)
insert into spot (address, description, location, name, score_id, spot_id) values (NULL, NULL, 'Aewol_eup', NULL, 523, 589);
2022-10-10 13:48:04.611  INFO 3923 --- [    Test worker] p6spy                                    : #1665377284611 | took 0ms | statement | connection 25| url jdbc:h2:mem:6a3784ae-1aa6-4bbf-b617-4d4aeabcc2af
insert into member_spot (member_id, score, spot_id, member_spot_id) values (?, ?, ?, ?)
insert into member_spot (member_id, score, spot_id, member_spot_id) values (19, 0.0, 589, 2148);
2022-10-10 13:48:04.611  INFO 3923 --- [    Test worker] p6spy                                    : #1665377284611 | took 0ms | statement | connection 25| url jdbc:h2:mem:6a3784ae-1aa6-4bbf-b617-4d4aeabcc2af
insert into review (content, spot_id, review_id) values (?, ?, ?)
insert into review (content, spot_id, review_id) values ('java.io.StringReader@7d877489', 569, 525);
2022-10-10 13:48:04.611  INFO 3923 --- [    Test worker] p6spy                                    : #1665377284611 | took 0ms | statement | connection 25| url jdbc:h2:mem:6a3784ae-1aa6-4bbf-b617-4d4aeabcc2af
insert into favorite_spot (count, favorite_id, spot_id, favorite_spot_id) values (?, ?, ?, ?)
insert into favorite_spot (count, favorite_id, spot_id, favorite_spot_id) values (0, 39, 589, 431);
2022-10-10 13:48:04.611  INFO 3923 --- [    Test worker] p6spy                                    : #1665377284611 | took 0ms | statement | connection 25| url jdbc:h2:mem:6a3784ae-1aa6-4bbf-b617-4d4aeabcc2af
insert into score (facility_rank, facility_score, price_rank, price_score, rank_average, surround_rank, surround_score, view_rank, view_score, score_id) values (?, ?, ?, ?, ?, ?, ?, ?, ?, ?)
insert into score (facility_rank, facility_score, price_rank, price_score, rank_average, surround_rank, surround_score, view_rank, view_score, score_id) values (6.189122934187221, 5.266194850853408, 1.4509637898237826, 5.033963986495198, 0.13858612510315393, 5.76919516684594, 2.265092425430526, 4.564299984093401, 8.633929791178495, 524);
2022-10-10 13:48:04.611  INFO 3923 --- [    Test worker] p6spy                                    : #1665377284611 | took 0ms | statement | connection 25| url jdbc:h2:mem:6a3784ae-1aa6-4bbf-b617-4d4aeabcc2af
insert into picture (spot_id, url, picture_id) values (?, ?, ?)
insert into picture (spot_id, url, picture_id) values (NULL, 'java.io.StringReader@a4479f1', 2149);
2022-10-10 13:48:04.611  INFO 3923 --- [    Test worker] p6spy                                    : #1665377284611 | took 0ms | statement | connection 25| url jdbc:h2:mem:6a3784ae-1aa6-4bbf-b617-4d4aeabcc2af
insert into picture (spot_id, url, picture_id) values (?, ?, ?)
insert into picture (spot_id, url, picture_id) values (NULL, 'java.io.StringReader@73fa442a', 2150);
2022-10-10 13:48:04.611  INFO 3923 --- [    Test worker] p6spy                                    : #1665377284611 | took 0ms | statement | connection 25| url jdbc:h2:mem:6a3784ae-1aa6-4bbf-b617-4d4aeabcc2af
insert into picture (spot_id, url, picture_id) values (?, ?, ?)
insert into picture (spot_id, url, picture_id) values (NULL, 'java.io.StringReader@2a042d0a', 2151);
2022-10-10 13:48:04.611  INFO 3923 --- [    Test worker] p6spy                                    : #1665377284611 | took 0ms | statement | connection 25| url jdbc:h2:mem:6a3784ae-1aa6-4bbf-b617-4d4aeabcc2af
insert into spot (address, description, location, name, score_id, spot_id) values (?, ?, ?, ?, ?, ?)
insert into spot (address, description, location, name, score_id, spot_id) values (NULL, NULL, 'Aewol_eup', NULL, 524, 590);
2022-10-10 13:48:04.612  INFO 3923 --- [    Test worker] p6spy                                    : #1665377284612 | took 0ms | statement | connection 25| url jdbc:h2:mem:6a3784ae-1aa6-4bbf-b617-4d4aeabcc2af
insert into member_spot (member_id, score, spot_id, member_spot_id) values (?, ?, ?, ?)
insert into member_spot (member_id, score, spot_id, member_spot_id) values (19, 0.0, 590, 2152);
2022-10-10 13:48:04.612  INFO 3923 --- [    Test worker] p6spy                                    : #1665377284612 | took 0ms | statement | connection 25| url jdbc:h2:mem:6a3784ae-1aa6-4bbf-b617-4d4aeabcc2af
insert into review (content, spot_id, review_id) values (?, ?, ?)
insert into review (content, spot_id, review_id) values ('java.io.StringReader@1e0798d6', 569, 526);
2022-10-10 13:48:04.612  INFO 3923 --- [    Test worker] p6spy                                    : #1665377284612 | took 0ms | statement | connection 25| url jdbc:h2:mem:6a3784ae-1aa6-4bbf-b617-4d4aeabcc2af
insert into score (facility_rank, facility_score, price_rank, price_score, rank_average, surround_rank, surround_score, view_rank, view_score, score_id) values (?, ?, ?, ?, ?, ?, ?, ?, ?, ?)
insert into score (facility_rank, facility_score, price_rank, price_score, rank_average, surround_rank, surround_score, view_rank, view_score, score_id) values (6.196573332669976, 8.28167108099074, 8.2466462363219, 2.480814599271055, 8.630886474346276, 3.367512655441627, 0.42218225902153406, 5.789772965941246, 3.2158211961253267, 525);
2022-10-10 13:48:04.612  INFO 3923 --- [    Test worker] p6spy                                    : #1665377284612 | took 0ms | statement | connection 25| url jdbc:h2:mem:6a3784ae-1aa6-4bbf-b617-4d4aeabcc2af
insert into picture (spot_id, url, picture_id) values (?, ?, ?)
insert into picture (spot_id, url, picture_id) values (NULL, 'java.io.StringReader@611e442', 2153);
2022-10-10 13:48:04.612  INFO 3923 --- [    Test worker] p6spy                                    : #1665377284612 | took 0ms | statement | connection 25| url jdbc:h2:mem:6a3784ae-1aa6-4bbf-b617-4d4aeabcc2af
insert into picture (spot_id, url, picture_id) values (?, ?, ?)
insert into picture (spot_id, url, picture_id) values (NULL, 'java.io.StringReader@643d7051', 2154);
2022-10-10 13:48:04.612  INFO 3923 --- [    Test worker] p6spy                                    : #1665377284612 | took 0ms | statement | connection 25| url jdbc:h2:mem:6a3784ae-1aa6-4bbf-b617-4d4aeabcc2af
insert into picture (spot_id, url, picture_id) values (?, ?, ?)
insert into picture (spot_id, url, picture_id) values (NULL, 'java.io.StringReader@12aff96f', 2155);
2022-10-10 13:48:04.612  INFO 3923 --- [    Test worker] p6spy                                    : #1665377284612 | took 0ms | statement | connection 25| url jdbc:h2:mem:6a3784ae-1aa6-4bbf-b617-4d4aeabcc2af
insert into spot (address, description, location, name, score_id, spot_id) values (?, ?, ?, ?, ?, ?)
insert into spot (address, description, location, name, score_id, spot_id) values (NULL, NULL, 'Aewol_eup', NULL, 525, 591);
2022-10-10 13:48:04.612  INFO 3923 --- [    Test worker] p6spy                                    : #1665377284612 | took 0ms | statement | connection 25| url jdbc:h2:mem:6a3784ae-1aa6-4bbf-b617-4d4aeabcc2af
insert into member_spot (member_id, score, spot_id, member_spot_id) values (?, ?, ?, ?)
insert into member_spot (member_id, score, spot_id, member_spot_id) values (19, 0.0, 591, 2156);
2022-10-10 13:48:04.612  INFO 3923 --- [    Test worker] p6spy                                    : #1665377284612 | took 0ms | statement | connection 25| url jdbc:h2:mem:6a3784ae-1aa6-4bbf-b617-4d4aeabcc2af
insert into review (content, spot_id, review_id) values (?, ?, ?)
insert into review (content, spot_id, review_id) values ('java.io.StringReader@62d8a9f7', 569, 527);
2022-10-10 13:48:04.612  INFO 3923 --- [    Test worker] p6spy                                    : #1665377284612 | took 0ms | statement | connection 25| url jdbc:h2:mem:6a3784ae-1aa6-4bbf-b617-4d4aeabcc2af
insert into favorite_spot (count, favorite_id, spot_id, favorite_spot_id) values (?, ?, ?, ?)
insert into favorite_spot (count, favorite_id, spot_id, favorite_spot_id) values (0, 39, 591, 432);
2022-10-10 13:48:04.612  INFO 3923 --- [    Test worker] p6spy                                    : #1665377284612 | took 0ms | statement | connection 25| url jdbc:h2:mem:6a3784ae-1aa6-4bbf-b617-4d4aeabcc2af
insert into score (facility_rank, facility_score, price_rank, price_score, rank_average, surround_rank, surround_score, view_rank, view_score, score_id) values (?, ?, ?, ?, ?, ?, ?, ?, ?, ?)
insert into score (facility_rank, facility_score, price_rank, price_score, rank_average, surround_rank, surround_score, view_rank, view_score, score_id) values (5.981829758393956, 4.320152906101141, 3.7040795804721505, 3.2525927127300305, 7.927124807778264, 0.5495357077113072, 9.165914551888886, 9.84067505017388, 1.5535564536210866, 526);
2022-10-10 13:48:04.612  INFO 3923 --- [    Test worker] p6spy                                    : #1665377284612 | took 0ms | statement | connection 25| url jdbc:h2:mem:6a3784ae-1aa6-4bbf-b617-4d4aeabcc2af
insert into picture (spot_id, url, picture_id) values (?, ?, ?)
insert into picture (spot_id, url, picture_id) values (NULL, 'java.io.StringReader@87b1b3', 2157);
2022-10-10 13:48:04.612  INFO 3923 --- [    Test worker] p6spy                                    : #1665377284612 | took 0ms | statement | connection 25| url jdbc:h2:mem:6a3784ae-1aa6-4bbf-b617-4d4aeabcc2af
insert into picture (spot_id, url, picture_id) values (?, ?, ?)
insert into picture (spot_id, url, picture_id) values (NULL, 'java.io.StringReader@1f3d9f', 2158);
2022-10-10 13:48:04.612  INFO 3923 --- [    Test worker] p6spy                                    : #1665377284612 | took 0ms | statement | connection 25| url jdbc:h2:mem:6a3784ae-1aa6-4bbf-b617-4d4aeabcc2af
insert into picture (spot_id, url, picture_id) values (?, ?, ?)
insert into picture (spot_id, url, picture_id) values (NULL, 'java.io.StringReader@3c255eb9', 2159);
2022-10-10 13:48:04.612  INFO 3923 --- [    Test worker] p6spy                                    : #1665377284612 | took 0ms | statement | connection 25| url jdbc:h2:mem:6a3784ae-1aa6-4bbf-b617-4d4aeabcc2af
insert into spot (address, description, location, name, score_id, spot_id) values (?, ?, ?, ?, ?, ?)
insert into spot (address, description, location, name, score_id, spot_id) values (NULL, NULL, 'Aewol_eup', NULL, 526, 592);
2022-10-10 13:48:04.612  INFO 3923 --- [    Test worker] p6spy                                    : #1665377284612 | took 0ms | statement | connection 25| url jdbc:h2:mem:6a3784ae-1aa6-4bbf-b617-4d4aeabcc2af
insert into member_spot (member_id, score, spot_id, member_spot_id) values (?, ?, ?, ?)
insert into member_spot (member_id, score, spot_id, member_spot_id) values (19, 0.0, 592, 2160);
2022-10-10 13:48:04.612  INFO 3923 --- [    Test worker] p6spy                                    : #1665377284612 | took 0ms | statement | connection 25| url jdbc:h2:mem:6a3784ae-1aa6-4bbf-b617-4d4aeabcc2af
insert into review (content, spot_id, review_id) values (?, ?, ?)
insert into review (content, spot_id, review_id) values ('java.io.StringReader@2353aed6', 569, 528);
2022-10-10 13:48:04.612  INFO 3923 --- [    Test worker] p6spy                                    : #1665377284612 | took 0ms | statement | connection 25| url jdbc:h2:mem:6a3784ae-1aa6-4bbf-b617-4d4aeabcc2af
insert into score (facility_rank, facility_score, price_rank, price_score, rank_average, surround_rank, surround_score, view_rank, view_score, score_id) values (?, ?, ?, ?, ?, ?, ?, ?, ?, ?)
insert into score (facility_rank, facility_score, price_rank, price_score, rank_average, surround_rank, surround_score, view_rank, view_score, score_id) values (4.714202560758532, 8.977587837502117, 3.003681121000108, 3.204870245863851, 9.179180527663851, 9.634168416680314, 0.9024100601948792, 5.853757795439886, 0.30134669083627386, 527);
2022-10-10 13:48:04.612  INFO 3923 --- [    Test worker] p6spy                                    : #1665377284612 | took 0ms | statement | connection 25| url jdbc:h2:mem:6a3784ae-1aa6-4bbf-b617-4d4aeabcc2af
insert into picture (spot_id, url, picture_id) values (?, ?, ?)
insert into picture (spot_id, url, picture_id) values (NULL, 'java.io.StringReader@5c643739', 2161);
2022-10-10 13:48:04.612  INFO 3923 --- [    Test worker] p6spy                                    : #1665377284612 | took 0ms | statement | connection 25| url jdbc:h2:mem:6a3784ae-1aa6-4bbf-b617-4d4aeabcc2af
insert into picture (spot_id, url, picture_id) values (?, ?, ?)
insert into picture (spot_id, url, picture_id) values (NULL, 'java.io.StringReader@707d23fa', 2162);
2022-10-10 13:48:04.612  INFO 3923 --- [    Test worker] p6spy                                    : #1665377284612 | took 0ms | statement | connection 25| url jdbc:h2:mem:6a3784ae-1aa6-4bbf-b617-4d4aeabcc2af
insert into picture (spot_id, url, picture_id) values (?, ?, ?)
insert into picture (spot_id, url, picture_id) values (NULL, 'java.io.StringReader@3b666e5f', 2163);
2022-10-10 13:48:04.612  INFO 3923 --- [    Test worker] p6spy                                    : #1665377284612 | took 0ms | statement | connection 25| url jdbc:h2:mem:6a3784ae-1aa6-4bbf-b617-4d4aeabcc2af
insert into spot (address, description, location, name, score_id, spot_id) values (?, ?, ?, ?, ?, ?)
insert into spot (address, description, location, name, score_id, spot_id) values (NULL, NULL, 'Aewol_eup', NULL, 527, 593);
2022-10-10 13:48:04.612  INFO 3923 --- [    Test worker] p6spy                                    : #1665377284612 | took 0ms | statement | connection 25| url jdbc:h2:mem:6a3784ae-1aa6-4bbf-b617-4d4aeabcc2af
insert into member_spot (member_id, score, spot_id, member_spot_id) values (?, ?, ?, ?)
insert into member_spot (member_id, score, spot_id, member_spot_id) values (19, 0.0, 593, 2164);
2022-10-10 13:48:04.612  INFO 3923 --- [    Test worker] p6spy                                    : #1665377284612 | took 0ms | statement | connection 25| url jdbc:h2:mem:6a3784ae-1aa6-4bbf-b617-4d4aeabcc2af
insert into review (content, spot_id, review_id) values (?, ?, ?)
insert into review (content, spot_id, review_id) values ('java.io.StringReader@fc244e2', 569, 529);
2022-10-10 13:48:04.612  INFO 3923 --- [    Test worker] p6spy                                    : #1665377284612 | took 0ms | statement | connection 25| url jdbc:h2:mem:6a3784ae-1aa6-4bbf-b617-4d4aeabcc2af
insert into favorite_spot (count, favorite_id, spot_id, favorite_spot_id) values (?, ?, ?, ?)
insert into favorite_spot (count, favorite_id, spot_id, favorite_spot_id) values (0, 39, 593, 433);
2022-10-10 13:48:04.612  INFO 3923 --- [    Test worker] p6spy                                    : #1665377284612 | took 0ms | statement | connection 25| url jdbc:h2:mem:6a3784ae-1aa6-4bbf-b617-4d4aeabcc2af
insert into score (facility_rank, facility_score, price_rank, price_score, rank_average, surround_rank, surround_score, view_rank, view_score, score_id) values (?, ?, ?, ?, ?, ?, ?, ?, ?, ?)
insert into score (facility_rank, facility_score, price_rank, price_score, rank_average, surround_rank, surround_score, view_rank, view_score, score_id) values (0.5168512275381854, 0.2501786193906175, 2.1719925082751237, 6.351380346077438, 3.654034060894441, 2.1847401523344203, 1.9477388374287719, 2.5326301548944565, 6.42425716325595, 528);
2022-10-10 13:48:04.612  INFO 3923 --- [    Test worker] p6spy                                    : #1665377284612 | took 0ms | statement | connection 25| url jdbc:h2:mem:6a3784ae-1aa6-4bbf-b617-4d4aeabcc2af
insert into picture (spot_id, url, picture_id) values (?, ?, ?)
insert into picture (spot_id, url, picture_id) values (NULL, 'java.io.StringReader@342fb3b5', 2165);
2022-10-10 13:48:04.612  INFO 3923 --- [    Test worker] p6spy                                    : #1665377284612 | took 0ms | statement | connection 25| url jdbc:h2:mem:6a3784ae-1aa6-4bbf-b617-4d4aeabcc2af
insert into picture (spot_id, url, picture_id) values (?, ?, ?)
insert into picture (spot_id, url, picture_id) values (NULL, 'java.io.StringReader@7046a503', 2166);
2022-10-10 13:48:04.612  INFO 3923 --- [    Test worker] p6spy                                    : #1665377284612 | took 0ms | statement | connection 25| url jdbc:h2:mem:6a3784ae-1aa6-4bbf-b617-4d4aeabcc2af
insert into picture (spot_id, url, picture_id) values (?, ?, ?)
insert into picture (spot_id, url, picture_id) values (NULL, 'java.io.StringReader@300b752f', 2167);
2022-10-10 13:48:04.612  INFO 3923 --- [    Test worker] p6spy                                    : #1665377284612 | took 0ms | statement | connection 25| url jdbc:h2:mem:6a3784ae-1aa6-4bbf-b617-4d4aeabcc2af
insert into spot (address, description, location, name, score_id, spot_id) values (?, ?, ?, ?, ?, ?)
insert into spot (address, description, location, name, score_id, spot_id) values (NULL, NULL, 'Aewol_eup', NULL, 528, 594);
2022-10-10 13:48:04.613  INFO 3923 --- [    Test worker] p6spy                                    : #1665377284613 | took 0ms | statement | connection 25| url jdbc:h2:mem:6a3784ae-1aa6-4bbf-b617-4d4aeabcc2af
insert into member_spot (member_id, score, spot_id, member_spot_id) values (?, ?, ?, ?)
insert into member_spot (member_id, score, spot_id, member_spot_id) values (19, 0.0, 594, 2168);
2022-10-10 13:48:04.613  INFO 3923 --- [    Test worker] p6spy                                    : #1665377284613 | took 0ms | statement | connection 25| url jdbc:h2:mem:6a3784ae-1aa6-4bbf-b617-4d4aeabcc2af
insert into review (content, spot_id, review_id) values (?, ?, ?)
insert into review (content, spot_id, review_id) values ('java.io.StringReader@17726998', 569, 530);
2022-10-10 13:48:04.613  INFO 3923 --- [    Test worker] p6spy                                    : #1665377284613 | took 0ms | statement | connection 25| url jdbc:h2:mem:6a3784ae-1aa6-4bbf-b617-4d4aeabcc2af
insert into score (facility_rank, facility_score, price_rank, price_score, rank_average, surround_rank, surround_score, view_rank, view_score, score_id) values (?, ?, ?, ?, ?, ?, ?, ?, ?, ?)
insert into score (facility_rank, facility_score, price_rank, price_score, rank_average, surround_rank, surround_score, view_rank, view_score, score_id) values (4.55607387959504, 9.24640562593591, 2.612992989059195, 4.544029609327919, 4.488041242827042, 2.4224382855509496, 3.901690839446018, 6.386658560335448, 6.485851104595012, 529);
2022-10-10 13:48:04.613  INFO 3923 --- [    Test worker] p6spy                                    : #1665377284613 | took 0ms | statement | connection 25| url jdbc:h2:mem:6a3784ae-1aa6-4bbf-b617-4d4aeabcc2af
insert into picture (spot_id, url, picture_id) values (?, ?, ?)
insert into picture (spot_id, url, picture_id) values (NULL, 'java.io.StringReader@47fca3ca', 2169);
2022-10-10 13:48:04.613  INFO 3923 --- [    Test worker] p6spy                                    : #1665377284613 | took 0ms | statement | connection 25| url jdbc:h2:mem:6a3784ae-1aa6-4bbf-b617-4d4aeabcc2af
insert into picture (spot_id, url, picture_id) values (?, ?, ?)
insert into picture (spot_id, url, picture_id) values (NULL, 'java.io.StringReader@25b0eccd', 2170);
2022-10-10 13:48:04.613  INFO 3923 --- [    Test worker] p6spy                                    : #1665377284613 | took 0ms | statement | connection 25| url jdbc:h2:mem:6a3784ae-1aa6-4bbf-b617-4d4aeabcc2af
insert into picture (spot_id, url, picture_id) values (?, ?, ?)
insert into picture (spot_id, url, picture_id) values (NULL, 'java.io.StringReader@7e326bf2', 2171);
2022-10-10 13:48:04.613  INFO 3923 --- [    Test worker] p6spy                                    : #1665377284613 | took 0ms | statement | connection 25| url jdbc:h2:mem:6a3784ae-1aa6-4bbf-b617-4d4aeabcc2af
insert into spot (address, description, location, name, score_id, spot_id) values (?, ?, ?, ?, ?, ?)
insert into spot (address, description, location, name, score_id, spot_id) values (NULL, NULL, 'Aewol_eup', NULL, 529, 595);
2022-10-10 13:48:04.613  INFO 3923 --- [    Test worker] p6spy                                    : #1665377284613 | took 0ms | statement | connection 25| url jdbc:h2:mem:6a3784ae-1aa6-4bbf-b617-4d4aeabcc2af
insert into member_spot (member_id, score, spot_id, member_spot_id) values (?, ?, ?, ?)
insert into member_spot (member_id, score, spot_id, member_spot_id) values (19, 0.0, 595, 2172);
2022-10-10 13:48:04.613  INFO 3923 --- [    Test worker] p6spy                                    : #1665377284613 | took 0ms | statement | connection 25| url jdbc:h2:mem:6a3784ae-1aa6-4bbf-b617-4d4aeabcc2af
insert into review (content, spot_id, review_id) values (?, ?, ?)
insert into review (content, spot_id, review_id) values ('java.io.StringReader@7f8ac326', 569, 531);
2022-10-10 13:48:04.613  INFO 3923 --- [    Test worker] p6spy                                    : #1665377284613 | took 0ms | statement | connection 25| url jdbc:h2:mem:6a3784ae-1aa6-4bbf-b617-4d4aeabcc2af
insert into favorite_spot (count, favorite_id, spot_id, favorite_spot_id) values (?, ?, ?, ?)
insert into favorite_spot (count, favorite_id, spot_id, favorite_spot_id) values (0, 39, 595, 434);
2022-10-10 13:48:04.613  INFO 3923 --- [    Test worker] p6spy                                    : #1665377284613 | took 0ms | statement | connection 25| url jdbc:h2:mem:6a3784ae-1aa6-4bbf-b617-4d4aeabcc2af
insert into score (facility_rank, facility_score, price_rank, price_score, rank_average, surround_rank, surround_score, view_rank, view_score, score_id) values (?, ?, ?, ?, ?, ?, ?, ?, ?, ?)
insert into score (facility_rank, facility_score, price_rank, price_score, rank_average, surround_rank, surround_score, view_rank, view_score, score_id) values (1.4114880463030954, 6.034580726440021, 6.283923070099481, 5.546680970739106, 1.649269954299376, 8.793841458407638, 2.303309840761739, 5.875029118483893, 2.328464409085359, 530);
2022-10-10 13:48:04.613  INFO 3923 --- [    Test worker] p6spy                                    : #1665377284613 | took 0ms | statement | connection 25| url jdbc:h2:mem:6a3784ae-1aa6-4bbf-b617-4d4aeabcc2af
insert into picture (spot_id, url, picture_id) values (?, ?, ?)
insert into picture (spot_id, url, picture_id) values (NULL, 'java.io.StringReader@269d8be5', 2173);
2022-10-10 13:48:04.613  INFO 3923 --- [    Test worker] p6spy                                    : #1665377284613 | took 0ms | statement | connection 25| url jdbc:h2:mem:6a3784ae-1aa6-4bbf-b617-4d4aeabcc2af
insert into picture (spot_id, url, picture_id) values (?, ?, ?)
insert into picture (spot_id, url, picture_id) values (NULL, 'java.io.StringReader@1a9d9c42', 2174);
2022-10-10 13:48:04.613  INFO 3923 --- [    Test worker] p6spy                                    : #1665377284613 | took 0ms | statement | connection 25| url jdbc:h2:mem:6a3784ae-1aa6-4bbf-b617-4d4aeabcc2af
insert into picture (spot_id, url, picture_id) values (?, ?, ?)
insert into picture (spot_id, url, picture_id) values (NULL, 'java.io.StringReader@5a379105', 2175);
2022-10-10 13:48:04.613  INFO 3923 --- [    Test worker] p6spy                                    : #1665377284613 | took 0ms | statement | connection 25| url jdbc:h2:mem:6a3784ae-1aa6-4bbf-b617-4d4aeabcc2af
insert into spot (address, description, location, name, score_id, spot_id) values (?, ?, ?, ?, ?, ?)
insert into spot (address, description, location, name, score_id, spot_id) values (NULL, NULL, 'Aewol_eup', NULL, 530, 596);
2022-10-10 13:48:04.613  INFO 3923 --- [    Test worker] p6spy                                    : #1665377284613 | took 0ms | statement | connection 25| url jdbc:h2:mem:6a3784ae-1aa6-4bbf-b617-4d4aeabcc2af
insert into member_spot (member_id, score, spot_id, member_spot_id) values (?, ?, ?, ?)
insert into member_spot (member_id, score, spot_id, member_spot_id) values (19, 0.0, 596, 2176);
2022-10-10 13:48:04.613  INFO 3923 --- [    Test worker] p6spy                                    : #1665377284613 | took 0ms | statement | connection 25| url jdbc:h2:mem:6a3784ae-1aa6-4bbf-b617-4d4aeabcc2af
insert into review (content, spot_id, review_id) values (?, ?, ?)
insert into review (content, spot_id, review_id) values ('java.io.StringReader@f5d7f87', 569, 532);
2022-10-10 13:48:04.613  INFO 3923 --- [    Test worker] p6spy                                    : #1665377284613 | took 0ms | statement | connection 25| url jdbc:h2:mem:6a3784ae-1aa6-4bbf-b617-4d4aeabcc2af
insert into score (facility_rank, facility_score, price_rank, price_score, rank_average, surround_rank, surround_score, view_rank, view_score, score_id) values (?, ?, ?, ?, ?, ?, ?, ?, ?, ?)
insert into score (facility_rank, facility_score, price_rank, price_score, rank_average, surround_rank, surround_score, view_rank, view_score, score_id) values (6.138979224114066, 6.812348003909649, 1.7040976050779744, 7.958242119626993, 9.804994575099661, 2.7669072959349474, 4.140989638621143, 1.724957798449307, 4.53060917807504, 531);
2022-10-10 13:48:04.613  INFO 3923 --- [    Test worker] p6spy                                    : #1665377284613 | took 0ms | statement | connection 25| url jdbc:h2:mem:6a3784ae-1aa6-4bbf-b617-4d4aeabcc2af
insert into picture (spot_id, url, picture_id) values (?, ?, ?)
insert into picture (spot_id, url, picture_id) values (NULL, 'java.io.StringReader@303a8f98', 2177);
2022-10-10 13:48:04.613  INFO 3923 --- [    Test worker] p6spy                                    : #1665377284613 | took 0ms | statement | connection 25| url jdbc:h2:mem:6a3784ae-1aa6-4bbf-b617-4d4aeabcc2af
insert into picture (spot_id, url, picture_id) values (?, ?, ?)
insert into picture (spot_id, url, picture_id) values (NULL, 'java.io.StringReader@2e43e47b', 2178);
2022-10-10 13:48:04.613  INFO 3923 --- [    Test worker] p6spy                                    : #1665377284613 | took 0ms | statement | connection 25| url jdbc:h2:mem:6a3784ae-1aa6-4bbf-b617-4d4aeabcc2af
insert into picture (spot_id, url, picture_id) values (?, ?, ?)
insert into picture (spot_id, url, picture_id) values (NULL, 'java.io.StringReader@7c60968', 2179);
2022-10-10 13:48:04.613  INFO 3923 --- [    Test worker] p6spy                                    : #1665377284613 | took 0ms | statement | connection 25| url jdbc:h2:mem:6a3784ae-1aa6-4bbf-b617-4d4aeabcc2af
insert into spot (address, description, location, name, score_id, spot_id) values (?, ?, ?, ?, ?, ?)
insert into spot (address, description, location, name, score_id, spot_id) values (NULL, NULL, 'Aewol_eup', NULL, 531, 597);
2022-10-10 13:48:04.613  INFO 3923 --- [    Test worker] p6spy                                    : #1665377284613 | took 0ms | statement | connection 25| url jdbc:h2:mem:6a3784ae-1aa6-4bbf-b617-4d4aeabcc2af
insert into member_spot (member_id, score, spot_id, member_spot_id) values (?, ?, ?, ?)
insert into member_spot (member_id, score, spot_id, member_spot_id) values (19, 0.0, 597, 2180);
2022-10-10 13:48:04.613  INFO 3923 --- [    Test worker] p6spy                                    : #1665377284613 | took 0ms | statement | connection 25| url jdbc:h2:mem:6a3784ae-1aa6-4bbf-b617-4d4aeabcc2af
insert into review (content, spot_id, review_id) values (?, ?, ?)
insert into review (content, spot_id, review_id) values ('java.io.StringReader@45095504', 569, 533);
2022-10-10 13:48:04.613  INFO 3923 --- [    Test worker] p6spy                                    : #1665377284613 | took 0ms | statement | connection 25| url jdbc:h2:mem:6a3784ae-1aa6-4bbf-b617-4d4aeabcc2af
insert into favorite_spot (count, favorite_id, spot_id, favorite_spot_id) values (?, ?, ?, ?)
insert into favorite_spot (count, favorite_id, spot_id, favorite_spot_id) values (0, 39, 597, 435);
2022-10-10 13:48:04.613  INFO 3923 --- [    Test worker] p6spy                                    : #1665377284613 | took 0ms | statement | connection 25| url jdbc:h2:mem:6a3784ae-1aa6-4bbf-b617-4d4aeabcc2af
insert into score (facility_rank, facility_score, price_rank, price_score, rank_average, surround_rank, surround_score, view_rank, view_score, score_id) values (?, ?, ?, ?, ?, ?, ?, ?, ?, ?)
insert into score (facility_rank, facility_score, price_rank, price_score, rank_average, surround_rank, surround_score, view_rank, view_score, score_id) values (4.526304917129726, 8.979207371150272, 7.940438259891289, 0.4769917975216531, 3.9058643190533004, 9.620462850392112, 8.820869076490201, 6.358695395035192, 1.9776125716970083, 532);
2022-10-10 13:48:04.613  INFO 3923 --- [    Test worker] p6spy                                    : #1665377284613 | took 0ms | statement | connection 25| url jdbc:h2:mem:6a3784ae-1aa6-4bbf-b617-4d4aeabcc2af
insert into picture (spot_id, url, picture_id) values (?, ?, ?)
insert into picture (spot_id, url, picture_id) values (NULL, 'java.io.StringReader@78d10f9f', 2181);
2022-10-10 13:48:04.613  INFO 3923 --- [    Test worker] p6spy                                    : #1665377284613 | took 0ms | statement | connection 25| url jdbc:h2:mem:6a3784ae-1aa6-4bbf-b617-4d4aeabcc2af
insert into picture (spot_id, url, picture_id) values (?, ?, ?)
insert into picture (spot_id, url, picture_id) values (NULL, 'java.io.StringReader@571bedc2', 2182);
2022-10-10 13:48:04.614  INFO 3923 --- [    Test worker] p6spy                                    : #1665377284614 | took 0ms | statement | connection 25| url jdbc:h2:mem:6a3784ae-1aa6-4bbf-b617-4d4aeabcc2af
insert into picture (spot_id, url, picture_id) values (?, ?, ?)
insert into picture (spot_id, url, picture_id) values (NULL, 'java.io.StringReader@66ca59cb', 2183);
2022-10-10 13:48:04.614  INFO 3923 --- [    Test worker] p6spy                                    : #1665377284614 | took 0ms | statement | connection 25| url jdbc:h2:mem:6a3784ae-1aa6-4bbf-b617-4d4aeabcc2af
insert into spot (address, description, location, name, score_id, spot_id) values (?, ?, ?, ?, ?, ?)
insert into spot (address, description, location, name, score_id, spot_id) values (NULL, NULL, 'Aewol_eup', NULL, 532, 598);
2022-10-10 13:48:04.614  INFO 3923 --- [    Test worker] p6spy                                    : #1665377284614 | took 0ms | statement | connection 25| url jdbc:h2:mem:6a3784ae-1aa6-4bbf-b617-4d4aeabcc2af
insert into member_spot (member_id, score, spot_id, member_spot_id) values (?, ?, ?, ?)
insert into member_spot (member_id, score, spot_id, member_spot_id) values (19, 0.0, 598, 2184);
2022-10-10 13:48:04.614  INFO 3923 --- [    Test worker] p6spy                                    : #1665377284614 | took 0ms | statement | connection 25| url jdbc:h2:mem:6a3784ae-1aa6-4bbf-b617-4d4aeabcc2af
insert into review (content, spot_id, review_id) values (?, ?, ?)
insert into review (content, spot_id, review_id) values ('java.io.StringReader@72781250', 569, 534);
2022-10-10 13:48:04.614  INFO 3923 --- [    Test worker] p6spy                                    : #1665377284614 | took 0ms | statement | connection 25| url jdbc:h2:mem:6a3784ae-1aa6-4bbf-b617-4d4aeabcc2af
insert into score (facility_rank, facility_score, price_rank, price_score, rank_average, surround_rank, surround_score, view_rank, view_score, score_id) values (?, ?, ?, ?, ?, ?, ?, ?, ?, ?)
insert into score (facility_rank, facility_score, price_rank, price_score, rank_average, surround_rank, surround_score, view_rank, view_score, score_id) values (8.753624534555565, 0.11708279104897246, 5.28144530997597, 2.2997657249717465, 3.4191363872343707, 5.041065920662922, 9.589133313239792, 4.8214117607935645, 1.869117884232937, 533);
2022-10-10 13:48:04.614  INFO 3923 --- [    Test worker] p6spy                                    : #1665377284614 | took 0ms | statement | connection 25| url jdbc:h2:mem:6a3784ae-1aa6-4bbf-b617-4d4aeabcc2af
insert into picture (spot_id, url, picture_id) values (?, ?, ?)
insert into picture (spot_id, url, picture_id) values (NULL, 'java.io.StringReader@6b15adce', 2185);
2022-10-10 13:48:04.614  INFO 3923 --- [    Test worker] p6spy                                    : #1665377284614 | took 0ms | statement | connection 25| url jdbc:h2:mem:6a3784ae-1aa6-4bbf-b617-4d4aeabcc2af
insert into picture (spot_id, url, picture_id) values (?, ?, ?)
insert into picture (spot_id, url, picture_id) values (NULL, 'java.io.StringReader@71080bc9', 2186);
2022-10-10 13:48:04.614  INFO 3923 --- [    Test worker] p6spy                                    : #1665377284614 | took 0ms | statement | connection 25| url jdbc:h2:mem:6a3784ae-1aa6-4bbf-b617-4d4aeabcc2af
insert into picture (spot_id, url, picture_id) values (?, ?, ?)
insert into picture (spot_id, url, picture_id) values (NULL, 'java.io.StringReader@a47d7a', 2187);
2022-10-10 13:48:04.614  INFO 3923 --- [    Test worker] p6spy                                    : #1665377284614 | took 0ms | statement | connection 25| url jdbc:h2:mem:6a3784ae-1aa6-4bbf-b617-4d4aeabcc2af
insert into spot (address, description, location, name, score_id, spot_id) values (?, ?, ?, ?, ?, ?)
insert into spot (address, description, location, name, score_id, spot_id) values (NULL, NULL, 'Aewol_eup', NULL, 533, 599);
2022-10-10 13:48:04.614  INFO 3923 --- [    Test worker] p6spy                                    : #1665377284614 | took 0ms | statement | connection 25| url jdbc:h2:mem:6a3784ae-1aa6-4bbf-b617-4d4aeabcc2af
insert into member_spot (member_id, score, spot_id, member_spot_id) values (?, ?, ?, ?)
insert into member_spot (member_id, score, spot_id, member_spot_id) values (19, 0.0, 599, 2188);
2022-10-10 13:48:04.614  INFO 3923 --- [    Test worker] p6spy                                    : #1665377284614 | took 0ms | statement | connection 25| url jdbc:h2:mem:6a3784ae-1aa6-4bbf-b617-4d4aeabcc2af
insert into review (content, spot_id, review_id) values (?, ?, ?)
insert into review (content, spot_id, review_id) values ('java.io.StringReader@a1ad17d', 569, 535);
2022-10-10 13:48:04.614  INFO 3923 --- [    Test worker] p6spy                                    : #1665377284614 | took 0ms | statement | connection 25| url jdbc:h2:mem:6a3784ae-1aa6-4bbf-b617-4d4aeabcc2af
insert into favorite_spot (count, favorite_id, spot_id, favorite_spot_id) values (?, ?, ?, ?)
insert into favorite_spot (count, favorite_id, spot_id, favorite_spot_id) values (0, 39, 599, 436);
2022-10-10 13:48:04.614  INFO 3923 --- [    Test worker] p6spy                                    : #1665377284614 | took 0ms | statement | connection 25| url jdbc:h2:mem:6a3784ae-1aa6-4bbf-b617-4d4aeabcc2af
insert into score (facility_rank, facility_score, price_rank, price_score, rank_average, surround_rank, surround_score, view_rank, view_score, score_id) values (?, ?, ?, ?, ?, ?, ?, ?, ?, ?)
insert into score (facility_rank, facility_score, price_rank, price_score, rank_average, surround_rank, surround_score, view_rank, view_score, score_id) values (4.801551858629759, 4.073063878930744, 8.409022388171044, 4.820875951533492, 9.892288123403732, 7.094493974575467, 0.9008694552519059, 8.321957684403234, 9.610177726258192, 534);
2022-10-10 13:48:04.614  INFO 3923 --- [    Test worker] p6spy                                    : #1665377284614 | took 0ms | statement | connection 25| url jdbc:h2:mem:6a3784ae-1aa6-4bbf-b617-4d4aeabcc2af
insert into picture (spot_id, url, picture_id) values (?, ?, ?)
insert into picture (spot_id, url, picture_id) values (NULL, 'java.io.StringReader@778cfdfc', 2189);
2022-10-10 13:48:04.614  INFO 3923 --- [    Test worker] p6spy                                    : #1665377284614 | took 0ms | statement | connection 25| url jdbc:h2:mem:6a3784ae-1aa6-4bbf-b617-4d4aeabcc2af
insert into picture (spot_id, url, picture_id) values (?, ?, ?)
insert into picture (spot_id, url, picture_id) values (NULL, 'java.io.StringReader@5968b08c', 2190);
2022-10-10 13:48:04.614  INFO 3923 --- [    Test worker] p6spy                                    : #1665377284614 | took 0ms | statement | connection 25| url jdbc:h2:mem:6a3784ae-1aa6-4bbf-b617-4d4aeabcc2af
insert into picture (spot_id, url, picture_id) values (?, ?, ?)
insert into picture (spot_id, url, picture_id) values (NULL, 'java.io.StringReader@1f1673bf', 2191);
2022-10-10 13:48:04.614  INFO 3923 --- [    Test worker] p6spy                                    : #1665377284614 | took 0ms | statement | connection 25| url jdbc:h2:mem:6a3784ae-1aa6-4bbf-b617-4d4aeabcc2af
insert into spot (address, description, location, name, score_id, spot_id) values (?, ?, ?, ?, ?, ?)
insert into spot (address, description, location, name, score_id, spot_id) values (NULL, NULL, 'Aewol_eup', NULL, 534, 600);
2022-10-10 13:48:04.614  INFO 3923 --- [    Test worker] p6spy                                    : #1665377284614 | took 0ms | statement | connection 25| url jdbc:h2:mem:6a3784ae-1aa6-4bbf-b617-4d4aeabcc2af
insert into member_spot (member_id, score, spot_id, member_spot_id) values (?, ?, ?, ?)
insert into member_spot (member_id, score, spot_id, member_spot_id) values (19, 0.0, 600, 2192);
2022-10-10 13:48:04.614  INFO 3923 --- [    Test worker] p6spy                                    : #1665377284614 | took 0ms | statement | connection 25| url jdbc:h2:mem:6a3784ae-1aa6-4bbf-b617-4d4aeabcc2af
insert into review (content, spot_id, review_id) values (?, ?, ?)
insert into review (content, spot_id, review_id) values ('java.io.StringReader@7cf48984', 569, 536);
2022-10-10 13:48:04.614  INFO 3923 --- [    Test worker] p6spy                                    : #1665377284614 | took 0ms | statement | connection 25| url jdbc:h2:mem:6a3784ae-1aa6-4bbf-b617-4d4aeabcc2af
insert into score (facility_rank, facility_score, price_rank, price_score, rank_average, surround_rank, surround_score, view_rank, view_score, score_id) values (?, ?, ?, ?, ?, ?, ?, ?, ?, ?)
insert into score (facility_rank, facility_score, price_rank, price_score, rank_average, surround_rank, surround_score, view_rank, view_score, score_id) values (9.144566479179689, 3.879059066723639, 2.84234002799895, 7.462112455741108, 2.1266433429286566, 0.36635696235705284, 1.8169838469445443, 0.9573863150837014, 2.9296721001464965, 535);
2022-10-10 13:48:04.614  INFO 3923 --- [    Test worker] p6spy                                    : #1665377284614 | took 0ms | statement | connection 25| url jdbc:h2:mem:6a3784ae-1aa6-4bbf-b617-4d4aeabcc2af
insert into picture (spot_id, url, picture_id) values (?, ?, ?)
insert into picture (spot_id, url, picture_id) values (NULL, 'java.io.StringReader@5f5a3abf', 2193);
2022-10-10 13:48:04.614  INFO 3923 --- [    Test worker] p6spy                                    : #1665377284614 | took 0ms | statement | connection 25| url jdbc:h2:mem:6a3784ae-1aa6-4bbf-b617-4d4aeabcc2af
insert into picture (spot_id, url, picture_id) values (?, ?, ?)
insert into picture (spot_id, url, picture_id) values (NULL, 'java.io.StringReader@78192abf', 2194);
2022-10-10 13:48:04.614  INFO 3923 --- [    Test worker] p6spy                                    : #1665377284614 | took 0ms | statement | connection 25| url jdbc:h2:mem:6a3784ae-1aa6-4bbf-b617-4d4aeabcc2af
insert into picture (spot_id, url, picture_id) values (?, ?, ?)
insert into picture (spot_id, url, picture_id) values (NULL, 'java.io.StringReader@74e1614d', 2195);
2022-10-10 13:48:04.614  INFO 3923 --- [    Test worker] p6spy                                    : #1665377284614 | took 0ms | statement | connection 25| url jdbc:h2:mem:6a3784ae-1aa6-4bbf-b617-4d4aeabcc2af
insert into spot (address, description, location, name, score_id, spot_id) values (?, ?, ?, ?, ?, ?)
insert into spot (address, description, location, name, score_id, spot_id) values (NULL, NULL, 'Aewol_eup', NULL, 535, 601);
2022-10-10 13:48:04.614  INFO 3923 --- [    Test worker] p6spy                                    : #1665377284614 | took 0ms | statement | connection 25| url jdbc:h2:mem:6a3784ae-1aa6-4bbf-b617-4d4aeabcc2af
insert into member_spot (member_id, score, spot_id, member_spot_id) values (?, ?, ?, ?)
insert into member_spot (member_id, score, spot_id, member_spot_id) values (19, 0.0, 601, 2196);
2022-10-10 13:48:04.614  INFO 3923 --- [    Test worker] p6spy                                    : #1665377284614 | took 0ms | statement | connection 25| url jdbc:h2:mem:6a3784ae-1aa6-4bbf-b617-4d4aeabcc2af
insert into review (content, spot_id, review_id) values (?, ?, ?)
insert into review (content, spot_id, review_id) values ('java.io.StringReader@448f3fac', 569, 537);
2022-10-10 13:48:04.614  INFO 3923 --- [    Test worker] p6spy                                    : #1665377284614 | took 0ms | statement | connection 25| url jdbc:h2:mem:6a3784ae-1aa6-4bbf-b617-4d4aeabcc2af
insert into favorite_spot (count, favorite_id, spot_id, favorite_spot_id) values (?, ?, ?, ?)
insert into favorite_spot (count, favorite_id, spot_id, favorite_spot_id) values (0, 39, 601, 437);
2022-10-10 13:48:04.614  INFO 3923 --- [    Test worker] p6spy                                    : #1665377284614 | took 0ms | statement | connection 25| url jdbc:h2:mem:6a3784ae-1aa6-4bbf-b617-4d4aeabcc2af
insert into score (facility_rank, facility_score, price_rank, price_score, rank_average, surround_rank, surround_score, view_rank, view_score, score_id) values (?, ?, ?, ?, ?, ?, ?, ?, ?, ?)
insert into score (facility_rank, facility_score, price_rank, price_score, rank_average, surround_rank, surround_score, view_rank, view_score, score_id) values (8.20418218222169, 6.286966307241174, 5.529742868958123, 4.691341261002815, 2.9063615313165245, 0.4749131846342669, 7.237460280041342, 4.382225253661093, 4.387595653431733, 536);
2022-10-10 13:48:04.614  INFO 3923 --- [    Test worker] p6spy                                    : #1665377284614 | took 0ms | statement | connection 25| url jdbc:h2:mem:6a3784ae-1aa6-4bbf-b617-4d4aeabcc2af
insert into picture (spot_id, url, picture_id) values (?, ?, ?)
insert into picture (spot_id, url, picture_id) values (NULL, 'java.io.StringReader@4dd81e40', 2197);
2022-10-10 13:48:04.614  INFO 3923 --- [    Test worker] p6spy                                    : #1665377284614 | took 0ms | statement | connection 25| url jdbc:h2:mem:6a3784ae-1aa6-4bbf-b617-4d4aeabcc2af
insert into picture (spot_id, url, picture_id) values (?, ?, ?)
insert into picture (spot_id, url, picture_id) values (NULL, 'java.io.StringReader@62d84afb', 2198);
2022-10-10 13:48:04.614  INFO 3923 --- [    Test worker] p6spy                                    : #1665377284614 | took 0ms | statement | connection 25| url jdbc:h2:mem:6a3784ae-1aa6-4bbf-b617-4d4aeabcc2af
insert into picture (spot_id, url, picture_id) values (?, ?, ?)
insert into picture (spot_id, url, picture_id) values (NULL, 'java.io.StringReader@6ecfd7ed', 2199);
2022-10-10 13:48:04.614  INFO 3923 --- [    Test worker] p6spy                                    : #1665377284614 | took 0ms | statement | connection 25| url jdbc:h2:mem:6a3784ae-1aa6-4bbf-b617-4d4aeabcc2af
insert into spot (address, description, location, name, score_id, spot_id) values (?, ?, ?, ?, ?, ?)
insert into spot (address, description, location, name, score_id, spot_id) values (NULL, NULL, 'Aewol_eup', NULL, 536, 602);
2022-10-10 13:48:04.614  INFO 3923 --- [    Test worker] p6spy                                    : #1665377284614 | took 0ms | statement | connection 25| url jdbc:h2:mem:6a3784ae-1aa6-4bbf-b617-4d4aeabcc2af
insert into member_spot (member_id, score, spot_id, member_spot_id) values (?, ?, ?, ?)
insert into member_spot (member_id, score, spot_id, member_spot_id) values (19, 0.0, 602, 2200);
2022-10-10 13:48:04.614  INFO 3923 --- [    Test worker] p6spy                                    : #1665377284614 | took 0ms | statement | connection 25| url jdbc:h2:mem:6a3784ae-1aa6-4bbf-b617-4d4aeabcc2af
insert into review (content, spot_id, review_id) values (?, ?, ?)
insert into review (content, spot_id, review_id) values ('java.io.StringReader@1c4a4bd0', 569, 538);
2022-10-10 13:48:04.614  INFO 3923 --- [    Test worker] p6spy                                    : #1665377284614 | took 0ms | statement | connection 25| url jdbc:h2:mem:6a3784ae-1aa6-4bbf-b617-4d4aeabcc2af
insert into score (facility_rank, facility_score, price_rank, price_score, rank_average, surround_rank, surround_score, view_rank, view_score, score_id) values (?, ?, ?, ?, ?, ?, ?, ?, ?, ?)
insert into score (facility_rank, facility_score, price_rank, price_score, rank_average, surround_rank, surround_score, view_rank, view_score, score_id) values (7.146410515923317, 7.204034415566191, 8.54490490733976, 7.867979204337247, 6.844828810103792, 5.062092791459362, 0.7996297169975708, 8.90942946287528, 1.7498734485874623, 537);
2022-10-10 13:48:04.614  INFO 3923 --- [    Test worker] p6spy                                    : #1665377284614 | took 0ms | statement | connection 25| url jdbc:h2:mem:6a3784ae-1aa6-4bbf-b617-4d4aeabcc2af
insert into picture (spot_id, url, picture_id) values (?, ?, ?)
insert into picture (spot_id, url, picture_id) values (NULL, 'java.io.StringReader@6fccae3e', 2201);
2022-10-10 13:48:04.614  INFO 3923 --- [    Test worker] p6spy                                    : #1665377284614 | took 0ms | statement | connection 25| url jdbc:h2:mem:6a3784ae-1aa6-4bbf-b617-4d4aeabcc2af
insert into picture (spot_id, url, picture_id) values (?, ?, ?)
insert into picture (spot_id, url, picture_id) values (NULL, 'java.io.StringReader@76ad8b83', 2202);
2022-10-10 13:48:04.614  INFO 3923 --- [    Test worker] p6spy                                    : #1665377284614 | took 0ms | statement | connection 25| url jdbc:h2:mem:6a3784ae-1aa6-4bbf-b617-4d4aeabcc2af
insert into picture (spot_id, url, picture_id) values (?, ?, ?)
insert into picture (spot_id, url, picture_id) values (NULL, 'java.io.StringReader@cd86a35', 2203);
2022-10-10 13:48:04.614  INFO 3923 --- [    Test worker] p6spy                                    : #1665377284614 | took 0ms | statement | connection 25| url jdbc:h2:mem:6a3784ae-1aa6-4bbf-b617-4d4aeabcc2af
insert into spot (address, description, location, name, score_id, spot_id) values (?, ?, ?, ?, ?, ?)
insert into spot (address, description, location, name, score_id, spot_id) values (NULL, NULL, 'Aewol_eup', NULL, 537, 603);
2022-10-10 13:48:04.614  INFO 3923 --- [    Test worker] p6spy                                    : #1665377284614 | took 0ms | statement | connection 25| url jdbc:h2:mem:6a3784ae-1aa6-4bbf-b617-4d4aeabcc2af
insert into member_spot (member_id, score, spot_id, member_spot_id) values (?, ?, ?, ?)
insert into member_spot (member_id, score, spot_id, member_spot_id) values (19, 0.0, 603, 2204);
2022-10-10 13:48:04.615  INFO 3923 --- [    Test worker] p6spy                                    : #1665377284615 | took 0ms | statement | connection 25| url jdbc:h2:mem:6a3784ae-1aa6-4bbf-b617-4d4aeabcc2af
insert into review (content, spot_id, review_id) values (?, ?, ?)
insert into review (content, spot_id, review_id) values ('java.io.StringReader@167b27db', 569, 539);
2022-10-10 13:48:04.615  INFO 3923 --- [    Test worker] p6spy                                    : #1665377284615 | took 0ms | statement | connection 25| url jdbc:h2:mem:6a3784ae-1aa6-4bbf-b617-4d4aeabcc2af
insert into favorite_spot (count, favorite_id, spot_id, favorite_spot_id) values (?, ?, ?, ?)
insert into favorite_spot (count, favorite_id, spot_id, favorite_spot_id) values (0, 39, 603, 438);
2022-10-10 13:48:04.615  INFO 3923 --- [    Test worker] p6spy                                    : #1665377284615 | took 0ms | statement | connection 25| url jdbc:h2:mem:6a3784ae-1aa6-4bbf-b617-4d4aeabcc2af
insert into score (facility_rank, facility_score, price_rank, price_score, rank_average, surround_rank, surround_score, view_rank, view_score, score_id) values (?, ?, ?, ?, ?, ?, ?, ?, ?, ?)
insert into score (facility_rank, facility_score, price_rank, price_score, rank_average, surround_rank, surround_score, view_rank, view_score, score_id) values (1.145428642199876, 5.0730563740810455, 3.062309395724998, 1.2427890786910911, 3.9130554259959913, 0.05919316286612353, 5.575063378745314, 5.91238592439157, 0.2637978908278549, 538);
2022-10-10 13:48:04.615  INFO 3923 --- [    Test worker] p6spy                                    : #1665377284615 | took 0ms | statement | connection 25| url jdbc:h2:mem:6a3784ae-1aa6-4bbf-b617-4d4aeabcc2af
insert into picture (spot_id, url, picture_id) values (?, ?, ?)
insert into picture (spot_id, url, picture_id) values (NULL, 'java.io.StringReader@27e685a3', 2205);
2022-10-10 13:48:04.615  INFO 3923 --- [    Test worker] p6spy                                    : #1665377284615 | took 0ms | statement | connection 25| url jdbc:h2:mem:6a3784ae-1aa6-4bbf-b617-4d4aeabcc2af
insert into picture (spot_id, url, picture_id) values (?, ?, ?)
insert into picture (spot_id, url, picture_id) values (NULL, 'java.io.StringReader@36d97d00', 2206);
2022-10-10 13:48:04.615  INFO 3923 --- [    Test worker] p6spy                                    : #1665377284615 | took 0ms | statement | connection 25| url jdbc:h2:mem:6a3784ae-1aa6-4bbf-b617-4d4aeabcc2af
insert into picture (spot_id, url, picture_id) values (?, ?, ?)
insert into picture (spot_id, url, picture_id) values (NULL, 'java.io.StringReader@4e8afad6', 2207);
2022-10-10 13:48:04.615  INFO 3923 --- [    Test worker] p6spy                                    : #1665377284615 | took 0ms | statement | connection 25| url jdbc:h2:mem:6a3784ae-1aa6-4bbf-b617-4d4aeabcc2af
insert into spot (address, description, location, name, score_id, spot_id) values (?, ?, ?, ?, ?, ?)
insert into spot (address, description, location, name, score_id, spot_id) values (NULL, NULL, 'Aewol_eup', NULL, 538, 604);
2022-10-10 13:48:04.615  INFO 3923 --- [    Test worker] p6spy                                    : #1665377284615 | took 0ms | statement | connection 25| url jdbc:h2:mem:6a3784ae-1aa6-4bbf-b617-4d4aeabcc2af
insert into member_spot (member_id, score, spot_id, member_spot_id) values (?, ?, ?, ?)
insert into member_spot (member_id, score, spot_id, member_spot_id) values (19, 0.0, 604, 2208);
2022-10-10 13:48:04.615  INFO 3923 --- [    Test worker] p6spy                                    : #1665377284615 | took 0ms | statement | connection 25| url jdbc:h2:mem:6a3784ae-1aa6-4bbf-b617-4d4aeabcc2af
insert into review (content, spot_id, review_id) values (?, ?, ?)
insert into review (content, spot_id, review_id) values ('java.io.StringReader@503ed922', 569, 540);
2022-10-10 13:48:04.615  INFO 3923 --- [    Test worker] p6spy                                    : #1665377284615 | took 0ms | statement | connection 25| url jdbc:h2:mem:6a3784ae-1aa6-4bbf-b617-4d4aeabcc2af
insert into score (facility_rank, facility_score, price_rank, price_score, rank_average, surround_rank, surround_score, view_rank, view_score, score_id) values (?, ?, ?, ?, ?, ?, ?, ?, ?, ?)
insert into score (facility_rank, facility_score, price_rank, price_score, rank_average, surround_rank, surround_score, view_rank, view_score, score_id) values (1.8271409833203367, 9.057559887045167, 7.632342077094744, 1.2899551142412224, 1.8930889231690728, 4.8555897504189485, 0.0841793433826965, 7.7405821720538714, 6.849165387559087, 539);
2022-10-10 13:48:04.615  INFO 3923 --- [    Test worker] p6spy                                    : #1665377284615 | took 0ms | statement | connection 25| url jdbc:h2:mem:6a3784ae-1aa6-4bbf-b617-4d4aeabcc2af
insert into picture (spot_id, url, picture_id) values (?, ?, ?)
insert into picture (spot_id, url, picture_id) values (NULL, 'java.io.StringReader@68681c6c', 2209);
2022-10-10 13:48:04.615  INFO 3923 --- [    Test worker] p6spy                                    : #1665377284615 | took 0ms | statement | connection 25| url jdbc:h2:mem:6a3784ae-1aa6-4bbf-b617-4d4aeabcc2af
insert into picture (spot_id, url, picture_id) values (?, ?, ?)
insert into picture (spot_id, url, picture_id) values (NULL, 'java.io.StringReader@4fc523e4', 2210);
2022-10-10 13:48:04.615  INFO 3923 --- [    Test worker] p6spy                                    : #1665377284615 | took 0ms | statement | connection 25| url jdbc:h2:mem:6a3784ae-1aa6-4bbf-b617-4d4aeabcc2af
insert into picture (spot_id, url, picture_id) values (?, ?, ?)
insert into picture (spot_id, url, picture_id) values (NULL, 'java.io.StringReader@1aeb3f76', 2211);
2022-10-10 13:48:04.615  INFO 3923 --- [    Test worker] p6spy                                    : #1665377284615 | took 0ms | statement | connection 25| url jdbc:h2:mem:6a3784ae-1aa6-4bbf-b617-4d4aeabcc2af
insert into spot (address, description, location, name, score_id, spot_id) values (?, ?, ?, ?, ?, ?)
insert into spot (address, description, location, name, score_id, spot_id) values (NULL, NULL, 'Aewol_eup', NULL, 539, 605);
2022-10-10 13:48:04.615  INFO 3923 --- [    Test worker] p6spy                                    : #1665377284615 | took 0ms | statement | connection 25| url jdbc:h2:mem:6a3784ae-1aa6-4bbf-b617-4d4aeabcc2af
insert into member_spot (member_id, score, spot_id, member_spot_id) values (?, ?, ?, ?)
insert into member_spot (member_id, score, spot_id, member_spot_id) values (19, 0.0, 605, 2212);
2022-10-10 13:48:04.615  INFO 3923 --- [    Test worker] p6spy                                    : #1665377284615 | took 0ms | statement | connection 25| url jdbc:h2:mem:6a3784ae-1aa6-4bbf-b617-4d4aeabcc2af
insert into review (content, spot_id, review_id) values (?, ?, ?)
insert into review (content, spot_id, review_id) values ('java.io.StringReader@52286440', 569, 541);
2022-10-10 13:48:04.615  INFO 3923 --- [    Test worker] p6spy                                    : #1665377284615 | took 0ms | statement | connection 25| url jdbc:h2:mem:6a3784ae-1aa6-4bbf-b617-4d4aeabcc2af
insert into favorite_spot (count, favorite_id, spot_id, favorite_spot_id) values (?, ?, ?, ?)
insert into favorite_spot (count, favorite_id, spot_id, favorite_spot_id) values (0, 39, 605, 439);
2022-10-10 13:48:04.615  INFO 3923 --- [    Test worker] p6spy                                    : #1665377284615 | took 0ms | statement | connection 25| url jdbc:h2:mem:6a3784ae-1aa6-4bbf-b617-4d4aeabcc2af
insert into score (facility_rank, facility_score, price_rank, price_score, rank_average, surround_rank, surround_score, view_rank, view_score, score_id) values (?, ?, ?, ?, ?, ?, ?, ?, ?, ?)
insert into score (facility_rank, facility_score, price_rank, price_score, rank_average, surround_rank, surround_score, view_rank, view_score, score_id) values (8.681905280843353, 0.4365635171938498, 0.2636328407951649, 7.327488658452693, 2.961081182313662, 0.6885506875178238, 0.2683690105862635, 4.785324907135468, 7.744905621396415, 540);
2022-10-10 13:48:04.615  INFO 3923 --- [    Test worker] p6spy                                    : #1665377284615 | took 0ms | statement | connection 25| url jdbc:h2:mem:6a3784ae-1aa6-4bbf-b617-4d4aeabcc2af
insert into picture (spot_id, url, picture_id) values (?, ?, ?)
insert into picture (spot_id, url, picture_id) values (NULL, 'java.io.StringReader@51574c53', 2213);
2022-10-10 13:48:04.615  INFO 3923 --- [    Test worker] p6spy                                    : #1665377284615 | took 0ms | statement | connection 25| url jdbc:h2:mem:6a3784ae-1aa6-4bbf-b617-4d4aeabcc2af
insert into picture (spot_id, url, picture_id) values (?, ?, ?)
insert into picture (spot_id, url, picture_id) values (NULL, 'java.io.StringReader@17de104d', 2214);
2022-10-10 13:48:04.615  INFO 3923 --- [    Test worker] p6spy                                    : #1665377284615 | took 0ms | statement | connection 25| url jdbc:h2:mem:6a3784ae-1aa6-4bbf-b617-4d4aeabcc2af
insert into picture (spot_id, url, picture_id) values (?, ?, ?)
insert into picture (spot_id, url, picture_id) values (NULL, 'java.io.StringReader@51a59ee6', 2215);
2022-10-10 13:48:04.615  INFO 3923 --- [    Test worker] p6spy                                    : #1665377284615 | took 0ms | statement | connection 25| url jdbc:h2:mem:6a3784ae-1aa6-4bbf-b617-4d4aeabcc2af
insert into spot (address, description, location, name, score_id, spot_id) values (?, ?, ?, ?, ?, ?)
insert into spot (address, description, location, name, score_id, spot_id) values (NULL, NULL, 'Aewol_eup', NULL, 540, 606);
2022-10-10 13:48:04.615  INFO 3923 --- [    Test worker] p6spy                                    : #1665377284615 | took 0ms | statement | connection 25| url jdbc:h2:mem:6a3784ae-1aa6-4bbf-b617-4d4aeabcc2af
insert into member_spot (member_id, score, spot_id, member_spot_id) values (?, ?, ?, ?)
insert into member_spot (member_id, score, spot_id, member_spot_id) values (19, 0.0, 606, 2216);
2022-10-10 13:48:04.615  INFO 3923 --- [    Test worker] p6spy                                    : #1665377284615 | took 0ms | statement | connection 25| url jdbc:h2:mem:6a3784ae-1aa6-4bbf-b617-4d4aeabcc2af
insert into review (content, spot_id, review_id) values (?, ?, ?)
insert into review (content, spot_id, review_id) values ('java.io.StringReader@69462656', 569, 542);
2022-10-10 13:48:04.615  INFO 3923 --- [    Test worker] p6spy                                    : #1665377284615 | took 0ms | statement | connection 25| url jdbc:h2:mem:6a3784ae-1aa6-4bbf-b617-4d4aeabcc2af
insert into score (facility_rank, facility_score, price_rank, price_score, rank_average, surround_rank, surround_score, view_rank, view_score, score_id) values (?, ?, ?, ?, ?, ?, ?, ?, ?, ?)
insert into score (facility_rank, facility_score, price_rank, price_score, rank_average, surround_rank, surround_score, view_rank, view_score, score_id) values (6.975974101781999, 1.3005827875184617, 3.372170757944412, 1.5689634154481025, 5.5760630741115715, 5.177886078165858, 8.476987195000213, 3.9965322225950173, 8.202942682540368, 541);
2022-10-10 13:48:04.615  INFO 3923 --- [    Test worker] p6spy                                    : #1665377284615 | took 0ms | statement | connection 25| url jdbc:h2:mem:6a3784ae-1aa6-4bbf-b617-4d4aeabcc2af
insert into picture (spot_id, url, picture_id) values (?, ?, ?)
insert into picture (spot_id, url, picture_id) values (NULL, 'java.io.StringReader@1e6d6473', 2217);
2022-10-10 13:48:04.615  INFO 3923 --- [    Test worker] p6spy                                    : #1665377284615 | took 0ms | statement | connection 25| url jdbc:h2:mem:6a3784ae-1aa6-4bbf-b617-4d4aeabcc2af
insert into picture (spot_id, url, picture_id) values (?, ?, ?)
insert into picture (spot_id, url, picture_id) values (NULL, 'java.io.StringReader@2ba4f4fe', 2218);
2022-10-10 13:48:04.615  INFO 3923 --- [    Test worker] p6spy                                    : #1665377284615 | took 0ms | statement | connection 25| url jdbc:h2:mem:6a3784ae-1aa6-4bbf-b617-4d4aeabcc2af
insert into picture (spot_id, url, picture_id) values (?, ?, ?)
insert into picture (spot_id, url, picture_id) values (NULL, 'java.io.StringReader@2b90be6c', 2219);
2022-10-10 13:48:04.615  INFO 3923 --- [    Test worker] p6spy                                    : #1665377284615 | took 0ms | statement | connection 25| url jdbc:h2:mem:6a3784ae-1aa6-4bbf-b617-4d4aeabcc2af
insert into spot (address, description, location, name, score_id, spot_id) values (?, ?, ?, ?, ?, ?)
insert into spot (address, description, location, name, score_id, spot_id) values (NULL, NULL, 'Aewol_eup', NULL, 541, 607);
2022-10-10 13:48:04.615  INFO 3923 --- [    Test worker] p6spy                                    : #1665377284615 | took 0ms | statement | connection 25| url jdbc:h2:mem:6a3784ae-1aa6-4bbf-b617-4d4aeabcc2af
insert into member_spot (member_id, score, spot_id, member_spot_id) values (?, ?, ?, ?)
insert into member_spot (member_id, score, spot_id, member_spot_id) values (19, 0.0, 607, 2220);
2022-10-10 13:48:04.615  INFO 3923 --- [    Test worker] p6spy                                    : #1665377284615 | took 0ms | statement | connection 25| url jdbc:h2:mem:6a3784ae-1aa6-4bbf-b617-4d4aeabcc2af
insert into review (content, spot_id, review_id) values (?, ?, ?)
insert into review (content, spot_id, review_id) values ('java.io.StringReader@c464fa', 569, 543);
2022-10-10 13:48:04.615  INFO 3923 --- [    Test worker] p6spy                                    : #1665377284615 | took 0ms | statement | connection 25| url jdbc:h2:mem:6a3784ae-1aa6-4bbf-b617-4d4aeabcc2af
insert into favorite_spot (count, favorite_id, spot_id, favorite_spot_id) values (?, ?, ?, ?)
insert into favorite_spot (count, favorite_id, spot_id, favorite_spot_id) values (0, 39, 607, 440);
2022-10-10 13:48:04.615  INFO 3923 --- [    Test worker] p6spy                                    : #1665377284615 | took 0ms | statement | connection 25| url jdbc:h2:mem:6a3784ae-1aa6-4bbf-b617-4d4aeabcc2af
insert into score (facility_rank, facility_score, price_rank, price_score, rank_average, surround_rank, surround_score, view_rank, view_score, score_id) values (?, ?, ?, ?, ?, ?, ?, ?, ?, ?)
insert into score (facility_rank, facility_score, price_rank, price_score, rank_average, surround_rank, surround_score, view_rank, view_score, score_id) values (5.1547538538788595, 6.619643475246314, 6.883175737836266, 7.193763867688775, 4.390420885065308, 3.1362054353396243, 3.157598910297822, 1.4660640459129226, 0.698453024159188, 542);
2022-10-10 13:48:04.615  INFO 3923 --- [    Test worker] p6spy                                    : #1665377284615 | took 0ms | statement | connection 25| url jdbc:h2:mem:6a3784ae-1aa6-4bbf-b617-4d4aeabcc2af
insert into picture (spot_id, url, picture_id) values (?, ?, ?)
insert into picture (spot_id, url, picture_id) values (NULL, 'java.io.StringReader@31806c25', 2221);
2022-10-10 13:48:04.615  INFO 3923 --- [    Test worker] p6spy                                    : #1665377284615 | took 0ms | statement | connection 25| url jdbc:h2:mem:6a3784ae-1aa6-4bbf-b617-4d4aeabcc2af
insert into picture (spot_id, url, picture_id) values (?, ?, ?)
insert into picture (spot_id, url, picture_id) values (NULL, 'java.io.StringReader@429e705d', 2222);
2022-10-10 13:48:04.615  INFO 3923 --- [    Test worker] p6spy                                    : #1665377284615 | took 0ms | statement | connection 25| url jdbc:h2:mem:6a3784ae-1aa6-4bbf-b617-4d4aeabcc2af
insert into picture (spot_id, url, picture_id) values (?, ?, ?)
insert into picture (spot_id, url, picture_id) values (NULL, 'java.io.StringReader@12196843', 2223);
2022-10-10 13:48:04.615  INFO 3923 --- [    Test worker] p6spy                                    : #1665377284615 | took 0ms | statement | connection 25| url jdbc:h2:mem:6a3784ae-1aa6-4bbf-b617-4d4aeabcc2af
insert into spot (address, description, location, name, score_id, spot_id) values (?, ?, ?, ?, ?, ?)
insert into spot (address, description, location, name, score_id, spot_id) values (NULL, NULL, 'Aewol_eup', NULL, 542, 608);
2022-10-10 13:48:04.615  INFO 3923 --- [    Test worker] p6spy                                    : #1665377284615 | took 0ms | statement | connection 25| url jdbc:h2:mem:6a3784ae-1aa6-4bbf-b617-4d4aeabcc2af
insert into member_spot (member_id, score, spot_id, member_spot_id) values (?, ?, ?, ?)
insert into member_spot (member_id, score, spot_id, member_spot_id) values (19, 0.0, 608, 2224);
2022-10-10 13:48:04.615  INFO 3923 --- [    Test worker] p6spy                                    : #1665377284615 | took 0ms | statement | connection 25| url jdbc:h2:mem:6a3784ae-1aa6-4bbf-b617-4d4aeabcc2af
insert into review (content, spot_id, review_id) values (?, ?, ?)
insert into review (content, spot_id, review_id) values ('java.io.StringReader@69e2749d', 569, 544);
2022-10-10 13:48:04.615  INFO 3923 --- [    Test worker] p6spy                                    : #1665377284615 | took 0ms | statement | connection 25| url jdbc:h2:mem:6a3784ae-1aa6-4bbf-b617-4d4aeabcc2af
insert into score (facility_rank, facility_score, price_rank, price_score, rank_average, surround_rank, surround_score, view_rank, view_score, score_id) values (?, ?, ?, ?, ?, ?, ?, ?, ?, ?)
insert into score (facility_rank, facility_score, price_rank, price_score, rank_average, surround_rank, surround_score, view_rank, view_score, score_id) values (1.7320348638877237, 4.752557439275932, 9.613682787704272, 8.028604455793829, 7.074733193402485, 3.625381027693116, 9.588930841485046, 5.329630795540182, 0.6418085434992371, 543);
2022-10-10 13:48:04.615  INFO 3923 --- [    Test worker] p6spy                                    : #1665377284615 | took 0ms | statement | connection 25| url jdbc:h2:mem:6a3784ae-1aa6-4bbf-b617-4d4aeabcc2af
insert into picture (spot_id, url, picture_id) values (?, ?, ?)
insert into picture (spot_id, url, picture_id) values (NULL, 'java.io.StringReader@ee42f58', 2225);
2022-10-10 13:48:04.616  INFO 3923 --- [    Test worker] p6spy                                    : #1665377284616 | took 0ms | statement | connection 25| url jdbc:h2:mem:6a3784ae-1aa6-4bbf-b617-4d4aeabcc2af
insert into picture (spot_id, url, picture_id) values (?, ?, ?)
insert into picture (spot_id, url, picture_id) values (NULL, 'java.io.StringReader@5b7043e', 2226);
2022-10-10 13:48:04.616  INFO 3923 --- [    Test worker] p6spy                                    : #1665377284616 | took 0ms | statement | connection 25| url jdbc:h2:mem:6a3784ae-1aa6-4bbf-b617-4d4aeabcc2af
insert into picture (spot_id, url, picture_id) values (?, ?, ?)
insert into picture (spot_id, url, picture_id) values (NULL, 'java.io.StringReader@e29a07f', 2227);
2022-10-10 13:48:04.616  INFO 3923 --- [    Test worker] p6spy                                    : #1665377284616 | took 0ms | statement | connection 25| url jdbc:h2:mem:6a3784ae-1aa6-4bbf-b617-4d4aeabcc2af
insert into spot (address, description, location, name, score_id, spot_id) values (?, ?, ?, ?, ?, ?)
insert into spot (address, description, location, name, score_id, spot_id) values (NULL, NULL, 'Aewol_eup', NULL, 543, 609);
2022-10-10 13:48:04.616  INFO 3923 --- [    Test worker] p6spy                                    : #1665377284616 | took 0ms | statement | connection 25| url jdbc:h2:mem:6a3784ae-1aa6-4bbf-b617-4d4aeabcc2af
insert into member_spot (member_id, score, spot_id, member_spot_id) values (?, ?, ?, ?)
insert into member_spot (member_id, score, spot_id, member_spot_id) values (19, 0.0, 609, 2228);
2022-10-10 13:48:04.616  INFO 3923 --- [    Test worker] p6spy                                    : #1665377284616 | took 0ms | statement | connection 25| url jdbc:h2:mem:6a3784ae-1aa6-4bbf-b617-4d4aeabcc2af
insert into review (content, spot_id, review_id) values (?, ?, ?)
insert into review (content, spot_id, review_id) values ('java.io.StringReader@125cda06', 569, 545);
2022-10-10 13:48:04.616  INFO 3923 --- [    Test worker] p6spy                                    : #1665377284616 | took 0ms | statement | connection 25| url jdbc:h2:mem:6a3784ae-1aa6-4bbf-b617-4d4aeabcc2af
insert into favorite_spot (count, favorite_id, spot_id, favorite_spot_id) values (?, ?, ?, ?)
insert into favorite_spot (count, favorite_id, spot_id, favorite_spot_id) values (0, 39, 609, 441);
2022-10-10 13:48:04.616  INFO 3923 --- [    Test worker] p6spy                                    : #1665377284616 | took 0ms | statement | connection 25| url jdbc:h2:mem:6a3784ae-1aa6-4bbf-b617-4d4aeabcc2af
insert into score (facility_rank, facility_score, price_rank, price_score, rank_average, surround_rank, surround_score, view_rank, view_score, score_id) values (?, ?, ?, ?, ?, ?, ?, ?, ?, ?)
insert into score (facility_rank, facility_score, price_rank, price_score, rank_average, surround_rank, surround_score, view_rank, view_score, score_id) values (3.9326241549119976, 3.2486016911217708, 4.621829165505449, 8.622938167726167, 3.8312823717364433, 4.595724834287446, 6.166183166377495, 8.878643090669788, 5.887781828858634, 544);
2022-10-10 13:48:04.616  INFO 3923 --- [    Test worker] p6spy                                    : #1665377284616 | took 0ms | statement | connection 25| url jdbc:h2:mem:6a3784ae-1aa6-4bbf-b617-4d4aeabcc2af
insert into picture (spot_id, url, picture_id) values (?, ?, ?)
insert into picture (spot_id, url, picture_id) values (NULL, 'java.io.StringReader@a578c92', 2229);
2022-10-10 13:48:04.616  INFO 3923 --- [    Test worker] p6spy                                    : #1665377284616 | took 0ms | statement | connection 25| url jdbc:h2:mem:6a3784ae-1aa6-4bbf-b617-4d4aeabcc2af
insert into picture (spot_id, url, picture_id) values (?, ?, ?)
insert into picture (spot_id, url, picture_id) values (NULL, 'java.io.StringReader@60203a3', 2230);
2022-10-10 13:48:04.616  INFO 3923 --- [    Test worker] p6spy                                    : #1665377284616 | took 0ms | statement | connection 25| url jdbc:h2:mem:6a3784ae-1aa6-4bbf-b617-4d4aeabcc2af
insert into picture (spot_id, url, picture_id) values (?, ?, ?)
insert into picture (spot_id, url, picture_id) values (NULL, 'java.io.StringReader@5b75a11b', 2231);
2022-10-10 13:48:04.616  INFO 3923 --- [    Test worker] p6spy                                    : #1665377284616 | took 0ms | statement | connection 25| url jdbc:h2:mem:6a3784ae-1aa6-4bbf-b617-4d4aeabcc2af
insert into spot (address, description, location, name, score_id, spot_id) values (?, ?, ?, ?, ?, ?)
insert into spot (address, description, location, name, score_id, spot_id) values (NULL, NULL, 'Aewol_eup', NULL, 544, 610);
2022-10-10 13:48:04.616  INFO 3923 --- [    Test worker] p6spy                                    : #1665377284616 | took 0ms | statement | connection 25| url jdbc:h2:mem:6a3784ae-1aa6-4bbf-b617-4d4aeabcc2af
insert into member_spot (member_id, score, spot_id, member_spot_id) values (?, ?, ?, ?)
insert into member_spot (member_id, score, spot_id, member_spot_id) values (19, 0.0, 610, 2232);
2022-10-10 13:48:04.616  INFO 3923 --- [    Test worker] p6spy                                    : #1665377284616 | took 0ms | statement | connection 25| url jdbc:h2:mem:6a3784ae-1aa6-4bbf-b617-4d4aeabcc2af
insert into review (content, spot_id, review_id) values (?, ?, ?)
insert into review (content, spot_id, review_id) values ('java.io.StringReader@311e3e11', 569, 546);
2022-10-10 13:48:04.616  INFO 3923 --- [    Test worker] p6spy                                    : #1665377284616 | took 0ms | statement | connection 25| url jdbc:h2:mem:6a3784ae-1aa6-4bbf-b617-4d4aeabcc2af
insert into score (facility_rank, facility_score, price_rank, price_score, rank_average, surround_rank, surround_score, view_rank, view_score, score_id) values (?, ?, ?, ?, ?, ?, ?, ?, ?, ?)
insert into score (facility_rank, facility_score, price_rank, price_score, rank_average, surround_rank, surround_score, view_rank, view_score, score_id) values (9.9801636273364, 9.62201897384568, 6.204073076007839, 4.786093845534597, 5.125793431551467, 9.001696772895482, 5.5874694489663925, 9.709075810096211, 6.395313030343315, 545);
2022-10-10 13:48:04.616  INFO 3923 --- [    Test worker] p6spy                                    : #1665377284616 | took 0ms | statement | connection 25| url jdbc:h2:mem:6a3784ae-1aa6-4bbf-b617-4d4aeabcc2af
insert into picture (spot_id, url, picture_id) values (?, ?, ?)
insert into picture (spot_id, url, picture_id) values (NULL, 'java.io.StringReader@6e989aa', 2233);
2022-10-10 13:48:04.616  INFO 3923 --- [    Test worker] p6spy                                    : #1665377284616 | took 0ms | statement | connection 25| url jdbc:h2:mem:6a3784ae-1aa6-4bbf-b617-4d4aeabcc2af
insert into picture (spot_id, url, picture_id) values (?, ?, ?)
insert into picture (spot_id, url, picture_id) values (NULL, 'java.io.StringReader@db9a774', 2234);
2022-10-10 13:48:04.616  INFO 3923 --- [    Test worker] p6spy                                    : #1665377284616 | took 0ms | statement | connection 25| url jdbc:h2:mem:6a3784ae-1aa6-4bbf-b617-4d4aeabcc2af
insert into picture (spot_id, url, picture_id) values (?, ?, ?)
insert into picture (spot_id, url, picture_id) values (NULL, 'java.io.StringReader@7356f1c2', 2235);
2022-10-10 13:48:04.616  INFO 3923 --- [    Test worker] p6spy                                    : #1665377284616 | took 0ms | statement | connection 25| url jdbc:h2:mem:6a3784ae-1aa6-4bbf-b617-4d4aeabcc2af
insert into spot (address, description, location, name, score_id, spot_id) values (?, ?, ?, ?, ?, ?)
insert into spot (address, description, location, name, score_id, spot_id) values (NULL, NULL, 'Aewol_eup', NULL, 545, 611);
2022-10-10 13:48:04.616  INFO 3923 --- [    Test worker] p6spy                                    : #1665377284616 | took 0ms | statement | connection 25| url jdbc:h2:mem:6a3784ae-1aa6-4bbf-b617-4d4aeabcc2af
insert into member_spot (member_id, score, spot_id, member_spot_id) values (?, ?, ?, ?)
insert into member_spot (member_id, score, spot_id, member_spot_id) values (19, 0.0, 611, 2236);
2022-10-10 13:48:04.616  INFO 3923 --- [    Test worker] p6spy                                    : #1665377284616 | took 0ms | statement | connection 25| url jdbc:h2:mem:6a3784ae-1aa6-4bbf-b617-4d4aeabcc2af
insert into review (content, spot_id, review_id) values (?, ?, ?)
insert into review (content, spot_id, review_id) values ('java.io.StringReader@277636a1', 569, 547);
2022-10-10 13:48:04.616  INFO 3923 --- [    Test worker] p6spy                                    : #1665377284616 | took 0ms | statement | connection 25| url jdbc:h2:mem:6a3784ae-1aa6-4bbf-b617-4d4aeabcc2af
insert into favorite_spot (count, favorite_id, spot_id, favorite_spot_id) values (?, ?, ?, ?)
insert into favorite_spot (count, favorite_id, spot_id, favorite_spot_id) values (0, 39, 611, 442);
2022-10-10 13:48:04.616  INFO 3923 --- [    Test worker] p6spy                                    : #1665377284616 | took 0ms | statement | connection 25| url jdbc:h2:mem:6a3784ae-1aa6-4bbf-b617-4d4aeabcc2af
insert into score (facility_rank, facility_score, price_rank, price_score, rank_average, surround_rank, surround_score, view_rank, view_score, score_id) values (?, ?, ?, ?, ?, ?, ?, ?, ?, ?)
insert into score (facility_rank, facility_score, price_rank, price_score, rank_average, surround_rank, surround_score, view_rank, view_score, score_id) values (9.020733181103754, 1.8935349963981474, 9.860333791350671, 3.773883171257213, 1.2903357708186447, 3.1151180555055493, 0.05339702022682524, 0.5581107278133568, 2.616537460921765, 546);
2022-10-10 13:48:04.616  INFO 3923 --- [    Test worker] p6spy                                    : #1665377284616 | took 0ms | statement | connection 25| url jdbc:h2:mem:6a3784ae-1aa6-4bbf-b617-4d4aeabcc2af
insert into picture (spot_id, url, picture_id) values (?, ?, ?)
insert into picture (spot_id, url, picture_id) values (NULL, 'java.io.StringReader@1ed3a5db', 2237);
2022-10-10 13:48:04.616  INFO 3923 --- [    Test worker] p6spy                                    : #1665377284616 | took 0ms | statement | connection 25| url jdbc:h2:mem:6a3784ae-1aa6-4bbf-b617-4d4aeabcc2af
insert into picture (spot_id, url, picture_id) values (?, ?, ?)
insert into picture (spot_id, url, picture_id) values (NULL, 'java.io.StringReader@5aa54204', 2238);
2022-10-10 13:48:04.616  INFO 3923 --- [    Test worker] p6spy                                    : #1665377284616 | took 0ms | statement | connection 25| url jdbc:h2:mem:6a3784ae-1aa6-4bbf-b617-4d4aeabcc2af
insert into picture (spot_id, url, picture_id) values (?, ?, ?)
insert into picture (spot_id, url, picture_id) values (NULL, 'java.io.StringReader@7b7115c2', 2239);
2022-10-10 13:48:04.616  INFO 3923 --- [    Test worker] p6spy                                    : #1665377284616 | took 0ms | statement | connection 25| url jdbc:h2:mem:6a3784ae-1aa6-4bbf-b617-4d4aeabcc2af
insert into spot (address, description, location, name, score_id, spot_id) values (?, ?, ?, ?, ?, ?)
insert into spot (address, description, location, name, score_id, spot_id) values (NULL, NULL, 'Aewol_eup', NULL, 546, 612);
2022-10-10 13:48:04.616  INFO 3923 --- [    Test worker] p6spy                                    : #1665377284616 | took 0ms | statement | connection 25| url jdbc:h2:mem:6a3784ae-1aa6-4bbf-b617-4d4aeabcc2af
insert into member_spot (member_id, score, spot_id, member_spot_id) values (?, ?, ?, ?)
insert into member_spot (member_id, score, spot_id, member_spot_id) values (19, 0.0, 612, 2240);
2022-10-10 13:48:04.616  INFO 3923 --- [    Test worker] p6spy                                    : #1665377284616 | took 0ms | statement | connection 25| url jdbc:h2:mem:6a3784ae-1aa6-4bbf-b617-4d4aeabcc2af
insert into review (content, spot_id, review_id) values (?, ?, ?)
insert into review (content, spot_id, review_id) values ('java.io.StringReader@46305f31', 569, 548);
2022-10-10 13:48:04.616  INFO 3923 --- [    Test worker] p6spy                                    : #1665377284616 | took 0ms | statement | connection 25| url jdbc:h2:mem:6a3784ae-1aa6-4bbf-b617-4d4aeabcc2af
insert into score (facility_rank, facility_score, price_rank, price_score, rank_average, surround_rank, surround_score, view_rank, view_score, score_id) values (?, ?, ?, ?, ?, ?, ?, ?, ?, ?)
insert into score (facility_rank, facility_score, price_rank, price_score, rank_average, surround_rank, surround_score, view_rank, view_score, score_id) values (2.5324718065899052, 6.202734330226553, 6.282926684265214, 3.3020486622943688, 9.77198526440388, 2.5168646077686896, 5.453746591840299, 6.238398090407589, 2.8741329076873168, 547);
2022-10-10 13:48:04.616  INFO 3923 --- [    Test worker] p6spy                                    : #1665377284616 | took 0ms | statement | connection 25| url jdbc:h2:mem:6a3784ae-1aa6-4bbf-b617-4d4aeabcc2af
insert into picture (spot_id, url, picture_id) values (?, ?, ?)
insert into picture (spot_id, url, picture_id) values (NULL, 'java.io.StringReader@4bada65d', 2241);
2022-10-10 13:48:04.616  INFO 3923 --- [    Test worker] p6spy                                    : #1665377284616 | took 0ms | statement | connection 25| url jdbc:h2:mem:6a3784ae-1aa6-4bbf-b617-4d4aeabcc2af
insert into picture (spot_id, url, picture_id) values (?, ?, ?)
insert into picture (spot_id, url, picture_id) values (NULL, 'java.io.StringReader@1dfd85bb', 2242);
2022-10-10 13:48:04.616  INFO 3923 --- [    Test worker] p6spy                                    : #1665377284616 | took 0ms | statement | connection 25| url jdbc:h2:mem:6a3784ae-1aa6-4bbf-b617-4d4aeabcc2af
insert into picture (spot_id, url, picture_id) values (?, ?, ?)
insert into picture (spot_id, url, picture_id) values (NULL, 'java.io.StringReader@54c1dfd8', 2243);
2022-10-10 13:48:04.616  INFO 3923 --- [    Test worker] p6spy                                    : #1665377284616 | took 0ms | statement | connection 25| url jdbc:h2:mem:6a3784ae-1aa6-4bbf-b617-4d4aeabcc2af
insert into spot (address, description, location, name, score_id, spot_id) values (?, ?, ?, ?, ?, ?)
insert into spot (address, description, location, name, score_id, spot_id) values (NULL, NULL, 'Aewol_eup', NULL, 547, 613);
2022-10-10 13:48:04.616  INFO 3923 --- [    Test worker] p6spy                                    : #1665377284616 | took 0ms | statement | connection 25| url jdbc:h2:mem:6a3784ae-1aa6-4bbf-b617-4d4aeabcc2af
insert into member_spot (member_id, score, spot_id, member_spot_id) values (?, ?, ?, ?)
insert into member_spot (member_id, score, spot_id, member_spot_id) values (19, 0.0, 613, 2244);
2022-10-10 13:48:04.616  INFO 3923 --- [    Test worker] p6spy                                    : #1665377284616 | took 0ms | statement | connection 25| url jdbc:h2:mem:6a3784ae-1aa6-4bbf-b617-4d4aeabcc2af
insert into review (content, spot_id, review_id) values (?, ?, ?)
insert into review (content, spot_id, review_id) values ('java.io.StringReader@d7fc4f8', 569, 549);
2022-10-10 13:48:04.616  INFO 3923 --- [    Test worker] p6spy                                    : #1665377284616 | took 0ms | statement | connection 25| url jdbc:h2:mem:6a3784ae-1aa6-4bbf-b617-4d4aeabcc2af
insert into favorite_spot (count, favorite_id, spot_id, favorite_spot_id) values (?, ?, ?, ?)
insert into favorite_spot (count, favorite_id, spot_id, favorite_spot_id) values (0, 39, 613, 443);
2022-10-10 13:48:04.617  INFO 3923 --- [    Test worker] p6spy                                    : #1665377284617 | took 0ms | statement | connection 25| url jdbc:h2:mem:6a3784ae-1aa6-4bbf-b617-4d4aeabcc2af
insert into score (facility_rank, facility_score, price_rank, price_score, rank_average, surround_rank, surround_score, view_rank, view_score, score_id) values (?, ?, ?, ?, ?, ?, ?, ?, ?, ?)
insert into score (facility_rank, facility_score, price_rank, price_score, rank_average, surround_rank, surround_score, view_rank, view_score, score_id) values (0.18534372218961037, 6.893786682384371, 3.2748444586294445, 3.130495787629272, 8.457669288201654, 9.352952668789467, 6.065540109505346, 8.381375683337554, 6.5650430972215625, 548);
2022-10-10 13:48:04.617  INFO 3923 --- [    Test worker] p6spy                                    : #1665377284617 | took 0ms | statement | connection 25| url jdbc:h2:mem:6a3784ae-1aa6-4bbf-b617-4d4aeabcc2af
insert into picture (spot_id, url, picture_id) values (?, ?, ?)
insert into picture (spot_id, url, picture_id) values (NULL, 'java.io.StringReader@54a4203d', 2245);
2022-10-10 13:48:04.617  INFO 3923 --- [    Test worker] p6spy                                    : #1665377284617 | took 0ms | statement | connection 25| url jdbc:h2:mem:6a3784ae-1aa6-4bbf-b617-4d4aeabcc2af
insert into picture (spot_id, url, picture_id) values (?, ?, ?)
insert into picture (spot_id, url, picture_id) values (NULL, 'java.io.StringReader@4244148a', 2246);
2022-10-10 13:48:04.617  INFO 3923 --- [    Test worker] p6spy                                    : #1665377284617 | took 0ms | statement | connection 25| url jdbc:h2:mem:6a3784ae-1aa6-4bbf-b617-4d4aeabcc2af
insert into picture (spot_id, url, picture_id) values (?, ?, ?)
insert into picture (spot_id, url, picture_id) values (NULL, 'java.io.StringReader@50b9579d', 2247);
2022-10-10 13:48:04.617  INFO 3923 --- [    Test worker] p6spy                                    : #1665377284617 | took 0ms | statement | connection 25| url jdbc:h2:mem:6a3784ae-1aa6-4bbf-b617-4d4aeabcc2af
insert into spot (address, description, location, name, score_id, spot_id) values (?, ?, ?, ?, ?, ?)
insert into spot (address, description, location, name, score_id, spot_id) values (NULL, NULL, 'Aewol_eup', NULL, 548, 614);
2022-10-10 13:48:04.617  INFO 3923 --- [    Test worker] p6spy                                    : #1665377284617 | took 0ms | statement | connection 25| url jdbc:h2:mem:6a3784ae-1aa6-4bbf-b617-4d4aeabcc2af
insert into member_spot (member_id, score, spot_id, member_spot_id) values (?, ?, ?, ?)
insert into member_spot (member_id, score, spot_id, member_spot_id) values (19, 0.0, 614, 2248);
2022-10-10 13:48:04.617  INFO 3923 --- [    Test worker] p6spy                                    : #1665377284617 | took 0ms | statement | connection 25| url jdbc:h2:mem:6a3784ae-1aa6-4bbf-b617-4d4aeabcc2af
insert into review (content, spot_id, review_id) values (?, ?, ?)
insert into review (content, spot_id, review_id) values ('java.io.StringReader@76296eed', 569, 550);
2022-10-10 13:48:04.617  INFO 3923 --- [    Test worker] p6spy                                    : #1665377284617 | took 0ms | statement | connection 25| url jdbc:h2:mem:6a3784ae-1aa6-4bbf-b617-4d4aeabcc2af
insert into score (facility_rank, facility_score, price_rank, price_score, rank_average, surround_rank, surround_score, view_rank, view_score, score_id) values (?, ?, ?, ?, ?, ?, ?, ?, ?, ?)
insert into score (facility_rank, facility_score, price_rank, price_score, rank_average, surround_rank, surround_score, view_rank, view_score, score_id) values (0.25723066830202423, 0.8441149680548643, 6.757091025066179, 5.572634445402808, 8.784812291273784, 0.5490330568892687, 4.604237183033314, 7.446639167292991, 5.580714773514915, 549);
2022-10-10 13:48:04.617  INFO 3923 --- [    Test worker] p6spy                                    : #1665377284617 | took 0ms | statement | connection 25| url jdbc:h2:mem:6a3784ae-1aa6-4bbf-b617-4d4aeabcc2af
insert into picture (spot_id, url, picture_id) values (?, ?, ?)
insert into picture (spot_id, url, picture_id) values (NULL, 'java.io.StringReader@21ba83e3', 2249);
2022-10-10 13:48:04.617  INFO 3923 --- [    Test worker] p6spy                                    : #1665377284617 | took 0ms | statement | connection 25| url jdbc:h2:mem:6a3784ae-1aa6-4bbf-b617-4d4aeabcc2af
insert into picture (spot_id, url, picture_id) values (?, ?, ?)
insert into picture (spot_id, url, picture_id) values (NULL, 'java.io.StringReader@1179c732', 2250);
2022-10-10 13:48:04.617  INFO 3923 --- [    Test worker] p6spy                                    : #1665377284617 | took 0ms | statement | connection 25| url jdbc:h2:mem:6a3784ae-1aa6-4bbf-b617-4d4aeabcc2af
insert into picture (spot_id, url, picture_id) values (?, ?, ?)
insert into picture (spot_id, url, picture_id) values (NULL, 'java.io.StringReader@1923caf2', 2251);
2022-10-10 13:48:04.617  INFO 3923 --- [    Test worker] p6spy                                    : #1665377284617 | took 0ms | statement | connection 25| url jdbc:h2:mem:6a3784ae-1aa6-4bbf-b617-4d4aeabcc2af
insert into spot (address, description, location, name, score_id, spot_id) values (?, ?, ?, ?, ?, ?)
insert into spot (address, description, location, name, score_id, spot_id) values (NULL, NULL, 'Aewol_eup', NULL, 549, 615);
2022-10-10 13:48:04.617  INFO 3923 --- [    Test worker] p6spy                                    : #1665377284617 | took 0ms | statement | connection 25| url jdbc:h2:mem:6a3784ae-1aa6-4bbf-b617-4d4aeabcc2af
insert into member_spot (member_id, score, spot_id, member_spot_id) values (?, ?, ?, ?)
insert into member_spot (member_id, score, spot_id, member_spot_id) values (19, 0.0, 615, 2252);
2022-10-10 13:48:04.617  INFO 3923 --- [    Test worker] p6spy                                    : #1665377284617 | took 0ms | statement | connection 25| url jdbc:h2:mem:6a3784ae-1aa6-4bbf-b617-4d4aeabcc2af
insert into review (content, spot_id, review_id) values (?, ?, ?)
insert into review (content, spot_id, review_id) values ('java.io.StringReader@f67351d', 569, 551);
2022-10-10 13:48:04.617  INFO 3923 --- [    Test worker] p6spy                                    : #1665377284617 | took 0ms | statement | connection 25| url jdbc:h2:mem:6a3784ae-1aa6-4bbf-b617-4d4aeabcc2af
insert into favorite_spot (count, favorite_id, spot_id, favorite_spot_id) values (?, ?, ?, ?)
insert into favorite_spot (count, favorite_id, spot_id, favorite_spot_id) values (0, 39, 615, 444);
2022-10-10 13:48:04.617  INFO 3923 --- [    Test worker] p6spy                                    : #1665377284617 | took 0ms | statement | connection 25| url jdbc:h2:mem:6a3784ae-1aa6-4bbf-b617-4d4aeabcc2af
insert into score (facility_rank, facility_score, price_rank, price_score, rank_average, surround_rank, surround_score, view_rank, view_score, score_id) values (?, ?, ?, ?, ?, ?, ?, ?, ?, ?)
insert into score (facility_rank, facility_score, price_rank, price_score, rank_average, surround_rank, surround_score, view_rank, view_score, score_id) values (1.2899300354910603, 8.961214726518588, 8.871599023193003, 0.793612170976663, 2.905567636174796, 9.718071838069374, 6.348053496303753, 8.720750438582487, 6.890676823112665, 550);
2022-10-10 13:48:04.617  INFO 3923 --- [    Test worker] p6spy                                    : #1665377284617 | took 0ms | statement | connection 25| url jdbc:h2:mem:6a3784ae-1aa6-4bbf-b617-4d4aeabcc2af
insert into picture (spot_id, url, picture_id) values (?, ?, ?)
insert into picture (spot_id, url, picture_id) values (NULL, 'java.io.StringReader@3d5650de', 2253);
2022-10-10 13:48:04.617  INFO 3923 --- [    Test worker] p6spy                                    : #1665377284617 | took 0ms | statement | connection 25| url jdbc:h2:mem:6a3784ae-1aa6-4bbf-b617-4d4aeabcc2af
insert into picture (spot_id, url, picture_id) values (?, ?, ?)
insert into picture (spot_id, url, picture_id) values (NULL, 'java.io.StringReader@56f53d8d', 2254);
2022-10-10 13:48:04.617  INFO 3923 --- [    Test worker] p6spy                                    : #1665377284617 | took 0ms | statement | connection 25| url jdbc:h2:mem:6a3784ae-1aa6-4bbf-b617-4d4aeabcc2af
insert into picture (spot_id, url, picture_id) values (?, ?, ?)
insert into picture (spot_id, url, picture_id) values (NULL, 'java.io.StringReader@20d6746b', 2255);
2022-10-10 13:48:04.617  INFO 3923 --- [    Test worker] p6spy                                    : #1665377284617 | took 0ms | statement | connection 25| url jdbc:h2:mem:6a3784ae-1aa6-4bbf-b617-4d4aeabcc2af
insert into spot (address, description, location, name, score_id, spot_id) values (?, ?, ?, ?, ?, ?)
insert into spot (address, description, location, name, score_id, spot_id) values (NULL, NULL, 'Aewol_eup', NULL, 550, 616);
2022-10-10 13:48:04.617  INFO 3923 --- [    Test worker] p6spy                                    : #1665377284617 | took 0ms | statement | connection 25| url jdbc:h2:mem:6a3784ae-1aa6-4bbf-b617-4d4aeabcc2af
insert into member_spot (member_id, score, spot_id, member_spot_id) values (?, ?, ?, ?)
insert into member_spot (member_id, score, spot_id, member_spot_id) values (19, 0.0, 616, 2256);
2022-10-10 13:48:04.617  INFO 3923 --- [    Test worker] p6spy                                    : #1665377284617 | took 0ms | statement | connection 25| url jdbc:h2:mem:6a3784ae-1aa6-4bbf-b617-4d4aeabcc2af
insert into review (content, spot_id, review_id) values (?, ?, ?)
insert into review (content, spot_id, review_id) values ('java.io.StringReader@2ccf0254', 569, 552);
2022-10-10 13:48:04.617  INFO 3923 --- [    Test worker] p6spy                                    : #1665377284617 | took 0ms | statement | connection 25| url jdbc:h2:mem:6a3784ae-1aa6-4bbf-b617-4d4aeabcc2af
insert into score (facility_rank, facility_score, price_rank, price_score, rank_average, surround_rank, surround_score, view_rank, view_score, score_id) values (?, ?, ?, ?, ?, ?, ?, ?, ?, ?)
insert into score (facility_rank, facility_score, price_rank, price_score, rank_average, surround_rank, surround_score, view_rank, view_score, score_id) values (9.834452591330706, 6.817292600476259, 2.9456464576966668, 7.314664481861315, 6.578319253854545, 0.9464470361462485, 3.8910456763571863, 4.4785260238065465, 0.7336594070579938, 551);
2022-10-10 13:48:04.617  INFO 3923 --- [    Test worker] p6spy                                    : #1665377284617 | took 0ms | statement | connection 25| url jdbc:h2:mem:6a3784ae-1aa6-4bbf-b617-4d4aeabcc2af
insert into picture (spot_id, url, picture_id) values (?, ?, ?)
insert into picture (spot_id, url, picture_id) values (NULL, 'java.io.StringReader@14c680bd', 2257);
2022-10-10 13:48:04.617  INFO 3923 --- [    Test worker] p6spy                                    : #1665377284617 | took 0ms | statement | connection 25| url jdbc:h2:mem:6a3784ae-1aa6-4bbf-b617-4d4aeabcc2af
insert into picture (spot_id, url, picture_id) values (?, ?, ?)
insert into picture (spot_id, url, picture_id) values (NULL, 'java.io.StringReader@565eae80', 2258);
2022-10-10 13:48:04.617  INFO 3923 --- [    Test worker] p6spy                                    : #1665377284617 | took 0ms | statement | connection 25| url jdbc:h2:mem:6a3784ae-1aa6-4bbf-b617-4d4aeabcc2af
insert into picture (spot_id, url, picture_id) values (?, ?, ?)
insert into picture (spot_id, url, picture_id) values (NULL, 'java.io.StringReader@31e69f7d', 2259);
2022-10-10 13:48:04.617  INFO 3923 --- [    Test worker] p6spy                                    : #1665377284617 | took 0ms | statement | connection 25| url jdbc:h2:mem:6a3784ae-1aa6-4bbf-b617-4d4aeabcc2af
insert into spot (address, description, location, name, score_id, spot_id) values (?, ?, ?, ?, ?, ?)
insert into spot (address, description, location, name, score_id, spot_id) values (NULL, NULL, 'Aewol_eup', NULL, 551, 617);
2022-10-10 13:48:04.617  INFO 3923 --- [    Test worker] p6spy                                    : #1665377284617 | took 0ms | statement | connection 25| url jdbc:h2:mem:6a3784ae-1aa6-4bbf-b617-4d4aeabcc2af
insert into member_spot (member_id, score, spot_id, member_spot_id) values (?, ?, ?, ?)
insert into member_spot (member_id, score, spot_id, member_spot_id) values (19, 0.0, 617, 2260);
2022-10-10 13:48:04.617  INFO 3923 --- [    Test worker] p6spy                                    : #1665377284617 | took 0ms | statement | connection 25| url jdbc:h2:mem:6a3784ae-1aa6-4bbf-b617-4d4aeabcc2af
insert into review (content, spot_id, review_id) values (?, ?, ?)
insert into review (content, spot_id, review_id) values ('java.io.StringReader@537b088d', 569, 553);
2022-10-10 13:48:04.617  INFO 3923 --- [    Test worker] p6spy                                    : #1665377284617 | took 0ms | statement | connection 25| url jdbc:h2:mem:6a3784ae-1aa6-4bbf-b617-4d4aeabcc2af
insert into favorite_spot (count, favorite_id, spot_id, favorite_spot_id) values (?, ?, ?, ?)
insert into favorite_spot (count, favorite_id, spot_id, favorite_spot_id) values (0, 39, 617, 445);
2022-10-10 13:48:04.617  INFO 3923 --- [    Test worker] p6spy                                    : #1665377284617 | took 0ms | statement | connection 25| url jdbc:h2:mem:6a3784ae-1aa6-4bbf-b617-4d4aeabcc2af
insert into score (facility_rank, facility_score, price_rank, price_score, rank_average, surround_rank, surround_score, view_rank, view_score, score_id) values (?, ?, ?, ?, ?, ?, ?, ?, ?, ?)
insert into score (facility_rank, facility_score, price_rank, price_score, rank_average, surround_rank, surround_score, view_rank, view_score, score_id) values (5.199753903280097, 5.177653380414773, 4.613212342391726, 6.688151238743314, 6.870875869023139, 2.62448226116207, 4.840491401483437, 3.9561342642774964, 1.0420126540349528, 552);
2022-10-10 13:48:04.617  INFO 3923 --- [    Test worker] p6spy                                    : #1665377284617 | took 0ms | statement | connection 25| url jdbc:h2:mem:6a3784ae-1aa6-4bbf-b617-4d4aeabcc2af
insert into picture (spot_id, url, picture_id) values (?, ?, ?)
insert into picture (spot_id, url, picture_id) values (NULL, 'java.io.StringReader@468581d2', 2261);
2022-10-10 13:48:04.617  INFO 3923 --- [    Test worker] p6spy                                    : #1665377284617 | took 0ms | statement | connection 25| url jdbc:h2:mem:6a3784ae-1aa6-4bbf-b617-4d4aeabcc2af
insert into picture (spot_id, url, picture_id) values (?, ?, ?)
insert into picture (spot_id, url, picture_id) values (NULL, 'java.io.StringReader@457298d0', 2262);
2022-10-10 13:48:04.617  INFO 3923 --- [    Test worker] p6spy                                    : #1665377284617 | took 0ms | statement | connection 25| url jdbc:h2:mem:6a3784ae-1aa6-4bbf-b617-4d4aeabcc2af
insert into picture (spot_id, url, picture_id) values (?, ?, ?)
insert into picture (spot_id, url, picture_id) values (NULL, 'java.io.StringReader@18b37096', 2263);
2022-10-10 13:48:04.617  INFO 3923 --- [    Test worker] p6spy                                    : #1665377284617 | took 0ms | statement | connection 25| url jdbc:h2:mem:6a3784ae-1aa6-4bbf-b617-4d4aeabcc2af
insert into spot (address, description, location, name, score_id, spot_id) values (?, ?, ?, ?, ?, ?)
insert into spot (address, description, location, name, score_id, spot_id) values (NULL, NULL, 'Aewol_eup', NULL, 552, 618);
2022-10-10 13:48:04.618  INFO 3923 --- [    Test worker] p6spy                                    : #1665377284618 | took 0ms | statement | connection 25| url jdbc:h2:mem:6a3784ae-1aa6-4bbf-b617-4d4aeabcc2af
insert into member_spot (member_id, score, spot_id, member_spot_id) values (?, ?, ?, ?)
insert into member_spot (member_id, score, spot_id, member_spot_id) values (19, 0.0, 618, 2264);
2022-10-10 13:48:04.618  INFO 3923 --- [    Test worker] p6spy                                    : #1665377284618 | took 0ms | statement | connection 25| url jdbc:h2:mem:6a3784ae-1aa6-4bbf-b617-4d4aeabcc2af
insert into review (content, spot_id, review_id) values (?, ?, ?)
insert into review (content, spot_id, review_id) values ('java.io.StringReader@50d2d97b', 569, 554);
2022-10-10 13:48:04.618  INFO 3923 --- [    Test worker] p6spy                                    : #1665377284618 | took 0ms | statement | connection 25| url jdbc:h2:mem:6a3784ae-1aa6-4bbf-b617-4d4aeabcc2af
insert into score (facility_rank, facility_score, price_rank, price_score, rank_average, surround_rank, surround_score, view_rank, view_score, score_id) values (?, ?, ?, ?, ?, ?, ?, ?, ?, ?)
insert into score (facility_rank, facility_score, price_rank, price_score, rank_average, surround_rank, surround_score, view_rank, view_score, score_id) values (9.019077837782048, 0.8835177989714649, 8.906778077886662, 9.494382152541842, 3.1257339659854333, 6.826391999592678, 6.143455002882362, 9.783767968972954, 7.84441352375736, 553);
2022-10-10 13:48:04.618  INFO 3923 --- [    Test worker] p6spy                                    : #1665377284618 | took 0ms | statement | connection 25| url jdbc:h2:mem:6a3784ae-1aa6-4bbf-b617-4d4aeabcc2af
insert into picture (spot_id, url, picture_id) values (?, ?, ?)
insert into picture (spot_id, url, picture_id) values (NULL, 'java.io.StringReader@64f2e04b', 2265);
2022-10-10 13:48:04.618  INFO 3923 --- [    Test worker] p6spy                                    : #1665377284618 | took 0ms | statement | connection 25| url jdbc:h2:mem:6a3784ae-1aa6-4bbf-b617-4d4aeabcc2af
insert into picture (spot_id, url, picture_id) values (?, ?, ?)
insert into picture (spot_id, url, picture_id) values (NULL, 'java.io.StringReader@3ac3ce85', 2266);
2022-10-10 13:48:04.618  INFO 3923 --- [    Test worker] p6spy                                    : #1665377284618 | took 0ms | statement | connection 25| url jdbc:h2:mem:6a3784ae-1aa6-4bbf-b617-4d4aeabcc2af
insert into picture (spot_id, url, picture_id) values (?, ?, ?)
insert into picture (spot_id, url, picture_id) values (NULL, 'java.io.StringReader@aa817b6', 2267);
2022-10-10 13:48:04.618  INFO 3923 --- [    Test worker] p6spy                                    : #1665377284618 | took 0ms | statement | connection 25| url jdbc:h2:mem:6a3784ae-1aa6-4bbf-b617-4d4aeabcc2af
insert into spot (address, description, location, name, score_id, spot_id) values (?, ?, ?, ?, ?, ?)
insert into spot (address, description, location, name, score_id, spot_id) values (NULL, NULL, 'Andeok_myeon', NULL, 553, 619);
2022-10-10 13:48:04.618  INFO 3923 --- [    Test worker] p6spy                                    : #1665377284618 | took 0ms | statement | connection 25| url jdbc:h2:mem:6a3784ae-1aa6-4bbf-b617-4d4aeabcc2af
insert into member_spot (member_id, score, spot_id, member_spot_id) values (?, ?, ?, ?)
insert into member_spot (member_id, score, spot_id, member_spot_id) values (18, 0.0, 619, 2268);
2022-10-10 13:48:04.618  INFO 3923 --- [    Test worker] p6spy                                    : #1665377284618 | took 0ms | statement | connection 25| url jdbc:h2:mem:6a3784ae-1aa6-4bbf-b617-4d4aeabcc2af
insert into review (content, spot_id, review_id) values (?, ?, ?)
insert into review (content, spot_id, review_id) values ('java.io.StringReader@1d2bbf7d', 569, 555);
2022-10-10 13:48:04.618  INFO 3923 --- [    Test worker] p6spy                                    : #1665377284618 | took 0ms | statement | connection 25| url jdbc:h2:mem:6a3784ae-1aa6-4bbf-b617-4d4aeabcc2af
insert into favorite_spot (count, favorite_id, spot_id, favorite_spot_id) values (?, ?, ?, ?)
insert into favorite_spot (count, favorite_id, spot_id, favorite_spot_id) values (0, 39, 619, 446);
2022-10-10 13:48:04.618  INFO 3923 --- [    Test worker] p6spy                                    : #1665377284618 | took 0ms | statement | connection 25| url jdbc:h2:mem:6a3784ae-1aa6-4bbf-b617-4d4aeabcc2af
insert into score (facility_rank, facility_score, price_rank, price_score, rank_average, surround_rank, surround_score, view_rank, view_score, score_id) values (?, ?, ?, ?, ?, ?, ?, ?, ?, ?)
insert into score (facility_rank, facility_score, price_rank, price_score, rank_average, surround_rank, surround_score, view_rank, view_score, score_id) values (3.3567942828401085, 3.0942415610789142, 0.3523387251449317, 3.754585857720625, 9.43820514813962, 1.8395698300789498, 6.95248381530622, 9.941076525145158, 8.837553824222685, 554);
2022-10-10 13:48:04.618  INFO 3923 --- [    Test worker] p6spy                                    : #1665377284618 | took 0ms | statement | connection 25| url jdbc:h2:mem:6a3784ae-1aa6-4bbf-b617-4d4aeabcc2af
insert into picture (spot_id, url, picture_id) values (?, ?, ?)
insert into picture (spot_id, url, picture_id) values (NULL, 'java.io.StringReader@10c05e04', 2269);
2022-10-10 13:48:04.618  INFO 3923 --- [    Test worker] p6spy                                    : #1665377284618 | took 0ms | statement | connection 25| url jdbc:h2:mem:6a3784ae-1aa6-4bbf-b617-4d4aeabcc2af
insert into picture (spot_id, url, picture_id) values (?, ?, ?)
insert into picture (spot_id, url, picture_id) values (NULL, 'java.io.StringReader@15e92a8f', 2270);
2022-10-10 13:48:04.618  INFO 3923 --- [    Test worker] p6spy                                    : #1665377284618 | took 0ms | statement | connection 25| url jdbc:h2:mem:6a3784ae-1aa6-4bbf-b617-4d4aeabcc2af
insert into picture (spot_id, url, picture_id) values (?, ?, ?)
insert into picture (spot_id, url, picture_id) values (NULL, 'java.io.StringReader@1aab34a5', 2271);
2022-10-10 13:48:04.618  INFO 3923 --- [    Test worker] p6spy                                    : #1665377284618 | took 0ms | statement | connection 25| url jdbc:h2:mem:6a3784ae-1aa6-4bbf-b617-4d4aeabcc2af
insert into spot (address, description, location, name, score_id, spot_id) values (?, ?, ?, ?, ?, ?)
insert into spot (address, description, location, name, score_id, spot_id) values (NULL, NULL, 'Andeok_myeon', NULL, 554, 620);
2022-10-10 13:48:04.618  INFO 3923 --- [    Test worker] p6spy                                    : #1665377284618 | took 0ms | statement | connection 25| url jdbc:h2:mem:6a3784ae-1aa6-4bbf-b617-4d4aeabcc2af
insert into member_spot (member_id, score, spot_id, member_spot_id) values (?, ?, ?, ?)
insert into member_spot (member_id, score, spot_id, member_spot_id) values (18, 0.0, 620, 2272);
2022-10-10 13:48:04.618  INFO 3923 --- [    Test worker] p6spy                                    : #1665377284618 | took 0ms | statement | connection 25| url jdbc:h2:mem:6a3784ae-1aa6-4bbf-b617-4d4aeabcc2af
insert into review (content, spot_id, review_id) values (?, ?, ?)
insert into review (content, spot_id, review_id) values ('java.io.StringReader@402950', 569, 556);
2022-10-10 13:48:04.618  INFO 3923 --- [    Test worker] p6spy                                    : #1665377284618 | took 0ms | statement | connection 25| url jdbc:h2:mem:6a3784ae-1aa6-4bbf-b617-4d4aeabcc2af
insert into score (facility_rank, facility_score, price_rank, price_score, rank_average, surround_rank, surround_score, view_rank, view_score, score_id) values (?, ?, ?, ?, ?, ?, ?, ?, ?, ?)
insert into score (facility_rank, facility_score, price_rank, price_score, rank_average, surround_rank, surround_score, view_rank, view_score, score_id) values (8.489133880565483, 3.3913815989530036, 0.2858490373071376, 4.31680559351988, 4.2130487534659045, 7.321983983008601, 1.2279579383853445, 1.1740573097758877, 8.327689451292509, 555);
2022-10-10 13:48:04.618  INFO 3923 --- [    Test worker] p6spy                                    : #1665377284618 | took 0ms | statement | connection 25| url jdbc:h2:mem:6a3784ae-1aa6-4bbf-b617-4d4aeabcc2af
insert into picture (spot_id, url, picture_id) values (?, ?, ?)
insert into picture (spot_id, url, picture_id) values (NULL, 'java.io.StringReader@a7adf82', 2273);
2022-10-10 13:48:04.618  INFO 3923 --- [    Test worker] p6spy                                    : #1665377284618 | took 0ms | statement | connection 25| url jdbc:h2:mem:6a3784ae-1aa6-4bbf-b617-4d4aeabcc2af
insert into picture (spot_id, url, picture_id) values (?, ?, ?)
insert into picture (spot_id, url, picture_id) values (NULL, 'java.io.StringReader@6c90ff73', 2274);
2022-10-10 13:48:04.618  INFO 3923 --- [    Test worker] p6spy                                    : #1665377284618 | took 0ms | statement | connection 25| url jdbc:h2:mem:6a3784ae-1aa6-4bbf-b617-4d4aeabcc2af
insert into picture (spot_id, url, picture_id) values (?, ?, ?)
insert into picture (spot_id, url, picture_id) values (NULL, 'java.io.StringReader@72d26352', 2275);
2022-10-10 13:48:04.618  INFO 3923 --- [    Test worker] p6spy                                    : #1665377284618 | took 0ms | statement | connection 25| url jdbc:h2:mem:6a3784ae-1aa6-4bbf-b617-4d4aeabcc2af
insert into spot (address, description, location, name, score_id, spot_id) values (?, ?, ?, ?, ?, ?)
insert into spot (address, description, location, name, score_id, spot_id) values (NULL, NULL, 'Andeok_myeon', NULL, 555, 621);
2022-10-10 13:48:04.618  INFO 3923 --- [    Test worker] p6spy                                    : #1665377284618 | took 0ms | statement | connection 25| url jdbc:h2:mem:6a3784ae-1aa6-4bbf-b617-4d4aeabcc2af
insert into member_spot (member_id, score, spot_id, member_spot_id) values (?, ?, ?, ?)
insert into member_spot (member_id, score, spot_id, member_spot_id) values (18, 0.0, 621, 2276);
2022-10-10 13:48:04.618  INFO 3923 --- [    Test worker] p6spy                                    : #1665377284618 | took 0ms | statement | connection 25| url jdbc:h2:mem:6a3784ae-1aa6-4bbf-b617-4d4aeabcc2af
insert into review (content, spot_id, review_id) values (?, ?, ?)
insert into review (content, spot_id, review_id) values ('java.io.StringReader@78db9c86', 569, 557);
2022-10-10 13:48:04.618  INFO 3923 --- [    Test worker] p6spy                                    : #1665377284618 | took 0ms | statement | connection 25| url jdbc:h2:mem:6a3784ae-1aa6-4bbf-b617-4d4aeabcc2af
insert into favorite_spot (count, favorite_id, spot_id, favorite_spot_id) values (?, ?, ?, ?)
insert into favorite_spot (count, favorite_id, spot_id, favorite_spot_id) values (0, 39, 621, 447);
2022-10-10 13:48:04.618  INFO 3923 --- [    Test worker] p6spy                                    : #1665377284618 | took 0ms | statement | connection 25| url jdbc:h2:mem:6a3784ae-1aa6-4bbf-b617-4d4aeabcc2af
insert into score (facility_rank, facility_score, price_rank, price_score, rank_average, surround_rank, surround_score, view_rank, view_score, score_id) values (?, ?, ?, ?, ?, ?, ?, ?, ?, ?)
insert into score (facility_rank, facility_score, price_rank, price_score, rank_average, surround_rank, surround_score, view_rank, view_score, score_id) values (8.750220468437943, 2.112503587046536, 8.090896433712429, 1.6586382632036867, 4.003296232859662, 6.176403303000929, 1.736635216700585, 7.705120428726619, 6.9002729024094425, 556);
2022-10-10 13:48:04.618  INFO 3923 --- [    Test worker] p6spy                                    : #1665377284618 | took 0ms | statement | connection 25| url jdbc:h2:mem:6a3784ae-1aa6-4bbf-b617-4d4aeabcc2af
insert into picture (spot_id, url, picture_id) values (?, ?, ?)
insert into picture (spot_id, url, picture_id) values (NULL, 'java.io.StringReader@22f28805', 2277);
2022-10-10 13:48:04.618  INFO 3923 --- [    Test worker] p6spy                                    : #1665377284618 | took 0ms | statement | connection 25| url jdbc:h2:mem:6a3784ae-1aa6-4bbf-b617-4d4aeabcc2af
insert into picture (spot_id, url, picture_id) values (?, ?, ?)
insert into picture (spot_id, url, picture_id) values (NULL, 'java.io.StringReader@752a1eed', 2278);
2022-10-10 13:48:04.618  INFO 3923 --- [    Test worker] p6spy                                    : #1665377284618 | took 0ms | statement | connection 25| url jdbc:h2:mem:6a3784ae-1aa6-4bbf-b617-4d4aeabcc2af
insert into picture (spot_id, url, picture_id) values (?, ?, ?)
insert into picture (spot_id, url, picture_id) values (NULL, 'java.io.StringReader@4b3c10a4', 2279);
2022-10-10 13:48:04.618  INFO 3923 --- [    Test worker] p6spy                                    : #1665377284618 | took 0ms | statement | connection 25| url jdbc:h2:mem:6a3784ae-1aa6-4bbf-b617-4d4aeabcc2af
insert into spot (address, description, location, name, score_id, spot_id) values (?, ?, ?, ?, ?, ?)
insert into spot (address, description, location, name, score_id, spot_id) values (NULL, NULL, 'Andeok_myeon', NULL, 556, 622);
2022-10-10 13:48:04.618  INFO 3923 --- [    Test worker] p6spy                                    : #1665377284618 | took 0ms | statement | connection 25| url jdbc:h2:mem:6a3784ae-1aa6-4bbf-b617-4d4aeabcc2af
insert into member_spot (member_id, score, spot_id, member_spot_id) values (?, ?, ?, ?)
insert into member_spot (member_id, score, spot_id, member_spot_id) values (18, 0.0, 622, 2280);
2022-10-10 13:48:04.618  INFO 3923 --- [    Test worker] p6spy                                    : #1665377284618 | took 0ms | statement | connection 25| url jdbc:h2:mem:6a3784ae-1aa6-4bbf-b617-4d4aeabcc2af
insert into review (content, spot_id, review_id) values (?, ?, ?)
insert into review (content, spot_id, review_id) values ('java.io.StringReader@5165013', 569, 558);
2022-10-10 13:48:04.618  INFO 3923 --- [    Test worker] p6spy                                    : #1665377284618 | took 0ms | statement | connection 25| url jdbc:h2:mem:6a3784ae-1aa6-4bbf-b617-4d4aeabcc2af
insert into score (facility_rank, facility_score, price_rank, price_score, rank_average, surround_rank, surround_score, view_rank, view_score, score_id) values (?, ?, ?, ?, ?, ?, ?, ?, ?, ?)
insert into score (facility_rank, facility_score, price_rank, price_score, rank_average, surround_rank, surround_score, view_rank, view_score, score_id) values (1.6610142034113906, 5.952479202084305, 1.953784832187071, 8.375923460761566, 0.9963570947021838, 0.5530005470147126, 5.7045541569534866, 3.1611937993789265, 4.825373489995494, 557);
2022-10-10 13:48:04.618  INFO 3923 --- [    Test worker] p6spy                                    : #1665377284618 | took 0ms | statement | connection 25| url jdbc:h2:mem:6a3784ae-1aa6-4bbf-b617-4d4aeabcc2af
insert into picture (spot_id, url, picture_id) values (?, ?, ?)
insert into picture (spot_id, url, picture_id) values (NULL, 'java.io.StringReader@620ec9c7', 2281);
2022-10-10 13:48:04.618  INFO 3923 --- [    Test worker] p6spy                                    : #1665377284618 | took 0ms | statement | connection 25| url jdbc:h2:mem:6a3784ae-1aa6-4bbf-b617-4d4aeabcc2af
insert into picture (spot_id, url, picture_id) values (?, ?, ?)
insert into picture (spot_id, url, picture_id) values (NULL, 'java.io.StringReader@2cdefa7d', 2282);
2022-10-10 13:48:04.618  INFO 3923 --- [    Test worker] p6spy                                    : #1665377284618 | took 0ms | statement | connection 25| url jdbc:h2:mem:6a3784ae-1aa6-4bbf-b617-4d4aeabcc2af
insert into picture (spot_id, url, picture_id) values (?, ?, ?)
insert into picture (spot_id, url, picture_id) values (NULL, 'java.io.StringReader@210d7213', 2283);
2022-10-10 13:48:04.619  INFO 3923 --- [    Test worker] p6spy                                    : #1665377284619 | took 0ms | statement | connection 25| url jdbc:h2:mem:6a3784ae-1aa6-4bbf-b617-4d4aeabcc2af
insert into spot (address, description, location, name, score_id, spot_id) values (?, ?, ?, ?, ?, ?)
insert into spot (address, description, location, name, score_id, spot_id) values (NULL, NULL, 'Andeok_myeon', NULL, 557, 623);
2022-10-10 13:48:04.619  INFO 3923 --- [    Test worker] p6spy                                    : #1665377284619 | took 0ms | statement | connection 25| url jdbc:h2:mem:6a3784ae-1aa6-4bbf-b617-4d4aeabcc2af
insert into member_spot (member_id, score, spot_id, member_spot_id) values (?, ?, ?, ?)
insert into member_spot (member_id, score, spot_id, member_spot_id) values (18, 0.0, 623, 2284);
2022-10-10 13:48:04.619  INFO 3923 --- [    Test worker] p6spy                                    : #1665377284619 | took 0ms | statement | connection 25| url jdbc:h2:mem:6a3784ae-1aa6-4bbf-b617-4d4aeabcc2af
insert into review (content, spot_id, review_id) values (?, ?, ?)
insert into review (content, spot_id, review_id) values ('java.io.StringReader@5b5bd732', 569, 559);
2022-10-10 13:48:04.619  INFO 3923 --- [    Test worker] p6spy                                    : #1665377284619 | took 0ms | statement | connection 25| url jdbc:h2:mem:6a3784ae-1aa6-4bbf-b617-4d4aeabcc2af
insert into favorite_spot (count, favorite_id, spot_id, favorite_spot_id) values (?, ?, ?, ?)
insert into favorite_spot (count, favorite_id, spot_id, favorite_spot_id) values (0, 39, 623, 448);
2022-10-10 13:48:04.619  INFO 3923 --- [    Test worker] p6spy                                    : #1665377284619 | took 0ms | statement | connection 25| url jdbc:h2:mem:6a3784ae-1aa6-4bbf-b617-4d4aeabcc2af
insert into score (facility_rank, facility_score, price_rank, price_score, rank_average, surround_rank, surround_score, view_rank, view_score, score_id) values (?, ?, ?, ?, ?, ?, ?, ?, ?, ?)
insert into score (facility_rank, facility_score, price_rank, price_score, rank_average, surround_rank, surround_score, view_rank, view_score, score_id) values (8.174416849019547, 6.485096427101902, 8.705339212651849, 8.015932840881693, 7.122898569893518, 9.659932379288847, 3.116756394256247, 3.7500491245554035, 7.264503428758725, 558);
2022-10-10 13:48:04.619  INFO 3923 --- [    Test worker] p6spy                                    : #1665377284619 | took 0ms | statement | connection 25| url jdbc:h2:mem:6a3784ae-1aa6-4bbf-b617-4d4aeabcc2af
insert into picture (spot_id, url, picture_id) values (?, ?, ?)
insert into picture (spot_id, url, picture_id) values (NULL, 'java.io.StringReader@7d889e1', 2285);
2022-10-10 13:48:04.619  INFO 3923 --- [    Test worker] p6spy                                    : #1665377284619 | took 0ms | statement | connection 25| url jdbc:h2:mem:6a3784ae-1aa6-4bbf-b617-4d4aeabcc2af
insert into picture (spot_id, url, picture_id) values (?, ?, ?)
insert into picture (spot_id, url, picture_id) values (NULL, 'java.io.StringReader@7fb338b0', 2286);
2022-10-10 13:48:04.619  INFO 3923 --- [    Test worker] p6spy                                    : #1665377284619 | took 0ms | statement | connection 25| url jdbc:h2:mem:6a3784ae-1aa6-4bbf-b617-4d4aeabcc2af
insert into picture (spot_id, url, picture_id) values (?, ?, ?)
insert into picture (spot_id, url, picture_id) values (NULL, 'java.io.StringReader@5a901eae', 2287);
2022-10-10 13:48:04.619  INFO 3923 --- [    Test worker] p6spy                                    : #1665377284619 | took 0ms | statement | connection 25| url jdbc:h2:mem:6a3784ae-1aa6-4bbf-b617-4d4aeabcc2af
insert into spot (address, description, location, name, score_id, spot_id) values (?, ?, ?, ?, ?, ?)
insert into spot (address, description, location, name, score_id, spot_id) values (NULL, NULL, 'Andeok_myeon', NULL, 558, 624);
2022-10-10 13:48:04.619  INFO 3923 --- [    Test worker] p6spy                                    : #1665377284619 | took 0ms | statement | connection 25| url jdbc:h2:mem:6a3784ae-1aa6-4bbf-b617-4d4aeabcc2af
insert into member_spot (member_id, score, spot_id, member_spot_id) values (?, ?, ?, ?)
insert into member_spot (member_id, score, spot_id, member_spot_id) values (18, 0.0, 624, 2288);
2022-10-10 13:48:04.619  INFO 3923 --- [    Test worker] p6spy                                    : #1665377284619 | took 0ms | statement | connection 25| url jdbc:h2:mem:6a3784ae-1aa6-4bbf-b617-4d4aeabcc2af
insert into review (content, spot_id, review_id) values (?, ?, ?)
insert into review (content, spot_id, review_id) values ('java.io.StringReader@3b870297', 569, 560);
2022-10-10 13:48:04.619  INFO 3923 --- [    Test worker] p6spy                                    : #1665377284619 | took 0ms | statement | connection 25| url jdbc:h2:mem:6a3784ae-1aa6-4bbf-b617-4d4aeabcc2af
insert into score (facility_rank, facility_score, price_rank, price_score, rank_average, surround_rank, surround_score, view_rank, view_score, score_id) values (?, ?, ?, ?, ?, ?, ?, ?, ?, ?)
insert into score (facility_rank, facility_score, price_rank, price_score, rank_average, surround_rank, surround_score, view_rank, view_score, score_id) values (9.005432300850304, 8.992507856514129, 9.316839708308251, 4.051821911831663, 5.153924943568574, 6.961533297341087, 2.3628554559025594, 0.7840561909911814, 0.07525597312942223, 559);
2022-10-10 13:48:04.619  INFO 3923 --- [    Test worker] p6spy                                    : #1665377284619 | took 0ms | statement | connection 25| url jdbc:h2:mem:6a3784ae-1aa6-4bbf-b617-4d4aeabcc2af
insert into picture (spot_id, url, picture_id) values (?, ?, ?)
insert into picture (spot_id, url, picture_id) values (NULL, 'java.io.StringReader@f74c6bf', 2289);
2022-10-10 13:48:04.619  INFO 3923 --- [    Test worker] p6spy                                    : #1665377284619 | took 0ms | statement | connection 25| url jdbc:h2:mem:6a3784ae-1aa6-4bbf-b617-4d4aeabcc2af
insert into picture (spot_id, url, picture_id) values (?, ?, ?)
insert into picture (spot_id, url, picture_id) values (NULL, 'java.io.StringReader@36940885', 2290);
2022-10-10 13:48:04.619  INFO 3923 --- [    Test worker] p6spy                                    : #1665377284619 | took 0ms | statement | connection 25| url jdbc:h2:mem:6a3784ae-1aa6-4bbf-b617-4d4aeabcc2af
insert into picture (spot_id, url, picture_id) values (?, ?, ?)
insert into picture (spot_id, url, picture_id) values (NULL, 'java.io.StringReader@4c6ecb9e', 2291);
2022-10-10 13:48:04.619  INFO 3923 --- [    Test worker] p6spy                                    : #1665377284619 | took 0ms | statement | connection 25| url jdbc:h2:mem:6a3784ae-1aa6-4bbf-b617-4d4aeabcc2af
insert into spot (address, description, location, name, score_id, spot_id) values (?, ?, ?, ?, ?, ?)
insert into spot (address, description, location, name, score_id, spot_id) values (NULL, NULL, 'Andeok_myeon', NULL, 559, 625);
2022-10-10 13:48:04.619  INFO 3923 --- [    Test worker] p6spy                                    : #1665377284619 | took 0ms | statement | connection 25| url jdbc:h2:mem:6a3784ae-1aa6-4bbf-b617-4d4aeabcc2af
insert into member_spot (member_id, score, spot_id, member_spot_id) values (?, ?, ?, ?)
insert into member_spot (member_id, score, spot_id, member_spot_id) values (18, 0.0, 625, 2292);
2022-10-10 13:48:04.619  INFO 3923 --- [    Test worker] p6spy                                    : #1665377284619 | took 0ms | statement | connection 25| url jdbc:h2:mem:6a3784ae-1aa6-4bbf-b617-4d4aeabcc2af
insert into review (content, spot_id, review_id) values (?, ?, ?)
insert into review (content, spot_id, review_id) values ('java.io.StringReader@32c4459a', 569, 561);
2022-10-10 13:48:04.619  INFO 3923 --- [    Test worker] p6spy                                    : #1665377284619 | took 0ms | statement | connection 25| url jdbc:h2:mem:6a3784ae-1aa6-4bbf-b617-4d4aeabcc2af
insert into favorite_spot (count, favorite_id, spot_id, favorite_spot_id) values (?, ?, ?, ?)
insert into favorite_spot (count, favorite_id, spot_id, favorite_spot_id) values (0, 39, 625, 449);
2022-10-10 13:48:04.619  INFO 3923 --- [    Test worker] p6spy                                    : #1665377284619 | took 0ms | statement | connection 25| url jdbc:h2:mem:6a3784ae-1aa6-4bbf-b617-4d4aeabcc2af
insert into score (facility_rank, facility_score, price_rank, price_score, rank_average, surround_rank, surround_score, view_rank, view_score, score_id) values (?, ?, ?, ?, ?, ?, ?, ?, ?, ?)
insert into score (facility_rank, facility_score, price_rank, price_score, rank_average, surround_rank, surround_score, view_rank, view_score, score_id) values (2.258449368732418, 7.920813687206527, 6.087136240584098, 5.806264577116702, 5.107031149766902, 3.943629636250475, 7.031577854384908, 7.333510047889541, 7.919969331496029, 560);
2022-10-10 13:48:04.619  INFO 3923 --- [    Test worker] p6spy                                    : #1665377284619 | took 0ms | statement | connection 25| url jdbc:h2:mem:6a3784ae-1aa6-4bbf-b617-4d4aeabcc2af
insert into picture (spot_id, url, picture_id) values (?, ?, ?)
insert into picture (spot_id, url, picture_id) values (NULL, 'java.io.StringReader@237c67aa', 2293);
2022-10-10 13:48:04.619  INFO 3923 --- [    Test worker] p6spy                                    : #1665377284619 | took 0ms | statement | connection 25| url jdbc:h2:mem:6a3784ae-1aa6-4bbf-b617-4d4aeabcc2af
insert into picture (spot_id, url, picture_id) values (?, ?, ?)
insert into picture (spot_id, url, picture_id) values (NULL, 'java.io.StringReader@7ac0d188', 2294);
2022-10-10 13:48:04.619  INFO 3923 --- [    Test worker] p6spy                                    : #1665377284619 | took 0ms | statement | connection 25| url jdbc:h2:mem:6a3784ae-1aa6-4bbf-b617-4d4aeabcc2af
insert into picture (spot_id, url, picture_id) values (?, ?, ?)
insert into picture (spot_id, url, picture_id) values (NULL, 'java.io.StringReader@73023b79', 2295);
2022-10-10 13:48:04.619  INFO 3923 --- [    Test worker] p6spy                                    : #1665377284619 | took 0ms | statement | connection 25| url jdbc:h2:mem:6a3784ae-1aa6-4bbf-b617-4d4aeabcc2af
insert into spot (address, description, location, name, score_id, spot_id) values (?, ?, ?, ?, ?, ?)
insert into spot (address, description, location, name, score_id, spot_id) values (NULL, NULL, 'Andeok_myeon', NULL, 560, 626);
2022-10-10 13:48:04.619  INFO 3923 --- [    Test worker] p6spy                                    : #1665377284619 | took 0ms | statement | connection 25| url jdbc:h2:mem:6a3784ae-1aa6-4bbf-b617-4d4aeabcc2af
insert into member_spot (member_id, score, spot_id, member_spot_id) values (?, ?, ?, ?)
insert into member_spot (member_id, score, spot_id, member_spot_id) values (18, 0.0, 626, 2296);
2022-10-10 13:48:04.619  INFO 3923 --- [    Test worker] p6spy                                    : #1665377284619 | took 0ms | statement | connection 25| url jdbc:h2:mem:6a3784ae-1aa6-4bbf-b617-4d4aeabcc2af
insert into review (content, spot_id, review_id) values (?, ?, ?)
insert into review (content, spot_id, review_id) values ('java.io.StringReader@6dc62fcf', 569, 562);
2022-10-10 13:48:04.619  INFO 3923 --- [    Test worker] p6spy                                    : #1665377284619 | took 0ms | statement | connection 25| url jdbc:h2:mem:6a3784ae-1aa6-4bbf-b617-4d4aeabcc2af
insert into score (facility_rank, facility_score, price_rank, price_score, rank_average, surround_rank, surround_score, view_rank, view_score, score_id) values (?, ?, ?, ?, ?, ?, ?, ?, ?, ?)
insert into score (facility_rank, facility_score, price_rank, price_score, rank_average, surround_rank, surround_score, view_rank, view_score, score_id) values (5.448883108885837, 0.982112881142928, 6.17031344958658, 6.994425892957973, 9.562846332271004, 8.839793845145197, 8.346522141770025, 7.767091127532174, 7.386498627947709, 561);
2022-10-10 13:48:04.619  INFO 3923 --- [    Test worker] p6spy                                    : #1665377284619 | took 0ms | statement | connection 25| url jdbc:h2:mem:6a3784ae-1aa6-4bbf-b617-4d4aeabcc2af
insert into picture (spot_id, url, picture_id) values (?, ?, ?)
insert into picture (spot_id, url, picture_id) values (NULL, 'java.io.StringReader@369a654e', 2297);
2022-10-10 13:48:04.619  INFO 3923 --- [    Test worker] p6spy                                    : #1665377284619 | took 0ms | statement | connection 25| url jdbc:h2:mem:6a3784ae-1aa6-4bbf-b617-4d4aeabcc2af
insert into picture (spot_id, url, picture_id) values (?, ?, ?)
insert into picture (spot_id, url, picture_id) values (NULL, 'java.io.StringReader@1096c79f', 2298);
2022-10-10 13:48:04.619  INFO 3923 --- [    Test worker] p6spy                                    : #1665377284619 | took 0ms | statement | connection 25| url jdbc:h2:mem:6a3784ae-1aa6-4bbf-b617-4d4aeabcc2af
insert into picture (spot_id, url, picture_id) values (?, ?, ?)
insert into picture (spot_id, url, picture_id) values (NULL, 'java.io.StringReader@54d69e9a', 2299);
2022-10-10 13:48:04.619  INFO 3923 --- [    Test worker] p6spy                                    : #1665377284619 | took 0ms | statement | connection 25| url jdbc:h2:mem:6a3784ae-1aa6-4bbf-b617-4d4aeabcc2af
insert into spot (address, description, location, name, score_id, spot_id) values (?, ?, ?, ?, ?, ?)
insert into spot (address, description, location, name, score_id, spot_id) values (NULL, NULL, 'Andeok_myeon', NULL, 561, 627);
2022-10-10 13:48:04.619  INFO 3923 --- [    Test worker] p6spy                                    : #1665377284619 | took 0ms | statement | connection 25| url jdbc:h2:mem:6a3784ae-1aa6-4bbf-b617-4d4aeabcc2af
insert into member_spot (member_id, score, spot_id, member_spot_id) values (?, ?, ?, ?)
insert into member_spot (member_id, score, spot_id, member_spot_id) values (18, 0.0, 627, 2300);
2022-10-10 13:48:04.619  INFO 3923 --- [    Test worker] p6spy                                    : #1665377284619 | took 0ms | statement | connection 25| url jdbc:h2:mem:6a3784ae-1aa6-4bbf-b617-4d4aeabcc2af
insert into review (content, spot_id, review_id) values (?, ?, ?)
insert into review (content, spot_id, review_id) values ('java.io.StringReader@49a88ca6', 569, 563);
2022-10-10 13:48:04.619  INFO 3923 --- [    Test worker] p6spy                                    : #1665377284619 | took 0ms | statement | connection 25| url jdbc:h2:mem:6a3784ae-1aa6-4bbf-b617-4d4aeabcc2af
insert into favorite_spot (count, favorite_id, spot_id, favorite_spot_id) values (?, ?, ?, ?)
insert into favorite_spot (count, favorite_id, spot_id, favorite_spot_id) values (0, 39, 627, 450);
2022-10-10 13:48:04.619  INFO 3923 --- [    Test worker] p6spy                                    : #1665377284619 | took 0ms | statement | connection 25| url jdbc:h2:mem:6a3784ae-1aa6-4bbf-b617-4d4aeabcc2af
insert into score (facility_rank, facility_score, price_rank, price_score, rank_average, surround_rank, surround_score, view_rank, view_score, score_id) values (?, ?, ?, ?, ?, ?, ?, ?, ?, ?)
insert into score (facility_rank, facility_score, price_rank, price_score, rank_average, surround_rank, surround_score, view_rank, view_score, score_id) values (2.458339979028352, 0.5945801412611984, 3.107791885371647, 2.0529713851009967, 0.9109509698512896, 1.41376807870358, 4.451538421393623, 7.959097151491825, 6.083334574088278, 562);
2022-10-10 13:48:04.619  INFO 3923 --- [    Test worker] p6spy                                    : #1665377284619 | took 0ms | statement | connection 25| url jdbc:h2:mem:6a3784ae-1aa6-4bbf-b617-4d4aeabcc2af
insert into picture (spot_id, url, picture_id) values (?, ?, ?)
insert into picture (spot_id, url, picture_id) values (NULL, 'java.io.StringReader@79ead9a9', 2301);
2022-10-10 13:48:04.619  INFO 3923 --- [    Test worker] p6spy                                    : #1665377284619 | took 0ms | statement | connection 25| url jdbc:h2:mem:6a3784ae-1aa6-4bbf-b617-4d4aeabcc2af
insert into picture (spot_id, url, picture_id) values (?, ?, ?)
insert into picture (spot_id, url, picture_id) values (NULL, 'java.io.StringReader@2a2a3fbb', 2302);
2022-10-10 13:48:04.619  INFO 3923 --- [    Test worker] p6spy                                    : #1665377284619 | took 0ms | statement | connection 25| url jdbc:h2:mem:6a3784ae-1aa6-4bbf-b617-4d4aeabcc2af
insert into picture (spot_id, url, picture_id) values (?, ?, ?)
insert into picture (spot_id, url, picture_id) values (NULL, 'java.io.StringReader@788f29cd', 2303);
2022-10-10 13:48:04.619  INFO 3923 --- [    Test worker] p6spy                                    : #1665377284619 | took 0ms | statement | connection 25| url jdbc:h2:mem:6a3784ae-1aa6-4bbf-b617-4d4aeabcc2af
insert into spot (address, description, location, name, score_id, spot_id) values (?, ?, ?, ?, ?, ?)
insert into spot (address, description, location, name, score_id, spot_id) values (NULL, NULL, 'Andeok_myeon', NULL, 562, 628);
2022-10-10 13:48:04.619  INFO 3923 --- [    Test worker] p6spy                                    : #1665377284619 | took 0ms | statement | connection 25| url jdbc:h2:mem:6a3784ae-1aa6-4bbf-b617-4d4aeabcc2af
insert into member_spot (member_id, score, spot_id, member_spot_id) values (?, ?, ?, ?)
insert into member_spot (member_id, score, spot_id, member_spot_id) values (18, 0.0, 628, 2304);
2022-10-10 13:48:04.619  INFO 3923 --- [    Test worker] p6spy                                    : #1665377284619 | took 0ms | statement | connection 25| url jdbc:h2:mem:6a3784ae-1aa6-4bbf-b617-4d4aeabcc2af
insert into review (content, spot_id, review_id) values (?, ?, ?)
insert into review (content, spot_id, review_id) values ('java.io.StringReader@7a849505', 569, 564);
2022-10-10 13:48:04.620  INFO 3923 --- [    Test worker] p6spy                                    : #1665377284620 | took 0ms | statement | connection 25| url jdbc:h2:mem:6a3784ae-1aa6-4bbf-b617-4d4aeabcc2af
insert into score (facility_rank, facility_score, price_rank, price_score, rank_average, surround_rank, surround_score, view_rank, view_score, score_id) values (?, ?, ?, ?, ?, ?, ?, ?, ?, ?)
insert into score (facility_rank, facility_score, price_rank, price_score, rank_average, surround_rank, surround_score, view_rank, view_score, score_id) values (9.656963295671147, 9.795199739058807, 5.009658927963247, 4.052554464340893, 9.22810536892155, 0.47481455895694413, 7.120490887139182, 3.203729231564912, 1.0391466279231876, 563);
2022-10-10 13:48:04.620  INFO 3923 --- [    Test worker] p6spy                                    : #1665377284620 | took 0ms | statement | connection 25| url jdbc:h2:mem:6a3784ae-1aa6-4bbf-b617-4d4aeabcc2af
insert into picture (spot_id, url, picture_id) values (?, ?, ?)
insert into picture (spot_id, url, picture_id) values (NULL, 'java.io.StringReader@9586c4c', 2305);
2022-10-10 13:48:04.620  INFO 3923 --- [    Test worker] p6spy                                    : #1665377284620 | took 0ms | statement | connection 25| url jdbc:h2:mem:6a3784ae-1aa6-4bbf-b617-4d4aeabcc2af
insert into picture (spot_id, url, picture_id) values (?, ?, ?)
insert into picture (spot_id, url, picture_id) values (NULL, 'java.io.StringReader@6d55d0d6', 2306);
2022-10-10 13:48:04.620  INFO 3923 --- [    Test worker] p6spy                                    : #1665377284620 | took 0ms | statement | connection 25| url jdbc:h2:mem:6a3784ae-1aa6-4bbf-b617-4d4aeabcc2af
insert into picture (spot_id, url, picture_id) values (?, ?, ?)
insert into picture (spot_id, url, picture_id) values (NULL, 'java.io.StringReader@3bbb9611', 2307);
2022-10-10 13:48:04.620  INFO 3923 --- [    Test worker] p6spy                                    : #1665377284620 | took 0ms | statement | connection 25| url jdbc:h2:mem:6a3784ae-1aa6-4bbf-b617-4d4aeabcc2af
insert into spot (address, description, location, name, score_id, spot_id) values (?, ?, ?, ?, ?, ?)
insert into spot (address, description, location, name, score_id, spot_id) values (NULL, NULL, 'Andeok_myeon', NULL, 563, 629);
2022-10-10 13:48:04.620  INFO 3923 --- [    Test worker] p6spy                                    : #1665377284620 | took 0ms | statement | connection 25| url jdbc:h2:mem:6a3784ae-1aa6-4bbf-b617-4d4aeabcc2af
insert into member_spot (member_id, score, spot_id, member_spot_id) values (?, ?, ?, ?)
insert into member_spot (member_id, score, spot_id, member_spot_id) values (18, 0.0, 629, 2308);
2022-10-10 13:48:04.620  INFO 3923 --- [    Test worker] p6spy                                    : #1665377284620 | took 0ms | statement | connection 25| url jdbc:h2:mem:6a3784ae-1aa6-4bbf-b617-4d4aeabcc2af
insert into review (content, spot_id, review_id) values (?, ?, ?)
insert into review (content, spot_id, review_id) values ('java.io.StringReader@14abbf', 569, 565);
2022-10-10 13:48:04.620  INFO 3923 --- [    Test worker] p6spy                                    : #1665377284620 | took 0ms | statement | connection 25| url jdbc:h2:mem:6a3784ae-1aa6-4bbf-b617-4d4aeabcc2af
insert into favorite_spot (count, favorite_id, spot_id, favorite_spot_id) values (?, ?, ?, ?)
insert into favorite_spot (count, favorite_id, spot_id, favorite_spot_id) values (0, 39, 629, 451);
2022-10-10 13:48:04.620  INFO 3923 --- [    Test worker] p6spy                                    : #1665377284620 | took 0ms | statement | connection 25| url jdbc:h2:mem:6a3784ae-1aa6-4bbf-b617-4d4aeabcc2af
insert into score (facility_rank, facility_score, price_rank, price_score, rank_average, surround_rank, surround_score, view_rank, view_score, score_id) values (?, ?, ?, ?, ?, ?, ?, ?, ?, ?)
insert into score (facility_rank, facility_score, price_rank, price_score, rank_average, surround_rank, surround_score, view_rank, view_score, score_id) values (4.665660752326746, 7.523615011593019, 2.6606302515775857, 0.8196400280656069, 5.531543164341533, 1.1681192665367912, 9.49549696529309, 5.596725446415274, 8.154659455777187, 564);
2022-10-10 13:48:04.620  INFO 3923 --- [    Test worker] p6spy                                    : #1665377284620 | took 0ms | statement | connection 25| url jdbc:h2:mem:6a3784ae-1aa6-4bbf-b617-4d4aeabcc2af
insert into picture (spot_id, url, picture_id) values (?, ?, ?)
insert into picture (spot_id, url, picture_id) values (NULL, 'java.io.StringReader@71ec704d', 2309);
2022-10-10 13:48:04.620  INFO 3923 --- [    Test worker] p6spy                                    : #1665377284620 | took 0ms | statement | connection 25| url jdbc:h2:mem:6a3784ae-1aa6-4bbf-b617-4d4aeabcc2af
insert into picture (spot_id, url, picture_id) values (?, ?, ?)
insert into picture (spot_id, url, picture_id) values (NULL, 'java.io.StringReader@37601c65', 2310);
2022-10-10 13:48:04.620  INFO 3923 --- [    Test worker] p6spy                                    : #1665377284620 | took 0ms | statement | connection 25| url jdbc:h2:mem:6a3784ae-1aa6-4bbf-b617-4d4aeabcc2af
insert into picture (spot_id, url, picture_id) values (?, ?, ?)
insert into picture (spot_id, url, picture_id) values (NULL, 'java.io.StringReader@528e6647', 2311);
2022-10-10 13:48:04.620  INFO 3923 --- [    Test worker] p6spy                                    : #1665377284620 | took 0ms | statement | connection 25| url jdbc:h2:mem:6a3784ae-1aa6-4bbf-b617-4d4aeabcc2af
insert into spot (address, description, location, name, score_id, spot_id) values (?, ?, ?, ?, ?, ?)
insert into spot (address, description, location, name, score_id, spot_id) values (NULL, NULL, 'Andeok_myeon', NULL, 564, 630);
2022-10-10 13:48:04.620  INFO 3923 --- [    Test worker] p6spy                                    : #1665377284620 | took 0ms | statement | connection 25| url jdbc:h2:mem:6a3784ae-1aa6-4bbf-b617-4d4aeabcc2af
insert into member_spot (member_id, score, spot_id, member_spot_id) values (?, ?, ?, ?)
insert into member_spot (member_id, score, spot_id, member_spot_id) values (18, 0.0, 630, 2312);
2022-10-10 13:48:04.620  INFO 3923 --- [    Test worker] p6spy                                    : #1665377284620 | took 0ms | statement | connection 25| url jdbc:h2:mem:6a3784ae-1aa6-4bbf-b617-4d4aeabcc2af
insert into review (content, spot_id, review_id) values (?, ?, ?)
insert into review (content, spot_id, review_id) values ('java.io.StringReader@484976f1', 569, 566);
2022-10-10 13:48:04.620  INFO 3923 --- [    Test worker] p6spy                                    : #1665377284620 | took 0ms | statement | connection 25| url jdbc:h2:mem:6a3784ae-1aa6-4bbf-b617-4d4aeabcc2af
insert into score (facility_rank, facility_score, price_rank, price_score, rank_average, surround_rank, surround_score, view_rank, view_score, score_id) values (?, ?, ?, ?, ?, ?, ?, ?, ?, ?)
insert into score (facility_rank, facility_score, price_rank, price_score, rank_average, surround_rank, surround_score, view_rank, view_score, score_id) values (9.08840078778697, 7.371922905977122, 0.41509512699520523, 5.538139167161922, 7.717058495704899, 5.50993977058984, 4.492544643935511, 6.23454829371127, 1.6305412804443131, 565);
2022-10-10 13:48:04.620  INFO 3923 --- [    Test worker] p6spy                                    : #1665377284620 | took 0ms | statement | connection 25| url jdbc:h2:mem:6a3784ae-1aa6-4bbf-b617-4d4aeabcc2af
insert into picture (spot_id, url, picture_id) values (?, ?, ?)
insert into picture (spot_id, url, picture_id) values (NULL, 'java.io.StringReader@54a2f20e', 2313);
2022-10-10 13:48:04.620  INFO 3923 --- [    Test worker] p6spy                                    : #1665377284620 | took 0ms | statement | connection 25| url jdbc:h2:mem:6a3784ae-1aa6-4bbf-b617-4d4aeabcc2af
insert into picture (spot_id, url, picture_id) values (?, ?, ?)
insert into picture (spot_id, url, picture_id) values (NULL, 'java.io.StringReader@41a0c115', 2314);
2022-10-10 13:48:04.620  INFO 3923 --- [    Test worker] p6spy                                    : #1665377284620 | took 0ms | statement | connection 25| url jdbc:h2:mem:6a3784ae-1aa6-4bbf-b617-4d4aeabcc2af
insert into picture (spot_id, url, picture_id) values (?, ?, ?)
insert into picture (spot_id, url, picture_id) values (NULL, 'java.io.StringReader@360b204a', 2315);
2022-10-10 13:48:04.620  INFO 3923 --- [    Test worker] p6spy                                    : #1665377284620 | took 0ms | statement | connection 25| url jdbc:h2:mem:6a3784ae-1aa6-4bbf-b617-4d4aeabcc2af
insert into spot (address, description, location, name, score_id, spot_id) values (?, ?, ?, ?, ?, ?)
insert into spot (address, description, location, name, score_id, spot_id) values (NULL, NULL, 'Andeok_myeon', NULL, 565, 631);
2022-10-10 13:48:04.620  INFO 3923 --- [    Test worker] p6spy                                    : #1665377284620 | took 0ms | statement | connection 25| url jdbc:h2:mem:6a3784ae-1aa6-4bbf-b617-4d4aeabcc2af
insert into member_spot (member_id, score, spot_id, member_spot_id) values (?, ?, ?, ?)
insert into member_spot (member_id, score, spot_id, member_spot_id) values (18, 0.0, 631, 2316);
2022-10-10 13:48:04.620  INFO 3923 --- [    Test worker] p6spy                                    : #1665377284620 | took 0ms | statement | connection 25| url jdbc:h2:mem:6a3784ae-1aa6-4bbf-b617-4d4aeabcc2af
insert into review (content, spot_id, review_id) values (?, ?, ?)
insert into review (content, spot_id, review_id) values ('java.io.StringReader@390f03d6', 569, 567);
2022-10-10 13:48:04.620  INFO 3923 --- [    Test worker] p6spy                                    : #1665377284620 | took 0ms | statement | connection 25| url jdbc:h2:mem:6a3784ae-1aa6-4bbf-b617-4d4aeabcc2af
insert into favorite_spot (count, favorite_id, spot_id, favorite_spot_id) values (?, ?, ?, ?)
insert into favorite_spot (count, favorite_id, spot_id, favorite_spot_id) values (0, 39, 631, 452);
2022-10-10 13:48:04.620  INFO 3923 --- [    Test worker] p6spy                                    : #1665377284620 | took 0ms | statement | connection 25| url jdbc:h2:mem:6a3784ae-1aa6-4bbf-b617-4d4aeabcc2af
insert into score (facility_rank, facility_score, price_rank, price_score, rank_average, surround_rank, surround_score, view_rank, view_score, score_id) values (?, ?, ?, ?, ?, ?, ?, ?, ?, ?)
insert into score (facility_rank, facility_score, price_rank, price_score, rank_average, surround_rank, surround_score, view_rank, view_score, score_id) values (2.1438441875701297, 0.3507633304501556, 8.283250536481123, 4.6976547945622515, 3.3767619387320478, 4.879892292575176, 9.35350174488374, 5.328010149809863, 3.5106154760032195, 566);
2022-10-10 13:48:04.620  INFO 3923 --- [    Test worker] p6spy                                    : #1665377284620 | took 0ms | statement | connection 25| url jdbc:h2:mem:6a3784ae-1aa6-4bbf-b617-4d4aeabcc2af
insert into picture (spot_id, url, picture_id) values (?, ?, ?)
insert into picture (spot_id, url, picture_id) values (NULL, 'java.io.StringReader@f5c44d0', 2317);
2022-10-10 13:48:04.620  INFO 3923 --- [    Test worker] p6spy                                    : #1665377284620 | took 0ms | statement | connection 25| url jdbc:h2:mem:6a3784ae-1aa6-4bbf-b617-4d4aeabcc2af
insert into picture (spot_id, url, picture_id) values (?, ?, ?)
insert into picture (spot_id, url, picture_id) values (NULL, 'java.io.StringReader@299b4a1d', 2318);
2022-10-10 13:48:04.620  INFO 3923 --- [    Test worker] p6spy                                    : #1665377284620 | took 0ms | statement | connection 25| url jdbc:h2:mem:6a3784ae-1aa6-4bbf-b617-4d4aeabcc2af
insert into picture (spot_id, url, picture_id) values (?, ?, ?)
insert into picture (spot_id, url, picture_id) values (NULL, 'java.io.StringReader@70c6238', 2319);
2022-10-10 13:48:04.620  INFO 3923 --- [    Test worker] p6spy                                    : #1665377284620 | took 0ms | statement | connection 25| url jdbc:h2:mem:6a3784ae-1aa6-4bbf-b617-4d4aeabcc2af
insert into spot (address, description, location, name, score_id, spot_id) values (?, ?, ?, ?, ?, ?)
insert into spot (address, description, location, name, score_id, spot_id) values (NULL, NULL, 'Andeok_myeon', NULL, 566, 632);
2022-10-10 13:48:04.620  INFO 3923 --- [    Test worker] p6spy                                    : #1665377284620 | took 0ms | statement | connection 25| url jdbc:h2:mem:6a3784ae-1aa6-4bbf-b617-4d4aeabcc2af
insert into member_spot (member_id, score, spot_id, member_spot_id) values (?, ?, ?, ?)
insert into member_spot (member_id, score, spot_id, member_spot_id) values (18, 0.0, 632, 2320);
2022-10-10 13:48:04.620  INFO 3923 --- [    Test worker] p6spy                                    : #1665377284620 | took 0ms | statement | connection 25| url jdbc:h2:mem:6a3784ae-1aa6-4bbf-b617-4d4aeabcc2af
insert into review (content, spot_id, review_id) values (?, ?, ?)
insert into review (content, spot_id, review_id) values ('java.io.StringReader@226d1dbb', 569, 568);
2022-10-10 13:48:04.620  INFO 3923 --- [    Test worker] p6spy                                    : #1665377284620 | took 0ms | statement | connection 25| url jdbc:h2:mem:6a3784ae-1aa6-4bbf-b617-4d4aeabcc2af
insert into score (facility_rank, facility_score, price_rank, price_score, rank_average, surround_rank, surround_score, view_rank, view_score, score_id) values (?, ?, ?, ?, ?, ?, ?, ?, ?, ?)
insert into score (facility_rank, facility_score, price_rank, price_score, rank_average, surround_rank, surround_score, view_rank, view_score, score_id) values (0.5979566524254731, 0.3447935001844338, 4.895806952268769, 9.519222632330402, 9.351056750730715, 7.807763135364752, 9.22245698573505, 0.1194732912863361, 2.035302738232836, 567);
2022-10-10 13:48:04.620  INFO 3923 --- [    Test worker] p6spy                                    : #1665377284620 | took 0ms | statement | connection 25| url jdbc:h2:mem:6a3784ae-1aa6-4bbf-b617-4d4aeabcc2af
insert into picture (spot_id, url, picture_id) values (?, ?, ?)
insert into picture (spot_id, url, picture_id) values (NULL, 'java.io.StringReader@196845dd', 2321);
2022-10-10 13:48:04.620  INFO 3923 --- [    Test worker] p6spy                                    : #1665377284620 | took 0ms | statement | connection 25| url jdbc:h2:mem:6a3784ae-1aa6-4bbf-b617-4d4aeabcc2af
insert into picture (spot_id, url, picture_id) values (?, ?, ?)
insert into picture (spot_id, url, picture_id) values (NULL, 'java.io.StringReader@37ce5605', 2322);
2022-10-10 13:48:04.620  INFO 3923 --- [    Test worker] p6spy                                    : #1665377284620 | took 0ms | statement | connection 25| url jdbc:h2:mem:6a3784ae-1aa6-4bbf-b617-4d4aeabcc2af
insert into picture (spot_id, url, picture_id) values (?, ?, ?)
insert into picture (spot_id, url, picture_id) values (NULL, 'java.io.StringReader@521b178a', 2323);
2022-10-10 13:48:04.620  INFO 3923 --- [    Test worker] p6spy                                    : #1665377284620 | took 0ms | statement | connection 25| url jdbc:h2:mem:6a3784ae-1aa6-4bbf-b617-4d4aeabcc2af
insert into spot (address, description, location, name, score_id, spot_id) values (?, ?, ?, ?, ?, ?)
insert into spot (address, description, location, name, score_id, spot_id) values (NULL, NULL, 'Andeok_myeon', NULL, 567, 633);
2022-10-10 13:48:04.620  INFO 3923 --- [    Test worker] p6spy                                    : #1665377284620 | took 0ms | statement | connection 25| url jdbc:h2:mem:6a3784ae-1aa6-4bbf-b617-4d4aeabcc2af
insert into member_spot (member_id, score, spot_id, member_spot_id) values (?, ?, ?, ?)
insert into member_spot (member_id, score, spot_id, member_spot_id) values (18, 0.0, 633, 2324);
2022-10-10 13:48:04.620  INFO 3923 --- [    Test worker] p6spy                                    : #1665377284620 | took 0ms | statement | connection 25| url jdbc:h2:mem:6a3784ae-1aa6-4bbf-b617-4d4aeabcc2af
insert into review (content, spot_id, review_id) values (?, ?, ?)
insert into review (content, spot_id, review_id) values ('java.io.StringReader@156087f', 569, 569);
2022-10-10 13:48:04.620  INFO 3923 --- [    Test worker] p6spy                                    : #1665377284620 | took 0ms | statement | connection 25| url jdbc:h2:mem:6a3784ae-1aa6-4bbf-b617-4d4aeabcc2af
insert into favorite_spot (count, favorite_id, spot_id, favorite_spot_id) values (?, ?, ?, ?)
insert into favorite_spot (count, favorite_id, spot_id, favorite_spot_id) values (0, 39, 633, 453);
2022-10-10 13:48:04.620  INFO 3923 --- [    Test worker] p6spy                                    : #1665377284620 | took 0ms | statement | connection 25| url jdbc:h2:mem:6a3784ae-1aa6-4bbf-b617-4d4aeabcc2af
insert into score (facility_rank, facility_score, price_rank, price_score, rank_average, surround_rank, surround_score, view_rank, view_score, score_id) values (?, ?, ?, ?, ?, ?, ?, ?, ?, ?)
insert into score (facility_rank, facility_score, price_rank, price_score, rank_average, surround_rank, surround_score, view_rank, view_score, score_id) values (8.78995176852483, 8.701712915768413, 9.778498245676365, 7.975196962655704, 1.5311922670837874, 2.467946455094027, 2.510139430542606, 7.936958207545103, 8.651923904771099, 568);
2022-10-10 13:48:04.620  INFO 3923 --- [    Test worker] p6spy                                    : #1665377284620 | took 0ms | statement | connection 25| url jdbc:h2:mem:6a3784ae-1aa6-4bbf-b617-4d4aeabcc2af
insert into picture (spot_id, url, picture_id) values (?, ?, ?)
insert into picture (spot_id, url, picture_id) values (NULL, 'java.io.StringReader@d117e88', 2325);
2022-10-10 13:48:04.620  INFO 3923 --- [    Test worker] p6spy                                    : #1665377284620 | took 0ms | statement | connection 25| url jdbc:h2:mem:6a3784ae-1aa6-4bbf-b617-4d4aeabcc2af
insert into picture (spot_id, url, picture_id) values (?, ?, ?)
insert into picture (spot_id, url, picture_id) values (NULL, 'java.io.StringReader@31bb398e', 2326);
2022-10-10 13:48:04.620  INFO 3923 --- [    Test worker] p6spy                                    : #1665377284620 | took 0ms | statement | connection 25| url jdbc:h2:mem:6a3784ae-1aa6-4bbf-b617-4d4aeabcc2af
insert into picture (spot_id, url, picture_id) values (?, ?, ?)
insert into picture (spot_id, url, picture_id) values (NULL, 'java.io.StringReader@2147460', 2327);
2022-10-10 13:48:04.621  INFO 3923 --- [    Test worker] p6spy                                    : #1665377284621 | took 0ms | statement | connection 25| url jdbc:h2:mem:6a3784ae-1aa6-4bbf-b617-4d4aeabcc2af
insert into spot (address, description, location, name, score_id, spot_id) values (?, ?, ?, ?, ?, ?)
insert into spot (address, description, location, name, score_id, spot_id) values (NULL, NULL, 'Andeok_myeon', NULL, 568, 634);
2022-10-10 13:48:04.621  INFO 3923 --- [    Test worker] p6spy                                    : #1665377284621 | took 0ms | statement | connection 25| url jdbc:h2:mem:6a3784ae-1aa6-4bbf-b617-4d4aeabcc2af
insert into member_spot (member_id, score, spot_id, member_spot_id) values (?, ?, ?, ?)
insert into member_spot (member_id, score, spot_id, member_spot_id) values (18, 0.0, 634, 2328);
2022-10-10 13:48:04.621  INFO 3923 --- [    Test worker] p6spy                                    : #1665377284621 | took 0ms | statement | connection 25| url jdbc:h2:mem:6a3784ae-1aa6-4bbf-b617-4d4aeabcc2af
insert into review (content, spot_id, review_id) values (?, ?, ?)
insert into review (content, spot_id, review_id) values ('java.io.StringReader@4b2d0420', 569, 570);
2022-10-10 13:48:04.621  INFO 3923 --- [    Test worker] p6spy                                    : #1665377284621 | took 0ms | statement | connection 25| url jdbc:h2:mem:6a3784ae-1aa6-4bbf-b617-4d4aeabcc2af
insert into score (facility_rank, facility_score, price_rank, price_score, rank_average, surround_rank, surround_score, view_rank, view_score, score_id) values (?, ?, ?, ?, ?, ?, ?, ?, ?, ?)
insert into score (facility_rank, facility_score, price_rank, price_score, rank_average, surround_rank, surround_score, view_rank, view_score, score_id) values (5.127136781579198, 1.2069742299643915, 3.9600381901686976, 9.132129810386724, 3.1536860194391303, 8.036387627454172, 8.949268507313521, 9.165573108190637, 9.815412403482986, 569);
2022-10-10 13:48:04.621  INFO 3923 --- [    Test worker] p6spy                                    : #1665377284621 | took 0ms | statement | connection 25| url jdbc:h2:mem:6a3784ae-1aa6-4bbf-b617-4d4aeabcc2af
insert into picture (spot_id, url, picture_id) values (?, ?, ?)
insert into picture (spot_id, url, picture_id) values (NULL, 'java.io.StringReader@5d102129', 2329);
2022-10-10 13:48:04.621  INFO 3923 --- [    Test worker] p6spy                                    : #1665377284621 | took 0ms | statement | connection 25| url jdbc:h2:mem:6a3784ae-1aa6-4bbf-b617-4d4aeabcc2af
insert into picture (spot_id, url, picture_id) values (?, ?, ?)
insert into picture (spot_id, url, picture_id) values (NULL, 'java.io.StringReader@701fe4f1', 2330);
2022-10-10 13:48:04.621  INFO 3923 --- [    Test worker] p6spy                                    : #1665377284621 | took 0ms | statement | connection 25| url jdbc:h2:mem:6a3784ae-1aa6-4bbf-b617-4d4aeabcc2af
insert into picture (spot_id, url, picture_id) values (?, ?, ?)
insert into picture (spot_id, url, picture_id) values (NULL, 'java.io.StringReader@3d3e574', 2331);
2022-10-10 13:48:04.621  INFO 3923 --- [    Test worker] p6spy                                    : #1665377284621 | took 0ms | statement | connection 25| url jdbc:h2:mem:6a3784ae-1aa6-4bbf-b617-4d4aeabcc2af
insert into spot (address, description, location, name, score_id, spot_id) values (?, ?, ?, ?, ?, ?)
insert into spot (address, description, location, name, score_id, spot_id) values (NULL, NULL, 'Andeok_myeon', NULL, 569, 635);
2022-10-10 13:48:04.621  INFO 3923 --- [    Test worker] p6spy                                    : #1665377284621 | took 0ms | statement | connection 25| url jdbc:h2:mem:6a3784ae-1aa6-4bbf-b617-4d4aeabcc2af
insert into member_spot (member_id, score, spot_id, member_spot_id) values (?, ?, ?, ?)
insert into member_spot (member_id, score, spot_id, member_spot_id) values (18, 0.0, 635, 2332);
2022-10-10 13:48:04.621  INFO 3923 --- [    Test worker] p6spy                                    : #1665377284621 | took 0ms | statement | connection 25| url jdbc:h2:mem:6a3784ae-1aa6-4bbf-b617-4d4aeabcc2af
insert into review (content, spot_id, review_id) values (?, ?, ?)
insert into review (content, spot_id, review_id) values ('java.io.StringReader@2b7d5406', 569, 571);
2022-10-10 13:48:04.621  INFO 3923 --- [    Test worker] p6spy                                    : #1665377284621 | took 0ms | statement | connection 25| url jdbc:h2:mem:6a3784ae-1aa6-4bbf-b617-4d4aeabcc2af
insert into favorite_spot (count, favorite_id, spot_id, favorite_spot_id) values (?, ?, ?, ?)
insert into favorite_spot (count, favorite_id, spot_id, favorite_spot_id) values (0, 39, 635, 454);
2022-10-10 13:48:04.621  INFO 3923 --- [    Test worker] p6spy                                    : #1665377284621 | took 0ms | statement | connection 25| url jdbc:h2:mem:6a3784ae-1aa6-4bbf-b617-4d4aeabcc2af
insert into score (facility_rank, facility_score, price_rank, price_score, rank_average, surround_rank, surround_score, view_rank, view_score, score_id) values (?, ?, ?, ?, ?, ?, ?, ?, ?, ?)
insert into score (facility_rank, facility_score, price_rank, price_score, rank_average, surround_rank, surround_score, view_rank, view_score, score_id) values (2.8295945619857865, 2.7987883195332532, 8.659239766995398, 4.5823044109398605, 9.419385800649856, 5.188299896968205, 6.212742897313362, 6.213359327671935, 1.6443309639278725, 570);
2022-10-10 13:48:04.621  INFO 3923 --- [    Test worker] p6spy                                    : #1665377284621 | took 0ms | statement | connection 25| url jdbc:h2:mem:6a3784ae-1aa6-4bbf-b617-4d4aeabcc2af
insert into picture (spot_id, url, picture_id) values (?, ?, ?)
insert into picture (spot_id, url, picture_id) values (NULL, 'java.io.StringReader@2b8fe435', 2333);
2022-10-10 13:48:04.621  INFO 3923 --- [    Test worker] p6spy                                    : #1665377284621 | took 0ms | statement | connection 25| url jdbc:h2:mem:6a3784ae-1aa6-4bbf-b617-4d4aeabcc2af
insert into picture (spot_id, url, picture_id) values (?, ?, ?)
insert into picture (spot_id, url, picture_id) values (NULL, 'java.io.StringReader@5f2639fe', 2334);
2022-10-10 13:48:04.621  INFO 3923 --- [    Test worker] p6spy                                    : #1665377284621 | took 0ms | statement | connection 25| url jdbc:h2:mem:6a3784ae-1aa6-4bbf-b617-4d4aeabcc2af
insert into picture (spot_id, url, picture_id) values (?, ?, ?)
insert into picture (spot_id, url, picture_id) values (NULL, 'java.io.StringReader@1f93aadf', 2335);
2022-10-10 13:48:04.621  INFO 3923 --- [    Test worker] p6spy                                    : #1665377284621 | took 0ms | statement | connection 25| url jdbc:h2:mem:6a3784ae-1aa6-4bbf-b617-4d4aeabcc2af
insert into spot (address, description, location, name, score_id, spot_id) values (?, ?, ?, ?, ?, ?)
insert into spot (address, description, location, name, score_id, spot_id) values (NULL, NULL, 'Andeok_myeon', NULL, 570, 636);
2022-10-10 13:48:04.621  INFO 3923 --- [    Test worker] p6spy                                    : #1665377284621 | took 0ms | statement | connection 25| url jdbc:h2:mem:6a3784ae-1aa6-4bbf-b617-4d4aeabcc2af
insert into member_spot (member_id, score, spot_id, member_spot_id) values (?, ?, ?, ?)
insert into member_spot (member_id, score, spot_id, member_spot_id) values (18, 0.0, 636, 2336);
2022-10-10 13:48:04.621  INFO 3923 --- [    Test worker] p6spy                                    : #1665377284621 | took 0ms | statement | connection 25| url jdbc:h2:mem:6a3784ae-1aa6-4bbf-b617-4d4aeabcc2af
insert into review (content, spot_id, review_id) values (?, ?, ?)
insert into review (content, spot_id, review_id) values ('java.io.StringReader@21dd2adb', 569, 572);
2022-10-10 13:48:04.621  INFO 3923 --- [    Test worker] p6spy                                    : #1665377284621 | took 0ms | statement | connection 25| url jdbc:h2:mem:6a3784ae-1aa6-4bbf-b617-4d4aeabcc2af
insert into score (facility_rank, facility_score, price_rank, price_score, rank_average, surround_rank, surround_score, view_rank, view_score, score_id) values (?, ?, ?, ?, ?, ?, ?, ?, ?, ?)
insert into score (facility_rank, facility_score, price_rank, price_score, rank_average, surround_rank, surround_score, view_rank, view_score, score_id) values (0.8666604447340531, 5.002773462005904, 0.8513759932178755, 0.5218596223724781, 6.774552836510889, 1.7512987746897324, 4.87215745825371, 4.4342726344535555, 5.937757405788602, 571);
2022-10-10 13:48:04.621  INFO 3923 --- [    Test worker] p6spy                                    : #1665377284621 | took 0ms | statement | connection 25| url jdbc:h2:mem:6a3784ae-1aa6-4bbf-b617-4d4aeabcc2af
insert into picture (spot_id, url, picture_id) values (?, ?, ?)
insert into picture (spot_id, url, picture_id) values (NULL, 'java.io.StringReader@7c2cecd2', 2337);
2022-10-10 13:48:04.621  INFO 3923 --- [    Test worker] p6spy                                    : #1665377284621 | took 0ms | statement | connection 25| url jdbc:h2:mem:6a3784ae-1aa6-4bbf-b617-4d4aeabcc2af
insert into picture (spot_id, url, picture_id) values (?, ?, ?)
insert into picture (spot_id, url, picture_id) values (NULL, 'java.io.StringReader@520cb5af', 2338);
2022-10-10 13:48:04.621  INFO 3923 --- [    Test worker] p6spy                                    : #1665377284621 | took 0ms | statement | connection 25| url jdbc:h2:mem:6a3784ae-1aa6-4bbf-b617-4d4aeabcc2af
insert into picture (spot_id, url, picture_id) values (?, ?, ?)
insert into picture (spot_id, url, picture_id) values (NULL, 'java.io.StringReader@1b39ef67', 2339);
2022-10-10 13:48:04.621  INFO 3923 --- [    Test worker] p6spy                                    : #1665377284621 | took 0ms | statement | connection 25| url jdbc:h2:mem:6a3784ae-1aa6-4bbf-b617-4d4aeabcc2af
insert into spot (address, description, location, name, score_id, spot_id) values (?, ?, ?, ?, ?, ?)
insert into spot (address, description, location, name, score_id, spot_id) values (NULL, NULL, 'Andeok_myeon', NULL, 571, 637);
2022-10-10 13:48:04.621  INFO 3923 --- [    Test worker] p6spy                                    : #1665377284621 | took 0ms | statement | connection 25| url jdbc:h2:mem:6a3784ae-1aa6-4bbf-b617-4d4aeabcc2af
insert into member_spot (member_id, score, spot_id, member_spot_id) values (?, ?, ?, ?)
insert into member_spot (member_id, score, spot_id, member_spot_id) values (18, 0.0, 637, 2340);
2022-10-10 13:48:04.621  INFO 3923 --- [    Test worker] p6spy                                    : #1665377284621 | took 0ms | statement | connection 25| url jdbc:h2:mem:6a3784ae-1aa6-4bbf-b617-4d4aeabcc2af
insert into review (content, spot_id, review_id) values (?, ?, ?)
insert into review (content, spot_id, review_id) values ('java.io.StringReader@ef456d3', 569, 573);
2022-10-10 13:48:04.621  INFO 3923 --- [    Test worker] p6spy                                    : #1665377284621 | took 0ms | statement | connection 25| url jdbc:h2:mem:6a3784ae-1aa6-4bbf-b617-4d4aeabcc2af
insert into favorite_spot (count, favorite_id, spot_id, favorite_spot_id) values (?, ?, ?, ?)
insert into favorite_spot (count, favorite_id, spot_id, favorite_spot_id) values (0, 39, 637, 455);
2022-10-10 13:48:04.621  INFO 3923 --- [    Test worker] p6spy                                    : #1665377284621 | took 0ms | statement | connection 25| url jdbc:h2:mem:6a3784ae-1aa6-4bbf-b617-4d4aeabcc2af
insert into score (facility_rank, facility_score, price_rank, price_score, rank_average, surround_rank, surround_score, view_rank, view_score, score_id) values (?, ?, ?, ?, ?, ?, ?, ?, ?, ?)
insert into score (facility_rank, facility_score, price_rank, price_score, rank_average, surround_rank, surround_score, view_rank, view_score, score_id) values (7.38185366943628, 1.1955874856504844, 8.790114163519384, 5.811105004189775, 6.1576697188559315, 8.82239279278059, 8.516353615942764, 9.152150477527353, 4.543875937819186, 572);
2022-10-10 13:48:04.621  INFO 3923 --- [    Test worker] p6spy                                    : #1665377284621 | took 0ms | statement | connection 25| url jdbc:h2:mem:6a3784ae-1aa6-4bbf-b617-4d4aeabcc2af
insert into picture (spot_id, url, picture_id) values (?, ?, ?)
insert into picture (spot_id, url, picture_id) values (NULL, 'java.io.StringReader@5932be3d', 2341);
2022-10-10 13:48:04.621  INFO 3923 --- [    Test worker] p6spy                                    : #1665377284621 | took 0ms | statement | connection 25| url jdbc:h2:mem:6a3784ae-1aa6-4bbf-b617-4d4aeabcc2af
insert into picture (spot_id, url, picture_id) values (?, ?, ?)
insert into picture (spot_id, url, picture_id) values (NULL, 'java.io.StringReader@840f47d', 2342);
2022-10-10 13:48:04.621  INFO 3923 --- [    Test worker] p6spy                                    : #1665377284621 | took 0ms | statement | connection 25| url jdbc:h2:mem:6a3784ae-1aa6-4bbf-b617-4d4aeabcc2af
insert into picture (spot_id, url, picture_id) values (?, ?, ?)
insert into picture (spot_id, url, picture_id) values (NULL, 'java.io.StringReader@26a08aca', 2343);
2022-10-10 13:48:04.621  INFO 3923 --- [    Test worker] p6spy                                    : #1665377284621 | took 0ms | statement | connection 25| url jdbc:h2:mem:6a3784ae-1aa6-4bbf-b617-4d4aeabcc2af
insert into spot (address, description, location, name, score_id, spot_id) values (?, ?, ?, ?, ?, ?)
insert into spot (address, description, location, name, score_id, spot_id) values (NULL, NULL, 'Andeok_myeon', NULL, 572, 638);
2022-10-10 13:48:04.621  INFO 3923 --- [    Test worker] p6spy                                    : #1665377284621 | took 0ms | statement | connection 25| url jdbc:h2:mem:6a3784ae-1aa6-4bbf-b617-4d4aeabcc2af
insert into member_spot (member_id, score, spot_id, member_spot_id) values (?, ?, ?, ?)
insert into member_spot (member_id, score, spot_id, member_spot_id) values (18, 0.0, 638, 2344);
2022-10-10 13:48:04.621  INFO 3923 --- [    Test worker] p6spy                                    : #1665377284621 | took 0ms | statement | connection 25| url jdbc:h2:mem:6a3784ae-1aa6-4bbf-b617-4d4aeabcc2af
insert into review (content, spot_id, review_id) values (?, ?, ?)
insert into review (content, spot_id, review_id) values ('java.io.StringReader@72943338', 569, 574);
2022-10-10 13:48:04.621  INFO 3923 --- [    Test worker] p6spy                                    : #1665377284621 | took 0ms | statement | connection 25| url jdbc:h2:mem:6a3784ae-1aa6-4bbf-b617-4d4aeabcc2af
insert into score (facility_rank, facility_score, price_rank, price_score, rank_average, surround_rank, surround_score, view_rank, view_score, score_id) values (?, ?, ?, ?, ?, ?, ?, ?, ?, ?)
insert into score (facility_rank, facility_score, price_rank, price_score, rank_average, surround_rank, surround_score, view_rank, view_score, score_id) values (0.13508082621104922, 8.535209519151243, 0.8323122965328777, 7.224032246669509, 9.940591227439278, 6.659406684566629, 4.678413908139669, 6.443456765949067, 1.7510567519729936, 573);
2022-10-10 13:48:04.621  INFO 3923 --- [    Test worker] p6spy                                    : #1665377284621 | took 0ms | statement | connection 25| url jdbc:h2:mem:6a3784ae-1aa6-4bbf-b617-4d4aeabcc2af
insert into picture (spot_id, url, picture_id) values (?, ?, ?)
insert into picture (spot_id, url, picture_id) values (NULL, 'java.io.StringReader@14ac020b', 2345);
2022-10-10 13:48:04.621  INFO 3923 --- [    Test worker] p6spy                                    : #1665377284621 | took 0ms | statement | connection 25| url jdbc:h2:mem:6a3784ae-1aa6-4bbf-b617-4d4aeabcc2af
insert into picture (spot_id, url, picture_id) values (?, ?, ?)
insert into picture (spot_id, url, picture_id) values (NULL, 'java.io.StringReader@4c55a5a9', 2346);
2022-10-10 13:48:04.621  INFO 3923 --- [    Test worker] p6spy                                    : #1665377284621 | took 0ms | statement | connection 25| url jdbc:h2:mem:6a3784ae-1aa6-4bbf-b617-4d4aeabcc2af
insert into picture (spot_id, url, picture_id) values (?, ?, ?)
insert into picture (spot_id, url, picture_id) values (NULL, 'java.io.StringReader@5444cda8', 2347);
2022-10-10 13:48:04.621  INFO 3923 --- [    Test worker] p6spy                                    : #1665377284621 | took 0ms | statement | connection 25| url jdbc:h2:mem:6a3784ae-1aa6-4bbf-b617-4d4aeabcc2af
insert into spot (address, description, location, name, score_id, spot_id) values (?, ?, ?, ?, ?, ?)
insert into spot (address, description, location, name, score_id, spot_id) values (NULL, NULL, 'Andeok_myeon', NULL, 573, 639);
2022-10-10 13:48:04.621  INFO 3923 --- [    Test worker] p6spy                                    : #1665377284621 | took 0ms | statement | connection 25| url jdbc:h2:mem:6a3784ae-1aa6-4bbf-b617-4d4aeabcc2af
insert into member_spot (member_id, score, spot_id, member_spot_id) values (?, ?, ?, ?)
insert into member_spot (member_id, score, spot_id, member_spot_id) values (18, 0.0, 639, 2348);
2022-10-10 13:48:04.622  INFO 3923 --- [    Test worker] p6spy                                    : #1665377284622 | took 0ms | statement | connection 25| url jdbc:h2:mem:6a3784ae-1aa6-4bbf-b617-4d4aeabcc2af
insert into review (content, spot_id, review_id) values (?, ?, ?)
insert into review (content, spot_id, review_id) values ('java.io.StringReader@2aefe87', 569, 575);
2022-10-10 13:48:04.622  INFO 3923 --- [    Test worker] p6spy                                    : #1665377284622 | took 0ms | statement | connection 25| url jdbc:h2:mem:6a3784ae-1aa6-4bbf-b617-4d4aeabcc2af
insert into favorite_spot (count, favorite_id, spot_id, favorite_spot_id) values (?, ?, ?, ?)
insert into favorite_spot (count, favorite_id, spot_id, favorite_spot_id) values (0, 39, 639, 456);
2022-10-10 13:48:04.622  INFO 3923 --- [    Test worker] p6spy                                    : #1665377284622 | took 0ms | statement | connection 25| url jdbc:h2:mem:6a3784ae-1aa6-4bbf-b617-4d4aeabcc2af
insert into score (facility_rank, facility_score, price_rank, price_score, rank_average, surround_rank, surround_score, view_rank, view_score, score_id) values (?, ?, ?, ?, ?, ?, ?, ?, ?, ?)
insert into score (facility_rank, facility_score, price_rank, price_score, rank_average, surround_rank, surround_score, view_rank, view_score, score_id) values (3.768254153098235, 7.878564845654683, 1.0109966699142747, 1.9165637376903788, 2.007104801644428, 3.829572626177913, 3.3341040657291976, 4.117672373650172, 3.6926361572052446, 574);
2022-10-10 13:48:04.622  INFO 3923 --- [    Test worker] p6spy                                    : #1665377284622 | took 0ms | statement | connection 25| url jdbc:h2:mem:6a3784ae-1aa6-4bbf-b617-4d4aeabcc2af
insert into picture (spot_id, url, picture_id) values (?, ?, ?)
insert into picture (spot_id, url, picture_id) values (NULL, 'java.io.StringReader@41ecef55', 2349);
2022-10-10 13:48:04.622  INFO 3923 --- [    Test worker] p6spy                                    : #1665377284622 | took 0ms | statement | connection 25| url jdbc:h2:mem:6a3784ae-1aa6-4bbf-b617-4d4aeabcc2af
insert into picture (spot_id, url, picture_id) values (?, ?, ?)
insert into picture (spot_id, url, picture_id) values (NULL, 'java.io.StringReader@52e5ed3', 2350);
2022-10-10 13:48:04.622  INFO 3923 --- [    Test worker] p6spy                                    : #1665377284622 | took 0ms | statement | connection 25| url jdbc:h2:mem:6a3784ae-1aa6-4bbf-b617-4d4aeabcc2af
insert into picture (spot_id, url, picture_id) values (?, ?, ?)
insert into picture (spot_id, url, picture_id) values (NULL, 'java.io.StringReader@161f9889', 2351);
2022-10-10 13:48:04.622  INFO 3923 --- [    Test worker] p6spy                                    : #1665377284622 | took 0ms | statement | connection 25| url jdbc:h2:mem:6a3784ae-1aa6-4bbf-b617-4d4aeabcc2af
insert into spot (address, description, location, name, score_id, spot_id) values (?, ?, ?, ?, ?, ?)
insert into spot (address, description, location, name, score_id, spot_id) values (NULL, NULL, 'Andeok_myeon', NULL, 574, 640);
2022-10-10 13:48:04.622  INFO 3923 --- [    Test worker] p6spy                                    : #1665377284622 | took 0ms | statement | connection 25| url jdbc:h2:mem:6a3784ae-1aa6-4bbf-b617-4d4aeabcc2af
insert into member_spot (member_id, score, spot_id, member_spot_id) values (?, ?, ?, ?)
insert into member_spot (member_id, score, spot_id, member_spot_id) values (18, 0.0, 640, 2352);
2022-10-10 13:48:04.622  INFO 3923 --- [    Test worker] p6spy                                    : #1665377284622 | took 0ms | statement | connection 25| url jdbc:h2:mem:6a3784ae-1aa6-4bbf-b617-4d4aeabcc2af
insert into review (content, spot_id, review_id) values (?, ?, ?)
insert into review (content, spot_id, review_id) values ('java.io.StringReader@54c8a898', 569, 576);
2022-10-10 13:48:04.622  INFO 3923 --- [    Test worker] p6spy                                    : #1665377284622 | took 0ms | statement | connection 25| url jdbc:h2:mem:6a3784ae-1aa6-4bbf-b617-4d4aeabcc2af
insert into score (facility_rank, facility_score, price_rank, price_score, rank_average, surround_rank, surround_score, view_rank, view_score, score_id) values (?, ?, ?, ?, ?, ?, ?, ?, ?, ?)
insert into score (facility_rank, facility_score, price_rank, price_score, rank_average, surround_rank, surround_score, view_rank, view_score, score_id) values (5.623510478698181, 9.664468881382113, 9.02709610659562, 9.878107860380087, 4.4087024922965625, 0.46906328309225254, 5.988746716495755, 2.490284460482667, 1.8498325765490509, 575);
2022-10-10 13:48:04.622  INFO 3923 --- [    Test worker] p6spy                                    : #1665377284622 | took 0ms | statement | connection 25| url jdbc:h2:mem:6a3784ae-1aa6-4bbf-b617-4d4aeabcc2af
insert into picture (spot_id, url, picture_id) values (?, ?, ?)
insert into picture (spot_id, url, picture_id) values (NULL, 'java.io.StringReader@bc75f4f', 2353);
2022-10-10 13:48:04.622  INFO 3923 --- [    Test worker] p6spy                                    : #1665377284622 | took 0ms | statement | connection 25| url jdbc:h2:mem:6a3784ae-1aa6-4bbf-b617-4d4aeabcc2af
insert into picture (spot_id, url, picture_id) values (?, ?, ?)
insert into picture (spot_id, url, picture_id) values (NULL, 'java.io.StringReader@60497689', 2354);
2022-10-10 13:48:04.622  INFO 3923 --- [    Test worker] p6spy                                    : #1665377284622 | took 0ms | statement | connection 25| url jdbc:h2:mem:6a3784ae-1aa6-4bbf-b617-4d4aeabcc2af
insert into picture (spot_id, url, picture_id) values (?, ?, ?)
insert into picture (spot_id, url, picture_id) values (NULL, 'java.io.StringReader@652026b2', 2355);
2022-10-10 13:48:04.622  INFO 3923 --- [    Test worker] p6spy                                    : #1665377284622 | took 0ms | statement | connection 25| url jdbc:h2:mem:6a3784ae-1aa6-4bbf-b617-4d4aeabcc2af
insert into spot (address, description, location, name, score_id, spot_id) values (?, ?, ?, ?, ?, ?)
insert into spot (address, description, location, name, score_id, spot_id) values (NULL, NULL, 'Andeok_myeon', NULL, 575, 641);
2022-10-10 13:48:04.622  INFO 3923 --- [    Test worker] p6spy                                    : #1665377284622 | took 0ms | statement | connection 25| url jdbc:h2:mem:6a3784ae-1aa6-4bbf-b617-4d4aeabcc2af
insert into member_spot (member_id, score, spot_id, member_spot_id) values (?, ?, ?, ?)
insert into member_spot (member_id, score, spot_id, member_spot_id) values (18, 0.0, 641, 2356);
2022-10-10 13:48:04.622  INFO 3923 --- [    Test worker] p6spy                                    : #1665377284622 | took 0ms | statement | connection 25| url jdbc:h2:mem:6a3784ae-1aa6-4bbf-b617-4d4aeabcc2af
insert into review (content, spot_id, review_id) values (?, ?, ?)
insert into review (content, spot_id, review_id) values ('java.io.StringReader@3e191f92', 569, 577);
2022-10-10 13:48:04.622  INFO 3923 --- [    Test worker] p6spy                                    : #1665377284622 | took 0ms | statement | connection 25| url jdbc:h2:mem:6a3784ae-1aa6-4bbf-b617-4d4aeabcc2af
insert into favorite_spot (count, favorite_id, spot_id, favorite_spot_id) values (?, ?, ?, ?)
insert into favorite_spot (count, favorite_id, spot_id, favorite_spot_id) values (0, 39, 641, 457);
2022-10-10 13:48:04.622  INFO 3923 --- [    Test worker] p6spy                                    : #1665377284622 | took 0ms | statement | connection 25| url jdbc:h2:mem:6a3784ae-1aa6-4bbf-b617-4d4aeabcc2af
insert into score (facility_rank, facility_score, price_rank, price_score, rank_average, surround_rank, surround_score, view_rank, view_score, score_id) values (?, ?, ?, ?, ?, ?, ?, ?, ?, ?)
insert into score (facility_rank, facility_score, price_rank, price_score, rank_average, surround_rank, surround_score, view_rank, view_score, score_id) values (3.5111291096844233, 4.673284509567574, 1.0261582832989502, 6.690335094357569, 1.4276239861462303, 0.8935924795179429, 5.31482468967022, 6.133049451921929, 2.1378322431319194, 576);
2022-10-10 13:48:04.622  INFO 3923 --- [    Test worker] p6spy                                    : #1665377284622 | took 0ms | statement | connection 25| url jdbc:h2:mem:6a3784ae-1aa6-4bbf-b617-4d4aeabcc2af
insert into picture (spot_id, url, picture_id) values (?, ?, ?)
insert into picture (spot_id, url, picture_id) values (NULL, 'java.io.StringReader@4c92926', 2357);
2022-10-10 13:48:04.622  INFO 3923 --- [    Test worker] p6spy                                    : #1665377284622 | took 0ms | statement | connection 25| url jdbc:h2:mem:6a3784ae-1aa6-4bbf-b617-4d4aeabcc2af
insert into picture (spot_id, url, picture_id) values (?, ?, ?)
insert into picture (spot_id, url, picture_id) values (NULL, 'java.io.StringReader@4d7ef16f', 2358);
2022-10-10 13:48:04.622  INFO 3923 --- [    Test worker] p6spy                                    : #1665377284622 | took 0ms | statement | connection 25| url jdbc:h2:mem:6a3784ae-1aa6-4bbf-b617-4d4aeabcc2af
insert into picture (spot_id, url, picture_id) values (?, ?, ?)
insert into picture (spot_id, url, picture_id) values (NULL, 'java.io.StringReader@aa77fd0', 2359);
2022-10-10 13:48:04.622  INFO 3923 --- [    Test worker] p6spy                                    : #1665377284622 | took 0ms | statement | connection 25| url jdbc:h2:mem:6a3784ae-1aa6-4bbf-b617-4d4aeabcc2af
insert into spot (address, description, location, name, score_id, spot_id) values (?, ?, ?, ?, ?, ?)
insert into spot (address, description, location, name, score_id, spot_id) values (NULL, NULL, 'Andeok_myeon', NULL, 576, 642);
2022-10-10 13:48:04.622  INFO 3923 --- [    Test worker] p6spy                                    : #1665377284622 | took 0ms | statement | connection 25| url jdbc:h2:mem:6a3784ae-1aa6-4bbf-b617-4d4aeabcc2af
insert into member_spot (member_id, score, spot_id, member_spot_id) values (?, ?, ?, ?)
insert into member_spot (member_id, score, spot_id, member_spot_id) values (18, 0.0, 642, 2360);
2022-10-10 13:48:04.622  INFO 3923 --- [    Test worker] p6spy                                    : #1665377284622 | took 0ms | statement | connection 25| url jdbc:h2:mem:6a3784ae-1aa6-4bbf-b617-4d4aeabcc2af
insert into review (content, spot_id, review_id) values (?, ?, ?)
insert into review (content, spot_id, review_id) values ('java.io.StringReader@477e55ee', 569, 578);
2022-10-10 13:48:04.622  INFO 3923 --- [    Test worker] p6spy                                    : #1665377284622 | took 0ms | statement | connection 25| url jdbc:h2:mem:6a3784ae-1aa6-4bbf-b617-4d4aeabcc2af
insert into score (facility_rank, facility_score, price_rank, price_score, rank_average, surround_rank, surround_score, view_rank, view_score, score_id) values (?, ?, ?, ?, ?, ?, ?, ?, ?, ?)
insert into score (facility_rank, facility_score, price_rank, price_score, rank_average, surround_rank, surround_score, view_rank, view_score, score_id) values (2.6036699871921156, 6.502590684577209, 3.3409761478129285, 4.8488806806282785, 1.7351909196009385, 4.732011898379982, 6.912225530089985, 9.372141726679338, 5.63225762311303, 577);
2022-10-10 13:48:04.622  INFO 3923 --- [    Test worker] p6spy                                    : #1665377284622 | took 0ms | statement | connection 25| url jdbc:h2:mem:6a3784ae-1aa6-4bbf-b617-4d4aeabcc2af
insert into picture (spot_id, url, picture_id) values (?, ?, ?)
insert into picture (spot_id, url, picture_id) values (NULL, 'java.io.StringReader@7ffe3144', 2361);
2022-10-10 13:48:04.622  INFO 3923 --- [    Test worker] p6spy                                    : #1665377284622 | took 0ms | statement | connection 25| url jdbc:h2:mem:6a3784ae-1aa6-4bbf-b617-4d4aeabcc2af
insert into picture (spot_id, url, picture_id) values (?, ?, ?)
insert into picture (spot_id, url, picture_id) values (NULL, 'java.io.StringReader@1a37a327', 2362);
2022-10-10 13:48:04.622  INFO 3923 --- [    Test worker] p6spy                                    : #1665377284622 | took 0ms | statement | connection 25| url jdbc:h2:mem:6a3784ae-1aa6-4bbf-b617-4d4aeabcc2af
insert into picture (spot_id, url, picture_id) values (?, ?, ?)
insert into picture (spot_id, url, picture_id) values (NULL, 'java.io.StringReader@7ae22900', 2363);
2022-10-10 13:48:04.622  INFO 3923 --- [    Test worker] p6spy                                    : #1665377284622 | took 0ms | statement | connection 25| url jdbc:h2:mem:6a3784ae-1aa6-4bbf-b617-4d4aeabcc2af
insert into spot (address, description, location, name, score_id, spot_id) values (?, ?, ?, ?, ?, ?)
insert into spot (address, description, location, name, score_id, spot_id) values (NULL, NULL, 'Andeok_myeon', NULL, 577, 643);
2022-10-10 13:48:04.622  INFO 3923 --- [    Test worker] p6spy                                    : #1665377284622 | took 0ms | statement | connection 25| url jdbc:h2:mem:6a3784ae-1aa6-4bbf-b617-4d4aeabcc2af
insert into member_spot (member_id, score, spot_id, member_spot_id) values (?, ?, ?, ?)
insert into member_spot (member_id, score, spot_id, member_spot_id) values (18, 0.0, 643, 2364);
2022-10-10 13:48:04.622  INFO 3923 --- [    Test worker] p6spy                                    : #1665377284622 | took 0ms | statement | connection 25| url jdbc:h2:mem:6a3784ae-1aa6-4bbf-b617-4d4aeabcc2af
insert into review (content, spot_id, review_id) values (?, ?, ?)
insert into review (content, spot_id, review_id) values ('java.io.StringReader@2d4087ba', 569, 579);
2022-10-10 13:48:04.622  INFO 3923 --- [    Test worker] p6spy                                    : #1665377284622 | took 0ms | statement | connection 25| url jdbc:h2:mem:6a3784ae-1aa6-4bbf-b617-4d4aeabcc2af
insert into favorite_spot (count, favorite_id, spot_id, favorite_spot_id) values (?, ?, ?, ?)
insert into favorite_spot (count, favorite_id, spot_id, favorite_spot_id) values (0, 39, 643, 458);
2022-10-10 13:48:04.622  INFO 3923 --- [    Test worker] p6spy                                    : #1665377284622 | took 0ms | statement | connection 25| url jdbc:h2:mem:6a3784ae-1aa6-4bbf-b617-4d4aeabcc2af
insert into score (facility_rank, facility_score, price_rank, price_score, rank_average, surround_rank, surround_score, view_rank, view_score, score_id) values (?, ?, ?, ?, ?, ?, ?, ?, ?, ?)
insert into score (facility_rank, facility_score, price_rank, price_score, rank_average, surround_rank, surround_score, view_rank, view_score, score_id) values (5.243511034800486, 1.4734109622771563, 1.9269911228324244, 2.3639412969048434, 0.7682533444185036, 8.721996036192376, 4.937093645496561, 4.409422611280719, 2.599216924882075, 578);
2022-10-10 13:48:04.622  INFO 3923 --- [    Test worker] p6spy                                    : #1665377284622 | took 0ms | statement | connection 25| url jdbc:h2:mem:6a3784ae-1aa6-4bbf-b617-4d4aeabcc2af
insert into picture (spot_id, url, picture_id) values (?, ?, ?)
insert into picture (spot_id, url, picture_id) values (NULL, 'java.io.StringReader@fd8d34a', 2365);
2022-10-10 13:48:04.622  INFO 3923 --- [    Test worker] p6spy                                    : #1665377284622 | took 0ms | statement | connection 25| url jdbc:h2:mem:6a3784ae-1aa6-4bbf-b617-4d4aeabcc2af
insert into picture (spot_id, url, picture_id) values (?, ?, ?)
insert into picture (spot_id, url, picture_id) values (NULL, 'java.io.StringReader@78f1720', 2366);
2022-10-10 13:48:04.623  INFO 3923 --- [    Test worker] p6spy                                    : #1665377284623 | took 0ms | statement | connection 25| url jdbc:h2:mem:6a3784ae-1aa6-4bbf-b617-4d4aeabcc2af
insert into picture (spot_id, url, picture_id) values (?, ?, ?)
insert into picture (spot_id, url, picture_id) values (NULL, 'java.io.StringReader@13c0f4c4', 2367);
2022-10-10 13:48:04.623  INFO 3923 --- [    Test worker] p6spy                                    : #1665377284623 | took 0ms | statement | connection 25| url jdbc:h2:mem:6a3784ae-1aa6-4bbf-b617-4d4aeabcc2af
insert into spot (address, description, location, name, score_id, spot_id) values (?, ?, ?, ?, ?, ?)
insert into spot (address, description, location, name, score_id, spot_id) values (NULL, NULL, 'Andeok_myeon', NULL, 578, 644);
2022-10-10 13:48:04.623  INFO 3923 --- [    Test worker] p6spy                                    : #1665377284623 | took 0ms | statement | connection 25| url jdbc:h2:mem:6a3784ae-1aa6-4bbf-b617-4d4aeabcc2af
insert into member_spot (member_id, score, spot_id, member_spot_id) values (?, ?, ?, ?)
insert into member_spot (member_id, score, spot_id, member_spot_id) values (18, 0.0, 644, 2368);
2022-10-10 13:48:04.623  INFO 3923 --- [    Test worker] p6spy                                    : #1665377284623 | took 0ms | statement | connection 25| url jdbc:h2:mem:6a3784ae-1aa6-4bbf-b617-4d4aeabcc2af
insert into review (content, spot_id, review_id) values (?, ?, ?)
insert into review (content, spot_id, review_id) values ('java.io.StringReader@3db52e92', 569, 580);
2022-10-10 13:48:04.623  INFO 3923 --- [    Test worker] p6spy                                    : #1665377284623 | took 0ms | statement | connection 25| url jdbc:h2:mem:6a3784ae-1aa6-4bbf-b617-4d4aeabcc2af
insert into score (facility_rank, facility_score, price_rank, price_score, rank_average, surround_rank, surround_score, view_rank, view_score, score_id) values (?, ?, ?, ?, ?, ?, ?, ?, ?, ?)
insert into score (facility_rank, facility_score, price_rank, price_score, rank_average, surround_rank, surround_score, view_rank, view_score, score_id) values (9.816609175140973, 8.792211832871262, 4.847503552344129, 9.478456678451536, 8.693524580875648, 2.890264005712242, 4.728571202820916, 2.267160112428507, 3.9130749504973226, 579);
2022-10-10 13:48:04.623  INFO 3923 --- [    Test worker] p6spy                                    : #1665377284623 | took 0ms | statement | connection 25| url jdbc:h2:mem:6a3784ae-1aa6-4bbf-b617-4d4aeabcc2af
insert into picture (spot_id, url, picture_id) values (?, ?, ?)
insert into picture (spot_id, url, picture_id) values (NULL, 'java.io.StringReader@43ef2787', 2369);
2022-10-10 13:48:04.623  INFO 3923 --- [    Test worker] p6spy                                    : #1665377284623 | took 0ms | statement | connection 25| url jdbc:h2:mem:6a3784ae-1aa6-4bbf-b617-4d4aeabcc2af
insert into picture (spot_id, url, picture_id) values (?, ?, ?)
insert into picture (spot_id, url, picture_id) values (NULL, 'java.io.StringReader@2c91fd93', 2370);
2022-10-10 13:48:04.623  INFO 3923 --- [    Test worker] p6spy                                    : #1665377284623 | took 0ms | statement | connection 25| url jdbc:h2:mem:6a3784ae-1aa6-4bbf-b617-4d4aeabcc2af
insert into picture (spot_id, url, picture_id) values (?, ?, ?)
insert into picture (spot_id, url, picture_id) values (NULL, 'java.io.StringReader@23e7672c', 2371);
2022-10-10 13:48:04.623  INFO 3923 --- [    Test worker] p6spy                                    : #1665377284623 | took 0ms | statement | connection 25| url jdbc:h2:mem:6a3784ae-1aa6-4bbf-b617-4d4aeabcc2af
insert into spot (address, description, location, name, score_id, spot_id) values (?, ?, ?, ?, ?, ?)
insert into spot (address, description, location, name, score_id, spot_id) values (NULL, NULL, 'Andeok_myeon', NULL, 579, 645);
2022-10-10 13:48:04.623  INFO 3923 --- [    Test worker] p6spy                                    : #1665377284623 | took 0ms | statement | connection 25| url jdbc:h2:mem:6a3784ae-1aa6-4bbf-b617-4d4aeabcc2af
insert into member_spot (member_id, score, spot_id, member_spot_id) values (?, ?, ?, ?)
insert into member_spot (member_id, score, spot_id, member_spot_id) values (18, 0.0, 645, 2372);
2022-10-10 13:48:04.623  INFO 3923 --- [    Test worker] p6spy                                    : #1665377284623 | took 0ms | statement | connection 25| url jdbc:h2:mem:6a3784ae-1aa6-4bbf-b617-4d4aeabcc2af
insert into review (content, spot_id, review_id) values (?, ?, ?)
insert into review (content, spot_id, review_id) values ('java.io.StringReader@71aa6cde', 569, 581);
2022-10-10 13:48:04.623  INFO 3923 --- [    Test worker] p6spy                                    : #1665377284623 | took 0ms | statement | connection 25| url jdbc:h2:mem:6a3784ae-1aa6-4bbf-b617-4d4aeabcc2af
insert into favorite_spot (count, favorite_id, spot_id, favorite_spot_id) values (?, ?, ?, ?)
insert into favorite_spot (count, favorite_id, spot_id, favorite_spot_id) values (0, 39, 645, 459);
2022-10-10 13:48:04.623  INFO 3923 --- [    Test worker] p6spy                                    : #1665377284623 | took 0ms | statement | connection 25| url jdbc:h2:mem:6a3784ae-1aa6-4bbf-b617-4d4aeabcc2af
insert into score (facility_rank, facility_score, price_rank, price_score, rank_average, surround_rank, surround_score, view_rank, view_score, score_id) values (?, ?, ?, ?, ?, ?, ?, ?, ?, ?)
insert into score (facility_rank, facility_score, price_rank, price_score, rank_average, surround_rank, surround_score, view_rank, view_score, score_id) values (5.546505415227046, 1.2738657808232112, 6.639710080883879, 4.739499185047446, 6.582248411486389, 2.6894443802001353, 3.9696963112978887, 7.499754597059123, 3.992665575414278, 580);
2022-10-10 13:48:04.623  INFO 3923 --- [    Test worker] p6spy                                    : #1665377284623 | took 0ms | statement | connection 25| url jdbc:h2:mem:6a3784ae-1aa6-4bbf-b617-4d4aeabcc2af
insert into picture (spot_id, url, picture_id) values (?, ?, ?)
insert into picture (spot_id, url, picture_id) values (NULL, 'java.io.StringReader@79ef14d2', 2373);
2022-10-10 13:48:04.623  INFO 3923 --- [    Test worker] p6spy                                    : #1665377284623 | took 0ms | statement | connection 25| url jdbc:h2:mem:6a3784ae-1aa6-4bbf-b617-4d4aeabcc2af
insert into picture (spot_id, url, picture_id) values (?, ?, ?)
insert into picture (spot_id, url, picture_id) values (NULL, 'java.io.StringReader@6f73007d', 2374);
2022-10-10 13:48:04.623  INFO 3923 --- [    Test worker] p6spy                                    : #1665377284623 | took 0ms | statement | connection 25| url jdbc:h2:mem:6a3784ae-1aa6-4bbf-b617-4d4aeabcc2af
insert into picture (spot_id, url, picture_id) values (?, ?, ?)
insert into picture (spot_id, url, picture_id) values (NULL, 'java.io.StringReader@4dd97f97', 2375);
2022-10-10 13:48:04.623  INFO 3923 --- [    Test worker] p6spy                                    : #1665377284623 | took 0ms | statement | connection 25| url jdbc:h2:mem:6a3784ae-1aa6-4bbf-b617-4d4aeabcc2af
insert into spot (address, description, location, name, score_id, spot_id) values (?, ?, ?, ?, ?, ?)
insert into spot (address, description, location, name, score_id, spot_id) values (NULL, NULL, 'Andeok_myeon', NULL, 580, 646);
2022-10-10 13:48:04.623  INFO 3923 --- [    Test worker] p6spy                                    : #1665377284623 | took 0ms | statement | connection 25| url jdbc:h2:mem:6a3784ae-1aa6-4bbf-b617-4d4aeabcc2af
insert into member_spot (member_id, score, spot_id, member_spot_id) values (?, ?, ?, ?)
insert into member_spot (member_id, score, spot_id, member_spot_id) values (18, 0.0, 646, 2376);
2022-10-10 13:48:04.623  INFO 3923 --- [    Test worker] p6spy                                    : #1665377284623 | took 0ms | statement | connection 25| url jdbc:h2:mem:6a3784ae-1aa6-4bbf-b617-4d4aeabcc2af
insert into review (content, spot_id, review_id) values (?, ?, ?)
insert into review (content, spot_id, review_id) values ('java.io.StringReader@179ed8b1', 569, 582);
2022-10-10 13:48:04.623  INFO 3923 --- [    Test worker] p6spy                                    : #1665377284623 | took 0ms | statement | connection 25| url jdbc:h2:mem:6a3784ae-1aa6-4bbf-b617-4d4aeabcc2af
insert into score (facility_rank, facility_score, price_rank, price_score, rank_average, surround_rank, surround_score, view_rank, view_score, score_id) values (?, ?, ?, ?, ?, ?, ?, ?, ?, ?)
insert into score (facility_rank, facility_score, price_rank, price_score, rank_average, surround_rank, surround_score, view_rank, view_score, score_id) values (8.431851625844768, 3.5287756039648546, 6.9379239199819605, 0.7963004685976138, 6.737680752465711, 2.6298896671661254, 0.3606035786484585, 8.380464023178527, 9.235480566434255, 581);
2022-10-10 13:48:04.623  INFO 3923 --- [    Test worker] p6spy                                    : #1665377284623 | took 0ms | statement | connection 25| url jdbc:h2:mem:6a3784ae-1aa6-4bbf-b617-4d4aeabcc2af
insert into picture (spot_id, url, picture_id) values (?, ?, ?)
insert into picture (spot_id, url, picture_id) values (NULL, 'java.io.StringReader@407e71d5', 2377);
2022-10-10 13:48:04.623  INFO 3923 --- [    Test worker] p6spy                                    : #1665377284623 | took 0ms | statement | connection 25| url jdbc:h2:mem:6a3784ae-1aa6-4bbf-b617-4d4aeabcc2af
insert into picture (spot_id, url, picture_id) values (?, ?, ?)
insert into picture (spot_id, url, picture_id) values (NULL, 'java.io.StringReader@3b58d390', 2378);
2022-10-10 13:48:04.623  INFO 3923 --- [    Test worker] p6spy                                    : #1665377284623 | took 0ms | statement | connection 25| url jdbc:h2:mem:6a3784ae-1aa6-4bbf-b617-4d4aeabcc2af
insert into picture (spot_id, url, picture_id) values (?, ?, ?)
insert into picture (spot_id, url, picture_id) values (NULL, 'java.io.StringReader@4d7a82f6', 2379);
2022-10-10 13:48:04.623  INFO 3923 --- [    Test worker] p6spy                                    : #1665377284623 | took 0ms | statement | connection 25| url jdbc:h2:mem:6a3784ae-1aa6-4bbf-b617-4d4aeabcc2af
insert into spot (address, description, location, name, score_id, spot_id) values (?, ?, ?, ?, ?, ?)
insert into spot (address, description, location, name, score_id, spot_id) values (NULL, NULL, 'Andeok_myeon', NULL, 581, 647);
2022-10-10 13:48:04.623  INFO 3923 --- [    Test worker] p6spy                                    : #1665377284623 | took 0ms | statement | connection 25| url jdbc:h2:mem:6a3784ae-1aa6-4bbf-b617-4d4aeabcc2af
insert into member_spot (member_id, score, spot_id, member_spot_id) values (?, ?, ?, ?)
insert into member_spot (member_id, score, spot_id, member_spot_id) values (18, 0.0, 647, 2380);
2022-10-10 13:48:04.623  INFO 3923 --- [    Test worker] p6spy                                    : #1665377284623 | took 0ms | statement | connection 25| url jdbc:h2:mem:6a3784ae-1aa6-4bbf-b617-4d4aeabcc2af
insert into review (content, spot_id, review_id) values (?, ?, ?)
insert into review (content, spot_id, review_id) values ('java.io.StringReader@323fff38', 569, 583);
2022-10-10 13:48:04.623  INFO 3923 --- [    Test worker] p6spy                                    : #1665377284623 | took 0ms | statement | connection 25| url jdbc:h2:mem:6a3784ae-1aa6-4bbf-b617-4d4aeabcc2af
insert into favorite_spot (count, favorite_id, spot_id, favorite_spot_id) values (?, ?, ?, ?)
insert into favorite_spot (count, favorite_id, spot_id, favorite_spot_id) values (0, 39, 647, 460);
2022-10-10 13:48:04.623  INFO 3923 --- [    Test worker] p6spy                                    : #1665377284623 | took 0ms | statement | connection 25| url jdbc:h2:mem:6a3784ae-1aa6-4bbf-b617-4d4aeabcc2af
insert into score (facility_rank, facility_score, price_rank, price_score, rank_average, surround_rank, surround_score, view_rank, view_score, score_id) values (?, ?, ?, ?, ?, ?, ?, ?, ?, ?)
insert into score (facility_rank, facility_score, price_rank, price_score, rank_average, surround_rank, surround_score, view_rank, view_score, score_id) values (5.838387131817438, 4.744331486086804, 9.392130150594275, 8.163719189835323, 1.3352441034368057, 1.2465977812969342, 9.672869964644331, 1.5965248809707622, 2.901454285616676, 582);
2022-10-10 13:48:04.623  INFO 3923 --- [    Test worker] p6spy                                    : #1665377284623 | took 0ms | statement | connection 25| url jdbc:h2:mem:6a3784ae-1aa6-4bbf-b617-4d4aeabcc2af
insert into picture (spot_id, url, picture_id) values (?, ?, ?)
insert into picture (spot_id, url, picture_id) values (NULL, 'java.io.StringReader@5284c1c5', 2381);
2022-10-10 13:48:04.623  INFO 3923 --- [    Test worker] p6spy                                    : #1665377284623 | took 0ms | statement | connection 25| url jdbc:h2:mem:6a3784ae-1aa6-4bbf-b617-4d4aeabcc2af
insert into picture (spot_id, url, picture_id) values (?, ?, ?)
insert into picture (spot_id, url, picture_id) values (NULL, 'java.io.StringReader@43bec114', 2382);
2022-10-10 13:48:04.623  INFO 3923 --- [    Test worker] p6spy                                    : #1665377284623 | took 0ms | statement | connection 25| url jdbc:h2:mem:6a3784ae-1aa6-4bbf-b617-4d4aeabcc2af
insert into picture (spot_id, url, picture_id) values (?, ?, ?)
insert into picture (spot_id, url, picture_id) values (NULL, 'java.io.StringReader@68c0fe1e', 2383);
2022-10-10 13:48:04.623  INFO 3923 --- [    Test worker] p6spy                                    : #1665377284623 | took 0ms | statement | connection 25| url jdbc:h2:mem:6a3784ae-1aa6-4bbf-b617-4d4aeabcc2af
insert into spot (address, description, location, name, score_id, spot_id) values (?, ?, ?, ?, ?, ?)
insert into spot (address, description, location, name, score_id, spot_id) values (NULL, NULL, 'Andeok_myeon', NULL, 582, 648);
2022-10-10 13:48:04.623  INFO 3923 --- [    Test worker] p6spy                                    : #1665377284623 | took 0ms | statement | connection 25| url jdbc:h2:mem:6a3784ae-1aa6-4bbf-b617-4d4aeabcc2af
insert into member_spot (member_id, score, spot_id, member_spot_id) values (?, ?, ?, ?)
insert into member_spot (member_id, score, spot_id, member_spot_id) values (18, 0.0, 648, 2384);
2022-10-10 13:48:04.623  INFO 3923 --- [    Test worker] p6spy                                    : #1665377284623 | took 0ms | statement | connection 25| url jdbc:h2:mem:6a3784ae-1aa6-4bbf-b617-4d4aeabcc2af
insert into review (content, spot_id, review_id) values (?, ?, ?)
insert into review (content, spot_id, review_id) values ('java.io.StringReader@6ac4981', 569, 584);
2022-10-10 13:48:04.623  INFO 3923 --- [    Test worker] p6spy                                    : #1665377284623 | took 0ms | statement | connection 25| url jdbc:h2:mem:6a3784ae-1aa6-4bbf-b617-4d4aeabcc2af
insert into score (facility_rank, facility_score, price_rank, price_score, rank_average, surround_rank, surround_score, view_rank, view_score, score_id) values (?, ?, ?, ?, ?, ?, ?, ?, ?, ?)
insert into score (facility_rank, facility_score, price_rank, price_score, rank_average, surround_rank, surround_score, view_rank, view_score, score_id) values (5.645065410029582, 6.9301082008721995, 3.7302289469569097, 4.967906482384645, 1.85533173581247, 9.077645679972878, 2.6060286053051254, 4.115221453813978, 8.513157821602594, 583);
2022-10-10 13:48:04.624  INFO 3923 --- [    Test worker] p6spy                                    : #1665377284624 | took 0ms | statement | connection 25| url jdbc:h2:mem:6a3784ae-1aa6-4bbf-b617-4d4aeabcc2af
insert into picture (spot_id, url, picture_id) values (?, ?, ?)
insert into picture (spot_id, url, picture_id) values (NULL, 'java.io.StringReader@1f5e127c', 2385);
2022-10-10 13:48:04.624  INFO 3923 --- [    Test worker] p6spy                                    : #1665377284624 | took 0ms | statement | connection 25| url jdbc:h2:mem:6a3784ae-1aa6-4bbf-b617-4d4aeabcc2af
insert into picture (spot_id, url, picture_id) values (?, ?, ?)
insert into picture (spot_id, url, picture_id) values (NULL, 'java.io.StringReader@1fe5bc11', 2386);
2022-10-10 13:48:04.624  INFO 3923 --- [    Test worker] p6spy                                    : #1665377284624 | took 0ms | statement | connection 25| url jdbc:h2:mem:6a3784ae-1aa6-4bbf-b617-4d4aeabcc2af
insert into picture (spot_id, url, picture_id) values (?, ?, ?)
insert into picture (spot_id, url, picture_id) values (NULL, 'java.io.StringReader@44866874', 2387);
2022-10-10 13:48:04.624  INFO 3923 --- [    Test worker] p6spy                                    : #1665377284624 | took 0ms | statement | connection 25| url jdbc:h2:mem:6a3784ae-1aa6-4bbf-b617-4d4aeabcc2af
insert into spot (address, description, location, name, score_id, spot_id) values (?, ?, ?, ?, ?, ?)
insert into spot (address, description, location, name, score_id, spot_id) values (NULL, NULL, 'Andeok_myeon', NULL, 583, 649);
2022-10-10 13:48:04.624  INFO 3923 --- [    Test worker] p6spy                                    : #1665377284624 | took 0ms | statement | connection 25| url jdbc:h2:mem:6a3784ae-1aa6-4bbf-b617-4d4aeabcc2af
insert into member_spot (member_id, score, spot_id, member_spot_id) values (?, ?, ?, ?)
insert into member_spot (member_id, score, spot_id, member_spot_id) values (18, 0.0, 649, 2388);
2022-10-10 13:48:04.624  INFO 3923 --- [    Test worker] p6spy                                    : #1665377284624 | took 0ms | statement | connection 25| url jdbc:h2:mem:6a3784ae-1aa6-4bbf-b617-4d4aeabcc2af
insert into review (content, spot_id, review_id) values (?, ?, ?)
insert into review (content, spot_id, review_id) values ('java.io.StringReader@5a5e1e0d', 569, 585);
2022-10-10 13:48:04.624  INFO 3923 --- [    Test worker] p6spy                                    : #1665377284624 | took 0ms | statement | connection 25| url jdbc:h2:mem:6a3784ae-1aa6-4bbf-b617-4d4aeabcc2af
insert into favorite_spot (count, favorite_id, spot_id, favorite_spot_id) values (?, ?, ?, ?)
insert into favorite_spot (count, favorite_id, spot_id, favorite_spot_id) values (0, 39, 649, 461);
2022-10-10 13:48:04.624  INFO 3923 --- [    Test worker] p6spy                                    : #1665377284624 | took 0ms | statement | connection 25| url jdbc:h2:mem:6a3784ae-1aa6-4bbf-b617-4d4aeabcc2af
insert into score (facility_rank, facility_score, price_rank, price_score, rank_average, surround_rank, surround_score, view_rank, view_score, score_id) values (?, ?, ?, ?, ?, ?, ?, ?, ?, ?)
insert into score (facility_rank, facility_score, price_rank, price_score, rank_average, surround_rank, surround_score, view_rank, view_score, score_id) values (4.4860728417450595, 9.071156125825441, 2.761899983469881, 0.06285522155802803, 1.8375118980684535, 4.290031527217795, 4.531947022803285, 6.674895647713708, 1.966758114247923, 584);
2022-10-10 13:48:04.624  INFO 3923 --- [    Test worker] p6spy                                    : #1665377284624 | took 0ms | statement | connection 25| url jdbc:h2:mem:6a3784ae-1aa6-4bbf-b617-4d4aeabcc2af
insert into picture (spot_id, url, picture_id) values (?, ?, ?)
insert into picture (spot_id, url, picture_id) values (NULL, 'java.io.StringReader@202419ff', 2389);
2022-10-10 13:48:04.624  INFO 3923 --- [    Test worker] p6spy                                    : #1665377284624 | took 0ms | statement | connection 25| url jdbc:h2:mem:6a3784ae-1aa6-4bbf-b617-4d4aeabcc2af
insert into picture (spot_id, url, picture_id) values (?, ?, ?)
insert into picture (spot_id, url, picture_id) values (NULL, 'java.io.StringReader@1252af00', 2390);
2022-10-10 13:48:04.624  INFO 3923 --- [    Test worker] p6spy                                    : #1665377284624 | took 0ms | statement | connection 25| url jdbc:h2:mem:6a3784ae-1aa6-4bbf-b617-4d4aeabcc2af
insert into picture (spot_id, url, picture_id) values (?, ?, ?)
insert into picture (spot_id, url, picture_id) values (NULL, 'java.io.StringReader@352cb17f', 2391);
2022-10-10 13:48:04.624  INFO 3923 --- [    Test worker] p6spy                                    : #1665377284624 | took 0ms | statement | connection 25| url jdbc:h2:mem:6a3784ae-1aa6-4bbf-b617-4d4aeabcc2af
insert into spot (address, description, location, name, score_id, spot_id) values (?, ?, ?, ?, ?, ?)
insert into spot (address, description, location, name, score_id, spot_id) values (NULL, NULL, 'Andeok_myeon', NULL, 584, 650);
2022-10-10 13:48:04.624  INFO 3923 --- [    Test worker] p6spy                                    : #1665377284624 | took 0ms | statement | connection 25| url jdbc:h2:mem:6a3784ae-1aa6-4bbf-b617-4d4aeabcc2af
insert into member_spot (member_id, score, spot_id, member_spot_id) values (?, ?, ?, ?)
insert into member_spot (member_id, score, spot_id, member_spot_id) values (18, 0.0, 650, 2392);
2022-10-10 13:48:04.624  INFO 3923 --- [    Test worker] p6spy                                    : #1665377284624 | took 0ms | statement | connection 25| url jdbc:h2:mem:6a3784ae-1aa6-4bbf-b617-4d4aeabcc2af
insert into review (content, spot_id, review_id) values (?, ?, ?)
insert into review (content, spot_id, review_id) values ('java.io.StringReader@2503f9b', 569, 586);
2022-10-10 13:48:04.624  INFO 3923 --- [    Test worker] p6spy                                    : #1665377284624 | took 0ms | statement | connection 25| url jdbc:h2:mem:6a3784ae-1aa6-4bbf-b617-4d4aeabcc2af
insert into score (facility_rank, facility_score, price_rank, price_score, rank_average, surround_rank, surround_score, view_rank, view_score, score_id) values (?, ?, ?, ?, ?, ?, ?, ?, ?, ?)
insert into score (facility_rank, facility_score, price_rank, price_score, rank_average, surround_rank, surround_score, view_rank, view_score, score_id) values (8.825046783446416, 1.5002729493277056, 3.7744481811022155, 4.3816286711425345, 3.1797794763033704, 8.650372932710743, 3.5715060134504384, 3.3458708250511604, 8.161818251255196, 585);
2022-10-10 13:48:04.624  INFO 3923 --- [    Test worker] p6spy                                    : #1665377284624 | took 0ms | statement | connection 25| url jdbc:h2:mem:6a3784ae-1aa6-4bbf-b617-4d4aeabcc2af
insert into picture (spot_id, url, picture_id) values (?, ?, ?)
insert into picture (spot_id, url, picture_id) values (NULL, 'java.io.StringReader@60aa431', 2393);
2022-10-10 13:48:04.624  INFO 3923 --- [    Test worker] p6spy                                    : #1665377284624 | took 0ms | statement | connection 25| url jdbc:h2:mem:6a3784ae-1aa6-4bbf-b617-4d4aeabcc2af
insert into picture (spot_id, url, picture_id) values (?, ?, ?)
insert into picture (spot_id, url, picture_id) values (NULL, 'java.io.StringReader@7be21e4d', 2394);
2022-10-10 13:48:04.624  INFO 3923 --- [    Test worker] p6spy                                    : #1665377284624 | took 0ms | statement | connection 25| url jdbc:h2:mem:6a3784ae-1aa6-4bbf-b617-4d4aeabcc2af
insert into picture (spot_id, url, picture_id) values (?, ?, ?)
insert into picture (spot_id, url, picture_id) values (NULL, 'java.io.StringReader@282427ca', 2395);
2022-10-10 13:48:04.624  INFO 3923 --- [    Test worker] p6spy                                    : #1665377284624 | took 0ms | statement | connection 25| url jdbc:h2:mem:6a3784ae-1aa6-4bbf-b617-4d4aeabcc2af
insert into spot (address, description, location, name, score_id, spot_id) values (?, ?, ?, ?, ?, ?)
insert into spot (address, description, location, name, score_id, spot_id) values (NULL, NULL, 'Andeok_myeon', NULL, 585, 651);
2022-10-10 13:48:04.624  INFO 3923 --- [    Test worker] p6spy                                    : #1665377284624 | took 0ms | statement | connection 25| url jdbc:h2:mem:6a3784ae-1aa6-4bbf-b617-4d4aeabcc2af
insert into member_spot (member_id, score, spot_id, member_spot_id) values (?, ?, ?, ?)
insert into member_spot (member_id, score, spot_id, member_spot_id) values (18, 0.0, 651, 2396);
2022-10-10 13:48:04.624  INFO 3923 --- [    Test worker] p6spy                                    : #1665377284624 | took 0ms | statement | connection 25| url jdbc:h2:mem:6a3784ae-1aa6-4bbf-b617-4d4aeabcc2af
insert into review (content, spot_id, review_id) values (?, ?, ?)
insert into review (content, spot_id, review_id) values ('java.io.StringReader@3db13d89', 569, 587);
2022-10-10 13:48:04.624  INFO 3923 --- [    Test worker] p6spy                                    : #1665377284624 | took 0ms | statement | connection 25| url jdbc:h2:mem:6a3784ae-1aa6-4bbf-b617-4d4aeabcc2af
insert into favorite_spot (count, favorite_id, spot_id, favorite_spot_id) values (?, ?, ?, ?)
insert into favorite_spot (count, favorite_id, spot_id, favorite_spot_id) values (0, 39, 651, 462);
2022-10-10 13:48:04.624  INFO 3923 --- [    Test worker] p6spy                                    : #1665377284624 | took 0ms | statement | connection 25| url jdbc:h2:mem:6a3784ae-1aa6-4bbf-b617-4d4aeabcc2af
insert into score (facility_rank, facility_score, price_rank, price_score, rank_average, surround_rank, surround_score, view_rank, view_score, score_id) values (?, ?, ?, ?, ?, ?, ?, ?, ?, ?)
insert into score (facility_rank, facility_score, price_rank, price_score, rank_average, surround_rank, surround_score, view_rank, view_score, score_id) values (9.480961816994578, 4.850184365976633, 2.8198149866167577, 2.195617557620433, 0.4566109471900359, 2.224229936034817, 9.944655570941485, 2.312306859526289, 1.460554908773799, 586);
2022-10-10 13:48:04.624  INFO 3923 --- [    Test worker] p6spy                                    : #1665377284624 | took 0ms | statement | connection 25| url jdbc:h2:mem:6a3784ae-1aa6-4bbf-b617-4d4aeabcc2af
insert into picture (spot_id, url, picture_id) values (?, ?, ?)
insert into picture (spot_id, url, picture_id) values (NULL, 'java.io.StringReader@282e7ecd', 2397);
2022-10-10 13:48:04.624  INFO 3923 --- [    Test worker] p6spy                                    : #1665377284624 | took 0ms | statement | connection 25| url jdbc:h2:mem:6a3784ae-1aa6-4bbf-b617-4d4aeabcc2af
insert into picture (spot_id, url, picture_id) values (?, ?, ?)
insert into picture (spot_id, url, picture_id) values (NULL, 'java.io.StringReader@2370fede', 2398);
2022-10-10 13:48:04.624  INFO 3923 --- [    Test worker] p6spy                                    : #1665377284624 | took 0ms | statement | connection 25| url jdbc:h2:mem:6a3784ae-1aa6-4bbf-b617-4d4aeabcc2af
insert into picture (spot_id, url, picture_id) values (?, ?, ?)
insert into picture (spot_id, url, picture_id) values (NULL, 'java.io.StringReader@5de59821', 2399);
2022-10-10 13:48:04.624  INFO 3923 --- [    Test worker] p6spy                                    : #1665377284624 | took 0ms | statement | connection 25| url jdbc:h2:mem:6a3784ae-1aa6-4bbf-b617-4d4aeabcc2af
insert into spot (address, description, location, name, score_id, spot_id) values (?, ?, ?, ?, ?, ?)
insert into spot (address, description, location, name, score_id, spot_id) values (NULL, NULL, 'Andeok_myeon', NULL, 586, 652);
2022-10-10 13:48:04.624  INFO 3923 --- [    Test worker] p6spy                                    : #1665377284624 | took 0ms | statement | connection 25| url jdbc:h2:mem:6a3784ae-1aa6-4bbf-b617-4d4aeabcc2af
insert into member_spot (member_id, score, spot_id, member_spot_id) values (?, ?, ?, ?)
insert into member_spot (member_id, score, spot_id, member_spot_id) values (18, 0.0, 652, 2400);
2022-10-10 13:48:04.624  INFO 3923 --- [    Test worker] p6spy                                    : #1665377284624 | took 0ms | statement | connection 25| url jdbc:h2:mem:6a3784ae-1aa6-4bbf-b617-4d4aeabcc2af
insert into review (content, spot_id, review_id) values (?, ?, ?)
insert into review (content, spot_id, review_id) values ('java.io.StringReader@4f80d1ed', 569, 588);
2022-10-10 13:48:04.624  INFO 3923 --- [    Test worker] p6spy                                    : #1665377284624 | took 0ms | statement | connection 25| url jdbc:h2:mem:6a3784ae-1aa6-4bbf-b617-4d4aeabcc2af
insert into score (facility_rank, facility_score, price_rank, price_score, rank_average, surround_rank, surround_score, view_rank, view_score, score_id) values (?, ?, ?, ?, ?, ?, ?, ?, ?, ?)
insert into score (facility_rank, facility_score, price_rank, price_score, rank_average, surround_rank, surround_score, view_rank, view_score, score_id) values (7.338106193493198, 9.324275336156624, 4.901833658758759, 6.396710406565564, 0.3985015917679402, 1.0624832461169842, 5.645304419789598, 5.415186291920936, 9.694819140105887, 587);
2022-10-10 13:48:04.624  INFO 3923 --- [    Test worker] p6spy                                    : #1665377284624 | took 0ms | statement | connection 25| url jdbc:h2:mem:6a3784ae-1aa6-4bbf-b617-4d4aeabcc2af
insert into picture (spot_id, url, picture_id) values (?, ?, ?)
insert into picture (spot_id, url, picture_id) values (NULL, 'java.io.StringReader@284dc119', 2401);
2022-10-10 13:48:04.624  INFO 3923 --- [    Test worker] p6spy                                    : #1665377284624 | took 0ms | statement | connection 25| url jdbc:h2:mem:6a3784ae-1aa6-4bbf-b617-4d4aeabcc2af
insert into picture (spot_id, url, picture_id) values (?, ?, ?)
insert into picture (spot_id, url, picture_id) values (NULL, 'java.io.StringReader@7563adf', 2402);
2022-10-10 13:48:04.624  INFO 3923 --- [    Test worker] p6spy                                    : #1665377284624 | took 0ms | statement | connection 25| url jdbc:h2:mem:6a3784ae-1aa6-4bbf-b617-4d4aeabcc2af
insert into picture (spot_id, url, picture_id) values (?, ?, ?)
insert into picture (spot_id, url, picture_id) values (NULL, 'java.io.StringReader@4c1168bf', 2403);
2022-10-10 13:48:04.624  INFO 3923 --- [    Test worker] p6spy                                    : #1665377284624 | took 0ms | statement | connection 25| url jdbc:h2:mem:6a3784ae-1aa6-4bbf-b617-4d4aeabcc2af
insert into spot (address, description, location, name, score_id, spot_id) values (?, ?, ?, ?, ?, ?)
insert into spot (address, description, location, name, score_id, spot_id) values (NULL, NULL, 'Andeok_myeon', NULL, 587, 653);
2022-10-10 13:48:04.624  INFO 3923 --- [    Test worker] p6spy                                    : #1665377284624 | took 0ms | statement | connection 25| url jdbc:h2:mem:6a3784ae-1aa6-4bbf-b617-4d4aeabcc2af
insert into member_spot (member_id, score, spot_id, member_spot_id) values (?, ?, ?, ?)
insert into member_spot (member_id, score, spot_id, member_spot_id) values (18, 0.0, 653, 2404);
2022-10-10 13:48:04.624  INFO 3923 --- [    Test worker] p6spy                                    : #1665377284624 | took 0ms | statement | connection 25| url jdbc:h2:mem:6a3784ae-1aa6-4bbf-b617-4d4aeabcc2af
insert into review (content, spot_id, review_id) values (?, ?, ?)
insert into review (content, spot_id, review_id) values ('java.io.StringReader@2a06a2d5', 569, 589);
2022-10-10 13:48:04.624  INFO 3923 --- [    Test worker] p6spy                                    : #1665377284624 | took 0ms | statement | connection 25| url jdbc:h2:mem:6a3784ae-1aa6-4bbf-b617-4d4aeabcc2af
insert into favorite_spot (count, favorite_id, spot_id, favorite_spot_id) values (?, ?, ?, ?)
insert into favorite_spot (count, favorite_id, spot_id, favorite_spot_id) values (0, 39, 653, 463);
2022-10-10 13:48:04.624  INFO 3923 --- [    Test worker] p6spy                                    : #1665377284624 | took 0ms | statement | connection 25| url jdbc:h2:mem:6a3784ae-1aa6-4bbf-b617-4d4aeabcc2af
insert into score (facility_rank, facility_score, price_rank, price_score, rank_average, surround_rank, surround_score, view_rank, view_score, score_id) values (?, ?, ?, ?, ?, ?, ?, ?, ?, ?)
insert into score (facility_rank, facility_score, price_rank, price_score, rank_average, surround_rank, surround_score, view_rank, view_score, score_id) values (1.2860486132598503, 0.12550942389969788, 2.895581047529092, 7.1163832186171145, 6.010448933070682, 7.064566873463745, 8.159232807260942, 4.249042780320926, 8.745781750534015, 588);
2022-10-10 13:48:04.624  INFO 3923 --- [    Test worker] p6spy                                    : #1665377284624 | took 0ms | statement | connection 25| url jdbc:h2:mem:6a3784ae-1aa6-4bbf-b617-4d4aeabcc2af
insert into picture (spot_id, url, picture_id) values (?, ?, ?)
insert into picture (spot_id, url, picture_id) values (NULL, 'java.io.StringReader@63482d79', 2405);
2022-10-10 13:48:04.624  INFO 3923 --- [    Test worker] p6spy                                    : #1665377284624 | took 0ms | statement | connection 25| url jdbc:h2:mem:6a3784ae-1aa6-4bbf-b617-4d4aeabcc2af
insert into picture (spot_id, url, picture_id) values (?, ?, ?)
insert into picture (spot_id, url, picture_id) values (NULL, 'java.io.StringReader@33d09547', 2406);
2022-10-10 13:48:04.624  INFO 3923 --- [    Test worker] p6spy                                    : #1665377284624 | took 0ms | statement | connection 25| url jdbc:h2:mem:6a3784ae-1aa6-4bbf-b617-4d4aeabcc2af
insert into picture (spot_id, url, picture_id) values (?, ?, ?)
insert into picture (spot_id, url, picture_id) values (NULL, 'java.io.StringReader@867fd56', 2407);
2022-10-10 13:48:04.624  INFO 3923 --- [    Test worker] p6spy                                    : #1665377284624 | took 0ms | statement | connection 25| url jdbc:h2:mem:6a3784ae-1aa6-4bbf-b617-4d4aeabcc2af
insert into spot (address, description, location, name, score_id, spot_id) values (?, ?, ?, ?, ?, ?)
insert into spot (address, description, location, name, score_id, spot_id) values (NULL, NULL, 'Andeok_myeon', NULL, 588, 654);
2022-10-10 13:48:04.624  INFO 3923 --- [    Test worker] p6spy                                    : #1665377284624 | took 0ms | statement | connection 25| url jdbc:h2:mem:6a3784ae-1aa6-4bbf-b617-4d4aeabcc2af
insert into member_spot (member_id, score, spot_id, member_spot_id) values (?, ?, ?, ?)
insert into member_spot (member_id, score, spot_id, member_spot_id) values (18, 0.0, 654, 2408);
2022-10-10 13:48:04.624  INFO 3923 --- [    Test worker] p6spy                                    : #1665377284624 | took 0ms | statement | connection 25| url jdbc:h2:mem:6a3784ae-1aa6-4bbf-b617-4d4aeabcc2af
insert into review (content, spot_id, review_id) values (?, ?, ?)
insert into review (content, spot_id, review_id) values ('java.io.StringReader@746b15e', 569, 590);
2022-10-10 13:48:04.625  INFO 3923 --- [    Test worker] p6spy                                    : #1665377284625 | took 0ms | statement | connection 25| url jdbc:h2:mem:6a3784ae-1aa6-4bbf-b617-4d4aeabcc2af
insert into score (facility_rank, facility_score, price_rank, price_score, rank_average, surround_rank, surround_score, view_rank, view_score, score_id) values (?, ?, ?, ?, ?, ?, ?, ?, ?, ?)
insert into score (facility_rank, facility_score, price_rank, price_score, rank_average, surround_rank, surround_score, view_rank, view_score, score_id) values (0.493520267307761, 4.410681951106106, 5.84975998426266, 5.8730813184087785, 2.8169581283435607, 7.280062925689381, 0.6465266348812992, 1.7121755088275004, 7.896461213538506, 589);
2022-10-10 13:48:04.625  INFO 3923 --- [    Test worker] p6spy                                    : #1665377284625 | took 0ms | statement | connection 25| url jdbc:h2:mem:6a3784ae-1aa6-4bbf-b617-4d4aeabcc2af
insert into picture (spot_id, url, picture_id) values (?, ?, ?)
insert into picture (spot_id, url, picture_id) values (NULL, 'java.io.StringReader@68b31aa2', 2409);
2022-10-10 13:48:04.625  INFO 3923 --- [    Test worker] p6spy                                    : #1665377284625 | took 0ms | statement | connection 25| url jdbc:h2:mem:6a3784ae-1aa6-4bbf-b617-4d4aeabcc2af
insert into picture (spot_id, url, picture_id) values (?, ?, ?)
insert into picture (spot_id, url, picture_id) values (NULL, 'java.io.StringReader@54388ff5', 2410);
2022-10-10 13:48:04.625  INFO 3923 --- [    Test worker] p6spy                                    : #1665377284625 | took 0ms | statement | connection 25| url jdbc:h2:mem:6a3784ae-1aa6-4bbf-b617-4d4aeabcc2af
insert into picture (spot_id, url, picture_id) values (?, ?, ?)
insert into picture (spot_id, url, picture_id) values (NULL, 'java.io.StringReader@5ca3ed3f', 2411);
2022-10-10 13:48:04.625  INFO 3923 --- [    Test worker] p6spy                                    : #1665377284625 | took 0ms | statement | connection 25| url jdbc:h2:mem:6a3784ae-1aa6-4bbf-b617-4d4aeabcc2af
insert into spot (address, description, location, name, score_id, spot_id) values (?, ?, ?, ?, ?, ?)
insert into spot (address, description, location, name, score_id, spot_id) values (NULL, NULL, 'Andeok_myeon', NULL, 589, 655);
2022-10-10 13:48:04.625  INFO 3923 --- [    Test worker] p6spy                                    : #1665377284625 | took 0ms | statement | connection 25| url jdbc:h2:mem:6a3784ae-1aa6-4bbf-b617-4d4aeabcc2af
insert into member_spot (member_id, score, spot_id, member_spot_id) values (?, ?, ?, ?)
insert into member_spot (member_id, score, spot_id, member_spot_id) values (18, 0.0, 655, 2412);
2022-10-10 13:48:04.625  INFO 3923 --- [    Test worker] p6spy                                    : #1665377284625 | took 0ms | statement | connection 25| url jdbc:h2:mem:6a3784ae-1aa6-4bbf-b617-4d4aeabcc2af
insert into review (content, spot_id, review_id) values (?, ?, ?)
insert into review (content, spot_id, review_id) values ('java.io.StringReader@797618c3', 569, 591);
2022-10-10 13:48:04.625  INFO 3923 --- [    Test worker] p6spy                                    : #1665377284625 | took 0ms | statement | connection 25| url jdbc:h2:mem:6a3784ae-1aa6-4bbf-b617-4d4aeabcc2af
insert into favorite_spot (count, favorite_id, spot_id, favorite_spot_id) values (?, ?, ?, ?)
insert into favorite_spot (count, favorite_id, spot_id, favorite_spot_id) values (0, 39, 655, 464);
2022-10-10 13:48:04.625  INFO 3923 --- [    Test worker] p6spy                                    : #1665377284625 | took 0ms | statement | connection 25| url jdbc:h2:mem:6a3784ae-1aa6-4bbf-b617-4d4aeabcc2af
insert into score (facility_rank, facility_score, price_rank, price_score, rank_average, surround_rank, surround_score, view_rank, view_score, score_id) values (?, ?, ?, ?, ?, ?, ?, ?, ?, ?)
insert into score (facility_rank, facility_score, price_rank, price_score, rank_average, surround_rank, surround_score, view_rank, view_score, score_id) values (6.813136080061421, 7.56754008881178, 5.296272761906332, 4.482178436623833, 7.007189343557063, 4.5332470943077645, 5.625426004980428, 0.4024382346212074, 2.3435073804462836, 590);
2022-10-10 13:48:04.625  INFO 3923 --- [    Test worker] p6spy                                    : #1665377284625 | took 0ms | statement | connection 25| url jdbc:h2:mem:6a3784ae-1aa6-4bbf-b617-4d4aeabcc2af
insert into picture (spot_id, url, picture_id) values (?, ?, ?)
insert into picture (spot_id, url, picture_id) values (NULL, 'java.io.StringReader@14458b02', 2413);
2022-10-10 13:48:04.625  INFO 3923 --- [    Test worker] p6spy                                    : #1665377284625 | took 0ms | statement | connection 25| url jdbc:h2:mem:6a3784ae-1aa6-4bbf-b617-4d4aeabcc2af
insert into picture (spot_id, url, picture_id) values (?, ?, ?)
insert into picture (spot_id, url, picture_id) values (NULL, 'java.io.StringReader@1b3bdde1', 2414);
2022-10-10 13:48:04.625  INFO 3923 --- [    Test worker] p6spy                                    : #1665377284625 | took 0ms | statement | connection 25| url jdbc:h2:mem:6a3784ae-1aa6-4bbf-b617-4d4aeabcc2af
insert into picture (spot_id, url, picture_id) values (?, ?, ?)
insert into picture (spot_id, url, picture_id) values (NULL, 'java.io.StringReader@692e30b2', 2415);
2022-10-10 13:48:04.625  INFO 3923 --- [    Test worker] p6spy                                    : #1665377284625 | took 0ms | statement | connection 25| url jdbc:h2:mem:6a3784ae-1aa6-4bbf-b617-4d4aeabcc2af
insert into spot (address, description, location, name, score_id, spot_id) values (?, ?, ?, ?, ?, ?)
insert into spot (address, description, location, name, score_id, spot_id) values (NULL, NULL, 'Andeok_myeon', NULL, 590, 656);
2022-10-10 13:48:04.625  INFO 3923 --- [    Test worker] p6spy                                    : #1665377284625 | took 0ms | statement | connection 25| url jdbc:h2:mem:6a3784ae-1aa6-4bbf-b617-4d4aeabcc2af
insert into member_spot (member_id, score, spot_id, member_spot_id) values (?, ?, ?, ?)
insert into member_spot (member_id, score, spot_id, member_spot_id) values (18, 0.0, 656, 2416);
2022-10-10 13:48:04.625  INFO 3923 --- [    Test worker] p6spy                                    : #1665377284625 | took 0ms | statement | connection 25| url jdbc:h2:mem:6a3784ae-1aa6-4bbf-b617-4d4aeabcc2af
insert into review (content, spot_id, review_id) values (?, ?, ?)
insert into review (content, spot_id, review_id) values ('java.io.StringReader@60c9e30b', 569, 592);
2022-10-10 13:48:04.625  INFO 3923 --- [    Test worker] p6spy                                    : #1665377284625 | took 0ms | statement | connection 25| url jdbc:h2:mem:6a3784ae-1aa6-4bbf-b617-4d4aeabcc2af
insert into score (facility_rank, facility_score, price_rank, price_score, rank_average, surround_rank, surround_score, view_rank, view_score, score_id) values (?, ?, ?, ?, ?, ?, ?, ?, ?, ?)
insert into score (facility_rank, facility_score, price_rank, price_score, rank_average, surround_rank, surround_score, view_rank, view_score, score_id) values (9.114452218446235, 8.547900241716205, 0.5068499531404758, 0.8916016688565964, 0.7402482017539891, 7.119787461435456, 8.680398147769978, 2.0692969225640887, 4.32866571266204, 591);
2022-10-10 13:48:04.625  INFO 3923 --- [    Test worker] p6spy                                    : #1665377284625 | took 0ms | statement | connection 25| url jdbc:h2:mem:6a3784ae-1aa6-4bbf-b617-4d4aeabcc2af
insert into picture (spot_id, url, picture_id) values (?, ?, ?)
insert into picture (spot_id, url, picture_id) values (NULL, 'java.io.StringReader@6fa90149', 2417);
2022-10-10 13:48:04.625  INFO 3923 --- [    Test worker] p6spy                                    : #1665377284625 | took 0ms | statement | connection 25| url jdbc:h2:mem:6a3784ae-1aa6-4bbf-b617-4d4aeabcc2af
insert into picture (spot_id, url, picture_id) values (?, ?, ?)
insert into picture (spot_id, url, picture_id) values (NULL, 'java.io.StringReader@659d54d8', 2418);
2022-10-10 13:48:04.625  INFO 3923 --- [    Test worker] p6spy                                    : #1665377284625 | took 0ms | statement | connection 25| url jdbc:h2:mem:6a3784ae-1aa6-4bbf-b617-4d4aeabcc2af
insert into picture (spot_id, url, picture_id) values (?, ?, ?)
insert into picture (spot_id, url, picture_id) values (NULL, 'java.io.StringReader@24edb768', 2419);
2022-10-10 13:48:04.625  INFO 3923 --- [    Test worker] p6spy                                    : #1665377284625 | took 0ms | statement | connection 25| url jdbc:h2:mem:6a3784ae-1aa6-4bbf-b617-4d4aeabcc2af
insert into spot (address, description, location, name, score_id, spot_id) values (?, ?, ?, ?, ?, ?)
insert into spot (address, description, location, name, score_id, spot_id) values (NULL, NULL, 'Andeok_myeon', NULL, 591, 657);
2022-10-10 13:48:04.625  INFO 3923 --- [    Test worker] p6spy                                    : #1665377284625 | took 0ms | statement | connection 25| url jdbc:h2:mem:6a3784ae-1aa6-4bbf-b617-4d4aeabcc2af
insert into member_spot (member_id, score, spot_id, member_spot_id) values (?, ?, ?, ?)
insert into member_spot (member_id, score, spot_id, member_spot_id) values (18, 0.0, 657, 2420);
2022-10-10 13:48:04.625  INFO 3923 --- [    Test worker] p6spy                                    : #1665377284625 | took 0ms | statement | connection 25| url jdbc:h2:mem:6a3784ae-1aa6-4bbf-b617-4d4aeabcc2af
insert into review (content, spot_id, review_id) values (?, ?, ?)
insert into review (content, spot_id, review_id) values ('java.io.StringReader@785b665c', 569, 593);
2022-10-10 13:48:04.625  INFO 3923 --- [    Test worker] p6spy                                    : #1665377284625 | took 0ms | statement | connection 25| url jdbc:h2:mem:6a3784ae-1aa6-4bbf-b617-4d4aeabcc2af
insert into favorite_spot (count, favorite_id, spot_id, favorite_spot_id) values (?, ?, ?, ?)
insert into favorite_spot (count, favorite_id, spot_id, favorite_spot_id) values (0, 39, 657, 465);
2022-10-10 13:48:04.625  INFO 3923 --- [    Test worker] p6spy                                    : #1665377284625 | took 0ms | statement | connection 25| url jdbc:h2:mem:6a3784ae-1aa6-4bbf-b617-4d4aeabcc2af
insert into score (facility_rank, facility_score, price_rank, price_score, rank_average, surround_rank, surround_score, view_rank, view_score, score_id) values (?, ?, ?, ?, ?, ?, ?, ?, ?, ?)
insert into score (facility_rank, facility_score, price_rank, price_score, rank_average, surround_rank, surround_score, view_rank, view_score, score_id) values (0.22078388272190774, 2.876198000506772, 2.1451531270162203, 8.963443882857014, 2.659176564839055, 9.819610813065314, 1.8610648236739036, 8.129110367464316, 2.7110622070609605, 592);
2022-10-10 13:48:04.625  INFO 3923 --- [    Test worker] p6spy                                    : #1665377284625 | took 0ms | statement | connection 25| url jdbc:h2:mem:6a3784ae-1aa6-4bbf-b617-4d4aeabcc2af
insert into picture (spot_id, url, picture_id) values (?, ?, ?)
insert into picture (spot_id, url, picture_id) values (NULL, 'java.io.StringReader@20e76656', 2421);
2022-10-10 13:48:04.625  INFO 3923 --- [    Test worker] p6spy                                    : #1665377284625 | took 0ms | statement | connection 25| url jdbc:h2:mem:6a3784ae-1aa6-4bbf-b617-4d4aeabcc2af
insert into picture (spot_id, url, picture_id) values (?, ?, ?)
insert into picture (spot_id, url, picture_id) values (NULL, 'java.io.StringReader@2358c211', 2422);
2022-10-10 13:48:04.625  INFO 3923 --- [    Test worker] p6spy                                    : #1665377284625 | took 0ms | statement | connection 25| url jdbc:h2:mem:6a3784ae-1aa6-4bbf-b617-4d4aeabcc2af
insert into picture (spot_id, url, picture_id) values (?, ?, ?)
insert into picture (spot_id, url, picture_id) values (NULL, 'java.io.StringReader@1e46b33b', 2423);
2022-10-10 13:48:04.626  INFO 3923 --- [    Test worker] p6spy                                    : #1665377284626 | took 0ms | statement | connection 25| url jdbc:h2:mem:6a3784ae-1aa6-4bbf-b617-4d4aeabcc2af
insert into spot (address, description, location, name, score_id, spot_id) values (?, ?, ?, ?, ?, ?)
insert into spot (address, description, location, name, score_id, spot_id) values (NULL, NULL, 'Andeok_myeon', NULL, 592, 658);
2022-10-10 13:48:04.626  INFO 3923 --- [    Test worker] p6spy                                    : #1665377284626 | took 0ms | statement | connection 25| url jdbc:h2:mem:6a3784ae-1aa6-4bbf-b617-4d4aeabcc2af
insert into member_spot (member_id, score, spot_id, member_spot_id) values (?, ?, ?, ?)
insert into member_spot (member_id, score, spot_id, member_spot_id) values (18, 0.0, 658, 2424);
2022-10-10 13:48:04.626  INFO 3923 --- [    Test worker] p6spy                                    : #1665377284626 | took 0ms | statement | connection 25| url jdbc:h2:mem:6a3784ae-1aa6-4bbf-b617-4d4aeabcc2af
insert into review (content, spot_id, review_id) values (?, ?, ?)
insert into review (content, spot_id, review_id) values ('java.io.StringReader@5100089c', 569, 594);
2022-10-10 13:48:04.626  INFO 3923 --- [    Test worker] p6spy                                    : #1665377284626 | took 0ms | statement | connection 25| url jdbc:h2:mem:6a3784ae-1aa6-4bbf-b617-4d4aeabcc2af
insert into score (facility_rank, facility_score, price_rank, price_score, rank_average, surround_rank, surround_score, view_rank, view_score, score_id) values (?, ?, ?, ?, ?, ?, ?, ?, ?, ?)
insert into score (facility_rank, facility_score, price_rank, price_score, rank_average, surround_rank, surround_score, view_rank, view_score, score_id) values (7.627832096457911, 8.439521319644017, 3.6927923165764884, 3.771515238779738, 9.228666235735917, 5.357824000804054, 1.8745747367783694, 3.7337857305718014, 9.45034462976366, 593);
2022-10-10 13:48:04.626  INFO 3923 --- [    Test worker] p6spy                                    : #1665377284626 | took 0ms | statement | connection 25| url jdbc:h2:mem:6a3784ae-1aa6-4bbf-b617-4d4aeabcc2af
insert into picture (spot_id, url, picture_id) values (?, ?, ?)
insert into picture (spot_id, url, picture_id) values (NULL, 'java.io.StringReader@46fe72f0', 2425);
2022-10-10 13:48:04.626  INFO 3923 --- [    Test worker] p6spy                                    : #1665377284626 | took 0ms | statement | connection 25| url jdbc:h2:mem:6a3784ae-1aa6-4bbf-b617-4d4aeabcc2af
insert into picture (spot_id, url, picture_id) values (?, ?, ?)
insert into picture (spot_id, url, picture_id) values (NULL, 'java.io.StringReader@7f34036a', 2426);
2022-10-10 13:48:04.626  INFO 3923 --- [    Test worker] p6spy                                    : #1665377284626 | took 0ms | statement | connection 25| url jdbc:h2:mem:6a3784ae-1aa6-4bbf-b617-4d4aeabcc2af
insert into picture (spot_id, url, picture_id) values (?, ?, ?)
insert into picture (spot_id, url, picture_id) values (NULL, 'java.io.StringReader@642fa23c', 2427);
2022-10-10 13:48:04.626  INFO 3923 --- [    Test worker] p6spy                                    : #1665377284626 | took 0ms | statement | connection 25| url jdbc:h2:mem:6a3784ae-1aa6-4bbf-b617-4d4aeabcc2af
insert into spot (address, description, location, name, score_id, spot_id) values (?, ?, ?, ?, ?, ?)
insert into spot (address, description, location, name, score_id, spot_id) values (NULL, NULL, 'Andeok_myeon', NULL, 593, 659);
2022-10-10 13:48:04.626  INFO 3923 --- [    Test worker] p6spy                                    : #1665377284626 | took 0ms | statement | connection 25| url jdbc:h2:mem:6a3784ae-1aa6-4bbf-b617-4d4aeabcc2af
insert into member_spot (member_id, score, spot_id, member_spot_id) values (?, ?, ?, ?)
insert into member_spot (member_id, score, spot_id, member_spot_id) values (18, 0.0, 659, 2428);
2022-10-10 13:48:04.626  INFO 3923 --- [    Test worker] p6spy                                    : #1665377284626 | took 0ms | statement | connection 25| url jdbc:h2:mem:6a3784ae-1aa6-4bbf-b617-4d4aeabcc2af
insert into review (content, spot_id, review_id) values (?, ?, ?)
insert into review (content, spot_id, review_id) values ('java.io.StringReader@334a373a', 569, 595);
2022-10-10 13:48:04.626  INFO 3923 --- [    Test worker] p6spy                                    : #1665377284626 | took 0ms | statement | connection 25| url jdbc:h2:mem:6a3784ae-1aa6-4bbf-b617-4d4aeabcc2af
insert into favorite_spot (count, favorite_id, spot_id, favorite_spot_id) values (?, ?, ?, ?)
insert into favorite_spot (count, favorite_id, spot_id, favorite_spot_id) values (0, 39, 659, 466);
2022-10-10 13:48:04.626  INFO 3923 --- [    Test worker] p6spy                                    : #1665377284626 | took 0ms | statement | connection 25| url jdbc:h2:mem:6a3784ae-1aa6-4bbf-b617-4d4aeabcc2af
insert into score (facility_rank, facility_score, price_rank, price_score, rank_average, surround_rank, surround_score, view_rank, view_score, score_id) values (?, ?, ?, ?, ?, ?, ?, ?, ?, ?)
insert into score (facility_rank, facility_score, price_rank, price_score, rank_average, surround_rank, surround_score, view_rank, view_score, score_id) values (9.398047608898247, 1.6276115748827247, 0.162230369946742, 5.545101206775758, 2.926374851599328, 3.552224269471992, 5.720006298677417, 0.8656017313812481, 0.39186671351171154, 594);
2022-10-10 13:48:04.626  INFO 3923 --- [    Test worker] p6spy                                    : #1665377284626 | took 0ms | statement | connection 25| url jdbc:h2:mem:6a3784ae-1aa6-4bbf-b617-4d4aeabcc2af
insert into picture (spot_id, url, picture_id) values (?, ?, ?)
insert into picture (spot_id, url, picture_id) values (NULL, 'java.io.StringReader@332971da', 2429);
2022-10-10 13:48:04.626  INFO 3923 --- [    Test worker] p6spy                                    : #1665377284626 | took 0ms | statement | connection 25| url jdbc:h2:mem:6a3784ae-1aa6-4bbf-b617-4d4aeabcc2af
insert into picture (spot_id, url, picture_id) values (?, ?, ?)
insert into picture (spot_id, url, picture_id) values (NULL, 'java.io.StringReader@1778a5eb', 2430);
2022-10-10 13:48:04.626  INFO 3923 --- [    Test worker] p6spy                                    : #1665377284626 | took 0ms | statement | connection 25| url jdbc:h2:mem:6a3784ae-1aa6-4bbf-b617-4d4aeabcc2af
insert into picture (spot_id, url, picture_id) values (?, ?, ?)
insert into picture (spot_id, url, picture_id) values (NULL, 'java.io.StringReader@326f32d6', 2431);
2022-10-10 13:48:04.626  INFO 3923 --- [    Test worker] p6spy                                    : #1665377284626 | took 0ms | statement | connection 25| url jdbc:h2:mem:6a3784ae-1aa6-4bbf-b617-4d4aeabcc2af
insert into spot (address, description, location, name, score_id, spot_id) values (?, ?, ?, ?, ?, ?)
insert into spot (address, description, location, name, score_id, spot_id) values (NULL, NULL, 'Andeok_myeon', NULL, 594, 660);
2022-10-10 13:48:04.626  INFO 3923 --- [    Test worker] p6spy                                    : #1665377284626 | took 0ms | statement | connection 25| url jdbc:h2:mem:6a3784ae-1aa6-4bbf-b617-4d4aeabcc2af
insert into member_spot (member_id, score, spot_id, member_spot_id) values (?, ?, ?, ?)
insert into member_spot (member_id, score, spot_id, member_spot_id) values (18, 0.0, 660, 2432);
2022-10-10 13:48:04.626  INFO 3923 --- [    Test worker] p6spy                                    : #1665377284626 | took 0ms | statement | connection 25| url jdbc:h2:mem:6a3784ae-1aa6-4bbf-b617-4d4aeabcc2af
insert into review (content, spot_id, review_id) values (?, ?, ?)
insert into review (content, spot_id, review_id) values ('java.io.StringReader@511aa137', 569, 596);
2022-10-10 13:48:04.626  INFO 3923 --- [    Test worker] p6spy                                    : #1665377284626 | took 0ms | statement | connection 25| url jdbc:h2:mem:6a3784ae-1aa6-4bbf-b617-4d4aeabcc2af
insert into score (facility_rank, facility_score, price_rank, price_score, rank_average, surround_rank, surround_score, view_rank, view_score, score_id) values (?, ?, ?, ?, ?, ?, ?, ?, ?, ?)
insert into score (facility_rank, facility_score, price_rank, price_score, rank_average, surround_rank, surround_score, view_rank, view_score, score_id) values (5.667085319807196, 2.0984410447842947, 5.556576919769558, 5.470276200677649, 0.44931304565118513, 7.6301685298490005, 2.9447080969051, 9.910647933392028, 5.62705972461133, 595);
2022-10-10 13:48:04.626  INFO 3923 --- [    Test worker] p6spy                                    : #1665377284626 | took 0ms | statement | connection 25| url jdbc:h2:mem:6a3784ae-1aa6-4bbf-b617-4d4aeabcc2af
insert into picture (spot_id, url, picture_id) values (?, ?, ?)
insert into picture (spot_id, url, picture_id) values (NULL, 'java.io.StringReader@66322292', 2433);
2022-10-10 13:48:04.626  INFO 3923 --- [    Test worker] p6spy                                    : #1665377284626 | took 0ms | statement | connection 25| url jdbc:h2:mem:6a3784ae-1aa6-4bbf-b617-4d4aeabcc2af
insert into picture (spot_id, url, picture_id) values (?, ?, ?)
insert into picture (spot_id, url, picture_id) values (NULL, 'java.io.StringReader@5c4de465', 2434);
2022-10-10 13:48:04.626  INFO 3923 --- [    Test worker] p6spy                                    : #1665377284626 | took 0ms | statement | connection 25| url jdbc:h2:mem:6a3784ae-1aa6-4bbf-b617-4d4aeabcc2af
insert into picture (spot_id, url, picture_id) values (?, ?, ?)
insert into picture (spot_id, url, picture_id) values (NULL, 'java.io.StringReader@9c38872', 2435);
2022-10-10 13:48:04.626  INFO 3923 --- [    Test worker] p6spy                                    : #1665377284626 | took 0ms | statement | connection 25| url jdbc:h2:mem:6a3784ae-1aa6-4bbf-b617-4d4aeabcc2af
insert into spot (address, description, location, name, score_id, spot_id) values (?, ?, ?, ?, ?, ?)
insert into spot (address, description, location, name, score_id, spot_id) values (NULL, NULL, 'Andeok_myeon', NULL, 595, 661);
2022-10-10 13:48:04.626  INFO 3923 --- [    Test worker] p6spy                                    : #1665377284626 | took 0ms | statement | connection 25| url jdbc:h2:mem:6a3784ae-1aa6-4bbf-b617-4d4aeabcc2af
insert into member_spot (member_id, score, spot_id, member_spot_id) values (?, ?, ?, ?)
insert into member_spot (member_id, score, spot_id, member_spot_id) values (18, 0.0, 661, 2436);
2022-10-10 13:48:04.626  INFO 3923 --- [    Test worker] p6spy                                    : #1665377284626 | took 0ms | statement | connection 25| url jdbc:h2:mem:6a3784ae-1aa6-4bbf-b617-4d4aeabcc2af
insert into review (content, spot_id, review_id) values (?, ?, ?)
insert into review (content, spot_id, review_id) values ('java.io.StringReader@7a1a5608', 569, 597);
2022-10-10 13:48:04.626  INFO 3923 --- [    Test worker] p6spy                                    : #1665377284626 | took 0ms | statement | connection 25| url jdbc:h2:mem:6a3784ae-1aa6-4bbf-b617-4d4aeabcc2af
insert into favorite_spot (count, favorite_id, spot_id, favorite_spot_id) values (?, ?, ?, ?)
insert into favorite_spot (count, favorite_id, spot_id, favorite_spot_id) values (0, 39, 661, 467);
2022-10-10 13:48:04.626  INFO 3923 --- [    Test worker] p6spy                                    : #1665377284626 | took 0ms | statement | connection 25| url jdbc:h2:mem:6a3784ae-1aa6-4bbf-b617-4d4aeabcc2af
insert into score (facility_rank, facility_score, price_rank, price_score, rank_average, surround_rank, surround_score, view_rank, view_score, score_id) values (?, ?, ?, ?, ?, ?, ?, ?, ?, ?)
insert into score (facility_rank, facility_score, price_rank, price_score, rank_average, surround_rank, surround_score, view_rank, view_score, score_id) values (3.136059130695774, 9.901975345528465, 7.020039635376109, 2.693186873060535, 4.145971475110352, 2.5433461840846006, 5.3006351214185745, 9.596248833190192, 0.6805159775265013, 596);
2022-10-10 13:48:04.626  INFO 3923 --- [    Test worker] p6spy                                    : #1665377284626 | took 0ms | statement | connection 25| url jdbc:h2:mem:6a3784ae-1aa6-4bbf-b617-4d4aeabcc2af
insert into picture (spot_id, url, picture_id) values (?, ?, ?)
insert into picture (spot_id, url, picture_id) values (NULL, 'java.io.StringReader@2ba6f3f5', 2437);
2022-10-10 13:48:04.626  INFO 3923 --- [    Test worker] p6spy                                    : #1665377284626 | took 0ms | statement | connection 25| url jdbc:h2:mem:6a3784ae-1aa6-4bbf-b617-4d4aeabcc2af
insert into picture (spot_id, url, picture_id) values (?, ?, ?)
insert into picture (spot_id, url, picture_id) values (NULL, 'java.io.StringReader@60b929b2', 2438);
2022-10-10 13:48:04.626  INFO 3923 --- [    Test worker] p6spy                                    : #1665377284626 | took 0ms | statement | connection 25| url jdbc:h2:mem:6a3784ae-1aa6-4bbf-b617-4d4aeabcc2af
insert into picture (spot_id, url, picture_id) values (?, ?, ?)
insert into picture (spot_id, url, picture_id) values (NULL, 'java.io.StringReader@421ccb29', 2439);
2022-10-10 13:48:04.626  INFO 3923 --- [    Test worker] p6spy                                    : #1665377284626 | took 0ms | statement | connection 25| url jdbc:h2:mem:6a3784ae-1aa6-4bbf-b617-4d4aeabcc2af
insert into spot (address, description, location, name, score_id, spot_id) values (?, ?, ?, ?, ?, ?)
insert into spot (address, description, location, name, score_id, spot_id) values (NULL, NULL, 'Andeok_myeon', NULL, 596, 662);
2022-10-10 13:48:04.626  INFO 3923 --- [    Test worker] p6spy                                    : #1665377284626 | took 0ms | statement | connection 25| url jdbc:h2:mem:6a3784ae-1aa6-4bbf-b617-4d4aeabcc2af
insert into member_spot (member_id, score, spot_id, member_spot_id) values (?, ?, ?, ?)
insert into member_spot (member_id, score, spot_id, member_spot_id) values (18, 0.0, 662, 2440);
2022-10-10 13:48:04.626  INFO 3923 --- [    Test worker] p6spy                                    : #1665377284626 | took 0ms | statement | connection 25| url jdbc:h2:mem:6a3784ae-1aa6-4bbf-b617-4d4aeabcc2af
insert into review (content, spot_id, review_id) values (?, ?, ?)
insert into review (content, spot_id, review_id) values ('java.io.StringReader@121f1fa4', 569, 598);
2022-10-10 13:48:04.627  INFO 3923 --- [    Test worker] p6spy                                    : #1665377284627 | took 0ms | statement | connection 25| url jdbc:h2:mem:6a3784ae-1aa6-4bbf-b617-4d4aeabcc2af
insert into score (facility_rank, facility_score, price_rank, price_score, rank_average, surround_rank, surround_score, view_rank, view_score, score_id) values (?, ?, ?, ?, ?, ?, ?, ?, ?, ?)
insert into score (facility_rank, facility_score, price_rank, price_score, rank_average, surround_rank, surround_score, view_rank, view_score, score_id) values (8.772789533509552, 8.436547085598182, 7.04863032423146, 6.346460960385787, 3.7928795670483573, 8.183581359231058, 4.8858119078759294, 9.771692428009402, 2.9143205280847297, 597);
2022-10-10 13:48:04.627  INFO 3923 --- [    Test worker] p6spy                                    : #1665377284627 | took 0ms | statement | connection 25| url jdbc:h2:mem:6a3784ae-1aa6-4bbf-b617-4d4aeabcc2af
insert into picture (spot_id, url, picture_id) values (?, ?, ?)
insert into picture (spot_id, url, picture_id) values (NULL, 'java.io.StringReader@43655b73', 2441);
2022-10-10 13:48:04.627  INFO 3923 --- [    Test worker] p6spy                                    : #1665377284627 | took 0ms | statement | connection 25| url jdbc:h2:mem:6a3784ae-1aa6-4bbf-b617-4d4aeabcc2af
insert into picture (spot_id, url, picture_id) values (?, ?, ?)
insert into picture (spot_id, url, picture_id) values (NULL, 'java.io.StringReader@de42c9e', 2442);
2022-10-10 13:48:04.627  INFO 3923 --- [    Test worker] p6spy                                    : #1665377284627 | took 0ms | statement | connection 25| url jdbc:h2:mem:6a3784ae-1aa6-4bbf-b617-4d4aeabcc2af
insert into picture (spot_id, url, picture_id) values (?, ?, ?)
insert into picture (spot_id, url, picture_id) values (NULL, 'java.io.StringReader@3f6375ee', 2443);
2022-10-10 13:48:04.627  INFO 3923 --- [    Test worker] p6spy                                    : #1665377284627 | took 0ms | statement | connection 25| url jdbc:h2:mem:6a3784ae-1aa6-4bbf-b617-4d4aeabcc2af
insert into spot (address, description, location, name, score_id, spot_id) values (?, ?, ?, ?, ?, ?)
insert into spot (address, description, location, name, score_id, spot_id) values (NULL, NULL, 'Andeok_myeon', NULL, 597, 663);
2022-10-10 13:48:04.627  INFO 3923 --- [    Test worker] p6spy                                    : #1665377284627 | took 0ms | statement | connection 25| url jdbc:h2:mem:6a3784ae-1aa6-4bbf-b617-4d4aeabcc2af
insert into member_spot (member_id, score, spot_id, member_spot_id) values (?, ?, ?, ?)
insert into member_spot (member_id, score, spot_id, member_spot_id) values (18, 0.0, 663, 2444);
2022-10-10 13:48:04.627  INFO 3923 --- [    Test worker] p6spy                                    : #1665377284627 | took 0ms | statement | connection 25| url jdbc:h2:mem:6a3784ae-1aa6-4bbf-b617-4d4aeabcc2af
insert into review (content, spot_id, review_id) values (?, ?, ?)
insert into review (content, spot_id, review_id) values ('java.io.StringReader@5d26ddcf', 569, 599);
2022-10-10 13:48:04.627  INFO 3923 --- [    Test worker] p6spy                                    : #1665377284627 | took 0ms | statement | connection 25| url jdbc:h2:mem:6a3784ae-1aa6-4bbf-b617-4d4aeabcc2af
insert into favorite_spot (count, favorite_id, spot_id, favorite_spot_id) values (?, ?, ?, ?)
insert into favorite_spot (count, favorite_id, spot_id, favorite_spot_id) values (0, 39, 663, 468);
2022-10-10 13:48:04.627  INFO 3923 --- [    Test worker] p6spy                                    : #1665377284627 | took 0ms | statement | connection 25| url jdbc:h2:mem:6a3784ae-1aa6-4bbf-b617-4d4aeabcc2af
insert into score (facility_rank, facility_score, price_rank, price_score, rank_average, surround_rank, surround_score, view_rank, view_score, score_id) values (?, ?, ?, ?, ?, ?, ?, ?, ?, ?)
insert into score (facility_rank, facility_score, price_rank, price_score, rank_average, surround_rank, surround_score, view_rank, view_score, score_id) values (3.7642953555080294, 2.904542881076666, 5.071085941241755, 7.142896561306923, 2.2478845601272504, 7.4973957625365495, 8.428146149372889, 7.822396190305455, 8.257450431192566, 598);
2022-10-10 13:48:04.627  INFO 3923 --- [    Test worker] p6spy                                    : #1665377284627 | took 0ms | statement | connection 25| url jdbc:h2:mem:6a3784ae-1aa6-4bbf-b617-4d4aeabcc2af
insert into picture (spot_id, url, picture_id) values (?, ?, ?)
insert into picture (spot_id, url, picture_id) values (NULL, 'java.io.StringReader@25976988', 2445);
2022-10-10 13:48:04.627  INFO 3923 --- [    Test worker] p6spy                                    : #1665377284627 | took 0ms | statement | connection 25| url jdbc:h2:mem:6a3784ae-1aa6-4bbf-b617-4d4aeabcc2af
insert into picture (spot_id, url, picture_id) values (?, ?, ?)
insert into picture (spot_id, url, picture_id) values (NULL, 'java.io.StringReader@bf725ab', 2446);
2022-10-10 13:48:04.627  INFO 3923 --- [    Test worker] p6spy                                    : #1665377284627 | took 0ms | statement | connection 25| url jdbc:h2:mem:6a3784ae-1aa6-4bbf-b617-4d4aeabcc2af
insert into picture (spot_id, url, picture_id) values (?, ?, ?)
insert into picture (spot_id, url, picture_id) values (NULL, 'java.io.StringReader@5c47985a', 2447);
2022-10-10 13:48:04.627  INFO 3923 --- [    Test worker] p6spy                                    : #1665377284627 | took 0ms | statement | connection 25| url jdbc:h2:mem:6a3784ae-1aa6-4bbf-b617-4d4aeabcc2af
insert into spot (address, description, location, name, score_id, spot_id) values (?, ?, ?, ?, ?, ?)
insert into spot (address, description, location, name, score_id, spot_id) values (NULL, NULL, 'Andeok_myeon', NULL, 598, 664);
2022-10-10 13:48:04.627  INFO 3923 --- [    Test worker] p6spy                                    : #1665377284627 | took 0ms | statement | connection 25| url jdbc:h2:mem:6a3784ae-1aa6-4bbf-b617-4d4aeabcc2af
insert into member_spot (member_id, score, spot_id, member_spot_id) values (?, ?, ?, ?)
insert into member_spot (member_id, score, spot_id, member_spot_id) values (18, 0.0, 664, 2448);
2022-10-10 13:48:04.627  INFO 3923 --- [    Test worker] p6spy                                    : #1665377284627 | took 0ms | statement | connection 25| url jdbc:h2:mem:6a3784ae-1aa6-4bbf-b617-4d4aeabcc2af
insert into review (content, spot_id, review_id) values (?, ?, ?)
insert into review (content, spot_id, review_id) values ('java.io.StringReader@71003c4c', 569, 600);
2022-10-10 13:48:04.627  INFO 3923 --- [    Test worker] p6spy                                    : #1665377284627 | took 0ms | statement | connection 25| url jdbc:h2:mem:6a3784ae-1aa6-4bbf-b617-4d4aeabcc2af
insert into score (facility_rank, facility_score, price_rank, price_score, rank_average, surround_rank, surround_score, view_rank, view_score, score_id) values (?, ?, ?, ?, ?, ?, ?, ?, ?, ?)
insert into score (facility_rank, facility_score, price_rank, price_score, rank_average, surround_rank, surround_score, view_rank, view_score, score_id) values (0.0076628779104293, 5.796298073400818, 4.28086260457973, 2.5396288557437883, 1.906418470010517, 3.4492335891343817, 8.848463685010083, 9.1976841349204, 3.426647819284777, 599);
2022-10-10 13:48:04.627  INFO 3923 --- [    Test worker] p6spy                                    : #1665377284627 | took 0ms | statement | connection 25| url jdbc:h2:mem:6a3784ae-1aa6-4bbf-b617-4d4aeabcc2af
insert into picture (spot_id, url, picture_id) values (?, ?, ?)
insert into picture (spot_id, url, picture_id) values (NULL, 'java.io.StringReader@693f7f0c', 2449);
2022-10-10 13:48:04.627  INFO 3923 --- [    Test worker] p6spy                                    : #1665377284627 | took 0ms | statement | connection 25| url jdbc:h2:mem:6a3784ae-1aa6-4bbf-b617-4d4aeabcc2af
insert into picture (spot_id, url, picture_id) values (?, ?, ?)
insert into picture (spot_id, url, picture_id) values (NULL, 'java.io.StringReader@4038323f', 2450);
2022-10-10 13:48:04.627  INFO 3923 --- [    Test worker] p6spy                                    : #1665377284627 | took 0ms | statement | connection 25| url jdbc:h2:mem:6a3784ae-1aa6-4bbf-b617-4d4aeabcc2af
insert into picture (spot_id, url, picture_id) values (?, ?, ?)
insert into picture (spot_id, url, picture_id) values (NULL, 'java.io.StringReader@52230682', 2451);
2022-10-10 13:48:04.627  INFO 3923 --- [    Test worker] p6spy                                    : #1665377284627 | took 0ms | statement | connection 25| url jdbc:h2:mem:6a3784ae-1aa6-4bbf-b617-4d4aeabcc2af
insert into spot (address, description, location, name, score_id, spot_id) values (?, ?, ?, ?, ?, ?)
insert into spot (address, description, location, name, score_id, spot_id) values (NULL, NULL, 'Andeok_myeon', NULL, 599, 665);
2022-10-10 13:48:04.627  INFO 3923 --- [    Test worker] p6spy                                    : #1665377284627 | took 0ms | statement | connection 25| url jdbc:h2:mem:6a3784ae-1aa6-4bbf-b617-4d4aeabcc2af
insert into member_spot (member_id, score, spot_id, member_spot_id) values (?, ?, ?, ?)
insert into member_spot (member_id, score, spot_id, member_spot_id) values (18, 0.0, 665, 2452);
2022-10-10 13:48:04.627  INFO 3923 --- [    Test worker] p6spy                                    : #1665377284627 | took 0ms | statement | connection 25| url jdbc:h2:mem:6a3784ae-1aa6-4bbf-b617-4d4aeabcc2af
insert into review (content, spot_id, review_id) values (?, ?, ?)
insert into review (content, spot_id, review_id) values ('java.io.StringReader@3395fc82', 569, 601);
2022-10-10 13:48:04.627  INFO 3923 --- [    Test worker] p6spy                                    : #1665377284627 | took 0ms | statement | connection 25| url jdbc:h2:mem:6a3784ae-1aa6-4bbf-b617-4d4aeabcc2af
insert into favorite_spot (count, favorite_id, spot_id, favorite_spot_id) values (?, ?, ?, ?)
insert into favorite_spot (count, favorite_id, spot_id, favorite_spot_id) values (0, 39, 665, 469);
2022-10-10 13:48:04.627  INFO 3923 --- [    Test worker] p6spy                                    : #1665377284627 | took 0ms | statement | connection 25| url jdbc:h2:mem:6a3784ae-1aa6-4bbf-b617-4d4aeabcc2af
insert into score (facility_rank, facility_score, price_rank, price_score, rank_average, surround_rank, surround_score, view_rank, view_score, score_id) values (?, ?, ?, ?, ?, ?, ?, ?, ?, ?)
insert into score (facility_rank, facility_score, price_rank, price_score, rank_average, surround_rank, surround_score, view_rank, view_score, score_id) values (1.0673092848790466, 7.80919789460675, 6.004805439465296, 0.8468485107736756, 1.0725135362776061, 4.634446223479658, 3.329991165309223, 3.619196393182703, 3.820793036610177, 600);
2022-10-10 13:48:04.627  INFO 3923 --- [    Test worker] p6spy                                    : #1665377284627 | took 0ms | statement | connection 25| url jdbc:h2:mem:6a3784ae-1aa6-4bbf-b617-4d4aeabcc2af
insert into picture (spot_id, url, picture_id) values (?, ?, ?)
insert into picture (spot_id, url, picture_id) values (NULL, 'java.io.StringReader@3f7e3d48', 2453);
2022-10-10 13:48:04.627  INFO 3923 --- [    Test worker] p6spy                                    : #1665377284627 | took 0ms | statement | connection 25| url jdbc:h2:mem:6a3784ae-1aa6-4bbf-b617-4d4aeabcc2af
insert into picture (spot_id, url, picture_id) values (?, ?, ?)
insert into picture (spot_id, url, picture_id) values (NULL, 'java.io.StringReader@a515665', 2454);
2022-10-10 13:48:04.627  INFO 3923 --- [    Test worker] p6spy                                    : #1665377284627 | took 0ms | statement | connection 25| url jdbc:h2:mem:6a3784ae-1aa6-4bbf-b617-4d4aeabcc2af
insert into picture (spot_id, url, picture_id) values (?, ?, ?)
insert into picture (spot_id, url, picture_id) values (NULL, 'java.io.StringReader@4a31140b', 2455);
2022-10-10 13:48:04.627  INFO 3923 --- [    Test worker] p6spy                                    : #1665377284627 | took 0ms | statement | connection 25| url jdbc:h2:mem:6a3784ae-1aa6-4bbf-b617-4d4aeabcc2af
insert into spot (address, description, location, name, score_id, spot_id) values (?, ?, ?, ?, ?, ?)
insert into spot (address, description, location, name, score_id, spot_id) values (NULL, NULL, 'Andeok_myeon', NULL, 600, 666);
2022-10-10 13:48:04.627  INFO 3923 --- [    Test worker] p6spy                                    : #1665377284627 | took 0ms | statement | connection 25| url jdbc:h2:mem:6a3784ae-1aa6-4bbf-b617-4d4aeabcc2af
insert into member_spot (member_id, score, spot_id, member_spot_id) values (?, ?, ?, ?)
insert into member_spot (member_id, score, spot_id, member_spot_id) values (18, 0.0, 666, 2456);
2022-10-10 13:48:04.628  INFO 3923 --- [    Test worker] p6spy                                    : #1665377284628 | took 0ms | statement | connection 25| url jdbc:h2:mem:6a3784ae-1aa6-4bbf-b617-4d4aeabcc2af
insert into review (content, spot_id, review_id) values (?, ?, ?)
insert into review (content, spot_id, review_id) values ('java.io.StringReader@54cee9a6', 569, 602);
2022-10-10 13:48:04.628  INFO 3923 --- [    Test worker] p6spy                                    : #1665377284628 | took 0ms | statement | connection 25| url jdbc:h2:mem:6a3784ae-1aa6-4bbf-b617-4d4aeabcc2af
insert into score (facility_rank, facility_score, price_rank, price_score, rank_average, surround_rank, surround_score, view_rank, view_score, score_id) values (?, ?, ?, ?, ?, ?, ?, ?, ?, ?)
insert into score (facility_rank, facility_score, price_rank, price_score, rank_average, surround_rank, surround_score, view_rank, view_score, score_id) values (4.729920507711811, 6.00978193032454, 5.960894301025597, 2.1812458510385535, 9.846758066856175, 0.5624049693960176, 4.19231586105724, 2.912700275113793, 9.881754615542446, 601);
2022-10-10 13:48:04.628  INFO 3923 --- [    Test worker] p6spy                                    : #1665377284628 | took 0ms | statement | connection 25| url jdbc:h2:mem:6a3784ae-1aa6-4bbf-b617-4d4aeabcc2af
insert into picture (spot_id, url, picture_id) values (?, ?, ?)
insert into picture (spot_id, url, picture_id) values (NULL, 'java.io.StringReader@4a620404', 2457);
2022-10-10 13:48:04.628  INFO 3923 --- [    Test worker] p6spy                                    : #1665377284628 | took 0ms | statement | connection 25| url jdbc:h2:mem:6a3784ae-1aa6-4bbf-b617-4d4aeabcc2af
insert into picture (spot_id, url, picture_id) values (?, ?, ?)
insert into picture (spot_id, url, picture_id) values (NULL, 'java.io.StringReader@3056bd1d', 2458);
2022-10-10 13:48:04.628  INFO 3923 --- [    Test worker] p6spy                                    : #1665377284628 | took 0ms | statement | connection 25| url jdbc:h2:mem:6a3784ae-1aa6-4bbf-b617-4d4aeabcc2af
insert into picture (spot_id, url, picture_id) values (?, ?, ?)
insert into picture (spot_id, url, picture_id) values (NULL, 'java.io.StringReader@33938112', 2459);
2022-10-10 13:48:04.628  INFO 3923 --- [    Test worker] p6spy                                    : #1665377284628 | took 0ms | statement | connection 25| url jdbc:h2:mem:6a3784ae-1aa6-4bbf-b617-4d4aeabcc2af
insert into spot (address, description, location, name, score_id, spot_id) values (?, ?, ?, ?, ?, ?)
insert into spot (address, description, location, name, score_id, spot_id) values (NULL, NULL, 'Andeok_myeon', NULL, 601, 667);
2022-10-10 13:48:04.628  INFO 3923 --- [    Test worker] p6spy                                    : #1665377284628 | took 0ms | statement | connection 25| url jdbc:h2:mem:6a3784ae-1aa6-4bbf-b617-4d4aeabcc2af
insert into member_spot (member_id, score, spot_id, member_spot_id) values (?, ?, ?, ?)
insert into member_spot (member_id, score, spot_id, member_spot_id) values (18, 0.0, 667, 2460);
2022-10-10 13:48:04.628  INFO 3923 --- [    Test worker] p6spy                                    : #1665377284628 | took 0ms | statement | connection 25| url jdbc:h2:mem:6a3784ae-1aa6-4bbf-b617-4d4aeabcc2af
insert into review (content, spot_id, review_id) values (?, ?, ?)
insert into review (content, spot_id, review_id) values ('java.io.StringReader@171f7890', 569, 603);
2022-10-10 13:48:04.628  INFO 3923 --- [    Test worker] p6spy                                    : #1665377284628 | took 0ms | statement | connection 25| url jdbc:h2:mem:6a3784ae-1aa6-4bbf-b617-4d4aeabcc2af
insert into favorite_spot (count, favorite_id, spot_id, favorite_spot_id) values (?, ?, ?, ?)
insert into favorite_spot (count, favorite_id, spot_id, favorite_spot_id) values (0, 39, 667, 470);
2022-10-10 13:48:04.628  INFO 3923 --- [    Test worker] p6spy                                    : #1665377284628 | took 0ms | statement | connection 25| url jdbc:h2:mem:6a3784ae-1aa6-4bbf-b617-4d4aeabcc2af
insert into score (facility_rank, facility_score, price_rank, price_score, rank_average, surround_rank, surround_score, view_rank, view_score, score_id) values (?, ?, ?, ?, ?, ?, ?, ?, ?, ?)
insert into score (facility_rank, facility_score, price_rank, price_score, rank_average, surround_rank, surround_score, view_rank, view_score, score_id) values (7.325272573819083, 6.1131554160086266, 4.332613364375306, 3.860229219759923, 0.7985494306178009, 4.6565637993287705, 6.211409710413874, 1.4990730203316394, 3.1282254951691426, 602);
2022-10-10 13:48:04.628  INFO 3923 --- [    Test worker] p6spy                                    : #1665377284628 | took 0ms | statement | connection 25| url jdbc:h2:mem:6a3784ae-1aa6-4bbf-b617-4d4aeabcc2af
insert into picture (spot_id, url, picture_id) values (?, ?, ?)
insert into picture (spot_id, url, picture_id) values (NULL, 'java.io.StringReader@17c544e9', 2461);
2022-10-10 13:48:04.628  INFO 3923 --- [    Test worker] p6spy                                    : #1665377284628 | took 0ms | statement | connection 25| url jdbc:h2:mem:6a3784ae-1aa6-4bbf-b617-4d4aeabcc2af
insert into picture (spot_id, url, picture_id) values (?, ?, ?)
insert into picture (spot_id, url, picture_id) values (NULL, 'java.io.StringReader@e9d6605', 2462);
2022-10-10 13:48:04.628  INFO 3923 --- [    Test worker] p6spy                                    : #1665377284628 | took 0ms | statement | connection 25| url jdbc:h2:mem:6a3784ae-1aa6-4bbf-b617-4d4aeabcc2af
insert into picture (spot_id, url, picture_id) values (?, ?, ?)
insert into picture (spot_id, url, picture_id) values (NULL, 'java.io.StringReader@611aa153', 2463);
2022-10-10 13:48:04.628  INFO 3923 --- [    Test worker] p6spy                                    : #1665377284628 | took 0ms | statement | connection 25| url jdbc:h2:mem:6a3784ae-1aa6-4bbf-b617-4d4aeabcc2af
insert into spot (address, description, location, name, score_id, spot_id) values (?, ?, ?, ?, ?, ?)
insert into spot (address, description, location, name, score_id, spot_id) values (NULL, NULL, 'Andeok_myeon', NULL, 602, 668);
2022-10-10 13:48:04.628  INFO 3923 --- [    Test worker] p6spy                                    : #1665377284628 | took 0ms | statement | connection 25| url jdbc:h2:mem:6a3784ae-1aa6-4bbf-b617-4d4aeabcc2af
insert into member_spot (member_id, score, spot_id, member_spot_id) values (?, ?, ?, ?)
insert into member_spot (member_id, score, spot_id, member_spot_id) values (18, 0.0, 668, 2464);
2022-10-10 13:48:04.628  INFO 3923 --- [    Test worker] p6spy                                    : #1665377284628 | took 0ms | statement | connection 25| url jdbc:h2:mem:6a3784ae-1aa6-4bbf-b617-4d4aeabcc2af
insert into review (content, spot_id, review_id) values (?, ?, ?)
insert into review (content, spot_id, review_id) values ('java.io.StringReader@27014097', 569, 604);
2022-10-10 13:48:04.628  INFO 3923 --- [    Test worker] p6spy                                    : #1665377284628 | took 0ms | statement | connection 25| url jdbc:h2:mem:6a3784ae-1aa6-4bbf-b617-4d4aeabcc2af
update picture set spot_id=?, url=? where picture_id=?
update picture set spot_id=569, url='java.io.StringReader@78cf810d' where picture_id=2065;
2022-10-10 13:48:04.628  INFO 3923 --- [    Test worker] p6spy                                    : #1665377284628 | took 0ms | statement | connection 25| url jdbc:h2:mem:6a3784ae-1aa6-4bbf-b617-4d4aeabcc2af
update picture set spot_id=?, url=? where picture_id=?
update picture set spot_id=569, url='java.io.StringReader@4af51c6a' where picture_id=2066;
2022-10-10 13:48:04.628  INFO 3923 --- [    Test worker] p6spy                                    : #1665377284628 | took 0ms | statement | connection 25| url jdbc:h2:mem:6a3784ae-1aa6-4bbf-b617-4d4aeabcc2af
update picture set spot_id=?, url=? where picture_id=?
update picture set spot_id=569, url='java.io.StringReader@4fa3cc58' where picture_id=2067;
2022-10-10 13:48:04.628  INFO 3923 --- [    Test worker] p6spy                                    : #1665377284628 | took 0ms | statement | connection 25| url jdbc:h2:mem:6a3784ae-1aa6-4bbf-b617-4d4aeabcc2af
update picture set spot_id=?, url=? where picture_id=?
update picture set spot_id=570, url='java.io.StringReader@38089df4' where picture_id=2069;
2022-10-10 13:48:04.628  INFO 3923 --- [    Test worker] p6spy                                    : #1665377284628 | took 0ms | statement | connection 25| url jdbc:h2:mem:6a3784ae-1aa6-4bbf-b617-4d4aeabcc2af
update picture set spot_id=?, url=? where picture_id=?
update picture set spot_id=570, url='java.io.StringReader@47c74455' where picture_id=2070;
2022-10-10 13:48:04.628  INFO 3923 --- [    Test worker] p6spy                                    : #1665377284628 | took 0ms | statement | connection 25| url jdbc:h2:mem:6a3784ae-1aa6-4bbf-b617-4d4aeabcc2af
update picture set spot_id=?, url=? where picture_id=?
update picture set spot_id=570, url='java.io.StringReader@59b1665a' where picture_id=2071;
2022-10-10 13:48:04.628  INFO 3923 --- [    Test worker] p6spy                                    : #1665377284628 | took 0ms | statement | connection 25| url jdbc:h2:mem:6a3784ae-1aa6-4bbf-b617-4d4aeabcc2af
update picture set spot_id=?, url=? where picture_id=?
update picture set spot_id=571, url='java.io.StringReader@73d93aac' where picture_id=2073;
2022-10-10 13:48:04.628  INFO 3923 --- [    Test worker] p6spy                                    : #1665377284628 | took 0ms | statement | connection 25| url jdbc:h2:mem:6a3784ae-1aa6-4bbf-b617-4d4aeabcc2af
update picture set spot_id=?, url=? where picture_id=?
update picture set spot_id=571, url='java.io.StringReader@4b68eb87' where picture_id=2074;
2022-10-10 13:48:04.629  INFO 3923 --- [    Test worker] p6spy                                    : #1665377284629 | took 0ms | statement | connection 25| url jdbc:h2:mem:6a3784ae-1aa6-4bbf-b617-4d4aeabcc2af
update picture set spot_id=?, url=? where picture_id=?
update picture set spot_id=571, url='java.io.StringReader@426f9f7e' where picture_id=2075;
2022-10-10 13:48:04.629  INFO 3923 --- [    Test worker] p6spy                                    : #1665377284629 | took 0ms | statement | connection 25| url jdbc:h2:mem:6a3784ae-1aa6-4bbf-b617-4d4aeabcc2af
update picture set spot_id=?, url=? where picture_id=?
update picture set spot_id=572, url='java.io.StringReader@3b48a6b1' where picture_id=2077;
2022-10-10 13:48:04.629  INFO 3923 --- [    Test worker] p6spy                                    : #1665377284629 | took 0ms | statement | connection 25| url jdbc:h2:mem:6a3784ae-1aa6-4bbf-b617-4d4aeabcc2af
update picture set spot_id=?, url=? where picture_id=?
update picture set spot_id=572, url='java.io.StringReader@577ef375' where picture_id=2078;
2022-10-10 13:48:04.629  INFO 3923 --- [    Test worker] p6spy                                    : #1665377284629 | took 0ms | statement | connection 25| url jdbc:h2:mem:6a3784ae-1aa6-4bbf-b617-4d4aeabcc2af
update picture set spot_id=?, url=? where picture_id=?
update picture set spot_id=572, url='java.io.StringReader@7925e59a' where picture_id=2079;
2022-10-10 13:48:04.629  INFO 3923 --- [    Test worker] p6spy                                    : #1665377284629 | took 0ms | statement | connection 25| url jdbc:h2:mem:6a3784ae-1aa6-4bbf-b617-4d4aeabcc2af
update picture set spot_id=?, url=? where picture_id=?
update picture set spot_id=573, url='java.io.StringReader@1463c8ad' where picture_id=2081;
2022-10-10 13:48:04.629  INFO 3923 --- [    Test worker] p6spy                                    : #1665377284629 | took 0ms | statement | connection 25| url jdbc:h2:mem:6a3784ae-1aa6-4bbf-b617-4d4aeabcc2af
update picture set spot_id=?, url=? where picture_id=?
update picture set spot_id=573, url='java.io.StringReader@5371ac34' where picture_id=2082;
2022-10-10 13:48:04.629  INFO 3923 --- [    Test worker] p6spy                                    : #1665377284629 | took 0ms | statement | connection 25| url jdbc:h2:mem:6a3784ae-1aa6-4bbf-b617-4d4aeabcc2af
update picture set spot_id=?, url=? where picture_id=?
update picture set spot_id=573, url='java.io.StringReader@401d5144' where picture_id=2083;
2022-10-10 13:48:04.629  INFO 3923 --- [    Test worker] p6spy                                    : #1665377284629 | took 0ms | statement | connection 25| url jdbc:h2:mem:6a3784ae-1aa6-4bbf-b617-4d4aeabcc2af
update picture set spot_id=?, url=? where picture_id=?
update picture set spot_id=574, url='java.io.StringReader@665b7938' where picture_id=2085;
2022-10-10 13:48:04.629  INFO 3923 --- [    Test worker] p6spy                                    : #1665377284629 | took 0ms | statement | connection 25| url jdbc:h2:mem:6a3784ae-1aa6-4bbf-b617-4d4aeabcc2af
update picture set spot_id=?, url=? where picture_id=?
update picture set spot_id=574, url='java.io.StringReader@2e243043' where picture_id=2086;
2022-10-10 13:48:04.629  INFO 3923 --- [    Test worker] p6spy                                    : #1665377284629 | took 0ms | statement | connection 25| url jdbc:h2:mem:6a3784ae-1aa6-4bbf-b617-4d4aeabcc2af
update picture set spot_id=?, url=? where picture_id=?
update picture set spot_id=574, url='java.io.StringReader@1e334e47' where picture_id=2087;
2022-10-10 13:48:04.629  INFO 3923 --- [    Test worker] p6spy                                    : #1665377284629 | took 0ms | statement | connection 25| url jdbc:h2:mem:6a3784ae-1aa6-4bbf-b617-4d4aeabcc2af
update picture set spot_id=?, url=? where picture_id=?
update picture set spot_id=575, url='java.io.StringReader@4d5a434f' where picture_id=2089;
2022-10-10 13:48:04.629  INFO 3923 --- [    Test worker] p6spy                                    : #1665377284629 | took 0ms | statement | connection 25| url jdbc:h2:mem:6a3784ae-1aa6-4bbf-b617-4d4aeabcc2af
update picture set spot_id=?, url=? where picture_id=?
update picture set spot_id=575, url='java.io.StringReader@152a8948' where picture_id=2090;
2022-10-10 13:48:04.629  INFO 3923 --- [    Test worker] p6spy                                    : #1665377284629 | took 0ms | statement | connection 25| url jdbc:h2:mem:6a3784ae-1aa6-4bbf-b617-4d4aeabcc2af
update picture set spot_id=?, url=? where picture_id=?
update picture set spot_id=575, url='java.io.StringReader@2ee3a2b4' where picture_id=2091;
2022-10-10 13:48:04.629  INFO 3923 --- [    Test worker] p6spy                                    : #1665377284629 | took 0ms | statement | connection 25| url jdbc:h2:mem:6a3784ae-1aa6-4bbf-b617-4d4aeabcc2af
update picture set spot_id=?, url=? where picture_id=?
update picture set spot_id=576, url='java.io.StringReader@163fc3e4' where picture_id=2093;
2022-10-10 13:48:04.629  INFO 3923 --- [    Test worker] p6spy                                    : #1665377284629 | took 0ms | statement | connection 25| url jdbc:h2:mem:6a3784ae-1aa6-4bbf-b617-4d4aeabcc2af
update picture set spot_id=?, url=? where picture_id=?
update picture set spot_id=576, url='java.io.StringReader@31675bb1' where picture_id=2094;
2022-10-10 13:48:04.629  INFO 3923 --- [    Test worker] p6spy                                    : #1665377284629 | took 0ms | statement | connection 25| url jdbc:h2:mem:6a3784ae-1aa6-4bbf-b617-4d4aeabcc2af
update picture set spot_id=?, url=? where picture_id=?
update picture set spot_id=576, url='java.io.StringReader@71fa912' where picture_id=2095;
2022-10-10 13:48:04.629  INFO 3923 --- [    Test worker] p6spy                                    : #1665377284629 | took 0ms | statement | connection 25| url jdbc:h2:mem:6a3784ae-1aa6-4bbf-b617-4d4aeabcc2af
update picture set spot_id=?, url=? where picture_id=?
update picture set spot_id=577, url='java.io.StringReader@6b2b3fba' where picture_id=2097;
2022-10-10 13:48:04.629  INFO 3923 --- [    Test worker] p6spy                                    : #1665377284629 | took 0ms | statement | connection 25| url jdbc:h2:mem:6a3784ae-1aa6-4bbf-b617-4d4aeabcc2af
update picture set spot_id=?, url=? where picture_id=?
update picture set spot_id=577, url='java.io.StringReader@1d1254e' where picture_id=2098;
2022-10-10 13:48:04.629  INFO 3923 --- [    Test worker] p6spy                                    : #1665377284629 | took 0ms | statement | connection 25| url jdbc:h2:mem:6a3784ae-1aa6-4bbf-b617-4d4aeabcc2af
update picture set spot_id=?, url=? where picture_id=?
update picture set spot_id=577, url='java.io.StringReader@70c267c1' where picture_id=2099;
2022-10-10 13:48:04.629  INFO 3923 --- [    Test worker] p6spy                                    : #1665377284629 | took 0ms | statement | connection 25| url jdbc:h2:mem:6a3784ae-1aa6-4bbf-b617-4d4aeabcc2af
update picture set spot_id=?, url=? where picture_id=?
update picture set spot_id=578, url='java.io.StringReader@35f0e6d1' where picture_id=2101;
2022-10-10 13:48:04.629  INFO 3923 --- [    Test worker] p6spy                                    : #1665377284629 | took 0ms | statement | connection 25| url jdbc:h2:mem:6a3784ae-1aa6-4bbf-b617-4d4aeabcc2af
update picture set spot_id=?, url=? where picture_id=?
update picture set spot_id=578, url='java.io.StringReader@8d87665' where picture_id=2102;
2022-10-10 13:48:04.629  INFO 3923 --- [    Test worker] p6spy                                    : #1665377284629 | took 0ms | statement | connection 25| url jdbc:h2:mem:6a3784ae-1aa6-4bbf-b617-4d4aeabcc2af
update picture set spot_id=?, url=? where picture_id=?
update picture set spot_id=578, url='java.io.StringReader@16d11d28' where picture_id=2103;
2022-10-10 13:48:04.629  INFO 3923 --- [    Test worker] p6spy                                    : #1665377284629 | took 0ms | statement | connection 25| url jdbc:h2:mem:6a3784ae-1aa6-4bbf-b617-4d4aeabcc2af
update picture set spot_id=?, url=? where picture_id=?
update picture set spot_id=579, url='java.io.StringReader@78346c38' where picture_id=2105;
2022-10-10 13:48:04.629  INFO 3923 --- [    Test worker] p6spy                                    : #1665377284629 | took 0ms | statement | connection 25| url jdbc:h2:mem:6a3784ae-1aa6-4bbf-b617-4d4aeabcc2af
update picture set spot_id=?, url=? where picture_id=?
update picture set spot_id=579, url='java.io.StringReader@619f2981' where picture_id=2106;
2022-10-10 13:48:04.629  INFO 3923 --- [    Test worker] p6spy                                    : #1665377284629 | took 0ms | statement | connection 25| url jdbc:h2:mem:6a3784ae-1aa6-4bbf-b617-4d4aeabcc2af
update picture set spot_id=?, url=? where picture_id=?
update picture set spot_id=579, url='java.io.StringReader@7e720255' where picture_id=2107;
2022-10-10 13:48:04.630  INFO 3923 --- [    Test worker] p6spy                                    : #1665377284630 | took 0ms | statement | connection 25| url jdbc:h2:mem:6a3784ae-1aa6-4bbf-b617-4d4aeabcc2af
update picture set spot_id=?, url=? where picture_id=?
update picture set spot_id=580, url='java.io.StringReader@79302976' where picture_id=2109;
2022-10-10 13:48:04.630  INFO 3923 --- [    Test worker] p6spy                                    : #1665377284630 | took 0ms | statement | connection 25| url jdbc:h2:mem:6a3784ae-1aa6-4bbf-b617-4d4aeabcc2af
update picture set spot_id=?, url=? where picture_id=?
update picture set spot_id=580, url='java.io.StringReader@9ed2b30' where picture_id=2110;
2022-10-10 13:48:04.630  INFO 3923 --- [    Test worker] p6spy                                    : #1665377284630 | took 0ms | statement | connection 25| url jdbc:h2:mem:6a3784ae-1aa6-4bbf-b617-4d4aeabcc2af
update picture set spot_id=?, url=? where picture_id=?
update picture set spot_id=580, url='java.io.StringReader@6dc37b2' where picture_id=2111;
2022-10-10 13:48:04.630  INFO 3923 --- [    Test worker] p6spy                                    : #1665377284630 | took 0ms | statement | connection 25| url jdbc:h2:mem:6a3784ae-1aa6-4bbf-b617-4d4aeabcc2af
update picture set spot_id=?, url=? where picture_id=?
update picture set spot_id=581, url='java.io.StringReader@43d35c2a' where picture_id=2113;
2022-10-10 13:48:04.630  INFO 3923 --- [    Test worker] p6spy                                    : #1665377284630 | took 0ms | statement | connection 25| url jdbc:h2:mem:6a3784ae-1aa6-4bbf-b617-4d4aeabcc2af
update picture set spot_id=?, url=? where picture_id=?
update picture set spot_id=581, url='java.io.StringReader@130cd7d6' where picture_id=2114;
2022-10-10 13:48:04.630  INFO 3923 --- [    Test worker] p6spy                                    : #1665377284630 | took 0ms | statement | connection 25| url jdbc:h2:mem:6a3784ae-1aa6-4bbf-b617-4d4aeabcc2af
update picture set spot_id=?, url=? where picture_id=?
update picture set spot_id=581, url='java.io.StringReader@7d471800' where picture_id=2115;
2022-10-10 13:48:04.630  INFO 3923 --- [    Test worker] p6spy                                    : #1665377284630 | took 0ms | statement | connection 25| url jdbc:h2:mem:6a3784ae-1aa6-4bbf-b617-4d4aeabcc2af
update picture set spot_id=?, url=? where picture_id=?
update picture set spot_id=582, url='java.io.StringReader@31af1e26' where picture_id=2117;
2022-10-10 13:48:04.630  INFO 3923 --- [    Test worker] p6spy                                    : #1665377284630 | took 0ms | statement | connection 25| url jdbc:h2:mem:6a3784ae-1aa6-4bbf-b617-4d4aeabcc2af
update picture set spot_id=?, url=? where picture_id=?
update picture set spot_id=582, url='java.io.StringReader@5d1a86ca' where picture_id=2118;
2022-10-10 13:48:04.630  INFO 3923 --- [    Test worker] p6spy                                    : #1665377284630 | took 0ms | statement | connection 25| url jdbc:h2:mem:6a3784ae-1aa6-4bbf-b617-4d4aeabcc2af
update picture set spot_id=?, url=? where picture_id=?
update picture set spot_id=582, url='java.io.StringReader@5a1798b2' where picture_id=2119;
2022-10-10 13:48:04.630  INFO 3923 --- [    Test worker] p6spy                                    : #1665377284630 | took 0ms | statement | connection 25| url jdbc:h2:mem:6a3784ae-1aa6-4bbf-b617-4d4aeabcc2af
update picture set spot_id=?, url=? where picture_id=?
update picture set spot_id=583, url='java.io.StringReader@406befaf' where picture_id=2121;
2022-10-10 13:48:04.630  INFO 3923 --- [    Test worker] p6spy                                    : #1665377284630 | took 0ms | statement | connection 25| url jdbc:h2:mem:6a3784ae-1aa6-4bbf-b617-4d4aeabcc2af
update picture set spot_id=?, url=? where picture_id=?
update picture set spot_id=583, url='java.io.StringReader@78ce81a3' where picture_id=2122;
2022-10-10 13:48:04.630  INFO 3923 --- [    Test worker] p6spy                                    : #1665377284630 | took 0ms | statement | connection 25| url jdbc:h2:mem:6a3784ae-1aa6-4bbf-b617-4d4aeabcc2af
update picture set spot_id=?, url=? where picture_id=?
update picture set spot_id=583, url='java.io.StringReader@57113123' where picture_id=2123;
2022-10-10 13:48:04.630  INFO 3923 --- [    Test worker] p6spy                                    : #1665377284630 | took 0ms | statement | connection 25| url jdbc:h2:mem:6a3784ae-1aa6-4bbf-b617-4d4aeabcc2af
update picture set spot_id=?, url=? where picture_id=?
update picture set spot_id=584, url='java.io.StringReader@1750016' where picture_id=2125;
2022-10-10 13:48:04.630  INFO 3923 --- [    Test worker] p6spy                                    : #1665377284630 | took 0ms | statement | connection 25| url jdbc:h2:mem:6a3784ae-1aa6-4bbf-b617-4d4aeabcc2af
update picture set spot_id=?, url=? where picture_id=?
update picture set spot_id=584, url='java.io.StringReader@30745c7c' where picture_id=2126;
2022-10-10 13:48:04.630  INFO 3923 --- [    Test worker] p6spy                                    : #1665377284630 | took 0ms | statement | connection 25| url jdbc:h2:mem:6a3784ae-1aa6-4bbf-b617-4d4aeabcc2af
update picture set spot_id=?, url=? where picture_id=?
update picture set spot_id=584, url='java.io.StringReader@2d068fd9' where picture_id=2127;
2022-10-10 13:48:04.630  INFO 3923 --- [    Test worker] p6spy                                    : #1665377284630 | took 0ms | statement | connection 25| url jdbc:h2:mem:6a3784ae-1aa6-4bbf-b617-4d4aeabcc2af
update picture set spot_id=?, url=? where picture_id=?
update picture set spot_id=585, url='java.io.StringReader@6f30353' where picture_id=2129;
2022-10-10 13:48:04.630  INFO 3923 --- [    Test worker] p6spy                                    : #1665377284630 | took 0ms | statement | connection 25| url jdbc:h2:mem:6a3784ae-1aa6-4bbf-b617-4d4aeabcc2af
update picture set spot_id=?, url=? where picture_id=?
update picture set spot_id=585, url='java.io.StringReader@1e3d6f18' where picture_id=2130;
2022-10-10 13:48:04.630  INFO 3923 --- [    Test worker] p6spy                                    : #1665377284630 | took 0ms | statement | connection 25| url jdbc:h2:mem:6a3784ae-1aa6-4bbf-b617-4d4aeabcc2af
update picture set spot_id=?, url=? where picture_id=?
update picture set spot_id=585, url='java.io.StringReader@2344d4a4' where picture_id=2131;
2022-10-10 13:48:04.630  INFO 3923 --- [    Test worker] p6spy                                    : #1665377284630 | took 0ms | statement | connection 25| url jdbc:h2:mem:6a3784ae-1aa6-4bbf-b617-4d4aeabcc2af
update picture set spot_id=?, url=? where picture_id=?
update picture set spot_id=586, url='java.io.StringReader@110105ce' where picture_id=2133;
2022-10-10 13:48:04.630  INFO 3923 --- [    Test worker] p6spy                                    : #1665377284630 | took 0ms | statement | connection 25| url jdbc:h2:mem:6a3784ae-1aa6-4bbf-b617-4d4aeabcc2af
update picture set spot_id=?, url=? where picture_id=?
update picture set spot_id=586, url='java.io.StringReader@10bf8802' where picture_id=2134;
2022-10-10 13:48:04.630  INFO 3923 --- [    Test worker] p6spy                                    : #1665377284630 | took 0ms | statement | connection 25| url jdbc:h2:mem:6a3784ae-1aa6-4bbf-b617-4d4aeabcc2af
update picture set spot_id=?, url=? where picture_id=?
update picture set spot_id=586, url='java.io.StringReader@70d7c2bd' where picture_id=2135;
2022-10-10 13:48:04.630  INFO 3923 --- [    Test worker] p6spy                                    : #1665377284630 | took 0ms | statement | connection 25| url jdbc:h2:mem:6a3784ae-1aa6-4bbf-b617-4d4aeabcc2af
update picture set spot_id=?, url=? where picture_id=?
update picture set spot_id=587, url='java.io.StringReader@a35bf61' where picture_id=2137;
2022-10-10 13:48:04.630  INFO 3923 --- [    Test worker] p6spy                                    : #1665377284630 | took 0ms | statement | connection 25| url jdbc:h2:mem:6a3784ae-1aa6-4bbf-b617-4d4aeabcc2af
update picture set spot_id=?, url=? where picture_id=?
update picture set spot_id=587, url='java.io.StringReader@6d6794e2' where picture_id=2138;
2022-10-10 13:48:04.630  INFO 3923 --- [    Test worker] p6spy                                    : #1665377284630 | took 0ms | statement | connection 25| url jdbc:h2:mem:6a3784ae-1aa6-4bbf-b617-4d4aeabcc2af
update picture set spot_id=?, url=? where picture_id=?
update picture set spot_id=587, url='java.io.StringReader@453f92db' where picture_id=2139;
2022-10-10 13:48:04.631  INFO 3923 --- [    Test worker] p6spy                                    : #1665377284631 | took 0ms | statement | connection 25| url jdbc:h2:mem:6a3784ae-1aa6-4bbf-b617-4d4aeabcc2af
update picture set spot_id=?, url=? where picture_id=?
update picture set spot_id=588, url='java.io.StringReader@678bee2f' where picture_id=2141;
2022-10-10 13:48:04.631  INFO 3923 --- [    Test worker] p6spy                                    : #1665377284631 | took 0ms | statement | connection 25| url jdbc:h2:mem:6a3784ae-1aa6-4bbf-b617-4d4aeabcc2af
update picture set spot_id=?, url=? where picture_id=?
update picture set spot_id=588, url='java.io.StringReader@129923f9' where picture_id=2142;
2022-10-10 13:48:04.631  INFO 3923 --- [    Test worker] p6spy                                    : #1665377284631 | took 0ms | statement | connection 25| url jdbc:h2:mem:6a3784ae-1aa6-4bbf-b617-4d4aeabcc2af
update picture set spot_id=?, url=? where picture_id=?
update picture set spot_id=588, url='java.io.StringReader@6e97027e' where picture_id=2143;
2022-10-10 13:48:04.631  INFO 3923 --- [    Test worker] p6spy                                    : #1665377284631 | took 0ms | statement | connection 25| url jdbc:h2:mem:6a3784ae-1aa6-4bbf-b617-4d4aeabcc2af
update picture set spot_id=?, url=? where picture_id=?
update picture set spot_id=589, url='java.io.StringReader@48d2d979' where picture_id=2145;
2022-10-10 13:48:04.631  INFO 3923 --- [    Test worker] p6spy                                    : #1665377284631 | took 0ms | statement | connection 25| url jdbc:h2:mem:6a3784ae-1aa6-4bbf-b617-4d4aeabcc2af
update picture set spot_id=?, url=? where picture_id=?
update picture set spot_id=589, url='java.io.StringReader@6855bae5' where picture_id=2146;
2022-10-10 13:48:04.631  INFO 3923 --- [    Test worker] p6spy                                    : #1665377284631 | took 0ms | statement | connection 25| url jdbc:h2:mem:6a3784ae-1aa6-4bbf-b617-4d4aeabcc2af
update picture set spot_id=?, url=? where picture_id=?
update picture set spot_id=589, url='java.io.StringReader@38119447' where picture_id=2147;
2022-10-10 13:48:04.631  INFO 3923 --- [    Test worker] p6spy                                    : #1665377284631 | took 0ms | statement | connection 25| url jdbc:h2:mem:6a3784ae-1aa6-4bbf-b617-4d4aeabcc2af
update picture set spot_id=?, url=? where picture_id=?
update picture set spot_id=590, url='java.io.StringReader@7427690' where picture_id=2149;
2022-10-10 13:48:04.631  INFO 3923 --- [    Test worker] p6spy                                    : #1665377284631 | took 0ms | statement | connection 25| url jdbc:h2:mem:6a3784ae-1aa6-4bbf-b617-4d4aeabcc2af
update picture set spot_id=?, url=? where picture_id=?
update picture set spot_id=590, url='java.io.StringReader@6b22e8eb' where picture_id=2150;
2022-10-10 13:48:04.631  INFO 3923 --- [    Test worker] p6spy                                    : #1665377284631 | took 0ms | statement | connection 25| url jdbc:h2:mem:6a3784ae-1aa6-4bbf-b617-4d4aeabcc2af
update picture set spot_id=?, url=? where picture_id=?
update picture set spot_id=590, url='java.io.StringReader@36e9c5d' where picture_id=2151;
2022-10-10 13:48:04.631  INFO 3923 --- [    Test worker] p6spy                                    : #1665377284631 | took 0ms | statement | connection 25| url jdbc:h2:mem:6a3784ae-1aa6-4bbf-b617-4d4aeabcc2af
update picture set spot_id=?, url=? where picture_id=?
update picture set spot_id=591, url='java.io.StringReader@4f4d77e8' where picture_id=2153;
2022-10-10 13:48:04.631  INFO 3923 --- [    Test worker] p6spy                                    : #1665377284631 | took 0ms | statement | connection 25| url jdbc:h2:mem:6a3784ae-1aa6-4bbf-b617-4d4aeabcc2af
update picture set spot_id=?, url=? where picture_id=?
update picture set spot_id=591, url='java.io.StringReader@5a0dc0a' where picture_id=2154;
2022-10-10 13:48:04.631  INFO 3923 --- [    Test worker] p6spy                                    : #1665377284631 | took 0ms | statement | connection 25| url jdbc:h2:mem:6a3784ae-1aa6-4bbf-b617-4d4aeabcc2af
update picture set spot_id=?, url=? where picture_id=?
update picture set spot_id=591, url='java.io.StringReader@71d87c36' where picture_id=2155;
2022-10-10 13:48:04.631  INFO 3923 --- [    Test worker] p6spy                                    : #1665377284631 | took 0ms | statement | connection 25| url jdbc:h2:mem:6a3784ae-1aa6-4bbf-b617-4d4aeabcc2af
update picture set spot_id=?, url=? where picture_id=?
update picture set spot_id=592, url='java.io.StringReader@35fa8b9b' where picture_id=2157;
2022-10-10 13:48:04.631  INFO 3923 --- [    Test worker] p6spy                                    : #1665377284631 | took 0ms | statement | connection 25| url jdbc:h2:mem:6a3784ae-1aa6-4bbf-b617-4d4aeabcc2af
update picture set spot_id=?, url=? where picture_id=?
update picture set spot_id=592, url='java.io.StringReader@6b60cda8' where picture_id=2158;
2022-10-10 13:48:04.631  INFO 3923 --- [    Test worker] p6spy                                    : #1665377284631 | took 0ms | statement | connection 25| url jdbc:h2:mem:6a3784ae-1aa6-4bbf-b617-4d4aeabcc2af
update picture set spot_id=?, url=? where picture_id=?
update picture set spot_id=592, url='java.io.StringReader@6e458853' where picture_id=2159;
2022-10-10 13:48:04.631  INFO 3923 --- [    Test worker] p6spy                                    : #1665377284631 | took 0ms | statement | connection 25| url jdbc:h2:mem:6a3784ae-1aa6-4bbf-b617-4d4aeabcc2af
update picture set spot_id=?, url=? where picture_id=?
update picture set spot_id=593, url='java.io.StringReader@7a3ff9a2' where picture_id=2161;
2022-10-10 13:48:04.631  INFO 3923 --- [    Test worker] p6spy                                    : #1665377284631 | took 0ms | statement | connection 25| url jdbc:h2:mem:6a3784ae-1aa6-4bbf-b617-4d4aeabcc2af
update picture set spot_id=?, url=? where picture_id=?
update picture set spot_id=593, url='java.io.StringReader@51cae78d' where picture_id=2162;
2022-10-10 13:48:04.631  INFO 3923 --- [    Test worker] p6spy                                    : #1665377284631 | took 0ms | statement | connection 25| url jdbc:h2:mem:6a3784ae-1aa6-4bbf-b617-4d4aeabcc2af
update picture set spot_id=?, url=? where picture_id=?
update picture set spot_id=593, url='java.io.StringReader@71cd4b1d' where picture_id=2163;
2022-10-10 13:48:04.631  INFO 3923 --- [    Test worker] p6spy                                    : #1665377284631 | took 0ms | statement | connection 25| url jdbc:h2:mem:6a3784ae-1aa6-4bbf-b617-4d4aeabcc2af
update picture set spot_id=?, url=? where picture_id=?
update picture set spot_id=594, url='java.io.StringReader@4570d6f8' where picture_id=2165;
2022-10-10 13:48:04.631  INFO 3923 --- [    Test worker] p6spy                                    : #1665377284631 | took 0ms | statement | connection 25| url jdbc:h2:mem:6a3784ae-1aa6-4bbf-b617-4d4aeabcc2af
update picture set spot_id=?, url=? where picture_id=?
update picture set spot_id=594, url='java.io.StringReader@4938c8e4' where picture_id=2166;
2022-10-10 13:48:04.631  INFO 3923 --- [    Test worker] p6spy                                    : #1665377284631 | took 0ms | statement | connection 25| url jdbc:h2:mem:6a3784ae-1aa6-4bbf-b617-4d4aeabcc2af
update picture set spot_id=?, url=? where picture_id=?
update picture set spot_id=594, url='java.io.StringReader@2ae3fe6' where picture_id=2167;
2022-10-10 13:48:04.631  INFO 3923 --- [    Test worker] p6spy                                    : #1665377284631 | took 0ms | statement | connection 25| url jdbc:h2:mem:6a3784ae-1aa6-4bbf-b617-4d4aeabcc2af
update picture set spot_id=?, url=? where picture_id=?
update picture set spot_id=595, url='java.io.StringReader@476e1a47' where picture_id=2169;
2022-10-10 13:48:04.631  INFO 3923 --- [    Test worker] p6spy                                    : #1665377284631 | took 0ms | statement | connection 25| url jdbc:h2:mem:6a3784ae-1aa6-4bbf-b617-4d4aeabcc2af
update picture set spot_id=?, url=? where picture_id=?
update picture set spot_id=595, url='java.io.StringReader@2084c6e2' where picture_id=2170;
2022-10-10 13:48:04.631  INFO 3923 --- [    Test worker] p6spy                                    : #1665377284631 | took 0ms | statement | connection 25| url jdbc:h2:mem:6a3784ae-1aa6-4bbf-b617-4d4aeabcc2af
update picture set spot_id=?, url=? where picture_id=?
update picture set spot_id=595, url='java.io.StringReader@2a37bcad' where picture_id=2171;
2022-10-10 13:48:04.631  INFO 3923 --- [    Test worker] p6spy                                    : #1665377284631 | took 0ms | statement | connection 25| url jdbc:h2:mem:6a3784ae-1aa6-4bbf-b617-4d4aeabcc2af
update picture set spot_id=?, url=? where picture_id=?
update picture set spot_id=596, url='java.io.StringReader@74240013' where picture_id=2173;
2022-10-10 13:48:04.631  INFO 3923 --- [    Test worker] p6spy                                    : #1665377284631 | took 0ms | statement | connection 25| url jdbc:h2:mem:6a3784ae-1aa6-4bbf-b617-4d4aeabcc2af
update picture set spot_id=?, url=? where picture_id=?
update picture set spot_id=596, url='java.io.StringReader@95d583e' where picture_id=2174;
2022-10-10 13:48:04.631  INFO 3923 --- [    Test worker] p6spy                                    : #1665377284631 | took 0ms | statement | connection 25| url jdbc:h2:mem:6a3784ae-1aa6-4bbf-b617-4d4aeabcc2af
update picture set spot_id=?, url=? where picture_id=?
update picture set spot_id=596, url='java.io.StringReader@69754fef' where picture_id=2175;
2022-10-10 13:48:04.631  INFO 3923 --- [    Test worker] p6spy                                    : #1665377284631 | took 0ms | statement | connection 25| url jdbc:h2:mem:6a3784ae-1aa6-4bbf-b617-4d4aeabcc2af
update picture set spot_id=?, url=? where picture_id=?
update picture set spot_id=597, url='java.io.StringReader@2e0df85f' where picture_id=2177;
2022-10-10 13:48:04.631  INFO 3923 --- [    Test worker] p6spy                                    : #1665377284631 | took 0ms | statement | connection 25| url jdbc:h2:mem:6a3784ae-1aa6-4bbf-b617-4d4aeabcc2af
update picture set spot_id=?, url=? where picture_id=?
update picture set spot_id=597, url='java.io.StringReader@745589f2' where picture_id=2178;
2022-10-10 13:48:04.631  INFO 3923 --- [    Test worker] p6spy                                    : #1665377284631 | took 0ms | statement | connection 25| url jdbc:h2:mem:6a3784ae-1aa6-4bbf-b617-4d4aeabcc2af
update picture set spot_id=?, url=? where picture_id=?
update picture set spot_id=597, url='java.io.StringReader@64cb8383' where picture_id=2179;
2022-10-10 13:48:04.631  INFO 3923 --- [    Test worker] p6spy                                    : #1665377284631 | took 0ms | statement | connection 25| url jdbc:h2:mem:6a3784ae-1aa6-4bbf-b617-4d4aeabcc2af
update picture set spot_id=?, url=? where picture_id=?
update picture set spot_id=598, url='java.io.StringReader@677d1e73' where picture_id=2181;
2022-10-10 13:48:04.631  INFO 3923 --- [    Test worker] p6spy                                    : #1665377284631 | took 0ms | statement | connection 25| url jdbc:h2:mem:6a3784ae-1aa6-4bbf-b617-4d4aeabcc2af
update picture set spot_id=?, url=? where picture_id=?
update picture set spot_id=598, url='java.io.StringReader@171ee8fc' where picture_id=2182;
2022-10-10 13:48:04.631  INFO 3923 --- [    Test worker] p6spy                                    : #1665377284631 | took 0ms | statement | connection 25| url jdbc:h2:mem:6a3784ae-1aa6-4bbf-b617-4d4aeabcc2af
update picture set spot_id=?, url=? where picture_id=?
update picture set spot_id=598, url='java.io.StringReader@6f0f3ea0' where picture_id=2183;
2022-10-10 13:48:04.631  INFO 3923 --- [    Test worker] p6spy                                    : #1665377284631 | took 0ms | statement | connection 25| url jdbc:h2:mem:6a3784ae-1aa6-4bbf-b617-4d4aeabcc2af
update picture set spot_id=?, url=? where picture_id=?
update picture set spot_id=599, url='java.io.StringReader@181e4d61' where picture_id=2185;
2022-10-10 13:48:04.632  INFO 3923 --- [    Test worker] p6spy                                    : #1665377284632 | took 0ms | statement | connection 25| url jdbc:h2:mem:6a3784ae-1aa6-4bbf-b617-4d4aeabcc2af
update picture set spot_id=?, url=? where picture_id=?
update picture set spot_id=599, url='java.io.StringReader@becb3c9' where picture_id=2186;
2022-10-10 13:48:04.632  INFO 3923 --- [    Test worker] p6spy                                    : #1665377284632 | took 0ms | statement | connection 25| url jdbc:h2:mem:6a3784ae-1aa6-4bbf-b617-4d4aeabcc2af
update picture set spot_id=?, url=? where picture_id=?
update picture set spot_id=599, url='java.io.StringReader@55a55bb8' where picture_id=2187;
2022-10-10 13:48:04.632  INFO 3923 --- [    Test worker] p6spy                                    : #1665377284632 | took 0ms | statement | connection 25| url jdbc:h2:mem:6a3784ae-1aa6-4bbf-b617-4d4aeabcc2af
update picture set spot_id=?, url=? where picture_id=?
update picture set spot_id=600, url='java.io.StringReader@6de1fce' where picture_id=2189;
2022-10-10 13:48:04.632  INFO 3923 --- [    Test worker] p6spy                                    : #1665377284632 | took 0ms | statement | connection 25| url jdbc:h2:mem:6a3784ae-1aa6-4bbf-b617-4d4aeabcc2af
update picture set spot_id=?, url=? where picture_id=?
update picture set spot_id=600, url='java.io.StringReader@46c820f4' where picture_id=2190;
2022-10-10 13:48:04.632  INFO 3923 --- [    Test worker] p6spy                                    : #1665377284632 | took 0ms | statement | connection 25| url jdbc:h2:mem:6a3784ae-1aa6-4bbf-b617-4d4aeabcc2af
update picture set spot_id=?, url=? where picture_id=?
update picture set spot_id=600, url='java.io.StringReader@218b3ac5' where picture_id=2191;
2022-10-10 13:48:04.632  INFO 3923 --- [    Test worker] p6spy                                    : #1665377284632 | took 0ms | statement | connection 25| url jdbc:h2:mem:6a3784ae-1aa6-4bbf-b617-4d4aeabcc2af
update picture set spot_id=?, url=? where picture_id=?
update picture set spot_id=601, url='java.io.StringReader@65875002' where picture_id=2193;
2022-10-10 13:48:04.632  INFO 3923 --- [    Test worker] p6spy                                    : #1665377284632 | took 0ms | statement | connection 25| url jdbc:h2:mem:6a3784ae-1aa6-4bbf-b617-4d4aeabcc2af
update picture set spot_id=?, url=? where picture_id=?
update picture set spot_id=601, url='java.io.StringReader@18ba733f' where picture_id=2194;
2022-10-10 13:48:04.632  INFO 3923 --- [    Test worker] p6spy                                    : #1665377284632 | took 0ms | statement | connection 25| url jdbc:h2:mem:6a3784ae-1aa6-4bbf-b617-4d4aeabcc2af
update picture set spot_id=?, url=? where picture_id=?
update picture set spot_id=601, url='java.io.StringReader@6e970fef' where picture_id=2195;
2022-10-10 13:48:04.632  INFO 3923 --- [    Test worker] p6spy                                    : #1665377284632 | took 0ms | statement | connection 25| url jdbc:h2:mem:6a3784ae-1aa6-4bbf-b617-4d4aeabcc2af
update picture set spot_id=?, url=? where picture_id=?
update picture set spot_id=602, url='java.io.StringReader@7a049d0f' where picture_id=2197;
2022-10-10 13:48:04.632  INFO 3923 --- [    Test worker] p6spy                                    : #1665377284632 | took 0ms | statement | connection 25| url jdbc:h2:mem:6a3784ae-1aa6-4bbf-b617-4d4aeabcc2af
update picture set spot_id=?, url=? where picture_id=?
update picture set spot_id=602, url='java.io.StringReader@c1f03ca' where picture_id=2198;
2022-10-10 13:48:04.632  INFO 3923 --- [    Test worker] p6spy                                    : #1665377284632 | took 0ms | statement | connection 25| url jdbc:h2:mem:6a3784ae-1aa6-4bbf-b617-4d4aeabcc2af
update picture set spot_id=?, url=? where picture_id=?
update picture set spot_id=602, url='java.io.StringReader@11454235' where picture_id=2199;
2022-10-10 13:48:04.632  INFO 3923 --- [    Test worker] p6spy                                    : #1665377284632 | took 0ms | statement | connection 25| url jdbc:h2:mem:6a3784ae-1aa6-4bbf-b617-4d4aeabcc2af
update picture set spot_id=?, url=? where picture_id=?
update picture set spot_id=603, url='java.io.StringReader@25e764b2' where picture_id=2201;
2022-10-10 13:48:04.632  INFO 3923 --- [    Test worker] p6spy                                    : #1665377284632 | took 0ms | statement | connection 25| url jdbc:h2:mem:6a3784ae-1aa6-4bbf-b617-4d4aeabcc2af
update picture set spot_id=?, url=? where picture_id=?
update picture set spot_id=603, url='java.io.StringReader@4977edd0' where picture_id=2202;
2022-10-10 13:48:04.632  INFO 3923 --- [    Test worker] p6spy                                    : #1665377284632 | took 0ms | statement | connection 25| url jdbc:h2:mem:6a3784ae-1aa6-4bbf-b617-4d4aeabcc2af
update picture set spot_id=?, url=? where picture_id=?
update picture set spot_id=603, url='java.io.StringReader@1830302e' where picture_id=2203;
2022-10-10 13:48:04.632  INFO 3923 --- [    Test worker] p6spy                                    : #1665377284632 | took 0ms | statement | connection 25| url jdbc:h2:mem:6a3784ae-1aa6-4bbf-b617-4d4aeabcc2af
update picture set spot_id=?, url=? where picture_id=?
update picture set spot_id=604, url='java.io.StringReader@751ef860' where picture_id=2205;
2022-10-10 13:48:04.632  INFO 3923 --- [    Test worker] p6spy                                    : #1665377284632 | took 0ms | statement | connection 25| url jdbc:h2:mem:6a3784ae-1aa6-4bbf-b617-4d4aeabcc2af
update picture set spot_id=?, url=? where picture_id=?
update picture set spot_id=604, url='java.io.StringReader@1ad5b8a5' where picture_id=2206;
2022-10-10 13:48:04.632  INFO 3923 --- [    Test worker] p6spy                                    : #1665377284632 | took 0ms | statement | connection 25| url jdbc:h2:mem:6a3784ae-1aa6-4bbf-b617-4d4aeabcc2af
update picture set spot_id=?, url=? where picture_id=?
update picture set spot_id=604, url='java.io.StringReader@420ee923' where picture_id=2207;
2022-10-10 13:48:04.632  INFO 3923 --- [    Test worker] p6spy                                    : #1665377284632 | took 0ms | statement | connection 25| url jdbc:h2:mem:6a3784ae-1aa6-4bbf-b617-4d4aeabcc2af
update picture set spot_id=?, url=? where picture_id=?
update picture set spot_id=605, url='java.io.StringReader@318b076f' where picture_id=2209;
2022-10-10 13:48:04.632  INFO 3923 --- [    Test worker] p6spy                                    : #1665377284632 | took 0ms | statement | connection 25| url jdbc:h2:mem:6a3784ae-1aa6-4bbf-b617-4d4aeabcc2af
update picture set spot_id=?, url=? where picture_id=?
update picture set spot_id=605, url='java.io.StringReader@2209d045' where picture_id=2210;
2022-10-10 13:48:04.632  INFO 3923 --- [    Test worker] p6spy                                    : #1665377284632 | took 0ms | statement | connection 25| url jdbc:h2:mem:6a3784ae-1aa6-4bbf-b617-4d4aeabcc2af
update picture set spot_id=?, url=? where picture_id=?
update picture set spot_id=605, url='java.io.StringReader@5fc71c81' where picture_id=2211;
2022-10-10 13:48:04.632  INFO 3923 --- [    Test worker] p6spy                                    : #1665377284632 | took 0ms | statement | connection 25| url jdbc:h2:mem:6a3784ae-1aa6-4bbf-b617-4d4aeabcc2af
update picture set spot_id=?, url=? where picture_id=?
update picture set spot_id=606, url='java.io.StringReader@742ccaa7' where picture_id=2213;
2022-10-10 13:48:04.632  INFO 3923 --- [    Test worker] p6spy                                    : #1665377284632 | took 0ms | statement | connection 25| url jdbc:h2:mem:6a3784ae-1aa6-4bbf-b617-4d4aeabcc2af
update picture set spot_id=?, url=? where picture_id=?
update picture set spot_id=606, url='java.io.StringReader@52af888' where picture_id=2214;
2022-10-10 13:48:04.632  INFO 3923 --- [    Test worker] p6spy                                    : #1665377284632 | took 0ms | statement | connection 25| url jdbc:h2:mem:6a3784ae-1aa6-4bbf-b617-4d4aeabcc2af
update picture set spot_id=?, url=? where picture_id=?
update picture set spot_id=606, url='java.io.StringReader@6f36d895' where picture_id=2215;
2022-10-10 13:48:04.632  INFO 3923 --- [    Test worker] p6spy                                    : #1665377284632 | took 0ms | statement | connection 25| url jdbc:h2:mem:6a3784ae-1aa6-4bbf-b617-4d4aeabcc2af
update picture set spot_id=?, url=? where picture_id=?
update picture set spot_id=607, url='java.io.StringReader@3970ddf1' where picture_id=2217;
2022-10-10 13:48:04.632  INFO 3923 --- [    Test worker] p6spy                                    : #1665377284632 | took 0ms | statement | connection 25| url jdbc:h2:mem:6a3784ae-1aa6-4bbf-b617-4d4aeabcc2af
update picture set spot_id=?, url=? where picture_id=?
update picture set spot_id=607, url='java.io.StringReader@115492b3' where picture_id=2218;
2022-10-10 13:48:04.632  INFO 3923 --- [    Test worker] p6spy                                    : #1665377284632 | took 0ms | statement | connection 25| url jdbc:h2:mem:6a3784ae-1aa6-4bbf-b617-4d4aeabcc2af
update picture set spot_id=?, url=? where picture_id=?
update picture set spot_id=607, url='java.io.StringReader@5a0520d4' where picture_id=2219;
2022-10-10 13:48:04.632  INFO 3923 --- [    Test worker] p6spy                                    : #1665377284632 | took 0ms | statement | connection 25| url jdbc:h2:mem:6a3784ae-1aa6-4bbf-b617-4d4aeabcc2af
update picture set spot_id=?, url=? where picture_id=?
update picture set spot_id=608, url='java.io.StringReader@1d82e24c' where picture_id=2221;
2022-10-10 13:48:04.632  INFO 3923 --- [    Test worker] p6spy                                    : #1665377284632 | took 0ms | statement | connection 25| url jdbc:h2:mem:6a3784ae-1aa6-4bbf-b617-4d4aeabcc2af
update picture set spot_id=?, url=? where picture_id=?
update picture set spot_id=608, url='java.io.StringReader@32ff690b' where picture_id=2222;
2022-10-10 13:48:04.632  INFO 3923 --- [    Test worker] p6spy                                    : #1665377284632 | took 0ms | statement | connection 25| url jdbc:h2:mem:6a3784ae-1aa6-4bbf-b617-4d4aeabcc2af
update picture set spot_id=?, url=? where picture_id=?
update picture set spot_id=608, url='java.io.StringReader@276a1e3b' where picture_id=2223;
2022-10-10 13:48:04.632  INFO 3923 --- [    Test worker] p6spy                                    : #1665377284632 | took 0ms | statement | connection 25| url jdbc:h2:mem:6a3784ae-1aa6-4bbf-b617-4d4aeabcc2af
update picture set spot_id=?, url=? where picture_id=?
update picture set spot_id=609, url='java.io.StringReader@65670fda' where picture_id=2225;
2022-10-10 13:48:04.632  INFO 3923 --- [    Test worker] p6spy                                    : #1665377284632 | took 0ms | statement | connection 25| url jdbc:h2:mem:6a3784ae-1aa6-4bbf-b617-4d4aeabcc2af
update picture set spot_id=?, url=? where picture_id=?
update picture set spot_id=609, url='java.io.StringReader@4308d6c7' where picture_id=2226;
2022-10-10 13:48:04.632  INFO 3923 --- [    Test worker] p6spy                                    : #1665377284632 | took 0ms | statement | connection 25| url jdbc:h2:mem:6a3784ae-1aa6-4bbf-b617-4d4aeabcc2af
update picture set spot_id=?, url=? where picture_id=?
update picture set spot_id=609, url='java.io.StringReader@62070c10' where picture_id=2227;
2022-10-10 13:48:04.632  INFO 3923 --- [    Test worker] p6spy                                    : #1665377284632 | took 0ms | statement | connection 25| url jdbc:h2:mem:6a3784ae-1aa6-4bbf-b617-4d4aeabcc2af
update picture set spot_id=?, url=? where picture_id=?
update picture set spot_id=610, url='java.io.StringReader@628c0f05' where picture_id=2229;
2022-10-10 13:48:04.632  INFO 3923 --- [    Test worker] p6spy                                    : #1665377284632 | took 0ms | statement | connection 25| url jdbc:h2:mem:6a3784ae-1aa6-4bbf-b617-4d4aeabcc2af
update picture set spot_id=?, url=? where picture_id=?
update picture set spot_id=610, url='java.io.StringReader@243350ec' where picture_id=2230;
2022-10-10 13:48:04.632  INFO 3923 --- [    Test worker] p6spy                                    : #1665377284632 | took 0ms | statement | connection 25| url jdbc:h2:mem:6a3784ae-1aa6-4bbf-b617-4d4aeabcc2af
update picture set spot_id=?, url=? where picture_id=?
update picture set spot_id=610, url='java.io.StringReader@7ccb55cf' where picture_id=2231;
2022-10-10 13:48:04.633  INFO 3923 --- [    Test worker] p6spy                                    : #1665377284633 | took 0ms | statement | connection 25| url jdbc:h2:mem:6a3784ae-1aa6-4bbf-b617-4d4aeabcc2af
update picture set spot_id=?, url=? where picture_id=?
update picture set spot_id=611, url='java.io.StringReader@4412ca4f' where picture_id=2233;
2022-10-10 13:48:04.633  INFO 3923 --- [    Test worker] p6spy                                    : #1665377284633 | took 0ms | statement | connection 25| url jdbc:h2:mem:6a3784ae-1aa6-4bbf-b617-4d4aeabcc2af
update picture set spot_id=?, url=? where picture_id=?
update picture set spot_id=611, url='java.io.StringReader@6e592702' where picture_id=2234;
2022-10-10 13:48:04.633  INFO 3923 --- [    Test worker] p6spy                                    : #1665377284633 | took 0ms | statement | connection 25| url jdbc:h2:mem:6a3784ae-1aa6-4bbf-b617-4d4aeabcc2af
update picture set spot_id=?, url=? where picture_id=?
update picture set spot_id=611, url='java.io.StringReader@30fbb5cf' where picture_id=2235;
2022-10-10 13:48:04.633  INFO 3923 --- [    Test worker] p6spy                                    : #1665377284633 | took 0ms | statement | connection 25| url jdbc:h2:mem:6a3784ae-1aa6-4bbf-b617-4d4aeabcc2af
update picture set spot_id=?, url=? where picture_id=?
update picture set spot_id=612, url='java.io.StringReader@702b0e5f' where picture_id=2237;
2022-10-10 13:48:04.633  INFO 3923 --- [    Test worker] p6spy                                    : #1665377284633 | took 0ms | statement | connection 25| url jdbc:h2:mem:6a3784ae-1aa6-4bbf-b617-4d4aeabcc2af
update picture set spot_id=?, url=? where picture_id=?
update picture set spot_id=612, url='java.io.StringReader@3982d511' where picture_id=2238;
2022-10-10 13:48:04.633  INFO 3923 --- [    Test worker] p6spy                                    : #1665377284633 | took 0ms | statement | connection 25| url jdbc:h2:mem:6a3784ae-1aa6-4bbf-b617-4d4aeabcc2af
update picture set spot_id=?, url=? where picture_id=?
update picture set spot_id=612, url='java.io.StringReader@dbefb31' where picture_id=2239;
2022-10-10 13:48:04.633  INFO 3923 --- [    Test worker] p6spy                                    : #1665377284633 | took 0ms | statement | connection 25| url jdbc:h2:mem:6a3784ae-1aa6-4bbf-b617-4d4aeabcc2af
update picture set spot_id=?, url=? where picture_id=?
update picture set spot_id=613, url='java.io.StringReader@40fc5b70' where picture_id=2241;
2022-10-10 13:48:04.633  INFO 3923 --- [    Test worker] p6spy                                    : #1665377284633 | took 0ms | statement | connection 25| url jdbc:h2:mem:6a3784ae-1aa6-4bbf-b617-4d4aeabcc2af
update picture set spot_id=?, url=? where picture_id=?
update picture set spot_id=613, url='java.io.StringReader@198bdcea' where picture_id=2242;
2022-10-10 13:48:04.633  INFO 3923 --- [    Test worker] p6spy                                    : #1665377284633 | took 0ms | statement | connection 25| url jdbc:h2:mem:6a3784ae-1aa6-4bbf-b617-4d4aeabcc2af
update picture set spot_id=?, url=? where picture_id=?
update picture set spot_id=613, url='java.io.StringReader@7b84d4e7' where picture_id=2243;
2022-10-10 13:48:04.633  INFO 3923 --- [    Test worker] p6spy                                    : #1665377284633 | took 0ms | statement | connection 25| url jdbc:h2:mem:6a3784ae-1aa6-4bbf-b617-4d4aeabcc2af
update picture set spot_id=?, url=? where picture_id=?
update picture set spot_id=614, url='java.io.StringReader@3004029b' where picture_id=2245;
2022-10-10 13:48:04.633  INFO 3923 --- [    Test worker] p6spy                                    : #1665377284633 | took 0ms | statement | connection 25| url jdbc:h2:mem:6a3784ae-1aa6-4bbf-b617-4d4aeabcc2af
update picture set spot_id=?, url=? where picture_id=?
update picture set spot_id=614, url='java.io.StringReader@1b32cb8c' where picture_id=2246;
2022-10-10 13:48:04.633  INFO 3923 --- [    Test worker] p6spy                                    : #1665377284633 | took 0ms | statement | connection 25| url jdbc:h2:mem:6a3784ae-1aa6-4bbf-b617-4d4aeabcc2af
update picture set spot_id=?, url=? where picture_id=?
update picture set spot_id=614, url='java.io.StringReader@792621f8' where picture_id=2247;
2022-10-10 13:48:04.633  INFO 3923 --- [    Test worker] p6spy                                    : #1665377284633 | took 0ms | statement | connection 25| url jdbc:h2:mem:6a3784ae-1aa6-4bbf-b617-4d4aeabcc2af
update picture set spot_id=?, url=? where picture_id=?
update picture set spot_id=615, url='java.io.StringReader@63237b2e' where picture_id=2249;
2022-10-10 13:48:04.633  INFO 3923 --- [    Test worker] p6spy                                    : #1665377284633 | took 0ms | statement | connection 25| url jdbc:h2:mem:6a3784ae-1aa6-4bbf-b617-4d4aeabcc2af
update picture set spot_id=?, url=? where picture_id=?
update picture set spot_id=615, url='java.io.StringReader@577c13ee' where picture_id=2250;
2022-10-10 13:48:04.633  INFO 3923 --- [    Test worker] p6spy                                    : #1665377284633 | took 0ms | statement | connection 25| url jdbc:h2:mem:6a3784ae-1aa6-4bbf-b617-4d4aeabcc2af
update picture set spot_id=?, url=? where picture_id=?
update picture set spot_id=615, url='java.io.StringReader@5ccdd496' where picture_id=2251;
2022-10-10 13:48:04.633  INFO 3923 --- [    Test worker] p6spy                                    : #1665377284633 | took 0ms | statement | connection 25| url jdbc:h2:mem:6a3784ae-1aa6-4bbf-b617-4d4aeabcc2af
update picture set spot_id=?, url=? where picture_id=?
update picture set spot_id=616, url='java.io.StringReader@611ebcfa' where picture_id=2253;
2022-10-10 13:48:04.633  INFO 3923 --- [    Test worker] p6spy                                    : #1665377284633 | took 0ms | statement | connection 25| url jdbc:h2:mem:6a3784ae-1aa6-4bbf-b617-4d4aeabcc2af
update picture set spot_id=?, url=? where picture_id=?
update picture set spot_id=616, url='java.io.StringReader@6443b66b' where picture_id=2254;
2022-10-10 13:48:04.633  INFO 3923 --- [    Test worker] p6spy                                    : #1665377284633 | took 0ms | statement | connection 25| url jdbc:h2:mem:6a3784ae-1aa6-4bbf-b617-4d4aeabcc2af
update picture set spot_id=?, url=? where picture_id=?
update picture set spot_id=616, url='java.io.StringReader@63fffb00' where picture_id=2255;
2022-10-10 13:48:04.633  INFO 3923 --- [    Test worker] p6spy                                    : #1665377284633 | took 0ms | statement | connection 25| url jdbc:h2:mem:6a3784ae-1aa6-4bbf-b617-4d4aeabcc2af
update picture set spot_id=?, url=? where picture_id=?
update picture set spot_id=617, url='java.io.StringReader@1c37b804' where picture_id=2257;
2022-10-10 13:48:04.633  INFO 3923 --- [    Test worker] p6spy                                    : #1665377284633 | took 0ms | statement | connection 25| url jdbc:h2:mem:6a3784ae-1aa6-4bbf-b617-4d4aeabcc2af
update picture set spot_id=?, url=? where picture_id=?
update picture set spot_id=617, url='java.io.StringReader@324332a' where picture_id=2258;
2022-10-10 13:48:04.633  INFO 3923 --- [    Test worker] p6spy                                    : #1665377284633 | took 0ms | statement | connection 25| url jdbc:h2:mem:6a3784ae-1aa6-4bbf-b617-4d4aeabcc2af
update picture set spot_id=?, url=? where picture_id=?
update picture set spot_id=617, url='java.io.StringReader@8257a56' where picture_id=2259;
2022-10-10 13:48:04.633  INFO 3923 --- [    Test worker] p6spy                                    : #1665377284633 | took 0ms | statement | connection 25| url jdbc:h2:mem:6a3784ae-1aa6-4bbf-b617-4d4aeabcc2af
update picture set spot_id=?, url=? where picture_id=?
update picture set spot_id=618, url='java.io.StringReader@5b9a8692' where picture_id=2261;
2022-10-10 13:48:04.633  INFO 3923 --- [    Test worker] p6spy                                    : #1665377284633 | took 0ms | statement | connection 25| url jdbc:h2:mem:6a3784ae-1aa6-4bbf-b617-4d4aeabcc2af
update picture set spot_id=?, url=? where picture_id=?
update picture set spot_id=618, url='java.io.StringReader@37093884' where picture_id=2262;
2022-10-10 13:48:04.633  INFO 3923 --- [    Test worker] p6spy                                    : #1665377284633 | took 0ms | statement | connection 25| url jdbc:h2:mem:6a3784ae-1aa6-4bbf-b617-4d4aeabcc2af
update picture set spot_id=?, url=? where picture_id=?
update picture set spot_id=618, url='java.io.StringReader@25549b6a' where picture_id=2263;
2022-10-10 13:48:04.633  INFO 3923 --- [    Test worker] p6spy                                    : #1665377284633 | took 0ms | statement | connection 25| url jdbc:h2:mem:6a3784ae-1aa6-4bbf-b617-4d4aeabcc2af
update picture set spot_id=?, url=? where picture_id=?
update picture set spot_id=619, url='java.io.StringReader@285755bc' where picture_id=2265;
2022-10-10 13:48:04.633  INFO 3923 --- [    Test worker] p6spy                                    : #1665377284633 | took 0ms | statement | connection 25| url jdbc:h2:mem:6a3784ae-1aa6-4bbf-b617-4d4aeabcc2af
update picture set spot_id=?, url=? where picture_id=?
update picture set spot_id=619, url='java.io.StringReader@72bbd548' where picture_id=2266;
2022-10-10 13:48:04.633  INFO 3923 --- [    Test worker] p6spy                                    : #1665377284633 | took 0ms | statement | connection 25| url jdbc:h2:mem:6a3784ae-1aa6-4bbf-b617-4d4aeabcc2af
update picture set spot_id=?, url=? where picture_id=?
update picture set spot_id=619, url='java.io.StringReader@39726f8e' where picture_id=2267;
2022-10-10 13:48:04.634  INFO 3923 --- [    Test worker] p6spy                                    : #1665377284634 | took 0ms | statement | connection 25| url jdbc:h2:mem:6a3784ae-1aa6-4bbf-b617-4d4aeabcc2af
update picture set spot_id=?, url=? where picture_id=?
update picture set spot_id=620, url='java.io.StringReader@42980447' where picture_id=2269;
2022-10-10 13:48:04.634  INFO 3923 --- [    Test worker] p6spy                                    : #1665377284634 | took 0ms | statement | connection 25| url jdbc:h2:mem:6a3784ae-1aa6-4bbf-b617-4d4aeabcc2af
update picture set spot_id=?, url=? where picture_id=?
update picture set spot_id=620, url='java.io.StringReader@4ad055c0' where picture_id=2270;
2022-10-10 13:48:04.634  INFO 3923 --- [    Test worker] p6spy                                    : #1665377284634 | took 0ms | statement | connection 25| url jdbc:h2:mem:6a3784ae-1aa6-4bbf-b617-4d4aeabcc2af
update picture set spot_id=?, url=? where picture_id=?
update picture set spot_id=620, url='java.io.StringReader@5d8a6614' where picture_id=2271;
2022-10-10 13:48:04.634  INFO 3923 --- [    Test worker] p6spy                                    : #1665377284634 | took 0ms | statement | connection 25| url jdbc:h2:mem:6a3784ae-1aa6-4bbf-b617-4d4aeabcc2af
update picture set spot_id=?, url=? where picture_id=?
update picture set spot_id=621, url='java.io.StringReader@10fb1473' where picture_id=2273;
2022-10-10 13:48:04.634  INFO 3923 --- [    Test worker] p6spy                                    : #1665377284634 | took 0ms | statement | connection 25| url jdbc:h2:mem:6a3784ae-1aa6-4bbf-b617-4d4aeabcc2af
update picture set spot_id=?, url=? where picture_id=?
update picture set spot_id=621, url='java.io.StringReader@e9536c5' where picture_id=2274;
2022-10-10 13:48:04.634  INFO 3923 --- [    Test worker] p6spy                                    : #1665377284634 | took 0ms | statement | connection 25| url jdbc:h2:mem:6a3784ae-1aa6-4bbf-b617-4d4aeabcc2af
update picture set spot_id=?, url=? where picture_id=?
update picture set spot_id=621, url='java.io.StringReader@4108da27' where picture_id=2275;
2022-10-10 13:48:04.634  INFO 3923 --- [    Test worker] p6spy                                    : #1665377284634 | took 0ms | statement | connection 25| url jdbc:h2:mem:6a3784ae-1aa6-4bbf-b617-4d4aeabcc2af
update picture set spot_id=?, url=? where picture_id=?
update picture set spot_id=622, url='java.io.StringReader@27646bb3' where picture_id=2277;
2022-10-10 13:48:04.634  INFO 3923 --- [    Test worker] p6spy                                    : #1665377284634 | took 0ms | statement | connection 25| url jdbc:h2:mem:6a3784ae-1aa6-4bbf-b617-4d4aeabcc2af
update picture set spot_id=?, url=? where picture_id=?
update picture set spot_id=622, url='java.io.StringReader@3c352e15' where picture_id=2278;
2022-10-10 13:48:04.634  INFO 3923 --- [    Test worker] p6spy                                    : #1665377284634 | took 0ms | statement | connection 25| url jdbc:h2:mem:6a3784ae-1aa6-4bbf-b617-4d4aeabcc2af
update picture set spot_id=?, url=? where picture_id=?
update picture set spot_id=622, url='java.io.StringReader@5ce45629' where picture_id=2279;
2022-10-10 13:48:04.634  INFO 3923 --- [    Test worker] p6spy                                    : #1665377284634 | took 0ms | statement | connection 25| url jdbc:h2:mem:6a3784ae-1aa6-4bbf-b617-4d4aeabcc2af
update picture set spot_id=?, url=? where picture_id=?
update picture set spot_id=623, url='java.io.StringReader@72f3ffb4' where picture_id=2281;
2022-10-10 13:48:04.634  INFO 3923 --- [    Test worker] p6spy                                    : #1665377284634 | took 0ms | statement | connection 25| url jdbc:h2:mem:6a3784ae-1aa6-4bbf-b617-4d4aeabcc2af
update picture set spot_id=?, url=? where picture_id=?
update picture set spot_id=623, url='java.io.StringReader@10b3df77' where picture_id=2282;
2022-10-10 13:48:04.634  INFO 3923 --- [    Test worker] p6spy                                    : #1665377284634 | took 0ms | statement | connection 25| url jdbc:h2:mem:6a3784ae-1aa6-4bbf-b617-4d4aeabcc2af
update picture set spot_id=?, url=? where picture_id=?
update picture set spot_id=623, url='java.io.StringReader@6c544072' where picture_id=2283;
2022-10-10 13:48:04.634  INFO 3923 --- [    Test worker] p6spy                                    : #1665377284634 | took 0ms | statement | connection 25| url jdbc:h2:mem:6a3784ae-1aa6-4bbf-b617-4d4aeabcc2af
update picture set spot_id=?, url=? where picture_id=?
update picture set spot_id=624, url='java.io.StringReader@ae21dfa' where picture_id=2285;
2022-10-10 13:48:04.634  INFO 3923 --- [    Test worker] p6spy                                    : #1665377284634 | took 0ms | statement | connection 25| url jdbc:h2:mem:6a3784ae-1aa6-4bbf-b617-4d4aeabcc2af
update picture set spot_id=?, url=? where picture_id=?
update picture set spot_id=624, url='java.io.StringReader@680f4486' where picture_id=2286;
2022-10-10 13:48:04.634  INFO 3923 --- [    Test worker] p6spy                                    : #1665377284634 | took 0ms | statement | connection 25| url jdbc:h2:mem:6a3784ae-1aa6-4bbf-b617-4d4aeabcc2af
update picture set spot_id=?, url=? where picture_id=?
update picture set spot_id=624, url='java.io.StringReader@1f081517' where picture_id=2287;
2022-10-10 13:48:04.634  INFO 3923 --- [    Test worker] p6spy                                    : #1665377284634 | took 0ms | statement | connection 25| url jdbc:h2:mem:6a3784ae-1aa6-4bbf-b617-4d4aeabcc2af
update picture set spot_id=?, url=? where picture_id=?
update picture set spot_id=625, url='java.io.StringReader@5f504ae6' where picture_id=2289;
2022-10-10 13:48:04.634  INFO 3923 --- [    Test worker] p6spy                                    : #1665377284634 | took 0ms | statement | connection 25| url jdbc:h2:mem:6a3784ae-1aa6-4bbf-b617-4d4aeabcc2af
update picture set spot_id=?, url=? where picture_id=?
update picture set spot_id=625, url='java.io.StringReader@2911f797' where picture_id=2290;
2022-10-10 13:48:04.634  INFO 3923 --- [    Test worker] p6spy                                    : #1665377284634 | took 0ms | statement | connection 25| url jdbc:h2:mem:6a3784ae-1aa6-4bbf-b617-4d4aeabcc2af
update picture set spot_id=?, url=? where picture_id=?
update picture set spot_id=625, url='java.io.StringReader@747c8111' where picture_id=2291;
2022-10-10 13:48:04.634  INFO 3923 --- [    Test worker] p6spy                                    : #1665377284634 | took 0ms | statement | connection 25| url jdbc:h2:mem:6a3784ae-1aa6-4bbf-b617-4d4aeabcc2af
update picture set spot_id=?, url=? where picture_id=?
update picture set spot_id=626, url='java.io.StringReader@43aa74b5' where picture_id=2293;
2022-10-10 13:48:04.634  INFO 3923 --- [    Test worker] p6spy                                    : #1665377284634 | took 0ms | statement | connection 25| url jdbc:h2:mem:6a3784ae-1aa6-4bbf-b617-4d4aeabcc2af
update picture set spot_id=?, url=? where picture_id=?
update picture set spot_id=626, url='java.io.StringReader@1faf8f10' where picture_id=2294;
2022-10-10 13:48:04.634  INFO 3923 --- [    Test worker] p6spy                                    : #1665377284634 | took 0ms | statement | connection 25| url jdbc:h2:mem:6a3784ae-1aa6-4bbf-b617-4d4aeabcc2af
update picture set spot_id=?, url=? where picture_id=?
update picture set spot_id=626, url='java.io.StringReader@275715e0' where picture_id=2295;
2022-10-10 13:48:04.634  INFO 3923 --- [    Test worker] p6spy                                    : #1665377284634 | took 0ms | statement | connection 25| url jdbc:h2:mem:6a3784ae-1aa6-4bbf-b617-4d4aeabcc2af
update picture set spot_id=?, url=? where picture_id=?
update picture set spot_id=627, url='java.io.StringReader@7362835d' where picture_id=2297;
2022-10-10 13:48:04.634  INFO 3923 --- [    Test worker] p6spy                                    : #1665377284634 | took 0ms | statement | connection 25| url jdbc:h2:mem:6a3784ae-1aa6-4bbf-b617-4d4aeabcc2af
update picture set spot_id=?, url=? where picture_id=?
update picture set spot_id=627, url='java.io.StringReader@1866269e' where picture_id=2298;
2022-10-10 13:48:04.634  INFO 3923 --- [    Test worker] p6spy                                    : #1665377284634 | took 0ms | statement | connection 25| url jdbc:h2:mem:6a3784ae-1aa6-4bbf-b617-4d4aeabcc2af
update picture set spot_id=?, url=? where picture_id=?
update picture set spot_id=627, url='java.io.StringReader@70f933d4' where picture_id=2299;
2022-10-10 13:48:04.634  INFO 3923 --- [    Test worker] p6spy                                    : #1665377284634 | took 0ms | statement | connection 25| url jdbc:h2:mem:6a3784ae-1aa6-4bbf-b617-4d4aeabcc2af
update picture set spot_id=?, url=? where picture_id=?
update picture set spot_id=628, url='java.io.StringReader@70e33ccc' where picture_id=2301;
2022-10-10 13:48:04.635  INFO 3923 --- [    Test worker] p6spy                                    : #1665377284635 | took 0ms | statement | connection 25| url jdbc:h2:mem:6a3784ae-1aa6-4bbf-b617-4d4aeabcc2af
update picture set spot_id=?, url=? where picture_id=?
update picture set spot_id=628, url='java.io.StringReader@618d701a' where picture_id=2302;
2022-10-10 13:48:04.635  INFO 3923 --- [    Test worker] p6spy                                    : #1665377284635 | took 0ms | statement | connection 25| url jdbc:h2:mem:6a3784ae-1aa6-4bbf-b617-4d4aeabcc2af
update picture set spot_id=?, url=? where picture_id=?
update picture set spot_id=628, url='java.io.StringReader@73b7165f' where picture_id=2303;
2022-10-10 13:48:04.635  INFO 3923 --- [    Test worker] p6spy                                    : #1665377284635 | took 0ms | statement | connection 25| url jdbc:h2:mem:6a3784ae-1aa6-4bbf-b617-4d4aeabcc2af
update picture set spot_id=?, url=? where picture_id=?
update picture set spot_id=629, url='java.io.StringReader@78cc817b' where picture_id=2305;
2022-10-10 13:48:04.635  INFO 3923 --- [    Test worker] p6spy                                    : #1665377284635 | took 0ms | statement | connection 25| url jdbc:h2:mem:6a3784ae-1aa6-4bbf-b617-4d4aeabcc2af
update picture set spot_id=?, url=? where picture_id=?
update picture set spot_id=629, url='java.io.StringReader@5a074ce5' where picture_id=2306;
2022-10-10 13:48:04.635  INFO 3923 --- [    Test worker] p6spy                                    : #1665377284635 | took 0ms | statement | connection 25| url jdbc:h2:mem:6a3784ae-1aa6-4bbf-b617-4d4aeabcc2af
update picture set spot_id=?, url=? where picture_id=?
update picture set spot_id=629, url='java.io.StringReader@28a6ed65' where picture_id=2307;
2022-10-10 13:48:04.635  INFO 3923 --- [    Test worker] p6spy                                    : #1665377284635 | took 0ms | statement | connection 25| url jdbc:h2:mem:6a3784ae-1aa6-4bbf-b617-4d4aeabcc2af
update picture set spot_id=?, url=? where picture_id=?
update picture set spot_id=630, url='java.io.StringReader@743cfb82' where picture_id=2309;
2022-10-10 13:48:04.635  INFO 3923 --- [    Test worker] p6spy                                    : #1665377284635 | took 0ms | statement | connection 25| url jdbc:h2:mem:6a3784ae-1aa6-4bbf-b617-4d4aeabcc2af
update picture set spot_id=?, url=? where picture_id=?
update picture set spot_id=630, url='java.io.StringReader@25d35dec' where picture_id=2310;
2022-10-10 13:48:04.635  INFO 3923 --- [    Test worker] p6spy                                    : #1665377284635 | took 0ms | statement | connection 25| url jdbc:h2:mem:6a3784ae-1aa6-4bbf-b617-4d4aeabcc2af
update picture set spot_id=?, url=? where picture_id=?
update picture set spot_id=630, url='java.io.StringReader@6105a62c' where picture_id=2311;
2022-10-10 13:48:04.635  INFO 3923 --- [    Test worker] p6spy                                    : #1665377284635 | took 0ms | statement | connection 25| url jdbc:h2:mem:6a3784ae-1aa6-4bbf-b617-4d4aeabcc2af
update picture set spot_id=?, url=? where picture_id=?
update picture set spot_id=631, url='java.io.StringReader@241b26c' where picture_id=2313;
2022-10-10 13:48:04.635  INFO 3923 --- [    Test worker] p6spy                                    : #1665377284635 | took 0ms | statement | connection 25| url jdbc:h2:mem:6a3784ae-1aa6-4bbf-b617-4d4aeabcc2af
update picture set spot_id=?, url=? where picture_id=?
update picture set spot_id=631, url='java.io.StringReader@75c5dc58' where picture_id=2314;
2022-10-10 13:48:04.635  INFO 3923 --- [    Test worker] p6spy                                    : #1665377284635 | took 0ms | statement | connection 25| url jdbc:h2:mem:6a3784ae-1aa6-4bbf-b617-4d4aeabcc2af
update picture set spot_id=?, url=? where picture_id=?
update picture set spot_id=631, url='java.io.StringReader@3596ffe4' where picture_id=2315;
2022-10-10 13:48:04.635  INFO 3923 --- [    Test worker] p6spy                                    : #1665377284635 | took 0ms | statement | connection 25| url jdbc:h2:mem:6a3784ae-1aa6-4bbf-b617-4d4aeabcc2af
update picture set spot_id=?, url=? where picture_id=?
update picture set spot_id=632, url='java.io.StringReader@1dc13fa' where picture_id=2317;
2022-10-10 13:48:04.635  INFO 3923 --- [    Test worker] p6spy                                    : #1665377284635 | took 0ms | statement | connection 25| url jdbc:h2:mem:6a3784ae-1aa6-4bbf-b617-4d4aeabcc2af
update picture set spot_id=?, url=? where picture_id=?
update picture set spot_id=632, url='java.io.StringReader@657225a3' where picture_id=2318;
2022-10-10 13:48:04.635  INFO 3923 --- [    Test worker] p6spy                                    : #1665377284635 | took 0ms | statement | connection 25| url jdbc:h2:mem:6a3784ae-1aa6-4bbf-b617-4d4aeabcc2af
update picture set spot_id=?, url=? where picture_id=?
update picture set spot_id=632, url='java.io.StringReader@10124edb' where picture_id=2319;
2022-10-10 13:48:04.635  INFO 3923 --- [    Test worker] p6spy                                    : #1665377284635 | took 0ms | statement | connection 25| url jdbc:h2:mem:6a3784ae-1aa6-4bbf-b617-4d4aeabcc2af
update picture set spot_id=?, url=? where picture_id=?
update picture set spot_id=633, url='java.io.StringReader@548f039b' where picture_id=2321;
2022-10-10 13:48:04.635  INFO 3923 --- [    Test worker] p6spy                                    : #1665377284635 | took 0ms | statement | connection 25| url jdbc:h2:mem:6a3784ae-1aa6-4bbf-b617-4d4aeabcc2af
update picture set spot_id=?, url=? where picture_id=?
update picture set spot_id=633, url='java.io.StringReader@7bd036e7' where picture_id=2322;
2022-10-10 13:48:04.641  INFO 3923 --- [    Test worker] p6spy                                    : #1665377284641 | took 0ms | statement | connection 25| url jdbc:h2:mem:6a3784ae-1aa6-4bbf-b617-4d4aeabcc2af
update picture set spot_id=?, url=? where picture_id=?
update picture set spot_id=633, url='java.io.StringReader@136dc72d' where picture_id=2323;
2022-10-10 13:48:04.641  INFO 3923 --- [    Test worker] p6spy                                    : #1665377284641 | took 0ms | statement | connection 25| url jdbc:h2:mem:6a3784ae-1aa6-4bbf-b617-4d4aeabcc2af
update picture set spot_id=?, url=? where picture_id=?
update picture set spot_id=634, url='java.io.StringReader@c152bd2' where picture_id=2325;
2022-10-10 13:48:04.642  INFO 3923 --- [    Test worker] p6spy                                    : #1665377284642 | took 0ms | statement | connection 25| url jdbc:h2:mem:6a3784ae-1aa6-4bbf-b617-4d4aeabcc2af
update picture set spot_id=?, url=? where picture_id=?
update picture set spot_id=634, url='java.io.StringReader@bba7be1' where picture_id=2326;
2022-10-10 13:48:04.642  INFO 3923 --- [    Test worker] p6spy                                    : #1665377284642 | took 0ms | statement | connection 25| url jdbc:h2:mem:6a3784ae-1aa6-4bbf-b617-4d4aeabcc2af
update picture set spot_id=?, url=? where picture_id=?
update picture set spot_id=634, url='java.io.StringReader@25a6b30' where picture_id=2327;
2022-10-10 13:48:04.642  INFO 3923 --- [    Test worker] p6spy                                    : #1665377284642 | took 0ms | statement | connection 25| url jdbc:h2:mem:6a3784ae-1aa6-4bbf-b617-4d4aeabcc2af
update picture set spot_id=?, url=? where picture_id=?
update picture set spot_id=635, url='java.io.StringReader@5aeee801' where picture_id=2329;
2022-10-10 13:48:04.642  INFO 3923 --- [    Test worker] p6spy                                    : #1665377284642 | took 0ms | statement | connection 25| url jdbc:h2:mem:6a3784ae-1aa6-4bbf-b617-4d4aeabcc2af
update picture set spot_id=?, url=? where picture_id=?
update picture set spot_id=635, url='java.io.StringReader@22a48ae3' where picture_id=2330;
2022-10-10 13:48:04.642  INFO 3923 --- [    Test worker] p6spy                                    : #1665377284642 | took 0ms | statement | connection 25| url jdbc:h2:mem:6a3784ae-1aa6-4bbf-b617-4d4aeabcc2af
update picture set spot_id=?, url=? where picture_id=?
update picture set spot_id=635, url='java.io.StringReader@225454e0' where picture_id=2331;
2022-10-10 13:48:04.642  INFO 3923 --- [    Test worker] p6spy                                    : #1665377284642 | took 0ms | statement | connection 25| url jdbc:h2:mem:6a3784ae-1aa6-4bbf-b617-4d4aeabcc2af
update picture set spot_id=?, url=? where picture_id=?
update picture set spot_id=636, url='java.io.StringReader@364e2e84' where picture_id=2333;
2022-10-10 13:48:04.642  INFO 3923 --- [    Test worker] p6spy                                    : #1665377284642 | took 0ms | statement | connection 25| url jdbc:h2:mem:6a3784ae-1aa6-4bbf-b617-4d4aeabcc2af
update picture set spot_id=?, url=? where picture_id=?
update picture set spot_id=636, url='java.io.StringReader@1456fbd1' where picture_id=2334;
2022-10-10 13:48:04.642  INFO 3923 --- [    Test worker] p6spy                                    : #1665377284642 | took 0ms | statement | connection 25| url jdbc:h2:mem:6a3784ae-1aa6-4bbf-b617-4d4aeabcc2af
update picture set spot_id=?, url=? where picture_id=?
update picture set spot_id=636, url='java.io.StringReader@12bcfd07' where picture_id=2335;
2022-10-10 13:48:04.642  INFO 3923 --- [    Test worker] p6spy                                    : #1665377284642 | took 0ms | statement | connection 25| url jdbc:h2:mem:6a3784ae-1aa6-4bbf-b617-4d4aeabcc2af
update picture set spot_id=?, url=? where picture_id=?
update picture set spot_id=637, url='java.io.StringReader@3d8cef0c' where picture_id=2337;
2022-10-10 13:48:04.642  INFO 3923 --- [    Test worker] p6spy                                    : #1665377284642 | took 0ms | statement | connection 25| url jdbc:h2:mem:6a3784ae-1aa6-4bbf-b617-4d4aeabcc2af
update picture set spot_id=?, url=? where picture_id=?
update picture set spot_id=637, url='java.io.StringReader@7c27394e' where picture_id=2338;
2022-10-10 13:48:04.642  INFO 3923 --- [    Test worker] p6spy                                    : #1665377284642 | took 0ms | statement | connection 25| url jdbc:h2:mem:6a3784ae-1aa6-4bbf-b617-4d4aeabcc2af
update picture set spot_id=?, url=? where picture_id=?
update picture set spot_id=637, url='java.io.StringReader@12e3465c' where picture_id=2339;
2022-10-10 13:48:04.642  INFO 3923 --- [    Test worker] p6spy                                    : #1665377284642 | took 0ms | statement | connection 25| url jdbc:h2:mem:6a3784ae-1aa6-4bbf-b617-4d4aeabcc2af
update picture set spot_id=?, url=? where picture_id=?
update picture set spot_id=638, url='java.io.StringReader@10be5d15' where picture_id=2341;
2022-10-10 13:48:04.642  INFO 3923 --- [    Test worker] p6spy                                    : #1665377284642 | took 0ms | statement | connection 25| url jdbc:h2:mem:6a3784ae-1aa6-4bbf-b617-4d4aeabcc2af
update picture set spot_id=?, url=? where picture_id=?
update picture set spot_id=638, url='java.io.StringReader@372036d9' where picture_id=2342;
2022-10-10 13:48:04.642  INFO 3923 --- [    Test worker] p6spy                                    : #1665377284642 | took 0ms | statement | connection 25| url jdbc:h2:mem:6a3784ae-1aa6-4bbf-b617-4d4aeabcc2af
update picture set spot_id=?, url=? where picture_id=?
update picture set spot_id=638, url='java.io.StringReader@32e4ad7a' where picture_id=2343;
2022-10-10 13:48:04.642  INFO 3923 --- [    Test worker] p6spy                                    : #1665377284642 | took 0ms | statement | connection 25| url jdbc:h2:mem:6a3784ae-1aa6-4bbf-b617-4d4aeabcc2af
update picture set spot_id=?, url=? where picture_id=?
update picture set spot_id=639, url='java.io.StringReader@1bd89be8' where picture_id=2345;
2022-10-10 13:48:04.642  INFO 3923 --- [    Test worker] p6spy                                    : #1665377284642 | took 0ms | statement | connection 25| url jdbc:h2:mem:6a3784ae-1aa6-4bbf-b617-4d4aeabcc2af
update picture set spot_id=?, url=? where picture_id=?
update picture set spot_id=639, url='java.io.StringReader@6cbfa329' where picture_id=2346;
2022-10-10 13:48:04.642  INFO 3923 --- [    Test worker] p6spy                                    : #1665377284642 | took 0ms | statement | connection 25| url jdbc:h2:mem:6a3784ae-1aa6-4bbf-b617-4d4aeabcc2af
update picture set spot_id=?, url=? where picture_id=?
update picture set spot_id=639, url='java.io.StringReader@106eac2a' where picture_id=2347;
2022-10-10 13:48:04.642  INFO 3923 --- [    Test worker] p6spy                                    : #1665377284642 | took 0ms | statement | connection 25| url jdbc:h2:mem:6a3784ae-1aa6-4bbf-b617-4d4aeabcc2af
update picture set spot_id=?, url=? where picture_id=?
update picture set spot_id=640, url='java.io.StringReader@62dea77b' where picture_id=2349;
2022-10-10 13:48:04.642  INFO 3923 --- [    Test worker] p6spy                                    : #1665377284642 | took 0ms | statement | connection 25| url jdbc:h2:mem:6a3784ae-1aa6-4bbf-b617-4d4aeabcc2af
update picture set spot_id=?, url=? where picture_id=?
update picture set spot_id=640, url='java.io.StringReader@50e984d7' where picture_id=2350;
2022-10-10 13:48:04.642  INFO 3923 --- [    Test worker] p6spy                                    : #1665377284642 | took 0ms | statement | connection 25| url jdbc:h2:mem:6a3784ae-1aa6-4bbf-b617-4d4aeabcc2af
update picture set spot_id=?, url=? where picture_id=?
update picture set spot_id=640, url='java.io.StringReader@1cdc074b' where picture_id=2351;
2022-10-10 13:48:04.642  INFO 3923 --- [    Test worker] p6spy                                    : #1665377284642 | took 0ms | statement | connection 25| url jdbc:h2:mem:6a3784ae-1aa6-4bbf-b617-4d4aeabcc2af
update picture set spot_id=?, url=? where picture_id=?
update picture set spot_id=641, url='java.io.StringReader@7dbdea89' where picture_id=2353;
2022-10-10 13:48:04.642  INFO 3923 --- [    Test worker] p6spy                                    : #1665377284642 | took 0ms | statement | connection 25| url jdbc:h2:mem:6a3784ae-1aa6-4bbf-b617-4d4aeabcc2af
update picture set spot_id=?, url=? where picture_id=?
update picture set spot_id=641, url='java.io.StringReader@775036a1' where picture_id=2354;
2022-10-10 13:48:04.642  INFO 3923 --- [    Test worker] p6spy                                    : #1665377284642 | took 0ms | statement | connection 25| url jdbc:h2:mem:6a3784ae-1aa6-4bbf-b617-4d4aeabcc2af
update picture set spot_id=?, url=? where picture_id=?
update picture set spot_id=641, url='java.io.StringReader@3c5955bc' where picture_id=2355;
2022-10-10 13:48:04.642  INFO 3923 --- [    Test worker] p6spy                                    : #1665377284642 | took 0ms | statement | connection 25| url jdbc:h2:mem:6a3784ae-1aa6-4bbf-b617-4d4aeabcc2af
update picture set spot_id=?, url=? where picture_id=?
update picture set spot_id=642, url='java.io.StringReader@2ac9e172' where picture_id=2357;
2022-10-10 13:48:04.642  INFO 3923 --- [    Test worker] p6spy                                    : #1665377284642 | took 0ms | statement | connection 25| url jdbc:h2:mem:6a3784ae-1aa6-4bbf-b617-4d4aeabcc2af
update picture set spot_id=?, url=? where picture_id=?
update picture set spot_id=642, url='java.io.StringReader@4ea92823' where picture_id=2358;
2022-10-10 13:48:04.642  INFO 3923 --- [    Test worker] p6spy                                    : #1665377284642 | took 0ms | statement | connection 25| url jdbc:h2:mem:6a3784ae-1aa6-4bbf-b617-4d4aeabcc2af
update picture set spot_id=?, url=? where picture_id=?
update picture set spot_id=642, url='java.io.StringReader@3bd88028' where picture_id=2359;
2022-10-10 13:48:04.642  INFO 3923 --- [    Test worker] p6spy                                    : #1665377284642 | took 0ms | statement | connection 25| url jdbc:h2:mem:6a3784ae-1aa6-4bbf-b617-4d4aeabcc2af
update picture set spot_id=?, url=? where picture_id=?
update picture set spot_id=643, url='java.io.StringReader@a7c1103' where picture_id=2361;
2022-10-10 13:48:04.642  INFO 3923 --- [    Test worker] p6spy                                    : #1665377284642 | took 0ms | statement | connection 25| url jdbc:h2:mem:6a3784ae-1aa6-4bbf-b617-4d4aeabcc2af
update picture set spot_id=?, url=? where picture_id=?
update picture set spot_id=643, url='java.io.StringReader@5f21efe0' where picture_id=2362;
2022-10-10 13:48:04.642  INFO 3923 --- [    Test worker] p6spy                                    : #1665377284642 | took 0ms | statement | connection 25| url jdbc:h2:mem:6a3784ae-1aa6-4bbf-b617-4d4aeabcc2af
update picture set spot_id=?, url=? where picture_id=?
update picture set spot_id=643, url='java.io.StringReader@738118e5' where picture_id=2363;
2022-10-10 13:48:04.642  INFO 3923 --- [    Test worker] p6spy                                    : #1665377284642 | took 0ms | statement | connection 25| url jdbc:h2:mem:6a3784ae-1aa6-4bbf-b617-4d4aeabcc2af
update picture set spot_id=?, url=? where picture_id=?
update picture set spot_id=644, url='java.io.StringReader@79671c2b' where picture_id=2365;
2022-10-10 13:48:04.642  INFO 3923 --- [    Test worker] p6spy                                    : #1665377284642 | took 0ms | statement | connection 25| url jdbc:h2:mem:6a3784ae-1aa6-4bbf-b617-4d4aeabcc2af
update picture set spot_id=?, url=? where picture_id=?
update picture set spot_id=644, url='java.io.StringReader@2dc27cbd' where picture_id=2366;
2022-10-10 13:48:04.642  INFO 3923 --- [    Test worker] p6spy                                    : #1665377284642 | took 0ms | statement | connection 25| url jdbc:h2:mem:6a3784ae-1aa6-4bbf-b617-4d4aeabcc2af
update picture set spot_id=?, url=? where picture_id=?
update picture set spot_id=644, url='java.io.StringReader@1b5f061d' where picture_id=2367;
2022-10-10 13:48:04.642  INFO 3923 --- [    Test worker] p6spy                                    : #1665377284642 | took 0ms | statement | connection 25| url jdbc:h2:mem:6a3784ae-1aa6-4bbf-b617-4d4aeabcc2af
update picture set spot_id=?, url=? where picture_id=?
update picture set spot_id=645, url='java.io.StringReader@67be4ad3' where picture_id=2369;
2022-10-10 13:48:04.643  INFO 3923 --- [    Test worker] p6spy                                    : #1665377284643 | took 0ms | statement | connection 25| url jdbc:h2:mem:6a3784ae-1aa6-4bbf-b617-4d4aeabcc2af
update picture set spot_id=?, url=? where picture_id=?
update picture set spot_id=645, url='java.io.StringReader@14d9458b' where picture_id=2370;
2022-10-10 13:48:04.643  INFO 3923 --- [    Test worker] p6spy                                    : #1665377284643 | took 0ms | statement | connection 25| url jdbc:h2:mem:6a3784ae-1aa6-4bbf-b617-4d4aeabcc2af
update picture set spot_id=?, url=? where picture_id=?
update picture set spot_id=645, url='java.io.StringReader@7f757087' where picture_id=2371;
2022-10-10 13:48:04.643  INFO 3923 --- [    Test worker] p6spy                                    : #1665377284643 | took 0ms | statement | connection 25| url jdbc:h2:mem:6a3784ae-1aa6-4bbf-b617-4d4aeabcc2af
update picture set spot_id=?, url=? where picture_id=?
update picture set spot_id=646, url='java.io.StringReader@ae51b00' where picture_id=2373;
2022-10-10 13:48:04.643  INFO 3923 --- [    Test worker] p6spy                                    : #1665377284643 | took 0ms | statement | connection 25| url jdbc:h2:mem:6a3784ae-1aa6-4bbf-b617-4d4aeabcc2af
update picture set spot_id=?, url=? where picture_id=?
update picture set spot_id=646, url='java.io.StringReader@3b359050' where picture_id=2374;
2022-10-10 13:48:04.643  INFO 3923 --- [    Test worker] p6spy                                    : #1665377284643 | took 0ms | statement | connection 25| url jdbc:h2:mem:6a3784ae-1aa6-4bbf-b617-4d4aeabcc2af
update picture set spot_id=?, url=? where picture_id=?
update picture set spot_id=646, url='java.io.StringReader@5e0a76e9' where picture_id=2375;
2022-10-10 13:48:04.643  INFO 3923 --- [    Test worker] p6spy                                    : #1665377284643 | took 0ms | statement | connection 25| url jdbc:h2:mem:6a3784ae-1aa6-4bbf-b617-4d4aeabcc2af
update picture set spot_id=?, url=? where picture_id=?
update picture set spot_id=647, url='java.io.StringReader@17098b05' where picture_id=2377;
2022-10-10 13:48:04.643  INFO 3923 --- [    Test worker] p6spy                                    : #1665377284643 | took 0ms | statement | connection 25| url jdbc:h2:mem:6a3784ae-1aa6-4bbf-b617-4d4aeabcc2af
update picture set spot_id=?, url=? where picture_id=?
update picture set spot_id=647, url='java.io.StringReader@6111f669' where picture_id=2378;
2022-10-10 13:48:04.643  INFO 3923 --- [    Test worker] p6spy                                    : #1665377284643 | took 0ms | statement | connection 25| url jdbc:h2:mem:6a3784ae-1aa6-4bbf-b617-4d4aeabcc2af
update picture set spot_id=?, url=? where picture_id=?
update picture set spot_id=647, url='java.io.StringReader@384df761' where picture_id=2379;
2022-10-10 13:48:04.643  INFO 3923 --- [    Test worker] p6spy                                    : #1665377284643 | took 0ms | statement | connection 25| url jdbc:h2:mem:6a3784ae-1aa6-4bbf-b617-4d4aeabcc2af
update picture set spot_id=?, url=? where picture_id=?
update picture set spot_id=648, url='java.io.StringReader@296cb049' where picture_id=2381;
2022-10-10 13:48:04.643  INFO 3923 --- [    Test worker] p6spy                                    : #1665377284643 | took 0ms | statement | connection 25| url jdbc:h2:mem:6a3784ae-1aa6-4bbf-b617-4d4aeabcc2af
update picture set spot_id=?, url=? where picture_id=?
update picture set spot_id=648, url='java.io.StringReader@61b50fc7' where picture_id=2382;
2022-10-10 13:48:04.643  INFO 3923 --- [    Test worker] p6spy                                    : #1665377284643 | took 0ms | statement | connection 25| url jdbc:h2:mem:6a3784ae-1aa6-4bbf-b617-4d4aeabcc2af
update picture set spot_id=?, url=? where picture_id=?
update picture set spot_id=648, url='java.io.StringReader@2c6c98f0' where picture_id=2383;
2022-10-10 13:48:04.643  INFO 3923 --- [    Test worker] p6spy                                    : #1665377284643 | took 0ms | statement | connection 25| url jdbc:h2:mem:6a3784ae-1aa6-4bbf-b617-4d4aeabcc2af
update picture set spot_id=?, url=? where picture_id=?
update picture set spot_id=649, url='java.io.StringReader@1b7671d7' where picture_id=2385;
2022-10-10 13:48:04.643  INFO 3923 --- [    Test worker] p6spy                                    : #1665377284643 | took 0ms | statement | connection 25| url jdbc:h2:mem:6a3784ae-1aa6-4bbf-b617-4d4aeabcc2af
update picture set spot_id=?, url=? where picture_id=?
update picture set spot_id=649, url='java.io.StringReader@2fb95dce' where picture_id=2386;
2022-10-10 13:48:04.643  INFO 3923 --- [    Test worker] p6spy                                    : #1665377284643 | took 0ms | statement | connection 25| url jdbc:h2:mem:6a3784ae-1aa6-4bbf-b617-4d4aeabcc2af
update picture set spot_id=?, url=? where picture_id=?
update picture set spot_id=649, url='java.io.StringReader@429eb996' where picture_id=2387;
2022-10-10 13:48:04.643  INFO 3923 --- [    Test worker] p6spy                                    : #1665377284643 | took 0ms | statement | connection 25| url jdbc:h2:mem:6a3784ae-1aa6-4bbf-b617-4d4aeabcc2af
update picture set spot_id=?, url=? where picture_id=?
update picture set spot_id=650, url='java.io.StringReader@a653e74' where picture_id=2389;
2022-10-10 13:48:04.643  INFO 3923 --- [    Test worker] p6spy                                    : #1665377284643 | took 0ms | statement | connection 25| url jdbc:h2:mem:6a3784ae-1aa6-4bbf-b617-4d4aeabcc2af
update picture set spot_id=?, url=? where picture_id=?
update picture set spot_id=650, url='java.io.StringReader@1eb7ca95' where picture_id=2390;
2022-10-10 13:48:04.643  INFO 3923 --- [    Test worker] p6spy                                    : #1665377284643 | took 0ms | statement | connection 25| url jdbc:h2:mem:6a3784ae-1aa6-4bbf-b617-4d4aeabcc2af
update picture set spot_id=?, url=? where picture_id=?
update picture set spot_id=650, url='java.io.StringReader@5ff5ebfa' where picture_id=2391;
2022-10-10 13:48:04.643  INFO 3923 --- [    Test worker] p6spy                                    : #1665377284643 | took 0ms | statement | connection 25| url jdbc:h2:mem:6a3784ae-1aa6-4bbf-b617-4d4aeabcc2af
update picture set spot_id=?, url=? where picture_id=?
update picture set spot_id=651, url='java.io.StringReader@7c5bf57e' where picture_id=2393;
2022-10-10 13:48:04.643  INFO 3923 --- [    Test worker] p6spy                                    : #1665377284643 | took 0ms | statement | connection 25| url jdbc:h2:mem:6a3784ae-1aa6-4bbf-b617-4d4aeabcc2af
update picture set spot_id=?, url=? where picture_id=?
update picture set spot_id=651, url='java.io.StringReader@489a62c6' where picture_id=2394;
2022-10-10 13:48:04.643  INFO 3923 --- [    Test worker] p6spy                                    : #1665377284643 | took 0ms | statement | connection 25| url jdbc:h2:mem:6a3784ae-1aa6-4bbf-b617-4d4aeabcc2af
update picture set spot_id=?, url=? where picture_id=?
update picture set spot_id=651, url='java.io.StringReader@6fbf27ef' where picture_id=2395;
2022-10-10 13:48:04.643  INFO 3923 --- [    Test worker] p6spy                                    : #1665377284643 | took 0ms | statement | connection 25| url jdbc:h2:mem:6a3784ae-1aa6-4bbf-b617-4d4aeabcc2af
update picture set spot_id=?, url=? where picture_id=?
update picture set spot_id=652, url='java.io.StringReader@56835157' where picture_id=2397;
2022-10-10 13:48:04.643  INFO 3923 --- [    Test worker] p6spy                                    : #1665377284643 | took 0ms | statement | connection 25| url jdbc:h2:mem:6a3784ae-1aa6-4bbf-b617-4d4aeabcc2af
update picture set spot_id=?, url=? where picture_id=?
update picture set spot_id=652, url='java.io.StringReader@6cc8136b' where picture_id=2398;
2022-10-10 13:48:04.643  INFO 3923 --- [    Test worker] p6spy                                    : #1665377284643 | took 0ms | statement | connection 25| url jdbc:h2:mem:6a3784ae-1aa6-4bbf-b617-4d4aeabcc2af
update picture set spot_id=?, url=? where picture_id=?
update picture set spot_id=652, url='java.io.StringReader@797b8f6e' where picture_id=2399;
2022-10-10 13:48:04.643  INFO 3923 --- [    Test worker] p6spy                                    : #1665377284643 | took 0ms | statement | connection 25| url jdbc:h2:mem:6a3784ae-1aa6-4bbf-b617-4d4aeabcc2af
update picture set spot_id=?, url=? where picture_id=?
update picture set spot_id=653, url='java.io.StringReader@628a7c8c' where picture_id=2401;
2022-10-10 13:48:04.643  INFO 3923 --- [    Test worker] p6spy                                    : #1665377284643 | took 0ms | statement | connection 25| url jdbc:h2:mem:6a3784ae-1aa6-4bbf-b617-4d4aeabcc2af
update picture set spot_id=?, url=? where picture_id=?
update picture set spot_id=653, url='java.io.StringReader@40d2b515' where picture_id=2402;
2022-10-10 13:48:04.643  INFO 3923 --- [    Test worker] p6spy                                    : #1665377284643 | took 0ms | statement | connection 25| url jdbc:h2:mem:6a3784ae-1aa6-4bbf-b617-4d4aeabcc2af
update picture set spot_id=?, url=? where picture_id=?
update picture set spot_id=653, url='java.io.StringReader@14f2beec' where picture_id=2403;
2022-10-10 13:48:04.643  INFO 3923 --- [    Test worker] p6spy                                    : #1665377284643 | took 0ms | statement | connection 25| url jdbc:h2:mem:6a3784ae-1aa6-4bbf-b617-4d4aeabcc2af
update picture set spot_id=?, url=? where picture_id=?
update picture set spot_id=654, url='java.io.StringReader@4bdb0843' where picture_id=2405;
2022-10-10 13:48:04.643  INFO 3923 --- [    Test worker] p6spy                                    : #1665377284643 | took 0ms | statement | connection 25| url jdbc:h2:mem:6a3784ae-1aa6-4bbf-b617-4d4aeabcc2af
update picture set spot_id=?, url=? where picture_id=?
update picture set spot_id=654, url='java.io.StringReader@359750c2' where picture_id=2406;
2022-10-10 13:48:04.643  INFO 3923 --- [    Test worker] p6spy                                    : #1665377284643 | took 0ms | statement | connection 25| url jdbc:h2:mem:6a3784ae-1aa6-4bbf-b617-4d4aeabcc2af
update picture set spot_id=?, url=? where picture_id=?
update picture set spot_id=654, url='java.io.StringReader@16d9063f' where picture_id=2407;
2022-10-10 13:48:04.643  INFO 3923 --- [    Test worker] p6spy                                    : #1665377284643 | took 0ms | statement | connection 25| url jdbc:h2:mem:6a3784ae-1aa6-4bbf-b617-4d4aeabcc2af
update picture set spot_id=?, url=? where picture_id=?
update picture set spot_id=655, url='java.io.StringReader@6d13d34f' where picture_id=2409;
2022-10-10 13:48:04.644  INFO 3923 --- [    Test worker] p6spy                                    : #1665377284644 | took 0ms | statement | connection 25| url jdbc:h2:mem:6a3784ae-1aa6-4bbf-b617-4d4aeabcc2af
update picture set spot_id=?, url=? where picture_id=?
update picture set spot_id=655, url='java.io.StringReader@4d38de02' where picture_id=2410;
2022-10-10 13:48:04.644  INFO 3923 --- [    Test worker] p6spy                                    : #1665377284644 | took 0ms | statement | connection 25| url jdbc:h2:mem:6a3784ae-1aa6-4bbf-b617-4d4aeabcc2af
update picture set spot_id=?, url=? where picture_id=?
update picture set spot_id=655, url='java.io.StringReader@cdfa38a' where picture_id=2411;
2022-10-10 13:48:04.644  INFO 3923 --- [    Test worker] p6spy                                    : #1665377284644 | took 0ms | statement | connection 25| url jdbc:h2:mem:6a3784ae-1aa6-4bbf-b617-4d4aeabcc2af
update picture set spot_id=?, url=? where picture_id=?
update picture set spot_id=656, url='java.io.StringReader@2e508452' where picture_id=2413;
2022-10-10 13:48:04.644  INFO 3923 --- [    Test worker] p6spy                                    : #1665377284644 | took 0ms | statement | connection 25| url jdbc:h2:mem:6a3784ae-1aa6-4bbf-b617-4d4aeabcc2af
update picture set spot_id=?, url=? where picture_id=?
update picture set spot_id=656, url='java.io.StringReader@e53bd7d' where picture_id=2414;
2022-10-10 13:48:04.644  INFO 3923 --- [    Test worker] p6spy                                    : #1665377284644 | took 0ms | statement | connection 25| url jdbc:h2:mem:6a3784ae-1aa6-4bbf-b617-4d4aeabcc2af
update picture set spot_id=?, url=? where picture_id=?
update picture set spot_id=656, url='java.io.StringReader@228cd3bd' where picture_id=2415;
2022-10-10 13:48:04.644  INFO 3923 --- [    Test worker] p6spy                                    : #1665377284644 | took 0ms | statement | connection 25| url jdbc:h2:mem:6a3784ae-1aa6-4bbf-b617-4d4aeabcc2af
update picture set spot_id=?, url=? where picture_id=?
update picture set spot_id=657, url='java.io.StringReader@113bde5b' where picture_id=2417;
2022-10-10 13:48:04.644  INFO 3923 --- [    Test worker] p6spy                                    : #1665377284644 | took 0ms | statement | connection 25| url jdbc:h2:mem:6a3784ae-1aa6-4bbf-b617-4d4aeabcc2af
update picture set spot_id=?, url=? where picture_id=?
update picture set spot_id=657, url='java.io.StringReader@1ed7bed0' where picture_id=2418;
2022-10-10 13:48:04.644  INFO 3923 --- [    Test worker] p6spy                                    : #1665377284644 | took 0ms | statement | connection 25| url jdbc:h2:mem:6a3784ae-1aa6-4bbf-b617-4d4aeabcc2af
update picture set spot_id=?, url=? where picture_id=?
update picture set spot_id=657, url='java.io.StringReader@198a10fa' where picture_id=2419;
2022-10-10 13:48:04.644  INFO 3923 --- [    Test worker] p6spy                                    : #1665377284644 | took 0ms | statement | connection 25| url jdbc:h2:mem:6a3784ae-1aa6-4bbf-b617-4d4aeabcc2af
update picture set spot_id=?, url=? where picture_id=?
update picture set spot_id=658, url='java.io.StringReader@8e5cf17' where picture_id=2421;
2022-10-10 13:48:04.644  INFO 3923 --- [    Test worker] p6spy                                    : #1665377284644 | took 0ms | statement | connection 25| url jdbc:h2:mem:6a3784ae-1aa6-4bbf-b617-4d4aeabcc2af
update picture set spot_id=?, url=? where picture_id=?
update picture set spot_id=658, url='java.io.StringReader@21814915' where picture_id=2422;
2022-10-10 13:48:04.644  INFO 3923 --- [    Test worker] p6spy                                    : #1665377284644 | took 0ms | statement | connection 25| url jdbc:h2:mem:6a3784ae-1aa6-4bbf-b617-4d4aeabcc2af
update picture set spot_id=?, url=? where picture_id=?
update picture set spot_id=658, url='java.io.StringReader@345aed71' where picture_id=2423;
2022-10-10 13:48:04.644  INFO 3923 --- [    Test worker] p6spy                                    : #1665377284644 | took 0ms | statement | connection 25| url jdbc:h2:mem:6a3784ae-1aa6-4bbf-b617-4d4aeabcc2af
update picture set spot_id=?, url=? where picture_id=?
update picture set spot_id=659, url='java.io.StringReader@e5a0259' where picture_id=2425;
2022-10-10 13:48:04.644  INFO 3923 --- [    Test worker] p6spy                                    : #1665377284644 | took 0ms | statement | connection 25| url jdbc:h2:mem:6a3784ae-1aa6-4bbf-b617-4d4aeabcc2af
update picture set spot_id=?, url=? where picture_id=?
update picture set spot_id=659, url='java.io.StringReader@26fae9b5' where picture_id=2426;
2022-10-10 13:48:04.644  INFO 3923 --- [    Test worker] p6spy                                    : #1665377284644 | took 0ms | statement | connection 25| url jdbc:h2:mem:6a3784ae-1aa6-4bbf-b617-4d4aeabcc2af
update picture set spot_id=?, url=? where picture_id=?
update picture set spot_id=659, url='java.io.StringReader@1830f083' where picture_id=2427;
2022-10-10 13:48:04.644  INFO 3923 --- [    Test worker] p6spy                                    : #1665377284644 | took 0ms | statement | connection 25| url jdbc:h2:mem:6a3784ae-1aa6-4bbf-b617-4d4aeabcc2af
update picture set spot_id=?, url=? where picture_id=?
update picture set spot_id=660, url='java.io.StringReader@4af864a5' where picture_id=2429;
2022-10-10 13:48:04.644  INFO 3923 --- [    Test worker] p6spy                                    : #1665377284644 | took 0ms | statement | connection 25| url jdbc:h2:mem:6a3784ae-1aa6-4bbf-b617-4d4aeabcc2af
update picture set spot_id=?, url=? where picture_id=?
update picture set spot_id=660, url='java.io.StringReader@17275013' where picture_id=2430;
2022-10-10 13:48:04.644  INFO 3923 --- [    Test worker] p6spy                                    : #1665377284644 | took 0ms | statement | connection 25| url jdbc:h2:mem:6a3784ae-1aa6-4bbf-b617-4d4aeabcc2af
update picture set spot_id=?, url=? where picture_id=?
update picture set spot_id=660, url='java.io.StringReader@1620a53d' where picture_id=2431;
2022-10-10 13:48:04.644  INFO 3923 --- [    Test worker] p6spy                                    : #1665377284644 | took 0ms | statement | connection 25| url jdbc:h2:mem:6a3784ae-1aa6-4bbf-b617-4d4aeabcc2af
update picture set spot_id=?, url=? where picture_id=?
update picture set spot_id=661, url='java.io.StringReader@6670ff38' where picture_id=2433;
2022-10-10 13:48:04.644  INFO 3923 --- [    Test worker] p6spy                                    : #1665377284644 | took 0ms | statement | connection 25| url jdbc:h2:mem:6a3784ae-1aa6-4bbf-b617-4d4aeabcc2af
update picture set spot_id=?, url=? where picture_id=?
update picture set spot_id=661, url='java.io.StringReader@7bb68237' where picture_id=2434;
2022-10-10 13:48:04.644  INFO 3923 --- [    Test worker] p6spy                                    : #1665377284644 | took 0ms | statement | connection 25| url jdbc:h2:mem:6a3784ae-1aa6-4bbf-b617-4d4aeabcc2af
update picture set spot_id=?, url=? where picture_id=?
update picture set spot_id=661, url='java.io.StringReader@44dd5076' where picture_id=2435;
2022-10-10 13:48:04.644  INFO 3923 --- [    Test worker] p6spy                                    : #1665377284644 | took 0ms | statement | connection 25| url jdbc:h2:mem:6a3784ae-1aa6-4bbf-b617-4d4aeabcc2af
update picture set spot_id=?, url=? where picture_id=?
update picture set spot_id=662, url='java.io.StringReader@6d200ba9' where picture_id=2437;
2022-10-10 13:48:04.644  INFO 3923 --- [    Test worker] p6spy                                    : #1665377284644 | took 0ms | statement | connection 25| url jdbc:h2:mem:6a3784ae-1aa6-4bbf-b617-4d4aeabcc2af
update picture set spot_id=?, url=? where picture_id=?
update picture set spot_id=662, url='java.io.StringReader@35a10a89' where picture_id=2438;
2022-10-10 13:48:04.644  INFO 3923 --- [    Test worker] p6spy                                    : #1665377284644 | took 0ms | statement | connection 25| url jdbc:h2:mem:6a3784ae-1aa6-4bbf-b617-4d4aeabcc2af
update picture set spot_id=?, url=? where picture_id=?
update picture set spot_id=662, url='java.io.StringReader@2b8aa331' where picture_id=2439;
2022-10-10 13:48:04.644  INFO 3923 --- [    Test worker] p6spy                                    : #1665377284644 | took 0ms | statement | connection 25| url jdbc:h2:mem:6a3784ae-1aa6-4bbf-b617-4d4aeabcc2af
update picture set spot_id=?, url=? where picture_id=?
update picture set spot_id=663, url='java.io.StringReader@7aaeaaf5' where picture_id=2441;
2022-10-10 13:48:04.644  INFO 3923 --- [    Test worker] p6spy                                    : #1665377284644 | took 0ms | statement | connection 25| url jdbc:h2:mem:6a3784ae-1aa6-4bbf-b617-4d4aeabcc2af
update picture set spot_id=?, url=? where picture_id=?
update picture set spot_id=663, url='java.io.StringReader@24ad6dc3' where picture_id=2442;
2022-10-10 13:48:04.645  INFO 3923 --- [    Test worker] p6spy                                    : #1665377284645 | took 0ms | statement | connection 25| url jdbc:h2:mem:6a3784ae-1aa6-4bbf-b617-4d4aeabcc2af
update picture set spot_id=?, url=? where picture_id=?
update picture set spot_id=663, url='java.io.StringReader@54b5f6b6' where picture_id=2443;
2022-10-10 13:48:04.645  INFO 3923 --- [    Test worker] p6spy                                    : #1665377284645 | took 0ms | statement | connection 25| url jdbc:h2:mem:6a3784ae-1aa6-4bbf-b617-4d4aeabcc2af
update picture set spot_id=?, url=? where picture_id=?
update picture set spot_id=664, url='java.io.StringReader@136a95a6' where picture_id=2445;
2022-10-10 13:48:04.645  INFO 3923 --- [    Test worker] p6spy                                    : #1665377284645 | took 0ms | statement | connection 25| url jdbc:h2:mem:6a3784ae-1aa6-4bbf-b617-4d4aeabcc2af
update picture set spot_id=?, url=? where picture_id=?
update picture set spot_id=664, url='java.io.StringReader@2ed22c69' where picture_id=2446;
2022-10-10 13:48:04.645  INFO 3923 --- [    Test worker] p6spy                                    : #1665377284645 | took 0ms | statement | connection 25| url jdbc:h2:mem:6a3784ae-1aa6-4bbf-b617-4d4aeabcc2af
update picture set spot_id=?, url=? where picture_id=?
update picture set spot_id=664, url='java.io.StringReader@5c779eb0' where picture_id=2447;
2022-10-10 13:48:04.645  INFO 3923 --- [    Test worker] p6spy                                    : #1665377284645 | took 0ms | statement | connection 25| url jdbc:h2:mem:6a3784ae-1aa6-4bbf-b617-4d4aeabcc2af
update picture set spot_id=?, url=? where picture_id=?
update picture set spot_id=665, url='java.io.StringReader@70a350fa' where picture_id=2449;
2022-10-10 13:48:04.645  INFO 3923 --- [    Test worker] p6spy                                    : #1665377284645 | took 0ms | statement | connection 25| url jdbc:h2:mem:6a3784ae-1aa6-4bbf-b617-4d4aeabcc2af
update picture set spot_id=?, url=? where picture_id=?
update picture set spot_id=665, url='java.io.StringReader@7a150f30' where picture_id=2450;
2022-10-10 13:48:04.645  INFO 3923 --- [    Test worker] p6spy                                    : #1665377284645 | took 0ms | statement | connection 25| url jdbc:h2:mem:6a3784ae-1aa6-4bbf-b617-4d4aeabcc2af
update picture set spot_id=?, url=? where picture_id=?
update picture set spot_id=665, url='java.io.StringReader@7a580fe' where picture_id=2451;
2022-10-10 13:48:04.645  INFO 3923 --- [    Test worker] p6spy                                    : #1665377284645 | took 0ms | statement | connection 25| url jdbc:h2:mem:6a3784ae-1aa6-4bbf-b617-4d4aeabcc2af
update picture set spot_id=?, url=? where picture_id=?
update picture set spot_id=666, url='java.io.StringReader@5f133db' where picture_id=2453;
2022-10-10 13:48:04.645  INFO 3923 --- [    Test worker] p6spy                                    : #1665377284645 | took 0ms | statement | connection 25| url jdbc:h2:mem:6a3784ae-1aa6-4bbf-b617-4d4aeabcc2af
update picture set spot_id=?, url=? where picture_id=?
update picture set spot_id=666, url='java.io.StringReader@dad8889' where picture_id=2454;
2022-10-10 13:48:04.645  INFO 3923 --- [    Test worker] p6spy                                    : #1665377284645 | took 0ms | statement | connection 25| url jdbc:h2:mem:6a3784ae-1aa6-4bbf-b617-4d4aeabcc2af
update picture set spot_id=?, url=? where picture_id=?
update picture set spot_id=666, url='java.io.StringReader@89dc632' where picture_id=2455;
2022-10-10 13:48:04.645  INFO 3923 --- [    Test worker] p6spy                                    : #1665377284645 | took 0ms | statement | connection 25| url jdbc:h2:mem:6a3784ae-1aa6-4bbf-b617-4d4aeabcc2af
update picture set spot_id=?, url=? where picture_id=?
update picture set spot_id=667, url='java.io.StringReader@5aa940d3' where picture_id=2457;
2022-10-10 13:48:04.645  INFO 3923 --- [    Test worker] p6spy                                    : #1665377284645 | took 0ms | statement | connection 25| url jdbc:h2:mem:6a3784ae-1aa6-4bbf-b617-4d4aeabcc2af
update picture set spot_id=?, url=? where picture_id=?
update picture set spot_id=667, url='java.io.StringReader@5c2cb0be' where picture_id=2458;
2022-10-10 13:48:04.645  INFO 3923 --- [    Test worker] p6spy                                    : #1665377284645 | took 0ms | statement | connection 25| url jdbc:h2:mem:6a3784ae-1aa6-4bbf-b617-4d4aeabcc2af
update picture set spot_id=?, url=? where picture_id=?
update picture set spot_id=667, url='java.io.StringReader@1c74eacb' where picture_id=2459;
2022-10-10 13:48:04.645  INFO 3923 --- [    Test worker] p6spy                                    : #1665377284645 | took 0ms | statement | connection 25| url jdbc:h2:mem:6a3784ae-1aa6-4bbf-b617-4d4aeabcc2af
update picture set spot_id=?, url=? where picture_id=?
update picture set spot_id=668, url='java.io.StringReader@45092f86' where picture_id=2461;
2022-10-10 13:48:04.645  INFO 3923 --- [    Test worker] p6spy                                    : #1665377284645 | took 0ms | statement | connection 25| url jdbc:h2:mem:6a3784ae-1aa6-4bbf-b617-4d4aeabcc2af
update picture set spot_id=?, url=? where picture_id=?
update picture set spot_id=668, url='java.io.StringReader@2b09242d' where picture_id=2462;
2022-10-10 13:48:04.645  INFO 3923 --- [    Test worker] p6spy                                    : #1665377284645 | took 0ms | statement | connection 25| url jdbc:h2:mem:6a3784ae-1aa6-4bbf-b617-4d4aeabcc2af
update picture set spot_id=?, url=? where picture_id=?
update picture set spot_id=668, url='java.io.StringReader@148649c9' where picture_id=2463;
2022-10-10 13:48:04.645  INFO 3923 --- [    Test worker] c.j.r.FavoriteSpotQueryRepositoryTest    : member1 = Member(id=18, username=member1, email=member1@gmail.com, password=1234)
2022-10-10 13:48:04.645  INFO 3923 --- [    Test worker] c.j.r.FavoriteSpotQueryRepositoryTest    : favoriteMain = Favorite(id=39, name=1일차)
2022-10-10 13:48:04.645  INFO 3923 --- [    Test worker] c.j.r.FavoriteSpotQueryRepositoryTest    : spots[0] = capstone.jejuTourrecommend.domain.Spot@65dad7aa
2022-10-10 13:48:04.645  INFO 3923 --- [    Test worker] c.j.r.FavoriteSpotQueryRepositoryTest    : favoriteSpots[0] = FavoriteSpot(id=421, count=0)
2022-10-10 13:48:04.646  INFO 3923 --- [    Test worker] c.j.r.FavoriteSpotQueryRepositoryTest    : favoriteCheck = Favorite(id=40, name=favorite)
2022-10-10 13:48:04.646  INFO 3923 --- [    Test worker] p6spy                                    : #1665377284646 | took 0ms | statement | connection 25| url jdbc:h2:mem:6a3784ae-1aa6-4bbf-b617-4d4aeabcc2af
insert into favorite (member_id, name, favorite_id) values (?, ?, ?)
insert into favorite (member_id, name, favorite_id) values (NULL, 'favorite', 40);
2022-10-10 13:48:04.646  INFO 3923 --- [    Test worker] p6spy                                    : #1665377284646 | took 0ms | statement | connection 25| url jdbc:h2:mem:6a3784ae-1aa6-4bbf-b617-4d4aeabcc2af
insert into favorite_spot (count, favorite_id, spot_id, favorite_spot_id) values (?, ?, ?, ?)
insert into favorite_spot (count, favorite_id, spot_id, favorite_spot_id) values (0, 40, NULL, 471);
2022-10-10 13:48:04.646  INFO 3923 --- [    Test worker] p6spy                                    : #1665377284646 | took 0ms | statement | connection 25| url jdbc:h2:mem:6a3784ae-1aa6-4bbf-b617-4d4aeabcc2af
insert into favorite_spot (count, favorite_id, spot_id, favorite_spot_id) values (?, ?, ?, ?)
insert into favorite_spot (count, favorite_id, spot_id, favorite_spot_id) values (0, 40, NULL, 472);
2022-10-10 13:48:04.646  INFO 3923 --- [    Test worker] p6spy                                    : #1665377284646 | took 0ms | statement | connection 25| url jdbc:h2:mem:6a3784ae-1aa6-4bbf-b617-4d4aeabcc2af
insert into favorite_spot (count, favorite_id, spot_id, favorite_spot_id) values (?, ?, ?, ?)
insert into favorite_spot (count, favorite_id, spot_id, favorite_spot_id) values (0, 40, NULL, 473);
2022-10-10 13:48:04.646  INFO 3923 --- [    Test worker] p6spy                                    : #1665377284646 | took 0ms | statement | connection 25| url jdbc:h2:mem:6a3784ae-1aa6-4bbf-b617-4d4aeabcc2af
insert into favorite_spot (count, favorite_id, spot_id, favorite_spot_id) values (?, ?, ?, ?)
insert into favorite_spot (count, favorite_id, spot_id, favorite_spot_id) values (0, 40, NULL, 474);
2022-10-10 13:48:04.646  INFO 3923 --- [    Test worker] p6spy                                    : #1665377284646 | took 0ms | statement | connection 25| url jdbc:h2:mem:6a3784ae-1aa6-4bbf-b617-4d4aeabcc2af
insert into favorite_spot (count, favorite_id, spot_id, favorite_spot_id) values (?, ?, ?, ?)
insert into favorite_spot (count, favorite_id, spot_id, favorite_spot_id) values (0, 40, NULL, 475);
2022-10-10 13:48:04.646  INFO 3923 --- [    Test worker] p6spy                                    : #1665377284646 | took 0ms | statement | connection 25| url jdbc:h2:mem:6a3784ae-1aa6-4bbf-b617-4d4aeabcc2af
insert into favorite_spot (count, favorite_id, spot_id, favorite_spot_id) values (?, ?, ?, ?)
insert into favorite_spot (count, favorite_id, spot_id, favorite_spot_id) values (0, 40, NULL, 476);
2022-10-10 13:48:04.647  INFO 3923 --- [    Test worker] p6spy                                    : #1665377284647 | took 0ms | statement | connection 25| url jdbc:h2:mem:6a3784ae-1aa6-4bbf-b617-4d4aeabcc2af
select favoritesp0_.favorite_spot_id as favorite1_1_, favoritesp0_.count as count2_1_, favoritesp0_.favorite_id as favorite3_1_, favoritesp0_.spot_id as spot_id4_1_ from favorite_spot favoritesp0_ left outer join favorite favorite1_ on favoritesp0_.favorite_id=favorite1_.favorite_id where favorite1_.favorite_id=?
select favoritesp0_.favorite_spot_id as favorite1_1_, favoritesp0_.count as count2_1_, favoritesp0_.favorite_id as favorite3_1_, favoritesp0_.spot_id as spot_id4_1_ from favorite_spot favoritesp0_ left outer join favorite favorite1_ on favoritesp0_.favorite_id=favorite1_.favorite_id where favorite1_.favorite_id=40;
2022-10-10 13:48:04.647  INFO 3923 --- [    Test worker] c.j.r.FavoriteSpotQueryRepositoryTest    : favoriteId = 40
2022-10-10 13:48:04.648  INFO 3923 --- [    Test worker] p6spy                                    : #1665377284648 | took 0ms | statement | connection 25| url jdbc:h2:mem:6a3784ae-1aa6-4bbf-b617-4d4aeabcc2af
delete from favorite_spot where favorite_id=?
delete from favorite_spot where favorite_id=40;
2022-10-10 13:48:04.648  INFO 3923 --- [    Test worker] p6spy                                    : #1665377284648 | took 0ms | statement | connection 25| url jdbc:h2:mem:6a3784ae-1aa6-4bbf-b617-4d4aeabcc2af
select favoritesp0_.favorite_spot_id as favorite1_1_, favoritesp0_.count as count2_1_, favoritesp0_.favorite_id as favorite3_1_, favoritesp0_.spot_id as spot_id4_1_ from favorite_spot favoritesp0_ left outer join favorite favorite1_ on favoritesp0_.favorite_id=favorite1_.favorite_id where favorite1_.favorite_id=?
select favoritesp0_.favorite_spot_id as favorite1_1_, favoritesp0_.count as count2_1_, favoritesp0_.favorite_id as favorite3_1_, favoritesp0_.spot_id as spot_id4_1_ from favorite_spot favoritesp0_ left outer join favorite favorite1_ on favoritesp0_.favorite_id=favorite1_.favorite_id where favorite1_.favorite_id=40;
2022-10-10 13:48:04.648  INFO 3923 --- [    Test worker] c.j.r.FavoriteSpotQueryRepositoryTest    : favoriteSpotList2 = []
2022-10-10 13:48:04.655  INFO 3923 --- [    Test worker] p6spy                                    : #1665377284655 | took 5ms | rollback | connection 25| url jdbc:h2:mem:6a3784ae-1aa6-4bbf-b617-4d4aeabcc2af

;
2022-10-10 13:48:04.655  INFO 3923 --- [    Test worker] o.s.t.c.transaction.TransactionContext   : Rolled back transaction for test: [DefaultTestContext@792484df testClass = FavoriteSpotQueryRepositoryTest, testInstance = capstone.jejuTourrecommend.repository.FavoriteSpotQueryRepositoryTest@58bb2ef8, testMethod = deleteFavoriteSpot@FavoriteSpotQueryRepositoryTest, testException = [null], mergedContextConfiguration = [WebMergedContextConfiguration@2efe360c testClass = FavoriteSpotQueryRepositoryTest, locations = '{}', classes = '{class capstone.jejuTourrecommend.JejuTourRecommendApplication}', contextInitializerClasses = '[]', activeProfiles = '{}', propertySourceLocations = '{}', propertySourceProperties = '{org.springframework.boot.test.context.SpringBootTestContextBootstrapper=true}', contextCustomizers = set[org.springframework.boot.test.autoconfigure.actuate.metrics.MetricsExportContextCustomizerFactory$DisableMetricExportContextCustomizer@239b0f9d, org.springframework.boot.test.autoconfigure.properties.PropertyMappingContextCustomizer@0, org.springframework.boot.test.autoconfigure.web.servlet.WebDriverContextCustomizerFactory$Customizer@c260bdc, org.springframework.boot.test.context.filter.ExcludeFilterContextCustomizer@3f363cf5, org.springframework.boot.test.json.DuplicateJsonObjectContextCustomizerFactory$DuplicateJsonObjectContextCustomizer@1bb1fde8, org.springframework.boot.test.mock.mockito.MockitoContextCustomizer@0, org.springframework.boot.test.web.client.TestRestTemplateContextCustomizer@26a4842b, org.springframework.boot.test.context.SpringBootTestArgs@1, org.springframework.boot.test.context.SpringBootTestWebEnvironment@34b9f960], resourceBasePath = 'src/main/webapp', contextLoader = 'org.springframework.boot.test.context.SpringBootContextLoader', parent = [null]], attributes = map['org.springframework.test.context.web.ServletTestExecutionListener.activateListener' -> true, 'org.springframework.test.context.web.ServletTestExecutionListener.populatedRequestContextHolder' -> true, 'org.springframework.test.context.web.ServletTestExecutionListener.resetRequestContextHolder' -> true, 'org.springframework.test.context.event.ApplicationEventsTestExecutionListener.recordApplicationEvents' -> false]]
2022-10-10 13:48:04.656  INFO 3923 --- [    Test worker] o.s.t.c.transaction.TransactionContext   : Began transaction (1) for test context [DefaultTestContext@792484df testClass = FavoriteSpotQueryRepositoryTest, testInstance = capstone.jejuTourrecommend.repository.FavoriteSpotQueryRepositoryTest@4c4e395e, testMethod = recommendSpotListTest@FavoriteSpotQueryRepositoryTest, testException = [null], mergedContextConfiguration = [WebMergedContextConfiguration@2efe360c testClass = FavoriteSpotQueryRepositoryTest, locations = '{}', classes = '{class capstone.jejuTourrecommend.JejuTourRecommendApplication}', contextInitializerClasses = '[]', activeProfiles = '{}', propertySourceLocations = '{}', propertySourceProperties = '{org.springframework.boot.test.context.SpringBootTestContextBootstrapper=true}', contextCustomizers = set[org.springframework.boot.test.autoconfigure.actuate.metrics.MetricsExportContextCustomizerFactory$DisableMetricExportContextCustomizer@239b0f9d, org.springframework.boot.test.autoconfigure.properties.PropertyMappingContextCustomizer@0, org.springframework.boot.test.autoconfigure.web.servlet.WebDriverContextCustomizerFactory$Customizer@c260bdc, org.springframework.boot.test.context.filter.ExcludeFilterContextCustomizer@3f363cf5, org.springframework.boot.test.json.DuplicateJsonObjectContextCustomizerFactory$DuplicateJsonObjectContextCustomizer@1bb1fde8, org.springframework.boot.test.mock.mockito.MockitoContextCustomizer@0, org.springframework.boot.test.web.client.TestRestTemplateContextCustomizer@26a4842b, org.springframework.boot.test.context.SpringBootTestArgs@1, org.springframework.boot.test.context.SpringBootTestWebEnvironment@34b9f960], resourceBasePath = 'src/main/webapp', contextLoader = 'org.springframework.boot.test.context.SpringBootContextLoader', parent = [null]], attributes = map['org.springframework.test.context.web.ServletTestExecutionListener.activateListener' -> true, 'org.springframework.test.context.web.ServletTestExecutionListener.populatedRequestContextHolder' -> true, 'org.springframework.test.context.web.ServletTestExecutionListener.resetRequestContextHolder' -> true, 'org.springframework.test.context.event.ApplicationEventsTestExecutionListener.recordApplicationEvents' -> false]]; transaction manager [org.springframework.orm.jpa.JpaTransactionManager@5843ab8]; rollback [true]
2022-10-10 13:48:04.657  INFO 3923 --- [    Test worker] c.j.r.FavoriteSpotQueryRepositoryTest    : member1 =Member(id=20, username=member1, email=member1@gmail.com, password=1234)
2022-10-10 13:48:04.658  INFO 3923 --- [    Test worker] p6spy                                    : #1665377284658 | took 0ms | statement | connection 26| url jdbc:h2:mem:6a3784ae-1aa6-4bbf-b617-4d4aeabcc2af
call next value for hibernate_sequence
call next value for hibernate_sequence;
2022-10-10 13:48:04.658  INFO 3923 --- [    Test worker] p6spy                                    : #1665377284658 | took 0ms | statement | connection 26| url jdbc:h2:mem:6a3784ae-1aa6-4bbf-b617-4d4aeabcc2af
call next value for hibernate_sequence
call next value for hibernate_sequence;
2022-10-10 13:48:04.658  INFO 3923 --- [    Test worker] p6spy                                    : #1665377284658 | took 0ms | statement | connection 26| url jdbc:h2:mem:6a3784ae-1aa6-4bbf-b617-4d4aeabcc2af
call next value for hibernate_sequence
call next value for hibernate_sequence;
2022-10-10 13:48:04.658  INFO 3923 --- [    Test worker] p6spy                                    : #1665377284658 | took 0ms | statement | connection 26| url jdbc:h2:mem:6a3784ae-1aa6-4bbf-b617-4d4aeabcc2af
call next value for hibernate_sequence
call next value for hibernate_sequence;
2022-10-10 13:48:04.658  INFO 3923 --- [    Test worker] c.j.r.FavoriteSpotQueryRepositoryTest    : favoriteSpot = FavoriteSpot(id=477, count=0)
2022-10-10 13:48:04.658  INFO 3923 --- [    Test worker] c.j.r.FavoriteSpotQueryRepositoryTest    : Spot = capstone.jejuTourrecommend.domain.Spot@39d7ee14
2022-10-10 13:48:04.658  INFO 3923 --- [    Test worker] p6spy                                    : #1665377284658 | took 0ms | statement | connection 26| url jdbc:h2:mem:6a3784ae-1aa6-4bbf-b617-4d4aeabcc2af
call next value for hibernate_sequence
call next value for hibernate_sequence;
2022-10-10 13:48:04.658  INFO 3923 --- [    Test worker] p6spy                                    : #1665377284658 | took 0ms | statement | connection 26| url jdbc:h2:mem:6a3784ae-1aa6-4bbf-b617-4d4aeabcc2af
call next value for hibernate_sequence
call next value for hibernate_sequence;
2022-10-10 13:48:04.658  INFO 3923 --- [    Test worker] p6spy                                    : #1665377284658 | took 0ms | statement | connection 26| url jdbc:h2:mem:6a3784ae-1aa6-4bbf-b617-4d4aeabcc2af
call next value for hibernate_sequence
call next value for hibernate_sequence;
2022-10-10 13:48:04.658  INFO 3923 --- [    Test worker] p6spy                                    : #1665377284658 | took 0ms | statement | connection 26| url jdbc:h2:mem:6a3784ae-1aa6-4bbf-b617-4d4aeabcc2af
call next value for hibernate_sequence
call next value for hibernate_sequence;
2022-10-10 13:48:04.658  INFO 3923 --- [    Test worker] p6spy                                    : #1665377284658 | took 0ms | statement | connection 26| url jdbc:h2:mem:6a3784ae-1aa6-4bbf-b617-4d4aeabcc2af
call next value for hibernate_sequence
call next value for hibernate_sequence;
2022-10-10 13:48:04.658  INFO 3923 --- [    Test worker] p6spy                                    : #1665377284658 | took 0ms | statement | connection 26| url jdbc:h2:mem:6a3784ae-1aa6-4bbf-b617-4d4aeabcc2af
call next value for hibernate_sequence
call next value for hibernate_sequence;
2022-10-10 13:48:04.658  INFO 3923 --- [    Test worker] p6spy                                    : #1665377284658 | took 0ms | statement | connection 26| url jdbc:h2:mem:6a3784ae-1aa6-4bbf-b617-4d4aeabcc2af
call next value for hibernate_sequence
call next value for hibernate_sequence;
2022-10-10 13:48:04.658  INFO 3923 --- [    Test worker] p6spy                                    : #1665377284658 | took 0ms | statement | connection 26| url jdbc:h2:mem:6a3784ae-1aa6-4bbf-b617-4d4aeabcc2af
call next value for hibernate_sequence
call next value for hibernate_sequence;
2022-10-10 13:48:04.658  INFO 3923 --- [    Test worker] c.j.r.FavoriteSpotQueryRepositoryTest    : favoriteSpot = FavoriteSpot(id=478, count=0)
2022-10-10 13:48:04.658  INFO 3923 --- [    Test worker] c.j.r.FavoriteSpotQueryRepositoryTest    : Spot = capstone.jejuTourrecommend.domain.Spot@3a38fea9
2022-10-10 13:48:04.658  INFO 3923 --- [    Test worker] p6spy                                    : #1665377284658 | took 0ms | statement | connection 26| url jdbc:h2:mem:6a3784ae-1aa6-4bbf-b617-4d4aeabcc2af
call next value for hibernate_sequence
call next value for hibernate_sequence;
2022-10-10 13:48:04.658  INFO 3923 --- [    Test worker] p6spy                                    : #1665377284658 | took 0ms | statement | connection 26| url jdbc:h2:mem:6a3784ae-1aa6-4bbf-b617-4d4aeabcc2af
call next value for hibernate_sequence
call next value for hibernate_sequence;
2022-10-10 13:48:04.658  INFO 3923 --- [    Test worker] p6spy                                    : #1665377284658 | took 0ms | statement | connection 26| url jdbc:h2:mem:6a3784ae-1aa6-4bbf-b617-4d4aeabcc2af
call next value for hibernate_sequence
call next value for hibernate_sequence;
2022-10-10 13:48:04.658  INFO 3923 --- [    Test worker] p6spy                                    : #1665377284658 | took 0ms | statement | connection 26| url jdbc:h2:mem:6a3784ae-1aa6-4bbf-b617-4d4aeabcc2af
call next value for hibernate_sequence
call next value for hibernate_sequence;
2022-10-10 13:48:04.658  INFO 3923 --- [    Test worker] p6spy                                    : #1665377284658 | took 0ms | statement | connection 26| url jdbc:h2:mem:6a3784ae-1aa6-4bbf-b617-4d4aeabcc2af
call next value for hibernate_sequence
call next value for hibernate_sequence;
2022-10-10 13:48:04.658  INFO 3923 --- [    Test worker] p6spy                                    : #1665377284658 | took 0ms | statement | connection 26| url jdbc:h2:mem:6a3784ae-1aa6-4bbf-b617-4d4aeabcc2af
call next value for hibernate_sequence
call next value for hibernate_sequence;
2022-10-10 13:48:04.658  INFO 3923 --- [    Test worker] p6spy                                    : #1665377284658 | took 0ms | statement | connection 26| url jdbc:h2:mem:6a3784ae-1aa6-4bbf-b617-4d4aeabcc2af
call next value for hibernate_sequence
call next value for hibernate_sequence;
2022-10-10 13:48:04.658  INFO 3923 --- [    Test worker] p6spy                                    : #1665377284658 | took 0ms | statement | connection 26| url jdbc:h2:mem:6a3784ae-1aa6-4bbf-b617-4d4aeabcc2af
call next value for hibernate_sequence
call next value for hibernate_sequence;
2022-10-10 13:48:04.658  INFO 3923 --- [    Test worker] c.j.r.FavoriteSpotQueryRepositoryTest    : favoriteSpot = FavoriteSpot(id=479, count=0)
2022-10-10 13:48:04.658  INFO 3923 --- [    Test worker] c.j.r.FavoriteSpotQueryRepositoryTest    : Spot = capstone.jejuTourrecommend.domain.Spot@61762b96
2022-10-10 13:48:04.658  INFO 3923 --- [    Test worker] p6spy                                    : #1665377284658 | took 0ms | statement | connection 26| url jdbc:h2:mem:6a3784ae-1aa6-4bbf-b617-4d4aeabcc2af
call next value for hibernate_sequence
call next value for hibernate_sequence;
2022-10-10 13:48:04.659  INFO 3923 --- [    Test worker] p6spy                                    : #1665377284659 | took 0ms | statement | connection 26| url jdbc:h2:mem:6a3784ae-1aa6-4bbf-b617-4d4aeabcc2af
call next value for hibernate_sequence
call next value for hibernate_sequence;
2022-10-10 13:48:04.659  INFO 3923 --- [    Test worker] p6spy                                    : #1665377284659 | took 0ms | statement | connection 26| url jdbc:h2:mem:6a3784ae-1aa6-4bbf-b617-4d4aeabcc2af
call next value for hibernate_sequence
call next value for hibernate_sequence;
2022-10-10 13:48:04.659  INFO 3923 --- [    Test worker] p6spy                                    : #1665377284659 | took 0ms | statement | connection 26| url jdbc:h2:mem:6a3784ae-1aa6-4bbf-b617-4d4aeabcc2af
call next value for hibernate_sequence
call next value for hibernate_sequence;
2022-10-10 13:48:04.659  INFO 3923 --- [    Test worker] p6spy                                    : #1665377284659 | took 0ms | statement | connection 26| url jdbc:h2:mem:6a3784ae-1aa6-4bbf-b617-4d4aeabcc2af
call next value for hibernate_sequence
call next value for hibernate_sequence;
2022-10-10 13:48:04.659  INFO 3923 --- [    Test worker] p6spy                                    : #1665377284659 | took 0ms | statement | connection 26| url jdbc:h2:mem:6a3784ae-1aa6-4bbf-b617-4d4aeabcc2af
call next value for hibernate_sequence
call next value for hibernate_sequence;
2022-10-10 13:48:04.659  INFO 3923 --- [    Test worker] p6spy                                    : #1665377284659 | took 0ms | statement | connection 26| url jdbc:h2:mem:6a3784ae-1aa6-4bbf-b617-4d4aeabcc2af
call next value for hibernate_sequence
call next value for hibernate_sequence;
2022-10-10 13:48:04.659  INFO 3923 --- [    Test worker] p6spy                                    : #1665377284659 | took 0ms | statement | connection 26| url jdbc:h2:mem:6a3784ae-1aa6-4bbf-b617-4d4aeabcc2af
call next value for hibernate_sequence
call next value for hibernate_sequence;
2022-10-10 13:48:04.659  INFO 3923 --- [    Test worker] c.j.r.FavoriteSpotQueryRepositoryTest    : favoriteSpot = FavoriteSpot(id=480, count=0)
2022-10-10 13:48:04.659  INFO 3923 --- [    Test worker] c.j.r.FavoriteSpotQueryRepositoryTest    : Spot = capstone.jejuTourrecommend.domain.Spot@348ef4c0
2022-10-10 13:48:04.659  INFO 3923 --- [    Test worker] p6spy                                    : #1665377284659 | took 0ms | statement | connection 26| url jdbc:h2:mem:6a3784ae-1aa6-4bbf-b617-4d4aeabcc2af
call next value for hibernate_sequence
call next value for hibernate_sequence;
2022-10-10 13:48:04.659  INFO 3923 --- [    Test worker] p6spy                                    : #1665377284659 | took 0ms | statement | connection 26| url jdbc:h2:mem:6a3784ae-1aa6-4bbf-b617-4d4aeabcc2af
call next value for hibernate_sequence
call next value for hibernate_sequence;
2022-10-10 13:48:04.659  INFO 3923 --- [    Test worker] p6spy                                    : #1665377284659 | took 0ms | statement | connection 26| url jdbc:h2:mem:6a3784ae-1aa6-4bbf-b617-4d4aeabcc2af
call next value for hibernate_sequence
call next value for hibernate_sequence;
2022-10-10 13:48:04.659  INFO 3923 --- [    Test worker] p6spy                                    : #1665377284659 | took 0ms | statement | connection 26| url jdbc:h2:mem:6a3784ae-1aa6-4bbf-b617-4d4aeabcc2af
call next value for hibernate_sequence
call next value for hibernate_sequence;
2022-10-10 13:48:04.659  INFO 3923 --- [    Test worker] p6spy                                    : #1665377284659 | took 0ms | statement | connection 26| url jdbc:h2:mem:6a3784ae-1aa6-4bbf-b617-4d4aeabcc2af
call next value for hibernate_sequence
call next value for hibernate_sequence;
2022-10-10 13:48:04.659  INFO 3923 --- [    Test worker] p6spy                                    : #1665377284659 | took 0ms | statement | connection 26| url jdbc:h2:mem:6a3784ae-1aa6-4bbf-b617-4d4aeabcc2af
call next value for hibernate_sequence
call next value for hibernate_sequence;
2022-10-10 13:48:04.659  INFO 3923 --- [    Test worker] p6spy                                    : #1665377284659 | took 0ms | statement | connection 26| url jdbc:h2:mem:6a3784ae-1aa6-4bbf-b617-4d4aeabcc2af
call next value for hibernate_sequence
call next value for hibernate_sequence;
2022-10-10 13:48:04.659  INFO 3923 --- [    Test worker] p6spy                                    : #1665377284659 | took 0ms | statement | connection 26| url jdbc:h2:mem:6a3784ae-1aa6-4bbf-b617-4d4aeabcc2af
call next value for hibernate_sequence
call next value for hibernate_sequence;
2022-10-10 13:48:04.659  INFO 3923 --- [    Test worker] c.j.r.FavoriteSpotQueryRepositoryTest    : favoriteSpot = FavoriteSpot(id=481, count=0)
2022-10-10 13:48:04.659  INFO 3923 --- [    Test worker] c.j.r.FavoriteSpotQueryRepositoryTest    : Spot = capstone.jejuTourrecommend.domain.Spot@23e56d45
2022-10-10 13:48:04.659  INFO 3923 --- [    Test worker] p6spy                                    : #1665377284659 | took 0ms | statement | connection 26| url jdbc:h2:mem:6a3784ae-1aa6-4bbf-b617-4d4aeabcc2af
call next value for hibernate_sequence
call next value for hibernate_sequence;
2022-10-10 13:48:04.659  INFO 3923 --- [    Test worker] p6spy                                    : #1665377284659 | took 0ms | statement | connection 26| url jdbc:h2:mem:6a3784ae-1aa6-4bbf-b617-4d4aeabcc2af
call next value for hibernate_sequence
call next value for hibernate_sequence;
2022-10-10 13:48:04.659  INFO 3923 --- [    Test worker] p6spy                                    : #1665377284659 | took 0ms | statement | connection 26| url jdbc:h2:mem:6a3784ae-1aa6-4bbf-b617-4d4aeabcc2af
call next value for hibernate_sequence
call next value for hibernate_sequence;
2022-10-10 13:48:04.659  INFO 3923 --- [    Test worker] p6spy                                    : #1665377284659 | took 0ms | statement | connection 26| url jdbc:h2:mem:6a3784ae-1aa6-4bbf-b617-4d4aeabcc2af
call next value for hibernate_sequence
call next value for hibernate_sequence;
2022-10-10 13:48:04.659  INFO 3923 --- [    Test worker] p6spy                                    : #1665377284659 | took 0ms | statement | connection 26| url jdbc:h2:mem:6a3784ae-1aa6-4bbf-b617-4d4aeabcc2af
call next value for hibernate_sequence
call next value for hibernate_sequence;
2022-10-10 13:48:04.659  INFO 3923 --- [    Test worker] p6spy                                    : #1665377284659 | took 0ms | statement | connection 26| url jdbc:h2:mem:6a3784ae-1aa6-4bbf-b617-4d4aeabcc2af
call next value for hibernate_sequence
call next value for hibernate_sequence;
2022-10-10 13:48:04.659  INFO 3923 --- [    Test worker] p6spy                                    : #1665377284659 | took 0ms | statement | connection 26| url jdbc:h2:mem:6a3784ae-1aa6-4bbf-b617-4d4aeabcc2af
call next value for hibernate_sequence
call next value for hibernate_sequence;
2022-10-10 13:48:04.659  INFO 3923 --- [    Test worker] p6spy                                    : #1665377284659 | took 0ms | statement | connection 26| url jdbc:h2:mem:6a3784ae-1aa6-4bbf-b617-4d4aeabcc2af
call next value for hibernate_sequence
call next value for hibernate_sequence;
2022-10-10 13:48:04.659  INFO 3923 --- [    Test worker] c.j.r.FavoriteSpotQueryRepositoryTest    : favoriteSpot = FavoriteSpot(id=482, count=0)
2022-10-10 13:48:04.659  INFO 3923 --- [    Test worker] c.j.r.FavoriteSpotQueryRepositoryTest    : Spot = capstone.jejuTourrecommend.domain.Spot@f8613bc
2022-10-10 13:48:04.659  INFO 3923 --- [    Test worker] p6spy                                    : #1665377284659 | took 0ms | statement | connection 26| url jdbc:h2:mem:6a3784ae-1aa6-4bbf-b617-4d4aeabcc2af
call next value for hibernate_sequence
call next value for hibernate_sequence;
2022-10-10 13:48:04.659  INFO 3923 --- [    Test worker] p6spy                                    : #1665377284659 | took 0ms | statement | connection 26| url jdbc:h2:mem:6a3784ae-1aa6-4bbf-b617-4d4aeabcc2af
call next value for hibernate_sequence
call next value for hibernate_sequence;
2022-10-10 13:48:04.659  INFO 3923 --- [    Test worker] p6spy                                    : #1665377284659 | took 0ms | statement | connection 26| url jdbc:h2:mem:6a3784ae-1aa6-4bbf-b617-4d4aeabcc2af
call next value for hibernate_sequence
call next value for hibernate_sequence;
2022-10-10 13:48:04.659  INFO 3923 --- [    Test worker] p6spy                                    : #1665377284659 | took 0ms | statement | connection 26| url jdbc:h2:mem:6a3784ae-1aa6-4bbf-b617-4d4aeabcc2af
call next value for hibernate_sequence
call next value for hibernate_sequence;
2022-10-10 13:48:04.659  INFO 3923 --- [    Test worker] p6spy                                    : #1665377284659 | took 0ms | statement | connection 26| url jdbc:h2:mem:6a3784ae-1aa6-4bbf-b617-4d4aeabcc2af
call next value for hibernate_sequence
call next value for hibernate_sequence;
2022-10-10 13:48:04.659  INFO 3923 --- [    Test worker] p6spy                                    : #1665377284659 | took 0ms | statement | connection 26| url jdbc:h2:mem:6a3784ae-1aa6-4bbf-b617-4d4aeabcc2af
call next value for hibernate_sequence
call next value for hibernate_sequence;
2022-10-10 13:48:04.659  INFO 3923 --- [    Test worker] p6spy                                    : #1665377284659 | took 0ms | statement | connection 26| url jdbc:h2:mem:6a3784ae-1aa6-4bbf-b617-4d4aeabcc2af
call next value for hibernate_sequence
call next value for hibernate_sequence;
2022-10-10 13:48:04.659  INFO 3923 --- [    Test worker] p6spy                                    : #1665377284659 | took 0ms | statement | connection 26| url jdbc:h2:mem:6a3784ae-1aa6-4bbf-b617-4d4aeabcc2af
call next value for hibernate_sequence
call next value for hibernate_sequence;
2022-10-10 13:48:04.659  INFO 3923 --- [    Test worker] c.j.r.FavoriteSpotQueryRepositoryTest    : favoriteSpot = FavoriteSpot(id=483, count=0)
2022-10-10 13:48:04.659  INFO 3923 --- [    Test worker] c.j.r.FavoriteSpotQueryRepositoryTest    : Spot = capstone.jejuTourrecommend.domain.Spot@70f96d97
2022-10-10 13:48:04.659  INFO 3923 --- [    Test worker] p6spy                                    : #1665377284659 | took 0ms | statement | connection 26| url jdbc:h2:mem:6a3784ae-1aa6-4bbf-b617-4d4aeabcc2af
call next value for hibernate_sequence
call next value for hibernate_sequence;
2022-10-10 13:48:04.659  INFO 3923 --- [    Test worker] p6spy                                    : #1665377284659 | took 0ms | statement | connection 26| url jdbc:h2:mem:6a3784ae-1aa6-4bbf-b617-4d4aeabcc2af
call next value for hibernate_sequence
call next value for hibernate_sequence;
2022-10-10 13:48:04.659  INFO 3923 --- [    Test worker] p6spy                                    : #1665377284659 | took 0ms | statement | connection 26| url jdbc:h2:mem:6a3784ae-1aa6-4bbf-b617-4d4aeabcc2af
call next value for hibernate_sequence
call next value for hibernate_sequence;
2022-10-10 13:48:04.660  INFO 3923 --- [    Test worker] p6spy                                    : #1665377284660 | took 0ms | statement | connection 26| url jdbc:h2:mem:6a3784ae-1aa6-4bbf-b617-4d4aeabcc2af
call next value for hibernate_sequence
call next value for hibernate_sequence;
2022-10-10 13:48:04.660  INFO 3923 --- [    Test worker] p6spy                                    : #1665377284660 | took 0ms | statement | connection 26| url jdbc:h2:mem:6a3784ae-1aa6-4bbf-b617-4d4aeabcc2af
call next value for hibernate_sequence
call next value for hibernate_sequence;
2022-10-10 13:48:04.660  INFO 3923 --- [    Test worker] p6spy                                    : #1665377284660 | took 0ms | statement | connection 26| url jdbc:h2:mem:6a3784ae-1aa6-4bbf-b617-4d4aeabcc2af
call next value for hibernate_sequence
call next value for hibernate_sequence;
2022-10-10 13:48:04.660  INFO 3923 --- [    Test worker] p6spy                                    : #1665377284660 | took 0ms | statement | connection 26| url jdbc:h2:mem:6a3784ae-1aa6-4bbf-b617-4d4aeabcc2af
call next value for hibernate_sequence
call next value for hibernate_sequence;
2022-10-10 13:48:04.660  INFO 3923 --- [    Test worker] p6spy                                    : #1665377284660 | took 0ms | statement | connection 26| url jdbc:h2:mem:6a3784ae-1aa6-4bbf-b617-4d4aeabcc2af
call next value for hibernate_sequence
call next value for hibernate_sequence;
2022-10-10 13:48:04.660  INFO 3923 --- [    Test worker] c.j.r.FavoriteSpotQueryRepositoryTest    : favoriteSpot = FavoriteSpot(id=484, count=0)
2022-10-10 13:48:04.660  INFO 3923 --- [    Test worker] c.j.r.FavoriteSpotQueryRepositoryTest    : Spot = capstone.jejuTourrecommend.domain.Spot@29c04e62
2022-10-10 13:48:04.660  INFO 3923 --- [    Test worker] p6spy                                    : #1665377284660 | took 0ms | statement | connection 26| url jdbc:h2:mem:6a3784ae-1aa6-4bbf-b617-4d4aeabcc2af
call next value for hibernate_sequence
call next value for hibernate_sequence;
2022-10-10 13:48:04.660  INFO 3923 --- [    Test worker] p6spy                                    : #1665377284660 | took 0ms | statement | connection 26| url jdbc:h2:mem:6a3784ae-1aa6-4bbf-b617-4d4aeabcc2af
call next value for hibernate_sequence
call next value for hibernate_sequence;
2022-10-10 13:48:04.660  INFO 3923 --- [    Test worker] p6spy                                    : #1665377284660 | took 0ms | statement | connection 26| url jdbc:h2:mem:6a3784ae-1aa6-4bbf-b617-4d4aeabcc2af
call next value for hibernate_sequence
call next value for hibernate_sequence;
2022-10-10 13:48:04.660  INFO 3923 --- [    Test worker] p6spy                                    : #1665377284660 | took 0ms | statement | connection 26| url jdbc:h2:mem:6a3784ae-1aa6-4bbf-b617-4d4aeabcc2af
call next value for hibernate_sequence
call next value for hibernate_sequence;
2022-10-10 13:48:04.660  INFO 3923 --- [    Test worker] p6spy                                    : #1665377284660 | took 0ms | statement | connection 26| url jdbc:h2:mem:6a3784ae-1aa6-4bbf-b617-4d4aeabcc2af
call next value for hibernate_sequence
call next value for hibernate_sequence;
2022-10-10 13:48:04.660  INFO 3923 --- [    Test worker] p6spy                                    : #1665377284660 | took 0ms | statement | connection 26| url jdbc:h2:mem:6a3784ae-1aa6-4bbf-b617-4d4aeabcc2af
call next value for hibernate_sequence
call next value for hibernate_sequence;
2022-10-10 13:48:04.660  INFO 3923 --- [    Test worker] p6spy                                    : #1665377284660 | took 0ms | statement | connection 26| url jdbc:h2:mem:6a3784ae-1aa6-4bbf-b617-4d4aeabcc2af
call next value for hibernate_sequence
call next value for hibernate_sequence;
2022-10-10 13:48:04.660  INFO 3923 --- [    Test worker] p6spy                                    : #1665377284660 | took 0ms | statement | connection 26| url jdbc:h2:mem:6a3784ae-1aa6-4bbf-b617-4d4aeabcc2af
call next value for hibernate_sequence
call next value for hibernate_sequence;
2022-10-10 13:48:04.660  INFO 3923 --- [    Test worker] c.j.r.FavoriteSpotQueryRepositoryTest    : favoriteSpot = FavoriteSpot(id=485, count=0)
2022-10-10 13:48:04.660  INFO 3923 --- [    Test worker] c.j.r.FavoriteSpotQueryRepositoryTest    : Spot = capstone.jejuTourrecommend.domain.Spot@7d3b22f8
2022-10-10 13:48:04.660  INFO 3923 --- [    Test worker] p6spy                                    : #1665377284660 | took 0ms | statement | connection 26| url jdbc:h2:mem:6a3784ae-1aa6-4bbf-b617-4d4aeabcc2af
call next value for hibernate_sequence
call next value for hibernate_sequence;
2022-10-10 13:48:04.660  INFO 3923 --- [    Test worker] p6spy                                    : #1665377284660 | took 0ms | statement | connection 26| url jdbc:h2:mem:6a3784ae-1aa6-4bbf-b617-4d4aeabcc2af
call next value for hibernate_sequence
call next value for hibernate_sequence;
2022-10-10 13:48:04.660  INFO 3923 --- [    Test worker] p6spy                                    : #1665377284660 | took 0ms | statement | connection 26| url jdbc:h2:mem:6a3784ae-1aa6-4bbf-b617-4d4aeabcc2af
call next value for hibernate_sequence
call next value for hibernate_sequence;
2022-10-10 13:48:04.660  INFO 3923 --- [    Test worker] p6spy                                    : #1665377284660 | took 0ms | statement | connection 26| url jdbc:h2:mem:6a3784ae-1aa6-4bbf-b617-4d4aeabcc2af
call next value for hibernate_sequence
call next value for hibernate_sequence;
2022-10-10 13:48:04.660  INFO 3923 --- [    Test worker] p6spy                                    : #1665377284660 | took 0ms | statement | connection 26| url jdbc:h2:mem:6a3784ae-1aa6-4bbf-b617-4d4aeabcc2af
call next value for hibernate_sequence
call next value for hibernate_sequence;
2022-10-10 13:48:04.660  INFO 3923 --- [    Test worker] p6spy                                    : #1665377284660 | took 0ms | statement | connection 26| url jdbc:h2:mem:6a3784ae-1aa6-4bbf-b617-4d4aeabcc2af
call next value for hibernate_sequence
call next value for hibernate_sequence;
2022-10-10 13:48:04.660  INFO 3923 --- [    Test worker] p6spy                                    : #1665377284660 | took 0ms | statement | connection 26| url jdbc:h2:mem:6a3784ae-1aa6-4bbf-b617-4d4aeabcc2af
call next value for hibernate_sequence
call next value for hibernate_sequence;
2022-10-10 13:48:04.660  INFO 3923 --- [    Test worker] p6spy                                    : #1665377284660 | took 0ms | statement | connection 26| url jdbc:h2:mem:6a3784ae-1aa6-4bbf-b617-4d4aeabcc2af
call next value for hibernate_sequence
call next value for hibernate_sequence;
2022-10-10 13:48:04.660  INFO 3923 --- [    Test worker] c.j.r.FavoriteSpotQueryRepositoryTest    : favoriteSpot = FavoriteSpot(id=486, count=0)
2022-10-10 13:48:04.660  INFO 3923 --- [    Test worker] c.j.r.FavoriteSpotQueryRepositoryTest    : Spot = capstone.jejuTourrecommend.domain.Spot@4c82e13
2022-10-10 13:48:04.660  INFO 3923 --- [    Test worker] p6spy                                    : #1665377284660 | took 0ms | statement | connection 26| url jdbc:h2:mem:6a3784ae-1aa6-4bbf-b617-4d4aeabcc2af
call next value for hibernate_sequence
call next value for hibernate_sequence;
2022-10-10 13:48:04.660  INFO 3923 --- [    Test worker] p6spy                                    : #1665377284660 | took 0ms | statement | connection 26| url jdbc:h2:mem:6a3784ae-1aa6-4bbf-b617-4d4aeabcc2af
call next value for hibernate_sequence
call next value for hibernate_sequence;
2022-10-10 13:48:04.660  INFO 3923 --- [    Test worker] p6spy                                    : #1665377284660 | took 0ms | statement | connection 26| url jdbc:h2:mem:6a3784ae-1aa6-4bbf-b617-4d4aeabcc2af
call next value for hibernate_sequence
call next value for hibernate_sequence;
2022-10-10 13:48:04.660  INFO 3923 --- [    Test worker] p6spy                                    : #1665377284660 | took 0ms | statement | connection 26| url jdbc:h2:mem:6a3784ae-1aa6-4bbf-b617-4d4aeabcc2af
call next value for hibernate_sequence
call next value for hibernate_sequence;
2022-10-10 13:48:04.660  INFO 3923 --- [    Test worker] p6spy                                    : #1665377284660 | took 0ms | statement | connection 26| url jdbc:h2:mem:6a3784ae-1aa6-4bbf-b617-4d4aeabcc2af
call next value for hibernate_sequence
call next value for hibernate_sequence;
2022-10-10 13:48:04.660  INFO 3923 --- [    Test worker] p6spy                                    : #1665377284660 | took 0ms | statement | connection 26| url jdbc:h2:mem:6a3784ae-1aa6-4bbf-b617-4d4aeabcc2af
call next value for hibernate_sequence
call next value for hibernate_sequence;
2022-10-10 13:48:04.660  INFO 3923 --- [    Test worker] p6spy                                    : #1665377284660 | took 0ms | statement | connection 26| url jdbc:h2:mem:6a3784ae-1aa6-4bbf-b617-4d4aeabcc2af
call next value for hibernate_sequence
call next value for hibernate_sequence;
2022-10-10 13:48:04.660  INFO 3923 --- [    Test worker] p6spy                                    : #1665377284660 | took 0ms | statement | connection 26| url jdbc:h2:mem:6a3784ae-1aa6-4bbf-b617-4d4aeabcc2af
call next value for hibernate_sequence
call next value for hibernate_sequence;
2022-10-10 13:48:04.660  INFO 3923 --- [    Test worker] c.j.r.FavoriteSpotQueryRepositoryTest    : favoriteSpot = FavoriteSpot(id=487, count=0)
2022-10-10 13:48:04.660  INFO 3923 --- [    Test worker] c.j.r.FavoriteSpotQueryRepositoryTest    : Spot = capstone.jejuTourrecommend.domain.Spot@1e285e84
2022-10-10 13:48:04.661  INFO 3923 --- [    Test worker] p6spy                                    : #1665377284661 | took 0ms | statement | connection 26| url jdbc:h2:mem:6a3784ae-1aa6-4bbf-b617-4d4aeabcc2af
call next value for hibernate_sequence
call next value for hibernate_sequence;
2022-10-10 13:48:04.661  INFO 3923 --- [    Test worker] p6spy                                    : #1665377284661 | took 0ms | statement | connection 26| url jdbc:h2:mem:6a3784ae-1aa6-4bbf-b617-4d4aeabcc2af
call next value for hibernate_sequence
call next value for hibernate_sequence;
2022-10-10 13:48:04.661  INFO 3923 --- [    Test worker] p6spy                                    : #1665377284661 | took 0ms | statement | connection 26| url jdbc:h2:mem:6a3784ae-1aa6-4bbf-b617-4d4aeabcc2af
call next value for hibernate_sequence
call next value for hibernate_sequence;
2022-10-10 13:48:04.661  INFO 3923 --- [    Test worker] p6spy                                    : #1665377284661 | took 0ms | statement | connection 26| url jdbc:h2:mem:6a3784ae-1aa6-4bbf-b617-4d4aeabcc2af
call next value for hibernate_sequence
call next value for hibernate_sequence;
2022-10-10 13:48:04.661  INFO 3923 --- [    Test worker] p6spy                                    : #1665377284661 | took 0ms | statement | connection 26| url jdbc:h2:mem:6a3784ae-1aa6-4bbf-b617-4d4aeabcc2af
call next value for hibernate_sequence
call next value for hibernate_sequence;
2022-10-10 13:48:04.661  INFO 3923 --- [    Test worker] p6spy                                    : #1665377284661 | took 0ms | statement | connection 26| url jdbc:h2:mem:6a3784ae-1aa6-4bbf-b617-4d4aeabcc2af
call next value for hibernate_sequence
call next value for hibernate_sequence;
2022-10-10 13:48:04.661  INFO 3923 --- [    Test worker] p6spy                                    : #1665377284661 | took 0ms | statement | connection 26| url jdbc:h2:mem:6a3784ae-1aa6-4bbf-b617-4d4aeabcc2af
call next value for hibernate_sequence
call next value for hibernate_sequence;
2022-10-10 13:48:04.661  INFO 3923 --- [    Test worker] p6spy                                    : #1665377284661 | took 0ms | statement | connection 26| url jdbc:h2:mem:6a3784ae-1aa6-4bbf-b617-4d4aeabcc2af
call next value for hibernate_sequence
call next value for hibernate_sequence;
2022-10-10 13:48:04.661  INFO 3923 --- [    Test worker] c.j.r.FavoriteSpotQueryRepositoryTest    : favoriteSpot = FavoriteSpot(id=488, count=0)
2022-10-10 13:48:04.661  INFO 3923 --- [    Test worker] c.j.r.FavoriteSpotQueryRepositoryTest    : Spot = capstone.jejuTourrecommend.domain.Spot@585444b
2022-10-10 13:48:04.661  INFO 3923 --- [    Test worker] p6spy                                    : #1665377284661 | took 0ms | statement | connection 26| url jdbc:h2:mem:6a3784ae-1aa6-4bbf-b617-4d4aeabcc2af
call next value for hibernate_sequence
call next value for hibernate_sequence;
2022-10-10 13:48:04.661  INFO 3923 --- [    Test worker] p6spy                                    : #1665377284661 | took 0ms | statement | connection 26| url jdbc:h2:mem:6a3784ae-1aa6-4bbf-b617-4d4aeabcc2af
call next value for hibernate_sequence
call next value for hibernate_sequence;
2022-10-10 13:48:04.661  INFO 3923 --- [    Test worker] p6spy                                    : #1665377284661 | took 0ms | statement | connection 26| url jdbc:h2:mem:6a3784ae-1aa6-4bbf-b617-4d4aeabcc2af
call next value for hibernate_sequence
call next value for hibernate_sequence;
2022-10-10 13:48:04.661  INFO 3923 --- [    Test worker] p6spy                                    : #1665377284661 | took 0ms | statement | connection 26| url jdbc:h2:mem:6a3784ae-1aa6-4bbf-b617-4d4aeabcc2af
call next value for hibernate_sequence
call next value for hibernate_sequence;
2022-10-10 13:48:04.661  INFO 3923 --- [    Test worker] p6spy                                    : #1665377284661 | took 0ms | statement | connection 26| url jdbc:h2:mem:6a3784ae-1aa6-4bbf-b617-4d4aeabcc2af
call next value for hibernate_sequence
call next value for hibernate_sequence;
2022-10-10 13:48:04.661  INFO 3923 --- [    Test worker] p6spy                                    : #1665377284661 | took 0ms | statement | connection 26| url jdbc:h2:mem:6a3784ae-1aa6-4bbf-b617-4d4aeabcc2af
call next value for hibernate_sequence
call next value for hibernate_sequence;
2022-10-10 13:48:04.661  INFO 3923 --- [    Test worker] p6spy                                    : #1665377284661 | took 0ms | statement | connection 26| url jdbc:h2:mem:6a3784ae-1aa6-4bbf-b617-4d4aeabcc2af
call next value for hibernate_sequence
call next value for hibernate_sequence;
2022-10-10 13:48:04.661  INFO 3923 --- [    Test worker] p6spy                                    : #1665377284661 | took 0ms | statement | connection 26| url jdbc:h2:mem:6a3784ae-1aa6-4bbf-b617-4d4aeabcc2af
call next value for hibernate_sequence
call next value for hibernate_sequence;
2022-10-10 13:48:04.661  INFO 3923 --- [    Test worker] c.j.r.FavoriteSpotQueryRepositoryTest    : favoriteSpot = FavoriteSpot(id=489, count=0)
2022-10-10 13:48:04.661  INFO 3923 --- [    Test worker] c.j.r.FavoriteSpotQueryRepositoryTest    : Spot = capstone.jejuTourrecommend.domain.Spot@3ca1bfcc
2022-10-10 13:48:04.661  INFO 3923 --- [    Test worker] p6spy                                    : #1665377284661 | took 0ms | statement | connection 26| url jdbc:h2:mem:6a3784ae-1aa6-4bbf-b617-4d4aeabcc2af
call next value for hibernate_sequence
call next value for hibernate_sequence;
2022-10-10 13:48:04.661  INFO 3923 --- [    Test worker] p6spy                                    : #1665377284661 | took 0ms | statement | connection 26| url jdbc:h2:mem:6a3784ae-1aa6-4bbf-b617-4d4aeabcc2af
call next value for hibernate_sequence
call next value for hibernate_sequence;
2022-10-10 13:48:04.661  INFO 3923 --- [    Test worker] p6spy                                    : #1665377284661 | took 0ms | statement | connection 26| url jdbc:h2:mem:6a3784ae-1aa6-4bbf-b617-4d4aeabcc2af
call next value for hibernate_sequence
call next value for hibernate_sequence;
2022-10-10 13:48:04.661  INFO 3923 --- [    Test worker] p6spy                                    : #1665377284661 | took 0ms | statement | connection 26| url jdbc:h2:mem:6a3784ae-1aa6-4bbf-b617-4d4aeabcc2af
call next value for hibernate_sequence
call next value for hibernate_sequence;
2022-10-10 13:48:04.661  INFO 3923 --- [    Test worker] p6spy                                    : #1665377284661 | took 0ms | statement | connection 26| url jdbc:h2:mem:6a3784ae-1aa6-4bbf-b617-4d4aeabcc2af
call next value for hibernate_sequence
call next value for hibernate_sequence;
2022-10-10 13:48:04.661  INFO 3923 --- [    Test worker] p6spy                                    : #1665377284661 | took 0ms | statement | connection 26| url jdbc:h2:mem:6a3784ae-1aa6-4bbf-b617-4d4aeabcc2af
call next value for hibernate_sequence
call next value for hibernate_sequence;
2022-10-10 13:48:04.661  INFO 3923 --- [    Test worker] p6spy                                    : #1665377284661 | took 0ms | statement | connection 26| url jdbc:h2:mem:6a3784ae-1aa6-4bbf-b617-4d4aeabcc2af
call next value for hibernate_sequence
call next value for hibernate_sequence;
2022-10-10 13:48:04.661  INFO 3923 --- [    Test worker] p6spy                                    : #1665377284661 | took 0ms | statement | connection 26| url jdbc:h2:mem:6a3784ae-1aa6-4bbf-b617-4d4aeabcc2af
call next value for hibernate_sequence
call next value for hibernate_sequence;
2022-10-10 13:48:04.661  INFO 3923 --- [    Test worker] c.j.r.FavoriteSpotQueryRepositoryTest    : favoriteSpot = FavoriteSpot(id=490, count=0)
2022-10-10 13:48:04.661  INFO 3923 --- [    Test worker] c.j.r.FavoriteSpotQueryRepositoryTest    : Spot = capstone.jejuTourrecommend.domain.Spot@66d258cc
2022-10-10 13:48:04.661  INFO 3923 --- [    Test worker] p6spy                                    : #1665377284661 | took 0ms | statement | connection 26| url jdbc:h2:mem:6a3784ae-1aa6-4bbf-b617-4d4aeabcc2af
call next value for hibernate_sequence
call next value for hibernate_sequence;
2022-10-10 13:48:04.661  INFO 3923 --- [    Test worker] p6spy                                    : #1665377284661 | took 0ms | statement | connection 26| url jdbc:h2:mem:6a3784ae-1aa6-4bbf-b617-4d4aeabcc2af
call next value for hibernate_sequence
call next value for hibernate_sequence;
2022-10-10 13:48:04.661  INFO 3923 --- [    Test worker] p6spy                                    : #1665377284661 | took 0ms | statement | connection 26| url jdbc:h2:mem:6a3784ae-1aa6-4bbf-b617-4d4aeabcc2af
call next value for hibernate_sequence
call next value for hibernate_sequence;
2022-10-10 13:48:04.661  INFO 3923 --- [    Test worker] p6spy                                    : #1665377284661 | took 0ms | statement | connection 26| url jdbc:h2:mem:6a3784ae-1aa6-4bbf-b617-4d4aeabcc2af
call next value for hibernate_sequence
call next value for hibernate_sequence;
2022-10-10 13:48:04.661  INFO 3923 --- [    Test worker] p6spy                                    : #1665377284661 | took 0ms | statement | connection 26| url jdbc:h2:mem:6a3784ae-1aa6-4bbf-b617-4d4aeabcc2af
call next value for hibernate_sequence
call next value for hibernate_sequence;
2022-10-10 13:48:04.661  INFO 3923 --- [    Test worker] p6spy                                    : #1665377284661 | took 0ms | statement | connection 26| url jdbc:h2:mem:6a3784ae-1aa6-4bbf-b617-4d4aeabcc2af
call next value for hibernate_sequence
call next value for hibernate_sequence;
2022-10-10 13:48:04.661  INFO 3923 --- [    Test worker] p6spy                                    : #1665377284661 | took 0ms | statement | connection 26| url jdbc:h2:mem:6a3784ae-1aa6-4bbf-b617-4d4aeabcc2af
call next value for hibernate_sequence
call next value for hibernate_sequence;
2022-10-10 13:48:04.661  INFO 3923 --- [    Test worker] p6spy                                    : #1665377284661 | took 0ms | statement | connection 26| url jdbc:h2:mem:6a3784ae-1aa6-4bbf-b617-4d4aeabcc2af
call next value for hibernate_sequence
call next value for hibernate_sequence;
2022-10-10 13:48:04.661  INFO 3923 --- [    Test worker] c.j.r.FavoriteSpotQueryRepositoryTest    : favoriteSpot = FavoriteSpot(id=491, count=0)
2022-10-10 13:48:04.661  INFO 3923 --- [    Test worker] c.j.r.FavoriteSpotQueryRepositoryTest    : Spot = capstone.jejuTourrecommend.domain.Spot@63a22cf1
2022-10-10 13:48:04.661  INFO 3923 --- [    Test worker] p6spy                                    : #1665377284661 | took 0ms | statement | connection 26| url jdbc:h2:mem:6a3784ae-1aa6-4bbf-b617-4d4aeabcc2af
call next value for hibernate_sequence
call next value for hibernate_sequence;
2022-10-10 13:48:04.661  INFO 3923 --- [    Test worker] p6spy                                    : #1665377284661 | took 0ms | statement | connection 26| url jdbc:h2:mem:6a3784ae-1aa6-4bbf-b617-4d4aeabcc2af
call next value for hibernate_sequence
call next value for hibernate_sequence;
2022-10-10 13:48:04.661  INFO 3923 --- [    Test worker] p6spy                                    : #1665377284661 | took 0ms | statement | connection 26| url jdbc:h2:mem:6a3784ae-1aa6-4bbf-b617-4d4aeabcc2af
call next value for hibernate_sequence
call next value for hibernate_sequence;
2022-10-10 13:48:04.661  INFO 3923 --- [    Test worker] p6spy                                    : #1665377284661 | took 0ms | statement | connection 26| url jdbc:h2:mem:6a3784ae-1aa6-4bbf-b617-4d4aeabcc2af
call next value for hibernate_sequence
call next value for hibernate_sequence;
2022-10-10 13:48:04.662  INFO 3923 --- [    Test worker] p6spy                                    : #1665377284662 | took 0ms | statement | connection 26| url jdbc:h2:mem:6a3784ae-1aa6-4bbf-b617-4d4aeabcc2af
call next value for hibernate_sequence
call next value for hibernate_sequence;
2022-10-10 13:48:04.662  INFO 3923 --- [    Test worker] p6spy                                    : #1665377284662 | took 0ms | statement | connection 26| url jdbc:h2:mem:6a3784ae-1aa6-4bbf-b617-4d4aeabcc2af
call next value for hibernate_sequence
call next value for hibernate_sequence;
2022-10-10 13:48:04.662  INFO 3923 --- [    Test worker] p6spy                                    : #1665377284662 | took 0ms | statement | connection 26| url jdbc:h2:mem:6a3784ae-1aa6-4bbf-b617-4d4aeabcc2af
call next value for hibernate_sequence
call next value for hibernate_sequence;
2022-10-10 13:48:04.662  INFO 3923 --- [    Test worker] p6spy                                    : #1665377284662 | took 0ms | statement | connection 26| url jdbc:h2:mem:6a3784ae-1aa6-4bbf-b617-4d4aeabcc2af
call next value for hibernate_sequence
call next value for hibernate_sequence;
2022-10-10 13:48:04.662  INFO 3923 --- [    Test worker] c.j.r.FavoriteSpotQueryRepositoryTest    : favoriteSpot = FavoriteSpot(id=492, count=0)
2022-10-10 13:48:04.662  INFO 3923 --- [    Test worker] c.j.r.FavoriteSpotQueryRepositoryTest    : Spot = capstone.jejuTourrecommend.domain.Spot@8f4cb26
2022-10-10 13:48:04.662  INFO 3923 --- [    Test worker] p6spy                                    : #1665377284662 | took 0ms | statement | connection 26| url jdbc:h2:mem:6a3784ae-1aa6-4bbf-b617-4d4aeabcc2af
call next value for hibernate_sequence
call next value for hibernate_sequence;
2022-10-10 13:48:04.662  INFO 3923 --- [    Test worker] p6spy                                    : #1665377284662 | took 0ms | statement | connection 26| url jdbc:h2:mem:6a3784ae-1aa6-4bbf-b617-4d4aeabcc2af
call next value for hibernate_sequence
call next value for hibernate_sequence;
2022-10-10 13:48:04.662  INFO 3923 --- [    Test worker] p6spy                                    : #1665377284662 | took 0ms | statement | connection 26| url jdbc:h2:mem:6a3784ae-1aa6-4bbf-b617-4d4aeabcc2af
call next value for hibernate_sequence
call next value for hibernate_sequence;
2022-10-10 13:48:04.662  INFO 3923 --- [    Test worker] p6spy                                    : #1665377284662 | took 0ms | statement | connection 26| url jdbc:h2:mem:6a3784ae-1aa6-4bbf-b617-4d4aeabcc2af
call next value for hibernate_sequence
call next value for hibernate_sequence;
2022-10-10 13:48:04.662  INFO 3923 --- [    Test worker] p6spy                                    : #1665377284662 | took 0ms | statement | connection 26| url jdbc:h2:mem:6a3784ae-1aa6-4bbf-b617-4d4aeabcc2af
call next value for hibernate_sequence
call next value for hibernate_sequence;
2022-10-10 13:48:04.662  INFO 3923 --- [    Test worker] p6spy                                    : #1665377284662 | took 0ms | statement | connection 26| url jdbc:h2:mem:6a3784ae-1aa6-4bbf-b617-4d4aeabcc2af
call next value for hibernate_sequence
call next value for hibernate_sequence;
2022-10-10 13:48:04.662  INFO 3923 --- [    Test worker] p6spy                                    : #1665377284662 | took 0ms | statement | connection 26| url jdbc:h2:mem:6a3784ae-1aa6-4bbf-b617-4d4aeabcc2af
call next value for hibernate_sequence
call next value for hibernate_sequence;
2022-10-10 13:48:04.662  INFO 3923 --- [    Test worker] p6spy                                    : #1665377284662 | took 0ms | statement | connection 26| url jdbc:h2:mem:6a3784ae-1aa6-4bbf-b617-4d4aeabcc2af
call next value for hibernate_sequence
call next value for hibernate_sequence;
2022-10-10 13:48:04.662  INFO 3923 --- [    Test worker] c.j.r.FavoriteSpotQueryRepositoryTest    : favoriteSpot = FavoriteSpot(id=493, count=0)
2022-10-10 13:48:04.662  INFO 3923 --- [    Test worker] c.j.r.FavoriteSpotQueryRepositoryTest    : Spot = capstone.jejuTourrecommend.domain.Spot@3ddff8de
2022-10-10 13:48:04.662  INFO 3923 --- [    Test worker] p6spy                                    : #1665377284662 | took 0ms | statement | connection 26| url jdbc:h2:mem:6a3784ae-1aa6-4bbf-b617-4d4aeabcc2af
call next value for hibernate_sequence
call next value for hibernate_sequence;
2022-10-10 13:48:04.662  INFO 3923 --- [    Test worker] p6spy                                    : #1665377284662 | took 0ms | statement | connection 26| url jdbc:h2:mem:6a3784ae-1aa6-4bbf-b617-4d4aeabcc2af
call next value for hibernate_sequence
call next value for hibernate_sequence;
2022-10-10 13:48:04.662  INFO 3923 --- [    Test worker] p6spy                                    : #1665377284662 | took 0ms | statement | connection 26| url jdbc:h2:mem:6a3784ae-1aa6-4bbf-b617-4d4aeabcc2af
call next value for hibernate_sequence
call next value for hibernate_sequence;
2022-10-10 13:48:04.662  INFO 3923 --- [    Test worker] p6spy                                    : #1665377284662 | took 0ms | statement | connection 26| url jdbc:h2:mem:6a3784ae-1aa6-4bbf-b617-4d4aeabcc2af
call next value for spot_seq
call next value for spot_seq;
2022-10-10 13:48:04.662  INFO 3923 --- [    Test worker] p6spy                                    : #1665377284662 | took 0ms | statement | connection 26| url jdbc:h2:mem:6a3784ae-1aa6-4bbf-b617-4d4aeabcc2af
call next value for hibernate_sequence
call next value for hibernate_sequence;
2022-10-10 13:48:04.662  INFO 3923 --- [    Test worker] p6spy                                    : #1665377284662 | took 0ms | statement | connection 26| url jdbc:h2:mem:6a3784ae-1aa6-4bbf-b617-4d4aeabcc2af
call next value for hibernate_sequence
call next value for hibernate_sequence;
2022-10-10 13:48:04.662  INFO 3923 --- [    Test worker] p6spy                                    : #1665377284662 | took 0ms | statement | connection 26| url jdbc:h2:mem:6a3784ae-1aa6-4bbf-b617-4d4aeabcc2af
call next value for hibernate_sequence
call next value for hibernate_sequence;
2022-10-10 13:48:04.662  INFO 3923 --- [    Test worker] p6spy                                    : #1665377284662 | took 0ms | statement | connection 26| url jdbc:h2:mem:6a3784ae-1aa6-4bbf-b617-4d4aeabcc2af
call next value for hibernate_sequence
call next value for hibernate_sequence;
2022-10-10 13:48:04.662  INFO 3923 --- [    Test worker] p6spy                                    : #1665377284662 | took 0ms | statement | connection 26| url jdbc:h2:mem:6a3784ae-1aa6-4bbf-b617-4d4aeabcc2af
call next value for hibernate_sequence
call next value for hibernate_sequence;
2022-10-10 13:48:04.662  INFO 3923 --- [    Test worker] c.j.r.FavoriteSpotQueryRepositoryTest    : favoriteSpot = FavoriteSpot(id=494, count=0)
2022-10-10 13:48:04.662  INFO 3923 --- [    Test worker] c.j.r.FavoriteSpotQueryRepositoryTest    : Spot = capstone.jejuTourrecommend.domain.Spot@29d55215
2022-10-10 13:48:04.662  INFO 3923 --- [    Test worker] p6spy                                    : #1665377284662 | took 0ms | statement | connection 26| url jdbc:h2:mem:6a3784ae-1aa6-4bbf-b617-4d4aeabcc2af
call next value for hibernate_sequence
call next value for hibernate_sequence;
2022-10-10 13:48:04.662  INFO 3923 --- [    Test worker] p6spy                                    : #1665377284662 | took 0ms | statement | connection 26| url jdbc:h2:mem:6a3784ae-1aa6-4bbf-b617-4d4aeabcc2af
call next value for hibernate_sequence
call next value for hibernate_sequence;
2022-10-10 13:48:04.662  INFO 3923 --- [    Test worker] p6spy                                    : #1665377284662 | took 0ms | statement | connection 26| url jdbc:h2:mem:6a3784ae-1aa6-4bbf-b617-4d4aeabcc2af
call next value for hibernate_sequence
call next value for hibernate_sequence;
2022-10-10 13:48:04.662  INFO 3923 --- [    Test worker] p6spy                                    : #1665377284662 | took 0ms | statement | connection 26| url jdbc:h2:mem:6a3784ae-1aa6-4bbf-b617-4d4aeabcc2af
call next value for hibernate_sequence
call next value for hibernate_sequence;
2022-10-10 13:48:04.662  INFO 3923 --- [    Test worker] p6spy                                    : #1665377284662 | took 0ms | statement | connection 26| url jdbc:h2:mem:6a3784ae-1aa6-4bbf-b617-4d4aeabcc2af
call next value for hibernate_sequence
call next value for hibernate_sequence;
2022-10-10 13:48:04.662  INFO 3923 --- [    Test worker] p6spy                                    : #1665377284662 | took 0ms | statement | connection 26| url jdbc:h2:mem:6a3784ae-1aa6-4bbf-b617-4d4aeabcc2af
call next value for hibernate_sequence
call next value for hibernate_sequence;
2022-10-10 13:48:04.662  INFO 3923 --- [    Test worker] p6spy                                    : #1665377284662 | took 0ms | statement | connection 26| url jdbc:h2:mem:6a3784ae-1aa6-4bbf-b617-4d4aeabcc2af
call next value for hibernate_sequence
call next value for hibernate_sequence;
2022-10-10 13:48:04.662  INFO 3923 --- [    Test worker] p6spy                                    : #1665377284662 | took 0ms | statement | connection 26| url jdbc:h2:mem:6a3784ae-1aa6-4bbf-b617-4d4aeabcc2af
call next value for hibernate_sequence
call next value for hibernate_sequence;
2022-10-10 13:48:04.662  INFO 3923 --- [    Test worker] c.j.r.FavoriteSpotQueryRepositoryTest    : favoriteSpot = FavoriteSpot(id=495, count=0)
2022-10-10 13:48:04.662  INFO 3923 --- [    Test worker] c.j.r.FavoriteSpotQueryRepositoryTest    : Spot = capstone.jejuTourrecommend.domain.Spot@3c9b5da7
2022-10-10 13:48:04.662  INFO 3923 --- [    Test worker] p6spy                                    : #1665377284662 | took 0ms | statement | connection 26| url jdbc:h2:mem:6a3784ae-1aa6-4bbf-b617-4d4aeabcc2af
call next value for hibernate_sequence
call next value for hibernate_sequence;
2022-10-10 13:48:04.662  INFO 3923 --- [    Test worker] p6spy                                    : #1665377284662 | took 0ms | statement | connection 26| url jdbc:h2:mem:6a3784ae-1aa6-4bbf-b617-4d4aeabcc2af
call next value for hibernate_sequence
call next value for hibernate_sequence;
2022-10-10 13:48:04.663  INFO 3923 --- [    Test worker] p6spy                                    : #1665377284663 | took 0ms | statement | connection 26| url jdbc:h2:mem:6a3784ae-1aa6-4bbf-b617-4d4aeabcc2af
call next value for hibernate_sequence
call next value for hibernate_sequence;
2022-10-10 13:48:04.663  INFO 3923 --- [    Test worker] p6spy                                    : #1665377284663 | took 0ms | statement | connection 26| url jdbc:h2:mem:6a3784ae-1aa6-4bbf-b617-4d4aeabcc2af
call next value for hibernate_sequence
call next value for hibernate_sequence;
2022-10-10 13:48:04.663  INFO 3923 --- [    Test worker] p6spy                                    : #1665377284663 | took 0ms | statement | connection 26| url jdbc:h2:mem:6a3784ae-1aa6-4bbf-b617-4d4aeabcc2af
call next value for hibernate_sequence
call next value for hibernate_sequence;
2022-10-10 13:48:04.663  INFO 3923 --- [    Test worker] p6spy                                    : #1665377284663 | took 0ms | statement | connection 26| url jdbc:h2:mem:6a3784ae-1aa6-4bbf-b617-4d4aeabcc2af
call next value for hibernate_sequence
call next value for hibernate_sequence;
2022-10-10 13:48:04.663  INFO 3923 --- [    Test worker] p6spy                                    : #1665377284663 | took 0ms | statement | connection 26| url jdbc:h2:mem:6a3784ae-1aa6-4bbf-b617-4d4aeabcc2af
call next value for hibernate_sequence
call next value for hibernate_sequence;
2022-10-10 13:48:04.663  INFO 3923 --- [    Test worker] p6spy                                    : #1665377284663 | took 0ms | statement | connection 26| url jdbc:h2:mem:6a3784ae-1aa6-4bbf-b617-4d4aeabcc2af
call next value for hibernate_sequence
call next value for hibernate_sequence;
2022-10-10 13:48:04.663  INFO 3923 --- [    Test worker] c.j.r.FavoriteSpotQueryRepositoryTest    : favoriteSpot = FavoriteSpot(id=496, count=0)
2022-10-10 13:48:04.663  INFO 3923 --- [    Test worker] c.j.r.FavoriteSpotQueryRepositoryTest    : Spot = capstone.jejuTourrecommend.domain.Spot@61b2879b
2022-10-10 13:48:04.663  INFO 3923 --- [    Test worker] p6spy                                    : #1665377284663 | took 0ms | statement | connection 26| url jdbc:h2:mem:6a3784ae-1aa6-4bbf-b617-4d4aeabcc2af
call next value for hibernate_sequence
call next value for hibernate_sequence;
2022-10-10 13:48:04.663  INFO 3923 --- [    Test worker] p6spy                                    : #1665377284663 | took 0ms | statement | connection 26| url jdbc:h2:mem:6a3784ae-1aa6-4bbf-b617-4d4aeabcc2af
call next value for hibernate_sequence
call next value for hibernate_sequence;
2022-10-10 13:48:04.663  INFO 3923 --- [    Test worker] p6spy                                    : #1665377284663 | took 0ms | statement | connection 26| url jdbc:h2:mem:6a3784ae-1aa6-4bbf-b617-4d4aeabcc2af
call next value for hibernate_sequence
call next value for hibernate_sequence;
2022-10-10 13:48:04.663  INFO 3923 --- [    Test worker] p6spy                                    : #1665377284663 | took 0ms | statement | connection 26| url jdbc:h2:mem:6a3784ae-1aa6-4bbf-b617-4d4aeabcc2af
call next value for hibernate_sequence
call next value for hibernate_sequence;
2022-10-10 13:48:04.663  INFO 3923 --- [    Test worker] p6spy                                    : #1665377284663 | took 0ms | statement | connection 26| url jdbc:h2:mem:6a3784ae-1aa6-4bbf-b617-4d4aeabcc2af
call next value for hibernate_sequence
call next value for hibernate_sequence;
2022-10-10 13:48:04.663  INFO 3923 --- [    Test worker] p6spy                                    : #1665377284663 | took 0ms | statement | connection 26| url jdbc:h2:mem:6a3784ae-1aa6-4bbf-b617-4d4aeabcc2af
call next value for hibernate_sequence
call next value for hibernate_sequence;
2022-10-10 13:48:04.663  INFO 3923 --- [    Test worker] p6spy                                    : #1665377284663 | took 0ms | statement | connection 26| url jdbc:h2:mem:6a3784ae-1aa6-4bbf-b617-4d4aeabcc2af
call next value for hibernate_sequence
call next value for hibernate_sequence;
2022-10-10 13:48:04.663  INFO 3923 --- [    Test worker] p6spy                                    : #1665377284663 | took 0ms | statement | connection 26| url jdbc:h2:mem:6a3784ae-1aa6-4bbf-b617-4d4aeabcc2af
call next value for hibernate_sequence
call next value for hibernate_sequence;
2022-10-10 13:48:04.663  INFO 3923 --- [    Test worker] c.j.r.FavoriteSpotQueryRepositoryTest    : favoriteSpot = FavoriteSpot(id=497, count=0)
2022-10-10 13:48:04.663  INFO 3923 --- [    Test worker] c.j.r.FavoriteSpotQueryRepositoryTest    : Spot = capstone.jejuTourrecommend.domain.Spot@69f69592
2022-10-10 13:48:04.663  INFO 3923 --- [    Test worker] p6spy                                    : #1665377284663 | took 0ms | statement | connection 26| url jdbc:h2:mem:6a3784ae-1aa6-4bbf-b617-4d4aeabcc2af
call next value for hibernate_sequence
call next value for hibernate_sequence;
2022-10-10 13:48:04.663  INFO 3923 --- [    Test worker] p6spy                                    : #1665377284663 | took 0ms | statement | connection 26| url jdbc:h2:mem:6a3784ae-1aa6-4bbf-b617-4d4aeabcc2af
call next value for hibernate_sequence
call next value for hibernate_sequence;
2022-10-10 13:48:04.663  INFO 3923 --- [    Test worker] p6spy                                    : #1665377284663 | took 0ms | statement | connection 26| url jdbc:h2:mem:6a3784ae-1aa6-4bbf-b617-4d4aeabcc2af
call next value for hibernate_sequence
call next value for hibernate_sequence;
2022-10-10 13:48:04.663  INFO 3923 --- [    Test worker] p6spy                                    : #1665377284663 | took 0ms | statement | connection 26| url jdbc:h2:mem:6a3784ae-1aa6-4bbf-b617-4d4aeabcc2af
call next value for hibernate_sequence
call next value for hibernate_sequence;
2022-10-10 13:48:04.663  INFO 3923 --- [    Test worker] p6spy                                    : #1665377284663 | took 0ms | statement | connection 26| url jdbc:h2:mem:6a3784ae-1aa6-4bbf-b617-4d4aeabcc2af
call next value for hibernate_sequence
call next value for hibernate_sequence;
2022-10-10 13:48:04.663  INFO 3923 --- [    Test worker] p6spy                                    : #1665377284663 | took 0ms | statement | connection 26| url jdbc:h2:mem:6a3784ae-1aa6-4bbf-b617-4d4aeabcc2af
call next value for hibernate_sequence
call next value for hibernate_sequence;
2022-10-10 13:48:04.663  INFO 3923 --- [    Test worker] p6spy                                    : #1665377284663 | took 0ms | statement | connection 26| url jdbc:h2:mem:6a3784ae-1aa6-4bbf-b617-4d4aeabcc2af
call next value for hibernate_sequence
call next value for hibernate_sequence;
2022-10-10 13:48:04.663  INFO 3923 --- [    Test worker] p6spy                                    : #1665377284663 | took 0ms | statement | connection 26| url jdbc:h2:mem:6a3784ae-1aa6-4bbf-b617-4d4aeabcc2af
call next value for hibernate_sequence
call next value for hibernate_sequence;
2022-10-10 13:48:04.663  INFO 3923 --- [    Test worker] c.j.r.FavoriteSpotQueryRepositoryTest    : favoriteSpot = FavoriteSpot(id=498, count=0)
2022-10-10 13:48:04.663  INFO 3923 --- [    Test worker] c.j.r.FavoriteSpotQueryRepositoryTest    : Spot = capstone.jejuTourrecommend.domain.Spot@7f69b0d3
2022-10-10 13:48:04.663  INFO 3923 --- [    Test worker] p6spy                                    : #1665377284663 | took 0ms | statement | connection 26| url jdbc:h2:mem:6a3784ae-1aa6-4bbf-b617-4d4aeabcc2af
call next value for hibernate_sequence
call next value for hibernate_sequence;
2022-10-10 13:48:04.663  INFO 3923 --- [    Test worker] p6spy                                    : #1665377284663 | took 0ms | statement | connection 26| url jdbc:h2:mem:6a3784ae-1aa6-4bbf-b617-4d4aeabcc2af
call next value for hibernate_sequence
call next value for hibernate_sequence;
2022-10-10 13:48:04.663  INFO 3923 --- [    Test worker] p6spy                                    : #1665377284663 | took 0ms | statement | connection 26| url jdbc:h2:mem:6a3784ae-1aa6-4bbf-b617-4d4aeabcc2af
call next value for hibernate_sequence
call next value for hibernate_sequence;
2022-10-10 13:48:04.663  INFO 3923 --- [    Test worker] p6spy                                    : #1665377284663 | took 0ms | statement | connection 26| url jdbc:h2:mem:6a3784ae-1aa6-4bbf-b617-4d4aeabcc2af
call next value for hibernate_sequence
call next value for hibernate_sequence;
2022-10-10 13:48:04.663  INFO 3923 --- [    Test worker] p6spy                                    : #1665377284663 | took 0ms | statement | connection 26| url jdbc:h2:mem:6a3784ae-1aa6-4bbf-b617-4d4aeabcc2af
call next value for hibernate_sequence
call next value for hibernate_sequence;
2022-10-10 13:48:04.663  INFO 3923 --- [    Test worker] p6spy                                    : #1665377284663 | took 0ms | statement | connection 26| url jdbc:h2:mem:6a3784ae-1aa6-4bbf-b617-4d4aeabcc2af
call next value for hibernate_sequence
call next value for hibernate_sequence;
2022-10-10 13:48:04.663  INFO 3923 --- [    Test worker] p6spy                                    : #1665377284663 | took 0ms | statement | connection 26| url jdbc:h2:mem:6a3784ae-1aa6-4bbf-b617-4d4aeabcc2af
call next value for hibernate_sequence
call next value for hibernate_sequence;
2022-10-10 13:48:04.664  INFO 3923 --- [    Test worker] p6spy                                    : #1665377284664 | took 0ms | statement | connection 26| url jdbc:h2:mem:6a3784ae-1aa6-4bbf-b617-4d4aeabcc2af
call next value for hibernate_sequence
call next value for hibernate_sequence;
2022-10-10 13:48:04.664  INFO 3923 --- [    Test worker] c.j.r.FavoriteSpotQueryRepositoryTest    : favoriteSpot = FavoriteSpot(id=499, count=0)
2022-10-10 13:48:04.664  INFO 3923 --- [    Test worker] c.j.r.FavoriteSpotQueryRepositoryTest    : Spot = capstone.jejuTourrecommend.domain.Spot@564b1227
2022-10-10 13:48:04.664  INFO 3923 --- [    Test worker] p6spy                                    : #1665377284664 | took 0ms | statement | connection 26| url jdbc:h2:mem:6a3784ae-1aa6-4bbf-b617-4d4aeabcc2af
call next value for hibernate_sequence
call next value for hibernate_sequence;
2022-10-10 13:48:04.664  INFO 3923 --- [    Test worker] p6spy                                    : #1665377284664 | took 0ms | statement | connection 26| url jdbc:h2:mem:6a3784ae-1aa6-4bbf-b617-4d4aeabcc2af
call next value for hibernate_sequence
call next value for hibernate_sequence;
2022-10-10 13:48:04.664  INFO 3923 --- [    Test worker] p6spy                                    : #1665377284664 | took 0ms | statement | connection 26| url jdbc:h2:mem:6a3784ae-1aa6-4bbf-b617-4d4aeabcc2af
call next value for hibernate_sequence
call next value for hibernate_sequence;
2022-10-10 13:48:04.664  INFO 3923 --- [    Test worker] p6spy                                    : #1665377284664 | took 0ms | statement | connection 26| url jdbc:h2:mem:6a3784ae-1aa6-4bbf-b617-4d4aeabcc2af
call next value for hibernate_sequence
call next value for hibernate_sequence;
2022-10-10 13:48:04.664  INFO 3923 --- [    Test worker] p6spy                                    : #1665377284664 | took 0ms | statement | connection 26| url jdbc:h2:mem:6a3784ae-1aa6-4bbf-b617-4d4aeabcc2af
call next value for hibernate_sequence
call next value for hibernate_sequence;
2022-10-10 13:48:04.664  INFO 3923 --- [    Test worker] p6spy                                    : #1665377284664 | took 0ms | statement | connection 26| url jdbc:h2:mem:6a3784ae-1aa6-4bbf-b617-4d4aeabcc2af
call next value for hibernate_sequence
call next value for hibernate_sequence;
2022-10-10 13:48:04.664  INFO 3923 --- [    Test worker] p6spy                                    : #1665377284664 | took 0ms | statement | connection 26| url jdbc:h2:mem:6a3784ae-1aa6-4bbf-b617-4d4aeabcc2af
call next value for hibernate_sequence
call next value for hibernate_sequence;
2022-10-10 13:48:04.664  INFO 3923 --- [    Test worker] p6spy                                    : #1665377284664 | took 0ms | statement | connection 26| url jdbc:h2:mem:6a3784ae-1aa6-4bbf-b617-4d4aeabcc2af
call next value for hibernate_sequence
call next value for hibernate_sequence;
2022-10-10 13:48:04.664  INFO 3923 --- [    Test worker] c.j.r.FavoriteSpotQueryRepositoryTest    : favoriteSpot = FavoriteSpot(id=500, count=0)
2022-10-10 13:48:04.664  INFO 3923 --- [    Test worker] c.j.r.FavoriteSpotQueryRepositoryTest    : Spot = capstone.jejuTourrecommend.domain.Spot@21bf3ae3
2022-10-10 13:48:04.664  INFO 3923 --- [    Test worker] p6spy                                    : #1665377284664 | took 0ms | statement | connection 26| url jdbc:h2:mem:6a3784ae-1aa6-4bbf-b617-4d4aeabcc2af
call next value for hibernate_sequence
call next value for hibernate_sequence;
2022-10-10 13:48:04.664  INFO 3923 --- [    Test worker] p6spy                                    : #1665377284664 | took 0ms | statement | connection 26| url jdbc:h2:mem:6a3784ae-1aa6-4bbf-b617-4d4aeabcc2af
call next value for hibernate_sequence
call next value for hibernate_sequence;
2022-10-10 13:48:04.664  INFO 3923 --- [    Test worker] p6spy                                    : #1665377284664 | took 0ms | statement | connection 26| url jdbc:h2:mem:6a3784ae-1aa6-4bbf-b617-4d4aeabcc2af
call next value for hibernate_sequence
call next value for hibernate_sequence;
2022-10-10 13:48:04.664  INFO 3923 --- [    Test worker] p6spy                                    : #1665377284664 | took 0ms | statement | connection 26| url jdbc:h2:mem:6a3784ae-1aa6-4bbf-b617-4d4aeabcc2af
call next value for hibernate_sequence
call next value for hibernate_sequence;
2022-10-10 13:48:04.664  INFO 3923 --- [    Test worker] p6spy                                    : #1665377284664 | took 0ms | statement | connection 26| url jdbc:h2:mem:6a3784ae-1aa6-4bbf-b617-4d4aeabcc2af
call next value for review_seq
call next value for review_seq;
2022-10-10 13:48:04.664  INFO 3923 --- [    Test worker] p6spy                                    : #1665377284664 | took 0ms | statement | connection 26| url jdbc:h2:mem:6a3784ae-1aa6-4bbf-b617-4d4aeabcc2af
call next value for hibernate_sequence
call next value for hibernate_sequence;
2022-10-10 13:48:04.664  INFO 3923 --- [    Test worker] p6spy                                    : #1665377284664 | took 0ms | statement | connection 26| url jdbc:h2:mem:6a3784ae-1aa6-4bbf-b617-4d4aeabcc2af
call next value for hibernate_sequence
call next value for hibernate_sequence;
2022-10-10 13:48:04.664  INFO 3923 --- [    Test worker] p6spy                                    : #1665377284664 | took 0ms | statement | connection 26| url jdbc:h2:mem:6a3784ae-1aa6-4bbf-b617-4d4aeabcc2af
call next value for hibernate_sequence
call next value for hibernate_sequence;
2022-10-10 13:48:04.664  INFO 3923 --- [    Test worker] p6spy                                    : #1665377284664 | took 0ms | statement | connection 26| url jdbc:h2:mem:6a3784ae-1aa6-4bbf-b617-4d4aeabcc2af
call next value for hibernate_sequence
call next value for hibernate_sequence;
2022-10-10 13:48:04.664  INFO 3923 --- [    Test worker] c.j.r.FavoriteSpotQueryRepositoryTest    : favoriteSpot = FavoriteSpot(id=501, count=0)
2022-10-10 13:48:04.664  INFO 3923 --- [    Test worker] c.j.r.FavoriteSpotQueryRepositoryTest    : Spot = capstone.jejuTourrecommend.domain.Spot@1269c5fb
2022-10-10 13:48:04.664  INFO 3923 --- [    Test worker] p6spy                                    : #1665377284664 | took 0ms | statement | connection 26| url jdbc:h2:mem:6a3784ae-1aa6-4bbf-b617-4d4aeabcc2af
call next value for score_seq
call next value for score_seq;
2022-10-10 13:48:04.664  INFO 3923 --- [    Test worker] p6spy                                    : #1665377284664 | took 0ms | statement | connection 26| url jdbc:h2:mem:6a3784ae-1aa6-4bbf-b617-4d4aeabcc2af
call next value for hibernate_sequence
call next value for hibernate_sequence;
2022-10-10 13:48:04.664  INFO 3923 --- [    Test worker] p6spy                                    : #1665377284664 | took 0ms | statement | connection 26| url jdbc:h2:mem:6a3784ae-1aa6-4bbf-b617-4d4aeabcc2af
call next value for hibernate_sequence
call next value for hibernate_sequence;
2022-10-10 13:48:04.664  INFO 3923 --- [    Test worker] p6spy                                    : #1665377284664 | took 0ms | statement | connection 26| url jdbc:h2:mem:6a3784ae-1aa6-4bbf-b617-4d4aeabcc2af
call next value for hibernate_sequence
call next value for hibernate_sequence;
2022-10-10 13:48:04.664  INFO 3923 --- [    Test worker] p6spy                                    : #1665377284664 | took 0ms | statement | connection 26| url jdbc:h2:mem:6a3784ae-1aa6-4bbf-b617-4d4aeabcc2af
call next value for hibernate_sequence
call next value for hibernate_sequence;
2022-10-10 13:48:04.664  INFO 3923 --- [    Test worker] p6spy                                    : #1665377284664 | took 0ms | statement | connection 26| url jdbc:h2:mem:6a3784ae-1aa6-4bbf-b617-4d4aeabcc2af
call next value for hibernate_sequence
call next value for hibernate_sequence;
2022-10-10 13:48:04.664  INFO 3923 --- [    Test worker] p6spy                                    : #1665377284664 | took 0ms | statement | connection 26| url jdbc:h2:mem:6a3784ae-1aa6-4bbf-b617-4d4aeabcc2af
call next value for hibernate_sequence
call next value for hibernate_sequence;
2022-10-10 13:48:04.664  INFO 3923 --- [    Test worker] p6spy                                    : #1665377284664 | took 0ms | statement | connection 26| url jdbc:h2:mem:6a3784ae-1aa6-4bbf-b617-4d4aeabcc2af
call next value for hibernate_sequence
call next value for hibernate_sequence;
2022-10-10 13:48:04.664  INFO 3923 --- [    Test worker] p6spy                                    : #1665377284664 | took 0ms | statement | connection 26| url jdbc:h2:mem:6a3784ae-1aa6-4bbf-b617-4d4aeabcc2af
call next value for hibernate_sequence
call next value for hibernate_sequence;
2022-10-10 13:48:04.664  INFO 3923 --- [    Test worker] p6spy                                    : #1665377284664 | took 0ms | statement | connection 26| url jdbc:h2:mem:6a3784ae-1aa6-4bbf-b617-4d4aeabcc2af
call next value for favoritespot_seq
call next value for favoritespot_seq;
2022-10-10 13:48:04.664  INFO 3923 --- [    Test worker] c.j.r.FavoriteSpotQueryRepositoryTest    : favoriteSpot = FavoriteSpot(id=502, count=0)
2022-10-10 13:48:04.664  INFO 3923 --- [    Test worker] c.j.r.FavoriteSpotQueryRepositoryTest    : Spot = capstone.jejuTourrecommend.domain.Spot@101c9c6b
2022-10-10 13:48:04.664  INFO 3923 --- [    Test worker] p6spy                                    : #1665377284664 | took 0ms | statement | connection 26| url jdbc:h2:mem:6a3784ae-1aa6-4bbf-b617-4d4aeabcc2af
call next value for hibernate_sequence
call next value for hibernate_sequence;
2022-10-10 13:48:04.664  INFO 3923 --- [    Test worker] p6spy                                    : #1665377284664 | took 0ms | statement | connection 26| url jdbc:h2:mem:6a3784ae-1aa6-4bbf-b617-4d4aeabcc2af
call next value for hibernate_sequence
call next value for hibernate_sequence;
2022-10-10 13:48:04.664  INFO 3923 --- [    Test worker] p6spy                                    : #1665377284664 | took 0ms | statement | connection 26| url jdbc:h2:mem:6a3784ae-1aa6-4bbf-b617-4d4aeabcc2af
call next value for hibernate_sequence
call next value for hibernate_sequence;
2022-10-10 13:48:04.664  INFO 3923 --- [    Test worker] p6spy                                    : #1665377284664 | took 0ms | statement | connection 26| url jdbc:h2:mem:6a3784ae-1aa6-4bbf-b617-4d4aeabcc2af
call next value for hibernate_sequence
call next value for hibernate_sequence;
2022-10-10 13:48:04.664  INFO 3923 --- [    Test worker] p6spy                                    : #1665377284664 | took 0ms | statement | connection 26| url jdbc:h2:mem:6a3784ae-1aa6-4bbf-b617-4d4aeabcc2af
call next value for hibernate_sequence
call next value for hibernate_sequence;
2022-10-10 13:48:04.664  INFO 3923 --- [    Test worker] p6spy                                    : #1665377284664 | took 0ms | statement | connection 26| url jdbc:h2:mem:6a3784ae-1aa6-4bbf-b617-4d4aeabcc2af
call next value for hibernate_sequence
call next value for hibernate_sequence;
2022-10-10 13:48:04.664  INFO 3923 --- [    Test worker] p6spy                                    : #1665377284664 | took 0ms | statement | connection 26| url jdbc:h2:mem:6a3784ae-1aa6-4bbf-b617-4d4aeabcc2af
call next value for hibernate_sequence
call next value for hibernate_sequence;
2022-10-10 13:48:04.664  INFO 3923 --- [    Test worker] p6spy                                    : #1665377284664 | took 0ms | statement | connection 26| url jdbc:h2:mem:6a3784ae-1aa6-4bbf-b617-4d4aeabcc2af
call next value for hibernate_sequence
call next value for hibernate_sequence;
2022-10-10 13:48:04.664  INFO 3923 --- [    Test worker] c.j.r.FavoriteSpotQueryRepositoryTest    : favoriteSpot = FavoriteSpot(id=503, count=0)
2022-10-10 13:48:04.664  INFO 3923 --- [    Test worker] c.j.r.FavoriteSpotQueryRepositoryTest    : Spot = capstone.jejuTourrecommend.domain.Spot@6e30ed46
2022-10-10 13:48:04.664  INFO 3923 --- [    Test worker] p6spy                                    : #1665377284664 | took 0ms | statement | connection 26| url jdbc:h2:mem:6a3784ae-1aa6-4bbf-b617-4d4aeabcc2af
call next value for hibernate_sequence
call next value for hibernate_sequence;
2022-10-10 13:48:04.665  INFO 3923 --- [    Test worker] p6spy                                    : #1665377284665 | took 0ms | statement | connection 26| url jdbc:h2:mem:6a3784ae-1aa6-4bbf-b617-4d4aeabcc2af
call next value for hibernate_sequence
call next value for hibernate_sequence;
2022-10-10 13:48:04.665  INFO 3923 --- [    Test worker] p6spy                                    : #1665377284665 | took 0ms | statement | connection 26| url jdbc:h2:mem:6a3784ae-1aa6-4bbf-b617-4d4aeabcc2af
call next value for hibernate_sequence
call next value for hibernate_sequence;
2022-10-10 13:48:04.665  INFO 3923 --- [    Test worker] p6spy                                    : #1665377284665 | took 0ms | statement | connection 26| url jdbc:h2:mem:6a3784ae-1aa6-4bbf-b617-4d4aeabcc2af
call next value for hibernate_sequence
call next value for hibernate_sequence;
2022-10-10 13:48:04.665  INFO 3923 --- [    Test worker] p6spy                                    : #1665377284665 | took 0ms | statement | connection 26| url jdbc:h2:mem:6a3784ae-1aa6-4bbf-b617-4d4aeabcc2af
call next value for hibernate_sequence
call next value for hibernate_sequence;
2022-10-10 13:48:04.665  INFO 3923 --- [    Test worker] p6spy                                    : #1665377284665 | took 0ms | statement | connection 26| url jdbc:h2:mem:6a3784ae-1aa6-4bbf-b617-4d4aeabcc2af
call next value for hibernate_sequence
call next value for hibernate_sequence;
2022-10-10 13:48:04.665  INFO 3923 --- [    Test worker] p6spy                                    : #1665377284665 | took 0ms | statement | connection 26| url jdbc:h2:mem:6a3784ae-1aa6-4bbf-b617-4d4aeabcc2af
call next value for hibernate_sequence
call next value for hibernate_sequence;
2022-10-10 13:48:04.665  INFO 3923 --- [    Test worker] p6spy                                    : #1665377284665 | took 0ms | statement | connection 26| url jdbc:h2:mem:6a3784ae-1aa6-4bbf-b617-4d4aeabcc2af
call next value for hibernate_sequence
call next value for hibernate_sequence;
2022-10-10 13:48:04.665  INFO 3923 --- [    Test worker] c.j.r.FavoriteSpotQueryRepositoryTest    : favoriteSpot = FavoriteSpot(id=504, count=0)
2022-10-10 13:48:04.665  INFO 3923 --- [    Test worker] c.j.r.FavoriteSpotQueryRepositoryTest    : Spot = capstone.jejuTourrecommend.domain.Spot@5f9bcb39
2022-10-10 13:48:04.665  INFO 3923 --- [    Test worker] p6spy                                    : #1665377284665 | took 0ms | statement | connection 26| url jdbc:h2:mem:6a3784ae-1aa6-4bbf-b617-4d4aeabcc2af
call next value for hibernate_sequence
call next value for hibernate_sequence;
2022-10-10 13:48:04.665  INFO 3923 --- [    Test worker] p6spy                                    : #1665377284665 | took 0ms | statement | connection 26| url jdbc:h2:mem:6a3784ae-1aa6-4bbf-b617-4d4aeabcc2af
call next value for hibernate_sequence
call next value for hibernate_sequence;
2022-10-10 13:48:04.665  INFO 3923 --- [    Test worker] p6spy                                    : #1665377284665 | took 0ms | statement | connection 26| url jdbc:h2:mem:6a3784ae-1aa6-4bbf-b617-4d4aeabcc2af
call next value for hibernate_sequence
call next value for hibernate_sequence;
2022-10-10 13:48:04.665  INFO 3923 --- [    Test worker] p6spy                                    : #1665377284665 | took 0ms | statement | connection 26| url jdbc:h2:mem:6a3784ae-1aa6-4bbf-b617-4d4aeabcc2af
call next value for hibernate_sequence
call next value for hibernate_sequence;
2022-10-10 13:48:04.665  INFO 3923 --- [    Test worker] p6spy                                    : #1665377284665 | took 0ms | statement | connection 26| url jdbc:h2:mem:6a3784ae-1aa6-4bbf-b617-4d4aeabcc2af
call next value for hibernate_sequence
call next value for hibernate_sequence;
2022-10-10 13:48:04.665  INFO 3923 --- [    Test worker] p6spy                                    : #1665377284665 | took 0ms | statement | connection 26| url jdbc:h2:mem:6a3784ae-1aa6-4bbf-b617-4d4aeabcc2af
call next value for hibernate_sequence
call next value for hibernate_sequence;
2022-10-10 13:48:04.665  INFO 3923 --- [    Test worker] p6spy                                    : #1665377284665 | took 0ms | statement | connection 26| url jdbc:h2:mem:6a3784ae-1aa6-4bbf-b617-4d4aeabcc2af
call next value for hibernate_sequence
call next value for hibernate_sequence;
2022-10-10 13:48:04.665  INFO 3923 --- [    Test worker] p6spy                                    : #1665377284665 | took 0ms | statement | connection 26| url jdbc:h2:mem:6a3784ae-1aa6-4bbf-b617-4d4aeabcc2af
call next value for hibernate_sequence
call next value for hibernate_sequence;
2022-10-10 13:48:04.665  INFO 3923 --- [    Test worker] c.j.r.FavoriteSpotQueryRepositoryTest    : favoriteSpot = FavoriteSpot(id=505, count=0)
2022-10-10 13:48:04.665  INFO 3923 --- [    Test worker] c.j.r.FavoriteSpotQueryRepositoryTest    : Spot = capstone.jejuTourrecommend.domain.Spot@63e89f48
2022-10-10 13:48:04.665  INFO 3923 --- [    Test worker] p6spy                                    : #1665377284665 | took 0ms | statement | connection 26| url jdbc:h2:mem:6a3784ae-1aa6-4bbf-b617-4d4aeabcc2af
call next value for hibernate_sequence
call next value for hibernate_sequence;
2022-10-10 13:48:04.665  INFO 3923 --- [    Test worker] p6spy                                    : #1665377284665 | took 0ms | statement | connection 26| url jdbc:h2:mem:6a3784ae-1aa6-4bbf-b617-4d4aeabcc2af
call next value for hibernate_sequence
call next value for hibernate_sequence;
2022-10-10 13:48:04.665  INFO 3923 --- [    Test worker] p6spy                                    : #1665377284665 | took 0ms | statement | connection 26| url jdbc:h2:mem:6a3784ae-1aa6-4bbf-b617-4d4aeabcc2af
call next value for hibernate_sequence
call next value for hibernate_sequence;
2022-10-10 13:48:04.665  INFO 3923 --- [    Test worker] p6spy                                    : #1665377284665 | took 0ms | statement | connection 26| url jdbc:h2:mem:6a3784ae-1aa6-4bbf-b617-4d4aeabcc2af
call next value for hibernate_sequence
call next value for hibernate_sequence;
2022-10-10 13:48:04.665  INFO 3923 --- [    Test worker] p6spy                                    : #1665377284665 | took 0ms | statement | connection 26| url jdbc:h2:mem:6a3784ae-1aa6-4bbf-b617-4d4aeabcc2af
call next value for hibernate_sequence
call next value for hibernate_sequence;
2022-10-10 13:48:04.665  INFO 3923 --- [    Test worker] p6spy                                    : #1665377284665 | took 0ms | statement | connection 26| url jdbc:h2:mem:6a3784ae-1aa6-4bbf-b617-4d4aeabcc2af
call next value for hibernate_sequence
call next value for hibernate_sequence;
2022-10-10 13:48:04.665  INFO 3923 --- [    Test worker] p6spy                                    : #1665377284665 | took 0ms | statement | connection 26| url jdbc:h2:mem:6a3784ae-1aa6-4bbf-b617-4d4aeabcc2af
call next value for hibernate_sequence
call next value for hibernate_sequence;
2022-10-10 13:48:04.665  INFO 3923 --- [    Test worker] p6spy                                    : #1665377284665 | took 0ms | statement | connection 26| url jdbc:h2:mem:6a3784ae-1aa6-4bbf-b617-4d4aeabcc2af
call next value for hibernate_sequence
call next value for hibernate_sequence;
2022-10-10 13:48:04.665  INFO 3923 --- [    Test worker] c.j.r.FavoriteSpotQueryRepositoryTest    : favoriteSpot = FavoriteSpot(id=506, count=0)
2022-10-10 13:48:04.665  INFO 3923 --- [    Test worker] c.j.r.FavoriteSpotQueryRepositoryTest    : Spot = capstone.jejuTourrecommend.domain.Spot@a37a150
2022-10-10 13:48:04.665  INFO 3923 --- [    Test worker] p6spy                                    : #1665377284665 | took 0ms | statement | connection 26| url jdbc:h2:mem:6a3784ae-1aa6-4bbf-b617-4d4aeabcc2af
call next value for hibernate_sequence
call next value for hibernate_sequence;
2022-10-10 13:48:04.665  INFO 3923 --- [    Test worker] p6spy                                    : #1665377284665 | took 0ms | statement | connection 26| url jdbc:h2:mem:6a3784ae-1aa6-4bbf-b617-4d4aeabcc2af
call next value for hibernate_sequence
call next value for hibernate_sequence;
2022-10-10 13:48:04.665  INFO 3923 --- [    Test worker] p6spy                                    : #1665377284665 | took 0ms | statement | connection 26| url jdbc:h2:mem:6a3784ae-1aa6-4bbf-b617-4d4aeabcc2af
call next value for hibernate_sequence
call next value for hibernate_sequence;
2022-10-10 13:48:04.665  INFO 3923 --- [    Test worker] p6spy                                    : #1665377284665 | took 0ms | statement | connection 26| url jdbc:h2:mem:6a3784ae-1aa6-4bbf-b617-4d4aeabcc2af
call next value for hibernate_sequence
call next value for hibernate_sequence;
2022-10-10 13:48:04.665  INFO 3923 --- [    Test worker] p6spy                                    : #1665377284665 | took 0ms | statement | connection 26| url jdbc:h2:mem:6a3784ae-1aa6-4bbf-b617-4d4aeabcc2af
call next value for hibernate_sequence
call next value for hibernate_sequence;
2022-10-10 13:48:04.665  INFO 3923 --- [    Test worker] p6spy                                    : #1665377284665 | took 0ms | statement | connection 26| url jdbc:h2:mem:6a3784ae-1aa6-4bbf-b617-4d4aeabcc2af
call next value for hibernate_sequence
call next value for hibernate_sequence;
2022-10-10 13:48:04.665  INFO 3923 --- [    Test worker] p6spy                                    : #1665377284665 | took 0ms | statement | connection 26| url jdbc:h2:mem:6a3784ae-1aa6-4bbf-b617-4d4aeabcc2af
call next value for hibernate_sequence
call next value for hibernate_sequence;
2022-10-10 13:48:04.665  INFO 3923 --- [    Test worker] p6spy                                    : #1665377284665 | took 0ms | statement | connection 26| url jdbc:h2:mem:6a3784ae-1aa6-4bbf-b617-4d4aeabcc2af
call next value for hibernate_sequence
call next value for hibernate_sequence;
2022-10-10 13:48:04.665  INFO 3923 --- [    Test worker] c.j.r.FavoriteSpotQueryRepositoryTest    : favoriteSpot = FavoriteSpot(id=507, count=0)
2022-10-10 13:48:04.665  INFO 3923 --- [    Test worker] c.j.r.FavoriteSpotQueryRepositoryTest    : Spot = capstone.jejuTourrecommend.domain.Spot@5fb7694c
2022-10-10 13:48:04.665  INFO 3923 --- [    Test worker] p6spy                                    : #1665377284665 | took 0ms | statement | connection 26| url jdbc:h2:mem:6a3784ae-1aa6-4bbf-b617-4d4aeabcc2af
call next value for hibernate_sequence
call next value for hibernate_sequence;
2022-10-10 13:48:04.665  INFO 3923 --- [    Test worker] p6spy                                    : #1665377284665 | took 0ms | statement | connection 26| url jdbc:h2:mem:6a3784ae-1aa6-4bbf-b617-4d4aeabcc2af
call next value for hibernate_sequence
call next value for hibernate_sequence;
2022-10-10 13:48:04.665  INFO 3923 --- [    Test worker] p6spy                                    : #1665377284665 | took 0ms | statement | connection 26| url jdbc:h2:mem:6a3784ae-1aa6-4bbf-b617-4d4aeabcc2af
call next value for hibernate_sequence
call next value for hibernate_sequence;
2022-10-10 13:48:04.665  INFO 3923 --- [    Test worker] p6spy                                    : #1665377284665 | took 0ms | statement | connection 26| url jdbc:h2:mem:6a3784ae-1aa6-4bbf-b617-4d4aeabcc2af
call next value for hibernate_sequence
call next value for hibernate_sequence;
2022-10-10 13:48:04.665  INFO 3923 --- [    Test worker] p6spy                                    : #1665377284665 | took 0ms | statement | connection 26| url jdbc:h2:mem:6a3784ae-1aa6-4bbf-b617-4d4aeabcc2af
call next value for hibernate_sequence
call next value for hibernate_sequence;
2022-10-10 13:48:04.665  INFO 3923 --- [    Test worker] p6spy                                    : #1665377284665 | took 0ms | statement | connection 26| url jdbc:h2:mem:6a3784ae-1aa6-4bbf-b617-4d4aeabcc2af
call next value for hibernate_sequence
call next value for hibernate_sequence;
2022-10-10 13:48:04.665  INFO 3923 --- [    Test worker] p6spy                                    : #1665377284665 | took 0ms | statement | connection 26| url jdbc:h2:mem:6a3784ae-1aa6-4bbf-b617-4d4aeabcc2af
call next value for hibernate_sequence
call next value for hibernate_sequence;
2022-10-10 13:48:04.665  INFO 3923 --- [    Test worker] p6spy                                    : #1665377284665 | took 0ms | statement | connection 26| url jdbc:h2:mem:6a3784ae-1aa6-4bbf-b617-4d4aeabcc2af
call next value for hibernate_sequence
call next value for hibernate_sequence;
2022-10-10 13:48:04.665  INFO 3923 --- [    Test worker] c.j.r.FavoriteSpotQueryRepositoryTest    : favoriteSpot = FavoriteSpot(id=508, count=0)
2022-10-10 13:48:04.665  INFO 3923 --- [    Test worker] c.j.r.FavoriteSpotQueryRepositoryTest    : Spot = capstone.jejuTourrecommend.domain.Spot@19380ab6
2022-10-10 13:48:04.665  INFO 3923 --- [    Test worker] p6spy                                    : #1665377284665 | took 0ms | statement | connection 26| url jdbc:h2:mem:6a3784ae-1aa6-4bbf-b617-4d4aeabcc2af
call next value for hibernate_sequence
call next value for hibernate_sequence;
2022-10-10 13:48:04.665  INFO 3923 --- [    Test worker] p6spy                                    : #1665377284665 | took 0ms | statement | connection 26| url jdbc:h2:mem:6a3784ae-1aa6-4bbf-b617-4d4aeabcc2af
call next value for hibernate_sequence
call next value for hibernate_sequence;
2022-10-10 13:48:04.665  INFO 3923 --- [    Test worker] p6spy                                    : #1665377284665 | took 0ms | statement | connection 26| url jdbc:h2:mem:6a3784ae-1aa6-4bbf-b617-4d4aeabcc2af
call next value for hibernate_sequence
call next value for hibernate_sequence;
2022-10-10 13:48:04.665  INFO 3923 --- [    Test worker] p6spy                                    : #1665377284665 | took 0ms | statement | connection 26| url jdbc:h2:mem:6a3784ae-1aa6-4bbf-b617-4d4aeabcc2af
call next value for hibernate_sequence
call next value for hibernate_sequence;
2022-10-10 13:48:04.666  INFO 3923 --- [    Test worker] p6spy                                    : #1665377284666 | took 0ms | statement | connection 26| url jdbc:h2:mem:6a3784ae-1aa6-4bbf-b617-4d4aeabcc2af
call next value for hibernate_sequence
call next value for hibernate_sequence;
2022-10-10 13:48:04.666  INFO 3923 --- [    Test worker] p6spy                                    : #1665377284666 | took 0ms | statement | connection 26| url jdbc:h2:mem:6a3784ae-1aa6-4bbf-b617-4d4aeabcc2af
call next value for hibernate_sequence
call next value for hibernate_sequence;
2022-10-10 13:48:04.666  INFO 3923 --- [    Test worker] p6spy                                    : #1665377284666 | took 0ms | statement | connection 26| url jdbc:h2:mem:6a3784ae-1aa6-4bbf-b617-4d4aeabcc2af
call next value for hibernate_sequence
call next value for hibernate_sequence;
2022-10-10 13:48:04.666  INFO 3923 --- [    Test worker] p6spy                                    : #1665377284666 | took 0ms | statement | connection 26| url jdbc:h2:mem:6a3784ae-1aa6-4bbf-b617-4d4aeabcc2af
call next value for hibernate_sequence
call next value for hibernate_sequence;
2022-10-10 13:48:04.666  INFO 3923 --- [    Test worker] c.j.r.FavoriteSpotQueryRepositoryTest    : favoriteSpot = FavoriteSpot(id=509, count=0)
2022-10-10 13:48:04.666  INFO 3923 --- [    Test worker] c.j.r.FavoriteSpotQueryRepositoryTest    : Spot = capstone.jejuTourrecommend.domain.Spot@6534a8e7
2022-10-10 13:48:04.666  INFO 3923 --- [    Test worker] p6spy                                    : #1665377284666 | took 0ms | statement | connection 26| url jdbc:h2:mem:6a3784ae-1aa6-4bbf-b617-4d4aeabcc2af
call next value for hibernate_sequence
call next value for hibernate_sequence;
2022-10-10 13:48:04.666  INFO 3923 --- [    Test worker] p6spy                                    : #1665377284666 | took 0ms | statement | connection 26| url jdbc:h2:mem:6a3784ae-1aa6-4bbf-b617-4d4aeabcc2af
call next value for hibernate_sequence
call next value for hibernate_sequence;
2022-10-10 13:48:04.666  INFO 3923 --- [    Test worker] p6spy                                    : #1665377284666 | took 0ms | statement | connection 26| url jdbc:h2:mem:6a3784ae-1aa6-4bbf-b617-4d4aeabcc2af
call next value for hibernate_sequence
call next value for hibernate_sequence;
2022-10-10 13:48:04.666  INFO 3923 --- [    Test worker] p6spy                                    : #1665377284666 | took 0ms | statement | connection 26| url jdbc:h2:mem:6a3784ae-1aa6-4bbf-b617-4d4aeabcc2af
call next value for hibernate_sequence
call next value for hibernate_sequence;
2022-10-10 13:48:04.666  INFO 3923 --- [    Test worker] p6spy                                    : #1665377284666 | took 0ms | statement | connection 26| url jdbc:h2:mem:6a3784ae-1aa6-4bbf-b617-4d4aeabcc2af
call next value for hibernate_sequence
call next value for hibernate_sequence;
2022-10-10 13:48:04.666  INFO 3923 --- [    Test worker] p6spy                                    : #1665377284666 | took 0ms | statement | connection 26| url jdbc:h2:mem:6a3784ae-1aa6-4bbf-b617-4d4aeabcc2af
call next value for hibernate_sequence
call next value for hibernate_sequence;
2022-10-10 13:48:04.666  INFO 3923 --- [    Test worker] p6spy                                    : #1665377284666 | took 0ms | statement | connection 26| url jdbc:h2:mem:6a3784ae-1aa6-4bbf-b617-4d4aeabcc2af
call next value for hibernate_sequence
call next value for hibernate_sequence;
2022-10-10 13:48:04.666  INFO 3923 --- [    Test worker] p6spy                                    : #1665377284666 | took 0ms | statement | connection 26| url jdbc:h2:mem:6a3784ae-1aa6-4bbf-b617-4d4aeabcc2af
call next value for hibernate_sequence
call next value for hibernate_sequence;
2022-10-10 13:48:04.666  INFO 3923 --- [    Test worker] c.j.r.FavoriteSpotQueryRepositoryTest    : favoriteSpot = FavoriteSpot(id=510, count=0)
2022-10-10 13:48:04.666  INFO 3923 --- [    Test worker] c.j.r.FavoriteSpotQueryRepositoryTest    : Spot = capstone.jejuTourrecommend.domain.Spot@49b4b5fc
2022-10-10 13:48:04.666  INFO 3923 --- [    Test worker] p6spy                                    : #1665377284666 | took 0ms | statement | connection 26| url jdbc:h2:mem:6a3784ae-1aa6-4bbf-b617-4d4aeabcc2af
call next value for hibernate_sequence
call next value for hibernate_sequence;
2022-10-10 13:48:04.666  INFO 3923 --- [    Test worker] p6spy                                    : #1665377284666 | took 0ms | statement | connection 26| url jdbc:h2:mem:6a3784ae-1aa6-4bbf-b617-4d4aeabcc2af
call next value for hibernate_sequence
call next value for hibernate_sequence;
2022-10-10 13:48:04.666  INFO 3923 --- [    Test worker] p6spy                                    : #1665377284666 | took 0ms | statement | connection 26| url jdbc:h2:mem:6a3784ae-1aa6-4bbf-b617-4d4aeabcc2af
call next value for hibernate_sequence
call next value for hibernate_sequence;
2022-10-10 13:48:04.666  INFO 3923 --- [    Test worker] p6spy                                    : #1665377284666 | took 0ms | statement | connection 26| url jdbc:h2:mem:6a3784ae-1aa6-4bbf-b617-4d4aeabcc2af
call next value for hibernate_sequence
call next value for hibernate_sequence;
2022-10-10 13:48:04.666  INFO 3923 --- [    Test worker] p6spy                                    : #1665377284666 | took 0ms | statement | connection 26| url jdbc:h2:mem:6a3784ae-1aa6-4bbf-b617-4d4aeabcc2af
call next value for hibernate_sequence
call next value for hibernate_sequence;
2022-10-10 13:48:04.666  INFO 3923 --- [    Test worker] p6spy                                    : #1665377284666 | took 0ms | statement | connection 26| url jdbc:h2:mem:6a3784ae-1aa6-4bbf-b617-4d4aeabcc2af
call next value for hibernate_sequence
call next value for hibernate_sequence;
2022-10-10 13:48:04.666  INFO 3923 --- [    Test worker] p6spy                                    : #1665377284666 | took 0ms | statement | connection 26| url jdbc:h2:mem:6a3784ae-1aa6-4bbf-b617-4d4aeabcc2af
call next value for hibernate_sequence
call next value for hibernate_sequence;
2022-10-10 13:48:04.666  INFO 3923 --- [    Test worker] p6spy                                    : #1665377284666 | took 0ms | statement | connection 26| url jdbc:h2:mem:6a3784ae-1aa6-4bbf-b617-4d4aeabcc2af
call next value for hibernate_sequence
call next value for hibernate_sequence;
2022-10-10 13:48:04.666  INFO 3923 --- [    Test worker] c.j.r.FavoriteSpotQueryRepositoryTest    : favoriteSpot = FavoriteSpot(id=511, count=0)
2022-10-10 13:48:04.666  INFO 3923 --- [    Test worker] c.j.r.FavoriteSpotQueryRepositoryTest    : Spot = capstone.jejuTourrecommend.domain.Spot@73f9a4dc
2022-10-10 13:48:04.666  INFO 3923 --- [    Test worker] p6spy                                    : #1665377284666 | took 0ms | statement | connection 26| url jdbc:h2:mem:6a3784ae-1aa6-4bbf-b617-4d4aeabcc2af
call next value for hibernate_sequence
call next value for hibernate_sequence;
2022-10-10 13:48:04.666  INFO 3923 --- [    Test worker] p6spy                                    : #1665377284666 | took 0ms | statement | connection 26| url jdbc:h2:mem:6a3784ae-1aa6-4bbf-b617-4d4aeabcc2af
call next value for hibernate_sequence
call next value for hibernate_sequence;
2022-10-10 13:48:04.666  INFO 3923 --- [    Test worker] p6spy                                    : #1665377284666 | took 0ms | statement | connection 26| url jdbc:h2:mem:6a3784ae-1aa6-4bbf-b617-4d4aeabcc2af
call next value for hibernate_sequence
call next value for hibernate_sequence;
2022-10-10 13:48:04.666  INFO 3923 --- [    Test worker] p6spy                                    : #1665377284666 | took 0ms | statement | connection 26| url jdbc:h2:mem:6a3784ae-1aa6-4bbf-b617-4d4aeabcc2af
call next value for hibernate_sequence
call next value for hibernate_sequence;
2022-10-10 13:48:04.666  INFO 3923 --- [    Test worker] p6spy                                    : #1665377284666 | took 0ms | statement | connection 26| url jdbc:h2:mem:6a3784ae-1aa6-4bbf-b617-4d4aeabcc2af
call next value for hibernate_sequence
call next value for hibernate_sequence;
2022-10-10 13:48:04.666  INFO 3923 --- [    Test worker] p6spy                                    : #1665377284666 | took 0ms | statement | connection 26| url jdbc:h2:mem:6a3784ae-1aa6-4bbf-b617-4d4aeabcc2af
call next value for hibernate_sequence
call next value for hibernate_sequence;
2022-10-10 13:48:04.666  INFO 3923 --- [    Test worker] p6spy                                    : #1665377284666 | took 0ms | statement | connection 26| url jdbc:h2:mem:6a3784ae-1aa6-4bbf-b617-4d4aeabcc2af
call next value for hibernate_sequence
call next value for hibernate_sequence;
2022-10-10 13:48:04.666  INFO 3923 --- [    Test worker] p6spy                                    : #1665377284666 | took 0ms | statement | connection 26| url jdbc:h2:mem:6a3784ae-1aa6-4bbf-b617-4d4aeabcc2af
call next value for hibernate_sequence
call next value for hibernate_sequence;
2022-10-10 13:48:04.666  INFO 3923 --- [    Test worker] c.j.r.FavoriteSpotQueryRepositoryTest    : favoriteSpot = FavoriteSpot(id=512, count=0)
2022-10-10 13:48:04.666  INFO 3923 --- [    Test worker] c.j.r.FavoriteSpotQueryRepositoryTest    : Spot = capstone.jejuTourrecommend.domain.Spot@1f5b4124
2022-10-10 13:48:04.666  INFO 3923 --- [    Test worker] p6spy                                    : #1665377284666 | took 0ms | statement | connection 26| url jdbc:h2:mem:6a3784ae-1aa6-4bbf-b617-4d4aeabcc2af
call next value for hibernate_sequence
call next value for hibernate_sequence;
2022-10-10 13:48:04.666  INFO 3923 --- [    Test worker] p6spy                                    : #1665377284666 | took 0ms | statement | connection 26| url jdbc:h2:mem:6a3784ae-1aa6-4bbf-b617-4d4aeabcc2af
call next value for hibernate_sequence
call next value for hibernate_sequence;
2022-10-10 13:48:04.666  INFO 3923 --- [    Test worker] p6spy                                    : #1665377284666 | took 0ms | statement | connection 26| url jdbc:h2:mem:6a3784ae-1aa6-4bbf-b617-4d4aeabcc2af
call next value for hibernate_sequence
call next value for hibernate_sequence;
2022-10-10 13:48:04.666  INFO 3923 --- [    Test worker] p6spy                                    : #1665377284666 | took 0ms | statement | connection 26| url jdbc:h2:mem:6a3784ae-1aa6-4bbf-b617-4d4aeabcc2af
call next value for hibernate_sequence
call next value for hibernate_sequence;
2022-10-10 13:48:04.666  INFO 3923 --- [    Test worker] p6spy                                    : #1665377284666 | took 0ms | statement | connection 26| url jdbc:h2:mem:6a3784ae-1aa6-4bbf-b617-4d4aeabcc2af
call next value for hibernate_sequence
call next value for hibernate_sequence;
2022-10-10 13:48:04.666  INFO 3923 --- [    Test worker] p6spy                                    : #1665377284666 | took 0ms | statement | connection 26| url jdbc:h2:mem:6a3784ae-1aa6-4bbf-b617-4d4aeabcc2af
call next value for hibernate_sequence
call next value for hibernate_sequence;
2022-10-10 13:48:04.666  INFO 3923 --- [    Test worker] p6spy                                    : #1665377284666 | took 0ms | statement | connection 26| url jdbc:h2:mem:6a3784ae-1aa6-4bbf-b617-4d4aeabcc2af
call next value for hibernate_sequence
call next value for hibernate_sequence;
2022-10-10 13:48:04.666  INFO 3923 --- [    Test worker] p6spy                                    : #1665377284666 | took 0ms | statement | connection 26| url jdbc:h2:mem:6a3784ae-1aa6-4bbf-b617-4d4aeabcc2af
call next value for hibernate_sequence
call next value for hibernate_sequence;
2022-10-10 13:48:04.666  INFO 3923 --- [    Test worker] c.j.r.FavoriteSpotQueryRepositoryTest    : favoriteSpot = FavoriteSpot(id=513, count=0)
2022-10-10 13:48:04.667  INFO 3923 --- [    Test worker] c.j.r.FavoriteSpotQueryRepositoryTest    : Spot = capstone.jejuTourrecommend.domain.Spot@75988194
2022-10-10 13:48:04.667  INFO 3923 --- [    Test worker] p6spy                                    : #1665377284667 | took 0ms | statement | connection 26| url jdbc:h2:mem:6a3784ae-1aa6-4bbf-b617-4d4aeabcc2af
call next value for hibernate_sequence
call next value for hibernate_sequence;
2022-10-10 13:48:04.667  INFO 3923 --- [    Test worker] p6spy                                    : #1665377284667 | took 0ms | statement | connection 26| url jdbc:h2:mem:6a3784ae-1aa6-4bbf-b617-4d4aeabcc2af
call next value for hibernate_sequence
call next value for hibernate_sequence;
2022-10-10 13:48:04.667  INFO 3923 --- [    Test worker] p6spy                                    : #1665377284667 | took 0ms | statement | connection 26| url jdbc:h2:mem:6a3784ae-1aa6-4bbf-b617-4d4aeabcc2af
call next value for hibernate_sequence
call next value for hibernate_sequence;
2022-10-10 13:48:04.667  INFO 3923 --- [    Test worker] p6spy                                    : #1665377284667 | took 0ms | statement | connection 26| url jdbc:h2:mem:6a3784ae-1aa6-4bbf-b617-4d4aeabcc2af
call next value for hibernate_sequence
call next value for hibernate_sequence;
2022-10-10 13:48:04.667  INFO 3923 --- [    Test worker] p6spy                                    : #1665377284667 | took 0ms | statement | connection 26| url jdbc:h2:mem:6a3784ae-1aa6-4bbf-b617-4d4aeabcc2af
call next value for hibernate_sequence
call next value for hibernate_sequence;
2022-10-10 13:48:04.667  INFO 3923 --- [    Test worker] p6spy                                    : #1665377284667 | took 0ms | statement | connection 26| url jdbc:h2:mem:6a3784ae-1aa6-4bbf-b617-4d4aeabcc2af
call next value for hibernate_sequence
call next value for hibernate_sequence;
2022-10-10 13:48:04.667  INFO 3923 --- [    Test worker] p6spy                                    : #1665377284667 | took 0ms | statement | connection 26| url jdbc:h2:mem:6a3784ae-1aa6-4bbf-b617-4d4aeabcc2af
call next value for hibernate_sequence
call next value for hibernate_sequence;
2022-10-10 13:48:04.667  INFO 3923 --- [    Test worker] p6spy                                    : #1665377284667 | took 0ms | statement | connection 26| url jdbc:h2:mem:6a3784ae-1aa6-4bbf-b617-4d4aeabcc2af
call next value for hibernate_sequence
call next value for hibernate_sequence;
2022-10-10 13:48:04.667  INFO 3923 --- [    Test worker] c.j.r.FavoriteSpotQueryRepositoryTest    : favoriteSpot = FavoriteSpot(id=514, count=0)
2022-10-10 13:48:04.667  INFO 3923 --- [    Test worker] c.j.r.FavoriteSpotQueryRepositoryTest    : Spot = capstone.jejuTourrecommend.domain.Spot@7edef7f3
2022-10-10 13:48:04.667  INFO 3923 --- [    Test worker] p6spy                                    : #1665377284667 | took 0ms | statement | connection 26| url jdbc:h2:mem:6a3784ae-1aa6-4bbf-b617-4d4aeabcc2af
call next value for hibernate_sequence
call next value for hibernate_sequence;
2022-10-10 13:48:04.667  INFO 3923 --- [    Test worker] p6spy                                    : #1665377284667 | took 0ms | statement | connection 26| url jdbc:h2:mem:6a3784ae-1aa6-4bbf-b617-4d4aeabcc2af
call next value for hibernate_sequence
call next value for hibernate_sequence;
2022-10-10 13:48:04.667  INFO 3923 --- [    Test worker] p6spy                                    : #1665377284667 | took 0ms | statement | connection 26| url jdbc:h2:mem:6a3784ae-1aa6-4bbf-b617-4d4aeabcc2af
call next value for hibernate_sequence
call next value for hibernate_sequence;
2022-10-10 13:48:04.667  INFO 3923 --- [    Test worker] p6spy                                    : #1665377284667 | took 0ms | statement | connection 26| url jdbc:h2:mem:6a3784ae-1aa6-4bbf-b617-4d4aeabcc2af
call next value for hibernate_sequence
call next value for hibernate_sequence;
2022-10-10 13:48:04.667  INFO 3923 --- [    Test worker] p6spy                                    : #1665377284667 | took 0ms | statement | connection 26| url jdbc:h2:mem:6a3784ae-1aa6-4bbf-b617-4d4aeabcc2af
call next value for hibernate_sequence
call next value for hibernate_sequence;
2022-10-10 13:48:04.667  INFO 3923 --- [    Test worker] p6spy                                    : #1665377284667 | took 0ms | statement | connection 26| url jdbc:h2:mem:6a3784ae-1aa6-4bbf-b617-4d4aeabcc2af
call next value for hibernate_sequence
call next value for hibernate_sequence;
2022-10-10 13:48:04.667  INFO 3923 --- [    Test worker] p6spy                                    : #1665377284667 | took 0ms | statement | connection 26| url jdbc:h2:mem:6a3784ae-1aa6-4bbf-b617-4d4aeabcc2af
call next value for hibernate_sequence
call next value for hibernate_sequence;
2022-10-10 13:48:04.667  INFO 3923 --- [    Test worker] p6spy                                    : #1665377284667 | took 0ms | statement | connection 26| url jdbc:h2:mem:6a3784ae-1aa6-4bbf-b617-4d4aeabcc2af
call next value for hibernate_sequence
call next value for hibernate_sequence;
2022-10-10 13:48:04.667  INFO 3923 --- [    Test worker] c.j.r.FavoriteSpotQueryRepositoryTest    : favoriteSpot = FavoriteSpot(id=515, count=0)
2022-10-10 13:48:04.667  INFO 3923 --- [    Test worker] c.j.r.FavoriteSpotQueryRepositoryTest    : Spot = capstone.jejuTourrecommend.domain.Spot@14e8e0c9
2022-10-10 13:48:04.667  INFO 3923 --- [    Test worker] p6spy                                    : #1665377284667 | took 0ms | statement | connection 26| url jdbc:h2:mem:6a3784ae-1aa6-4bbf-b617-4d4aeabcc2af
call next value for hibernate_sequence
call next value for hibernate_sequence;
2022-10-10 13:48:04.667  INFO 3923 --- [    Test worker] p6spy                                    : #1665377284667 | took 0ms | statement | connection 26| url jdbc:h2:mem:6a3784ae-1aa6-4bbf-b617-4d4aeabcc2af
call next value for hibernate_sequence
call next value for hibernate_sequence;
2022-10-10 13:48:04.667  INFO 3923 --- [    Test worker] p6spy                                    : #1665377284667 | took 0ms | statement | connection 26| url jdbc:h2:mem:6a3784ae-1aa6-4bbf-b617-4d4aeabcc2af
call next value for hibernate_sequence
call next value for hibernate_sequence;
2022-10-10 13:48:04.667  INFO 3923 --- [    Test worker] p6spy                                    : #1665377284667 | took 0ms | statement | connection 26| url jdbc:h2:mem:6a3784ae-1aa6-4bbf-b617-4d4aeabcc2af
call next value for hibernate_sequence
call next value for hibernate_sequence;
2022-10-10 13:48:04.668  INFO 3923 --- [    Test worker] p6spy                                    : #1665377284668 | took 0ms | statement | connection 26| url jdbc:h2:mem:6a3784ae-1aa6-4bbf-b617-4d4aeabcc2af
call next value for hibernate_sequence
call next value for hibernate_sequence;
2022-10-10 13:48:04.668  INFO 3923 --- [    Test worker] p6spy                                    : #1665377284668 | took 0ms | statement | connection 26| url jdbc:h2:mem:6a3784ae-1aa6-4bbf-b617-4d4aeabcc2af
call next value for hibernate_sequence
call next value for hibernate_sequence;
2022-10-10 13:48:04.668  INFO 3923 --- [    Test worker] p6spy                                    : #1665377284668 | took 0ms | statement | connection 26| url jdbc:h2:mem:6a3784ae-1aa6-4bbf-b617-4d4aeabcc2af
call next value for hibernate_sequence
call next value for hibernate_sequence;
2022-10-10 13:48:04.668  INFO 3923 --- [    Test worker] p6spy                                    : #1665377284668 | took 0ms | statement | connection 26| url jdbc:h2:mem:6a3784ae-1aa6-4bbf-b617-4d4aeabcc2af
call next value for hibernate_sequence
call next value for hibernate_sequence;
2022-10-10 13:48:04.668  INFO 3923 --- [    Test worker] c.j.r.FavoriteSpotQueryRepositoryTest    : favoriteSpot = FavoriteSpot(id=516, count=0)
2022-10-10 13:48:04.668  INFO 3923 --- [    Test worker] c.j.r.FavoriteSpotQueryRepositoryTest    : Spot = capstone.jejuTourrecommend.domain.Spot@716e124a
2022-10-10 13:48:04.668  INFO 3923 --- [    Test worker] p6spy                                    : #1665377284668 | took 0ms | statement | connection 26| url jdbc:h2:mem:6a3784ae-1aa6-4bbf-b617-4d4aeabcc2af
call next value for hibernate_sequence
call next value for hibernate_sequence;
2022-10-10 13:48:04.668  INFO 3923 --- [    Test worker] p6spy                                    : #1665377284668 | took 0ms | statement | connection 26| url jdbc:h2:mem:6a3784ae-1aa6-4bbf-b617-4d4aeabcc2af
call next value for hibernate_sequence
call next value for hibernate_sequence;
2022-10-10 13:48:04.668  INFO 3923 --- [    Test worker] p6spy                                    : #1665377284668 | took 0ms | statement | connection 26| url jdbc:h2:mem:6a3784ae-1aa6-4bbf-b617-4d4aeabcc2af
call next value for hibernate_sequence
call next value for hibernate_sequence;
2022-10-10 13:48:04.668  INFO 3923 --- [    Test worker] p6spy                                    : #1665377284668 | took 0ms | statement | connection 26| url jdbc:h2:mem:6a3784ae-1aa6-4bbf-b617-4d4aeabcc2af
call next value for hibernate_sequence
call next value for hibernate_sequence;
2022-10-10 13:48:04.668  INFO 3923 --- [    Test worker] p6spy                                    : #1665377284668 | took 0ms | statement | connection 26| url jdbc:h2:mem:6a3784ae-1aa6-4bbf-b617-4d4aeabcc2af
call next value for hibernate_sequence
call next value for hibernate_sequence;
2022-10-10 13:48:04.668  INFO 3923 --- [    Test worker] p6spy                                    : #1665377284668 | took 0ms | statement | connection 26| url jdbc:h2:mem:6a3784ae-1aa6-4bbf-b617-4d4aeabcc2af
call next value for hibernate_sequence
call next value for hibernate_sequence;
2022-10-10 13:48:04.668  INFO 3923 --- [    Test worker] p6spy                                    : #1665377284668 | took 0ms | statement | connection 26| url jdbc:h2:mem:6a3784ae-1aa6-4bbf-b617-4d4aeabcc2af
call next value for hibernate_sequence
call next value for hibernate_sequence;
2022-10-10 13:48:04.668  INFO 3923 --- [    Test worker] p6spy                                    : #1665377284668 | took 0ms | statement | connection 26| url jdbc:h2:mem:6a3784ae-1aa6-4bbf-b617-4d4aeabcc2af
call next value for hibernate_sequence
call next value for hibernate_sequence;
2022-10-10 13:48:04.668  INFO 3923 --- [    Test worker] c.j.r.FavoriteSpotQueryRepositoryTest    : favoriteSpot = FavoriteSpot(id=517, count=0)
2022-10-10 13:48:04.668  INFO 3923 --- [    Test worker] c.j.r.FavoriteSpotQueryRepositoryTest    : Spot = capstone.jejuTourrecommend.domain.Spot@59a9fe18
2022-10-10 13:48:04.668  INFO 3923 --- [    Test worker] p6spy                                    : #1665377284668 | took 0ms | statement | connection 26| url jdbc:h2:mem:6a3784ae-1aa6-4bbf-b617-4d4aeabcc2af
call next value for hibernate_sequence
call next value for hibernate_sequence;
2022-10-10 13:48:04.668  INFO 3923 --- [    Test worker] p6spy                                    : #1665377284668 | took 0ms | statement | connection 26| url jdbc:h2:mem:6a3784ae-1aa6-4bbf-b617-4d4aeabcc2af
call next value for hibernate_sequence
call next value for hibernate_sequence;
2022-10-10 13:48:04.668  INFO 3923 --- [    Test worker] p6spy                                    : #1665377284668 | took 0ms | statement | connection 26| url jdbc:h2:mem:6a3784ae-1aa6-4bbf-b617-4d4aeabcc2af
call next value for hibernate_sequence
call next value for hibernate_sequence;
2022-10-10 13:48:04.668  INFO 3923 --- [    Test worker] p6spy                                    : #1665377284668 | took 0ms | statement | connection 26| url jdbc:h2:mem:6a3784ae-1aa6-4bbf-b617-4d4aeabcc2af
call next value for hibernate_sequence
call next value for hibernate_sequence;
2022-10-10 13:48:04.668  INFO 3923 --- [    Test worker] p6spy                                    : #1665377284668 | took 0ms | statement | connection 26| url jdbc:h2:mem:6a3784ae-1aa6-4bbf-b617-4d4aeabcc2af
call next value for hibernate_sequence
call next value for hibernate_sequence;
2022-10-10 13:48:04.668  INFO 3923 --- [    Test worker] p6spy                                    : #1665377284668 | took 0ms | statement | connection 26| url jdbc:h2:mem:6a3784ae-1aa6-4bbf-b617-4d4aeabcc2af
call next value for hibernate_sequence
call next value for hibernate_sequence;
2022-10-10 13:48:04.668  INFO 3923 --- [    Test worker] p6spy                                    : #1665377284668 | took 0ms | statement | connection 26| url jdbc:h2:mem:6a3784ae-1aa6-4bbf-b617-4d4aeabcc2af
call next value for hibernate_sequence
call next value for hibernate_sequence;
2022-10-10 13:48:04.668  INFO 3923 --- [    Test worker] p6spy                                    : #1665377284668 | took 0ms | statement | connection 26| url jdbc:h2:mem:6a3784ae-1aa6-4bbf-b617-4d4aeabcc2af
call next value for hibernate_sequence
call next value for hibernate_sequence;
2022-10-10 13:48:04.668  INFO 3923 --- [    Test worker] c.j.r.FavoriteSpotQueryRepositoryTest    : favoriteSpot = FavoriteSpot(id=518, count=0)
2022-10-10 13:48:04.668  INFO 3923 --- [    Test worker] c.j.r.FavoriteSpotQueryRepositoryTest    : Spot = capstone.jejuTourrecommend.domain.Spot@34a84e1b
2022-10-10 13:48:04.668  INFO 3923 --- [    Test worker] p6spy                                    : #1665377284668 | took 0ms | statement | connection 26| url jdbc:h2:mem:6a3784ae-1aa6-4bbf-b617-4d4aeabcc2af
call next value for hibernate_sequence
call next value for hibernate_sequence;
2022-10-10 13:48:04.668  INFO 3923 --- [    Test worker] p6spy                                    : #1665377284668 | took 0ms | statement | connection 26| url jdbc:h2:mem:6a3784ae-1aa6-4bbf-b617-4d4aeabcc2af
call next value for hibernate_sequence
call next value for hibernate_sequence;
2022-10-10 13:48:04.668  INFO 3923 --- [    Test worker] p6spy                                    : #1665377284668 | took 0ms | statement | connection 26| url jdbc:h2:mem:6a3784ae-1aa6-4bbf-b617-4d4aeabcc2af
call next value for hibernate_sequence
call next value for hibernate_sequence;
2022-10-10 13:48:04.668  INFO 3923 --- [    Test worker] p6spy                                    : #1665377284668 | took 0ms | statement | connection 26| url jdbc:h2:mem:6a3784ae-1aa6-4bbf-b617-4d4aeabcc2af
call next value for spot_seq
call next value for spot_seq;
2022-10-10 13:48:04.668  INFO 3923 --- [    Test worker] p6spy                                    : #1665377284668 | took 0ms | statement | connection 26| url jdbc:h2:mem:6a3784ae-1aa6-4bbf-b617-4d4aeabcc2af
call next value for hibernate_sequence
call next value for hibernate_sequence;
2022-10-10 13:48:04.668  INFO 3923 --- [    Test worker] p6spy                                    : #1665377284668 | took 0ms | statement | connection 26| url jdbc:h2:mem:6a3784ae-1aa6-4bbf-b617-4d4aeabcc2af
call next value for hibernate_sequence
call next value for hibernate_sequence;
2022-10-10 13:48:04.668  INFO 3923 --- [    Test worker] p6spy                                    : #1665377284668 | took 0ms | statement | connection 26| url jdbc:h2:mem:6a3784ae-1aa6-4bbf-b617-4d4aeabcc2af
call next value for hibernate_sequence
call next value for hibernate_sequence;
2022-10-10 13:48:04.668  INFO 3923 --- [    Test worker] p6spy                                    : #1665377284668 | took 0ms | statement | connection 26| url jdbc:h2:mem:6a3784ae-1aa6-4bbf-b617-4d4aeabcc2af
call next value for hibernate_sequence
call next value for hibernate_sequence;
2022-10-10 13:48:04.668  INFO 3923 --- [    Test worker] p6spy                                    : #1665377284668 | took 0ms | statement | connection 26| url jdbc:h2:mem:6a3784ae-1aa6-4bbf-b617-4d4aeabcc2af
call next value for hibernate_sequence
call next value for hibernate_sequence;
2022-10-10 13:48:04.668  INFO 3923 --- [    Test worker] c.j.r.FavoriteSpotQueryRepositoryTest    : favoriteSpot = FavoriteSpot(id=519, count=0)
2022-10-10 13:48:04.668  INFO 3923 --- [    Test worker] c.j.r.FavoriteSpotQueryRepositoryTest    : Spot = capstone.jejuTourrecommend.domain.Spot@140c6fda
2022-10-10 13:48:04.668  INFO 3923 --- [    Test worker] p6spy                                    : #1665377284668 | took 0ms | statement | connection 26| url jdbc:h2:mem:6a3784ae-1aa6-4bbf-b617-4d4aeabcc2af
call next value for hibernate_sequence
call next value for hibernate_sequence;
2022-10-10 13:48:04.668  INFO 3923 --- [    Test worker] p6spy                                    : #1665377284668 | took 0ms | statement | connection 26| url jdbc:h2:mem:6a3784ae-1aa6-4bbf-b617-4d4aeabcc2af
call next value for hibernate_sequence
call next value for hibernate_sequence;
2022-10-10 13:48:04.668  INFO 3923 --- [    Test worker] p6spy                                    : #1665377284668 | took 0ms | statement | connection 26| url jdbc:h2:mem:6a3784ae-1aa6-4bbf-b617-4d4aeabcc2af
call next value for hibernate_sequence
call next value for hibernate_sequence;
2022-10-10 13:48:04.668  INFO 3923 --- [    Test worker] p6spy                                    : #1665377284668 | took 0ms | statement | connection 26| url jdbc:h2:mem:6a3784ae-1aa6-4bbf-b617-4d4aeabcc2af
call next value for hibernate_sequence
call next value for hibernate_sequence;
2022-10-10 13:48:04.668  INFO 3923 --- [    Test worker] p6spy                                    : #1665377284668 | took 0ms | statement | connection 26| url jdbc:h2:mem:6a3784ae-1aa6-4bbf-b617-4d4aeabcc2af
call next value for hibernate_sequence
call next value for hibernate_sequence;
2022-10-10 13:48:04.669  INFO 3923 --- [    Test worker] p6spy                                    : #1665377284669 | took 0ms | statement | connection 26| url jdbc:h2:mem:6a3784ae-1aa6-4bbf-b617-4d4aeabcc2af
call next value for hibernate_sequence
call next value for hibernate_sequence;
2022-10-10 13:48:04.669  INFO 3923 --- [    Test worker] p6spy                                    : #1665377284669 | took 0ms | statement | connection 26| url jdbc:h2:mem:6a3784ae-1aa6-4bbf-b617-4d4aeabcc2af
call next value for hibernate_sequence
call next value for hibernate_sequence;
2022-10-10 13:48:04.669  INFO 3923 --- [    Test worker] p6spy                                    : #1665377284669 | took 0ms | statement | connection 26| url jdbc:h2:mem:6a3784ae-1aa6-4bbf-b617-4d4aeabcc2af
call next value for hibernate_sequence
call next value for hibernate_sequence;
2022-10-10 13:48:04.669  INFO 3923 --- [    Test worker] c.j.r.FavoriteSpotQueryRepositoryTest    : favoriteSpot = FavoriteSpot(id=520, count=0)
2022-10-10 13:48:04.669  INFO 3923 --- [    Test worker] c.j.r.FavoriteSpotQueryRepositoryTest    : Spot = capstone.jejuTourrecommend.domain.Spot@5ffaf403
2022-10-10 13:48:04.669  INFO 3923 --- [    Test worker] p6spy                                    : #1665377284669 | took 0ms | statement | connection 26| url jdbc:h2:mem:6a3784ae-1aa6-4bbf-b617-4d4aeabcc2af
call next value for hibernate_sequence
call next value for hibernate_sequence;
2022-10-10 13:48:04.669  INFO 3923 --- [    Test worker] p6spy                                    : #1665377284669 | took 0ms | statement | connection 26| url jdbc:h2:mem:6a3784ae-1aa6-4bbf-b617-4d4aeabcc2af
call next value for hibernate_sequence
call next value for hibernate_sequence;
2022-10-10 13:48:04.669  INFO 3923 --- [    Test worker] p6spy                                    : #1665377284669 | took 0ms | statement | connection 26| url jdbc:h2:mem:6a3784ae-1aa6-4bbf-b617-4d4aeabcc2af
call next value for hibernate_sequence
call next value for hibernate_sequence;
2022-10-10 13:48:04.669  INFO 3923 --- [    Test worker] p6spy                                    : #1665377284669 | took 0ms | statement | connection 26| url jdbc:h2:mem:6a3784ae-1aa6-4bbf-b617-4d4aeabcc2af
call next value for hibernate_sequence
call next value for hibernate_sequence;
2022-10-10 13:48:04.669  INFO 3923 --- [    Test worker] p6spy                                    : #1665377284669 | took 0ms | statement | connection 26| url jdbc:h2:mem:6a3784ae-1aa6-4bbf-b617-4d4aeabcc2af
call next value for hibernate_sequence
call next value for hibernate_sequence;
2022-10-10 13:48:04.669  INFO 3923 --- [    Test worker] p6spy                                    : #1665377284669 | took 0ms | statement | connection 26| url jdbc:h2:mem:6a3784ae-1aa6-4bbf-b617-4d4aeabcc2af
call next value for hibernate_sequence
call next value for hibernate_sequence;
2022-10-10 13:48:04.669  INFO 3923 --- [    Test worker] p6spy                                    : #1665377284669 | took 0ms | statement | connection 26| url jdbc:h2:mem:6a3784ae-1aa6-4bbf-b617-4d4aeabcc2af
call next value for hibernate_sequence
call next value for hibernate_sequence;
2022-10-10 13:48:04.669  INFO 3923 --- [    Test worker] p6spy                                    : #1665377284669 | took 0ms | statement | connection 26| url jdbc:h2:mem:6a3784ae-1aa6-4bbf-b617-4d4aeabcc2af
call next value for hibernate_sequence
call next value for hibernate_sequence;
2022-10-10 13:48:04.669  INFO 3923 --- [    Test worker] c.j.r.FavoriteSpotQueryRepositoryTest    : favoriteSpot = FavoriteSpot(id=521, count=0)
2022-10-10 13:48:04.669  INFO 3923 --- [    Test worker] c.j.r.FavoriteSpotQueryRepositoryTest    : Spot = capstone.jejuTourrecommend.domain.Spot@17355ea4
2022-10-10 13:48:04.669  INFO 3923 --- [    Test worker] p6spy                                    : #1665377284669 | took 0ms | statement | connection 26| url jdbc:h2:mem:6a3784ae-1aa6-4bbf-b617-4d4aeabcc2af
call next value for hibernate_sequence
call next value for hibernate_sequence;
2022-10-10 13:48:04.669  INFO 3923 --- [    Test worker] p6spy                                    : #1665377284669 | took 0ms | statement | connection 26| url jdbc:h2:mem:6a3784ae-1aa6-4bbf-b617-4d4aeabcc2af
call next value for hibernate_sequence
call next value for hibernate_sequence;
2022-10-10 13:48:04.669  INFO 3923 --- [    Test worker] p6spy                                    : #1665377284669 | took 0ms | statement | connection 26| url jdbc:h2:mem:6a3784ae-1aa6-4bbf-b617-4d4aeabcc2af
call next value for hibernate_sequence
call next value for hibernate_sequence;
2022-10-10 13:48:04.669  INFO 3923 --- [    Test worker] p6spy                                    : #1665377284669 | took 0ms | statement | connection 26| url jdbc:h2:mem:6a3784ae-1aa6-4bbf-b617-4d4aeabcc2af
call next value for hibernate_sequence
call next value for hibernate_sequence;
2022-10-10 13:48:04.669  INFO 3923 --- [    Test worker] p6spy                                    : #1665377284669 | took 0ms | statement | connection 26| url jdbc:h2:mem:6a3784ae-1aa6-4bbf-b617-4d4aeabcc2af
call next value for hibernate_sequence
call next value for hibernate_sequence;
2022-10-10 13:48:04.669  INFO 3923 --- [    Test worker] p6spy                                    : #1665377284669 | took 0ms | statement | connection 26| url jdbc:h2:mem:6a3784ae-1aa6-4bbf-b617-4d4aeabcc2af
call next value for hibernate_sequence
call next value for hibernate_sequence;
2022-10-10 13:48:04.669  INFO 3923 --- [    Test worker] p6spy                                    : #1665377284669 | took 0ms | statement | connection 26| url jdbc:h2:mem:6a3784ae-1aa6-4bbf-b617-4d4aeabcc2af
call next value for hibernate_sequence
call next value for hibernate_sequence;
2022-10-10 13:48:04.669  INFO 3923 --- [    Test worker] p6spy                                    : #1665377284669 | took 0ms | statement | connection 26| url jdbc:h2:mem:6a3784ae-1aa6-4bbf-b617-4d4aeabcc2af
call next value for hibernate_sequence
call next value for hibernate_sequence;
2022-10-10 13:48:04.669  INFO 3923 --- [    Test worker] c.j.r.FavoriteSpotQueryRepositoryTest    : favoriteSpot = FavoriteSpot(id=522, count=0)
2022-10-10 13:48:04.669  INFO 3923 --- [    Test worker] c.j.r.FavoriteSpotQueryRepositoryTest    : Spot = capstone.jejuTourrecommend.domain.Spot@574ce76c
2022-10-10 13:48:04.669  INFO 3923 --- [    Test worker] p6spy                                    : #1665377284669 | took 0ms | statement | connection 26| url jdbc:h2:mem:6a3784ae-1aa6-4bbf-b617-4d4aeabcc2af
call next value for hibernate_sequence
call next value for hibernate_sequence;
2022-10-10 13:48:04.669  INFO 3923 --- [    Test worker] p6spy                                    : #1665377284669 | took 0ms | statement | connection 26| url jdbc:h2:mem:6a3784ae-1aa6-4bbf-b617-4d4aeabcc2af
call next value for hibernate_sequence
call next value for hibernate_sequence;
2022-10-10 13:48:04.669  INFO 3923 --- [    Test worker] p6spy                                    : #1665377284669 | took 0ms | statement | connection 26| url jdbc:h2:mem:6a3784ae-1aa6-4bbf-b617-4d4aeabcc2af
call next value for hibernate_sequence
call next value for hibernate_sequence;
2022-10-10 13:48:04.669  INFO 3923 --- [    Test worker] p6spy                                    : #1665377284669 | took 0ms | statement | connection 26| url jdbc:h2:mem:6a3784ae-1aa6-4bbf-b617-4d4aeabcc2af
call next value for hibernate_sequence
call next value for hibernate_sequence;
2022-10-10 13:48:04.669  INFO 3923 --- [    Test worker] p6spy                                    : #1665377284669 | took 0ms | statement | connection 26| url jdbc:h2:mem:6a3784ae-1aa6-4bbf-b617-4d4aeabcc2af
call next value for hibernate_sequence
call next value for hibernate_sequence;
2022-10-10 13:48:04.669  INFO 3923 --- [    Test worker] p6spy                                    : #1665377284669 | took 0ms | statement | connection 26| url jdbc:h2:mem:6a3784ae-1aa6-4bbf-b617-4d4aeabcc2af
call next value for hibernate_sequence
call next value for hibernate_sequence;
2022-10-10 13:48:04.669  INFO 3923 --- [    Test worker] p6spy                                    : #1665377284669 | took 0ms | statement | connection 26| url jdbc:h2:mem:6a3784ae-1aa6-4bbf-b617-4d4aeabcc2af
call next value for hibernate_sequence
call next value for hibernate_sequence;
2022-10-10 13:48:04.669  INFO 3923 --- [    Test worker] p6spy                                    : #1665377284669 | took 0ms | statement | connection 26| url jdbc:h2:mem:6a3784ae-1aa6-4bbf-b617-4d4aeabcc2af
call next value for hibernate_sequence
call next value for hibernate_sequence;
2022-10-10 13:48:04.669  INFO 3923 --- [    Test worker] c.j.r.FavoriteSpotQueryRepositoryTest    : favoriteSpot = FavoriteSpot(id=523, count=0)
2022-10-10 13:48:04.669  INFO 3923 --- [    Test worker] c.j.r.FavoriteSpotQueryRepositoryTest    : Spot = capstone.jejuTourrecommend.domain.Spot@65082fd9
2022-10-10 13:48:04.669  INFO 3923 --- [    Test worker] p6spy                                    : #1665377284669 | took 0ms | statement | connection 26| url jdbc:h2:mem:6a3784ae-1aa6-4bbf-b617-4d4aeabcc2af
call next value for hibernate_sequence
call next value for hibernate_sequence;
2022-10-10 13:48:04.669  INFO 3923 --- [    Test worker] p6spy                                    : #1665377284669 | took 0ms | statement | connection 26| url jdbc:h2:mem:6a3784ae-1aa6-4bbf-b617-4d4aeabcc2af
call next value for hibernate_sequence
call next value for hibernate_sequence;
2022-10-10 13:48:04.669  INFO 3923 --- [    Test worker] p6spy                                    : #1665377284669 | took 0ms | statement | connection 26| url jdbc:h2:mem:6a3784ae-1aa6-4bbf-b617-4d4aeabcc2af
call next value for hibernate_sequence
call next value for hibernate_sequence;
2022-10-10 13:48:04.669  INFO 3923 --- [    Test worker] p6spy                                    : #1665377284669 | took 0ms | statement | connection 26| url jdbc:h2:mem:6a3784ae-1aa6-4bbf-b617-4d4aeabcc2af
call next value for hibernate_sequence
call next value for hibernate_sequence;
2022-10-10 13:48:04.669  INFO 3923 --- [    Test worker] p6spy                                    : #1665377284669 | took 0ms | statement | connection 26| url jdbc:h2:mem:6a3784ae-1aa6-4bbf-b617-4d4aeabcc2af
call next value for hibernate_sequence
call next value for hibernate_sequence;
2022-10-10 13:48:04.669  INFO 3923 --- [    Test worker] p6spy                                    : #1665377284669 | took 0ms | statement | connection 26| url jdbc:h2:mem:6a3784ae-1aa6-4bbf-b617-4d4aeabcc2af
call next value for hibernate_sequence
call next value for hibernate_sequence;
2022-10-10 13:48:04.670  INFO 3923 --- [    Test worker] p6spy                                    : #1665377284670 | took 0ms | statement | connection 26| url jdbc:h2:mem:6a3784ae-1aa6-4bbf-b617-4d4aeabcc2af
call next value for hibernate_sequence
call next value for hibernate_sequence;
2022-10-10 13:48:04.670  INFO 3923 --- [    Test worker] p6spy                                    : #1665377284670 | took 0ms | statement | connection 26| url jdbc:h2:mem:6a3784ae-1aa6-4bbf-b617-4d4aeabcc2af
call next value for hibernate_sequence
call next value for hibernate_sequence;
2022-10-10 13:48:04.670  INFO 3923 --- [    Test worker] c.j.r.FavoriteSpotQueryRepositoryTest    : favoriteSpot = FavoriteSpot(id=524, count=0)
2022-10-10 13:48:04.670  INFO 3923 --- [    Test worker] c.j.r.FavoriteSpotQueryRepositoryTest    : Spot = capstone.jejuTourrecommend.domain.Spot@4a917245
2022-10-10 13:48:04.670  INFO 3923 --- [    Test worker] p6spy                                    : #1665377284670 | took 0ms | statement | connection 26| url jdbc:h2:mem:6a3784ae-1aa6-4bbf-b617-4d4aeabcc2af
call next value for hibernate_sequence
call next value for hibernate_sequence;
2022-10-10 13:48:04.670  INFO 3923 --- [    Test worker] p6spy                                    : #1665377284670 | took 0ms | statement | connection 26| url jdbc:h2:mem:6a3784ae-1aa6-4bbf-b617-4d4aeabcc2af
call next value for hibernate_sequence
call next value for hibernate_sequence;
2022-10-10 13:48:04.670  INFO 3923 --- [    Test worker] p6spy                                    : #1665377284670 | took 0ms | statement | connection 26| url jdbc:h2:mem:6a3784ae-1aa6-4bbf-b617-4d4aeabcc2af
call next value for hibernate_sequence
call next value for hibernate_sequence;
2022-10-10 13:48:04.670  INFO 3923 --- [    Test worker] p6spy                                    : #1665377284670 | took 0ms | statement | connection 26| url jdbc:h2:mem:6a3784ae-1aa6-4bbf-b617-4d4aeabcc2af
call next value for hibernate_sequence
call next value for hibernate_sequence;
2022-10-10 13:48:04.670  INFO 3923 --- [    Test worker] p6spy                                    : #1665377284670 | took 0ms | statement | connection 26| url jdbc:h2:mem:6a3784ae-1aa6-4bbf-b617-4d4aeabcc2af
call next value for hibernate_sequence
call next value for hibernate_sequence;
2022-10-10 13:48:04.670  INFO 3923 --- [    Test worker] p6spy                                    : #1665377284670 | took 0ms | statement | connection 26| url jdbc:h2:mem:6a3784ae-1aa6-4bbf-b617-4d4aeabcc2af
call next value for hibernate_sequence
call next value for hibernate_sequence;
2022-10-10 13:48:04.670  INFO 3923 --- [    Test worker] p6spy                                    : #1665377284670 | took 0ms | statement | connection 26| url jdbc:h2:mem:6a3784ae-1aa6-4bbf-b617-4d4aeabcc2af
call next value for hibernate_sequence
call next value for hibernate_sequence;
2022-10-10 13:48:04.670  INFO 3923 --- [    Test worker] p6spy                                    : #1665377284670 | took 0ms | statement | connection 26| url jdbc:h2:mem:6a3784ae-1aa6-4bbf-b617-4d4aeabcc2af
call next value for hibernate_sequence
call next value for hibernate_sequence;
2022-10-10 13:48:04.670  INFO 3923 --- [    Test worker] c.j.r.FavoriteSpotQueryRepositoryTest    : favoriteSpot = FavoriteSpot(id=525, count=0)
2022-10-10 13:48:04.670  INFO 3923 --- [    Test worker] c.j.r.FavoriteSpotQueryRepositoryTest    : Spot = capstone.jejuTourrecommend.domain.Spot@e6bb0f2
2022-10-10 13:48:04.670  INFO 3923 --- [    Test worker] p6spy                                    : #1665377284670 | took 0ms | statement | connection 26| url jdbc:h2:mem:6a3784ae-1aa6-4bbf-b617-4d4aeabcc2af
call next value for hibernate_sequence
call next value for hibernate_sequence;
2022-10-10 13:48:04.670  INFO 3923 --- [    Test worker] p6spy                                    : #1665377284670 | took 0ms | statement | connection 26| url jdbc:h2:mem:6a3784ae-1aa6-4bbf-b617-4d4aeabcc2af
call next value for hibernate_sequence
call next value for hibernate_sequence;
2022-10-10 13:48:04.670  INFO 3923 --- [    Test worker] p6spy                                    : #1665377284670 | took 0ms | statement | connection 26| url jdbc:h2:mem:6a3784ae-1aa6-4bbf-b617-4d4aeabcc2af
call next value for hibernate_sequence
call next value for hibernate_sequence;
2022-10-10 13:48:04.670  INFO 3923 --- [    Test worker] p6spy                                    : #1665377284670 | took 0ms | statement | connection 26| url jdbc:h2:mem:6a3784ae-1aa6-4bbf-b617-4d4aeabcc2af
call next value for hibernate_sequence
call next value for hibernate_sequence;
2022-10-10 13:48:04.670  INFO 3923 --- [    Test worker] p6spy                                    : #1665377284670 | took 0ms | statement | connection 26| url jdbc:h2:mem:6a3784ae-1aa6-4bbf-b617-4d4aeabcc2af
call next value for review_seq
call next value for review_seq;
2022-10-10 13:48:04.670  INFO 3923 --- [    Test worker] p6spy                                    : #1665377284670 | took 0ms | statement | connection 26| url jdbc:h2:mem:6a3784ae-1aa6-4bbf-b617-4d4aeabcc2af
call next value for hibernate_sequence
call next value for hibernate_sequence;
2022-10-10 13:48:04.670  INFO 3923 --- [    Test worker] p6spy                                    : #1665377284670 | took 0ms | statement | connection 26| url jdbc:h2:mem:6a3784ae-1aa6-4bbf-b617-4d4aeabcc2af
call next value for hibernate_sequence
call next value for hibernate_sequence;
2022-10-10 13:48:04.670  INFO 3923 --- [    Test worker] p6spy                                    : #1665377284670 | took 0ms | statement | connection 26| url jdbc:h2:mem:6a3784ae-1aa6-4bbf-b617-4d4aeabcc2af
call next value for hibernate_sequence
call next value for hibernate_sequence;
2022-10-10 13:48:04.670  INFO 3923 --- [    Test worker] p6spy                                    : #1665377284670 | took 0ms | statement | connection 26| url jdbc:h2:mem:6a3784ae-1aa6-4bbf-b617-4d4aeabcc2af
call next value for hibernate_sequence
call next value for hibernate_sequence;
2022-10-10 13:48:04.670  INFO 3923 --- [    Test worker] c.j.r.FavoriteSpotQueryRepositoryTest    : favoriteSpot = FavoriteSpot(id=526, count=0)
2022-10-10 13:48:04.670  INFO 3923 --- [    Test worker] c.j.r.FavoriteSpotQueryRepositoryTest    : Spot = capstone.jejuTourrecommend.domain.Spot@aada50f
2022-10-10 13:48:04.670  INFO 3923 --- [    Test worker] p6spy                                    : #1665377284670 | took 0ms | statement | connection 26| url jdbc:h2:mem:6a3784ae-1aa6-4bbf-b617-4d4aeabcc2af
call next value for score_seq
call next value for score_seq;
2022-10-10 13:48:04.670  INFO 3923 --- [    Test worker] p6spy                                    : #1665377284670 | took 0ms | statement | connection 26| url jdbc:h2:mem:6a3784ae-1aa6-4bbf-b617-4d4aeabcc2af
call next value for hibernate_sequence
call next value for hibernate_sequence;
2022-10-10 13:48:04.670  INFO 3923 --- [    Test worker] p6spy                                    : #1665377284670 | took 0ms | statement | connection 26| url jdbc:h2:mem:6a3784ae-1aa6-4bbf-b617-4d4aeabcc2af
call next value for hibernate_sequence
call next value for hibernate_sequence;
2022-10-10 13:48:04.670  INFO 3923 --- [    Test worker] p6spy                                    : #1665377284670 | took 0ms | statement | connection 26| url jdbc:h2:mem:6a3784ae-1aa6-4bbf-b617-4d4aeabcc2af
call next value for hibernate_sequence
call next value for hibernate_sequence;
2022-10-10 13:48:04.670  INFO 3923 --- [    Test worker] p6spy                                    : #1665377284670 | took 0ms | statement | connection 26| url jdbc:h2:mem:6a3784ae-1aa6-4bbf-b617-4d4aeabcc2af
call next value for hibernate_sequence
call next value for hibernate_sequence;
2022-10-10 13:48:04.672  INFO 3923 --- [    Test worker] p6spy                                    : #1665377284672 | took 0ms | statement | connection 26| url jdbc:h2:mem:6a3784ae-1aa6-4bbf-b617-4d4aeabcc2af
insert into member (created_date, last_modified_date, created_by, last_modified_by, email, password, refresh_token, role, username, member_id) values (?, ?, ?, ?, ?, ?, ?, ?, ?, ?)
insert into member (created_date, last_modified_date, created_by, last_modified_by, email, password, refresh_token, role, username, member_id) values ('2022-10-10T13:48:04.657+0900', '2022-10-10T13:48:04.657+0900', '56c640a3-2488-4f57-8df8-70617162935b', '56c640a3-2488-4f57-8df8-70617162935b', 'member1@gmail.com', '1234', NULL, NULL, 'member1', 20);
2022-10-10 13:48:04.672  INFO 3923 --- [    Test worker] p6spy                                    : #1665377284672 | took 0ms | statement | connection 26| url jdbc:h2:mem:6a3784ae-1aa6-4bbf-b617-4d4aeabcc2af
insert into member (created_date, last_modified_date, created_by, last_modified_by, email, password, refresh_token, role, username, member_id) values (?, ?, ?, ?, ?, ?, ?, ?, ?, ?)
insert into member (created_date, last_modified_date, created_by, last_modified_by, email, password, refresh_token, role, username, member_id) values ('2022-10-10T13:48:04.657+0900', '2022-10-10T13:48:04.657+0900', 'e8d3dd0d-0a4f-4db2-81cd-bd2bc1e3f0a0', 'e8d3dd0d-0a4f-4db2-81cd-bd2bc1e3f0a0', 'member2@naver.com', '2345', NULL, NULL, 'member2', 21);
2022-10-10 13:48:04.672  INFO 3923 --- [    Test worker] p6spy                                    : #1665377284672 | took 0ms | statement | connection 26| url jdbc:h2:mem:6a3784ae-1aa6-4bbf-b617-4d4aeabcc2af
insert into favorite (member_id, name, favorite_id) values (?, ?, ?)
insert into favorite (member_id, name, favorite_id) values (20, '1일차', 41);
2022-10-10 13:48:04.672  INFO 3923 --- [    Test worker] p6spy                                    : #1665377284672 | took 0ms | statement | connection 26| url jdbc:h2:mem:6a3784ae-1aa6-4bbf-b617-4d4aeabcc2af
insert into score (facility_rank, facility_score, price_rank, price_score, rank_average, surround_rank, surround_score, view_rank, view_score, score_id) values (?, ?, ?, ?, ?, ?, ?, ?, ?, ?)
insert into score (facility_rank, facility_score, price_rank, price_score, rank_average, surround_rank, surround_score, view_rank, view_score, score_id) values (8.680831968221847, 8.286016204995745, 2.2771064100593086, 9.664960588878891, 5.7237519125278356, 9.49717397976821, 6.512873078010211, 3.6422062940500375, 7.927764858606222, 603);
2022-10-10 13:48:04.672  INFO 3923 --- [    Test worker] p6spy                                    : #1665377284672 | took 0ms | statement | connection 26| url jdbc:h2:mem:6a3784ae-1aa6-4bbf-b617-4d4aeabcc2af
insert into picture (spot_id, url, picture_id) values (?, ?, ?)
insert into picture (spot_id, url, picture_id) values (NULL, 'java.io.StringReader@5835032e', 2465);
2022-10-10 13:48:04.672  INFO 3923 --- [    Test worker] p6spy                                    : #1665377284672 | took 0ms | statement | connection 26| url jdbc:h2:mem:6a3784ae-1aa6-4bbf-b617-4d4aeabcc2af
insert into picture (spot_id, url, picture_id) values (?, ?, ?)
insert into picture (spot_id, url, picture_id) values (NULL, 'java.io.StringReader@7a450c77', 2466);
2022-10-10 13:48:04.672  INFO 3923 --- [    Test worker] p6spy                                    : #1665377284672 | took 0ms | statement | connection 26| url jdbc:h2:mem:6a3784ae-1aa6-4bbf-b617-4d4aeabcc2af
insert into picture (spot_id, url, picture_id) values (?, ?, ?)
insert into picture (spot_id, url, picture_id) values (NULL, 'java.io.StringReader@3b89a0fa', 2467);
2022-10-10 13:48:04.672  INFO 3923 --- [    Test worker] p6spy                                    : #1665377284672 | took 0ms | statement | connection 26| url jdbc:h2:mem:6a3784ae-1aa6-4bbf-b617-4d4aeabcc2af
insert into spot (address, description, location, name, score_id, spot_id) values (?, ?, ?, ?, ?, ?)
insert into spot (address, description, location, name, score_id, spot_id) values (NULL, NULL, 'Aewol_eup', NULL, 603, 669);
2022-10-10 13:48:04.672  INFO 3923 --- [    Test worker] p6spy                                    : #1665377284672 | took 0ms | statement | connection 26| url jdbc:h2:mem:6a3784ae-1aa6-4bbf-b617-4d4aeabcc2af
insert into member_spot (member_id, score, spot_id, member_spot_id) values (?, ?, ?, ?)
insert into member_spot (member_id, score, spot_id, member_spot_id) values (21, 0.0, 669, 2468);
2022-10-10 13:48:04.672  INFO 3923 --- [    Test worker] p6spy                                    : #1665377284672 | took 0ms | statement | connection 26| url jdbc:h2:mem:6a3784ae-1aa6-4bbf-b617-4d4aeabcc2af
insert into review (content, spot_id, review_id) values (?, ?, ?)
insert into review (content, spot_id, review_id) values ('java.io.StringReader@20365322', 669, 605);
2022-10-10 13:48:04.672  INFO 3923 --- [    Test worker] p6spy                                    : #1665377284672 | took 0ms | statement | connection 26| url jdbc:h2:mem:6a3784ae-1aa6-4bbf-b617-4d4aeabcc2af
insert into favorite_spot (count, favorite_id, spot_id, favorite_spot_id) values (?, ?, ?, ?)
insert into favorite_spot (count, favorite_id, spot_id, favorite_spot_id) values (0, 41, 669, 477);
2022-10-10 13:48:04.672  INFO 3923 --- [    Test worker] p6spy                                    : #1665377284672 | took 0ms | statement | connection 26| url jdbc:h2:mem:6a3784ae-1aa6-4bbf-b617-4d4aeabcc2af
insert into score (facility_rank, facility_score, price_rank, price_score, rank_average, surround_rank, surround_score, view_rank, view_score, score_id) values (?, ?, ?, ?, ?, ?, ?, ?, ?, ?)
insert into score (facility_rank, facility_score, price_rank, price_score, rank_average, surround_rank, surround_score, view_rank, view_score, score_id) values (2.449133832453212, 5.449239913074577, 3.9442023515975566, 7.297474363541213, 3.0131514196282883, 7.032837791890394, 4.130480608595936, 3.048165373664933, 2.248738391115417, 604);
2022-10-10 13:48:04.672  INFO 3923 --- [    Test worker] p6spy                                    : #1665377284672 | took 0ms | statement | connection 26| url jdbc:h2:mem:6a3784ae-1aa6-4bbf-b617-4d4aeabcc2af
insert into picture (spot_id, url, picture_id) values (?, ?, ?)
insert into picture (spot_id, url, picture_id) values (NULL, 'java.io.StringReader@5bee34b8', 2469);
2022-10-10 13:48:04.672  INFO 3923 --- [    Test worker] p6spy                                    : #1665377284672 | took 0ms | statement | connection 26| url jdbc:h2:mem:6a3784ae-1aa6-4bbf-b617-4d4aeabcc2af
insert into picture (spot_id, url, picture_id) values (?, ?, ?)
insert into picture (spot_id, url, picture_id) values (NULL, 'java.io.StringReader@4a03e7af', 2470);
2022-10-10 13:48:04.672  INFO 3923 --- [    Test worker] p6spy                                    : #1665377284672 | took 0ms | statement | connection 26| url jdbc:h2:mem:6a3784ae-1aa6-4bbf-b617-4d4aeabcc2af
insert into picture (spot_id, url, picture_id) values (?, ?, ?)
insert into picture (spot_id, url, picture_id) values (NULL, 'java.io.StringReader@65242332', 2471);
2022-10-10 13:48:04.672  INFO 3923 --- [    Test worker] p6spy                                    : #1665377284672 | took 0ms | statement | connection 26| url jdbc:h2:mem:6a3784ae-1aa6-4bbf-b617-4d4aeabcc2af
insert into spot (address, description, location, name, score_id, spot_id) values (?, ?, ?, ?, ?, ?)
insert into spot (address, description, location, name, score_id, spot_id) values (NULL, NULL, 'Aewol_eup', NULL, 604, 670);
2022-10-10 13:48:04.672  INFO 3923 --- [    Test worker] p6spy                                    : #1665377284672 | took 0ms | statement | connection 26| url jdbc:h2:mem:6a3784ae-1aa6-4bbf-b617-4d4aeabcc2af
insert into member_spot (member_id, score, spot_id, member_spot_id) values (?, ?, ?, ?)
insert into member_spot (member_id, score, spot_id, member_spot_id) values (21, 0.0, 670, 2472);
2022-10-10 13:48:04.672  INFO 3923 --- [    Test worker] p6spy                                    : #1665377284672 | took 0ms | statement | connection 26| url jdbc:h2:mem:6a3784ae-1aa6-4bbf-b617-4d4aeabcc2af
insert into review (content, spot_id, review_id) values (?, ?, ?)
insert into review (content, spot_id, review_id) values ('java.io.StringReader@3dc52b8a', 669, 606);
2022-10-10 13:48:04.672  INFO 3923 --- [    Test worker] p6spy                                    : #1665377284672 | took 0ms | statement | connection 26| url jdbc:h2:mem:6a3784ae-1aa6-4bbf-b617-4d4aeabcc2af
insert into score (facility_rank, facility_score, price_rank, price_score, rank_average, surround_rank, surround_score, view_rank, view_score, score_id) values (?, ?, ?, ?, ?, ?, ?, ?, ?, ?)
insert into score (facility_rank, facility_score, price_rank, price_score, rank_average, surround_rank, surround_score, view_rank, view_score, score_id) values (9.392193183214427, 7.226372883774621, 9.540004145494928, 6.574394799370406, 8.772919998829721, 0.002257578664422999, 0.28026249272052994, 1.9644180352772111, 6.5260299893204365, 605);
2022-10-10 13:48:04.672  INFO 3923 --- [    Test worker] p6spy                                    : #1665377284672 | took 0ms | statement | connection 26| url jdbc:h2:mem:6a3784ae-1aa6-4bbf-b617-4d4aeabcc2af
insert into picture (spot_id, url, picture_id) values (?, ?, ?)
insert into picture (spot_id, url, picture_id) values (NULL, 'java.io.StringReader@2548ccda', 2473);
2022-10-10 13:48:04.672  INFO 3923 --- [    Test worker] p6spy                                    : #1665377284672 | took 0ms | statement | connection 26| url jdbc:h2:mem:6a3784ae-1aa6-4bbf-b617-4d4aeabcc2af
insert into picture (spot_id, url, picture_id) values (?, ?, ?)
insert into picture (spot_id, url, picture_id) values (NULL, 'java.io.StringReader@c2464cb', 2474);
2022-10-10 13:48:04.672  INFO 3923 --- [    Test worker] p6spy                                    : #1665377284672 | took 0ms | statement | connection 26| url jdbc:h2:mem:6a3784ae-1aa6-4bbf-b617-4d4aeabcc2af
insert into picture (spot_id, url, picture_id) values (?, ?, ?)
insert into picture (spot_id, url, picture_id) values (NULL, 'java.io.StringReader@625e3360', 2475);
2022-10-10 13:48:04.672  INFO 3923 --- [    Test worker] p6spy                                    : #1665377284672 | took 0ms | statement | connection 26| url jdbc:h2:mem:6a3784ae-1aa6-4bbf-b617-4d4aeabcc2af
insert into spot (address, description, location, name, score_id, spot_id) values (?, ?, ?, ?, ?, ?)
insert into spot (address, description, location, name, score_id, spot_id) values (NULL, NULL, 'Aewol_eup', NULL, 605, 671);
2022-10-10 13:48:04.672  INFO 3923 --- [    Test worker] p6spy                                    : #1665377284672 | took 0ms | statement | connection 26| url jdbc:h2:mem:6a3784ae-1aa6-4bbf-b617-4d4aeabcc2af
insert into member_spot (member_id, score, spot_id, member_spot_id) values (?, ?, ?, ?)
insert into member_spot (member_id, score, spot_id, member_spot_id) values (21, 0.0, 671, 2476);
2022-10-10 13:48:04.672  INFO 3923 --- [    Test worker] p6spy                                    : #1665377284672 | took 0ms | statement | connection 26| url jdbc:h2:mem:6a3784ae-1aa6-4bbf-b617-4d4aeabcc2af
insert into review (content, spot_id, review_id) values (?, ?, ?)
insert into review (content, spot_id, review_id) values ('java.io.StringReader@2372d47d', 669, 607);
2022-10-10 13:48:04.672  INFO 3923 --- [    Test worker] p6spy                                    : #1665377284672 | took 0ms | statement | connection 26| url jdbc:h2:mem:6a3784ae-1aa6-4bbf-b617-4d4aeabcc2af
insert into favorite_spot (count, favorite_id, spot_id, favorite_spot_id) values (?, ?, ?, ?)
insert into favorite_spot (count, favorite_id, spot_id, favorite_spot_id) values (0, 41, 671, 478);
2022-10-10 13:48:04.672  INFO 3923 --- [    Test worker] p6spy                                    : #1665377284672 | took 0ms | statement | connection 26| url jdbc:h2:mem:6a3784ae-1aa6-4bbf-b617-4d4aeabcc2af
insert into score (facility_rank, facility_score, price_rank, price_score, rank_average, surround_rank, surround_score, view_rank, view_score, score_id) values (?, ?, ?, ?, ?, ?, ?, ?, ?, ?)
insert into score (facility_rank, facility_score, price_rank, price_score, rank_average, surround_rank, surround_score, view_rank, view_score, score_id) values (9.383684500214947, 4.281325452805759, 5.543885249651267, 0.20089056962976248, 6.792493848381678, 6.869430734777336, 6.134922770273233, 7.529561218179699, 3.510867167515417, 606);
2022-10-10 13:48:04.672  INFO 3923 --- [    Test worker] p6spy                                    : #1665377284672 | took 0ms | statement | connection 26| url jdbc:h2:mem:6a3784ae-1aa6-4bbf-b617-4d4aeabcc2af
insert into picture (spot_id, url, picture_id) values (?, ?, ?)
insert into picture (spot_id, url, picture_id) values (NULL, 'java.io.StringReader@c9fcfd4', 2477);
2022-10-10 13:48:04.672  INFO 3923 --- [    Test worker] p6spy                                    : #1665377284672 | took 0ms | statement | connection 26| url jdbc:h2:mem:6a3784ae-1aa6-4bbf-b617-4d4aeabcc2af
insert into picture (spot_id, url, picture_id) values (?, ?, ?)
insert into picture (spot_id, url, picture_id) values (NULL, 'java.io.StringReader@40f00832', 2478);
2022-10-10 13:48:04.672  INFO 3923 --- [    Test worker] p6spy                                    : #1665377284672 | took 0ms | statement | connection 26| url jdbc:h2:mem:6a3784ae-1aa6-4bbf-b617-4d4aeabcc2af
insert into picture (spot_id, url, picture_id) values (?, ?, ?)
insert into picture (spot_id, url, picture_id) values (NULL, 'java.io.StringReader@108b5d04', 2479);
2022-10-10 13:48:04.672  INFO 3923 --- [    Test worker] p6spy                                    : #1665377284672 | took 0ms | statement | connection 26| url jdbc:h2:mem:6a3784ae-1aa6-4bbf-b617-4d4aeabcc2af
insert into spot (address, description, location, name, score_id, spot_id) values (?, ?, ?, ?, ?, ?)
insert into spot (address, description, location, name, score_id, spot_id) values (NULL, NULL, 'Aewol_eup', NULL, 606, 672);
2022-10-10 13:48:04.673  INFO 3923 --- [    Test worker] p6spy                                    : #1665377284673 | took 0ms | statement | connection 26| url jdbc:h2:mem:6a3784ae-1aa6-4bbf-b617-4d4aeabcc2af
insert into member_spot (member_id, score, spot_id, member_spot_id) values (?, ?, ?, ?)
insert into member_spot (member_id, score, spot_id, member_spot_id) values (21, 0.0, 672, 2480);
2022-10-10 13:48:04.673  INFO 3923 --- [    Test worker] p6spy                                    : #1665377284673 | took 0ms | statement | connection 26| url jdbc:h2:mem:6a3784ae-1aa6-4bbf-b617-4d4aeabcc2af
insert into review (content, spot_id, review_id) values (?, ?, ?)
insert into review (content, spot_id, review_id) values ('java.io.StringReader@33f80d9d', 669, 608);
2022-10-10 13:48:04.673  INFO 3923 --- [    Test worker] p6spy                                    : #1665377284673 | took 0ms | statement | connection 26| url jdbc:h2:mem:6a3784ae-1aa6-4bbf-b617-4d4aeabcc2af
insert into score (facility_rank, facility_score, price_rank, price_score, rank_average, surround_rank, surround_score, view_rank, view_score, score_id) values (?, ?, ?, ?, ?, ?, ?, ?, ?, ?)
insert into score (facility_rank, facility_score, price_rank, price_score, rank_average, surround_rank, surround_score, view_rank, view_score, score_id) values (1.121257493513249, 0.6465539514347363, 8.247090148926967, 0.07662053968345406, 8.791310548683654, 3.0783519536646375, 5.8326288220503795, 8.95659026876176, 8.42483299192579, 607);
2022-10-10 13:48:04.673  INFO 3923 --- [    Test worker] p6spy                                    : #1665377284673 | took 0ms | statement | connection 26| url jdbc:h2:mem:6a3784ae-1aa6-4bbf-b617-4d4aeabcc2af
insert into picture (spot_id, url, picture_id) values (?, ?, ?)
insert into picture (spot_id, url, picture_id) values (NULL, 'java.io.StringReader@5137ee23', 2481);
2022-10-10 13:48:04.673  INFO 3923 --- [    Test worker] p6spy                                    : #1665377284673 | took 0ms | statement | connection 26| url jdbc:h2:mem:6a3784ae-1aa6-4bbf-b617-4d4aeabcc2af
insert into picture (spot_id, url, picture_id) values (?, ?, ?)
insert into picture (spot_id, url, picture_id) values (NULL, 'java.io.StringReader@6297a364', 2482);
2022-10-10 13:48:04.673  INFO 3923 --- [    Test worker] p6spy                                    : #1665377284673 | took 0ms | statement | connection 26| url jdbc:h2:mem:6a3784ae-1aa6-4bbf-b617-4d4aeabcc2af
insert into picture (spot_id, url, picture_id) values (?, ?, ?)
insert into picture (spot_id, url, picture_id) values (NULL, 'java.io.StringReader@1a7b97e1', 2483);
2022-10-10 13:48:04.673  INFO 3923 --- [    Test worker] p6spy                                    : #1665377284673 | took 0ms | statement | connection 26| url jdbc:h2:mem:6a3784ae-1aa6-4bbf-b617-4d4aeabcc2af
insert into spot (address, description, location, name, score_id, spot_id) values (?, ?, ?, ?, ?, ?)
insert into spot (address, description, location, name, score_id, spot_id) values (NULL, NULL, 'Aewol_eup', NULL, 607, 673);
2022-10-10 13:48:04.673  INFO 3923 --- [    Test worker] p6spy                                    : #1665377284673 | took 0ms | statement | connection 26| url jdbc:h2:mem:6a3784ae-1aa6-4bbf-b617-4d4aeabcc2af
insert into member_spot (member_id, score, spot_id, member_spot_id) values (?, ?, ?, ?)
insert into member_spot (member_id, score, spot_id, member_spot_id) values (21, 0.0, 673, 2484);
2022-10-10 13:48:04.673  INFO 3923 --- [    Test worker] p6spy                                    : #1665377284673 | took 0ms | statement | connection 26| url jdbc:h2:mem:6a3784ae-1aa6-4bbf-b617-4d4aeabcc2af
insert into review (content, spot_id, review_id) values (?, ?, ?)
insert into review (content, spot_id, review_id) values ('java.io.StringReader@7535c370', 669, 609);
2022-10-10 13:48:04.673  INFO 3923 --- [    Test worker] p6spy                                    : #1665377284673 | took 0ms | statement | connection 26| url jdbc:h2:mem:6a3784ae-1aa6-4bbf-b617-4d4aeabcc2af
insert into favorite_spot (count, favorite_id, spot_id, favorite_spot_id) values (?, ?, ?, ?)
insert into favorite_spot (count, favorite_id, spot_id, favorite_spot_id) values (0, 41, 673, 479);
2022-10-10 13:48:04.673  INFO 3923 --- [    Test worker] p6spy                                    : #1665377284673 | took 0ms | statement | connection 26| url jdbc:h2:mem:6a3784ae-1aa6-4bbf-b617-4d4aeabcc2af
insert into score (facility_rank, facility_score, price_rank, price_score, rank_average, surround_rank, surround_score, view_rank, view_score, score_id) values (?, ?, ?, ?, ?, ?, ?, ?, ?, ?)
insert into score (facility_rank, facility_score, price_rank, price_score, rank_average, surround_rank, surround_score, view_rank, view_score, score_id) values (0.10083099958700714, 9.75550232112173, 7.736875735317964, 9.215517465281144, 4.001275409256885, 5.932859750768847, 4.265358725490693, 2.6841161356370136, 0.2642428674326047, 608);
2022-10-10 13:48:04.673  INFO 3923 --- [    Test worker] p6spy                                    : #1665377284673 | took 0ms | statement | connection 26| url jdbc:h2:mem:6a3784ae-1aa6-4bbf-b617-4d4aeabcc2af
insert into picture (spot_id, url, picture_id) values (?, ?, ?)
insert into picture (spot_id, url, picture_id) values (NULL, 'java.io.StringReader@28b443b', 2485);
2022-10-10 13:48:04.673  INFO 3923 --- [    Test worker] p6spy                                    : #1665377284673 | took 0ms | statement | connection 26| url jdbc:h2:mem:6a3784ae-1aa6-4bbf-b617-4d4aeabcc2af
insert into picture (spot_id, url, picture_id) values (?, ?, ?)
insert into picture (spot_id, url, picture_id) values (NULL, 'java.io.StringReader@2a26a530', 2486);
2022-10-10 13:48:04.673  INFO 3923 --- [    Test worker] p6spy                                    : #1665377284673 | took 0ms | statement | connection 26| url jdbc:h2:mem:6a3784ae-1aa6-4bbf-b617-4d4aeabcc2af
insert into picture (spot_id, url, picture_id) values (?, ?, ?)
insert into picture (spot_id, url, picture_id) values (NULL, 'java.io.StringReader@5fd21683', 2487);
2022-10-10 13:48:04.673  INFO 3923 --- [    Test worker] p6spy                                    : #1665377284673 | took 0ms | statement | connection 26| url jdbc:h2:mem:6a3784ae-1aa6-4bbf-b617-4d4aeabcc2af
insert into spot (address, description, location, name, score_id, spot_id) values (?, ?, ?, ?, ?, ?)
insert into spot (address, description, location, name, score_id, spot_id) values (NULL, NULL, 'Aewol_eup', NULL, 608, 674);
2022-10-10 13:48:04.673  INFO 3923 --- [    Test worker] p6spy                                    : #1665377284673 | took 0ms | statement | connection 26| url jdbc:h2:mem:6a3784ae-1aa6-4bbf-b617-4d4aeabcc2af
insert into member_spot (member_id, score, spot_id, member_spot_id) values (?, ?, ?, ?)
insert into member_spot (member_id, score, spot_id, member_spot_id) values (21, 0.0, 674, 2488);
2022-10-10 13:48:04.673  INFO 3923 --- [    Test worker] p6spy                                    : #1665377284673 | took 0ms | statement | connection 26| url jdbc:h2:mem:6a3784ae-1aa6-4bbf-b617-4d4aeabcc2af
insert into review (content, spot_id, review_id) values (?, ?, ?)
insert into review (content, spot_id, review_id) values ('java.io.StringReader@11b65246', 669, 610);
2022-10-10 13:48:04.673  INFO 3923 --- [    Test worker] p6spy                                    : #1665377284673 | took 0ms | statement | connection 26| url jdbc:h2:mem:6a3784ae-1aa6-4bbf-b617-4d4aeabcc2af
insert into score (facility_rank, facility_score, price_rank, price_score, rank_average, surround_rank, surround_score, view_rank, view_score, score_id) values (?, ?, ?, ?, ?, ?, ?, ?, ?, ?)
insert into score (facility_rank, facility_score, price_rank, price_score, rank_average, surround_rank, surround_score, view_rank, view_score, score_id) values (1.728041459720706, 7.188055038133214, 9.938695413507169, 0.693451732100685, 6.384518500381029, 4.7111603437363705, 0.7318954684851764, 5.436151163145296, 0.08763727270894472, 609);
2022-10-10 13:48:04.673  INFO 3923 --- [    Test worker] p6spy                                    : #1665377284673 | took 0ms | statement | connection 26| url jdbc:h2:mem:6a3784ae-1aa6-4bbf-b617-4d4aeabcc2af
insert into picture (spot_id, url, picture_id) values (?, ?, ?)
insert into picture (spot_id, url, picture_id) values (NULL, 'java.io.StringReader@8093a5c', 2489);
2022-10-10 13:48:04.673  INFO 3923 --- [    Test worker] p6spy                                    : #1665377284673 | took 0ms | statement | connection 26| url jdbc:h2:mem:6a3784ae-1aa6-4bbf-b617-4d4aeabcc2af
insert into picture (spot_id, url, picture_id) values (?, ?, ?)
insert into picture (spot_id, url, picture_id) values (NULL, 'java.io.StringReader@36de8d79', 2490);
2022-10-10 13:48:04.673  INFO 3923 --- [    Test worker] p6spy                                    : #1665377284673 | took 0ms | statement | connection 26| url jdbc:h2:mem:6a3784ae-1aa6-4bbf-b617-4d4aeabcc2af
insert into picture (spot_id, url, picture_id) values (?, ?, ?)
insert into picture (spot_id, url, picture_id) values (NULL, 'java.io.StringReader@1e408b46', 2491);
2022-10-10 13:48:04.673  INFO 3923 --- [    Test worker] p6spy                                    : #1665377284673 | took 0ms | statement | connection 26| url jdbc:h2:mem:6a3784ae-1aa6-4bbf-b617-4d4aeabcc2af
insert into spot (address, description, location, name, score_id, spot_id) values (?, ?, ?, ?, ?, ?)
insert into spot (address, description, location, name, score_id, spot_id) values (NULL, NULL, 'Aewol_eup', NULL, 609, 675);
2022-10-10 13:48:04.673  INFO 3923 --- [    Test worker] p6spy                                    : #1665377284673 | took 0ms | statement | connection 26| url jdbc:h2:mem:6a3784ae-1aa6-4bbf-b617-4d4aeabcc2af
insert into member_spot (member_id, score, spot_id, member_spot_id) values (?, ?, ?, ?)
insert into member_spot (member_id, score, spot_id, member_spot_id) values (21, 0.0, 675, 2492);
2022-10-10 13:48:04.673  INFO 3923 --- [    Test worker] p6spy                                    : #1665377284673 | took 0ms | statement | connection 26| url jdbc:h2:mem:6a3784ae-1aa6-4bbf-b617-4d4aeabcc2af
insert into review (content, spot_id, review_id) values (?, ?, ?)
insert into review (content, spot_id, review_id) values ('java.io.StringReader@766d60e4', 669, 611);
2022-10-10 13:48:04.673  INFO 3923 --- [    Test worker] p6spy                                    : #1665377284673 | took 0ms | statement | connection 26| url jdbc:h2:mem:6a3784ae-1aa6-4bbf-b617-4d4aeabcc2af
insert into favorite_spot (count, favorite_id, spot_id, favorite_spot_id) values (?, ?, ?, ?)
insert into favorite_spot (count, favorite_id, spot_id, favorite_spot_id) values (0, 41, 675, 480);
2022-10-10 13:48:04.673  INFO 3923 --- [    Test worker] p6spy                                    : #1665377284673 | took 0ms | statement | connection 26| url jdbc:h2:mem:6a3784ae-1aa6-4bbf-b617-4d4aeabcc2af
insert into score (facility_rank, facility_score, price_rank, price_score, rank_average, surround_rank, surround_score, view_rank, view_score, score_id) values (?, ?, ?, ?, ?, ?, ?, ?, ?, ?)
insert into score (facility_rank, facility_score, price_rank, price_score, rank_average, surround_rank, surround_score, view_rank, view_score, score_id) values (2.9426152111889903, 5.836749502432791, 0.5867775955732812, 4.475547743184122, 2.3134120560797045, 9.464295143700712, 3.799355817754957, 4.589983704155455, 7.593589345094235, 610);
2022-10-10 13:48:04.673  INFO 3923 --- [    Test worker] p6spy                                    : #1665377284673 | took 0ms | statement | connection 26| url jdbc:h2:mem:6a3784ae-1aa6-4bbf-b617-4d4aeabcc2af
insert into picture (spot_id, url, picture_id) values (?, ?, ?)
insert into picture (spot_id, url, picture_id) values (NULL, 'java.io.StringReader@755a95f2', 2493);
2022-10-10 13:48:04.673  INFO 3923 --- [    Test worker] p6spy                                    : #1665377284673 | took 0ms | statement | connection 26| url jdbc:h2:mem:6a3784ae-1aa6-4bbf-b617-4d4aeabcc2af
insert into picture (spot_id, url, picture_id) values (?, ?, ?)
insert into picture (spot_id, url, picture_id) values (NULL, 'java.io.StringReader@750b0eb0', 2494);
2022-10-10 13:48:04.673  INFO 3923 --- [    Test worker] p6spy                                    : #1665377284673 | took 0ms | statement | connection 26| url jdbc:h2:mem:6a3784ae-1aa6-4bbf-b617-4d4aeabcc2af
insert into picture (spot_id, url, picture_id) values (?, ?, ?)
insert into picture (spot_id, url, picture_id) values (NULL, 'java.io.StringReader@3828e814', 2495);
2022-10-10 13:48:04.673  INFO 3923 --- [    Test worker] p6spy                                    : #1665377284673 | took 0ms | statement | connection 26| url jdbc:h2:mem:6a3784ae-1aa6-4bbf-b617-4d4aeabcc2af
insert into spot (address, description, location, name, score_id, spot_id) values (?, ?, ?, ?, ?, ?)
insert into spot (address, description, location, name, score_id, spot_id) values (NULL, NULL, 'Aewol_eup', NULL, 610, 676);
2022-10-10 13:48:04.673  INFO 3923 --- [    Test worker] p6spy                                    : #1665377284673 | took 0ms | statement | connection 26| url jdbc:h2:mem:6a3784ae-1aa6-4bbf-b617-4d4aeabcc2af
insert into member_spot (member_id, score, spot_id, member_spot_id) values (?, ?, ?, ?)
insert into member_spot (member_id, score, spot_id, member_spot_id) values (21, 0.0, 676, 2496);
2022-10-10 13:48:04.673  INFO 3923 --- [    Test worker] p6spy                                    : #1665377284673 | took 0ms | statement | connection 26| url jdbc:h2:mem:6a3784ae-1aa6-4bbf-b617-4d4aeabcc2af
insert into review (content, spot_id, review_id) values (?, ?, ?)
insert into review (content, spot_id, review_id) values ('java.io.StringReader@3f9fae4b', 669, 612);
2022-10-10 13:48:04.673  INFO 3923 --- [    Test worker] p6spy                                    : #1665377284673 | took 0ms | statement | connection 26| url jdbc:h2:mem:6a3784ae-1aa6-4bbf-b617-4d4aeabcc2af
insert into score (facility_rank, facility_score, price_rank, price_score, rank_average, surround_rank, surround_score, view_rank, view_score, score_id) values (?, ?, ?, ?, ?, ?, ?, ?, ?, ?)
insert into score (facility_rank, facility_score, price_rank, price_score, rank_average, surround_rank, surround_score, view_rank, view_score, score_id) values (6.809373970937932, 9.310693573283809, 7.246865053456286, 2.355434948743919, 9.36509502484743, 4.065929329020934, 7.337246742684966, 5.196151997445154, 6.700815661413283, 611);
2022-10-10 13:48:04.673  INFO 3923 --- [    Test worker] p6spy                                    : #1665377284673 | took 0ms | statement | connection 26| url jdbc:h2:mem:6a3784ae-1aa6-4bbf-b617-4d4aeabcc2af
insert into picture (spot_id, url, picture_id) values (?, ?, ?)
insert into picture (spot_id, url, picture_id) values (NULL, 'java.io.StringReader@3e11389b', 2497);
2022-10-10 13:48:04.673  INFO 3923 --- [    Test worker] p6spy                                    : #1665377284673 | took 0ms | statement | connection 26| url jdbc:h2:mem:6a3784ae-1aa6-4bbf-b617-4d4aeabcc2af
insert into picture (spot_id, url, picture_id) values (?, ?, ?)
insert into picture (spot_id, url, picture_id) values (NULL, 'java.io.StringReader@674e1c07', 2498);
2022-10-10 13:48:04.673  INFO 3923 --- [    Test worker] p6spy                                    : #1665377284673 | took 0ms | statement | connection 26| url jdbc:h2:mem:6a3784ae-1aa6-4bbf-b617-4d4aeabcc2af
insert into picture (spot_id, url, picture_id) values (?, ?, ?)
insert into picture (spot_id, url, picture_id) values (NULL, 'java.io.StringReader@717e92d5', 2499);
2022-10-10 13:48:04.673  INFO 3923 --- [    Test worker] p6spy                                    : #1665377284673 | took 0ms | statement | connection 26| url jdbc:h2:mem:6a3784ae-1aa6-4bbf-b617-4d4aeabcc2af
insert into spot (address, description, location, name, score_id, spot_id) values (?, ?, ?, ?, ?, ?)
insert into spot (address, description, location, name, score_id, spot_id) values (NULL, NULL, 'Aewol_eup', NULL, 611, 677);
2022-10-10 13:48:04.673  INFO 3923 --- [    Test worker] p6spy                                    : #1665377284673 | took 0ms | statement | connection 26| url jdbc:h2:mem:6a3784ae-1aa6-4bbf-b617-4d4aeabcc2af
insert into member_spot (member_id, score, spot_id, member_spot_id) values (?, ?, ?, ?)
insert into member_spot (member_id, score, spot_id, member_spot_id) values (21, 0.0, 677, 2500);
2022-10-10 13:48:04.673  INFO 3923 --- [    Test worker] p6spy                                    : #1665377284673 | took 0ms | statement | connection 26| url jdbc:h2:mem:6a3784ae-1aa6-4bbf-b617-4d4aeabcc2af
insert into review (content, spot_id, review_id) values (?, ?, ?)
insert into review (content, spot_id, review_id) values ('java.io.StringReader@7c8ff6b9', 669, 613);
2022-10-10 13:48:04.673  INFO 3923 --- [    Test worker] p6spy                                    : #1665377284673 | took 0ms | statement | connection 26| url jdbc:h2:mem:6a3784ae-1aa6-4bbf-b617-4d4aeabcc2af
insert into favorite_spot (count, favorite_id, spot_id, favorite_spot_id) values (?, ?, ?, ?)
insert into favorite_spot (count, favorite_id, spot_id, favorite_spot_id) values (0, 41, 677, 481);
2022-10-10 13:48:04.673  INFO 3923 --- [    Test worker] p6spy                                    : #1665377284673 | took 0ms | statement | connection 26| url jdbc:h2:mem:6a3784ae-1aa6-4bbf-b617-4d4aeabcc2af
insert into score (facility_rank, facility_score, price_rank, price_score, rank_average, surround_rank, surround_score, view_rank, view_score, score_id) values (?, ?, ?, ?, ?, ?, ?, ?, ?, ?)
insert into score (facility_rank, facility_score, price_rank, price_score, rank_average, surround_rank, surround_score, view_rank, view_score, score_id) values (8.189081189622218, 4.348505733713455, 9.80321761686173, 1.9305082673633978, 3.379698702061924, 2.5179216598325036, 9.136662924623462, 6.617517747239514, 6.865875942983392, 612);
2022-10-10 13:48:04.673  INFO 3923 --- [    Test worker] p6spy                                    : #1665377284673 | took 0ms | statement | connection 26| url jdbc:h2:mem:6a3784ae-1aa6-4bbf-b617-4d4aeabcc2af
insert into picture (spot_id, url, picture_id) values (?, ?, ?)
insert into picture (spot_id, url, picture_id) values (NULL, 'java.io.StringReader@5618f52d', 2501);
2022-10-10 13:48:04.673  INFO 3923 --- [    Test worker] p6spy                                    : #1665377284673 | took 0ms | statement | connection 26| url jdbc:h2:mem:6a3784ae-1aa6-4bbf-b617-4d4aeabcc2af
insert into picture (spot_id, url, picture_id) values (?, ?, ?)
insert into picture (spot_id, url, picture_id) values (NULL, 'java.io.StringReader@42f9c5cf', 2502);
2022-10-10 13:48:04.673  INFO 3923 --- [    Test worker] p6spy                                    : #1665377284673 | took 0ms | statement | connection 26| url jdbc:h2:mem:6a3784ae-1aa6-4bbf-b617-4d4aeabcc2af
insert into picture (spot_id, url, picture_id) values (?, ?, ?)
insert into picture (spot_id, url, picture_id) values (NULL, 'java.io.StringReader@60a042c9', 2503);
2022-10-10 13:48:04.673  INFO 3923 --- [    Test worker] p6spy                                    : #1665377284673 | took 0ms | statement | connection 26| url jdbc:h2:mem:6a3784ae-1aa6-4bbf-b617-4d4aeabcc2af
insert into spot (address, description, location, name, score_id, spot_id) values (?, ?, ?, ?, ?, ?)
insert into spot (address, description, location, name, score_id, spot_id) values (NULL, NULL, 'Aewol_eup', NULL, 612, 678);
2022-10-10 13:48:04.673  INFO 3923 --- [    Test worker] p6spy                                    : #1665377284673 | took 0ms | statement | connection 26| url jdbc:h2:mem:6a3784ae-1aa6-4bbf-b617-4d4aeabcc2af
insert into member_spot (member_id, score, spot_id, member_spot_id) values (?, ?, ?, ?)
insert into member_spot (member_id, score, spot_id, member_spot_id) values (21, 0.0, 678, 2504);
2022-10-10 13:48:04.673  INFO 3923 --- [    Test worker] p6spy                                    : #1665377284673 | took 0ms | statement | connection 26| url jdbc:h2:mem:6a3784ae-1aa6-4bbf-b617-4d4aeabcc2af
insert into review (content, spot_id, review_id) values (?, ?, ?)
insert into review (content, spot_id, review_id) values ('java.io.StringReader@423d1bb5', 669, 614);
2022-10-10 13:48:04.673  INFO 3923 --- [    Test worker] p6spy                                    : #1665377284673 | took 0ms | statement | connection 26| url jdbc:h2:mem:6a3784ae-1aa6-4bbf-b617-4d4aeabcc2af
insert into score (facility_rank, facility_score, price_rank, price_score, rank_average, surround_rank, surround_score, view_rank, view_score, score_id) values (?, ?, ?, ?, ?, ?, ?, ?, ?, ?)
insert into score (facility_rank, facility_score, price_rank, price_score, rank_average, surround_rank, surround_score, view_rank, view_score, score_id) values (8.398422636382385, 0.1668125310284807, 0.10381761101341813, 6.511704320477971, 6.690840660152311, 4.3063424681204445, 6.578577335866267, 3.675546845603467, 3.4399150684844915, 613);
2022-10-10 13:48:04.673  INFO 3923 --- [    Test worker] p6spy                                    : #1665377284673 | took 0ms | statement | connection 26| url jdbc:h2:mem:6a3784ae-1aa6-4bbf-b617-4d4aeabcc2af
insert into picture (spot_id, url, picture_id) values (?, ?, ?)
insert into picture (spot_id, url, picture_id) values (NULL, 'java.io.StringReader@49cb91ea', 2505);
2022-10-10 13:48:04.674  INFO 3923 --- [    Test worker] p6spy                                    : #1665377284673 | took 0ms | statement | connection 26| url jdbc:h2:mem:6a3784ae-1aa6-4bbf-b617-4d4aeabcc2af
insert into picture (spot_id, url, picture_id) values (?, ?, ?)
insert into picture (spot_id, url, picture_id) values (NULL, 'java.io.StringReader@4dc7f1e6', 2506);
2022-10-10 13:48:04.674  INFO 3923 --- [    Test worker] p6spy                                    : #1665377284674 | took 0ms | statement | connection 26| url jdbc:h2:mem:6a3784ae-1aa6-4bbf-b617-4d4aeabcc2af
insert into picture (spot_id, url, picture_id) values (?, ?, ?)
insert into picture (spot_id, url, picture_id) values (NULL, 'java.io.StringReader@6aa2754e', 2507);
2022-10-10 13:48:04.674  INFO 3923 --- [    Test worker] p6spy                                    : #1665377284674 | took 0ms | statement | connection 26| url jdbc:h2:mem:6a3784ae-1aa6-4bbf-b617-4d4aeabcc2af
insert into spot (address, description, location, name, score_id, spot_id) values (?, ?, ?, ?, ?, ?)
insert into spot (address, description, location, name, score_id, spot_id) values (NULL, NULL, 'Aewol_eup', NULL, 613, 679);
2022-10-10 13:48:04.674  INFO 3923 --- [    Test worker] p6spy                                    : #1665377284674 | took 0ms | statement | connection 26| url jdbc:h2:mem:6a3784ae-1aa6-4bbf-b617-4d4aeabcc2af
insert into member_spot (member_id, score, spot_id, member_spot_id) values (?, ?, ?, ?)
insert into member_spot (member_id, score, spot_id, member_spot_id) values (21, 0.0, 679, 2508);
2022-10-10 13:48:04.674  INFO 3923 --- [    Test worker] p6spy                                    : #1665377284674 | took 0ms | statement | connection 26| url jdbc:h2:mem:6a3784ae-1aa6-4bbf-b617-4d4aeabcc2af
insert into review (content, spot_id, review_id) values (?, ?, ?)
insert into review (content, spot_id, review_id) values ('java.io.StringReader@4f260613', 669, 615);
2022-10-10 13:48:04.674  INFO 3923 --- [    Test worker] p6spy                                    : #1665377284674 | took 0ms | statement | connection 26| url jdbc:h2:mem:6a3784ae-1aa6-4bbf-b617-4d4aeabcc2af
insert into favorite_spot (count, favorite_id, spot_id, favorite_spot_id) values (?, ?, ?, ?)
insert into favorite_spot (count, favorite_id, spot_id, favorite_spot_id) values (0, 41, 679, 482);
2022-10-10 13:48:04.674  INFO 3923 --- [    Test worker] p6spy                                    : #1665377284674 | took 0ms | statement | connection 26| url jdbc:h2:mem:6a3784ae-1aa6-4bbf-b617-4d4aeabcc2af
insert into score (facility_rank, facility_score, price_rank, price_score, rank_average, surround_rank, surround_score, view_rank, view_score, score_id) values (?, ?, ?, ?, ?, ?, ?, ?, ?, ?)
insert into score (facility_rank, facility_score, price_rank, price_score, rank_average, surround_rank, surround_score, view_rank, view_score, score_id) values (2.9213294262945935, 8.397176698725964, 3.491630991863819, 3.4799789665339897, 8.567316433522778, 8.741335692456108, 8.898203106526983, 3.9359308876104873, 2.2625555595460534, 614);
2022-10-10 13:48:04.674  INFO 3923 --- [    Test worker] p6spy                                    : #1665377284674 | took 0ms | statement | connection 26| url jdbc:h2:mem:6a3784ae-1aa6-4bbf-b617-4d4aeabcc2af
insert into picture (spot_id, url, picture_id) values (?, ?, ?)
insert into picture (spot_id, url, picture_id) values (NULL, 'java.io.StringReader@6a1656df', 2509);
2022-10-10 13:48:04.674  INFO 3923 --- [    Test worker] p6spy                                    : #1665377284674 | took 0ms | statement | connection 26| url jdbc:h2:mem:6a3784ae-1aa6-4bbf-b617-4d4aeabcc2af
insert into picture (spot_id, url, picture_id) values (?, ?, ?)
insert into picture (spot_id, url, picture_id) values (NULL, 'java.io.StringReader@3bbc2c7c', 2510);
2022-10-10 13:48:04.674  INFO 3923 --- [    Test worker] p6spy                                    : #1665377284674 | took 0ms | statement | connection 26| url jdbc:h2:mem:6a3784ae-1aa6-4bbf-b617-4d4aeabcc2af
insert into picture (spot_id, url, picture_id) values (?, ?, ?)
insert into picture (spot_id, url, picture_id) values (NULL, 'java.io.StringReader@7285d27e', 2511);
2022-10-10 13:48:04.674  INFO 3923 --- [    Test worker] p6spy                                    : #1665377284674 | took 0ms | statement | connection 26| url jdbc:h2:mem:6a3784ae-1aa6-4bbf-b617-4d4aeabcc2af
insert into spot (address, description, location, name, score_id, spot_id) values (?, ?, ?, ?, ?, ?)
insert into spot (address, description, location, name, score_id, spot_id) values (NULL, NULL, 'Aewol_eup', NULL, 614, 680);
2022-10-10 13:48:04.674  INFO 3923 --- [    Test worker] p6spy                                    : #1665377284674 | took 0ms | statement | connection 26| url jdbc:h2:mem:6a3784ae-1aa6-4bbf-b617-4d4aeabcc2af
insert into member_spot (member_id, score, spot_id, member_spot_id) values (?, ?, ?, ?)
insert into member_spot (member_id, score, spot_id, member_spot_id) values (21, 0.0, 680, 2512);
2022-10-10 13:48:04.674  INFO 3923 --- [    Test worker] p6spy                                    : #1665377284674 | took 0ms | statement | connection 26| url jdbc:h2:mem:6a3784ae-1aa6-4bbf-b617-4d4aeabcc2af
insert into review (content, spot_id, review_id) values (?, ?, ?)
insert into review (content, spot_id, review_id) values ('java.io.StringReader@35db021a', 669, 616);
2022-10-10 13:48:04.674  INFO 3923 --- [    Test worker] p6spy                                    : #1665377284674 | took 0ms | statement | connection 26| url jdbc:h2:mem:6a3784ae-1aa6-4bbf-b617-4d4aeabcc2af
insert into score (facility_rank, facility_score, price_rank, price_score, rank_average, surround_rank, surround_score, view_rank, view_score, score_id) values (?, ?, ?, ?, ?, ?, ?, ?, ?, ?)
insert into score (facility_rank, facility_score, price_rank, price_score, rank_average, surround_rank, surround_score, view_rank, view_score, score_id) values (7.532570847963472, 3.5800448721394904, 1.5113776548174385, 3.3390850344093392, 1.3420517304808255, 3.7529633245867267, 0.9564363992112135, 9.387889850875268, 5.285385355735761, 615);
2022-10-10 13:48:04.674  INFO 3923 --- [    Test worker] p6spy                                    : #1665377284674 | took 0ms | statement | connection 26| url jdbc:h2:mem:6a3784ae-1aa6-4bbf-b617-4d4aeabcc2af
insert into picture (spot_id, url, picture_id) values (?, ?, ?)
insert into picture (spot_id, url, picture_id) values (NULL, 'java.io.StringReader@55feff9d', 2513);
2022-10-10 13:48:04.674  INFO 3923 --- [    Test worker] p6spy                                    : #1665377284674 | took 0ms | statement | connection 26| url jdbc:h2:mem:6a3784ae-1aa6-4bbf-b617-4d4aeabcc2af
insert into picture (spot_id, url, picture_id) values (?, ?, ?)
insert into picture (spot_id, url, picture_id) values (NULL, 'java.io.StringReader@13d75a86', 2514);
2022-10-10 13:48:04.674  INFO 3923 --- [    Test worker] p6spy                                    : #1665377284674 | took 0ms | statement | connection 26| url jdbc:h2:mem:6a3784ae-1aa6-4bbf-b617-4d4aeabcc2af
insert into picture (spot_id, url, picture_id) values (?, ?, ?)
insert into picture (spot_id, url, picture_id) values (NULL, 'java.io.StringReader@68e14285', 2515);
2022-10-10 13:48:04.674  INFO 3923 --- [    Test worker] p6spy                                    : #1665377284674 | took 0ms | statement | connection 26| url jdbc:h2:mem:6a3784ae-1aa6-4bbf-b617-4d4aeabcc2af
insert into spot (address, description, location, name, score_id, spot_id) values (?, ?, ?, ?, ?, ?)
insert into spot (address, description, location, name, score_id, spot_id) values (NULL, NULL, 'Aewol_eup', NULL, 615, 681);
2022-10-10 13:48:04.674  INFO 3923 --- [    Test worker] p6spy                                    : #1665377284674 | took 0ms | statement | connection 26| url jdbc:h2:mem:6a3784ae-1aa6-4bbf-b617-4d4aeabcc2af
insert into member_spot (member_id, score, spot_id, member_spot_id) values (?, ?, ?, ?)
insert into member_spot (member_id, score, spot_id, member_spot_id) values (21, 0.0, 681, 2516);
2022-10-10 13:48:04.674  INFO 3923 --- [    Test worker] p6spy                                    : #1665377284674 | took 0ms | statement | connection 26| url jdbc:h2:mem:6a3784ae-1aa6-4bbf-b617-4d4aeabcc2af
insert into review (content, spot_id, review_id) values (?, ?, ?)
insert into review (content, spot_id, review_id) values ('java.io.StringReader@3b42369c', 669, 617);
2022-10-10 13:48:04.674  INFO 3923 --- [    Test worker] p6spy                                    : #1665377284674 | took 0ms | statement | connection 26| url jdbc:h2:mem:6a3784ae-1aa6-4bbf-b617-4d4aeabcc2af
insert into favorite_spot (count, favorite_id, spot_id, favorite_spot_id) values (?, ?, ?, ?)
insert into favorite_spot (count, favorite_id, spot_id, favorite_spot_id) values (0, 41, 681, 483);
2022-10-10 13:48:04.674  INFO 3923 --- [    Test worker] p6spy                                    : #1665377284674 | took 0ms | statement | connection 26| url jdbc:h2:mem:6a3784ae-1aa6-4bbf-b617-4d4aeabcc2af
insert into score (facility_rank, facility_score, price_rank, price_score, rank_average, surround_rank, surround_score, view_rank, view_score, score_id) values (?, ?, ?, ?, ?, ?, ?, ?, ?, ?)
insert into score (facility_rank, facility_score, price_rank, price_score, rank_average, surround_rank, surround_score, view_rank, view_score, score_id) values (2.58813206957217, 9.519543730519901, 1.8925282710545221, 8.058670622906991, 9.902722757220342, 7.3561292534694465, 0.5432648795182016, 1.0782067979921783, 0.7215280894859255, 616);
2022-10-10 13:48:04.674  INFO 3923 --- [    Test worker] p6spy                                    : #1665377284674 | took 0ms | statement | connection 26| url jdbc:h2:mem:6a3784ae-1aa6-4bbf-b617-4d4aeabcc2af
insert into picture (spot_id, url, picture_id) values (?, ?, ?)
insert into picture (spot_id, url, picture_id) values (NULL, 'java.io.StringReader@701899c9', 2517);
2022-10-10 13:48:04.674  INFO 3923 --- [    Test worker] p6spy                                    : #1665377284674 | took 0ms | statement | connection 26| url jdbc:h2:mem:6a3784ae-1aa6-4bbf-b617-4d4aeabcc2af
insert into picture (spot_id, url, picture_id) values (?, ?, ?)
insert into picture (spot_id, url, picture_id) values (NULL, 'java.io.StringReader@3775564e', 2518);
2022-10-10 13:48:04.674  INFO 3923 --- [    Test worker] p6spy                                    : #1665377284674 | took 0ms | statement | connection 26| url jdbc:h2:mem:6a3784ae-1aa6-4bbf-b617-4d4aeabcc2af
insert into picture (spot_id, url, picture_id) values (?, ?, ?)
insert into picture (spot_id, url, picture_id) values (NULL, 'java.io.StringReader@79806a56', 2519);
2022-10-10 13:48:04.674  INFO 3923 --- [    Test worker] p6spy                                    : #1665377284674 | took 0ms | statement | connection 26| url jdbc:h2:mem:6a3784ae-1aa6-4bbf-b617-4d4aeabcc2af
insert into spot (address, description, location, name, score_id, spot_id) values (?, ?, ?, ?, ?, ?)
insert into spot (address, description, location, name, score_id, spot_id) values (NULL, NULL, 'Aewol_eup', NULL, 616, 682);
2022-10-10 13:48:04.674  INFO 3923 --- [    Test worker] p6spy                                    : #1665377284674 | took 0ms | statement | connection 26| url jdbc:h2:mem:6a3784ae-1aa6-4bbf-b617-4d4aeabcc2af
insert into member_spot (member_id, score, spot_id, member_spot_id) values (?, ?, ?, ?)
insert into member_spot (member_id, score, spot_id, member_spot_id) values (21, 0.0, 682, 2520);
2022-10-10 13:48:04.674  INFO 3923 --- [    Test worker] p6spy                                    : #1665377284674 | took 0ms | statement | connection 26| url jdbc:h2:mem:6a3784ae-1aa6-4bbf-b617-4d4aeabcc2af
insert into review (content, spot_id, review_id) values (?, ?, ?)
insert into review (content, spot_id, review_id) values ('java.io.StringReader@1a224174', 669, 618);
2022-10-10 13:48:04.674  INFO 3923 --- [    Test worker] p6spy                                    : #1665377284674 | took 0ms | statement | connection 26| url jdbc:h2:mem:6a3784ae-1aa6-4bbf-b617-4d4aeabcc2af
insert into score (facility_rank, facility_score, price_rank, price_score, rank_average, surround_rank, surround_score, view_rank, view_score, score_id) values (?, ?, ?, ?, ?, ?, ?, ?, ?, ?)
insert into score (facility_rank, facility_score, price_rank, price_score, rank_average, surround_rank, surround_score, view_rank, view_score, score_id) values (1.6575181353789803, 8.413270952172127, 4.51246548477684, 2.6912397798304912, 5.9807261235219675, 7.727972784511623, 9.061858633190585, 8.047947812789893, 4.094915441738092, 617);
2022-10-10 13:48:04.674  INFO 3923 --- [    Test worker] p6spy                                    : #1665377284674 | took 0ms | statement | connection 26| url jdbc:h2:mem:6a3784ae-1aa6-4bbf-b617-4d4aeabcc2af
insert into picture (spot_id, url, picture_id) values (?, ?, ?)
insert into picture (spot_id, url, picture_id) values (NULL, 'java.io.StringReader@5736d3b0', 2521);
2022-10-10 13:48:04.674  INFO 3923 --- [    Test worker] p6spy                                    : #1665377284674 | took 0ms | statement | connection 26| url jdbc:h2:mem:6a3784ae-1aa6-4bbf-b617-4d4aeabcc2af
insert into picture (spot_id, url, picture_id) values (?, ?, ?)
insert into picture (spot_id, url, picture_id) values (NULL, 'java.io.StringReader@6724cba', 2522);
2022-10-10 13:48:04.674  INFO 3923 --- [    Test worker] p6spy                                    : #1665377284674 | took 0ms | statement | connection 26| url jdbc:h2:mem:6a3784ae-1aa6-4bbf-b617-4d4aeabcc2af
insert into picture (spot_id, url, picture_id) values (?, ?, ?)
insert into picture (spot_id, url, picture_id) values (NULL, 'java.io.StringReader@75b190f', 2523);
2022-10-10 13:48:04.674  INFO 3923 --- [    Test worker] p6spy                                    : #1665377284674 | took 0ms | statement | connection 26| url jdbc:h2:mem:6a3784ae-1aa6-4bbf-b617-4d4aeabcc2af
insert into spot (address, description, location, name, score_id, spot_id) values (?, ?, ?, ?, ?, ?)
insert into spot (address, description, location, name, score_id, spot_id) values (NULL, NULL, 'Aewol_eup', NULL, 617, 683);
2022-10-10 13:48:04.674  INFO 3923 --- [    Test worker] p6spy                                    : #1665377284674 | took 0ms | statement | connection 26| url jdbc:h2:mem:6a3784ae-1aa6-4bbf-b617-4d4aeabcc2af
insert into member_spot (member_id, score, spot_id, member_spot_id) values (?, ?, ?, ?)
insert into member_spot (member_id, score, spot_id, member_spot_id) values (21, 0.0, 683, 2524);
2022-10-10 13:48:04.674  INFO 3923 --- [    Test worker] p6spy                                    : #1665377284674 | took 0ms | statement | connection 26| url jdbc:h2:mem:6a3784ae-1aa6-4bbf-b617-4d4aeabcc2af
insert into review (content, spot_id, review_id) values (?, ?, ?)
insert into review (content, spot_id, review_id) values ('java.io.StringReader@42212c03', 669, 619);
2022-10-10 13:48:04.674  INFO 3923 --- [    Test worker] p6spy                                    : #1665377284674 | took 0ms | statement | connection 26| url jdbc:h2:mem:6a3784ae-1aa6-4bbf-b617-4d4aeabcc2af
insert into favorite_spot (count, favorite_id, spot_id, favorite_spot_id) values (?, ?, ?, ?)
insert into favorite_spot (count, favorite_id, spot_id, favorite_spot_id) values (0, 41, 683, 484);
2022-10-10 13:48:04.674  INFO 3923 --- [    Test worker] p6spy                                    : #1665377284674 | took 0ms | statement | connection 26| url jdbc:h2:mem:6a3784ae-1aa6-4bbf-b617-4d4aeabcc2af
insert into score (facility_rank, facility_score, price_rank, price_score, rank_average, surround_rank, surround_score, view_rank, view_score, score_id) values (?, ?, ?, ?, ?, ?, ?, ?, ?, ?)
insert into score (facility_rank, facility_score, price_rank, price_score, rank_average, surround_rank, surround_score, view_rank, view_score, score_id) values (4.088544943716995, 5.318573096894653, 3.9977827827481405, 8.905415625315909, 5.700817743773565, 4.648168764770317, 6.87546363964596, 9.873122986853266, 3.2614702066548897, 618);
2022-10-10 13:48:04.674  INFO 3923 --- [    Test worker] p6spy                                    : #1665377284674 | took 0ms | statement | connection 26| url jdbc:h2:mem:6a3784ae-1aa6-4bbf-b617-4d4aeabcc2af
insert into picture (spot_id, url, picture_id) values (?, ?, ?)
insert into picture (spot_id, url, picture_id) values (NULL, 'java.io.StringReader@54a5a205', 2525);
2022-10-10 13:48:04.674  INFO 3923 --- [    Test worker] p6spy                                    : #1665377284674 | took 0ms | statement | connection 26| url jdbc:h2:mem:6a3784ae-1aa6-4bbf-b617-4d4aeabcc2af
insert into picture (spot_id, url, picture_id) values (?, ?, ?)
insert into picture (spot_id, url, picture_id) values (NULL, 'java.io.StringReader@349d76b0', 2526);
2022-10-10 13:48:04.674  INFO 3923 --- [    Test worker] p6spy                                    : #1665377284674 | took 0ms | statement | connection 26| url jdbc:h2:mem:6a3784ae-1aa6-4bbf-b617-4d4aeabcc2af
insert into picture (spot_id, url, picture_id) values (?, ?, ?)
insert into picture (spot_id, url, picture_id) values (NULL, 'java.io.StringReader@44774e0', 2527);
2022-10-10 13:48:04.674  INFO 3923 --- [    Test worker] p6spy                                    : #1665377284674 | took 0ms | statement | connection 26| url jdbc:h2:mem:6a3784ae-1aa6-4bbf-b617-4d4aeabcc2af
insert into spot (address, description, location, name, score_id, spot_id) values (?, ?, ?, ?, ?, ?)
insert into spot (address, description, location, name, score_id, spot_id) values (NULL, NULL, 'Aewol_eup', NULL, 618, 684);
2022-10-10 13:48:04.674  INFO 3923 --- [    Test worker] p6spy                                    : #1665377284674 | took 0ms | statement | connection 26| url jdbc:h2:mem:6a3784ae-1aa6-4bbf-b617-4d4aeabcc2af
insert into member_spot (member_id, score, spot_id, member_spot_id) values (?, ?, ?, ?)
insert into member_spot (member_id, score, spot_id, member_spot_id) values (21, 0.0, 684, 2528);
2022-10-10 13:48:04.674  INFO 3923 --- [    Test worker] p6spy                                    : #1665377284674 | took 0ms | statement | connection 26| url jdbc:h2:mem:6a3784ae-1aa6-4bbf-b617-4d4aeabcc2af
insert into review (content, spot_id, review_id) values (?, ?, ?)
insert into review (content, spot_id, review_id) values ('java.io.StringReader@46222027', 669, 620);
2022-10-10 13:48:04.674  INFO 3923 --- [    Test worker] p6spy                                    : #1665377284674 | took 0ms | statement | connection 26| url jdbc:h2:mem:6a3784ae-1aa6-4bbf-b617-4d4aeabcc2af
insert into score (facility_rank, facility_score, price_rank, price_score, rank_average, surround_rank, surround_score, view_rank, view_score, score_id) values (?, ?, ?, ?, ?, ?, ?, ?, ?, ?)
insert into score (facility_rank, facility_score, price_rank, price_score, rank_average, surround_rank, surround_score, view_rank, view_score, score_id) values (3.476762208030848, 5.037524928327514, 9.351192146894583, 3.99604843309445, 3.5439198222580446, 7.492936303528499, 0.7568115728500979, 1.21260751165712, 3.4065641758434504, 619);
2022-10-10 13:48:04.674  INFO 3923 --- [    Test worker] p6spy                                    : #1665377284674 | took 0ms | statement | connection 26| url jdbc:h2:mem:6a3784ae-1aa6-4bbf-b617-4d4aeabcc2af
insert into picture (spot_id, url, picture_id) values (?, ?, ?)
insert into picture (spot_id, url, picture_id) values (NULL, 'java.io.StringReader@53800294', 2529);
2022-10-10 13:48:04.674  INFO 3923 --- [    Test worker] p6spy                                    : #1665377284674 | took 0ms | statement | connection 26| url jdbc:h2:mem:6a3784ae-1aa6-4bbf-b617-4d4aeabcc2af
insert into picture (spot_id, url, picture_id) values (?, ?, ?)
insert into picture (spot_id, url, picture_id) values (NULL, 'java.io.StringReader@6b1d45b9', 2530);
2022-10-10 13:48:04.674  INFO 3923 --- [    Test worker] p6spy                                    : #1665377284674 | took 0ms | statement | connection 26| url jdbc:h2:mem:6a3784ae-1aa6-4bbf-b617-4d4aeabcc2af
insert into picture (spot_id, url, picture_id) values (?, ?, ?)
insert into picture (spot_id, url, picture_id) values (NULL, 'java.io.StringReader@2d18ed78', 2531);
2022-10-10 13:48:04.675  INFO 3923 --- [    Test worker] p6spy                                    : #1665377284675 | took 0ms | statement | connection 26| url jdbc:h2:mem:6a3784ae-1aa6-4bbf-b617-4d4aeabcc2af
insert into spot (address, description, location, name, score_id, spot_id) values (?, ?, ?, ?, ?, ?)
insert into spot (address, description, location, name, score_id, spot_id) values (NULL, NULL, 'Aewol_eup', NULL, 619, 685);
2022-10-10 13:48:04.675  INFO 3923 --- [    Test worker] p6spy                                    : #1665377284675 | took 0ms | statement | connection 26| url jdbc:h2:mem:6a3784ae-1aa6-4bbf-b617-4d4aeabcc2af
insert into member_spot (member_id, score, spot_id, member_spot_id) values (?, ?, ?, ?)
insert into member_spot (member_id, score, spot_id, member_spot_id) values (21, 0.0, 685, 2532);
2022-10-10 13:48:04.675  INFO 3923 --- [    Test worker] p6spy                                    : #1665377284675 | took 0ms | statement | connection 26| url jdbc:h2:mem:6a3784ae-1aa6-4bbf-b617-4d4aeabcc2af
insert into review (content, spot_id, review_id) values (?, ?, ?)
insert into review (content, spot_id, review_id) values ('java.io.StringReader@7f4b8349', 669, 621);
2022-10-10 13:48:04.675  INFO 3923 --- [    Test worker] p6spy                                    : #1665377284675 | took 0ms | statement | connection 26| url jdbc:h2:mem:6a3784ae-1aa6-4bbf-b617-4d4aeabcc2af
insert into favorite_spot (count, favorite_id, spot_id, favorite_spot_id) values (?, ?, ?, ?)
insert into favorite_spot (count, favorite_id, spot_id, favorite_spot_id) values (0, 41, 685, 485);
2022-10-10 13:48:04.675  INFO 3923 --- [    Test worker] p6spy                                    : #1665377284675 | took 0ms | statement | connection 26| url jdbc:h2:mem:6a3784ae-1aa6-4bbf-b617-4d4aeabcc2af
insert into score (facility_rank, facility_score, price_rank, price_score, rank_average, surround_rank, surround_score, view_rank, view_score, score_id) values (?, ?, ?, ?, ?, ?, ?, ?, ?, ?)
insert into score (facility_rank, facility_score, price_rank, price_score, rank_average, surround_rank, surround_score, view_rank, view_score, score_id) values (4.643861300579802, 8.13897734447545, 0.26091900098163867, 7.02172858481167, 5.806411221899614, 6.5779332999078575, 9.0265305868468, 9.817970492209461, 2.570180732424465, 620);
2022-10-10 13:48:04.675  INFO 3923 --- [    Test worker] p6spy                                    : #1665377284675 | took 0ms | statement | connection 26| url jdbc:h2:mem:6a3784ae-1aa6-4bbf-b617-4d4aeabcc2af
insert into picture (spot_id, url, picture_id) values (?, ?, ?)
insert into picture (spot_id, url, picture_id) values (NULL, 'java.io.StringReader@369415c9', 2533);
2022-10-10 13:48:04.675  INFO 3923 --- [    Test worker] p6spy                                    : #1665377284675 | took 0ms | statement | connection 26| url jdbc:h2:mem:6a3784ae-1aa6-4bbf-b617-4d4aeabcc2af
insert into picture (spot_id, url, picture_id) values (?, ?, ?)
insert into picture (spot_id, url, picture_id) values (NULL, 'java.io.StringReader@5065105c', 2534);
2022-10-10 13:48:04.675  INFO 3923 --- [    Test worker] p6spy                                    : #1665377284675 | took 0ms | statement | connection 26| url jdbc:h2:mem:6a3784ae-1aa6-4bbf-b617-4d4aeabcc2af
insert into picture (spot_id, url, picture_id) values (?, ?, ?)
insert into picture (spot_id, url, picture_id) values (NULL, 'java.io.StringReader@7707aa0e', 2535);
2022-10-10 13:48:04.675  INFO 3923 --- [    Test worker] p6spy                                    : #1665377284675 | took 0ms | statement | connection 26| url jdbc:h2:mem:6a3784ae-1aa6-4bbf-b617-4d4aeabcc2af
insert into spot (address, description, location, name, score_id, spot_id) values (?, ?, ?, ?, ?, ?)
insert into spot (address, description, location, name, score_id, spot_id) values (NULL, NULL, 'Aewol_eup', NULL, 620, 686);
2022-10-10 13:48:04.675  INFO 3923 --- [    Test worker] p6spy                                    : #1665377284675 | took 0ms | statement | connection 26| url jdbc:h2:mem:6a3784ae-1aa6-4bbf-b617-4d4aeabcc2af
insert into member_spot (member_id, score, spot_id, member_spot_id) values (?, ?, ?, ?)
insert into member_spot (member_id, score, spot_id, member_spot_id) values (21, 0.0, 686, 2536);
2022-10-10 13:48:04.675  INFO 3923 --- [    Test worker] p6spy                                    : #1665377284675 | took 0ms | statement | connection 26| url jdbc:h2:mem:6a3784ae-1aa6-4bbf-b617-4d4aeabcc2af
insert into review (content, spot_id, review_id) values (?, ?, ?)
insert into review (content, spot_id, review_id) values ('java.io.StringReader@4f9541a9', 669, 622);
2022-10-10 13:48:04.675  INFO 3923 --- [    Test worker] p6spy                                    : #1665377284675 | took 0ms | statement | connection 26| url jdbc:h2:mem:6a3784ae-1aa6-4bbf-b617-4d4aeabcc2af
insert into score (facility_rank, facility_score, price_rank, price_score, rank_average, surround_rank, surround_score, view_rank, view_score, score_id) values (?, ?, ?, ?, ?, ?, ?, ?, ?, ?)
insert into score (facility_rank, facility_score, price_rank, price_score, rank_average, surround_rank, surround_score, view_rank, view_score, score_id) values (4.0448943735365885, 8.992117355031667, 3.482015190658884, 0.5516823475179511, 3.8095240465945404, 0.32803410285065393, 7.005891349185723, 8.66628499346896, 4.413391091444461, 621);
2022-10-10 13:48:04.675  INFO 3923 --- [    Test worker] p6spy                                    : #1665377284675 | took 0ms | statement | connection 26| url jdbc:h2:mem:6a3784ae-1aa6-4bbf-b617-4d4aeabcc2af
insert into picture (spot_id, url, picture_id) values (?, ?, ?)
insert into picture (spot_id, url, picture_id) values (NULL, 'java.io.StringReader@bf4f7b0', 2537);
2022-10-10 13:48:04.675  INFO 3923 --- [    Test worker] p6spy                                    : #1665377284675 | took 0ms | statement | connection 26| url jdbc:h2:mem:6a3784ae-1aa6-4bbf-b617-4d4aeabcc2af
insert into picture (spot_id, url, picture_id) values (?, ?, ?)
insert into picture (spot_id, url, picture_id) values (NULL, 'java.io.StringReader@387d73a2', 2538);
2022-10-10 13:48:04.675  INFO 3923 --- [    Test worker] p6spy                                    : #1665377284675 | took 0ms | statement | connection 26| url jdbc:h2:mem:6a3784ae-1aa6-4bbf-b617-4d4aeabcc2af
insert into picture (spot_id, url, picture_id) values (?, ?, ?)
insert into picture (spot_id, url, picture_id) values (NULL, 'java.io.StringReader@284b18be', 2539);
2022-10-10 13:48:04.675  INFO 3923 --- [    Test worker] p6spy                                    : #1665377284675 | took 0ms | statement | connection 26| url jdbc:h2:mem:6a3784ae-1aa6-4bbf-b617-4d4aeabcc2af
insert into spot (address, description, location, name, score_id, spot_id) values (?, ?, ?, ?, ?, ?)
insert into spot (address, description, location, name, score_id, spot_id) values (NULL, NULL, 'Aewol_eup', NULL, 621, 687);
2022-10-10 13:48:04.675  INFO 3923 --- [    Test worker] p6spy                                    : #1665377284675 | took 0ms | statement | connection 26| url jdbc:h2:mem:6a3784ae-1aa6-4bbf-b617-4d4aeabcc2af
insert into member_spot (member_id, score, spot_id, member_spot_id) values (?, ?, ?, ?)
insert into member_spot (member_id, score, spot_id, member_spot_id) values (21, 0.0, 687, 2540);
2022-10-10 13:48:04.675  INFO 3923 --- [    Test worker] p6spy                                    : #1665377284675 | took 0ms | statement | connection 26| url jdbc:h2:mem:6a3784ae-1aa6-4bbf-b617-4d4aeabcc2af
insert into review (content, spot_id, review_id) values (?, ?, ?)
insert into review (content, spot_id, review_id) values ('java.io.StringReader@2bc748ae', 669, 623);
2022-10-10 13:48:04.675  INFO 3923 --- [    Test worker] p6spy                                    : #1665377284675 | took 0ms | statement | connection 26| url jdbc:h2:mem:6a3784ae-1aa6-4bbf-b617-4d4aeabcc2af
insert into favorite_spot (count, favorite_id, spot_id, favorite_spot_id) values (?, ?, ?, ?)
insert into favorite_spot (count, favorite_id, spot_id, favorite_spot_id) values (0, 41, 687, 486);
2022-10-10 13:48:04.675  INFO 3923 --- [    Test worker] p6spy                                    : #1665377284675 | took 0ms | statement | connection 26| url jdbc:h2:mem:6a3784ae-1aa6-4bbf-b617-4d4aeabcc2af
insert into score (facility_rank, facility_score, price_rank, price_score, rank_average, surround_rank, surround_score, view_rank, view_score, score_id) values (?, ?, ?, ?, ?, ?, ?, ?, ?, ?)
insert into score (facility_rank, facility_score, price_rank, price_score, rank_average, surround_rank, surround_score, view_rank, view_score, score_id) values (6.40305438071731, 6.3912153884709975, 8.43418408608694, 4.475264782322437, 8.986267213433592, 4.317801515510595, 5.645822903881522, 9.02345816077722, 9.639728121490709, 622);
2022-10-10 13:48:04.675  INFO 3923 --- [    Test worker] p6spy                                    : #1665377284675 | took 0ms | statement | connection 26| url jdbc:h2:mem:6a3784ae-1aa6-4bbf-b617-4d4aeabcc2af
insert into picture (spot_id, url, picture_id) values (?, ?, ?)
insert into picture (spot_id, url, picture_id) values (NULL, 'java.io.StringReader@2223232e', 2541);
2022-10-10 13:48:04.675  INFO 3923 --- [    Test worker] p6spy                                    : #1665377284675 | took 0ms | statement | connection 26| url jdbc:h2:mem:6a3784ae-1aa6-4bbf-b617-4d4aeabcc2af
insert into picture (spot_id, url, picture_id) values (?, ?, ?)
insert into picture (spot_id, url, picture_id) values (NULL, 'java.io.StringReader@24d9bc9f', 2542);
2022-10-10 13:48:04.675  INFO 3923 --- [    Test worker] p6spy                                    : #1665377284675 | took 0ms | statement | connection 26| url jdbc:h2:mem:6a3784ae-1aa6-4bbf-b617-4d4aeabcc2af
insert into picture (spot_id, url, picture_id) values (?, ?, ?)
insert into picture (spot_id, url, picture_id) values (NULL, 'java.io.StringReader@333db3e1', 2543);
2022-10-10 13:48:04.675  INFO 3923 --- [    Test worker] p6spy                                    : #1665377284675 | took 0ms | statement | connection 26| url jdbc:h2:mem:6a3784ae-1aa6-4bbf-b617-4d4aeabcc2af
insert into spot (address, description, location, name, score_id, spot_id) values (?, ?, ?, ?, ?, ?)
insert into spot (address, description, location, name, score_id, spot_id) values (NULL, NULL, 'Aewol_eup', NULL, 622, 688);
2022-10-10 13:48:04.675  INFO 3923 --- [    Test worker] p6spy                                    : #1665377284675 | took 0ms | statement | connection 26| url jdbc:h2:mem:6a3784ae-1aa6-4bbf-b617-4d4aeabcc2af
insert into member_spot (member_id, score, spot_id, member_spot_id) values (?, ?, ?, ?)
insert into member_spot (member_id, score, spot_id, member_spot_id) values (21, 0.0, 688, 2544);
2022-10-10 13:48:04.675  INFO 3923 --- [    Test worker] p6spy                                    : #1665377284675 | took 0ms | statement | connection 26| url jdbc:h2:mem:6a3784ae-1aa6-4bbf-b617-4d4aeabcc2af
insert into review (content, spot_id, review_id) values (?, ?, ?)
insert into review (content, spot_id, review_id) values ('java.io.StringReader@29526e58', 669, 624);
2022-10-10 13:48:04.675  INFO 3923 --- [    Test worker] p6spy                                    : #1665377284675 | took 0ms | statement | connection 26| url jdbc:h2:mem:6a3784ae-1aa6-4bbf-b617-4d4aeabcc2af
insert into score (facility_rank, facility_score, price_rank, price_score, rank_average, surround_rank, surround_score, view_rank, view_score, score_id) values (?, ?, ?, ?, ?, ?, ?, ?, ?, ?)
insert into score (facility_rank, facility_score, price_rank, price_score, rank_average, surround_rank, surround_score, view_rank, view_score, score_id) values (4.459091603786983, 6.7369430772829775, 1.611813402716059, 6.790997196076475, 6.09288504340836, 0.564255412553476, 7.165909052263897, 3.256596257509009, 2.1424604624192645, 623);
2022-10-10 13:48:04.675  INFO 3923 --- [    Test worker] p6spy                                    : #1665377284675 | took 0ms | statement | connection 26| url jdbc:h2:mem:6a3784ae-1aa6-4bbf-b617-4d4aeabcc2af
insert into picture (spot_id, url, picture_id) values (?, ?, ?)
insert into picture (spot_id, url, picture_id) values (NULL, 'java.io.StringReader@4af93a9b', 2545);
2022-10-10 13:48:04.675  INFO 3923 --- [    Test worker] p6spy                                    : #1665377284675 | took 0ms | statement | connection 26| url jdbc:h2:mem:6a3784ae-1aa6-4bbf-b617-4d4aeabcc2af
insert into picture (spot_id, url, picture_id) values (?, ?, ?)
insert into picture (spot_id, url, picture_id) values (NULL, 'java.io.StringReader@2370bf9d', 2546);
2022-10-10 13:48:04.675  INFO 3923 --- [    Test worker] p6spy                                    : #1665377284675 | took 0ms | statement | connection 26| url jdbc:h2:mem:6a3784ae-1aa6-4bbf-b617-4d4aeabcc2af
insert into picture (spot_id, url, picture_id) values (?, ?, ?)
insert into picture (spot_id, url, picture_id) values (NULL, 'java.io.StringReader@18d8c2ae', 2547);
2022-10-10 13:48:04.675  INFO 3923 --- [    Test worker] p6spy                                    : #1665377284675 | took 0ms | statement | connection 26| url jdbc:h2:mem:6a3784ae-1aa6-4bbf-b617-4d4aeabcc2af
insert into spot (address, description, location, name, score_id, spot_id) values (?, ?, ?, ?, ?, ?)
insert into spot (address, description, location, name, score_id, spot_id) values (NULL, NULL, 'Aewol_eup', NULL, 623, 689);
2022-10-10 13:48:04.675  INFO 3923 --- [    Test worker] p6spy                                    : #1665377284675 | took 0ms | statement | connection 26| url jdbc:h2:mem:6a3784ae-1aa6-4bbf-b617-4d4aeabcc2af
insert into member_spot (member_id, score, spot_id, member_spot_id) values (?, ?, ?, ?)
insert into member_spot (member_id, score, spot_id, member_spot_id) values (21, 0.0, 689, 2548);
2022-10-10 13:48:04.675  INFO 3923 --- [    Test worker] p6spy                                    : #1665377284675 | took 0ms | statement | connection 26| url jdbc:h2:mem:6a3784ae-1aa6-4bbf-b617-4d4aeabcc2af
insert into review (content, spot_id, review_id) values (?, ?, ?)
insert into review (content, spot_id, review_id) values ('java.io.StringReader@238d9fbc', 669, 625);
2022-10-10 13:48:04.675  INFO 3923 --- [    Test worker] p6spy                                    : #1665377284675 | took 0ms | statement | connection 26| url jdbc:h2:mem:6a3784ae-1aa6-4bbf-b617-4d4aeabcc2af
insert into favorite_spot (count, favorite_id, spot_id, favorite_spot_id) values (?, ?, ?, ?)
insert into favorite_spot (count, favorite_id, spot_id, favorite_spot_id) values (0, 41, 689, 487);
2022-10-10 13:48:04.675  INFO 3923 --- [    Test worker] p6spy                                    : #1665377284675 | took 0ms | statement | connection 26| url jdbc:h2:mem:6a3784ae-1aa6-4bbf-b617-4d4aeabcc2af
insert into score (facility_rank, facility_score, price_rank, price_score, rank_average, surround_rank, surround_score, view_rank, view_score, score_id) values (?, ?, ?, ?, ?, ?, ?, ?, ?, ?)
insert into score (facility_rank, facility_score, price_rank, price_score, rank_average, surround_rank, surround_score, view_rank, view_score, score_id) values (6.16452823399126, 9.216687448081485, 1.7021360108913441, 7.639781122216389, 5.737613287449136, 0.7179710447208676, 5.733370024543076, 5.178138653203908, 0.2481588635062204, 624);
2022-10-10 13:48:04.675  INFO 3923 --- [    Test worker] p6spy                                    : #1665377284675 | took 0ms | statement | connection 26| url jdbc:h2:mem:6a3784ae-1aa6-4bbf-b617-4d4aeabcc2af
insert into picture (spot_id, url, picture_id) values (?, ?, ?)
insert into picture (spot_id, url, picture_id) values (NULL, 'java.io.StringReader@10028158', 2549);
2022-10-10 13:48:04.675  INFO 3923 --- [    Test worker] p6spy                                    : #1665377284675 | took 0ms | statement | connection 26| url jdbc:h2:mem:6a3784ae-1aa6-4bbf-b617-4d4aeabcc2af
insert into picture (spot_id, url, picture_id) values (?, ?, ?)
insert into picture (spot_id, url, picture_id) values (NULL, 'java.io.StringReader@eddc0f8', 2550);
2022-10-10 13:48:04.675  INFO 3923 --- [    Test worker] p6spy                                    : #1665377284675 | took 0ms | statement | connection 26| url jdbc:h2:mem:6a3784ae-1aa6-4bbf-b617-4d4aeabcc2af
insert into picture (spot_id, url, picture_id) values (?, ?, ?)
insert into picture (spot_id, url, picture_id) values (NULL, 'java.io.StringReader@3dbe57d5', 2551);
2022-10-10 13:48:04.675  INFO 3923 --- [    Test worker] p6spy                                    : #1665377284675 | took 0ms | statement | connection 26| url jdbc:h2:mem:6a3784ae-1aa6-4bbf-b617-4d4aeabcc2af
insert into spot (address, description, location, name, score_id, spot_id) values (?, ?, ?, ?, ?, ?)
insert into spot (address, description, location, name, score_id, spot_id) values (NULL, NULL, 'Aewol_eup', NULL, 624, 690);
2022-10-10 13:48:04.675  INFO 3923 --- [    Test worker] p6spy                                    : #1665377284675 | took 0ms | statement | connection 26| url jdbc:h2:mem:6a3784ae-1aa6-4bbf-b617-4d4aeabcc2af
insert into member_spot (member_id, score, spot_id, member_spot_id) values (?, ?, ?, ?)
insert into member_spot (member_id, score, spot_id, member_spot_id) values (21, 0.0, 690, 2552);
2022-10-10 13:48:04.675  INFO 3923 --- [    Test worker] p6spy                                    : #1665377284675 | took 0ms | statement | connection 26| url jdbc:h2:mem:6a3784ae-1aa6-4bbf-b617-4d4aeabcc2af
insert into review (content, spot_id, review_id) values (?, ?, ?)
insert into review (content, spot_id, review_id) values ('java.io.StringReader@2a1c5329', 669, 626);
2022-10-10 13:48:04.675  INFO 3923 --- [    Test worker] p6spy                                    : #1665377284675 | took 0ms | statement | connection 26| url jdbc:h2:mem:6a3784ae-1aa6-4bbf-b617-4d4aeabcc2af
insert into score (facility_rank, facility_score, price_rank, price_score, rank_average, surround_rank, surround_score, view_rank, view_score, score_id) values (?, ?, ?, ?, ?, ?, ?, ?, ?, ?)
insert into score (facility_rank, facility_score, price_rank, price_score, rank_average, surround_rank, surround_score, view_rank, view_score, score_id) values (7.878901809041912, 1.0402469477147214, 4.351370444535866, 3.4017494744262744, 6.288810299077209, 1.2926914185710559, 0.45079810315253543, 3.0995897793871565, 9.046132419483149, 625);
2022-10-10 13:48:04.675  INFO 3923 --- [    Test worker] p6spy                                    : #1665377284675 | took 0ms | statement | connection 26| url jdbc:h2:mem:6a3784ae-1aa6-4bbf-b617-4d4aeabcc2af
insert into picture (spot_id, url, picture_id) values (?, ?, ?)
insert into picture (spot_id, url, picture_id) values (NULL, 'java.io.StringReader@5963eafa', 2553);
2022-10-10 13:48:04.675  INFO 3923 --- [    Test worker] p6spy                                    : #1665377284675 | took 0ms | statement | connection 26| url jdbc:h2:mem:6a3784ae-1aa6-4bbf-b617-4d4aeabcc2af
insert into picture (spot_id, url, picture_id) values (?, ?, ?)
insert into picture (spot_id, url, picture_id) values (NULL, 'java.io.StringReader@29ce33f2', 2554);
2022-10-10 13:48:04.676  INFO 3923 --- [    Test worker] p6spy                                    : #1665377284676 | took 0ms | statement | connection 26| url jdbc:h2:mem:6a3784ae-1aa6-4bbf-b617-4d4aeabcc2af
insert into picture (spot_id, url, picture_id) values (?, ?, ?)
insert into picture (spot_id, url, picture_id) values (NULL, 'java.io.StringReader@3e0b016b', 2555);
2022-10-10 13:48:04.676  INFO 3923 --- [    Test worker] p6spy                                    : #1665377284676 | took 0ms | statement | connection 26| url jdbc:h2:mem:6a3784ae-1aa6-4bbf-b617-4d4aeabcc2af
insert into spot (address, description, location, name, score_id, spot_id) values (?, ?, ?, ?, ?, ?)
insert into spot (address, description, location, name, score_id, spot_id) values (NULL, NULL, 'Aewol_eup', NULL, 625, 691);
2022-10-10 13:48:04.676  INFO 3923 --- [    Test worker] p6spy                                    : #1665377284676 | took 0ms | statement | connection 26| url jdbc:h2:mem:6a3784ae-1aa6-4bbf-b617-4d4aeabcc2af
insert into member_spot (member_id, score, spot_id, member_spot_id) values (?, ?, ?, ?)
insert into member_spot (member_id, score, spot_id, member_spot_id) values (21, 0.0, 691, 2556);
2022-10-10 13:48:04.676  INFO 3923 --- [    Test worker] p6spy                                    : #1665377284676 | took 0ms | statement | connection 26| url jdbc:h2:mem:6a3784ae-1aa6-4bbf-b617-4d4aeabcc2af
insert into review (content, spot_id, review_id) values (?, ?, ?)
insert into review (content, spot_id, review_id) values ('java.io.StringReader@209c5364', 669, 627);
2022-10-10 13:48:04.676  INFO 3923 --- [    Test worker] p6spy                                    : #1665377284676 | took 0ms | statement | connection 26| url jdbc:h2:mem:6a3784ae-1aa6-4bbf-b617-4d4aeabcc2af
insert into favorite_spot (count, favorite_id, spot_id, favorite_spot_id) values (?, ?, ?, ?)
insert into favorite_spot (count, favorite_id, spot_id, favorite_spot_id) values (0, 41, 691, 488);
2022-10-10 13:48:04.676  INFO 3923 --- [    Test worker] p6spy                                    : #1665377284676 | took 0ms | statement | connection 26| url jdbc:h2:mem:6a3784ae-1aa6-4bbf-b617-4d4aeabcc2af
insert into score (facility_rank, facility_score, price_rank, price_score, rank_average, surround_rank, surround_score, view_rank, view_score, score_id) values (?, ?, ?, ?, ?, ?, ?, ?, ?, ?)
insert into score (facility_rank, facility_score, price_rank, price_score, rank_average, surround_rank, surround_score, view_rank, view_score, score_id) values (6.793528539229197, 9.270749088529776, 3.067796426243744, 0.24206305722878185, 3.1377330877397647, 7.058730881313596, 8.905686533974627, 4.719946945190566, 4.461447700616995, 626);
2022-10-10 13:48:04.676  INFO 3923 --- [    Test worker] p6spy                                    : #1665377284676 | took 0ms | statement | connection 26| url jdbc:h2:mem:6a3784ae-1aa6-4bbf-b617-4d4aeabcc2af
insert into picture (spot_id, url, picture_id) values (?, ?, ?)
insert into picture (spot_id, url, picture_id) values (NULL, 'java.io.StringReader@68311225', 2557);
2022-10-10 13:48:04.676  INFO 3923 --- [    Test worker] p6spy                                    : #1665377284676 | took 0ms | statement | connection 26| url jdbc:h2:mem:6a3784ae-1aa6-4bbf-b617-4d4aeabcc2af
insert into picture (spot_id, url, picture_id) values (?, ?, ?)
insert into picture (spot_id, url, picture_id) values (NULL, 'java.io.StringReader@22a3dcb2', 2558);
2022-10-10 13:48:04.676  INFO 3923 --- [    Test worker] p6spy                                    : #1665377284676 | took 0ms | statement | connection 26| url jdbc:h2:mem:6a3784ae-1aa6-4bbf-b617-4d4aeabcc2af
insert into picture (spot_id, url, picture_id) values (?, ?, ?)
insert into picture (spot_id, url, picture_id) values (NULL, 'java.io.StringReader@2ea20c01', 2559);
2022-10-10 13:48:04.676  INFO 3923 --- [    Test worker] p6spy                                    : #1665377284676 | took 0ms | statement | connection 26| url jdbc:h2:mem:6a3784ae-1aa6-4bbf-b617-4d4aeabcc2af
insert into spot (address, description, location, name, score_id, spot_id) values (?, ?, ?, ?, ?, ?)
insert into spot (address, description, location, name, score_id, spot_id) values (NULL, NULL, 'Aewol_eup', NULL, 626, 692);
2022-10-10 13:48:04.676  INFO 3923 --- [    Test worker] p6spy                                    : #1665377284676 | took 0ms | statement | connection 26| url jdbc:h2:mem:6a3784ae-1aa6-4bbf-b617-4d4aeabcc2af
insert into member_spot (member_id, score, spot_id, member_spot_id) values (?, ?, ?, ?)
insert into member_spot (member_id, score, spot_id, member_spot_id) values (21, 0.0, 692, 2560);
2022-10-10 13:48:04.676  INFO 3923 --- [    Test worker] p6spy                                    : #1665377284676 | took 0ms | statement | connection 26| url jdbc:h2:mem:6a3784ae-1aa6-4bbf-b617-4d4aeabcc2af
insert into review (content, spot_id, review_id) values (?, ?, ?)
insert into review (content, spot_id, review_id) values ('java.io.StringReader@66c1db11', 669, 628);
2022-10-10 13:48:04.676  INFO 3923 --- [    Test worker] p6spy                                    : #1665377284676 | took 0ms | statement | connection 26| url jdbc:h2:mem:6a3784ae-1aa6-4bbf-b617-4d4aeabcc2af
insert into score (facility_rank, facility_score, price_rank, price_score, rank_average, surround_rank, surround_score, view_rank, view_score, score_id) values (?, ?, ?, ?, ?, ?, ?, ?, ?, ?)
insert into score (facility_rank, facility_score, price_rank, price_score, rank_average, surround_rank, surround_score, view_rank, view_score, score_id) values (0.778578498605601, 9.707804028424977, 8.744143644147341, 3.418883332976248, 0.6475486983989276, 9.299982880726652, 3.1507047565128166, 8.803011426231125, 7.066050307554588, 627);
2022-10-10 13:48:04.676  INFO 3923 --- [    Test worker] p6spy                                    : #1665377284676 | took 0ms | statement | connection 26| url jdbc:h2:mem:6a3784ae-1aa6-4bbf-b617-4d4aeabcc2af
insert into picture (spot_id, url, picture_id) values (?, ?, ?)
insert into picture (spot_id, url, picture_id) values (NULL, 'java.io.StringReader@73649b1f', 2561);
2022-10-10 13:48:04.676  INFO 3923 --- [    Test worker] p6spy                                    : #1665377284676 | took 0ms | statement | connection 26| url jdbc:h2:mem:6a3784ae-1aa6-4bbf-b617-4d4aeabcc2af
insert into picture (spot_id, url, picture_id) values (?, ?, ?)
insert into picture (spot_id, url, picture_id) values (NULL, 'java.io.StringReader@75409181', 2562);
2022-10-10 13:48:04.676  INFO 3923 --- [    Test worker] p6spy                                    : #1665377284676 | took 0ms | statement | connection 26| url jdbc:h2:mem:6a3784ae-1aa6-4bbf-b617-4d4aeabcc2af
insert into picture (spot_id, url, picture_id) values (?, ?, ?)
insert into picture (spot_id, url, picture_id) values (NULL, 'java.io.StringReader@6a004c5e', 2563);
2022-10-10 13:48:04.676  INFO 3923 --- [    Test worker] p6spy                                    : #1665377284676 | took 0ms | statement | connection 26| url jdbc:h2:mem:6a3784ae-1aa6-4bbf-b617-4d4aeabcc2af
insert into spot (address, description, location, name, score_id, spot_id) values (?, ?, ?, ?, ?, ?)
insert into spot (address, description, location, name, score_id, spot_id) values (NULL, NULL, 'Aewol_eup', NULL, 627, 693);
2022-10-10 13:48:04.676  INFO 3923 --- [    Test worker] p6spy                                    : #1665377284676 | took 0ms | statement | connection 26| url jdbc:h2:mem:6a3784ae-1aa6-4bbf-b617-4d4aeabcc2af
insert into member_spot (member_id, score, spot_id, member_spot_id) values (?, ?, ?, ?)
insert into member_spot (member_id, score, spot_id, member_spot_id) values (21, 0.0, 693, 2564);
2022-10-10 13:48:04.676  INFO 3923 --- [    Test worker] p6spy                                    : #1665377284676 | took 0ms | statement | connection 26| url jdbc:h2:mem:6a3784ae-1aa6-4bbf-b617-4d4aeabcc2af
insert into review (content, spot_id, review_id) values (?, ?, ?)
insert into review (content, spot_id, review_id) values ('java.io.StringReader@6b3e7aa2', 669, 629);
2022-10-10 13:48:04.676  INFO 3923 --- [    Test worker] p6spy                                    : #1665377284676 | took 0ms | statement | connection 26| url jdbc:h2:mem:6a3784ae-1aa6-4bbf-b617-4d4aeabcc2af
insert into favorite_spot (count, favorite_id, spot_id, favorite_spot_id) values (?, ?, ?, ?)
insert into favorite_spot (count, favorite_id, spot_id, favorite_spot_id) values (0, 41, 693, 489);
2022-10-10 13:48:04.676  INFO 3923 --- [    Test worker] p6spy                                    : #1665377284676 | took 0ms | statement | connection 26| url jdbc:h2:mem:6a3784ae-1aa6-4bbf-b617-4d4aeabcc2af
insert into score (facility_rank, facility_score, price_rank, price_score, rank_average, surround_rank, surround_score, view_rank, view_score, score_id) values (?, ?, ?, ?, ?, ?, ?, ?, ?, ?)
insert into score (facility_rank, facility_score, price_rank, price_score, rank_average, surround_rank, surround_score, view_rank, view_score, score_id) values (7.814299303526261, 5.8436983072313184, 8.083237825208093, 4.96677508440043, 4.591387420730378, 9.656056483853362, 3.535909963684414, 4.090006175395754, 7.393793384677878, 628);
2022-10-10 13:48:04.676  INFO 3923 --- [    Test worker] p6spy                                    : #1665377284676 | took 0ms | statement | connection 26| url jdbc:h2:mem:6a3784ae-1aa6-4bbf-b617-4d4aeabcc2af
insert into picture (spot_id, url, picture_id) values (?, ?, ?)
insert into picture (spot_id, url, picture_id) values (NULL, 'java.io.StringReader@3d205bab', 2565);
2022-10-10 13:48:04.676  INFO 3923 --- [    Test worker] p6spy                                    : #1665377284676 | took 0ms | statement | connection 26| url jdbc:h2:mem:6a3784ae-1aa6-4bbf-b617-4d4aeabcc2af
insert into picture (spot_id, url, picture_id) values (?, ?, ?)
insert into picture (spot_id, url, picture_id) values (NULL, 'java.io.StringReader@3e7e40ca', 2566);
2022-10-10 13:48:04.676  INFO 3923 --- [    Test worker] p6spy                                    : #1665377284676 | took 0ms | statement | connection 26| url jdbc:h2:mem:6a3784ae-1aa6-4bbf-b617-4d4aeabcc2af
insert into picture (spot_id, url, picture_id) values (?, ?, ?)
insert into picture (spot_id, url, picture_id) values (NULL, 'java.io.StringReader@76facefd', 2567);
2022-10-10 13:48:04.676  INFO 3923 --- [    Test worker] p6spy                                    : #1665377284676 | took 0ms | statement | connection 26| url jdbc:h2:mem:6a3784ae-1aa6-4bbf-b617-4d4aeabcc2af
insert into spot (address, description, location, name, score_id, spot_id) values (?, ?, ?, ?, ?, ?)
insert into spot (address, description, location, name, score_id, spot_id) values (NULL, NULL, 'Aewol_eup', NULL, 628, 694);
2022-10-10 13:48:04.676  INFO 3923 --- [    Test worker] p6spy                                    : #1665377284676 | took 0ms | statement | connection 26| url jdbc:h2:mem:6a3784ae-1aa6-4bbf-b617-4d4aeabcc2af
insert into member_spot (member_id, score, spot_id, member_spot_id) values (?, ?, ?, ?)
insert into member_spot (member_id, score, spot_id, member_spot_id) values (21, 0.0, 694, 2568);
2022-10-10 13:48:04.676  INFO 3923 --- [    Test worker] p6spy                                    : #1665377284676 | took 0ms | statement | connection 26| url jdbc:h2:mem:6a3784ae-1aa6-4bbf-b617-4d4aeabcc2af
insert into review (content, spot_id, review_id) values (?, ?, ?)
insert into review (content, spot_id, review_id) values ('java.io.StringReader@2bcbf34b', 669, 630);
2022-10-10 13:48:04.676  INFO 3923 --- [    Test worker] p6spy                                    : #1665377284676 | took 0ms | statement | connection 26| url jdbc:h2:mem:6a3784ae-1aa6-4bbf-b617-4d4aeabcc2af
insert into score (facility_rank, facility_score, price_rank, price_score, rank_average, surround_rank, surround_score, view_rank, view_score, score_id) values (?, ?, ?, ?, ?, ?, ?, ?, ?, ?)
insert into score (facility_rank, facility_score, price_rank, price_score, rank_average, surround_rank, surround_score, view_rank, view_score, score_id) values (4.172591090921667, 6.96245009274019, 1.8831217760818486, 8.079854905295523, 8.207292867388093, 3.5133022963909744, 9.398929746065445, 0.8344426401481086, 4.232374160739967, 629);
2022-10-10 13:48:04.676  INFO 3923 --- [    Test worker] p6spy                                    : #1665377284676 | took 0ms | statement | connection 26| url jdbc:h2:mem:6a3784ae-1aa6-4bbf-b617-4d4aeabcc2af
insert into picture (spot_id, url, picture_id) values (?, ?, ?)
insert into picture (spot_id, url, picture_id) values (NULL, 'java.io.StringReader@2ec59814', 2569);
2022-10-10 13:48:04.676  INFO 3923 --- [    Test worker] p6spy                                    : #1665377284676 | took 0ms | statement | connection 26| url jdbc:h2:mem:6a3784ae-1aa6-4bbf-b617-4d4aeabcc2af
insert into picture (spot_id, url, picture_id) values (?, ?, ?)
insert into picture (spot_id, url, picture_id) values (NULL, 'java.io.StringReader@5fe4c7a8', 2570);
2022-10-10 13:48:04.676  INFO 3923 --- [    Test worker] p6spy                                    : #1665377284676 | took 0ms | statement | connection 26| url jdbc:h2:mem:6a3784ae-1aa6-4bbf-b617-4d4aeabcc2af
insert into picture (spot_id, url, picture_id) values (?, ?, ?)
insert into picture (spot_id, url, picture_id) values (NULL, 'java.io.StringReader@9b75e85', 2571);
2022-10-10 13:48:04.676  INFO 3923 --- [    Test worker] p6spy                                    : #1665377284676 | took 0ms | statement | connection 26| url jdbc:h2:mem:6a3784ae-1aa6-4bbf-b617-4d4aeabcc2af
insert into spot (address, description, location, name, score_id, spot_id) values (?, ?, ?, ?, ?, ?)
insert into spot (address, description, location, name, score_id, spot_id) values (NULL, NULL, 'Aewol_eup', NULL, 629, 695);
2022-10-10 13:48:04.676  INFO 3923 --- [    Test worker] p6spy                                    : #1665377284676 | took 0ms | statement | connection 26| url jdbc:h2:mem:6a3784ae-1aa6-4bbf-b617-4d4aeabcc2af
insert into member_spot (member_id, score, spot_id, member_spot_id) values (?, ?, ?, ?)
insert into member_spot (member_id, score, spot_id, member_spot_id) values (21, 0.0, 695, 2572);
2022-10-10 13:48:04.676  INFO 3923 --- [    Test worker] p6spy                                    : #1665377284676 | took 0ms | statement | connection 26| url jdbc:h2:mem:6a3784ae-1aa6-4bbf-b617-4d4aeabcc2af
insert into review (content, spot_id, review_id) values (?, ?, ?)
insert into review (content, spot_id, review_id) values ('java.io.StringReader@63c9be88', 669, 631);
2022-10-10 13:48:04.676  INFO 3923 --- [    Test worker] p6spy                                    : #1665377284676 | took 0ms | statement | connection 26| url jdbc:h2:mem:6a3784ae-1aa6-4bbf-b617-4d4aeabcc2af
insert into favorite_spot (count, favorite_id, spot_id, favorite_spot_id) values (?, ?, ?, ?)
insert into favorite_spot (count, favorite_id, spot_id, favorite_spot_id) values (0, 41, 695, 490);
2022-10-10 13:48:04.676  INFO 3923 --- [    Test worker] p6spy                                    : #1665377284676 | took 0ms | statement | connection 26| url jdbc:h2:mem:6a3784ae-1aa6-4bbf-b617-4d4aeabcc2af
insert into score (facility_rank, facility_score, price_rank, price_score, rank_average, surround_rank, surround_score, view_rank, view_score, score_id) values (?, ?, ?, ?, ?, ?, ?, ?, ?, ?)
insert into score (facility_rank, facility_score, price_rank, price_score, rank_average, surround_rank, surround_score, view_rank, view_score, score_id) values (8.951871446907958, 5.410560482683256, 1.0464662147079906, 3.599573259896347, 3.162588480537191, 1.2375737536683307, 3.904735382238286, 5.6152713526449505, 6.7647083756971345, 630);
2022-10-10 13:48:04.676  INFO 3923 --- [    Test worker] p6spy                                    : #1665377284676 | took 0ms | statement | connection 26| url jdbc:h2:mem:6a3784ae-1aa6-4bbf-b617-4d4aeabcc2af
insert into picture (spot_id, url, picture_id) values (?, ?, ?)
insert into picture (spot_id, url, picture_id) values (NULL, 'java.io.StringReader@48ac16af', 2573);
2022-10-10 13:48:04.676  INFO 3923 --- [    Test worker] p6spy                                    : #1665377284676 | took 0ms | statement | connection 26| url jdbc:h2:mem:6a3784ae-1aa6-4bbf-b617-4d4aeabcc2af
insert into picture (spot_id, url, picture_id) values (?, ?, ?)
insert into picture (spot_id, url, picture_id) values (NULL, 'java.io.StringReader@66a0c9b2', 2574);
2022-10-10 13:48:04.677  INFO 3923 --- [    Test worker] p6spy                                    : #1665377284677 | took 0ms | statement | connection 26| url jdbc:h2:mem:6a3784ae-1aa6-4bbf-b617-4d4aeabcc2af
insert into picture (spot_id, url, picture_id) values (?, ?, ?)
insert into picture (spot_id, url, picture_id) values (NULL, 'java.io.StringReader@35935056', 2575);
2022-10-10 13:48:04.677  INFO 3923 --- [    Test worker] p6spy                                    : #1665377284677 | took 0ms | statement | connection 26| url jdbc:h2:mem:6a3784ae-1aa6-4bbf-b617-4d4aeabcc2af
insert into spot (address, description, location, name, score_id, spot_id) values (?, ?, ?, ?, ?, ?)
insert into spot (address, description, location, name, score_id, spot_id) values (NULL, NULL, 'Aewol_eup', NULL, 630, 696);
2022-10-10 13:48:04.677  INFO 3923 --- [    Test worker] p6spy                                    : #1665377284677 | took 0ms | statement | connection 26| url jdbc:h2:mem:6a3784ae-1aa6-4bbf-b617-4d4aeabcc2af
insert into member_spot (member_id, score, spot_id, member_spot_id) values (?, ?, ?, ?)
insert into member_spot (member_id, score, spot_id, member_spot_id) values (21, 0.0, 696, 2576);
2022-10-10 13:48:04.677  INFO 3923 --- [    Test worker] p6spy                                    : #1665377284677 | took 0ms | statement | connection 26| url jdbc:h2:mem:6a3784ae-1aa6-4bbf-b617-4d4aeabcc2af
insert into review (content, spot_id, review_id) values (?, ?, ?)
insert into review (content, spot_id, review_id) values ('java.io.StringReader@49dfddcf', 669, 632);
2022-10-10 13:48:04.677  INFO 3923 --- [    Test worker] p6spy                                    : #1665377284677 | took 0ms | statement | connection 26| url jdbc:h2:mem:6a3784ae-1aa6-4bbf-b617-4d4aeabcc2af
insert into score (facility_rank, facility_score, price_rank, price_score, rank_average, surround_rank, surround_score, view_rank, view_score, score_id) values (?, ?, ?, ?, ?, ?, ?, ?, ?, ?)
insert into score (facility_rank, facility_score, price_rank, price_score, rank_average, surround_rank, surround_score, view_rank, view_score, score_id) values (9.451811812329865, 2.1370935910006272, 9.389212747973755, 0.5798062769581447, 1.0858824091091057, 0.7699052337509704, 8.942381577736526, 3.3875688088810083, 1.1682843208225968, 631);
2022-10-10 13:48:04.677  INFO 3923 --- [    Test worker] p6spy                                    : #1665377284677 | took 0ms | statement | connection 26| url jdbc:h2:mem:6a3784ae-1aa6-4bbf-b617-4d4aeabcc2af
insert into picture (spot_id, url, picture_id) values (?, ?, ?)
insert into picture (spot_id, url, picture_id) values (NULL, 'java.io.StringReader@3f9f764d', 2577);
2022-10-10 13:48:04.677  INFO 3923 --- [    Test worker] p6spy                                    : #1665377284677 | took 0ms | statement | connection 26| url jdbc:h2:mem:6a3784ae-1aa6-4bbf-b617-4d4aeabcc2af
insert into picture (spot_id, url, picture_id) values (?, ?, ?)
insert into picture (spot_id, url, picture_id) values (NULL, 'java.io.StringReader@1d3419ac', 2578);
2022-10-10 13:48:04.677  INFO 3923 --- [    Test worker] p6spy                                    : #1665377284677 | took 0ms | statement | connection 26| url jdbc:h2:mem:6a3784ae-1aa6-4bbf-b617-4d4aeabcc2af
insert into picture (spot_id, url, picture_id) values (?, ?, ?)
insert into picture (spot_id, url, picture_id) values (NULL, 'java.io.StringReader@545b97ab', 2579);
2022-10-10 13:48:04.677  INFO 3923 --- [    Test worker] p6spy                                    : #1665377284677 | took 0ms | statement | connection 26| url jdbc:h2:mem:6a3784ae-1aa6-4bbf-b617-4d4aeabcc2af
insert into spot (address, description, location, name, score_id, spot_id) values (?, ?, ?, ?, ?, ?)
insert into spot (address, description, location, name, score_id, spot_id) values (NULL, NULL, 'Aewol_eup', NULL, 631, 697);
2022-10-10 13:48:04.677  INFO 3923 --- [    Test worker] p6spy                                    : #1665377284677 | took 0ms | statement | connection 26| url jdbc:h2:mem:6a3784ae-1aa6-4bbf-b617-4d4aeabcc2af
insert into member_spot (member_id, score, spot_id, member_spot_id) values (?, ?, ?, ?)
insert into member_spot (member_id, score, spot_id, member_spot_id) values (21, 0.0, 697, 2580);
2022-10-10 13:48:04.677  INFO 3923 --- [    Test worker] p6spy                                    : #1665377284677 | took 0ms | statement | connection 26| url jdbc:h2:mem:6a3784ae-1aa6-4bbf-b617-4d4aeabcc2af
insert into review (content, spot_id, review_id) values (?, ?, ?)
insert into review (content, spot_id, review_id) values ('java.io.StringReader@cf88b73', 669, 633);
2022-10-10 13:48:04.677  INFO 3923 --- [    Test worker] p6spy                                    : #1665377284677 | took 0ms | statement | connection 26| url jdbc:h2:mem:6a3784ae-1aa6-4bbf-b617-4d4aeabcc2af
insert into favorite_spot (count, favorite_id, spot_id, favorite_spot_id) values (?, ?, ?, ?)
insert into favorite_spot (count, favorite_id, spot_id, favorite_spot_id) values (0, 41, 697, 491);
2022-10-10 13:48:04.677  INFO 3923 --- [    Test worker] p6spy                                    : #1665377284677 | took 0ms | statement | connection 26| url jdbc:h2:mem:6a3784ae-1aa6-4bbf-b617-4d4aeabcc2af
insert into score (facility_rank, facility_score, price_rank, price_score, rank_average, surround_rank, surround_score, view_rank, view_score, score_id) values (?, ?, ?, ?, ?, ?, ?, ?, ?, ?)
insert into score (facility_rank, facility_score, price_rank, price_score, rank_average, surround_rank, surround_score, view_rank, view_score, score_id) values (3.5299831232165593, 2.3381763538299314, 4.821042874396067, 9.100255116686567, 9.86028373501139, 1.4819204628265426, 9.761790003018788, 0.1276342563707611, 5.6947583156456805, 632);
2022-10-10 13:48:04.677  INFO 3923 --- [    Test worker] p6spy                                    : #1665377284677 | took 0ms | statement | connection 26| url jdbc:h2:mem:6a3784ae-1aa6-4bbf-b617-4d4aeabcc2af
insert into picture (spot_id, url, picture_id) values (?, ?, ?)
insert into picture (spot_id, url, picture_id) values (NULL, 'java.io.StringReader@28a8066', 2581);
2022-10-10 13:48:04.677  INFO 3923 --- [    Test worker] p6spy                                    : #1665377284677 | took 0ms | statement | connection 26| url jdbc:h2:mem:6a3784ae-1aa6-4bbf-b617-4d4aeabcc2af
insert into picture (spot_id, url, picture_id) values (?, ?, ?)
insert into picture (spot_id, url, picture_id) values (NULL, 'java.io.StringReader@79b605e8', 2582);
2022-10-10 13:48:04.677  INFO 3923 --- [    Test worker] p6spy                                    : #1665377284677 | took 0ms | statement | connection 26| url jdbc:h2:mem:6a3784ae-1aa6-4bbf-b617-4d4aeabcc2af
insert into picture (spot_id, url, picture_id) values (?, ?, ?)
insert into picture (spot_id, url, picture_id) values (NULL, 'java.io.StringReader@71ab85be', 2583);
2022-10-10 13:48:04.677  INFO 3923 --- [    Test worker] p6spy                                    : #1665377284677 | took 0ms | statement | connection 26| url jdbc:h2:mem:6a3784ae-1aa6-4bbf-b617-4d4aeabcc2af
insert into spot (address, description, location, name, score_id, spot_id) values (?, ?, ?, ?, ?, ?)
insert into spot (address, description, location, name, score_id, spot_id) values (NULL, NULL, 'Aewol_eup', NULL, 632, 698);
2022-10-10 13:48:04.677  INFO 3923 --- [    Test worker] p6spy                                    : #1665377284677 | took 0ms | statement | connection 26| url jdbc:h2:mem:6a3784ae-1aa6-4bbf-b617-4d4aeabcc2af
insert into member_spot (member_id, score, spot_id, member_spot_id) values (?, ?, ?, ?)
insert into member_spot (member_id, score, spot_id, member_spot_id) values (21, 0.0, 698, 2584);
2022-10-10 13:48:04.677  INFO 3923 --- [    Test worker] p6spy                                    : #1665377284677 | took 0ms | statement | connection 26| url jdbc:h2:mem:6a3784ae-1aa6-4bbf-b617-4d4aeabcc2af
insert into review (content, spot_id, review_id) values (?, ?, ?)
insert into review (content, spot_id, review_id) values ('java.io.StringReader@1f57fe1a', 669, 634);
2022-10-10 13:48:04.677  INFO 3923 --- [    Test worker] p6spy                                    : #1665377284677 | took 0ms | statement | connection 26| url jdbc:h2:mem:6a3784ae-1aa6-4bbf-b617-4d4aeabcc2af
insert into score (facility_rank, facility_score, price_rank, price_score, rank_average, surround_rank, surround_score, view_rank, view_score, score_id) values (?, ?, ?, ?, ?, ?, ?, ?, ?, ?)
insert into score (facility_rank, facility_score, price_rank, price_score, rank_average, surround_rank, surround_score, view_rank, view_score, score_id) values (5.375725083340396, 2.9500772884911663, 9.123463301598754, 0.1643224494812756, 8.407865049738438, 8.166258369284291, 2.5576380085827113, 9.512418069703914, 3.7695809085689316, 633);
2022-10-10 13:48:04.677  INFO 3923 --- [    Test worker] p6spy                                    : #1665377284677 | took 0ms | statement | connection 26| url jdbc:h2:mem:6a3784ae-1aa6-4bbf-b617-4d4aeabcc2af
insert into picture (spot_id, url, picture_id) values (?, ?, ?)
insert into picture (spot_id, url, picture_id) values (NULL, 'java.io.StringReader@4307fd63', 2585);
2022-10-10 13:48:04.677  INFO 3923 --- [    Test worker] p6spy                                    : #1665377284677 | took 0ms | statement | connection 26| url jdbc:h2:mem:6a3784ae-1aa6-4bbf-b617-4d4aeabcc2af
insert into picture (spot_id, url, picture_id) values (?, ?, ?)
insert into picture (spot_id, url, picture_id) values (NULL, 'java.io.StringReader@6c0b838a', 2586);
2022-10-10 13:48:04.677  INFO 3923 --- [    Test worker] p6spy                                    : #1665377284677 | took 0ms | statement | connection 26| url jdbc:h2:mem:6a3784ae-1aa6-4bbf-b617-4d4aeabcc2af
insert into picture (spot_id, url, picture_id) values (?, ?, ?)
insert into picture (spot_id, url, picture_id) values (NULL, 'java.io.StringReader@4a20f6ea', 2587);
2022-10-10 13:48:04.677  INFO 3923 --- [    Test worker] p6spy                                    : #1665377284677 | took 0ms | statement | connection 26| url jdbc:h2:mem:6a3784ae-1aa6-4bbf-b617-4d4aeabcc2af
insert into spot (address, description, location, name, score_id, spot_id) values (?, ?, ?, ?, ?, ?)
insert into spot (address, description, location, name, score_id, spot_id) values (NULL, NULL, 'Aewol_eup', NULL, 633, 699);
2022-10-10 13:48:04.677  INFO 3923 --- [    Test worker] p6spy                                    : #1665377284677 | took 0ms | statement | connection 26| url jdbc:h2:mem:6a3784ae-1aa6-4bbf-b617-4d4aeabcc2af
insert into member_spot (member_id, score, spot_id, member_spot_id) values (?, ?, ?, ?)
insert into member_spot (member_id, score, spot_id, member_spot_id) values (21, 0.0, 699, 2588);
2022-10-10 13:48:04.677  INFO 3923 --- [    Test worker] p6spy                                    : #1665377284677 | took 0ms | statement | connection 26| url jdbc:h2:mem:6a3784ae-1aa6-4bbf-b617-4d4aeabcc2af
insert into review (content, spot_id, review_id) values (?, ?, ?)
insert into review (content, spot_id, review_id) values ('java.io.StringReader@2b810995', 669, 635);
2022-10-10 13:48:04.677  INFO 3923 --- [    Test worker] p6spy                                    : #1665377284677 | took 0ms | statement | connection 26| url jdbc:h2:mem:6a3784ae-1aa6-4bbf-b617-4d4aeabcc2af
insert into favorite_spot (count, favorite_id, spot_id, favorite_spot_id) values (?, ?, ?, ?)
insert into favorite_spot (count, favorite_id, spot_id, favorite_spot_id) values (0, 41, 699, 492);
2022-10-10 13:48:04.677  INFO 3923 --- [    Test worker] p6spy                                    : #1665377284677 | took 0ms | statement | connection 26| url jdbc:h2:mem:6a3784ae-1aa6-4bbf-b617-4d4aeabcc2af
insert into score (facility_rank, facility_score, price_rank, price_score, rank_average, surround_rank, surround_score, view_rank, view_score, score_id) values (?, ?, ?, ?, ?, ?, ?, ?, ?, ?)
insert into score (facility_rank, facility_score, price_rank, price_score, rank_average, surround_rank, surround_score, view_rank, view_score, score_id) values (4.993324401836365, 3.650174306643158, 5.319626529049058, 5.955276617943047, 0.0534115599181062, 8.341000929486524, 3.7208865843391203, 2.1913402764831478, 7.3944425270269685, 634);
2022-10-10 13:48:04.677  INFO 3923 --- [    Test worker] p6spy                                    : #1665377284677 | took 0ms | statement | connection 26| url jdbc:h2:mem:6a3784ae-1aa6-4bbf-b617-4d4aeabcc2af
insert into picture (spot_id, url, picture_id) values (?, ?, ?)
insert into picture (spot_id, url, picture_id) values (NULL, 'java.io.StringReader@65039982', 2589);
2022-10-10 13:48:04.677  INFO 3923 --- [    Test worker] p6spy                                    : #1665377284677 | took 0ms | statement | connection 26| url jdbc:h2:mem:6a3784ae-1aa6-4bbf-b617-4d4aeabcc2af
insert into picture (spot_id, url, picture_id) values (?, ?, ?)
insert into picture (spot_id, url, picture_id) values (NULL, 'java.io.StringReader@732f3b2f', 2590);
2022-10-10 13:48:04.677  INFO 3923 --- [    Test worker] p6spy                                    : #1665377284677 | took 0ms | statement | connection 26| url jdbc:h2:mem:6a3784ae-1aa6-4bbf-b617-4d4aeabcc2af
insert into picture (spot_id, url, picture_id) values (?, ?, ?)
insert into picture (spot_id, url, picture_id) values (NULL, 'java.io.StringReader@5bbdb22b', 2591);
2022-10-10 13:48:04.677  INFO 3923 --- [    Test worker] p6spy                                    : #1665377284677 | took 0ms | statement | connection 26| url jdbc:h2:mem:6a3784ae-1aa6-4bbf-b617-4d4aeabcc2af
insert into spot (address, description, location, name, score_id, spot_id) values (?, ?, ?, ?, ?, ?)
insert into spot (address, description, location, name, score_id, spot_id) values (NULL, NULL, 'Aewol_eup', NULL, 634, 700);
2022-10-10 13:48:04.677  INFO 3923 --- [    Test worker] p6spy                                    : #1665377284677 | took 0ms | statement | connection 26| url jdbc:h2:mem:6a3784ae-1aa6-4bbf-b617-4d4aeabcc2af
insert into member_spot (member_id, score, spot_id, member_spot_id) values (?, ?, ?, ?)
insert into member_spot (member_id, score, spot_id, member_spot_id) values (21, 0.0, 700, 2592);
2022-10-10 13:48:04.677  INFO 3923 --- [    Test worker] p6spy                                    : #1665377284677 | took 0ms | statement | connection 26| url jdbc:h2:mem:6a3784ae-1aa6-4bbf-b617-4d4aeabcc2af
insert into review (content, spot_id, review_id) values (?, ?, ?)
insert into review (content, spot_id, review_id) values ('java.io.StringReader@374824d2', 669, 636);
2022-10-10 13:48:04.677  INFO 3923 --- [    Test worker] p6spy                                    : #1665377284677 | took 0ms | statement | connection 26| url jdbc:h2:mem:6a3784ae-1aa6-4bbf-b617-4d4aeabcc2af
insert into score (facility_rank, facility_score, price_rank, price_score, rank_average, surround_rank, surround_score, view_rank, view_score, score_id) values (?, ?, ?, ?, ?, ?, ?, ?, ?, ?)
insert into score (facility_rank, facility_score, price_rank, price_score, rank_average, surround_rank, surround_score, view_rank, view_score, score_id) values (0.5230621934195168, 2.437851686765651, 8.89796945059713, 6.3844972805035685, 5.623705950815978, 4.934572929138575, 9.814700978977543, 3.8609387242295035, 9.431178459894175, 635);
2022-10-10 13:48:04.677  INFO 3923 --- [    Test worker] p6spy                                    : #1665377284677 | took 0ms | statement | connection 26| url jdbc:h2:mem:6a3784ae-1aa6-4bbf-b617-4d4aeabcc2af
insert into picture (spot_id, url, picture_id) values (?, ?, ?)
insert into picture (spot_id, url, picture_id) values (NULL, 'java.io.StringReader@2e71bab1', 2593);
2022-10-10 13:48:04.677  INFO 3923 --- [    Test worker] p6spy                                    : #1665377284677 | took 0ms | statement | connection 26| url jdbc:h2:mem:6a3784ae-1aa6-4bbf-b617-4d4aeabcc2af
insert into picture (spot_id, url, picture_id) values (?, ?, ?)
insert into picture (spot_id, url, picture_id) values (NULL, 'java.io.StringReader@75e91fc8', 2594);
2022-10-10 13:48:04.677  INFO 3923 --- [    Test worker] p6spy                                    : #1665377284677 | took 0ms | statement | connection 26| url jdbc:h2:mem:6a3784ae-1aa6-4bbf-b617-4d4aeabcc2af
insert into picture (spot_id, url, picture_id) values (?, ?, ?)
insert into picture (spot_id, url, picture_id) values (NULL, 'java.io.StringReader@2321821d', 2595);
2022-10-10 13:48:04.677  INFO 3923 --- [    Test worker] p6spy                                    : #1665377284677 | took 0ms | statement | connection 26| url jdbc:h2:mem:6a3784ae-1aa6-4bbf-b617-4d4aeabcc2af
insert into spot (address, description, location, name, score_id, spot_id) values (?, ?, ?, ?, ?, ?)
insert into spot (address, description, location, name, score_id, spot_id) values (NULL, NULL, 'Aewol_eup', NULL, 635, 701);
2022-10-10 13:48:04.677  INFO 3923 --- [    Test worker] p6spy                                    : #1665377284677 | took 0ms | statement | connection 26| url jdbc:h2:mem:6a3784ae-1aa6-4bbf-b617-4d4aeabcc2af
insert into member_spot (member_id, score, spot_id, member_spot_id) values (?, ?, ?, ?)
insert into member_spot (member_id, score, spot_id, member_spot_id) values (21, 0.0, 701, 2596);
2022-10-10 13:48:04.677  INFO 3923 --- [    Test worker] p6spy                                    : #1665377284677 | took 0ms | statement | connection 26| url jdbc:h2:mem:6a3784ae-1aa6-4bbf-b617-4d4aeabcc2af
insert into review (content, spot_id, review_id) values (?, ?, ?)
insert into review (content, spot_id, review_id) values ('java.io.StringReader@2ffd51ac', 669, 637);
2022-10-10 13:48:04.677  INFO 3923 --- [    Test worker] p6spy                                    : #1665377284677 | took 0ms | statement | connection 26| url jdbc:h2:mem:6a3784ae-1aa6-4bbf-b617-4d4aeabcc2af
insert into favorite_spot (count, favorite_id, spot_id, favorite_spot_id) values (?, ?, ?, ?)
insert into favorite_spot (count, favorite_id, spot_id, favorite_spot_id) values (0, 41, 701, 493);
2022-10-10 13:48:04.678  INFO 3923 --- [    Test worker] p6spy                                    : #1665377284678 | took 0ms | statement | connection 26| url jdbc:h2:mem:6a3784ae-1aa6-4bbf-b617-4d4aeabcc2af
insert into score (facility_rank, facility_score, price_rank, price_score, rank_average, surround_rank, surround_score, view_rank, view_score, score_id) values (?, ?, ?, ?, ?, ?, ?, ?, ?, ?)
insert into score (facility_rank, facility_score, price_rank, price_score, rank_average, surround_rank, surround_score, view_rank, view_score, score_id) values (8.577605060786022, 0.5590569991291727, 3.879842848841931, 4.657087995412963, 2.1613472834165592, 7.879353222397448, 2.7933754697172644, 9.433844932643815, 5.673791528805568, 636);
2022-10-10 13:48:04.678  INFO 3923 --- [    Test worker] p6spy                                    : #1665377284678 | took 0ms | statement | connection 26| url jdbc:h2:mem:6a3784ae-1aa6-4bbf-b617-4d4aeabcc2af
insert into picture (spot_id, url, picture_id) values (?, ?, ?)
insert into picture (spot_id, url, picture_id) values (NULL, 'java.io.StringReader@76ee8506', 2597);
2022-10-10 13:48:04.678  INFO 3923 --- [    Test worker] p6spy                                    : #1665377284678 | took 0ms | statement | connection 26| url jdbc:h2:mem:6a3784ae-1aa6-4bbf-b617-4d4aeabcc2af
insert into picture (spot_id, url, picture_id) values (?, ?, ?)
insert into picture (spot_id, url, picture_id) values (NULL, 'java.io.StringReader@57d18be0', 2598);
2022-10-10 13:48:04.678  INFO 3923 --- [    Test worker] p6spy                                    : #1665377284678 | took 0ms | statement | connection 26| url jdbc:h2:mem:6a3784ae-1aa6-4bbf-b617-4d4aeabcc2af
insert into picture (spot_id, url, picture_id) values (?, ?, ?)
insert into picture (spot_id, url, picture_id) values (NULL, 'java.io.StringReader@7cecae0a', 2599);
2022-10-10 13:48:04.678  INFO 3923 --- [    Test worker] p6spy                                    : #1665377284678 | took 0ms | statement | connection 26| url jdbc:h2:mem:6a3784ae-1aa6-4bbf-b617-4d4aeabcc2af
insert into spot (address, description, location, name, score_id, spot_id) values (?, ?, ?, ?, ?, ?)
insert into spot (address, description, location, name, score_id, spot_id) values (NULL, NULL, 'Aewol_eup', NULL, 636, 702);
2022-10-10 13:48:04.678  INFO 3923 --- [    Test worker] p6spy                                    : #1665377284678 | took 0ms | statement | connection 26| url jdbc:h2:mem:6a3784ae-1aa6-4bbf-b617-4d4aeabcc2af
insert into member_spot (member_id, score, spot_id, member_spot_id) values (?, ?, ?, ?)
insert into member_spot (member_id, score, spot_id, member_spot_id) values (21, 0.0, 702, 2600);
2022-10-10 13:48:04.678  INFO 3923 --- [    Test worker] p6spy                                    : #1665377284678 | took 0ms | statement | connection 26| url jdbc:h2:mem:6a3784ae-1aa6-4bbf-b617-4d4aeabcc2af
insert into review (content, spot_id, review_id) values (?, ?, ?)
insert into review (content, spot_id, review_id) values ('java.io.StringReader@4153239b', 669, 638);
2022-10-10 13:48:04.678  INFO 3923 --- [    Test worker] p6spy                                    : #1665377284678 | took 0ms | statement | connection 26| url jdbc:h2:mem:6a3784ae-1aa6-4bbf-b617-4d4aeabcc2af
insert into score (facility_rank, facility_score, price_rank, price_score, rank_average, surround_rank, surround_score, view_rank, view_score, score_id) values (?, ?, ?, ?, ?, ?, ?, ?, ?, ?)
insert into score (facility_rank, facility_score, price_rank, price_score, rank_average, surround_rank, surround_score, view_rank, view_score, score_id) values (9.00572677734337, 3.6222179695434775, 6.734202580804017, 3.5037505977769055, 8.390781484591844, 3.308178270346094, 5.327134889776406, 9.105694805165662, 1.960968376922101, 637);
2022-10-10 13:48:04.678  INFO 3923 --- [    Test worker] p6spy                                    : #1665377284678 | took 0ms | statement | connection 26| url jdbc:h2:mem:6a3784ae-1aa6-4bbf-b617-4d4aeabcc2af
insert into picture (spot_id, url, picture_id) values (?, ?, ?)
insert into picture (spot_id, url, picture_id) values (NULL, 'java.io.StringReader@71bbc2a0', 2601);
2022-10-10 13:48:04.678  INFO 3923 --- [    Test worker] p6spy                                    : #1665377284678 | took 0ms | statement | connection 26| url jdbc:h2:mem:6a3784ae-1aa6-4bbf-b617-4d4aeabcc2af
insert into picture (spot_id, url, picture_id) values (?, ?, ?)
insert into picture (spot_id, url, picture_id) values (NULL, 'java.io.StringReader@4f3ad071', 2602);
2022-10-10 13:48:04.678  INFO 3923 --- [    Test worker] p6spy                                    : #1665377284678 | took 0ms | statement | connection 26| url jdbc:h2:mem:6a3784ae-1aa6-4bbf-b617-4d4aeabcc2af
insert into picture (spot_id, url, picture_id) values (?, ?, ?)
insert into picture (spot_id, url, picture_id) values (NULL, 'java.io.StringReader@51845f27', 2603);
2022-10-10 13:48:04.678  INFO 3923 --- [    Test worker] p6spy                                    : #1665377284678 | took 0ms | statement | connection 26| url jdbc:h2:mem:6a3784ae-1aa6-4bbf-b617-4d4aeabcc2af
insert into spot (address, description, location, name, score_id, spot_id) values (?, ?, ?, ?, ?, ?)
insert into spot (address, description, location, name, score_id, spot_id) values (NULL, NULL, 'Aewol_eup', NULL, 637, 703);
2022-10-10 13:48:04.678  INFO 3923 --- [    Test worker] p6spy                                    : #1665377284678 | took 0ms | statement | connection 26| url jdbc:h2:mem:6a3784ae-1aa6-4bbf-b617-4d4aeabcc2af
insert into member_spot (member_id, score, spot_id, member_spot_id) values (?, ?, ?, ?)
insert into member_spot (member_id, score, spot_id, member_spot_id) values (21, 0.0, 703, 2604);
2022-10-10 13:48:04.678  INFO 3923 --- [    Test worker] p6spy                                    : #1665377284678 | took 0ms | statement | connection 26| url jdbc:h2:mem:6a3784ae-1aa6-4bbf-b617-4d4aeabcc2af
insert into review (content, spot_id, review_id) values (?, ?, ?)
insert into review (content, spot_id, review_id) values ('java.io.StringReader@5d996e63', 669, 639);
2022-10-10 13:48:04.678  INFO 3923 --- [    Test worker] p6spy                                    : #1665377284678 | took 0ms | statement | connection 26| url jdbc:h2:mem:6a3784ae-1aa6-4bbf-b617-4d4aeabcc2af
insert into favorite_spot (count, favorite_id, spot_id, favorite_spot_id) values (?, ?, ?, ?)
insert into favorite_spot (count, favorite_id, spot_id, favorite_spot_id) values (0, 41, 703, 494);
2022-10-10 13:48:04.678  INFO 3923 --- [    Test worker] p6spy                                    : #1665377284678 | took 0ms | statement | connection 26| url jdbc:h2:mem:6a3784ae-1aa6-4bbf-b617-4d4aeabcc2af
insert into score (facility_rank, facility_score, price_rank, price_score, rank_average, surround_rank, surround_score, view_rank, view_score, score_id) values (?, ?, ?, ?, ?, ?, ?, ?, ?, ?)
insert into score (facility_rank, facility_score, price_rank, price_score, rank_average, surround_rank, surround_score, view_rank, view_score, score_id) values (4.972089689792125, 3.3900034295682713, 0.7251370783568589, 4.99608515134164, 2.6955943897192904, 7.122111089691075, 9.794576333946402, 8.520413918216107, 2.061922956421628, 638);
2022-10-10 13:48:04.678  INFO 3923 --- [    Test worker] p6spy                                    : #1665377284678 | took 0ms | statement | connection 26| url jdbc:h2:mem:6a3784ae-1aa6-4bbf-b617-4d4aeabcc2af
insert into picture (spot_id, url, picture_id) values (?, ?, ?)
insert into picture (spot_id, url, picture_id) values (NULL, 'java.io.StringReader@760136f9', 2605);
2022-10-10 13:48:04.678  INFO 3923 --- [    Test worker] p6spy                                    : #1665377284678 | took 0ms | statement | connection 26| url jdbc:h2:mem:6a3784ae-1aa6-4bbf-b617-4d4aeabcc2af
insert into picture (spot_id, url, picture_id) values (?, ?, ?)
insert into picture (spot_id, url, picture_id) values (NULL, 'java.io.StringReader@229d7e43', 2606);
2022-10-10 13:48:04.678  INFO 3923 --- [    Test worker] p6spy                                    : #1665377284678 | took 0ms | statement | connection 26| url jdbc:h2:mem:6a3784ae-1aa6-4bbf-b617-4d4aeabcc2af
insert into picture (spot_id, url, picture_id) values (?, ?, ?)
insert into picture (spot_id, url, picture_id) values (NULL, 'java.io.StringReader@5466af4', 2607);
2022-10-10 13:48:04.678  INFO 3923 --- [    Test worker] p6spy                                    : #1665377284678 | took 0ms | statement | connection 26| url jdbc:h2:mem:6a3784ae-1aa6-4bbf-b617-4d4aeabcc2af
insert into spot (address, description, location, name, score_id, spot_id) values (?, ?, ?, ?, ?, ?)
insert into spot (address, description, location, name, score_id, spot_id) values (NULL, NULL, 'Aewol_eup', NULL, 638, 704);
2022-10-10 13:48:04.678  INFO 3923 --- [    Test worker] p6spy                                    : #1665377284678 | took 0ms | statement | connection 26| url jdbc:h2:mem:6a3784ae-1aa6-4bbf-b617-4d4aeabcc2af
insert into member_spot (member_id, score, spot_id, member_spot_id) values (?, ?, ?, ?)
insert into member_spot (member_id, score, spot_id, member_spot_id) values (21, 0.0, 704, 2608);
2022-10-10 13:48:04.678  INFO 3923 --- [    Test worker] p6spy                                    : #1665377284678 | took 0ms | statement | connection 26| url jdbc:h2:mem:6a3784ae-1aa6-4bbf-b617-4d4aeabcc2af
insert into review (content, spot_id, review_id) values (?, ?, ?)
insert into review (content, spot_id, review_id) values ('java.io.StringReader@69d00a77', 669, 640);
2022-10-10 13:48:04.678  INFO 3923 --- [    Test worker] p6spy                                    : #1665377284678 | took 0ms | statement | connection 26| url jdbc:h2:mem:6a3784ae-1aa6-4bbf-b617-4d4aeabcc2af
insert into score (facility_rank, facility_score, price_rank, price_score, rank_average, surround_rank, surround_score, view_rank, view_score, score_id) values (?, ?, ?, ?, ?, ?, ?, ?, ?, ?)
insert into score (facility_rank, facility_score, price_rank, price_score, rank_average, surround_rank, surround_score, view_rank, view_score, score_id) values (7.711790321646054, 1.1950821369280484, 1.3336659211753665, 3.9637984674420643, 9.161573937761476, 0.33141905536829386, 6.634427876138139, 5.96650275762474, 8.676281596524055, 639);
2022-10-10 13:48:04.678  INFO 3923 --- [    Test worker] p6spy                                    : #1665377284678 | took 0ms | statement | connection 26| url jdbc:h2:mem:6a3784ae-1aa6-4bbf-b617-4d4aeabcc2af
insert into picture (spot_id, url, picture_id) values (?, ?, ?)
insert into picture (spot_id, url, picture_id) values (NULL, 'java.io.StringReader@1dba7c92', 2609);
2022-10-10 13:48:04.678  INFO 3923 --- [    Test worker] p6spy                                    : #1665377284678 | took 0ms | statement | connection 26| url jdbc:h2:mem:6a3784ae-1aa6-4bbf-b617-4d4aeabcc2af
insert into picture (spot_id, url, picture_id) values (?, ?, ?)
insert into picture (spot_id, url, picture_id) values (NULL, 'java.io.StringReader@4730a5ca', 2610);
2022-10-10 13:48:04.678  INFO 3923 --- [    Test worker] p6spy                                    : #1665377284678 | took 0ms | statement | connection 26| url jdbc:h2:mem:6a3784ae-1aa6-4bbf-b617-4d4aeabcc2af
insert into picture (spot_id, url, picture_id) values (?, ?, ?)
insert into picture (spot_id, url, picture_id) values (NULL, 'java.io.StringReader@4e54ada7', 2611);
2022-10-10 13:48:04.678  INFO 3923 --- [    Test worker] p6spy                                    : #1665377284678 | took 0ms | statement | connection 26| url jdbc:h2:mem:6a3784ae-1aa6-4bbf-b617-4d4aeabcc2af
insert into spot (address, description, location, name, score_id, spot_id) values (?, ?, ?, ?, ?, ?)
insert into spot (address, description, location, name, score_id, spot_id) values (NULL, NULL, 'Aewol_eup', NULL, 639, 705);
2022-10-10 13:48:04.678  INFO 3923 --- [    Test worker] p6spy                                    : #1665377284678 | took 0ms | statement | connection 26| url jdbc:h2:mem:6a3784ae-1aa6-4bbf-b617-4d4aeabcc2af
insert into member_spot (member_id, score, spot_id, member_spot_id) values (?, ?, ?, ?)
insert into member_spot (member_id, score, spot_id, member_spot_id) values (21, 0.0, 705, 2612);
2022-10-10 13:48:04.678  INFO 3923 --- [    Test worker] p6spy                                    : #1665377284678 | took 0ms | statement | connection 26| url jdbc:h2:mem:6a3784ae-1aa6-4bbf-b617-4d4aeabcc2af
insert into review (content, spot_id, review_id) values (?, ?, ?)
insert into review (content, spot_id, review_id) values ('java.io.StringReader@29d72ce1', 669, 641);
2022-10-10 13:48:04.678  INFO 3923 --- [    Test worker] p6spy                                    : #1665377284678 | took 0ms | statement | connection 26| url jdbc:h2:mem:6a3784ae-1aa6-4bbf-b617-4d4aeabcc2af
insert into favorite_spot (count, favorite_id, spot_id, favorite_spot_id) values (?, ?, ?, ?)
insert into favorite_spot (count, favorite_id, spot_id, favorite_spot_id) values (0, 41, 705, 495);
2022-10-10 13:48:04.678  INFO 3923 --- [    Test worker] p6spy                                    : #1665377284678 | took 0ms | statement | connection 26| url jdbc:h2:mem:6a3784ae-1aa6-4bbf-b617-4d4aeabcc2af
insert into score (facility_rank, facility_score, price_rank, price_score, rank_average, surround_rank, surround_score, view_rank, view_score, score_id) values (?, ?, ?, ?, ?, ?, ?, ?, ?, ?)
insert into score (facility_rank, facility_score, price_rank, price_score, rank_average, surround_rank, surround_score, view_rank, view_score, score_id) values (1.5219881543853908, 1.5285831840561925, 4.704665482408746, 2.8874416620439582, 4.769712887446794, 3.689538942775558, 5.131761884942726, 5.9655028470598666, 8.23168825463673, 640);
2022-10-10 13:48:04.678  INFO 3923 --- [    Test worker] p6spy                                    : #1665377284678 | took 0ms | statement | connection 26| url jdbc:h2:mem:6a3784ae-1aa6-4bbf-b617-4d4aeabcc2af
insert into picture (spot_id, url, picture_id) values (?, ?, ?)
insert into picture (spot_id, url, picture_id) values (NULL, 'java.io.StringReader@2e3d3158', 2613);
2022-10-10 13:48:04.678  INFO 3923 --- [    Test worker] p6spy                                    : #1665377284678 | took 0ms | statement | connection 26| url jdbc:h2:mem:6a3784ae-1aa6-4bbf-b617-4d4aeabcc2af
insert into picture (spot_id, url, picture_id) values (?, ?, ?)
insert into picture (spot_id, url, picture_id) values (NULL, 'java.io.StringReader@38e9264f', 2614);
2022-10-10 13:48:04.678  INFO 3923 --- [    Test worker] p6spy                                    : #1665377284678 | took 0ms | statement | connection 26| url jdbc:h2:mem:6a3784ae-1aa6-4bbf-b617-4d4aeabcc2af
insert into picture (spot_id, url, picture_id) values (?, ?, ?)
insert into picture (spot_id, url, picture_id) values (NULL, 'java.io.StringReader@222a8abc', 2615);
2022-10-10 13:48:04.678  INFO 3923 --- [    Test worker] p6spy                                    : #1665377284678 | took 0ms | statement | connection 26| url jdbc:h2:mem:6a3784ae-1aa6-4bbf-b617-4d4aeabcc2af
insert into spot (address, description, location, name, score_id, spot_id) values (?, ?, ?, ?, ?, ?)
insert into spot (address, description, location, name, score_id, spot_id) values (NULL, NULL, 'Aewol_eup', NULL, 640, 706);
2022-10-10 13:48:04.678  INFO 3923 --- [    Test worker] p6spy                                    : #1665377284678 | took 0ms | statement | connection 26| url jdbc:h2:mem:6a3784ae-1aa6-4bbf-b617-4d4aeabcc2af
insert into member_spot (member_id, score, spot_id, member_spot_id) values (?, ?, ?, ?)
insert into member_spot (member_id, score, spot_id, member_spot_id) values (21, 0.0, 706, 2616);
2022-10-10 13:48:04.678  INFO 3923 --- [    Test worker] p6spy                                    : #1665377284678 | took 0ms | statement | connection 26| url jdbc:h2:mem:6a3784ae-1aa6-4bbf-b617-4d4aeabcc2af
insert into review (content, spot_id, review_id) values (?, ?, ?)
insert into review (content, spot_id, review_id) values ('java.io.StringReader@62849b70', 669, 642);
2022-10-10 13:48:04.678  INFO 3923 --- [    Test worker] p6spy                                    : #1665377284678 | took 0ms | statement | connection 26| url jdbc:h2:mem:6a3784ae-1aa6-4bbf-b617-4d4aeabcc2af
insert into score (facility_rank, facility_score, price_rank, price_score, rank_average, surround_rank, surround_score, view_rank, view_score, score_id) values (?, ?, ?, ?, ?, ?, ?, ?, ?, ?)
insert into score (facility_rank, facility_score, price_rank, price_score, rank_average, surround_rank, surround_score, view_rank, view_score, score_id) values (6.700617723436179, 2.162145711249841, 3.3963946899593846, 9.05185185165851, 0.1943662311235883, 9.831739408661587, 3.7706637002646124, 8.485730210982746, 3.9657695099122603, 641);
2022-10-10 13:48:04.678  INFO 3923 --- [    Test worker] p6spy                                    : #1665377284678 | took 0ms | statement | connection 26| url jdbc:h2:mem:6a3784ae-1aa6-4bbf-b617-4d4aeabcc2af
insert into picture (spot_id, url, picture_id) values (?, ?, ?)
insert into picture (spot_id, url, picture_id) values (NULL, 'java.io.StringReader@1fd97a8', 2617);
2022-10-10 13:48:04.678  INFO 3923 --- [    Test worker] p6spy                                    : #1665377284678 | took 0ms | statement | connection 26| url jdbc:h2:mem:6a3784ae-1aa6-4bbf-b617-4d4aeabcc2af
insert into picture (spot_id, url, picture_id) values (?, ?, ?)
insert into picture (spot_id, url, picture_id) values (NULL, 'java.io.StringReader@344b29e9', 2618);
2022-10-10 13:48:04.678  INFO 3923 --- [    Test worker] p6spy                                    : #1665377284678 | took 0ms | statement | connection 26| url jdbc:h2:mem:6a3784ae-1aa6-4bbf-b617-4d4aeabcc2af
insert into picture (spot_id, url, picture_id) values (?, ?, ?)
insert into picture (spot_id, url, picture_id) values (NULL, 'java.io.StringReader@78a2d456', 2619);
2022-10-10 13:48:04.678  INFO 3923 --- [    Test worker] p6spy                                    : #1665377284678 | took 0ms | statement | connection 26| url jdbc:h2:mem:6a3784ae-1aa6-4bbf-b617-4d4aeabcc2af
insert into spot (address, description, location, name, score_id, spot_id) values (?, ?, ?, ?, ?, ?)
insert into spot (address, description, location, name, score_id, spot_id) values (NULL, NULL, 'Aewol_eup', NULL, 641, 707);
2022-10-10 13:48:04.678  INFO 3923 --- [    Test worker] p6spy                                    : #1665377284678 | took 0ms | statement | connection 26| url jdbc:h2:mem:6a3784ae-1aa6-4bbf-b617-4d4aeabcc2af
insert into member_spot (member_id, score, spot_id, member_spot_id) values (?, ?, ?, ?)
insert into member_spot (member_id, score, spot_id, member_spot_id) values (21, 0.0, 707, 2620);
2022-10-10 13:48:04.678  INFO 3923 --- [    Test worker] p6spy                                    : #1665377284678 | took 0ms | statement | connection 26| url jdbc:h2:mem:6a3784ae-1aa6-4bbf-b617-4d4aeabcc2af
insert into review (content, spot_id, review_id) values (?, ?, ?)
insert into review (content, spot_id, review_id) values ('java.io.StringReader@6ab9bf6a', 669, 643);
2022-10-10 13:48:04.678  INFO 3923 --- [    Test worker] p6spy                                    : #1665377284678 | took 0ms | statement | connection 26| url jdbc:h2:mem:6a3784ae-1aa6-4bbf-b617-4d4aeabcc2af
insert into favorite_spot (count, favorite_id, spot_id, favorite_spot_id) values (?, ?, ?, ?)
insert into favorite_spot (count, favorite_id, spot_id, favorite_spot_id) values (0, 41, 707, 496);
2022-10-10 13:48:04.679  INFO 3923 --- [    Test worker] p6spy                                    : #1665377284679 | took 0ms | statement | connection 26| url jdbc:h2:mem:6a3784ae-1aa6-4bbf-b617-4d4aeabcc2af
insert into score (facility_rank, facility_score, price_rank, price_score, rank_average, surround_rank, surround_score, view_rank, view_score, score_id) values (?, ?, ?, ?, ?, ?, ?, ?, ?, ?)
insert into score (facility_rank, facility_score, price_rank, price_score, rank_average, surround_rank, surround_score, view_rank, view_score, score_id) values (7.332000854246436, 7.953642554059371, 5.374234123501563, 9.74959651259889, 8.211260267940993, 7.042672517324248, 5.966220394056951, 5.2844066731766945, 3.287123250447391, 642);
2022-10-10 13:48:04.679  INFO 3923 --- [    Test worker] p6spy                                    : #1665377284679 | took 0ms | statement | connection 26| url jdbc:h2:mem:6a3784ae-1aa6-4bbf-b617-4d4aeabcc2af
insert into picture (spot_id, url, picture_id) values (?, ?, ?)
insert into picture (spot_id, url, picture_id) values (NULL, 'java.io.StringReader@3e65044c', 2621);
2022-10-10 13:48:04.679  INFO 3923 --- [    Test worker] p6spy                                    : #1665377284679 | took 0ms | statement | connection 26| url jdbc:h2:mem:6a3784ae-1aa6-4bbf-b617-4d4aeabcc2af
insert into picture (spot_id, url, picture_id) values (?, ?, ?)
insert into picture (spot_id, url, picture_id) values (NULL, 'java.io.StringReader@359c5f44', 2622);
2022-10-10 13:48:04.679  INFO 3923 --- [    Test worker] p6spy                                    : #1665377284679 | took 0ms | statement | connection 26| url jdbc:h2:mem:6a3784ae-1aa6-4bbf-b617-4d4aeabcc2af
insert into picture (spot_id, url, picture_id) values (?, ?, ?)
insert into picture (spot_id, url, picture_id) values (NULL, 'java.io.StringReader@5effaf0f', 2623);
2022-10-10 13:48:04.679  INFO 3923 --- [    Test worker] p6spy                                    : #1665377284679 | took 0ms | statement | connection 26| url jdbc:h2:mem:6a3784ae-1aa6-4bbf-b617-4d4aeabcc2af
insert into spot (address, description, location, name, score_id, spot_id) values (?, ?, ?, ?, ?, ?)
insert into spot (address, description, location, name, score_id, spot_id) values (NULL, NULL, 'Aewol_eup', NULL, 642, 708);
2022-10-10 13:48:04.679  INFO 3923 --- [    Test worker] p6spy                                    : #1665377284679 | took 0ms | statement | connection 26| url jdbc:h2:mem:6a3784ae-1aa6-4bbf-b617-4d4aeabcc2af
insert into member_spot (member_id, score, spot_id, member_spot_id) values (?, ?, ?, ?)
insert into member_spot (member_id, score, spot_id, member_spot_id) values (21, 0.0, 708, 2624);
2022-10-10 13:48:04.679  INFO 3923 --- [    Test worker] p6spy                                    : #1665377284679 | took 0ms | statement | connection 26| url jdbc:h2:mem:6a3784ae-1aa6-4bbf-b617-4d4aeabcc2af
insert into review (content, spot_id, review_id) values (?, ?, ?)
insert into review (content, spot_id, review_id) values ('java.io.StringReader@373ac817', 669, 644);
2022-10-10 13:48:04.679  INFO 3923 --- [    Test worker] p6spy                                    : #1665377284679 | took 0ms | statement | connection 26| url jdbc:h2:mem:6a3784ae-1aa6-4bbf-b617-4d4aeabcc2af
insert into score (facility_rank, facility_score, price_rank, price_score, rank_average, surround_rank, surround_score, view_rank, view_score, score_id) values (?, ?, ?, ?, ?, ?, ?, ?, ?, ?)
insert into score (facility_rank, facility_score, price_rank, price_score, rank_average, surround_rank, surround_score, view_rank, view_score, score_id) values (5.171354858250881, 9.680627234809435, 3.8502595444002816, 6.106047107666335, 0.9307385471830254, 5.223265485106031, 8.327841424822655, 9.426873502629123, 0.0770990465180299, 643);
2022-10-10 13:48:04.679  INFO 3923 --- [    Test worker] p6spy                                    : #1665377284679 | took 0ms | statement | connection 26| url jdbc:h2:mem:6a3784ae-1aa6-4bbf-b617-4d4aeabcc2af
insert into picture (spot_id, url, picture_id) values (?, ?, ?)
insert into picture (spot_id, url, picture_id) values (NULL, 'java.io.StringReader@14020975', 2625);
2022-10-10 13:48:04.679  INFO 3923 --- [    Test worker] p6spy                                    : #1665377284679 | took 0ms | statement | connection 26| url jdbc:h2:mem:6a3784ae-1aa6-4bbf-b617-4d4aeabcc2af
insert into picture (spot_id, url, picture_id) values (?, ?, ?)
insert into picture (spot_id, url, picture_id) values (NULL, 'java.io.StringReader@4bd93df1', 2626);
2022-10-10 13:48:04.679  INFO 3923 --- [    Test worker] p6spy                                    : #1665377284679 | took 0ms | statement | connection 26| url jdbc:h2:mem:6a3784ae-1aa6-4bbf-b617-4d4aeabcc2af
insert into picture (spot_id, url, picture_id) values (?, ?, ?)
insert into picture (spot_id, url, picture_id) values (NULL, 'java.io.StringReader@3ec8ac8e', 2627);
2022-10-10 13:48:04.679  INFO 3923 --- [    Test worker] p6spy                                    : #1665377284679 | took 0ms | statement | connection 26| url jdbc:h2:mem:6a3784ae-1aa6-4bbf-b617-4d4aeabcc2af
insert into spot (address, description, location, name, score_id, spot_id) values (?, ?, ?, ?, ?, ?)
insert into spot (address, description, location, name, score_id, spot_id) values (NULL, NULL, 'Aewol_eup', NULL, 643, 709);
2022-10-10 13:48:04.679  INFO 3923 --- [    Test worker] p6spy                                    : #1665377284679 | took 0ms | statement | connection 26| url jdbc:h2:mem:6a3784ae-1aa6-4bbf-b617-4d4aeabcc2af
insert into member_spot (member_id, score, spot_id, member_spot_id) values (?, ?, ?, ?)
insert into member_spot (member_id, score, spot_id, member_spot_id) values (21, 0.0, 709, 2628);
2022-10-10 13:48:04.679  INFO 3923 --- [    Test worker] p6spy                                    : #1665377284679 | took 0ms | statement | connection 26| url jdbc:h2:mem:6a3784ae-1aa6-4bbf-b617-4d4aeabcc2af
insert into review (content, spot_id, review_id) values (?, ?, ?)
insert into review (content, spot_id, review_id) values ('java.io.StringReader@f4617ae', 669, 645);
2022-10-10 13:48:04.679  INFO 3923 --- [    Test worker] p6spy                                    : #1665377284679 | took 0ms | statement | connection 26| url jdbc:h2:mem:6a3784ae-1aa6-4bbf-b617-4d4aeabcc2af
insert into favorite_spot (count, favorite_id, spot_id, favorite_spot_id) values (?, ?, ?, ?)
insert into favorite_spot (count, favorite_id, spot_id, favorite_spot_id) values (0, 41, 709, 497);
2022-10-10 13:48:04.679  INFO 3923 --- [    Test worker] p6spy                                    : #1665377284679 | took 0ms | statement | connection 26| url jdbc:h2:mem:6a3784ae-1aa6-4bbf-b617-4d4aeabcc2af
insert into score (facility_rank, facility_score, price_rank, price_score, rank_average, surround_rank, surround_score, view_rank, view_score, score_id) values (?, ?, ?, ?, ?, ?, ?, ?, ?, ?)
insert into score (facility_rank, facility_score, price_rank, price_score, rank_average, surround_rank, surround_score, view_rank, view_score, score_id) values (3.6146372080410885, 8.270621913743108, 6.123149804923553, 5.090466330222262, 2.234336220606444, 2.2793807578103453, 2.6570399517903374, 7.367959269271214, 1.746548305846476, 644);
2022-10-10 13:48:04.679  INFO 3923 --- [    Test worker] p6spy                                    : #1665377284679 | took 0ms | statement | connection 26| url jdbc:h2:mem:6a3784ae-1aa6-4bbf-b617-4d4aeabcc2af
insert into picture (spot_id, url, picture_id) values (?, ?, ?)
insert into picture (spot_id, url, picture_id) values (NULL, 'java.io.StringReader@6b118680', 2629);
2022-10-10 13:48:04.679  INFO 3923 --- [    Test worker] p6spy                                    : #1665377284679 | took 0ms | statement | connection 26| url jdbc:h2:mem:6a3784ae-1aa6-4bbf-b617-4d4aeabcc2af
insert into picture (spot_id, url, picture_id) values (?, ?, ?)
insert into picture (spot_id, url, picture_id) values (NULL, 'java.io.StringReader@39cca34c', 2630);
2022-10-10 13:48:04.679  INFO 3923 --- [    Test worker] p6spy                                    : #1665377284679 | took 0ms | statement | connection 26| url jdbc:h2:mem:6a3784ae-1aa6-4bbf-b617-4d4aeabcc2af
insert into picture (spot_id, url, picture_id) values (?, ?, ?)
insert into picture (spot_id, url, picture_id) values (NULL, 'java.io.StringReader@4ddc2bf3', 2631);
2022-10-10 13:48:04.679  INFO 3923 --- [    Test worker] p6spy                                    : #1665377284679 | took 0ms | statement | connection 26| url jdbc:h2:mem:6a3784ae-1aa6-4bbf-b617-4d4aeabcc2af
insert into spot (address, description, location, name, score_id, spot_id) values (?, ?, ?, ?, ?, ?)
insert into spot (address, description, location, name, score_id, spot_id) values (NULL, NULL, 'Aewol_eup', NULL, 644, 710);
2022-10-10 13:48:04.679  INFO 3923 --- [    Test worker] p6spy                                    : #1665377284679 | took 0ms | statement | connection 26| url jdbc:h2:mem:6a3784ae-1aa6-4bbf-b617-4d4aeabcc2af
insert into member_spot (member_id, score, spot_id, member_spot_id) values (?, ?, ?, ?)
insert into member_spot (member_id, score, spot_id, member_spot_id) values (21, 0.0, 710, 2632);
2022-10-10 13:48:04.679  INFO 3923 --- [    Test worker] p6spy                                    : #1665377284679 | took 0ms | statement | connection 26| url jdbc:h2:mem:6a3784ae-1aa6-4bbf-b617-4d4aeabcc2af
insert into review (content, spot_id, review_id) values (?, ?, ?)
insert into review (content, spot_id, review_id) values ('java.io.StringReader@68d69a42', 669, 646);
2022-10-10 13:48:04.679  INFO 3923 --- [    Test worker] p6spy                                    : #1665377284679 | took 0ms | statement | connection 26| url jdbc:h2:mem:6a3784ae-1aa6-4bbf-b617-4d4aeabcc2af
insert into score (facility_rank, facility_score, price_rank, price_score, rank_average, surround_rank, surround_score, view_rank, view_score, score_id) values (?, ?, ?, ?, ?, ?, ?, ?, ?, ?)
insert into score (facility_rank, facility_score, price_rank, price_score, rank_average, surround_rank, surround_score, view_rank, view_score, score_id) values (9.867075152856144, 1.1523916974537107, 2.599871034050756, 4.370175769988459, 6.882250734502911, 2.5839615588880283, 9.016329737120026, 3.461513527990665, 6.43856138852855, 645);
2022-10-10 13:48:04.679  INFO 3923 --- [    Test worker] p6spy                                    : #1665377284679 | took 0ms | statement | connection 26| url jdbc:h2:mem:6a3784ae-1aa6-4bbf-b617-4d4aeabcc2af
insert into picture (spot_id, url, picture_id) values (?, ?, ?)
insert into picture (spot_id, url, picture_id) values (NULL, 'java.io.StringReader@73f00c1', 2633);
2022-10-10 13:48:04.679  INFO 3923 --- [    Test worker] p6spy                                    : #1665377284679 | took 0ms | statement | connection 26| url jdbc:h2:mem:6a3784ae-1aa6-4bbf-b617-4d4aeabcc2af
insert into picture (spot_id, url, picture_id) values (?, ?, ?)
insert into picture (spot_id, url, picture_id) values (NULL, 'java.io.StringReader@15c49654', 2634);
2022-10-10 13:48:04.679  INFO 3923 --- [    Test worker] p6spy                                    : #1665377284679 | took 0ms | statement | connection 26| url jdbc:h2:mem:6a3784ae-1aa6-4bbf-b617-4d4aeabcc2af
insert into picture (spot_id, url, picture_id) values (?, ?, ?)
insert into picture (spot_id, url, picture_id) values (NULL, 'java.io.StringReader@d744127', 2635);
2022-10-10 13:48:04.679  INFO 3923 --- [    Test worker] p6spy                                    : #1665377284679 | took 0ms | statement | connection 26| url jdbc:h2:mem:6a3784ae-1aa6-4bbf-b617-4d4aeabcc2af
insert into spot (address, description, location, name, score_id, spot_id) values (?, ?, ?, ?, ?, ?)
insert into spot (address, description, location, name, score_id, spot_id) values (NULL, NULL, 'Aewol_eup', NULL, 645, 711);
2022-10-10 13:48:04.679  INFO 3923 --- [    Test worker] p6spy                                    : #1665377284679 | took 0ms | statement | connection 26| url jdbc:h2:mem:6a3784ae-1aa6-4bbf-b617-4d4aeabcc2af
insert into member_spot (member_id, score, spot_id, member_spot_id) values (?, ?, ?, ?)
insert into member_spot (member_id, score, spot_id, member_spot_id) values (21, 0.0, 711, 2636);
2022-10-10 13:48:04.679  INFO 3923 --- [    Test worker] p6spy                                    : #1665377284679 | took 0ms | statement | connection 26| url jdbc:h2:mem:6a3784ae-1aa6-4bbf-b617-4d4aeabcc2af
insert into review (content, spot_id, review_id) values (?, ?, ?)
insert into review (content, spot_id, review_id) values ('java.io.StringReader@3b77ca61', 669, 647);
2022-10-10 13:48:04.679  INFO 3923 --- [    Test worker] p6spy                                    : #1665377284679 | took 0ms | statement | connection 26| url jdbc:h2:mem:6a3784ae-1aa6-4bbf-b617-4d4aeabcc2af
insert into favorite_spot (count, favorite_id, spot_id, favorite_spot_id) values (?, ?, ?, ?)
insert into favorite_spot (count, favorite_id, spot_id, favorite_spot_id) values (0, 41, 711, 498);
2022-10-10 13:48:04.679  INFO 3923 --- [    Test worker] p6spy                                    : #1665377284679 | took 0ms | statement | connection 26| url jdbc:h2:mem:6a3784ae-1aa6-4bbf-b617-4d4aeabcc2af
insert into score (facility_rank, facility_score, price_rank, price_score, rank_average, surround_rank, surround_score, view_rank, view_score, score_id) values (?, ?, ?, ?, ?, ?, ?, ?, ?, ?)
insert into score (facility_rank, facility_score, price_rank, price_score, rank_average, surround_rank, surround_score, view_rank, view_score, score_id) values (0.7284610640395883, 6.730277461519836, 2.119514341867297, 6.353290337771456, 3.262554043194248, 2.0967225800707956, 9.998519044541043, 8.39082802800913, 6.337407940071714, 646);
2022-10-10 13:48:04.679  INFO 3923 --- [    Test worker] p6spy                                    : #1665377284679 | took 0ms | statement | connection 26| url jdbc:h2:mem:6a3784ae-1aa6-4bbf-b617-4d4aeabcc2af
insert into picture (spot_id, url, picture_id) values (?, ?, ?)
insert into picture (spot_id, url, picture_id) values (NULL, 'java.io.StringReader@4e4232d2', 2637);
2022-10-10 13:48:04.679  INFO 3923 --- [    Test worker] p6spy                                    : #1665377284679 | took 0ms | statement | connection 26| url jdbc:h2:mem:6a3784ae-1aa6-4bbf-b617-4d4aeabcc2af
insert into picture (spot_id, url, picture_id) values (?, ?, ?)
insert into picture (spot_id, url, picture_id) values (NULL, 'java.io.StringReader@5ca41a44', 2638);
2022-10-10 13:48:04.679  INFO 3923 --- [    Test worker] p6spy                                    : #1665377284679 | took 0ms | statement | connection 26| url jdbc:h2:mem:6a3784ae-1aa6-4bbf-b617-4d4aeabcc2af
insert into picture (spot_id, url, picture_id) values (?, ?, ?)
insert into picture (spot_id, url, picture_id) values (NULL, 'java.io.StringReader@4f0aa51e', 2639);
2022-10-10 13:48:04.679  INFO 3923 --- [    Test worker] p6spy                                    : #1665377284679 | took 0ms | statement | connection 26| url jdbc:h2:mem:6a3784ae-1aa6-4bbf-b617-4d4aeabcc2af
insert into spot (address, description, location, name, score_id, spot_id) values (?, ?, ?, ?, ?, ?)
insert into spot (address, description, location, name, score_id, spot_id) values (NULL, NULL, 'Aewol_eup', NULL, 646, 712);
2022-10-10 13:48:04.680  INFO 3923 --- [    Test worker] p6spy                                    : #1665377284680 | took 0ms | statement | connection 26| url jdbc:h2:mem:6a3784ae-1aa6-4bbf-b617-4d4aeabcc2af
insert into member_spot (member_id, score, spot_id, member_spot_id) values (?, ?, ?, ?)
insert into member_spot (member_id, score, spot_id, member_spot_id) values (21, 0.0, 712, 2640);
2022-10-10 13:48:04.680  INFO 3923 --- [    Test worker] p6spy                                    : #1665377284680 | took 0ms | statement | connection 26| url jdbc:h2:mem:6a3784ae-1aa6-4bbf-b617-4d4aeabcc2af
insert into review (content, spot_id, review_id) values (?, ?, ?)
insert into review (content, spot_id, review_id) values ('java.io.StringReader@415d089d', 669, 648);
2022-10-10 13:48:04.680  INFO 3923 --- [    Test worker] p6spy                                    : #1665377284680 | took 0ms | statement | connection 26| url jdbc:h2:mem:6a3784ae-1aa6-4bbf-b617-4d4aeabcc2af
insert into score (facility_rank, facility_score, price_rank, price_score, rank_average, surround_rank, surround_score, view_rank, view_score, score_id) values (?, ?, ?, ?, ?, ?, ?, ?, ?, ?)
insert into score (facility_rank, facility_score, price_rank, price_score, rank_average, surround_rank, surround_score, view_rank, view_score, score_id) values (5.075937221530964, 4.132568847178981, 4.842558406225964, 5.984518708380722, 2.8517215932242443, 7.7735249492201595, 9.536930996071973, 5.070814340420371, 5.690085974299345, 647);
2022-10-10 13:48:04.680  INFO 3923 --- [    Test worker] p6spy                                    : #1665377284680 | took 0ms | statement | connection 26| url jdbc:h2:mem:6a3784ae-1aa6-4bbf-b617-4d4aeabcc2af
insert into picture (spot_id, url, picture_id) values (?, ?, ?)
insert into picture (spot_id, url, picture_id) values (NULL, 'java.io.StringReader@76894a60', 2641);
2022-10-10 13:48:04.680  INFO 3923 --- [    Test worker] p6spy                                    : #1665377284680 | took 0ms | statement | connection 26| url jdbc:h2:mem:6a3784ae-1aa6-4bbf-b617-4d4aeabcc2af
insert into picture (spot_id, url, picture_id) values (?, ?, ?)
insert into picture (spot_id, url, picture_id) values (NULL, 'java.io.StringReader@4d092423', 2642);
2022-10-10 13:48:04.680  INFO 3923 --- [    Test worker] p6spy                                    : #1665377284680 | took 0ms | statement | connection 26| url jdbc:h2:mem:6a3784ae-1aa6-4bbf-b617-4d4aeabcc2af
insert into picture (spot_id, url, picture_id) values (?, ?, ?)
insert into picture (spot_id, url, picture_id) values (NULL, 'java.io.StringReader@4a81ef6', 2643);
2022-10-10 13:48:04.680  INFO 3923 --- [    Test worker] p6spy                                    : #1665377284680 | took 0ms | statement | connection 26| url jdbc:h2:mem:6a3784ae-1aa6-4bbf-b617-4d4aeabcc2af
insert into spot (address, description, location, name, score_id, spot_id) values (?, ?, ?, ?, ?, ?)
insert into spot (address, description, location, name, score_id, spot_id) values (NULL, NULL, 'Aewol_eup', NULL, 647, 713);
2022-10-10 13:48:04.680  INFO 3923 --- [    Test worker] p6spy                                    : #1665377284680 | took 0ms | statement | connection 26| url jdbc:h2:mem:6a3784ae-1aa6-4bbf-b617-4d4aeabcc2af
insert into member_spot (member_id, score, spot_id, member_spot_id) values (?, ?, ?, ?)
insert into member_spot (member_id, score, spot_id, member_spot_id) values (21, 0.0, 713, 2644);
2022-10-10 13:48:04.680  INFO 3923 --- [    Test worker] p6spy                                    : #1665377284680 | took 0ms | statement | connection 26| url jdbc:h2:mem:6a3784ae-1aa6-4bbf-b617-4d4aeabcc2af
insert into review (content, spot_id, review_id) values (?, ?, ?)
insert into review (content, spot_id, review_id) values ('java.io.StringReader@3240490b', 669, 649);
2022-10-10 13:48:04.680  INFO 3923 --- [    Test worker] p6spy                                    : #1665377284680 | took 0ms | statement | connection 26| url jdbc:h2:mem:6a3784ae-1aa6-4bbf-b617-4d4aeabcc2af
insert into favorite_spot (count, favorite_id, spot_id, favorite_spot_id) values (?, ?, ?, ?)
insert into favorite_spot (count, favorite_id, spot_id, favorite_spot_id) values (0, 41, 713, 499);
2022-10-10 13:48:04.680  INFO 3923 --- [    Test worker] p6spy                                    : #1665377284680 | took 0ms | statement | connection 26| url jdbc:h2:mem:6a3784ae-1aa6-4bbf-b617-4d4aeabcc2af
insert into score (facility_rank, facility_score, price_rank, price_score, rank_average, surround_rank, surround_score, view_rank, view_score, score_id) values (?, ?, ?, ?, ?, ?, ?, ?, ?, ?)
insert into score (facility_rank, facility_score, price_rank, price_score, rank_average, surround_rank, surround_score, view_rank, view_score, score_id) values (5.960903026223275, 5.300413351254168, 9.649908925897044, 4.285103642583432, 3.5502697578882705, 8.664941159029041, 6.758682110297615, 3.900063629609839, 3.0798191635345673, 648);
2022-10-10 13:48:04.680  INFO 3923 --- [    Test worker] p6spy                                    : #1665377284680 | took 0ms | statement | connection 26| url jdbc:h2:mem:6a3784ae-1aa6-4bbf-b617-4d4aeabcc2af
insert into picture (spot_id, url, picture_id) values (?, ?, ?)
insert into picture (spot_id, url, picture_id) values (NULL, 'java.io.StringReader@4bf12c48', 2645);
2022-10-10 13:48:04.680  INFO 3923 --- [    Test worker] p6spy                                    : #1665377284680 | took 0ms | statement | connection 26| url jdbc:h2:mem:6a3784ae-1aa6-4bbf-b617-4d4aeabcc2af
insert into picture (spot_id, url, picture_id) values (?, ?, ?)
insert into picture (spot_id, url, picture_id) values (NULL, 'java.io.StringReader@55d87846', 2646);
2022-10-10 13:48:04.680  INFO 3923 --- [    Test worker] p6spy                                    : #1665377284680 | took 0ms | statement | connection 26| url jdbc:h2:mem:6a3784ae-1aa6-4bbf-b617-4d4aeabcc2af
insert into picture (spot_id, url, picture_id) values (?, ?, ?)
insert into picture (spot_id, url, picture_id) values (NULL, 'java.io.StringReader@7de39569', 2647);
2022-10-10 13:48:04.680  INFO 3923 --- [    Test worker] p6spy                                    : #1665377284680 | took 0ms | statement | connection 26| url jdbc:h2:mem:6a3784ae-1aa6-4bbf-b617-4d4aeabcc2af
insert into spot (address, description, location, name, score_id, spot_id) values (?, ?, ?, ?, ?, ?)
insert into spot (address, description, location, name, score_id, spot_id) values (NULL, NULL, 'Aewol_eup', NULL, 648, 714);
2022-10-10 13:48:04.680  INFO 3923 --- [    Test worker] p6spy                                    : #1665377284680 | took 0ms | statement | connection 26| url jdbc:h2:mem:6a3784ae-1aa6-4bbf-b617-4d4aeabcc2af
insert into member_spot (member_id, score, spot_id, member_spot_id) values (?, ?, ?, ?)
insert into member_spot (member_id, score, spot_id, member_spot_id) values (21, 0.0, 714, 2648);
2022-10-10 13:48:04.680  INFO 3923 --- [    Test worker] p6spy                                    : #1665377284680 | took 0ms | statement | connection 26| url jdbc:h2:mem:6a3784ae-1aa6-4bbf-b617-4d4aeabcc2af
insert into review (content, spot_id, review_id) values (?, ?, ?)
insert into review (content, spot_id, review_id) values ('java.io.StringReader@6b38e3ed', 669, 650);
2022-10-10 13:48:04.680  INFO 3923 --- [    Test worker] p6spy                                    : #1665377284680 | took 0ms | statement | connection 26| url jdbc:h2:mem:6a3784ae-1aa6-4bbf-b617-4d4aeabcc2af
insert into score (facility_rank, facility_score, price_rank, price_score, rank_average, surround_rank, surround_score, view_rank, view_score, score_id) values (?, ?, ?, ?, ?, ?, ?, ?, ?, ?)
insert into score (facility_rank, facility_score, price_rank, price_score, rank_average, surround_rank, surround_score, view_rank, view_score, score_id) values (5.8063868181909, 3.036126523879137, 6.968308355136435, 9.491735259279624, 8.336225213869074, 7.19436534824943, 8.87084256603562, 9.832467367758433, 4.770437659868532, 649);
2022-10-10 13:48:04.680  INFO 3923 --- [    Test worker] p6spy                                    : #1665377284680 | took 0ms | statement | connection 26| url jdbc:h2:mem:6a3784ae-1aa6-4bbf-b617-4d4aeabcc2af
insert into picture (spot_id, url, picture_id) values (?, ?, ?)
insert into picture (spot_id, url, picture_id) values (NULL, 'java.io.StringReader@5e801ee6', 2649);
2022-10-10 13:48:04.680  INFO 3923 --- [    Test worker] p6spy                                    : #1665377284680 | took 0ms | statement | connection 26| url jdbc:h2:mem:6a3784ae-1aa6-4bbf-b617-4d4aeabcc2af
insert into picture (spot_id, url, picture_id) values (?, ?, ?)
insert into picture (spot_id, url, picture_id) values (NULL, 'java.io.StringReader@5111e660', 2650);
2022-10-10 13:48:04.680  INFO 3923 --- [    Test worker] p6spy                                    : #1665377284680 | took 0ms | statement | connection 26| url jdbc:h2:mem:6a3784ae-1aa6-4bbf-b617-4d4aeabcc2af
insert into picture (spot_id, url, picture_id) values (?, ?, ?)
insert into picture (spot_id, url, picture_id) values (NULL, 'java.io.StringReader@667c820e', 2651);
2022-10-10 13:48:04.680  INFO 3923 --- [    Test worker] p6spy                                    : #1665377284680 | took 0ms | statement | connection 26| url jdbc:h2:mem:6a3784ae-1aa6-4bbf-b617-4d4aeabcc2af
insert into spot (address, description, location, name, score_id, spot_id) values (?, ?, ?, ?, ?, ?)
insert into spot (address, description, location, name, score_id, spot_id) values (NULL, NULL, 'Aewol_eup', NULL, 649, 715);
2022-10-10 13:48:04.680  INFO 3923 --- [    Test worker] p6spy                                    : #1665377284680 | took 0ms | statement | connection 26| url jdbc:h2:mem:6a3784ae-1aa6-4bbf-b617-4d4aeabcc2af
insert into member_spot (member_id, score, spot_id, member_spot_id) values (?, ?, ?, ?)
insert into member_spot (member_id, score, spot_id, member_spot_id) values (21, 0.0, 715, 2652);
2022-10-10 13:48:04.680  INFO 3923 --- [    Test worker] p6spy                                    : #1665377284680 | took 0ms | statement | connection 26| url jdbc:h2:mem:6a3784ae-1aa6-4bbf-b617-4d4aeabcc2af
insert into review (content, spot_id, review_id) values (?, ?, ?)
insert into review (content, spot_id, review_id) values ('java.io.StringReader@66a6e9fd', 669, 651);
2022-10-10 13:48:04.680  INFO 3923 --- [    Test worker] p6spy                                    : #1665377284680 | took 0ms | statement | connection 26| url jdbc:h2:mem:6a3784ae-1aa6-4bbf-b617-4d4aeabcc2af
insert into favorite_spot (count, favorite_id, spot_id, favorite_spot_id) values (?, ?, ?, ?)
insert into favorite_spot (count, favorite_id, spot_id, favorite_spot_id) values (0, 41, 715, 500);
2022-10-10 13:48:04.680  INFO 3923 --- [    Test worker] p6spy                                    : #1665377284680 | took 0ms | statement | connection 26| url jdbc:h2:mem:6a3784ae-1aa6-4bbf-b617-4d4aeabcc2af
insert into score (facility_rank, facility_score, price_rank, price_score, rank_average, surround_rank, surround_score, view_rank, view_score, score_id) values (?, ?, ?, ?, ?, ?, ?, ?, ?, ?)
insert into score (facility_rank, facility_score, price_rank, price_score, rank_average, surround_rank, surround_score, view_rank, view_score, score_id) values (0.3994549349431564, 9.568983849686743, 4.120586948993172, 4.043867550859408, 5.46690594094556, 1.6930839428600153, 7.2786763076688, 3.4936839965779964, 9.1167169733621, 650);
2022-10-10 13:48:04.680  INFO 3923 --- [    Test worker] p6spy                                    : #1665377284680 | took 0ms | statement | connection 26| url jdbc:h2:mem:6a3784ae-1aa6-4bbf-b617-4d4aeabcc2af
insert into picture (spot_id, url, picture_id) values (?, ?, ?)
insert into picture (spot_id, url, picture_id) values (NULL, 'java.io.StringReader@77508d81', 2653);
2022-10-10 13:48:04.680  INFO 3923 --- [    Test worker] p6spy                                    : #1665377284680 | took 0ms | statement | connection 26| url jdbc:h2:mem:6a3784ae-1aa6-4bbf-b617-4d4aeabcc2af
insert into picture (spot_id, url, picture_id) values (?, ?, ?)
insert into picture (spot_id, url, picture_id) values (NULL, 'java.io.StringReader@6d72c9a4', 2654);
2022-10-10 13:48:04.680  INFO 3923 --- [    Test worker] p6spy                                    : #1665377284680 | took 0ms | statement | connection 26| url jdbc:h2:mem:6a3784ae-1aa6-4bbf-b617-4d4aeabcc2af
insert into picture (spot_id, url, picture_id) values (?, ?, ?)
insert into picture (spot_id, url, picture_id) values (NULL, 'java.io.StringReader@3082a241', 2655);
2022-10-10 13:48:04.680  INFO 3923 --- [    Test worker] p6spy                                    : #1665377284680 | took 0ms | statement | connection 26| url jdbc:h2:mem:6a3784ae-1aa6-4bbf-b617-4d4aeabcc2af
insert into spot (address, description, location, name, score_id, spot_id) values (?, ?, ?, ?, ?, ?)
insert into spot (address, description, location, name, score_id, spot_id) values (NULL, NULL, 'Aewol_eup', NULL, 650, 716);
2022-10-10 13:48:04.680  INFO 3923 --- [    Test worker] p6spy                                    : #1665377284680 | took 0ms | statement | connection 26| url jdbc:h2:mem:6a3784ae-1aa6-4bbf-b617-4d4aeabcc2af
insert into member_spot (member_id, score, spot_id, member_spot_id) values (?, ?, ?, ?)
insert into member_spot (member_id, score, spot_id, member_spot_id) values (21, 0.0, 716, 2656);
2022-10-10 13:48:04.680  INFO 3923 --- [    Test worker] p6spy                                    : #1665377284680 | took 0ms | statement | connection 26| url jdbc:h2:mem:6a3784ae-1aa6-4bbf-b617-4d4aeabcc2af
insert into review (content, spot_id, review_id) values (?, ?, ?)
insert into review (content, spot_id, review_id) values ('java.io.StringReader@7e053fc4', 669, 652);
2022-10-10 13:48:04.680  INFO 3923 --- [    Test worker] p6spy                                    : #1665377284680 | took 0ms | statement | connection 26| url jdbc:h2:mem:6a3784ae-1aa6-4bbf-b617-4d4aeabcc2af
insert into score (facility_rank, facility_score, price_rank, price_score, rank_average, surround_rank, surround_score, view_rank, view_score, score_id) values (?, ?, ?, ?, ?, ?, ?, ?, ?, ?)
insert into score (facility_rank, facility_score, price_rank, price_score, rank_average, surround_rank, surround_score, view_rank, view_score, score_id) values (5.856497588218838, 4.399815683130064, 3.7221361064053604, 8.113712650350397, 1.633640125666107, 5.266361740819091, 0.19240838694416618, 3.741339676008635, 2.8459994212181448, 651);
2022-10-10 13:48:04.680  INFO 3923 --- [    Test worker] p6spy                                    : #1665377284680 | took 0ms | statement | connection 26| url jdbc:h2:mem:6a3784ae-1aa6-4bbf-b617-4d4aeabcc2af
insert into picture (spot_id, url, picture_id) values (?, ?, ?)
insert into picture (spot_id, url, picture_id) values (NULL, 'java.io.StringReader@2d30f843', 2657);
2022-10-10 13:48:04.680  INFO 3923 --- [    Test worker] p6spy                                    : #1665377284680 | took 0ms | statement | connection 26| url jdbc:h2:mem:6a3784ae-1aa6-4bbf-b617-4d4aeabcc2af
insert into picture (spot_id, url, picture_id) values (?, ?, ?)
insert into picture (spot_id, url, picture_id) values (NULL, 'java.io.StringReader@1e7800a1', 2658);
2022-10-10 13:48:04.681  INFO 3923 --- [    Test worker] p6spy                                    : #1665377284681 | took 0ms | statement | connection 26| url jdbc:h2:mem:6a3784ae-1aa6-4bbf-b617-4d4aeabcc2af
insert into picture (spot_id, url, picture_id) values (?, ?, ?)
insert into picture (spot_id, url, picture_id) values (NULL, 'java.io.StringReader@bb68c0c', 2659);
2022-10-10 13:48:04.681  INFO 3923 --- [    Test worker] p6spy                                    : #1665377284681 | took 0ms | statement | connection 26| url jdbc:h2:mem:6a3784ae-1aa6-4bbf-b617-4d4aeabcc2af
insert into spot (address, description, location, name, score_id, spot_id) values (?, ?, ?, ?, ?, ?)
insert into spot (address, description, location, name, score_id, spot_id) values (NULL, NULL, 'Aewol_eup', NULL, 651, 717);
2022-10-10 13:48:04.681  INFO 3923 --- [    Test worker] p6spy                                    : #1665377284681 | took 0ms | statement | connection 26| url jdbc:h2:mem:6a3784ae-1aa6-4bbf-b617-4d4aeabcc2af
insert into member_spot (member_id, score, spot_id, member_spot_id) values (?, ?, ?, ?)
insert into member_spot (member_id, score, spot_id, member_spot_id) values (21, 0.0, 717, 2660);
2022-10-10 13:48:04.681  INFO 3923 --- [    Test worker] p6spy                                    : #1665377284681 | took 0ms | statement | connection 26| url jdbc:h2:mem:6a3784ae-1aa6-4bbf-b617-4d4aeabcc2af
insert into review (content, spot_id, review_id) values (?, ?, ?)
insert into review (content, spot_id, review_id) values ('java.io.StringReader@618f3bf1', 669, 653);
2022-10-10 13:48:04.681  INFO 3923 --- [    Test worker] p6spy                                    : #1665377284681 | took 0ms | statement | connection 26| url jdbc:h2:mem:6a3784ae-1aa6-4bbf-b617-4d4aeabcc2af
insert into favorite_spot (count, favorite_id, spot_id, favorite_spot_id) values (?, ?, ?, ?)
insert into favorite_spot (count, favorite_id, spot_id, favorite_spot_id) values (0, 41, 717, 501);
2022-10-10 13:48:04.681  INFO 3923 --- [    Test worker] p6spy                                    : #1665377284681 | took 0ms | statement | connection 26| url jdbc:h2:mem:6a3784ae-1aa6-4bbf-b617-4d4aeabcc2af
insert into score (facility_rank, facility_score, price_rank, price_score, rank_average, surround_rank, surround_score, view_rank, view_score, score_id) values (?, ?, ?, ?, ?, ?, ?, ?, ?, ?)
insert into score (facility_rank, facility_score, price_rank, price_score, rank_average, surround_rank, surround_score, view_rank, view_score, score_id) values (2.858841062211499, 1.983401729466946, 1.7854557107191094, 9.519352976824376, 7.835309545860547, 7.636245731446723, 7.341698593052114, 8.16743254661774, 0.2916101589846154, 652);
2022-10-10 13:48:04.681  INFO 3923 --- [    Test worker] p6spy                                    : #1665377284681 | took 0ms | statement | connection 26| url jdbc:h2:mem:6a3784ae-1aa6-4bbf-b617-4d4aeabcc2af
insert into picture (spot_id, url, picture_id) values (?, ?, ?)
insert into picture (spot_id, url, picture_id) values (NULL, 'java.io.StringReader@568cb323', 2661);
2022-10-10 13:48:04.681  INFO 3923 --- [    Test worker] p6spy                                    : #1665377284681 | took 0ms | statement | connection 26| url jdbc:h2:mem:6a3784ae-1aa6-4bbf-b617-4d4aeabcc2af
insert into picture (spot_id, url, picture_id) values (?, ?, ?)
insert into picture (spot_id, url, picture_id) values (NULL, 'java.io.StringReader@79a1548b', 2662);
2022-10-10 13:48:04.681  INFO 3923 --- [    Test worker] p6spy                                    : #1665377284681 | took 0ms | statement | connection 26| url jdbc:h2:mem:6a3784ae-1aa6-4bbf-b617-4d4aeabcc2af
insert into picture (spot_id, url, picture_id) values (?, ?, ?)
insert into picture (spot_id, url, picture_id) values (NULL, 'java.io.StringReader@2c54e797', 2663);
2022-10-10 13:48:04.681  INFO 3923 --- [    Test worker] p6spy                                    : #1665377284681 | took 0ms | statement | connection 26| url jdbc:h2:mem:6a3784ae-1aa6-4bbf-b617-4d4aeabcc2af
insert into spot (address, description, location, name, score_id, spot_id) values (?, ?, ?, ?, ?, ?)
insert into spot (address, description, location, name, score_id, spot_id) values (NULL, NULL, 'Aewol_eup', NULL, 652, 718);
2022-10-10 13:48:04.681  INFO 3923 --- [    Test worker] p6spy                                    : #1665377284681 | took 0ms | statement | connection 26| url jdbc:h2:mem:6a3784ae-1aa6-4bbf-b617-4d4aeabcc2af
insert into member_spot (member_id, score, spot_id, member_spot_id) values (?, ?, ?, ?)
insert into member_spot (member_id, score, spot_id, member_spot_id) values (21, 0.0, 718, 2664);
2022-10-10 13:48:04.681  INFO 3923 --- [    Test worker] p6spy                                    : #1665377284681 | took 0ms | statement | connection 26| url jdbc:h2:mem:6a3784ae-1aa6-4bbf-b617-4d4aeabcc2af
insert into review (content, spot_id, review_id) values (?, ?, ?)
insert into review (content, spot_id, review_id) values ('java.io.StringReader@592f0838', 669, 654);
2022-10-10 13:48:04.681  INFO 3923 --- [    Test worker] p6spy                                    : #1665377284681 | took 0ms | statement | connection 26| url jdbc:h2:mem:6a3784ae-1aa6-4bbf-b617-4d4aeabcc2af
insert into score (facility_rank, facility_score, price_rank, price_score, rank_average, surround_rank, surround_score, view_rank, view_score, score_id) values (?, ?, ?, ?, ?, ?, ?, ?, ?, ?)
insert into score (facility_rank, facility_score, price_rank, price_score, rank_average, surround_rank, surround_score, view_rank, view_score, score_id) values (2.618692073775004, 1.3148400129972637, 0.0935346409923965, 5.221316376972798, 2.422629332653382, 4.749730575509366, 9.263945440532522, 8.340872800878946, 9.315166836038696, 653);
2022-10-10 13:48:04.681  INFO 3923 --- [    Test worker] p6spy                                    : #1665377284681 | took 0ms | statement | connection 26| url jdbc:h2:mem:6a3784ae-1aa6-4bbf-b617-4d4aeabcc2af
insert into picture (spot_id, url, picture_id) values (?, ?, ?)
insert into picture (spot_id, url, picture_id) values (NULL, 'java.io.StringReader@5cb9f193', 2665);
2022-10-10 13:48:04.681  INFO 3923 --- [    Test worker] p6spy                                    : #1665377284681 | took 0ms | statement | connection 26| url jdbc:h2:mem:6a3784ae-1aa6-4bbf-b617-4d4aeabcc2af
insert into picture (spot_id, url, picture_id) values (?, ?, ?)
insert into picture (spot_id, url, picture_id) values (NULL, 'java.io.StringReader@4113ca53', 2666);
2022-10-10 13:48:04.681  INFO 3923 --- [    Test worker] p6spy                                    : #1665377284681 | took 0ms | statement | connection 26| url jdbc:h2:mem:6a3784ae-1aa6-4bbf-b617-4d4aeabcc2af
insert into picture (spot_id, url, picture_id) values (?, ?, ?)
insert into picture (spot_id, url, picture_id) values (NULL, 'java.io.StringReader@4df86f94', 2667);
2022-10-10 13:48:04.681  INFO 3923 --- [    Test worker] p6spy                                    : #1665377284681 | took 0ms | statement | connection 26| url jdbc:h2:mem:6a3784ae-1aa6-4bbf-b617-4d4aeabcc2af
insert into spot (address, description, location, name, score_id, spot_id) values (?, ?, ?, ?, ?, ?)
insert into spot (address, description, location, name, score_id, spot_id) values (NULL, NULL, 'Andeok_myeon', NULL, 653, 719);
2022-10-10 13:48:04.681  INFO 3923 --- [    Test worker] p6spy                                    : #1665377284681 | took 0ms | statement | connection 26| url jdbc:h2:mem:6a3784ae-1aa6-4bbf-b617-4d4aeabcc2af
insert into member_spot (member_id, score, spot_id, member_spot_id) values (?, ?, ?, ?)
insert into member_spot (member_id, score, spot_id, member_spot_id) values (20, 0.0, 719, 2668);
2022-10-10 13:48:04.681  INFO 3923 --- [    Test worker] p6spy                                    : #1665377284681 | took 0ms | statement | connection 26| url jdbc:h2:mem:6a3784ae-1aa6-4bbf-b617-4d4aeabcc2af
insert into review (content, spot_id, review_id) values (?, ?, ?)
insert into review (content, spot_id, review_id) values ('java.io.StringReader@48f630c7', 669, 655);
2022-10-10 13:48:04.681  INFO 3923 --- [    Test worker] p6spy                                    : #1665377284681 | took 0ms | statement | connection 26| url jdbc:h2:mem:6a3784ae-1aa6-4bbf-b617-4d4aeabcc2af
insert into favorite_spot (count, favorite_id, spot_id, favorite_spot_id) values (?, ?, ?, ?)
insert into favorite_spot (count, favorite_id, spot_id, favorite_spot_id) values (0, 41, 719, 502);
2022-10-10 13:48:04.681  INFO 3923 --- [    Test worker] p6spy                                    : #1665377284681 | took 0ms | statement | connection 26| url jdbc:h2:mem:6a3784ae-1aa6-4bbf-b617-4d4aeabcc2af
insert into score (facility_rank, facility_score, price_rank, price_score, rank_average, surround_rank, surround_score, view_rank, view_score, score_id) values (?, ?, ?, ?, ?, ?, ?, ?, ?, ?)
insert into score (facility_rank, facility_score, price_rank, price_score, rank_average, surround_rank, surround_score, view_rank, view_score, score_id) values (5.851930404936195, 7.608854624664616, 4.958482276484189, 3.95313547561721, 8.904010620371473, 2.33910067402344, 4.7159232369599575, 4.963324168925171, 2.1789852968014376, 654);
2022-10-10 13:48:04.681  INFO 3923 --- [    Test worker] p6spy                                    : #1665377284681 | took 0ms | statement | connection 26| url jdbc:h2:mem:6a3784ae-1aa6-4bbf-b617-4d4aeabcc2af
insert into picture (spot_id, url, picture_id) values (?, ?, ?)
insert into picture (spot_id, url, picture_id) values (NULL, 'java.io.StringReader@4ca5dad5', 2669);
2022-10-10 13:48:04.681  INFO 3923 --- [    Test worker] p6spy                                    : #1665377284681 | took 0ms | statement | connection 26| url jdbc:h2:mem:6a3784ae-1aa6-4bbf-b617-4d4aeabcc2af
insert into picture (spot_id, url, picture_id) values (?, ?, ?)
insert into picture (spot_id, url, picture_id) values (NULL, 'java.io.StringReader@63868bca', 2670);
2022-10-10 13:48:04.681  INFO 3923 --- [    Test worker] p6spy                                    : #1665377284681 | took 0ms | statement | connection 26| url jdbc:h2:mem:6a3784ae-1aa6-4bbf-b617-4d4aeabcc2af
insert into picture (spot_id, url, picture_id) values (?, ?, ?)
insert into picture (spot_id, url, picture_id) values (NULL, 'java.io.StringReader@8d57de5', 2671);
2022-10-10 13:48:04.681  INFO 3923 --- [    Test worker] p6spy                                    : #1665377284681 | took 0ms | statement | connection 26| url jdbc:h2:mem:6a3784ae-1aa6-4bbf-b617-4d4aeabcc2af
insert into spot (address, description, location, name, score_id, spot_id) values (?, ?, ?, ?, ?, ?)
insert into spot (address, description, location, name, score_id, spot_id) values (NULL, NULL, 'Andeok_myeon', NULL, 654, 720);
2022-10-10 13:48:04.681  INFO 3923 --- [    Test worker] p6spy                                    : #1665377284681 | took 0ms | statement | connection 26| url jdbc:h2:mem:6a3784ae-1aa6-4bbf-b617-4d4aeabcc2af
insert into member_spot (member_id, score, spot_id, member_spot_id) values (?, ?, ?, ?)
insert into member_spot (member_id, score, spot_id, member_spot_id) values (20, 0.0, 720, 2672);
2022-10-10 13:48:04.681  INFO 3923 --- [    Test worker] p6spy                                    : #1665377284681 | took 0ms | statement | connection 26| url jdbc:h2:mem:6a3784ae-1aa6-4bbf-b617-4d4aeabcc2af
insert into review (content, spot_id, review_id) values (?, ?, ?)
insert into review (content, spot_id, review_id) values ('java.io.StringReader@60d0264d', 669, 656);
2022-10-10 13:48:04.681  INFO 3923 --- [    Test worker] p6spy                                    : #1665377284681 | took 0ms | statement | connection 26| url jdbc:h2:mem:6a3784ae-1aa6-4bbf-b617-4d4aeabcc2af
insert into score (facility_rank, facility_score, price_rank, price_score, rank_average, surround_rank, surround_score, view_rank, view_score, score_id) values (?, ?, ?, ?, ?, ?, ?, ?, ?, ?)
insert into score (facility_rank, facility_score, price_rank, price_score, rank_average, surround_rank, surround_score, view_rank, view_score, score_id) values (0.8721150453874837, 0.31648960300502016, 9.402666647987779, 5.390304588909531, 5.772623245375591, 7.584514103207206, 3.141889153340837, 2.506711331680611, 3.9603800255987656, 655);
2022-10-10 13:48:04.681  INFO 3923 --- [    Test worker] p6spy                                    : #1665377284681 | took 0ms | statement | connection 26| url jdbc:h2:mem:6a3784ae-1aa6-4bbf-b617-4d4aeabcc2af
insert into picture (spot_id, url, picture_id) values (?, ?, ?)
insert into picture (spot_id, url, picture_id) values (NULL, 'java.io.StringReader@6bf46b0d', 2673);
2022-10-10 13:48:04.681  INFO 3923 --- [    Test worker] p6spy                                    : #1665377284681 | took 0ms | statement | connection 26| url jdbc:h2:mem:6a3784ae-1aa6-4bbf-b617-4d4aeabcc2af
insert into picture (spot_id, url, picture_id) values (?, ?, ?)
insert into picture (spot_id, url, picture_id) values (NULL, 'java.io.StringReader@c4b4f68', 2674);
2022-10-10 13:48:04.681  INFO 3923 --- [    Test worker] p6spy                                    : #1665377284681 | took 0ms | statement | connection 26| url jdbc:h2:mem:6a3784ae-1aa6-4bbf-b617-4d4aeabcc2af
insert into picture (spot_id, url, picture_id) values (?, ?, ?)
insert into picture (spot_id, url, picture_id) values (NULL, 'java.io.StringReader@5471fcd1', 2675);
2022-10-10 13:48:04.681  INFO 3923 --- [    Test worker] p6spy                                    : #1665377284681 | took 0ms | statement | connection 26| url jdbc:h2:mem:6a3784ae-1aa6-4bbf-b617-4d4aeabcc2af
insert into spot (address, description, location, name, score_id, spot_id) values (?, ?, ?, ?, ?, ?)
insert into spot (address, description, location, name, score_id, spot_id) values (NULL, NULL, 'Andeok_myeon', NULL, 655, 721);
2022-10-10 13:48:04.681  INFO 3923 --- [    Test worker] p6spy                                    : #1665377284681 | took 0ms | statement | connection 26| url jdbc:h2:mem:6a3784ae-1aa6-4bbf-b617-4d4aeabcc2af
insert into member_spot (member_id, score, spot_id, member_spot_id) values (?, ?, ?, ?)
insert into member_spot (member_id, score, spot_id, member_spot_id) values (20, 0.0, 721, 2676);
2022-10-10 13:48:04.681  INFO 3923 --- [    Test worker] p6spy                                    : #1665377284681 | took 0ms | statement | connection 26| url jdbc:h2:mem:6a3784ae-1aa6-4bbf-b617-4d4aeabcc2af
insert into review (content, spot_id, review_id) values (?, ?, ?)
insert into review (content, spot_id, review_id) values ('java.io.StringReader@3800a23c', 669, 657);
2022-10-10 13:48:04.681  INFO 3923 --- [    Test worker] p6spy                                    : #1665377284681 | took 0ms | statement | connection 26| url jdbc:h2:mem:6a3784ae-1aa6-4bbf-b617-4d4aeabcc2af
insert into favorite_spot (count, favorite_id, spot_id, favorite_spot_id) values (?, ?, ?, ?)
insert into favorite_spot (count, favorite_id, spot_id, favorite_spot_id) values (0, 41, 721, 503);
2022-10-10 13:48:04.682  INFO 3923 --- [    Test worker] p6spy                                    : #1665377284682 | took 0ms | statement | connection 26| url jdbc:h2:mem:6a3784ae-1aa6-4bbf-b617-4d4aeabcc2af
insert into score (facility_rank, facility_score, price_rank, price_score, rank_average, surround_rank, surround_score, view_rank, view_score, score_id) values (?, ?, ?, ?, ?, ?, ?, ?, ?, ?)
insert into score (facility_rank, facility_score, price_rank, price_score, rank_average, surround_rank, surround_score, view_rank, view_score, score_id) values (7.2097893065633345, 6.3986402094007735, 7.850737169504431, 8.679225805055541, 8.235060241728409, 7.456710369808324, 0.5721453243155306, 6.336162563070062, 4.918171025519302, 656);
2022-10-10 13:48:04.682  INFO 3923 --- [    Test worker] p6spy                                    : #1665377284682 | took 0ms | statement | connection 26| url jdbc:h2:mem:6a3784ae-1aa6-4bbf-b617-4d4aeabcc2af
insert into picture (spot_id, url, picture_id) values (?, ?, ?)
insert into picture (spot_id, url, picture_id) values (NULL, 'java.io.StringReader@19145308', 2677);
2022-10-10 13:48:04.682  INFO 3923 --- [    Test worker] p6spy                                    : #1665377284682 | took 0ms | statement | connection 26| url jdbc:h2:mem:6a3784ae-1aa6-4bbf-b617-4d4aeabcc2af
insert into picture (spot_id, url, picture_id) values (?, ?, ?)
insert into picture (spot_id, url, picture_id) values (NULL, 'java.io.StringReader@3b81c0e6', 2678);
2022-10-10 13:48:04.682  INFO 3923 --- [    Test worker] p6spy                                    : #1665377284682 | took 0ms | statement | connection 26| url jdbc:h2:mem:6a3784ae-1aa6-4bbf-b617-4d4aeabcc2af
insert into picture (spot_id, url, picture_id) values (?, ?, ?)
insert into picture (spot_id, url, picture_id) values (NULL, 'java.io.StringReader@3aa348c2', 2679);
2022-10-10 13:48:04.682  INFO 3923 --- [    Test worker] p6spy                                    : #1665377284682 | took 0ms | statement | connection 26| url jdbc:h2:mem:6a3784ae-1aa6-4bbf-b617-4d4aeabcc2af
insert into spot (address, description, location, name, score_id, spot_id) values (?, ?, ?, ?, ?, ?)
insert into spot (address, description, location, name, score_id, spot_id) values (NULL, NULL, 'Andeok_myeon', NULL, 656, 722);
2022-10-10 13:48:04.682  INFO 3923 --- [    Test worker] p6spy                                    : #1665377284682 | took 0ms | statement | connection 26| url jdbc:h2:mem:6a3784ae-1aa6-4bbf-b617-4d4aeabcc2af
insert into member_spot (member_id, score, spot_id, member_spot_id) values (?, ?, ?, ?)
insert into member_spot (member_id, score, spot_id, member_spot_id) values (20, 0.0, 722, 2680);
2022-10-10 13:48:04.682  INFO 3923 --- [    Test worker] p6spy                                    : #1665377284682 | took 0ms | statement | connection 26| url jdbc:h2:mem:6a3784ae-1aa6-4bbf-b617-4d4aeabcc2af
insert into review (content, spot_id, review_id) values (?, ?, ?)
insert into review (content, spot_id, review_id) values ('java.io.StringReader@56ffaabc', 669, 658);
2022-10-10 13:48:04.682  INFO 3923 --- [    Test worker] p6spy                                    : #1665377284682 | took 0ms | statement | connection 26| url jdbc:h2:mem:6a3784ae-1aa6-4bbf-b617-4d4aeabcc2af
insert into score (facility_rank, facility_score, price_rank, price_score, rank_average, surround_rank, surround_score, view_rank, view_score, score_id) values (?, ?, ?, ?, ?, ?, ?, ?, ?, ?)
insert into score (facility_rank, facility_score, price_rank, price_score, rank_average, surround_rank, surround_score, view_rank, view_score, score_id) values (0.9797299216531563, 7.23517930854689, 3.6655363701646495, 6.476367783758618, 0.25309952070519226, 3.552858236961809, 2.313447030318634, 9.3494623744233, 1.6292081937617942, 657);
2022-10-10 13:48:04.682  INFO 3923 --- [    Test worker] p6spy                                    : #1665377284682 | took 0ms | statement | connection 26| url jdbc:h2:mem:6a3784ae-1aa6-4bbf-b617-4d4aeabcc2af
insert into picture (spot_id, url, picture_id) values (?, ?, ?)
insert into picture (spot_id, url, picture_id) values (NULL, 'java.io.StringReader@37590338', 2681);
2022-10-10 13:48:04.682  INFO 3923 --- [    Test worker] p6spy                                    : #1665377284682 | took 0ms | statement | connection 26| url jdbc:h2:mem:6a3784ae-1aa6-4bbf-b617-4d4aeabcc2af
insert into picture (spot_id, url, picture_id) values (?, ?, ?)
insert into picture (spot_id, url, picture_id) values (NULL, 'java.io.StringReader@a9a9fd6', 2682);
2022-10-10 13:48:04.682  INFO 3923 --- [    Test worker] p6spy                                    : #1665377284682 | took 0ms | statement | connection 26| url jdbc:h2:mem:6a3784ae-1aa6-4bbf-b617-4d4aeabcc2af
insert into picture (spot_id, url, picture_id) values (?, ?, ?)
insert into picture (spot_id, url, picture_id) values (NULL, 'java.io.StringReader@7e2fd3dd', 2683);
2022-10-10 13:48:04.682  INFO 3923 --- [    Test worker] p6spy                                    : #1665377284682 | took 0ms | statement | connection 26| url jdbc:h2:mem:6a3784ae-1aa6-4bbf-b617-4d4aeabcc2af
insert into spot (address, description, location, name, score_id, spot_id) values (?, ?, ?, ?, ?, ?)
insert into spot (address, description, location, name, score_id, spot_id) values (NULL, NULL, 'Andeok_myeon', NULL, 657, 723);
2022-10-10 13:48:04.682  INFO 3923 --- [    Test worker] p6spy                                    : #1665377284682 | took 0ms | statement | connection 26| url jdbc:h2:mem:6a3784ae-1aa6-4bbf-b617-4d4aeabcc2af
insert into member_spot (member_id, score, spot_id, member_spot_id) values (?, ?, ?, ?)
insert into member_spot (member_id, score, spot_id, member_spot_id) values (20, 0.0, 723, 2684);
2022-10-10 13:48:04.682  INFO 3923 --- [    Test worker] p6spy                                    : #1665377284682 | took 0ms | statement | connection 26| url jdbc:h2:mem:6a3784ae-1aa6-4bbf-b617-4d4aeabcc2af
insert into review (content, spot_id, review_id) values (?, ?, ?)
insert into review (content, spot_id, review_id) values ('java.io.StringReader@5466ae12', 669, 659);
2022-10-10 13:48:04.682  INFO 3923 --- [    Test worker] p6spy                                    : #1665377284682 | took 0ms | statement | connection 26| url jdbc:h2:mem:6a3784ae-1aa6-4bbf-b617-4d4aeabcc2af
insert into favorite_spot (count, favorite_id, spot_id, favorite_spot_id) values (?, ?, ?, ?)
insert into favorite_spot (count, favorite_id, spot_id, favorite_spot_id) values (0, 41, 723, 504);
2022-10-10 13:48:04.682  INFO 3923 --- [    Test worker] p6spy                                    : #1665377284682 | took 0ms | statement | connection 26| url jdbc:h2:mem:6a3784ae-1aa6-4bbf-b617-4d4aeabcc2af
insert into score (facility_rank, facility_score, price_rank, price_score, rank_average, surround_rank, surround_score, view_rank, view_score, score_id) values (?, ?, ?, ?, ?, ?, ?, ?, ?, ?)
insert into score (facility_rank, facility_score, price_rank, price_score, rank_average, surround_rank, surround_score, view_rank, view_score, score_id) values (4.944797505731233, 8.896517356241336, 7.665377511915557, 0.1863196501471065, 6.326703799870955, 7.368823578814789, 4.086920387229542, 3.1496288901618064, 5.6320646286533105, 658);
2022-10-10 13:48:04.682  INFO 3923 --- [    Test worker] p6spy                                    : #1665377284682 | took 0ms | statement | connection 26| url jdbc:h2:mem:6a3784ae-1aa6-4bbf-b617-4d4aeabcc2af
insert into picture (spot_id, url, picture_id) values (?, ?, ?)
insert into picture (spot_id, url, picture_id) values (NULL, 'java.io.StringReader@9f1f075', 2685);
2022-10-10 13:48:04.682  INFO 3923 --- [    Test worker] p6spy                                    : #1665377284682 | took 0ms | statement | connection 26| url jdbc:h2:mem:6a3784ae-1aa6-4bbf-b617-4d4aeabcc2af
insert into picture (spot_id, url, picture_id) values (?, ?, ?)
insert into picture (spot_id, url, picture_id) values (NULL, 'java.io.StringReader@3144f876', 2686);
2022-10-10 13:48:04.682  INFO 3923 --- [    Test worker] p6spy                                    : #1665377284682 | took 0ms | statement | connection 26| url jdbc:h2:mem:6a3784ae-1aa6-4bbf-b617-4d4aeabcc2af
insert into picture (spot_id, url, picture_id) values (?, ?, ?)
insert into picture (spot_id, url, picture_id) values (NULL, 'java.io.StringReader@623ea2af', 2687);
2022-10-10 13:48:04.682  INFO 3923 --- [    Test worker] p6spy                                    : #1665377284682 | took 0ms | statement | connection 26| url jdbc:h2:mem:6a3784ae-1aa6-4bbf-b617-4d4aeabcc2af
insert into spot (address, description, location, name, score_id, spot_id) values (?, ?, ?, ?, ?, ?)
insert into spot (address, description, location, name, score_id, spot_id) values (NULL, NULL, 'Andeok_myeon', NULL, 658, 724);
2022-10-10 13:48:04.682  INFO 3923 --- [    Test worker] p6spy                                    : #1665377284682 | took 0ms | statement | connection 26| url jdbc:h2:mem:6a3784ae-1aa6-4bbf-b617-4d4aeabcc2af
insert into member_spot (member_id, score, spot_id, member_spot_id) values (?, ?, ?, ?)
insert into member_spot (member_id, score, spot_id, member_spot_id) values (20, 0.0, 724, 2688);
2022-10-10 13:48:04.682  INFO 3923 --- [    Test worker] p6spy                                    : #1665377284682 | took 0ms | statement | connection 26| url jdbc:h2:mem:6a3784ae-1aa6-4bbf-b617-4d4aeabcc2af
insert into review (content, spot_id, review_id) values (?, ?, ?)
insert into review (content, spot_id, review_id) values ('java.io.StringReader@276a60', 669, 660);
2022-10-10 13:48:04.682  INFO 3923 --- [    Test worker] p6spy                                    : #1665377284682 | took 0ms | statement | connection 26| url jdbc:h2:mem:6a3784ae-1aa6-4bbf-b617-4d4aeabcc2af
insert into score (facility_rank, facility_score, price_rank, price_score, rank_average, surround_rank, surround_score, view_rank, view_score, score_id) values (?, ?, ?, ?, ?, ?, ?, ?, ?, ?)
insert into score (facility_rank, facility_score, price_rank, price_score, rank_average, surround_rank, surround_score, view_rank, view_score, score_id) values (5.387748744664195, 5.437827765295605, 5.928423672758843, 8.303599343380586, 6.459816466040444, 7.057360614822311, 6.368720794782124, 7.282792282480109, 6.381252838613017, 659);
2022-10-10 13:48:04.682  INFO 3923 --- [    Test worker] p6spy                                    : #1665377284682 | took 0ms | statement | connection 26| url jdbc:h2:mem:6a3784ae-1aa6-4bbf-b617-4d4aeabcc2af
insert into picture (spot_id, url, picture_id) values (?, ?, ?)
insert into picture (spot_id, url, picture_id) values (NULL, 'java.io.StringReader@259b1ad0', 2689);
2022-10-10 13:48:04.682  INFO 3923 --- [    Test worker] p6spy                                    : #1665377284682 | took 0ms | statement | connection 26| url jdbc:h2:mem:6a3784ae-1aa6-4bbf-b617-4d4aeabcc2af
insert into picture (spot_id, url, picture_id) values (?, ?, ?)
insert into picture (spot_id, url, picture_id) values (NULL, 'java.io.StringReader@68dd3d5b', 2690);
2022-10-10 13:48:04.682  INFO 3923 --- [    Test worker] p6spy                                    : #1665377284682 | took 0ms | statement | connection 26| url jdbc:h2:mem:6a3784ae-1aa6-4bbf-b617-4d4aeabcc2af
insert into picture (spot_id, url, picture_id) values (?, ?, ?)
insert into picture (spot_id, url, picture_id) values (NULL, 'java.io.StringReader@183bf445', 2691);
2022-10-10 13:48:04.682  INFO 3923 --- [    Test worker] p6spy                                    : #1665377284682 | took 0ms | statement | connection 26| url jdbc:h2:mem:6a3784ae-1aa6-4bbf-b617-4d4aeabcc2af
insert into spot (address, description, location, name, score_id, spot_id) values (?, ?, ?, ?, ?, ?)
insert into spot (address, description, location, name, score_id, spot_id) values (NULL, NULL, 'Andeok_myeon', NULL, 659, 725);
2022-10-10 13:48:04.682  INFO 3923 --- [    Test worker] p6spy                                    : #1665377284682 | took 0ms | statement | connection 26| url jdbc:h2:mem:6a3784ae-1aa6-4bbf-b617-4d4aeabcc2af
insert into member_spot (member_id, score, spot_id, member_spot_id) values (?, ?, ?, ?)
insert into member_spot (member_id, score, spot_id, member_spot_id) values (20, 0.0, 725, 2692);
2022-10-10 13:48:04.682  INFO 3923 --- [    Test worker] p6spy                                    : #1665377284682 | took 0ms | statement | connection 26| url jdbc:h2:mem:6a3784ae-1aa6-4bbf-b617-4d4aeabcc2af
insert into review (content, spot_id, review_id) values (?, ?, ?)
insert into review (content, spot_id, review_id) values ('java.io.StringReader@3a52800e', 669, 661);
2022-10-10 13:48:04.682  INFO 3923 --- [    Test worker] p6spy                                    : #1665377284682 | took 0ms | statement | connection 26| url jdbc:h2:mem:6a3784ae-1aa6-4bbf-b617-4d4aeabcc2af
insert into favorite_spot (count, favorite_id, spot_id, favorite_spot_id) values (?, ?, ?, ?)
insert into favorite_spot (count, favorite_id, spot_id, favorite_spot_id) values (0, 41, 725, 505);
2022-10-10 13:48:04.682  INFO 3923 --- [    Test worker] p6spy                                    : #1665377284682 | took 0ms | statement | connection 26| url jdbc:h2:mem:6a3784ae-1aa6-4bbf-b617-4d4aeabcc2af
insert into score (facility_rank, facility_score, price_rank, price_score, rank_average, surround_rank, surround_score, view_rank, view_score, score_id) values (?, ?, ?, ?, ?, ?, ?, ?, ?, ?)
insert into score (facility_rank, facility_score, price_rank, price_score, rank_average, surround_rank, surround_score, view_rank, view_score, score_id) values (4.195502869882252, 2.3845441870967763, 8.241757059958179, 2.8286705486169406, 5.096966059227049, 1.9875363703127924, 7.469618580446946, 9.464667226995394, 2.4432982734794706, 660);
2022-10-10 13:48:04.682  INFO 3923 --- [    Test worker] p6spy                                    : #1665377284682 | took 0ms | statement | connection 26| url jdbc:h2:mem:6a3784ae-1aa6-4bbf-b617-4d4aeabcc2af
insert into picture (spot_id, url, picture_id) values (?, ?, ?)
insert into picture (spot_id, url, picture_id) values (NULL, 'java.io.StringReader@2d4df0cf', 2693);
2022-10-10 13:48:04.682  INFO 3923 --- [    Test worker] p6spy                                    : #1665377284682 | took 0ms | statement | connection 26| url jdbc:h2:mem:6a3784ae-1aa6-4bbf-b617-4d4aeabcc2af
insert into picture (spot_id, url, picture_id) values (?, ?, ?)
insert into picture (spot_id, url, picture_id) values (NULL, 'java.io.StringReader@73ba7b8e', 2694);
2022-10-10 13:48:04.682  INFO 3923 --- [    Test worker] p6spy                                    : #1665377284682 | took 0ms | statement | connection 26| url jdbc:h2:mem:6a3784ae-1aa6-4bbf-b617-4d4aeabcc2af
insert into picture (spot_id, url, picture_id) values (?, ?, ?)
insert into picture (spot_id, url, picture_id) values (NULL, 'java.io.StringReader@35c83e63', 2695);
2022-10-10 13:48:04.682  INFO 3923 --- [    Test worker] p6spy                                    : #1665377284682 | took 0ms | statement | connection 26| url jdbc:h2:mem:6a3784ae-1aa6-4bbf-b617-4d4aeabcc2af
insert into spot (address, description, location, name, score_id, spot_id) values (?, ?, ?, ?, ?, ?)
insert into spot (address, description, location, name, score_id, spot_id) values (NULL, NULL, 'Andeok_myeon', NULL, 660, 726);
2022-10-10 13:48:04.682  INFO 3923 --- [    Test worker] p6spy                                    : #1665377284682 | took 0ms | statement | connection 26| url jdbc:h2:mem:6a3784ae-1aa6-4bbf-b617-4d4aeabcc2af
insert into member_spot (member_id, score, spot_id, member_spot_id) values (?, ?, ?, ?)
insert into member_spot (member_id, score, spot_id, member_spot_id) values (20, 0.0, 726, 2696);
2022-10-10 13:48:04.683  INFO 3923 --- [    Test worker] p6spy                                    : #1665377284683 | took 0ms | statement | connection 26| url jdbc:h2:mem:6a3784ae-1aa6-4bbf-b617-4d4aeabcc2af
insert into review (content, spot_id, review_id) values (?, ?, ?)
insert into review (content, spot_id, review_id) values ('java.io.StringReader@4e965b83', 669, 662);
2022-10-10 13:48:04.683  INFO 3923 --- [    Test worker] p6spy                                    : #1665377284683 | took 0ms | statement | connection 26| url jdbc:h2:mem:6a3784ae-1aa6-4bbf-b617-4d4aeabcc2af
insert into score (facility_rank, facility_score, price_rank, price_score, rank_average, surround_rank, surround_score, view_rank, view_score, score_id) values (?, ?, ?, ?, ?, ?, ?, ?, ?, ?)
insert into score (facility_rank, facility_score, price_rank, price_score, rank_average, surround_rank, surround_score, view_rank, view_score, score_id) values (8.121142805815674, 3.306388323578121, 5.850064706782524, 3.3543870006549534, 9.742057121005042, 7.035454137275877, 7.041814525240717, 1.4343414504913699, 7.15883649660844, 661);
2022-10-10 13:48:04.683  INFO 3923 --- [    Test worker] p6spy                                    : #1665377284683 | took 0ms | statement | connection 26| url jdbc:h2:mem:6a3784ae-1aa6-4bbf-b617-4d4aeabcc2af
insert into picture (spot_id, url, picture_id) values (?, ?, ?)
insert into picture (spot_id, url, picture_id) values (NULL, 'java.io.StringReader@fe9b3a', 2697);
2022-10-10 13:48:04.683  INFO 3923 --- [    Test worker] p6spy                                    : #1665377284683 | took 0ms | statement | connection 26| url jdbc:h2:mem:6a3784ae-1aa6-4bbf-b617-4d4aeabcc2af
insert into picture (spot_id, url, picture_id) values (?, ?, ?)
insert into picture (spot_id, url, picture_id) values (NULL, 'java.io.StringReader@7e90495d', 2698);
2022-10-10 13:48:04.683  INFO 3923 --- [    Test worker] p6spy                                    : #1665377284683 | took 0ms | statement | connection 26| url jdbc:h2:mem:6a3784ae-1aa6-4bbf-b617-4d4aeabcc2af
insert into picture (spot_id, url, picture_id) values (?, ?, ?)
insert into picture (spot_id, url, picture_id) values (NULL, 'java.io.StringReader@39448700', 2699);
2022-10-10 13:48:04.683  INFO 3923 --- [    Test worker] p6spy                                    : #1665377284683 | took 0ms | statement | connection 26| url jdbc:h2:mem:6a3784ae-1aa6-4bbf-b617-4d4aeabcc2af
insert into spot (address, description, location, name, score_id, spot_id) values (?, ?, ?, ?, ?, ?)
insert into spot (address, description, location, name, score_id, spot_id) values (NULL, NULL, 'Andeok_myeon', NULL, 661, 727);
2022-10-10 13:48:04.683  INFO 3923 --- [    Test worker] p6spy                                    : #1665377284683 | took 0ms | statement | connection 26| url jdbc:h2:mem:6a3784ae-1aa6-4bbf-b617-4d4aeabcc2af
insert into member_spot (member_id, score, spot_id, member_spot_id) values (?, ?, ?, ?)
insert into member_spot (member_id, score, spot_id, member_spot_id) values (20, 0.0, 727, 2700);
2022-10-10 13:48:04.683  INFO 3923 --- [    Test worker] p6spy                                    : #1665377284683 | took 0ms | statement | connection 26| url jdbc:h2:mem:6a3784ae-1aa6-4bbf-b617-4d4aeabcc2af
insert into review (content, spot_id, review_id) values (?, ?, ?)
insert into review (content, spot_id, review_id) values ('java.io.StringReader@5fe27fd1', 669, 663);
2022-10-10 13:48:04.683  INFO 3923 --- [    Test worker] p6spy                                    : #1665377284683 | took 0ms | statement | connection 26| url jdbc:h2:mem:6a3784ae-1aa6-4bbf-b617-4d4aeabcc2af
insert into favorite_spot (count, favorite_id, spot_id, favorite_spot_id) values (?, ?, ?, ?)
insert into favorite_spot (count, favorite_id, spot_id, favorite_spot_id) values (0, 41, 727, 506);
2022-10-10 13:48:04.683  INFO 3923 --- [    Test worker] p6spy                                    : #1665377284683 | took 0ms | statement | connection 26| url jdbc:h2:mem:6a3784ae-1aa6-4bbf-b617-4d4aeabcc2af
insert into score (facility_rank, facility_score, price_rank, price_score, rank_average, surround_rank, surround_score, view_rank, view_score, score_id) values (?, ?, ?, ?, ?, ?, ?, ?, ?, ?)
insert into score (facility_rank, facility_score, price_rank, price_score, rank_average, surround_rank, surround_score, view_rank, view_score, score_id) values (9.612792587061158, 9.193663156786245, 6.587008952876452, 9.594362716364245, 0.22449145288239825, 9.941734509417085, 1.4420902769914723, 7.610465788133032, 0.969113072017993, 662);
2022-10-10 13:48:04.683  INFO 3923 --- [    Test worker] p6spy                                    : #1665377284683 | took 0ms | statement | connection 26| url jdbc:h2:mem:6a3784ae-1aa6-4bbf-b617-4d4aeabcc2af
insert into picture (spot_id, url, picture_id) values (?, ?, ?)
insert into picture (spot_id, url, picture_id) values (NULL, 'java.io.StringReader@1511da6b', 2701);
2022-10-10 13:48:04.683  INFO 3923 --- [    Test worker] p6spy                                    : #1665377284683 | took 0ms | statement | connection 26| url jdbc:h2:mem:6a3784ae-1aa6-4bbf-b617-4d4aeabcc2af
insert into picture (spot_id, url, picture_id) values (?, ?, ?)
insert into picture (spot_id, url, picture_id) values (NULL, 'java.io.StringReader@5c9061c7', 2702);
2022-10-10 13:48:04.683  INFO 3923 --- [    Test worker] p6spy                                    : #1665377284683 | took 0ms | statement | connection 26| url jdbc:h2:mem:6a3784ae-1aa6-4bbf-b617-4d4aeabcc2af
insert into picture (spot_id, url, picture_id) values (?, ?, ?)
insert into picture (spot_id, url, picture_id) values (NULL, 'java.io.StringReader@3a341d42', 2703);
2022-10-10 13:48:04.683  INFO 3923 --- [    Test worker] p6spy                                    : #1665377284683 | took 0ms | statement | connection 26| url jdbc:h2:mem:6a3784ae-1aa6-4bbf-b617-4d4aeabcc2af
insert into spot (address, description, location, name, score_id, spot_id) values (?, ?, ?, ?, ?, ?)
insert into spot (address, description, location, name, score_id, spot_id) values (NULL, NULL, 'Andeok_myeon', NULL, 662, 728);
2022-10-10 13:48:04.683  INFO 3923 --- [    Test worker] p6spy                                    : #1665377284683 | took 0ms | statement | connection 26| url jdbc:h2:mem:6a3784ae-1aa6-4bbf-b617-4d4aeabcc2af
insert into member_spot (member_id, score, spot_id, member_spot_id) values (?, ?, ?, ?)
insert into member_spot (member_id, score, spot_id, member_spot_id) values (20, 0.0, 728, 2704);
2022-10-10 13:48:04.683  INFO 3923 --- [    Test worker] p6spy                                    : #1665377284683 | took 0ms | statement | connection 26| url jdbc:h2:mem:6a3784ae-1aa6-4bbf-b617-4d4aeabcc2af
insert into review (content, spot_id, review_id) values (?, ?, ?)
insert into review (content, spot_id, review_id) values ('java.io.StringReader@c8e1108', 669, 664);
2022-10-10 13:48:04.683  INFO 3923 --- [    Test worker] p6spy                                    : #1665377284683 | took 0ms | statement | connection 26| url jdbc:h2:mem:6a3784ae-1aa6-4bbf-b617-4d4aeabcc2af
insert into score (facility_rank, facility_score, price_rank, price_score, rank_average, surround_rank, surround_score, view_rank, view_score, score_id) values (?, ?, ?, ?, ?, ?, ?, ?, ?, ?)
insert into score (facility_rank, facility_score, price_rank, price_score, rank_average, surround_rank, surround_score, view_rank, view_score, score_id) values (9.474857384453928, 8.820355935180173, 7.966431515786539, 5.536892882257583, 9.244509535674636, 2.1698551326215743, 6.739047898818665, 3.3245231968576094, 3.007162765837358, 663);
2022-10-10 13:48:04.683  INFO 3923 --- [    Test worker] p6spy                                    : #1665377284683 | took 0ms | statement | connection 26| url jdbc:h2:mem:6a3784ae-1aa6-4bbf-b617-4d4aeabcc2af
insert into picture (spot_id, url, picture_id) values (?, ?, ?)
insert into picture (spot_id, url, picture_id) values (NULL, 'java.io.StringReader@647df506', 2705);
2022-10-10 13:48:04.683  INFO 3923 --- [    Test worker] p6spy                                    : #1665377284683 | took 0ms | statement | connection 26| url jdbc:h2:mem:6a3784ae-1aa6-4bbf-b617-4d4aeabcc2af
insert into picture (spot_id, url, picture_id) values (?, ?, ?)
insert into picture (spot_id, url, picture_id) values (NULL, 'java.io.StringReader@43f4580f', 2706);
2022-10-10 13:48:04.683  INFO 3923 --- [    Test worker] p6spy                                    : #1665377284683 | took 0ms | statement | connection 26| url jdbc:h2:mem:6a3784ae-1aa6-4bbf-b617-4d4aeabcc2af
insert into picture (spot_id, url, picture_id) values (?, ?, ?)
insert into picture (spot_id, url, picture_id) values (NULL, 'java.io.StringReader@54392ee5', 2707);
2022-10-10 13:48:04.683  INFO 3923 --- [    Test worker] p6spy                                    : #1665377284683 | took 0ms | statement | connection 26| url jdbc:h2:mem:6a3784ae-1aa6-4bbf-b617-4d4aeabcc2af
insert into spot (address, description, location, name, score_id, spot_id) values (?, ?, ?, ?, ?, ?)
insert into spot (address, description, location, name, score_id, spot_id) values (NULL, NULL, 'Andeok_myeon', NULL, 663, 729);
2022-10-10 13:48:04.683  INFO 3923 --- [    Test worker] p6spy                                    : #1665377284683 | took 0ms | statement | connection 26| url jdbc:h2:mem:6a3784ae-1aa6-4bbf-b617-4d4aeabcc2af
insert into member_spot (member_id, score, spot_id, member_spot_id) values (?, ?, ?, ?)
insert into member_spot (member_id, score, spot_id, member_spot_id) values (20, 0.0, 729, 2708);
2022-10-10 13:48:04.683  INFO 3923 --- [    Test worker] p6spy                                    : #1665377284683 | took 0ms | statement | connection 26| url jdbc:h2:mem:6a3784ae-1aa6-4bbf-b617-4d4aeabcc2af
insert into review (content, spot_id, review_id) values (?, ?, ?)
insert into review (content, spot_id, review_id) values ('java.io.StringReader@48658395', 669, 665);
2022-10-10 13:48:04.683  INFO 3923 --- [    Test worker] p6spy                                    : #1665377284683 | took 0ms | statement | connection 26| url jdbc:h2:mem:6a3784ae-1aa6-4bbf-b617-4d4aeabcc2af
insert into favorite_spot (count, favorite_id, spot_id, favorite_spot_id) values (?, ?, ?, ?)
insert into favorite_spot (count, favorite_id, spot_id, favorite_spot_id) values (0, 41, 729, 507);
2022-10-10 13:48:04.683  INFO 3923 --- [    Test worker] p6spy                                    : #1665377284683 | took 0ms | statement | connection 26| url jdbc:h2:mem:6a3784ae-1aa6-4bbf-b617-4d4aeabcc2af
insert into score (facility_rank, facility_score, price_rank, price_score, rank_average, surround_rank, surround_score, view_rank, view_score, score_id) values (?, ?, ?, ?, ?, ?, ?, ?, ?, ?)
insert into score (facility_rank, facility_score, price_rank, price_score, rank_average, surround_rank, surround_score, view_rank, view_score, score_id) values (1.277318561622871, 3.165102806459016, 8.495548696711488, 2.8333688745056507, 7.232324119609589, 5.462227666126593, 1.3332453884531936, 9.838219242242717, 3.792426249274982, 664);
2022-10-10 13:48:04.683  INFO 3923 --- [    Test worker] p6spy                                    : #1665377284683 | took 0ms | statement | connection 26| url jdbc:h2:mem:6a3784ae-1aa6-4bbf-b617-4d4aeabcc2af
insert into picture (spot_id, url, picture_id) values (?, ?, ?)
insert into picture (spot_id, url, picture_id) values (NULL, 'java.io.StringReader@5d3d454', 2709);
2022-10-10 13:48:04.683  INFO 3923 --- [    Test worker] p6spy                                    : #1665377284683 | took 0ms | statement | connection 26| url jdbc:h2:mem:6a3784ae-1aa6-4bbf-b617-4d4aeabcc2af
insert into picture (spot_id, url, picture_id) values (?, ?, ?)
insert into picture (spot_id, url, picture_id) values (NULL, 'java.io.StringReader@3ed905ad', 2710);
2022-10-10 13:48:04.683  INFO 3923 --- [    Test worker] p6spy                                    : #1665377284683 | took 0ms | statement | connection 26| url jdbc:h2:mem:6a3784ae-1aa6-4bbf-b617-4d4aeabcc2af
insert into picture (spot_id, url, picture_id) values (?, ?, ?)
insert into picture (spot_id, url, picture_id) values (NULL, 'java.io.StringReader@1ec7db43', 2711);
2022-10-10 13:48:04.683  INFO 3923 --- [    Test worker] p6spy                                    : #1665377284683 | took 0ms | statement | connection 26| url jdbc:h2:mem:6a3784ae-1aa6-4bbf-b617-4d4aeabcc2af
insert into spot (address, description, location, name, score_id, spot_id) values (?, ?, ?, ?, ?, ?)
insert into spot (address, description, location, name, score_id, spot_id) values (NULL, NULL, 'Andeok_myeon', NULL, 664, 730);
2022-10-10 13:48:04.683  INFO 3923 --- [    Test worker] p6spy                                    : #1665377284683 | took 0ms | statement | connection 26| url jdbc:h2:mem:6a3784ae-1aa6-4bbf-b617-4d4aeabcc2af
insert into member_spot (member_id, score, spot_id, member_spot_id) values (?, ?, ?, ?)
insert into member_spot (member_id, score, spot_id, member_spot_id) values (20, 0.0, 730, 2712);
2022-10-10 13:48:04.683  INFO 3923 --- [    Test worker] p6spy                                    : #1665377284683 | took 0ms | statement | connection 26| url jdbc:h2:mem:6a3784ae-1aa6-4bbf-b617-4d4aeabcc2af
insert into review (content, spot_id, review_id) values (?, ?, ?)
insert into review (content, spot_id, review_id) values ('java.io.StringReader@b178a27', 669, 666);
2022-10-10 13:48:04.683  INFO 3923 --- [    Test worker] p6spy                                    : #1665377284683 | took 0ms | statement | connection 26| url jdbc:h2:mem:6a3784ae-1aa6-4bbf-b617-4d4aeabcc2af
insert into score (facility_rank, facility_score, price_rank, price_score, rank_average, surround_rank, surround_score, view_rank, view_score, score_id) values (?, ?, ?, ?, ?, ?, ?, ?, ?, ?)
insert into score (facility_rank, facility_score, price_rank, price_score, rank_average, surround_rank, surround_score, view_rank, view_score, score_id) values (1.116513118749115, 6.5868547414268575, 1.788228239731413, 2.2593351210401735, 7.14811541340477, 6.776015052443229, 0.26365442549102114, 3.2735028939210506, 2.168744920708552, 665);
2022-10-10 13:48:04.683  INFO 3923 --- [    Test worker] p6spy                                    : #1665377284683 | took 0ms | statement | connection 26| url jdbc:h2:mem:6a3784ae-1aa6-4bbf-b617-4d4aeabcc2af
insert into picture (spot_id, url, picture_id) values (?, ?, ?)
insert into picture (spot_id, url, picture_id) values (NULL, 'java.io.StringReader@77e1c9b8', 2713);
2022-10-10 13:48:04.683  INFO 3923 --- [    Test worker] p6spy                                    : #1665377284683 | took 0ms | statement | connection 26| url jdbc:h2:mem:6a3784ae-1aa6-4bbf-b617-4d4aeabcc2af
insert into picture (spot_id, url, picture_id) values (?, ?, ?)
insert into picture (spot_id, url, picture_id) values (NULL, 'java.io.StringReader@7819e14c', 2714);
2022-10-10 13:48:04.683  INFO 3923 --- [    Test worker] p6spy                                    : #1665377284683 | took 0ms | statement | connection 26| url jdbc:h2:mem:6a3784ae-1aa6-4bbf-b617-4d4aeabcc2af
insert into picture (spot_id, url, picture_id) values (?, ?, ?)
insert into picture (spot_id, url, picture_id) values (NULL, 'java.io.StringReader@2ea2a7c2', 2715);
2022-10-10 13:48:04.683  INFO 3923 --- [    Test worker] p6spy                                    : #1665377284683 | took 0ms | statement | connection 26| url jdbc:h2:mem:6a3784ae-1aa6-4bbf-b617-4d4aeabcc2af
insert into spot (address, description, location, name, score_id, spot_id) values (?, ?, ?, ?, ?, ?)
insert into spot (address, description, location, name, score_id, spot_id) values (NULL, NULL, 'Andeok_myeon', NULL, 665, 731);
2022-10-10 13:48:04.683  INFO 3923 --- [    Test worker] p6spy                                    : #1665377284683 | took 0ms | statement | connection 26| url jdbc:h2:mem:6a3784ae-1aa6-4bbf-b617-4d4aeabcc2af
insert into member_spot (member_id, score, spot_id, member_spot_id) values (?, ?, ?, ?)
insert into member_spot (member_id, score, spot_id, member_spot_id) values (20, 0.0, 731, 2716);
2022-10-10 13:48:04.684  INFO 3923 --- [    Test worker] p6spy                                    : #1665377284684 | took 0ms | statement | connection 26| url jdbc:h2:mem:6a3784ae-1aa6-4bbf-b617-4d4aeabcc2af
insert into review (content, spot_id, review_id) values (?, ?, ?)
insert into review (content, spot_id, review_id) values ('java.io.StringReader@162a5768', 669, 667);
2022-10-10 13:48:04.684  INFO 3923 --- [    Test worker] p6spy                                    : #1665377284684 | took 0ms | statement | connection 26| url jdbc:h2:mem:6a3784ae-1aa6-4bbf-b617-4d4aeabcc2af
insert into favorite_spot (count, favorite_id, spot_id, favorite_spot_id) values (?, ?, ?, ?)
insert into favorite_spot (count, favorite_id, spot_id, favorite_spot_id) values (0, 41, 731, 508);
2022-10-10 13:48:04.684  INFO 3923 --- [    Test worker] p6spy                                    : #1665377284684 | took 0ms | statement | connection 26| url jdbc:h2:mem:6a3784ae-1aa6-4bbf-b617-4d4aeabcc2af
insert into score (facility_rank, facility_score, price_rank, price_score, rank_average, surround_rank, surround_score, view_rank, view_score, score_id) values (?, ?, ?, ?, ?, ?, ?, ?, ?, ?)
insert into score (facility_rank, facility_score, price_rank, price_score, rank_average, surround_rank, surround_score, view_rank, view_score, score_id) values (9.708755479499768, 7.450678282141572, 4.130424095279745, 7.618829976372056, 9.865767082624169, 1.548808722629511, 0.8679478582418543, 2.884723567092573, 2.510789221874167, 666);
2022-10-10 13:48:04.684  INFO 3923 --- [    Test worker] p6spy                                    : #1665377284684 | took 0ms | statement | connection 26| url jdbc:h2:mem:6a3784ae-1aa6-4bbf-b617-4d4aeabcc2af
insert into picture (spot_id, url, picture_id) values (?, ?, ?)
insert into picture (spot_id, url, picture_id) values (NULL, 'java.io.StringReader@3fef5c91', 2717);
2022-10-10 13:48:04.684  INFO 3923 --- [    Test worker] p6spy                                    : #1665377284684 | took 0ms | statement | connection 26| url jdbc:h2:mem:6a3784ae-1aa6-4bbf-b617-4d4aeabcc2af
insert into picture (spot_id, url, picture_id) values (?, ?, ?)
insert into picture (spot_id, url, picture_id) values (NULL, 'java.io.StringReader@14568412', 2718);
2022-10-10 13:48:04.684  INFO 3923 --- [    Test worker] p6spy                                    : #1665377284684 | took 0ms | statement | connection 26| url jdbc:h2:mem:6a3784ae-1aa6-4bbf-b617-4d4aeabcc2af
insert into picture (spot_id, url, picture_id) values (?, ?, ?)
insert into picture (spot_id, url, picture_id) values (NULL, 'java.io.StringReader@4f1c874c', 2719);
2022-10-10 13:48:04.684  INFO 3923 --- [    Test worker] p6spy                                    : #1665377284684 | took 0ms | statement | connection 26| url jdbc:h2:mem:6a3784ae-1aa6-4bbf-b617-4d4aeabcc2af
insert into spot (address, description, location, name, score_id, spot_id) values (?, ?, ?, ?, ?, ?)
insert into spot (address, description, location, name, score_id, spot_id) values (NULL, NULL, 'Andeok_myeon', NULL, 666, 732);
2022-10-10 13:48:04.684  INFO 3923 --- [    Test worker] p6spy                                    : #1665377284684 | took 0ms | statement | connection 26| url jdbc:h2:mem:6a3784ae-1aa6-4bbf-b617-4d4aeabcc2af
insert into member_spot (member_id, score, spot_id, member_spot_id) values (?, ?, ?, ?)
insert into member_spot (member_id, score, spot_id, member_spot_id) values (20, 0.0, 732, 2720);
2022-10-10 13:48:04.684  INFO 3923 --- [    Test worker] p6spy                                    : #1665377284684 | took 0ms | statement | connection 26| url jdbc:h2:mem:6a3784ae-1aa6-4bbf-b617-4d4aeabcc2af
insert into review (content, spot_id, review_id) values (?, ?, ?)
insert into review (content, spot_id, review_id) values ('java.io.StringReader@f5d2b0d', 669, 668);
2022-10-10 13:48:04.684  INFO 3923 --- [    Test worker] p6spy                                    : #1665377284684 | took 0ms | statement | connection 26| url jdbc:h2:mem:6a3784ae-1aa6-4bbf-b617-4d4aeabcc2af
insert into score (facility_rank, facility_score, price_rank, price_score, rank_average, surround_rank, surround_score, view_rank, view_score, score_id) values (?, ?, ?, ?, ?, ?, ?, ?, ?, ?)
insert into score (facility_rank, facility_score, price_rank, price_score, rank_average, surround_rank, surround_score, view_rank, view_score, score_id) values (9.578778386419767, 8.754072078006448, 9.745546415951763, 7.719363659052297, 4.312693719669497, 6.8297764315828315, 1.0333613155111654, 2.009814737851313, 0.6861344918893331, 667);
2022-10-10 13:48:04.684  INFO 3923 --- [    Test worker] p6spy                                    : #1665377284684 | took 0ms | statement | connection 26| url jdbc:h2:mem:6a3784ae-1aa6-4bbf-b617-4d4aeabcc2af
insert into picture (spot_id, url, picture_id) values (?, ?, ?)
insert into picture (spot_id, url, picture_id) values (NULL, 'java.io.StringReader@5b57dd71', 2721);
2022-10-10 13:48:04.684  INFO 3923 --- [    Test worker] p6spy                                    : #1665377284684 | took 0ms | statement | connection 26| url jdbc:h2:mem:6a3784ae-1aa6-4bbf-b617-4d4aeabcc2af
insert into picture (spot_id, url, picture_id) values (?, ?, ?)
insert into picture (spot_id, url, picture_id) values (NULL, 'java.io.StringReader@3221ffea', 2722);
2022-10-10 13:48:04.684  INFO 3923 --- [    Test worker] p6spy                                    : #1665377284684 | took 0ms | statement | connection 26| url jdbc:h2:mem:6a3784ae-1aa6-4bbf-b617-4d4aeabcc2af
insert into picture (spot_id, url, picture_id) values (?, ?, ?)
insert into picture (spot_id, url, picture_id) values (NULL, 'java.io.StringReader@1ab35c93', 2723);
2022-10-10 13:48:04.684  INFO 3923 --- [    Test worker] p6spy                                    : #1665377284684 | took 0ms | statement | connection 26| url jdbc:h2:mem:6a3784ae-1aa6-4bbf-b617-4d4aeabcc2af
insert into spot (address, description, location, name, score_id, spot_id) values (?, ?, ?, ?, ?, ?)
insert into spot (address, description, location, name, score_id, spot_id) values (NULL, NULL, 'Andeok_myeon', NULL, 667, 733);
2022-10-10 13:48:04.684  INFO 3923 --- [    Test worker] p6spy                                    : #1665377284684 | took 0ms | statement | connection 26| url jdbc:h2:mem:6a3784ae-1aa6-4bbf-b617-4d4aeabcc2af
insert into member_spot (member_id, score, spot_id, member_spot_id) values (?, ?, ?, ?)
insert into member_spot (member_id, score, spot_id, member_spot_id) values (20, 0.0, 733, 2724);
2022-10-10 13:48:04.684  INFO 3923 --- [    Test worker] p6spy                                    : #1665377284684 | took 0ms | statement | connection 26| url jdbc:h2:mem:6a3784ae-1aa6-4bbf-b617-4d4aeabcc2af
insert into review (content, spot_id, review_id) values (?, ?, ?)
insert into review (content, spot_id, review_id) values ('java.io.StringReader@7918805', 669, 669);
2022-10-10 13:48:04.684  INFO 3923 --- [    Test worker] p6spy                                    : #1665377284684 | took 0ms | statement | connection 26| url jdbc:h2:mem:6a3784ae-1aa6-4bbf-b617-4d4aeabcc2af
insert into favorite_spot (count, favorite_id, spot_id, favorite_spot_id) values (?, ?, ?, ?)
insert into favorite_spot (count, favorite_id, spot_id, favorite_spot_id) values (0, 41, 733, 509);
2022-10-10 13:48:04.684  INFO 3923 --- [    Test worker] p6spy                                    : #1665377284684 | took 0ms | statement | connection 26| url jdbc:h2:mem:6a3784ae-1aa6-4bbf-b617-4d4aeabcc2af
insert into score (facility_rank, facility_score, price_rank, price_score, rank_average, surround_rank, surround_score, view_rank, view_score, score_id) values (?, ?, ?, ?, ?, ?, ?, ?, ?, ?)
insert into score (facility_rank, facility_score, price_rank, price_score, rank_average, surround_rank, surround_score, view_rank, view_score, score_id) values (8.357466381547571, 7.916583710392588, 4.016952467753673, 4.169626054457492, 2.2827974559461994, 4.822152369539582, 6.575019508936453, 8.024694524160527, 0.16443922420456225, 668);
2022-10-10 13:48:04.684  INFO 3923 --- [    Test worker] p6spy                                    : #1665377284684 | took 0ms | statement | connection 26| url jdbc:h2:mem:6a3784ae-1aa6-4bbf-b617-4d4aeabcc2af
insert into picture (spot_id, url, picture_id) values (?, ?, ?)
insert into picture (spot_id, url, picture_id) values (NULL, 'java.io.StringReader@7d18bcf8', 2725);
2022-10-10 13:48:04.684  INFO 3923 --- [    Test worker] p6spy                                    : #1665377284684 | took 0ms | statement | connection 26| url jdbc:h2:mem:6a3784ae-1aa6-4bbf-b617-4d4aeabcc2af
insert into picture (spot_id, url, picture_id) values (?, ?, ?)
insert into picture (spot_id, url, picture_id) values (NULL, 'java.io.StringReader@26f4bfc2', 2726);
2022-10-10 13:48:04.684  INFO 3923 --- [    Test worker] p6spy                                    : #1665377284684 | took 0ms | statement | connection 26| url jdbc:h2:mem:6a3784ae-1aa6-4bbf-b617-4d4aeabcc2af
insert into picture (spot_id, url, picture_id) values (?, ?, ?)
insert into picture (spot_id, url, picture_id) values (NULL, 'java.io.StringReader@559ce43f', 2727);
2022-10-10 13:48:04.684  INFO 3923 --- [    Test worker] p6spy                                    : #1665377284684 | took 0ms | statement | connection 26| url jdbc:h2:mem:6a3784ae-1aa6-4bbf-b617-4d4aeabcc2af
insert into spot (address, description, location, name, score_id, spot_id) values (?, ?, ?, ?, ?, ?)
insert into spot (address, description, location, name, score_id, spot_id) values (NULL, NULL, 'Andeok_myeon', NULL, 668, 734);
2022-10-10 13:48:04.684  INFO 3923 --- [    Test worker] p6spy                                    : #1665377284684 | took 0ms | statement | connection 26| url jdbc:h2:mem:6a3784ae-1aa6-4bbf-b617-4d4aeabcc2af
insert into member_spot (member_id, score, spot_id, member_spot_id) values (?, ?, ?, ?)
insert into member_spot (member_id, score, spot_id, member_spot_id) values (20, 0.0, 734, 2728);
2022-10-10 13:48:04.684  INFO 3923 --- [    Test worker] p6spy                                    : #1665377284684 | took 0ms | statement | connection 26| url jdbc:h2:mem:6a3784ae-1aa6-4bbf-b617-4d4aeabcc2af
insert into review (content, spot_id, review_id) values (?, ?, ?)
insert into review (content, spot_id, review_id) values ('java.io.StringReader@29e815f7', 669, 670);
2022-10-10 13:48:04.684  INFO 3923 --- [    Test worker] p6spy                                    : #1665377284684 | took 0ms | statement | connection 26| url jdbc:h2:mem:6a3784ae-1aa6-4bbf-b617-4d4aeabcc2af
insert into score (facility_rank, facility_score, price_rank, price_score, rank_average, surround_rank, surround_score, view_rank, view_score, score_id) values (?, ?, ?, ?, ?, ?, ?, ?, ?, ?)
insert into score (facility_rank, facility_score, price_rank, price_score, rank_average, surround_rank, surround_score, view_rank, view_score, score_id) values (3.4283841921460025, 1.7435611311466581, 9.567763572752778, 8.120128812670606, 1.9650385986797658, 1.2397009828476557, 7.811054350292881, 8.265090365136746, 0.422652819343422, 669);
2022-10-10 13:48:04.684  INFO 3923 --- [    Test worker] p6spy                                    : #1665377284684 | took 0ms | statement | connection 26| url jdbc:h2:mem:6a3784ae-1aa6-4bbf-b617-4d4aeabcc2af
insert into picture (spot_id, url, picture_id) values (?, ?, ?)
insert into picture (spot_id, url, picture_id) values (NULL, 'java.io.StringReader@481545cf', 2729);
2022-10-10 13:48:04.684  INFO 3923 --- [    Test worker] p6spy                                    : #1665377284684 | took 0ms | statement | connection 26| url jdbc:h2:mem:6a3784ae-1aa6-4bbf-b617-4d4aeabcc2af
insert into picture (spot_id, url, picture_id) values (?, ?, ?)
insert into picture (spot_id, url, picture_id) values (NULL, 'java.io.StringReader@13e0c36b', 2730);
2022-10-10 13:48:04.684  INFO 3923 --- [    Test worker] p6spy                                    : #1665377284684 | took 0ms | statement | connection 26| url jdbc:h2:mem:6a3784ae-1aa6-4bbf-b617-4d4aeabcc2af
insert into picture (spot_id, url, picture_id) values (?, ?, ?)
insert into picture (spot_id, url, picture_id) values (NULL, 'java.io.StringReader@294e8932', 2731);
2022-10-10 13:48:04.684  INFO 3923 --- [    Test worker] p6spy                                    : #1665377284684 | took 0ms | statement | connection 26| url jdbc:h2:mem:6a3784ae-1aa6-4bbf-b617-4d4aeabcc2af
insert into spot (address, description, location, name, score_id, spot_id) values (?, ?, ?, ?, ?, ?)
insert into spot (address, description, location, name, score_id, spot_id) values (NULL, NULL, 'Andeok_myeon', NULL, 669, 735);
2022-10-10 13:48:04.684  INFO 3923 --- [    Test worker] p6spy                                    : #1665377284684 | took 0ms | statement | connection 26| url jdbc:h2:mem:6a3784ae-1aa6-4bbf-b617-4d4aeabcc2af
insert into member_spot (member_id, score, spot_id, member_spot_id) values (?, ?, ?, ?)
insert into member_spot (member_id, score, spot_id, member_spot_id) values (20, 0.0, 735, 2732);
2022-10-10 13:48:04.684  INFO 3923 --- [    Test worker] p6spy                                    : #1665377284684 | took 0ms | statement | connection 26| url jdbc:h2:mem:6a3784ae-1aa6-4bbf-b617-4d4aeabcc2af
insert into review (content, spot_id, review_id) values (?, ?, ?)
insert into review (content, spot_id, review_id) values ('java.io.StringReader@54a28e41', 669, 671);
2022-10-10 13:48:04.684  INFO 3923 --- [    Test worker] p6spy                                    : #1665377284684 | took 0ms | statement | connection 26| url jdbc:h2:mem:6a3784ae-1aa6-4bbf-b617-4d4aeabcc2af
insert into favorite_spot (count, favorite_id, spot_id, favorite_spot_id) values (?, ?, ?, ?)
insert into favorite_spot (count, favorite_id, spot_id, favorite_spot_id) values (0, 41, 735, 510);
2022-10-10 13:48:04.684  INFO 3923 --- [    Test worker] p6spy                                    : #1665377284684 | took 0ms | statement | connection 26| url jdbc:h2:mem:6a3784ae-1aa6-4bbf-b617-4d4aeabcc2af
insert into score (facility_rank, facility_score, price_rank, price_score, rank_average, surround_rank, surround_score, view_rank, view_score, score_id) values (?, ?, ?, ?, ?, ?, ?, ?, ?, ?)
insert into score (facility_rank, facility_score, price_rank, price_score, rank_average, surround_rank, surround_score, view_rank, view_score, score_id) values (0.32086652674520155, 2.618679292428875, 0.34564886987568877, 3.105357555713424, 7.398977724612764, 5.556575558081235, 5.657730007141727, 6.756703725202695, 6.010472988406661, 670);
2022-10-10 13:48:04.684  INFO 3923 --- [    Test worker] p6spy                                    : #1665377284684 | took 0ms | statement | connection 26| url jdbc:h2:mem:6a3784ae-1aa6-4bbf-b617-4d4aeabcc2af
insert into picture (spot_id, url, picture_id) values (?, ?, ?)
insert into picture (spot_id, url, picture_id) values (NULL, 'java.io.StringReader@689316d8', 2733);
2022-10-10 13:48:04.684  INFO 3923 --- [    Test worker] p6spy                                    : #1665377284684 | took 0ms | statement | connection 26| url jdbc:h2:mem:6a3784ae-1aa6-4bbf-b617-4d4aeabcc2af
insert into picture (spot_id, url, picture_id) values (?, ?, ?)
insert into picture (spot_id, url, picture_id) values (NULL, 'java.io.StringReader@587d9280', 2734);
2022-10-10 13:48:04.684  INFO 3923 --- [    Test worker] p6spy                                    : #1665377284684 | took 0ms | statement | connection 26| url jdbc:h2:mem:6a3784ae-1aa6-4bbf-b617-4d4aeabcc2af
insert into picture (spot_id, url, picture_id) values (?, ?, ?)
insert into picture (spot_id, url, picture_id) values (NULL, 'java.io.StringReader@35292800', 2735);
2022-10-10 13:48:04.684  INFO 3923 --- [    Test worker] p6spy                                    : #1665377284684 | took 0ms | statement | connection 26| url jdbc:h2:mem:6a3784ae-1aa6-4bbf-b617-4d4aeabcc2af
insert into spot (address, description, location, name, score_id, spot_id) values (?, ?, ?, ?, ?, ?)
insert into spot (address, description, location, name, score_id, spot_id) values (NULL, NULL, 'Andeok_myeon', NULL, 670, 736);
2022-10-10 13:48:04.684  INFO 3923 --- [    Test worker] p6spy                                    : #1665377284684 | took 0ms | statement | connection 26| url jdbc:h2:mem:6a3784ae-1aa6-4bbf-b617-4d4aeabcc2af
insert into member_spot (member_id, score, spot_id, member_spot_id) values (?, ?, ?, ?)
insert into member_spot (member_id, score, spot_id, member_spot_id) values (20, 0.0, 736, 2736);
2022-10-10 13:48:04.684  INFO 3923 --- [    Test worker] p6spy                                    : #1665377284684 | took 0ms | statement | connection 26| url jdbc:h2:mem:6a3784ae-1aa6-4bbf-b617-4d4aeabcc2af
insert into review (content, spot_id, review_id) values (?, ?, ?)
insert into review (content, spot_id, review_id) values ('java.io.StringReader@7619c132', 669, 672);
2022-10-10 13:48:04.684  INFO 3923 --- [    Test worker] p6spy                                    : #1665377284684 | took 0ms | statement | connection 26| url jdbc:h2:mem:6a3784ae-1aa6-4bbf-b617-4d4aeabcc2af
insert into score (facility_rank, facility_score, price_rank, price_score, rank_average, surround_rank, surround_score, view_rank, view_score, score_id) values (?, ?, ?, ?, ?, ?, ?, ?, ?, ?)
insert into score (facility_rank, facility_score, price_rank, price_score, rank_average, surround_rank, surround_score, view_rank, view_score, score_id) values (3.8953598208095483, 6.8239385342624, 9.379845128162504, 2.066619195739583, 8.026500021580913, 2.6572008881067113, 6.957853635127712, 5.2244454776482705, 0.018486298715153504, 671);
2022-10-10 13:48:04.684  INFO 3923 --- [    Test worker] p6spy                                    : #1665377284684 | took 0ms | statement | connection 26| url jdbc:h2:mem:6a3784ae-1aa6-4bbf-b617-4d4aeabcc2af
insert into picture (spot_id, url, picture_id) values (?, ?, ?)
insert into picture (spot_id, url, picture_id) values (NULL, 'java.io.StringReader@464c6f', 2737);
2022-10-10 13:48:04.685  INFO 3923 --- [    Test worker] p6spy                                    : #1665377284685 | took 0ms | statement | connection 26| url jdbc:h2:mem:6a3784ae-1aa6-4bbf-b617-4d4aeabcc2af
insert into picture (spot_id, url, picture_id) values (?, ?, ?)
insert into picture (spot_id, url, picture_id) values (NULL, 'java.io.StringReader@6c112ad7', 2738);
2022-10-10 13:48:04.685  INFO 3923 --- [    Test worker] p6spy                                    : #1665377284685 | took 0ms | statement | connection 26| url jdbc:h2:mem:6a3784ae-1aa6-4bbf-b617-4d4aeabcc2af
insert into picture (spot_id, url, picture_id) values (?, ?, ?)
insert into picture (spot_id, url, picture_id) values (NULL, 'java.io.StringReader@351bf572', 2739);
2022-10-10 13:48:04.685  INFO 3923 --- [    Test worker] p6spy                                    : #1665377284685 | took 0ms | statement | connection 26| url jdbc:h2:mem:6a3784ae-1aa6-4bbf-b617-4d4aeabcc2af
insert into spot (address, description, location, name, score_id, spot_id) values (?, ?, ?, ?, ?, ?)
insert into spot (address, description, location, name, score_id, spot_id) values (NULL, NULL, 'Andeok_myeon', NULL, 671, 737);
2022-10-10 13:48:04.685  INFO 3923 --- [    Test worker] p6spy                                    : #1665377284685 | took 0ms | statement | connection 26| url jdbc:h2:mem:6a3784ae-1aa6-4bbf-b617-4d4aeabcc2af
insert into member_spot (member_id, score, spot_id, member_spot_id) values (?, ?, ?, ?)
insert into member_spot (member_id, score, spot_id, member_spot_id) values (20, 0.0, 737, 2740);
2022-10-10 13:48:04.685  INFO 3923 --- [    Test worker] p6spy                                    : #1665377284685 | took 0ms | statement | connection 26| url jdbc:h2:mem:6a3784ae-1aa6-4bbf-b617-4d4aeabcc2af
insert into review (content, spot_id, review_id) values (?, ?, ?)
insert into review (content, spot_id, review_id) values ('java.io.StringReader@58ac4675', 669, 673);
2022-10-10 13:48:04.685  INFO 3923 --- [    Test worker] p6spy                                    : #1665377284685 | took 0ms | statement | connection 26| url jdbc:h2:mem:6a3784ae-1aa6-4bbf-b617-4d4aeabcc2af
insert into favorite_spot (count, favorite_id, spot_id, favorite_spot_id) values (?, ?, ?, ?)
insert into favorite_spot (count, favorite_id, spot_id, favorite_spot_id) values (0, 41, 737, 511);
2022-10-10 13:48:04.685  INFO 3923 --- [    Test worker] p6spy                                    : #1665377284685 | took 0ms | statement | connection 26| url jdbc:h2:mem:6a3784ae-1aa6-4bbf-b617-4d4aeabcc2af
insert into score (facility_rank, facility_score, price_rank, price_score, rank_average, surround_rank, surround_score, view_rank, view_score, score_id) values (?, ?, ?, ?, ?, ?, ?, ?, ?, ?)
insert into score (facility_rank, facility_score, price_rank, price_score, rank_average, surround_rank, surround_score, view_rank, view_score, score_id) values (3.1761287065833743, 4.930318605668411, 4.537601371061618, 0.16491706931823225, 1.5501070943121897, 0.7266605189760211, 2.5157899590736275, 9.627622718302419, 2.3662301400889127, 672);
2022-10-10 13:48:04.685  INFO 3923 --- [    Test worker] p6spy                                    : #1665377284685 | took 0ms | statement | connection 26| url jdbc:h2:mem:6a3784ae-1aa6-4bbf-b617-4d4aeabcc2af
insert into picture (spot_id, url, picture_id) values (?, ?, ?)
insert into picture (spot_id, url, picture_id) values (NULL, 'java.io.StringReader@3fd35451', 2741);
2022-10-10 13:48:04.685  INFO 3923 --- [    Test worker] p6spy                                    : #1665377284685 | took 0ms | statement | connection 26| url jdbc:h2:mem:6a3784ae-1aa6-4bbf-b617-4d4aeabcc2af
insert into picture (spot_id, url, picture_id) values (?, ?, ?)
insert into picture (spot_id, url, picture_id) values (NULL, 'java.io.StringReader@2de0a3c7', 2742);
2022-10-10 13:48:04.685  INFO 3923 --- [    Test worker] p6spy                                    : #1665377284685 | took 0ms | statement | connection 26| url jdbc:h2:mem:6a3784ae-1aa6-4bbf-b617-4d4aeabcc2af
insert into picture (spot_id, url, picture_id) values (?, ?, ?)
insert into picture (spot_id, url, picture_id) values (NULL, 'java.io.StringReader@492b5e9', 2743);
2022-10-10 13:48:04.685  INFO 3923 --- [    Test worker] p6spy                                    : #1665377284685 | took 0ms | statement | connection 26| url jdbc:h2:mem:6a3784ae-1aa6-4bbf-b617-4d4aeabcc2af
insert into spot (address, description, location, name, score_id, spot_id) values (?, ?, ?, ?, ?, ?)
insert into spot (address, description, location, name, score_id, spot_id) values (NULL, NULL, 'Andeok_myeon', NULL, 672, 738);
2022-10-10 13:48:04.685  INFO 3923 --- [    Test worker] p6spy                                    : #1665377284685 | took 0ms | statement | connection 26| url jdbc:h2:mem:6a3784ae-1aa6-4bbf-b617-4d4aeabcc2af
insert into member_spot (member_id, score, spot_id, member_spot_id) values (?, ?, ?, ?)
insert into member_spot (member_id, score, spot_id, member_spot_id) values (20, 0.0, 738, 2744);
2022-10-10 13:48:04.685  INFO 3923 --- [    Test worker] p6spy                                    : #1665377284685 | took 0ms | statement | connection 26| url jdbc:h2:mem:6a3784ae-1aa6-4bbf-b617-4d4aeabcc2af
insert into review (content, spot_id, review_id) values (?, ?, ?)
insert into review (content, spot_id, review_id) values ('java.io.StringReader@64080ac4', 669, 674);
2022-10-10 13:48:04.685  INFO 3923 --- [    Test worker] p6spy                                    : #1665377284685 | took 0ms | statement | connection 26| url jdbc:h2:mem:6a3784ae-1aa6-4bbf-b617-4d4aeabcc2af
insert into score (facility_rank, facility_score, price_rank, price_score, rank_average, surround_rank, surround_score, view_rank, view_score, score_id) values (?, ?, ?, ?, ?, ?, ?, ?, ?, ?)
insert into score (facility_rank, facility_score, price_rank, price_score, rank_average, surround_rank, surround_score, view_rank, view_score, score_id) values (7.554552291200574, 7.128980063396609, 9.628430845560352, 0.9068432194536358, 5.396311130459395, 9.21383819240413, 3.3756112990335527, 1.5529809736645661, 8.378240379371578, 673);
2022-10-10 13:48:04.685  INFO 3923 --- [    Test worker] p6spy                                    : #1665377284685 | took 0ms | statement | connection 26| url jdbc:h2:mem:6a3784ae-1aa6-4bbf-b617-4d4aeabcc2af
insert into picture (spot_id, url, picture_id) values (?, ?, ?)
insert into picture (spot_id, url, picture_id) values (NULL, 'java.io.StringReader@3fcbcea', 2745);
2022-10-10 13:48:04.685  INFO 3923 --- [    Test worker] p6spy                                    : #1665377284685 | took 0ms | statement | connection 26| url jdbc:h2:mem:6a3784ae-1aa6-4bbf-b617-4d4aeabcc2af
insert into picture (spot_id, url, picture_id) values (?, ?, ?)
insert into picture (spot_id, url, picture_id) values (NULL, 'java.io.StringReader@3f6a83aa', 2746);
2022-10-10 13:48:04.685  INFO 3923 --- [    Test worker] p6spy                                    : #1665377284685 | took 0ms | statement | connection 26| url jdbc:h2:mem:6a3784ae-1aa6-4bbf-b617-4d4aeabcc2af
insert into picture (spot_id, url, picture_id) values (?, ?, ?)
insert into picture (spot_id, url, picture_id) values (NULL, 'java.io.StringReader@35f229c9', 2747);
2022-10-10 13:48:04.685  INFO 3923 --- [    Test worker] p6spy                                    : #1665377284685 | took 0ms | statement | connection 26| url jdbc:h2:mem:6a3784ae-1aa6-4bbf-b617-4d4aeabcc2af
insert into spot (address, description, location, name, score_id, spot_id) values (?, ?, ?, ?, ?, ?)
insert into spot (address, description, location, name, score_id, spot_id) values (NULL, NULL, 'Andeok_myeon', NULL, 673, 739);
2022-10-10 13:48:04.685  INFO 3923 --- [    Test worker] p6spy                                    : #1665377284685 | took 0ms | statement | connection 26| url jdbc:h2:mem:6a3784ae-1aa6-4bbf-b617-4d4aeabcc2af
insert into member_spot (member_id, score, spot_id, member_spot_id) values (?, ?, ?, ?)
insert into member_spot (member_id, score, spot_id, member_spot_id) values (20, 0.0, 739, 2748);
2022-10-10 13:48:04.685  INFO 3923 --- [    Test worker] p6spy                                    : #1665377284685 | took 0ms | statement | connection 26| url jdbc:h2:mem:6a3784ae-1aa6-4bbf-b617-4d4aeabcc2af
insert into review (content, spot_id, review_id) values (?, ?, ?)
insert into review (content, spot_id, review_id) values ('java.io.StringReader@1890fbb8', 669, 675);
2022-10-10 13:48:04.685  INFO 3923 --- [    Test worker] p6spy                                    : #1665377284685 | took 0ms | statement | connection 26| url jdbc:h2:mem:6a3784ae-1aa6-4bbf-b617-4d4aeabcc2af
insert into favorite_spot (count, favorite_id, spot_id, favorite_spot_id) values (?, ?, ?, ?)
insert into favorite_spot (count, favorite_id, spot_id, favorite_spot_id) values (0, 41, 739, 512);
2022-10-10 13:48:04.685  INFO 3923 --- [    Test worker] p6spy                                    : #1665377284685 | took 0ms | statement | connection 26| url jdbc:h2:mem:6a3784ae-1aa6-4bbf-b617-4d4aeabcc2af
insert into score (facility_rank, facility_score, price_rank, price_score, rank_average, surround_rank, surround_score, view_rank, view_score, score_id) values (?, ?, ?, ?, ?, ?, ?, ?, ?, ?)
insert into score (facility_rank, facility_score, price_rank, price_score, rank_average, surround_rank, surround_score, view_rank, view_score, score_id) values (7.841937338744753, 2.7106426952380467, 4.108783622776384, 1.3905642617399505, 6.113486581269529, 5.695063467741344, 6.467153376286474, 3.928892571464222, 1.309048840524234, 674);
2022-10-10 13:48:04.685  INFO 3923 --- [    Test worker] p6spy                                    : #1665377284685 | took 0ms | statement | connection 26| url jdbc:h2:mem:6a3784ae-1aa6-4bbf-b617-4d4aeabcc2af
insert into picture (spot_id, url, picture_id) values (?, ?, ?)
insert into picture (spot_id, url, picture_id) values (NULL, 'java.io.StringReader@141e2724', 2749);
2022-10-10 13:48:04.685  INFO 3923 --- [    Test worker] p6spy                                    : #1665377284685 | took 0ms | statement | connection 26| url jdbc:h2:mem:6a3784ae-1aa6-4bbf-b617-4d4aeabcc2af
insert into picture (spot_id, url, picture_id) values (?, ?, ?)
insert into picture (spot_id, url, picture_id) values (NULL, 'java.io.StringReader@4e5fd7e6', 2750);
2022-10-10 13:48:04.685  INFO 3923 --- [    Test worker] p6spy                                    : #1665377284685 | took 0ms | statement | connection 26| url jdbc:h2:mem:6a3784ae-1aa6-4bbf-b617-4d4aeabcc2af
insert into picture (spot_id, url, picture_id) values (?, ?, ?)
insert into picture (spot_id, url, picture_id) values (NULL, 'java.io.StringReader@41badf59', 2751);
2022-10-10 13:48:04.685  INFO 3923 --- [    Test worker] p6spy                                    : #1665377284685 | took 0ms | statement | connection 26| url jdbc:h2:mem:6a3784ae-1aa6-4bbf-b617-4d4aeabcc2af
insert into spot (address, description, location, name, score_id, spot_id) values (?, ?, ?, ?, ?, ?)
insert into spot (address, description, location, name, score_id, spot_id) values (NULL, NULL, 'Andeok_myeon', NULL, 674, 740);
2022-10-10 13:48:04.685  INFO 3923 --- [    Test worker] p6spy                                    : #1665377284685 | took 0ms | statement | connection 26| url jdbc:h2:mem:6a3784ae-1aa6-4bbf-b617-4d4aeabcc2af
insert into member_spot (member_id, score, spot_id, member_spot_id) values (?, ?, ?, ?)
insert into member_spot (member_id, score, spot_id, member_spot_id) values (20, 0.0, 740, 2752);
2022-10-10 13:48:04.685  INFO 3923 --- [    Test worker] p6spy                                    : #1665377284685 | took 0ms | statement | connection 26| url jdbc:h2:mem:6a3784ae-1aa6-4bbf-b617-4d4aeabcc2af
insert into review (content, spot_id, review_id) values (?, ?, ?)
insert into review (content, spot_id, review_id) values ('java.io.StringReader@705c03f2', 669, 676);
2022-10-10 13:48:04.685  INFO 3923 --- [    Test worker] p6spy                                    : #1665377284685 | took 0ms | statement | connection 26| url jdbc:h2:mem:6a3784ae-1aa6-4bbf-b617-4d4aeabcc2af
insert into score (facility_rank, facility_score, price_rank, price_score, rank_average, surround_rank, surround_score, view_rank, view_score, score_id) values (?, ?, ?, ?, ?, ?, ?, ?, ?, ?)
insert into score (facility_rank, facility_score, price_rank, price_score, rank_average, surround_rank, surround_score, view_rank, view_score, score_id) values (2.8498425546605564, 8.849836944036198, 4.704257775373036, 1.1593562309045247, 6.8683560135956, 9.370703560945227, 7.061865250052462, 8.829071706516084, 3.7758157616764576, 675);
2022-10-10 13:48:04.685  INFO 3923 --- [    Test worker] p6spy                                    : #1665377284685 | took 0ms | statement | connection 26| url jdbc:h2:mem:6a3784ae-1aa6-4bbf-b617-4d4aeabcc2af
insert into picture (spot_id, url, picture_id) values (?, ?, ?)
insert into picture (spot_id, url, picture_id) values (NULL, 'java.io.StringReader@4385a86c', 2753);
2022-10-10 13:48:04.685  INFO 3923 --- [    Test worker] p6spy                                    : #1665377284685 | took 0ms | statement | connection 26| url jdbc:h2:mem:6a3784ae-1aa6-4bbf-b617-4d4aeabcc2af
insert into picture (spot_id, url, picture_id) values (?, ?, ?)
insert into picture (spot_id, url, picture_id) values (NULL, 'java.io.StringReader@565c6abe', 2754);
2022-10-10 13:48:04.685  INFO 3923 --- [    Test worker] p6spy                                    : #1665377284685 | took 0ms | statement | connection 26| url jdbc:h2:mem:6a3784ae-1aa6-4bbf-b617-4d4aeabcc2af
insert into picture (spot_id, url, picture_id) values (?, ?, ?)
insert into picture (spot_id, url, picture_id) values (NULL, 'java.io.StringReader@45f6f0f5', 2755);
2022-10-10 13:48:04.685  INFO 3923 --- [    Test worker] p6spy                                    : #1665377284685 | took 0ms | statement | connection 26| url jdbc:h2:mem:6a3784ae-1aa6-4bbf-b617-4d4aeabcc2af
insert into spot (address, description, location, name, score_id, spot_id) values (?, ?, ?, ?, ?, ?)
insert into spot (address, description, location, name, score_id, spot_id) values (NULL, NULL, 'Andeok_myeon', NULL, 675, 741);
2022-10-10 13:48:04.685  INFO 3923 --- [    Test worker] p6spy                                    : #1665377284685 | took 0ms | statement | connection 26| url jdbc:h2:mem:6a3784ae-1aa6-4bbf-b617-4d4aeabcc2af
insert into member_spot (member_id, score, spot_id, member_spot_id) values (?, ?, ?, ?)
insert into member_spot (member_id, score, spot_id, member_spot_id) values (20, 0.0, 741, 2756);
2022-10-10 13:48:04.685  INFO 3923 --- [    Test worker] p6spy                                    : #1665377284685 | took 0ms | statement | connection 26| url jdbc:h2:mem:6a3784ae-1aa6-4bbf-b617-4d4aeabcc2af
insert into review (content, spot_id, review_id) values (?, ?, ?)
insert into review (content, spot_id, review_id) values ('java.io.StringReader@6e7d2c54', 669, 677);
2022-10-10 13:48:04.685  INFO 3923 --- [    Test worker] p6spy                                    : #1665377284685 | took 0ms | statement | connection 26| url jdbc:h2:mem:6a3784ae-1aa6-4bbf-b617-4d4aeabcc2af
insert into favorite_spot (count, favorite_id, spot_id, favorite_spot_id) values (?, ?, ?, ?)
insert into favorite_spot (count, favorite_id, spot_id, favorite_spot_id) values (0, 41, 741, 513);
2022-10-10 13:48:04.685  INFO 3923 --- [    Test worker] p6spy                                    : #1665377284685 | took 0ms | statement | connection 26| url jdbc:h2:mem:6a3784ae-1aa6-4bbf-b617-4d4aeabcc2af
insert into score (facility_rank, facility_score, price_rank, price_score, rank_average, surround_rank, surround_score, view_rank, view_score, score_id) values (?, ?, ?, ?, ?, ?, ?, ?, ?, ?)
insert into score (facility_rank, facility_score, price_rank, price_score, rank_average, surround_rank, surround_score, view_rank, view_score, score_id) values (9.922247636928335, 1.0070864557931547, 4.846450613144654, 8.894974811837082, 9.92032194319438, 5.721636927714771, 1.7997248585810133, 0.6090754611562432, 6.265898789639381, 676);
2022-10-10 13:48:04.685  INFO 3923 --- [    Test worker] p6spy                                    : #1665377284685 | took 0ms | statement | connection 26| url jdbc:h2:mem:6a3784ae-1aa6-4bbf-b617-4d4aeabcc2af
insert into picture (spot_id, url, picture_id) values (?, ?, ?)
insert into picture (spot_id, url, picture_id) values (NULL, 'java.io.StringReader@5571d2d8', 2757);
2022-10-10 13:48:04.685  INFO 3923 --- [    Test worker] p6spy                                    : #1665377284685 | took 0ms | statement | connection 26| url jdbc:h2:mem:6a3784ae-1aa6-4bbf-b617-4d4aeabcc2af
insert into picture (spot_id, url, picture_id) values (?, ?, ?)
insert into picture (spot_id, url, picture_id) values (NULL, 'java.io.StringReader@7d702767', 2758);
2022-10-10 13:48:04.685  INFO 3923 --- [    Test worker] p6spy                                    : #1665377284685 | took 0ms | statement | connection 26| url jdbc:h2:mem:6a3784ae-1aa6-4bbf-b617-4d4aeabcc2af
insert into picture (spot_id, url, picture_id) values (?, ?, ?)
insert into picture (spot_id, url, picture_id) values (NULL, 'java.io.StringReader@4f8b199b', 2759);
2022-10-10 13:48:04.685  INFO 3923 --- [    Test worker] p6spy                                    : #1665377284685 | took 0ms | statement | connection 26| url jdbc:h2:mem:6a3784ae-1aa6-4bbf-b617-4d4aeabcc2af
insert into spot (address, description, location, name, score_id, spot_id) values (?, ?, ?, ?, ?, ?)
insert into spot (address, description, location, name, score_id, spot_id) values (NULL, NULL, 'Andeok_myeon', NULL, 676, 742);
2022-10-10 13:48:04.685  INFO 3923 --- [    Test worker] p6spy                                    : #1665377284685 | took 0ms | statement | connection 26| url jdbc:h2:mem:6a3784ae-1aa6-4bbf-b617-4d4aeabcc2af
insert into member_spot (member_id, score, spot_id, member_spot_id) values (?, ?, ?, ?)
insert into member_spot (member_id, score, spot_id, member_spot_id) values (20, 0.0, 742, 2760);
2022-10-10 13:48:04.685  INFO 3923 --- [    Test worker] p6spy                                    : #1665377284685 | took 0ms | statement | connection 26| url jdbc:h2:mem:6a3784ae-1aa6-4bbf-b617-4d4aeabcc2af
insert into review (content, spot_id, review_id) values (?, ?, ?)
insert into review (content, spot_id, review_id) values ('java.io.StringReader@8bcb1c3', 669, 678);
2022-10-10 13:48:04.686  INFO 3923 --- [    Test worker] p6spy                                    : #1665377284686 | took 0ms | statement | connection 26| url jdbc:h2:mem:6a3784ae-1aa6-4bbf-b617-4d4aeabcc2af
insert into score (facility_rank, facility_score, price_rank, price_score, rank_average, surround_rank, surround_score, view_rank, view_score, score_id) values (?, ?, ?, ?, ?, ?, ?, ?, ?, ?)
insert into score (facility_rank, facility_score, price_rank, price_score, rank_average, surround_rank, surround_score, view_rank, view_score, score_id) values (9.34660126613082, 6.594828266160187, 6.49371061779209, 5.8261656663049575, 6.801673170932424, 1.5903802893163876, 3.7598008160502125, 5.395516824102825, 1.8126254678217568, 677);
2022-10-10 13:48:04.686  INFO 3923 --- [    Test worker] p6spy                                    : #1665377284686 | took 0ms | statement | connection 26| url jdbc:h2:mem:6a3784ae-1aa6-4bbf-b617-4d4aeabcc2af
insert into picture (spot_id, url, picture_id) values (?, ?, ?)
insert into picture (spot_id, url, picture_id) values (NULL, 'java.io.StringReader@7781d5cc', 2761);
2022-10-10 13:48:04.686  INFO 3923 --- [    Test worker] p6spy                                    : #1665377284686 | took 0ms | statement | connection 26| url jdbc:h2:mem:6a3784ae-1aa6-4bbf-b617-4d4aeabcc2af
insert into picture (spot_id, url, picture_id) values (?, ?, ?)
insert into picture (spot_id, url, picture_id) values (NULL, 'java.io.StringReader@2bab295f', 2762);
2022-10-10 13:48:04.686  INFO 3923 --- [    Test worker] p6spy                                    : #1665377284686 | took 0ms | statement | connection 26| url jdbc:h2:mem:6a3784ae-1aa6-4bbf-b617-4d4aeabcc2af
insert into picture (spot_id, url, picture_id) values (?, ?, ?)
insert into picture (spot_id, url, picture_id) values (NULL, 'java.io.StringReader@60d14d40', 2763);
2022-10-10 13:48:04.686  INFO 3923 --- [    Test worker] p6spy                                    : #1665377284686 | took 0ms | statement | connection 26| url jdbc:h2:mem:6a3784ae-1aa6-4bbf-b617-4d4aeabcc2af
insert into spot (address, description, location, name, score_id, spot_id) values (?, ?, ?, ?, ?, ?)
insert into spot (address, description, location, name, score_id, spot_id) values (NULL, NULL, 'Andeok_myeon', NULL, 677, 743);
2022-10-10 13:48:04.686  INFO 3923 --- [    Test worker] p6spy                                    : #1665377284686 | took 0ms | statement | connection 26| url jdbc:h2:mem:6a3784ae-1aa6-4bbf-b617-4d4aeabcc2af
insert into member_spot (member_id, score, spot_id, member_spot_id) values (?, ?, ?, ?)
insert into member_spot (member_id, score, spot_id, member_spot_id) values (20, 0.0, 743, 2764);
2022-10-10 13:48:04.686  INFO 3923 --- [    Test worker] p6spy                                    : #1665377284686 | took 0ms | statement | connection 26| url jdbc:h2:mem:6a3784ae-1aa6-4bbf-b617-4d4aeabcc2af
insert into review (content, spot_id, review_id) values (?, ?, ?)
insert into review (content, spot_id, review_id) values ('java.io.StringReader@89607f4', 669, 679);
2022-10-10 13:48:04.686  INFO 3923 --- [    Test worker] p6spy                                    : #1665377284686 | took 0ms | statement | connection 26| url jdbc:h2:mem:6a3784ae-1aa6-4bbf-b617-4d4aeabcc2af
insert into favorite_spot (count, favorite_id, spot_id, favorite_spot_id) values (?, ?, ?, ?)
insert into favorite_spot (count, favorite_id, spot_id, favorite_spot_id) values (0, 41, 743, 514);
2022-10-10 13:48:04.686  INFO 3923 --- [    Test worker] p6spy                                    : #1665377284686 | took 0ms | statement | connection 26| url jdbc:h2:mem:6a3784ae-1aa6-4bbf-b617-4d4aeabcc2af
insert into score (facility_rank, facility_score, price_rank, price_score, rank_average, surround_rank, surround_score, view_rank, view_score, score_id) values (?, ?, ?, ?, ?, ?, ?, ?, ?, ?)
insert into score (facility_rank, facility_score, price_rank, price_score, rank_average, surround_rank, surround_score, view_rank, view_score, score_id) values (6.403925405835461, 2.0915123735052212, 0.07639068974286123, 5.423591040254532, 9.675820041074006, 7.744198382153195, 6.5975496654046015, 8.8428202280071, 1.3844504218353748, 678);
2022-10-10 13:48:04.686  INFO 3923 --- [    Test worker] p6spy                                    : #1665377284686 | took 0ms | statement | connection 26| url jdbc:h2:mem:6a3784ae-1aa6-4bbf-b617-4d4aeabcc2af
insert into picture (spot_id, url, picture_id) values (?, ?, ?)
insert into picture (spot_id, url, picture_id) values (NULL, 'java.io.StringReader@2b2f3983', 2765);
2022-10-10 13:48:04.686  INFO 3923 --- [    Test worker] p6spy                                    : #1665377284686 | took 0ms | statement | connection 26| url jdbc:h2:mem:6a3784ae-1aa6-4bbf-b617-4d4aeabcc2af
insert into picture (spot_id, url, picture_id) values (?, ?, ?)
insert into picture (spot_id, url, picture_id) values (NULL, 'java.io.StringReader@4926e32c', 2766);
2022-10-10 13:48:04.686  INFO 3923 --- [    Test worker] p6spy                                    : #1665377284686 | took 0ms | statement | connection 26| url jdbc:h2:mem:6a3784ae-1aa6-4bbf-b617-4d4aeabcc2af
insert into picture (spot_id, url, picture_id) values (?, ?, ?)
insert into picture (spot_id, url, picture_id) values (NULL, 'java.io.StringReader@37becd67', 2767);
2022-10-10 13:48:04.686  INFO 3923 --- [    Test worker] p6spy                                    : #1665377284686 | took 0ms | statement | connection 26| url jdbc:h2:mem:6a3784ae-1aa6-4bbf-b617-4d4aeabcc2af
insert into spot (address, description, location, name, score_id, spot_id) values (?, ?, ?, ?, ?, ?)
insert into spot (address, description, location, name, score_id, spot_id) values (NULL, NULL, 'Andeok_myeon', NULL, 678, 744);
2022-10-10 13:48:04.686  INFO 3923 --- [    Test worker] p6spy                                    : #1665377284686 | took 0ms | statement | connection 26| url jdbc:h2:mem:6a3784ae-1aa6-4bbf-b617-4d4aeabcc2af
insert into member_spot (member_id, score, spot_id, member_spot_id) values (?, ?, ?, ?)
insert into member_spot (member_id, score, spot_id, member_spot_id) values (20, 0.0, 744, 2768);
2022-10-10 13:48:04.686  INFO 3923 --- [    Test worker] p6spy                                    : #1665377284686 | took 0ms | statement | connection 26| url jdbc:h2:mem:6a3784ae-1aa6-4bbf-b617-4d4aeabcc2af
insert into review (content, spot_id, review_id) values (?, ?, ?)
insert into review (content, spot_id, review_id) values ('java.io.StringReader@5d0f0120', 669, 680);
2022-10-10 13:48:04.686  INFO 3923 --- [    Test worker] p6spy                                    : #1665377284686 | took 0ms | statement | connection 26| url jdbc:h2:mem:6a3784ae-1aa6-4bbf-b617-4d4aeabcc2af
insert into score (facility_rank, facility_score, price_rank, price_score, rank_average, surround_rank, surround_score, view_rank, view_score, score_id) values (?, ?, ?, ?, ?, ?, ?, ?, ?, ?)
insert into score (facility_rank, facility_score, price_rank, price_score, rank_average, surround_rank, surround_score, view_rank, view_score, score_id) values (6.711139215931023, 9.339802353155646, 2.8939746753816866, 5.409729751328122, 4.871249564772942, 5.631833554643679, 2.3852211283866542, 7.54107377386824, 3.8700707000180046, 679);
2022-10-10 13:48:04.686  INFO 3923 --- [    Test worker] p6spy                                    : #1665377284686 | took 0ms | statement | connection 26| url jdbc:h2:mem:6a3784ae-1aa6-4bbf-b617-4d4aeabcc2af
insert into picture (spot_id, url, picture_id) values (?, ?, ?)
insert into picture (spot_id, url, picture_id) values (NULL, 'java.io.StringReader@1b4a26a3', 2769);
2022-10-10 13:48:04.686  INFO 3923 --- [    Test worker] p6spy                                    : #1665377284686 | took 0ms | statement | connection 26| url jdbc:h2:mem:6a3784ae-1aa6-4bbf-b617-4d4aeabcc2af
insert into picture (spot_id, url, picture_id) values (?, ?, ?)
insert into picture (spot_id, url, picture_id) values (NULL, 'java.io.StringReader@fe73867', 2770);
2022-10-10 13:48:04.686  INFO 3923 --- [    Test worker] p6spy                                    : #1665377284686 | took 0ms | statement | connection 26| url jdbc:h2:mem:6a3784ae-1aa6-4bbf-b617-4d4aeabcc2af
insert into picture (spot_id, url, picture_id) values (?, ?, ?)
insert into picture (spot_id, url, picture_id) values (NULL, 'java.io.StringReader@6bbb2572', 2771);
2022-10-10 13:48:04.686  INFO 3923 --- [    Test worker] p6spy                                    : #1665377284686 | took 0ms | statement | connection 26| url jdbc:h2:mem:6a3784ae-1aa6-4bbf-b617-4d4aeabcc2af
insert into spot (address, description, location, name, score_id, spot_id) values (?, ?, ?, ?, ?, ?)
insert into spot (address, description, location, name, score_id, spot_id) values (NULL, NULL, 'Andeok_myeon', NULL, 679, 745);
2022-10-10 13:48:04.686  INFO 3923 --- [    Test worker] p6spy                                    : #1665377284686 | took 0ms | statement | connection 26| url jdbc:h2:mem:6a3784ae-1aa6-4bbf-b617-4d4aeabcc2af
insert into member_spot (member_id, score, spot_id, member_spot_id) values (?, ?, ?, ?)
insert into member_spot (member_id, score, spot_id, member_spot_id) values (20, 0.0, 745, 2772);
2022-10-10 13:48:04.686  INFO 3923 --- [    Test worker] p6spy                                    : #1665377284686 | took 0ms | statement | connection 26| url jdbc:h2:mem:6a3784ae-1aa6-4bbf-b617-4d4aeabcc2af
insert into review (content, spot_id, review_id) values (?, ?, ?)
insert into review (content, spot_id, review_id) values ('java.io.StringReader@75362771', 669, 681);
2022-10-10 13:48:04.686  INFO 3923 --- [    Test worker] p6spy                                    : #1665377284686 | took 0ms | statement | connection 26| url jdbc:h2:mem:6a3784ae-1aa6-4bbf-b617-4d4aeabcc2af
insert into favorite_spot (count, favorite_id, spot_id, favorite_spot_id) values (?, ?, ?, ?)
insert into favorite_spot (count, favorite_id, spot_id, favorite_spot_id) values (0, 41, 745, 515);
2022-10-10 13:48:04.686  INFO 3923 --- [    Test worker] p6spy                                    : #1665377284686 | took 0ms | statement | connection 26| url jdbc:h2:mem:6a3784ae-1aa6-4bbf-b617-4d4aeabcc2af
insert into score (facility_rank, facility_score, price_rank, price_score, rank_average, surround_rank, surround_score, view_rank, view_score, score_id) values (?, ?, ?, ?, ?, ?, ?, ?, ?, ?)
insert into score (facility_rank, facility_score, price_rank, price_score, rank_average, surround_rank, surround_score, view_rank, view_score, score_id) values (7.720346719248404, 4.901707716271013, 4.688261850981419, 7.223303669327219, 4.216426771724628, 9.279599704303859, 1.3112177686051274, 4.215159273778653, 2.571203861576908, 680);
2022-10-10 13:48:04.686  INFO 3923 --- [    Test worker] p6spy                                    : #1665377284686 | took 0ms | statement | connection 26| url jdbc:h2:mem:6a3784ae-1aa6-4bbf-b617-4d4aeabcc2af
insert into picture (spot_id, url, picture_id) values (?, ?, ?)
insert into picture (spot_id, url, picture_id) values (NULL, 'java.io.StringReader@53f7843b', 2773);
2022-10-10 13:48:04.686  INFO 3923 --- [    Test worker] p6spy                                    : #1665377284686 | took 0ms | statement | connection 26| url jdbc:h2:mem:6a3784ae-1aa6-4bbf-b617-4d4aeabcc2af
insert into picture (spot_id, url, picture_id) values (?, ?, ?)
insert into picture (spot_id, url, picture_id) values (NULL, 'java.io.StringReader@7e5d59f1', 2774);
2022-10-10 13:48:04.686  INFO 3923 --- [    Test worker] p6spy                                    : #1665377284686 | took 0ms | statement | connection 26| url jdbc:h2:mem:6a3784ae-1aa6-4bbf-b617-4d4aeabcc2af
insert into picture (spot_id, url, picture_id) values (?, ?, ?)
insert into picture (spot_id, url, picture_id) values (NULL, 'java.io.StringReader@52d3542b', 2775);
2022-10-10 13:48:04.686  INFO 3923 --- [    Test worker] p6spy                                    : #1665377284686 | took 0ms | statement | connection 26| url jdbc:h2:mem:6a3784ae-1aa6-4bbf-b617-4d4aeabcc2af
insert into spot (address, description, location, name, score_id, spot_id) values (?, ?, ?, ?, ?, ?)
insert into spot (address, description, location, name, score_id, spot_id) values (NULL, NULL, 'Andeok_myeon', NULL, 680, 746);
2022-10-10 13:48:04.686  INFO 3923 --- [    Test worker] p6spy                                    : #1665377284686 | took 0ms | statement | connection 26| url jdbc:h2:mem:6a3784ae-1aa6-4bbf-b617-4d4aeabcc2af
insert into member_spot (member_id, score, spot_id, member_spot_id) values (?, ?, ?, ?)
insert into member_spot (member_id, score, spot_id, member_spot_id) values (20, 0.0, 746, 2776);
2022-10-10 13:48:04.686  INFO 3923 --- [    Test worker] p6spy                                    : #1665377284686 | took 0ms | statement | connection 26| url jdbc:h2:mem:6a3784ae-1aa6-4bbf-b617-4d4aeabcc2af
insert into review (content, spot_id, review_id) values (?, ?, ?)
insert into review (content, spot_id, review_id) values ('java.io.StringReader@45e3a250', 669, 682);
2022-10-10 13:48:04.686  INFO 3923 --- [    Test worker] p6spy                                    : #1665377284686 | took 0ms | statement | connection 26| url jdbc:h2:mem:6a3784ae-1aa6-4bbf-b617-4d4aeabcc2af
insert into score (facility_rank, facility_score, price_rank, price_score, rank_average, surround_rank, surround_score, view_rank, view_score, score_id) values (?, ?, ?, ?, ?, ?, ?, ?, ?, ?)
insert into score (facility_rank, facility_score, price_rank, price_score, rank_average, surround_rank, surround_score, view_rank, view_score, score_id) values (1.8886855656469292, 5.638695880880521, 3.698891033604601, 4.7946440014598215, 5.714745193708496, 4.913775606080858, 6.018594930002665, 6.7674213377779715, 2.4133273270083455, 681);
2022-10-10 13:48:04.686  INFO 3923 --- [    Test worker] p6spy                                    : #1665377284686 | took 0ms | statement | connection 26| url jdbc:h2:mem:6a3784ae-1aa6-4bbf-b617-4d4aeabcc2af
insert into picture (spot_id, url, picture_id) values (?, ?, ?)
insert into picture (spot_id, url, picture_id) values (NULL, 'java.io.StringReader@3eb81452', 2777);
2022-10-10 13:48:04.686  INFO 3923 --- [    Test worker] p6spy                                    : #1665377284686 | took 0ms | statement | connection 26| url jdbc:h2:mem:6a3784ae-1aa6-4bbf-b617-4d4aeabcc2af
insert into picture (spot_id, url, picture_id) values (?, ?, ?)
insert into picture (spot_id, url, picture_id) values (NULL, 'java.io.StringReader@1c09c7b6', 2778);
2022-10-10 13:48:04.686  INFO 3923 --- [    Test worker] p6spy                                    : #1665377284686 | took 0ms | statement | connection 26| url jdbc:h2:mem:6a3784ae-1aa6-4bbf-b617-4d4aeabcc2af
insert into picture (spot_id, url, picture_id) values (?, ?, ?)
insert into picture (spot_id, url, picture_id) values (NULL, 'java.io.StringReader@112ca081', 2779);
2022-10-10 13:48:04.686  INFO 3923 --- [    Test worker] p6spy                                    : #1665377284686 | took 0ms | statement | connection 26| url jdbc:h2:mem:6a3784ae-1aa6-4bbf-b617-4d4aeabcc2af
insert into spot (address, description, location, name, score_id, spot_id) values (?, ?, ?, ?, ?, ?)
insert into spot (address, description, location, name, score_id, spot_id) values (NULL, NULL, 'Andeok_myeon', NULL, 681, 747);
2022-10-10 13:48:04.686  INFO 3923 --- [    Test worker] p6spy                                    : #1665377284686 | took 0ms | statement | connection 26| url jdbc:h2:mem:6a3784ae-1aa6-4bbf-b617-4d4aeabcc2af
insert into member_spot (member_id, score, spot_id, member_spot_id) values (?, ?, ?, ?)
insert into member_spot (member_id, score, spot_id, member_spot_id) values (20, 0.0, 747, 2780);
2022-10-10 13:48:04.686  INFO 3923 --- [    Test worker] p6spy                                    : #1665377284686 | took 0ms | statement | connection 26| url jdbc:h2:mem:6a3784ae-1aa6-4bbf-b617-4d4aeabcc2af
insert into review (content, spot_id, review_id) values (?, ?, ?)
insert into review (content, spot_id, review_id) values ('java.io.StringReader@7b4da2c8', 669, 683);
2022-10-10 13:48:04.686  INFO 3923 --- [    Test worker] p6spy                                    : #1665377284686 | took 0ms | statement | connection 26| url jdbc:h2:mem:6a3784ae-1aa6-4bbf-b617-4d4aeabcc2af
insert into favorite_spot (count, favorite_id, spot_id, favorite_spot_id) values (?, ?, ?, ?)
insert into favorite_spot (count, favorite_id, spot_id, favorite_spot_id) values (0, 41, 747, 516);
2022-10-10 13:48:04.686  INFO 3923 --- [    Test worker] p6spy                                    : #1665377284686 | took 0ms | statement | connection 26| url jdbc:h2:mem:6a3784ae-1aa6-4bbf-b617-4d4aeabcc2af
insert into score (facility_rank, facility_score, price_rank, price_score, rank_average, surround_rank, surround_score, view_rank, view_score, score_id) values (?, ?, ?, ?, ?, ?, ?, ?, ?, ?)
insert into score (facility_rank, facility_score, price_rank, price_score, rank_average, surround_rank, surround_score, view_rank, view_score, score_id) values (9.821042271461561, 8.098891469952301, 8.79527217315413, 1.5928153345479923, 6.008386156119246, 3.6951594235798346, 2.7091817442773722, 3.4441498732585654, 5.552148568627954, 682);
2022-10-10 13:48:04.686  INFO 3923 --- [    Test worker] p6spy                                    : #1665377284686 | took 0ms | statement | connection 26| url jdbc:h2:mem:6a3784ae-1aa6-4bbf-b617-4d4aeabcc2af
insert into picture (spot_id, url, picture_id) values (?, ?, ?)
insert into picture (spot_id, url, picture_id) values (NULL, 'java.io.StringReader@3d462dfe', 2781);
2022-10-10 13:48:04.686  INFO 3923 --- [    Test worker] p6spy                                    : #1665377284686 | took 0ms | statement | connection 26| url jdbc:h2:mem:6a3784ae-1aa6-4bbf-b617-4d4aeabcc2af
insert into picture (spot_id, url, picture_id) values (?, ?, ?)
insert into picture (spot_id, url, picture_id) values (NULL, 'java.io.StringReader@1b022498', 2782);
2022-10-10 13:48:04.687  INFO 3923 --- [    Test worker] p6spy                                    : #1665377284687 | took 0ms | statement | connection 26| url jdbc:h2:mem:6a3784ae-1aa6-4bbf-b617-4d4aeabcc2af
insert into picture (spot_id, url, picture_id) values (?, ?, ?)
insert into picture (spot_id, url, picture_id) values (NULL, 'java.io.StringReader@49d068b0', 2783);
2022-10-10 13:48:04.687  INFO 3923 --- [    Test worker] p6spy                                    : #1665377284687 | took 0ms | statement | connection 26| url jdbc:h2:mem:6a3784ae-1aa6-4bbf-b617-4d4aeabcc2af
insert into spot (address, description, location, name, score_id, spot_id) values (?, ?, ?, ?, ?, ?)
insert into spot (address, description, location, name, score_id, spot_id) values (NULL, NULL, 'Andeok_myeon', NULL, 682, 748);
2022-10-10 13:48:04.687  INFO 3923 --- [    Test worker] p6spy                                    : #1665377284687 | took 0ms | statement | connection 26| url jdbc:h2:mem:6a3784ae-1aa6-4bbf-b617-4d4aeabcc2af
insert into member_spot (member_id, score, spot_id, member_spot_id) values (?, ?, ?, ?)
insert into member_spot (member_id, score, spot_id, member_spot_id) values (20, 0.0, 748, 2784);
2022-10-10 13:48:04.687  INFO 3923 --- [    Test worker] p6spy                                    : #1665377284687 | took 0ms | statement | connection 26| url jdbc:h2:mem:6a3784ae-1aa6-4bbf-b617-4d4aeabcc2af
insert into review (content, spot_id, review_id) values (?, ?, ?)
insert into review (content, spot_id, review_id) values ('java.io.StringReader@670672a9', 669, 684);
2022-10-10 13:48:04.687  INFO 3923 --- [    Test worker] p6spy                                    : #1665377284687 | took 0ms | statement | connection 26| url jdbc:h2:mem:6a3784ae-1aa6-4bbf-b617-4d4aeabcc2af
insert into score (facility_rank, facility_score, price_rank, price_score, rank_average, surround_rank, surround_score, view_rank, view_score, score_id) values (?, ?, ?, ?, ?, ?, ?, ?, ?, ?)
insert into score (facility_rank, facility_score, price_rank, price_score, rank_average, surround_rank, surround_score, view_rank, view_score, score_id) values (9.160153298678104, 3.6100493280544876, 3.92403200998816, 6.858905223644171, 8.138505981230313, 6.343529706641875, 9.502198400549117, 4.811787110665458, 7.541381332959688, 683);
2022-10-10 13:48:04.687  INFO 3923 --- [    Test worker] p6spy                                    : #1665377284687 | took 0ms | statement | connection 26| url jdbc:h2:mem:6a3784ae-1aa6-4bbf-b617-4d4aeabcc2af
insert into picture (spot_id, url, picture_id) values (?, ?, ?)
insert into picture (spot_id, url, picture_id) values (NULL, 'java.io.StringReader@6a993061', 2785);
2022-10-10 13:48:04.687  INFO 3923 --- [    Test worker] p6spy                                    : #1665377284687 | took 0ms | statement | connection 26| url jdbc:h2:mem:6a3784ae-1aa6-4bbf-b617-4d4aeabcc2af
insert into picture (spot_id, url, picture_id) values (?, ?, ?)
insert into picture (spot_id, url, picture_id) values (NULL, 'java.io.StringReader@6a9bd593', 2786);
2022-10-10 13:48:04.687  INFO 3923 --- [    Test worker] p6spy                                    : #1665377284687 | took 0ms | statement | connection 26| url jdbc:h2:mem:6a3784ae-1aa6-4bbf-b617-4d4aeabcc2af
insert into picture (spot_id, url, picture_id) values (?, ?, ?)
insert into picture (spot_id, url, picture_id) values (NULL, 'java.io.StringReader@5ad759ed', 2787);
2022-10-10 13:48:04.687  INFO 3923 --- [    Test worker] p6spy                                    : #1665377284687 | took 0ms | statement | connection 26| url jdbc:h2:mem:6a3784ae-1aa6-4bbf-b617-4d4aeabcc2af
insert into spot (address, description, location, name, score_id, spot_id) values (?, ?, ?, ?, ?, ?)
insert into spot (address, description, location, name, score_id, spot_id) values (NULL, NULL, 'Andeok_myeon', NULL, 683, 749);
2022-10-10 13:48:04.687  INFO 3923 --- [    Test worker] p6spy                                    : #1665377284687 | took 0ms | statement | connection 26| url jdbc:h2:mem:6a3784ae-1aa6-4bbf-b617-4d4aeabcc2af
insert into member_spot (member_id, score, spot_id, member_spot_id) values (?, ?, ?, ?)
insert into member_spot (member_id, score, spot_id, member_spot_id) values (20, 0.0, 749, 2788);
2022-10-10 13:48:04.687  INFO 3923 --- [    Test worker] p6spy                                    : #1665377284687 | took 0ms | statement | connection 26| url jdbc:h2:mem:6a3784ae-1aa6-4bbf-b617-4d4aeabcc2af
insert into review (content, spot_id, review_id) values (?, ?, ?)
insert into review (content, spot_id, review_id) values ('java.io.StringReader@6a9164d1', 669, 685);
2022-10-10 13:48:04.687  INFO 3923 --- [    Test worker] p6spy                                    : #1665377284687 | took 0ms | statement | connection 26| url jdbc:h2:mem:6a3784ae-1aa6-4bbf-b617-4d4aeabcc2af
insert into favorite_spot (count, favorite_id, spot_id, favorite_spot_id) values (?, ?, ?, ?)
insert into favorite_spot (count, favorite_id, spot_id, favorite_spot_id) values (0, 41, 749, 517);
2022-10-10 13:48:04.687  INFO 3923 --- [    Test worker] p6spy                                    : #1665377284687 | took 0ms | statement | connection 26| url jdbc:h2:mem:6a3784ae-1aa6-4bbf-b617-4d4aeabcc2af
insert into score (facility_rank, facility_score, price_rank, price_score, rank_average, surround_rank, surround_score, view_rank, view_score, score_id) values (?, ?, ?, ?, ?, ?, ?, ?, ?, ?)
insert into score (facility_rank, facility_score, price_rank, price_score, rank_average, surround_rank, surround_score, view_rank, view_score, score_id) values (3.7919893926467507, 3.23819615150033, 8.447099379158548, 3.573280565427538, 2.4771507049625408, 3.4738278351819396, 8.582593495332844, 5.443006564528749, 7.999852069743767, 684);
2022-10-10 13:48:04.687  INFO 3923 --- [    Test worker] p6spy                                    : #1665377284687 | took 0ms | statement | connection 26| url jdbc:h2:mem:6a3784ae-1aa6-4bbf-b617-4d4aeabcc2af
insert into picture (spot_id, url, picture_id) values (?, ?, ?)
insert into picture (spot_id, url, picture_id) values (NULL, 'java.io.StringReader@780d8e4a', 2789);
2022-10-10 13:48:04.687  INFO 3923 --- [    Test worker] p6spy                                    : #1665377284687 | took 0ms | statement | connection 26| url jdbc:h2:mem:6a3784ae-1aa6-4bbf-b617-4d4aeabcc2af
insert into picture (spot_id, url, picture_id) values (?, ?, ?)
insert into picture (spot_id, url, picture_id) values (NULL, 'java.io.StringReader@35fede0f', 2790);
2022-10-10 13:48:04.687  INFO 3923 --- [    Test worker] p6spy                                    : #1665377284687 | took 0ms | statement | connection 26| url jdbc:h2:mem:6a3784ae-1aa6-4bbf-b617-4d4aeabcc2af
insert into picture (spot_id, url, picture_id) values (?, ?, ?)
insert into picture (spot_id, url, picture_id) values (NULL, 'java.io.StringReader@776f30cb', 2791);
2022-10-10 13:48:04.687  INFO 3923 --- [    Test worker] p6spy                                    : #1665377284687 | took 0ms | statement | connection 26| url jdbc:h2:mem:6a3784ae-1aa6-4bbf-b617-4d4aeabcc2af
insert into spot (address, description, location, name, score_id, spot_id) values (?, ?, ?, ?, ?, ?)
insert into spot (address, description, location, name, score_id, spot_id) values (NULL, NULL, 'Andeok_myeon', NULL, 684, 750);
2022-10-10 13:48:04.687  INFO 3923 --- [    Test worker] p6spy                                    : #1665377284687 | took 0ms | statement | connection 26| url jdbc:h2:mem:6a3784ae-1aa6-4bbf-b617-4d4aeabcc2af
insert into member_spot (member_id, score, spot_id, member_spot_id) values (?, ?, ?, ?)
insert into member_spot (member_id, score, spot_id, member_spot_id) values (20, 0.0, 750, 2792);
2022-10-10 13:48:04.687  INFO 3923 --- [    Test worker] p6spy                                    : #1665377284687 | took 0ms | statement | connection 26| url jdbc:h2:mem:6a3784ae-1aa6-4bbf-b617-4d4aeabcc2af
insert into review (content, spot_id, review_id) values (?, ?, ?)
insert into review (content, spot_id, review_id) values ('java.io.StringReader@55608fd2', 669, 686);
2022-10-10 13:48:04.687  INFO 3923 --- [    Test worker] p6spy                                    : #1665377284687 | took 0ms | statement | connection 26| url jdbc:h2:mem:6a3784ae-1aa6-4bbf-b617-4d4aeabcc2af
insert into score (facility_rank, facility_score, price_rank, price_score, rank_average, surround_rank, surround_score, view_rank, view_score, score_id) values (?, ?, ?, ?, ?, ?, ?, ?, ?, ?)
insert into score (facility_rank, facility_score, price_rank, price_score, rank_average, surround_rank, surround_score, view_rank, view_score, score_id) values (2.877478016162099, 1.6900913001171614, 5.361066712647601, 3.8040072653307746, 9.500106356400549, 0.5605990473503786, 1.743954496475627, 8.305009478364289, 1.8146992296164277, 685);
2022-10-10 13:48:04.687  INFO 3923 --- [    Test worker] p6spy                                    : #1665377284687 | took 0ms | statement | connection 26| url jdbc:h2:mem:6a3784ae-1aa6-4bbf-b617-4d4aeabcc2af
insert into picture (spot_id, url, picture_id) values (?, ?, ?)
insert into picture (spot_id, url, picture_id) values (NULL, 'java.io.StringReader@2ba10627', 2793);
2022-10-10 13:48:04.687  INFO 3923 --- [    Test worker] p6spy                                    : #1665377284687 | took 0ms | statement | connection 26| url jdbc:h2:mem:6a3784ae-1aa6-4bbf-b617-4d4aeabcc2af
insert into picture (spot_id, url, picture_id) values (?, ?, ?)
insert into picture (spot_id, url, picture_id) values (NULL, 'java.io.StringReader@6101fe8d', 2794);
2022-10-10 13:48:04.687  INFO 3923 --- [    Test worker] p6spy                                    : #1665377284687 | took 0ms | statement | connection 26| url jdbc:h2:mem:6a3784ae-1aa6-4bbf-b617-4d4aeabcc2af
insert into picture (spot_id, url, picture_id) values (?, ?, ?)
insert into picture (spot_id, url, picture_id) values (NULL, 'java.io.StringReader@62962670', 2795);
2022-10-10 13:48:04.687  INFO 3923 --- [    Test worker] p6spy                                    : #1665377284687 | took 0ms | statement | connection 26| url jdbc:h2:mem:6a3784ae-1aa6-4bbf-b617-4d4aeabcc2af
insert into spot (address, description, location, name, score_id, spot_id) values (?, ?, ?, ?, ?, ?)
insert into spot (address, description, location, name, score_id, spot_id) values (NULL, NULL, 'Andeok_myeon', NULL, 685, 751);
2022-10-10 13:48:04.687  INFO 3923 --- [    Test worker] p6spy                                    : #1665377284687 | took 0ms | statement | connection 26| url jdbc:h2:mem:6a3784ae-1aa6-4bbf-b617-4d4aeabcc2af
insert into member_spot (member_id, score, spot_id, member_spot_id) values (?, ?, ?, ?)
insert into member_spot (member_id, score, spot_id, member_spot_id) values (20, 0.0, 751, 2796);
2022-10-10 13:48:04.687  INFO 3923 --- [    Test worker] p6spy                                    : #1665377284687 | took 0ms | statement | connection 26| url jdbc:h2:mem:6a3784ae-1aa6-4bbf-b617-4d4aeabcc2af
insert into review (content, spot_id, review_id) values (?, ?, ?)
insert into review (content, spot_id, review_id) values ('java.io.StringReader@1acf5609', 669, 687);
2022-10-10 13:48:04.687  INFO 3923 --- [    Test worker] p6spy                                    : #1665377284687 | took 0ms | statement | connection 26| url jdbc:h2:mem:6a3784ae-1aa6-4bbf-b617-4d4aeabcc2af
insert into favorite_spot (count, favorite_id, spot_id, favorite_spot_id) values (?, ?, ?, ?)
insert into favorite_spot (count, favorite_id, spot_id, favorite_spot_id) values (0, 41, 751, 518);
2022-10-10 13:48:04.687  INFO 3923 --- [    Test worker] p6spy                                    : #1665377284687 | took 0ms | statement | connection 26| url jdbc:h2:mem:6a3784ae-1aa6-4bbf-b617-4d4aeabcc2af
insert into score (facility_rank, facility_score, price_rank, price_score, rank_average, surround_rank, surround_score, view_rank, view_score, score_id) values (?, ?, ?, ?, ?, ?, ?, ?, ?, ?)
insert into score (facility_rank, facility_score, price_rank, price_score, rank_average, surround_rank, surround_score, view_rank, view_score, score_id) values (6.703609308475526, 7.005907082195407, 0.7932767824625853, 5.282724450490833, 6.569542427955252, 9.656514138346779, 3.152023437180965, 9.51055131154604, 5.3427330224693605, 686);
2022-10-10 13:48:04.687  INFO 3923 --- [    Test worker] p6spy                                    : #1665377284687 | took 0ms | statement | connection 26| url jdbc:h2:mem:6a3784ae-1aa6-4bbf-b617-4d4aeabcc2af
insert into picture (spot_id, url, picture_id) values (?, ?, ?)
insert into picture (spot_id, url, picture_id) values (NULL, 'java.io.StringReader@671669a6', 2797);
2022-10-10 13:48:04.687  INFO 3923 --- [    Test worker] p6spy                                    : #1665377284687 | took 0ms | statement | connection 26| url jdbc:h2:mem:6a3784ae-1aa6-4bbf-b617-4d4aeabcc2af
insert into picture (spot_id, url, picture_id) values (?, ?, ?)
insert into picture (spot_id, url, picture_id) values (NULL, 'java.io.StringReader@18633580', 2798);
2022-10-10 13:48:04.687  INFO 3923 --- [    Test worker] p6spy                                    : #1665377284687 | took 0ms | statement | connection 26| url jdbc:h2:mem:6a3784ae-1aa6-4bbf-b617-4d4aeabcc2af
insert into picture (spot_id, url, picture_id) values (?, ?, ?)
insert into picture (spot_id, url, picture_id) values (NULL, 'java.io.StringReader@54429a99', 2799);
2022-10-10 13:48:04.687  INFO 3923 --- [    Test worker] p6spy                                    : #1665377284687 | took 0ms | statement | connection 26| url jdbc:h2:mem:6a3784ae-1aa6-4bbf-b617-4d4aeabcc2af
insert into spot (address, description, location, name, score_id, spot_id) values (?, ?, ?, ?, ?, ?)
insert into spot (address, description, location, name, score_id, spot_id) values (NULL, NULL, 'Andeok_myeon', NULL, 686, 752);
2022-10-10 13:48:04.688  INFO 3923 --- [    Test worker] p6spy                                    : #1665377284688 | took 0ms | statement | connection 26| url jdbc:h2:mem:6a3784ae-1aa6-4bbf-b617-4d4aeabcc2af
insert into member_spot (member_id, score, spot_id, member_spot_id) values (?, ?, ?, ?)
insert into member_spot (member_id, score, spot_id, member_spot_id) values (20, 0.0, 752, 2800);
2022-10-10 13:48:04.688  INFO 3923 --- [    Test worker] p6spy                                    : #1665377284688 | took 0ms | statement | connection 26| url jdbc:h2:mem:6a3784ae-1aa6-4bbf-b617-4d4aeabcc2af
insert into review (content, spot_id, review_id) values (?, ?, ?)
insert into review (content, spot_id, review_id) values ('java.io.StringReader@4cc41031', 669, 688);
2022-10-10 13:48:04.688  INFO 3923 --- [    Test worker] p6spy                                    : #1665377284688 | took 0ms | statement | connection 26| url jdbc:h2:mem:6a3784ae-1aa6-4bbf-b617-4d4aeabcc2af
insert into score (facility_rank, facility_score, price_rank, price_score, rank_average, surround_rank, surround_score, view_rank, view_score, score_id) values (?, ?, ?, ?, ?, ?, ?, ?, ?, ?)
insert into score (facility_rank, facility_score, price_rank, price_score, rank_average, surround_rank, surround_score, view_rank, view_score, score_id) values (2.4428917436024014, 3.430060096607396, 8.973963016033593, 8.165518159883748, 8.75856151113592, 3.4330011970180117, 2.0102665077501216, 1.7837367307998886, 7.740141878534207, 687);
2022-10-10 13:48:04.688  INFO 3923 --- [    Test worker] p6spy                                    : #1665377284688 | took 0ms | statement | connection 26| url jdbc:h2:mem:6a3784ae-1aa6-4bbf-b617-4d4aeabcc2af
insert into picture (spot_id, url, picture_id) values (?, ?, ?)
insert into picture (spot_id, url, picture_id) values (NULL, 'java.io.StringReader@5486884d', 2801);
2022-10-10 13:48:04.688  INFO 3923 --- [    Test worker] p6spy                                    : #1665377284688 | took 0ms | statement | connection 26| url jdbc:h2:mem:6a3784ae-1aa6-4bbf-b617-4d4aeabcc2af
insert into picture (spot_id, url, picture_id) values (?, ?, ?)
insert into picture (spot_id, url, picture_id) values (NULL, 'java.io.StringReader@1f063314', 2802);
2022-10-10 13:48:04.688  INFO 3923 --- [    Test worker] p6spy                                    : #1665377284688 | took 0ms | statement | connection 26| url jdbc:h2:mem:6a3784ae-1aa6-4bbf-b617-4d4aeabcc2af
insert into picture (spot_id, url, picture_id) values (?, ?, ?)
insert into picture (spot_id, url, picture_id) values (NULL, 'java.io.StringReader@560123dc', 2803);
2022-10-10 13:48:04.688  INFO 3923 --- [    Test worker] p6spy                                    : #1665377284688 | took 0ms | statement | connection 26| url jdbc:h2:mem:6a3784ae-1aa6-4bbf-b617-4d4aeabcc2af
insert into spot (address, description, location, name, score_id, spot_id) values (?, ?, ?, ?, ?, ?)
insert into spot (address, description, location, name, score_id, spot_id) values (NULL, NULL, 'Andeok_myeon', NULL, 687, 753);
2022-10-10 13:48:04.688  INFO 3923 --- [    Test worker] p6spy                                    : #1665377284688 | took 0ms | statement | connection 26| url jdbc:h2:mem:6a3784ae-1aa6-4bbf-b617-4d4aeabcc2af
insert into member_spot (member_id, score, spot_id, member_spot_id) values (?, ?, ?, ?)
insert into member_spot (member_id, score, spot_id, member_spot_id) values (20, 0.0, 753, 2804);
2022-10-10 13:48:04.688  INFO 3923 --- [    Test worker] p6spy                                    : #1665377284688 | took 0ms | statement | connection 26| url jdbc:h2:mem:6a3784ae-1aa6-4bbf-b617-4d4aeabcc2af
insert into review (content, spot_id, review_id) values (?, ?, ?)
insert into review (content, spot_id, review_id) values ('java.io.StringReader@6d3d5c2d', 669, 689);
2022-10-10 13:48:04.688  INFO 3923 --- [    Test worker] p6spy                                    : #1665377284688 | took 0ms | statement | connection 26| url jdbc:h2:mem:6a3784ae-1aa6-4bbf-b617-4d4aeabcc2af
insert into favorite_spot (count, favorite_id, spot_id, favorite_spot_id) values (?, ?, ?, ?)
insert into favorite_spot (count, favorite_id, spot_id, favorite_spot_id) values (0, 41, 753, 519);
2022-10-10 13:48:04.688  INFO 3923 --- [    Test worker] p6spy                                    : #1665377284688 | took 0ms | statement | connection 26| url jdbc:h2:mem:6a3784ae-1aa6-4bbf-b617-4d4aeabcc2af
insert into score (facility_rank, facility_score, price_rank, price_score, rank_average, surround_rank, surround_score, view_rank, view_score, score_id) values (?, ?, ?, ?, ?, ?, ?, ?, ?, ?)
insert into score (facility_rank, facility_score, price_rank, price_score, rank_average, surround_rank, surround_score, view_rank, view_score, score_id) values (7.524965475337938, 5.172698221099781, 5.989393762877338, 7.258828992535715, 1.00431211235823, 4.290742975583123, 6.511538251159728, 1.7974137810817536, 7.993603225028369, 688);
2022-10-10 13:48:04.688  INFO 3923 --- [    Test worker] p6spy                                    : #1665377284688 | took 0ms | statement | connection 26| url jdbc:h2:mem:6a3784ae-1aa6-4bbf-b617-4d4aeabcc2af
insert into picture (spot_id, url, picture_id) values (?, ?, ?)
insert into picture (spot_id, url, picture_id) values (NULL, 'java.io.StringReader@477a8d2e', 2805);
2022-10-10 13:48:04.688  INFO 3923 --- [    Test worker] p6spy                                    : #1665377284688 | took 0ms | statement | connection 26| url jdbc:h2:mem:6a3784ae-1aa6-4bbf-b617-4d4aeabcc2af
insert into picture (spot_id, url, picture_id) values (?, ?, ?)
insert into picture (spot_id, url, picture_id) values (NULL, 'java.io.StringReader@76dc938d', 2806);
2022-10-10 13:48:04.688  INFO 3923 --- [    Test worker] p6spy                                    : #1665377284688 | took 0ms | statement | connection 26| url jdbc:h2:mem:6a3784ae-1aa6-4bbf-b617-4d4aeabcc2af
insert into picture (spot_id, url, picture_id) values (?, ?, ?)
insert into picture (spot_id, url, picture_id) values (NULL, 'java.io.StringReader@20d4e50d', 2807);
2022-10-10 13:48:04.688  INFO 3923 --- [    Test worker] p6spy                                    : #1665377284688 | took 0ms | statement | connection 26| url jdbc:h2:mem:6a3784ae-1aa6-4bbf-b617-4d4aeabcc2af
insert into spot (address, description, location, name, score_id, spot_id) values (?, ?, ?, ?, ?, ?)
insert into spot (address, description, location, name, score_id, spot_id) values (NULL, NULL, 'Andeok_myeon', NULL, 688, 754);
2022-10-10 13:48:04.688  INFO 3923 --- [    Test worker] p6spy                                    : #1665377284688 | took 0ms | statement | connection 26| url jdbc:h2:mem:6a3784ae-1aa6-4bbf-b617-4d4aeabcc2af
insert into member_spot (member_id, score, spot_id, member_spot_id) values (?, ?, ?, ?)
insert into member_spot (member_id, score, spot_id, member_spot_id) values (20, 0.0, 754, 2808);
2022-10-10 13:48:04.688  INFO 3923 --- [    Test worker] p6spy                                    : #1665377284688 | took 0ms | statement | connection 26| url jdbc:h2:mem:6a3784ae-1aa6-4bbf-b617-4d4aeabcc2af
insert into review (content, spot_id, review_id) values (?, ?, ?)
insert into review (content, spot_id, review_id) values ('java.io.StringReader@1c48ad', 669, 690);
2022-10-10 13:48:04.688  INFO 3923 --- [    Test worker] p6spy                                    : #1665377284688 | took 0ms | statement | connection 26| url jdbc:h2:mem:6a3784ae-1aa6-4bbf-b617-4d4aeabcc2af
insert into score (facility_rank, facility_score, price_rank, price_score, rank_average, surround_rank, surround_score, view_rank, view_score, score_id) values (?, ?, ?, ?, ?, ?, ?, ?, ?, ?)
insert into score (facility_rank, facility_score, price_rank, price_score, rank_average, surround_rank, surround_score, view_rank, view_score, score_id) values (0.012968573472781353, 1.593668991887195, 3.6578689695226996, 9.124972415702155, 3.823618056337984, 7.070852997512968, 6.991513673638286, 5.021393911460025, 4.142412017334562, 689);
2022-10-10 13:48:04.688  INFO 3923 --- [    Test worker] p6spy                                    : #1665377284688 | took 0ms | statement | connection 26| url jdbc:h2:mem:6a3784ae-1aa6-4bbf-b617-4d4aeabcc2af
insert into picture (spot_id, url, picture_id) values (?, ?, ?)
insert into picture (spot_id, url, picture_id) values (NULL, 'java.io.StringReader@17b2e5a0', 2809);
2022-10-10 13:48:04.688  INFO 3923 --- [    Test worker] p6spy                                    : #1665377284688 | took 0ms | statement | connection 26| url jdbc:h2:mem:6a3784ae-1aa6-4bbf-b617-4d4aeabcc2af
insert into picture (spot_id, url, picture_id) values (?, ?, ?)
insert into picture (spot_id, url, picture_id) values (NULL, 'java.io.StringReader@47b4de76', 2810);
2022-10-10 13:48:04.688  INFO 3923 --- [    Test worker] p6spy                                    : #1665377284688 | took 0ms | statement | connection 26| url jdbc:h2:mem:6a3784ae-1aa6-4bbf-b617-4d4aeabcc2af
insert into picture (spot_id, url, picture_id) values (?, ?, ?)
insert into picture (spot_id, url, picture_id) values (NULL, 'java.io.StringReader@766dade5', 2811);
2022-10-10 13:48:04.688  INFO 3923 --- [    Test worker] p6spy                                    : #1665377284688 | took 0ms | statement | connection 26| url jdbc:h2:mem:6a3784ae-1aa6-4bbf-b617-4d4aeabcc2af
insert into spot (address, description, location, name, score_id, spot_id) values (?, ?, ?, ?, ?, ?)
insert into spot (address, description, location, name, score_id, spot_id) values (NULL, NULL, 'Andeok_myeon', NULL, 689, 755);
2022-10-10 13:48:04.688  INFO 3923 --- [    Test worker] p6spy                                    : #1665377284688 | took 0ms | statement | connection 26| url jdbc:h2:mem:6a3784ae-1aa6-4bbf-b617-4d4aeabcc2af
insert into member_spot (member_id, score, spot_id, member_spot_id) values (?, ?, ?, ?)
insert into member_spot (member_id, score, spot_id, member_spot_id) values (20, 0.0, 755, 2812);
2022-10-10 13:48:04.688  INFO 3923 --- [    Test worker] p6spy                                    : #1665377284688 | took 0ms | statement | connection 26| url jdbc:h2:mem:6a3784ae-1aa6-4bbf-b617-4d4aeabcc2af
insert into review (content, spot_id, review_id) values (?, ?, ?)
insert into review (content, spot_id, review_id) values ('java.io.StringReader@6c950810', 669, 691);
2022-10-10 13:48:04.688  INFO 3923 --- [    Test worker] p6spy                                    : #1665377284688 | took 0ms | statement | connection 26| url jdbc:h2:mem:6a3784ae-1aa6-4bbf-b617-4d4aeabcc2af
insert into favorite_spot (count, favorite_id, spot_id, favorite_spot_id) values (?, ?, ?, ?)
insert into favorite_spot (count, favorite_id, spot_id, favorite_spot_id) values (0, 41, 755, 520);
2022-10-10 13:48:04.688  INFO 3923 --- [    Test worker] p6spy                                    : #1665377284688 | took 0ms | statement | connection 26| url jdbc:h2:mem:6a3784ae-1aa6-4bbf-b617-4d4aeabcc2af
insert into score (facility_rank, facility_score, price_rank, price_score, rank_average, surround_rank, surround_score, view_rank, view_score, score_id) values (?, ?, ?, ?, ?, ?, ?, ?, ?, ?)
insert into score (facility_rank, facility_score, price_rank, price_score, rank_average, surround_rank, surround_score, view_rank, view_score, score_id) values (2.978967131373035, 5.8985800678636355, 0.4102990944701679, 9.576891441533736, 8.775399186013846, 2.2049436341849926, 1.0348325581096929, 3.566443745902438, 1.9513896228574812, 690);
2022-10-10 13:48:04.688  INFO 3923 --- [    Test worker] p6spy                                    : #1665377284688 | took 0ms | statement | connection 26| url jdbc:h2:mem:6a3784ae-1aa6-4bbf-b617-4d4aeabcc2af
insert into picture (spot_id, url, picture_id) values (?, ?, ?)
insert into picture (spot_id, url, picture_id) values (NULL, 'java.io.StringReader@bfc87a7', 2813);
2022-10-10 13:48:04.688  INFO 3923 --- [    Test worker] p6spy                                    : #1665377284688 | took 0ms | statement | connection 26| url jdbc:h2:mem:6a3784ae-1aa6-4bbf-b617-4d4aeabcc2af
insert into picture (spot_id, url, picture_id) values (?, ?, ?)
insert into picture (spot_id, url, picture_id) values (NULL, 'java.io.StringReader@1c8cbd54', 2814);
2022-10-10 13:48:04.688  INFO 3923 --- [    Test worker] p6spy                                    : #1665377284688 | took 0ms | statement | connection 26| url jdbc:h2:mem:6a3784ae-1aa6-4bbf-b617-4d4aeabcc2af
insert into picture (spot_id, url, picture_id) values (?, ?, ?)
insert into picture (spot_id, url, picture_id) values (NULL, 'java.io.StringReader@1a6dca5e', 2815);
2022-10-10 13:48:04.688  INFO 3923 --- [    Test worker] p6spy                                    : #1665377284688 | took 0ms | statement | connection 26| url jdbc:h2:mem:6a3784ae-1aa6-4bbf-b617-4d4aeabcc2af
insert into spot (address, description, location, name, score_id, spot_id) values (?, ?, ?, ?, ?, ?)
insert into spot (address, description, location, name, score_id, spot_id) values (NULL, NULL, 'Andeok_myeon', NULL, 690, 756);
2022-10-10 13:48:04.688  INFO 3923 --- [    Test worker] p6spy                                    : #1665377284688 | took 0ms | statement | connection 26| url jdbc:h2:mem:6a3784ae-1aa6-4bbf-b617-4d4aeabcc2af
insert into member_spot (member_id, score, spot_id, member_spot_id) values (?, ?, ?, ?)
insert into member_spot (member_id, score, spot_id, member_spot_id) values (20, 0.0, 756, 2816);
2022-10-10 13:48:04.688  INFO 3923 --- [    Test worker] p6spy                                    : #1665377284688 | took 0ms | statement | connection 26| url jdbc:h2:mem:6a3784ae-1aa6-4bbf-b617-4d4aeabcc2af
insert into review (content, spot_id, review_id) values (?, ?, ?)
insert into review (content, spot_id, review_id) values ('java.io.StringReader@556adfac', 669, 692);
2022-10-10 13:48:04.688  INFO 3923 --- [    Test worker] p6spy                                    : #1665377284688 | took 0ms | statement | connection 26| url jdbc:h2:mem:6a3784ae-1aa6-4bbf-b617-4d4aeabcc2af
insert into score (facility_rank, facility_score, price_rank, price_score, rank_average, surround_rank, surround_score, view_rank, view_score, score_id) values (?, ?, ?, ?, ?, ?, ?, ?, ?, ?)
insert into score (facility_rank, facility_score, price_rank, price_score, rank_average, surround_rank, surround_score, view_rank, view_score, score_id) values (7.582155454638974, 2.5426785370022564, 5.1778830443249575, 3.3137482443752253, 0.8660786113828012, 2.961088414235941, 5.343465075451052, 6.619561132383528, 6.970909814502829, 691);
2022-10-10 13:48:04.688  INFO 3923 --- [    Test worker] p6spy                                    : #1665377284688 | took 0ms | statement | connection 26| url jdbc:h2:mem:6a3784ae-1aa6-4bbf-b617-4d4aeabcc2af
insert into picture (spot_id, url, picture_id) values (?, ?, ?)
insert into picture (spot_id, url, picture_id) values (NULL, 'java.io.StringReader@60e76b0f', 2817);
2022-10-10 13:48:04.688  INFO 3923 --- [    Test worker] p6spy                                    : #1665377284688 | took 0ms | statement | connection 26| url jdbc:h2:mem:6a3784ae-1aa6-4bbf-b617-4d4aeabcc2af
insert into picture (spot_id, url, picture_id) values (?, ?, ?)
insert into picture (spot_id, url, picture_id) values (NULL, 'java.io.StringReader@55a56590', 2818);
2022-10-10 13:48:04.688  INFO 3923 --- [    Test worker] p6spy                                    : #1665377284688 | took 0ms | statement | connection 26| url jdbc:h2:mem:6a3784ae-1aa6-4bbf-b617-4d4aeabcc2af
insert into picture (spot_id, url, picture_id) values (?, ?, ?)
insert into picture (spot_id, url, picture_id) values (NULL, 'java.io.StringReader@16150bb7', 2819);
2022-10-10 13:48:04.688  INFO 3923 --- [    Test worker] p6spy                                    : #1665377284688 | took 0ms | statement | connection 26| url jdbc:h2:mem:6a3784ae-1aa6-4bbf-b617-4d4aeabcc2af
insert into spot (address, description, location, name, score_id, spot_id) values (?, ?, ?, ?, ?, ?)
insert into spot (address, description, location, name, score_id, spot_id) values (NULL, NULL, 'Andeok_myeon', NULL, 691, 757);
2022-10-10 13:48:04.688  INFO 3923 --- [    Test worker] p6spy                                    : #1665377284688 | took 0ms | statement | connection 26| url jdbc:h2:mem:6a3784ae-1aa6-4bbf-b617-4d4aeabcc2af
insert into member_spot (member_id, score, spot_id, member_spot_id) values (?, ?, ?, ?)
insert into member_spot (member_id, score, spot_id, member_spot_id) values (20, 0.0, 757, 2820);
2022-10-10 13:48:04.689  INFO 3923 --- [    Test worker] p6spy                                    : #1665377284689 | took 0ms | statement | connection 26| url jdbc:h2:mem:6a3784ae-1aa6-4bbf-b617-4d4aeabcc2af
insert into review (content, spot_id, review_id) values (?, ?, ?)
insert into review (content, spot_id, review_id) values ('java.io.StringReader@6832558c', 669, 693);
2022-10-10 13:48:04.689  INFO 3923 --- [    Test worker] p6spy                                    : #1665377284689 | took 0ms | statement | connection 26| url jdbc:h2:mem:6a3784ae-1aa6-4bbf-b617-4d4aeabcc2af
insert into favorite_spot (count, favorite_id, spot_id, favorite_spot_id) values (?, ?, ?, ?)
insert into favorite_spot (count, favorite_id, spot_id, favorite_spot_id) values (0, 41, 757, 521);
2022-10-10 13:48:04.689  INFO 3923 --- [    Test worker] p6spy                                    : #1665377284689 | took 0ms | statement | connection 26| url jdbc:h2:mem:6a3784ae-1aa6-4bbf-b617-4d4aeabcc2af
insert into score (facility_rank, facility_score, price_rank, price_score, rank_average, surround_rank, surround_score, view_rank, view_score, score_id) values (?, ?, ?, ?, ?, ?, ?, ?, ?, ?)
insert into score (facility_rank, facility_score, price_rank, price_score, rank_average, surround_rank, surround_score, view_rank, view_score, score_id) values (8.344509776809732, 8.68415145991308, 7.07580044850992, 3.1537256110787073, 4.904671305433711, 1.4008726648765057, 1.9515989328929728, 2.284969379769227, 8.604761815865928, 692);
2022-10-10 13:48:04.689  INFO 3923 --- [    Test worker] p6spy                                    : #1665377284689 | took 0ms | statement | connection 26| url jdbc:h2:mem:6a3784ae-1aa6-4bbf-b617-4d4aeabcc2af
insert into picture (spot_id, url, picture_id) values (?, ?, ?)
insert into picture (spot_id, url, picture_id) values (NULL, 'java.io.StringReader@7a587439', 2821);
2022-10-10 13:48:04.689  INFO 3923 --- [    Test worker] p6spy                                    : #1665377284689 | took 0ms | statement | connection 26| url jdbc:h2:mem:6a3784ae-1aa6-4bbf-b617-4d4aeabcc2af
insert into picture (spot_id, url, picture_id) values (?, ?, ?)
insert into picture (spot_id, url, picture_id) values (NULL, 'java.io.StringReader@1d98886d', 2822);
2022-10-10 13:48:04.689  INFO 3923 --- [    Test worker] p6spy                                    : #1665377284689 | took 0ms | statement | connection 26| url jdbc:h2:mem:6a3784ae-1aa6-4bbf-b617-4d4aeabcc2af
insert into picture (spot_id, url, picture_id) values (?, ?, ?)
insert into picture (spot_id, url, picture_id) values (NULL, 'java.io.StringReader@7de43042', 2823);
2022-10-10 13:48:04.689  INFO 3923 --- [    Test worker] p6spy                                    : #1665377284689 | took 0ms | statement | connection 26| url jdbc:h2:mem:6a3784ae-1aa6-4bbf-b617-4d4aeabcc2af
insert into spot (address, description, location, name, score_id, spot_id) values (?, ?, ?, ?, ?, ?)
insert into spot (address, description, location, name, score_id, spot_id) values (NULL, NULL, 'Andeok_myeon', NULL, 692, 758);
2022-10-10 13:48:04.689  INFO 3923 --- [    Test worker] p6spy                                    : #1665377284689 | took 0ms | statement | connection 26| url jdbc:h2:mem:6a3784ae-1aa6-4bbf-b617-4d4aeabcc2af
insert into member_spot (member_id, score, spot_id, member_spot_id) values (?, ?, ?, ?)
insert into member_spot (member_id, score, spot_id, member_spot_id) values (20, 0.0, 758, 2824);
2022-10-10 13:48:04.689  INFO 3923 --- [    Test worker] p6spy                                    : #1665377284689 | took 0ms | statement | connection 26| url jdbc:h2:mem:6a3784ae-1aa6-4bbf-b617-4d4aeabcc2af
insert into review (content, spot_id, review_id) values (?, ?, ?)
insert into review (content, spot_id, review_id) values ('java.io.StringReader@760e84b0', 669, 694);
2022-10-10 13:48:04.689  INFO 3923 --- [    Test worker] p6spy                                    : #1665377284689 | took 0ms | statement | connection 26| url jdbc:h2:mem:6a3784ae-1aa6-4bbf-b617-4d4aeabcc2af
insert into score (facility_rank, facility_score, price_rank, price_score, rank_average, surround_rank, surround_score, view_rank, view_score, score_id) values (?, ?, ?, ?, ?, ?, ?, ?, ?, ?)
insert into score (facility_rank, facility_score, price_rank, price_score, rank_average, surround_rank, surround_score, view_rank, view_score, score_id) values (6.334360645791207, 0.7877633092198666, 8.743493716202053, 8.296010827456515, 4.294784816059392, 4.189474554783745, 3.756026126976998, 5.083342846372117, 1.294724440631203, 693);
2022-10-10 13:48:04.689  INFO 3923 --- [    Test worker] p6spy                                    : #1665377284689 | took 0ms | statement | connection 26| url jdbc:h2:mem:6a3784ae-1aa6-4bbf-b617-4d4aeabcc2af
insert into picture (spot_id, url, picture_id) values (?, ?, ?)
insert into picture (spot_id, url, picture_id) values (NULL, 'java.io.StringReader@4e33d738', 2825);
2022-10-10 13:48:04.689  INFO 3923 --- [    Test worker] p6spy                                    : #1665377284689 | took 0ms | statement | connection 26| url jdbc:h2:mem:6a3784ae-1aa6-4bbf-b617-4d4aeabcc2af
insert into picture (spot_id, url, picture_id) values (?, ?, ?)
insert into picture (spot_id, url, picture_id) values (NULL, 'java.io.StringReader@653b17be', 2826);
2022-10-10 13:48:04.689  INFO 3923 --- [    Test worker] p6spy                                    : #1665377284689 | took 0ms | statement | connection 26| url jdbc:h2:mem:6a3784ae-1aa6-4bbf-b617-4d4aeabcc2af
insert into picture (spot_id, url, picture_id) values (?, ?, ?)
insert into picture (spot_id, url, picture_id) values (NULL, 'java.io.StringReader@16534841', 2827);
2022-10-10 13:48:04.689  INFO 3923 --- [    Test worker] p6spy                                    : #1665377284689 | took 0ms | statement | connection 26| url jdbc:h2:mem:6a3784ae-1aa6-4bbf-b617-4d4aeabcc2af
insert into spot (address, description, location, name, score_id, spot_id) values (?, ?, ?, ?, ?, ?)
insert into spot (address, description, location, name, score_id, spot_id) values (NULL, NULL, 'Andeok_myeon', NULL, 693, 759);
2022-10-10 13:48:04.689  INFO 3923 --- [    Test worker] p6spy                                    : #1665377284689 | took 0ms | statement | connection 26| url jdbc:h2:mem:6a3784ae-1aa6-4bbf-b617-4d4aeabcc2af
insert into member_spot (member_id, score, spot_id, member_spot_id) values (?, ?, ?, ?)
insert into member_spot (member_id, score, spot_id, member_spot_id) values (20, 0.0, 759, 2828);
2022-10-10 13:48:04.689  INFO 3923 --- [    Test worker] p6spy                                    : #1665377284689 | took 0ms | statement | connection 26| url jdbc:h2:mem:6a3784ae-1aa6-4bbf-b617-4d4aeabcc2af
insert into review (content, spot_id, review_id) values (?, ?, ?)
insert into review (content, spot_id, review_id) values ('java.io.StringReader@62c83153', 669, 695);
2022-10-10 13:48:04.689  INFO 3923 --- [    Test worker] p6spy                                    : #1665377284689 | took 0ms | statement | connection 26| url jdbc:h2:mem:6a3784ae-1aa6-4bbf-b617-4d4aeabcc2af
insert into favorite_spot (count, favorite_id, spot_id, favorite_spot_id) values (?, ?, ?, ?)
insert into favorite_spot (count, favorite_id, spot_id, favorite_spot_id) values (0, 41, 759, 522);
2022-10-10 13:48:04.689  INFO 3923 --- [    Test worker] p6spy                                    : #1665377284689 | took 0ms | statement | connection 26| url jdbc:h2:mem:6a3784ae-1aa6-4bbf-b617-4d4aeabcc2af
insert into score (facility_rank, facility_score, price_rank, price_score, rank_average, surround_rank, surround_score, view_rank, view_score, score_id) values (?, ?, ?, ?, ?, ?, ?, ?, ?, ?)
insert into score (facility_rank, facility_score, price_rank, price_score, rank_average, surround_rank, surround_score, view_rank, view_score, score_id) values (2.7747830964342555, 3.272739236324874, 0.4638982911896339, 0.11999135157130247, 7.221631452917806, 5.3929976873572745, 7.8028938357986535, 8.28624660081665, 1.6017963958398773, 694);
2022-10-10 13:48:04.689  INFO 3923 --- [    Test worker] p6spy                                    : #1665377284689 | took 0ms | statement | connection 26| url jdbc:h2:mem:6a3784ae-1aa6-4bbf-b617-4d4aeabcc2af
insert into picture (spot_id, url, picture_id) values (?, ?, ?)
insert into picture (spot_id, url, picture_id) values (NULL, 'java.io.StringReader@3c55364', 2829);
2022-10-10 13:48:04.689  INFO 3923 --- [    Test worker] p6spy                                    : #1665377284689 | took 0ms | statement | connection 26| url jdbc:h2:mem:6a3784ae-1aa6-4bbf-b617-4d4aeabcc2af
insert into picture (spot_id, url, picture_id) values (?, ?, ?)
insert into picture (spot_id, url, picture_id) values (NULL, 'java.io.StringReader@45d062be', 2830);
2022-10-10 13:48:04.689  INFO 3923 --- [    Test worker] p6spy                                    : #1665377284689 | took 0ms | statement | connection 26| url jdbc:h2:mem:6a3784ae-1aa6-4bbf-b617-4d4aeabcc2af
insert into picture (spot_id, url, picture_id) values (?, ?, ?)
insert into picture (spot_id, url, picture_id) values (NULL, 'java.io.StringReader@d7e2110', 2831);
2022-10-10 13:48:04.689  INFO 3923 --- [    Test worker] p6spy                                    : #1665377284689 | took 0ms | statement | connection 26| url jdbc:h2:mem:6a3784ae-1aa6-4bbf-b617-4d4aeabcc2af
insert into spot (address, description, location, name, score_id, spot_id) values (?, ?, ?, ?, ?, ?)
insert into spot (address, description, location, name, score_id, spot_id) values (NULL, NULL, 'Andeok_myeon', NULL, 694, 760);
2022-10-10 13:48:04.689  INFO 3923 --- [    Test worker] p6spy                                    : #1665377284689 | took 0ms | statement | connection 26| url jdbc:h2:mem:6a3784ae-1aa6-4bbf-b617-4d4aeabcc2af
insert into member_spot (member_id, score, spot_id, member_spot_id) values (?, ?, ?, ?)
insert into member_spot (member_id, score, spot_id, member_spot_id) values (20, 0.0, 760, 2832);
2022-10-10 13:48:04.689  INFO 3923 --- [    Test worker] p6spy                                    : #1665377284689 | took 0ms | statement | connection 26| url jdbc:h2:mem:6a3784ae-1aa6-4bbf-b617-4d4aeabcc2af
insert into review (content, spot_id, review_id) values (?, ?, ?)
insert into review (content, spot_id, review_id) values ('java.io.StringReader@54f1818c', 669, 696);
2022-10-10 13:48:04.689  INFO 3923 --- [    Test worker] p6spy                                    : #1665377284689 | took 0ms | statement | connection 26| url jdbc:h2:mem:6a3784ae-1aa6-4bbf-b617-4d4aeabcc2af
insert into score (facility_rank, facility_score, price_rank, price_score, rank_average, surround_rank, surround_score, view_rank, view_score, score_id) values (?, ?, ?, ?, ?, ?, ?, ?, ?, ?)
insert into score (facility_rank, facility_score, price_rank, price_score, rank_average, surround_rank, surround_score, view_rank, view_score, score_id) values (7.795442552211637, 6.344140642421742, 4.738005195039054, 3.2758727267843266, 2.602896021132468, 8.246331087872893, 6.174020680858642, 8.293095053888862, 2.957679203580189, 695);
2022-10-10 13:48:04.689  INFO 3923 --- [    Test worker] p6spy                                    : #1665377284689 | took 0ms | statement | connection 26| url jdbc:h2:mem:6a3784ae-1aa6-4bbf-b617-4d4aeabcc2af
insert into picture (spot_id, url, picture_id) values (?, ?, ?)
insert into picture (spot_id, url, picture_id) values (NULL, 'java.io.StringReader@497efdbf', 2833);
2022-10-10 13:48:04.689  INFO 3923 --- [    Test worker] p6spy                                    : #1665377284689 | took 0ms | statement | connection 26| url jdbc:h2:mem:6a3784ae-1aa6-4bbf-b617-4d4aeabcc2af
insert into picture (spot_id, url, picture_id) values (?, ?, ?)
insert into picture (spot_id, url, picture_id) values (NULL, 'java.io.StringReader@40deaa52', 2834);
2022-10-10 13:48:04.689  INFO 3923 --- [    Test worker] p6spy                                    : #1665377284689 | took 0ms | statement | connection 26| url jdbc:h2:mem:6a3784ae-1aa6-4bbf-b617-4d4aeabcc2af
insert into picture (spot_id, url, picture_id) values (?, ?, ?)
insert into picture (spot_id, url, picture_id) values (NULL, 'java.io.StringReader@11a3a80', 2835);
2022-10-10 13:48:04.689  INFO 3923 --- [    Test worker] p6spy                                    : #1665377284689 | took 0ms | statement | connection 26| url jdbc:h2:mem:6a3784ae-1aa6-4bbf-b617-4d4aeabcc2af
insert into spot (address, description, location, name, score_id, spot_id) values (?, ?, ?, ?, ?, ?)
insert into spot (address, description, location, name, score_id, spot_id) values (NULL, NULL, 'Andeok_myeon', NULL, 695, 761);
2022-10-10 13:48:04.689  INFO 3923 --- [    Test worker] p6spy                                    : #1665377284689 | took 0ms | statement | connection 26| url jdbc:h2:mem:6a3784ae-1aa6-4bbf-b617-4d4aeabcc2af
insert into member_spot (member_id, score, spot_id, member_spot_id) values (?, ?, ?, ?)
insert into member_spot (member_id, score, spot_id, member_spot_id) values (20, 0.0, 761, 2836);
2022-10-10 13:48:04.689  INFO 3923 --- [    Test worker] p6spy                                    : #1665377284689 | took 0ms | statement | connection 26| url jdbc:h2:mem:6a3784ae-1aa6-4bbf-b617-4d4aeabcc2af
insert into review (content, spot_id, review_id) values (?, ?, ?)
insert into review (content, spot_id, review_id) values ('java.io.StringReader@24f1b8f', 669, 697);
2022-10-10 13:48:04.689  INFO 3923 --- [    Test worker] p6spy                                    : #1665377284689 | took 0ms | statement | connection 26| url jdbc:h2:mem:6a3784ae-1aa6-4bbf-b617-4d4aeabcc2af
insert into favorite_spot (count, favorite_id, spot_id, favorite_spot_id) values (?, ?, ?, ?)
insert into favorite_spot (count, favorite_id, spot_id, favorite_spot_id) values (0, 41, 761, 523);
2022-10-10 13:48:04.689  INFO 3923 --- [    Test worker] p6spy                                    : #1665377284689 | took 0ms | statement | connection 26| url jdbc:h2:mem:6a3784ae-1aa6-4bbf-b617-4d4aeabcc2af
insert into score (facility_rank, facility_score, price_rank, price_score, rank_average, surround_rank, surround_score, view_rank, view_score, score_id) values (?, ?, ?, ?, ?, ?, ?, ?, ?, ?)
insert into score (facility_rank, facility_score, price_rank, price_score, rank_average, surround_rank, surround_score, view_rank, view_score, score_id) values (8.967310335272595, 9.383359276962334, 5.672269818151323, 2.5400730882607094, 9.231605958724224, 6.529141901961593, 9.543542819353647, 0.8109511939924152, 1.8214420878062754, 696);
2022-10-10 13:48:04.689  INFO 3923 --- [    Test worker] p6spy                                    : #1665377284689 | took 0ms | statement | connection 26| url jdbc:h2:mem:6a3784ae-1aa6-4bbf-b617-4d4aeabcc2af
insert into picture (spot_id, url, picture_id) values (?, ?, ?)
insert into picture (spot_id, url, picture_id) values (NULL, 'java.io.StringReader@197e53dd', 2837);
2022-10-10 13:48:04.689  INFO 3923 --- [    Test worker] p6spy                                    : #1665377284689 | took 0ms | statement | connection 26| url jdbc:h2:mem:6a3784ae-1aa6-4bbf-b617-4d4aeabcc2af
insert into picture (spot_id, url, picture_id) values (?, ?, ?)
insert into picture (spot_id, url, picture_id) values (NULL, 'java.io.StringReader@5c894a01', 2838);
2022-10-10 13:48:04.689  INFO 3923 --- [    Test worker] p6spy                                    : #1665377284689 | took 0ms | statement | connection 26| url jdbc:h2:mem:6a3784ae-1aa6-4bbf-b617-4d4aeabcc2af
insert into picture (spot_id, url, picture_id) values (?, ?, ?)
insert into picture (spot_id, url, picture_id) values (NULL, 'java.io.StringReader@2470a8', 2839);
2022-10-10 13:48:04.689  INFO 3923 --- [    Test worker] p6spy                                    : #1665377284689 | took 0ms | statement | connection 26| url jdbc:h2:mem:6a3784ae-1aa6-4bbf-b617-4d4aeabcc2af
insert into spot (address, description, location, name, score_id, spot_id) values (?, ?, ?, ?, ?, ?)
insert into spot (address, description, location, name, score_id, spot_id) values (NULL, NULL, 'Andeok_myeon', NULL, 696, 762);
2022-10-10 13:48:04.689  INFO 3923 --- [    Test worker] p6spy                                    : #1665377284689 | took 0ms | statement | connection 26| url jdbc:h2:mem:6a3784ae-1aa6-4bbf-b617-4d4aeabcc2af
insert into member_spot (member_id, score, spot_id, member_spot_id) values (?, ?, ?, ?)
insert into member_spot (member_id, score, spot_id, member_spot_id) values (20, 0.0, 762, 2840);
2022-10-10 13:48:04.689  INFO 3923 --- [    Test worker] p6spy                                    : #1665377284689 | took 0ms | statement | connection 26| url jdbc:h2:mem:6a3784ae-1aa6-4bbf-b617-4d4aeabcc2af
insert into review (content, spot_id, review_id) values (?, ?, ?)
insert into review (content, spot_id, review_id) values ('java.io.StringReader@2712d8e4', 669, 698);
2022-10-10 13:48:04.689  INFO 3923 --- [    Test worker] p6spy                                    : #1665377284689 | took 0ms | statement | connection 26| url jdbc:h2:mem:6a3784ae-1aa6-4bbf-b617-4d4aeabcc2af
insert into score (facility_rank, facility_score, price_rank, price_score, rank_average, surround_rank, surround_score, view_rank, view_score, score_id) values (?, ?, ?, ?, ?, ?, ?, ?, ?, ?)
insert into score (facility_rank, facility_score, price_rank, price_score, rank_average, surround_rank, surround_score, view_rank, view_score, score_id) values (5.140684274935719, 3.499589705032682, 9.405214113621996, 4.654931926702042, 0.7359428475137686, 9.491989529084304, 9.695815687615145, 3.764540901776815, 2.43299705029317, 697);
2022-10-10 13:48:04.690  INFO 3923 --- [    Test worker] p6spy                                    : #1665377284690 | took 0ms | statement | connection 26| url jdbc:h2:mem:6a3784ae-1aa6-4bbf-b617-4d4aeabcc2af
insert into picture (spot_id, url, picture_id) values (?, ?, ?)
insert into picture (spot_id, url, picture_id) values (NULL, 'java.io.StringReader@5ad7c4c7', 2841);
2022-10-10 13:48:04.690  INFO 3923 --- [    Test worker] p6spy                                    : #1665377284690 | took 0ms | statement | connection 26| url jdbc:h2:mem:6a3784ae-1aa6-4bbf-b617-4d4aeabcc2af
insert into picture (spot_id, url, picture_id) values (?, ?, ?)
insert into picture (spot_id, url, picture_id) values (NULL, 'java.io.StringReader@1f4f299', 2842);
2022-10-10 13:48:04.690  INFO 3923 --- [    Test worker] p6spy                                    : #1665377284690 | took 0ms | statement | connection 26| url jdbc:h2:mem:6a3784ae-1aa6-4bbf-b617-4d4aeabcc2af
insert into picture (spot_id, url, picture_id) values (?, ?, ?)
insert into picture (spot_id, url, picture_id) values (NULL, 'java.io.StringReader@20f6cb2a', 2843);
2022-10-10 13:48:04.690  INFO 3923 --- [    Test worker] p6spy                                    : #1665377284690 | took 0ms | statement | connection 26| url jdbc:h2:mem:6a3784ae-1aa6-4bbf-b617-4d4aeabcc2af
insert into spot (address, description, location, name, score_id, spot_id) values (?, ?, ?, ?, ?, ?)
insert into spot (address, description, location, name, score_id, spot_id) values (NULL, NULL, 'Andeok_myeon', NULL, 697, 763);
2022-10-10 13:48:04.690  INFO 3923 --- [    Test worker] p6spy                                    : #1665377284690 | took 0ms | statement | connection 26| url jdbc:h2:mem:6a3784ae-1aa6-4bbf-b617-4d4aeabcc2af
insert into member_spot (member_id, score, spot_id, member_spot_id) values (?, ?, ?, ?)
insert into member_spot (member_id, score, spot_id, member_spot_id) values (20, 0.0, 763, 2844);
2022-10-10 13:48:04.690  INFO 3923 --- [    Test worker] p6spy                                    : #1665377284690 | took 0ms | statement | connection 26| url jdbc:h2:mem:6a3784ae-1aa6-4bbf-b617-4d4aeabcc2af
insert into review (content, spot_id, review_id) values (?, ?, ?)
insert into review (content, spot_id, review_id) values ('java.io.StringReader@759bcd7d', 669, 699);
2022-10-10 13:48:04.690  INFO 3923 --- [    Test worker] p6spy                                    : #1665377284690 | took 0ms | statement | connection 26| url jdbc:h2:mem:6a3784ae-1aa6-4bbf-b617-4d4aeabcc2af
insert into favorite_spot (count, favorite_id, spot_id, favorite_spot_id) values (?, ?, ?, ?)
insert into favorite_spot (count, favorite_id, spot_id, favorite_spot_id) values (0, 41, 763, 524);
2022-10-10 13:48:04.690  INFO 3923 --- [    Test worker] p6spy                                    : #1665377284690 | took 0ms | statement | connection 26| url jdbc:h2:mem:6a3784ae-1aa6-4bbf-b617-4d4aeabcc2af
insert into score (facility_rank, facility_score, price_rank, price_score, rank_average, surround_rank, surround_score, view_rank, view_score, score_id) values (?, ?, ?, ?, ?, ?, ?, ?, ?, ?)
insert into score (facility_rank, facility_score, price_rank, price_score, rank_average, surround_rank, surround_score, view_rank, view_score, score_id) values (0.5761022820609818, 6.528018297147069, 8.09387300750263, 1.8429489573442326, 5.293622454192366, 7.661051109337471, 3.7223931102842043, 8.930815596902, 6.399207524967906, 698);
2022-10-10 13:48:04.690  INFO 3923 --- [    Test worker] p6spy                                    : #1665377284690 | took 0ms | statement | connection 26| url jdbc:h2:mem:6a3784ae-1aa6-4bbf-b617-4d4aeabcc2af
insert into picture (spot_id, url, picture_id) values (?, ?, ?)
insert into picture (spot_id, url, picture_id) values (NULL, 'java.io.StringReader@57d56d6f', 2845);
2022-10-10 13:48:04.690  INFO 3923 --- [    Test worker] p6spy                                    : #1665377284690 | took 0ms | statement | connection 26| url jdbc:h2:mem:6a3784ae-1aa6-4bbf-b617-4d4aeabcc2af
insert into picture (spot_id, url, picture_id) values (?, ?, ?)
insert into picture (spot_id, url, picture_id) values (NULL, 'java.io.StringReader@386695ff', 2846);
2022-10-10 13:48:04.690  INFO 3923 --- [    Test worker] p6spy                                    : #1665377284690 | took 0ms | statement | connection 26| url jdbc:h2:mem:6a3784ae-1aa6-4bbf-b617-4d4aeabcc2af
insert into picture (spot_id, url, picture_id) values (?, ?, ?)
insert into picture (spot_id, url, picture_id) values (NULL, 'java.io.StringReader@1d3c99c3', 2847);
2022-10-10 13:48:04.690  INFO 3923 --- [    Test worker] p6spy                                    : #1665377284690 | took 0ms | statement | connection 26| url jdbc:h2:mem:6a3784ae-1aa6-4bbf-b617-4d4aeabcc2af
insert into spot (address, description, location, name, score_id, spot_id) values (?, ?, ?, ?, ?, ?)
insert into spot (address, description, location, name, score_id, spot_id) values (NULL, NULL, 'Andeok_myeon', NULL, 698, 764);
2022-10-10 13:48:04.690  INFO 3923 --- [    Test worker] p6spy                                    : #1665377284690 | took 0ms | statement | connection 26| url jdbc:h2:mem:6a3784ae-1aa6-4bbf-b617-4d4aeabcc2af
insert into member_spot (member_id, score, spot_id, member_spot_id) values (?, ?, ?, ?)
insert into member_spot (member_id, score, spot_id, member_spot_id) values (20, 0.0, 764, 2848);
2022-10-10 13:48:04.690  INFO 3923 --- [    Test worker] p6spy                                    : #1665377284690 | took 0ms | statement | connection 26| url jdbc:h2:mem:6a3784ae-1aa6-4bbf-b617-4d4aeabcc2af
insert into review (content, spot_id, review_id) values (?, ?, ?)
insert into review (content, spot_id, review_id) values ('java.io.StringReader@12712b46', 669, 700);
2022-10-10 13:48:04.690  INFO 3923 --- [    Test worker] p6spy                                    : #1665377284690 | took 0ms | statement | connection 26| url jdbc:h2:mem:6a3784ae-1aa6-4bbf-b617-4d4aeabcc2af
insert into score (facility_rank, facility_score, price_rank, price_score, rank_average, surround_rank, surround_score, view_rank, view_score, score_id) values (?, ?, ?, ?, ?, ?, ?, ?, ?, ?)
insert into score (facility_rank, facility_score, price_rank, price_score, rank_average, surround_rank, surround_score, view_rank, view_score, score_id) values (6.892179641498593, 9.200448267052629, 7.776996430147215, 6.127605679385336, 7.855398936213209, 5.771165143470272, 1.6824673897620668, 9.913920773215372, 4.41289632313087, 699);
2022-10-10 13:48:04.690  INFO 3923 --- [    Test worker] p6spy                                    : #1665377284690 | took 0ms | statement | connection 26| url jdbc:h2:mem:6a3784ae-1aa6-4bbf-b617-4d4aeabcc2af
insert into picture (spot_id, url, picture_id) values (?, ?, ?)
insert into picture (spot_id, url, picture_id) values (NULL, 'java.io.StringReader@6c85803d', 2849);
2022-10-10 13:48:04.690  INFO 3923 --- [    Test worker] p6spy                                    : #1665377284690 | took 0ms | statement | connection 26| url jdbc:h2:mem:6a3784ae-1aa6-4bbf-b617-4d4aeabcc2af
insert into picture (spot_id, url, picture_id) values (?, ?, ?)
insert into picture (spot_id, url, picture_id) values (NULL, 'java.io.StringReader@3bf99eed', 2850);
2022-10-10 13:48:04.690  INFO 3923 --- [    Test worker] p6spy                                    : #1665377284690 | took 0ms | statement | connection 26| url jdbc:h2:mem:6a3784ae-1aa6-4bbf-b617-4d4aeabcc2af
insert into picture (spot_id, url, picture_id) values (?, ?, ?)
insert into picture (spot_id, url, picture_id) values (NULL, 'java.io.StringReader@6468fda5', 2851);
2022-10-10 13:48:04.690  INFO 3923 --- [    Test worker] p6spy                                    : #1665377284690 | took 0ms | statement | connection 26| url jdbc:h2:mem:6a3784ae-1aa6-4bbf-b617-4d4aeabcc2af
insert into spot (address, description, location, name, score_id, spot_id) values (?, ?, ?, ?, ?, ?)
insert into spot (address, description, location, name, score_id, spot_id) values (NULL, NULL, 'Andeok_myeon', NULL, 699, 765);
2022-10-10 13:48:04.690  INFO 3923 --- [    Test worker] p6spy                                    : #1665377284690 | took 0ms | statement | connection 26| url jdbc:h2:mem:6a3784ae-1aa6-4bbf-b617-4d4aeabcc2af
insert into member_spot (member_id, score, spot_id, member_spot_id) values (?, ?, ?, ?)
insert into member_spot (member_id, score, spot_id, member_spot_id) values (20, 0.0, 765, 2852);
2022-10-10 13:48:04.690  INFO 3923 --- [    Test worker] p6spy                                    : #1665377284690 | took 0ms | statement | connection 26| url jdbc:h2:mem:6a3784ae-1aa6-4bbf-b617-4d4aeabcc2af
insert into review (content, spot_id, review_id) values (?, ?, ?)
insert into review (content, spot_id, review_id) values ('java.io.StringReader@2bbdcb8f', 669, 701);
2022-10-10 13:48:04.690  INFO 3923 --- [    Test worker] p6spy                                    : #1665377284690 | took 0ms | statement | connection 26| url jdbc:h2:mem:6a3784ae-1aa6-4bbf-b617-4d4aeabcc2af
insert into favorite_spot (count, favorite_id, spot_id, favorite_spot_id) values (?, ?, ?, ?)
insert into favorite_spot (count, favorite_id, spot_id, favorite_spot_id) values (0, 41, 765, 525);
2022-10-10 13:48:04.690  INFO 3923 --- [    Test worker] p6spy                                    : #1665377284690 | took 0ms | statement | connection 26| url jdbc:h2:mem:6a3784ae-1aa6-4bbf-b617-4d4aeabcc2af
insert into score (facility_rank, facility_score, price_rank, price_score, rank_average, surround_rank, surround_score, view_rank, view_score, score_id) values (?, ?, ?, ?, ?, ?, ?, ?, ?, ?)
insert into score (facility_rank, facility_score, price_rank, price_score, rank_average, surround_rank, surround_score, view_rank, view_score, score_id) values (0.4579534107374361, 0.7659107330764836, 4.423502309698647, 8.972256307093849, 7.353503679606975, 5.7546733109375525, 6.755037271142009, 2.221139373570764, 1.6618652540899126, 700);
2022-10-10 13:48:04.690  INFO 3923 --- [    Test worker] p6spy                                    : #1665377284690 | took 0ms | statement | connection 26| url jdbc:h2:mem:6a3784ae-1aa6-4bbf-b617-4d4aeabcc2af
insert into picture (spot_id, url, picture_id) values (?, ?, ?)
insert into picture (spot_id, url, picture_id) values (NULL, 'java.io.StringReader@3491db25', 2853);
2022-10-10 13:48:04.690  INFO 3923 --- [    Test worker] p6spy                                    : #1665377284690 | took 0ms | statement | connection 26| url jdbc:h2:mem:6a3784ae-1aa6-4bbf-b617-4d4aeabcc2af
insert into picture (spot_id, url, picture_id) values (?, ?, ?)
insert into picture (spot_id, url, picture_id) values (NULL, 'java.io.StringReader@57c648a0', 2854);
2022-10-10 13:48:04.690  INFO 3923 --- [    Test worker] p6spy                                    : #1665377284690 | took 0ms | statement | connection 26| url jdbc:h2:mem:6a3784ae-1aa6-4bbf-b617-4d4aeabcc2af
insert into picture (spot_id, url, picture_id) values (?, ?, ?)
insert into picture (spot_id, url, picture_id) values (NULL, 'java.io.StringReader@30706493', 2855);
2022-10-10 13:48:04.690  INFO 3923 --- [    Test worker] p6spy                                    : #1665377284690 | took 0ms | statement | connection 26| url jdbc:h2:mem:6a3784ae-1aa6-4bbf-b617-4d4aeabcc2af
insert into spot (address, description, location, name, score_id, spot_id) values (?, ?, ?, ?, ?, ?)
insert into spot (address, description, location, name, score_id, spot_id) values (NULL, NULL, 'Andeok_myeon', NULL, 700, 766);
2022-10-10 13:48:04.690  INFO 3923 --- [    Test worker] p6spy                                    : #1665377284690 | took 0ms | statement | connection 26| url jdbc:h2:mem:6a3784ae-1aa6-4bbf-b617-4d4aeabcc2af
insert into member_spot (member_id, score, spot_id, member_spot_id) values (?, ?, ?, ?)
insert into member_spot (member_id, score, spot_id, member_spot_id) values (20, 0.0, 766, 2856);
2022-10-10 13:48:04.690  INFO 3923 --- [    Test worker] p6spy                                    : #1665377284690 | took 0ms | statement | connection 26| url jdbc:h2:mem:6a3784ae-1aa6-4bbf-b617-4d4aeabcc2af
insert into review (content, spot_id, review_id) values (?, ?, ?)
insert into review (content, spot_id, review_id) values ('java.io.StringReader@56bce46c', 669, 702);
2022-10-10 13:48:04.690  INFO 3923 --- [    Test worker] p6spy                                    : #1665377284690 | took 0ms | statement | connection 26| url jdbc:h2:mem:6a3784ae-1aa6-4bbf-b617-4d4aeabcc2af
insert into score (facility_rank, facility_score, price_rank, price_score, rank_average, surround_rank, surround_score, view_rank, view_score, score_id) values (?, ?, ?, ?, ?, ?, ?, ?, ?, ?)
insert into score (facility_rank, facility_score, price_rank, price_score, rank_average, surround_rank, surround_score, view_rank, view_score, score_id) values (1.8285865174202287, 0.47413916554484237, 6.645998563409416, 2.752483967000612, 0.48814453099153665, 4.331251570436814, 5.630860040123618, 0.19039615301417623, 1.1951294842006766, 701);
2022-10-10 13:48:04.690  INFO 3923 --- [    Test worker] p6spy                                    : #1665377284690 | took 0ms | statement | connection 26| url jdbc:h2:mem:6a3784ae-1aa6-4bbf-b617-4d4aeabcc2af
insert into picture (spot_id, url, picture_id) values (?, ?, ?)
insert into picture (spot_id, url, picture_id) values (NULL, 'java.io.StringReader@659d3e3a', 2857);
2022-10-10 13:48:04.690  INFO 3923 --- [    Test worker] p6spy                                    : #1665377284690 | took 0ms | statement | connection 26| url jdbc:h2:mem:6a3784ae-1aa6-4bbf-b617-4d4aeabcc2af
insert into picture (spot_id, url, picture_id) values (?, ?, ?)
insert into picture (spot_id, url, picture_id) values (NULL, 'java.io.StringReader@6989809f', 2858);
2022-10-10 13:48:04.690  INFO 3923 --- [    Test worker] p6spy                                    : #1665377284690 | took 0ms | statement | connection 26| url jdbc:h2:mem:6a3784ae-1aa6-4bbf-b617-4d4aeabcc2af
insert into picture (spot_id, url, picture_id) values (?, ?, ?)
insert into picture (spot_id, url, picture_id) values (NULL, 'java.io.StringReader@5719add3', 2859);
2022-10-10 13:48:04.690  INFO 3923 --- [    Test worker] p6spy                                    : #1665377284690 | took 0ms | statement | connection 26| url jdbc:h2:mem:6a3784ae-1aa6-4bbf-b617-4d4aeabcc2af
insert into spot (address, description, location, name, score_id, spot_id) values (?, ?, ?, ?, ?, ?)
insert into spot (address, description, location, name, score_id, spot_id) values (NULL, NULL, 'Andeok_myeon', NULL, 701, 767);
2022-10-10 13:48:04.690  INFO 3923 --- [    Test worker] p6spy                                    : #1665377284690 | took 0ms | statement | connection 26| url jdbc:h2:mem:6a3784ae-1aa6-4bbf-b617-4d4aeabcc2af
insert into member_spot (member_id, score, spot_id, member_spot_id) values (?, ?, ?, ?)
insert into member_spot (member_id, score, spot_id, member_spot_id) values (20, 0.0, 767, 2860);
2022-10-10 13:48:04.691  INFO 3923 --- [    Test worker] p6spy                                    : #1665377284691 | took 0ms | statement | connection 26| url jdbc:h2:mem:6a3784ae-1aa6-4bbf-b617-4d4aeabcc2af
insert into review (content, spot_id, review_id) values (?, ?, ?)
insert into review (content, spot_id, review_id) values ('java.io.StringReader@381c23d4', 669, 703);
2022-10-10 13:48:04.691  INFO 3923 --- [    Test worker] p6spy                                    : #1665377284691 | took 0ms | statement | connection 26| url jdbc:h2:mem:6a3784ae-1aa6-4bbf-b617-4d4aeabcc2af
insert into favorite_spot (count, favorite_id, spot_id, favorite_spot_id) values (?, ?, ?, ?)
insert into favorite_spot (count, favorite_id, spot_id, favorite_spot_id) values (0, 41, 767, 526);
2022-10-10 13:48:04.691  INFO 3923 --- [    Test worker] p6spy                                    : #1665377284691 | took 0ms | statement | connection 26| url jdbc:h2:mem:6a3784ae-1aa6-4bbf-b617-4d4aeabcc2af
insert into score (facility_rank, facility_score, price_rank, price_score, rank_average, surround_rank, surround_score, view_rank, view_score, score_id) values (?, ?, ?, ?, ?, ?, ?, ?, ?, ?)
insert into score (facility_rank, facility_score, price_rank, price_score, rank_average, surround_rank, surround_score, view_rank, view_score, score_id) values (1.0143185784320219, 6.185529527616246, 0.9156301206611228, 3.9786685258844736, 6.507994056618949, 2.8413067865754584, 5.774721163583427, 7.702265813745982, 6.234273711503122, 702);
2022-10-10 13:48:04.691  INFO 3923 --- [    Test worker] p6spy                                    : #1665377284691 | took 0ms | statement | connection 26| url jdbc:h2:mem:6a3784ae-1aa6-4bbf-b617-4d4aeabcc2af
insert into picture (spot_id, url, picture_id) values (?, ?, ?)
insert into picture (spot_id, url, picture_id) values (NULL, 'java.io.StringReader@52b1bd76', 2861);
2022-10-10 13:48:04.691  INFO 3923 --- [    Test worker] p6spy                                    : #1665377284691 | took 0ms | statement | connection 26| url jdbc:h2:mem:6a3784ae-1aa6-4bbf-b617-4d4aeabcc2af
insert into picture (spot_id, url, picture_id) values (?, ?, ?)
insert into picture (spot_id, url, picture_id) values (NULL, 'java.io.StringReader@41726603', 2862);
2022-10-10 13:48:04.691  INFO 3923 --- [    Test worker] p6spy                                    : #1665377284691 | took 0ms | statement | connection 26| url jdbc:h2:mem:6a3784ae-1aa6-4bbf-b617-4d4aeabcc2af
insert into picture (spot_id, url, picture_id) values (?, ?, ?)
insert into picture (spot_id, url, picture_id) values (NULL, 'java.io.StringReader@5c90f58d', 2863);
2022-10-10 13:48:04.691  INFO 3923 --- [    Test worker] p6spy                                    : #1665377284691 | took 0ms | statement | connection 26| url jdbc:h2:mem:6a3784ae-1aa6-4bbf-b617-4d4aeabcc2af
insert into spot (address, description, location, name, score_id, spot_id) values (?, ?, ?, ?, ?, ?)
insert into spot (address, description, location, name, score_id, spot_id) values (NULL, NULL, 'Andeok_myeon', NULL, 702, 768);
2022-10-10 13:48:04.691  INFO 3923 --- [    Test worker] p6spy                                    : #1665377284691 | took 0ms | statement | connection 26| url jdbc:h2:mem:6a3784ae-1aa6-4bbf-b617-4d4aeabcc2af
insert into member_spot (member_id, score, spot_id, member_spot_id) values (?, ?, ?, ?)
insert into member_spot (member_id, score, spot_id, member_spot_id) values (20, 0.0, 768, 2864);
2022-10-10 13:48:04.691  INFO 3923 --- [    Test worker] p6spy                                    : #1665377284691 | took 0ms | statement | connection 26| url jdbc:h2:mem:6a3784ae-1aa6-4bbf-b617-4d4aeabcc2af
insert into review (content, spot_id, review_id) values (?, ?, ?)
insert into review (content, spot_id, review_id) values ('java.io.StringReader@21f85317', 669, 704);
2022-10-10 13:48:04.691  INFO 3923 --- [    Test worker] p6spy                                    : #1665377284691 | took 0ms | statement | connection 26| url jdbc:h2:mem:6a3784ae-1aa6-4bbf-b617-4d4aeabcc2af
update picture set spot_id=?, url=? where picture_id=?
update picture set spot_id=669, url='java.io.StringReader@7da71c43' where picture_id=2465;
2022-10-10 13:48:04.691  INFO 3923 --- [    Test worker] p6spy                                    : #1665377284691 | took 0ms | statement | connection 26| url jdbc:h2:mem:6a3784ae-1aa6-4bbf-b617-4d4aeabcc2af
update picture set spot_id=?, url=? where picture_id=?
update picture set spot_id=669, url='java.io.StringReader@733b00c' where picture_id=2466;
2022-10-10 13:48:04.691  INFO 3923 --- [    Test worker] p6spy                                    : #1665377284691 | took 0ms | statement | connection 26| url jdbc:h2:mem:6a3784ae-1aa6-4bbf-b617-4d4aeabcc2af
update picture set spot_id=?, url=? where picture_id=?
update picture set spot_id=669, url='java.io.StringReader@608514cd' where picture_id=2467;
2022-10-10 13:48:04.691  INFO 3923 --- [    Test worker] p6spy                                    : #1665377284691 | took 0ms | statement | connection 26| url jdbc:h2:mem:6a3784ae-1aa6-4bbf-b617-4d4aeabcc2af
update picture set spot_id=?, url=? where picture_id=?
update picture set spot_id=670, url='java.io.StringReader@1adbcd43' where picture_id=2469;
2022-10-10 13:48:04.691  INFO 3923 --- [    Test worker] p6spy                                    : #1665377284691 | took 0ms | statement | connection 26| url jdbc:h2:mem:6a3784ae-1aa6-4bbf-b617-4d4aeabcc2af
update picture set spot_id=?, url=? where picture_id=?
update picture set spot_id=670, url='java.io.StringReader@72220ba2' where picture_id=2470;
2022-10-10 13:48:04.691  INFO 3923 --- [    Test worker] p6spy                                    : #1665377284691 | took 0ms | statement | connection 26| url jdbc:h2:mem:6a3784ae-1aa6-4bbf-b617-4d4aeabcc2af
update picture set spot_id=?, url=? where picture_id=?
update picture set spot_id=670, url='java.io.StringReader@648640c0' where picture_id=2471;
2022-10-10 13:48:04.691  INFO 3923 --- [    Test worker] p6spy                                    : #1665377284691 | took 0ms | statement | connection 26| url jdbc:h2:mem:6a3784ae-1aa6-4bbf-b617-4d4aeabcc2af
update picture set spot_id=?, url=? where picture_id=?
update picture set spot_id=671, url='java.io.StringReader@ffbefd9' where picture_id=2473;
2022-10-10 13:48:04.691  INFO 3923 --- [    Test worker] p6spy                                    : #1665377284691 | took 0ms | statement | connection 26| url jdbc:h2:mem:6a3784ae-1aa6-4bbf-b617-4d4aeabcc2af
update picture set spot_id=?, url=? where picture_id=?
update picture set spot_id=671, url='java.io.StringReader@33a7f7ee' where picture_id=2474;
2022-10-10 13:48:04.691  INFO 3923 --- [    Test worker] p6spy                                    : #1665377284691 | took 0ms | statement | connection 26| url jdbc:h2:mem:6a3784ae-1aa6-4bbf-b617-4d4aeabcc2af
update picture set spot_id=?, url=? where picture_id=?
update picture set spot_id=671, url='java.io.StringReader@328c8678' where picture_id=2475;
2022-10-10 13:48:04.691  INFO 3923 --- [    Test worker] p6spy                                    : #1665377284691 | took 0ms | statement | connection 26| url jdbc:h2:mem:6a3784ae-1aa6-4bbf-b617-4d4aeabcc2af
update picture set spot_id=?, url=? where picture_id=?
update picture set spot_id=672, url='java.io.StringReader@42ade44a' where picture_id=2477;
2022-10-10 13:48:04.691  INFO 3923 --- [    Test worker] p6spy                                    : #1665377284691 | took 0ms | statement | connection 26| url jdbc:h2:mem:6a3784ae-1aa6-4bbf-b617-4d4aeabcc2af
update picture set spot_id=?, url=? where picture_id=?
update picture set spot_id=672, url='java.io.StringReader@38a104e6' where picture_id=2478;
2022-10-10 13:48:04.691  INFO 3923 --- [    Test worker] p6spy                                    : #1665377284691 | took 0ms | statement | connection 26| url jdbc:h2:mem:6a3784ae-1aa6-4bbf-b617-4d4aeabcc2af
update picture set spot_id=?, url=? where picture_id=?
update picture set spot_id=672, url='java.io.StringReader@678747c3' where picture_id=2479;
2022-10-10 13:48:04.692  INFO 3923 --- [    Test worker] p6spy                                    : #1665377284692 | took 0ms | statement | connection 26| url jdbc:h2:mem:6a3784ae-1aa6-4bbf-b617-4d4aeabcc2af
update picture set spot_id=?, url=? where picture_id=?
update picture set spot_id=673, url='java.io.StringReader@c38627' where picture_id=2481;
2022-10-10 13:48:04.692  INFO 3923 --- [    Test worker] p6spy                                    : #1665377284692 | took 0ms | statement | connection 26| url jdbc:h2:mem:6a3784ae-1aa6-4bbf-b617-4d4aeabcc2af
update picture set spot_id=?, url=? where picture_id=?
update picture set spot_id=673, url='java.io.StringReader@ebe695b' where picture_id=2482;
2022-10-10 13:48:04.692  INFO 3923 --- [    Test worker] p6spy                                    : #1665377284692 | took 0ms | statement | connection 26| url jdbc:h2:mem:6a3784ae-1aa6-4bbf-b617-4d4aeabcc2af
update picture set spot_id=?, url=? where picture_id=?
update picture set spot_id=673, url='java.io.StringReader@1fa924c' where picture_id=2483;
2022-10-10 13:48:04.692  INFO 3923 --- [    Test worker] p6spy                                    : #1665377284692 | took 0ms | statement | connection 26| url jdbc:h2:mem:6a3784ae-1aa6-4bbf-b617-4d4aeabcc2af
update picture set spot_id=?, url=? where picture_id=?
update picture set spot_id=674, url='java.io.StringReader@56e84c39' where picture_id=2485;
2022-10-10 13:48:04.692  INFO 3923 --- [    Test worker] p6spy                                    : #1665377284692 | took 0ms | statement | connection 26| url jdbc:h2:mem:6a3784ae-1aa6-4bbf-b617-4d4aeabcc2af
update picture set spot_id=?, url=? where picture_id=?
update picture set spot_id=674, url='java.io.StringReader@1ce192c3' where picture_id=2486;
2022-10-10 13:48:04.692  INFO 3923 --- [    Test worker] p6spy                                    : #1665377284692 | took 0ms | statement | connection 26| url jdbc:h2:mem:6a3784ae-1aa6-4bbf-b617-4d4aeabcc2af
update picture set spot_id=?, url=? where picture_id=?
update picture set spot_id=674, url='java.io.StringReader@51dd465a' where picture_id=2487;
2022-10-10 13:48:04.692  INFO 3923 --- [    Test worker] p6spy                                    : #1665377284692 | took 0ms | statement | connection 26| url jdbc:h2:mem:6a3784ae-1aa6-4bbf-b617-4d4aeabcc2af
update picture set spot_id=?, url=? where picture_id=?
update picture set spot_id=675, url='java.io.StringReader@2217281f' where picture_id=2489;
2022-10-10 13:48:04.692  INFO 3923 --- [    Test worker] p6spy                                    : #1665377284692 | took 0ms | statement | connection 26| url jdbc:h2:mem:6a3784ae-1aa6-4bbf-b617-4d4aeabcc2af
update picture set spot_id=?, url=? where picture_id=?
update picture set spot_id=675, url='java.io.StringReader@4eb870e7' where picture_id=2490;
2022-10-10 13:48:04.692  INFO 3923 --- [    Test worker] p6spy                                    : #1665377284692 | took 0ms | statement | connection 26| url jdbc:h2:mem:6a3784ae-1aa6-4bbf-b617-4d4aeabcc2af
update picture set spot_id=?, url=? where picture_id=?
update picture set spot_id=675, url='java.io.StringReader@3d0276c8' where picture_id=2491;
2022-10-10 13:48:04.692  INFO 3923 --- [    Test worker] p6spy                                    : #1665377284692 | took 0ms | statement | connection 26| url jdbc:h2:mem:6a3784ae-1aa6-4bbf-b617-4d4aeabcc2af
update picture set spot_id=?, url=? where picture_id=?
update picture set spot_id=676, url='java.io.StringReader@7a59a7fc' where picture_id=2493;
2022-10-10 13:48:04.692  INFO 3923 --- [    Test worker] p6spy                                    : #1665377284692 | took 0ms | statement | connection 26| url jdbc:h2:mem:6a3784ae-1aa6-4bbf-b617-4d4aeabcc2af
update picture set spot_id=?, url=? where picture_id=?
update picture set spot_id=676, url='java.io.StringReader@8478672' where picture_id=2494;
2022-10-10 13:48:04.692  INFO 3923 --- [    Test worker] p6spy                                    : #1665377284692 | took 0ms | statement | connection 26| url jdbc:h2:mem:6a3784ae-1aa6-4bbf-b617-4d4aeabcc2af
update picture set spot_id=?, url=? where picture_id=?
update picture set spot_id=676, url='java.io.StringReader@1941e2b0' where picture_id=2495;
2022-10-10 13:48:04.692  INFO 3923 --- [    Test worker] p6spy                                    : #1665377284692 | took 0ms | statement | connection 26| url jdbc:h2:mem:6a3784ae-1aa6-4bbf-b617-4d4aeabcc2af
update picture set spot_id=?, url=? where picture_id=?
update picture set spot_id=677, url='java.io.StringReader@50fa35ab' where picture_id=2497;
2022-10-10 13:48:04.692  INFO 3923 --- [    Test worker] p6spy                                    : #1665377284692 | took 0ms | statement | connection 26| url jdbc:h2:mem:6a3784ae-1aa6-4bbf-b617-4d4aeabcc2af
update picture set spot_id=?, url=? where picture_id=?
update picture set spot_id=677, url='java.io.StringReader@210d61ad' where picture_id=2498;
2022-10-10 13:48:04.692  INFO 3923 --- [    Test worker] p6spy                                    : #1665377284692 | took 0ms | statement | connection 26| url jdbc:h2:mem:6a3784ae-1aa6-4bbf-b617-4d4aeabcc2af
update picture set spot_id=?, url=? where picture_id=?
update picture set spot_id=677, url='java.io.StringReader@167b4dbb' where picture_id=2499;
2022-10-10 13:48:04.692  INFO 3923 --- [    Test worker] p6spy                                    : #1665377284692 | took 0ms | statement | connection 26| url jdbc:h2:mem:6a3784ae-1aa6-4bbf-b617-4d4aeabcc2af
update picture set spot_id=?, url=? where picture_id=?
update picture set spot_id=678, url='java.io.StringReader@745b78a7' where picture_id=2501;
2022-10-10 13:48:04.692  INFO 3923 --- [    Test worker] p6spy                                    : #1665377284692 | took 0ms | statement | connection 26| url jdbc:h2:mem:6a3784ae-1aa6-4bbf-b617-4d4aeabcc2af
update picture set spot_id=?, url=? where picture_id=?
update picture set spot_id=678, url='java.io.StringReader@5a0303c' where picture_id=2502;
2022-10-10 13:48:04.692  INFO 3923 --- [    Test worker] p6spy                                    : #1665377284692 | took 0ms | statement | connection 26| url jdbc:h2:mem:6a3784ae-1aa6-4bbf-b617-4d4aeabcc2af
update picture set spot_id=?, url=? where picture_id=?
update picture set spot_id=678, url='java.io.StringReader@23ed9727' where picture_id=2503;
2022-10-10 13:48:04.692  INFO 3923 --- [    Test worker] p6spy                                    : #1665377284692 | took 0ms | statement | connection 26| url jdbc:h2:mem:6a3784ae-1aa6-4bbf-b617-4d4aeabcc2af
update picture set spot_id=?, url=? where picture_id=?
update picture set spot_id=679, url='java.io.StringReader@24682160' where picture_id=2505;
2022-10-10 13:48:04.692  INFO 3923 --- [    Test worker] p6spy                                    : #1665377284692 | took 0ms | statement | connection 26| url jdbc:h2:mem:6a3784ae-1aa6-4bbf-b617-4d4aeabcc2af
update picture set spot_id=?, url=? where picture_id=?
update picture set spot_id=679, url='java.io.StringReader@3a22a3f4' where picture_id=2506;
2022-10-10 13:48:04.692  INFO 3923 --- [    Test worker] p6spy                                    : #1665377284692 | took 0ms | statement | connection 26| url jdbc:h2:mem:6a3784ae-1aa6-4bbf-b617-4d4aeabcc2af
update picture set spot_id=?, url=? where picture_id=?
update picture set spot_id=679, url='java.io.StringReader@c8544ea' where picture_id=2507;
2022-10-10 13:48:04.692  INFO 3923 --- [    Test worker] p6spy                                    : #1665377284692 | took 0ms | statement | connection 26| url jdbc:h2:mem:6a3784ae-1aa6-4bbf-b617-4d4aeabcc2af
update picture set spot_id=?, url=? where picture_id=?
update picture set spot_id=680, url='java.io.StringReader@6edd063d' where picture_id=2509;
2022-10-10 13:48:04.692  INFO 3923 --- [    Test worker] p6spy                                    : #1665377284692 | took 0ms | statement | connection 26| url jdbc:h2:mem:6a3784ae-1aa6-4bbf-b617-4d4aeabcc2af
update picture set spot_id=?, url=? where picture_id=?
update picture set spot_id=680, url='java.io.StringReader@79939bb' where picture_id=2510;
2022-10-10 13:48:04.692  INFO 3923 --- [    Test worker] p6spy                                    : #1665377284692 | took 0ms | statement | connection 26| url jdbc:h2:mem:6a3784ae-1aa6-4bbf-b617-4d4aeabcc2af
update picture set spot_id=?, url=? where picture_id=?
update picture set spot_id=680, url='java.io.StringReader@242f27f0' where picture_id=2511;
2022-10-10 13:48:04.692  INFO 3923 --- [    Test worker] p6spy                                    : #1665377284692 | took 0ms | statement | connection 26| url jdbc:h2:mem:6a3784ae-1aa6-4bbf-b617-4d4aeabcc2af
update picture set spot_id=?, url=? where picture_id=?
update picture set spot_id=681, url='java.io.StringReader@11df2bc5' where picture_id=2513;
2022-10-10 13:48:04.692  INFO 3923 --- [    Test worker] p6spy                                    : #1665377284692 | took 0ms | statement | connection 26| url jdbc:h2:mem:6a3784ae-1aa6-4bbf-b617-4d4aeabcc2af
update picture set spot_id=?, url=? where picture_id=?
update picture set spot_id=681, url='java.io.StringReader@683b7061' where picture_id=2514;
2022-10-10 13:48:04.692  INFO 3923 --- [    Test worker] p6spy                                    : #1665377284692 | took 0ms | statement | connection 26| url jdbc:h2:mem:6a3784ae-1aa6-4bbf-b617-4d4aeabcc2af
update picture set spot_id=?, url=? where picture_id=?
update picture set spot_id=681, url='java.io.StringReader@4b9bb79' where picture_id=2515;
2022-10-10 13:48:04.692  INFO 3923 --- [    Test worker] p6spy                                    : #1665377284692 | took 0ms | statement | connection 26| url jdbc:h2:mem:6a3784ae-1aa6-4bbf-b617-4d4aeabcc2af
update picture set spot_id=?, url=? where picture_id=?
update picture set spot_id=682, url='java.io.StringReader@5cdbd09b' where picture_id=2517;
2022-10-10 13:48:04.692  INFO 3923 --- [    Test worker] p6spy                                    : #1665377284692 | took 0ms | statement | connection 26| url jdbc:h2:mem:6a3784ae-1aa6-4bbf-b617-4d4aeabcc2af
update picture set spot_id=?, url=? where picture_id=?
update picture set spot_id=682, url='java.io.StringReader@548e0f04' where picture_id=2518;
2022-10-10 13:48:04.692  INFO 3923 --- [    Test worker] p6spy                                    : #1665377284692 | took 0ms | statement | connection 26| url jdbc:h2:mem:6a3784ae-1aa6-4bbf-b617-4d4aeabcc2af
update picture set spot_id=?, url=? where picture_id=?
update picture set spot_id=682, url='java.io.StringReader@1edd0e27' where picture_id=2519;
2022-10-10 13:48:04.693  INFO 3923 --- [    Test worker] p6spy                                    : #1665377284693 | took 0ms | statement | connection 26| url jdbc:h2:mem:6a3784ae-1aa6-4bbf-b617-4d4aeabcc2af
update picture set spot_id=?, url=? where picture_id=?
update picture set spot_id=683, url='java.io.StringReader@7c5f71ee' where picture_id=2521;
2022-10-10 13:48:04.693  INFO 3923 --- [    Test worker] p6spy                                    : #1665377284693 | took 0ms | statement | connection 26| url jdbc:h2:mem:6a3784ae-1aa6-4bbf-b617-4d4aeabcc2af
update picture set spot_id=?, url=? where picture_id=?
update picture set spot_id=683, url='java.io.StringReader@5a61a7d2' where picture_id=2522;
2022-10-10 13:48:04.693  INFO 3923 --- [    Test worker] p6spy                                    : #1665377284693 | took 0ms | statement | connection 26| url jdbc:h2:mem:6a3784ae-1aa6-4bbf-b617-4d4aeabcc2af
update picture set spot_id=?, url=? where picture_id=?
update picture set spot_id=683, url='java.io.StringReader@4d502d2' where picture_id=2523;
2022-10-10 13:48:04.693  INFO 3923 --- [    Test worker] p6spy                                    : #1665377284693 | took 0ms | statement | connection 26| url jdbc:h2:mem:6a3784ae-1aa6-4bbf-b617-4d4aeabcc2af
update picture set spot_id=?, url=? where picture_id=?
update picture set spot_id=684, url='java.io.StringReader@2f553734' where picture_id=2525;
2022-10-10 13:48:04.693  INFO 3923 --- [    Test worker] p6spy                                    : #1665377284693 | took 0ms | statement | connection 26| url jdbc:h2:mem:6a3784ae-1aa6-4bbf-b617-4d4aeabcc2af
update picture set spot_id=?, url=? where picture_id=?
update picture set spot_id=684, url='java.io.StringReader@5d87e444' where picture_id=2526;
2022-10-10 13:48:04.693  INFO 3923 --- [    Test worker] p6spy                                    : #1665377284693 | took 0ms | statement | connection 26| url jdbc:h2:mem:6a3784ae-1aa6-4bbf-b617-4d4aeabcc2af
update picture set spot_id=?, url=? where picture_id=?
update picture set spot_id=684, url='java.io.StringReader@2770f746' where picture_id=2527;
2022-10-10 13:48:04.693  INFO 3923 --- [    Test worker] p6spy                                    : #1665377284693 | took 0ms | statement | connection 26| url jdbc:h2:mem:6a3784ae-1aa6-4bbf-b617-4d4aeabcc2af
update picture set spot_id=?, url=? where picture_id=?
update picture set spot_id=685, url='java.io.StringReader@1c4b12b7' where picture_id=2529;
2022-10-10 13:48:04.693  INFO 3923 --- [    Test worker] p6spy                                    : #1665377284693 | took 0ms | statement | connection 26| url jdbc:h2:mem:6a3784ae-1aa6-4bbf-b617-4d4aeabcc2af
update picture set spot_id=?, url=? where picture_id=?
update picture set spot_id=685, url='java.io.StringReader@18aad62c' where picture_id=2530;
2022-10-10 13:48:04.693  INFO 3923 --- [    Test worker] p6spy                                    : #1665377284693 | took 0ms | statement | connection 26| url jdbc:h2:mem:6a3784ae-1aa6-4bbf-b617-4d4aeabcc2af
update picture set spot_id=?, url=? where picture_id=?
update picture set spot_id=685, url='java.io.StringReader@3edc3c2e' where picture_id=2531;
2022-10-10 13:48:04.693  INFO 3923 --- [    Test worker] p6spy                                    : #1665377284693 | took 0ms | statement | connection 26| url jdbc:h2:mem:6a3784ae-1aa6-4bbf-b617-4d4aeabcc2af
update picture set spot_id=?, url=? where picture_id=?
update picture set spot_id=686, url='java.io.StringReader@1968cf69' where picture_id=2533;
2022-10-10 13:48:04.693  INFO 3923 --- [    Test worker] p6spy                                    : #1665377284693 | took 0ms | statement | connection 26| url jdbc:h2:mem:6a3784ae-1aa6-4bbf-b617-4d4aeabcc2af
update picture set spot_id=?, url=? where picture_id=?
update picture set spot_id=686, url='java.io.StringReader@48780d41' where picture_id=2534;
2022-10-10 13:48:04.693  INFO 3923 --- [    Test worker] p6spy                                    : #1665377284693 | took 0ms | statement | connection 26| url jdbc:h2:mem:6a3784ae-1aa6-4bbf-b617-4d4aeabcc2af
update picture set spot_id=?, url=? where picture_id=?
update picture set spot_id=686, url='java.io.StringReader@bb6ac6f' where picture_id=2535;
2022-10-10 13:48:04.693  INFO 3923 --- [    Test worker] p6spy                                    : #1665377284693 | took 0ms | statement | connection 26| url jdbc:h2:mem:6a3784ae-1aa6-4bbf-b617-4d4aeabcc2af
update picture set spot_id=?, url=? where picture_id=?
update picture set spot_id=687, url='java.io.StringReader@d202f4a' where picture_id=2537;
2022-10-10 13:48:04.693  INFO 3923 --- [    Test worker] p6spy                                    : #1665377284693 | took 0ms | statement | connection 26| url jdbc:h2:mem:6a3784ae-1aa6-4bbf-b617-4d4aeabcc2af
update picture set spot_id=?, url=? where picture_id=?
update picture set spot_id=687, url='java.io.StringReader@7690e3db' where picture_id=2538;
2022-10-10 13:48:04.693  INFO 3923 --- [    Test worker] p6spy                                    : #1665377284693 | took 0ms | statement | connection 26| url jdbc:h2:mem:6a3784ae-1aa6-4bbf-b617-4d4aeabcc2af
update picture set spot_id=?, url=? where picture_id=?
update picture set spot_id=687, url='java.io.StringReader@420c68fa' where picture_id=2539;
2022-10-10 13:48:04.693  INFO 3923 --- [    Test worker] p6spy                                    : #1665377284693 | took 0ms | statement | connection 26| url jdbc:h2:mem:6a3784ae-1aa6-4bbf-b617-4d4aeabcc2af
update picture set spot_id=?, url=? where picture_id=?
update picture set spot_id=688, url='java.io.StringReader@7d322dac' where picture_id=2541;
2022-10-10 13:48:04.693  INFO 3923 --- [    Test worker] p6spy                                    : #1665377284693 | took 0ms | statement | connection 26| url jdbc:h2:mem:6a3784ae-1aa6-4bbf-b617-4d4aeabcc2af
update picture set spot_id=?, url=? where picture_id=?
update picture set spot_id=688, url='java.io.StringReader@6411bdbf' where picture_id=2542;
2022-10-10 13:48:04.693  INFO 3923 --- [    Test worker] p6spy                                    : #1665377284693 | took 0ms | statement | connection 26| url jdbc:h2:mem:6a3784ae-1aa6-4bbf-b617-4d4aeabcc2af
update picture set spot_id=?, url=? where picture_id=?
update picture set spot_id=688, url='java.io.StringReader@6e25ca3a' where picture_id=2543;
2022-10-10 13:48:04.693  INFO 3923 --- [    Test worker] p6spy                                    : #1665377284693 | took 0ms | statement | connection 26| url jdbc:h2:mem:6a3784ae-1aa6-4bbf-b617-4d4aeabcc2af
update picture set spot_id=?, url=? where picture_id=?
update picture set spot_id=689, url='java.io.StringReader@71c22227' where picture_id=2545;
2022-10-10 13:48:04.693  INFO 3923 --- [    Test worker] p6spy                                    : #1665377284693 | took 0ms | statement | connection 26| url jdbc:h2:mem:6a3784ae-1aa6-4bbf-b617-4d4aeabcc2af
update picture set spot_id=?, url=? where picture_id=?
update picture set spot_id=689, url='java.io.StringReader@5f043b' where picture_id=2546;
2022-10-10 13:48:04.693  INFO 3923 --- [    Test worker] p6spy                                    : #1665377284693 | took 0ms | statement | connection 26| url jdbc:h2:mem:6a3784ae-1aa6-4bbf-b617-4d4aeabcc2af
update picture set spot_id=?, url=? where picture_id=?
update picture set spot_id=689, url='java.io.StringReader@aa0686f' where picture_id=2547;
2022-10-10 13:48:04.693  INFO 3923 --- [    Test worker] p6spy                                    : #1665377284693 | took 0ms | statement | connection 26| url jdbc:h2:mem:6a3784ae-1aa6-4bbf-b617-4d4aeabcc2af
update picture set spot_id=?, url=? where picture_id=?
update picture set spot_id=690, url='java.io.StringReader@ff75e38' where picture_id=2549;
2022-10-10 13:48:04.693  INFO 3923 --- [    Test worker] p6spy                                    : #1665377284693 | took 0ms | statement | connection 26| url jdbc:h2:mem:6a3784ae-1aa6-4bbf-b617-4d4aeabcc2af
update picture set spot_id=?, url=? where picture_id=?
update picture set spot_id=690, url='java.io.StringReader@1df08f2d' where picture_id=2550;
2022-10-10 13:48:04.693  INFO 3923 --- [    Test worker] p6spy                                    : #1665377284693 | took 0ms | statement | connection 26| url jdbc:h2:mem:6a3784ae-1aa6-4bbf-b617-4d4aeabcc2af
update picture set spot_id=?, url=? where picture_id=?
update picture set spot_id=690, url='java.io.StringReader@1726cfcb' where picture_id=2551;
2022-10-10 13:48:04.693  INFO 3923 --- [    Test worker] p6spy                                    : #1665377284693 | took 0ms | statement | connection 26| url jdbc:h2:mem:6a3784ae-1aa6-4bbf-b617-4d4aeabcc2af
update picture set spot_id=?, url=? where picture_id=?
update picture set spot_id=691, url='java.io.StringReader@7f8c3326' where picture_id=2553;
2022-10-10 13:48:04.693  INFO 3923 --- [    Test worker] p6spy                                    : #1665377284693 | took 0ms | statement | connection 26| url jdbc:h2:mem:6a3784ae-1aa6-4bbf-b617-4d4aeabcc2af
update picture set spot_id=?, url=? where picture_id=?
update picture set spot_id=691, url='java.io.StringReader@58aa9ca5' where picture_id=2554;
2022-10-10 13:48:04.693  INFO 3923 --- [    Test worker] p6spy                                    : #1665377284693 | took 0ms | statement | connection 26| url jdbc:h2:mem:6a3784ae-1aa6-4bbf-b617-4d4aeabcc2af
update picture set spot_id=?, url=? where picture_id=?
update picture set spot_id=691, url='java.io.StringReader@7a206aa' where picture_id=2555;
2022-10-10 13:48:04.693  INFO 3923 --- [    Test worker] p6spy                                    : #1665377284693 | took 0ms | statement | connection 26| url jdbc:h2:mem:6a3784ae-1aa6-4bbf-b617-4d4aeabcc2af
update picture set spot_id=?, url=? where picture_id=?
update picture set spot_id=692, url='java.io.StringReader@4f721cf' where picture_id=2557;
2022-10-10 13:48:04.693  INFO 3923 --- [    Test worker] p6spy                                    : #1665377284693 | took 0ms | statement | connection 26| url jdbc:h2:mem:6a3784ae-1aa6-4bbf-b617-4d4aeabcc2af
update picture set spot_id=?, url=? where picture_id=?
update picture set spot_id=692, url='java.io.StringReader@6c336b5' where picture_id=2558;
2022-10-10 13:48:04.693  INFO 3923 --- [    Test worker] p6spy                                    : #1665377284693 | took 0ms | statement | connection 26| url jdbc:h2:mem:6a3784ae-1aa6-4bbf-b617-4d4aeabcc2af
update picture set spot_id=?, url=? where picture_id=?
update picture set spot_id=692, url='java.io.StringReader@6d648bd7' where picture_id=2559;
2022-10-10 13:48:04.693  INFO 3923 --- [    Test worker] p6spy                                    : #1665377284693 | took 0ms | statement | connection 26| url jdbc:h2:mem:6a3784ae-1aa6-4bbf-b617-4d4aeabcc2af
update picture set spot_id=?, url=? where picture_id=?
update picture set spot_id=693, url='java.io.StringReader@4a872709' where picture_id=2561;
2022-10-10 13:48:04.693  INFO 3923 --- [    Test worker] p6spy                                    : #1665377284693 | took 0ms | statement | connection 26| url jdbc:h2:mem:6a3784ae-1aa6-4bbf-b617-4d4aeabcc2af
update picture set spot_id=?, url=? where picture_id=?
update picture set spot_id=693, url='java.io.StringReader@26f7995f' where picture_id=2562;
2022-10-10 13:48:04.693  INFO 3923 --- [    Test worker] p6spy                                    : #1665377284693 | took 0ms | statement | connection 26| url jdbc:h2:mem:6a3784ae-1aa6-4bbf-b617-4d4aeabcc2af
update picture set spot_id=?, url=? where picture_id=?
update picture set spot_id=693, url='java.io.StringReader@24b42e9e' where picture_id=2563;
2022-10-10 13:48:04.694  INFO 3923 --- [    Test worker] p6spy                                    : #1665377284694 | took 0ms | statement | connection 26| url jdbc:h2:mem:6a3784ae-1aa6-4bbf-b617-4d4aeabcc2af
update picture set spot_id=?, url=? where picture_id=?
update picture set spot_id=694, url='java.io.StringReader@7857879c' where picture_id=2565;
2022-10-10 13:48:04.694  INFO 3923 --- [    Test worker] p6spy                                    : #1665377284694 | took 0ms | statement | connection 26| url jdbc:h2:mem:6a3784ae-1aa6-4bbf-b617-4d4aeabcc2af
update picture set spot_id=?, url=? where picture_id=?
update picture set spot_id=694, url='java.io.StringReader@43edf1f2' where picture_id=2566;
2022-10-10 13:48:04.694  INFO 3923 --- [    Test worker] p6spy                                    : #1665377284694 | took 0ms | statement | connection 26| url jdbc:h2:mem:6a3784ae-1aa6-4bbf-b617-4d4aeabcc2af
update picture set spot_id=?, url=? where picture_id=?
update picture set spot_id=694, url='java.io.StringReader@314bd2ee' where picture_id=2567;
2022-10-10 13:48:04.694  INFO 3923 --- [    Test worker] p6spy                                    : #1665377284694 | took 0ms | statement | connection 26| url jdbc:h2:mem:6a3784ae-1aa6-4bbf-b617-4d4aeabcc2af
update picture set spot_id=?, url=? where picture_id=?
update picture set spot_id=695, url='java.io.StringReader@10507a61' where picture_id=2569;
2022-10-10 13:48:04.694  INFO 3923 --- [    Test worker] p6spy                                    : #1665377284694 | took 0ms | statement | connection 26| url jdbc:h2:mem:6a3784ae-1aa6-4bbf-b617-4d4aeabcc2af
update picture set spot_id=?, url=? where picture_id=?
update picture set spot_id=695, url='java.io.StringReader@26874d6c' where picture_id=2570;
2022-10-10 13:48:04.694  INFO 3923 --- [    Test worker] p6spy                                    : #1665377284694 | took 0ms | statement | connection 26| url jdbc:h2:mem:6a3784ae-1aa6-4bbf-b617-4d4aeabcc2af
update picture set spot_id=?, url=? where picture_id=?
update picture set spot_id=695, url='java.io.StringReader@ccae68f' where picture_id=2571;
2022-10-10 13:48:04.694  INFO 3923 --- [    Test worker] p6spy                                    : #1665377284694 | took 0ms | statement | connection 26| url jdbc:h2:mem:6a3784ae-1aa6-4bbf-b617-4d4aeabcc2af
update picture set spot_id=?, url=? where picture_id=?
update picture set spot_id=696, url='java.io.StringReader@2421316e' where picture_id=2573;
2022-10-10 13:48:04.694  INFO 3923 --- [    Test worker] p6spy                                    : #1665377284694 | took 0ms | statement | connection 26| url jdbc:h2:mem:6a3784ae-1aa6-4bbf-b617-4d4aeabcc2af
update picture set spot_id=?, url=? where picture_id=?
update picture set spot_id=696, url='java.io.StringReader@34c6206d' where picture_id=2574;
2022-10-10 13:48:04.694  INFO 3923 --- [    Test worker] p6spy                                    : #1665377284694 | took 0ms | statement | connection 26| url jdbc:h2:mem:6a3784ae-1aa6-4bbf-b617-4d4aeabcc2af
update picture set spot_id=?, url=? where picture_id=?
update picture set spot_id=696, url='java.io.StringReader@4987e6f9' where picture_id=2575;
2022-10-10 13:48:04.694  INFO 3923 --- [    Test worker] p6spy                                    : #1665377284694 | took 0ms | statement | connection 26| url jdbc:h2:mem:6a3784ae-1aa6-4bbf-b617-4d4aeabcc2af
update picture set spot_id=?, url=? where picture_id=?
update picture set spot_id=697, url='java.io.StringReader@7463bc9d' where picture_id=2577;
2022-10-10 13:48:04.694  INFO 3923 --- [    Test worker] p6spy                                    : #1665377284694 | took 0ms | statement | connection 26| url jdbc:h2:mem:6a3784ae-1aa6-4bbf-b617-4d4aeabcc2af
update picture set spot_id=?, url=? where picture_id=?
update picture set spot_id=697, url='java.io.StringReader@30d1d46d' where picture_id=2578;
2022-10-10 13:48:04.694  INFO 3923 --- [    Test worker] p6spy                                    : #1665377284694 | took 0ms | statement | connection 26| url jdbc:h2:mem:6a3784ae-1aa6-4bbf-b617-4d4aeabcc2af
update picture set spot_id=?, url=? where picture_id=?
update picture set spot_id=697, url='java.io.StringReader@59e6b684' where picture_id=2579;
2022-10-10 13:48:04.694  INFO 3923 --- [    Test worker] p6spy                                    : #1665377284694 | took 0ms | statement | connection 26| url jdbc:h2:mem:6a3784ae-1aa6-4bbf-b617-4d4aeabcc2af
update picture set spot_id=?, url=? where picture_id=?
update picture set spot_id=698, url='java.io.StringReader@3553c68d' where picture_id=2581;
2022-10-10 13:48:04.694  INFO 3923 --- [    Test worker] p6spy                                    : #1665377284694 | took 0ms | statement | connection 26| url jdbc:h2:mem:6a3784ae-1aa6-4bbf-b617-4d4aeabcc2af
update picture set spot_id=?, url=? where picture_id=?
update picture set spot_id=698, url='java.io.StringReader@1e53e341' where picture_id=2582;
2022-10-10 13:48:04.694  INFO 3923 --- [    Test worker] p6spy                                    : #1665377284694 | took 0ms | statement | connection 26| url jdbc:h2:mem:6a3784ae-1aa6-4bbf-b617-4d4aeabcc2af
update picture set spot_id=?, url=? where picture_id=?
update picture set spot_id=698, url='java.io.StringReader@3a233d2e' where picture_id=2583;
2022-10-10 13:48:04.694  INFO 3923 --- [    Test worker] p6spy                                    : #1665377284694 | took 0ms | statement | connection 26| url jdbc:h2:mem:6a3784ae-1aa6-4bbf-b617-4d4aeabcc2af
update picture set spot_id=?, url=? where picture_id=?
update picture set spot_id=699, url='java.io.StringReader@2e88ead7' where picture_id=2585;
2022-10-10 13:48:04.694  INFO 3923 --- [    Test worker] p6spy                                    : #1665377284694 | took 0ms | statement | connection 26| url jdbc:h2:mem:6a3784ae-1aa6-4bbf-b617-4d4aeabcc2af
update picture set spot_id=?, url=? where picture_id=?
update picture set spot_id=699, url='java.io.StringReader@622f0c9e' where picture_id=2586;
2022-10-10 13:48:04.694  INFO 3923 --- [    Test worker] p6spy                                    : #1665377284694 | took 0ms | statement | connection 26| url jdbc:h2:mem:6a3784ae-1aa6-4bbf-b617-4d4aeabcc2af
update picture set spot_id=?, url=? where picture_id=?
update picture set spot_id=699, url='java.io.StringReader@4351e452' where picture_id=2587;
2022-10-10 13:48:04.694  INFO 3923 --- [    Test worker] p6spy                                    : #1665377284694 | took 0ms | statement | connection 26| url jdbc:h2:mem:6a3784ae-1aa6-4bbf-b617-4d4aeabcc2af
update picture set spot_id=?, url=? where picture_id=?
update picture set spot_id=700, url='java.io.StringReader@364dfe1e' where picture_id=2589;
2022-10-10 13:48:04.694  INFO 3923 --- [    Test worker] p6spy                                    : #1665377284694 | took 0ms | statement | connection 26| url jdbc:h2:mem:6a3784ae-1aa6-4bbf-b617-4d4aeabcc2af
update picture set spot_id=?, url=? where picture_id=?
update picture set spot_id=700, url='java.io.StringReader@7a3db5f5' where picture_id=2590;
2022-10-10 13:48:04.694  INFO 3923 --- [    Test worker] p6spy                                    : #1665377284694 | took 0ms | statement | connection 26| url jdbc:h2:mem:6a3784ae-1aa6-4bbf-b617-4d4aeabcc2af
update picture set spot_id=?, url=? where picture_id=?
update picture set spot_id=700, url='java.io.StringReader@fabfb36' where picture_id=2591;
2022-10-10 13:48:04.694  INFO 3923 --- [    Test worker] p6spy                                    : #1665377284694 | took 0ms | statement | connection 26| url jdbc:h2:mem:6a3784ae-1aa6-4bbf-b617-4d4aeabcc2af
update picture set spot_id=?, url=? where picture_id=?
update picture set spot_id=701, url='java.io.StringReader@72c32d67' where picture_id=2593;
2022-10-10 13:48:04.694  INFO 3923 --- [    Test worker] p6spy                                    : #1665377284694 | took 0ms | statement | connection 26| url jdbc:h2:mem:6a3784ae-1aa6-4bbf-b617-4d4aeabcc2af
update picture set spot_id=?, url=? where picture_id=?
update picture set spot_id=701, url='java.io.StringReader@6ef0f225' where picture_id=2594;
2022-10-10 13:48:04.694  INFO 3923 --- [    Test worker] p6spy                                    : #1665377284694 | took 0ms | statement | connection 26| url jdbc:h2:mem:6a3784ae-1aa6-4bbf-b617-4d4aeabcc2af
update picture set spot_id=?, url=? where picture_id=?
update picture set spot_id=701, url='java.io.StringReader@63436a9' where picture_id=2595;
2022-10-10 13:48:04.694  INFO 3923 --- [    Test worker] p6spy                                    : #1665377284694 | took 0ms | statement | connection 26| url jdbc:h2:mem:6a3784ae-1aa6-4bbf-b617-4d4aeabcc2af
update picture set spot_id=?, url=? where picture_id=?
update picture set spot_id=702, url='java.io.StringReader@10a7f64a' where picture_id=2597;
2022-10-10 13:48:04.694  INFO 3923 --- [    Test worker] p6spy                                    : #1665377284694 | took 0ms | statement | connection 26| url jdbc:h2:mem:6a3784ae-1aa6-4bbf-b617-4d4aeabcc2af
update picture set spot_id=?, url=? where picture_id=?
update picture set spot_id=702, url='java.io.StringReader@560dc452' where picture_id=2598;
2022-10-10 13:48:04.694  INFO 3923 --- [    Test worker] p6spy                                    : #1665377284694 | took 0ms | statement | connection 26| url jdbc:h2:mem:6a3784ae-1aa6-4bbf-b617-4d4aeabcc2af
update picture set spot_id=?, url=? where picture_id=?
update picture set spot_id=702, url='java.io.StringReader@5144451c' where picture_id=2599;
2022-10-10 13:48:04.694  INFO 3923 --- [    Test worker] p6spy                                    : #1665377284694 | took 0ms | statement | connection 26| url jdbc:h2:mem:6a3784ae-1aa6-4bbf-b617-4d4aeabcc2af
update picture set spot_id=?, url=? where picture_id=?
update picture set spot_id=703, url='java.io.StringReader@436b4a36' where picture_id=2601;
2022-10-10 13:48:04.694  INFO 3923 --- [    Test worker] p6spy                                    : #1665377284694 | took 0ms | statement | connection 26| url jdbc:h2:mem:6a3784ae-1aa6-4bbf-b617-4d4aeabcc2af
update picture set spot_id=?, url=? where picture_id=?
update picture set spot_id=703, url='java.io.StringReader@6d092268' where picture_id=2602;
2022-10-10 13:48:04.694  INFO 3923 --- [    Test worker] p6spy                                    : #1665377284694 | took 0ms | statement | connection 26| url jdbc:h2:mem:6a3784ae-1aa6-4bbf-b617-4d4aeabcc2af
update picture set spot_id=?, url=? where picture_id=?
update picture set spot_id=703, url='java.io.StringReader@589e244f' where picture_id=2603;
2022-10-10 13:48:04.694  INFO 3923 --- [    Test worker] p6spy                                    : #1665377284694 | took 0ms | statement | connection 26| url jdbc:h2:mem:6a3784ae-1aa6-4bbf-b617-4d4aeabcc2af
update picture set spot_id=?, url=? where picture_id=?
update picture set spot_id=704, url='java.io.StringReader@7529727f' where picture_id=2605;
2022-10-10 13:48:04.695  INFO 3923 --- [    Test worker] p6spy                                    : #1665377284695 | took 0ms | statement | connection 26| url jdbc:h2:mem:6a3784ae-1aa6-4bbf-b617-4d4aeabcc2af
update picture set spot_id=?, url=? where picture_id=?
update picture set spot_id=704, url='java.io.StringReader@25077616' where picture_id=2606;
2022-10-10 13:48:04.695  INFO 3923 --- [    Test worker] p6spy                                    : #1665377284695 | took 0ms | statement | connection 26| url jdbc:h2:mem:6a3784ae-1aa6-4bbf-b617-4d4aeabcc2af
update picture set spot_id=?, url=? where picture_id=?
update picture set spot_id=704, url='java.io.StringReader@36fcda17' where picture_id=2607;
2022-10-10 13:48:04.695  INFO 3923 --- [    Test worker] p6spy                                    : #1665377284695 | took 0ms | statement | connection 26| url jdbc:h2:mem:6a3784ae-1aa6-4bbf-b617-4d4aeabcc2af
update picture set spot_id=?, url=? where picture_id=?
update picture set spot_id=705, url='java.io.StringReader@d8b9bbd' where picture_id=2609;
2022-10-10 13:48:04.695  INFO 3923 --- [    Test worker] p6spy                                    : #1665377284695 | took 0ms | statement | connection 26| url jdbc:h2:mem:6a3784ae-1aa6-4bbf-b617-4d4aeabcc2af
update picture set spot_id=?, url=? where picture_id=?
update picture set spot_id=705, url='java.io.StringReader@3a4bfdb9' where picture_id=2610;
2022-10-10 13:48:04.695  INFO 3923 --- [    Test worker] p6spy                                    : #1665377284695 | took 0ms | statement | connection 26| url jdbc:h2:mem:6a3784ae-1aa6-4bbf-b617-4d4aeabcc2af
update picture set spot_id=?, url=? where picture_id=?
update picture set spot_id=705, url='java.io.StringReader@3531cd0c' where picture_id=2611;
2022-10-10 13:48:04.695  INFO 3923 --- [    Test worker] p6spy                                    : #1665377284695 | took 0ms | statement | connection 26| url jdbc:h2:mem:6a3784ae-1aa6-4bbf-b617-4d4aeabcc2af
update picture set spot_id=?, url=? where picture_id=?
update picture set spot_id=706, url='java.io.StringReader@adffa02' where picture_id=2613;
2022-10-10 13:48:04.695  INFO 3923 --- [    Test worker] p6spy                                    : #1665377284695 | took 0ms | statement | connection 26| url jdbc:h2:mem:6a3784ae-1aa6-4bbf-b617-4d4aeabcc2af
update picture set spot_id=?, url=? where picture_id=?
update picture set spot_id=706, url='java.io.StringReader@49c70321' where picture_id=2614;
2022-10-10 13:48:04.695  INFO 3923 --- [    Test worker] p6spy                                    : #1665377284695 | took 0ms | statement | connection 26| url jdbc:h2:mem:6a3784ae-1aa6-4bbf-b617-4d4aeabcc2af
update picture set spot_id=?, url=? where picture_id=?
update picture set spot_id=706, url='java.io.StringReader@3e56215' where picture_id=2615;
2022-10-10 13:48:04.695  INFO 3923 --- [    Test worker] p6spy                                    : #1665377284695 | took 0ms | statement | connection 26| url jdbc:h2:mem:6a3784ae-1aa6-4bbf-b617-4d4aeabcc2af
update picture set spot_id=?, url=? where picture_id=?
update picture set spot_id=707, url='java.io.StringReader@151c510e' where picture_id=2617;
2022-10-10 13:48:04.695  INFO 3923 --- [    Test worker] p6spy                                    : #1665377284695 | took 0ms | statement | connection 26| url jdbc:h2:mem:6a3784ae-1aa6-4bbf-b617-4d4aeabcc2af
update picture set spot_id=?, url=? where picture_id=?
update picture set spot_id=707, url='java.io.StringReader@36ea66b4' where picture_id=2618;
2022-10-10 13:48:04.695  INFO 3923 --- [    Test worker] p6spy                                    : #1665377284695 | took 0ms | statement | connection 26| url jdbc:h2:mem:6a3784ae-1aa6-4bbf-b617-4d4aeabcc2af
update picture set spot_id=?, url=? where picture_id=?
update picture set spot_id=707, url='java.io.StringReader@345bbc4' where picture_id=2619;
2022-10-10 13:48:04.695  INFO 3923 --- [    Test worker] p6spy                                    : #1665377284695 | took 0ms | statement | connection 26| url jdbc:h2:mem:6a3784ae-1aa6-4bbf-b617-4d4aeabcc2af
update picture set spot_id=?, url=? where picture_id=?
update picture set spot_id=708, url='java.io.StringReader@744ab62' where picture_id=2621;
2022-10-10 13:48:04.695  INFO 3923 --- [    Test worker] p6spy                                    : #1665377284695 | took 0ms | statement | connection 26| url jdbc:h2:mem:6a3784ae-1aa6-4bbf-b617-4d4aeabcc2af
update picture set spot_id=?, url=? where picture_id=?
update picture set spot_id=708, url='java.io.StringReader@20a55737' where picture_id=2622;
2022-10-10 13:48:04.695  INFO 3923 --- [    Test worker] p6spy                                    : #1665377284695 | took 0ms | statement | connection 26| url jdbc:h2:mem:6a3784ae-1aa6-4bbf-b617-4d4aeabcc2af
update picture set spot_id=?, url=? where picture_id=?
update picture set spot_id=708, url='java.io.StringReader@2bac08fd' where picture_id=2623;
2022-10-10 13:48:04.695  INFO 3923 --- [    Test worker] p6spy                                    : #1665377284695 | took 0ms | statement | connection 26| url jdbc:h2:mem:6a3784ae-1aa6-4bbf-b617-4d4aeabcc2af
update picture set spot_id=?, url=? where picture_id=?
update picture set spot_id=709, url='java.io.StringReader@1360bf6b' where picture_id=2625;
2022-10-10 13:48:04.695  INFO 3923 --- [    Test worker] p6spy                                    : #1665377284695 | took 0ms | statement | connection 26| url jdbc:h2:mem:6a3784ae-1aa6-4bbf-b617-4d4aeabcc2af
update picture set spot_id=?, url=? where picture_id=?
update picture set spot_id=709, url='java.io.StringReader@5b903e26' where picture_id=2626;
2022-10-10 13:48:04.695  INFO 3923 --- [    Test worker] p6spy                                    : #1665377284695 | took 0ms | statement | connection 26| url jdbc:h2:mem:6a3784ae-1aa6-4bbf-b617-4d4aeabcc2af
update picture set spot_id=?, url=? where picture_id=?
update picture set spot_id=709, url='java.io.StringReader@4458e8ff' where picture_id=2627;
2022-10-10 13:48:04.695  INFO 3923 --- [    Test worker] p6spy                                    : #1665377284695 | took 0ms | statement | connection 26| url jdbc:h2:mem:6a3784ae-1aa6-4bbf-b617-4d4aeabcc2af
update picture set spot_id=?, url=? where picture_id=?
update picture set spot_id=710, url='java.io.StringReader@189ac8b5' where picture_id=2629;
2022-10-10 13:48:04.695  INFO 3923 --- [    Test worker] p6spy                                    : #1665377284695 | took 0ms | statement | connection 26| url jdbc:h2:mem:6a3784ae-1aa6-4bbf-b617-4d4aeabcc2af
update picture set spot_id=?, url=? where picture_id=?
update picture set spot_id=710, url='java.io.StringReader@70aadbc8' where picture_id=2630;
2022-10-10 13:48:04.695  INFO 3923 --- [    Test worker] p6spy                                    : #1665377284695 | took 0ms | statement | connection 26| url jdbc:h2:mem:6a3784ae-1aa6-4bbf-b617-4d4aeabcc2af
update picture set spot_id=?, url=? where picture_id=?
update picture set spot_id=710, url='java.io.StringReader@56a3fb3e' where picture_id=2631;
2022-10-10 13:48:04.695  INFO 3923 --- [    Test worker] p6spy                                    : #1665377284695 | took 0ms | statement | connection 26| url jdbc:h2:mem:6a3784ae-1aa6-4bbf-b617-4d4aeabcc2af
update picture set spot_id=?, url=? where picture_id=?
update picture set spot_id=711, url='java.io.StringReader@10d0b00c' where picture_id=2633;
2022-10-10 13:48:04.695  INFO 3923 --- [    Test worker] p6spy                                    : #1665377284695 | took 0ms | statement | connection 26| url jdbc:h2:mem:6a3784ae-1aa6-4bbf-b617-4d4aeabcc2af
update picture set spot_id=?, url=? where picture_id=?
update picture set spot_id=711, url='java.io.StringReader@222c5e06' where picture_id=2634;
2022-10-10 13:48:04.695  INFO 3923 --- [    Test worker] p6spy                                    : #1665377284695 | took 0ms | statement | connection 26| url jdbc:h2:mem:6a3784ae-1aa6-4bbf-b617-4d4aeabcc2af
update picture set spot_id=?, url=? where picture_id=?
update picture set spot_id=711, url='java.io.StringReader@6aec0b01' where picture_id=2635;
2022-10-10 13:48:04.695  INFO 3923 --- [    Test worker] p6spy                                    : #1665377284695 | took 0ms | statement | connection 26| url jdbc:h2:mem:6a3784ae-1aa6-4bbf-b617-4d4aeabcc2af
update picture set spot_id=?, url=? where picture_id=?
update picture set spot_id=712, url='java.io.StringReader@5f4ef646' where picture_id=2637;
2022-10-10 13:48:04.695  INFO 3923 --- [    Test worker] p6spy                                    : #1665377284695 | took 0ms | statement | connection 26| url jdbc:h2:mem:6a3784ae-1aa6-4bbf-b617-4d4aeabcc2af
update picture set spot_id=?, url=? where picture_id=?
update picture set spot_id=712, url='java.io.StringReader@77e8eb0e' where picture_id=2638;
2022-10-10 13:48:04.695  INFO 3923 --- [    Test worker] p6spy                                    : #1665377284695 | took 0ms | statement | connection 26| url jdbc:h2:mem:6a3784ae-1aa6-4bbf-b617-4d4aeabcc2af
update picture set spot_id=?, url=? where picture_id=?
update picture set spot_id=712, url='java.io.StringReader@45cf46d4' where picture_id=2639;
2022-10-10 13:48:04.695  INFO 3923 --- [    Test worker] p6spy                                    : #1665377284695 | took 0ms | statement | connection 26| url jdbc:h2:mem:6a3784ae-1aa6-4bbf-b617-4d4aeabcc2af
update picture set spot_id=?, url=? where picture_id=?
update picture set spot_id=713, url='java.io.StringReader@6e212f5f' where picture_id=2641;
2022-10-10 13:48:04.695  INFO 3923 --- [    Test worker] p6spy                                    : #1665377284695 | took 0ms | statement | connection 26| url jdbc:h2:mem:6a3784ae-1aa6-4bbf-b617-4d4aeabcc2af
update picture set spot_id=?, url=? where picture_id=?
update picture set spot_id=713, url='java.io.StringReader@7340f13f' where picture_id=2642;
2022-10-10 13:48:04.695  INFO 3923 --- [    Test worker] p6spy                                    : #1665377284695 | took 0ms | statement | connection 26| url jdbc:h2:mem:6a3784ae-1aa6-4bbf-b617-4d4aeabcc2af
update picture set spot_id=?, url=? where picture_id=?
update picture set spot_id=713, url='java.io.StringReader@76066701' where picture_id=2643;
2022-10-10 13:48:04.695  INFO 3923 --- [    Test worker] p6spy                                    : #1665377284695 | took 0ms | statement | connection 26| url jdbc:h2:mem:6a3784ae-1aa6-4bbf-b617-4d4aeabcc2af
update picture set spot_id=?, url=? where picture_id=?
update picture set spot_id=714, url='java.io.StringReader@222302fe' where picture_id=2645;
2022-10-10 13:48:04.695  INFO 3923 --- [    Test worker] p6spy                                    : #1665377284695 | took 0ms | statement | connection 26| url jdbc:h2:mem:6a3784ae-1aa6-4bbf-b617-4d4aeabcc2af
update picture set spot_id=?, url=? where picture_id=?
update picture set spot_id=714, url='java.io.StringReader@639d9b78' where picture_id=2646;
2022-10-10 13:48:04.696  INFO 3923 --- [    Test worker] p6spy                                    : #1665377284696 | took 0ms | statement | connection 26| url jdbc:h2:mem:6a3784ae-1aa6-4bbf-b617-4d4aeabcc2af
update picture set spot_id=?, url=? where picture_id=?
update picture set spot_id=714, url='java.io.StringReader@4d69efbd' where picture_id=2647;
2022-10-10 13:48:04.696  INFO 3923 --- [    Test worker] p6spy                                    : #1665377284696 | took 0ms | statement | connection 26| url jdbc:h2:mem:6a3784ae-1aa6-4bbf-b617-4d4aeabcc2af
update picture set spot_id=?, url=? where picture_id=?
update picture set spot_id=715, url='java.io.StringReader@1c8f28da' where picture_id=2649;
2022-10-10 13:48:04.696  INFO 3923 --- [    Test worker] p6spy                                    : #1665377284696 | took 0ms | statement | connection 26| url jdbc:h2:mem:6a3784ae-1aa6-4bbf-b617-4d4aeabcc2af
update picture set spot_id=?, url=? where picture_id=?
update picture set spot_id=715, url='java.io.StringReader@5822ba7' where picture_id=2650;
2022-10-10 13:48:04.696  INFO 3923 --- [    Test worker] p6spy                                    : #1665377284696 | took 0ms | statement | connection 26| url jdbc:h2:mem:6a3784ae-1aa6-4bbf-b617-4d4aeabcc2af
update picture set spot_id=?, url=? where picture_id=?
update picture set spot_id=715, url='java.io.StringReader@72fe4fe8' where picture_id=2651;
2022-10-10 13:48:04.696  INFO 3923 --- [    Test worker] p6spy                                    : #1665377284696 | took 0ms | statement | connection 26| url jdbc:h2:mem:6a3784ae-1aa6-4bbf-b617-4d4aeabcc2af
update picture set spot_id=?, url=? where picture_id=?
update picture set spot_id=716, url='java.io.StringReader@279bf173' where picture_id=2653;
2022-10-10 13:48:04.696  INFO 3923 --- [    Test worker] p6spy                                    : #1665377284696 | took 0ms | statement | connection 26| url jdbc:h2:mem:6a3784ae-1aa6-4bbf-b617-4d4aeabcc2af
update picture set spot_id=?, url=? where picture_id=?
update picture set spot_id=716, url='java.io.StringReader@435eb4e9' where picture_id=2654;
2022-10-10 13:48:04.696  INFO 3923 --- [    Test worker] p6spy                                    : #1665377284696 | took 0ms | statement | connection 26| url jdbc:h2:mem:6a3784ae-1aa6-4bbf-b617-4d4aeabcc2af
update picture set spot_id=?, url=? where picture_id=?
update picture set spot_id=716, url='java.io.StringReader@3d7bec2f' where picture_id=2655;
2022-10-10 13:48:04.696  INFO 3923 --- [    Test worker] p6spy                                    : #1665377284696 | took 0ms | statement | connection 26| url jdbc:h2:mem:6a3784ae-1aa6-4bbf-b617-4d4aeabcc2af
update picture set spot_id=?, url=? where picture_id=?
update picture set spot_id=717, url='java.io.StringReader@3d964579' where picture_id=2657;
2022-10-10 13:48:04.696  INFO 3923 --- [    Test worker] p6spy                                    : #1665377284696 | took 0ms | statement | connection 26| url jdbc:h2:mem:6a3784ae-1aa6-4bbf-b617-4d4aeabcc2af
update picture set spot_id=?, url=? where picture_id=?
update picture set spot_id=717, url='java.io.StringReader@7ad4e824' where picture_id=2658;
2022-10-10 13:48:04.696  INFO 3923 --- [    Test worker] p6spy                                    : #1665377284696 | took 0ms | statement | connection 26| url jdbc:h2:mem:6a3784ae-1aa6-4bbf-b617-4d4aeabcc2af
update picture set spot_id=?, url=? where picture_id=?
update picture set spot_id=717, url='java.io.StringReader@42d1e56c' where picture_id=2659;
2022-10-10 13:48:04.696  INFO 3923 --- [    Test worker] p6spy                                    : #1665377284696 | took 0ms | statement | connection 26| url jdbc:h2:mem:6a3784ae-1aa6-4bbf-b617-4d4aeabcc2af
update picture set spot_id=?, url=? where picture_id=?
update picture set spot_id=718, url='java.io.StringReader@3d6948a' where picture_id=2661;
2022-10-10 13:48:04.696  INFO 3923 --- [    Test worker] p6spy                                    : #1665377284696 | took 0ms | statement | connection 26| url jdbc:h2:mem:6a3784ae-1aa6-4bbf-b617-4d4aeabcc2af
update picture set spot_id=?, url=? where picture_id=?
update picture set spot_id=718, url='java.io.StringReader@4fde5241' where picture_id=2662;
2022-10-10 13:48:04.696  INFO 3923 --- [    Test worker] p6spy                                    : #1665377284696 | took 0ms | statement | connection 26| url jdbc:h2:mem:6a3784ae-1aa6-4bbf-b617-4d4aeabcc2af
update picture set spot_id=?, url=? where picture_id=?
update picture set spot_id=718, url='java.io.StringReader@32b6b531' where picture_id=2663;
2022-10-10 13:48:04.696  INFO 3923 --- [    Test worker] p6spy                                    : #1665377284696 | took 0ms | statement | connection 26| url jdbc:h2:mem:6a3784ae-1aa6-4bbf-b617-4d4aeabcc2af
update picture set spot_id=?, url=? where picture_id=?
update picture set spot_id=719, url='java.io.StringReader@7003883f' where picture_id=2665;
2022-10-10 13:48:04.696  INFO 3923 --- [    Test worker] p6spy                                    : #1665377284696 | took 0ms | statement | connection 26| url jdbc:h2:mem:6a3784ae-1aa6-4bbf-b617-4d4aeabcc2af
update picture set spot_id=?, url=? where picture_id=?
update picture set spot_id=719, url='java.io.StringReader@6194faaa' where picture_id=2666;
2022-10-10 13:48:04.696  INFO 3923 --- [    Test worker] p6spy                                    : #1665377284696 | took 0ms | statement | connection 26| url jdbc:h2:mem:6a3784ae-1aa6-4bbf-b617-4d4aeabcc2af
update picture set spot_id=?, url=? where picture_id=?
update picture set spot_id=719, url='java.io.StringReader@68eed2e6' where picture_id=2667;
2022-10-10 13:48:04.696  INFO 3923 --- [    Test worker] p6spy                                    : #1665377284696 | took 0ms | statement | connection 26| url jdbc:h2:mem:6a3784ae-1aa6-4bbf-b617-4d4aeabcc2af
update picture set spot_id=?, url=? where picture_id=?
update picture set spot_id=720, url='java.io.StringReader@3fe10c5f' where picture_id=2669;
2022-10-10 13:48:04.696  INFO 3923 --- [    Test worker] p6spy                                    : #1665377284696 | took 0ms | statement | connection 26| url jdbc:h2:mem:6a3784ae-1aa6-4bbf-b617-4d4aeabcc2af
update picture set spot_id=?, url=? where picture_id=?
update picture set spot_id=720, url='java.io.StringReader@3940c147' where picture_id=2670;
2022-10-10 13:48:04.696  INFO 3923 --- [    Test worker] p6spy                                    : #1665377284696 | took 0ms | statement | connection 26| url jdbc:h2:mem:6a3784ae-1aa6-4bbf-b617-4d4aeabcc2af
update picture set spot_id=?, url=? where picture_id=?
update picture set spot_id=720, url='java.io.StringReader@2b89a06' where picture_id=2671;
2022-10-10 13:48:04.696  INFO 3923 --- [    Test worker] p6spy                                    : #1665377284696 | took 0ms | statement | connection 26| url jdbc:h2:mem:6a3784ae-1aa6-4bbf-b617-4d4aeabcc2af
update picture set spot_id=?, url=? where picture_id=?
update picture set spot_id=721, url='java.io.StringReader@a7c3e37' where picture_id=2673;
2022-10-10 13:48:04.696  INFO 3923 --- [    Test worker] p6spy                                    : #1665377284696 | took 0ms | statement | connection 26| url jdbc:h2:mem:6a3784ae-1aa6-4bbf-b617-4d4aeabcc2af
update picture set spot_id=?, url=? where picture_id=?
update picture set spot_id=721, url='java.io.StringReader@36d49f3f' where picture_id=2674;
2022-10-10 13:48:04.696  INFO 3923 --- [    Test worker] p6spy                                    : #1665377284696 | took 0ms | statement | connection 26| url jdbc:h2:mem:6a3784ae-1aa6-4bbf-b617-4d4aeabcc2af
update picture set spot_id=?, url=? where picture_id=?
update picture set spot_id=721, url='java.io.StringReader@6730b2e' where picture_id=2675;
2022-10-10 13:48:04.696  INFO 3923 --- [    Test worker] p6spy                                    : #1665377284696 | took 0ms | statement | connection 26| url jdbc:h2:mem:6a3784ae-1aa6-4bbf-b617-4d4aeabcc2af
update picture set spot_id=?, url=? where picture_id=?
update picture set spot_id=722, url='java.io.StringReader@3fc12b15' where picture_id=2677;
2022-10-10 13:48:04.696  INFO 3923 --- [    Test worker] p6spy                                    : #1665377284696 | took 0ms | statement | connection 26| url jdbc:h2:mem:6a3784ae-1aa6-4bbf-b617-4d4aeabcc2af
update picture set spot_id=?, url=? where picture_id=?
update picture set spot_id=722, url='java.io.StringReader@4d2d9c87' where picture_id=2678;
2022-10-10 13:48:04.696  INFO 3923 --- [    Test worker] p6spy                                    : #1665377284696 | took 0ms | statement | connection 26| url jdbc:h2:mem:6a3784ae-1aa6-4bbf-b617-4d4aeabcc2af
update picture set spot_id=?, url=? where picture_id=?
update picture set spot_id=722, url='java.io.StringReader@1a4802f1' where picture_id=2679;
2022-10-10 13:48:04.696  INFO 3923 --- [    Test worker] p6spy                                    : #1665377284696 | took 0ms | statement | connection 26| url jdbc:h2:mem:6a3784ae-1aa6-4bbf-b617-4d4aeabcc2af
update picture set spot_id=?, url=? where picture_id=?
update picture set spot_id=723, url='java.io.StringReader@6332be4' where picture_id=2681;
2022-10-10 13:48:04.696  INFO 3923 --- [    Test worker] p6spy                                    : #1665377284696 | took 0ms | statement | connection 26| url jdbc:h2:mem:6a3784ae-1aa6-4bbf-b617-4d4aeabcc2af
update picture set spot_id=?, url=? where picture_id=?
update picture set spot_id=723, url='java.io.StringReader@3f304001' where picture_id=2682;
2022-10-10 13:48:04.696  INFO 3923 --- [    Test worker] p6spy                                    : #1665377284696 | took 0ms | statement | connection 26| url jdbc:h2:mem:6a3784ae-1aa6-4bbf-b617-4d4aeabcc2af
update picture set spot_id=?, url=? where picture_id=?
update picture set spot_id=723, url='java.io.StringReader@7b8aa59d' where picture_id=2683;
2022-10-10 13:48:04.696  INFO 3923 --- [    Test worker] p6spy                                    : #1665377284696 | took 0ms | statement | connection 26| url jdbc:h2:mem:6a3784ae-1aa6-4bbf-b617-4d4aeabcc2af
update picture set spot_id=?, url=? where picture_id=?
update picture set spot_id=724, url='java.io.StringReader@41c5f0a3' where picture_id=2685;
2022-10-10 13:48:04.696  INFO 3923 --- [    Test worker] p6spy                                    : #1665377284696 | took 0ms | statement | connection 26| url jdbc:h2:mem:6a3784ae-1aa6-4bbf-b617-4d4aeabcc2af
update picture set spot_id=?, url=? where picture_id=?
update picture set spot_id=724, url='java.io.StringReader@200fc6b' where picture_id=2686;
2022-10-10 13:48:04.697  INFO 3923 --- [    Test worker] p6spy                                    : #1665377284697 | took 0ms | statement | connection 26| url jdbc:h2:mem:6a3784ae-1aa6-4bbf-b617-4d4aeabcc2af
update picture set spot_id=?, url=? where picture_id=?
update picture set spot_id=724, url='java.io.StringReader@27e314d' where picture_id=2687;
2022-10-10 13:48:04.697  INFO 3923 --- [    Test worker] p6spy                                    : #1665377284697 | took 0ms | statement | connection 26| url jdbc:h2:mem:6a3784ae-1aa6-4bbf-b617-4d4aeabcc2af
update picture set spot_id=?, url=? where picture_id=?
update picture set spot_id=725, url='java.io.StringReader@1321161' where picture_id=2689;
2022-10-10 13:48:04.697  INFO 3923 --- [    Test worker] p6spy                                    : #1665377284697 | took 0ms | statement | connection 26| url jdbc:h2:mem:6a3784ae-1aa6-4bbf-b617-4d4aeabcc2af
update picture set spot_id=?, url=? where picture_id=?
update picture set spot_id=725, url='java.io.StringReader@4c762584' where picture_id=2690;
2022-10-10 13:48:04.697  INFO 3923 --- [    Test worker] p6spy                                    : #1665377284697 | took 0ms | statement | connection 26| url jdbc:h2:mem:6a3784ae-1aa6-4bbf-b617-4d4aeabcc2af
update picture set spot_id=?, url=? where picture_id=?
update picture set spot_id=725, url='java.io.StringReader@645ec259' where picture_id=2691;
2022-10-10 13:48:04.697  INFO 3923 --- [    Test worker] p6spy                                    : #1665377284697 | took 0ms | statement | connection 26| url jdbc:h2:mem:6a3784ae-1aa6-4bbf-b617-4d4aeabcc2af
update picture set spot_id=?, url=? where picture_id=?
update picture set spot_id=726, url='java.io.StringReader@45fb6523' where picture_id=2693;
2022-10-10 13:48:04.697  INFO 3923 --- [    Test worker] p6spy                                    : #1665377284697 | took 0ms | statement | connection 26| url jdbc:h2:mem:6a3784ae-1aa6-4bbf-b617-4d4aeabcc2af
update picture set spot_id=?, url=? where picture_id=?
update picture set spot_id=726, url='java.io.StringReader@64bbf513' where picture_id=2694;
2022-10-10 13:48:04.697  INFO 3923 --- [    Test worker] p6spy                                    : #1665377284697 | took 0ms | statement | connection 26| url jdbc:h2:mem:6a3784ae-1aa6-4bbf-b617-4d4aeabcc2af
update picture set spot_id=?, url=? where picture_id=?
update picture set spot_id=726, url='java.io.StringReader@45c029d0' where picture_id=2695;
2022-10-10 13:48:04.697  INFO 3923 --- [    Test worker] p6spy                                    : #1665377284697 | took 0ms | statement | connection 26| url jdbc:h2:mem:6a3784ae-1aa6-4bbf-b617-4d4aeabcc2af
update picture set spot_id=?, url=? where picture_id=?
update picture set spot_id=727, url='java.io.StringReader@ca43c14' where picture_id=2697;
2022-10-10 13:48:04.697  INFO 3923 --- [    Test worker] p6spy                                    : #1665377284697 | took 0ms | statement | connection 26| url jdbc:h2:mem:6a3784ae-1aa6-4bbf-b617-4d4aeabcc2af
update picture set spot_id=?, url=? where picture_id=?
update picture set spot_id=727, url='java.io.StringReader@10e94ff8' where picture_id=2698;
2022-10-10 13:48:04.697  INFO 3923 --- [    Test worker] p6spy                                    : #1665377284697 | took 0ms | statement | connection 26| url jdbc:h2:mem:6a3784ae-1aa6-4bbf-b617-4d4aeabcc2af
update picture set spot_id=?, url=? where picture_id=?
update picture set spot_id=727, url='java.io.StringReader@617b8e38' where picture_id=2699;
2022-10-10 13:48:04.697  INFO 3923 --- [    Test worker] p6spy                                    : #1665377284697 | took 0ms | statement | connection 26| url jdbc:h2:mem:6a3784ae-1aa6-4bbf-b617-4d4aeabcc2af
update picture set spot_id=?, url=? where picture_id=?
update picture set spot_id=728, url='java.io.StringReader@274c211b' where picture_id=2701;
2022-10-10 13:48:04.697  INFO 3923 --- [    Test worker] p6spy                                    : #1665377284697 | took 0ms | statement | connection 26| url jdbc:h2:mem:6a3784ae-1aa6-4bbf-b617-4d4aeabcc2af
update picture set spot_id=?, url=? where picture_id=?
update picture set spot_id=728, url='java.io.StringReader@7d90fde5' where picture_id=2702;
2022-10-10 13:48:04.697  INFO 3923 --- [    Test worker] p6spy                                    : #1665377284697 | took 0ms | statement | connection 26| url jdbc:h2:mem:6a3784ae-1aa6-4bbf-b617-4d4aeabcc2af
update picture set spot_id=?, url=? where picture_id=?
update picture set spot_id=728, url='java.io.StringReader@61b0dd13' where picture_id=2703;
2022-10-10 13:48:04.697  INFO 3923 --- [    Test worker] p6spy                                    : #1665377284697 | took 0ms | statement | connection 26| url jdbc:h2:mem:6a3784ae-1aa6-4bbf-b617-4d4aeabcc2af
update picture set spot_id=?, url=? where picture_id=?
update picture set spot_id=729, url='java.io.StringReader@71efe908' where picture_id=2705;
2022-10-10 13:48:04.697  INFO 3923 --- [    Test worker] p6spy                                    : #1665377284697 | took 0ms | statement | connection 26| url jdbc:h2:mem:6a3784ae-1aa6-4bbf-b617-4d4aeabcc2af
update picture set spot_id=?, url=? where picture_id=?
update picture set spot_id=729, url='java.io.StringReader@65a064f2' where picture_id=2706;
2022-10-10 13:48:04.697  INFO 3923 --- [    Test worker] p6spy                                    : #1665377284697 | took 0ms | statement | connection 26| url jdbc:h2:mem:6a3784ae-1aa6-4bbf-b617-4d4aeabcc2af
update picture set spot_id=?, url=? where picture_id=?
update picture set spot_id=729, url='java.io.StringReader@5d0ffbfd' where picture_id=2707;
2022-10-10 13:48:04.697  INFO 3923 --- [    Test worker] p6spy                                    : #1665377284697 | took 0ms | statement | connection 26| url jdbc:h2:mem:6a3784ae-1aa6-4bbf-b617-4d4aeabcc2af
update picture set spot_id=?, url=? where picture_id=?
update picture set spot_id=730, url='java.io.StringReader@76041d20' where picture_id=2709;
2022-10-10 13:48:04.697  INFO 3923 --- [    Test worker] p6spy                                    : #1665377284697 | took 0ms | statement | connection 26| url jdbc:h2:mem:6a3784ae-1aa6-4bbf-b617-4d4aeabcc2af
update picture set spot_id=?, url=? where picture_id=?
update picture set spot_id=730, url='java.io.StringReader@5b7a7875' where picture_id=2710;
2022-10-10 13:48:04.697  INFO 3923 --- [    Test worker] p6spy                                    : #1665377284697 | took 0ms | statement | connection 26| url jdbc:h2:mem:6a3784ae-1aa6-4bbf-b617-4d4aeabcc2af
update picture set spot_id=?, url=? where picture_id=?
update picture set spot_id=730, url='java.io.StringReader@66a503ea' where picture_id=2711;
2022-10-10 13:48:04.697  INFO 3923 --- [    Test worker] p6spy                                    : #1665377284697 | took 0ms | statement | connection 26| url jdbc:h2:mem:6a3784ae-1aa6-4bbf-b617-4d4aeabcc2af
update picture set spot_id=?, url=? where picture_id=?
update picture set spot_id=731, url='java.io.StringReader@68c0db79' where picture_id=2713;
2022-10-10 13:48:04.697  INFO 3923 --- [    Test worker] p6spy                                    : #1665377284697 | took 0ms | statement | connection 26| url jdbc:h2:mem:6a3784ae-1aa6-4bbf-b617-4d4aeabcc2af
update picture set spot_id=?, url=? where picture_id=?
update picture set spot_id=731, url='java.io.StringReader@5e8e17e1' where picture_id=2714;
2022-10-10 13:48:04.697  INFO 3923 --- [    Test worker] p6spy                                    : #1665377284697 | took 0ms | statement | connection 26| url jdbc:h2:mem:6a3784ae-1aa6-4bbf-b617-4d4aeabcc2af
update picture set spot_id=?, url=? where picture_id=?
update picture set spot_id=731, url='java.io.StringReader@3a3eb2b1' where picture_id=2715;
2022-10-10 13:48:04.697  INFO 3923 --- [    Test worker] p6spy                                    : #1665377284697 | took 0ms | statement | connection 26| url jdbc:h2:mem:6a3784ae-1aa6-4bbf-b617-4d4aeabcc2af
update picture set spot_id=?, url=? where picture_id=?
update picture set spot_id=732, url='java.io.StringReader@44563c09' where picture_id=2717;
2022-10-10 13:48:04.697  INFO 3923 --- [    Test worker] p6spy                                    : #1665377284697 | took 0ms | statement | connection 26| url jdbc:h2:mem:6a3784ae-1aa6-4bbf-b617-4d4aeabcc2af
update picture set spot_id=?, url=? where picture_id=?
update picture set spot_id=732, url='java.io.StringReader@669d88e2' where picture_id=2718;
2022-10-10 13:48:04.697  INFO 3923 --- [    Test worker] p6spy                                    : #1665377284697 | took 0ms | statement | connection 26| url jdbc:h2:mem:6a3784ae-1aa6-4bbf-b617-4d4aeabcc2af
update picture set spot_id=?, url=? where picture_id=?
update picture set spot_id=732, url='java.io.StringReader@6383b566' where picture_id=2719;
2022-10-10 13:48:04.697  INFO 3923 --- [    Test worker] p6spy                                    : #1665377284697 | took 0ms | statement | connection 26| url jdbc:h2:mem:6a3784ae-1aa6-4bbf-b617-4d4aeabcc2af
update picture set spot_id=?, url=? where picture_id=?
update picture set spot_id=733, url='java.io.StringReader@127fceb6' where picture_id=2721;
2022-10-10 13:48:04.697  INFO 3923 --- [    Test worker] p6spy                                    : #1665377284697 | took 0ms | statement | connection 26| url jdbc:h2:mem:6a3784ae-1aa6-4bbf-b617-4d4aeabcc2af
update picture set spot_id=?, url=? where picture_id=?
update picture set spot_id=733, url='java.io.StringReader@72908ba2' where picture_id=2722;
2022-10-10 13:48:04.697  INFO 3923 --- [    Test worker] p6spy                                    : #1665377284697 | took 0ms | statement | connection 26| url jdbc:h2:mem:6a3784ae-1aa6-4bbf-b617-4d4aeabcc2af
update picture set spot_id=?, url=? where picture_id=?
update picture set spot_id=733, url='java.io.StringReader@74280080' where picture_id=2723;
2022-10-10 13:48:04.697  INFO 3923 --- [    Test worker] p6spy                                    : #1665377284697 | took 0ms | statement | connection 26| url jdbc:h2:mem:6a3784ae-1aa6-4bbf-b617-4d4aeabcc2af
update picture set spot_id=?, url=? where picture_id=?
update picture set spot_id=734, url='java.io.StringReader@5cd73a86' where picture_id=2725;
2022-10-10 13:48:04.697  INFO 3923 --- [    Test worker] p6spy                                    : #1665377284697 | took 0ms | statement | connection 26| url jdbc:h2:mem:6a3784ae-1aa6-4bbf-b617-4d4aeabcc2af
update picture set spot_id=?, url=? where picture_id=?
update picture set spot_id=734, url='java.io.StringReader@131c055a' where picture_id=2726;
2022-10-10 13:48:04.697  INFO 3923 --- [    Test worker] p6spy                                    : #1665377284697 | took 0ms | statement | connection 26| url jdbc:h2:mem:6a3784ae-1aa6-4bbf-b617-4d4aeabcc2af
update picture set spot_id=?, url=? where picture_id=?
update picture set spot_id=734, url='java.io.StringReader@6947915a' where picture_id=2727;
2022-10-10 13:48:04.697  INFO 3923 --- [    Test worker] p6spy                                    : #1665377284697 | took 0ms | statement | connection 26| url jdbc:h2:mem:6a3784ae-1aa6-4bbf-b617-4d4aeabcc2af
update picture set spot_id=?, url=? where picture_id=?
update picture set spot_id=735, url='java.io.StringReader@721fd16' where picture_id=2729;
2022-10-10 13:48:04.698  INFO 3923 --- [    Test worker] p6spy                                    : #1665377284698 | took 0ms | statement | connection 26| url jdbc:h2:mem:6a3784ae-1aa6-4bbf-b617-4d4aeabcc2af
update picture set spot_id=?, url=? where picture_id=?
update picture set spot_id=735, url='java.io.StringReader@a197271' where picture_id=2730;
2022-10-10 13:48:04.698  INFO 3923 --- [    Test worker] p6spy                                    : #1665377284698 | took 0ms | statement | connection 26| url jdbc:h2:mem:6a3784ae-1aa6-4bbf-b617-4d4aeabcc2af
update picture set spot_id=?, url=? where picture_id=?
update picture set spot_id=735, url='java.io.StringReader@778b75ca' where picture_id=2731;
2022-10-10 13:48:04.698  INFO 3923 --- [    Test worker] p6spy                                    : #1665377284698 | took 0ms | statement | connection 26| url jdbc:h2:mem:6a3784ae-1aa6-4bbf-b617-4d4aeabcc2af
update picture set spot_id=?, url=? where picture_id=?
update picture set spot_id=736, url='java.io.StringReader@12a46995' where picture_id=2733;
2022-10-10 13:48:04.698  INFO 3923 --- [    Test worker] p6spy                                    : #1665377284698 | took 0ms | statement | connection 26| url jdbc:h2:mem:6a3784ae-1aa6-4bbf-b617-4d4aeabcc2af
update picture set spot_id=?, url=? where picture_id=?
update picture set spot_id=736, url='java.io.StringReader@491e9d23' where picture_id=2734;
2022-10-10 13:48:04.698  INFO 3923 --- [    Test worker] p6spy                                    : #1665377284698 | took 0ms | statement | connection 26| url jdbc:h2:mem:6a3784ae-1aa6-4bbf-b617-4d4aeabcc2af
update picture set spot_id=?, url=? where picture_id=?
update picture set spot_id=736, url='java.io.StringReader@7c669da8' where picture_id=2735;
2022-10-10 13:48:04.698  INFO 3923 --- [    Test worker] p6spy                                    : #1665377284698 | took 0ms | statement | connection 26| url jdbc:h2:mem:6a3784ae-1aa6-4bbf-b617-4d4aeabcc2af
update picture set spot_id=?, url=? where picture_id=?
update picture set spot_id=737, url='java.io.StringReader@1ce2e3a2' where picture_id=2737;
2022-10-10 13:48:04.698  INFO 3923 --- [    Test worker] p6spy                                    : #1665377284698 | took 0ms | statement | connection 26| url jdbc:h2:mem:6a3784ae-1aa6-4bbf-b617-4d4aeabcc2af
update picture set spot_id=?, url=? where picture_id=?
update picture set spot_id=737, url='java.io.StringReader@26f4034' where picture_id=2738;
2022-10-10 13:48:04.698  INFO 3923 --- [    Test worker] p6spy                                    : #1665377284698 | took 0ms | statement | connection 26| url jdbc:h2:mem:6a3784ae-1aa6-4bbf-b617-4d4aeabcc2af
update picture set spot_id=?, url=? where picture_id=?
update picture set spot_id=737, url='java.io.StringReader@15fbb9bd' where picture_id=2739;
2022-10-10 13:48:04.698  INFO 3923 --- [    Test worker] p6spy                                    : #1665377284698 | took 0ms | statement | connection 26| url jdbc:h2:mem:6a3784ae-1aa6-4bbf-b617-4d4aeabcc2af
update picture set spot_id=?, url=? where picture_id=?
update picture set spot_id=738, url='java.io.StringReader@155e6960' where picture_id=2741;
2022-10-10 13:48:04.698  INFO 3923 --- [    Test worker] p6spy                                    : #1665377284698 | took 0ms | statement | connection 26| url jdbc:h2:mem:6a3784ae-1aa6-4bbf-b617-4d4aeabcc2af
update picture set spot_id=?, url=? where picture_id=?
update picture set spot_id=738, url='java.io.StringReader@2a24e9e9' where picture_id=2742;
2022-10-10 13:48:04.698  INFO 3923 --- [    Test worker] p6spy                                    : #1665377284698 | took 0ms | statement | connection 26| url jdbc:h2:mem:6a3784ae-1aa6-4bbf-b617-4d4aeabcc2af
update picture set spot_id=?, url=? where picture_id=?
update picture set spot_id=738, url='java.io.StringReader@17f48e49' where picture_id=2743;
2022-10-10 13:48:04.698  INFO 3923 --- [    Test worker] p6spy                                    : #1665377284698 | took 0ms | statement | connection 26| url jdbc:h2:mem:6a3784ae-1aa6-4bbf-b617-4d4aeabcc2af
update picture set spot_id=?, url=? where picture_id=?
update picture set spot_id=739, url='java.io.StringReader@3a77f722' where picture_id=2745;
2022-10-10 13:48:04.698  INFO 3923 --- [    Test worker] p6spy                                    : #1665377284698 | took 0ms | statement | connection 26| url jdbc:h2:mem:6a3784ae-1aa6-4bbf-b617-4d4aeabcc2af
update picture set spot_id=?, url=? where picture_id=?
update picture set spot_id=739, url='java.io.StringReader@72f598da' where picture_id=2746;
2022-10-10 13:48:04.698  INFO 3923 --- [    Test worker] p6spy                                    : #1665377284698 | took 0ms | statement | connection 26| url jdbc:h2:mem:6a3784ae-1aa6-4bbf-b617-4d4aeabcc2af
update picture set spot_id=?, url=? where picture_id=?
update picture set spot_id=739, url='java.io.StringReader@264f8c71' where picture_id=2747;
2022-10-10 13:48:04.698  INFO 3923 --- [    Test worker] p6spy                                    : #1665377284698 | took 0ms | statement | connection 26| url jdbc:h2:mem:6a3784ae-1aa6-4bbf-b617-4d4aeabcc2af
update picture set spot_id=?, url=? where picture_id=?
update picture set spot_id=740, url='java.io.StringReader@5df0173' where picture_id=2749;
2022-10-10 13:48:04.698  INFO 3923 --- [    Test worker] p6spy                                    : #1665377284698 | took 0ms | statement | connection 26| url jdbc:h2:mem:6a3784ae-1aa6-4bbf-b617-4d4aeabcc2af
update picture set spot_id=?, url=? where picture_id=?
update picture set spot_id=740, url='java.io.StringReader@39a41709' where picture_id=2750;
2022-10-10 13:48:04.698  INFO 3923 --- [    Test worker] p6spy                                    : #1665377284698 | took 0ms | statement | connection 26| url jdbc:h2:mem:6a3784ae-1aa6-4bbf-b617-4d4aeabcc2af
update picture set spot_id=?, url=? where picture_id=?
update picture set spot_id=740, url='java.io.StringReader@31a3dc23' where picture_id=2751;
2022-10-10 13:48:04.698  INFO 3923 --- [    Test worker] p6spy                                    : #1665377284698 | took 0ms | statement | connection 26| url jdbc:h2:mem:6a3784ae-1aa6-4bbf-b617-4d4aeabcc2af
update picture set spot_id=?, url=? where picture_id=?
update picture set spot_id=741, url='java.io.StringReader@29fa42f8' where picture_id=2753;
2022-10-10 13:48:04.698  INFO 3923 --- [    Test worker] p6spy                                    : #1665377284698 | took 0ms | statement | connection 26| url jdbc:h2:mem:6a3784ae-1aa6-4bbf-b617-4d4aeabcc2af
update picture set spot_id=?, url=? where picture_id=?
update picture set spot_id=741, url='java.io.StringReader@70139ceb' where picture_id=2754;
2022-10-10 13:48:04.698  INFO 3923 --- [    Test worker] p6spy                                    : #1665377284698 | took 0ms | statement | connection 26| url jdbc:h2:mem:6a3784ae-1aa6-4bbf-b617-4d4aeabcc2af
update picture set spot_id=?, url=? where picture_id=?
update picture set spot_id=741, url='java.io.StringReader@4f6bd08f' where picture_id=2755;
2022-10-10 13:48:04.698  INFO 3923 --- [    Test worker] p6spy                                    : #1665377284698 | took 0ms | statement | connection 26| url jdbc:h2:mem:6a3784ae-1aa6-4bbf-b617-4d4aeabcc2af
update picture set spot_id=?, url=? where picture_id=?
update picture set spot_id=742, url='java.io.StringReader@5b8a3fe4' where picture_id=2757;
2022-10-10 13:48:04.698  INFO 3923 --- [    Test worker] p6spy                                    : #1665377284698 | took 0ms | statement | connection 26| url jdbc:h2:mem:6a3784ae-1aa6-4bbf-b617-4d4aeabcc2af
update picture set spot_id=?, url=? where picture_id=?
update picture set spot_id=742, url='java.io.StringReader@2128bcc8' where picture_id=2758;
2022-10-10 13:48:04.698  INFO 3923 --- [    Test worker] p6spy                                    : #1665377284698 | took 0ms | statement | connection 26| url jdbc:h2:mem:6a3784ae-1aa6-4bbf-b617-4d4aeabcc2af
update picture set spot_id=?, url=? where picture_id=?
update picture set spot_id=742, url='java.io.StringReader@343b5a24' where picture_id=2759;
2022-10-10 13:48:04.698  INFO 3923 --- [    Test worker] p6spy                                    : #1665377284698 | took 0ms | statement | connection 26| url jdbc:h2:mem:6a3784ae-1aa6-4bbf-b617-4d4aeabcc2af
update picture set spot_id=?, url=? where picture_id=?
update picture set spot_id=743, url='java.io.StringReader@5999200a' where picture_id=2761;
2022-10-10 13:48:04.698  INFO 3923 --- [    Test worker] p6spy                                    : #1665377284698 | took 0ms | statement | connection 26| url jdbc:h2:mem:6a3784ae-1aa6-4bbf-b617-4d4aeabcc2af
update picture set spot_id=?, url=? where picture_id=?
update picture set spot_id=743, url='java.io.StringReader@1b9225d5' where picture_id=2762;
2022-10-10 13:48:04.698  INFO 3923 --- [    Test worker] p6spy                                    : #1665377284698 | took 0ms | statement | connection 26| url jdbc:h2:mem:6a3784ae-1aa6-4bbf-b617-4d4aeabcc2af
update picture set spot_id=?, url=? where picture_id=?
update picture set spot_id=743, url='java.io.StringReader@3c034b6d' where picture_id=2763;
2022-10-10 13:48:04.698  INFO 3923 --- [    Test worker] p6spy                                    : #1665377284698 | took 0ms | statement | connection 26| url jdbc:h2:mem:6a3784ae-1aa6-4bbf-b617-4d4aeabcc2af
update picture set spot_id=?, url=? where picture_id=?
update picture set spot_id=744, url='java.io.StringReader@32e111f9' where picture_id=2765;
2022-10-10 13:48:04.698  INFO 3923 --- [    Test worker] p6spy                                    : #1665377284698 | took 0ms | statement | connection 26| url jdbc:h2:mem:6a3784ae-1aa6-4bbf-b617-4d4aeabcc2af
update picture set spot_id=?, url=? where picture_id=?
update picture set spot_id=744, url='java.io.StringReader@73c0329c' where picture_id=2766;
2022-10-10 13:48:04.698  INFO 3923 --- [    Test worker] p6spy                                    : #1665377284698 | took 0ms | statement | connection 26| url jdbc:h2:mem:6a3784ae-1aa6-4bbf-b617-4d4aeabcc2af
update picture set spot_id=?, url=? where picture_id=?
update picture set spot_id=744, url='java.io.StringReader@7b409935' where picture_id=2767;
2022-10-10 13:48:04.698  INFO 3923 --- [    Test worker] p6spy                                    : #1665377284698 | took 0ms | statement | connection 26| url jdbc:h2:mem:6a3784ae-1aa6-4bbf-b617-4d4aeabcc2af
update picture set spot_id=?, url=? where picture_id=?
update picture set spot_id=745, url='java.io.StringReader@7fe94e64' where picture_id=2769;
2022-10-10 13:48:04.698  INFO 3923 --- [    Test worker] p6spy                                    : #1665377284698 | took 0ms | statement | connection 26| url jdbc:h2:mem:6a3784ae-1aa6-4bbf-b617-4d4aeabcc2af
update picture set spot_id=?, url=? where picture_id=?
update picture set spot_id=745, url='java.io.StringReader@160c4b01' where picture_id=2770;
2022-10-10 13:48:04.698  INFO 3923 --- [    Test worker] p6spy                                    : #1665377284698 | took 0ms | statement | connection 26| url jdbc:h2:mem:6a3784ae-1aa6-4bbf-b617-4d4aeabcc2af
update picture set spot_id=?, url=? where picture_id=?
update picture set spot_id=745, url='java.io.StringReader@9ea1beb' where picture_id=2771;
2022-10-10 13:48:04.698  INFO 3923 --- [    Test worker] p6spy                                    : #1665377284698 | took 0ms | statement | connection 26| url jdbc:h2:mem:6a3784ae-1aa6-4bbf-b617-4d4aeabcc2af
update picture set spot_id=?, url=? where picture_id=?
update picture set spot_id=746, url='java.io.StringReader@38cc8abd' where picture_id=2773;
2022-10-10 13:48:04.698  INFO 3923 --- [    Test worker] p6spy                                    : #1665377284698 | took 0ms | statement | connection 26| url jdbc:h2:mem:6a3784ae-1aa6-4bbf-b617-4d4aeabcc2af
update picture set spot_id=?, url=? where picture_id=?
update picture set spot_id=746, url='java.io.StringReader@1907758f' where picture_id=2774;
2022-10-10 13:48:04.699  INFO 3923 --- [    Test worker] p6spy                                    : #1665377284699 | took 0ms | statement | connection 26| url jdbc:h2:mem:6a3784ae-1aa6-4bbf-b617-4d4aeabcc2af
update picture set spot_id=?, url=? where picture_id=?
update picture set spot_id=746, url='java.io.StringReader@5527c67a' where picture_id=2775;
2022-10-10 13:48:04.699  INFO 3923 --- [    Test worker] p6spy                                    : #1665377284699 | took 0ms | statement | connection 26| url jdbc:h2:mem:6a3784ae-1aa6-4bbf-b617-4d4aeabcc2af
update picture set spot_id=?, url=? where picture_id=?
update picture set spot_id=747, url='java.io.StringReader@59f222a0' where picture_id=2777;
2022-10-10 13:48:04.699  INFO 3923 --- [    Test worker] p6spy                                    : #1665377284699 | took 0ms | statement | connection 26| url jdbc:h2:mem:6a3784ae-1aa6-4bbf-b617-4d4aeabcc2af
update picture set spot_id=?, url=? where picture_id=?
update picture set spot_id=747, url='java.io.StringReader@629c8363' where picture_id=2778;
2022-10-10 13:48:04.699  INFO 3923 --- [    Test worker] p6spy                                    : #1665377284699 | took 0ms | statement | connection 26| url jdbc:h2:mem:6a3784ae-1aa6-4bbf-b617-4d4aeabcc2af
update picture set spot_id=?, url=? where picture_id=?
update picture set spot_id=747, url='java.io.StringReader@582f07f8' where picture_id=2779;
2022-10-10 13:48:04.699  INFO 3923 --- [    Test worker] p6spy                                    : #1665377284699 | took 0ms | statement | connection 26| url jdbc:h2:mem:6a3784ae-1aa6-4bbf-b617-4d4aeabcc2af
update picture set spot_id=?, url=? where picture_id=?
update picture set spot_id=748, url='java.io.StringReader@25896370' where picture_id=2781;
2022-10-10 13:48:04.699  INFO 3923 --- [    Test worker] p6spy                                    : #1665377284699 | took 0ms | statement | connection 26| url jdbc:h2:mem:6a3784ae-1aa6-4bbf-b617-4d4aeabcc2af
update picture set spot_id=?, url=? where picture_id=?
update picture set spot_id=748, url='java.io.StringReader@1da91ef9' where picture_id=2782;
2022-10-10 13:48:04.699  INFO 3923 --- [    Test worker] p6spy                                    : #1665377284699 | took 0ms | statement | connection 26| url jdbc:h2:mem:6a3784ae-1aa6-4bbf-b617-4d4aeabcc2af
update picture set spot_id=?, url=? where picture_id=?
update picture set spot_id=748, url='java.io.StringReader@f268df' where picture_id=2783;
2022-10-10 13:48:04.699  INFO 3923 --- [    Test worker] p6spy                                    : #1665377284699 | took 0ms | statement | connection 26| url jdbc:h2:mem:6a3784ae-1aa6-4bbf-b617-4d4aeabcc2af
update picture set spot_id=?, url=? where picture_id=?
update picture set spot_id=749, url='java.io.StringReader@4ddaf7c4' where picture_id=2785;
2022-10-10 13:48:04.699  INFO 3923 --- [    Test worker] p6spy                                    : #1665377284699 | took 0ms | statement | connection 26| url jdbc:h2:mem:6a3784ae-1aa6-4bbf-b617-4d4aeabcc2af
update picture set spot_id=?, url=? where picture_id=?
update picture set spot_id=749, url='java.io.StringReader@3ae3af19' where picture_id=2786;
2022-10-10 13:48:04.699  INFO 3923 --- [    Test worker] p6spy                                    : #1665377284699 | took 0ms | statement | connection 26| url jdbc:h2:mem:6a3784ae-1aa6-4bbf-b617-4d4aeabcc2af
update picture set spot_id=?, url=? where picture_id=?
update picture set spot_id=749, url='java.io.StringReader@5b8f29ed' where picture_id=2787;
2022-10-10 13:48:04.699  INFO 3923 --- [    Test worker] p6spy                                    : #1665377284699 | took 0ms | statement | connection 26| url jdbc:h2:mem:6a3784ae-1aa6-4bbf-b617-4d4aeabcc2af
update picture set spot_id=?, url=? where picture_id=?
update picture set spot_id=750, url='java.io.StringReader@a538872' where picture_id=2789;
2022-10-10 13:48:04.699  INFO 3923 --- [    Test worker] p6spy                                    : #1665377284699 | took 0ms | statement | connection 26| url jdbc:h2:mem:6a3784ae-1aa6-4bbf-b617-4d4aeabcc2af
update picture set spot_id=?, url=? where picture_id=?
update picture set spot_id=750, url='java.io.StringReader@3e5b7f20' where picture_id=2790;
2022-10-10 13:48:04.699  INFO 3923 --- [    Test worker] p6spy                                    : #1665377284699 | took 0ms | statement | connection 26| url jdbc:h2:mem:6a3784ae-1aa6-4bbf-b617-4d4aeabcc2af
update picture set spot_id=?, url=? where picture_id=?
update picture set spot_id=750, url='java.io.StringReader@75d53ff9' where picture_id=2791;
2022-10-10 13:48:04.699  INFO 3923 --- [    Test worker] p6spy                                    : #1665377284699 | took 0ms | statement | connection 26| url jdbc:h2:mem:6a3784ae-1aa6-4bbf-b617-4d4aeabcc2af
update picture set spot_id=?, url=? where picture_id=?
update picture set spot_id=751, url='java.io.StringReader@35efcc6c' where picture_id=2793;
2022-10-10 13:48:04.699  INFO 3923 --- [    Test worker] p6spy                                    : #1665377284699 | took 0ms | statement | connection 26| url jdbc:h2:mem:6a3784ae-1aa6-4bbf-b617-4d4aeabcc2af
update picture set spot_id=?, url=? where picture_id=?
update picture set spot_id=751, url='java.io.StringReader@787ed4fe' where picture_id=2794;
2022-10-10 13:48:04.699  INFO 3923 --- [    Test worker] p6spy                                    : #1665377284699 | took 0ms | statement | connection 26| url jdbc:h2:mem:6a3784ae-1aa6-4bbf-b617-4d4aeabcc2af
update picture set spot_id=?, url=? where picture_id=?
update picture set spot_id=751, url='java.io.StringReader@24ad58a3' where picture_id=2795;
2022-10-10 13:48:04.699  INFO 3923 --- [    Test worker] p6spy                                    : #1665377284699 | took 0ms | statement | connection 26| url jdbc:h2:mem:6a3784ae-1aa6-4bbf-b617-4d4aeabcc2af
update picture set spot_id=?, url=? where picture_id=?
update picture set spot_id=752, url='java.io.StringReader@c22f218' where picture_id=2797;
2022-10-10 13:48:04.699  INFO 3923 --- [    Test worker] p6spy                                    : #1665377284699 | took 0ms | statement | connection 26| url jdbc:h2:mem:6a3784ae-1aa6-4bbf-b617-4d4aeabcc2af
update picture set spot_id=?, url=? where picture_id=?
update picture set spot_id=752, url='java.io.StringReader@69a70116' where picture_id=2798;
2022-10-10 13:48:04.699  INFO 3923 --- [    Test worker] p6spy                                    : #1665377284699 | took 0ms | statement | connection 26| url jdbc:h2:mem:6a3784ae-1aa6-4bbf-b617-4d4aeabcc2af
update picture set spot_id=?, url=? where picture_id=?
update picture set spot_id=752, url='java.io.StringReader@58ef604b' where picture_id=2799;
2022-10-10 13:48:04.699  INFO 3923 --- [    Test worker] p6spy                                    : #1665377284699 | took 0ms | statement | connection 26| url jdbc:h2:mem:6a3784ae-1aa6-4bbf-b617-4d4aeabcc2af
update picture set spot_id=?, url=? where picture_id=?
update picture set spot_id=753, url='java.io.StringReader@1d6932' where picture_id=2801;
2022-10-10 13:48:04.699  INFO 3923 --- [    Test worker] p6spy                                    : #1665377284699 | took 0ms | statement | connection 26| url jdbc:h2:mem:6a3784ae-1aa6-4bbf-b617-4d4aeabcc2af
update picture set spot_id=?, url=? where picture_id=?
update picture set spot_id=753, url='java.io.StringReader@2c6e9194' where picture_id=2802;
2022-10-10 13:48:04.699  INFO 3923 --- [    Test worker] p6spy                                    : #1665377284699 | took 0ms | statement | connection 26| url jdbc:h2:mem:6a3784ae-1aa6-4bbf-b617-4d4aeabcc2af
update picture set spot_id=?, url=? where picture_id=?
update picture set spot_id=753, url='java.io.StringReader@1e9271d8' where picture_id=2803;
2022-10-10 13:48:04.699  INFO 3923 --- [    Test worker] p6spy                                    : #1665377284699 | took 0ms | statement | connection 26| url jdbc:h2:mem:6a3784ae-1aa6-4bbf-b617-4d4aeabcc2af
update picture set spot_id=?, url=? where picture_id=?
update picture set spot_id=754, url='java.io.StringReader@55bdfc03' where picture_id=2805;
2022-10-10 13:48:04.699  INFO 3923 --- [    Test worker] p6spy                                    : #1665377284699 | took 0ms | statement | connection 26| url jdbc:h2:mem:6a3784ae-1aa6-4bbf-b617-4d4aeabcc2af
update picture set spot_id=?, url=? where picture_id=?
update picture set spot_id=754, url='java.io.StringReader@656f03c8' where picture_id=2806;
2022-10-10 13:48:04.699  INFO 3923 --- [    Test worker] p6spy                                    : #1665377284699 | took 0ms | statement | connection 26| url jdbc:h2:mem:6a3784ae-1aa6-4bbf-b617-4d4aeabcc2af
update picture set spot_id=?, url=? where picture_id=?
update picture set spot_id=754, url='java.io.StringReader@4bc658b2' where picture_id=2807;
2022-10-10 13:48:04.699  INFO 3923 --- [    Test worker] p6spy                                    : #1665377284699 | took 0ms | statement | connection 26| url jdbc:h2:mem:6a3784ae-1aa6-4bbf-b617-4d4aeabcc2af
update picture set spot_id=?, url=? where picture_id=?
update picture set spot_id=755, url='java.io.StringReader@2a1ae60d' where picture_id=2809;
2022-10-10 13:48:04.699  INFO 3923 --- [    Test worker] p6spy                                    : #1665377284699 | took 0ms | statement | connection 26| url jdbc:h2:mem:6a3784ae-1aa6-4bbf-b617-4d4aeabcc2af
update picture set spot_id=?, url=? where picture_id=?
update picture set spot_id=755, url='java.io.StringReader@b0d499e' where picture_id=2810;
2022-10-10 13:48:04.700  INFO 3923 --- [    Test worker] p6spy                                    : #1665377284700 | took 0ms | statement | connection 26| url jdbc:h2:mem:6a3784ae-1aa6-4bbf-b617-4d4aeabcc2af
update picture set spot_id=?, url=? where picture_id=?
update picture set spot_id=755, url='java.io.StringReader@1225266f' where picture_id=2811;
2022-10-10 13:48:04.700  INFO 3923 --- [    Test worker] p6spy                                    : #1665377284700 | took 0ms | statement | connection 26| url jdbc:h2:mem:6a3784ae-1aa6-4bbf-b617-4d4aeabcc2af
update picture set spot_id=?, url=? where picture_id=?
update picture set spot_id=756, url='java.io.StringReader@7255ef70' where picture_id=2813;
2022-10-10 13:48:04.700  INFO 3923 --- [    Test worker] p6spy                                    : #1665377284700 | took 0ms | statement | connection 26| url jdbc:h2:mem:6a3784ae-1aa6-4bbf-b617-4d4aeabcc2af
update picture set spot_id=?, url=? where picture_id=?
update picture set spot_id=756, url='java.io.StringReader@5c773297' where picture_id=2814;
2022-10-10 13:48:04.700  INFO 3923 --- [    Test worker] p6spy                                    : #1665377284700 | took 0ms | statement | connection 26| url jdbc:h2:mem:6a3784ae-1aa6-4bbf-b617-4d4aeabcc2af
update picture set spot_id=?, url=? where picture_id=?
update picture set spot_id=756, url='java.io.StringReader@3e7b836e' where picture_id=2815;
2022-10-10 13:48:04.700  INFO 3923 --- [    Test worker] p6spy                                    : #1665377284700 | took 0ms | statement | connection 26| url jdbc:h2:mem:6a3784ae-1aa6-4bbf-b617-4d4aeabcc2af
update picture set spot_id=?, url=? where picture_id=?
update picture set spot_id=757, url='java.io.StringReader@27ff868d' where picture_id=2817;
2022-10-10 13:48:04.700  INFO 3923 --- [    Test worker] p6spy                                    : #1665377284700 | took 0ms | statement | connection 26| url jdbc:h2:mem:6a3784ae-1aa6-4bbf-b617-4d4aeabcc2af
update picture set spot_id=?, url=? where picture_id=?
update picture set spot_id=757, url='java.io.StringReader@5b36121a' where picture_id=2818;
2022-10-10 13:48:04.700  INFO 3923 --- [    Test worker] p6spy                                    : #1665377284700 | took 0ms | statement | connection 26| url jdbc:h2:mem:6a3784ae-1aa6-4bbf-b617-4d4aeabcc2af
update picture set spot_id=?, url=? where picture_id=?
update picture set spot_id=757, url='java.io.StringReader@1410873e' where picture_id=2819;
2022-10-10 13:48:04.700  INFO 3923 --- [    Test worker] p6spy                                    : #1665377284700 | took 0ms | statement | connection 26| url jdbc:h2:mem:6a3784ae-1aa6-4bbf-b617-4d4aeabcc2af
update picture set spot_id=?, url=? where picture_id=?
update picture set spot_id=758, url='java.io.StringReader@75945b89' where picture_id=2821;
2022-10-10 13:48:04.700  INFO 3923 --- [    Test worker] p6spy                                    : #1665377284700 | took 0ms | statement | connection 26| url jdbc:h2:mem:6a3784ae-1aa6-4bbf-b617-4d4aeabcc2af
update picture set spot_id=?, url=? where picture_id=?
update picture set spot_id=758, url='java.io.StringReader@3a1d7336' where picture_id=2822;
2022-10-10 13:48:04.700  INFO 3923 --- [    Test worker] p6spy                                    : #1665377284700 | took 0ms | statement | connection 26| url jdbc:h2:mem:6a3784ae-1aa6-4bbf-b617-4d4aeabcc2af
update picture set spot_id=?, url=? where picture_id=?
update picture set spot_id=758, url='java.io.StringReader@730ca420' where picture_id=2823;
2022-10-10 13:48:04.700  INFO 3923 --- [    Test worker] p6spy                                    : #1665377284700 | took 0ms | statement | connection 26| url jdbc:h2:mem:6a3784ae-1aa6-4bbf-b617-4d4aeabcc2af
update picture set spot_id=?, url=? where picture_id=?
update picture set spot_id=759, url='java.io.StringReader@4049e55b' where picture_id=2825;
2022-10-10 13:48:04.700  INFO 3923 --- [    Test worker] p6spy                                    : #1665377284700 | took 0ms | statement | connection 26| url jdbc:h2:mem:6a3784ae-1aa6-4bbf-b617-4d4aeabcc2af
update picture set spot_id=?, url=? where picture_id=?
update picture set spot_id=759, url='java.io.StringReader@74c18e62' where picture_id=2826;
2022-10-10 13:48:04.700  INFO 3923 --- [    Test worker] p6spy                                    : #1665377284700 | took 0ms | statement | connection 26| url jdbc:h2:mem:6a3784ae-1aa6-4bbf-b617-4d4aeabcc2af
update picture set spot_id=?, url=? where picture_id=?
update picture set spot_id=759, url='java.io.StringReader@18200746' where picture_id=2827;
2022-10-10 13:48:04.700  INFO 3923 --- [    Test worker] p6spy                                    : #1665377284700 | took 0ms | statement | connection 26| url jdbc:h2:mem:6a3784ae-1aa6-4bbf-b617-4d4aeabcc2af
update picture set spot_id=?, url=? where picture_id=?
update picture set spot_id=760, url='java.io.StringReader@3d483fc7' where picture_id=2829;
2022-10-10 13:48:04.700  INFO 3923 --- [    Test worker] p6spy                                    : #1665377284700 | took 0ms | statement | connection 26| url jdbc:h2:mem:6a3784ae-1aa6-4bbf-b617-4d4aeabcc2af
update picture set spot_id=?, url=? where picture_id=?
update picture set spot_id=760, url='java.io.StringReader@af9c11e' where picture_id=2830;
2022-10-10 13:48:04.700  INFO 3923 --- [    Test worker] p6spy                                    : #1665377284700 | took 0ms | statement | connection 26| url jdbc:h2:mem:6a3784ae-1aa6-4bbf-b617-4d4aeabcc2af
update picture set spot_id=?, url=? where picture_id=?
update picture set spot_id=760, url='java.io.StringReader@400f00d4' where picture_id=2831;
2022-10-10 13:48:04.700  INFO 3923 --- [    Test worker] p6spy                                    : #1665377284700 | took 0ms | statement | connection 26| url jdbc:h2:mem:6a3784ae-1aa6-4bbf-b617-4d4aeabcc2af
update picture set spot_id=?, url=? where picture_id=?
update picture set spot_id=761, url='java.io.StringReader@708cd37e' where picture_id=2833;
2022-10-10 13:48:04.700  INFO 3923 --- [    Test worker] p6spy                                    : #1665377284700 | took 0ms | statement | connection 26| url jdbc:h2:mem:6a3784ae-1aa6-4bbf-b617-4d4aeabcc2af
update picture set spot_id=?, url=? where picture_id=?
update picture set spot_id=761, url='java.io.StringReader@25f27462' where picture_id=2834;
2022-10-10 13:48:04.700  INFO 3923 --- [    Test worker] p6spy                                    : #1665377284700 | took 0ms | statement | connection 26| url jdbc:h2:mem:6a3784ae-1aa6-4bbf-b617-4d4aeabcc2af
update picture set spot_id=?, url=? where picture_id=?
update picture set spot_id=761, url='java.io.StringReader@5505c92e' where picture_id=2835;
2022-10-10 13:48:04.700  INFO 3923 --- [    Test worker] p6spy                                    : #1665377284700 | took 0ms | statement | connection 26| url jdbc:h2:mem:6a3784ae-1aa6-4bbf-b617-4d4aeabcc2af
update picture set spot_id=?, url=? where picture_id=?
update picture set spot_id=762, url='java.io.StringReader@3e6dd5e' where picture_id=2837;
2022-10-10 13:48:04.700  INFO 3923 --- [    Test worker] p6spy                                    : #1665377284700 | took 0ms | statement | connection 26| url jdbc:h2:mem:6a3784ae-1aa6-4bbf-b617-4d4aeabcc2af
update picture set spot_id=?, url=? where picture_id=?
update picture set spot_id=762, url='java.io.StringReader@5f27a3fe' where picture_id=2838;
2022-10-10 13:48:04.700  INFO 3923 --- [    Test worker] p6spy                                    : #1665377284700 | took 0ms | statement | connection 26| url jdbc:h2:mem:6a3784ae-1aa6-4bbf-b617-4d4aeabcc2af
update picture set spot_id=?, url=? where picture_id=?
update picture set spot_id=762, url='java.io.StringReader@15c45206' where picture_id=2839;
2022-10-10 13:48:04.700  INFO 3923 --- [    Test worker] p6spy                                    : #1665377284700 | took 0ms | statement | connection 26| url jdbc:h2:mem:6a3784ae-1aa6-4bbf-b617-4d4aeabcc2af
update picture set spot_id=?, url=? where picture_id=?
update picture set spot_id=763, url='java.io.StringReader@40222f3' where picture_id=2841;
2022-10-10 13:48:04.700  INFO 3923 --- [    Test worker] p6spy                                    : #1665377284700 | took 0ms | statement | connection 26| url jdbc:h2:mem:6a3784ae-1aa6-4bbf-b617-4d4aeabcc2af
update picture set spot_id=?, url=? where picture_id=?
update picture set spot_id=763, url='java.io.StringReader@38cd2a8a' where picture_id=2842;
2022-10-10 13:48:04.700  INFO 3923 --- [    Test worker] p6spy                                    : #1665377284700 | took 0ms | statement | connection 26| url jdbc:h2:mem:6a3784ae-1aa6-4bbf-b617-4d4aeabcc2af
update picture set spot_id=?, url=? where picture_id=?
update picture set spot_id=763, url='java.io.StringReader@6030c8e7' where picture_id=2843;
2022-10-10 13:48:04.700  INFO 3923 --- [    Test worker] p6spy                                    : #1665377284700 | took 0ms | statement | connection 26| url jdbc:h2:mem:6a3784ae-1aa6-4bbf-b617-4d4aeabcc2af
update picture set spot_id=?, url=? where picture_id=?
update picture set spot_id=764, url='java.io.StringReader@28b39bfc' where picture_id=2845;
2022-10-10 13:48:04.700  INFO 3923 --- [    Test worker] p6spy                                    : #1665377284700 | took 0ms | statement | connection 26| url jdbc:h2:mem:6a3784ae-1aa6-4bbf-b617-4d4aeabcc2af
update picture set spot_id=?, url=? where picture_id=?
update picture set spot_id=764, url='java.io.StringReader@7fdbbbe8' where picture_id=2846;
2022-10-10 13:48:04.700  INFO 3923 --- [    Test worker] p6spy                                    : #1665377284700 | took 0ms | statement | connection 26| url jdbc:h2:mem:6a3784ae-1aa6-4bbf-b617-4d4aeabcc2af
update picture set spot_id=?, url=? where picture_id=?
update picture set spot_id=764, url='java.io.StringReader@4f7a0368' where picture_id=2847;
2022-10-10 13:48:04.700  INFO 3923 --- [    Test worker] p6spy                                    : #1665377284700 | took 0ms | statement | connection 26| url jdbc:h2:mem:6a3784ae-1aa6-4bbf-b617-4d4aeabcc2af
update picture set spot_id=?, url=? where picture_id=?
update picture set spot_id=765, url='java.io.StringReader@6e1d42fa' where picture_id=2849;
2022-10-10 13:48:04.700  INFO 3923 --- [    Test worker] p6spy                                    : #1665377284700 | took 0ms | statement | connection 26| url jdbc:h2:mem:6a3784ae-1aa6-4bbf-b617-4d4aeabcc2af
update picture set spot_id=?, url=? where picture_id=?
update picture set spot_id=765, url='java.io.StringReader@6dab1af1' where picture_id=2850;
2022-10-10 13:48:04.700  INFO 3923 --- [    Test worker] p6spy                                    : #1665377284700 | took 0ms | statement | connection 26| url jdbc:h2:mem:6a3784ae-1aa6-4bbf-b617-4d4aeabcc2af
update picture set spot_id=?, url=? where picture_id=?
update picture set spot_id=765, url='java.io.StringReader@21bfeae1' where picture_id=2851;
2022-10-10 13:48:04.700  INFO 3923 --- [    Test worker] p6spy                                    : #1665377284700 | took 0ms | statement | connection 26| url jdbc:h2:mem:6a3784ae-1aa6-4bbf-b617-4d4aeabcc2af
update picture set spot_id=?, url=? where picture_id=?
update picture set spot_id=766, url='java.io.StringReader@22363b82' where picture_id=2853;
2022-10-10 13:48:04.700  INFO 3923 --- [    Test worker] p6spy                                    : #1665377284700 | took 0ms | statement | connection 26| url jdbc:h2:mem:6a3784ae-1aa6-4bbf-b617-4d4aeabcc2af
update picture set spot_id=?, url=? where picture_id=?
update picture set spot_id=766, url='java.io.StringReader@4ac8d5d8' where picture_id=2854;
2022-10-10 13:48:04.700  INFO 3923 --- [    Test worker] p6spy                                    : #1665377284700 | took 0ms | statement | connection 26| url jdbc:h2:mem:6a3784ae-1aa6-4bbf-b617-4d4aeabcc2af
update picture set spot_id=?, url=? where picture_id=?
update picture set spot_id=766, url='java.io.StringReader@14dfdfc2' where picture_id=2855;
2022-10-10 13:48:04.700  INFO 3923 --- [    Test worker] p6spy                                    : #1665377284700 | took 0ms | statement | connection 26| url jdbc:h2:mem:6a3784ae-1aa6-4bbf-b617-4d4aeabcc2af
update picture set spot_id=?, url=? where picture_id=?
update picture set spot_id=767, url='java.io.StringReader@f6bcc60' where picture_id=2857;
2022-10-10 13:48:04.700  INFO 3923 --- [    Test worker] p6spy                                    : #1665377284700 | took 0ms | statement | connection 26| url jdbc:h2:mem:6a3784ae-1aa6-4bbf-b617-4d4aeabcc2af
update picture set spot_id=?, url=? where picture_id=?
update picture set spot_id=767, url='java.io.StringReader@4ea7bd8' where picture_id=2858;
2022-10-10 13:48:04.701  INFO 3923 --- [    Test worker] p6spy                                    : #1665377284701 | took 0ms | statement | connection 26| url jdbc:h2:mem:6a3784ae-1aa6-4bbf-b617-4d4aeabcc2af
update picture set spot_id=?, url=? where picture_id=?
update picture set spot_id=767, url='java.io.StringReader@b181562' where picture_id=2859;
2022-10-10 13:48:04.701  INFO 3923 --- [    Test worker] p6spy                                    : #1665377284701 | took 0ms | statement | connection 26| url jdbc:h2:mem:6a3784ae-1aa6-4bbf-b617-4d4aeabcc2af
update picture set spot_id=?, url=? where picture_id=?
update picture set spot_id=768, url='java.io.StringReader@5432fd81' where picture_id=2861;
2022-10-10 13:48:04.701  INFO 3923 --- [    Test worker] p6spy                                    : #1665377284701 | took 0ms | statement | connection 26| url jdbc:h2:mem:6a3784ae-1aa6-4bbf-b617-4d4aeabcc2af
update picture set spot_id=?, url=? where picture_id=?
update picture set spot_id=768, url='java.io.StringReader@5e9c7d56' where picture_id=2862;
2022-10-10 13:48:04.701  INFO 3923 --- [    Test worker] p6spy                                    : #1665377284701 | took 0ms | statement | connection 26| url jdbc:h2:mem:6a3784ae-1aa6-4bbf-b617-4d4aeabcc2af
update picture set spot_id=?, url=? where picture_id=?
update picture set spot_id=768, url='java.io.StringReader@340d41e5' where picture_id=2863;
2022-10-10 13:48:04.701  INFO 3923 --- [    Test worker] c.j.r.FavoriteSpotQueryRepositoryTest    : member1 = Member(id=20, username=member1, email=member1@gmail.com, password=1234)
2022-10-10 13:48:04.701  INFO 3923 --- [    Test worker] c.j.r.FavoriteSpotQueryRepositoryTest    : favoriteMain = Favorite(id=41, name=1일차)
2022-10-10 13:48:04.701  INFO 3923 --- [    Test worker] c.j.r.FavoriteSpotQueryRepositoryTest    : spots[0] = capstone.jejuTourrecommend.domain.Spot@39d7ee14
2022-10-10 13:48:04.701  INFO 3923 --- [    Test worker] c.j.r.FavoriteSpotQueryRepositoryTest    : favoriteSpots[0] = FavoriteSpot(id=477, count=0)
2022-10-10 13:48:04.702  INFO 3923 --- [    Test worker] p6spy                                    : #1665377284702 | took 0ms | statement | connection 26| url jdbc:h2:mem:6a3784ae-1aa6-4bbf-b617-4d4aeabcc2af
select member0_.member_id as member_i1_2_, member0_.created_date as created_2_2_, member0_.last_modified_date as last_mod3_2_, member0_.created_by as created_4_2_, member0_.last_modified_by as last_mod5_2_, member0_.email as email6_2_, member0_.password as password7_2_, member0_.refresh_token as refresh_8_2_, member0_.role as role9_2_, member0_.username as usernam10_2_ from member member0_ where member0_.email=?
select member0_.member_id as member_i1_2_, member0_.created_date as created_2_2_, member0_.last_modified_date as last_mod3_2_, member0_.created_by as created_4_2_, member0_.last_modified_by as last_mod5_2_, member0_.email as email6_2_, member0_.password as password7_2_, member0_.refresh_token as refresh_8_2_, member0_.role as role9_2_, member0_.username as usernam10_2_ from member member0_ where member0_.email='member1@gmail.com';
2022-10-10 13:48:04.703  INFO 3923 --- [    Test worker] p6spy                                    : #1665377284703 | took 0ms | statement | connection 26| url jdbc:h2:mem:6a3784ae-1aa6-4bbf-b617-4d4aeabcc2af
select favorite0_.favorite_id as favorite1_0_, favorite0_.member_id as member_i3_0_, favorite0_.name as name2_0_ from favorite favorite0_ left outer join member member1_ on favorite0_.member_id=member1_.member_id where favorite0_.name=? and member1_.member_id=?
select favorite0_.favorite_id as favorite1_0_, favorite0_.member_id as member_i3_0_, favorite0_.name as name2_0_ from favorite favorite0_ left outer join member member1_ on favorite0_.member_id=member1_.member_id where favorite0_.name='1일차' and member1_.member_id=20;
2022-10-10 13:48:04.703  INFO 3923 --- [    Test worker] p6spy                                    : #1665377284703 | took 0ms | statement | connection 26| url jdbc:h2:mem:6a3784ae-1aa6-4bbf-b617-4d4aeabcc2af
select favoritesp0_.favorite_spot_id as favorite1_1_, favoritesp0_.count as count2_1_, favoritesp0_.favorite_id as favorite3_1_, favoritesp0_.spot_id as spot_id4_1_ from favorite_spot favoritesp0_ left outer join favorite favorite1_ on favoritesp0_.favorite_id=favorite1_.favorite_id where favorite1_.favorite_id=?
select favoritesp0_.favorite_spot_id as favorite1_1_, favoritesp0_.count as count2_1_, favoritesp0_.favorite_id as favorite3_1_, favoritesp0_.spot_id as spot_id4_1_ from favorite_spot favoritesp0_ left outer join favorite favorite1_ on favoritesp0_.favorite_id=favorite1_.favorite_id where favorite1_.favorite_id=41;
2022-10-10 13:48:04.712  INFO 3923 --- [    Test worker] p6spy                                    : #1665377284712 | took 4ms | statement | connection 26| url jdbc:h2:mem:6a3784ae-1aa6-4bbf-b617-4d4aeabcc2af
select spot1_.spot_id as spot_id1_7_, spot1_.address as address2_7_, spot1_.description as descript3_7_, spot1_.location as location4_7_, spot1_.name as name5_7_, spot1_.score_id as score_id6_7_ from favorite_spot favoritesp0_ inner join spot spot1_ on favoritesp0_.spot_id=spot1_.spot_id where favoritesp0_.favorite_id=? and (spot1_.spot_id in (? , ? , ? , ? , ? , ? , ? , ? , ? , ? , ? , ? , ? , ? , ? , ? , ? , ? , ? , ? , ? , ? , ? , ? , ? , ? , ? , ? , ? , ? , ? , ? , ? , ? , ? , ? , ? , ? , ? , ? , ? , ? , ? , ? , ? , ? , ? , ? , ? , ?))
select spot1_.spot_id as spot_id1_7_, spot1_.address as address2_7_, spot1_.description as descript3_7_, spot1_.location as location4_7_, spot1_.name as name5_7_, spot1_.score_id as score_id6_7_ from favorite_spot favoritesp0_ inner join spot spot1_ on favoritesp0_.spot_id=spot1_.spot_id where favoritesp0_.favorite_id=41 and (spot1_.spot_id in (669 , 671 , 673 , 675 , 677 , 679 , 681 , 683 , 685 , 687 , 689 , 691 , 693 , 695 , 697 , 699 , 701 , 703 , 705 , 707 , 709 , 711 , 713 , 715 , 717 , 719 , 721 , 723 , 725 , 727 , 729 , 731 , 733 , 735 , 737 , 739 , 741 , 743 , 745 , 747 , 749 , 751 , 753 , 755 , 757 , 759 , 761 , 763 , 765 , 767));
2022-10-10 13:48:04.722  INFO 3923 --- [    Test worker] p6spy                                    : #1665377284722 | took 0ms | statement | connection 26| url jdbc:h2:mem:6a3784ae-1aa6-4bbf-b617-4d4aeabcc2af
select sum(score1_.view_score) as col_0_0_, sum(score1_.price_score) as col_1_0_, sum(score1_.facility_score) as col_2_0_, sum(score1_.surround_score) as col_3_0_ from spot spot0_ inner join score score1_ on spot0_.score_id=score1_.score_id where spot0_.spot_id in (? , ? , ? , ? , ? , ? , ? , ? , ? , ? , ? , ? , ? , ? , ? , ? , ? , ? , ? , ? , ? , ? , ? , ? , ? , ? , ? , ? , ? , ? , ? , ? , ? , ? , ? , ? , ? , ? , ? , ? , ? , ? , ? , ? , ? , ? , ? , ? , ? , ?)
select sum(score1_.view_score) as col_0_0_, sum(score1_.price_score) as col_1_0_, sum(score1_.facility_score) as col_2_0_, sum(score1_.surround_score) as col_3_0_ from spot spot0_ inner join score score1_ on spot0_.score_id=score1_.score_id where spot0_.spot_id in (669 , 671 , 673 , 675 , 677 , 679 , 681 , 683 , 685 , 687 , 689 , 691 , 693 , 695 , 697 , 699 , 701 , 703 , 705 , 707 , 709 , 711 , 713 , 715 , 717 , 719 , 721 , 723 , 725 , 727 , 729 , 731 , 733 , 735 , 737 , 739 , 741 , 743 , 745 , 747 , 749 , 751 , 753 , 755 , 757 , 759 , 761 , 763 , 765 , 767);
2022-10-10 13:48:04.725  INFO 3923 --- [    Test worker] p6spy                                    : #1665377284725 | took 0ms | statement | connection 26| url jdbc:h2:mem:6a3784ae-1aa6-4bbf-b617-4d4aeabcc2af
select distinct spot0_.location as col_0_0_ from spot spot0_ where spot0_.spot_id in (? , ? , ? , ? , ? , ? , ? , ? , ? , ? , ? , ? , ? , ? , ? , ? , ? , ? , ? , ? , ? , ? , ? , ? , ? , ? , ? , ? , ? , ? , ? , ? , ? , ? , ? , ? , ? , ? , ? , ? , ? , ? , ? , ? , ? , ? , ? , ? , ? , ?)
select distinct spot0_.location as col_0_0_ from spot spot0_ where spot0_.spot_id in (669 , 671 , 673 , 675 , 677 , 679 , 681 , 683 , 685 , 687 , 689 , 691 , 693 , 695 , 697 , 699 , 701 , 703 , 705 , 707 , 709 , 711 , 713 , 715 , 717 , 719 , 721 , 723 , 725 , 727 , 729 , 731 , 733 , 735 , 737 , 739 , 741 , 743 , 745 , 747 , 749 , 751 , 753 , 755 , 757 , 759 , 761 , 763 , 765 , 767);
2022-10-10 13:48:04.725  INFO 3923 --- [    Test worker] c.j.r.FavoriteSpotQueryRepository        : score[0] = 217.08959201828912
2022-10-10 13:48:04.725  INFO 3923 --- [    Test worker] c.j.r.FavoriteSpotQueryRepository        : location = [Aewol_eup, Andeok_myeon]
2022-10-10 13:48:04.733  INFO 3923 --- [    Test worker] p6spy                                    : #1665377284733 | took 2ms | statement | connection 26| url jdbc:h2:mem:6a3784ae-1aa6-4bbf-b617-4d4aeabcc2af
select spot0_.spot_id as col_0_0_, spot0_.name as col_1_0_, spot0_.address as col_2_0_, spot0_.description as col_3_0_, (select max(picture2_.url) from picture picture2_ where picture2_.spot_id=spot0_.spot_id) as col_4_0_, spot0_.location as col_5_0_ from spot spot0_ left outer join score score1_ on spot0_.score_id=score1_.score_id where spot0_.location=? order by score1_.surround_score desc limit ?
select spot0_.spot_id as col_0_0_, spot0_.name as col_1_0_, spot0_.address as col_2_0_, spot0_.description as col_3_0_, (select max(picture2_.url) from picture picture2_ where picture2_.spot_id=spot0_.spot_id) as col_4_0_, spot0_.location as col_5_0_ from spot spot0_ left outer join score score1_ on spot0_.score_id=score1_.score_id where spot0_.location='Aewol_eup' order by score1_.surround_score desc limit 10;
2022-10-10 13:48:04.735  INFO 3923 --- [    Test worker] p6spy                                    : #1665377284735 | took 0ms | statement | connection 26| url jdbc:h2:mem:6a3784ae-1aa6-4bbf-b617-4d4aeabcc2af
select spot0_.spot_id as col_0_0_, spot0_.name as col_1_0_, spot0_.address as col_2_0_, spot0_.description as col_3_0_, (select max(picture2_.url) from picture picture2_ where picture2_.spot_id=spot0_.spot_id) as col_4_0_, spot0_.location as col_5_0_ from spot spot0_ left outer join score score1_ on spot0_.score_id=score1_.score_id where spot0_.location=? order by score1_.surround_score desc limit ?
select spot0_.spot_id as col_0_0_, spot0_.name as col_1_0_, spot0_.address as col_2_0_, spot0_.description as col_3_0_, (select max(picture2_.url) from picture picture2_ where picture2_.spot_id=spot0_.spot_id) as col_4_0_, spot0_.location as col_5_0_ from spot spot0_ left outer join score score1_ on spot0_.score_id=score1_.score_id where spot0_.location='Andeok_myeon' order by score1_.surround_score desc limit 10;
2022-10-10 13:48:04.736  INFO 3923 --- [    Test worker] c.j.r.FavoriteSpotQueryRepositoryTest    : list.toString() = [[RouteSpotListDto(spotId=712, spotName=null, spotAddress=null, spotDescription=null, url=asdf1, location=애월읍), RouteSpotListDto(spotId=701, spotName=null, spotAddress=null, spotDescription=null, url=asdf1, location=애월읍), RouteSpotListDto(spotId=704, spotName=null, spotAddress=null, spotDescription=null, url=asdf1, location=애월읍), RouteSpotListDto(spotId=698, spotName=null, spotAddress=null, spotDescription=null, url=asdf1, location=애월읍), RouteSpotListDto(spotId=713, spotName=null, spotAddress=null, spotDescription=null, url=asdf1, location=애월읍), RouteSpotListDto(spotId=695, spotName=null, spotAddress=null, spotDescription=null, url=asdf1, location=애월읍), RouteSpotListDto(spotId=678, spotName=null, spotAddress=null, spotDescription=null, url=asdf1, location=애월읍), RouteSpotListDto(spotId=683, spotName=null, spotAddress=null, spotDescription=null, url=asdf1, location=애월읍), RouteSpotListDto(spotId=686, spotName=null, spotAddress=null, spotDescription=null, url=asdf1, location=애월읍), RouteSpotListDto(spotId=711, spotName=null, spotAddress=null, spotDescription=null, url=asdf1, location=애월읍)], [RouteSpotListDto(spotId=763, spotName=null, spotAddress=null, spotDescription=null, url=asdf1, location=안덕면), RouteSpotListDto(spotId=762, spotName=null, spotAddress=null, spotDescription=null, url=asdf1, location=안덕면), RouteSpotListDto(spotId=749, spotName=null, spotAddress=null, spotDescription=null, url=asdf1, location=안덕면), RouteSpotListDto(spotId=719, spotName=null, spotAddress=null, spotDescription=null, url=asdf1, location=안덕면), RouteSpotListDto(spotId=750, spotName=null, spotAddress=null, spotDescription=null, url=asdf1, location=안덕면), RouteSpotListDto(spotId=735, spotName=null, spotAddress=null, spotDescription=null, url=asdf1, location=안덕면), RouteSpotListDto(spotId=760, spotName=null, spotAddress=null, spotDescription=null, url=asdf1, location=안덕면), RouteSpotListDto(spotId=726, spotName=null, spotAddress=null, spotDescription=null, url=asdf1, location=안덕면), RouteSpotListDto(spotId=741, spotName=null, spotAddress=null, spotDescription=null, url=asdf1, location=안덕면), RouteSpotListDto(spotId=727, spotName=null, spotAddress=null, spotDescription=null, url=asdf1, location=안덕면)]]
2022-10-10 13:48:04.740  INFO 3923 --- [    Test worker] p6spy                                    : #1665377284740 | took 2ms | rollback | connection 26| url jdbc:h2:mem:6a3784ae-1aa6-4bbf-b617-4d4aeabcc2af

;
2022-10-10 13:48:04.740  INFO 3923 --- [    Test worker] o.s.t.c.transaction.TransactionContext   : Rolled back transaction for test: [DefaultTestContext@792484df testClass = FavoriteSpotQueryRepositoryTest, testInstance = capstone.jejuTourrecommend.repository.FavoriteSpotQueryRepositoryTest@4c4e395e, testMethod = recommendSpotListTest@FavoriteSpotQueryRepositoryTest, testException = [null], mergedContextConfiguration = [WebMergedContextConfiguration@2efe360c testClass = FavoriteSpotQueryRepositoryTest, locations = '{}', classes = '{class capstone.jejuTourrecommend.JejuTourRecommendApplication}', contextInitializerClasses = '[]', activeProfiles = '{}', propertySourceLocations = '{}', propertySourceProperties = '{org.springframework.boot.test.context.SpringBootTestContextBootstrapper=true}', contextCustomizers = set[org.springframework.boot.test.autoconfigure.actuate.metrics.MetricsExportContextCustomizerFactory$DisableMetricExportContextCustomizer@239b0f9d, org.springframework.boot.test.autoconfigure.properties.PropertyMappingContextCustomizer@0, org.springframework.boot.test.autoconfigure.web.servlet.WebDriverContextCustomizerFactory$Customizer@c260bdc, org.springframework.boot.test.context.filter.ExcludeFilterContextCustomizer@3f363cf5, org.springframework.boot.test.json.DuplicateJsonObjectContextCustomizerFactory$DuplicateJsonObjectContextCustomizer@1bb1fde8, org.springframework.boot.test.mock.mockito.MockitoContextCustomizer@0, org.springframework.boot.test.web.client.TestRestTemplateContextCustomizer@26a4842b, org.springframework.boot.test.context.SpringBootTestArgs@1, org.springframework.boot.test.context.SpringBootTestWebEnvironment@34b9f960], resourceBasePath = 'src/main/webapp', contextLoader = 'org.springframework.boot.test.context.SpringBootContextLoader', parent = [null]], attributes = map['org.springframework.test.context.web.ServletTestExecutionListener.activateListener' -> true, 'org.springframework.test.context.web.ServletTestExecutionListener.populatedRequestContextHolder' -> true, 'org.springframework.test.context.web.ServletTestExecutionListener.resetRequestContextHolder' -> true, 'org.springframework.test.context.event.ApplicationEventsTestExecutionListener.recordApplicationEvents' -> false]]
2022-10-10 13:48:04.741  INFO 3923 --- [    Test worker] o.s.t.c.transaction.TransactionContext   : Began transaction (1) for test context [DefaultTestContext@792484df testClass = FavoriteSpotQueryRepositoryTest, testInstance = capstone.jejuTourrecommend.repository.FavoriteSpotQueryRepositoryTest@3ed37d28, testMethod = deleteTest@FavoriteSpotQueryRepositoryTest, testException = [null], mergedContextConfiguration = [WebMergedContextConfiguration@2efe360c testClass = FavoriteSpotQueryRepositoryTest, locations = '{}', classes = '{class capstone.jejuTourrecommend.JejuTourRecommendApplication}', contextInitializerClasses = '[]', activeProfiles = '{}', propertySourceLocations = '{}', propertySourceProperties = '{org.springframework.boot.test.context.SpringBootTestContextBootstrapper=true}', contextCustomizers = set[org.springframework.boot.test.autoconfigure.actuate.metrics.MetricsExportContextCustomizerFactory$DisableMetricExportContextCustomizer@239b0f9d, org.springframework.boot.test.autoconfigure.properties.PropertyMappingContextCustomizer@0, org.springframework.boot.test.autoconfigure.web.servlet.WebDriverContextCustomizerFactory$Customizer@c260bdc, org.springframework.boot.test.context.filter.ExcludeFilterContextCustomizer@3f363cf5, org.springframework.boot.test.json.DuplicateJsonObjectContextCustomizerFactory$DuplicateJsonObjectContextCustomizer@1bb1fde8, org.springframework.boot.test.mock.mockito.MockitoContextCustomizer@0, org.springframework.boot.test.web.client.TestRestTemplateContextCustomizer@26a4842b, org.springframework.boot.test.context.SpringBootTestArgs@1, org.springframework.boot.test.context.SpringBootTestWebEnvironment@34b9f960], resourceBasePath = 'src/main/webapp', contextLoader = 'org.springframework.boot.test.context.SpringBootContextLoader', parent = [null]], attributes = map['org.springframework.test.context.web.ServletTestExecutionListener.activateListener' -> true, 'org.springframework.test.context.web.ServletTestExecutionListener.populatedRequestContextHolder' -> true, 'org.springframework.test.context.web.ServletTestExecutionListener.resetRequestContextHolder' -> true, 'org.springframework.test.context.event.ApplicationEventsTestExecutionListener.recordApplicationEvents' -> false]]; transaction manager [org.springframework.orm.jpa.JpaTransactionManager@5843ab8]; rollback [true]
2022-10-10 13:48:04.742  INFO 3923 --- [    Test worker] c.j.r.FavoriteSpotQueryRepositoryTest    : member1 =Member(id=22, username=member1, email=member1@gmail.com, password=1234)
2022-10-10 13:48:04.743  INFO 3923 --- [    Test worker] p6spy                                    : #1665377284743 | took 0ms | statement | connection 27| url jdbc:h2:mem:6a3784ae-1aa6-4bbf-b617-4d4aeabcc2af
call next value for hibernate_sequence
call next value for hibernate_sequence;
2022-10-10 13:48:04.743  INFO 3923 --- [    Test worker] p6spy                                    : #1665377284743 | took 0ms | statement | connection 27| url jdbc:h2:mem:6a3784ae-1aa6-4bbf-b617-4d4aeabcc2af
call next value for hibernate_sequence
call next value for hibernate_sequence;
2022-10-10 13:48:04.743  INFO 3923 --- [    Test worker] p6spy                                    : #1665377284743 | took 0ms | statement | connection 27| url jdbc:h2:mem:6a3784ae-1aa6-4bbf-b617-4d4aeabcc2af
call next value for hibernate_sequence
call next value for hibernate_sequence;
2022-10-10 13:48:04.743  INFO 3923 --- [    Test worker] p6spy                                    : #1665377284743 | took 0ms | statement | connection 27| url jdbc:h2:mem:6a3784ae-1aa6-4bbf-b617-4d4aeabcc2af
call next value for hibernate_sequence
call next value for hibernate_sequence;
2022-10-10 13:48:04.743  INFO 3923 --- [    Test worker] c.j.r.FavoriteSpotQueryRepositoryTest    : favoriteSpot = FavoriteSpot(id=527, count=0)
2022-10-10 13:48:04.743  INFO 3923 --- [    Test worker] c.j.r.FavoriteSpotQueryRepositoryTest    : Spot = capstone.jejuTourrecommend.domain.Spot@6bcc7181
2022-10-10 13:48:04.743  INFO 3923 --- [    Test worker] p6spy                                    : #1665377284743 | took 0ms | statement | connection 27| url jdbc:h2:mem:6a3784ae-1aa6-4bbf-b617-4d4aeabcc2af
call next value for hibernate_sequence
call next value for hibernate_sequence;
2022-10-10 13:48:04.743  INFO 3923 --- [    Test worker] p6spy                                    : #1665377284743 | took 0ms | statement | connection 27| url jdbc:h2:mem:6a3784ae-1aa6-4bbf-b617-4d4aeabcc2af
call next value for hibernate_sequence
call next value for hibernate_sequence;
2022-10-10 13:48:04.743  INFO 3923 --- [    Test worker] p6spy                                    : #1665377284743 | took 0ms | statement | connection 27| url jdbc:h2:mem:6a3784ae-1aa6-4bbf-b617-4d4aeabcc2af
call next value for hibernate_sequence
call next value for hibernate_sequence;
2022-10-10 13:48:04.743  INFO 3923 --- [    Test worker] p6spy                                    : #1665377284743 | took 0ms | statement | connection 27| url jdbc:h2:mem:6a3784ae-1aa6-4bbf-b617-4d4aeabcc2af
call next value for hibernate_sequence
call next value for hibernate_sequence;
2022-10-10 13:48:04.743  INFO 3923 --- [    Test worker] p6spy                                    : #1665377284743 | took 0ms | statement | connection 27| url jdbc:h2:mem:6a3784ae-1aa6-4bbf-b617-4d4aeabcc2af
call next value for hibernate_sequence
call next value for hibernate_sequence;
2022-10-10 13:48:04.743  INFO 3923 --- [    Test worker] p6spy                                    : #1665377284743 | took 0ms | statement | connection 27| url jdbc:h2:mem:6a3784ae-1aa6-4bbf-b617-4d4aeabcc2af
call next value for hibernate_sequence
call next value for hibernate_sequence;
2022-10-10 13:48:04.743  INFO 3923 --- [    Test worker] p6spy                                    : #1665377284743 | took 0ms | statement | connection 27| url jdbc:h2:mem:6a3784ae-1aa6-4bbf-b617-4d4aeabcc2af
call next value for hibernate_sequence
call next value for hibernate_sequence;
2022-10-10 13:48:04.743  INFO 3923 --- [    Test worker] p6spy                                    : #1665377284743 | took 0ms | statement | connection 27| url jdbc:h2:mem:6a3784ae-1aa6-4bbf-b617-4d4aeabcc2af
call next value for hibernate_sequence
call next value for hibernate_sequence;
2022-10-10 13:48:04.743  INFO 3923 --- [    Test worker] c.j.r.FavoriteSpotQueryRepositoryTest    : favoriteSpot = FavoriteSpot(id=528, count=0)
2022-10-10 13:48:04.743  INFO 3923 --- [    Test worker] c.j.r.FavoriteSpotQueryRepositoryTest    : Spot = capstone.jejuTourrecommend.domain.Spot@4afe953e
2022-10-10 13:48:04.743  INFO 3923 --- [    Test worker] p6spy                                    : #1665377284743 | took 0ms | statement | connection 27| url jdbc:h2:mem:6a3784ae-1aa6-4bbf-b617-4d4aeabcc2af
call next value for hibernate_sequence
call next value for hibernate_sequence;
2022-10-10 13:48:04.743  INFO 3923 --- [    Test worker] p6spy                                    : #1665377284743 | took 0ms | statement | connection 27| url jdbc:h2:mem:6a3784ae-1aa6-4bbf-b617-4d4aeabcc2af
call next value for hibernate_sequence
call next value for hibernate_sequence;
2022-10-10 13:48:04.743  INFO 3923 --- [    Test worker] p6spy                                    : #1665377284743 | took 0ms | statement | connection 27| url jdbc:h2:mem:6a3784ae-1aa6-4bbf-b617-4d4aeabcc2af
call next value for hibernate_sequence
call next value for hibernate_sequence;
2022-10-10 13:48:04.743  INFO 3923 --- [    Test worker] p6spy                                    : #1665377284743 | took 0ms | statement | connection 27| url jdbc:h2:mem:6a3784ae-1aa6-4bbf-b617-4d4aeabcc2af
call next value for hibernate_sequence
call next value for hibernate_sequence;
2022-10-10 13:48:04.743  INFO 3923 --- [    Test worker] p6spy                                    : #1665377284743 | took 0ms | statement | connection 27| url jdbc:h2:mem:6a3784ae-1aa6-4bbf-b617-4d4aeabcc2af
call next value for hibernate_sequence
call next value for hibernate_sequence;
2022-10-10 13:48:04.743  INFO 3923 --- [    Test worker] p6spy                                    : #1665377284743 | took 0ms | statement | connection 27| url jdbc:h2:mem:6a3784ae-1aa6-4bbf-b617-4d4aeabcc2af
call next value for hibernate_sequence
call next value for hibernate_sequence;
2022-10-10 13:48:04.743  INFO 3923 --- [    Test worker] p6spy                                    : #1665377284743 | took 0ms | statement | connection 27| url jdbc:h2:mem:6a3784ae-1aa6-4bbf-b617-4d4aeabcc2af
call next value for hibernate_sequence
call next value for hibernate_sequence;
2022-10-10 13:48:04.743  INFO 3923 --- [    Test worker] p6spy                                    : #1665377284743 | took 0ms | statement | connection 27| url jdbc:h2:mem:6a3784ae-1aa6-4bbf-b617-4d4aeabcc2af
call next value for hibernate_sequence
call next value for hibernate_sequence;
2022-10-10 13:48:04.743  INFO 3923 --- [    Test worker] c.j.r.FavoriteSpotQueryRepositoryTest    : favoriteSpot = FavoriteSpot(id=529, count=0)
2022-10-10 13:48:04.743  INFO 3923 --- [    Test worker] c.j.r.FavoriteSpotQueryRepositoryTest    : Spot = capstone.jejuTourrecommend.domain.Spot@f45e521
2022-10-10 13:48:04.743  INFO 3923 --- [    Test worker] p6spy                                    : #1665377284743 | took 0ms | statement | connection 27| url jdbc:h2:mem:6a3784ae-1aa6-4bbf-b617-4d4aeabcc2af
call next value for hibernate_sequence
call next value for hibernate_sequence;
2022-10-10 13:48:04.743  INFO 3923 --- [    Test worker] p6spy                                    : #1665377284743 | took 0ms | statement | connection 27| url jdbc:h2:mem:6a3784ae-1aa6-4bbf-b617-4d4aeabcc2af
call next value for hibernate_sequence
call next value for hibernate_sequence;
2022-10-10 13:48:04.743  INFO 3923 --- [    Test worker] p6spy                                    : #1665377284743 | took 0ms | statement | connection 27| url jdbc:h2:mem:6a3784ae-1aa6-4bbf-b617-4d4aeabcc2af
call next value for hibernate_sequence
call next value for hibernate_sequence;
2022-10-10 13:48:04.743  INFO 3923 --- [    Test worker] p6spy                                    : #1665377284743 | took 0ms | statement | connection 27| url jdbc:h2:mem:6a3784ae-1aa6-4bbf-b617-4d4aeabcc2af
call next value for hibernate_sequence
call next value for hibernate_sequence;
2022-10-10 13:48:04.743  INFO 3923 --- [    Test worker] p6spy                                    : #1665377284743 | took 0ms | statement | connection 27| url jdbc:h2:mem:6a3784ae-1aa6-4bbf-b617-4d4aeabcc2af
call next value for hibernate_sequence
call next value for hibernate_sequence;
2022-10-10 13:48:04.743  INFO 3923 --- [    Test worker] p6spy                                    : #1665377284743 | took 0ms | statement | connection 27| url jdbc:h2:mem:6a3784ae-1aa6-4bbf-b617-4d4aeabcc2af
call next value for hibernate_sequence
call next value for hibernate_sequence;
2022-10-10 13:48:04.743  INFO 3923 --- [    Test worker] p6spy                                    : #1665377284743 | took 0ms | statement | connection 27| url jdbc:h2:mem:6a3784ae-1aa6-4bbf-b617-4d4aeabcc2af
call next value for hibernate_sequence
call next value for hibernate_sequence;
2022-10-10 13:48:04.743  INFO 3923 --- [    Test worker] p6spy                                    : #1665377284743 | took 0ms | statement | connection 27| url jdbc:h2:mem:6a3784ae-1aa6-4bbf-b617-4d4aeabcc2af
call next value for hibernate_sequence
call next value for hibernate_sequence;
2022-10-10 13:48:04.744  INFO 3923 --- [    Test worker] c.j.r.FavoriteSpotQueryRepositoryTest    : favoriteSpot = FavoriteSpot(id=530, count=0)
2022-10-10 13:48:04.744  INFO 3923 --- [    Test worker] c.j.r.FavoriteSpotQueryRepositoryTest    : Spot = capstone.jejuTourrecommend.domain.Spot@6bde8654
2022-10-10 13:48:04.744  INFO 3923 --- [    Test worker] p6spy                                    : #1665377284744 | took 0ms | statement | connection 27| url jdbc:h2:mem:6a3784ae-1aa6-4bbf-b617-4d4aeabcc2af
call next value for hibernate_sequence
call next value for hibernate_sequence;
2022-10-10 13:48:04.744  INFO 3923 --- [    Test worker] p6spy                                    : #1665377284744 | took 0ms | statement | connection 27| url jdbc:h2:mem:6a3784ae-1aa6-4bbf-b617-4d4aeabcc2af
call next value for hibernate_sequence
call next value for hibernate_sequence;
2022-10-10 13:48:04.744  INFO 3923 --- [    Test worker] p6spy                                    : #1665377284744 | took 0ms | statement | connection 27| url jdbc:h2:mem:6a3784ae-1aa6-4bbf-b617-4d4aeabcc2af
call next value for hibernate_sequence
call next value for hibernate_sequence;
2022-10-10 13:48:04.744  INFO 3923 --- [    Test worker] p6spy                                    : #1665377284744 | took 0ms | statement | connection 27| url jdbc:h2:mem:6a3784ae-1aa6-4bbf-b617-4d4aeabcc2af
call next value for hibernate_sequence
call next value for hibernate_sequence;
2022-10-10 13:48:04.744  INFO 3923 --- [    Test worker] p6spy                                    : #1665377284744 | took 0ms | statement | connection 27| url jdbc:h2:mem:6a3784ae-1aa6-4bbf-b617-4d4aeabcc2af
call next value for hibernate_sequence
call next value for hibernate_sequence;
2022-10-10 13:48:04.744  INFO 3923 --- [    Test worker] p6spy                                    : #1665377284744 | took 0ms | statement | connection 27| url jdbc:h2:mem:6a3784ae-1aa6-4bbf-b617-4d4aeabcc2af
call next value for hibernate_sequence
call next value for hibernate_sequence;
2022-10-10 13:48:04.744  INFO 3923 --- [    Test worker] p6spy                                    : #1665377284744 | took 0ms | statement | connection 27| url jdbc:h2:mem:6a3784ae-1aa6-4bbf-b617-4d4aeabcc2af
call next value for hibernate_sequence
call next value for hibernate_sequence;
2022-10-10 13:48:04.744  INFO 3923 --- [    Test worker] p6spy                                    : #1665377284744 | took 0ms | statement | connection 27| url jdbc:h2:mem:6a3784ae-1aa6-4bbf-b617-4d4aeabcc2af
call next value for hibernate_sequence
call next value for hibernate_sequence;
2022-10-10 13:48:04.744  INFO 3923 --- [    Test worker] c.j.r.FavoriteSpotQueryRepositoryTest    : favoriteSpot = FavoriteSpot(id=531, count=0)
2022-10-10 13:48:04.744  INFO 3923 --- [    Test worker] c.j.r.FavoriteSpotQueryRepositoryTest    : Spot = capstone.jejuTourrecommend.domain.Spot@1b920744
2022-10-10 13:48:04.744  INFO 3923 --- [    Test worker] p6spy                                    : #1665377284744 | took 0ms | statement | connection 27| url jdbc:h2:mem:6a3784ae-1aa6-4bbf-b617-4d4aeabcc2af
call next value for hibernate_sequence
call next value for hibernate_sequence;
2022-10-10 13:48:04.744  INFO 3923 --- [    Test worker] p6spy                                    : #1665377284744 | took 0ms | statement | connection 27| url jdbc:h2:mem:6a3784ae-1aa6-4bbf-b617-4d4aeabcc2af
call next value for hibernate_sequence
call next value for hibernate_sequence;
2022-10-10 13:48:04.744  INFO 3923 --- [    Test worker] p6spy                                    : #1665377284744 | took 0ms | statement | connection 27| url jdbc:h2:mem:6a3784ae-1aa6-4bbf-b617-4d4aeabcc2af
call next value for hibernate_sequence
call next value for hibernate_sequence;
2022-10-10 13:48:04.744  INFO 3923 --- [    Test worker] p6spy                                    : #1665377284744 | took 0ms | statement | connection 27| url jdbc:h2:mem:6a3784ae-1aa6-4bbf-b617-4d4aeabcc2af
call next value for hibernate_sequence
call next value for hibernate_sequence;
2022-10-10 13:48:04.744  INFO 3923 --- [    Test worker] p6spy                                    : #1665377284744 | took 0ms | statement | connection 27| url jdbc:h2:mem:6a3784ae-1aa6-4bbf-b617-4d4aeabcc2af
call next value for hibernate_sequence
call next value for hibernate_sequence;
2022-10-10 13:48:04.744  INFO 3923 --- [    Test worker] p6spy                                    : #1665377284744 | took 0ms | statement | connection 27| url jdbc:h2:mem:6a3784ae-1aa6-4bbf-b617-4d4aeabcc2af
call next value for hibernate_sequence
call next value for hibernate_sequence;
2022-10-10 13:48:04.744  INFO 3923 --- [    Test worker] p6spy                                    : #1665377284744 | took 0ms | statement | connection 27| url jdbc:h2:mem:6a3784ae-1aa6-4bbf-b617-4d4aeabcc2af
call next value for hibernate_sequence
call next value for hibernate_sequence;
2022-10-10 13:48:04.744  INFO 3923 --- [    Test worker] p6spy                                    : #1665377284744 | took 0ms | statement | connection 27| url jdbc:h2:mem:6a3784ae-1aa6-4bbf-b617-4d4aeabcc2af
call next value for hibernate_sequence
call next value for hibernate_sequence;
2022-10-10 13:48:04.744  INFO 3923 --- [    Test worker] c.j.r.FavoriteSpotQueryRepositoryTest    : favoriteSpot = FavoriteSpot(id=532, count=0)
2022-10-10 13:48:04.744  INFO 3923 --- [    Test worker] c.j.r.FavoriteSpotQueryRepositoryTest    : Spot = capstone.jejuTourrecommend.domain.Spot@36a0eb33
2022-10-10 13:48:04.744  INFO 3923 --- [    Test worker] p6spy                                    : #1665377284744 | took 0ms | statement | connection 27| url jdbc:h2:mem:6a3784ae-1aa6-4bbf-b617-4d4aeabcc2af
call next value for hibernate_sequence
call next value for hibernate_sequence;
2022-10-10 13:48:04.744  INFO 3923 --- [    Test worker] p6spy                                    : #1665377284744 | took 0ms | statement | connection 27| url jdbc:h2:mem:6a3784ae-1aa6-4bbf-b617-4d4aeabcc2af
call next value for hibernate_sequence
call next value for hibernate_sequence;
2022-10-10 13:48:04.744  INFO 3923 --- [    Test worker] p6spy                                    : #1665377284744 | took 0ms | statement | connection 27| url jdbc:h2:mem:6a3784ae-1aa6-4bbf-b617-4d4aeabcc2af
call next value for hibernate_sequence
call next value for hibernate_sequence;
2022-10-10 13:48:04.744  INFO 3923 --- [    Test worker] p6spy                                    : #1665377284744 | took 0ms | statement | connection 27| url jdbc:h2:mem:6a3784ae-1aa6-4bbf-b617-4d4aeabcc2af
call next value for hibernate_sequence
call next value for hibernate_sequence;
2022-10-10 13:48:04.744  INFO 3923 --- [    Test worker] p6spy                                    : #1665377284744 | took 0ms | statement | connection 27| url jdbc:h2:mem:6a3784ae-1aa6-4bbf-b617-4d4aeabcc2af
call next value for hibernate_sequence
call next value for hibernate_sequence;
2022-10-10 13:48:04.744  INFO 3923 --- [    Test worker] p6spy                                    : #1665377284744 | took 0ms | statement | connection 27| url jdbc:h2:mem:6a3784ae-1aa6-4bbf-b617-4d4aeabcc2af
call next value for hibernate_sequence
call next value for hibernate_sequence;
2022-10-10 13:48:04.744  INFO 3923 --- [    Test worker] p6spy                                    : #1665377284744 | took 0ms | statement | connection 27| url jdbc:h2:mem:6a3784ae-1aa6-4bbf-b617-4d4aeabcc2af
call next value for hibernate_sequence
call next value for hibernate_sequence;
2022-10-10 13:48:04.744  INFO 3923 --- [    Test worker] p6spy                                    : #1665377284744 | took 0ms | statement | connection 27| url jdbc:h2:mem:6a3784ae-1aa6-4bbf-b617-4d4aeabcc2af
call next value for hibernate_sequence
call next value for hibernate_sequence;
2022-10-10 13:48:04.744  INFO 3923 --- [    Test worker] c.j.r.FavoriteSpotQueryRepositoryTest    : favoriteSpot = FavoriteSpot(id=533, count=0)
2022-10-10 13:48:04.744  INFO 3923 --- [    Test worker] c.j.r.FavoriteSpotQueryRepositoryTest    : Spot = capstone.jejuTourrecommend.domain.Spot@18cbde4d
2022-10-10 13:48:04.744  INFO 3923 --- [    Test worker] p6spy                                    : #1665377284744 | took 0ms | statement | connection 27| url jdbc:h2:mem:6a3784ae-1aa6-4bbf-b617-4d4aeabcc2af
call next value for hibernate_sequence
call next value for hibernate_sequence;
2022-10-10 13:48:04.744  INFO 3923 --- [    Test worker] p6spy                                    : #1665377284744 | took 0ms | statement | connection 27| url jdbc:h2:mem:6a3784ae-1aa6-4bbf-b617-4d4aeabcc2af
call next value for hibernate_sequence
call next value for hibernate_sequence;
2022-10-10 13:48:04.744  INFO 3923 --- [    Test worker] p6spy                                    : #1665377284744 | took 0ms | statement | connection 27| url jdbc:h2:mem:6a3784ae-1aa6-4bbf-b617-4d4aeabcc2af
call next value for hibernate_sequence
call next value for hibernate_sequence;
2022-10-10 13:48:04.744  INFO 3923 --- [    Test worker] p6spy                                    : #1665377284744 | took 0ms | statement | connection 27| url jdbc:h2:mem:6a3784ae-1aa6-4bbf-b617-4d4aeabcc2af
call next value for hibernate_sequence
call next value for hibernate_sequence;
2022-10-10 13:48:04.745  INFO 3923 --- [    Test worker] p6spy                                    : #1665377284745 | took 0ms | statement | connection 27| url jdbc:h2:mem:6a3784ae-1aa6-4bbf-b617-4d4aeabcc2af
call next value for hibernate_sequence
call next value for hibernate_sequence;
2022-10-10 13:48:04.745  INFO 3923 --- [    Test worker] p6spy                                    : #1665377284745 | took 0ms | statement | connection 27| url jdbc:h2:mem:6a3784ae-1aa6-4bbf-b617-4d4aeabcc2af
call next value for hibernate_sequence
call next value for hibernate_sequence;
2022-10-10 13:48:04.745  INFO 3923 --- [    Test worker] p6spy                                    : #1665377284745 | took 0ms | statement | connection 27| url jdbc:h2:mem:6a3784ae-1aa6-4bbf-b617-4d4aeabcc2af
call next value for hibernate_sequence
call next value for hibernate_sequence;
2022-10-10 13:48:04.745  INFO 3923 --- [    Test worker] p6spy                                    : #1665377284745 | took 0ms | statement | connection 27| url jdbc:h2:mem:6a3784ae-1aa6-4bbf-b617-4d4aeabcc2af
call next value for hibernate_sequence
call next value for hibernate_sequence;
2022-10-10 13:48:04.745  INFO 3923 --- [    Test worker] c.j.r.FavoriteSpotQueryRepositoryTest    : favoriteSpot = FavoriteSpot(id=534, count=0)
2022-10-10 13:48:04.745  INFO 3923 --- [    Test worker] c.j.r.FavoriteSpotQueryRepositoryTest    : Spot = capstone.jejuTourrecommend.domain.Spot@51c09954
2022-10-10 13:48:04.745  INFO 3923 --- [    Test worker] p6spy                                    : #1665377284745 | took 0ms | statement | connection 27| url jdbc:h2:mem:6a3784ae-1aa6-4bbf-b617-4d4aeabcc2af
call next value for hibernate_sequence
call next value for hibernate_sequence;
2022-10-10 13:48:04.745  INFO 3923 --- [    Test worker] p6spy                                    : #1665377284745 | took 0ms | statement | connection 27| url jdbc:h2:mem:6a3784ae-1aa6-4bbf-b617-4d4aeabcc2af
call next value for hibernate_sequence
call next value for hibernate_sequence;
2022-10-10 13:48:04.745  INFO 3923 --- [    Test worker] p6spy                                    : #1665377284745 | took 0ms | statement | connection 27| url jdbc:h2:mem:6a3784ae-1aa6-4bbf-b617-4d4aeabcc2af
call next value for hibernate_sequence
call next value for hibernate_sequence;
2022-10-10 13:48:04.745  INFO 3923 --- [    Test worker] p6spy                                    : #1665377284745 | took 0ms | statement | connection 27| url jdbc:h2:mem:6a3784ae-1aa6-4bbf-b617-4d4aeabcc2af
call next value for hibernate_sequence
call next value for hibernate_sequence;
2022-10-10 13:48:04.745  INFO 3923 --- [    Test worker] p6spy                                    : #1665377284745 | took 0ms | statement | connection 27| url jdbc:h2:mem:6a3784ae-1aa6-4bbf-b617-4d4aeabcc2af
call next value for hibernate_sequence
call next value for hibernate_sequence;
2022-10-10 13:48:04.745  INFO 3923 --- [    Test worker] p6spy                                    : #1665377284745 | took 0ms | statement | connection 27| url jdbc:h2:mem:6a3784ae-1aa6-4bbf-b617-4d4aeabcc2af
call next value for hibernate_sequence
call next value for hibernate_sequence;
2022-10-10 13:48:04.745  INFO 3923 --- [    Test worker] p6spy                                    : #1665377284745 | took 0ms | statement | connection 27| url jdbc:h2:mem:6a3784ae-1aa6-4bbf-b617-4d4aeabcc2af
call next value for hibernate_sequence
call next value for hibernate_sequence;
2022-10-10 13:48:04.745  INFO 3923 --- [    Test worker] p6spy                                    : #1665377284745 | took 0ms | statement | connection 27| url jdbc:h2:mem:6a3784ae-1aa6-4bbf-b617-4d4aeabcc2af
call next value for hibernate_sequence
call next value for hibernate_sequence;
2022-10-10 13:48:04.745  INFO 3923 --- [    Test worker] c.j.r.FavoriteSpotQueryRepositoryTest    : favoriteSpot = FavoriteSpot(id=535, count=0)
2022-10-10 13:48:04.745  INFO 3923 --- [    Test worker] c.j.r.FavoriteSpotQueryRepositoryTest    : Spot = capstone.jejuTourrecommend.domain.Spot@526c3731
2022-10-10 13:48:04.745  INFO 3923 --- [    Test worker] p6spy                                    : #1665377284745 | took 0ms | statement | connection 27| url jdbc:h2:mem:6a3784ae-1aa6-4bbf-b617-4d4aeabcc2af
call next value for hibernate_sequence
call next value for hibernate_sequence;
2022-10-10 13:48:04.745  INFO 3923 --- [    Test worker] p6spy                                    : #1665377284745 | took 0ms | statement | connection 27| url jdbc:h2:mem:6a3784ae-1aa6-4bbf-b617-4d4aeabcc2af
call next value for hibernate_sequence
call next value for hibernate_sequence;
2022-10-10 13:48:04.745  INFO 3923 --- [    Test worker] p6spy                                    : #1665377284745 | took 0ms | statement | connection 27| url jdbc:h2:mem:6a3784ae-1aa6-4bbf-b617-4d4aeabcc2af
call next value for hibernate_sequence
call next value for hibernate_sequence;
2022-10-10 13:48:04.745  INFO 3923 --- [    Test worker] p6spy                                    : #1665377284745 | took 0ms | statement | connection 27| url jdbc:h2:mem:6a3784ae-1aa6-4bbf-b617-4d4aeabcc2af
call next value for hibernate_sequence
call next value for hibernate_sequence;
2022-10-10 13:48:04.745  INFO 3923 --- [    Test worker] p6spy                                    : #1665377284745 | took 0ms | statement | connection 27| url jdbc:h2:mem:6a3784ae-1aa6-4bbf-b617-4d4aeabcc2af
call next value for hibernate_sequence
call next value for hibernate_sequence;
2022-10-10 13:48:04.745  INFO 3923 --- [    Test worker] p6spy                                    : #1665377284745 | took 0ms | statement | connection 27| url jdbc:h2:mem:6a3784ae-1aa6-4bbf-b617-4d4aeabcc2af
call next value for hibernate_sequence
call next value for hibernate_sequence;
2022-10-10 13:48:04.745  INFO 3923 --- [    Test worker] p6spy                                    : #1665377284745 | took 0ms | statement | connection 27| url jdbc:h2:mem:6a3784ae-1aa6-4bbf-b617-4d4aeabcc2af
call next value for hibernate_sequence
call next value for hibernate_sequence;
2022-10-10 13:48:04.745  INFO 3923 --- [    Test worker] p6spy                                    : #1665377284745 | took 0ms | statement | connection 27| url jdbc:h2:mem:6a3784ae-1aa6-4bbf-b617-4d4aeabcc2af
call next value for hibernate_sequence
call next value for hibernate_sequence;
2022-10-10 13:48:04.745  INFO 3923 --- [    Test worker] c.j.r.FavoriteSpotQueryRepositoryTest    : favoriteSpot = FavoriteSpot(id=536, count=0)
2022-10-10 13:48:04.745  INFO 3923 --- [    Test worker] c.j.r.FavoriteSpotQueryRepositoryTest    : Spot = capstone.jejuTourrecommend.domain.Spot@70b9e0c6
2022-10-10 13:48:04.745  INFO 3923 --- [    Test worker] p6spy                                    : #1665377284745 | took 0ms | statement | connection 27| url jdbc:h2:mem:6a3784ae-1aa6-4bbf-b617-4d4aeabcc2af
call next value for hibernate_sequence
call next value for hibernate_sequence;
2022-10-10 13:48:04.745  INFO 3923 --- [    Test worker] p6spy                                    : #1665377284745 | took 0ms | statement | connection 27| url jdbc:h2:mem:6a3784ae-1aa6-4bbf-b617-4d4aeabcc2af
call next value for hibernate_sequence
call next value for hibernate_sequence;
2022-10-10 13:48:04.745  INFO 3923 --- [    Test worker] p6spy                                    : #1665377284745 | took 0ms | statement | connection 27| url jdbc:h2:mem:6a3784ae-1aa6-4bbf-b617-4d4aeabcc2af
call next value for hibernate_sequence
call next value for hibernate_sequence;
2022-10-10 13:48:04.745  INFO 3923 --- [    Test worker] p6spy                                    : #1665377284745 | took 0ms | statement | connection 27| url jdbc:h2:mem:6a3784ae-1aa6-4bbf-b617-4d4aeabcc2af
call next value for hibernate_sequence
call next value for hibernate_sequence;
2022-10-10 13:48:04.745  INFO 3923 --- [    Test worker] p6spy                                    : #1665377284745 | took 0ms | statement | connection 27| url jdbc:h2:mem:6a3784ae-1aa6-4bbf-b617-4d4aeabcc2af
call next value for hibernate_sequence
call next value for hibernate_sequence;
2022-10-10 13:48:04.745  INFO 3923 --- [    Test worker] p6spy                                    : #1665377284745 | took 0ms | statement | connection 27| url jdbc:h2:mem:6a3784ae-1aa6-4bbf-b617-4d4aeabcc2af
call next value for hibernate_sequence
call next value for hibernate_sequence;
2022-10-10 13:48:04.745  INFO 3923 --- [    Test worker] p6spy                                    : #1665377284745 | took 0ms | statement | connection 27| url jdbc:h2:mem:6a3784ae-1aa6-4bbf-b617-4d4aeabcc2af
call next value for hibernate_sequence
call next value for hibernate_sequence;
2022-10-10 13:48:04.746  INFO 3923 --- [    Test worker] p6spy                                    : #1665377284746 | took 0ms | statement | connection 27| url jdbc:h2:mem:6a3784ae-1aa6-4bbf-b617-4d4aeabcc2af
call next value for hibernate_sequence
call next value for hibernate_sequence;
2022-10-10 13:48:04.746  INFO 3923 --- [    Test worker] c.j.r.FavoriteSpotQueryRepositoryTest    : favoriteSpot = FavoriteSpot(id=537, count=0)
2022-10-10 13:48:04.746  INFO 3923 --- [    Test worker] c.j.r.FavoriteSpotQueryRepositoryTest    : Spot = capstone.jejuTourrecommend.domain.Spot@442bca3b
2022-10-10 13:48:04.746  INFO 3923 --- [    Test worker] p6spy                                    : #1665377284746 | took 0ms | statement | connection 27| url jdbc:h2:mem:6a3784ae-1aa6-4bbf-b617-4d4aeabcc2af
call next value for hibernate_sequence
call next value for hibernate_sequence;
2022-10-10 13:48:04.746  INFO 3923 --- [    Test worker] p6spy                                    : #1665377284746 | took 0ms | statement | connection 27| url jdbc:h2:mem:6a3784ae-1aa6-4bbf-b617-4d4aeabcc2af
call next value for hibernate_sequence
call next value for hibernate_sequence;
2022-10-10 13:48:04.746  INFO 3923 --- [    Test worker] p6spy                                    : #1665377284746 | took 0ms | statement | connection 27| url jdbc:h2:mem:6a3784ae-1aa6-4bbf-b617-4d4aeabcc2af
call next value for hibernate_sequence
call next value for hibernate_sequence;
2022-10-10 13:48:04.746  INFO 3923 --- [    Test worker] p6spy                                    : #1665377284746 | took 0ms | statement | connection 27| url jdbc:h2:mem:6a3784ae-1aa6-4bbf-b617-4d4aeabcc2af
call next value for hibernate_sequence
call next value for hibernate_sequence;
2022-10-10 13:48:04.746  INFO 3923 --- [    Test worker] p6spy                                    : #1665377284746 | took 0ms | statement | connection 27| url jdbc:h2:mem:6a3784ae-1aa6-4bbf-b617-4d4aeabcc2af
call next value for hibernate_sequence
call next value for hibernate_sequence;
2022-10-10 13:48:04.746  INFO 3923 --- [    Test worker] p6spy                                    : #1665377284746 | took 0ms | statement | connection 27| url jdbc:h2:mem:6a3784ae-1aa6-4bbf-b617-4d4aeabcc2af
call next value for hibernate_sequence
call next value for hibernate_sequence;
2022-10-10 13:48:04.746  INFO 3923 --- [    Test worker] p6spy                                    : #1665377284746 | took 0ms | statement | connection 27| url jdbc:h2:mem:6a3784ae-1aa6-4bbf-b617-4d4aeabcc2af
call next value for hibernate_sequence
call next value for hibernate_sequence;
2022-10-10 13:48:04.746  INFO 3923 --- [    Test worker] p6spy                                    : #1665377284746 | took 0ms | statement | connection 27| url jdbc:h2:mem:6a3784ae-1aa6-4bbf-b617-4d4aeabcc2af
call next value for hibernate_sequence
call next value for hibernate_sequence;
2022-10-10 13:48:04.746  INFO 3923 --- [    Test worker] c.j.r.FavoriteSpotQueryRepositoryTest    : favoriteSpot = FavoriteSpot(id=538, count=0)
2022-10-10 13:48:04.746  INFO 3923 --- [    Test worker] c.j.r.FavoriteSpotQueryRepositoryTest    : Spot = capstone.jejuTourrecommend.domain.Spot@2b624a24
2022-10-10 13:48:04.746  INFO 3923 --- [    Test worker] p6spy                                    : #1665377284746 | took 0ms | statement | connection 27| url jdbc:h2:mem:6a3784ae-1aa6-4bbf-b617-4d4aeabcc2af
call next value for hibernate_sequence
call next value for hibernate_sequence;
2022-10-10 13:48:04.746  INFO 3923 --- [    Test worker] p6spy                                    : #1665377284746 | took 0ms | statement | connection 27| url jdbc:h2:mem:6a3784ae-1aa6-4bbf-b617-4d4aeabcc2af
call next value for hibernate_sequence
call next value for hibernate_sequence;
2022-10-10 13:48:04.746  INFO 3923 --- [    Test worker] p6spy                                    : #1665377284746 | took 0ms | statement | connection 27| url jdbc:h2:mem:6a3784ae-1aa6-4bbf-b617-4d4aeabcc2af
call next value for hibernate_sequence
call next value for hibernate_sequence;
2022-10-10 13:48:04.746  INFO 3923 --- [    Test worker] p6spy                                    : #1665377284746 | took 0ms | statement | connection 27| url jdbc:h2:mem:6a3784ae-1aa6-4bbf-b617-4d4aeabcc2af
call next value for hibernate_sequence
call next value for hibernate_sequence;
2022-10-10 13:48:04.746  INFO 3923 --- [    Test worker] p6spy                                    : #1665377284746 | took 0ms | statement | connection 27| url jdbc:h2:mem:6a3784ae-1aa6-4bbf-b617-4d4aeabcc2af
call next value for hibernate_sequence
call next value for hibernate_sequence;
2022-10-10 13:48:04.746  INFO 3923 --- [    Test worker] p6spy                                    : #1665377284746 | took 0ms | statement | connection 27| url jdbc:h2:mem:6a3784ae-1aa6-4bbf-b617-4d4aeabcc2af
call next value for hibernate_sequence
call next value for hibernate_sequence;
2022-10-10 13:48:04.746  INFO 3923 --- [    Test worker] p6spy                                    : #1665377284746 | took 0ms | statement | connection 27| url jdbc:h2:mem:6a3784ae-1aa6-4bbf-b617-4d4aeabcc2af
call next value for hibernate_sequence
call next value for hibernate_sequence;
2022-10-10 13:48:04.746  INFO 3923 --- [    Test worker] p6spy                                    : #1665377284746 | took 0ms | statement | connection 27| url jdbc:h2:mem:6a3784ae-1aa6-4bbf-b617-4d4aeabcc2af
call next value for hibernate_sequence
call next value for hibernate_sequence;
2022-10-10 13:48:04.746  INFO 3923 --- [    Test worker] c.j.r.FavoriteSpotQueryRepositoryTest    : favoriteSpot = FavoriteSpot(id=539, count=0)
2022-10-10 13:48:04.746  INFO 3923 --- [    Test worker] c.j.r.FavoriteSpotQueryRepositoryTest    : Spot = capstone.jejuTourrecommend.domain.Spot@1503d0ee
2022-10-10 13:48:04.746  INFO 3923 --- [    Test worker] p6spy                                    : #1665377284746 | took 0ms | statement | connection 27| url jdbc:h2:mem:6a3784ae-1aa6-4bbf-b617-4d4aeabcc2af
call next value for hibernate_sequence
call next value for hibernate_sequence;
2022-10-10 13:48:04.746  INFO 3923 --- [    Test worker] p6spy                                    : #1665377284746 | took 0ms | statement | connection 27| url jdbc:h2:mem:6a3784ae-1aa6-4bbf-b617-4d4aeabcc2af
call next value for hibernate_sequence
call next value for hibernate_sequence;
2022-10-10 13:48:04.746  INFO 3923 --- [    Test worker] p6spy                                    : #1665377284746 | took 0ms | statement | connection 27| url jdbc:h2:mem:6a3784ae-1aa6-4bbf-b617-4d4aeabcc2af
call next value for hibernate_sequence
call next value for hibernate_sequence;
2022-10-10 13:48:04.746  INFO 3923 --- [    Test worker] p6spy                                    : #1665377284746 | took 0ms | statement | connection 27| url jdbc:h2:mem:6a3784ae-1aa6-4bbf-b617-4d4aeabcc2af
call next value for hibernate_sequence
call next value for hibernate_sequence;
2022-10-10 13:48:04.746  INFO 3923 --- [    Test worker] p6spy                                    : #1665377284746 | took 0ms | statement | connection 27| url jdbc:h2:mem:6a3784ae-1aa6-4bbf-b617-4d4aeabcc2af
call next value for hibernate_sequence
call next value for hibernate_sequence;
2022-10-10 13:48:04.746  INFO 3923 --- [    Test worker] p6spy                                    : #1665377284746 | took 0ms | statement | connection 27| url jdbc:h2:mem:6a3784ae-1aa6-4bbf-b617-4d4aeabcc2af
call next value for hibernate_sequence
call next value for hibernate_sequence;
2022-10-10 13:48:04.746  INFO 3923 --- [    Test worker] p6spy                                    : #1665377284746 | took 0ms | statement | connection 27| url jdbc:h2:mem:6a3784ae-1aa6-4bbf-b617-4d4aeabcc2af
call next value for hibernate_sequence
call next value for hibernate_sequence;
2022-10-10 13:48:04.746  INFO 3923 --- [    Test worker] p6spy                                    : #1665377284746 | took 0ms | statement | connection 27| url jdbc:h2:mem:6a3784ae-1aa6-4bbf-b617-4d4aeabcc2af
call next value for hibernate_sequence
call next value for hibernate_sequence;
2022-10-10 13:48:04.746  INFO 3923 --- [    Test worker] c.j.r.FavoriteSpotQueryRepositoryTest    : favoriteSpot = FavoriteSpot(id=540, count=0)
2022-10-10 13:48:04.746  INFO 3923 --- [    Test worker] c.j.r.FavoriteSpotQueryRepositoryTest    : Spot = capstone.jejuTourrecommend.domain.Spot@61246366
2022-10-10 13:48:04.746  INFO 3923 --- [    Test worker] p6spy                                    : #1665377284746 | took 0ms | statement | connection 27| url jdbc:h2:mem:6a3784ae-1aa6-4bbf-b617-4d4aeabcc2af
call next value for hibernate_sequence
call next value for hibernate_sequence;
2022-10-10 13:48:04.746  INFO 3923 --- [    Test worker] p6spy                                    : #1665377284746 | took 0ms | statement | connection 27| url jdbc:h2:mem:6a3784ae-1aa6-4bbf-b617-4d4aeabcc2af
call next value for hibernate_sequence
call next value for hibernate_sequence;
2022-10-10 13:48:04.746  INFO 3923 --- [    Test worker] p6spy                                    : #1665377284746 | took 0ms | statement | connection 27| url jdbc:h2:mem:6a3784ae-1aa6-4bbf-b617-4d4aeabcc2af
call next value for hibernate_sequence
call next value for hibernate_sequence;
2022-10-10 13:48:04.746  INFO 3923 --- [    Test worker] p6spy                                    : #1665377284746 | took 0ms | statement | connection 27| url jdbc:h2:mem:6a3784ae-1aa6-4bbf-b617-4d4aeabcc2af
call next value for hibernate_sequence
call next value for hibernate_sequence;
2022-10-10 13:48:04.746  INFO 3923 --- [    Test worker] p6spy                                    : #1665377284746 | took 0ms | statement | connection 27| url jdbc:h2:mem:6a3784ae-1aa6-4bbf-b617-4d4aeabcc2af
call next value for hibernate_sequence
call next value for hibernate_sequence;
2022-10-10 13:48:04.746  INFO 3923 --- [    Test worker] p6spy                                    : #1665377284746 | took 0ms | statement | connection 27| url jdbc:h2:mem:6a3784ae-1aa6-4bbf-b617-4d4aeabcc2af
call next value for hibernate_sequence
call next value for hibernate_sequence;
2022-10-10 13:48:04.746  INFO 3923 --- [    Test worker] p6spy                                    : #1665377284746 | took 0ms | statement | connection 27| url jdbc:h2:mem:6a3784ae-1aa6-4bbf-b617-4d4aeabcc2af
call next value for hibernate_sequence
call next value for hibernate_sequence;
2022-10-10 13:48:04.746  INFO 3923 --- [    Test worker] p6spy                                    : #1665377284746 | took 0ms | statement | connection 27| url jdbc:h2:mem:6a3784ae-1aa6-4bbf-b617-4d4aeabcc2af
call next value for hibernate_sequence
call next value for hibernate_sequence;
2022-10-10 13:48:04.746  INFO 3923 --- [    Test worker] c.j.r.FavoriteSpotQueryRepositoryTest    : favoriteSpot = FavoriteSpot(id=541, count=0)
2022-10-10 13:48:04.746  INFO 3923 --- [    Test worker] c.j.r.FavoriteSpotQueryRepositoryTest    : Spot = capstone.jejuTourrecommend.domain.Spot@717c8e2d
2022-10-10 13:48:04.746  INFO 3923 --- [    Test worker] p6spy                                    : #1665377284746 | took 0ms | statement | connection 27| url jdbc:h2:mem:6a3784ae-1aa6-4bbf-b617-4d4aeabcc2af
call next value for hibernate_sequence
call next value for hibernate_sequence;
2022-10-10 13:48:04.746  INFO 3923 --- [    Test worker] p6spy                                    : #1665377284746 | took 0ms | statement | connection 27| url jdbc:h2:mem:6a3784ae-1aa6-4bbf-b617-4d4aeabcc2af
call next value for hibernate_sequence
call next value for hibernate_sequence;
2022-10-10 13:48:04.746  INFO 3923 --- [    Test worker] p6spy                                    : #1665377284746 | took 0ms | statement | connection 27| url jdbc:h2:mem:6a3784ae-1aa6-4bbf-b617-4d4aeabcc2af
call next value for hibernate_sequence
call next value for hibernate_sequence;
2022-10-10 13:48:04.746  INFO 3923 --- [    Test worker] p6spy                                    : #1665377284746 | took 0ms | statement | connection 27| url jdbc:h2:mem:6a3784ae-1aa6-4bbf-b617-4d4aeabcc2af
call next value for hibernate_sequence
call next value for hibernate_sequence;
2022-10-10 13:48:04.747  INFO 3923 --- [    Test worker] p6spy                                    : #1665377284747 | took 0ms | statement | connection 27| url jdbc:h2:mem:6a3784ae-1aa6-4bbf-b617-4d4aeabcc2af
call next value for hibernate_sequence
call next value for hibernate_sequence;
2022-10-10 13:48:04.747  INFO 3923 --- [    Test worker] p6spy                                    : #1665377284747 | took 0ms | statement | connection 27| url jdbc:h2:mem:6a3784ae-1aa6-4bbf-b617-4d4aeabcc2af
call next value for hibernate_sequence
call next value for hibernate_sequence;
2022-10-10 13:48:04.747  INFO 3923 --- [    Test worker] p6spy                                    : #1665377284747 | took 0ms | statement | connection 27| url jdbc:h2:mem:6a3784ae-1aa6-4bbf-b617-4d4aeabcc2af
call next value for hibernate_sequence
call next value for hibernate_sequence;
2022-10-10 13:48:04.747  INFO 3923 --- [    Test worker] p6spy                                    : #1665377284747 | took 0ms | statement | connection 27| url jdbc:h2:mem:6a3784ae-1aa6-4bbf-b617-4d4aeabcc2af
call next value for hibernate_sequence
call next value for hibernate_sequence;
2022-10-10 13:48:04.747  INFO 3923 --- [    Test worker] c.j.r.FavoriteSpotQueryRepositoryTest    : favoriteSpot = FavoriteSpot(id=542, count=0)
2022-10-10 13:48:04.747  INFO 3923 --- [    Test worker] c.j.r.FavoriteSpotQueryRepositoryTest    : Spot = capstone.jejuTourrecommend.domain.Spot@4924b2b7
2022-10-10 13:48:04.747  INFO 3923 --- [    Test worker] p6spy                                    : #1665377284747 | took 0ms | statement | connection 27| url jdbc:h2:mem:6a3784ae-1aa6-4bbf-b617-4d4aeabcc2af
call next value for hibernate_sequence
call next value for hibernate_sequence;
2022-10-10 13:48:04.747  INFO 3923 --- [    Test worker] p6spy                                    : #1665377284747 | took 0ms | statement | connection 27| url jdbc:h2:mem:6a3784ae-1aa6-4bbf-b617-4d4aeabcc2af
call next value for hibernate_sequence
call next value for hibernate_sequence;
2022-10-10 13:48:04.747  INFO 3923 --- [    Test worker] p6spy                                    : #1665377284747 | took 0ms | statement | connection 27| url jdbc:h2:mem:6a3784ae-1aa6-4bbf-b617-4d4aeabcc2af
call next value for hibernate_sequence
call next value for hibernate_sequence;
2022-10-10 13:48:04.747  INFO 3923 --- [    Test worker] p6spy                                    : #1665377284747 | took 0ms | statement | connection 27| url jdbc:h2:mem:6a3784ae-1aa6-4bbf-b617-4d4aeabcc2af
call next value for hibernate_sequence
call next value for hibernate_sequence;
2022-10-10 13:48:04.747  INFO 3923 --- [    Test worker] p6spy                                    : #1665377284747 | took 0ms | statement | connection 27| url jdbc:h2:mem:6a3784ae-1aa6-4bbf-b617-4d4aeabcc2af
call next value for hibernate_sequence
call next value for hibernate_sequence;
2022-10-10 13:48:04.747  INFO 3923 --- [    Test worker] p6spy                                    : #1665377284747 | took 0ms | statement | connection 27| url jdbc:h2:mem:6a3784ae-1aa6-4bbf-b617-4d4aeabcc2af
call next value for hibernate_sequence
call next value for hibernate_sequence;
2022-10-10 13:48:04.747  INFO 3923 --- [    Test worker] p6spy                                    : #1665377284747 | took 0ms | statement | connection 27| url jdbc:h2:mem:6a3784ae-1aa6-4bbf-b617-4d4aeabcc2af
call next value for hibernate_sequence
call next value for hibernate_sequence;
2022-10-10 13:48:04.747  INFO 3923 --- [    Test worker] p6spy                                    : #1665377284747 | took 0ms | statement | connection 27| url jdbc:h2:mem:6a3784ae-1aa6-4bbf-b617-4d4aeabcc2af
call next value for hibernate_sequence
call next value for hibernate_sequence;
2022-10-10 13:48:04.747  INFO 3923 --- [    Test worker] c.j.r.FavoriteSpotQueryRepositoryTest    : favoriteSpot = FavoriteSpot(id=543, count=0)
2022-10-10 13:48:04.747  INFO 3923 --- [    Test worker] c.j.r.FavoriteSpotQueryRepositoryTest    : Spot = capstone.jejuTourrecommend.domain.Spot@faac436
2022-10-10 13:48:04.747  INFO 3923 --- [    Test worker] p6spy                                    : #1665377284747 | took 0ms | statement | connection 27| url jdbc:h2:mem:6a3784ae-1aa6-4bbf-b617-4d4aeabcc2af
call next value for hibernate_sequence
call next value for hibernate_sequence;
2022-10-10 13:48:04.747  INFO 3923 --- [    Test worker] p6spy                                    : #1665377284747 | took 0ms | statement | connection 27| url jdbc:h2:mem:6a3784ae-1aa6-4bbf-b617-4d4aeabcc2af
call next value for hibernate_sequence
call next value for hibernate_sequence;
2022-10-10 13:48:04.747  INFO 3923 --- [    Test worker] p6spy                                    : #1665377284747 | took 0ms | statement | connection 27| url jdbc:h2:mem:6a3784ae-1aa6-4bbf-b617-4d4aeabcc2af
call next value for hibernate_sequence
call next value for hibernate_sequence;
2022-10-10 13:48:04.747  INFO 3923 --- [    Test worker] p6spy                                    : #1665377284747 | took 0ms | statement | connection 27| url jdbc:h2:mem:6a3784ae-1aa6-4bbf-b617-4d4aeabcc2af
call next value for spot_seq
call next value for spot_seq;
2022-10-10 13:48:04.747  INFO 3923 --- [    Test worker] p6spy                                    : #1665377284747 | took 0ms | statement | connection 27| url jdbc:h2:mem:6a3784ae-1aa6-4bbf-b617-4d4aeabcc2af
call next value for hibernate_sequence
call next value for hibernate_sequence;
2022-10-10 13:48:04.747  INFO 3923 --- [    Test worker] p6spy                                    : #1665377284747 | took 0ms | statement | connection 27| url jdbc:h2:mem:6a3784ae-1aa6-4bbf-b617-4d4aeabcc2af
call next value for hibernate_sequence
call next value for hibernate_sequence;
2022-10-10 13:48:04.747  INFO 3923 --- [    Test worker] p6spy                                    : #1665377284747 | took 0ms | statement | connection 27| url jdbc:h2:mem:6a3784ae-1aa6-4bbf-b617-4d4aeabcc2af
call next value for hibernate_sequence
call next value for hibernate_sequence;
2022-10-10 13:48:04.747  INFO 3923 --- [    Test worker] p6spy                                    : #1665377284747 | took 0ms | statement | connection 27| url jdbc:h2:mem:6a3784ae-1aa6-4bbf-b617-4d4aeabcc2af
call next value for hibernate_sequence
call next value for hibernate_sequence;
2022-10-10 13:48:04.747  INFO 3923 --- [    Test worker] p6spy                                    : #1665377284747 | took 0ms | statement | connection 27| url jdbc:h2:mem:6a3784ae-1aa6-4bbf-b617-4d4aeabcc2af
call next value for hibernate_sequence
call next value for hibernate_sequence;
2022-10-10 13:48:04.747  INFO 3923 --- [    Test worker] c.j.r.FavoriteSpotQueryRepositoryTest    : favoriteSpot = FavoriteSpot(id=544, count=0)
2022-10-10 13:48:04.747  INFO 3923 --- [    Test worker] c.j.r.FavoriteSpotQueryRepositoryTest    : Spot = capstone.jejuTourrecommend.domain.Spot@207d3866
2022-10-10 13:48:04.747  INFO 3923 --- [    Test worker] p6spy                                    : #1665377284747 | took 0ms | statement | connection 27| url jdbc:h2:mem:6a3784ae-1aa6-4bbf-b617-4d4aeabcc2af
call next value for hibernate_sequence
call next value for hibernate_sequence;
2022-10-10 13:48:04.747  INFO 3923 --- [    Test worker] p6spy                                    : #1665377284747 | took 0ms | statement | connection 27| url jdbc:h2:mem:6a3784ae-1aa6-4bbf-b617-4d4aeabcc2af
call next value for hibernate_sequence
call next value for hibernate_sequence;
2022-10-10 13:48:04.747  INFO 3923 --- [    Test worker] p6spy                                    : #1665377284747 | took 0ms | statement | connection 27| url jdbc:h2:mem:6a3784ae-1aa6-4bbf-b617-4d4aeabcc2af
call next value for hibernate_sequence
call next value for hibernate_sequence;
2022-10-10 13:48:04.747  INFO 3923 --- [    Test worker] p6spy                                    : #1665377284747 | took 0ms | statement | connection 27| url jdbc:h2:mem:6a3784ae-1aa6-4bbf-b617-4d4aeabcc2af
call next value for hibernate_sequence
call next value for hibernate_sequence;
2022-10-10 13:48:04.747  INFO 3923 --- [    Test worker] p6spy                                    : #1665377284747 | took 0ms | statement | connection 27| url jdbc:h2:mem:6a3784ae-1aa6-4bbf-b617-4d4aeabcc2af
call next value for hibernate_sequence
call next value for hibernate_sequence;
2022-10-10 13:48:04.747  INFO 3923 --- [    Test worker] p6spy                                    : #1665377284747 | took 0ms | statement | connection 27| url jdbc:h2:mem:6a3784ae-1aa6-4bbf-b617-4d4aeabcc2af
call next value for hibernate_sequence
call next value for hibernate_sequence;
2022-10-10 13:48:04.747  INFO 3923 --- [    Test worker] p6spy                                    : #1665377284747 | took 0ms | statement | connection 27| url jdbc:h2:mem:6a3784ae-1aa6-4bbf-b617-4d4aeabcc2af
call next value for hibernate_sequence
call next value for hibernate_sequence;
2022-10-10 13:48:04.747  INFO 3923 --- [    Test worker] p6spy                                    : #1665377284747 | took 0ms | statement | connection 27| url jdbc:h2:mem:6a3784ae-1aa6-4bbf-b617-4d4aeabcc2af
call next value for hibernate_sequence
call next value for hibernate_sequence;
2022-10-10 13:48:04.747  INFO 3923 --- [    Test worker] c.j.r.FavoriteSpotQueryRepositoryTest    : favoriteSpot = FavoriteSpot(id=545, count=0)
2022-10-10 13:48:04.747  INFO 3923 --- [    Test worker] c.j.r.FavoriteSpotQueryRepositoryTest    : Spot = capstone.jejuTourrecommend.domain.Spot@5ccb3b0
2022-10-10 13:48:04.747  INFO 3923 --- [    Test worker] p6spy                                    : #1665377284747 | took 0ms | statement | connection 27| url jdbc:h2:mem:6a3784ae-1aa6-4bbf-b617-4d4aeabcc2af
call next value for hibernate_sequence
call next value for hibernate_sequence;
2022-10-10 13:48:04.748  INFO 3923 --- [    Test worker] p6spy                                    : #1665377284748 | took 0ms | statement | connection 27| url jdbc:h2:mem:6a3784ae-1aa6-4bbf-b617-4d4aeabcc2af
call next value for hibernate_sequence
call next value for hibernate_sequence;
2022-10-10 13:48:04.748  INFO 3923 --- [    Test worker] p6spy                                    : #1665377284748 | took 0ms | statement | connection 27| url jdbc:h2:mem:6a3784ae-1aa6-4bbf-b617-4d4aeabcc2af
call next value for hibernate_sequence
call next value for hibernate_sequence;
2022-10-10 13:48:04.748  INFO 3923 --- [    Test worker] p6spy                                    : #1665377284748 | took 0ms | statement | connection 27| url jdbc:h2:mem:6a3784ae-1aa6-4bbf-b617-4d4aeabcc2af
call next value for hibernate_sequence
call next value for hibernate_sequence;
2022-10-10 13:48:04.748  INFO 3923 --- [    Test worker] p6spy                                    : #1665377284748 | took 0ms | statement | connection 27| url jdbc:h2:mem:6a3784ae-1aa6-4bbf-b617-4d4aeabcc2af
call next value for hibernate_sequence
call next value for hibernate_sequence;
2022-10-10 13:48:04.748  INFO 3923 --- [    Test worker] p6spy                                    : #1665377284748 | took 0ms | statement | connection 27| url jdbc:h2:mem:6a3784ae-1aa6-4bbf-b617-4d4aeabcc2af
call next value for hibernate_sequence
call next value for hibernate_sequence;
2022-10-10 13:48:04.748  INFO 3923 --- [    Test worker] p6spy                                    : #1665377284748 | took 0ms | statement | connection 27| url jdbc:h2:mem:6a3784ae-1aa6-4bbf-b617-4d4aeabcc2af
call next value for hibernate_sequence
call next value for hibernate_sequence;
2022-10-10 13:48:04.748  INFO 3923 --- [    Test worker] p6spy                                    : #1665377284748 | took 0ms | statement | connection 27| url jdbc:h2:mem:6a3784ae-1aa6-4bbf-b617-4d4aeabcc2af
call next value for hibernate_sequence
call next value for hibernate_sequence;
2022-10-10 13:48:04.748  INFO 3923 --- [    Test worker] c.j.r.FavoriteSpotQueryRepositoryTest    : favoriteSpot = FavoriteSpot(id=546, count=0)
2022-10-10 13:48:04.748  INFO 3923 --- [    Test worker] c.j.r.FavoriteSpotQueryRepositoryTest    : Spot = capstone.jejuTourrecommend.domain.Spot@3c77e35a
2022-10-10 13:48:04.748  INFO 3923 --- [    Test worker] p6spy                                    : #1665377284748 | took 0ms | statement | connection 27| url jdbc:h2:mem:6a3784ae-1aa6-4bbf-b617-4d4aeabcc2af
call next value for hibernate_sequence
call next value for hibernate_sequence;
2022-10-10 13:48:04.748  INFO 3923 --- [    Test worker] p6spy                                    : #1665377284748 | took 0ms | statement | connection 27| url jdbc:h2:mem:6a3784ae-1aa6-4bbf-b617-4d4aeabcc2af
call next value for hibernate_sequence
call next value for hibernate_sequence;
2022-10-10 13:48:04.748  INFO 3923 --- [    Test worker] p6spy                                    : #1665377284748 | took 0ms | statement | connection 27| url jdbc:h2:mem:6a3784ae-1aa6-4bbf-b617-4d4aeabcc2af
call next value for hibernate_sequence
call next value for hibernate_sequence;
2022-10-10 13:48:04.748  INFO 3923 --- [    Test worker] p6spy                                    : #1665377284748 | took 0ms | statement | connection 27| url jdbc:h2:mem:6a3784ae-1aa6-4bbf-b617-4d4aeabcc2af
call next value for hibernate_sequence
call next value for hibernate_sequence;
2022-10-10 13:48:04.748  INFO 3923 --- [    Test worker] p6spy                                    : #1665377284748 | took 0ms | statement | connection 27| url jdbc:h2:mem:6a3784ae-1aa6-4bbf-b617-4d4aeabcc2af
call next value for hibernate_sequence
call next value for hibernate_sequence;
2022-10-10 13:48:04.748  INFO 3923 --- [    Test worker] p6spy                                    : #1665377284748 | took 0ms | statement | connection 27| url jdbc:h2:mem:6a3784ae-1aa6-4bbf-b617-4d4aeabcc2af
call next value for hibernate_sequence
call next value for hibernate_sequence;
2022-10-10 13:48:04.748  INFO 3923 --- [    Test worker] p6spy                                    : #1665377284748 | took 0ms | statement | connection 27| url jdbc:h2:mem:6a3784ae-1aa6-4bbf-b617-4d4aeabcc2af
call next value for hibernate_sequence
call next value for hibernate_sequence;
2022-10-10 13:48:04.748  INFO 3923 --- [    Test worker] p6spy                                    : #1665377284748 | took 0ms | statement | connection 27| url jdbc:h2:mem:6a3784ae-1aa6-4bbf-b617-4d4aeabcc2af
call next value for hibernate_sequence
call next value for hibernate_sequence;
2022-10-10 13:48:04.748  INFO 3923 --- [    Test worker] c.j.r.FavoriteSpotQueryRepositoryTest    : favoriteSpot = FavoriteSpot(id=547, count=0)
2022-10-10 13:48:04.748  INFO 3923 --- [    Test worker] c.j.r.FavoriteSpotQueryRepositoryTest    : Spot = capstone.jejuTourrecommend.domain.Spot@29db3f6c
2022-10-10 13:48:04.748  INFO 3923 --- [    Test worker] p6spy                                    : #1665377284748 | took 0ms | statement | connection 27| url jdbc:h2:mem:6a3784ae-1aa6-4bbf-b617-4d4aeabcc2af
call next value for hibernate_sequence
call next value for hibernate_sequence;
2022-10-10 13:48:04.748  INFO 3923 --- [    Test worker] p6spy                                    : #1665377284748 | took 0ms | statement | connection 27| url jdbc:h2:mem:6a3784ae-1aa6-4bbf-b617-4d4aeabcc2af
call next value for hibernate_sequence
call next value for hibernate_sequence;
2022-10-10 13:48:04.748  INFO 3923 --- [    Test worker] p6spy                                    : #1665377284748 | took 0ms | statement | connection 27| url jdbc:h2:mem:6a3784ae-1aa6-4bbf-b617-4d4aeabcc2af
call next value for hibernate_sequence
call next value for hibernate_sequence;
2022-10-10 13:48:04.748  INFO 3923 --- [    Test worker] p6spy                                    : #1665377284748 | took 0ms | statement | connection 27| url jdbc:h2:mem:6a3784ae-1aa6-4bbf-b617-4d4aeabcc2af
call next value for hibernate_sequence
call next value for hibernate_sequence;
2022-10-10 13:48:04.748  INFO 3923 --- [    Test worker] p6spy                                    : #1665377284748 | took 0ms | statement | connection 27| url jdbc:h2:mem:6a3784ae-1aa6-4bbf-b617-4d4aeabcc2af
call next value for hibernate_sequence
call next value for hibernate_sequence;
2022-10-10 13:48:04.748  INFO 3923 --- [    Test worker] p6spy                                    : #1665377284748 | took 0ms | statement | connection 27| url jdbc:h2:mem:6a3784ae-1aa6-4bbf-b617-4d4aeabcc2af
call next value for hibernate_sequence
call next value for hibernate_sequence;
2022-10-10 13:48:04.748  INFO 3923 --- [    Test worker] p6spy                                    : #1665377284748 | took 0ms | statement | connection 27| url jdbc:h2:mem:6a3784ae-1aa6-4bbf-b617-4d4aeabcc2af
call next value for hibernate_sequence
call next value for hibernate_sequence;
2022-10-10 13:48:04.748  INFO 3923 --- [    Test worker] p6spy                                    : #1665377284748 | took 0ms | statement | connection 27| url jdbc:h2:mem:6a3784ae-1aa6-4bbf-b617-4d4aeabcc2af
call next value for hibernate_sequence
call next value for hibernate_sequence;
2022-10-10 13:48:04.748  INFO 3923 --- [    Test worker] c.j.r.FavoriteSpotQueryRepositoryTest    : favoriteSpot = FavoriteSpot(id=548, count=0)
2022-10-10 13:48:04.748  INFO 3923 --- [    Test worker] c.j.r.FavoriteSpotQueryRepositoryTest    : Spot = capstone.jejuTourrecommend.domain.Spot@304d3b37
2022-10-10 13:48:04.748  INFO 3923 --- [    Test worker] p6spy                                    : #1665377284748 | took 0ms | statement | connection 27| url jdbc:h2:mem:6a3784ae-1aa6-4bbf-b617-4d4aeabcc2af
call next value for hibernate_sequence
call next value for hibernate_sequence;
2022-10-10 13:48:04.748  INFO 3923 --- [    Test worker] p6spy                                    : #1665377284748 | took 0ms | statement | connection 27| url jdbc:h2:mem:6a3784ae-1aa6-4bbf-b617-4d4aeabcc2af
call next value for hibernate_sequence
call next value for hibernate_sequence;
2022-10-10 13:48:04.748  INFO 3923 --- [    Test worker] p6spy                                    : #1665377284748 | took 0ms | statement | connection 27| url jdbc:h2:mem:6a3784ae-1aa6-4bbf-b617-4d4aeabcc2af
call next value for hibernate_sequence
call next value for hibernate_sequence;
2022-10-10 13:48:04.748  INFO 3923 --- [    Test worker] p6spy                                    : #1665377284748 | took 0ms | statement | connection 27| url jdbc:h2:mem:6a3784ae-1aa6-4bbf-b617-4d4aeabcc2af
call next value for hibernate_sequence
call next value for hibernate_sequence;
2022-10-10 13:48:04.748  INFO 3923 --- [    Test worker] p6spy                                    : #1665377284748 | took 0ms | statement | connection 27| url jdbc:h2:mem:6a3784ae-1aa6-4bbf-b617-4d4aeabcc2af
call next value for hibernate_sequence
call next value for hibernate_sequence;
2022-10-10 13:48:04.748  INFO 3923 --- [    Test worker] p6spy                                    : #1665377284748 | took 0ms | statement | connection 27| url jdbc:h2:mem:6a3784ae-1aa6-4bbf-b617-4d4aeabcc2af
call next value for hibernate_sequence
call next value for hibernate_sequence;
2022-10-10 13:48:04.748  INFO 3923 --- [    Test worker] p6spy                                    : #1665377284748 | took 0ms | statement | connection 27| url jdbc:h2:mem:6a3784ae-1aa6-4bbf-b617-4d4aeabcc2af
call next value for hibernate_sequence
call next value for hibernate_sequence;
2022-10-10 13:48:04.748  INFO 3923 --- [    Test worker] p6spy                                    : #1665377284748 | took 0ms | statement | connection 27| url jdbc:h2:mem:6a3784ae-1aa6-4bbf-b617-4d4aeabcc2af
call next value for hibernate_sequence
call next value for hibernate_sequence;
2022-10-10 13:48:04.748  INFO 3923 --- [    Test worker] c.j.r.FavoriteSpotQueryRepositoryTest    : favoriteSpot = FavoriteSpot(id=549, count=0)
2022-10-10 13:48:04.748  INFO 3923 --- [    Test worker] c.j.r.FavoriteSpotQueryRepositoryTest    : Spot = capstone.jejuTourrecommend.domain.Spot@682ea147
2022-10-10 13:48:04.748  INFO 3923 --- [    Test worker] p6spy                                    : #1665377284748 | took 0ms | statement | connection 27| url jdbc:h2:mem:6a3784ae-1aa6-4bbf-b617-4d4aeabcc2af
call next value for hibernate_sequence
call next value for hibernate_sequence;
2022-10-10 13:48:04.748  INFO 3923 --- [    Test worker] p6spy                                    : #1665377284748 | took 0ms | statement | connection 27| url jdbc:h2:mem:6a3784ae-1aa6-4bbf-b617-4d4aeabcc2af
call next value for hibernate_sequence
call next value for hibernate_sequence;
2022-10-10 13:48:04.749  INFO 3923 --- [    Test worker] p6spy                                    : #1665377284749 | took 0ms | statement | connection 27| url jdbc:h2:mem:6a3784ae-1aa6-4bbf-b617-4d4aeabcc2af
call next value for hibernate_sequence
call next value for hibernate_sequence;
2022-10-10 13:48:04.749  INFO 3923 --- [    Test worker] p6spy                                    : #1665377284749 | took 0ms | statement | connection 27| url jdbc:h2:mem:6a3784ae-1aa6-4bbf-b617-4d4aeabcc2af
call next value for hibernate_sequence
call next value for hibernate_sequence;
2022-10-10 13:48:04.749  INFO 3923 --- [    Test worker] p6spy                                    : #1665377284749 | took 0ms | statement | connection 27| url jdbc:h2:mem:6a3784ae-1aa6-4bbf-b617-4d4aeabcc2af
call next value for hibernate_sequence
call next value for hibernate_sequence;
2022-10-10 13:48:04.749  INFO 3923 --- [    Test worker] p6spy                                    : #1665377284749 | took 0ms | statement | connection 27| url jdbc:h2:mem:6a3784ae-1aa6-4bbf-b617-4d4aeabcc2af
call next value for hibernate_sequence
call next value for hibernate_sequence;
2022-10-10 13:48:04.749  INFO 3923 --- [    Test worker] p6spy                                    : #1665377284749 | took 0ms | statement | connection 27| url jdbc:h2:mem:6a3784ae-1aa6-4bbf-b617-4d4aeabcc2af
call next value for hibernate_sequence
call next value for hibernate_sequence;
2022-10-10 13:48:04.749  INFO 3923 --- [    Test worker] p6spy                                    : #1665377284749 | took 0ms | statement | connection 27| url jdbc:h2:mem:6a3784ae-1aa6-4bbf-b617-4d4aeabcc2af
call next value for hibernate_sequence
call next value for hibernate_sequence;
2022-10-10 13:48:04.749  INFO 3923 --- [    Test worker] c.j.r.FavoriteSpotQueryRepositoryTest    : favoriteSpot = FavoriteSpot(id=550, count=0)
2022-10-10 13:48:04.749  INFO 3923 --- [    Test worker] c.j.r.FavoriteSpotQueryRepositoryTest    : Spot = capstone.jejuTourrecommend.domain.Spot@7d21e80e
2022-10-10 13:48:04.749  INFO 3923 --- [    Test worker] p6spy                                    : #1665377284749 | took 0ms | statement | connection 27| url jdbc:h2:mem:6a3784ae-1aa6-4bbf-b617-4d4aeabcc2af
call next value for hibernate_sequence
call next value for hibernate_sequence;
2022-10-10 13:48:04.749  INFO 3923 --- [    Test worker] p6spy                                    : #1665377284749 | took 0ms | statement | connection 27| url jdbc:h2:mem:6a3784ae-1aa6-4bbf-b617-4d4aeabcc2af
call next value for hibernate_sequence
call next value for hibernate_sequence;
2022-10-10 13:48:04.749  INFO 3923 --- [    Test worker] p6spy                                    : #1665377284749 | took 0ms | statement | connection 27| url jdbc:h2:mem:6a3784ae-1aa6-4bbf-b617-4d4aeabcc2af
call next value for hibernate_sequence
call next value for hibernate_sequence;
2022-10-10 13:48:04.749  INFO 3923 --- [    Test worker] p6spy                                    : #1665377284749 | took 0ms | statement | connection 27| url jdbc:h2:mem:6a3784ae-1aa6-4bbf-b617-4d4aeabcc2af
call next value for hibernate_sequence
call next value for hibernate_sequence;
2022-10-10 13:48:04.749  INFO 3923 --- [    Test worker] p6spy                                    : #1665377284749 | took 0ms | statement | connection 27| url jdbc:h2:mem:6a3784ae-1aa6-4bbf-b617-4d4aeabcc2af
call next value for review_seq
call next value for review_seq;
2022-10-10 13:48:04.749  INFO 3923 --- [    Test worker] p6spy                                    : #1665377284749 | took 0ms | statement | connection 27| url jdbc:h2:mem:6a3784ae-1aa6-4bbf-b617-4d4aeabcc2af
call next value for hibernate_sequence
call next value for hibernate_sequence;
2022-10-10 13:48:04.749  INFO 3923 --- [    Test worker] p6spy                                    : #1665377284749 | took 0ms | statement | connection 27| url jdbc:h2:mem:6a3784ae-1aa6-4bbf-b617-4d4aeabcc2af
call next value for hibernate_sequence
call next value for hibernate_sequence;
2022-10-10 13:48:04.749  INFO 3923 --- [    Test worker] p6spy                                    : #1665377284749 | took 0ms | statement | connection 27| url jdbc:h2:mem:6a3784ae-1aa6-4bbf-b617-4d4aeabcc2af
call next value for hibernate_sequence
call next value for hibernate_sequence;
2022-10-10 13:48:04.749  INFO 3923 --- [    Test worker] p6spy                                    : #1665377284749 | took 0ms | statement | connection 27| url jdbc:h2:mem:6a3784ae-1aa6-4bbf-b617-4d4aeabcc2af
call next value for hibernate_sequence
call next value for hibernate_sequence;
2022-10-10 13:48:04.749  INFO 3923 --- [    Test worker] c.j.r.FavoriteSpotQueryRepositoryTest    : favoriteSpot = FavoriteSpot(id=551, count=0)
2022-10-10 13:48:04.749  INFO 3923 --- [    Test worker] c.j.r.FavoriteSpotQueryRepositoryTest    : Spot = capstone.jejuTourrecommend.domain.Spot@3166bd09
2022-10-10 13:48:04.749  INFO 3923 --- [    Test worker] p6spy                                    : #1665377284749 | took 0ms | statement | connection 27| url jdbc:h2:mem:6a3784ae-1aa6-4bbf-b617-4d4aeabcc2af
call next value for score_seq
call next value for score_seq;
2022-10-10 13:48:04.749  INFO 3923 --- [    Test worker] p6spy                                    : #1665377284749 | took 0ms | statement | connection 27| url jdbc:h2:mem:6a3784ae-1aa6-4bbf-b617-4d4aeabcc2af
call next value for hibernate_sequence
call next value for hibernate_sequence;
2022-10-10 13:48:04.749  INFO 3923 --- [    Test worker] p6spy                                    : #1665377284749 | took 0ms | statement | connection 27| url jdbc:h2:mem:6a3784ae-1aa6-4bbf-b617-4d4aeabcc2af
call next value for hibernate_sequence
call next value for hibernate_sequence;
2022-10-10 13:48:04.749  INFO 3923 --- [    Test worker] p6spy                                    : #1665377284749 | took 0ms | statement | connection 27| url jdbc:h2:mem:6a3784ae-1aa6-4bbf-b617-4d4aeabcc2af
call next value for hibernate_sequence
call next value for hibernate_sequence;
2022-10-10 13:48:04.749  INFO 3923 --- [    Test worker] p6spy                                    : #1665377284749 | took 0ms | statement | connection 27| url jdbc:h2:mem:6a3784ae-1aa6-4bbf-b617-4d4aeabcc2af
call next value for hibernate_sequence
call next value for hibernate_sequence;
2022-10-10 13:48:04.749  INFO 3923 --- [    Test worker] p6spy                                    : #1665377284749 | took 0ms | statement | connection 27| url jdbc:h2:mem:6a3784ae-1aa6-4bbf-b617-4d4aeabcc2af
call next value for hibernate_sequence
call next value for hibernate_sequence;
2022-10-10 13:48:04.749  INFO 3923 --- [    Test worker] p6spy                                    : #1665377284749 | took 0ms | statement | connection 27| url jdbc:h2:mem:6a3784ae-1aa6-4bbf-b617-4d4aeabcc2af
call next value for hibernate_sequence
call next value for hibernate_sequence;
2022-10-10 13:48:04.749  INFO 3923 --- [    Test worker] p6spy                                    : #1665377284749 | took 0ms | statement | connection 27| url jdbc:h2:mem:6a3784ae-1aa6-4bbf-b617-4d4aeabcc2af
call next value for hibernate_sequence
call next value for hibernate_sequence;
2022-10-10 13:48:04.749  INFO 3923 --- [    Test worker] p6spy                                    : #1665377284749 | took 0ms | statement | connection 27| url jdbc:h2:mem:6a3784ae-1aa6-4bbf-b617-4d4aeabcc2af
call next value for hibernate_sequence
call next value for hibernate_sequence;
2022-10-10 13:48:04.749  INFO 3923 --- [    Test worker] p6spy                                    : #1665377284749 | took 0ms | statement | connection 27| url jdbc:h2:mem:6a3784ae-1aa6-4bbf-b617-4d4aeabcc2af
call next value for favoritespot_seq
call next value for favoritespot_seq;
2022-10-10 13:48:04.749  INFO 3923 --- [    Test worker] c.j.r.FavoriteSpotQueryRepositoryTest    : favoriteSpot = FavoriteSpot(id=552, count=0)
2022-10-10 13:48:04.749  INFO 3923 --- [    Test worker] c.j.r.FavoriteSpotQueryRepositoryTest    : Spot = capstone.jejuTourrecommend.domain.Spot@b277083
2022-10-10 13:48:04.749  INFO 3923 --- [    Test worker] p6spy                                    : #1665377284749 | took 0ms | statement | connection 27| url jdbc:h2:mem:6a3784ae-1aa6-4bbf-b617-4d4aeabcc2af
call next value for hibernate_sequence
call next value for hibernate_sequence;
2022-10-10 13:48:04.749  INFO 3923 --- [    Test worker] p6spy                                    : #1665377284749 | took 0ms | statement | connection 27| url jdbc:h2:mem:6a3784ae-1aa6-4bbf-b617-4d4aeabcc2af
call next value for hibernate_sequence
call next value for hibernate_sequence;
2022-10-10 13:48:04.749  INFO 3923 --- [    Test worker] p6spy                                    : #1665377284749 | took 0ms | statement | connection 27| url jdbc:h2:mem:6a3784ae-1aa6-4bbf-b617-4d4aeabcc2af
call next value for hibernate_sequence
call next value for hibernate_sequence;
2022-10-10 13:48:04.749  INFO 3923 --- [    Test worker] p6spy                                    : #1665377284749 | took 0ms | statement | connection 27| url jdbc:h2:mem:6a3784ae-1aa6-4bbf-b617-4d4aeabcc2af
call next value for hibernate_sequence
call next value for hibernate_sequence;
2022-10-10 13:48:04.749  INFO 3923 --- [    Test worker] p6spy                                    : #1665377284749 | took 0ms | statement | connection 27| url jdbc:h2:mem:6a3784ae-1aa6-4bbf-b617-4d4aeabcc2af
call next value for hibernate_sequence
call next value for hibernate_sequence;
2022-10-10 13:48:04.749  INFO 3923 --- [    Test worker] p6spy                                    : #1665377284749 | took 0ms | statement | connection 27| url jdbc:h2:mem:6a3784ae-1aa6-4bbf-b617-4d4aeabcc2af
call next value for hibernate_sequence
call next value for hibernate_sequence;
2022-10-10 13:48:04.749  INFO 3923 --- [    Test worker] p6spy                                    : #1665377284749 | took 0ms | statement | connection 27| url jdbc:h2:mem:6a3784ae-1aa6-4bbf-b617-4d4aeabcc2af
call next value for hibernate_sequence
call next value for hibernate_sequence;
2022-10-10 13:48:04.750  INFO 3923 --- [    Test worker] p6spy                                    : #1665377284750 | took 0ms | statement | connection 27| url jdbc:h2:mem:6a3784ae-1aa6-4bbf-b617-4d4aeabcc2af
call next value for hibernate_sequence
call next value for hibernate_sequence;
2022-10-10 13:48:04.750  INFO 3923 --- [    Test worker] c.j.r.FavoriteSpotQueryRepositoryTest    : favoriteSpot = FavoriteSpot(id=553, count=0)
2022-10-10 13:48:04.750  INFO 3923 --- [    Test worker] c.j.r.FavoriteSpotQueryRepositoryTest    : Spot = capstone.jejuTourrecommend.domain.Spot@4fb2ad33
2022-10-10 13:48:04.750  INFO 3923 --- [    Test worker] p6spy                                    : #1665377284750 | took 0ms | statement | connection 27| url jdbc:h2:mem:6a3784ae-1aa6-4bbf-b617-4d4aeabcc2af
call next value for hibernate_sequence
call next value for hibernate_sequence;
2022-10-10 13:48:04.750  INFO 3923 --- [    Test worker] p6spy                                    : #1665377284750 | took 0ms | statement | connection 27| url jdbc:h2:mem:6a3784ae-1aa6-4bbf-b617-4d4aeabcc2af
call next value for hibernate_sequence
call next value for hibernate_sequence;
2022-10-10 13:48:04.750  INFO 3923 --- [    Test worker] p6spy                                    : #1665377284750 | took 0ms | statement | connection 27| url jdbc:h2:mem:6a3784ae-1aa6-4bbf-b617-4d4aeabcc2af
call next value for hibernate_sequence
call next value for hibernate_sequence;
2022-10-10 13:48:04.750  INFO 3923 --- [    Test worker] p6spy                                    : #1665377284750 | took 0ms | statement | connection 27| url jdbc:h2:mem:6a3784ae-1aa6-4bbf-b617-4d4aeabcc2af
call next value for hibernate_sequence
call next value for hibernate_sequence;
2022-10-10 13:48:04.750  INFO 3923 --- [    Test worker] p6spy                                    : #1665377284750 | took 0ms | statement | connection 27| url jdbc:h2:mem:6a3784ae-1aa6-4bbf-b617-4d4aeabcc2af
call next value for hibernate_sequence
call next value for hibernate_sequence;
2022-10-10 13:48:04.750  INFO 3923 --- [    Test worker] p6spy                                    : #1665377284750 | took 0ms | statement | connection 27| url jdbc:h2:mem:6a3784ae-1aa6-4bbf-b617-4d4aeabcc2af
call next value for hibernate_sequence
call next value for hibernate_sequence;
2022-10-10 13:48:04.750  INFO 3923 --- [    Test worker] p6spy                                    : #1665377284750 | took 0ms | statement | connection 27| url jdbc:h2:mem:6a3784ae-1aa6-4bbf-b617-4d4aeabcc2af
call next value for hibernate_sequence
call next value for hibernate_sequence;
2022-10-10 13:48:04.750  INFO 3923 --- [    Test worker] p6spy                                    : #1665377284750 | took 0ms | statement | connection 27| url jdbc:h2:mem:6a3784ae-1aa6-4bbf-b617-4d4aeabcc2af
call next value for hibernate_sequence
call next value for hibernate_sequence;
2022-10-10 13:48:04.750  INFO 3923 --- [    Test worker] c.j.r.FavoriteSpotQueryRepositoryTest    : favoriteSpot = FavoriteSpot(id=554, count=0)
2022-10-10 13:48:04.750  INFO 3923 --- [    Test worker] c.j.r.FavoriteSpotQueryRepositoryTest    : Spot = capstone.jejuTourrecommend.domain.Spot@5590d9fa
2022-10-10 13:48:04.750  INFO 3923 --- [    Test worker] p6spy                                    : #1665377284750 | took 0ms | statement | connection 27| url jdbc:h2:mem:6a3784ae-1aa6-4bbf-b617-4d4aeabcc2af
call next value for hibernate_sequence
call next value for hibernate_sequence;
2022-10-10 13:48:04.750  INFO 3923 --- [    Test worker] p6spy                                    : #1665377284750 | took 0ms | statement | connection 27| url jdbc:h2:mem:6a3784ae-1aa6-4bbf-b617-4d4aeabcc2af
call next value for hibernate_sequence
call next value for hibernate_sequence;
2022-10-10 13:48:04.750  INFO 3923 --- [    Test worker] p6spy                                    : #1665377284750 | took 0ms | statement | connection 27| url jdbc:h2:mem:6a3784ae-1aa6-4bbf-b617-4d4aeabcc2af
call next value for hibernate_sequence
call next value for hibernate_sequence;
2022-10-10 13:48:04.750  INFO 3923 --- [    Test worker] p6spy                                    : #1665377284750 | took 0ms | statement | connection 27| url jdbc:h2:mem:6a3784ae-1aa6-4bbf-b617-4d4aeabcc2af
call next value for hibernate_sequence
call next value for hibernate_sequence;
2022-10-10 13:48:04.750  INFO 3923 --- [    Test worker] p6spy                                    : #1665377284750 | took 0ms | statement | connection 27| url jdbc:h2:mem:6a3784ae-1aa6-4bbf-b617-4d4aeabcc2af
call next value for hibernate_sequence
call next value for hibernate_sequence;
2022-10-10 13:48:04.750  INFO 3923 --- [    Test worker] p6spy                                    : #1665377284750 | took 0ms | statement | connection 27| url jdbc:h2:mem:6a3784ae-1aa6-4bbf-b617-4d4aeabcc2af
call next value for hibernate_sequence
call next value for hibernate_sequence;
2022-10-10 13:48:04.750  INFO 3923 --- [    Test worker] p6spy                                    : #1665377284750 | took 0ms | statement | connection 27| url jdbc:h2:mem:6a3784ae-1aa6-4bbf-b617-4d4aeabcc2af
call next value for hibernate_sequence
call next value for hibernate_sequence;
2022-10-10 13:48:04.750  INFO 3923 --- [    Test worker] p6spy                                    : #1665377284750 | took 0ms | statement | connection 27| url jdbc:h2:mem:6a3784ae-1aa6-4bbf-b617-4d4aeabcc2af
call next value for hibernate_sequence
call next value for hibernate_sequence;
2022-10-10 13:48:04.750  INFO 3923 --- [    Test worker] c.j.r.FavoriteSpotQueryRepositoryTest    : favoriteSpot = FavoriteSpot(id=555, count=0)
2022-10-10 13:48:04.750  INFO 3923 --- [    Test worker] c.j.r.FavoriteSpotQueryRepositoryTest    : Spot = capstone.jejuTourrecommend.domain.Spot@37caf35c
2022-10-10 13:48:04.750  INFO 3923 --- [    Test worker] p6spy                                    : #1665377284750 | took 0ms | statement | connection 27| url jdbc:h2:mem:6a3784ae-1aa6-4bbf-b617-4d4aeabcc2af
call next value for hibernate_sequence
call next value for hibernate_sequence;
2022-10-10 13:48:04.750  INFO 3923 --- [    Test worker] p6spy                                    : #1665377284750 | took 0ms | statement | connection 27| url jdbc:h2:mem:6a3784ae-1aa6-4bbf-b617-4d4aeabcc2af
call next value for hibernate_sequence
call next value for hibernate_sequence;
2022-10-10 13:48:04.750  INFO 3923 --- [    Test worker] p6spy                                    : #1665377284750 | took 0ms | statement | connection 27| url jdbc:h2:mem:6a3784ae-1aa6-4bbf-b617-4d4aeabcc2af
call next value for hibernate_sequence
call next value for hibernate_sequence;
2022-10-10 13:48:04.750  INFO 3923 --- [    Test worker] p6spy                                    : #1665377284750 | took 0ms | statement | connection 27| url jdbc:h2:mem:6a3784ae-1aa6-4bbf-b617-4d4aeabcc2af
call next value for hibernate_sequence
call next value for hibernate_sequence;
2022-10-10 13:48:04.750  INFO 3923 --- [    Test worker] p6spy                                    : #1665377284750 | took 0ms | statement | connection 27| url jdbc:h2:mem:6a3784ae-1aa6-4bbf-b617-4d4aeabcc2af
call next value for hibernate_sequence
call next value for hibernate_sequence;
2022-10-10 13:48:04.750  INFO 3923 --- [    Test worker] p6spy                                    : #1665377284750 | took 0ms | statement | connection 27| url jdbc:h2:mem:6a3784ae-1aa6-4bbf-b617-4d4aeabcc2af
call next value for hibernate_sequence
call next value for hibernate_sequence;
2022-10-10 13:48:04.750  INFO 3923 --- [    Test worker] p6spy                                    : #1665377284750 | took 0ms | statement | connection 27| url jdbc:h2:mem:6a3784ae-1aa6-4bbf-b617-4d4aeabcc2af
call next value for hibernate_sequence
call next value for hibernate_sequence;
2022-10-10 13:48:04.750  INFO 3923 --- [    Test worker] p6spy                                    : #1665377284750 | took 0ms | statement | connection 27| url jdbc:h2:mem:6a3784ae-1aa6-4bbf-b617-4d4aeabcc2af
call next value for hibernate_sequence
call next value for hibernate_sequence;
2022-10-10 13:48:04.750  INFO 3923 --- [    Test worker] c.j.r.FavoriteSpotQueryRepositoryTest    : favoriteSpot = FavoriteSpot(id=556, count=0)
2022-10-10 13:48:04.750  INFO 3923 --- [    Test worker] c.j.r.FavoriteSpotQueryRepositoryTest    : Spot = capstone.jejuTourrecommend.domain.Spot@61ea9752
2022-10-10 13:48:04.750  INFO 3923 --- [    Test worker] p6spy                                    : #1665377284750 | took 0ms | statement | connection 27| url jdbc:h2:mem:6a3784ae-1aa6-4bbf-b617-4d4aeabcc2af
call next value for hibernate_sequence
call next value for hibernate_sequence;
2022-10-10 13:48:04.750  INFO 3923 --- [    Test worker] p6spy                                    : #1665377284750 | took 0ms | statement | connection 27| url jdbc:h2:mem:6a3784ae-1aa6-4bbf-b617-4d4aeabcc2af
call next value for hibernate_sequence
call next value for hibernate_sequence;
2022-10-10 13:48:04.750  INFO 3923 --- [    Test worker] p6spy                                    : #1665377284750 | took 0ms | statement | connection 27| url jdbc:h2:mem:6a3784ae-1aa6-4bbf-b617-4d4aeabcc2af
call next value for hibernate_sequence
call next value for hibernate_sequence;
2022-10-10 13:48:04.750  INFO 3923 --- [    Test worker] p6spy                                    : #1665377284750 | took 0ms | statement | connection 27| url jdbc:h2:mem:6a3784ae-1aa6-4bbf-b617-4d4aeabcc2af
call next value for hibernate_sequence
call next value for hibernate_sequence;
2022-10-10 13:48:04.750  INFO 3923 --- [    Test worker] p6spy                                    : #1665377284750 | took 0ms | statement | connection 27| url jdbc:h2:mem:6a3784ae-1aa6-4bbf-b617-4d4aeabcc2af
call next value for hibernate_sequence
call next value for hibernate_sequence;
2022-10-10 13:48:04.750  INFO 3923 --- [    Test worker] p6spy                                    : #1665377284750 | took 0ms | statement | connection 27| url jdbc:h2:mem:6a3784ae-1aa6-4bbf-b617-4d4aeabcc2af
call next value for hibernate_sequence
call next value for hibernate_sequence;
2022-10-10 13:48:04.750  INFO 3923 --- [    Test worker] p6spy                                    : #1665377284750 | took 0ms | statement | connection 27| url jdbc:h2:mem:6a3784ae-1aa6-4bbf-b617-4d4aeabcc2af
call next value for hibernate_sequence
call next value for hibernate_sequence;
2022-10-10 13:48:04.750  INFO 3923 --- [    Test worker] p6spy                                    : #1665377284750 | took 0ms | statement | connection 27| url jdbc:h2:mem:6a3784ae-1aa6-4bbf-b617-4d4aeabcc2af
call next value for hibernate_sequence
call next value for hibernate_sequence;
2022-10-10 13:48:04.750  INFO 3923 --- [    Test worker] c.j.r.FavoriteSpotQueryRepositoryTest    : favoriteSpot = FavoriteSpot(id=557, count=0)
2022-10-10 13:48:04.750  INFO 3923 --- [    Test worker] c.j.r.FavoriteSpotQueryRepositoryTest    : Spot = capstone.jejuTourrecommend.domain.Spot@2d819370
2022-10-10 13:48:04.750  INFO 3923 --- [    Test worker] p6spy                                    : #1665377284750 | took 0ms | statement | connection 27| url jdbc:h2:mem:6a3784ae-1aa6-4bbf-b617-4d4aeabcc2af
call next value for hibernate_sequence
call next value for hibernate_sequence;
2022-10-10 13:48:04.750  INFO 3923 --- [    Test worker] p6spy                                    : #1665377284750 | took 0ms | statement | connection 27| url jdbc:h2:mem:6a3784ae-1aa6-4bbf-b617-4d4aeabcc2af
call next value for hibernate_sequence
call next value for hibernate_sequence;
2022-10-10 13:48:04.750  INFO 3923 --- [    Test worker] p6spy                                    : #1665377284750 | took 0ms | statement | connection 27| url jdbc:h2:mem:6a3784ae-1aa6-4bbf-b617-4d4aeabcc2af
call next value for hibernate_sequence
call next value for hibernate_sequence;
2022-10-10 13:48:04.750  INFO 3923 --- [    Test worker] p6spy                                    : #1665377284750 | took 0ms | statement | connection 27| url jdbc:h2:mem:6a3784ae-1aa6-4bbf-b617-4d4aeabcc2af
call next value for hibernate_sequence
call next value for hibernate_sequence;
2022-10-10 13:48:04.750  INFO 3923 --- [    Test worker] p6spy                                    : #1665377284750 | took 0ms | statement | connection 27| url jdbc:h2:mem:6a3784ae-1aa6-4bbf-b617-4d4aeabcc2af
call next value for hibernate_sequence
call next value for hibernate_sequence;
2022-10-10 13:48:04.750  INFO 3923 --- [    Test worker] p6spy                                    : #1665377284750 | took 0ms | statement | connection 27| url jdbc:h2:mem:6a3784ae-1aa6-4bbf-b617-4d4aeabcc2af
call next value for hibernate_sequence
call next value for hibernate_sequence;
2022-10-10 13:48:04.750  INFO 3923 --- [    Test worker] p6spy                                    : #1665377284750 | took 0ms | statement | connection 27| url jdbc:h2:mem:6a3784ae-1aa6-4bbf-b617-4d4aeabcc2af
call next value for hibernate_sequence
call next value for hibernate_sequence;
2022-10-10 13:48:04.750  INFO 3923 --- [    Test worker] p6spy                                    : #1665377284750 | took 0ms | statement | connection 27| url jdbc:h2:mem:6a3784ae-1aa6-4bbf-b617-4d4aeabcc2af
call next value for hibernate_sequence
call next value for hibernate_sequence;
2022-10-10 13:48:04.751  INFO 3923 --- [    Test worker] c.j.r.FavoriteSpotQueryRepositoryTest    : favoriteSpot = FavoriteSpot(id=558, count=0)
2022-10-10 13:48:04.751  INFO 3923 --- [    Test worker] c.j.r.FavoriteSpotQueryRepositoryTest    : Spot = capstone.jejuTourrecommend.domain.Spot@1ab96a2f
2022-10-10 13:48:04.751  INFO 3923 --- [    Test worker] p6spy                                    : #1665377284751 | took 0ms | statement | connection 27| url jdbc:h2:mem:6a3784ae-1aa6-4bbf-b617-4d4aeabcc2af
call next value for hibernate_sequence
call next value for hibernate_sequence;
2022-10-10 13:48:04.751  INFO 3923 --- [    Test worker] p6spy                                    : #1665377284751 | took 0ms | statement | connection 27| url jdbc:h2:mem:6a3784ae-1aa6-4bbf-b617-4d4aeabcc2af
call next value for hibernate_sequence
call next value for hibernate_sequence;
2022-10-10 13:48:04.751  INFO 3923 --- [    Test worker] p6spy                                    : #1665377284751 | took 0ms | statement | connection 27| url jdbc:h2:mem:6a3784ae-1aa6-4bbf-b617-4d4aeabcc2af
call next value for hibernate_sequence
call next value for hibernate_sequence;
2022-10-10 13:48:04.751  INFO 3923 --- [    Test worker] p6spy                                    : #1665377284751 | took 0ms | statement | connection 27| url jdbc:h2:mem:6a3784ae-1aa6-4bbf-b617-4d4aeabcc2af
call next value for hibernate_sequence
call next value for hibernate_sequence;
2022-10-10 13:48:04.751  INFO 3923 --- [    Test worker] p6spy                                    : #1665377284751 | took 0ms | statement | connection 27| url jdbc:h2:mem:6a3784ae-1aa6-4bbf-b617-4d4aeabcc2af
call next value for hibernate_sequence
call next value for hibernate_sequence;
2022-10-10 13:48:04.751  INFO 3923 --- [    Test worker] p6spy                                    : #1665377284751 | took 0ms | statement | connection 27| url jdbc:h2:mem:6a3784ae-1aa6-4bbf-b617-4d4aeabcc2af
call next value for hibernate_sequence
call next value for hibernate_sequence;
2022-10-10 13:48:04.751  INFO 3923 --- [    Test worker] p6spy                                    : #1665377284751 | took 0ms | statement | connection 27| url jdbc:h2:mem:6a3784ae-1aa6-4bbf-b617-4d4aeabcc2af
call next value for hibernate_sequence
call next value for hibernate_sequence;
2022-10-10 13:48:04.751  INFO 3923 --- [    Test worker] p6spy                                    : #1665377284751 | took 0ms | statement | connection 27| url jdbc:h2:mem:6a3784ae-1aa6-4bbf-b617-4d4aeabcc2af
call next value for hibernate_sequence
call next value for hibernate_sequence;
2022-10-10 13:48:04.751  INFO 3923 --- [    Test worker] c.j.r.FavoriteSpotQueryRepositoryTest    : favoriteSpot = FavoriteSpot(id=559, count=0)
2022-10-10 13:48:04.751  INFO 3923 --- [    Test worker] c.j.r.FavoriteSpotQueryRepositoryTest    : Spot = capstone.jejuTourrecommend.domain.Spot@53c751c2
2022-10-10 13:48:04.751  INFO 3923 --- [    Test worker] p6spy                                    : #1665377284751 | took 0ms | statement | connection 27| url jdbc:h2:mem:6a3784ae-1aa6-4bbf-b617-4d4aeabcc2af
call next value for hibernate_sequence
call next value for hibernate_sequence;
2022-10-10 13:48:04.751  INFO 3923 --- [    Test worker] p6spy                                    : #1665377284751 | took 0ms | statement | connection 27| url jdbc:h2:mem:6a3784ae-1aa6-4bbf-b617-4d4aeabcc2af
call next value for hibernate_sequence
call next value for hibernate_sequence;
2022-10-10 13:48:04.751  INFO 3923 --- [    Test worker] p6spy                                    : #1665377284751 | took 0ms | statement | connection 27| url jdbc:h2:mem:6a3784ae-1aa6-4bbf-b617-4d4aeabcc2af
call next value for hibernate_sequence
call next value for hibernate_sequence;
2022-10-10 13:48:04.751  INFO 3923 --- [    Test worker] p6spy                                    : #1665377284751 | took 0ms | statement | connection 27| url jdbc:h2:mem:6a3784ae-1aa6-4bbf-b617-4d4aeabcc2af
call next value for hibernate_sequence
call next value for hibernate_sequence;
2022-10-10 13:48:04.751  INFO 3923 --- [    Test worker] p6spy                                    : #1665377284751 | took 0ms | statement | connection 27| url jdbc:h2:mem:6a3784ae-1aa6-4bbf-b617-4d4aeabcc2af
call next value for hibernate_sequence
call next value for hibernate_sequence;
2022-10-10 13:48:04.751  INFO 3923 --- [    Test worker] p6spy                                    : #1665377284751 | took 0ms | statement | connection 27| url jdbc:h2:mem:6a3784ae-1aa6-4bbf-b617-4d4aeabcc2af
call next value for hibernate_sequence
call next value for hibernate_sequence;
2022-10-10 13:48:04.751  INFO 3923 --- [    Test worker] p6spy                                    : #1665377284751 | took 0ms | statement | connection 27| url jdbc:h2:mem:6a3784ae-1aa6-4bbf-b617-4d4aeabcc2af
call next value for hibernate_sequence
call next value for hibernate_sequence;
2022-10-10 13:48:04.751  INFO 3923 --- [    Test worker] p6spy                                    : #1665377284751 | took 0ms | statement | connection 27| url jdbc:h2:mem:6a3784ae-1aa6-4bbf-b617-4d4aeabcc2af
call next value for hibernate_sequence
call next value for hibernate_sequence;
2022-10-10 13:48:04.751  INFO 3923 --- [    Test worker] c.j.r.FavoriteSpotQueryRepositoryTest    : favoriteSpot = FavoriteSpot(id=560, count=0)
2022-10-10 13:48:04.751  INFO 3923 --- [    Test worker] c.j.r.FavoriteSpotQueryRepositoryTest    : Spot = capstone.jejuTourrecommend.domain.Spot@5513a899
2022-10-10 13:48:04.751  INFO 3923 --- [    Test worker] p6spy                                    : #1665377284751 | took 0ms | statement | connection 27| url jdbc:h2:mem:6a3784ae-1aa6-4bbf-b617-4d4aeabcc2af
call next value for hibernate_sequence
call next value for hibernate_sequence;
2022-10-10 13:48:04.751  INFO 3923 --- [    Test worker] p6spy                                    : #1665377284751 | took 0ms | statement | connection 27| url jdbc:h2:mem:6a3784ae-1aa6-4bbf-b617-4d4aeabcc2af
call next value for hibernate_sequence
call next value for hibernate_sequence;
2022-10-10 13:48:04.751  INFO 3923 --- [    Test worker] p6spy                                    : #1665377284751 | took 0ms | statement | connection 27| url jdbc:h2:mem:6a3784ae-1aa6-4bbf-b617-4d4aeabcc2af
call next value for hibernate_sequence
call next value for hibernate_sequence;
2022-10-10 13:48:04.751  INFO 3923 --- [    Test worker] p6spy                                    : #1665377284751 | took 0ms | statement | connection 27| url jdbc:h2:mem:6a3784ae-1aa6-4bbf-b617-4d4aeabcc2af
call next value for hibernate_sequence
call next value for hibernate_sequence;
2022-10-10 13:48:04.751  INFO 3923 --- [    Test worker] p6spy                                    : #1665377284751 | took 0ms | statement | connection 27| url jdbc:h2:mem:6a3784ae-1aa6-4bbf-b617-4d4aeabcc2af
call next value for hibernate_sequence
call next value for hibernate_sequence;
2022-10-10 13:48:04.751  INFO 3923 --- [    Test worker] p6spy                                    : #1665377284751 | took 0ms | statement | connection 27| url jdbc:h2:mem:6a3784ae-1aa6-4bbf-b617-4d4aeabcc2af
call next value for hibernate_sequence
call next value for hibernate_sequence;
2022-10-10 13:48:04.751  INFO 3923 --- [    Test worker] p6spy                                    : #1665377284751 | took 0ms | statement | connection 27| url jdbc:h2:mem:6a3784ae-1aa6-4bbf-b617-4d4aeabcc2af
call next value for hibernate_sequence
call next value for hibernate_sequence;
2022-10-10 13:48:04.751  INFO 3923 --- [    Test worker] p6spy                                    : #1665377284751 | took 0ms | statement | connection 27| url jdbc:h2:mem:6a3784ae-1aa6-4bbf-b617-4d4aeabcc2af
call next value for hibernate_sequence
call next value for hibernate_sequence;
2022-10-10 13:48:04.751  INFO 3923 --- [    Test worker] c.j.r.FavoriteSpotQueryRepositoryTest    : favoriteSpot = FavoriteSpot(id=561, count=0)
2022-10-10 13:48:04.751  INFO 3923 --- [    Test worker] c.j.r.FavoriteSpotQueryRepositoryTest    : Spot = capstone.jejuTourrecommend.domain.Spot@2d571497
2022-10-10 13:48:04.751  INFO 3923 --- [    Test worker] p6spy                                    : #1665377284751 | took 0ms | statement | connection 27| url jdbc:h2:mem:6a3784ae-1aa6-4bbf-b617-4d4aeabcc2af
call next value for hibernate_sequence
call next value for hibernate_sequence;
2022-10-10 13:48:04.751  INFO 3923 --- [    Test worker] p6spy                                    : #1665377284751 | took 0ms | statement | connection 27| url jdbc:h2:mem:6a3784ae-1aa6-4bbf-b617-4d4aeabcc2af
call next value for hibernate_sequence
call next value for hibernate_sequence;
2022-10-10 13:48:04.751  INFO 3923 --- [    Test worker] p6spy                                    : #1665377284751 | took 0ms | statement | connection 27| url jdbc:h2:mem:6a3784ae-1aa6-4bbf-b617-4d4aeabcc2af
call next value for hibernate_sequence
call next value for hibernate_sequence;
2022-10-10 13:48:04.751  INFO 3923 --- [    Test worker] p6spy                                    : #1665377284751 | took 0ms | statement | connection 27| url jdbc:h2:mem:6a3784ae-1aa6-4bbf-b617-4d4aeabcc2af
call next value for hibernate_sequence
call next value for hibernate_sequence;
2022-10-10 13:48:04.751  INFO 3923 --- [    Test worker] p6spy                                    : #1665377284751 | took 0ms | statement | connection 27| url jdbc:h2:mem:6a3784ae-1aa6-4bbf-b617-4d4aeabcc2af
call next value for hibernate_sequence
call next value for hibernate_sequence;
2022-10-10 13:48:04.751  INFO 3923 --- [    Test worker] p6spy                                    : #1665377284751 | took 0ms | statement | connection 27| url jdbc:h2:mem:6a3784ae-1aa6-4bbf-b617-4d4aeabcc2af
call next value for hibernate_sequence
call next value for hibernate_sequence;
2022-10-10 13:48:04.751  INFO 3923 --- [    Test worker] p6spy                                    : #1665377284751 | took 0ms | statement | connection 27| url jdbc:h2:mem:6a3784ae-1aa6-4bbf-b617-4d4aeabcc2af
call next value for hibernate_sequence
call next value for hibernate_sequence;
2022-10-10 13:48:04.751  INFO 3923 --- [    Test worker] p6spy                                    : #1665377284751 | took 0ms | statement | connection 27| url jdbc:h2:mem:6a3784ae-1aa6-4bbf-b617-4d4aeabcc2af
call next value for hibernate_sequence
call next value for hibernate_sequence;
2022-10-10 13:48:04.751  INFO 3923 --- [    Test worker] c.j.r.FavoriteSpotQueryRepositoryTest    : favoriteSpot = FavoriteSpot(id=562, count=0)
2022-10-10 13:48:04.751  INFO 3923 --- [    Test worker] c.j.r.FavoriteSpotQueryRepositoryTest    : Spot = capstone.jejuTourrecommend.domain.Spot@d480bd2
2022-10-10 13:48:04.752  INFO 3923 --- [    Test worker] p6spy                                    : #1665377284752 | took 0ms | statement | connection 27| url jdbc:h2:mem:6a3784ae-1aa6-4bbf-b617-4d4aeabcc2af
call next value for hibernate_sequence
call next value for hibernate_sequence;
2022-10-10 13:48:04.752  INFO 3923 --- [    Test worker] p6spy                                    : #1665377284752 | took 0ms | statement | connection 27| url jdbc:h2:mem:6a3784ae-1aa6-4bbf-b617-4d4aeabcc2af
call next value for hibernate_sequence
call next value for hibernate_sequence;
2022-10-10 13:48:04.752  INFO 3923 --- [    Test worker] p6spy                                    : #1665377284752 | took 0ms | statement | connection 27| url jdbc:h2:mem:6a3784ae-1aa6-4bbf-b617-4d4aeabcc2af
call next value for hibernate_sequence
call next value for hibernate_sequence;
2022-10-10 13:48:04.752  INFO 3923 --- [    Test worker] p6spy                                    : #1665377284752 | took 0ms | statement | connection 27| url jdbc:h2:mem:6a3784ae-1aa6-4bbf-b617-4d4aeabcc2af
call next value for hibernate_sequence
call next value for hibernate_sequence;
2022-10-10 13:48:04.752  INFO 3923 --- [    Test worker] p6spy                                    : #1665377284752 | took 0ms | statement | connection 27| url jdbc:h2:mem:6a3784ae-1aa6-4bbf-b617-4d4aeabcc2af
call next value for hibernate_sequence
call next value for hibernate_sequence;
2022-10-10 13:48:04.752  INFO 3923 --- [    Test worker] p6spy                                    : #1665377284752 | took 0ms | statement | connection 27| url jdbc:h2:mem:6a3784ae-1aa6-4bbf-b617-4d4aeabcc2af
call next value for hibernate_sequence
call next value for hibernate_sequence;
2022-10-10 13:48:04.752  INFO 3923 --- [    Test worker] p6spy                                    : #1665377284752 | took 0ms | statement | connection 27| url jdbc:h2:mem:6a3784ae-1aa6-4bbf-b617-4d4aeabcc2af
call next value for hibernate_sequence
call next value for hibernate_sequence;
2022-10-10 13:48:04.752  INFO 3923 --- [    Test worker] p6spy                                    : #1665377284752 | took 0ms | statement | connection 27| url jdbc:h2:mem:6a3784ae-1aa6-4bbf-b617-4d4aeabcc2af
call next value for hibernate_sequence
call next value for hibernate_sequence;
2022-10-10 13:48:04.752  INFO 3923 --- [    Test worker] c.j.r.FavoriteSpotQueryRepositoryTest    : favoriteSpot = FavoriteSpot(id=563, count=0)
2022-10-10 13:48:04.752  INFO 3923 --- [    Test worker] c.j.r.FavoriteSpotQueryRepositoryTest    : Spot = capstone.jejuTourrecommend.domain.Spot@32c299e5
2022-10-10 13:48:04.752  INFO 3923 --- [    Test worker] p6spy                                    : #1665377284752 | took 0ms | statement | connection 27| url jdbc:h2:mem:6a3784ae-1aa6-4bbf-b617-4d4aeabcc2af
call next value for hibernate_sequence
call next value for hibernate_sequence;
2022-10-10 13:48:04.752  INFO 3923 --- [    Test worker] p6spy                                    : #1665377284752 | took 0ms | statement | connection 27| url jdbc:h2:mem:6a3784ae-1aa6-4bbf-b617-4d4aeabcc2af
call next value for hibernate_sequence
call next value for hibernate_sequence;
2022-10-10 13:48:04.752  INFO 3923 --- [    Test worker] p6spy                                    : #1665377284752 | took 0ms | statement | connection 27| url jdbc:h2:mem:6a3784ae-1aa6-4bbf-b617-4d4aeabcc2af
call next value for hibernate_sequence
call next value for hibernate_sequence;
2022-10-10 13:48:04.752  INFO 3923 --- [    Test worker] p6spy                                    : #1665377284752 | took 0ms | statement | connection 27| url jdbc:h2:mem:6a3784ae-1aa6-4bbf-b617-4d4aeabcc2af
call next value for hibernate_sequence
call next value for hibernate_sequence;
2022-10-10 13:48:04.752  INFO 3923 --- [    Test worker] p6spy                                    : #1665377284752 | took 0ms | statement | connection 27| url jdbc:h2:mem:6a3784ae-1aa6-4bbf-b617-4d4aeabcc2af
call next value for hibernate_sequence
call next value for hibernate_sequence;
2022-10-10 13:48:04.752  INFO 3923 --- [    Test worker] p6spy                                    : #1665377284752 | took 0ms | statement | connection 27| url jdbc:h2:mem:6a3784ae-1aa6-4bbf-b617-4d4aeabcc2af
call next value for hibernate_sequence
call next value for hibernate_sequence;
2022-10-10 13:48:04.752  INFO 3923 --- [    Test worker] p6spy                                    : #1665377284752 | took 0ms | statement | connection 27| url jdbc:h2:mem:6a3784ae-1aa6-4bbf-b617-4d4aeabcc2af
call next value for hibernate_sequence
call next value for hibernate_sequence;
2022-10-10 13:48:04.752  INFO 3923 --- [    Test worker] p6spy                                    : #1665377284752 | took 0ms | statement | connection 27| url jdbc:h2:mem:6a3784ae-1aa6-4bbf-b617-4d4aeabcc2af
call next value for hibernate_sequence
call next value for hibernate_sequence;
2022-10-10 13:48:04.752  INFO 3923 --- [    Test worker] c.j.r.FavoriteSpotQueryRepositoryTest    : favoriteSpot = FavoriteSpot(id=564, count=0)
2022-10-10 13:48:04.752  INFO 3923 --- [    Test worker] c.j.r.FavoriteSpotQueryRepositoryTest    : Spot = capstone.jejuTourrecommend.domain.Spot@35fedeae
2022-10-10 13:48:04.752  INFO 3923 --- [    Test worker] p6spy                                    : #1665377284752 | took 0ms | statement | connection 27| url jdbc:h2:mem:6a3784ae-1aa6-4bbf-b617-4d4aeabcc2af
call next value for hibernate_sequence
call next value for hibernate_sequence;
2022-10-10 13:48:04.752  INFO 3923 --- [    Test worker] p6spy                                    : #1665377284752 | took 0ms | statement | connection 27| url jdbc:h2:mem:6a3784ae-1aa6-4bbf-b617-4d4aeabcc2af
call next value for hibernate_sequence
call next value for hibernate_sequence;
2022-10-10 13:48:04.752  INFO 3923 --- [    Test worker] p6spy                                    : #1665377284752 | took 0ms | statement | connection 27| url jdbc:h2:mem:6a3784ae-1aa6-4bbf-b617-4d4aeabcc2af
call next value for hibernate_sequence
call next value for hibernate_sequence;
2022-10-10 13:48:04.752  INFO 3923 --- [    Test worker] p6spy                                    : #1665377284752 | took 0ms | statement | connection 27| url jdbc:h2:mem:6a3784ae-1aa6-4bbf-b617-4d4aeabcc2af
call next value for hibernate_sequence
call next value for hibernate_sequence;
2022-10-10 13:48:04.752  INFO 3923 --- [    Test worker] p6spy                                    : #1665377284752 | took 0ms | statement | connection 27| url jdbc:h2:mem:6a3784ae-1aa6-4bbf-b617-4d4aeabcc2af
call next value for hibernate_sequence
call next value for hibernate_sequence;
2022-10-10 13:48:04.752  INFO 3923 --- [    Test worker] p6spy                                    : #1665377284752 | took 0ms | statement | connection 27| url jdbc:h2:mem:6a3784ae-1aa6-4bbf-b617-4d4aeabcc2af
call next value for hibernate_sequence
call next value for hibernate_sequence;
2022-10-10 13:48:04.752  INFO 3923 --- [    Test worker] p6spy                                    : #1665377284752 | took 0ms | statement | connection 27| url jdbc:h2:mem:6a3784ae-1aa6-4bbf-b617-4d4aeabcc2af
call next value for hibernate_sequence
call next value for hibernate_sequence;
2022-10-10 13:48:04.752  INFO 3923 --- [    Test worker] p6spy                                    : #1665377284752 | took 0ms | statement | connection 27| url jdbc:h2:mem:6a3784ae-1aa6-4bbf-b617-4d4aeabcc2af
call next value for hibernate_sequence
call next value for hibernate_sequence;
2022-10-10 13:48:04.752  INFO 3923 --- [    Test worker] c.j.r.FavoriteSpotQueryRepositoryTest    : favoriteSpot = FavoriteSpot(id=565, count=0)
2022-10-10 13:48:04.752  INFO 3923 --- [    Test worker] c.j.r.FavoriteSpotQueryRepositoryTest    : Spot = capstone.jejuTourrecommend.domain.Spot@4fd8001f
2022-10-10 13:48:04.752  INFO 3923 --- [    Test worker] p6spy                                    : #1665377284752 | took 0ms | statement | connection 27| url jdbc:h2:mem:6a3784ae-1aa6-4bbf-b617-4d4aeabcc2af
call next value for hibernate_sequence
call next value for hibernate_sequence;
2022-10-10 13:48:04.752  INFO 3923 --- [    Test worker] p6spy                                    : #1665377284752 | took 0ms | statement | connection 27| url jdbc:h2:mem:6a3784ae-1aa6-4bbf-b617-4d4aeabcc2af
call next value for hibernate_sequence
call next value for hibernate_sequence;
2022-10-10 13:48:04.752  INFO 3923 --- [    Test worker] p6spy                                    : #1665377284752 | took 0ms | statement | connection 27| url jdbc:h2:mem:6a3784ae-1aa6-4bbf-b617-4d4aeabcc2af
call next value for hibernate_sequence
call next value for hibernate_sequence;
2022-10-10 13:48:04.752  INFO 3923 --- [    Test worker] p6spy                                    : #1665377284752 | took 0ms | statement | connection 27| url jdbc:h2:mem:6a3784ae-1aa6-4bbf-b617-4d4aeabcc2af
call next value for hibernate_sequence
call next value for hibernate_sequence;
2022-10-10 13:48:04.752  INFO 3923 --- [    Test worker] p6spy                                    : #1665377284752 | took 0ms | statement | connection 27| url jdbc:h2:mem:6a3784ae-1aa6-4bbf-b617-4d4aeabcc2af
call next value for hibernate_sequence
call next value for hibernate_sequence;
2022-10-10 13:48:04.752  INFO 3923 --- [    Test worker] p6spy                                    : #1665377284752 | took 0ms | statement | connection 27| url jdbc:h2:mem:6a3784ae-1aa6-4bbf-b617-4d4aeabcc2af
call next value for hibernate_sequence
call next value for hibernate_sequence;
2022-10-10 13:48:04.752  INFO 3923 --- [    Test worker] p6spy                                    : #1665377284752 | took 0ms | statement | connection 27| url jdbc:h2:mem:6a3784ae-1aa6-4bbf-b617-4d4aeabcc2af
call next value for hibernate_sequence
call next value for hibernate_sequence;
2022-10-10 13:48:04.752  INFO 3923 --- [    Test worker] p6spy                                    : #1665377284752 | took 0ms | statement | connection 27| url jdbc:h2:mem:6a3784ae-1aa6-4bbf-b617-4d4aeabcc2af
call next value for hibernate_sequence
call next value for hibernate_sequence;
2022-10-10 13:48:04.752  INFO 3923 --- [    Test worker] c.j.r.FavoriteSpotQueryRepositoryTest    : favoriteSpot = FavoriteSpot(id=566, count=0)
2022-10-10 13:48:04.752  INFO 3923 --- [    Test worker] c.j.r.FavoriteSpotQueryRepositoryTest    : Spot = capstone.jejuTourrecommend.domain.Spot@3d81525b
2022-10-10 13:48:04.752  INFO 3923 --- [    Test worker] p6spy                                    : #1665377284752 | took 0ms | statement | connection 27| url jdbc:h2:mem:6a3784ae-1aa6-4bbf-b617-4d4aeabcc2af
call next value for hibernate_sequence
call next value for hibernate_sequence;
2022-10-10 13:48:04.752  INFO 3923 --- [    Test worker] p6spy                                    : #1665377284752 | took 0ms | statement | connection 27| url jdbc:h2:mem:6a3784ae-1aa6-4bbf-b617-4d4aeabcc2af
call next value for hibernate_sequence
call next value for hibernate_sequence;
2022-10-10 13:48:04.752  INFO 3923 --- [    Test worker] p6spy                                    : #1665377284752 | took 0ms | statement | connection 27| url jdbc:h2:mem:6a3784ae-1aa6-4bbf-b617-4d4aeabcc2af
call next value for hibernate_sequence
call next value for hibernate_sequence;
2022-10-10 13:48:04.752  INFO 3923 --- [    Test worker] p6spy                                    : #1665377284752 | took 0ms | statement | connection 27| url jdbc:h2:mem:6a3784ae-1aa6-4bbf-b617-4d4aeabcc2af
call next value for hibernate_sequence
call next value for hibernate_sequence;
2022-10-10 13:48:04.752  INFO 3923 --- [    Test worker] p6spy                                    : #1665377284752 | took 0ms | statement | connection 27| url jdbc:h2:mem:6a3784ae-1aa6-4bbf-b617-4d4aeabcc2af
call next value for hibernate_sequence
call next value for hibernate_sequence;
2022-10-10 13:48:04.752  INFO 3923 --- [    Test worker] p6spy                                    : #1665377284752 | took 0ms | statement | connection 27| url jdbc:h2:mem:6a3784ae-1aa6-4bbf-b617-4d4aeabcc2af
call next value for hibernate_sequence
call next value for hibernate_sequence;
2022-10-10 13:48:04.752  INFO 3923 --- [    Test worker] p6spy                                    : #1665377284752 | took 0ms | statement | connection 27| url jdbc:h2:mem:6a3784ae-1aa6-4bbf-b617-4d4aeabcc2af
call next value for hibernate_sequence
call next value for hibernate_sequence;
2022-10-10 13:48:04.752  INFO 3923 --- [    Test worker] p6spy                                    : #1665377284752 | took 0ms | statement | connection 27| url jdbc:h2:mem:6a3784ae-1aa6-4bbf-b617-4d4aeabcc2af
call next value for hibernate_sequence
call next value for hibernate_sequence;
2022-10-10 13:48:04.753  INFO 3923 --- [    Test worker] c.j.r.FavoriteSpotQueryRepositoryTest    : favoriteSpot = FavoriteSpot(id=567, count=0)
2022-10-10 13:48:04.753  INFO 3923 --- [    Test worker] c.j.r.FavoriteSpotQueryRepositoryTest    : Spot = capstone.jejuTourrecommend.domain.Spot@662e04f3
2022-10-10 13:48:04.753  INFO 3923 --- [    Test worker] p6spy                                    : #1665377284753 | took 0ms | statement | connection 27| url jdbc:h2:mem:6a3784ae-1aa6-4bbf-b617-4d4aeabcc2af
call next value for hibernate_sequence
call next value for hibernate_sequence;
2022-10-10 13:48:04.753  INFO 3923 --- [    Test worker] p6spy                                    : #1665377284753 | took 0ms | statement | connection 27| url jdbc:h2:mem:6a3784ae-1aa6-4bbf-b617-4d4aeabcc2af
call next value for hibernate_sequence
call next value for hibernate_sequence;
2022-10-10 13:48:04.753  INFO 3923 --- [    Test worker] p6spy                                    : #1665377284753 | took 0ms | statement | connection 27| url jdbc:h2:mem:6a3784ae-1aa6-4bbf-b617-4d4aeabcc2af
call next value for hibernate_sequence
call next value for hibernate_sequence;
2022-10-10 13:48:04.753  INFO 3923 --- [    Test worker] p6spy                                    : #1665377284753 | took 0ms | statement | connection 27| url jdbc:h2:mem:6a3784ae-1aa6-4bbf-b617-4d4aeabcc2af
call next value for hibernate_sequence
call next value for hibernate_sequence;
2022-10-10 13:48:04.753  INFO 3923 --- [    Test worker] p6spy                                    : #1665377284753 | took 0ms | statement | connection 27| url jdbc:h2:mem:6a3784ae-1aa6-4bbf-b617-4d4aeabcc2af
call next value for hibernate_sequence
call next value for hibernate_sequence;
2022-10-10 13:48:04.753  INFO 3923 --- [    Test worker] p6spy                                    : #1665377284753 | took 0ms | statement | connection 27| url jdbc:h2:mem:6a3784ae-1aa6-4bbf-b617-4d4aeabcc2af
call next value for hibernate_sequence
call next value for hibernate_sequence;
2022-10-10 13:48:04.753  INFO 3923 --- [    Test worker] p6spy                                    : #1665377284753 | took 0ms | statement | connection 27| url jdbc:h2:mem:6a3784ae-1aa6-4bbf-b617-4d4aeabcc2af
call next value for hibernate_sequence
call next value for hibernate_sequence;
2022-10-10 13:48:04.753  INFO 3923 --- [    Test worker] p6spy                                    : #1665377284753 | took 0ms | statement | connection 27| url jdbc:h2:mem:6a3784ae-1aa6-4bbf-b617-4d4aeabcc2af
call next value for hibernate_sequence
call next value for hibernate_sequence;
2022-10-10 13:48:04.753  INFO 3923 --- [    Test worker] c.j.r.FavoriteSpotQueryRepositoryTest    : favoriteSpot = FavoriteSpot(id=568, count=0)
2022-10-10 13:48:04.753  INFO 3923 --- [    Test worker] c.j.r.FavoriteSpotQueryRepositoryTest    : Spot = capstone.jejuTourrecommend.domain.Spot@11674996
2022-10-10 13:48:04.753  INFO 3923 --- [    Test worker] p6spy                                    : #1665377284753 | took 0ms | statement | connection 27| url jdbc:h2:mem:6a3784ae-1aa6-4bbf-b617-4d4aeabcc2af
call next value for hibernate_sequence
call next value for hibernate_sequence;
2022-10-10 13:48:04.753  INFO 3923 --- [    Test worker] p6spy                                    : #1665377284753 | took 0ms | statement | connection 27| url jdbc:h2:mem:6a3784ae-1aa6-4bbf-b617-4d4aeabcc2af
call next value for hibernate_sequence
call next value for hibernate_sequence;
2022-10-10 13:48:04.753  INFO 3923 --- [    Test worker] p6spy                                    : #1665377284753 | took 0ms | statement | connection 27| url jdbc:h2:mem:6a3784ae-1aa6-4bbf-b617-4d4aeabcc2af
call next value for hibernate_sequence
call next value for hibernate_sequence;
2022-10-10 13:48:04.753  INFO 3923 --- [    Test worker] p6spy                                    : #1665377284753 | took 0ms | statement | connection 27| url jdbc:h2:mem:6a3784ae-1aa6-4bbf-b617-4d4aeabcc2af
call next value for spot_seq
call next value for spot_seq;
2022-10-10 13:48:04.753  INFO 3923 --- [    Test worker] p6spy                                    : #1665377284753 | took 0ms | statement | connection 27| url jdbc:h2:mem:6a3784ae-1aa6-4bbf-b617-4d4aeabcc2af
call next value for hibernate_sequence
call next value for hibernate_sequence;
2022-10-10 13:48:04.753  INFO 3923 --- [    Test worker] p6spy                                    : #1665377284753 | took 0ms | statement | connection 27| url jdbc:h2:mem:6a3784ae-1aa6-4bbf-b617-4d4aeabcc2af
call next value for hibernate_sequence
call next value for hibernate_sequence;
2022-10-10 13:48:04.753  INFO 3923 --- [    Test worker] p6spy                                    : #1665377284753 | took 0ms | statement | connection 27| url jdbc:h2:mem:6a3784ae-1aa6-4bbf-b617-4d4aeabcc2af
call next value for hibernate_sequence
call next value for hibernate_sequence;
2022-10-10 13:48:04.753  INFO 3923 --- [    Test worker] p6spy                                    : #1665377284753 | took 0ms | statement | connection 27| url jdbc:h2:mem:6a3784ae-1aa6-4bbf-b617-4d4aeabcc2af
call next value for hibernate_sequence
call next value for hibernate_sequence;
2022-10-10 13:48:04.753  INFO 3923 --- [    Test worker] p6spy                                    : #1665377284753 | took 0ms | statement | connection 27| url jdbc:h2:mem:6a3784ae-1aa6-4bbf-b617-4d4aeabcc2af
call next value for hibernate_sequence
call next value for hibernate_sequence;
2022-10-10 13:48:04.753  INFO 3923 --- [    Test worker] c.j.r.FavoriteSpotQueryRepositoryTest    : favoriteSpot = FavoriteSpot(id=569, count=0)
2022-10-10 13:48:04.753  INFO 3923 --- [    Test worker] c.j.r.FavoriteSpotQueryRepositoryTest    : Spot = capstone.jejuTourrecommend.domain.Spot@626fc0fe
2022-10-10 13:48:04.753  INFO 3923 --- [    Test worker] p6spy                                    : #1665377284753 | took 0ms | statement | connection 27| url jdbc:h2:mem:6a3784ae-1aa6-4bbf-b617-4d4aeabcc2af
call next value for hibernate_sequence
call next value for hibernate_sequence;
2022-10-10 13:48:04.753  INFO 3923 --- [    Test worker] p6spy                                    : #1665377284753 | took 0ms | statement | connection 27| url jdbc:h2:mem:6a3784ae-1aa6-4bbf-b617-4d4aeabcc2af
call next value for hibernate_sequence
call next value for hibernate_sequence;
2022-10-10 13:48:04.753  INFO 3923 --- [    Test worker] p6spy                                    : #1665377284753 | took 0ms | statement | connection 27| url jdbc:h2:mem:6a3784ae-1aa6-4bbf-b617-4d4aeabcc2af
call next value for hibernate_sequence
call next value for hibernate_sequence;
2022-10-10 13:48:04.753  INFO 3923 --- [    Test worker] p6spy                                    : #1665377284753 | took 0ms | statement | connection 27| url jdbc:h2:mem:6a3784ae-1aa6-4bbf-b617-4d4aeabcc2af
call next value for hibernate_sequence
call next value for hibernate_sequence;
2022-10-10 13:48:04.753  INFO 3923 --- [    Test worker] p6spy                                    : #1665377284753 | took 0ms | statement | connection 27| url jdbc:h2:mem:6a3784ae-1aa6-4bbf-b617-4d4aeabcc2af
call next value for hibernate_sequence
call next value for hibernate_sequence;
2022-10-10 13:48:04.753  INFO 3923 --- [    Test worker] p6spy                                    : #1665377284753 | took 0ms | statement | connection 27| url jdbc:h2:mem:6a3784ae-1aa6-4bbf-b617-4d4aeabcc2af
call next value for hibernate_sequence
call next value for hibernate_sequence;
2022-10-10 13:48:04.753  INFO 3923 --- [    Test worker] p6spy                                    : #1665377284753 | took 0ms | statement | connection 27| url jdbc:h2:mem:6a3784ae-1aa6-4bbf-b617-4d4aeabcc2af
call next value for hibernate_sequence
call next value for hibernate_sequence;
2022-10-10 13:48:04.753  INFO 3923 --- [    Test worker] p6spy                                    : #1665377284753 | took 0ms | statement | connection 27| url jdbc:h2:mem:6a3784ae-1aa6-4bbf-b617-4d4aeabcc2af
call next value for hibernate_sequence
call next value for hibernate_sequence;
2022-10-10 13:48:04.753  INFO 3923 --- [    Test worker] c.j.r.FavoriteSpotQueryRepositoryTest    : favoriteSpot = FavoriteSpot(id=570, count=0)
2022-10-10 13:48:04.753  INFO 3923 --- [    Test worker] c.j.r.FavoriteSpotQueryRepositoryTest    : Spot = capstone.jejuTourrecommend.domain.Spot@1ef2e9fe
2022-10-10 13:48:04.753  INFO 3923 --- [    Test worker] p6spy                                    : #1665377284753 | took 0ms | statement | connection 27| url jdbc:h2:mem:6a3784ae-1aa6-4bbf-b617-4d4aeabcc2af
call next value for hibernate_sequence
call next value for hibernate_sequence;
2022-10-10 13:48:04.753  INFO 3923 --- [    Test worker] p6spy                                    : #1665377284753 | took 0ms | statement | connection 27| url jdbc:h2:mem:6a3784ae-1aa6-4bbf-b617-4d4aeabcc2af
call next value for hibernate_sequence
call next value for hibernate_sequence;
2022-10-10 13:48:04.753  INFO 3923 --- [    Test worker] p6spy                                    : #1665377284753 | took 0ms | statement | connection 27| url jdbc:h2:mem:6a3784ae-1aa6-4bbf-b617-4d4aeabcc2af
call next value for hibernate_sequence
call next value for hibernate_sequence;
2022-10-10 13:48:04.753  INFO 3923 --- [    Test worker] p6spy                                    : #1665377284753 | took 0ms | statement | connection 27| url jdbc:h2:mem:6a3784ae-1aa6-4bbf-b617-4d4aeabcc2af
call next value for hibernate_sequence
call next value for hibernate_sequence;
2022-10-10 13:48:04.753  INFO 3923 --- [    Test worker] p6spy                                    : #1665377284753 | took 0ms | statement | connection 27| url jdbc:h2:mem:6a3784ae-1aa6-4bbf-b617-4d4aeabcc2af
call next value for hibernate_sequence
call next value for hibernate_sequence;
2022-10-10 13:48:04.753  INFO 3923 --- [    Test worker] p6spy                                    : #1665377284753 | took 0ms | statement | connection 27| url jdbc:h2:mem:6a3784ae-1aa6-4bbf-b617-4d4aeabcc2af
call next value for hibernate_sequence
call next value for hibernate_sequence;
2022-10-10 13:48:04.753  INFO 3923 --- [    Test worker] p6spy                                    : #1665377284753 | took 0ms | statement | connection 27| url jdbc:h2:mem:6a3784ae-1aa6-4bbf-b617-4d4aeabcc2af
call next value for hibernate_sequence
call next value for hibernate_sequence;
2022-10-10 13:48:04.753  INFO 3923 --- [    Test worker] p6spy                                    : #1665377284753 | took 0ms | statement | connection 27| url jdbc:h2:mem:6a3784ae-1aa6-4bbf-b617-4d4aeabcc2af
call next value for hibernate_sequence
call next value for hibernate_sequence;
2022-10-10 13:48:04.753  INFO 3923 --- [    Test worker] c.j.r.FavoriteSpotQueryRepositoryTest    : favoriteSpot = FavoriteSpot(id=571, count=0)
2022-10-10 13:48:04.753  INFO 3923 --- [    Test worker] c.j.r.FavoriteSpotQueryRepositoryTest    : Spot = capstone.jejuTourrecommend.domain.Spot@472c0627
2022-10-10 13:48:04.753  INFO 3923 --- [    Test worker] p6spy                                    : #1665377284753 | took 0ms | statement | connection 27| url jdbc:h2:mem:6a3784ae-1aa6-4bbf-b617-4d4aeabcc2af
call next value for hibernate_sequence
call next value for hibernate_sequence;
2022-10-10 13:48:04.753  INFO 3923 --- [    Test worker] p6spy                                    : #1665377284753 | took 0ms | statement | connection 27| url jdbc:h2:mem:6a3784ae-1aa6-4bbf-b617-4d4aeabcc2af
call next value for hibernate_sequence
call next value for hibernate_sequence;
2022-10-10 13:48:04.753  INFO 3923 --- [    Test worker] p6spy                                    : #1665377284753 | took 0ms | statement | connection 27| url jdbc:h2:mem:6a3784ae-1aa6-4bbf-b617-4d4aeabcc2af
call next value for hibernate_sequence
call next value for hibernate_sequence;
2022-10-10 13:48:04.753  INFO 3923 --- [    Test worker] p6spy                                    : #1665377284753 | took 0ms | statement | connection 27| url jdbc:h2:mem:6a3784ae-1aa6-4bbf-b617-4d4aeabcc2af
call next value for hibernate_sequence
call next value for hibernate_sequence;
2022-10-10 13:48:04.753  INFO 3923 --- [    Test worker] p6spy                                    : #1665377284753 | took 0ms | statement | connection 27| url jdbc:h2:mem:6a3784ae-1aa6-4bbf-b617-4d4aeabcc2af
call next value for hibernate_sequence
call next value for hibernate_sequence;
2022-10-10 13:48:04.753  INFO 3923 --- [    Test worker] p6spy                                    : #1665377284753 | took 0ms | statement | connection 27| url jdbc:h2:mem:6a3784ae-1aa6-4bbf-b617-4d4aeabcc2af
call next value for hibernate_sequence
call next value for hibernate_sequence;
2022-10-10 13:48:04.754  INFO 3923 --- [    Test worker] p6spy                                    : #1665377284754 | took 0ms | statement | connection 27| url jdbc:h2:mem:6a3784ae-1aa6-4bbf-b617-4d4aeabcc2af
call next value for hibernate_sequence
call next value for hibernate_sequence;
2022-10-10 13:48:04.754  INFO 3923 --- [    Test worker] p6spy                                    : #1665377284754 | took 0ms | statement | connection 27| url jdbc:h2:mem:6a3784ae-1aa6-4bbf-b617-4d4aeabcc2af
call next value for hibernate_sequence
call next value for hibernate_sequence;
2022-10-10 13:48:04.754  INFO 3923 --- [    Test worker] c.j.r.FavoriteSpotQueryRepositoryTest    : favoriteSpot = FavoriteSpot(id=572, count=0)
2022-10-10 13:48:04.754  INFO 3923 --- [    Test worker] c.j.r.FavoriteSpotQueryRepositoryTest    : Spot = capstone.jejuTourrecommend.domain.Spot@389c9235
2022-10-10 13:48:04.754  INFO 3923 --- [    Test worker] p6spy                                    : #1665377284754 | took 0ms | statement | connection 27| url jdbc:h2:mem:6a3784ae-1aa6-4bbf-b617-4d4aeabcc2af
call next value for hibernate_sequence
call next value for hibernate_sequence;
2022-10-10 13:48:04.754  INFO 3923 --- [    Test worker] p6spy                                    : #1665377284754 | took 0ms | statement | connection 27| url jdbc:h2:mem:6a3784ae-1aa6-4bbf-b617-4d4aeabcc2af
call next value for hibernate_sequence
call next value for hibernate_sequence;
2022-10-10 13:48:04.754  INFO 3923 --- [    Test worker] p6spy                                    : #1665377284754 | took 0ms | statement | connection 27| url jdbc:h2:mem:6a3784ae-1aa6-4bbf-b617-4d4aeabcc2af
call next value for hibernate_sequence
call next value for hibernate_sequence;
2022-10-10 13:48:04.754  INFO 3923 --- [    Test worker] p6spy                                    : #1665377284754 | took 0ms | statement | connection 27| url jdbc:h2:mem:6a3784ae-1aa6-4bbf-b617-4d4aeabcc2af
call next value for hibernate_sequence
call next value for hibernate_sequence;
2022-10-10 13:48:04.754  INFO 3923 --- [    Test worker] p6spy                                    : #1665377284754 | took 0ms | statement | connection 27| url jdbc:h2:mem:6a3784ae-1aa6-4bbf-b617-4d4aeabcc2af
call next value for hibernate_sequence
call next value for hibernate_sequence;
2022-10-10 13:48:04.754  INFO 3923 --- [    Test worker] p6spy                                    : #1665377284754 | took 0ms | statement | connection 27| url jdbc:h2:mem:6a3784ae-1aa6-4bbf-b617-4d4aeabcc2af
call next value for hibernate_sequence
call next value for hibernate_sequence;
2022-10-10 13:48:04.754  INFO 3923 --- [    Test worker] p6spy                                    : #1665377284754 | took 0ms | statement | connection 27| url jdbc:h2:mem:6a3784ae-1aa6-4bbf-b617-4d4aeabcc2af
call next value for hibernate_sequence
call next value for hibernate_sequence;
2022-10-10 13:48:04.754  INFO 3923 --- [    Test worker] p6spy                                    : #1665377284754 | took 0ms | statement | connection 27| url jdbc:h2:mem:6a3784ae-1aa6-4bbf-b617-4d4aeabcc2af
call next value for hibernate_sequence
call next value for hibernate_sequence;
2022-10-10 13:48:04.754  INFO 3923 --- [    Test worker] c.j.r.FavoriteSpotQueryRepositoryTest    : favoriteSpot = FavoriteSpot(id=573, count=0)
2022-10-10 13:48:04.754  INFO 3923 --- [    Test worker] c.j.r.FavoriteSpotQueryRepositoryTest    : Spot = capstone.jejuTourrecommend.domain.Spot@224da20d
2022-10-10 13:48:04.754  INFO 3923 --- [    Test worker] p6spy                                    : #1665377284754 | took 0ms | statement | connection 27| url jdbc:h2:mem:6a3784ae-1aa6-4bbf-b617-4d4aeabcc2af
call next value for hibernate_sequence
call next value for hibernate_sequence;
2022-10-10 13:48:04.754  INFO 3923 --- [    Test worker] p6spy                                    : #1665377284754 | took 0ms | statement | connection 27| url jdbc:h2:mem:6a3784ae-1aa6-4bbf-b617-4d4aeabcc2af
call next value for hibernate_sequence
call next value for hibernate_sequence;
2022-10-10 13:48:04.754  INFO 3923 --- [    Test worker] p6spy                                    : #1665377284754 | took 0ms | statement | connection 27| url jdbc:h2:mem:6a3784ae-1aa6-4bbf-b617-4d4aeabcc2af
call next value for hibernate_sequence
call next value for hibernate_sequence;
2022-10-10 13:48:04.754  INFO 3923 --- [    Test worker] p6spy                                    : #1665377284754 | took 0ms | statement | connection 27| url jdbc:h2:mem:6a3784ae-1aa6-4bbf-b617-4d4aeabcc2af
call next value for hibernate_sequence
call next value for hibernate_sequence;
2022-10-10 13:48:04.754  INFO 3923 --- [    Test worker] p6spy                                    : #1665377284754 | took 0ms | statement | connection 27| url jdbc:h2:mem:6a3784ae-1aa6-4bbf-b617-4d4aeabcc2af
call next value for hibernate_sequence
call next value for hibernate_sequence;
2022-10-10 13:48:04.754  INFO 3923 --- [    Test worker] p6spy                                    : #1665377284754 | took 0ms | statement | connection 27| url jdbc:h2:mem:6a3784ae-1aa6-4bbf-b617-4d4aeabcc2af
call next value for hibernate_sequence
call next value for hibernate_sequence;
2022-10-10 13:48:04.754  INFO 3923 --- [    Test worker] p6spy                                    : #1665377284754 | took 0ms | statement | connection 27| url jdbc:h2:mem:6a3784ae-1aa6-4bbf-b617-4d4aeabcc2af
call next value for hibernate_sequence
call next value for hibernate_sequence;
2022-10-10 13:48:04.754  INFO 3923 --- [    Test worker] p6spy                                    : #1665377284754 | took 0ms | statement | connection 27| url jdbc:h2:mem:6a3784ae-1aa6-4bbf-b617-4d4aeabcc2af
call next value for hibernate_sequence
call next value for hibernate_sequence;
2022-10-10 13:48:04.754  INFO 3923 --- [    Test worker] c.j.r.FavoriteSpotQueryRepositoryTest    : favoriteSpot = FavoriteSpot(id=574, count=0)
2022-10-10 13:48:04.754  INFO 3923 --- [    Test worker] c.j.r.FavoriteSpotQueryRepositoryTest    : Spot = capstone.jejuTourrecommend.domain.Spot@11650a44
2022-10-10 13:48:04.754  INFO 3923 --- [    Test worker] p6spy                                    : #1665377284754 | took 0ms | statement | connection 27| url jdbc:h2:mem:6a3784ae-1aa6-4bbf-b617-4d4aeabcc2af
call next value for hibernate_sequence
call next value for hibernate_sequence;
2022-10-10 13:48:04.754  INFO 3923 --- [    Test worker] p6spy                                    : #1665377284754 | took 0ms | statement | connection 27| url jdbc:h2:mem:6a3784ae-1aa6-4bbf-b617-4d4aeabcc2af
call next value for hibernate_sequence
call next value for hibernate_sequence;
2022-10-10 13:48:04.754  INFO 3923 --- [    Test worker] p6spy                                    : #1665377284754 | took 0ms | statement | connection 27| url jdbc:h2:mem:6a3784ae-1aa6-4bbf-b617-4d4aeabcc2af
call next value for hibernate_sequence
call next value for hibernate_sequence;
2022-10-10 13:48:04.754  INFO 3923 --- [    Test worker] p6spy                                    : #1665377284754 | took 0ms | statement | connection 27| url jdbc:h2:mem:6a3784ae-1aa6-4bbf-b617-4d4aeabcc2af
call next value for hibernate_sequence
call next value for hibernate_sequence;
2022-10-10 13:48:04.754  INFO 3923 --- [    Test worker] p6spy                                    : #1665377284754 | took 0ms | statement | connection 27| url jdbc:h2:mem:6a3784ae-1aa6-4bbf-b617-4d4aeabcc2af
call next value for hibernate_sequence
call next value for hibernate_sequence;
2022-10-10 13:48:04.754  INFO 3923 --- [    Test worker] p6spy                                    : #1665377284754 | took 0ms | statement | connection 27| url jdbc:h2:mem:6a3784ae-1aa6-4bbf-b617-4d4aeabcc2af
call next value for hibernate_sequence
call next value for hibernate_sequence;
2022-10-10 13:48:04.754  INFO 3923 --- [    Test worker] p6spy                                    : #1665377284754 | took 0ms | statement | connection 27| url jdbc:h2:mem:6a3784ae-1aa6-4bbf-b617-4d4aeabcc2af
call next value for hibernate_sequence
call next value for hibernate_sequence;
2022-10-10 13:48:04.754  INFO 3923 --- [    Test worker] p6spy                                    : #1665377284754 | took 0ms | statement | connection 27| url jdbc:h2:mem:6a3784ae-1aa6-4bbf-b617-4d4aeabcc2af
call next value for hibernate_sequence
call next value for hibernate_sequence;
2022-10-10 13:48:04.754  INFO 3923 --- [    Test worker] c.j.r.FavoriteSpotQueryRepositoryTest    : favoriteSpot = FavoriteSpot(id=575, count=0)
2022-10-10 13:48:04.754  INFO 3923 --- [    Test worker] c.j.r.FavoriteSpotQueryRepositoryTest    : Spot = capstone.jejuTourrecommend.domain.Spot@6c9dc50b
2022-10-10 13:48:04.754  INFO 3923 --- [    Test worker] p6spy                                    : #1665377284754 | took 0ms | statement | connection 27| url jdbc:h2:mem:6a3784ae-1aa6-4bbf-b617-4d4aeabcc2af
call next value for hibernate_sequence
call next value for hibernate_sequence;
2022-10-10 13:48:04.755  INFO 3923 --- [    Test worker] p6spy                                    : #1665377284755 | took 0ms | statement | connection 27| url jdbc:h2:mem:6a3784ae-1aa6-4bbf-b617-4d4aeabcc2af
call next value for hibernate_sequence
call next value for hibernate_sequence;
2022-10-10 13:48:04.755  INFO 3923 --- [    Test worker] p6spy                                    : #1665377284755 | took 0ms | statement | connection 27| url jdbc:h2:mem:6a3784ae-1aa6-4bbf-b617-4d4aeabcc2af
call next value for hibernate_sequence
call next value for hibernate_sequence;
2022-10-10 13:48:04.755  INFO 3923 --- [    Test worker] p6spy                                    : #1665377284755 | took 0ms | statement | connection 27| url jdbc:h2:mem:6a3784ae-1aa6-4bbf-b617-4d4aeabcc2af
call next value for hibernate_sequence
call next value for hibernate_sequence;
2022-10-10 13:48:04.755  INFO 3923 --- [    Test worker] p6spy                                    : #1665377284755 | took 0ms | statement | connection 27| url jdbc:h2:mem:6a3784ae-1aa6-4bbf-b617-4d4aeabcc2af
call next value for review_seq
call next value for review_seq;
2022-10-10 13:48:04.755  INFO 3923 --- [    Test worker] p6spy                                    : #1665377284755 | took 0ms | statement | connection 27| url jdbc:h2:mem:6a3784ae-1aa6-4bbf-b617-4d4aeabcc2af
call next value for hibernate_sequence
call next value for hibernate_sequence;
2022-10-10 13:48:04.755  INFO 3923 --- [    Test worker] p6spy                                    : #1665377284755 | took 0ms | statement | connection 27| url jdbc:h2:mem:6a3784ae-1aa6-4bbf-b617-4d4aeabcc2af
call next value for hibernate_sequence
call next value for hibernate_sequence;
2022-10-10 13:48:04.755  INFO 3923 --- [    Test worker] p6spy                                    : #1665377284755 | took 0ms | statement | connection 27| url jdbc:h2:mem:6a3784ae-1aa6-4bbf-b617-4d4aeabcc2af
call next value for hibernate_sequence
call next value for hibernate_sequence;
2022-10-10 13:48:04.755  INFO 3923 --- [    Test worker] p6spy                                    : #1665377284755 | took 0ms | statement | connection 27| url jdbc:h2:mem:6a3784ae-1aa6-4bbf-b617-4d4aeabcc2af
call next value for hibernate_sequence
call next value for hibernate_sequence;
2022-10-10 13:48:04.755  INFO 3923 --- [    Test worker] c.j.r.FavoriteSpotQueryRepositoryTest    : favoriteSpot = FavoriteSpot(id=576, count=0)
2022-10-10 13:48:04.755  INFO 3923 --- [    Test worker] c.j.r.FavoriteSpotQueryRepositoryTest    : Spot = capstone.jejuTourrecommend.domain.Spot@25f8722c
2022-10-10 13:48:04.755  INFO 3923 --- [    Test worker] p6spy                                    : #1665377284755 | took 0ms | statement | connection 27| url jdbc:h2:mem:6a3784ae-1aa6-4bbf-b617-4d4aeabcc2af
call next value for score_seq
call next value for score_seq;
2022-10-10 13:48:04.755  INFO 3923 --- [    Test worker] p6spy                                    : #1665377284755 | took 0ms | statement | connection 27| url jdbc:h2:mem:6a3784ae-1aa6-4bbf-b617-4d4aeabcc2af
call next value for hibernate_sequence
call next value for hibernate_sequence;
2022-10-10 13:48:04.755  INFO 3923 --- [    Test worker] p6spy                                    : #1665377284755 | took 0ms | statement | connection 27| url jdbc:h2:mem:6a3784ae-1aa6-4bbf-b617-4d4aeabcc2af
call next value for hibernate_sequence
call next value for hibernate_sequence;
2022-10-10 13:48:04.755  INFO 3923 --- [    Test worker] p6spy                                    : #1665377284755 | took 0ms | statement | connection 27| url jdbc:h2:mem:6a3784ae-1aa6-4bbf-b617-4d4aeabcc2af
call next value for hibernate_sequence
call next value for hibernate_sequence;
2022-10-10 13:48:04.755  INFO 3923 --- [    Test worker] p6spy                                    : #1665377284755 | took 0ms | statement | connection 27| url jdbc:h2:mem:6a3784ae-1aa6-4bbf-b617-4d4aeabcc2af
call next value for hibernate_sequence
call next value for hibernate_sequence;
2022-10-10 13:48:04.757  INFO 3923 --- [    Test worker] p6spy                                    : #1665377284757 | took 0ms | statement | connection 27| url jdbc:h2:mem:6a3784ae-1aa6-4bbf-b617-4d4aeabcc2af
insert into member (created_date, last_modified_date, created_by, last_modified_by, email, password, refresh_token, role, username, member_id) values (?, ?, ?, ?, ?, ?, ?, ?, ?, ?)
insert into member (created_date, last_modified_date, created_by, last_modified_by, email, password, refresh_token, role, username, member_id) values ('2022-10-10T13:48:04.742+0900', '2022-10-10T13:48:04.742+0900', '51bfba0b-8ea4-490d-b4e4-52d79c14fc75', '51bfba0b-8ea4-490d-b4e4-52d79c14fc75', 'member1@gmail.com', '1234', NULL, NULL, 'member1', 22);
2022-10-10 13:48:04.757  INFO 3923 --- [    Test worker] p6spy                                    : #1665377284757 | took 0ms | statement | connection 27| url jdbc:h2:mem:6a3784ae-1aa6-4bbf-b617-4d4aeabcc2af
insert into member (created_date, last_modified_date, created_by, last_modified_by, email, password, refresh_token, role, username, member_id) values (?, ?, ?, ?, ?, ?, ?, ?, ?, ?)
insert into member (created_date, last_modified_date, created_by, last_modified_by, email, password, refresh_token, role, username, member_id) values ('2022-10-10T13:48:04.742+0900', '2022-10-10T13:48:04.742+0900', '74668f20-4850-4ff2-99e9-f97e9a3612cb', '74668f20-4850-4ff2-99e9-f97e9a3612cb', 'member2@naver.com', '2345', NULL, NULL, 'member2', 23);
2022-10-10 13:48:04.757  INFO 3923 --- [    Test worker] p6spy                                    : #1665377284757 | took 0ms | statement | connection 27| url jdbc:h2:mem:6a3784ae-1aa6-4bbf-b617-4d4aeabcc2af
insert into favorite (member_id, name, favorite_id) values (?, ?, ?)
insert into favorite (member_id, name, favorite_id) values (22, '1일차', 42);
2022-10-10 13:48:04.757  INFO 3923 --- [    Test worker] p6spy                                    : #1665377284757 | took 0ms | statement | connection 27| url jdbc:h2:mem:6a3784ae-1aa6-4bbf-b617-4d4aeabcc2af
insert into score (facility_rank, facility_score, price_rank, price_score, rank_average, surround_rank, surround_score, view_rank, view_score, score_id) values (?, ?, ?, ?, ?, ?, ?, ?, ?, ?)
insert into score (facility_rank, facility_score, price_rank, price_score, rank_average, surround_rank, surround_score, view_rank, view_score, score_id) values (5.670706577609491, 7.227050835405445, 4.108299949803098, 7.065329516393346, 7.523136267180261, 4.4778380971592515, 0.19174188486115407, 3.8422087958290243, 8.784321683627601, 703);
2022-10-10 13:48:04.757  INFO 3923 --- [    Test worker] p6spy                                    : #1665377284757 | took 0ms | statement | connection 27| url jdbc:h2:mem:6a3784ae-1aa6-4bbf-b617-4d4aeabcc2af
insert into picture (spot_id, url, picture_id) values (?, ?, ?)
insert into picture (spot_id, url, picture_id) values (NULL, 'java.io.StringReader@668c2cfa', 2865);
2022-10-10 13:48:04.757  INFO 3923 --- [    Test worker] p6spy                                    : #1665377284757 | took 0ms | statement | connection 27| url jdbc:h2:mem:6a3784ae-1aa6-4bbf-b617-4d4aeabcc2af
insert into picture (spot_id, url, picture_id) values (?, ?, ?)
insert into picture (spot_id, url, picture_id) values (NULL, 'java.io.StringReader@4fc35065', 2866);
2022-10-10 13:48:04.757  INFO 3923 --- [    Test worker] p6spy                                    : #1665377284757 | took 0ms | statement | connection 27| url jdbc:h2:mem:6a3784ae-1aa6-4bbf-b617-4d4aeabcc2af
insert into picture (spot_id, url, picture_id) values (?, ?, ?)
insert into picture (spot_id, url, picture_id) values (NULL, 'java.io.StringReader@1ba6aeea', 2867);
2022-10-10 13:48:04.757  INFO 3923 --- [    Test worker] p6spy                                    : #1665377284757 | took 0ms | statement | connection 27| url jdbc:h2:mem:6a3784ae-1aa6-4bbf-b617-4d4aeabcc2af
insert into spot (address, description, location, name, score_id, spot_id) values (?, ?, ?, ?, ?, ?)
insert into spot (address, description, location, name, score_id, spot_id) values (NULL, NULL, 'Aewol_eup', NULL, 703, 769);
2022-10-10 13:48:04.757  INFO 3923 --- [    Test worker] p6spy                                    : #1665377284757 | took 0ms | statement | connection 27| url jdbc:h2:mem:6a3784ae-1aa6-4bbf-b617-4d4aeabcc2af
insert into member_spot (member_id, score, spot_id, member_spot_id) values (?, ?, ?, ?)
insert into member_spot (member_id, score, spot_id, member_spot_id) values (23, 0.0, 769, 2868);
2022-10-10 13:48:04.757  INFO 3923 --- [    Test worker] p6spy                                    : #1665377284757 | took 0ms | statement | connection 27| url jdbc:h2:mem:6a3784ae-1aa6-4bbf-b617-4d4aeabcc2af
insert into review (content, spot_id, review_id) values (?, ?, ?)
insert into review (content, spot_id, review_id) values ('java.io.StringReader@2f266ede', 769, 705);
2022-10-10 13:48:04.757  INFO 3923 --- [    Test worker] p6spy                                    : #1665377284757 | took 0ms | statement | connection 27| url jdbc:h2:mem:6a3784ae-1aa6-4bbf-b617-4d4aeabcc2af
insert into favorite_spot (count, favorite_id, spot_id, favorite_spot_id) values (?, ?, ?, ?)
insert into favorite_spot (count, favorite_id, spot_id, favorite_spot_id) values (0, 42, 769, 527);
2022-10-10 13:48:04.757  INFO 3923 --- [    Test worker] p6spy                                    : #1665377284757 | took 0ms | statement | connection 27| url jdbc:h2:mem:6a3784ae-1aa6-4bbf-b617-4d4aeabcc2af
insert into score (facility_rank, facility_score, price_rank, price_score, rank_average, surround_rank, surround_score, view_rank, view_score, score_id) values (?, ?, ?, ?, ?, ?, ?, ?, ?, ?)
insert into score (facility_rank, facility_score, price_rank, price_score, rank_average, surround_rank, surround_score, view_rank, view_score, score_id) values (3.0657803403200177, 4.693053228463086, 6.550563936491746, 2.9181755452618106, 6.188680045763665, 1.4155478031173785, 8.4243448002196, 8.023808174447355, 6.9338654341026835, 704);
2022-10-10 13:48:04.758  INFO 3923 --- [    Test worker] p6spy                                    : #1665377284758 | took 0ms | statement | connection 27| url jdbc:h2:mem:6a3784ae-1aa6-4bbf-b617-4d4aeabcc2af
insert into picture (spot_id, url, picture_id) values (?, ?, ?)
insert into picture (spot_id, url, picture_id) values (NULL, 'java.io.StringReader@133a3ef4', 2869);
2022-10-10 13:48:04.758  INFO 3923 --- [    Test worker] p6spy                                    : #1665377284758 | took 0ms | statement | connection 27| url jdbc:h2:mem:6a3784ae-1aa6-4bbf-b617-4d4aeabcc2af
insert into picture (spot_id, url, picture_id) values (?, ?, ?)
insert into picture (spot_id, url, picture_id) values (NULL, 'java.io.StringReader@1f986c48', 2870);
2022-10-10 13:48:04.758  INFO 3923 --- [    Test worker] p6spy                                    : #1665377284758 | took 0ms | statement | connection 27| url jdbc:h2:mem:6a3784ae-1aa6-4bbf-b617-4d4aeabcc2af
insert into picture (spot_id, url, picture_id) values (?, ?, ?)
insert into picture (spot_id, url, picture_id) values (NULL, 'java.io.StringReader@7d48efa1', 2871);
2022-10-10 13:48:04.758  INFO 3923 --- [    Test worker] p6spy                                    : #1665377284758 | took 0ms | statement | connection 27| url jdbc:h2:mem:6a3784ae-1aa6-4bbf-b617-4d4aeabcc2af
insert into spot (address, description, location, name, score_id, spot_id) values (?, ?, ?, ?, ?, ?)
insert into spot (address, description, location, name, score_id, spot_id) values (NULL, NULL, 'Aewol_eup', NULL, 704, 770);
2022-10-10 13:48:04.758  INFO 3923 --- [    Test worker] p6spy                                    : #1665377284758 | took 0ms | statement | connection 27| url jdbc:h2:mem:6a3784ae-1aa6-4bbf-b617-4d4aeabcc2af
insert into member_spot (member_id, score, spot_id, member_spot_id) values (?, ?, ?, ?)
insert into member_spot (member_id, score, spot_id, member_spot_id) values (23, 0.0, 770, 2872);
2022-10-10 13:48:04.758  INFO 3923 --- [    Test worker] p6spy                                    : #1665377284758 | took 0ms | statement | connection 27| url jdbc:h2:mem:6a3784ae-1aa6-4bbf-b617-4d4aeabcc2af
insert into review (content, spot_id, review_id) values (?, ?, ?)
insert into review (content, spot_id, review_id) values ('java.io.StringReader@b6fbdc1', 769, 706);
2022-10-10 13:48:04.758  INFO 3923 --- [    Test worker] p6spy                                    : #1665377284758 | took 0ms | statement | connection 27| url jdbc:h2:mem:6a3784ae-1aa6-4bbf-b617-4d4aeabcc2af
insert into score (facility_rank, facility_score, price_rank, price_score, rank_average, surround_rank, surround_score, view_rank, view_score, score_id) values (?, ?, ?, ?, ?, ?, ?, ?, ?, ?)
insert into score (facility_rank, facility_score, price_rank, price_score, rank_average, surround_rank, surround_score, view_rank, view_score, score_id) values (5.180355823942511, 0.5763973074495043, 6.584014441334462, 5.420146273204319, 2.035084753511771, 0.4384069732795126, 3.8554020046009665, 3.2502159243425286, 9.595255662870894, 705);
2022-10-10 13:48:04.758  INFO 3923 --- [    Test worker] p6spy                                    : #1665377284758 | took 0ms | statement | connection 27| url jdbc:h2:mem:6a3784ae-1aa6-4bbf-b617-4d4aeabcc2af
insert into picture (spot_id, url, picture_id) values (?, ?, ?)
insert into picture (spot_id, url, picture_id) values (NULL, 'java.io.StringReader@38bad2b1', 2873);
2022-10-10 13:48:04.758  INFO 3923 --- [    Test worker] p6spy                                    : #1665377284758 | took 0ms | statement | connection 27| url jdbc:h2:mem:6a3784ae-1aa6-4bbf-b617-4d4aeabcc2af
insert into picture (spot_id, url, picture_id) values (?, ?, ?)
insert into picture (spot_id, url, picture_id) values (NULL, 'java.io.StringReader@52b64862', 2874);
2022-10-10 13:48:04.758  INFO 3923 --- [    Test worker] p6spy                                    : #1665377284758 | took 0ms | statement | connection 27| url jdbc:h2:mem:6a3784ae-1aa6-4bbf-b617-4d4aeabcc2af
insert into picture (spot_id, url, picture_id) values (?, ?, ?)
insert into picture (spot_id, url, picture_id) values (NULL, 'java.io.StringReader@4a328f0b', 2875);
2022-10-10 13:48:04.758  INFO 3923 --- [    Test worker] p6spy                                    : #1665377284758 | took 0ms | statement | connection 27| url jdbc:h2:mem:6a3784ae-1aa6-4bbf-b617-4d4aeabcc2af
insert into spot (address, description, location, name, score_id, spot_id) values (?, ?, ?, ?, ?, ?)
insert into spot (address, description, location, name, score_id, spot_id) values (NULL, NULL, 'Aewol_eup', NULL, 705, 771);
2022-10-10 13:48:04.758  INFO 3923 --- [    Test worker] p6spy                                    : #1665377284758 | took 0ms | statement | connection 27| url jdbc:h2:mem:6a3784ae-1aa6-4bbf-b617-4d4aeabcc2af
insert into member_spot (member_id, score, spot_id, member_spot_id) values (?, ?, ?, ?)
insert into member_spot (member_id, score, spot_id, member_spot_id) values (23, 0.0, 771, 2876);
2022-10-10 13:48:04.758  INFO 3923 --- [    Test worker] p6spy                                    : #1665377284758 | took 0ms | statement | connection 27| url jdbc:h2:mem:6a3784ae-1aa6-4bbf-b617-4d4aeabcc2af
insert into review (content, spot_id, review_id) values (?, ?, ?)
insert into review (content, spot_id, review_id) values ('java.io.StringReader@606b3174', 769, 707);
2022-10-10 13:48:04.758  INFO 3923 --- [    Test worker] p6spy                                    : #1665377284758 | took 0ms | statement | connection 27| url jdbc:h2:mem:6a3784ae-1aa6-4bbf-b617-4d4aeabcc2af
insert into favorite_spot (count, favorite_id, spot_id, favorite_spot_id) values (?, ?, ?, ?)
insert into favorite_spot (count, favorite_id, spot_id, favorite_spot_id) values (0, 42, 771, 528);
2022-10-10 13:48:04.758  INFO 3923 --- [    Test worker] p6spy                                    : #1665377284758 | took 0ms | statement | connection 27| url jdbc:h2:mem:6a3784ae-1aa6-4bbf-b617-4d4aeabcc2af
insert into score (facility_rank, facility_score, price_rank, price_score, rank_average, surround_rank, surround_score, view_rank, view_score, score_id) values (?, ?, ?, ?, ?, ?, ?, ?, ?, ?)
insert into score (facility_rank, facility_score, price_rank, price_score, rank_average, surround_rank, surround_score, view_rank, view_score, score_id) values (3.3136224137562675, 5.749449191113692, 1.9364260286131008, 1.8181653468266357, 1.7883041551831458, 9.776834552880093, 5.747328137653415, 3.8581543963558875, 3.29426146076956, 706);
2022-10-10 13:48:04.758  INFO 3923 --- [    Test worker] p6spy                                    : #1665377284758 | took 0ms | statement | connection 27| url jdbc:h2:mem:6a3784ae-1aa6-4bbf-b617-4d4aeabcc2af
insert into picture (spot_id, url, picture_id) values (?, ?, ?)
insert into picture (spot_id, url, picture_id) values (NULL, 'java.io.StringReader@7c66a6dd', 2877);
2022-10-10 13:48:04.758  INFO 3923 --- [    Test worker] p6spy                                    : #1665377284758 | took 0ms | statement | connection 27| url jdbc:h2:mem:6a3784ae-1aa6-4bbf-b617-4d4aeabcc2af
insert into picture (spot_id, url, picture_id) values (?, ?, ?)
insert into picture (spot_id, url, picture_id) values (NULL, 'java.io.StringReader@1afde845', 2878);
2022-10-10 13:48:04.758  INFO 3923 --- [    Test worker] p6spy                                    : #1665377284758 | took 0ms | statement | connection 27| url jdbc:h2:mem:6a3784ae-1aa6-4bbf-b617-4d4aeabcc2af
insert into picture (spot_id, url, picture_id) values (?, ?, ?)
insert into picture (spot_id, url, picture_id) values (NULL, 'java.io.StringReader@22024fec', 2879);
2022-10-10 13:48:04.758  INFO 3923 --- [    Test worker] p6spy                                    : #1665377284758 | took 0ms | statement | connection 27| url jdbc:h2:mem:6a3784ae-1aa6-4bbf-b617-4d4aeabcc2af
insert into spot (address, description, location, name, score_id, spot_id) values (?, ?, ?, ?, ?, ?)
insert into spot (address, description, location, name, score_id, spot_id) values (NULL, NULL, 'Aewol_eup', NULL, 706, 772);
2022-10-10 13:48:04.758  INFO 3923 --- [    Test worker] p6spy                                    : #1665377284758 | took 0ms | statement | connection 27| url jdbc:h2:mem:6a3784ae-1aa6-4bbf-b617-4d4aeabcc2af
insert into member_spot (member_id, score, spot_id, member_spot_id) values (?, ?, ?, ?)
insert into member_spot (member_id, score, spot_id, member_spot_id) values (23, 0.0, 772, 2880);
2022-10-10 13:48:04.758  INFO 3923 --- [    Test worker] p6spy                                    : #1665377284758 | took 0ms | statement | connection 27| url jdbc:h2:mem:6a3784ae-1aa6-4bbf-b617-4d4aeabcc2af
insert into review (content, spot_id, review_id) values (?, ?, ?)
insert into review (content, spot_id, review_id) values ('java.io.StringReader@36edfa94', 769, 708);
2022-10-10 13:48:04.758  INFO 3923 --- [    Test worker] p6spy                                    : #1665377284758 | took 0ms | statement | connection 27| url jdbc:h2:mem:6a3784ae-1aa6-4bbf-b617-4d4aeabcc2af
insert into score (facility_rank, facility_score, price_rank, price_score, rank_average, surround_rank, surround_score, view_rank, view_score, score_id) values (?, ?, ?, ?, ?, ?, ?, ?, ?, ?)
insert into score (facility_rank, facility_score, price_rank, price_score, rank_average, surround_rank, surround_score, view_rank, view_score, score_id) values (9.412924610610071, 5.7369947191132855, 1.1366603007102505, 1.6511352267047597, 0.32070264064359977, 8.007601584444298, 3.8122730038049433, 3.5319330249588523, 3.78061575646218, 707);
2022-10-10 13:48:04.758  INFO 3923 --- [    Test worker] p6spy                                    : #1665377284758 | took 0ms | statement | connection 27| url jdbc:h2:mem:6a3784ae-1aa6-4bbf-b617-4d4aeabcc2af
insert into picture (spot_id, url, picture_id) values (?, ?, ?)
insert into picture (spot_id, url, picture_id) values (NULL, 'java.io.StringReader@2a5da5f6', 2881);
2022-10-10 13:48:04.758  INFO 3923 --- [    Test worker] p6spy                                    : #1665377284758 | took 0ms | statement | connection 27| url jdbc:h2:mem:6a3784ae-1aa6-4bbf-b617-4d4aeabcc2af
insert into picture (spot_id, url, picture_id) values (?, ?, ?)
insert into picture (spot_id, url, picture_id) values (NULL, 'java.io.StringReader@89ba325', 2882);
2022-10-10 13:48:04.758  INFO 3923 --- [    Test worker] p6spy                                    : #1665377284758 | took 0ms | statement | connection 27| url jdbc:h2:mem:6a3784ae-1aa6-4bbf-b617-4d4aeabcc2af
insert into picture (spot_id, url, picture_id) values (?, ?, ?)
insert into picture (spot_id, url, picture_id) values (NULL, 'java.io.StringReader@3ac3615d', 2883);
2022-10-10 13:48:04.758  INFO 3923 --- [    Test worker] p6spy                                    : #1665377284758 | took 0ms | statement | connection 27| url jdbc:h2:mem:6a3784ae-1aa6-4bbf-b617-4d4aeabcc2af
insert into spot (address, description, location, name, score_id, spot_id) values (?, ?, ?, ?, ?, ?)
insert into spot (address, description, location, name, score_id, spot_id) values (NULL, NULL, 'Aewol_eup', NULL, 707, 773);
2022-10-10 13:48:04.758  INFO 3923 --- [    Test worker] p6spy                                    : #1665377284758 | took 0ms | statement | connection 27| url jdbc:h2:mem:6a3784ae-1aa6-4bbf-b617-4d4aeabcc2af
insert into member_spot (member_id, score, spot_id, member_spot_id) values (?, ?, ?, ?)
insert into member_spot (member_id, score, spot_id, member_spot_id) values (23, 0.0, 773, 2884);
2022-10-10 13:48:04.758  INFO 3923 --- [    Test worker] p6spy                                    : #1665377284758 | took 0ms | statement | connection 27| url jdbc:h2:mem:6a3784ae-1aa6-4bbf-b617-4d4aeabcc2af
insert into review (content, spot_id, review_id) values (?, ?, ?)
insert into review (content, spot_id, review_id) values ('java.io.StringReader@2c0a73f1', 769, 709);
2022-10-10 13:48:04.758  INFO 3923 --- [    Test worker] p6spy                                    : #1665377284758 | took 0ms | statement | connection 27| url jdbc:h2:mem:6a3784ae-1aa6-4bbf-b617-4d4aeabcc2af
insert into favorite_spot (count, favorite_id, spot_id, favorite_spot_id) values (?, ?, ?, ?)
insert into favorite_spot (count, favorite_id, spot_id, favorite_spot_id) values (0, 42, 773, 529);
2022-10-10 13:48:04.758  INFO 3923 --- [    Test worker] p6spy                                    : #1665377284758 | took 0ms | statement | connection 27| url jdbc:h2:mem:6a3784ae-1aa6-4bbf-b617-4d4aeabcc2af
insert into score (facility_rank, facility_score, price_rank, price_score, rank_average, surround_rank, surround_score, view_rank, view_score, score_id) values (?, ?, ?, ?, ?, ?, ?, ?, ?, ?)
insert into score (facility_rank, facility_score, price_rank, price_score, rank_average, surround_rank, surround_score, view_rank, view_score, score_id) values (3.267730897513783, 0.6464240600384008, 3.837003253870747, 1.14347338601684, 5.465999872132179, 3.921256461232412, 1.3236248223494085, 4.4664115620336, 8.077979773803998, 708);
2022-10-10 13:48:04.758  INFO 3923 --- [    Test worker] p6spy                                    : #1665377284758 | took 0ms | statement | connection 27| url jdbc:h2:mem:6a3784ae-1aa6-4bbf-b617-4d4aeabcc2af
insert into picture (spot_id, url, picture_id) values (?, ?, ?)
insert into picture (spot_id, url, picture_id) values (NULL, 'java.io.StringReader@261a5ba4', 2885);
2022-10-10 13:48:04.758  INFO 3923 --- [    Test worker] p6spy                                    : #1665377284758 | took 0ms | statement | connection 27| url jdbc:h2:mem:6a3784ae-1aa6-4bbf-b617-4d4aeabcc2af
insert into picture (spot_id, url, picture_id) values (?, ?, ?)
insert into picture (spot_id, url, picture_id) values (NULL, 'java.io.StringReader@26636581', 2886);
2022-10-10 13:48:04.758  INFO 3923 --- [    Test worker] p6spy                                    : #1665377284758 | took 0ms | statement | connection 27| url jdbc:h2:mem:6a3784ae-1aa6-4bbf-b617-4d4aeabcc2af
insert into picture (spot_id, url, picture_id) values (?, ?, ?)
insert into picture (spot_id, url, picture_id) values (NULL, 'java.io.StringReader@4fc3a767', 2887);
2022-10-10 13:48:04.758  INFO 3923 --- [    Test worker] p6spy                                    : #1665377284758 | took 0ms | statement | connection 27| url jdbc:h2:mem:6a3784ae-1aa6-4bbf-b617-4d4aeabcc2af
insert into spot (address, description, location, name, score_id, spot_id) values (?, ?, ?, ?, ?, ?)
insert into spot (address, description, location, name, score_id, spot_id) values (NULL, NULL, 'Aewol_eup', NULL, 708, 774);
2022-10-10 13:48:04.758  INFO 3923 --- [    Test worker] p6spy                                    : #1665377284758 | took 0ms | statement | connection 27| url jdbc:h2:mem:6a3784ae-1aa6-4bbf-b617-4d4aeabcc2af
insert into member_spot (member_id, score, spot_id, member_spot_id) values (?, ?, ?, ?)
insert into member_spot (member_id, score, spot_id, member_spot_id) values (23, 0.0, 774, 2888);
2022-10-10 13:48:04.758  INFO 3923 --- [    Test worker] p6spy                                    : #1665377284758 | took 0ms | statement | connection 27| url jdbc:h2:mem:6a3784ae-1aa6-4bbf-b617-4d4aeabcc2af
insert into review (content, spot_id, review_id) values (?, ?, ?)
insert into review (content, spot_id, review_id) values ('java.io.StringReader@6d565e8e', 769, 710);
2022-10-10 13:48:04.759  INFO 3923 --- [    Test worker] p6spy                                    : #1665377284759 | took 0ms | statement | connection 27| url jdbc:h2:mem:6a3784ae-1aa6-4bbf-b617-4d4aeabcc2af
insert into score (facility_rank, facility_score, price_rank, price_score, rank_average, surround_rank, surround_score, view_rank, view_score, score_id) values (?, ?, ?, ?, ?, ?, ?, ?, ?, ?)
insert into score (facility_rank, facility_score, price_rank, price_score, rank_average, surround_rank, surround_score, view_rank, view_score, score_id) values (0.0877181195535337, 2.644922107241955, 6.7763984220214795, 4.588173345978416, 6.299306863912535, 4.7162855452530525, 5.612233796024819, 7.113958958887066, 2.949966436182656, 709);
2022-10-10 13:48:04.759  INFO 3923 --- [    Test worker] p6spy                                    : #1665377284759 | took 0ms | statement | connection 27| url jdbc:h2:mem:6a3784ae-1aa6-4bbf-b617-4d4aeabcc2af
insert into picture (spot_id, url, picture_id) values (?, ?, ?)
insert into picture (spot_id, url, picture_id) values (NULL, 'java.io.StringReader@1010bcef', 2889);
2022-10-10 13:48:04.759  INFO 3923 --- [    Test worker] p6spy                                    : #1665377284759 | took 0ms | statement | connection 27| url jdbc:h2:mem:6a3784ae-1aa6-4bbf-b617-4d4aeabcc2af
insert into picture (spot_id, url, picture_id) values (?, ?, ?)
insert into picture (spot_id, url, picture_id) values (NULL, 'java.io.StringReader@4190ffa5', 2890);
2022-10-10 13:48:04.759  INFO 3923 --- [    Test worker] p6spy                                    : #1665377284759 | took 0ms | statement | connection 27| url jdbc:h2:mem:6a3784ae-1aa6-4bbf-b617-4d4aeabcc2af
insert into picture (spot_id, url, picture_id) values (?, ?, ?)
insert into picture (spot_id, url, picture_id) values (NULL, 'java.io.StringReader@1552825a', 2891);
2022-10-10 13:48:04.759  INFO 3923 --- [    Test worker] p6spy                                    : #1665377284759 | took 0ms | statement | connection 27| url jdbc:h2:mem:6a3784ae-1aa6-4bbf-b617-4d4aeabcc2af
insert into spot (address, description, location, name, score_id, spot_id) values (?, ?, ?, ?, ?, ?)
insert into spot (address, description, location, name, score_id, spot_id) values (NULL, NULL, 'Aewol_eup', NULL, 709, 775);
2022-10-10 13:48:04.759  INFO 3923 --- [    Test worker] p6spy                                    : #1665377284759 | took 0ms | statement | connection 27| url jdbc:h2:mem:6a3784ae-1aa6-4bbf-b617-4d4aeabcc2af
insert into member_spot (member_id, score, spot_id, member_spot_id) values (?, ?, ?, ?)
insert into member_spot (member_id, score, spot_id, member_spot_id) values (23, 0.0, 775, 2892);
2022-10-10 13:48:04.759  INFO 3923 --- [    Test worker] p6spy                                    : #1665377284759 | took 0ms | statement | connection 27| url jdbc:h2:mem:6a3784ae-1aa6-4bbf-b617-4d4aeabcc2af
insert into review (content, spot_id, review_id) values (?, ?, ?)
insert into review (content, spot_id, review_id) values ('java.io.StringReader@517dde2c', 769, 711);
2022-10-10 13:48:04.759  INFO 3923 --- [    Test worker] p6spy                                    : #1665377284759 | took 0ms | statement | connection 27| url jdbc:h2:mem:6a3784ae-1aa6-4bbf-b617-4d4aeabcc2af
insert into favorite_spot (count, favorite_id, spot_id, favorite_spot_id) values (?, ?, ?, ?)
insert into favorite_spot (count, favorite_id, spot_id, favorite_spot_id) values (0, 42, 775, 530);
2022-10-10 13:48:04.759  INFO 3923 --- [    Test worker] p6spy                                    : #1665377284759 | took 0ms | statement | connection 27| url jdbc:h2:mem:6a3784ae-1aa6-4bbf-b617-4d4aeabcc2af
insert into score (facility_rank, facility_score, price_rank, price_score, rank_average, surround_rank, surround_score, view_rank, view_score, score_id) values (?, ?, ?, ?, ?, ?, ?, ?, ?, ?)
insert into score (facility_rank, facility_score, price_rank, price_score, rank_average, surround_rank, surround_score, view_rank, view_score, score_id) values (5.980454715614531, 6.597176448165518, 8.555773189484226, 1.4442793726950587, 9.461424634817142, 1.254519841664542, 5.987205360341666, 7.099952927454557, 0.31570630744784167, 710);
2022-10-10 13:48:04.759  INFO 3923 --- [    Test worker] p6spy                                    : #1665377284759 | took 0ms | statement | connection 27| url jdbc:h2:mem:6a3784ae-1aa6-4bbf-b617-4d4aeabcc2af
insert into picture (spot_id, url, picture_id) values (?, ?, ?)
insert into picture (spot_id, url, picture_id) values (NULL, 'java.io.StringReader@282e61d4', 2893);
2022-10-10 13:48:04.759  INFO 3923 --- [    Test worker] p6spy                                    : #1665377284759 | took 0ms | statement | connection 27| url jdbc:h2:mem:6a3784ae-1aa6-4bbf-b617-4d4aeabcc2af
insert into picture (spot_id, url, picture_id) values (?, ?, ?)
insert into picture (spot_id, url, picture_id) values (NULL, 'java.io.StringReader@12228013', 2894);
2022-10-10 13:48:04.759  INFO 3923 --- [    Test worker] p6spy                                    : #1665377284759 | took 0ms | statement | connection 27| url jdbc:h2:mem:6a3784ae-1aa6-4bbf-b617-4d4aeabcc2af
insert into picture (spot_id, url, picture_id) values (?, ?, ?)
insert into picture (spot_id, url, picture_id) values (NULL, 'java.io.StringReader@62072869', 2895);
2022-10-10 13:48:04.759  INFO 3923 --- [    Test worker] p6spy                                    : #1665377284759 | took 0ms | statement | connection 27| url jdbc:h2:mem:6a3784ae-1aa6-4bbf-b617-4d4aeabcc2af
insert into spot (address, description, location, name, score_id, spot_id) values (?, ?, ?, ?, ?, ?)
insert into spot (address, description, location, name, score_id, spot_id) values (NULL, NULL, 'Aewol_eup', NULL, 710, 776);
2022-10-10 13:48:04.759  INFO 3923 --- [    Test worker] p6spy                                    : #1665377284759 | took 0ms | statement | connection 27| url jdbc:h2:mem:6a3784ae-1aa6-4bbf-b617-4d4aeabcc2af
insert into member_spot (member_id, score, spot_id, member_spot_id) values (?, ?, ?, ?)
insert into member_spot (member_id, score, spot_id, member_spot_id) values (23, 0.0, 776, 2896);
2022-10-10 13:48:04.759  INFO 3923 --- [    Test worker] p6spy                                    : #1665377284759 | took 0ms | statement | connection 27| url jdbc:h2:mem:6a3784ae-1aa6-4bbf-b617-4d4aeabcc2af
insert into review (content, spot_id, review_id) values (?, ?, ?)
insert into review (content, spot_id, review_id) values ('java.io.StringReader@5dd7f7f', 769, 712);
2022-10-10 13:48:04.759  INFO 3923 --- [    Test worker] p6spy                                    : #1665377284759 | took 0ms | statement | connection 27| url jdbc:h2:mem:6a3784ae-1aa6-4bbf-b617-4d4aeabcc2af
insert into score (facility_rank, facility_score, price_rank, price_score, rank_average, surround_rank, surround_score, view_rank, view_score, score_id) values (?, ?, ?, ?, ?, ?, ?, ?, ?, ?)
insert into score (facility_rank, facility_score, price_rank, price_score, rank_average, surround_rank, surround_score, view_rank, view_score, score_id) values (3.15037106602582, 1.6681654202990792, 7.061932537631323, 5.492866158152172, 1.990407990449028, 4.214256018359994, 0.9069824936466131, 6.400087128953151, 3.914853506656508, 711);
2022-10-10 13:48:04.759  INFO 3923 --- [    Test worker] p6spy                                    : #1665377284759 | took 0ms | statement | connection 27| url jdbc:h2:mem:6a3784ae-1aa6-4bbf-b617-4d4aeabcc2af
insert into picture (spot_id, url, picture_id) values (?, ?, ?)
insert into picture (spot_id, url, picture_id) values (NULL, 'java.io.StringReader@2cb9af70', 2897);
2022-10-10 13:48:04.759  INFO 3923 --- [    Test worker] p6spy                                    : #1665377284759 | took 0ms | statement | connection 27| url jdbc:h2:mem:6a3784ae-1aa6-4bbf-b617-4d4aeabcc2af
insert into picture (spot_id, url, picture_id) values (?, ?, ?)
insert into picture (spot_id, url, picture_id) values (NULL, 'java.io.StringReader@2f3d0a5', 2898);
2022-10-10 13:48:04.759  INFO 3923 --- [    Test worker] p6spy                                    : #1665377284759 | took 0ms | statement | connection 27| url jdbc:h2:mem:6a3784ae-1aa6-4bbf-b617-4d4aeabcc2af
insert into picture (spot_id, url, picture_id) values (?, ?, ?)
insert into picture (spot_id, url, picture_id) values (NULL, 'java.io.StringReader@580a65df', 2899);
2022-10-10 13:48:04.759  INFO 3923 --- [    Test worker] p6spy                                    : #1665377284759 | took 0ms | statement | connection 27| url jdbc:h2:mem:6a3784ae-1aa6-4bbf-b617-4d4aeabcc2af
insert into spot (address, description, location, name, score_id, spot_id) values (?, ?, ?, ?, ?, ?)
insert into spot (address, description, location, name, score_id, spot_id) values (NULL, NULL, 'Aewol_eup', NULL, 711, 777);
2022-10-10 13:48:04.759  INFO 3923 --- [    Test worker] p6spy                                    : #1665377284759 | took 0ms | statement | connection 27| url jdbc:h2:mem:6a3784ae-1aa6-4bbf-b617-4d4aeabcc2af
insert into member_spot (member_id, score, spot_id, member_spot_id) values (?, ?, ?, ?)
insert into member_spot (member_id, score, spot_id, member_spot_id) values (23, 0.0, 777, 2900);
2022-10-10 13:48:04.759  INFO 3923 --- [    Test worker] p6spy                                    : #1665377284759 | took 0ms | statement | connection 27| url jdbc:h2:mem:6a3784ae-1aa6-4bbf-b617-4d4aeabcc2af
insert into review (content, spot_id, review_id) values (?, ?, ?)
insert into review (content, spot_id, review_id) values ('java.io.StringReader@772efdda', 769, 713);
2022-10-10 13:48:04.759  INFO 3923 --- [    Test worker] p6spy                                    : #1665377284759 | took 0ms | statement | connection 27| url jdbc:h2:mem:6a3784ae-1aa6-4bbf-b617-4d4aeabcc2af
insert into favorite_spot (count, favorite_id, spot_id, favorite_spot_id) values (?, ?, ?, ?)
insert into favorite_spot (count, favorite_id, spot_id, favorite_spot_id) values (0, 42, 777, 531);
2022-10-10 13:48:04.759  INFO 3923 --- [    Test worker] p6spy                                    : #1665377284759 | took 0ms | statement | connection 27| url jdbc:h2:mem:6a3784ae-1aa6-4bbf-b617-4d4aeabcc2af
insert into score (facility_rank, facility_score, price_rank, price_score, rank_average, surround_rank, surround_score, view_rank, view_score, score_id) values (?, ?, ?, ?, ?, ?, ?, ?, ?, ?)
insert into score (facility_rank, facility_score, price_rank, price_score, rank_average, surround_rank, surround_score, view_rank, view_score, score_id) values (6.876501816797203, 3.0074421547651697, 0.5440921185577585, 9.863982670696966, 8.072944139948396, 8.736382705029, 5.663015900861873, 8.034254574280189, 3.2615274102483194, 712);
2022-10-10 13:48:04.759  INFO 3923 --- [    Test worker] p6spy                                    : #1665377284759 | took 0ms | statement | connection 27| url jdbc:h2:mem:6a3784ae-1aa6-4bbf-b617-4d4aeabcc2af
insert into picture (spot_id, url, picture_id) values (?, ?, ?)
insert into picture (spot_id, url, picture_id) values (NULL, 'java.io.StringReader@300873e6', 2901);
2022-10-10 13:48:04.759  INFO 3923 --- [    Test worker] p6spy                                    : #1665377284759 | took 0ms | statement | connection 27| url jdbc:h2:mem:6a3784ae-1aa6-4bbf-b617-4d4aeabcc2af
insert into picture (spot_id, url, picture_id) values (?, ?, ?)
insert into picture (spot_id, url, picture_id) values (NULL, 'java.io.StringReader@63f95155', 2902);
2022-10-10 13:48:04.759  INFO 3923 --- [    Test worker] p6spy                                    : #1665377284759 | took 0ms | statement | connection 27| url jdbc:h2:mem:6a3784ae-1aa6-4bbf-b617-4d4aeabcc2af
insert into picture (spot_id, url, picture_id) values (?, ?, ?)
insert into picture (spot_id, url, picture_id) values (NULL, 'java.io.StringReader@449fc843', 2903);
2022-10-10 13:48:04.759  INFO 3923 --- [    Test worker] p6spy                                    : #1665377284759 | took 0ms | statement | connection 27| url jdbc:h2:mem:6a3784ae-1aa6-4bbf-b617-4d4aeabcc2af
insert into spot (address, description, location, name, score_id, spot_id) values (?, ?, ?, ?, ?, ?)
insert into spot (address, description, location, name, score_id, spot_id) values (NULL, NULL, 'Aewol_eup', NULL, 712, 778);
2022-10-10 13:48:04.759  INFO 3923 --- [    Test worker] p6spy                                    : #1665377284759 | took 0ms | statement | connection 27| url jdbc:h2:mem:6a3784ae-1aa6-4bbf-b617-4d4aeabcc2af
insert into member_spot (member_id, score, spot_id, member_spot_id) values (?, ?, ?, ?)
insert into member_spot (member_id, score, spot_id, member_spot_id) values (23, 0.0, 778, 2904);
2022-10-10 13:48:04.759  INFO 3923 --- [    Test worker] p6spy                                    : #1665377284759 | took 0ms | statement | connection 27| url jdbc:h2:mem:6a3784ae-1aa6-4bbf-b617-4d4aeabcc2af
insert into review (content, spot_id, review_id) values (?, ?, ?)
insert into review (content, spot_id, review_id) values ('java.io.StringReader@3b58487d', 769, 714);
2022-10-10 13:48:04.759  INFO 3923 --- [    Test worker] p6spy                                    : #1665377284759 | took 0ms | statement | connection 27| url jdbc:h2:mem:6a3784ae-1aa6-4bbf-b617-4d4aeabcc2af
insert into score (facility_rank, facility_score, price_rank, price_score, rank_average, surround_rank, surround_score, view_rank, view_score, score_id) values (?, ?, ?, ?, ?, ?, ?, ?, ?, ?)
insert into score (facility_rank, facility_score, price_rank, price_score, rank_average, surround_rank, surround_score, view_rank, view_score, score_id) values (6.755710179337121, 1.4539063044555622, 0.09556235826503334, 1.2914841006330213, 7.070590219550691, 4.245225742812867, 8.748226788948463, 0.1555927493156306, 8.849111917730482, 713);
2022-10-10 13:48:04.759  INFO 3923 --- [    Test worker] p6spy                                    : #1665377284759 | took 0ms | statement | connection 27| url jdbc:h2:mem:6a3784ae-1aa6-4bbf-b617-4d4aeabcc2af
insert into picture (spot_id, url, picture_id) values (?, ?, ?)
insert into picture (spot_id, url, picture_id) values (NULL, 'java.io.StringReader@239f991e', 2905);
2022-10-10 13:48:04.759  INFO 3923 --- [    Test worker] p6spy                                    : #1665377284759 | took 0ms | statement | connection 27| url jdbc:h2:mem:6a3784ae-1aa6-4bbf-b617-4d4aeabcc2af
insert into picture (spot_id, url, picture_id) values (?, ?, ?)
insert into picture (spot_id, url, picture_id) values (NULL, 'java.io.StringReader@68432dad', 2906);
2022-10-10 13:48:04.760  INFO 3923 --- [    Test worker] p6spy                                    : #1665377284760 | took 0ms | statement | connection 27| url jdbc:h2:mem:6a3784ae-1aa6-4bbf-b617-4d4aeabcc2af
insert into picture (spot_id, url, picture_id) values (?, ?, ?)
insert into picture (spot_id, url, picture_id) values (NULL, 'java.io.StringReader@3fe5026', 2907);
2022-10-10 13:48:04.760  INFO 3923 --- [    Test worker] p6spy                                    : #1665377284760 | took 0ms | statement | connection 27| url jdbc:h2:mem:6a3784ae-1aa6-4bbf-b617-4d4aeabcc2af
insert into spot (address, description, location, name, score_id, spot_id) values (?, ?, ?, ?, ?, ?)
insert into spot (address, description, location, name, score_id, spot_id) values (NULL, NULL, 'Aewol_eup', NULL, 713, 779);
2022-10-10 13:48:04.760  INFO 3923 --- [    Test worker] p6spy                                    : #1665377284760 | took 0ms | statement | connection 27| url jdbc:h2:mem:6a3784ae-1aa6-4bbf-b617-4d4aeabcc2af
insert into member_spot (member_id, score, spot_id, member_spot_id) values (?, ?, ?, ?)
insert into member_spot (member_id, score, spot_id, member_spot_id) values (23, 0.0, 779, 2908);
2022-10-10 13:48:04.760  INFO 3923 --- [    Test worker] p6spy                                    : #1665377284760 | took 0ms | statement | connection 27| url jdbc:h2:mem:6a3784ae-1aa6-4bbf-b617-4d4aeabcc2af
insert into review (content, spot_id, review_id) values (?, ?, ?)
insert into review (content, spot_id, review_id) values ('java.io.StringReader@5df30e70', 769, 715);
2022-10-10 13:48:04.760  INFO 3923 --- [    Test worker] p6spy                                    : #1665377284760 | took 0ms | statement | connection 27| url jdbc:h2:mem:6a3784ae-1aa6-4bbf-b617-4d4aeabcc2af
insert into favorite_spot (count, favorite_id, spot_id, favorite_spot_id) values (?, ?, ?, ?)
insert into favorite_spot (count, favorite_id, spot_id, favorite_spot_id) values (0, 42, 779, 532);
2022-10-10 13:48:04.760  INFO 3923 --- [    Test worker] p6spy                                    : #1665377284760 | took 0ms | statement | connection 27| url jdbc:h2:mem:6a3784ae-1aa6-4bbf-b617-4d4aeabcc2af
insert into score (facility_rank, facility_score, price_rank, price_score, rank_average, surround_rank, surround_score, view_rank, view_score, score_id) values (?, ?, ?, ?, ?, ?, ?, ?, ?, ?)
insert into score (facility_rank, facility_score, price_rank, price_score, rank_average, surround_rank, surround_score, view_rank, view_score, score_id) values (4.890011679337409, 7.656893285987265, 6.085670919462583, 9.645746406591858, 6.165536332508978, 9.001769144064776, 8.359321017165202, 4.057194101998098, 2.0361951687997806, 714);
2022-10-10 13:48:04.760  INFO 3923 --- [    Test worker] p6spy                                    : #1665377284760 | took 0ms | statement | connection 27| url jdbc:h2:mem:6a3784ae-1aa6-4bbf-b617-4d4aeabcc2af
insert into picture (spot_id, url, picture_id) values (?, ?, ?)
insert into picture (spot_id, url, picture_id) values (NULL, 'java.io.StringReader@65c53d8', 2909);
2022-10-10 13:48:04.760  INFO 3923 --- [    Test worker] p6spy                                    : #1665377284760 | took 0ms | statement | connection 27| url jdbc:h2:mem:6a3784ae-1aa6-4bbf-b617-4d4aeabcc2af
insert into picture (spot_id, url, picture_id) values (?, ?, ?)
insert into picture (spot_id, url, picture_id) values (NULL, 'java.io.StringReader@529ccd1c', 2910);
2022-10-10 13:48:04.760  INFO 3923 --- [    Test worker] p6spy                                    : #1665377284760 | took 0ms | statement | connection 27| url jdbc:h2:mem:6a3784ae-1aa6-4bbf-b617-4d4aeabcc2af
insert into picture (spot_id, url, picture_id) values (?, ?, ?)
insert into picture (spot_id, url, picture_id) values (NULL, 'java.io.StringReader@58f28bd5', 2911);
2022-10-10 13:48:04.760  INFO 3923 --- [    Test worker] p6spy                                    : #1665377284760 | took 0ms | statement | connection 27| url jdbc:h2:mem:6a3784ae-1aa6-4bbf-b617-4d4aeabcc2af
insert into spot (address, description, location, name, score_id, spot_id) values (?, ?, ?, ?, ?, ?)
insert into spot (address, description, location, name, score_id, spot_id) values (NULL, NULL, 'Aewol_eup', NULL, 714, 780);
2022-10-10 13:48:04.760  INFO 3923 --- [    Test worker] p6spy                                    : #1665377284760 | took 0ms | statement | connection 27| url jdbc:h2:mem:6a3784ae-1aa6-4bbf-b617-4d4aeabcc2af
insert into member_spot (member_id, score, spot_id, member_spot_id) values (?, ?, ?, ?)
insert into member_spot (member_id, score, spot_id, member_spot_id) values (23, 0.0, 780, 2912);
2022-10-10 13:48:04.760  INFO 3923 --- [    Test worker] p6spy                                    : #1665377284760 | took 0ms | statement | connection 27| url jdbc:h2:mem:6a3784ae-1aa6-4bbf-b617-4d4aeabcc2af
insert into review (content, spot_id, review_id) values (?, ?, ?)
insert into review (content, spot_id, review_id) values ('java.io.StringReader@32560fcf', 769, 716);
2022-10-10 13:48:04.760  INFO 3923 --- [    Test worker] p6spy                                    : #1665377284760 | took 0ms | statement | connection 27| url jdbc:h2:mem:6a3784ae-1aa6-4bbf-b617-4d4aeabcc2af
insert into score (facility_rank, facility_score, price_rank, price_score, rank_average, surround_rank, surround_score, view_rank, view_score, score_id) values (?, ?, ?, ?, ?, ?, ?, ?, ?, ?)
insert into score (facility_rank, facility_score, price_rank, price_score, rank_average, surround_rank, surround_score, view_rank, view_score, score_id) values (7.419504648029477, 7.1019398173961505, 0.69300654578212, 6.8299417991325395, 8.948749258857497, 8.297985475049831, 4.703018755626841, 7.79554440610534, 0.7706364326656845, 715);
2022-10-10 13:48:04.760  INFO 3923 --- [    Test worker] p6spy                                    : #1665377284760 | took 0ms | statement | connection 27| url jdbc:h2:mem:6a3784ae-1aa6-4bbf-b617-4d4aeabcc2af
insert into picture (spot_id, url, picture_id) values (?, ?, ?)
insert into picture (spot_id, url, picture_id) values (NULL, 'java.io.StringReader@6ad7d584', 2913);
2022-10-10 13:48:04.760  INFO 3923 --- [    Test worker] p6spy                                    : #1665377284760 | took 0ms | statement | connection 27| url jdbc:h2:mem:6a3784ae-1aa6-4bbf-b617-4d4aeabcc2af
insert into picture (spot_id, url, picture_id) values (?, ?, ?)
insert into picture (spot_id, url, picture_id) values (NULL, 'java.io.StringReader@5fd977e1', 2914);
2022-10-10 13:48:04.760  INFO 3923 --- [    Test worker] p6spy                                    : #1665377284760 | took 0ms | statement | connection 27| url jdbc:h2:mem:6a3784ae-1aa6-4bbf-b617-4d4aeabcc2af
insert into picture (spot_id, url, picture_id) values (?, ?, ?)
insert into picture (spot_id, url, picture_id) values (NULL, 'java.io.StringReader@1f7fe2ec', 2915);
2022-10-10 13:48:04.760  INFO 3923 --- [    Test worker] p6spy                                    : #1665377284760 | took 0ms | statement | connection 27| url jdbc:h2:mem:6a3784ae-1aa6-4bbf-b617-4d4aeabcc2af
insert into spot (address, description, location, name, score_id, spot_id) values (?, ?, ?, ?, ?, ?)
insert into spot (address, description, location, name, score_id, spot_id) values (NULL, NULL, 'Aewol_eup', NULL, 715, 781);
2022-10-10 13:48:04.760  INFO 3923 --- [    Test worker] p6spy                                    : #1665377284760 | took 0ms | statement | connection 27| url jdbc:h2:mem:6a3784ae-1aa6-4bbf-b617-4d4aeabcc2af
insert into member_spot (member_id, score, spot_id, member_spot_id) values (?, ?, ?, ?)
insert into member_spot (member_id, score, spot_id, member_spot_id) values (23, 0.0, 781, 2916);
2022-10-10 13:48:04.760  INFO 3923 --- [    Test worker] p6spy                                    : #1665377284760 | took 0ms | statement | connection 27| url jdbc:h2:mem:6a3784ae-1aa6-4bbf-b617-4d4aeabcc2af
insert into review (content, spot_id, review_id) values (?, ?, ?)
insert into review (content, spot_id, review_id) values ('java.io.StringReader@14b14bd2', 769, 717);
2022-10-10 13:48:04.760  INFO 3923 --- [    Test worker] p6spy                                    : #1665377284760 | took 0ms | statement | connection 27| url jdbc:h2:mem:6a3784ae-1aa6-4bbf-b617-4d4aeabcc2af
insert into favorite_spot (count, favorite_id, spot_id, favorite_spot_id) values (?, ?, ?, ?)
insert into favorite_spot (count, favorite_id, spot_id, favorite_spot_id) values (0, 42, 781, 533);
2022-10-10 13:48:04.760  INFO 3923 --- [    Test worker] p6spy                                    : #1665377284760 | took 0ms | statement | connection 27| url jdbc:h2:mem:6a3784ae-1aa6-4bbf-b617-4d4aeabcc2af
insert into score (facility_rank, facility_score, price_rank, price_score, rank_average, surround_rank, surround_score, view_rank, view_score, score_id) values (?, ?, ?, ?, ?, ?, ?, ?, ?, ?)
insert into score (facility_rank, facility_score, price_rank, price_score, rank_average, surround_rank, surround_score, view_rank, view_score, score_id) values (1.4179934501605174, 7.297809883050127, 7.927303809358552, 6.2538398417963545, 0.6088036411049691, 2.915163584476531, 4.241945228328204, 6.838643484687099, 4.8837403602841265, 716);
2022-10-10 13:48:04.760  INFO 3923 --- [    Test worker] p6spy                                    : #1665377284760 | took 0ms | statement | connection 27| url jdbc:h2:mem:6a3784ae-1aa6-4bbf-b617-4d4aeabcc2af
insert into picture (spot_id, url, picture_id) values (?, ?, ?)
insert into picture (spot_id, url, picture_id) values (NULL, 'java.io.StringReader@69ab1ec8', 2917);
2022-10-10 13:48:04.760  INFO 3923 --- [    Test worker] p6spy                                    : #1665377284760 | took 0ms | statement | connection 27| url jdbc:h2:mem:6a3784ae-1aa6-4bbf-b617-4d4aeabcc2af
insert into picture (spot_id, url, picture_id) values (?, ?, ?)
insert into picture (spot_id, url, picture_id) values (NULL, 'java.io.StringReader@2bb4511', 2918);
2022-10-10 13:48:04.760  INFO 3923 --- [    Test worker] p6spy                                    : #1665377284760 | took 0ms | statement | connection 27| url jdbc:h2:mem:6a3784ae-1aa6-4bbf-b617-4d4aeabcc2af
insert into picture (spot_id, url, picture_id) values (?, ?, ?)
insert into picture (spot_id, url, picture_id) values (NULL, 'java.io.StringReader@41c71ed1', 2919);
2022-10-10 13:48:04.760  INFO 3923 --- [    Test worker] p6spy                                    : #1665377284760 | took 0ms | statement | connection 27| url jdbc:h2:mem:6a3784ae-1aa6-4bbf-b617-4d4aeabcc2af
insert into spot (address, description, location, name, score_id, spot_id) values (?, ?, ?, ?, ?, ?)
insert into spot (address, description, location, name, score_id, spot_id) values (NULL, NULL, 'Aewol_eup', NULL, 716, 782);
2022-10-10 13:48:04.760  INFO 3923 --- [    Test worker] p6spy                                    : #1665377284760 | took 0ms | statement | connection 27| url jdbc:h2:mem:6a3784ae-1aa6-4bbf-b617-4d4aeabcc2af
insert into member_spot (member_id, score, spot_id, member_spot_id) values (?, ?, ?, ?)
insert into member_spot (member_id, score, spot_id, member_spot_id) values (23, 0.0, 782, 2920);
2022-10-10 13:48:04.760  INFO 3923 --- [    Test worker] p6spy                                    : #1665377284760 | took 0ms | statement | connection 27| url jdbc:h2:mem:6a3784ae-1aa6-4bbf-b617-4d4aeabcc2af
insert into review (content, spot_id, review_id) values (?, ?, ?)
insert into review (content, spot_id, review_id) values ('java.io.StringReader@54e8a3e', 769, 718);
2022-10-10 13:48:04.760  INFO 3923 --- [    Test worker] p6spy                                    : #1665377284760 | took 0ms | statement | connection 27| url jdbc:h2:mem:6a3784ae-1aa6-4bbf-b617-4d4aeabcc2af
insert into score (facility_rank, facility_score, price_rank, price_score, rank_average, surround_rank, surround_score, view_rank, view_score, score_id) values (?, ?, ?, ?, ?, ?, ?, ?, ?, ?)
insert into score (facility_rank, facility_score, price_rank, price_score, rank_average, surround_rank, surround_score, view_rank, view_score, score_id) values (7.204264122038719, 0.5820649957200164, 6.455272064514278, 3.170206892302808, 0.9559190691258523, 5.550321107378327, 9.806396067657168, 2.8915646418956853, 5.002008251022698, 717);
2022-10-10 13:48:04.760  INFO 3923 --- [    Test worker] p6spy                                    : #1665377284760 | took 0ms | statement | connection 27| url jdbc:h2:mem:6a3784ae-1aa6-4bbf-b617-4d4aeabcc2af
insert into picture (spot_id, url, picture_id) values (?, ?, ?)
insert into picture (spot_id, url, picture_id) values (NULL, 'java.io.StringReader@4e765cb5', 2921);
2022-10-10 13:48:04.760  INFO 3923 --- [    Test worker] p6spy                                    : #1665377284760 | took 0ms | statement | connection 27| url jdbc:h2:mem:6a3784ae-1aa6-4bbf-b617-4d4aeabcc2af
insert into picture (spot_id, url, picture_id) values (?, ?, ?)
insert into picture (spot_id, url, picture_id) values (NULL, 'java.io.StringReader@1970351a', 2922);
2022-10-10 13:48:04.760  INFO 3923 --- [    Test worker] p6spy                                    : #1665377284760 | took 0ms | statement | connection 27| url jdbc:h2:mem:6a3784ae-1aa6-4bbf-b617-4d4aeabcc2af
insert into picture (spot_id, url, picture_id) values (?, ?, ?)
insert into picture (spot_id, url, picture_id) values (NULL, 'java.io.StringReader@def220b', 2923);
2022-10-10 13:48:04.760  INFO 3923 --- [    Test worker] p6spy                                    : #1665377284760 | took 0ms | statement | connection 27| url jdbc:h2:mem:6a3784ae-1aa6-4bbf-b617-4d4aeabcc2af
insert into spot (address, description, location, name, score_id, spot_id) values (?, ?, ?, ?, ?, ?)
insert into spot (address, description, location, name, score_id, spot_id) values (NULL, NULL, 'Aewol_eup', NULL, 717, 783);
2022-10-10 13:48:04.760  INFO 3923 --- [    Test worker] p6spy                                    : #1665377284760 | took 0ms | statement | connection 27| url jdbc:h2:mem:6a3784ae-1aa6-4bbf-b617-4d4aeabcc2af
insert into member_spot (member_id, score, spot_id, member_spot_id) values (?, ?, ?, ?)
insert into member_spot (member_id, score, spot_id, member_spot_id) values (23, 0.0, 783, 2924);
2022-10-10 13:48:04.760  INFO 3923 --- [    Test worker] p6spy                                    : #1665377284760 | took 0ms | statement | connection 27| url jdbc:h2:mem:6a3784ae-1aa6-4bbf-b617-4d4aeabcc2af
insert into review (content, spot_id, review_id) values (?, ?, ?)
insert into review (content, spot_id, review_id) values ('java.io.StringReader@25b2ac43', 769, 719);
2022-10-10 13:48:04.761  INFO 3923 --- [    Test worker] p6spy                                    : #1665377284761 | took 0ms | statement | connection 27| url jdbc:h2:mem:6a3784ae-1aa6-4bbf-b617-4d4aeabcc2af
insert into favorite_spot (count, favorite_id, spot_id, favorite_spot_id) values (?, ?, ?, ?)
insert into favorite_spot (count, favorite_id, spot_id, favorite_spot_id) values (0, 42, 783, 534);
2022-10-10 13:48:04.761  INFO 3923 --- [    Test worker] p6spy                                    : #1665377284761 | took 0ms | statement | connection 27| url jdbc:h2:mem:6a3784ae-1aa6-4bbf-b617-4d4aeabcc2af
insert into score (facility_rank, facility_score, price_rank, price_score, rank_average, surround_rank, surround_score, view_rank, view_score, score_id) values (?, ?, ?, ?, ?, ?, ?, ?, ?, ?)
insert into score (facility_rank, facility_score, price_rank, price_score, rank_average, surround_rank, surround_score, view_rank, view_score, score_id) values (4.529425933714622, 6.693996235822434, 5.747648928973096, 8.713128887872427, 0.13824338720131002, 1.6653018956254706, 1.9254994615525267, 9.30034879388007, 6.5726251524034005, 718);
2022-10-10 13:48:04.761  INFO 3923 --- [    Test worker] p6spy                                    : #1665377284761 | took 0ms | statement | connection 27| url jdbc:h2:mem:6a3784ae-1aa6-4bbf-b617-4d4aeabcc2af
insert into picture (spot_id, url, picture_id) values (?, ?, ?)
insert into picture (spot_id, url, picture_id) values (NULL, 'java.io.StringReader@137e484', 2925);
2022-10-10 13:48:04.761  INFO 3923 --- [    Test worker] p6spy                                    : #1665377284761 | took 0ms | statement | connection 27| url jdbc:h2:mem:6a3784ae-1aa6-4bbf-b617-4d4aeabcc2af
insert into picture (spot_id, url, picture_id) values (?, ?, ?)
insert into picture (spot_id, url, picture_id) values (NULL, 'java.io.StringReader@27b4eb29', 2926);
2022-10-10 13:48:04.761  INFO 3923 --- [    Test worker] p6spy                                    : #1665377284761 | took 0ms | statement | connection 27| url jdbc:h2:mem:6a3784ae-1aa6-4bbf-b617-4d4aeabcc2af
insert into picture (spot_id, url, picture_id) values (?, ?, ?)
insert into picture (spot_id, url, picture_id) values (NULL, 'java.io.StringReader@66dfa9df', 2927);
2022-10-10 13:48:04.761  INFO 3923 --- [    Test worker] p6spy                                    : #1665377284761 | took 0ms | statement | connection 27| url jdbc:h2:mem:6a3784ae-1aa6-4bbf-b617-4d4aeabcc2af
insert into spot (address, description, location, name, score_id, spot_id) values (?, ?, ?, ?, ?, ?)
insert into spot (address, description, location, name, score_id, spot_id) values (NULL, NULL, 'Aewol_eup', NULL, 718, 784);
2022-10-10 13:48:04.761  INFO 3923 --- [    Test worker] p6spy                                    : #1665377284761 | took 0ms | statement | connection 27| url jdbc:h2:mem:6a3784ae-1aa6-4bbf-b617-4d4aeabcc2af
insert into member_spot (member_id, score, spot_id, member_spot_id) values (?, ?, ?, ?)
insert into member_spot (member_id, score, spot_id, member_spot_id) values (23, 0.0, 784, 2928);
2022-10-10 13:48:04.761  INFO 3923 --- [    Test worker] p6spy                                    : #1665377284761 | took 0ms | statement | connection 27| url jdbc:h2:mem:6a3784ae-1aa6-4bbf-b617-4d4aeabcc2af
insert into review (content, spot_id, review_id) values (?, ?, ?)
insert into review (content, spot_id, review_id) values ('java.io.StringReader@2ee0b0c6', 769, 720);
2022-10-10 13:48:04.761  INFO 3923 --- [    Test worker] p6spy                                    : #1665377284761 | took 0ms | statement | connection 27| url jdbc:h2:mem:6a3784ae-1aa6-4bbf-b617-4d4aeabcc2af
insert into score (facility_rank, facility_score, price_rank, price_score, rank_average, surround_rank, surround_score, view_rank, view_score, score_id) values (?, ?, ?, ?, ?, ?, ?, ?, ?, ?)
insert into score (facility_rank, facility_score, price_rank, price_score, rank_average, surround_rank, surround_score, view_rank, view_score, score_id) values (2.986388182593741, 6.127732877231626, 4.813113208351087, 3.588585275821168, 8.488237942101392, 1.9926641608021556, 5.968186504164796, 9.50409467986918, 0.9239270764793894, 719);
2022-10-10 13:48:04.761  INFO 3923 --- [    Test worker] p6spy                                    : #1665377284761 | took 0ms | statement | connection 27| url jdbc:h2:mem:6a3784ae-1aa6-4bbf-b617-4d4aeabcc2af
insert into picture (spot_id, url, picture_id) values (?, ?, ?)
insert into picture (spot_id, url, picture_id) values (NULL, 'java.io.StringReader@78055dac', 2929);
2022-10-10 13:48:04.761  INFO 3923 --- [    Test worker] p6spy                                    : #1665377284761 | took 0ms | statement | connection 27| url jdbc:h2:mem:6a3784ae-1aa6-4bbf-b617-4d4aeabcc2af
insert into picture (spot_id, url, picture_id) values (?, ?, ?)
insert into picture (spot_id, url, picture_id) values (NULL, 'java.io.StringReader@1c43123f', 2930);
2022-10-10 13:48:04.761  INFO 3923 --- [    Test worker] p6spy                                    : #1665377284761 | took 0ms | statement | connection 27| url jdbc:h2:mem:6a3784ae-1aa6-4bbf-b617-4d4aeabcc2af
insert into picture (spot_id, url, picture_id) values (?, ?, ?)
insert into picture (spot_id, url, picture_id) values (NULL, 'java.io.StringReader@6749d62f', 2931);
2022-10-10 13:48:04.761  INFO 3923 --- [    Test worker] p6spy                                    : #1665377284761 | took 0ms | statement | connection 27| url jdbc:h2:mem:6a3784ae-1aa6-4bbf-b617-4d4aeabcc2af
insert into spot (address, description, location, name, score_id, spot_id) values (?, ?, ?, ?, ?, ?)
insert into spot (address, description, location, name, score_id, spot_id) values (NULL, NULL, 'Aewol_eup', NULL, 719, 785);
2022-10-10 13:48:04.761  INFO 3923 --- [    Test worker] p6spy                                    : #1665377284761 | took 0ms | statement | connection 27| url jdbc:h2:mem:6a3784ae-1aa6-4bbf-b617-4d4aeabcc2af
insert into member_spot (member_id, score, spot_id, member_spot_id) values (?, ?, ?, ?)
insert into member_spot (member_id, score, spot_id, member_spot_id) values (23, 0.0, 785, 2932);
2022-10-10 13:48:04.761  INFO 3923 --- [    Test worker] p6spy                                    : #1665377284761 | took 0ms | statement | connection 27| url jdbc:h2:mem:6a3784ae-1aa6-4bbf-b617-4d4aeabcc2af
insert into review (content, spot_id, review_id) values (?, ?, ?)
insert into review (content, spot_id, review_id) values ('java.io.StringReader@5039705d', 769, 721);
2022-10-10 13:48:04.761  INFO 3923 --- [    Test worker] p6spy                                    : #1665377284761 | took 0ms | statement | connection 27| url jdbc:h2:mem:6a3784ae-1aa6-4bbf-b617-4d4aeabcc2af
insert into favorite_spot (count, favorite_id, spot_id, favorite_spot_id) values (?, ?, ?, ?)
insert into favorite_spot (count, favorite_id, spot_id, favorite_spot_id) values (0, 42, 785, 535);
2022-10-10 13:48:04.761  INFO 3923 --- [    Test worker] p6spy                                    : #1665377284761 | took 0ms | statement | connection 27| url jdbc:h2:mem:6a3784ae-1aa6-4bbf-b617-4d4aeabcc2af
insert into score (facility_rank, facility_score, price_rank, price_score, rank_average, surround_rank, surround_score, view_rank, view_score, score_id) values (?, ?, ?, ?, ?, ?, ?, ?, ?, ?)
insert into score (facility_rank, facility_score, price_rank, price_score, rank_average, surround_rank, surround_score, view_rank, view_score, score_id) values (8.694589081983342, 8.840738942118117, 6.915248938996285, 9.41346281091671, 4.964873111749675, 4.764615340772371, 1.3325646590764861, 7.3165352319032815, 3.7609676454548104, 720);
2022-10-10 13:48:04.761  INFO 3923 --- [    Test worker] p6spy                                    : #1665377284761 | took 0ms | statement | connection 27| url jdbc:h2:mem:6a3784ae-1aa6-4bbf-b617-4d4aeabcc2af
insert into picture (spot_id, url, picture_id) values (?, ?, ?)
insert into picture (spot_id, url, picture_id) values (NULL, 'java.io.StringReader@8ccb59e', 2933);
2022-10-10 13:48:04.761  INFO 3923 --- [    Test worker] p6spy                                    : #1665377284761 | took 0ms | statement | connection 27| url jdbc:h2:mem:6a3784ae-1aa6-4bbf-b617-4d4aeabcc2af
insert into picture (spot_id, url, picture_id) values (?, ?, ?)
insert into picture (spot_id, url, picture_id) values (NULL, 'java.io.StringReader@64c82c9f', 2934);
2022-10-10 13:48:04.761  INFO 3923 --- [    Test worker] p6spy                                    : #1665377284761 | took 0ms | statement | connection 27| url jdbc:h2:mem:6a3784ae-1aa6-4bbf-b617-4d4aeabcc2af
insert into picture (spot_id, url, picture_id) values (?, ?, ?)
insert into picture (spot_id, url, picture_id) values (NULL, 'java.io.StringReader@5b030039', 2935);
2022-10-10 13:48:04.761  INFO 3923 --- [    Test worker] p6spy                                    : #1665377284761 | took 0ms | statement | connection 27| url jdbc:h2:mem:6a3784ae-1aa6-4bbf-b617-4d4aeabcc2af
insert into spot (address, description, location, name, score_id, spot_id) values (?, ?, ?, ?, ?, ?)
insert into spot (address, description, location, name, score_id, spot_id) values (NULL, NULL, 'Aewol_eup', NULL, 720, 786);
2022-10-10 13:48:04.761  INFO 3923 --- [    Test worker] p6spy                                    : #1665377284761 | took 0ms | statement | connection 27| url jdbc:h2:mem:6a3784ae-1aa6-4bbf-b617-4d4aeabcc2af
insert into member_spot (member_id, score, spot_id, member_spot_id) values (?, ?, ?, ?)
insert into member_spot (member_id, score, spot_id, member_spot_id) values (23, 0.0, 786, 2936);
2022-10-10 13:48:04.761  INFO 3923 --- [    Test worker] p6spy                                    : #1665377284761 | took 0ms | statement | connection 27| url jdbc:h2:mem:6a3784ae-1aa6-4bbf-b617-4d4aeabcc2af
insert into review (content, spot_id, review_id) values (?, ?, ?)
insert into review (content, spot_id, review_id) values ('java.io.StringReader@6203873f', 769, 722);
2022-10-10 13:48:04.761  INFO 3923 --- [    Test worker] p6spy                                    : #1665377284761 | took 0ms | statement | connection 27| url jdbc:h2:mem:6a3784ae-1aa6-4bbf-b617-4d4aeabcc2af
insert into score (facility_rank, facility_score, price_rank, price_score, rank_average, surround_rank, surround_score, view_rank, view_score, score_id) values (?, ?, ?, ?, ?, ?, ?, ?, ?, ?)
insert into score (facility_rank, facility_score, price_rank, price_score, rank_average, surround_rank, surround_score, view_rank, view_score, score_id) values (8.477530971940281, 4.210770810253937, 7.143025414824448, 7.222404669233247, 0.18551577959163623, 2.6665051620367555, 0.20374097547454229, 3.0919843043408193, 0.9125428529122381, 721);
2022-10-10 13:48:04.761  INFO 3923 --- [    Test worker] p6spy                                    : #1665377284761 | took 0ms | statement | connection 27| url jdbc:h2:mem:6a3784ae-1aa6-4bbf-b617-4d4aeabcc2af
insert into picture (spot_id, url, picture_id) values (?, ?, ?)
insert into picture (spot_id, url, picture_id) values (NULL, 'java.io.StringReader@39c9ed70', 2937);
2022-10-10 13:48:04.761  INFO 3923 --- [    Test worker] p6spy                                    : #1665377284761 | took 0ms | statement | connection 27| url jdbc:h2:mem:6a3784ae-1aa6-4bbf-b617-4d4aeabcc2af
insert into picture (spot_id, url, picture_id) values (?, ?, ?)
insert into picture (spot_id, url, picture_id) values (NULL, 'java.io.StringReader@7a0c3772', 2938);
2022-10-10 13:48:04.761  INFO 3923 --- [    Test worker] p6spy                                    : #1665377284761 | took 0ms | statement | connection 27| url jdbc:h2:mem:6a3784ae-1aa6-4bbf-b617-4d4aeabcc2af
insert into picture (spot_id, url, picture_id) values (?, ?, ?)
insert into picture (spot_id, url, picture_id) values (NULL, 'java.io.StringReader@3d0c27ab', 2939);
2022-10-10 13:48:04.761  INFO 3923 --- [    Test worker] p6spy                                    : #1665377284761 | took 0ms | statement | connection 27| url jdbc:h2:mem:6a3784ae-1aa6-4bbf-b617-4d4aeabcc2af
insert into spot (address, description, location, name, score_id, spot_id) values (?, ?, ?, ?, ?, ?)
insert into spot (address, description, location, name, score_id, spot_id) values (NULL, NULL, 'Aewol_eup', NULL, 721, 787);
2022-10-10 13:48:04.761  INFO 3923 --- [    Test worker] p6spy                                    : #1665377284761 | took 0ms | statement | connection 27| url jdbc:h2:mem:6a3784ae-1aa6-4bbf-b617-4d4aeabcc2af
insert into member_spot (member_id, score, spot_id, member_spot_id) values (?, ?, ?, ?)
insert into member_spot (member_id, score, spot_id, member_spot_id) values (23, 0.0, 787, 2940);
2022-10-10 13:48:04.761  INFO 3923 --- [    Test worker] p6spy                                    : #1665377284761 | took 0ms | statement | connection 27| url jdbc:h2:mem:6a3784ae-1aa6-4bbf-b617-4d4aeabcc2af
insert into review (content, spot_id, review_id) values (?, ?, ?)
insert into review (content, spot_id, review_id) values ('java.io.StringReader@4d1ebb64', 769, 723);
2022-10-10 13:48:04.761  INFO 3923 --- [    Test worker] p6spy                                    : #1665377284761 | took 0ms | statement | connection 27| url jdbc:h2:mem:6a3784ae-1aa6-4bbf-b617-4d4aeabcc2af
insert into favorite_spot (count, favorite_id, spot_id, favorite_spot_id) values (?, ?, ?, ?)
insert into favorite_spot (count, favorite_id, spot_id, favorite_spot_id) values (0, 42, 787, 536);
2022-10-10 13:48:04.761  INFO 3923 --- [    Test worker] p6spy                                    : #1665377284761 | took 0ms | statement | connection 27| url jdbc:h2:mem:6a3784ae-1aa6-4bbf-b617-4d4aeabcc2af
insert into score (facility_rank, facility_score, price_rank, price_score, rank_average, surround_rank, surround_score, view_rank, view_score, score_id) values (?, ?, ?, ?, ?, ?, ?, ?, ?, ?)
insert into score (facility_rank, facility_score, price_rank, price_score, rank_average, surround_rank, surround_score, view_rank, view_score, score_id) values (5.481733789746556, 8.2620998937232, 2.0485152242550875, 4.188697478007569, 0.8053332232679278, 6.858417231976032, 9.29016362617769, 5.109738637192333, 1.6652903152609755, 722);
2022-10-10 13:48:04.761  INFO 3923 --- [    Test worker] p6spy                                    : #1665377284761 | took 0ms | statement | connection 27| url jdbc:h2:mem:6a3784ae-1aa6-4bbf-b617-4d4aeabcc2af
insert into picture (spot_id, url, picture_id) values (?, ?, ?)
insert into picture (spot_id, url, picture_id) values (NULL, 'java.io.StringReader@4996b2d8', 2941);
2022-10-10 13:48:04.761  INFO 3923 --- [    Test worker] p6spy                                    : #1665377284761 | took 0ms | statement | connection 27| url jdbc:h2:mem:6a3784ae-1aa6-4bbf-b617-4d4aeabcc2af
insert into picture (spot_id, url, picture_id) values (?, ?, ?)
insert into picture (spot_id, url, picture_id) values (NULL, 'java.io.StringReader@1cb54a84', 2942);
2022-10-10 13:48:04.761  INFO 3923 --- [    Test worker] p6spy                                    : #1665377284761 | took 0ms | statement | connection 27| url jdbc:h2:mem:6a3784ae-1aa6-4bbf-b617-4d4aeabcc2af
insert into picture (spot_id, url, picture_id) values (?, ?, ?)
insert into picture (spot_id, url, picture_id) values (NULL, 'java.io.StringReader@639d2bb', 2943);
2022-10-10 13:48:04.761  INFO 3923 --- [    Test worker] p6spy                                    : #1665377284761 | took 0ms | statement | connection 27| url jdbc:h2:mem:6a3784ae-1aa6-4bbf-b617-4d4aeabcc2af
insert into spot (address, description, location, name, score_id, spot_id) values (?, ?, ?, ?, ?, ?)
insert into spot (address, description, location, name, score_id, spot_id) values (NULL, NULL, 'Aewol_eup', NULL, 722, 788);
2022-10-10 13:48:04.761  INFO 3923 --- [    Test worker] p6spy                                    : #1665377284761 | took 0ms | statement | connection 27| url jdbc:h2:mem:6a3784ae-1aa6-4bbf-b617-4d4aeabcc2af
insert into member_spot (member_id, score, spot_id, member_spot_id) values (?, ?, ?, ?)
insert into member_spot (member_id, score, spot_id, member_spot_id) values (23, 0.0, 788, 2944);
2022-10-10 13:48:04.761  INFO 3923 --- [    Test worker] p6spy                                    : #1665377284761 | took 0ms | statement | connection 27| url jdbc:h2:mem:6a3784ae-1aa6-4bbf-b617-4d4aeabcc2af
insert into review (content, spot_id, review_id) values (?, ?, ?)
insert into review (content, spot_id, review_id) values ('java.io.StringReader@5e2aca29', 769, 724);
2022-10-10 13:48:04.761  INFO 3923 --- [    Test worker] p6spy                                    : #1665377284761 | took 0ms | statement | connection 27| url jdbc:h2:mem:6a3784ae-1aa6-4bbf-b617-4d4aeabcc2af
insert into score (facility_rank, facility_score, price_rank, price_score, rank_average, surround_rank, surround_score, view_rank, view_score, score_id) values (?, ?, ?, ?, ?, ?, ?, ?, ?, ?)
insert into score (facility_rank, facility_score, price_rank, price_score, rank_average, surround_rank, surround_score, view_rank, view_score, score_id) values (9.4038517847797, 7.503332589889825, 2.150297014616669, 7.521566715216421, 5.716705258152653, 9.790639234528777, 2.44986604554886, 4.326943993183308, 4.492117560624051, 723);
2022-10-10 13:48:04.761  INFO 3923 --- [    Test worker] p6spy                                    : #1665377284761 | took 0ms | statement | connection 27| url jdbc:h2:mem:6a3784ae-1aa6-4bbf-b617-4d4aeabcc2af
insert into picture (spot_id, url, picture_id) values (?, ?, ?)
insert into picture (spot_id, url, picture_id) values (NULL, 'java.io.StringReader@53ebfba2', 2945);
2022-10-10 13:48:04.761  INFO 3923 --- [    Test worker] p6spy                                    : #1665377284761 | took 0ms | statement | connection 27| url jdbc:h2:mem:6a3784ae-1aa6-4bbf-b617-4d4aeabcc2af
insert into picture (spot_id, url, picture_id) values (?, ?, ?)
insert into picture (spot_id, url, picture_id) values (NULL, 'java.io.StringReader@6bfdc848', 2946);
2022-10-10 13:48:04.761  INFO 3923 --- [    Test worker] p6spy                                    : #1665377284761 | took 0ms | statement | connection 27| url jdbc:h2:mem:6a3784ae-1aa6-4bbf-b617-4d4aeabcc2af
insert into picture (spot_id, url, picture_id) values (?, ?, ?)
insert into picture (spot_id, url, picture_id) values (NULL, 'java.io.StringReader@465077b0', 2947);
2022-10-10 13:48:04.761  INFO 3923 --- [    Test worker] p6spy                                    : #1665377284761 | took 0ms | statement | connection 27| url jdbc:h2:mem:6a3784ae-1aa6-4bbf-b617-4d4aeabcc2af
insert into spot (address, description, location, name, score_id, spot_id) values (?, ?, ?, ?, ?, ?)
insert into spot (address, description, location, name, score_id, spot_id) values (NULL, NULL, 'Aewol_eup', NULL, 723, 789);
2022-10-10 13:48:04.761  INFO 3923 --- [    Test worker] p6spy                                    : #1665377284761 | took 0ms | statement | connection 27| url jdbc:h2:mem:6a3784ae-1aa6-4bbf-b617-4d4aeabcc2af
insert into member_spot (member_id, score, spot_id, member_spot_id) values (?, ?, ?, ?)
insert into member_spot (member_id, score, spot_id, member_spot_id) values (23, 0.0, 789, 2948);
2022-10-10 13:48:04.761  INFO 3923 --- [    Test worker] p6spy                                    : #1665377284761 | took 0ms | statement | connection 27| url jdbc:h2:mem:6a3784ae-1aa6-4bbf-b617-4d4aeabcc2af
insert into review (content, spot_id, review_id) values (?, ?, ?)
insert into review (content, spot_id, review_id) values ('java.io.StringReader@1220be23', 769, 725);
2022-10-10 13:48:04.762  INFO 3923 --- [    Test worker] p6spy                                    : #1665377284762 | took 0ms | statement | connection 27| url jdbc:h2:mem:6a3784ae-1aa6-4bbf-b617-4d4aeabcc2af
insert into favorite_spot (count, favorite_id, spot_id, favorite_spot_id) values (?, ?, ?, ?)
insert into favorite_spot (count, favorite_id, spot_id, favorite_spot_id) values (0, 42, 789, 537);
2022-10-10 13:48:04.762  INFO 3923 --- [    Test worker] p6spy                                    : #1665377284762 | took 0ms | statement | connection 27| url jdbc:h2:mem:6a3784ae-1aa6-4bbf-b617-4d4aeabcc2af
insert into score (facility_rank, facility_score, price_rank, price_score, rank_average, surround_rank, surround_score, view_rank, view_score, score_id) values (?, ?, ?, ?, ?, ?, ?, ?, ?, ?)
insert into score (facility_rank, facility_score, price_rank, price_score, rank_average, surround_rank, surround_score, view_rank, view_score, score_id) values (1.6944002571306815, 5.966622389645428, 4.9319195865303245, 9.214401878585065, 8.888504970673342, 0.3747521641188556, 6.7086777802328825, 4.1591104068235385, 1.2699441584353233, 724);
2022-10-10 13:48:04.762  INFO 3923 --- [    Test worker] p6spy                                    : #1665377284762 | took 0ms | statement | connection 27| url jdbc:h2:mem:6a3784ae-1aa6-4bbf-b617-4d4aeabcc2af
insert into picture (spot_id, url, picture_id) values (?, ?, ?)
insert into picture (spot_id, url, picture_id) values (NULL, 'java.io.StringReader@62ad9bc3', 2949);
2022-10-10 13:48:04.762  INFO 3923 --- [    Test worker] p6spy                                    : #1665377284762 | took 0ms | statement | connection 27| url jdbc:h2:mem:6a3784ae-1aa6-4bbf-b617-4d4aeabcc2af
insert into picture (spot_id, url, picture_id) values (?, ?, ?)
insert into picture (spot_id, url, picture_id) values (NULL, 'java.io.StringReader@2cfb64a3', 2950);
2022-10-10 13:48:04.762  INFO 3923 --- [    Test worker] p6spy                                    : #1665377284762 | took 0ms | statement | connection 27| url jdbc:h2:mem:6a3784ae-1aa6-4bbf-b617-4d4aeabcc2af
insert into picture (spot_id, url, picture_id) values (?, ?, ?)
insert into picture (spot_id, url, picture_id) values (NULL, 'java.io.StringReader@75fdf03c', 2951);
2022-10-10 13:48:04.762  INFO 3923 --- [    Test worker] p6spy                                    : #1665377284762 | took 0ms | statement | connection 27| url jdbc:h2:mem:6a3784ae-1aa6-4bbf-b617-4d4aeabcc2af
insert into spot (address, description, location, name, score_id, spot_id) values (?, ?, ?, ?, ?, ?)
insert into spot (address, description, location, name, score_id, spot_id) values (NULL, NULL, 'Aewol_eup', NULL, 724, 790);
2022-10-10 13:48:04.762  INFO 3923 --- [    Test worker] p6spy                                    : #1665377284762 | took 0ms | statement | connection 27| url jdbc:h2:mem:6a3784ae-1aa6-4bbf-b617-4d4aeabcc2af
insert into member_spot (member_id, score, spot_id, member_spot_id) values (?, ?, ?, ?)
insert into member_spot (member_id, score, spot_id, member_spot_id) values (23, 0.0, 790, 2952);
2022-10-10 13:48:04.762  INFO 3923 --- [    Test worker] p6spy                                    : #1665377284762 | took 0ms | statement | connection 27| url jdbc:h2:mem:6a3784ae-1aa6-4bbf-b617-4d4aeabcc2af
insert into review (content, spot_id, review_id) values (?, ?, ?)
insert into review (content, spot_id, review_id) values ('java.io.StringReader@e2ac054', 769, 726);
2022-10-10 13:48:04.762  INFO 3923 --- [    Test worker] p6spy                                    : #1665377284762 | took 0ms | statement | connection 27| url jdbc:h2:mem:6a3784ae-1aa6-4bbf-b617-4d4aeabcc2af
insert into score (facility_rank, facility_score, price_rank, price_score, rank_average, surround_rank, surround_score, view_rank, view_score, score_id) values (?, ?, ?, ?, ?, ?, ?, ?, ?, ?)
insert into score (facility_rank, facility_score, price_rank, price_score, rank_average, surround_rank, surround_score, view_rank, view_score, score_id) values (8.379284319589395, 5.5330020580559305, 3.459896192161768, 3.967456554356772, 1.7609977530236776, 2.380084541054339, 2.2181278600860255, 4.9550206255515326, 4.598806462956546, 725);
2022-10-10 13:48:04.762  INFO 3923 --- [    Test worker] p6spy                                    : #1665377284762 | took 0ms | statement | connection 27| url jdbc:h2:mem:6a3784ae-1aa6-4bbf-b617-4d4aeabcc2af
insert into picture (spot_id, url, picture_id) values (?, ?, ?)
insert into picture (spot_id, url, picture_id) values (NULL, 'java.io.StringReader@7cdb372a', 2953);
2022-10-10 13:48:04.762  INFO 3923 --- [    Test worker] p6spy                                    : #1665377284762 | took 0ms | statement | connection 27| url jdbc:h2:mem:6a3784ae-1aa6-4bbf-b617-4d4aeabcc2af
insert into picture (spot_id, url, picture_id) values (?, ?, ?)
insert into picture (spot_id, url, picture_id) values (NULL, 'java.io.StringReader@4792c15', 2954);
2022-10-10 13:48:04.762  INFO 3923 --- [    Test worker] p6spy                                    : #1665377284762 | took 0ms | statement | connection 27| url jdbc:h2:mem:6a3784ae-1aa6-4bbf-b617-4d4aeabcc2af
insert into picture (spot_id, url, picture_id) values (?, ?, ?)
insert into picture (spot_id, url, picture_id) values (NULL, 'java.io.StringReader@336a7182', 2955);
2022-10-10 13:48:04.762  INFO 3923 --- [    Test worker] p6spy                                    : #1665377284762 | took 0ms | statement | connection 27| url jdbc:h2:mem:6a3784ae-1aa6-4bbf-b617-4d4aeabcc2af
insert into spot (address, description, location, name, score_id, spot_id) values (?, ?, ?, ?, ?, ?)
insert into spot (address, description, location, name, score_id, spot_id) values (NULL, NULL, 'Aewol_eup', NULL, 725, 791);
2022-10-10 13:48:04.762  INFO 3923 --- [    Test worker] p6spy                                    : #1665377284762 | took 0ms | statement | connection 27| url jdbc:h2:mem:6a3784ae-1aa6-4bbf-b617-4d4aeabcc2af
insert into member_spot (member_id, score, spot_id, member_spot_id) values (?, ?, ?, ?)
insert into member_spot (member_id, score, spot_id, member_spot_id) values (23, 0.0, 791, 2956);
2022-10-10 13:48:04.762  INFO 3923 --- [    Test worker] p6spy                                    : #1665377284762 | took 0ms | statement | connection 27| url jdbc:h2:mem:6a3784ae-1aa6-4bbf-b617-4d4aeabcc2af
insert into review (content, spot_id, review_id) values (?, ?, ?)
insert into review (content, spot_id, review_id) values ('java.io.StringReader@5466fe00', 769, 727);
2022-10-10 13:48:04.762  INFO 3923 --- [    Test worker] p6spy                                    : #1665377284762 | took 0ms | statement | connection 27| url jdbc:h2:mem:6a3784ae-1aa6-4bbf-b617-4d4aeabcc2af
insert into favorite_spot (count, favorite_id, spot_id, favorite_spot_id) values (?, ?, ?, ?)
insert into favorite_spot (count, favorite_id, spot_id, favorite_spot_id) values (0, 42, 791, 538);
2022-10-10 13:48:04.762  INFO 3923 --- [    Test worker] p6spy                                    : #1665377284762 | took 0ms | statement | connection 27| url jdbc:h2:mem:6a3784ae-1aa6-4bbf-b617-4d4aeabcc2af
insert into score (facility_rank, facility_score, price_rank, price_score, rank_average, surround_rank, surround_score, view_rank, view_score, score_id) values (?, ?, ?, ?, ?, ?, ?, ?, ?, ?)
insert into score (facility_rank, facility_score, price_rank, price_score, rank_average, surround_rank, surround_score, view_rank, view_score, score_id) values (6.249658202588759, 8.791961585032325, 6.002098592233658, 5.0174600744751165, 7.481102623140707, 2.1007675933670624, 5.729061430299229, 5.595601287704348, 7.804282144052235, 726);
2022-10-10 13:48:04.762  INFO 3923 --- [    Test worker] p6spy                                    : #1665377284762 | took 0ms | statement | connection 27| url jdbc:h2:mem:6a3784ae-1aa6-4bbf-b617-4d4aeabcc2af
insert into picture (spot_id, url, picture_id) values (?, ?, ?)
insert into picture (spot_id, url, picture_id) values (NULL, 'java.io.StringReader@18f43524', 2957);
2022-10-10 13:48:04.762  INFO 3923 --- [    Test worker] p6spy                                    : #1665377284762 | took 0ms | statement | connection 27| url jdbc:h2:mem:6a3784ae-1aa6-4bbf-b617-4d4aeabcc2af
insert into picture (spot_id, url, picture_id) values (?, ?, ?)
insert into picture (spot_id, url, picture_id) values (NULL, 'java.io.StringReader@4ae307cc', 2958);
2022-10-10 13:48:04.762  INFO 3923 --- [    Test worker] p6spy                                    : #1665377284762 | took 0ms | statement | connection 27| url jdbc:h2:mem:6a3784ae-1aa6-4bbf-b617-4d4aeabcc2af
insert into picture (spot_id, url, picture_id) values (?, ?, ?)
insert into picture (spot_id, url, picture_id) values (NULL, 'java.io.StringReader@465cadf1', 2959);
2022-10-10 13:48:04.762  INFO 3923 --- [    Test worker] p6spy                                    : #1665377284762 | took 0ms | statement | connection 27| url jdbc:h2:mem:6a3784ae-1aa6-4bbf-b617-4d4aeabcc2af
insert into spot (address, description, location, name, score_id, spot_id) values (?, ?, ?, ?, ?, ?)
insert into spot (address, description, location, name, score_id, spot_id) values (NULL, NULL, 'Aewol_eup', NULL, 726, 792);
2022-10-10 13:48:04.762  INFO 3923 --- [    Test worker] p6spy                                    : #1665377284762 | took 0ms | statement | connection 27| url jdbc:h2:mem:6a3784ae-1aa6-4bbf-b617-4d4aeabcc2af
insert into member_spot (member_id, score, spot_id, member_spot_id) values (?, ?, ?, ?)
insert into member_spot (member_id, score, spot_id, member_spot_id) values (23, 0.0, 792, 2960);
2022-10-10 13:48:04.762  INFO 3923 --- [    Test worker] p6spy                                    : #1665377284762 | took 0ms | statement | connection 27| url jdbc:h2:mem:6a3784ae-1aa6-4bbf-b617-4d4aeabcc2af
insert into review (content, spot_id, review_id) values (?, ?, ?)
insert into review (content, spot_id, review_id) values ('java.io.StringReader@2bee167d', 769, 728);
2022-10-10 13:48:04.762  INFO 3923 --- [    Test worker] p6spy                                    : #1665377284762 | took 0ms | statement | connection 27| url jdbc:h2:mem:6a3784ae-1aa6-4bbf-b617-4d4aeabcc2af
insert into score (facility_rank, facility_score, price_rank, price_score, rank_average, surround_rank, surround_score, view_rank, view_score, score_id) values (?, ?, ?, ?, ?, ?, ?, ?, ?, ?)
insert into score (facility_rank, facility_score, price_rank, price_score, rank_average, surround_rank, surround_score, view_rank, view_score, score_id) values (8.329713543807856, 2.6418046798743697, 6.189155508559879, 0.42394287502750205, 7.746621536658209, 3.1099488772291197, 7.818001098025368, 3.0903896708152443, 1.4797481576609572, 727);
2022-10-10 13:48:04.762  INFO 3923 --- [    Test worker] p6spy                                    : #1665377284762 | took 0ms | statement | connection 27| url jdbc:h2:mem:6a3784ae-1aa6-4bbf-b617-4d4aeabcc2af
insert into picture (spot_id, url, picture_id) values (?, ?, ?)
insert into picture (spot_id, url, picture_id) values (NULL, 'java.io.StringReader@7194cf53', 2961);
2022-10-10 13:48:04.762  INFO 3923 --- [    Test worker] p6spy                                    : #1665377284762 | took 0ms | statement | connection 27| url jdbc:h2:mem:6a3784ae-1aa6-4bbf-b617-4d4aeabcc2af
insert into picture (spot_id, url, picture_id) values (?, ?, ?)
insert into picture (spot_id, url, picture_id) values (NULL, 'java.io.StringReader@7421a584', 2962);
2022-10-10 13:48:04.762  INFO 3923 --- [    Test worker] p6spy                                    : #1665377284762 | took 0ms | statement | connection 27| url jdbc:h2:mem:6a3784ae-1aa6-4bbf-b617-4d4aeabcc2af
insert into picture (spot_id, url, picture_id) values (?, ?, ?)
insert into picture (spot_id, url, picture_id) values (NULL, 'java.io.StringReader@107c27c4', 2963);
2022-10-10 13:48:04.762  INFO 3923 --- [    Test worker] p6spy                                    : #1665377284762 | took 0ms | statement | connection 27| url jdbc:h2:mem:6a3784ae-1aa6-4bbf-b617-4d4aeabcc2af
insert into spot (address, description, location, name, score_id, spot_id) values (?, ?, ?, ?, ?, ?)
insert into spot (address, description, location, name, score_id, spot_id) values (NULL, NULL, 'Aewol_eup', NULL, 727, 793);
2022-10-10 13:48:04.762  INFO 3923 --- [    Test worker] p6spy                                    : #1665377284762 | took 0ms | statement | connection 27| url jdbc:h2:mem:6a3784ae-1aa6-4bbf-b617-4d4aeabcc2af
insert into member_spot (member_id, score, spot_id, member_spot_id) values (?, ?, ?, ?)
insert into member_spot (member_id, score, spot_id, member_spot_id) values (23, 0.0, 793, 2964);
2022-10-10 13:48:04.762  INFO 3923 --- [    Test worker] p6spy                                    : #1665377284762 | took 0ms | statement | connection 27| url jdbc:h2:mem:6a3784ae-1aa6-4bbf-b617-4d4aeabcc2af
insert into review (content, spot_id, review_id) values (?, ?, ?)
insert into review (content, spot_id, review_id) values ('java.io.StringReader@2032c406', 769, 729);
2022-10-10 13:48:04.762  INFO 3923 --- [    Test worker] p6spy                                    : #1665377284762 | took 0ms | statement | connection 27| url jdbc:h2:mem:6a3784ae-1aa6-4bbf-b617-4d4aeabcc2af
insert into favorite_spot (count, favorite_id, spot_id, favorite_spot_id) values (?, ?, ?, ?)
insert into favorite_spot (count, favorite_id, spot_id, favorite_spot_id) values (0, 42, 793, 539);
2022-10-10 13:48:04.762  INFO 3923 --- [    Test worker] p6spy                                    : #1665377284762 | took 0ms | statement | connection 27| url jdbc:h2:mem:6a3784ae-1aa6-4bbf-b617-4d4aeabcc2af
insert into score (facility_rank, facility_score, price_rank, price_score, rank_average, surround_rank, surround_score, view_rank, view_score, score_id) values (?, ?, ?, ?, ?, ?, ?, ?, ?, ?)
insert into score (facility_rank, facility_score, price_rank, price_score, rank_average, surround_rank, surround_score, view_rank, view_score, score_id) values (9.365002081342556, 5.628313003412239, 9.00842533085984, 0.5319218331311937, 3.9998815893111948, 5.867645594133784, 8.874510580153288, 1.2501793822784724, 4.959927767235174, 728);
2022-10-10 13:48:04.762  INFO 3923 --- [    Test worker] p6spy                                    : #1665377284762 | took 0ms | statement | connection 27| url jdbc:h2:mem:6a3784ae-1aa6-4bbf-b617-4d4aeabcc2af
insert into picture (spot_id, url, picture_id) values (?, ?, ?)
insert into picture (spot_id, url, picture_id) values (NULL, 'java.io.StringReader@41eb7239', 2965);
2022-10-10 13:48:04.762  INFO 3923 --- [    Test worker] p6spy                                    : #1665377284762 | took 0ms | statement | connection 27| url jdbc:h2:mem:6a3784ae-1aa6-4bbf-b617-4d4aeabcc2af
insert into picture (spot_id, url, picture_id) values (?, ?, ?)
insert into picture (spot_id, url, picture_id) values (NULL, 'java.io.StringReader@762b996e', 2966);
2022-10-10 13:48:04.762  INFO 3923 --- [    Test worker] p6spy                                    : #1665377284762 | took 0ms | statement | connection 27| url jdbc:h2:mem:6a3784ae-1aa6-4bbf-b617-4d4aeabcc2af
insert into picture (spot_id, url, picture_id) values (?, ?, ?)
insert into picture (spot_id, url, picture_id) values (NULL, 'java.io.StringReader@3ae836d8', 2967);
2022-10-10 13:48:04.762  INFO 3923 --- [    Test worker] p6spy                                    : #1665377284762 | took 0ms | statement | connection 27| url jdbc:h2:mem:6a3784ae-1aa6-4bbf-b617-4d4aeabcc2af
insert into spot (address, description, location, name, score_id, spot_id) values (?, ?, ?, ?, ?, ?)
insert into spot (address, description, location, name, score_id, spot_id) values (NULL, NULL, 'Aewol_eup', NULL, 728, 794);
2022-10-10 13:48:04.762  INFO 3923 --- [    Test worker] p6spy                                    : #1665377284762 | took 0ms | statement | connection 27| url jdbc:h2:mem:6a3784ae-1aa6-4bbf-b617-4d4aeabcc2af
insert into member_spot (member_id, score, spot_id, member_spot_id) values (?, ?, ?, ?)
insert into member_spot (member_id, score, spot_id, member_spot_id) values (23, 0.0, 794, 2968);
2022-10-10 13:48:04.762  INFO 3923 --- [    Test worker] p6spy                                    : #1665377284762 | took 0ms | statement | connection 27| url jdbc:h2:mem:6a3784ae-1aa6-4bbf-b617-4d4aeabcc2af
insert into review (content, spot_id, review_id) values (?, ?, ?)
insert into review (content, spot_id, review_id) values ('java.io.StringReader@22e60287', 769, 730);
2022-10-10 13:48:04.763  INFO 3923 --- [    Test worker] p6spy                                    : #1665377284763 | took 0ms | statement | connection 27| url jdbc:h2:mem:6a3784ae-1aa6-4bbf-b617-4d4aeabcc2af
insert into score (facility_rank, facility_score, price_rank, price_score, rank_average, surround_rank, surround_score, view_rank, view_score, score_id) values (?, ?, ?, ?, ?, ?, ?, ?, ?, ?)
insert into score (facility_rank, facility_score, price_rank, price_score, rank_average, surround_rank, surround_score, view_rank, view_score, score_id) values (9.110701727909676, 2.8004183775704536, 9.043703165450216, 7.269333398525518, 8.815877780389235, 2.7664134804509057, 6.415935275767777, 7.3772166889248965, 8.531303305142082, 729);
2022-10-10 13:48:04.763  INFO 3923 --- [    Test worker] p6spy                                    : #1665377284763 | took 0ms | statement | connection 27| url jdbc:h2:mem:6a3784ae-1aa6-4bbf-b617-4d4aeabcc2af
insert into picture (spot_id, url, picture_id) values (?, ?, ?)
insert into picture (spot_id, url, picture_id) values (NULL, 'java.io.StringReader@52fe247e', 2969);
2022-10-10 13:48:04.763  INFO 3923 --- [    Test worker] p6spy                                    : #1665377284763 | took 0ms | statement | connection 27| url jdbc:h2:mem:6a3784ae-1aa6-4bbf-b617-4d4aeabcc2af
insert into picture (spot_id, url, picture_id) values (?, ?, ?)
insert into picture (spot_id, url, picture_id) values (NULL, 'java.io.StringReader@32094eba', 2970);
2022-10-10 13:48:04.763  INFO 3923 --- [    Test worker] p6spy                                    : #1665377284763 | took 0ms | statement | connection 27| url jdbc:h2:mem:6a3784ae-1aa6-4bbf-b617-4d4aeabcc2af
insert into picture (spot_id, url, picture_id) values (?, ?, ?)
insert into picture (spot_id, url, picture_id) values (NULL, 'java.io.StringReader@40e86be7', 2971);
2022-10-10 13:48:04.763  INFO 3923 --- [    Test worker] p6spy                                    : #1665377284763 | took 0ms | statement | connection 27| url jdbc:h2:mem:6a3784ae-1aa6-4bbf-b617-4d4aeabcc2af
insert into spot (address, description, location, name, score_id, spot_id) values (?, ?, ?, ?, ?, ?)
insert into spot (address, description, location, name, score_id, spot_id) values (NULL, NULL, 'Aewol_eup', NULL, 729, 795);
2022-10-10 13:48:04.763  INFO 3923 --- [    Test worker] p6spy                                    : #1665377284763 | took 0ms | statement | connection 27| url jdbc:h2:mem:6a3784ae-1aa6-4bbf-b617-4d4aeabcc2af
insert into member_spot (member_id, score, spot_id, member_spot_id) values (?, ?, ?, ?)
insert into member_spot (member_id, score, spot_id, member_spot_id) values (23, 0.0, 795, 2972);
2022-10-10 13:48:04.763  INFO 3923 --- [    Test worker] p6spy                                    : #1665377284763 | took 0ms | statement | connection 27| url jdbc:h2:mem:6a3784ae-1aa6-4bbf-b617-4d4aeabcc2af
insert into review (content, spot_id, review_id) values (?, ?, ?)
insert into review (content, spot_id, review_id) values ('java.io.StringReader@5d6f0e8b', 769, 731);
2022-10-10 13:48:04.763  INFO 3923 --- [    Test worker] p6spy                                    : #1665377284763 | took 0ms | statement | connection 27| url jdbc:h2:mem:6a3784ae-1aa6-4bbf-b617-4d4aeabcc2af
insert into favorite_spot (count, favorite_id, spot_id, favorite_spot_id) values (?, ?, ?, ?)
insert into favorite_spot (count, favorite_id, spot_id, favorite_spot_id) values (0, 42, 795, 540);
2022-10-10 13:48:04.763  INFO 3923 --- [    Test worker] p6spy                                    : #1665377284763 | took 0ms | statement | connection 27| url jdbc:h2:mem:6a3784ae-1aa6-4bbf-b617-4d4aeabcc2af
insert into score (facility_rank, facility_score, price_rank, price_score, rank_average, surround_rank, surround_score, view_rank, view_score, score_id) values (?, ?, ?, ?, ?, ?, ?, ?, ?, ?)
insert into score (facility_rank, facility_score, price_rank, price_score, rank_average, surround_rank, surround_score, view_rank, view_score, score_id) values (3.8979289939137916, 5.74143241400913, 6.760212318925568, 9.963903023330479, 0.48130640748605513, 0.3672920676322544, 7.619211286371242, 0.6182098465520247, 1.2327789696439884, 730);
2022-10-10 13:48:04.763  INFO 3923 --- [    Test worker] p6spy                                    : #1665377284763 | took 0ms | statement | connection 27| url jdbc:h2:mem:6a3784ae-1aa6-4bbf-b617-4d4aeabcc2af
insert into picture (spot_id, url, picture_id) values (?, ?, ?)
insert into picture (spot_id, url, picture_id) values (NULL, 'java.io.StringReader@6182c15f', 2973);
2022-10-10 13:48:04.763  INFO 3923 --- [    Test worker] p6spy                                    : #1665377284763 | took 0ms | statement | connection 27| url jdbc:h2:mem:6a3784ae-1aa6-4bbf-b617-4d4aeabcc2af
insert into picture (spot_id, url, picture_id) values (?, ?, ?)
insert into picture (spot_id, url, picture_id) values (NULL, 'java.io.StringReader@232343ee', 2974);
2022-10-10 13:48:04.763  INFO 3923 --- [    Test worker] p6spy                                    : #1665377284763 | took 0ms | statement | connection 27| url jdbc:h2:mem:6a3784ae-1aa6-4bbf-b617-4d4aeabcc2af
insert into picture (spot_id, url, picture_id) values (?, ?, ?)
insert into picture (spot_id, url, picture_id) values (NULL, 'java.io.StringReader@64910255', 2975);
2022-10-10 13:48:04.763  INFO 3923 --- [    Test worker] p6spy                                    : #1665377284763 | took 0ms | statement | connection 27| url jdbc:h2:mem:6a3784ae-1aa6-4bbf-b617-4d4aeabcc2af
insert into spot (address, description, location, name, score_id, spot_id) values (?, ?, ?, ?, ?, ?)
insert into spot (address, description, location, name, score_id, spot_id) values (NULL, NULL, 'Aewol_eup', NULL, 730, 796);
2022-10-10 13:48:04.763  INFO 3923 --- [    Test worker] p6spy                                    : #1665377284763 | took 0ms | statement | connection 27| url jdbc:h2:mem:6a3784ae-1aa6-4bbf-b617-4d4aeabcc2af
insert into member_spot (member_id, score, spot_id, member_spot_id) values (?, ?, ?, ?)
insert into member_spot (member_id, score, spot_id, member_spot_id) values (23, 0.0, 796, 2976);
2022-10-10 13:48:04.763  INFO 3923 --- [    Test worker] p6spy                                    : #1665377284763 | took 0ms | statement | connection 27| url jdbc:h2:mem:6a3784ae-1aa6-4bbf-b617-4d4aeabcc2af
insert into review (content, spot_id, review_id) values (?, ?, ?)
insert into review (content, spot_id, review_id) values ('java.io.StringReader@5385a2a6', 769, 732);
2022-10-10 13:48:04.763  INFO 3923 --- [    Test worker] p6spy                                    : #1665377284763 | took 0ms | statement | connection 27| url jdbc:h2:mem:6a3784ae-1aa6-4bbf-b617-4d4aeabcc2af
insert into score (facility_rank, facility_score, price_rank, price_score, rank_average, surround_rank, surround_score, view_rank, view_score, score_id) values (?, ?, ?, ?, ?, ?, ?, ?, ?, ?)
insert into score (facility_rank, facility_score, price_rank, price_score, rank_average, surround_rank, surround_score, view_rank, view_score, score_id) values (6.131777159095352, 9.140502767371121, 1.0009900338935207, 1.8463189963897186, 8.166697570579716, 0.0362613038895232, 8.003375927895057, 5.5645765086129515, 4.942743398578454, 731);
2022-10-10 13:48:04.763  INFO 3923 --- [    Test worker] p6spy                                    : #1665377284763 | took 0ms | statement | connection 27| url jdbc:h2:mem:6a3784ae-1aa6-4bbf-b617-4d4aeabcc2af
insert into picture (spot_id, url, picture_id) values (?, ?, ?)
insert into picture (spot_id, url, picture_id) values (NULL, 'java.io.StringReader@12972847', 2977);
2022-10-10 13:48:04.763  INFO 3923 --- [    Test worker] p6spy                                    : #1665377284763 | took 0ms | statement | connection 27| url jdbc:h2:mem:6a3784ae-1aa6-4bbf-b617-4d4aeabcc2af
insert into picture (spot_id, url, picture_id) values (?, ?, ?)
insert into picture (spot_id, url, picture_id) values (NULL, 'java.io.StringReader@642a9c30', 2978);
2022-10-10 13:48:04.763  INFO 3923 --- [    Test worker] p6spy                                    : #1665377284763 | took 0ms | statement | connection 27| url jdbc:h2:mem:6a3784ae-1aa6-4bbf-b617-4d4aeabcc2af
insert into picture (spot_id, url, picture_id) values (?, ?, ?)
insert into picture (spot_id, url, picture_id) values (NULL, 'java.io.StringReader@7f0b8855', 2979);
2022-10-10 13:48:04.763  INFO 3923 --- [    Test worker] p6spy                                    : #1665377284763 | took 0ms | statement | connection 27| url jdbc:h2:mem:6a3784ae-1aa6-4bbf-b617-4d4aeabcc2af
insert into spot (address, description, location, name, score_id, spot_id) values (?, ?, ?, ?, ?, ?)
insert into spot (address, description, location, name, score_id, spot_id) values (NULL, NULL, 'Aewol_eup', NULL, 731, 797);
2022-10-10 13:48:04.763  INFO 3923 --- [    Test worker] p6spy                                    : #1665377284763 | took 0ms | statement | connection 27| url jdbc:h2:mem:6a3784ae-1aa6-4bbf-b617-4d4aeabcc2af
insert into member_spot (member_id, score, spot_id, member_spot_id) values (?, ?, ?, ?)
insert into member_spot (member_id, score, spot_id, member_spot_id) values (23, 0.0, 797, 2980);
2022-10-10 13:48:04.763  INFO 3923 --- [    Test worker] p6spy                                    : #1665377284763 | took 0ms | statement | connection 27| url jdbc:h2:mem:6a3784ae-1aa6-4bbf-b617-4d4aeabcc2af
insert into review (content, spot_id, review_id) values (?, ?, ?)
insert into review (content, spot_id, review_id) values ('java.io.StringReader@713651bb', 769, 733);
2022-10-10 13:48:04.763  INFO 3923 --- [    Test worker] p6spy                                    : #1665377284763 | took 0ms | statement | connection 27| url jdbc:h2:mem:6a3784ae-1aa6-4bbf-b617-4d4aeabcc2af
insert into favorite_spot (count, favorite_id, spot_id, favorite_spot_id) values (?, ?, ?, ?)
insert into favorite_spot (count, favorite_id, spot_id, favorite_spot_id) values (0, 42, 797, 541);
2022-10-10 13:48:04.763  INFO 3923 --- [    Test worker] p6spy                                    : #1665377284763 | took 0ms | statement | connection 27| url jdbc:h2:mem:6a3784ae-1aa6-4bbf-b617-4d4aeabcc2af
insert into score (facility_rank, facility_score, price_rank, price_score, rank_average, surround_rank, surround_score, view_rank, view_score, score_id) values (?, ?, ?, ?, ?, ?, ?, ?, ?, ?)
insert into score (facility_rank, facility_score, price_rank, price_score, rank_average, surround_rank, surround_score, view_rank, view_score, score_id) values (5.108870458554478, 2.026592097696401, 8.922072511386435, 9.14098480176614, 7.562313186650589, 1.4482026796959158, 7.654532142404563, 0.6700268364331519, 7.782549840525767, 732);
2022-10-10 13:48:04.763  INFO 3923 --- [    Test worker] p6spy                                    : #1665377284763 | took 0ms | statement | connection 27| url jdbc:h2:mem:6a3784ae-1aa6-4bbf-b617-4d4aeabcc2af
insert into picture (spot_id, url, picture_id) values (?, ?, ?)
insert into picture (spot_id, url, picture_id) values (NULL, 'java.io.StringReader@3b4db49b', 2981);
2022-10-10 13:48:04.763  INFO 3923 --- [    Test worker] p6spy                                    : #1665377284763 | took 0ms | statement | connection 27| url jdbc:h2:mem:6a3784ae-1aa6-4bbf-b617-4d4aeabcc2af
insert into picture (spot_id, url, picture_id) values (?, ?, ?)
insert into picture (spot_id, url, picture_id) values (NULL, 'java.io.StringReader@351bd548', 2982);
2022-10-10 13:48:04.763  INFO 3923 --- [    Test worker] p6spy                                    : #1665377284763 | took 0ms | statement | connection 27| url jdbc:h2:mem:6a3784ae-1aa6-4bbf-b617-4d4aeabcc2af
insert into picture (spot_id, url, picture_id) values (?, ?, ?)
insert into picture (spot_id, url, picture_id) values (NULL, 'java.io.StringReader@601a662b', 2983);
2022-10-10 13:48:04.763  INFO 3923 --- [    Test worker] p6spy                                    : #1665377284763 | took 0ms | statement | connection 27| url jdbc:h2:mem:6a3784ae-1aa6-4bbf-b617-4d4aeabcc2af
insert into spot (address, description, location, name, score_id, spot_id) values (?, ?, ?, ?, ?, ?)
insert into spot (address, description, location, name, score_id, spot_id) values (NULL, NULL, 'Aewol_eup', NULL, 732, 798);
2022-10-10 13:48:04.763  INFO 3923 --- [    Test worker] p6spy                                    : #1665377284763 | took 0ms | statement | connection 27| url jdbc:h2:mem:6a3784ae-1aa6-4bbf-b617-4d4aeabcc2af
insert into member_spot (member_id, score, spot_id, member_spot_id) values (?, ?, ?, ?)
insert into member_spot (member_id, score, spot_id, member_spot_id) values (23, 0.0, 798, 2984);
2022-10-10 13:48:04.763  INFO 3923 --- [    Test worker] p6spy                                    : #1665377284763 | took 0ms | statement | connection 27| url jdbc:h2:mem:6a3784ae-1aa6-4bbf-b617-4d4aeabcc2af
insert into review (content, spot_id, review_id) values (?, ?, ?)
insert into review (content, spot_id, review_id) values ('java.io.StringReader@1f493052', 769, 734);
2022-10-10 13:48:04.763  INFO 3923 --- [    Test worker] p6spy                                    : #1665377284763 | took 0ms | statement | connection 27| url jdbc:h2:mem:6a3784ae-1aa6-4bbf-b617-4d4aeabcc2af
insert into score (facility_rank, facility_score, price_rank, price_score, rank_average, surround_rank, surround_score, view_rank, view_score, score_id) values (?, ?, ?, ?, ?, ?, ?, ?, ?, ?)
insert into score (facility_rank, facility_score, price_rank, price_score, rank_average, surround_rank, surround_score, view_rank, view_score, score_id) values (0.26192722144156244, 0.03689815417689535, 4.426908463322246, 3.6011282814503254, 0.6909083134974048, 7.319835628195306, 3.2461136372849673, 3.376810257531803, 3.7649799429436426, 733);
2022-10-10 13:48:04.763  INFO 3923 --- [    Test worker] p6spy                                    : #1665377284763 | took 0ms | statement | connection 27| url jdbc:h2:mem:6a3784ae-1aa6-4bbf-b617-4d4aeabcc2af
insert into picture (spot_id, url, picture_id) values (?, ?, ?)
insert into picture (spot_id, url, picture_id) values (NULL, 'java.io.StringReader@6114f8f3', 2985);
2022-10-10 13:48:04.763  INFO 3923 --- [    Test worker] p6spy                                    : #1665377284763 | took 0ms | statement | connection 27| url jdbc:h2:mem:6a3784ae-1aa6-4bbf-b617-4d4aeabcc2af
insert into picture (spot_id, url, picture_id) values (?, ?, ?)
insert into picture (spot_id, url, picture_id) values (NULL, 'java.io.StringReader@7f5b0ae0', 2986);
2022-10-10 13:48:04.763  INFO 3923 --- [    Test worker] p6spy                                    : #1665377284763 | took 0ms | statement | connection 27| url jdbc:h2:mem:6a3784ae-1aa6-4bbf-b617-4d4aeabcc2af
insert into picture (spot_id, url, picture_id) values (?, ?, ?)
insert into picture (spot_id, url, picture_id) values (NULL, 'java.io.StringReader@4dc55105', 2987);
2022-10-10 13:48:04.763  INFO 3923 --- [    Test worker] p6spy                                    : #1665377284763 | took 0ms | statement | connection 27| url jdbc:h2:mem:6a3784ae-1aa6-4bbf-b617-4d4aeabcc2af
insert into spot (address, description, location, name, score_id, spot_id) values (?, ?, ?, ?, ?, ?)
insert into spot (address, description, location, name, score_id, spot_id) values (NULL, NULL, 'Aewol_eup', NULL, 733, 799);
2022-10-10 13:48:04.763  INFO 3923 --- [    Test worker] p6spy                                    : #1665377284763 | took 0ms | statement | connection 27| url jdbc:h2:mem:6a3784ae-1aa6-4bbf-b617-4d4aeabcc2af
insert into member_spot (member_id, score, spot_id, member_spot_id) values (?, ?, ?, ?)
insert into member_spot (member_id, score, spot_id, member_spot_id) values (23, 0.0, 799, 2988);
2022-10-10 13:48:04.763  INFO 3923 --- [    Test worker] p6spy                                    : #1665377284763 | took 0ms | statement | connection 27| url jdbc:h2:mem:6a3784ae-1aa6-4bbf-b617-4d4aeabcc2af
insert into review (content, spot_id, review_id) values (?, ?, ?)
insert into review (content, spot_id, review_id) values ('java.io.StringReader@1dccf538', 769, 735);
2022-10-10 13:48:04.763  INFO 3923 --- [    Test worker] p6spy                                    : #1665377284763 | took 0ms | statement | connection 27| url jdbc:h2:mem:6a3784ae-1aa6-4bbf-b617-4d4aeabcc2af
insert into favorite_spot (count, favorite_id, spot_id, favorite_spot_id) values (?, ?, ?, ?)
insert into favorite_spot (count, favorite_id, spot_id, favorite_spot_id) values (0, 42, 799, 542);
2022-10-10 13:48:04.763  INFO 3923 --- [    Test worker] p6spy                                    : #1665377284763 | took 0ms | statement | connection 27| url jdbc:h2:mem:6a3784ae-1aa6-4bbf-b617-4d4aeabcc2af
insert into score (facility_rank, facility_score, price_rank, price_score, rank_average, surround_rank, surround_score, view_rank, view_score, score_id) values (?, ?, ?, ?, ?, ?, ?, ?, ?, ?)
insert into score (facility_rank, facility_score, price_rank, price_score, rank_average, surround_rank, surround_score, view_rank, view_score, score_id) values (9.358865500654195, 5.253052437905912, 8.558691417854678, 3.220350746541938, 1.158609022977689, 5.9778271517978165, 5.668714264324109, 1.2661105141251427, 6.868556096267795, 734);
2022-10-10 13:48:04.763  INFO 3923 --- [    Test worker] p6spy                                    : #1665377284763 | took 0ms | statement | connection 27| url jdbc:h2:mem:6a3784ae-1aa6-4bbf-b617-4d4aeabcc2af
insert into picture (spot_id, url, picture_id) values (?, ?, ?)
insert into picture (spot_id, url, picture_id) values (NULL, 'java.io.StringReader@1273a630', 2989);
2022-10-10 13:48:04.763  INFO 3923 --- [    Test worker] p6spy                                    : #1665377284763 | took 0ms | statement | connection 27| url jdbc:h2:mem:6a3784ae-1aa6-4bbf-b617-4d4aeabcc2af
insert into picture (spot_id, url, picture_id) values (?, ?, ?)
insert into picture (spot_id, url, picture_id) values (NULL, 'java.io.StringReader@4db064d6', 2990);
2022-10-10 13:48:04.763  INFO 3923 --- [    Test worker] p6spy                                    : #1665377284763 | took 0ms | statement | connection 27| url jdbc:h2:mem:6a3784ae-1aa6-4bbf-b617-4d4aeabcc2af
insert into picture (spot_id, url, picture_id) values (?, ?, ?)
insert into picture (spot_id, url, picture_id) values (NULL, 'java.io.StringReader@32d59e5f', 2991);
2022-10-10 13:48:04.763  INFO 3923 --- [    Test worker] p6spy                                    : #1665377284763 | took 0ms | statement | connection 27| url jdbc:h2:mem:6a3784ae-1aa6-4bbf-b617-4d4aeabcc2af
insert into spot (address, description, location, name, score_id, spot_id) values (?, ?, ?, ?, ?, ?)
insert into spot (address, description, location, name, score_id, spot_id) values (NULL, NULL, 'Aewol_eup', NULL, 734, 800);
2022-10-10 13:48:04.763  INFO 3923 --- [    Test worker] p6spy                                    : #1665377284763 | took 0ms | statement | connection 27| url jdbc:h2:mem:6a3784ae-1aa6-4bbf-b617-4d4aeabcc2af
insert into member_spot (member_id, score, spot_id, member_spot_id) values (?, ?, ?, ?)
insert into member_spot (member_id, score, spot_id, member_spot_id) values (23, 0.0, 800, 2992);
2022-10-10 13:48:04.763  INFO 3923 --- [    Test worker] p6spy                                    : #1665377284763 | took 0ms | statement | connection 27| url jdbc:h2:mem:6a3784ae-1aa6-4bbf-b617-4d4aeabcc2af
insert into review (content, spot_id, review_id) values (?, ?, ?)
insert into review (content, spot_id, review_id) values ('java.io.StringReader@2f6a8e22', 769, 736);
2022-10-10 13:48:04.763  INFO 3923 --- [    Test worker] p6spy                                    : #1665377284763 | took 0ms | statement | connection 27| url jdbc:h2:mem:6a3784ae-1aa6-4bbf-b617-4d4aeabcc2af
insert into score (facility_rank, facility_score, price_rank, price_score, rank_average, surround_rank, surround_score, view_rank, view_score, score_id) values (?, ?, ?, ?, ?, ?, ?, ?, ?, ?)
insert into score (facility_rank, facility_score, price_rank, price_score, rank_average, surround_rank, surround_score, view_rank, view_score, score_id) values (8.21510490440435, 8.636662340707833, 2.357410874377507, 0.47282359894869175, 2.603665980906565, 9.518613109434424, 7.594693532918534, 1.2936689420410041, 6.646342678444512, 735);
2022-10-10 13:48:04.763  INFO 3923 --- [    Test worker] p6spy                                    : #1665377284763 | took 0ms | statement | connection 27| url jdbc:h2:mem:6a3784ae-1aa6-4bbf-b617-4d4aeabcc2af
insert into picture (spot_id, url, picture_id) values (?, ?, ?)
insert into picture (spot_id, url, picture_id) values (NULL, 'java.io.StringReader@60dd2479', 2993);
2022-10-10 13:48:04.764  INFO 3923 --- [    Test worker] p6spy                                    : #1665377284764 | took 0ms | statement | connection 27| url jdbc:h2:mem:6a3784ae-1aa6-4bbf-b617-4d4aeabcc2af
insert into picture (spot_id, url, picture_id) values (?, ?, ?)
insert into picture (spot_id, url, picture_id) values (NULL, 'java.io.StringReader@31f0bd3b', 2994);
2022-10-10 13:48:04.764  INFO 3923 --- [    Test worker] p6spy                                    : #1665377284764 | took 0ms | statement | connection 27| url jdbc:h2:mem:6a3784ae-1aa6-4bbf-b617-4d4aeabcc2af
insert into picture (spot_id, url, picture_id) values (?, ?, ?)
insert into picture (spot_id, url, picture_id) values (NULL, 'java.io.StringReader@6200eedd', 2995);
2022-10-10 13:48:04.764  INFO 3923 --- [    Test worker] p6spy                                    : #1665377284764 | took 0ms | statement | connection 27| url jdbc:h2:mem:6a3784ae-1aa6-4bbf-b617-4d4aeabcc2af
insert into spot (address, description, location, name, score_id, spot_id) values (?, ?, ?, ?, ?, ?)
insert into spot (address, description, location, name, score_id, spot_id) values (NULL, NULL, 'Aewol_eup', NULL, 735, 801);
2022-10-10 13:48:04.764  INFO 3923 --- [    Test worker] p6spy                                    : #1665377284764 | took 0ms | statement | connection 27| url jdbc:h2:mem:6a3784ae-1aa6-4bbf-b617-4d4aeabcc2af
insert into member_spot (member_id, score, spot_id, member_spot_id) values (?, ?, ?, ?)
insert into member_spot (member_id, score, spot_id, member_spot_id) values (23, 0.0, 801, 2996);
2022-10-10 13:48:04.764  INFO 3923 --- [    Test worker] p6spy                                    : #1665377284764 | took 0ms | statement | connection 27| url jdbc:h2:mem:6a3784ae-1aa6-4bbf-b617-4d4aeabcc2af
insert into review (content, spot_id, review_id) values (?, ?, ?)
insert into review (content, spot_id, review_id) values ('java.io.StringReader@16d8e7a9', 769, 737);
2022-10-10 13:48:04.764  INFO 3923 --- [    Test worker] p6spy                                    : #1665377284764 | took 0ms | statement | connection 27| url jdbc:h2:mem:6a3784ae-1aa6-4bbf-b617-4d4aeabcc2af
insert into favorite_spot (count, favorite_id, spot_id, favorite_spot_id) values (?, ?, ?, ?)
insert into favorite_spot (count, favorite_id, spot_id, favorite_spot_id) values (0, 42, 801, 543);
2022-10-10 13:48:04.764  INFO 3923 --- [    Test worker] p6spy                                    : #1665377284764 | took 0ms | statement | connection 27| url jdbc:h2:mem:6a3784ae-1aa6-4bbf-b617-4d4aeabcc2af
insert into score (facility_rank, facility_score, price_rank, price_score, rank_average, surround_rank, surround_score, view_rank, view_score, score_id) values (?, ?, ?, ?, ?, ?, ?, ?, ?, ?)
insert into score (facility_rank, facility_score, price_rank, price_score, rank_average, surround_rank, surround_score, view_rank, view_score, score_id) values (2.492522116045416, 9.083042833464567, 5.802617651338826, 2.851161933046046, 1.4261445323832267, 8.549148185368121, 2.3797854341936118, 1.5752302912093508, 8.47774547008892, 736);
2022-10-10 13:48:04.764  INFO 3923 --- [    Test worker] p6spy                                    : #1665377284764 | took 0ms | statement | connection 27| url jdbc:h2:mem:6a3784ae-1aa6-4bbf-b617-4d4aeabcc2af
insert into picture (spot_id, url, picture_id) values (?, ?, ?)
insert into picture (spot_id, url, picture_id) values (NULL, 'java.io.StringReader@2be2be89', 2997);
2022-10-10 13:48:04.764  INFO 3923 --- [    Test worker] p6spy                                    : #1665377284764 | took 0ms | statement | connection 27| url jdbc:h2:mem:6a3784ae-1aa6-4bbf-b617-4d4aeabcc2af
insert into picture (spot_id, url, picture_id) values (?, ?, ?)
insert into picture (spot_id, url, picture_id) values (NULL, 'java.io.StringReader@2642e189', 2998);
2022-10-10 13:48:04.764  INFO 3923 --- [    Test worker] p6spy                                    : #1665377284764 | took 0ms | statement | connection 27| url jdbc:h2:mem:6a3784ae-1aa6-4bbf-b617-4d4aeabcc2af
insert into picture (spot_id, url, picture_id) values (?, ?, ?)
insert into picture (spot_id, url, picture_id) values (NULL, 'java.io.StringReader@6b5dc75d', 2999);
2022-10-10 13:48:04.764  INFO 3923 --- [    Test worker] p6spy                                    : #1665377284764 | took 0ms | statement | connection 27| url jdbc:h2:mem:6a3784ae-1aa6-4bbf-b617-4d4aeabcc2af
insert into spot (address, description, location, name, score_id, spot_id) values (?, ?, ?, ?, ?, ?)
insert into spot (address, description, location, name, score_id, spot_id) values (NULL, NULL, 'Aewol_eup', NULL, 736, 802);
2022-10-10 13:48:04.764  INFO 3923 --- [    Test worker] p6spy                                    : #1665377284764 | took 0ms | statement | connection 27| url jdbc:h2:mem:6a3784ae-1aa6-4bbf-b617-4d4aeabcc2af
insert into member_spot (member_id, score, spot_id, member_spot_id) values (?, ?, ?, ?)
insert into member_spot (member_id, score, spot_id, member_spot_id) values (23, 0.0, 802, 3000);
2022-10-10 13:48:04.764  INFO 3923 --- [    Test worker] p6spy                                    : #1665377284764 | took 0ms | statement | connection 27| url jdbc:h2:mem:6a3784ae-1aa6-4bbf-b617-4d4aeabcc2af
insert into review (content, spot_id, review_id) values (?, ?, ?)
insert into review (content, spot_id, review_id) values ('java.io.StringReader@559b99fe', 769, 738);
2022-10-10 13:48:04.764  INFO 3923 --- [    Test worker] p6spy                                    : #1665377284764 | took 0ms | statement | connection 27| url jdbc:h2:mem:6a3784ae-1aa6-4bbf-b617-4d4aeabcc2af
insert into score (facility_rank, facility_score, price_rank, price_score, rank_average, surround_rank, surround_score, view_rank, view_score, score_id) values (?, ?, ?, ?, ?, ?, ?, ?, ?, ?)
insert into score (facility_rank, facility_score, price_rank, price_score, rank_average, surround_rank, surround_score, view_rank, view_score, score_id) values (5.238359950167295, 5.982747371477154, 4.031415860521587, 1.6914854341794716, 3.289126724596707, 0.4742456770849435, 8.693755071340995, 5.614902710125781, 6.8630603619978805, 737);
2022-10-10 13:48:04.764  INFO 3923 --- [    Test worker] p6spy                                    : #1665377284764 | took 0ms | statement | connection 27| url jdbc:h2:mem:6a3784ae-1aa6-4bbf-b617-4d4aeabcc2af
insert into picture (spot_id, url, picture_id) values (?, ?, ?)
insert into picture (spot_id, url, picture_id) values (NULL, 'java.io.StringReader@30d58a0a', 3001);
2022-10-10 13:48:04.764  INFO 3923 --- [    Test worker] p6spy                                    : #1665377284764 | took 0ms | statement | connection 27| url jdbc:h2:mem:6a3784ae-1aa6-4bbf-b617-4d4aeabcc2af
insert into picture (spot_id, url, picture_id) values (?, ?, ?)
insert into picture (spot_id, url, picture_id) values (NULL, 'java.io.StringReader@a22f369', 3002);
2022-10-10 13:48:04.764  INFO 3923 --- [    Test worker] p6spy                                    : #1665377284764 | took 0ms | statement | connection 27| url jdbc:h2:mem:6a3784ae-1aa6-4bbf-b617-4d4aeabcc2af
insert into picture (spot_id, url, picture_id) values (?, ?, ?)
insert into picture (spot_id, url, picture_id) values (NULL, 'java.io.StringReader@4eba5ef', 3003);
2022-10-10 13:48:04.764  INFO 3923 --- [    Test worker] p6spy                                    : #1665377284764 | took 0ms | statement | connection 27| url jdbc:h2:mem:6a3784ae-1aa6-4bbf-b617-4d4aeabcc2af
insert into spot (address, description, location, name, score_id, spot_id) values (?, ?, ?, ?, ?, ?)
insert into spot (address, description, location, name, score_id, spot_id) values (NULL, NULL, 'Aewol_eup', NULL, 737, 803);
2022-10-10 13:48:04.764  INFO 3923 --- [    Test worker] p6spy                                    : #1665377284764 | took 0ms | statement | connection 27| url jdbc:h2:mem:6a3784ae-1aa6-4bbf-b617-4d4aeabcc2af
insert into member_spot (member_id, score, spot_id, member_spot_id) values (?, ?, ?, ?)
insert into member_spot (member_id, score, spot_id, member_spot_id) values (23, 0.0, 803, 3004);
2022-10-10 13:48:04.764  INFO 3923 --- [    Test worker] p6spy                                    : #1665377284764 | took 0ms | statement | connection 27| url jdbc:h2:mem:6a3784ae-1aa6-4bbf-b617-4d4aeabcc2af
insert into review (content, spot_id, review_id) values (?, ?, ?)
insert into review (content, spot_id, review_id) values ('java.io.StringReader@3670a4bf', 769, 739);
2022-10-10 13:48:04.764  INFO 3923 --- [    Test worker] p6spy                                    : #1665377284764 | took 0ms | statement | connection 27| url jdbc:h2:mem:6a3784ae-1aa6-4bbf-b617-4d4aeabcc2af
insert into favorite_spot (count, favorite_id, spot_id, favorite_spot_id) values (?, ?, ?, ?)
insert into favorite_spot (count, favorite_id, spot_id, favorite_spot_id) values (0, 42, 803, 544);
2022-10-10 13:48:04.764  INFO 3923 --- [    Test worker] p6spy                                    : #1665377284764 | took 0ms | statement | connection 27| url jdbc:h2:mem:6a3784ae-1aa6-4bbf-b617-4d4aeabcc2af
insert into score (facility_rank, facility_score, price_rank, price_score, rank_average, surround_rank, surround_score, view_rank, view_score, score_id) values (?, ?, ?, ?, ?, ?, ?, ?, ?, ?)
insert into score (facility_rank, facility_score, price_rank, price_score, rank_average, surround_rank, surround_score, view_rank, view_score, score_id) values (3.312181263084933, 1.1496099409998228, 6.134696474450535, 1.1213497939689743, 1.7321724883945233, 9.657936283847977, 7.331230878148905, 8.178747612724173, 2.901507091167784, 738);
2022-10-10 13:48:04.764  INFO 3923 --- [    Test worker] p6spy                                    : #1665377284764 | took 0ms | statement | connection 27| url jdbc:h2:mem:6a3784ae-1aa6-4bbf-b617-4d4aeabcc2af
insert into picture (spot_id, url, picture_id) values (?, ?, ?)
insert into picture (spot_id, url, picture_id) values (NULL, 'java.io.StringReader@2fd4527e', 3005);
2022-10-10 13:48:04.764  INFO 3923 --- [    Test worker] p6spy                                    : #1665377284764 | took 0ms | statement | connection 27| url jdbc:h2:mem:6a3784ae-1aa6-4bbf-b617-4d4aeabcc2af
insert into picture (spot_id, url, picture_id) values (?, ?, ?)
insert into picture (spot_id, url, picture_id) values (NULL, 'java.io.StringReader@61e576a9', 3006);
2022-10-10 13:48:04.764  INFO 3923 --- [    Test worker] p6spy                                    : #1665377284764 | took 0ms | statement | connection 27| url jdbc:h2:mem:6a3784ae-1aa6-4bbf-b617-4d4aeabcc2af
insert into picture (spot_id, url, picture_id) values (?, ?, ?)
insert into picture (spot_id, url, picture_id) values (NULL, 'java.io.StringReader@44858e4', 3007);
2022-10-10 13:48:04.764  INFO 3923 --- [    Test worker] p6spy                                    : #1665377284764 | took 0ms | statement | connection 27| url jdbc:h2:mem:6a3784ae-1aa6-4bbf-b617-4d4aeabcc2af
insert into spot (address, description, location, name, score_id, spot_id) values (?, ?, ?, ?, ?, ?)
insert into spot (address, description, location, name, score_id, spot_id) values (NULL, NULL, 'Aewol_eup', NULL, 738, 804);
2022-10-10 13:48:04.764  INFO 3923 --- [    Test worker] p6spy                                    : #1665377284764 | took 0ms | statement | connection 27| url jdbc:h2:mem:6a3784ae-1aa6-4bbf-b617-4d4aeabcc2af
insert into member_spot (member_id, score, spot_id, member_spot_id) values (?, ?, ?, ?)
insert into member_spot (member_id, score, spot_id, member_spot_id) values (23, 0.0, 804, 3008);
2022-10-10 13:48:04.764  INFO 3923 --- [    Test worker] p6spy                                    : #1665377284764 | took 0ms | statement | connection 27| url jdbc:h2:mem:6a3784ae-1aa6-4bbf-b617-4d4aeabcc2af
insert into review (content, spot_id, review_id) values (?, ?, ?)
insert into review (content, spot_id, review_id) values ('java.io.StringReader@7ab7451d', 769, 740);
2022-10-10 13:48:04.764  INFO 3923 --- [    Test worker] p6spy                                    : #1665377284764 | took 0ms | statement | connection 27| url jdbc:h2:mem:6a3784ae-1aa6-4bbf-b617-4d4aeabcc2af
insert into score (facility_rank, facility_score, price_rank, price_score, rank_average, surround_rank, surround_score, view_rank, view_score, score_id) values (?, ?, ?, ?, ?, ?, ?, ?, ?, ?)
insert into score (facility_rank, facility_score, price_rank, price_score, rank_average, surround_rank, surround_score, view_rank, view_score, score_id) values (5.7773303594597705, 5.061034300482971, 9.463558626028686, 3.127970837194418, 9.575049916216487, 1.8689136730425282, 7.69036397399838, 6.760450564122107, 1.6760474665758884, 739);
2022-10-10 13:48:04.764  INFO 3923 --- [    Test worker] p6spy                                    : #1665377284764 | took 0ms | statement | connection 27| url jdbc:h2:mem:6a3784ae-1aa6-4bbf-b617-4d4aeabcc2af
insert into picture (spot_id, url, picture_id) values (?, ?, ?)
insert into picture (spot_id, url, picture_id) values (NULL, 'java.io.StringReader@3a5b84bb', 3009);
2022-10-10 13:48:04.764  INFO 3923 --- [    Test worker] p6spy                                    : #1665377284764 | took 0ms | statement | connection 27| url jdbc:h2:mem:6a3784ae-1aa6-4bbf-b617-4d4aeabcc2af
insert into picture (spot_id, url, picture_id) values (?, ?, ?)
insert into picture (spot_id, url, picture_id) values (NULL, 'java.io.StringReader@131ae3a7', 3010);
2022-10-10 13:48:04.764  INFO 3923 --- [    Test worker] p6spy                                    : #1665377284764 | took 0ms | statement | connection 27| url jdbc:h2:mem:6a3784ae-1aa6-4bbf-b617-4d4aeabcc2af
insert into picture (spot_id, url, picture_id) values (?, ?, ?)
insert into picture (spot_id, url, picture_id) values (NULL, 'java.io.StringReader@539fdff0', 3011);
2022-10-10 13:48:04.764  INFO 3923 --- [    Test worker] p6spy                                    : #1665377284764 | took 0ms | statement | connection 27| url jdbc:h2:mem:6a3784ae-1aa6-4bbf-b617-4d4aeabcc2af
insert into spot (address, description, location, name, score_id, spot_id) values (?, ?, ?, ?, ?, ?)
insert into spot (address, description, location, name, score_id, spot_id) values (NULL, NULL, 'Aewol_eup', NULL, 739, 805);
2022-10-10 13:48:04.764  INFO 3923 --- [    Test worker] p6spy                                    : #1665377284764 | took 0ms | statement | connection 27| url jdbc:h2:mem:6a3784ae-1aa6-4bbf-b617-4d4aeabcc2af
insert into member_spot (member_id, score, spot_id, member_spot_id) values (?, ?, ?, ?)
insert into member_spot (member_id, score, spot_id, member_spot_id) values (23, 0.0, 805, 3012);
2022-10-10 13:48:04.764  INFO 3923 --- [    Test worker] p6spy                                    : #1665377284764 | took 0ms | statement | connection 27| url jdbc:h2:mem:6a3784ae-1aa6-4bbf-b617-4d4aeabcc2af
insert into review (content, spot_id, review_id) values (?, ?, ?)
insert into review (content, spot_id, review_id) values ('java.io.StringReader@6c4d1aaf', 769, 741);
2022-10-10 13:48:04.764  INFO 3923 --- [    Test worker] p6spy                                    : #1665377284764 | took 0ms | statement | connection 27| url jdbc:h2:mem:6a3784ae-1aa6-4bbf-b617-4d4aeabcc2af
insert into favorite_spot (count, favorite_id, spot_id, favorite_spot_id) values (?, ?, ?, ?)
insert into favorite_spot (count, favorite_id, spot_id, favorite_spot_id) values (0, 42, 805, 545);
2022-10-10 13:48:04.764  INFO 3923 --- [    Test worker] p6spy                                    : #1665377284764 | took 0ms | statement | connection 27| url jdbc:h2:mem:6a3784ae-1aa6-4bbf-b617-4d4aeabcc2af
insert into score (facility_rank, facility_score, price_rank, price_score, rank_average, surround_rank, surround_score, view_rank, view_score, score_id) values (?, ?, ?, ?, ?, ?, ?, ?, ?, ?)
insert into score (facility_rank, facility_score, price_rank, price_score, rank_average, surround_rank, surround_score, view_rank, view_score, score_id) values (9.262184511813727, 0.8458647484700177, 4.848612340843109, 5.791165266832392, 9.895183892208635, 3.5583093181480905, 9.526680375805892, 6.888622464674814, 0.30823975232133205, 740);
2022-10-10 13:48:04.764  INFO 3923 --- [    Test worker] p6spy                                    : #1665377284764 | took 0ms | statement | connection 27| url jdbc:h2:mem:6a3784ae-1aa6-4bbf-b617-4d4aeabcc2af
insert into picture (spot_id, url, picture_id) values (?, ?, ?)
insert into picture (spot_id, url, picture_id) values (NULL, 'java.io.StringReader@54f21902', 3013);
2022-10-10 13:48:04.764  INFO 3923 --- [    Test worker] p6spy                                    : #1665377284764 | took 0ms | statement | connection 27| url jdbc:h2:mem:6a3784ae-1aa6-4bbf-b617-4d4aeabcc2af
insert into picture (spot_id, url, picture_id) values (?, ?, ?)
insert into picture (spot_id, url, picture_id) values (NULL, 'java.io.StringReader@22aabd', 3014);
2022-10-10 13:48:04.764  INFO 3923 --- [    Test worker] p6spy                                    : #1665377284764 | took 0ms | statement | connection 27| url jdbc:h2:mem:6a3784ae-1aa6-4bbf-b617-4d4aeabcc2af
insert into picture (spot_id, url, picture_id) values (?, ?, ?)
insert into picture (spot_id, url, picture_id) values (NULL, 'java.io.StringReader@483ff5b3', 3015);
2022-10-10 13:48:04.764  INFO 3923 --- [    Test worker] p6spy                                    : #1665377284764 | took 0ms | statement | connection 27| url jdbc:h2:mem:6a3784ae-1aa6-4bbf-b617-4d4aeabcc2af
insert into spot (address, description, location, name, score_id, spot_id) values (?, ?, ?, ?, ?, ?)
insert into spot (address, description, location, name, score_id, spot_id) values (NULL, NULL, 'Aewol_eup', NULL, 740, 806);
2022-10-10 13:48:04.765  INFO 3923 --- [    Test worker] p6spy                                    : #1665377284765 | took 0ms | statement | connection 27| url jdbc:h2:mem:6a3784ae-1aa6-4bbf-b617-4d4aeabcc2af
insert into member_spot (member_id, score, spot_id, member_spot_id) values (?, ?, ?, ?)
insert into member_spot (member_id, score, spot_id, member_spot_id) values (23, 0.0, 806, 3016);
2022-10-10 13:48:04.765  INFO 3923 --- [    Test worker] p6spy                                    : #1665377284765 | took 0ms | statement | connection 27| url jdbc:h2:mem:6a3784ae-1aa6-4bbf-b617-4d4aeabcc2af
insert into review (content, spot_id, review_id) values (?, ?, ?)
insert into review (content, spot_id, review_id) values ('java.io.StringReader@2f5b7201', 769, 742);
2022-10-10 13:48:04.765  INFO 3923 --- [    Test worker] p6spy                                    : #1665377284765 | took 0ms | statement | connection 27| url jdbc:h2:mem:6a3784ae-1aa6-4bbf-b617-4d4aeabcc2af
insert into score (facility_rank, facility_score, price_rank, price_score, rank_average, surround_rank, surround_score, view_rank, view_score, score_id) values (?, ?, ?, ?, ?, ?, ?, ?, ?, ?)
insert into score (facility_rank, facility_score, price_rank, price_score, rank_average, surround_rank, surround_score, view_rank, view_score, score_id) values (6.980625999337681, 9.855154783408471, 7.474607341859577, 2.506327661125911, 1.7705205296963333, 9.214761290562173, 8.500256731686525, 2.2305025350375143, 1.4087496013674394, 741);
2022-10-10 13:48:04.765  INFO 3923 --- [    Test worker] p6spy                                    : #1665377284765 | took 0ms | statement | connection 27| url jdbc:h2:mem:6a3784ae-1aa6-4bbf-b617-4d4aeabcc2af
insert into picture (spot_id, url, picture_id) values (?, ?, ?)
insert into picture (spot_id, url, picture_id) values (NULL, 'java.io.StringReader@698f7dba', 3017);
2022-10-10 13:48:04.765  INFO 3923 --- [    Test worker] p6spy                                    : #1665377284765 | took 0ms | statement | connection 27| url jdbc:h2:mem:6a3784ae-1aa6-4bbf-b617-4d4aeabcc2af
insert into picture (spot_id, url, picture_id) values (?, ?, ?)
insert into picture (spot_id, url, picture_id) values (NULL, 'java.io.StringReader@21e4a011', 3018);
2022-10-10 13:48:04.765  INFO 3923 --- [    Test worker] p6spy                                    : #1665377284765 | took 0ms | statement | connection 27| url jdbc:h2:mem:6a3784ae-1aa6-4bbf-b617-4d4aeabcc2af
insert into picture (spot_id, url, picture_id) values (?, ?, ?)
insert into picture (spot_id, url, picture_id) values (NULL, 'java.io.StringReader@284fcdca', 3019);
2022-10-10 13:48:04.765  INFO 3923 --- [    Test worker] p6spy                                    : #1665377284765 | took 0ms | statement | connection 27| url jdbc:h2:mem:6a3784ae-1aa6-4bbf-b617-4d4aeabcc2af
insert into spot (address, description, location, name, score_id, spot_id) values (?, ?, ?, ?, ?, ?)
insert into spot (address, description, location, name, score_id, spot_id) values (NULL, NULL, 'Aewol_eup', NULL, 741, 807);
2022-10-10 13:48:04.765  INFO 3923 --- [    Test worker] p6spy                                    : #1665377284765 | took 0ms | statement | connection 27| url jdbc:h2:mem:6a3784ae-1aa6-4bbf-b617-4d4aeabcc2af
insert into member_spot (member_id, score, spot_id, member_spot_id) values (?, ?, ?, ?)
insert into member_spot (member_id, score, spot_id, member_spot_id) values (23, 0.0, 807, 3020);
2022-10-10 13:48:04.765  INFO 3923 --- [    Test worker] p6spy                                    : #1665377284765 | took 0ms | statement | connection 27| url jdbc:h2:mem:6a3784ae-1aa6-4bbf-b617-4d4aeabcc2af
insert into review (content, spot_id, review_id) values (?, ?, ?)
insert into review (content, spot_id, review_id) values ('java.io.StringReader@2b840f45', 769, 743);
2022-10-10 13:48:04.765  INFO 3923 --- [    Test worker] p6spy                                    : #1665377284765 | took 0ms | statement | connection 27| url jdbc:h2:mem:6a3784ae-1aa6-4bbf-b617-4d4aeabcc2af
insert into favorite_spot (count, favorite_id, spot_id, favorite_spot_id) values (?, ?, ?, ?)
insert into favorite_spot (count, favorite_id, spot_id, favorite_spot_id) values (0, 42, 807, 546);
2022-10-10 13:48:04.765  INFO 3923 --- [    Test worker] p6spy                                    : #1665377284765 | took 0ms | statement | connection 27| url jdbc:h2:mem:6a3784ae-1aa6-4bbf-b617-4d4aeabcc2af
insert into score (facility_rank, facility_score, price_rank, price_score, rank_average, surround_rank, surround_score, view_rank, view_score, score_id) values (?, ?, ?, ?, ?, ?, ?, ?, ?, ?)
insert into score (facility_rank, facility_score, price_rank, price_score, rank_average, surround_rank, surround_score, view_rank, view_score, score_id) values (4.487786977613483, 6.425500088993598, 3.2656115955546317, 0.1116205010877025, 4.007025921869326, 4.197204623875894, 0.6541951064054308, 8.748616630487954, 9.62211480480326, 742);
2022-10-10 13:48:04.765  INFO 3923 --- [    Test worker] p6spy                                    : #1665377284765 | took 0ms | statement | connection 27| url jdbc:h2:mem:6a3784ae-1aa6-4bbf-b617-4d4aeabcc2af
insert into picture (spot_id, url, picture_id) values (?, ?, ?)
insert into picture (spot_id, url, picture_id) values (NULL, 'java.io.StringReader@2b61433f', 3021);
2022-10-10 13:48:04.765  INFO 3923 --- [    Test worker] p6spy                                    : #1665377284765 | took 0ms | statement | connection 27| url jdbc:h2:mem:6a3784ae-1aa6-4bbf-b617-4d4aeabcc2af
insert into picture (spot_id, url, picture_id) values (?, ?, ?)
insert into picture (spot_id, url, picture_id) values (NULL, 'java.io.StringReader@6664a293', 3022);
2022-10-10 13:48:04.765  INFO 3923 --- [    Test worker] p6spy                                    : #1665377284765 | took 0ms | statement | connection 27| url jdbc:h2:mem:6a3784ae-1aa6-4bbf-b617-4d4aeabcc2af
insert into picture (spot_id, url, picture_id) values (?, ?, ?)
insert into picture (spot_id, url, picture_id) values (NULL, 'java.io.StringReader@4897b245', 3023);
2022-10-10 13:48:04.765  INFO 3923 --- [    Test worker] p6spy                                    : #1665377284765 | took 0ms | statement | connection 27| url jdbc:h2:mem:6a3784ae-1aa6-4bbf-b617-4d4aeabcc2af
insert into spot (address, description, location, name, score_id, spot_id) values (?, ?, ?, ?, ?, ?)
insert into spot (address, description, location, name, score_id, spot_id) values (NULL, NULL, 'Aewol_eup', NULL, 742, 808);
2022-10-10 13:48:04.765  INFO 3923 --- [    Test worker] p6spy                                    : #1665377284765 | took 0ms | statement | connection 27| url jdbc:h2:mem:6a3784ae-1aa6-4bbf-b617-4d4aeabcc2af
insert into member_spot (member_id, score, spot_id, member_spot_id) values (?, ?, ?, ?)
insert into member_spot (member_id, score, spot_id, member_spot_id) values (23, 0.0, 808, 3024);
2022-10-10 13:48:04.765  INFO 3923 --- [    Test worker] p6spy                                    : #1665377284765 | took 0ms | statement | connection 27| url jdbc:h2:mem:6a3784ae-1aa6-4bbf-b617-4d4aeabcc2af
insert into review (content, spot_id, review_id) values (?, ?, ?)
insert into review (content, spot_id, review_id) values ('java.io.StringReader@4825c19e', 769, 744);
2022-10-10 13:48:04.765  INFO 3923 --- [    Test worker] p6spy                                    : #1665377284765 | took 0ms | statement | connection 27| url jdbc:h2:mem:6a3784ae-1aa6-4bbf-b617-4d4aeabcc2af
insert into score (facility_rank, facility_score, price_rank, price_score, rank_average, surround_rank, surround_score, view_rank, view_score, score_id) values (?, ?, ?, ?, ?, ?, ?, ?, ?, ?)
insert into score (facility_rank, facility_score, price_rank, price_score, rank_average, surround_rank, surround_score, view_rank, view_score, score_id) values (7.228640540214785, 7.859582581107194, 4.0827049481435305, 1.0595555398204526, 7.742403501410874, 1.1813129276215328, 6.554823405971867, 9.60518548343711, 2.887386303665298, 743);
2022-10-10 13:48:04.765  INFO 3923 --- [    Test worker] p6spy                                    : #1665377284765 | took 0ms | statement | connection 27| url jdbc:h2:mem:6a3784ae-1aa6-4bbf-b617-4d4aeabcc2af
insert into picture (spot_id, url, picture_id) values (?, ?, ?)
insert into picture (spot_id, url, picture_id) values (NULL, 'java.io.StringReader@575362d2', 3025);
2022-10-10 13:48:04.765  INFO 3923 --- [    Test worker] p6spy                                    : #1665377284765 | took 0ms | statement | connection 27| url jdbc:h2:mem:6a3784ae-1aa6-4bbf-b617-4d4aeabcc2af
insert into picture (spot_id, url, picture_id) values (?, ?, ?)
insert into picture (spot_id, url, picture_id) values (NULL, 'java.io.StringReader@7abe6a26', 3026);
2022-10-10 13:48:04.765  INFO 3923 --- [    Test worker] p6spy                                    : #1665377284765 | took 0ms | statement | connection 27| url jdbc:h2:mem:6a3784ae-1aa6-4bbf-b617-4d4aeabcc2af
insert into picture (spot_id, url, picture_id) values (?, ?, ?)
insert into picture (spot_id, url, picture_id) values (NULL, 'java.io.StringReader@73e33ac0', 3027);
2022-10-10 13:48:04.765  INFO 3923 --- [    Test worker] p6spy                                    : #1665377284765 | took 0ms | statement | connection 27| url jdbc:h2:mem:6a3784ae-1aa6-4bbf-b617-4d4aeabcc2af
insert into spot (address, description, location, name, score_id, spot_id) values (?, ?, ?, ?, ?, ?)
insert into spot (address, description, location, name, score_id, spot_id) values (NULL, NULL, 'Aewol_eup', NULL, 743, 809);
2022-10-10 13:48:04.765  INFO 3923 --- [    Test worker] p6spy                                    : #1665377284765 | took 0ms | statement | connection 27| url jdbc:h2:mem:6a3784ae-1aa6-4bbf-b617-4d4aeabcc2af
insert into member_spot (member_id, score, spot_id, member_spot_id) values (?, ?, ?, ?)
insert into member_spot (member_id, score, spot_id, member_spot_id) values (23, 0.0, 809, 3028);
2022-10-10 13:48:04.765  INFO 3923 --- [    Test worker] p6spy                                    : #1665377284765 | took 0ms | statement | connection 27| url jdbc:h2:mem:6a3784ae-1aa6-4bbf-b617-4d4aeabcc2af
insert into review (content, spot_id, review_id) values (?, ?, ?)
insert into review (content, spot_id, review_id) values ('java.io.StringReader@6f5ba4d5', 769, 745);
2022-10-10 13:48:04.765  INFO 3923 --- [    Test worker] p6spy                                    : #1665377284765 | took 0ms | statement | connection 27| url jdbc:h2:mem:6a3784ae-1aa6-4bbf-b617-4d4aeabcc2af
insert into favorite_spot (count, favorite_id, spot_id, favorite_spot_id) values (?, ?, ?, ?)
insert into favorite_spot (count, favorite_id, spot_id, favorite_spot_id) values (0, 42, 809, 547);
2022-10-10 13:48:04.765  INFO 3923 --- [    Test worker] p6spy                                    : #1665377284765 | took 0ms | statement | connection 27| url jdbc:h2:mem:6a3784ae-1aa6-4bbf-b617-4d4aeabcc2af
insert into score (facility_rank, facility_score, price_rank, price_score, rank_average, surround_rank, surround_score, view_rank, view_score, score_id) values (?, ?, ?, ?, ?, ?, ?, ?, ?, ?)
insert into score (facility_rank, facility_score, price_rank, price_score, rank_average, surround_rank, surround_score, view_rank, view_score, score_id) values (2.1796353472083494, 2.3616112366342525, 4.152380992147365, 0.6158820344240168, 1.4563919776390288, 9.05548080096179, 3.7131176310747263, 7.2097206177589594, 5.261010736717014, 744);
2022-10-10 13:48:04.765  INFO 3923 --- [    Test worker] p6spy                                    : #1665377284765 | took 0ms | statement | connection 27| url jdbc:h2:mem:6a3784ae-1aa6-4bbf-b617-4d4aeabcc2af
insert into picture (spot_id, url, picture_id) values (?, ?, ?)
insert into picture (spot_id, url, picture_id) values (NULL, 'java.io.StringReader@10ffa1a4', 3029);
2022-10-10 13:48:04.765  INFO 3923 --- [    Test worker] p6spy                                    : #1665377284765 | took 0ms | statement | connection 27| url jdbc:h2:mem:6a3784ae-1aa6-4bbf-b617-4d4aeabcc2af
insert into picture (spot_id, url, picture_id) values (?, ?, ?)
insert into picture (spot_id, url, picture_id) values (NULL, 'java.io.StringReader@4b9a9206', 3030);
2022-10-10 13:48:04.765  INFO 3923 --- [    Test worker] p6spy                                    : #1665377284765 | took 0ms | statement | connection 27| url jdbc:h2:mem:6a3784ae-1aa6-4bbf-b617-4d4aeabcc2af
insert into picture (spot_id, url, picture_id) values (?, ?, ?)
insert into picture (spot_id, url, picture_id) values (NULL, 'java.io.StringReader@76089c61', 3031);
2022-10-10 13:48:04.765  INFO 3923 --- [    Test worker] p6spy                                    : #1665377284765 | took 0ms | statement | connection 27| url jdbc:h2:mem:6a3784ae-1aa6-4bbf-b617-4d4aeabcc2af
insert into spot (address, description, location, name, score_id, spot_id) values (?, ?, ?, ?, ?, ?)
insert into spot (address, description, location, name, score_id, spot_id) values (NULL, NULL, 'Aewol_eup', NULL, 744, 810);
2022-10-10 13:48:04.765  INFO 3923 --- [    Test worker] p6spy                                    : #1665377284765 | took 0ms | statement | connection 27| url jdbc:h2:mem:6a3784ae-1aa6-4bbf-b617-4d4aeabcc2af
insert into member_spot (member_id, score, spot_id, member_spot_id) values (?, ?, ?, ?)
insert into member_spot (member_id, score, spot_id, member_spot_id) values (23, 0.0, 810, 3032);
2022-10-10 13:48:04.765  INFO 3923 --- [    Test worker] p6spy                                    : #1665377284765 | took 0ms | statement | connection 27| url jdbc:h2:mem:6a3784ae-1aa6-4bbf-b617-4d4aeabcc2af
insert into review (content, spot_id, review_id) values (?, ?, ?)
insert into review (content, spot_id, review_id) values ('java.io.StringReader@6b4f285b', 769, 746);
2022-10-10 13:48:04.765  INFO 3923 --- [    Test worker] p6spy                                    : #1665377284765 | took 0ms | statement | connection 27| url jdbc:h2:mem:6a3784ae-1aa6-4bbf-b617-4d4aeabcc2af
insert into score (facility_rank, facility_score, price_rank, price_score, rank_average, surround_rank, surround_score, view_rank, view_score, score_id) values (?, ?, ?, ?, ?, ?, ?, ?, ?, ?)
insert into score (facility_rank, facility_score, price_rank, price_score, rank_average, surround_rank, surround_score, view_rank, view_score, score_id) values (6.004681488914895, 6.569027815062386, 8.190054498121295, 8.41625234212187, 2.595936342386219, 8.31858224703571, 2.0667110280402667, 9.19206633819145, 5.3082437606976764, 745);
2022-10-10 13:48:04.765  INFO 3923 --- [    Test worker] p6spy                                    : #1665377284765 | took 0ms | statement | connection 27| url jdbc:h2:mem:6a3784ae-1aa6-4bbf-b617-4d4aeabcc2af
insert into picture (spot_id, url, picture_id) values (?, ?, ?)
insert into picture (spot_id, url, picture_id) values (NULL, 'java.io.StringReader@1dd8e1fe', 3033);
2022-10-10 13:48:04.765  INFO 3923 --- [    Test worker] p6spy                                    : #1665377284765 | took 0ms | statement | connection 27| url jdbc:h2:mem:6a3784ae-1aa6-4bbf-b617-4d4aeabcc2af
insert into picture (spot_id, url, picture_id) values (?, ?, ?)
insert into picture (spot_id, url, picture_id) values (NULL, 'java.io.StringReader@16c2ec2a', 3034);
2022-10-10 13:48:04.765  INFO 3923 --- [    Test worker] p6spy                                    : #1665377284765 | took 0ms | statement | connection 27| url jdbc:h2:mem:6a3784ae-1aa6-4bbf-b617-4d4aeabcc2af
insert into picture (spot_id, url, picture_id) values (?, ?, ?)
insert into picture (spot_id, url, picture_id) values (NULL, 'java.io.StringReader@2142e97c', 3035);
2022-10-10 13:48:04.765  INFO 3923 --- [    Test worker] p6spy                                    : #1665377284765 | took 0ms | statement | connection 27| url jdbc:h2:mem:6a3784ae-1aa6-4bbf-b617-4d4aeabcc2af
insert into spot (address, description, location, name, score_id, spot_id) values (?, ?, ?, ?, ?, ?)
insert into spot (address, description, location, name, score_id, spot_id) values (NULL, NULL, 'Aewol_eup', NULL, 745, 811);
2022-10-10 13:48:04.765  INFO 3923 --- [    Test worker] p6spy                                    : #1665377284765 | took 0ms | statement | connection 27| url jdbc:h2:mem:6a3784ae-1aa6-4bbf-b617-4d4aeabcc2af
insert into member_spot (member_id, score, spot_id, member_spot_id) values (?, ?, ?, ?)
insert into member_spot (member_id, score, spot_id, member_spot_id) values (23, 0.0, 811, 3036);
2022-10-10 13:48:04.765  INFO 3923 --- [    Test worker] p6spy                                    : #1665377284765 | took 0ms | statement | connection 27| url jdbc:h2:mem:6a3784ae-1aa6-4bbf-b617-4d4aeabcc2af
insert into review (content, spot_id, review_id) values (?, ?, ?)
insert into review (content, spot_id, review_id) values ('java.io.StringReader@62255858', 769, 747);
2022-10-10 13:48:04.765  INFO 3923 --- [    Test worker] p6spy                                    : #1665377284765 | took 0ms | statement | connection 27| url jdbc:h2:mem:6a3784ae-1aa6-4bbf-b617-4d4aeabcc2af
insert into favorite_spot (count, favorite_id, spot_id, favorite_spot_id) values (?, ?, ?, ?)
insert into favorite_spot (count, favorite_id, spot_id, favorite_spot_id) values (0, 42, 811, 548);
2022-10-10 13:48:04.765  INFO 3923 --- [    Test worker] p6spy                                    : #1665377284765 | took 0ms | statement | connection 27| url jdbc:h2:mem:6a3784ae-1aa6-4bbf-b617-4d4aeabcc2af
insert into score (facility_rank, facility_score, price_rank, price_score, rank_average, surround_rank, surround_score, view_rank, view_score, score_id) values (?, ?, ?, ?, ?, ?, ?, ?, ?, ?)
insert into score (facility_rank, facility_score, price_rank, price_score, rank_average, surround_rank, surround_score, view_rank, view_score, score_id) values (7.466063841269297, 4.192953656342844, 1.6148807063614312, 6.444177850704057, 2.510228513573608, 7.307604978368424, 5.2854240314732115, 7.6142379914742975, 1.4052699882495778, 746);
2022-10-10 13:48:04.765  INFO 3923 --- [    Test worker] p6spy                                    : #1665377284765 | took 0ms | statement | connection 27| url jdbc:h2:mem:6a3784ae-1aa6-4bbf-b617-4d4aeabcc2af
insert into picture (spot_id, url, picture_id) values (?, ?, ?)
insert into picture (spot_id, url, picture_id) values (NULL, 'java.io.StringReader@4c20d050', 3037);
2022-10-10 13:48:04.765  INFO 3923 --- [    Test worker] p6spy                                    : #1665377284765 | took 0ms | statement | connection 27| url jdbc:h2:mem:6a3784ae-1aa6-4bbf-b617-4d4aeabcc2af
insert into picture (spot_id, url, picture_id) values (?, ?, ?)
insert into picture (spot_id, url, picture_id) values (NULL, 'java.io.StringReader@3380b144', 3038);
2022-10-10 13:48:04.765  INFO 3923 --- [    Test worker] p6spy                                    : #1665377284765 | took 0ms | statement | connection 27| url jdbc:h2:mem:6a3784ae-1aa6-4bbf-b617-4d4aeabcc2af
insert into picture (spot_id, url, picture_id) values (?, ?, ?)
insert into picture (spot_id, url, picture_id) values (NULL, 'java.io.StringReader@528185a1', 3039);
2022-10-10 13:48:04.765  INFO 3923 --- [    Test worker] p6spy                                    : #1665377284765 | took 0ms | statement | connection 27| url jdbc:h2:mem:6a3784ae-1aa6-4bbf-b617-4d4aeabcc2af
insert into spot (address, description, location, name, score_id, spot_id) values (?, ?, ?, ?, ?, ?)
insert into spot (address, description, location, name, score_id, spot_id) values (NULL, NULL, 'Aewol_eup', NULL, 746, 812);
2022-10-10 13:48:04.765  INFO 3923 --- [    Test worker] p6spy                                    : #1665377284765 | took 0ms | statement | connection 27| url jdbc:h2:mem:6a3784ae-1aa6-4bbf-b617-4d4aeabcc2af
insert into member_spot (member_id, score, spot_id, member_spot_id) values (?, ?, ?, ?)
insert into member_spot (member_id, score, spot_id, member_spot_id) values (23, 0.0, 812, 3040);
2022-10-10 13:48:04.765  INFO 3923 --- [    Test worker] p6spy                                    : #1665377284765 | took 0ms | statement | connection 27| url jdbc:h2:mem:6a3784ae-1aa6-4bbf-b617-4d4aeabcc2af
insert into review (content, spot_id, review_id) values (?, ?, ?)
insert into review (content, spot_id, review_id) values ('java.io.StringReader@e607253', 769, 748);
2022-10-10 13:48:04.765  INFO 3923 --- [    Test worker] p6spy                                    : #1665377284765 | took 0ms | statement | connection 27| url jdbc:h2:mem:6a3784ae-1aa6-4bbf-b617-4d4aeabcc2af
insert into score (facility_rank, facility_score, price_rank, price_score, rank_average, surround_rank, surround_score, view_rank, view_score, score_id) values (?, ?, ?, ?, ?, ?, ?, ?, ?, ?)
insert into score (facility_rank, facility_score, price_rank, price_score, rank_average, surround_rank, surround_score, view_rank, view_score, score_id) values (1.8217700362485967, 5.1076105280539625, 4.014715112603788, 7.745814182078674, 4.468366069387223, 9.658408415992799, 2.2478317215864383, 0.4209349903048776, 1.512817652489874, 747);
2022-10-10 13:48:04.765  INFO 3923 --- [    Test worker] p6spy                                    : #1665377284765 | took 0ms | statement | connection 27| url jdbc:h2:mem:6a3784ae-1aa6-4bbf-b617-4d4aeabcc2af
insert into picture (spot_id, url, picture_id) values (?, ?, ?)
insert into picture (spot_id, url, picture_id) values (NULL, 'java.io.StringReader@f05ef48', 3041);
2022-10-10 13:48:04.765  INFO 3923 --- [    Test worker] p6spy                                    : #1665377284765 | took 0ms | statement | connection 27| url jdbc:h2:mem:6a3784ae-1aa6-4bbf-b617-4d4aeabcc2af
insert into picture (spot_id, url, picture_id) values (?, ?, ?)
insert into picture (spot_id, url, picture_id) values (NULL, 'java.io.StringReader@5847e226', 3042);
2022-10-10 13:48:04.766  INFO 3923 --- [    Test worker] p6spy                                    : #1665377284766 | took 0ms | statement | connection 27| url jdbc:h2:mem:6a3784ae-1aa6-4bbf-b617-4d4aeabcc2af
insert into picture (spot_id, url, picture_id) values (?, ?, ?)
insert into picture (spot_id, url, picture_id) values (NULL, 'java.io.StringReader@1f53e98', 3043);
2022-10-10 13:48:04.766  INFO 3923 --- [    Test worker] p6spy                                    : #1665377284766 | took 0ms | statement | connection 27| url jdbc:h2:mem:6a3784ae-1aa6-4bbf-b617-4d4aeabcc2af
insert into spot (address, description, location, name, score_id, spot_id) values (?, ?, ?, ?, ?, ?)
insert into spot (address, description, location, name, score_id, spot_id) values (NULL, NULL, 'Aewol_eup', NULL, 747, 813);
2022-10-10 13:48:04.766  INFO 3923 --- [    Test worker] p6spy                                    : #1665377284766 | took 0ms | statement | connection 27| url jdbc:h2:mem:6a3784ae-1aa6-4bbf-b617-4d4aeabcc2af
insert into member_spot (member_id, score, spot_id, member_spot_id) values (?, ?, ?, ?)
insert into member_spot (member_id, score, spot_id, member_spot_id) values (23, 0.0, 813, 3044);
2022-10-10 13:48:04.766  INFO 3923 --- [    Test worker] p6spy                                    : #1665377284766 | took 0ms | statement | connection 27| url jdbc:h2:mem:6a3784ae-1aa6-4bbf-b617-4d4aeabcc2af
insert into review (content, spot_id, review_id) values (?, ?, ?)
insert into review (content, spot_id, review_id) values ('java.io.StringReader@23cf9693', 769, 749);
2022-10-10 13:48:04.766  INFO 3923 --- [    Test worker] p6spy                                    : #1665377284766 | took 0ms | statement | connection 27| url jdbc:h2:mem:6a3784ae-1aa6-4bbf-b617-4d4aeabcc2af
insert into favorite_spot (count, favorite_id, spot_id, favorite_spot_id) values (?, ?, ?, ?)
insert into favorite_spot (count, favorite_id, spot_id, favorite_spot_id) values (0, 42, 813, 549);
2022-10-10 13:48:04.766  INFO 3923 --- [    Test worker] p6spy                                    : #1665377284766 | took 0ms | statement | connection 27| url jdbc:h2:mem:6a3784ae-1aa6-4bbf-b617-4d4aeabcc2af
insert into score (facility_rank, facility_score, price_rank, price_score, rank_average, surround_rank, surround_score, view_rank, view_score, score_id) values (?, ?, ?, ?, ?, ?, ?, ?, ?, ?)
insert into score (facility_rank, facility_score, price_rank, price_score, rank_average, surround_rank, surround_score, view_rank, view_score, score_id) values (1.9615189310504533, 9.933373551396492, 8.224365875352335, 6.184266213959583, 5.510385166705864, 5.593703868941643, 0.7571822056969701, 0.2934267540502966, 6.541786621202962, 748);
2022-10-10 13:48:04.766  INFO 3923 --- [    Test worker] p6spy                                    : #1665377284766 | took 0ms | statement | connection 27| url jdbc:h2:mem:6a3784ae-1aa6-4bbf-b617-4d4aeabcc2af
insert into picture (spot_id, url, picture_id) values (?, ?, ?)
insert into picture (spot_id, url, picture_id) values (NULL, 'java.io.StringReader@74ef7342', 3045);
2022-10-10 13:48:04.766  INFO 3923 --- [    Test worker] p6spy                                    : #1665377284766 | took 0ms | statement | connection 27| url jdbc:h2:mem:6a3784ae-1aa6-4bbf-b617-4d4aeabcc2af
insert into picture (spot_id, url, picture_id) values (?, ?, ?)
insert into picture (spot_id, url, picture_id) values (NULL, 'java.io.StringReader@d390ed7', 3046);
2022-10-10 13:48:04.766  INFO 3923 --- [    Test worker] p6spy                                    : #1665377284766 | took 0ms | statement | connection 27| url jdbc:h2:mem:6a3784ae-1aa6-4bbf-b617-4d4aeabcc2af
insert into picture (spot_id, url, picture_id) values (?, ?, ?)
insert into picture (spot_id, url, picture_id) values (NULL, 'java.io.StringReader@3f1b7e41', 3047);
2022-10-10 13:48:04.766  INFO 3923 --- [    Test worker] p6spy                                    : #1665377284766 | took 0ms | statement | connection 27| url jdbc:h2:mem:6a3784ae-1aa6-4bbf-b617-4d4aeabcc2af
insert into spot (address, description, location, name, score_id, spot_id) values (?, ?, ?, ?, ?, ?)
insert into spot (address, description, location, name, score_id, spot_id) values (NULL, NULL, 'Aewol_eup', NULL, 748, 814);
2022-10-10 13:48:04.766  INFO 3923 --- [    Test worker] p6spy                                    : #1665377284766 | took 0ms | statement | connection 27| url jdbc:h2:mem:6a3784ae-1aa6-4bbf-b617-4d4aeabcc2af
insert into member_spot (member_id, score, spot_id, member_spot_id) values (?, ?, ?, ?)
insert into member_spot (member_id, score, spot_id, member_spot_id) values (23, 0.0, 814, 3048);
2022-10-10 13:48:04.766  INFO 3923 --- [    Test worker] p6spy                                    : #1665377284766 | took 0ms | statement | connection 27| url jdbc:h2:mem:6a3784ae-1aa6-4bbf-b617-4d4aeabcc2af
insert into review (content, spot_id, review_id) values (?, ?, ?)
insert into review (content, spot_id, review_id) values ('java.io.StringReader@5abf7676', 769, 750);
2022-10-10 13:48:04.766  INFO 3923 --- [    Test worker] p6spy                                    : #1665377284766 | took 0ms | statement | connection 27| url jdbc:h2:mem:6a3784ae-1aa6-4bbf-b617-4d4aeabcc2af
insert into score (facility_rank, facility_score, price_rank, price_score, rank_average, surround_rank, surround_score, view_rank, view_score, score_id) values (?, ?, ?, ?, ?, ?, ?, ?, ?, ?)
insert into score (facility_rank, facility_score, price_rank, price_score, rank_average, surround_rank, surround_score, view_rank, view_score, score_id) values (3.9821061885128173, 4.733177537787849, 9.804944468866907, 0.8025889501479577, 1.7671609954685175, 6.874781783176701, 7.53205840133652, 1.7961881692422066, 8.441681565684226, 749);
2022-10-10 13:48:04.766  INFO 3923 --- [    Test worker] p6spy                                    : #1665377284766 | took 0ms | statement | connection 27| url jdbc:h2:mem:6a3784ae-1aa6-4bbf-b617-4d4aeabcc2af
insert into picture (spot_id, url, picture_id) values (?, ?, ?)
insert into picture (spot_id, url, picture_id) values (NULL, 'java.io.StringReader@438f3437', 3049);
2022-10-10 13:48:04.766  INFO 3923 --- [    Test worker] p6spy                                    : #1665377284766 | took 0ms | statement | connection 27| url jdbc:h2:mem:6a3784ae-1aa6-4bbf-b617-4d4aeabcc2af
insert into picture (spot_id, url, picture_id) values (?, ?, ?)
insert into picture (spot_id, url, picture_id) values (NULL, 'java.io.StringReader@1174aae4', 3050);
2022-10-10 13:48:04.766  INFO 3923 --- [    Test worker] p6spy                                    : #1665377284766 | took 0ms | statement | connection 27| url jdbc:h2:mem:6a3784ae-1aa6-4bbf-b617-4d4aeabcc2af
insert into picture (spot_id, url, picture_id) values (?, ?, ?)
insert into picture (spot_id, url, picture_id) values (NULL, 'java.io.StringReader@398c1a7', 3051);
2022-10-10 13:48:04.766  INFO 3923 --- [    Test worker] p6spy                                    : #1665377284766 | took 0ms | statement | connection 27| url jdbc:h2:mem:6a3784ae-1aa6-4bbf-b617-4d4aeabcc2af
insert into spot (address, description, location, name, score_id, spot_id) values (?, ?, ?, ?, ?, ?)
insert into spot (address, description, location, name, score_id, spot_id) values (NULL, NULL, 'Aewol_eup', NULL, 749, 815);
2022-10-10 13:48:04.766  INFO 3923 --- [    Test worker] p6spy                                    : #1665377284766 | took 0ms | statement | connection 27| url jdbc:h2:mem:6a3784ae-1aa6-4bbf-b617-4d4aeabcc2af
insert into member_spot (member_id, score, spot_id, member_spot_id) values (?, ?, ?, ?)
insert into member_spot (member_id, score, spot_id, member_spot_id) values (23, 0.0, 815, 3052);
2022-10-10 13:48:04.766  INFO 3923 --- [    Test worker] p6spy                                    : #1665377284766 | took 0ms | statement | connection 27| url jdbc:h2:mem:6a3784ae-1aa6-4bbf-b617-4d4aeabcc2af
insert into review (content, spot_id, review_id) values (?, ?, ?)
insert into review (content, spot_id, review_id) values ('java.io.StringReader@514dfe43', 769, 751);
2022-10-10 13:48:04.766  INFO 3923 --- [    Test worker] p6spy                                    : #1665377284766 | took 0ms | statement | connection 27| url jdbc:h2:mem:6a3784ae-1aa6-4bbf-b617-4d4aeabcc2af
insert into favorite_spot (count, favorite_id, spot_id, favorite_spot_id) values (?, ?, ?, ?)
insert into favorite_spot (count, favorite_id, spot_id, favorite_spot_id) values (0, 42, 815, 550);
2022-10-10 13:48:04.766  INFO 3923 --- [    Test worker] p6spy                                    : #1665377284766 | took 0ms | statement | connection 27| url jdbc:h2:mem:6a3784ae-1aa6-4bbf-b617-4d4aeabcc2af
insert into score (facility_rank, facility_score, price_rank, price_score, rank_average, surround_rank, surround_score, view_rank, view_score, score_id) values (?, ?, ?, ?, ?, ?, ?, ?, ?, ?)
insert into score (facility_rank, facility_score, price_rank, price_score, rank_average, surround_rank, surround_score, view_rank, view_score, score_id) values (3.745693526678245, 4.109121291405269, 3.557256246591154, 0.7881483559415914, 3.334539468029223, 6.598844674278644, 4.053948758925027, 5.752707373835432, 9.776297755759757, 750);
2022-10-10 13:48:04.766  INFO 3923 --- [    Test worker] p6spy                                    : #1665377284766 | took 0ms | statement | connection 27| url jdbc:h2:mem:6a3784ae-1aa6-4bbf-b617-4d4aeabcc2af
insert into picture (spot_id, url, picture_id) values (?, ?, ?)
insert into picture (spot_id, url, picture_id) values (NULL, 'java.io.StringReader@20c99a68', 3053);
2022-10-10 13:48:04.766  INFO 3923 --- [    Test worker] p6spy                                    : #1665377284766 | took 0ms | statement | connection 27| url jdbc:h2:mem:6a3784ae-1aa6-4bbf-b617-4d4aeabcc2af
insert into picture (spot_id, url, picture_id) values (?, ?, ?)
insert into picture (spot_id, url, picture_id) values (NULL, 'java.io.StringReader@3db5f571', 3054);
2022-10-10 13:48:04.766  INFO 3923 --- [    Test worker] p6spy                                    : #1665377284766 | took 0ms | statement | connection 27| url jdbc:h2:mem:6a3784ae-1aa6-4bbf-b617-4d4aeabcc2af
insert into picture (spot_id, url, picture_id) values (?, ?, ?)
insert into picture (spot_id, url, picture_id) values (NULL, 'java.io.StringReader@8ac8c55', 3055);
2022-10-10 13:48:04.766  INFO 3923 --- [    Test worker] p6spy                                    : #1665377284766 | took 0ms | statement | connection 27| url jdbc:h2:mem:6a3784ae-1aa6-4bbf-b617-4d4aeabcc2af
insert into spot (address, description, location, name, score_id, spot_id) values (?, ?, ?, ?, ?, ?)
insert into spot (address, description, location, name, score_id, spot_id) values (NULL, NULL, 'Aewol_eup', NULL, 750, 816);
2022-10-10 13:48:04.766  INFO 3923 --- [    Test worker] p6spy                                    : #1665377284766 | took 0ms | statement | connection 27| url jdbc:h2:mem:6a3784ae-1aa6-4bbf-b617-4d4aeabcc2af
insert into member_spot (member_id, score, spot_id, member_spot_id) values (?, ?, ?, ?)
insert into member_spot (member_id, score, spot_id, member_spot_id) values (23, 0.0, 816, 3056);
2022-10-10 13:48:04.766  INFO 3923 --- [    Test worker] p6spy                                    : #1665377284766 | took 0ms | statement | connection 27| url jdbc:h2:mem:6a3784ae-1aa6-4bbf-b617-4d4aeabcc2af
insert into review (content, spot_id, review_id) values (?, ?, ?)
insert into review (content, spot_id, review_id) values ('java.io.StringReader@599ca0d7', 769, 752);
2022-10-10 13:48:04.766  INFO 3923 --- [    Test worker] p6spy                                    : #1665377284766 | took 0ms | statement | connection 27| url jdbc:h2:mem:6a3784ae-1aa6-4bbf-b617-4d4aeabcc2af
insert into score (facility_rank, facility_score, price_rank, price_score, rank_average, surround_rank, surround_score, view_rank, view_score, score_id) values (?, ?, ?, ?, ?, ?, ?, ?, ?, ?)
insert into score (facility_rank, facility_score, price_rank, price_score, rank_average, surround_rank, surround_score, view_rank, view_score, score_id) values (3.053509450248919, 4.15092130423904, 4.787782633872637, 0.47116520556685915, 8.288885876830339, 2.8091956546718744, 9.004962261129993, 4.207369764552752, 9.855598312514802, 751);
2022-10-10 13:48:04.766  INFO 3923 --- [    Test worker] p6spy                                    : #1665377284766 | took 0ms | statement | connection 27| url jdbc:h2:mem:6a3784ae-1aa6-4bbf-b617-4d4aeabcc2af
insert into picture (spot_id, url, picture_id) values (?, ?, ?)
insert into picture (spot_id, url, picture_id) values (NULL, 'java.io.StringReader@1d3d7504', 3057);
2022-10-10 13:48:04.766  INFO 3923 --- [    Test worker] p6spy                                    : #1665377284766 | took 0ms | statement | connection 27| url jdbc:h2:mem:6a3784ae-1aa6-4bbf-b617-4d4aeabcc2af
insert into picture (spot_id, url, picture_id) values (?, ?, ?)
insert into picture (spot_id, url, picture_id) values (NULL, 'java.io.StringReader@39db951e', 3058);
2022-10-10 13:48:04.766  INFO 3923 --- [    Test worker] p6spy                                    : #1665377284766 | took 0ms | statement | connection 27| url jdbc:h2:mem:6a3784ae-1aa6-4bbf-b617-4d4aeabcc2af
insert into picture (spot_id, url, picture_id) values (?, ?, ?)
insert into picture (spot_id, url, picture_id) values (NULL, 'java.io.StringReader@4f1e592', 3059);
2022-10-10 13:48:04.766  INFO 3923 --- [    Test worker] p6spy                                    : #1665377284766 | took 0ms | statement | connection 27| url jdbc:h2:mem:6a3784ae-1aa6-4bbf-b617-4d4aeabcc2af
insert into spot (address, description, location, name, score_id, spot_id) values (?, ?, ?, ?, ?, ?)
insert into spot (address, description, location, name, score_id, spot_id) values (NULL, NULL, 'Aewol_eup', NULL, 751, 817);
2022-10-10 13:48:04.766  INFO 3923 --- [    Test worker] p6spy                                    : #1665377284766 | took 0ms | statement | connection 27| url jdbc:h2:mem:6a3784ae-1aa6-4bbf-b617-4d4aeabcc2af
insert into member_spot (member_id, score, spot_id, member_spot_id) values (?, ?, ?, ?)
insert into member_spot (member_id, score, spot_id, member_spot_id) values (23, 0.0, 817, 3060);
2022-10-10 13:48:04.766  INFO 3923 --- [    Test worker] p6spy                                    : #1665377284766 | took 0ms | statement | connection 27| url jdbc:h2:mem:6a3784ae-1aa6-4bbf-b617-4d4aeabcc2af
insert into review (content, spot_id, review_id) values (?, ?, ?)
insert into review (content, spot_id, review_id) values ('java.io.StringReader@6764bec4', 769, 753);
2022-10-10 13:48:04.766  INFO 3923 --- [    Test worker] p6spy                                    : #1665377284766 | took 0ms | statement | connection 27| url jdbc:h2:mem:6a3784ae-1aa6-4bbf-b617-4d4aeabcc2af
insert into favorite_spot (count, favorite_id, spot_id, favorite_spot_id) values (?, ?, ?, ?)
insert into favorite_spot (count, favorite_id, spot_id, favorite_spot_id) values (0, 42, 817, 551);
2022-10-10 13:48:04.766  INFO 3923 --- [    Test worker] p6spy                                    : #1665377284766 | took 0ms | statement | connection 27| url jdbc:h2:mem:6a3784ae-1aa6-4bbf-b617-4d4aeabcc2af
insert into score (facility_rank, facility_score, price_rank, price_score, rank_average, surround_rank, surround_score, view_rank, view_score, score_id) values (?, ?, ?, ?, ?, ?, ?, ?, ?, ?)
insert into score (facility_rank, facility_score, price_rank, price_score, rank_average, surround_rank, surround_score, view_rank, view_score, score_id) values (4.53906381953172, 6.426750553162627, 5.098437472618347, 6.2989869500619875, 0.675861228770186, 2.347435092357605, 5.261528482620321, 1.568967358973422, 3.4215333867060735, 752);
2022-10-10 13:48:04.766  INFO 3923 --- [    Test worker] p6spy                                    : #1665377284766 | took 0ms | statement | connection 27| url jdbc:h2:mem:6a3784ae-1aa6-4bbf-b617-4d4aeabcc2af
insert into picture (spot_id, url, picture_id) values (?, ?, ?)
insert into picture (spot_id, url, picture_id) values (NULL, 'java.io.StringReader@3ba99e1b', 3061);
2022-10-10 13:48:04.766  INFO 3923 --- [    Test worker] p6spy                                    : #1665377284766 | took 0ms | statement | connection 27| url jdbc:h2:mem:6a3784ae-1aa6-4bbf-b617-4d4aeabcc2af
insert into picture (spot_id, url, picture_id) values (?, ?, ?)
insert into picture (spot_id, url, picture_id) values (NULL, 'java.io.StringReader@10c16506', 3062);
2022-10-10 13:48:04.766  INFO 3923 --- [    Test worker] p6spy                                    : #1665377284766 | took 0ms | statement | connection 27| url jdbc:h2:mem:6a3784ae-1aa6-4bbf-b617-4d4aeabcc2af
insert into picture (spot_id, url, picture_id) values (?, ?, ?)
insert into picture (spot_id, url, picture_id) values (NULL, 'java.io.StringReader@438f6af6', 3063);
2022-10-10 13:48:04.766  INFO 3923 --- [    Test worker] p6spy                                    : #1665377284766 | took 0ms | statement | connection 27| url jdbc:h2:mem:6a3784ae-1aa6-4bbf-b617-4d4aeabcc2af
insert into spot (address, description, location, name, score_id, spot_id) values (?, ?, ?, ?, ?, ?)
insert into spot (address, description, location, name, score_id, spot_id) values (NULL, NULL, 'Aewol_eup', NULL, 752, 818);
2022-10-10 13:48:04.766  INFO 3923 --- [    Test worker] p6spy                                    : #1665377284766 | took 0ms | statement | connection 27| url jdbc:h2:mem:6a3784ae-1aa6-4bbf-b617-4d4aeabcc2af
insert into member_spot (member_id, score, spot_id, member_spot_id) values (?, ?, ?, ?)
insert into member_spot (member_id, score, spot_id, member_spot_id) values (23, 0.0, 818, 3064);
2022-10-10 13:48:04.766  INFO 3923 --- [    Test worker] p6spy                                    : #1665377284766 | took 0ms | statement | connection 27| url jdbc:h2:mem:6a3784ae-1aa6-4bbf-b617-4d4aeabcc2af
insert into review (content, spot_id, review_id) values (?, ?, ?)
insert into review (content, spot_id, review_id) values ('java.io.StringReader@3fbf096', 769, 754);
2022-10-10 13:48:04.766  INFO 3923 --- [    Test worker] p6spy                                    : #1665377284766 | took 0ms | statement | connection 27| url jdbc:h2:mem:6a3784ae-1aa6-4bbf-b617-4d4aeabcc2af
insert into score (facility_rank, facility_score, price_rank, price_score, rank_average, surround_rank, surround_score, view_rank, view_score, score_id) values (?, ?, ?, ?, ?, ?, ?, ?, ?, ?)
insert into score (facility_rank, facility_score, price_rank, price_score, rank_average, surround_rank, surround_score, view_rank, view_score, score_id) values (4.04936151986271, 4.731825535759631, 8.400483250435602, 3.7843459918803877, 9.911513428683282, 6.911262936213935, 8.292723283867309, 9.855405102405255, 3.4138667543471666, 753);
2022-10-10 13:48:04.766  INFO 3923 --- [    Test worker] p6spy                                    : #1665377284766 | took 0ms | statement | connection 27| url jdbc:h2:mem:6a3784ae-1aa6-4bbf-b617-4d4aeabcc2af
insert into picture (spot_id, url, picture_id) values (?, ?, ?)
insert into picture (spot_id, url, picture_id) values (NULL, 'java.io.StringReader@72fa8494', 3065);
2022-10-10 13:48:04.766  INFO 3923 --- [    Test worker] p6spy                                    : #1665377284766 | took 0ms | statement | connection 27| url jdbc:h2:mem:6a3784ae-1aa6-4bbf-b617-4d4aeabcc2af
insert into picture (spot_id, url, picture_id) values (?, ?, ?)
insert into picture (spot_id, url, picture_id) values (NULL, 'java.io.StringReader@4922ea6', 3066);
2022-10-10 13:48:04.766  INFO 3923 --- [    Test worker] p6spy                                    : #1665377284766 | took 0ms | statement | connection 27| url jdbc:h2:mem:6a3784ae-1aa6-4bbf-b617-4d4aeabcc2af
insert into picture (spot_id, url, picture_id) values (?, ?, ?)
insert into picture (spot_id, url, picture_id) values (NULL, 'java.io.StringReader@14c96229', 3067);
2022-10-10 13:48:04.766  INFO 3923 --- [    Test worker] p6spy                                    : #1665377284766 | took 0ms | statement | connection 27| url jdbc:h2:mem:6a3784ae-1aa6-4bbf-b617-4d4aeabcc2af
insert into spot (address, description, location, name, score_id, spot_id) values (?, ?, ?, ?, ?, ?)
insert into spot (address, description, location, name, score_id, spot_id) values (NULL, NULL, 'Andeok_myeon', NULL, 753, 819);
2022-10-10 13:48:04.766  INFO 3923 --- [    Test worker] p6spy                                    : #1665377284766 | took 0ms | statement | connection 27| url jdbc:h2:mem:6a3784ae-1aa6-4bbf-b617-4d4aeabcc2af
insert into member_spot (member_id, score, spot_id, member_spot_id) values (?, ?, ?, ?)
insert into member_spot (member_id, score, spot_id, member_spot_id) values (22, 0.0, 819, 3068);
2022-10-10 13:48:04.767  INFO 3923 --- [    Test worker] p6spy                                    : #1665377284767 | took 0ms | statement | connection 27| url jdbc:h2:mem:6a3784ae-1aa6-4bbf-b617-4d4aeabcc2af
insert into review (content, spot_id, review_id) values (?, ?, ?)
insert into review (content, spot_id, review_id) values ('java.io.StringReader@534a40c1', 769, 755);
2022-10-10 13:48:04.767  INFO 3923 --- [    Test worker] p6spy                                    : #1665377284767 | took 0ms | statement | connection 27| url jdbc:h2:mem:6a3784ae-1aa6-4bbf-b617-4d4aeabcc2af
insert into favorite_spot (count, favorite_id, spot_id, favorite_spot_id) values (?, ?, ?, ?)
insert into favorite_spot (count, favorite_id, spot_id, favorite_spot_id) values (0, 42, 819, 552);
2022-10-10 13:48:04.767  INFO 3923 --- [    Test worker] p6spy                                    : #1665377284767 | took 0ms | statement | connection 27| url jdbc:h2:mem:6a3784ae-1aa6-4bbf-b617-4d4aeabcc2af
insert into score (facility_rank, facility_score, price_rank, price_score, rank_average, surround_rank, surround_score, view_rank, view_score, score_id) values (?, ?, ?, ?, ?, ?, ?, ?, ?, ?)
insert into score (facility_rank, facility_score, price_rank, price_score, rank_average, surround_rank, surround_score, view_rank, view_score, score_id) values (6.214361356892443, 0.9843007957920591, 0.3114880248904872, 3.8025925793461326, 5.1843758118403995, 9.231398604895798, 7.410110599750682, 9.786364188366964, 3.458066613094185, 754);
2022-10-10 13:48:04.767  INFO 3923 --- [    Test worker] p6spy                                    : #1665377284767 | took 0ms | statement | connection 27| url jdbc:h2:mem:6a3784ae-1aa6-4bbf-b617-4d4aeabcc2af
insert into picture (spot_id, url, picture_id) values (?, ?, ?)
insert into picture (spot_id, url, picture_id) values (NULL, 'java.io.StringReader@72d49cdc', 3069);
2022-10-10 13:48:04.767  INFO 3923 --- [    Test worker] p6spy                                    : #1665377284767 | took 0ms | statement | connection 27| url jdbc:h2:mem:6a3784ae-1aa6-4bbf-b617-4d4aeabcc2af
insert into picture (spot_id, url, picture_id) values (?, ?, ?)
insert into picture (spot_id, url, picture_id) values (NULL, 'java.io.StringReader@5a10babe', 3070);
2022-10-10 13:48:04.767  INFO 3923 --- [    Test worker] p6spy                                    : #1665377284767 | took 0ms | statement | connection 27| url jdbc:h2:mem:6a3784ae-1aa6-4bbf-b617-4d4aeabcc2af
insert into picture (spot_id, url, picture_id) values (?, ?, ?)
insert into picture (spot_id, url, picture_id) values (NULL, 'java.io.StringReader@7d67f9d7', 3071);
2022-10-10 13:48:04.767  INFO 3923 --- [    Test worker] p6spy                                    : #1665377284767 | took 0ms | statement | connection 27| url jdbc:h2:mem:6a3784ae-1aa6-4bbf-b617-4d4aeabcc2af
insert into spot (address, description, location, name, score_id, spot_id) values (?, ?, ?, ?, ?, ?)
insert into spot (address, description, location, name, score_id, spot_id) values (NULL, NULL, 'Andeok_myeon', NULL, 754, 820);
2022-10-10 13:48:04.767  INFO 3923 --- [    Test worker] p6spy                                    : #1665377284767 | took 0ms | statement | connection 27| url jdbc:h2:mem:6a3784ae-1aa6-4bbf-b617-4d4aeabcc2af
insert into member_spot (member_id, score, spot_id, member_spot_id) values (?, ?, ?, ?)
insert into member_spot (member_id, score, spot_id, member_spot_id) values (22, 0.0, 820, 3072);
2022-10-10 13:48:04.767  INFO 3923 --- [    Test worker] p6spy                                    : #1665377284767 | took 0ms | statement | connection 27| url jdbc:h2:mem:6a3784ae-1aa6-4bbf-b617-4d4aeabcc2af
insert into review (content, spot_id, review_id) values (?, ?, ?)
insert into review (content, spot_id, review_id) values ('java.io.StringReader@24de263a', 769, 756);
2022-10-10 13:48:04.767  INFO 3923 --- [    Test worker] p6spy                                    : #1665377284767 | took 0ms | statement | connection 27| url jdbc:h2:mem:6a3784ae-1aa6-4bbf-b617-4d4aeabcc2af
insert into score (facility_rank, facility_score, price_rank, price_score, rank_average, surround_rank, surround_score, view_rank, view_score, score_id) values (?, ?, ?, ?, ?, ?, ?, ?, ?, ?)
insert into score (facility_rank, facility_score, price_rank, price_score, rank_average, surround_rank, surround_score, view_rank, view_score, score_id) values (0.45839163863270804, 5.768420471745745, 0.9305339941701207, 7.507129139673964, 3.503400664400278, 1.5942705658837353, 9.282451703709855, 6.62847955278108, 5.452393454854323, 755);
2022-10-10 13:48:04.767  INFO 3923 --- [    Test worker] p6spy                                    : #1665377284767 | took 0ms | statement | connection 27| url jdbc:h2:mem:6a3784ae-1aa6-4bbf-b617-4d4aeabcc2af
insert into picture (spot_id, url, picture_id) values (?, ?, ?)
insert into picture (spot_id, url, picture_id) values (NULL, 'java.io.StringReader@6b698bc7', 3073);
2022-10-10 13:48:04.767  INFO 3923 --- [    Test worker] p6spy                                    : #1665377284767 | took 0ms | statement | connection 27| url jdbc:h2:mem:6a3784ae-1aa6-4bbf-b617-4d4aeabcc2af
insert into picture (spot_id, url, picture_id) values (?, ?, ?)
insert into picture (spot_id, url, picture_id) values (NULL, 'java.io.StringReader@6eedf906', 3074);
2022-10-10 13:48:04.767  INFO 3923 --- [    Test worker] p6spy                                    : #1665377284767 | took 0ms | statement | connection 27| url jdbc:h2:mem:6a3784ae-1aa6-4bbf-b617-4d4aeabcc2af
insert into picture (spot_id, url, picture_id) values (?, ?, ?)
insert into picture (spot_id, url, picture_id) values (NULL, 'java.io.StringReader@28e498da', 3075);
2022-10-10 13:48:04.767  INFO 3923 --- [    Test worker] p6spy                                    : #1665377284767 | took 0ms | statement | connection 27| url jdbc:h2:mem:6a3784ae-1aa6-4bbf-b617-4d4aeabcc2af
insert into spot (address, description, location, name, score_id, spot_id) values (?, ?, ?, ?, ?, ?)
insert into spot (address, description, location, name, score_id, spot_id) values (NULL, NULL, 'Andeok_myeon', NULL, 755, 821);
2022-10-10 13:48:04.767  INFO 3923 --- [    Test worker] p6spy                                    : #1665377284767 | took 0ms | statement | connection 27| url jdbc:h2:mem:6a3784ae-1aa6-4bbf-b617-4d4aeabcc2af
insert into member_spot (member_id, score, spot_id, member_spot_id) values (?, ?, ?, ?)
insert into member_spot (member_id, score, spot_id, member_spot_id) values (22, 0.0, 821, 3076);
2022-10-10 13:48:04.767  INFO 3923 --- [    Test worker] p6spy                                    : #1665377284767 | took 0ms | statement | connection 27| url jdbc:h2:mem:6a3784ae-1aa6-4bbf-b617-4d4aeabcc2af
insert into review (content, spot_id, review_id) values (?, ?, ?)
insert into review (content, spot_id, review_id) values ('java.io.StringReader@2a5c9e0f', 769, 757);
2022-10-10 13:48:04.767  INFO 3923 --- [    Test worker] p6spy                                    : #1665377284767 | took 0ms | statement | connection 27| url jdbc:h2:mem:6a3784ae-1aa6-4bbf-b617-4d4aeabcc2af
insert into favorite_spot (count, favorite_id, spot_id, favorite_spot_id) values (?, ?, ?, ?)
insert into favorite_spot (count, favorite_id, spot_id, favorite_spot_id) values (0, 42, 821, 553);
2022-10-10 13:48:04.767  INFO 3923 --- [    Test worker] p6spy                                    : #1665377284767 | took 0ms | statement | connection 27| url jdbc:h2:mem:6a3784ae-1aa6-4bbf-b617-4d4aeabcc2af
insert into score (facility_rank, facility_score, price_rank, price_score, rank_average, surround_rank, surround_score, view_rank, view_score, score_id) values (?, ?, ?, ?, ?, ?, ?, ?, ?, ?)
insert into score (facility_rank, facility_score, price_rank, price_score, rank_average, surround_rank, surround_score, view_rank, view_score, score_id) values (6.2300974006535785, 0.716969958835707, 4.426770542881827, 0.006348681563784764, 9.324032581699186, 3.144174233858651, 7.723723331057086, 8.480887706818953, 6.290423803142159, 756);
2022-10-10 13:48:04.767  INFO 3923 --- [    Test worker] p6spy                                    : #1665377284767 | took 0ms | statement | connection 27| url jdbc:h2:mem:6a3784ae-1aa6-4bbf-b617-4d4aeabcc2af
insert into picture (spot_id, url, picture_id) values (?, ?, ?)
insert into picture (spot_id, url, picture_id) values (NULL, 'java.io.StringReader@1284f2eb', 3077);
2022-10-10 13:48:04.767  INFO 3923 --- [    Test worker] p6spy                                    : #1665377284767 | took 0ms | statement | connection 27| url jdbc:h2:mem:6a3784ae-1aa6-4bbf-b617-4d4aeabcc2af
insert into picture (spot_id, url, picture_id) values (?, ?, ?)
insert into picture (spot_id, url, picture_id) values (NULL, 'java.io.StringReader@78b46391', 3078);
2022-10-10 13:48:04.767  INFO 3923 --- [    Test worker] p6spy                                    : #1665377284767 | took 0ms | statement | connection 27| url jdbc:h2:mem:6a3784ae-1aa6-4bbf-b617-4d4aeabcc2af
insert into picture (spot_id, url, picture_id) values (?, ?, ?)
insert into picture (spot_id, url, picture_id) values (NULL, 'java.io.StringReader@7d0c135e', 3079);
2022-10-10 13:48:04.767  INFO 3923 --- [    Test worker] p6spy                                    : #1665377284767 | took 0ms | statement | connection 27| url jdbc:h2:mem:6a3784ae-1aa6-4bbf-b617-4d4aeabcc2af
insert into spot (address, description, location, name, score_id, spot_id) values (?, ?, ?, ?, ?, ?)
insert into spot (address, description, location, name, score_id, spot_id) values (NULL, NULL, 'Andeok_myeon', NULL, 756, 822);
2022-10-10 13:48:04.767  INFO 3923 --- [    Test worker] p6spy                                    : #1665377284767 | took 0ms | statement | connection 27| url jdbc:h2:mem:6a3784ae-1aa6-4bbf-b617-4d4aeabcc2af
insert into member_spot (member_id, score, spot_id, member_spot_id) values (?, ?, ?, ?)
insert into member_spot (member_id, score, spot_id, member_spot_id) values (22, 0.0, 822, 3080);
2022-10-10 13:48:04.767  INFO 3923 --- [    Test worker] p6spy                                    : #1665377284767 | took 0ms | statement | connection 27| url jdbc:h2:mem:6a3784ae-1aa6-4bbf-b617-4d4aeabcc2af
insert into review (content, spot_id, review_id) values (?, ?, ?)
insert into review (content, spot_id, review_id) values ('java.io.StringReader@47bd20c3', 769, 758);
2022-10-10 13:48:04.767  INFO 3923 --- [    Test worker] p6spy                                    : #1665377284767 | took 0ms | statement | connection 27| url jdbc:h2:mem:6a3784ae-1aa6-4bbf-b617-4d4aeabcc2af
insert into score (facility_rank, facility_score, price_rank, price_score, rank_average, surround_rank, surround_score, view_rank, view_score, score_id) values (?, ?, ?, ?, ?, ?, ?, ?, ?, ?)
insert into score (facility_rank, facility_score, price_rank, price_score, rank_average, surround_rank, surround_score, view_rank, view_score, score_id) values (4.8497636850747945, 3.799281366903556, 5.550096213918303, 5.913142991318965, 1.200147797514134, 8.680777851955096, 9.822346178947688, 6.656088471506748, 5.840795261208948, 757);
2022-10-10 13:48:04.767  INFO 3923 --- [    Test worker] p6spy                                    : #1665377284767 | took 0ms | statement | connection 27| url jdbc:h2:mem:6a3784ae-1aa6-4bbf-b617-4d4aeabcc2af
insert into picture (spot_id, url, picture_id) values (?, ?, ?)
insert into picture (spot_id, url, picture_id) values (NULL, 'java.io.StringReader@7cc8b8a5', 3081);
2022-10-10 13:48:04.767  INFO 3923 --- [    Test worker] p6spy                                    : #1665377284767 | took 0ms | statement | connection 27| url jdbc:h2:mem:6a3784ae-1aa6-4bbf-b617-4d4aeabcc2af
insert into picture (spot_id, url, picture_id) values (?, ?, ?)
insert into picture (spot_id, url, picture_id) values (NULL, 'java.io.StringReader@3e9bc533', 3082);
2022-10-10 13:48:04.767  INFO 3923 --- [    Test worker] p6spy                                    : #1665377284767 | took 0ms | statement | connection 27| url jdbc:h2:mem:6a3784ae-1aa6-4bbf-b617-4d4aeabcc2af
insert into picture (spot_id, url, picture_id) values (?, ?, ?)
insert into picture (spot_id, url, picture_id) values (NULL, 'java.io.StringReader@120d3c5b', 3083);
2022-10-10 13:48:04.767  INFO 3923 --- [    Test worker] p6spy                                    : #1665377284767 | took 0ms | statement | connection 27| url jdbc:h2:mem:6a3784ae-1aa6-4bbf-b617-4d4aeabcc2af
insert into spot (address, description, location, name, score_id, spot_id) values (?, ?, ?, ?, ?, ?)
insert into spot (address, description, location, name, score_id, spot_id) values (NULL, NULL, 'Andeok_myeon', NULL, 757, 823);
2022-10-10 13:48:04.767  INFO 3923 --- [    Test worker] p6spy                                    : #1665377284767 | took 0ms | statement | connection 27| url jdbc:h2:mem:6a3784ae-1aa6-4bbf-b617-4d4aeabcc2af
insert into member_spot (member_id, score, spot_id, member_spot_id) values (?, ?, ?, ?)
insert into member_spot (member_id, score, spot_id, member_spot_id) values (22, 0.0, 823, 3084);
2022-10-10 13:48:04.767  INFO 3923 --- [    Test worker] p6spy                                    : #1665377284767 | took 0ms | statement | connection 27| url jdbc:h2:mem:6a3784ae-1aa6-4bbf-b617-4d4aeabcc2af
insert into review (content, spot_id, review_id) values (?, ?, ?)
insert into review (content, spot_id, review_id) values ('java.io.StringReader@3cfcb7c3', 769, 759);
2022-10-10 13:48:04.767  INFO 3923 --- [    Test worker] p6spy                                    : #1665377284767 | took 0ms | statement | connection 27| url jdbc:h2:mem:6a3784ae-1aa6-4bbf-b617-4d4aeabcc2af
insert into favorite_spot (count, favorite_id, spot_id, favorite_spot_id) values (?, ?, ?, ?)
insert into favorite_spot (count, favorite_id, spot_id, favorite_spot_id) values (0, 42, 823, 554);
2022-10-10 13:48:04.767  INFO 3923 --- [    Test worker] p6spy                                    : #1665377284767 | took 0ms | statement | connection 27| url jdbc:h2:mem:6a3784ae-1aa6-4bbf-b617-4d4aeabcc2af
insert into score (facility_rank, facility_score, price_rank, price_score, rank_average, surround_rank, surround_score, view_rank, view_score, score_id) values (?, ?, ?, ?, ?, ?, ?, ?, ?, ?)
insert into score (facility_rank, facility_score, price_rank, price_score, rank_average, surround_rank, surround_score, view_rank, view_score, score_id) values (3.140274812155269, 5.277784230087427, 8.61640138717937, 8.090804562244802, 6.335758397994428, 6.686497422755927, 0.10174034193833559, 0.2503158714556275, 1.192783923276487, 758);
2022-10-10 13:48:04.767  INFO 3923 --- [    Test worker] p6spy                                    : #1665377284767 | took 0ms | statement | connection 27| url jdbc:h2:mem:6a3784ae-1aa6-4bbf-b617-4d4aeabcc2af
insert into picture (spot_id, url, picture_id) values (?, ?, ?)
insert into picture (spot_id, url, picture_id) values (NULL, 'java.io.StringReader@6587b388', 3085);
2022-10-10 13:48:04.767  INFO 3923 --- [    Test worker] p6spy                                    : #1665377284767 | took 0ms | statement | connection 27| url jdbc:h2:mem:6a3784ae-1aa6-4bbf-b617-4d4aeabcc2af
insert into picture (spot_id, url, picture_id) values (?, ?, ?)
insert into picture (spot_id, url, picture_id) values (NULL, 'java.io.StringReader@400a884f', 3086);
2022-10-10 13:48:04.767  INFO 3923 --- [    Test worker] p6spy                                    : #1665377284767 | took 0ms | statement | connection 27| url jdbc:h2:mem:6a3784ae-1aa6-4bbf-b617-4d4aeabcc2af
insert into picture (spot_id, url, picture_id) values (?, ?, ?)
insert into picture (spot_id, url, picture_id) values (NULL, 'java.io.StringReader@4f1b9f27', 3087);
2022-10-10 13:48:04.767  INFO 3923 --- [    Test worker] p6spy                                    : #1665377284767 | took 0ms | statement | connection 27| url jdbc:h2:mem:6a3784ae-1aa6-4bbf-b617-4d4aeabcc2af
insert into spot (address, description, location, name, score_id, spot_id) values (?, ?, ?, ?, ?, ?)
insert into spot (address, description, location, name, score_id, spot_id) values (NULL, NULL, 'Andeok_myeon', NULL, 758, 824);
2022-10-10 13:48:04.767  INFO 3923 --- [    Test worker] p6spy                                    : #1665377284767 | took 0ms | statement | connection 27| url jdbc:h2:mem:6a3784ae-1aa6-4bbf-b617-4d4aeabcc2af
insert into member_spot (member_id, score, spot_id, member_spot_id) values (?, ?, ?, ?)
insert into member_spot (member_id, score, spot_id, member_spot_id) values (22, 0.0, 824, 3088);
2022-10-10 13:48:04.767  INFO 3923 --- [    Test worker] p6spy                                    : #1665377284767 | took 0ms | statement | connection 27| url jdbc:h2:mem:6a3784ae-1aa6-4bbf-b617-4d4aeabcc2af
insert into review (content, spot_id, review_id) values (?, ?, ?)
insert into review (content, spot_id, review_id) values ('java.io.StringReader@38e0a6e', 769, 760);
2022-10-10 13:48:04.767  INFO 3923 --- [    Test worker] p6spy                                    : #1665377284767 | took 0ms | statement | connection 27| url jdbc:h2:mem:6a3784ae-1aa6-4bbf-b617-4d4aeabcc2af
insert into score (facility_rank, facility_score, price_rank, price_score, rank_average, surround_rank, surround_score, view_rank, view_score, score_id) values (?, ?, ?, ?, ?, ?, ?, ?, ?, ?)
insert into score (facility_rank, facility_score, price_rank, price_score, rank_average, surround_rank, surround_score, view_rank, view_score, score_id) values (8.549617864284409, 7.014034854655634, 0.8012716731265579, 8.415475415931045, 2.3704496264514727, 1.4581130721905833, 7.102549362633513, 1.0836986622614908, 8.25599243567025, 759);
2022-10-10 13:48:04.767  INFO 3923 --- [    Test worker] p6spy                                    : #1665377284767 | took 0ms | statement | connection 27| url jdbc:h2:mem:6a3784ae-1aa6-4bbf-b617-4d4aeabcc2af
insert into picture (spot_id, url, picture_id) values (?, ?, ?)
insert into picture (spot_id, url, picture_id) values (NULL, 'java.io.StringReader@1fa727b8', 3089);
2022-10-10 13:48:04.767  INFO 3923 --- [    Test worker] p6spy                                    : #1665377284767 | took 0ms | statement | connection 27| url jdbc:h2:mem:6a3784ae-1aa6-4bbf-b617-4d4aeabcc2af
insert into picture (spot_id, url, picture_id) values (?, ?, ?)
insert into picture (spot_id, url, picture_id) values (NULL, 'java.io.StringReader@291a495a', 3090);
2022-10-10 13:48:04.767  INFO 3923 --- [    Test worker] p6spy                                    : #1665377284767 | took 0ms | statement | connection 27| url jdbc:h2:mem:6a3784ae-1aa6-4bbf-b617-4d4aeabcc2af
insert into picture (spot_id, url, picture_id) values (?, ?, ?)
insert into picture (spot_id, url, picture_id) values (NULL, 'java.io.StringReader@5ce92b99', 3091);
2022-10-10 13:48:04.767  INFO 3923 --- [    Test worker] p6spy                                    : #1665377284767 | took 0ms | statement | connection 27| url jdbc:h2:mem:6a3784ae-1aa6-4bbf-b617-4d4aeabcc2af
insert into spot (address, description, location, name, score_id, spot_id) values (?, ?, ?, ?, ?, ?)
insert into spot (address, description, location, name, score_id, spot_id) values (NULL, NULL, 'Andeok_myeon', NULL, 759, 825);
2022-10-10 13:48:04.767  INFO 3923 --- [    Test worker] p6spy                                    : #1665377284767 | took 0ms | statement | connection 27| url jdbc:h2:mem:6a3784ae-1aa6-4bbf-b617-4d4aeabcc2af
insert into member_spot (member_id, score, spot_id, member_spot_id) values (?, ?, ?, ?)
insert into member_spot (member_id, score, spot_id, member_spot_id) values (22, 0.0, 825, 3092);
2022-10-10 13:48:04.767  INFO 3923 --- [    Test worker] p6spy                                    : #1665377284767 | took 0ms | statement | connection 27| url jdbc:h2:mem:6a3784ae-1aa6-4bbf-b617-4d4aeabcc2af
insert into review (content, spot_id, review_id) values (?, ?, ?)
insert into review (content, spot_id, review_id) values ('java.io.StringReader@a4e9275', 769, 761);
2022-10-10 13:48:04.767  INFO 3923 --- [    Test worker] p6spy                                    : #1665377284767 | took 0ms | statement | connection 27| url jdbc:h2:mem:6a3784ae-1aa6-4bbf-b617-4d4aeabcc2af
insert into favorite_spot (count, favorite_id, spot_id, favorite_spot_id) values (?, ?, ?, ?)
insert into favorite_spot (count, favorite_id, spot_id, favorite_spot_id) values (0, 42, 825, 555);
2022-10-10 13:48:04.768  INFO 3923 --- [    Test worker] p6spy                                    : #1665377284768 | took 0ms | statement | connection 27| url jdbc:h2:mem:6a3784ae-1aa6-4bbf-b617-4d4aeabcc2af
insert into score (facility_rank, facility_score, price_rank, price_score, rank_average, surround_rank, surround_score, view_rank, view_score, score_id) values (?, ?, ?, ?, ?, ?, ?, ?, ?, ?)
insert into score (facility_rank, facility_score, price_rank, price_score, rank_average, surround_rank, surround_score, view_rank, view_score, score_id) values (7.174347934184696, 1.5592308158522306, 0.38702942499946547, 3.4223578145207556, 6.012041391654073, 2.321719243322, 2.7680585577785175, 3.7570101556751, 9.908303240453517, 760);
2022-10-10 13:48:04.768  INFO 3923 --- [    Test worker] p6spy                                    : #1665377284768 | took 0ms | statement | connection 27| url jdbc:h2:mem:6a3784ae-1aa6-4bbf-b617-4d4aeabcc2af
insert into picture (spot_id, url, picture_id) values (?, ?, ?)
insert into picture (spot_id, url, picture_id) values (NULL, 'java.io.StringReader@7a646eb3', 3093);
2022-10-10 13:48:04.768  INFO 3923 --- [    Test worker] p6spy                                    : #1665377284768 | took 0ms | statement | connection 27| url jdbc:h2:mem:6a3784ae-1aa6-4bbf-b617-4d4aeabcc2af
insert into picture (spot_id, url, picture_id) values (?, ?, ?)
insert into picture (spot_id, url, picture_id) values (NULL, 'java.io.StringReader@2d6f4f40', 3094);
2022-10-10 13:48:04.768  INFO 3923 --- [    Test worker] p6spy                                    : #1665377284768 | took 0ms | statement | connection 27| url jdbc:h2:mem:6a3784ae-1aa6-4bbf-b617-4d4aeabcc2af
insert into picture (spot_id, url, picture_id) values (?, ?, ?)
insert into picture (spot_id, url, picture_id) values (NULL, 'java.io.StringReader@705b51e2', 3095);
2022-10-10 13:48:04.768  INFO 3923 --- [    Test worker] p6spy                                    : #1665377284768 | took 0ms | statement | connection 27| url jdbc:h2:mem:6a3784ae-1aa6-4bbf-b617-4d4aeabcc2af
insert into spot (address, description, location, name, score_id, spot_id) values (?, ?, ?, ?, ?, ?)
insert into spot (address, description, location, name, score_id, spot_id) values (NULL, NULL, 'Andeok_myeon', NULL, 760, 826);
2022-10-10 13:48:04.768  INFO 3923 --- [    Test worker] p6spy                                    : #1665377284768 | took 0ms | statement | connection 27| url jdbc:h2:mem:6a3784ae-1aa6-4bbf-b617-4d4aeabcc2af
insert into member_spot (member_id, score, spot_id, member_spot_id) values (?, ?, ?, ?)
insert into member_spot (member_id, score, spot_id, member_spot_id) values (22, 0.0, 826, 3096);
2022-10-10 13:48:04.768  INFO 3923 --- [    Test worker] p6spy                                    : #1665377284768 | took 0ms | statement | connection 27| url jdbc:h2:mem:6a3784ae-1aa6-4bbf-b617-4d4aeabcc2af
insert into review (content, spot_id, review_id) values (?, ?, ?)
insert into review (content, spot_id, review_id) values ('java.io.StringReader@6b9f4562', 769, 762);
2022-10-10 13:48:04.768  INFO 3923 --- [    Test worker] p6spy                                    : #1665377284768 | took 0ms | statement | connection 27| url jdbc:h2:mem:6a3784ae-1aa6-4bbf-b617-4d4aeabcc2af
insert into score (facility_rank, facility_score, price_rank, price_score, rank_average, surround_rank, surround_score, view_rank, view_score, score_id) values (?, ?, ?, ?, ?, ?, ?, ?, ?, ?)
insert into score (facility_rank, facility_score, price_rank, price_score, rank_average, surround_rank, surround_score, view_rank, view_score, score_id) values (4.8353299389470905, 4.085828950204493, 8.339937615421443, 6.588225247305059, 3.1972691491531116, 6.576542052653833, 5.201964477810474, 0.3796813469610516, 6.364347153890838, 761);
2022-10-10 13:48:04.768  INFO 3923 --- [    Test worker] p6spy                                    : #1665377284768 | took 0ms | statement | connection 27| url jdbc:h2:mem:6a3784ae-1aa6-4bbf-b617-4d4aeabcc2af
insert into picture (spot_id, url, picture_id) values (?, ?, ?)
insert into picture (spot_id, url, picture_id) values (NULL, 'java.io.StringReader@30fd4c8d', 3097);
2022-10-10 13:48:04.768  INFO 3923 --- [    Test worker] p6spy                                    : #1665377284768 | took 0ms | statement | connection 27| url jdbc:h2:mem:6a3784ae-1aa6-4bbf-b617-4d4aeabcc2af
insert into picture (spot_id, url, picture_id) values (?, ?, ?)
insert into picture (spot_id, url, picture_id) values (NULL, 'java.io.StringReader@20a62460', 3098);
2022-10-10 13:48:04.768  INFO 3923 --- [    Test worker] p6spy                                    : #1665377284768 | took 0ms | statement | connection 27| url jdbc:h2:mem:6a3784ae-1aa6-4bbf-b617-4d4aeabcc2af
insert into picture (spot_id, url, picture_id) values (?, ?, ?)
insert into picture (spot_id, url, picture_id) values (NULL, 'java.io.StringReader@24f8f6a', 3099);
2022-10-10 13:48:04.768  INFO 3923 --- [    Test worker] p6spy                                    : #1665377284768 | took 0ms | statement | connection 27| url jdbc:h2:mem:6a3784ae-1aa6-4bbf-b617-4d4aeabcc2af
insert into spot (address, description, location, name, score_id, spot_id) values (?, ?, ?, ?, ?, ?)
insert into spot (address, description, location, name, score_id, spot_id) values (NULL, NULL, 'Andeok_myeon', NULL, 761, 827);
2022-10-10 13:48:04.768  INFO 3923 --- [    Test worker] p6spy                                    : #1665377284768 | took 0ms | statement | connection 27| url jdbc:h2:mem:6a3784ae-1aa6-4bbf-b617-4d4aeabcc2af
insert into member_spot (member_id, score, spot_id, member_spot_id) values (?, ?, ?, ?)
insert into member_spot (member_id, score, spot_id, member_spot_id) values (22, 0.0, 827, 3100);
2022-10-10 13:48:04.768  INFO 3923 --- [    Test worker] p6spy                                    : #1665377284768 | took 0ms | statement | connection 27| url jdbc:h2:mem:6a3784ae-1aa6-4bbf-b617-4d4aeabcc2af
insert into review (content, spot_id, review_id) values (?, ?, ?)
insert into review (content, spot_id, review_id) values ('java.io.StringReader@6f20bd46', 769, 763);
2022-10-10 13:48:04.768  INFO 3923 --- [    Test worker] p6spy                                    : #1665377284768 | took 0ms | statement | connection 27| url jdbc:h2:mem:6a3784ae-1aa6-4bbf-b617-4d4aeabcc2af
insert into favorite_spot (count, favorite_id, spot_id, favorite_spot_id) values (?, ?, ?, ?)
insert into favorite_spot (count, favorite_id, spot_id, favorite_spot_id) values (0, 42, 827, 556);
2022-10-10 13:48:04.768  INFO 3923 --- [    Test worker] p6spy                                    : #1665377284768 | took 0ms | statement | connection 27| url jdbc:h2:mem:6a3784ae-1aa6-4bbf-b617-4d4aeabcc2af
insert into score (facility_rank, facility_score, price_rank, price_score, rank_average, surround_rank, surround_score, view_rank, view_score, score_id) values (?, ?, ?, ?, ?, ?, ?, ?, ?, ?)
insert into score (facility_rank, facility_score, price_rank, price_score, rank_average, surround_rank, surround_score, view_rank, view_score, score_id) values (5.0768059802190955, 1.747246536185617, 1.1104521326594852, 2.209087192794338, 0.13979105147709836, 6.173780171426313, 5.401742535082422, 4.261663252377753, 5.934088012695868, 762);
2022-10-10 13:48:04.768  INFO 3923 --- [    Test worker] p6spy                                    : #1665377284768 | took 0ms | statement | connection 27| url jdbc:h2:mem:6a3784ae-1aa6-4bbf-b617-4d4aeabcc2af
insert into picture (spot_id, url, picture_id) values (?, ?, ?)
insert into picture (spot_id, url, picture_id) values (NULL, 'java.io.StringReader@249b86e', 3101);
2022-10-10 13:48:04.768  INFO 3923 --- [    Test worker] p6spy                                    : #1665377284768 | took 0ms | statement | connection 27| url jdbc:h2:mem:6a3784ae-1aa6-4bbf-b617-4d4aeabcc2af
insert into picture (spot_id, url, picture_id) values (?, ?, ?)
insert into picture (spot_id, url, picture_id) values (NULL, 'java.io.StringReader@1c654afe', 3102);
2022-10-10 13:48:04.768  INFO 3923 --- [    Test worker] p6spy                                    : #1665377284768 | took 0ms | statement | connection 27| url jdbc:h2:mem:6a3784ae-1aa6-4bbf-b617-4d4aeabcc2af
insert into picture (spot_id, url, picture_id) values (?, ?, ?)
insert into picture (spot_id, url, picture_id) values (NULL, 'java.io.StringReader@7e4a1696', 3103);
2022-10-10 13:48:04.768  INFO 3923 --- [    Test worker] p6spy                                    : #1665377284768 | took 0ms | statement | connection 27| url jdbc:h2:mem:6a3784ae-1aa6-4bbf-b617-4d4aeabcc2af
insert into spot (address, description, location, name, score_id, spot_id) values (?, ?, ?, ?, ?, ?)
insert into spot (address, description, location, name, score_id, spot_id) values (NULL, NULL, 'Andeok_myeon', NULL, 762, 828);
2022-10-10 13:48:04.768  INFO 3923 --- [    Test worker] p6spy                                    : #1665377284768 | took 0ms | statement | connection 27| url jdbc:h2:mem:6a3784ae-1aa6-4bbf-b617-4d4aeabcc2af
insert into member_spot (member_id, score, spot_id, member_spot_id) values (?, ?, ?, ?)
insert into member_spot (member_id, score, spot_id, member_spot_id) values (22, 0.0, 828, 3104);
2022-10-10 13:48:04.768  INFO 3923 --- [    Test worker] p6spy                                    : #1665377284768 | took 0ms | statement | connection 27| url jdbc:h2:mem:6a3784ae-1aa6-4bbf-b617-4d4aeabcc2af
insert into review (content, spot_id, review_id) values (?, ?, ?)
insert into review (content, spot_id, review_id) values ('java.io.StringReader@4c7e0634', 769, 764);
2022-10-10 13:48:04.768  INFO 3923 --- [    Test worker] p6spy                                    : #1665377284768 | took 0ms | statement | connection 27| url jdbc:h2:mem:6a3784ae-1aa6-4bbf-b617-4d4aeabcc2af
insert into score (facility_rank, facility_score, price_rank, price_score, rank_average, surround_rank, surround_score, view_rank, view_score, score_id) values (?, ?, ?, ?, ?, ?, ?, ?, ?, ?)
insert into score (facility_rank, facility_score, price_rank, price_score, rank_average, surround_rank, surround_score, view_rank, view_score, score_id) values (1.1362589393823619, 1.6724252728125566, 4.992682532510666, 7.126758500723428, 2.2346182951193305, 8.414387179061428, 3.3549458273611443, 4.950410249857117, 8.094003536877716, 763);
2022-10-10 13:48:04.768  INFO 3923 --- [    Test worker] p6spy                                    : #1665377284768 | took 0ms | statement | connection 27| url jdbc:h2:mem:6a3784ae-1aa6-4bbf-b617-4d4aeabcc2af
insert into picture (spot_id, url, picture_id) values (?, ?, ?)
insert into picture (spot_id, url, picture_id) values (NULL, 'java.io.StringReader@6cf9b2fa', 3105);
2022-10-10 13:48:04.768  INFO 3923 --- [    Test worker] p6spy                                    : #1665377284768 | took 0ms | statement | connection 27| url jdbc:h2:mem:6a3784ae-1aa6-4bbf-b617-4d4aeabcc2af
insert into picture (spot_id, url, picture_id) values (?, ?, ?)
insert into picture (spot_id, url, picture_id) values (NULL, 'java.io.StringReader@3eb2ec91', 3106);
2022-10-10 13:48:04.768  INFO 3923 --- [    Test worker] p6spy                                    : #1665377284768 | took 0ms | statement | connection 27| url jdbc:h2:mem:6a3784ae-1aa6-4bbf-b617-4d4aeabcc2af
insert into picture (spot_id, url, picture_id) values (?, ?, ?)
insert into picture (spot_id, url, picture_id) values (NULL, 'java.io.StringReader@3d62e373', 3107);
2022-10-10 13:48:04.768  INFO 3923 --- [    Test worker] p6spy                                    : #1665377284768 | took 0ms | statement | connection 27| url jdbc:h2:mem:6a3784ae-1aa6-4bbf-b617-4d4aeabcc2af
insert into spot (address, description, location, name, score_id, spot_id) values (?, ?, ?, ?, ?, ?)
insert into spot (address, description, location, name, score_id, spot_id) values (NULL, NULL, 'Andeok_myeon', NULL, 763, 829);
2022-10-10 13:48:04.768  INFO 3923 --- [    Test worker] p6spy                                    : #1665377284768 | took 0ms | statement | connection 27| url jdbc:h2:mem:6a3784ae-1aa6-4bbf-b617-4d4aeabcc2af
insert into member_spot (member_id, score, spot_id, member_spot_id) values (?, ?, ?, ?)
insert into member_spot (member_id, score, spot_id, member_spot_id) values (22, 0.0, 829, 3108);
2022-10-10 13:48:04.768  INFO 3923 --- [    Test worker] p6spy                                    : #1665377284768 | took 0ms | statement | connection 27| url jdbc:h2:mem:6a3784ae-1aa6-4bbf-b617-4d4aeabcc2af
insert into review (content, spot_id, review_id) values (?, ?, ?)
insert into review (content, spot_id, review_id) values ('java.io.StringReader@2aa3ac73', 769, 765);
2022-10-10 13:48:04.768  INFO 3923 --- [    Test worker] p6spy                                    : #1665377284768 | took 0ms | statement | connection 27| url jdbc:h2:mem:6a3784ae-1aa6-4bbf-b617-4d4aeabcc2af
insert into favorite_spot (count, favorite_id, spot_id, favorite_spot_id) values (?, ?, ?, ?)
insert into favorite_spot (count, favorite_id, spot_id, favorite_spot_id) values (0, 42, 829, 557);
2022-10-10 13:48:04.768  INFO 3923 --- [    Test worker] p6spy                                    : #1665377284768 | took 0ms | statement | connection 27| url jdbc:h2:mem:6a3784ae-1aa6-4bbf-b617-4d4aeabcc2af
insert into score (facility_rank, facility_score, price_rank, price_score, rank_average, surround_rank, surround_score, view_rank, view_score, score_id) values (?, ?, ?, ?, ?, ?, ?, ?, ?, ?)
insert into score (facility_rank, facility_score, price_rank, price_score, rank_average, surround_rank, surround_score, view_rank, view_score, score_id) values (3.8285531529344494, 6.687688831582351, 6.07111849158311, 5.358594576445785, 7.543349274425655, 0.3113657499964284, 8.198738500135153, 5.797656591198603, 2.6220858131089484, 764);
2022-10-10 13:48:04.768  INFO 3923 --- [    Test worker] p6spy                                    : #1665377284768 | took 0ms | statement | connection 27| url jdbc:h2:mem:6a3784ae-1aa6-4bbf-b617-4d4aeabcc2af
insert into picture (spot_id, url, picture_id) values (?, ?, ?)
insert into picture (spot_id, url, picture_id) values (NULL, 'java.io.StringReader@542eddc3', 3109);
2022-10-10 13:48:04.768  INFO 3923 --- [    Test worker] p6spy                                    : #1665377284768 | took 0ms | statement | connection 27| url jdbc:h2:mem:6a3784ae-1aa6-4bbf-b617-4d4aeabcc2af
insert into picture (spot_id, url, picture_id) values (?, ?, ?)
insert into picture (spot_id, url, picture_id) values (NULL, 'java.io.StringReader@1aa779df', 3110);
2022-10-10 13:48:04.768  INFO 3923 --- [    Test worker] p6spy                                    : #1665377284768 | took 0ms | statement | connection 27| url jdbc:h2:mem:6a3784ae-1aa6-4bbf-b617-4d4aeabcc2af
insert into picture (spot_id, url, picture_id) values (?, ?, ?)
insert into picture (spot_id, url, picture_id) values (NULL, 'java.io.StringReader@231c1a6c', 3111);
2022-10-10 13:48:04.768  INFO 3923 --- [    Test worker] p6spy                                    : #1665377284768 | took 0ms | statement | connection 27| url jdbc:h2:mem:6a3784ae-1aa6-4bbf-b617-4d4aeabcc2af
insert into spot (address, description, location, name, score_id, spot_id) values (?, ?, ?, ?, ?, ?)
insert into spot (address, description, location, name, score_id, spot_id) values (NULL, NULL, 'Andeok_myeon', NULL, 764, 830);
2022-10-10 13:48:04.768  INFO 3923 --- [    Test worker] p6spy                                    : #1665377284768 | took 0ms | statement | connection 27| url jdbc:h2:mem:6a3784ae-1aa6-4bbf-b617-4d4aeabcc2af
insert into member_spot (member_id, score, spot_id, member_spot_id) values (?, ?, ?, ?)
insert into member_spot (member_id, score, spot_id, member_spot_id) values (22, 0.0, 830, 3112);
2022-10-10 13:48:04.768  INFO 3923 --- [    Test worker] p6spy                                    : #1665377284768 | took 0ms | statement | connection 27| url jdbc:h2:mem:6a3784ae-1aa6-4bbf-b617-4d4aeabcc2af
insert into review (content, spot_id, review_id) values (?, ?, ?)
insert into review (content, spot_id, review_id) values ('java.io.StringReader@79bedead', 769, 766);
2022-10-10 13:48:04.768  INFO 3923 --- [    Test worker] p6spy                                    : #1665377284768 | took 0ms | statement | connection 27| url jdbc:h2:mem:6a3784ae-1aa6-4bbf-b617-4d4aeabcc2af
insert into score (facility_rank, facility_score, price_rank, price_score, rank_average, surround_rank, surround_score, view_rank, view_score, score_id) values (?, ?, ?, ?, ?, ?, ?, ?, ?, ?)
insert into score (facility_rank, facility_score, price_rank, price_score, rank_average, surround_rank, surround_score, view_rank, view_score, score_id) values (1.7654815176106908, 6.333147113263439, 2.458546140865475, 7.781661589957273, 3.380592695696827, 1.73517774396316, 7.563874957516409, 5.2596067944078335, 0.8185140931492707, 765);
2022-10-10 13:48:04.768  INFO 3923 --- [    Test worker] p6spy                                    : #1665377284768 | took 0ms | statement | connection 27| url jdbc:h2:mem:6a3784ae-1aa6-4bbf-b617-4d4aeabcc2af
insert into picture (spot_id, url, picture_id) values (?, ?, ?)
insert into picture (spot_id, url, picture_id) values (NULL, 'java.io.StringReader@34b2056c', 3113);
2022-10-10 13:48:04.768  INFO 3923 --- [    Test worker] p6spy                                    : #1665377284768 | took 0ms | statement | connection 27| url jdbc:h2:mem:6a3784ae-1aa6-4bbf-b617-4d4aeabcc2af
insert into picture (spot_id, url, picture_id) values (?, ?, ?)
insert into picture (spot_id, url, picture_id) values (NULL, 'java.io.StringReader@757d6197', 3114);
2022-10-10 13:48:04.768  INFO 3923 --- [    Test worker] p6spy                                    : #1665377284768 | took 0ms | statement | connection 27| url jdbc:h2:mem:6a3784ae-1aa6-4bbf-b617-4d4aeabcc2af
insert into picture (spot_id, url, picture_id) values (?, ?, ?)
insert into picture (spot_id, url, picture_id) values (NULL, 'java.io.StringReader@4d54d507', 3115);
2022-10-10 13:48:04.768  INFO 3923 --- [    Test worker] p6spy                                    : #1665377284768 | took 0ms | statement | connection 27| url jdbc:h2:mem:6a3784ae-1aa6-4bbf-b617-4d4aeabcc2af
insert into spot (address, description, location, name, score_id, spot_id) values (?, ?, ?, ?, ?, ?)
insert into spot (address, description, location, name, score_id, spot_id) values (NULL, NULL, 'Andeok_myeon', NULL, 765, 831);
2022-10-10 13:48:04.768  INFO 3923 --- [    Test worker] p6spy                                    : #1665377284768 | took 0ms | statement | connection 27| url jdbc:h2:mem:6a3784ae-1aa6-4bbf-b617-4d4aeabcc2af
insert into member_spot (member_id, score, spot_id, member_spot_id) values (?, ?, ?, ?)
insert into member_spot (member_id, score, spot_id, member_spot_id) values (22, 0.0, 831, 3116);
2022-10-10 13:48:04.768  INFO 3923 --- [    Test worker] p6spy                                    : #1665377284768 | took 0ms | statement | connection 27| url jdbc:h2:mem:6a3784ae-1aa6-4bbf-b617-4d4aeabcc2af
insert into review (content, spot_id, review_id) values (?, ?, ?)
insert into review (content, spot_id, review_id) values ('java.io.StringReader@56326055', 769, 767);
2022-10-10 13:48:04.768  INFO 3923 --- [    Test worker] p6spy                                    : #1665377284768 | took 0ms | statement | connection 27| url jdbc:h2:mem:6a3784ae-1aa6-4bbf-b617-4d4aeabcc2af
insert into favorite_spot (count, favorite_id, spot_id, favorite_spot_id) values (?, ?, ?, ?)
insert into favorite_spot (count, favorite_id, spot_id, favorite_spot_id) values (0, 42, 831, 558);
2022-10-10 13:48:04.768  INFO 3923 --- [    Test worker] p6spy                                    : #1665377284768 | took 0ms | statement | connection 27| url jdbc:h2:mem:6a3784ae-1aa6-4bbf-b617-4d4aeabcc2af
insert into score (facility_rank, facility_score, price_rank, price_score, rank_average, surround_rank, surround_score, view_rank, view_score, score_id) values (?, ?, ?, ?, ?, ?, ?, ?, ?, ?)
insert into score (facility_rank, facility_score, price_rank, price_score, rank_average, surround_rank, surround_score, view_rank, view_score, score_id) values (0.3413699288035721, 2.7058962897101035, 0.3776203761298491, 6.717470136638939, 0.5128080600821949, 3.884835982590591, 1.6318726231449887, 7.011234435467458, 4.238831731650205, 766);
2022-10-10 13:48:04.768  INFO 3923 --- [    Test worker] p6spy                                    : #1665377284768 | took 0ms | statement | connection 27| url jdbc:h2:mem:6a3784ae-1aa6-4bbf-b617-4d4aeabcc2af
insert into picture (spot_id, url, picture_id) values (?, ?, ?)
insert into picture (spot_id, url, picture_id) values (NULL, 'java.io.StringReader@5164e07', 3117);
2022-10-10 13:48:04.768  INFO 3923 --- [    Test worker] p6spy                                    : #1665377284768 | took 0ms | statement | connection 27| url jdbc:h2:mem:6a3784ae-1aa6-4bbf-b617-4d4aeabcc2af
insert into picture (spot_id, url, picture_id) values (?, ?, ?)
insert into picture (spot_id, url, picture_id) values (NULL, 'java.io.StringReader@400be043', 3118);
2022-10-10 13:48:04.769  INFO 3923 --- [    Test worker] p6spy                                    : #1665377284769 | took 0ms | statement | connection 27| url jdbc:h2:mem:6a3784ae-1aa6-4bbf-b617-4d4aeabcc2af
insert into picture (spot_id, url, picture_id) values (?, ?, ?)
insert into picture (spot_id, url, picture_id) values (NULL, 'java.io.StringReader@2ef3bcc1', 3119);
2022-10-10 13:48:04.769  INFO 3923 --- [    Test worker] p6spy                                    : #1665377284769 | took 0ms | statement | connection 27| url jdbc:h2:mem:6a3784ae-1aa6-4bbf-b617-4d4aeabcc2af
insert into spot (address, description, location, name, score_id, spot_id) values (?, ?, ?, ?, ?, ?)
insert into spot (address, description, location, name, score_id, spot_id) values (NULL, NULL, 'Andeok_myeon', NULL, 766, 832);
2022-10-10 13:48:04.769  INFO 3923 --- [    Test worker] p6spy                                    : #1665377284769 | took 0ms | statement | connection 27| url jdbc:h2:mem:6a3784ae-1aa6-4bbf-b617-4d4aeabcc2af
insert into member_spot (member_id, score, spot_id, member_spot_id) values (?, ?, ?, ?)
insert into member_spot (member_id, score, spot_id, member_spot_id) values (22, 0.0, 832, 3120);
2022-10-10 13:48:04.769  INFO 3923 --- [    Test worker] p6spy                                    : #1665377284769 | took 0ms | statement | connection 27| url jdbc:h2:mem:6a3784ae-1aa6-4bbf-b617-4d4aeabcc2af
insert into review (content, spot_id, review_id) values (?, ?, ?)
insert into review (content, spot_id, review_id) values ('java.io.StringReader@189a31cd', 769, 768);
2022-10-10 13:48:04.769  INFO 3923 --- [    Test worker] p6spy                                    : #1665377284769 | took 0ms | statement | connection 27| url jdbc:h2:mem:6a3784ae-1aa6-4bbf-b617-4d4aeabcc2af
insert into score (facility_rank, facility_score, price_rank, price_score, rank_average, surround_rank, surround_score, view_rank, view_score, score_id) values (?, ?, ?, ?, ?, ?, ?, ?, ?, ?)
insert into score (facility_rank, facility_score, price_rank, price_score, rank_average, surround_rank, surround_score, view_rank, view_score, score_id) values (5.0957565928185335, 4.042388352578539, 3.9723325218103755, 8.616107095554996, 2.7524145514660137, 6.077175697593606, 9.092252939063048, 9.688694568425069, 0.9184431789540148, 767);
2022-10-10 13:48:04.769  INFO 3923 --- [    Test worker] p6spy                                    : #1665377284769 | took 0ms | statement | connection 27| url jdbc:h2:mem:6a3784ae-1aa6-4bbf-b617-4d4aeabcc2af
insert into picture (spot_id, url, picture_id) values (?, ?, ?)
insert into picture (spot_id, url, picture_id) values (NULL, 'java.io.StringReader@75892e01', 3121);
2022-10-10 13:48:04.769  INFO 3923 --- [    Test worker] p6spy                                    : #1665377284769 | took 0ms | statement | connection 27| url jdbc:h2:mem:6a3784ae-1aa6-4bbf-b617-4d4aeabcc2af
insert into picture (spot_id, url, picture_id) values (?, ?, ?)
insert into picture (spot_id, url, picture_id) values (NULL, 'java.io.StringReader@70f01a04', 3122);
2022-10-10 13:48:04.769  INFO 3923 --- [    Test worker] p6spy                                    : #1665377284769 | took 0ms | statement | connection 27| url jdbc:h2:mem:6a3784ae-1aa6-4bbf-b617-4d4aeabcc2af
insert into picture (spot_id, url, picture_id) values (?, ?, ?)
insert into picture (spot_id, url, picture_id) values (NULL, 'java.io.StringReader@4ecdafd5', 3123);
2022-10-10 13:48:04.769  INFO 3923 --- [    Test worker] p6spy                                    : #1665377284769 | took 0ms | statement | connection 27| url jdbc:h2:mem:6a3784ae-1aa6-4bbf-b617-4d4aeabcc2af
insert into spot (address, description, location, name, score_id, spot_id) values (?, ?, ?, ?, ?, ?)
insert into spot (address, description, location, name, score_id, spot_id) values (NULL, NULL, 'Andeok_myeon', NULL, 767, 833);
2022-10-10 13:48:04.769  INFO 3923 --- [    Test worker] p6spy                                    : #1665377284769 | took 0ms | statement | connection 27| url jdbc:h2:mem:6a3784ae-1aa6-4bbf-b617-4d4aeabcc2af
insert into member_spot (member_id, score, spot_id, member_spot_id) values (?, ?, ?, ?)
insert into member_spot (member_id, score, spot_id, member_spot_id) values (22, 0.0, 833, 3124);
2022-10-10 13:48:04.769  INFO 3923 --- [    Test worker] p6spy                                    : #1665377284769 | took 0ms | statement | connection 27| url jdbc:h2:mem:6a3784ae-1aa6-4bbf-b617-4d4aeabcc2af
insert into review (content, spot_id, review_id) values (?, ?, ?)
insert into review (content, spot_id, review_id) values ('java.io.StringReader@6e473488', 769, 769);
2022-10-10 13:48:04.769  INFO 3923 --- [    Test worker] p6spy                                    : #1665377284769 | took 0ms | statement | connection 27| url jdbc:h2:mem:6a3784ae-1aa6-4bbf-b617-4d4aeabcc2af
insert into favorite_spot (count, favorite_id, spot_id, favorite_spot_id) values (?, ?, ?, ?)
insert into favorite_spot (count, favorite_id, spot_id, favorite_spot_id) values (0, 42, 833, 559);
2022-10-10 13:48:04.769  INFO 3923 --- [    Test worker] p6spy                                    : #1665377284769 | took 0ms | statement | connection 27| url jdbc:h2:mem:6a3784ae-1aa6-4bbf-b617-4d4aeabcc2af
insert into score (facility_rank, facility_score, price_rank, price_score, rank_average, surround_rank, surround_score, view_rank, view_score, score_id) values (?, ?, ?, ?, ?, ?, ?, ?, ?, ?)
insert into score (facility_rank, facility_score, price_rank, price_score, rank_average, surround_rank, surround_score, view_rank, view_score, score_id) values (1.735648726588146, 1.6253444850088516, 9.022300809082235, 5.891745894523455, 3.8534181364668263, 9.722969810588541, 9.821226818620884, 7.1907434545850695, 5.559617687247915, 768);
2022-10-10 13:48:04.769  INFO 3923 --- [    Test worker] p6spy                                    : #1665377284769 | took 0ms | statement | connection 27| url jdbc:h2:mem:6a3784ae-1aa6-4bbf-b617-4d4aeabcc2af
insert into picture (spot_id, url, picture_id) values (?, ?, ?)
insert into picture (spot_id, url, picture_id) values (NULL, 'java.io.StringReader@2d4c6729', 3125);
2022-10-10 13:48:04.769  INFO 3923 --- [    Test worker] p6spy                                    : #1665377284769 | took 0ms | statement | connection 27| url jdbc:h2:mem:6a3784ae-1aa6-4bbf-b617-4d4aeabcc2af
insert into picture (spot_id, url, picture_id) values (?, ?, ?)
insert into picture (spot_id, url, picture_id) values (NULL, 'java.io.StringReader@4ccb9af4', 3126);
2022-10-10 13:48:04.769  INFO 3923 --- [    Test worker] p6spy                                    : #1665377284769 | took 0ms | statement | connection 27| url jdbc:h2:mem:6a3784ae-1aa6-4bbf-b617-4d4aeabcc2af
insert into picture (spot_id, url, picture_id) values (?, ?, ?)
insert into picture (spot_id, url, picture_id) values (NULL, 'java.io.StringReader@20a98435', 3127);
2022-10-10 13:48:04.769  INFO 3923 --- [    Test worker] p6spy                                    : #1665377284769 | took 0ms | statement | connection 27| url jdbc:h2:mem:6a3784ae-1aa6-4bbf-b617-4d4aeabcc2af
insert into spot (address, description, location, name, score_id, spot_id) values (?, ?, ?, ?, ?, ?)
insert into spot (address, description, location, name, score_id, spot_id) values (NULL, NULL, 'Andeok_myeon', NULL, 768, 834);
2022-10-10 13:48:04.769  INFO 3923 --- [    Test worker] p6spy                                    : #1665377284769 | took 0ms | statement | connection 27| url jdbc:h2:mem:6a3784ae-1aa6-4bbf-b617-4d4aeabcc2af
insert into member_spot (member_id, score, spot_id, member_spot_id) values (?, ?, ?, ?)
insert into member_spot (member_id, score, spot_id, member_spot_id) values (22, 0.0, 834, 3128);
2022-10-10 13:48:04.769  INFO 3923 --- [    Test worker] p6spy                                    : #1665377284769 | took 0ms | statement | connection 27| url jdbc:h2:mem:6a3784ae-1aa6-4bbf-b617-4d4aeabcc2af
insert into review (content, spot_id, review_id) values (?, ?, ?)
insert into review (content, spot_id, review_id) values ('java.io.StringReader@19b7beaf', 769, 770);
2022-10-10 13:48:04.769  INFO 3923 --- [    Test worker] p6spy                                    : #1665377284769 | took 0ms | statement | connection 27| url jdbc:h2:mem:6a3784ae-1aa6-4bbf-b617-4d4aeabcc2af
insert into score (facility_rank, facility_score, price_rank, price_score, rank_average, surround_rank, surround_score, view_rank, view_score, score_id) values (?, ?, ?, ?, ?, ?, ?, ?, ?, ?)
insert into score (facility_rank, facility_score, price_rank, price_score, rank_average, surround_rank, surround_score, view_rank, view_score, score_id) values (7.779586132231794, 1.9448650043325755, 7.419950613038635, 6.132112413842422, 6.453300776105101, 2.332174245355061, 8.584721217667653, 2.8159606987712005, 8.249669254728179, 769);
2022-10-10 13:48:04.769  INFO 3923 --- [    Test worker] p6spy                                    : #1665377284769 | took 0ms | statement | connection 27| url jdbc:h2:mem:6a3784ae-1aa6-4bbf-b617-4d4aeabcc2af
insert into picture (spot_id, url, picture_id) values (?, ?, ?)
insert into picture (spot_id, url, picture_id) values (NULL, 'java.io.StringReader@5741a953', 3129);
2022-10-10 13:48:04.769  INFO 3923 --- [    Test worker] p6spy                                    : #1665377284769 | took 0ms | statement | connection 27| url jdbc:h2:mem:6a3784ae-1aa6-4bbf-b617-4d4aeabcc2af
insert into picture (spot_id, url, picture_id) values (?, ?, ?)
insert into picture (spot_id, url, picture_id) values (NULL, 'java.io.StringReader@33efc1d7', 3130);
2022-10-10 13:48:04.769  INFO 3923 --- [    Test worker] p6spy                                    : #1665377284769 | took 0ms | statement | connection 27| url jdbc:h2:mem:6a3784ae-1aa6-4bbf-b617-4d4aeabcc2af
insert into picture (spot_id, url, picture_id) values (?, ?, ?)
insert into picture (spot_id, url, picture_id) values (NULL, 'java.io.StringReader@2572728b', 3131);
2022-10-10 13:48:04.769  INFO 3923 --- [    Test worker] p6spy                                    : #1665377284769 | took 0ms | statement | connection 27| url jdbc:h2:mem:6a3784ae-1aa6-4bbf-b617-4d4aeabcc2af
insert into spot (address, description, location, name, score_id, spot_id) values (?, ?, ?, ?, ?, ?)
insert into spot (address, description, location, name, score_id, spot_id) values (NULL, NULL, 'Andeok_myeon', NULL, 769, 835);
2022-10-10 13:48:04.769  INFO 3923 --- [    Test worker] p6spy                                    : #1665377284769 | took 0ms | statement | connection 27| url jdbc:h2:mem:6a3784ae-1aa6-4bbf-b617-4d4aeabcc2af
insert into member_spot (member_id, score, spot_id, member_spot_id) values (?, ?, ?, ?)
insert into member_spot (member_id, score, spot_id, member_spot_id) values (22, 0.0, 835, 3132);
2022-10-10 13:48:04.769  INFO 3923 --- [    Test worker] p6spy                                    : #1665377284769 | took 0ms | statement | connection 27| url jdbc:h2:mem:6a3784ae-1aa6-4bbf-b617-4d4aeabcc2af
insert into review (content, spot_id, review_id) values (?, ?, ?)
insert into review (content, spot_id, review_id) values ('java.io.StringReader@2448a6e9', 769, 771);
2022-10-10 13:48:04.769  INFO 3923 --- [    Test worker] p6spy                                    : #1665377284769 | took 0ms | statement | connection 27| url jdbc:h2:mem:6a3784ae-1aa6-4bbf-b617-4d4aeabcc2af
insert into favorite_spot (count, favorite_id, spot_id, favorite_spot_id) values (?, ?, ?, ?)
insert into favorite_spot (count, favorite_id, spot_id, favorite_spot_id) values (0, 42, 835, 560);
2022-10-10 13:48:04.769  INFO 3923 --- [    Test worker] p6spy                                    : #1665377284769 | took 0ms | statement | connection 27| url jdbc:h2:mem:6a3784ae-1aa6-4bbf-b617-4d4aeabcc2af
insert into score (facility_rank, facility_score, price_rank, price_score, rank_average, surround_rank, surround_score, view_rank, view_score, score_id) values (?, ?, ?, ?, ?, ?, ?, ?, ?, ?)
insert into score (facility_rank, facility_score, price_rank, price_score, rank_average, surround_rank, surround_score, view_rank, view_score, score_id) values (2.2639188144020537, 9.207395474340634, 2.0022120791674114, 5.542572708632624, 5.7737031513645265, 4.551133152461418, 9.824603133168466, 3.3918934017682965, 0.6729211623760212, 770);
2022-10-10 13:48:04.769  INFO 3923 --- [    Test worker] p6spy                                    : #1665377284769 | took 0ms | statement | connection 27| url jdbc:h2:mem:6a3784ae-1aa6-4bbf-b617-4d4aeabcc2af
insert into picture (spot_id, url, picture_id) values (?, ?, ?)
insert into picture (spot_id, url, picture_id) values (NULL, 'java.io.StringReader@38fd4c9e', 3133);
2022-10-10 13:48:04.769  INFO 3923 --- [    Test worker] p6spy                                    : #1665377284769 | took 0ms | statement | connection 27| url jdbc:h2:mem:6a3784ae-1aa6-4bbf-b617-4d4aeabcc2af
insert into picture (spot_id, url, picture_id) values (?, ?, ?)
insert into picture (spot_id, url, picture_id) values (NULL, 'java.io.StringReader@34a4ab99', 3134);
2022-10-10 13:48:04.769  INFO 3923 --- [    Test worker] p6spy                                    : #1665377284769 | took 0ms | statement | connection 27| url jdbc:h2:mem:6a3784ae-1aa6-4bbf-b617-4d4aeabcc2af
insert into picture (spot_id, url, picture_id) values (?, ?, ?)
insert into picture (spot_id, url, picture_id) values (NULL, 'java.io.StringReader@653ccd37', 3135);
2022-10-10 13:48:04.769  INFO 3923 --- [    Test worker] p6spy                                    : #1665377284769 | took 0ms | statement | connection 27| url jdbc:h2:mem:6a3784ae-1aa6-4bbf-b617-4d4aeabcc2af
insert into spot (address, description, location, name, score_id, spot_id) values (?, ?, ?, ?, ?, ?)
insert into spot (address, description, location, name, score_id, spot_id) values (NULL, NULL, 'Andeok_myeon', NULL, 770, 836);
2022-10-10 13:48:04.769  INFO 3923 --- [    Test worker] p6spy                                    : #1665377284769 | took 0ms | statement | connection 27| url jdbc:h2:mem:6a3784ae-1aa6-4bbf-b617-4d4aeabcc2af
insert into member_spot (member_id, score, spot_id, member_spot_id) values (?, ?, ?, ?)
insert into member_spot (member_id, score, spot_id, member_spot_id) values (22, 0.0, 836, 3136);
2022-10-10 13:48:04.769  INFO 3923 --- [    Test worker] p6spy                                    : #1665377284769 | took 0ms | statement | connection 27| url jdbc:h2:mem:6a3784ae-1aa6-4bbf-b617-4d4aeabcc2af
insert into review (content, spot_id, review_id) values (?, ?, ?)
insert into review (content, spot_id, review_id) values ('java.io.StringReader@37e851a3', 769, 772);
2022-10-10 13:48:04.769  INFO 3923 --- [    Test worker] p6spy                                    : #1665377284769 | took 0ms | statement | connection 27| url jdbc:h2:mem:6a3784ae-1aa6-4bbf-b617-4d4aeabcc2af
insert into score (facility_rank, facility_score, price_rank, price_score, rank_average, surround_rank, surround_score, view_rank, view_score, score_id) values (?, ?, ?, ?, ?, ?, ?, ?, ?, ?)
insert into score (facility_rank, facility_score, price_rank, price_score, rank_average, surround_rank, surround_score, view_rank, view_score, score_id) values (1.1689997399066487, 5.945151563212137, 6.661089772505359, 7.6057336206075785, 1.6010755441403235, 9.232368794040509, 0.9476833900452342, 9.301485783094767, 4.130752511110857, 771);
2022-10-10 13:48:04.769  INFO 3923 --- [    Test worker] p6spy                                    : #1665377284769 | took 0ms | statement | connection 27| url jdbc:h2:mem:6a3784ae-1aa6-4bbf-b617-4d4aeabcc2af
insert into picture (spot_id, url, picture_id) values (?, ?, ?)
insert into picture (spot_id, url, picture_id) values (NULL, 'java.io.StringReader@70ac5f86', 3137);
2022-10-10 13:48:04.769  INFO 3923 --- [    Test worker] p6spy                                    : #1665377284769 | took 0ms | statement | connection 27| url jdbc:h2:mem:6a3784ae-1aa6-4bbf-b617-4d4aeabcc2af
insert into picture (spot_id, url, picture_id) values (?, ?, ?)
insert into picture (spot_id, url, picture_id) values (NULL, 'java.io.StringReader@77d146dd', 3138);
2022-10-10 13:48:04.769  INFO 3923 --- [    Test worker] p6spy                                    : #1665377284769 | took 0ms | statement | connection 27| url jdbc:h2:mem:6a3784ae-1aa6-4bbf-b617-4d4aeabcc2af
insert into picture (spot_id, url, picture_id) values (?, ?, ?)
insert into picture (spot_id, url, picture_id) values (NULL, 'java.io.StringReader@bc5f1a4', 3139);
2022-10-10 13:48:04.769  INFO 3923 --- [    Test worker] p6spy                                    : #1665377284769 | took 0ms | statement | connection 27| url jdbc:h2:mem:6a3784ae-1aa6-4bbf-b617-4d4aeabcc2af
insert into spot (address, description, location, name, score_id, spot_id) values (?, ?, ?, ?, ?, ?)
insert into spot (address, description, location, name, score_id, spot_id) values (NULL, NULL, 'Andeok_myeon', NULL, 771, 837);
2022-10-10 13:48:04.769  INFO 3923 --- [    Test worker] p6spy                                    : #1665377284769 | took 0ms | statement | connection 27| url jdbc:h2:mem:6a3784ae-1aa6-4bbf-b617-4d4aeabcc2af
insert into member_spot (member_id, score, spot_id, member_spot_id) values (?, ?, ?, ?)
insert into member_spot (member_id, score, spot_id, member_spot_id) values (22, 0.0, 837, 3140);
2022-10-10 13:48:04.769  INFO 3923 --- [    Test worker] p6spy                                    : #1665377284769 | took 0ms | statement | connection 27| url jdbc:h2:mem:6a3784ae-1aa6-4bbf-b617-4d4aeabcc2af
insert into review (content, spot_id, review_id) values (?, ?, ?)
insert into review (content, spot_id, review_id) values ('java.io.StringReader@bc9a37b', 769, 773);
2022-10-10 13:48:04.769  INFO 3923 --- [    Test worker] p6spy                                    : #1665377284769 | took 0ms | statement | connection 27| url jdbc:h2:mem:6a3784ae-1aa6-4bbf-b617-4d4aeabcc2af
insert into favorite_spot (count, favorite_id, spot_id, favorite_spot_id) values (?, ?, ?, ?)
insert into favorite_spot (count, favorite_id, spot_id, favorite_spot_id) values (0, 42, 837, 561);
2022-10-10 13:48:04.769  INFO 3923 --- [    Test worker] p6spy                                    : #1665377284769 | took 0ms | statement | connection 27| url jdbc:h2:mem:6a3784ae-1aa6-4bbf-b617-4d4aeabcc2af
insert into score (facility_rank, facility_score, price_rank, price_score, rank_average, surround_rank, surround_score, view_rank, view_score, score_id) values (?, ?, ?, ?, ?, ?, ?, ?, ?, ?)
insert into score (facility_rank, facility_score, price_rank, price_score, rank_average, surround_rank, surround_score, view_rank, view_score, score_id) values (8.927463963509851, 8.773064357739354, 5.427104724999717, 7.9159145838970595, 9.013297387322243, 7.433842865168902, 5.422101178807456, 5.604234114880974, 6.925664098583924, 772);
2022-10-10 13:48:04.769  INFO 3923 --- [    Test worker] p6spy                                    : #1665377284769 | took 0ms | statement | connection 27| url jdbc:h2:mem:6a3784ae-1aa6-4bbf-b617-4d4aeabcc2af
insert into picture (spot_id, url, picture_id) values (?, ?, ?)
insert into picture (spot_id, url, picture_id) values (NULL, 'java.io.StringReader@2b0dae91', 3141);
2022-10-10 13:48:04.770  INFO 3923 --- [    Test worker] p6spy                                    : #1665377284770 | took 0ms | statement | connection 27| url jdbc:h2:mem:6a3784ae-1aa6-4bbf-b617-4d4aeabcc2af
insert into picture (spot_id, url, picture_id) values (?, ?, ?)
insert into picture (spot_id, url, picture_id) values (NULL, 'java.io.StringReader@127c5a2d', 3142);
2022-10-10 13:48:04.770  INFO 3923 --- [    Test worker] p6spy                                    : #1665377284770 | took 0ms | statement | connection 27| url jdbc:h2:mem:6a3784ae-1aa6-4bbf-b617-4d4aeabcc2af
insert into picture (spot_id, url, picture_id) values (?, ?, ?)
insert into picture (spot_id, url, picture_id) values (NULL, 'java.io.StringReader@77735cdf', 3143);
2022-10-10 13:48:04.770  INFO 3923 --- [    Test worker] p6spy                                    : #1665377284770 | took 0ms | statement | connection 27| url jdbc:h2:mem:6a3784ae-1aa6-4bbf-b617-4d4aeabcc2af
insert into spot (address, description, location, name, score_id, spot_id) values (?, ?, ?, ?, ?, ?)
insert into spot (address, description, location, name, score_id, spot_id) values (NULL, NULL, 'Andeok_myeon', NULL, 772, 838);
2022-10-10 13:48:04.770  INFO 3923 --- [    Test worker] p6spy                                    : #1665377284770 | took 0ms | statement | connection 27| url jdbc:h2:mem:6a3784ae-1aa6-4bbf-b617-4d4aeabcc2af
insert into member_spot (member_id, score, spot_id, member_spot_id) values (?, ?, ?, ?)
insert into member_spot (member_id, score, spot_id, member_spot_id) values (22, 0.0, 838, 3144);
2022-10-10 13:48:04.770  INFO 3923 --- [    Test worker] p6spy                                    : #1665377284770 | took 0ms | statement | connection 27| url jdbc:h2:mem:6a3784ae-1aa6-4bbf-b617-4d4aeabcc2af
insert into review (content, spot_id, review_id) values (?, ?, ?)
insert into review (content, spot_id, review_id) values ('java.io.StringReader@6832a9c5', 769, 774);
2022-10-10 13:48:04.770  INFO 3923 --- [    Test worker] p6spy                                    : #1665377284770 | took 0ms | statement | connection 27| url jdbc:h2:mem:6a3784ae-1aa6-4bbf-b617-4d4aeabcc2af
insert into score (facility_rank, facility_score, price_rank, price_score, rank_average, surround_rank, surround_score, view_rank, view_score, score_id) values (?, ?, ?, ?, ?, ?, ?, ?, ?, ?)
insert into score (facility_rank, facility_score, price_rank, price_score, rank_average, surround_rank, surround_score, view_rank, view_score, score_id) values (2.761921751976699, 9.398559914132345, 7.2657008270953, 3.0470234021713596, 2.221262575695836, 8.423063350700415, 2.4498620960149164, 2.448084598340029, 8.169817047806644, 773);
2022-10-10 13:48:04.770  INFO 3923 --- [    Test worker] p6spy                                    : #1665377284770 | took 0ms | statement | connection 27| url jdbc:h2:mem:6a3784ae-1aa6-4bbf-b617-4d4aeabcc2af
insert into picture (spot_id, url, picture_id) values (?, ?, ?)
insert into picture (spot_id, url, picture_id) values (NULL, 'java.io.StringReader@159eb036', 3145);
2022-10-10 13:48:04.770  INFO 3923 --- [    Test worker] p6spy                                    : #1665377284770 | took 0ms | statement | connection 27| url jdbc:h2:mem:6a3784ae-1aa6-4bbf-b617-4d4aeabcc2af
insert into picture (spot_id, url, picture_id) values (?, ?, ?)
insert into picture (spot_id, url, picture_id) values (NULL, 'java.io.StringReader@222854fc', 3146);
2022-10-10 13:48:04.770  INFO 3923 --- [    Test worker] p6spy                                    : #1665377284770 | took 0ms | statement | connection 27| url jdbc:h2:mem:6a3784ae-1aa6-4bbf-b617-4d4aeabcc2af
insert into picture (spot_id, url, picture_id) values (?, ?, ?)
insert into picture (spot_id, url, picture_id) values (NULL, 'java.io.StringReader@4d956153', 3147);
2022-10-10 13:48:04.770  INFO 3923 --- [    Test worker] p6spy                                    : #1665377284770 | took 0ms | statement | connection 27| url jdbc:h2:mem:6a3784ae-1aa6-4bbf-b617-4d4aeabcc2af
insert into spot (address, description, location, name, score_id, spot_id) values (?, ?, ?, ?, ?, ?)
insert into spot (address, description, location, name, score_id, spot_id) values (NULL, NULL, 'Andeok_myeon', NULL, 773, 839);
2022-10-10 13:48:04.770  INFO 3923 --- [    Test worker] p6spy                                    : #1665377284770 | took 0ms | statement | connection 27| url jdbc:h2:mem:6a3784ae-1aa6-4bbf-b617-4d4aeabcc2af
insert into member_spot (member_id, score, spot_id, member_spot_id) values (?, ?, ?, ?)
insert into member_spot (member_id, score, spot_id, member_spot_id) values (22, 0.0, 839, 3148);
2022-10-10 13:48:04.770  INFO 3923 --- [    Test worker] p6spy                                    : #1665377284770 | took 0ms | statement | connection 27| url jdbc:h2:mem:6a3784ae-1aa6-4bbf-b617-4d4aeabcc2af
insert into review (content, spot_id, review_id) values (?, ?, ?)
insert into review (content, spot_id, review_id) values ('java.io.StringReader@799a557', 769, 775);
2022-10-10 13:48:04.770  INFO 3923 --- [    Test worker] p6spy                                    : #1665377284770 | took 0ms | statement | connection 27| url jdbc:h2:mem:6a3784ae-1aa6-4bbf-b617-4d4aeabcc2af
insert into favorite_spot (count, favorite_id, spot_id, favorite_spot_id) values (?, ?, ?, ?)
insert into favorite_spot (count, favorite_id, spot_id, favorite_spot_id) values (0, 42, 839, 562);
2022-10-10 13:48:04.770  INFO 3923 --- [    Test worker] p6spy                                    : #1665377284770 | took 0ms | statement | connection 27| url jdbc:h2:mem:6a3784ae-1aa6-4bbf-b617-4d4aeabcc2af
insert into score (facility_rank, facility_score, price_rank, price_score, rank_average, surround_rank, surround_score, view_rank, view_score, score_id) values (?, ?, ?, ?, ?, ?, ?, ?, ?, ?)
insert into score (facility_rank, facility_score, price_rank, price_score, rank_average, surround_rank, surround_score, view_rank, view_score, score_id) values (8.724554497173724, 8.405767059160457, 2.5512575659553436, 5.53097080387201, 8.112003317725042, 9.15154638019214, 9.618028288093651, 9.17626883568049, 7.619960272708922, 774);
2022-10-10 13:48:04.770  INFO 3923 --- [    Test worker] p6spy                                    : #1665377284770 | took 0ms | statement | connection 27| url jdbc:h2:mem:6a3784ae-1aa6-4bbf-b617-4d4aeabcc2af
insert into picture (spot_id, url, picture_id) values (?, ?, ?)
insert into picture (spot_id, url, picture_id) values (NULL, 'java.io.StringReader@1c7bb01d', 3149);
2022-10-10 13:48:04.770  INFO 3923 --- [    Test worker] p6spy                                    : #1665377284770 | took 0ms | statement | connection 27| url jdbc:h2:mem:6a3784ae-1aa6-4bbf-b617-4d4aeabcc2af
insert into picture (spot_id, url, picture_id) values (?, ?, ?)
insert into picture (spot_id, url, picture_id) values (NULL, 'java.io.StringReader@402d1cf', 3150);
2022-10-10 13:48:04.770  INFO 3923 --- [    Test worker] p6spy                                    : #1665377284770 | took 0ms | statement | connection 27| url jdbc:h2:mem:6a3784ae-1aa6-4bbf-b617-4d4aeabcc2af
insert into picture (spot_id, url, picture_id) values (?, ?, ?)
insert into picture (spot_id, url, picture_id) values (NULL, 'java.io.StringReader@62fcf799', 3151);
2022-10-10 13:48:04.770  INFO 3923 --- [    Test worker] p6spy                                    : #1665377284770 | took 0ms | statement | connection 27| url jdbc:h2:mem:6a3784ae-1aa6-4bbf-b617-4d4aeabcc2af
insert into spot (address, description, location, name, score_id, spot_id) values (?, ?, ?, ?, ?, ?)
insert into spot (address, description, location, name, score_id, spot_id) values (NULL, NULL, 'Andeok_myeon', NULL, 774, 840);
2022-10-10 13:48:04.770  INFO 3923 --- [    Test worker] p6spy                                    : #1665377284770 | took 0ms | statement | connection 27| url jdbc:h2:mem:6a3784ae-1aa6-4bbf-b617-4d4aeabcc2af
insert into member_spot (member_id, score, spot_id, member_spot_id) values (?, ?, ?, ?)
insert into member_spot (member_id, score, spot_id, member_spot_id) values (22, 0.0, 840, 3152);
2022-10-10 13:48:04.770  INFO 3923 --- [    Test worker] p6spy                                    : #1665377284770 | took 0ms | statement | connection 27| url jdbc:h2:mem:6a3784ae-1aa6-4bbf-b617-4d4aeabcc2af
insert into review (content, spot_id, review_id) values (?, ?, ?)
insert into review (content, spot_id, review_id) values ('java.io.StringReader@68c2c180', 769, 776);
2022-10-10 13:48:04.770  INFO 3923 --- [    Test worker] p6spy                                    : #1665377284770 | took 0ms | statement | connection 27| url jdbc:h2:mem:6a3784ae-1aa6-4bbf-b617-4d4aeabcc2af
insert into score (facility_rank, facility_score, price_rank, price_score, rank_average, surround_rank, surround_score, view_rank, view_score, score_id) values (?, ?, ?, ?, ?, ?, ?, ?, ?, ?)
insert into score (facility_rank, facility_score, price_rank, price_score, rank_average, surround_rank, surround_score, view_rank, view_score, score_id) values (1.3474162102298959, 1.292612032060736, 4.595373068627176, 8.377539536045367, 9.832699916316948, 6.141338367390498, 5.689676490891982, 2.4173103131822318, 6.097194724067311, 775);
2022-10-10 13:48:04.770  INFO 3923 --- [    Test worker] p6spy                                    : #1665377284770 | took 0ms | statement | connection 27| url jdbc:h2:mem:6a3784ae-1aa6-4bbf-b617-4d4aeabcc2af
insert into picture (spot_id, url, picture_id) values (?, ?, ?)
insert into picture (spot_id, url, picture_id) values (NULL, 'java.io.StringReader@6532a5f3', 3153);
2022-10-10 13:48:04.770  INFO 3923 --- [    Test worker] p6spy                                    : #1665377284770 | took 0ms | statement | connection 27| url jdbc:h2:mem:6a3784ae-1aa6-4bbf-b617-4d4aeabcc2af
insert into picture (spot_id, url, picture_id) values (?, ?, ?)
insert into picture (spot_id, url, picture_id) values (NULL, 'java.io.StringReader@18e50508', 3154);
2022-10-10 13:48:04.770  INFO 3923 --- [    Test worker] p6spy                                    : #1665377284770 | took 0ms | statement | connection 27| url jdbc:h2:mem:6a3784ae-1aa6-4bbf-b617-4d4aeabcc2af
insert into picture (spot_id, url, picture_id) values (?, ?, ?)
insert into picture (spot_id, url, picture_id) values (NULL, 'java.io.StringReader@4554504', 3155);
2022-10-10 13:48:04.770  INFO 3923 --- [    Test worker] p6spy                                    : #1665377284770 | took 0ms | statement | connection 27| url jdbc:h2:mem:6a3784ae-1aa6-4bbf-b617-4d4aeabcc2af
insert into spot (address, description, location, name, score_id, spot_id) values (?, ?, ?, ?, ?, ?)
insert into spot (address, description, location, name, score_id, spot_id) values (NULL, NULL, 'Andeok_myeon', NULL, 775, 841);
2022-10-10 13:48:04.770  INFO 3923 --- [    Test worker] p6spy                                    : #1665377284770 | took 0ms | statement | connection 27| url jdbc:h2:mem:6a3784ae-1aa6-4bbf-b617-4d4aeabcc2af
insert into member_spot (member_id, score, spot_id, member_spot_id) values (?, ?, ?, ?)
insert into member_spot (member_id, score, spot_id, member_spot_id) values (22, 0.0, 841, 3156);
2022-10-10 13:48:04.770  INFO 3923 --- [    Test worker] p6spy                                    : #1665377284770 | took 0ms | statement | connection 27| url jdbc:h2:mem:6a3784ae-1aa6-4bbf-b617-4d4aeabcc2af
insert into review (content, spot_id, review_id) values (?, ?, ?)
insert into review (content, spot_id, review_id) values ('java.io.StringReader@79729f59', 769, 777);
2022-10-10 13:48:04.770  INFO 3923 --- [    Test worker] p6spy                                    : #1665377284770 | took 0ms | statement | connection 27| url jdbc:h2:mem:6a3784ae-1aa6-4bbf-b617-4d4aeabcc2af
insert into favorite_spot (count, favorite_id, spot_id, favorite_spot_id) values (?, ?, ?, ?)
insert into favorite_spot (count, favorite_id, spot_id, favorite_spot_id) values (0, 42, 841, 563);
2022-10-10 13:48:04.770  INFO 3923 --- [    Test worker] p6spy                                    : #1665377284770 | took 0ms | statement | connection 27| url jdbc:h2:mem:6a3784ae-1aa6-4bbf-b617-4d4aeabcc2af
insert into score (facility_rank, facility_score, price_rank, price_score, rank_average, surround_rank, surround_score, view_rank, view_score, score_id) values (?, ?, ?, ?, ?, ?, ?, ?, ?, ?)
insert into score (facility_rank, facility_score, price_rank, price_score, rank_average, surround_rank, surround_score, view_rank, view_score, score_id) values (4.139192231677572, 9.406447675269886, 6.539520452392282, 3.745668791023639, 2.967214152541451, 0.2414466943774518, 6.2720048633198155, 1.3017978056066348, 7.158120683982544, 776);
2022-10-10 13:48:04.770  INFO 3923 --- [    Test worker] p6spy                                    : #1665377284770 | took 0ms | statement | connection 27| url jdbc:h2:mem:6a3784ae-1aa6-4bbf-b617-4d4aeabcc2af
insert into picture (spot_id, url, picture_id) values (?, ?, ?)
insert into picture (spot_id, url, picture_id) values (NULL, 'java.io.StringReader@4e0946ff', 3157);
2022-10-10 13:48:04.770  INFO 3923 --- [    Test worker] p6spy                                    : #1665377284770 | took 0ms | statement | connection 27| url jdbc:h2:mem:6a3784ae-1aa6-4bbf-b617-4d4aeabcc2af
insert into picture (spot_id, url, picture_id) values (?, ?, ?)
insert into picture (spot_id, url, picture_id) values (NULL, 'java.io.StringReader@436eac6e', 3158);
2022-10-10 13:48:04.770  INFO 3923 --- [    Test worker] p6spy                                    : #1665377284770 | took 0ms | statement | connection 27| url jdbc:h2:mem:6a3784ae-1aa6-4bbf-b617-4d4aeabcc2af
insert into picture (spot_id, url, picture_id) values (?, ?, ?)
insert into picture (spot_id, url, picture_id) values (NULL, 'java.io.StringReader@29dc1dba', 3159);
2022-10-10 13:48:04.770  INFO 3923 --- [    Test worker] p6spy                                    : #1665377284770 | took 0ms | statement | connection 27| url jdbc:h2:mem:6a3784ae-1aa6-4bbf-b617-4d4aeabcc2af
insert into spot (address, description, location, name, score_id, spot_id) values (?, ?, ?, ?, ?, ?)
insert into spot (address, description, location, name, score_id, spot_id) values (NULL, NULL, 'Andeok_myeon', NULL, 776, 842);
2022-10-10 13:48:04.770  INFO 3923 --- [    Test worker] p6spy                                    : #1665377284770 | took 0ms | statement | connection 27| url jdbc:h2:mem:6a3784ae-1aa6-4bbf-b617-4d4aeabcc2af
insert into member_spot (member_id, score, spot_id, member_spot_id) values (?, ?, ?, ?)
insert into member_spot (member_id, score, spot_id, member_spot_id) values (22, 0.0, 842, 3160);
2022-10-10 13:48:04.770  INFO 3923 --- [    Test worker] p6spy                                    : #1665377284770 | took 0ms | statement | connection 27| url jdbc:h2:mem:6a3784ae-1aa6-4bbf-b617-4d4aeabcc2af
insert into review (content, spot_id, review_id) values (?, ?, ?)
insert into review (content, spot_id, review_id) values ('java.io.StringReader@5878eb8d', 769, 778);
2022-10-10 13:48:04.770  INFO 3923 --- [    Test worker] p6spy                                    : #1665377284770 | took 0ms | statement | connection 27| url jdbc:h2:mem:6a3784ae-1aa6-4bbf-b617-4d4aeabcc2af
insert into score (facility_rank, facility_score, price_rank, price_score, rank_average, surround_rank, surround_score, view_rank, view_score, score_id) values (?, ?, ?, ?, ?, ?, ?, ?, ?, ?)
insert into score (facility_rank, facility_score, price_rank, price_score, rank_average, surround_rank, surround_score, view_rank, view_score, score_id) values (1.6414781891894292, 2.9107432693612556, 5.2657039110414505, 7.797244465888859, 6.328303027889377, 4.291761315631135, 8.165979942598407, 8.049486983209095, 0.1391855165013267, 777);
2022-10-10 13:48:04.770  INFO 3923 --- [    Test worker] p6spy                                    : #1665377284770 | took 0ms | statement | connection 27| url jdbc:h2:mem:6a3784ae-1aa6-4bbf-b617-4d4aeabcc2af
insert into picture (spot_id, url, picture_id) values (?, ?, ?)
insert into picture (spot_id, url, picture_id) values (NULL, 'java.io.StringReader@71594db2', 3161);
2022-10-10 13:48:04.770  INFO 3923 --- [    Test worker] p6spy                                    : #1665377284770 | took 0ms | statement | connection 27| url jdbc:h2:mem:6a3784ae-1aa6-4bbf-b617-4d4aeabcc2af
insert into picture (spot_id, url, picture_id) values (?, ?, ?)
insert into picture (spot_id, url, picture_id) values (NULL, 'java.io.StringReader@2e9fc212', 3162);
2022-10-10 13:48:04.770  INFO 3923 --- [    Test worker] p6spy                                    : #1665377284770 | took 0ms | statement | connection 27| url jdbc:h2:mem:6a3784ae-1aa6-4bbf-b617-4d4aeabcc2af
insert into picture (spot_id, url, picture_id) values (?, ?, ?)
insert into picture (spot_id, url, picture_id) values (NULL, 'java.io.StringReader@5206b407', 3163);
2022-10-10 13:48:04.770  INFO 3923 --- [    Test worker] p6spy                                    : #1665377284770 | took 0ms | statement | connection 27| url jdbc:h2:mem:6a3784ae-1aa6-4bbf-b617-4d4aeabcc2af
insert into spot (address, description, location, name, score_id, spot_id) values (?, ?, ?, ?, ?, ?)
insert into spot (address, description, location, name, score_id, spot_id) values (NULL, NULL, 'Andeok_myeon', NULL, 777, 843);
2022-10-10 13:48:04.770  INFO 3923 --- [    Test worker] p6spy                                    : #1665377284770 | took 0ms | statement | connection 27| url jdbc:h2:mem:6a3784ae-1aa6-4bbf-b617-4d4aeabcc2af
insert into member_spot (member_id, score, spot_id, member_spot_id) values (?, ?, ?, ?)
insert into member_spot (member_id, score, spot_id, member_spot_id) values (22, 0.0, 843, 3164);
2022-10-10 13:48:04.771  INFO 3923 --- [    Test worker] p6spy                                    : #1665377284771 | took 0ms | statement | connection 27| url jdbc:h2:mem:6a3784ae-1aa6-4bbf-b617-4d4aeabcc2af
insert into review (content, spot_id, review_id) values (?, ?, ?)
insert into review (content, spot_id, review_id) values ('java.io.StringReader@60431728', 769, 779);
2022-10-10 13:48:04.771  INFO 3923 --- [    Test worker] p6spy                                    : #1665377284771 | took 0ms | statement | connection 27| url jdbc:h2:mem:6a3784ae-1aa6-4bbf-b617-4d4aeabcc2af
insert into favorite_spot (count, favorite_id, spot_id, favorite_spot_id) values (?, ?, ?, ?)
insert into favorite_spot (count, favorite_id, spot_id, favorite_spot_id) values (0, 42, 843, 564);
2022-10-10 13:48:04.771  INFO 3923 --- [    Test worker] p6spy                                    : #1665377284771 | took 0ms | statement | connection 27| url jdbc:h2:mem:6a3784ae-1aa6-4bbf-b617-4d4aeabcc2af
insert into score (facility_rank, facility_score, price_rank, price_score, rank_average, surround_rank, surround_score, view_rank, view_score, score_id) values (?, ?, ?, ?, ?, ?, ?, ?, ?, ?)
insert into score (facility_rank, facility_score, price_rank, price_score, rank_average, surround_rank, surround_score, view_rank, view_score, score_id) values (2.678146416503473, 9.951957748271381, 3.931918430273188, 4.285955973171665, 6.991246252026432, 1.0965383891353209, 9.420555484592576, 3.288308397786388, 7.464691701968431, 778);
2022-10-10 13:48:04.771  INFO 3923 --- [    Test worker] p6spy                                    : #1665377284771 | took 0ms | statement | connection 27| url jdbc:h2:mem:6a3784ae-1aa6-4bbf-b617-4d4aeabcc2af
insert into picture (spot_id, url, picture_id) values (?, ?, ?)
insert into picture (spot_id, url, picture_id) values (NULL, 'java.io.StringReader@4ecdcd9', 3165);
2022-10-10 13:48:04.771  INFO 3923 --- [    Test worker] p6spy                                    : #1665377284771 | took 0ms | statement | connection 27| url jdbc:h2:mem:6a3784ae-1aa6-4bbf-b617-4d4aeabcc2af
insert into picture (spot_id, url, picture_id) values (?, ?, ?)
insert into picture (spot_id, url, picture_id) values (NULL, 'java.io.StringReader@dc55b28', 3166);
2022-10-10 13:48:04.771  INFO 3923 --- [    Test worker] p6spy                                    : #1665377284771 | took 0ms | statement | connection 27| url jdbc:h2:mem:6a3784ae-1aa6-4bbf-b617-4d4aeabcc2af
insert into picture (spot_id, url, picture_id) values (?, ?, ?)
insert into picture (spot_id, url, picture_id) values (NULL, 'java.io.StringReader@3ba84cc', 3167);
2022-10-10 13:48:04.771  INFO 3923 --- [    Test worker] p6spy                                    : #1665377284771 | took 0ms | statement | connection 27| url jdbc:h2:mem:6a3784ae-1aa6-4bbf-b617-4d4aeabcc2af
insert into spot (address, description, location, name, score_id, spot_id) values (?, ?, ?, ?, ?, ?)
insert into spot (address, description, location, name, score_id, spot_id) values (NULL, NULL, 'Andeok_myeon', NULL, 778, 844);
2022-10-10 13:48:04.771  INFO 3923 --- [    Test worker] p6spy                                    : #1665377284771 | took 0ms | statement | connection 27| url jdbc:h2:mem:6a3784ae-1aa6-4bbf-b617-4d4aeabcc2af
insert into member_spot (member_id, score, spot_id, member_spot_id) values (?, ?, ?, ?)
insert into member_spot (member_id, score, spot_id, member_spot_id) values (22, 0.0, 844, 3168);
2022-10-10 13:48:04.771  INFO 3923 --- [    Test worker] p6spy                                    : #1665377284771 | took 0ms | statement | connection 27| url jdbc:h2:mem:6a3784ae-1aa6-4bbf-b617-4d4aeabcc2af
insert into review (content, spot_id, review_id) values (?, ?, ?)
insert into review (content, spot_id, review_id) values ('java.io.StringReader@5a3d36d8', 769, 780);
2022-10-10 13:48:04.771  INFO 3923 --- [    Test worker] p6spy                                    : #1665377284771 | took 0ms | statement | connection 27| url jdbc:h2:mem:6a3784ae-1aa6-4bbf-b617-4d4aeabcc2af
insert into score (facility_rank, facility_score, price_rank, price_score, rank_average, surround_rank, surround_score, view_rank, view_score, score_id) values (?, ?, ?, ?, ?, ?, ?, ?, ?, ?)
insert into score (facility_rank, facility_score, price_rank, price_score, rank_average, surround_rank, surround_score, view_rank, view_score, score_id) values (8.808633710108358, 0.726501253654458, 3.0394647156194954, 0.012335936386380641, 9.032283893192359, 3.7519419089537855, 3.424448454028984, 5.77889270438492, 1.4371985578851976, 779);
2022-10-10 13:48:04.771  INFO 3923 --- [    Test worker] p6spy                                    : #1665377284771 | took 0ms | statement | connection 27| url jdbc:h2:mem:6a3784ae-1aa6-4bbf-b617-4d4aeabcc2af
insert into picture (spot_id, url, picture_id) values (?, ?, ?)
insert into picture (spot_id, url, picture_id) values (NULL, 'java.io.StringReader@3d071dfb', 3169);
2022-10-10 13:48:04.771  INFO 3923 --- [    Test worker] p6spy                                    : #1665377284771 | took 0ms | statement | connection 27| url jdbc:h2:mem:6a3784ae-1aa6-4bbf-b617-4d4aeabcc2af
insert into picture (spot_id, url, picture_id) values (?, ?, ?)
insert into picture (spot_id, url, picture_id) values (NULL, 'java.io.StringReader@6a7f1034', 3170);
2022-10-10 13:48:04.771  INFO 3923 --- [    Test worker] p6spy                                    : #1665377284771 | took 0ms | statement | connection 27| url jdbc:h2:mem:6a3784ae-1aa6-4bbf-b617-4d4aeabcc2af
insert into picture (spot_id, url, picture_id) values (?, ?, ?)
insert into picture (spot_id, url, picture_id) values (NULL, 'java.io.StringReader@711dc59f', 3171);
2022-10-10 13:48:04.771  INFO 3923 --- [    Test worker] p6spy                                    : #1665377284771 | took 0ms | statement | connection 27| url jdbc:h2:mem:6a3784ae-1aa6-4bbf-b617-4d4aeabcc2af
insert into spot (address, description, location, name, score_id, spot_id) values (?, ?, ?, ?, ?, ?)
insert into spot (address, description, location, name, score_id, spot_id) values (NULL, NULL, 'Andeok_myeon', NULL, 779, 845);
2022-10-10 13:48:04.771  INFO 3923 --- [    Test worker] p6spy                                    : #1665377284771 | took 0ms | statement | connection 27| url jdbc:h2:mem:6a3784ae-1aa6-4bbf-b617-4d4aeabcc2af
insert into member_spot (member_id, score, spot_id, member_spot_id) values (?, ?, ?, ?)
insert into member_spot (member_id, score, spot_id, member_spot_id) values (22, 0.0, 845, 3172);
2022-10-10 13:48:04.771  INFO 3923 --- [    Test worker] p6spy                                    : #1665377284771 | took 0ms | statement | connection 27| url jdbc:h2:mem:6a3784ae-1aa6-4bbf-b617-4d4aeabcc2af
insert into review (content, spot_id, review_id) values (?, ?, ?)
insert into review (content, spot_id, review_id) values ('java.io.StringReader@5e5fd45', 769, 781);
2022-10-10 13:48:04.771  INFO 3923 --- [    Test worker] p6spy                                    : #1665377284771 | took 0ms | statement | connection 27| url jdbc:h2:mem:6a3784ae-1aa6-4bbf-b617-4d4aeabcc2af
insert into favorite_spot (count, favorite_id, spot_id, favorite_spot_id) values (?, ?, ?, ?)
insert into favorite_spot (count, favorite_id, spot_id, favorite_spot_id) values (0, 42, 845, 565);
2022-10-10 13:48:04.771  INFO 3923 --- [    Test worker] p6spy                                    : #1665377284771 | took 0ms | statement | connection 27| url jdbc:h2:mem:6a3784ae-1aa6-4bbf-b617-4d4aeabcc2af
insert into score (facility_rank, facility_score, price_rank, price_score, rank_average, surround_rank, surround_score, view_rank, view_score, score_id) values (?, ?, ?, ?, ?, ?, ?, ?, ?, ?)
insert into score (facility_rank, facility_score, price_rank, price_score, rank_average, surround_rank, surround_score, view_rank, view_score, score_id) values (1.2180201504683097, 7.95144794146518, 8.40467960630265, 2.7879965065437515, 3.009978958084192, 1.057721699904558, 1.407822025093427, 2.9175491473016493, 5.6825924128287175, 780);
2022-10-10 13:48:04.771  INFO 3923 --- [    Test worker] p6spy                                    : #1665377284771 | took 0ms | statement | connection 27| url jdbc:h2:mem:6a3784ae-1aa6-4bbf-b617-4d4aeabcc2af
insert into picture (spot_id, url, picture_id) values (?, ?, ?)
insert into picture (spot_id, url, picture_id) values (NULL, 'java.io.StringReader@7d9a83d', 3173);
2022-10-10 13:48:04.771  INFO 3923 --- [    Test worker] p6spy                                    : #1665377284771 | took 0ms | statement | connection 27| url jdbc:h2:mem:6a3784ae-1aa6-4bbf-b617-4d4aeabcc2af
insert into picture (spot_id, url, picture_id) values (?, ?, ?)
insert into picture (spot_id, url, picture_id) values (NULL, 'java.io.StringReader@16f9979e', 3174);
2022-10-10 13:48:04.771  INFO 3923 --- [    Test worker] p6spy                                    : #1665377284771 | took 0ms | statement | connection 27| url jdbc:h2:mem:6a3784ae-1aa6-4bbf-b617-4d4aeabcc2af
insert into picture (spot_id, url, picture_id) values (?, ?, ?)
insert into picture (spot_id, url, picture_id) values (NULL, 'java.io.StringReader@5b4dbc7', 3175);
2022-10-10 13:48:04.771  INFO 3923 --- [    Test worker] p6spy                                    : #1665377284771 | took 0ms | statement | connection 27| url jdbc:h2:mem:6a3784ae-1aa6-4bbf-b617-4d4aeabcc2af
insert into spot (address, description, location, name, score_id, spot_id) values (?, ?, ?, ?, ?, ?)
insert into spot (address, description, location, name, score_id, spot_id) values (NULL, NULL, 'Andeok_myeon', NULL, 780, 846);
2022-10-10 13:48:04.771  INFO 3923 --- [    Test worker] p6spy                                    : #1665377284771 | took 0ms | statement | connection 27| url jdbc:h2:mem:6a3784ae-1aa6-4bbf-b617-4d4aeabcc2af
insert into member_spot (member_id, score, spot_id, member_spot_id) values (?, ?, ?, ?)
insert into member_spot (member_id, score, spot_id, member_spot_id) values (22, 0.0, 846, 3176);
2022-10-10 13:48:04.771  INFO 3923 --- [    Test worker] p6spy                                    : #1665377284771 | took 0ms | statement | connection 27| url jdbc:h2:mem:6a3784ae-1aa6-4bbf-b617-4d4aeabcc2af
insert into review (content, spot_id, review_id) values (?, ?, ?)
insert into review (content, spot_id, review_id) values ('java.io.StringReader@5cfc913a', 769, 782);
2022-10-10 13:48:04.771  INFO 3923 --- [    Test worker] p6spy                                    : #1665377284771 | took 0ms | statement | connection 27| url jdbc:h2:mem:6a3784ae-1aa6-4bbf-b617-4d4aeabcc2af
insert into score (facility_rank, facility_score, price_rank, price_score, rank_average, surround_rank, surround_score, view_rank, view_score, score_id) values (?, ?, ?, ?, ?, ?, ?, ?, ?, ?)
insert into score (facility_rank, facility_score, price_rank, price_score, rank_average, surround_rank, surround_score, view_rank, view_score, score_id) values (5.599551689428234, 5.268000534959674, 6.0567702529097005, 5.791682349852682, 3.2212125119330537, 3.582669697947778, 4.022425670429013, 1.2941214797459333, 1.327756263478015, 781);
2022-10-10 13:48:04.771  INFO 3923 --- [    Test worker] p6spy                                    : #1665377284771 | took 0ms | statement | connection 27| url jdbc:h2:mem:6a3784ae-1aa6-4bbf-b617-4d4aeabcc2af
insert into picture (spot_id, url, picture_id) values (?, ?, ?)
insert into picture (spot_id, url, picture_id) values (NULL, 'java.io.StringReader@3907b0cd', 3177);
2022-10-10 13:48:04.771  INFO 3923 --- [    Test worker] p6spy                                    : #1665377284771 | took 0ms | statement | connection 27| url jdbc:h2:mem:6a3784ae-1aa6-4bbf-b617-4d4aeabcc2af
insert into picture (spot_id, url, picture_id) values (?, ?, ?)
insert into picture (spot_id, url, picture_id) values (NULL, 'java.io.StringReader@66de6e79', 3178);
2022-10-10 13:48:04.771  INFO 3923 --- [    Test worker] p6spy                                    : #1665377284771 | took 0ms | statement | connection 27| url jdbc:h2:mem:6a3784ae-1aa6-4bbf-b617-4d4aeabcc2af
insert into picture (spot_id, url, picture_id) values (?, ?, ?)
insert into picture (spot_id, url, picture_id) values (NULL, 'java.io.StringReader@7acba21b', 3179);
2022-10-10 13:48:04.771  INFO 3923 --- [    Test worker] p6spy                                    : #1665377284771 | took 0ms | statement | connection 27| url jdbc:h2:mem:6a3784ae-1aa6-4bbf-b617-4d4aeabcc2af
insert into spot (address, description, location, name, score_id, spot_id) values (?, ?, ?, ?, ?, ?)
insert into spot (address, description, location, name, score_id, spot_id) values (NULL, NULL, 'Andeok_myeon', NULL, 781, 847);
2022-10-10 13:48:04.771  INFO 3923 --- [    Test worker] p6spy                                    : #1665377284771 | took 0ms | statement | connection 27| url jdbc:h2:mem:6a3784ae-1aa6-4bbf-b617-4d4aeabcc2af
insert into member_spot (member_id, score, spot_id, member_spot_id) values (?, ?, ?, ?)
insert into member_spot (member_id, score, spot_id, member_spot_id) values (22, 0.0, 847, 3180);
2022-10-10 13:48:04.771  INFO 3923 --- [    Test worker] p6spy                                    : #1665377284771 | took 0ms | statement | connection 27| url jdbc:h2:mem:6a3784ae-1aa6-4bbf-b617-4d4aeabcc2af
insert into review (content, spot_id, review_id) values (?, ?, ?)
insert into review (content, spot_id, review_id) values ('java.io.StringReader@72b1bcff', 769, 783);
2022-10-10 13:48:04.771  INFO 3923 --- [    Test worker] p6spy                                    : #1665377284771 | took 0ms | statement | connection 27| url jdbc:h2:mem:6a3784ae-1aa6-4bbf-b617-4d4aeabcc2af
insert into favorite_spot (count, favorite_id, spot_id, favorite_spot_id) values (?, ?, ?, ?)
insert into favorite_spot (count, favorite_id, spot_id, favorite_spot_id) values (0, 42, 847, 566);
2022-10-10 13:48:04.771  INFO 3923 --- [    Test worker] p6spy                                    : #1665377284771 | took 0ms | statement | connection 27| url jdbc:h2:mem:6a3784ae-1aa6-4bbf-b617-4d4aeabcc2af
insert into score (facility_rank, facility_score, price_rank, price_score, rank_average, surround_rank, surround_score, view_rank, view_score, score_id) values (?, ?, ?, ?, ?, ?, ?, ?, ?, ?)
insert into score (facility_rank, facility_score, price_rank, price_score, rank_average, surround_rank, surround_score, view_rank, view_score, score_id) values (8.786626079981819, 2.0151845863618636, 2.0711480729059373, 0.8369317206400229, 6.389467655539941, 6.276160260458395, 6.385434798915641, 9.208086225670186, 0.05199596652800009, 782);
2022-10-10 13:48:04.771  INFO 3923 --- [    Test worker] p6spy                                    : #1665377284771 | took 0ms | statement | connection 27| url jdbc:h2:mem:6a3784ae-1aa6-4bbf-b617-4d4aeabcc2af
insert into picture (spot_id, url, picture_id) values (?, ?, ?)
insert into picture (spot_id, url, picture_id) values (NULL, 'java.io.StringReader@19a5b444', 3181);
2022-10-10 13:48:04.771  INFO 3923 --- [    Test worker] p6spy                                    : #1665377284771 | took 0ms | statement | connection 27| url jdbc:h2:mem:6a3784ae-1aa6-4bbf-b617-4d4aeabcc2af
insert into picture (spot_id, url, picture_id) values (?, ?, ?)
insert into picture (spot_id, url, picture_id) values (NULL, 'java.io.StringReader@57ed45e7', 3182);
2022-10-10 13:48:04.771  INFO 3923 --- [    Test worker] p6spy                                    : #1665377284771 | took 0ms | statement | connection 27| url jdbc:h2:mem:6a3784ae-1aa6-4bbf-b617-4d4aeabcc2af
insert into picture (spot_id, url, picture_id) values (?, ?, ?)
insert into picture (spot_id, url, picture_id) values (NULL, 'java.io.StringReader@63eb3d', 3183);
2022-10-10 13:48:04.772  INFO 3923 --- [    Test worker] p6spy                                    : #1665377284772 | took 0ms | statement | connection 27| url jdbc:h2:mem:6a3784ae-1aa6-4bbf-b617-4d4aeabcc2af
insert into spot (address, description, location, name, score_id, spot_id) values (?, ?, ?, ?, ?, ?)
insert into spot (address, description, location, name, score_id, spot_id) values (NULL, NULL, 'Andeok_myeon', NULL, 782, 848);
2022-10-10 13:48:04.772  INFO 3923 --- [    Test worker] p6spy                                    : #1665377284772 | took 0ms | statement | connection 27| url jdbc:h2:mem:6a3784ae-1aa6-4bbf-b617-4d4aeabcc2af
insert into member_spot (member_id, score, spot_id, member_spot_id) values (?, ?, ?, ?)
insert into member_spot (member_id, score, spot_id, member_spot_id) values (22, 0.0, 848, 3184);
2022-10-10 13:48:04.772  INFO 3923 --- [    Test worker] p6spy                                    : #1665377284772 | took 0ms | statement | connection 27| url jdbc:h2:mem:6a3784ae-1aa6-4bbf-b617-4d4aeabcc2af
insert into review (content, spot_id, review_id) values (?, ?, ?)
insert into review (content, spot_id, review_id) values ('java.io.StringReader@1f0f0939', 769, 784);
2022-10-10 13:48:04.772  INFO 3923 --- [    Test worker] p6spy                                    : #1665377284772 | took 0ms | statement | connection 27| url jdbc:h2:mem:6a3784ae-1aa6-4bbf-b617-4d4aeabcc2af
insert into score (facility_rank, facility_score, price_rank, price_score, rank_average, surround_rank, surround_score, view_rank, view_score, score_id) values (?, ?, ?, ?, ?, ?, ?, ?, ?, ?)
insert into score (facility_rank, facility_score, price_rank, price_score, rank_average, surround_rank, surround_score, view_rank, view_score, score_id) values (4.774704793788337, 0.5380011747902003, 3.2316211420231955, 1.1106741509514229, 0.8159041388738342, 3.0117144897342083, 2.7735317344288712, 2.7170014087758165, 6.5962192762145575, 783);
2022-10-10 13:48:04.772  INFO 3923 --- [    Test worker] p6spy                                    : #1665377284772 | took 0ms | statement | connection 27| url jdbc:h2:mem:6a3784ae-1aa6-4bbf-b617-4d4aeabcc2af
insert into picture (spot_id, url, picture_id) values (?, ?, ?)
insert into picture (spot_id, url, picture_id) values (NULL, 'java.io.StringReader@239c7565', 3185);
2022-10-10 13:48:04.772  INFO 3923 --- [    Test worker] p6spy                                    : #1665377284772 | took 0ms | statement | connection 27| url jdbc:h2:mem:6a3784ae-1aa6-4bbf-b617-4d4aeabcc2af
insert into picture (spot_id, url, picture_id) values (?, ?, ?)
insert into picture (spot_id, url, picture_id) values (NULL, 'java.io.StringReader@578c6d7a', 3186);
2022-10-10 13:48:04.772  INFO 3923 --- [    Test worker] p6spy                                    : #1665377284772 | took 0ms | statement | connection 27| url jdbc:h2:mem:6a3784ae-1aa6-4bbf-b617-4d4aeabcc2af
insert into picture (spot_id, url, picture_id) values (?, ?, ?)
insert into picture (spot_id, url, picture_id) values (NULL, 'java.io.StringReader@1fd61b81', 3187);
2022-10-10 13:48:04.772  INFO 3923 --- [    Test worker] p6spy                                    : #1665377284772 | took 0ms | statement | connection 27| url jdbc:h2:mem:6a3784ae-1aa6-4bbf-b617-4d4aeabcc2af
insert into spot (address, description, location, name, score_id, spot_id) values (?, ?, ?, ?, ?, ?)
insert into spot (address, description, location, name, score_id, spot_id) values (NULL, NULL, 'Andeok_myeon', NULL, 783, 849);
2022-10-10 13:48:04.772  INFO 3923 --- [    Test worker] p6spy                                    : #1665377284772 | took 0ms | statement | connection 27| url jdbc:h2:mem:6a3784ae-1aa6-4bbf-b617-4d4aeabcc2af
insert into member_spot (member_id, score, spot_id, member_spot_id) values (?, ?, ?, ?)
insert into member_spot (member_id, score, spot_id, member_spot_id) values (22, 0.0, 849, 3188);
2022-10-10 13:48:04.772  INFO 3923 --- [    Test worker] p6spy                                    : #1665377284772 | took 0ms | statement | connection 27| url jdbc:h2:mem:6a3784ae-1aa6-4bbf-b617-4d4aeabcc2af
insert into review (content, spot_id, review_id) values (?, ?, ?)
insert into review (content, spot_id, review_id) values ('java.io.StringReader@335841d2', 769, 785);
2022-10-10 13:48:04.772  INFO 3923 --- [    Test worker] p6spy                                    : #1665377284772 | took 0ms | statement | connection 27| url jdbc:h2:mem:6a3784ae-1aa6-4bbf-b617-4d4aeabcc2af
insert into favorite_spot (count, favorite_id, spot_id, favorite_spot_id) values (?, ?, ?, ?)
insert into favorite_spot (count, favorite_id, spot_id, favorite_spot_id) values (0, 42, 849, 567);
2022-10-10 13:48:04.772  INFO 3923 --- [    Test worker] p6spy                                    : #1665377284772 | took 0ms | statement | connection 27| url jdbc:h2:mem:6a3784ae-1aa6-4bbf-b617-4d4aeabcc2af
insert into score (facility_rank, facility_score, price_rank, price_score, rank_average, surround_rank, surround_score, view_rank, view_score, score_id) values (?, ?, ?, ?, ?, ?, ?, ?, ?, ?)
insert into score (facility_rank, facility_score, price_rank, price_score, rank_average, surround_rank, surround_score, view_rank, view_score, score_id) values (0.9440112021980862, 7.4581814703241225, 1.326731412362182, 9.244713708011712, 6.3614195268377, 6.218571288371264, 3.1608684260932343, 4.620194511094247, 9.79647736470113, 784);
2022-10-10 13:48:04.772  INFO 3923 --- [    Test worker] p6spy                                    : #1665377284772 | took 0ms | statement | connection 27| url jdbc:h2:mem:6a3784ae-1aa6-4bbf-b617-4d4aeabcc2af
insert into picture (spot_id, url, picture_id) values (?, ?, ?)
insert into picture (spot_id, url, picture_id) values (NULL, 'java.io.StringReader@15fa7cfd', 3189);
2022-10-10 13:48:04.772  INFO 3923 --- [    Test worker] p6spy                                    : #1665377284772 | took 0ms | statement | connection 27| url jdbc:h2:mem:6a3784ae-1aa6-4bbf-b617-4d4aeabcc2af
insert into picture (spot_id, url, picture_id) values (?, ?, ?)
insert into picture (spot_id, url, picture_id) values (NULL, 'java.io.StringReader@530d6b02', 3190);
2022-10-10 13:48:04.772  INFO 3923 --- [    Test worker] p6spy                                    : #1665377284772 | took 0ms | statement | connection 27| url jdbc:h2:mem:6a3784ae-1aa6-4bbf-b617-4d4aeabcc2af
insert into picture (spot_id, url, picture_id) values (?, ?, ?)
insert into picture (spot_id, url, picture_id) values (NULL, 'java.io.StringReader@191dab39', 3191);
2022-10-10 13:48:04.772  INFO 3923 --- [    Test worker] p6spy                                    : #1665377284772 | took 0ms | statement | connection 27| url jdbc:h2:mem:6a3784ae-1aa6-4bbf-b617-4d4aeabcc2af
insert into spot (address, description, location, name, score_id, spot_id) values (?, ?, ?, ?, ?, ?)
insert into spot (address, description, location, name, score_id, spot_id) values (NULL, NULL, 'Andeok_myeon', NULL, 784, 850);
2022-10-10 13:48:04.772  INFO 3923 --- [    Test worker] p6spy                                    : #1665377284772 | took 0ms | statement | connection 27| url jdbc:h2:mem:6a3784ae-1aa6-4bbf-b617-4d4aeabcc2af
insert into member_spot (member_id, score, spot_id, member_spot_id) values (?, ?, ?, ?)
insert into member_spot (member_id, score, spot_id, member_spot_id) values (22, 0.0, 850, 3192);
2022-10-10 13:48:04.772  INFO 3923 --- [    Test worker] p6spy                                    : #1665377284772 | took 0ms | statement | connection 27| url jdbc:h2:mem:6a3784ae-1aa6-4bbf-b617-4d4aeabcc2af
insert into review (content, spot_id, review_id) values (?, ?, ?)
insert into review (content, spot_id, review_id) values ('java.io.StringReader@728561a2', 769, 786);
2022-10-10 13:48:04.772  INFO 3923 --- [    Test worker] p6spy                                    : #1665377284772 | took 0ms | statement | connection 27| url jdbc:h2:mem:6a3784ae-1aa6-4bbf-b617-4d4aeabcc2af
insert into score (facility_rank, facility_score, price_rank, price_score, rank_average, surround_rank, surround_score, view_rank, view_score, score_id) values (?, ?, ?, ?, ?, ?, ?, ?, ?, ?)
insert into score (facility_rank, facility_score, price_rank, price_score, rank_average, surround_rank, surround_score, view_rank, view_score, score_id) values (3.378858739282027, 7.371820527025133, 0.8868998862238664, 8.388098565657756, 7.412884911760644, 4.9946167087382145, 0.9928298045018924, 8.302354911577664, 8.836369242122903, 785);
2022-10-10 13:48:04.772  INFO 3923 --- [    Test worker] p6spy                                    : #1665377284772 | took 0ms | statement | connection 27| url jdbc:h2:mem:6a3784ae-1aa6-4bbf-b617-4d4aeabcc2af
insert into picture (spot_id, url, picture_id) values (?, ?, ?)
insert into picture (spot_id, url, picture_id) values (NULL, 'java.io.StringReader@5564066c', 3193);
2022-10-10 13:48:04.772  INFO 3923 --- [    Test worker] p6spy                                    : #1665377284772 | took 0ms | statement | connection 27| url jdbc:h2:mem:6a3784ae-1aa6-4bbf-b617-4d4aeabcc2af
insert into picture (spot_id, url, picture_id) values (?, ?, ?)
insert into picture (spot_id, url, picture_id) values (NULL, 'java.io.StringReader@f23948b', 3194);
2022-10-10 13:48:04.772  INFO 3923 --- [    Test worker] p6spy                                    : #1665377284772 | took 0ms | statement | connection 27| url jdbc:h2:mem:6a3784ae-1aa6-4bbf-b617-4d4aeabcc2af
insert into picture (spot_id, url, picture_id) values (?, ?, ?)
insert into picture (spot_id, url, picture_id) values (NULL, 'java.io.StringReader@2ac92ad4', 3195);
2022-10-10 13:48:04.772  INFO 3923 --- [    Test worker] p6spy                                    : #1665377284772 | took 0ms | statement | connection 27| url jdbc:h2:mem:6a3784ae-1aa6-4bbf-b617-4d4aeabcc2af
insert into spot (address, description, location, name, score_id, spot_id) values (?, ?, ?, ?, ?, ?)
insert into spot (address, description, location, name, score_id, spot_id) values (NULL, NULL, 'Andeok_myeon', NULL, 785, 851);
2022-10-10 13:48:04.772  INFO 3923 --- [    Test worker] p6spy                                    : #1665377284772 | took 0ms | statement | connection 27| url jdbc:h2:mem:6a3784ae-1aa6-4bbf-b617-4d4aeabcc2af
insert into member_spot (member_id, score, spot_id, member_spot_id) values (?, ?, ?, ?)
insert into member_spot (member_id, score, spot_id, member_spot_id) values (22, 0.0, 851, 3196);
2022-10-10 13:48:04.772  INFO 3923 --- [    Test worker] p6spy                                    : #1665377284772 | took 0ms | statement | connection 27| url jdbc:h2:mem:6a3784ae-1aa6-4bbf-b617-4d4aeabcc2af
insert into review (content, spot_id, review_id) values (?, ?, ?)
insert into review (content, spot_id, review_id) values ('java.io.StringReader@4a8a062b', 769, 787);
2022-10-10 13:48:04.772  INFO 3923 --- [    Test worker] p6spy                                    : #1665377284772 | took 0ms | statement | connection 27| url jdbc:h2:mem:6a3784ae-1aa6-4bbf-b617-4d4aeabcc2af
insert into favorite_spot (count, favorite_id, spot_id, favorite_spot_id) values (?, ?, ?, ?)
insert into favorite_spot (count, favorite_id, spot_id, favorite_spot_id) values (0, 42, 851, 568);
2022-10-10 13:48:04.772  INFO 3923 --- [    Test worker] p6spy                                    : #1665377284772 | took 0ms | statement | connection 27| url jdbc:h2:mem:6a3784ae-1aa6-4bbf-b617-4d4aeabcc2af
insert into score (facility_rank, facility_score, price_rank, price_score, rank_average, surround_rank, surround_score, view_rank, view_score, score_id) values (?, ?, ?, ?, ?, ?, ?, ?, ?, ?)
insert into score (facility_rank, facility_score, price_rank, price_score, rank_average, surround_rank, surround_score, view_rank, view_score, score_id) values (7.590128990315447, 4.8625460252048125, 8.164561419679178, 5.94703685091922, 9.110474376372043, 9.993301213027461, 8.835435993619997, 4.195476427207839, 7.713092567612316, 786);
2022-10-10 13:48:04.772  INFO 3923 --- [    Test worker] p6spy                                    : #1665377284772 | took 0ms | statement | connection 27| url jdbc:h2:mem:6a3784ae-1aa6-4bbf-b617-4d4aeabcc2af
insert into picture (spot_id, url, picture_id) values (?, ?, ?)
insert into picture (spot_id, url, picture_id) values (NULL, 'java.io.StringReader@711977bc', 3197);
2022-10-10 13:48:04.772  INFO 3923 --- [    Test worker] p6spy                                    : #1665377284772 | took 0ms | statement | connection 27| url jdbc:h2:mem:6a3784ae-1aa6-4bbf-b617-4d4aeabcc2af
insert into picture (spot_id, url, picture_id) values (?, ?, ?)
insert into picture (spot_id, url, picture_id) values (NULL, 'java.io.StringReader@6cf10de4', 3198);
2022-10-10 13:48:04.772  INFO 3923 --- [    Test worker] p6spy                                    : #1665377284772 | took 0ms | statement | connection 27| url jdbc:h2:mem:6a3784ae-1aa6-4bbf-b617-4d4aeabcc2af
insert into picture (spot_id, url, picture_id) values (?, ?, ?)
insert into picture (spot_id, url, picture_id) values (NULL, 'java.io.StringReader@3540b6da', 3199);
2022-10-10 13:48:04.772  INFO 3923 --- [    Test worker] p6spy                                    : #1665377284772 | took 0ms | statement | connection 27| url jdbc:h2:mem:6a3784ae-1aa6-4bbf-b617-4d4aeabcc2af
insert into spot (address, description, location, name, score_id, spot_id) values (?, ?, ?, ?, ?, ?)
insert into spot (address, description, location, name, score_id, spot_id) values (NULL, NULL, 'Andeok_myeon', NULL, 786, 852);
2022-10-10 13:48:04.772  INFO 3923 --- [    Test worker] p6spy                                    : #1665377284772 | took 0ms | statement | connection 27| url jdbc:h2:mem:6a3784ae-1aa6-4bbf-b617-4d4aeabcc2af
insert into member_spot (member_id, score, spot_id, member_spot_id) values (?, ?, ?, ?)
insert into member_spot (member_id, score, spot_id, member_spot_id) values (22, 0.0, 852, 3200);
2022-10-10 13:48:04.772  INFO 3923 --- [    Test worker] p6spy                                    : #1665377284772 | took 0ms | statement | connection 27| url jdbc:h2:mem:6a3784ae-1aa6-4bbf-b617-4d4aeabcc2af
insert into review (content, spot_id, review_id) values (?, ?, ?)
insert into review (content, spot_id, review_id) values ('java.io.StringReader@4d5a6aa0', 769, 788);
2022-10-10 13:48:04.772  INFO 3923 --- [    Test worker] p6spy                                    : #1665377284772 | took 0ms | statement | connection 27| url jdbc:h2:mem:6a3784ae-1aa6-4bbf-b617-4d4aeabcc2af
insert into score (facility_rank, facility_score, price_rank, price_score, rank_average, surround_rank, surround_score, view_rank, view_score, score_id) values (?, ?, ?, ?, ?, ?, ?, ?, ?, ?)
insert into score (facility_rank, facility_score, price_rank, price_score, rank_average, surround_rank, surround_score, view_rank, view_score, score_id) values (7.891608135736844, 1.1628565587788586, 1.0066105368069167, 3.469443904897024, 6.736460688895419, 9.080500199319886, 1.8954456167624933, 1.4820761537403992, 5.810367235849922, 787);
2022-10-10 13:48:04.772  INFO 3923 --- [    Test worker] p6spy                                    : #1665377284772 | took 0ms | statement | connection 27| url jdbc:h2:mem:6a3784ae-1aa6-4bbf-b617-4d4aeabcc2af
insert into picture (spot_id, url, picture_id) values (?, ?, ?)
insert into picture (spot_id, url, picture_id) values (NULL, 'java.io.StringReader@76d921ec', 3201);
2022-10-10 13:48:04.772  INFO 3923 --- [    Test worker] p6spy                                    : #1665377284772 | took 0ms | statement | connection 27| url jdbc:h2:mem:6a3784ae-1aa6-4bbf-b617-4d4aeabcc2af
insert into picture (spot_id, url, picture_id) values (?, ?, ?)
insert into picture (spot_id, url, picture_id) values (NULL, 'java.io.StringReader@5ff29630', 3202);
2022-10-10 13:48:04.772  INFO 3923 --- [    Test worker] p6spy                                    : #1665377284772 | took 0ms | statement | connection 27| url jdbc:h2:mem:6a3784ae-1aa6-4bbf-b617-4d4aeabcc2af
insert into picture (spot_id, url, picture_id) values (?, ?, ?)
insert into picture (spot_id, url, picture_id) values (NULL, 'java.io.StringReader@252f9e9f', 3203);
2022-10-10 13:48:04.772  INFO 3923 --- [    Test worker] p6spy                                    : #1665377284772 | took 0ms | statement | connection 27| url jdbc:h2:mem:6a3784ae-1aa6-4bbf-b617-4d4aeabcc2af
insert into spot (address, description, location, name, score_id, spot_id) values (?, ?, ?, ?, ?, ?)
insert into spot (address, description, location, name, score_id, spot_id) values (NULL, NULL, 'Andeok_myeon', NULL, 787, 853);
2022-10-10 13:48:04.772  INFO 3923 --- [    Test worker] p6spy                                    : #1665377284772 | took 0ms | statement | connection 27| url jdbc:h2:mem:6a3784ae-1aa6-4bbf-b617-4d4aeabcc2af
insert into member_spot (member_id, score, spot_id, member_spot_id) values (?, ?, ?, ?)
insert into member_spot (member_id, score, spot_id, member_spot_id) values (22, 0.0, 853, 3204);
2022-10-10 13:48:04.772  INFO 3923 --- [    Test worker] p6spy                                    : #1665377284772 | took 0ms | statement | connection 27| url jdbc:h2:mem:6a3784ae-1aa6-4bbf-b617-4d4aeabcc2af
insert into review (content, spot_id, review_id) values (?, ?, ?)
insert into review (content, spot_id, review_id) values ('java.io.StringReader@78488573', 769, 789);
2022-10-10 13:48:04.772  INFO 3923 --- [    Test worker] p6spy                                    : #1665377284772 | took 0ms | statement | connection 27| url jdbc:h2:mem:6a3784ae-1aa6-4bbf-b617-4d4aeabcc2af
insert into favorite_spot (count, favorite_id, spot_id, favorite_spot_id) values (?, ?, ?, ?)
insert into favorite_spot (count, favorite_id, spot_id, favorite_spot_id) values (0, 42, 853, 569);
2022-10-10 13:48:04.772  INFO 3923 --- [    Test worker] p6spy                                    : #1665377284772 | took 0ms | statement | connection 27| url jdbc:h2:mem:6a3784ae-1aa6-4bbf-b617-4d4aeabcc2af
insert into score (facility_rank, facility_score, price_rank, price_score, rank_average, surround_rank, surround_score, view_rank, view_score, score_id) values (?, ?, ?, ?, ?, ?, ?, ?, ?, ?)
insert into score (facility_rank, facility_score, price_rank, price_score, rank_average, surround_rank, surround_score, view_rank, view_score, score_id) values (7.968704530174859, 5.244763926144163, 2.764931565613754, 8.956130245908287, 8.468597374211788, 2.0728647487807628, 0.3337931246227699, 2.530964360470387, 7.227356801642451, 788);
2022-10-10 13:48:04.772  INFO 3923 --- [    Test worker] p6spy                                    : #1665377284772 | took 0ms | statement | connection 27| url jdbc:h2:mem:6a3784ae-1aa6-4bbf-b617-4d4aeabcc2af
insert into picture (spot_id, url, picture_id) values (?, ?, ?)
insert into picture (spot_id, url, picture_id) values (NULL, 'java.io.StringReader@3fe33568', 3205);
2022-10-10 13:48:04.772  INFO 3923 --- [    Test worker] p6spy                                    : #1665377284772 | took 0ms | statement | connection 27| url jdbc:h2:mem:6a3784ae-1aa6-4bbf-b617-4d4aeabcc2af
insert into picture (spot_id, url, picture_id) values (?, ?, ?)
insert into picture (spot_id, url, picture_id) values (NULL, 'java.io.StringReader@39adb7a5', 3206);
2022-10-10 13:48:04.772  INFO 3923 --- [    Test worker] p6spy                                    : #1665377284772 | took 0ms | statement | connection 27| url jdbc:h2:mem:6a3784ae-1aa6-4bbf-b617-4d4aeabcc2af
insert into picture (spot_id, url, picture_id) values (?, ?, ?)
insert into picture (spot_id, url, picture_id) values (NULL, 'java.io.StringReader@5f54d18e', 3207);
2022-10-10 13:48:04.772  INFO 3923 --- [    Test worker] p6spy                                    : #1665377284772 | took 0ms | statement | connection 27| url jdbc:h2:mem:6a3784ae-1aa6-4bbf-b617-4d4aeabcc2af
insert into spot (address, description, location, name, score_id, spot_id) values (?, ?, ?, ?, ?, ?)
insert into spot (address, description, location, name, score_id, spot_id) values (NULL, NULL, 'Andeok_myeon', NULL, 788, 854);
2022-10-10 13:48:04.773  INFO 3923 --- [    Test worker] p6spy                                    : #1665377284773 | took 0ms | statement | connection 27| url jdbc:h2:mem:6a3784ae-1aa6-4bbf-b617-4d4aeabcc2af
insert into member_spot (member_id, score, spot_id, member_spot_id) values (?, ?, ?, ?)
insert into member_spot (member_id, score, spot_id, member_spot_id) values (22, 0.0, 854, 3208);
2022-10-10 13:48:04.773  INFO 3923 --- [    Test worker] p6spy                                    : #1665377284773 | took 0ms | statement | connection 27| url jdbc:h2:mem:6a3784ae-1aa6-4bbf-b617-4d4aeabcc2af
insert into review (content, spot_id, review_id) values (?, ?, ?)
insert into review (content, spot_id, review_id) values ('java.io.StringReader@4f01d68d', 769, 790);
2022-10-10 13:48:04.773  INFO 3923 --- [    Test worker] p6spy                                    : #1665377284773 | took 0ms | statement | connection 27| url jdbc:h2:mem:6a3784ae-1aa6-4bbf-b617-4d4aeabcc2af
insert into score (facility_rank, facility_score, price_rank, price_score, rank_average, surround_rank, surround_score, view_rank, view_score, score_id) values (?, ?, ?, ?, ?, ?, ?, ?, ?, ?)
insert into score (facility_rank, facility_score, price_rank, price_score, rank_average, surround_rank, surround_score, view_rank, view_score, score_id) values (2.599036801529503, 8.40692089806232, 9.251711257461992, 1.737569075108052, 3.8316396466011637, 1.9088710927072594, 5.49206958014998, 0.213939476550431, 2.7890511822595245, 789);
2022-10-10 13:48:04.773  INFO 3923 --- [    Test worker] p6spy                                    : #1665377284773 | took 0ms | statement | connection 27| url jdbc:h2:mem:6a3784ae-1aa6-4bbf-b617-4d4aeabcc2af
insert into picture (spot_id, url, picture_id) values (?, ?, ?)
insert into picture (spot_id, url, picture_id) values (NULL, 'java.io.StringReader@5d9b4fa4', 3209);
2022-10-10 13:48:04.773  INFO 3923 --- [    Test worker] p6spy                                    : #1665377284773 | took 0ms | statement | connection 27| url jdbc:h2:mem:6a3784ae-1aa6-4bbf-b617-4d4aeabcc2af
insert into picture (spot_id, url, picture_id) values (?, ?, ?)
insert into picture (spot_id, url, picture_id) values (NULL, 'java.io.StringReader@7e713ed', 3210);
2022-10-10 13:48:04.773  INFO 3923 --- [    Test worker] p6spy                                    : #1665377284773 | took 0ms | statement | connection 27| url jdbc:h2:mem:6a3784ae-1aa6-4bbf-b617-4d4aeabcc2af
insert into picture (spot_id, url, picture_id) values (?, ?, ?)
insert into picture (spot_id, url, picture_id) values (NULL, 'java.io.StringReader@6897ef5b', 3211);
2022-10-10 13:48:04.773  INFO 3923 --- [    Test worker] p6spy                                    : #1665377284773 | took 0ms | statement | connection 27| url jdbc:h2:mem:6a3784ae-1aa6-4bbf-b617-4d4aeabcc2af
insert into spot (address, description, location, name, score_id, spot_id) values (?, ?, ?, ?, ?, ?)
insert into spot (address, description, location, name, score_id, spot_id) values (NULL, NULL, 'Andeok_myeon', NULL, 789, 855);
2022-10-10 13:48:04.773  INFO 3923 --- [    Test worker] p6spy                                    : #1665377284773 | took 0ms | statement | connection 27| url jdbc:h2:mem:6a3784ae-1aa6-4bbf-b617-4d4aeabcc2af
insert into member_spot (member_id, score, spot_id, member_spot_id) values (?, ?, ?, ?)
insert into member_spot (member_id, score, spot_id, member_spot_id) values (22, 0.0, 855, 3212);
2022-10-10 13:48:04.773  INFO 3923 --- [    Test worker] p6spy                                    : #1665377284773 | took 0ms | statement | connection 27| url jdbc:h2:mem:6a3784ae-1aa6-4bbf-b617-4d4aeabcc2af
insert into review (content, spot_id, review_id) values (?, ?, ?)
insert into review (content, spot_id, review_id) values ('java.io.StringReader@394059d6', 769, 791);
2022-10-10 13:48:04.773  INFO 3923 --- [    Test worker] p6spy                                    : #1665377284773 | took 0ms | statement | connection 27| url jdbc:h2:mem:6a3784ae-1aa6-4bbf-b617-4d4aeabcc2af
insert into favorite_spot (count, favorite_id, spot_id, favorite_spot_id) values (?, ?, ?, ?)
insert into favorite_spot (count, favorite_id, spot_id, favorite_spot_id) values (0, 42, 855, 570);
2022-10-10 13:48:04.773  INFO 3923 --- [    Test worker] p6spy                                    : #1665377284773 | took 0ms | statement | connection 27| url jdbc:h2:mem:6a3784ae-1aa6-4bbf-b617-4d4aeabcc2af
insert into score (facility_rank, facility_score, price_rank, price_score, rank_average, surround_rank, surround_score, view_rank, view_score, score_id) values (?, ?, ?, ?, ?, ?, ?, ?, ?, ?)
insert into score (facility_rank, facility_score, price_rank, price_score, rank_average, surround_rank, surround_score, view_rank, view_score, score_id) values (9.376047028990977, 8.764989023912166, 1.1521787369705905, 0.03842361288798113, 5.8440411154227405, 0.21990028889058322, 0.7136045724490259, 8.2907498113098, 1.5394631121472724, 790);
2022-10-10 13:48:04.773  INFO 3923 --- [    Test worker] p6spy                                    : #1665377284773 | took 0ms | statement | connection 27| url jdbc:h2:mem:6a3784ae-1aa6-4bbf-b617-4d4aeabcc2af
insert into picture (spot_id, url, picture_id) values (?, ?, ?)
insert into picture (spot_id, url, picture_id) values (NULL, 'java.io.StringReader@24650a26', 3213);
2022-10-10 13:48:04.773  INFO 3923 --- [    Test worker] p6spy                                    : #1665377284773 | took 0ms | statement | connection 27| url jdbc:h2:mem:6a3784ae-1aa6-4bbf-b617-4d4aeabcc2af
insert into picture (spot_id, url, picture_id) values (?, ?, ?)
insert into picture (spot_id, url, picture_id) values (NULL, 'java.io.StringReader@2a693f93', 3214);
2022-10-10 13:48:04.773  INFO 3923 --- [    Test worker] p6spy                                    : #1665377284773 | took 0ms | statement | connection 27| url jdbc:h2:mem:6a3784ae-1aa6-4bbf-b617-4d4aeabcc2af
insert into picture (spot_id, url, picture_id) values (?, ?, ?)
insert into picture (spot_id, url, picture_id) values (NULL, 'java.io.StringReader@60451d22', 3215);
2022-10-10 13:48:04.773  INFO 3923 --- [    Test worker] p6spy                                    : #1665377284773 | took 0ms | statement | connection 27| url jdbc:h2:mem:6a3784ae-1aa6-4bbf-b617-4d4aeabcc2af
insert into spot (address, description, location, name, score_id, spot_id) values (?, ?, ?, ?, ?, ?)
insert into spot (address, description, location, name, score_id, spot_id) values (NULL, NULL, 'Andeok_myeon', NULL, 790, 856);
2022-10-10 13:48:04.773  INFO 3923 --- [    Test worker] p6spy                                    : #1665377284773 | took 0ms | statement | connection 27| url jdbc:h2:mem:6a3784ae-1aa6-4bbf-b617-4d4aeabcc2af
insert into member_spot (member_id, score, spot_id, member_spot_id) values (?, ?, ?, ?)
insert into member_spot (member_id, score, spot_id, member_spot_id) values (22, 0.0, 856, 3216);
2022-10-10 13:48:04.773  INFO 3923 --- [    Test worker] p6spy                                    : #1665377284773 | took 0ms | statement | connection 27| url jdbc:h2:mem:6a3784ae-1aa6-4bbf-b617-4d4aeabcc2af
insert into review (content, spot_id, review_id) values (?, ?, ?)
insert into review (content, spot_id, review_id) values ('java.io.StringReader@7061f42a', 769, 792);
2022-10-10 13:48:04.773  INFO 3923 --- [    Test worker] p6spy                                    : #1665377284773 | took 0ms | statement | connection 27| url jdbc:h2:mem:6a3784ae-1aa6-4bbf-b617-4d4aeabcc2af
insert into score (facility_rank, facility_score, price_rank, price_score, rank_average, surround_rank, surround_score, view_rank, view_score, score_id) values (?, ?, ?, ?, ?, ?, ?, ?, ?, ?)
insert into score (facility_rank, facility_score, price_rank, price_score, rank_average, surround_rank, surround_score, view_rank, view_score, score_id) values (0.14408227947494745, 1.7081747989250362, 3.561482726032481, 4.503572193329617, 4.8489985015598815, 4.3583365777191325, 7.9309312208974605, 8.26814433835122, 2.739810468565731, 791);
2022-10-10 13:48:04.773  INFO 3923 --- [    Test worker] p6spy                                    : #1665377284773 | took 0ms | statement | connection 27| url jdbc:h2:mem:6a3784ae-1aa6-4bbf-b617-4d4aeabcc2af
insert into picture (spot_id, url, picture_id) values (?, ?, ?)
insert into picture (spot_id, url, picture_id) values (NULL, 'java.io.StringReader@35aadef8', 3217);
2022-10-10 13:48:04.773  INFO 3923 --- [    Test worker] p6spy                                    : #1665377284773 | took 0ms | statement | connection 27| url jdbc:h2:mem:6a3784ae-1aa6-4bbf-b617-4d4aeabcc2af
insert into picture (spot_id, url, picture_id) values (?, ?, ?)
insert into picture (spot_id, url, picture_id) values (NULL, 'java.io.StringReader@1da4c9be', 3218);
2022-10-10 13:48:04.773  INFO 3923 --- [    Test worker] p6spy                                    : #1665377284773 | took 0ms | statement | connection 27| url jdbc:h2:mem:6a3784ae-1aa6-4bbf-b617-4d4aeabcc2af
insert into picture (spot_id, url, picture_id) values (?, ?, ?)
insert into picture (spot_id, url, picture_id) values (NULL, 'java.io.StringReader@160daefa', 3219);
2022-10-10 13:48:04.773  INFO 3923 --- [    Test worker] p6spy                                    : #1665377284773 | took 0ms | statement | connection 27| url jdbc:h2:mem:6a3784ae-1aa6-4bbf-b617-4d4aeabcc2af
insert into spot (address, description, location, name, score_id, spot_id) values (?, ?, ?, ?, ?, ?)
insert into spot (address, description, location, name, score_id, spot_id) values (NULL, NULL, 'Andeok_myeon', NULL, 791, 857);
2022-10-10 13:48:04.773  INFO 3923 --- [    Test worker] p6spy                                    : #1665377284773 | took 0ms | statement | connection 27| url jdbc:h2:mem:6a3784ae-1aa6-4bbf-b617-4d4aeabcc2af
insert into member_spot (member_id, score, spot_id, member_spot_id) values (?, ?, ?, ?)
insert into member_spot (member_id, score, spot_id, member_spot_id) values (22, 0.0, 857, 3220);
2022-10-10 13:48:04.773  INFO 3923 --- [    Test worker] p6spy                                    : #1665377284773 | took 0ms | statement | connection 27| url jdbc:h2:mem:6a3784ae-1aa6-4bbf-b617-4d4aeabcc2af
insert into review (content, spot_id, review_id) values (?, ?, ?)
insert into review (content, spot_id, review_id) values ('java.io.StringReader@381f2af0', 769, 793);
2022-10-10 13:48:04.773  INFO 3923 --- [    Test worker] p6spy                                    : #1665377284773 | took 0ms | statement | connection 27| url jdbc:h2:mem:6a3784ae-1aa6-4bbf-b617-4d4aeabcc2af
insert into favorite_spot (count, favorite_id, spot_id, favorite_spot_id) values (?, ?, ?, ?)
insert into favorite_spot (count, favorite_id, spot_id, favorite_spot_id) values (0, 42, 857, 571);
2022-10-10 13:48:04.773  INFO 3923 --- [    Test worker] p6spy                                    : #1665377284773 | took 0ms | statement | connection 27| url jdbc:h2:mem:6a3784ae-1aa6-4bbf-b617-4d4aeabcc2af
insert into score (facility_rank, facility_score, price_rank, price_score, rank_average, surround_rank, surround_score, view_rank, view_score, score_id) values (?, ?, ?, ?, ?, ?, ?, ?, ?, ?)
insert into score (facility_rank, facility_score, price_rank, price_score, rank_average, surround_rank, surround_score, view_rank, view_score, score_id) values (3.185450033701327, 4.883344739706285, 1.3996054360394583, 1.5003226690051463, 2.521644201045282, 5.883634210084048, 3.8220185348308555, 8.178312274647014, 5.322456389671548, 792);
2022-10-10 13:48:04.773  INFO 3923 --- [    Test worker] p6spy                                    : #1665377284773 | took 0ms | statement | connection 27| url jdbc:h2:mem:6a3784ae-1aa6-4bbf-b617-4d4aeabcc2af
insert into picture (spot_id, url, picture_id) values (?, ?, ?)
insert into picture (spot_id, url, picture_id) values (NULL, 'java.io.StringReader@74cb1bae', 3221);
2022-10-10 13:48:04.773  INFO 3923 --- [    Test worker] p6spy                                    : #1665377284773 | took 0ms | statement | connection 27| url jdbc:h2:mem:6a3784ae-1aa6-4bbf-b617-4d4aeabcc2af
insert into picture (spot_id, url, picture_id) values (?, ?, ?)
insert into picture (spot_id, url, picture_id) values (NULL, 'java.io.StringReader@11466776', 3222);
2022-10-10 13:48:04.773  INFO 3923 --- [    Test worker] p6spy                                    : #1665377284773 | took 0ms | statement | connection 27| url jdbc:h2:mem:6a3784ae-1aa6-4bbf-b617-4d4aeabcc2af
insert into picture (spot_id, url, picture_id) values (?, ?, ?)
insert into picture (spot_id, url, picture_id) values (NULL, 'java.io.StringReader@32cbc466', 3223);
2022-10-10 13:48:04.773  INFO 3923 --- [    Test worker] p6spy                                    : #1665377284773 | took 0ms | statement | connection 27| url jdbc:h2:mem:6a3784ae-1aa6-4bbf-b617-4d4aeabcc2af
insert into spot (address, description, location, name, score_id, spot_id) values (?, ?, ?, ?, ?, ?)
insert into spot (address, description, location, name, score_id, spot_id) values (NULL, NULL, 'Andeok_myeon', NULL, 792, 858);
2022-10-10 13:48:04.773  INFO 3923 --- [    Test worker] p6spy                                    : #1665377284773 | took 0ms | statement | connection 27| url jdbc:h2:mem:6a3784ae-1aa6-4bbf-b617-4d4aeabcc2af
insert into member_spot (member_id, score, spot_id, member_spot_id) values (?, ?, ?, ?)
insert into member_spot (member_id, score, spot_id, member_spot_id) values (22, 0.0, 858, 3224);
2022-10-10 13:48:04.773  INFO 3923 --- [    Test worker] p6spy                                    : #1665377284773 | took 0ms | statement | connection 27| url jdbc:h2:mem:6a3784ae-1aa6-4bbf-b617-4d4aeabcc2af
insert into review (content, spot_id, review_id) values (?, ?, ?)
insert into review (content, spot_id, review_id) values ('java.io.StringReader@7d014da1', 769, 794);
2022-10-10 13:48:04.774  INFO 3923 --- [    Test worker] p6spy                                    : #1665377284774 | took 0ms | statement | connection 27| url jdbc:h2:mem:6a3784ae-1aa6-4bbf-b617-4d4aeabcc2af
insert into score (facility_rank, facility_score, price_rank, price_score, rank_average, surround_rank, surround_score, view_rank, view_score, score_id) values (?, ?, ?, ?, ?, ?, ?, ?, ?, ?)
insert into score (facility_rank, facility_score, price_rank, price_score, rank_average, surround_rank, surround_score, view_rank, view_score, score_id) values (7.090737614593526, 7.140052602765296, 4.692839790788206, 7.862648830237683, 7.536965925196448, 3.9916118658327537, 7.768790754289311, 2.52463009773411, 2.629330164853574, 793);
2022-10-10 13:48:04.774  INFO 3923 --- [    Test worker] p6spy                                    : #1665377284774 | took 0ms | statement | connection 27| url jdbc:h2:mem:6a3784ae-1aa6-4bbf-b617-4d4aeabcc2af
insert into picture (spot_id, url, picture_id) values (?, ?, ?)
insert into picture (spot_id, url, picture_id) values (NULL, 'java.io.StringReader@7cbb796e', 3225);
2022-10-10 13:48:04.774  INFO 3923 --- [    Test worker] p6spy                                    : #1665377284774 | took 0ms | statement | connection 27| url jdbc:h2:mem:6a3784ae-1aa6-4bbf-b617-4d4aeabcc2af
insert into picture (spot_id, url, picture_id) values (?, ?, ?)
insert into picture (spot_id, url, picture_id) values (NULL, 'java.io.StringReader@1c1ddede', 3226);
2022-10-10 13:48:04.774  INFO 3923 --- [    Test worker] p6spy                                    : #1665377284774 | took 0ms | statement | connection 27| url jdbc:h2:mem:6a3784ae-1aa6-4bbf-b617-4d4aeabcc2af
insert into picture (spot_id, url, picture_id) values (?, ?, ?)
insert into picture (spot_id, url, picture_id) values (NULL, 'java.io.StringReader@69addf9a', 3227);
2022-10-10 13:48:04.774  INFO 3923 --- [    Test worker] p6spy                                    : #1665377284774 | took 0ms | statement | connection 27| url jdbc:h2:mem:6a3784ae-1aa6-4bbf-b617-4d4aeabcc2af
insert into spot (address, description, location, name, score_id, spot_id) values (?, ?, ?, ?, ?, ?)
insert into spot (address, description, location, name, score_id, spot_id) values (NULL, NULL, 'Andeok_myeon', NULL, 793, 859);
2022-10-10 13:48:04.774  INFO 3923 --- [    Test worker] p6spy                                    : #1665377284774 | took 0ms | statement | connection 27| url jdbc:h2:mem:6a3784ae-1aa6-4bbf-b617-4d4aeabcc2af
insert into member_spot (member_id, score, spot_id, member_spot_id) values (?, ?, ?, ?)
insert into member_spot (member_id, score, spot_id, member_spot_id) values (22, 0.0, 859, 3228);
2022-10-10 13:48:04.774  INFO 3923 --- [    Test worker] p6spy                                    : #1665377284774 | took 0ms | statement | connection 27| url jdbc:h2:mem:6a3784ae-1aa6-4bbf-b617-4d4aeabcc2af
insert into review (content, spot_id, review_id) values (?, ?, ?)
insert into review (content, spot_id, review_id) values ('java.io.StringReader@1afd4b64', 769, 795);
2022-10-10 13:48:04.774  INFO 3923 --- [    Test worker] p6spy                                    : #1665377284774 | took 0ms | statement | connection 27| url jdbc:h2:mem:6a3784ae-1aa6-4bbf-b617-4d4aeabcc2af
insert into favorite_spot (count, favorite_id, spot_id, favorite_spot_id) values (?, ?, ?, ?)
insert into favorite_spot (count, favorite_id, spot_id, favorite_spot_id) values (0, 42, 859, 572);
2022-10-10 13:48:04.774  INFO 3923 --- [    Test worker] p6spy                                    : #1665377284774 | took 0ms | statement | connection 27| url jdbc:h2:mem:6a3784ae-1aa6-4bbf-b617-4d4aeabcc2af
insert into score (facility_rank, facility_score, price_rank, price_score, rank_average, surround_rank, surround_score, view_rank, view_score, score_id) values (?, ?, ?, ?, ?, ?, ?, ?, ?, ?)
insert into score (facility_rank, facility_score, price_rank, price_score, rank_average, surround_rank, surround_score, view_rank, view_score, score_id) values (2.4090104233768295, 4.243311728308969, 3.319812013225205, 4.795988135090146, 2.783352856381338, 9.45953775819266, 0.21137195119241947, 9.213740571825452, 8.408491008873773, 794);
2022-10-10 13:48:04.774  INFO 3923 --- [    Test worker] p6spy                                    : #1665377284774 | took 0ms | statement | connection 27| url jdbc:h2:mem:6a3784ae-1aa6-4bbf-b617-4d4aeabcc2af
insert into picture (spot_id, url, picture_id) values (?, ?, ?)
insert into picture (spot_id, url, picture_id) values (NULL, 'java.io.StringReader@45c52b37', 3229);
2022-10-10 13:48:04.774  INFO 3923 --- [    Test worker] p6spy                                    : #1665377284774 | took 0ms | statement | connection 27| url jdbc:h2:mem:6a3784ae-1aa6-4bbf-b617-4d4aeabcc2af
insert into picture (spot_id, url, picture_id) values (?, ?, ?)
insert into picture (spot_id, url, picture_id) values (NULL, 'java.io.StringReader@3acc9b36', 3230);
2022-10-10 13:48:04.774  INFO 3923 --- [    Test worker] p6spy                                    : #1665377284774 | took 0ms | statement | connection 27| url jdbc:h2:mem:6a3784ae-1aa6-4bbf-b617-4d4aeabcc2af
insert into picture (spot_id, url, picture_id) values (?, ?, ?)
insert into picture (spot_id, url, picture_id) values (NULL, 'java.io.StringReader@169433d', 3231);
2022-10-10 13:48:04.774  INFO 3923 --- [    Test worker] p6spy                                    : #1665377284774 | took 0ms | statement | connection 27| url jdbc:h2:mem:6a3784ae-1aa6-4bbf-b617-4d4aeabcc2af
insert into spot (address, description, location, name, score_id, spot_id) values (?, ?, ?, ?, ?, ?)
insert into spot (address, description, location, name, score_id, spot_id) values (NULL, NULL, 'Andeok_myeon', NULL, 794, 860);
2022-10-10 13:48:04.774  INFO 3923 --- [    Test worker] p6spy                                    : #1665377284774 | took 0ms | statement | connection 27| url jdbc:h2:mem:6a3784ae-1aa6-4bbf-b617-4d4aeabcc2af
insert into member_spot (member_id, score, spot_id, member_spot_id) values (?, ?, ?, ?)
insert into member_spot (member_id, score, spot_id, member_spot_id) values (22, 0.0, 860, 3232);
2022-10-10 13:48:04.774  INFO 3923 --- [    Test worker] p6spy                                    : #1665377284774 | took 0ms | statement | connection 27| url jdbc:h2:mem:6a3784ae-1aa6-4bbf-b617-4d4aeabcc2af
insert into review (content, spot_id, review_id) values (?, ?, ?)
insert into review (content, spot_id, review_id) values ('java.io.StringReader@194edb78', 769, 796);
2022-10-10 13:48:04.774  INFO 3923 --- [    Test worker] p6spy                                    : #1665377284774 | took 0ms | statement | connection 27| url jdbc:h2:mem:6a3784ae-1aa6-4bbf-b617-4d4aeabcc2af
insert into score (facility_rank, facility_score, price_rank, price_score, rank_average, surround_rank, surround_score, view_rank, view_score, score_id) values (?, ?, ?, ?, ?, ?, ?, ?, ?, ?)
insert into score (facility_rank, facility_score, price_rank, price_score, rank_average, surround_rank, surround_score, view_rank, view_score, score_id) values (8.34618193074047, 3.146170218605051, 4.922859621186484, 0.6415643058399478, 6.65026499913767, 7.871837303662389, 7.624690179747301, 6.812193225068369, 4.2752008154214565, 795);
2022-10-10 13:48:04.774  INFO 3923 --- [    Test worker] p6spy                                    : #1665377284774 | took 0ms | statement | connection 27| url jdbc:h2:mem:6a3784ae-1aa6-4bbf-b617-4d4aeabcc2af
insert into picture (spot_id, url, picture_id) values (?, ?, ?)
insert into picture (spot_id, url, picture_id) values (NULL, 'java.io.StringReader@22d6b630', 3233);
2022-10-10 13:48:04.774  INFO 3923 --- [    Test worker] p6spy                                    : #1665377284774 | took 0ms | statement | connection 27| url jdbc:h2:mem:6a3784ae-1aa6-4bbf-b617-4d4aeabcc2af
insert into picture (spot_id, url, picture_id) values (?, ?, ?)
insert into picture (spot_id, url, picture_id) values (NULL, 'java.io.StringReader@714e04a2', 3234);
2022-10-10 13:48:04.774  INFO 3923 --- [    Test worker] p6spy                                    : #1665377284774 | took 0ms | statement | connection 27| url jdbc:h2:mem:6a3784ae-1aa6-4bbf-b617-4d4aeabcc2af
insert into picture (spot_id, url, picture_id) values (?, ?, ?)
insert into picture (spot_id, url, picture_id) values (NULL, 'java.io.StringReader@6deb0d69', 3235);
2022-10-10 13:48:04.774  INFO 3923 --- [    Test worker] p6spy                                    : #1665377284774 | took 0ms | statement | connection 27| url jdbc:h2:mem:6a3784ae-1aa6-4bbf-b617-4d4aeabcc2af
insert into spot (address, description, location, name, score_id, spot_id) values (?, ?, ?, ?, ?, ?)
insert into spot (address, description, location, name, score_id, spot_id) values (NULL, NULL, 'Andeok_myeon', NULL, 795, 861);
2022-10-10 13:48:04.774  INFO 3923 --- [    Test worker] p6spy                                    : #1665377284774 | took 0ms | statement | connection 27| url jdbc:h2:mem:6a3784ae-1aa6-4bbf-b617-4d4aeabcc2af
insert into member_spot (member_id, score, spot_id, member_spot_id) values (?, ?, ?, ?)
insert into member_spot (member_id, score, spot_id, member_spot_id) values (22, 0.0, 861, 3236);
2022-10-10 13:48:04.774  INFO 3923 --- [    Test worker] p6spy                                    : #1665377284774 | took 0ms | statement | connection 27| url jdbc:h2:mem:6a3784ae-1aa6-4bbf-b617-4d4aeabcc2af
insert into review (content, spot_id, review_id) values (?, ?, ?)
insert into review (content, spot_id, review_id) values ('java.io.StringReader@11508adc', 769, 797);
2022-10-10 13:48:04.774  INFO 3923 --- [    Test worker] p6spy                                    : #1665377284774 | took 0ms | statement | connection 27| url jdbc:h2:mem:6a3784ae-1aa6-4bbf-b617-4d4aeabcc2af
insert into favorite_spot (count, favorite_id, spot_id, favorite_spot_id) values (?, ?, ?, ?)
insert into favorite_spot (count, favorite_id, spot_id, favorite_spot_id) values (0, 42, 861, 573);
2022-10-10 13:48:04.774  INFO 3923 --- [    Test worker] p6spy                                    : #1665377284774 | took 0ms | statement | connection 27| url jdbc:h2:mem:6a3784ae-1aa6-4bbf-b617-4d4aeabcc2af
insert into score (facility_rank, facility_score, price_rank, price_score, rank_average, surround_rank, surround_score, view_rank, view_score, score_id) values (?, ?, ?, ?, ?, ?, ?, ?, ?, ?)
insert into score (facility_rank, facility_score, price_rank, price_score, rank_average, surround_rank, surround_score, view_rank, view_score, score_id) values (4.308350289365642, 7.3758408310158305, 9.689170090836924, 1.8748277390627166, 0.2647812987512943, 5.553020123568779, 7.474050831778655, 5.701909134474494, 3.4820584203173843, 796);
2022-10-10 13:48:04.774  INFO 3923 --- [    Test worker] p6spy                                    : #1665377284774 | took 0ms | statement | connection 27| url jdbc:h2:mem:6a3784ae-1aa6-4bbf-b617-4d4aeabcc2af
insert into picture (spot_id, url, picture_id) values (?, ?, ?)
insert into picture (spot_id, url, picture_id) values (NULL, 'java.io.StringReader@49431ad3', 3237);
2022-10-10 13:48:04.774  INFO 3923 --- [    Test worker] p6spy                                    : #1665377284774 | took 0ms | statement | connection 27| url jdbc:h2:mem:6a3784ae-1aa6-4bbf-b617-4d4aeabcc2af
insert into picture (spot_id, url, picture_id) values (?, ?, ?)
insert into picture (spot_id, url, picture_id) values (NULL, 'java.io.StringReader@78c0c397', 3238);
2022-10-10 13:48:04.774  INFO 3923 --- [    Test worker] p6spy                                    : #1665377284774 | took 0ms | statement | connection 27| url jdbc:h2:mem:6a3784ae-1aa6-4bbf-b617-4d4aeabcc2af
insert into picture (spot_id, url, picture_id) values (?, ?, ?)
insert into picture (spot_id, url, picture_id) values (NULL, 'java.io.StringReader@677f2571', 3239);
2022-10-10 13:48:04.774  INFO 3923 --- [    Test worker] p6spy                                    : #1665377284774 | took 0ms | statement | connection 27| url jdbc:h2:mem:6a3784ae-1aa6-4bbf-b617-4d4aeabcc2af
insert into spot (address, description, location, name, score_id, spot_id) values (?, ?, ?, ?, ?, ?)
insert into spot (address, description, location, name, score_id, spot_id) values (NULL, NULL, 'Andeok_myeon', NULL, 796, 862);
2022-10-10 13:48:04.774  INFO 3923 --- [    Test worker] p6spy                                    : #1665377284774 | took 0ms | statement | connection 27| url jdbc:h2:mem:6a3784ae-1aa6-4bbf-b617-4d4aeabcc2af
insert into member_spot (member_id, score, spot_id, member_spot_id) values (?, ?, ?, ?)
insert into member_spot (member_id, score, spot_id, member_spot_id) values (22, 0.0, 862, 3240);
2022-10-10 13:48:04.774  INFO 3923 --- [    Test worker] p6spy                                    : #1665377284774 | took 0ms | statement | connection 27| url jdbc:h2:mem:6a3784ae-1aa6-4bbf-b617-4d4aeabcc2af
insert into review (content, spot_id, review_id) values (?, ?, ?)
insert into review (content, spot_id, review_id) values ('java.io.StringReader@35552cc0', 769, 798);
2022-10-10 13:48:04.774  INFO 3923 --- [    Test worker] p6spy                                    : #1665377284774 | took 0ms | statement | connection 27| url jdbc:h2:mem:6a3784ae-1aa6-4bbf-b617-4d4aeabcc2af
insert into score (facility_rank, facility_score, price_rank, price_score, rank_average, surround_rank, surround_score, view_rank, view_score, score_id) values (?, ?, ?, ?, ?, ?, ?, ?, ?, ?)
insert into score (facility_rank, facility_score, price_rank, price_score, rank_average, surround_rank, surround_score, view_rank, view_score, score_id) values (2.6931919119427548, 4.362946605612471, 5.494685896404872, 4.947522206496507, 2.246657146785671, 7.030039530560453, 4.55567680320613, 8.808565715535824, 6.859473626525935, 797);
2022-10-10 13:48:04.774  INFO 3923 --- [    Test worker] p6spy                                    : #1665377284774 | took 0ms | statement | connection 27| url jdbc:h2:mem:6a3784ae-1aa6-4bbf-b617-4d4aeabcc2af
insert into picture (spot_id, url, picture_id) values (?, ?, ?)
insert into picture (spot_id, url, picture_id) values (NULL, 'java.io.StringReader@3aff4cb2', 3241);
2022-10-10 13:48:04.774  INFO 3923 --- [    Test worker] p6spy                                    : #1665377284774 | took 0ms | statement | connection 27| url jdbc:h2:mem:6a3784ae-1aa6-4bbf-b617-4d4aeabcc2af
insert into picture (spot_id, url, picture_id) values (?, ?, ?)
insert into picture (spot_id, url, picture_id) values (NULL, 'java.io.StringReader@8366e38', 3242);
2022-10-10 13:48:04.774  INFO 3923 --- [    Test worker] p6spy                                    : #1665377284774 | took 0ms | statement | connection 27| url jdbc:h2:mem:6a3784ae-1aa6-4bbf-b617-4d4aeabcc2af
insert into picture (spot_id, url, picture_id) values (?, ?, ?)
insert into picture (spot_id, url, picture_id) values (NULL, 'java.io.StringReader@6999f4b7', 3243);
2022-10-10 13:48:04.774  INFO 3923 --- [    Test worker] p6spy                                    : #1665377284774 | took 0ms | statement | connection 27| url jdbc:h2:mem:6a3784ae-1aa6-4bbf-b617-4d4aeabcc2af
insert into spot (address, description, location, name, score_id, spot_id) values (?, ?, ?, ?, ?, ?)
insert into spot (address, description, location, name, score_id, spot_id) values (NULL, NULL, 'Andeok_myeon', NULL, 797, 863);
2022-10-10 13:48:04.774  INFO 3923 --- [    Test worker] p6spy                                    : #1665377284774 | took 0ms | statement | connection 27| url jdbc:h2:mem:6a3784ae-1aa6-4bbf-b617-4d4aeabcc2af
insert into member_spot (member_id, score, spot_id, member_spot_id) values (?, ?, ?, ?)
insert into member_spot (member_id, score, spot_id, member_spot_id) values (22, 0.0, 863, 3244);
2022-10-10 13:48:04.774  INFO 3923 --- [    Test worker] p6spy                                    : #1665377284774 | took 0ms | statement | connection 27| url jdbc:h2:mem:6a3784ae-1aa6-4bbf-b617-4d4aeabcc2af
insert into review (content, spot_id, review_id) values (?, ?, ?)
insert into review (content, spot_id, review_id) values ('java.io.StringReader@6c71b6a4', 769, 799);
2022-10-10 13:48:04.774  INFO 3923 --- [    Test worker] p6spy                                    : #1665377284774 | took 0ms | statement | connection 27| url jdbc:h2:mem:6a3784ae-1aa6-4bbf-b617-4d4aeabcc2af
insert into favorite_spot (count, favorite_id, spot_id, favorite_spot_id) values (?, ?, ?, ?)
insert into favorite_spot (count, favorite_id, spot_id, favorite_spot_id) values (0, 42, 863, 574);
2022-10-10 13:48:04.774  INFO 3923 --- [    Test worker] p6spy                                    : #1665377284774 | took 0ms | statement | connection 27| url jdbc:h2:mem:6a3784ae-1aa6-4bbf-b617-4d4aeabcc2af
insert into score (facility_rank, facility_score, price_rank, price_score, rank_average, surround_rank, surround_score, view_rank, view_score, score_id) values (?, ?, ?, ?, ?, ?, ?, ?, ?, ?)
insert into score (facility_rank, facility_score, price_rank, price_score, rank_average, surround_rank, surround_score, view_rank, view_score, score_id) values (4.111320973430041, 4.6340748653352914, 1.980527837257361, 5.256608225502838, 5.488216792144096, 0.864206370583982, 0.43914830507746694, 9.569188627743706, 4.67796014476244, 798);
2022-10-10 13:48:04.774  INFO 3923 --- [    Test worker] p6spy                                    : #1665377284774 | took 0ms | statement | connection 27| url jdbc:h2:mem:6a3784ae-1aa6-4bbf-b617-4d4aeabcc2af
insert into picture (spot_id, url, picture_id) values (?, ?, ?)
insert into picture (spot_id, url, picture_id) values (NULL, 'java.io.StringReader@4f4ead2a', 3245);
2022-10-10 13:48:04.774  INFO 3923 --- [    Test worker] p6spy                                    : #1665377284774 | took 0ms | statement | connection 27| url jdbc:h2:mem:6a3784ae-1aa6-4bbf-b617-4d4aeabcc2af
insert into picture (spot_id, url, picture_id) values (?, ?, ?)
insert into picture (spot_id, url, picture_id) values (NULL, 'java.io.StringReader@72d99216', 3246);
2022-10-10 13:48:04.774  INFO 3923 --- [    Test worker] p6spy                                    : #1665377284774 | took 0ms | statement | connection 27| url jdbc:h2:mem:6a3784ae-1aa6-4bbf-b617-4d4aeabcc2af
insert into picture (spot_id, url, picture_id) values (?, ?, ?)
insert into picture (spot_id, url, picture_id) values (NULL, 'java.io.StringReader@7d5116b0', 3247);
2022-10-10 13:48:04.774  INFO 3923 --- [    Test worker] p6spy                                    : #1665377284774 | took 0ms | statement | connection 27| url jdbc:h2:mem:6a3784ae-1aa6-4bbf-b617-4d4aeabcc2af
insert into spot (address, description, location, name, score_id, spot_id) values (?, ?, ?, ?, ?, ?)
insert into spot (address, description, location, name, score_id, spot_id) values (NULL, NULL, 'Andeok_myeon', NULL, 798, 864);
2022-10-10 13:48:04.774  INFO 3923 --- [    Test worker] p6spy                                    : #1665377284774 | took 0ms | statement | connection 27| url jdbc:h2:mem:6a3784ae-1aa6-4bbf-b617-4d4aeabcc2af
insert into member_spot (member_id, score, spot_id, member_spot_id) values (?, ?, ?, ?)
insert into member_spot (member_id, score, spot_id, member_spot_id) values (22, 0.0, 864, 3248);
2022-10-10 13:48:04.774  INFO 3923 --- [    Test worker] p6spy                                    : #1665377284774 | took 0ms | statement | connection 27| url jdbc:h2:mem:6a3784ae-1aa6-4bbf-b617-4d4aeabcc2af
insert into review (content, spot_id, review_id) values (?, ?, ?)
insert into review (content, spot_id, review_id) values ('java.io.StringReader@678534e0', 769, 800);
2022-10-10 13:48:04.775  INFO 3923 --- [    Test worker] p6spy                                    : #1665377284775 | took 0ms | statement | connection 27| url jdbc:h2:mem:6a3784ae-1aa6-4bbf-b617-4d4aeabcc2af
insert into score (facility_rank, facility_score, price_rank, price_score, rank_average, surround_rank, surround_score, view_rank, view_score, score_id) values (?, ?, ?, ?, ?, ?, ?, ?, ?, ?)
insert into score (facility_rank, facility_score, price_rank, price_score, rank_average, surround_rank, surround_score, view_rank, view_score, score_id) values (3.4515945214973396, 8.021377272381526, 8.135716873465121, 2.0615994110978395, 1.5615110628941797, 3.9633329345675916, 8.745941460519768, 6.811220681237584, 0.40046347741456767, 799);
2022-10-10 13:48:04.775  INFO 3923 --- [    Test worker] p6spy                                    : #1665377284775 | took 0ms | statement | connection 27| url jdbc:h2:mem:6a3784ae-1aa6-4bbf-b617-4d4aeabcc2af
insert into picture (spot_id, url, picture_id) values (?, ?, ?)
insert into picture (spot_id, url, picture_id) values (NULL, 'java.io.StringReader@1b73e384', 3249);
2022-10-10 13:48:04.775  INFO 3923 --- [    Test worker] p6spy                                    : #1665377284775 | took 0ms | statement | connection 27| url jdbc:h2:mem:6a3784ae-1aa6-4bbf-b617-4d4aeabcc2af
insert into picture (spot_id, url, picture_id) values (?, ?, ?)
insert into picture (spot_id, url, picture_id) values (NULL, 'java.io.StringReader@7817fee1', 3250);
2022-10-10 13:48:04.775  INFO 3923 --- [    Test worker] p6spy                                    : #1665377284775 | took 0ms | statement | connection 27| url jdbc:h2:mem:6a3784ae-1aa6-4bbf-b617-4d4aeabcc2af
insert into picture (spot_id, url, picture_id) values (?, ?, ?)
insert into picture (spot_id, url, picture_id) values (NULL, 'java.io.StringReader@6b6efc44', 3251);
2022-10-10 13:48:04.775  INFO 3923 --- [    Test worker] p6spy                                    : #1665377284775 | took 0ms | statement | connection 27| url jdbc:h2:mem:6a3784ae-1aa6-4bbf-b617-4d4aeabcc2af
insert into spot (address, description, location, name, score_id, spot_id) values (?, ?, ?, ?, ?, ?)
insert into spot (address, description, location, name, score_id, spot_id) values (NULL, NULL, 'Andeok_myeon', NULL, 799, 865);
2022-10-10 13:48:04.775  INFO 3923 --- [    Test worker] p6spy                                    : #1665377284775 | took 0ms | statement | connection 27| url jdbc:h2:mem:6a3784ae-1aa6-4bbf-b617-4d4aeabcc2af
insert into member_spot (member_id, score, spot_id, member_spot_id) values (?, ?, ?, ?)
insert into member_spot (member_id, score, spot_id, member_spot_id) values (22, 0.0, 865, 3252);
2022-10-10 13:48:04.775  INFO 3923 --- [    Test worker] p6spy                                    : #1665377284775 | took 0ms | statement | connection 27| url jdbc:h2:mem:6a3784ae-1aa6-4bbf-b617-4d4aeabcc2af
insert into review (content, spot_id, review_id) values (?, ?, ?)
insert into review (content, spot_id, review_id) values ('java.io.StringReader@66e7a5b2', 769, 801);
2022-10-10 13:48:04.775  INFO 3923 --- [    Test worker] p6spy                                    : #1665377284775 | took 0ms | statement | connection 27| url jdbc:h2:mem:6a3784ae-1aa6-4bbf-b617-4d4aeabcc2af
insert into favorite_spot (count, favorite_id, spot_id, favorite_spot_id) values (?, ?, ?, ?)
insert into favorite_spot (count, favorite_id, spot_id, favorite_spot_id) values (0, 42, 865, 575);
2022-10-10 13:48:04.775  INFO 3923 --- [    Test worker] p6spy                                    : #1665377284775 | took 0ms | statement | connection 27| url jdbc:h2:mem:6a3784ae-1aa6-4bbf-b617-4d4aeabcc2af
insert into score (facility_rank, facility_score, price_rank, price_score, rank_average, surround_rank, surround_score, view_rank, view_score, score_id) values (?, ?, ?, ?, ?, ?, ?, ?, ?, ?)
insert into score (facility_rank, facility_score, price_rank, price_score, rank_average, surround_rank, surround_score, view_rank, view_score, score_id) values (8.148713619745163, 1.590254229306951, 3.237936026021547, 2.549975485109731, 1.0127028977750474, 9.38259831574253, 6.30369547000642, 7.733487055533232, 4.368515350026946, 800);
2022-10-10 13:48:04.775  INFO 3923 --- [    Test worker] p6spy                                    : #1665377284775 | took 0ms | statement | connection 27| url jdbc:h2:mem:6a3784ae-1aa6-4bbf-b617-4d4aeabcc2af
insert into picture (spot_id, url, picture_id) values (?, ?, ?)
insert into picture (spot_id, url, picture_id) values (NULL, 'java.io.StringReader@7d427a2f', 3253);
2022-10-10 13:48:04.775  INFO 3923 --- [    Test worker] p6spy                                    : #1665377284775 | took 0ms | statement | connection 27| url jdbc:h2:mem:6a3784ae-1aa6-4bbf-b617-4d4aeabcc2af
insert into picture (spot_id, url, picture_id) values (?, ?, ?)
insert into picture (spot_id, url, picture_id) values (NULL, 'java.io.StringReader@76d041bb', 3254);
2022-10-10 13:48:04.775  INFO 3923 --- [    Test worker] p6spy                                    : #1665377284775 | took 0ms | statement | connection 27| url jdbc:h2:mem:6a3784ae-1aa6-4bbf-b617-4d4aeabcc2af
insert into picture (spot_id, url, picture_id) values (?, ?, ?)
insert into picture (spot_id, url, picture_id) values (NULL, 'java.io.StringReader@6d7e6d52', 3255);
2022-10-10 13:48:04.775  INFO 3923 --- [    Test worker] p6spy                                    : #1665377284775 | took 0ms | statement | connection 27| url jdbc:h2:mem:6a3784ae-1aa6-4bbf-b617-4d4aeabcc2af
insert into spot (address, description, location, name, score_id, spot_id) values (?, ?, ?, ?, ?, ?)
insert into spot (address, description, location, name, score_id, spot_id) values (NULL, NULL, 'Andeok_myeon', NULL, 800, 866);
2022-10-10 13:48:04.775  INFO 3923 --- [    Test worker] p6spy                                    : #1665377284775 | took 0ms | statement | connection 27| url jdbc:h2:mem:6a3784ae-1aa6-4bbf-b617-4d4aeabcc2af
insert into member_spot (member_id, score, spot_id, member_spot_id) values (?, ?, ?, ?)
insert into member_spot (member_id, score, spot_id, member_spot_id) values (22, 0.0, 866, 3256);
2022-10-10 13:48:04.775  INFO 3923 --- [    Test worker] p6spy                                    : #1665377284775 | took 0ms | statement | connection 27| url jdbc:h2:mem:6a3784ae-1aa6-4bbf-b617-4d4aeabcc2af
insert into review (content, spot_id, review_id) values (?, ?, ?)
insert into review (content, spot_id, review_id) values ('java.io.StringReader@34f75853', 769, 802);
2022-10-10 13:48:04.775  INFO 3923 --- [    Test worker] p6spy                                    : #1665377284775 | took 0ms | statement | connection 27| url jdbc:h2:mem:6a3784ae-1aa6-4bbf-b617-4d4aeabcc2af
insert into score (facility_rank, facility_score, price_rank, price_score, rank_average, surround_rank, surround_score, view_rank, view_score, score_id) values (?, ?, ?, ?, ?, ?, ?, ?, ?, ?)
insert into score (facility_rank, facility_score, price_rank, price_score, rank_average, surround_rank, surround_score, view_rank, view_score, score_id) values (6.477886461094783, 3.91628445921413, 3.4053983065849835, 1.1512553132655656, 2.9917144926809014, 8.341788766404731, 4.903382603876024, 8.391919612662052, 1.6235810707735665, 801);
2022-10-10 13:48:04.775  INFO 3923 --- [    Test worker] p6spy                                    : #1665377284775 | took 0ms | statement | connection 27| url jdbc:h2:mem:6a3784ae-1aa6-4bbf-b617-4d4aeabcc2af
insert into picture (spot_id, url, picture_id) values (?, ?, ?)
insert into picture (spot_id, url, picture_id) values (NULL, 'java.io.StringReader@1c72640e', 3257);
2022-10-10 13:48:04.775  INFO 3923 --- [    Test worker] p6spy                                    : #1665377284775 | took 0ms | statement | connection 27| url jdbc:h2:mem:6a3784ae-1aa6-4bbf-b617-4d4aeabcc2af
insert into picture (spot_id, url, picture_id) values (?, ?, ?)
insert into picture (spot_id, url, picture_id) values (NULL, 'java.io.StringReader@780f6346', 3258);
2022-10-10 13:48:04.775  INFO 3923 --- [    Test worker] p6spy                                    : #1665377284775 | took 0ms | statement | connection 27| url jdbc:h2:mem:6a3784ae-1aa6-4bbf-b617-4d4aeabcc2af
insert into picture (spot_id, url, picture_id) values (?, ?, ?)
insert into picture (spot_id, url, picture_id) values (NULL, 'java.io.StringReader@ac1a751', 3259);
2022-10-10 13:48:04.775  INFO 3923 --- [    Test worker] p6spy                                    : #1665377284775 | took 0ms | statement | connection 27| url jdbc:h2:mem:6a3784ae-1aa6-4bbf-b617-4d4aeabcc2af
insert into spot (address, description, location, name, score_id, spot_id) values (?, ?, ?, ?, ?, ?)
insert into spot (address, description, location, name, score_id, spot_id) values (NULL, NULL, 'Andeok_myeon', NULL, 801, 867);
2022-10-10 13:48:04.775  INFO 3923 --- [    Test worker] p6spy                                    : #1665377284775 | took 0ms | statement | connection 27| url jdbc:h2:mem:6a3784ae-1aa6-4bbf-b617-4d4aeabcc2af
insert into member_spot (member_id, score, spot_id, member_spot_id) values (?, ?, ?, ?)
insert into member_spot (member_id, score, spot_id, member_spot_id) values (22, 0.0, 867, 3260);
2022-10-10 13:48:04.775  INFO 3923 --- [    Test worker] p6spy                                    : #1665377284775 | took 0ms | statement | connection 27| url jdbc:h2:mem:6a3784ae-1aa6-4bbf-b617-4d4aeabcc2af
insert into review (content, spot_id, review_id) values (?, ?, ?)
insert into review (content, spot_id, review_id) values ('java.io.StringReader@410e4d5f', 769, 803);
2022-10-10 13:48:04.775  INFO 3923 --- [    Test worker] p6spy                                    : #1665377284775 | took 0ms | statement | connection 27| url jdbc:h2:mem:6a3784ae-1aa6-4bbf-b617-4d4aeabcc2af
insert into favorite_spot (count, favorite_id, spot_id, favorite_spot_id) values (?, ?, ?, ?)
insert into favorite_spot (count, favorite_id, spot_id, favorite_spot_id) values (0, 42, 867, 576);
2022-10-10 13:48:04.775  INFO 3923 --- [    Test worker] p6spy                                    : #1665377284775 | took 0ms | statement | connection 27| url jdbc:h2:mem:6a3784ae-1aa6-4bbf-b617-4d4aeabcc2af
insert into score (facility_rank, facility_score, price_rank, price_score, rank_average, surround_rank, surround_score, view_rank, view_score, score_id) values (?, ?, ?, ?, ?, ?, ?, ?, ?, ?)
insert into score (facility_rank, facility_score, price_rank, price_score, rank_average, surround_rank, surround_score, view_rank, view_score, score_id) values (1.3839309557197432, 3.7156540226694554, 7.888989499288986, 4.498735489218398, 2.7541382302801076, 0.7112818161829793, 9.844094011867057, 2.0494880618694102, 0.22287754445435848, 802);
2022-10-10 13:48:04.775  INFO 3923 --- [    Test worker] p6spy                                    : #1665377284775 | took 0ms | statement | connection 27| url jdbc:h2:mem:6a3784ae-1aa6-4bbf-b617-4d4aeabcc2af
insert into picture (spot_id, url, picture_id) values (?, ?, ?)
insert into picture (spot_id, url, picture_id) values (NULL, 'java.io.StringReader@485d6a85', 3261);
2022-10-10 13:48:04.775  INFO 3923 --- [    Test worker] p6spy                                    : #1665377284775 | took 0ms | statement | connection 27| url jdbc:h2:mem:6a3784ae-1aa6-4bbf-b617-4d4aeabcc2af
insert into picture (spot_id, url, picture_id) values (?, ?, ?)
insert into picture (spot_id, url, picture_id) values (NULL, 'java.io.StringReader@11bf6984', 3262);
2022-10-10 13:48:04.775  INFO 3923 --- [    Test worker] p6spy                                    : #1665377284775 | took 0ms | statement | connection 27| url jdbc:h2:mem:6a3784ae-1aa6-4bbf-b617-4d4aeabcc2af
insert into picture (spot_id, url, picture_id) values (?, ?, ?)
insert into picture (spot_id, url, picture_id) values (NULL, 'java.io.StringReader@7a978cdb', 3263);
2022-10-10 13:48:04.775  INFO 3923 --- [    Test worker] p6spy                                    : #1665377284775 | took 0ms | statement | connection 27| url jdbc:h2:mem:6a3784ae-1aa6-4bbf-b617-4d4aeabcc2af
insert into spot (address, description, location, name, score_id, spot_id) values (?, ?, ?, ?, ?, ?)
insert into spot (address, description, location, name, score_id, spot_id) values (NULL, NULL, 'Andeok_myeon', NULL, 802, 868);
2022-10-10 13:48:04.775  INFO 3923 --- [    Test worker] p6spy                                    : #1665377284775 | took 0ms | statement | connection 27| url jdbc:h2:mem:6a3784ae-1aa6-4bbf-b617-4d4aeabcc2af
insert into member_spot (member_id, score, spot_id, member_spot_id) values (?, ?, ?, ?)
insert into member_spot (member_id, score, spot_id, member_spot_id) values (22, 0.0, 868, 3264);
2022-10-10 13:48:04.775  INFO 3923 --- [    Test worker] p6spy                                    : #1665377284775 | took 0ms | statement | connection 27| url jdbc:h2:mem:6a3784ae-1aa6-4bbf-b617-4d4aeabcc2af
insert into review (content, spot_id, review_id) values (?, ?, ?)
insert into review (content, spot_id, review_id) values ('java.io.StringReader@120c9f71', 769, 804);
2022-10-10 13:48:04.775  INFO 3923 --- [    Test worker] p6spy                                    : #1665377284775 | took 0ms | statement | connection 27| url jdbc:h2:mem:6a3784ae-1aa6-4bbf-b617-4d4aeabcc2af
update picture set spot_id=?, url=? where picture_id=?
update picture set spot_id=769, url='java.io.StringReader@ab76053' where picture_id=2865;
2022-10-10 13:48:04.775  INFO 3923 --- [    Test worker] p6spy                                    : #1665377284775 | took 0ms | statement | connection 27| url jdbc:h2:mem:6a3784ae-1aa6-4bbf-b617-4d4aeabcc2af
update picture set spot_id=?, url=? where picture_id=?
update picture set spot_id=769, url='java.io.StringReader@5d90b9a3' where picture_id=2866;
2022-10-10 13:48:04.776  INFO 3923 --- [    Test worker] p6spy                                    : #1665377284776 | took 0ms | statement | connection 27| url jdbc:h2:mem:6a3784ae-1aa6-4bbf-b617-4d4aeabcc2af
update picture set spot_id=?, url=? where picture_id=?
update picture set spot_id=769, url='java.io.StringReader@6fd1f45d' where picture_id=2867;
2022-10-10 13:48:04.776  INFO 3923 --- [    Test worker] p6spy                                    : #1665377284776 | took 0ms | statement | connection 27| url jdbc:h2:mem:6a3784ae-1aa6-4bbf-b617-4d4aeabcc2af
update picture set spot_id=?, url=? where picture_id=?
update picture set spot_id=770, url='java.io.StringReader@661d3509' where picture_id=2869;
2022-10-10 13:48:04.776  INFO 3923 --- [    Test worker] p6spy                                    : #1665377284776 | took 0ms | statement | connection 27| url jdbc:h2:mem:6a3784ae-1aa6-4bbf-b617-4d4aeabcc2af
update picture set spot_id=?, url=? where picture_id=?
update picture set spot_id=770, url='java.io.StringReader@652049db' where picture_id=2870;
2022-10-10 13:48:04.776  INFO 3923 --- [    Test worker] p6spy                                    : #1665377284776 | took 0ms | statement | connection 27| url jdbc:h2:mem:6a3784ae-1aa6-4bbf-b617-4d4aeabcc2af
update picture set spot_id=?, url=? where picture_id=?
update picture set spot_id=770, url='java.io.StringReader@7de23c23' where picture_id=2871;
2022-10-10 13:48:04.776  INFO 3923 --- [    Test worker] p6spy                                    : #1665377284776 | took 0ms | statement | connection 27| url jdbc:h2:mem:6a3784ae-1aa6-4bbf-b617-4d4aeabcc2af
update picture set spot_id=?, url=? where picture_id=?
update picture set spot_id=771, url='java.io.StringReader@7e9bb983' where picture_id=2873;
2022-10-10 13:48:04.776  INFO 3923 --- [    Test worker] p6spy                                    : #1665377284776 | took 0ms | statement | connection 27| url jdbc:h2:mem:6a3784ae-1aa6-4bbf-b617-4d4aeabcc2af
update picture set spot_id=?, url=? where picture_id=?
update picture set spot_id=771, url='java.io.StringReader@26a0aa6d' where picture_id=2874;
2022-10-10 13:48:04.776  INFO 3923 --- [    Test worker] p6spy                                    : #1665377284776 | took 0ms | statement | connection 27| url jdbc:h2:mem:6a3784ae-1aa6-4bbf-b617-4d4aeabcc2af
update picture set spot_id=?, url=? where picture_id=?
update picture set spot_id=771, url='java.io.StringReader@5c83ec8d' where picture_id=2875;
2022-10-10 13:48:04.776  INFO 3923 --- [    Test worker] p6spy                                    : #1665377284776 | took 0ms | statement | connection 27| url jdbc:h2:mem:6a3784ae-1aa6-4bbf-b617-4d4aeabcc2af
update picture set spot_id=?, url=? where picture_id=?
update picture set spot_id=772, url='java.io.StringReader@6353d590' where picture_id=2877;
2022-10-10 13:48:04.776  INFO 3923 --- [    Test worker] p6spy                                    : #1665377284776 | took 0ms | statement | connection 27| url jdbc:h2:mem:6a3784ae-1aa6-4bbf-b617-4d4aeabcc2af
update picture set spot_id=?, url=? where picture_id=?
update picture set spot_id=772, url='java.io.StringReader@681a3a66' where picture_id=2878;
2022-10-10 13:48:04.776  INFO 3923 --- [    Test worker] p6spy                                    : #1665377284776 | took 0ms | statement | connection 27| url jdbc:h2:mem:6a3784ae-1aa6-4bbf-b617-4d4aeabcc2af
update picture set spot_id=?, url=? where picture_id=?
update picture set spot_id=772, url='java.io.StringReader@6e7813d7' where picture_id=2879;
2022-10-10 13:48:04.776  INFO 3923 --- [    Test worker] p6spy                                    : #1665377284776 | took 0ms | statement | connection 27| url jdbc:h2:mem:6a3784ae-1aa6-4bbf-b617-4d4aeabcc2af
update picture set spot_id=?, url=? where picture_id=?
update picture set spot_id=773, url='java.io.StringReader@211dd394' where picture_id=2881;
2022-10-10 13:48:04.776  INFO 3923 --- [    Test worker] p6spy                                    : #1665377284776 | took 0ms | statement | connection 27| url jdbc:h2:mem:6a3784ae-1aa6-4bbf-b617-4d4aeabcc2af
update picture set spot_id=?, url=? where picture_id=?
update picture set spot_id=773, url='java.io.StringReader@29dca19d' where picture_id=2882;
2022-10-10 13:48:04.776  INFO 3923 --- [    Test worker] p6spy                                    : #1665377284776 | took 0ms | statement | connection 27| url jdbc:h2:mem:6a3784ae-1aa6-4bbf-b617-4d4aeabcc2af
update picture set spot_id=?, url=? where picture_id=?
update picture set spot_id=773, url='java.io.StringReader@78245dd0' where picture_id=2883;
2022-10-10 13:48:04.776  INFO 3923 --- [    Test worker] p6spy                                    : #1665377284776 | took 0ms | statement | connection 27| url jdbc:h2:mem:6a3784ae-1aa6-4bbf-b617-4d4aeabcc2af
update picture set spot_id=?, url=? where picture_id=?
update picture set spot_id=774, url='java.io.StringReader@1dd3457f' where picture_id=2885;
2022-10-10 13:48:04.776  INFO 3923 --- [    Test worker] p6spy                                    : #1665377284776 | took 0ms | statement | connection 27| url jdbc:h2:mem:6a3784ae-1aa6-4bbf-b617-4d4aeabcc2af
update picture set spot_id=?, url=? where picture_id=?
update picture set spot_id=774, url='java.io.StringReader@349e0f45' where picture_id=2886;
2022-10-10 13:48:04.776  INFO 3923 --- [    Test worker] p6spy                                    : #1665377284776 | took 0ms | statement | connection 27| url jdbc:h2:mem:6a3784ae-1aa6-4bbf-b617-4d4aeabcc2af
update picture set spot_id=?, url=? where picture_id=?
update picture set spot_id=774, url='java.io.StringReader@62472b61' where picture_id=2887;
2022-10-10 13:48:04.776  INFO 3923 --- [    Test worker] p6spy                                    : #1665377284776 | took 0ms | statement | connection 27| url jdbc:h2:mem:6a3784ae-1aa6-4bbf-b617-4d4aeabcc2af
update picture set spot_id=?, url=? where picture_id=?
update picture set spot_id=775, url='java.io.StringReader@4a30716b' where picture_id=2889;
2022-10-10 13:48:04.776  INFO 3923 --- [    Test worker] p6spy                                    : #1665377284776 | took 0ms | statement | connection 27| url jdbc:h2:mem:6a3784ae-1aa6-4bbf-b617-4d4aeabcc2af
update picture set spot_id=?, url=? where picture_id=?
update picture set spot_id=775, url='java.io.StringReader@2e1911b3' where picture_id=2890;
2022-10-10 13:48:04.776  INFO 3923 --- [    Test worker] p6spy                                    : #1665377284776 | took 0ms | statement | connection 27| url jdbc:h2:mem:6a3784ae-1aa6-4bbf-b617-4d4aeabcc2af
update picture set spot_id=?, url=? where picture_id=?
update picture set spot_id=775, url='java.io.StringReader@1eb2f0b' where picture_id=2891;
2022-10-10 13:48:04.776  INFO 3923 --- [    Test worker] p6spy                                    : #1665377284776 | took 0ms | statement | connection 27| url jdbc:h2:mem:6a3784ae-1aa6-4bbf-b617-4d4aeabcc2af
update picture set spot_id=?, url=? where picture_id=?
update picture set spot_id=776, url='java.io.StringReader@59d70bdb' where picture_id=2893;
2022-10-10 13:48:04.776  INFO 3923 --- [    Test worker] p6spy                                    : #1665377284776 | took 0ms | statement | connection 27| url jdbc:h2:mem:6a3784ae-1aa6-4bbf-b617-4d4aeabcc2af
update picture set spot_id=?, url=? where picture_id=?
update picture set spot_id=776, url='java.io.StringReader@30cfa5ec' where picture_id=2894;
2022-10-10 13:48:04.776  INFO 3923 --- [    Test worker] p6spy                                    : #1665377284776 | took 0ms | statement | connection 27| url jdbc:h2:mem:6a3784ae-1aa6-4bbf-b617-4d4aeabcc2af
update picture set spot_id=?, url=? where picture_id=?
update picture set spot_id=776, url='java.io.StringReader@4856c210' where picture_id=2895;
2022-10-10 13:48:04.776  INFO 3923 --- [    Test worker] p6spy                                    : #1665377284776 | took 0ms | statement | connection 27| url jdbc:h2:mem:6a3784ae-1aa6-4bbf-b617-4d4aeabcc2af
update picture set spot_id=?, url=? where picture_id=?
update picture set spot_id=777, url='java.io.StringReader@538e4d45' where picture_id=2897;
2022-10-10 13:48:04.776  INFO 3923 --- [    Test worker] p6spy                                    : #1665377284776 | took 0ms | statement | connection 27| url jdbc:h2:mem:6a3784ae-1aa6-4bbf-b617-4d4aeabcc2af
update picture set spot_id=?, url=? where picture_id=?
update picture set spot_id=777, url='java.io.StringReader@5a9189b6' where picture_id=2898;
2022-10-10 13:48:04.776  INFO 3923 --- [    Test worker] p6spy                                    : #1665377284776 | took 0ms | statement | connection 27| url jdbc:h2:mem:6a3784ae-1aa6-4bbf-b617-4d4aeabcc2af
update picture set spot_id=?, url=? where picture_id=?
update picture set spot_id=777, url='java.io.StringReader@1ebddf3' where picture_id=2899;
2022-10-10 13:48:04.776  INFO 3923 --- [    Test worker] p6spy                                    : #1665377284776 | took 0ms | statement | connection 27| url jdbc:h2:mem:6a3784ae-1aa6-4bbf-b617-4d4aeabcc2af
update picture set spot_id=?, url=? where picture_id=?
update picture set spot_id=778, url='java.io.StringReader@6fe512d0' where picture_id=2901;
2022-10-10 13:48:04.776  INFO 3923 --- [    Test worker] p6spy                                    : #1665377284776 | took 0ms | statement | connection 27| url jdbc:h2:mem:6a3784ae-1aa6-4bbf-b617-4d4aeabcc2af
update picture set spot_id=?, url=? where picture_id=?
update picture set spot_id=778, url='java.io.StringReader@22901ccd' where picture_id=2902;
2022-10-10 13:48:04.776  INFO 3923 --- [    Test worker] p6spy                                    : #1665377284776 | took 0ms | statement | connection 27| url jdbc:h2:mem:6a3784ae-1aa6-4bbf-b617-4d4aeabcc2af
update picture set spot_id=?, url=? where picture_id=?
update picture set spot_id=778, url='java.io.StringReader@7cc25ae7' where picture_id=2903;
2022-10-10 13:48:04.776  INFO 3923 --- [    Test worker] p6spy                                    : #1665377284776 | took 0ms | statement | connection 27| url jdbc:h2:mem:6a3784ae-1aa6-4bbf-b617-4d4aeabcc2af
update picture set spot_id=?, url=? where picture_id=?
update picture set spot_id=779, url='java.io.StringReader@2f0689fd' where picture_id=2905;
2022-10-10 13:48:04.776  INFO 3923 --- [    Test worker] p6spy                                    : #1665377284776 | took 0ms | statement | connection 27| url jdbc:h2:mem:6a3784ae-1aa6-4bbf-b617-4d4aeabcc2af
update picture set spot_id=?, url=? where picture_id=?
update picture set spot_id=779, url='java.io.StringReader@2b1a61e8' where picture_id=2906;
2022-10-10 13:48:04.776  INFO 3923 --- [    Test worker] p6spy                                    : #1665377284776 | took 0ms | statement | connection 27| url jdbc:h2:mem:6a3784ae-1aa6-4bbf-b617-4d4aeabcc2af
update picture set spot_id=?, url=? where picture_id=?
update picture set spot_id=779, url='java.io.StringReader@345ed774' where picture_id=2907;
2022-10-10 13:48:04.776  INFO 3923 --- [    Test worker] p6spy                                    : #1665377284776 | took 0ms | statement | connection 27| url jdbc:h2:mem:6a3784ae-1aa6-4bbf-b617-4d4aeabcc2af
update picture set spot_id=?, url=? where picture_id=?
update picture set spot_id=780, url='java.io.StringReader@9da92e' where picture_id=2909;
2022-10-10 13:48:04.776  INFO 3923 --- [    Test worker] p6spy                                    : #1665377284776 | took 0ms | statement | connection 27| url jdbc:h2:mem:6a3784ae-1aa6-4bbf-b617-4d4aeabcc2af
update picture set spot_id=?, url=? where picture_id=?
update picture set spot_id=780, url='java.io.StringReader@de215f9' where picture_id=2910;
2022-10-10 13:48:04.776  INFO 3923 --- [    Test worker] p6spy                                    : #1665377284776 | took 0ms | statement | connection 27| url jdbc:h2:mem:6a3784ae-1aa6-4bbf-b617-4d4aeabcc2af
update picture set spot_id=?, url=? where picture_id=?
update picture set spot_id=780, url='java.io.StringReader@a2b969d' where picture_id=2911;
2022-10-10 13:48:04.776  INFO 3923 --- [    Test worker] p6spy                                    : #1665377284776 | took 0ms | statement | connection 27| url jdbc:h2:mem:6a3784ae-1aa6-4bbf-b617-4d4aeabcc2af
update picture set spot_id=?, url=? where picture_id=?
update picture set spot_id=781, url='java.io.StringReader@1b1780d5' where picture_id=2913;
2022-10-10 13:48:04.776  INFO 3923 --- [    Test worker] p6spy                                    : #1665377284776 | took 0ms | statement | connection 27| url jdbc:h2:mem:6a3784ae-1aa6-4bbf-b617-4d4aeabcc2af
update picture set spot_id=?, url=? where picture_id=?
update picture set spot_id=781, url='java.io.StringReader@62eba739' where picture_id=2914;
2022-10-10 13:48:04.777  INFO 3923 --- [    Test worker] p6spy                                    : #1665377284777 | took 0ms | statement | connection 27| url jdbc:h2:mem:6a3784ae-1aa6-4bbf-b617-4d4aeabcc2af
update picture set spot_id=?, url=? where picture_id=?
update picture set spot_id=781, url='java.io.StringReader@300131b' where picture_id=2915;
2022-10-10 13:48:04.777  INFO 3923 --- [    Test worker] p6spy                                    : #1665377284777 | took 0ms | statement | connection 27| url jdbc:h2:mem:6a3784ae-1aa6-4bbf-b617-4d4aeabcc2af
update picture set spot_id=?, url=? where picture_id=?
update picture set spot_id=782, url='java.io.StringReader@74ce35e9' where picture_id=2917;
2022-10-10 13:48:04.777  INFO 3923 --- [    Test worker] p6spy                                    : #1665377284777 | took 0ms | statement | connection 27| url jdbc:h2:mem:6a3784ae-1aa6-4bbf-b617-4d4aeabcc2af
update picture set spot_id=?, url=? where picture_id=?
update picture set spot_id=782, url='java.io.StringReader@3c00dd76' where picture_id=2918;
2022-10-10 13:48:04.777  INFO 3923 --- [    Test worker] p6spy                                    : #1665377284777 | took 0ms | statement | connection 27| url jdbc:h2:mem:6a3784ae-1aa6-4bbf-b617-4d4aeabcc2af
update picture set spot_id=?, url=? where picture_id=?
update picture set spot_id=782, url='java.io.StringReader@7e7a743f' where picture_id=2919;
2022-10-10 13:48:04.777  INFO 3923 --- [    Test worker] p6spy                                    : #1665377284777 | took 0ms | statement | connection 27| url jdbc:h2:mem:6a3784ae-1aa6-4bbf-b617-4d4aeabcc2af
update picture set spot_id=?, url=? where picture_id=?
update picture set spot_id=783, url='java.io.StringReader@492b687a' where picture_id=2921;
2022-10-10 13:48:04.777  INFO 3923 --- [    Test worker] p6spy                                    : #1665377284777 | took 0ms | statement | connection 27| url jdbc:h2:mem:6a3784ae-1aa6-4bbf-b617-4d4aeabcc2af
update picture set spot_id=?, url=? where picture_id=?
update picture set spot_id=783, url='java.io.StringReader@1cdc4a8a' where picture_id=2922;
2022-10-10 13:48:04.777  INFO 3923 --- [    Test worker] p6spy                                    : #1665377284777 | took 0ms | statement | connection 27| url jdbc:h2:mem:6a3784ae-1aa6-4bbf-b617-4d4aeabcc2af
update picture set spot_id=?, url=? where picture_id=?
update picture set spot_id=783, url='java.io.StringReader@7ae8731a' where picture_id=2923;
2022-10-10 13:48:04.777  INFO 3923 --- [    Test worker] p6spy                                    : #1665377284777 | took 0ms | statement | connection 27| url jdbc:h2:mem:6a3784ae-1aa6-4bbf-b617-4d4aeabcc2af
update picture set spot_id=?, url=? where picture_id=?
update picture set spot_id=784, url='java.io.StringReader@2664c5fc' where picture_id=2925;
2022-10-10 13:48:04.777  INFO 3923 --- [    Test worker] p6spy                                    : #1665377284777 | took 0ms | statement | connection 27| url jdbc:h2:mem:6a3784ae-1aa6-4bbf-b617-4d4aeabcc2af
update picture set spot_id=?, url=? where picture_id=?
update picture set spot_id=784, url='java.io.StringReader@4c6f776d' where picture_id=2926;
2022-10-10 13:48:04.777  INFO 3923 --- [    Test worker] p6spy                                    : #1665377284777 | took 0ms | statement | connection 27| url jdbc:h2:mem:6a3784ae-1aa6-4bbf-b617-4d4aeabcc2af
update picture set spot_id=?, url=? where picture_id=?
update picture set spot_id=784, url='java.io.StringReader@79aec8c0' where picture_id=2927;
2022-10-10 13:48:04.777  INFO 3923 --- [    Test worker] p6spy                                    : #1665377284777 | took 0ms | statement | connection 27| url jdbc:h2:mem:6a3784ae-1aa6-4bbf-b617-4d4aeabcc2af
update picture set spot_id=?, url=? where picture_id=?
update picture set spot_id=785, url='java.io.StringReader@3d78e113' where picture_id=2929;
2022-10-10 13:48:04.777  INFO 3923 --- [    Test worker] p6spy                                    : #1665377284777 | took 0ms | statement | connection 27| url jdbc:h2:mem:6a3784ae-1aa6-4bbf-b617-4d4aeabcc2af
update picture set spot_id=?, url=? where picture_id=?
update picture set spot_id=785, url='java.io.StringReader@54bf393c' where picture_id=2930;
2022-10-10 13:48:04.777  INFO 3923 --- [    Test worker] p6spy                                    : #1665377284777 | took 0ms | statement | connection 27| url jdbc:h2:mem:6a3784ae-1aa6-4bbf-b617-4d4aeabcc2af
update picture set spot_id=?, url=? where picture_id=?
update picture set spot_id=785, url='java.io.StringReader@5a8f7791' where picture_id=2931;
2022-10-10 13:48:04.777  INFO 3923 --- [    Test worker] p6spy                                    : #1665377284777 | took 0ms | statement | connection 27| url jdbc:h2:mem:6a3784ae-1aa6-4bbf-b617-4d4aeabcc2af
update picture set spot_id=?, url=? where picture_id=?
update picture set spot_id=786, url='java.io.StringReader@46126f5c' where picture_id=2933;
2022-10-10 13:48:04.777  INFO 3923 --- [    Test worker] p6spy                                    : #1665377284777 | took 0ms | statement | connection 27| url jdbc:h2:mem:6a3784ae-1aa6-4bbf-b617-4d4aeabcc2af
update picture set spot_id=?, url=? where picture_id=?
update picture set spot_id=786, url='java.io.StringReader@171d470e' where picture_id=2934;
2022-10-10 13:48:04.777  INFO 3923 --- [    Test worker] p6spy                                    : #1665377284777 | took 0ms | statement | connection 27| url jdbc:h2:mem:6a3784ae-1aa6-4bbf-b617-4d4aeabcc2af
update picture set spot_id=?, url=? where picture_id=?
update picture set spot_id=786, url='java.io.StringReader@510d7b47' where picture_id=2935;
2022-10-10 13:48:04.777  INFO 3923 --- [    Test worker] p6spy                                    : #1665377284777 | took 0ms | statement | connection 27| url jdbc:h2:mem:6a3784ae-1aa6-4bbf-b617-4d4aeabcc2af
update picture set spot_id=?, url=? where picture_id=?
update picture set spot_id=787, url='java.io.StringReader@62e9a5dd' where picture_id=2937;
2022-10-10 13:48:04.777  INFO 3923 --- [    Test worker] p6spy                                    : #1665377284777 | took 0ms | statement | connection 27| url jdbc:h2:mem:6a3784ae-1aa6-4bbf-b617-4d4aeabcc2af
update picture set spot_id=?, url=? where picture_id=?
update picture set spot_id=787, url='java.io.StringReader@2765c540' where picture_id=2938;
2022-10-10 13:48:04.777  INFO 3923 --- [    Test worker] p6spy                                    : #1665377284777 | took 0ms | statement | connection 27| url jdbc:h2:mem:6a3784ae-1aa6-4bbf-b617-4d4aeabcc2af
update picture set spot_id=?, url=? where picture_id=?
update picture set spot_id=787, url='java.io.StringReader@6ddc2d3f' where picture_id=2939;
2022-10-10 13:48:04.777  INFO 3923 --- [    Test worker] p6spy                                    : #1665377284777 | took 0ms | statement | connection 27| url jdbc:h2:mem:6a3784ae-1aa6-4bbf-b617-4d4aeabcc2af
update picture set spot_id=?, url=? where picture_id=?
update picture set spot_id=788, url='java.io.StringReader@5406f576' where picture_id=2941;
2022-10-10 13:48:04.777  INFO 3923 --- [    Test worker] p6spy                                    : #1665377284777 | took 0ms | statement | connection 27| url jdbc:h2:mem:6a3784ae-1aa6-4bbf-b617-4d4aeabcc2af
update picture set spot_id=?, url=? where picture_id=?
update picture set spot_id=788, url='java.io.StringReader@52eac391' where picture_id=2942;
2022-10-10 13:48:04.777  INFO 3923 --- [    Test worker] p6spy                                    : #1665377284777 | took 0ms | statement | connection 27| url jdbc:h2:mem:6a3784ae-1aa6-4bbf-b617-4d4aeabcc2af
update picture set spot_id=?, url=? where picture_id=?
update picture set spot_id=788, url='java.io.StringReader@5ae71c23' where picture_id=2943;
2022-10-10 13:48:04.777  INFO 3923 --- [    Test worker] p6spy                                    : #1665377284777 | took 0ms | statement | connection 27| url jdbc:h2:mem:6a3784ae-1aa6-4bbf-b617-4d4aeabcc2af
update picture set spot_id=?, url=? where picture_id=?
update picture set spot_id=789, url='java.io.StringReader@791c623d' where picture_id=2945;
2022-10-10 13:48:04.777  INFO 3923 --- [    Test worker] p6spy                                    : #1665377284777 | took 0ms | statement | connection 27| url jdbc:h2:mem:6a3784ae-1aa6-4bbf-b617-4d4aeabcc2af
update picture set spot_id=?, url=? where picture_id=?
update picture set spot_id=789, url='java.io.StringReader@5d279e1d' where picture_id=2946;
2022-10-10 13:48:04.777  INFO 3923 --- [    Test worker] p6spy                                    : #1665377284777 | took 0ms | statement | connection 27| url jdbc:h2:mem:6a3784ae-1aa6-4bbf-b617-4d4aeabcc2af
update picture set spot_id=?, url=? where picture_id=?
update picture set spot_id=789, url='java.io.StringReader@26d1c998' where picture_id=2947;
2022-10-10 13:48:04.778  INFO 3923 --- [    Test worker] p6spy                                    : #1665377284778 | took 0ms | statement | connection 27| url jdbc:h2:mem:6a3784ae-1aa6-4bbf-b617-4d4aeabcc2af
update picture set spot_id=?, url=? where picture_id=?
update picture set spot_id=790, url='java.io.StringReader@31e5db70' where picture_id=2949;
2022-10-10 13:48:04.778  INFO 3923 --- [    Test worker] p6spy                                    : #1665377284778 | took 0ms | statement | connection 27| url jdbc:h2:mem:6a3784ae-1aa6-4bbf-b617-4d4aeabcc2af
update picture set spot_id=?, url=? where picture_id=?
update picture set spot_id=790, url='java.io.StringReader@3d4a7493' where picture_id=2950;
2022-10-10 13:48:04.778  INFO 3923 --- [    Test worker] p6spy                                    : #1665377284778 | took 0ms | statement | connection 27| url jdbc:h2:mem:6a3784ae-1aa6-4bbf-b617-4d4aeabcc2af
update picture set spot_id=?, url=? where picture_id=?
update picture set spot_id=790, url='java.io.StringReader@fb212c' where picture_id=2951;
2022-10-10 13:48:04.778  INFO 3923 --- [    Test worker] p6spy                                    : #1665377284778 | took 0ms | statement | connection 27| url jdbc:h2:mem:6a3784ae-1aa6-4bbf-b617-4d4aeabcc2af
update picture set spot_id=?, url=? where picture_id=?
update picture set spot_id=791, url='java.io.StringReader@3741da42' where picture_id=2953;
2022-10-10 13:48:04.778  INFO 3923 --- [    Test worker] p6spy                                    : #1665377284778 | took 0ms | statement | connection 27| url jdbc:h2:mem:6a3784ae-1aa6-4bbf-b617-4d4aeabcc2af
update picture set spot_id=?, url=? where picture_id=?
update picture set spot_id=791, url='java.io.StringReader@66ce96fc' where picture_id=2954;
2022-10-10 13:48:04.778  INFO 3923 --- [    Test worker] p6spy                                    : #1665377284778 | took 0ms | statement | connection 27| url jdbc:h2:mem:6a3784ae-1aa6-4bbf-b617-4d4aeabcc2af
update picture set spot_id=?, url=? where picture_id=?
update picture set spot_id=791, url='java.io.StringReader@10c405d' where picture_id=2955;
2022-10-10 13:48:04.778  INFO 3923 --- [    Test worker] p6spy                                    : #1665377284778 | took 0ms | statement | connection 27| url jdbc:h2:mem:6a3784ae-1aa6-4bbf-b617-4d4aeabcc2af
update picture set spot_id=?, url=? where picture_id=?
update picture set spot_id=792, url='java.io.StringReader@2686a7df' where picture_id=2957;
2022-10-10 13:48:04.778  INFO 3923 --- [    Test worker] p6spy                                    : #1665377284778 | took 0ms | statement | connection 27| url jdbc:h2:mem:6a3784ae-1aa6-4bbf-b617-4d4aeabcc2af
update picture set spot_id=?, url=? where picture_id=?
update picture set spot_id=792, url='java.io.StringReader@530475c2' where picture_id=2958;
2022-10-10 13:48:04.778  INFO 3923 --- [    Test worker] p6spy                                    : #1665377284778 | took 0ms | statement | connection 27| url jdbc:h2:mem:6a3784ae-1aa6-4bbf-b617-4d4aeabcc2af
update picture set spot_id=?, url=? where picture_id=?
update picture set spot_id=792, url='java.io.StringReader@3a34b005' where picture_id=2959;
2022-10-10 13:48:04.778  INFO 3923 --- [    Test worker] p6spy                                    : #1665377284778 | took 0ms | statement | connection 27| url jdbc:h2:mem:6a3784ae-1aa6-4bbf-b617-4d4aeabcc2af
update picture set spot_id=?, url=? where picture_id=?
update picture set spot_id=793, url='java.io.StringReader@4b1b8ad0' where picture_id=2961;
2022-10-10 13:48:04.778  INFO 3923 --- [    Test worker] p6spy                                    : #1665377284778 | took 0ms | statement | connection 27| url jdbc:h2:mem:6a3784ae-1aa6-4bbf-b617-4d4aeabcc2af
update picture set spot_id=?, url=? where picture_id=?
update picture set spot_id=793, url='java.io.StringReader@6ec69d02' where picture_id=2962;
2022-10-10 13:48:04.778  INFO 3923 --- [    Test worker] p6spy                                    : #1665377284778 | took 0ms | statement | connection 27| url jdbc:h2:mem:6a3784ae-1aa6-4bbf-b617-4d4aeabcc2af
update picture set spot_id=?, url=? where picture_id=?
update picture set spot_id=793, url='java.io.StringReader@9b5d23c' where picture_id=2963;
2022-10-10 13:48:04.778  INFO 3923 --- [    Test worker] p6spy                                    : #1665377284778 | took 0ms | statement | connection 27| url jdbc:h2:mem:6a3784ae-1aa6-4bbf-b617-4d4aeabcc2af
update picture set spot_id=?, url=? where picture_id=?
update picture set spot_id=794, url='java.io.StringReader@4b3e3883' where picture_id=2965;
2022-10-10 13:48:04.778  INFO 3923 --- [    Test worker] p6spy                                    : #1665377284778 | took 0ms | statement | connection 27| url jdbc:h2:mem:6a3784ae-1aa6-4bbf-b617-4d4aeabcc2af
update picture set spot_id=?, url=? where picture_id=?
update picture set spot_id=794, url='java.io.StringReader@c00e9e7' where picture_id=2966;
2022-10-10 13:48:04.778  INFO 3923 --- [    Test worker] p6spy                                    : #1665377284778 | took 0ms | statement | connection 27| url jdbc:h2:mem:6a3784ae-1aa6-4bbf-b617-4d4aeabcc2af
update picture set spot_id=?, url=? where picture_id=?
update picture set spot_id=794, url='java.io.StringReader@cb4b39c' where picture_id=2967;
2022-10-10 13:48:04.778  INFO 3923 --- [    Test worker] p6spy                                    : #1665377284778 | took 0ms | statement | connection 27| url jdbc:h2:mem:6a3784ae-1aa6-4bbf-b617-4d4aeabcc2af
update picture set spot_id=?, url=? where picture_id=?
update picture set spot_id=795, url='java.io.StringReader@1684f3ac' where picture_id=2969;
2022-10-10 13:48:04.778  INFO 3923 --- [    Test worker] p6spy                                    : #1665377284778 | took 0ms | statement | connection 27| url jdbc:h2:mem:6a3784ae-1aa6-4bbf-b617-4d4aeabcc2af
update picture set spot_id=?, url=? where picture_id=?
update picture set spot_id=795, url='java.io.StringReader@7c194753' where picture_id=2970;
2022-10-10 13:48:04.778  INFO 3923 --- [    Test worker] p6spy                                    : #1665377284778 | took 0ms | statement | connection 27| url jdbc:h2:mem:6a3784ae-1aa6-4bbf-b617-4d4aeabcc2af
update picture set spot_id=?, url=? where picture_id=?
update picture set spot_id=795, url='java.io.StringReader@1cef8497' where picture_id=2971;
2022-10-10 13:48:04.778  INFO 3923 --- [    Test worker] p6spy                                    : #1665377284778 | took 0ms | statement | connection 27| url jdbc:h2:mem:6a3784ae-1aa6-4bbf-b617-4d4aeabcc2af
update picture set spot_id=?, url=? where picture_id=?
update picture set spot_id=796, url='java.io.StringReader@62d35085' where picture_id=2973;
2022-10-10 13:48:04.778  INFO 3923 --- [    Test worker] p6spy                                    : #1665377284778 | took 0ms | statement | connection 27| url jdbc:h2:mem:6a3784ae-1aa6-4bbf-b617-4d4aeabcc2af
update picture set spot_id=?, url=? where picture_id=?
update picture set spot_id=796, url='java.io.StringReader@66b856a4' where picture_id=2974;
2022-10-10 13:48:04.778  INFO 3923 --- [    Test worker] p6spy                                    : #1665377284778 | took 0ms | statement | connection 27| url jdbc:h2:mem:6a3784ae-1aa6-4bbf-b617-4d4aeabcc2af
update picture set spot_id=?, url=? where picture_id=?
update picture set spot_id=796, url='java.io.StringReader@6aef52e9' where picture_id=2975;
2022-10-10 13:48:04.778  INFO 3923 --- [    Test worker] p6spy                                    : #1665377284778 | took 0ms | statement | connection 27| url jdbc:h2:mem:6a3784ae-1aa6-4bbf-b617-4d4aeabcc2af
update picture set spot_id=?, url=? where picture_id=?
update picture set spot_id=797, url='java.io.StringReader@1fecdd50' where picture_id=2977;
2022-10-10 13:48:04.778  INFO 3923 --- [    Test worker] p6spy                                    : #1665377284778 | took 0ms | statement | connection 27| url jdbc:h2:mem:6a3784ae-1aa6-4bbf-b617-4d4aeabcc2af
update picture set spot_id=?, url=? where picture_id=?
update picture set spot_id=797, url='java.io.StringReader@484801ab' where picture_id=2978;
2022-10-10 13:48:04.778  INFO 3923 --- [    Test worker] p6spy                                    : #1665377284778 | took 0ms | statement | connection 27| url jdbc:h2:mem:6a3784ae-1aa6-4bbf-b617-4d4aeabcc2af
update picture set spot_id=?, url=? where picture_id=?
update picture set spot_id=797, url='java.io.StringReader@65dc1792' where picture_id=2979;
2022-10-10 13:48:04.778  INFO 3923 --- [    Test worker] p6spy                                    : #1665377284778 | took 0ms | statement | connection 27| url jdbc:h2:mem:6a3784ae-1aa6-4bbf-b617-4d4aeabcc2af
update picture set spot_id=?, url=? where picture_id=?
update picture set spot_id=798, url='java.io.StringReader@70968071' where picture_id=2981;
2022-10-10 13:48:04.778  INFO 3923 --- [    Test worker] p6spy                                    : #1665377284778 | took 0ms | statement | connection 27| url jdbc:h2:mem:6a3784ae-1aa6-4bbf-b617-4d4aeabcc2af
update picture set spot_id=?, url=? where picture_id=?
update picture set spot_id=798, url='java.io.StringReader@737358e2' where picture_id=2982;
2022-10-10 13:48:04.778  INFO 3923 --- [    Test worker] p6spy                                    : #1665377284778 | took 0ms | statement | connection 27| url jdbc:h2:mem:6a3784ae-1aa6-4bbf-b617-4d4aeabcc2af
update picture set spot_id=?, url=? where picture_id=?
update picture set spot_id=798, url='java.io.StringReader@227aeb98' where picture_id=2983;
2022-10-10 13:48:04.778  INFO 3923 --- [    Test worker] p6spy                                    : #1665377284778 | took 0ms | statement | connection 27| url jdbc:h2:mem:6a3784ae-1aa6-4bbf-b617-4d4aeabcc2af
update picture set spot_id=?, url=? where picture_id=?
update picture set spot_id=799, url='java.io.StringReader@6e1f3bb9' where picture_id=2985;
2022-10-10 13:48:04.778  INFO 3923 --- [    Test worker] p6spy                                    : #1665377284778 | took 0ms | statement | connection 27| url jdbc:h2:mem:6a3784ae-1aa6-4bbf-b617-4d4aeabcc2af
update picture set spot_id=?, url=? where picture_id=?
update picture set spot_id=799, url='java.io.StringReader@6c3340db' where picture_id=2986;
2022-10-10 13:48:04.779  INFO 3923 --- [    Test worker] p6spy                                    : #1665377284779 | took 0ms | statement | connection 27| url jdbc:h2:mem:6a3784ae-1aa6-4bbf-b617-4d4aeabcc2af
update picture set spot_id=?, url=? where picture_id=?
update picture set spot_id=799, url='java.io.StringReader@2f39a206' where picture_id=2987;
2022-10-10 13:48:04.779  INFO 3923 --- [    Test worker] p6spy                                    : #1665377284779 | took 0ms | statement | connection 27| url jdbc:h2:mem:6a3784ae-1aa6-4bbf-b617-4d4aeabcc2af
update picture set spot_id=?, url=? where picture_id=?
update picture set spot_id=800, url='java.io.StringReader@2328a0c6' where picture_id=2989;
2022-10-10 13:48:04.779  INFO 3923 --- [    Test worker] p6spy                                    : #1665377284779 | took 0ms | statement | connection 27| url jdbc:h2:mem:6a3784ae-1aa6-4bbf-b617-4d4aeabcc2af
update picture set spot_id=?, url=? where picture_id=?
update picture set spot_id=800, url='java.io.StringReader@63003245' where picture_id=2990;
2022-10-10 13:48:04.779  INFO 3923 --- [    Test worker] p6spy                                    : #1665377284779 | took 0ms | statement | connection 27| url jdbc:h2:mem:6a3784ae-1aa6-4bbf-b617-4d4aeabcc2af
update picture set spot_id=?, url=? where picture_id=?
update picture set spot_id=800, url='java.io.StringReader@607193d9' where picture_id=2991;
2022-10-10 13:48:04.779  INFO 3923 --- [    Test worker] p6spy                                    : #1665377284779 | took 0ms | statement | connection 27| url jdbc:h2:mem:6a3784ae-1aa6-4bbf-b617-4d4aeabcc2af
update picture set spot_id=?, url=? where picture_id=?
update picture set spot_id=801, url='java.io.StringReader@40dd70bc' where picture_id=2993;
2022-10-10 13:48:04.779  INFO 3923 --- [    Test worker] p6spy                                    : #1665377284779 | took 0ms | statement | connection 27| url jdbc:h2:mem:6a3784ae-1aa6-4bbf-b617-4d4aeabcc2af
update picture set spot_id=?, url=? where picture_id=?
update picture set spot_id=801, url='java.io.StringReader@685b5230' where picture_id=2994;
2022-10-10 13:48:04.779  INFO 3923 --- [    Test worker] p6spy                                    : #1665377284779 | took 0ms | statement | connection 27| url jdbc:h2:mem:6a3784ae-1aa6-4bbf-b617-4d4aeabcc2af
update picture set spot_id=?, url=? where picture_id=?
update picture set spot_id=801, url='java.io.StringReader@3a1ad82d' where picture_id=2995;
2022-10-10 13:48:04.779  INFO 3923 --- [    Test worker] p6spy                                    : #1665377284779 | took 0ms | statement | connection 27| url jdbc:h2:mem:6a3784ae-1aa6-4bbf-b617-4d4aeabcc2af
update picture set spot_id=?, url=? where picture_id=?
update picture set spot_id=802, url='java.io.StringReader@7c90e632' where picture_id=2997;
2022-10-10 13:48:04.779  INFO 3923 --- [    Test worker] p6spy                                    : #1665377284779 | took 0ms | statement | connection 27| url jdbc:h2:mem:6a3784ae-1aa6-4bbf-b617-4d4aeabcc2af
update picture set spot_id=?, url=? where picture_id=?
update picture set spot_id=802, url='java.io.StringReader@31cc67ee' where picture_id=2998;
2022-10-10 13:48:04.779  INFO 3923 --- [    Test worker] p6spy                                    : #1665377284779 | took 0ms | statement | connection 27| url jdbc:h2:mem:6a3784ae-1aa6-4bbf-b617-4d4aeabcc2af
update picture set spot_id=?, url=? where picture_id=?
update picture set spot_id=802, url='java.io.StringReader@7118d9dc' where picture_id=2999;
2022-10-10 13:48:04.779  INFO 3923 --- [    Test worker] p6spy                                    : #1665377284779 | took 0ms | statement | connection 27| url jdbc:h2:mem:6a3784ae-1aa6-4bbf-b617-4d4aeabcc2af
update picture set spot_id=?, url=? where picture_id=?
update picture set spot_id=803, url='java.io.StringReader@26dea145' where picture_id=3001;
2022-10-10 13:48:04.779  INFO 3923 --- [    Test worker] p6spy                                    : #1665377284779 | took 0ms | statement | connection 27| url jdbc:h2:mem:6a3784ae-1aa6-4bbf-b617-4d4aeabcc2af
update picture set spot_id=?, url=? where picture_id=?
update picture set spot_id=803, url='java.io.StringReader@42fa2142' where picture_id=3002;
2022-10-10 13:48:04.779  INFO 3923 --- [    Test worker] p6spy                                    : #1665377284779 | took 0ms | statement | connection 27| url jdbc:h2:mem:6a3784ae-1aa6-4bbf-b617-4d4aeabcc2af
update picture set spot_id=?, url=? where picture_id=?
update picture set spot_id=803, url='java.io.StringReader@331ac4b3' where picture_id=3003;
2022-10-10 13:48:04.779  INFO 3923 --- [    Test worker] p6spy                                    : #1665377284779 | took 0ms | statement | connection 27| url jdbc:h2:mem:6a3784ae-1aa6-4bbf-b617-4d4aeabcc2af
update picture set spot_id=?, url=? where picture_id=?
update picture set spot_id=804, url='java.io.StringReader@2d7dbde8' where picture_id=3005;
2022-10-10 13:48:04.779  INFO 3923 --- [    Test worker] p6spy                                    : #1665377284779 | took 0ms | statement | connection 27| url jdbc:h2:mem:6a3784ae-1aa6-4bbf-b617-4d4aeabcc2af
update picture set spot_id=?, url=? where picture_id=?
update picture set spot_id=804, url='java.io.StringReader@685fe9a1' where picture_id=3006;
2022-10-10 13:48:04.779  INFO 3923 --- [    Test worker] p6spy                                    : #1665377284779 | took 0ms | statement | connection 27| url jdbc:h2:mem:6a3784ae-1aa6-4bbf-b617-4d4aeabcc2af
update picture set spot_id=?, url=? where picture_id=?
update picture set spot_id=804, url='java.io.StringReader@352b4d85' where picture_id=3007;
2022-10-10 13:48:04.779  INFO 3923 --- [    Test worker] p6spy                                    : #1665377284779 | took 0ms | statement | connection 27| url jdbc:h2:mem:6a3784ae-1aa6-4bbf-b617-4d4aeabcc2af
update picture set spot_id=?, url=? where picture_id=?
update picture set spot_id=805, url='java.io.StringReader@1a658ab8' where picture_id=3009;
2022-10-10 13:48:04.779  INFO 3923 --- [    Test worker] p6spy                                    : #1665377284779 | took 0ms | statement | connection 27| url jdbc:h2:mem:6a3784ae-1aa6-4bbf-b617-4d4aeabcc2af
update picture set spot_id=?, url=? where picture_id=?
update picture set spot_id=805, url='java.io.StringReader@2cd24be6' where picture_id=3010;
2022-10-10 13:48:04.779  INFO 3923 --- [    Test worker] p6spy                                    : #1665377284779 | took 0ms | statement | connection 27| url jdbc:h2:mem:6a3784ae-1aa6-4bbf-b617-4d4aeabcc2af
update picture set spot_id=?, url=? where picture_id=?
update picture set spot_id=805, url='java.io.StringReader@409ac088' where picture_id=3011;
2022-10-10 13:48:04.779  INFO 3923 --- [    Test worker] p6spy                                    : #1665377284779 | took 0ms | statement | connection 27| url jdbc:h2:mem:6a3784ae-1aa6-4bbf-b617-4d4aeabcc2af
update picture set spot_id=?, url=? where picture_id=?
update picture set spot_id=806, url='java.io.StringReader@3b945290' where picture_id=3013;
2022-10-10 13:48:04.779  INFO 3923 --- [    Test worker] p6spy                                    : #1665377284779 | took 0ms | statement | connection 27| url jdbc:h2:mem:6a3784ae-1aa6-4bbf-b617-4d4aeabcc2af
update picture set spot_id=?, url=? where picture_id=?
update picture set spot_id=806, url='java.io.StringReader@4079b88' where picture_id=3014;
2022-10-10 13:48:04.779  INFO 3923 --- [    Test worker] p6spy                                    : #1665377284779 | took 0ms | statement | connection 27| url jdbc:h2:mem:6a3784ae-1aa6-4bbf-b617-4d4aeabcc2af
update picture set spot_id=?, url=? where picture_id=?
update picture set spot_id=806, url='java.io.StringReader@36de4da2' where picture_id=3015;
2022-10-10 13:48:04.779  INFO 3923 --- [    Test worker] p6spy                                    : #1665377284779 | took 0ms | statement | connection 27| url jdbc:h2:mem:6a3784ae-1aa6-4bbf-b617-4d4aeabcc2af
update picture set spot_id=?, url=? where picture_id=?
update picture set spot_id=807, url='java.io.StringReader@58fd7b23' where picture_id=3017;
2022-10-10 13:48:04.779  INFO 3923 --- [    Test worker] p6spy                                    : #1665377284779 | took 0ms | statement | connection 27| url jdbc:h2:mem:6a3784ae-1aa6-4bbf-b617-4d4aeabcc2af
update picture set spot_id=?, url=? where picture_id=?
update picture set spot_id=807, url='java.io.StringReader@52eca734' where picture_id=3018;
2022-10-10 13:48:04.779  INFO 3923 --- [    Test worker] p6spy                                    : #1665377284779 | took 0ms | statement | connection 27| url jdbc:h2:mem:6a3784ae-1aa6-4bbf-b617-4d4aeabcc2af
update picture set spot_id=?, url=? where picture_id=?
update picture set spot_id=807, url='java.io.StringReader@6ba596d9' where picture_id=3019;
2022-10-10 13:48:04.779  INFO 3923 --- [    Test worker] p6spy                                    : #1665377284779 | took 0ms | statement | connection 27| url jdbc:h2:mem:6a3784ae-1aa6-4bbf-b617-4d4aeabcc2af
update picture set spot_id=?, url=? where picture_id=?
update picture set spot_id=808, url='java.io.StringReader@784fd6ba' where picture_id=3021;
2022-10-10 13:48:04.779  INFO 3923 --- [    Test worker] p6spy                                    : #1665377284779 | took 0ms | statement | connection 27| url jdbc:h2:mem:6a3784ae-1aa6-4bbf-b617-4d4aeabcc2af
update picture set spot_id=?, url=? where picture_id=?
update picture set spot_id=808, url='java.io.StringReader@54402ce1' where picture_id=3022;
2022-10-10 13:48:04.779  INFO 3923 --- [    Test worker] p6spy                                    : #1665377284779 | took 0ms | statement | connection 27| url jdbc:h2:mem:6a3784ae-1aa6-4bbf-b617-4d4aeabcc2af
update picture set spot_id=?, url=? where picture_id=?
update picture set spot_id=808, url='java.io.StringReader@10bb6980' where picture_id=3023;
2022-10-10 13:48:04.779  INFO 3923 --- [    Test worker] p6spy                                    : #1665377284779 | took 0ms | statement | connection 27| url jdbc:h2:mem:6a3784ae-1aa6-4bbf-b617-4d4aeabcc2af
update picture set spot_id=?, url=? where picture_id=?
update picture set spot_id=809, url='java.io.StringReader@7cf46873' where picture_id=3025;
2022-10-10 13:48:04.779  INFO 3923 --- [    Test worker] p6spy                                    : #1665377284779 | took 0ms | statement | connection 27| url jdbc:h2:mem:6a3784ae-1aa6-4bbf-b617-4d4aeabcc2af
update picture set spot_id=?, url=? where picture_id=?
update picture set spot_id=809, url='java.io.StringReader@6c42ad06' where picture_id=3026;
2022-10-10 13:48:04.780  INFO 3923 --- [    Test worker] p6spy                                    : #1665377284780 | took 0ms | statement | connection 27| url jdbc:h2:mem:6a3784ae-1aa6-4bbf-b617-4d4aeabcc2af
update picture set spot_id=?, url=? where picture_id=?
update picture set spot_id=809, url='java.io.StringReader@42a1f4cb' where picture_id=3027;
2022-10-10 13:48:04.780  INFO 3923 --- [    Test worker] p6spy                                    : #1665377284780 | took 0ms | statement | connection 27| url jdbc:h2:mem:6a3784ae-1aa6-4bbf-b617-4d4aeabcc2af
update picture set spot_id=?, url=? where picture_id=?
update picture set spot_id=810, url='java.io.StringReader@11e3ce95' where picture_id=3029;
2022-10-10 13:48:04.780  INFO 3923 --- [    Test worker] p6spy                                    : #1665377284780 | took 0ms | statement | connection 27| url jdbc:h2:mem:6a3784ae-1aa6-4bbf-b617-4d4aeabcc2af
update picture set spot_id=?, url=? where picture_id=?
update picture set spot_id=810, url='java.io.StringReader@6434d8d9' where picture_id=3030;
2022-10-10 13:48:04.780  INFO 3923 --- [    Test worker] p6spy                                    : #1665377284780 | took 0ms | statement | connection 27| url jdbc:h2:mem:6a3784ae-1aa6-4bbf-b617-4d4aeabcc2af
update picture set spot_id=?, url=? where picture_id=?
update picture set spot_id=810, url='java.io.StringReader@29dbb8ba' where picture_id=3031;
2022-10-10 13:48:04.780  INFO 3923 --- [    Test worker] p6spy                                    : #1665377284780 | took 0ms | statement | connection 27| url jdbc:h2:mem:6a3784ae-1aa6-4bbf-b617-4d4aeabcc2af
update picture set spot_id=?, url=? where picture_id=?
update picture set spot_id=811, url='java.io.StringReader@7a080f4f' where picture_id=3033;
2022-10-10 13:48:04.780  INFO 3923 --- [    Test worker] p6spy                                    : #1665377284780 | took 0ms | statement | connection 27| url jdbc:h2:mem:6a3784ae-1aa6-4bbf-b617-4d4aeabcc2af
update picture set spot_id=?, url=? where picture_id=?
update picture set spot_id=811, url='java.io.StringReader@c445d1b' where picture_id=3034;
2022-10-10 13:48:04.780  INFO 3923 --- [    Test worker] p6spy                                    : #1665377284780 | took 0ms | statement | connection 27| url jdbc:h2:mem:6a3784ae-1aa6-4bbf-b617-4d4aeabcc2af
update picture set spot_id=?, url=? where picture_id=?
update picture set spot_id=811, url='java.io.StringReader@45c653d1' where picture_id=3035;
2022-10-10 13:48:04.780  INFO 3923 --- [    Test worker] p6spy                                    : #1665377284780 | took 0ms | statement | connection 27| url jdbc:h2:mem:6a3784ae-1aa6-4bbf-b617-4d4aeabcc2af
update picture set spot_id=?, url=? where picture_id=?
update picture set spot_id=812, url='java.io.StringReader@a21441e' where picture_id=3037;
2022-10-10 13:48:04.780  INFO 3923 --- [    Test worker] p6spy                                    : #1665377284780 | took 0ms | statement | connection 27| url jdbc:h2:mem:6a3784ae-1aa6-4bbf-b617-4d4aeabcc2af
update picture set spot_id=?, url=? where picture_id=?
update picture set spot_id=812, url='java.io.StringReader@54c9100d' where picture_id=3038;
2022-10-10 13:48:04.780  INFO 3923 --- [    Test worker] p6spy                                    : #1665377284780 | took 0ms | statement | connection 27| url jdbc:h2:mem:6a3784ae-1aa6-4bbf-b617-4d4aeabcc2af
update picture set spot_id=?, url=? where picture_id=?
update picture set spot_id=812, url='java.io.StringReader@6e040ce4' where picture_id=3039;
2022-10-10 13:48:04.780  INFO 3923 --- [    Test worker] p6spy                                    : #1665377284780 | took 0ms | statement | connection 27| url jdbc:h2:mem:6a3784ae-1aa6-4bbf-b617-4d4aeabcc2af
update picture set spot_id=?, url=? where picture_id=?
update picture set spot_id=813, url='java.io.StringReader@352a6a66' where picture_id=3041;
2022-10-10 13:48:04.780  INFO 3923 --- [    Test worker] p6spy                                    : #1665377284780 | took 0ms | statement | connection 27| url jdbc:h2:mem:6a3784ae-1aa6-4bbf-b617-4d4aeabcc2af
update picture set spot_id=?, url=? where picture_id=?
update picture set spot_id=813, url='java.io.StringReader@3bcaa40' where picture_id=3042;
2022-10-10 13:48:04.780  INFO 3923 --- [    Test worker] p6spy                                    : #1665377284780 | took 0ms | statement | connection 27| url jdbc:h2:mem:6a3784ae-1aa6-4bbf-b617-4d4aeabcc2af
update picture set spot_id=?, url=? where picture_id=?
update picture set spot_id=813, url='java.io.StringReader@f06456e' where picture_id=3043;
2022-10-10 13:48:04.780  INFO 3923 --- [    Test worker] p6spy                                    : #1665377284780 | took 0ms | statement | connection 27| url jdbc:h2:mem:6a3784ae-1aa6-4bbf-b617-4d4aeabcc2af
update picture set spot_id=?, url=? where picture_id=?
update picture set spot_id=814, url='java.io.StringReader@2e9a4e0' where picture_id=3045;
2022-10-10 13:48:04.780  INFO 3923 --- [    Test worker] p6spy                                    : #1665377284780 | took 0ms | statement | connection 27| url jdbc:h2:mem:6a3784ae-1aa6-4bbf-b617-4d4aeabcc2af
update picture set spot_id=?, url=? where picture_id=?
update picture set spot_id=814, url='java.io.StringReader@1e23623' where picture_id=3046;
2022-10-10 13:48:04.780  INFO 3923 --- [    Test worker] p6spy                                    : #1665377284780 | took 0ms | statement | connection 27| url jdbc:h2:mem:6a3784ae-1aa6-4bbf-b617-4d4aeabcc2af
update picture set spot_id=?, url=? where picture_id=?
update picture set spot_id=814, url='java.io.StringReader@de8d335' where picture_id=3047;
2022-10-10 13:48:04.780  INFO 3923 --- [    Test worker] p6spy                                    : #1665377284780 | took 0ms | statement | connection 27| url jdbc:h2:mem:6a3784ae-1aa6-4bbf-b617-4d4aeabcc2af
update picture set spot_id=?, url=? where picture_id=?
update picture set spot_id=815, url='java.io.StringReader@7d82e8e0' where picture_id=3049;
2022-10-10 13:48:04.780  INFO 3923 --- [    Test worker] p6spy                                    : #1665377284780 | took 0ms | statement | connection 27| url jdbc:h2:mem:6a3784ae-1aa6-4bbf-b617-4d4aeabcc2af
update picture set spot_id=?, url=? where picture_id=?
update picture set spot_id=815, url='java.io.StringReader@671d3c1f' where picture_id=3050;
2022-10-10 13:48:04.780  INFO 3923 --- [    Test worker] p6spy                                    : #1665377284780 | took 0ms | statement | connection 27| url jdbc:h2:mem:6a3784ae-1aa6-4bbf-b617-4d4aeabcc2af
update picture set spot_id=?, url=? where picture_id=?
update picture set spot_id=815, url='java.io.StringReader@4119360e' where picture_id=3051;
2022-10-10 13:48:04.780  INFO 3923 --- [    Test worker] p6spy                                    : #1665377284780 | took 0ms | statement | connection 27| url jdbc:h2:mem:6a3784ae-1aa6-4bbf-b617-4d4aeabcc2af
update picture set spot_id=?, url=? where picture_id=?
update picture set spot_id=816, url='java.io.StringReader@1ca14468' where picture_id=3053;
2022-10-10 13:48:04.780  INFO 3923 --- [    Test worker] p6spy                                    : #1665377284780 | took 0ms | statement | connection 27| url jdbc:h2:mem:6a3784ae-1aa6-4bbf-b617-4d4aeabcc2af
update picture set spot_id=?, url=? where picture_id=?
update picture set spot_id=816, url='java.io.StringReader@6426b954' where picture_id=3054;
2022-10-10 13:48:04.780  INFO 3923 --- [    Test worker] p6spy                                    : #1665377284780 | took 0ms | statement | connection 27| url jdbc:h2:mem:6a3784ae-1aa6-4bbf-b617-4d4aeabcc2af
update picture set spot_id=?, url=? where picture_id=?
update picture set spot_id=816, url='java.io.StringReader@58f068e2' where picture_id=3055;
2022-10-10 13:48:04.780  INFO 3923 --- [    Test worker] p6spy                                    : #1665377284780 | took 0ms | statement | connection 27| url jdbc:h2:mem:6a3784ae-1aa6-4bbf-b617-4d4aeabcc2af
update picture set spot_id=?, url=? where picture_id=?
update picture set spot_id=817, url='java.io.StringReader@2f397ed9' where picture_id=3057;
2022-10-10 13:48:04.780  INFO 3923 --- [    Test worker] p6spy                                    : #1665377284780 | took 0ms | statement | connection 27| url jdbc:h2:mem:6a3784ae-1aa6-4bbf-b617-4d4aeabcc2af
update picture set spot_id=?, url=? where picture_id=?
update picture set spot_id=817, url='java.io.StringReader@6263c92e' where picture_id=3058;
2022-10-10 13:48:04.780  INFO 3923 --- [    Test worker] p6spy                                    : #1665377284780 | took 0ms | statement | connection 27| url jdbc:h2:mem:6a3784ae-1aa6-4bbf-b617-4d4aeabcc2af
update picture set spot_id=?, url=? where picture_id=?
update picture set spot_id=817, url='java.io.StringReader@34a391f6' where picture_id=3059;
2022-10-10 13:48:04.780  INFO 3923 --- [    Test worker] p6spy                                    : #1665377284780 | took 0ms | statement | connection 27| url jdbc:h2:mem:6a3784ae-1aa6-4bbf-b617-4d4aeabcc2af
update picture set spot_id=?, url=? where picture_id=?
update picture set spot_id=818, url='java.io.StringReader@32ab5136' where picture_id=3061;
2022-10-10 13:48:04.780  INFO 3923 --- [    Test worker] p6spy                                    : #1665377284780 | took 0ms | statement | connection 27| url jdbc:h2:mem:6a3784ae-1aa6-4bbf-b617-4d4aeabcc2af
update picture set spot_id=?, url=? where picture_id=?
update picture set spot_id=818, url='java.io.StringReader@3ae010b5' where picture_id=3062;
2022-10-10 13:48:04.780  INFO 3923 --- [    Test worker] p6spy                                    : #1665377284780 | took 0ms | statement | connection 27| url jdbc:h2:mem:6a3784ae-1aa6-4bbf-b617-4d4aeabcc2af
update picture set spot_id=?, url=? where picture_id=?
update picture set spot_id=818, url='java.io.StringReader@2486eb62' where picture_id=3063;
2022-10-10 13:48:04.780  INFO 3923 --- [    Test worker] p6spy                                    : #1665377284780 | took 0ms | statement | connection 27| url jdbc:h2:mem:6a3784ae-1aa6-4bbf-b617-4d4aeabcc2af
update picture set spot_id=?, url=? where picture_id=?
update picture set spot_id=819, url='java.io.StringReader@7f099be1' where picture_id=3065;
2022-10-10 13:48:04.780  INFO 3923 --- [    Test worker] p6spy                                    : #1665377284780 | took 0ms | statement | connection 27| url jdbc:h2:mem:6a3784ae-1aa6-4bbf-b617-4d4aeabcc2af
update picture set spot_id=?, url=? where picture_id=?
update picture set spot_id=819, url='java.io.StringReader@7833216d' where picture_id=3066;
2022-10-10 13:48:04.780  INFO 3923 --- [    Test worker] p6spy                                    : #1665377284780 | took 0ms | statement | connection 27| url jdbc:h2:mem:6a3784ae-1aa6-4bbf-b617-4d4aeabcc2af
update picture set spot_id=?, url=? where picture_id=?
update picture set spot_id=819, url='java.io.StringReader@6ae4b652' where picture_id=3067;
2022-10-10 13:48:04.781  INFO 3923 --- [    Test worker] p6spy                                    : #1665377284781 | took 0ms | statement | connection 27| url jdbc:h2:mem:6a3784ae-1aa6-4bbf-b617-4d4aeabcc2af
update picture set spot_id=?, url=? where picture_id=?
update picture set spot_id=820, url='java.io.StringReader@175ff045' where picture_id=3069;
2022-10-10 13:48:04.781  INFO 3923 --- [    Test worker] p6spy                                    : #1665377284781 | took 0ms | statement | connection 27| url jdbc:h2:mem:6a3784ae-1aa6-4bbf-b617-4d4aeabcc2af
update picture set spot_id=?, url=? where picture_id=?
update picture set spot_id=820, url='java.io.StringReader@cd3ea35' where picture_id=3070;
2022-10-10 13:48:04.781  INFO 3923 --- [    Test worker] p6spy                                    : #1665377284781 | took 0ms | statement | connection 27| url jdbc:h2:mem:6a3784ae-1aa6-4bbf-b617-4d4aeabcc2af
update picture set spot_id=?, url=? where picture_id=?
update picture set spot_id=820, url='java.io.StringReader@3b8e73b2' where picture_id=3071;
2022-10-10 13:48:04.781  INFO 3923 --- [    Test worker] p6spy                                    : #1665377284781 | took 0ms | statement | connection 27| url jdbc:h2:mem:6a3784ae-1aa6-4bbf-b617-4d4aeabcc2af
update picture set spot_id=?, url=? where picture_id=?
update picture set spot_id=821, url='java.io.StringReader@3b0643f6' where picture_id=3073;
2022-10-10 13:48:04.781  INFO 3923 --- [    Test worker] p6spy                                    : #1665377284781 | took 0ms | statement | connection 27| url jdbc:h2:mem:6a3784ae-1aa6-4bbf-b617-4d4aeabcc2af
update picture set spot_id=?, url=? where picture_id=?
update picture set spot_id=821, url='java.io.StringReader@1c3b9467' where picture_id=3074;
2022-10-10 13:48:04.781  INFO 3923 --- [    Test worker] p6spy                                    : #1665377284781 | took 0ms | statement | connection 27| url jdbc:h2:mem:6a3784ae-1aa6-4bbf-b617-4d4aeabcc2af
update picture set spot_id=?, url=? where picture_id=?
update picture set spot_id=821, url='java.io.StringReader@77cd0a56' where picture_id=3075;
2022-10-10 13:48:04.781  INFO 3923 --- [    Test worker] p6spy                                    : #1665377284781 | took 0ms | statement | connection 27| url jdbc:h2:mem:6a3784ae-1aa6-4bbf-b617-4d4aeabcc2af
update picture set spot_id=?, url=? where picture_id=?
update picture set spot_id=822, url='java.io.StringReader@65fc21f4' where picture_id=3077;
2022-10-10 13:48:04.781  INFO 3923 --- [    Test worker] p6spy                                    : #1665377284781 | took 0ms | statement | connection 27| url jdbc:h2:mem:6a3784ae-1aa6-4bbf-b617-4d4aeabcc2af
update picture set spot_id=?, url=? where picture_id=?
update picture set spot_id=822, url='java.io.StringReader@2ddafc2f' where picture_id=3078;
2022-10-10 13:48:04.781  INFO 3923 --- [    Test worker] p6spy                                    : #1665377284781 | took 0ms | statement | connection 27| url jdbc:h2:mem:6a3784ae-1aa6-4bbf-b617-4d4aeabcc2af
update picture set spot_id=?, url=? where picture_id=?
update picture set spot_id=822, url='java.io.StringReader@4cc79024' where picture_id=3079;
2022-10-10 13:48:04.781  INFO 3923 --- [    Test worker] p6spy                                    : #1665377284781 | took 0ms | statement | connection 27| url jdbc:h2:mem:6a3784ae-1aa6-4bbf-b617-4d4aeabcc2af
update picture set spot_id=?, url=? where picture_id=?
update picture set spot_id=823, url='java.io.StringReader@5a359266' where picture_id=3081;
2022-10-10 13:48:04.781  INFO 3923 --- [    Test worker] p6spy                                    : #1665377284781 | took 0ms | statement | connection 27| url jdbc:h2:mem:6a3784ae-1aa6-4bbf-b617-4d4aeabcc2af
update picture set spot_id=?, url=? where picture_id=?
update picture set spot_id=823, url='java.io.StringReader@8316546' where picture_id=3082;
2022-10-10 13:48:04.781  INFO 3923 --- [    Test worker] p6spy                                    : #1665377284781 | took 0ms | statement | connection 27| url jdbc:h2:mem:6a3784ae-1aa6-4bbf-b617-4d4aeabcc2af
update picture set spot_id=?, url=? where picture_id=?
update picture set spot_id=823, url='java.io.StringReader@78f314b2' where picture_id=3083;
2022-10-10 13:48:04.781  INFO 3923 --- [    Test worker] p6spy                                    : #1665377284781 | took 0ms | statement | connection 27| url jdbc:h2:mem:6a3784ae-1aa6-4bbf-b617-4d4aeabcc2af
update picture set spot_id=?, url=? where picture_id=?
update picture set spot_id=824, url='java.io.StringReader@644270c' where picture_id=3085;
2022-10-10 13:48:04.781  INFO 3923 --- [    Test worker] p6spy                                    : #1665377284781 | took 0ms | statement | connection 27| url jdbc:h2:mem:6a3784ae-1aa6-4bbf-b617-4d4aeabcc2af
update picture set spot_id=?, url=? where picture_id=?
update picture set spot_id=824, url='java.io.StringReader@1bdd328' where picture_id=3086;
2022-10-10 13:48:04.781  INFO 3923 --- [    Test worker] p6spy                                    : #1665377284781 | took 0ms | statement | connection 27| url jdbc:h2:mem:6a3784ae-1aa6-4bbf-b617-4d4aeabcc2af
update picture set spot_id=?, url=? where picture_id=?
update picture set spot_id=824, url='java.io.StringReader@1de4200' where picture_id=3087;
2022-10-10 13:48:04.781  INFO 3923 --- [    Test worker] p6spy                                    : #1665377284781 | took 0ms | statement | connection 27| url jdbc:h2:mem:6a3784ae-1aa6-4bbf-b617-4d4aeabcc2af
update picture set spot_id=?, url=? where picture_id=?
update picture set spot_id=825, url='java.io.StringReader@4cbd8b04' where picture_id=3089;
2022-10-10 13:48:04.781  INFO 3923 --- [    Test worker] p6spy                                    : #1665377284781 | took 0ms | statement | connection 27| url jdbc:h2:mem:6a3784ae-1aa6-4bbf-b617-4d4aeabcc2af
update picture set spot_id=?, url=? where picture_id=?
update picture set spot_id=825, url='java.io.StringReader@b4417b6' where picture_id=3090;
2022-10-10 13:48:04.781  INFO 3923 --- [    Test worker] p6spy                                    : #1665377284781 | took 0ms | statement | connection 27| url jdbc:h2:mem:6a3784ae-1aa6-4bbf-b617-4d4aeabcc2af
update picture set spot_id=?, url=? where picture_id=?
update picture set spot_id=825, url='java.io.StringReader@6e206b5c' where picture_id=3091;
2022-10-10 13:48:04.781  INFO 3923 --- [    Test worker] p6spy                                    : #1665377284781 | took 0ms | statement | connection 27| url jdbc:h2:mem:6a3784ae-1aa6-4bbf-b617-4d4aeabcc2af
update picture set spot_id=?, url=? where picture_id=?
update picture set spot_id=826, url='java.io.StringReader@47deeeea' where picture_id=3093;
2022-10-10 13:48:04.781  INFO 3923 --- [    Test worker] p6spy                                    : #1665377284781 | took 0ms | statement | connection 27| url jdbc:h2:mem:6a3784ae-1aa6-4bbf-b617-4d4aeabcc2af
update picture set spot_id=?, url=? where picture_id=?
update picture set spot_id=826, url='java.io.StringReader@5e25b1dc' where picture_id=3094;
2022-10-10 13:48:04.781  INFO 3923 --- [    Test worker] p6spy                                    : #1665377284781 | took 0ms | statement | connection 27| url jdbc:h2:mem:6a3784ae-1aa6-4bbf-b617-4d4aeabcc2af
update picture set spot_id=?, url=? where picture_id=?
update picture set spot_id=826, url='java.io.StringReader@88404cd' where picture_id=3095;
2022-10-10 13:48:04.781  INFO 3923 --- [    Test worker] p6spy                                    : #1665377284781 | took 0ms | statement | connection 27| url jdbc:h2:mem:6a3784ae-1aa6-4bbf-b617-4d4aeabcc2af
update picture set spot_id=?, url=? where picture_id=?
update picture set spot_id=827, url='java.io.StringReader@6858f4d9' where picture_id=3097;
2022-10-10 13:48:04.781  INFO 3923 --- [    Test worker] p6spy                                    : #1665377284781 | took 0ms | statement | connection 27| url jdbc:h2:mem:6a3784ae-1aa6-4bbf-b617-4d4aeabcc2af
update picture set spot_id=?, url=? where picture_id=?
update picture set spot_id=827, url='java.io.StringReader@66c2c336' where picture_id=3098;
2022-10-10 13:48:04.781  INFO 3923 --- [    Test worker] p6spy                                    : #1665377284781 | took 0ms | statement | connection 27| url jdbc:h2:mem:6a3784ae-1aa6-4bbf-b617-4d4aeabcc2af
update picture set spot_id=?, url=? where picture_id=?
update picture set spot_id=827, url='java.io.StringReader@150a6caf' where picture_id=3099;
2022-10-10 13:48:04.781  INFO 3923 --- [    Test worker] p6spy                                    : #1665377284781 | took 0ms | statement | connection 27| url jdbc:h2:mem:6a3784ae-1aa6-4bbf-b617-4d4aeabcc2af
update picture set spot_id=?, url=? where picture_id=?
update picture set spot_id=828, url='java.io.StringReader@64da078e' where picture_id=3101;
2022-10-10 13:48:04.781  INFO 3923 --- [    Test worker] p6spy                                    : #1665377284781 | took 0ms | statement | connection 27| url jdbc:h2:mem:6a3784ae-1aa6-4bbf-b617-4d4aeabcc2af
update picture set spot_id=?, url=? where picture_id=?
update picture set spot_id=828, url='java.io.StringReader@2fa1d167' where picture_id=3102;
2022-10-10 13:48:04.781  INFO 3923 --- [    Test worker] p6spy                                    : #1665377284781 | took 0ms | statement | connection 27| url jdbc:h2:mem:6a3784ae-1aa6-4bbf-b617-4d4aeabcc2af
update picture set spot_id=?, url=? where picture_id=?
update picture set spot_id=828, url='java.io.StringReader@d173636' where picture_id=3103;
2022-10-10 13:48:04.781  INFO 3923 --- [    Test worker] p6spy                                    : #1665377284781 | took 0ms | statement | connection 27| url jdbc:h2:mem:6a3784ae-1aa6-4bbf-b617-4d4aeabcc2af
update picture set spot_id=?, url=? where picture_id=?
update picture set spot_id=829, url='java.io.StringReader@5334a066' where picture_id=3105;
2022-10-10 13:48:04.781  INFO 3923 --- [    Test worker] p6spy                                    : #1665377284781 | took 0ms | statement | connection 27| url jdbc:h2:mem:6a3784ae-1aa6-4bbf-b617-4d4aeabcc2af
update picture set spot_id=?, url=? where picture_id=?
update picture set spot_id=829, url='java.io.StringReader@55d71296' where picture_id=3106;
2022-10-10 13:48:04.781  INFO 3923 --- [    Test worker] p6spy                                    : #1665377284781 | took 0ms | statement | connection 27| url jdbc:h2:mem:6a3784ae-1aa6-4bbf-b617-4d4aeabcc2af
update picture set spot_id=?, url=? where picture_id=?
update picture set spot_id=829, url='java.io.StringReader@107bbe08' where picture_id=3107;
2022-10-10 13:48:04.781  INFO 3923 --- [    Test worker] p6spy                                    : #1665377284781 | took 0ms | statement | connection 27| url jdbc:h2:mem:6a3784ae-1aa6-4bbf-b617-4d4aeabcc2af
update picture set spot_id=?, url=? where picture_id=?
update picture set spot_id=830, url='java.io.StringReader@32b2fc89' where picture_id=3109;
2022-10-10 13:48:04.781  INFO 3923 --- [    Test worker] p6spy                                    : #1665377284781 | took 0ms | statement | connection 27| url jdbc:h2:mem:6a3784ae-1aa6-4bbf-b617-4d4aeabcc2af
update picture set spot_id=?, url=? where picture_id=?
update picture set spot_id=830, url='java.io.StringReader@6a1d77dd' where picture_id=3110;
2022-10-10 13:48:04.781  INFO 3923 --- [    Test worker] p6spy                                    : #1665377284781 | took 0ms | statement | connection 27| url jdbc:h2:mem:6a3784ae-1aa6-4bbf-b617-4d4aeabcc2af
update picture set spot_id=?, url=? where picture_id=?
update picture set spot_id=830, url='java.io.StringReader@6fd48c08' where picture_id=3111;
2022-10-10 13:48:04.781  INFO 3923 --- [    Test worker] p6spy                                    : #1665377284781 | took 0ms | statement | connection 27| url jdbc:h2:mem:6a3784ae-1aa6-4bbf-b617-4d4aeabcc2af
update picture set spot_id=?, url=? where picture_id=?
update picture set spot_id=831, url='java.io.StringReader@3db6843e' where picture_id=3113;
2022-10-10 13:48:04.781  INFO 3923 --- [    Test worker] p6spy                                    : #1665377284781 | took 0ms | statement | connection 27| url jdbc:h2:mem:6a3784ae-1aa6-4bbf-b617-4d4aeabcc2af
update picture set spot_id=?, url=? where picture_id=?
update picture set spot_id=831, url='java.io.StringReader@10939ffc' where picture_id=3114;
2022-10-10 13:48:04.781  INFO 3923 --- [    Test worker] p6spy                                    : #1665377284781 | took 0ms | statement | connection 27| url jdbc:h2:mem:6a3784ae-1aa6-4bbf-b617-4d4aeabcc2af
update picture set spot_id=?, url=? where picture_id=?
update picture set spot_id=831, url='java.io.StringReader@8614bda' where picture_id=3115;
2022-10-10 13:48:04.782  INFO 3923 --- [    Test worker] p6spy                                    : #1665377284782 | took 0ms | statement | connection 27| url jdbc:h2:mem:6a3784ae-1aa6-4bbf-b617-4d4aeabcc2af
update picture set spot_id=?, url=? where picture_id=?
update picture set spot_id=832, url='java.io.StringReader@6cbc6e8' where picture_id=3117;
2022-10-10 13:48:04.782  INFO 3923 --- [    Test worker] p6spy                                    : #1665377284782 | took 0ms | statement | connection 27| url jdbc:h2:mem:6a3784ae-1aa6-4bbf-b617-4d4aeabcc2af
update picture set spot_id=?, url=? where picture_id=?
update picture set spot_id=832, url='java.io.StringReader@5451c2bd' where picture_id=3118;
2022-10-10 13:48:04.782  INFO 3923 --- [    Test worker] p6spy                                    : #1665377284782 | took 0ms | statement | connection 27| url jdbc:h2:mem:6a3784ae-1aa6-4bbf-b617-4d4aeabcc2af
update picture set spot_id=?, url=? where picture_id=?
update picture set spot_id=832, url='java.io.StringReader@4b60c1b3' where picture_id=3119;
2022-10-10 13:48:04.782  INFO 3923 --- [    Test worker] p6spy                                    : #1665377284782 | took 0ms | statement | connection 27| url jdbc:h2:mem:6a3784ae-1aa6-4bbf-b617-4d4aeabcc2af
update picture set spot_id=?, url=? where picture_id=?
update picture set spot_id=833, url='java.io.StringReader@716b153' where picture_id=3121;
2022-10-10 13:48:04.782  INFO 3923 --- [    Test worker] p6spy                                    : #1665377284782 | took 0ms | statement | connection 27| url jdbc:h2:mem:6a3784ae-1aa6-4bbf-b617-4d4aeabcc2af
update picture set spot_id=?, url=? where picture_id=?
update picture set spot_id=833, url='java.io.StringReader@681dfb49' where picture_id=3122;
2022-10-10 13:48:04.782  INFO 3923 --- [    Test worker] p6spy                                    : #1665377284782 | took 0ms | statement | connection 27| url jdbc:h2:mem:6a3784ae-1aa6-4bbf-b617-4d4aeabcc2af
update picture set spot_id=?, url=? where picture_id=?
update picture set spot_id=833, url='java.io.StringReader@6471fec8' where picture_id=3123;
2022-10-10 13:48:04.782  INFO 3923 --- [    Test worker] p6spy                                    : #1665377284782 | took 0ms | statement | connection 27| url jdbc:h2:mem:6a3784ae-1aa6-4bbf-b617-4d4aeabcc2af
update picture set spot_id=?, url=? where picture_id=?
update picture set spot_id=834, url='java.io.StringReader@57476b76' where picture_id=3125;
2022-10-10 13:48:04.782  INFO 3923 --- [    Test worker] p6spy                                    : #1665377284782 | took 0ms | statement | connection 27| url jdbc:h2:mem:6a3784ae-1aa6-4bbf-b617-4d4aeabcc2af
update picture set spot_id=?, url=? where picture_id=?
update picture set spot_id=834, url='java.io.StringReader@4e990318' where picture_id=3126;
2022-10-10 13:48:04.782  INFO 3923 --- [    Test worker] p6spy                                    : #1665377284782 | took 0ms | statement | connection 27| url jdbc:h2:mem:6a3784ae-1aa6-4bbf-b617-4d4aeabcc2af
update picture set spot_id=?, url=? where picture_id=?
update picture set spot_id=834, url='java.io.StringReader@787c7027' where picture_id=3127;
2022-10-10 13:48:04.782  INFO 3923 --- [    Test worker] p6spy                                    : #1665377284782 | took 0ms | statement | connection 27| url jdbc:h2:mem:6a3784ae-1aa6-4bbf-b617-4d4aeabcc2af
update picture set spot_id=?, url=? where picture_id=?
update picture set spot_id=835, url='java.io.StringReader@1e87f5c0' where picture_id=3129;
2022-10-10 13:48:04.782  INFO 3923 --- [    Test worker] p6spy                                    : #1665377284782 | took 0ms | statement | connection 27| url jdbc:h2:mem:6a3784ae-1aa6-4bbf-b617-4d4aeabcc2af
update picture set spot_id=?, url=? where picture_id=?
update picture set spot_id=835, url='java.io.StringReader@3a8d3643' where picture_id=3130;
2022-10-10 13:48:04.782  INFO 3923 --- [    Test worker] p6spy                                    : #1665377284782 | took 0ms | statement | connection 27| url jdbc:h2:mem:6a3784ae-1aa6-4bbf-b617-4d4aeabcc2af
update picture set spot_id=?, url=? where picture_id=?
update picture set spot_id=835, url='java.io.StringReader@2d087ab9' where picture_id=3131;
2022-10-10 13:48:04.782  INFO 3923 --- [    Test worker] p6spy                                    : #1665377284782 | took 0ms | statement | connection 27| url jdbc:h2:mem:6a3784ae-1aa6-4bbf-b617-4d4aeabcc2af
update picture set spot_id=?, url=? where picture_id=?
update picture set spot_id=836, url='java.io.StringReader@125d6527' where picture_id=3133;
2022-10-10 13:48:04.782  INFO 3923 --- [    Test worker] p6spy                                    : #1665377284782 | took 0ms | statement | connection 27| url jdbc:h2:mem:6a3784ae-1aa6-4bbf-b617-4d4aeabcc2af
update picture set spot_id=?, url=? where picture_id=?
update picture set spot_id=836, url='java.io.StringReader@66d9ac21' where picture_id=3134;
2022-10-10 13:48:04.782  INFO 3923 --- [    Test worker] p6spy                                    : #1665377284782 | took 0ms | statement | connection 27| url jdbc:h2:mem:6a3784ae-1aa6-4bbf-b617-4d4aeabcc2af
update picture set spot_id=?, url=? where picture_id=?
update picture set spot_id=836, url='java.io.StringReader@532f52f2' where picture_id=3135;
2022-10-10 13:48:04.782  INFO 3923 --- [    Test worker] p6spy                                    : #1665377284782 | took 0ms | statement | connection 27| url jdbc:h2:mem:6a3784ae-1aa6-4bbf-b617-4d4aeabcc2af
update picture set spot_id=?, url=? where picture_id=?
update picture set spot_id=837, url='java.io.StringReader@3926fd8' where picture_id=3137;
2022-10-10 13:48:04.782  INFO 3923 --- [    Test worker] p6spy                                    : #1665377284782 | took 0ms | statement | connection 27| url jdbc:h2:mem:6a3784ae-1aa6-4bbf-b617-4d4aeabcc2af
update picture set spot_id=?, url=? where picture_id=?
update picture set spot_id=837, url='java.io.StringReader@29c34fa4' where picture_id=3138;
2022-10-10 13:48:04.782  INFO 3923 --- [    Test worker] p6spy                                    : #1665377284782 | took 0ms | statement | connection 27| url jdbc:h2:mem:6a3784ae-1aa6-4bbf-b617-4d4aeabcc2af
update picture set spot_id=?, url=? where picture_id=?
update picture set spot_id=837, url='java.io.StringReader@685a4baf' where picture_id=3139;
2022-10-10 13:48:04.782  INFO 3923 --- [    Test worker] p6spy                                    : #1665377284782 | took 0ms | statement | connection 27| url jdbc:h2:mem:6a3784ae-1aa6-4bbf-b617-4d4aeabcc2af
update picture set spot_id=?, url=? where picture_id=?
update picture set spot_id=838, url='java.io.StringReader@f2dbe23' where picture_id=3141;
2022-10-10 13:48:04.782  INFO 3923 --- [    Test worker] p6spy                                    : #1665377284782 | took 0ms | statement | connection 27| url jdbc:h2:mem:6a3784ae-1aa6-4bbf-b617-4d4aeabcc2af
update picture set spot_id=?, url=? where picture_id=?
update picture set spot_id=838, url='java.io.StringReader@55fd2f2c' where picture_id=3142;
2022-10-10 13:48:04.782  INFO 3923 --- [    Test worker] p6spy                                    : #1665377284782 | took 0ms | statement | connection 27| url jdbc:h2:mem:6a3784ae-1aa6-4bbf-b617-4d4aeabcc2af
update picture set spot_id=?, url=? where picture_id=?
update picture set spot_id=838, url='java.io.StringReader@4dcafc8d' where picture_id=3143;
2022-10-10 13:48:04.782  INFO 3923 --- [    Test worker] p6spy                                    : #1665377284782 | took 0ms | statement | connection 27| url jdbc:h2:mem:6a3784ae-1aa6-4bbf-b617-4d4aeabcc2af
update picture set spot_id=?, url=? where picture_id=?
update picture set spot_id=839, url='java.io.StringReader@2e1d5400' where picture_id=3145;
2022-10-10 13:48:04.782  INFO 3923 --- [    Test worker] p6spy                                    : #1665377284782 | took 0ms | statement | connection 27| url jdbc:h2:mem:6a3784ae-1aa6-4bbf-b617-4d4aeabcc2af
update picture set spot_id=?, url=? where picture_id=?
update picture set spot_id=839, url='java.io.StringReader@73f7e241' where picture_id=3146;
2022-10-10 13:48:04.782  INFO 3923 --- [    Test worker] p6spy                                    : #1665377284782 | took 0ms | statement | connection 27| url jdbc:h2:mem:6a3784ae-1aa6-4bbf-b617-4d4aeabcc2af
update picture set spot_id=?, url=? where picture_id=?
update picture set spot_id=839, url='java.io.StringReader@5ef15efb' where picture_id=3147;
2022-10-10 13:48:04.782  INFO 3923 --- [    Test worker] p6spy                                    : #1665377284782 | took 0ms | statement | connection 27| url jdbc:h2:mem:6a3784ae-1aa6-4bbf-b617-4d4aeabcc2af
update picture set spot_id=?, url=? where picture_id=?
update picture set spot_id=840, url='java.io.StringReader@147d0ede' where picture_id=3149;
2022-10-10 13:48:04.782  INFO 3923 --- [    Test worker] p6spy                                    : #1665377284782 | took 0ms | statement | connection 27| url jdbc:h2:mem:6a3784ae-1aa6-4bbf-b617-4d4aeabcc2af
update picture set spot_id=?, url=? where picture_id=?
update picture set spot_id=840, url='java.io.StringReader@5024974a' where picture_id=3150;
2022-10-10 13:48:04.782  INFO 3923 --- [    Test worker] p6spy                                    : #1665377284782 | took 0ms | statement | connection 27| url jdbc:h2:mem:6a3784ae-1aa6-4bbf-b617-4d4aeabcc2af
update picture set spot_id=?, url=? where picture_id=?
update picture set spot_id=840, url='java.io.StringReader@3fc35891' where picture_id=3151;
2022-10-10 13:48:04.782  INFO 3923 --- [    Test worker] p6spy                                    : #1665377284782 | took 0ms | statement | connection 27| url jdbc:h2:mem:6a3784ae-1aa6-4bbf-b617-4d4aeabcc2af
update picture set spot_id=?, url=? where picture_id=?
update picture set spot_id=841, url='java.io.StringReader@34eabd4c' where picture_id=3153;
2022-10-10 13:48:04.782  INFO 3923 --- [    Test worker] p6spy                                    : #1665377284782 | took 0ms | statement | connection 27| url jdbc:h2:mem:6a3784ae-1aa6-4bbf-b617-4d4aeabcc2af
update picture set spot_id=?, url=? where picture_id=?
update picture set spot_id=841, url='java.io.StringReader@5831025c' where picture_id=3154;
2022-10-10 13:48:04.782  INFO 3923 --- [    Test worker] p6spy                                    : #1665377284782 | took 0ms | statement | connection 27| url jdbc:h2:mem:6a3784ae-1aa6-4bbf-b617-4d4aeabcc2af
update picture set spot_id=?, url=? where picture_id=?
update picture set spot_id=841, url='java.io.StringReader@dc7ec7a' where picture_id=3155;
2022-10-10 13:48:04.782  INFO 3923 --- [    Test worker] p6spy                                    : #1665377284782 | took 0ms | statement | connection 27| url jdbc:h2:mem:6a3784ae-1aa6-4bbf-b617-4d4aeabcc2af
update picture set spot_id=?, url=? where picture_id=?
update picture set spot_id=842, url='java.io.StringReader@f3a5ba1' where picture_id=3157;
2022-10-10 13:48:04.782  INFO 3923 --- [    Test worker] p6spy                                    : #1665377284782 | took 0ms | statement | connection 27| url jdbc:h2:mem:6a3784ae-1aa6-4bbf-b617-4d4aeabcc2af
update picture set spot_id=?, url=? where picture_id=?
update picture set spot_id=842, url='java.io.StringReader@6628d62d' where picture_id=3158;
2022-10-10 13:48:04.782  INFO 3923 --- [    Test worker] p6spy                                    : #1665377284782 | took 0ms | statement | connection 27| url jdbc:h2:mem:6a3784ae-1aa6-4bbf-b617-4d4aeabcc2af
update picture set spot_id=?, url=? where picture_id=?
update picture set spot_id=842, url='java.io.StringReader@217c0a07' where picture_id=3159;
2022-10-10 13:48:04.782  INFO 3923 --- [    Test worker] p6spy                                    : #1665377284782 | took 0ms | statement | connection 27| url jdbc:h2:mem:6a3784ae-1aa6-4bbf-b617-4d4aeabcc2af
update picture set spot_id=?, url=? where picture_id=?
update picture set spot_id=843, url='java.io.StringReader@75773272' where picture_id=3161;
2022-10-10 13:48:04.782  INFO 3923 --- [    Test worker] p6spy                                    : #1665377284782 | took 0ms | statement | connection 27| url jdbc:h2:mem:6a3784ae-1aa6-4bbf-b617-4d4aeabcc2af
update picture set spot_id=?, url=? where picture_id=?
update picture set spot_id=843, url='java.io.StringReader@568eaab0' where picture_id=3162;
2022-10-10 13:48:04.783  INFO 3923 --- [    Test worker] p6spy                                    : #1665377284783 | took 0ms | statement | connection 27| url jdbc:h2:mem:6a3784ae-1aa6-4bbf-b617-4d4aeabcc2af
update picture set spot_id=?, url=? where picture_id=?
update picture set spot_id=843, url='java.io.StringReader@54d90261' where picture_id=3163;
2022-10-10 13:48:04.783  INFO 3923 --- [    Test worker] p6spy                                    : #1665377284783 | took 0ms | statement | connection 27| url jdbc:h2:mem:6a3784ae-1aa6-4bbf-b617-4d4aeabcc2af
update picture set spot_id=?, url=? where picture_id=?
update picture set spot_id=844, url='java.io.StringReader@7807688e' where picture_id=3165;
2022-10-10 13:48:04.783  INFO 3923 --- [    Test worker] p6spy                                    : #1665377284783 | took 0ms | statement | connection 27| url jdbc:h2:mem:6a3784ae-1aa6-4bbf-b617-4d4aeabcc2af
update picture set spot_id=?, url=? where picture_id=?
update picture set spot_id=844, url='java.io.StringReader@633573f8' where picture_id=3166;
2022-10-10 13:48:04.783  INFO 3923 --- [    Test worker] p6spy                                    : #1665377284783 | took 0ms | statement | connection 27| url jdbc:h2:mem:6a3784ae-1aa6-4bbf-b617-4d4aeabcc2af
update picture set spot_id=?, url=? where picture_id=?
update picture set spot_id=844, url='java.io.StringReader@3f54b41e' where picture_id=3167;
2022-10-10 13:48:04.783  INFO 3923 --- [    Test worker] p6spy                                    : #1665377284783 | took 0ms | statement | connection 27| url jdbc:h2:mem:6a3784ae-1aa6-4bbf-b617-4d4aeabcc2af
update picture set spot_id=?, url=? where picture_id=?
update picture set spot_id=845, url='java.io.StringReader@6e17db0a' where picture_id=3169;
2022-10-10 13:48:04.783  INFO 3923 --- [    Test worker] p6spy                                    : #1665377284783 | took 0ms | statement | connection 27| url jdbc:h2:mem:6a3784ae-1aa6-4bbf-b617-4d4aeabcc2af
update picture set spot_id=?, url=? where picture_id=?
update picture set spot_id=845, url='java.io.StringReader@7f31c80e' where picture_id=3170;
2022-10-10 13:48:04.783  INFO 3923 --- [    Test worker] p6spy                                    : #1665377284783 | took 0ms | statement | connection 27| url jdbc:h2:mem:6a3784ae-1aa6-4bbf-b617-4d4aeabcc2af
update picture set spot_id=?, url=? where picture_id=?
update picture set spot_id=845, url='java.io.StringReader@825184d' where picture_id=3171;
2022-10-10 13:48:04.783  INFO 3923 --- [    Test worker] p6spy                                    : #1665377284783 | took 0ms | statement | connection 27| url jdbc:h2:mem:6a3784ae-1aa6-4bbf-b617-4d4aeabcc2af
update picture set spot_id=?, url=? where picture_id=?
update picture set spot_id=846, url='java.io.StringReader@7ab7339c' where picture_id=3173;
2022-10-10 13:48:04.783  INFO 3923 --- [    Test worker] p6spy                                    : #1665377284783 | took 0ms | statement | connection 27| url jdbc:h2:mem:6a3784ae-1aa6-4bbf-b617-4d4aeabcc2af
update picture set spot_id=?, url=? where picture_id=?
update picture set spot_id=846, url='java.io.StringReader@37dee987' where picture_id=3174;
2022-10-10 13:48:04.783  INFO 3923 --- [    Test worker] p6spy                                    : #1665377284783 | took 0ms | statement | connection 27| url jdbc:h2:mem:6a3784ae-1aa6-4bbf-b617-4d4aeabcc2af
update picture set spot_id=?, url=? where picture_id=?
update picture set spot_id=846, url='java.io.StringReader@2a0a0dcb' where picture_id=3175;
2022-10-10 13:48:04.783  INFO 3923 --- [    Test worker] p6spy                                    : #1665377284783 | took 0ms | statement | connection 27| url jdbc:h2:mem:6a3784ae-1aa6-4bbf-b617-4d4aeabcc2af
update picture set spot_id=?, url=? where picture_id=?
update picture set spot_id=847, url='java.io.StringReader@7c7da6e9' where picture_id=3177;
2022-10-10 13:48:04.783  INFO 3923 --- [    Test worker] p6spy                                    : #1665377284783 | took 0ms | statement | connection 27| url jdbc:h2:mem:6a3784ae-1aa6-4bbf-b617-4d4aeabcc2af
update picture set spot_id=?, url=? where picture_id=?
update picture set spot_id=847, url='java.io.StringReader@182a5218' where picture_id=3178;
2022-10-10 13:48:04.783  INFO 3923 --- [    Test worker] p6spy                                    : #1665377284783 | took 0ms | statement | connection 27| url jdbc:h2:mem:6a3784ae-1aa6-4bbf-b617-4d4aeabcc2af
update picture set spot_id=?, url=? where picture_id=?
update picture set spot_id=847, url='java.io.StringReader@6a944699' where picture_id=3179;
2022-10-10 13:48:04.783  INFO 3923 --- [    Test worker] p6spy                                    : #1665377284783 | took 0ms | statement | connection 27| url jdbc:h2:mem:6a3784ae-1aa6-4bbf-b617-4d4aeabcc2af
update picture set spot_id=?, url=? where picture_id=?
update picture set spot_id=848, url='java.io.StringReader@7a2a35fe' where picture_id=3181;
2022-10-10 13:48:04.783  INFO 3923 --- [    Test worker] p6spy                                    : #1665377284783 | took 0ms | statement | connection 27| url jdbc:h2:mem:6a3784ae-1aa6-4bbf-b617-4d4aeabcc2af
update picture set spot_id=?, url=? where picture_id=?
update picture set spot_id=848, url='java.io.StringReader@18335587' where picture_id=3182;
2022-10-10 13:48:04.783  INFO 3923 --- [    Test worker] p6spy                                    : #1665377284783 | took 0ms | statement | connection 27| url jdbc:h2:mem:6a3784ae-1aa6-4bbf-b617-4d4aeabcc2af
update picture set spot_id=?, url=? where picture_id=?
update picture set spot_id=848, url='java.io.StringReader@58e280bc' where picture_id=3183;
2022-10-10 13:48:04.783  INFO 3923 --- [    Test worker] p6spy                                    : #1665377284783 | took 0ms | statement | connection 27| url jdbc:h2:mem:6a3784ae-1aa6-4bbf-b617-4d4aeabcc2af
update picture set spot_id=?, url=? where picture_id=?
update picture set spot_id=849, url='java.io.StringReader@a5d57af' where picture_id=3185;
2022-10-10 13:48:04.783  INFO 3923 --- [    Test worker] p6spy                                    : #1665377284783 | took 0ms | statement | connection 27| url jdbc:h2:mem:6a3784ae-1aa6-4bbf-b617-4d4aeabcc2af
update picture set spot_id=?, url=? where picture_id=?
update picture set spot_id=849, url='java.io.StringReader@c9a016c' where picture_id=3186;
2022-10-10 13:48:04.783  INFO 3923 --- [    Test worker] p6spy                                    : #1665377284783 | took 0ms | statement | connection 27| url jdbc:h2:mem:6a3784ae-1aa6-4bbf-b617-4d4aeabcc2af
update picture set spot_id=?, url=? where picture_id=?
update picture set spot_id=849, url='java.io.StringReader@2d689dc4' where picture_id=3187;
2022-10-10 13:48:04.783  INFO 3923 --- [    Test worker] p6spy                                    : #1665377284783 | took 0ms | statement | connection 27| url jdbc:h2:mem:6a3784ae-1aa6-4bbf-b617-4d4aeabcc2af
update picture set spot_id=?, url=? where picture_id=?
update picture set spot_id=850, url='java.io.StringReader@15544b0a' where picture_id=3189;
2022-10-10 13:48:04.783  INFO 3923 --- [    Test worker] p6spy                                    : #1665377284783 | took 0ms | statement | connection 27| url jdbc:h2:mem:6a3784ae-1aa6-4bbf-b617-4d4aeabcc2af
update picture set spot_id=?, url=? where picture_id=?
update picture set spot_id=850, url='java.io.StringReader@7da849b0' where picture_id=3190;
2022-10-10 13:48:04.783  INFO 3923 --- [    Test worker] p6spy                                    : #1665377284783 | took 0ms | statement | connection 27| url jdbc:h2:mem:6a3784ae-1aa6-4bbf-b617-4d4aeabcc2af
update picture set spot_id=?, url=? where picture_id=?
update picture set spot_id=850, url='java.io.StringReader@5c328e9' where picture_id=3191;
2022-10-10 13:48:04.783  INFO 3923 --- [    Test worker] p6spy                                    : #1665377284783 | took 0ms | statement | connection 27| url jdbc:h2:mem:6a3784ae-1aa6-4bbf-b617-4d4aeabcc2af
update picture set spot_id=?, url=? where picture_id=?
update picture set spot_id=851, url='java.io.StringReader@2726a9e1' where picture_id=3193;
2022-10-10 13:48:04.783  INFO 3923 --- [    Test worker] p6spy                                    : #1665377284783 | took 0ms | statement | connection 27| url jdbc:h2:mem:6a3784ae-1aa6-4bbf-b617-4d4aeabcc2af
update picture set spot_id=?, url=? where picture_id=?
update picture set spot_id=851, url='java.io.StringReader@154a54da' where picture_id=3194;
2022-10-10 13:48:04.783  INFO 3923 --- [    Test worker] p6spy                                    : #1665377284783 | took 0ms | statement | connection 27| url jdbc:h2:mem:6a3784ae-1aa6-4bbf-b617-4d4aeabcc2af
update picture set spot_id=?, url=? where picture_id=?
update picture set spot_id=851, url='java.io.StringReader@1c5b39ec' where picture_id=3195;
2022-10-10 13:48:04.783  INFO 3923 --- [    Test worker] p6spy                                    : #1665377284783 | took 0ms | statement | connection 27| url jdbc:h2:mem:6a3784ae-1aa6-4bbf-b617-4d4aeabcc2af
update picture set spot_id=?, url=? where picture_id=?
update picture set spot_id=852, url='java.io.StringReader@528e598' where picture_id=3197;
2022-10-10 13:48:04.783  INFO 3923 --- [    Test worker] p6spy                                    : #1665377284783 | took 0ms | statement | connection 27| url jdbc:h2:mem:6a3784ae-1aa6-4bbf-b617-4d4aeabcc2af
update picture set spot_id=?, url=? where picture_id=?
update picture set spot_id=852, url='java.io.StringReader@51305b68' where picture_id=3198;
2022-10-10 13:48:04.783  INFO 3923 --- [    Test worker] p6spy                                    : #1665377284783 | took 0ms | statement | connection 27| url jdbc:h2:mem:6a3784ae-1aa6-4bbf-b617-4d4aeabcc2af
update picture set spot_id=?, url=? where picture_id=?
update picture set spot_id=852, url='java.io.StringReader@65236427' where picture_id=3199;
2022-10-10 13:48:04.783  INFO 3923 --- [    Test worker] p6spy                                    : #1665377284783 | took 0ms | statement | connection 27| url jdbc:h2:mem:6a3784ae-1aa6-4bbf-b617-4d4aeabcc2af
update picture set spot_id=?, url=? where picture_id=?
update picture set spot_id=853, url='java.io.StringReader@5e39edf' where picture_id=3201;
2022-10-10 13:48:04.783  INFO 3923 --- [    Test worker] p6spy                                    : #1665377284783 | took 0ms | statement | connection 27| url jdbc:h2:mem:6a3784ae-1aa6-4bbf-b617-4d4aeabcc2af
update picture set spot_id=?, url=? where picture_id=?
update picture set spot_id=853, url='java.io.StringReader@463b51e4' where picture_id=3202;
2022-10-10 13:48:04.783  INFO 3923 --- [    Test worker] p6spy                                    : #1665377284783 | took 0ms | statement | connection 27| url jdbc:h2:mem:6a3784ae-1aa6-4bbf-b617-4d4aeabcc2af
update picture set spot_id=?, url=? where picture_id=?
update picture set spot_id=853, url='java.io.StringReader@2c1ea663' where picture_id=3203;
2022-10-10 13:48:04.783  INFO 3923 --- [    Test worker] p6spy                                    : #1665377284783 | took 0ms | statement | connection 27| url jdbc:h2:mem:6a3784ae-1aa6-4bbf-b617-4d4aeabcc2af
update picture set spot_id=?, url=? where picture_id=?
update picture set spot_id=854, url='java.io.StringReader@24295fdf' where picture_id=3205;
2022-10-10 13:48:04.784  INFO 3923 --- [    Test worker] p6spy                                    : #1665377284784 | took 0ms | statement | connection 27| url jdbc:h2:mem:6a3784ae-1aa6-4bbf-b617-4d4aeabcc2af
update picture set spot_id=?, url=? where picture_id=?
update picture set spot_id=854, url='java.io.StringReader@37cd3b36' where picture_id=3206;
2022-10-10 13:48:04.784  INFO 3923 --- [    Test worker] p6spy                                    : #1665377284784 | took 0ms | statement | connection 27| url jdbc:h2:mem:6a3784ae-1aa6-4bbf-b617-4d4aeabcc2af
update picture set spot_id=?, url=? where picture_id=?
update picture set spot_id=854, url='java.io.StringReader@42ef92eb' where picture_id=3207;
2022-10-10 13:48:04.784  INFO 3923 --- [    Test worker] p6spy                                    : #1665377284784 | took 0ms | statement | connection 27| url jdbc:h2:mem:6a3784ae-1aa6-4bbf-b617-4d4aeabcc2af
update picture set spot_id=?, url=? where picture_id=?
update picture set spot_id=855, url='java.io.StringReader@588cb5fa' where picture_id=3209;
2022-10-10 13:48:04.784  INFO 3923 --- [    Test worker] p6spy                                    : #1665377284784 | took 0ms | statement | connection 27| url jdbc:h2:mem:6a3784ae-1aa6-4bbf-b617-4d4aeabcc2af
update picture set spot_id=?, url=? where picture_id=?
update picture set spot_id=855, url='java.io.StringReader@ab1a5f6' where picture_id=3210;
2022-10-10 13:48:04.784  INFO 3923 --- [    Test worker] p6spy                                    : #1665377284784 | took 0ms | statement | connection 27| url jdbc:h2:mem:6a3784ae-1aa6-4bbf-b617-4d4aeabcc2af
update picture set spot_id=?, url=? where picture_id=?
update picture set spot_id=855, url='java.io.StringReader@397fcbd1' where picture_id=3211;
2022-10-10 13:48:04.784  INFO 3923 --- [    Test worker] p6spy                                    : #1665377284784 | took 0ms | statement | connection 27| url jdbc:h2:mem:6a3784ae-1aa6-4bbf-b617-4d4aeabcc2af
update picture set spot_id=?, url=? where picture_id=?
update picture set spot_id=856, url='java.io.StringReader@70744c52' where picture_id=3213;
2022-10-10 13:48:04.784  INFO 3923 --- [    Test worker] p6spy                                    : #1665377284784 | took 0ms | statement | connection 27| url jdbc:h2:mem:6a3784ae-1aa6-4bbf-b617-4d4aeabcc2af
update picture set spot_id=?, url=? where picture_id=?
update picture set spot_id=856, url='java.io.StringReader@3e14014c' where picture_id=3214;
2022-10-10 13:48:04.784  INFO 3923 --- [    Test worker] p6spy                                    : #1665377284784 | took 0ms | statement | connection 27| url jdbc:h2:mem:6a3784ae-1aa6-4bbf-b617-4d4aeabcc2af
update picture set spot_id=?, url=? where picture_id=?
update picture set spot_id=856, url='java.io.StringReader@4e56c6ec' where picture_id=3215;
2022-10-10 13:48:04.784  INFO 3923 --- [    Test worker] p6spy                                    : #1665377284784 | took 0ms | statement | connection 27| url jdbc:h2:mem:6a3784ae-1aa6-4bbf-b617-4d4aeabcc2af
update picture set spot_id=?, url=? where picture_id=?
update picture set spot_id=857, url='java.io.StringReader@2954f22f' where picture_id=3217;
2022-10-10 13:48:04.784  INFO 3923 --- [    Test worker] p6spy                                    : #1665377284784 | took 0ms | statement | connection 27| url jdbc:h2:mem:6a3784ae-1aa6-4bbf-b617-4d4aeabcc2af
update picture set spot_id=?, url=? where picture_id=?
update picture set spot_id=857, url='java.io.StringReader@75f6ae9e' where picture_id=3218;
2022-10-10 13:48:04.784  INFO 3923 --- [    Test worker] p6spy                                    : #1665377284784 | took 0ms | statement | connection 27| url jdbc:h2:mem:6a3784ae-1aa6-4bbf-b617-4d4aeabcc2af
update picture set spot_id=?, url=? where picture_id=?
update picture set spot_id=857, url='java.io.StringReader@684fe49a' where picture_id=3219;
2022-10-10 13:48:04.784  INFO 3923 --- [    Test worker] p6spy                                    : #1665377284784 | took 0ms | statement | connection 27| url jdbc:h2:mem:6a3784ae-1aa6-4bbf-b617-4d4aeabcc2af
update picture set spot_id=?, url=? where picture_id=?
update picture set spot_id=858, url='java.io.StringReader@282dc4c9' where picture_id=3221;
2022-10-10 13:48:04.784  INFO 3923 --- [    Test worker] p6spy                                    : #1665377284784 | took 0ms | statement | connection 27| url jdbc:h2:mem:6a3784ae-1aa6-4bbf-b617-4d4aeabcc2af
update picture set spot_id=?, url=? where picture_id=?
update picture set spot_id=858, url='java.io.StringReader@1f4642ca' where picture_id=3222;
2022-10-10 13:48:04.784  INFO 3923 --- [    Test worker] p6spy                                    : #1665377284784 | took 0ms | statement | connection 27| url jdbc:h2:mem:6a3784ae-1aa6-4bbf-b617-4d4aeabcc2af
update picture set spot_id=?, url=? where picture_id=?
update picture set spot_id=858, url='java.io.StringReader@3d2ed76c' where picture_id=3223;
2022-10-10 13:48:04.784  INFO 3923 --- [    Test worker] p6spy                                    : #1665377284784 | took 0ms | statement | connection 27| url jdbc:h2:mem:6a3784ae-1aa6-4bbf-b617-4d4aeabcc2af
update picture set spot_id=?, url=? where picture_id=?
update picture set spot_id=859, url='java.io.StringReader@48cd9bec' where picture_id=3225;
2022-10-10 13:48:04.784  INFO 3923 --- [    Test worker] p6spy                                    : #1665377284784 | took 0ms | statement | connection 27| url jdbc:h2:mem:6a3784ae-1aa6-4bbf-b617-4d4aeabcc2af
update picture set spot_id=?, url=? where picture_id=?
update picture set spot_id=859, url='java.io.StringReader@708dd6e3' where picture_id=3226;
2022-10-10 13:48:04.784  INFO 3923 --- [    Test worker] p6spy                                    : #1665377284784 | took 0ms | statement | connection 27| url jdbc:h2:mem:6a3784ae-1aa6-4bbf-b617-4d4aeabcc2af
update picture set spot_id=?, url=? where picture_id=?
update picture set spot_id=859, url='java.io.StringReader@11dc43b9' where picture_id=3227;
2022-10-10 13:48:04.784  INFO 3923 --- [    Test worker] p6spy                                    : #1665377284784 | took 0ms | statement | connection 27| url jdbc:h2:mem:6a3784ae-1aa6-4bbf-b617-4d4aeabcc2af
update picture set spot_id=?, url=? where picture_id=?
update picture set spot_id=860, url='java.io.StringReader@9de992b' where picture_id=3229;
2022-10-10 13:48:04.784  INFO 3923 --- [    Test worker] p6spy                                    : #1665377284784 | took 0ms | statement | connection 27| url jdbc:h2:mem:6a3784ae-1aa6-4bbf-b617-4d4aeabcc2af
update picture set spot_id=?, url=? where picture_id=?
update picture set spot_id=860, url='java.io.StringReader@4dc319d0' where picture_id=3230;
2022-10-10 13:48:04.784  INFO 3923 --- [    Test worker] p6spy                                    : #1665377284784 | took 0ms | statement | connection 27| url jdbc:h2:mem:6a3784ae-1aa6-4bbf-b617-4d4aeabcc2af
update picture set spot_id=?, url=? where picture_id=?
update picture set spot_id=860, url='java.io.StringReader@242ee9cb' where picture_id=3231;
2022-10-10 13:48:04.784  INFO 3923 --- [    Test worker] p6spy                                    : #1665377284784 | took 0ms | statement | connection 27| url jdbc:h2:mem:6a3784ae-1aa6-4bbf-b617-4d4aeabcc2af
update picture set spot_id=?, url=? where picture_id=?
update picture set spot_id=861, url='java.io.StringReader@da61384' where picture_id=3233;
2022-10-10 13:48:04.784  INFO 3923 --- [    Test worker] p6spy                                    : #1665377284784 | took 0ms | statement | connection 27| url jdbc:h2:mem:6a3784ae-1aa6-4bbf-b617-4d4aeabcc2af
update picture set spot_id=?, url=? where picture_id=?
update picture set spot_id=861, url='java.io.StringReader@4383b079' where picture_id=3234;
2022-10-10 13:48:04.784  INFO 3923 --- [    Test worker] p6spy                                    : #1665377284784 | took 0ms | statement | connection 27| url jdbc:h2:mem:6a3784ae-1aa6-4bbf-b617-4d4aeabcc2af
update picture set spot_id=?, url=? where picture_id=?
update picture set spot_id=861, url='java.io.StringReader@2d091e34' where picture_id=3235;
2022-10-10 13:48:04.784  INFO 3923 --- [    Test worker] p6spy                                    : #1665377284784 | took 0ms | statement | connection 27| url jdbc:h2:mem:6a3784ae-1aa6-4bbf-b617-4d4aeabcc2af
update picture set spot_id=?, url=? where picture_id=?
update picture set spot_id=862, url='java.io.StringReader@4b8c1965' where picture_id=3237;
2022-10-10 13:48:04.784  INFO 3923 --- [    Test worker] p6spy                                    : #1665377284784 | took 0ms | statement | connection 27| url jdbc:h2:mem:6a3784ae-1aa6-4bbf-b617-4d4aeabcc2af
update picture set spot_id=?, url=? where picture_id=?
update picture set spot_id=862, url='java.io.StringReader@5c399008' where picture_id=3238;
2022-10-10 13:48:04.784  INFO 3923 --- [    Test worker] p6spy                                    : #1665377284784 | took 0ms | statement | connection 27| url jdbc:h2:mem:6a3784ae-1aa6-4bbf-b617-4d4aeabcc2af
update picture set spot_id=?, url=? where picture_id=?
update picture set spot_id=862, url='java.io.StringReader@24055215' where picture_id=3239;
2022-10-10 13:48:04.784  INFO 3923 --- [    Test worker] p6spy                                    : #1665377284784 | took 0ms | statement | connection 27| url jdbc:h2:mem:6a3784ae-1aa6-4bbf-b617-4d4aeabcc2af
update picture set spot_id=?, url=? where picture_id=?
update picture set spot_id=863, url='java.io.StringReader@14f907f' where picture_id=3241;
2022-10-10 13:48:04.784  INFO 3923 --- [    Test worker] p6spy                                    : #1665377284784 | took 0ms | statement | connection 27| url jdbc:h2:mem:6a3784ae-1aa6-4bbf-b617-4d4aeabcc2af
update picture set spot_id=?, url=? where picture_id=?
update picture set spot_id=863, url='java.io.StringReader@11965dd4' where picture_id=3242;
2022-10-10 13:48:04.784  INFO 3923 --- [    Test worker] p6spy                                    : #1665377284784 | took 0ms | statement | connection 27| url jdbc:h2:mem:6a3784ae-1aa6-4bbf-b617-4d4aeabcc2af
update picture set spot_id=?, url=? where picture_id=?
update picture set spot_id=863, url='java.io.StringReader@6c2c3cdf' where picture_id=3243;
2022-10-10 13:48:04.784  INFO 3923 --- [    Test worker] p6spy                                    : #1665377284784 | took 0ms | statement | connection 27| url jdbc:h2:mem:6a3784ae-1aa6-4bbf-b617-4d4aeabcc2af
update picture set spot_id=?, url=? where picture_id=?
update picture set spot_id=864, url='java.io.StringReader@315ab221' where picture_id=3245;
2022-10-10 13:48:04.784  INFO 3923 --- [    Test worker] p6spy                                    : #1665377284784 | took 0ms | statement | connection 27| url jdbc:h2:mem:6a3784ae-1aa6-4bbf-b617-4d4aeabcc2af
update picture set spot_id=?, url=? where picture_id=?
update picture set spot_id=864, url='java.io.StringReader@6a38ff29' where picture_id=3246;
2022-10-10 13:48:04.784  INFO 3923 --- [    Test worker] p6spy                                    : #1665377284784 | took 0ms | statement | connection 27| url jdbc:h2:mem:6a3784ae-1aa6-4bbf-b617-4d4aeabcc2af
update picture set spot_id=?, url=? where picture_id=?
update picture set spot_id=864, url='java.io.StringReader@3893c26d' where picture_id=3247;
2022-10-10 13:48:04.784  INFO 3923 --- [    Test worker] p6spy                                    : #1665377284784 | took 0ms | statement | connection 27| url jdbc:h2:mem:6a3784ae-1aa6-4bbf-b617-4d4aeabcc2af
update picture set spot_id=?, url=? where picture_id=?
update picture set spot_id=865, url='java.io.StringReader@87a6a7a' where picture_id=3249;
2022-10-10 13:48:04.784  INFO 3923 --- [    Test worker] p6spy                                    : #1665377284784 | took 0ms | statement | connection 27| url jdbc:h2:mem:6a3784ae-1aa6-4bbf-b617-4d4aeabcc2af
update picture set spot_id=?, url=? where picture_id=?
update picture set spot_id=865, url='java.io.StringReader@3b56e95a' where picture_id=3250;
2022-10-10 13:48:04.784  INFO 3923 --- [    Test worker] p6spy                                    : #1665377284784 | took 0ms | statement | connection 27| url jdbc:h2:mem:6a3784ae-1aa6-4bbf-b617-4d4aeabcc2af
update picture set spot_id=?, url=? where picture_id=?
update picture set spot_id=865, url='java.io.StringReader@55645ece' where picture_id=3251;
2022-10-10 13:48:04.784  INFO 3923 --- [    Test worker] p6spy                                    : #1665377284784 | took 0ms | statement | connection 27| url jdbc:h2:mem:6a3784ae-1aa6-4bbf-b617-4d4aeabcc2af
update picture set spot_id=?, url=? where picture_id=?
update picture set spot_id=866, url='java.io.StringReader@372c0ae5' where picture_id=3253;
2022-10-10 13:48:04.784  INFO 3923 --- [    Test worker] p6spy                                    : #1665377284784 | took 0ms | statement | connection 27| url jdbc:h2:mem:6a3784ae-1aa6-4bbf-b617-4d4aeabcc2af
update picture set spot_id=?, url=? where picture_id=?
update picture set spot_id=866, url='java.io.StringReader@7335c59f' where picture_id=3254;
2022-10-10 13:48:04.784  INFO 3923 --- [    Test worker] p6spy                                    : #1665377284784 | took 0ms | statement | connection 27| url jdbc:h2:mem:6a3784ae-1aa6-4bbf-b617-4d4aeabcc2af
update picture set spot_id=?, url=? where picture_id=?
update picture set spot_id=866, url='java.io.StringReader@1880501d' where picture_id=3255;
2022-10-10 13:48:04.784  INFO 3923 --- [    Test worker] p6spy                                    : #1665377284784 | took 0ms | statement | connection 27| url jdbc:h2:mem:6a3784ae-1aa6-4bbf-b617-4d4aeabcc2af
update picture set spot_id=?, url=? where picture_id=?
update picture set spot_id=867, url='java.io.StringReader@241ff270' where picture_id=3257;
2022-10-10 13:48:04.785  INFO 3923 --- [    Test worker] p6spy                                    : #1665377284785 | took 0ms | statement | connection 27| url jdbc:h2:mem:6a3784ae-1aa6-4bbf-b617-4d4aeabcc2af
update picture set spot_id=?, url=? where picture_id=?
update picture set spot_id=867, url='java.io.StringReader@6a6ebe04' where picture_id=3258;
2022-10-10 13:48:04.785  INFO 3923 --- [    Test worker] p6spy                                    : #1665377284785 | took 0ms | statement | connection 27| url jdbc:h2:mem:6a3784ae-1aa6-4bbf-b617-4d4aeabcc2af
update picture set spot_id=?, url=? where picture_id=?
update picture set spot_id=867, url='java.io.StringReader@31e6631d' where picture_id=3259;
2022-10-10 13:48:04.785  INFO 3923 --- [    Test worker] p6spy                                    : #1665377284785 | took 0ms | statement | connection 27| url jdbc:h2:mem:6a3784ae-1aa6-4bbf-b617-4d4aeabcc2af
update picture set spot_id=?, url=? where picture_id=?
update picture set spot_id=868, url='java.io.StringReader@21d64941' where picture_id=3261;
2022-10-10 13:48:04.785  INFO 3923 --- [    Test worker] p6spy                                    : #1665377284785 | took 0ms | statement | connection 27| url jdbc:h2:mem:6a3784ae-1aa6-4bbf-b617-4d4aeabcc2af
update picture set spot_id=?, url=? where picture_id=?
update picture set spot_id=868, url='java.io.StringReader@3802a862' where picture_id=3262;
2022-10-10 13:48:04.785  INFO 3923 --- [    Test worker] p6spy                                    : #1665377284785 | took 0ms | statement | connection 27| url jdbc:h2:mem:6a3784ae-1aa6-4bbf-b617-4d4aeabcc2af
update picture set spot_id=?, url=? where picture_id=?
update picture set spot_id=868, url='java.io.StringReader@7fb2f704' where picture_id=3263;
2022-10-10 13:48:04.785  INFO 3923 --- [    Test worker] c.j.r.FavoriteSpotQueryRepositoryTest    : member1 = Member(id=22, username=member1, email=member1@gmail.com, password=1234)
2022-10-10 13:48:04.785  INFO 3923 --- [    Test worker] c.j.r.FavoriteSpotQueryRepositoryTest    : favoriteMain = Favorite(id=42, name=1일차)
2022-10-10 13:48:04.785  INFO 3923 --- [    Test worker] c.j.r.FavoriteSpotQueryRepositoryTest    : spots[0] = capstone.jejuTourrecommend.domain.Spot@6bcc7181
2022-10-10 13:48:04.785  INFO 3923 --- [    Test worker] c.j.r.FavoriteSpotQueryRepositoryTest    : favoriteSpots[0] = FavoriteSpot(id=527, count=0)
2022-10-10 13:48:04.785  INFO 3923 --- [    Test worker] p6spy                                    : #1665377284785 | took 0ms | statement | connection 27| url jdbc:h2:mem:6a3784ae-1aa6-4bbf-b617-4d4aeabcc2af
insert into spot (address, description, location, name, score_id, spot_id) values (?, ?, ?, ?, ?, ?)
insert into spot (address, description, location, name, score_id, spot_id) values (NULL, NULL, NULL, 'spot1', NULL, 869);
2022-10-10 13:48:04.785  INFO 3923 --- [    Test worker] p6spy                                    : #1665377284785 | took 0ms | statement | connection 27| url jdbc:h2:mem:6a3784ae-1aa6-4bbf-b617-4d4aeabcc2af
insert into spot (address, description, location, name, score_id, spot_id) values (?, ?, ?, ?, ?, ?)
insert into spot (address, description, location, name, score_id, spot_id) values (NULL, NULL, NULL, 'spot2', NULL, 870);
2022-10-10 13:48:04.785  INFO 3923 --- [    Test worker] p6spy                                    : #1665377284785 | took 0ms | statement | connection 27| url jdbc:h2:mem:6a3784ae-1aa6-4bbf-b617-4d4aeabcc2af
insert into favorite (member_id, name, favorite_id) values (?, ?, ?)
insert into favorite (member_id, name, favorite_id) values (NULL, '1일차', 43);
2022-10-10 13:48:04.785  INFO 3923 --- [    Test worker] p6spy                                    : #1665377284785 | took 0ms | statement | connection 27| url jdbc:h2:mem:6a3784ae-1aa6-4bbf-b617-4d4aeabcc2af
insert into favorite_spot (count, favorite_id, spot_id, favorite_spot_id) values (?, ?, ?, ?)
insert into favorite_spot (count, favorite_id, spot_id, favorite_spot_id) values (0, 43, 869, 577);
2022-10-10 13:48:04.785  INFO 3923 --- [    Test worker] p6spy                                    : #1665377284785 | took 0ms | statement | connection 27| url jdbc:h2:mem:6a3784ae-1aa6-4bbf-b617-4d4aeabcc2af
insert into favorite_spot (count, favorite_id, spot_id, favorite_spot_id) values (?, ?, ?, ?)
insert into favorite_spot (count, favorite_id, spot_id, favorite_spot_id) values (0, 43, 870, 578);
2022-10-10 13:48:04.786  INFO 3923 --- [    Test worker] c.j.r.FavoriteSpotQueryRepositoryTest    : 22222
2022-10-10 13:48:04.788  INFO 3923 --- [    Test worker] p6spy                                    : #1665377284788 | took 0ms | statement | connection 27| url jdbc:h2:mem:6a3784ae-1aa6-4bbf-b617-4d4aeabcc2af
delete from favorite_spot where favorite_id=? and spot_id=?
delete from favorite_spot where favorite_id=43 and spot_id=869;
2022-10-10 13:48:04.788  INFO 3923 --- [    Test worker] c.j.r.FavoriteSpotQueryRepositoryTest    : 11111
2022-10-10 13:48:04.789  INFO 3923 --- [    Test worker] p6spy                                    : #1665377284789 | took 0ms | statement | connection 27| url jdbc:h2:mem:6a3784ae-1aa6-4bbf-b617-4d4aeabcc2af
select favoritesp0_.favorite_spot_id as favorite1_1_, favoritesp0_.count as count2_1_, favoritesp0_.favorite_id as favorite3_1_, favoritesp0_.spot_id as spot_id4_1_ from favorite_spot favoritesp0_ left outer join spot spot1_ on favoritesp0_.spot_id=spot1_.spot_id left outer join favorite favorite2_ on favoritesp0_.favorite_id=favorite2_.favorite_id where spot1_.spot_id=? and favorite2_.favorite_id=?
select favoritesp0_.favorite_spot_id as favorite1_1_, favoritesp0_.count as count2_1_, favoritesp0_.favorite_id as favorite3_1_, favoritesp0_.spot_id as spot_id4_1_ from favorite_spot favoritesp0_ left outer join spot spot1_ on favoritesp0_.spot_id=spot1_.spot_id left outer join favorite favorite2_ on favoritesp0_.favorite_id=favorite2_.favorite_id where spot1_.spot_id=869 and favorite2_.favorite_id=43;
2022-10-10 13:48:04.792  INFO 3923 --- [    Test worker] p6spy                                    : #1665377284792 | took 2ms | rollback | connection 27| url jdbc:h2:mem:6a3784ae-1aa6-4bbf-b617-4d4aeabcc2af

;
2022-10-10 13:48:04.792  INFO 3923 --- [    Test worker] o.s.t.c.transaction.TransactionContext   : Rolled back transaction for test: [DefaultTestContext@792484df testClass = FavoriteSpotQueryRepositoryTest, testInstance = capstone.jejuTourrecommend.repository.FavoriteSpotQueryRepositoryTest@3ed37d28, testMethod = deleteTest@FavoriteSpotQueryRepositoryTest, testException = [null], mergedContextConfiguration = [WebMergedContextConfiguration@2efe360c testClass = FavoriteSpotQueryRepositoryTest, locations = '{}', classes = '{class capstone.jejuTourrecommend.JejuTourRecommendApplication}', contextInitializerClasses = '[]', activeProfiles = '{}', propertySourceLocations = '{}', propertySourceProperties = '{org.springframework.boot.test.context.SpringBootTestContextBootstrapper=true}', contextCustomizers = set[org.springframework.boot.test.autoconfigure.actuate.metrics.MetricsExportContextCustomizerFactory$DisableMetricExportContextCustomizer@239b0f9d, org.springframework.boot.test.autoconfigure.properties.PropertyMappingContextCustomizer@0, org.springframework.boot.test.autoconfigure.web.servlet.WebDriverContextCustomizerFactory$Customizer@c260bdc, org.springframework.boot.test.context.filter.ExcludeFilterContextCustomizer@3f363cf5, org.springframework.boot.test.json.DuplicateJsonObjectContextCustomizerFactory$DuplicateJsonObjectContextCustomizer@1bb1fde8, org.springframework.boot.test.mock.mockito.MockitoContextCustomizer@0, org.springframework.boot.test.web.client.TestRestTemplateContextCustomizer@26a4842b, org.springframework.boot.test.context.SpringBootTestArgs@1, org.springframework.boot.test.context.SpringBootTestWebEnvironment@34b9f960], resourceBasePath = 'src/main/webapp', contextLoader = 'org.springframework.boot.test.context.SpringBootContextLoader', parent = [null]], attributes = map['org.springframework.test.context.web.ServletTestExecutionListener.activateListener' -> true, 'org.springframework.test.context.web.ServletTestExecutionListener.populatedRequestContextHolder' -> true, 'org.springframework.test.context.web.ServletTestExecutionListener.resetRequestContextHolder' -> true, 'org.springframework.test.context.event.ApplicationEventsTestExecutionListener.recordApplicationEvents' -> false]]
2022-10-10 13:48:04.793  INFO 3923 --- [    Test worker] o.s.t.c.transaction.TransactionContext   : Began transaction (1) for test context [DefaultTestContext@792484df testClass = FavoriteSpotQueryRepositoryTest, testInstance = capstone.jejuTourrecommend.repository.FavoriteSpotQueryRepositoryTest@5c43fa5e, testMethod = favoriteListTest@FavoriteSpotQueryRepositoryTest, testException = [null], mergedContextConfiguration = [WebMergedContextConfiguration@2efe360c testClass = FavoriteSpotQueryRepositoryTest, locations = '{}', classes = '{class capstone.jejuTourrecommend.JejuTourRecommendApplication}', contextInitializerClasses = '[]', activeProfiles = '{}', propertySourceLocations = '{}', propertySourceProperties = '{org.springframework.boot.test.context.SpringBootTestContextBootstrapper=true}', contextCustomizers = set[org.springframework.boot.test.autoconfigure.actuate.metrics.MetricsExportContextCustomizerFactory$DisableMetricExportContextCustomizer@239b0f9d, org.springframework.boot.test.autoconfigure.properties.PropertyMappingContextCustomizer@0, org.springframework.boot.test.autoconfigure.web.servlet.WebDriverContextCustomizerFactory$Customizer@c260bdc, org.springframework.boot.test.context.filter.ExcludeFilterContextCustomizer@3f363cf5, org.springframework.boot.test.json.DuplicateJsonObjectContextCustomizerFactory$DuplicateJsonObjectContextCustomizer@1bb1fde8, org.springframework.boot.test.mock.mockito.MockitoContextCustomizer@0, org.springframework.boot.test.web.client.TestRestTemplateContextCustomizer@26a4842b, org.springframework.boot.test.context.SpringBootTestArgs@1, org.springframework.boot.test.context.SpringBootTestWebEnvironment@34b9f960], resourceBasePath = 'src/main/webapp', contextLoader = 'org.springframework.boot.test.context.SpringBootContextLoader', parent = [null]], attributes = map['org.springframework.test.context.web.ServletTestExecutionListener.activateListener' -> true, 'org.springframework.test.context.web.ServletTestExecutionListener.populatedRequestContextHolder' -> true, 'org.springframework.test.context.web.ServletTestExecutionListener.resetRequestContextHolder' -> true, 'org.springframework.test.context.event.ApplicationEventsTestExecutionListener.recordApplicationEvents' -> false]]; transaction manager [org.springframework.orm.jpa.JpaTransactionManager@5843ab8]; rollback [true]
2022-10-10 13:48:04.794  INFO 3923 --- [    Test worker] c.j.r.FavoriteSpotQueryRepositoryTest    : member1 =Member(id=24, username=member1, email=member1@gmail.com, password=1234)
2022-10-10 13:48:04.794  INFO 3923 --- [    Test worker] p6spy                                    : #1665377284794 | took 0ms | statement | connection 28| url jdbc:h2:mem:6a3784ae-1aa6-4bbf-b617-4d4aeabcc2af
call next value for hibernate_sequence
call next value for hibernate_sequence;
2022-10-10 13:48:04.794  INFO 3923 --- [    Test worker] p6spy                                    : #1665377284794 | took 0ms | statement | connection 28| url jdbc:h2:mem:6a3784ae-1aa6-4bbf-b617-4d4aeabcc2af
call next value for hibernate_sequence
call next value for hibernate_sequence;
2022-10-10 13:48:04.794  INFO 3923 --- [    Test worker] p6spy                                    : #1665377284794 | took 0ms | statement | connection 28| url jdbc:h2:mem:6a3784ae-1aa6-4bbf-b617-4d4aeabcc2af
call next value for hibernate_sequence
call next value for hibernate_sequence;
2022-10-10 13:48:04.794  INFO 3923 --- [    Test worker] p6spy                                    : #1665377284794 | took 0ms | statement | connection 28| url jdbc:h2:mem:6a3784ae-1aa6-4bbf-b617-4d4aeabcc2af
call next value for hibernate_sequence
call next value for hibernate_sequence;
2022-10-10 13:48:04.794  INFO 3923 --- [    Test worker] c.j.r.FavoriteSpotQueryRepositoryTest    : favoriteSpot = FavoriteSpot(id=579, count=0)
2022-10-10 13:48:04.794  INFO 3923 --- [    Test worker] c.j.r.FavoriteSpotQueryRepositoryTest    : Spot = capstone.jejuTourrecommend.domain.Spot@6b45adda
2022-10-10 13:48:04.794  INFO 3923 --- [    Test worker] p6spy                                    : #1665377284794 | took 0ms | statement | connection 28| url jdbc:h2:mem:6a3784ae-1aa6-4bbf-b617-4d4aeabcc2af
call next value for hibernate_sequence
call next value for hibernate_sequence;
2022-10-10 13:48:04.794  INFO 3923 --- [    Test worker] p6spy                                    : #1665377284794 | took 0ms | statement | connection 28| url jdbc:h2:mem:6a3784ae-1aa6-4bbf-b617-4d4aeabcc2af
call next value for hibernate_sequence
call next value for hibernate_sequence;
2022-10-10 13:48:04.794  INFO 3923 --- [    Test worker] p6spy                                    : #1665377284794 | took 0ms | statement | connection 28| url jdbc:h2:mem:6a3784ae-1aa6-4bbf-b617-4d4aeabcc2af
call next value for hibernate_sequence
call next value for hibernate_sequence;
2022-10-10 13:48:04.794  INFO 3923 --- [    Test worker] p6spy                                    : #1665377284794 | took 0ms | statement | connection 28| url jdbc:h2:mem:6a3784ae-1aa6-4bbf-b617-4d4aeabcc2af
call next value for hibernate_sequence
call next value for hibernate_sequence;
2022-10-10 13:48:04.794  INFO 3923 --- [    Test worker] p6spy                                    : #1665377284794 | took 0ms | statement | connection 28| url jdbc:h2:mem:6a3784ae-1aa6-4bbf-b617-4d4aeabcc2af
call next value for hibernate_sequence
call next value for hibernate_sequence;
2022-10-10 13:48:04.794  INFO 3923 --- [    Test worker] p6spy                                    : #1665377284794 | took 0ms | statement | connection 28| url jdbc:h2:mem:6a3784ae-1aa6-4bbf-b617-4d4aeabcc2af
call next value for hibernate_sequence
call next value for hibernate_sequence;
2022-10-10 13:48:04.794  INFO 3923 --- [    Test worker] p6spy                                    : #1665377284794 | took 0ms | statement | connection 28| url jdbc:h2:mem:6a3784ae-1aa6-4bbf-b617-4d4aeabcc2af
call next value for hibernate_sequence
call next value for hibernate_sequence;
2022-10-10 13:48:04.794  INFO 3923 --- [    Test worker] p6spy                                    : #1665377284794 | took 0ms | statement | connection 28| url jdbc:h2:mem:6a3784ae-1aa6-4bbf-b617-4d4aeabcc2af
call next value for hibernate_sequence
call next value for hibernate_sequence;
2022-10-10 13:48:04.795  INFO 3923 --- [    Test worker] c.j.r.FavoriteSpotQueryRepositoryTest    : favoriteSpot = FavoriteSpot(id=580, count=0)
2022-10-10 13:48:04.795  INFO 3923 --- [    Test worker] c.j.r.FavoriteSpotQueryRepositoryTest    : Spot = capstone.jejuTourrecommend.domain.Spot@308a3f45
2022-10-10 13:48:04.795  INFO 3923 --- [    Test worker] p6spy                                    : #1665377284795 | took 0ms | statement | connection 28| url jdbc:h2:mem:6a3784ae-1aa6-4bbf-b617-4d4aeabcc2af
call next value for hibernate_sequence
call next value for hibernate_sequence;
2022-10-10 13:48:04.795  INFO 3923 --- [    Test worker] p6spy                                    : #1665377284795 | took 0ms | statement | connection 28| url jdbc:h2:mem:6a3784ae-1aa6-4bbf-b617-4d4aeabcc2af
call next value for hibernate_sequence
call next value for hibernate_sequence;
2022-10-10 13:48:04.795  INFO 3923 --- [    Test worker] p6spy                                    : #1665377284795 | took 0ms | statement | connection 28| url jdbc:h2:mem:6a3784ae-1aa6-4bbf-b617-4d4aeabcc2af
call next value for hibernate_sequence
call next value for hibernate_sequence;
2022-10-10 13:48:04.795  INFO 3923 --- [    Test worker] p6spy                                    : #1665377284795 | took 0ms | statement | connection 28| url jdbc:h2:mem:6a3784ae-1aa6-4bbf-b617-4d4aeabcc2af
call next value for hibernate_sequence
call next value for hibernate_sequence;
2022-10-10 13:48:04.795  INFO 3923 --- [    Test worker] p6spy                                    : #1665377284795 | took 0ms | statement | connection 28| url jdbc:h2:mem:6a3784ae-1aa6-4bbf-b617-4d4aeabcc2af
call next value for hibernate_sequence
call next value for hibernate_sequence;
2022-10-10 13:48:04.795  INFO 3923 --- [    Test worker] p6spy                                    : #1665377284795 | took 0ms | statement | connection 28| url jdbc:h2:mem:6a3784ae-1aa6-4bbf-b617-4d4aeabcc2af
call next value for hibernate_sequence
call next value for hibernate_sequence;
2022-10-10 13:48:04.795  INFO 3923 --- [    Test worker] p6spy                                    : #1665377284795 | took 0ms | statement | connection 28| url jdbc:h2:mem:6a3784ae-1aa6-4bbf-b617-4d4aeabcc2af
call next value for hibernate_sequence
call next value for hibernate_sequence;
2022-10-10 13:48:04.795  INFO 3923 --- [    Test worker] p6spy                                    : #1665377284795 | took 0ms | statement | connection 28| url jdbc:h2:mem:6a3784ae-1aa6-4bbf-b617-4d4aeabcc2af
call next value for hibernate_sequence
call next value for hibernate_sequence;
2022-10-10 13:48:04.795  INFO 3923 --- [    Test worker] c.j.r.FavoriteSpotQueryRepositoryTest    : favoriteSpot = FavoriteSpot(id=581, count=0)
2022-10-10 13:48:04.795  INFO 3923 --- [    Test worker] c.j.r.FavoriteSpotQueryRepositoryTest    : Spot = capstone.jejuTourrecommend.domain.Spot@4ada51cd
2022-10-10 13:48:04.795  INFO 3923 --- [    Test worker] p6spy                                    : #1665377284795 | took 0ms | statement | connection 28| url jdbc:h2:mem:6a3784ae-1aa6-4bbf-b617-4d4aeabcc2af
call next value for hibernate_sequence
call next value for hibernate_sequence;
2022-10-10 13:48:04.795  INFO 3923 --- [    Test worker] p6spy                                    : #1665377284795 | took 0ms | statement | connection 28| url jdbc:h2:mem:6a3784ae-1aa6-4bbf-b617-4d4aeabcc2af
call next value for hibernate_sequence
call next value for hibernate_sequence;
2022-10-10 13:48:04.795  INFO 3923 --- [    Test worker] p6spy                                    : #1665377284795 | took 0ms | statement | connection 28| url jdbc:h2:mem:6a3784ae-1aa6-4bbf-b617-4d4aeabcc2af
call next value for hibernate_sequence
call next value for hibernate_sequence;
2022-10-10 13:48:04.795  INFO 3923 --- [    Test worker] p6spy                                    : #1665377284795 | took 0ms | statement | connection 28| url jdbc:h2:mem:6a3784ae-1aa6-4bbf-b617-4d4aeabcc2af
call next value for hibernate_sequence
call next value for hibernate_sequence;
2022-10-10 13:48:04.795  INFO 3923 --- [    Test worker] p6spy                                    : #1665377284795 | took 0ms | statement | connection 28| url jdbc:h2:mem:6a3784ae-1aa6-4bbf-b617-4d4aeabcc2af
call next value for hibernate_sequence
call next value for hibernate_sequence;
2022-10-10 13:48:04.795  INFO 3923 --- [    Test worker] p6spy                                    : #1665377284795 | took 0ms | statement | connection 28| url jdbc:h2:mem:6a3784ae-1aa6-4bbf-b617-4d4aeabcc2af
call next value for hibernate_sequence
call next value for hibernate_sequence;
2022-10-10 13:48:04.795  INFO 3923 --- [    Test worker] p6spy                                    : #1665377284795 | took 0ms | statement | connection 28| url jdbc:h2:mem:6a3784ae-1aa6-4bbf-b617-4d4aeabcc2af
call next value for hibernate_sequence
call next value for hibernate_sequence;
2022-10-10 13:48:04.795  INFO 3923 --- [    Test worker] p6spy                                    : #1665377284795 | took 0ms | statement | connection 28| url jdbc:h2:mem:6a3784ae-1aa6-4bbf-b617-4d4aeabcc2af
call next value for hibernate_sequence
call next value for hibernate_sequence;
2022-10-10 13:48:04.795  INFO 3923 --- [    Test worker] c.j.r.FavoriteSpotQueryRepositoryTest    : favoriteSpot = FavoriteSpot(id=582, count=0)
2022-10-10 13:48:04.795  INFO 3923 --- [    Test worker] c.j.r.FavoriteSpotQueryRepositoryTest    : Spot = capstone.jejuTourrecommend.domain.Spot@557f8588
2022-10-10 13:48:04.795  INFO 3923 --- [    Test worker] p6spy                                    : #1665377284795 | took 0ms | statement | connection 28| url jdbc:h2:mem:6a3784ae-1aa6-4bbf-b617-4d4aeabcc2af
call next value for hibernate_sequence
call next value for hibernate_sequence;
2022-10-10 13:48:04.795  INFO 3923 --- [    Test worker] p6spy                                    : #1665377284795 | took 0ms | statement | connection 28| url jdbc:h2:mem:6a3784ae-1aa6-4bbf-b617-4d4aeabcc2af
call next value for hibernate_sequence
call next value for hibernate_sequence;
2022-10-10 13:48:04.795  INFO 3923 --- [    Test worker] p6spy                                    : #1665377284795 | took 0ms | statement | connection 28| url jdbc:h2:mem:6a3784ae-1aa6-4bbf-b617-4d4aeabcc2af
call next value for hibernate_sequence
call next value for hibernate_sequence;
2022-10-10 13:48:04.795  INFO 3923 --- [    Test worker] p6spy                                    : #1665377284795 | took 0ms | statement | connection 28| url jdbc:h2:mem:6a3784ae-1aa6-4bbf-b617-4d4aeabcc2af
call next value for hibernate_sequence
call next value for hibernate_sequence;
2022-10-10 13:48:04.795  INFO 3923 --- [    Test worker] p6spy                                    : #1665377284795 | took 0ms | statement | connection 28| url jdbc:h2:mem:6a3784ae-1aa6-4bbf-b617-4d4aeabcc2af
call next value for hibernate_sequence
call next value for hibernate_sequence;
2022-10-10 13:48:04.795  INFO 3923 --- [    Test worker] p6spy                                    : #1665377284795 | took 0ms | statement | connection 28| url jdbc:h2:mem:6a3784ae-1aa6-4bbf-b617-4d4aeabcc2af
call next value for hibernate_sequence
call next value for hibernate_sequence;
2022-10-10 13:48:04.795  INFO 3923 --- [    Test worker] p6spy                                    : #1665377284795 | took 0ms | statement | connection 28| url jdbc:h2:mem:6a3784ae-1aa6-4bbf-b617-4d4aeabcc2af
call next value for hibernate_sequence
call next value for hibernate_sequence;
2022-10-10 13:48:04.795  INFO 3923 --- [    Test worker] p6spy                                    : #1665377284795 | took 0ms | statement | connection 28| url jdbc:h2:mem:6a3784ae-1aa6-4bbf-b617-4d4aeabcc2af
call next value for hibernate_sequence
call next value for hibernate_sequence;
2022-10-10 13:48:04.795  INFO 3923 --- [    Test worker] c.j.r.FavoriteSpotQueryRepositoryTest    : favoriteSpot = FavoriteSpot(id=583, count=0)
2022-10-10 13:48:04.795  INFO 3923 --- [    Test worker] c.j.r.FavoriteSpotQueryRepositoryTest    : Spot = capstone.jejuTourrecommend.domain.Spot@4d695d86
2022-10-10 13:48:04.795  INFO 3923 --- [    Test worker] p6spy                                    : #1665377284795 | took 0ms | statement | connection 28| url jdbc:h2:mem:6a3784ae-1aa6-4bbf-b617-4d4aeabcc2af
call next value for hibernate_sequence
call next value for hibernate_sequence;
2022-10-10 13:48:04.795  INFO 3923 --- [    Test worker] p6spy                                    : #1665377284795 | took 0ms | statement | connection 28| url jdbc:h2:mem:6a3784ae-1aa6-4bbf-b617-4d4aeabcc2af
call next value for hibernate_sequence
call next value for hibernate_sequence;
2022-10-10 13:48:04.795  INFO 3923 --- [    Test worker] p6spy                                    : #1665377284795 | took 0ms | statement | connection 28| url jdbc:h2:mem:6a3784ae-1aa6-4bbf-b617-4d4aeabcc2af
call next value for hibernate_sequence
call next value for hibernate_sequence;
2022-10-10 13:48:04.795  INFO 3923 --- [    Test worker] p6spy                                    : #1665377284795 | took 0ms | statement | connection 28| url jdbc:h2:mem:6a3784ae-1aa6-4bbf-b617-4d4aeabcc2af
call next value for hibernate_sequence
call next value for hibernate_sequence;
2022-10-10 13:48:04.795  INFO 3923 --- [    Test worker] p6spy                                    : #1665377284795 | took 0ms | statement | connection 28| url jdbc:h2:mem:6a3784ae-1aa6-4bbf-b617-4d4aeabcc2af
call next value for hibernate_sequence
call next value for hibernate_sequence;
2022-10-10 13:48:04.795  INFO 3923 --- [    Test worker] p6spy                                    : #1665377284795 | took 0ms | statement | connection 28| url jdbc:h2:mem:6a3784ae-1aa6-4bbf-b617-4d4aeabcc2af
call next value for hibernate_sequence
call next value for hibernate_sequence;
2022-10-10 13:48:04.795  INFO 3923 --- [    Test worker] p6spy                                    : #1665377284795 | took 0ms | statement | connection 28| url jdbc:h2:mem:6a3784ae-1aa6-4bbf-b617-4d4aeabcc2af
call next value for hibernate_sequence
call next value for hibernate_sequence;
2022-10-10 13:48:04.795  INFO 3923 --- [    Test worker] p6spy                                    : #1665377284795 | took 0ms | statement | connection 28| url jdbc:h2:mem:6a3784ae-1aa6-4bbf-b617-4d4aeabcc2af
call next value for hibernate_sequence
call next value for hibernate_sequence;
2022-10-10 13:48:04.795  INFO 3923 --- [    Test worker] c.j.r.FavoriteSpotQueryRepositoryTest    : favoriteSpot = FavoriteSpot(id=584, count=0)
2022-10-10 13:48:04.795  INFO 3923 --- [    Test worker] c.j.r.FavoriteSpotQueryRepositoryTest    : Spot = capstone.jejuTourrecommend.domain.Spot@595e9578
2022-10-10 13:48:04.795  INFO 3923 --- [    Test worker] p6spy                                    : #1665377284795 | took 0ms | statement | connection 28| url jdbc:h2:mem:6a3784ae-1aa6-4bbf-b617-4d4aeabcc2af
call next value for hibernate_sequence
call next value for hibernate_sequence;
2022-10-10 13:48:04.795  INFO 3923 --- [    Test worker] p6spy                                    : #1665377284795 | took 0ms | statement | connection 28| url jdbc:h2:mem:6a3784ae-1aa6-4bbf-b617-4d4aeabcc2af
call next value for hibernate_sequence
call next value for hibernate_sequence;
2022-10-10 13:48:04.795  INFO 3923 --- [    Test worker] p6spy                                    : #1665377284795 | took 0ms | statement | connection 28| url jdbc:h2:mem:6a3784ae-1aa6-4bbf-b617-4d4aeabcc2af
call next value for hibernate_sequence
call next value for hibernate_sequence;
2022-10-10 13:48:04.795  INFO 3923 --- [    Test worker] p6spy                                    : #1665377284795 | took 0ms | statement | connection 28| url jdbc:h2:mem:6a3784ae-1aa6-4bbf-b617-4d4aeabcc2af
call next value for hibernate_sequence
call next value for hibernate_sequence;
2022-10-10 13:48:04.795  INFO 3923 --- [    Test worker] p6spy                                    : #1665377284795 | took 0ms | statement | connection 28| url jdbc:h2:mem:6a3784ae-1aa6-4bbf-b617-4d4aeabcc2af
call next value for hibernate_sequence
call next value for hibernate_sequence;
2022-10-10 13:48:04.796  INFO 3923 --- [    Test worker] p6spy                                    : #1665377284796 | took 0ms | statement | connection 28| url jdbc:h2:mem:6a3784ae-1aa6-4bbf-b617-4d4aeabcc2af
call next value for hibernate_sequence
call next value for hibernate_sequence;
2022-10-10 13:48:04.796  INFO 3923 --- [    Test worker] p6spy                                    : #1665377284796 | took 0ms | statement | connection 28| url jdbc:h2:mem:6a3784ae-1aa6-4bbf-b617-4d4aeabcc2af
call next value for hibernate_sequence
call next value for hibernate_sequence;
2022-10-10 13:48:04.796  INFO 3923 --- [    Test worker] p6spy                                    : #1665377284796 | took 0ms | statement | connection 28| url jdbc:h2:mem:6a3784ae-1aa6-4bbf-b617-4d4aeabcc2af
call next value for hibernate_sequence
call next value for hibernate_sequence;
2022-10-10 13:48:04.796  INFO 3923 --- [    Test worker] c.j.r.FavoriteSpotQueryRepositoryTest    : favoriteSpot = FavoriteSpot(id=585, count=0)
2022-10-10 13:48:04.796  INFO 3923 --- [    Test worker] c.j.r.FavoriteSpotQueryRepositoryTest    : Spot = capstone.jejuTourrecommend.domain.Spot@631951eb
2022-10-10 13:48:04.796  INFO 3923 --- [    Test worker] p6spy                                    : #1665377284796 | took 0ms | statement | connection 28| url jdbc:h2:mem:6a3784ae-1aa6-4bbf-b617-4d4aeabcc2af
call next value for hibernate_sequence
call next value for hibernate_sequence;
2022-10-10 13:48:04.796  INFO 3923 --- [    Test worker] p6spy                                    : #1665377284796 | took 0ms | statement | connection 28| url jdbc:h2:mem:6a3784ae-1aa6-4bbf-b617-4d4aeabcc2af
call next value for hibernate_sequence
call next value for hibernate_sequence;
2022-10-10 13:48:04.796  INFO 3923 --- [    Test worker] p6spy                                    : #1665377284796 | took 0ms | statement | connection 28| url jdbc:h2:mem:6a3784ae-1aa6-4bbf-b617-4d4aeabcc2af
call next value for hibernate_sequence
call next value for hibernate_sequence;
2022-10-10 13:48:04.796  INFO 3923 --- [    Test worker] p6spy                                    : #1665377284796 | took 0ms | statement | connection 28| url jdbc:h2:mem:6a3784ae-1aa6-4bbf-b617-4d4aeabcc2af
call next value for hibernate_sequence
call next value for hibernate_sequence;
2022-10-10 13:48:04.796  INFO 3923 --- [    Test worker] p6spy                                    : #1665377284796 | took 0ms | statement | connection 28| url jdbc:h2:mem:6a3784ae-1aa6-4bbf-b617-4d4aeabcc2af
call next value for hibernate_sequence
call next value for hibernate_sequence;
2022-10-10 13:48:04.796  INFO 3923 --- [    Test worker] p6spy                                    : #1665377284796 | took 0ms | statement | connection 28| url jdbc:h2:mem:6a3784ae-1aa6-4bbf-b617-4d4aeabcc2af
call next value for hibernate_sequence
call next value for hibernate_sequence;
2022-10-10 13:48:04.796  INFO 3923 --- [    Test worker] p6spy                                    : #1665377284796 | took 0ms | statement | connection 28| url jdbc:h2:mem:6a3784ae-1aa6-4bbf-b617-4d4aeabcc2af
call next value for hibernate_sequence
call next value for hibernate_sequence;
2022-10-10 13:48:04.796  INFO 3923 --- [    Test worker] p6spy                                    : #1665377284796 | took 0ms | statement | connection 28| url jdbc:h2:mem:6a3784ae-1aa6-4bbf-b617-4d4aeabcc2af
call next value for hibernate_sequence
call next value for hibernate_sequence;
2022-10-10 13:48:04.796  INFO 3923 --- [    Test worker] c.j.r.FavoriteSpotQueryRepositoryTest    : favoriteSpot = FavoriteSpot(id=586, count=0)
2022-10-10 13:48:04.796  INFO 3923 --- [    Test worker] c.j.r.FavoriteSpotQueryRepositoryTest    : Spot = capstone.jejuTourrecommend.domain.Spot@3e38b071
2022-10-10 13:48:04.796  INFO 3923 --- [    Test worker] p6spy                                    : #1665377284796 | took 0ms | statement | connection 28| url jdbc:h2:mem:6a3784ae-1aa6-4bbf-b617-4d4aeabcc2af
call next value for hibernate_sequence
call next value for hibernate_sequence;
2022-10-10 13:48:04.796  INFO 3923 --- [    Test worker] p6spy                                    : #1665377284796 | took 0ms | statement | connection 28| url jdbc:h2:mem:6a3784ae-1aa6-4bbf-b617-4d4aeabcc2af
call next value for hibernate_sequence
call next value for hibernate_sequence;
2022-10-10 13:48:04.796  INFO 3923 --- [    Test worker] p6spy                                    : #1665377284796 | took 0ms | statement | connection 28| url jdbc:h2:mem:6a3784ae-1aa6-4bbf-b617-4d4aeabcc2af
call next value for hibernate_sequence
call next value for hibernate_sequence;
2022-10-10 13:48:04.796  INFO 3923 --- [    Test worker] p6spy                                    : #1665377284796 | took 0ms | statement | connection 28| url jdbc:h2:mem:6a3784ae-1aa6-4bbf-b617-4d4aeabcc2af
call next value for hibernate_sequence
call next value for hibernate_sequence;
2022-10-10 13:48:04.796  INFO 3923 --- [    Test worker] p6spy                                    : #1665377284796 | took 0ms | statement | connection 28| url jdbc:h2:mem:6a3784ae-1aa6-4bbf-b617-4d4aeabcc2af
call next value for hibernate_sequence
call next value for hibernate_sequence;
2022-10-10 13:48:04.796  INFO 3923 --- [    Test worker] p6spy                                    : #1665377284796 | took 0ms | statement | connection 28| url jdbc:h2:mem:6a3784ae-1aa6-4bbf-b617-4d4aeabcc2af
call next value for hibernate_sequence
call next value for hibernate_sequence;
2022-10-10 13:48:04.796  INFO 3923 --- [    Test worker] p6spy                                    : #1665377284796 | took 0ms | statement | connection 28| url jdbc:h2:mem:6a3784ae-1aa6-4bbf-b617-4d4aeabcc2af
call next value for hibernate_sequence
call next value for hibernate_sequence;
2022-10-10 13:48:04.796  INFO 3923 --- [    Test worker] p6spy                                    : #1665377284796 | took 0ms | statement | connection 28| url jdbc:h2:mem:6a3784ae-1aa6-4bbf-b617-4d4aeabcc2af
call next value for hibernate_sequence
call next value for hibernate_sequence;
2022-10-10 13:48:04.796  INFO 3923 --- [    Test worker] c.j.r.FavoriteSpotQueryRepositoryTest    : favoriteSpot = FavoriteSpot(id=587, count=0)
2022-10-10 13:48:04.796  INFO 3923 --- [    Test worker] c.j.r.FavoriteSpotQueryRepositoryTest    : Spot = capstone.jejuTourrecommend.domain.Spot@4aedbbd
2022-10-10 13:48:04.796  INFO 3923 --- [    Test worker] p6spy                                    : #1665377284796 | took 0ms | statement | connection 28| url jdbc:h2:mem:6a3784ae-1aa6-4bbf-b617-4d4aeabcc2af
call next value for hibernate_sequence
call next value for hibernate_sequence;
2022-10-10 13:48:04.796  INFO 3923 --- [    Test worker] p6spy                                    : #1665377284796 | took 0ms | statement | connection 28| url jdbc:h2:mem:6a3784ae-1aa6-4bbf-b617-4d4aeabcc2af
call next value for hibernate_sequence
call next value for hibernate_sequence;
2022-10-10 13:48:04.796  INFO 3923 --- [    Test worker] p6spy                                    : #1665377284796 | took 0ms | statement | connection 28| url jdbc:h2:mem:6a3784ae-1aa6-4bbf-b617-4d4aeabcc2af
call next value for hibernate_sequence
call next value for hibernate_sequence;
2022-10-10 13:48:04.796  INFO 3923 --- [    Test worker] p6spy                                    : #1665377284796 | took 0ms | statement | connection 28| url jdbc:h2:mem:6a3784ae-1aa6-4bbf-b617-4d4aeabcc2af
call next value for hibernate_sequence
call next value for hibernate_sequence;
2022-10-10 13:48:04.796  INFO 3923 --- [    Test worker] p6spy                                    : #1665377284796 | took 0ms | statement | connection 28| url jdbc:h2:mem:6a3784ae-1aa6-4bbf-b617-4d4aeabcc2af
call next value for hibernate_sequence
call next value for hibernate_sequence;
2022-10-10 13:48:04.796  INFO 3923 --- [    Test worker] p6spy                                    : #1665377284796 | took 0ms | statement | connection 28| url jdbc:h2:mem:6a3784ae-1aa6-4bbf-b617-4d4aeabcc2af
call next value for hibernate_sequence
call next value for hibernate_sequence;
2022-10-10 13:48:04.796  INFO 3923 --- [    Test worker] p6spy                                    : #1665377284796 | took 0ms | statement | connection 28| url jdbc:h2:mem:6a3784ae-1aa6-4bbf-b617-4d4aeabcc2af
call next value for hibernate_sequence
call next value for hibernate_sequence;
2022-10-10 13:48:04.796  INFO 3923 --- [    Test worker] p6spy                                    : #1665377284796 | took 0ms | statement | connection 28| url jdbc:h2:mem:6a3784ae-1aa6-4bbf-b617-4d4aeabcc2af
call next value for hibernate_sequence
call next value for hibernate_sequence;
2022-10-10 13:48:04.796  INFO 3923 --- [    Test worker] c.j.r.FavoriteSpotQueryRepositoryTest    : favoriteSpot = FavoriteSpot(id=588, count=0)
2022-10-10 13:48:04.796  INFO 3923 --- [    Test worker] c.j.r.FavoriteSpotQueryRepositoryTest    : Spot = capstone.jejuTourrecommend.domain.Spot@19840d0d
2022-10-10 13:48:04.796  INFO 3923 --- [    Test worker] p6spy                                    : #1665377284796 | took 0ms | statement | connection 28| url jdbc:h2:mem:6a3784ae-1aa6-4bbf-b617-4d4aeabcc2af
call next value for hibernate_sequence
call next value for hibernate_sequence;
2022-10-10 13:48:04.796  INFO 3923 --- [    Test worker] p6spy                                    : #1665377284796 | took 0ms | statement | connection 28| url jdbc:h2:mem:6a3784ae-1aa6-4bbf-b617-4d4aeabcc2af
call next value for hibernate_sequence
call next value for hibernate_sequence;
2022-10-10 13:48:04.796  INFO 3923 --- [    Test worker] p6spy                                    : #1665377284796 | took 0ms | statement | connection 28| url jdbc:h2:mem:6a3784ae-1aa6-4bbf-b617-4d4aeabcc2af
call next value for hibernate_sequence
call next value for hibernate_sequence;
2022-10-10 13:48:04.797  INFO 3923 --- [    Test worker] p6spy                                    : #1665377284797 | took 0ms | statement | connection 28| url jdbc:h2:mem:6a3784ae-1aa6-4bbf-b617-4d4aeabcc2af
call next value for hibernate_sequence
call next value for hibernate_sequence;
2022-10-10 13:48:04.797  INFO 3923 --- [    Test worker] p6spy                                    : #1665377284797 | took 0ms | statement | connection 28| url jdbc:h2:mem:6a3784ae-1aa6-4bbf-b617-4d4aeabcc2af
call next value for hibernate_sequence
call next value for hibernate_sequence;
2022-10-10 13:48:04.797  INFO 3923 --- [    Test worker] p6spy                                    : #1665377284797 | took 0ms | statement | connection 28| url jdbc:h2:mem:6a3784ae-1aa6-4bbf-b617-4d4aeabcc2af
call next value for hibernate_sequence
call next value for hibernate_sequence;
2022-10-10 13:48:04.797  INFO 3923 --- [    Test worker] p6spy                                    : #1665377284797 | took 0ms | statement | connection 28| url jdbc:h2:mem:6a3784ae-1aa6-4bbf-b617-4d4aeabcc2af
call next value for hibernate_sequence
call next value for hibernate_sequence;
2022-10-10 13:48:04.797  INFO 3923 --- [    Test worker] p6spy                                    : #1665377284797 | took 0ms | statement | connection 28| url jdbc:h2:mem:6a3784ae-1aa6-4bbf-b617-4d4aeabcc2af
call next value for hibernate_sequence
call next value for hibernate_sequence;
2022-10-10 13:48:04.797  INFO 3923 --- [    Test worker] c.j.r.FavoriteSpotQueryRepositoryTest    : favoriteSpot = FavoriteSpot(id=589, count=0)
2022-10-10 13:48:04.797  INFO 3923 --- [    Test worker] c.j.r.FavoriteSpotQueryRepositoryTest    : Spot = capstone.jejuTourrecommend.domain.Spot@6953ec1e
2022-10-10 13:48:04.797  INFO 3923 --- [    Test worker] p6spy                                    : #1665377284797 | took 0ms | statement | connection 28| url jdbc:h2:mem:6a3784ae-1aa6-4bbf-b617-4d4aeabcc2af
call next value for hibernate_sequence
call next value for hibernate_sequence;
2022-10-10 13:48:04.797  INFO 3923 --- [    Test worker] p6spy                                    : #1665377284797 | took 0ms | statement | connection 28| url jdbc:h2:mem:6a3784ae-1aa6-4bbf-b617-4d4aeabcc2af
call next value for hibernate_sequence
call next value for hibernate_sequence;
2022-10-10 13:48:04.797  INFO 3923 --- [    Test worker] p6spy                                    : #1665377284797 | took 0ms | statement | connection 28| url jdbc:h2:mem:6a3784ae-1aa6-4bbf-b617-4d4aeabcc2af
call next value for hibernate_sequence
call next value for hibernate_sequence;
2022-10-10 13:48:04.797  INFO 3923 --- [    Test worker] p6spy                                    : #1665377284797 | took 0ms | statement | connection 28| url jdbc:h2:mem:6a3784ae-1aa6-4bbf-b617-4d4aeabcc2af
call next value for hibernate_sequence
call next value for hibernate_sequence;
2022-10-10 13:48:04.797  INFO 3923 --- [    Test worker] p6spy                                    : #1665377284797 | took 0ms | statement | connection 28| url jdbc:h2:mem:6a3784ae-1aa6-4bbf-b617-4d4aeabcc2af
call next value for hibernate_sequence
call next value for hibernate_sequence;
2022-10-10 13:48:04.797  INFO 3923 --- [    Test worker] p6spy                                    : #1665377284797 | took 0ms | statement | connection 28| url jdbc:h2:mem:6a3784ae-1aa6-4bbf-b617-4d4aeabcc2af
call next value for hibernate_sequence
call next value for hibernate_sequence;
2022-10-10 13:48:04.797  INFO 3923 --- [    Test worker] p6spy                                    : #1665377284797 | took 0ms | statement | connection 28| url jdbc:h2:mem:6a3784ae-1aa6-4bbf-b617-4d4aeabcc2af
call next value for hibernate_sequence
call next value for hibernate_sequence;
2022-10-10 13:48:04.797  INFO 3923 --- [    Test worker] p6spy                                    : #1665377284797 | took 0ms | statement | connection 28| url jdbc:h2:mem:6a3784ae-1aa6-4bbf-b617-4d4aeabcc2af
call next value for hibernate_sequence
call next value for hibernate_sequence;
2022-10-10 13:48:04.797  INFO 3923 --- [    Test worker] c.j.r.FavoriteSpotQueryRepositoryTest    : favoriteSpot = FavoriteSpot(id=590, count=0)
2022-10-10 13:48:04.797  INFO 3923 --- [    Test worker] c.j.r.FavoriteSpotQueryRepositoryTest    : Spot = capstone.jejuTourrecommend.domain.Spot@ca97d7f
2022-10-10 13:48:04.797  INFO 3923 --- [    Test worker] p6spy                                    : #1665377284797 | took 0ms | statement | connection 28| url jdbc:h2:mem:6a3784ae-1aa6-4bbf-b617-4d4aeabcc2af
call next value for hibernate_sequence
call next value for hibernate_sequence;
2022-10-10 13:48:04.797  INFO 3923 --- [    Test worker] p6spy                                    : #1665377284797 | took 0ms | statement | connection 28| url jdbc:h2:mem:6a3784ae-1aa6-4bbf-b617-4d4aeabcc2af
call next value for hibernate_sequence
call next value for hibernate_sequence;
2022-10-10 13:48:04.797  INFO 3923 --- [    Test worker] p6spy                                    : #1665377284797 | took 0ms | statement | connection 28| url jdbc:h2:mem:6a3784ae-1aa6-4bbf-b617-4d4aeabcc2af
call next value for hibernate_sequence
call next value for hibernate_sequence;
2022-10-10 13:48:04.797  INFO 3923 --- [    Test worker] p6spy                                    : #1665377284797 | took 0ms | statement | connection 28| url jdbc:h2:mem:6a3784ae-1aa6-4bbf-b617-4d4aeabcc2af
call next value for hibernate_sequence
call next value for hibernate_sequence;
2022-10-10 13:48:04.797  INFO 3923 --- [    Test worker] p6spy                                    : #1665377284797 | took 0ms | statement | connection 28| url jdbc:h2:mem:6a3784ae-1aa6-4bbf-b617-4d4aeabcc2af
call next value for hibernate_sequence
call next value for hibernate_sequence;
2022-10-10 13:48:04.797  INFO 3923 --- [    Test worker] p6spy                                    : #1665377284797 | took 0ms | statement | connection 28| url jdbc:h2:mem:6a3784ae-1aa6-4bbf-b617-4d4aeabcc2af
call next value for hibernate_sequence
call next value for hibernate_sequence;
2022-10-10 13:48:04.797  INFO 3923 --- [    Test worker] p6spy                                    : #1665377284797 | took 0ms | statement | connection 28| url jdbc:h2:mem:6a3784ae-1aa6-4bbf-b617-4d4aeabcc2af
call next value for hibernate_sequence
call next value for hibernate_sequence;
2022-10-10 13:48:04.797  INFO 3923 --- [    Test worker] p6spy                                    : #1665377284797 | took 0ms | statement | connection 28| url jdbc:h2:mem:6a3784ae-1aa6-4bbf-b617-4d4aeabcc2af
call next value for hibernate_sequence
call next value for hibernate_sequence;
2022-10-10 13:48:04.797  INFO 3923 --- [    Test worker] c.j.r.FavoriteSpotQueryRepositoryTest    : favoriteSpot = FavoriteSpot(id=591, count=0)
2022-10-10 13:48:04.797  INFO 3923 --- [    Test worker] c.j.r.FavoriteSpotQueryRepositoryTest    : Spot = capstone.jejuTourrecommend.domain.Spot@30e64797
2022-10-10 13:48:04.797  INFO 3923 --- [    Test worker] p6spy                                    : #1665377284797 | took 0ms | statement | connection 28| url jdbc:h2:mem:6a3784ae-1aa6-4bbf-b617-4d4aeabcc2af
call next value for hibernate_sequence
call next value for hibernate_sequence;
2022-10-10 13:48:04.797  INFO 3923 --- [    Test worker] p6spy                                    : #1665377284797 | took 0ms | statement | connection 28| url jdbc:h2:mem:6a3784ae-1aa6-4bbf-b617-4d4aeabcc2af
call next value for hibernate_sequence
call next value for hibernate_sequence;
2022-10-10 13:48:04.797  INFO 3923 --- [    Test worker] p6spy                                    : #1665377284797 | took 0ms | statement | connection 28| url jdbc:h2:mem:6a3784ae-1aa6-4bbf-b617-4d4aeabcc2af
call next value for hibernate_sequence
call next value for hibernate_sequence;
2022-10-10 13:48:04.797  INFO 3923 --- [    Test worker] p6spy                                    : #1665377284797 | took 0ms | statement | connection 28| url jdbc:h2:mem:6a3784ae-1aa6-4bbf-b617-4d4aeabcc2af
call next value for hibernate_sequence
call next value for hibernate_sequence;
2022-10-10 13:48:04.797  INFO 3923 --- [    Test worker] p6spy                                    : #1665377284797 | took 0ms | statement | connection 28| url jdbc:h2:mem:6a3784ae-1aa6-4bbf-b617-4d4aeabcc2af
call next value for hibernate_sequence
call next value for hibernate_sequence;
2022-10-10 13:48:04.797  INFO 3923 --- [    Test worker] p6spy                                    : #1665377284797 | took 0ms | statement | connection 28| url jdbc:h2:mem:6a3784ae-1aa6-4bbf-b617-4d4aeabcc2af
call next value for hibernate_sequence
call next value for hibernate_sequence;
2022-10-10 13:48:04.797  INFO 3923 --- [    Test worker] p6spy                                    : #1665377284797 | took 0ms | statement | connection 28| url jdbc:h2:mem:6a3784ae-1aa6-4bbf-b617-4d4aeabcc2af
call next value for hibernate_sequence
call next value for hibernate_sequence;
2022-10-10 13:48:04.797  INFO 3923 --- [    Test worker] p6spy                                    : #1665377284797 | took 0ms | statement | connection 28| url jdbc:h2:mem:6a3784ae-1aa6-4bbf-b617-4d4aeabcc2af
call next value for hibernate_sequence
call next value for hibernate_sequence;
2022-10-10 13:48:04.797  INFO 3923 --- [    Test worker] c.j.r.FavoriteSpotQueryRepositoryTest    : favoriteSpot = FavoriteSpot(id=592, count=0)
2022-10-10 13:48:04.797  INFO 3923 --- [    Test worker] c.j.r.FavoriteSpotQueryRepositoryTest    : Spot = capstone.jejuTourrecommend.domain.Spot@1b03beb4
2022-10-10 13:48:04.797  INFO 3923 --- [    Test worker] p6spy                                    : #1665377284797 | took 0ms | statement | connection 28| url jdbc:h2:mem:6a3784ae-1aa6-4bbf-b617-4d4aeabcc2af
call next value for hibernate_sequence
call next value for hibernate_sequence;
2022-10-10 13:48:04.797  INFO 3923 --- [    Test worker] p6spy                                    : #1665377284797 | took 0ms | statement | connection 28| url jdbc:h2:mem:6a3784ae-1aa6-4bbf-b617-4d4aeabcc2af
call next value for hibernate_sequence
call next value for hibernate_sequence;
2022-10-10 13:48:04.797  INFO 3923 --- [    Test worker] p6spy                                    : #1665377284797 | took 0ms | statement | connection 28| url jdbc:h2:mem:6a3784ae-1aa6-4bbf-b617-4d4aeabcc2af
call next value for hibernate_sequence
call next value for hibernate_sequence;
2022-10-10 13:48:04.797  INFO 3923 --- [    Test worker] p6spy                                    : #1665377284797 | took 0ms | statement | connection 28| url jdbc:h2:mem:6a3784ae-1aa6-4bbf-b617-4d4aeabcc2af
call next value for hibernate_sequence
call next value for hibernate_sequence;
2022-10-10 13:48:04.798  INFO 3923 --- [    Test worker] p6spy                                    : #1665377284798 | took 0ms | statement | connection 28| url jdbc:h2:mem:6a3784ae-1aa6-4bbf-b617-4d4aeabcc2af
call next value for hibernate_sequence
call next value for hibernate_sequence;
2022-10-10 13:48:04.798  INFO 3923 --- [    Test worker] p6spy                                    : #1665377284798 | took 0ms | statement | connection 28| url jdbc:h2:mem:6a3784ae-1aa6-4bbf-b617-4d4aeabcc2af
call next value for hibernate_sequence
call next value for hibernate_sequence;
2022-10-10 13:48:04.798  INFO 3923 --- [    Test worker] p6spy                                    : #1665377284798 | took 0ms | statement | connection 28| url jdbc:h2:mem:6a3784ae-1aa6-4bbf-b617-4d4aeabcc2af
call next value for hibernate_sequence
call next value for hibernate_sequence;
2022-10-10 13:48:04.798  INFO 3923 --- [    Test worker] p6spy                                    : #1665377284798 | took 0ms | statement | connection 28| url jdbc:h2:mem:6a3784ae-1aa6-4bbf-b617-4d4aeabcc2af
call next value for hibernate_sequence
call next value for hibernate_sequence;
2022-10-10 13:48:04.798  INFO 3923 --- [    Test worker] c.j.r.FavoriteSpotQueryRepositoryTest    : favoriteSpot = FavoriteSpot(id=593, count=0)
2022-10-10 13:48:04.798  INFO 3923 --- [    Test worker] c.j.r.FavoriteSpotQueryRepositoryTest    : Spot = capstone.jejuTourrecommend.domain.Spot@d63f835
2022-10-10 13:48:04.798  INFO 3923 --- [    Test worker] p6spy                                    : #1665377284798 | took 0ms | statement | connection 28| url jdbc:h2:mem:6a3784ae-1aa6-4bbf-b617-4d4aeabcc2af
call next value for hibernate_sequence
call next value for hibernate_sequence;
2022-10-10 13:48:04.798  INFO 3923 --- [    Test worker] p6spy                                    : #1665377284798 | took 0ms | statement | connection 28| url jdbc:h2:mem:6a3784ae-1aa6-4bbf-b617-4d4aeabcc2af
call next value for hibernate_sequence
call next value for hibernate_sequence;
2022-10-10 13:48:04.798  INFO 3923 --- [    Test worker] p6spy                                    : #1665377284798 | took 0ms | statement | connection 28| url jdbc:h2:mem:6a3784ae-1aa6-4bbf-b617-4d4aeabcc2af
call next value for hibernate_sequence
call next value for hibernate_sequence;
2022-10-10 13:48:04.798  INFO 3923 --- [    Test worker] p6spy                                    : #1665377284798 | took 0ms | statement | connection 28| url jdbc:h2:mem:6a3784ae-1aa6-4bbf-b617-4d4aeabcc2af
call next value for hibernate_sequence
call next value for hibernate_sequence;
2022-10-10 13:48:04.798  INFO 3923 --- [    Test worker] p6spy                                    : #1665377284798 | took 0ms | statement | connection 28| url jdbc:h2:mem:6a3784ae-1aa6-4bbf-b617-4d4aeabcc2af
call next value for hibernate_sequence
call next value for hibernate_sequence;
2022-10-10 13:48:04.798  INFO 3923 --- [    Test worker] p6spy                                    : #1665377284798 | took 0ms | statement | connection 28| url jdbc:h2:mem:6a3784ae-1aa6-4bbf-b617-4d4aeabcc2af
call next value for hibernate_sequence
call next value for hibernate_sequence;
2022-10-10 13:48:04.798  INFO 3923 --- [    Test worker] p6spy                                    : #1665377284798 | took 0ms | statement | connection 28| url jdbc:h2:mem:6a3784ae-1aa6-4bbf-b617-4d4aeabcc2af
call next value for hibernate_sequence
call next value for hibernate_sequence;
2022-10-10 13:48:04.798  INFO 3923 --- [    Test worker] p6spy                                    : #1665377284798 | took 0ms | statement | connection 28| url jdbc:h2:mem:6a3784ae-1aa6-4bbf-b617-4d4aeabcc2af
call next value for hibernate_sequence
call next value for hibernate_sequence;
2022-10-10 13:48:04.798  INFO 3923 --- [    Test worker] c.j.r.FavoriteSpotQueryRepositoryTest    : favoriteSpot = FavoriteSpot(id=594, count=0)
2022-10-10 13:48:04.798  INFO 3923 --- [    Test worker] c.j.r.FavoriteSpotQueryRepositoryTest    : Spot = capstone.jejuTourrecommend.domain.Spot@4f731bd2
2022-10-10 13:48:04.798  INFO 3923 --- [    Test worker] p6spy                                    : #1665377284798 | took 0ms | statement | connection 28| url jdbc:h2:mem:6a3784ae-1aa6-4bbf-b617-4d4aeabcc2af
call next value for hibernate_sequence
call next value for hibernate_sequence;
2022-10-10 13:48:04.798  INFO 3923 --- [    Test worker] p6spy                                    : #1665377284798 | took 0ms | statement | connection 28| url jdbc:h2:mem:6a3784ae-1aa6-4bbf-b617-4d4aeabcc2af
call next value for hibernate_sequence
call next value for hibernate_sequence;
2022-10-10 13:48:04.798  INFO 3923 --- [    Test worker] p6spy                                    : #1665377284798 | took 0ms | statement | connection 28| url jdbc:h2:mem:6a3784ae-1aa6-4bbf-b617-4d4aeabcc2af
call next value for hibernate_sequence
call next value for hibernate_sequence;
2022-10-10 13:48:04.798  INFO 3923 --- [    Test worker] p6spy                                    : #1665377284798 | took 0ms | statement | connection 28| url jdbc:h2:mem:6a3784ae-1aa6-4bbf-b617-4d4aeabcc2af
call next value for spot_seq
call next value for spot_seq;
2022-10-10 13:48:04.798  INFO 3923 --- [    Test worker] p6spy                                    : #1665377284798 | took 0ms | statement | connection 28| url jdbc:h2:mem:6a3784ae-1aa6-4bbf-b617-4d4aeabcc2af
call next value for hibernate_sequence
call next value for hibernate_sequence;
2022-10-10 13:48:04.798  INFO 3923 --- [    Test worker] p6spy                                    : #1665377284798 | took 0ms | statement | connection 28| url jdbc:h2:mem:6a3784ae-1aa6-4bbf-b617-4d4aeabcc2af
call next value for hibernate_sequence
call next value for hibernate_sequence;
2022-10-10 13:48:04.798  INFO 3923 --- [    Test worker] p6spy                                    : #1665377284798 | took 0ms | statement | connection 28| url jdbc:h2:mem:6a3784ae-1aa6-4bbf-b617-4d4aeabcc2af
call next value for hibernate_sequence
call next value for hibernate_sequence;
2022-10-10 13:48:04.798  INFO 3923 --- [    Test worker] p6spy                                    : #1665377284798 | took 0ms | statement | connection 28| url jdbc:h2:mem:6a3784ae-1aa6-4bbf-b617-4d4aeabcc2af
call next value for hibernate_sequence
call next value for hibernate_sequence;
2022-10-10 13:48:04.798  INFO 3923 --- [    Test worker] p6spy                                    : #1665377284798 | took 0ms | statement | connection 28| url jdbc:h2:mem:6a3784ae-1aa6-4bbf-b617-4d4aeabcc2af
call next value for hibernate_sequence
call next value for hibernate_sequence;
2022-10-10 13:48:04.798  INFO 3923 --- [    Test worker] c.j.r.FavoriteSpotQueryRepositoryTest    : favoriteSpot = FavoriteSpot(id=595, count=0)
2022-10-10 13:48:04.798  INFO 3923 --- [    Test worker] c.j.r.FavoriteSpotQueryRepositoryTest    : Spot = capstone.jejuTourrecommend.domain.Spot@8e35473
2022-10-10 13:48:04.798  INFO 3923 --- [    Test worker] p6spy                                    : #1665377284798 | took 0ms | statement | connection 28| url jdbc:h2:mem:6a3784ae-1aa6-4bbf-b617-4d4aeabcc2af
call next value for hibernate_sequence
call next value for hibernate_sequence;
2022-10-10 13:48:04.798  INFO 3923 --- [    Test worker] p6spy                                    : #1665377284798 | took 0ms | statement | connection 28| url jdbc:h2:mem:6a3784ae-1aa6-4bbf-b617-4d4aeabcc2af
call next value for hibernate_sequence
call next value for hibernate_sequence;
2022-10-10 13:48:04.798  INFO 3923 --- [    Test worker] p6spy                                    : #1665377284798 | took 0ms | statement | connection 28| url jdbc:h2:mem:6a3784ae-1aa6-4bbf-b617-4d4aeabcc2af
call next value for hibernate_sequence
call next value for hibernate_sequence;
2022-10-10 13:48:04.798  INFO 3923 --- [    Test worker] p6spy                                    : #1665377284798 | took 0ms | statement | connection 28| url jdbc:h2:mem:6a3784ae-1aa6-4bbf-b617-4d4aeabcc2af
call next value for hibernate_sequence
call next value for hibernate_sequence;
2022-10-10 13:48:04.798  INFO 3923 --- [    Test worker] p6spy                                    : #1665377284798 | took 0ms | statement | connection 28| url jdbc:h2:mem:6a3784ae-1aa6-4bbf-b617-4d4aeabcc2af
call next value for hibernate_sequence
call next value for hibernate_sequence;
2022-10-10 13:48:04.798  INFO 3923 --- [    Test worker] p6spy                                    : #1665377284798 | took 0ms | statement | connection 28| url jdbc:h2:mem:6a3784ae-1aa6-4bbf-b617-4d4aeabcc2af
call next value for hibernate_sequence
call next value for hibernate_sequence;
2022-10-10 13:48:04.798  INFO 3923 --- [    Test worker] p6spy                                    : #1665377284798 | took 0ms | statement | connection 28| url jdbc:h2:mem:6a3784ae-1aa6-4bbf-b617-4d4aeabcc2af
call next value for hibernate_sequence
call next value for hibernate_sequence;
2022-10-10 13:48:04.798  INFO 3923 --- [    Test worker] p6spy                                    : #1665377284798 | took 0ms | statement | connection 28| url jdbc:h2:mem:6a3784ae-1aa6-4bbf-b617-4d4aeabcc2af
call next value for hibernate_sequence
call next value for hibernate_sequence;
2022-10-10 13:48:04.798  INFO 3923 --- [    Test worker] c.j.r.FavoriteSpotQueryRepositoryTest    : favoriteSpot = FavoriteSpot(id=596, count=0)
2022-10-10 13:48:04.798  INFO 3923 --- [    Test worker] c.j.r.FavoriteSpotQueryRepositoryTest    : Spot = capstone.jejuTourrecommend.domain.Spot@5ffb9666
2022-10-10 13:48:04.798  INFO 3923 --- [    Test worker] p6spy                                    : #1665377284798 | took 0ms | statement | connection 28| url jdbc:h2:mem:6a3784ae-1aa6-4bbf-b617-4d4aeabcc2af
call next value for hibernate_sequence
call next value for hibernate_sequence;
2022-10-10 13:48:04.799  INFO 3923 --- [    Test worker] p6spy                                    : #1665377284799 | took 0ms | statement | connection 28| url jdbc:h2:mem:6a3784ae-1aa6-4bbf-b617-4d4aeabcc2af
call next value for hibernate_sequence
call next value for hibernate_sequence;
2022-10-10 13:48:04.799  INFO 3923 --- [    Test worker] p6spy                                    : #1665377284799 | took 0ms | statement | connection 28| url jdbc:h2:mem:6a3784ae-1aa6-4bbf-b617-4d4aeabcc2af
call next value for hibernate_sequence
call next value for hibernate_sequence;
2022-10-10 13:48:04.799  INFO 3923 --- [    Test worker] p6spy                                    : #1665377284799 | took 0ms | statement | connection 28| url jdbc:h2:mem:6a3784ae-1aa6-4bbf-b617-4d4aeabcc2af
call next value for hibernate_sequence
call next value for hibernate_sequence;
2022-10-10 13:48:04.799  INFO 3923 --- [    Test worker] p6spy                                    : #1665377284799 | took 0ms | statement | connection 28| url jdbc:h2:mem:6a3784ae-1aa6-4bbf-b617-4d4aeabcc2af
call next value for hibernate_sequence
call next value for hibernate_sequence;
2022-10-10 13:48:04.799  INFO 3923 --- [    Test worker] p6spy                                    : #1665377284799 | took 0ms | statement | connection 28| url jdbc:h2:mem:6a3784ae-1aa6-4bbf-b617-4d4aeabcc2af
call next value for hibernate_sequence
call next value for hibernate_sequence;
2022-10-10 13:48:04.799  INFO 3923 --- [    Test worker] p6spy                                    : #1665377284799 | took 0ms | statement | connection 28| url jdbc:h2:mem:6a3784ae-1aa6-4bbf-b617-4d4aeabcc2af
call next value for hibernate_sequence
call next value for hibernate_sequence;
2022-10-10 13:48:04.799  INFO 3923 --- [    Test worker] p6spy                                    : #1665377284799 | took 0ms | statement | connection 28| url jdbc:h2:mem:6a3784ae-1aa6-4bbf-b617-4d4aeabcc2af
call next value for hibernate_sequence
call next value for hibernate_sequence;
2022-10-10 13:48:04.799  INFO 3923 --- [    Test worker] c.j.r.FavoriteSpotQueryRepositoryTest    : favoriteSpot = FavoriteSpot(id=597, count=0)
2022-10-10 13:48:04.799  INFO 3923 --- [    Test worker] c.j.r.FavoriteSpotQueryRepositoryTest    : Spot = capstone.jejuTourrecommend.domain.Spot@195dbd4b
2022-10-10 13:48:04.799  INFO 3923 --- [    Test worker] p6spy                                    : #1665377284799 | took 0ms | statement | connection 28| url jdbc:h2:mem:6a3784ae-1aa6-4bbf-b617-4d4aeabcc2af
call next value for hibernate_sequence
call next value for hibernate_sequence;
2022-10-10 13:48:04.799  INFO 3923 --- [    Test worker] p6spy                                    : #1665377284799 | took 0ms | statement | connection 28| url jdbc:h2:mem:6a3784ae-1aa6-4bbf-b617-4d4aeabcc2af
call next value for hibernate_sequence
call next value for hibernate_sequence;
2022-10-10 13:48:04.799  INFO 3923 --- [    Test worker] p6spy                                    : #1665377284799 | took 0ms | statement | connection 28| url jdbc:h2:mem:6a3784ae-1aa6-4bbf-b617-4d4aeabcc2af
call next value for hibernate_sequence
call next value for hibernate_sequence;
2022-10-10 13:48:04.799  INFO 3923 --- [    Test worker] p6spy                                    : #1665377284799 | took 0ms | statement | connection 28| url jdbc:h2:mem:6a3784ae-1aa6-4bbf-b617-4d4aeabcc2af
call next value for hibernate_sequence
call next value for hibernate_sequence;
2022-10-10 13:48:04.799  INFO 3923 --- [    Test worker] p6spy                                    : #1665377284799 | took 0ms | statement | connection 28| url jdbc:h2:mem:6a3784ae-1aa6-4bbf-b617-4d4aeabcc2af
call next value for hibernate_sequence
call next value for hibernate_sequence;
2022-10-10 13:48:04.799  INFO 3923 --- [    Test worker] p6spy                                    : #1665377284799 | took 0ms | statement | connection 28| url jdbc:h2:mem:6a3784ae-1aa6-4bbf-b617-4d4aeabcc2af
call next value for hibernate_sequence
call next value for hibernate_sequence;
2022-10-10 13:48:04.799  INFO 3923 --- [    Test worker] p6spy                                    : #1665377284799 | took 0ms | statement | connection 28| url jdbc:h2:mem:6a3784ae-1aa6-4bbf-b617-4d4aeabcc2af
call next value for hibernate_sequence
call next value for hibernate_sequence;
2022-10-10 13:48:04.799  INFO 3923 --- [    Test worker] p6spy                                    : #1665377284799 | took 0ms | statement | connection 28| url jdbc:h2:mem:6a3784ae-1aa6-4bbf-b617-4d4aeabcc2af
call next value for hibernate_sequence
call next value for hibernate_sequence;
2022-10-10 13:48:04.799  INFO 3923 --- [    Test worker] c.j.r.FavoriteSpotQueryRepositoryTest    : favoriteSpot = FavoriteSpot(id=598, count=0)
2022-10-10 13:48:04.799  INFO 3923 --- [    Test worker] c.j.r.FavoriteSpotQueryRepositoryTest    : Spot = capstone.jejuTourrecommend.domain.Spot@21f2a2ec
2022-10-10 13:48:04.799  INFO 3923 --- [    Test worker] p6spy                                    : #1665377284799 | took 0ms | statement | connection 28| url jdbc:h2:mem:6a3784ae-1aa6-4bbf-b617-4d4aeabcc2af
call next value for hibernate_sequence
call next value for hibernate_sequence;
2022-10-10 13:48:04.799  INFO 3923 --- [    Test worker] p6spy                                    : #1665377284799 | took 0ms | statement | connection 28| url jdbc:h2:mem:6a3784ae-1aa6-4bbf-b617-4d4aeabcc2af
call next value for hibernate_sequence
call next value for hibernate_sequence;
2022-10-10 13:48:04.799  INFO 3923 --- [    Test worker] p6spy                                    : #1665377284799 | took 0ms | statement | connection 28| url jdbc:h2:mem:6a3784ae-1aa6-4bbf-b617-4d4aeabcc2af
call next value for hibernate_sequence
call next value for hibernate_sequence;
2022-10-10 13:48:04.799  INFO 3923 --- [    Test worker] p6spy                                    : #1665377284799 | took 0ms | statement | connection 28| url jdbc:h2:mem:6a3784ae-1aa6-4bbf-b617-4d4aeabcc2af
call next value for hibernate_sequence
call next value for hibernate_sequence;
2022-10-10 13:48:04.799  INFO 3923 --- [    Test worker] p6spy                                    : #1665377284799 | took 0ms | statement | connection 28| url jdbc:h2:mem:6a3784ae-1aa6-4bbf-b617-4d4aeabcc2af
call next value for hibernate_sequence
call next value for hibernate_sequence;
2022-10-10 13:48:04.799  INFO 3923 --- [    Test worker] p6spy                                    : #1665377284799 | took 0ms | statement | connection 28| url jdbc:h2:mem:6a3784ae-1aa6-4bbf-b617-4d4aeabcc2af
call next value for hibernate_sequence
call next value for hibernate_sequence;
2022-10-10 13:48:04.799  INFO 3923 --- [    Test worker] p6spy                                    : #1665377284799 | took 0ms | statement | connection 28| url jdbc:h2:mem:6a3784ae-1aa6-4bbf-b617-4d4aeabcc2af
call next value for hibernate_sequence
call next value for hibernate_sequence;
2022-10-10 13:48:04.799  INFO 3923 --- [    Test worker] p6spy                                    : #1665377284799 | took 0ms | statement | connection 28| url jdbc:h2:mem:6a3784ae-1aa6-4bbf-b617-4d4aeabcc2af
call next value for hibernate_sequence
call next value for hibernate_sequence;
2022-10-10 13:48:04.799  INFO 3923 --- [    Test worker] c.j.r.FavoriteSpotQueryRepositoryTest    : favoriteSpot = FavoriteSpot(id=599, count=0)
2022-10-10 13:48:04.799  INFO 3923 --- [    Test worker] c.j.r.FavoriteSpotQueryRepositoryTest    : Spot = capstone.jejuTourrecommend.domain.Spot@1727f684
2022-10-10 13:48:04.799  INFO 3923 --- [    Test worker] p6spy                                    : #1665377284799 | took 0ms | statement | connection 28| url jdbc:h2:mem:6a3784ae-1aa6-4bbf-b617-4d4aeabcc2af
call next value for hibernate_sequence
call next value for hibernate_sequence;
2022-10-10 13:48:04.799  INFO 3923 --- [    Test worker] p6spy                                    : #1665377284799 | took 0ms | statement | connection 28| url jdbc:h2:mem:6a3784ae-1aa6-4bbf-b617-4d4aeabcc2af
call next value for hibernate_sequence
call next value for hibernate_sequence;
2022-10-10 13:48:04.799  INFO 3923 --- [    Test worker] p6spy                                    : #1665377284799 | took 0ms | statement | connection 28| url jdbc:h2:mem:6a3784ae-1aa6-4bbf-b617-4d4aeabcc2af
call next value for hibernate_sequence
call next value for hibernate_sequence;
2022-10-10 13:48:04.799  INFO 3923 --- [    Test worker] p6spy                                    : #1665377284799 | took 0ms | statement | connection 28| url jdbc:h2:mem:6a3784ae-1aa6-4bbf-b617-4d4aeabcc2af
call next value for hibernate_sequence
call next value for hibernate_sequence;
2022-10-10 13:48:04.799  INFO 3923 --- [    Test worker] p6spy                                    : #1665377284799 | took 0ms | statement | connection 28| url jdbc:h2:mem:6a3784ae-1aa6-4bbf-b617-4d4aeabcc2af
call next value for hibernate_sequence
call next value for hibernate_sequence;
2022-10-10 13:48:04.799  INFO 3923 --- [    Test worker] p6spy                                    : #1665377284799 | took 0ms | statement | connection 28| url jdbc:h2:mem:6a3784ae-1aa6-4bbf-b617-4d4aeabcc2af
call next value for hibernate_sequence
call next value for hibernate_sequence;
2022-10-10 13:48:04.799  INFO 3923 --- [    Test worker] p6spy                                    : #1665377284799 | took 0ms | statement | connection 28| url jdbc:h2:mem:6a3784ae-1aa6-4bbf-b617-4d4aeabcc2af
call next value for hibernate_sequence
call next value for hibernate_sequence;
2022-10-10 13:48:04.799  INFO 3923 --- [    Test worker] p6spy                                    : #1665377284799 | took 0ms | statement | connection 28| url jdbc:h2:mem:6a3784ae-1aa6-4bbf-b617-4d4aeabcc2af
call next value for hibernate_sequence
call next value for hibernate_sequence;
2022-10-10 13:48:04.799  INFO 3923 --- [    Test worker] c.j.r.FavoriteSpotQueryRepositoryTest    : favoriteSpot = FavoriteSpot(id=600, count=0)
2022-10-10 13:48:04.799  INFO 3923 --- [    Test worker] c.j.r.FavoriteSpotQueryRepositoryTest    : Spot = capstone.jejuTourrecommend.domain.Spot@6f7d962c
2022-10-10 13:48:04.799  INFO 3923 --- [    Test worker] p6spy                                    : #1665377284799 | took 0ms | statement | connection 28| url jdbc:h2:mem:6a3784ae-1aa6-4bbf-b617-4d4aeabcc2af
call next value for hibernate_sequence
call next value for hibernate_sequence;
2022-10-10 13:48:04.799  INFO 3923 --- [    Test worker] p6spy                                    : #1665377284799 | took 0ms | statement | connection 28| url jdbc:h2:mem:6a3784ae-1aa6-4bbf-b617-4d4aeabcc2af
call next value for hibernate_sequence
call next value for hibernate_sequence;
2022-10-10 13:48:04.799  INFO 3923 --- [    Test worker] p6spy                                    : #1665377284799 | took 0ms | statement | connection 28| url jdbc:h2:mem:6a3784ae-1aa6-4bbf-b617-4d4aeabcc2af
call next value for hibernate_sequence
call next value for hibernate_sequence;
2022-10-10 13:48:04.799  INFO 3923 --- [    Test worker] p6spy                                    : #1665377284799 | took 0ms | statement | connection 28| url jdbc:h2:mem:6a3784ae-1aa6-4bbf-b617-4d4aeabcc2af
call next value for hibernate_sequence
call next value for hibernate_sequence;
2022-10-10 13:48:04.800  INFO 3923 --- [    Test worker] p6spy                                    : #1665377284800 | took 0ms | statement | connection 28| url jdbc:h2:mem:6a3784ae-1aa6-4bbf-b617-4d4aeabcc2af
call next value for hibernate_sequence
call next value for hibernate_sequence;
2022-10-10 13:48:04.800  INFO 3923 --- [    Test worker] p6spy                                    : #1665377284800 | took 0ms | statement | connection 28| url jdbc:h2:mem:6a3784ae-1aa6-4bbf-b617-4d4aeabcc2af
call next value for hibernate_sequence
call next value for hibernate_sequence;
2022-10-10 13:48:04.800  INFO 3923 --- [    Test worker] p6spy                                    : #1665377284800 | took 0ms | statement | connection 28| url jdbc:h2:mem:6a3784ae-1aa6-4bbf-b617-4d4aeabcc2af
call next value for hibernate_sequence
call next value for hibernate_sequence;
2022-10-10 13:48:04.800  INFO 3923 --- [    Test worker] p6spy                                    : #1665377284800 | took 0ms | statement | connection 28| url jdbc:h2:mem:6a3784ae-1aa6-4bbf-b617-4d4aeabcc2af
call next value for hibernate_sequence
call next value for hibernate_sequence;
2022-10-10 13:48:04.800  INFO 3923 --- [    Test worker] c.j.r.FavoriteSpotQueryRepositoryTest    : favoriteSpot = FavoriteSpot(id=601, count=0)
2022-10-10 13:48:04.800  INFO 3923 --- [    Test worker] c.j.r.FavoriteSpotQueryRepositoryTest    : Spot = capstone.jejuTourrecommend.domain.Spot@7fd254dd
2022-10-10 13:48:04.800  INFO 3923 --- [    Test worker] p6spy                                    : #1665377284800 | took 0ms | statement | connection 28| url jdbc:h2:mem:6a3784ae-1aa6-4bbf-b617-4d4aeabcc2af
call next value for hibernate_sequence
call next value for hibernate_sequence;
2022-10-10 13:48:04.800  INFO 3923 --- [    Test worker] p6spy                                    : #1665377284800 | took 0ms | statement | connection 28| url jdbc:h2:mem:6a3784ae-1aa6-4bbf-b617-4d4aeabcc2af
call next value for hibernate_sequence
call next value for hibernate_sequence;
2022-10-10 13:48:04.800  INFO 3923 --- [    Test worker] p6spy                                    : #1665377284800 | took 0ms | statement | connection 28| url jdbc:h2:mem:6a3784ae-1aa6-4bbf-b617-4d4aeabcc2af
call next value for hibernate_sequence
call next value for hibernate_sequence;
2022-10-10 13:48:04.800  INFO 3923 --- [    Test worker] p6spy                                    : #1665377284800 | took 0ms | statement | connection 28| url jdbc:h2:mem:6a3784ae-1aa6-4bbf-b617-4d4aeabcc2af
call next value for hibernate_sequence
call next value for hibernate_sequence;
2022-10-10 13:48:04.800  INFO 3923 --- [    Test worker] p6spy                                    : #1665377284800 | took 0ms | statement | connection 28| url jdbc:h2:mem:6a3784ae-1aa6-4bbf-b617-4d4aeabcc2af
call next value for hibernate_sequence
call next value for hibernate_sequence;
2022-10-10 13:48:04.800  INFO 3923 --- [    Test worker] p6spy                                    : #1665377284800 | took 0ms | statement | connection 28| url jdbc:h2:mem:6a3784ae-1aa6-4bbf-b617-4d4aeabcc2af
call next value for hibernate_sequence
call next value for hibernate_sequence;
2022-10-10 13:48:04.800  INFO 3923 --- [    Test worker] p6spy                                    : #1665377284800 | took 0ms | statement | connection 28| url jdbc:h2:mem:6a3784ae-1aa6-4bbf-b617-4d4aeabcc2af
call next value for hibernate_sequence
call next value for hibernate_sequence;
2022-10-10 13:48:04.800  INFO 3923 --- [    Test worker] p6spy                                    : #1665377284800 | took 0ms | statement | connection 28| url jdbc:h2:mem:6a3784ae-1aa6-4bbf-b617-4d4aeabcc2af
call next value for hibernate_sequence
call next value for hibernate_sequence;
2022-10-10 13:48:04.800  INFO 3923 --- [    Test worker] p6spy                                    : #1665377284800 | took 0ms | statement | connection 28| url jdbc:h2:mem:6a3784ae-1aa6-4bbf-b617-4d4aeabcc2af
call next value for favoritespot_seq
call next value for favoritespot_seq;
2022-10-10 13:48:04.800  INFO 3923 --- [    Test worker] c.j.r.FavoriteSpotQueryRepositoryTest    : favoriteSpot = FavoriteSpot(id=602, count=0)
2022-10-10 13:48:04.800  INFO 3923 --- [    Test worker] c.j.r.FavoriteSpotQueryRepositoryTest    : Spot = capstone.jejuTourrecommend.domain.Spot@6584d59a
2022-10-10 13:48:04.800  INFO 3923 --- [    Test worker] p6spy                                    : #1665377284800 | took 0ms | statement | connection 28| url jdbc:h2:mem:6a3784ae-1aa6-4bbf-b617-4d4aeabcc2af
call next value for hibernate_sequence
call next value for hibernate_sequence;
2022-10-10 13:48:04.800  INFO 3923 --- [    Test worker] p6spy                                    : #1665377284800 | took 0ms | statement | connection 28| url jdbc:h2:mem:6a3784ae-1aa6-4bbf-b617-4d4aeabcc2af
call next value for hibernate_sequence
call next value for hibernate_sequence;
2022-10-10 13:48:04.800  INFO 3923 --- [    Test worker] p6spy                                    : #1665377284800 | took 0ms | statement | connection 28| url jdbc:h2:mem:6a3784ae-1aa6-4bbf-b617-4d4aeabcc2af
call next value for hibernate_sequence
call next value for hibernate_sequence;
2022-10-10 13:48:04.800  INFO 3923 --- [    Test worker] p6spy                                    : #1665377284800 | took 0ms | statement | connection 28| url jdbc:h2:mem:6a3784ae-1aa6-4bbf-b617-4d4aeabcc2af
call next value for hibernate_sequence
call next value for hibernate_sequence;
2022-10-10 13:48:04.800  INFO 3923 --- [    Test worker] p6spy                                    : #1665377284800 | took 0ms | statement | connection 28| url jdbc:h2:mem:6a3784ae-1aa6-4bbf-b617-4d4aeabcc2af
call next value for review_seq
call next value for review_seq;
2022-10-10 13:48:04.800  INFO 3923 --- [    Test worker] p6spy                                    : #1665377284800 | took 0ms | statement | connection 28| url jdbc:h2:mem:6a3784ae-1aa6-4bbf-b617-4d4aeabcc2af
call next value for hibernate_sequence
call next value for hibernate_sequence;
2022-10-10 13:48:04.800  INFO 3923 --- [    Test worker] p6spy                                    : #1665377284800 | took 0ms | statement | connection 28| url jdbc:h2:mem:6a3784ae-1aa6-4bbf-b617-4d4aeabcc2af
call next value for hibernate_sequence
call next value for hibernate_sequence;
2022-10-10 13:48:04.800  INFO 3923 --- [    Test worker] p6spy                                    : #1665377284800 | took 0ms | statement | connection 28| url jdbc:h2:mem:6a3784ae-1aa6-4bbf-b617-4d4aeabcc2af
call next value for hibernate_sequence
call next value for hibernate_sequence;
2022-10-10 13:48:04.800  INFO 3923 --- [    Test worker] p6spy                                    : #1665377284800 | took 0ms | statement | connection 28| url jdbc:h2:mem:6a3784ae-1aa6-4bbf-b617-4d4aeabcc2af
call next value for hibernate_sequence
call next value for hibernate_sequence;
2022-10-10 13:48:04.800  INFO 3923 --- [    Test worker] c.j.r.FavoriteSpotQueryRepositoryTest    : favoriteSpot = FavoriteSpot(id=603, count=0)
2022-10-10 13:48:04.800  INFO 3923 --- [    Test worker] c.j.r.FavoriteSpotQueryRepositoryTest    : Spot = capstone.jejuTourrecommend.domain.Spot@3cf9641
2022-10-10 13:48:04.800  INFO 3923 --- [    Test worker] p6spy                                    : #1665377284800 | took 0ms | statement | connection 28| url jdbc:h2:mem:6a3784ae-1aa6-4bbf-b617-4d4aeabcc2af
call next value for score_seq
call next value for score_seq;
2022-10-10 13:48:04.800  INFO 3923 --- [    Test worker] p6spy                                    : #1665377284800 | took 0ms | statement | connection 28| url jdbc:h2:mem:6a3784ae-1aa6-4bbf-b617-4d4aeabcc2af
call next value for hibernate_sequence
call next value for hibernate_sequence;
2022-10-10 13:48:04.800  INFO 3923 --- [    Test worker] p6spy                                    : #1665377284800 | took 0ms | statement | connection 28| url jdbc:h2:mem:6a3784ae-1aa6-4bbf-b617-4d4aeabcc2af
call next value for hibernate_sequence
call next value for hibernate_sequence;
2022-10-10 13:48:04.800  INFO 3923 --- [    Test worker] p6spy                                    : #1665377284800 | took 0ms | statement | connection 28| url jdbc:h2:mem:6a3784ae-1aa6-4bbf-b617-4d4aeabcc2af
call next value for hibernate_sequence
call next value for hibernate_sequence;
2022-10-10 13:48:04.800  INFO 3923 --- [    Test worker] p6spy                                    : #1665377284800 | took 0ms | statement | connection 28| url jdbc:h2:mem:6a3784ae-1aa6-4bbf-b617-4d4aeabcc2af
call next value for hibernate_sequence
call next value for hibernate_sequence;
2022-10-10 13:48:04.800  INFO 3923 --- [    Test worker] p6spy                                    : #1665377284800 | took 0ms | statement | connection 28| url jdbc:h2:mem:6a3784ae-1aa6-4bbf-b617-4d4aeabcc2af
call next value for hibernate_sequence
call next value for hibernate_sequence;
2022-10-10 13:48:04.800  INFO 3923 --- [    Test worker] p6spy                                    : #1665377284800 | took 0ms | statement | connection 28| url jdbc:h2:mem:6a3784ae-1aa6-4bbf-b617-4d4aeabcc2af
call next value for hibernate_sequence
call next value for hibernate_sequence;
2022-10-10 13:48:04.800  INFO 3923 --- [    Test worker] p6spy                                    : #1665377284800 | took 0ms | statement | connection 28| url jdbc:h2:mem:6a3784ae-1aa6-4bbf-b617-4d4aeabcc2af
call next value for hibernate_sequence
call next value for hibernate_sequence;
2022-10-10 13:48:04.800  INFO 3923 --- [    Test worker] p6spy                                    : #1665377284800 | took 0ms | statement | connection 28| url jdbc:h2:mem:6a3784ae-1aa6-4bbf-b617-4d4aeabcc2af
call next value for hibernate_sequence
call next value for hibernate_sequence;
2022-10-10 13:48:04.800  INFO 3923 --- [    Test worker] c.j.r.FavoriteSpotQueryRepositoryTest    : favoriteSpot = FavoriteSpot(id=604, count=0)
2022-10-10 13:48:04.800  INFO 3923 --- [    Test worker] c.j.r.FavoriteSpotQueryRepositoryTest    : Spot = capstone.jejuTourrecommend.domain.Spot@3d042d2f
2022-10-10 13:48:04.800  INFO 3923 --- [    Test worker] p6spy                                    : #1665377284800 | took 0ms | statement | connection 28| url jdbc:h2:mem:6a3784ae-1aa6-4bbf-b617-4d4aeabcc2af
call next value for hibernate_sequence
call next value for hibernate_sequence;
2022-10-10 13:48:04.800  INFO 3923 --- [    Test worker] p6spy                                    : #1665377284800 | took 0ms | statement | connection 28| url jdbc:h2:mem:6a3784ae-1aa6-4bbf-b617-4d4aeabcc2af
call next value for hibernate_sequence
call next value for hibernate_sequence;
2022-10-10 13:48:04.800  INFO 3923 --- [    Test worker] p6spy                                    : #1665377284800 | took 0ms | statement | connection 28| url jdbc:h2:mem:6a3784ae-1aa6-4bbf-b617-4d4aeabcc2af
call next value for hibernate_sequence
call next value for hibernate_sequence;
2022-10-10 13:48:04.800  INFO 3923 --- [    Test worker] p6spy                                    : #1665377284800 | took 0ms | statement | connection 28| url jdbc:h2:mem:6a3784ae-1aa6-4bbf-b617-4d4aeabcc2af
call next value for hibernate_sequence
call next value for hibernate_sequence;
2022-10-10 13:48:04.800  INFO 3923 --- [    Test worker] p6spy                                    : #1665377284800 | took 0ms | statement | connection 28| url jdbc:h2:mem:6a3784ae-1aa6-4bbf-b617-4d4aeabcc2af
call next value for hibernate_sequence
call next value for hibernate_sequence;
2022-10-10 13:48:04.800  INFO 3923 --- [    Test worker] p6spy                                    : #1665377284800 | took 0ms | statement | connection 28| url jdbc:h2:mem:6a3784ae-1aa6-4bbf-b617-4d4aeabcc2af
call next value for hibernate_sequence
call next value for hibernate_sequence;
2022-10-10 13:48:04.800  INFO 3923 --- [    Test worker] p6spy                                    : #1665377284800 | took 0ms | statement | connection 28| url jdbc:h2:mem:6a3784ae-1aa6-4bbf-b617-4d4aeabcc2af
call next value for hibernate_sequence
call next value for hibernate_sequence;
2022-10-10 13:48:04.800  INFO 3923 --- [    Test worker] p6spy                                    : #1665377284800 | took 0ms | statement | connection 28| url jdbc:h2:mem:6a3784ae-1aa6-4bbf-b617-4d4aeabcc2af
call next value for hibernate_sequence
call next value for hibernate_sequence;
2022-10-10 13:48:04.801  INFO 3923 --- [    Test worker] c.j.r.FavoriteSpotQueryRepositoryTest    : favoriteSpot = FavoriteSpot(id=605, count=0)
2022-10-10 13:48:04.801  INFO 3923 --- [    Test worker] c.j.r.FavoriteSpotQueryRepositoryTest    : Spot = capstone.jejuTourrecommend.domain.Spot@1bd21143
2022-10-10 13:48:04.801  INFO 3923 --- [    Test worker] p6spy                                    : #1665377284801 | took 0ms | statement | connection 28| url jdbc:h2:mem:6a3784ae-1aa6-4bbf-b617-4d4aeabcc2af
call next value for hibernate_sequence
call next value for hibernate_sequence;
2022-10-10 13:48:04.801  INFO 3923 --- [    Test worker] p6spy                                    : #1665377284801 | took 0ms | statement | connection 28| url jdbc:h2:mem:6a3784ae-1aa6-4bbf-b617-4d4aeabcc2af
call next value for hibernate_sequence
call next value for hibernate_sequence;
2022-10-10 13:48:04.801  INFO 3923 --- [    Test worker] p6spy                                    : #1665377284801 | took 0ms | statement | connection 28| url jdbc:h2:mem:6a3784ae-1aa6-4bbf-b617-4d4aeabcc2af
call next value for hibernate_sequence
call next value for hibernate_sequence;
2022-10-10 13:48:04.801  INFO 3923 --- [    Test worker] p6spy                                    : #1665377284801 | took 0ms | statement | connection 28| url jdbc:h2:mem:6a3784ae-1aa6-4bbf-b617-4d4aeabcc2af
call next value for hibernate_sequence
call next value for hibernate_sequence;
2022-10-10 13:48:04.801  INFO 3923 --- [    Test worker] p6spy                                    : #1665377284801 | took 0ms | statement | connection 28| url jdbc:h2:mem:6a3784ae-1aa6-4bbf-b617-4d4aeabcc2af
call next value for hibernate_sequence
call next value for hibernate_sequence;
2022-10-10 13:48:04.801  INFO 3923 --- [    Test worker] p6spy                                    : #1665377284801 | took 0ms | statement | connection 28| url jdbc:h2:mem:6a3784ae-1aa6-4bbf-b617-4d4aeabcc2af
call next value for hibernate_sequence
call next value for hibernate_sequence;
2022-10-10 13:48:04.801  INFO 3923 --- [    Test worker] p6spy                                    : #1665377284801 | took 0ms | statement | connection 28| url jdbc:h2:mem:6a3784ae-1aa6-4bbf-b617-4d4aeabcc2af
call next value for hibernate_sequence
call next value for hibernate_sequence;
2022-10-10 13:48:04.801  INFO 3923 --- [    Test worker] p6spy                                    : #1665377284801 | took 0ms | statement | connection 28| url jdbc:h2:mem:6a3784ae-1aa6-4bbf-b617-4d4aeabcc2af
call next value for hibernate_sequence
call next value for hibernate_sequence;
2022-10-10 13:48:04.801  INFO 3923 --- [    Test worker] c.j.r.FavoriteSpotQueryRepositoryTest    : favoriteSpot = FavoriteSpot(id=606, count=0)
2022-10-10 13:48:04.801  INFO 3923 --- [    Test worker] c.j.r.FavoriteSpotQueryRepositoryTest    : Spot = capstone.jejuTourrecommend.domain.Spot@3be1ad3a
2022-10-10 13:48:04.801  INFO 3923 --- [    Test worker] p6spy                                    : #1665377284801 | took 0ms | statement | connection 28| url jdbc:h2:mem:6a3784ae-1aa6-4bbf-b617-4d4aeabcc2af
call next value for hibernate_sequence
call next value for hibernate_sequence;
2022-10-10 13:48:04.801  INFO 3923 --- [    Test worker] p6spy                                    : #1665377284801 | took 0ms | statement | connection 28| url jdbc:h2:mem:6a3784ae-1aa6-4bbf-b617-4d4aeabcc2af
call next value for hibernate_sequence
call next value for hibernate_sequence;
2022-10-10 13:48:04.801  INFO 3923 --- [    Test worker] p6spy                                    : #1665377284801 | took 0ms | statement | connection 28| url jdbc:h2:mem:6a3784ae-1aa6-4bbf-b617-4d4aeabcc2af
call next value for hibernate_sequence
call next value for hibernate_sequence;
2022-10-10 13:48:04.801  INFO 3923 --- [    Test worker] p6spy                                    : #1665377284801 | took 0ms | statement | connection 28| url jdbc:h2:mem:6a3784ae-1aa6-4bbf-b617-4d4aeabcc2af
call next value for hibernate_sequence
call next value for hibernate_sequence;
2022-10-10 13:48:04.801  INFO 3923 --- [    Test worker] p6spy                                    : #1665377284801 | took 0ms | statement | connection 28| url jdbc:h2:mem:6a3784ae-1aa6-4bbf-b617-4d4aeabcc2af
call next value for hibernate_sequence
call next value for hibernate_sequence;
2022-10-10 13:48:04.801  INFO 3923 --- [    Test worker] p6spy                                    : #1665377284801 | took 0ms | statement | connection 28| url jdbc:h2:mem:6a3784ae-1aa6-4bbf-b617-4d4aeabcc2af
call next value for hibernate_sequence
call next value for hibernate_sequence;
2022-10-10 13:48:04.801  INFO 3923 --- [    Test worker] p6spy                                    : #1665377284801 | took 0ms | statement | connection 28| url jdbc:h2:mem:6a3784ae-1aa6-4bbf-b617-4d4aeabcc2af
call next value for hibernate_sequence
call next value for hibernate_sequence;
2022-10-10 13:48:04.801  INFO 3923 --- [    Test worker] p6spy                                    : #1665377284801 | took 0ms | statement | connection 28| url jdbc:h2:mem:6a3784ae-1aa6-4bbf-b617-4d4aeabcc2af
call next value for hibernate_sequence
call next value for hibernate_sequence;
2022-10-10 13:48:04.801  INFO 3923 --- [    Test worker] c.j.r.FavoriteSpotQueryRepositoryTest    : favoriteSpot = FavoriteSpot(id=607, count=0)
2022-10-10 13:48:04.801  INFO 3923 --- [    Test worker] c.j.r.FavoriteSpotQueryRepositoryTest    : Spot = capstone.jejuTourrecommend.domain.Spot@462bbb2c
2022-10-10 13:48:04.801  INFO 3923 --- [    Test worker] p6spy                                    : #1665377284801 | took 0ms | statement | connection 28| url jdbc:h2:mem:6a3784ae-1aa6-4bbf-b617-4d4aeabcc2af
call next value for hibernate_sequence
call next value for hibernate_sequence;
2022-10-10 13:48:04.801  INFO 3923 --- [    Test worker] p6spy                                    : #1665377284801 | took 0ms | statement | connection 28| url jdbc:h2:mem:6a3784ae-1aa6-4bbf-b617-4d4aeabcc2af
call next value for hibernate_sequence
call next value for hibernate_sequence;
2022-10-10 13:48:04.801  INFO 3923 --- [    Test worker] p6spy                                    : #1665377284801 | took 0ms | statement | connection 28| url jdbc:h2:mem:6a3784ae-1aa6-4bbf-b617-4d4aeabcc2af
call next value for hibernate_sequence
call next value for hibernate_sequence;
2022-10-10 13:48:04.801  INFO 3923 --- [    Test worker] p6spy                                    : #1665377284801 | took 0ms | statement | connection 28| url jdbc:h2:mem:6a3784ae-1aa6-4bbf-b617-4d4aeabcc2af
call next value for hibernate_sequence
call next value for hibernate_sequence;
2022-10-10 13:48:04.801  INFO 3923 --- [    Test worker] p6spy                                    : #1665377284801 | took 0ms | statement | connection 28| url jdbc:h2:mem:6a3784ae-1aa6-4bbf-b617-4d4aeabcc2af
call next value for hibernate_sequence
call next value for hibernate_sequence;
2022-10-10 13:48:04.801  INFO 3923 --- [    Test worker] p6spy                                    : #1665377284801 | took 0ms | statement | connection 28| url jdbc:h2:mem:6a3784ae-1aa6-4bbf-b617-4d4aeabcc2af
call next value for hibernate_sequence
call next value for hibernate_sequence;
2022-10-10 13:48:04.801  INFO 3923 --- [    Test worker] p6spy                                    : #1665377284801 | took 0ms | statement | connection 28| url jdbc:h2:mem:6a3784ae-1aa6-4bbf-b617-4d4aeabcc2af
call next value for hibernate_sequence
call next value for hibernate_sequence;
2022-10-10 13:48:04.801  INFO 3923 --- [    Test worker] p6spy                                    : #1665377284801 | took 0ms | statement | connection 28| url jdbc:h2:mem:6a3784ae-1aa6-4bbf-b617-4d4aeabcc2af
call next value for hibernate_sequence
call next value for hibernate_sequence;
2022-10-10 13:48:04.801  INFO 3923 --- [    Test worker] c.j.r.FavoriteSpotQueryRepositoryTest    : favoriteSpot = FavoriteSpot(id=608, count=0)
2022-10-10 13:48:04.801  INFO 3923 --- [    Test worker] c.j.r.FavoriteSpotQueryRepositoryTest    : Spot = capstone.jejuTourrecommend.domain.Spot@16a733ff
2022-10-10 13:48:04.801  INFO 3923 --- [    Test worker] p6spy                                    : #1665377284801 | took 0ms | statement | connection 28| url jdbc:h2:mem:6a3784ae-1aa6-4bbf-b617-4d4aeabcc2af
call next value for hibernate_sequence
call next value for hibernate_sequence;
2022-10-10 13:48:04.801  INFO 3923 --- [    Test worker] p6spy                                    : #1665377284801 | took 0ms | statement | connection 28| url jdbc:h2:mem:6a3784ae-1aa6-4bbf-b617-4d4aeabcc2af
call next value for hibernate_sequence
call next value for hibernate_sequence;
2022-10-10 13:48:04.801  INFO 3923 --- [    Test worker] p6spy                                    : #1665377284801 | took 0ms | statement | connection 28| url jdbc:h2:mem:6a3784ae-1aa6-4bbf-b617-4d4aeabcc2af
call next value for hibernate_sequence
call next value for hibernate_sequence;
2022-10-10 13:48:04.801  INFO 3923 --- [    Test worker] p6spy                                    : #1665377284801 | took 0ms | statement | connection 28| url jdbc:h2:mem:6a3784ae-1aa6-4bbf-b617-4d4aeabcc2af
call next value for hibernate_sequence
call next value for hibernate_sequence;
2022-10-10 13:48:04.801  INFO 3923 --- [    Test worker] p6spy                                    : #1665377284801 | took 0ms | statement | connection 28| url jdbc:h2:mem:6a3784ae-1aa6-4bbf-b617-4d4aeabcc2af
call next value for hibernate_sequence
call next value for hibernate_sequence;
2022-10-10 13:48:04.801  INFO 3923 --- [    Test worker] p6spy                                    : #1665377284801 | took 0ms | statement | connection 28| url jdbc:h2:mem:6a3784ae-1aa6-4bbf-b617-4d4aeabcc2af
call next value for hibernate_sequence
call next value for hibernate_sequence;
2022-10-10 13:48:04.801  INFO 3923 --- [    Test worker] p6spy                                    : #1665377284801 | took 0ms | statement | connection 28| url jdbc:h2:mem:6a3784ae-1aa6-4bbf-b617-4d4aeabcc2af
call next value for hibernate_sequence
call next value for hibernate_sequence;
2022-10-10 13:48:04.801  INFO 3923 --- [    Test worker] p6spy                                    : #1665377284801 | took 0ms | statement | connection 28| url jdbc:h2:mem:6a3784ae-1aa6-4bbf-b617-4d4aeabcc2af
call next value for hibernate_sequence
call next value for hibernate_sequence;
2022-10-10 13:48:04.801  INFO 3923 --- [    Test worker] c.j.r.FavoriteSpotQueryRepositoryTest    : favoriteSpot = FavoriteSpot(id=609, count=0)
2022-10-10 13:48:04.801  INFO 3923 --- [    Test worker] c.j.r.FavoriteSpotQueryRepositoryTest    : Spot = capstone.jejuTourrecommend.domain.Spot@610fc4b4
2022-10-10 13:48:04.801  INFO 3923 --- [    Test worker] p6spy                                    : #1665377284801 | took 0ms | statement | connection 28| url jdbc:h2:mem:6a3784ae-1aa6-4bbf-b617-4d4aeabcc2af
call next value for hibernate_sequence
call next value for hibernate_sequence;
2022-10-10 13:48:04.801  INFO 3923 --- [    Test worker] p6spy                                    : #1665377284801 | took 0ms | statement | connection 28| url jdbc:h2:mem:6a3784ae-1aa6-4bbf-b617-4d4aeabcc2af
call next value for hibernate_sequence
call next value for hibernate_sequence;
2022-10-10 13:48:04.801  INFO 3923 --- [    Test worker] p6spy                                    : #1665377284801 | took 0ms | statement | connection 28| url jdbc:h2:mem:6a3784ae-1aa6-4bbf-b617-4d4aeabcc2af
call next value for hibernate_sequence
call next value for hibernate_sequence;
2022-10-10 13:48:04.801  INFO 3923 --- [    Test worker] p6spy                                    : #1665377284801 | took 0ms | statement | connection 28| url jdbc:h2:mem:6a3784ae-1aa6-4bbf-b617-4d4aeabcc2af
call next value for hibernate_sequence
call next value for hibernate_sequence;
2022-10-10 13:48:04.801  INFO 3923 --- [    Test worker] p6spy                                    : #1665377284801 | took 0ms | statement | connection 28| url jdbc:h2:mem:6a3784ae-1aa6-4bbf-b617-4d4aeabcc2af
call next value for hibernate_sequence
call next value for hibernate_sequence;
2022-10-10 13:48:04.801  INFO 3923 --- [    Test worker] p6spy                                    : #1665377284801 | took 0ms | statement | connection 28| url jdbc:h2:mem:6a3784ae-1aa6-4bbf-b617-4d4aeabcc2af
call next value for hibernate_sequence
call next value for hibernate_sequence;
2022-10-10 13:48:04.801  INFO 3923 --- [    Test worker] p6spy                                    : #1665377284801 | took 0ms | statement | connection 28| url jdbc:h2:mem:6a3784ae-1aa6-4bbf-b617-4d4aeabcc2af
call next value for hibernate_sequence
call next value for hibernate_sequence;
2022-10-10 13:48:04.801  INFO 3923 --- [    Test worker] p6spy                                    : #1665377284801 | took 0ms | statement | connection 28| url jdbc:h2:mem:6a3784ae-1aa6-4bbf-b617-4d4aeabcc2af
call next value for hibernate_sequence
call next value for hibernate_sequence;
2022-10-10 13:48:04.801  INFO 3923 --- [    Test worker] c.j.r.FavoriteSpotQueryRepositoryTest    : favoriteSpot = FavoriteSpot(id=610, count=0)
2022-10-10 13:48:04.801  INFO 3923 --- [    Test worker] c.j.r.FavoriteSpotQueryRepositoryTest    : Spot = capstone.jejuTourrecommend.domain.Spot@2addf2b4
2022-10-10 13:48:04.801  INFO 3923 --- [    Test worker] p6spy                                    : #1665377284801 | took 0ms | statement | connection 28| url jdbc:h2:mem:6a3784ae-1aa6-4bbf-b617-4d4aeabcc2af
call next value for hibernate_sequence
call next value for hibernate_sequence;
2022-10-10 13:48:04.801  INFO 3923 --- [    Test worker] p6spy                                    : #1665377284801 | took 0ms | statement | connection 28| url jdbc:h2:mem:6a3784ae-1aa6-4bbf-b617-4d4aeabcc2af
call next value for hibernate_sequence
call next value for hibernate_sequence;
2022-10-10 13:48:04.801  INFO 3923 --- [    Test worker] p6spy                                    : #1665377284801 | took 0ms | statement | connection 28| url jdbc:h2:mem:6a3784ae-1aa6-4bbf-b617-4d4aeabcc2af
call next value for hibernate_sequence
call next value for hibernate_sequence;
2022-10-10 13:48:04.801  INFO 3923 --- [    Test worker] p6spy                                    : #1665377284801 | took 0ms | statement | connection 28| url jdbc:h2:mem:6a3784ae-1aa6-4bbf-b617-4d4aeabcc2af
call next value for hibernate_sequence
call next value for hibernate_sequence;
2022-10-10 13:48:04.802  INFO 3923 --- [    Test worker] p6spy                                    : #1665377284802 | took 0ms | statement | connection 28| url jdbc:h2:mem:6a3784ae-1aa6-4bbf-b617-4d4aeabcc2af
call next value for hibernate_sequence
call next value for hibernate_sequence;
2022-10-10 13:48:04.802  INFO 3923 --- [    Test worker] p6spy                                    : #1665377284802 | took 0ms | statement | connection 28| url jdbc:h2:mem:6a3784ae-1aa6-4bbf-b617-4d4aeabcc2af
call next value for hibernate_sequence
call next value for hibernate_sequence;
2022-10-10 13:48:04.802  INFO 3923 --- [    Test worker] p6spy                                    : #1665377284802 | took 0ms | statement | connection 28| url jdbc:h2:mem:6a3784ae-1aa6-4bbf-b617-4d4aeabcc2af
call next value for hibernate_sequence
call next value for hibernate_sequence;
2022-10-10 13:48:04.802  INFO 3923 --- [    Test worker] p6spy                                    : #1665377284802 | took 0ms | statement | connection 28| url jdbc:h2:mem:6a3784ae-1aa6-4bbf-b617-4d4aeabcc2af
call next value for hibernate_sequence
call next value for hibernate_sequence;
2022-10-10 13:48:04.802  INFO 3923 --- [    Test worker] c.j.r.FavoriteSpotQueryRepositoryTest    : favoriteSpot = FavoriteSpot(id=611, count=0)
2022-10-10 13:48:04.802  INFO 3923 --- [    Test worker] c.j.r.FavoriteSpotQueryRepositoryTest    : Spot = capstone.jejuTourrecommend.domain.Spot@7ee7f230
2022-10-10 13:48:04.802  INFO 3923 --- [    Test worker] p6spy                                    : #1665377284802 | took 0ms | statement | connection 28| url jdbc:h2:mem:6a3784ae-1aa6-4bbf-b617-4d4aeabcc2af
call next value for hibernate_sequence
call next value for hibernate_sequence;
2022-10-10 13:48:04.802  INFO 3923 --- [    Test worker] p6spy                                    : #1665377284802 | took 0ms | statement | connection 28| url jdbc:h2:mem:6a3784ae-1aa6-4bbf-b617-4d4aeabcc2af
call next value for hibernate_sequence
call next value for hibernate_sequence;
2022-10-10 13:48:04.802  INFO 3923 --- [    Test worker] p6spy                                    : #1665377284802 | took 0ms | statement | connection 28| url jdbc:h2:mem:6a3784ae-1aa6-4bbf-b617-4d4aeabcc2af
call next value for hibernate_sequence
call next value for hibernate_sequence;
2022-10-10 13:48:04.802  INFO 3923 --- [    Test worker] p6spy                                    : #1665377284802 | took 0ms | statement | connection 28| url jdbc:h2:mem:6a3784ae-1aa6-4bbf-b617-4d4aeabcc2af
call next value for hibernate_sequence
call next value for hibernate_sequence;
2022-10-10 13:48:04.802  INFO 3923 --- [    Test worker] p6spy                                    : #1665377284802 | took 0ms | statement | connection 28| url jdbc:h2:mem:6a3784ae-1aa6-4bbf-b617-4d4aeabcc2af
call next value for hibernate_sequence
call next value for hibernate_sequence;
2022-10-10 13:48:04.802  INFO 3923 --- [    Test worker] p6spy                                    : #1665377284802 | took 0ms | statement | connection 28| url jdbc:h2:mem:6a3784ae-1aa6-4bbf-b617-4d4aeabcc2af
call next value for hibernate_sequence
call next value for hibernate_sequence;
2022-10-10 13:48:04.802  INFO 3923 --- [    Test worker] p6spy                                    : #1665377284802 | took 0ms | statement | connection 28| url jdbc:h2:mem:6a3784ae-1aa6-4bbf-b617-4d4aeabcc2af
call next value for hibernate_sequence
call next value for hibernate_sequence;
2022-10-10 13:48:04.802  INFO 3923 --- [    Test worker] p6spy                                    : #1665377284802 | took 0ms | statement | connection 28| url jdbc:h2:mem:6a3784ae-1aa6-4bbf-b617-4d4aeabcc2af
call next value for hibernate_sequence
call next value for hibernate_sequence;
2022-10-10 13:48:04.802  INFO 3923 --- [    Test worker] c.j.r.FavoriteSpotQueryRepositoryTest    : favoriteSpot = FavoriteSpot(id=612, count=0)
2022-10-10 13:48:04.802  INFO 3923 --- [    Test worker] c.j.r.FavoriteSpotQueryRepositoryTest    : Spot = capstone.jejuTourrecommend.domain.Spot@2e10dea7
2022-10-10 13:48:04.802  INFO 3923 --- [    Test worker] p6spy                                    : #1665377284802 | took 0ms | statement | connection 28| url jdbc:h2:mem:6a3784ae-1aa6-4bbf-b617-4d4aeabcc2af
call next value for hibernate_sequence
call next value for hibernate_sequence;
2022-10-10 13:48:04.802  INFO 3923 --- [    Test worker] p6spy                                    : #1665377284802 | took 0ms | statement | connection 28| url jdbc:h2:mem:6a3784ae-1aa6-4bbf-b617-4d4aeabcc2af
call next value for hibernate_sequence
call next value for hibernate_sequence;
2022-10-10 13:48:04.802  INFO 3923 --- [    Test worker] p6spy                                    : #1665377284802 | took 0ms | statement | connection 28| url jdbc:h2:mem:6a3784ae-1aa6-4bbf-b617-4d4aeabcc2af
call next value for hibernate_sequence
call next value for hibernate_sequence;
2022-10-10 13:48:04.802  INFO 3923 --- [    Test worker] p6spy                                    : #1665377284802 | took 0ms | statement | connection 28| url jdbc:h2:mem:6a3784ae-1aa6-4bbf-b617-4d4aeabcc2af
call next value for hibernate_sequence
call next value for hibernate_sequence;
2022-10-10 13:48:04.802  INFO 3923 --- [    Test worker] p6spy                                    : #1665377284802 | took 0ms | statement | connection 28| url jdbc:h2:mem:6a3784ae-1aa6-4bbf-b617-4d4aeabcc2af
call next value for hibernate_sequence
call next value for hibernate_sequence;
2022-10-10 13:48:04.802  INFO 3923 --- [    Test worker] p6spy                                    : #1665377284802 | took 0ms | statement | connection 28| url jdbc:h2:mem:6a3784ae-1aa6-4bbf-b617-4d4aeabcc2af
call next value for hibernate_sequence
call next value for hibernate_sequence;
2022-10-10 13:48:04.802  INFO 3923 --- [    Test worker] p6spy                                    : #1665377284802 | took 0ms | statement | connection 28| url jdbc:h2:mem:6a3784ae-1aa6-4bbf-b617-4d4aeabcc2af
call next value for hibernate_sequence
call next value for hibernate_sequence;
2022-10-10 13:48:04.802  INFO 3923 --- [    Test worker] p6spy                                    : #1665377284802 | took 0ms | statement | connection 28| url jdbc:h2:mem:6a3784ae-1aa6-4bbf-b617-4d4aeabcc2af
call next value for hibernate_sequence
call next value for hibernate_sequence;
2022-10-10 13:48:04.802  INFO 3923 --- [    Test worker] c.j.r.FavoriteSpotQueryRepositoryTest    : favoriteSpot = FavoriteSpot(id=613, count=0)
2022-10-10 13:48:04.802  INFO 3923 --- [    Test worker] c.j.r.FavoriteSpotQueryRepositoryTest    : Spot = capstone.jejuTourrecommend.domain.Spot@4263c818
2022-10-10 13:48:04.802  INFO 3923 --- [    Test worker] p6spy                                    : #1665377284802 | took 0ms | statement | connection 28| url jdbc:h2:mem:6a3784ae-1aa6-4bbf-b617-4d4aeabcc2af
call next value for hibernate_sequence
call next value for hibernate_sequence;
2022-10-10 13:48:04.802  INFO 3923 --- [    Test worker] p6spy                                    : #1665377284802 | took 0ms | statement | connection 28| url jdbc:h2:mem:6a3784ae-1aa6-4bbf-b617-4d4aeabcc2af
call next value for hibernate_sequence
call next value for hibernate_sequence;
2022-10-10 13:48:04.802  INFO 3923 --- [    Test worker] p6spy                                    : #1665377284802 | took 0ms | statement | connection 28| url jdbc:h2:mem:6a3784ae-1aa6-4bbf-b617-4d4aeabcc2af
call next value for hibernate_sequence
call next value for hibernate_sequence;
2022-10-10 13:48:04.802  INFO 3923 --- [    Test worker] p6spy                                    : #1665377284802 | took 0ms | statement | connection 28| url jdbc:h2:mem:6a3784ae-1aa6-4bbf-b617-4d4aeabcc2af
call next value for hibernate_sequence
call next value for hibernate_sequence;
2022-10-10 13:48:04.802  INFO 3923 --- [    Test worker] p6spy                                    : #1665377284802 | took 0ms | statement | connection 28| url jdbc:h2:mem:6a3784ae-1aa6-4bbf-b617-4d4aeabcc2af
call next value for hibernate_sequence
call next value for hibernate_sequence;
2022-10-10 13:48:04.802  INFO 3923 --- [    Test worker] p6spy                                    : #1665377284802 | took 0ms | statement | connection 28| url jdbc:h2:mem:6a3784ae-1aa6-4bbf-b617-4d4aeabcc2af
call next value for hibernate_sequence
call next value for hibernate_sequence;
2022-10-10 13:48:04.802  INFO 3923 --- [    Test worker] p6spy                                    : #1665377284802 | took 0ms | statement | connection 28| url jdbc:h2:mem:6a3784ae-1aa6-4bbf-b617-4d4aeabcc2af
call next value for hibernate_sequence
call next value for hibernate_sequence;
2022-10-10 13:48:04.802  INFO 3923 --- [    Test worker] p6spy                                    : #1665377284802 | took 0ms | statement | connection 28| url jdbc:h2:mem:6a3784ae-1aa6-4bbf-b617-4d4aeabcc2af
call next value for hibernate_sequence
call next value for hibernate_sequence;
2022-10-10 13:48:04.802  INFO 3923 --- [    Test worker] c.j.r.FavoriteSpotQueryRepositoryTest    : favoriteSpot = FavoriteSpot(id=614, count=0)
2022-10-10 13:48:04.802  INFO 3923 --- [    Test worker] c.j.r.FavoriteSpotQueryRepositoryTest    : Spot = capstone.jejuTourrecommend.domain.Spot@31cbfaa
2022-10-10 13:48:04.802  INFO 3923 --- [    Test worker] p6spy                                    : #1665377284802 | took 0ms | statement | connection 28| url jdbc:h2:mem:6a3784ae-1aa6-4bbf-b617-4d4aeabcc2af
call next value for hibernate_sequence
call next value for hibernate_sequence;
2022-10-10 13:48:04.802  INFO 3923 --- [    Test worker] p6spy                                    : #1665377284802 | took 0ms | statement | connection 28| url jdbc:h2:mem:6a3784ae-1aa6-4bbf-b617-4d4aeabcc2af
call next value for hibernate_sequence
call next value for hibernate_sequence;
2022-10-10 13:48:04.802  INFO 3923 --- [    Test worker] p6spy                                    : #1665377284802 | took 0ms | statement | connection 28| url jdbc:h2:mem:6a3784ae-1aa6-4bbf-b617-4d4aeabcc2af
call next value for hibernate_sequence
call next value for hibernate_sequence;
2022-10-10 13:48:04.802  INFO 3923 --- [    Test worker] p6spy                                    : #1665377284802 | took 0ms | statement | connection 28| url jdbc:h2:mem:6a3784ae-1aa6-4bbf-b617-4d4aeabcc2af
call next value for hibernate_sequence
call next value for hibernate_sequence;
2022-10-10 13:48:04.802  INFO 3923 --- [    Test worker] p6spy                                    : #1665377284802 | took 0ms | statement | connection 28| url jdbc:h2:mem:6a3784ae-1aa6-4bbf-b617-4d4aeabcc2af
call next value for hibernate_sequence
call next value for hibernate_sequence;
2022-10-10 13:48:04.802  INFO 3923 --- [    Test worker] p6spy                                    : #1665377284802 | took 0ms | statement | connection 28| url jdbc:h2:mem:6a3784ae-1aa6-4bbf-b617-4d4aeabcc2af
call next value for hibernate_sequence
call next value for hibernate_sequence;
2022-10-10 13:48:04.802  INFO 3923 --- [    Test worker] p6spy                                    : #1665377284802 | took 0ms | statement | connection 28| url jdbc:h2:mem:6a3784ae-1aa6-4bbf-b617-4d4aeabcc2af
call next value for hibernate_sequence
call next value for hibernate_sequence;
2022-10-10 13:48:04.802  INFO 3923 --- [    Test worker] p6spy                                    : #1665377284802 | took 0ms | statement | connection 28| url jdbc:h2:mem:6a3784ae-1aa6-4bbf-b617-4d4aeabcc2af
call next value for hibernate_sequence
call next value for hibernate_sequence;
2022-10-10 13:48:04.802  INFO 3923 --- [    Test worker] c.j.r.FavoriteSpotQueryRepositoryTest    : favoriteSpot = FavoriteSpot(id=615, count=0)
2022-10-10 13:48:04.802  INFO 3923 --- [    Test worker] c.j.r.FavoriteSpotQueryRepositoryTest    : Spot = capstone.jejuTourrecommend.domain.Spot@f24a38a
2022-10-10 13:48:04.802  INFO 3923 --- [    Test worker] p6spy                                    : #1665377284802 | took 0ms | statement | connection 28| url jdbc:h2:mem:6a3784ae-1aa6-4bbf-b617-4d4aeabcc2af
call next value for hibernate_sequence
call next value for hibernate_sequence;
2022-10-10 13:48:04.802  INFO 3923 --- [    Test worker] p6spy                                    : #1665377284802 | took 0ms | statement | connection 28| url jdbc:h2:mem:6a3784ae-1aa6-4bbf-b617-4d4aeabcc2af
call next value for hibernate_sequence
call next value for hibernate_sequence;
2022-10-10 13:48:04.802  INFO 3923 --- [    Test worker] p6spy                                    : #1665377284802 | took 0ms | statement | connection 28| url jdbc:h2:mem:6a3784ae-1aa6-4bbf-b617-4d4aeabcc2af
call next value for hibernate_sequence
call next value for hibernate_sequence;
2022-10-10 13:48:04.802  INFO 3923 --- [    Test worker] p6spy                                    : #1665377284802 | took 0ms | statement | connection 28| url jdbc:h2:mem:6a3784ae-1aa6-4bbf-b617-4d4aeabcc2af
call next value for hibernate_sequence
call next value for hibernate_sequence;
2022-10-10 13:48:04.803  INFO 3923 --- [    Test worker] p6spy                                    : #1665377284803 | took 0ms | statement | connection 28| url jdbc:h2:mem:6a3784ae-1aa6-4bbf-b617-4d4aeabcc2af
call next value for hibernate_sequence
call next value for hibernate_sequence;
2022-10-10 13:48:04.803  INFO 3923 --- [    Test worker] p6spy                                    : #1665377284803 | took 0ms | statement | connection 28| url jdbc:h2:mem:6a3784ae-1aa6-4bbf-b617-4d4aeabcc2af
call next value for hibernate_sequence
call next value for hibernate_sequence;
2022-10-10 13:48:04.803  INFO 3923 --- [    Test worker] p6spy                                    : #1665377284803 | took 0ms | statement | connection 28| url jdbc:h2:mem:6a3784ae-1aa6-4bbf-b617-4d4aeabcc2af
call next value for hibernate_sequence
call next value for hibernate_sequence;
2022-10-10 13:48:04.803  INFO 3923 --- [    Test worker] p6spy                                    : #1665377284803 | took 0ms | statement | connection 28| url jdbc:h2:mem:6a3784ae-1aa6-4bbf-b617-4d4aeabcc2af
call next value for hibernate_sequence
call next value for hibernate_sequence;
2022-10-10 13:48:04.803  INFO 3923 --- [    Test worker] c.j.r.FavoriteSpotQueryRepositoryTest    : favoriteSpot = FavoriteSpot(id=616, count=0)
2022-10-10 13:48:04.803  INFO 3923 --- [    Test worker] c.j.r.FavoriteSpotQueryRepositoryTest    : Spot = capstone.jejuTourrecommend.domain.Spot@2dc50af2
2022-10-10 13:48:04.803  INFO 3923 --- [    Test worker] p6spy                                    : #1665377284803 | took 0ms | statement | connection 28| url jdbc:h2:mem:6a3784ae-1aa6-4bbf-b617-4d4aeabcc2af
call next value for hibernate_sequence
call next value for hibernate_sequence;
2022-10-10 13:48:04.803  INFO 3923 --- [    Test worker] p6spy                                    : #1665377284803 | took 0ms | statement | connection 28| url jdbc:h2:mem:6a3784ae-1aa6-4bbf-b617-4d4aeabcc2af
call next value for hibernate_sequence
call next value for hibernate_sequence;
2022-10-10 13:48:04.803  INFO 3923 --- [    Test worker] p6spy                                    : #1665377284803 | took 0ms | statement | connection 28| url jdbc:h2:mem:6a3784ae-1aa6-4bbf-b617-4d4aeabcc2af
call next value for hibernate_sequence
call next value for hibernate_sequence;
2022-10-10 13:48:04.803  INFO 3923 --- [    Test worker] p6spy                                    : #1665377284803 | took 0ms | statement | connection 28| url jdbc:h2:mem:6a3784ae-1aa6-4bbf-b617-4d4aeabcc2af
call next value for hibernate_sequence
call next value for hibernate_sequence;
2022-10-10 13:48:04.803  INFO 3923 --- [    Test worker] p6spy                                    : #1665377284803 | took 0ms | statement | connection 28| url jdbc:h2:mem:6a3784ae-1aa6-4bbf-b617-4d4aeabcc2af
call next value for hibernate_sequence
call next value for hibernate_sequence;
2022-10-10 13:48:04.803  INFO 3923 --- [    Test worker] p6spy                                    : #1665377284803 | took 0ms | statement | connection 28| url jdbc:h2:mem:6a3784ae-1aa6-4bbf-b617-4d4aeabcc2af
call next value for hibernate_sequence
call next value for hibernate_sequence;
2022-10-10 13:48:04.803  INFO 3923 --- [    Test worker] p6spy                                    : #1665377284803 | took 0ms | statement | connection 28| url jdbc:h2:mem:6a3784ae-1aa6-4bbf-b617-4d4aeabcc2af
call next value for hibernate_sequence
call next value for hibernate_sequence;
2022-10-10 13:48:04.803  INFO 3923 --- [    Test worker] p6spy                                    : #1665377284803 | took 0ms | statement | connection 28| url jdbc:h2:mem:6a3784ae-1aa6-4bbf-b617-4d4aeabcc2af
call next value for hibernate_sequence
call next value for hibernate_sequence;
2022-10-10 13:48:04.803  INFO 3923 --- [    Test worker] c.j.r.FavoriteSpotQueryRepositoryTest    : favoriteSpot = FavoriteSpot(id=617, count=0)
2022-10-10 13:48:04.803  INFO 3923 --- [    Test worker] c.j.r.FavoriteSpotQueryRepositoryTest    : Spot = capstone.jejuTourrecommend.domain.Spot@10fb3ecc
2022-10-10 13:48:04.803  INFO 3923 --- [    Test worker] p6spy                                    : #1665377284803 | took 0ms | statement | connection 28| url jdbc:h2:mem:6a3784ae-1aa6-4bbf-b617-4d4aeabcc2af
call next value for hibernate_sequence
call next value for hibernate_sequence;
2022-10-10 13:48:04.803  INFO 3923 --- [    Test worker] p6spy                                    : #1665377284803 | took 0ms | statement | connection 28| url jdbc:h2:mem:6a3784ae-1aa6-4bbf-b617-4d4aeabcc2af
call next value for hibernate_sequence
call next value for hibernate_sequence;
2022-10-10 13:48:04.803  INFO 3923 --- [    Test worker] p6spy                                    : #1665377284803 | took 0ms | statement | connection 28| url jdbc:h2:mem:6a3784ae-1aa6-4bbf-b617-4d4aeabcc2af
call next value for hibernate_sequence
call next value for hibernate_sequence;
2022-10-10 13:48:04.803  INFO 3923 --- [    Test worker] p6spy                                    : #1665377284803 | took 0ms | statement | connection 28| url jdbc:h2:mem:6a3784ae-1aa6-4bbf-b617-4d4aeabcc2af
call next value for hibernate_sequence
call next value for hibernate_sequence;
2022-10-10 13:48:04.803  INFO 3923 --- [    Test worker] p6spy                                    : #1665377284803 | took 0ms | statement | connection 28| url jdbc:h2:mem:6a3784ae-1aa6-4bbf-b617-4d4aeabcc2af
call next value for hibernate_sequence
call next value for hibernate_sequence;
2022-10-10 13:48:04.803  INFO 3923 --- [    Test worker] p6spy                                    : #1665377284803 | took 0ms | statement | connection 28| url jdbc:h2:mem:6a3784ae-1aa6-4bbf-b617-4d4aeabcc2af
call next value for hibernate_sequence
call next value for hibernate_sequence;
2022-10-10 13:48:04.803  INFO 3923 --- [    Test worker] p6spy                                    : #1665377284803 | took 0ms | statement | connection 28| url jdbc:h2:mem:6a3784ae-1aa6-4bbf-b617-4d4aeabcc2af
call next value for hibernate_sequence
call next value for hibernate_sequence;
2022-10-10 13:48:04.803  INFO 3923 --- [    Test worker] p6spy                                    : #1665377284803 | took 0ms | statement | connection 28| url jdbc:h2:mem:6a3784ae-1aa6-4bbf-b617-4d4aeabcc2af
call next value for hibernate_sequence
call next value for hibernate_sequence;
2022-10-10 13:48:04.803  INFO 3923 --- [    Test worker] c.j.r.FavoriteSpotQueryRepositoryTest    : favoriteSpot = FavoriteSpot(id=618, count=0)
2022-10-10 13:48:04.803  INFO 3923 --- [    Test worker] c.j.r.FavoriteSpotQueryRepositoryTest    : Spot = capstone.jejuTourrecommend.domain.Spot@400d3ef
2022-10-10 13:48:04.803  INFO 3923 --- [    Test worker] p6spy                                    : #1665377284803 | took 0ms | statement | connection 28| url jdbc:h2:mem:6a3784ae-1aa6-4bbf-b617-4d4aeabcc2af
call next value for hibernate_sequence
call next value for hibernate_sequence;
2022-10-10 13:48:04.803  INFO 3923 --- [    Test worker] p6spy                                    : #1665377284803 | took 0ms | statement | connection 28| url jdbc:h2:mem:6a3784ae-1aa6-4bbf-b617-4d4aeabcc2af
call next value for hibernate_sequence
call next value for hibernate_sequence;
2022-10-10 13:48:04.803  INFO 3923 --- [    Test worker] p6spy                                    : #1665377284803 | took 0ms | statement | connection 28| url jdbc:h2:mem:6a3784ae-1aa6-4bbf-b617-4d4aeabcc2af
call next value for hibernate_sequence
call next value for hibernate_sequence;
2022-10-10 13:48:04.803  INFO 3923 --- [    Test worker] p6spy                                    : #1665377284803 | took 0ms | statement | connection 28| url jdbc:h2:mem:6a3784ae-1aa6-4bbf-b617-4d4aeabcc2af
call next value for hibernate_sequence
call next value for hibernate_sequence;
2022-10-10 13:48:04.803  INFO 3923 --- [    Test worker] p6spy                                    : #1665377284803 | took 0ms | statement | connection 28| url jdbc:h2:mem:6a3784ae-1aa6-4bbf-b617-4d4aeabcc2af
call next value for hibernate_sequence
call next value for hibernate_sequence;
2022-10-10 13:48:04.803  INFO 3923 --- [    Test worker] p6spy                                    : #1665377284803 | took 0ms | statement | connection 28| url jdbc:h2:mem:6a3784ae-1aa6-4bbf-b617-4d4aeabcc2af
call next value for hibernate_sequence
call next value for hibernate_sequence;
2022-10-10 13:48:04.803  INFO 3923 --- [    Test worker] p6spy                                    : #1665377284803 | took 0ms | statement | connection 28| url jdbc:h2:mem:6a3784ae-1aa6-4bbf-b617-4d4aeabcc2af
call next value for hibernate_sequence
call next value for hibernate_sequence;
2022-10-10 13:48:04.803  INFO 3923 --- [    Test worker] p6spy                                    : #1665377284803 | took 0ms | statement | connection 28| url jdbc:h2:mem:6a3784ae-1aa6-4bbf-b617-4d4aeabcc2af
call next value for hibernate_sequence
call next value for hibernate_sequence;
2022-10-10 13:48:04.803  INFO 3923 --- [    Test worker] c.j.r.FavoriteSpotQueryRepositoryTest    : favoriteSpot = FavoriteSpot(id=619, count=0)
2022-10-10 13:48:04.803  INFO 3923 --- [    Test worker] c.j.r.FavoriteSpotQueryRepositoryTest    : Spot = capstone.jejuTourrecommend.domain.Spot@3eb8c269
2022-10-10 13:48:04.803  INFO 3923 --- [    Test worker] p6spy                                    : #1665377284803 | took 0ms | statement | connection 28| url jdbc:h2:mem:6a3784ae-1aa6-4bbf-b617-4d4aeabcc2af
call next value for hibernate_sequence
call next value for hibernate_sequence;
2022-10-10 13:48:04.803  INFO 3923 --- [    Test worker] p6spy                                    : #1665377284803 | took 0ms | statement | connection 28| url jdbc:h2:mem:6a3784ae-1aa6-4bbf-b617-4d4aeabcc2af
call next value for hibernate_sequence
call next value for hibernate_sequence;
2022-10-10 13:48:04.803  INFO 3923 --- [    Test worker] p6spy                                    : #1665377284803 | took 0ms | statement | connection 28| url jdbc:h2:mem:6a3784ae-1aa6-4bbf-b617-4d4aeabcc2af
call next value for hibernate_sequence
call next value for hibernate_sequence;
2022-10-10 13:48:04.803  INFO 3923 --- [    Test worker] p6spy                                    : #1665377284803 | took 0ms | statement | connection 28| url jdbc:h2:mem:6a3784ae-1aa6-4bbf-b617-4d4aeabcc2af
call next value for spot_seq
call next value for spot_seq;
2022-10-10 13:48:04.803  INFO 3923 --- [    Test worker] p6spy                                    : #1665377284803 | took 0ms | statement | connection 28| url jdbc:h2:mem:6a3784ae-1aa6-4bbf-b617-4d4aeabcc2af
call next value for hibernate_sequence
call next value for hibernate_sequence;
2022-10-10 13:48:04.803  INFO 3923 --- [    Test worker] p6spy                                    : #1665377284803 | took 0ms | statement | connection 28| url jdbc:h2:mem:6a3784ae-1aa6-4bbf-b617-4d4aeabcc2af
call next value for hibernate_sequence
call next value for hibernate_sequence;
2022-10-10 13:48:04.803  INFO 3923 --- [    Test worker] p6spy                                    : #1665377284803 | took 0ms | statement | connection 28| url jdbc:h2:mem:6a3784ae-1aa6-4bbf-b617-4d4aeabcc2af
call next value for hibernate_sequence
call next value for hibernate_sequence;
2022-10-10 13:48:04.803  INFO 3923 --- [    Test worker] p6spy                                    : #1665377284803 | took 0ms | statement | connection 28| url jdbc:h2:mem:6a3784ae-1aa6-4bbf-b617-4d4aeabcc2af
call next value for hibernate_sequence
call next value for hibernate_sequence;
2022-10-10 13:48:04.803  INFO 3923 --- [    Test worker] p6spy                                    : #1665377284803 | took 0ms | statement | connection 28| url jdbc:h2:mem:6a3784ae-1aa6-4bbf-b617-4d4aeabcc2af
call next value for hibernate_sequence
call next value for hibernate_sequence;
2022-10-10 13:48:04.804  INFO 3923 --- [    Test worker] c.j.r.FavoriteSpotQueryRepositoryTest    : favoriteSpot = FavoriteSpot(id=620, count=0)
2022-10-10 13:48:04.804  INFO 3923 --- [    Test worker] c.j.r.FavoriteSpotQueryRepositoryTest    : Spot = capstone.jejuTourrecommend.domain.Spot@287b487
2022-10-10 13:48:04.804  INFO 3923 --- [    Test worker] p6spy                                    : #1665377284804 | took 0ms | statement | connection 28| url jdbc:h2:mem:6a3784ae-1aa6-4bbf-b617-4d4aeabcc2af
call next value for hibernate_sequence
call next value for hibernate_sequence;
2022-10-10 13:48:04.804  INFO 3923 --- [    Test worker] p6spy                                    : #1665377284804 | took 0ms | statement | connection 28| url jdbc:h2:mem:6a3784ae-1aa6-4bbf-b617-4d4aeabcc2af
call next value for hibernate_sequence
call next value for hibernate_sequence;
2022-10-10 13:48:04.804  INFO 3923 --- [    Test worker] p6spy                                    : #1665377284804 | took 0ms | statement | connection 28| url jdbc:h2:mem:6a3784ae-1aa6-4bbf-b617-4d4aeabcc2af
call next value for hibernate_sequence
call next value for hibernate_sequence;
2022-10-10 13:48:04.804  INFO 3923 --- [    Test worker] p6spy                                    : #1665377284804 | took 0ms | statement | connection 28| url jdbc:h2:mem:6a3784ae-1aa6-4bbf-b617-4d4aeabcc2af
call next value for hibernate_sequence
call next value for hibernate_sequence;
2022-10-10 13:48:04.804  INFO 3923 --- [    Test worker] p6spy                                    : #1665377284804 | took 0ms | statement | connection 28| url jdbc:h2:mem:6a3784ae-1aa6-4bbf-b617-4d4aeabcc2af
call next value for hibernate_sequence
call next value for hibernate_sequence;
2022-10-10 13:48:04.804  INFO 3923 --- [    Test worker] p6spy                                    : #1665377284804 | took 0ms | statement | connection 28| url jdbc:h2:mem:6a3784ae-1aa6-4bbf-b617-4d4aeabcc2af
call next value for hibernate_sequence
call next value for hibernate_sequence;
2022-10-10 13:48:04.804  INFO 3923 --- [    Test worker] p6spy                                    : #1665377284804 | took 0ms | statement | connection 28| url jdbc:h2:mem:6a3784ae-1aa6-4bbf-b617-4d4aeabcc2af
call next value for hibernate_sequence
call next value for hibernate_sequence;
2022-10-10 13:48:04.804  INFO 3923 --- [    Test worker] p6spy                                    : #1665377284804 | took 0ms | statement | connection 28| url jdbc:h2:mem:6a3784ae-1aa6-4bbf-b617-4d4aeabcc2af
call next value for hibernate_sequence
call next value for hibernate_sequence;
2022-10-10 13:48:04.804  INFO 3923 --- [    Test worker] c.j.r.FavoriteSpotQueryRepositoryTest    : favoriteSpot = FavoriteSpot(id=621, count=0)
2022-10-10 13:48:04.804  INFO 3923 --- [    Test worker] c.j.r.FavoriteSpotQueryRepositoryTest    : Spot = capstone.jejuTourrecommend.domain.Spot@3fa0fadc
2022-10-10 13:48:04.804  INFO 3923 --- [    Test worker] p6spy                                    : #1665377284804 | took 0ms | statement | connection 28| url jdbc:h2:mem:6a3784ae-1aa6-4bbf-b617-4d4aeabcc2af
call next value for hibernate_sequence
call next value for hibernate_sequence;
2022-10-10 13:48:04.804  INFO 3923 --- [    Test worker] p6spy                                    : #1665377284804 | took 0ms | statement | connection 28| url jdbc:h2:mem:6a3784ae-1aa6-4bbf-b617-4d4aeabcc2af
call next value for hibernate_sequence
call next value for hibernate_sequence;
2022-10-10 13:48:04.804  INFO 3923 --- [    Test worker] p6spy                                    : #1665377284804 | took 0ms | statement | connection 28| url jdbc:h2:mem:6a3784ae-1aa6-4bbf-b617-4d4aeabcc2af
call next value for hibernate_sequence
call next value for hibernate_sequence;
2022-10-10 13:48:04.804  INFO 3923 --- [    Test worker] p6spy                                    : #1665377284804 | took 0ms | statement | connection 28| url jdbc:h2:mem:6a3784ae-1aa6-4bbf-b617-4d4aeabcc2af
call next value for hibernate_sequence
call next value for hibernate_sequence;
2022-10-10 13:48:04.804  INFO 3923 --- [    Test worker] p6spy                                    : #1665377284804 | took 0ms | statement | connection 28| url jdbc:h2:mem:6a3784ae-1aa6-4bbf-b617-4d4aeabcc2af
call next value for hibernate_sequence
call next value for hibernate_sequence;
2022-10-10 13:48:04.804  INFO 3923 --- [    Test worker] p6spy                                    : #1665377284804 | took 0ms | statement | connection 28| url jdbc:h2:mem:6a3784ae-1aa6-4bbf-b617-4d4aeabcc2af
call next value for hibernate_sequence
call next value for hibernate_sequence;
2022-10-10 13:48:04.804  INFO 3923 --- [    Test worker] p6spy                                    : #1665377284804 | took 0ms | statement | connection 28| url jdbc:h2:mem:6a3784ae-1aa6-4bbf-b617-4d4aeabcc2af
call next value for hibernate_sequence
call next value for hibernate_sequence;
2022-10-10 13:48:04.804  INFO 3923 --- [    Test worker] p6spy                                    : #1665377284804 | took 0ms | statement | connection 28| url jdbc:h2:mem:6a3784ae-1aa6-4bbf-b617-4d4aeabcc2af
call next value for hibernate_sequence
call next value for hibernate_sequence;
2022-10-10 13:48:04.804  INFO 3923 --- [    Test worker] c.j.r.FavoriteSpotQueryRepositoryTest    : favoriteSpot = FavoriteSpot(id=622, count=0)
2022-10-10 13:48:04.804  INFO 3923 --- [    Test worker] c.j.r.FavoriteSpotQueryRepositoryTest    : Spot = capstone.jejuTourrecommend.domain.Spot@78bb9a6d
2022-10-10 13:48:04.804  INFO 3923 --- [    Test worker] p6spy                                    : #1665377284804 | took 0ms | statement | connection 28| url jdbc:h2:mem:6a3784ae-1aa6-4bbf-b617-4d4aeabcc2af
call next value for hibernate_sequence
call next value for hibernate_sequence;
2022-10-10 13:48:04.804  INFO 3923 --- [    Test worker] p6spy                                    : #1665377284804 | took 0ms | statement | connection 28| url jdbc:h2:mem:6a3784ae-1aa6-4bbf-b617-4d4aeabcc2af
call next value for hibernate_sequence
call next value for hibernate_sequence;
2022-10-10 13:48:04.804  INFO 3923 --- [    Test worker] p6spy                                    : #1665377284804 | took 0ms | statement | connection 28| url jdbc:h2:mem:6a3784ae-1aa6-4bbf-b617-4d4aeabcc2af
call next value for hibernate_sequence
call next value for hibernate_sequence;
2022-10-10 13:48:04.804  INFO 3923 --- [    Test worker] p6spy                                    : #1665377284804 | took 0ms | statement | connection 28| url jdbc:h2:mem:6a3784ae-1aa6-4bbf-b617-4d4aeabcc2af
call next value for hibernate_sequence
call next value for hibernate_sequence;
2022-10-10 13:48:04.804  INFO 3923 --- [    Test worker] p6spy                                    : #1665377284804 | took 0ms | statement | connection 28| url jdbc:h2:mem:6a3784ae-1aa6-4bbf-b617-4d4aeabcc2af
call next value for hibernate_sequence
call next value for hibernate_sequence;
2022-10-10 13:48:04.804  INFO 3923 --- [    Test worker] p6spy                                    : #1665377284804 | took 0ms | statement | connection 28| url jdbc:h2:mem:6a3784ae-1aa6-4bbf-b617-4d4aeabcc2af
call next value for hibernate_sequence
call next value for hibernate_sequence;
2022-10-10 13:48:04.804  INFO 3923 --- [    Test worker] p6spy                                    : #1665377284804 | took 0ms | statement | connection 28| url jdbc:h2:mem:6a3784ae-1aa6-4bbf-b617-4d4aeabcc2af
call next value for hibernate_sequence
call next value for hibernate_sequence;
2022-10-10 13:48:04.804  INFO 3923 --- [    Test worker] p6spy                                    : #1665377284804 | took 0ms | statement | connection 28| url jdbc:h2:mem:6a3784ae-1aa6-4bbf-b617-4d4aeabcc2af
call next value for hibernate_sequence
call next value for hibernate_sequence;
2022-10-10 13:48:04.804  INFO 3923 --- [    Test worker] c.j.r.FavoriteSpotQueryRepositoryTest    : favoriteSpot = FavoriteSpot(id=623, count=0)
2022-10-10 13:48:04.804  INFO 3923 --- [    Test worker] c.j.r.FavoriteSpotQueryRepositoryTest    : Spot = capstone.jejuTourrecommend.domain.Spot@11ef50fa
2022-10-10 13:48:04.804  INFO 3923 --- [    Test worker] p6spy                                    : #1665377284804 | took 0ms | statement | connection 28| url jdbc:h2:mem:6a3784ae-1aa6-4bbf-b617-4d4aeabcc2af
call next value for hibernate_sequence
call next value for hibernate_sequence;
2022-10-10 13:48:04.804  INFO 3923 --- [    Test worker] p6spy                                    : #1665377284804 | took 0ms | statement | connection 28| url jdbc:h2:mem:6a3784ae-1aa6-4bbf-b617-4d4aeabcc2af
call next value for hibernate_sequence
call next value for hibernate_sequence;
2022-10-10 13:48:04.804  INFO 3923 --- [    Test worker] p6spy                                    : #1665377284804 | took 0ms | statement | connection 28| url jdbc:h2:mem:6a3784ae-1aa6-4bbf-b617-4d4aeabcc2af
call next value for hibernate_sequence
call next value for hibernate_sequence;
2022-10-10 13:48:04.804  INFO 3923 --- [    Test worker] p6spy                                    : #1665377284804 | took 0ms | statement | connection 28| url jdbc:h2:mem:6a3784ae-1aa6-4bbf-b617-4d4aeabcc2af
call next value for hibernate_sequence
call next value for hibernate_sequence;
2022-10-10 13:48:04.804  INFO 3923 --- [    Test worker] p6spy                                    : #1665377284804 | took 0ms | statement | connection 28| url jdbc:h2:mem:6a3784ae-1aa6-4bbf-b617-4d4aeabcc2af
call next value for hibernate_sequence
call next value for hibernate_sequence;
2022-10-10 13:48:04.804  INFO 3923 --- [    Test worker] p6spy                                    : #1665377284804 | took 0ms | statement | connection 28| url jdbc:h2:mem:6a3784ae-1aa6-4bbf-b617-4d4aeabcc2af
call next value for hibernate_sequence
call next value for hibernate_sequence;
2022-10-10 13:48:04.804  INFO 3923 --- [    Test worker] p6spy                                    : #1665377284804 | took 0ms | statement | connection 28| url jdbc:h2:mem:6a3784ae-1aa6-4bbf-b617-4d4aeabcc2af
call next value for hibernate_sequence
call next value for hibernate_sequence;
2022-10-10 13:48:04.804  INFO 3923 --- [    Test worker] p6spy                                    : #1665377284804 | took 0ms | statement | connection 28| url jdbc:h2:mem:6a3784ae-1aa6-4bbf-b617-4d4aeabcc2af
call next value for hibernate_sequence
call next value for hibernate_sequence;
2022-10-10 13:48:04.805  INFO 3923 --- [    Test worker] c.j.r.FavoriteSpotQueryRepositoryTest    : favoriteSpot = FavoriteSpot(id=624, count=0)
2022-10-10 13:48:04.805  INFO 3923 --- [    Test worker] c.j.r.FavoriteSpotQueryRepositoryTest    : Spot = capstone.jejuTourrecommend.domain.Spot@7aa708cc
2022-10-10 13:48:04.805  INFO 3923 --- [    Test worker] p6spy                                    : #1665377284805 | took 0ms | statement | connection 28| url jdbc:h2:mem:6a3784ae-1aa6-4bbf-b617-4d4aeabcc2af
call next value for hibernate_sequence
call next value for hibernate_sequence;
2022-10-10 13:48:04.805  INFO 3923 --- [    Test worker] p6spy                                    : #1665377284805 | took 0ms | statement | connection 28| url jdbc:h2:mem:6a3784ae-1aa6-4bbf-b617-4d4aeabcc2af
call next value for hibernate_sequence
call next value for hibernate_sequence;
2022-10-10 13:48:04.805  INFO 3923 --- [    Test worker] p6spy                                    : #1665377284805 | took 0ms | statement | connection 28| url jdbc:h2:mem:6a3784ae-1aa6-4bbf-b617-4d4aeabcc2af
call next value for hibernate_sequence
call next value for hibernate_sequence;
2022-10-10 13:48:04.805  INFO 3923 --- [    Test worker] p6spy                                    : #1665377284805 | took 0ms | statement | connection 28| url jdbc:h2:mem:6a3784ae-1aa6-4bbf-b617-4d4aeabcc2af
call next value for hibernate_sequence
call next value for hibernate_sequence;
2022-10-10 13:48:04.805  INFO 3923 --- [    Test worker] p6spy                                    : #1665377284805 | took 0ms | statement | connection 28| url jdbc:h2:mem:6a3784ae-1aa6-4bbf-b617-4d4aeabcc2af
call next value for hibernate_sequence
call next value for hibernate_sequence;
2022-10-10 13:48:04.805  INFO 3923 --- [    Test worker] p6spy                                    : #1665377284805 | took 0ms | statement | connection 28| url jdbc:h2:mem:6a3784ae-1aa6-4bbf-b617-4d4aeabcc2af
call next value for hibernate_sequence
call next value for hibernate_sequence;
2022-10-10 13:48:04.805  INFO 3923 --- [    Test worker] p6spy                                    : #1665377284805 | took 0ms | statement | connection 28| url jdbc:h2:mem:6a3784ae-1aa6-4bbf-b617-4d4aeabcc2af
call next value for hibernate_sequence
call next value for hibernate_sequence;
2022-10-10 13:48:04.805  INFO 3923 --- [    Test worker] p6spy                                    : #1665377284805 | took 0ms | statement | connection 28| url jdbc:h2:mem:6a3784ae-1aa6-4bbf-b617-4d4aeabcc2af
call next value for hibernate_sequence
call next value for hibernate_sequence;
2022-10-10 13:48:04.805  INFO 3923 --- [    Test worker] c.j.r.FavoriteSpotQueryRepositoryTest    : favoriteSpot = FavoriteSpot(id=625, count=0)
2022-10-10 13:48:04.805  INFO 3923 --- [    Test worker] c.j.r.FavoriteSpotQueryRepositoryTest    : Spot = capstone.jejuTourrecommend.domain.Spot@2b980d86
2022-10-10 13:48:04.805  INFO 3923 --- [    Test worker] p6spy                                    : #1665377284805 | took 0ms | statement | connection 28| url jdbc:h2:mem:6a3784ae-1aa6-4bbf-b617-4d4aeabcc2af
call next value for hibernate_sequence
call next value for hibernate_sequence;
2022-10-10 13:48:04.805  INFO 3923 --- [    Test worker] p6spy                                    : #1665377284805 | took 0ms | statement | connection 28| url jdbc:h2:mem:6a3784ae-1aa6-4bbf-b617-4d4aeabcc2af
call next value for hibernate_sequence
call next value for hibernate_sequence;
2022-10-10 13:48:04.805  INFO 3923 --- [    Test worker] p6spy                                    : #1665377284805 | took 0ms | statement | connection 28| url jdbc:h2:mem:6a3784ae-1aa6-4bbf-b617-4d4aeabcc2af
call next value for hibernate_sequence
call next value for hibernate_sequence;
2022-10-10 13:48:04.805  INFO 3923 --- [    Test worker] p6spy                                    : #1665377284805 | took 0ms | statement | connection 28| url jdbc:h2:mem:6a3784ae-1aa6-4bbf-b617-4d4aeabcc2af
call next value for hibernate_sequence
call next value for hibernate_sequence;
2022-10-10 13:48:04.805  INFO 3923 --- [    Test worker] p6spy                                    : #1665377284805 | took 0ms | statement | connection 28| url jdbc:h2:mem:6a3784ae-1aa6-4bbf-b617-4d4aeabcc2af
call next value for hibernate_sequence
call next value for hibernate_sequence;
2022-10-10 13:48:04.805  INFO 3923 --- [    Test worker] p6spy                                    : #1665377284805 | took 0ms | statement | connection 28| url jdbc:h2:mem:6a3784ae-1aa6-4bbf-b617-4d4aeabcc2af
call next value for hibernate_sequence
call next value for hibernate_sequence;
2022-10-10 13:48:04.805  INFO 3923 --- [    Test worker] p6spy                                    : #1665377284805 | took 0ms | statement | connection 28| url jdbc:h2:mem:6a3784ae-1aa6-4bbf-b617-4d4aeabcc2af
call next value for hibernate_sequence
call next value for hibernate_sequence;
2022-10-10 13:48:04.805  INFO 3923 --- [    Test worker] p6spy                                    : #1665377284805 | took 0ms | statement | connection 28| url jdbc:h2:mem:6a3784ae-1aa6-4bbf-b617-4d4aeabcc2af
call next value for hibernate_sequence
call next value for hibernate_sequence;
2022-10-10 13:48:04.805  INFO 3923 --- [    Test worker] c.j.r.FavoriteSpotQueryRepositoryTest    : favoriteSpot = FavoriteSpot(id=626, count=0)
2022-10-10 13:48:04.805  INFO 3923 --- [    Test worker] c.j.r.FavoriteSpotQueryRepositoryTest    : Spot = capstone.jejuTourrecommend.domain.Spot@3b7d3d05
2022-10-10 13:48:04.805  INFO 3923 --- [    Test worker] p6spy                                    : #1665377284805 | took 0ms | statement | connection 28| url jdbc:h2:mem:6a3784ae-1aa6-4bbf-b617-4d4aeabcc2af
call next value for hibernate_sequence
call next value for hibernate_sequence;
2022-10-10 13:48:04.805  INFO 3923 --- [    Test worker] p6spy                                    : #1665377284805 | took 0ms | statement | connection 28| url jdbc:h2:mem:6a3784ae-1aa6-4bbf-b617-4d4aeabcc2af
call next value for hibernate_sequence
call next value for hibernate_sequence;
2022-10-10 13:48:04.805  INFO 3923 --- [    Test worker] p6spy                                    : #1665377284805 | took 0ms | statement | connection 28| url jdbc:h2:mem:6a3784ae-1aa6-4bbf-b617-4d4aeabcc2af
call next value for hibernate_sequence
call next value for hibernate_sequence;
2022-10-10 13:48:04.805  INFO 3923 --- [    Test worker] p6spy                                    : #1665377284805 | took 0ms | statement | connection 28| url jdbc:h2:mem:6a3784ae-1aa6-4bbf-b617-4d4aeabcc2af
call next value for hibernate_sequence
call next value for hibernate_sequence;
2022-10-10 13:48:04.805  INFO 3923 --- [    Test worker] p6spy                                    : #1665377284805 | took 0ms | statement | connection 28| url jdbc:h2:mem:6a3784ae-1aa6-4bbf-b617-4d4aeabcc2af
call next value for hibernate_sequence
call next value for hibernate_sequence;
2022-10-10 13:48:04.805  INFO 3923 --- [    Test worker] p6spy                                    : #1665377284805 | took 0ms | statement | connection 28| url jdbc:h2:mem:6a3784ae-1aa6-4bbf-b617-4d4aeabcc2af
call next value for hibernate_sequence
call next value for hibernate_sequence;
2022-10-10 13:48:04.805  INFO 3923 --- [    Test worker] p6spy                                    : #1665377284805 | took 0ms | statement | connection 28| url jdbc:h2:mem:6a3784ae-1aa6-4bbf-b617-4d4aeabcc2af
call next value for hibernate_sequence
call next value for hibernate_sequence;
2022-10-10 13:48:04.805  INFO 3923 --- [    Test worker] p6spy                                    : #1665377284805 | took 0ms | statement | connection 28| url jdbc:h2:mem:6a3784ae-1aa6-4bbf-b617-4d4aeabcc2af
call next value for hibernate_sequence
call next value for hibernate_sequence;
2022-10-10 13:48:04.805  INFO 3923 --- [    Test worker] c.j.r.FavoriteSpotQueryRepositoryTest    : favoriteSpot = FavoriteSpot(id=627, count=0)
2022-10-10 13:48:04.805  INFO 3923 --- [    Test worker] c.j.r.FavoriteSpotQueryRepositoryTest    : Spot = capstone.jejuTourrecommend.domain.Spot@64c33723
2022-10-10 13:48:04.805  INFO 3923 --- [    Test worker] p6spy                                    : #1665377284805 | took 0ms | statement | connection 28| url jdbc:h2:mem:6a3784ae-1aa6-4bbf-b617-4d4aeabcc2af
call next value for hibernate_sequence
call next value for hibernate_sequence;
2022-10-10 13:48:04.805  INFO 3923 --- [    Test worker] p6spy                                    : #1665377284805 | took 0ms | statement | connection 28| url jdbc:h2:mem:6a3784ae-1aa6-4bbf-b617-4d4aeabcc2af
call next value for hibernate_sequence
call next value for hibernate_sequence;
2022-10-10 13:48:04.805  INFO 3923 --- [    Test worker] p6spy                                    : #1665377284805 | took 0ms | statement | connection 28| url jdbc:h2:mem:6a3784ae-1aa6-4bbf-b617-4d4aeabcc2af
call next value for hibernate_sequence
call next value for hibernate_sequence;
2022-10-10 13:48:04.805  INFO 3923 --- [    Test worker] p6spy                                    : #1665377284805 | took 0ms | statement | connection 28| url jdbc:h2:mem:6a3784ae-1aa6-4bbf-b617-4d4aeabcc2af
call next value for hibernate_sequence
call next value for hibernate_sequence;
2022-10-10 13:48:04.805  INFO 3923 --- [    Test worker] p6spy                                    : #1665377284805 | took 0ms | statement | connection 28| url jdbc:h2:mem:6a3784ae-1aa6-4bbf-b617-4d4aeabcc2af
call next value for review_seq
call next value for review_seq;
2022-10-10 13:48:04.805  INFO 3923 --- [    Test worker] p6spy                                    : #1665377284805 | took 0ms | statement | connection 28| url jdbc:h2:mem:6a3784ae-1aa6-4bbf-b617-4d4aeabcc2af
call next value for hibernate_sequence
call next value for hibernate_sequence;
2022-10-10 13:48:04.805  INFO 3923 --- [    Test worker] p6spy                                    : #1665377284805 | took 0ms | statement | connection 28| url jdbc:h2:mem:6a3784ae-1aa6-4bbf-b617-4d4aeabcc2af
call next value for hibernate_sequence
call next value for hibernate_sequence;
2022-10-10 13:48:04.805  INFO 3923 --- [    Test worker] p6spy                                    : #1665377284805 | took 0ms | statement | connection 28| url jdbc:h2:mem:6a3784ae-1aa6-4bbf-b617-4d4aeabcc2af
call next value for hibernate_sequence
call next value for hibernate_sequence;
2022-10-10 13:48:04.805  INFO 3923 --- [    Test worker] p6spy                                    : #1665377284805 | took 0ms | statement | connection 28| url jdbc:h2:mem:6a3784ae-1aa6-4bbf-b617-4d4aeabcc2af
call next value for hibernate_sequence
call next value for hibernate_sequence;
2022-10-10 13:48:04.805  INFO 3923 --- [    Test worker] c.j.r.FavoriteSpotQueryRepositoryTest    : favoriteSpot = FavoriteSpot(id=628, count=0)
2022-10-10 13:48:04.805  INFO 3923 --- [    Test worker] c.j.r.FavoriteSpotQueryRepositoryTest    : Spot = capstone.jejuTourrecommend.domain.Spot@5ecbcc30
2022-10-10 13:48:04.805  INFO 3923 --- [    Test worker] p6spy                                    : #1665377284805 | took 0ms | statement | connection 28| url jdbc:h2:mem:6a3784ae-1aa6-4bbf-b617-4d4aeabcc2af
call next value for score_seq
call next value for score_seq;
2022-10-10 13:48:04.805  INFO 3923 --- [    Test worker] p6spy                                    : #1665377284805 | took 0ms | statement | connection 28| url jdbc:h2:mem:6a3784ae-1aa6-4bbf-b617-4d4aeabcc2af
call next value for hibernate_sequence
call next value for hibernate_sequence;
2022-10-10 13:48:04.805  INFO 3923 --- [    Test worker] p6spy                                    : #1665377284805 | took 0ms | statement | connection 28| url jdbc:h2:mem:6a3784ae-1aa6-4bbf-b617-4d4aeabcc2af
call next value for hibernate_sequence
call next value for hibernate_sequence;
2022-10-10 13:48:04.805  INFO 3923 --- [    Test worker] p6spy                                    : #1665377284805 | took 0ms | statement | connection 28| url jdbc:h2:mem:6a3784ae-1aa6-4bbf-b617-4d4aeabcc2af
call next value for hibernate_sequence
call next value for hibernate_sequence;
2022-10-10 13:48:04.805  INFO 3923 --- [    Test worker] p6spy                                    : #1665377284805 | took 0ms | statement | connection 28| url jdbc:h2:mem:6a3784ae-1aa6-4bbf-b617-4d4aeabcc2af
call next value for hibernate_sequence
call next value for hibernate_sequence;
2022-10-10 13:48:04.807  INFO 3923 --- [    Test worker] p6spy                                    : #1665377284807 | took 0ms | statement | connection 28| url jdbc:h2:mem:6a3784ae-1aa6-4bbf-b617-4d4aeabcc2af
insert into member (created_date, last_modified_date, created_by, last_modified_by, email, password, refresh_token, role, username, member_id) values (?, ?, ?, ?, ?, ?, ?, ?, ?, ?)
insert into member (created_date, last_modified_date, created_by, last_modified_by, email, password, refresh_token, role, username, member_id) values ('2022-10-10T13:48:04.794+0900', '2022-10-10T13:48:04.794+0900', 'caad2d4d-4c21-4799-9589-6e78a6ab923c', 'caad2d4d-4c21-4799-9589-6e78a6ab923c', 'member1@gmail.com', '1234', NULL, NULL, 'member1', 24);
2022-10-10 13:48:04.807  INFO 3923 --- [    Test worker] p6spy                                    : #1665377284807 | took 0ms | statement | connection 28| url jdbc:h2:mem:6a3784ae-1aa6-4bbf-b617-4d4aeabcc2af
insert into member (created_date, last_modified_date, created_by, last_modified_by, email, password, refresh_token, role, username, member_id) values (?, ?, ?, ?, ?, ?, ?, ?, ?, ?)
insert into member (created_date, last_modified_date, created_by, last_modified_by, email, password, refresh_token, role, username, member_id) values ('2022-10-10T13:48:04.794+0900', '2022-10-10T13:48:04.794+0900', '9bebd918-493b-4838-81a5-9e15edfe8627', '9bebd918-493b-4838-81a5-9e15edfe8627', 'member2@naver.com', '2345', NULL, NULL, 'member2', 25);
2022-10-10 13:48:04.807  INFO 3923 --- [    Test worker] p6spy                                    : #1665377284807 | took 0ms | statement | connection 28| url jdbc:h2:mem:6a3784ae-1aa6-4bbf-b617-4d4aeabcc2af
insert into favorite (member_id, name, favorite_id) values (?, ?, ?)
insert into favorite (member_id, name, favorite_id) values (24, '1일차', 44);
2022-10-10 13:48:04.807  INFO 3923 --- [    Test worker] p6spy                                    : #1665377284807 | took 0ms | statement | connection 28| url jdbc:h2:mem:6a3784ae-1aa6-4bbf-b617-4d4aeabcc2af
insert into score (facility_rank, facility_score, price_rank, price_score, rank_average, surround_rank, surround_score, view_rank, view_score, score_id) values (?, ?, ?, ?, ?, ?, ?, ?, ?, ?)
insert into score (facility_rank, facility_score, price_rank, price_score, rank_average, surround_rank, surround_score, view_rank, view_score, score_id) values (0.8091770885903182, 7.083389047823677, 9.185450667621225, 7.778777432847216, 8.73119109892056, 3.9532064299956735, 9.4162040651039, 4.626414976488035, 1.1975402749032438, 803);
2022-10-10 13:48:04.807  INFO 3923 --- [    Test worker] p6spy                                    : #1665377284807 | took 0ms | statement | connection 28| url jdbc:h2:mem:6a3784ae-1aa6-4bbf-b617-4d4aeabcc2af
insert into picture (spot_id, url, picture_id) values (?, ?, ?)
insert into picture (spot_id, url, picture_id) values (NULL, 'java.io.StringReader@73a6a524', 3265);
2022-10-10 13:48:04.807  INFO 3923 --- [    Test worker] p6spy                                    : #1665377284807 | took 0ms | statement | connection 28| url jdbc:h2:mem:6a3784ae-1aa6-4bbf-b617-4d4aeabcc2af
insert into picture (spot_id, url, picture_id) values (?, ?, ?)
insert into picture (spot_id, url, picture_id) values (NULL, 'java.io.StringReader@da5ceeb', 3266);
2022-10-10 13:48:04.807  INFO 3923 --- [    Test worker] p6spy                                    : #1665377284807 | took 0ms | statement | connection 28| url jdbc:h2:mem:6a3784ae-1aa6-4bbf-b617-4d4aeabcc2af
insert into picture (spot_id, url, picture_id) values (?, ?, ?)
insert into picture (spot_id, url, picture_id) values (NULL, 'java.io.StringReader@ae93fb7', 3267);
2022-10-10 13:48:04.807  INFO 3923 --- [    Test worker] p6spy                                    : #1665377284807 | took 0ms | statement | connection 28| url jdbc:h2:mem:6a3784ae-1aa6-4bbf-b617-4d4aeabcc2af
insert into spot (address, description, location, name, score_id, spot_id) values (?, ?, ?, ?, ?, ?)
insert into spot (address, description, location, name, score_id, spot_id) values (NULL, NULL, 'Aewol_eup', NULL, 803, 871);
2022-10-10 13:48:04.807  INFO 3923 --- [    Test worker] p6spy                                    : #1665377284807 | took 0ms | statement | connection 28| url jdbc:h2:mem:6a3784ae-1aa6-4bbf-b617-4d4aeabcc2af
insert into member_spot (member_id, score, spot_id, member_spot_id) values (?, ?, ?, ?)
insert into member_spot (member_id, score, spot_id, member_spot_id) values (25, 0.0, 871, 3268);
2022-10-10 13:48:04.807  INFO 3923 --- [    Test worker] p6spy                                    : #1665377284807 | took 0ms | statement | connection 28| url jdbc:h2:mem:6a3784ae-1aa6-4bbf-b617-4d4aeabcc2af
insert into review (content, spot_id, review_id) values (?, ?, ?)
insert into review (content, spot_id, review_id) values ('java.io.StringReader@62ea811', 871, 805);
2022-10-10 13:48:04.807  INFO 3923 --- [    Test worker] p6spy                                    : #1665377284807 | took 0ms | statement | connection 28| url jdbc:h2:mem:6a3784ae-1aa6-4bbf-b617-4d4aeabcc2af
insert into favorite_spot (count, favorite_id, spot_id, favorite_spot_id) values (?, ?, ?, ?)
insert into favorite_spot (count, favorite_id, spot_id, favorite_spot_id) values (0, 44, 871, 579);
2022-10-10 13:48:04.807  INFO 3923 --- [    Test worker] p6spy                                    : #1665377284807 | took 0ms | statement | connection 28| url jdbc:h2:mem:6a3784ae-1aa6-4bbf-b617-4d4aeabcc2af
insert into score (facility_rank, facility_score, price_rank, price_score, rank_average, surround_rank, surround_score, view_rank, view_score, score_id) values (?, ?, ?, ?, ?, ?, ?, ?, ?, ?)
insert into score (facility_rank, facility_score, price_rank, price_score, rank_average, surround_rank, surround_score, view_rank, view_score, score_id) values (0.72683763355334, 2.891804075207023, 1.6177817911892745, 3.5997590542653226, 4.696902214069282, 2.8762392254738245, 2.1715769861229903, 8.606371163681514, 2.417849957223809, 804);
2022-10-10 13:48:04.807  INFO 3923 --- [    Test worker] p6spy                                    : #1665377284807 | took 0ms | statement | connection 28| url jdbc:h2:mem:6a3784ae-1aa6-4bbf-b617-4d4aeabcc2af
insert into picture (spot_id, url, picture_id) values (?, ?, ?)
insert into picture (spot_id, url, picture_id) values (NULL, 'java.io.StringReader@1349f34a', 3269);
2022-10-10 13:48:04.807  INFO 3923 --- [    Test worker] p6spy                                    : #1665377284807 | took 0ms | statement | connection 28| url jdbc:h2:mem:6a3784ae-1aa6-4bbf-b617-4d4aeabcc2af
insert into picture (spot_id, url, picture_id) values (?, ?, ?)
insert into picture (spot_id, url, picture_id) values (NULL, 'java.io.StringReader@5608fed5', 3270);
2022-10-10 13:48:04.807  INFO 3923 --- [    Test worker] p6spy                                    : #1665377284807 | took 0ms | statement | connection 28| url jdbc:h2:mem:6a3784ae-1aa6-4bbf-b617-4d4aeabcc2af
insert into picture (spot_id, url, picture_id) values (?, ?, ?)
insert into picture (spot_id, url, picture_id) values (NULL, 'java.io.StringReader@31d45c55', 3271);
2022-10-10 13:48:04.807  INFO 3923 --- [    Test worker] p6spy                                    : #1665377284807 | took 0ms | statement | connection 28| url jdbc:h2:mem:6a3784ae-1aa6-4bbf-b617-4d4aeabcc2af
insert into spot (address, description, location, name, score_id, spot_id) values (?, ?, ?, ?, ?, ?)
insert into spot (address, description, location, name, score_id, spot_id) values (NULL, NULL, 'Aewol_eup', NULL, 804, 872);
2022-10-10 13:48:04.807  INFO 3923 --- [    Test worker] p6spy                                    : #1665377284807 | took 0ms | statement | connection 28| url jdbc:h2:mem:6a3784ae-1aa6-4bbf-b617-4d4aeabcc2af
insert into member_spot (member_id, score, spot_id, member_spot_id) values (?, ?, ?, ?)
insert into member_spot (member_id, score, spot_id, member_spot_id) values (25, 0.0, 872, 3272);
2022-10-10 13:48:04.807  INFO 3923 --- [    Test worker] p6spy                                    : #1665377284807 | took 0ms | statement | connection 28| url jdbc:h2:mem:6a3784ae-1aa6-4bbf-b617-4d4aeabcc2af
insert into review (content, spot_id, review_id) values (?, ?, ?)
insert into review (content, spot_id, review_id) values ('java.io.StringReader@535edba2', 871, 806);
2022-10-10 13:48:04.807  INFO 3923 --- [    Test worker] p6spy                                    : #1665377284807 | took 0ms | statement | connection 28| url jdbc:h2:mem:6a3784ae-1aa6-4bbf-b617-4d4aeabcc2af
insert into score (facility_rank, facility_score, price_rank, price_score, rank_average, surround_rank, surround_score, view_rank, view_score, score_id) values (?, ?, ?, ?, ?, ?, ?, ?, ?, ?)
insert into score (facility_rank, facility_score, price_rank, price_score, rank_average, surround_rank, surround_score, view_rank, view_score, score_id) values (3.2104506018444265, 8.020233645915786, 3.5481450984900134, 0.6337010431933632, 0.5697310033843839, 2.7208653934807456, 9.812369497245232, 0.7668513341087413, 2.940054111781103, 805);
2022-10-10 13:48:04.807  INFO 3923 --- [    Test worker] p6spy                                    : #1665377284807 | took 0ms | statement | connection 28| url jdbc:h2:mem:6a3784ae-1aa6-4bbf-b617-4d4aeabcc2af
insert into picture (spot_id, url, picture_id) values (?, ?, ?)
insert into picture (spot_id, url, picture_id) values (NULL, 'java.io.StringReader@2a9eedee', 3273);
2022-10-10 13:48:04.807  INFO 3923 --- [    Test worker] p6spy                                    : #1665377284807 | took 0ms | statement | connection 28| url jdbc:h2:mem:6a3784ae-1aa6-4bbf-b617-4d4aeabcc2af
insert into picture (spot_id, url, picture_id) values (?, ?, ?)
insert into picture (spot_id, url, picture_id) values (NULL, 'java.io.StringReader@5d66c2d0', 3274);
2022-10-10 13:48:04.807  INFO 3923 --- [    Test worker] p6spy                                    : #1665377284807 | took 0ms | statement | connection 28| url jdbc:h2:mem:6a3784ae-1aa6-4bbf-b617-4d4aeabcc2af
insert into picture (spot_id, url, picture_id) values (?, ?, ?)
insert into picture (spot_id, url, picture_id) values (NULL, 'java.io.StringReader@27e74960', 3275);
2022-10-10 13:48:04.807  INFO 3923 --- [    Test worker] p6spy                                    : #1665377284807 | took 0ms | statement | connection 28| url jdbc:h2:mem:6a3784ae-1aa6-4bbf-b617-4d4aeabcc2af
insert into spot (address, description, location, name, score_id, spot_id) values (?, ?, ?, ?, ?, ?)
insert into spot (address, description, location, name, score_id, spot_id) values (NULL, NULL, 'Aewol_eup', NULL, 805, 873);
2022-10-10 13:48:04.807  INFO 3923 --- [    Test worker] p6spy                                    : #1665377284807 | took 0ms | statement | connection 28| url jdbc:h2:mem:6a3784ae-1aa6-4bbf-b617-4d4aeabcc2af
insert into member_spot (member_id, score, spot_id, member_spot_id) values (?, ?, ?, ?)
insert into member_spot (member_id, score, spot_id, member_spot_id) values (25, 0.0, 873, 3276);
2022-10-10 13:48:04.807  INFO 3923 --- [    Test worker] p6spy                                    : #1665377284807 | took 0ms | statement | connection 28| url jdbc:h2:mem:6a3784ae-1aa6-4bbf-b617-4d4aeabcc2af
insert into review (content, spot_id, review_id) values (?, ?, ?)
insert into review (content, spot_id, review_id) values ('java.io.StringReader@4a8dcdf8', 871, 807);
2022-10-10 13:48:04.807  INFO 3923 --- [    Test worker] p6spy                                    : #1665377284807 | took 0ms | statement | connection 28| url jdbc:h2:mem:6a3784ae-1aa6-4bbf-b617-4d4aeabcc2af
insert into favorite_spot (count, favorite_id, spot_id, favorite_spot_id) values (?, ?, ?, ?)
insert into favorite_spot (count, favorite_id, spot_id, favorite_spot_id) values (0, 44, 873, 580);
2022-10-10 13:48:04.807  INFO 3923 --- [    Test worker] p6spy                                    : #1665377284807 | took 0ms | statement | connection 28| url jdbc:h2:mem:6a3784ae-1aa6-4bbf-b617-4d4aeabcc2af
insert into score (facility_rank, facility_score, price_rank, price_score, rank_average, surround_rank, surround_score, view_rank, view_score, score_id) values (?, ?, ?, ?, ?, ?, ?, ?, ?, ?)
insert into score (facility_rank, facility_score, price_rank, price_score, rank_average, surround_rank, surround_score, view_rank, view_score, score_id) values (2.640771568501984, 0.38133916418344627, 3.84050434010709, 3.0142070694643976, 2.777054177054038, 6.666796113809456, 6.939327471147214, 7.128488915367047, 8.4963281219492, 806);
2022-10-10 13:48:04.807  INFO 3923 --- [    Test worker] p6spy                                    : #1665377284807 | took 0ms | statement | connection 28| url jdbc:h2:mem:6a3784ae-1aa6-4bbf-b617-4d4aeabcc2af
insert into picture (spot_id, url, picture_id) values (?, ?, ?)
insert into picture (spot_id, url, picture_id) values (NULL, 'java.io.StringReader@4ef09a12', 3277);
2022-10-10 13:48:04.807  INFO 3923 --- [    Test worker] p6spy                                    : #1665377284807 | took 0ms | statement | connection 28| url jdbc:h2:mem:6a3784ae-1aa6-4bbf-b617-4d4aeabcc2af
insert into picture (spot_id, url, picture_id) values (?, ?, ?)
insert into picture (spot_id, url, picture_id) values (NULL, 'java.io.StringReader@474ff95b', 3278);
2022-10-10 13:48:04.807  INFO 3923 --- [    Test worker] p6spy                                    : #1665377284807 | took 0ms | statement | connection 28| url jdbc:h2:mem:6a3784ae-1aa6-4bbf-b617-4d4aeabcc2af
insert into picture (spot_id, url, picture_id) values (?, ?, ?)
insert into picture (spot_id, url, picture_id) values (NULL, 'java.io.StringReader@32a71425', 3279);
2022-10-10 13:48:04.807  INFO 3923 --- [    Test worker] p6spy                                    : #1665377284807 | took 0ms | statement | connection 28| url jdbc:h2:mem:6a3784ae-1aa6-4bbf-b617-4d4aeabcc2af
insert into spot (address, description, location, name, score_id, spot_id) values (?, ?, ?, ?, ?, ?)
insert into spot (address, description, location, name, score_id, spot_id) values (NULL, NULL, 'Aewol_eup', NULL, 806, 874);
2022-10-10 13:48:04.808  INFO 3923 --- [    Test worker] p6spy                                    : #1665377284808 | took 0ms | statement | connection 28| url jdbc:h2:mem:6a3784ae-1aa6-4bbf-b617-4d4aeabcc2af
insert into member_spot (member_id, score, spot_id, member_spot_id) values (?, ?, ?, ?)
insert into member_spot (member_id, score, spot_id, member_spot_id) values (25, 0.0, 874, 3280);
2022-10-10 13:48:04.808  INFO 3923 --- [    Test worker] p6spy                                    : #1665377284808 | took 0ms | statement | connection 28| url jdbc:h2:mem:6a3784ae-1aa6-4bbf-b617-4d4aeabcc2af
insert into review (content, spot_id, review_id) values (?, ?, ?)
insert into review (content, spot_id, review_id) values ('java.io.StringReader@3874d0d', 871, 808);
2022-10-10 13:48:04.808  INFO 3923 --- [    Test worker] p6spy                                    : #1665377284808 | took 0ms | statement | connection 28| url jdbc:h2:mem:6a3784ae-1aa6-4bbf-b617-4d4aeabcc2af
insert into score (facility_rank, facility_score, price_rank, price_score, rank_average, surround_rank, surround_score, view_rank, view_score, score_id) values (?, ?, ?, ?, ?, ?, ?, ?, ?, ?)
insert into score (facility_rank, facility_score, price_rank, price_score, rank_average, surround_rank, surround_score, view_rank, view_score, score_id) values (4.669581076575496, 0.09302446991460989, 6.274218514239722, 1.3576698144971955, 0.10364554324897912, 8.917767975320851, 5.1667091389563975, 5.317895210193381, 7.773348578230712, 807);
2022-10-10 13:48:04.808  INFO 3923 --- [    Test worker] p6spy                                    : #1665377284808 | took 0ms | statement | connection 28| url jdbc:h2:mem:6a3784ae-1aa6-4bbf-b617-4d4aeabcc2af
insert into picture (spot_id, url, picture_id) values (?, ?, ?)
insert into picture (spot_id, url, picture_id) values (NULL, 'java.io.StringReader@919a11', 3281);
2022-10-10 13:48:04.808  INFO 3923 --- [    Test worker] p6spy                                    : #1665377284808 | took 0ms | statement | connection 28| url jdbc:h2:mem:6a3784ae-1aa6-4bbf-b617-4d4aeabcc2af
insert into picture (spot_id, url, picture_id) values (?, ?, ?)
insert into picture (spot_id, url, picture_id) values (NULL, 'java.io.StringReader@6525e2e3', 3282);
2022-10-10 13:48:04.808  INFO 3923 --- [    Test worker] p6spy                                    : #1665377284808 | took 0ms | statement | connection 28| url jdbc:h2:mem:6a3784ae-1aa6-4bbf-b617-4d4aeabcc2af
insert into picture (spot_id, url, picture_id) values (?, ?, ?)
insert into picture (spot_id, url, picture_id) values (NULL, 'java.io.StringReader@4566d4d3', 3283);
2022-10-10 13:48:04.808  INFO 3923 --- [    Test worker] p6spy                                    : #1665377284808 | took 0ms | statement | connection 28| url jdbc:h2:mem:6a3784ae-1aa6-4bbf-b617-4d4aeabcc2af
insert into spot (address, description, location, name, score_id, spot_id) values (?, ?, ?, ?, ?, ?)
insert into spot (address, description, location, name, score_id, spot_id) values (NULL, NULL, 'Aewol_eup', NULL, 807, 875);
2022-10-10 13:48:04.808  INFO 3923 --- [    Test worker] p6spy                                    : #1665377284808 | took 0ms | statement | connection 28| url jdbc:h2:mem:6a3784ae-1aa6-4bbf-b617-4d4aeabcc2af
insert into member_spot (member_id, score, spot_id, member_spot_id) values (?, ?, ?, ?)
insert into member_spot (member_id, score, spot_id, member_spot_id) values (25, 0.0, 875, 3284);
2022-10-10 13:48:04.808  INFO 3923 --- [    Test worker] p6spy                                    : #1665377284808 | took 0ms | statement | connection 28| url jdbc:h2:mem:6a3784ae-1aa6-4bbf-b617-4d4aeabcc2af
insert into review (content, spot_id, review_id) values (?, ?, ?)
insert into review (content, spot_id, review_id) values ('java.io.StringReader@34877223', 871, 809);
2022-10-10 13:48:04.808  INFO 3923 --- [    Test worker] p6spy                                    : #1665377284808 | took 0ms | statement | connection 28| url jdbc:h2:mem:6a3784ae-1aa6-4bbf-b617-4d4aeabcc2af
insert into favorite_spot (count, favorite_id, spot_id, favorite_spot_id) values (?, ?, ?, ?)
insert into favorite_spot (count, favorite_id, spot_id, favorite_spot_id) values (0, 44, 875, 581);
2022-10-10 13:48:04.808  INFO 3923 --- [    Test worker] p6spy                                    : #1665377284808 | took 0ms | statement | connection 28| url jdbc:h2:mem:6a3784ae-1aa6-4bbf-b617-4d4aeabcc2af
insert into score (facility_rank, facility_score, price_rank, price_score, rank_average, surround_rank, surround_score, view_rank, view_score, score_id) values (?, ?, ?, ?, ?, ?, ?, ?, ?, ?)
insert into score (facility_rank, facility_score, price_rank, price_score, rank_average, surround_rank, surround_score, view_rank, view_score, score_id) values (3.430195661387956, 6.6930195832819885, 8.177191687131002, 1.7894210227696505, 7.761379410471254, 8.6181203464432, 2.782023798395248, 0.22633329839867988, 3.7141569886354575, 808);
2022-10-10 13:48:04.808  INFO 3923 --- [    Test worker] p6spy                                    : #1665377284808 | took 0ms | statement | connection 28| url jdbc:h2:mem:6a3784ae-1aa6-4bbf-b617-4d4aeabcc2af
insert into picture (spot_id, url, picture_id) values (?, ?, ?)
insert into picture (spot_id, url, picture_id) values (NULL, 'java.io.StringReader@6f1a5910', 3285);
2022-10-10 13:48:04.808  INFO 3923 --- [    Test worker] p6spy                                    : #1665377284808 | took 0ms | statement | connection 28| url jdbc:h2:mem:6a3784ae-1aa6-4bbf-b617-4d4aeabcc2af
insert into picture (spot_id, url, picture_id) values (?, ?, ?)
insert into picture (spot_id, url, picture_id) values (NULL, 'java.io.StringReader@795945f0', 3286);
2022-10-10 13:48:04.808  INFO 3923 --- [    Test worker] p6spy                                    : #1665377284808 | took 0ms | statement | connection 28| url jdbc:h2:mem:6a3784ae-1aa6-4bbf-b617-4d4aeabcc2af
insert into picture (spot_id, url, picture_id) values (?, ?, ?)
insert into picture (spot_id, url, picture_id) values (NULL, 'java.io.StringReader@7c7e49c8', 3287);
2022-10-10 13:48:04.808  INFO 3923 --- [    Test worker] p6spy                                    : #1665377284808 | took 0ms | statement | connection 28| url jdbc:h2:mem:6a3784ae-1aa6-4bbf-b617-4d4aeabcc2af
insert into spot (address, description, location, name, score_id, spot_id) values (?, ?, ?, ?, ?, ?)
insert into spot (address, description, location, name, score_id, spot_id) values (NULL, NULL, 'Aewol_eup', NULL, 808, 876);
2022-10-10 13:48:04.808  INFO 3923 --- [    Test worker] p6spy                                    : #1665377284808 | took 0ms | statement | connection 28| url jdbc:h2:mem:6a3784ae-1aa6-4bbf-b617-4d4aeabcc2af
insert into member_spot (member_id, score, spot_id, member_spot_id) values (?, ?, ?, ?)
insert into member_spot (member_id, score, spot_id, member_spot_id) values (25, 0.0, 876, 3288);
2022-10-10 13:48:04.808  INFO 3923 --- [    Test worker] p6spy                                    : #1665377284808 | took 0ms | statement | connection 28| url jdbc:h2:mem:6a3784ae-1aa6-4bbf-b617-4d4aeabcc2af
insert into review (content, spot_id, review_id) values (?, ?, ?)
insert into review (content, spot_id, review_id) values ('java.io.StringReader@71d7fa1a', 871, 810);
2022-10-10 13:48:04.808  INFO 3923 --- [    Test worker] p6spy                                    : #1665377284808 | took 0ms | statement | connection 28| url jdbc:h2:mem:6a3784ae-1aa6-4bbf-b617-4d4aeabcc2af
insert into score (facility_rank, facility_score, price_rank, price_score, rank_average, surround_rank, surround_score, view_rank, view_score, score_id) values (?, ?, ?, ?, ?, ?, ?, ?, ?, ?)
insert into score (facility_rank, facility_score, price_rank, price_score, rank_average, surround_rank, surround_score, view_rank, view_score, score_id) values (2.0463456091749146, 6.641682685455903, 5.991381124832359, 4.630327164696646, 2.0477552145294897, 2.9469515309828287, 1.8573167963648218, 8.548392907988093, 5.123141576782958, 809);
2022-10-10 13:48:04.808  INFO 3923 --- [    Test worker] p6spy                                    : #1665377284808 | took 0ms | statement | connection 28| url jdbc:h2:mem:6a3784ae-1aa6-4bbf-b617-4d4aeabcc2af
insert into picture (spot_id, url, picture_id) values (?, ?, ?)
insert into picture (spot_id, url, picture_id) values (NULL, 'java.io.StringReader@2af77f9e', 3289);
2022-10-10 13:48:04.808  INFO 3923 --- [    Test worker] p6spy                                    : #1665377284808 | took 0ms | statement | connection 28| url jdbc:h2:mem:6a3784ae-1aa6-4bbf-b617-4d4aeabcc2af
insert into picture (spot_id, url, picture_id) values (?, ?, ?)
insert into picture (spot_id, url, picture_id) values (NULL, 'java.io.StringReader@7cc5df3d', 3290);
2022-10-10 13:48:04.808  INFO 3923 --- [    Test worker] p6spy                                    : #1665377284808 | took 0ms | statement | connection 28| url jdbc:h2:mem:6a3784ae-1aa6-4bbf-b617-4d4aeabcc2af
insert into picture (spot_id, url, picture_id) values (?, ?, ?)
insert into picture (spot_id, url, picture_id) values (NULL, 'java.io.StringReader@7c1f6bce', 3291);
2022-10-10 13:48:04.808  INFO 3923 --- [    Test worker] p6spy                                    : #1665377284808 | took 0ms | statement | connection 28| url jdbc:h2:mem:6a3784ae-1aa6-4bbf-b617-4d4aeabcc2af
insert into spot (address, description, location, name, score_id, spot_id) values (?, ?, ?, ?, ?, ?)
insert into spot (address, description, location, name, score_id, spot_id) values (NULL, NULL, 'Aewol_eup', NULL, 809, 877);
2022-10-10 13:48:04.808  INFO 3923 --- [    Test worker] p6spy                                    : #1665377284808 | took 0ms | statement | connection 28| url jdbc:h2:mem:6a3784ae-1aa6-4bbf-b617-4d4aeabcc2af
insert into member_spot (member_id, score, spot_id, member_spot_id) values (?, ?, ?, ?)
insert into member_spot (member_id, score, spot_id, member_spot_id) values (25, 0.0, 877, 3292);
2022-10-10 13:48:04.808  INFO 3923 --- [    Test worker] p6spy                                    : #1665377284808 | took 0ms | statement | connection 28| url jdbc:h2:mem:6a3784ae-1aa6-4bbf-b617-4d4aeabcc2af
insert into review (content, spot_id, review_id) values (?, ?, ?)
insert into review (content, spot_id, review_id) values ('java.io.StringReader@64d3fb7f', 871, 811);
2022-10-10 13:48:04.808  INFO 3923 --- [    Test worker] p6spy                                    : #1665377284808 | took 0ms | statement | connection 28| url jdbc:h2:mem:6a3784ae-1aa6-4bbf-b617-4d4aeabcc2af
insert into favorite_spot (count, favorite_id, spot_id, favorite_spot_id) values (?, ?, ?, ?)
insert into favorite_spot (count, favorite_id, spot_id, favorite_spot_id) values (0, 44, 877, 582);
2022-10-10 13:48:04.808  INFO 3923 --- [    Test worker] p6spy                                    : #1665377284808 | took 0ms | statement | connection 28| url jdbc:h2:mem:6a3784ae-1aa6-4bbf-b617-4d4aeabcc2af
insert into score (facility_rank, facility_score, price_rank, price_score, rank_average, surround_rank, surround_score, view_rank, view_score, score_id) values (?, ?, ?, ?, ?, ?, ?, ?, ?, ?)
insert into score (facility_rank, facility_score, price_rank, price_score, rank_average, surround_rank, surround_score, view_rank, view_score, score_id) values (6.384049741036569, 7.24131204438316, 4.480561107830193, 8.322061435070097, 2.6680538274697243, 1.9469500991475241, 5.895347064789008, 1.9308807595462507, 1.3064339761796762, 810);
2022-10-10 13:48:04.808  INFO 3923 --- [    Test worker] p6spy                                    : #1665377284808 | took 0ms | statement | connection 28| url jdbc:h2:mem:6a3784ae-1aa6-4bbf-b617-4d4aeabcc2af
insert into picture (spot_id, url, picture_id) values (?, ?, ?)
insert into picture (spot_id, url, picture_id) values (NULL, 'java.io.StringReader@47c46854', 3293);
2022-10-10 13:48:04.808  INFO 3923 --- [    Test worker] p6spy                                    : #1665377284808 | took 0ms | statement | connection 28| url jdbc:h2:mem:6a3784ae-1aa6-4bbf-b617-4d4aeabcc2af
insert into picture (spot_id, url, picture_id) values (?, ?, ?)
insert into picture (spot_id, url, picture_id) values (NULL, 'java.io.StringReader@45746b41', 3294);
2022-10-10 13:48:04.808  INFO 3923 --- [    Test worker] p6spy                                    : #1665377284808 | took 0ms | statement | connection 28| url jdbc:h2:mem:6a3784ae-1aa6-4bbf-b617-4d4aeabcc2af
insert into picture (spot_id, url, picture_id) values (?, ?, ?)
insert into picture (spot_id, url, picture_id) values (NULL, 'java.io.StringReader@44194865', 3295);
2022-10-10 13:48:04.808  INFO 3923 --- [    Test worker] p6spy                                    : #1665377284808 | took 0ms | statement | connection 28| url jdbc:h2:mem:6a3784ae-1aa6-4bbf-b617-4d4aeabcc2af
insert into spot (address, description, location, name, score_id, spot_id) values (?, ?, ?, ?, ?, ?)
insert into spot (address, description, location, name, score_id, spot_id) values (NULL, NULL, 'Aewol_eup', NULL, 810, 878);
2022-10-10 13:48:04.808  INFO 3923 --- [    Test worker] p6spy                                    : #1665377284808 | took 0ms | statement | connection 28| url jdbc:h2:mem:6a3784ae-1aa6-4bbf-b617-4d4aeabcc2af
insert into member_spot (member_id, score, spot_id, member_spot_id) values (?, ?, ?, ?)
insert into member_spot (member_id, score, spot_id, member_spot_id) values (25, 0.0, 878, 3296);
2022-10-10 13:48:04.808  INFO 3923 --- [    Test worker] p6spy                                    : #1665377284808 | took 0ms | statement | connection 28| url jdbc:h2:mem:6a3784ae-1aa6-4bbf-b617-4d4aeabcc2af
insert into review (content, spot_id, review_id) values (?, ?, ?)
insert into review (content, spot_id, review_id) values ('java.io.StringReader@5f2663fd', 871, 812);
2022-10-10 13:48:04.809  INFO 3923 --- [    Test worker] p6spy                                    : #1665377284809 | took 0ms | statement | connection 28| url jdbc:h2:mem:6a3784ae-1aa6-4bbf-b617-4d4aeabcc2af
insert into score (facility_rank, facility_score, price_rank, price_score, rank_average, surround_rank, surround_score, view_rank, view_score, score_id) values (?, ?, ?, ?, ?, ?, ?, ?, ?, ?)
insert into score (facility_rank, facility_score, price_rank, price_score, rank_average, surround_rank, surround_score, view_rank, view_score, score_id) values (5.152594862329114, 2.4966011150496303, 0.5708721261081362, 9.434453334615938, 3.461358844944109, 9.050622138654354, 1.9839094600077734, 1.3294401627512642, 1.623414814974099, 811);
2022-10-10 13:48:04.809  INFO 3923 --- [    Test worker] p6spy                                    : #1665377284809 | took 0ms | statement | connection 28| url jdbc:h2:mem:6a3784ae-1aa6-4bbf-b617-4d4aeabcc2af
insert into picture (spot_id, url, picture_id) values (?, ?, ?)
insert into picture (spot_id, url, picture_id) values (NULL, 'java.io.StringReader@2abdbc36', 3297);
2022-10-10 13:48:04.809  INFO 3923 --- [    Test worker] p6spy                                    : #1665377284809 | took 0ms | statement | connection 28| url jdbc:h2:mem:6a3784ae-1aa6-4bbf-b617-4d4aeabcc2af
insert into picture (spot_id, url, picture_id) values (?, ?, ?)
insert into picture (spot_id, url, picture_id) values (NULL, 'java.io.StringReader@7f37a1b9', 3298);
2022-10-10 13:48:04.809  INFO 3923 --- [    Test worker] p6spy                                    : #1665377284809 | took 0ms | statement | connection 28| url jdbc:h2:mem:6a3784ae-1aa6-4bbf-b617-4d4aeabcc2af
insert into picture (spot_id, url, picture_id) values (?, ?, ?)
insert into picture (spot_id, url, picture_id) values (NULL, 'java.io.StringReader@64ed022f', 3299);
2022-10-10 13:48:04.809  INFO 3923 --- [    Test worker] p6spy                                    : #1665377284809 | took 0ms | statement | connection 28| url jdbc:h2:mem:6a3784ae-1aa6-4bbf-b617-4d4aeabcc2af
insert into spot (address, description, location, name, score_id, spot_id) values (?, ?, ?, ?, ?, ?)
insert into spot (address, description, location, name, score_id, spot_id) values (NULL, NULL, 'Aewol_eup', NULL, 811, 879);
2022-10-10 13:48:04.809  INFO 3923 --- [    Test worker] p6spy                                    : #1665377284809 | took 0ms | statement | connection 28| url jdbc:h2:mem:6a3784ae-1aa6-4bbf-b617-4d4aeabcc2af
insert into member_spot (member_id, score, spot_id, member_spot_id) values (?, ?, ?, ?)
insert into member_spot (member_id, score, spot_id, member_spot_id) values (25, 0.0, 879, 3300);
2022-10-10 13:48:04.809  INFO 3923 --- [    Test worker] p6spy                                    : #1665377284809 | took 0ms | statement | connection 28| url jdbc:h2:mem:6a3784ae-1aa6-4bbf-b617-4d4aeabcc2af
insert into review (content, spot_id, review_id) values (?, ?, ?)
insert into review (content, spot_id, review_id) values ('java.io.StringReader@29390f73', 871, 813);
2022-10-10 13:48:04.809  INFO 3923 --- [    Test worker] p6spy                                    : #1665377284809 | took 0ms | statement | connection 28| url jdbc:h2:mem:6a3784ae-1aa6-4bbf-b617-4d4aeabcc2af
insert into favorite_spot (count, favorite_id, spot_id, favorite_spot_id) values (?, ?, ?, ?)
insert into favorite_spot (count, favorite_id, spot_id, favorite_spot_id) values (0, 44, 879, 583);
2022-10-10 13:48:04.809  INFO 3923 --- [    Test worker] p6spy                                    : #1665377284809 | took 0ms | statement | connection 28| url jdbc:h2:mem:6a3784ae-1aa6-4bbf-b617-4d4aeabcc2af
insert into score (facility_rank, facility_score, price_rank, price_score, rank_average, surround_rank, surround_score, view_rank, view_score, score_id) values (?, ?, ?, ?, ?, ?, ?, ?, ?, ?)
insert into score (facility_rank, facility_score, price_rank, price_score, rank_average, surround_rank, surround_score, view_rank, view_score, score_id) values (5.104028119481564, 0.19308816161353382, 7.202657706001737, 4.131251244287189, 5.221738130329835, 6.679894958185489, 9.992138942353494, 8.487698839649854, 9.04721251762214, 812);
2022-10-10 13:48:04.809  INFO 3923 --- [    Test worker] p6spy                                    : #1665377284809 | took 0ms | statement | connection 28| url jdbc:h2:mem:6a3784ae-1aa6-4bbf-b617-4d4aeabcc2af
insert into picture (spot_id, url, picture_id) values (?, ?, ?)
insert into picture (spot_id, url, picture_id) values (NULL, 'java.io.StringReader@41779bad', 3301);
2022-10-10 13:48:04.809  INFO 3923 --- [    Test worker] p6spy                                    : #1665377284809 | took 0ms | statement | connection 28| url jdbc:h2:mem:6a3784ae-1aa6-4bbf-b617-4d4aeabcc2af
insert into picture (spot_id, url, picture_id) values (?, ?, ?)
insert into picture (spot_id, url, picture_id) values (NULL, 'java.io.StringReader@21bcc925', 3302);
2022-10-10 13:48:04.809  INFO 3923 --- [    Test worker] p6spy                                    : #1665377284809 | took 0ms | statement | connection 28| url jdbc:h2:mem:6a3784ae-1aa6-4bbf-b617-4d4aeabcc2af
insert into picture (spot_id, url, picture_id) values (?, ?, ?)
insert into picture (spot_id, url, picture_id) values (NULL, 'java.io.StringReader@3764ac9e', 3303);
2022-10-10 13:48:04.809  INFO 3923 --- [    Test worker] p6spy                                    : #1665377284809 | took 0ms | statement | connection 28| url jdbc:h2:mem:6a3784ae-1aa6-4bbf-b617-4d4aeabcc2af
insert into spot (address, description, location, name, score_id, spot_id) values (?, ?, ?, ?, ?, ?)
insert into spot (address, description, location, name, score_id, spot_id) values (NULL, NULL, 'Aewol_eup', NULL, 812, 880);
2022-10-10 13:48:04.809  INFO 3923 --- [    Test worker] p6spy                                    : #1665377284809 | took 0ms | statement | connection 28| url jdbc:h2:mem:6a3784ae-1aa6-4bbf-b617-4d4aeabcc2af
insert into member_spot (member_id, score, spot_id, member_spot_id) values (?, ?, ?, ?)
insert into member_spot (member_id, score, spot_id, member_spot_id) values (25, 0.0, 880, 3304);
2022-10-10 13:48:04.809  INFO 3923 --- [    Test worker] p6spy                                    : #1665377284809 | took 0ms | statement | connection 28| url jdbc:h2:mem:6a3784ae-1aa6-4bbf-b617-4d4aeabcc2af
insert into review (content, spot_id, review_id) values (?, ?, ?)
insert into review (content, spot_id, review_id) values ('java.io.StringReader@4bc1fcec', 871, 814);
2022-10-10 13:48:04.809  INFO 3923 --- [    Test worker] p6spy                                    : #1665377284809 | took 0ms | statement | connection 28| url jdbc:h2:mem:6a3784ae-1aa6-4bbf-b617-4d4aeabcc2af
insert into score (facility_rank, facility_score, price_rank, price_score, rank_average, surround_rank, surround_score, view_rank, view_score, score_id) values (?, ?, ?, ?, ?, ?, ?, ?, ?, ?)
insert into score (facility_rank, facility_score, price_rank, price_score, rank_average, surround_rank, surround_score, view_rank, view_score, score_id) values (1.1284715868631046, 4.171519132013772, 8.522001552045815, 9.179112408971724, 4.598062719165719, 2.672017113297145, 2.2241850439052593, 8.111980820957232, 4.698576992618272, 813);
2022-10-10 13:48:04.809  INFO 3923 --- [    Test worker] p6spy                                    : #1665377284809 | took 0ms | statement | connection 28| url jdbc:h2:mem:6a3784ae-1aa6-4bbf-b617-4d4aeabcc2af
insert into picture (spot_id, url, picture_id) values (?, ?, ?)
insert into picture (spot_id, url, picture_id) values (NULL, 'java.io.StringReader@2caa3da1', 3305);
2022-10-10 13:48:04.809  INFO 3923 --- [    Test worker] p6spy                                    : #1665377284809 | took 0ms | statement | connection 28| url jdbc:h2:mem:6a3784ae-1aa6-4bbf-b617-4d4aeabcc2af
insert into picture (spot_id, url, picture_id) values (?, ?, ?)
insert into picture (spot_id, url, picture_id) values (NULL, 'java.io.StringReader@203d6ee0', 3306);
2022-10-10 13:48:04.809  INFO 3923 --- [    Test worker] p6spy                                    : #1665377284809 | took 0ms | statement | connection 28| url jdbc:h2:mem:6a3784ae-1aa6-4bbf-b617-4d4aeabcc2af
insert into picture (spot_id, url, picture_id) values (?, ?, ?)
insert into picture (spot_id, url, picture_id) values (NULL, 'java.io.StringReader@7b9a90d8', 3307);
2022-10-10 13:48:04.809  INFO 3923 --- [    Test worker] p6spy                                    : #1665377284809 | took 0ms | statement | connection 28| url jdbc:h2:mem:6a3784ae-1aa6-4bbf-b617-4d4aeabcc2af
insert into spot (address, description, location, name, score_id, spot_id) values (?, ?, ?, ?, ?, ?)
insert into spot (address, description, location, name, score_id, spot_id) values (NULL, NULL, 'Aewol_eup', NULL, 813, 881);
2022-10-10 13:48:04.809  INFO 3923 --- [    Test worker] p6spy                                    : #1665377284809 | took 0ms | statement | connection 28| url jdbc:h2:mem:6a3784ae-1aa6-4bbf-b617-4d4aeabcc2af
insert into member_spot (member_id, score, spot_id, member_spot_id) values (?, ?, ?, ?)
insert into member_spot (member_id, score, spot_id, member_spot_id) values (25, 0.0, 881, 3308);
2022-10-10 13:48:04.809  INFO 3923 --- [    Test worker] p6spy                                    : #1665377284809 | took 0ms | statement | connection 28| url jdbc:h2:mem:6a3784ae-1aa6-4bbf-b617-4d4aeabcc2af
insert into review (content, spot_id, review_id) values (?, ?, ?)
insert into review (content, spot_id, review_id) values ('java.io.StringReader@12b7731c', 871, 815);
2022-10-10 13:48:04.809  INFO 3923 --- [    Test worker] p6spy                                    : #1665377284809 | took 0ms | statement | connection 28| url jdbc:h2:mem:6a3784ae-1aa6-4bbf-b617-4d4aeabcc2af
insert into favorite_spot (count, favorite_id, spot_id, favorite_spot_id) values (?, ?, ?, ?)
insert into favorite_spot (count, favorite_id, spot_id, favorite_spot_id) values (0, 44, 881, 584);
2022-10-10 13:48:04.809  INFO 3923 --- [    Test worker] p6spy                                    : #1665377284809 | took 0ms | statement | connection 28| url jdbc:h2:mem:6a3784ae-1aa6-4bbf-b617-4d4aeabcc2af
insert into score (facility_rank, facility_score, price_rank, price_score, rank_average, surround_rank, surround_score, view_rank, view_score, score_id) values (?, ?, ?, ?, ?, ?, ?, ?, ?, ?)
insert into score (facility_rank, facility_score, price_rank, price_score, rank_average, surround_rank, surround_score, view_rank, view_score, score_id) values (9.55983724191308, 0.9497872030803856, 9.924553934713446, 6.548218478672826, 3.2428266656102545, 1.7362759927189664, 8.819048935843274, 9.727811202317808, 0.7765990232217501, 814);
2022-10-10 13:48:04.809  INFO 3923 --- [    Test worker] p6spy                                    : #1665377284809 | took 0ms | statement | connection 28| url jdbc:h2:mem:6a3784ae-1aa6-4bbf-b617-4d4aeabcc2af
insert into picture (spot_id, url, picture_id) values (?, ?, ?)
insert into picture (spot_id, url, picture_id) values (NULL, 'java.io.StringReader@79311598', 3309);
2022-10-10 13:48:04.809  INFO 3923 --- [    Test worker] p6spy                                    : #1665377284809 | took 0ms | statement | connection 28| url jdbc:h2:mem:6a3784ae-1aa6-4bbf-b617-4d4aeabcc2af
insert into picture (spot_id, url, picture_id) values (?, ?, ?)
insert into picture (spot_id, url, picture_id) values (NULL, 'java.io.StringReader@176e5b8c', 3310);
2022-10-10 13:48:04.809  INFO 3923 --- [    Test worker] p6spy                                    : #1665377284809 | took 0ms | statement | connection 28| url jdbc:h2:mem:6a3784ae-1aa6-4bbf-b617-4d4aeabcc2af
insert into picture (spot_id, url, picture_id) values (?, ?, ?)
insert into picture (spot_id, url, picture_id) values (NULL, 'java.io.StringReader@3df283e', 3311);
2022-10-10 13:48:04.809  INFO 3923 --- [    Test worker] p6spy                                    : #1665377284809 | took 0ms | statement | connection 28| url jdbc:h2:mem:6a3784ae-1aa6-4bbf-b617-4d4aeabcc2af
insert into spot (address, description, location, name, score_id, spot_id) values (?, ?, ?, ?, ?, ?)
insert into spot (address, description, location, name, score_id, spot_id) values (NULL, NULL, 'Aewol_eup', NULL, 814, 882);
2022-10-10 13:48:04.809  INFO 3923 --- [    Test worker] p6spy                                    : #1665377284809 | took 0ms | statement | connection 28| url jdbc:h2:mem:6a3784ae-1aa6-4bbf-b617-4d4aeabcc2af
insert into member_spot (member_id, score, spot_id, member_spot_id) values (?, ?, ?, ?)
insert into member_spot (member_id, score, spot_id, member_spot_id) values (25, 0.0, 882, 3312);
2022-10-10 13:48:04.809  INFO 3923 --- [    Test worker] p6spy                                    : #1665377284809 | took 0ms | statement | connection 28| url jdbc:h2:mem:6a3784ae-1aa6-4bbf-b617-4d4aeabcc2af
insert into review (content, spot_id, review_id) values (?, ?, ?)
insert into review (content, spot_id, review_id) values ('java.io.StringReader@757721c3', 871, 816);
2022-10-10 13:48:04.809  INFO 3923 --- [    Test worker] p6spy                                    : #1665377284809 | took 0ms | statement | connection 28| url jdbc:h2:mem:6a3784ae-1aa6-4bbf-b617-4d4aeabcc2af
insert into score (facility_rank, facility_score, price_rank, price_score, rank_average, surround_rank, surround_score, view_rank, view_score, score_id) values (?, ?, ?, ?, ?, ?, ?, ?, ?, ?)
insert into score (facility_rank, facility_score, price_rank, price_score, rank_average, surround_rank, surround_score, view_rank, view_score, score_id) values (5.851934141542982, 8.294135747803034, 1.9834068303235353, 5.653185068969922, 8.76954466517429, 2.7957747113016786, 7.815148067345147, 5.809361899191002, 5.406924099172855, 815);
2022-10-10 13:48:04.809  INFO 3923 --- [    Test worker] p6spy                                    : #1665377284809 | took 0ms | statement | connection 28| url jdbc:h2:mem:6a3784ae-1aa6-4bbf-b617-4d4aeabcc2af
insert into picture (spot_id, url, picture_id) values (?, ?, ?)
insert into picture (spot_id, url, picture_id) values (NULL, 'java.io.StringReader@4f335bf8', 3313);
2022-10-10 13:48:04.809  INFO 3923 --- [    Test worker] p6spy                                    : #1665377284809 | took 0ms | statement | connection 28| url jdbc:h2:mem:6a3784ae-1aa6-4bbf-b617-4d4aeabcc2af
insert into picture (spot_id, url, picture_id) values (?, ?, ?)
insert into picture (spot_id, url, picture_id) values (NULL, 'java.io.StringReader@4943987b', 3314);
2022-10-10 13:48:04.809  INFO 3923 --- [    Test worker] p6spy                                    : #1665377284809 | took 0ms | statement | connection 28| url jdbc:h2:mem:6a3784ae-1aa6-4bbf-b617-4d4aeabcc2af
insert into picture (spot_id, url, picture_id) values (?, ?, ?)
insert into picture (spot_id, url, picture_id) values (NULL, 'java.io.StringReader@271bad5a', 3315);
2022-10-10 13:48:04.810  INFO 3923 --- [    Test worker] p6spy                                    : #1665377284810 | took 0ms | statement | connection 28| url jdbc:h2:mem:6a3784ae-1aa6-4bbf-b617-4d4aeabcc2af
insert into spot (address, description, location, name, score_id, spot_id) values (?, ?, ?, ?, ?, ?)
insert into spot (address, description, location, name, score_id, spot_id) values (NULL, NULL, 'Aewol_eup', NULL, 815, 883);
2022-10-10 13:48:04.810  INFO 3923 --- [    Test worker] p6spy                                    : #1665377284810 | took 0ms | statement | connection 28| url jdbc:h2:mem:6a3784ae-1aa6-4bbf-b617-4d4aeabcc2af
insert into member_spot (member_id, score, spot_id, member_spot_id) values (?, ?, ?, ?)
insert into member_spot (member_id, score, spot_id, member_spot_id) values (25, 0.0, 883, 3316);
2022-10-10 13:48:04.810  INFO 3923 --- [    Test worker] p6spy                                    : #1665377284810 | took 0ms | statement | connection 28| url jdbc:h2:mem:6a3784ae-1aa6-4bbf-b617-4d4aeabcc2af
insert into review (content, spot_id, review_id) values (?, ?, ?)
insert into review (content, spot_id, review_id) values ('java.io.StringReader@2c4cd967', 871, 817);
2022-10-10 13:48:04.810  INFO 3923 --- [    Test worker] p6spy                                    : #1665377284810 | took 0ms | statement | connection 28| url jdbc:h2:mem:6a3784ae-1aa6-4bbf-b617-4d4aeabcc2af
insert into favorite_spot (count, favorite_id, spot_id, favorite_spot_id) values (?, ?, ?, ?)
insert into favorite_spot (count, favorite_id, spot_id, favorite_spot_id) values (0, 44, 883, 585);
2022-10-10 13:48:04.810  INFO 3923 --- [    Test worker] p6spy                                    : #1665377284810 | took 0ms | statement | connection 28| url jdbc:h2:mem:6a3784ae-1aa6-4bbf-b617-4d4aeabcc2af
insert into score (facility_rank, facility_score, price_rank, price_score, rank_average, surround_rank, surround_score, view_rank, view_score, score_id) values (?, ?, ?, ?, ?, ?, ?, ?, ?, ?)
insert into score (facility_rank, facility_score, price_rank, price_score, rank_average, surround_rank, surround_score, view_rank, view_score, score_id) values (5.603933406595777, 9.749606353156082, 2.2325548982054877, 0.7131499133502051, 1.3098752105752154, 9.052441673324697, 4.265056125069412, 6.412182513456401, 2.909802864729758, 816);
2022-10-10 13:48:04.810  INFO 3923 --- [    Test worker] p6spy                                    : #1665377284810 | took 0ms | statement | connection 28| url jdbc:h2:mem:6a3784ae-1aa6-4bbf-b617-4d4aeabcc2af
insert into picture (spot_id, url, picture_id) values (?, ?, ?)
insert into picture (spot_id, url, picture_id) values (NULL, 'java.io.StringReader@5a72c4ce', 3317);
2022-10-10 13:48:04.810  INFO 3923 --- [    Test worker] p6spy                                    : #1665377284810 | took 0ms | statement | connection 28| url jdbc:h2:mem:6a3784ae-1aa6-4bbf-b617-4d4aeabcc2af
insert into picture (spot_id, url, picture_id) values (?, ?, ?)
insert into picture (spot_id, url, picture_id) values (NULL, 'java.io.StringReader@34cc56dd', 3318);
2022-10-10 13:48:04.810  INFO 3923 --- [    Test worker] p6spy                                    : #1665377284810 | took 0ms | statement | connection 28| url jdbc:h2:mem:6a3784ae-1aa6-4bbf-b617-4d4aeabcc2af
insert into picture (spot_id, url, picture_id) values (?, ?, ?)
insert into picture (spot_id, url, picture_id) values (NULL, 'java.io.StringReader@3e3585f3', 3319);
2022-10-10 13:48:04.810  INFO 3923 --- [    Test worker] p6spy                                    : #1665377284810 | took 0ms | statement | connection 28| url jdbc:h2:mem:6a3784ae-1aa6-4bbf-b617-4d4aeabcc2af
insert into spot (address, description, location, name, score_id, spot_id) values (?, ?, ?, ?, ?, ?)
insert into spot (address, description, location, name, score_id, spot_id) values (NULL, NULL, 'Aewol_eup', NULL, 816, 884);
2022-10-10 13:48:04.810  INFO 3923 --- [    Test worker] p6spy                                    : #1665377284810 | took 0ms | statement | connection 28| url jdbc:h2:mem:6a3784ae-1aa6-4bbf-b617-4d4aeabcc2af
insert into member_spot (member_id, score, spot_id, member_spot_id) values (?, ?, ?, ?)
insert into member_spot (member_id, score, spot_id, member_spot_id) values (25, 0.0, 884, 3320);
2022-10-10 13:48:04.810  INFO 3923 --- [    Test worker] p6spy                                    : #1665377284810 | took 0ms | statement | connection 28| url jdbc:h2:mem:6a3784ae-1aa6-4bbf-b617-4d4aeabcc2af
insert into review (content, spot_id, review_id) values (?, ?, ?)
insert into review (content, spot_id, review_id) values ('java.io.StringReader@7c376eb8', 871, 818);
2022-10-10 13:48:04.810  INFO 3923 --- [    Test worker] p6spy                                    : #1665377284810 | took 0ms | statement | connection 28| url jdbc:h2:mem:6a3784ae-1aa6-4bbf-b617-4d4aeabcc2af
insert into score (facility_rank, facility_score, price_rank, price_score, rank_average, surround_rank, surround_score, view_rank, view_score, score_id) values (?, ?, ?, ?, ?, ?, ?, ?, ?, ?)
insert into score (facility_rank, facility_score, price_rank, price_score, rank_average, surround_rank, surround_score, view_rank, view_score, score_id) values (2.7522042757545906, 5.131261936331373, 6.72577895802302, 7.825456430128552, 1.578797842040548, 7.138096919126563, 9.442699810207246, 1.7218751169378355, 8.704855574949896, 817);
2022-10-10 13:48:04.810  INFO 3923 --- [    Test worker] p6spy                                    : #1665377284810 | took 0ms | statement | connection 28| url jdbc:h2:mem:6a3784ae-1aa6-4bbf-b617-4d4aeabcc2af
insert into picture (spot_id, url, picture_id) values (?, ?, ?)
insert into picture (spot_id, url, picture_id) values (NULL, 'java.io.StringReader@1579e9d0', 3321);
2022-10-10 13:48:04.810  INFO 3923 --- [    Test worker] p6spy                                    : #1665377284810 | took 0ms | statement | connection 28| url jdbc:h2:mem:6a3784ae-1aa6-4bbf-b617-4d4aeabcc2af
insert into picture (spot_id, url, picture_id) values (?, ?, ?)
insert into picture (spot_id, url, picture_id) values (NULL, 'java.io.StringReader@5f4937e4', 3322);
2022-10-10 13:48:04.810  INFO 3923 --- [    Test worker] p6spy                                    : #1665377284810 | took 0ms | statement | connection 28| url jdbc:h2:mem:6a3784ae-1aa6-4bbf-b617-4d4aeabcc2af
insert into picture (spot_id, url, picture_id) values (?, ?, ?)
insert into picture (spot_id, url, picture_id) values (NULL, 'java.io.StringReader@5a1448d8', 3323);
2022-10-10 13:48:04.810  INFO 3923 --- [    Test worker] p6spy                                    : #1665377284810 | took 0ms | statement | connection 28| url jdbc:h2:mem:6a3784ae-1aa6-4bbf-b617-4d4aeabcc2af
insert into spot (address, description, location, name, score_id, spot_id) values (?, ?, ?, ?, ?, ?)
insert into spot (address, description, location, name, score_id, spot_id) values (NULL, NULL, 'Aewol_eup', NULL, 817, 885);
2022-10-10 13:48:04.810  INFO 3923 --- [    Test worker] p6spy                                    : #1665377284810 | took 0ms | statement | connection 28| url jdbc:h2:mem:6a3784ae-1aa6-4bbf-b617-4d4aeabcc2af
insert into member_spot (member_id, score, spot_id, member_spot_id) values (?, ?, ?, ?)
insert into member_spot (member_id, score, spot_id, member_spot_id) values (25, 0.0, 885, 3324);
2022-10-10 13:48:04.810  INFO 3923 --- [    Test worker] p6spy                                    : #1665377284810 | took 0ms | statement | connection 28| url jdbc:h2:mem:6a3784ae-1aa6-4bbf-b617-4d4aeabcc2af
insert into review (content, spot_id, review_id) values (?, ?, ?)
insert into review (content, spot_id, review_id) values ('java.io.StringReader@4cff57ab', 871, 819);
2022-10-10 13:48:04.810  INFO 3923 --- [    Test worker] p6spy                                    : #1665377284810 | took 0ms | statement | connection 28| url jdbc:h2:mem:6a3784ae-1aa6-4bbf-b617-4d4aeabcc2af
insert into favorite_spot (count, favorite_id, spot_id, favorite_spot_id) values (?, ?, ?, ?)
insert into favorite_spot (count, favorite_id, spot_id, favorite_spot_id) values (0, 44, 885, 586);
2022-10-10 13:48:04.810  INFO 3923 --- [    Test worker] p6spy                                    : #1665377284810 | took 0ms | statement | connection 28| url jdbc:h2:mem:6a3784ae-1aa6-4bbf-b617-4d4aeabcc2af
insert into score (facility_rank, facility_score, price_rank, price_score, rank_average, surround_rank, surround_score, view_rank, view_score, score_id) values (?, ?, ?, ?, ?, ?, ?, ?, ?, ?)
insert into score (facility_rank, facility_score, price_rank, price_score, rank_average, surround_rank, surround_score, view_rank, view_score, score_id) values (5.704912704211978, 9.245536388683748, 3.53539601867492, 1.955668740350165, 2.625784893859, 9.924253399214432, 0.013959447953768578, 3.764819122464237, 5.34565823106179, 818);
2022-10-10 13:48:04.810  INFO 3923 --- [    Test worker] p6spy                                    : #1665377284810 | took 0ms | statement | connection 28| url jdbc:h2:mem:6a3784ae-1aa6-4bbf-b617-4d4aeabcc2af
insert into picture (spot_id, url, picture_id) values (?, ?, ?)
insert into picture (spot_id, url, picture_id) values (NULL, 'java.io.StringReader@7f70a129', 3325);
2022-10-10 13:48:04.810  INFO 3923 --- [    Test worker] p6spy                                    : #1665377284810 | took 0ms | statement | connection 28| url jdbc:h2:mem:6a3784ae-1aa6-4bbf-b617-4d4aeabcc2af
insert into picture (spot_id, url, picture_id) values (?, ?, ?)
insert into picture (spot_id, url, picture_id) values (NULL, 'java.io.StringReader@6ce69be2', 3326);
2022-10-10 13:48:04.810  INFO 3923 --- [    Test worker] p6spy                                    : #1665377284810 | took 0ms | statement | connection 28| url jdbc:h2:mem:6a3784ae-1aa6-4bbf-b617-4d4aeabcc2af
insert into picture (spot_id, url, picture_id) values (?, ?, ?)
insert into picture (spot_id, url, picture_id) values (NULL, 'java.io.StringReader@7fa609b4', 3327);
2022-10-10 13:48:04.810  INFO 3923 --- [    Test worker] p6spy                                    : #1665377284810 | took 0ms | statement | connection 28| url jdbc:h2:mem:6a3784ae-1aa6-4bbf-b617-4d4aeabcc2af
insert into spot (address, description, location, name, score_id, spot_id) values (?, ?, ?, ?, ?, ?)
insert into spot (address, description, location, name, score_id, spot_id) values (NULL, NULL, 'Aewol_eup', NULL, 818, 886);
2022-10-10 13:48:04.810  INFO 3923 --- [    Test worker] p6spy                                    : #1665377284810 | took 0ms | statement | connection 28| url jdbc:h2:mem:6a3784ae-1aa6-4bbf-b617-4d4aeabcc2af
insert into member_spot (member_id, score, spot_id, member_spot_id) values (?, ?, ?, ?)
insert into member_spot (member_id, score, spot_id, member_spot_id) values (25, 0.0, 886, 3328);
2022-10-10 13:48:04.810  INFO 3923 --- [    Test worker] p6spy                                    : #1665377284810 | took 0ms | statement | connection 28| url jdbc:h2:mem:6a3784ae-1aa6-4bbf-b617-4d4aeabcc2af
insert into review (content, spot_id, review_id) values (?, ?, ?)
insert into review (content, spot_id, review_id) values ('java.io.StringReader@77a871ee', 871, 820);
2022-10-10 13:48:04.810  INFO 3923 --- [    Test worker] p6spy                                    : #1665377284810 | took 0ms | statement | connection 28| url jdbc:h2:mem:6a3784ae-1aa6-4bbf-b617-4d4aeabcc2af
insert into score (facility_rank, facility_score, price_rank, price_score, rank_average, surround_rank, surround_score, view_rank, view_score, score_id) values (?, ?, ?, ?, ?, ?, ?, ?, ?, ?)
insert into score (facility_rank, facility_score, price_rank, price_score, rank_average, surround_rank, surround_score, view_rank, view_score, score_id) values (8.755269315791939, 3.7179308915693, 8.358549757597856, 8.636301887579368, 6.942615042471283, 9.176575158974307, 0.9941485614820444, 4.456170434284651, 9.238965201484257, 819);
2022-10-10 13:48:04.810  INFO 3923 --- [    Test worker] p6spy                                    : #1665377284810 | took 0ms | statement | connection 28| url jdbc:h2:mem:6a3784ae-1aa6-4bbf-b617-4d4aeabcc2af
insert into picture (spot_id, url, picture_id) values (?, ?, ?)
insert into picture (spot_id, url, picture_id) values (NULL, 'java.io.StringReader@3e849b05', 3329);
2022-10-10 13:48:04.810  INFO 3923 --- [    Test worker] p6spy                                    : #1665377284810 | took 0ms | statement | connection 28| url jdbc:h2:mem:6a3784ae-1aa6-4bbf-b617-4d4aeabcc2af
insert into picture (spot_id, url, picture_id) values (?, ?, ?)
insert into picture (spot_id, url, picture_id) values (NULL, 'java.io.StringReader@1aca3cd', 3330);
2022-10-10 13:48:04.810  INFO 3923 --- [    Test worker] p6spy                                    : #1665377284810 | took 0ms | statement | connection 28| url jdbc:h2:mem:6a3784ae-1aa6-4bbf-b617-4d4aeabcc2af
insert into picture (spot_id, url, picture_id) values (?, ?, ?)
insert into picture (spot_id, url, picture_id) values (NULL, 'java.io.StringReader@28c8ec96', 3331);
2022-10-10 13:48:04.810  INFO 3923 --- [    Test worker] p6spy                                    : #1665377284810 | took 0ms | statement | connection 28| url jdbc:h2:mem:6a3784ae-1aa6-4bbf-b617-4d4aeabcc2af
insert into spot (address, description, location, name, score_id, spot_id) values (?, ?, ?, ?, ?, ?)
insert into spot (address, description, location, name, score_id, spot_id) values (NULL, NULL, 'Aewol_eup', NULL, 819, 887);
2022-10-10 13:48:04.810  INFO 3923 --- [    Test worker] p6spy                                    : #1665377284810 | took 0ms | statement | connection 28| url jdbc:h2:mem:6a3784ae-1aa6-4bbf-b617-4d4aeabcc2af
insert into member_spot (member_id, score, spot_id, member_spot_id) values (?, ?, ?, ?)
insert into member_spot (member_id, score, spot_id, member_spot_id) values (25, 0.0, 887, 3332);
2022-10-10 13:48:04.810  INFO 3923 --- [    Test worker] p6spy                                    : #1665377284810 | took 0ms | statement | connection 28| url jdbc:h2:mem:6a3784ae-1aa6-4bbf-b617-4d4aeabcc2af
insert into review (content, spot_id, review_id) values (?, ?, ?)
insert into review (content, spot_id, review_id) values ('java.io.StringReader@7a311a61', 871, 821);
2022-10-10 13:48:04.810  INFO 3923 --- [    Test worker] p6spy                                    : #1665377284810 | took 0ms | statement | connection 28| url jdbc:h2:mem:6a3784ae-1aa6-4bbf-b617-4d4aeabcc2af
insert into favorite_spot (count, favorite_id, spot_id, favorite_spot_id) values (?, ?, ?, ?)
insert into favorite_spot (count, favorite_id, spot_id, favorite_spot_id) values (0, 44, 887, 587);
2022-10-10 13:48:04.810  INFO 3923 --- [    Test worker] p6spy                                    : #1665377284810 | took 0ms | statement | connection 28| url jdbc:h2:mem:6a3784ae-1aa6-4bbf-b617-4d4aeabcc2af
insert into score (facility_rank, facility_score, price_rank, price_score, rank_average, surround_rank, surround_score, view_rank, view_score, score_id) values (?, ?, ?, ?, ?, ?, ?, ?, ?, ?)
insert into score (facility_rank, facility_score, price_rank, price_score, rank_average, surround_rank, surround_score, view_rank, view_score, score_id) values (7.190668304066893, 8.383552448495884, 6.240385822684472, 5.243259750068149, 7.752642966639587, 5.9704560571015195, 5.914832065934135, 8.875631769099936, 6.436744289584103, 820);
2022-10-10 13:48:04.810  INFO 3923 --- [    Test worker] p6spy                                    : #1665377284810 | took 0ms | statement | connection 28| url jdbc:h2:mem:6a3784ae-1aa6-4bbf-b617-4d4aeabcc2af
insert into picture (spot_id, url, picture_id) values (?, ?, ?)
insert into picture (spot_id, url, picture_id) values (NULL, 'java.io.StringReader@67f6d675', 3333);
2022-10-10 13:48:04.810  INFO 3923 --- [    Test worker] p6spy                                    : #1665377284810 | took 0ms | statement | connection 28| url jdbc:h2:mem:6a3784ae-1aa6-4bbf-b617-4d4aeabcc2af
insert into picture (spot_id, url, picture_id) values (?, ?, ?)
insert into picture (spot_id, url, picture_id) values (NULL, 'java.io.StringReader@7bd841ef', 3334);
2022-10-10 13:48:04.810  INFO 3923 --- [    Test worker] p6spy                                    : #1665377284810 | took 0ms | statement | connection 28| url jdbc:h2:mem:6a3784ae-1aa6-4bbf-b617-4d4aeabcc2af
insert into picture (spot_id, url, picture_id) values (?, ?, ?)
insert into picture (spot_id, url, picture_id) values (NULL, 'java.io.StringReader@39dbd9d1', 3335);
2022-10-10 13:48:04.810  INFO 3923 --- [    Test worker] p6spy                                    : #1665377284810 | took 0ms | statement | connection 28| url jdbc:h2:mem:6a3784ae-1aa6-4bbf-b617-4d4aeabcc2af
insert into spot (address, description, location, name, score_id, spot_id) values (?, ?, ?, ?, ?, ?)
insert into spot (address, description, location, name, score_id, spot_id) values (NULL, NULL, 'Aewol_eup', NULL, 820, 888);
2022-10-10 13:48:04.810  INFO 3923 --- [    Test worker] p6spy                                    : #1665377284810 | took 0ms | statement | connection 28| url jdbc:h2:mem:6a3784ae-1aa6-4bbf-b617-4d4aeabcc2af
insert into member_spot (member_id, score, spot_id, member_spot_id) values (?, ?, ?, ?)
insert into member_spot (member_id, score, spot_id, member_spot_id) values (25, 0.0, 888, 3336);
2022-10-10 13:48:04.810  INFO 3923 --- [    Test worker] p6spy                                    : #1665377284810 | took 0ms | statement | connection 28| url jdbc:h2:mem:6a3784ae-1aa6-4bbf-b617-4d4aeabcc2af
insert into review (content, spot_id, review_id) values (?, ?, ?)
insert into review (content, spot_id, review_id) values ('java.io.StringReader@6a1a3bb6', 871, 822);
2022-10-10 13:48:04.810  INFO 3923 --- [    Test worker] p6spy                                    : #1665377284810 | took 0ms | statement | connection 28| url jdbc:h2:mem:6a3784ae-1aa6-4bbf-b617-4d4aeabcc2af
insert into score (facility_rank, facility_score, price_rank, price_score, rank_average, surround_rank, surround_score, view_rank, view_score, score_id) values (?, ?, ?, ?, ?, ?, ?, ?, ?, ?)
insert into score (facility_rank, facility_score, price_rank, price_score, rank_average, surround_rank, surround_score, view_rank, view_score, score_id) values (1.7525021915321193, 4.89306048669946, 9.876323438913225, 0.6601266566817787, 9.010955984604466, 5.073154387619756, 5.774824520522193, 5.3768779460056, 1.3443337878727457, 821);
2022-10-10 13:48:04.811  INFO 3923 --- [    Test worker] p6spy                                    : #1665377284811 | took 0ms | statement | connection 28| url jdbc:h2:mem:6a3784ae-1aa6-4bbf-b617-4d4aeabcc2af
insert into picture (spot_id, url, picture_id) values (?, ?, ?)
insert into picture (spot_id, url, picture_id) values (NULL, 'java.io.StringReader@1f4fbb83', 3337);
2022-10-10 13:48:04.811  INFO 3923 --- [    Test worker] p6spy                                    : #1665377284811 | took 0ms | statement | connection 28| url jdbc:h2:mem:6a3784ae-1aa6-4bbf-b617-4d4aeabcc2af
insert into picture (spot_id, url, picture_id) values (?, ?, ?)
insert into picture (spot_id, url, picture_id) values (NULL, 'java.io.StringReader@4dd876d3', 3338);
2022-10-10 13:48:04.811  INFO 3923 --- [    Test worker] p6spy                                    : #1665377284811 | took 0ms | statement | connection 28| url jdbc:h2:mem:6a3784ae-1aa6-4bbf-b617-4d4aeabcc2af
insert into picture (spot_id, url, picture_id) values (?, ?, ?)
insert into picture (spot_id, url, picture_id) values (NULL, 'java.io.StringReader@611648ad', 3339);
2022-10-10 13:48:04.811  INFO 3923 --- [    Test worker] p6spy                                    : #1665377284811 | took 0ms | statement | connection 28| url jdbc:h2:mem:6a3784ae-1aa6-4bbf-b617-4d4aeabcc2af
insert into spot (address, description, location, name, score_id, spot_id) values (?, ?, ?, ?, ?, ?)
insert into spot (address, description, location, name, score_id, spot_id) values (NULL, NULL, 'Aewol_eup', NULL, 821, 889);
2022-10-10 13:48:04.811  INFO 3923 --- [    Test worker] p6spy                                    : #1665377284811 | took 0ms | statement | connection 28| url jdbc:h2:mem:6a3784ae-1aa6-4bbf-b617-4d4aeabcc2af
insert into member_spot (member_id, score, spot_id, member_spot_id) values (?, ?, ?, ?)
insert into member_spot (member_id, score, spot_id, member_spot_id) values (25, 0.0, 889, 3340);
2022-10-10 13:48:04.811  INFO 3923 --- [    Test worker] p6spy                                    : #1665377284811 | took 0ms | statement | connection 28| url jdbc:h2:mem:6a3784ae-1aa6-4bbf-b617-4d4aeabcc2af
insert into review (content, spot_id, review_id) values (?, ?, ?)
insert into review (content, spot_id, review_id) values ('java.io.StringReader@5f58e99d', 871, 823);
2022-10-10 13:48:04.811  INFO 3923 --- [    Test worker] p6spy                                    : #1665377284811 | took 0ms | statement | connection 28| url jdbc:h2:mem:6a3784ae-1aa6-4bbf-b617-4d4aeabcc2af
insert into favorite_spot (count, favorite_id, spot_id, favorite_spot_id) values (?, ?, ?, ?)
insert into favorite_spot (count, favorite_id, spot_id, favorite_spot_id) values (0, 44, 889, 588);
2022-10-10 13:48:04.811  INFO 3923 --- [    Test worker] p6spy                                    : #1665377284811 | took 0ms | statement | connection 28| url jdbc:h2:mem:6a3784ae-1aa6-4bbf-b617-4d4aeabcc2af
insert into score (facility_rank, facility_score, price_rank, price_score, rank_average, surround_rank, surround_score, view_rank, view_score, score_id) values (?, ?, ?, ?, ?, ?, ?, ?, ?, ?)
insert into score (facility_rank, facility_score, price_rank, price_score, rank_average, surround_rank, surround_score, view_rank, view_score, score_id) values (3.953206052950302, 1.348990946251265, 9.006943160519596, 9.343536381842792, 7.809617941239534, 0.3797894636533339, 2.800350165146285, 4.8953528108205795, 3.91071496854864, 822);
2022-10-10 13:48:04.811  INFO 3923 --- [    Test worker] p6spy                                    : #1665377284811 | took 0ms | statement | connection 28| url jdbc:h2:mem:6a3784ae-1aa6-4bbf-b617-4d4aeabcc2af
insert into picture (spot_id, url, picture_id) values (?, ?, ?)
insert into picture (spot_id, url, picture_id) values (NULL, 'java.io.StringReader@ab2b222', 3341);
2022-10-10 13:48:04.811  INFO 3923 --- [    Test worker] p6spy                                    : #1665377284811 | took 0ms | statement | connection 28| url jdbc:h2:mem:6a3784ae-1aa6-4bbf-b617-4d4aeabcc2af
insert into picture (spot_id, url, picture_id) values (?, ?, ?)
insert into picture (spot_id, url, picture_id) values (NULL, 'java.io.StringReader@5ffebf35', 3342);
2022-10-10 13:48:04.811  INFO 3923 --- [    Test worker] p6spy                                    : #1665377284811 | took 0ms | statement | connection 28| url jdbc:h2:mem:6a3784ae-1aa6-4bbf-b617-4d4aeabcc2af
insert into picture (spot_id, url, picture_id) values (?, ?, ?)
insert into picture (spot_id, url, picture_id) values (NULL, 'java.io.StringReader@4867cf6b', 3343);
2022-10-10 13:48:04.811  INFO 3923 --- [    Test worker] p6spy                                    : #1665377284811 | took 0ms | statement | connection 28| url jdbc:h2:mem:6a3784ae-1aa6-4bbf-b617-4d4aeabcc2af
insert into spot (address, description, location, name, score_id, spot_id) values (?, ?, ?, ?, ?, ?)
insert into spot (address, description, location, name, score_id, spot_id) values (NULL, NULL, 'Aewol_eup', NULL, 822, 890);
2022-10-10 13:48:04.811  INFO 3923 --- [    Test worker] p6spy                                    : #1665377284811 | took 0ms | statement | connection 28| url jdbc:h2:mem:6a3784ae-1aa6-4bbf-b617-4d4aeabcc2af
insert into member_spot (member_id, score, spot_id, member_spot_id) values (?, ?, ?, ?)
insert into member_spot (member_id, score, spot_id, member_spot_id) values (25, 0.0, 890, 3344);
2022-10-10 13:48:04.811  INFO 3923 --- [    Test worker] p6spy                                    : #1665377284811 | took 0ms | statement | connection 28| url jdbc:h2:mem:6a3784ae-1aa6-4bbf-b617-4d4aeabcc2af
insert into review (content, spot_id, review_id) values (?, ?, ?)
insert into review (content, spot_id, review_id) values ('java.io.StringReader@7c3d3077', 871, 824);
2022-10-10 13:48:04.811  INFO 3923 --- [    Test worker] p6spy                                    : #1665377284811 | took 0ms | statement | connection 28| url jdbc:h2:mem:6a3784ae-1aa6-4bbf-b617-4d4aeabcc2af
insert into score (facility_rank, facility_score, price_rank, price_score, rank_average, surround_rank, surround_score, view_rank, view_score, score_id) values (?, ?, ?, ?, ?, ?, ?, ?, ?, ?)
insert into score (facility_rank, facility_score, price_rank, price_score, rank_average, surround_rank, surround_score, view_rank, view_score, score_id) values (5.151556007864668, 2.109826931883675, 5.567069789404671, 8.722372517218638, 4.545896524940879, 3.6519722078114123, 9.911211288370058, 0.3782458390329768, 7.550136271491619, 823);
2022-10-10 13:48:04.811  INFO 3923 --- [    Test worker] p6spy                                    : #1665377284811 | took 0ms | statement | connection 28| url jdbc:h2:mem:6a3784ae-1aa6-4bbf-b617-4d4aeabcc2af
insert into picture (spot_id, url, picture_id) values (?, ?, ?)
insert into picture (spot_id, url, picture_id) values (NULL, 'java.io.StringReader@23a2bbb9', 3345);
2022-10-10 13:48:04.811  INFO 3923 --- [    Test worker] p6spy                                    : #1665377284811 | took 0ms | statement | connection 28| url jdbc:h2:mem:6a3784ae-1aa6-4bbf-b617-4d4aeabcc2af
insert into picture (spot_id, url, picture_id) values (?, ?, ?)
insert into picture (spot_id, url, picture_id) values (NULL, 'java.io.StringReader@14df81b', 3346);
2022-10-10 13:48:04.811  INFO 3923 --- [    Test worker] p6spy                                    : #1665377284811 | took 0ms | statement | connection 28| url jdbc:h2:mem:6a3784ae-1aa6-4bbf-b617-4d4aeabcc2af
insert into picture (spot_id, url, picture_id) values (?, ?, ?)
insert into picture (spot_id, url, picture_id) values (NULL, 'java.io.StringReader@9462338', 3347);
2022-10-10 13:48:04.811  INFO 3923 --- [    Test worker] p6spy                                    : #1665377284811 | took 0ms | statement | connection 28| url jdbc:h2:mem:6a3784ae-1aa6-4bbf-b617-4d4aeabcc2af
insert into spot (address, description, location, name, score_id, spot_id) values (?, ?, ?, ?, ?, ?)
insert into spot (address, description, location, name, score_id, spot_id) values (NULL, NULL, 'Aewol_eup', NULL, 823, 891);
2022-10-10 13:48:04.811  INFO 3923 --- [    Test worker] p6spy                                    : #1665377284811 | took 0ms | statement | connection 28| url jdbc:h2:mem:6a3784ae-1aa6-4bbf-b617-4d4aeabcc2af
insert into member_spot (member_id, score, spot_id, member_spot_id) values (?, ?, ?, ?)
insert into member_spot (member_id, score, spot_id, member_spot_id) values (25, 0.0, 891, 3348);
2022-10-10 13:48:04.811  INFO 3923 --- [    Test worker] p6spy                                    : #1665377284811 | took 0ms | statement | connection 28| url jdbc:h2:mem:6a3784ae-1aa6-4bbf-b617-4d4aeabcc2af
insert into review (content, spot_id, review_id) values (?, ?, ?)
insert into review (content, spot_id, review_id) values ('java.io.StringReader@13315bcd', 871, 825);
2022-10-10 13:48:04.811  INFO 3923 --- [    Test worker] p6spy                                    : #1665377284811 | took 0ms | statement | connection 28| url jdbc:h2:mem:6a3784ae-1aa6-4bbf-b617-4d4aeabcc2af
insert into favorite_spot (count, favorite_id, spot_id, favorite_spot_id) values (?, ?, ?, ?)
insert into favorite_spot (count, favorite_id, spot_id, favorite_spot_id) values (0, 44, 891, 589);
2022-10-10 13:48:04.811  INFO 3923 --- [    Test worker] p6spy                                    : #1665377284811 | took 0ms | statement | connection 28| url jdbc:h2:mem:6a3784ae-1aa6-4bbf-b617-4d4aeabcc2af
insert into score (facility_rank, facility_score, price_rank, price_score, rank_average, surround_rank, surround_score, view_rank, view_score, score_id) values (?, ?, ?, ?, ?, ?, ?, ?, ?, ?)
insert into score (facility_rank, facility_score, price_rank, price_score, rank_average, surround_rank, surround_score, view_rank, view_score, score_id) values (0.1889444794334294, 0.3303642567629983, 9.143903584084585, 6.461722955666916, 4.432442179000894, 2.9993662925789932, 7.376582007514631, 9.488206858068933, 1.9349603091388656, 824);
2022-10-10 13:48:04.811  INFO 3923 --- [    Test worker] p6spy                                    : #1665377284811 | took 0ms | statement | connection 28| url jdbc:h2:mem:6a3784ae-1aa6-4bbf-b617-4d4aeabcc2af
insert into picture (spot_id, url, picture_id) values (?, ?, ?)
insert into picture (spot_id, url, picture_id) values (NULL, 'java.io.StringReader@597192d', 3349);
2022-10-10 13:48:04.811  INFO 3923 --- [    Test worker] p6spy                                    : #1665377284811 | took 0ms | statement | connection 28| url jdbc:h2:mem:6a3784ae-1aa6-4bbf-b617-4d4aeabcc2af
insert into picture (spot_id, url, picture_id) values (?, ?, ?)
insert into picture (spot_id, url, picture_id) values (NULL, 'java.io.StringReader@7636c2ab', 3350);
2022-10-10 13:48:04.811  INFO 3923 --- [    Test worker] p6spy                                    : #1665377284811 | took 0ms | statement | connection 28| url jdbc:h2:mem:6a3784ae-1aa6-4bbf-b617-4d4aeabcc2af
insert into picture (spot_id, url, picture_id) values (?, ?, ?)
insert into picture (spot_id, url, picture_id) values (NULL, 'java.io.StringReader@364a139a', 3351);
2022-10-10 13:48:04.811  INFO 3923 --- [    Test worker] p6spy                                    : #1665377284811 | took 0ms | statement | connection 28| url jdbc:h2:mem:6a3784ae-1aa6-4bbf-b617-4d4aeabcc2af
insert into spot (address, description, location, name, score_id, spot_id) values (?, ?, ?, ?, ?, ?)
insert into spot (address, description, location, name, score_id, spot_id) values (NULL, NULL, 'Aewol_eup', NULL, 824, 892);
2022-10-10 13:48:04.811  INFO 3923 --- [    Test worker] p6spy                                    : #1665377284811 | took 0ms | statement | connection 28| url jdbc:h2:mem:6a3784ae-1aa6-4bbf-b617-4d4aeabcc2af
insert into member_spot (member_id, score, spot_id, member_spot_id) values (?, ?, ?, ?)
insert into member_spot (member_id, score, spot_id, member_spot_id) values (25, 0.0, 892, 3352);
2022-10-10 13:48:04.811  INFO 3923 --- [    Test worker] p6spy                                    : #1665377284811 | took 0ms | statement | connection 28| url jdbc:h2:mem:6a3784ae-1aa6-4bbf-b617-4d4aeabcc2af
insert into review (content, spot_id, review_id) values (?, ?, ?)
insert into review (content, spot_id, review_id) values ('java.io.StringReader@6c4cdba8', 871, 826);
2022-10-10 13:48:04.811  INFO 3923 --- [    Test worker] p6spy                                    : #1665377284811 | took 0ms | statement | connection 28| url jdbc:h2:mem:6a3784ae-1aa6-4bbf-b617-4d4aeabcc2af
insert into score (facility_rank, facility_score, price_rank, price_score, rank_average, surround_rank, surround_score, view_rank, view_score, score_id) values (?, ?, ?, ?, ?, ?, ?, ?, ?, ?)
insert into score (facility_rank, facility_score, price_rank, price_score, rank_average, surround_rank, surround_score, view_rank, view_score, score_id) values (8.064049870715802, 9.881011854734988, 9.980978440421243, 9.715017757136744, 9.391386533206077, 7.245115792344475, 2.2630199843974577, 0.39550620418326576, 1.4948967550847436, 825);
2022-10-10 13:48:04.811  INFO 3923 --- [    Test worker] p6spy                                    : #1665377284811 | took 0ms | statement | connection 28| url jdbc:h2:mem:6a3784ae-1aa6-4bbf-b617-4d4aeabcc2af
insert into picture (spot_id, url, picture_id) values (?, ?, ?)
insert into picture (spot_id, url, picture_id) values (NULL, 'java.io.StringReader@22b0e7e2', 3353);
2022-10-10 13:48:04.811  INFO 3923 --- [    Test worker] p6spy                                    : #1665377284811 | took 0ms | statement | connection 28| url jdbc:h2:mem:6a3784ae-1aa6-4bbf-b617-4d4aeabcc2af
insert into picture (spot_id, url, picture_id) values (?, ?, ?)
insert into picture (spot_id, url, picture_id) values (NULL, 'java.io.StringReader@a2b45b7', 3354);
2022-10-10 13:48:04.811  INFO 3923 --- [    Test worker] p6spy                                    : #1665377284811 | took 0ms | statement | connection 28| url jdbc:h2:mem:6a3784ae-1aa6-4bbf-b617-4d4aeabcc2af
insert into picture (spot_id, url, picture_id) values (?, ?, ?)
insert into picture (spot_id, url, picture_id) values (NULL, 'java.io.StringReader@41f26bab', 3355);
2022-10-10 13:48:04.811  INFO 3923 --- [    Test worker] p6spy                                    : #1665377284811 | took 0ms | statement | connection 28| url jdbc:h2:mem:6a3784ae-1aa6-4bbf-b617-4d4aeabcc2af
insert into spot (address, description, location, name, score_id, spot_id) values (?, ?, ?, ?, ?, ?)
insert into spot (address, description, location, name, score_id, spot_id) values (NULL, NULL, 'Aewol_eup', NULL, 825, 893);
2022-10-10 13:48:04.811  INFO 3923 --- [    Test worker] p6spy                                    : #1665377284811 | took 0ms | statement | connection 28| url jdbc:h2:mem:6a3784ae-1aa6-4bbf-b617-4d4aeabcc2af
insert into member_spot (member_id, score, spot_id, member_spot_id) values (?, ?, ?, ?)
insert into member_spot (member_id, score, spot_id, member_spot_id) values (25, 0.0, 893, 3356);
2022-10-10 13:48:04.812  INFO 3923 --- [    Test worker] p6spy                                    : #1665377284812 | took 0ms | statement | connection 28| url jdbc:h2:mem:6a3784ae-1aa6-4bbf-b617-4d4aeabcc2af
insert into review (content, spot_id, review_id) values (?, ?, ?)
insert into review (content, spot_id, review_id) values ('java.io.StringReader@1406857c', 871, 827);
2022-10-10 13:48:04.812  INFO 3923 --- [    Test worker] p6spy                                    : #1665377284812 | took 0ms | statement | connection 28| url jdbc:h2:mem:6a3784ae-1aa6-4bbf-b617-4d4aeabcc2af
insert into favorite_spot (count, favorite_id, spot_id, favorite_spot_id) values (?, ?, ?, ?)
insert into favorite_spot (count, favorite_id, spot_id, favorite_spot_id) values (0, 44, 893, 590);
2022-10-10 13:48:04.812  INFO 3923 --- [    Test worker] p6spy                                    : #1665377284812 | took 0ms | statement | connection 28| url jdbc:h2:mem:6a3784ae-1aa6-4bbf-b617-4d4aeabcc2af
insert into score (facility_rank, facility_score, price_rank, price_score, rank_average, surround_rank, surround_score, view_rank, view_score, score_id) values (?, ?, ?, ?, ?, ?, ?, ?, ?, ?)
insert into score (facility_rank, facility_score, price_rank, price_score, rank_average, surround_rank, surround_score, view_rank, view_score, score_id) values (9.029120549704935, 9.051089524268708, 3.850204358342765, 1.958782532888813, 6.489331411366242, 6.352899504304572, 9.95283434921986, 0.1486492308690912, 3.9802713893084842, 826);
2022-10-10 13:48:04.812  INFO 3923 --- [    Test worker] p6spy                                    : #1665377284812 | took 0ms | statement | connection 28| url jdbc:h2:mem:6a3784ae-1aa6-4bbf-b617-4d4aeabcc2af
insert into picture (spot_id, url, picture_id) values (?, ?, ?)
insert into picture (spot_id, url, picture_id) values (NULL, 'java.io.StringReader@357c1ad', 3357);
2022-10-10 13:48:04.812  INFO 3923 --- [    Test worker] p6spy                                    : #1665377284812 | took 0ms | statement | connection 28| url jdbc:h2:mem:6a3784ae-1aa6-4bbf-b617-4d4aeabcc2af
insert into picture (spot_id, url, picture_id) values (?, ?, ?)
insert into picture (spot_id, url, picture_id) values (NULL, 'java.io.StringReader@37fb0796', 3358);
2022-10-10 13:48:04.812  INFO 3923 --- [    Test worker] p6spy                                    : #1665377284812 | took 0ms | statement | connection 28| url jdbc:h2:mem:6a3784ae-1aa6-4bbf-b617-4d4aeabcc2af
insert into picture (spot_id, url, picture_id) values (?, ?, ?)
insert into picture (spot_id, url, picture_id) values (NULL, 'java.io.StringReader@20b58b3d', 3359);
2022-10-10 13:48:04.812  INFO 3923 --- [    Test worker] p6spy                                    : #1665377284812 | took 0ms | statement | connection 28| url jdbc:h2:mem:6a3784ae-1aa6-4bbf-b617-4d4aeabcc2af
insert into spot (address, description, location, name, score_id, spot_id) values (?, ?, ?, ?, ?, ?)
insert into spot (address, description, location, name, score_id, spot_id) values (NULL, NULL, 'Aewol_eup', NULL, 826, 894);
2022-10-10 13:48:04.812  INFO 3923 --- [    Test worker] p6spy                                    : #1665377284812 | took 0ms | statement | connection 28| url jdbc:h2:mem:6a3784ae-1aa6-4bbf-b617-4d4aeabcc2af
insert into member_spot (member_id, score, spot_id, member_spot_id) values (?, ?, ?, ?)
insert into member_spot (member_id, score, spot_id, member_spot_id) values (25, 0.0, 894, 3360);
2022-10-10 13:48:04.812  INFO 3923 --- [    Test worker] p6spy                                    : #1665377284812 | took 0ms | statement | connection 28| url jdbc:h2:mem:6a3784ae-1aa6-4bbf-b617-4d4aeabcc2af
insert into review (content, spot_id, review_id) values (?, ?, ?)
insert into review (content, spot_id, review_id) values ('java.io.StringReader@85d703b', 871, 828);
2022-10-10 13:48:04.812  INFO 3923 --- [    Test worker] p6spy                                    : #1665377284812 | took 0ms | statement | connection 28| url jdbc:h2:mem:6a3784ae-1aa6-4bbf-b617-4d4aeabcc2af
insert into score (facility_rank, facility_score, price_rank, price_score, rank_average, surround_rank, surround_score, view_rank, view_score, score_id) values (?, ?, ?, ?, ?, ?, ?, ?, ?, ?)
insert into score (facility_rank, facility_score, price_rank, price_score, rank_average, surround_rank, surround_score, view_rank, view_score, score_id) values (0.25921896526791777, 4.557609014222914, 6.910124526876029, 8.364100633720643, 3.523771231223354, 4.460003807080504, 8.006594388484052, 2.169903544656414, 6.77818811920904, 827);
2022-10-10 13:48:04.812  INFO 3923 --- [    Test worker] p6spy                                    : #1665377284812 | took 0ms | statement | connection 28| url jdbc:h2:mem:6a3784ae-1aa6-4bbf-b617-4d4aeabcc2af
insert into picture (spot_id, url, picture_id) values (?, ?, ?)
insert into picture (spot_id, url, picture_id) values (NULL, 'java.io.StringReader@1321e961', 3361);
2022-10-10 13:48:04.812  INFO 3923 --- [    Test worker] p6spy                                    : #1665377284812 | took 0ms | statement | connection 28| url jdbc:h2:mem:6a3784ae-1aa6-4bbf-b617-4d4aeabcc2af
insert into picture (spot_id, url, picture_id) values (?, ?, ?)
insert into picture (spot_id, url, picture_id) values (NULL, 'java.io.StringReader@2214387f', 3362);
2022-10-10 13:48:04.812  INFO 3923 --- [    Test worker] p6spy                                    : #1665377284812 | took 0ms | statement | connection 28| url jdbc:h2:mem:6a3784ae-1aa6-4bbf-b617-4d4aeabcc2af
insert into picture (spot_id, url, picture_id) values (?, ?, ?)
insert into picture (spot_id, url, picture_id) values (NULL, 'java.io.StringReader@155e709f', 3363);
2022-10-10 13:48:04.812  INFO 3923 --- [    Test worker] p6spy                                    : #1665377284812 | took 0ms | statement | connection 28| url jdbc:h2:mem:6a3784ae-1aa6-4bbf-b617-4d4aeabcc2af
insert into spot (address, description, location, name, score_id, spot_id) values (?, ?, ?, ?, ?, ?)
insert into spot (address, description, location, name, score_id, spot_id) values (NULL, NULL, 'Aewol_eup', NULL, 827, 895);
2022-10-10 13:48:04.812  INFO 3923 --- [    Test worker] p6spy                                    : #1665377284812 | took 0ms | statement | connection 28| url jdbc:h2:mem:6a3784ae-1aa6-4bbf-b617-4d4aeabcc2af
insert into member_spot (member_id, score, spot_id, member_spot_id) values (?, ?, ?, ?)
insert into member_spot (member_id, score, spot_id, member_spot_id) values (25, 0.0, 895, 3364);
2022-10-10 13:48:04.812  INFO 3923 --- [    Test worker] p6spy                                    : #1665377284812 | took 0ms | statement | connection 28| url jdbc:h2:mem:6a3784ae-1aa6-4bbf-b617-4d4aeabcc2af
insert into review (content, spot_id, review_id) values (?, ?, ?)
insert into review (content, spot_id, review_id) values ('java.io.StringReader@735a6ac2', 871, 829);
2022-10-10 13:48:04.812  INFO 3923 --- [    Test worker] p6spy                                    : #1665377284812 | took 0ms | statement | connection 28| url jdbc:h2:mem:6a3784ae-1aa6-4bbf-b617-4d4aeabcc2af
insert into favorite_spot (count, favorite_id, spot_id, favorite_spot_id) values (?, ?, ?, ?)
insert into favorite_spot (count, favorite_id, spot_id, favorite_spot_id) values (0, 44, 895, 591);
2022-10-10 13:48:04.812  INFO 3923 --- [    Test worker] p6spy                                    : #1665377284812 | took 0ms | statement | connection 28| url jdbc:h2:mem:6a3784ae-1aa6-4bbf-b617-4d4aeabcc2af
insert into score (facility_rank, facility_score, price_rank, price_score, rank_average, surround_rank, surround_score, view_rank, view_score, score_id) values (?, ?, ?, ?, ?, ?, ?, ?, ?, ?)
insert into score (facility_rank, facility_score, price_rank, price_score, rank_average, surround_rank, surround_score, view_rank, view_score, score_id) values (6.953095969795326, 4.573048234652405, 1.7493327785700374, 1.2897609085781792, 8.482578390865505, 4.126329867130789, 5.931466738317041, 7.600737825289413, 0.555417186841709, 828);
2022-10-10 13:48:04.812  INFO 3923 --- [    Test worker] p6spy                                    : #1665377284812 | took 0ms | statement | connection 28| url jdbc:h2:mem:6a3784ae-1aa6-4bbf-b617-4d4aeabcc2af
insert into picture (spot_id, url, picture_id) values (?, ?, ?)
insert into picture (spot_id, url, picture_id) values (NULL, 'java.io.StringReader@61634350', 3365);
2022-10-10 13:48:04.812  INFO 3923 --- [    Test worker] p6spy                                    : #1665377284812 | took 0ms | statement | connection 28| url jdbc:h2:mem:6a3784ae-1aa6-4bbf-b617-4d4aeabcc2af
insert into picture (spot_id, url, picture_id) values (?, ?, ?)
insert into picture (spot_id, url, picture_id) values (NULL, 'java.io.StringReader@5c65391a', 3366);
2022-10-10 13:48:04.812  INFO 3923 --- [    Test worker] p6spy                                    : #1665377284812 | took 0ms | statement | connection 28| url jdbc:h2:mem:6a3784ae-1aa6-4bbf-b617-4d4aeabcc2af
insert into picture (spot_id, url, picture_id) values (?, ?, ?)
insert into picture (spot_id, url, picture_id) values (NULL, 'java.io.StringReader@71f70ab7', 3367);
2022-10-10 13:48:04.812  INFO 3923 --- [    Test worker] p6spy                                    : #1665377284812 | took 0ms | statement | connection 28| url jdbc:h2:mem:6a3784ae-1aa6-4bbf-b617-4d4aeabcc2af
insert into spot (address, description, location, name, score_id, spot_id) values (?, ?, ?, ?, ?, ?)
insert into spot (address, description, location, name, score_id, spot_id) values (NULL, NULL, 'Aewol_eup', NULL, 828, 896);
2022-10-10 13:48:04.812  INFO 3923 --- [    Test worker] p6spy                                    : #1665377284812 | took 0ms | statement | connection 28| url jdbc:h2:mem:6a3784ae-1aa6-4bbf-b617-4d4aeabcc2af
insert into member_spot (member_id, score, spot_id, member_spot_id) values (?, ?, ?, ?)
insert into member_spot (member_id, score, spot_id, member_spot_id) values (25, 0.0, 896, 3368);
2022-10-10 13:48:04.812  INFO 3923 --- [    Test worker] p6spy                                    : #1665377284812 | took 0ms | statement | connection 28| url jdbc:h2:mem:6a3784ae-1aa6-4bbf-b617-4d4aeabcc2af
insert into review (content, spot_id, review_id) values (?, ?, ?)
insert into review (content, spot_id, review_id) values ('java.io.StringReader@75b696f', 871, 830);
2022-10-10 13:48:04.812  INFO 3923 --- [    Test worker] p6spy                                    : #1665377284812 | took 0ms | statement | connection 28| url jdbc:h2:mem:6a3784ae-1aa6-4bbf-b617-4d4aeabcc2af
insert into score (facility_rank, facility_score, price_rank, price_score, rank_average, surround_rank, surround_score, view_rank, view_score, score_id) values (?, ?, ?, ?, ?, ?, ?, ?, ?, ?)
insert into score (facility_rank, facility_score, price_rank, price_score, rank_average, surround_rank, surround_score, view_rank, view_score, score_id) values (9.453499125072472, 4.13910084950216, 9.245283480833281, 1.7959534946090527, 4.804789852157652, 8.228929601823321, 4.00297918249135, 6.4936730955093855, 6.153546347150385, 829);
2022-10-10 13:48:04.812  INFO 3923 --- [    Test worker] p6spy                                    : #1665377284812 | took 0ms | statement | connection 28| url jdbc:h2:mem:6a3784ae-1aa6-4bbf-b617-4d4aeabcc2af
insert into picture (spot_id, url, picture_id) values (?, ?, ?)
insert into picture (spot_id, url, picture_id) values (NULL, 'java.io.StringReader@1ed925b3', 3369);
2022-10-10 13:48:04.812  INFO 3923 --- [    Test worker] p6spy                                    : #1665377284812 | took 0ms | statement | connection 28| url jdbc:h2:mem:6a3784ae-1aa6-4bbf-b617-4d4aeabcc2af
insert into picture (spot_id, url, picture_id) values (?, ?, ?)
insert into picture (spot_id, url, picture_id) values (NULL, 'java.io.StringReader@465efa53', 3370);
2022-10-10 13:48:04.812  INFO 3923 --- [    Test worker] p6spy                                    : #1665377284812 | took 0ms | statement | connection 28| url jdbc:h2:mem:6a3784ae-1aa6-4bbf-b617-4d4aeabcc2af
insert into picture (spot_id, url, picture_id) values (?, ?, ?)
insert into picture (spot_id, url, picture_id) values (NULL, 'java.io.StringReader@4064788d', 3371);
2022-10-10 13:48:04.812  INFO 3923 --- [    Test worker] p6spy                                    : #1665377284812 | took 0ms | statement | connection 28| url jdbc:h2:mem:6a3784ae-1aa6-4bbf-b617-4d4aeabcc2af
insert into spot (address, description, location, name, score_id, spot_id) values (?, ?, ?, ?, ?, ?)
insert into spot (address, description, location, name, score_id, spot_id) values (NULL, NULL, 'Aewol_eup', NULL, 829, 897);
2022-10-10 13:48:04.812  INFO 3923 --- [    Test worker] p6spy                                    : #1665377284812 | took 0ms | statement | connection 28| url jdbc:h2:mem:6a3784ae-1aa6-4bbf-b617-4d4aeabcc2af
insert into member_spot (member_id, score, spot_id, member_spot_id) values (?, ?, ?, ?)
insert into member_spot (member_id, score, spot_id, member_spot_id) values (25, 0.0, 897, 3372);
2022-10-10 13:48:04.812  INFO 3923 --- [    Test worker] p6spy                                    : #1665377284812 | took 0ms | statement | connection 28| url jdbc:h2:mem:6a3784ae-1aa6-4bbf-b617-4d4aeabcc2af
insert into review (content, spot_id, review_id) values (?, ?, ?)
insert into review (content, spot_id, review_id) values ('java.io.StringReader@2397158a', 871, 831);
2022-10-10 13:48:04.812  INFO 3923 --- [    Test worker] p6spy                                    : #1665377284812 | took 0ms | statement | connection 28| url jdbc:h2:mem:6a3784ae-1aa6-4bbf-b617-4d4aeabcc2af
insert into favorite_spot (count, favorite_id, spot_id, favorite_spot_id) values (?, ?, ?, ?)
insert into favorite_spot (count, favorite_id, spot_id, favorite_spot_id) values (0, 44, 897, 592);
2022-10-10 13:48:04.812  INFO 3923 --- [    Test worker] p6spy                                    : #1665377284812 | took 0ms | statement | connection 28| url jdbc:h2:mem:6a3784ae-1aa6-4bbf-b617-4d4aeabcc2af
insert into score (facility_rank, facility_score, price_rank, price_score, rank_average, surround_rank, surround_score, view_rank, view_score, score_id) values (?, ?, ?, ?, ?, ?, ?, ?, ?, ?)
insert into score (facility_rank, facility_score, price_rank, price_score, rank_average, surround_rank, surround_score, view_rank, view_score, score_id) values (3.3857383543950705, 0.14466992368663223, 6.162959111998703, 8.62577767160891, 4.821082169545818, 8.60009198770732, 4.941662225192079, 6.607299041435741, 8.806262525174077, 830);
2022-10-10 13:48:04.812  INFO 3923 --- [    Test worker] p6spy                                    : #1665377284812 | took 0ms | statement | connection 28| url jdbc:h2:mem:6a3784ae-1aa6-4bbf-b617-4d4aeabcc2af
insert into picture (spot_id, url, picture_id) values (?, ?, ?)
insert into picture (spot_id, url, picture_id) values (NULL, 'java.io.StringReader@519a0a93', 3373);
2022-10-10 13:48:04.813  INFO 3923 --- [    Test worker] p6spy                                    : #1665377284812 | took 0ms | statement | connection 28| url jdbc:h2:mem:6a3784ae-1aa6-4bbf-b617-4d4aeabcc2af
insert into picture (spot_id, url, picture_id) values (?, ?, ?)
insert into picture (spot_id, url, picture_id) values (NULL, 'java.io.StringReader@124453c0', 3374);
2022-10-10 13:48:04.813  INFO 3923 --- [    Test worker] p6spy                                    : #1665377284813 | took 0ms | statement | connection 28| url jdbc:h2:mem:6a3784ae-1aa6-4bbf-b617-4d4aeabcc2af
insert into picture (spot_id, url, picture_id) values (?, ?, ?)
insert into picture (spot_id, url, picture_id) values (NULL, 'java.io.StringReader@25cd99e5', 3375);
2022-10-10 13:48:04.813  INFO 3923 --- [    Test worker] p6spy                                    : #1665377284813 | took 0ms | statement | connection 28| url jdbc:h2:mem:6a3784ae-1aa6-4bbf-b617-4d4aeabcc2af
insert into spot (address, description, location, name, score_id, spot_id) values (?, ?, ?, ?, ?, ?)
insert into spot (address, description, location, name, score_id, spot_id) values (NULL, NULL, 'Aewol_eup', NULL, 830, 898);
2022-10-10 13:48:04.813  INFO 3923 --- [    Test worker] p6spy                                    : #1665377284813 | took 0ms | statement | connection 28| url jdbc:h2:mem:6a3784ae-1aa6-4bbf-b617-4d4aeabcc2af
insert into member_spot (member_id, score, spot_id, member_spot_id) values (?, ?, ?, ?)
insert into member_spot (member_id, score, spot_id, member_spot_id) values (25, 0.0, 898, 3376);
2022-10-10 13:48:04.813  INFO 3923 --- [    Test worker] p6spy                                    : #1665377284813 | took 0ms | statement | connection 28| url jdbc:h2:mem:6a3784ae-1aa6-4bbf-b617-4d4aeabcc2af
insert into review (content, spot_id, review_id) values (?, ?, ?)
insert into review (content, spot_id, review_id) values ('java.io.StringReader@510e08df', 871, 832);
2022-10-10 13:48:04.813  INFO 3923 --- [    Test worker] p6spy                                    : #1665377284813 | took 0ms | statement | connection 28| url jdbc:h2:mem:6a3784ae-1aa6-4bbf-b617-4d4aeabcc2af
insert into score (facility_rank, facility_score, price_rank, price_score, rank_average, surround_rank, surround_score, view_rank, view_score, score_id) values (?, ?, ?, ?, ?, ?, ?, ?, ?, ?)
insert into score (facility_rank, facility_score, price_rank, price_score, rank_average, surround_rank, surround_score, view_rank, view_score, score_id) values (7.790494143492501, 5.386197550525918, 2.5452134561972937, 5.541348754179246, 7.715935336954503, 6.787520553096975, 3.657240561201347, 8.339828719077486, 3.5450750758581284, 831);
2022-10-10 13:48:04.813  INFO 3923 --- [    Test worker] p6spy                                    : #1665377284813 | took 0ms | statement | connection 28| url jdbc:h2:mem:6a3784ae-1aa6-4bbf-b617-4d4aeabcc2af
insert into picture (spot_id, url, picture_id) values (?, ?, ?)
insert into picture (spot_id, url, picture_id) values (NULL, 'java.io.StringReader@56956aef', 3377);
2022-10-10 13:48:04.813  INFO 3923 --- [    Test worker] p6spy                                    : #1665377284813 | took 0ms | statement | connection 28| url jdbc:h2:mem:6a3784ae-1aa6-4bbf-b617-4d4aeabcc2af
insert into picture (spot_id, url, picture_id) values (?, ?, ?)
insert into picture (spot_id, url, picture_id) values (NULL, 'java.io.StringReader@2f9f8bca', 3378);
2022-10-10 13:48:04.813  INFO 3923 --- [    Test worker] p6spy                                    : #1665377284813 | took 0ms | statement | connection 28| url jdbc:h2:mem:6a3784ae-1aa6-4bbf-b617-4d4aeabcc2af
insert into picture (spot_id, url, picture_id) values (?, ?, ?)
insert into picture (spot_id, url, picture_id) values (NULL, 'java.io.StringReader@6d750cd2', 3379);
2022-10-10 13:48:04.813  INFO 3923 --- [    Test worker] p6spy                                    : #1665377284813 | took 0ms | statement | connection 28| url jdbc:h2:mem:6a3784ae-1aa6-4bbf-b617-4d4aeabcc2af
insert into spot (address, description, location, name, score_id, spot_id) values (?, ?, ?, ?, ?, ?)
insert into spot (address, description, location, name, score_id, spot_id) values (NULL, NULL, 'Aewol_eup', NULL, 831, 899);
2022-10-10 13:48:04.813  INFO 3923 --- [    Test worker] p6spy                                    : #1665377284813 | took 0ms | statement | connection 28| url jdbc:h2:mem:6a3784ae-1aa6-4bbf-b617-4d4aeabcc2af
insert into member_spot (member_id, score, spot_id, member_spot_id) values (?, ?, ?, ?)
insert into member_spot (member_id, score, spot_id, member_spot_id) values (25, 0.0, 899, 3380);
2022-10-10 13:48:04.813  INFO 3923 --- [    Test worker] p6spy                                    : #1665377284813 | took 0ms | statement | connection 28| url jdbc:h2:mem:6a3784ae-1aa6-4bbf-b617-4d4aeabcc2af
insert into review (content, spot_id, review_id) values (?, ?, ?)
insert into review (content, spot_id, review_id) values ('java.io.StringReader@3f892229', 871, 833);
2022-10-10 13:48:04.813  INFO 3923 --- [    Test worker] p6spy                                    : #1665377284813 | took 0ms | statement | connection 28| url jdbc:h2:mem:6a3784ae-1aa6-4bbf-b617-4d4aeabcc2af
insert into favorite_spot (count, favorite_id, spot_id, favorite_spot_id) values (?, ?, ?, ?)
insert into favorite_spot (count, favorite_id, spot_id, favorite_spot_id) values (0, 44, 899, 593);
2022-10-10 13:48:04.813  INFO 3923 --- [    Test worker] p6spy                                    : #1665377284813 | took 0ms | statement | connection 28| url jdbc:h2:mem:6a3784ae-1aa6-4bbf-b617-4d4aeabcc2af
insert into score (facility_rank, facility_score, price_rank, price_score, rank_average, surround_rank, surround_score, view_rank, view_score, score_id) values (?, ?, ?, ?, ?, ?, ?, ?, ?, ?)
insert into score (facility_rank, facility_score, price_rank, price_score, rank_average, surround_rank, surround_score, view_rank, view_score, score_id) values (1.676718218997778, 0.3846221018429663, 1.7355648749284924, 7.653925257187976, 0.8857714241181391, 7.37646485597235, 3.059817160755812, 8.726827588585573, 4.3864053117406225, 832);
2022-10-10 13:48:04.813  INFO 3923 --- [    Test worker] p6spy                                    : #1665377284813 | took 0ms | statement | connection 28| url jdbc:h2:mem:6a3784ae-1aa6-4bbf-b617-4d4aeabcc2af
insert into picture (spot_id, url, picture_id) values (?, ?, ?)
insert into picture (spot_id, url, picture_id) values (NULL, 'java.io.StringReader@987cefe', 3381);
2022-10-10 13:48:04.813  INFO 3923 --- [    Test worker] p6spy                                    : #1665377284813 | took 0ms | statement | connection 28| url jdbc:h2:mem:6a3784ae-1aa6-4bbf-b617-4d4aeabcc2af
insert into picture (spot_id, url, picture_id) values (?, ?, ?)
insert into picture (spot_id, url, picture_id) values (NULL, 'java.io.StringReader@52313dd3', 3382);
2022-10-10 13:48:04.813  INFO 3923 --- [    Test worker] p6spy                                    : #1665377284813 | took 0ms | statement | connection 28| url jdbc:h2:mem:6a3784ae-1aa6-4bbf-b617-4d4aeabcc2af
insert into picture (spot_id, url, picture_id) values (?, ?, ?)
insert into picture (spot_id, url, picture_id) values (NULL, 'java.io.StringReader@3b106a1c', 3383);
2022-10-10 13:48:04.813  INFO 3923 --- [    Test worker] p6spy                                    : #1665377284813 | took 0ms | statement | connection 28| url jdbc:h2:mem:6a3784ae-1aa6-4bbf-b617-4d4aeabcc2af
insert into spot (address, description, location, name, score_id, spot_id) values (?, ?, ?, ?, ?, ?)
insert into spot (address, description, location, name, score_id, spot_id) values (NULL, NULL, 'Aewol_eup', NULL, 832, 900);
2022-10-10 13:48:04.813  INFO 3923 --- [    Test worker] p6spy                                    : #1665377284813 | took 0ms | statement | connection 28| url jdbc:h2:mem:6a3784ae-1aa6-4bbf-b617-4d4aeabcc2af
insert into member_spot (member_id, score, spot_id, member_spot_id) values (?, ?, ?, ?)
insert into member_spot (member_id, score, spot_id, member_spot_id) values (25, 0.0, 900, 3384);
2022-10-10 13:48:04.813  INFO 3923 --- [    Test worker] p6spy                                    : #1665377284813 | took 0ms | statement | connection 28| url jdbc:h2:mem:6a3784ae-1aa6-4bbf-b617-4d4aeabcc2af
insert into review (content, spot_id, review_id) values (?, ?, ?)
insert into review (content, spot_id, review_id) values ('java.io.StringReader@4edca1e5', 871, 834);
2022-10-10 13:48:04.813  INFO 3923 --- [    Test worker] p6spy                                    : #1665377284813 | took 0ms | statement | connection 28| url jdbc:h2:mem:6a3784ae-1aa6-4bbf-b617-4d4aeabcc2af
insert into score (facility_rank, facility_score, price_rank, price_score, rank_average, surround_rank, surround_score, view_rank, view_score, score_id) values (?, ?, ?, ?, ?, ?, ?, ?, ?, ?)
insert into score (facility_rank, facility_score, price_rank, price_score, rank_average, surround_rank, surround_score, view_rank, view_score, score_id) values (6.131908041174271, 2.2135624235926024, 1.1824680137828725, 8.875149139838463, 4.058236328843439, 9.342437499199134, 1.1128194457244278, 1.1060576311260906, 2.8835251776934245, 833);
2022-10-10 13:48:04.813  INFO 3923 --- [    Test worker] p6spy                                    : #1665377284813 | took 0ms | statement | connection 28| url jdbc:h2:mem:6a3784ae-1aa6-4bbf-b617-4d4aeabcc2af
insert into picture (spot_id, url, picture_id) values (?, ?, ?)
insert into picture (spot_id, url, picture_id) values (NULL, 'java.io.StringReader@7712323f', 3385);
2022-10-10 13:48:04.813  INFO 3923 --- [    Test worker] p6spy                                    : #1665377284813 | took 0ms | statement | connection 28| url jdbc:h2:mem:6a3784ae-1aa6-4bbf-b617-4d4aeabcc2af
insert into picture (spot_id, url, picture_id) values (?, ?, ?)
insert into picture (spot_id, url, picture_id) values (NULL, 'java.io.StringReader@7c000414', 3386);
2022-10-10 13:48:04.813  INFO 3923 --- [    Test worker] p6spy                                    : #1665377284813 | took 0ms | statement | connection 28| url jdbc:h2:mem:6a3784ae-1aa6-4bbf-b617-4d4aeabcc2af
insert into picture (spot_id, url, picture_id) values (?, ?, ?)
insert into picture (spot_id, url, picture_id) values (NULL, 'java.io.StringReader@1fe4b3f7', 3387);
2022-10-10 13:48:04.813  INFO 3923 --- [    Test worker] p6spy                                    : #1665377284813 | took 0ms | statement | connection 28| url jdbc:h2:mem:6a3784ae-1aa6-4bbf-b617-4d4aeabcc2af
insert into spot (address, description, location, name, score_id, spot_id) values (?, ?, ?, ?, ?, ?)
insert into spot (address, description, location, name, score_id, spot_id) values (NULL, NULL, 'Aewol_eup', NULL, 833, 901);
2022-10-10 13:48:04.813  INFO 3923 --- [    Test worker] p6spy                                    : #1665377284813 | took 0ms | statement | connection 28| url jdbc:h2:mem:6a3784ae-1aa6-4bbf-b617-4d4aeabcc2af
insert into member_spot (member_id, score, spot_id, member_spot_id) values (?, ?, ?, ?)
insert into member_spot (member_id, score, spot_id, member_spot_id) values (25, 0.0, 901, 3388);
2022-10-10 13:48:04.813  INFO 3923 --- [    Test worker] p6spy                                    : #1665377284813 | took 0ms | statement | connection 28| url jdbc:h2:mem:6a3784ae-1aa6-4bbf-b617-4d4aeabcc2af
insert into review (content, spot_id, review_id) values (?, ?, ?)
insert into review (content, spot_id, review_id) values ('java.io.StringReader@6ec01fbd', 871, 835);
2022-10-10 13:48:04.813  INFO 3923 --- [    Test worker] p6spy                                    : #1665377284813 | took 0ms | statement | connection 28| url jdbc:h2:mem:6a3784ae-1aa6-4bbf-b617-4d4aeabcc2af
insert into favorite_spot (count, favorite_id, spot_id, favorite_spot_id) values (?, ?, ?, ?)
insert into favorite_spot (count, favorite_id, spot_id, favorite_spot_id) values (0, 44, 901, 594);
2022-10-10 13:48:04.813  INFO 3923 --- [    Test worker] p6spy                                    : #1665377284813 | took 0ms | statement | connection 28| url jdbc:h2:mem:6a3784ae-1aa6-4bbf-b617-4d4aeabcc2af
insert into score (facility_rank, facility_score, price_rank, price_score, rank_average, surround_rank, surround_score, view_rank, view_score, score_id) values (?, ?, ?, ?, ?, ?, ?, ?, ?, ?)
insert into score (facility_rank, facility_score, price_rank, price_score, rank_average, surround_rank, surround_score, view_rank, view_score, score_id) values (0.9537281139917231, 3.8617631183437573, 9.60301978818736, 3.195873520489081, 9.393232568624372, 2.2078326515659654, 9.575925396213519, 5.990487979349002, 1.6119320657456382, 834);
2022-10-10 13:48:04.813  INFO 3923 --- [    Test worker] p6spy                                    : #1665377284813 | took 0ms | statement | connection 28| url jdbc:h2:mem:6a3784ae-1aa6-4bbf-b617-4d4aeabcc2af
insert into picture (spot_id, url, picture_id) values (?, ?, ?)
insert into picture (spot_id, url, picture_id) values (NULL, 'java.io.StringReader@1e374429', 3389);
2022-10-10 13:48:04.813  INFO 3923 --- [    Test worker] p6spy                                    : #1665377284813 | took 0ms | statement | connection 28| url jdbc:h2:mem:6a3784ae-1aa6-4bbf-b617-4d4aeabcc2af
insert into picture (spot_id, url, picture_id) values (?, ?, ?)
insert into picture (spot_id, url, picture_id) values (NULL, 'java.io.StringReader@c233a34', 3390);
2022-10-10 13:48:04.813  INFO 3923 --- [    Test worker] p6spy                                    : #1665377284813 | took 0ms | statement | connection 28| url jdbc:h2:mem:6a3784ae-1aa6-4bbf-b617-4d4aeabcc2af
insert into picture (spot_id, url, picture_id) values (?, ?, ?)
insert into picture (spot_id, url, picture_id) values (NULL, 'java.io.StringReader@18d8b96a', 3391);
2022-10-10 13:48:04.813  INFO 3923 --- [    Test worker] p6spy                                    : #1665377284813 | took 0ms | statement | connection 28| url jdbc:h2:mem:6a3784ae-1aa6-4bbf-b617-4d4aeabcc2af
insert into spot (address, description, location, name, score_id, spot_id) values (?, ?, ?, ?, ?, ?)
insert into spot (address, description, location, name, score_id, spot_id) values (NULL, NULL, 'Aewol_eup', NULL, 834, 902);
2022-10-10 13:48:04.813  INFO 3923 --- [    Test worker] p6spy                                    : #1665377284813 | took 0ms | statement | connection 28| url jdbc:h2:mem:6a3784ae-1aa6-4bbf-b617-4d4aeabcc2af
insert into member_spot (member_id, score, spot_id, member_spot_id) values (?, ?, ?, ?)
insert into member_spot (member_id, score, spot_id, member_spot_id) values (25, 0.0, 902, 3392);
2022-10-10 13:48:04.813  INFO 3923 --- [    Test worker] p6spy                                    : #1665377284813 | took 0ms | statement | connection 28| url jdbc:h2:mem:6a3784ae-1aa6-4bbf-b617-4d4aeabcc2af
insert into review (content, spot_id, review_id) values (?, ?, ?)
insert into review (content, spot_id, review_id) values ('java.io.StringReader@3fbe3c03', 871, 836);
2022-10-10 13:48:04.813  INFO 3923 --- [    Test worker] p6spy                                    : #1665377284813 | took 0ms | statement | connection 28| url jdbc:h2:mem:6a3784ae-1aa6-4bbf-b617-4d4aeabcc2af
insert into score (facility_rank, facility_score, price_rank, price_score, rank_average, surround_rank, surround_score, view_rank, view_score, score_id) values (?, ?, ?, ?, ?, ?, ?, ?, ?, ?)
insert into score (facility_rank, facility_score, price_rank, price_score, rank_average, surround_rank, surround_score, view_rank, view_score, score_id) values (5.009254013757561, 8.20179445308497, 8.489273686062983, 2.980549120764656, 4.737554798847203, 9.247028810263185, 0.8779642189760217, 1.4033927187715667, 4.447285236044701, 835);
2022-10-10 13:48:04.813  INFO 3923 --- [    Test worker] p6spy                                    : #1665377284813 | took 0ms | statement | connection 28| url jdbc:h2:mem:6a3784ae-1aa6-4bbf-b617-4d4aeabcc2af
insert into picture (spot_id, url, picture_id) values (?, ?, ?)
insert into picture (spot_id, url, picture_id) values (NULL, 'java.io.StringReader@34c0d0ef', 3393);
2022-10-10 13:48:04.814  INFO 3923 --- [    Test worker] p6spy                                    : #1665377284814 | took 0ms | statement | connection 28| url jdbc:h2:mem:6a3784ae-1aa6-4bbf-b617-4d4aeabcc2af
insert into picture (spot_id, url, picture_id) values (?, ?, ?)
insert into picture (spot_id, url, picture_id) values (NULL, 'java.io.StringReader@6e1760e2', 3394);
2022-10-10 13:48:04.814  INFO 3923 --- [    Test worker] p6spy                                    : #1665377284814 | took 0ms | statement | connection 28| url jdbc:h2:mem:6a3784ae-1aa6-4bbf-b617-4d4aeabcc2af
insert into picture (spot_id, url, picture_id) values (?, ?, ?)
insert into picture (spot_id, url, picture_id) values (NULL, 'java.io.StringReader@31198039', 3395);
2022-10-10 13:48:04.814  INFO 3923 --- [    Test worker] p6spy                                    : #1665377284814 | took 0ms | statement | connection 28| url jdbc:h2:mem:6a3784ae-1aa6-4bbf-b617-4d4aeabcc2af
insert into spot (address, description, location, name, score_id, spot_id) values (?, ?, ?, ?, ?, ?)
insert into spot (address, description, location, name, score_id, spot_id) values (NULL, NULL, 'Aewol_eup', NULL, 835, 903);
2022-10-10 13:48:04.814  INFO 3923 --- [    Test worker] p6spy                                    : #1665377284814 | took 0ms | statement | connection 28| url jdbc:h2:mem:6a3784ae-1aa6-4bbf-b617-4d4aeabcc2af
insert into member_spot (member_id, score, spot_id, member_spot_id) values (?, ?, ?, ?)
insert into member_spot (member_id, score, spot_id, member_spot_id) values (25, 0.0, 903, 3396);
2022-10-10 13:48:04.814  INFO 3923 --- [    Test worker] p6spy                                    : #1665377284814 | took 0ms | statement | connection 28| url jdbc:h2:mem:6a3784ae-1aa6-4bbf-b617-4d4aeabcc2af
insert into review (content, spot_id, review_id) values (?, ?, ?)
insert into review (content, spot_id, review_id) values ('java.io.StringReader@15c1d20a', 871, 837);
2022-10-10 13:48:04.814  INFO 3923 --- [    Test worker] p6spy                                    : #1665377284814 | took 0ms | statement | connection 28| url jdbc:h2:mem:6a3784ae-1aa6-4bbf-b617-4d4aeabcc2af
insert into favorite_spot (count, favorite_id, spot_id, favorite_spot_id) values (?, ?, ?, ?)
insert into favorite_spot (count, favorite_id, spot_id, favorite_spot_id) values (0, 44, 903, 595);
2022-10-10 13:48:04.814  INFO 3923 --- [    Test worker] p6spy                                    : #1665377284814 | took 0ms | statement | connection 28| url jdbc:h2:mem:6a3784ae-1aa6-4bbf-b617-4d4aeabcc2af
insert into score (facility_rank, facility_score, price_rank, price_score, rank_average, surround_rank, surround_score, view_rank, view_score, score_id) values (?, ?, ?, ?, ?, ?, ?, ?, ?, ?)
insert into score (facility_rank, facility_score, price_rank, price_score, rank_average, surround_rank, surround_score, view_rank, view_score, score_id) values (7.830375600934115, 8.598508680351753, 8.952533353743611, 4.394531980067898, 1.4070619579432453, 5.925388106552467, 5.559339914649249, 1.0118541038018447, 6.376350248320181, 836);
2022-10-10 13:48:04.814  INFO 3923 --- [    Test worker] p6spy                                    : #1665377284814 | took 0ms | statement | connection 28| url jdbc:h2:mem:6a3784ae-1aa6-4bbf-b617-4d4aeabcc2af
insert into picture (spot_id, url, picture_id) values (?, ?, ?)
insert into picture (spot_id, url, picture_id) values (NULL, 'java.io.StringReader@7989f307', 3397);
2022-10-10 13:48:04.814  INFO 3923 --- [    Test worker] p6spy                                    : #1665377284814 | took 0ms | statement | connection 28| url jdbc:h2:mem:6a3784ae-1aa6-4bbf-b617-4d4aeabcc2af
insert into picture (spot_id, url, picture_id) values (?, ?, ?)
insert into picture (spot_id, url, picture_id) values (NULL, 'java.io.StringReader@5cba43e3', 3398);
2022-10-10 13:48:04.814  INFO 3923 --- [    Test worker] p6spy                                    : #1665377284814 | took 0ms | statement | connection 28| url jdbc:h2:mem:6a3784ae-1aa6-4bbf-b617-4d4aeabcc2af
insert into picture (spot_id, url, picture_id) values (?, ?, ?)
insert into picture (spot_id, url, picture_id) values (NULL, 'java.io.StringReader@5c43c90a', 3399);
2022-10-10 13:48:04.814  INFO 3923 --- [    Test worker] p6spy                                    : #1665377284814 | took 0ms | statement | connection 28| url jdbc:h2:mem:6a3784ae-1aa6-4bbf-b617-4d4aeabcc2af
insert into spot (address, description, location, name, score_id, spot_id) values (?, ?, ?, ?, ?, ?)
insert into spot (address, description, location, name, score_id, spot_id) values (NULL, NULL, 'Aewol_eup', NULL, 836, 904);
2022-10-10 13:48:04.814  INFO 3923 --- [    Test worker] p6spy                                    : #1665377284814 | took 0ms | statement | connection 28| url jdbc:h2:mem:6a3784ae-1aa6-4bbf-b617-4d4aeabcc2af
insert into member_spot (member_id, score, spot_id, member_spot_id) values (?, ?, ?, ?)
insert into member_spot (member_id, score, spot_id, member_spot_id) values (25, 0.0, 904, 3400);
2022-10-10 13:48:04.814  INFO 3923 --- [    Test worker] p6spy                                    : #1665377284814 | took 0ms | statement | connection 28| url jdbc:h2:mem:6a3784ae-1aa6-4bbf-b617-4d4aeabcc2af
insert into review (content, spot_id, review_id) values (?, ?, ?)
insert into review (content, spot_id, review_id) values ('java.io.StringReader@173c546d', 871, 838);
2022-10-10 13:48:04.814  INFO 3923 --- [    Test worker] p6spy                                    : #1665377284814 | took 0ms | statement | connection 28| url jdbc:h2:mem:6a3784ae-1aa6-4bbf-b617-4d4aeabcc2af
insert into score (facility_rank, facility_score, price_rank, price_score, rank_average, surround_rank, surround_score, view_rank, view_score, score_id) values (?, ?, ?, ?, ?, ?, ?, ?, ?, ?)
insert into score (facility_rank, facility_score, price_rank, price_score, rank_average, surround_rank, surround_score, view_rank, view_score, score_id) values (9.16278558606679, 3.5826097080494446, 5.352566522682009, 5.853737407554707, 5.870523408915299, 6.697839103655295, 4.383521093073993, 5.10027661718785, 6.463041897682822, 837);
2022-10-10 13:48:04.814  INFO 3923 --- [    Test worker] p6spy                                    : #1665377284814 | took 0ms | statement | connection 28| url jdbc:h2:mem:6a3784ae-1aa6-4bbf-b617-4d4aeabcc2af
insert into picture (spot_id, url, picture_id) values (?, ?, ?)
insert into picture (spot_id, url, picture_id) values (NULL, 'java.io.StringReader@3e93dc89', 3401);
2022-10-10 13:48:04.814  INFO 3923 --- [    Test worker] p6spy                                    : #1665377284814 | took 0ms | statement | connection 28| url jdbc:h2:mem:6a3784ae-1aa6-4bbf-b617-4d4aeabcc2af
insert into picture (spot_id, url, picture_id) values (?, ?, ?)
insert into picture (spot_id, url, picture_id) values (NULL, 'java.io.StringReader@3abd1918', 3402);
2022-10-10 13:48:04.814  INFO 3923 --- [    Test worker] p6spy                                    : #1665377284814 | took 0ms | statement | connection 28| url jdbc:h2:mem:6a3784ae-1aa6-4bbf-b617-4d4aeabcc2af
insert into picture (spot_id, url, picture_id) values (?, ?, ?)
insert into picture (spot_id, url, picture_id) values (NULL, 'java.io.StringReader@15ef8033', 3403);
2022-10-10 13:48:04.814  INFO 3923 --- [    Test worker] p6spy                                    : #1665377284814 | took 0ms | statement | connection 28| url jdbc:h2:mem:6a3784ae-1aa6-4bbf-b617-4d4aeabcc2af
insert into spot (address, description, location, name, score_id, spot_id) values (?, ?, ?, ?, ?, ?)
insert into spot (address, description, location, name, score_id, spot_id) values (NULL, NULL, 'Aewol_eup', NULL, 837, 905);
2022-10-10 13:48:04.814  INFO 3923 --- [    Test worker] p6spy                                    : #1665377284814 | took 0ms | statement | connection 28| url jdbc:h2:mem:6a3784ae-1aa6-4bbf-b617-4d4aeabcc2af
insert into member_spot (member_id, score, spot_id, member_spot_id) values (?, ?, ?, ?)
insert into member_spot (member_id, score, spot_id, member_spot_id) values (25, 0.0, 905, 3404);
2022-10-10 13:48:04.814  INFO 3923 --- [    Test worker] p6spy                                    : #1665377284814 | took 0ms | statement | connection 28| url jdbc:h2:mem:6a3784ae-1aa6-4bbf-b617-4d4aeabcc2af
insert into review (content, spot_id, review_id) values (?, ?, ?)
insert into review (content, spot_id, review_id) values ('java.io.StringReader@216249f4', 871, 839);
2022-10-10 13:48:04.814  INFO 3923 --- [    Test worker] p6spy                                    : #1665377284814 | took 0ms | statement | connection 28| url jdbc:h2:mem:6a3784ae-1aa6-4bbf-b617-4d4aeabcc2af
insert into favorite_spot (count, favorite_id, spot_id, favorite_spot_id) values (?, ?, ?, ?)
insert into favorite_spot (count, favorite_id, spot_id, favorite_spot_id) values (0, 44, 905, 596);
2022-10-10 13:48:04.814  INFO 3923 --- [    Test worker] p6spy                                    : #1665377284814 | took 0ms | statement | connection 28| url jdbc:h2:mem:6a3784ae-1aa6-4bbf-b617-4d4aeabcc2af
insert into score (facility_rank, facility_score, price_rank, price_score, rank_average, surround_rank, surround_score, view_rank, view_score, score_id) values (?, ?, ?, ?, ?, ?, ?, ?, ?, ?)
insert into score (facility_rank, facility_score, price_rank, price_score, rank_average, surround_rank, surround_score, view_rank, view_score, score_id) values (0.7663477250285611, 7.199280348817318, 7.668784911151549, 2.886529448727625, 9.802856164355461, 8.112104040597057, 9.342114579561652, 9.989345620624599, 9.898349058634878, 838);
2022-10-10 13:48:04.814  INFO 3923 --- [    Test worker] p6spy                                    : #1665377284814 | took 0ms | statement | connection 28| url jdbc:h2:mem:6a3784ae-1aa6-4bbf-b617-4d4aeabcc2af
insert into picture (spot_id, url, picture_id) values (?, ?, ?)
insert into picture (spot_id, url, picture_id) values (NULL, 'java.io.StringReader@1a9bd311', 3405);
2022-10-10 13:48:04.814  INFO 3923 --- [    Test worker] p6spy                                    : #1665377284814 | took 0ms | statement | connection 28| url jdbc:h2:mem:6a3784ae-1aa6-4bbf-b617-4d4aeabcc2af
insert into picture (spot_id, url, picture_id) values (?, ?, ?)
insert into picture (spot_id, url, picture_id) values (NULL, 'java.io.StringReader@b87f1c2', 3406);
2022-10-10 13:48:04.814  INFO 3923 --- [    Test worker] p6spy                                    : #1665377284814 | took 0ms | statement | connection 28| url jdbc:h2:mem:6a3784ae-1aa6-4bbf-b617-4d4aeabcc2af
insert into picture (spot_id, url, picture_id) values (?, ?, ?)
insert into picture (spot_id, url, picture_id) values (NULL, 'java.io.StringReader@2b1f112b', 3407);
2022-10-10 13:48:04.814  INFO 3923 --- [    Test worker] p6spy                                    : #1665377284814 | took 0ms | statement | connection 28| url jdbc:h2:mem:6a3784ae-1aa6-4bbf-b617-4d4aeabcc2af
insert into spot (address, description, location, name, score_id, spot_id) values (?, ?, ?, ?, ?, ?)
insert into spot (address, description, location, name, score_id, spot_id) values (NULL, NULL, 'Aewol_eup', NULL, 838, 906);
2022-10-10 13:48:04.814  INFO 3923 --- [    Test worker] p6spy                                    : #1665377284814 | took 0ms | statement | connection 28| url jdbc:h2:mem:6a3784ae-1aa6-4bbf-b617-4d4aeabcc2af
insert into member_spot (member_id, score, spot_id, member_spot_id) values (?, ?, ?, ?)
insert into member_spot (member_id, score, spot_id, member_spot_id) values (25, 0.0, 906, 3408);
2022-10-10 13:48:04.814  INFO 3923 --- [    Test worker] p6spy                                    : #1665377284814 | took 0ms | statement | connection 28| url jdbc:h2:mem:6a3784ae-1aa6-4bbf-b617-4d4aeabcc2af
insert into review (content, spot_id, review_id) values (?, ?, ?)
insert into review (content, spot_id, review_id) values ('java.io.StringReader@43cb7984', 871, 840);
2022-10-10 13:48:04.814  INFO 3923 --- [    Test worker] p6spy                                    : #1665377284814 | took 0ms | statement | connection 28| url jdbc:h2:mem:6a3784ae-1aa6-4bbf-b617-4d4aeabcc2af
insert into score (facility_rank, facility_score, price_rank, price_score, rank_average, surround_rank, surround_score, view_rank, view_score, score_id) values (?, ?, ?, ?, ?, ?, ?, ?, ?, ?)
insert into score (facility_rank, facility_score, price_rank, price_score, rank_average, surround_rank, surround_score, view_rank, view_score, score_id) values (9.378426659366731, 5.719312344554145, 0.7343094158968599, 7.807653409272792, 4.443258992659902, 9.096146156982103, 4.273483249575633, 0.5547961096717846, 9.197226061876133, 839);
2022-10-10 13:48:04.814  INFO 3923 --- [    Test worker] p6spy                                    : #1665377284814 | took 0ms | statement | connection 28| url jdbc:h2:mem:6a3784ae-1aa6-4bbf-b617-4d4aeabcc2af
insert into picture (spot_id, url, picture_id) values (?, ?, ?)
insert into picture (spot_id, url, picture_id) values (NULL, 'java.io.StringReader@5fb94747', 3409);
2022-10-10 13:48:04.814  INFO 3923 --- [    Test worker] p6spy                                    : #1665377284814 | took 0ms | statement | connection 28| url jdbc:h2:mem:6a3784ae-1aa6-4bbf-b617-4d4aeabcc2af
insert into picture (spot_id, url, picture_id) values (?, ?, ?)
insert into picture (spot_id, url, picture_id) values (NULL, 'java.io.StringReader@5f4a93a8', 3410);
2022-10-10 13:48:04.814  INFO 3923 --- [    Test worker] p6spy                                    : #1665377284814 | took 0ms | statement | connection 28| url jdbc:h2:mem:6a3784ae-1aa6-4bbf-b617-4d4aeabcc2af
insert into picture (spot_id, url, picture_id) values (?, ?, ?)
insert into picture (spot_id, url, picture_id) values (NULL, 'java.io.StringReader@1707204c', 3411);
2022-10-10 13:48:04.815  INFO 3923 --- [    Test worker] p6spy                                    : #1665377284815 | took 0ms | statement | connection 28| url jdbc:h2:mem:6a3784ae-1aa6-4bbf-b617-4d4aeabcc2af
insert into spot (address, description, location, name, score_id, spot_id) values (?, ?, ?, ?, ?, ?)
insert into spot (address, description, location, name, score_id, spot_id) values (NULL, NULL, 'Aewol_eup', NULL, 839, 907);
2022-10-10 13:48:04.815  INFO 3923 --- [    Test worker] p6spy                                    : #1665377284815 | took 0ms | statement | connection 28| url jdbc:h2:mem:6a3784ae-1aa6-4bbf-b617-4d4aeabcc2af
insert into member_spot (member_id, score, spot_id, member_spot_id) values (?, ?, ?, ?)
insert into member_spot (member_id, score, spot_id, member_spot_id) values (25, 0.0, 907, 3412);
2022-10-10 13:48:04.815  INFO 3923 --- [    Test worker] p6spy                                    : #1665377284815 | took 0ms | statement | connection 28| url jdbc:h2:mem:6a3784ae-1aa6-4bbf-b617-4d4aeabcc2af
insert into review (content, spot_id, review_id) values (?, ?, ?)
insert into review (content, spot_id, review_id) values ('java.io.StringReader@26402187', 871, 841);
2022-10-10 13:48:04.815  INFO 3923 --- [    Test worker] p6spy                                    : #1665377284815 | took 0ms | statement | connection 28| url jdbc:h2:mem:6a3784ae-1aa6-4bbf-b617-4d4aeabcc2af
insert into favorite_spot (count, favorite_id, spot_id, favorite_spot_id) values (?, ?, ?, ?)
insert into favorite_spot (count, favorite_id, spot_id, favorite_spot_id) values (0, 44, 907, 597);
2022-10-10 13:48:04.815  INFO 3923 --- [    Test worker] p6spy                                    : #1665377284815 | took 0ms | statement | connection 28| url jdbc:h2:mem:6a3784ae-1aa6-4bbf-b617-4d4aeabcc2af
insert into score (facility_rank, facility_score, price_rank, price_score, rank_average, surround_rank, surround_score, view_rank, view_score, score_id) values (?, ?, ?, ?, ?, ?, ?, ?, ?, ?)
insert into score (facility_rank, facility_score, price_rank, price_score, rank_average, surround_rank, surround_score, view_rank, view_score, score_id) values (9.246386202830518, 8.317832178199358, 3.2738668881625865, 3.886184709680298, 3.8237550702472864, 2.4759044459875454, 2.254241057982256, 0.9948977457527697, 9.006294592590173, 840);
2022-10-10 13:48:04.815  INFO 3923 --- [    Test worker] p6spy                                    : #1665377284815 | took 0ms | statement | connection 28| url jdbc:h2:mem:6a3784ae-1aa6-4bbf-b617-4d4aeabcc2af
insert into picture (spot_id, url, picture_id) values (?, ?, ?)
insert into picture (spot_id, url, picture_id) values (NULL, 'java.io.StringReader@457e0e61', 3413);
2022-10-10 13:48:04.815  INFO 3923 --- [    Test worker] p6spy                                    : #1665377284815 | took 0ms | statement | connection 28| url jdbc:h2:mem:6a3784ae-1aa6-4bbf-b617-4d4aeabcc2af
insert into picture (spot_id, url, picture_id) values (?, ?, ?)
insert into picture (spot_id, url, picture_id) values (NULL, 'java.io.StringReader@6c21d025', 3414);
2022-10-10 13:48:04.815  INFO 3923 --- [    Test worker] p6spy                                    : #1665377284815 | took 0ms | statement | connection 28| url jdbc:h2:mem:6a3784ae-1aa6-4bbf-b617-4d4aeabcc2af
insert into picture (spot_id, url, picture_id) values (?, ?, ?)
insert into picture (spot_id, url, picture_id) values (NULL, 'java.io.StringReader@2853bd89', 3415);
2022-10-10 13:48:04.815  INFO 3923 --- [    Test worker] p6spy                                    : #1665377284815 | took 0ms | statement | connection 28| url jdbc:h2:mem:6a3784ae-1aa6-4bbf-b617-4d4aeabcc2af
insert into spot (address, description, location, name, score_id, spot_id) values (?, ?, ?, ?, ?, ?)
insert into spot (address, description, location, name, score_id, spot_id) values (NULL, NULL, 'Aewol_eup', NULL, 840, 908);
2022-10-10 13:48:04.815  INFO 3923 --- [    Test worker] p6spy                                    : #1665377284815 | took 0ms | statement | connection 28| url jdbc:h2:mem:6a3784ae-1aa6-4bbf-b617-4d4aeabcc2af
insert into member_spot (member_id, score, spot_id, member_spot_id) values (?, ?, ?, ?)
insert into member_spot (member_id, score, spot_id, member_spot_id) values (25, 0.0, 908, 3416);
2022-10-10 13:48:04.815  INFO 3923 --- [    Test worker] p6spy                                    : #1665377284815 | took 0ms | statement | connection 28| url jdbc:h2:mem:6a3784ae-1aa6-4bbf-b617-4d4aeabcc2af
insert into review (content, spot_id, review_id) values (?, ?, ?)
insert into review (content, spot_id, review_id) values ('java.io.StringReader@16a5afb2', 871, 842);
2022-10-10 13:48:04.815  INFO 3923 --- [    Test worker] p6spy                                    : #1665377284815 | took 0ms | statement | connection 28| url jdbc:h2:mem:6a3784ae-1aa6-4bbf-b617-4d4aeabcc2af
insert into score (facility_rank, facility_score, price_rank, price_score, rank_average, surround_rank, surround_score, view_rank, view_score, score_id) values (?, ?, ?, ?, ?, ?, ?, ?, ?, ?)
insert into score (facility_rank, facility_score, price_rank, price_score, rank_average, surround_rank, surround_score, view_rank, view_score, score_id) values (2.3016519523405385, 0.35322386321848587, 9.210898152362443, 9.214268346059928, 6.295042294678864, 4.069208305603468, 1.8944474209836304, 7.775522869316794, 4.904008495934821, 841);
2022-10-10 13:48:04.815  INFO 3923 --- [    Test worker] p6spy                                    : #1665377284815 | took 0ms | statement | connection 28| url jdbc:h2:mem:6a3784ae-1aa6-4bbf-b617-4d4aeabcc2af
insert into picture (spot_id, url, picture_id) values (?, ?, ?)
insert into picture (spot_id, url, picture_id) values (NULL, 'java.io.StringReader@188d1652', 3417);
2022-10-10 13:48:04.815  INFO 3923 --- [    Test worker] p6spy                                    : #1665377284815 | took 0ms | statement | connection 28| url jdbc:h2:mem:6a3784ae-1aa6-4bbf-b617-4d4aeabcc2af
insert into picture (spot_id, url, picture_id) values (?, ?, ?)
insert into picture (spot_id, url, picture_id) values (NULL, 'java.io.StringReader@3ac92e18', 3418);
2022-10-10 13:48:04.815  INFO 3923 --- [    Test worker] p6spy                                    : #1665377284815 | took 0ms | statement | connection 28| url jdbc:h2:mem:6a3784ae-1aa6-4bbf-b617-4d4aeabcc2af
insert into picture (spot_id, url, picture_id) values (?, ?, ?)
insert into picture (spot_id, url, picture_id) values (NULL, 'java.io.StringReader@125ea31f', 3419);
2022-10-10 13:48:04.815  INFO 3923 --- [    Test worker] p6spy                                    : #1665377284815 | took 0ms | statement | connection 28| url jdbc:h2:mem:6a3784ae-1aa6-4bbf-b617-4d4aeabcc2af
insert into spot (address, description, location, name, score_id, spot_id) values (?, ?, ?, ?, ?, ?)
insert into spot (address, description, location, name, score_id, spot_id) values (NULL, NULL, 'Aewol_eup', NULL, 841, 909);
2022-10-10 13:48:04.815  INFO 3923 --- [    Test worker] p6spy                                    : #1665377284815 | took 0ms | statement | connection 28| url jdbc:h2:mem:6a3784ae-1aa6-4bbf-b617-4d4aeabcc2af
insert into member_spot (member_id, score, spot_id, member_spot_id) values (?, ?, ?, ?)
insert into member_spot (member_id, score, spot_id, member_spot_id) values (25, 0.0, 909, 3420);
2022-10-10 13:48:04.815  INFO 3923 --- [    Test worker] p6spy                                    : #1665377284815 | took 0ms | statement | connection 28| url jdbc:h2:mem:6a3784ae-1aa6-4bbf-b617-4d4aeabcc2af
insert into review (content, spot_id, review_id) values (?, ?, ?)
insert into review (content, spot_id, review_id) values ('java.io.StringReader@6bd0125a', 871, 843);
2022-10-10 13:48:04.815  INFO 3923 --- [    Test worker] p6spy                                    : #1665377284815 | took 0ms | statement | connection 28| url jdbc:h2:mem:6a3784ae-1aa6-4bbf-b617-4d4aeabcc2af
insert into favorite_spot (count, favorite_id, spot_id, favorite_spot_id) values (?, ?, ?, ?)
insert into favorite_spot (count, favorite_id, spot_id, favorite_spot_id) values (0, 44, 909, 598);
2022-10-10 13:48:04.815  INFO 3923 --- [    Test worker] p6spy                                    : #1665377284815 | took 0ms | statement | connection 28| url jdbc:h2:mem:6a3784ae-1aa6-4bbf-b617-4d4aeabcc2af
insert into score (facility_rank, facility_score, price_rank, price_score, rank_average, surround_rank, surround_score, view_rank, view_score, score_id) values (?, ?, ?, ?, ?, ?, ?, ?, ?, ?)
insert into score (facility_rank, facility_score, price_rank, price_score, rank_average, surround_rank, surround_score, view_rank, view_score, score_id) values (3.8370120210634773, 7.774671705618992, 1.5993742683578915, 7.766150920280973, 6.332580105282299, 0.39481486516471653, 2.3222882205553965, 3.0356893557783837, 8.44813323090753, 842);
2022-10-10 13:48:04.815  INFO 3923 --- [    Test worker] p6spy                                    : #1665377284815 | took 0ms | statement | connection 28| url jdbc:h2:mem:6a3784ae-1aa6-4bbf-b617-4d4aeabcc2af
insert into picture (spot_id, url, picture_id) values (?, ?, ?)
insert into picture (spot_id, url, picture_id) values (NULL, 'java.io.StringReader@1e21e7c3', 3421);
2022-10-10 13:48:04.815  INFO 3923 --- [    Test worker] p6spy                                    : #1665377284815 | took 0ms | statement | connection 28| url jdbc:h2:mem:6a3784ae-1aa6-4bbf-b617-4d4aeabcc2af
insert into picture (spot_id, url, picture_id) values (?, ?, ?)
insert into picture (spot_id, url, picture_id) values (NULL, 'java.io.StringReader@17c4036c', 3422);
2022-10-10 13:48:04.815  INFO 3923 --- [    Test worker] p6spy                                    : #1665377284815 | took 0ms | statement | connection 28| url jdbc:h2:mem:6a3784ae-1aa6-4bbf-b617-4d4aeabcc2af
insert into picture (spot_id, url, picture_id) values (?, ?, ?)
insert into picture (spot_id, url, picture_id) values (NULL, 'java.io.StringReader@79c54ff3', 3423);
2022-10-10 13:48:04.815  INFO 3923 --- [    Test worker] p6spy                                    : #1665377284815 | took 0ms | statement | connection 28| url jdbc:h2:mem:6a3784ae-1aa6-4bbf-b617-4d4aeabcc2af
insert into spot (address, description, location, name, score_id, spot_id) values (?, ?, ?, ?, ?, ?)
insert into spot (address, description, location, name, score_id, spot_id) values (NULL, NULL, 'Aewol_eup', NULL, 842, 910);
2022-10-10 13:48:04.815  INFO 3923 --- [    Test worker] p6spy                                    : #1665377284815 | took 0ms | statement | connection 28| url jdbc:h2:mem:6a3784ae-1aa6-4bbf-b617-4d4aeabcc2af
insert into member_spot (member_id, score, spot_id, member_spot_id) values (?, ?, ?, ?)
insert into member_spot (member_id, score, spot_id, member_spot_id) values (25, 0.0, 910, 3424);
2022-10-10 13:48:04.815  INFO 3923 --- [    Test worker] p6spy                                    : #1665377284815 | took 0ms | statement | connection 28| url jdbc:h2:mem:6a3784ae-1aa6-4bbf-b617-4d4aeabcc2af
insert into review (content, spot_id, review_id) values (?, ?, ?)
insert into review (content, spot_id, review_id) values ('java.io.StringReader@e5619db', 871, 844);
2022-10-10 13:48:04.815  INFO 3923 --- [    Test worker] p6spy                                    : #1665377284815 | took 0ms | statement | connection 28| url jdbc:h2:mem:6a3784ae-1aa6-4bbf-b617-4d4aeabcc2af
insert into score (facility_rank, facility_score, price_rank, price_score, rank_average, surround_rank, surround_score, view_rank, view_score, score_id) values (?, ?, ?, ?, ?, ?, ?, ?, ?, ?)
insert into score (facility_rank, facility_score, price_rank, price_score, rank_average, surround_rank, surround_score, view_rank, view_score, score_id) values (6.095311461821106, 2.2393610002223783, 6.455337940324216, 6.544189906882711, 2.5960131115840857, 7.953014351540962, 6.433891720483578, 1.29296396793682, 8.138830759539609, 843);
2022-10-10 13:48:04.815  INFO 3923 --- [    Test worker] p6spy                                    : #1665377284815 | took 0ms | statement | connection 28| url jdbc:h2:mem:6a3784ae-1aa6-4bbf-b617-4d4aeabcc2af
insert into picture (spot_id, url, picture_id) values (?, ?, ?)
insert into picture (spot_id, url, picture_id) values (NULL, 'java.io.StringReader@68f17827', 3425);
2022-10-10 13:48:04.815  INFO 3923 --- [    Test worker] p6spy                                    : #1665377284815 | took 0ms | statement | connection 28| url jdbc:h2:mem:6a3784ae-1aa6-4bbf-b617-4d4aeabcc2af
insert into picture (spot_id, url, picture_id) values (?, ?, ?)
insert into picture (spot_id, url, picture_id) values (NULL, 'java.io.StringReader@11c78014', 3426);
2022-10-10 13:48:04.815  INFO 3923 --- [    Test worker] p6spy                                    : #1665377284815 | took 0ms | statement | connection 28| url jdbc:h2:mem:6a3784ae-1aa6-4bbf-b617-4d4aeabcc2af
insert into picture (spot_id, url, picture_id) values (?, ?, ?)
insert into picture (spot_id, url, picture_id) values (NULL, 'java.io.StringReader@5440490c', 3427);
2022-10-10 13:48:04.815  INFO 3923 --- [    Test worker] p6spy                                    : #1665377284815 | took 0ms | statement | connection 28| url jdbc:h2:mem:6a3784ae-1aa6-4bbf-b617-4d4aeabcc2af
insert into spot (address, description, location, name, score_id, spot_id) values (?, ?, ?, ?, ?, ?)
insert into spot (address, description, location, name, score_id, spot_id) values (NULL, NULL, 'Aewol_eup', NULL, 843, 911);
2022-10-10 13:48:04.815  INFO 3923 --- [    Test worker] p6spy                                    : #1665377284815 | took 0ms | statement | connection 28| url jdbc:h2:mem:6a3784ae-1aa6-4bbf-b617-4d4aeabcc2af
insert into member_spot (member_id, score, spot_id, member_spot_id) values (?, ?, ?, ?)
insert into member_spot (member_id, score, spot_id, member_spot_id) values (25, 0.0, 911, 3428);
2022-10-10 13:48:04.815  INFO 3923 --- [    Test worker] p6spy                                    : #1665377284815 | took 0ms | statement | connection 28| url jdbc:h2:mem:6a3784ae-1aa6-4bbf-b617-4d4aeabcc2af
insert into review (content, spot_id, review_id) values (?, ?, ?)
insert into review (content, spot_id, review_id) values ('java.io.StringReader@41d98ec2', 871, 845);
2022-10-10 13:48:04.815  INFO 3923 --- [    Test worker] p6spy                                    : #1665377284815 | took 0ms | statement | connection 28| url jdbc:h2:mem:6a3784ae-1aa6-4bbf-b617-4d4aeabcc2af
insert into favorite_spot (count, favorite_id, spot_id, favorite_spot_id) values (?, ?, ?, ?)
insert into favorite_spot (count, favorite_id, spot_id, favorite_spot_id) values (0, 44, 911, 599);
2022-10-10 13:48:04.815  INFO 3923 --- [    Test worker] p6spy                                    : #1665377284815 | took 0ms | statement | connection 28| url jdbc:h2:mem:6a3784ae-1aa6-4bbf-b617-4d4aeabcc2af
insert into score (facility_rank, facility_score, price_rank, price_score, rank_average, surround_rank, surround_score, view_rank, view_score, score_id) values (?, ?, ?, ?, ?, ?, ?, ?, ?, ?)
insert into score (facility_rank, facility_score, price_rank, price_score, rank_average, surround_rank, surround_score, view_rank, view_score, score_id) values (6.742046689032184, 6.776552440460835, 8.971923307018793, 0.7885483139348404, 0.3264049784862322, 8.80937217476003, 2.335765884433938, 7.239672357713407, 7.951770460419457, 844);
2022-10-10 13:48:04.815  INFO 3923 --- [    Test worker] p6spy                                    : #1665377284815 | took 0ms | statement | connection 28| url jdbc:h2:mem:6a3784ae-1aa6-4bbf-b617-4d4aeabcc2af
insert into picture (spot_id, url, picture_id) values (?, ?, ?)
insert into picture (spot_id, url, picture_id) values (NULL, 'java.io.StringReader@68bc3559', 3429);
2022-10-10 13:48:04.815  INFO 3923 --- [    Test worker] p6spy                                    : #1665377284815 | took 0ms | statement | connection 28| url jdbc:h2:mem:6a3784ae-1aa6-4bbf-b617-4d4aeabcc2af
insert into picture (spot_id, url, picture_id) values (?, ?, ?)
insert into picture (spot_id, url, picture_id) values (NULL, 'java.io.StringReader@2c9d3e87', 3430);
2022-10-10 13:48:04.815  INFO 3923 --- [    Test worker] p6spy                                    : #1665377284815 | took 0ms | statement | connection 28| url jdbc:h2:mem:6a3784ae-1aa6-4bbf-b617-4d4aeabcc2af
insert into picture (spot_id, url, picture_id) values (?, ?, ?)
insert into picture (spot_id, url, picture_id) values (NULL, 'java.io.StringReader@320a6ff5', 3431);
2022-10-10 13:48:04.815  INFO 3923 --- [    Test worker] p6spy                                    : #1665377284815 | took 0ms | statement | connection 28| url jdbc:h2:mem:6a3784ae-1aa6-4bbf-b617-4d4aeabcc2af
insert into spot (address, description, location, name, score_id, spot_id) values (?, ?, ?, ?, ?, ?)
insert into spot (address, description, location, name, score_id, spot_id) values (NULL, NULL, 'Aewol_eup', NULL, 844, 912);
2022-10-10 13:48:04.815  INFO 3923 --- [    Test worker] p6spy                                    : #1665377284815 | took 0ms | statement | connection 28| url jdbc:h2:mem:6a3784ae-1aa6-4bbf-b617-4d4aeabcc2af
insert into member_spot (member_id, score, spot_id, member_spot_id) values (?, ?, ?, ?)
insert into member_spot (member_id, score, spot_id, member_spot_id) values (25, 0.0, 912, 3432);
2022-10-10 13:48:04.815  INFO 3923 --- [    Test worker] p6spy                                    : #1665377284815 | took 0ms | statement | connection 28| url jdbc:h2:mem:6a3784ae-1aa6-4bbf-b617-4d4aeabcc2af
insert into review (content, spot_id, review_id) values (?, ?, ?)
insert into review (content, spot_id, review_id) values ('java.io.StringReader@302d8f56', 871, 846);
2022-10-10 13:48:04.815  INFO 3923 --- [    Test worker] p6spy                                    : #1665377284815 | took 0ms | statement | connection 28| url jdbc:h2:mem:6a3784ae-1aa6-4bbf-b617-4d4aeabcc2af
insert into score (facility_rank, facility_score, price_rank, price_score, rank_average, surround_rank, surround_score, view_rank, view_score, score_id) values (?, ?, ?, ?, ?, ?, ?, ?, ?, ?)
insert into score (facility_rank, facility_score, price_rank, price_score, rank_average, surround_rank, surround_score, view_rank, view_score, score_id) values (6.348963504593254, 1.0310781891808773, 6.910384895118426, 3.559365176836483, 0.1482573387276498, 9.17837387978935, 4.876957137312048, 4.571198279964992, 4.971200917841848, 845);
2022-10-10 13:48:04.815  INFO 3923 --- [    Test worker] p6spy                                    : #1665377284815 | took 0ms | statement | connection 28| url jdbc:h2:mem:6a3784ae-1aa6-4bbf-b617-4d4aeabcc2af
insert into picture (spot_id, url, picture_id) values (?, ?, ?)
insert into picture (spot_id, url, picture_id) values (NULL, 'java.io.StringReader@23574ef', 3433);
2022-10-10 13:48:04.815  INFO 3923 --- [    Test worker] p6spy                                    : #1665377284815 | took 0ms | statement | connection 28| url jdbc:h2:mem:6a3784ae-1aa6-4bbf-b617-4d4aeabcc2af
insert into picture (spot_id, url, picture_id) values (?, ?, ?)
insert into picture (spot_id, url, picture_id) values (NULL, 'java.io.StringReader@12c74423', 3434);
2022-10-10 13:48:04.816  INFO 3923 --- [    Test worker] p6spy                                    : #1665377284816 | took 0ms | statement | connection 28| url jdbc:h2:mem:6a3784ae-1aa6-4bbf-b617-4d4aeabcc2af
insert into picture (spot_id, url, picture_id) values (?, ?, ?)
insert into picture (spot_id, url, picture_id) values (NULL, 'java.io.StringReader@6b35c185', 3435);
2022-10-10 13:48:04.816  INFO 3923 --- [    Test worker] p6spy                                    : #1665377284816 | took 0ms | statement | connection 28| url jdbc:h2:mem:6a3784ae-1aa6-4bbf-b617-4d4aeabcc2af
insert into spot (address, description, location, name, score_id, spot_id) values (?, ?, ?, ?, ?, ?)
insert into spot (address, description, location, name, score_id, spot_id) values (NULL, NULL, 'Aewol_eup', NULL, 845, 913);
2022-10-10 13:48:04.816  INFO 3923 --- [    Test worker] p6spy                                    : #1665377284816 | took 0ms | statement | connection 28| url jdbc:h2:mem:6a3784ae-1aa6-4bbf-b617-4d4aeabcc2af
insert into member_spot (member_id, score, spot_id, member_spot_id) values (?, ?, ?, ?)
insert into member_spot (member_id, score, spot_id, member_spot_id) values (25, 0.0, 913, 3436);
2022-10-10 13:48:04.816  INFO 3923 --- [    Test worker] p6spy                                    : #1665377284816 | took 0ms | statement | connection 28| url jdbc:h2:mem:6a3784ae-1aa6-4bbf-b617-4d4aeabcc2af
insert into review (content, spot_id, review_id) values (?, ?, ?)
insert into review (content, spot_id, review_id) values ('java.io.StringReader@199e7cff', 871, 847);
2022-10-10 13:48:04.816  INFO 3923 --- [    Test worker] p6spy                                    : #1665377284816 | took 0ms | statement | connection 28| url jdbc:h2:mem:6a3784ae-1aa6-4bbf-b617-4d4aeabcc2af
insert into favorite_spot (count, favorite_id, spot_id, favorite_spot_id) values (?, ?, ?, ?)
insert into favorite_spot (count, favorite_id, spot_id, favorite_spot_id) values (0, 44, 913, 600);
2022-10-10 13:48:04.816  INFO 3923 --- [    Test worker] p6spy                                    : #1665377284816 | took 0ms | statement | connection 28| url jdbc:h2:mem:6a3784ae-1aa6-4bbf-b617-4d4aeabcc2af
insert into score (facility_rank, facility_score, price_rank, price_score, rank_average, surround_rank, surround_score, view_rank, view_score, score_id) values (?, ?, ?, ?, ?, ?, ?, ?, ?, ?)
insert into score (facility_rank, facility_score, price_rank, price_score, rank_average, surround_rank, surround_score, view_rank, view_score, score_id) values (3.307755707813201, 4.170049443121883, 2.8660701099343697, 2.914801044342293, 8.867541776056854, 2.8654085399394646, 9.155824716767683, 0.8730458026391585, 9.035524265106824, 846);
2022-10-10 13:48:04.816  INFO 3923 --- [    Test worker] p6spy                                    : #1665377284816 | took 0ms | statement | connection 28| url jdbc:h2:mem:6a3784ae-1aa6-4bbf-b617-4d4aeabcc2af
insert into picture (spot_id, url, picture_id) values (?, ?, ?)
insert into picture (spot_id, url, picture_id) values (NULL, 'java.io.StringReader@5ec11f23', 3437);
2022-10-10 13:48:04.816  INFO 3923 --- [    Test worker] p6spy                                    : #1665377284816 | took 0ms | statement | connection 28| url jdbc:h2:mem:6a3784ae-1aa6-4bbf-b617-4d4aeabcc2af
insert into picture (spot_id, url, picture_id) values (?, ?, ?)
insert into picture (spot_id, url, picture_id) values (NULL, 'java.io.StringReader@3899c28c', 3438);
2022-10-10 13:48:04.816  INFO 3923 --- [    Test worker] p6spy                                    : #1665377284816 | took 0ms | statement | connection 28| url jdbc:h2:mem:6a3784ae-1aa6-4bbf-b617-4d4aeabcc2af
insert into picture (spot_id, url, picture_id) values (?, ?, ?)
insert into picture (spot_id, url, picture_id) values (NULL, 'java.io.StringReader@4d902ce', 3439);
2022-10-10 13:48:04.816  INFO 3923 --- [    Test worker] p6spy                                    : #1665377284816 | took 0ms | statement | connection 28| url jdbc:h2:mem:6a3784ae-1aa6-4bbf-b617-4d4aeabcc2af
insert into spot (address, description, location, name, score_id, spot_id) values (?, ?, ?, ?, ?, ?)
insert into spot (address, description, location, name, score_id, spot_id) values (NULL, NULL, 'Aewol_eup', NULL, 846, 914);
2022-10-10 13:48:04.816  INFO 3923 --- [    Test worker] p6spy                                    : #1665377284816 | took 0ms | statement | connection 28| url jdbc:h2:mem:6a3784ae-1aa6-4bbf-b617-4d4aeabcc2af
insert into member_spot (member_id, score, spot_id, member_spot_id) values (?, ?, ?, ?)
insert into member_spot (member_id, score, spot_id, member_spot_id) values (25, 0.0, 914, 3440);
2022-10-10 13:48:04.816  INFO 3923 --- [    Test worker] p6spy                                    : #1665377284816 | took 0ms | statement | connection 28| url jdbc:h2:mem:6a3784ae-1aa6-4bbf-b617-4d4aeabcc2af
insert into review (content, spot_id, review_id) values (?, ?, ?)
insert into review (content, spot_id, review_id) values ('java.io.StringReader@312dfb4b', 871, 848);
2022-10-10 13:48:04.816  INFO 3923 --- [    Test worker] p6spy                                    : #1665377284816 | took 0ms | statement | connection 28| url jdbc:h2:mem:6a3784ae-1aa6-4bbf-b617-4d4aeabcc2af
insert into score (facility_rank, facility_score, price_rank, price_score, rank_average, surround_rank, surround_score, view_rank, view_score, score_id) values (?, ?, ?, ?, ?, ?, ?, ?, ?, ?)
insert into score (facility_rank, facility_score, price_rank, price_score, rank_average, surround_rank, surround_score, view_rank, view_score, score_id) values (4.387292803529216, 3.5862483661640097, 6.536659454529784, 2.6195439137064778, 7.215444652398045, 7.948382388875396, 8.552487902961516, 8.205888382076651, 9.654174846819412, 847);
2022-10-10 13:48:04.816  INFO 3923 --- [    Test worker] p6spy                                    : #1665377284816 | took 0ms | statement | connection 28| url jdbc:h2:mem:6a3784ae-1aa6-4bbf-b617-4d4aeabcc2af
insert into picture (spot_id, url, picture_id) values (?, ?, ?)
insert into picture (spot_id, url, picture_id) values (NULL, 'java.io.StringReader@5d74ee', 3441);
2022-10-10 13:48:04.816  INFO 3923 --- [    Test worker] p6spy                                    : #1665377284816 | took 0ms | statement | connection 28| url jdbc:h2:mem:6a3784ae-1aa6-4bbf-b617-4d4aeabcc2af
insert into picture (spot_id, url, picture_id) values (?, ?, ?)
insert into picture (spot_id, url, picture_id) values (NULL, 'java.io.StringReader@1945964c', 3442);
2022-10-10 13:48:04.816  INFO 3923 --- [    Test worker] p6spy                                    : #1665377284816 | took 0ms | statement | connection 28| url jdbc:h2:mem:6a3784ae-1aa6-4bbf-b617-4d4aeabcc2af
insert into picture (spot_id, url, picture_id) values (?, ?, ?)
insert into picture (spot_id, url, picture_id) values (NULL, 'java.io.StringReader@96439e7', 3443);
2022-10-10 13:48:04.816  INFO 3923 --- [    Test worker] p6spy                                    : #1665377284816 | took 0ms | statement | connection 28| url jdbc:h2:mem:6a3784ae-1aa6-4bbf-b617-4d4aeabcc2af
insert into spot (address, description, location, name, score_id, spot_id) values (?, ?, ?, ?, ?, ?)
insert into spot (address, description, location, name, score_id, spot_id) values (NULL, NULL, 'Aewol_eup', NULL, 847, 915);
2022-10-10 13:48:04.816  INFO 3923 --- [    Test worker] p6spy                                    : #1665377284816 | took 0ms | statement | connection 28| url jdbc:h2:mem:6a3784ae-1aa6-4bbf-b617-4d4aeabcc2af
insert into member_spot (member_id, score, spot_id, member_spot_id) values (?, ?, ?, ?)
insert into member_spot (member_id, score, spot_id, member_spot_id) values (25, 0.0, 915, 3444);
2022-10-10 13:48:04.816  INFO 3923 --- [    Test worker] p6spy                                    : #1665377284816 | took 0ms | statement | connection 28| url jdbc:h2:mem:6a3784ae-1aa6-4bbf-b617-4d4aeabcc2af
insert into review (content, spot_id, review_id) values (?, ?, ?)
insert into review (content, spot_id, review_id) values ('java.io.StringReader@654f0b53', 871, 849);
2022-10-10 13:48:04.816  INFO 3923 --- [    Test worker] p6spy                                    : #1665377284816 | took 0ms | statement | connection 28| url jdbc:h2:mem:6a3784ae-1aa6-4bbf-b617-4d4aeabcc2af
insert into favorite_spot (count, favorite_id, spot_id, favorite_spot_id) values (?, ?, ?, ?)
insert into favorite_spot (count, favorite_id, spot_id, favorite_spot_id) values (0, 44, 915, 601);
2022-10-10 13:48:04.816  INFO 3923 --- [    Test worker] p6spy                                    : #1665377284816 | took 0ms | statement | connection 28| url jdbc:h2:mem:6a3784ae-1aa6-4bbf-b617-4d4aeabcc2af
insert into score (facility_rank, facility_score, price_rank, price_score, rank_average, surround_rank, surround_score, view_rank, view_score, score_id) values (?, ?, ?, ?, ?, ?, ?, ?, ?, ?)
insert into score (facility_rank, facility_score, price_rank, price_score, rank_average, surround_rank, surround_score, view_rank, view_score, score_id) values (5.443916773610774, 7.566800266806833, 4.101161510420561, 8.966277930453678, 9.443234539854522, 8.777547473670227, 7.151370586453744, 9.395789097548846, 7.460494601441101, 848);
2022-10-10 13:48:04.816  INFO 3923 --- [    Test worker] p6spy                                    : #1665377284816 | took 0ms | statement | connection 28| url jdbc:h2:mem:6a3784ae-1aa6-4bbf-b617-4d4aeabcc2af
insert into picture (spot_id, url, picture_id) values (?, ?, ?)
insert into picture (spot_id, url, picture_id) values (NULL, 'java.io.StringReader@22947122', 3445);
2022-10-10 13:48:04.816  INFO 3923 --- [    Test worker] p6spy                                    : #1665377284816 | took 0ms | statement | connection 28| url jdbc:h2:mem:6a3784ae-1aa6-4bbf-b617-4d4aeabcc2af
insert into picture (spot_id, url, picture_id) values (?, ?, ?)
insert into picture (spot_id, url, picture_id) values (NULL, 'java.io.StringReader@338a2e4f', 3446);
2022-10-10 13:48:04.816  INFO 3923 --- [    Test worker] p6spy                                    : #1665377284816 | took 0ms | statement | connection 28| url jdbc:h2:mem:6a3784ae-1aa6-4bbf-b617-4d4aeabcc2af
insert into picture (spot_id, url, picture_id) values (?, ?, ?)
insert into picture (spot_id, url, picture_id) values (NULL, 'java.io.StringReader@42677756', 3447);
2022-10-10 13:48:04.816  INFO 3923 --- [    Test worker] p6spy                                    : #1665377284816 | took 0ms | statement | connection 28| url jdbc:h2:mem:6a3784ae-1aa6-4bbf-b617-4d4aeabcc2af
insert into spot (address, description, location, name, score_id, spot_id) values (?, ?, ?, ?, ?, ?)
insert into spot (address, description, location, name, score_id, spot_id) values (NULL, NULL, 'Aewol_eup', NULL, 848, 916);
2022-10-10 13:48:04.816  INFO 3923 --- [    Test worker] p6spy                                    : #1665377284816 | took 0ms | statement | connection 28| url jdbc:h2:mem:6a3784ae-1aa6-4bbf-b617-4d4aeabcc2af
insert into member_spot (member_id, score, spot_id, member_spot_id) values (?, ?, ?, ?)
insert into member_spot (member_id, score, spot_id, member_spot_id) values (25, 0.0, 916, 3448);
2022-10-10 13:48:04.816  INFO 3923 --- [    Test worker] p6spy                                    : #1665377284816 | took 0ms | statement | connection 28| url jdbc:h2:mem:6a3784ae-1aa6-4bbf-b617-4d4aeabcc2af
insert into review (content, spot_id, review_id) values (?, ?, ?)
insert into review (content, spot_id, review_id) values ('java.io.StringReader@3e7f3897', 871, 850);
2022-10-10 13:48:04.816  INFO 3923 --- [    Test worker] p6spy                                    : #1665377284816 | took 0ms | statement | connection 28| url jdbc:h2:mem:6a3784ae-1aa6-4bbf-b617-4d4aeabcc2af
insert into score (facility_rank, facility_score, price_rank, price_score, rank_average, surround_rank, surround_score, view_rank, view_score, score_id) values (?, ?, ?, ?, ?, ?, ?, ?, ?, ?)
insert into score (facility_rank, facility_score, price_rank, price_score, rank_average, surround_rank, surround_score, view_rank, view_score, score_id) values (0.3354459622540984, 6.454368856813981, 7.662459720895274, 3.9043951154569267, 5.357813075915341, 1.6527162912132898, 4.27348291212117, 4.818720563663014, 7.216485036658872, 849);
2022-10-10 13:48:04.816  INFO 3923 --- [    Test worker] p6spy                                    : #1665377284816 | took 0ms | statement | connection 28| url jdbc:h2:mem:6a3784ae-1aa6-4bbf-b617-4d4aeabcc2af
insert into picture (spot_id, url, picture_id) values (?, ?, ?)
insert into picture (spot_id, url, picture_id) values (NULL, 'java.io.StringReader@705ccb05', 3449);
2022-10-10 13:48:04.816  INFO 3923 --- [    Test worker] p6spy                                    : #1665377284816 | took 0ms | statement | connection 28| url jdbc:h2:mem:6a3784ae-1aa6-4bbf-b617-4d4aeabcc2af
insert into picture (spot_id, url, picture_id) values (?, ?, ?)
insert into picture (spot_id, url, picture_id) values (NULL, 'java.io.StringReader@6c57f74e', 3450);
2022-10-10 13:48:04.816  INFO 3923 --- [    Test worker] p6spy                                    : #1665377284816 | took 0ms | statement | connection 28| url jdbc:h2:mem:6a3784ae-1aa6-4bbf-b617-4d4aeabcc2af
insert into picture (spot_id, url, picture_id) values (?, ?, ?)
insert into picture (spot_id, url, picture_id) values (NULL, 'java.io.StringReader@b30adaa', 3451);
2022-10-10 13:48:04.816  INFO 3923 --- [    Test worker] p6spy                                    : #1665377284816 | took 0ms | statement | connection 28| url jdbc:h2:mem:6a3784ae-1aa6-4bbf-b617-4d4aeabcc2af
insert into spot (address, description, location, name, score_id, spot_id) values (?, ?, ?, ?, ?, ?)
insert into spot (address, description, location, name, score_id, spot_id) values (NULL, NULL, 'Aewol_eup', NULL, 849, 917);
2022-10-10 13:48:04.816  INFO 3923 --- [    Test worker] p6spy                                    : #1665377284816 | took 0ms | statement | connection 28| url jdbc:h2:mem:6a3784ae-1aa6-4bbf-b617-4d4aeabcc2af
insert into member_spot (member_id, score, spot_id, member_spot_id) values (?, ?, ?, ?)
insert into member_spot (member_id, score, spot_id, member_spot_id) values (25, 0.0, 917, 3452);
2022-10-10 13:48:04.816  INFO 3923 --- [    Test worker] p6spy                                    : #1665377284816 | took 0ms | statement | connection 28| url jdbc:h2:mem:6a3784ae-1aa6-4bbf-b617-4d4aeabcc2af
insert into review (content, spot_id, review_id) values (?, ?, ?)
insert into review (content, spot_id, review_id) values ('java.io.StringReader@20c693c6', 871, 851);
2022-10-10 13:48:04.816  INFO 3923 --- [    Test worker] p6spy                                    : #1665377284816 | took 0ms | statement | connection 28| url jdbc:h2:mem:6a3784ae-1aa6-4bbf-b617-4d4aeabcc2af
insert into favorite_spot (count, favorite_id, spot_id, favorite_spot_id) values (?, ?, ?, ?)
insert into favorite_spot (count, favorite_id, spot_id, favorite_spot_id) values (0, 44, 917, 602);
2022-10-10 13:48:04.816  INFO 3923 --- [    Test worker] p6spy                                    : #1665377284816 | took 0ms | statement | connection 28| url jdbc:h2:mem:6a3784ae-1aa6-4bbf-b617-4d4aeabcc2af
insert into score (facility_rank, facility_score, price_rank, price_score, rank_average, surround_rank, surround_score, view_rank, view_score, score_id) values (?, ?, ?, ?, ?, ?, ?, ?, ?, ?)
insert into score (facility_rank, facility_score, price_rank, price_score, rank_average, surround_rank, surround_score, view_rank, view_score, score_id) values (7.730278820729434, 5.014353797285437, 7.382714531819621, 1.6161077604288432, 2.449643040557896, 2.0604082652259494, 9.36370125726236, 3.4472202178464006, 8.505266187718387, 850);
2022-10-10 13:48:04.816  INFO 3923 --- [    Test worker] p6spy                                    : #1665377284816 | took 0ms | statement | connection 28| url jdbc:h2:mem:6a3784ae-1aa6-4bbf-b617-4d4aeabcc2af
insert into picture (spot_id, url, picture_id) values (?, ?, ?)
insert into picture (spot_id, url, picture_id) values (NULL, 'java.io.StringReader@4aaf593d', 3453);
2022-10-10 13:48:04.816  INFO 3923 --- [    Test worker] p6spy                                    : #1665377284816 | took 0ms | statement | connection 28| url jdbc:h2:mem:6a3784ae-1aa6-4bbf-b617-4d4aeabcc2af
insert into picture (spot_id, url, picture_id) values (?, ?, ?)
insert into picture (spot_id, url, picture_id) values (NULL, 'java.io.StringReader@131e79b9', 3454);
2022-10-10 13:48:04.816  INFO 3923 --- [    Test worker] p6spy                                    : #1665377284816 | took 0ms | statement | connection 28| url jdbc:h2:mem:6a3784ae-1aa6-4bbf-b617-4d4aeabcc2af
insert into picture (spot_id, url, picture_id) values (?, ?, ?)
insert into picture (spot_id, url, picture_id) values (NULL, 'java.io.StringReader@35af72f8', 3455);
2022-10-10 13:48:04.816  INFO 3923 --- [    Test worker] p6spy                                    : #1665377284816 | took 0ms | statement | connection 28| url jdbc:h2:mem:6a3784ae-1aa6-4bbf-b617-4d4aeabcc2af
insert into spot (address, description, location, name, score_id, spot_id) values (?, ?, ?, ?, ?, ?)
insert into spot (address, description, location, name, score_id, spot_id) values (NULL, NULL, 'Aewol_eup', NULL, 850, 918);
2022-10-10 13:48:04.816  INFO 3923 --- [    Test worker] p6spy                                    : #1665377284816 | took 0ms | statement | connection 28| url jdbc:h2:mem:6a3784ae-1aa6-4bbf-b617-4d4aeabcc2af
insert into member_spot (member_id, score, spot_id, member_spot_id) values (?, ?, ?, ?)
insert into member_spot (member_id, score, spot_id, member_spot_id) values (25, 0.0, 918, 3456);
2022-10-10 13:48:04.816  INFO 3923 --- [    Test worker] p6spy                                    : #1665377284816 | took 0ms | statement | connection 28| url jdbc:h2:mem:6a3784ae-1aa6-4bbf-b617-4d4aeabcc2af
insert into review (content, spot_id, review_id) values (?, ?, ?)
insert into review (content, spot_id, review_id) values ('java.io.StringReader@48c07ad3', 871, 852);
2022-10-10 13:48:04.816  INFO 3923 --- [    Test worker] p6spy                                    : #1665377284816 | took 0ms | statement | connection 28| url jdbc:h2:mem:6a3784ae-1aa6-4bbf-b617-4d4aeabcc2af
insert into score (facility_rank, facility_score, price_rank, price_score, rank_average, surround_rank, surround_score, view_rank, view_score, score_id) values (?, ?, ?, ?, ?, ?, ?, ?, ?, ?)
insert into score (facility_rank, facility_score, price_rank, price_score, rank_average, surround_rank, surround_score, view_rank, view_score, score_id) values (0.33525192975609075, 2.167644370983899, 7.818543244320811, 5.952719883999652, 7.131241090961567, 1.3099335278087476, 4.503528126284437, 3.3536829222566746, 4.7513439377956255, 851);
2022-10-10 13:48:04.816  INFO 3923 --- [    Test worker] p6spy                                    : #1665377284816 | took 0ms | statement | connection 28| url jdbc:h2:mem:6a3784ae-1aa6-4bbf-b617-4d4aeabcc2af
insert into picture (spot_id, url, picture_id) values (?, ?, ?)
insert into picture (spot_id, url, picture_id) values (NULL, 'java.io.StringReader@d06af57', 3457);
2022-10-10 13:48:04.816  INFO 3923 --- [    Test worker] p6spy                                    : #1665377284816 | took 0ms | statement | connection 28| url jdbc:h2:mem:6a3784ae-1aa6-4bbf-b617-4d4aeabcc2af
insert into picture (spot_id, url, picture_id) values (?, ?, ?)
insert into picture (spot_id, url, picture_id) values (NULL, 'java.io.StringReader@5907eab2', 3458);
2022-10-10 13:48:04.816  INFO 3923 --- [    Test worker] p6spy                                    : #1665377284816 | took 0ms | statement | connection 28| url jdbc:h2:mem:6a3784ae-1aa6-4bbf-b617-4d4aeabcc2af
insert into picture (spot_id, url, picture_id) values (?, ?, ?)
insert into picture (spot_id, url, picture_id) values (NULL, 'java.io.StringReader@498cc349', 3459);
2022-10-10 13:48:04.816  INFO 3923 --- [    Test worker] p6spy                                    : #1665377284816 | took 0ms | statement | connection 28| url jdbc:h2:mem:6a3784ae-1aa6-4bbf-b617-4d4aeabcc2af
insert into spot (address, description, location, name, score_id, spot_id) values (?, ?, ?, ?, ?, ?)
insert into spot (address, description, location, name, score_id, spot_id) values (NULL, NULL, 'Aewol_eup', NULL, 851, 919);
2022-10-10 13:48:04.817  INFO 3923 --- [    Test worker] p6spy                                    : #1665377284817 | took 0ms | statement | connection 28| url jdbc:h2:mem:6a3784ae-1aa6-4bbf-b617-4d4aeabcc2af
insert into member_spot (member_id, score, spot_id, member_spot_id) values (?, ?, ?, ?)
insert into member_spot (member_id, score, spot_id, member_spot_id) values (25, 0.0, 919, 3460);
2022-10-10 13:48:04.817  INFO 3923 --- [    Test worker] p6spy                                    : #1665377284817 | took 0ms | statement | connection 28| url jdbc:h2:mem:6a3784ae-1aa6-4bbf-b617-4d4aeabcc2af
insert into review (content, spot_id, review_id) values (?, ?, ?)
insert into review (content, spot_id, review_id) values ('java.io.StringReader@3a9fc7a4', 871, 853);
2022-10-10 13:48:04.817  INFO 3923 --- [    Test worker] p6spy                                    : #1665377284817 | took 0ms | statement | connection 28| url jdbc:h2:mem:6a3784ae-1aa6-4bbf-b617-4d4aeabcc2af
insert into favorite_spot (count, favorite_id, spot_id, favorite_spot_id) values (?, ?, ?, ?)
insert into favorite_spot (count, favorite_id, spot_id, favorite_spot_id) values (0, 44, 919, 603);
2022-10-10 13:48:04.817  INFO 3923 --- [    Test worker] p6spy                                    : #1665377284817 | took 0ms | statement | connection 28| url jdbc:h2:mem:6a3784ae-1aa6-4bbf-b617-4d4aeabcc2af
insert into score (facility_rank, facility_score, price_rank, price_score, rank_average, surround_rank, surround_score, view_rank, view_score, score_id) values (?, ?, ?, ?, ?, ?, ?, ?, ?, ?)
insert into score (facility_rank, facility_score, price_rank, price_score, rank_average, surround_rank, surround_score, view_rank, view_score, score_id) values (1.227931072981986, 1.2951157352319198, 1.0513766933387303, 4.553515656013081, 3.761155907124788, 7.385994467379375, 5.5648867063421825, 4.697532131371023, 3.2190512022550157, 852);
2022-10-10 13:48:04.817  INFO 3923 --- [    Test worker] p6spy                                    : #1665377284817 | took 0ms | statement | connection 28| url jdbc:h2:mem:6a3784ae-1aa6-4bbf-b617-4d4aeabcc2af
insert into picture (spot_id, url, picture_id) values (?, ?, ?)
insert into picture (spot_id, url, picture_id) values (NULL, 'java.io.StringReader@47927528', 3461);
2022-10-10 13:48:04.817  INFO 3923 --- [    Test worker] p6spy                                    : #1665377284817 | took 0ms | statement | connection 28| url jdbc:h2:mem:6a3784ae-1aa6-4bbf-b617-4d4aeabcc2af
insert into picture (spot_id, url, picture_id) values (?, ?, ?)
insert into picture (spot_id, url, picture_id) values (NULL, 'java.io.StringReader@12ecb9bc', 3462);
2022-10-10 13:48:04.817  INFO 3923 --- [    Test worker] p6spy                                    : #1665377284817 | took 0ms | statement | connection 28| url jdbc:h2:mem:6a3784ae-1aa6-4bbf-b617-4d4aeabcc2af
insert into picture (spot_id, url, picture_id) values (?, ?, ?)
insert into picture (spot_id, url, picture_id) values (NULL, 'java.io.StringReader@4484a80e', 3463);
2022-10-10 13:48:04.817  INFO 3923 --- [    Test worker] p6spy                                    : #1665377284817 | took 0ms | statement | connection 28| url jdbc:h2:mem:6a3784ae-1aa6-4bbf-b617-4d4aeabcc2af
insert into spot (address, description, location, name, score_id, spot_id) values (?, ?, ?, ?, ?, ?)
insert into spot (address, description, location, name, score_id, spot_id) values (NULL, NULL, 'Aewol_eup', NULL, 852, 920);
2022-10-10 13:48:04.817  INFO 3923 --- [    Test worker] p6spy                                    : #1665377284817 | took 0ms | statement | connection 28| url jdbc:h2:mem:6a3784ae-1aa6-4bbf-b617-4d4aeabcc2af
insert into member_spot (member_id, score, spot_id, member_spot_id) values (?, ?, ?, ?)
insert into member_spot (member_id, score, spot_id, member_spot_id) values (25, 0.0, 920, 3464);
2022-10-10 13:48:04.817  INFO 3923 --- [    Test worker] p6spy                                    : #1665377284817 | took 0ms | statement | connection 28| url jdbc:h2:mem:6a3784ae-1aa6-4bbf-b617-4d4aeabcc2af
insert into review (content, spot_id, review_id) values (?, ?, ?)
insert into review (content, spot_id, review_id) values ('java.io.StringReader@3a307279', 871, 854);
2022-10-10 13:48:04.817  INFO 3923 --- [    Test worker] p6spy                                    : #1665377284817 | took 0ms | statement | connection 28| url jdbc:h2:mem:6a3784ae-1aa6-4bbf-b617-4d4aeabcc2af
insert into score (facility_rank, facility_score, price_rank, price_score, rank_average, surround_rank, surround_score, view_rank, view_score, score_id) values (?, ?, ?, ?, ?, ?, ?, ?, ?, ?)
insert into score (facility_rank, facility_score, price_rank, price_score, rank_average, surround_rank, surround_score, view_rank, view_score, score_id) values (7.238242882573717, 7.625411361956998, 5.192234644642877, 8.404010822001627, 6.336883921111582, 3.4594751284403404, 3.098720541399297, 9.11012757835, 6.145192309151368, 853);
2022-10-10 13:48:04.817  INFO 3923 --- [    Test worker] p6spy                                    : #1665377284817 | took 0ms | statement | connection 28| url jdbc:h2:mem:6a3784ae-1aa6-4bbf-b617-4d4aeabcc2af
insert into picture (spot_id, url, picture_id) values (?, ?, ?)
insert into picture (spot_id, url, picture_id) values (NULL, 'java.io.StringReader@4480fcf6', 3465);
2022-10-10 13:48:04.817  INFO 3923 --- [    Test worker] p6spy                                    : #1665377284817 | took 0ms | statement | connection 28| url jdbc:h2:mem:6a3784ae-1aa6-4bbf-b617-4d4aeabcc2af
insert into picture (spot_id, url, picture_id) values (?, ?, ?)
insert into picture (spot_id, url, picture_id) values (NULL, 'java.io.StringReader@1d5df7b4', 3466);
2022-10-10 13:48:04.817  INFO 3923 --- [    Test worker] p6spy                                    : #1665377284817 | took 0ms | statement | connection 28| url jdbc:h2:mem:6a3784ae-1aa6-4bbf-b617-4d4aeabcc2af
insert into picture (spot_id, url, picture_id) values (?, ?, ?)
insert into picture (spot_id, url, picture_id) values (NULL, 'java.io.StringReader@62b28f0a', 3467);
2022-10-10 13:48:04.817  INFO 3923 --- [    Test worker] p6spy                                    : #1665377284817 | took 0ms | statement | connection 28| url jdbc:h2:mem:6a3784ae-1aa6-4bbf-b617-4d4aeabcc2af
insert into spot (address, description, location, name, score_id, spot_id) values (?, ?, ?, ?, ?, ?)
insert into spot (address, description, location, name, score_id, spot_id) values (NULL, NULL, 'Andeok_myeon', NULL, 853, 921);
2022-10-10 13:48:04.817  INFO 3923 --- [    Test worker] p6spy                                    : #1665377284817 | took 0ms | statement | connection 28| url jdbc:h2:mem:6a3784ae-1aa6-4bbf-b617-4d4aeabcc2af
insert into member_spot (member_id, score, spot_id, member_spot_id) values (?, ?, ?, ?)
insert into member_spot (member_id, score, spot_id, member_spot_id) values (24, 0.0, 921, 3468);
2022-10-10 13:48:04.817  INFO 3923 --- [    Test worker] p6spy                                    : #1665377284817 | took 0ms | statement | connection 28| url jdbc:h2:mem:6a3784ae-1aa6-4bbf-b617-4d4aeabcc2af
insert into review (content, spot_id, review_id) values (?, ?, ?)
insert into review (content, spot_id, review_id) values ('java.io.StringReader@a4808cf', 871, 855);
2022-10-10 13:48:04.817  INFO 3923 --- [    Test worker] p6spy                                    : #1665377284817 | took 0ms | statement | connection 28| url jdbc:h2:mem:6a3784ae-1aa6-4bbf-b617-4d4aeabcc2af
insert into favorite_spot (count, favorite_id, spot_id, favorite_spot_id) values (?, ?, ?, ?)
insert into favorite_spot (count, favorite_id, spot_id, favorite_spot_id) values (0, 44, 921, 604);
2022-10-10 13:48:04.817  INFO 3923 --- [    Test worker] p6spy                                    : #1665377284817 | took 0ms | statement | connection 28| url jdbc:h2:mem:6a3784ae-1aa6-4bbf-b617-4d4aeabcc2af
insert into score (facility_rank, facility_score, price_rank, price_score, rank_average, surround_rank, surround_score, view_rank, view_score, score_id) values (?, ?, ?, ?, ?, ?, ?, ?, ?, ?)
insert into score (facility_rank, facility_score, price_rank, price_score, rank_average, surround_rank, surround_score, view_rank, view_score, score_id) values (9.894730844401275, 0.3585605160719041, 9.591157899381319, 5.968216342154257, 0.1858721161004584, 2.214039113810209, 0.40388470255899867, 8.406297878132309, 5.200292601632616, 854);
2022-10-10 13:48:04.817  INFO 3923 --- [    Test worker] p6spy                                    : #1665377284817 | took 0ms | statement | connection 28| url jdbc:h2:mem:6a3784ae-1aa6-4bbf-b617-4d4aeabcc2af
insert into picture (spot_id, url, picture_id) values (?, ?, ?)
insert into picture (spot_id, url, picture_id) values (NULL, 'java.io.StringReader@7ac10add', 3469);
2022-10-10 13:48:04.817  INFO 3923 --- [    Test worker] p6spy                                    : #1665377284817 | took 0ms | statement | connection 28| url jdbc:h2:mem:6a3784ae-1aa6-4bbf-b617-4d4aeabcc2af
insert into picture (spot_id, url, picture_id) values (?, ?, ?)
insert into picture (spot_id, url, picture_id) values (NULL, 'java.io.StringReader@1f2c997', 3470);
2022-10-10 13:48:04.817  INFO 3923 --- [    Test worker] p6spy                                    : #1665377284817 | took 0ms | statement | connection 28| url jdbc:h2:mem:6a3784ae-1aa6-4bbf-b617-4d4aeabcc2af
insert into picture (spot_id, url, picture_id) values (?, ?, ?)
insert into picture (spot_id, url, picture_id) values (NULL, 'java.io.StringReader@424d5866', 3471);
2022-10-10 13:48:04.817  INFO 3923 --- [    Test worker] p6spy                                    : #1665377284817 | took 0ms | statement | connection 28| url jdbc:h2:mem:6a3784ae-1aa6-4bbf-b617-4d4aeabcc2af
insert into spot (address, description, location, name, score_id, spot_id) values (?, ?, ?, ?, ?, ?)
insert into spot (address, description, location, name, score_id, spot_id) values (NULL, NULL, 'Andeok_myeon', NULL, 854, 922);
2022-10-10 13:48:04.817  INFO 3923 --- [    Test worker] p6spy                                    : #1665377284817 | took 0ms | statement | connection 28| url jdbc:h2:mem:6a3784ae-1aa6-4bbf-b617-4d4aeabcc2af
insert into member_spot (member_id, score, spot_id, member_spot_id) values (?, ?, ?, ?)
insert into member_spot (member_id, score, spot_id, member_spot_id) values (24, 0.0, 922, 3472);
2022-10-10 13:48:04.817  INFO 3923 --- [    Test worker] p6spy                                    : #1665377284817 | took 0ms | statement | connection 28| url jdbc:h2:mem:6a3784ae-1aa6-4bbf-b617-4d4aeabcc2af
insert into review (content, spot_id, review_id) values (?, ?, ?)
insert into review (content, spot_id, review_id) values ('java.io.StringReader@2117cd59', 871, 856);
2022-10-10 13:48:04.817  INFO 3923 --- [    Test worker] p6spy                                    : #1665377284817 | took 0ms | statement | connection 28| url jdbc:h2:mem:6a3784ae-1aa6-4bbf-b617-4d4aeabcc2af
insert into score (facility_rank, facility_score, price_rank, price_score, rank_average, surround_rank, surround_score, view_rank, view_score, score_id) values (?, ?, ?, ?, ?, ?, ?, ?, ?, ?)
insert into score (facility_rank, facility_score, price_rank, price_score, rank_average, surround_rank, surround_score, view_rank, view_score, score_id) values (0.39814849221279647, 2.6352888240906713, 3.997008791611604, 9.406691932315796, 4.484984870932996, 4.816582577261046, 0.6138746090008917, 9.131563793233484, 8.946711780547508, 855);
2022-10-10 13:48:04.817  INFO 3923 --- [    Test worker] p6spy                                    : #1665377284817 | took 0ms | statement | connection 28| url jdbc:h2:mem:6a3784ae-1aa6-4bbf-b617-4d4aeabcc2af
insert into picture (spot_id, url, picture_id) values (?, ?, ?)
insert into picture (spot_id, url, picture_id) values (NULL, 'java.io.StringReader@450152d4', 3473);
2022-10-10 13:48:04.817  INFO 3923 --- [    Test worker] p6spy                                    : #1665377284817 | took 0ms | statement | connection 28| url jdbc:h2:mem:6a3784ae-1aa6-4bbf-b617-4d4aeabcc2af
insert into picture (spot_id, url, picture_id) values (?, ?, ?)
insert into picture (spot_id, url, picture_id) values (NULL, 'java.io.StringReader@545bbfb5', 3474);
2022-10-10 13:48:04.817  INFO 3923 --- [    Test worker] p6spy                                    : #1665377284817 | took 0ms | statement | connection 28| url jdbc:h2:mem:6a3784ae-1aa6-4bbf-b617-4d4aeabcc2af
insert into picture (spot_id, url, picture_id) values (?, ?, ?)
insert into picture (spot_id, url, picture_id) values (NULL, 'java.io.StringReader@3cb67d62', 3475);
2022-10-10 13:48:04.817  INFO 3923 --- [    Test worker] p6spy                                    : #1665377284817 | took 0ms | statement | connection 28| url jdbc:h2:mem:6a3784ae-1aa6-4bbf-b617-4d4aeabcc2af
insert into spot (address, description, location, name, score_id, spot_id) values (?, ?, ?, ?, ?, ?)
insert into spot (address, description, location, name, score_id, spot_id) values (NULL, NULL, 'Andeok_myeon', NULL, 855, 923);
2022-10-10 13:48:04.817  INFO 3923 --- [    Test worker] p6spy                                    : #1665377284817 | took 0ms | statement | connection 28| url jdbc:h2:mem:6a3784ae-1aa6-4bbf-b617-4d4aeabcc2af
insert into member_spot (member_id, score, spot_id, member_spot_id) values (?, ?, ?, ?)
insert into member_spot (member_id, score, spot_id, member_spot_id) values (24, 0.0, 923, 3476);
2022-10-10 13:48:04.817  INFO 3923 --- [    Test worker] p6spy                                    : #1665377284817 | took 0ms | statement | connection 28| url jdbc:h2:mem:6a3784ae-1aa6-4bbf-b617-4d4aeabcc2af
insert into review (content, spot_id, review_id) values (?, ?, ?)
insert into review (content, spot_id, review_id) values ('java.io.StringReader@4620f3ec', 871, 857);
2022-10-10 13:48:04.817  INFO 3923 --- [    Test worker] p6spy                                    : #1665377284817 | took 0ms | statement | connection 28| url jdbc:h2:mem:6a3784ae-1aa6-4bbf-b617-4d4aeabcc2af
insert into favorite_spot (count, favorite_id, spot_id, favorite_spot_id) values (?, ?, ?, ?)
insert into favorite_spot (count, favorite_id, spot_id, favorite_spot_id) values (0, 44, 923, 605);
2022-10-10 13:48:04.817  INFO 3923 --- [    Test worker] p6spy                                    : #1665377284817 | took 0ms | statement | connection 28| url jdbc:h2:mem:6a3784ae-1aa6-4bbf-b617-4d4aeabcc2af
insert into score (facility_rank, facility_score, price_rank, price_score, rank_average, surround_rank, surround_score, view_rank, view_score, score_id) values (?, ?, ?, ?, ?, ?, ?, ?, ?, ?)
insert into score (facility_rank, facility_score, price_rank, price_score, rank_average, surround_rank, surround_score, view_rank, view_score, score_id) values (6.0594849566228834, 5.007846759293768, 6.222465716385516, 5.659601503585419, 1.9344957503051685, 4.257600713151973, 5.854626928149927, 4.728092201755142, 9.16425120006212, 856);
2022-10-10 13:48:04.817  INFO 3923 --- [    Test worker] p6spy                                    : #1665377284817 | took 0ms | statement | connection 28| url jdbc:h2:mem:6a3784ae-1aa6-4bbf-b617-4d4aeabcc2af
insert into picture (spot_id, url, picture_id) values (?, ?, ?)
insert into picture (spot_id, url, picture_id) values (NULL, 'java.io.StringReader@32c6b06', 3477);
2022-10-10 13:48:04.817  INFO 3923 --- [    Test worker] p6spy                                    : #1665377284817 | took 0ms | statement | connection 28| url jdbc:h2:mem:6a3784ae-1aa6-4bbf-b617-4d4aeabcc2af
insert into picture (spot_id, url, picture_id) values (?, ?, ?)
insert into picture (spot_id, url, picture_id) values (NULL, 'java.io.StringReader@ac85403', 3478);
2022-10-10 13:48:04.817  INFO 3923 --- [    Test worker] p6spy                                    : #1665377284817 | took 0ms | statement | connection 28| url jdbc:h2:mem:6a3784ae-1aa6-4bbf-b617-4d4aeabcc2af
insert into picture (spot_id, url, picture_id) values (?, ?, ?)
insert into picture (spot_id, url, picture_id) values (NULL, 'java.io.StringReader@384324ed', 3479);
2022-10-10 13:48:04.817  INFO 3923 --- [    Test worker] p6spy                                    : #1665377284817 | took 0ms | statement | connection 28| url jdbc:h2:mem:6a3784ae-1aa6-4bbf-b617-4d4aeabcc2af
insert into spot (address, description, location, name, score_id, spot_id) values (?, ?, ?, ?, ?, ?)
insert into spot (address, description, location, name, score_id, spot_id) values (NULL, NULL, 'Andeok_myeon', NULL, 856, 924);
2022-10-10 13:48:04.817  INFO 3923 --- [    Test worker] p6spy                                    : #1665377284817 | took 0ms | statement | connection 28| url jdbc:h2:mem:6a3784ae-1aa6-4bbf-b617-4d4aeabcc2af
insert into member_spot (member_id, score, spot_id, member_spot_id) values (?, ?, ?, ?)
insert into member_spot (member_id, score, spot_id, member_spot_id) values (24, 0.0, 924, 3480);
2022-10-10 13:48:04.817  INFO 3923 --- [    Test worker] p6spy                                    : #1665377284817 | took 0ms | statement | connection 28| url jdbc:h2:mem:6a3784ae-1aa6-4bbf-b617-4d4aeabcc2af
insert into review (content, spot_id, review_id) values (?, ?, ?)
insert into review (content, spot_id, review_id) values ('java.io.StringReader@342430f3', 871, 858);
2022-10-10 13:48:04.817  INFO 3923 --- [    Test worker] p6spy                                    : #1665377284817 | took 0ms | statement | connection 28| url jdbc:h2:mem:6a3784ae-1aa6-4bbf-b617-4d4aeabcc2af
insert into score (facility_rank, facility_score, price_rank, price_score, rank_average, surround_rank, surround_score, view_rank, view_score, score_id) values (?, ?, ?, ?, ?, ?, ?, ?, ?, ?)
insert into score (facility_rank, facility_score, price_rank, price_score, rank_average, surround_rank, surround_score, view_rank, view_score, score_id) values (9.996370901450545, 0.06287701346758934, 7.5709343096607595, 4.596148141825978, 7.327757246575367, 7.385803692036486, 5.908514975544632, 5.64305563046544, 4.388319065123917, 857);
2022-10-10 13:48:04.817  INFO 3923 --- [    Test worker] p6spy                                    : #1665377284817 | took 0ms | statement | connection 28| url jdbc:h2:mem:6a3784ae-1aa6-4bbf-b617-4d4aeabcc2af
insert into picture (spot_id, url, picture_id) values (?, ?, ?)
insert into picture (spot_id, url, picture_id) values (NULL, 'java.io.StringReader@5f468112', 3481);
2022-10-10 13:48:04.817  INFO 3923 --- [    Test worker] p6spy                                    : #1665377284817 | took 0ms | statement | connection 28| url jdbc:h2:mem:6a3784ae-1aa6-4bbf-b617-4d4aeabcc2af
insert into picture (spot_id, url, picture_id) values (?, ?, ?)
insert into picture (spot_id, url, picture_id) values (NULL, 'java.io.StringReader@1122ff04', 3482);
2022-10-10 13:48:04.817  INFO 3923 --- [    Test worker] p6spy                                    : #1665377284817 | took 0ms | statement | connection 28| url jdbc:h2:mem:6a3784ae-1aa6-4bbf-b617-4d4aeabcc2af
insert into picture (spot_id, url, picture_id) values (?, ?, ?)
insert into picture (spot_id, url, picture_id) values (NULL, 'java.io.StringReader@39676ac1', 3483);
2022-10-10 13:48:04.817  INFO 3923 --- [    Test worker] p6spy                                    : #1665377284817 | took 0ms | statement | connection 28| url jdbc:h2:mem:6a3784ae-1aa6-4bbf-b617-4d4aeabcc2af
insert into spot (address, description, location, name, score_id, spot_id) values (?, ?, ?, ?, ?, ?)
insert into spot (address, description, location, name, score_id, spot_id) values (NULL, NULL, 'Andeok_myeon', NULL, 857, 925);
2022-10-10 13:48:04.817  INFO 3923 --- [    Test worker] p6spy                                    : #1665377284817 | took 0ms | statement | connection 28| url jdbc:h2:mem:6a3784ae-1aa6-4bbf-b617-4d4aeabcc2af
insert into member_spot (member_id, score, spot_id, member_spot_id) values (?, ?, ?, ?)
insert into member_spot (member_id, score, spot_id, member_spot_id) values (24, 0.0, 925, 3484);
2022-10-10 13:48:04.817  INFO 3923 --- [    Test worker] p6spy                                    : #1665377284817 | took 0ms | statement | connection 28| url jdbc:h2:mem:6a3784ae-1aa6-4bbf-b617-4d4aeabcc2af
insert into review (content, spot_id, review_id) values (?, ?, ?)
insert into review (content, spot_id, review_id) values ('java.io.StringReader@6dfcc2aa', 871, 859);
2022-10-10 13:48:04.817  INFO 3923 --- [    Test worker] p6spy                                    : #1665377284817 | took 0ms | statement | connection 28| url jdbc:h2:mem:6a3784ae-1aa6-4bbf-b617-4d4aeabcc2af
insert into favorite_spot (count, favorite_id, spot_id, favorite_spot_id) values (?, ?, ?, ?)
insert into favorite_spot (count, favorite_id, spot_id, favorite_spot_id) values (0, 44, 925, 606);
2022-10-10 13:48:04.818  INFO 3923 --- [    Test worker] p6spy                                    : #1665377284818 | took 0ms | statement | connection 28| url jdbc:h2:mem:6a3784ae-1aa6-4bbf-b617-4d4aeabcc2af
insert into score (facility_rank, facility_score, price_rank, price_score, rank_average, surround_rank, surround_score, view_rank, view_score, score_id) values (?, ?, ?, ?, ?, ?, ?, ?, ?, ?)
insert into score (facility_rank, facility_score, price_rank, price_score, rank_average, surround_rank, surround_score, view_rank, view_score, score_id) values (6.532242047514837, 1.4273836842181808, 0.9383414188367689, 9.294213750012542, 8.310539156426621, 4.116493087255057, 8.716890050668873, 1.0358761247059656, 7.51215923050121, 858);
2022-10-10 13:48:04.818  INFO 3923 --- [    Test worker] p6spy                                    : #1665377284818 | took 0ms | statement | connection 28| url jdbc:h2:mem:6a3784ae-1aa6-4bbf-b617-4d4aeabcc2af
insert into picture (spot_id, url, picture_id) values (?, ?, ?)
insert into picture (spot_id, url, picture_id) values (NULL, 'java.io.StringReader@21bd49c8', 3485);
2022-10-10 13:48:04.818  INFO 3923 --- [    Test worker] p6spy                                    : #1665377284818 | took 0ms | statement | connection 28| url jdbc:h2:mem:6a3784ae-1aa6-4bbf-b617-4d4aeabcc2af
insert into picture (spot_id, url, picture_id) values (?, ?, ?)
insert into picture (spot_id, url, picture_id) values (NULL, 'java.io.StringReader@79911f66', 3486);
2022-10-10 13:48:04.818  INFO 3923 --- [    Test worker] p6spy                                    : #1665377284818 | took 0ms | statement | connection 28| url jdbc:h2:mem:6a3784ae-1aa6-4bbf-b617-4d4aeabcc2af
insert into picture (spot_id, url, picture_id) values (?, ?, ?)
insert into picture (spot_id, url, picture_id) values (NULL, 'java.io.StringReader@3012811e', 3487);
2022-10-10 13:48:04.818  INFO 3923 --- [    Test worker] p6spy                                    : #1665377284818 | took 0ms | statement | connection 28| url jdbc:h2:mem:6a3784ae-1aa6-4bbf-b617-4d4aeabcc2af
insert into spot (address, description, location, name, score_id, spot_id) values (?, ?, ?, ?, ?, ?)
insert into spot (address, description, location, name, score_id, spot_id) values (NULL, NULL, 'Andeok_myeon', NULL, 858, 926);
2022-10-10 13:48:04.818  INFO 3923 --- [    Test worker] p6spy                                    : #1665377284818 | took 0ms | statement | connection 28| url jdbc:h2:mem:6a3784ae-1aa6-4bbf-b617-4d4aeabcc2af
insert into member_spot (member_id, score, spot_id, member_spot_id) values (?, ?, ?, ?)
insert into member_spot (member_id, score, spot_id, member_spot_id) values (24, 0.0, 926, 3488);
2022-10-10 13:48:04.818  INFO 3923 --- [    Test worker] p6spy                                    : #1665377284818 | took 0ms | statement | connection 28| url jdbc:h2:mem:6a3784ae-1aa6-4bbf-b617-4d4aeabcc2af
insert into review (content, spot_id, review_id) values (?, ?, ?)
insert into review (content, spot_id, review_id) values ('java.io.StringReader@68f7d69d', 871, 860);
2022-10-10 13:48:04.818  INFO 3923 --- [    Test worker] p6spy                                    : #1665377284818 | took 0ms | statement | connection 28| url jdbc:h2:mem:6a3784ae-1aa6-4bbf-b617-4d4aeabcc2af
insert into score (facility_rank, facility_score, price_rank, price_score, rank_average, surround_rank, surround_score, view_rank, view_score, score_id) values (?, ?, ?, ?, ?, ?, ?, ?, ?, ?)
insert into score (facility_rank, facility_score, price_rank, price_score, rank_average, surround_rank, surround_score, view_rank, view_score, score_id) values (3.528757766479287, 4.590287432537633, 3.114935805239727, 9.34959342578346, 2.122793167897047, 5.450941367571648, 5.354558036618905, 8.781527719132708, 3.0344009472808233, 859);
2022-10-10 13:48:04.818  INFO 3923 --- [    Test worker] p6spy                                    : #1665377284818 | took 0ms | statement | connection 28| url jdbc:h2:mem:6a3784ae-1aa6-4bbf-b617-4d4aeabcc2af
insert into picture (spot_id, url, picture_id) values (?, ?, ?)
insert into picture (spot_id, url, picture_id) values (NULL, 'java.io.StringReader@2d582872', 3489);
2022-10-10 13:48:04.818  INFO 3923 --- [    Test worker] p6spy                                    : #1665377284818 | took 0ms | statement | connection 28| url jdbc:h2:mem:6a3784ae-1aa6-4bbf-b617-4d4aeabcc2af
insert into picture (spot_id, url, picture_id) values (?, ?, ?)
insert into picture (spot_id, url, picture_id) values (NULL, 'java.io.StringReader@665698b0', 3490);
2022-10-10 13:48:04.818  INFO 3923 --- [    Test worker] p6spy                                    : #1665377284818 | took 0ms | statement | connection 28| url jdbc:h2:mem:6a3784ae-1aa6-4bbf-b617-4d4aeabcc2af
insert into picture (spot_id, url, picture_id) values (?, ?, ?)
insert into picture (spot_id, url, picture_id) values (NULL, 'java.io.StringReader@64a94c26', 3491);
2022-10-10 13:48:04.818  INFO 3923 --- [    Test worker] p6spy                                    : #1665377284818 | took 0ms | statement | connection 28| url jdbc:h2:mem:6a3784ae-1aa6-4bbf-b617-4d4aeabcc2af
insert into spot (address, description, location, name, score_id, spot_id) values (?, ?, ?, ?, ?, ?)
insert into spot (address, description, location, name, score_id, spot_id) values (NULL, NULL, 'Andeok_myeon', NULL, 859, 927);
2022-10-10 13:48:04.818  INFO 3923 --- [    Test worker] p6spy                                    : #1665377284818 | took 0ms | statement | connection 28| url jdbc:h2:mem:6a3784ae-1aa6-4bbf-b617-4d4aeabcc2af
insert into member_spot (member_id, score, spot_id, member_spot_id) values (?, ?, ?, ?)
insert into member_spot (member_id, score, spot_id, member_spot_id) values (24, 0.0, 927, 3492);
2022-10-10 13:48:04.818  INFO 3923 --- [    Test worker] p6spy                                    : #1665377284818 | took 0ms | statement | connection 28| url jdbc:h2:mem:6a3784ae-1aa6-4bbf-b617-4d4aeabcc2af
insert into review (content, spot_id, review_id) values (?, ?, ?)
insert into review (content, spot_id, review_id) values ('java.io.StringReader@1279e73b', 871, 861);
2022-10-10 13:48:04.818  INFO 3923 --- [    Test worker] p6spy                                    : #1665377284818 | took 0ms | statement | connection 28| url jdbc:h2:mem:6a3784ae-1aa6-4bbf-b617-4d4aeabcc2af
insert into favorite_spot (count, favorite_id, spot_id, favorite_spot_id) values (?, ?, ?, ?)
insert into favorite_spot (count, favorite_id, spot_id, favorite_spot_id) values (0, 44, 927, 607);
2022-10-10 13:48:04.818  INFO 3923 --- [    Test worker] p6spy                                    : #1665377284818 | took 0ms | statement | connection 28| url jdbc:h2:mem:6a3784ae-1aa6-4bbf-b617-4d4aeabcc2af
insert into score (facility_rank, facility_score, price_rank, price_score, rank_average, surround_rank, surround_score, view_rank, view_score, score_id) values (?, ?, ?, ?, ?, ?, ?, ?, ?, ?)
insert into score (facility_rank, facility_score, price_rank, price_score, rank_average, surround_rank, surround_score, view_rank, view_score, score_id) values (8.118350319893304, 5.57927154697993, 3.927389461774189, 6.385010748691192, 6.823638478275818, 3.0069366392027232, 3.7648973706815125, 9.705334186450536, 5.639130362779525, 860);
2022-10-10 13:48:04.818  INFO 3923 --- [    Test worker] p6spy                                    : #1665377284818 | took 0ms | statement | connection 28| url jdbc:h2:mem:6a3784ae-1aa6-4bbf-b617-4d4aeabcc2af
insert into picture (spot_id, url, picture_id) values (?, ?, ?)
insert into picture (spot_id, url, picture_id) values (NULL, 'java.io.StringReader@424e60dd', 3493);
2022-10-10 13:48:04.818  INFO 3923 --- [    Test worker] p6spy                                    : #1665377284818 | took 0ms | statement | connection 28| url jdbc:h2:mem:6a3784ae-1aa6-4bbf-b617-4d4aeabcc2af
insert into picture (spot_id, url, picture_id) values (?, ?, ?)
insert into picture (spot_id, url, picture_id) values (NULL, 'java.io.StringReader@3eaf4bd3', 3494);
2022-10-10 13:48:04.818  INFO 3923 --- [    Test worker] p6spy                                    : #1665377284818 | took 0ms | statement | connection 28| url jdbc:h2:mem:6a3784ae-1aa6-4bbf-b617-4d4aeabcc2af
insert into picture (spot_id, url, picture_id) values (?, ?, ?)
insert into picture (spot_id, url, picture_id) values (NULL, 'java.io.StringReader@4870b38', 3495);
2022-10-10 13:48:04.818  INFO 3923 --- [    Test worker] p6spy                                    : #1665377284818 | took 0ms | statement | connection 28| url jdbc:h2:mem:6a3784ae-1aa6-4bbf-b617-4d4aeabcc2af
insert into spot (address, description, location, name, score_id, spot_id) values (?, ?, ?, ?, ?, ?)
insert into spot (address, description, location, name, score_id, spot_id) values (NULL, NULL, 'Andeok_myeon', NULL, 860, 928);
2022-10-10 13:48:04.818  INFO 3923 --- [    Test worker] p6spy                                    : #1665377284818 | took 0ms | statement | connection 28| url jdbc:h2:mem:6a3784ae-1aa6-4bbf-b617-4d4aeabcc2af
insert into member_spot (member_id, score, spot_id, member_spot_id) values (?, ?, ?, ?)
insert into member_spot (member_id, score, spot_id, member_spot_id) values (24, 0.0, 928, 3496);
2022-10-10 13:48:04.818  INFO 3923 --- [    Test worker] p6spy                                    : #1665377284818 | took 0ms | statement | connection 28| url jdbc:h2:mem:6a3784ae-1aa6-4bbf-b617-4d4aeabcc2af
insert into review (content, spot_id, review_id) values (?, ?, ?)
insert into review (content, spot_id, review_id) values ('java.io.StringReader@3e814cf5', 871, 862);
2022-10-10 13:48:04.818  INFO 3923 --- [    Test worker] p6spy                                    : #1665377284818 | took 0ms | statement | connection 28| url jdbc:h2:mem:6a3784ae-1aa6-4bbf-b617-4d4aeabcc2af
insert into score (facility_rank, facility_score, price_rank, price_score, rank_average, surround_rank, surround_score, view_rank, view_score, score_id) values (?, ?, ?, ?, ?, ?, ?, ?, ?, ?)
insert into score (facility_rank, facility_score, price_rank, price_score, rank_average, surround_rank, surround_score, view_rank, view_score, score_id) values (9.505138052399607, 5.676219175566883, 2.4560171126437123, 0.3140582580546458, 0.9048637419123151, 5.446336343599729, 9.121430327268909, 0.46127384053713305, 2.306638665089208, 861);
2022-10-10 13:48:04.818  INFO 3923 --- [    Test worker] p6spy                                    : #1665377284818 | took 0ms | statement | connection 28| url jdbc:h2:mem:6a3784ae-1aa6-4bbf-b617-4d4aeabcc2af
insert into picture (spot_id, url, picture_id) values (?, ?, ?)
insert into picture (spot_id, url, picture_id) values (NULL, 'java.io.StringReader@209d6adf', 3497);
2022-10-10 13:48:04.818  INFO 3923 --- [    Test worker] p6spy                                    : #1665377284818 | took 0ms | statement | connection 28| url jdbc:h2:mem:6a3784ae-1aa6-4bbf-b617-4d4aeabcc2af
insert into picture (spot_id, url, picture_id) values (?, ?, ?)
insert into picture (spot_id, url, picture_id) values (NULL, 'java.io.StringReader@7d340c83', 3498);
2022-10-10 13:48:04.818  INFO 3923 --- [    Test worker] p6spy                                    : #1665377284818 | took 0ms | statement | connection 28| url jdbc:h2:mem:6a3784ae-1aa6-4bbf-b617-4d4aeabcc2af
insert into picture (spot_id, url, picture_id) values (?, ?, ?)
insert into picture (spot_id, url, picture_id) values (NULL, 'java.io.StringReader@66a8dbe1', 3499);
2022-10-10 13:48:04.818  INFO 3923 --- [    Test worker] p6spy                                    : #1665377284818 | took 0ms | statement | connection 28| url jdbc:h2:mem:6a3784ae-1aa6-4bbf-b617-4d4aeabcc2af
insert into spot (address, description, location, name, score_id, spot_id) values (?, ?, ?, ?, ?, ?)
insert into spot (address, description, location, name, score_id, spot_id) values (NULL, NULL, 'Andeok_myeon', NULL, 861, 929);
2022-10-10 13:48:04.818  INFO 3923 --- [    Test worker] p6spy                                    : #1665377284818 | took 0ms | statement | connection 28| url jdbc:h2:mem:6a3784ae-1aa6-4bbf-b617-4d4aeabcc2af
insert into member_spot (member_id, score, spot_id, member_spot_id) values (?, ?, ?, ?)
insert into member_spot (member_id, score, spot_id, member_spot_id) values (24, 0.0, 929, 3500);
2022-10-10 13:48:04.818  INFO 3923 --- [    Test worker] p6spy                                    : #1665377284818 | took 0ms | statement | connection 28| url jdbc:h2:mem:6a3784ae-1aa6-4bbf-b617-4d4aeabcc2af
insert into review (content, spot_id, review_id) values (?, ?, ?)
insert into review (content, spot_id, review_id) values ('java.io.StringReader@6bde3c49', 871, 863);
2022-10-10 13:48:04.818  INFO 3923 --- [    Test worker] p6spy                                    : #1665377284818 | took 0ms | statement | connection 28| url jdbc:h2:mem:6a3784ae-1aa6-4bbf-b617-4d4aeabcc2af
insert into favorite_spot (count, favorite_id, spot_id, favorite_spot_id) values (?, ?, ?, ?)
insert into favorite_spot (count, favorite_id, spot_id, favorite_spot_id) values (0, 44, 929, 608);
2022-10-10 13:48:04.818  INFO 3923 --- [    Test worker] p6spy                                    : #1665377284818 | took 0ms | statement | connection 28| url jdbc:h2:mem:6a3784ae-1aa6-4bbf-b617-4d4aeabcc2af
insert into score (facility_rank, facility_score, price_rank, price_score, rank_average, surround_rank, surround_score, view_rank, view_score, score_id) values (?, ?, ?, ?, ?, ?, ?, ?, ?, ?)
insert into score (facility_rank, facility_score, price_rank, price_score, rank_average, surround_rank, surround_score, view_rank, view_score, score_id) values (3.579929624549232, 0.031783189550604884, 7.1622221465022236, 4.996088699241946, 4.769679618274607, 5.365515497172309, 5.183666303810791, 3.8587297284311584, 0.06925695710103819, 862);
2022-10-10 13:48:04.818  INFO 3923 --- [    Test worker] p6spy                                    : #1665377284818 | took 0ms | statement | connection 28| url jdbc:h2:mem:6a3784ae-1aa6-4bbf-b617-4d4aeabcc2af
insert into picture (spot_id, url, picture_id) values (?, ?, ?)
insert into picture (spot_id, url, picture_id) values (NULL, 'java.io.StringReader@5e68fd6f', 3501);
2022-10-10 13:48:04.818  INFO 3923 --- [    Test worker] p6spy                                    : #1665377284818 | took 0ms | statement | connection 28| url jdbc:h2:mem:6a3784ae-1aa6-4bbf-b617-4d4aeabcc2af
insert into picture (spot_id, url, picture_id) values (?, ?, ?)
insert into picture (spot_id, url, picture_id) values (NULL, 'java.io.StringReader@359025d8', 3502);
2022-10-10 13:48:04.818  INFO 3923 --- [    Test worker] p6spy                                    : #1665377284818 | took 0ms | statement | connection 28| url jdbc:h2:mem:6a3784ae-1aa6-4bbf-b617-4d4aeabcc2af
insert into picture (spot_id, url, picture_id) values (?, ?, ?)
insert into picture (spot_id, url, picture_id) values (NULL, 'java.io.StringReader@3fae9a09', 3503);
2022-10-10 13:48:04.818  INFO 3923 --- [    Test worker] p6spy                                    : #1665377284818 | took 0ms | statement | connection 28| url jdbc:h2:mem:6a3784ae-1aa6-4bbf-b617-4d4aeabcc2af
insert into spot (address, description, location, name, score_id, spot_id) values (?, ?, ?, ?, ?, ?)
insert into spot (address, description, location, name, score_id, spot_id) values (NULL, NULL, 'Andeok_myeon', NULL, 862, 930);
2022-10-10 13:48:04.818  INFO 3923 --- [    Test worker] p6spy                                    : #1665377284818 | took 0ms | statement | connection 28| url jdbc:h2:mem:6a3784ae-1aa6-4bbf-b617-4d4aeabcc2af
insert into member_spot (member_id, score, spot_id, member_spot_id) values (?, ?, ?, ?)
insert into member_spot (member_id, score, spot_id, member_spot_id) values (24, 0.0, 930, 3504);
2022-10-10 13:48:04.818  INFO 3923 --- [    Test worker] p6spy                                    : #1665377284818 | took 0ms | statement | connection 28| url jdbc:h2:mem:6a3784ae-1aa6-4bbf-b617-4d4aeabcc2af
insert into review (content, spot_id, review_id) values (?, ?, ?)
insert into review (content, spot_id, review_id) values ('java.io.StringReader@23e2af42', 871, 864);
2022-10-10 13:48:04.818  INFO 3923 --- [    Test worker] p6spy                                    : #1665377284818 | took 0ms | statement | connection 28| url jdbc:h2:mem:6a3784ae-1aa6-4bbf-b617-4d4aeabcc2af
insert into score (facility_rank, facility_score, price_rank, price_score, rank_average, surround_rank, surround_score, view_rank, view_score, score_id) values (?, ?, ?, ?, ?, ?, ?, ?, ?, ?)
insert into score (facility_rank, facility_score, price_rank, price_score, rank_average, surround_rank, surround_score, view_rank, view_score, score_id) values (6.6505407380763994, 4.927897875394846, 8.341085255106403, 9.72610260667572, 6.58661121242785, 5.787034980958418, 7.7710984648663475, 8.431868715784272, 6.639546444221606, 863);
2022-10-10 13:48:04.818  INFO 3923 --- [    Test worker] p6spy                                    : #1665377284818 | took 0ms | statement | connection 28| url jdbc:h2:mem:6a3784ae-1aa6-4bbf-b617-4d4aeabcc2af
insert into picture (spot_id, url, picture_id) values (?, ?, ?)
insert into picture (spot_id, url, picture_id) values (NULL, 'java.io.StringReader@369fcddb', 3505);
2022-10-10 13:48:04.819  INFO 3923 --- [    Test worker] p6spy                                    : #1665377284819 | took 0ms | statement | connection 28| url jdbc:h2:mem:6a3784ae-1aa6-4bbf-b617-4d4aeabcc2af
insert into picture (spot_id, url, picture_id) values (?, ?, ?)
insert into picture (spot_id, url, picture_id) values (NULL, 'java.io.StringReader@6386ad6e', 3506);
2022-10-10 13:48:04.819  INFO 3923 --- [    Test worker] p6spy                                    : #1665377284819 | took 0ms | statement | connection 28| url jdbc:h2:mem:6a3784ae-1aa6-4bbf-b617-4d4aeabcc2af
insert into picture (spot_id, url, picture_id) values (?, ?, ?)
insert into picture (spot_id, url, picture_id) values (NULL, 'java.io.StringReader@6966f15f', 3507);
2022-10-10 13:48:04.819  INFO 3923 --- [    Test worker] p6spy                                    : #1665377284819 | took 0ms | statement | connection 28| url jdbc:h2:mem:6a3784ae-1aa6-4bbf-b617-4d4aeabcc2af
insert into spot (address, description, location, name, score_id, spot_id) values (?, ?, ?, ?, ?, ?)
insert into spot (address, description, location, name, score_id, spot_id) values (NULL, NULL, 'Andeok_myeon', NULL, 863, 931);
2022-10-10 13:48:04.819  INFO 3923 --- [    Test worker] p6spy                                    : #1665377284819 | took 0ms | statement | connection 28| url jdbc:h2:mem:6a3784ae-1aa6-4bbf-b617-4d4aeabcc2af
insert into member_spot (member_id, score, spot_id, member_spot_id) values (?, ?, ?, ?)
insert into member_spot (member_id, score, spot_id, member_spot_id) values (24, 0.0, 931, 3508);
2022-10-10 13:48:04.819  INFO 3923 --- [    Test worker] p6spy                                    : #1665377284819 | took 0ms | statement | connection 28| url jdbc:h2:mem:6a3784ae-1aa6-4bbf-b617-4d4aeabcc2af
insert into review (content, spot_id, review_id) values (?, ?, ?)
insert into review (content, spot_id, review_id) values ('java.io.StringReader@14b50fa0', 871, 865);
2022-10-10 13:48:04.819  INFO 3923 --- [    Test worker] p6spy                                    : #1665377284819 | took 0ms | statement | connection 28| url jdbc:h2:mem:6a3784ae-1aa6-4bbf-b617-4d4aeabcc2af
insert into favorite_spot (count, favorite_id, spot_id, favorite_spot_id) values (?, ?, ?, ?)
insert into favorite_spot (count, favorite_id, spot_id, favorite_spot_id) values (0, 44, 931, 609);
2022-10-10 13:48:04.819  INFO 3923 --- [    Test worker] p6spy                                    : #1665377284819 | took 0ms | statement | connection 28| url jdbc:h2:mem:6a3784ae-1aa6-4bbf-b617-4d4aeabcc2af
insert into score (facility_rank, facility_score, price_rank, price_score, rank_average, surround_rank, surround_score, view_rank, view_score, score_id) values (?, ?, ?, ?, ?, ?, ?, ?, ?, ?)
insert into score (facility_rank, facility_score, price_rank, price_score, rank_average, surround_rank, surround_score, view_rank, view_score, score_id) values (4.486083385551312, 2.922324274414867, 9.212523185097051, 6.580844392373884, 8.381622528575523, 2.1258605644111683, 0.9217778572312163, 7.561828631762783, 7.088135312235746, 864);
2022-10-10 13:48:04.819  INFO 3923 --- [    Test worker] p6spy                                    : #1665377284819 | took 0ms | statement | connection 28| url jdbc:h2:mem:6a3784ae-1aa6-4bbf-b617-4d4aeabcc2af
insert into picture (spot_id, url, picture_id) values (?, ?, ?)
insert into picture (spot_id, url, picture_id) values (NULL, 'java.io.StringReader@695475e1', 3509);
2022-10-10 13:48:04.819  INFO 3923 --- [    Test worker] p6spy                                    : #1665377284819 | took 0ms | statement | connection 28| url jdbc:h2:mem:6a3784ae-1aa6-4bbf-b617-4d4aeabcc2af
insert into picture (spot_id, url, picture_id) values (?, ?, ?)
insert into picture (spot_id, url, picture_id) values (NULL, 'java.io.StringReader@630d07bb', 3510);
2022-10-10 13:48:04.819  INFO 3923 --- [    Test worker] p6spy                                    : #1665377284819 | took 0ms | statement | connection 28| url jdbc:h2:mem:6a3784ae-1aa6-4bbf-b617-4d4aeabcc2af
insert into picture (spot_id, url, picture_id) values (?, ?, ?)
insert into picture (spot_id, url, picture_id) values (NULL, 'java.io.StringReader@51679fde', 3511);
2022-10-10 13:48:04.819  INFO 3923 --- [    Test worker] p6spy                                    : #1665377284819 | took 0ms | statement | connection 28| url jdbc:h2:mem:6a3784ae-1aa6-4bbf-b617-4d4aeabcc2af
insert into spot (address, description, location, name, score_id, spot_id) values (?, ?, ?, ?, ?, ?)
insert into spot (address, description, location, name, score_id, spot_id) values (NULL, NULL, 'Andeok_myeon', NULL, 864, 932);
2022-10-10 13:48:04.819  INFO 3923 --- [    Test worker] p6spy                                    : #1665377284819 | took 0ms | statement | connection 28| url jdbc:h2:mem:6a3784ae-1aa6-4bbf-b617-4d4aeabcc2af
insert into member_spot (member_id, score, spot_id, member_spot_id) values (?, ?, ?, ?)
insert into member_spot (member_id, score, spot_id, member_spot_id) values (24, 0.0, 932, 3512);
2022-10-10 13:48:04.819  INFO 3923 --- [    Test worker] p6spy                                    : #1665377284819 | took 0ms | statement | connection 28| url jdbc:h2:mem:6a3784ae-1aa6-4bbf-b617-4d4aeabcc2af
insert into review (content, spot_id, review_id) values (?, ?, ?)
insert into review (content, spot_id, review_id) values ('java.io.StringReader@12ee1b6e', 871, 866);
2022-10-10 13:48:04.819  INFO 3923 --- [    Test worker] p6spy                                    : #1665377284819 | took 0ms | statement | connection 28| url jdbc:h2:mem:6a3784ae-1aa6-4bbf-b617-4d4aeabcc2af
insert into score (facility_rank, facility_score, price_rank, price_score, rank_average, surround_rank, surround_score, view_rank, view_score, score_id) values (?, ?, ?, ?, ?, ?, ?, ?, ?, ?)
insert into score (facility_rank, facility_score, price_rank, price_score, rank_average, surround_rank, surround_score, view_rank, view_score, score_id) values (8.661379444063883, 4.272958966042059, 4.329202125184855, 2.7272057363541435, 6.3140441057985255, 0.8924815497165972, 8.653888270526815, 2.5364699216494877, 6.500250895039833, 865);
2022-10-10 13:48:04.819  INFO 3923 --- [    Test worker] p6spy                                    : #1665377284819 | took 0ms | statement | connection 28| url jdbc:h2:mem:6a3784ae-1aa6-4bbf-b617-4d4aeabcc2af
insert into picture (spot_id, url, picture_id) values (?, ?, ?)
insert into picture (spot_id, url, picture_id) values (NULL, 'java.io.StringReader@5a0479f', 3513);
2022-10-10 13:48:04.819  INFO 3923 --- [    Test worker] p6spy                                    : #1665377284819 | took 0ms | statement | connection 28| url jdbc:h2:mem:6a3784ae-1aa6-4bbf-b617-4d4aeabcc2af
insert into picture (spot_id, url, picture_id) values (?, ?, ?)
insert into picture (spot_id, url, picture_id) values (NULL, 'java.io.StringReader@2fe119aa', 3514);
2022-10-10 13:48:04.819  INFO 3923 --- [    Test worker] p6spy                                    : #1665377284819 | took 0ms | statement | connection 28| url jdbc:h2:mem:6a3784ae-1aa6-4bbf-b617-4d4aeabcc2af
insert into picture (spot_id, url, picture_id) values (?, ?, ?)
insert into picture (spot_id, url, picture_id) values (NULL, 'java.io.StringReader@4af96af', 3515);
2022-10-10 13:48:04.819  INFO 3923 --- [    Test worker] p6spy                                    : #1665377284819 | took 0ms | statement | connection 28| url jdbc:h2:mem:6a3784ae-1aa6-4bbf-b617-4d4aeabcc2af
insert into spot (address, description, location, name, score_id, spot_id) values (?, ?, ?, ?, ?, ?)
insert into spot (address, description, location, name, score_id, spot_id) values (NULL, NULL, 'Andeok_myeon', NULL, 865, 933);
2022-10-10 13:48:04.819  INFO 3923 --- [    Test worker] p6spy                                    : #1665377284819 | took 0ms | statement | connection 28| url jdbc:h2:mem:6a3784ae-1aa6-4bbf-b617-4d4aeabcc2af
insert into member_spot (member_id, score, spot_id, member_spot_id) values (?, ?, ?, ?)
insert into member_spot (member_id, score, spot_id, member_spot_id) values (24, 0.0, 933, 3516);
2022-10-10 13:48:04.819  INFO 3923 --- [    Test worker] p6spy                                    : #1665377284819 | took 0ms | statement | connection 28| url jdbc:h2:mem:6a3784ae-1aa6-4bbf-b617-4d4aeabcc2af
insert into review (content, spot_id, review_id) values (?, ?, ?)
insert into review (content, spot_id, review_id) values ('java.io.StringReader@1acb2ddb', 871, 867);
2022-10-10 13:48:04.819  INFO 3923 --- [    Test worker] p6spy                                    : #1665377284819 | took 0ms | statement | connection 28| url jdbc:h2:mem:6a3784ae-1aa6-4bbf-b617-4d4aeabcc2af
insert into favorite_spot (count, favorite_id, spot_id, favorite_spot_id) values (?, ?, ?, ?)
insert into favorite_spot (count, favorite_id, spot_id, favorite_spot_id) values (0, 44, 933, 610);
2022-10-10 13:48:04.819  INFO 3923 --- [    Test worker] p6spy                                    : #1665377284819 | took 0ms | statement | connection 28| url jdbc:h2:mem:6a3784ae-1aa6-4bbf-b617-4d4aeabcc2af
insert into score (facility_rank, facility_score, price_rank, price_score, rank_average, surround_rank, surround_score, view_rank, view_score, score_id) values (?, ?, ?, ?, ?, ?, ?, ?, ?, ?)
insert into score (facility_rank, facility_score, price_rank, price_score, rank_average, surround_rank, surround_score, view_rank, view_score, score_id) values (8.80224846170031, 8.58695889344988, 4.97284880992706, 5.636737302850873, 4.594826329457854, 0.1450855150345698, 0.8052364516107835, 2.711764255534248, 5.923580379687817, 866);
2022-10-10 13:48:04.819  INFO 3923 --- [    Test worker] p6spy                                    : #1665377284819 | took 0ms | statement | connection 28| url jdbc:h2:mem:6a3784ae-1aa6-4bbf-b617-4d4aeabcc2af
insert into picture (spot_id, url, picture_id) values (?, ?, ?)
insert into picture (spot_id, url, picture_id) values (NULL, 'java.io.StringReader@36680dba', 3517);
2022-10-10 13:48:04.819  INFO 3923 --- [    Test worker] p6spy                                    : #1665377284819 | took 0ms | statement | connection 28| url jdbc:h2:mem:6a3784ae-1aa6-4bbf-b617-4d4aeabcc2af
insert into picture (spot_id, url, picture_id) values (?, ?, ?)
insert into picture (spot_id, url, picture_id) values (NULL, 'java.io.StringReader@5dcc1dff', 3518);
2022-10-10 13:48:04.819  INFO 3923 --- [    Test worker] p6spy                                    : #1665377284819 | took 0ms | statement | connection 28| url jdbc:h2:mem:6a3784ae-1aa6-4bbf-b617-4d4aeabcc2af
insert into picture (spot_id, url, picture_id) values (?, ?, ?)
insert into picture (spot_id, url, picture_id) values (NULL, 'java.io.StringReader@2b5c5d65', 3519);
2022-10-10 13:48:04.819  INFO 3923 --- [    Test worker] p6spy                                    : #1665377284819 | took 0ms | statement | connection 28| url jdbc:h2:mem:6a3784ae-1aa6-4bbf-b617-4d4aeabcc2af
insert into spot (address, description, location, name, score_id, spot_id) values (?, ?, ?, ?, ?, ?)
insert into spot (address, description, location, name, score_id, spot_id) values (NULL, NULL, 'Andeok_myeon', NULL, 866, 934);
2022-10-10 13:48:04.819  INFO 3923 --- [    Test worker] p6spy                                    : #1665377284819 | took 0ms | statement | connection 28| url jdbc:h2:mem:6a3784ae-1aa6-4bbf-b617-4d4aeabcc2af
insert into member_spot (member_id, score, spot_id, member_spot_id) values (?, ?, ?, ?)
insert into member_spot (member_id, score, spot_id, member_spot_id) values (24, 0.0, 934, 3520);
2022-10-10 13:48:04.819  INFO 3923 --- [    Test worker] p6spy                                    : #1665377284819 | took 0ms | statement | connection 28| url jdbc:h2:mem:6a3784ae-1aa6-4bbf-b617-4d4aeabcc2af
insert into review (content, spot_id, review_id) values (?, ?, ?)
insert into review (content, spot_id, review_id) values ('java.io.StringReader@64364a8d', 871, 868);
2022-10-10 13:48:04.819  INFO 3923 --- [    Test worker] p6spy                                    : #1665377284819 | took 0ms | statement | connection 28| url jdbc:h2:mem:6a3784ae-1aa6-4bbf-b617-4d4aeabcc2af
insert into score (facility_rank, facility_score, price_rank, price_score, rank_average, surround_rank, surround_score, view_rank, view_score, score_id) values (?, ?, ?, ?, ?, ?, ?, ?, ?, ?)
insert into score (facility_rank, facility_score, price_rank, price_score, rank_average, surround_rank, surround_score, view_rank, view_score, score_id) values (2.886701291131647, 3.771449888388477, 7.994737050208137, 9.210216960234735, 4.7328135427860465, 6.380414966401999, 4.773397024513959, 0.22790256978781454, 3.4701980512732487, 867);
2022-10-10 13:48:04.819  INFO 3923 --- [    Test worker] p6spy                                    : #1665377284819 | took 0ms | statement | connection 28| url jdbc:h2:mem:6a3784ae-1aa6-4bbf-b617-4d4aeabcc2af
insert into picture (spot_id, url, picture_id) values (?, ?, ?)
insert into picture (spot_id, url, picture_id) values (NULL, 'java.io.StringReader@21db4d7b', 3521);
2022-10-10 13:48:04.819  INFO 3923 --- [    Test worker] p6spy                                    : #1665377284819 | took 0ms | statement | connection 28| url jdbc:h2:mem:6a3784ae-1aa6-4bbf-b617-4d4aeabcc2af
insert into picture (spot_id, url, picture_id) values (?, ?, ?)
insert into picture (spot_id, url, picture_id) values (NULL, 'java.io.StringReader@260d0702', 3522);
2022-10-10 13:48:04.819  INFO 3923 --- [    Test worker] p6spy                                    : #1665377284819 | took 0ms | statement | connection 28| url jdbc:h2:mem:6a3784ae-1aa6-4bbf-b617-4d4aeabcc2af
insert into picture (spot_id, url, picture_id) values (?, ?, ?)
insert into picture (spot_id, url, picture_id) values (NULL, 'java.io.StringReader@6b811af3', 3523);
2022-10-10 13:48:04.819  INFO 3923 --- [    Test worker] p6spy                                    : #1665377284819 | took 0ms | statement | connection 28| url jdbc:h2:mem:6a3784ae-1aa6-4bbf-b617-4d4aeabcc2af
insert into spot (address, description, location, name, score_id, spot_id) values (?, ?, ?, ?, ?, ?)
insert into spot (address, description, location, name, score_id, spot_id) values (NULL, NULL, 'Andeok_myeon', NULL, 867, 935);
2022-10-10 13:48:04.819  INFO 3923 --- [    Test worker] p6spy                                    : #1665377284819 | took 0ms | statement | connection 28| url jdbc:h2:mem:6a3784ae-1aa6-4bbf-b617-4d4aeabcc2af
insert into member_spot (member_id, score, spot_id, member_spot_id) values (?, ?, ?, ?)
insert into member_spot (member_id, score, spot_id, member_spot_id) values (24, 0.0, 935, 3524);
2022-10-10 13:48:04.820  INFO 3923 --- [    Test worker] p6spy                                    : #1665377284820 | took 0ms | statement | connection 28| url jdbc:h2:mem:6a3784ae-1aa6-4bbf-b617-4d4aeabcc2af
insert into review (content, spot_id, review_id) values (?, ?, ?)
insert into review (content, spot_id, review_id) values ('java.io.StringReader@3f8af81', 871, 869);
2022-10-10 13:48:04.820  INFO 3923 --- [    Test worker] p6spy                                    : #1665377284820 | took 0ms | statement | connection 28| url jdbc:h2:mem:6a3784ae-1aa6-4bbf-b617-4d4aeabcc2af
insert into favorite_spot (count, favorite_id, spot_id, favorite_spot_id) values (?, ?, ?, ?)
insert into favorite_spot (count, favorite_id, spot_id, favorite_spot_id) values (0, 44, 935, 611);
2022-10-10 13:48:04.820  INFO 3923 --- [    Test worker] p6spy                                    : #1665377284820 | took 0ms | statement | connection 28| url jdbc:h2:mem:6a3784ae-1aa6-4bbf-b617-4d4aeabcc2af
insert into score (facility_rank, facility_score, price_rank, price_score, rank_average, surround_rank, surround_score, view_rank, view_score, score_id) values (?, ?, ?, ?, ?, ?, ?, ?, ?, ?)
insert into score (facility_rank, facility_score, price_rank, price_score, rank_average, surround_rank, surround_score, view_rank, view_score, score_id) values (4.650061771929624, 7.185598669815904, 7.519004334890004, 9.102641396699743, 5.810286872102194, 5.759338445174772, 6.659213530199338, 3.1289578401923803, 1.9221588083786711, 868);
2022-10-10 13:48:04.820  INFO 3923 --- [    Test worker] p6spy                                    : #1665377284820 | took 0ms | statement | connection 28| url jdbc:h2:mem:6a3784ae-1aa6-4bbf-b617-4d4aeabcc2af
insert into picture (spot_id, url, picture_id) values (?, ?, ?)
insert into picture (spot_id, url, picture_id) values (NULL, 'java.io.StringReader@a2a03ff', 3525);
2022-10-10 13:48:04.820  INFO 3923 --- [    Test worker] p6spy                                    : #1665377284820 | took 0ms | statement | connection 28| url jdbc:h2:mem:6a3784ae-1aa6-4bbf-b617-4d4aeabcc2af
insert into picture (spot_id, url, picture_id) values (?, ?, ?)
insert into picture (spot_id, url, picture_id) values (NULL, 'java.io.StringReader@7014287', 3526);
2022-10-10 13:48:04.820  INFO 3923 --- [    Test worker] p6spy                                    : #1665377284820 | took 0ms | statement | connection 28| url jdbc:h2:mem:6a3784ae-1aa6-4bbf-b617-4d4aeabcc2af
insert into picture (spot_id, url, picture_id) values (?, ?, ?)
insert into picture (spot_id, url, picture_id) values (NULL, 'java.io.StringReader@640b7c5a', 3527);
2022-10-10 13:48:04.820  INFO 3923 --- [    Test worker] p6spy                                    : #1665377284820 | took 0ms | statement | connection 28| url jdbc:h2:mem:6a3784ae-1aa6-4bbf-b617-4d4aeabcc2af
insert into spot (address, description, location, name, score_id, spot_id) values (?, ?, ?, ?, ?, ?)
insert into spot (address, description, location, name, score_id, spot_id) values (NULL, NULL, 'Andeok_myeon', NULL, 868, 936);
2022-10-10 13:48:04.820  INFO 3923 --- [    Test worker] p6spy                                    : #1665377284820 | took 0ms | statement | connection 28| url jdbc:h2:mem:6a3784ae-1aa6-4bbf-b617-4d4aeabcc2af
insert into member_spot (member_id, score, spot_id, member_spot_id) values (?, ?, ?, ?)
insert into member_spot (member_id, score, spot_id, member_spot_id) values (24, 0.0, 936, 3528);
2022-10-10 13:48:04.820  INFO 3923 --- [    Test worker] p6spy                                    : #1665377284820 | took 0ms | statement | connection 28| url jdbc:h2:mem:6a3784ae-1aa6-4bbf-b617-4d4aeabcc2af
insert into review (content, spot_id, review_id) values (?, ?, ?)
insert into review (content, spot_id, review_id) values ('java.io.StringReader@35b1fd99', 871, 870);
2022-10-10 13:48:04.820  INFO 3923 --- [    Test worker] p6spy                                    : #1665377284820 | took 0ms | statement | connection 28| url jdbc:h2:mem:6a3784ae-1aa6-4bbf-b617-4d4aeabcc2af
insert into score (facility_rank, facility_score, price_rank, price_score, rank_average, surround_rank, surround_score, view_rank, view_score, score_id) values (?, ?, ?, ?, ?, ?, ?, ?, ?, ?)
insert into score (facility_rank, facility_score, price_rank, price_score, rank_average, surround_rank, surround_score, view_rank, view_score, score_id) values (2.9005778282849604, 7.5958749078578975, 8.474120595396768, 0.03841728499887287, 6.488792288226827, 0.5465051837845303, 7.742930309071165, 6.373453163592884, 9.416254790457415, 869);
2022-10-10 13:48:04.820  INFO 3923 --- [    Test worker] p6spy                                    : #1665377284820 | took 0ms | statement | connection 28| url jdbc:h2:mem:6a3784ae-1aa6-4bbf-b617-4d4aeabcc2af
insert into picture (spot_id, url, picture_id) values (?, ?, ?)
insert into picture (spot_id, url, picture_id) values (NULL, 'java.io.StringReader@3d8faace', 3529);
2022-10-10 13:48:04.820  INFO 3923 --- [    Test worker] p6spy                                    : #1665377284820 | took 0ms | statement | connection 28| url jdbc:h2:mem:6a3784ae-1aa6-4bbf-b617-4d4aeabcc2af
insert into picture (spot_id, url, picture_id) values (?, ?, ?)
insert into picture (spot_id, url, picture_id) values (NULL, 'java.io.StringReader@7f6dbe13', 3530);
2022-10-10 13:48:04.820  INFO 3923 --- [    Test worker] p6spy                                    : #1665377284820 | took 0ms | statement | connection 28| url jdbc:h2:mem:6a3784ae-1aa6-4bbf-b617-4d4aeabcc2af
insert into picture (spot_id, url, picture_id) values (?, ?, ?)
insert into picture (spot_id, url, picture_id) values (NULL, 'java.io.StringReader@295b4a47', 3531);
2022-10-10 13:48:04.820  INFO 3923 --- [    Test worker] p6spy                                    : #1665377284820 | took 0ms | statement | connection 28| url jdbc:h2:mem:6a3784ae-1aa6-4bbf-b617-4d4aeabcc2af
insert into spot (address, description, location, name, score_id, spot_id) values (?, ?, ?, ?, ?, ?)
insert into spot (address, description, location, name, score_id, spot_id) values (NULL, NULL, 'Andeok_myeon', NULL, 869, 937);
2022-10-10 13:48:04.820  INFO 3923 --- [    Test worker] p6spy                                    : #1665377284820 | took 0ms | statement | connection 28| url jdbc:h2:mem:6a3784ae-1aa6-4bbf-b617-4d4aeabcc2af
insert into member_spot (member_id, score, spot_id, member_spot_id) values (?, ?, ?, ?)
insert into member_spot (member_id, score, spot_id, member_spot_id) values (24, 0.0, 937, 3532);
2022-10-10 13:48:04.820  INFO 3923 --- [    Test worker] p6spy                                    : #1665377284820 | took 0ms | statement | connection 28| url jdbc:h2:mem:6a3784ae-1aa6-4bbf-b617-4d4aeabcc2af
insert into review (content, spot_id, review_id) values (?, ?, ?)
insert into review (content, spot_id, review_id) values ('java.io.StringReader@581b5524', 871, 871);
2022-10-10 13:48:04.820  INFO 3923 --- [    Test worker] p6spy                                    : #1665377284820 | took 0ms | statement | connection 28| url jdbc:h2:mem:6a3784ae-1aa6-4bbf-b617-4d4aeabcc2af
insert into favorite_spot (count, favorite_id, spot_id, favorite_spot_id) values (?, ?, ?, ?)
insert into favorite_spot (count, favorite_id, spot_id, favorite_spot_id) values (0, 44, 937, 612);
2022-10-10 13:48:04.820  INFO 3923 --- [    Test worker] p6spy                                    : #1665377284820 | took 0ms | statement | connection 28| url jdbc:h2:mem:6a3784ae-1aa6-4bbf-b617-4d4aeabcc2af
insert into score (facility_rank, facility_score, price_rank, price_score, rank_average, surround_rank, surround_score, view_rank, view_score, score_id) values (?, ?, ?, ?, ?, ?, ?, ?, ?, ?)
insert into score (facility_rank, facility_score, price_rank, price_score, rank_average, surround_rank, surround_score, view_rank, view_score, score_id) values (4.557235011695071, 5.039552293831102, 8.191854840252738, 7.369152764069811, 9.25313145550354, 0.5872133422086712, 0.16613753734125436, 3.00200522644627, 0.7666013489094003, 870);
2022-10-10 13:48:04.820  INFO 3923 --- [    Test worker] p6spy                                    : #1665377284820 | took 0ms | statement | connection 28| url jdbc:h2:mem:6a3784ae-1aa6-4bbf-b617-4d4aeabcc2af
insert into picture (spot_id, url, picture_id) values (?, ?, ?)
insert into picture (spot_id, url, picture_id) values (NULL, 'java.io.StringReader@66c7676b', 3533);
2022-10-10 13:48:04.820  INFO 3923 --- [    Test worker] p6spy                                    : #1665377284820 | took 0ms | statement | connection 28| url jdbc:h2:mem:6a3784ae-1aa6-4bbf-b617-4d4aeabcc2af
insert into picture (spot_id, url, picture_id) values (?, ?, ?)
insert into picture (spot_id, url, picture_id) values (NULL, 'java.io.StringReader@610d3cff', 3534);
2022-10-10 13:48:04.820  INFO 3923 --- [    Test worker] p6spy                                    : #1665377284820 | took 0ms | statement | connection 28| url jdbc:h2:mem:6a3784ae-1aa6-4bbf-b617-4d4aeabcc2af
insert into picture (spot_id, url, picture_id) values (?, ?, ?)
insert into picture (spot_id, url, picture_id) values (NULL, 'java.io.StringReader@5ae8b9be', 3535);
2022-10-10 13:48:04.820  INFO 3923 --- [    Test worker] p6spy                                    : #1665377284820 | took 0ms | statement | connection 28| url jdbc:h2:mem:6a3784ae-1aa6-4bbf-b617-4d4aeabcc2af
insert into spot (address, description, location, name, score_id, spot_id) values (?, ?, ?, ?, ?, ?)
insert into spot (address, description, location, name, score_id, spot_id) values (NULL, NULL, 'Andeok_myeon', NULL, 870, 938);
2022-10-10 13:48:04.820  INFO 3923 --- [    Test worker] p6spy                                    : #1665377284820 | took 0ms | statement | connection 28| url jdbc:h2:mem:6a3784ae-1aa6-4bbf-b617-4d4aeabcc2af
insert into member_spot (member_id, score, spot_id, member_spot_id) values (?, ?, ?, ?)
insert into member_spot (member_id, score, spot_id, member_spot_id) values (24, 0.0, 938, 3536);
2022-10-10 13:48:04.820  INFO 3923 --- [    Test worker] p6spy                                    : #1665377284820 | took 0ms | statement | connection 28| url jdbc:h2:mem:6a3784ae-1aa6-4bbf-b617-4d4aeabcc2af
insert into review (content, spot_id, review_id) values (?, ?, ?)
insert into review (content, spot_id, review_id) values ('java.io.StringReader@5629727b', 871, 872);
2022-10-10 13:48:04.820  INFO 3923 --- [    Test worker] p6spy                                    : #1665377284820 | took 0ms | statement | connection 28| url jdbc:h2:mem:6a3784ae-1aa6-4bbf-b617-4d4aeabcc2af
insert into score (facility_rank, facility_score, price_rank, price_score, rank_average, surround_rank, surround_score, view_rank, view_score, score_id) values (?, ?, ?, ?, ?, ?, ?, ?, ?, ?)
insert into score (facility_rank, facility_score, price_rank, price_score, rank_average, surround_rank, surround_score, view_rank, view_score, score_id) values (8.38733804109158, 6.058493090042304, 9.967949570459606, 1.5362336975171176, 2.7699505420602666, 0.9982988375954072, 6.552936452844852, 3.126657725828114, 3.822878169604741, 871);
2022-10-10 13:48:04.820  INFO 3923 --- [    Test worker] p6spy                                    : #1665377284820 | took 0ms | statement | connection 28| url jdbc:h2:mem:6a3784ae-1aa6-4bbf-b617-4d4aeabcc2af
insert into picture (spot_id, url, picture_id) values (?, ?, ?)
insert into picture (spot_id, url, picture_id) values (NULL, 'java.io.StringReader@65d81c0a', 3537);
2022-10-10 13:48:04.820  INFO 3923 --- [    Test worker] p6spy                                    : #1665377284820 | took 0ms | statement | connection 28| url jdbc:h2:mem:6a3784ae-1aa6-4bbf-b617-4d4aeabcc2af
insert into picture (spot_id, url, picture_id) values (?, ?, ?)
insert into picture (spot_id, url, picture_id) values (NULL, 'java.io.StringReader@39e95a07', 3538);
2022-10-10 13:48:04.820  INFO 3923 --- [    Test worker] p6spy                                    : #1665377284820 | took 0ms | statement | connection 28| url jdbc:h2:mem:6a3784ae-1aa6-4bbf-b617-4d4aeabcc2af
insert into picture (spot_id, url, picture_id) values (?, ?, ?)
insert into picture (spot_id, url, picture_id) values (NULL, 'java.io.StringReader@65485066', 3539);
2022-10-10 13:48:04.820  INFO 3923 --- [    Test worker] p6spy                                    : #1665377284820 | took 0ms | statement | connection 28| url jdbc:h2:mem:6a3784ae-1aa6-4bbf-b617-4d4aeabcc2af
insert into spot (address, description, location, name, score_id, spot_id) values (?, ?, ?, ?, ?, ?)
insert into spot (address, description, location, name, score_id, spot_id) values (NULL, NULL, 'Andeok_myeon', NULL, 871, 939);
2022-10-10 13:48:04.820  INFO 3923 --- [    Test worker] p6spy                                    : #1665377284820 | took 0ms | statement | connection 28| url jdbc:h2:mem:6a3784ae-1aa6-4bbf-b617-4d4aeabcc2af
insert into member_spot (member_id, score, spot_id, member_spot_id) values (?, ?, ?, ?)
insert into member_spot (member_id, score, spot_id, member_spot_id) values (24, 0.0, 939, 3540);
2022-10-10 13:48:04.820  INFO 3923 --- [    Test worker] p6spy                                    : #1665377284820 | took 0ms | statement | connection 28| url jdbc:h2:mem:6a3784ae-1aa6-4bbf-b617-4d4aeabcc2af
insert into review (content, spot_id, review_id) values (?, ?, ?)
insert into review (content, spot_id, review_id) values ('java.io.StringReader@3ef38e8f', 871, 873);
2022-10-10 13:48:04.820  INFO 3923 --- [    Test worker] p6spy                                    : #1665377284820 | took 0ms | statement | connection 28| url jdbc:h2:mem:6a3784ae-1aa6-4bbf-b617-4d4aeabcc2af
insert into favorite_spot (count, favorite_id, spot_id, favorite_spot_id) values (?, ?, ?, ?)
insert into favorite_spot (count, favorite_id, spot_id, favorite_spot_id) values (0, 44, 939, 613);
2022-10-10 13:48:04.820  INFO 3923 --- [    Test worker] p6spy                                    : #1665377284820 | took 0ms | statement | connection 28| url jdbc:h2:mem:6a3784ae-1aa6-4bbf-b617-4d4aeabcc2af
insert into score (facility_rank, facility_score, price_rank, price_score, rank_average, surround_rank, surround_score, view_rank, view_score, score_id) values (?, ?, ?, ?, ?, ?, ?, ?, ?, ?)
insert into score (facility_rank, facility_score, price_rank, price_score, rank_average, surround_rank, surround_score, view_rank, view_score, score_id) values (4.976213497733864, 0.9650308713150091, 5.000112709203974, 5.050169461071064, 4.133929451204631, 6.590627947388986, 6.328427374107649, 2.5092322774298736, 0.31848420607844763, 872);
2022-10-10 13:48:04.820  INFO 3923 --- [    Test worker] p6spy                                    : #1665377284820 | took 0ms | statement | connection 28| url jdbc:h2:mem:6a3784ae-1aa6-4bbf-b617-4d4aeabcc2af
insert into picture (spot_id, url, picture_id) values (?, ?, ?)
insert into picture (spot_id, url, picture_id) values (NULL, 'java.io.StringReader@30fdf490', 3541);
2022-10-10 13:48:04.820  INFO 3923 --- [    Test worker] p6spy                                    : #1665377284820 | took 0ms | statement | connection 28| url jdbc:h2:mem:6a3784ae-1aa6-4bbf-b617-4d4aeabcc2af
insert into picture (spot_id, url, picture_id) values (?, ?, ?)
insert into picture (spot_id, url, picture_id) values (NULL, 'java.io.StringReader@78c84982', 3542);
2022-10-10 13:48:04.820  INFO 3923 --- [    Test worker] p6spy                                    : #1665377284820 | took 0ms | statement | connection 28| url jdbc:h2:mem:6a3784ae-1aa6-4bbf-b617-4d4aeabcc2af
insert into picture (spot_id, url, picture_id) values (?, ?, ?)
insert into picture (spot_id, url, picture_id) values (NULL, 'java.io.StringReader@3ab80ede', 3543);
2022-10-10 13:48:04.820  INFO 3923 --- [    Test worker] p6spy                                    : #1665377284820 | took 0ms | statement | connection 28| url jdbc:h2:mem:6a3784ae-1aa6-4bbf-b617-4d4aeabcc2af
insert into spot (address, description, location, name, score_id, spot_id) values (?, ?, ?, ?, ?, ?)
insert into spot (address, description, location, name, score_id, spot_id) values (NULL, NULL, 'Andeok_myeon', NULL, 872, 940);
2022-10-10 13:48:04.820  INFO 3923 --- [    Test worker] p6spy                                    : #1665377284820 | took 0ms | statement | connection 28| url jdbc:h2:mem:6a3784ae-1aa6-4bbf-b617-4d4aeabcc2af
insert into member_spot (member_id, score, spot_id, member_spot_id) values (?, ?, ?, ?)
insert into member_spot (member_id, score, spot_id, member_spot_id) values (24, 0.0, 940, 3544);
2022-10-10 13:48:04.820  INFO 3923 --- [    Test worker] p6spy                                    : #1665377284820 | took 0ms | statement | connection 28| url jdbc:h2:mem:6a3784ae-1aa6-4bbf-b617-4d4aeabcc2af
insert into review (content, spot_id, review_id) values (?, ?, ?)
insert into review (content, spot_id, review_id) values ('java.io.StringReader@4e3f7e55', 871, 874);
2022-10-10 13:48:04.821  INFO 3923 --- [    Test worker] p6spy                                    : #1665377284821 | took 0ms | statement | connection 28| url jdbc:h2:mem:6a3784ae-1aa6-4bbf-b617-4d4aeabcc2af
insert into score (facility_rank, facility_score, price_rank, price_score, rank_average, surround_rank, surround_score, view_rank, view_score, score_id) values (?, ?, ?, ?, ?, ?, ?, ?, ?, ?)
insert into score (facility_rank, facility_score, price_rank, price_score, rank_average, surround_rank, surround_score, view_rank, view_score, score_id) values (7.1749573497995724, 2.7577565495800007, 4.308566301676512, 6.005799937939393, 0.8946878361086641, 4.799410608566771, 4.409079323029324, 2.728786855467612, 3.8619301965340034, 873);
2022-10-10 13:48:04.821  INFO 3923 --- [    Test worker] p6spy                                    : #1665377284821 | took 0ms | statement | connection 28| url jdbc:h2:mem:6a3784ae-1aa6-4bbf-b617-4d4aeabcc2af
insert into picture (spot_id, url, picture_id) values (?, ?, ?)
insert into picture (spot_id, url, picture_id) values (NULL, 'java.io.StringReader@91d1d53', 3545);
2022-10-10 13:48:04.821  INFO 3923 --- [    Test worker] p6spy                                    : #1665377284821 | took 0ms | statement | connection 28| url jdbc:h2:mem:6a3784ae-1aa6-4bbf-b617-4d4aeabcc2af
insert into picture (spot_id, url, picture_id) values (?, ?, ?)
insert into picture (spot_id, url, picture_id) values (NULL, 'java.io.StringReader@40c5e820', 3546);
2022-10-10 13:48:04.821  INFO 3923 --- [    Test worker] p6spy                                    : #1665377284821 | took 0ms | statement | connection 28| url jdbc:h2:mem:6a3784ae-1aa6-4bbf-b617-4d4aeabcc2af
insert into picture (spot_id, url, picture_id) values (?, ?, ?)
insert into picture (spot_id, url, picture_id) values (NULL, 'java.io.StringReader@59e190ab', 3547);
2022-10-10 13:48:04.821  INFO 3923 --- [    Test worker] p6spy                                    : #1665377284821 | took 0ms | statement | connection 28| url jdbc:h2:mem:6a3784ae-1aa6-4bbf-b617-4d4aeabcc2af
insert into spot (address, description, location, name, score_id, spot_id) values (?, ?, ?, ?, ?, ?)
insert into spot (address, description, location, name, score_id, spot_id) values (NULL, NULL, 'Andeok_myeon', NULL, 873, 941);
2022-10-10 13:48:04.821  INFO 3923 --- [    Test worker] p6spy                                    : #1665377284821 | took 0ms | statement | connection 28| url jdbc:h2:mem:6a3784ae-1aa6-4bbf-b617-4d4aeabcc2af
insert into member_spot (member_id, score, spot_id, member_spot_id) values (?, ?, ?, ?)
insert into member_spot (member_id, score, spot_id, member_spot_id) values (24, 0.0, 941, 3548);
2022-10-10 13:48:04.821  INFO 3923 --- [    Test worker] p6spy                                    : #1665377284821 | took 0ms | statement | connection 28| url jdbc:h2:mem:6a3784ae-1aa6-4bbf-b617-4d4aeabcc2af
insert into review (content, spot_id, review_id) values (?, ?, ?)
insert into review (content, spot_id, review_id) values ('java.io.StringReader@3ebbc636', 871, 875);
2022-10-10 13:48:04.821  INFO 3923 --- [    Test worker] p6spy                                    : #1665377284821 | took 0ms | statement | connection 28| url jdbc:h2:mem:6a3784ae-1aa6-4bbf-b617-4d4aeabcc2af
insert into favorite_spot (count, favorite_id, spot_id, favorite_spot_id) values (?, ?, ?, ?)
insert into favorite_spot (count, favorite_id, spot_id, favorite_spot_id) values (0, 44, 941, 614);
2022-10-10 13:48:04.821  INFO 3923 --- [    Test worker] p6spy                                    : #1665377284821 | took 0ms | statement | connection 28| url jdbc:h2:mem:6a3784ae-1aa6-4bbf-b617-4d4aeabcc2af
insert into score (facility_rank, facility_score, price_rank, price_score, rank_average, surround_rank, surround_score, view_rank, view_score, score_id) values (?, ?, ?, ?, ?, ?, ?, ?, ?, ?)
insert into score (facility_rank, facility_score, price_rank, price_score, rank_average, surround_rank, surround_score, view_rank, view_score, score_id) values (1.3258401235409156, 4.405684732466883, 0.09049950359726444, 0.18512699279477185, 9.245357918925603, 1.1523160302258406, 4.8905133690641955, 9.052006272386407, 1.401501614565146, 874);
2022-10-10 13:48:04.821  INFO 3923 --- [    Test worker] p6spy                                    : #1665377284821 | took 0ms | statement | connection 28| url jdbc:h2:mem:6a3784ae-1aa6-4bbf-b617-4d4aeabcc2af
insert into picture (spot_id, url, picture_id) values (?, ?, ?)
insert into picture (spot_id, url, picture_id) values (NULL, 'java.io.StringReader@20cdd1f7', 3549);
2022-10-10 13:48:04.821  INFO 3923 --- [    Test worker] p6spy                                    : #1665377284821 | took 0ms | statement | connection 28| url jdbc:h2:mem:6a3784ae-1aa6-4bbf-b617-4d4aeabcc2af
insert into picture (spot_id, url, picture_id) values (?, ?, ?)
insert into picture (spot_id, url, picture_id) values (NULL, 'java.io.StringReader@4ede4622', 3550);
2022-10-10 13:48:04.821  INFO 3923 --- [    Test worker] p6spy                                    : #1665377284821 | took 0ms | statement | connection 28| url jdbc:h2:mem:6a3784ae-1aa6-4bbf-b617-4d4aeabcc2af
insert into picture (spot_id, url, picture_id) values (?, ?, ?)
insert into picture (spot_id, url, picture_id) values (NULL, 'java.io.StringReader@2d638ccd', 3551);
2022-10-10 13:48:04.821  INFO 3923 --- [    Test worker] p6spy                                    : #1665377284821 | took 0ms | statement | connection 28| url jdbc:h2:mem:6a3784ae-1aa6-4bbf-b617-4d4aeabcc2af
insert into spot (address, description, location, name, score_id, spot_id) values (?, ?, ?, ?, ?, ?)
insert into spot (address, description, location, name, score_id, spot_id) values (NULL, NULL, 'Andeok_myeon', NULL, 874, 942);
2022-10-10 13:48:04.821  INFO 3923 --- [    Test worker] p6spy                                    : #1665377284821 | took 0ms | statement | connection 28| url jdbc:h2:mem:6a3784ae-1aa6-4bbf-b617-4d4aeabcc2af
insert into member_spot (member_id, score, spot_id, member_spot_id) values (?, ?, ?, ?)
insert into member_spot (member_id, score, spot_id, member_spot_id) values (24, 0.0, 942, 3552);
2022-10-10 13:48:04.821  INFO 3923 --- [    Test worker] p6spy                                    : #1665377284821 | took 0ms | statement | connection 28| url jdbc:h2:mem:6a3784ae-1aa6-4bbf-b617-4d4aeabcc2af
insert into review (content, spot_id, review_id) values (?, ?, ?)
insert into review (content, spot_id, review_id) values ('java.io.StringReader@27fd6916', 871, 876);
2022-10-10 13:48:04.821  INFO 3923 --- [    Test worker] p6spy                                    : #1665377284821 | took 0ms | statement | connection 28| url jdbc:h2:mem:6a3784ae-1aa6-4bbf-b617-4d4aeabcc2af
insert into score (facility_rank, facility_score, price_rank, price_score, rank_average, surround_rank, surround_score, view_rank, view_score, score_id) values (?, ?, ?, ?, ?, ?, ?, ?, ?, ?)
insert into score (facility_rank, facility_score, price_rank, price_score, rank_average, surround_rank, surround_score, view_rank, view_score, score_id) values (7.194955766379904, 2.14922007848532, 2.017255614856006, 3.253332282063054, 9.85423096589047, 1.9410703710705834, 2.34516534523993, 2.323279340351033, 6.2345834779376315, 875);
2022-10-10 13:48:04.821  INFO 3923 --- [    Test worker] p6spy                                    : #1665377284821 | took 0ms | statement | connection 28| url jdbc:h2:mem:6a3784ae-1aa6-4bbf-b617-4d4aeabcc2af
insert into picture (spot_id, url, picture_id) values (?, ?, ?)
insert into picture (spot_id, url, picture_id) values (NULL, 'java.io.StringReader@35c5d63f', 3553);
2022-10-10 13:48:04.821  INFO 3923 --- [    Test worker] p6spy                                    : #1665377284821 | took 0ms | statement | connection 28| url jdbc:h2:mem:6a3784ae-1aa6-4bbf-b617-4d4aeabcc2af
insert into picture (spot_id, url, picture_id) values (?, ?, ?)
insert into picture (spot_id, url, picture_id) values (NULL, 'java.io.StringReader@1ef5822e', 3554);
2022-10-10 13:48:04.821  INFO 3923 --- [    Test worker] p6spy                                    : #1665377284821 | took 0ms | statement | connection 28| url jdbc:h2:mem:6a3784ae-1aa6-4bbf-b617-4d4aeabcc2af
insert into picture (spot_id, url, picture_id) values (?, ?, ?)
insert into picture (spot_id, url, picture_id) values (NULL, 'java.io.StringReader@6ea7e4e5', 3555);
2022-10-10 13:48:04.821  INFO 3923 --- [    Test worker] p6spy                                    : #1665377284821 | took 0ms | statement | connection 28| url jdbc:h2:mem:6a3784ae-1aa6-4bbf-b617-4d4aeabcc2af
insert into spot (address, description, location, name, score_id, spot_id) values (?, ?, ?, ?, ?, ?)
insert into spot (address, description, location, name, score_id, spot_id) values (NULL, NULL, 'Andeok_myeon', NULL, 875, 943);
2022-10-10 13:48:04.821  INFO 3923 --- [    Test worker] p6spy                                    : #1665377284821 | took 0ms | statement | connection 28| url jdbc:h2:mem:6a3784ae-1aa6-4bbf-b617-4d4aeabcc2af
insert into member_spot (member_id, score, spot_id, member_spot_id) values (?, ?, ?, ?)
insert into member_spot (member_id, score, spot_id, member_spot_id) values (24, 0.0, 943, 3556);
2022-10-10 13:48:04.821  INFO 3923 --- [    Test worker] p6spy                                    : #1665377284821 | took 0ms | statement | connection 28| url jdbc:h2:mem:6a3784ae-1aa6-4bbf-b617-4d4aeabcc2af
insert into review (content, spot_id, review_id) values (?, ?, ?)
insert into review (content, spot_id, review_id) values ('java.io.StringReader@61a75a73', 871, 877);
2022-10-10 13:48:04.821  INFO 3923 --- [    Test worker] p6spy                                    : #1665377284821 | took 0ms | statement | connection 28| url jdbc:h2:mem:6a3784ae-1aa6-4bbf-b617-4d4aeabcc2af
insert into favorite_spot (count, favorite_id, spot_id, favorite_spot_id) values (?, ?, ?, ?)
insert into favorite_spot (count, favorite_id, spot_id, favorite_spot_id) values (0, 44, 943, 615);
2022-10-10 13:48:04.821  INFO 3923 --- [    Test worker] p6spy                                    : #1665377284821 | took 0ms | statement | connection 28| url jdbc:h2:mem:6a3784ae-1aa6-4bbf-b617-4d4aeabcc2af
insert into score (facility_rank, facility_score, price_rank, price_score, rank_average, surround_rank, surround_score, view_rank, view_score, score_id) values (?, ?, ?, ?, ?, ?, ?, ?, ?, ?)
insert into score (facility_rank, facility_score, price_rank, price_score, rank_average, surround_rank, surround_score, view_rank, view_score, score_id) values (1.3744531778450209, 3.1641060222959574, 5.829023902486067, 6.928651809393443, 3.68436582091751, 5.785906401592486, 7.920665890892538, 2.9744139429576713, 1.3062054602158946, 876);
2022-10-10 13:48:04.821  INFO 3923 --- [    Test worker] p6spy                                    : #1665377284821 | took 0ms | statement | connection 28| url jdbc:h2:mem:6a3784ae-1aa6-4bbf-b617-4d4aeabcc2af
insert into picture (spot_id, url, picture_id) values (?, ?, ?)
insert into picture (spot_id, url, picture_id) values (NULL, 'java.io.StringReader@27be66de', 3557);
2022-10-10 13:48:04.821  INFO 3923 --- [    Test worker] p6spy                                    : #1665377284821 | took 0ms | statement | connection 28| url jdbc:h2:mem:6a3784ae-1aa6-4bbf-b617-4d4aeabcc2af
insert into picture (spot_id, url, picture_id) values (?, ?, ?)
insert into picture (spot_id, url, picture_id) values (NULL, 'java.io.StringReader@846c925', 3558);
2022-10-10 13:48:04.821  INFO 3923 --- [    Test worker] p6spy                                    : #1665377284821 | took 0ms | statement | connection 28| url jdbc:h2:mem:6a3784ae-1aa6-4bbf-b617-4d4aeabcc2af
insert into picture (spot_id, url, picture_id) values (?, ?, ?)
insert into picture (spot_id, url, picture_id) values (NULL, 'java.io.StringReader@3ebcffb9', 3559);
2022-10-10 13:48:04.821  INFO 3923 --- [    Test worker] p6spy                                    : #1665377284821 | took 0ms | statement | connection 28| url jdbc:h2:mem:6a3784ae-1aa6-4bbf-b617-4d4aeabcc2af
insert into spot (address, description, location, name, score_id, spot_id) values (?, ?, ?, ?, ?, ?)
insert into spot (address, description, location, name, score_id, spot_id) values (NULL, NULL, 'Andeok_myeon', NULL, 876, 944);
2022-10-10 13:48:04.821  INFO 3923 --- [    Test worker] p6spy                                    : #1665377284821 | took 0ms | statement | connection 28| url jdbc:h2:mem:6a3784ae-1aa6-4bbf-b617-4d4aeabcc2af
insert into member_spot (member_id, score, spot_id, member_spot_id) values (?, ?, ?, ?)
insert into member_spot (member_id, score, spot_id, member_spot_id) values (24, 0.0, 944, 3560);
2022-10-10 13:48:04.821  INFO 3923 --- [    Test worker] p6spy                                    : #1665377284821 | took 0ms | statement | connection 28| url jdbc:h2:mem:6a3784ae-1aa6-4bbf-b617-4d4aeabcc2af
insert into review (content, spot_id, review_id) values (?, ?, ?)
insert into review (content, spot_id, review_id) values ('java.io.StringReader@7d07269a', 871, 878);
2022-10-10 13:48:04.821  INFO 3923 --- [    Test worker] p6spy                                    : #1665377284821 | took 0ms | statement | connection 28| url jdbc:h2:mem:6a3784ae-1aa6-4bbf-b617-4d4aeabcc2af
insert into score (facility_rank, facility_score, price_rank, price_score, rank_average, surround_rank, surround_score, view_rank, view_score, score_id) values (?, ?, ?, ?, ?, ?, ?, ?, ?, ?)
insert into score (facility_rank, facility_score, price_rank, price_score, rank_average, surround_rank, surround_score, view_rank, view_score, score_id) values (4.771824918698707, 6.340264771047889, 8.668877666455243, 4.611744849129592, 0.1491260930685434, 0.15474878424589278, 4.544662387944608, 8.805960905510718, 0.13476537866621174, 877);
2022-10-10 13:48:04.821  INFO 3923 --- [    Test worker] p6spy                                    : #1665377284821 | took 0ms | statement | connection 28| url jdbc:h2:mem:6a3784ae-1aa6-4bbf-b617-4d4aeabcc2af
insert into picture (spot_id, url, picture_id) values (?, ?, ?)
insert into picture (spot_id, url, picture_id) values (NULL, 'java.io.StringReader@4ac6c261', 3561);
2022-10-10 13:48:04.821  INFO 3923 --- [    Test worker] p6spy                                    : #1665377284821 | took 0ms | statement | connection 28| url jdbc:h2:mem:6a3784ae-1aa6-4bbf-b617-4d4aeabcc2af
insert into picture (spot_id, url, picture_id) values (?, ?, ?)
insert into picture (spot_id, url, picture_id) values (NULL, 'java.io.StringReader@68df3b85', 3562);
2022-10-10 13:48:04.821  INFO 3923 --- [    Test worker] p6spy                                    : #1665377284821 | took 0ms | statement | connection 28| url jdbc:h2:mem:6a3784ae-1aa6-4bbf-b617-4d4aeabcc2af
insert into picture (spot_id, url, picture_id) values (?, ?, ?)
insert into picture (spot_id, url, picture_id) values (NULL, 'java.io.StringReader@4376efdf', 3563);
2022-10-10 13:48:04.821  INFO 3923 --- [    Test worker] p6spy                                    : #1665377284821 | took 0ms | statement | connection 28| url jdbc:h2:mem:6a3784ae-1aa6-4bbf-b617-4d4aeabcc2af
insert into spot (address, description, location, name, score_id, spot_id) values (?, ?, ?, ?, ?, ?)
insert into spot (address, description, location, name, score_id, spot_id) values (NULL, NULL, 'Andeok_myeon', NULL, 877, 945);
2022-10-10 13:48:04.821  INFO 3923 --- [    Test worker] p6spy                                    : #1665377284821 | took 0ms | statement | connection 28| url jdbc:h2:mem:6a3784ae-1aa6-4bbf-b617-4d4aeabcc2af
insert into member_spot (member_id, score, spot_id, member_spot_id) values (?, ?, ?, ?)
insert into member_spot (member_id, score, spot_id, member_spot_id) values (24, 0.0, 945, 3564);
2022-10-10 13:48:04.821  INFO 3923 --- [    Test worker] p6spy                                    : #1665377284821 | took 0ms | statement | connection 28| url jdbc:h2:mem:6a3784ae-1aa6-4bbf-b617-4d4aeabcc2af
insert into review (content, spot_id, review_id) values (?, ?, ?)
insert into review (content, spot_id, review_id) values ('java.io.StringReader@6e38c628', 871, 879);
2022-10-10 13:48:04.821  INFO 3923 --- [    Test worker] p6spy                                    : #1665377284821 | took 0ms | statement | connection 28| url jdbc:h2:mem:6a3784ae-1aa6-4bbf-b617-4d4aeabcc2af
insert into favorite_spot (count, favorite_id, spot_id, favorite_spot_id) values (?, ?, ?, ?)
insert into favorite_spot (count, favorite_id, spot_id, favorite_spot_id) values (0, 44, 945, 616);
2022-10-10 13:48:04.822  INFO 3923 --- [    Test worker] p6spy                                    : #1665377284822 | took 0ms | statement | connection 28| url jdbc:h2:mem:6a3784ae-1aa6-4bbf-b617-4d4aeabcc2af
insert into score (facility_rank, facility_score, price_rank, price_score, rank_average, surround_rank, surround_score, view_rank, view_score, score_id) values (?, ?, ?, ?, ?, ?, ?, ?, ?, ?)
insert into score (facility_rank, facility_score, price_rank, price_score, rank_average, surround_rank, surround_score, view_rank, view_score, score_id) values (5.814169316639988, 2.761207587039123, 8.520670170687591, 2.4747797486634857, 2.298171575094922, 5.771503654544654, 5.662895835016901, 3.6681981329962876, 6.648613004780556, 878);
2022-10-10 13:48:04.822  INFO 3923 --- [    Test worker] p6spy                                    : #1665377284822 | took 0ms | statement | connection 28| url jdbc:h2:mem:6a3784ae-1aa6-4bbf-b617-4d4aeabcc2af
insert into picture (spot_id, url, picture_id) values (?, ?, ?)
insert into picture (spot_id, url, picture_id) values (NULL, 'java.io.StringReader@39121780', 3565);
2022-10-10 13:48:04.822  INFO 3923 --- [    Test worker] p6spy                                    : #1665377284822 | took 0ms | statement | connection 28| url jdbc:h2:mem:6a3784ae-1aa6-4bbf-b617-4d4aeabcc2af
insert into picture (spot_id, url, picture_id) values (?, ?, ?)
insert into picture (spot_id, url, picture_id) values (NULL, 'java.io.StringReader@6935bf4c', 3566);
2022-10-10 13:48:04.822  INFO 3923 --- [    Test worker] p6spy                                    : #1665377284822 | took 0ms | statement | connection 28| url jdbc:h2:mem:6a3784ae-1aa6-4bbf-b617-4d4aeabcc2af
insert into picture (spot_id, url, picture_id) values (?, ?, ?)
insert into picture (spot_id, url, picture_id) values (NULL, 'java.io.StringReader@69c31b6c', 3567);
2022-10-10 13:48:04.822  INFO 3923 --- [    Test worker] p6spy                                    : #1665377284822 | took 0ms | statement | connection 28| url jdbc:h2:mem:6a3784ae-1aa6-4bbf-b617-4d4aeabcc2af
insert into spot (address, description, location, name, score_id, spot_id) values (?, ?, ?, ?, ?, ?)
insert into spot (address, description, location, name, score_id, spot_id) values (NULL, NULL, 'Andeok_myeon', NULL, 878, 946);
2022-10-10 13:48:04.822  INFO 3923 --- [    Test worker] p6spy                                    : #1665377284822 | took 0ms | statement | connection 28| url jdbc:h2:mem:6a3784ae-1aa6-4bbf-b617-4d4aeabcc2af
insert into member_spot (member_id, score, spot_id, member_spot_id) values (?, ?, ?, ?)
insert into member_spot (member_id, score, spot_id, member_spot_id) values (24, 0.0, 946, 3568);
2022-10-10 13:48:04.822  INFO 3923 --- [    Test worker] p6spy                                    : #1665377284822 | took 0ms | statement | connection 28| url jdbc:h2:mem:6a3784ae-1aa6-4bbf-b617-4d4aeabcc2af
insert into review (content, spot_id, review_id) values (?, ?, ?)
insert into review (content, spot_id, review_id) values ('java.io.StringReader@66437013', 871, 880);
2022-10-10 13:48:04.822  INFO 3923 --- [    Test worker] p6spy                                    : #1665377284822 | took 0ms | statement | connection 28| url jdbc:h2:mem:6a3784ae-1aa6-4bbf-b617-4d4aeabcc2af
insert into score (facility_rank, facility_score, price_rank, price_score, rank_average, surround_rank, surround_score, view_rank, view_score, score_id) values (?, ?, ?, ?, ?, ?, ?, ?, ?, ?)
insert into score (facility_rank, facility_score, price_rank, price_score, rank_average, surround_rank, surround_score, view_rank, view_score, score_id) values (7.487779701432365, 7.3800869238795865, 4.189286580073464, 8.297658489548715, 2.4545825509203576, 7.256213984221331, 0.7021934932473617, 6.731159508792889, 1.1727079347239067, 879);
2022-10-10 13:48:04.822  INFO 3923 --- [    Test worker] p6spy                                    : #1665377284822 | took 0ms | statement | connection 28| url jdbc:h2:mem:6a3784ae-1aa6-4bbf-b617-4d4aeabcc2af
insert into picture (spot_id, url, picture_id) values (?, ?, ?)
insert into picture (spot_id, url, picture_id) values (NULL, 'java.io.StringReader@78ae6b30', 3569);
2022-10-10 13:48:04.822  INFO 3923 --- [    Test worker] p6spy                                    : #1665377284822 | took 0ms | statement | connection 28| url jdbc:h2:mem:6a3784ae-1aa6-4bbf-b617-4d4aeabcc2af
insert into picture (spot_id, url, picture_id) values (?, ?, ?)
insert into picture (spot_id, url, picture_id) values (NULL, 'java.io.StringReader@43a24606', 3570);
2022-10-10 13:48:04.822  INFO 3923 --- [    Test worker] p6spy                                    : #1665377284822 | took 0ms | statement | connection 28| url jdbc:h2:mem:6a3784ae-1aa6-4bbf-b617-4d4aeabcc2af
insert into picture (spot_id, url, picture_id) values (?, ?, ?)
insert into picture (spot_id, url, picture_id) values (NULL, 'java.io.StringReader@5010e026', 3571);
2022-10-10 13:48:04.822  INFO 3923 --- [    Test worker] p6spy                                    : #1665377284822 | took 0ms | statement | connection 28| url jdbc:h2:mem:6a3784ae-1aa6-4bbf-b617-4d4aeabcc2af
insert into spot (address, description, location, name, score_id, spot_id) values (?, ?, ?, ?, ?, ?)
insert into spot (address, description, location, name, score_id, spot_id) values (NULL, NULL, 'Andeok_myeon', NULL, 879, 947);
2022-10-10 13:48:04.822  INFO 3923 --- [    Test worker] p6spy                                    : #1665377284822 | took 0ms | statement | connection 28| url jdbc:h2:mem:6a3784ae-1aa6-4bbf-b617-4d4aeabcc2af
insert into member_spot (member_id, score, spot_id, member_spot_id) values (?, ?, ?, ?)
insert into member_spot (member_id, score, spot_id, member_spot_id) values (24, 0.0, 947, 3572);
2022-10-10 13:48:04.822  INFO 3923 --- [    Test worker] p6spy                                    : #1665377284822 | took 0ms | statement | connection 28| url jdbc:h2:mem:6a3784ae-1aa6-4bbf-b617-4d4aeabcc2af
insert into review (content, spot_id, review_id) values (?, ?, ?)
insert into review (content, spot_id, review_id) values ('java.io.StringReader@5ea8e39b', 871, 881);
2022-10-10 13:48:04.822  INFO 3923 --- [    Test worker] p6spy                                    : #1665377284822 | took 0ms | statement | connection 28| url jdbc:h2:mem:6a3784ae-1aa6-4bbf-b617-4d4aeabcc2af
insert into favorite_spot (count, favorite_id, spot_id, favorite_spot_id) values (?, ?, ?, ?)
insert into favorite_spot (count, favorite_id, spot_id, favorite_spot_id) values (0, 44, 947, 617);
2022-10-10 13:48:04.822  INFO 3923 --- [    Test worker] p6spy                                    : #1665377284822 | took 0ms | statement | connection 28| url jdbc:h2:mem:6a3784ae-1aa6-4bbf-b617-4d4aeabcc2af
insert into score (facility_rank, facility_score, price_rank, price_score, rank_average, surround_rank, surround_score, view_rank, view_score, score_id) values (?, ?, ?, ?, ?, ?, ?, ?, ?, ?)
insert into score (facility_rank, facility_score, price_rank, price_score, rank_average, surround_rank, surround_score, view_rank, view_score, score_id) values (4.930319928970624, 1.2333084007510609, 8.64445220844581, 2.4376581116331297, 9.797849305267919, 1.032417945533567, 2.4440066339876854, 0.047326986892215483, 8.128865018463134, 880);
2022-10-10 13:48:04.822  INFO 3923 --- [    Test worker] p6spy                                    : #1665377284822 | took 0ms | statement | connection 28| url jdbc:h2:mem:6a3784ae-1aa6-4bbf-b617-4d4aeabcc2af
insert into picture (spot_id, url, picture_id) values (?, ?, ?)
insert into picture (spot_id, url, picture_id) values (NULL, 'java.io.StringReader@2e73cff3', 3573);
2022-10-10 13:48:04.822  INFO 3923 --- [    Test worker] p6spy                                    : #1665377284822 | took 0ms | statement | connection 28| url jdbc:h2:mem:6a3784ae-1aa6-4bbf-b617-4d4aeabcc2af
insert into picture (spot_id, url, picture_id) values (?, ?, ?)
insert into picture (spot_id, url, picture_id) values (NULL, 'java.io.StringReader@7dbf35e9', 3574);
2022-10-10 13:48:04.822  INFO 3923 --- [    Test worker] p6spy                                    : #1665377284822 | took 0ms | statement | connection 28| url jdbc:h2:mem:6a3784ae-1aa6-4bbf-b617-4d4aeabcc2af
insert into picture (spot_id, url, picture_id) values (?, ?, ?)
insert into picture (spot_id, url, picture_id) values (NULL, 'java.io.StringReader@7252dc76', 3575);
2022-10-10 13:48:04.822  INFO 3923 --- [    Test worker] p6spy                                    : #1665377284822 | took 0ms | statement | connection 28| url jdbc:h2:mem:6a3784ae-1aa6-4bbf-b617-4d4aeabcc2af
insert into spot (address, description, location, name, score_id, spot_id) values (?, ?, ?, ?, ?, ?)
insert into spot (address, description, location, name, score_id, spot_id) values (NULL, NULL, 'Andeok_myeon', NULL, 880, 948);
2022-10-10 13:48:04.822  INFO 3923 --- [    Test worker] p6spy                                    : #1665377284822 | took 0ms | statement | connection 28| url jdbc:h2:mem:6a3784ae-1aa6-4bbf-b617-4d4aeabcc2af
insert into member_spot (member_id, score, spot_id, member_spot_id) values (?, ?, ?, ?)
insert into member_spot (member_id, score, spot_id, member_spot_id) values (24, 0.0, 948, 3576);
2022-10-10 13:48:04.822  INFO 3923 --- [    Test worker] p6spy                                    : #1665377284822 | took 0ms | statement | connection 28| url jdbc:h2:mem:6a3784ae-1aa6-4bbf-b617-4d4aeabcc2af
insert into review (content, spot_id, review_id) values (?, ?, ?)
insert into review (content, spot_id, review_id) values ('java.io.StringReader@33dcd988', 871, 882);
2022-10-10 13:48:04.822  INFO 3923 --- [    Test worker] p6spy                                    : #1665377284822 | took 0ms | statement | connection 28| url jdbc:h2:mem:6a3784ae-1aa6-4bbf-b617-4d4aeabcc2af
insert into score (facility_rank, facility_score, price_rank, price_score, rank_average, surround_rank, surround_score, view_rank, view_score, score_id) values (?, ?, ?, ?, ?, ?, ?, ?, ?, ?)
insert into score (facility_rank, facility_score, price_rank, price_score, rank_average, surround_rank, surround_score, view_rank, view_score, score_id) values (3.7798728282716523, 6.706717208070976, 0.056711037952225096, 2.7473594766501517, 0.47854534958091777, 0.380667351606343, 3.228335527305719, 4.459492546069454, 2.3686789893315185, 881);
2022-10-10 13:48:04.822  INFO 3923 --- [    Test worker] p6spy                                    : #1665377284822 | took 0ms | statement | connection 28| url jdbc:h2:mem:6a3784ae-1aa6-4bbf-b617-4d4aeabcc2af
insert into picture (spot_id, url, picture_id) values (?, ?, ?)
insert into picture (spot_id, url, picture_id) values (NULL, 'java.io.StringReader@7206ce4c', 3577);
2022-10-10 13:48:04.822  INFO 3923 --- [    Test worker] p6spy                                    : #1665377284822 | took 0ms | statement | connection 28| url jdbc:h2:mem:6a3784ae-1aa6-4bbf-b617-4d4aeabcc2af
insert into picture (spot_id, url, picture_id) values (?, ?, ?)
insert into picture (spot_id, url, picture_id) values (NULL, 'java.io.StringReader@5b6cd2d8', 3578);
2022-10-10 13:48:04.822  INFO 3923 --- [    Test worker] p6spy                                    : #1665377284822 | took 0ms | statement | connection 28| url jdbc:h2:mem:6a3784ae-1aa6-4bbf-b617-4d4aeabcc2af
insert into picture (spot_id, url, picture_id) values (?, ?, ?)
insert into picture (spot_id, url, picture_id) values (NULL, 'java.io.StringReader@6bd0e7cd', 3579);
2022-10-10 13:48:04.822  INFO 3923 --- [    Test worker] p6spy                                    : #1665377284822 | took 0ms | statement | connection 28| url jdbc:h2:mem:6a3784ae-1aa6-4bbf-b617-4d4aeabcc2af
insert into spot (address, description, location, name, score_id, spot_id) values (?, ?, ?, ?, ?, ?)
insert into spot (address, description, location, name, score_id, spot_id) values (NULL, NULL, 'Andeok_myeon', NULL, 881, 949);
2022-10-10 13:48:04.822  INFO 3923 --- [    Test worker] p6spy                                    : #1665377284822 | took 0ms | statement | connection 28| url jdbc:h2:mem:6a3784ae-1aa6-4bbf-b617-4d4aeabcc2af
insert into member_spot (member_id, score, spot_id, member_spot_id) values (?, ?, ?, ?)
insert into member_spot (member_id, score, spot_id, member_spot_id) values (24, 0.0, 949, 3580);
2022-10-10 13:48:04.822  INFO 3923 --- [    Test worker] p6spy                                    : #1665377284822 | took 0ms | statement | connection 28| url jdbc:h2:mem:6a3784ae-1aa6-4bbf-b617-4d4aeabcc2af
insert into review (content, spot_id, review_id) values (?, ?, ?)
insert into review (content, spot_id, review_id) values ('java.io.StringReader@3cdd4bf0', 871, 883);
2022-10-10 13:48:04.822  INFO 3923 --- [    Test worker] p6spy                                    : #1665377284822 | took 0ms | statement | connection 28| url jdbc:h2:mem:6a3784ae-1aa6-4bbf-b617-4d4aeabcc2af
insert into favorite_spot (count, favorite_id, spot_id, favorite_spot_id) values (?, ?, ?, ?)
insert into favorite_spot (count, favorite_id, spot_id, favorite_spot_id) values (0, 44, 949, 618);
2022-10-10 13:48:04.822  INFO 3923 --- [    Test worker] p6spy                                    : #1665377284822 | took 0ms | statement | connection 28| url jdbc:h2:mem:6a3784ae-1aa6-4bbf-b617-4d4aeabcc2af
insert into score (facility_rank, facility_score, price_rank, price_score, rank_average, surround_rank, surround_score, view_rank, view_score, score_id) values (?, ?, ?, ?, ?, ?, ?, ?, ?, ?)
insert into score (facility_rank, facility_score, price_rank, price_score, rank_average, surround_rank, surround_score, view_rank, view_score, score_id) values (9.83610985524199, 5.124716396570163, 3.479225679611181, 2.418555561235266, 5.2239808600836435, 8.63466573360067, 3.7411698558763584, 7.677877107212724, 9.180669606486715, 882);
2022-10-10 13:48:04.822  INFO 3923 --- [    Test worker] p6spy                                    : #1665377284822 | took 0ms | statement | connection 28| url jdbc:h2:mem:6a3784ae-1aa6-4bbf-b617-4d4aeabcc2af
insert into picture (spot_id, url, picture_id) values (?, ?, ?)
insert into picture (spot_id, url, picture_id) values (NULL, 'java.io.StringReader@2d6c0286', 3581);
2022-10-10 13:48:04.822  INFO 3923 --- [    Test worker] p6spy                                    : #1665377284822 | took 0ms | statement | connection 28| url jdbc:h2:mem:6a3784ae-1aa6-4bbf-b617-4d4aeabcc2af
insert into picture (spot_id, url, picture_id) values (?, ?, ?)
insert into picture (spot_id, url, picture_id) values (NULL, 'java.io.StringReader@15f3c77b', 3582);
2022-10-10 13:48:04.822  INFO 3923 --- [    Test worker] p6spy                                    : #1665377284822 | took 0ms | statement | connection 28| url jdbc:h2:mem:6a3784ae-1aa6-4bbf-b617-4d4aeabcc2af
insert into picture (spot_id, url, picture_id) values (?, ?, ?)
insert into picture (spot_id, url, picture_id) values (NULL, 'java.io.StringReader@3186d11a', 3583);
2022-10-10 13:48:04.822  INFO 3923 --- [    Test worker] p6spy                                    : #1665377284822 | took 0ms | statement | connection 28| url jdbc:h2:mem:6a3784ae-1aa6-4bbf-b617-4d4aeabcc2af
insert into spot (address, description, location, name, score_id, spot_id) values (?, ?, ?, ?, ?, ?)
insert into spot (address, description, location, name, score_id, spot_id) values (NULL, NULL, 'Andeok_myeon', NULL, 882, 950);
2022-10-10 13:48:04.822  INFO 3923 --- [    Test worker] p6spy                                    : #1665377284822 | took 0ms | statement | connection 28| url jdbc:h2:mem:6a3784ae-1aa6-4bbf-b617-4d4aeabcc2af
insert into member_spot (member_id, score, spot_id, member_spot_id) values (?, ?, ?, ?)
insert into member_spot (member_id, score, spot_id, member_spot_id) values (24, 0.0, 950, 3584);
2022-10-10 13:48:04.823  INFO 3923 --- [    Test worker] p6spy                                    : #1665377284823 | took 0ms | statement | connection 28| url jdbc:h2:mem:6a3784ae-1aa6-4bbf-b617-4d4aeabcc2af
insert into review (content, spot_id, review_id) values (?, ?, ?)
insert into review (content, spot_id, review_id) values ('java.io.StringReader@6979ad41', 871, 884);
2022-10-10 13:48:04.823  INFO 3923 --- [    Test worker] p6spy                                    : #1665377284823 | took 0ms | statement | connection 28| url jdbc:h2:mem:6a3784ae-1aa6-4bbf-b617-4d4aeabcc2af
insert into score (facility_rank, facility_score, price_rank, price_score, rank_average, surround_rank, surround_score, view_rank, view_score, score_id) values (?, ?, ?, ?, ?, ?, ?, ?, ?, ?)
insert into score (facility_rank, facility_score, price_rank, price_score, rank_average, surround_rank, surround_score, view_rank, view_score, score_id) values (5.926833718927757, 6.806289516805456, 6.63862136082588, 5.278095588236176, 6.752842945147631, 3.8224905342407487, 5.550323747689002, 6.577364788053547, 7.812031407466292, 883);
2022-10-10 13:48:04.823  INFO 3923 --- [    Test worker] p6spy                                    : #1665377284823 | took 0ms | statement | connection 28| url jdbc:h2:mem:6a3784ae-1aa6-4bbf-b617-4d4aeabcc2af
insert into picture (spot_id, url, picture_id) values (?, ?, ?)
insert into picture (spot_id, url, picture_id) values (NULL, 'java.io.StringReader@1987b49e', 3585);
2022-10-10 13:48:04.823  INFO 3923 --- [    Test worker] p6spy                                    : #1665377284823 | took 0ms | statement | connection 28| url jdbc:h2:mem:6a3784ae-1aa6-4bbf-b617-4d4aeabcc2af
insert into picture (spot_id, url, picture_id) values (?, ?, ?)
insert into picture (spot_id, url, picture_id) values (NULL, 'java.io.StringReader@bc967dd', 3586);
2022-10-10 13:48:04.823  INFO 3923 --- [    Test worker] p6spy                                    : #1665377284823 | took 0ms | statement | connection 28| url jdbc:h2:mem:6a3784ae-1aa6-4bbf-b617-4d4aeabcc2af
insert into picture (spot_id, url, picture_id) values (?, ?, ?)
insert into picture (spot_id, url, picture_id) values (NULL, 'java.io.StringReader@7dd19d46', 3587);
2022-10-10 13:48:04.823  INFO 3923 --- [    Test worker] p6spy                                    : #1665377284823 | took 0ms | statement | connection 28| url jdbc:h2:mem:6a3784ae-1aa6-4bbf-b617-4d4aeabcc2af
insert into spot (address, description, location, name, score_id, spot_id) values (?, ?, ?, ?, ?, ?)
insert into spot (address, description, location, name, score_id, spot_id) values (NULL, NULL, 'Andeok_myeon', NULL, 883, 951);
2022-10-10 13:48:04.823  INFO 3923 --- [    Test worker] p6spy                                    : #1665377284823 | took 0ms | statement | connection 28| url jdbc:h2:mem:6a3784ae-1aa6-4bbf-b617-4d4aeabcc2af
insert into member_spot (member_id, score, spot_id, member_spot_id) values (?, ?, ?, ?)
insert into member_spot (member_id, score, spot_id, member_spot_id) values (24, 0.0, 951, 3588);
2022-10-10 13:48:04.823  INFO 3923 --- [    Test worker] p6spy                                    : #1665377284823 | took 0ms | statement | connection 28| url jdbc:h2:mem:6a3784ae-1aa6-4bbf-b617-4d4aeabcc2af
insert into review (content, spot_id, review_id) values (?, ?, ?)
insert into review (content, spot_id, review_id) values ('java.io.StringReader@78f52730', 871, 885);
2022-10-10 13:48:04.823  INFO 3923 --- [    Test worker] p6spy                                    : #1665377284823 | took 0ms | statement | connection 28| url jdbc:h2:mem:6a3784ae-1aa6-4bbf-b617-4d4aeabcc2af
insert into favorite_spot (count, favorite_id, spot_id, favorite_spot_id) values (?, ?, ?, ?)
insert into favorite_spot (count, favorite_id, spot_id, favorite_spot_id) values (0, 44, 951, 619);
2022-10-10 13:48:04.823  INFO 3923 --- [    Test worker] p6spy                                    : #1665377284823 | took 0ms | statement | connection 28| url jdbc:h2:mem:6a3784ae-1aa6-4bbf-b617-4d4aeabcc2af
insert into score (facility_rank, facility_score, price_rank, price_score, rank_average, surround_rank, surround_score, view_rank, view_score, score_id) values (?, ?, ?, ?, ?, ?, ?, ?, ?, ?)
insert into score (facility_rank, facility_score, price_rank, price_score, rank_average, surround_rank, surround_score, view_rank, view_score, score_id) values (5.655330488148137, 5.197805431598912, 8.235848494910135, 4.253485180445558, 3.481934473521089, 6.068827934171681, 6.20332758924245, 4.755141127888281, 1.98436622180177, 884);
2022-10-10 13:48:04.823  INFO 3923 --- [    Test worker] p6spy                                    : #1665377284823 | took 0ms | statement | connection 28| url jdbc:h2:mem:6a3784ae-1aa6-4bbf-b617-4d4aeabcc2af
insert into picture (spot_id, url, picture_id) values (?, ?, ?)
insert into picture (spot_id, url, picture_id) values (NULL, 'java.io.StringReader@d348349', 3589);
2022-10-10 13:48:04.823  INFO 3923 --- [    Test worker] p6spy                                    : #1665377284823 | took 0ms | statement | connection 28| url jdbc:h2:mem:6a3784ae-1aa6-4bbf-b617-4d4aeabcc2af
insert into picture (spot_id, url, picture_id) values (?, ?, ?)
insert into picture (spot_id, url, picture_id) values (NULL, 'java.io.StringReader@3eae0dcb', 3590);
2022-10-10 13:48:04.823  INFO 3923 --- [    Test worker] p6spy                                    : #1665377284823 | took 0ms | statement | connection 28| url jdbc:h2:mem:6a3784ae-1aa6-4bbf-b617-4d4aeabcc2af
insert into picture (spot_id, url, picture_id) values (?, ?, ?)
insert into picture (spot_id, url, picture_id) values (NULL, 'java.io.StringReader@38ca22fa', 3591);
2022-10-10 13:48:04.823  INFO 3923 --- [    Test worker] p6spy                                    : #1665377284823 | took 0ms | statement | connection 28| url jdbc:h2:mem:6a3784ae-1aa6-4bbf-b617-4d4aeabcc2af
insert into spot (address, description, location, name, score_id, spot_id) values (?, ?, ?, ?, ?, ?)
insert into spot (address, description, location, name, score_id, spot_id) values (NULL, NULL, 'Andeok_myeon', NULL, 884, 952);
2022-10-10 13:48:04.823  INFO 3923 --- [    Test worker] p6spy                                    : #1665377284823 | took 0ms | statement | connection 28| url jdbc:h2:mem:6a3784ae-1aa6-4bbf-b617-4d4aeabcc2af
insert into member_spot (member_id, score, spot_id, member_spot_id) values (?, ?, ?, ?)
insert into member_spot (member_id, score, spot_id, member_spot_id) values (24, 0.0, 952, 3592);
2022-10-10 13:48:04.823  INFO 3923 --- [    Test worker] p6spy                                    : #1665377284823 | took 0ms | statement | connection 28| url jdbc:h2:mem:6a3784ae-1aa6-4bbf-b617-4d4aeabcc2af
insert into review (content, spot_id, review_id) values (?, ?, ?)
insert into review (content, spot_id, review_id) values ('java.io.StringReader@6d2d26be', 871, 886);
2022-10-10 13:48:04.823  INFO 3923 --- [    Test worker] p6spy                                    : #1665377284823 | took 0ms | statement | connection 28| url jdbc:h2:mem:6a3784ae-1aa6-4bbf-b617-4d4aeabcc2af
insert into score (facility_rank, facility_score, price_rank, price_score, rank_average, surround_rank, surround_score, view_rank, view_score, score_id) values (?, ?, ?, ?, ?, ?, ?, ?, ?, ?)
insert into score (facility_rank, facility_score, price_rank, price_score, rank_average, surround_rank, surround_score, view_rank, view_score, score_id) values (1.6168606194124013, 2.2926032967279752, 6.226545961836212, 1.352336731567454, 7.475897960889882, 9.42631263654709, 5.646160678492853, 5.697953750616064, 3.014165811220959, 885);
2022-10-10 13:48:04.823  INFO 3923 --- [    Test worker] p6spy                                    : #1665377284823 | took 0ms | statement | connection 28| url jdbc:h2:mem:6a3784ae-1aa6-4bbf-b617-4d4aeabcc2af
insert into picture (spot_id, url, picture_id) values (?, ?, ?)
insert into picture (spot_id, url, picture_id) values (NULL, 'java.io.StringReader@4b4eec61', 3593);
2022-10-10 13:48:04.823  INFO 3923 --- [    Test worker] p6spy                                    : #1665377284823 | took 0ms | statement | connection 28| url jdbc:h2:mem:6a3784ae-1aa6-4bbf-b617-4d4aeabcc2af
insert into picture (spot_id, url, picture_id) values (?, ?, ?)
insert into picture (spot_id, url, picture_id) values (NULL, 'java.io.StringReader@4be8eae5', 3594);
2022-10-10 13:48:04.823  INFO 3923 --- [    Test worker] p6spy                                    : #1665377284823 | took 0ms | statement | connection 28| url jdbc:h2:mem:6a3784ae-1aa6-4bbf-b617-4d4aeabcc2af
insert into picture (spot_id, url, picture_id) values (?, ?, ?)
insert into picture (spot_id, url, picture_id) values (NULL, 'java.io.StringReader@46efef45', 3595);
2022-10-10 13:48:04.823  INFO 3923 --- [    Test worker] p6spy                                    : #1665377284823 | took 0ms | statement | connection 28| url jdbc:h2:mem:6a3784ae-1aa6-4bbf-b617-4d4aeabcc2af
insert into spot (address, description, location, name, score_id, spot_id) values (?, ?, ?, ?, ?, ?)
insert into spot (address, description, location, name, score_id, spot_id) values (NULL, NULL, 'Andeok_myeon', NULL, 885, 953);
2022-10-10 13:48:04.823  INFO 3923 --- [    Test worker] p6spy                                    : #1665377284823 | took 0ms | statement | connection 28| url jdbc:h2:mem:6a3784ae-1aa6-4bbf-b617-4d4aeabcc2af
insert into member_spot (member_id, score, spot_id, member_spot_id) values (?, ?, ?, ?)
insert into member_spot (member_id, score, spot_id, member_spot_id) values (24, 0.0, 953, 3596);
2022-10-10 13:48:04.823  INFO 3923 --- [    Test worker] p6spy                                    : #1665377284823 | took 0ms | statement | connection 28| url jdbc:h2:mem:6a3784ae-1aa6-4bbf-b617-4d4aeabcc2af
insert into review (content, spot_id, review_id) values (?, ?, ?)
insert into review (content, spot_id, review_id) values ('java.io.StringReader@47fcdf96', 871, 887);
2022-10-10 13:48:04.823  INFO 3923 --- [    Test worker] p6spy                                    : #1665377284823 | took 0ms | statement | connection 28| url jdbc:h2:mem:6a3784ae-1aa6-4bbf-b617-4d4aeabcc2af
insert into favorite_spot (count, favorite_id, spot_id, favorite_spot_id) values (?, ?, ?, ?)
insert into favorite_spot (count, favorite_id, spot_id, favorite_spot_id) values (0, 44, 953, 620);
2022-10-10 13:48:04.823  INFO 3923 --- [    Test worker] p6spy                                    : #1665377284823 | took 0ms | statement | connection 28| url jdbc:h2:mem:6a3784ae-1aa6-4bbf-b617-4d4aeabcc2af
insert into score (facility_rank, facility_score, price_rank, price_score, rank_average, surround_rank, surround_score, view_rank, view_score, score_id) values (?, ?, ?, ?, ?, ?, ?, ?, ?, ?)
insert into score (facility_rank, facility_score, price_rank, price_score, rank_average, surround_rank, surround_score, view_rank, view_score, score_id) values (6.916169008214589, 5.8537183108122015, 7.567541656390922, 7.027266306378008, 3.141497230490872, 4.870539298468195, 7.751039958651744, 8.326162523719033, 0.34135629384399846, 886);
2022-10-10 13:48:04.823  INFO 3923 --- [    Test worker] p6spy                                    : #1665377284823 | took 0ms | statement | connection 28| url jdbc:h2:mem:6a3784ae-1aa6-4bbf-b617-4d4aeabcc2af
insert into picture (spot_id, url, picture_id) values (?, ?, ?)
insert into picture (spot_id, url, picture_id) values (NULL, 'java.io.StringReader@6cd4887f', 3597);
2022-10-10 13:48:04.823  INFO 3923 --- [    Test worker] p6spy                                    : #1665377284823 | took 0ms | statement | connection 28| url jdbc:h2:mem:6a3784ae-1aa6-4bbf-b617-4d4aeabcc2af
insert into picture (spot_id, url, picture_id) values (?, ?, ?)
insert into picture (spot_id, url, picture_id) values (NULL, 'java.io.StringReader@2ba73c12', 3598);
2022-10-10 13:48:04.823  INFO 3923 --- [    Test worker] p6spy                                    : #1665377284823 | took 0ms | statement | connection 28| url jdbc:h2:mem:6a3784ae-1aa6-4bbf-b617-4d4aeabcc2af
insert into picture (spot_id, url, picture_id) values (?, ?, ?)
insert into picture (spot_id, url, picture_id) values (NULL, 'java.io.StringReader@1d325399', 3599);
2022-10-10 13:48:04.823  INFO 3923 --- [    Test worker] p6spy                                    : #1665377284823 | took 0ms | statement | connection 28| url jdbc:h2:mem:6a3784ae-1aa6-4bbf-b617-4d4aeabcc2af
insert into spot (address, description, location, name, score_id, spot_id) values (?, ?, ?, ?, ?, ?)
insert into spot (address, description, location, name, score_id, spot_id) values (NULL, NULL, 'Andeok_myeon', NULL, 886, 954);
2022-10-10 13:48:04.823  INFO 3923 --- [    Test worker] p6spy                                    : #1665377284823 | took 0ms | statement | connection 28| url jdbc:h2:mem:6a3784ae-1aa6-4bbf-b617-4d4aeabcc2af
insert into member_spot (member_id, score, spot_id, member_spot_id) values (?, ?, ?, ?)
insert into member_spot (member_id, score, spot_id, member_spot_id) values (24, 0.0, 954, 3600);
2022-10-10 13:48:04.823  INFO 3923 --- [    Test worker] p6spy                                    : #1665377284823 | took 0ms | statement | connection 28| url jdbc:h2:mem:6a3784ae-1aa6-4bbf-b617-4d4aeabcc2af
insert into review (content, spot_id, review_id) values (?, ?, ?)
insert into review (content, spot_id, review_id) values ('java.io.StringReader@12f5e78c', 871, 888);
2022-10-10 13:48:04.823  INFO 3923 --- [    Test worker] p6spy                                    : #1665377284823 | took 0ms | statement | connection 28| url jdbc:h2:mem:6a3784ae-1aa6-4bbf-b617-4d4aeabcc2af
insert into score (facility_rank, facility_score, price_rank, price_score, rank_average, surround_rank, surround_score, view_rank, view_score, score_id) values (?, ?, ?, ?, ?, ?, ?, ?, ?, ?)
insert into score (facility_rank, facility_score, price_rank, price_score, rank_average, surround_rank, surround_score, view_rank, view_score, score_id) values (5.8836060264616785, 3.4326666084543636, 2.2079325369944325, 9.87064074332926, 6.341582754210089, 8.061394662111521, 1.3375247863122275, 4.526237473087603, 4.288538446276537, 887);
2022-10-10 13:48:04.823  INFO 3923 --- [    Test worker] p6spy                                    : #1665377284823 | took 0ms | statement | connection 28| url jdbc:h2:mem:6a3784ae-1aa6-4bbf-b617-4d4aeabcc2af
insert into picture (spot_id, url, picture_id) values (?, ?, ?)
insert into picture (spot_id, url, picture_id) values (NULL, 'java.io.StringReader@206b07bc', 3601);
2022-10-10 13:48:04.823  INFO 3923 --- [    Test worker] p6spy                                    : #1665377284823 | took 0ms | statement | connection 28| url jdbc:h2:mem:6a3784ae-1aa6-4bbf-b617-4d4aeabcc2af
insert into picture (spot_id, url, picture_id) values (?, ?, ?)
insert into picture (spot_id, url, picture_id) values (NULL, 'java.io.StringReader@588861ba', 3602);
2022-10-10 13:48:04.823  INFO 3923 --- [    Test worker] p6spy                                    : #1665377284823 | took 0ms | statement | connection 28| url jdbc:h2:mem:6a3784ae-1aa6-4bbf-b617-4d4aeabcc2af
insert into picture (spot_id, url, picture_id) values (?, ?, ?)
insert into picture (spot_id, url, picture_id) values (NULL, 'java.io.StringReader@3bd20db4', 3603);
2022-10-10 13:48:04.823  INFO 3923 --- [    Test worker] p6spy                                    : #1665377284823 | took 0ms | statement | connection 28| url jdbc:h2:mem:6a3784ae-1aa6-4bbf-b617-4d4aeabcc2af
insert into spot (address, description, location, name, score_id, spot_id) values (?, ?, ?, ?, ?, ?)
insert into spot (address, description, location, name, score_id, spot_id) values (NULL, NULL, 'Andeok_myeon', NULL, 887, 955);
2022-10-10 13:48:04.823  INFO 3923 --- [    Test worker] p6spy                                    : #1665377284823 | took 0ms | statement | connection 28| url jdbc:h2:mem:6a3784ae-1aa6-4bbf-b617-4d4aeabcc2af
insert into member_spot (member_id, score, spot_id, member_spot_id) values (?, ?, ?, ?)
insert into member_spot (member_id, score, spot_id, member_spot_id) values (24, 0.0, 955, 3604);
2022-10-10 13:48:04.823  INFO 3923 --- [    Test worker] p6spy                                    : #1665377284823 | took 0ms | statement | connection 28| url jdbc:h2:mem:6a3784ae-1aa6-4bbf-b617-4d4aeabcc2af
insert into review (content, spot_id, review_id) values (?, ?, ?)
insert into review (content, spot_id, review_id) values ('java.io.StringReader@41f35bb2', 871, 889);
2022-10-10 13:48:04.823  INFO 3923 --- [    Test worker] p6spy                                    : #1665377284823 | took 0ms | statement | connection 28| url jdbc:h2:mem:6a3784ae-1aa6-4bbf-b617-4d4aeabcc2af
insert into favorite_spot (count, favorite_id, spot_id, favorite_spot_id) values (?, ?, ?, ?)
insert into favorite_spot (count, favorite_id, spot_id, favorite_spot_id) values (0, 44, 955, 621);
2022-10-10 13:48:04.823  INFO 3923 --- [    Test worker] p6spy                                    : #1665377284823 | took 0ms | statement | connection 28| url jdbc:h2:mem:6a3784ae-1aa6-4bbf-b617-4d4aeabcc2af
insert into score (facility_rank, facility_score, price_rank, price_score, rank_average, surround_rank, surround_score, view_rank, view_score, score_id) values (?, ?, ?, ?, ?, ?, ?, ?, ?, ?)
insert into score (facility_rank, facility_score, price_rank, price_score, rank_average, surround_rank, surround_score, view_rank, view_score, score_id) values (8.171322447099756, 5.541151841194482, 5.792665989697109, 1.5472134102522017, 2.0989488400048453, 2.2996938569614747, 6.767238307875759, 0.5171462422828521, 9.059589977781169, 888);
2022-10-10 13:48:04.823  INFO 3923 --- [    Test worker] p6spy                                    : #1665377284823 | took 0ms | statement | connection 28| url jdbc:h2:mem:6a3784ae-1aa6-4bbf-b617-4d4aeabcc2af
insert into picture (spot_id, url, picture_id) values (?, ?, ?)
insert into picture (spot_id, url, picture_id) values (NULL, 'java.io.StringReader@21118872', 3605);
2022-10-10 13:48:04.823  INFO 3923 --- [    Test worker] p6spy                                    : #1665377284823 | took 0ms | statement | connection 28| url jdbc:h2:mem:6a3784ae-1aa6-4bbf-b617-4d4aeabcc2af
insert into picture (spot_id, url, picture_id) values (?, ?, ?)
insert into picture (spot_id, url, picture_id) values (NULL, 'java.io.StringReader@7d92e9e2', 3606);
2022-10-10 13:48:04.823  INFO 3923 --- [    Test worker] p6spy                                    : #1665377284823 | took 0ms | statement | connection 28| url jdbc:h2:mem:6a3784ae-1aa6-4bbf-b617-4d4aeabcc2af
insert into picture (spot_id, url, picture_id) values (?, ?, ?)
insert into picture (spot_id, url, picture_id) values (NULL, 'java.io.StringReader@606a1086', 3607);
2022-10-10 13:48:04.823  INFO 3923 --- [    Test worker] p6spy                                    : #1665377284823 | took 0ms | statement | connection 28| url jdbc:h2:mem:6a3784ae-1aa6-4bbf-b617-4d4aeabcc2af
insert into spot (address, description, location, name, score_id, spot_id) values (?, ?, ?, ?, ?, ?)
insert into spot (address, description, location, name, score_id, spot_id) values (NULL, NULL, 'Andeok_myeon', NULL, 888, 956);
2022-10-10 13:48:04.824  INFO 3923 --- [    Test worker] p6spy                                    : #1665377284824 | took 0ms | statement | connection 28| url jdbc:h2:mem:6a3784ae-1aa6-4bbf-b617-4d4aeabcc2af
insert into member_spot (member_id, score, spot_id, member_spot_id) values (?, ?, ?, ?)
insert into member_spot (member_id, score, spot_id, member_spot_id) values (24, 0.0, 956, 3608);
2022-10-10 13:48:04.824  INFO 3923 --- [    Test worker] p6spy                                    : #1665377284824 | took 0ms | statement | connection 28| url jdbc:h2:mem:6a3784ae-1aa6-4bbf-b617-4d4aeabcc2af
insert into review (content, spot_id, review_id) values (?, ?, ?)
insert into review (content, spot_id, review_id) values ('java.io.StringReader@343e5fea', 871, 890);
2022-10-10 13:48:04.824  INFO 3923 --- [    Test worker] p6spy                                    : #1665377284824 | took 0ms | statement | connection 28| url jdbc:h2:mem:6a3784ae-1aa6-4bbf-b617-4d4aeabcc2af
insert into score (facility_rank, facility_score, price_rank, price_score, rank_average, surround_rank, surround_score, view_rank, view_score, score_id) values (?, ?, ?, ?, ?, ?, ?, ?, ?, ?)
insert into score (facility_rank, facility_score, price_rank, price_score, rank_average, surround_rank, surround_score, view_rank, view_score, score_id) values (9.905873186132201, 8.249876900622834, 5.973969800206814, 6.677506884684242, 7.764179845712662, 6.250795021790356, 3.9562268604091355, 9.528704505727127, 0.8326276990025583, 889);
2022-10-10 13:48:04.824  INFO 3923 --- [    Test worker] p6spy                                    : #1665377284824 | took 0ms | statement | connection 28| url jdbc:h2:mem:6a3784ae-1aa6-4bbf-b617-4d4aeabcc2af
insert into picture (spot_id, url, picture_id) values (?, ?, ?)
insert into picture (spot_id, url, picture_id) values (NULL, 'java.io.StringReader@1f05a01a', 3609);
2022-10-10 13:48:04.824  INFO 3923 --- [    Test worker] p6spy                                    : #1665377284824 | took 0ms | statement | connection 28| url jdbc:h2:mem:6a3784ae-1aa6-4bbf-b617-4d4aeabcc2af
insert into picture (spot_id, url, picture_id) values (?, ?, ?)
insert into picture (spot_id, url, picture_id) values (NULL, 'java.io.StringReader@19602d72', 3610);
2022-10-10 13:48:04.824  INFO 3923 --- [    Test worker] p6spy                                    : #1665377284824 | took 0ms | statement | connection 28| url jdbc:h2:mem:6a3784ae-1aa6-4bbf-b617-4d4aeabcc2af
insert into picture (spot_id, url, picture_id) values (?, ?, ?)
insert into picture (spot_id, url, picture_id) values (NULL, 'java.io.StringReader@1084957b', 3611);
2022-10-10 13:48:04.824  INFO 3923 --- [    Test worker] p6spy                                    : #1665377284824 | took 0ms | statement | connection 28| url jdbc:h2:mem:6a3784ae-1aa6-4bbf-b617-4d4aeabcc2af
insert into spot (address, description, location, name, score_id, spot_id) values (?, ?, ?, ?, ?, ?)
insert into spot (address, description, location, name, score_id, spot_id) values (NULL, NULL, 'Andeok_myeon', NULL, 889, 957);
2022-10-10 13:48:04.824  INFO 3923 --- [    Test worker] p6spy                                    : #1665377284824 | took 0ms | statement | connection 28| url jdbc:h2:mem:6a3784ae-1aa6-4bbf-b617-4d4aeabcc2af
insert into member_spot (member_id, score, spot_id, member_spot_id) values (?, ?, ?, ?)
insert into member_spot (member_id, score, spot_id, member_spot_id) values (24, 0.0, 957, 3612);
2022-10-10 13:48:04.824  INFO 3923 --- [    Test worker] p6spy                                    : #1665377284824 | took 0ms | statement | connection 28| url jdbc:h2:mem:6a3784ae-1aa6-4bbf-b617-4d4aeabcc2af
insert into review (content, spot_id, review_id) values (?, ?, ?)
insert into review (content, spot_id, review_id) values ('java.io.StringReader@174cf211', 871, 891);
2022-10-10 13:48:04.824  INFO 3923 --- [    Test worker] p6spy                                    : #1665377284824 | took 0ms | statement | connection 28| url jdbc:h2:mem:6a3784ae-1aa6-4bbf-b617-4d4aeabcc2af
insert into favorite_spot (count, favorite_id, spot_id, favorite_spot_id) values (?, ?, ?, ?)
insert into favorite_spot (count, favorite_id, spot_id, favorite_spot_id) values (0, 44, 957, 622);
2022-10-10 13:48:04.824  INFO 3923 --- [    Test worker] p6spy                                    : #1665377284824 | took 0ms | statement | connection 28| url jdbc:h2:mem:6a3784ae-1aa6-4bbf-b617-4d4aeabcc2af
insert into score (facility_rank, facility_score, price_rank, price_score, rank_average, surround_rank, surround_score, view_rank, view_score, score_id) values (?, ?, ?, ?, ?, ?, ?, ?, ?, ?)
insert into score (facility_rank, facility_score, price_rank, price_score, rank_average, surround_rank, surround_score, view_rank, view_score, score_id) values (9.70228753462603, 2.8889504647693975, 4.713181414022236, 4.402627980657239, 8.602104354937342, 5.738398760162667, 0.7837780664188698, 2.235440111013105, 3.5903886717289613, 890);
2022-10-10 13:48:04.824  INFO 3923 --- [    Test worker] p6spy                                    : #1665377284824 | took 0ms | statement | connection 28| url jdbc:h2:mem:6a3784ae-1aa6-4bbf-b617-4d4aeabcc2af
insert into picture (spot_id, url, picture_id) values (?, ?, ?)
insert into picture (spot_id, url, picture_id) values (NULL, 'java.io.StringReader@719349f7', 3613);
2022-10-10 13:48:04.824  INFO 3923 --- [    Test worker] p6spy                                    : #1665377284824 | took 0ms | statement | connection 28| url jdbc:h2:mem:6a3784ae-1aa6-4bbf-b617-4d4aeabcc2af
insert into picture (spot_id, url, picture_id) values (?, ?, ?)
insert into picture (spot_id, url, picture_id) values (NULL, 'java.io.StringReader@6a7db71c', 3614);
2022-10-10 13:48:04.824  INFO 3923 --- [    Test worker] p6spy                                    : #1665377284824 | took 0ms | statement | connection 28| url jdbc:h2:mem:6a3784ae-1aa6-4bbf-b617-4d4aeabcc2af
insert into picture (spot_id, url, picture_id) values (?, ?, ?)
insert into picture (spot_id, url, picture_id) values (NULL, 'java.io.StringReader@3f2d804a', 3615);
2022-10-10 13:48:04.824  INFO 3923 --- [    Test worker] p6spy                                    : #1665377284824 | took 0ms | statement | connection 28| url jdbc:h2:mem:6a3784ae-1aa6-4bbf-b617-4d4aeabcc2af
insert into spot (address, description, location, name, score_id, spot_id) values (?, ?, ?, ?, ?, ?)
insert into spot (address, description, location, name, score_id, spot_id) values (NULL, NULL, 'Andeok_myeon', NULL, 890, 958);
2022-10-10 13:48:04.824  INFO 3923 --- [    Test worker] p6spy                                    : #1665377284824 | took 0ms | statement | connection 28| url jdbc:h2:mem:6a3784ae-1aa6-4bbf-b617-4d4aeabcc2af
insert into member_spot (member_id, score, spot_id, member_spot_id) values (?, ?, ?, ?)
insert into member_spot (member_id, score, spot_id, member_spot_id) values (24, 0.0, 958, 3616);
2022-10-10 13:48:04.824  INFO 3923 --- [    Test worker] p6spy                                    : #1665377284824 | took 0ms | statement | connection 28| url jdbc:h2:mem:6a3784ae-1aa6-4bbf-b617-4d4aeabcc2af
insert into review (content, spot_id, review_id) values (?, ?, ?)
insert into review (content, spot_id, review_id) values ('java.io.StringReader@5815e3ca', 871, 892);
2022-10-10 13:48:04.824  INFO 3923 --- [    Test worker] p6spy                                    : #1665377284824 | took 0ms | statement | connection 28| url jdbc:h2:mem:6a3784ae-1aa6-4bbf-b617-4d4aeabcc2af
insert into score (facility_rank, facility_score, price_rank, price_score, rank_average, surround_rank, surround_score, view_rank, view_score, score_id) values (?, ?, ?, ?, ?, ?, ?, ?, ?, ?)
insert into score (facility_rank, facility_score, price_rank, price_score, rank_average, surround_rank, surround_score, view_rank, view_score, score_id) values (6.332057367572363, 2.8295412068767045, 5.440637236335812, 7.983758742229772, 4.94181889102385, 3.1749311162001934, 8.023728370222743, 9.718450561731943, 1.3532412631142399, 891);
2022-10-10 13:48:04.824  INFO 3923 --- [    Test worker] p6spy                                    : #1665377284824 | took 0ms | statement | connection 28| url jdbc:h2:mem:6a3784ae-1aa6-4bbf-b617-4d4aeabcc2af
insert into picture (spot_id, url, picture_id) values (?, ?, ?)
insert into picture (spot_id, url, picture_id) values (NULL, 'java.io.StringReader@7b83802f', 3617);
2022-10-10 13:48:04.824  INFO 3923 --- [    Test worker] p6spy                                    : #1665377284824 | took 0ms | statement | connection 28| url jdbc:h2:mem:6a3784ae-1aa6-4bbf-b617-4d4aeabcc2af
insert into picture (spot_id, url, picture_id) values (?, ?, ?)
insert into picture (spot_id, url, picture_id) values (NULL, 'java.io.StringReader@343bc431', 3618);
2022-10-10 13:48:04.824  INFO 3923 --- [    Test worker] p6spy                                    : #1665377284824 | took 0ms | statement | connection 28| url jdbc:h2:mem:6a3784ae-1aa6-4bbf-b617-4d4aeabcc2af
insert into picture (spot_id, url, picture_id) values (?, ?, ?)
insert into picture (spot_id, url, picture_id) values (NULL, 'java.io.StringReader@580f4e4', 3619);
2022-10-10 13:48:04.824  INFO 3923 --- [    Test worker] p6spy                                    : #1665377284824 | took 0ms | statement | connection 28| url jdbc:h2:mem:6a3784ae-1aa6-4bbf-b617-4d4aeabcc2af
insert into spot (address, description, location, name, score_id, spot_id) values (?, ?, ?, ?, ?, ?)
insert into spot (address, description, location, name, score_id, spot_id) values (NULL, NULL, 'Andeok_myeon', NULL, 891, 959);
2022-10-10 13:48:04.824  INFO 3923 --- [    Test worker] p6spy                                    : #1665377284824 | took 0ms | statement | connection 28| url jdbc:h2:mem:6a3784ae-1aa6-4bbf-b617-4d4aeabcc2af
insert into member_spot (member_id, score, spot_id, member_spot_id) values (?, ?, ?, ?)
insert into member_spot (member_id, score, spot_id, member_spot_id) values (24, 0.0, 959, 3620);
2022-10-10 13:48:04.824  INFO 3923 --- [    Test worker] p6spy                                    : #1665377284824 | took 0ms | statement | connection 28| url jdbc:h2:mem:6a3784ae-1aa6-4bbf-b617-4d4aeabcc2af
insert into review (content, spot_id, review_id) values (?, ?, ?)
insert into review (content, spot_id, review_id) values ('java.io.StringReader@4a3aa84d', 871, 893);
2022-10-10 13:48:04.824  INFO 3923 --- [    Test worker] p6spy                                    : #1665377284824 | took 0ms | statement | connection 28| url jdbc:h2:mem:6a3784ae-1aa6-4bbf-b617-4d4aeabcc2af
insert into favorite_spot (count, favorite_id, spot_id, favorite_spot_id) values (?, ?, ?, ?)
insert into favorite_spot (count, favorite_id, spot_id, favorite_spot_id) values (0, 44, 959, 623);
2022-10-10 13:48:04.824  INFO 3923 --- [    Test worker] p6spy                                    : #1665377284824 | took 0ms | statement | connection 28| url jdbc:h2:mem:6a3784ae-1aa6-4bbf-b617-4d4aeabcc2af
insert into score (facility_rank, facility_score, price_rank, price_score, rank_average, surround_rank, surround_score, view_rank, view_score, score_id) values (?, ?, ?, ?, ?, ?, ?, ?, ?, ?)
insert into score (facility_rank, facility_score, price_rank, price_score, rank_average, surround_rank, surround_score, view_rank, view_score, score_id) values (9.942560983337192, 7.239839607439828, 4.963192789445571, 1.3337455417231114, 1.8785733203002564, 5.545330227609657, 5.10113934872043, 3.6640237559457423, 5.303194877125882, 892);
2022-10-10 13:48:04.824  INFO 3923 --- [    Test worker] p6spy                                    : #1665377284824 | took 0ms | statement | connection 28| url jdbc:h2:mem:6a3784ae-1aa6-4bbf-b617-4d4aeabcc2af
insert into picture (spot_id, url, picture_id) values (?, ?, ?)
insert into picture (spot_id, url, picture_id) values (NULL, 'java.io.StringReader@46cbfb5b', 3621);
2022-10-10 13:48:04.824  INFO 3923 --- [    Test worker] p6spy                                    : #1665377284824 | took 0ms | statement | connection 28| url jdbc:h2:mem:6a3784ae-1aa6-4bbf-b617-4d4aeabcc2af
insert into picture (spot_id, url, picture_id) values (?, ?, ?)
insert into picture (spot_id, url, picture_id) values (NULL, 'java.io.StringReader@64fa393a', 3622);
2022-10-10 13:48:04.824  INFO 3923 --- [    Test worker] p6spy                                    : #1665377284824 | took 0ms | statement | connection 28| url jdbc:h2:mem:6a3784ae-1aa6-4bbf-b617-4d4aeabcc2af
insert into picture (spot_id, url, picture_id) values (?, ?, ?)
insert into picture (spot_id, url, picture_id) values (NULL, 'java.io.StringReader@17116a39', 3623);
2022-10-10 13:48:04.824  INFO 3923 --- [    Test worker] p6spy                                    : #1665377284824 | took 0ms | statement | connection 28| url jdbc:h2:mem:6a3784ae-1aa6-4bbf-b617-4d4aeabcc2af
insert into spot (address, description, location, name, score_id, spot_id) values (?, ?, ?, ?, ?, ?)
insert into spot (address, description, location, name, score_id, spot_id) values (NULL, NULL, 'Andeok_myeon', NULL, 892, 960);
2022-10-10 13:48:04.824  INFO 3923 --- [    Test worker] p6spy                                    : #1665377284824 | took 0ms | statement | connection 28| url jdbc:h2:mem:6a3784ae-1aa6-4bbf-b617-4d4aeabcc2af
insert into member_spot (member_id, score, spot_id, member_spot_id) values (?, ?, ?, ?)
insert into member_spot (member_id, score, spot_id, member_spot_id) values (24, 0.0, 960, 3624);
2022-10-10 13:48:04.824  INFO 3923 --- [    Test worker] p6spy                                    : #1665377284824 | took 0ms | statement | connection 28| url jdbc:h2:mem:6a3784ae-1aa6-4bbf-b617-4d4aeabcc2af
insert into review (content, spot_id, review_id) values (?, ?, ?)
insert into review (content, spot_id, review_id) values ('java.io.StringReader@2d930510', 871, 894);
2022-10-10 13:48:04.824  INFO 3923 --- [    Test worker] p6spy                                    : #1665377284824 | took 0ms | statement | connection 28| url jdbc:h2:mem:6a3784ae-1aa6-4bbf-b617-4d4aeabcc2af
insert into score (facility_rank, facility_score, price_rank, price_score, rank_average, surround_rank, surround_score, view_rank, view_score, score_id) values (?, ?, ?, ?, ?, ?, ?, ?, ?, ?)
insert into score (facility_rank, facility_score, price_rank, price_score, rank_average, surround_rank, surround_score, view_rank, view_score, score_id) values (7.224025452734812, 7.548072374656442, 4.647719761270351, 5.467112372777639, 8.45258070931816, 3.672734251901865, 3.9426683321849842, 6.708016760587411, 6.86803853873463, 893);
2022-10-10 13:48:04.824  INFO 3923 --- [    Test worker] p6spy                                    : #1665377284824 | took 0ms | statement | connection 28| url jdbc:h2:mem:6a3784ae-1aa6-4bbf-b617-4d4aeabcc2af
insert into picture (spot_id, url, picture_id) values (?, ?, ?)
insert into picture (spot_id, url, picture_id) values (NULL, 'java.io.StringReader@4dd28c74', 3625);
2022-10-10 13:48:04.824  INFO 3923 --- [    Test worker] p6spy                                    : #1665377284824 | took 0ms | statement | connection 28| url jdbc:h2:mem:6a3784ae-1aa6-4bbf-b617-4d4aeabcc2af
insert into picture (spot_id, url, picture_id) values (?, ?, ?)
insert into picture (spot_id, url, picture_id) values (NULL, 'java.io.StringReader@467bb79f', 3626);
2022-10-10 13:48:04.824  INFO 3923 --- [    Test worker] p6spy                                    : #1665377284824 | took 0ms | statement | connection 28| url jdbc:h2:mem:6a3784ae-1aa6-4bbf-b617-4d4aeabcc2af
insert into picture (spot_id, url, picture_id) values (?, ?, ?)
insert into picture (spot_id, url, picture_id) values (NULL, 'java.io.StringReader@4e2cb968', 3627);
2022-10-10 13:48:04.824  INFO 3923 --- [    Test worker] p6spy                                    : #1665377284824 | took 0ms | statement | connection 28| url jdbc:h2:mem:6a3784ae-1aa6-4bbf-b617-4d4aeabcc2af
insert into spot (address, description, location, name, score_id, spot_id) values (?, ?, ?, ?, ?, ?)
insert into spot (address, description, location, name, score_id, spot_id) values (NULL, NULL, 'Andeok_myeon', NULL, 893, 961);
2022-10-10 13:48:04.824  INFO 3923 --- [    Test worker] p6spy                                    : #1665377284824 | took 0ms | statement | connection 28| url jdbc:h2:mem:6a3784ae-1aa6-4bbf-b617-4d4aeabcc2af
insert into member_spot (member_id, score, spot_id, member_spot_id) values (?, ?, ?, ?)
insert into member_spot (member_id, score, spot_id, member_spot_id) values (24, 0.0, 961, 3628);
2022-10-10 13:48:04.824  INFO 3923 --- [    Test worker] p6spy                                    : #1665377284824 | took 0ms | statement | connection 28| url jdbc:h2:mem:6a3784ae-1aa6-4bbf-b617-4d4aeabcc2af
insert into review (content, spot_id, review_id) values (?, ?, ?)
insert into review (content, spot_id, review_id) values ('java.io.StringReader@32871f72', 871, 895);
2022-10-10 13:48:04.824  INFO 3923 --- [    Test worker] p6spy                                    : #1665377284824 | took 0ms | statement | connection 28| url jdbc:h2:mem:6a3784ae-1aa6-4bbf-b617-4d4aeabcc2af
insert into favorite_spot (count, favorite_id, spot_id, favorite_spot_id) values (?, ?, ?, ?)
insert into favorite_spot (count, favorite_id, spot_id, favorite_spot_id) values (0, 44, 961, 624);
2022-10-10 13:48:04.824  INFO 3923 --- [    Test worker] p6spy                                    : #1665377284824 | took 0ms | statement | connection 28| url jdbc:h2:mem:6a3784ae-1aa6-4bbf-b617-4d4aeabcc2af
insert into score (facility_rank, facility_score, price_rank, price_score, rank_average, surround_rank, surround_score, view_rank, view_score, score_id) values (?, ?, ?, ?, ?, ?, ?, ?, ?, ?)
insert into score (facility_rank, facility_score, price_rank, price_score, rank_average, surround_rank, surround_score, view_rank, view_score, score_id) values (3.6450549494081153, 7.578744246788439, 7.997675515536917, 4.440332131501878, 2.3066403528125856, 7.2894705996207545, 0.21039461828253558, 8.563203181689858, 7.323677509967238, 894);
2022-10-10 13:48:04.824  INFO 3923 --- [    Test worker] p6spy                                    : #1665377284824 | took 0ms | statement | connection 28| url jdbc:h2:mem:6a3784ae-1aa6-4bbf-b617-4d4aeabcc2af
insert into picture (spot_id, url, picture_id) values (?, ?, ?)
insert into picture (spot_id, url, picture_id) values (NULL, 'java.io.StringReader@5b266c00', 3629);
2022-10-10 13:48:04.824  INFO 3923 --- [    Test worker] p6spy                                    : #1665377284824 | took 0ms | statement | connection 28| url jdbc:h2:mem:6a3784ae-1aa6-4bbf-b617-4d4aeabcc2af
insert into picture (spot_id, url, picture_id) values (?, ?, ?)
insert into picture (spot_id, url, picture_id) values (NULL, 'java.io.StringReader@28d57244', 3630);
2022-10-10 13:48:04.824  INFO 3923 --- [    Test worker] p6spy                                    : #1665377284824 | took 0ms | statement | connection 28| url jdbc:h2:mem:6a3784ae-1aa6-4bbf-b617-4d4aeabcc2af
insert into picture (spot_id, url, picture_id) values (?, ?, ?)
insert into picture (spot_id, url, picture_id) values (NULL, 'java.io.StringReader@79f9b21c', 3631);
2022-10-10 13:48:04.824  INFO 3923 --- [    Test worker] p6spy                                    : #1665377284824 | took 0ms | statement | connection 28| url jdbc:h2:mem:6a3784ae-1aa6-4bbf-b617-4d4aeabcc2af
insert into spot (address, description, location, name, score_id, spot_id) values (?, ?, ?, ?, ?, ?)
insert into spot (address, description, location, name, score_id, spot_id) values (NULL, NULL, 'Andeok_myeon', NULL, 894, 962);
2022-10-10 13:48:04.824  INFO 3923 --- [    Test worker] p6spy                                    : #1665377284824 | took 0ms | statement | connection 28| url jdbc:h2:mem:6a3784ae-1aa6-4bbf-b617-4d4aeabcc2af
insert into member_spot (member_id, score, spot_id, member_spot_id) values (?, ?, ?, ?)
insert into member_spot (member_id, score, spot_id, member_spot_id) values (24, 0.0, 962, 3632);
2022-10-10 13:48:04.824  INFO 3923 --- [    Test worker] p6spy                                    : #1665377284824 | took 0ms | statement | connection 28| url jdbc:h2:mem:6a3784ae-1aa6-4bbf-b617-4d4aeabcc2af
insert into review (content, spot_id, review_id) values (?, ?, ?)
insert into review (content, spot_id, review_id) values ('java.io.StringReader@76d4a32', 871, 896);
2022-10-10 13:48:04.825  INFO 3923 --- [    Test worker] p6spy                                    : #1665377284825 | took 0ms | statement | connection 28| url jdbc:h2:mem:6a3784ae-1aa6-4bbf-b617-4d4aeabcc2af
insert into score (facility_rank, facility_score, price_rank, price_score, rank_average, surround_rank, surround_score, view_rank, view_score, score_id) values (?, ?, ?, ?, ?, ?, ?, ?, ?, ?)
insert into score (facility_rank, facility_score, price_rank, price_score, rank_average, surround_rank, surround_score, view_rank, view_score, score_id) values (9.348630352770696, 2.19294025134566, 8.505198466191498, 5.5062917346938764, 3.1333684321992736, 3.282660178872682, 7.1211578064178465, 7.538413475118746, 8.466875536784151, 895);
2022-10-10 13:48:04.825  INFO 3923 --- [    Test worker] p6spy                                    : #1665377284825 | took 0ms | statement | connection 28| url jdbc:h2:mem:6a3784ae-1aa6-4bbf-b617-4d4aeabcc2af
insert into picture (spot_id, url, picture_id) values (?, ?, ?)
insert into picture (spot_id, url, picture_id) values (NULL, 'java.io.StringReader@52d82c1', 3633);
2022-10-10 13:48:04.825  INFO 3923 --- [    Test worker] p6spy                                    : #1665377284825 | took 0ms | statement | connection 28| url jdbc:h2:mem:6a3784ae-1aa6-4bbf-b617-4d4aeabcc2af
insert into picture (spot_id, url, picture_id) values (?, ?, ?)
insert into picture (spot_id, url, picture_id) values (NULL, 'java.io.StringReader@fa141e7', 3634);
2022-10-10 13:48:04.825  INFO 3923 --- [    Test worker] p6spy                                    : #1665377284825 | took 0ms | statement | connection 28| url jdbc:h2:mem:6a3784ae-1aa6-4bbf-b617-4d4aeabcc2af
insert into picture (spot_id, url, picture_id) values (?, ?, ?)
insert into picture (spot_id, url, picture_id) values (NULL, 'java.io.StringReader@46b80ac0', 3635);
2022-10-10 13:48:04.825  INFO 3923 --- [    Test worker] p6spy                                    : #1665377284825 | took 0ms | statement | connection 28| url jdbc:h2:mem:6a3784ae-1aa6-4bbf-b617-4d4aeabcc2af
insert into spot (address, description, location, name, score_id, spot_id) values (?, ?, ?, ?, ?, ?)
insert into spot (address, description, location, name, score_id, spot_id) values (NULL, NULL, 'Andeok_myeon', NULL, 895, 963);
2022-10-10 13:48:04.825  INFO 3923 --- [    Test worker] p6spy                                    : #1665377284825 | took 0ms | statement | connection 28| url jdbc:h2:mem:6a3784ae-1aa6-4bbf-b617-4d4aeabcc2af
insert into member_spot (member_id, score, spot_id, member_spot_id) values (?, ?, ?, ?)
insert into member_spot (member_id, score, spot_id, member_spot_id) values (24, 0.0, 963, 3636);
2022-10-10 13:48:04.825  INFO 3923 --- [    Test worker] p6spy                                    : #1665377284825 | took 0ms | statement | connection 28| url jdbc:h2:mem:6a3784ae-1aa6-4bbf-b617-4d4aeabcc2af
insert into review (content, spot_id, review_id) values (?, ?, ?)
insert into review (content, spot_id, review_id) values ('java.io.StringReader@7c704214', 871, 897);
2022-10-10 13:48:04.825  INFO 3923 --- [    Test worker] p6spy                                    : #1665377284825 | took 0ms | statement | connection 28| url jdbc:h2:mem:6a3784ae-1aa6-4bbf-b617-4d4aeabcc2af
insert into favorite_spot (count, favorite_id, spot_id, favorite_spot_id) values (?, ?, ?, ?)
insert into favorite_spot (count, favorite_id, spot_id, favorite_spot_id) values (0, 44, 963, 625);
2022-10-10 13:48:04.825  INFO 3923 --- [    Test worker] p6spy                                    : #1665377284825 | took 0ms | statement | connection 28| url jdbc:h2:mem:6a3784ae-1aa6-4bbf-b617-4d4aeabcc2af
insert into score (facility_rank, facility_score, price_rank, price_score, rank_average, surround_rank, surround_score, view_rank, view_score, score_id) values (?, ?, ?, ?, ?, ?, ?, ?, ?, ?)
insert into score (facility_rank, facility_score, price_rank, price_score, rank_average, surround_rank, surround_score, view_rank, view_score, score_id) values (0.16511307571124956, 7.090363659229042, 1.712504989975412, 4.627481507899133, 7.863388377040579, 1.4780028674823587, 2.658981621584917, 3.7694007420526265, 4.9919161984926905, 896);
2022-10-10 13:48:04.825  INFO 3923 --- [    Test worker] p6spy                                    : #1665377284825 | took 0ms | statement | connection 28| url jdbc:h2:mem:6a3784ae-1aa6-4bbf-b617-4d4aeabcc2af
insert into picture (spot_id, url, picture_id) values (?, ?, ?)
insert into picture (spot_id, url, picture_id) values (NULL, 'java.io.StringReader@1bad1731', 3637);
2022-10-10 13:48:04.825  INFO 3923 --- [    Test worker] p6spy                                    : #1665377284825 | took 0ms | statement | connection 28| url jdbc:h2:mem:6a3784ae-1aa6-4bbf-b617-4d4aeabcc2af
insert into picture (spot_id, url, picture_id) values (?, ?, ?)
insert into picture (spot_id, url, picture_id) values (NULL, 'java.io.StringReader@7fb5b2cc', 3638);
2022-10-10 13:48:04.825  INFO 3923 --- [    Test worker] p6spy                                    : #1665377284825 | took 0ms | statement | connection 28| url jdbc:h2:mem:6a3784ae-1aa6-4bbf-b617-4d4aeabcc2af
insert into picture (spot_id, url, picture_id) values (?, ?, ?)
insert into picture (spot_id, url, picture_id) values (NULL, 'java.io.StringReader@2f9ae8fe', 3639);
2022-10-10 13:48:04.825  INFO 3923 --- [    Test worker] p6spy                                    : #1665377284825 | took 0ms | statement | connection 28| url jdbc:h2:mem:6a3784ae-1aa6-4bbf-b617-4d4aeabcc2af
insert into spot (address, description, location, name, score_id, spot_id) values (?, ?, ?, ?, ?, ?)
insert into spot (address, description, location, name, score_id, spot_id) values (NULL, NULL, 'Andeok_myeon', NULL, 896, 964);
2022-10-10 13:48:04.825  INFO 3923 --- [    Test worker] p6spy                                    : #1665377284825 | took 0ms | statement | connection 28| url jdbc:h2:mem:6a3784ae-1aa6-4bbf-b617-4d4aeabcc2af
insert into member_spot (member_id, score, spot_id, member_spot_id) values (?, ?, ?, ?)
insert into member_spot (member_id, score, spot_id, member_spot_id) values (24, 0.0, 964, 3640);
2022-10-10 13:48:04.825  INFO 3923 --- [    Test worker] p6spy                                    : #1665377284825 | took 0ms | statement | connection 28| url jdbc:h2:mem:6a3784ae-1aa6-4bbf-b617-4d4aeabcc2af
insert into review (content, spot_id, review_id) values (?, ?, ?)
insert into review (content, spot_id, review_id) values ('java.io.StringReader@7651bbe7', 871, 898);
2022-10-10 13:48:04.825  INFO 3923 --- [    Test worker] p6spy                                    : #1665377284825 | took 0ms | statement | connection 28| url jdbc:h2:mem:6a3784ae-1aa6-4bbf-b617-4d4aeabcc2af
insert into score (facility_rank, facility_score, price_rank, price_score, rank_average, surround_rank, surround_score, view_rank, view_score, score_id) values (?, ?, ?, ?, ?, ?, ?, ?, ?, ?)
insert into score (facility_rank, facility_score, price_rank, price_score, rank_average, surround_rank, surround_score, view_rank, view_score, score_id) values (7.303167375599518, 1.6067746969440333, 1.5140308445881567, 4.194988538991657, 1.3125418697398283, 1.2599905363368236, 8.73608737806457, 5.453845441565638, 7.7013889982445445, 897);
2022-10-10 13:48:04.825  INFO 3923 --- [    Test worker] p6spy                                    : #1665377284825 | took 0ms | statement | connection 28| url jdbc:h2:mem:6a3784ae-1aa6-4bbf-b617-4d4aeabcc2af
insert into picture (spot_id, url, picture_id) values (?, ?, ?)
insert into picture (spot_id, url, picture_id) values (NULL, 'java.io.StringReader@23803141', 3641);
2022-10-10 13:48:04.825  INFO 3923 --- [    Test worker] p6spy                                    : #1665377284825 | took 0ms | statement | connection 28| url jdbc:h2:mem:6a3784ae-1aa6-4bbf-b617-4d4aeabcc2af
insert into picture (spot_id, url, picture_id) values (?, ?, ?)
insert into picture (spot_id, url, picture_id) values (NULL, 'java.io.StringReader@581cb35e', 3642);
2022-10-10 13:48:04.825  INFO 3923 --- [    Test worker] p6spy                                    : #1665377284825 | took 0ms | statement | connection 28| url jdbc:h2:mem:6a3784ae-1aa6-4bbf-b617-4d4aeabcc2af
insert into picture (spot_id, url, picture_id) values (?, ?, ?)
insert into picture (spot_id, url, picture_id) values (NULL, 'java.io.StringReader@6f0d645e', 3643);
2022-10-10 13:48:04.825  INFO 3923 --- [    Test worker] p6spy                                    : #1665377284825 | took 0ms | statement | connection 28| url jdbc:h2:mem:6a3784ae-1aa6-4bbf-b617-4d4aeabcc2af
insert into spot (address, description, location, name, score_id, spot_id) values (?, ?, ?, ?, ?, ?)
insert into spot (address, description, location, name, score_id, spot_id) values (NULL, NULL, 'Andeok_myeon', NULL, 897, 965);
2022-10-10 13:48:04.825  INFO 3923 --- [    Test worker] p6spy                                    : #1665377284825 | took 0ms | statement | connection 28| url jdbc:h2:mem:6a3784ae-1aa6-4bbf-b617-4d4aeabcc2af
insert into member_spot (member_id, score, spot_id, member_spot_id) values (?, ?, ?, ?)
insert into member_spot (member_id, score, spot_id, member_spot_id) values (24, 0.0, 965, 3644);
2022-10-10 13:48:04.825  INFO 3923 --- [    Test worker] p6spy                                    : #1665377284825 | took 0ms | statement | connection 28| url jdbc:h2:mem:6a3784ae-1aa6-4bbf-b617-4d4aeabcc2af
insert into review (content, spot_id, review_id) values (?, ?, ?)
insert into review (content, spot_id, review_id) values ('java.io.StringReader@6d99dbc1', 871, 899);
2022-10-10 13:48:04.825  INFO 3923 --- [    Test worker] p6spy                                    : #1665377284825 | took 0ms | statement | connection 28| url jdbc:h2:mem:6a3784ae-1aa6-4bbf-b617-4d4aeabcc2af
insert into favorite_spot (count, favorite_id, spot_id, favorite_spot_id) values (?, ?, ?, ?)
insert into favorite_spot (count, favorite_id, spot_id, favorite_spot_id) values (0, 44, 965, 626);
2022-10-10 13:48:04.825  INFO 3923 --- [    Test worker] p6spy                                    : #1665377284825 | took 0ms | statement | connection 28| url jdbc:h2:mem:6a3784ae-1aa6-4bbf-b617-4d4aeabcc2af
insert into score (facility_rank, facility_score, price_rank, price_score, rank_average, surround_rank, surround_score, view_rank, view_score, score_id) values (?, ?, ?, ?, ?, ?, ?, ?, ?, ?)
insert into score (facility_rank, facility_score, price_rank, price_score, rank_average, surround_rank, surround_score, view_rank, view_score, score_id) values (2.369783600975043, 9.776973254305746, 6.83739146075264, 7.677435872113639, 8.556477030649567, 6.744044700099398, 1.6517291824131708, 8.610895768032055, 2.669574589647393, 898);
2022-10-10 13:48:04.825  INFO 3923 --- [    Test worker] p6spy                                    : #1665377284825 | took 0ms | statement | connection 28| url jdbc:h2:mem:6a3784ae-1aa6-4bbf-b617-4d4aeabcc2af
insert into picture (spot_id, url, picture_id) values (?, ?, ?)
insert into picture (spot_id, url, picture_id) values (NULL, 'java.io.StringReader@11245872', 3645);
2022-10-10 13:48:04.825  INFO 3923 --- [    Test worker] p6spy                                    : #1665377284825 | took 0ms | statement | connection 28| url jdbc:h2:mem:6a3784ae-1aa6-4bbf-b617-4d4aeabcc2af
insert into picture (spot_id, url, picture_id) values (?, ?, ?)
insert into picture (spot_id, url, picture_id) values (NULL, 'java.io.StringReader@1cdfb361', 3646);
2022-10-10 13:48:04.825  INFO 3923 --- [    Test worker] p6spy                                    : #1665377284825 | took 0ms | statement | connection 28| url jdbc:h2:mem:6a3784ae-1aa6-4bbf-b617-4d4aeabcc2af
insert into picture (spot_id, url, picture_id) values (?, ?, ?)
insert into picture (spot_id, url, picture_id) values (NULL, 'java.io.StringReader@6a8e9306', 3647);
2022-10-10 13:48:04.825  INFO 3923 --- [    Test worker] p6spy                                    : #1665377284825 | took 0ms | statement | connection 28| url jdbc:h2:mem:6a3784ae-1aa6-4bbf-b617-4d4aeabcc2af
insert into spot (address, description, location, name, score_id, spot_id) values (?, ?, ?, ?, ?, ?)
insert into spot (address, description, location, name, score_id, spot_id) values (NULL, NULL, 'Andeok_myeon', NULL, 898, 966);
2022-10-10 13:48:04.825  INFO 3923 --- [    Test worker] p6spy                                    : #1665377284825 | took 0ms | statement | connection 28| url jdbc:h2:mem:6a3784ae-1aa6-4bbf-b617-4d4aeabcc2af
insert into member_spot (member_id, score, spot_id, member_spot_id) values (?, ?, ?, ?)
insert into member_spot (member_id, score, spot_id, member_spot_id) values (24, 0.0, 966, 3648);
2022-10-10 13:48:04.825  INFO 3923 --- [    Test worker] p6spy                                    : #1665377284825 | took 0ms | statement | connection 28| url jdbc:h2:mem:6a3784ae-1aa6-4bbf-b617-4d4aeabcc2af
insert into review (content, spot_id, review_id) values (?, ?, ?)
insert into review (content, spot_id, review_id) values ('java.io.StringReader@4f5ae662', 871, 900);
2022-10-10 13:48:04.825  INFO 3923 --- [    Test worker] p6spy                                    : #1665377284825 | took 0ms | statement | connection 28| url jdbc:h2:mem:6a3784ae-1aa6-4bbf-b617-4d4aeabcc2af
insert into score (facility_rank, facility_score, price_rank, price_score, rank_average, surround_rank, surround_score, view_rank, view_score, score_id) values (?, ?, ?, ?, ?, ?, ?, ?, ?, ?)
insert into score (facility_rank, facility_score, price_rank, price_score, rank_average, surround_rank, surround_score, view_rank, view_score, score_id) values (9.006878029971695, 0.8940100769424564, 3.594286952357326, 9.38468064127886, 8.099450991530121, 6.281571239294786, 9.531247870311288, 5.835697643289521, 8.629797303732829, 899);
2022-10-10 13:48:04.825  INFO 3923 --- [    Test worker] p6spy                                    : #1665377284825 | took 0ms | statement | connection 28| url jdbc:h2:mem:6a3784ae-1aa6-4bbf-b617-4d4aeabcc2af
insert into picture (spot_id, url, picture_id) values (?, ?, ?)
insert into picture (spot_id, url, picture_id) values (NULL, 'java.io.StringReader@ab2019', 3649);
2022-10-10 13:48:04.825  INFO 3923 --- [    Test worker] p6spy                                    : #1665377284825 | took 0ms | statement | connection 28| url jdbc:h2:mem:6a3784ae-1aa6-4bbf-b617-4d4aeabcc2af
insert into picture (spot_id, url, picture_id) values (?, ?, ?)
insert into picture (spot_id, url, picture_id) values (NULL, 'java.io.StringReader@2149c683', 3650);
2022-10-10 13:48:04.825  INFO 3923 --- [    Test worker] p6spy                                    : #1665377284825 | took 0ms | statement | connection 28| url jdbc:h2:mem:6a3784ae-1aa6-4bbf-b617-4d4aeabcc2af
insert into picture (spot_id, url, picture_id) values (?, ?, ?)
insert into picture (spot_id, url, picture_id) values (NULL, 'java.io.StringReader@4fa904b4', 3651);
2022-10-10 13:48:04.825  INFO 3923 --- [    Test worker] p6spy                                    : #1665377284825 | took 0ms | statement | connection 28| url jdbc:h2:mem:6a3784ae-1aa6-4bbf-b617-4d4aeabcc2af
insert into spot (address, description, location, name, score_id, spot_id) values (?, ?, ?, ?, ?, ?)
insert into spot (address, description, location, name, score_id, spot_id) values (NULL, NULL, 'Andeok_myeon', NULL, 899, 967);
2022-10-10 13:48:04.825  INFO 3923 --- [    Test worker] p6spy                                    : #1665377284825 | took 0ms | statement | connection 28| url jdbc:h2:mem:6a3784ae-1aa6-4bbf-b617-4d4aeabcc2af
insert into member_spot (member_id, score, spot_id, member_spot_id) values (?, ?, ?, ?)
insert into member_spot (member_id, score, spot_id, member_spot_id) values (24, 0.0, 967, 3652);
2022-10-10 13:48:04.825  INFO 3923 --- [    Test worker] p6spy                                    : #1665377284825 | took 0ms | statement | connection 28| url jdbc:h2:mem:6a3784ae-1aa6-4bbf-b617-4d4aeabcc2af
insert into review (content, spot_id, review_id) values (?, ?, ?)
insert into review (content, spot_id, review_id) values ('java.io.StringReader@68aeae76', 871, 901);
2022-10-10 13:48:04.825  INFO 3923 --- [    Test worker] p6spy                                    : #1665377284825 | took 0ms | statement | connection 28| url jdbc:h2:mem:6a3784ae-1aa6-4bbf-b617-4d4aeabcc2af
insert into favorite_spot (count, favorite_id, spot_id, favorite_spot_id) values (?, ?, ?, ?)
insert into favorite_spot (count, favorite_id, spot_id, favorite_spot_id) values (0, 44, 967, 627);
2022-10-10 13:48:04.825  INFO 3923 --- [    Test worker] p6spy                                    : #1665377284825 | took 0ms | statement | connection 28| url jdbc:h2:mem:6a3784ae-1aa6-4bbf-b617-4d4aeabcc2af
insert into score (facility_rank, facility_score, price_rank, price_score, rank_average, surround_rank, surround_score, view_rank, view_score, score_id) values (?, ?, ?, ?, ?, ?, ?, ?, ?, ?)
insert into score (facility_rank, facility_score, price_rank, price_score, rank_average, surround_rank, surround_score, view_rank, view_score, score_id) values (3.4806319312458687, 6.624254200564195, 1.7924525219805287, 5.778319476076897, 2.536881871659925, 1.2851348051791944, 7.01386503163623, 7.635239925320874, 4.297012042107924, 900);
2022-10-10 13:48:04.825  INFO 3923 --- [    Test worker] p6spy                                    : #1665377284825 | took 0ms | statement | connection 28| url jdbc:h2:mem:6a3784ae-1aa6-4bbf-b617-4d4aeabcc2af
insert into picture (spot_id, url, picture_id) values (?, ?, ?)
insert into picture (spot_id, url, picture_id) values (NULL, 'java.io.StringReader@352280f4', 3653);
2022-10-10 13:48:04.825  INFO 3923 --- [    Test worker] p6spy                                    : #1665377284825 | took 0ms | statement | connection 28| url jdbc:h2:mem:6a3784ae-1aa6-4bbf-b617-4d4aeabcc2af
insert into picture (spot_id, url, picture_id) values (?, ?, ?)
insert into picture (spot_id, url, picture_id) values (NULL, 'java.io.StringReader@287c8757', 3654);
2022-10-10 13:48:04.825  INFO 3923 --- [    Test worker] p6spy                                    : #1665377284825 | took 0ms | statement | connection 28| url jdbc:h2:mem:6a3784ae-1aa6-4bbf-b617-4d4aeabcc2af
insert into picture (spot_id, url, picture_id) values (?, ?, ?)
insert into picture (spot_id, url, picture_id) values (NULL, 'java.io.StringReader@60f07d49', 3655);
2022-10-10 13:48:04.825  INFO 3923 --- [    Test worker] p6spy                                    : #1665377284825 | took 0ms | statement | connection 28| url jdbc:h2:mem:6a3784ae-1aa6-4bbf-b617-4d4aeabcc2af
insert into spot (address, description, location, name, score_id, spot_id) values (?, ?, ?, ?, ?, ?)
insert into spot (address, description, location, name, score_id, spot_id) values (NULL, NULL, 'Andeok_myeon', NULL, 900, 968);
2022-10-10 13:48:04.825  INFO 3923 --- [    Test worker] p6spy                                    : #1665377284825 | took 0ms | statement | connection 28| url jdbc:h2:mem:6a3784ae-1aa6-4bbf-b617-4d4aeabcc2af
insert into member_spot (member_id, score, spot_id, member_spot_id) values (?, ?, ?, ?)
insert into member_spot (member_id, score, spot_id, member_spot_id) values (24, 0.0, 968, 3656);
2022-10-10 13:48:04.825  INFO 3923 --- [    Test worker] p6spy                                    : #1665377284825 | took 0ms | statement | connection 28| url jdbc:h2:mem:6a3784ae-1aa6-4bbf-b617-4d4aeabcc2af
insert into review (content, spot_id, review_id) values (?, ?, ?)
insert into review (content, spot_id, review_id) values ('java.io.StringReader@5d9400f', 871, 902);
2022-10-10 13:48:04.826  INFO 3923 --- [    Test worker] p6spy                                    : #1665377284826 | took 0ms | statement | connection 28| url jdbc:h2:mem:6a3784ae-1aa6-4bbf-b617-4d4aeabcc2af
insert into score (facility_rank, facility_score, price_rank, price_score, rank_average, surround_rank, surround_score, view_rank, view_score, score_id) values (?, ?, ?, ?, ?, ?, ?, ?, ?, ?)
insert into score (facility_rank, facility_score, price_rank, price_score, rank_average, surround_rank, surround_score, view_rank, view_score, score_id) values (9.871753163427734, 9.58069999331458, 8.665584507296169, 2.415988406558107, 7.384437076502774, 5.490986186062978, 6.242842807430689, 4.225292399603614, 5.521147400942866, 901);
2022-10-10 13:48:04.826  INFO 3923 --- [    Test worker] p6spy                                    : #1665377284826 | took 0ms | statement | connection 28| url jdbc:h2:mem:6a3784ae-1aa6-4bbf-b617-4d4aeabcc2af
insert into picture (spot_id, url, picture_id) values (?, ?, ?)
insert into picture (spot_id, url, picture_id) values (NULL, 'java.io.StringReader@1ac94794', 3657);
2022-10-10 13:48:04.826  INFO 3923 --- [    Test worker] p6spy                                    : #1665377284826 | took 0ms | statement | connection 28| url jdbc:h2:mem:6a3784ae-1aa6-4bbf-b617-4d4aeabcc2af
insert into picture (spot_id, url, picture_id) values (?, ?, ?)
insert into picture (spot_id, url, picture_id) values (NULL, 'java.io.StringReader@29f43fd8', 3658);
2022-10-10 13:48:04.826  INFO 3923 --- [    Test worker] p6spy                                    : #1665377284826 | took 0ms | statement | connection 28| url jdbc:h2:mem:6a3784ae-1aa6-4bbf-b617-4d4aeabcc2af
insert into picture (spot_id, url, picture_id) values (?, ?, ?)
insert into picture (spot_id, url, picture_id) values (NULL, 'java.io.StringReader@74040d6e', 3659);
2022-10-10 13:48:04.826  INFO 3923 --- [    Test worker] p6spy                                    : #1665377284826 | took 0ms | statement | connection 28| url jdbc:h2:mem:6a3784ae-1aa6-4bbf-b617-4d4aeabcc2af
insert into spot (address, description, location, name, score_id, spot_id) values (?, ?, ?, ?, ?, ?)
insert into spot (address, description, location, name, score_id, spot_id) values (NULL, NULL, 'Andeok_myeon', NULL, 901, 969);
2022-10-10 13:48:04.826  INFO 3923 --- [    Test worker] p6spy                                    : #1665377284826 | took 0ms | statement | connection 28| url jdbc:h2:mem:6a3784ae-1aa6-4bbf-b617-4d4aeabcc2af
insert into member_spot (member_id, score, spot_id, member_spot_id) values (?, ?, ?, ?)
insert into member_spot (member_id, score, spot_id, member_spot_id) values (24, 0.0, 969, 3660);
2022-10-10 13:48:04.826  INFO 3923 --- [    Test worker] p6spy                                    : #1665377284826 | took 0ms | statement | connection 28| url jdbc:h2:mem:6a3784ae-1aa6-4bbf-b617-4d4aeabcc2af
insert into review (content, spot_id, review_id) values (?, ?, ?)
insert into review (content, spot_id, review_id) values ('java.io.StringReader@647e970a', 871, 903);
2022-10-10 13:48:04.826  INFO 3923 --- [    Test worker] p6spy                                    : #1665377284826 | took 0ms | statement | connection 28| url jdbc:h2:mem:6a3784ae-1aa6-4bbf-b617-4d4aeabcc2af
insert into favorite_spot (count, favorite_id, spot_id, favorite_spot_id) values (?, ?, ?, ?)
insert into favorite_spot (count, favorite_id, spot_id, favorite_spot_id) values (0, 44, 969, 628);
2022-10-10 13:48:04.826  INFO 3923 --- [    Test worker] p6spy                                    : #1665377284826 | took 0ms | statement | connection 28| url jdbc:h2:mem:6a3784ae-1aa6-4bbf-b617-4d4aeabcc2af
insert into score (facility_rank, facility_score, price_rank, price_score, rank_average, surround_rank, surround_score, view_rank, view_score, score_id) values (?, ?, ?, ?, ?, ?, ?, ?, ?, ?)
insert into score (facility_rank, facility_score, price_rank, price_score, rank_average, surround_rank, surround_score, view_rank, view_score, score_id) values (1.1802529835081765, 7.67032299498259, 7.011058878027646, 1.7654163677562795, 7.413406338943015, 7.170100597701205, 1.4615211933774275, 1.276884991713012, 9.121496145230982, 902);
2022-10-10 13:48:04.826  INFO 3923 --- [    Test worker] p6spy                                    : #1665377284826 | took 0ms | statement | connection 28| url jdbc:h2:mem:6a3784ae-1aa6-4bbf-b617-4d4aeabcc2af
insert into picture (spot_id, url, picture_id) values (?, ?, ?)
insert into picture (spot_id, url, picture_id) values (NULL, 'java.io.StringReader@6f226802', 3661);
2022-10-10 13:48:04.826  INFO 3923 --- [    Test worker] p6spy                                    : #1665377284826 | took 0ms | statement | connection 28| url jdbc:h2:mem:6a3784ae-1aa6-4bbf-b617-4d4aeabcc2af
insert into picture (spot_id, url, picture_id) values (?, ?, ?)
insert into picture (spot_id, url, picture_id) values (NULL, 'java.io.StringReader@266ac757', 3662);
2022-10-10 13:48:04.826  INFO 3923 --- [    Test worker] p6spy                                    : #1665377284826 | took 0ms | statement | connection 28| url jdbc:h2:mem:6a3784ae-1aa6-4bbf-b617-4d4aeabcc2af
insert into picture (spot_id, url, picture_id) values (?, ?, ?)
insert into picture (spot_id, url, picture_id) values (NULL, 'java.io.StringReader@90af51c', 3663);
2022-10-10 13:48:04.826  INFO 3923 --- [    Test worker] p6spy                                    : #1665377284826 | took 0ms | statement | connection 28| url jdbc:h2:mem:6a3784ae-1aa6-4bbf-b617-4d4aeabcc2af
insert into spot (address, description, location, name, score_id, spot_id) values (?, ?, ?, ?, ?, ?)
insert into spot (address, description, location, name, score_id, spot_id) values (NULL, NULL, 'Andeok_myeon', NULL, 902, 970);
2022-10-10 13:48:04.826  INFO 3923 --- [    Test worker] p6spy                                    : #1665377284826 | took 0ms | statement | connection 28| url jdbc:h2:mem:6a3784ae-1aa6-4bbf-b617-4d4aeabcc2af
insert into member_spot (member_id, score, spot_id, member_spot_id) values (?, ?, ?, ?)
insert into member_spot (member_id, score, spot_id, member_spot_id) values (24, 0.0, 970, 3664);
2022-10-10 13:48:04.826  INFO 3923 --- [    Test worker] p6spy                                    : #1665377284826 | took 0ms | statement | connection 28| url jdbc:h2:mem:6a3784ae-1aa6-4bbf-b617-4d4aeabcc2af
insert into review (content, spot_id, review_id) values (?, ?, ?)
insert into review (content, spot_id, review_id) values ('java.io.StringReader@298a1e7c', 871, 904);
2022-10-10 13:48:04.826  INFO 3923 --- [    Test worker] p6spy                                    : #1665377284826 | took 0ms | statement | connection 28| url jdbc:h2:mem:6a3784ae-1aa6-4bbf-b617-4d4aeabcc2af
update picture set spot_id=?, url=? where picture_id=?
update picture set spot_id=871, url='java.io.StringReader@1625a1be' where picture_id=3265;
2022-10-10 13:48:04.826  INFO 3923 --- [    Test worker] p6spy                                    : #1665377284826 | took 0ms | statement | connection 28| url jdbc:h2:mem:6a3784ae-1aa6-4bbf-b617-4d4aeabcc2af
update picture set spot_id=?, url=? where picture_id=?
update picture set spot_id=871, url='java.io.StringReader@2b65608d' where picture_id=3266;
2022-10-10 13:48:04.826  INFO 3923 --- [    Test worker] p6spy                                    : #1665377284826 | took 0ms | statement | connection 28| url jdbc:h2:mem:6a3784ae-1aa6-4bbf-b617-4d4aeabcc2af
update picture set spot_id=?, url=? where picture_id=?
update picture set spot_id=871, url='java.io.StringReader@43b4a2ff' where picture_id=3267;
2022-10-10 13:48:04.826  INFO 3923 --- [    Test worker] p6spy                                    : #1665377284826 | took 0ms | statement | connection 28| url jdbc:h2:mem:6a3784ae-1aa6-4bbf-b617-4d4aeabcc2af
update picture set spot_id=?, url=? where picture_id=?
update picture set spot_id=872, url='java.io.StringReader@7720ec5' where picture_id=3269;
2022-10-10 13:48:04.826  INFO 3923 --- [    Test worker] p6spy                                    : #1665377284826 | took 0ms | statement | connection 28| url jdbc:h2:mem:6a3784ae-1aa6-4bbf-b617-4d4aeabcc2af
update picture set spot_id=?, url=? where picture_id=?
update picture set spot_id=872, url='java.io.StringReader@332a1625' where picture_id=3270;
2022-10-10 13:48:04.826  INFO 3923 --- [    Test worker] p6spy                                    : #1665377284826 | took 0ms | statement | connection 28| url jdbc:h2:mem:6a3784ae-1aa6-4bbf-b617-4d4aeabcc2af
update picture set spot_id=?, url=? where picture_id=?
update picture set spot_id=872, url='java.io.StringReader@78501bcc' where picture_id=3271;
2022-10-10 13:48:04.826  INFO 3923 --- [    Test worker] p6spy                                    : #1665377284826 | took 0ms | statement | connection 28| url jdbc:h2:mem:6a3784ae-1aa6-4bbf-b617-4d4aeabcc2af
update picture set spot_id=?, url=? where picture_id=?
update picture set spot_id=873, url='java.io.StringReader@6c35bcfd' where picture_id=3273;
2022-10-10 13:48:04.826  INFO 3923 --- [    Test worker] p6spy                                    : #1665377284826 | took 0ms | statement | connection 28| url jdbc:h2:mem:6a3784ae-1aa6-4bbf-b617-4d4aeabcc2af
update picture set spot_id=?, url=? where picture_id=?
update picture set spot_id=873, url='java.io.StringReader@7d4fed27' where picture_id=3274;
2022-10-10 13:48:04.826  INFO 3923 --- [    Test worker] p6spy                                    : #1665377284826 | took 0ms | statement | connection 28| url jdbc:h2:mem:6a3784ae-1aa6-4bbf-b617-4d4aeabcc2af
update picture set spot_id=?, url=? where picture_id=?
update picture set spot_id=873, url='java.io.StringReader@591a6e61' where picture_id=3275;
2022-10-10 13:48:04.826  INFO 3923 --- [    Test worker] p6spy                                    : #1665377284826 | took 0ms | statement | connection 28| url jdbc:h2:mem:6a3784ae-1aa6-4bbf-b617-4d4aeabcc2af
update picture set spot_id=?, url=? where picture_id=?
update picture set spot_id=874, url='java.io.StringReader@5a8bff64' where picture_id=3277;
2022-10-10 13:48:04.826  INFO 3923 --- [    Test worker] p6spy                                    : #1665377284826 | took 0ms | statement | connection 28| url jdbc:h2:mem:6a3784ae-1aa6-4bbf-b617-4d4aeabcc2af
update picture set spot_id=?, url=? where picture_id=?
update picture set spot_id=874, url='java.io.StringReader@7a3652db' where picture_id=3278;
2022-10-10 13:48:04.827  INFO 3923 --- [    Test worker] p6spy                                    : #1665377284827 | took 0ms | statement | connection 28| url jdbc:h2:mem:6a3784ae-1aa6-4bbf-b617-4d4aeabcc2af
update picture set spot_id=?, url=? where picture_id=?
update picture set spot_id=874, url='java.io.StringReader@208e42da' where picture_id=3279;
2022-10-10 13:48:04.827  INFO 3923 --- [    Test worker] p6spy                                    : #1665377284827 | took 0ms | statement | connection 28| url jdbc:h2:mem:6a3784ae-1aa6-4bbf-b617-4d4aeabcc2af
update picture set spot_id=?, url=? where picture_id=?
update picture set spot_id=875, url='java.io.StringReader@416a4283' where picture_id=3281;
2022-10-10 13:48:04.827  INFO 3923 --- [    Test worker] p6spy                                    : #1665377284827 | took 0ms | statement | connection 28| url jdbc:h2:mem:6a3784ae-1aa6-4bbf-b617-4d4aeabcc2af
update picture set spot_id=?, url=? where picture_id=?
update picture set spot_id=875, url='java.io.StringReader@1e7e07f1' where picture_id=3282;
2022-10-10 13:48:04.827  INFO 3923 --- [    Test worker] p6spy                                    : #1665377284827 | took 0ms | statement | connection 28| url jdbc:h2:mem:6a3784ae-1aa6-4bbf-b617-4d4aeabcc2af
update picture set spot_id=?, url=? where picture_id=?
update picture set spot_id=875, url='java.io.StringReader@6ccef254' where picture_id=3283;
2022-10-10 13:48:04.827  INFO 3923 --- [    Test worker] p6spy                                    : #1665377284827 | took 0ms | statement | connection 28| url jdbc:h2:mem:6a3784ae-1aa6-4bbf-b617-4d4aeabcc2af
update picture set spot_id=?, url=? where picture_id=?
update picture set spot_id=876, url='java.io.StringReader@71db8fb1' where picture_id=3285;
2022-10-10 13:48:04.827  INFO 3923 --- [    Test worker] p6spy                                    : #1665377284827 | took 0ms | statement | connection 28| url jdbc:h2:mem:6a3784ae-1aa6-4bbf-b617-4d4aeabcc2af
update picture set spot_id=?, url=? where picture_id=?
update picture set spot_id=876, url='java.io.StringReader@13c95033' where picture_id=3286;
2022-10-10 13:48:04.827  INFO 3923 --- [    Test worker] p6spy                                    : #1665377284827 | took 0ms | statement | connection 28| url jdbc:h2:mem:6a3784ae-1aa6-4bbf-b617-4d4aeabcc2af
update picture set spot_id=?, url=? where picture_id=?
update picture set spot_id=876, url='java.io.StringReader@159d38e3' where picture_id=3287;
2022-10-10 13:48:04.827  INFO 3923 --- [    Test worker] p6spy                                    : #1665377284827 | took 0ms | statement | connection 28| url jdbc:h2:mem:6a3784ae-1aa6-4bbf-b617-4d4aeabcc2af
update picture set spot_id=?, url=? where picture_id=?
update picture set spot_id=877, url='java.io.StringReader@1be323ce' where picture_id=3289;
2022-10-10 13:48:04.827  INFO 3923 --- [    Test worker] p6spy                                    : #1665377284827 | took 0ms | statement | connection 28| url jdbc:h2:mem:6a3784ae-1aa6-4bbf-b617-4d4aeabcc2af
update picture set spot_id=?, url=? where picture_id=?
update picture set spot_id=877, url='java.io.StringReader@3c2c9413' where picture_id=3290;
2022-10-10 13:48:04.827  INFO 3923 --- [    Test worker] p6spy                                    : #1665377284827 | took 0ms | statement | connection 28| url jdbc:h2:mem:6a3784ae-1aa6-4bbf-b617-4d4aeabcc2af
update picture set spot_id=?, url=? where picture_id=?
update picture set spot_id=877, url='java.io.StringReader@53f9ccbe' where picture_id=3291;
2022-10-10 13:48:04.827  INFO 3923 --- [    Test worker] p6spy                                    : #1665377284827 | took 0ms | statement | connection 28| url jdbc:h2:mem:6a3784ae-1aa6-4bbf-b617-4d4aeabcc2af
update picture set spot_id=?, url=? where picture_id=?
update picture set spot_id=878, url='java.io.StringReader@28f9e137' where picture_id=3293;
2022-10-10 13:48:04.827  INFO 3923 --- [    Test worker] p6spy                                    : #1665377284827 | took 0ms | statement | connection 28| url jdbc:h2:mem:6a3784ae-1aa6-4bbf-b617-4d4aeabcc2af
update picture set spot_id=?, url=? where picture_id=?
update picture set spot_id=878, url='java.io.StringReader@1fb2b2cd' where picture_id=3294;
2022-10-10 13:48:04.827  INFO 3923 --- [    Test worker] p6spy                                    : #1665377284827 | took 0ms | statement | connection 28| url jdbc:h2:mem:6a3784ae-1aa6-4bbf-b617-4d4aeabcc2af
update picture set spot_id=?, url=? where picture_id=?
update picture set spot_id=878, url='java.io.StringReader@319805c6' where picture_id=3295;
2022-10-10 13:48:04.827  INFO 3923 --- [    Test worker] p6spy                                    : #1665377284827 | took 0ms | statement | connection 28| url jdbc:h2:mem:6a3784ae-1aa6-4bbf-b617-4d4aeabcc2af
update picture set spot_id=?, url=? where picture_id=?
update picture set spot_id=879, url='java.io.StringReader@761e2cb1' where picture_id=3297;
2022-10-10 13:48:04.827  INFO 3923 --- [    Test worker] p6spy                                    : #1665377284827 | took 0ms | statement | connection 28| url jdbc:h2:mem:6a3784ae-1aa6-4bbf-b617-4d4aeabcc2af
update picture set spot_id=?, url=? where picture_id=?
update picture set spot_id=879, url='java.io.StringReader@14541a37' where picture_id=3298;
2022-10-10 13:48:04.827  INFO 3923 --- [    Test worker] p6spy                                    : #1665377284827 | took 0ms | statement | connection 28| url jdbc:h2:mem:6a3784ae-1aa6-4bbf-b617-4d4aeabcc2af
update picture set spot_id=?, url=? where picture_id=?
update picture set spot_id=879, url='java.io.StringReader@58301645' where picture_id=3299;
2022-10-10 13:48:04.827  INFO 3923 --- [    Test worker] p6spy                                    : #1665377284827 | took 0ms | statement | connection 28| url jdbc:h2:mem:6a3784ae-1aa6-4bbf-b617-4d4aeabcc2af
update picture set spot_id=?, url=? where picture_id=?
update picture set spot_id=880, url='java.io.StringReader@66762c37' where picture_id=3301;
2022-10-10 13:48:04.827  INFO 3923 --- [    Test worker] p6spy                                    : #1665377284827 | took 0ms | statement | connection 28| url jdbc:h2:mem:6a3784ae-1aa6-4bbf-b617-4d4aeabcc2af
update picture set spot_id=?, url=? where picture_id=?
update picture set spot_id=880, url='java.io.StringReader@2bb5bddd' where picture_id=3302;
2022-10-10 13:48:04.827  INFO 3923 --- [    Test worker] p6spy                                    : #1665377284827 | took 0ms | statement | connection 28| url jdbc:h2:mem:6a3784ae-1aa6-4bbf-b617-4d4aeabcc2af
update picture set spot_id=?, url=? where picture_id=?
update picture set spot_id=880, url='java.io.StringReader@624ed546' where picture_id=3303;
2022-10-10 13:48:04.827  INFO 3923 --- [    Test worker] p6spy                                    : #1665377284827 | took 0ms | statement | connection 28| url jdbc:h2:mem:6a3784ae-1aa6-4bbf-b617-4d4aeabcc2af
update picture set spot_id=?, url=? where picture_id=?
update picture set spot_id=881, url='java.io.StringReader@1c449976' where picture_id=3305;
2022-10-10 13:48:04.827  INFO 3923 --- [    Test worker] p6spy                                    : #1665377284827 | took 0ms | statement | connection 28| url jdbc:h2:mem:6a3784ae-1aa6-4bbf-b617-4d4aeabcc2af
update picture set spot_id=?, url=? where picture_id=?
update picture set spot_id=881, url='java.io.StringReader@30b66365' where picture_id=3306;
2022-10-10 13:48:04.827  INFO 3923 --- [    Test worker] p6spy                                    : #1665377284827 | took 0ms | statement | connection 28| url jdbc:h2:mem:6a3784ae-1aa6-4bbf-b617-4d4aeabcc2af
update picture set spot_id=?, url=? where picture_id=?
update picture set spot_id=881, url='java.io.StringReader@51e2bff9' where picture_id=3307;
2022-10-10 13:48:04.827  INFO 3923 --- [    Test worker] p6spy                                    : #1665377284827 | took 0ms | statement | connection 28| url jdbc:h2:mem:6a3784ae-1aa6-4bbf-b617-4d4aeabcc2af
update picture set spot_id=?, url=? where picture_id=?
update picture set spot_id=882, url='java.io.StringReader@6b2b7658' where picture_id=3309;
2022-10-10 13:48:04.827  INFO 3923 --- [    Test worker] p6spy                                    : #1665377284827 | took 0ms | statement | connection 28| url jdbc:h2:mem:6a3784ae-1aa6-4bbf-b617-4d4aeabcc2af
update picture set spot_id=?, url=? where picture_id=?
update picture set spot_id=882, url='java.io.StringReader@5b07ea10' where picture_id=3310;
2022-10-10 13:48:04.827  INFO 3923 --- [    Test worker] p6spy                                    : #1665377284827 | took 0ms | statement | connection 28| url jdbc:h2:mem:6a3784ae-1aa6-4bbf-b617-4d4aeabcc2af
update picture set spot_id=?, url=? where picture_id=?
update picture set spot_id=882, url='java.io.StringReader@2fc98c2c' where picture_id=3311;
2022-10-10 13:48:04.827  INFO 3923 --- [    Test worker] p6spy                                    : #1665377284827 | took 0ms | statement | connection 28| url jdbc:h2:mem:6a3784ae-1aa6-4bbf-b617-4d4aeabcc2af
update picture set spot_id=?, url=? where picture_id=?
update picture set spot_id=883, url='java.io.StringReader@eb2d161' where picture_id=3313;
2022-10-10 13:48:04.827  INFO 3923 --- [    Test worker] p6spy                                    : #1665377284827 | took 0ms | statement | connection 28| url jdbc:h2:mem:6a3784ae-1aa6-4bbf-b617-4d4aeabcc2af
update picture set spot_id=?, url=? where picture_id=?
update picture set spot_id=883, url='java.io.StringReader@5014a5c8' where picture_id=3314;
2022-10-10 13:48:04.827  INFO 3923 --- [    Test worker] p6spy                                    : #1665377284827 | took 0ms | statement | connection 28| url jdbc:h2:mem:6a3784ae-1aa6-4bbf-b617-4d4aeabcc2af
update picture set spot_id=?, url=? where picture_id=?
update picture set spot_id=883, url='java.io.StringReader@71c3e07b' where picture_id=3315;
2022-10-10 13:48:04.827  INFO 3923 --- [    Test worker] p6spy                                    : #1665377284827 | took 0ms | statement | connection 28| url jdbc:h2:mem:6a3784ae-1aa6-4bbf-b617-4d4aeabcc2af
update picture set spot_id=?, url=? where picture_id=?
update picture set spot_id=884, url='java.io.StringReader@79a9e200' where picture_id=3317;
2022-10-10 13:48:04.827  INFO 3923 --- [    Test worker] p6spy                                    : #1665377284827 | took 0ms | statement | connection 28| url jdbc:h2:mem:6a3784ae-1aa6-4bbf-b617-4d4aeabcc2af
update picture set spot_id=?, url=? where picture_id=?
update picture set spot_id=884, url='java.io.StringReader@6cb3135' where picture_id=3318;
2022-10-10 13:48:04.827  INFO 3923 --- [    Test worker] p6spy                                    : #1665377284827 | took 0ms | statement | connection 28| url jdbc:h2:mem:6a3784ae-1aa6-4bbf-b617-4d4aeabcc2af
update picture set spot_id=?, url=? where picture_id=?
update picture set spot_id=884, url='java.io.StringReader@37e31a6e' where picture_id=3319;
2022-10-10 13:48:04.828  INFO 3923 --- [    Test worker] p6spy                                    : #1665377284828 | took 0ms | statement | connection 28| url jdbc:h2:mem:6a3784ae-1aa6-4bbf-b617-4d4aeabcc2af
update picture set spot_id=?, url=? where picture_id=?
update picture set spot_id=885, url='java.io.StringReader@5e75477a' where picture_id=3321;
2022-10-10 13:48:04.828  INFO 3923 --- [    Test worker] p6spy                                    : #1665377284828 | took 0ms | statement | connection 28| url jdbc:h2:mem:6a3784ae-1aa6-4bbf-b617-4d4aeabcc2af
update picture set spot_id=?, url=? where picture_id=?
update picture set spot_id=885, url='java.io.StringReader@124da4a9' where picture_id=3322;
2022-10-10 13:48:04.828  INFO 3923 --- [    Test worker] p6spy                                    : #1665377284828 | took 0ms | statement | connection 28| url jdbc:h2:mem:6a3784ae-1aa6-4bbf-b617-4d4aeabcc2af
update picture set spot_id=?, url=? where picture_id=?
update picture set spot_id=885, url='java.io.StringReader@2bbdbd5c' where picture_id=3323;
2022-10-10 13:48:04.828  INFO 3923 --- [    Test worker] p6spy                                    : #1665377284828 | took 0ms | statement | connection 28| url jdbc:h2:mem:6a3784ae-1aa6-4bbf-b617-4d4aeabcc2af
update picture set spot_id=?, url=? where picture_id=?
update picture set spot_id=886, url='java.io.StringReader@2aadff57' where picture_id=3325;
2022-10-10 13:48:04.828  INFO 3923 --- [    Test worker] p6spy                                    : #1665377284828 | took 0ms | statement | connection 28| url jdbc:h2:mem:6a3784ae-1aa6-4bbf-b617-4d4aeabcc2af
update picture set spot_id=?, url=? where picture_id=?
update picture set spot_id=886, url='java.io.StringReader@47e6fa81' where picture_id=3326;
2022-10-10 13:48:04.828  INFO 3923 --- [    Test worker] p6spy                                    : #1665377284828 | took 0ms | statement | connection 28| url jdbc:h2:mem:6a3784ae-1aa6-4bbf-b617-4d4aeabcc2af
update picture set spot_id=?, url=? where picture_id=?
update picture set spot_id=886, url='java.io.StringReader@1aee0db5' where picture_id=3327;
2022-10-10 13:48:04.828  INFO 3923 --- [    Test worker] p6spy                                    : #1665377284828 | took 0ms | statement | connection 28| url jdbc:h2:mem:6a3784ae-1aa6-4bbf-b617-4d4aeabcc2af
update picture set spot_id=?, url=? where picture_id=?
update picture set spot_id=887, url='java.io.StringReader@41d0f460' where picture_id=3329;
2022-10-10 13:48:04.828  INFO 3923 --- [    Test worker] p6spy                                    : #1665377284828 | took 0ms | statement | connection 28| url jdbc:h2:mem:6a3784ae-1aa6-4bbf-b617-4d4aeabcc2af
update picture set spot_id=?, url=? where picture_id=?
update picture set spot_id=887, url='java.io.StringReader@441254' where picture_id=3330;
2022-10-10 13:48:04.828  INFO 3923 --- [    Test worker] p6spy                                    : #1665377284828 | took 0ms | statement | connection 28| url jdbc:h2:mem:6a3784ae-1aa6-4bbf-b617-4d4aeabcc2af
update picture set spot_id=?, url=? where picture_id=?
update picture set spot_id=887, url='java.io.StringReader@2b5f6707' where picture_id=3331;
2022-10-10 13:48:04.828  INFO 3923 --- [    Test worker] p6spy                                    : #1665377284828 | took 0ms | statement | connection 28| url jdbc:h2:mem:6a3784ae-1aa6-4bbf-b617-4d4aeabcc2af
update picture set spot_id=?, url=? where picture_id=?
update picture set spot_id=888, url='java.io.StringReader@4ba1209c' where picture_id=3333;
2022-10-10 13:48:04.828  INFO 3923 --- [    Test worker] p6spy                                    : #1665377284828 | took 0ms | statement | connection 28| url jdbc:h2:mem:6a3784ae-1aa6-4bbf-b617-4d4aeabcc2af
update picture set spot_id=?, url=? where picture_id=?
update picture set spot_id=888, url='java.io.StringReader@48787b7a' where picture_id=3334;
2022-10-10 13:48:04.828  INFO 3923 --- [    Test worker] p6spy                                    : #1665377284828 | took 0ms | statement | connection 28| url jdbc:h2:mem:6a3784ae-1aa6-4bbf-b617-4d4aeabcc2af
update picture set spot_id=?, url=? where picture_id=?
update picture set spot_id=888, url='java.io.StringReader@773affee' where picture_id=3335;
2022-10-10 13:48:04.828  INFO 3923 --- [    Test worker] p6spy                                    : #1665377284828 | took 0ms | statement | connection 28| url jdbc:h2:mem:6a3784ae-1aa6-4bbf-b617-4d4aeabcc2af
update picture set spot_id=?, url=? where picture_id=?
update picture set spot_id=889, url='java.io.StringReader@4f3eac77' where picture_id=3337;
2022-10-10 13:48:04.828  INFO 3923 --- [    Test worker] p6spy                                    : #1665377284828 | took 0ms | statement | connection 28| url jdbc:h2:mem:6a3784ae-1aa6-4bbf-b617-4d4aeabcc2af
update picture set spot_id=?, url=? where picture_id=?
update picture set spot_id=889, url='java.io.StringReader@54e72edd' where picture_id=3338;
2022-10-10 13:48:04.828  INFO 3923 --- [    Test worker] p6spy                                    : #1665377284828 | took 0ms | statement | connection 28| url jdbc:h2:mem:6a3784ae-1aa6-4bbf-b617-4d4aeabcc2af
update picture set spot_id=?, url=? where picture_id=?
update picture set spot_id=889, url='java.io.StringReader@12952df9' where picture_id=3339;
2022-10-10 13:48:04.828  INFO 3923 --- [    Test worker] p6spy                                    : #1665377284828 | took 0ms | statement | connection 28| url jdbc:h2:mem:6a3784ae-1aa6-4bbf-b617-4d4aeabcc2af
update picture set spot_id=?, url=? where picture_id=?
update picture set spot_id=890, url='java.io.StringReader@1b24a094' where picture_id=3341;
2022-10-10 13:48:04.828  INFO 3923 --- [    Test worker] p6spy                                    : #1665377284828 | took 0ms | statement | connection 28| url jdbc:h2:mem:6a3784ae-1aa6-4bbf-b617-4d4aeabcc2af
update picture set spot_id=?, url=? where picture_id=?
update picture set spot_id=890, url='java.io.StringReader@61c3136e' where picture_id=3342;
2022-10-10 13:48:04.828  INFO 3923 --- [    Test worker] p6spy                                    : #1665377284828 | took 0ms | statement | connection 28| url jdbc:h2:mem:6a3784ae-1aa6-4bbf-b617-4d4aeabcc2af
update picture set spot_id=?, url=? where picture_id=?
update picture set spot_id=890, url='java.io.StringReader@3afb9702' where picture_id=3343;
2022-10-10 13:48:04.828  INFO 3923 --- [    Test worker] p6spy                                    : #1665377284828 | took 0ms | statement | connection 28| url jdbc:h2:mem:6a3784ae-1aa6-4bbf-b617-4d4aeabcc2af
update picture set spot_id=?, url=? where picture_id=?
update picture set spot_id=891, url='java.io.StringReader@5b091238' where picture_id=3345;
2022-10-10 13:48:04.828  INFO 3923 --- [    Test worker] p6spy                                    : #1665377284828 | took 0ms | statement | connection 28| url jdbc:h2:mem:6a3784ae-1aa6-4bbf-b617-4d4aeabcc2af
update picture set spot_id=?, url=? where picture_id=?
update picture set spot_id=891, url='java.io.StringReader@36f83777' where picture_id=3346;
2022-10-10 13:48:04.828  INFO 3923 --- [    Test worker] p6spy                                    : #1665377284828 | took 0ms | statement | connection 28| url jdbc:h2:mem:6a3784ae-1aa6-4bbf-b617-4d4aeabcc2af
update picture set spot_id=?, url=? where picture_id=?
update picture set spot_id=891, url='java.io.StringReader@7ed63dc8' where picture_id=3347;
2022-10-10 13:48:04.828  INFO 3923 --- [    Test worker] p6spy                                    : #1665377284828 | took 0ms | statement | connection 28| url jdbc:h2:mem:6a3784ae-1aa6-4bbf-b617-4d4aeabcc2af
update picture set spot_id=?, url=? where picture_id=?
update picture set spot_id=892, url='java.io.StringReader@7f63adcf' where picture_id=3349;
2022-10-10 13:48:04.828  INFO 3923 --- [    Test worker] p6spy                                    : #1665377284828 | took 0ms | statement | connection 28| url jdbc:h2:mem:6a3784ae-1aa6-4bbf-b617-4d4aeabcc2af
update picture set spot_id=?, url=? where picture_id=?
update picture set spot_id=892, url='java.io.StringReader@44ce89ea' where picture_id=3350;
2022-10-10 13:48:04.828  INFO 3923 --- [    Test worker] p6spy                                    : #1665377284828 | took 0ms | statement | connection 28| url jdbc:h2:mem:6a3784ae-1aa6-4bbf-b617-4d4aeabcc2af
update picture set spot_id=?, url=? where picture_id=?
update picture set spot_id=892, url='java.io.StringReader@3a00311d' where picture_id=3351;
2022-10-10 13:48:04.828  INFO 3923 --- [    Test worker] p6spy                                    : #1665377284828 | took 0ms | statement | connection 28| url jdbc:h2:mem:6a3784ae-1aa6-4bbf-b617-4d4aeabcc2af
update picture set spot_id=?, url=? where picture_id=?
update picture set spot_id=893, url='java.io.StringReader@2f09e728' where picture_id=3353;
2022-10-10 13:48:04.828  INFO 3923 --- [    Test worker] p6spy                                    : #1665377284828 | took 0ms | statement | connection 28| url jdbc:h2:mem:6a3784ae-1aa6-4bbf-b617-4d4aeabcc2af
update picture set spot_id=?, url=? where picture_id=?
update picture set spot_id=893, url='java.io.StringReader@77e93be5' where picture_id=3354;
2022-10-10 13:48:04.828  INFO 3923 --- [    Test worker] p6spy                                    : #1665377284828 | took 0ms | statement | connection 28| url jdbc:h2:mem:6a3784ae-1aa6-4bbf-b617-4d4aeabcc2af
update picture set spot_id=?, url=? where picture_id=?
update picture set spot_id=893, url='java.io.StringReader@388ef396' where picture_id=3355;
2022-10-10 13:48:04.828  INFO 3923 --- [    Test worker] p6spy                                    : #1665377284828 | took 0ms | statement | connection 28| url jdbc:h2:mem:6a3784ae-1aa6-4bbf-b617-4d4aeabcc2af
update picture set spot_id=?, url=? where picture_id=?
update picture set spot_id=894, url='java.io.StringReader@24621161' where picture_id=3357;
2022-10-10 13:48:04.828  INFO 3923 --- [    Test worker] p6spy                                    : #1665377284828 | took 0ms | statement | connection 28| url jdbc:h2:mem:6a3784ae-1aa6-4bbf-b617-4d4aeabcc2af
update picture set spot_id=?, url=? where picture_id=?
update picture set spot_id=894, url='java.io.StringReader@2991fbe' where picture_id=3358;
2022-10-10 13:48:04.828  INFO 3923 --- [    Test worker] p6spy                                    : #1665377284828 | took 0ms | statement | connection 28| url jdbc:h2:mem:6a3784ae-1aa6-4bbf-b617-4d4aeabcc2af
update picture set spot_id=?, url=? where picture_id=?
update picture set spot_id=894, url='java.io.StringReader@114536bb' where picture_id=3359;
2022-10-10 13:48:04.828  INFO 3923 --- [    Test worker] p6spy                                    : #1665377284828 | took 0ms | statement | connection 28| url jdbc:h2:mem:6a3784ae-1aa6-4bbf-b617-4d4aeabcc2af
update picture set spot_id=?, url=? where picture_id=?
update picture set spot_id=895, url='java.io.StringReader@656d890a' where picture_id=3361;
2022-10-10 13:48:04.828  INFO 3923 --- [    Test worker] p6spy                                    : #1665377284828 | took 0ms | statement | connection 28| url jdbc:h2:mem:6a3784ae-1aa6-4bbf-b617-4d4aeabcc2af
update picture set spot_id=?, url=? where picture_id=?
update picture set spot_id=895, url='java.io.StringReader@24bcc7d0' where picture_id=3362;
2022-10-10 13:48:04.828  INFO 3923 --- [    Test worker] p6spy                                    : #1665377284828 | took 0ms | statement | connection 28| url jdbc:h2:mem:6a3784ae-1aa6-4bbf-b617-4d4aeabcc2af
update picture set spot_id=?, url=? where picture_id=?
update picture set spot_id=895, url='java.io.StringReader@f5e7783' where picture_id=3363;
2022-10-10 13:48:04.828  INFO 3923 --- [    Test worker] p6spy                                    : #1665377284828 | took 0ms | statement | connection 28| url jdbc:h2:mem:6a3784ae-1aa6-4bbf-b617-4d4aeabcc2af
update picture set spot_id=?, url=? where picture_id=?
update picture set spot_id=896, url='java.io.StringReader@28b6196b' where picture_id=3365;
2022-10-10 13:48:04.828  INFO 3923 --- [    Test worker] p6spy                                    : #1665377284828 | took 0ms | statement | connection 28| url jdbc:h2:mem:6a3784ae-1aa6-4bbf-b617-4d4aeabcc2af
update picture set spot_id=?, url=? where picture_id=?
update picture set spot_id=896, url='java.io.StringReader@64d56431' where picture_id=3366;
2022-10-10 13:48:04.828  INFO 3923 --- [    Test worker] p6spy                                    : #1665377284828 | took 0ms | statement | connection 28| url jdbc:h2:mem:6a3784ae-1aa6-4bbf-b617-4d4aeabcc2af
update picture set spot_id=?, url=? where picture_id=?
update picture set spot_id=896, url='java.io.StringReader@69ebd32f' where picture_id=3367;
2022-10-10 13:48:04.829  INFO 3923 --- [    Test worker] p6spy                                    : #1665377284829 | took 0ms | statement | connection 28| url jdbc:h2:mem:6a3784ae-1aa6-4bbf-b617-4d4aeabcc2af
update picture set spot_id=?, url=? where picture_id=?
update picture set spot_id=897, url='java.io.StringReader@64c5df8d' where picture_id=3369;
2022-10-10 13:48:04.829  INFO 3923 --- [    Test worker] p6spy                                    : #1665377284829 | took 0ms | statement | connection 28| url jdbc:h2:mem:6a3784ae-1aa6-4bbf-b617-4d4aeabcc2af
update picture set spot_id=?, url=? where picture_id=?
update picture set spot_id=897, url='java.io.StringReader@19810310' where picture_id=3370;
2022-10-10 13:48:04.829  INFO 3923 --- [    Test worker] p6spy                                    : #1665377284829 | took 0ms | statement | connection 28| url jdbc:h2:mem:6a3784ae-1aa6-4bbf-b617-4d4aeabcc2af
update picture set spot_id=?, url=? where picture_id=?
update picture set spot_id=897, url='java.io.StringReader@2a96ed1b' where picture_id=3371;
2022-10-10 13:48:04.829  INFO 3923 --- [    Test worker] p6spy                                    : #1665377284829 | took 0ms | statement | connection 28| url jdbc:h2:mem:6a3784ae-1aa6-4bbf-b617-4d4aeabcc2af
update picture set spot_id=?, url=? where picture_id=?
update picture set spot_id=898, url='java.io.StringReader@5f7ed56d' where picture_id=3373;
2022-10-10 13:48:04.829  INFO 3923 --- [    Test worker] p6spy                                    : #1665377284829 | took 0ms | statement | connection 28| url jdbc:h2:mem:6a3784ae-1aa6-4bbf-b617-4d4aeabcc2af
update picture set spot_id=?, url=? where picture_id=?
update picture set spot_id=898, url='java.io.StringReader@2f535704' where picture_id=3374;
2022-10-10 13:48:04.829  INFO 3923 --- [    Test worker] p6spy                                    : #1665377284829 | took 0ms | statement | connection 28| url jdbc:h2:mem:6a3784ae-1aa6-4bbf-b617-4d4aeabcc2af
update picture set spot_id=?, url=? where picture_id=?
update picture set spot_id=898, url='java.io.StringReader@114e4c27' where picture_id=3375;
2022-10-10 13:48:04.829  INFO 3923 --- [    Test worker] p6spy                                    : #1665377284829 | took 0ms | statement | connection 28| url jdbc:h2:mem:6a3784ae-1aa6-4bbf-b617-4d4aeabcc2af
update picture set spot_id=?, url=? where picture_id=?
update picture set spot_id=899, url='java.io.StringReader@14ad9995' where picture_id=3377;
2022-10-10 13:48:04.829  INFO 3923 --- [    Test worker] p6spy                                    : #1665377284829 | took 0ms | statement | connection 28| url jdbc:h2:mem:6a3784ae-1aa6-4bbf-b617-4d4aeabcc2af
update picture set spot_id=?, url=? where picture_id=?
update picture set spot_id=899, url='java.io.StringReader@dae93dc' where picture_id=3378;
2022-10-10 13:48:04.829  INFO 3923 --- [    Test worker] p6spy                                    : #1665377284829 | took 0ms | statement | connection 28| url jdbc:h2:mem:6a3784ae-1aa6-4bbf-b617-4d4aeabcc2af
update picture set spot_id=?, url=? where picture_id=?
update picture set spot_id=899, url='java.io.StringReader@a83fff2' where picture_id=3379;
2022-10-10 13:48:04.829  INFO 3923 --- [    Test worker] p6spy                                    : #1665377284829 | took 0ms | statement | connection 28| url jdbc:h2:mem:6a3784ae-1aa6-4bbf-b617-4d4aeabcc2af
update picture set spot_id=?, url=? where picture_id=?
update picture set spot_id=900, url='java.io.StringReader@599535a3' where picture_id=3381;
2022-10-10 13:48:04.829  INFO 3923 --- [    Test worker] p6spy                                    : #1665377284829 | took 0ms | statement | connection 28| url jdbc:h2:mem:6a3784ae-1aa6-4bbf-b617-4d4aeabcc2af
update picture set spot_id=?, url=? where picture_id=?
update picture set spot_id=900, url='java.io.StringReader@75dcfee6' where picture_id=3382;
2022-10-10 13:48:04.829  INFO 3923 --- [    Test worker] p6spy                                    : #1665377284829 | took 0ms | statement | connection 28| url jdbc:h2:mem:6a3784ae-1aa6-4bbf-b617-4d4aeabcc2af
update picture set spot_id=?, url=? where picture_id=?
update picture set spot_id=900, url='java.io.StringReader@5d257541' where picture_id=3383;
2022-10-10 13:48:04.829  INFO 3923 --- [    Test worker] p6spy                                    : #1665377284829 | took 0ms | statement | connection 28| url jdbc:h2:mem:6a3784ae-1aa6-4bbf-b617-4d4aeabcc2af
update picture set spot_id=?, url=? where picture_id=?
update picture set spot_id=901, url='java.io.StringReader@4539471e' where picture_id=3385;
2022-10-10 13:48:04.829  INFO 3923 --- [    Test worker] p6spy                                    : #1665377284829 | took 0ms | statement | connection 28| url jdbc:h2:mem:6a3784ae-1aa6-4bbf-b617-4d4aeabcc2af
update picture set spot_id=?, url=? where picture_id=?
update picture set spot_id=901, url='java.io.StringReader@26371675' where picture_id=3386;
2022-10-10 13:48:04.829  INFO 3923 --- [    Test worker] p6spy                                    : #1665377284829 | took 0ms | statement | connection 28| url jdbc:h2:mem:6a3784ae-1aa6-4bbf-b617-4d4aeabcc2af
update picture set spot_id=?, url=? where picture_id=?
update picture set spot_id=901, url='java.io.StringReader@38ee06fa' where picture_id=3387;
2022-10-10 13:48:04.829  INFO 3923 --- [    Test worker] p6spy                                    : #1665377284829 | took 0ms | statement | connection 28| url jdbc:h2:mem:6a3784ae-1aa6-4bbf-b617-4d4aeabcc2af
update picture set spot_id=?, url=? where picture_id=?
update picture set spot_id=902, url='java.io.StringReader@5880cc25' where picture_id=3389;
2022-10-10 13:48:04.829  INFO 3923 --- [    Test worker] p6spy                                    : #1665377284829 | took 0ms | statement | connection 28| url jdbc:h2:mem:6a3784ae-1aa6-4bbf-b617-4d4aeabcc2af
update picture set spot_id=?, url=? where picture_id=?
update picture set spot_id=902, url='java.io.StringReader@73864f89' where picture_id=3390;
2022-10-10 13:48:04.829  INFO 3923 --- [    Test worker] p6spy                                    : #1665377284829 | took 0ms | statement | connection 28| url jdbc:h2:mem:6a3784ae-1aa6-4bbf-b617-4d4aeabcc2af
update picture set spot_id=?, url=? where picture_id=?
update picture set spot_id=902, url='java.io.StringReader@11a7b5e9' where picture_id=3391;
2022-10-10 13:48:04.829  INFO 3923 --- [    Test worker] p6spy                                    : #1665377284829 | took 0ms | statement | connection 28| url jdbc:h2:mem:6a3784ae-1aa6-4bbf-b617-4d4aeabcc2af
update picture set spot_id=?, url=? where picture_id=?
update picture set spot_id=903, url='java.io.StringReader@2c666090' where picture_id=3393;
2022-10-10 13:48:04.829  INFO 3923 --- [    Test worker] p6spy                                    : #1665377284829 | took 0ms | statement | connection 28| url jdbc:h2:mem:6a3784ae-1aa6-4bbf-b617-4d4aeabcc2af
update picture set spot_id=?, url=? where picture_id=?
update picture set spot_id=903, url='java.io.StringReader@370abb57' where picture_id=3394;
2022-10-10 13:48:04.829  INFO 3923 --- [    Test worker] p6spy                                    : #1665377284829 | took 0ms | statement | connection 28| url jdbc:h2:mem:6a3784ae-1aa6-4bbf-b617-4d4aeabcc2af
update picture set spot_id=?, url=? where picture_id=?
update picture set spot_id=903, url='java.io.StringReader@2fc00f92' where picture_id=3395;
2022-10-10 13:48:04.829  INFO 3923 --- [    Test worker] p6spy                                    : #1665377284829 | took 0ms | statement | connection 28| url jdbc:h2:mem:6a3784ae-1aa6-4bbf-b617-4d4aeabcc2af
update picture set spot_id=?, url=? where picture_id=?
update picture set spot_id=904, url='java.io.StringReader@63c53da5' where picture_id=3397;
2022-10-10 13:48:04.829  INFO 3923 --- [    Test worker] p6spy                                    : #1665377284829 | took 0ms | statement | connection 28| url jdbc:h2:mem:6a3784ae-1aa6-4bbf-b617-4d4aeabcc2af
update picture set spot_id=?, url=? where picture_id=?
update picture set spot_id=904, url='java.io.StringReader@7ae7785d' where picture_id=3398;
2022-10-10 13:48:04.829  INFO 3923 --- [    Test worker] p6spy                                    : #1665377284829 | took 0ms | statement | connection 28| url jdbc:h2:mem:6a3784ae-1aa6-4bbf-b617-4d4aeabcc2af
update picture set spot_id=?, url=? where picture_id=?
update picture set spot_id=904, url='java.io.StringReader@30b720f0' where picture_id=3399;
2022-10-10 13:48:04.829  INFO 3923 --- [    Test worker] p6spy                                    : #1665377284829 | took 0ms | statement | connection 28| url jdbc:h2:mem:6a3784ae-1aa6-4bbf-b617-4d4aeabcc2af
update picture set spot_id=?, url=? where picture_id=?
update picture set spot_id=905, url='java.io.StringReader@6c77bc1b' where picture_id=3401;
2022-10-10 13:48:04.829  INFO 3923 --- [    Test worker] p6spy                                    : #1665377284829 | took 0ms | statement | connection 28| url jdbc:h2:mem:6a3784ae-1aa6-4bbf-b617-4d4aeabcc2af
update picture set spot_id=?, url=? where picture_id=?
update picture set spot_id=905, url='java.io.StringReader@1b161ee8' where picture_id=3402;
2022-10-10 13:48:04.829  INFO 3923 --- [    Test worker] p6spy                                    : #1665377284829 | took 0ms | statement | connection 28| url jdbc:h2:mem:6a3784ae-1aa6-4bbf-b617-4d4aeabcc2af
update picture set spot_id=?, url=? where picture_id=?
update picture set spot_id=905, url='java.io.StringReader@4ca5a427' where picture_id=3403;
2022-10-10 13:48:04.829  INFO 3923 --- [    Test worker] p6spy                                    : #1665377284829 | took 0ms | statement | connection 28| url jdbc:h2:mem:6a3784ae-1aa6-4bbf-b617-4d4aeabcc2af
update picture set spot_id=?, url=? where picture_id=?
update picture set spot_id=906, url='java.io.StringReader@d78293a' where picture_id=3405;
2022-10-10 13:48:04.829  INFO 3923 --- [    Test worker] p6spy                                    : #1665377284829 | took 0ms | statement | connection 28| url jdbc:h2:mem:6a3784ae-1aa6-4bbf-b617-4d4aeabcc2af
update picture set spot_id=?, url=? where picture_id=?
update picture set spot_id=906, url='java.io.StringReader@3c440bff' where picture_id=3406;
2022-10-10 13:48:04.829  INFO 3923 --- [    Test worker] p6spy                                    : #1665377284829 | took 0ms | statement | connection 28| url jdbc:h2:mem:6a3784ae-1aa6-4bbf-b617-4d4aeabcc2af
update picture set spot_id=?, url=? where picture_id=?
update picture set spot_id=906, url='java.io.StringReader@3f32d1b4' where picture_id=3407;
2022-10-10 13:48:04.829  INFO 3923 --- [    Test worker] p6spy                                    : #1665377284829 | took 0ms | statement | connection 28| url jdbc:h2:mem:6a3784ae-1aa6-4bbf-b617-4d4aeabcc2af
update picture set spot_id=?, url=? where picture_id=?
update picture set spot_id=907, url='java.io.StringReader@3b8c3fc9' where picture_id=3409;
2022-10-10 13:48:04.829  INFO 3923 --- [    Test worker] p6spy                                    : #1665377284829 | took 0ms | statement | connection 28| url jdbc:h2:mem:6a3784ae-1aa6-4bbf-b617-4d4aeabcc2af
update picture set spot_id=?, url=? where picture_id=?
update picture set spot_id=907, url='java.io.StringReader@6c958602' where picture_id=3410;
2022-10-10 13:48:04.829  INFO 3923 --- [    Test worker] p6spy                                    : #1665377284829 | took 0ms | statement | connection 28| url jdbc:h2:mem:6a3784ae-1aa6-4bbf-b617-4d4aeabcc2af
update picture set spot_id=?, url=? where picture_id=?
update picture set spot_id=907, url='java.io.StringReader@6df76abd' where picture_id=3411;
2022-10-10 13:48:04.830  INFO 3923 --- [    Test worker] p6spy                                    : #1665377284830 | took 0ms | statement | connection 28| url jdbc:h2:mem:6a3784ae-1aa6-4bbf-b617-4d4aeabcc2af
update picture set spot_id=?, url=? where picture_id=?
update picture set spot_id=908, url='java.io.StringReader@75a2ed4b' where picture_id=3413;
2022-10-10 13:48:04.830  INFO 3923 --- [    Test worker] p6spy                                    : #1665377284830 | took 0ms | statement | connection 28| url jdbc:h2:mem:6a3784ae-1aa6-4bbf-b617-4d4aeabcc2af
update picture set spot_id=?, url=? where picture_id=?
update picture set spot_id=908, url='java.io.StringReader@3d8ad399' where picture_id=3414;
2022-10-10 13:48:04.830  INFO 3923 --- [    Test worker] p6spy                                    : #1665377284830 | took 0ms | statement | connection 28| url jdbc:h2:mem:6a3784ae-1aa6-4bbf-b617-4d4aeabcc2af
update picture set spot_id=?, url=? where picture_id=?
update picture set spot_id=908, url='java.io.StringReader@16620c8e' where picture_id=3415;
2022-10-10 13:48:04.830  INFO 3923 --- [    Test worker] p6spy                                    : #1665377284830 | took 0ms | statement | connection 28| url jdbc:h2:mem:6a3784ae-1aa6-4bbf-b617-4d4aeabcc2af
update picture set spot_id=?, url=? where picture_id=?
update picture set spot_id=909, url='java.io.StringReader@1712cb81' where picture_id=3417;
2022-10-10 13:48:04.830  INFO 3923 --- [    Test worker] p6spy                                    : #1665377284830 | took 0ms | statement | connection 28| url jdbc:h2:mem:6a3784ae-1aa6-4bbf-b617-4d4aeabcc2af
update picture set spot_id=?, url=? where picture_id=?
update picture set spot_id=909, url='java.io.StringReader@61589713' where picture_id=3418;
2022-10-10 13:48:04.830  INFO 3923 --- [    Test worker] p6spy                                    : #1665377284830 | took 0ms | statement | connection 28| url jdbc:h2:mem:6a3784ae-1aa6-4bbf-b617-4d4aeabcc2af
update picture set spot_id=?, url=? where picture_id=?
update picture set spot_id=909, url='java.io.StringReader@6ad8f839' where picture_id=3419;
2022-10-10 13:48:04.830  INFO 3923 --- [    Test worker] p6spy                                    : #1665377284830 | took 0ms | statement | connection 28| url jdbc:h2:mem:6a3784ae-1aa6-4bbf-b617-4d4aeabcc2af
update picture set spot_id=?, url=? where picture_id=?
update picture set spot_id=910, url='java.io.StringReader@75bd768b' where picture_id=3421;
2022-10-10 13:48:04.830  INFO 3923 --- [    Test worker] p6spy                                    : #1665377284830 | took 0ms | statement | connection 28| url jdbc:h2:mem:6a3784ae-1aa6-4bbf-b617-4d4aeabcc2af
update picture set spot_id=?, url=? where picture_id=?
update picture set spot_id=910, url='java.io.StringReader@1f38406e' where picture_id=3422;
2022-10-10 13:48:04.830  INFO 3923 --- [    Test worker] p6spy                                    : #1665377284830 | took 0ms | statement | connection 28| url jdbc:h2:mem:6a3784ae-1aa6-4bbf-b617-4d4aeabcc2af
update picture set spot_id=?, url=? where picture_id=?
update picture set spot_id=910, url='java.io.StringReader@57866a33' where picture_id=3423;
2022-10-10 13:48:04.830  INFO 3923 --- [    Test worker] p6spy                                    : #1665377284830 | took 0ms | statement | connection 28| url jdbc:h2:mem:6a3784ae-1aa6-4bbf-b617-4d4aeabcc2af
update picture set spot_id=?, url=? where picture_id=?
update picture set spot_id=911, url='java.io.StringReader@71ec2050' where picture_id=3425;
2022-10-10 13:48:04.830  INFO 3923 --- [    Test worker] p6spy                                    : #1665377284830 | took 0ms | statement | connection 28| url jdbc:h2:mem:6a3784ae-1aa6-4bbf-b617-4d4aeabcc2af
update picture set spot_id=?, url=? where picture_id=?
update picture set spot_id=911, url='java.io.StringReader@14c61602' where picture_id=3426;
2022-10-10 13:48:04.830  INFO 3923 --- [    Test worker] p6spy                                    : #1665377284830 | took 0ms | statement | connection 28| url jdbc:h2:mem:6a3784ae-1aa6-4bbf-b617-4d4aeabcc2af
update picture set spot_id=?, url=? where picture_id=?
update picture set spot_id=911, url='java.io.StringReader@665bb0ff' where picture_id=3427;
2022-10-10 13:48:04.830  INFO 3923 --- [    Test worker] p6spy                                    : #1665377284830 | took 0ms | statement | connection 28| url jdbc:h2:mem:6a3784ae-1aa6-4bbf-b617-4d4aeabcc2af
update picture set spot_id=?, url=? where picture_id=?
update picture set spot_id=912, url='java.io.StringReader@65c933eb' where picture_id=3429;
2022-10-10 13:48:04.830  INFO 3923 --- [    Test worker] p6spy                                    : #1665377284830 | took 0ms | statement | connection 28| url jdbc:h2:mem:6a3784ae-1aa6-4bbf-b617-4d4aeabcc2af
update picture set spot_id=?, url=? where picture_id=?
update picture set spot_id=912, url='java.io.StringReader@387a4adf' where picture_id=3430;
2022-10-10 13:48:04.830  INFO 3923 --- [    Test worker] p6spy                                    : #1665377284830 | took 0ms | statement | connection 28| url jdbc:h2:mem:6a3784ae-1aa6-4bbf-b617-4d4aeabcc2af
update picture set spot_id=?, url=? where picture_id=?
update picture set spot_id=912, url='java.io.StringReader@7e173d9' where picture_id=3431;
2022-10-10 13:48:04.830  INFO 3923 --- [    Test worker] p6spy                                    : #1665377284830 | took 0ms | statement | connection 28| url jdbc:h2:mem:6a3784ae-1aa6-4bbf-b617-4d4aeabcc2af
update picture set spot_id=?, url=? where picture_id=?
update picture set spot_id=913, url='java.io.StringReader@5a671f9c' where picture_id=3433;
2022-10-10 13:48:04.830  INFO 3923 --- [    Test worker] p6spy                                    : #1665377284830 | took 0ms | statement | connection 28| url jdbc:h2:mem:6a3784ae-1aa6-4bbf-b617-4d4aeabcc2af
update picture set spot_id=?, url=? where picture_id=?
update picture set spot_id=913, url='java.io.StringReader@1b12e290' where picture_id=3434;
2022-10-10 13:48:04.830  INFO 3923 --- [    Test worker] p6spy                                    : #1665377284830 | took 0ms | statement | connection 28| url jdbc:h2:mem:6a3784ae-1aa6-4bbf-b617-4d4aeabcc2af
update picture set spot_id=?, url=? where picture_id=?
update picture set spot_id=913, url='java.io.StringReader@58f6afaf' where picture_id=3435;
2022-10-10 13:48:04.830  INFO 3923 --- [    Test worker] p6spy                                    : #1665377284830 | took 0ms | statement | connection 28| url jdbc:h2:mem:6a3784ae-1aa6-4bbf-b617-4d4aeabcc2af
update picture set spot_id=?, url=? where picture_id=?
update picture set spot_id=914, url='java.io.StringReader@a74be6d' where picture_id=3437;
2022-10-10 13:48:04.830  INFO 3923 --- [    Test worker] p6spy                                    : #1665377284830 | took 0ms | statement | connection 28| url jdbc:h2:mem:6a3784ae-1aa6-4bbf-b617-4d4aeabcc2af
update picture set spot_id=?, url=? where picture_id=?
update picture set spot_id=914, url='java.io.StringReader@5b3743c' where picture_id=3438;
2022-10-10 13:48:04.830  INFO 3923 --- [    Test worker] p6spy                                    : #1665377284830 | took 0ms | statement | connection 28| url jdbc:h2:mem:6a3784ae-1aa6-4bbf-b617-4d4aeabcc2af
update picture set spot_id=?, url=? where picture_id=?
update picture set spot_id=914, url='java.io.StringReader@48f396d4' where picture_id=3439;
2022-10-10 13:48:04.830  INFO 3923 --- [    Test worker] p6spy                                    : #1665377284830 | took 0ms | statement | connection 28| url jdbc:h2:mem:6a3784ae-1aa6-4bbf-b617-4d4aeabcc2af
update picture set spot_id=?, url=? where picture_id=?
update picture set spot_id=915, url='java.io.StringReader@1c255990' where picture_id=3441;
2022-10-10 13:48:04.830  INFO 3923 --- [    Test worker] p6spy                                    : #1665377284830 | took 0ms | statement | connection 28| url jdbc:h2:mem:6a3784ae-1aa6-4bbf-b617-4d4aeabcc2af
update picture set spot_id=?, url=? where picture_id=?
update picture set spot_id=915, url='java.io.StringReader@7afbd9c3' where picture_id=3442;
2022-10-10 13:48:04.830  INFO 3923 --- [    Test worker] p6spy                                    : #1665377284830 | took 0ms | statement | connection 28| url jdbc:h2:mem:6a3784ae-1aa6-4bbf-b617-4d4aeabcc2af
update picture set spot_id=?, url=? where picture_id=?
update picture set spot_id=915, url='java.io.StringReader@57a57cf0' where picture_id=3443;
2022-10-10 13:48:04.830  INFO 3923 --- [    Test worker] p6spy                                    : #1665377284830 | took 0ms | statement | connection 28| url jdbc:h2:mem:6a3784ae-1aa6-4bbf-b617-4d4aeabcc2af
update picture set spot_id=?, url=? where picture_id=?
update picture set spot_id=916, url='java.io.StringReader@68faa4bb' where picture_id=3445;
2022-10-10 13:48:04.830  INFO 3923 --- [    Test worker] p6spy                                    : #1665377284830 | took 0ms | statement | connection 28| url jdbc:h2:mem:6a3784ae-1aa6-4bbf-b617-4d4aeabcc2af
update picture set spot_id=?, url=? where picture_id=?
update picture set spot_id=916, url='java.io.StringReader@76faec4a' where picture_id=3446;
2022-10-10 13:48:04.830  INFO 3923 --- [    Test worker] p6spy                                    : #1665377284830 | took 0ms | statement | connection 28| url jdbc:h2:mem:6a3784ae-1aa6-4bbf-b617-4d4aeabcc2af
update picture set spot_id=?, url=? where picture_id=?
update picture set spot_id=916, url='java.io.StringReader@23a4d851' where picture_id=3447;
2022-10-10 13:48:04.830  INFO 3923 --- [    Test worker] p6spy                                    : #1665377284830 | took 0ms | statement | connection 28| url jdbc:h2:mem:6a3784ae-1aa6-4bbf-b617-4d4aeabcc2af
update picture set spot_id=?, url=? where picture_id=?
update picture set spot_id=917, url='java.io.StringReader@2a2ae296' where picture_id=3449;
2022-10-10 13:48:04.830  INFO 3923 --- [    Test worker] p6spy                                    : #1665377284830 | took 0ms | statement | connection 28| url jdbc:h2:mem:6a3784ae-1aa6-4bbf-b617-4d4aeabcc2af
update picture set spot_id=?, url=? where picture_id=?
update picture set spot_id=917, url='java.io.StringReader@3ac79d4c' where picture_id=3450;
2022-10-10 13:48:04.830  INFO 3923 --- [    Test worker] p6spy                                    : #1665377284830 | took 0ms | statement | connection 28| url jdbc:h2:mem:6a3784ae-1aa6-4bbf-b617-4d4aeabcc2af
update picture set spot_id=?, url=? where picture_id=?
update picture set spot_id=917, url='java.io.StringReader@4cd31d12' where picture_id=3451;
2022-10-10 13:48:04.830  INFO 3923 --- [    Test worker] p6spy                                    : #1665377284830 | took 0ms | statement | connection 28| url jdbc:h2:mem:6a3784ae-1aa6-4bbf-b617-4d4aeabcc2af
update picture set spot_id=?, url=? where picture_id=?
update picture set spot_id=918, url='java.io.StringReader@430a1362' where picture_id=3453;
2022-10-10 13:48:04.830  INFO 3923 --- [    Test worker] p6spy                                    : #1665377284830 | took 0ms | statement | connection 28| url jdbc:h2:mem:6a3784ae-1aa6-4bbf-b617-4d4aeabcc2af
update picture set spot_id=?, url=? where picture_id=?
update picture set spot_id=918, url='java.io.StringReader@2baa298a' where picture_id=3454;
2022-10-10 13:48:04.830  INFO 3923 --- [    Test worker] p6spy                                    : #1665377284830 | took 0ms | statement | connection 28| url jdbc:h2:mem:6a3784ae-1aa6-4bbf-b617-4d4aeabcc2af
update picture set spot_id=?, url=? where picture_id=?
update picture set spot_id=918, url='java.io.StringReader@7fb3e7a4' where picture_id=3455;
2022-10-10 13:48:04.830  INFO 3923 --- [    Test worker] p6spy                                    : #1665377284830 | took 0ms | statement | connection 28| url jdbc:h2:mem:6a3784ae-1aa6-4bbf-b617-4d4aeabcc2af
update picture set spot_id=?, url=? where picture_id=?
update picture set spot_id=919, url='java.io.StringReader@68f93623' where picture_id=3457;
2022-10-10 13:48:04.830  INFO 3923 --- [    Test worker] p6spy                                    : #1665377284830 | took 0ms | statement | connection 28| url jdbc:h2:mem:6a3784ae-1aa6-4bbf-b617-4d4aeabcc2af
update picture set spot_id=?, url=? where picture_id=?
update picture set spot_id=919, url='java.io.StringReader@6cdf4825' where picture_id=3458;
2022-10-10 13:48:04.830  INFO 3923 --- [    Test worker] p6spy                                    : #1665377284830 | took 0ms | statement | connection 28| url jdbc:h2:mem:6a3784ae-1aa6-4bbf-b617-4d4aeabcc2af
update picture set spot_id=?, url=? where picture_id=?
update picture set spot_id=919, url='java.io.StringReader@5bc935dc' where picture_id=3459;
2022-10-10 13:48:04.830  INFO 3923 --- [    Test worker] p6spy                                    : #1665377284830 | took 0ms | statement | connection 28| url jdbc:h2:mem:6a3784ae-1aa6-4bbf-b617-4d4aeabcc2af
update picture set spot_id=?, url=? where picture_id=?
update picture set spot_id=920, url='java.io.StringReader@7ca21663' where picture_id=3461;
2022-10-10 13:48:04.830  INFO 3923 --- [    Test worker] p6spy                                    : #1665377284830 | took 0ms | statement | connection 28| url jdbc:h2:mem:6a3784ae-1aa6-4bbf-b617-4d4aeabcc2af
update picture set spot_id=?, url=? where picture_id=?
update picture set spot_id=920, url='java.io.StringReader@459bbf17' where picture_id=3462;
2022-10-10 13:48:04.830  INFO 3923 --- [    Test worker] p6spy                                    : #1665377284830 | took 0ms | statement | connection 28| url jdbc:h2:mem:6a3784ae-1aa6-4bbf-b617-4d4aeabcc2af
update picture set spot_id=?, url=? where picture_id=?
update picture set spot_id=920, url='java.io.StringReader@2e21ccc3' where picture_id=3463;
2022-10-10 13:48:04.831  INFO 3923 --- [    Test worker] p6spy                                    : #1665377284831 | took 0ms | statement | connection 28| url jdbc:h2:mem:6a3784ae-1aa6-4bbf-b617-4d4aeabcc2af
update picture set spot_id=?, url=? where picture_id=?
update picture set spot_id=921, url='java.io.StringReader@18154756' where picture_id=3465;
2022-10-10 13:48:04.831  INFO 3923 --- [    Test worker] p6spy                                    : #1665377284831 | took 0ms | statement | connection 28| url jdbc:h2:mem:6a3784ae-1aa6-4bbf-b617-4d4aeabcc2af
update picture set spot_id=?, url=? where picture_id=?
update picture set spot_id=921, url='java.io.StringReader@10b5e0c9' where picture_id=3466;
2022-10-10 13:48:04.831  INFO 3923 --- [    Test worker] p6spy                                    : #1665377284831 | took 0ms | statement | connection 28| url jdbc:h2:mem:6a3784ae-1aa6-4bbf-b617-4d4aeabcc2af
update picture set spot_id=?, url=? where picture_id=?
update picture set spot_id=921, url='java.io.StringReader@4c3d9e1a' where picture_id=3467;
2022-10-10 13:48:04.831  INFO 3923 --- [    Test worker] p6spy                                    : #1665377284831 | took 0ms | statement | connection 28| url jdbc:h2:mem:6a3784ae-1aa6-4bbf-b617-4d4aeabcc2af
update picture set spot_id=?, url=? where picture_id=?
update picture set spot_id=922, url='java.io.StringReader@74789d0b' where picture_id=3469;
2022-10-10 13:48:04.831  INFO 3923 --- [    Test worker] p6spy                                    : #1665377284831 | took 0ms | statement | connection 28| url jdbc:h2:mem:6a3784ae-1aa6-4bbf-b617-4d4aeabcc2af
update picture set spot_id=?, url=? where picture_id=?
update picture set spot_id=922, url='java.io.StringReader@431403e2' where picture_id=3470;
2022-10-10 13:48:04.831  INFO 3923 --- [    Test worker] p6spy                                    : #1665377284831 | took 0ms | statement | connection 28| url jdbc:h2:mem:6a3784ae-1aa6-4bbf-b617-4d4aeabcc2af
update picture set spot_id=?, url=? where picture_id=?
update picture set spot_id=922, url='java.io.StringReader@68e95a3d' where picture_id=3471;
2022-10-10 13:48:04.831  INFO 3923 --- [    Test worker] p6spy                                    : #1665377284831 | took 0ms | statement | connection 28| url jdbc:h2:mem:6a3784ae-1aa6-4bbf-b617-4d4aeabcc2af
update picture set spot_id=?, url=? where picture_id=?
update picture set spot_id=923, url='java.io.StringReader@258ef93e' where picture_id=3473;
2022-10-10 13:48:04.831  INFO 3923 --- [    Test worker] p6spy                                    : #1665377284831 | took 0ms | statement | connection 28| url jdbc:h2:mem:6a3784ae-1aa6-4bbf-b617-4d4aeabcc2af
update picture set spot_id=?, url=? where picture_id=?
update picture set spot_id=923, url='java.io.StringReader@67908d' where picture_id=3474;
2022-10-10 13:48:04.831  INFO 3923 --- [    Test worker] p6spy                                    : #1665377284831 | took 0ms | statement | connection 28| url jdbc:h2:mem:6a3784ae-1aa6-4bbf-b617-4d4aeabcc2af
update picture set spot_id=?, url=? where picture_id=?
update picture set spot_id=923, url='java.io.StringReader@2fc50143' where picture_id=3475;
2022-10-10 13:48:04.831  INFO 3923 --- [    Test worker] p6spy                                    : #1665377284831 | took 0ms | statement | connection 28| url jdbc:h2:mem:6a3784ae-1aa6-4bbf-b617-4d4aeabcc2af
update picture set spot_id=?, url=? where picture_id=?
update picture set spot_id=924, url='java.io.StringReader@7b6f8286' where picture_id=3477;
2022-10-10 13:48:04.831  INFO 3923 --- [    Test worker] p6spy                                    : #1665377284831 | took 0ms | statement | connection 28| url jdbc:h2:mem:6a3784ae-1aa6-4bbf-b617-4d4aeabcc2af
update picture set spot_id=?, url=? where picture_id=?
update picture set spot_id=924, url='java.io.StringReader@48beada7' where picture_id=3478;
2022-10-10 13:48:04.831  INFO 3923 --- [    Test worker] p6spy                                    : #1665377284831 | took 0ms | statement | connection 28| url jdbc:h2:mem:6a3784ae-1aa6-4bbf-b617-4d4aeabcc2af
update picture set spot_id=?, url=? where picture_id=?
update picture set spot_id=924, url='java.io.StringReader@4694d2a3' where picture_id=3479;
2022-10-10 13:48:04.831  INFO 3923 --- [    Test worker] p6spy                                    : #1665377284831 | took 0ms | statement | connection 28| url jdbc:h2:mem:6a3784ae-1aa6-4bbf-b617-4d4aeabcc2af
update picture set spot_id=?, url=? where picture_id=?
update picture set spot_id=925, url='java.io.StringReader@20ce4909' where picture_id=3481;
2022-10-10 13:48:04.831  INFO 3923 --- [    Test worker] p6spy                                    : #1665377284831 | took 0ms | statement | connection 28| url jdbc:h2:mem:6a3784ae-1aa6-4bbf-b617-4d4aeabcc2af
update picture set spot_id=?, url=? where picture_id=?
update picture set spot_id=925, url='java.io.StringReader@43ab9743' where picture_id=3482;
2022-10-10 13:48:04.831  INFO 3923 --- [    Test worker] p6spy                                    : #1665377284831 | took 0ms | statement | connection 28| url jdbc:h2:mem:6a3784ae-1aa6-4bbf-b617-4d4aeabcc2af
update picture set spot_id=?, url=? where picture_id=?
update picture set spot_id=925, url='java.io.StringReader@587d34b7' where picture_id=3483;
2022-10-10 13:48:04.831  INFO 3923 --- [    Test worker] p6spy                                    : #1665377284831 | took 0ms | statement | connection 28| url jdbc:h2:mem:6a3784ae-1aa6-4bbf-b617-4d4aeabcc2af
update picture set spot_id=?, url=? where picture_id=?
update picture set spot_id=926, url='java.io.StringReader@2350db90' where picture_id=3485;
2022-10-10 13:48:04.831  INFO 3923 --- [    Test worker] p6spy                                    : #1665377284831 | took 0ms | statement | connection 28| url jdbc:h2:mem:6a3784ae-1aa6-4bbf-b617-4d4aeabcc2af
update picture set spot_id=?, url=? where picture_id=?
update picture set spot_id=926, url='java.io.StringReader@2c78d569' where picture_id=3486;
2022-10-10 13:48:04.831  INFO 3923 --- [    Test worker] p6spy                                    : #1665377284831 | took 0ms | statement | connection 28| url jdbc:h2:mem:6a3784ae-1aa6-4bbf-b617-4d4aeabcc2af
update picture set spot_id=?, url=? where picture_id=?
update picture set spot_id=926, url='java.io.StringReader@406f44a' where picture_id=3487;
2022-10-10 13:48:04.831  INFO 3923 --- [    Test worker] p6spy                                    : #1665377284831 | took 0ms | statement | connection 28| url jdbc:h2:mem:6a3784ae-1aa6-4bbf-b617-4d4aeabcc2af
update picture set spot_id=?, url=? where picture_id=?
update picture set spot_id=927, url='java.io.StringReader@7ea95d85' where picture_id=3489;
2022-10-10 13:48:04.831  INFO 3923 --- [    Test worker] p6spy                                    : #1665377284831 | took 0ms | statement | connection 28| url jdbc:h2:mem:6a3784ae-1aa6-4bbf-b617-4d4aeabcc2af
update picture set spot_id=?, url=? where picture_id=?
update picture set spot_id=927, url='java.io.StringReader@6710a906' where picture_id=3490;
2022-10-10 13:48:04.831  INFO 3923 --- [    Test worker] p6spy                                    : #1665377284831 | took 0ms | statement | connection 28| url jdbc:h2:mem:6a3784ae-1aa6-4bbf-b617-4d4aeabcc2af
update picture set spot_id=?, url=? where picture_id=?
update picture set spot_id=927, url='java.io.StringReader@64c00eda' where picture_id=3491;
2022-10-10 13:48:04.831  INFO 3923 --- [    Test worker] p6spy                                    : #1665377284831 | took 0ms | statement | connection 28| url jdbc:h2:mem:6a3784ae-1aa6-4bbf-b617-4d4aeabcc2af
update picture set spot_id=?, url=? where picture_id=?
update picture set spot_id=928, url='java.io.StringReader@38648e3b' where picture_id=3493;
2022-10-10 13:48:04.831  INFO 3923 --- [    Test worker] p6spy                                    : #1665377284831 | took 0ms | statement | connection 28| url jdbc:h2:mem:6a3784ae-1aa6-4bbf-b617-4d4aeabcc2af
update picture set spot_id=?, url=? where picture_id=?
update picture set spot_id=928, url='java.io.StringReader@519260a9' where picture_id=3494;
2022-10-10 13:48:04.831  INFO 3923 --- [    Test worker] p6spy                                    : #1665377284831 | took 0ms | statement | connection 28| url jdbc:h2:mem:6a3784ae-1aa6-4bbf-b617-4d4aeabcc2af
update picture set spot_id=?, url=? where picture_id=?
update picture set spot_id=928, url='java.io.StringReader@122220a2' where picture_id=3495;
2022-10-10 13:48:04.831  INFO 3923 --- [    Test worker] p6spy                                    : #1665377284831 | took 0ms | statement | connection 28| url jdbc:h2:mem:6a3784ae-1aa6-4bbf-b617-4d4aeabcc2af
update picture set spot_id=?, url=? where picture_id=?
update picture set spot_id=929, url='java.io.StringReader@7faf3fba' where picture_id=3497;
2022-10-10 13:48:04.831  INFO 3923 --- [    Test worker] p6spy                                    : #1665377284831 | took 0ms | statement | connection 28| url jdbc:h2:mem:6a3784ae-1aa6-4bbf-b617-4d4aeabcc2af
update picture set spot_id=?, url=? where picture_id=?
update picture set spot_id=929, url='java.io.StringReader@230ddd54' where picture_id=3498;
2022-10-10 13:48:04.831  INFO 3923 --- [    Test worker] p6spy                                    : #1665377284831 | took 0ms | statement | connection 28| url jdbc:h2:mem:6a3784ae-1aa6-4bbf-b617-4d4aeabcc2af
update picture set spot_id=?, url=? where picture_id=?
update picture set spot_id=929, url='java.io.StringReader@b27c911' where picture_id=3499;
2022-10-10 13:48:04.831  INFO 3923 --- [    Test worker] p6spy                                    : #1665377284831 | took 0ms | statement | connection 28| url jdbc:h2:mem:6a3784ae-1aa6-4bbf-b617-4d4aeabcc2af
update picture set spot_id=?, url=? where picture_id=?
update picture set spot_id=930, url='java.io.StringReader@1fa1aa1f' where picture_id=3501;
2022-10-10 13:48:04.831  INFO 3923 --- [    Test worker] p6spy                                    : #1665377284831 | took 0ms | statement | connection 28| url jdbc:h2:mem:6a3784ae-1aa6-4bbf-b617-4d4aeabcc2af
update picture set spot_id=?, url=? where picture_id=?
update picture set spot_id=930, url='java.io.StringReader@131d2862' where picture_id=3502;
2022-10-10 13:48:04.831  INFO 3923 --- [    Test worker] p6spy                                    : #1665377284831 | took 0ms | statement | connection 28| url jdbc:h2:mem:6a3784ae-1aa6-4bbf-b617-4d4aeabcc2af
update picture set spot_id=?, url=? where picture_id=?
update picture set spot_id=930, url='java.io.StringReader@7cee33c0' where picture_id=3503;
2022-10-10 13:48:04.831  INFO 3923 --- [    Test worker] p6spy                                    : #1665377284831 | took 0ms | statement | connection 28| url jdbc:h2:mem:6a3784ae-1aa6-4bbf-b617-4d4aeabcc2af
update picture set spot_id=?, url=? where picture_id=?
update picture set spot_id=931, url='java.io.StringReader@21d2db47' where picture_id=3505;
2022-10-10 13:48:04.831  INFO 3923 --- [    Test worker] p6spy                                    : #1665377284831 | took 0ms | statement | connection 28| url jdbc:h2:mem:6a3784ae-1aa6-4bbf-b617-4d4aeabcc2af
update picture set spot_id=?, url=? where picture_id=?
update picture set spot_id=931, url='java.io.StringReader@ad52f48' where picture_id=3506;
2022-10-10 13:48:04.831  INFO 3923 --- [    Test worker] p6spy                                    : #1665377284831 | took 0ms | statement | connection 28| url jdbc:h2:mem:6a3784ae-1aa6-4bbf-b617-4d4aeabcc2af
update picture set spot_id=?, url=? where picture_id=?
update picture set spot_id=931, url='java.io.StringReader@7b6eb63d' where picture_id=3507;
2022-10-10 13:48:04.831  INFO 3923 --- [    Test worker] p6spy                                    : #1665377284831 | took 0ms | statement | connection 28| url jdbc:h2:mem:6a3784ae-1aa6-4bbf-b617-4d4aeabcc2af
update picture set spot_id=?, url=? where picture_id=?
update picture set spot_id=932, url='java.io.StringReader@54cfc43c' where picture_id=3509;
2022-10-10 13:48:04.831  INFO 3923 --- [    Test worker] p6spy                                    : #1665377284831 | took 0ms | statement | connection 28| url jdbc:h2:mem:6a3784ae-1aa6-4bbf-b617-4d4aeabcc2af
update picture set spot_id=?, url=? where picture_id=?
update picture set spot_id=932, url='java.io.StringReader@6974d89b' where picture_id=3510;
2022-10-10 13:48:04.831  INFO 3923 --- [    Test worker] p6spy                                    : #1665377284831 | took 0ms | statement | connection 28| url jdbc:h2:mem:6a3784ae-1aa6-4bbf-b617-4d4aeabcc2af
update picture set spot_id=?, url=? where picture_id=?
update picture set spot_id=932, url='java.io.StringReader@6eaf7568' where picture_id=3511;
2022-10-10 13:48:04.831  INFO 3923 --- [    Test worker] p6spy                                    : #1665377284831 | took 0ms | statement | connection 28| url jdbc:h2:mem:6a3784ae-1aa6-4bbf-b617-4d4aeabcc2af
update picture set spot_id=?, url=? where picture_id=?
update picture set spot_id=933, url='java.io.StringReader@6f94d28' where picture_id=3513;
2022-10-10 13:48:04.831  INFO 3923 --- [    Test worker] p6spy                                    : #1665377284831 | took 0ms | statement | connection 28| url jdbc:h2:mem:6a3784ae-1aa6-4bbf-b617-4d4aeabcc2af
update picture set spot_id=?, url=? where picture_id=?
update picture set spot_id=933, url='java.io.StringReader@12f190db' where picture_id=3514;
2022-10-10 13:48:04.832  INFO 3923 --- [    Test worker] p6spy                                    : #1665377284832 | took 0ms | statement | connection 28| url jdbc:h2:mem:6a3784ae-1aa6-4bbf-b617-4d4aeabcc2af
update picture set spot_id=?, url=? where picture_id=?
update picture set spot_id=933, url='java.io.StringReader@3727e922' where picture_id=3515;
2022-10-10 13:48:04.832  INFO 3923 --- [    Test worker] p6spy                                    : #1665377284832 | took 0ms | statement | connection 28| url jdbc:h2:mem:6a3784ae-1aa6-4bbf-b617-4d4aeabcc2af
update picture set spot_id=?, url=? where picture_id=?
update picture set spot_id=934, url='java.io.StringReader@aebd5ad' where picture_id=3517;
2022-10-10 13:48:04.832  INFO 3923 --- [    Test worker] p6spy                                    : #1665377284832 | took 0ms | statement | connection 28| url jdbc:h2:mem:6a3784ae-1aa6-4bbf-b617-4d4aeabcc2af
update picture set spot_id=?, url=? where picture_id=?
update picture set spot_id=934, url='java.io.StringReader@3270ef85' where picture_id=3518;
2022-10-10 13:48:04.832  INFO 3923 --- [    Test worker] p6spy                                    : #1665377284832 | took 0ms | statement | connection 28| url jdbc:h2:mem:6a3784ae-1aa6-4bbf-b617-4d4aeabcc2af
update picture set spot_id=?, url=? where picture_id=?
update picture set spot_id=934, url='java.io.StringReader@39e37232' where picture_id=3519;
2022-10-10 13:48:04.832  INFO 3923 --- [    Test worker] p6spy                                    : #1665377284832 | took 0ms | statement | connection 28| url jdbc:h2:mem:6a3784ae-1aa6-4bbf-b617-4d4aeabcc2af
update picture set spot_id=?, url=? where picture_id=?
update picture set spot_id=935, url='java.io.StringReader@33a9f9b1' where picture_id=3521;
2022-10-10 13:48:04.832  INFO 3923 --- [    Test worker] p6spy                                    : #1665377284832 | took 0ms | statement | connection 28| url jdbc:h2:mem:6a3784ae-1aa6-4bbf-b617-4d4aeabcc2af
update picture set spot_id=?, url=? where picture_id=?
update picture set spot_id=935, url='java.io.StringReader@34165ed3' where picture_id=3522;
2022-10-10 13:48:04.832  INFO 3923 --- [    Test worker] p6spy                                    : #1665377284832 | took 0ms | statement | connection 28| url jdbc:h2:mem:6a3784ae-1aa6-4bbf-b617-4d4aeabcc2af
update picture set spot_id=?, url=? where picture_id=?
update picture set spot_id=935, url='java.io.StringReader@21b46a33' where picture_id=3523;
2022-10-10 13:48:04.832  INFO 3923 --- [    Test worker] p6spy                                    : #1665377284832 | took 0ms | statement | connection 28| url jdbc:h2:mem:6a3784ae-1aa6-4bbf-b617-4d4aeabcc2af
update picture set spot_id=?, url=? where picture_id=?
update picture set spot_id=936, url='java.io.StringReader@6d325e7a' where picture_id=3525;
2022-10-10 13:48:04.832  INFO 3923 --- [    Test worker] p6spy                                    : #1665377284832 | took 0ms | statement | connection 28| url jdbc:h2:mem:6a3784ae-1aa6-4bbf-b617-4d4aeabcc2af
update picture set spot_id=?, url=? where picture_id=?
update picture set spot_id=936, url='java.io.StringReader@643c2a22' where picture_id=3526;
2022-10-10 13:48:04.832  INFO 3923 --- [    Test worker] p6spy                                    : #1665377284832 | took 0ms | statement | connection 28| url jdbc:h2:mem:6a3784ae-1aa6-4bbf-b617-4d4aeabcc2af
update picture set spot_id=?, url=? where picture_id=?
update picture set spot_id=936, url='java.io.StringReader@7b394ad1' where picture_id=3527;
2022-10-10 13:48:04.832  INFO 3923 --- [    Test worker] p6spy                                    : #1665377284832 | took 0ms | statement | connection 28| url jdbc:h2:mem:6a3784ae-1aa6-4bbf-b617-4d4aeabcc2af
update picture set spot_id=?, url=? where picture_id=?
update picture set spot_id=937, url='java.io.StringReader@4307c992' where picture_id=3529;
2022-10-10 13:48:04.832  INFO 3923 --- [    Test worker] p6spy                                    : #1665377284832 | took 0ms | statement | connection 28| url jdbc:h2:mem:6a3784ae-1aa6-4bbf-b617-4d4aeabcc2af
update picture set spot_id=?, url=? where picture_id=?
update picture set spot_id=937, url='java.io.StringReader@5c24829e' where picture_id=3530;
2022-10-10 13:48:04.832  INFO 3923 --- [    Test worker] p6spy                                    : #1665377284832 | took 0ms | statement | connection 28| url jdbc:h2:mem:6a3784ae-1aa6-4bbf-b617-4d4aeabcc2af
update picture set spot_id=?, url=? where picture_id=?
update picture set spot_id=937, url='java.io.StringReader@1f949dcc' where picture_id=3531;
2022-10-10 13:48:04.832  INFO 3923 --- [    Test worker] p6spy                                    : #1665377284832 | took 0ms | statement | connection 28| url jdbc:h2:mem:6a3784ae-1aa6-4bbf-b617-4d4aeabcc2af
update picture set spot_id=?, url=? where picture_id=?
update picture set spot_id=938, url='java.io.StringReader@7d50c4e8' where picture_id=3533;
2022-10-10 13:48:04.832  INFO 3923 --- [    Test worker] p6spy                                    : #1665377284832 | took 0ms | statement | connection 28| url jdbc:h2:mem:6a3784ae-1aa6-4bbf-b617-4d4aeabcc2af
update picture set spot_id=?, url=? where picture_id=?
update picture set spot_id=938, url='java.io.StringReader@1aa70166' where picture_id=3534;
2022-10-10 13:48:04.832  INFO 3923 --- [    Test worker] p6spy                                    : #1665377284832 | took 0ms | statement | connection 28| url jdbc:h2:mem:6a3784ae-1aa6-4bbf-b617-4d4aeabcc2af
update picture set spot_id=?, url=? where picture_id=?
update picture set spot_id=938, url='java.io.StringReader@5ee9d5c' where picture_id=3535;
2022-10-10 13:48:04.832  INFO 3923 --- [    Test worker] p6spy                                    : #1665377284832 | took 0ms | statement | connection 28| url jdbc:h2:mem:6a3784ae-1aa6-4bbf-b617-4d4aeabcc2af
update picture set spot_id=?, url=? where picture_id=?
update picture set spot_id=939, url='java.io.StringReader@5c2b5dfa' where picture_id=3537;
2022-10-10 13:48:04.832  INFO 3923 --- [    Test worker] p6spy                                    : #1665377284832 | took 0ms | statement | connection 28| url jdbc:h2:mem:6a3784ae-1aa6-4bbf-b617-4d4aeabcc2af
update picture set spot_id=?, url=? where picture_id=?
update picture set spot_id=939, url='java.io.StringReader@378ee665' where picture_id=3538;
2022-10-10 13:48:04.832  INFO 3923 --- [    Test worker] p6spy                                    : #1665377284832 | took 0ms | statement | connection 28| url jdbc:h2:mem:6a3784ae-1aa6-4bbf-b617-4d4aeabcc2af
update picture set spot_id=?, url=? where picture_id=?
update picture set spot_id=939, url='java.io.StringReader@32222f38' where picture_id=3539;
2022-10-10 13:48:04.832  INFO 3923 --- [    Test worker] p6spy                                    : #1665377284832 | took 0ms | statement | connection 28| url jdbc:h2:mem:6a3784ae-1aa6-4bbf-b617-4d4aeabcc2af
update picture set spot_id=?, url=? where picture_id=?
update picture set spot_id=940, url='java.io.StringReader@2d27cd25' where picture_id=3541;
2022-10-10 13:48:04.832  INFO 3923 --- [    Test worker] p6spy                                    : #1665377284832 | took 0ms | statement | connection 28| url jdbc:h2:mem:6a3784ae-1aa6-4bbf-b617-4d4aeabcc2af
update picture set spot_id=?, url=? where picture_id=?
update picture set spot_id=940, url='java.io.StringReader@57e4cee1' where picture_id=3542;
2022-10-10 13:48:04.832  INFO 3923 --- [    Test worker] p6spy                                    : #1665377284832 | took 0ms | statement | connection 28| url jdbc:h2:mem:6a3784ae-1aa6-4bbf-b617-4d4aeabcc2af
update picture set spot_id=?, url=? where picture_id=?
update picture set spot_id=940, url='java.io.StringReader@33def139' where picture_id=3543;
2022-10-10 13:48:04.832  INFO 3923 --- [    Test worker] p6spy                                    : #1665377284832 | took 0ms | statement | connection 28| url jdbc:h2:mem:6a3784ae-1aa6-4bbf-b617-4d4aeabcc2af
update picture set spot_id=?, url=? where picture_id=?
update picture set spot_id=941, url='java.io.StringReader@c8534ce' where picture_id=3545;
2022-10-10 13:48:04.832  INFO 3923 --- [    Test worker] p6spy                                    : #1665377284832 | took 0ms | statement | connection 28| url jdbc:h2:mem:6a3784ae-1aa6-4bbf-b617-4d4aeabcc2af
update picture set spot_id=?, url=? where picture_id=?
update picture set spot_id=941, url='java.io.StringReader@293b20fe' where picture_id=3546;
2022-10-10 13:48:04.832  INFO 3923 --- [    Test worker] p6spy                                    : #1665377284832 | took 0ms | statement | connection 28| url jdbc:h2:mem:6a3784ae-1aa6-4bbf-b617-4d4aeabcc2af
update picture set spot_id=?, url=? where picture_id=?
update picture set spot_id=941, url='java.io.StringReader@7856e1fc' where picture_id=3547;
2022-10-10 13:48:04.832  INFO 3923 --- [    Test worker] p6spy                                    : #1665377284832 | took 0ms | statement | connection 28| url jdbc:h2:mem:6a3784ae-1aa6-4bbf-b617-4d4aeabcc2af
update picture set spot_id=?, url=? where picture_id=?
update picture set spot_id=942, url='java.io.StringReader@733dc5df' where picture_id=3549;
2022-10-10 13:48:04.832  INFO 3923 --- [    Test worker] p6spy                                    : #1665377284832 | took 0ms | statement | connection 28| url jdbc:h2:mem:6a3784ae-1aa6-4bbf-b617-4d4aeabcc2af
update picture set spot_id=?, url=? where picture_id=?
update picture set spot_id=942, url='java.io.StringReader@22385adb' where picture_id=3550;
2022-10-10 13:48:04.832  INFO 3923 --- [    Test worker] p6spy                                    : #1665377284832 | took 0ms | statement | connection 28| url jdbc:h2:mem:6a3784ae-1aa6-4bbf-b617-4d4aeabcc2af
update picture set spot_id=?, url=? where picture_id=?
update picture set spot_id=942, url='java.io.StringReader@6fc1c545' where picture_id=3551;
2022-10-10 13:48:04.832  INFO 3923 --- [    Test worker] p6spy                                    : #1665377284832 | took 0ms | statement | connection 28| url jdbc:h2:mem:6a3784ae-1aa6-4bbf-b617-4d4aeabcc2af
update picture set spot_id=?, url=? where picture_id=?
update picture set spot_id=943, url='java.io.StringReader@68b0155f' where picture_id=3553;
2022-10-10 13:48:04.832  INFO 3923 --- [    Test worker] p6spy                                    : #1665377284832 | took 0ms | statement | connection 28| url jdbc:h2:mem:6a3784ae-1aa6-4bbf-b617-4d4aeabcc2af
update picture set spot_id=?, url=? where picture_id=?
update picture set spot_id=943, url='java.io.StringReader@46147496' where picture_id=3554;
2022-10-10 13:48:04.832  INFO 3923 --- [    Test worker] p6spy                                    : #1665377284832 | took 0ms | statement | connection 28| url jdbc:h2:mem:6a3784ae-1aa6-4bbf-b617-4d4aeabcc2af
update picture set spot_id=?, url=? where picture_id=?
update picture set spot_id=943, url='java.io.StringReader@3a1b8d28' where picture_id=3555;
2022-10-10 13:48:04.832  INFO 3923 --- [    Test worker] p6spy                                    : #1665377284832 | took 0ms | statement | connection 28| url jdbc:h2:mem:6a3784ae-1aa6-4bbf-b617-4d4aeabcc2af
update picture set spot_id=?, url=? where picture_id=?
update picture set spot_id=944, url='java.io.StringReader@363cd097' where picture_id=3557;
2022-10-10 13:48:04.832  INFO 3923 --- [    Test worker] p6spy                                    : #1665377284832 | took 0ms | statement | connection 28| url jdbc:h2:mem:6a3784ae-1aa6-4bbf-b617-4d4aeabcc2af
update picture set spot_id=?, url=? where picture_id=?
update picture set spot_id=944, url='java.io.StringReader@3284977c' where picture_id=3558;
2022-10-10 13:48:04.832  INFO 3923 --- [    Test worker] p6spy                                    : #1665377284832 | took 0ms | statement | connection 28| url jdbc:h2:mem:6a3784ae-1aa6-4bbf-b617-4d4aeabcc2af
update picture set spot_id=?, url=? where picture_id=?
update picture set spot_id=944, url='java.io.StringReader@53cf212d' where picture_id=3559;
2022-10-10 13:48:04.832  INFO 3923 --- [    Test worker] p6spy                                    : #1665377284832 | took 0ms | statement | connection 28| url jdbc:h2:mem:6a3784ae-1aa6-4bbf-b617-4d4aeabcc2af
update picture set spot_id=?, url=? where picture_id=?
update picture set spot_id=945, url='java.io.StringReader@440daa12' where picture_id=3561;
2022-10-10 13:48:04.832  INFO 3923 --- [    Test worker] p6spy                                    : #1665377284832 | took 0ms | statement | connection 28| url jdbc:h2:mem:6a3784ae-1aa6-4bbf-b617-4d4aeabcc2af
update picture set spot_id=?, url=? where picture_id=?
update picture set spot_id=945, url='java.io.StringReader@1c8bd676' where picture_id=3562;
2022-10-10 13:48:04.832  INFO 3923 --- [    Test worker] p6spy                                    : #1665377284832 | took 0ms | statement | connection 28| url jdbc:h2:mem:6a3784ae-1aa6-4bbf-b617-4d4aeabcc2af
update picture set spot_id=?, url=? where picture_id=?
update picture set spot_id=945, url='java.io.StringReader@6e525a4e' where picture_id=3563;
2022-10-10 13:48:04.832  INFO 3923 --- [    Test worker] p6spy                                    : #1665377284832 | took 0ms | statement | connection 28| url jdbc:h2:mem:6a3784ae-1aa6-4bbf-b617-4d4aeabcc2af
update picture set spot_id=?, url=? where picture_id=?
update picture set spot_id=946, url='java.io.StringReader@6732c8fe' where picture_id=3565;
2022-10-10 13:48:04.833  INFO 3923 --- [    Test worker] p6spy                                    : #1665377284833 | took 0ms | statement | connection 28| url jdbc:h2:mem:6a3784ae-1aa6-4bbf-b617-4d4aeabcc2af
update picture set spot_id=?, url=? where picture_id=?
update picture set spot_id=946, url='java.io.StringReader@5cd4f99b' where picture_id=3566;
2022-10-10 13:48:04.833  INFO 3923 --- [    Test worker] p6spy                                    : #1665377284833 | took 0ms | statement | connection 28| url jdbc:h2:mem:6a3784ae-1aa6-4bbf-b617-4d4aeabcc2af
update picture set spot_id=?, url=? where picture_id=?
update picture set spot_id=946, url='java.io.StringReader@1fd56a74' where picture_id=3567;
2022-10-10 13:48:04.833  INFO 3923 --- [    Test worker] p6spy                                    : #1665377284833 | took 0ms | statement | connection 28| url jdbc:h2:mem:6a3784ae-1aa6-4bbf-b617-4d4aeabcc2af
update picture set spot_id=?, url=? where picture_id=?
update picture set spot_id=947, url='java.io.StringReader@77f68e5f' where picture_id=3569;
2022-10-10 13:48:04.833  INFO 3923 --- [    Test worker] p6spy                                    : #1665377284833 | took 0ms | statement | connection 28| url jdbc:h2:mem:6a3784ae-1aa6-4bbf-b617-4d4aeabcc2af
update picture set spot_id=?, url=? where picture_id=?
update picture set spot_id=947, url='java.io.StringReader@65cc7032' where picture_id=3570;
2022-10-10 13:48:04.833  INFO 3923 --- [    Test worker] p6spy                                    : #1665377284833 | took 0ms | statement | connection 28| url jdbc:h2:mem:6a3784ae-1aa6-4bbf-b617-4d4aeabcc2af
update picture set spot_id=?, url=? where picture_id=?
update picture set spot_id=947, url='java.io.StringReader@4a64cd58' where picture_id=3571;
2022-10-10 13:48:04.833  INFO 3923 --- [    Test worker] p6spy                                    : #1665377284833 | took 0ms | statement | connection 28| url jdbc:h2:mem:6a3784ae-1aa6-4bbf-b617-4d4aeabcc2af
update picture set spot_id=?, url=? where picture_id=?
update picture set spot_id=948, url='java.io.StringReader@6914aed6' where picture_id=3573;
2022-10-10 13:48:04.833  INFO 3923 --- [    Test worker] p6spy                                    : #1665377284833 | took 0ms | statement | connection 28| url jdbc:h2:mem:6a3784ae-1aa6-4bbf-b617-4d4aeabcc2af
update picture set spot_id=?, url=? where picture_id=?
update picture set spot_id=948, url='java.io.StringReader@46d213cc' where picture_id=3574;
2022-10-10 13:48:04.833  INFO 3923 --- [    Test worker] p6spy                                    : #1665377284833 | took 0ms | statement | connection 28| url jdbc:h2:mem:6a3784ae-1aa6-4bbf-b617-4d4aeabcc2af
update picture set spot_id=?, url=? where picture_id=?
update picture set spot_id=948, url='java.io.StringReader@f1a58f0' where picture_id=3575;
2022-10-10 13:48:04.833  INFO 3923 --- [    Test worker] p6spy                                    : #1665377284833 | took 0ms | statement | connection 28| url jdbc:h2:mem:6a3784ae-1aa6-4bbf-b617-4d4aeabcc2af
update picture set spot_id=?, url=? where picture_id=?
update picture set spot_id=949, url='java.io.StringReader@723ac4fc' where picture_id=3577;
2022-10-10 13:48:04.833  INFO 3923 --- [    Test worker] p6spy                                    : #1665377284833 | took 0ms | statement | connection 28| url jdbc:h2:mem:6a3784ae-1aa6-4bbf-b617-4d4aeabcc2af
update picture set spot_id=?, url=? where picture_id=?
update picture set spot_id=949, url='java.io.StringReader@c362045' where picture_id=3578;
2022-10-10 13:48:04.833  INFO 3923 --- [    Test worker] p6spy                                    : #1665377284833 | took 0ms | statement | connection 28| url jdbc:h2:mem:6a3784ae-1aa6-4bbf-b617-4d4aeabcc2af
update picture set spot_id=?, url=? where picture_id=?
update picture set spot_id=949, url='java.io.StringReader@7fec00f5' where picture_id=3579;
2022-10-10 13:48:04.833  INFO 3923 --- [    Test worker] p6spy                                    : #1665377284833 | took 0ms | statement | connection 28| url jdbc:h2:mem:6a3784ae-1aa6-4bbf-b617-4d4aeabcc2af
update picture set spot_id=?, url=? where picture_id=?
update picture set spot_id=950, url='java.io.StringReader@1b30d57f' where picture_id=3581;
2022-10-10 13:48:04.833  INFO 3923 --- [    Test worker] p6spy                                    : #1665377284833 | took 0ms | statement | connection 28| url jdbc:h2:mem:6a3784ae-1aa6-4bbf-b617-4d4aeabcc2af
update picture set spot_id=?, url=? where picture_id=?
update picture set spot_id=950, url='java.io.StringReader@6c6c4579' where picture_id=3582;
2022-10-10 13:48:04.833  INFO 3923 --- [    Test worker] p6spy                                    : #1665377284833 | took 0ms | statement | connection 28| url jdbc:h2:mem:6a3784ae-1aa6-4bbf-b617-4d4aeabcc2af
update picture set spot_id=?, url=? where picture_id=?
update picture set spot_id=950, url='java.io.StringReader@31083bb2' where picture_id=3583;
2022-10-10 13:48:04.833  INFO 3923 --- [    Test worker] p6spy                                    : #1665377284833 | took 0ms | statement | connection 28| url jdbc:h2:mem:6a3784ae-1aa6-4bbf-b617-4d4aeabcc2af
update picture set spot_id=?, url=? where picture_id=?
update picture set spot_id=951, url='java.io.StringReader@54a74ba0' where picture_id=3585;
2022-10-10 13:48:04.833  INFO 3923 --- [    Test worker] p6spy                                    : #1665377284833 | took 0ms | statement | connection 28| url jdbc:h2:mem:6a3784ae-1aa6-4bbf-b617-4d4aeabcc2af
update picture set spot_id=?, url=? where picture_id=?
update picture set spot_id=951, url='java.io.StringReader@da62e49' where picture_id=3586;
2022-10-10 13:48:04.833  INFO 3923 --- [    Test worker] p6spy                                    : #1665377284833 | took 0ms | statement | connection 28| url jdbc:h2:mem:6a3784ae-1aa6-4bbf-b617-4d4aeabcc2af
update picture set spot_id=?, url=? where picture_id=?
update picture set spot_id=951, url='java.io.StringReader@42b9ed71' where picture_id=3587;
2022-10-10 13:48:04.833  INFO 3923 --- [    Test worker] p6spy                                    : #1665377284833 | took 0ms | statement | connection 28| url jdbc:h2:mem:6a3784ae-1aa6-4bbf-b617-4d4aeabcc2af
update picture set spot_id=?, url=? where picture_id=?
update picture set spot_id=952, url='java.io.StringReader@62a6001b' where picture_id=3589;
2022-10-10 13:48:04.833  INFO 3923 --- [    Test worker] p6spy                                    : #1665377284833 | took 0ms | statement | connection 28| url jdbc:h2:mem:6a3784ae-1aa6-4bbf-b617-4d4aeabcc2af
update picture set spot_id=?, url=? where picture_id=?
update picture set spot_id=952, url='java.io.StringReader@69299627' where picture_id=3590;
2022-10-10 13:48:04.833  INFO 3923 --- [    Test worker] p6spy                                    : #1665377284833 | took 0ms | statement | connection 28| url jdbc:h2:mem:6a3784ae-1aa6-4bbf-b617-4d4aeabcc2af
update picture set spot_id=?, url=? where picture_id=?
update picture set spot_id=952, url='java.io.StringReader@56a3d205' where picture_id=3591;
2022-10-10 13:48:04.833  INFO 3923 --- [    Test worker] p6spy                                    : #1665377284833 | took 0ms | statement | connection 28| url jdbc:h2:mem:6a3784ae-1aa6-4bbf-b617-4d4aeabcc2af
update picture set spot_id=?, url=? where picture_id=?
update picture set spot_id=953, url='java.io.StringReader@cbd38bc' where picture_id=3593;
2022-10-10 13:48:04.833  INFO 3923 --- [    Test worker] p6spy                                    : #1665377284833 | took 0ms | statement | connection 28| url jdbc:h2:mem:6a3784ae-1aa6-4bbf-b617-4d4aeabcc2af
update picture set spot_id=?, url=? where picture_id=?
update picture set spot_id=953, url='java.io.StringReader@2d797196' where picture_id=3594;
2022-10-10 13:48:04.833  INFO 3923 --- [    Test worker] p6spy                                    : #1665377284833 | took 0ms | statement | connection 28| url jdbc:h2:mem:6a3784ae-1aa6-4bbf-b617-4d4aeabcc2af
update picture set spot_id=?, url=? where picture_id=?
update picture set spot_id=953, url='java.io.StringReader@5b6a0849' where picture_id=3595;
2022-10-10 13:48:04.833  INFO 3923 --- [    Test worker] p6spy                                    : #1665377284833 | took 0ms | statement | connection 28| url jdbc:h2:mem:6a3784ae-1aa6-4bbf-b617-4d4aeabcc2af
update picture set spot_id=?, url=? where picture_id=?
update picture set spot_id=954, url='java.io.StringReader@1d9a259b' where picture_id=3597;
2022-10-10 13:48:04.833  INFO 3923 --- [    Test worker] p6spy                                    : #1665377284833 | took 0ms | statement | connection 28| url jdbc:h2:mem:6a3784ae-1aa6-4bbf-b617-4d4aeabcc2af
update picture set spot_id=?, url=? where picture_id=?
update picture set spot_id=954, url='java.io.StringReader@25150750' where picture_id=3598;
2022-10-10 13:48:04.833  INFO 3923 --- [    Test worker] p6spy                                    : #1665377284833 | took 0ms | statement | connection 28| url jdbc:h2:mem:6a3784ae-1aa6-4bbf-b617-4d4aeabcc2af
update picture set spot_id=?, url=? where picture_id=?
update picture set spot_id=954, url='java.io.StringReader@24de7b00' where picture_id=3599;
2022-10-10 13:48:04.833  INFO 3923 --- [    Test worker] p6spy                                    : #1665377284833 | took 0ms | statement | connection 28| url jdbc:h2:mem:6a3784ae-1aa6-4bbf-b617-4d4aeabcc2af
update picture set spot_id=?, url=? where picture_id=?
update picture set spot_id=955, url='java.io.StringReader@55580664' where picture_id=3601;
2022-10-10 13:48:04.833  INFO 3923 --- [    Test worker] p6spy                                    : #1665377284833 | took 0ms | statement | connection 28| url jdbc:h2:mem:6a3784ae-1aa6-4bbf-b617-4d4aeabcc2af
update picture set spot_id=?, url=? where picture_id=?
update picture set spot_id=955, url='java.io.StringReader@6eb5f381' where picture_id=3602;
2022-10-10 13:48:04.833  INFO 3923 --- [    Test worker] p6spy                                    : #1665377284833 | took 0ms | statement | connection 28| url jdbc:h2:mem:6a3784ae-1aa6-4bbf-b617-4d4aeabcc2af
update picture set spot_id=?, url=? where picture_id=?
update picture set spot_id=955, url='java.io.StringReader@5edcbba1' where picture_id=3603;
2022-10-10 13:48:04.833  INFO 3923 --- [    Test worker] p6spy                                    : #1665377284833 | took 0ms | statement | connection 28| url jdbc:h2:mem:6a3784ae-1aa6-4bbf-b617-4d4aeabcc2af
update picture set spot_id=?, url=? where picture_id=?
update picture set spot_id=956, url='java.io.StringReader@5bd86fc3' where picture_id=3605;
2022-10-10 13:48:04.833  INFO 3923 --- [    Test worker] p6spy                                    : #1665377284833 | took 0ms | statement | connection 28| url jdbc:h2:mem:6a3784ae-1aa6-4bbf-b617-4d4aeabcc2af
update picture set spot_id=?, url=? where picture_id=?
update picture set spot_id=956, url='java.io.StringReader@41461474' where picture_id=3606;
2022-10-10 13:48:04.833  INFO 3923 --- [    Test worker] p6spy                                    : #1665377284833 | took 0ms | statement | connection 28| url jdbc:h2:mem:6a3784ae-1aa6-4bbf-b617-4d4aeabcc2af
update picture set spot_id=?, url=? where picture_id=?
update picture set spot_id=956, url='java.io.StringReader@562105f0' where picture_id=3607;
2022-10-10 13:48:04.833  INFO 3923 --- [    Test worker] p6spy                                    : #1665377284833 | took 0ms | statement | connection 28| url jdbc:h2:mem:6a3784ae-1aa6-4bbf-b617-4d4aeabcc2af
update picture set spot_id=?, url=? where picture_id=?
update picture set spot_id=957, url='java.io.StringReader@13d290f1' where picture_id=3609;
2022-10-10 13:48:04.833  INFO 3923 --- [    Test worker] p6spy                                    : #1665377284833 | took 0ms | statement | connection 28| url jdbc:h2:mem:6a3784ae-1aa6-4bbf-b617-4d4aeabcc2af
update picture set spot_id=?, url=? where picture_id=?
update picture set spot_id=957, url='java.io.StringReader@4b392b0c' where picture_id=3610;
2022-10-10 13:48:04.833  INFO 3923 --- [    Test worker] p6spy                                    : #1665377284833 | took 0ms | statement | connection 28| url jdbc:h2:mem:6a3784ae-1aa6-4bbf-b617-4d4aeabcc2af
update picture set spot_id=?, url=? where picture_id=?
update picture set spot_id=957, url='java.io.StringReader@13ae1cd0' where picture_id=3611;
2022-10-10 13:48:04.833  INFO 3923 --- [    Test worker] p6spy                                    : #1665377284833 | took 0ms | statement | connection 28| url jdbc:h2:mem:6a3784ae-1aa6-4bbf-b617-4d4aeabcc2af
update picture set spot_id=?, url=? where picture_id=?
update picture set spot_id=958, url='java.io.StringReader@50529b76' where picture_id=3613;
2022-10-10 13:48:04.833  INFO 3923 --- [    Test worker] p6spy                                    : #1665377284833 | took 0ms | statement | connection 28| url jdbc:h2:mem:6a3784ae-1aa6-4bbf-b617-4d4aeabcc2af
update picture set spot_id=?, url=? where picture_id=?
update picture set spot_id=958, url='java.io.StringReader@2ade60fd' where picture_id=3614;
2022-10-10 13:48:04.833  INFO 3923 --- [    Test worker] p6spy                                    : #1665377284833 | took 0ms | statement | connection 28| url jdbc:h2:mem:6a3784ae-1aa6-4bbf-b617-4d4aeabcc2af
update picture set spot_id=?, url=? where picture_id=?
update picture set spot_id=958, url='java.io.StringReader@286f5e5' where picture_id=3615;
2022-10-10 13:48:04.834  INFO 3923 --- [    Test worker] p6spy                                    : #1665377284834 | took 0ms | statement | connection 28| url jdbc:h2:mem:6a3784ae-1aa6-4bbf-b617-4d4aeabcc2af
update picture set spot_id=?, url=? where picture_id=?
update picture set spot_id=959, url='java.io.StringReader@58fa30d4' where picture_id=3617;
2022-10-10 13:48:04.834  INFO 3923 --- [    Test worker] p6spy                                    : #1665377284834 | took 0ms | statement | connection 28| url jdbc:h2:mem:6a3784ae-1aa6-4bbf-b617-4d4aeabcc2af
update picture set spot_id=?, url=? where picture_id=?
update picture set spot_id=959, url='java.io.StringReader@78e6a5a3' where picture_id=3618;
2022-10-10 13:48:04.834  INFO 3923 --- [    Test worker] p6spy                                    : #1665377284834 | took 0ms | statement | connection 28| url jdbc:h2:mem:6a3784ae-1aa6-4bbf-b617-4d4aeabcc2af
update picture set spot_id=?, url=? where picture_id=?
update picture set spot_id=959, url='java.io.StringReader@1a27268f' where picture_id=3619;
2022-10-10 13:48:04.834  INFO 3923 --- [    Test worker] p6spy                                    : #1665377284834 | took 0ms | statement | connection 28| url jdbc:h2:mem:6a3784ae-1aa6-4bbf-b617-4d4aeabcc2af
update picture set spot_id=?, url=? where picture_id=?
update picture set spot_id=960, url='java.io.StringReader@4e406e9b' where picture_id=3621;
2022-10-10 13:48:04.834  INFO 3923 --- [    Test worker] p6spy                                    : #1665377284834 | took 0ms | statement | connection 28| url jdbc:h2:mem:6a3784ae-1aa6-4bbf-b617-4d4aeabcc2af
update picture set spot_id=?, url=? where picture_id=?
update picture set spot_id=960, url='java.io.StringReader@3b94190b' where picture_id=3622;
2022-10-10 13:48:04.834  INFO 3923 --- [    Test worker] p6spy                                    : #1665377284834 | took 0ms | statement | connection 28| url jdbc:h2:mem:6a3784ae-1aa6-4bbf-b617-4d4aeabcc2af
update picture set spot_id=?, url=? where picture_id=?
update picture set spot_id=960, url='java.io.StringReader@226ef41' where picture_id=3623;
2022-10-10 13:48:04.834  INFO 3923 --- [    Test worker] p6spy                                    : #1665377284834 | took 0ms | statement | connection 28| url jdbc:h2:mem:6a3784ae-1aa6-4bbf-b617-4d4aeabcc2af
update picture set spot_id=?, url=? where picture_id=?
update picture set spot_id=961, url='java.io.StringReader@4bef02a1' where picture_id=3625;
2022-10-10 13:48:04.834  INFO 3923 --- [    Test worker] p6spy                                    : #1665377284834 | took 0ms | statement | connection 28| url jdbc:h2:mem:6a3784ae-1aa6-4bbf-b617-4d4aeabcc2af
update picture set spot_id=?, url=? where picture_id=?
update picture set spot_id=961, url='java.io.StringReader@277ed54' where picture_id=3626;
2022-10-10 13:48:04.834  INFO 3923 --- [    Test worker] p6spy                                    : #1665377284834 | took 0ms | statement | connection 28| url jdbc:h2:mem:6a3784ae-1aa6-4bbf-b617-4d4aeabcc2af
update picture set spot_id=?, url=? where picture_id=?
update picture set spot_id=961, url='java.io.StringReader@1b550787' where picture_id=3627;
2022-10-10 13:48:04.834  INFO 3923 --- [    Test worker] p6spy                                    : #1665377284834 | took 0ms | statement | connection 28| url jdbc:h2:mem:6a3784ae-1aa6-4bbf-b617-4d4aeabcc2af
update picture set spot_id=?, url=? where picture_id=?
update picture set spot_id=962, url='java.io.StringReader@49a637e7' where picture_id=3629;
2022-10-10 13:48:04.834  INFO 3923 --- [    Test worker] p6spy                                    : #1665377284834 | took 0ms | statement | connection 28| url jdbc:h2:mem:6a3784ae-1aa6-4bbf-b617-4d4aeabcc2af
update picture set spot_id=?, url=? where picture_id=?
update picture set spot_id=962, url='java.io.StringReader@45188019' where picture_id=3630;
2022-10-10 13:48:04.834  INFO 3923 --- [    Test worker] p6spy                                    : #1665377284834 | took 0ms | statement | connection 28| url jdbc:h2:mem:6a3784ae-1aa6-4bbf-b617-4d4aeabcc2af
update picture set spot_id=?, url=? where picture_id=?
update picture set spot_id=962, url='java.io.StringReader@6b4ca166' where picture_id=3631;
2022-10-10 13:48:04.834  INFO 3923 --- [    Test worker] p6spy                                    : #1665377284834 | took 0ms | statement | connection 28| url jdbc:h2:mem:6a3784ae-1aa6-4bbf-b617-4d4aeabcc2af
update picture set spot_id=?, url=? where picture_id=?
update picture set spot_id=963, url='java.io.StringReader@2e383d6f' where picture_id=3633;
2022-10-10 13:48:04.834  INFO 3923 --- [    Test worker] p6spy                                    : #1665377284834 | took 0ms | statement | connection 28| url jdbc:h2:mem:6a3784ae-1aa6-4bbf-b617-4d4aeabcc2af
update picture set spot_id=?, url=? where picture_id=?
update picture set spot_id=963, url='java.io.StringReader@370c1ea2' where picture_id=3634;
2022-10-10 13:48:04.834  INFO 3923 --- [    Test worker] p6spy                                    : #1665377284834 | took 0ms | statement | connection 28| url jdbc:h2:mem:6a3784ae-1aa6-4bbf-b617-4d4aeabcc2af
update picture set spot_id=?, url=? where picture_id=?
update picture set spot_id=963, url='java.io.StringReader@5de8c041' where picture_id=3635;
2022-10-10 13:48:04.834  INFO 3923 --- [    Test worker] p6spy                                    : #1665377284834 | took 0ms | statement | connection 28| url jdbc:h2:mem:6a3784ae-1aa6-4bbf-b617-4d4aeabcc2af
update picture set spot_id=?, url=? where picture_id=?
update picture set spot_id=964, url='java.io.StringReader@54b58502' where picture_id=3637;
2022-10-10 13:48:04.834  INFO 3923 --- [    Test worker] p6spy                                    : #1665377284834 | took 0ms | statement | connection 28| url jdbc:h2:mem:6a3784ae-1aa6-4bbf-b617-4d4aeabcc2af
update picture set spot_id=?, url=? where picture_id=?
update picture set spot_id=964, url='java.io.StringReader@2b587d0e' where picture_id=3638;
2022-10-10 13:48:04.834  INFO 3923 --- [    Test worker] p6spy                                    : #1665377284834 | took 0ms | statement | connection 28| url jdbc:h2:mem:6a3784ae-1aa6-4bbf-b617-4d4aeabcc2af
update picture set spot_id=?, url=? where picture_id=?
update picture set spot_id=964, url='java.io.StringReader@7c6a71a' where picture_id=3639;
2022-10-10 13:48:04.834  INFO 3923 --- [    Test worker] p6spy                                    : #1665377284834 | took 0ms | statement | connection 28| url jdbc:h2:mem:6a3784ae-1aa6-4bbf-b617-4d4aeabcc2af
update picture set spot_id=?, url=? where picture_id=?
update picture set spot_id=965, url='java.io.StringReader@7e7b169' where picture_id=3641;
2022-10-10 13:48:04.834  INFO 3923 --- [    Test worker] p6spy                                    : #1665377284834 | took 0ms | statement | connection 28| url jdbc:h2:mem:6a3784ae-1aa6-4bbf-b617-4d4aeabcc2af
update picture set spot_id=?, url=? where picture_id=?
update picture set spot_id=965, url='java.io.StringReader@56189144' where picture_id=3642;
2022-10-10 13:48:04.834  INFO 3923 --- [    Test worker] p6spy                                    : #1665377284834 | took 0ms | statement | connection 28| url jdbc:h2:mem:6a3784ae-1aa6-4bbf-b617-4d4aeabcc2af
update picture set spot_id=?, url=? where picture_id=?
update picture set spot_id=965, url='java.io.StringReader@29f5e2ac' where picture_id=3643;
2022-10-10 13:48:04.834  INFO 3923 --- [    Test worker] p6spy                                    : #1665377284834 | took 0ms | statement | connection 28| url jdbc:h2:mem:6a3784ae-1aa6-4bbf-b617-4d4aeabcc2af
update picture set spot_id=?, url=? where picture_id=?
update picture set spot_id=966, url='java.io.StringReader@494afcec' where picture_id=3645;
2022-10-10 13:48:04.834  INFO 3923 --- [    Test worker] p6spy                                    : #1665377284834 | took 0ms | statement | connection 28| url jdbc:h2:mem:6a3784ae-1aa6-4bbf-b617-4d4aeabcc2af
update picture set spot_id=?, url=? where picture_id=?
update picture set spot_id=966, url='java.io.StringReader@2d1bc25' where picture_id=3646;
2022-10-10 13:48:04.834  INFO 3923 --- [    Test worker] p6spy                                    : #1665377284834 | took 0ms | statement | connection 28| url jdbc:h2:mem:6a3784ae-1aa6-4bbf-b617-4d4aeabcc2af
update picture set spot_id=?, url=? where picture_id=?
update picture set spot_id=966, url='java.io.StringReader@52ac8f5f' where picture_id=3647;
2022-10-10 13:48:04.834  INFO 3923 --- [    Test worker] p6spy                                    : #1665377284834 | took 0ms | statement | connection 28| url jdbc:h2:mem:6a3784ae-1aa6-4bbf-b617-4d4aeabcc2af
update picture set spot_id=?, url=? where picture_id=?
update picture set spot_id=967, url='java.io.StringReader@40b24b8b' where picture_id=3649;
2022-10-10 13:48:04.834  INFO 3923 --- [    Test worker] p6spy                                    : #1665377284834 | took 0ms | statement | connection 28| url jdbc:h2:mem:6a3784ae-1aa6-4bbf-b617-4d4aeabcc2af
update picture set spot_id=?, url=? where picture_id=?
update picture set spot_id=967, url='java.io.StringReader@7b8214fc' where picture_id=3650;
2022-10-10 13:48:04.834  INFO 3923 --- [    Test worker] p6spy                                    : #1665377284834 | took 0ms | statement | connection 28| url jdbc:h2:mem:6a3784ae-1aa6-4bbf-b617-4d4aeabcc2af
update picture set spot_id=?, url=? where picture_id=?
update picture set spot_id=967, url='java.io.StringReader@51d1e7e6' where picture_id=3651;
2022-10-10 13:48:04.834  INFO 3923 --- [    Test worker] p6spy                                    : #1665377284834 | took 0ms | statement | connection 28| url jdbc:h2:mem:6a3784ae-1aa6-4bbf-b617-4d4aeabcc2af
update picture set spot_id=?, url=? where picture_id=?
update picture set spot_id=968, url='java.io.StringReader@8d068f2' where picture_id=3653;
2022-10-10 13:48:04.834  INFO 3923 --- [    Test worker] p6spy                                    : #1665377284834 | took 0ms | statement | connection 28| url jdbc:h2:mem:6a3784ae-1aa6-4bbf-b617-4d4aeabcc2af
update picture set spot_id=?, url=? where picture_id=?
update picture set spot_id=968, url='java.io.StringReader@5a5a36f0' where picture_id=3654;
2022-10-10 13:48:04.834  INFO 3923 --- [    Test worker] p6spy                                    : #1665377284834 | took 0ms | statement | connection 28| url jdbc:h2:mem:6a3784ae-1aa6-4bbf-b617-4d4aeabcc2af
update picture set spot_id=?, url=? where picture_id=?
update picture set spot_id=968, url='java.io.StringReader@10316997' where picture_id=3655;
2022-10-10 13:48:04.834  INFO 3923 --- [    Test worker] p6spy                                    : #1665377284834 | took 0ms | statement | connection 28| url jdbc:h2:mem:6a3784ae-1aa6-4bbf-b617-4d4aeabcc2af
update picture set spot_id=?, url=? where picture_id=?
update picture set spot_id=969, url='java.io.StringReader@ceee3a9' where picture_id=3657;
2022-10-10 13:48:04.834  INFO 3923 --- [    Test worker] p6spy                                    : #1665377284834 | took 0ms | statement | connection 28| url jdbc:h2:mem:6a3784ae-1aa6-4bbf-b617-4d4aeabcc2af
update picture set spot_id=?, url=? where picture_id=?
update picture set spot_id=969, url='java.io.StringReader@43bf1a97' where picture_id=3658;
2022-10-10 13:48:04.834  INFO 3923 --- [    Test worker] p6spy                                    : #1665377284834 | took 0ms | statement | connection 28| url jdbc:h2:mem:6a3784ae-1aa6-4bbf-b617-4d4aeabcc2af
update picture set spot_id=?, url=? where picture_id=?
update picture set spot_id=969, url='java.io.StringReader@6ea23e07' where picture_id=3659;
2022-10-10 13:48:04.834  INFO 3923 --- [    Test worker] p6spy                                    : #1665377284834 | took 0ms | statement | connection 28| url jdbc:h2:mem:6a3784ae-1aa6-4bbf-b617-4d4aeabcc2af
update picture set spot_id=?, url=? where picture_id=?
update picture set spot_id=970, url='java.io.StringReader@34ba9ff3' where picture_id=3661;
2022-10-10 13:48:04.834  INFO 3923 --- [    Test worker] p6spy                                    : #1665377284834 | took 0ms | statement | connection 28| url jdbc:h2:mem:6a3784ae-1aa6-4bbf-b617-4d4aeabcc2af
update picture set spot_id=?, url=? where picture_id=?
update picture set spot_id=970, url='java.io.StringReader@ecc43d6' where picture_id=3662;
2022-10-10 13:48:04.834  INFO 3923 --- [    Test worker] p6spy                                    : #1665377284834 | took 0ms | statement | connection 28| url jdbc:h2:mem:6a3784ae-1aa6-4bbf-b617-4d4aeabcc2af
update picture set spot_id=?, url=? where picture_id=?
update picture set spot_id=970, url='java.io.StringReader@77d042f' where picture_id=3663;
2022-10-10 13:48:04.835  INFO 3923 --- [    Test worker] c.j.r.FavoriteSpotQueryRepositoryTest    : member1 = Member(id=24, username=member1, email=member1@gmail.com, password=1234)
2022-10-10 13:48:04.835  INFO 3923 --- [    Test worker] c.j.r.FavoriteSpotQueryRepositoryTest    : favoriteMain = Favorite(id=44, name=1일차)
2022-10-10 13:48:04.835  INFO 3923 --- [    Test worker] c.j.r.FavoriteSpotQueryRepositoryTest    : spots[0] = capstone.jejuTourrecommend.domain.Spot@6b45adda
2022-10-10 13:48:04.835  INFO 3923 --- [    Test worker] c.j.r.FavoriteSpotQueryRepositoryTest    : favoriteSpots[0] = FavoriteSpot(id=579, count=0)
2022-10-10 13:48:04.835  INFO 3923 --- [    Test worker] p6spy                                    : #1665377284835 | took 0ms | statement | connection 28| url jdbc:h2:mem:6a3784ae-1aa6-4bbf-b617-4d4aeabcc2af
select member0_.member_id as member_i1_2_, member0_.created_date as created_2_2_, member0_.last_modified_date as last_mod3_2_, member0_.created_by as created_4_2_, member0_.last_modified_by as last_mod5_2_, member0_.email as email6_2_, member0_.password as password7_2_, member0_.refresh_token as refresh_8_2_, member0_.role as role9_2_, member0_.username as usernam10_2_ from member member0_ where member0_.email=?
select member0_.member_id as member_i1_2_, member0_.created_date as created_2_2_, member0_.last_modified_date as last_mod3_2_, member0_.created_by as created_4_2_, member0_.last_modified_by as last_mod5_2_, member0_.email as email6_2_, member0_.password as password7_2_, member0_.refresh_token as refresh_8_2_, member0_.role as role9_2_, member0_.username as usernam10_2_ from member member0_ where member0_.email='member1@gmail.com';
2022-10-10 13:48:04.836  INFO 3923 --- [    Test worker] p6spy                                    : #1665377284836 | took 0ms | statement | connection 28| url jdbc:h2:mem:6a3784ae-1aa6-4bbf-b617-4d4aeabcc2af
select favorite0_.favorite_id as col_0_0_, favorite0_.name as col_1_0_ from favorite favorite0_ where favorite0_.member_id=? limit ?
select favorite0_.favorite_id as col_0_0_, favorite0_.name as col_1_0_ from favorite favorite0_ where favorite0_.member_id=24 limit 3;
2022-10-10 13:48:04.837  INFO 3923 --- [    Test worker] p6spy                                    : #1665377284837 | took 0ms | statement | connection 28| url jdbc:h2:mem:6a3784ae-1aa6-4bbf-b617-4d4aeabcc2af
select favoritesp0_.spot_id as col_0_0_ from favorite_spot favoritesp0_ where favoritesp0_.favorite_id=?
select favoritesp0_.spot_id as col_0_0_ from favorite_spot favoritesp0_ where favoritesp0_.favorite_id=44;
2022-10-10 13:48:04.837  INFO 3923 --- [    Test worker] p6spy                                    : #1665377284837 | took 0ms | statement | connection 28| url jdbc:h2:mem:6a3784ae-1aa6-4bbf-b617-4d4aeabcc2af
select picture0_.picture_id as col_0_0_, picture0_.url as col_1_0_, picture0_.spot_id as col_2_0_ from picture picture0_ inner join spot spot1_ on picture0_.spot_id=spot1_.spot_id where picture0_.spot_id=? limit ?
select picture0_.picture_id as col_0_0_, picture0_.url as col_1_0_, picture0_.spot_id as col_2_0_ from picture picture0_ inner join spot spot1_ on picture0_.spot_id=spot1_.spot_id where picture0_.spot_id=871 limit 3;
2022-10-10 13:48:04.837  INFO 3923 --- [    Test worker] p6spy                                    : #1665377284837 | took 0ms | statement | connection 28| url jdbc:h2:mem:6a3784ae-1aa6-4bbf-b617-4d4aeabcc2af
select picture0_.picture_id as col_0_0_, picture0_.url as col_1_0_, picture0_.spot_id as col_2_0_ from picture picture0_ inner join spot spot1_ on picture0_.spot_id=spot1_.spot_id where picture0_.spot_id=? limit ?
select picture0_.picture_id as col_0_0_, picture0_.url as col_1_0_, picture0_.spot_id as col_2_0_ from picture picture0_ inner join spot spot1_ on picture0_.spot_id=spot1_.spot_id where picture0_.spot_id=873 limit 3;
2022-10-10 13:48:04.838  INFO 3923 --- [    Test worker] p6spy                                    : #1665377284838 | took 0ms | statement | connection 28| url jdbc:h2:mem:6a3784ae-1aa6-4bbf-b617-4d4aeabcc2af
select picture0_.picture_id as col_0_0_, picture0_.url as col_1_0_, picture0_.spot_id as col_2_0_ from picture picture0_ inner join spot spot1_ on picture0_.spot_id=spot1_.spot_id where picture0_.spot_id=? limit ?
select picture0_.picture_id as col_0_0_, picture0_.url as col_1_0_, picture0_.spot_id as col_2_0_ from picture picture0_ inner join spot spot1_ on picture0_.spot_id=spot1_.spot_id where picture0_.spot_id=875 limit 3;
2022-10-10 13:48:04.838  INFO 3923 --- [    Test worker] p6spy                                    : #1665377284838 | took 0ms | statement | connection 28| url jdbc:h2:mem:6a3784ae-1aa6-4bbf-b617-4d4aeabcc2af
select picture0_.picture_id as col_0_0_, picture0_.url as col_1_0_, picture0_.spot_id as col_2_0_ from picture picture0_ inner join spot spot1_ on picture0_.spot_id=spot1_.spot_id where picture0_.spot_id=? limit ?
select picture0_.picture_id as col_0_0_, picture0_.url as col_1_0_, picture0_.spot_id as col_2_0_ from picture picture0_ inner join spot spot1_ on picture0_.spot_id=spot1_.spot_id where picture0_.spot_id=877 limit 3;
2022-10-10 13:48:04.838  INFO 3923 --- [    Test worker] p6spy                                    : #1665377284838 | took 0ms | statement | connection 28| url jdbc:h2:mem:6a3784ae-1aa6-4bbf-b617-4d4aeabcc2af
select picture0_.picture_id as col_0_0_, picture0_.url as col_1_0_, picture0_.spot_id as col_2_0_ from picture picture0_ inner join spot spot1_ on picture0_.spot_id=spot1_.spot_id where picture0_.spot_id=? limit ?
select picture0_.picture_id as col_0_0_, picture0_.url as col_1_0_, picture0_.spot_id as col_2_0_ from picture picture0_ inner join spot spot1_ on picture0_.spot_id=spot1_.spot_id where picture0_.spot_id=879 limit 3;
2022-10-10 13:48:04.838  INFO 3923 --- [    Test worker] p6spy                                    : #1665377284838 | took 0ms | statement | connection 28| url jdbc:h2:mem:6a3784ae-1aa6-4bbf-b617-4d4aeabcc2af
select picture0_.picture_id as col_0_0_, picture0_.url as col_1_0_, picture0_.spot_id as col_2_0_ from picture picture0_ inner join spot spot1_ on picture0_.spot_id=spot1_.spot_id where picture0_.spot_id=? limit ?
select picture0_.picture_id as col_0_0_, picture0_.url as col_1_0_, picture0_.spot_id as col_2_0_ from picture picture0_ inner join spot spot1_ on picture0_.spot_id=spot1_.spot_id where picture0_.spot_id=881 limit 3;
2022-10-10 13:48:04.839  INFO 3923 --- [    Test worker] p6spy                                    : #1665377284839 | took 0ms | statement | connection 28| url jdbc:h2:mem:6a3784ae-1aa6-4bbf-b617-4d4aeabcc2af
select picture0_.picture_id as col_0_0_, picture0_.url as col_1_0_, picture0_.spot_id as col_2_0_ from picture picture0_ inner join spot spot1_ on picture0_.spot_id=spot1_.spot_id where picture0_.spot_id=? limit ?
select picture0_.picture_id as col_0_0_, picture0_.url as col_1_0_, picture0_.spot_id as col_2_0_ from picture picture0_ inner join spot spot1_ on picture0_.spot_id=spot1_.spot_id where picture0_.spot_id=883 limit 3;
2022-10-10 13:48:04.839  INFO 3923 --- [    Test worker] p6spy                                    : #1665377284839 | took 0ms | statement | connection 28| url jdbc:h2:mem:6a3784ae-1aa6-4bbf-b617-4d4aeabcc2af
select picture0_.picture_id as col_0_0_, picture0_.url as col_1_0_, picture0_.spot_id as col_2_0_ from picture picture0_ inner join spot spot1_ on picture0_.spot_id=spot1_.spot_id where picture0_.spot_id=? limit ?
select picture0_.picture_id as col_0_0_, picture0_.url as col_1_0_, picture0_.spot_id as col_2_0_ from picture picture0_ inner join spot spot1_ on picture0_.spot_id=spot1_.spot_id where picture0_.spot_id=885 limit 3;
2022-10-10 13:48:04.839  INFO 3923 --- [    Test worker] p6spy                                    : #1665377284839 | took 0ms | statement | connection 28| url jdbc:h2:mem:6a3784ae-1aa6-4bbf-b617-4d4aeabcc2af
select picture0_.picture_id as col_0_0_, picture0_.url as col_1_0_, picture0_.spot_id as col_2_0_ from picture picture0_ inner join spot spot1_ on picture0_.spot_id=spot1_.spot_id where picture0_.spot_id=? limit ?
select picture0_.picture_id as col_0_0_, picture0_.url as col_1_0_, picture0_.spot_id as col_2_0_ from picture picture0_ inner join spot spot1_ on picture0_.spot_id=spot1_.spot_id where picture0_.spot_id=887 limit 3;
2022-10-10 13:48:04.839  INFO 3923 --- [    Test worker] p6spy                                    : #1665377284839 | took 0ms | statement | connection 28| url jdbc:h2:mem:6a3784ae-1aa6-4bbf-b617-4d4aeabcc2af
select picture0_.picture_id as col_0_0_, picture0_.url as col_1_0_, picture0_.spot_id as col_2_0_ from picture picture0_ inner join spot spot1_ on picture0_.spot_id=spot1_.spot_id where picture0_.spot_id=? limit ?
select picture0_.picture_id as col_0_0_, picture0_.url as col_1_0_, picture0_.spot_id as col_2_0_ from picture picture0_ inner join spot spot1_ on picture0_.spot_id=spot1_.spot_id where picture0_.spot_id=889 limit 3;
2022-10-10 13:48:04.839  INFO 3923 --- [    Test worker] p6spy                                    : #1665377284839 | took 0ms | statement | connection 28| url jdbc:h2:mem:6a3784ae-1aa6-4bbf-b617-4d4aeabcc2af
select picture0_.picture_id as col_0_0_, picture0_.url as col_1_0_, picture0_.spot_id as col_2_0_ from picture picture0_ inner join spot spot1_ on picture0_.spot_id=spot1_.spot_id where picture0_.spot_id=? limit ?
select picture0_.picture_id as col_0_0_, picture0_.url as col_1_0_, picture0_.spot_id as col_2_0_ from picture picture0_ inner join spot spot1_ on picture0_.spot_id=spot1_.spot_id where picture0_.spot_id=891 limit 3;
2022-10-10 13:48:04.840  INFO 3923 --- [    Test worker] p6spy                                    : #1665377284840 | took 0ms | statement | connection 28| url jdbc:h2:mem:6a3784ae-1aa6-4bbf-b617-4d4aeabcc2af
select picture0_.picture_id as col_0_0_, picture0_.url as col_1_0_, picture0_.spot_id as col_2_0_ from picture picture0_ inner join spot spot1_ on picture0_.spot_id=spot1_.spot_id where picture0_.spot_id=? limit ?
select picture0_.picture_id as col_0_0_, picture0_.url as col_1_0_, picture0_.spot_id as col_2_0_ from picture picture0_ inner join spot spot1_ on picture0_.spot_id=spot1_.spot_id where picture0_.spot_id=893 limit 3;
2022-10-10 13:48:04.840  INFO 3923 --- [    Test worker] p6spy                                    : #1665377284840 | took 0ms | statement | connection 28| url jdbc:h2:mem:6a3784ae-1aa6-4bbf-b617-4d4aeabcc2af
select picture0_.picture_id as col_0_0_, picture0_.url as col_1_0_, picture0_.spot_id as col_2_0_ from picture picture0_ inner join spot spot1_ on picture0_.spot_id=spot1_.spot_id where picture0_.spot_id=? limit ?
select picture0_.picture_id as col_0_0_, picture0_.url as col_1_0_, picture0_.spot_id as col_2_0_ from picture picture0_ inner join spot spot1_ on picture0_.spot_id=spot1_.spot_id where picture0_.spot_id=895 limit 3;
2022-10-10 13:48:04.840  INFO 3923 --- [    Test worker] p6spy                                    : #1665377284840 | took 0ms | statement | connection 28| url jdbc:h2:mem:6a3784ae-1aa6-4bbf-b617-4d4aeabcc2af
select picture0_.picture_id as col_0_0_, picture0_.url as col_1_0_, picture0_.spot_id as col_2_0_ from picture picture0_ inner join spot spot1_ on picture0_.spot_id=spot1_.spot_id where picture0_.spot_id=? limit ?
select picture0_.picture_id as col_0_0_, picture0_.url as col_1_0_, picture0_.spot_id as col_2_0_ from picture picture0_ inner join spot spot1_ on picture0_.spot_id=spot1_.spot_id where picture0_.spot_id=897 limit 3;
2022-10-10 13:48:04.840  INFO 3923 --- [    Test worker] p6spy                                    : #1665377284840 | took 0ms | statement | connection 28| url jdbc:h2:mem:6a3784ae-1aa6-4bbf-b617-4d4aeabcc2af
select picture0_.picture_id as col_0_0_, picture0_.url as col_1_0_, picture0_.spot_id as col_2_0_ from picture picture0_ inner join spot spot1_ on picture0_.spot_id=spot1_.spot_id where picture0_.spot_id=? limit ?
select picture0_.picture_id as col_0_0_, picture0_.url as col_1_0_, picture0_.spot_id as col_2_0_ from picture picture0_ inner join spot spot1_ on picture0_.spot_id=spot1_.spot_id where picture0_.spot_id=899 limit 3;
2022-10-10 13:48:04.841  INFO 3923 --- [    Test worker] p6spy                                    : #1665377284841 | took 0ms | statement | connection 28| url jdbc:h2:mem:6a3784ae-1aa6-4bbf-b617-4d4aeabcc2af
select picture0_.picture_id as col_0_0_, picture0_.url as col_1_0_, picture0_.spot_id as col_2_0_ from picture picture0_ inner join spot spot1_ on picture0_.spot_id=spot1_.spot_id where picture0_.spot_id=? limit ?
select picture0_.picture_id as col_0_0_, picture0_.url as col_1_0_, picture0_.spot_id as col_2_0_ from picture picture0_ inner join spot spot1_ on picture0_.spot_id=spot1_.spot_id where picture0_.spot_id=901 limit 3;
2022-10-10 13:48:04.841  INFO 3923 --- [    Test worker] p6spy                                    : #1665377284841 | took 0ms | statement | connection 28| url jdbc:h2:mem:6a3784ae-1aa6-4bbf-b617-4d4aeabcc2af
select picture0_.picture_id as col_0_0_, picture0_.url as col_1_0_, picture0_.spot_id as col_2_0_ from picture picture0_ inner join spot spot1_ on picture0_.spot_id=spot1_.spot_id where picture0_.spot_id=? limit ?
select picture0_.picture_id as col_0_0_, picture0_.url as col_1_0_, picture0_.spot_id as col_2_0_ from picture picture0_ inner join spot spot1_ on picture0_.spot_id=spot1_.spot_id where picture0_.spot_id=903 limit 3;
2022-10-10 13:48:04.841  INFO 3923 --- [    Test worker] p6spy                                    : #1665377284841 | took 0ms | statement | connection 28| url jdbc:h2:mem:6a3784ae-1aa6-4bbf-b617-4d4aeabcc2af
select picture0_.picture_id as col_0_0_, picture0_.url as col_1_0_, picture0_.spot_id as col_2_0_ from picture picture0_ inner join spot spot1_ on picture0_.spot_id=spot1_.spot_id where picture0_.spot_id=? limit ?
select picture0_.picture_id as col_0_0_, picture0_.url as col_1_0_, picture0_.spot_id as col_2_0_ from picture picture0_ inner join spot spot1_ on picture0_.spot_id=spot1_.spot_id where picture0_.spot_id=905 limit 3;
2022-10-10 13:48:04.841  INFO 3923 --- [    Test worker] p6spy                                    : #1665377284841 | took 0ms | statement | connection 28| url jdbc:h2:mem:6a3784ae-1aa6-4bbf-b617-4d4aeabcc2af
select picture0_.picture_id as col_0_0_, picture0_.url as col_1_0_, picture0_.spot_id as col_2_0_ from picture picture0_ inner join spot spot1_ on picture0_.spot_id=spot1_.spot_id where picture0_.spot_id=? limit ?
select picture0_.picture_id as col_0_0_, picture0_.url as col_1_0_, picture0_.spot_id as col_2_0_ from picture picture0_ inner join spot spot1_ on picture0_.spot_id=spot1_.spot_id where picture0_.spot_id=907 limit 3;
2022-10-10 13:48:04.841  INFO 3923 --- [    Test worker] p6spy                                    : #1665377284841 | took 0ms | statement | connection 28| url jdbc:h2:mem:6a3784ae-1aa6-4bbf-b617-4d4aeabcc2af
select picture0_.picture_id as col_0_0_, picture0_.url as col_1_0_, picture0_.spot_id as col_2_0_ from picture picture0_ inner join spot spot1_ on picture0_.spot_id=spot1_.spot_id where picture0_.spot_id=? limit ?
select picture0_.picture_id as col_0_0_, picture0_.url as col_1_0_, picture0_.spot_id as col_2_0_ from picture picture0_ inner join spot spot1_ on picture0_.spot_id=spot1_.spot_id where picture0_.spot_id=909 limit 3;
2022-10-10 13:48:04.842  INFO 3923 --- [    Test worker] p6spy                                    : #1665377284842 | took 0ms | statement | connection 28| url jdbc:h2:mem:6a3784ae-1aa6-4bbf-b617-4d4aeabcc2af
select picture0_.picture_id as col_0_0_, picture0_.url as col_1_0_, picture0_.spot_id as col_2_0_ from picture picture0_ inner join spot spot1_ on picture0_.spot_id=spot1_.spot_id where picture0_.spot_id=? limit ?
select picture0_.picture_id as col_0_0_, picture0_.url as col_1_0_, picture0_.spot_id as col_2_0_ from picture picture0_ inner join spot spot1_ on picture0_.spot_id=spot1_.spot_id where picture0_.spot_id=911 limit 3;
2022-10-10 13:48:04.842  INFO 3923 --- [    Test worker] p6spy                                    : #1665377284842 | took 0ms | statement | connection 28| url jdbc:h2:mem:6a3784ae-1aa6-4bbf-b617-4d4aeabcc2af
select picture0_.picture_id as col_0_0_, picture0_.url as col_1_0_, picture0_.spot_id as col_2_0_ from picture picture0_ inner join spot spot1_ on picture0_.spot_id=spot1_.spot_id where picture0_.spot_id=? limit ?
select picture0_.picture_id as col_0_0_, picture0_.url as col_1_0_, picture0_.spot_id as col_2_0_ from picture picture0_ inner join spot spot1_ on picture0_.spot_id=spot1_.spot_id where picture0_.spot_id=913 limit 3;
2022-10-10 13:48:04.842  INFO 3923 --- [    Test worker] p6spy                                    : #1665377284842 | took 0ms | statement | connection 28| url jdbc:h2:mem:6a3784ae-1aa6-4bbf-b617-4d4aeabcc2af
select picture0_.picture_id as col_0_0_, picture0_.url as col_1_0_, picture0_.spot_id as col_2_0_ from picture picture0_ inner join spot spot1_ on picture0_.spot_id=spot1_.spot_id where picture0_.spot_id=? limit ?
select picture0_.picture_id as col_0_0_, picture0_.url as col_1_0_, picture0_.spot_id as col_2_0_ from picture picture0_ inner join spot spot1_ on picture0_.spot_id=spot1_.spot_id where picture0_.spot_id=915 limit 3;
2022-10-10 13:48:04.842  INFO 3923 --- [    Test worker] p6spy                                    : #1665377284842 | took 0ms | statement | connection 28| url jdbc:h2:mem:6a3784ae-1aa6-4bbf-b617-4d4aeabcc2af
select picture0_.picture_id as col_0_0_, picture0_.url as col_1_0_, picture0_.spot_id as col_2_0_ from picture picture0_ inner join spot spot1_ on picture0_.spot_id=spot1_.spot_id where picture0_.spot_id=? limit ?
select picture0_.picture_id as col_0_0_, picture0_.url as col_1_0_, picture0_.spot_id as col_2_0_ from picture picture0_ inner join spot spot1_ on picture0_.spot_id=spot1_.spot_id where picture0_.spot_id=917 limit 3;
2022-10-10 13:48:04.843  INFO 3923 --- [    Test worker] p6spy                                    : #1665377284843 | took 0ms | statement | connection 28| url jdbc:h2:mem:6a3784ae-1aa6-4bbf-b617-4d4aeabcc2af
select picture0_.picture_id as col_0_0_, picture0_.url as col_1_0_, picture0_.spot_id as col_2_0_ from picture picture0_ inner join spot spot1_ on picture0_.spot_id=spot1_.spot_id where picture0_.spot_id=? limit ?
select picture0_.picture_id as col_0_0_, picture0_.url as col_1_0_, picture0_.spot_id as col_2_0_ from picture picture0_ inner join spot spot1_ on picture0_.spot_id=spot1_.spot_id where picture0_.spot_id=919 limit 3;
2022-10-10 13:48:04.843  INFO 3923 --- [    Test worker] p6spy                                    : #1665377284843 | took 0ms | statement | connection 28| url jdbc:h2:mem:6a3784ae-1aa6-4bbf-b617-4d4aeabcc2af
select picture0_.picture_id as col_0_0_, picture0_.url as col_1_0_, picture0_.spot_id as col_2_0_ from picture picture0_ inner join spot spot1_ on picture0_.spot_id=spot1_.spot_id where picture0_.spot_id=? limit ?
select picture0_.picture_id as col_0_0_, picture0_.url as col_1_0_, picture0_.spot_id as col_2_0_ from picture picture0_ inner join spot spot1_ on picture0_.spot_id=spot1_.spot_id where picture0_.spot_id=921 limit 3;
2022-10-10 13:48:04.843  INFO 3923 --- [    Test worker] p6spy                                    : #1665377284843 | took 0ms | statement | connection 28| url jdbc:h2:mem:6a3784ae-1aa6-4bbf-b617-4d4aeabcc2af
select picture0_.picture_id as col_0_0_, picture0_.url as col_1_0_, picture0_.spot_id as col_2_0_ from picture picture0_ inner join spot spot1_ on picture0_.spot_id=spot1_.spot_id where picture0_.spot_id=? limit ?
select picture0_.picture_id as col_0_0_, picture0_.url as col_1_0_, picture0_.spot_id as col_2_0_ from picture picture0_ inner join spot spot1_ on picture0_.spot_id=spot1_.spot_id where picture0_.spot_id=923 limit 3;
2022-10-10 13:48:04.843  INFO 3923 --- [    Test worker] p6spy                                    : #1665377284843 | took 0ms | statement | connection 28| url jdbc:h2:mem:6a3784ae-1aa6-4bbf-b617-4d4aeabcc2af
select picture0_.picture_id as col_0_0_, picture0_.url as col_1_0_, picture0_.spot_id as col_2_0_ from picture picture0_ inner join spot spot1_ on picture0_.spot_id=spot1_.spot_id where picture0_.spot_id=? limit ?
select picture0_.picture_id as col_0_0_, picture0_.url as col_1_0_, picture0_.spot_id as col_2_0_ from picture picture0_ inner join spot spot1_ on picture0_.spot_id=spot1_.spot_id where picture0_.spot_id=925 limit 3;
2022-10-10 13:48:04.844  INFO 3923 --- [    Test worker] p6spy                                    : #1665377284844 | took 0ms | statement | connection 28| url jdbc:h2:mem:6a3784ae-1aa6-4bbf-b617-4d4aeabcc2af
select picture0_.picture_id as col_0_0_, picture0_.url as col_1_0_, picture0_.spot_id as col_2_0_ from picture picture0_ inner join spot spot1_ on picture0_.spot_id=spot1_.spot_id where picture0_.spot_id=? limit ?
select picture0_.picture_id as col_0_0_, picture0_.url as col_1_0_, picture0_.spot_id as col_2_0_ from picture picture0_ inner join spot spot1_ on picture0_.spot_id=spot1_.spot_id where picture0_.spot_id=927 limit 3;
2022-10-10 13:48:04.844  INFO 3923 --- [    Test worker] p6spy                                    : #1665377284844 | took 0ms | statement | connection 28| url jdbc:h2:mem:6a3784ae-1aa6-4bbf-b617-4d4aeabcc2af
select picture0_.picture_id as col_0_0_, picture0_.url as col_1_0_, picture0_.spot_id as col_2_0_ from picture picture0_ inner join spot spot1_ on picture0_.spot_id=spot1_.spot_id where picture0_.spot_id=? limit ?
select picture0_.picture_id as col_0_0_, picture0_.url as col_1_0_, picture0_.spot_id as col_2_0_ from picture picture0_ inner join spot spot1_ on picture0_.spot_id=spot1_.spot_id where picture0_.spot_id=929 limit 3;
2022-10-10 13:48:04.844  INFO 3923 --- [    Test worker] p6spy                                    : #1665377284844 | took 0ms | statement | connection 28| url jdbc:h2:mem:6a3784ae-1aa6-4bbf-b617-4d4aeabcc2af
select picture0_.picture_id as col_0_0_, picture0_.url as col_1_0_, picture0_.spot_id as col_2_0_ from picture picture0_ inner join spot spot1_ on picture0_.spot_id=spot1_.spot_id where picture0_.spot_id=? limit ?
select picture0_.picture_id as col_0_0_, picture0_.url as col_1_0_, picture0_.spot_id as col_2_0_ from picture picture0_ inner join spot spot1_ on picture0_.spot_id=spot1_.spot_id where picture0_.spot_id=931 limit 3;
2022-10-10 13:48:04.845  INFO 3923 --- [    Test worker] p6spy                                    : #1665377284845 | took 0ms | statement | connection 28| url jdbc:h2:mem:6a3784ae-1aa6-4bbf-b617-4d4aeabcc2af
select picture0_.picture_id as col_0_0_, picture0_.url as col_1_0_, picture0_.spot_id as col_2_0_ from picture picture0_ inner join spot spot1_ on picture0_.spot_id=spot1_.spot_id where picture0_.spot_id=? limit ?
select picture0_.picture_id as col_0_0_, picture0_.url as col_1_0_, picture0_.spot_id as col_2_0_ from picture picture0_ inner join spot spot1_ on picture0_.spot_id=spot1_.spot_id where picture0_.spot_id=933 limit 3;
2022-10-10 13:48:04.845  INFO 3923 --- [    Test worker] p6spy                                    : #1665377284845 | took 0ms | statement | connection 28| url jdbc:h2:mem:6a3784ae-1aa6-4bbf-b617-4d4aeabcc2af
select picture0_.picture_id as col_0_0_, picture0_.url as col_1_0_, picture0_.spot_id as col_2_0_ from picture picture0_ inner join spot spot1_ on picture0_.spot_id=spot1_.spot_id where picture0_.spot_id=? limit ?
select picture0_.picture_id as col_0_0_, picture0_.url as col_1_0_, picture0_.spot_id as col_2_0_ from picture picture0_ inner join spot spot1_ on picture0_.spot_id=spot1_.spot_id where picture0_.spot_id=935 limit 3;
2022-10-10 13:48:04.845  INFO 3923 --- [    Test worker] p6spy                                    : #1665377284845 | took 0ms | statement | connection 28| url jdbc:h2:mem:6a3784ae-1aa6-4bbf-b617-4d4aeabcc2af
select picture0_.picture_id as col_0_0_, picture0_.url as col_1_0_, picture0_.spot_id as col_2_0_ from picture picture0_ inner join spot spot1_ on picture0_.spot_id=spot1_.spot_id where picture0_.spot_id=? limit ?
select picture0_.picture_id as col_0_0_, picture0_.url as col_1_0_, picture0_.spot_id as col_2_0_ from picture picture0_ inner join spot spot1_ on picture0_.spot_id=spot1_.spot_id where picture0_.spot_id=937 limit 3;
2022-10-10 13:48:04.845  INFO 3923 --- [    Test worker] p6spy                                    : #1665377284845 | took 0ms | statement | connection 28| url jdbc:h2:mem:6a3784ae-1aa6-4bbf-b617-4d4aeabcc2af
select picture0_.picture_id as col_0_0_, picture0_.url as col_1_0_, picture0_.spot_id as col_2_0_ from picture picture0_ inner join spot spot1_ on picture0_.spot_id=spot1_.spot_id where picture0_.spot_id=? limit ?
select picture0_.picture_id as col_0_0_, picture0_.url as col_1_0_, picture0_.spot_id as col_2_0_ from picture picture0_ inner join spot spot1_ on picture0_.spot_id=spot1_.spot_id where picture0_.spot_id=939 limit 3;
2022-10-10 13:48:04.846  INFO 3923 --- [    Test worker] p6spy                                    : #1665377284846 | took 0ms | statement | connection 28| url jdbc:h2:mem:6a3784ae-1aa6-4bbf-b617-4d4aeabcc2af
select picture0_.picture_id as col_0_0_, picture0_.url as col_1_0_, picture0_.spot_id as col_2_0_ from picture picture0_ inner join spot spot1_ on picture0_.spot_id=spot1_.spot_id where picture0_.spot_id=? limit ?
select picture0_.picture_id as col_0_0_, picture0_.url as col_1_0_, picture0_.spot_id as col_2_0_ from picture picture0_ inner join spot spot1_ on picture0_.spot_id=spot1_.spot_id where picture0_.spot_id=941 limit 3;
2022-10-10 13:48:04.846  INFO 3923 --- [    Test worker] p6spy                                    : #1665377284846 | took 0ms | statement | connection 28| url jdbc:h2:mem:6a3784ae-1aa6-4bbf-b617-4d4aeabcc2af
select picture0_.picture_id as col_0_0_, picture0_.url as col_1_0_, picture0_.spot_id as col_2_0_ from picture picture0_ inner join spot spot1_ on picture0_.spot_id=spot1_.spot_id where picture0_.spot_id=? limit ?
select picture0_.picture_id as col_0_0_, picture0_.url as col_1_0_, picture0_.spot_id as col_2_0_ from picture picture0_ inner join spot spot1_ on picture0_.spot_id=spot1_.spot_id where picture0_.spot_id=943 limit 3;
2022-10-10 13:48:04.846  INFO 3923 --- [    Test worker] p6spy                                    : #1665377284846 | took 0ms | statement | connection 28| url jdbc:h2:mem:6a3784ae-1aa6-4bbf-b617-4d4aeabcc2af
select picture0_.picture_id as col_0_0_, picture0_.url as col_1_0_, picture0_.spot_id as col_2_0_ from picture picture0_ inner join spot spot1_ on picture0_.spot_id=spot1_.spot_id where picture0_.spot_id=? limit ?
select picture0_.picture_id as col_0_0_, picture0_.url as col_1_0_, picture0_.spot_id as col_2_0_ from picture picture0_ inner join spot spot1_ on picture0_.spot_id=spot1_.spot_id where picture0_.spot_id=945 limit 3;
2022-10-10 13:48:04.846  INFO 3923 --- [    Test worker] p6spy                                    : #1665377284846 | took 0ms | statement | connection 28| url jdbc:h2:mem:6a3784ae-1aa6-4bbf-b617-4d4aeabcc2af
select picture0_.picture_id as col_0_0_, picture0_.url as col_1_0_, picture0_.spot_id as col_2_0_ from picture picture0_ inner join spot spot1_ on picture0_.spot_id=spot1_.spot_id where picture0_.spot_id=? limit ?
select picture0_.picture_id as col_0_0_, picture0_.url as col_1_0_, picture0_.spot_id as col_2_0_ from picture picture0_ inner join spot spot1_ on picture0_.spot_id=spot1_.spot_id where picture0_.spot_id=947 limit 3;
2022-10-10 13:48:04.847  INFO 3923 --- [    Test worker] p6spy                                    : #1665377284847 | took 0ms | statement | connection 28| url jdbc:h2:mem:6a3784ae-1aa6-4bbf-b617-4d4aeabcc2af
select picture0_.picture_id as col_0_0_, picture0_.url as col_1_0_, picture0_.spot_id as col_2_0_ from picture picture0_ inner join spot spot1_ on picture0_.spot_id=spot1_.spot_id where picture0_.spot_id=? limit ?
select picture0_.picture_id as col_0_0_, picture0_.url as col_1_0_, picture0_.spot_id as col_2_0_ from picture picture0_ inner join spot spot1_ on picture0_.spot_id=spot1_.spot_id where picture0_.spot_id=949 limit 3;
2022-10-10 13:48:04.847  INFO 3923 --- [    Test worker] p6spy                                    : #1665377284847 | took 0ms | statement | connection 28| url jdbc:h2:mem:6a3784ae-1aa6-4bbf-b617-4d4aeabcc2af
select picture0_.picture_id as col_0_0_, picture0_.url as col_1_0_, picture0_.spot_id as col_2_0_ from picture picture0_ inner join spot spot1_ on picture0_.spot_id=spot1_.spot_id where picture0_.spot_id=? limit ?
select picture0_.picture_id as col_0_0_, picture0_.url as col_1_0_, picture0_.spot_id as col_2_0_ from picture picture0_ inner join spot spot1_ on picture0_.spot_id=spot1_.spot_id where picture0_.spot_id=951 limit 3;
2022-10-10 13:48:04.847  INFO 3923 --- [    Test worker] p6spy                                    : #1665377284847 | took 0ms | statement | connection 28| url jdbc:h2:mem:6a3784ae-1aa6-4bbf-b617-4d4aeabcc2af
select picture0_.picture_id as col_0_0_, picture0_.url as col_1_0_, picture0_.spot_id as col_2_0_ from picture picture0_ inner join spot spot1_ on picture0_.spot_id=spot1_.spot_id where picture0_.spot_id=? limit ?
select picture0_.picture_id as col_0_0_, picture0_.url as col_1_0_, picture0_.spot_id as col_2_0_ from picture picture0_ inner join spot spot1_ on picture0_.spot_id=spot1_.spot_id where picture0_.spot_id=953 limit 3;
2022-10-10 13:48:04.847  INFO 3923 --- [    Test worker] p6spy                                    : #1665377284847 | took 0ms | statement | connection 28| url jdbc:h2:mem:6a3784ae-1aa6-4bbf-b617-4d4aeabcc2af
select picture0_.picture_id as col_0_0_, picture0_.url as col_1_0_, picture0_.spot_id as col_2_0_ from picture picture0_ inner join spot spot1_ on picture0_.spot_id=spot1_.spot_id where picture0_.spot_id=? limit ?
select picture0_.picture_id as col_0_0_, picture0_.url as col_1_0_, picture0_.spot_id as col_2_0_ from picture picture0_ inner join spot spot1_ on picture0_.spot_id=spot1_.spot_id where picture0_.spot_id=955 limit 3;
2022-10-10 13:48:04.848  INFO 3923 --- [    Test worker] p6spy                                    : #1665377284848 | took 0ms | statement | connection 28| url jdbc:h2:mem:6a3784ae-1aa6-4bbf-b617-4d4aeabcc2af
select picture0_.picture_id as col_0_0_, picture0_.url as col_1_0_, picture0_.spot_id as col_2_0_ from picture picture0_ inner join spot spot1_ on picture0_.spot_id=spot1_.spot_id where picture0_.spot_id=? limit ?
select picture0_.picture_id as col_0_0_, picture0_.url as col_1_0_, picture0_.spot_id as col_2_0_ from picture picture0_ inner join spot spot1_ on picture0_.spot_id=spot1_.spot_id where picture0_.spot_id=957 limit 3;
2022-10-10 13:48:04.848  INFO 3923 --- [    Test worker] p6spy                                    : #1665377284848 | took 0ms | statement | connection 28| url jdbc:h2:mem:6a3784ae-1aa6-4bbf-b617-4d4aeabcc2af
select picture0_.picture_id as col_0_0_, picture0_.url as col_1_0_, picture0_.spot_id as col_2_0_ from picture picture0_ inner join spot spot1_ on picture0_.spot_id=spot1_.spot_id where picture0_.spot_id=? limit ?
select picture0_.picture_id as col_0_0_, picture0_.url as col_1_0_, picture0_.spot_id as col_2_0_ from picture picture0_ inner join spot spot1_ on picture0_.spot_id=spot1_.spot_id where picture0_.spot_id=959 limit 3;
2022-10-10 13:48:04.848  INFO 3923 --- [    Test worker] p6spy                                    : #1665377284848 | took 0ms | statement | connection 28| url jdbc:h2:mem:6a3784ae-1aa6-4bbf-b617-4d4aeabcc2af
select picture0_.picture_id as col_0_0_, picture0_.url as col_1_0_, picture0_.spot_id as col_2_0_ from picture picture0_ inner join spot spot1_ on picture0_.spot_id=spot1_.spot_id where picture0_.spot_id=? limit ?
select picture0_.picture_id as col_0_0_, picture0_.url as col_1_0_, picture0_.spot_id as col_2_0_ from picture picture0_ inner join spot spot1_ on picture0_.spot_id=spot1_.spot_id where picture0_.spot_id=961 limit 3;
2022-10-10 13:48:04.848  INFO 3923 --- [    Test worker] p6spy                                    : #1665377284848 | took 0ms | statement | connection 28| url jdbc:h2:mem:6a3784ae-1aa6-4bbf-b617-4d4aeabcc2af
select picture0_.picture_id as col_0_0_, picture0_.url as col_1_0_, picture0_.spot_id as col_2_0_ from picture picture0_ inner join spot spot1_ on picture0_.spot_id=spot1_.spot_id where picture0_.spot_id=? limit ?
select picture0_.picture_id as col_0_0_, picture0_.url as col_1_0_, picture0_.spot_id as col_2_0_ from picture picture0_ inner join spot spot1_ on picture0_.spot_id=spot1_.spot_id where picture0_.spot_id=963 limit 3;
2022-10-10 13:48:04.849  INFO 3923 --- [    Test worker] p6spy                                    : #1665377284849 | took 0ms | statement | connection 28| url jdbc:h2:mem:6a3784ae-1aa6-4bbf-b617-4d4aeabcc2af
select picture0_.picture_id as col_0_0_, picture0_.url as col_1_0_, picture0_.spot_id as col_2_0_ from picture picture0_ inner join spot spot1_ on picture0_.spot_id=spot1_.spot_id where picture0_.spot_id=? limit ?
select picture0_.picture_id as col_0_0_, picture0_.url as col_1_0_, picture0_.spot_id as col_2_0_ from picture picture0_ inner join spot spot1_ on picture0_.spot_id=spot1_.spot_id where picture0_.spot_id=965 limit 3;
2022-10-10 13:48:04.849  INFO 3923 --- [    Test worker] p6spy                                    : #1665377284849 | took 0ms | statement | connection 28| url jdbc:h2:mem:6a3784ae-1aa6-4bbf-b617-4d4aeabcc2af
select picture0_.picture_id as col_0_0_, picture0_.url as col_1_0_, picture0_.spot_id as col_2_0_ from picture picture0_ inner join spot spot1_ on picture0_.spot_id=spot1_.spot_id where picture0_.spot_id=? limit ?
select picture0_.picture_id as col_0_0_, picture0_.url as col_1_0_, picture0_.spot_id as col_2_0_ from picture picture0_ inner join spot spot1_ on picture0_.spot_id=spot1_.spot_id where picture0_.spot_id=967 limit 3;
2022-10-10 13:48:04.849  INFO 3923 --- [    Test worker] p6spy                                    : #1665377284849 | took 0ms | statement | connection 28| url jdbc:h2:mem:6a3784ae-1aa6-4bbf-b617-4d4aeabcc2af
select picture0_.picture_id as col_0_0_, picture0_.url as col_1_0_, picture0_.spot_id as col_2_0_ from picture picture0_ inner join spot spot1_ on picture0_.spot_id=spot1_.spot_id where picture0_.spot_id=? limit ?
select picture0_.picture_id as col_0_0_, picture0_.url as col_1_0_, picture0_.spot_id as col_2_0_ from picture picture0_ inner join spot spot1_ on picture0_.spot_id=spot1_.spot_id where picture0_.spot_id=969 limit 3;
after1-before1 = 13
2022-10-10 13:48:04.853  INFO 3923 --- [    Test worker] p6spy                                    : #1665377284853 | took 2ms | rollback | connection 28| url jdbc:h2:mem:6a3784ae-1aa6-4bbf-b617-4d4aeabcc2af

;
2022-10-10 13:48:04.853  INFO 3923 --- [    Test worker] o.s.t.c.transaction.TransactionContext   : Rolled back transaction for test: [DefaultTestContext@792484df testClass = FavoriteSpotQueryRepositoryTest, testInstance = capstone.jejuTourrecommend.repository.FavoriteSpotQueryRepositoryTest@5c43fa5e, testMethod = favoriteListTest@FavoriteSpotQueryRepositoryTest, testException = [null], mergedContextConfiguration = [WebMergedContextConfiguration@2efe360c testClass = FavoriteSpotQueryRepositoryTest, locations = '{}', classes = '{class capstone.jejuTourrecommend.JejuTourRecommendApplication}', contextInitializerClasses = '[]', activeProfiles = '{}', propertySourceLocations = '{}', propertySourceProperties = '{org.springframework.boot.test.context.SpringBootTestContextBootstrapper=true}', contextCustomizers = set[org.springframework.boot.test.autoconfigure.actuate.metrics.MetricsExportContextCustomizerFactory$DisableMetricExportContextCustomizer@239b0f9d, org.springframework.boot.test.autoconfigure.properties.PropertyMappingContextCustomizer@0, org.springframework.boot.test.autoconfigure.web.servlet.WebDriverContextCustomizerFactory$Customizer@c260bdc, org.springframework.boot.test.context.filter.ExcludeFilterContextCustomizer@3f363cf5, org.springframework.boot.test.json.DuplicateJsonObjectContextCustomizerFactory$DuplicateJsonObjectContextCustomizer@1bb1fde8, org.springframework.boot.test.mock.mockito.MockitoContextCustomizer@0, org.springframework.boot.test.web.client.TestRestTemplateContextCustomizer@26a4842b, org.springframework.boot.test.context.SpringBootTestArgs@1, org.springframework.boot.test.context.SpringBootTestWebEnvironment@34b9f960], resourceBasePath = 'src/main/webapp', contextLoader = 'org.springframework.boot.test.context.SpringBootContextLoader', parent = [null]], attributes = map['org.springframework.test.context.web.ServletTestExecutionListener.activateListener' -> true, 'org.springframework.test.context.web.ServletTestExecutionListener.populatedRequestContextHolder' -> true, 'org.springframework.test.context.web.ServletTestExecutionListener.resetRequestContextHolder' -> true, 'org.springframework.test.context.event.ApplicationEventsTestExecutionListener.recordApplicationEvents' -> false]]
]]></system-out>
  <system-err><![CDATA[]]></system-err>
</testsuite>
