<?xml version="1.0" encoding="UTF-8"?>
<testsuite name="capstone.jejuTourrecommend.domain.FavoriteSpotTest" tests="2" skipped="0" failures="0" errors="0" timestamp="2022-10-10T05:33:46" hostname="Heon-MacBookPro.local" time="0.076">
  <properties/>
  <testcase name="fs_SpotTest()" classname="capstone.jejuTourrecommend.domain.FavoriteSpotTest" time="0.065"/>
  <testcase name="fs_favoriteTest()" classname="capstone.jejuTourrecommend.domain.FavoriteSpotTest" time="0.011"/>
  <system-out><![CDATA[2022-10-10 14:33:46.195  INFO 4460 --- [    Test worker] .b.t.c.SpringBootTestContextBootstrapper : Neither @ContextConfiguration nor @ContextHierarchy found for test class [capstone.jejuTourrecommend.domain.FavoriteSpotTest], using SpringBootContextLoader
2022-10-10 14:33:46.196  INFO 4460 --- [    Test worker] o.s.t.c.support.AbstractContextLoader    : Could not detect default resource locations for test class [capstone.jejuTourrecommend.domain.FavoriteSpotTest]: no resource found for suffixes {-context.xml, Context.groovy}.
2022-10-10 14:33:46.196  INFO 4460 --- [    Test worker] t.c.s.AnnotationConfigContextLoaderUtils : Could not detect default configuration classes for test class [capstone.jejuTourrecommend.domain.FavoriteSpotTest]: FavoriteSpotTest does not declare any static, non-private, non-final, nested classes annotated with @Configuration.
2022-10-10 14:33:46.199  INFO 4460 --- [    Test worker] .b.t.c.SpringBootTestContextBootstrapper : Found @SpringBootConfiguration capstone.jejuTourrecommend.JejuTourRecommendApplication for test class capstone.jejuTourrecommend.domain.FavoriteSpotTest
2022-10-10 14:33:46.200  INFO 4460 --- [    Test worker] .b.t.c.SpringBootTestContextBootstrapper : Loaded default TestExecutionListener class names from location [META-INF/spring.factories]: [org.springframework.boot.test.autoconfigure.restdocs.RestDocsTestExecutionListener, org.springframework.boot.test.autoconfigure.web.client.MockRestServiceServerResetTestExecutionListener, org.springframework.boot.test.autoconfigure.web.servlet.MockMvcPrintOnlyOnFailureTestExecutionListener, org.springframework.boot.test.autoconfigure.web.servlet.WebDriverTestExecutionListener, org.springframework.boot.test.autoconfigure.webservices.client.MockWebServiceServerTestExecutionListener, org.springframework.boot.test.mock.mockito.MockitoTestExecutionListener, org.springframework.boot.test.mock.mockito.ResetMocksTestExecutionListener, org.springframework.test.context.web.ServletTestExecutionListener, org.springframework.test.context.support.DirtiesContextBeforeModesTestExecutionListener, org.springframework.test.context.event.ApplicationEventsTestExecutionListener, org.springframework.test.context.support.DependencyInjectionTestExecutionListener, org.springframework.test.context.support.DirtiesContextTestExecutionListener, org.springframework.test.context.transaction.TransactionalTestExecutionListener, org.springframework.test.context.jdbc.SqlScriptsTestExecutionListener, org.springframework.test.context.event.EventPublishingTestExecutionListener]
2022-10-10 14:33:46.200  INFO 4460 --- [    Test worker] .b.t.c.SpringBootTestContextBootstrapper : Using TestExecutionListeners: [org.springframework.test.context.web.ServletTestExecutionListener@53a4637c, org.springframework.test.context.support.DirtiesContextBeforeModesTestExecutionListener@27131d01, org.springframework.test.context.event.ApplicationEventsTestExecutionListener@15c27b65, org.springframework.boot.test.mock.mockito.MockitoTestExecutionListener@106a6420, org.springframework.boot.test.autoconfigure.SpringBootDependencyInjectionTestExecutionListener@60a54ad2, org.springframework.test.context.support.DirtiesContextTestExecutionListener@5fe1b8d2, org.springframework.test.context.transaction.TransactionalTestExecutionListener@597ef918, org.springframework.test.context.jdbc.SqlScriptsTestExecutionListener@1af6cd73, org.springframework.test.context.event.EventPublishingTestExecutionListener@50cfe725, org.springframework.boot.test.autoconfigure.restdocs.RestDocsTestExecutionListener@2baf2c6, org.springframework.boot.test.autoconfigure.web.client.MockRestServiceServerResetTestExecutionListener@2c226db0, org.springframework.boot.test.autoconfigure.web.servlet.MockMvcPrintOnlyOnFailureTestExecutionListener@13b012, org.springframework.boot.test.autoconfigure.web.servlet.WebDriverTestExecutionListener@2f4a89fa, org.springframework.boot.test.autoconfigure.webservices.client.MockWebServiceServerTestExecutionListener@7a337217, org.springframework.boot.test.mock.mockito.ResetMocksTestExecutionListener@45c3cf0c]
2022-10-10 14:33:46.206  INFO 4460 --- [    Test worker] o.s.t.c.transaction.TransactionContext   : Began transaction (1) for test context [DefaultTestContext@5ca67657 testClass = FavoriteSpotTest, testInstance = capstone.jejuTourrecommend.domain.FavoriteSpotTest@561f982f, testMethod = fs_SpotTest@FavoriteSpotTest, testException = [null], mergedContextConfiguration = [WebMergedContextConfiguration@3ed79f41 testClass = FavoriteSpotTest, locations = '{}', classes = '{class capstone.jejuTourrecommend.JejuTourRecommendApplication}', contextInitializerClasses = '[]', activeProfiles = '{}', propertySourceLocations = '{}', propertySourceProperties = '{org.springframework.boot.test.context.SpringBootTestContextBootstrapper=true}', contextCustomizers = set[org.springframework.boot.test.autoconfigure.actuate.metrics.MetricsExportContextCustomizerFactory$DisableMetricExportContextCustomizer@749c877b, org.springframework.boot.test.autoconfigure.properties.PropertyMappingContextCustomizer@0, org.springframework.boot.test.autoconfigure.web.servlet.WebDriverContextCustomizerFactory$Customizer@60f7cc1d, org.springframework.boot.test.context.filter.ExcludeFilterContextCustomizer@207ea13, org.springframework.boot.test.json.DuplicateJsonObjectContextCustomizerFactory$DuplicateJsonObjectContextCustomizer@5827af16, org.springframework.boot.test.mock.mockito.MockitoContextCustomizer@0, org.springframework.boot.test.web.client.TestRestTemplateContextCustomizer@50fe837a, org.springframework.boot.test.context.SpringBootTestArgs@1, org.springframework.boot.test.context.SpringBootTestWebEnvironment@51bd8b5c], resourceBasePath = 'src/main/webapp', contextLoader = 'org.springframework.boot.test.context.SpringBootContextLoader', parent = [null]], attributes = map['org.springframework.test.context.web.ServletTestExecutionListener.activateListener' -> true, 'org.springframework.test.context.web.ServletTestExecutionListener.populatedRequestContextHolder' -> true, 'org.springframework.test.context.web.ServletTestExecutionListener.resetRequestContextHolder' -> true, 'org.springframework.test.context.event.ApplicationEventsTestExecutionListener.recordApplicationEvents' -> false]]; transaction manager [org.springframework.orm.jpa.JpaTransactionManager@4545ac62]; rollback [true]
2022-10-10 14:33:46.211  INFO 4460 --- [    Test worker] p6spy                                    : #1665380026211 | took 0ms | statement | connection 5| url jdbc:h2:mem:ad3a9e80-f26d-4a3e-9691-17f803db5723
call next value for spot_seq
call next value for spot_seq;
2022-10-10 14:33:46.213  INFO 4460 --- [    Test worker] p6spy                                    : #1665380026213 | took 0ms | statement | connection 5| url jdbc:h2:mem:ad3a9e80-f26d-4a3e-9691-17f803db5723
call next value for spot_seq
call next value for spot_seq;
2022-10-10 14:33:46.224  INFO 4460 --- [    Test worker] p6spy                                    : #1665380026224 | took 0ms | statement | connection 5| url jdbc:h2:mem:ad3a9e80-f26d-4a3e-9691-17f803db5723
call next value for favoritespot_seq
call next value for favoritespot_seq;
2022-10-10 14:33:46.225  INFO 4460 --- [    Test worker] p6spy                                    : #1665380026225 | took 0ms | statement | connection 5| url jdbc:h2:mem:ad3a9e80-f26d-4a3e-9691-17f803db5723
call next value for favoritespot_seq
call next value for favoritespot_seq;
2022-10-10 14:33:46.234  INFO 4460 --- [    Test worker] p6spy                                    : #1665380026234 | took 0ms | statement | connection 5| url jdbc:h2:mem:ad3a9e80-f26d-4a3e-9691-17f803db5723
insert into spot (address, description, location, name, score_id, spot_id) values (?, ?, ?, ?, ?, ?)
insert into spot (address, description, location, name, score_id, spot_id) values (NULL, NULL, NULL, 'spot1', NULL, 1);
2022-10-10 14:33:46.234  INFO 4460 --- [    Test worker] p6spy                                    : #1665380026234 | took 0ms | statement | connection 5| url jdbc:h2:mem:ad3a9e80-f26d-4a3e-9691-17f803db5723
insert into spot (address, description, location, name, score_id, spot_id) values (?, ?, ?, ?, ?, ?)
insert into spot (address, description, location, name, score_id, spot_id) values (NULL, NULL, NULL, 'spot2', NULL, 2);
2022-10-10 14:33:46.235  INFO 4460 --- [    Test worker] p6spy                                    : #1665380026235 | took 0ms | statement | connection 5| url jdbc:h2:mem:ad3a9e80-f26d-4a3e-9691-17f803db5723
insert into favorite_spot (count, favorite_id, spot_id, favorite_spot_id) values (?, ?, ?, ?)
insert into favorite_spot (count, favorite_id, spot_id, favorite_spot_id) values (0, NULL, 1, 1);
2022-10-10 14:33:46.235  INFO 4460 --- [    Test worker] p6spy                                    : #1665380026235 | took 0ms | statement | connection 5| url jdbc:h2:mem:ad3a9e80-f26d-4a3e-9691-17f803db5723
insert into favorite_spot (count, favorite_id, spot_id, favorite_spot_id) values (?, ?, ?, ?)
insert into favorite_spot (count, favorite_id, spot_id, favorite_spot_id) values (0, NULL, 1, 2);
2022-10-10 14:33:46.235  INFO 4460 --- [    Test worker] p6spy                                    : #1665380026235 | took 0ms | statement | connection 5| url jdbc:h2:mem:ad3a9e80-f26d-4a3e-9691-17f803db5723
insert into favorite_spot (count, favorite_id, spot_id, favorite_spot_id) values (?, ?, ?, ?)
insert into favorite_spot (count, favorite_id, spot_id, favorite_spot_id) values (0, NULL, 2, 3);
2022-10-10 14:33:46.236  INFO 4460 --- [    Test worker] p6spy                                    : #1665380026236 | took 0ms | statement | connection 5| url jdbc:h2:mem:ad3a9e80-f26d-4a3e-9691-17f803db5723
insert into favorite_spot (count, favorite_id, spot_id, favorite_spot_id) values (?, ?, ?, ?)
insert into favorite_spot (count, favorite_id, spot_id, favorite_spot_id) values (0, NULL, 2, 4);
2022-10-10 14:33:46.247  INFO 4460 --- [    Test worker] p6spy                                    : #1665380026247 | took 0ms | statement | connection 5| url jdbc:h2:mem:ad3a9e80-f26d-4a3e-9691-17f803db5723
select favoritesp0_.favorite_spot_id as favorite1_1_, favoritesp0_.count as count2_1_, favoritesp0_.favorite_id as favorite3_1_, favoritesp0_.spot_id as spot_id4_1_ from favorite_spot favoritesp0_
select favoritesp0_.favorite_spot_id as favorite1_1_, favoritesp0_.count as count2_1_, favoritesp0_.favorite_id as favorite3_1_, favoritesp0_.spot_id as spot_id4_1_ from favorite_spot favoritesp0_;
favoriteSpot = FavoriteSpot(id=1, count=0)
2022-10-10 14:33:46.260  INFO 4460 --- [    Test worker] p6spy                                    : #1665380026260 | took 0ms | statement | connection 5| url jdbc:h2:mem:ad3a9e80-f26d-4a3e-9691-17f803db5723
select spot0_.spot_id as spot_id1_7_0_, spot0_.address as address2_7_0_, spot0_.description as descript3_7_0_, spot0_.location as location4_7_0_, spot0_.name as name5_7_0_, spot0_.score_id as score_id6_7_0_ from spot spot0_ where spot0_.spot_id=?
select spot0_.spot_id as spot_id1_7_0_, spot0_.address as address2_7_0_, spot0_.description as descript3_7_0_, spot0_.location as location4_7_0_, spot0_.name as name5_7_0_, spot0_.score_id as score_id6_7_0_ from spot spot0_ where spot0_.spot_id=1;
favoriteSpot.getSpot() = capstone.jejuTourrecommend.domain.Spot@2daf2351
favoriteSpot = FavoriteSpot(id=2, count=0)
favoriteSpot.getSpot() = capstone.jejuTourrecommend.domain.Spot@2daf2351
favoriteSpot = FavoriteSpot(id=3, count=0)
2022-10-10 14:33:46.262  INFO 4460 --- [    Test worker] p6spy                                    : #1665380026262 | took 0ms | statement | connection 5| url jdbc:h2:mem:ad3a9e80-f26d-4a3e-9691-17f803db5723
select spot0_.spot_id as spot_id1_7_0_, spot0_.address as address2_7_0_, spot0_.description as descript3_7_0_, spot0_.location as location4_7_0_, spot0_.name as name5_7_0_, spot0_.score_id as score_id6_7_0_ from spot spot0_ where spot0_.spot_id=?
select spot0_.spot_id as spot_id1_7_0_, spot0_.address as address2_7_0_, spot0_.description as descript3_7_0_, spot0_.location as location4_7_0_, spot0_.name as name5_7_0_, spot0_.score_id as score_id6_7_0_ from spot spot0_ where spot0_.spot_id=2;
favoriteSpot.getSpot() = capstone.jejuTourrecommend.domain.Spot@453ff774
favoriteSpot = FavoriteSpot(id=4, count=0)
favoriteSpot.getSpot() = capstone.jejuTourrecommend.domain.Spot@453ff774
2022-10-10 14:33:46.265  INFO 4460 --- [    Test worker] p6spy                                    : #1665380026265 | took 0ms | rollback | connection 5| url jdbc:h2:mem:ad3a9e80-f26d-4a3e-9691-17f803db5723

;
2022-10-10 14:33:46.267  INFO 4460 --- [    Test worker] o.s.t.c.transaction.TransactionContext   : Rolled back transaction for test: [DefaultTestContext@5ca67657 testClass = FavoriteSpotTest, testInstance = capstone.jejuTourrecommend.domain.FavoriteSpotTest@561f982f, testMethod = fs_SpotTest@FavoriteSpotTest, testException = [null], mergedContextConfiguration = [WebMergedContextConfiguration@3ed79f41 testClass = FavoriteSpotTest, locations = '{}', classes = '{class capstone.jejuTourrecommend.JejuTourRecommendApplication}', contextInitializerClasses = '[]', activeProfiles = '{}', propertySourceLocations = '{}', propertySourceProperties = '{org.springframework.boot.test.context.SpringBootTestContextBootstrapper=true}', contextCustomizers = set[org.springframework.boot.test.autoconfigure.actuate.metrics.MetricsExportContextCustomizerFactory$DisableMetricExportContextCustomizer@749c877b, org.springframework.boot.test.autoconfigure.properties.PropertyMappingContextCustomizer@0, org.springframework.boot.test.autoconfigure.web.servlet.WebDriverContextCustomizerFactory$Customizer@60f7cc1d, org.springframework.boot.test.context.filter.ExcludeFilterContextCustomizer@207ea13, org.springframework.boot.test.json.DuplicateJsonObjectContextCustomizerFactory$DuplicateJsonObjectContextCustomizer@5827af16, org.springframework.boot.test.mock.mockito.MockitoContextCustomizer@0, org.springframework.boot.test.web.client.TestRestTemplateContextCustomizer@50fe837a, org.springframework.boot.test.context.SpringBootTestArgs@1, org.springframework.boot.test.context.SpringBootTestWebEnvironment@51bd8b5c], resourceBasePath = 'src/main/webapp', contextLoader = 'org.springframework.boot.test.context.SpringBootContextLoader', parent = [null]], attributes = map['org.springframework.test.context.web.ServletTestExecutionListener.activateListener' -> true, 'org.springframework.test.context.web.ServletTestExecutionListener.populatedRequestContextHolder' -> true, 'org.springframework.test.context.web.ServletTestExecutionListener.resetRequestContextHolder' -> true, 'org.springframework.test.context.event.ApplicationEventsTestExecutionListener.recordApplicationEvents' -> false]]
2022-10-10 14:33:46.268  INFO 4460 --- [    Test worker] o.s.t.c.transaction.TransactionContext   : Began transaction (1) for test context [DefaultTestContext@5ca67657 testClass = FavoriteSpotTest, testInstance = capstone.jejuTourrecommend.domain.FavoriteSpotTest@9918487, testMethod = fs_favoriteTest@FavoriteSpotTest, testException = [null], mergedContextConfiguration = [WebMergedContextConfiguration@3ed79f41 testClass = FavoriteSpotTest, locations = '{}', classes = '{class capstone.jejuTourrecommend.JejuTourRecommendApplication}', contextInitializerClasses = '[]', activeProfiles = '{}', propertySourceLocations = '{}', propertySourceProperties = '{org.springframework.boot.test.context.SpringBootTestContextBootstrapper=true}', contextCustomizers = set[org.springframework.boot.test.autoconfigure.actuate.metrics.MetricsExportContextCustomizerFactory$DisableMetricExportContextCustomizer@749c877b, org.springframework.boot.test.autoconfigure.properties.PropertyMappingContextCustomizer@0, org.springframework.boot.test.autoconfigure.web.servlet.WebDriverContextCustomizerFactory$Customizer@60f7cc1d, org.springframework.boot.test.context.filter.ExcludeFilterContextCustomizer@207ea13, org.springframework.boot.test.json.DuplicateJsonObjectContextCustomizerFactory$DuplicateJsonObjectContextCustomizer@5827af16, org.springframework.boot.test.mock.mockito.MockitoContextCustomizer@0, org.springframework.boot.test.web.client.TestRestTemplateContextCustomizer@50fe837a, org.springframework.boot.test.context.SpringBootTestArgs@1, org.springframework.boot.test.context.SpringBootTestWebEnvironment@51bd8b5c], resourceBasePath = 'src/main/webapp', contextLoader = 'org.springframework.boot.test.context.SpringBootContextLoader', parent = [null]], attributes = map['org.springframework.test.context.web.ServletTestExecutionListener.activateListener' -> true, 'org.springframework.test.context.web.ServletTestExecutionListener.populatedRequestContextHolder' -> true, 'org.springframework.test.context.web.ServletTestExecutionListener.resetRequestContextHolder' -> true, 'org.springframework.test.context.event.ApplicationEventsTestExecutionListener.recordApplicationEvents' -> false]]; transaction manager [org.springframework.orm.jpa.JpaTransactionManager@4545ac62]; rollback [true]
2022-10-10 14:33:46.269  INFO 4460 --- [    Test worker] p6spy                                    : #1665380026269 | took 0ms | statement | connection 6| url jdbc:h2:mem:ad3a9e80-f26d-4a3e-9691-17f803db5723
call next value for favorite_seq
call next value for favorite_seq;
2022-10-10 14:33:46.269  INFO 4460 --- [    Test worker] p6spy                                    : #1665380026269 | took 0ms | statement | connection 6| url jdbc:h2:mem:ad3a9e80-f26d-4a3e-9691-17f803db5723
call next value for favorite_seq
call next value for favorite_seq;
2022-10-10 14:33:46.270  INFO 4460 --- [    Test worker] p6spy                                    : #1665380026270 | took 0ms | statement | connection 6| url jdbc:h2:mem:ad3a9e80-f26d-4a3e-9691-17f803db5723
insert into favorite (member_id, name, favorite_id) values (?, ?, ?)
insert into favorite (member_id, name, favorite_id) values (NULL, 'favoriteA', 1);
2022-10-10 14:33:46.270  INFO 4460 --- [    Test worker] p6spy                                    : #1665380026270 | took 0ms | statement | connection 6| url jdbc:h2:mem:ad3a9e80-f26d-4a3e-9691-17f803db5723
insert into favorite (member_id, name, favorite_id) values (?, ?, ?)
insert into favorite (member_id, name, favorite_id) values (NULL, 'favoriteB', 2);
2022-10-10 14:33:46.271  INFO 4460 --- [    Test worker] p6spy                                    : #1665380026271 | took 0ms | statement | connection 6| url jdbc:h2:mem:ad3a9e80-f26d-4a3e-9691-17f803db5723
insert into favorite_spot (count, favorite_id, spot_id, favorite_spot_id) values (?, ?, ?, ?)
insert into favorite_spot (count, favorite_id, spot_id, favorite_spot_id) values (0, 1, NULL, 5);
2022-10-10 14:33:46.271  INFO 4460 --- [    Test worker] p6spy                                    : #1665380026271 | took 0ms | statement | connection 6| url jdbc:h2:mem:ad3a9e80-f26d-4a3e-9691-17f803db5723
insert into favorite_spot (count, favorite_id, spot_id, favorite_spot_id) values (?, ?, ?, ?)
insert into favorite_spot (count, favorite_id, spot_id, favorite_spot_id) values (0, 1, NULL, 6);
2022-10-10 14:33:46.271  INFO 4460 --- [    Test worker] p6spy                                    : #1665380026271 | took 0ms | statement | connection 6| url jdbc:h2:mem:ad3a9e80-f26d-4a3e-9691-17f803db5723
insert into favorite_spot (count, favorite_id, spot_id, favorite_spot_id) values (?, ?, ?, ?)
insert into favorite_spot (count, favorite_id, spot_id, favorite_spot_id) values (0, 2, NULL, 7);
2022-10-10 14:33:46.271  INFO 4460 --- [    Test worker] p6spy                                    : #1665380026271 | took 0ms | statement | connection 6| url jdbc:h2:mem:ad3a9e80-f26d-4a3e-9691-17f803db5723
insert into favorite_spot (count, favorite_id, spot_id, favorite_spot_id) values (?, ?, ?, ?)
insert into favorite_spot (count, favorite_id, spot_id, favorite_spot_id) values (0, 2, NULL, 8);
2022-10-10 14:33:46.272  INFO 4460 --- [    Test worker] p6spy                                    : #1665380026272 | took 0ms | statement | connection 6| url jdbc:h2:mem:ad3a9e80-f26d-4a3e-9691-17f803db5723
select favoritesp0_.favorite_spot_id as favorite1_1_, favoritesp0_.count as count2_1_, favoritesp0_.favorite_id as favorite3_1_, favoritesp0_.spot_id as spot_id4_1_ from favorite_spot favoritesp0_
select favoritesp0_.favorite_spot_id as favorite1_1_, favoritesp0_.count as count2_1_, favoritesp0_.favorite_id as favorite3_1_, favoritesp0_.spot_id as spot_id4_1_ from favorite_spot favoritesp0_;
favoriteSpot = FavoriteSpot(id=5, count=0)
2022-10-10 14:33:46.273  INFO 4460 --- [    Test worker] p6spy                                    : #1665380026273 | took 0ms | statement | connection 6| url jdbc:h2:mem:ad3a9e80-f26d-4a3e-9691-17f803db5723
select favorite0_.favorite_id as favorite1_0_0_, favorite0_.member_id as member_i3_0_0_, favorite0_.name as name2_0_0_ from favorite favorite0_ where favorite0_.favorite_id=?
select favorite0_.favorite_id as favorite1_0_0_, favorite0_.member_id as member_i3_0_0_, favorite0_.name as name2_0_0_ from favorite favorite0_ where favorite0_.favorite_id=1;
favoriteSpot.getFavorite() = Favorite(id=1, name=favoriteA)
favoriteSpot = FavoriteSpot(id=6, count=0)
favoriteSpot.getFavorite() = Favorite(id=1, name=favoriteA)
favoriteSpot = FavoriteSpot(id=7, count=0)
2022-10-10 14:33:46.276  INFO 4460 --- [    Test worker] p6spy                                    : #1665380026276 | took 0ms | statement | connection 6| url jdbc:h2:mem:ad3a9e80-f26d-4a3e-9691-17f803db5723
select favorite0_.favorite_id as favorite1_0_0_, favorite0_.member_id as member_i3_0_0_, favorite0_.name as name2_0_0_ from favorite favorite0_ where favorite0_.favorite_id=?
select favorite0_.favorite_id as favorite1_0_0_, favorite0_.member_id as member_i3_0_0_, favorite0_.name as name2_0_0_ from favorite favorite0_ where favorite0_.favorite_id=2;
favoriteSpot.getFavorite() = Favorite(id=2, name=favoriteB)
favoriteSpot = FavoriteSpot(id=8, count=0)
favoriteSpot.getFavorite() = Favorite(id=2, name=favoriteB)
2022-10-10 14:33:46.278  INFO 4460 --- [    Test worker] p6spy                                    : #1665380026278 | took 0ms | rollback | connection 6| url jdbc:h2:mem:ad3a9e80-f26d-4a3e-9691-17f803db5723

;
2022-10-10 14:33:46.278  INFO 4460 --- [    Test worker] o.s.t.c.transaction.TransactionContext   : Rolled back transaction for test: [DefaultTestContext@5ca67657 testClass = FavoriteSpotTest, testInstance = capstone.jejuTourrecommend.domain.FavoriteSpotTest@9918487, testMethod = fs_favoriteTest@FavoriteSpotTest, testException = [null], mergedContextConfiguration = [WebMergedContextConfiguration@3ed79f41 testClass = FavoriteSpotTest, locations = '{}', classes = '{class capstone.jejuTourrecommend.JejuTourRecommendApplication}', contextInitializerClasses = '[]', activeProfiles = '{}', propertySourceLocations = '{}', propertySourceProperties = '{org.springframework.boot.test.context.SpringBootTestContextBootstrapper=true}', contextCustomizers = set[org.springframework.boot.test.autoconfigure.actuate.metrics.MetricsExportContextCustomizerFactory$DisableMetricExportContextCustomizer@749c877b, org.springframework.boot.test.autoconfigure.properties.PropertyMappingContextCustomizer@0, org.springframework.boot.test.autoconfigure.web.servlet.WebDriverContextCustomizerFactory$Customizer@60f7cc1d, org.springframework.boot.test.context.filter.ExcludeFilterContextCustomizer@207ea13, org.springframework.boot.test.json.DuplicateJsonObjectContextCustomizerFactory$DuplicateJsonObjectContextCustomizer@5827af16, org.springframework.boot.test.mock.mockito.MockitoContextCustomizer@0, org.springframework.boot.test.web.client.TestRestTemplateContextCustomizer@50fe837a, org.springframework.boot.test.context.SpringBootTestArgs@1, org.springframework.boot.test.context.SpringBootTestWebEnvironment@51bd8b5c], resourceBasePath = 'src/main/webapp', contextLoader = 'org.springframework.boot.test.context.SpringBootContextLoader', parent = [null]], attributes = map['org.springframework.test.context.web.ServletTestExecutionListener.activateListener' -> true, 'org.springframework.test.context.web.ServletTestExecutionListener.populatedRequestContextHolder' -> true, 'org.springframework.test.context.web.ServletTestExecutionListener.resetRequestContextHolder' -> true, 'org.springframework.test.context.event.ApplicationEventsTestExecutionListener.recordApplicationEvents' -> false]]
]]></system-out>
  <system-err><![CDATA[]]></system-err>
</testsuite>
