<?xml version="1.0" encoding="UTF-8"?>
<testsuite name="capstone.jejuTourrecommend.domain.ScoreTest" tests="3" skipped="0" failures="0" errors="0" timestamp="2022-10-10T05:33:46" hostname="Heon-MacBookPro.local" time="0.02">
  <properties/>
  <testcase name="abstract_test()" classname="capstone.jejuTourrecommend.domain.ScoreTest" time="0.002"/>
  <testcase name="tag_Test()" classname="capstone.jejuTourrecommend.domain.ScoreTest" time="0.002"/>
  <testcase name="score_spotTest()" classname="capstone.jejuTourrecommend.domain.ScoreTest" time="0.014"/>
  <system-out><![CDATA[2022-10-10 14:33:46.522  INFO 4460 --- [    Test worker] .b.t.c.SpringBootTestContextBootstrapper : Neither @ContextConfiguration nor @ContextHierarchy found for test class [capstone.jejuTourrecommend.domain.ScoreTest], using SpringBootContextLoader
2022-10-10 14:33:46.522  INFO 4460 --- [    Test worker] o.s.t.c.support.AbstractContextLoader    : Could not detect default resource locations for test class [capstone.jejuTourrecommend.domain.ScoreTest]: no resource found for suffixes {-context.xml, Context.groovy}.
2022-10-10 14:33:46.522  INFO 4460 --- [    Test worker] t.c.s.AnnotationConfigContextLoaderUtils : Could not detect default configuration classes for test class [capstone.jejuTourrecommend.domain.ScoreTest]: ScoreTest does not declare any static, non-private, non-final, nested classes annotated with @Configuration.
2022-10-10 14:33:46.522  INFO 4460 --- [    Test worker] .b.t.c.SpringBootTestContextBootstrapper : Found @SpringBootConfiguration capstone.jejuTourrecommend.JejuTourRecommendApplication for test class capstone.jejuTourrecommend.domain.ScoreTest
2022-10-10 14:33:46.523  INFO 4460 --- [    Test worker] .b.t.c.SpringBootTestContextBootstrapper : Loaded default TestExecutionListener class names from location [META-INF/spring.factories]: [org.springframework.boot.test.autoconfigure.restdocs.RestDocsTestExecutionListener, org.springframework.boot.test.autoconfigure.web.client.MockRestServiceServerResetTestExecutionListener, org.springframework.boot.test.autoconfigure.web.servlet.MockMvcPrintOnlyOnFailureTestExecutionListener, org.springframework.boot.test.autoconfigure.web.servlet.WebDriverTestExecutionListener, org.springframework.boot.test.autoconfigure.webservices.client.MockWebServiceServerTestExecutionListener, org.springframework.boot.test.mock.mockito.MockitoTestExecutionListener, org.springframework.boot.test.mock.mockito.ResetMocksTestExecutionListener, org.springframework.test.context.web.ServletTestExecutionListener, org.springframework.test.context.support.DirtiesContextBeforeModesTestExecutionListener, org.springframework.test.context.event.ApplicationEventsTestExecutionListener, org.springframework.test.context.support.DependencyInjectionTestExecutionListener, org.springframework.test.context.support.DirtiesContextTestExecutionListener, org.springframework.test.context.transaction.TransactionalTestExecutionListener, org.springframework.test.context.jdbc.SqlScriptsTestExecutionListener, org.springframework.test.context.event.EventPublishingTestExecutionListener]
2022-10-10 14:33:46.523  INFO 4460 --- [    Test worker] .b.t.c.SpringBootTestContextBootstrapper : Using TestExecutionListeners: [org.springframework.test.context.web.ServletTestExecutionListener@6a8a54f5, org.springframework.test.context.support.DirtiesContextBeforeModesTestExecutionListener@4623c0d3, org.springframework.test.context.event.ApplicationEventsTestExecutionListener@7c7335dc, org.springframework.boot.test.mock.mockito.MockitoTestExecutionListener@3095e9c6, org.springframework.boot.test.autoconfigure.SpringBootDependencyInjectionTestExecutionListener@8802edd, org.springframework.test.context.support.DirtiesContextTestExecutionListener@50fd4246, org.springframework.test.context.transaction.TransactionalTestExecutionListener@35c55050, org.springframework.test.context.jdbc.SqlScriptsTestExecutionListener@2a0154f7, org.springframework.test.context.event.EventPublishingTestExecutionListener@237e61ac, org.springframework.boot.test.autoconfigure.restdocs.RestDocsTestExecutionListener@19abe8f7, org.springframework.boot.test.autoconfigure.web.client.MockRestServiceServerResetTestExecutionListener@6f36c42, org.springframework.boot.test.autoconfigure.web.servlet.MockMvcPrintOnlyOnFailureTestExecutionListener@26753687, org.springframework.boot.test.autoconfigure.web.servlet.WebDriverTestExecutionListener@765650e4, org.springframework.boot.test.autoconfigure.webservices.client.MockWebServiceServerTestExecutionListener@307cf289, org.springframework.boot.test.mock.mockito.ResetMocksTestExecutionListener@2df019b8]
2022-10-10 14:33:46.525  INFO 4460 --- [    Test worker] o.s.t.c.transaction.TransactionContext   : Began transaction (1) for test context [DefaultTestContext@223ed38f testClass = ScoreTest, testInstance = capstone.jejuTourrecommend.domain.ScoreTest@66ab765c, testMethod = abstract_test@ScoreTest, testException = [null], mergedContextConfiguration = [WebMergedContextConfiguration@319428ba testClass = ScoreTest, locations = '{}', classes = '{class capstone.jejuTourrecommend.JejuTourRecommendApplication}', contextInitializerClasses = '[]', activeProfiles = '{}', propertySourceLocations = '{}', propertySourceProperties = '{org.springframework.boot.test.context.SpringBootTestContextBootstrapper=true}', contextCustomizers = set[org.springframework.boot.test.autoconfigure.actuate.metrics.MetricsExportContextCustomizerFactory$DisableMetricExportContextCustomizer@749c877b, org.springframework.boot.test.autoconfigure.properties.PropertyMappingContextCustomizer@0, org.springframework.boot.test.autoconfigure.web.servlet.WebDriverContextCustomizerFactory$Customizer@60f7cc1d, org.springframework.boot.test.context.filter.ExcludeFilterContextCustomizer@207ea13, org.springframework.boot.test.json.DuplicateJsonObjectContextCustomizerFactory$DuplicateJsonObjectContextCustomizer@5827af16, org.springframework.boot.test.mock.mockito.MockitoContextCustomizer@0, org.springframework.boot.test.web.client.TestRestTemplateContextCustomizer@50fe837a, org.springframework.boot.test.context.SpringBootTestArgs@1, org.springframework.boot.test.context.SpringBootTestWebEnvironment@51bd8b5c], resourceBasePath = 'src/main/webapp', contextLoader = 'org.springframework.boot.test.context.SpringBootContextLoader', parent = [null]], attributes = map['org.springframework.test.context.web.ServletTestExecutionListener.activateListener' -> true, 'org.springframework.test.context.web.ServletTestExecutionListener.populatedRequestContextHolder' -> true, 'org.springframework.test.context.web.ServletTestExecutionListener.resetRequestContextHolder' -> true, 'org.springframework.test.context.event.ApplicationEventsTestExecutionListener.recordApplicationEvents' -> false]]; transaction manager [org.springframework.orm.jpa.JpaTransactionManager@4545ac62]; rollback [true]
2022-10-10 14:33:46.526  INFO 4460 --- [    Test worker] p6spy                                    : #1665380026526 | took 0ms | rollback | connection 11| url jdbc:h2:mem:ad3a9e80-f26d-4a3e-9691-17f803db5723

;
2022-10-10 14:33:46.526  INFO 4460 --- [    Test worker] o.s.t.c.transaction.TransactionContext   : Rolled back transaction for test: [DefaultTestContext@223ed38f testClass = ScoreTest, testInstance = capstone.jejuTourrecommend.domain.ScoreTest@66ab765c, testMethod = abstract_test@ScoreTest, testException = [null], mergedContextConfiguration = [WebMergedContextConfiguration@319428ba testClass = ScoreTest, locations = '{}', classes = '{class capstone.jejuTourrecommend.JejuTourRecommendApplication}', contextInitializerClasses = '[]', activeProfiles = '{}', propertySourceLocations = '{}', propertySourceProperties = '{org.springframework.boot.test.context.SpringBootTestContextBootstrapper=true}', contextCustomizers = set[org.springframework.boot.test.autoconfigure.actuate.metrics.MetricsExportContextCustomizerFactory$DisableMetricExportContextCustomizer@749c877b, org.springframework.boot.test.autoconfigure.properties.PropertyMappingContextCustomizer@0, org.springframework.boot.test.autoconfigure.web.servlet.WebDriverContextCustomizerFactory$Customizer@60f7cc1d, org.springframework.boot.test.context.filter.ExcludeFilterContextCustomizer@207ea13, org.springframework.boot.test.json.DuplicateJsonObjectContextCustomizerFactory$DuplicateJsonObjectContextCustomizer@5827af16, org.springframework.boot.test.mock.mockito.MockitoContextCustomizer@0, org.springframework.boot.test.web.client.TestRestTemplateContextCustomizer@50fe837a, org.springframework.boot.test.context.SpringBootTestArgs@1, org.springframework.boot.test.context.SpringBootTestWebEnvironment@51bd8b5c], resourceBasePath = 'src/main/webapp', contextLoader = 'org.springframework.boot.test.context.SpringBootContextLoader', parent = [null]], attributes = map['org.springframework.test.context.web.ServletTestExecutionListener.activateListener' -> true, 'org.springframework.test.context.web.ServletTestExecutionListener.populatedRequestContextHolder' -> true, 'org.springframework.test.context.web.ServletTestExecutionListener.resetRequestContextHolder' -> true, 'org.springframework.test.context.event.ApplicationEventsTestExecutionListener.recordApplicationEvents' -> false]]
2022-10-10 14:33:46.528  INFO 4460 --- [    Test worker] o.s.t.c.transaction.TransactionContext   : Began transaction (1) for test context [DefaultTestContext@223ed38f testClass = ScoreTest, testInstance = capstone.jejuTourrecommend.domain.ScoreTest@75564689, testMethod = tag_Test@ScoreTest, testException = [null], mergedContextConfiguration = [WebMergedContextConfiguration@319428ba testClass = ScoreTest, locations = '{}', classes = '{class capstone.jejuTourrecommend.JejuTourRecommendApplication}', contextInitializerClasses = '[]', activeProfiles = '{}', propertySourceLocations = '{}', propertySourceProperties = '{org.springframework.boot.test.context.SpringBootTestContextBootstrapper=true}', contextCustomizers = set[org.springframework.boot.test.autoconfigure.actuate.metrics.MetricsExportContextCustomizerFactory$DisableMetricExportContextCustomizer@749c877b, org.springframework.boot.test.autoconfigure.properties.PropertyMappingContextCustomizer@0, org.springframework.boot.test.autoconfigure.web.servlet.WebDriverContextCustomizerFactory$Customizer@60f7cc1d, org.springframework.boot.test.context.filter.ExcludeFilterContextCustomizer@207ea13, org.springframework.boot.test.json.DuplicateJsonObjectContextCustomizerFactory$DuplicateJsonObjectContextCustomizer@5827af16, org.springframework.boot.test.mock.mockito.MockitoContextCustomizer@0, org.springframework.boot.test.web.client.TestRestTemplateContextCustomizer@50fe837a, org.springframework.boot.test.context.SpringBootTestArgs@1, org.springframework.boot.test.context.SpringBootTestWebEnvironment@51bd8b5c], resourceBasePath = 'src/main/webapp', contextLoader = 'org.springframework.boot.test.context.SpringBootContextLoader', parent = [null]], attributes = map['org.springframework.test.context.web.ServletTestExecutionListener.activateListener' -> true, 'org.springframework.test.context.web.ServletTestExecutionListener.populatedRequestContextHolder' -> true, 'org.springframework.test.context.web.ServletTestExecutionListener.resetRequestContextHolder' -> true, 'org.springframework.test.context.event.ApplicationEventsTestExecutionListener.recordApplicationEvents' -> false]]; transaction manager [org.springframework.orm.jpa.JpaTransactionManager@4545ac62]; rollback [true]
2022-10-10 14:33:46.529  INFO 4460 --- [    Test worker] p6spy                                    : #1665380026529 | took 0ms | rollback | connection 12| url jdbc:h2:mem:ad3a9e80-f26d-4a3e-9691-17f803db5723

;
2022-10-10 14:33:46.529  INFO 4460 --- [    Test worker] o.s.t.c.transaction.TransactionContext   : Rolled back transaction for test: [DefaultTestContext@223ed38f testClass = ScoreTest, testInstance = capstone.jejuTourrecommend.domain.ScoreTest@75564689, testMethod = tag_Test@ScoreTest, testException = [null], mergedContextConfiguration = [WebMergedContextConfiguration@319428ba testClass = ScoreTest, locations = '{}', classes = '{class capstone.jejuTourrecommend.JejuTourRecommendApplication}', contextInitializerClasses = '[]', activeProfiles = '{}', propertySourceLocations = '{}', propertySourceProperties = '{org.springframework.boot.test.context.SpringBootTestContextBootstrapper=true}', contextCustomizers = set[org.springframework.boot.test.autoconfigure.actuate.metrics.MetricsExportContextCustomizerFactory$DisableMetricExportContextCustomizer@749c877b, org.springframework.boot.test.autoconfigure.properties.PropertyMappingContextCustomizer@0, org.springframework.boot.test.autoconfigure.web.servlet.WebDriverContextCustomizerFactory$Customizer@60f7cc1d, org.springframework.boot.test.context.filter.ExcludeFilterContextCustomizer@207ea13, org.springframework.boot.test.json.DuplicateJsonObjectContextCustomizerFactory$DuplicateJsonObjectContextCustomizer@5827af16, org.springframework.boot.test.mock.mockito.MockitoContextCustomizer@0, org.springframework.boot.test.web.client.TestRestTemplateContextCustomizer@50fe837a, org.springframework.boot.test.context.SpringBootTestArgs@1, org.springframework.boot.test.context.SpringBootTestWebEnvironment@51bd8b5c], resourceBasePath = 'src/main/webapp', contextLoader = 'org.springframework.boot.test.context.SpringBootContextLoader', parent = [null]], attributes = map['org.springframework.test.context.web.ServletTestExecutionListener.activateListener' -> true, 'org.springframework.test.context.web.ServletTestExecutionListener.populatedRequestContextHolder' -> true, 'org.springframework.test.context.web.ServletTestExecutionListener.resetRequestContextHolder' -> true, 'org.springframework.test.context.event.ApplicationEventsTestExecutionListener.recordApplicationEvents' -> false]]
2022-10-10 14:33:46.530  INFO 4460 --- [    Test worker] o.s.t.c.transaction.TransactionContext   : Began transaction (1) for test context [DefaultTestContext@223ed38f testClass = ScoreTest, testInstance = capstone.jejuTourrecommend.domain.ScoreTest@65977161, testMethod = score_spotTest@ScoreTest, testException = [null], mergedContextConfiguration = [WebMergedContextConfiguration@319428ba testClass = ScoreTest, locations = '{}', classes = '{class capstone.jejuTourrecommend.JejuTourRecommendApplication}', contextInitializerClasses = '[]', activeProfiles = '{}', propertySourceLocations = '{}', propertySourceProperties = '{org.springframework.boot.test.context.SpringBootTestContextBootstrapper=true}', contextCustomizers = set[org.springframework.boot.test.autoconfigure.actuate.metrics.MetricsExportContextCustomizerFactory$DisableMetricExportContextCustomizer@749c877b, org.springframework.boot.test.autoconfigure.properties.PropertyMappingContextCustomizer@0, org.springframework.boot.test.autoconfigure.web.servlet.WebDriverContextCustomizerFactory$Customizer@60f7cc1d, org.springframework.boot.test.context.filter.ExcludeFilterContextCustomizer@207ea13, org.springframework.boot.test.json.DuplicateJsonObjectContextCustomizerFactory$DuplicateJsonObjectContextCustomizer@5827af16, org.springframework.boot.test.mock.mockito.MockitoContextCustomizer@0, org.springframework.boot.test.web.client.TestRestTemplateContextCustomizer@50fe837a, org.springframework.boot.test.context.SpringBootTestArgs@1, org.springframework.boot.test.context.SpringBootTestWebEnvironment@51bd8b5c], resourceBasePath = 'src/main/webapp', contextLoader = 'org.springframework.boot.test.context.SpringBootContextLoader', parent = [null]], attributes = map['org.springframework.test.context.web.ServletTestExecutionListener.activateListener' -> true, 'org.springframework.test.context.web.ServletTestExecutionListener.populatedRequestContextHolder' -> true, 'org.springframework.test.context.web.ServletTestExecutionListener.resetRequestContextHolder' -> true, 'org.springframework.test.context.event.ApplicationEventsTestExecutionListener.recordApplicationEvents' -> false]]; transaction manager [org.springframework.orm.jpa.JpaTransactionManager@4545ac62]; rollback [true]
2022-10-10 14:33:46.531  INFO 4460 --- [    Test worker] p6spy                                    : #1665380026531 | took 0ms | statement | connection 13| url jdbc:h2:mem:ad3a9e80-f26d-4a3e-9691-17f803db5723
call next value for score_seq
call next value for score_seq;
2022-10-10 14:33:46.532  INFO 4460 --- [    Test worker] p6spy                                    : #1665380026532 | took 0ms | statement | connection 13| url jdbc:h2:mem:ad3a9e80-f26d-4a3e-9691-17f803db5723
call next value for score_seq
call next value for score_seq;
2022-10-10 14:33:46.533  INFO 4460 --- [    Test worker] p6spy                                    : #1665380026533 | took 0ms | statement | connection 13| url jdbc:h2:mem:ad3a9e80-f26d-4a3e-9691-17f803db5723
insert into score (facility_rank, facility_score, price_rank, price_score, rank_average, surround_rank, surround_score, view_rank, view_score, score_id) values (?, ?, ?, ?, ?, ?, ?, ?, ?, ?)
insert into score (facility_rank, facility_score, price_rank, price_score, rank_average, surround_rank, surround_score, view_rank, view_score, score_id) values (NULL, NULL, NULL, NULL, NULL, NULL, NULL, NULL, NULL, 1);
2022-10-10 14:33:46.533  INFO 4460 --- [    Test worker] p6spy                                    : #1665380026533 | took 0ms | statement | connection 13| url jdbc:h2:mem:ad3a9e80-f26d-4a3e-9691-17f803db5723
insert into score (facility_rank, facility_score, price_rank, price_score, rank_average, surround_rank, surround_score, view_rank, view_score, score_id) values (?, ?, ?, ?, ?, ?, ?, ?, ?, ?)
insert into score (facility_rank, facility_score, price_rank, price_score, rank_average, surround_rank, surround_score, view_rank, view_score, score_id) values (NULL, NULL, NULL, NULL, NULL, NULL, NULL, NULL, NULL, 2);
2022-10-10 14:33:46.534  INFO 4460 --- [    Test worker] p6spy                                    : #1665380026534 | took 0ms | statement | connection 13| url jdbc:h2:mem:ad3a9e80-f26d-4a3e-9691-17f803db5723
insert into spot (address, description, location, name, score_id, spot_id) values (?, ?, ?, ?, ?, ?)
insert into spot (address, description, location, name, score_id, spot_id) values (NULL, NULL, NULL, 'spot1', 1, 7);
2022-10-10 14:33:46.534  INFO 4460 --- [    Test worker] p6spy                                    : #1665380026534 | took 0ms | statement | connection 13| url jdbc:h2:mem:ad3a9e80-f26d-4a3e-9691-17f803db5723
insert into spot (address, description, location, name, score_id, spot_id) values (?, ?, ?, ?, ?, ?)
insert into spot (address, description, location, name, score_id, spot_id) values (NULL, NULL, NULL, 'spot2', 2, 8);
2022-10-10 14:33:46.534  INFO 4460 --- [    Test worker] p6spy                                    : #1665380026534 | took 0ms | statement | connection 13| url jdbc:h2:mem:ad3a9e80-f26d-4a3e-9691-17f803db5723
select spot0_.spot_id as spot_id1_7_, spot0_.address as address2_7_, spot0_.description as descript3_7_, spot0_.location as location4_7_, spot0_.name as name5_7_, spot0_.score_id as score_id6_7_ from spot spot0_
select spot0_.spot_id as spot_id1_7_, spot0_.address as address2_7_, spot0_.description as descript3_7_, spot0_.location as location4_7_, spot0_.name as name5_7_, spot0_.score_id as score_id6_7_ from spot spot0_;
spot = capstone.jejuTourrecommend.domain.Spot@1181a376
2022-10-10 14:33:46.536  INFO 4460 --- [    Test worker] p6spy                                    : #1665380026536 | took 0ms | statement | connection 13| url jdbc:h2:mem:ad3a9e80-f26d-4a3e-9691-17f803db5723
select score0_.score_id as score_id1_6_0_, score0_.facility_rank as facility2_6_0_, score0_.facility_score as facility3_6_0_, score0_.price_rank as price_ra4_6_0_, score0_.price_score as price_sc5_6_0_, score0_.rank_average as rank_ave6_6_0_, score0_.surround_rank as surround7_6_0_, score0_.surround_score as surround8_6_0_, score0_.view_rank as view_ran9_6_0_, score0_.view_score as view_sc10_6_0_ from score score0_ where score0_.score_id=?
select score0_.score_id as score_id1_6_0_, score0_.facility_rank as facility2_6_0_, score0_.facility_score as facility3_6_0_, score0_.price_rank as price_ra4_6_0_, score0_.price_score as price_sc5_6_0_, score0_.rank_average as rank_ave6_6_0_, score0_.surround_rank as surround7_6_0_, score0_.surround_score as surround8_6_0_, score0_.view_rank as view_ran9_6_0_, score0_.view_score as view_sc10_6_0_ from score score0_ where score0_.score_id=1;
spot.getScore() = Score(id=1, viewScore=null, priceScore=null, facilityScore=null, surroundScore=null, rankAverage=null)
spot = capstone.jejuTourrecommend.domain.Spot@ef09e1
2022-10-10 14:33:46.543  INFO 4460 --- [    Test worker] p6spy                                    : #1665380026543 | took 0ms | statement | connection 13| url jdbc:h2:mem:ad3a9e80-f26d-4a3e-9691-17f803db5723
select score0_.score_id as score_id1_6_0_, score0_.facility_rank as facility2_6_0_, score0_.facility_score as facility3_6_0_, score0_.price_rank as price_ra4_6_0_, score0_.price_score as price_sc5_6_0_, score0_.rank_average as rank_ave6_6_0_, score0_.surround_rank as surround7_6_0_, score0_.surround_score as surround8_6_0_, score0_.view_rank as view_ran9_6_0_, score0_.view_score as view_sc10_6_0_ from score score0_ where score0_.score_id=?
select score0_.score_id as score_id1_6_0_, score0_.facility_rank as facility2_6_0_, score0_.facility_score as facility3_6_0_, score0_.price_rank as price_ra4_6_0_, score0_.price_score as price_sc5_6_0_, score0_.rank_average as rank_ave6_6_0_, score0_.surround_rank as surround7_6_0_, score0_.surround_score as surround8_6_0_, score0_.view_rank as view_ran9_6_0_, score0_.view_score as view_sc10_6_0_ from score score0_ where score0_.score_id=2;
spot.getScore() = Score(id=2, viewScore=null, priceScore=null, facilityScore=null, surroundScore=null, rankAverage=null)
2022-10-10 14:33:46.544  INFO 4460 --- [    Test worker] p6spy                                    : #1665380026544 | took 0ms | rollback | connection 13| url jdbc:h2:mem:ad3a9e80-f26d-4a3e-9691-17f803db5723

;
2022-10-10 14:33:46.545  INFO 4460 --- [    Test worker] o.s.t.c.transaction.TransactionContext   : Rolled back transaction for test: [DefaultTestContext@223ed38f testClass = ScoreTest, testInstance = capstone.jejuTourrecommend.domain.ScoreTest@65977161, testMethod = score_spotTest@ScoreTest, testException = [null], mergedContextConfiguration = [WebMergedContextConfiguration@319428ba testClass = ScoreTest, locations = '{}', classes = '{class capstone.jejuTourrecommend.JejuTourRecommendApplication}', contextInitializerClasses = '[]', activeProfiles = '{}', propertySourceLocations = '{}', propertySourceProperties = '{org.springframework.boot.test.context.SpringBootTestContextBootstrapper=true}', contextCustomizers = set[org.springframework.boot.test.autoconfigure.actuate.metrics.MetricsExportContextCustomizerFactory$DisableMetricExportContextCustomizer@749c877b, org.springframework.boot.test.autoconfigure.properties.PropertyMappingContextCustomizer@0, org.springframework.boot.test.autoconfigure.web.servlet.WebDriverContextCustomizerFactory$Customizer@60f7cc1d, org.springframework.boot.test.context.filter.ExcludeFilterContextCustomizer@207ea13, org.springframework.boot.test.json.DuplicateJsonObjectContextCustomizerFactory$DuplicateJsonObjectContextCustomizer@5827af16, org.springframework.boot.test.mock.mockito.MockitoContextCustomizer@0, org.springframework.boot.test.web.client.TestRestTemplateContextCustomizer@50fe837a, org.springframework.boot.test.context.SpringBootTestArgs@1, org.springframework.boot.test.context.SpringBootTestWebEnvironment@51bd8b5c], resourceBasePath = 'src/main/webapp', contextLoader = 'org.springframework.boot.test.context.SpringBootContextLoader', parent = [null]], attributes = map['org.springframework.test.context.web.ServletTestExecutionListener.activateListener' -> true, 'org.springframework.test.context.web.ServletTestExecutionListener.populatedRequestContextHolder' -> true, 'org.springframework.test.context.web.ServletTestExecutionListener.resetRequestContextHolder' -> true, 'org.springframework.test.context.event.ApplicationEventsTestExecutionListener.recordApplicationEvents' -> false]]
]]></system-out>
  <system-err><![CDATA[]]></system-err>
</testsuite>
