<?xml version="1.0" encoding="UTF-8"?>
<testsuite name="capstone.jejuTourrecommend.domain.Service.SpotListServiceTest" tests="1" skipped="0" failures="0" errors="0" timestamp="2022-10-10T05:33:46" hostname="Heon-MacBookPro.local" time="0.169">
  <properties/>
  <testcase name="postSpotListTest()" classname="capstone.jejuTourrecommend.domain.Service.SpotListServiceTest" time="0.169"/>
  <system-out><![CDATA[2022-10-10 14:33:46.766  INFO 4460 --- [    Test worker] .b.t.c.SpringBootTestContextBootstrapper : Neither @ContextConfiguration nor @ContextHierarchy found for test class [capstone.jejuTourrecommend.domain.Service.SpotListServiceTest], using SpringBootContextLoader
2022-10-10 14:33:46.767  INFO 4460 --- [    Test worker] o.s.t.c.support.AbstractContextLoader    : Could not detect default resource locations for test class [capstone.jejuTourrecommend.domain.Service.SpotListServiceTest]: no resource found for suffixes {-context.xml, Context.groovy}.
2022-10-10 14:33:46.767  INFO 4460 --- [    Test worker] t.c.s.AnnotationConfigContextLoaderUtils : Could not detect default configuration classes for test class [capstone.jejuTourrecommend.domain.Service.SpotListServiceTest]: SpotListServiceTest does not declare any static, non-private, non-final, nested classes annotated with @Configuration.
2022-10-10 14:33:46.767  INFO 4460 --- [    Test worker] .b.t.c.SpringBootTestContextBootstrapper : Found @SpringBootConfiguration capstone.jejuTourrecommend.JejuTourRecommendApplication for test class capstone.jejuTourrecommend.domain.Service.SpotListServiceTest
2022-10-10 14:33:46.768  INFO 4460 --- [    Test worker] .b.t.c.SpringBootTestContextBootstrapper : Loaded default TestExecutionListener class names from location [META-INF/spring.factories]: [org.springframework.boot.test.autoconfigure.restdocs.RestDocsTestExecutionListener, org.springframework.boot.test.autoconfigure.web.client.MockRestServiceServerResetTestExecutionListener, org.springframework.boot.test.autoconfigure.web.servlet.MockMvcPrintOnlyOnFailureTestExecutionListener, org.springframework.boot.test.autoconfigure.web.servlet.WebDriverTestExecutionListener, org.springframework.boot.test.autoconfigure.webservices.client.MockWebServiceServerTestExecutionListener, org.springframework.boot.test.mock.mockito.MockitoTestExecutionListener, org.springframework.boot.test.mock.mockito.ResetMocksTestExecutionListener, org.springframework.test.context.web.ServletTestExecutionListener, org.springframework.test.context.support.DirtiesContextBeforeModesTestExecutionListener, org.springframework.test.context.event.ApplicationEventsTestExecutionListener, org.springframework.test.context.support.DependencyInjectionTestExecutionListener, org.springframework.test.context.support.DirtiesContextTestExecutionListener, org.springframework.test.context.transaction.TransactionalTestExecutionListener, org.springframework.test.context.jdbc.SqlScriptsTestExecutionListener, org.springframework.test.context.event.EventPublishingTestExecutionListener]
2022-10-10 14:33:46.768  INFO 4460 --- [    Test worker] .b.t.c.SpringBootTestContextBootstrapper : Using TestExecutionListeners: [org.springframework.test.context.web.ServletTestExecutionListener@586fe6ee, org.springframework.test.context.support.DirtiesContextBeforeModesTestExecutionListener@51dcf51b, org.springframework.test.context.event.ApplicationEventsTestExecutionListener@6eb58fdd, org.springframework.boot.test.mock.mockito.MockitoTestExecutionListener@7a0619a8, org.springframework.boot.test.autoconfigure.SpringBootDependencyInjectionTestExecutionListener@5df9d890, org.springframework.test.context.support.DirtiesContextTestExecutionListener@6b3b9a19, org.springframework.test.context.transaction.TransactionalTestExecutionListener@29b23bc4, org.springframework.test.context.jdbc.SqlScriptsTestExecutionListener@6333ac03, org.springframework.test.context.event.EventPublishingTestExecutionListener@701dc5ad, org.springframework.boot.test.autoconfigure.restdocs.RestDocsTestExecutionListener@474172e5, org.springframework.boot.test.autoconfigure.web.client.MockRestServiceServerResetTestExecutionListener@7f951dd2, org.springframework.boot.test.autoconfigure.web.servlet.MockMvcPrintOnlyOnFailureTestExecutionListener@138f597, org.springframework.boot.test.autoconfigure.web.servlet.WebDriverTestExecutionListener@1f9678b0, org.springframework.boot.test.autoconfigure.webservices.client.MockWebServiceServerTestExecutionListener@538cf7fd, org.springframework.boot.test.mock.mockito.ResetMocksTestExecutionListener@4201bd3]
2022-10-10 14:33:46.769  INFO 4460 --- [    Test worker] o.s.t.c.transaction.TransactionContext   : Began transaction (1) for test context [DefaultTestContext@5a8a50b8 testClass = SpotListServiceTest, testInstance = capstone.jejuTourrecommend.domain.Service.SpotListServiceTest@5e7026b9, testMethod = postSpotListTest@SpotListServiceTest, testException = [null], mergedContextConfiguration = [WebMergedContextConfiguration@a426150 testClass = SpotListServiceTest, locations = '{}', classes = '{class capstone.jejuTourrecommend.JejuTourRecommendApplication}', contextInitializerClasses = '[]', activeProfiles = '{}', propertySourceLocations = '{}', propertySourceProperties = '{org.springframework.boot.test.context.SpringBootTestContextBootstrapper=true}', contextCustomizers = set[org.springframework.boot.test.autoconfigure.actuate.metrics.MetricsExportContextCustomizerFactory$DisableMetricExportContextCustomizer@749c877b, org.springframework.boot.test.autoconfigure.properties.PropertyMappingContextCustomizer@0, org.springframework.boot.test.autoconfigure.web.servlet.WebDriverContextCustomizerFactory$Customizer@60f7cc1d, org.springframework.boot.test.context.filter.ExcludeFilterContextCustomizer@207ea13, org.springframework.boot.test.json.DuplicateJsonObjectContextCustomizerFactory$DuplicateJsonObjectContextCustomizer@5827af16, org.springframework.boot.test.mock.mockito.MockitoContextCustomizer@0, org.springframework.boot.test.web.client.TestRestTemplateContextCustomizer@50fe837a, org.springframework.boot.test.context.SpringBootTestArgs@1, org.springframework.boot.test.context.SpringBootTestWebEnvironment@51bd8b5c], resourceBasePath = 'src/main/webapp', contextLoader = 'org.springframework.boot.test.context.SpringBootContextLoader', parent = [null]], attributes = map['org.springframework.test.context.web.ServletTestExecutionListener.activateListener' -> true, 'org.springframework.test.context.web.ServletTestExecutionListener.populatedRequestContextHolder' -> true, 'org.springframework.test.context.web.ServletTestExecutionListener.resetRequestContextHolder' -> true, 'org.springframework.test.context.event.ApplicationEventsTestExecutionListener.recordApplicationEvents' -> false]]; transaction manager [org.springframework.orm.jpa.JpaTransactionManager@4545ac62]; rollback [true]
2022-10-10 14:33:46.771  INFO 4460 --- [    Test worker] c.j.domain.Service.SpotListServiceTest   : member1 =Member(id=8, username=member1, email=member1@gmail.com, password=1234)
2022-10-10 14:33:46.771  INFO 4460 --- [    Test worker] p6spy                                    : #1665380026771 | took 0ms | statement | connection 18| url jdbc:h2:mem:ad3a9e80-f26d-4a3e-9691-17f803db5723
call next value for hibernate_sequence
call next value for hibernate_sequence;
2022-10-10 14:33:46.771  INFO 4460 --- [    Test worker] p6spy                                    : #1665380026771 | took 0ms | statement | connection 18| url jdbc:h2:mem:ad3a9e80-f26d-4a3e-9691-17f803db5723
call next value for hibernate_sequence
call next value for hibernate_sequence;
2022-10-10 14:33:46.771  INFO 4460 --- [    Test worker] p6spy                                    : #1665380026771 | took 0ms | statement | connection 18| url jdbc:h2:mem:ad3a9e80-f26d-4a3e-9691-17f803db5723
call next value for hibernate_sequence
call next value for hibernate_sequence;
2022-10-10 14:33:46.771  INFO 4460 --- [    Test worker] p6spy                                    : #1665380026771 | took 0ms | statement | connection 18| url jdbc:h2:mem:ad3a9e80-f26d-4a3e-9691-17f803db5723
call next value for hibernate_sequence
call next value for hibernate_sequence;
2022-10-10 14:33:46.772  INFO 4460 --- [    Test worker] p6spy                                    : #1665380026772 | took 0ms | statement | connection 18| url jdbc:h2:mem:ad3a9e80-f26d-4a3e-9691-17f803db5723
call next value for hibernate_sequence
call next value for hibernate_sequence;
2022-10-10 14:33:46.772  INFO 4460 --- [    Test worker] p6spy                                    : #1665380026772 | took 0ms | statement | connection 18| url jdbc:h2:mem:ad3a9e80-f26d-4a3e-9691-17f803db5723
call next value for hibernate_sequence
call next value for hibernate_sequence;
2022-10-10 14:33:46.772  INFO 4460 --- [    Test worker] p6spy                                    : #1665380026772 | took 0ms | statement | connection 18| url jdbc:h2:mem:ad3a9e80-f26d-4a3e-9691-17f803db5723
call next value for hibernate_sequence
call next value for hibernate_sequence;
2022-10-10 14:33:46.772  INFO 4460 --- [    Test worker] p6spy                                    : #1665380026772 | took 0ms | statement | connection 18| url jdbc:h2:mem:ad3a9e80-f26d-4a3e-9691-17f803db5723
call next value for hibernate_sequence
call next value for hibernate_sequence;
2022-10-10 14:33:46.772  INFO 4460 --- [    Test worker] p6spy                                    : #1665380026772 | took 0ms | statement | connection 18| url jdbc:h2:mem:ad3a9e80-f26d-4a3e-9691-17f803db5723
call next value for hibernate_sequence
call next value for hibernate_sequence;
2022-10-10 14:33:46.772  INFO 4460 --- [    Test worker] p6spy                                    : #1665380026772 | took 0ms | statement | connection 18| url jdbc:h2:mem:ad3a9e80-f26d-4a3e-9691-17f803db5723
call next value for hibernate_sequence
call next value for hibernate_sequence;
2022-10-10 14:33:46.772  INFO 4460 --- [    Test worker] p6spy                                    : #1665380026772 | took 0ms | statement | connection 18| url jdbc:h2:mem:ad3a9e80-f26d-4a3e-9691-17f803db5723
call next value for hibernate_sequence
call next value for hibernate_sequence;
2022-10-10 14:33:46.772  INFO 4460 --- [    Test worker] p6spy                                    : #1665380026772 | took 0ms | statement | connection 18| url jdbc:h2:mem:ad3a9e80-f26d-4a3e-9691-17f803db5723
call next value for hibernate_sequence
call next value for hibernate_sequence;
2022-10-10 14:33:46.772  INFO 4460 --- [    Test worker] p6spy                                    : #1665380026772 | took 0ms | statement | connection 18| url jdbc:h2:mem:ad3a9e80-f26d-4a3e-9691-17f803db5723
call next value for hibernate_sequence
call next value for hibernate_sequence;
2022-10-10 14:33:46.773  INFO 4460 --- [    Test worker] p6spy                                    : #1665380026773 | took 0ms | statement | connection 18| url jdbc:h2:mem:ad3a9e80-f26d-4a3e-9691-17f803db5723
call next value for hibernate_sequence
call next value for hibernate_sequence;
2022-10-10 14:33:46.773  INFO 4460 --- [    Test worker] p6spy                                    : #1665380026773 | took 0ms | statement | connection 18| url jdbc:h2:mem:ad3a9e80-f26d-4a3e-9691-17f803db5723
call next value for hibernate_sequence
call next value for hibernate_sequence;
2022-10-10 14:33:46.773  INFO 4460 --- [    Test worker] p6spy                                    : #1665380026773 | took 0ms | statement | connection 18| url jdbc:h2:mem:ad3a9e80-f26d-4a3e-9691-17f803db5723
call next value for hibernate_sequence
call next value for hibernate_sequence;
2022-10-10 14:33:46.773  INFO 4460 --- [    Test worker] p6spy                                    : #1665380026773 | took 0ms | statement | connection 18| url jdbc:h2:mem:ad3a9e80-f26d-4a3e-9691-17f803db5723
call next value for hibernate_sequence
call next value for hibernate_sequence;
2022-10-10 14:33:46.773  INFO 4460 --- [    Test worker] p6spy                                    : #1665380026773 | took 0ms | statement | connection 18| url jdbc:h2:mem:ad3a9e80-f26d-4a3e-9691-17f803db5723
call next value for hibernate_sequence
call next value for hibernate_sequence;
2022-10-10 14:33:46.773  INFO 4460 --- [    Test worker] p6spy                                    : #1665380026773 | took 0ms | statement | connection 18| url jdbc:h2:mem:ad3a9e80-f26d-4a3e-9691-17f803db5723
call next value for hibernate_sequence
call next value for hibernate_sequence;
2022-10-10 14:33:46.773  INFO 4460 --- [    Test worker] p6spy                                    : #1665380026773 | took 0ms | statement | connection 18| url jdbc:h2:mem:ad3a9e80-f26d-4a3e-9691-17f803db5723
call next value for hibernate_sequence
call next value for hibernate_sequence;
2022-10-10 14:33:46.773  INFO 4460 --- [    Test worker] p6spy                                    : #1665380026773 | took 0ms | statement | connection 18| url jdbc:h2:mem:ad3a9e80-f26d-4a3e-9691-17f803db5723
call next value for hibernate_sequence
call next value for hibernate_sequence;
2022-10-10 14:33:46.773  INFO 4460 --- [    Test worker] p6spy                                    : #1665380026773 | took 0ms | statement | connection 18| url jdbc:h2:mem:ad3a9e80-f26d-4a3e-9691-17f803db5723
call next value for hibernate_sequence
call next value for hibernate_sequence;
2022-10-10 14:33:46.773  INFO 4460 --- [    Test worker] p6spy                                    : #1665380026773 | took 0ms | statement | connection 18| url jdbc:h2:mem:ad3a9e80-f26d-4a3e-9691-17f803db5723
call next value for hibernate_sequence
call next value for hibernate_sequence;
2022-10-10 14:33:46.774  INFO 4460 --- [    Test worker] p6spy                                    : #1665380026774 | took 0ms | statement | connection 18| url jdbc:h2:mem:ad3a9e80-f26d-4a3e-9691-17f803db5723
call next value for hibernate_sequence
call next value for hibernate_sequence;
2022-10-10 14:33:46.774  INFO 4460 --- [    Test worker] p6spy                                    : #1665380026774 | took 0ms | statement | connection 18| url jdbc:h2:mem:ad3a9e80-f26d-4a3e-9691-17f803db5723
call next value for hibernate_sequence
call next value for hibernate_sequence;
2022-10-10 14:33:46.774  INFO 4460 --- [    Test worker] p6spy                                    : #1665380026774 | took 0ms | statement | connection 18| url jdbc:h2:mem:ad3a9e80-f26d-4a3e-9691-17f803db5723
call next value for hibernate_sequence
call next value for hibernate_sequence;
2022-10-10 14:33:46.774  INFO 4460 --- [    Test worker] p6spy                                    : #1665380026774 | took 0ms | statement | connection 18| url jdbc:h2:mem:ad3a9e80-f26d-4a3e-9691-17f803db5723
call next value for hibernate_sequence
call next value for hibernate_sequence;
2022-10-10 14:33:46.774  INFO 4460 --- [    Test worker] p6spy                                    : #1665380026774 | took 0ms | statement | connection 18| url jdbc:h2:mem:ad3a9e80-f26d-4a3e-9691-17f803db5723
call next value for hibernate_sequence
call next value for hibernate_sequence;
2022-10-10 14:33:46.774  INFO 4460 --- [    Test worker] p6spy                                    : #1665380026774 | took 0ms | statement | connection 18| url jdbc:h2:mem:ad3a9e80-f26d-4a3e-9691-17f803db5723
call next value for hibernate_sequence
call next value for hibernate_sequence;
2022-10-10 14:33:46.775  INFO 4460 --- [    Test worker] p6spy                                    : #1665380026775 | took 0ms | statement | connection 18| url jdbc:h2:mem:ad3a9e80-f26d-4a3e-9691-17f803db5723
call next value for hibernate_sequence
call next value for hibernate_sequence;
2022-10-10 14:33:46.775  INFO 4460 --- [    Test worker] p6spy                                    : #1665380026775 | took 0ms | statement | connection 18| url jdbc:h2:mem:ad3a9e80-f26d-4a3e-9691-17f803db5723
call next value for hibernate_sequence
call next value for hibernate_sequence;
2022-10-10 14:33:46.775  INFO 4460 --- [    Test worker] p6spy                                    : #1665380026775 | took 0ms | statement | connection 18| url jdbc:h2:mem:ad3a9e80-f26d-4a3e-9691-17f803db5723
call next value for hibernate_sequence
call next value for hibernate_sequence;
2022-10-10 14:33:46.775  INFO 4460 --- [    Test worker] p6spy                                    : #1665380026775 | took 0ms | statement | connection 18| url jdbc:h2:mem:ad3a9e80-f26d-4a3e-9691-17f803db5723
call next value for hibernate_sequence
call next value for hibernate_sequence;
2022-10-10 14:33:46.775  INFO 4460 --- [    Test worker] p6spy                                    : #1665380026775 | took 0ms | statement | connection 18| url jdbc:h2:mem:ad3a9e80-f26d-4a3e-9691-17f803db5723
call next value for hibernate_sequence
call next value for hibernate_sequence;
2022-10-10 14:33:46.775  INFO 4460 --- [    Test worker] p6spy                                    : #1665380026775 | took 0ms | statement | connection 18| url jdbc:h2:mem:ad3a9e80-f26d-4a3e-9691-17f803db5723
call next value for hibernate_sequence
call next value for hibernate_sequence;
2022-10-10 14:33:46.775  INFO 4460 --- [    Test worker] p6spy                                    : #1665380026775 | took 0ms | statement | connection 18| url jdbc:h2:mem:ad3a9e80-f26d-4a3e-9691-17f803db5723
call next value for hibernate_sequence
call next value for hibernate_sequence;
2022-10-10 14:33:46.775  INFO 4460 --- [    Test worker] p6spy                                    : #1665380026775 | took 0ms | statement | connection 18| url jdbc:h2:mem:ad3a9e80-f26d-4a3e-9691-17f803db5723
call next value for hibernate_sequence
call next value for hibernate_sequence;
2022-10-10 14:33:46.775  INFO 4460 --- [    Test worker] p6spy                                    : #1665380026775 | took 0ms | statement | connection 18| url jdbc:h2:mem:ad3a9e80-f26d-4a3e-9691-17f803db5723
call next value for hibernate_sequence
call next value for hibernate_sequence;
2022-10-10 14:33:46.776  INFO 4460 --- [    Test worker] p6spy                                    : #1665380026776 | took 0ms | statement | connection 18| url jdbc:h2:mem:ad3a9e80-f26d-4a3e-9691-17f803db5723
call next value for hibernate_sequence
call next value for hibernate_sequence;
2022-10-10 14:33:46.776  INFO 4460 --- [    Test worker] p6spy                                    : #1665380026776 | took 0ms | statement | connection 18| url jdbc:h2:mem:ad3a9e80-f26d-4a3e-9691-17f803db5723
call next value for hibernate_sequence
call next value for hibernate_sequence;
2022-10-10 14:33:46.776  INFO 4460 --- [    Test worker] p6spy                                    : #1665380026776 | took 0ms | statement | connection 18| url jdbc:h2:mem:ad3a9e80-f26d-4a3e-9691-17f803db5723
call next value for hibernate_sequence
call next value for hibernate_sequence;
2022-10-10 14:33:46.776  INFO 4460 --- [    Test worker] p6spy                                    : #1665380026776 | took 0ms | statement | connection 18| url jdbc:h2:mem:ad3a9e80-f26d-4a3e-9691-17f803db5723
call next value for hibernate_sequence
call next value for hibernate_sequence;
2022-10-10 14:33:46.776  INFO 4460 --- [    Test worker] p6spy                                    : #1665380026776 | took 0ms | statement | connection 18| url jdbc:h2:mem:ad3a9e80-f26d-4a3e-9691-17f803db5723
call next value for hibernate_sequence
call next value for hibernate_sequence;
2022-10-10 14:33:46.776  INFO 4460 --- [    Test worker] p6spy                                    : #1665380026776 | took 0ms | statement | connection 18| url jdbc:h2:mem:ad3a9e80-f26d-4a3e-9691-17f803db5723
call next value for hibernate_sequence
call next value for hibernate_sequence;
2022-10-10 14:33:46.776  INFO 4460 --- [    Test worker] p6spy                                    : #1665380026776 | took 0ms | statement | connection 18| url jdbc:h2:mem:ad3a9e80-f26d-4a3e-9691-17f803db5723
call next value for hibernate_sequence
call next value for hibernate_sequence;
2022-10-10 14:33:46.776  INFO 4460 --- [    Test worker] p6spy                                    : #1665380026776 | took 0ms | statement | connection 18| url jdbc:h2:mem:ad3a9e80-f26d-4a3e-9691-17f803db5723
call next value for hibernate_sequence
call next value for hibernate_sequence;
2022-10-10 14:33:46.776  INFO 4460 --- [    Test worker] p6spy                                    : #1665380026776 | took 0ms | statement | connection 18| url jdbc:h2:mem:ad3a9e80-f26d-4a3e-9691-17f803db5723
call next value for hibernate_sequence
call next value for hibernate_sequence;
2022-10-10 14:33:46.777  INFO 4460 --- [    Test worker] p6spy                                    : #1665380026776 | took 0ms | statement | connection 18| url jdbc:h2:mem:ad3a9e80-f26d-4a3e-9691-17f803db5723
call next value for hibernate_sequence
call next value for hibernate_sequence;
2022-10-10 14:33:46.777  INFO 4460 --- [    Test worker] p6spy                                    : #1665380026777 | took 0ms | statement | connection 18| url jdbc:h2:mem:ad3a9e80-f26d-4a3e-9691-17f803db5723
call next value for hibernate_sequence
call next value for hibernate_sequence;
2022-10-10 14:33:46.777  INFO 4460 --- [    Test worker] p6spy                                    : #1665380026777 | took 0ms | statement | connection 18| url jdbc:h2:mem:ad3a9e80-f26d-4a3e-9691-17f803db5723
call next value for hibernate_sequence
call next value for hibernate_sequence;
2022-10-10 14:33:46.777  INFO 4460 --- [    Test worker] p6spy                                    : #1665380026777 | took 0ms | statement | connection 18| url jdbc:h2:mem:ad3a9e80-f26d-4a3e-9691-17f803db5723
call next value for hibernate_sequence
call next value for hibernate_sequence;
2022-10-10 14:33:46.777  INFO 4460 --- [    Test worker] p6spy                                    : #1665380026777 | took 0ms | statement | connection 18| url jdbc:h2:mem:ad3a9e80-f26d-4a3e-9691-17f803db5723
call next value for hibernate_sequence
call next value for hibernate_sequence;
2022-10-10 14:33:46.777  INFO 4460 --- [    Test worker] p6spy                                    : #1665380026777 | took 0ms | statement | connection 18| url jdbc:h2:mem:ad3a9e80-f26d-4a3e-9691-17f803db5723
call next value for hibernate_sequence
call next value for hibernate_sequence;
2022-10-10 14:33:46.777  INFO 4460 --- [    Test worker] p6spy                                    : #1665380026777 | took 0ms | statement | connection 18| url jdbc:h2:mem:ad3a9e80-f26d-4a3e-9691-17f803db5723
call next value for hibernate_sequence
call next value for hibernate_sequence;
2022-10-10 14:33:46.777  INFO 4460 --- [    Test worker] p6spy                                    : #1665380026777 | took 0ms | statement | connection 18| url jdbc:h2:mem:ad3a9e80-f26d-4a3e-9691-17f803db5723
call next value for hibernate_sequence
call next value for hibernate_sequence;
2022-10-10 14:33:46.777  INFO 4460 --- [    Test worker] p6spy                                    : #1665380026777 | took 0ms | statement | connection 18| url jdbc:h2:mem:ad3a9e80-f26d-4a3e-9691-17f803db5723
call next value for hibernate_sequence
call next value for hibernate_sequence;
2022-10-10 14:33:46.777  INFO 4460 --- [    Test worker] p6spy                                    : #1665380026777 | took 0ms | statement | connection 18| url jdbc:h2:mem:ad3a9e80-f26d-4a3e-9691-17f803db5723
call next value for hibernate_sequence
call next value for hibernate_sequence;
2022-10-10 14:33:46.778  INFO 4460 --- [    Test worker] p6spy                                    : #1665380026778 | took 0ms | statement | connection 18| url jdbc:h2:mem:ad3a9e80-f26d-4a3e-9691-17f803db5723
call next value for hibernate_sequence
call next value for hibernate_sequence;
2022-10-10 14:33:46.778  INFO 4460 --- [    Test worker] p6spy                                    : #1665380026778 | took 0ms | statement | connection 18| url jdbc:h2:mem:ad3a9e80-f26d-4a3e-9691-17f803db5723
call next value for hibernate_sequence
call next value for hibernate_sequence;
2022-10-10 14:33:46.778  INFO 4460 --- [    Test worker] p6spy                                    : #1665380026778 | took 0ms | statement | connection 18| url jdbc:h2:mem:ad3a9e80-f26d-4a3e-9691-17f803db5723
call next value for hibernate_sequence
call next value for hibernate_sequence;
2022-10-10 14:33:46.778  INFO 4460 --- [    Test worker] p6spy                                    : #1665380026778 | took 0ms | statement | connection 18| url jdbc:h2:mem:ad3a9e80-f26d-4a3e-9691-17f803db5723
call next value for hibernate_sequence
call next value for hibernate_sequence;
2022-10-10 14:33:46.778  INFO 4460 --- [    Test worker] p6spy                                    : #1665380026778 | took 0ms | statement | connection 18| url jdbc:h2:mem:ad3a9e80-f26d-4a3e-9691-17f803db5723
call next value for hibernate_sequence
call next value for hibernate_sequence;
2022-10-10 14:33:46.778  INFO 4460 --- [    Test worker] p6spy                                    : #1665380026778 | took 0ms | statement | connection 18| url jdbc:h2:mem:ad3a9e80-f26d-4a3e-9691-17f803db5723
call next value for hibernate_sequence
call next value for hibernate_sequence;
2022-10-10 14:33:46.778  INFO 4460 --- [    Test worker] p6spy                                    : #1665380026778 | took 0ms | statement | connection 18| url jdbc:h2:mem:ad3a9e80-f26d-4a3e-9691-17f803db5723
call next value for hibernate_sequence
call next value for hibernate_sequence;
2022-10-10 14:33:46.778  INFO 4460 --- [    Test worker] p6spy                                    : #1665380026778 | took 0ms | statement | connection 18| url jdbc:h2:mem:ad3a9e80-f26d-4a3e-9691-17f803db5723
call next value for hibernate_sequence
call next value for hibernate_sequence;
2022-10-10 14:33:46.778  INFO 4460 --- [    Test worker] p6spy                                    : #1665380026778 | took 0ms | statement | connection 18| url jdbc:h2:mem:ad3a9e80-f26d-4a3e-9691-17f803db5723
call next value for hibernate_sequence
call next value for hibernate_sequence;
2022-10-10 14:33:46.778  INFO 4460 --- [    Test worker] p6spy                                    : #1665380026778 | took 0ms | statement | connection 18| url jdbc:h2:mem:ad3a9e80-f26d-4a3e-9691-17f803db5723
call next value for hibernate_sequence
call next value for hibernate_sequence;
2022-10-10 14:33:46.779  INFO 4460 --- [    Test worker] p6spy                                    : #1665380026779 | took 0ms | statement | connection 18| url jdbc:h2:mem:ad3a9e80-f26d-4a3e-9691-17f803db5723
call next value for hibernate_sequence
call next value for hibernate_sequence;
2022-10-10 14:33:46.779  INFO 4460 --- [    Test worker] p6spy                                    : #1665380026779 | took 0ms | statement | connection 18| url jdbc:h2:mem:ad3a9e80-f26d-4a3e-9691-17f803db5723
call next value for hibernate_sequence
call next value for hibernate_sequence;
2022-10-10 14:33:46.779  INFO 4460 --- [    Test worker] p6spy                                    : #1665380026779 | took 0ms | statement | connection 18| url jdbc:h2:mem:ad3a9e80-f26d-4a3e-9691-17f803db5723
call next value for hibernate_sequence
call next value for hibernate_sequence;
2022-10-10 14:33:46.779  INFO 4460 --- [    Test worker] p6spy                                    : #1665380026779 | took 0ms | statement | connection 18| url jdbc:h2:mem:ad3a9e80-f26d-4a3e-9691-17f803db5723
call next value for hibernate_sequence
call next value for hibernate_sequence;
2022-10-10 14:33:46.779  INFO 4460 --- [    Test worker] p6spy                                    : #1665380026779 | took 0ms | statement | connection 18| url jdbc:h2:mem:ad3a9e80-f26d-4a3e-9691-17f803db5723
call next value for hibernate_sequence
call next value for hibernate_sequence;
2022-10-10 14:33:46.779  INFO 4460 --- [    Test worker] p6spy                                    : #1665380026779 | took 0ms | statement | connection 18| url jdbc:h2:mem:ad3a9e80-f26d-4a3e-9691-17f803db5723
call next value for hibernate_sequence
call next value for hibernate_sequence;
2022-10-10 14:33:46.780  INFO 4460 --- [    Test worker] p6spy                                    : #1665380026780 | took 0ms | statement | connection 18| url jdbc:h2:mem:ad3a9e80-f26d-4a3e-9691-17f803db5723
call next value for hibernate_sequence
call next value for hibernate_sequence;
2022-10-10 14:33:46.780  INFO 4460 --- [    Test worker] p6spy                                    : #1665380026780 | took 0ms | statement | connection 18| url jdbc:h2:mem:ad3a9e80-f26d-4a3e-9691-17f803db5723
call next value for hibernate_sequence
call next value for hibernate_sequence;
2022-10-10 14:33:46.780  INFO 4460 --- [    Test worker] p6spy                                    : #1665380026780 | took 0ms | statement | connection 18| url jdbc:h2:mem:ad3a9e80-f26d-4a3e-9691-17f803db5723
call next value for hibernate_sequence
call next value for hibernate_sequence;
2022-10-10 14:33:46.780  INFO 4460 --- [    Test worker] p6spy                                    : #1665380026780 | took 0ms | statement | connection 18| url jdbc:h2:mem:ad3a9e80-f26d-4a3e-9691-17f803db5723
call next value for hibernate_sequence
call next value for hibernate_sequence;
2022-10-10 14:33:46.780  INFO 4460 --- [    Test worker] p6spy                                    : #1665380026780 | took 0ms | statement | connection 18| url jdbc:h2:mem:ad3a9e80-f26d-4a3e-9691-17f803db5723
call next value for hibernate_sequence
call next value for hibernate_sequence;
2022-10-10 14:33:46.780  INFO 4460 --- [    Test worker] p6spy                                    : #1665380026780 | took 0ms | statement | connection 18| url jdbc:h2:mem:ad3a9e80-f26d-4a3e-9691-17f803db5723
call next value for hibernate_sequence
call next value for hibernate_sequence;
2022-10-10 14:33:46.780  INFO 4460 --- [    Test worker] p6spy                                    : #1665380026780 | took 0ms | statement | connection 18| url jdbc:h2:mem:ad3a9e80-f26d-4a3e-9691-17f803db5723
call next value for hibernate_sequence
call next value for hibernate_sequence;
2022-10-10 14:33:46.780  INFO 4460 --- [    Test worker] p6spy                                    : #1665380026780 | took 0ms | statement | connection 18| url jdbc:h2:mem:ad3a9e80-f26d-4a3e-9691-17f803db5723
call next value for hibernate_sequence
call next value for hibernate_sequence;
2022-10-10 14:33:46.780  INFO 4460 --- [    Test worker] p6spy                                    : #1665380026780 | took 0ms | statement | connection 18| url jdbc:h2:mem:ad3a9e80-f26d-4a3e-9691-17f803db5723
call next value for hibernate_sequence
call next value for hibernate_sequence;
2022-10-10 14:33:46.780  INFO 4460 --- [    Test worker] p6spy                                    : #1665380026780 | took 0ms | statement | connection 18| url jdbc:h2:mem:ad3a9e80-f26d-4a3e-9691-17f803db5723
call next value for hibernate_sequence
call next value for hibernate_sequence;
2022-10-10 14:33:46.780  INFO 4460 --- [    Test worker] p6spy                                    : #1665380026780 | took 0ms | statement | connection 18| url jdbc:h2:mem:ad3a9e80-f26d-4a3e-9691-17f803db5723
call next value for hibernate_sequence
call next value for hibernate_sequence;
2022-10-10 14:33:46.781  INFO 4460 --- [    Test worker] p6spy                                    : #1665380026781 | took 0ms | statement | connection 18| url jdbc:h2:mem:ad3a9e80-f26d-4a3e-9691-17f803db5723
call next value for hibernate_sequence
call next value for hibernate_sequence;
2022-10-10 14:33:46.781  INFO 4460 --- [    Test worker] p6spy                                    : #1665380026781 | took 0ms | statement | connection 18| url jdbc:h2:mem:ad3a9e80-f26d-4a3e-9691-17f803db5723
call next value for hibernate_sequence
call next value for hibernate_sequence;
2022-10-10 14:33:46.781  INFO 4460 --- [    Test worker] p6spy                                    : #1665380026781 | took 0ms | statement | connection 18| url jdbc:h2:mem:ad3a9e80-f26d-4a3e-9691-17f803db5723
call next value for hibernate_sequence
call next value for hibernate_sequence;
2022-10-10 14:33:46.781  INFO 4460 --- [    Test worker] p6spy                                    : #1665380026781 | took 0ms | statement | connection 18| url jdbc:h2:mem:ad3a9e80-f26d-4a3e-9691-17f803db5723
call next value for hibernate_sequence
call next value for hibernate_sequence;
2022-10-10 14:33:46.781  INFO 4460 --- [    Test worker] p6spy                                    : #1665380026781 | took 0ms | statement | connection 18| url jdbc:h2:mem:ad3a9e80-f26d-4a3e-9691-17f803db5723
call next value for hibernate_sequence
call next value for hibernate_sequence;
2022-10-10 14:33:46.781  INFO 4460 --- [    Test worker] p6spy                                    : #1665380026781 | took 0ms | statement | connection 18| url jdbc:h2:mem:ad3a9e80-f26d-4a3e-9691-17f803db5723
call next value for hibernate_sequence
call next value for hibernate_sequence;
2022-10-10 14:33:46.781  INFO 4460 --- [    Test worker] p6spy                                    : #1665380026781 | took 0ms | statement | connection 18| url jdbc:h2:mem:ad3a9e80-f26d-4a3e-9691-17f803db5723
call next value for hibernate_sequence
call next value for hibernate_sequence;
2022-10-10 14:33:46.781  INFO 4460 --- [    Test worker] p6spy                                    : #1665380026781 | took 0ms | statement | connection 18| url jdbc:h2:mem:ad3a9e80-f26d-4a3e-9691-17f803db5723
call next value for hibernate_sequence
call next value for hibernate_sequence;
2022-10-10 14:33:46.781  INFO 4460 --- [    Test worker] p6spy                                    : #1665380026781 | took 0ms | statement | connection 18| url jdbc:h2:mem:ad3a9e80-f26d-4a3e-9691-17f803db5723
call next value for hibernate_sequence
call next value for hibernate_sequence;
2022-10-10 14:33:46.781  INFO 4460 --- [    Test worker] p6spy                                    : #1665380026781 | took 0ms | statement | connection 18| url jdbc:h2:mem:ad3a9e80-f26d-4a3e-9691-17f803db5723
call next value for hibernate_sequence
call next value for hibernate_sequence;
2022-10-10 14:33:46.782  INFO 4460 --- [    Test worker] p6spy                                    : #1665380026782 | took 0ms | statement | connection 18| url jdbc:h2:mem:ad3a9e80-f26d-4a3e-9691-17f803db5723
call next value for hibernate_sequence
call next value for hibernate_sequence;
2022-10-10 14:33:46.782  INFO 4460 --- [    Test worker] p6spy                                    : #1665380026782 | took 0ms | statement | connection 18| url jdbc:h2:mem:ad3a9e80-f26d-4a3e-9691-17f803db5723
call next value for hibernate_sequence
call next value for hibernate_sequence;
2022-10-10 14:33:46.782  INFO 4460 --- [    Test worker] p6spy                                    : #1665380026782 | took 0ms | statement | connection 18| url jdbc:h2:mem:ad3a9e80-f26d-4a3e-9691-17f803db5723
call next value for hibernate_sequence
call next value for hibernate_sequence;
2022-10-10 14:33:46.782  INFO 4460 --- [    Test worker] p6spy                                    : #1665380026782 | took 0ms | statement | connection 18| url jdbc:h2:mem:ad3a9e80-f26d-4a3e-9691-17f803db5723
call next value for hibernate_sequence
call next value for hibernate_sequence;
2022-10-10 14:33:46.782  INFO 4460 --- [    Test worker] p6spy                                    : #1665380026782 | took 0ms | statement | connection 18| url jdbc:h2:mem:ad3a9e80-f26d-4a3e-9691-17f803db5723
call next value for hibernate_sequence
call next value for hibernate_sequence;
2022-10-10 14:33:46.782  INFO 4460 --- [    Test worker] p6spy                                    : #1665380026782 | took 0ms | statement | connection 18| url jdbc:h2:mem:ad3a9e80-f26d-4a3e-9691-17f803db5723
call next value for hibernate_sequence
call next value for hibernate_sequence;
2022-10-10 14:33:46.782  INFO 4460 --- [    Test worker] p6spy                                    : #1665380026782 | took 0ms | statement | connection 18| url jdbc:h2:mem:ad3a9e80-f26d-4a3e-9691-17f803db5723
call next value for hibernate_sequence
call next value for hibernate_sequence;
2022-10-10 14:33:46.782  INFO 4460 --- [    Test worker] p6spy                                    : #1665380026782 | took 0ms | statement | connection 18| url jdbc:h2:mem:ad3a9e80-f26d-4a3e-9691-17f803db5723
call next value for hibernate_sequence
call next value for hibernate_sequence;
2022-10-10 14:33:46.782  INFO 4460 --- [    Test worker] p6spy                                    : #1665380026782 | took 0ms | statement | connection 18| url jdbc:h2:mem:ad3a9e80-f26d-4a3e-9691-17f803db5723
call next value for hibernate_sequence
call next value for hibernate_sequence;
2022-10-10 14:33:46.783  INFO 4460 --- [    Test worker] p6spy                                    : #1665380026783 | took 0ms | statement | connection 18| url jdbc:h2:mem:ad3a9e80-f26d-4a3e-9691-17f803db5723
call next value for hibernate_sequence
call next value for hibernate_sequence;
2022-10-10 14:33:46.783  INFO 4460 --- [    Test worker] p6spy                                    : #1665380026783 | took 0ms | statement | connection 18| url jdbc:h2:mem:ad3a9e80-f26d-4a3e-9691-17f803db5723
call next value for hibernate_sequence
call next value for hibernate_sequence;
2022-10-10 14:33:46.783  INFO 4460 --- [    Test worker] p6spy                                    : #1665380026783 | took 0ms | statement | connection 18| url jdbc:h2:mem:ad3a9e80-f26d-4a3e-9691-17f803db5723
call next value for hibernate_sequence
call next value for hibernate_sequence;
2022-10-10 14:33:46.783  INFO 4460 --- [    Test worker] p6spy                                    : #1665380026783 | took 0ms | statement | connection 18| url jdbc:h2:mem:ad3a9e80-f26d-4a3e-9691-17f803db5723
call next value for hibernate_sequence
call next value for hibernate_sequence;
2022-10-10 14:33:46.783  INFO 4460 --- [    Test worker] p6spy                                    : #1665380026783 | took 0ms | statement | connection 18| url jdbc:h2:mem:ad3a9e80-f26d-4a3e-9691-17f803db5723
call next value for hibernate_sequence
call next value for hibernate_sequence;
2022-10-10 14:33:46.783  INFO 4460 --- [    Test worker] p6spy                                    : #1665380026783 | took 0ms | statement | connection 18| url jdbc:h2:mem:ad3a9e80-f26d-4a3e-9691-17f803db5723
call next value for hibernate_sequence
call next value for hibernate_sequence;
2022-10-10 14:33:46.783  INFO 4460 --- [    Test worker] p6spy                                    : #1665380026783 | took 0ms | statement | connection 18| url jdbc:h2:mem:ad3a9e80-f26d-4a3e-9691-17f803db5723
call next value for hibernate_sequence
call next value for hibernate_sequence;
2022-10-10 14:33:46.783  INFO 4460 --- [    Test worker] p6spy                                    : #1665380026783 | took 0ms | statement | connection 18| url jdbc:h2:mem:ad3a9e80-f26d-4a3e-9691-17f803db5723
call next value for hibernate_sequence
call next value for hibernate_sequence;
2022-10-10 14:33:46.783  INFO 4460 --- [    Test worker] p6spy                                    : #1665380026783 | took 0ms | statement | connection 18| url jdbc:h2:mem:ad3a9e80-f26d-4a3e-9691-17f803db5723
call next value for hibernate_sequence
call next value for hibernate_sequence;
2022-10-10 14:33:46.783  INFO 4460 --- [    Test worker] p6spy                                    : #1665380026783 | took 0ms | statement | connection 18| url jdbc:h2:mem:ad3a9e80-f26d-4a3e-9691-17f803db5723
call next value for hibernate_sequence
call next value for hibernate_sequence;
2022-10-10 14:33:46.783  INFO 4460 --- [    Test worker] p6spy                                    : #1665380026783 | took 0ms | statement | connection 18| url jdbc:h2:mem:ad3a9e80-f26d-4a3e-9691-17f803db5723
call next value for hibernate_sequence
call next value for hibernate_sequence;
2022-10-10 14:33:46.784  INFO 4460 --- [    Test worker] p6spy                                    : #1665380026784 | took 0ms | statement | connection 18| url jdbc:h2:mem:ad3a9e80-f26d-4a3e-9691-17f803db5723
call next value for hibernate_sequence
call next value for hibernate_sequence;
2022-10-10 14:33:46.784  INFO 4460 --- [    Test worker] p6spy                                    : #1665380026784 | took 0ms | statement | connection 18| url jdbc:h2:mem:ad3a9e80-f26d-4a3e-9691-17f803db5723
call next value for hibernate_sequence
call next value for hibernate_sequence;
2022-10-10 14:33:46.784  INFO 4460 --- [    Test worker] p6spy                                    : #1665380026784 | took 0ms | statement | connection 18| url jdbc:h2:mem:ad3a9e80-f26d-4a3e-9691-17f803db5723
call next value for hibernate_sequence
call next value for hibernate_sequence;
2022-10-10 14:33:46.784  INFO 4460 --- [    Test worker] p6spy                                    : #1665380026784 | took 0ms | statement | connection 18| url jdbc:h2:mem:ad3a9e80-f26d-4a3e-9691-17f803db5723
call next value for hibernate_sequence
call next value for hibernate_sequence;
2022-10-10 14:33:46.784  INFO 4460 --- [    Test worker] p6spy                                    : #1665380026784 | took 0ms | statement | connection 18| url jdbc:h2:mem:ad3a9e80-f26d-4a3e-9691-17f803db5723
call next value for hibernate_sequence
call next value for hibernate_sequence;
2022-10-10 14:33:46.784  INFO 4460 --- [    Test worker] p6spy                                    : #1665380026784 | took 0ms | statement | connection 18| url jdbc:h2:mem:ad3a9e80-f26d-4a3e-9691-17f803db5723
call next value for hibernate_sequence
call next value for hibernate_sequence;
2022-10-10 14:33:46.784  INFO 4460 --- [    Test worker] p6spy                                    : #1665380026784 | took 0ms | statement | connection 18| url jdbc:h2:mem:ad3a9e80-f26d-4a3e-9691-17f803db5723
call next value for hibernate_sequence
call next value for hibernate_sequence;
2022-10-10 14:33:46.784  INFO 4460 --- [    Test worker] p6spy                                    : #1665380026784 | took 0ms | statement | connection 18| url jdbc:h2:mem:ad3a9e80-f26d-4a3e-9691-17f803db5723
call next value for hibernate_sequence
call next value for hibernate_sequence;
2022-10-10 14:33:46.784  INFO 4460 --- [    Test worker] p6spy                                    : #1665380026784 | took 0ms | statement | connection 18| url jdbc:h2:mem:ad3a9e80-f26d-4a3e-9691-17f803db5723
call next value for hibernate_sequence
call next value for hibernate_sequence;
2022-10-10 14:33:46.784  INFO 4460 --- [    Test worker] p6spy                                    : #1665380026784 | took 0ms | statement | connection 18| url jdbc:h2:mem:ad3a9e80-f26d-4a3e-9691-17f803db5723
call next value for hibernate_sequence
call next value for hibernate_sequence;
2022-10-10 14:33:46.784  INFO 4460 --- [    Test worker] p6spy                                    : #1665380026784 | took 0ms | statement | connection 18| url jdbc:h2:mem:ad3a9e80-f26d-4a3e-9691-17f803db5723
call next value for hibernate_sequence
call next value for hibernate_sequence;
2022-10-10 14:33:46.784  INFO 4460 --- [    Test worker] p6spy                                    : #1665380026784 | took 0ms | statement | connection 18| url jdbc:h2:mem:ad3a9e80-f26d-4a3e-9691-17f803db5723
call next value for hibernate_sequence
call next value for hibernate_sequence;
2022-10-10 14:33:46.785  INFO 4460 --- [    Test worker] p6spy                                    : #1665380026785 | took 0ms | statement | connection 18| url jdbc:h2:mem:ad3a9e80-f26d-4a3e-9691-17f803db5723
call next value for hibernate_sequence
call next value for hibernate_sequence;
2022-10-10 14:33:46.785  INFO 4460 --- [    Test worker] p6spy                                    : #1665380026785 | took 0ms | statement | connection 18| url jdbc:h2:mem:ad3a9e80-f26d-4a3e-9691-17f803db5723
call next value for hibernate_sequence
call next value for hibernate_sequence;
2022-10-10 14:33:46.785  INFO 4460 --- [    Test worker] p6spy                                    : #1665380026785 | took 0ms | statement | connection 18| url jdbc:h2:mem:ad3a9e80-f26d-4a3e-9691-17f803db5723
call next value for favoritespot_seq
call next value for favoritespot_seq;
2022-10-10 14:33:46.786  INFO 4460 --- [    Test worker] p6spy                                    : #1665380026786 | took 0ms | statement | connection 18| url jdbc:h2:mem:ad3a9e80-f26d-4a3e-9691-17f803db5723
call next value for hibernate_sequence
call next value for hibernate_sequence;
2022-10-10 14:33:46.786  INFO 4460 --- [    Test worker] p6spy                                    : #1665380026786 | took 0ms | statement | connection 18| url jdbc:h2:mem:ad3a9e80-f26d-4a3e-9691-17f803db5723
call next value for hibernate_sequence
call next value for hibernate_sequence;
2022-10-10 14:33:46.786  INFO 4460 --- [    Test worker] p6spy                                    : #1665380026786 | took 0ms | statement | connection 18| url jdbc:h2:mem:ad3a9e80-f26d-4a3e-9691-17f803db5723
call next value for hibernate_sequence
call next value for hibernate_sequence;
2022-10-10 14:33:46.786  INFO 4460 --- [    Test worker] p6spy                                    : #1665380026786 | took 0ms | statement | connection 18| url jdbc:h2:mem:ad3a9e80-f26d-4a3e-9691-17f803db5723
call next value for hibernate_sequence
call next value for hibernate_sequence;
2022-10-10 14:33:46.786  INFO 4460 --- [    Test worker] p6spy                                    : #1665380026786 | took 0ms | statement | connection 18| url jdbc:h2:mem:ad3a9e80-f26d-4a3e-9691-17f803db5723
call next value for hibernate_sequence
call next value for hibernate_sequence;
2022-10-10 14:33:46.786  INFO 4460 --- [    Test worker] p6spy                                    : #1665380026786 | took 0ms | statement | connection 18| url jdbc:h2:mem:ad3a9e80-f26d-4a3e-9691-17f803db5723
call next value for hibernate_sequence
call next value for hibernate_sequence;
2022-10-10 14:33:46.786  INFO 4460 --- [    Test worker] p6spy                                    : #1665380026786 | took 0ms | statement | connection 18| url jdbc:h2:mem:ad3a9e80-f26d-4a3e-9691-17f803db5723
call next value for hibernate_sequence
call next value for hibernate_sequence;
2022-10-10 14:33:46.786  INFO 4460 --- [    Test worker] p6spy                                    : #1665380026786 | took 0ms | statement | connection 18| url jdbc:h2:mem:ad3a9e80-f26d-4a3e-9691-17f803db5723
call next value for spot_seq
call next value for spot_seq;
2022-10-10 14:33:46.786  INFO 4460 --- [    Test worker] p6spy                                    : #1665380026786 | took 0ms | statement | connection 18| url jdbc:h2:mem:ad3a9e80-f26d-4a3e-9691-17f803db5723
call next value for hibernate_sequence
call next value for hibernate_sequence;
2022-10-10 14:33:46.786  INFO 4460 --- [    Test worker] p6spy                                    : #1665380026786 | took 0ms | statement | connection 18| url jdbc:h2:mem:ad3a9e80-f26d-4a3e-9691-17f803db5723
call next value for hibernate_sequence
call next value for hibernate_sequence;
2022-10-10 14:33:46.786  INFO 4460 --- [    Test worker] p6spy                                    : #1665380026786 | took 0ms | statement | connection 18| url jdbc:h2:mem:ad3a9e80-f26d-4a3e-9691-17f803db5723
call next value for hibernate_sequence
call next value for hibernate_sequence;
2022-10-10 14:33:46.786  INFO 4460 --- [    Test worker] p6spy                                    : #1665380026786 | took 0ms | statement | connection 18| url jdbc:h2:mem:ad3a9e80-f26d-4a3e-9691-17f803db5723
call next value for hibernate_sequence
call next value for hibernate_sequence;
2022-10-10 14:33:46.787  INFO 4460 --- [    Test worker] p6spy                                    : #1665380026787 | took 0ms | statement | connection 18| url jdbc:h2:mem:ad3a9e80-f26d-4a3e-9691-17f803db5723
call next value for hibernate_sequence
call next value for hibernate_sequence;
2022-10-10 14:33:46.787  INFO 4460 --- [    Test worker] p6spy                                    : #1665380026787 | took 0ms | statement | connection 18| url jdbc:h2:mem:ad3a9e80-f26d-4a3e-9691-17f803db5723
call next value for hibernate_sequence
call next value for hibernate_sequence;
2022-10-10 14:33:46.787  INFO 4460 --- [    Test worker] p6spy                                    : #1665380026787 | took 0ms | statement | connection 18| url jdbc:h2:mem:ad3a9e80-f26d-4a3e-9691-17f803db5723
call next value for hibernate_sequence
call next value for hibernate_sequence;
2022-10-10 14:33:46.787  INFO 4460 --- [    Test worker] p6spy                                    : #1665380026787 | took 0ms | statement | connection 18| url jdbc:h2:mem:ad3a9e80-f26d-4a3e-9691-17f803db5723
call next value for hibernate_sequence
call next value for hibernate_sequence;
2022-10-10 14:33:46.787  INFO 4460 --- [    Test worker] p6spy                                    : #1665380026787 | took 0ms | statement | connection 18| url jdbc:h2:mem:ad3a9e80-f26d-4a3e-9691-17f803db5723
call next value for hibernate_sequence
call next value for hibernate_sequence;
2022-10-10 14:33:46.787  INFO 4460 --- [    Test worker] p6spy                                    : #1665380026787 | took 0ms | statement | connection 18| url jdbc:h2:mem:ad3a9e80-f26d-4a3e-9691-17f803db5723
call next value for hibernate_sequence
call next value for hibernate_sequence;
2022-10-10 14:33:46.787  INFO 4460 --- [    Test worker] p6spy                                    : #1665380026787 | took 0ms | statement | connection 18| url jdbc:h2:mem:ad3a9e80-f26d-4a3e-9691-17f803db5723
call next value for hibernate_sequence
call next value for hibernate_sequence;
2022-10-10 14:33:46.787  INFO 4460 --- [    Test worker] p6spy                                    : #1665380026787 | took 0ms | statement | connection 18| url jdbc:h2:mem:ad3a9e80-f26d-4a3e-9691-17f803db5723
call next value for hibernate_sequence
call next value for hibernate_sequence;
2022-10-10 14:33:46.787  INFO 4460 --- [    Test worker] p6spy                                    : #1665380026787 | took 0ms | statement | connection 18| url jdbc:h2:mem:ad3a9e80-f26d-4a3e-9691-17f803db5723
call next value for hibernate_sequence
call next value for hibernate_sequence;
2022-10-10 14:33:46.787  INFO 4460 --- [    Test worker] p6spy                                    : #1665380026787 | took 0ms | statement | connection 18| url jdbc:h2:mem:ad3a9e80-f26d-4a3e-9691-17f803db5723
call next value for hibernate_sequence
call next value for hibernate_sequence;
2022-10-10 14:33:46.787  INFO 4460 --- [    Test worker] p6spy                                    : #1665380026787 | took 0ms | statement | connection 18| url jdbc:h2:mem:ad3a9e80-f26d-4a3e-9691-17f803db5723
call next value for hibernate_sequence
call next value for hibernate_sequence;
2022-10-10 14:33:46.788  INFO 4460 --- [    Test worker] p6spy                                    : #1665380026788 | took 0ms | statement | connection 18| url jdbc:h2:mem:ad3a9e80-f26d-4a3e-9691-17f803db5723
call next value for hibernate_sequence
call next value for hibernate_sequence;
2022-10-10 14:33:46.788  INFO 4460 --- [    Test worker] p6spy                                    : #1665380026788 | took 0ms | statement | connection 18| url jdbc:h2:mem:ad3a9e80-f26d-4a3e-9691-17f803db5723
call next value for hibernate_sequence
call next value for hibernate_sequence;
2022-10-10 14:33:46.788  INFO 4460 --- [    Test worker] p6spy                                    : #1665380026788 | took 0ms | statement | connection 18| url jdbc:h2:mem:ad3a9e80-f26d-4a3e-9691-17f803db5723
call next value for hibernate_sequence
call next value for hibernate_sequence;
2022-10-10 14:33:46.788  INFO 4460 --- [    Test worker] p6spy                                    : #1665380026788 | took 0ms | statement | connection 18| url jdbc:h2:mem:ad3a9e80-f26d-4a3e-9691-17f803db5723
call next value for hibernate_sequence
call next value for hibernate_sequence;
2022-10-10 14:33:46.788  INFO 4460 --- [    Test worker] p6spy                                    : #1665380026788 | took 0ms | statement | connection 18| url jdbc:h2:mem:ad3a9e80-f26d-4a3e-9691-17f803db5723
call next value for hibernate_sequence
call next value for hibernate_sequence;
2022-10-10 14:33:46.788  INFO 4460 --- [    Test worker] p6spy                                    : #1665380026788 | took 0ms | statement | connection 18| url jdbc:h2:mem:ad3a9e80-f26d-4a3e-9691-17f803db5723
call next value for hibernate_sequence
call next value for hibernate_sequence;
2022-10-10 14:33:46.788  INFO 4460 --- [    Test worker] p6spy                                    : #1665380026788 | took 0ms | statement | connection 18| url jdbc:h2:mem:ad3a9e80-f26d-4a3e-9691-17f803db5723
call next value for hibernate_sequence
call next value for hibernate_sequence;
2022-10-10 14:33:46.788  INFO 4460 --- [    Test worker] p6spy                                    : #1665380026788 | took 0ms | statement | connection 18| url jdbc:h2:mem:ad3a9e80-f26d-4a3e-9691-17f803db5723
call next value for hibernate_sequence
call next value for hibernate_sequence;
2022-10-10 14:33:46.788  INFO 4460 --- [    Test worker] p6spy                                    : #1665380026788 | took 0ms | statement | connection 18| url jdbc:h2:mem:ad3a9e80-f26d-4a3e-9691-17f803db5723
call next value for hibernate_sequence
call next value for hibernate_sequence;
2022-10-10 14:33:46.788  INFO 4460 --- [    Test worker] p6spy                                    : #1665380026788 | took 0ms | statement | connection 18| url jdbc:h2:mem:ad3a9e80-f26d-4a3e-9691-17f803db5723
call next value for hibernate_sequence
call next value for hibernate_sequence;
2022-10-10 14:33:46.788  INFO 4460 --- [    Test worker] p6spy                                    : #1665380026788 | took 0ms | statement | connection 18| url jdbc:h2:mem:ad3a9e80-f26d-4a3e-9691-17f803db5723
call next value for hibernate_sequence
call next value for hibernate_sequence;
2022-10-10 14:33:46.789  INFO 4460 --- [    Test worker] p6spy                                    : #1665380026789 | took 0ms | statement | connection 18| url jdbc:h2:mem:ad3a9e80-f26d-4a3e-9691-17f803db5723
call next value for hibernate_sequence
call next value for hibernate_sequence;
2022-10-10 14:33:46.789  INFO 4460 --- [    Test worker] p6spy                                    : #1665380026789 | took 0ms | statement | connection 18| url jdbc:h2:mem:ad3a9e80-f26d-4a3e-9691-17f803db5723
call next value for hibernate_sequence
call next value for hibernate_sequence;
2022-10-10 14:33:46.789  INFO 4460 --- [    Test worker] p6spy                                    : #1665380026789 | took 0ms | statement | connection 18| url jdbc:h2:mem:ad3a9e80-f26d-4a3e-9691-17f803db5723
call next value for hibernate_sequence
call next value for hibernate_sequence;
2022-10-10 14:33:46.789  INFO 4460 --- [    Test worker] p6spy                                    : #1665380026789 | took 0ms | statement | connection 18| url jdbc:h2:mem:ad3a9e80-f26d-4a3e-9691-17f803db5723
call next value for hibernate_sequence
call next value for hibernate_sequence;
2022-10-10 14:33:46.789  INFO 4460 --- [    Test worker] p6spy                                    : #1665380026789 | took 0ms | statement | connection 18| url jdbc:h2:mem:ad3a9e80-f26d-4a3e-9691-17f803db5723
call next value for hibernate_sequence
call next value for hibernate_sequence;
2022-10-10 14:33:46.789  INFO 4460 --- [    Test worker] p6spy                                    : #1665380026789 | took 0ms | statement | connection 18| url jdbc:h2:mem:ad3a9e80-f26d-4a3e-9691-17f803db5723
call next value for hibernate_sequence
call next value for hibernate_sequence;
2022-10-10 14:33:46.789  INFO 4460 --- [    Test worker] p6spy                                    : #1665380026789 | took 0ms | statement | connection 18| url jdbc:h2:mem:ad3a9e80-f26d-4a3e-9691-17f803db5723
call next value for hibernate_sequence
call next value for hibernate_sequence;
2022-10-10 14:33:46.789  INFO 4460 --- [    Test worker] p6spy                                    : #1665380026789 | took 0ms | statement | connection 18| url jdbc:h2:mem:ad3a9e80-f26d-4a3e-9691-17f803db5723
call next value for hibernate_sequence
call next value for hibernate_sequence;
2022-10-10 14:33:46.789  INFO 4460 --- [    Test worker] p6spy                                    : #1665380026789 | took 0ms | statement | connection 18| url jdbc:h2:mem:ad3a9e80-f26d-4a3e-9691-17f803db5723
call next value for hibernate_sequence
call next value for hibernate_sequence;
2022-10-10 14:33:46.789  INFO 4460 --- [    Test worker] p6spy                                    : #1665380026789 | took 0ms | statement | connection 18| url jdbc:h2:mem:ad3a9e80-f26d-4a3e-9691-17f803db5723
call next value for hibernate_sequence
call next value for hibernate_sequence;
2022-10-10 14:33:46.789  INFO 4460 --- [    Test worker] p6spy                                    : #1665380026789 | took 0ms | statement | connection 18| url jdbc:h2:mem:ad3a9e80-f26d-4a3e-9691-17f803db5723
call next value for hibernate_sequence
call next value for hibernate_sequence;
2022-10-10 14:33:46.789  INFO 4460 --- [    Test worker] p6spy                                    : #1665380026789 | took 0ms | statement | connection 18| url jdbc:h2:mem:ad3a9e80-f26d-4a3e-9691-17f803db5723
call next value for hibernate_sequence
call next value for hibernate_sequence;
2022-10-10 14:33:46.790  INFO 4460 --- [    Test worker] p6spy                                    : #1665380026790 | took 0ms | statement | connection 18| url jdbc:h2:mem:ad3a9e80-f26d-4a3e-9691-17f803db5723
call next value for hibernate_sequence
call next value for hibernate_sequence;
2022-10-10 14:33:46.790  INFO 4460 --- [    Test worker] p6spy                                    : #1665380026790 | took 0ms | statement | connection 18| url jdbc:h2:mem:ad3a9e80-f26d-4a3e-9691-17f803db5723
call next value for hibernate_sequence
call next value for hibernate_sequence;
2022-10-10 14:33:46.790  INFO 4460 --- [    Test worker] p6spy                                    : #1665380026790 | took 0ms | statement | connection 18| url jdbc:h2:mem:ad3a9e80-f26d-4a3e-9691-17f803db5723
call next value for hibernate_sequence
call next value for hibernate_sequence;
2022-10-10 14:33:46.790  INFO 4460 --- [    Test worker] p6spy                                    : #1665380026790 | took 0ms | statement | connection 18| url jdbc:h2:mem:ad3a9e80-f26d-4a3e-9691-17f803db5723
call next value for hibernate_sequence
call next value for hibernate_sequence;
2022-10-10 14:33:46.790  INFO 4460 --- [    Test worker] p6spy                                    : #1665380026790 | took 0ms | statement | connection 18| url jdbc:h2:mem:ad3a9e80-f26d-4a3e-9691-17f803db5723
call next value for hibernate_sequence
call next value for hibernate_sequence;
2022-10-10 14:33:46.790  INFO 4460 --- [    Test worker] p6spy                                    : #1665380026790 | took 0ms | statement | connection 18| url jdbc:h2:mem:ad3a9e80-f26d-4a3e-9691-17f803db5723
call next value for hibernate_sequence
call next value for hibernate_sequence;
2022-10-10 14:33:46.790  INFO 4460 --- [    Test worker] p6spy                                    : #1665380026790 | took 0ms | statement | connection 18| url jdbc:h2:mem:ad3a9e80-f26d-4a3e-9691-17f803db5723
call next value for hibernate_sequence
call next value for hibernate_sequence;
2022-10-10 14:33:46.790  INFO 4460 --- [    Test worker] p6spy                                    : #1665380026790 | took 0ms | statement | connection 18| url jdbc:h2:mem:ad3a9e80-f26d-4a3e-9691-17f803db5723
call next value for hibernate_sequence
call next value for hibernate_sequence;
2022-10-10 14:33:46.790  INFO 4460 --- [    Test worker] p6spy                                    : #1665380026790 | took 0ms | statement | connection 18| url jdbc:h2:mem:ad3a9e80-f26d-4a3e-9691-17f803db5723
call next value for hibernate_sequence
call next value for hibernate_sequence;
2022-10-10 14:33:46.790  INFO 4460 --- [    Test worker] p6spy                                    : #1665380026790 | took 0ms | statement | connection 18| url jdbc:h2:mem:ad3a9e80-f26d-4a3e-9691-17f803db5723
call next value for hibernate_sequence
call next value for hibernate_sequence;
2022-10-10 14:33:46.790  INFO 4460 --- [    Test worker] p6spy                                    : #1665380026790 | took 0ms | statement | connection 18| url jdbc:h2:mem:ad3a9e80-f26d-4a3e-9691-17f803db5723
call next value for hibernate_sequence
call next value for hibernate_sequence;
2022-10-10 14:33:46.790  INFO 4460 --- [    Test worker] p6spy                                    : #1665380026790 | took 0ms | statement | connection 18| url jdbc:h2:mem:ad3a9e80-f26d-4a3e-9691-17f803db5723
call next value for hibernate_sequence
call next value for hibernate_sequence;
2022-10-10 14:33:46.790  INFO 4460 --- [    Test worker] p6spy                                    : #1665380026790 | took 0ms | statement | connection 18| url jdbc:h2:mem:ad3a9e80-f26d-4a3e-9691-17f803db5723
call next value for hibernate_sequence
call next value for hibernate_sequence;
2022-10-10 14:33:46.790  INFO 4460 --- [    Test worker] p6spy                                    : #1665380026790 | took 0ms | statement | connection 18| url jdbc:h2:mem:ad3a9e80-f26d-4a3e-9691-17f803db5723
call next value for hibernate_sequence
call next value for hibernate_sequence;
2022-10-10 14:33:46.791  INFO 4460 --- [    Test worker] p6spy                                    : #1665380026791 | took 0ms | statement | connection 18| url jdbc:h2:mem:ad3a9e80-f26d-4a3e-9691-17f803db5723
call next value for hibernate_sequence
call next value for hibernate_sequence;
2022-10-10 14:33:46.791  INFO 4460 --- [    Test worker] p6spy                                    : #1665380026791 | took 0ms | statement | connection 18| url jdbc:h2:mem:ad3a9e80-f26d-4a3e-9691-17f803db5723
call next value for hibernate_sequence
call next value for hibernate_sequence;
2022-10-10 14:33:46.791  INFO 4460 --- [    Test worker] p6spy                                    : #1665380026791 | took 0ms | statement | connection 18| url jdbc:h2:mem:ad3a9e80-f26d-4a3e-9691-17f803db5723
call next value for hibernate_sequence
call next value for hibernate_sequence;
2022-10-10 14:33:46.791  INFO 4460 --- [    Test worker] p6spy                                    : #1665380026791 | took 0ms | statement | connection 18| url jdbc:h2:mem:ad3a9e80-f26d-4a3e-9691-17f803db5723
call next value for hibernate_sequence
call next value for hibernate_sequence;
2022-10-10 14:33:46.791  INFO 4460 --- [    Test worker] p6spy                                    : #1665380026791 | took 0ms | statement | connection 18| url jdbc:h2:mem:ad3a9e80-f26d-4a3e-9691-17f803db5723
call next value for hibernate_sequence
call next value for hibernate_sequence;
2022-10-10 14:33:46.791  INFO 4460 --- [    Test worker] p6spy                                    : #1665380026791 | took 0ms | statement | connection 18| url jdbc:h2:mem:ad3a9e80-f26d-4a3e-9691-17f803db5723
call next value for review_seq
call next value for review_seq;
2022-10-10 14:33:46.791  INFO 4460 --- [    Test worker] p6spy                                    : #1665380026791 | took 0ms | statement | connection 18| url jdbc:h2:mem:ad3a9e80-f26d-4a3e-9691-17f803db5723
call next value for hibernate_sequence
call next value for hibernate_sequence;
2022-10-10 14:33:46.791  INFO 4460 --- [    Test worker] p6spy                                    : #1665380026791 | took 0ms | statement | connection 18| url jdbc:h2:mem:ad3a9e80-f26d-4a3e-9691-17f803db5723
call next value for hibernate_sequence
call next value for hibernate_sequence;
2022-10-10 14:33:46.791  INFO 4460 --- [    Test worker] p6spy                                    : #1665380026791 | took 0ms | statement | connection 18| url jdbc:h2:mem:ad3a9e80-f26d-4a3e-9691-17f803db5723
call next value for hibernate_sequence
call next value for hibernate_sequence;
2022-10-10 14:33:46.791  INFO 4460 --- [    Test worker] p6spy                                    : #1665380026791 | took 0ms | statement | connection 18| url jdbc:h2:mem:ad3a9e80-f26d-4a3e-9691-17f803db5723
call next value for hibernate_sequence
call next value for hibernate_sequence;
2022-10-10 14:33:46.792  INFO 4460 --- [    Test worker] p6spy                                    : #1665380026792 | took 0ms | statement | connection 18| url jdbc:h2:mem:ad3a9e80-f26d-4a3e-9691-17f803db5723
call next value for score_seq
call next value for score_seq;
2022-10-10 14:33:46.792  INFO 4460 --- [    Test worker] p6spy                                    : #1665380026792 | took 0ms | statement | connection 18| url jdbc:h2:mem:ad3a9e80-f26d-4a3e-9691-17f803db5723
call next value for hibernate_sequence
call next value for hibernate_sequence;
2022-10-10 14:33:46.792  INFO 4460 --- [    Test worker] p6spy                                    : #1665380026792 | took 0ms | statement | connection 18| url jdbc:h2:mem:ad3a9e80-f26d-4a3e-9691-17f803db5723
call next value for hibernate_sequence
call next value for hibernate_sequence;
2022-10-10 14:33:46.792  INFO 4460 --- [    Test worker] p6spy                                    : #1665380026792 | took 0ms | statement | connection 18| url jdbc:h2:mem:ad3a9e80-f26d-4a3e-9691-17f803db5723
call next value for hibernate_sequence
call next value for hibernate_sequence;
2022-10-10 14:33:46.792  INFO 4460 --- [    Test worker] p6spy                                    : #1665380026792 | took 0ms | statement | connection 18| url jdbc:h2:mem:ad3a9e80-f26d-4a3e-9691-17f803db5723
call next value for hibernate_sequence
call next value for hibernate_sequence;
2022-10-10 14:33:46.792  INFO 4460 --- [    Test worker] p6spy                                    : #1665380026792 | took 0ms | statement | connection 18| url jdbc:h2:mem:ad3a9e80-f26d-4a3e-9691-17f803db5723
call next value for hibernate_sequence
call next value for hibernate_sequence;
2022-10-10 14:33:46.792  INFO 4460 --- [    Test worker] p6spy                                    : #1665380026792 | took 0ms | statement | connection 18| url jdbc:h2:mem:ad3a9e80-f26d-4a3e-9691-17f803db5723
call next value for hibernate_sequence
call next value for hibernate_sequence;
2022-10-10 14:33:46.792  INFO 4460 --- [    Test worker] p6spy                                    : #1665380026792 | took 0ms | statement | connection 18| url jdbc:h2:mem:ad3a9e80-f26d-4a3e-9691-17f803db5723
call next value for hibernate_sequence
call next value for hibernate_sequence;
2022-10-10 14:33:46.792  INFO 4460 --- [    Test worker] p6spy                                    : #1665380026792 | took 0ms | statement | connection 18| url jdbc:h2:mem:ad3a9e80-f26d-4a3e-9691-17f803db5723
call next value for hibernate_sequence
call next value for hibernate_sequence;
2022-10-10 14:33:46.792  INFO 4460 --- [    Test worker] p6spy                                    : #1665380026792 | took 0ms | statement | connection 18| url jdbc:h2:mem:ad3a9e80-f26d-4a3e-9691-17f803db5723
call next value for hibernate_sequence
call next value for hibernate_sequence;
2022-10-10 14:33:46.792  INFO 4460 --- [    Test worker] p6spy                                    : #1665380026792 | took 0ms | statement | connection 18| url jdbc:h2:mem:ad3a9e80-f26d-4a3e-9691-17f803db5723
call next value for hibernate_sequence
call next value for hibernate_sequence;
2022-10-10 14:33:46.792  INFO 4460 --- [    Test worker] p6spy                                    : #1665380026792 | took 0ms | statement | connection 18| url jdbc:h2:mem:ad3a9e80-f26d-4a3e-9691-17f803db5723
call next value for hibernate_sequence
call next value for hibernate_sequence;
2022-10-10 14:33:46.792  INFO 4460 --- [    Test worker] p6spy                                    : #1665380026792 | took 0ms | statement | connection 18| url jdbc:h2:mem:ad3a9e80-f26d-4a3e-9691-17f803db5723
call next value for hibernate_sequence
call next value for hibernate_sequence;
2022-10-10 14:33:46.793  INFO 4460 --- [    Test worker] p6spy                                    : #1665380026793 | took 0ms | statement | connection 18| url jdbc:h2:mem:ad3a9e80-f26d-4a3e-9691-17f803db5723
call next value for hibernate_sequence
call next value for hibernate_sequence;
2022-10-10 14:33:46.793  INFO 4460 --- [    Test worker] p6spy                                    : #1665380026793 | took 0ms | statement | connection 18| url jdbc:h2:mem:ad3a9e80-f26d-4a3e-9691-17f803db5723
call next value for hibernate_sequence
call next value for hibernate_sequence;
2022-10-10 14:33:46.793  INFO 4460 --- [    Test worker] p6spy                                    : #1665380026793 | took 0ms | statement | connection 18| url jdbc:h2:mem:ad3a9e80-f26d-4a3e-9691-17f803db5723
call next value for hibernate_sequence
call next value for hibernate_sequence;
2022-10-10 14:33:46.793  INFO 4460 --- [    Test worker] p6spy                                    : #1665380026793 | took 0ms | statement | connection 18| url jdbc:h2:mem:ad3a9e80-f26d-4a3e-9691-17f803db5723
call next value for hibernate_sequence
call next value for hibernate_sequence;
2022-10-10 14:33:46.793  INFO 4460 --- [    Test worker] p6spy                                    : #1665380026793 | took 0ms | statement | connection 18| url jdbc:h2:mem:ad3a9e80-f26d-4a3e-9691-17f803db5723
call next value for hibernate_sequence
call next value for hibernate_sequence;
2022-10-10 14:33:46.793  INFO 4460 --- [    Test worker] p6spy                                    : #1665380026793 | took 0ms | statement | connection 18| url jdbc:h2:mem:ad3a9e80-f26d-4a3e-9691-17f803db5723
call next value for hibernate_sequence
call next value for hibernate_sequence;
2022-10-10 14:33:46.793  INFO 4460 --- [    Test worker] p6spy                                    : #1665380026793 | took 0ms | statement | connection 18| url jdbc:h2:mem:ad3a9e80-f26d-4a3e-9691-17f803db5723
call next value for hibernate_sequence
call next value for hibernate_sequence;
2022-10-10 14:33:46.793  INFO 4460 --- [    Test worker] p6spy                                    : #1665380026793 | took 0ms | statement | connection 18| url jdbc:h2:mem:ad3a9e80-f26d-4a3e-9691-17f803db5723
call next value for hibernate_sequence
call next value for hibernate_sequence;
2022-10-10 14:33:46.793  INFO 4460 --- [    Test worker] p6spy                                    : #1665380026793 | took 0ms | statement | connection 18| url jdbc:h2:mem:ad3a9e80-f26d-4a3e-9691-17f803db5723
call next value for hibernate_sequence
call next value for hibernate_sequence;
2022-10-10 14:33:46.793  INFO 4460 --- [    Test worker] p6spy                                    : #1665380026793 | took 0ms | statement | connection 18| url jdbc:h2:mem:ad3a9e80-f26d-4a3e-9691-17f803db5723
call next value for hibernate_sequence
call next value for hibernate_sequence;
2022-10-10 14:33:46.793  INFO 4460 --- [    Test worker] p6spy                                    : #1665380026793 | took 0ms | statement | connection 18| url jdbc:h2:mem:ad3a9e80-f26d-4a3e-9691-17f803db5723
call next value for hibernate_sequence
call next value for hibernate_sequence;
2022-10-10 14:33:46.793  INFO 4460 --- [    Test worker] p6spy                                    : #1665380026793 | took 0ms | statement | connection 18| url jdbc:h2:mem:ad3a9e80-f26d-4a3e-9691-17f803db5723
call next value for hibernate_sequence
call next value for hibernate_sequence;
2022-10-10 14:33:46.793  INFO 4460 --- [    Test worker] p6spy                                    : #1665380026793 | took 0ms | statement | connection 18| url jdbc:h2:mem:ad3a9e80-f26d-4a3e-9691-17f803db5723
call next value for hibernate_sequence
call next value for hibernate_sequence;
2022-10-10 14:33:46.793  INFO 4460 --- [    Test worker] p6spy                                    : #1665380026793 | took 0ms | statement | connection 18| url jdbc:h2:mem:ad3a9e80-f26d-4a3e-9691-17f803db5723
call next value for hibernate_sequence
call next value for hibernate_sequence;
2022-10-10 14:33:46.793  INFO 4460 --- [    Test worker] p6spy                                    : #1665380026793 | took 0ms | statement | connection 18| url jdbc:h2:mem:ad3a9e80-f26d-4a3e-9691-17f803db5723
call next value for hibernate_sequence
call next value for hibernate_sequence;
2022-10-10 14:33:46.794  INFO 4460 --- [    Test worker] p6spy                                    : #1665380026794 | took 0ms | statement | connection 18| url jdbc:h2:mem:ad3a9e80-f26d-4a3e-9691-17f803db5723
call next value for hibernate_sequence
call next value for hibernate_sequence;
2022-10-10 14:33:46.794  INFO 4460 --- [    Test worker] p6spy                                    : #1665380026794 | took 0ms | statement | connection 18| url jdbc:h2:mem:ad3a9e80-f26d-4a3e-9691-17f803db5723
call next value for hibernate_sequence
call next value for hibernate_sequence;
2022-10-10 14:33:46.794  INFO 4460 --- [    Test worker] p6spy                                    : #1665380026794 | took 0ms | statement | connection 18| url jdbc:h2:mem:ad3a9e80-f26d-4a3e-9691-17f803db5723
call next value for hibernate_sequence
call next value for hibernate_sequence;
2022-10-10 14:33:46.794  INFO 4460 --- [    Test worker] p6spy                                    : #1665380026794 | took 0ms | statement | connection 18| url jdbc:h2:mem:ad3a9e80-f26d-4a3e-9691-17f803db5723
call next value for hibernate_sequence
call next value for hibernate_sequence;
2022-10-10 14:33:46.794  INFO 4460 --- [    Test worker] p6spy                                    : #1665380026794 | took 0ms | statement | connection 18| url jdbc:h2:mem:ad3a9e80-f26d-4a3e-9691-17f803db5723
call next value for hibernate_sequence
call next value for hibernate_sequence;
2022-10-10 14:33:46.794  INFO 4460 --- [    Test worker] p6spy                                    : #1665380026794 | took 0ms | statement | connection 18| url jdbc:h2:mem:ad3a9e80-f26d-4a3e-9691-17f803db5723
call next value for hibernate_sequence
call next value for hibernate_sequence;
2022-10-10 14:33:46.794  INFO 4460 --- [    Test worker] p6spy                                    : #1665380026794 | took 0ms | statement | connection 18| url jdbc:h2:mem:ad3a9e80-f26d-4a3e-9691-17f803db5723
call next value for hibernate_sequence
call next value for hibernate_sequence;
2022-10-10 14:33:46.794  INFO 4460 --- [    Test worker] p6spy                                    : #1665380026794 | took 0ms | statement | connection 18| url jdbc:h2:mem:ad3a9e80-f26d-4a3e-9691-17f803db5723
call next value for hibernate_sequence
call next value for hibernate_sequence;
2022-10-10 14:33:46.794  INFO 4460 --- [    Test worker] p6spy                                    : #1665380026794 | took 0ms | statement | connection 18| url jdbc:h2:mem:ad3a9e80-f26d-4a3e-9691-17f803db5723
call next value for hibernate_sequence
call next value for hibernate_sequence;
2022-10-10 14:33:46.794  INFO 4460 --- [    Test worker] p6spy                                    : #1665380026794 | took 0ms | statement | connection 18| url jdbc:h2:mem:ad3a9e80-f26d-4a3e-9691-17f803db5723
call next value for hibernate_sequence
call next value for hibernate_sequence;
2022-10-10 14:33:46.794  INFO 4460 --- [    Test worker] p6spy                                    : #1665380026794 | took 0ms | statement | connection 18| url jdbc:h2:mem:ad3a9e80-f26d-4a3e-9691-17f803db5723
call next value for hibernate_sequence
call next value for hibernate_sequence;
2022-10-10 14:33:46.795  INFO 4460 --- [    Test worker] p6spy                                    : #1665380026795 | took 0ms | statement | connection 18| url jdbc:h2:mem:ad3a9e80-f26d-4a3e-9691-17f803db5723
call next value for hibernate_sequence
call next value for hibernate_sequence;
2022-10-10 14:33:46.795  INFO 4460 --- [    Test worker] p6spy                                    : #1665380026795 | took 0ms | statement | connection 18| url jdbc:h2:mem:ad3a9e80-f26d-4a3e-9691-17f803db5723
call next value for hibernate_sequence
call next value for hibernate_sequence;
2022-10-10 14:33:46.795  INFO 4460 --- [    Test worker] p6spy                                    : #1665380026795 | took 0ms | statement | connection 18| url jdbc:h2:mem:ad3a9e80-f26d-4a3e-9691-17f803db5723
call next value for hibernate_sequence
call next value for hibernate_sequence;
2022-10-10 14:33:46.795  INFO 4460 --- [    Test worker] p6spy                                    : #1665380026795 | took 0ms | statement | connection 18| url jdbc:h2:mem:ad3a9e80-f26d-4a3e-9691-17f803db5723
call next value for hibernate_sequence
call next value for hibernate_sequence;
2022-10-10 14:33:46.795  INFO 4460 --- [    Test worker] p6spy                                    : #1665380026795 | took 0ms | statement | connection 18| url jdbc:h2:mem:ad3a9e80-f26d-4a3e-9691-17f803db5723
call next value for hibernate_sequence
call next value for hibernate_sequence;
2022-10-10 14:33:46.795  INFO 4460 --- [    Test worker] p6spy                                    : #1665380026795 | took 0ms | statement | connection 18| url jdbc:h2:mem:ad3a9e80-f26d-4a3e-9691-17f803db5723
call next value for hibernate_sequence
call next value for hibernate_sequence;
2022-10-10 14:33:46.795  INFO 4460 --- [    Test worker] p6spy                                    : #1665380026795 | took 0ms | statement | connection 18| url jdbc:h2:mem:ad3a9e80-f26d-4a3e-9691-17f803db5723
call next value for hibernate_sequence
call next value for hibernate_sequence;
2022-10-10 14:33:46.795  INFO 4460 --- [    Test worker] p6spy                                    : #1665380026795 | took 0ms | statement | connection 18| url jdbc:h2:mem:ad3a9e80-f26d-4a3e-9691-17f803db5723
call next value for hibernate_sequence
call next value for hibernate_sequence;
2022-10-10 14:33:46.795  INFO 4460 --- [    Test worker] p6spy                                    : #1665380026795 | took 0ms | statement | connection 18| url jdbc:h2:mem:ad3a9e80-f26d-4a3e-9691-17f803db5723
call next value for hibernate_sequence
call next value for hibernate_sequence;
2022-10-10 14:33:46.795  INFO 4460 --- [    Test worker] p6spy                                    : #1665380026795 | took 0ms | statement | connection 18| url jdbc:h2:mem:ad3a9e80-f26d-4a3e-9691-17f803db5723
call next value for hibernate_sequence
call next value for hibernate_sequence;
2022-10-10 14:33:46.795  INFO 4460 --- [    Test worker] p6spy                                    : #1665380026795 | took 0ms | statement | connection 18| url jdbc:h2:mem:ad3a9e80-f26d-4a3e-9691-17f803db5723
call next value for hibernate_sequence
call next value for hibernate_sequence;
2022-10-10 14:33:46.795  INFO 4460 --- [    Test worker] p6spy                                    : #1665380026795 | took 0ms | statement | connection 18| url jdbc:h2:mem:ad3a9e80-f26d-4a3e-9691-17f803db5723
call next value for hibernate_sequence
call next value for hibernate_sequence;
2022-10-10 14:33:46.795  INFO 4460 --- [    Test worker] p6spy                                    : #1665380026795 | took 0ms | statement | connection 18| url jdbc:h2:mem:ad3a9e80-f26d-4a3e-9691-17f803db5723
call next value for hibernate_sequence
call next value for hibernate_sequence;
2022-10-10 14:33:46.795  INFO 4460 --- [    Test worker] p6spy                                    : #1665380026795 | took 0ms | statement | connection 18| url jdbc:h2:mem:ad3a9e80-f26d-4a3e-9691-17f803db5723
call next value for hibernate_sequence
call next value for hibernate_sequence;
2022-10-10 14:33:46.796  INFO 4460 --- [    Test worker] p6spy                                    : #1665380026796 | took 0ms | statement | connection 18| url jdbc:h2:mem:ad3a9e80-f26d-4a3e-9691-17f803db5723
call next value for hibernate_sequence
call next value for hibernate_sequence;
2022-10-10 14:33:46.796  INFO 4460 --- [    Test worker] p6spy                                    : #1665380026796 | took 0ms | statement | connection 18| url jdbc:h2:mem:ad3a9e80-f26d-4a3e-9691-17f803db5723
call next value for hibernate_sequence
call next value for hibernate_sequence;
2022-10-10 14:33:46.796  INFO 4460 --- [    Test worker] p6spy                                    : #1665380026796 | took 0ms | statement | connection 18| url jdbc:h2:mem:ad3a9e80-f26d-4a3e-9691-17f803db5723
call next value for hibernate_sequence
call next value for hibernate_sequence;
2022-10-10 14:33:46.796  INFO 4460 --- [    Test worker] p6spy                                    : #1665380026796 | took 0ms | statement | connection 18| url jdbc:h2:mem:ad3a9e80-f26d-4a3e-9691-17f803db5723
call next value for hibernate_sequence
call next value for hibernate_sequence;
2022-10-10 14:33:46.796  INFO 4460 --- [    Test worker] p6spy                                    : #1665380026796 | took 0ms | statement | connection 18| url jdbc:h2:mem:ad3a9e80-f26d-4a3e-9691-17f803db5723
call next value for hibernate_sequence
call next value for hibernate_sequence;
2022-10-10 14:33:46.796  INFO 4460 --- [    Test worker] p6spy                                    : #1665380026796 | took 0ms | statement | connection 18| url jdbc:h2:mem:ad3a9e80-f26d-4a3e-9691-17f803db5723
call next value for hibernate_sequence
call next value for hibernate_sequence;
2022-10-10 14:33:46.796  INFO 4460 --- [    Test worker] p6spy                                    : #1665380026796 | took 0ms | statement | connection 18| url jdbc:h2:mem:ad3a9e80-f26d-4a3e-9691-17f803db5723
call next value for hibernate_sequence
call next value for hibernate_sequence;
2022-10-10 14:33:46.796  INFO 4460 --- [    Test worker] p6spy                                    : #1665380026796 | took 0ms | statement | connection 18| url jdbc:h2:mem:ad3a9e80-f26d-4a3e-9691-17f803db5723
call next value for hibernate_sequence
call next value for hibernate_sequence;
2022-10-10 14:33:46.796  INFO 4460 --- [    Test worker] p6spy                                    : #1665380026796 | took 0ms | statement | connection 18| url jdbc:h2:mem:ad3a9e80-f26d-4a3e-9691-17f803db5723
call next value for hibernate_sequence
call next value for hibernate_sequence;
2022-10-10 14:33:46.796  INFO 4460 --- [    Test worker] p6spy                                    : #1665380026796 | took 0ms | statement | connection 18| url jdbc:h2:mem:ad3a9e80-f26d-4a3e-9691-17f803db5723
call next value for hibernate_sequence
call next value for hibernate_sequence;
2022-10-10 14:33:46.796  INFO 4460 --- [    Test worker] p6spy                                    : #1665380026796 | took 0ms | statement | connection 18| url jdbc:h2:mem:ad3a9e80-f26d-4a3e-9691-17f803db5723
call next value for hibernate_sequence
call next value for hibernate_sequence;
2022-10-10 14:33:46.796  INFO 4460 --- [    Test worker] p6spy                                    : #1665380026796 | took 0ms | statement | connection 18| url jdbc:h2:mem:ad3a9e80-f26d-4a3e-9691-17f803db5723
call next value for hibernate_sequence
call next value for hibernate_sequence;
2022-10-10 14:33:46.797  INFO 4460 --- [    Test worker] p6spy                                    : #1665380026797 | took 0ms | statement | connection 18| url jdbc:h2:mem:ad3a9e80-f26d-4a3e-9691-17f803db5723
call next value for hibernate_sequence
call next value for hibernate_sequence;
2022-10-10 14:33:46.797  INFO 4460 --- [    Test worker] p6spy                                    : #1665380026797 | took 0ms | statement | connection 18| url jdbc:h2:mem:ad3a9e80-f26d-4a3e-9691-17f803db5723
call next value for hibernate_sequence
call next value for hibernate_sequence;
2022-10-10 14:33:46.797  INFO 4460 --- [    Test worker] p6spy                                    : #1665380026797 | took 0ms | statement | connection 18| url jdbc:h2:mem:ad3a9e80-f26d-4a3e-9691-17f803db5723
call next value for hibernate_sequence
call next value for hibernate_sequence;
2022-10-10 14:33:46.797  INFO 4460 --- [    Test worker] p6spy                                    : #1665380026797 | took 0ms | statement | connection 18| url jdbc:h2:mem:ad3a9e80-f26d-4a3e-9691-17f803db5723
call next value for hibernate_sequence
call next value for hibernate_sequence;
2022-10-10 14:33:46.797  INFO 4460 --- [    Test worker] p6spy                                    : #1665380026797 | took 0ms | statement | connection 18| url jdbc:h2:mem:ad3a9e80-f26d-4a3e-9691-17f803db5723
call next value for hibernate_sequence
call next value for hibernate_sequence;
2022-10-10 14:33:46.797  INFO 4460 --- [    Test worker] p6spy                                    : #1665380026797 | took 0ms | statement | connection 18| url jdbc:h2:mem:ad3a9e80-f26d-4a3e-9691-17f803db5723
call next value for hibernate_sequence
call next value for hibernate_sequence;
2022-10-10 14:33:46.797  INFO 4460 --- [    Test worker] p6spy                                    : #1665380026797 | took 0ms | statement | connection 18| url jdbc:h2:mem:ad3a9e80-f26d-4a3e-9691-17f803db5723
call next value for hibernate_sequence
call next value for hibernate_sequence;
2022-10-10 14:33:46.797  INFO 4460 --- [    Test worker] p6spy                                    : #1665380026797 | took 0ms | statement | connection 18| url jdbc:h2:mem:ad3a9e80-f26d-4a3e-9691-17f803db5723
call next value for hibernate_sequence
call next value for hibernate_sequence;
2022-10-10 14:33:46.797  INFO 4460 --- [    Test worker] p6spy                                    : #1665380026797 | took 0ms | statement | connection 18| url jdbc:h2:mem:ad3a9e80-f26d-4a3e-9691-17f803db5723
call next value for hibernate_sequence
call next value for hibernate_sequence;
2022-10-10 14:33:46.797  INFO 4460 --- [    Test worker] p6spy                                    : #1665380026797 | took 0ms | statement | connection 18| url jdbc:h2:mem:ad3a9e80-f26d-4a3e-9691-17f803db5723
call next value for hibernate_sequence
call next value for hibernate_sequence;
2022-10-10 14:33:46.797  INFO 4460 --- [    Test worker] p6spy                                    : #1665380026797 | took 0ms | statement | connection 18| url jdbc:h2:mem:ad3a9e80-f26d-4a3e-9691-17f803db5723
call next value for hibernate_sequence
call next value for hibernate_sequence;
2022-10-10 14:33:46.797  INFO 4460 --- [    Test worker] p6spy                                    : #1665380026797 | took 0ms | statement | connection 18| url jdbc:h2:mem:ad3a9e80-f26d-4a3e-9691-17f803db5723
call next value for hibernate_sequence
call next value for hibernate_sequence;
2022-10-10 14:33:46.798  INFO 4460 --- [    Test worker] p6spy                                    : #1665380026798 | took 0ms | statement | connection 18| url jdbc:h2:mem:ad3a9e80-f26d-4a3e-9691-17f803db5723
call next value for hibernate_sequence
call next value for hibernate_sequence;
2022-10-10 14:33:46.798  INFO 4460 --- [    Test worker] p6spy                                    : #1665380026798 | took 0ms | statement | connection 18| url jdbc:h2:mem:ad3a9e80-f26d-4a3e-9691-17f803db5723
call next value for hibernate_sequence
call next value for hibernate_sequence;
2022-10-10 14:33:46.798  INFO 4460 --- [    Test worker] p6spy                                    : #1665380026798 | took 0ms | statement | connection 18| url jdbc:h2:mem:ad3a9e80-f26d-4a3e-9691-17f803db5723
call next value for hibernate_sequence
call next value for hibernate_sequence;
2022-10-10 14:33:46.798  INFO 4460 --- [    Test worker] p6spy                                    : #1665380026798 | took 0ms | statement | connection 18| url jdbc:h2:mem:ad3a9e80-f26d-4a3e-9691-17f803db5723
call next value for hibernate_sequence
call next value for hibernate_sequence;
2022-10-10 14:33:46.798  INFO 4460 --- [    Test worker] p6spy                                    : #1665380026798 | took 0ms | statement | connection 18| url jdbc:h2:mem:ad3a9e80-f26d-4a3e-9691-17f803db5723
call next value for hibernate_sequence
call next value for hibernate_sequence;
2022-10-10 14:33:46.798  INFO 4460 --- [    Test worker] p6spy                                    : #1665380026798 | took 0ms | statement | connection 18| url jdbc:h2:mem:ad3a9e80-f26d-4a3e-9691-17f803db5723
call next value for hibernate_sequence
call next value for hibernate_sequence;
2022-10-10 14:33:46.798  INFO 4460 --- [    Test worker] p6spy                                    : #1665380026798 | took 0ms | statement | connection 18| url jdbc:h2:mem:ad3a9e80-f26d-4a3e-9691-17f803db5723
call next value for hibernate_sequence
call next value for hibernate_sequence;
2022-10-10 14:33:46.798  INFO 4460 --- [    Test worker] p6spy                                    : #1665380026798 | took 0ms | statement | connection 18| url jdbc:h2:mem:ad3a9e80-f26d-4a3e-9691-17f803db5723
call next value for hibernate_sequence
call next value for hibernate_sequence;
2022-10-10 14:33:46.798  INFO 4460 --- [    Test worker] p6spy                                    : #1665380026798 | took 0ms | statement | connection 18| url jdbc:h2:mem:ad3a9e80-f26d-4a3e-9691-17f803db5723
call next value for hibernate_sequence
call next value for hibernate_sequence;
2022-10-10 14:33:46.798  INFO 4460 --- [    Test worker] p6spy                                    : #1665380026798 | took 0ms | statement | connection 18| url jdbc:h2:mem:ad3a9e80-f26d-4a3e-9691-17f803db5723
call next value for hibernate_sequence
call next value for hibernate_sequence;
2022-10-10 14:33:46.798  INFO 4460 --- [    Test worker] p6spy                                    : #1665380026798 | took 0ms | statement | connection 18| url jdbc:h2:mem:ad3a9e80-f26d-4a3e-9691-17f803db5723
call next value for hibernate_sequence
call next value for hibernate_sequence;
2022-10-10 14:33:46.798  INFO 4460 --- [    Test worker] p6spy                                    : #1665380026798 | took 0ms | statement | connection 18| url jdbc:h2:mem:ad3a9e80-f26d-4a3e-9691-17f803db5723
call next value for hibernate_sequence
call next value for hibernate_sequence;
2022-10-10 14:33:46.798  INFO 4460 --- [    Test worker] p6spy                                    : #1665380026798 | took 0ms | statement | connection 18| url jdbc:h2:mem:ad3a9e80-f26d-4a3e-9691-17f803db5723
call next value for hibernate_sequence
call next value for hibernate_sequence;
2022-10-10 14:33:46.798  INFO 4460 --- [    Test worker] p6spy                                    : #1665380026798 | took 0ms | statement | connection 18| url jdbc:h2:mem:ad3a9e80-f26d-4a3e-9691-17f803db5723
call next value for hibernate_sequence
call next value for hibernate_sequence;
2022-10-10 14:33:46.798  INFO 4460 --- [    Test worker] p6spy                                    : #1665380026798 | took 0ms | statement | connection 18| url jdbc:h2:mem:ad3a9e80-f26d-4a3e-9691-17f803db5723
call next value for hibernate_sequence
call next value for hibernate_sequence;
2022-10-10 14:33:46.798  INFO 4460 --- [    Test worker] p6spy                                    : #1665380026798 | took 0ms | statement | connection 18| url jdbc:h2:mem:ad3a9e80-f26d-4a3e-9691-17f803db5723
call next value for hibernate_sequence
call next value for hibernate_sequence;
2022-10-10 14:33:46.799  INFO 4460 --- [    Test worker] p6spy                                    : #1665380026799 | took 0ms | statement | connection 18| url jdbc:h2:mem:ad3a9e80-f26d-4a3e-9691-17f803db5723
call next value for hibernate_sequence
call next value for hibernate_sequence;
2022-10-10 14:33:46.799  INFO 4460 --- [    Test worker] p6spy                                    : #1665380026799 | took 0ms | statement | connection 18| url jdbc:h2:mem:ad3a9e80-f26d-4a3e-9691-17f803db5723
call next value for hibernate_sequence
call next value for hibernate_sequence;
2022-10-10 14:33:46.799  INFO 4460 --- [    Test worker] p6spy                                    : #1665380026799 | took 0ms | statement | connection 18| url jdbc:h2:mem:ad3a9e80-f26d-4a3e-9691-17f803db5723
call next value for hibernate_sequence
call next value for hibernate_sequence;
2022-10-10 14:33:46.799  INFO 4460 --- [    Test worker] p6spy                                    : #1665380026799 | took 0ms | statement | connection 18| url jdbc:h2:mem:ad3a9e80-f26d-4a3e-9691-17f803db5723
call next value for hibernate_sequence
call next value for hibernate_sequence;
2022-10-10 14:33:46.799  INFO 4460 --- [    Test worker] p6spy                                    : #1665380026799 | took 0ms | statement | connection 18| url jdbc:h2:mem:ad3a9e80-f26d-4a3e-9691-17f803db5723
call next value for hibernate_sequence
call next value for hibernate_sequence;
2022-10-10 14:33:46.799  INFO 4460 --- [    Test worker] p6spy                                    : #1665380026799 | took 0ms | statement | connection 18| url jdbc:h2:mem:ad3a9e80-f26d-4a3e-9691-17f803db5723
call next value for hibernate_sequence
call next value for hibernate_sequence;
2022-10-10 14:33:46.799  INFO 4460 --- [    Test worker] p6spy                                    : #1665380026799 | took 0ms | statement | connection 18| url jdbc:h2:mem:ad3a9e80-f26d-4a3e-9691-17f803db5723
call next value for hibernate_sequence
call next value for hibernate_sequence;
2022-10-10 14:33:46.799  INFO 4460 --- [    Test worker] p6spy                                    : #1665380026799 | took 0ms | statement | connection 18| url jdbc:h2:mem:ad3a9e80-f26d-4a3e-9691-17f803db5723
call next value for hibernate_sequence
call next value for hibernate_sequence;
2022-10-10 14:33:46.799  INFO 4460 --- [    Test worker] p6spy                                    : #1665380026799 | took 0ms | statement | connection 18| url jdbc:h2:mem:ad3a9e80-f26d-4a3e-9691-17f803db5723
call next value for hibernate_sequence
call next value for hibernate_sequence;
2022-10-10 14:33:46.799  INFO 4460 --- [    Test worker] p6spy                                    : #1665380026799 | took 0ms | statement | connection 18| url jdbc:h2:mem:ad3a9e80-f26d-4a3e-9691-17f803db5723
call next value for hibernate_sequence
call next value for hibernate_sequence;
2022-10-10 14:33:46.799  INFO 4460 --- [    Test worker] p6spy                                    : #1665380026799 | took 0ms | statement | connection 18| url jdbc:h2:mem:ad3a9e80-f26d-4a3e-9691-17f803db5723
call next value for hibernate_sequence
call next value for hibernate_sequence;
2022-10-10 14:33:46.799  INFO 4460 --- [    Test worker] p6spy                                    : #1665380026799 | took 0ms | statement | connection 18| url jdbc:h2:mem:ad3a9e80-f26d-4a3e-9691-17f803db5723
call next value for hibernate_sequence
call next value for hibernate_sequence;
2022-10-10 14:33:46.799  INFO 4460 --- [    Test worker] p6spy                                    : #1665380026799 | took 0ms | statement | connection 18| url jdbc:h2:mem:ad3a9e80-f26d-4a3e-9691-17f803db5723
call next value for hibernate_sequence
call next value for hibernate_sequence;
2022-10-10 14:33:46.799  INFO 4460 --- [    Test worker] p6spy                                    : #1665380026799 | took 0ms | statement | connection 18| url jdbc:h2:mem:ad3a9e80-f26d-4a3e-9691-17f803db5723
call next value for hibernate_sequence
call next value for hibernate_sequence;
2022-10-10 14:33:46.799  INFO 4460 --- [    Test worker] p6spy                                    : #1665380026799 | took 0ms | statement | connection 18| url jdbc:h2:mem:ad3a9e80-f26d-4a3e-9691-17f803db5723
call next value for hibernate_sequence
call next value for hibernate_sequence;
2022-10-10 14:33:46.800  INFO 4460 --- [    Test worker] p6spy                                    : #1665380026800 | took 0ms | statement | connection 18| url jdbc:h2:mem:ad3a9e80-f26d-4a3e-9691-17f803db5723
call next value for hibernate_sequence
call next value for hibernate_sequence;
2022-10-10 14:33:46.800  INFO 4460 --- [    Test worker] p6spy                                    : #1665380026800 | took 0ms | statement | connection 18| url jdbc:h2:mem:ad3a9e80-f26d-4a3e-9691-17f803db5723
call next value for hibernate_sequence
call next value for hibernate_sequence;
2022-10-10 14:33:46.800  INFO 4460 --- [    Test worker] p6spy                                    : #1665380026800 | took 0ms | statement | connection 18| url jdbc:h2:mem:ad3a9e80-f26d-4a3e-9691-17f803db5723
call next value for hibernate_sequence
call next value for hibernate_sequence;
2022-10-10 14:33:46.800  INFO 4460 --- [    Test worker] p6spy                                    : #1665380026800 | took 0ms | statement | connection 18| url jdbc:h2:mem:ad3a9e80-f26d-4a3e-9691-17f803db5723
call next value for hibernate_sequence
call next value for hibernate_sequence;
2022-10-10 14:33:46.800  INFO 4460 --- [    Test worker] p6spy                                    : #1665380026800 | took 0ms | statement | connection 18| url jdbc:h2:mem:ad3a9e80-f26d-4a3e-9691-17f803db5723
call next value for hibernate_sequence
call next value for hibernate_sequence;
2022-10-10 14:33:46.800  INFO 4460 --- [    Test worker] p6spy                                    : #1665380026800 | took 0ms | statement | connection 18| url jdbc:h2:mem:ad3a9e80-f26d-4a3e-9691-17f803db5723
call next value for hibernate_sequence
call next value for hibernate_sequence;
2022-10-10 14:33:46.800  INFO 4460 --- [    Test worker] p6spy                                    : #1665380026800 | took 0ms | statement | connection 18| url jdbc:h2:mem:ad3a9e80-f26d-4a3e-9691-17f803db5723
call next value for hibernate_sequence
call next value for hibernate_sequence;
2022-10-10 14:33:46.800  INFO 4460 --- [    Test worker] p6spy                                    : #1665380026800 | took 0ms | statement | connection 18| url jdbc:h2:mem:ad3a9e80-f26d-4a3e-9691-17f803db5723
call next value for hibernate_sequence
call next value for hibernate_sequence;
2022-10-10 14:33:46.800  INFO 4460 --- [    Test worker] p6spy                                    : #1665380026800 | took 0ms | statement | connection 18| url jdbc:h2:mem:ad3a9e80-f26d-4a3e-9691-17f803db5723
call next value for hibernate_sequence
call next value for hibernate_sequence;
2022-10-10 14:33:46.800  INFO 4460 --- [    Test worker] p6spy                                    : #1665380026800 | took 0ms | statement | connection 18| url jdbc:h2:mem:ad3a9e80-f26d-4a3e-9691-17f803db5723
call next value for hibernate_sequence
call next value for hibernate_sequence;
2022-10-10 14:33:46.800  INFO 4460 --- [    Test worker] p6spy                                    : #1665380026800 | took 0ms | statement | connection 18| url jdbc:h2:mem:ad3a9e80-f26d-4a3e-9691-17f803db5723
call next value for hibernate_sequence
call next value for hibernate_sequence;
2022-10-10 14:33:46.800  INFO 4460 --- [    Test worker] p6spy                                    : #1665380026800 | took 0ms | statement | connection 18| url jdbc:h2:mem:ad3a9e80-f26d-4a3e-9691-17f803db5723
call next value for hibernate_sequence
call next value for hibernate_sequence;
2022-10-10 14:33:46.800  INFO 4460 --- [    Test worker] p6spy                                    : #1665380026800 | took 0ms | statement | connection 18| url jdbc:h2:mem:ad3a9e80-f26d-4a3e-9691-17f803db5723
call next value for hibernate_sequence
call next value for hibernate_sequence;
2022-10-10 14:33:46.801  INFO 4460 --- [    Test worker] p6spy                                    : #1665380026801 | took 0ms | statement | connection 18| url jdbc:h2:mem:ad3a9e80-f26d-4a3e-9691-17f803db5723
call next value for hibernate_sequence
call next value for hibernate_sequence;
2022-10-10 14:33:46.801  INFO 4460 --- [    Test worker] p6spy                                    : #1665380026801 | took 0ms | statement | connection 18| url jdbc:h2:mem:ad3a9e80-f26d-4a3e-9691-17f803db5723
call next value for hibernate_sequence
call next value for hibernate_sequence;
2022-10-10 14:33:46.801  INFO 4460 --- [    Test worker] p6spy                                    : #1665380026801 | took 0ms | statement | connection 18| url jdbc:h2:mem:ad3a9e80-f26d-4a3e-9691-17f803db5723
call next value for hibernate_sequence
call next value for hibernate_sequence;
2022-10-10 14:33:46.801  INFO 4460 --- [    Test worker] p6spy                                    : #1665380026801 | took 0ms | statement | connection 18| url jdbc:h2:mem:ad3a9e80-f26d-4a3e-9691-17f803db5723
call next value for hibernate_sequence
call next value for hibernate_sequence;
2022-10-10 14:33:46.801  INFO 4460 --- [    Test worker] p6spy                                    : #1665380026801 | took 0ms | statement | connection 18| url jdbc:h2:mem:ad3a9e80-f26d-4a3e-9691-17f803db5723
call next value for hibernate_sequence
call next value for hibernate_sequence;
2022-10-10 14:33:46.801  INFO 4460 --- [    Test worker] p6spy                                    : #1665380026801 | took 0ms | statement | connection 18| url jdbc:h2:mem:ad3a9e80-f26d-4a3e-9691-17f803db5723
call next value for hibernate_sequence
call next value for hibernate_sequence;
2022-10-10 14:33:46.801  INFO 4460 --- [    Test worker] p6spy                                    : #1665380026801 | took 0ms | statement | connection 18| url jdbc:h2:mem:ad3a9e80-f26d-4a3e-9691-17f803db5723
call next value for hibernate_sequence
call next value for hibernate_sequence;
2022-10-10 14:33:46.801  INFO 4460 --- [    Test worker] p6spy                                    : #1665380026801 | took 0ms | statement | connection 18| url jdbc:h2:mem:ad3a9e80-f26d-4a3e-9691-17f803db5723
call next value for hibernate_sequence
call next value for hibernate_sequence;
2022-10-10 14:33:46.801  INFO 4460 --- [    Test worker] p6spy                                    : #1665380026801 | took 0ms | statement | connection 18| url jdbc:h2:mem:ad3a9e80-f26d-4a3e-9691-17f803db5723
call next value for hibernate_sequence
call next value for hibernate_sequence;
2022-10-10 14:33:46.801  INFO 4460 --- [    Test worker] p6spy                                    : #1665380026801 | took 0ms | statement | connection 18| url jdbc:h2:mem:ad3a9e80-f26d-4a3e-9691-17f803db5723
call next value for hibernate_sequence
call next value for hibernate_sequence;
2022-10-10 14:33:46.801  INFO 4460 --- [    Test worker] p6spy                                    : #1665380026801 | took 0ms | statement | connection 18| url jdbc:h2:mem:ad3a9e80-f26d-4a3e-9691-17f803db5723
call next value for hibernate_sequence
call next value for hibernate_sequence;
2022-10-10 14:33:46.801  INFO 4460 --- [    Test worker] p6spy                                    : #1665380026801 | took 0ms | statement | connection 18| url jdbc:h2:mem:ad3a9e80-f26d-4a3e-9691-17f803db5723
call next value for hibernate_sequence
call next value for hibernate_sequence;
2022-10-10 14:33:46.801  INFO 4460 --- [    Test worker] p6spy                                    : #1665380026801 | took 0ms | statement | connection 18| url jdbc:h2:mem:ad3a9e80-f26d-4a3e-9691-17f803db5723
call next value for favoritespot_seq
call next value for favoritespot_seq;
2022-10-10 14:33:46.801  INFO 4460 --- [    Test worker] p6spy                                    : #1665380026801 | took 0ms | statement | connection 18| url jdbc:h2:mem:ad3a9e80-f26d-4a3e-9691-17f803db5723
call next value for hibernate_sequence
call next value for hibernate_sequence;
2022-10-10 14:33:46.801  INFO 4460 --- [    Test worker] p6spy                                    : #1665380026801 | took 0ms | statement | connection 18| url jdbc:h2:mem:ad3a9e80-f26d-4a3e-9691-17f803db5723
call next value for hibernate_sequence
call next value for hibernate_sequence;
2022-10-10 14:33:46.802  INFO 4460 --- [    Test worker] p6spy                                    : #1665380026802 | took 0ms | statement | connection 18| url jdbc:h2:mem:ad3a9e80-f26d-4a3e-9691-17f803db5723
call next value for hibernate_sequence
call next value for hibernate_sequence;
2022-10-10 14:33:46.802  INFO 4460 --- [    Test worker] p6spy                                    : #1665380026802 | took 0ms | statement | connection 18| url jdbc:h2:mem:ad3a9e80-f26d-4a3e-9691-17f803db5723
call next value for hibernate_sequence
call next value for hibernate_sequence;
2022-10-10 14:33:46.802  INFO 4460 --- [    Test worker] p6spy                                    : #1665380026802 | took 0ms | statement | connection 18| url jdbc:h2:mem:ad3a9e80-f26d-4a3e-9691-17f803db5723
call next value for hibernate_sequence
call next value for hibernate_sequence;
2022-10-10 14:33:46.802  INFO 4460 --- [    Test worker] p6spy                                    : #1665380026802 | took 0ms | statement | connection 18| url jdbc:h2:mem:ad3a9e80-f26d-4a3e-9691-17f803db5723
call next value for hibernate_sequence
call next value for hibernate_sequence;
2022-10-10 14:33:46.802  INFO 4460 --- [    Test worker] p6spy                                    : #1665380026802 | took 0ms | statement | connection 18| url jdbc:h2:mem:ad3a9e80-f26d-4a3e-9691-17f803db5723
call next value for hibernate_sequence
call next value for hibernate_sequence;
2022-10-10 14:33:46.802  INFO 4460 --- [    Test worker] p6spy                                    : #1665380026802 | took 0ms | statement | connection 18| url jdbc:h2:mem:ad3a9e80-f26d-4a3e-9691-17f803db5723
call next value for spot_seq
call next value for spot_seq;
2022-10-10 14:33:46.802  INFO 4460 --- [    Test worker] p6spy                                    : #1665380026802 | took 0ms | statement | connection 18| url jdbc:h2:mem:ad3a9e80-f26d-4a3e-9691-17f803db5723
call next value for hibernate_sequence
call next value for hibernate_sequence;
2022-10-10 14:33:46.802  INFO 4460 --- [    Test worker] p6spy                                    : #1665380026802 | took 0ms | statement | connection 18| url jdbc:h2:mem:ad3a9e80-f26d-4a3e-9691-17f803db5723
call next value for hibernate_sequence
call next value for hibernate_sequence;
2022-10-10 14:33:46.802  INFO 4460 --- [    Test worker] p6spy                                    : #1665380026802 | took 0ms | statement | connection 18| url jdbc:h2:mem:ad3a9e80-f26d-4a3e-9691-17f803db5723
call next value for hibernate_sequence
call next value for hibernate_sequence;
2022-10-10 14:33:46.802  INFO 4460 --- [    Test worker] p6spy                                    : #1665380026802 | took 0ms | statement | connection 18| url jdbc:h2:mem:ad3a9e80-f26d-4a3e-9691-17f803db5723
call next value for hibernate_sequence
call next value for hibernate_sequence;
2022-10-10 14:33:46.802  INFO 4460 --- [    Test worker] p6spy                                    : #1665380026802 | took 0ms | statement | connection 18| url jdbc:h2:mem:ad3a9e80-f26d-4a3e-9691-17f803db5723
call next value for hibernate_sequence
call next value for hibernate_sequence;
2022-10-10 14:33:46.802  INFO 4460 --- [    Test worker] p6spy                                    : #1665380026802 | took 0ms | statement | connection 18| url jdbc:h2:mem:ad3a9e80-f26d-4a3e-9691-17f803db5723
call next value for hibernate_sequence
call next value for hibernate_sequence;
2022-10-10 14:33:46.802  INFO 4460 --- [    Test worker] p6spy                                    : #1665380026802 | took 0ms | statement | connection 18| url jdbc:h2:mem:ad3a9e80-f26d-4a3e-9691-17f803db5723
call next value for hibernate_sequence
call next value for hibernate_sequence;
2022-10-10 14:33:46.802  INFO 4460 --- [    Test worker] p6spy                                    : #1665380026802 | took 0ms | statement | connection 18| url jdbc:h2:mem:ad3a9e80-f26d-4a3e-9691-17f803db5723
call next value for hibernate_sequence
call next value for hibernate_sequence;
2022-10-10 14:33:46.803  INFO 4460 --- [    Test worker] p6spy                                    : #1665380026803 | took 0ms | statement | connection 18| url jdbc:h2:mem:ad3a9e80-f26d-4a3e-9691-17f803db5723
call next value for hibernate_sequence
call next value for hibernate_sequence;
2022-10-10 14:33:46.803  INFO 4460 --- [    Test worker] p6spy                                    : #1665380026803 | took 0ms | statement | connection 18| url jdbc:h2:mem:ad3a9e80-f26d-4a3e-9691-17f803db5723
call next value for hibernate_sequence
call next value for hibernate_sequence;
2022-10-10 14:33:46.803  INFO 4460 --- [    Test worker] p6spy                                    : #1665380026803 | took 0ms | statement | connection 18| url jdbc:h2:mem:ad3a9e80-f26d-4a3e-9691-17f803db5723
call next value for hibernate_sequence
call next value for hibernate_sequence;
2022-10-10 14:33:46.803  INFO 4460 --- [    Test worker] p6spy                                    : #1665380026803 | took 0ms | statement | connection 18| url jdbc:h2:mem:ad3a9e80-f26d-4a3e-9691-17f803db5723
call next value for hibernate_sequence
call next value for hibernate_sequence;
2022-10-10 14:33:46.803  INFO 4460 --- [    Test worker] p6spy                                    : #1665380026803 | took 0ms | statement | connection 18| url jdbc:h2:mem:ad3a9e80-f26d-4a3e-9691-17f803db5723
call next value for hibernate_sequence
call next value for hibernate_sequence;
2022-10-10 14:33:46.803  INFO 4460 --- [    Test worker] p6spy                                    : #1665380026803 | took 0ms | statement | connection 18| url jdbc:h2:mem:ad3a9e80-f26d-4a3e-9691-17f803db5723
call next value for hibernate_sequence
call next value for hibernate_sequence;
2022-10-10 14:33:46.803  INFO 4460 --- [    Test worker] p6spy                                    : #1665380026803 | took 0ms | statement | connection 18| url jdbc:h2:mem:ad3a9e80-f26d-4a3e-9691-17f803db5723
call next value for hibernate_sequence
call next value for hibernate_sequence;
2022-10-10 14:33:46.803  INFO 4460 --- [    Test worker] p6spy                                    : #1665380026803 | took 0ms | statement | connection 18| url jdbc:h2:mem:ad3a9e80-f26d-4a3e-9691-17f803db5723
call next value for hibernate_sequence
call next value for hibernate_sequence;
2022-10-10 14:33:46.803  INFO 4460 --- [    Test worker] p6spy                                    : #1665380026803 | took 0ms | statement | connection 18| url jdbc:h2:mem:ad3a9e80-f26d-4a3e-9691-17f803db5723
call next value for hibernate_sequence
call next value for hibernate_sequence;
2022-10-10 14:33:46.803  INFO 4460 --- [    Test worker] p6spy                                    : #1665380026803 | took 0ms | statement | connection 18| url jdbc:h2:mem:ad3a9e80-f26d-4a3e-9691-17f803db5723
call next value for hibernate_sequence
call next value for hibernate_sequence;
2022-10-10 14:33:46.803  INFO 4460 --- [    Test worker] p6spy                                    : #1665380026803 | took 0ms | statement | connection 18| url jdbc:h2:mem:ad3a9e80-f26d-4a3e-9691-17f803db5723
call next value for hibernate_sequence
call next value for hibernate_sequence;
2022-10-10 14:33:46.803  INFO 4460 --- [    Test worker] p6spy                                    : #1665380026803 | took 0ms | statement | connection 18| url jdbc:h2:mem:ad3a9e80-f26d-4a3e-9691-17f803db5723
call next value for hibernate_sequence
call next value for hibernate_sequence;
2022-10-10 14:33:46.803  INFO 4460 --- [    Test worker] p6spy                                    : #1665380026803 | took 0ms | statement | connection 18| url jdbc:h2:mem:ad3a9e80-f26d-4a3e-9691-17f803db5723
call next value for hibernate_sequence
call next value for hibernate_sequence;
2022-10-10 14:33:46.804  INFO 4460 --- [    Test worker] p6spy                                    : #1665380026804 | took 0ms | statement | connection 18| url jdbc:h2:mem:ad3a9e80-f26d-4a3e-9691-17f803db5723
call next value for hibernate_sequence
call next value for hibernate_sequence;
2022-10-10 14:33:46.804  INFO 4460 --- [    Test worker] p6spy                                    : #1665380026804 | took 0ms | statement | connection 18| url jdbc:h2:mem:ad3a9e80-f26d-4a3e-9691-17f803db5723
call next value for hibernate_sequence
call next value for hibernate_sequence;
2022-10-10 14:33:46.804  INFO 4460 --- [    Test worker] p6spy                                    : #1665380026804 | took 0ms | statement | connection 18| url jdbc:h2:mem:ad3a9e80-f26d-4a3e-9691-17f803db5723
call next value for hibernate_sequence
call next value for hibernate_sequence;
2022-10-10 14:33:46.804  INFO 4460 --- [    Test worker] p6spy                                    : #1665380026804 | took 0ms | statement | connection 18| url jdbc:h2:mem:ad3a9e80-f26d-4a3e-9691-17f803db5723
call next value for hibernate_sequence
call next value for hibernate_sequence;
2022-10-10 14:33:46.804  INFO 4460 --- [    Test worker] p6spy                                    : #1665380026804 | took 0ms | statement | connection 18| url jdbc:h2:mem:ad3a9e80-f26d-4a3e-9691-17f803db5723
call next value for hibernate_sequence
call next value for hibernate_sequence;
2022-10-10 14:33:46.804  INFO 4460 --- [    Test worker] p6spy                                    : #1665380026804 | took 0ms | statement | connection 18| url jdbc:h2:mem:ad3a9e80-f26d-4a3e-9691-17f803db5723
call next value for hibernate_sequence
call next value for hibernate_sequence;
2022-10-10 14:33:46.804  INFO 4460 --- [    Test worker] p6spy                                    : #1665380026804 | took 0ms | statement | connection 18| url jdbc:h2:mem:ad3a9e80-f26d-4a3e-9691-17f803db5723
call next value for hibernate_sequence
call next value for hibernate_sequence;
2022-10-10 14:33:46.804  INFO 4460 --- [    Test worker] p6spy                                    : #1665380026804 | took 0ms | statement | connection 18| url jdbc:h2:mem:ad3a9e80-f26d-4a3e-9691-17f803db5723
call next value for hibernate_sequence
call next value for hibernate_sequence;
2022-10-10 14:33:46.804  INFO 4460 --- [    Test worker] p6spy                                    : #1665380026804 | took 0ms | statement | connection 18| url jdbc:h2:mem:ad3a9e80-f26d-4a3e-9691-17f803db5723
call next value for hibernate_sequence
call next value for hibernate_sequence;
2022-10-10 14:33:46.804  INFO 4460 --- [    Test worker] p6spy                                    : #1665380026804 | took 0ms | statement | connection 18| url jdbc:h2:mem:ad3a9e80-f26d-4a3e-9691-17f803db5723
call next value for hibernate_sequence
call next value for hibernate_sequence;
2022-10-10 14:33:46.804  INFO 4460 --- [    Test worker] p6spy                                    : #1665380026804 | took 0ms | statement | connection 18| url jdbc:h2:mem:ad3a9e80-f26d-4a3e-9691-17f803db5723
call next value for hibernate_sequence
call next value for hibernate_sequence;
2022-10-10 14:33:46.804  INFO 4460 --- [    Test worker] p6spy                                    : #1665380026804 | took 0ms | statement | connection 18| url jdbc:h2:mem:ad3a9e80-f26d-4a3e-9691-17f803db5723
call next value for hibernate_sequence
call next value for hibernate_sequence;
2022-10-10 14:33:46.804  INFO 4460 --- [    Test worker] p6spy                                    : #1665380026804 | took 0ms | statement | connection 18| url jdbc:h2:mem:ad3a9e80-f26d-4a3e-9691-17f803db5723
call next value for hibernate_sequence
call next value for hibernate_sequence;
2022-10-10 14:33:46.804  INFO 4460 --- [    Test worker] p6spy                                    : #1665380026804 | took 0ms | statement | connection 18| url jdbc:h2:mem:ad3a9e80-f26d-4a3e-9691-17f803db5723
call next value for hibernate_sequence
call next value for hibernate_sequence;
2022-10-10 14:33:46.804  INFO 4460 --- [    Test worker] p6spy                                    : #1665380026804 | took 0ms | statement | connection 18| url jdbc:h2:mem:ad3a9e80-f26d-4a3e-9691-17f803db5723
call next value for hibernate_sequence
call next value for hibernate_sequence;
2022-10-10 14:33:46.805  INFO 4460 --- [    Test worker] p6spy                                    : #1665380026805 | took 0ms | statement | connection 18| url jdbc:h2:mem:ad3a9e80-f26d-4a3e-9691-17f803db5723
call next value for hibernate_sequence
call next value for hibernate_sequence;
2022-10-10 14:33:46.805  INFO 4460 --- [    Test worker] p6spy                                    : #1665380026805 | took 0ms | statement | connection 18| url jdbc:h2:mem:ad3a9e80-f26d-4a3e-9691-17f803db5723
call next value for hibernate_sequence
call next value for hibernate_sequence;
2022-10-10 14:33:46.805  INFO 4460 --- [    Test worker] p6spy                                    : #1665380026805 | took 0ms | statement | connection 18| url jdbc:h2:mem:ad3a9e80-f26d-4a3e-9691-17f803db5723
call next value for hibernate_sequence
call next value for hibernate_sequence;
2022-10-10 14:33:46.805  INFO 4460 --- [    Test worker] p6spy                                    : #1665380026805 | took 0ms | statement | connection 18| url jdbc:h2:mem:ad3a9e80-f26d-4a3e-9691-17f803db5723
call next value for hibernate_sequence
call next value for hibernate_sequence;
2022-10-10 14:33:46.805  INFO 4460 --- [    Test worker] p6spy                                    : #1665380026805 | took 0ms | statement | connection 18| url jdbc:h2:mem:ad3a9e80-f26d-4a3e-9691-17f803db5723
call next value for hibernate_sequence
call next value for hibernate_sequence;
2022-10-10 14:33:46.805  INFO 4460 --- [    Test worker] p6spy                                    : #1665380026805 | took 0ms | statement | connection 18| url jdbc:h2:mem:ad3a9e80-f26d-4a3e-9691-17f803db5723
call next value for hibernate_sequence
call next value for hibernate_sequence;
2022-10-10 14:33:46.805  INFO 4460 --- [    Test worker] p6spy                                    : #1665380026805 | took 0ms | statement | connection 18| url jdbc:h2:mem:ad3a9e80-f26d-4a3e-9691-17f803db5723
call next value for hibernate_sequence
call next value for hibernate_sequence;
2022-10-10 14:33:46.805  INFO 4460 --- [    Test worker] p6spy                                    : #1665380026805 | took 0ms | statement | connection 18| url jdbc:h2:mem:ad3a9e80-f26d-4a3e-9691-17f803db5723
call next value for hibernate_sequence
call next value for hibernate_sequence;
2022-10-10 14:33:46.805  INFO 4460 --- [    Test worker] p6spy                                    : #1665380026805 | took 0ms | statement | connection 18| url jdbc:h2:mem:ad3a9e80-f26d-4a3e-9691-17f803db5723
call next value for hibernate_sequence
call next value for hibernate_sequence;
2022-10-10 14:33:46.805  INFO 4460 --- [    Test worker] p6spy                                    : #1665380026805 | took 0ms | statement | connection 18| url jdbc:h2:mem:ad3a9e80-f26d-4a3e-9691-17f803db5723
call next value for hibernate_sequence
call next value for hibernate_sequence;
2022-10-10 14:33:46.805  INFO 4460 --- [    Test worker] p6spy                                    : #1665380026805 | took 0ms | statement | connection 18| url jdbc:h2:mem:ad3a9e80-f26d-4a3e-9691-17f803db5723
call next value for hibernate_sequence
call next value for hibernate_sequence;
2022-10-10 14:33:46.805  INFO 4460 --- [    Test worker] p6spy                                    : #1665380026805 | took 0ms | statement | connection 18| url jdbc:h2:mem:ad3a9e80-f26d-4a3e-9691-17f803db5723
call next value for hibernate_sequence
call next value for hibernate_sequence;
2022-10-10 14:33:46.805  INFO 4460 --- [    Test worker] p6spy                                    : #1665380026805 | took 0ms | statement | connection 18| url jdbc:h2:mem:ad3a9e80-f26d-4a3e-9691-17f803db5723
call next value for hibernate_sequence
call next value for hibernate_sequence;
2022-10-10 14:33:46.805  INFO 4460 --- [    Test worker] p6spy                                    : #1665380026805 | took 0ms | statement | connection 18| url jdbc:h2:mem:ad3a9e80-f26d-4a3e-9691-17f803db5723
call next value for hibernate_sequence
call next value for hibernate_sequence;
2022-10-10 14:33:46.805  INFO 4460 --- [    Test worker] p6spy                                    : #1665380026805 | took 0ms | statement | connection 18| url jdbc:h2:mem:ad3a9e80-f26d-4a3e-9691-17f803db5723
call next value for hibernate_sequence
call next value for hibernate_sequence;
2022-10-10 14:33:46.805  INFO 4460 --- [    Test worker] p6spy                                    : #1665380026805 | took 0ms | statement | connection 18| url jdbc:h2:mem:ad3a9e80-f26d-4a3e-9691-17f803db5723
call next value for hibernate_sequence
call next value for hibernate_sequence;
2022-10-10 14:33:46.806  INFO 4460 --- [    Test worker] p6spy                                    : #1665380026806 | took 0ms | statement | connection 18| url jdbc:h2:mem:ad3a9e80-f26d-4a3e-9691-17f803db5723
call next value for hibernate_sequence
call next value for hibernate_sequence;
2022-10-10 14:33:46.806  INFO 4460 --- [    Test worker] p6spy                                    : #1665380026806 | took 0ms | statement | connection 18| url jdbc:h2:mem:ad3a9e80-f26d-4a3e-9691-17f803db5723
call next value for hibernate_sequence
call next value for hibernate_sequence;
2022-10-10 14:33:46.806  INFO 4460 --- [    Test worker] p6spy                                    : #1665380026806 | took 0ms | statement | connection 18| url jdbc:h2:mem:ad3a9e80-f26d-4a3e-9691-17f803db5723
call next value for hibernate_sequence
call next value for hibernate_sequence;
2022-10-10 14:33:46.806  INFO 4460 --- [    Test worker] p6spy                                    : #1665380026806 | took 0ms | statement | connection 18| url jdbc:h2:mem:ad3a9e80-f26d-4a3e-9691-17f803db5723
call next value for hibernate_sequence
call next value for hibernate_sequence;
2022-10-10 14:33:46.806  INFO 4460 --- [    Test worker] p6spy                                    : #1665380026806 | took 0ms | statement | connection 18| url jdbc:h2:mem:ad3a9e80-f26d-4a3e-9691-17f803db5723
call next value for hibernate_sequence
call next value for hibernate_sequence;
2022-10-10 14:33:46.806  INFO 4460 --- [    Test worker] p6spy                                    : #1665380026806 | took 0ms | statement | connection 18| url jdbc:h2:mem:ad3a9e80-f26d-4a3e-9691-17f803db5723
call next value for review_seq
call next value for review_seq;
2022-10-10 14:33:46.806  INFO 4460 --- [    Test worker] p6spy                                    : #1665380026806 | took 0ms | statement | connection 18| url jdbc:h2:mem:ad3a9e80-f26d-4a3e-9691-17f803db5723
call next value for hibernate_sequence
call next value for hibernate_sequence;
2022-10-10 14:33:46.806  INFO 4460 --- [    Test worker] p6spy                                    : #1665380026806 | took 0ms | statement | connection 18| url jdbc:h2:mem:ad3a9e80-f26d-4a3e-9691-17f803db5723
call next value for hibernate_sequence
call next value for hibernate_sequence;
2022-10-10 14:33:46.806  INFO 4460 --- [    Test worker] p6spy                                    : #1665380026806 | took 0ms | statement | connection 18| url jdbc:h2:mem:ad3a9e80-f26d-4a3e-9691-17f803db5723
call next value for hibernate_sequence
call next value for hibernate_sequence;
2022-10-10 14:33:46.806  INFO 4460 --- [    Test worker] p6spy                                    : #1665380026806 | took 0ms | statement | connection 18| url jdbc:h2:mem:ad3a9e80-f26d-4a3e-9691-17f803db5723
call next value for hibernate_sequence
call next value for hibernate_sequence;
2022-10-10 14:33:46.806  INFO 4460 --- [    Test worker] p6spy                                    : #1665380026806 | took 0ms | statement | connection 18| url jdbc:h2:mem:ad3a9e80-f26d-4a3e-9691-17f803db5723
call next value for score_seq
call next value for score_seq;
2022-10-10 14:33:46.806  INFO 4460 --- [    Test worker] p6spy                                    : #1665380026806 | took 0ms | statement | connection 18| url jdbc:h2:mem:ad3a9e80-f26d-4a3e-9691-17f803db5723
call next value for hibernate_sequence
call next value for hibernate_sequence;
2022-10-10 14:33:46.806  INFO 4460 --- [    Test worker] p6spy                                    : #1665380026806 | took 0ms | statement | connection 18| url jdbc:h2:mem:ad3a9e80-f26d-4a3e-9691-17f803db5723
call next value for hibernate_sequence
call next value for hibernate_sequence;
2022-10-10 14:33:46.806  INFO 4460 --- [    Test worker] p6spy                                    : #1665380026806 | took 0ms | statement | connection 18| url jdbc:h2:mem:ad3a9e80-f26d-4a3e-9691-17f803db5723
call next value for hibernate_sequence
call next value for hibernate_sequence;
2022-10-10 14:33:46.806  INFO 4460 --- [    Test worker] p6spy                                    : #1665380026806 | took 0ms | statement | connection 18| url jdbc:h2:mem:ad3a9e80-f26d-4a3e-9691-17f803db5723
call next value for hibernate_sequence
call next value for hibernate_sequence;
2022-10-10 14:33:46.811  INFO 4460 --- [    Test worker] p6spy                                    : #1665380026811 | took 0ms | statement | connection 18| url jdbc:h2:mem:ad3a9e80-f26d-4a3e-9691-17f803db5723
insert into member (created_date, last_modified_date, created_by, last_modified_by, email, password, refresh_token, role, username, member_id) values (?, ?, ?, ?, ?, ?, ?, ?, ?, ?)
insert into member (created_date, last_modified_date, created_by, last_modified_by, email, password, refresh_token, role, username, member_id) values ('2022-10-10T14:33:46.770+0900', '2022-10-10T14:33:46.770+0900', 'd3c0dff3-9970-4110-98fe-2cdac1ec7085', 'd3c0dff3-9970-4110-98fe-2cdac1ec7085', 'member1@gmail.com', '1234', NULL, NULL, 'member1', 8);
2022-10-10 14:33:46.812  INFO 4460 --- [    Test worker] p6spy                                    : #1665380026812 | took 0ms | statement | connection 18| url jdbc:h2:mem:ad3a9e80-f26d-4a3e-9691-17f803db5723
insert into member (created_date, last_modified_date, created_by, last_modified_by, email, password, refresh_token, role, username, member_id) values (?, ?, ?, ?, ?, ?, ?, ?, ?, ?)
insert into member (created_date, last_modified_date, created_by, last_modified_by, email, password, refresh_token, role, username, member_id) values ('2022-10-10T14:33:46.770+0900', '2022-10-10T14:33:46.770+0900', '5256183f-d650-41e1-b333-6f6697f9340a', '5256183f-d650-41e1-b333-6f6697f9340a', 'member2@naver.com', '2345', NULL, NULL, 'member2', 9);
2022-10-10 14:33:46.812  INFO 4460 --- [    Test worker] p6spy                                    : #1665380026812 | took 0ms | statement | connection 18| url jdbc:h2:mem:ad3a9e80-f26d-4a3e-9691-17f803db5723
insert into favorite (member_id, name, favorite_id) values (?, ?, ?)
insert into favorite (member_id, name, favorite_id) values (8, '1일차', 28);
2022-10-10 14:33:46.812  INFO 4460 --- [    Test worker] p6spy                                    : #1665380026812 | took 0ms | statement | connection 18| url jdbc:h2:mem:ad3a9e80-f26d-4a3e-9691-17f803db5723
insert into score (facility_rank, facility_score, price_rank, price_score, rank_average, surround_rank, surround_score, view_rank, view_score, score_id) values (?, ?, ?, ?, ?, ?, ?, ?, ?, ?)
insert into score (facility_rank, facility_score, price_rank, price_score, rank_average, surround_rank, surround_score, view_rank, view_score, score_id) values (0.6402694103165651, 30.0, 5.218097190191094, 20.0, 5.767430526223885, 0.2353616094195654, 40.0, 3.719592393393568, 10.0, 3);
2022-10-10 14:33:46.812  INFO 4460 --- [    Test worker] p6spy                                    : #1665380026812 | took 0ms | statement | connection 18| url jdbc:h2:mem:ad3a9e80-f26d-4a3e-9691-17f803db5723
insert into picture (spot_id, url, picture_id) values (?, ?, ?)
insert into picture (spot_id, url, picture_id) values (NULL, 'java.io.StringReader@59ea4ca5', 65);
2022-10-10 14:33:46.813  INFO 4460 --- [    Test worker] p6spy                                    : #1665380026813 | took 0ms | statement | connection 18| url jdbc:h2:mem:ad3a9e80-f26d-4a3e-9691-17f803db5723
insert into picture (spot_id, url, picture_id) values (?, ?, ?)
insert into picture (spot_id, url, picture_id) values (NULL, 'java.io.StringReader@24209520', 66);
2022-10-10 14:33:46.813  INFO 4460 --- [    Test worker] p6spy                                    : #1665380026813 | took 0ms | statement | connection 18| url jdbc:h2:mem:ad3a9e80-f26d-4a3e-9691-17f803db5723
insert into picture (spot_id, url, picture_id) values (?, ?, ?)
insert into picture (spot_id, url, picture_id) values (NULL, 'java.io.StringReader@5f966dee', 67);
2022-10-10 14:33:46.813  INFO 4460 --- [    Test worker] p6spy                                    : #1665380026813 | took 0ms | statement | connection 18| url jdbc:h2:mem:ad3a9e80-f26d-4a3e-9691-17f803db5723
insert into spot (address, description, location, name, score_id, spot_id) values (?, ?, ?, ?, ?, ?)
insert into spot (address, description, location, name, score_id, spot_id) values (NULL, NULL, 'Aewol_eup', NULL, 3, 69);
2022-10-10 14:33:46.813  INFO 4460 --- [    Test worker] p6spy                                    : #1665380026813 | took 0ms | statement | connection 18| url jdbc:h2:mem:ad3a9e80-f26d-4a3e-9691-17f803db5723
insert into member_spot (member_id, score, spot_id, member_spot_id) values (?, ?, ?, ?)
insert into member_spot (member_id, score, spot_id, member_spot_id) values (9, 0.0, 69, 68);
2022-10-10 14:33:46.813  INFO 4460 --- [    Test worker] p6spy                                    : #1665380026813 | took 0ms | statement | connection 18| url jdbc:h2:mem:ad3a9e80-f26d-4a3e-9691-17f803db5723
insert into review (content, spot_id, review_id) values (?, ?, ?)
insert into review (content, spot_id, review_id) values ('java.io.StringReader@23639e5', 69, 5);
2022-10-10 14:33:46.813  INFO 4460 --- [    Test worker] p6spy                                    : #1665380026813 | took 0ms | statement | connection 18| url jdbc:h2:mem:ad3a9e80-f26d-4a3e-9691-17f803db5723
insert into favorite_spot (count, favorite_id, spot_id, favorite_spot_id) values (?, ?, ?, ?)
insert into favorite_spot (count, favorite_id, spot_id, favorite_spot_id) values (0, 28, 69, 71);
2022-10-10 14:33:46.813  INFO 4460 --- [    Test worker] p6spy                                    : #1665380026813 | took 0ms | statement | connection 18| url jdbc:h2:mem:ad3a9e80-f26d-4a3e-9691-17f803db5723
insert into score (facility_rank, facility_score, price_rank, price_score, rank_average, surround_rank, surround_score, view_rank, view_score, score_id) values (?, ?, ?, ?, ?, ?, ?, ?, ?, ?)
insert into score (facility_rank, facility_score, price_rank, price_score, rank_average, surround_rank, surround_score, view_rank, view_score, score_id) values (5.901239224438188, 40.0, 1.9677702518029527, 30.0, 8.251923012108813, 6.102725508217785, 50.0, 6.915311040353425, 20.0, 4);
2022-10-10 14:33:46.814  INFO 4460 --- [    Test worker] p6spy                                    : #1665380026814 | took 0ms | statement | connection 18| url jdbc:h2:mem:ad3a9e80-f26d-4a3e-9691-17f803db5723
insert into picture (spot_id, url, picture_id) values (?, ?, ?)
insert into picture (spot_id, url, picture_id) values (NULL, 'java.io.StringReader@278e51f1', 69);
2022-10-10 14:33:46.814  INFO 4460 --- [    Test worker] p6spy                                    : #1665380026814 | took 0ms | statement | connection 18| url jdbc:h2:mem:ad3a9e80-f26d-4a3e-9691-17f803db5723
insert into picture (spot_id, url, picture_id) values (?, ?, ?)
insert into picture (spot_id, url, picture_id) values (NULL, 'java.io.StringReader@1d93bd2a', 70);
2022-10-10 14:33:46.814  INFO 4460 --- [    Test worker] p6spy                                    : #1665380026814 | took 0ms | statement | connection 18| url jdbc:h2:mem:ad3a9e80-f26d-4a3e-9691-17f803db5723
insert into picture (spot_id, url, picture_id) values (?, ?, ?)
insert into picture (spot_id, url, picture_id) values (NULL, 'java.io.StringReader@89537c1', 71);
2022-10-10 14:33:46.814  INFO 4460 --- [    Test worker] p6spy                                    : #1665380026814 | took 0ms | statement | connection 18| url jdbc:h2:mem:ad3a9e80-f26d-4a3e-9691-17f803db5723
insert into spot (address, description, location, name, score_id, spot_id) values (?, ?, ?, ?, ?, ?)
insert into spot (address, description, location, name, score_id, spot_id) values (NULL, NULL, 'Aewol_eup', NULL, 4, 70);
2022-10-10 14:33:46.814  INFO 4460 --- [    Test worker] p6spy                                    : #1665380026814 | took 0ms | statement | connection 18| url jdbc:h2:mem:ad3a9e80-f26d-4a3e-9691-17f803db5723
insert into member_spot (member_id, score, spot_id, member_spot_id) values (?, ?, ?, ?)
insert into member_spot (member_id, score, spot_id, member_spot_id) values (9, 0.0, 70, 72);
2022-10-10 14:33:46.814  INFO 4460 --- [    Test worker] p6spy                                    : #1665380026814 | took 0ms | statement | connection 18| url jdbc:h2:mem:ad3a9e80-f26d-4a3e-9691-17f803db5723
insert into review (content, spot_id, review_id) values (?, ?, ?)
insert into review (content, spot_id, review_id) values ('java.io.StringReader@62f2811', 69, 6);
2022-10-10 14:33:46.814  INFO 4460 --- [    Test worker] p6spy                                    : #1665380026814 | took 0ms | statement | connection 18| url jdbc:h2:mem:ad3a9e80-f26d-4a3e-9691-17f803db5723
insert into favorite_spot (count, favorite_id, spot_id, favorite_spot_id) values (?, ?, ?, ?)
insert into favorite_spot (count, favorite_id, spot_id, favorite_spot_id) values (0, 28, 70, 72);
2022-10-10 14:33:46.814  INFO 4460 --- [    Test worker] p6spy                                    : #1665380026814 | took 0ms | statement | connection 18| url jdbc:h2:mem:ad3a9e80-f26d-4a3e-9691-17f803db5723
insert into score (facility_rank, facility_score, price_rank, price_score, rank_average, surround_rank, surround_score, view_rank, view_score, score_id) values (?, ?, ?, ?, ?, ?, ?, ?, ?, ?)
insert into score (facility_rank, facility_score, price_rank, price_score, rank_average, surround_rank, surround_score, view_rank, view_score, score_id) values (1.636471918779272, 50.0, 6.52232473765154, 40.0, 5.54253831082926, 7.639755468922339, 60.0, 0.052112447894661074, 30.0, 5);
2022-10-10 14:33:46.814  INFO 4460 --- [    Test worker] p6spy                                    : #1665380026814 | took 0ms | statement | connection 18| url jdbc:h2:mem:ad3a9e80-f26d-4a3e-9691-17f803db5723
insert into picture (spot_id, url, picture_id) values (?, ?, ?)
insert into picture (spot_id, url, picture_id) values (NULL, 'java.io.StringReader@7908e69e', 73);
2022-10-10 14:33:46.814  INFO 4460 --- [    Test worker] p6spy                                    : #1665380026814 | took 0ms | statement | connection 18| url jdbc:h2:mem:ad3a9e80-f26d-4a3e-9691-17f803db5723
insert into picture (spot_id, url, picture_id) values (?, ?, ?)
insert into picture (spot_id, url, picture_id) values (NULL, 'java.io.StringReader@796ed904', 74);
2022-10-10 14:33:46.815  INFO 4460 --- [    Test worker] p6spy                                    : #1665380026815 | took 0ms | statement | connection 18| url jdbc:h2:mem:ad3a9e80-f26d-4a3e-9691-17f803db5723
insert into picture (spot_id, url, picture_id) values (?, ?, ?)
insert into picture (spot_id, url, picture_id) values (NULL, 'java.io.StringReader@1c0697c9', 75);
2022-10-10 14:33:46.815  INFO 4460 --- [    Test worker] p6spy                                    : #1665380026815 | took 0ms | statement | connection 18| url jdbc:h2:mem:ad3a9e80-f26d-4a3e-9691-17f803db5723
insert into spot (address, description, location, name, score_id, spot_id) values (?, ?, ?, ?, ?, ?)
insert into spot (address, description, location, name, score_id, spot_id) values (NULL, NULL, 'Aewol_eup', NULL, 5, 71);
2022-10-10 14:33:46.815  INFO 4460 --- [    Test worker] p6spy                                    : #1665380026815 | took 0ms | statement | connection 18| url jdbc:h2:mem:ad3a9e80-f26d-4a3e-9691-17f803db5723
insert into member_spot (member_id, score, spot_id, member_spot_id) values (?, ?, ?, ?)
insert into member_spot (member_id, score, spot_id, member_spot_id) values (9, 0.0, 71, 76);
2022-10-10 14:33:46.815  INFO 4460 --- [    Test worker] p6spy                                    : #1665380026815 | took 0ms | statement | connection 18| url jdbc:h2:mem:ad3a9e80-f26d-4a3e-9691-17f803db5723
insert into review (content, spot_id, review_id) values (?, ?, ?)
insert into review (content, spot_id, review_id) values ('java.io.StringReader@203f1447', 69, 7);
2022-10-10 14:33:46.815  INFO 4460 --- [    Test worker] p6spy                                    : #1665380026815 | took 0ms | statement | connection 18| url jdbc:h2:mem:ad3a9e80-f26d-4a3e-9691-17f803db5723
insert into favorite_spot (count, favorite_id, spot_id, favorite_spot_id) values (?, ?, ?, ?)
insert into favorite_spot (count, favorite_id, spot_id, favorite_spot_id) values (0, 28, 71, 73);
2022-10-10 14:33:46.815  INFO 4460 --- [    Test worker] p6spy                                    : #1665380026815 | took 0ms | statement | connection 18| url jdbc:h2:mem:ad3a9e80-f26d-4a3e-9691-17f803db5723
insert into score (facility_rank, facility_score, price_rank, price_score, rank_average, surround_rank, surround_score, view_rank, view_score, score_id) values (?, ?, ?, ?, ?, ?, ?, ?, ?, ?)
insert into score (facility_rank, facility_score, price_rank, price_score, rank_average, surround_rank, surround_score, view_rank, view_score, score_id) values (7.591696131270912, 60.0, 6.011980352478485, 50.0, 8.183719144293516, 7.146988403257436, 70.0, 7.186400156816461, 40.0, 6);
2022-10-10 14:33:46.815  INFO 4460 --- [    Test worker] p6spy                                    : #1665380026815 | took 0ms | statement | connection 18| url jdbc:h2:mem:ad3a9e80-f26d-4a3e-9691-17f803db5723
insert into picture (spot_id, url, picture_id) values (?, ?, ?)
insert into picture (spot_id, url, picture_id) values (NULL, 'java.io.StringReader@5da1f9b9', 77);
2022-10-10 14:33:46.815  INFO 4460 --- [    Test worker] p6spy                                    : #1665380026815 | took 0ms | statement | connection 18| url jdbc:h2:mem:ad3a9e80-f26d-4a3e-9691-17f803db5723
insert into picture (spot_id, url, picture_id) values (?, ?, ?)
insert into picture (spot_id, url, picture_id) values (NULL, 'java.io.StringReader@3dc238ae', 78);
2022-10-10 14:33:46.815  INFO 4460 --- [    Test worker] p6spy                                    : #1665380026815 | took 0ms | statement | connection 18| url jdbc:h2:mem:ad3a9e80-f26d-4a3e-9691-17f803db5723
insert into picture (spot_id, url, picture_id) values (?, ?, ?)
insert into picture (spot_id, url, picture_id) values (NULL, 'java.io.StringReader@6497bc28', 79);
2022-10-10 14:33:46.815  INFO 4460 --- [    Test worker] p6spy                                    : #1665380026815 | took 0ms | statement | connection 18| url jdbc:h2:mem:ad3a9e80-f26d-4a3e-9691-17f803db5723
insert into spot (address, description, location, name, score_id, spot_id) values (?, ?, ?, ?, ?, ?)
insert into spot (address, description, location, name, score_id, spot_id) values (NULL, NULL, 'Aewol_eup', NULL, 6, 72);
2022-10-10 14:33:46.816  INFO 4460 --- [    Test worker] p6spy                                    : #1665380026816 | took 0ms | statement | connection 18| url jdbc:h2:mem:ad3a9e80-f26d-4a3e-9691-17f803db5723
insert into member_spot (member_id, score, spot_id, member_spot_id) values (?, ?, ?, ?)
insert into member_spot (member_id, score, spot_id, member_spot_id) values (9, 0.0, 72, 80);
2022-10-10 14:33:46.816  INFO 4460 --- [    Test worker] p6spy                                    : #1665380026816 | took 0ms | statement | connection 18| url jdbc:h2:mem:ad3a9e80-f26d-4a3e-9691-17f803db5723
insert into review (content, spot_id, review_id) values (?, ?, ?)
insert into review (content, spot_id, review_id) values ('java.io.StringReader@f56c2a0', 69, 8);
2022-10-10 14:33:46.816  INFO 4460 --- [    Test worker] p6spy                                    : #1665380026816 | took 0ms | statement | connection 18| url jdbc:h2:mem:ad3a9e80-f26d-4a3e-9691-17f803db5723
insert into favorite_spot (count, favorite_id, spot_id, favorite_spot_id) values (?, ?, ?, ?)
insert into favorite_spot (count, favorite_id, spot_id, favorite_spot_id) values (0, 28, 72, 74);
2022-10-10 14:33:46.816  INFO 4460 --- [    Test worker] p6spy                                    : #1665380026816 | took 0ms | statement | connection 18| url jdbc:h2:mem:ad3a9e80-f26d-4a3e-9691-17f803db5723
insert into score (facility_rank, facility_score, price_rank, price_score, rank_average, surround_rank, surround_score, view_rank, view_score, score_id) values (?, ?, ?, ?, ?, ?, ?, ?, ?, ?)
insert into score (facility_rank, facility_score, price_rank, price_score, rank_average, surround_rank, surround_score, view_rank, view_score, score_id) values (6.366049689549983, 70.0, 4.5087789643271545, 60.0, 1.9689640230994643, 8.355851017557095, 80.0, 6.753944640086221, 50.0, 7);
2022-10-10 14:33:46.816  INFO 4460 --- [    Test worker] p6spy                                    : #1665380026816 | took 0ms | statement | connection 18| url jdbc:h2:mem:ad3a9e80-f26d-4a3e-9691-17f803db5723
insert into picture (spot_id, url, picture_id) values (?, ?, ?)
insert into picture (spot_id, url, picture_id) values (NULL, 'java.io.StringReader@27e037c1', 81);
2022-10-10 14:33:46.816  INFO 4460 --- [    Test worker] p6spy                                    : #1665380026816 | took 0ms | statement | connection 18| url jdbc:h2:mem:ad3a9e80-f26d-4a3e-9691-17f803db5723
insert into picture (spot_id, url, picture_id) values (?, ?, ?)
insert into picture (spot_id, url, picture_id) values (NULL, 'java.io.StringReader@1a325aa', 82);
2022-10-10 14:33:46.816  INFO 4460 --- [    Test worker] p6spy                                    : #1665380026816 | took 0ms | statement | connection 18| url jdbc:h2:mem:ad3a9e80-f26d-4a3e-9691-17f803db5723
insert into picture (spot_id, url, picture_id) values (?, ?, ?)
insert into picture (spot_id, url, picture_id) values (NULL, 'java.io.StringReader@d866565', 83);
2022-10-10 14:33:46.816  INFO 4460 --- [    Test worker] p6spy                                    : #1665380026816 | took 0ms | statement | connection 18| url jdbc:h2:mem:ad3a9e80-f26d-4a3e-9691-17f803db5723
insert into spot (address, description, location, name, score_id, spot_id) values (?, ?, ?, ?, ?, ?)
insert into spot (address, description, location, name, score_id, spot_id) values (NULL, NULL, 'Aewol_eup', NULL, 7, 73);
2022-10-10 14:33:46.816  INFO 4460 --- [    Test worker] p6spy                                    : #1665380026816 | took 0ms | statement | connection 18| url jdbc:h2:mem:ad3a9e80-f26d-4a3e-9691-17f803db5723
insert into member_spot (member_id, score, spot_id, member_spot_id) values (?, ?, ?, ?)
insert into member_spot (member_id, score, spot_id, member_spot_id) values (9, 0.0, 73, 84);
2022-10-10 14:33:46.816  INFO 4460 --- [    Test worker] p6spy                                    : #1665380026816 | took 0ms | statement | connection 18| url jdbc:h2:mem:ad3a9e80-f26d-4a3e-9691-17f803db5723
insert into review (content, spot_id, review_id) values (?, ?, ?)
insert into review (content, spot_id, review_id) values ('java.io.StringReader@4d424aea', 69, 9);
2022-10-10 14:33:46.816  INFO 4460 --- [    Test worker] p6spy                                    : #1665380026816 | took 0ms | statement | connection 18| url jdbc:h2:mem:ad3a9e80-f26d-4a3e-9691-17f803db5723
insert into favorite_spot (count, favorite_id, spot_id, favorite_spot_id) values (?, ?, ?, ?)
insert into favorite_spot (count, favorite_id, spot_id, favorite_spot_id) values (0, 28, 73, 75);
2022-10-10 14:33:46.817  INFO 4460 --- [    Test worker] p6spy                                    : #1665380026817 | took 0ms | statement | connection 18| url jdbc:h2:mem:ad3a9e80-f26d-4a3e-9691-17f803db5723
insert into score (facility_rank, facility_score, price_rank, price_score, rank_average, surround_rank, surround_score, view_rank, view_score, score_id) values (?, ?, ?, ?, ?, ?, ?, ?, ?, ?)
insert into score (facility_rank, facility_score, price_rank, price_score, rank_average, surround_rank, surround_score, view_rank, view_score, score_id) values (5.963174861715369, 80.0, 1.2826231664308374, 70.0, 5.189994625044201, 8.97607069895327, 90.0, 0.8377863580491718, 60.0, 8);
2022-10-10 14:33:46.817  INFO 4460 --- [    Test worker] p6spy                                    : #1665380026817 | took 0ms | statement | connection 18| url jdbc:h2:mem:ad3a9e80-f26d-4a3e-9691-17f803db5723
insert into picture (spot_id, url, picture_id) values (?, ?, ?)
insert into picture (spot_id, url, picture_id) values (NULL, 'java.io.StringReader@554b571b', 85);
2022-10-10 14:33:46.817  INFO 4460 --- [    Test worker] p6spy                                    : #1665380026817 | took 0ms | statement | connection 18| url jdbc:h2:mem:ad3a9e80-f26d-4a3e-9691-17f803db5723
insert into picture (spot_id, url, picture_id) values (?, ?, ?)
insert into picture (spot_id, url, picture_id) values (NULL, 'java.io.StringReader@221b4175', 86);
2022-10-10 14:33:46.817  INFO 4460 --- [    Test worker] p6spy                                    : #1665380026817 | took 0ms | statement | connection 18| url jdbc:h2:mem:ad3a9e80-f26d-4a3e-9691-17f803db5723
insert into picture (spot_id, url, picture_id) values (?, ?, ?)
insert into picture (spot_id, url, picture_id) values (NULL, 'java.io.StringReader@4f60ac31', 87);
2022-10-10 14:33:46.817  INFO 4460 --- [    Test worker] p6spy                                    : #1665380026817 | took 0ms | statement | connection 18| url jdbc:h2:mem:ad3a9e80-f26d-4a3e-9691-17f803db5723
insert into spot (address, description, location, name, score_id, spot_id) values (?, ?, ?, ?, ?, ?)
insert into spot (address, description, location, name, score_id, spot_id) values (NULL, NULL, 'Aewol_eup', NULL, 8, 74);
2022-10-10 14:33:46.817  INFO 4460 --- [    Test worker] p6spy                                    : #1665380026817 | took 0ms | statement | connection 18| url jdbc:h2:mem:ad3a9e80-f26d-4a3e-9691-17f803db5723
insert into member_spot (member_id, score, spot_id, member_spot_id) values (?, ?, ?, ?)
insert into member_spot (member_id, score, spot_id, member_spot_id) values (9, 0.0, 74, 88);
2022-10-10 14:33:46.817  INFO 4460 --- [    Test worker] p6spy                                    : #1665380026817 | took 0ms | statement | connection 18| url jdbc:h2:mem:ad3a9e80-f26d-4a3e-9691-17f803db5723
insert into review (content, spot_id, review_id) values (?, ?, ?)
insert into review (content, spot_id, review_id) values ('java.io.StringReader@2142754a', 69, 10);
2022-10-10 14:33:46.817  INFO 4460 --- [    Test worker] p6spy                                    : #1665380026817 | took 0ms | statement | connection 18| url jdbc:h2:mem:ad3a9e80-f26d-4a3e-9691-17f803db5723
insert into favorite_spot (count, favorite_id, spot_id, favorite_spot_id) values (?, ?, ?, ?)
insert into favorite_spot (count, favorite_id, spot_id, favorite_spot_id) values (0, 28, 74, 76);
2022-10-10 14:33:46.817  INFO 4460 --- [    Test worker] p6spy                                    : #1665380026817 | took 0ms | statement | connection 18| url jdbc:h2:mem:ad3a9e80-f26d-4a3e-9691-17f803db5723
insert into score (facility_rank, facility_score, price_rank, price_score, rank_average, surround_rank, surround_score, view_rank, view_score, score_id) values (?, ?, ?, ?, ?, ?, ?, ?, ?, ?)
insert into score (facility_rank, facility_score, price_rank, price_score, rank_average, surround_rank, surround_score, view_rank, view_score, score_id) values (7.426193420743164, 90.0, 2.385204890866206, 80.0, 1.2396128902701653, 6.75517474931967, 100.0, 3.2797637692414003, 70.0, 9);
2022-10-10 14:33:46.817  INFO 4460 --- [    Test worker] p6spy                                    : #1665380026817 | took 0ms | statement | connection 18| url jdbc:h2:mem:ad3a9e80-f26d-4a3e-9691-17f803db5723
insert into picture (spot_id, url, picture_id) values (?, ?, ?)
insert into picture (spot_id, url, picture_id) values (NULL, 'java.io.StringReader@e0f22c3', 89);
2022-10-10 14:33:46.818  INFO 4460 --- [    Test worker] p6spy                                    : #1665380026818 | took 0ms | statement | connection 18| url jdbc:h2:mem:ad3a9e80-f26d-4a3e-9691-17f803db5723
insert into picture (spot_id, url, picture_id) values (?, ?, ?)
insert into picture (spot_id, url, picture_id) values (NULL, 'java.io.StringReader@5d9cd8b7', 90);
2022-10-10 14:33:46.818  INFO 4460 --- [    Test worker] p6spy                                    : #1665380026818 | took 0ms | statement | connection 18| url jdbc:h2:mem:ad3a9e80-f26d-4a3e-9691-17f803db5723
insert into picture (spot_id, url, picture_id) values (?, ?, ?)
insert into picture (spot_id, url, picture_id) values (NULL, 'java.io.StringReader@5afef53', 91);
2022-10-10 14:33:46.818  INFO 4460 --- [    Test worker] p6spy                                    : #1665380026818 | took 0ms | statement | connection 18| url jdbc:h2:mem:ad3a9e80-f26d-4a3e-9691-17f803db5723
insert into spot (address, description, location, name, score_id, spot_id) values (?, ?, ?, ?, ?, ?)
insert into spot (address, description, location, name, score_id, spot_id) values (NULL, NULL, 'Aewol_eup', NULL, 9, 75);
2022-10-10 14:33:46.818  INFO 4460 --- [    Test worker] p6spy                                    : #1665380026818 | took 0ms | statement | connection 18| url jdbc:h2:mem:ad3a9e80-f26d-4a3e-9691-17f803db5723
insert into member_spot (member_id, score, spot_id, member_spot_id) values (?, ?, ?, ?)
insert into member_spot (member_id, score, spot_id, member_spot_id) values (9, 0.0, 75, 92);
2022-10-10 14:33:46.818  INFO 4460 --- [    Test worker] p6spy                                    : #1665380026818 | took 0ms | statement | connection 18| url jdbc:h2:mem:ad3a9e80-f26d-4a3e-9691-17f803db5723
insert into review (content, spot_id, review_id) values (?, ?, ?)
insert into review (content, spot_id, review_id) values ('java.io.StringReader@4a8d8f50', 69, 11);
2022-10-10 14:33:46.818  INFO 4460 --- [    Test worker] p6spy                                    : #1665380026818 | took 0ms | statement | connection 18| url jdbc:h2:mem:ad3a9e80-f26d-4a3e-9691-17f803db5723
insert into favorite_spot (count, favorite_id, spot_id, favorite_spot_id) values (?, ?, ?, ?)
insert into favorite_spot (count, favorite_id, spot_id, favorite_spot_id) values (0, 28, 75, 77);
2022-10-10 14:33:46.818  INFO 4460 --- [    Test worker] p6spy                                    : #1665380026818 | took 0ms | statement | connection 18| url jdbc:h2:mem:ad3a9e80-f26d-4a3e-9691-17f803db5723
insert into score (facility_rank, facility_score, price_rank, price_score, rank_average, surround_rank, surround_score, view_rank, view_score, score_id) values (?, ?, ?, ?, ?, ?, ?, ?, ?, ?)
insert into score (facility_rank, facility_score, price_rank, price_score, rank_average, surround_rank, surround_score, view_rank, view_score, score_id) values (8.963136637312711, 100.0, 8.749135653752138, 90.0, 0.8217635459670825, 5.541007161851182, 110.0, 3.9802710521040185, 80.0, 10);
2022-10-10 14:33:46.818  INFO 4460 --- [    Test worker] p6spy                                    : #1665380026818 | took 0ms | statement | connection 18| url jdbc:h2:mem:ad3a9e80-f26d-4a3e-9691-17f803db5723
insert into picture (spot_id, url, picture_id) values (?, ?, ?)
insert into picture (spot_id, url, picture_id) values (NULL, 'java.io.StringReader@f0ead61', 93);
2022-10-10 14:33:46.818  INFO 4460 --- [    Test worker] p6spy                                    : #1665380026818 | took 0ms | statement | connection 18| url jdbc:h2:mem:ad3a9e80-f26d-4a3e-9691-17f803db5723
insert into picture (spot_id, url, picture_id) values (?, ?, ?)
insert into picture (spot_id, url, picture_id) values (NULL, 'java.io.StringReader@2ec3d746', 94);
2022-10-10 14:33:46.818  INFO 4460 --- [    Test worker] p6spy                                    : #1665380026818 | took 0ms | statement | connection 18| url jdbc:h2:mem:ad3a9e80-f26d-4a3e-9691-17f803db5723
insert into picture (spot_id, url, picture_id) values (?, ?, ?)
insert into picture (spot_id, url, picture_id) values (NULL, 'java.io.StringReader@4dba7f3c', 95);
2022-10-10 14:33:46.819  INFO 4460 --- [    Test worker] p6spy                                    : #1665380026819 | took 0ms | statement | connection 18| url jdbc:h2:mem:ad3a9e80-f26d-4a3e-9691-17f803db5723
insert into spot (address, description, location, name, score_id, spot_id) values (?, ?, ?, ?, ?, ?)
insert into spot (address, description, location, name, score_id, spot_id) values (NULL, NULL, 'Aewol_eup', NULL, 10, 76);
2022-10-10 14:33:46.819  INFO 4460 --- [    Test worker] p6spy                                    : #1665380026819 | took 0ms | statement | connection 18| url jdbc:h2:mem:ad3a9e80-f26d-4a3e-9691-17f803db5723
insert into member_spot (member_id, score, spot_id, member_spot_id) values (?, ?, ?, ?)
insert into member_spot (member_id, score, spot_id, member_spot_id) values (9, 0.0, 76, 96);
2022-10-10 14:33:46.819  INFO 4460 --- [    Test worker] p6spy                                    : #1665380026819 | took 0ms | statement | connection 18| url jdbc:h2:mem:ad3a9e80-f26d-4a3e-9691-17f803db5723
insert into review (content, spot_id, review_id) values (?, ?, ?)
insert into review (content, spot_id, review_id) values ('java.io.StringReader@4654fe3b', 69, 12);
2022-10-10 14:33:46.819  INFO 4460 --- [    Test worker] p6spy                                    : #1665380026819 | took 0ms | statement | connection 18| url jdbc:h2:mem:ad3a9e80-f26d-4a3e-9691-17f803db5723
insert into favorite_spot (count, favorite_id, spot_id, favorite_spot_id) values (?, ?, ?, ?)
insert into favorite_spot (count, favorite_id, spot_id, favorite_spot_id) values (0, 28, 76, 78);
2022-10-10 14:33:46.819  INFO 4460 --- [    Test worker] p6spy                                    : #1665380026819 | took 0ms | statement | connection 18| url jdbc:h2:mem:ad3a9e80-f26d-4a3e-9691-17f803db5723
insert into score (facility_rank, facility_score, price_rank, price_score, rank_average, surround_rank, surround_score, view_rank, view_score, score_id) values (?, ?, ?, ?, ?, ?, ?, ?, ?, ?)
insert into score (facility_rank, facility_score, price_rank, price_score, rank_average, surround_rank, surround_score, view_rank, view_score, score_id) values (3.119445187523031, 110.0, 7.28680538884051, 100.0, 5.390832006127741, 1.0669678622294698, 120.0, 5.389556041386081, 90.0, 11);
2022-10-10 14:33:46.819  INFO 4460 --- [    Test worker] p6spy                                    : #1665380026819 | took 0ms | statement | connection 18| url jdbc:h2:mem:ad3a9e80-f26d-4a3e-9691-17f803db5723
insert into picture (spot_id, url, picture_id) values (?, ?, ?)
insert into picture (spot_id, url, picture_id) values (NULL, 'java.io.StringReader@492a54b4', 97);
2022-10-10 14:33:46.819  INFO 4460 --- [    Test worker] p6spy                                    : #1665380026819 | took 0ms | statement | connection 18| url jdbc:h2:mem:ad3a9e80-f26d-4a3e-9691-17f803db5723
insert into picture (spot_id, url, picture_id) values (?, ?, ?)
insert into picture (spot_id, url, picture_id) values (NULL, 'java.io.StringReader@1ab08e83', 98);
2022-10-10 14:33:46.819  INFO 4460 --- [    Test worker] p6spy                                    : #1665380026819 | took 0ms | statement | connection 18| url jdbc:h2:mem:ad3a9e80-f26d-4a3e-9691-17f803db5723
insert into picture (spot_id, url, picture_id) values (?, ?, ?)
insert into picture (spot_id, url, picture_id) values (NULL, 'java.io.StringReader@6878e49e', 99);
2022-10-10 14:33:46.819  INFO 4460 --- [    Test worker] p6spy                                    : #1665380026819 | took 0ms | statement | connection 18| url jdbc:h2:mem:ad3a9e80-f26d-4a3e-9691-17f803db5723
insert into spot (address, description, location, name, score_id, spot_id) values (?, ?, ?, ?, ?, ?)
insert into spot (address, description, location, name, score_id, spot_id) values (NULL, NULL, 'Aewol_eup', NULL, 11, 77);
2022-10-10 14:33:46.820  INFO 4460 --- [    Test worker] p6spy                                    : #1665380026820 | took 0ms | statement | connection 18| url jdbc:h2:mem:ad3a9e80-f26d-4a3e-9691-17f803db5723
insert into member_spot (member_id, score, spot_id, member_spot_id) values (?, ?, ?, ?)
insert into member_spot (member_id, score, spot_id, member_spot_id) values (9, 0.0, 77, 100);
2022-10-10 14:33:46.820  INFO 4460 --- [    Test worker] p6spy                                    : #1665380026820 | took 0ms | statement | connection 18| url jdbc:h2:mem:ad3a9e80-f26d-4a3e-9691-17f803db5723
insert into review (content, spot_id, review_id) values (?, ?, ?)
insert into review (content, spot_id, review_id) values ('java.io.StringReader@e646b14', 69, 13);
2022-10-10 14:33:46.820  INFO 4460 --- [    Test worker] p6spy                                    : #1665380026820 | took 0ms | statement | connection 18| url jdbc:h2:mem:ad3a9e80-f26d-4a3e-9691-17f803db5723
insert into favorite_spot (count, favorite_id, spot_id, favorite_spot_id) values (?, ?, ?, ?)
insert into favorite_spot (count, favorite_id, spot_id, favorite_spot_id) values (0, 28, 77, 79);
2022-10-10 14:33:46.820  INFO 4460 --- [    Test worker] p6spy                                    : #1665380026820 | took 0ms | statement | connection 18| url jdbc:h2:mem:ad3a9e80-f26d-4a3e-9691-17f803db5723
insert into score (facility_rank, facility_score, price_rank, price_score, rank_average, surround_rank, surround_score, view_rank, view_score, score_id) values (?, ?, ?, ?, ?, ?, ?, ?, ?, ?)
insert into score (facility_rank, facility_score, price_rank, price_score, rank_average, surround_rank, surround_score, view_rank, view_score, score_id) values (2.424785679052622, 120.0, 4.701529531411901, 110.0, 4.831486068224894, 8.785105612647449, 130.0, 3.3983766451600763, 100.0, 12);
2022-10-10 14:33:46.820  INFO 4460 --- [    Test worker] p6spy                                    : #1665380026820 | took 0ms | statement | connection 18| url jdbc:h2:mem:ad3a9e80-f26d-4a3e-9691-17f803db5723
insert into picture (spot_id, url, picture_id) values (?, ?, ?)
insert into picture (spot_id, url, picture_id) values (NULL, 'java.io.StringReader@61f56074', 101);
2022-10-10 14:33:46.820  INFO 4460 --- [    Test worker] p6spy                                    : #1665380026820 | took 0ms | statement | connection 18| url jdbc:h2:mem:ad3a9e80-f26d-4a3e-9691-17f803db5723
insert into picture (spot_id, url, picture_id) values (?, ?, ?)
insert into picture (spot_id, url, picture_id) values (NULL, 'java.io.StringReader@5de7948a', 102);
2022-10-10 14:33:46.820  INFO 4460 --- [    Test worker] p6spy                                    : #1665380026820 | took 0ms | statement | connection 18| url jdbc:h2:mem:ad3a9e80-f26d-4a3e-9691-17f803db5723
insert into picture (spot_id, url, picture_id) values (?, ?, ?)
insert into picture (spot_id, url, picture_id) values (NULL, 'java.io.StringReader@74a9a20d', 103);
2022-10-10 14:33:46.820  INFO 4460 --- [    Test worker] p6spy                                    : #1665380026820 | took 0ms | statement | connection 18| url jdbc:h2:mem:ad3a9e80-f26d-4a3e-9691-17f803db5723
insert into spot (address, description, location, name, score_id, spot_id) values (?, ?, ?, ?, ?, ?)
insert into spot (address, description, location, name, score_id, spot_id) values (NULL, NULL, 'Aewol_eup', NULL, 12, 78);
2022-10-10 14:33:46.820  INFO 4460 --- [    Test worker] p6spy                                    : #1665380026820 | took 0ms | statement | connection 18| url jdbc:h2:mem:ad3a9e80-f26d-4a3e-9691-17f803db5723
insert into member_spot (member_id, score, spot_id, member_spot_id) values (?, ?, ?, ?)
insert into member_spot (member_id, score, spot_id, member_spot_id) values (9, 0.0, 78, 104);
2022-10-10 14:33:46.820  INFO 4460 --- [    Test worker] p6spy                                    : #1665380026820 | took 0ms | statement | connection 18| url jdbc:h2:mem:ad3a9e80-f26d-4a3e-9691-17f803db5723
insert into review (content, spot_id, review_id) values (?, ?, ?)
insert into review (content, spot_id, review_id) values ('java.io.StringReader@67108db4', 69, 14);
2022-10-10 14:33:46.821  INFO 4460 --- [    Test worker] p6spy                                    : #1665380026821 | took 0ms | statement | connection 18| url jdbc:h2:mem:ad3a9e80-f26d-4a3e-9691-17f803db5723
insert into favorite_spot (count, favorite_id, spot_id, favorite_spot_id) values (?, ?, ?, ?)
insert into favorite_spot (count, favorite_id, spot_id, favorite_spot_id) values (0, 28, 78, 80);
2022-10-10 14:33:46.821  INFO 4460 --- [    Test worker] p6spy                                    : #1665380026821 | took 0ms | statement | connection 18| url jdbc:h2:mem:ad3a9e80-f26d-4a3e-9691-17f803db5723
insert into score (facility_rank, facility_score, price_rank, price_score, rank_average, surround_rank, surround_score, view_rank, view_score, score_id) values (?, ?, ?, ?, ?, ?, ?, ?, ?, ?)
insert into score (facility_rank, facility_score, price_rank, price_score, rank_average, surround_rank, surround_score, view_rank, view_score, score_id) values (8.162866543640055, 130.0, 5.802307449406516, 120.0, 2.6184992632409356, 6.889642016072303, 140.0, 0.8623014093980963, 110.0, 13);
2022-10-10 14:33:46.821  INFO 4460 --- [    Test worker] p6spy                                    : #1665380026821 | took 0ms | statement | connection 18| url jdbc:h2:mem:ad3a9e80-f26d-4a3e-9691-17f803db5723
insert into picture (spot_id, url, picture_id) values (?, ?, ?)
insert into picture (spot_id, url, picture_id) values (NULL, 'java.io.StringReader@7863e6b2', 105);
2022-10-10 14:33:46.821  INFO 4460 --- [    Test worker] p6spy                                    : #1665380026821 | took 0ms | statement | connection 18| url jdbc:h2:mem:ad3a9e80-f26d-4a3e-9691-17f803db5723
insert into picture (spot_id, url, picture_id) values (?, ?, ?)
insert into picture (spot_id, url, picture_id) values (NULL, 'java.io.StringReader@c4aa99e', 106);
2022-10-10 14:33:46.821  INFO 4460 --- [    Test worker] p6spy                                    : #1665380026821 | took 0ms | statement | connection 18| url jdbc:h2:mem:ad3a9e80-f26d-4a3e-9691-17f803db5723
insert into picture (spot_id, url, picture_id) values (?, ?, ?)
insert into picture (spot_id, url, picture_id) values (NULL, 'java.io.StringReader@17d28c1d', 107);
2022-10-10 14:33:46.821  INFO 4460 --- [    Test worker] p6spy                                    : #1665380026821 | took 0ms | statement | connection 18| url jdbc:h2:mem:ad3a9e80-f26d-4a3e-9691-17f803db5723
insert into spot (address, description, location, name, score_id, spot_id) values (?, ?, ?, ?, ?, ?)
insert into spot (address, description, location, name, score_id, spot_id) values (NULL, NULL, 'Aewol_eup', NULL, 13, 79);
2022-10-10 14:33:46.821  INFO 4460 --- [    Test worker] p6spy                                    : #1665380026821 | took 0ms | statement | connection 18| url jdbc:h2:mem:ad3a9e80-f26d-4a3e-9691-17f803db5723
insert into member_spot (member_id, score, spot_id, member_spot_id) values (?, ?, ?, ?)
insert into member_spot (member_id, score, spot_id, member_spot_id) values (9, 0.0, 79, 108);
2022-10-10 14:33:46.821  INFO 4460 --- [    Test worker] p6spy                                    : #1665380026821 | took 0ms | statement | connection 18| url jdbc:h2:mem:ad3a9e80-f26d-4a3e-9691-17f803db5723
insert into review (content, spot_id, review_id) values (?, ?, ?)
insert into review (content, spot_id, review_id) values ('java.io.StringReader@bc4419c', 69, 15);
2022-10-10 14:33:46.821  INFO 4460 --- [    Test worker] p6spy                                    : #1665380026821 | took 0ms | statement | connection 18| url jdbc:h2:mem:ad3a9e80-f26d-4a3e-9691-17f803db5723
insert into favorite_spot (count, favorite_id, spot_id, favorite_spot_id) values (?, ?, ?, ?)
insert into favorite_spot (count, favorite_id, spot_id, favorite_spot_id) values (0, 28, 79, 81);
2022-10-10 14:33:46.821  INFO 4460 --- [    Test worker] p6spy                                    : #1665380026821 | took 0ms | statement | connection 18| url jdbc:h2:mem:ad3a9e80-f26d-4a3e-9691-17f803db5723
insert into score (facility_rank, facility_score, price_rank, price_score, rank_average, surround_rank, surround_score, view_rank, view_score, score_id) values (?, ?, ?, ?, ?, ?, ?, ?, ?, ?)
insert into score (facility_rank, facility_score, price_rank, price_score, rank_average, surround_rank, surround_score, view_rank, view_score, score_id) values (5.3590618645663195, 140.0, 7.616995827100149, 130.0, 4.179748179983864, 1.8903432300696343, 150.0, 4.2148632206812495, 120.0, 14);
2022-10-10 14:33:46.821  INFO 4460 --- [    Test worker] p6spy                                    : #1665380026821 | took 0ms | statement | connection 18| url jdbc:h2:mem:ad3a9e80-f26d-4a3e-9691-17f803db5723
insert into picture (spot_id, url, picture_id) values (?, ?, ?)
insert into picture (spot_id, url, picture_id) values (NULL, 'java.io.StringReader@cce77c8', 109);
2022-10-10 14:33:46.822  INFO 4460 --- [    Test worker] p6spy                                    : #1665380026822 | took 0ms | statement | connection 18| url jdbc:h2:mem:ad3a9e80-f26d-4a3e-9691-17f803db5723
insert into picture (spot_id, url, picture_id) values (?, ?, ?)
insert into picture (spot_id, url, picture_id) values (NULL, 'java.io.StringReader@cd041f9', 110);
2022-10-10 14:33:46.822  INFO 4460 --- [    Test worker] p6spy                                    : #1665380026822 | took 0ms | statement | connection 18| url jdbc:h2:mem:ad3a9e80-f26d-4a3e-9691-17f803db5723
insert into picture (spot_id, url, picture_id) values (?, ?, ?)
insert into picture (spot_id, url, picture_id) values (NULL, 'java.io.StringReader@7c4d74da', 111);
2022-10-10 14:33:46.822  INFO 4460 --- [    Test worker] p6spy                                    : #1665380026822 | took 0ms | statement | connection 18| url jdbc:h2:mem:ad3a9e80-f26d-4a3e-9691-17f803db5723
insert into spot (address, description, location, name, score_id, spot_id) values (?, ?, ?, ?, ?, ?)
insert into spot (address, description, location, name, score_id, spot_id) values (NULL, NULL, 'Aewol_eup', NULL, 14, 80);
2022-10-10 14:33:46.822  INFO 4460 --- [    Test worker] p6spy                                    : #1665380026822 | took 0ms | statement | connection 18| url jdbc:h2:mem:ad3a9e80-f26d-4a3e-9691-17f803db5723
insert into member_spot (member_id, score, spot_id, member_spot_id) values (?, ?, ?, ?)
insert into member_spot (member_id, score, spot_id, member_spot_id) values (9, 0.0, 80, 112);
2022-10-10 14:33:46.822  INFO 4460 --- [    Test worker] p6spy                                    : #1665380026822 | took 0ms | statement | connection 18| url jdbc:h2:mem:ad3a9e80-f26d-4a3e-9691-17f803db5723
insert into review (content, spot_id, review_id) values (?, ?, ?)
insert into review (content, spot_id, review_id) values ('java.io.StringReader@a0c027a', 69, 16);
2022-10-10 14:33:46.822  INFO 4460 --- [    Test worker] p6spy                                    : #1665380026822 | took 0ms | statement | connection 18| url jdbc:h2:mem:ad3a9e80-f26d-4a3e-9691-17f803db5723
insert into favorite_spot (count, favorite_id, spot_id, favorite_spot_id) values (?, ?, ?, ?)
insert into favorite_spot (count, favorite_id, spot_id, favorite_spot_id) values (0, 28, 80, 82);
2022-10-10 14:33:46.822  INFO 4460 --- [    Test worker] p6spy                                    : #1665380026822 | took 0ms | statement | connection 18| url jdbc:h2:mem:ad3a9e80-f26d-4a3e-9691-17f803db5723
insert into score (facility_rank, facility_score, price_rank, price_score, rank_average, surround_rank, surround_score, view_rank, view_score, score_id) values (?, ?, ?, ?, ?, ?, ?, ?, ?, ?)
insert into score (facility_rank, facility_score, price_rank, price_score, rank_average, surround_rank, surround_score, view_rank, view_score, score_id) values (1.7258858291034729, 150.0, 0.932957085661964, 140.0, 3.9327866973973293, 3.054879788357164, 160.0, 5.063323648381303, 130.0, 15);
2022-10-10 14:33:46.822  INFO 4460 --- [    Test worker] p6spy                                    : #1665380026822 | took 0ms | statement | connection 18| url jdbc:h2:mem:ad3a9e80-f26d-4a3e-9691-17f803db5723
insert into picture (spot_id, url, picture_id) values (?, ?, ?)
insert into picture (spot_id, url, picture_id) values (NULL, 'java.io.StringReader@58a887fb', 113);
2022-10-10 14:33:46.822  INFO 4460 --- [    Test worker] p6spy                                    : #1665380026822 | took 0ms | statement | connection 18| url jdbc:h2:mem:ad3a9e80-f26d-4a3e-9691-17f803db5723
insert into picture (spot_id, url, picture_id) values (?, ?, ?)
insert into picture (spot_id, url, picture_id) values (NULL, 'java.io.StringReader@7da324d0', 114);
2022-10-10 14:33:46.822  INFO 4460 --- [    Test worker] p6spy                                    : #1665380026822 | took 0ms | statement | connection 18| url jdbc:h2:mem:ad3a9e80-f26d-4a3e-9691-17f803db5723
insert into picture (spot_id, url, picture_id) values (?, ?, ?)
insert into picture (spot_id, url, picture_id) values (NULL, 'java.io.StringReader@2b4a0be0', 115);
2022-10-10 14:33:46.823  INFO 4460 --- [    Test worker] p6spy                                    : #1665380026823 | took 0ms | statement | connection 18| url jdbc:h2:mem:ad3a9e80-f26d-4a3e-9691-17f803db5723
insert into spot (address, description, location, name, score_id, spot_id) values (?, ?, ?, ?, ?, ?)
insert into spot (address, description, location, name, score_id, spot_id) values (NULL, NULL, 'Aewol_eup', NULL, 15, 81);
2022-10-10 14:33:46.823  INFO 4460 --- [    Test worker] p6spy                                    : #1665380026823 | took 0ms | statement | connection 18| url jdbc:h2:mem:ad3a9e80-f26d-4a3e-9691-17f803db5723
insert into member_spot (member_id, score, spot_id, member_spot_id) values (?, ?, ?, ?)
insert into member_spot (member_id, score, spot_id, member_spot_id) values (9, 0.0, 81, 116);
2022-10-10 14:33:46.823  INFO 4460 --- [    Test worker] p6spy                                    : #1665380026823 | took 0ms | statement | connection 18| url jdbc:h2:mem:ad3a9e80-f26d-4a3e-9691-17f803db5723
insert into review (content, spot_id, review_id) values (?, ?, ?)
insert into review (content, spot_id, review_id) values ('java.io.StringReader@3b086139', 69, 17);
2022-10-10 14:33:46.823  INFO 4460 --- [    Test worker] p6spy                                    : #1665380026823 | took 0ms | statement | connection 18| url jdbc:h2:mem:ad3a9e80-f26d-4a3e-9691-17f803db5723
insert into favorite_spot (count, favorite_id, spot_id, favorite_spot_id) values (?, ?, ?, ?)
insert into favorite_spot (count, favorite_id, spot_id, favorite_spot_id) values (0, 28, 81, 83);
2022-10-10 14:33:46.823  INFO 4460 --- [    Test worker] p6spy                                    : #1665380026823 | took 0ms | statement | connection 18| url jdbc:h2:mem:ad3a9e80-f26d-4a3e-9691-17f803db5723
insert into score (facility_rank, facility_score, price_rank, price_score, rank_average, surround_rank, surround_score, view_rank, view_score, score_id) values (?, ?, ?, ?, ?, ?, ?, ?, ?, ?)
insert into score (facility_rank, facility_score, price_rank, price_score, rank_average, surround_rank, surround_score, view_rank, view_score, score_id) values (9.265034915631182, 160.0, 4.610082285339115, 150.0, 5.028856922103769, 4.3753803841135674, 170.0, 6.608639720300836, 140.0, 16);
2022-10-10 14:33:46.823  INFO 4460 --- [    Test worker] p6spy                                    : #1665380026823 | took 0ms | statement | connection 18| url jdbc:h2:mem:ad3a9e80-f26d-4a3e-9691-17f803db5723
insert into picture (spot_id, url, picture_id) values (?, ?, ?)
insert into picture (spot_id, url, picture_id) values (NULL, 'java.io.StringReader@4288d7b6', 117);
2022-10-10 14:33:46.823  INFO 4460 --- [    Test worker] p6spy                                    : #1665380026823 | took 0ms | statement | connection 18| url jdbc:h2:mem:ad3a9e80-f26d-4a3e-9691-17f803db5723
insert into picture (spot_id, url, picture_id) values (?, ?, ?)
insert into picture (spot_id, url, picture_id) values (NULL, 'java.io.StringReader@1b047ad', 118);
2022-10-10 14:33:46.823  INFO 4460 --- [    Test worker] p6spy                                    : #1665380026823 | took 0ms | statement | connection 18| url jdbc:h2:mem:ad3a9e80-f26d-4a3e-9691-17f803db5723
insert into picture (spot_id, url, picture_id) values (?, ?, ?)
insert into picture (spot_id, url, picture_id) values (NULL, 'java.io.StringReader@5eeb7b5b', 119);
2022-10-10 14:33:46.823  INFO 4460 --- [    Test worker] p6spy                                    : #1665380026823 | took 0ms | statement | connection 18| url jdbc:h2:mem:ad3a9e80-f26d-4a3e-9691-17f803db5723
insert into spot (address, description, location, name, score_id, spot_id) values (?, ?, ?, ?, ?, ?)
insert into spot (address, description, location, name, score_id, spot_id) values (NULL, NULL, 'Aewol_eup', NULL, 16, 82);
2022-10-10 14:33:46.823  INFO 4460 --- [    Test worker] p6spy                                    : #1665380026823 | took 0ms | statement | connection 18| url jdbc:h2:mem:ad3a9e80-f26d-4a3e-9691-17f803db5723
insert into member_spot (member_id, score, spot_id, member_spot_id) values (?, ?, ?, ?)
insert into member_spot (member_id, score, spot_id, member_spot_id) values (9, 0.0, 82, 120);
2022-10-10 14:33:46.823  INFO 4460 --- [    Test worker] p6spy                                    : #1665380026823 | took 0ms | statement | connection 18| url jdbc:h2:mem:ad3a9e80-f26d-4a3e-9691-17f803db5723
insert into review (content, spot_id, review_id) values (?, ?, ?)
insert into review (content, spot_id, review_id) values ('java.io.StringReader@4a105d1b', 69, 18);
2022-10-10 14:33:46.824  INFO 4460 --- [    Test worker] p6spy                                    : #1665380026824 | took 0ms | statement | connection 18| url jdbc:h2:mem:ad3a9e80-f26d-4a3e-9691-17f803db5723
insert into favorite_spot (count, favorite_id, spot_id, favorite_spot_id) values (?, ?, ?, ?)
insert into favorite_spot (count, favorite_id, spot_id, favorite_spot_id) values (0, 28, 82, 84);
2022-10-10 14:33:46.824  INFO 4460 --- [    Test worker] p6spy                                    : #1665380026824 | took 0ms | statement | connection 18| url jdbc:h2:mem:ad3a9e80-f26d-4a3e-9691-17f803db5723
insert into score (facility_rank, facility_score, price_rank, price_score, rank_average, surround_rank, surround_score, view_rank, view_score, score_id) values (?, ?, ?, ?, ?, ?, ?, ?, ?, ?)
insert into score (facility_rank, facility_score, price_rank, price_score, rank_average, surround_rank, surround_score, view_rank, view_score, score_id) values (3.554233268025153, 170.0, 1.9091064830526772, 160.0, 2.219315353582003, 6.81794110038682, 180.0, 8.677145566336717, 150.0, 17);
2022-10-10 14:33:46.824  INFO 4460 --- [    Test worker] p6spy                                    : #1665380026824 | took 0ms | statement | connection 18| url jdbc:h2:mem:ad3a9e80-f26d-4a3e-9691-17f803db5723
insert into picture (spot_id, url, picture_id) values (?, ?, ?)
insert into picture (spot_id, url, picture_id) values (NULL, 'java.io.StringReader@2d86f17b', 121);
2022-10-10 14:33:46.824  INFO 4460 --- [    Test worker] p6spy                                    : #1665380026824 | took 0ms | statement | connection 18| url jdbc:h2:mem:ad3a9e80-f26d-4a3e-9691-17f803db5723
insert into picture (spot_id, url, picture_id) values (?, ?, ?)
insert into picture (spot_id, url, picture_id) values (NULL, 'java.io.StringReader@652f3a8c', 122);
2022-10-10 14:33:46.824  INFO 4460 --- [    Test worker] p6spy                                    : #1665380026824 | took 0ms | statement | connection 18| url jdbc:h2:mem:ad3a9e80-f26d-4a3e-9691-17f803db5723
insert into picture (spot_id, url, picture_id) values (?, ?, ?)
insert into picture (spot_id, url, picture_id) values (NULL, 'java.io.StringReader@787168e8', 123);
2022-10-10 14:33:46.824  INFO 4460 --- [    Test worker] p6spy                                    : #1665380026824 | took 0ms | statement | connection 18| url jdbc:h2:mem:ad3a9e80-f26d-4a3e-9691-17f803db5723
insert into spot (address, description, location, name, score_id, spot_id) values (?, ?, ?, ?, ?, ?)
insert into spot (address, description, location, name, score_id, spot_id) values (NULL, NULL, 'Aewol_eup', NULL, 17, 83);
2022-10-10 14:33:46.824  INFO 4460 --- [    Test worker] p6spy                                    : #1665380026824 | took 0ms | statement | connection 18| url jdbc:h2:mem:ad3a9e80-f26d-4a3e-9691-17f803db5723
insert into member_spot (member_id, score, spot_id, member_spot_id) values (?, ?, ?, ?)
insert into member_spot (member_id, score, spot_id, member_spot_id) values (9, 0.0, 83, 124);
2022-10-10 14:33:46.824  INFO 4460 --- [    Test worker] p6spy                                    : #1665380026824 | took 0ms | statement | connection 18| url jdbc:h2:mem:ad3a9e80-f26d-4a3e-9691-17f803db5723
insert into review (content, spot_id, review_id) values (?, ?, ?)
insert into review (content, spot_id, review_id) values ('java.io.StringReader@e1c387e', 69, 19);
2022-10-10 14:33:46.824  INFO 4460 --- [    Test worker] p6spy                                    : #1665380026824 | took 0ms | statement | connection 18| url jdbc:h2:mem:ad3a9e80-f26d-4a3e-9691-17f803db5723
insert into favorite_spot (count, favorite_id, spot_id, favorite_spot_id) values (?, ?, ?, ?)
insert into favorite_spot (count, favorite_id, spot_id, favorite_spot_id) values (0, 28, 83, 85);
2022-10-10 14:33:46.824  INFO 4460 --- [    Test worker] p6spy                                    : #1665380026824 | took 0ms | statement | connection 18| url jdbc:h2:mem:ad3a9e80-f26d-4a3e-9691-17f803db5723
insert into score (facility_rank, facility_score, price_rank, price_score, rank_average, surround_rank, surround_score, view_rank, view_score, score_id) values (?, ?, ?, ?, ?, ?, ?, ?, ?, ?)
insert into score (facility_rank, facility_score, price_rank, price_score, rank_average, surround_rank, surround_score, view_rank, view_score, score_id) values (8.4871441570376, 180.0, 8.150821143055113, 170.0, 9.045570166264001, 0.417836792795514, 190.0, 5.351124101888458, 160.0, 18);
2022-10-10 14:33:46.825  INFO 4460 --- [    Test worker] p6spy                                    : #1665380026825 | took 0ms | statement | connection 18| url jdbc:h2:mem:ad3a9e80-f26d-4a3e-9691-17f803db5723
insert into picture (spot_id, url, picture_id) values (?, ?, ?)
insert into picture (spot_id, url, picture_id) values (NULL, 'java.io.StringReader@4ae730ca', 125);
2022-10-10 14:33:46.825  INFO 4460 --- [    Test worker] p6spy                                    : #1665380026825 | took 0ms | statement | connection 18| url jdbc:h2:mem:ad3a9e80-f26d-4a3e-9691-17f803db5723
insert into picture (spot_id, url, picture_id) values (?, ?, ?)
insert into picture (spot_id, url, picture_id) values (NULL, 'java.io.StringReader@2655ccbd', 126);
2022-10-10 14:33:46.825  INFO 4460 --- [    Test worker] p6spy                                    : #1665380026825 | took 0ms | statement | connection 18| url jdbc:h2:mem:ad3a9e80-f26d-4a3e-9691-17f803db5723
insert into picture (spot_id, url, picture_id) values (?, ?, ?)
insert into picture (spot_id, url, picture_id) values (NULL, 'java.io.StringReader@2d60947f', 127);
2022-10-10 14:33:46.825  INFO 4460 --- [    Test worker] p6spy                                    : #1665380026825 | took 0ms | statement | connection 18| url jdbc:h2:mem:ad3a9e80-f26d-4a3e-9691-17f803db5723
insert into spot (address, description, location, name, score_id, spot_id) values (?, ?, ?, ?, ?, ?)
insert into spot (address, description, location, name, score_id, spot_id) values (NULL, NULL, 'Aewol_eup', NULL, 18, 84);
2022-10-10 14:33:46.825  INFO 4460 --- [    Test worker] p6spy                                    : #1665380026825 | took 0ms | statement | connection 18| url jdbc:h2:mem:ad3a9e80-f26d-4a3e-9691-17f803db5723
insert into member_spot (member_id, score, spot_id, member_spot_id) values (?, ?, ?, ?)
insert into member_spot (member_id, score, spot_id, member_spot_id) values (9, 0.0, 84, 128);
2022-10-10 14:33:46.825  INFO 4460 --- [    Test worker] p6spy                                    : #1665380026825 | took 0ms | statement | connection 18| url jdbc:h2:mem:ad3a9e80-f26d-4a3e-9691-17f803db5723
insert into review (content, spot_id, review_id) values (?, ?, ?)
insert into review (content, spot_id, review_id) values ('java.io.StringReader@669074df', 69, 20);
2022-10-10 14:33:46.825  INFO 4460 --- [    Test worker] p6spy                                    : #1665380026825 | took 0ms | statement | connection 18| url jdbc:h2:mem:ad3a9e80-f26d-4a3e-9691-17f803db5723
insert into favorite_spot (count, favorite_id, spot_id, favorite_spot_id) values (?, ?, ?, ?)
insert into favorite_spot (count, favorite_id, spot_id, favorite_spot_id) values (0, 28, 84, 86);
2022-10-10 14:33:46.825  INFO 4460 --- [    Test worker] p6spy                                    : #1665380026825 | took 0ms | statement | connection 18| url jdbc:h2:mem:ad3a9e80-f26d-4a3e-9691-17f803db5723
insert into score (facility_rank, facility_score, price_rank, price_score, rank_average, surround_rank, surround_score, view_rank, view_score, score_id) values (?, ?, ?, ?, ?, ?, ?, ?, ?, ?)
insert into score (facility_rank, facility_score, price_rank, price_score, rank_average, surround_rank, surround_score, view_rank, view_score, score_id) values (2.358594954428753, 190.0, 2.606491803155909, 180.0, 8.331254450779111, 8.25823948669566, 200.0, 0.11126869613304557, 170.0, 19);
2022-10-10 14:33:46.825  INFO 4460 --- [    Test worker] p6spy                                    : #1665380026825 | took 0ms | statement | connection 18| url jdbc:h2:mem:ad3a9e80-f26d-4a3e-9691-17f803db5723
insert into picture (spot_id, url, picture_id) values (?, ?, ?)
insert into picture (spot_id, url, picture_id) values (NULL, 'java.io.StringReader@39b8313d', 129);
2022-10-10 14:33:46.826  INFO 4460 --- [    Test worker] p6spy                                    : #1665380026826 | took 0ms | statement | connection 18| url jdbc:h2:mem:ad3a9e80-f26d-4a3e-9691-17f803db5723
insert into picture (spot_id, url, picture_id) values (?, ?, ?)
insert into picture (spot_id, url, picture_id) values (NULL, 'java.io.StringReader@2efbe938', 130);
2022-10-10 14:33:46.826  INFO 4460 --- [    Test worker] p6spy                                    : #1665380026826 | took 0ms | statement | connection 18| url jdbc:h2:mem:ad3a9e80-f26d-4a3e-9691-17f803db5723
insert into picture (spot_id, url, picture_id) values (?, ?, ?)
insert into picture (spot_id, url, picture_id) values (NULL, 'java.io.StringReader@1581c6fe', 131);
2022-10-10 14:33:46.826  INFO 4460 --- [    Test worker] p6spy                                    : #1665380026826 | took 0ms | statement | connection 18| url jdbc:h2:mem:ad3a9e80-f26d-4a3e-9691-17f803db5723
insert into spot (address, description, location, name, score_id, spot_id) values (?, ?, ?, ?, ?, ?)
insert into spot (address, description, location, name, score_id, spot_id) values (NULL, NULL, 'Aewol_eup', NULL, 19, 85);
2022-10-10 14:33:46.826  INFO 4460 --- [    Test worker] p6spy                                    : #1665380026826 | took 0ms | statement | connection 18| url jdbc:h2:mem:ad3a9e80-f26d-4a3e-9691-17f803db5723
insert into member_spot (member_id, score, spot_id, member_spot_id) values (?, ?, ?, ?)
insert into member_spot (member_id, score, spot_id, member_spot_id) values (9, 0.0, 85, 132);
2022-10-10 14:33:46.826  INFO 4460 --- [    Test worker] p6spy                                    : #1665380026826 | took 0ms | statement | connection 18| url jdbc:h2:mem:ad3a9e80-f26d-4a3e-9691-17f803db5723
insert into review (content, spot_id, review_id) values (?, ?, ?)
insert into review (content, spot_id, review_id) values ('java.io.StringReader@8be5379', 69, 21);
2022-10-10 14:33:46.826  INFO 4460 --- [    Test worker] p6spy                                    : #1665380026826 | took 0ms | statement | connection 18| url jdbc:h2:mem:ad3a9e80-f26d-4a3e-9691-17f803db5723
insert into favorite_spot (count, favorite_id, spot_id, favorite_spot_id) values (?, ?, ?, ?)
insert into favorite_spot (count, favorite_id, spot_id, favorite_spot_id) values (0, 28, 85, 87);
2022-10-10 14:33:46.826  INFO 4460 --- [    Test worker] p6spy                                    : #1665380026826 | took 0ms | statement | connection 18| url jdbc:h2:mem:ad3a9e80-f26d-4a3e-9691-17f803db5723
insert into score (facility_rank, facility_score, price_rank, price_score, rank_average, surround_rank, surround_score, view_rank, view_score, score_id) values (?, ?, ?, ?, ?, ?, ?, ?, ?, ?)
insert into score (facility_rank, facility_score, price_rank, price_score, rank_average, surround_rank, surround_score, view_rank, view_score, score_id) values (1.4157664013447535, 200.0, 4.074276327982849, 190.0, 6.839263656289154, 3.9238266925424172, 210.0, 2.2256747495622986, 180.0, 20);
2022-10-10 14:33:46.826  INFO 4460 --- [    Test worker] p6spy                                    : #1665380026826 | took 0ms | statement | connection 18| url jdbc:h2:mem:ad3a9e80-f26d-4a3e-9691-17f803db5723
insert into picture (spot_id, url, picture_id) values (?, ?, ?)
insert into picture (spot_id, url, picture_id) values (NULL, 'java.io.StringReader@24bc7abd', 133);
2022-10-10 14:33:46.826  INFO 4460 --- [    Test worker] p6spy                                    : #1665380026826 | took 0ms | statement | connection 18| url jdbc:h2:mem:ad3a9e80-f26d-4a3e-9691-17f803db5723
insert into picture (spot_id, url, picture_id) values (?, ?, ?)
insert into picture (spot_id, url, picture_id) values (NULL, 'java.io.StringReader@156b3428', 134);
2022-10-10 14:33:46.826  INFO 4460 --- [    Test worker] p6spy                                    : #1665380026826 | took 0ms | statement | connection 18| url jdbc:h2:mem:ad3a9e80-f26d-4a3e-9691-17f803db5723
insert into picture (spot_id, url, picture_id) values (?, ?, ?)
insert into picture (spot_id, url, picture_id) values (NULL, 'java.io.StringReader@664c47f2', 135);
2022-10-10 14:33:46.826  INFO 4460 --- [    Test worker] p6spy                                    : #1665380026826 | took 0ms | statement | connection 18| url jdbc:h2:mem:ad3a9e80-f26d-4a3e-9691-17f803db5723
insert into spot (address, description, location, name, score_id, spot_id) values (?, ?, ?, ?, ?, ?)
insert into spot (address, description, location, name, score_id, spot_id) values (NULL, NULL, 'Aewol_eup', NULL, 20, 86);
2022-10-10 14:33:46.827  INFO 4460 --- [    Test worker] p6spy                                    : #1665380026827 | took 0ms | statement | connection 18| url jdbc:h2:mem:ad3a9e80-f26d-4a3e-9691-17f803db5723
insert into member_spot (member_id, score, spot_id, member_spot_id) values (?, ?, ?, ?)
insert into member_spot (member_id, score, spot_id, member_spot_id) values (9, 0.0, 86, 136);
2022-10-10 14:33:46.827  INFO 4460 --- [    Test worker] p6spy                                    : #1665380026827 | took 0ms | statement | connection 18| url jdbc:h2:mem:ad3a9e80-f26d-4a3e-9691-17f803db5723
insert into review (content, spot_id, review_id) values (?, ?, ?)
insert into review (content, spot_id, review_id) values ('java.io.StringReader@7f05d2bf', 69, 22);
2022-10-10 14:33:46.827  INFO 4460 --- [    Test worker] p6spy                                    : #1665380026827 | took 0ms | statement | connection 18| url jdbc:h2:mem:ad3a9e80-f26d-4a3e-9691-17f803db5723
insert into favorite_spot (count, favorite_id, spot_id, favorite_spot_id) values (?, ?, ?, ?)
insert into favorite_spot (count, favorite_id, spot_id, favorite_spot_id) values (0, 28, 86, 88);
2022-10-10 14:33:46.827  INFO 4460 --- [    Test worker] p6spy                                    : #1665380026827 | took 0ms | statement | connection 18| url jdbc:h2:mem:ad3a9e80-f26d-4a3e-9691-17f803db5723
insert into score (facility_rank, facility_score, price_rank, price_score, rank_average, surround_rank, surround_score, view_rank, view_score, score_id) values (?, ?, ?, ?, ?, ?, ?, ?, ?, ?)
insert into score (facility_rank, facility_score, price_rank, price_score, rank_average, surround_rank, surround_score, view_rank, view_score, score_id) values (0.5370676156473275, 210.0, 9.339112421425902, 200.0, 8.464414795657513, 8.183081401764415, 220.0, 2.410397884924871, 190.0, 21);
2022-10-10 14:33:46.827  INFO 4460 --- [    Test worker] p6spy                                    : #1665380026827 | took 0ms | statement | connection 18| url jdbc:h2:mem:ad3a9e80-f26d-4a3e-9691-17f803db5723
insert into picture (spot_id, url, picture_id) values (?, ?, ?)
insert into picture (spot_id, url, picture_id) values (NULL, 'java.io.StringReader@6e12d8be', 137);
2022-10-10 14:33:46.827  INFO 4460 --- [    Test worker] p6spy                                    : #1665380026827 | took 0ms | statement | connection 18| url jdbc:h2:mem:ad3a9e80-f26d-4a3e-9691-17f803db5723
insert into picture (spot_id, url, picture_id) values (?, ?, ?)
insert into picture (spot_id, url, picture_id) values (NULL, 'java.io.StringReader@4733c7f0', 138);
2022-10-10 14:33:46.827  INFO 4460 --- [    Test worker] p6spy                                    : #1665380026827 | took 0ms | statement | connection 18| url jdbc:h2:mem:ad3a9e80-f26d-4a3e-9691-17f803db5723
insert into picture (spot_id, url, picture_id) values (?, ?, ?)
insert into picture (spot_id, url, picture_id) values (NULL, 'java.io.StringReader@3a1c65ac', 139);
2022-10-10 14:33:46.827  INFO 4460 --- [    Test worker] p6spy                                    : #1665380026827 | took 0ms | statement | connection 18| url jdbc:h2:mem:ad3a9e80-f26d-4a3e-9691-17f803db5723
insert into spot (address, description, location, name, score_id, spot_id) values (?, ?, ?, ?, ?, ?)
insert into spot (address, description, location, name, score_id, spot_id) values (NULL, NULL, 'Aewol_eup', NULL, 21, 87);
2022-10-10 14:33:46.827  INFO 4460 --- [    Test worker] p6spy                                    : #1665380026827 | took 0ms | statement | connection 18| url jdbc:h2:mem:ad3a9e80-f26d-4a3e-9691-17f803db5723
insert into member_spot (member_id, score, spot_id, member_spot_id) values (?, ?, ?, ?)
insert into member_spot (member_id, score, spot_id, member_spot_id) values (9, 0.0, 87, 140);
2022-10-10 14:33:46.827  INFO 4460 --- [    Test worker] p6spy                                    : #1665380026827 | took 0ms | statement | connection 18| url jdbc:h2:mem:ad3a9e80-f26d-4a3e-9691-17f803db5723
insert into review (content, spot_id, review_id) values (?, ?, ?)
insert into review (content, spot_id, review_id) values ('java.io.StringReader@709de434', 69, 23);
2022-10-10 14:33:46.827  INFO 4460 --- [    Test worker] p6spy                                    : #1665380026827 | took 0ms | statement | connection 18| url jdbc:h2:mem:ad3a9e80-f26d-4a3e-9691-17f803db5723
insert into favorite_spot (count, favorite_id, spot_id, favorite_spot_id) values (?, ?, ?, ?)
insert into favorite_spot (count, favorite_id, spot_id, favorite_spot_id) values (0, 28, 87, 89);
2022-10-10 14:33:46.827  INFO 4460 --- [    Test worker] p6spy                                    : #1665380026827 | took 0ms | statement | connection 18| url jdbc:h2:mem:ad3a9e80-f26d-4a3e-9691-17f803db5723
insert into score (facility_rank, facility_score, price_rank, price_score, rank_average, surround_rank, surround_score, view_rank, view_score, score_id) values (?, ?, ?, ?, ?, ?, ?, ?, ?, ?)
insert into score (facility_rank, facility_score, price_rank, price_score, rank_average, surround_rank, surround_score, view_rank, view_score, score_id) values (6.790797649889112, 220.0, 7.33341440408468, 210.0, 1.550450545897093, 7.407093393808404, 230.0, 0.8361970686686704, 200.0, 22);
2022-10-10 14:33:46.828  INFO 4460 --- [    Test worker] p6spy                                    : #1665380026828 | took 0ms | statement | connection 18| url jdbc:h2:mem:ad3a9e80-f26d-4a3e-9691-17f803db5723
insert into picture (spot_id, url, picture_id) values (?, ?, ?)
insert into picture (spot_id, url, picture_id) values (NULL, 'java.io.StringReader@d980dac', 141);
2022-10-10 14:33:46.828  INFO 4460 --- [    Test worker] p6spy                                    : #1665380026828 | took 0ms | statement | connection 18| url jdbc:h2:mem:ad3a9e80-f26d-4a3e-9691-17f803db5723
insert into picture (spot_id, url, picture_id) values (?, ?, ?)
insert into picture (spot_id, url, picture_id) values (NULL, 'java.io.StringReader@2992d955', 142);
2022-10-10 14:33:46.828  INFO 4460 --- [    Test worker] p6spy                                    : #1665380026828 | took 0ms | statement | connection 18| url jdbc:h2:mem:ad3a9e80-f26d-4a3e-9691-17f803db5723
insert into picture (spot_id, url, picture_id) values (?, ?, ?)
insert into picture (spot_id, url, picture_id) values (NULL, 'java.io.StringReader@7da43bda', 143);
2022-10-10 14:33:46.828  INFO 4460 --- [    Test worker] p6spy                                    : #1665380026828 | took 0ms | statement | connection 18| url jdbc:h2:mem:ad3a9e80-f26d-4a3e-9691-17f803db5723
insert into spot (address, description, location, name, score_id, spot_id) values (?, ?, ?, ?, ?, ?)
insert into spot (address, description, location, name, score_id, spot_id) values (NULL, NULL, 'Aewol_eup', NULL, 22, 88);
2022-10-10 14:33:46.828  INFO 4460 --- [    Test worker] p6spy                                    : #1665380026828 | took 0ms | statement | connection 18| url jdbc:h2:mem:ad3a9e80-f26d-4a3e-9691-17f803db5723
insert into member_spot (member_id, score, spot_id, member_spot_id) values (?, ?, ?, ?)
insert into member_spot (member_id, score, spot_id, member_spot_id) values (9, 0.0, 88, 144);
2022-10-10 14:33:46.828  INFO 4460 --- [    Test worker] p6spy                                    : #1665380026828 | took 0ms | statement | connection 18| url jdbc:h2:mem:ad3a9e80-f26d-4a3e-9691-17f803db5723
insert into review (content, spot_id, review_id) values (?, ?, ?)
insert into review (content, spot_id, review_id) values ('java.io.StringReader@2c4b747a', 69, 24);
2022-10-10 14:33:46.828  INFO 4460 --- [    Test worker] p6spy                                    : #1665380026828 | took 0ms | statement | connection 18| url jdbc:h2:mem:ad3a9e80-f26d-4a3e-9691-17f803db5723
insert into favorite_spot (count, favorite_id, spot_id, favorite_spot_id) values (?, ?, ?, ?)
insert into favorite_spot (count, favorite_id, spot_id, favorite_spot_id) values (0, 28, 88, 90);
2022-10-10 14:33:46.828  INFO 4460 --- [    Test worker] p6spy                                    : #1665380026828 | took 0ms | statement | connection 18| url jdbc:h2:mem:ad3a9e80-f26d-4a3e-9691-17f803db5723
insert into score (facility_rank, facility_score, price_rank, price_score, rank_average, surround_rank, surround_score, view_rank, view_score, score_id) values (?, ?, ?, ?, ?, ?, ?, ?, ?, ?)
insert into score (facility_rank, facility_score, price_rank, price_score, rank_average, surround_rank, surround_score, view_rank, view_score, score_id) values (3.5052087160383962, 230.0, 9.891881216563078, 220.0, 6.211607319093461, 4.881688915051525, 240.0, 6.128024989397165, 210.0, 23);
2022-10-10 14:33:46.828  INFO 4460 --- [    Test worker] p6spy                                    : #1665380026828 | took 0ms | statement | connection 18| url jdbc:h2:mem:ad3a9e80-f26d-4a3e-9691-17f803db5723
insert into picture (spot_id, url, picture_id) values (?, ?, ?)
insert into picture (spot_id, url, picture_id) values (NULL, 'java.io.StringReader@318856a5', 145);
2022-10-10 14:33:46.828  INFO 4460 --- [    Test worker] p6spy                                    : #1665380026828 | took 0ms | statement | connection 18| url jdbc:h2:mem:ad3a9e80-f26d-4a3e-9691-17f803db5723
insert into picture (spot_id, url, picture_id) values (?, ?, ?)
insert into picture (spot_id, url, picture_id) values (NULL, 'java.io.StringReader@4bc76331', 146);
2022-10-10 14:33:46.828  INFO 4460 --- [    Test worker] p6spy                                    : #1665380026828 | took 0ms | statement | connection 18| url jdbc:h2:mem:ad3a9e80-f26d-4a3e-9691-17f803db5723
insert into picture (spot_id, url, picture_id) values (?, ?, ?)
insert into picture (spot_id, url, picture_id) values (NULL, 'java.io.StringReader@720f29f0', 147);
2022-10-10 14:33:46.828  INFO 4460 --- [    Test worker] p6spy                                    : #1665380026828 | took 0ms | statement | connection 18| url jdbc:h2:mem:ad3a9e80-f26d-4a3e-9691-17f803db5723
insert into spot (address, description, location, name, score_id, spot_id) values (?, ?, ?, ?, ?, ?)
insert into spot (address, description, location, name, score_id, spot_id) values (NULL, NULL, 'Aewol_eup', NULL, 23, 89);
2022-10-10 14:33:46.828  INFO 4460 --- [    Test worker] p6spy                                    : #1665380026828 | took 0ms | statement | connection 18| url jdbc:h2:mem:ad3a9e80-f26d-4a3e-9691-17f803db5723
insert into member_spot (member_id, score, spot_id, member_spot_id) values (?, ?, ?, ?)
insert into member_spot (member_id, score, spot_id, member_spot_id) values (9, 0.0, 89, 148);
2022-10-10 14:33:46.829  INFO 4460 --- [    Test worker] p6spy                                    : #1665380026829 | took 0ms | statement | connection 18| url jdbc:h2:mem:ad3a9e80-f26d-4a3e-9691-17f803db5723
insert into review (content, spot_id, review_id) values (?, ?, ?)
insert into review (content, spot_id, review_id) values ('java.io.StringReader@1908483f', 69, 25);
2022-10-10 14:33:46.829  INFO 4460 --- [    Test worker] p6spy                                    : #1665380026829 | took 0ms | statement | connection 18| url jdbc:h2:mem:ad3a9e80-f26d-4a3e-9691-17f803db5723
insert into favorite_spot (count, favorite_id, spot_id, favorite_spot_id) values (?, ?, ?, ?)
insert into favorite_spot (count, favorite_id, spot_id, favorite_spot_id) values (0, 28, 89, 91);
2022-10-10 14:33:46.829  INFO 4460 --- [    Test worker] p6spy                                    : #1665380026829 | took 0ms | statement | connection 18| url jdbc:h2:mem:ad3a9e80-f26d-4a3e-9691-17f803db5723
insert into score (facility_rank, facility_score, price_rank, price_score, rank_average, surround_rank, surround_score, view_rank, view_score, score_id) values (?, ?, ?, ?, ?, ?, ?, ?, ?, ?)
insert into score (facility_rank, facility_score, price_rank, price_score, rank_average, surround_rank, surround_score, view_rank, view_score, score_id) values (6.634883847870631, 240.0, 9.277149793305984, 230.0, 1.1533800133229455, 2.787190265555557, 250.0, 0.4143712276684919, 220.0, 24);
2022-10-10 14:33:46.829  INFO 4460 --- [    Test worker] p6spy                                    : #1665380026829 | took 0ms | statement | connection 18| url jdbc:h2:mem:ad3a9e80-f26d-4a3e-9691-17f803db5723
insert into picture (spot_id, url, picture_id) values (?, ?, ?)
insert into picture (spot_id, url, picture_id) values (NULL, 'java.io.StringReader@47ce059f', 149);
2022-10-10 14:33:46.829  INFO 4460 --- [    Test worker] p6spy                                    : #1665380026829 | took 0ms | statement | connection 18| url jdbc:h2:mem:ad3a9e80-f26d-4a3e-9691-17f803db5723
insert into picture (spot_id, url, picture_id) values (?, ?, ?)
insert into picture (spot_id, url, picture_id) values (NULL, 'java.io.StringReader@bd99c67', 150);
2022-10-10 14:33:46.829  INFO 4460 --- [    Test worker] p6spy                                    : #1665380026829 | took 0ms | statement | connection 18| url jdbc:h2:mem:ad3a9e80-f26d-4a3e-9691-17f803db5723
insert into picture (spot_id, url, picture_id) values (?, ?, ?)
insert into picture (spot_id, url, picture_id) values (NULL, 'java.io.StringReader@66f04451', 151);
2022-10-10 14:33:46.829  INFO 4460 --- [    Test worker] p6spy                                    : #1665380026829 | took 0ms | statement | connection 18| url jdbc:h2:mem:ad3a9e80-f26d-4a3e-9691-17f803db5723
insert into spot (address, description, location, name, score_id, spot_id) values (?, ?, ?, ?, ?, ?)
insert into spot (address, description, location, name, score_id, spot_id) values (NULL, NULL, 'Aewol_eup', NULL, 24, 90);
2022-10-10 14:33:46.829  INFO 4460 --- [    Test worker] p6spy                                    : #1665380026829 | took 0ms | statement | connection 18| url jdbc:h2:mem:ad3a9e80-f26d-4a3e-9691-17f803db5723
insert into member_spot (member_id, score, spot_id, member_spot_id) values (?, ?, ?, ?)
insert into member_spot (member_id, score, spot_id, member_spot_id) values (9, 0.0, 90, 152);
2022-10-10 14:33:46.829  INFO 4460 --- [    Test worker] p6spy                                    : #1665380026829 | took 0ms | statement | connection 18| url jdbc:h2:mem:ad3a9e80-f26d-4a3e-9691-17f803db5723
insert into review (content, spot_id, review_id) values (?, ?, ?)
insert into review (content, spot_id, review_id) values ('java.io.StringReader@c76c029', 69, 26);
2022-10-10 14:33:46.829  INFO 4460 --- [    Test worker] p6spy                                    : #1665380026829 | took 0ms | statement | connection 18| url jdbc:h2:mem:ad3a9e80-f26d-4a3e-9691-17f803db5723
insert into favorite_spot (count, favorite_id, spot_id, favorite_spot_id) values (?, ?, ?, ?)
insert into favorite_spot (count, favorite_id, spot_id, favorite_spot_id) values (0, 28, 90, 92);
2022-10-10 14:33:46.829  INFO 4460 --- [    Test worker] p6spy                                    : #1665380026829 | took 0ms | statement | connection 18| url jdbc:h2:mem:ad3a9e80-f26d-4a3e-9691-17f803db5723
insert into score (facility_rank, facility_score, price_rank, price_score, rank_average, surround_rank, surround_score, view_rank, view_score, score_id) values (?, ?, ?, ?, ?, ?, ?, ?, ?, ?)
insert into score (facility_rank, facility_score, price_rank, price_score, rank_average, surround_rank, surround_score, view_rank, view_score, score_id) values (2.2443010068629974, 250.0, 5.148056377362774, 240.0, 6.357437020865266, 3.300186879336194, 260.0, 5.918773790590953, 230.0, 25);
2022-10-10 14:33:46.829  INFO 4460 --- [    Test worker] p6spy                                    : #1665380026829 | took 0ms | statement | connection 18| url jdbc:h2:mem:ad3a9e80-f26d-4a3e-9691-17f803db5723
insert into picture (spot_id, url, picture_id) values (?, ?, ?)
insert into picture (spot_id, url, picture_id) values (NULL, 'java.io.StringReader@29cd3f9f', 153);
2022-10-10 14:33:46.829  INFO 4460 --- [    Test worker] p6spy                                    : #1665380026829 | took 0ms | statement | connection 18| url jdbc:h2:mem:ad3a9e80-f26d-4a3e-9691-17f803db5723
insert into picture (spot_id, url, picture_id) values (?, ?, ?)
insert into picture (spot_id, url, picture_id) values (NULL, 'java.io.StringReader@91ae62', 154);
2022-10-10 14:33:46.830  INFO 4460 --- [    Test worker] p6spy                                    : #1665380026830 | took 0ms | statement | connection 18| url jdbc:h2:mem:ad3a9e80-f26d-4a3e-9691-17f803db5723
insert into picture (spot_id, url, picture_id) values (?, ?, ?)
insert into picture (spot_id, url, picture_id) values (NULL, 'java.io.StringReader@296ca76c', 155);
2022-10-10 14:33:46.830  INFO 4460 --- [    Test worker] p6spy                                    : #1665380026830 | took 0ms | statement | connection 18| url jdbc:h2:mem:ad3a9e80-f26d-4a3e-9691-17f803db5723
insert into spot (address, description, location, name, score_id, spot_id) values (?, ?, ?, ?, ?, ?)
insert into spot (address, description, location, name, score_id, spot_id) values (NULL, NULL, 'Aewol_eup', NULL, 25, 91);
2022-10-10 14:33:46.830  INFO 4460 --- [    Test worker] p6spy                                    : #1665380026830 | took 0ms | statement | connection 18| url jdbc:h2:mem:ad3a9e80-f26d-4a3e-9691-17f803db5723
insert into member_spot (member_id, score, spot_id, member_spot_id) values (?, ?, ?, ?)
insert into member_spot (member_id, score, spot_id, member_spot_id) values (9, 0.0, 91, 156);
2022-10-10 14:33:46.830  INFO 4460 --- [    Test worker] p6spy                                    : #1665380026830 | took 0ms | statement | connection 18| url jdbc:h2:mem:ad3a9e80-f26d-4a3e-9691-17f803db5723
insert into review (content, spot_id, review_id) values (?, ?, ?)
insert into review (content, spot_id, review_id) values ('java.io.StringReader@50603313', 69, 27);
2022-10-10 14:33:46.830  INFO 4460 --- [    Test worker] p6spy                                    : #1665380026830 | took 0ms | statement | connection 18| url jdbc:h2:mem:ad3a9e80-f26d-4a3e-9691-17f803db5723
insert into favorite_spot (count, favorite_id, spot_id, favorite_spot_id) values (?, ?, ?, ?)
insert into favorite_spot (count, favorite_id, spot_id, favorite_spot_id) values (0, 28, 91, 93);
2022-10-10 14:33:46.830  INFO 4460 --- [    Test worker] p6spy                                    : #1665380026830 | took 0ms | statement | connection 18| url jdbc:h2:mem:ad3a9e80-f26d-4a3e-9691-17f803db5723
insert into score (facility_rank, facility_score, price_rank, price_score, rank_average, surround_rank, surround_score, view_rank, view_score, score_id) values (?, ?, ?, ?, ?, ?, ?, ?, ?, ?)
insert into score (facility_rank, facility_score, price_rank, price_score, rank_average, surround_rank, surround_score, view_rank, view_score, score_id) values (4.605845734647072, 260.0, 1.3740185477492228, 250.0, 6.313960417926692, 3.004080851869435, 270.0, 2.744359773089667, 240.0, 26);
2022-10-10 14:33:46.830  INFO 4460 --- [    Test worker] p6spy                                    : #1665380026830 | took 0ms | statement | connection 18| url jdbc:h2:mem:ad3a9e80-f26d-4a3e-9691-17f803db5723
insert into picture (spot_id, url, picture_id) values (?, ?, ?)
insert into picture (spot_id, url, picture_id) values (NULL, 'java.io.StringReader@32fc8a41', 157);
2022-10-10 14:33:46.830  INFO 4460 --- [    Test worker] p6spy                                    : #1665380026830 | took 0ms | statement | connection 18| url jdbc:h2:mem:ad3a9e80-f26d-4a3e-9691-17f803db5723
insert into picture (spot_id, url, picture_id) values (?, ?, ?)
insert into picture (spot_id, url, picture_id) values (NULL, 'java.io.StringReader@26c0afdf', 158);
2022-10-10 14:33:46.830  INFO 4460 --- [    Test worker] p6spy                                    : #1665380026830 | took 0ms | statement | connection 18| url jdbc:h2:mem:ad3a9e80-f26d-4a3e-9691-17f803db5723
insert into picture (spot_id, url, picture_id) values (?, ?, ?)
insert into picture (spot_id, url, picture_id) values (NULL, 'java.io.StringReader@55e9b119', 159);
2022-10-10 14:33:46.830  INFO 4460 --- [    Test worker] p6spy                                    : #1665380026830 | took 0ms | statement | connection 18| url jdbc:h2:mem:ad3a9e80-f26d-4a3e-9691-17f803db5723
insert into spot (address, description, location, name, score_id, spot_id) values (?, ?, ?, ?, ?, ?)
insert into spot (address, description, location, name, score_id, spot_id) values (NULL, NULL, 'Aewol_eup', NULL, 26, 92);
2022-10-10 14:33:46.830  INFO 4460 --- [    Test worker] p6spy                                    : #1665380026830 | took 0ms | statement | connection 18| url jdbc:h2:mem:ad3a9e80-f26d-4a3e-9691-17f803db5723
insert into member_spot (member_id, score, spot_id, member_spot_id) values (?, ?, ?, ?)
insert into member_spot (member_id, score, spot_id, member_spot_id) values (9, 0.0, 92, 160);
2022-10-10 14:33:46.830  INFO 4460 --- [    Test worker] p6spy                                    : #1665380026830 | took 0ms | statement | connection 18| url jdbc:h2:mem:ad3a9e80-f26d-4a3e-9691-17f803db5723
insert into review (content, spot_id, review_id) values (?, ?, ?)
insert into review (content, spot_id, review_id) values ('java.io.StringReader@2e79acec', 69, 28);
2022-10-10 14:33:46.830  INFO 4460 --- [    Test worker] p6spy                                    : #1665380026830 | took 0ms | statement | connection 18| url jdbc:h2:mem:ad3a9e80-f26d-4a3e-9691-17f803db5723
insert into favorite_spot (count, favorite_id, spot_id, favorite_spot_id) values (?, ?, ?, ?)
insert into favorite_spot (count, favorite_id, spot_id, favorite_spot_id) values (0, 28, 92, 94);
2022-10-10 14:33:46.831  INFO 4460 --- [    Test worker] p6spy                                    : #1665380026831 | took 0ms | statement | connection 18| url jdbc:h2:mem:ad3a9e80-f26d-4a3e-9691-17f803db5723
insert into score (facility_rank, facility_score, price_rank, price_score, rank_average, surround_rank, surround_score, view_rank, view_score, score_id) values (?, ?, ?, ?, ?, ?, ?, ?, ?, ?)
insert into score (facility_rank, facility_score, price_rank, price_score, rank_average, surround_rank, surround_score, view_rank, view_score, score_id) values (8.286185414352225, 270.0, 7.878969696448675, 260.0, 1.015238047764624, 0.20998743099929218, 280.0, 5.60198166296445, 250.0, 27);
2022-10-10 14:33:46.831  INFO 4460 --- [    Test worker] p6spy                                    : #1665380026831 | took 0ms | statement | connection 18| url jdbc:h2:mem:ad3a9e80-f26d-4a3e-9691-17f803db5723
insert into picture (spot_id, url, picture_id) values (?, ?, ?)
insert into picture (spot_id, url, picture_id) values (NULL, 'java.io.StringReader@5dcaa37a', 161);
2022-10-10 14:33:46.831  INFO 4460 --- [    Test worker] p6spy                                    : #1665380026831 | took 0ms | statement | connection 18| url jdbc:h2:mem:ad3a9e80-f26d-4a3e-9691-17f803db5723
insert into picture (spot_id, url, picture_id) values (?, ?, ?)
insert into picture (spot_id, url, picture_id) values (NULL, 'java.io.StringReader@5afefa87', 162);
2022-10-10 14:33:46.831  INFO 4460 --- [    Test worker] p6spy                                    : #1665380026831 | took 0ms | statement | connection 18| url jdbc:h2:mem:ad3a9e80-f26d-4a3e-9691-17f803db5723
insert into picture (spot_id, url, picture_id) values (?, ?, ?)
insert into picture (spot_id, url, picture_id) values (NULL, 'java.io.StringReader@476a0071', 163);
2022-10-10 14:33:46.831  INFO 4460 --- [    Test worker] p6spy                                    : #1665380026831 | took 0ms | statement | connection 18| url jdbc:h2:mem:ad3a9e80-f26d-4a3e-9691-17f803db5723
insert into spot (address, description, location, name, score_id, spot_id) values (?, ?, ?, ?, ?, ?)
insert into spot (address, description, location, name, score_id, spot_id) values (NULL, NULL, 'Aewol_eup', NULL, 27, 93);
2022-10-10 14:33:46.831  INFO 4460 --- [    Test worker] p6spy                                    : #1665380026831 | took 0ms | statement | connection 18| url jdbc:h2:mem:ad3a9e80-f26d-4a3e-9691-17f803db5723
insert into member_spot (member_id, score, spot_id, member_spot_id) values (?, ?, ?, ?)
insert into member_spot (member_id, score, spot_id, member_spot_id) values (9, 0.0, 93, 164);
2022-10-10 14:33:46.831  INFO 4460 --- [    Test worker] p6spy                                    : #1665380026831 | took 0ms | statement | connection 18| url jdbc:h2:mem:ad3a9e80-f26d-4a3e-9691-17f803db5723
insert into review (content, spot_id, review_id) values (?, ?, ?)
insert into review (content, spot_id, review_id) values ('java.io.StringReader@73ff16a1', 69, 29);
2022-10-10 14:33:46.831  INFO 4460 --- [    Test worker] p6spy                                    : #1665380026831 | took 0ms | statement | connection 18| url jdbc:h2:mem:ad3a9e80-f26d-4a3e-9691-17f803db5723
insert into favorite_spot (count, favorite_id, spot_id, favorite_spot_id) values (?, ?, ?, ?)
insert into favorite_spot (count, favorite_id, spot_id, favorite_spot_id) values (0, 28, 93, 95);
2022-10-10 14:33:46.831  INFO 4460 --- [    Test worker] p6spy                                    : #1665380026831 | took 0ms | statement | connection 18| url jdbc:h2:mem:ad3a9e80-f26d-4a3e-9691-17f803db5723
insert into score (facility_rank, facility_score, price_rank, price_score, rank_average, surround_rank, surround_score, view_rank, view_score, score_id) values (?, ?, ?, ?, ?, ?, ?, ?, ?, ?)
insert into score (facility_rank, facility_score, price_rank, price_score, rank_average, surround_rank, surround_score, view_rank, view_score, score_id) values (3.6574985988058772, 280.0, 0.6215956532487266, 270.0, 4.50285853315966, 0.7735004495293418, 290.0, 3.3663083141564245, 260.0, 28);
2022-10-10 14:33:46.831  INFO 4460 --- [    Test worker] p6spy                                    : #1665380026831 | took 0ms | statement | connection 18| url jdbc:h2:mem:ad3a9e80-f26d-4a3e-9691-17f803db5723
insert into picture (spot_id, url, picture_id) values (?, ?, ?)
insert into picture (spot_id, url, picture_id) values (NULL, 'java.io.StringReader@e75a138', 165);
2022-10-10 14:33:46.831  INFO 4460 --- [    Test worker] p6spy                                    : #1665380026831 | took 0ms | statement | connection 18| url jdbc:h2:mem:ad3a9e80-f26d-4a3e-9691-17f803db5723
insert into picture (spot_id, url, picture_id) values (?, ?, ?)
insert into picture (spot_id, url, picture_id) values (NULL, 'java.io.StringReader@324fb35d', 166);
2022-10-10 14:33:46.832  INFO 4460 --- [    Test worker] p6spy                                    : #1665380026832 | took 0ms | statement | connection 18| url jdbc:h2:mem:ad3a9e80-f26d-4a3e-9691-17f803db5723
insert into picture (spot_id, url, picture_id) values (?, ?, ?)
insert into picture (spot_id, url, picture_id) values (NULL, 'java.io.StringReader@88151e7', 167);
2022-10-10 14:33:46.832  INFO 4460 --- [    Test worker] p6spy                                    : #1665380026832 | took 0ms | statement | connection 18| url jdbc:h2:mem:ad3a9e80-f26d-4a3e-9691-17f803db5723
insert into spot (address, description, location, name, score_id, spot_id) values (?, ?, ?, ?, ?, ?)
insert into spot (address, description, location, name, score_id, spot_id) values (NULL, NULL, 'Aewol_eup', NULL, 28, 94);
2022-10-10 14:33:46.832  INFO 4460 --- [    Test worker] p6spy                                    : #1665380026832 | took 0ms | statement | connection 18| url jdbc:h2:mem:ad3a9e80-f26d-4a3e-9691-17f803db5723
insert into member_spot (member_id, score, spot_id, member_spot_id) values (?, ?, ?, ?)
insert into member_spot (member_id, score, spot_id, member_spot_id) values (9, 0.0, 94, 168);
2022-10-10 14:33:46.832  INFO 4460 --- [    Test worker] p6spy                                    : #1665380026832 | took 0ms | statement | connection 18| url jdbc:h2:mem:ad3a9e80-f26d-4a3e-9691-17f803db5723
insert into review (content, spot_id, review_id) values (?, ?, ?)
insert into review (content, spot_id, review_id) values ('java.io.StringReader@500b6601', 69, 30);
2022-10-10 14:33:46.832  INFO 4460 --- [    Test worker] p6spy                                    : #1665380026832 | took 0ms | statement | connection 18| url jdbc:h2:mem:ad3a9e80-f26d-4a3e-9691-17f803db5723
insert into favorite_spot (count, favorite_id, spot_id, favorite_spot_id) values (?, ?, ?, ?)
insert into favorite_spot (count, favorite_id, spot_id, favorite_spot_id) values (0, 28, 94, 96);
2022-10-10 14:33:46.832  INFO 4460 --- [    Test worker] p6spy                                    : #1665380026832 | took 0ms | statement | connection 18| url jdbc:h2:mem:ad3a9e80-f26d-4a3e-9691-17f803db5723
insert into score (facility_rank, facility_score, price_rank, price_score, rank_average, surround_rank, surround_score, view_rank, view_score, score_id) values (?, ?, ?, ?, ?, ?, ?, ?, ?, ?)
insert into score (facility_rank, facility_score, price_rank, price_score, rank_average, surround_rank, surround_score, view_rank, view_score, score_id) values (1.9648134517173699, 290.0, 0.5041977113835905, 280.0, 3.440771055803392, 2.4533010080146167, 300.0, 0.5922599392336569, 270.0, 29);
2022-10-10 14:33:46.832  INFO 4460 --- [    Test worker] p6spy                                    : #1665380026832 | took 0ms | statement | connection 18| url jdbc:h2:mem:ad3a9e80-f26d-4a3e-9691-17f803db5723
insert into picture (spot_id, url, picture_id) values (?, ?, ?)
insert into picture (spot_id, url, picture_id) values (NULL, 'java.io.StringReader@1703b09a', 169);
2022-10-10 14:33:46.832  INFO 4460 --- [    Test worker] p6spy                                    : #1665380026832 | took 0ms | statement | connection 18| url jdbc:h2:mem:ad3a9e80-f26d-4a3e-9691-17f803db5723
insert into picture (spot_id, url, picture_id) values (?, ?, ?)
insert into picture (spot_id, url, picture_id) values (NULL, 'java.io.StringReader@37b117dd', 170);
2022-10-10 14:33:46.832  INFO 4460 --- [    Test worker] p6spy                                    : #1665380026832 | took 0ms | statement | connection 18| url jdbc:h2:mem:ad3a9e80-f26d-4a3e-9691-17f803db5723
insert into picture (spot_id, url, picture_id) values (?, ?, ?)
insert into picture (spot_id, url, picture_id) values (NULL, 'java.io.StringReader@6f50f047', 171);
2022-10-10 14:33:46.832  INFO 4460 --- [    Test worker] p6spy                                    : #1665380026832 | took 0ms | statement | connection 18| url jdbc:h2:mem:ad3a9e80-f26d-4a3e-9691-17f803db5723
insert into spot (address, description, location, name, score_id, spot_id) values (?, ?, ?, ?, ?, ?)
insert into spot (address, description, location, name, score_id, spot_id) values (NULL, NULL, 'Aewol_eup', NULL, 29, 95);
2022-10-10 14:33:46.832  INFO 4460 --- [    Test worker] p6spy                                    : #1665380026832 | took 0ms | statement | connection 18| url jdbc:h2:mem:ad3a9e80-f26d-4a3e-9691-17f803db5723
insert into member_spot (member_id, score, spot_id, member_spot_id) values (?, ?, ?, ?)
insert into member_spot (member_id, score, spot_id, member_spot_id) values (9, 0.0, 95, 172);
2022-10-10 14:33:46.832  INFO 4460 --- [    Test worker] p6spy                                    : #1665380026832 | took 0ms | statement | connection 18| url jdbc:h2:mem:ad3a9e80-f26d-4a3e-9691-17f803db5723
insert into review (content, spot_id, review_id) values (?, ?, ?)
insert into review (content, spot_id, review_id) values ('java.io.StringReader@345236c6', 69, 31);
2022-10-10 14:33:46.833  INFO 4460 --- [    Test worker] p6spy                                    : #1665380026833 | took 0ms | statement | connection 18| url jdbc:h2:mem:ad3a9e80-f26d-4a3e-9691-17f803db5723
insert into favorite_spot (count, favorite_id, spot_id, favorite_spot_id) values (?, ?, ?, ?)
insert into favorite_spot (count, favorite_id, spot_id, favorite_spot_id) values (0, 28, 95, 97);
2022-10-10 14:33:46.833  INFO 4460 --- [    Test worker] p6spy                                    : #1665380026833 | took 0ms | statement | connection 18| url jdbc:h2:mem:ad3a9e80-f26d-4a3e-9691-17f803db5723
insert into score (facility_rank, facility_score, price_rank, price_score, rank_average, surround_rank, surround_score, view_rank, view_score, score_id) values (?, ?, ?, ?, ?, ?, ?, ?, ?, ?)
insert into score (facility_rank, facility_score, price_rank, price_score, rank_average, surround_rank, surround_score, view_rank, view_score, score_id) values (1.167994213783885, 300.0, 5.3760928922983116, 290.0, 3.2202196061367285, 0.3803117208293727, 310.0, 0.46630924583878075, 280.0, 30);
2022-10-10 14:33:46.833  INFO 4460 --- [    Test worker] p6spy                                    : #1665380026833 | took 0ms | statement | connection 18| url jdbc:h2:mem:ad3a9e80-f26d-4a3e-9691-17f803db5723
insert into picture (spot_id, url, picture_id) values (?, ?, ?)
insert into picture (spot_id, url, picture_id) values (NULL, 'java.io.StringReader@fe8344c', 173);
2022-10-10 14:33:46.833  INFO 4460 --- [    Test worker] p6spy                                    : #1665380026833 | took 0ms | statement | connection 18| url jdbc:h2:mem:ad3a9e80-f26d-4a3e-9691-17f803db5723
insert into picture (spot_id, url, picture_id) values (?, ?, ?)
insert into picture (spot_id, url, picture_id) values (NULL, 'java.io.StringReader@729fc36a', 174);
2022-10-10 14:33:46.833  INFO 4460 --- [    Test worker] p6spy                                    : #1665380026833 | took 0ms | statement | connection 18| url jdbc:h2:mem:ad3a9e80-f26d-4a3e-9691-17f803db5723
insert into picture (spot_id, url, picture_id) values (?, ?, ?)
insert into picture (spot_id, url, picture_id) values (NULL, 'java.io.StringReader@276d3d00', 175);
2022-10-10 14:33:46.833  INFO 4460 --- [    Test worker] p6spy                                    : #1665380026833 | took 0ms | statement | connection 18| url jdbc:h2:mem:ad3a9e80-f26d-4a3e-9691-17f803db5723
insert into spot (address, description, location, name, score_id, spot_id) values (?, ?, ?, ?, ?, ?)
insert into spot (address, description, location, name, score_id, spot_id) values (NULL, NULL, 'Aewol_eup', NULL, 30, 96);
2022-10-10 14:33:46.833  INFO 4460 --- [    Test worker] p6spy                                    : #1665380026833 | took 0ms | statement | connection 18| url jdbc:h2:mem:ad3a9e80-f26d-4a3e-9691-17f803db5723
insert into member_spot (member_id, score, spot_id, member_spot_id) values (?, ?, ?, ?)
insert into member_spot (member_id, score, spot_id, member_spot_id) values (9, 0.0, 96, 176);
2022-10-10 14:33:46.833  INFO 4460 --- [    Test worker] p6spy                                    : #1665380026833 | took 0ms | statement | connection 18| url jdbc:h2:mem:ad3a9e80-f26d-4a3e-9691-17f803db5723
insert into review (content, spot_id, review_id) values (?, ?, ?)
insert into review (content, spot_id, review_id) values ('java.io.StringReader@45bf1b4e', 69, 32);
2022-10-10 14:33:46.834  INFO 4460 --- [    Test worker] p6spy                                    : #1665380026834 | took 0ms | statement | connection 18| url jdbc:h2:mem:ad3a9e80-f26d-4a3e-9691-17f803db5723
insert into favorite_spot (count, favorite_id, spot_id, favorite_spot_id) values (?, ?, ?, ?)
insert into favorite_spot (count, favorite_id, spot_id, favorite_spot_id) values (0, 28, 96, 98);
2022-10-10 14:33:46.834  INFO 4460 --- [    Test worker] p6spy                                    : #1665380026834 | took 0ms | statement | connection 18| url jdbc:h2:mem:ad3a9e80-f26d-4a3e-9691-17f803db5723
insert into score (facility_rank, facility_score, price_rank, price_score, rank_average, surround_rank, surround_score, view_rank, view_score, score_id) values (?, ?, ?, ?, ?, ?, ?, ?, ?, ?)
insert into score (facility_rank, facility_score, price_rank, price_score, rank_average, surround_rank, surround_score, view_rank, view_score, score_id) values (8.851093342178272, 310.0, 5.455274307712175, 300.0, 6.199991371538354, 2.0228371129499068, 320.0, 3.56842146946867, 290.0, 31);
2022-10-10 14:33:46.834  INFO 4460 --- [    Test worker] p6spy                                    : #1665380026834 | took 0ms | statement | connection 18| url jdbc:h2:mem:ad3a9e80-f26d-4a3e-9691-17f803db5723
insert into picture (spot_id, url, picture_id) values (?, ?, ?)
insert into picture (spot_id, url, picture_id) values (NULL, 'java.io.StringReader@3b22cae9', 177);
2022-10-10 14:33:46.834  INFO 4460 --- [    Test worker] p6spy                                    : #1665380026834 | took 0ms | statement | connection 18| url jdbc:h2:mem:ad3a9e80-f26d-4a3e-9691-17f803db5723
insert into picture (spot_id, url, picture_id) values (?, ?, ?)
insert into picture (spot_id, url, picture_id) values (NULL, 'java.io.StringReader@1c6d908b', 178);
2022-10-10 14:33:46.834  INFO 4460 --- [    Test worker] p6spy                                    : #1665380026834 | took 0ms | statement | connection 18| url jdbc:h2:mem:ad3a9e80-f26d-4a3e-9691-17f803db5723
insert into picture (spot_id, url, picture_id) values (?, ?, ?)
insert into picture (spot_id, url, picture_id) values (NULL, 'java.io.StringReader@25c962b7', 179);
2022-10-10 14:33:46.834  INFO 4460 --- [    Test worker] p6spy                                    : #1665380026834 | took 0ms | statement | connection 18| url jdbc:h2:mem:ad3a9e80-f26d-4a3e-9691-17f803db5723
insert into spot (address, description, location, name, score_id, spot_id) values (?, ?, ?, ?, ?, ?)
insert into spot (address, description, location, name, score_id, spot_id) values (NULL, NULL, 'Aewol_eup', NULL, 31, 97);
2022-10-10 14:33:46.834  INFO 4460 --- [    Test worker] p6spy                                    : #1665380026834 | took 0ms | statement | connection 18| url jdbc:h2:mem:ad3a9e80-f26d-4a3e-9691-17f803db5723
insert into member_spot (member_id, score, spot_id, member_spot_id) values (?, ?, ?, ?)
insert into member_spot (member_id, score, spot_id, member_spot_id) values (9, 0.0, 97, 180);
2022-10-10 14:33:46.834  INFO 4460 --- [    Test worker] p6spy                                    : #1665380026834 | took 0ms | statement | connection 18| url jdbc:h2:mem:ad3a9e80-f26d-4a3e-9691-17f803db5723
insert into review (content, spot_id, review_id) values (?, ?, ?)
insert into review (content, spot_id, review_id) values ('java.io.StringReader@113366e7', 69, 33);
2022-10-10 14:33:46.834  INFO 4460 --- [    Test worker] p6spy                                    : #1665380026834 | took 0ms | statement | connection 18| url jdbc:h2:mem:ad3a9e80-f26d-4a3e-9691-17f803db5723
insert into favorite_spot (count, favorite_id, spot_id, favorite_spot_id) values (?, ?, ?, ?)
insert into favorite_spot (count, favorite_id, spot_id, favorite_spot_id) values (0, 28, 97, 99);
2022-10-10 14:33:46.834  INFO 4460 --- [    Test worker] p6spy                                    : #1665380026834 | took 0ms | statement | connection 18| url jdbc:h2:mem:ad3a9e80-f26d-4a3e-9691-17f803db5723
insert into score (facility_rank, facility_score, price_rank, price_score, rank_average, surround_rank, surround_score, view_rank, view_score, score_id) values (?, ?, ?, ?, ?, ?, ?, ?, ?, ?)
insert into score (facility_rank, facility_score, price_rank, price_score, rank_average, surround_rank, surround_score, view_rank, view_score, score_id) values (9.869060991453871, 320.0, 6.266407431578214, 310.0, 0.8706360539867319, 1.9848017457351386, 330.0, 4.93104044532226, 300.0, 32);
2022-10-10 14:33:46.834  INFO 4460 --- [    Test worker] p6spy                                    : #1665380026834 | took 0ms | statement | connection 18| url jdbc:h2:mem:ad3a9e80-f26d-4a3e-9691-17f803db5723
insert into picture (spot_id, url, picture_id) values (?, ?, ?)
insert into picture (spot_id, url, picture_id) values (NULL, 'java.io.StringReader@8d44ee6', 181);
2022-10-10 14:33:46.835  INFO 4460 --- [    Test worker] p6spy                                    : #1665380026835 | took 0ms | statement | connection 18| url jdbc:h2:mem:ad3a9e80-f26d-4a3e-9691-17f803db5723
insert into picture (spot_id, url, picture_id) values (?, ?, ?)
insert into picture (spot_id, url, picture_id) values (NULL, 'java.io.StringReader@6c42c856', 182);
2022-10-10 14:33:46.835  INFO 4460 --- [    Test worker] p6spy                                    : #1665380026835 | took 0ms | statement | connection 18| url jdbc:h2:mem:ad3a9e80-f26d-4a3e-9691-17f803db5723
insert into picture (spot_id, url, picture_id) values (?, ?, ?)
insert into picture (spot_id, url, picture_id) values (NULL, 'java.io.StringReader@76312df9', 183);
2022-10-10 14:33:46.835  INFO 4460 --- [    Test worker] p6spy                                    : #1665380026835 | took 0ms | statement | connection 18| url jdbc:h2:mem:ad3a9e80-f26d-4a3e-9691-17f803db5723
insert into spot (address, description, location, name, score_id, spot_id) values (?, ?, ?, ?, ?, ?)
insert into spot (address, description, location, name, score_id, spot_id) values (NULL, NULL, 'Aewol_eup', NULL, 32, 98);
2022-10-10 14:33:46.835  INFO 4460 --- [    Test worker] p6spy                                    : #1665380026835 | took 0ms | statement | connection 18| url jdbc:h2:mem:ad3a9e80-f26d-4a3e-9691-17f803db5723
insert into member_spot (member_id, score, spot_id, member_spot_id) values (?, ?, ?, ?)
insert into member_spot (member_id, score, spot_id, member_spot_id) values (9, 0.0, 98, 184);
2022-10-10 14:33:46.835  INFO 4460 --- [    Test worker] p6spy                                    : #1665380026835 | took 0ms | statement | connection 18| url jdbc:h2:mem:ad3a9e80-f26d-4a3e-9691-17f803db5723
insert into review (content, spot_id, review_id) values (?, ?, ?)
insert into review (content, spot_id, review_id) values ('java.io.StringReader@6f20adb6', 69, 34);
2022-10-10 14:33:46.835  INFO 4460 --- [    Test worker] p6spy                                    : #1665380026835 | took 0ms | statement | connection 18| url jdbc:h2:mem:ad3a9e80-f26d-4a3e-9691-17f803db5723
insert into favorite_spot (count, favorite_id, spot_id, favorite_spot_id) values (?, ?, ?, ?)
insert into favorite_spot (count, favorite_id, spot_id, favorite_spot_id) values (0, 28, 98, 100);
2022-10-10 14:33:46.835  INFO 4460 --- [    Test worker] p6spy                                    : #1665380026835 | took 0ms | statement | connection 18| url jdbc:h2:mem:ad3a9e80-f26d-4a3e-9691-17f803db5723
insert into score (facility_rank, facility_score, price_rank, price_score, rank_average, surround_rank, surround_score, view_rank, view_score, score_id) values (?, ?, ?, ?, ?, ?, ?, ?, ?, ?)
insert into score (facility_rank, facility_score, price_rank, price_score, rank_average, surround_rank, surround_score, view_rank, view_score, score_id) values (5.540595474975553, 330.0, 0.9574127515139041, 320.0, 1.1999780026435036, 3.7573834038487606, 340.0, 3.5447070869616715, 310.0, 33);
2022-10-10 14:33:46.835  INFO 4460 --- [    Test worker] p6spy                                    : #1665380026835 | took 0ms | statement | connection 18| url jdbc:h2:mem:ad3a9e80-f26d-4a3e-9691-17f803db5723
insert into picture (spot_id, url, picture_id) values (?, ?, ?)
insert into picture (spot_id, url, picture_id) values (NULL, 'java.io.StringReader@72b16e26', 185);
2022-10-10 14:33:46.835  INFO 4460 --- [    Test worker] p6spy                                    : #1665380026835 | took 0ms | statement | connection 18| url jdbc:h2:mem:ad3a9e80-f26d-4a3e-9691-17f803db5723
insert into picture (spot_id, url, picture_id) values (?, ?, ?)
insert into picture (spot_id, url, picture_id) values (NULL, 'java.io.StringReader@4ae8de09', 186);
2022-10-10 14:33:46.836  INFO 4460 --- [    Test worker] p6spy                                    : #1665380026836 | took 0ms | statement | connection 18| url jdbc:h2:mem:ad3a9e80-f26d-4a3e-9691-17f803db5723
insert into picture (spot_id, url, picture_id) values (?, ?, ?)
insert into picture (spot_id, url, picture_id) values (NULL, 'java.io.StringReader@66c935db', 187);
2022-10-10 14:33:46.836  INFO 4460 --- [    Test worker] p6spy                                    : #1665380026836 | took 0ms | statement | connection 18| url jdbc:h2:mem:ad3a9e80-f26d-4a3e-9691-17f803db5723
insert into spot (address, description, location, name, score_id, spot_id) values (?, ?, ?, ?, ?, ?)
insert into spot (address, description, location, name, score_id, spot_id) values (NULL, NULL, 'Aewol_eup', NULL, 33, 99);
2022-10-10 14:33:46.836  INFO 4460 --- [    Test worker] p6spy                                    : #1665380026836 | took 0ms | statement | connection 18| url jdbc:h2:mem:ad3a9e80-f26d-4a3e-9691-17f803db5723
insert into member_spot (member_id, score, spot_id, member_spot_id) values (?, ?, ?, ?)
insert into member_spot (member_id, score, spot_id, member_spot_id) values (9, 0.0, 99, 188);
2022-10-10 14:33:46.836  INFO 4460 --- [    Test worker] p6spy                                    : #1665380026836 | took 0ms | statement | connection 18| url jdbc:h2:mem:ad3a9e80-f26d-4a3e-9691-17f803db5723
insert into review (content, spot_id, review_id) values (?, ?, ?)
insert into review (content, spot_id, review_id) values ('java.io.StringReader@579a6e64', 69, 35);
2022-10-10 14:33:46.836  INFO 4460 --- [    Test worker] p6spy                                    : #1665380026836 | took 0ms | statement | connection 18| url jdbc:h2:mem:ad3a9e80-f26d-4a3e-9691-17f803db5723
insert into favorite_spot (count, favorite_id, spot_id, favorite_spot_id) values (?, ?, ?, ?)
insert into favorite_spot (count, favorite_id, spot_id, favorite_spot_id) values (0, 28, 99, 101);
2022-10-10 14:33:46.836  INFO 4460 --- [    Test worker] p6spy                                    : #1665380026836 | took 0ms | statement | connection 18| url jdbc:h2:mem:ad3a9e80-f26d-4a3e-9691-17f803db5723
insert into score (facility_rank, facility_score, price_rank, price_score, rank_average, surround_rank, surround_score, view_rank, view_score, score_id) values (?, ?, ?, ?, ?, ?, ?, ?, ?, ?)
insert into score (facility_rank, facility_score, price_rank, price_score, rank_average, surround_rank, surround_score, view_rank, view_score, score_id) values (7.212617793486878, 340.0, 2.199213940580569, 330.0, 9.448339968382419, 6.194813969823993, 350.0, 1.0589246523654539, 320.0, 34);
2022-10-10 14:33:46.836  INFO 4460 --- [    Test worker] p6spy                                    : #1665380026836 | took 0ms | statement | connection 18| url jdbc:h2:mem:ad3a9e80-f26d-4a3e-9691-17f803db5723
insert into picture (spot_id, url, picture_id) values (?, ?, ?)
insert into picture (spot_id, url, picture_id) values (NULL, 'java.io.StringReader@6118ad56', 189);
2022-10-10 14:33:46.836  INFO 4460 --- [    Test worker] p6spy                                    : #1665380026836 | took 0ms | statement | connection 18| url jdbc:h2:mem:ad3a9e80-f26d-4a3e-9691-17f803db5723
insert into picture (spot_id, url, picture_id) values (?, ?, ?)
insert into picture (spot_id, url, picture_id) values (NULL, 'java.io.StringReader@73ce6315', 190);
2022-10-10 14:33:46.836  INFO 4460 --- [    Test worker] p6spy                                    : #1665380026836 | took 0ms | statement | connection 18| url jdbc:h2:mem:ad3a9e80-f26d-4a3e-9691-17f803db5723
insert into picture (spot_id, url, picture_id) values (?, ?, ?)
insert into picture (spot_id, url, picture_id) values (NULL, 'java.io.StringReader@18a8a42b', 191);
2022-10-10 14:33:46.836  INFO 4460 --- [    Test worker] p6spy                                    : #1665380026836 | took 0ms | statement | connection 18| url jdbc:h2:mem:ad3a9e80-f26d-4a3e-9691-17f803db5723
insert into spot (address, description, location, name, score_id, spot_id) values (?, ?, ?, ?, ?, ?)
insert into spot (address, description, location, name, score_id, spot_id) values (NULL, NULL, 'Aewol_eup', NULL, 34, 100);
2022-10-10 14:33:46.837  INFO 4460 --- [    Test worker] p6spy                                    : #1665380026837 | took 0ms | statement | connection 18| url jdbc:h2:mem:ad3a9e80-f26d-4a3e-9691-17f803db5723
insert into member_spot (member_id, score, spot_id, member_spot_id) values (?, ?, ?, ?)
insert into member_spot (member_id, score, spot_id, member_spot_id) values (9, 0.0, 100, 192);
2022-10-10 14:33:46.837  INFO 4460 --- [    Test worker] p6spy                                    : #1665380026837 | took 0ms | statement | connection 18| url jdbc:h2:mem:ad3a9e80-f26d-4a3e-9691-17f803db5723
insert into review (content, spot_id, review_id) values (?, ?, ?)
insert into review (content, spot_id, review_id) values ('java.io.StringReader@516dd567', 69, 36);
2022-10-10 14:33:46.837  INFO 4460 --- [    Test worker] p6spy                                    : #1665380026837 | took 0ms | statement | connection 18| url jdbc:h2:mem:ad3a9e80-f26d-4a3e-9691-17f803db5723
insert into favorite_spot (count, favorite_id, spot_id, favorite_spot_id) values (?, ?, ?, ?)
insert into favorite_spot (count, favorite_id, spot_id, favorite_spot_id) values (0, 28, 100, 102);
2022-10-10 14:33:46.837  INFO 4460 --- [    Test worker] p6spy                                    : #1665380026837 | took 0ms | statement | connection 18| url jdbc:h2:mem:ad3a9e80-f26d-4a3e-9691-17f803db5723
insert into score (facility_rank, facility_score, price_rank, price_score, rank_average, surround_rank, surround_score, view_rank, view_score, score_id) values (?, ?, ?, ?, ?, ?, ?, ?, ?, ?)
insert into score (facility_rank, facility_score, price_rank, price_score, rank_average, surround_rank, surround_score, view_rank, view_score, score_id) values (9.085514825711577, 350.0, 3.838666566454827, 340.0, 4.502027739828412, 9.30708075589835, 360.0, 8.392926286364366, 330.0, 35);
2022-10-10 14:33:46.837  INFO 4460 --- [    Test worker] p6spy                                    : #1665380026837 | took 0ms | statement | connection 18| url jdbc:h2:mem:ad3a9e80-f26d-4a3e-9691-17f803db5723
insert into picture (spot_id, url, picture_id) values (?, ?, ?)
insert into picture (spot_id, url, picture_id) values (NULL, 'java.io.StringReader@3f7a48a1', 193);
2022-10-10 14:33:46.837  INFO 4460 --- [    Test worker] p6spy                                    : #1665380026837 | took 0ms | statement | connection 18| url jdbc:h2:mem:ad3a9e80-f26d-4a3e-9691-17f803db5723
insert into picture (spot_id, url, picture_id) values (?, ?, ?)
insert into picture (spot_id, url, picture_id) values (NULL, 'java.io.StringReader@7aafcef3', 194);
2022-10-10 14:33:46.837  INFO 4460 --- [    Test worker] p6spy                                    : #1665380026837 | took 0ms | statement | connection 18| url jdbc:h2:mem:ad3a9e80-f26d-4a3e-9691-17f803db5723
insert into picture (spot_id, url, picture_id) values (?, ?, ?)
insert into picture (spot_id, url, picture_id) values (NULL, 'java.io.StringReader@5e30ea7c', 195);
2022-10-10 14:33:46.837  INFO 4460 --- [    Test worker] p6spy                                    : #1665380026837 | took 0ms | statement | connection 18| url jdbc:h2:mem:ad3a9e80-f26d-4a3e-9691-17f803db5723
insert into spot (address, description, location, name, score_id, spot_id) values (?, ?, ?, ?, ?, ?)
insert into spot (address, description, location, name, score_id, spot_id) values (NULL, NULL, 'Aewol_eup', NULL, 35, 101);
2022-10-10 14:33:46.837  INFO 4460 --- [    Test worker] p6spy                                    : #1665380026837 | took 0ms | statement | connection 18| url jdbc:h2:mem:ad3a9e80-f26d-4a3e-9691-17f803db5723
insert into member_spot (member_id, score, spot_id, member_spot_id) values (?, ?, ?, ?)
insert into member_spot (member_id, score, spot_id, member_spot_id) values (9, 0.0, 101, 196);
2022-10-10 14:33:46.837  INFO 4460 --- [    Test worker] p6spy                                    : #1665380026837 | took 0ms | statement | connection 18| url jdbc:h2:mem:ad3a9e80-f26d-4a3e-9691-17f803db5723
insert into review (content, spot_id, review_id) values (?, ?, ?)
insert into review (content, spot_id, review_id) values ('java.io.StringReader@462478a3', 69, 37);
2022-10-10 14:33:46.838  INFO 4460 --- [    Test worker] p6spy                                    : #1665380026838 | took 0ms | statement | connection 18| url jdbc:h2:mem:ad3a9e80-f26d-4a3e-9691-17f803db5723
insert into favorite_spot (count, favorite_id, spot_id, favorite_spot_id) values (?, ?, ?, ?)
insert into favorite_spot (count, favorite_id, spot_id, favorite_spot_id) values (0, 28, 101, 103);
2022-10-10 14:33:46.838  INFO 4460 --- [    Test worker] p6spy                                    : #1665380026838 | took 0ms | statement | connection 18| url jdbc:h2:mem:ad3a9e80-f26d-4a3e-9691-17f803db5723
insert into score (facility_rank, facility_score, price_rank, price_score, rank_average, surround_rank, surround_score, view_rank, view_score, score_id) values (?, ?, ?, ?, ?, ?, ?, ?, ?, ?)
insert into score (facility_rank, facility_score, price_rank, price_score, rank_average, surround_rank, surround_score, view_rank, view_score, score_id) values (4.3987105388020895, 360.0, 1.4331977326169187, 350.0, 5.380167958176459, 1.7307105888731977, 370.0, 6.081107659381059, 340.0, 36);
2022-10-10 14:33:46.838  INFO 4460 --- [    Test worker] p6spy                                    : #1665380026838 | took 0ms | statement | connection 18| url jdbc:h2:mem:ad3a9e80-f26d-4a3e-9691-17f803db5723
insert into picture (spot_id, url, picture_id) values (?, ?, ?)
insert into picture (spot_id, url, picture_id) values (NULL, 'java.io.StringReader@4ce1292a', 197);
2022-10-10 14:33:46.838  INFO 4460 --- [    Test worker] p6spy                                    : #1665380026838 | took 0ms | statement | connection 18| url jdbc:h2:mem:ad3a9e80-f26d-4a3e-9691-17f803db5723
insert into picture (spot_id, url, picture_id) values (?, ?, ?)
insert into picture (spot_id, url, picture_id) values (NULL, 'java.io.StringReader@1eb9ab8f', 198);
2022-10-10 14:33:46.838  INFO 4460 --- [    Test worker] p6spy                                    : #1665380026838 | took 0ms | statement | connection 18| url jdbc:h2:mem:ad3a9e80-f26d-4a3e-9691-17f803db5723
insert into picture (spot_id, url, picture_id) values (?, ?, ?)
insert into picture (spot_id, url, picture_id) values (NULL, 'java.io.StringReader@2121d0ed', 199);
2022-10-10 14:33:46.838  INFO 4460 --- [    Test worker] p6spy                                    : #1665380026838 | took 0ms | statement | connection 18| url jdbc:h2:mem:ad3a9e80-f26d-4a3e-9691-17f803db5723
insert into spot (address, description, location, name, score_id, spot_id) values (?, ?, ?, ?, ?, ?)
insert into spot (address, description, location, name, score_id, spot_id) values (NULL, NULL, 'Aewol_eup', NULL, 36, 102);
2022-10-10 14:33:46.838  INFO 4460 --- [    Test worker] p6spy                                    : #1665380026838 | took 0ms | statement | connection 18| url jdbc:h2:mem:ad3a9e80-f26d-4a3e-9691-17f803db5723
insert into member_spot (member_id, score, spot_id, member_spot_id) values (?, ?, ?, ?)
insert into member_spot (member_id, score, spot_id, member_spot_id) values (9, 0.0, 102, 200);
2022-10-10 14:33:46.838  INFO 4460 --- [    Test worker] p6spy                                    : #1665380026838 | took 0ms | statement | connection 18| url jdbc:h2:mem:ad3a9e80-f26d-4a3e-9691-17f803db5723
insert into review (content, spot_id, review_id) values (?, ?, ?)
insert into review (content, spot_id, review_id) values ('java.io.StringReader@62c63900', 69, 38);
2022-10-10 14:33:46.838  INFO 4460 --- [    Test worker] p6spy                                    : #1665380026838 | took 0ms | statement | connection 18| url jdbc:h2:mem:ad3a9e80-f26d-4a3e-9691-17f803db5723
insert into favorite_spot (count, favorite_id, spot_id, favorite_spot_id) values (?, ?, ?, ?)
insert into favorite_spot (count, favorite_id, spot_id, favorite_spot_id) values (0, 28, 102, 104);
2022-10-10 14:33:46.838  INFO 4460 --- [    Test worker] p6spy                                    : #1665380026838 | took 0ms | statement | connection 18| url jdbc:h2:mem:ad3a9e80-f26d-4a3e-9691-17f803db5723
insert into score (facility_rank, facility_score, price_rank, price_score, rank_average, surround_rank, surround_score, view_rank, view_score, score_id) values (?, ?, ?, ?, ?, ?, ?, ?, ?, ?)
insert into score (facility_rank, facility_score, price_rank, price_score, rank_average, surround_rank, surround_score, view_rank, view_score, score_id) values (2.440808768353434, 370.0, 4.068925252179541, 360.0, 3.3606810028513143, 7.493728599946612, 380.0, 4.938025009172539, 350.0, 37);
2022-10-10 14:33:46.838  INFO 4460 --- [    Test worker] p6spy                                    : #1665380026838 | took 0ms | statement | connection 18| url jdbc:h2:mem:ad3a9e80-f26d-4a3e-9691-17f803db5723
insert into picture (spot_id, url, picture_id) values (?, ?, ?)
insert into picture (spot_id, url, picture_id) values (NULL, 'java.io.StringReader@32ca397b', 201);
2022-10-10 14:33:46.838  INFO 4460 --- [    Test worker] p6spy                                    : #1665380026838 | took 0ms | statement | connection 18| url jdbc:h2:mem:ad3a9e80-f26d-4a3e-9691-17f803db5723
insert into picture (spot_id, url, picture_id) values (?, ?, ?)
insert into picture (spot_id, url, picture_id) values (NULL, 'java.io.StringReader@389d371a', 202);
2022-10-10 14:33:46.838  INFO 4460 --- [    Test worker] p6spy                                    : #1665380026838 | took 0ms | statement | connection 18| url jdbc:h2:mem:ad3a9e80-f26d-4a3e-9691-17f803db5723
insert into picture (spot_id, url, picture_id) values (?, ?, ?)
insert into picture (spot_id, url, picture_id) values (NULL, 'java.io.StringReader@61ecb1c8', 203);
2022-10-10 14:33:46.839  INFO 4460 --- [    Test worker] p6spy                                    : #1665380026839 | took 0ms | statement | connection 18| url jdbc:h2:mem:ad3a9e80-f26d-4a3e-9691-17f803db5723
insert into spot (address, description, location, name, score_id, spot_id) values (?, ?, ?, ?, ?, ?)
insert into spot (address, description, location, name, score_id, spot_id) values (NULL, NULL, 'Aewol_eup', NULL, 37, 103);
2022-10-10 14:33:46.839  INFO 4460 --- [    Test worker] p6spy                                    : #1665380026839 | took 0ms | statement | connection 18| url jdbc:h2:mem:ad3a9e80-f26d-4a3e-9691-17f803db5723
insert into member_spot (member_id, score, spot_id, member_spot_id) values (?, ?, ?, ?)
insert into member_spot (member_id, score, spot_id, member_spot_id) values (9, 0.0, 103, 204);
2022-10-10 14:33:46.839  INFO 4460 --- [    Test worker] p6spy                                    : #1665380026839 | took 0ms | statement | connection 18| url jdbc:h2:mem:ad3a9e80-f26d-4a3e-9691-17f803db5723
insert into review (content, spot_id, review_id) values (?, ?, ?)
insert into review (content, spot_id, review_id) values ('java.io.StringReader@35f18100', 69, 39);
2022-10-10 14:33:46.839  INFO 4460 --- [    Test worker] p6spy                                    : #1665380026839 | took 0ms | statement | connection 18| url jdbc:h2:mem:ad3a9e80-f26d-4a3e-9691-17f803db5723
insert into favorite_spot (count, favorite_id, spot_id, favorite_spot_id) values (?, ?, ?, ?)
insert into favorite_spot (count, favorite_id, spot_id, favorite_spot_id) values (0, 28, 103, 105);
2022-10-10 14:33:46.839  INFO 4460 --- [    Test worker] p6spy                                    : #1665380026839 | took 0ms | statement | connection 18| url jdbc:h2:mem:ad3a9e80-f26d-4a3e-9691-17f803db5723
insert into score (facility_rank, facility_score, price_rank, price_score, rank_average, surround_rank, surround_score, view_rank, view_score, score_id) values (?, ?, ?, ?, ?, ?, ?, ?, ?, ?)
insert into score (facility_rank, facility_score, price_rank, price_score, rank_average, surround_rank, surround_score, view_rank, view_score, score_id) values (9.808241056066171, 380.0, 2.5519492996403104, 370.0, 2.0645019908476003, 5.350754923551509, 390.0, 4.214455047399892, 360.0, 38);
2022-10-10 14:33:46.839  INFO 4460 --- [    Test worker] p6spy                                    : #1665380026839 | took 0ms | statement | connection 18| url jdbc:h2:mem:ad3a9e80-f26d-4a3e-9691-17f803db5723
insert into picture (spot_id, url, picture_id) values (?, ?, ?)
insert into picture (spot_id, url, picture_id) values (NULL, 'java.io.StringReader@3c3562c0', 205);
2022-10-10 14:33:46.839  INFO 4460 --- [    Test worker] p6spy                                    : #1665380026839 | took 0ms | statement | connection 18| url jdbc:h2:mem:ad3a9e80-f26d-4a3e-9691-17f803db5723
insert into picture (spot_id, url, picture_id) values (?, ?, ?)
insert into picture (spot_id, url, picture_id) values (NULL, 'java.io.StringReader@103d64a0', 206);
2022-10-10 14:33:46.839  INFO 4460 --- [    Test worker] p6spy                                    : #1665380026839 | took 0ms | statement | connection 18| url jdbc:h2:mem:ad3a9e80-f26d-4a3e-9691-17f803db5723
insert into picture (spot_id, url, picture_id) values (?, ?, ?)
insert into picture (spot_id, url, picture_id) values (NULL, 'java.io.StringReader@6ae30b05', 207);
2022-10-10 14:33:46.839  INFO 4460 --- [    Test worker] p6spy                                    : #1665380026839 | took 0ms | statement | connection 18| url jdbc:h2:mem:ad3a9e80-f26d-4a3e-9691-17f803db5723
insert into spot (address, description, location, name, score_id, spot_id) values (?, ?, ?, ?, ?, ?)
insert into spot (address, description, location, name, score_id, spot_id) values (NULL, NULL, 'Aewol_eup', NULL, 38, 104);
2022-10-10 14:33:46.839  INFO 4460 --- [    Test worker] p6spy                                    : #1665380026839 | took 0ms | statement | connection 18| url jdbc:h2:mem:ad3a9e80-f26d-4a3e-9691-17f803db5723
insert into member_spot (member_id, score, spot_id, member_spot_id) values (?, ?, ?, ?)
insert into member_spot (member_id, score, spot_id, member_spot_id) values (9, 0.0, 104, 208);
2022-10-10 14:33:46.839  INFO 4460 --- [    Test worker] p6spy                                    : #1665380026839 | took 0ms | statement | connection 18| url jdbc:h2:mem:ad3a9e80-f26d-4a3e-9691-17f803db5723
insert into review (content, spot_id, review_id) values (?, ?, ?)
insert into review (content, spot_id, review_id) values ('java.io.StringReader@41058886', 69, 40);
2022-10-10 14:33:46.839  INFO 4460 --- [    Test worker] p6spy                                    : #1665380026839 | took 0ms | statement | connection 18| url jdbc:h2:mem:ad3a9e80-f26d-4a3e-9691-17f803db5723
insert into favorite_spot (count, favorite_id, spot_id, favorite_spot_id) values (?, ?, ?, ?)
insert into favorite_spot (count, favorite_id, spot_id, favorite_spot_id) values (0, 28, 104, 106);
2022-10-10 14:33:46.839  INFO 4460 --- [    Test worker] p6spy                                    : #1665380026839 | took 0ms | statement | connection 18| url jdbc:h2:mem:ad3a9e80-f26d-4a3e-9691-17f803db5723
insert into score (facility_rank, facility_score, price_rank, price_score, rank_average, surround_rank, surround_score, view_rank, view_score, score_id) values (?, ?, ?, ?, ?, ?, ?, ?, ?, ?)
insert into score (facility_rank, facility_score, price_rank, price_score, rank_average, surround_rank, surround_score, view_rank, view_score, score_id) values (2.4392032275263387, 390.0, 1.3431655930271036, 380.0, 9.29453818958089, 7.564720712849878, 400.0, 5.415632499479007, 370.0, 39);
2022-10-10 14:33:46.840  INFO 4460 --- [    Test worker] p6spy                                    : #1665380026840 | took 0ms | statement | connection 18| url jdbc:h2:mem:ad3a9e80-f26d-4a3e-9691-17f803db5723
insert into picture (spot_id, url, picture_id) values (?, ?, ?)
insert into picture (spot_id, url, picture_id) values (NULL, 'java.io.StringReader@1c1082d9', 209);
2022-10-10 14:33:46.840  INFO 4460 --- [    Test worker] p6spy                                    : #1665380026840 | took 0ms | statement | connection 18| url jdbc:h2:mem:ad3a9e80-f26d-4a3e-9691-17f803db5723
insert into picture (spot_id, url, picture_id) values (?, ?, ?)
insert into picture (spot_id, url, picture_id) values (NULL, 'java.io.StringReader@16f453c9', 210);
2022-10-10 14:33:46.840  INFO 4460 --- [    Test worker] p6spy                                    : #1665380026840 | took 0ms | statement | connection 18| url jdbc:h2:mem:ad3a9e80-f26d-4a3e-9691-17f803db5723
insert into picture (spot_id, url, picture_id) values (?, ?, ?)
insert into picture (spot_id, url, picture_id) values (NULL, 'java.io.StringReader@174cd1a4', 211);
2022-10-10 14:33:46.840  INFO 4460 --- [    Test worker] p6spy                                    : #1665380026840 | took 0ms | statement | connection 18| url jdbc:h2:mem:ad3a9e80-f26d-4a3e-9691-17f803db5723
insert into spot (address, description, location, name, score_id, spot_id) values (?, ?, ?, ?, ?, ?)
insert into spot (address, description, location, name, score_id, spot_id) values (NULL, NULL, 'Aewol_eup', NULL, 39, 105);
2022-10-10 14:33:46.840  INFO 4460 --- [    Test worker] p6spy                                    : #1665380026840 | took 0ms | statement | connection 18| url jdbc:h2:mem:ad3a9e80-f26d-4a3e-9691-17f803db5723
insert into member_spot (member_id, score, spot_id, member_spot_id) values (?, ?, ?, ?)
insert into member_spot (member_id, score, spot_id, member_spot_id) values (9, 0.0, 105, 212);
2022-10-10 14:33:46.840  INFO 4460 --- [    Test worker] p6spy                                    : #1665380026840 | took 0ms | statement | connection 18| url jdbc:h2:mem:ad3a9e80-f26d-4a3e-9691-17f803db5723
insert into review (content, spot_id, review_id) values (?, ?, ?)
insert into review (content, spot_id, review_id) values ('java.io.StringReader@27d40ca5', 69, 41);
2022-10-10 14:33:46.840  INFO 4460 --- [    Test worker] p6spy                                    : #1665380026840 | took 0ms | statement | connection 18| url jdbc:h2:mem:ad3a9e80-f26d-4a3e-9691-17f803db5723
insert into favorite_spot (count, favorite_id, spot_id, favorite_spot_id) values (?, ?, ?, ?)
insert into favorite_spot (count, favorite_id, spot_id, favorite_spot_id) values (0, 28, 105, 107);
2022-10-10 14:33:46.840  INFO 4460 --- [    Test worker] p6spy                                    : #1665380026840 | took 0ms | statement | connection 18| url jdbc:h2:mem:ad3a9e80-f26d-4a3e-9691-17f803db5723
insert into score (facility_rank, facility_score, price_rank, price_score, rank_average, surround_rank, surround_score, view_rank, view_score, score_id) values (?, ?, ?, ?, ?, ?, ?, ?, ?, ?)
insert into score (facility_rank, facility_score, price_rank, price_score, rank_average, surround_rank, surround_score, view_rank, view_score, score_id) values (4.819060287645113, 400.0, 8.319386077889968, 390.0, 6.454240947408113, 2.2639438419331235, 410.0, 7.737468915460032, 380.0, 40);
2022-10-10 14:33:46.840  INFO 4460 --- [    Test worker] p6spy                                    : #1665380026840 | took 0ms | statement | connection 18| url jdbc:h2:mem:ad3a9e80-f26d-4a3e-9691-17f803db5723
insert into picture (spot_id, url, picture_id) values (?, ?, ?)
insert into picture (spot_id, url, picture_id) values (NULL, 'java.io.StringReader@6ac4f76a', 213);
2022-10-10 14:33:46.840  INFO 4460 --- [    Test worker] p6spy                                    : #1665380026840 | took 0ms | statement | connection 18| url jdbc:h2:mem:ad3a9e80-f26d-4a3e-9691-17f803db5723
insert into picture (spot_id, url, picture_id) values (?, ?, ?)
insert into picture (spot_id, url, picture_id) values (NULL, 'java.io.StringReader@67d8e3b0', 214);
2022-10-10 14:33:46.840  INFO 4460 --- [    Test worker] p6spy                                    : #1665380026840 | took 0ms | statement | connection 18| url jdbc:h2:mem:ad3a9e80-f26d-4a3e-9691-17f803db5723
insert into picture (spot_id, url, picture_id) values (?, ?, ?)
insert into picture (spot_id, url, picture_id) values (NULL, 'java.io.StringReader@6f334ec2', 215);
2022-10-10 14:33:46.840  INFO 4460 --- [    Test worker] p6spy                                    : #1665380026840 | took 0ms | statement | connection 18| url jdbc:h2:mem:ad3a9e80-f26d-4a3e-9691-17f803db5723
insert into spot (address, description, location, name, score_id, spot_id) values (?, ?, ?, ?, ?, ?)
insert into spot (address, description, location, name, score_id, spot_id) values (NULL, NULL, 'Aewol_eup', NULL, 40, 106);
2022-10-10 14:33:46.840  INFO 4460 --- [    Test worker] p6spy                                    : #1665380026840 | took 0ms | statement | connection 18| url jdbc:h2:mem:ad3a9e80-f26d-4a3e-9691-17f803db5723
insert into member_spot (member_id, score, spot_id, member_spot_id) values (?, ?, ?, ?)
insert into member_spot (member_id, score, spot_id, member_spot_id) values (9, 0.0, 106, 216);
2022-10-10 14:33:46.840  INFO 4460 --- [    Test worker] p6spy                                    : #1665380026840 | took 0ms | statement | connection 18| url jdbc:h2:mem:ad3a9e80-f26d-4a3e-9691-17f803db5723
insert into review (content, spot_id, review_id) values (?, ?, ?)
insert into review (content, spot_id, review_id) values ('java.io.StringReader@60ca607', 69, 42);
2022-10-10 14:33:46.840  INFO 4460 --- [    Test worker] p6spy                                    : #1665380026840 | took 0ms | statement | connection 18| url jdbc:h2:mem:ad3a9e80-f26d-4a3e-9691-17f803db5723
insert into favorite_spot (count, favorite_id, spot_id, favorite_spot_id) values (?, ?, ?, ?)
insert into favorite_spot (count, favorite_id, spot_id, favorite_spot_id) values (0, 28, 106, 108);
2022-10-10 14:33:46.840  INFO 4460 --- [    Test worker] p6spy                                    : #1665380026840 | took 0ms | statement | connection 18| url jdbc:h2:mem:ad3a9e80-f26d-4a3e-9691-17f803db5723
insert into score (facility_rank, facility_score, price_rank, price_score, rank_average, surround_rank, surround_score, view_rank, view_score, score_id) values (?, ?, ?, ?, ?, ?, ?, ?, ?, ?)
insert into score (facility_rank, facility_score, price_rank, price_score, rank_average, surround_rank, surround_score, view_rank, view_score, score_id) values (5.750376521014827, 410.0, 6.476964972625074, 400.0, 5.6479599863112675, 5.537820549233457, 420.0, 0.10624981670897427, 390.0, 41);
2022-10-10 14:33:46.840  INFO 4460 --- [    Test worker] p6spy                                    : #1665380026840 | took 0ms | statement | connection 18| url jdbc:h2:mem:ad3a9e80-f26d-4a3e-9691-17f803db5723
insert into picture (spot_id, url, picture_id) values (?, ?, ?)
insert into picture (spot_id, url, picture_id) values (NULL, 'java.io.StringReader@2e706bc6', 217);
2022-10-10 14:33:46.841  INFO 4460 --- [    Test worker] p6spy                                    : #1665380026841 | took 0ms | statement | connection 18| url jdbc:h2:mem:ad3a9e80-f26d-4a3e-9691-17f803db5723
insert into picture (spot_id, url, picture_id) values (?, ?, ?)
insert into picture (spot_id, url, picture_id) values (NULL, 'java.io.StringReader@e700641', 218);
2022-10-10 14:33:46.841  INFO 4460 --- [    Test worker] p6spy                                    : #1665380026841 | took 0ms | statement | connection 18| url jdbc:h2:mem:ad3a9e80-f26d-4a3e-9691-17f803db5723
insert into picture (spot_id, url, picture_id) values (?, ?, ?)
insert into picture (spot_id, url, picture_id) values (NULL, 'java.io.StringReader@2603ff76', 219);
2022-10-10 14:33:46.841  INFO 4460 --- [    Test worker] p6spy                                    : #1665380026841 | took 0ms | statement | connection 18| url jdbc:h2:mem:ad3a9e80-f26d-4a3e-9691-17f803db5723
insert into spot (address, description, location, name, score_id, spot_id) values (?, ?, ?, ?, ?, ?)
insert into spot (address, description, location, name, score_id, spot_id) values (NULL, NULL, 'Aewol_eup', NULL, 41, 107);
2022-10-10 14:33:46.841  INFO 4460 --- [    Test worker] p6spy                                    : #1665380026841 | took 0ms | statement | connection 18| url jdbc:h2:mem:ad3a9e80-f26d-4a3e-9691-17f803db5723
insert into member_spot (member_id, score, spot_id, member_spot_id) values (?, ?, ?, ?)
insert into member_spot (member_id, score, spot_id, member_spot_id) values (9, 0.0, 107, 220);
2022-10-10 14:33:46.841  INFO 4460 --- [    Test worker] p6spy                                    : #1665380026841 | took 0ms | statement | connection 18| url jdbc:h2:mem:ad3a9e80-f26d-4a3e-9691-17f803db5723
insert into review (content, spot_id, review_id) values (?, ?, ?)
insert into review (content, spot_id, review_id) values ('java.io.StringReader@fe32f34', 69, 43);
2022-10-10 14:33:46.841  INFO 4460 --- [    Test worker] p6spy                                    : #1665380026841 | took 0ms | statement | connection 18| url jdbc:h2:mem:ad3a9e80-f26d-4a3e-9691-17f803db5723
insert into favorite_spot (count, favorite_id, spot_id, favorite_spot_id) values (?, ?, ?, ?)
insert into favorite_spot (count, favorite_id, spot_id, favorite_spot_id) values (0, 28, 107, 109);
2022-10-10 14:33:46.841  INFO 4460 --- [    Test worker] p6spy                                    : #1665380026841 | took 0ms | statement | connection 18| url jdbc:h2:mem:ad3a9e80-f26d-4a3e-9691-17f803db5723
insert into score (facility_rank, facility_score, price_rank, price_score, rank_average, surround_rank, surround_score, view_rank, view_score, score_id) values (?, ?, ?, ?, ?, ?, ?, ?, ?, ?)
insert into score (facility_rank, facility_score, price_rank, price_score, rank_average, surround_rank, surround_score, view_rank, view_score, score_id) values (6.403624869534542, 420.0, 9.202967744847758, 410.0, 5.7330895661280055, 6.934545671913104, 430.0, 5.488275280186576, 400.0, 42);
2022-10-10 14:33:46.841  INFO 4460 --- [    Test worker] p6spy                                    : #1665380026841 | took 0ms | statement | connection 18| url jdbc:h2:mem:ad3a9e80-f26d-4a3e-9691-17f803db5723
insert into picture (spot_id, url, picture_id) values (?, ?, ?)
insert into picture (spot_id, url, picture_id) values (NULL, 'java.io.StringReader@53534c15', 221);
2022-10-10 14:33:46.841  INFO 4460 --- [    Test worker] p6spy                                    : #1665380026841 | took 0ms | statement | connection 18| url jdbc:h2:mem:ad3a9e80-f26d-4a3e-9691-17f803db5723
insert into picture (spot_id, url, picture_id) values (?, ?, ?)
insert into picture (spot_id, url, picture_id) values (NULL, 'java.io.StringReader@7b6b3ed6', 222);
2022-10-10 14:33:46.841  INFO 4460 --- [    Test worker] p6spy                                    : #1665380026841 | took 0ms | statement | connection 18| url jdbc:h2:mem:ad3a9e80-f26d-4a3e-9691-17f803db5723
insert into picture (spot_id, url, picture_id) values (?, ?, ?)
insert into picture (spot_id, url, picture_id) values (NULL, 'java.io.StringReader@24697504', 223);
2022-10-10 14:33:46.841  INFO 4460 --- [    Test worker] p6spy                                    : #1665380026841 | took 0ms | statement | connection 18| url jdbc:h2:mem:ad3a9e80-f26d-4a3e-9691-17f803db5723
insert into spot (address, description, location, name, score_id, spot_id) values (?, ?, ?, ?, ?, ?)
insert into spot (address, description, location, name, score_id, spot_id) values (NULL, NULL, 'Aewol_eup', NULL, 42, 108);
2022-10-10 14:33:46.841  INFO 4460 --- [    Test worker] p6spy                                    : #1665380026841 | took 0ms | statement | connection 18| url jdbc:h2:mem:ad3a9e80-f26d-4a3e-9691-17f803db5723
insert into member_spot (member_id, score, spot_id, member_spot_id) values (?, ?, ?, ?)
insert into member_spot (member_id, score, spot_id, member_spot_id) values (9, 0.0, 108, 224);
2022-10-10 14:33:46.841  INFO 4460 --- [    Test worker] p6spy                                    : #1665380026841 | took 0ms | statement | connection 18| url jdbc:h2:mem:ad3a9e80-f26d-4a3e-9691-17f803db5723
insert into review (content, spot_id, review_id) values (?, ?, ?)
insert into review (content, spot_id, review_id) values ('java.io.StringReader@70e3f664', 69, 44);
2022-10-10 14:33:46.841  INFO 4460 --- [    Test worker] p6spy                                    : #1665380026841 | took 0ms | statement | connection 18| url jdbc:h2:mem:ad3a9e80-f26d-4a3e-9691-17f803db5723
insert into favorite_spot (count, favorite_id, spot_id, favorite_spot_id) values (?, ?, ?, ?)
insert into favorite_spot (count, favorite_id, spot_id, favorite_spot_id) values (0, 28, 108, 110);
2022-10-10 14:33:46.841  INFO 4460 --- [    Test worker] p6spy                                    : #1665380026841 | took 0ms | statement | connection 18| url jdbc:h2:mem:ad3a9e80-f26d-4a3e-9691-17f803db5723
insert into score (facility_rank, facility_score, price_rank, price_score, rank_average, surround_rank, surround_score, view_rank, view_score, score_id) values (?, ?, ?, ?, ?, ?, ?, ?, ?, ?)
insert into score (facility_rank, facility_score, price_rank, price_score, rank_average, surround_rank, surround_score, view_rank, view_score, score_id) values (6.317840814341363, 430.0, 7.98704835803024, 420.0, 7.9851316714488005, 9.483176947333405, 440.0, 9.529269871798396, 410.0, 43);
2022-10-10 14:33:46.842  INFO 4460 --- [    Test worker] p6spy                                    : #1665380026842 | took 0ms | statement | connection 18| url jdbc:h2:mem:ad3a9e80-f26d-4a3e-9691-17f803db5723
insert into picture (spot_id, url, picture_id) values (?, ?, ?)
insert into picture (spot_id, url, picture_id) values (NULL, 'java.io.StringReader@7cf517f6', 225);
2022-10-10 14:33:46.842  INFO 4460 --- [    Test worker] p6spy                                    : #1665380026842 | took 0ms | statement | connection 18| url jdbc:h2:mem:ad3a9e80-f26d-4a3e-9691-17f803db5723
insert into picture (spot_id, url, picture_id) values (?, ?, ?)
insert into picture (spot_id, url, picture_id) values (NULL, 'java.io.StringReader@4e5d611f', 226);
2022-10-10 14:33:46.842  INFO 4460 --- [    Test worker] p6spy                                    : #1665380026842 | took 0ms | statement | connection 18| url jdbc:h2:mem:ad3a9e80-f26d-4a3e-9691-17f803db5723
insert into picture (spot_id, url, picture_id) values (?, ?, ?)
insert into picture (spot_id, url, picture_id) values (NULL, 'java.io.StringReader@46f970b6', 227);
2022-10-10 14:33:46.842  INFO 4460 --- [    Test worker] p6spy                                    : #1665380026842 | took 0ms | statement | connection 18| url jdbc:h2:mem:ad3a9e80-f26d-4a3e-9691-17f803db5723
insert into spot (address, description, location, name, score_id, spot_id) values (?, ?, ?, ?, ?, ?)
insert into spot (address, description, location, name, score_id, spot_id) values (NULL, NULL, 'Aewol_eup', NULL, 43, 109);
2022-10-10 14:33:46.842  INFO 4460 --- [    Test worker] p6spy                                    : #1665380026842 | took 0ms | statement | connection 18| url jdbc:h2:mem:ad3a9e80-f26d-4a3e-9691-17f803db5723
insert into member_spot (member_id, score, spot_id, member_spot_id) values (?, ?, ?, ?)
insert into member_spot (member_id, score, spot_id, member_spot_id) values (9, 0.0, 109, 228);
2022-10-10 14:33:46.842  INFO 4460 --- [    Test worker] p6spy                                    : #1665380026842 | took 0ms | statement | connection 18| url jdbc:h2:mem:ad3a9e80-f26d-4a3e-9691-17f803db5723
insert into review (content, spot_id, review_id) values (?, ?, ?)
insert into review (content, spot_id, review_id) values ('java.io.StringReader@50798d39', 69, 45);
2022-10-10 14:33:46.842  INFO 4460 --- [    Test worker] p6spy                                    : #1665380026842 | took 0ms | statement | connection 18| url jdbc:h2:mem:ad3a9e80-f26d-4a3e-9691-17f803db5723
insert into favorite_spot (count, favorite_id, spot_id, favorite_spot_id) values (?, ?, ?, ?)
insert into favorite_spot (count, favorite_id, spot_id, favorite_spot_id) values (0, 28, 109, 111);
2022-10-10 14:33:46.842  INFO 4460 --- [    Test worker] p6spy                                    : #1665380026842 | took 0ms | statement | connection 18| url jdbc:h2:mem:ad3a9e80-f26d-4a3e-9691-17f803db5723
insert into score (facility_rank, facility_score, price_rank, price_score, rank_average, surround_rank, surround_score, view_rank, view_score, score_id) values (?, ?, ?, ?, ?, ?, ?, ?, ?, ?)
insert into score (facility_rank, facility_score, price_rank, price_score, rank_average, surround_rank, surround_score, view_rank, view_score, score_id) values (5.99700811695958, 440.0, 9.882000241466194, 430.0, 3.8577368370036114, 7.824391488004478, 450.0, 7.401081166178941, 420.0, 44);
2022-10-10 14:33:46.842  INFO 4460 --- [    Test worker] p6spy                                    : #1665380026842 | took 0ms | statement | connection 18| url jdbc:h2:mem:ad3a9e80-f26d-4a3e-9691-17f803db5723
insert into picture (spot_id, url, picture_id) values (?, ?, ?)
insert into picture (spot_id, url, picture_id) values (NULL, 'java.io.StringReader@5aa16232', 229);
2022-10-10 14:33:46.842  INFO 4460 --- [    Test worker] p6spy                                    : #1665380026842 | took 0ms | statement | connection 18| url jdbc:h2:mem:ad3a9e80-f26d-4a3e-9691-17f803db5723
insert into picture (spot_id, url, picture_id) values (?, ?, ?)
insert into picture (spot_id, url, picture_id) values (NULL, 'java.io.StringReader@36e7a455', 230);
2022-10-10 14:33:46.842  INFO 4460 --- [    Test worker] p6spy                                    : #1665380026842 | took 0ms | statement | connection 18| url jdbc:h2:mem:ad3a9e80-f26d-4a3e-9691-17f803db5723
insert into picture (spot_id, url, picture_id) values (?, ?, ?)
insert into picture (spot_id, url, picture_id) values (NULL, 'java.io.StringReader@575b9b92', 231);
2022-10-10 14:33:46.842  INFO 4460 --- [    Test worker] p6spy                                    : #1665380026842 | took 0ms | statement | connection 18| url jdbc:h2:mem:ad3a9e80-f26d-4a3e-9691-17f803db5723
insert into spot (address, description, location, name, score_id, spot_id) values (?, ?, ?, ?, ?, ?)
insert into spot (address, description, location, name, score_id, spot_id) values (NULL, NULL, 'Aewol_eup', NULL, 44, 110);
2022-10-10 14:33:46.842  INFO 4460 --- [    Test worker] p6spy                                    : #1665380026842 | took 0ms | statement | connection 18| url jdbc:h2:mem:ad3a9e80-f26d-4a3e-9691-17f803db5723
insert into member_spot (member_id, score, spot_id, member_spot_id) values (?, ?, ?, ?)
insert into member_spot (member_id, score, spot_id, member_spot_id) values (9, 0.0, 110, 232);
2022-10-10 14:33:46.842  INFO 4460 --- [    Test worker] p6spy                                    : #1665380026842 | took 0ms | statement | connection 18| url jdbc:h2:mem:ad3a9e80-f26d-4a3e-9691-17f803db5723
insert into review (content, spot_id, review_id) values (?, ?, ?)
insert into review (content, spot_id, review_id) values ('java.io.StringReader@20ecbeda', 69, 46);
2022-10-10 14:33:46.842  INFO 4460 --- [    Test worker] p6spy                                    : #1665380026842 | took 0ms | statement | connection 18| url jdbc:h2:mem:ad3a9e80-f26d-4a3e-9691-17f803db5723
insert into favorite_spot (count, favorite_id, spot_id, favorite_spot_id) values (?, ?, ?, ?)
insert into favorite_spot (count, favorite_id, spot_id, favorite_spot_id) values (0, 28, 110, 112);
2022-10-10 14:33:46.843  INFO 4460 --- [    Test worker] p6spy                                    : #1665380026843 | took 0ms | statement | connection 18| url jdbc:h2:mem:ad3a9e80-f26d-4a3e-9691-17f803db5723
insert into score (facility_rank, facility_score, price_rank, price_score, rank_average, surround_rank, surround_score, view_rank, view_score, score_id) values (?, ?, ?, ?, ?, ?, ?, ?, ?, ?)
insert into score (facility_rank, facility_score, price_rank, price_score, rank_average, surround_rank, surround_score, view_rank, view_score, score_id) values (2.9617600807748614, 450.0, 6.653813865170044, 440.0, 8.889306153908619, 2.459695557776631, 460.0, 3.0750554982448355, 430.0, 45);
2022-10-10 14:33:46.843  INFO 4460 --- [    Test worker] p6spy                                    : #1665380026843 | took 0ms | statement | connection 18| url jdbc:h2:mem:ad3a9e80-f26d-4a3e-9691-17f803db5723
insert into picture (spot_id, url, picture_id) values (?, ?, ?)
insert into picture (spot_id, url, picture_id) values (NULL, 'java.io.StringReader@674de53e', 233);
2022-10-10 14:33:46.843  INFO 4460 --- [    Test worker] p6spy                                    : #1665380026843 | took 0ms | statement | connection 18| url jdbc:h2:mem:ad3a9e80-f26d-4a3e-9691-17f803db5723
insert into picture (spot_id, url, picture_id) values (?, ?, ?)
insert into picture (spot_id, url, picture_id) values (NULL, 'java.io.StringReader@e2931b1', 234);
2022-10-10 14:33:46.843  INFO 4460 --- [    Test worker] p6spy                                    : #1665380026843 | took 0ms | statement | connection 18| url jdbc:h2:mem:ad3a9e80-f26d-4a3e-9691-17f803db5723
insert into picture (spot_id, url, picture_id) values (?, ?, ?)
insert into picture (spot_id, url, picture_id) values (NULL, 'java.io.StringReader@649ddfe6', 235);
2022-10-10 14:33:46.843  INFO 4460 --- [    Test worker] p6spy                                    : #1665380026843 | took 0ms | statement | connection 18| url jdbc:h2:mem:ad3a9e80-f26d-4a3e-9691-17f803db5723
insert into spot (address, description, location, name, score_id, spot_id) values (?, ?, ?, ?, ?, ?)
insert into spot (address, description, location, name, score_id, spot_id) values (NULL, NULL, 'Aewol_eup', NULL, 45, 111);
2022-10-10 14:33:46.843  INFO 4460 --- [    Test worker] p6spy                                    : #1665380026843 | took 0ms | statement | connection 18| url jdbc:h2:mem:ad3a9e80-f26d-4a3e-9691-17f803db5723
insert into member_spot (member_id, score, spot_id, member_spot_id) values (?, ?, ?, ?)
insert into member_spot (member_id, score, spot_id, member_spot_id) values (9, 0.0, 111, 236);
2022-10-10 14:33:46.843  INFO 4460 --- [    Test worker] p6spy                                    : #1665380026843 | took 0ms | statement | connection 18| url jdbc:h2:mem:ad3a9e80-f26d-4a3e-9691-17f803db5723
insert into review (content, spot_id, review_id) values (?, ?, ?)
insert into review (content, spot_id, review_id) values ('java.io.StringReader@323b4e2a', 69, 47);
2022-10-10 14:33:46.843  INFO 4460 --- [    Test worker] p6spy                                    : #1665380026843 | took 0ms | statement | connection 18| url jdbc:h2:mem:ad3a9e80-f26d-4a3e-9691-17f803db5723
insert into favorite_spot (count, favorite_id, spot_id, favorite_spot_id) values (?, ?, ?, ?)
insert into favorite_spot (count, favorite_id, spot_id, favorite_spot_id) values (0, 28, 111, 113);
2022-10-10 14:33:46.843  INFO 4460 --- [    Test worker] p6spy                                    : #1665380026843 | took 0ms | statement | connection 18| url jdbc:h2:mem:ad3a9e80-f26d-4a3e-9691-17f803db5723
insert into score (facility_rank, facility_score, price_rank, price_score, rank_average, surround_rank, surround_score, view_rank, view_score, score_id) values (?, ?, ?, ?, ?, ?, ?, ?, ?, ?)
insert into score (facility_rank, facility_score, price_rank, price_score, rank_average, surround_rank, surround_score, view_rank, view_score, score_id) values (4.088064068548415, 460.0, 1.9187293614707956, 450.0, 0.904850109711054, 9.420329194408898, 470.0, 6.261309403186287, 440.0, 46);
2022-10-10 14:33:46.843  INFO 4460 --- [    Test worker] p6spy                                    : #1665380026843 | took 0ms | statement | connection 18| url jdbc:h2:mem:ad3a9e80-f26d-4a3e-9691-17f803db5723
insert into picture (spot_id, url, picture_id) values (?, ?, ?)
insert into picture (spot_id, url, picture_id) values (NULL, 'java.io.StringReader@1ad2e962', 237);
2022-10-10 14:33:46.843  INFO 4460 --- [    Test worker] p6spy                                    : #1665380026843 | took 0ms | statement | connection 18| url jdbc:h2:mem:ad3a9e80-f26d-4a3e-9691-17f803db5723
insert into picture (spot_id, url, picture_id) values (?, ?, ?)
insert into picture (spot_id, url, picture_id) values (NULL, 'java.io.StringReader@5710fca8', 238);
2022-10-10 14:33:46.843  INFO 4460 --- [    Test worker] p6spy                                    : #1665380026843 | took 0ms | statement | connection 18| url jdbc:h2:mem:ad3a9e80-f26d-4a3e-9691-17f803db5723
insert into picture (spot_id, url, picture_id) values (?, ?, ?)
insert into picture (spot_id, url, picture_id) values (NULL, 'java.io.StringReader@8937f62', 239);
2022-10-10 14:33:46.843  INFO 4460 --- [    Test worker] p6spy                                    : #1665380026843 | took 0ms | statement | connection 18| url jdbc:h2:mem:ad3a9e80-f26d-4a3e-9691-17f803db5723
insert into spot (address, description, location, name, score_id, spot_id) values (?, ?, ?, ?, ?, ?)
insert into spot (address, description, location, name, score_id, spot_id) values (NULL, NULL, 'Aewol_eup', NULL, 46, 112);
2022-10-10 14:33:46.843  INFO 4460 --- [    Test worker] p6spy                                    : #1665380026843 | took 0ms | statement | connection 18| url jdbc:h2:mem:ad3a9e80-f26d-4a3e-9691-17f803db5723
insert into member_spot (member_id, score, spot_id, member_spot_id) values (?, ?, ?, ?)
insert into member_spot (member_id, score, spot_id, member_spot_id) values (9, 0.0, 112, 240);
2022-10-10 14:33:46.843  INFO 4460 --- [    Test worker] p6spy                                    : #1665380026843 | took 0ms | statement | connection 18| url jdbc:h2:mem:ad3a9e80-f26d-4a3e-9691-17f803db5723
insert into review (content, spot_id, review_id) values (?, ?, ?)
insert into review (content, spot_id, review_id) values ('java.io.StringReader@eba3009', 69, 48);
2022-10-10 14:33:46.843  INFO 4460 --- [    Test worker] p6spy                                    : #1665380026843 | took 0ms | statement | connection 18| url jdbc:h2:mem:ad3a9e80-f26d-4a3e-9691-17f803db5723
insert into favorite_spot (count, favorite_id, spot_id, favorite_spot_id) values (?, ?, ?, ?)
insert into favorite_spot (count, favorite_id, spot_id, favorite_spot_id) values (0, 28, 112, 114);
2022-10-10 14:33:46.844  INFO 4460 --- [    Test worker] p6spy                                    : #1665380026844 | took 0ms | statement | connection 18| url jdbc:h2:mem:ad3a9e80-f26d-4a3e-9691-17f803db5723
insert into score (facility_rank, facility_score, price_rank, price_score, rank_average, surround_rank, surround_score, view_rank, view_score, score_id) values (?, ?, ?, ?, ?, ?, ?, ?, ?, ?)
insert into score (facility_rank, facility_score, price_rank, price_score, rank_average, surround_rank, surround_score, view_rank, view_score, score_id) values (1.8110795955590786, 470.0, 5.113784877549942, 460.0, 5.920996657023054, 4.247787131510065, 480.0, 3.3830189475967867, 450.0, 47);
2022-10-10 14:33:46.844  INFO 4460 --- [    Test worker] p6spy                                    : #1665380026844 | took 0ms | statement | connection 18| url jdbc:h2:mem:ad3a9e80-f26d-4a3e-9691-17f803db5723
insert into picture (spot_id, url, picture_id) values (?, ?, ?)
insert into picture (spot_id, url, picture_id) values (NULL, 'java.io.StringReader@3dd1f392', 241);
2022-10-10 14:33:46.844  INFO 4460 --- [    Test worker] p6spy                                    : #1665380026844 | took 0ms | statement | connection 18| url jdbc:h2:mem:ad3a9e80-f26d-4a3e-9691-17f803db5723
insert into picture (spot_id, url, picture_id) values (?, ?, ?)
insert into picture (spot_id, url, picture_id) values (NULL, 'java.io.StringReader@1d458c1e', 242);
2022-10-10 14:33:46.844  INFO 4460 --- [    Test worker] p6spy                                    : #1665380026844 | took 0ms | statement | connection 18| url jdbc:h2:mem:ad3a9e80-f26d-4a3e-9691-17f803db5723
insert into picture (spot_id, url, picture_id) values (?, ?, ?)
insert into picture (spot_id, url, picture_id) values (NULL, 'java.io.StringReader@5d4b0fac', 243);
2022-10-10 14:33:46.844  INFO 4460 --- [    Test worker] p6spy                                    : #1665380026844 | took 0ms | statement | connection 18| url jdbc:h2:mem:ad3a9e80-f26d-4a3e-9691-17f803db5723
insert into spot (address, description, location, name, score_id, spot_id) values (?, ?, ?, ?, ?, ?)
insert into spot (address, description, location, name, score_id, spot_id) values (NULL, NULL, 'Aewol_eup', NULL, 47, 113);
2022-10-10 14:33:46.844  INFO 4460 --- [    Test worker] p6spy                                    : #1665380026844 | took 0ms | statement | connection 18| url jdbc:h2:mem:ad3a9e80-f26d-4a3e-9691-17f803db5723
insert into member_spot (member_id, score, spot_id, member_spot_id) values (?, ?, ?, ?)
insert into member_spot (member_id, score, spot_id, member_spot_id) values (9, 0.0, 113, 244);
2022-10-10 14:33:46.844  INFO 4460 --- [    Test worker] p6spy                                    : #1665380026844 | took 0ms | statement | connection 18| url jdbc:h2:mem:ad3a9e80-f26d-4a3e-9691-17f803db5723
insert into review (content, spot_id, review_id) values (?, ?, ?)
insert into review (content, spot_id, review_id) values ('java.io.StringReader@36c6509c', 69, 49);
2022-10-10 14:33:46.844  INFO 4460 --- [    Test worker] p6spy                                    : #1665380026844 | took 0ms | statement | connection 18| url jdbc:h2:mem:ad3a9e80-f26d-4a3e-9691-17f803db5723
insert into favorite_spot (count, favorite_id, spot_id, favorite_spot_id) values (?, ?, ?, ?)
insert into favorite_spot (count, favorite_id, spot_id, favorite_spot_id) values (0, 28, 113, 115);
2022-10-10 14:33:46.844  INFO 4460 --- [    Test worker] p6spy                                    : #1665380026844 | took 0ms | statement | connection 18| url jdbc:h2:mem:ad3a9e80-f26d-4a3e-9691-17f803db5723
insert into score (facility_rank, facility_score, price_rank, price_score, rank_average, surround_rank, surround_score, view_rank, view_score, score_id) values (?, ?, ?, ?, ?, ?, ?, ?, ?, ?)
insert into score (facility_rank, facility_score, price_rank, price_score, rank_average, surround_rank, surround_score, view_rank, view_score, score_id) values (3.090755485329116, 480.0, 2.1172573083219715, 470.0, 4.961841155218219, 0.20071616267178238, 490.0, 8.350702606388928, 460.0, 48);
2022-10-10 14:33:46.844  INFO 4460 --- [    Test worker] p6spy                                    : #1665380026844 | took 0ms | statement | connection 18| url jdbc:h2:mem:ad3a9e80-f26d-4a3e-9691-17f803db5723
insert into picture (spot_id, url, picture_id) values (?, ?, ?)
insert into picture (spot_id, url, picture_id) values (NULL, 'java.io.StringReader@319267ad', 245);
2022-10-10 14:33:46.844  INFO 4460 --- [    Test worker] p6spy                                    : #1665380026844 | took 0ms | statement | connection 18| url jdbc:h2:mem:ad3a9e80-f26d-4a3e-9691-17f803db5723
insert into picture (spot_id, url, picture_id) values (?, ?, ?)
insert into picture (spot_id, url, picture_id) values (NULL, 'java.io.StringReader@33c7319e', 246);
2022-10-10 14:33:46.844  INFO 4460 --- [    Test worker] p6spy                                    : #1665380026844 | took 0ms | statement | connection 18| url jdbc:h2:mem:ad3a9e80-f26d-4a3e-9691-17f803db5723
insert into picture (spot_id, url, picture_id) values (?, ?, ?)
insert into picture (spot_id, url, picture_id) values (NULL, 'java.io.StringReader@5ada5fd3', 247);
2022-10-10 14:33:46.844  INFO 4460 --- [    Test worker] p6spy                                    : #1665380026844 | took 0ms | statement | connection 18| url jdbc:h2:mem:ad3a9e80-f26d-4a3e-9691-17f803db5723
insert into spot (address, description, location, name, score_id, spot_id) values (?, ?, ?, ?, ?, ?)
insert into spot (address, description, location, name, score_id, spot_id) values (NULL, NULL, 'Aewol_eup', NULL, 48, 114);
2022-10-10 14:33:46.844  INFO 4460 --- [    Test worker] p6spy                                    : #1665380026844 | took 0ms | statement | connection 18| url jdbc:h2:mem:ad3a9e80-f26d-4a3e-9691-17f803db5723
insert into member_spot (member_id, score, spot_id, member_spot_id) values (?, ?, ?, ?)
insert into member_spot (member_id, score, spot_id, member_spot_id) values (9, 0.0, 114, 248);
2022-10-10 14:33:46.844  INFO 4460 --- [    Test worker] p6spy                                    : #1665380026844 | took 0ms | statement | connection 18| url jdbc:h2:mem:ad3a9e80-f26d-4a3e-9691-17f803db5723
insert into review (content, spot_id, review_id) values (?, ?, ?)
insert into review (content, spot_id, review_id) values ('java.io.StringReader@2fbd6df8', 69, 50);
2022-10-10 14:33:46.844  INFO 4460 --- [    Test worker] p6spy                                    : #1665380026844 | took 0ms | statement | connection 18| url jdbc:h2:mem:ad3a9e80-f26d-4a3e-9691-17f803db5723
insert into favorite_spot (count, favorite_id, spot_id, favorite_spot_id) values (?, ?, ?, ?)
insert into favorite_spot (count, favorite_id, spot_id, favorite_spot_id) values (0, 28, 114, 116);
2022-10-10 14:33:46.845  INFO 4460 --- [    Test worker] p6spy                                    : #1665380026845 | took 0ms | statement | connection 18| url jdbc:h2:mem:ad3a9e80-f26d-4a3e-9691-17f803db5723
insert into score (facility_rank, facility_score, price_rank, price_score, rank_average, surround_rank, surround_score, view_rank, view_score, score_id) values (?, ?, ?, ?, ?, ?, ?, ?, ?, ?)
insert into score (facility_rank, facility_score, price_rank, price_score, rank_average, surround_rank, surround_score, view_rank, view_score, score_id) values (2.2950720434203253, 490.0, 7.645241432729778, 480.0, 6.774206403790661, 7.192004222638694, 500.0, 4.5191918298166875, 470.0, 49);
2022-10-10 14:33:46.845  INFO 4460 --- [    Test worker] p6spy                                    : #1665380026845 | took 0ms | statement | connection 18| url jdbc:h2:mem:ad3a9e80-f26d-4a3e-9691-17f803db5723
insert into picture (spot_id, url, picture_id) values (?, ?, ?)
insert into picture (spot_id, url, picture_id) values (NULL, 'java.io.StringReader@168740db', 249);
2022-10-10 14:33:46.845  INFO 4460 --- [    Test worker] p6spy                                    : #1665380026845 | took 0ms | statement | connection 18| url jdbc:h2:mem:ad3a9e80-f26d-4a3e-9691-17f803db5723
insert into picture (spot_id, url, picture_id) values (?, ?, ?)
insert into picture (spot_id, url, picture_id) values (NULL, 'java.io.StringReader@3db32d5', 250);
2022-10-10 14:33:46.845  INFO 4460 --- [    Test worker] p6spy                                    : #1665380026845 | took 0ms | statement | connection 18| url jdbc:h2:mem:ad3a9e80-f26d-4a3e-9691-17f803db5723
insert into picture (spot_id, url, picture_id) values (?, ?, ?)
insert into picture (spot_id, url, picture_id) values (NULL, 'java.io.StringReader@b7a74ac', 251);
2022-10-10 14:33:46.845  INFO 4460 --- [    Test worker] p6spy                                    : #1665380026845 | took 0ms | statement | connection 18| url jdbc:h2:mem:ad3a9e80-f26d-4a3e-9691-17f803db5723
insert into spot (address, description, location, name, score_id, spot_id) values (?, ?, ?, ?, ?, ?)
insert into spot (address, description, location, name, score_id, spot_id) values (NULL, NULL, 'Aewol_eup', NULL, 49, 115);
2022-10-10 14:33:46.845  INFO 4460 --- [    Test worker] p6spy                                    : #1665380026845 | took 0ms | statement | connection 18| url jdbc:h2:mem:ad3a9e80-f26d-4a3e-9691-17f803db5723
insert into member_spot (member_id, score, spot_id, member_spot_id) values (?, ?, ?, ?)
insert into member_spot (member_id, score, spot_id, member_spot_id) values (9, 0.0, 115, 252);
2022-10-10 14:33:46.845  INFO 4460 --- [    Test worker] p6spy                                    : #1665380026845 | took 0ms | statement | connection 18| url jdbc:h2:mem:ad3a9e80-f26d-4a3e-9691-17f803db5723
insert into review (content, spot_id, review_id) values (?, ?, ?)
insert into review (content, spot_id, review_id) values ('java.io.StringReader@fd6784a', 69, 51);
2022-10-10 14:33:46.845  INFO 4460 --- [    Test worker] p6spy                                    : #1665380026845 | took 0ms | statement | connection 18| url jdbc:h2:mem:ad3a9e80-f26d-4a3e-9691-17f803db5723
insert into favorite_spot (count, favorite_id, spot_id, favorite_spot_id) values (?, ?, ?, ?)
insert into favorite_spot (count, favorite_id, spot_id, favorite_spot_id) values (0, 28, 115, 117);
2022-10-10 14:33:46.846  INFO 4460 --- [    Test worker] p6spy                                    : #1665380026846 | took 0ms | statement | connection 18| url jdbc:h2:mem:ad3a9e80-f26d-4a3e-9691-17f803db5723
insert into score (facility_rank, facility_score, price_rank, price_score, rank_average, surround_rank, surround_score, view_rank, view_score, score_id) values (?, ?, ?, ?, ?, ?, ?, ?, ?, ?)
insert into score (facility_rank, facility_score, price_rank, price_score, rank_average, surround_rank, surround_score, view_rank, view_score, score_id) values (8.549148392619973, 500.0, 3.4914337273655693, 490.0, 9.205454373356229, 7.9694726886083425, 510.0, 4.095052541583726, 480.0, 50);
2022-10-10 14:33:46.846  INFO 4460 --- [    Test worker] p6spy                                    : #1665380026846 | took 0ms | statement | connection 18| url jdbc:h2:mem:ad3a9e80-f26d-4a3e-9691-17f803db5723
insert into picture (spot_id, url, picture_id) values (?, ?, ?)
insert into picture (spot_id, url, picture_id) values (NULL, 'java.io.StringReader@2ef1b7f4', 253);
2022-10-10 14:33:46.846  INFO 4460 --- [    Test worker] p6spy                                    : #1665380026846 | took 0ms | statement | connection 18| url jdbc:h2:mem:ad3a9e80-f26d-4a3e-9691-17f803db5723
insert into picture (spot_id, url, picture_id) values (?, ?, ?)
insert into picture (spot_id, url, picture_id) values (NULL, 'java.io.StringReader@354880a9', 254);
2022-10-10 14:33:46.846  INFO 4460 --- [    Test worker] p6spy                                    : #1665380026846 | took 0ms | statement | connection 18| url jdbc:h2:mem:ad3a9e80-f26d-4a3e-9691-17f803db5723
insert into picture (spot_id, url, picture_id) values (?, ?, ?)
insert into picture (spot_id, url, picture_id) values (NULL, 'java.io.StringReader@d158cbe', 255);
2022-10-10 14:33:46.846  INFO 4460 --- [    Test worker] p6spy                                    : #1665380026846 | took 0ms | statement | connection 18| url jdbc:h2:mem:ad3a9e80-f26d-4a3e-9691-17f803db5723
insert into spot (address, description, location, name, score_id, spot_id) values (?, ?, ?, ?, ?, ?)
insert into spot (address, description, location, name, score_id, spot_id) values (NULL, NULL, 'Aewol_eup', NULL, 50, 116);
2022-10-10 14:33:46.846  INFO 4460 --- [    Test worker] p6spy                                    : #1665380026846 | took 0ms | statement | connection 18| url jdbc:h2:mem:ad3a9e80-f26d-4a3e-9691-17f803db5723
insert into member_spot (member_id, score, spot_id, member_spot_id) values (?, ?, ?, ?)
insert into member_spot (member_id, score, spot_id, member_spot_id) values (9, 0.0, 116, 256);
2022-10-10 14:33:46.846  INFO 4460 --- [    Test worker] p6spy                                    : #1665380026846 | took 0ms | statement | connection 18| url jdbc:h2:mem:ad3a9e80-f26d-4a3e-9691-17f803db5723
insert into review (content, spot_id, review_id) values (?, ?, ?)
insert into review (content, spot_id, review_id) values ('java.io.StringReader@6c2dec7f', 69, 52);
2022-10-10 14:33:46.846  INFO 4460 --- [    Test worker] p6spy                                    : #1665380026846 | took 0ms | statement | connection 18| url jdbc:h2:mem:ad3a9e80-f26d-4a3e-9691-17f803db5723
insert into favorite_spot (count, favorite_id, spot_id, favorite_spot_id) values (?, ?, ?, ?)
insert into favorite_spot (count, favorite_id, spot_id, favorite_spot_id) values (0, 28, 116, 118);
2022-10-10 14:33:46.846  INFO 4460 --- [    Test worker] p6spy                                    : #1665380026846 | took 0ms | statement | connection 18| url jdbc:h2:mem:ad3a9e80-f26d-4a3e-9691-17f803db5723
insert into score (facility_rank, facility_score, price_rank, price_score, rank_average, surround_rank, surround_score, view_rank, view_score, score_id) values (?, ?, ?, ?, ?, ?, ?, ?, ?, ?)
insert into score (facility_rank, facility_score, price_rank, price_score, rank_average, surround_rank, surround_score, view_rank, view_score, score_id) values (3.1049946979021206, 510.0, 2.0281767134110873, 500.0, 5.989086368829034, 2.721931396797358, 520.0, 4.819779787343542, 490.0, 51);
2022-10-10 14:33:46.846  INFO 4460 --- [    Test worker] p6spy                                    : #1665380026846 | took 0ms | statement | connection 18| url jdbc:h2:mem:ad3a9e80-f26d-4a3e-9691-17f803db5723
insert into picture (spot_id, url, picture_id) values (?, ?, ?)
insert into picture (spot_id, url, picture_id) values (NULL, 'java.io.StringReader@2e06a7e4', 257);
2022-10-10 14:33:46.846  INFO 4460 --- [    Test worker] p6spy                                    : #1665380026846 | took 0ms | statement | connection 18| url jdbc:h2:mem:ad3a9e80-f26d-4a3e-9691-17f803db5723
insert into picture (spot_id, url, picture_id) values (?, ?, ?)
insert into picture (spot_id, url, picture_id) values (NULL, 'java.io.StringReader@5db05003', 258);
2022-10-10 14:33:46.846  INFO 4460 --- [    Test worker] p6spy                                    : #1665380026846 | took 0ms | statement | connection 18| url jdbc:h2:mem:ad3a9e80-f26d-4a3e-9691-17f803db5723
insert into picture (spot_id, url, picture_id) values (?, ?, ?)
insert into picture (spot_id, url, picture_id) values (NULL, 'java.io.StringReader@7db99d41', 259);
2022-10-10 14:33:46.846  INFO 4460 --- [    Test worker] p6spy                                    : #1665380026846 | took 0ms | statement | connection 18| url jdbc:h2:mem:ad3a9e80-f26d-4a3e-9691-17f803db5723
insert into spot (address, description, location, name, score_id, spot_id) values (?, ?, ?, ?, ?, ?)
insert into spot (address, description, location, name, score_id, spot_id) values (NULL, NULL, 'Aewol_eup', NULL, 51, 117);
2022-10-10 14:33:46.847  INFO 4460 --- [    Test worker] p6spy                                    : #1665380026847 | took 0ms | statement | connection 18| url jdbc:h2:mem:ad3a9e80-f26d-4a3e-9691-17f803db5723
insert into member_spot (member_id, score, spot_id, member_spot_id) values (?, ?, ?, ?)
insert into member_spot (member_id, score, spot_id, member_spot_id) values (9, 0.0, 117, 260);
2022-10-10 14:33:46.847  INFO 4460 --- [    Test worker] p6spy                                    : #1665380026847 | took 0ms | statement | connection 18| url jdbc:h2:mem:ad3a9e80-f26d-4a3e-9691-17f803db5723
insert into review (content, spot_id, review_id) values (?, ?, ?)
insert into review (content, spot_id, review_id) values ('java.io.StringReader@3e71b1a4', 69, 53);
2022-10-10 14:33:46.847  INFO 4460 --- [    Test worker] p6spy                                    : #1665380026847 | took 0ms | statement | connection 18| url jdbc:h2:mem:ad3a9e80-f26d-4a3e-9691-17f803db5723
insert into favorite_spot (count, favorite_id, spot_id, favorite_spot_id) values (?, ?, ?, ?)
insert into favorite_spot (count, favorite_id, spot_id, favorite_spot_id) values (0, 28, 117, 119);
2022-10-10 14:33:46.847  INFO 4460 --- [    Test worker] p6spy                                    : #1665380026847 | took 0ms | statement | connection 18| url jdbc:h2:mem:ad3a9e80-f26d-4a3e-9691-17f803db5723
insert into score (facility_rank, facility_score, price_rank, price_score, rank_average, surround_rank, surround_score, view_rank, view_score, score_id) values (?, ?, ?, ?, ?, ?, ?, ?, ?, ?)
insert into score (facility_rank, facility_score, price_rank, price_score, rank_average, surround_rank, surround_score, view_rank, view_score, score_id) values (7.085240364935621, 520.0, 6.856745852060913, 510.0, 2.3120222811348725, 6.9359328383346135, 530.0, 4.661549726500893, 500.0, 52);
2022-10-10 14:33:46.847  INFO 4460 --- [    Test worker] p6spy                                    : #1665380026847 | took 0ms | statement | connection 18| url jdbc:h2:mem:ad3a9e80-f26d-4a3e-9691-17f803db5723
insert into picture (spot_id, url, picture_id) values (?, ?, ?)
insert into picture (spot_id, url, picture_id) values (NULL, 'java.io.StringReader@7e3e1b7b', 261);
2022-10-10 14:33:46.847  INFO 4460 --- [    Test worker] p6spy                                    : #1665380026847 | took 0ms | statement | connection 18| url jdbc:h2:mem:ad3a9e80-f26d-4a3e-9691-17f803db5723
insert into picture (spot_id, url, picture_id) values (?, ?, ?)
insert into picture (spot_id, url, picture_id) values (NULL, 'java.io.StringReader@5fb99e3d', 262);
2022-10-10 14:33:46.847  INFO 4460 --- [    Test worker] p6spy                                    : #1665380026847 | took 0ms | statement | connection 18| url jdbc:h2:mem:ad3a9e80-f26d-4a3e-9691-17f803db5723
insert into picture (spot_id, url, picture_id) values (?, ?, ?)
insert into picture (spot_id, url, picture_id) values (NULL, 'java.io.StringReader@7d3987a6', 263);
2022-10-10 14:33:46.847  INFO 4460 --- [    Test worker] p6spy                                    : #1665380026847 | took 0ms | statement | connection 18| url jdbc:h2:mem:ad3a9e80-f26d-4a3e-9691-17f803db5723
insert into spot (address, description, location, name, score_id, spot_id) values (?, ?, ?, ?, ?, ?)
insert into spot (address, description, location, name, score_id, spot_id) values (NULL, NULL, 'Aewol_eup', NULL, 52, 118);
2022-10-10 14:33:46.847  INFO 4460 --- [    Test worker] p6spy                                    : #1665380026847 | took 0ms | statement | connection 18| url jdbc:h2:mem:ad3a9e80-f26d-4a3e-9691-17f803db5723
insert into member_spot (member_id, score, spot_id, member_spot_id) values (?, ?, ?, ?)
insert into member_spot (member_id, score, spot_id, member_spot_id) values (9, 0.0, 118, 264);
2022-10-10 14:33:46.847  INFO 4460 --- [    Test worker] p6spy                                    : #1665380026847 | took 0ms | statement | connection 18| url jdbc:h2:mem:ad3a9e80-f26d-4a3e-9691-17f803db5723
insert into review (content, spot_id, review_id) values (?, ?, ?)
insert into review (content, spot_id, review_id) values ('java.io.StringReader@fbafe38', 69, 54);
2022-10-10 14:33:46.847  INFO 4460 --- [    Test worker] p6spy                                    : #1665380026847 | took 0ms | statement | connection 18| url jdbc:h2:mem:ad3a9e80-f26d-4a3e-9691-17f803db5723
insert into favorite_spot (count, favorite_id, spot_id, favorite_spot_id) values (?, ?, ?, ?)
insert into favorite_spot (count, favorite_id, spot_id, favorite_spot_id) values (0, 28, 118, 120);
2022-10-10 14:33:46.847  INFO 4460 --- [    Test worker] p6spy                                    : #1665380026847 | took 0ms | statement | connection 18| url jdbc:h2:mem:ad3a9e80-f26d-4a3e-9691-17f803db5723
insert into score (facility_rank, facility_score, price_rank, price_score, rank_average, surround_rank, surround_score, view_rank, view_score, score_id) values (?, ?, ?, ?, ?, ?, ?, ?, ?, ?)
insert into score (facility_rank, facility_score, price_rank, price_score, rank_average, surround_rank, surround_score, view_rank, view_score, score_id) values (2.5447754832475313, 530.0, 7.627935454274802, 520.0, 8.8483107466129, 9.38107612105402, 540.0, 8.636039001345415, 510.0, 53);
2022-10-10 14:33:46.847  INFO 4460 --- [    Test worker] p6spy                                    : #1665380026847 | took 0ms | statement | connection 18| url jdbc:h2:mem:ad3a9e80-f26d-4a3e-9691-17f803db5723
insert into picture (spot_id, url, picture_id) values (?, ?, ?)
insert into picture (spot_id, url, picture_id) values (NULL, 'java.io.StringReader@64a27d27', 265);
2022-10-10 14:33:46.848  INFO 4460 --- [    Test worker] p6spy                                    : #1665380026848 | took 0ms | statement | connection 18| url jdbc:h2:mem:ad3a9e80-f26d-4a3e-9691-17f803db5723
insert into picture (spot_id, url, picture_id) values (?, ?, ?)
insert into picture (spot_id, url, picture_id) values (NULL, 'java.io.StringReader@adf9ab9', 266);
2022-10-10 14:33:46.848  INFO 4460 --- [    Test worker] p6spy                                    : #1665380026848 | took 0ms | statement | connection 18| url jdbc:h2:mem:ad3a9e80-f26d-4a3e-9691-17f803db5723
insert into picture (spot_id, url, picture_id) values (?, ?, ?)
insert into picture (spot_id, url, picture_id) values (NULL, 'java.io.StringReader@5a0ec54c', 267);
2022-10-10 14:33:46.848  INFO 4460 --- [    Test worker] p6spy                                    : #1665380026848 | took 0ms | statement | connection 18| url jdbc:h2:mem:ad3a9e80-f26d-4a3e-9691-17f803db5723
insert into spot (address, description, location, name, score_id, spot_id) values (?, ?, ?, ?, ?, ?)
insert into spot (address, description, location, name, score_id, spot_id) values (NULL, NULL, 'Andeok_myeon', NULL, 53, 119);
2022-10-10 14:33:46.848  INFO 4460 --- [    Test worker] p6spy                                    : #1665380026848 | took 0ms | statement | connection 18| url jdbc:h2:mem:ad3a9e80-f26d-4a3e-9691-17f803db5723
insert into member_spot (member_id, score, spot_id, member_spot_id) values (?, ?, ?, ?)
insert into member_spot (member_id, score, spot_id, member_spot_id) values (8, 0.0, 119, 268);
2022-10-10 14:33:46.848  INFO 4460 --- [    Test worker] p6spy                                    : #1665380026848 | took 0ms | statement | connection 18| url jdbc:h2:mem:ad3a9e80-f26d-4a3e-9691-17f803db5723
insert into review (content, spot_id, review_id) values (?, ?, ?)
insert into review (content, spot_id, review_id) values ('java.io.StringReader@53f40ead', 69, 55);
2022-10-10 14:33:46.848  INFO 4460 --- [    Test worker] p6spy                                    : #1665380026848 | took 0ms | statement | connection 18| url jdbc:h2:mem:ad3a9e80-f26d-4a3e-9691-17f803db5723
insert into favorite_spot (count, favorite_id, spot_id, favorite_spot_id) values (?, ?, ?, ?)
insert into favorite_spot (count, favorite_id, spot_id, favorite_spot_id) values (0, 28, 119, 121);
2022-10-10 14:33:46.848  INFO 4460 --- [    Test worker] p6spy                                    : #1665380026848 | took 0ms | statement | connection 18| url jdbc:h2:mem:ad3a9e80-f26d-4a3e-9691-17f803db5723
insert into score (facility_rank, facility_score, price_rank, price_score, rank_average, surround_rank, surround_score, view_rank, view_score, score_id) values (?, ?, ?, ?, ?, ?, ?, ?, ?, ?)
insert into score (facility_rank, facility_score, price_rank, price_score, rank_average, surround_rank, surround_score, view_rank, view_score, score_id) values (2.198099620274249, 540.0, 9.16536436893743, 530.0, 0.4907788845022154, 2.5554020847828065, 550.0, 0.8038476139326323, 520.0, 54);
2022-10-10 14:33:46.848  INFO 4460 --- [    Test worker] p6spy                                    : #1665380026848 | took 0ms | statement | connection 18| url jdbc:h2:mem:ad3a9e80-f26d-4a3e-9691-17f803db5723
insert into picture (spot_id, url, picture_id) values (?, ?, ?)
insert into picture (spot_id, url, picture_id) values (NULL, 'java.io.StringReader@946d4c1', 269);
2022-10-10 14:33:46.848  INFO 4460 --- [    Test worker] p6spy                                    : #1665380026848 | took 0ms | statement | connection 18| url jdbc:h2:mem:ad3a9e80-f26d-4a3e-9691-17f803db5723
insert into picture (spot_id, url, picture_id) values (?, ?, ?)
insert into picture (spot_id, url, picture_id) values (NULL, 'java.io.StringReader@95aa79c', 270);
2022-10-10 14:33:46.848  INFO 4460 --- [    Test worker] p6spy                                    : #1665380026848 | took 0ms | statement | connection 18| url jdbc:h2:mem:ad3a9e80-f26d-4a3e-9691-17f803db5723
insert into picture (spot_id, url, picture_id) values (?, ?, ?)
insert into picture (spot_id, url, picture_id) values (NULL, 'java.io.StringReader@5979d0a5', 271);
2022-10-10 14:33:46.848  INFO 4460 --- [    Test worker] p6spy                                    : #1665380026848 | took 0ms | statement | connection 18| url jdbc:h2:mem:ad3a9e80-f26d-4a3e-9691-17f803db5723
insert into spot (address, description, location, name, score_id, spot_id) values (?, ?, ?, ?, ?, ?)
insert into spot (address, description, location, name, score_id, spot_id) values (NULL, NULL, 'Andeok_myeon', NULL, 54, 120);
2022-10-10 14:33:46.848  INFO 4460 --- [    Test worker] p6spy                                    : #1665380026848 | took 0ms | statement | connection 18| url jdbc:h2:mem:ad3a9e80-f26d-4a3e-9691-17f803db5723
insert into member_spot (member_id, score, spot_id, member_spot_id) values (?, ?, ?, ?)
insert into member_spot (member_id, score, spot_id, member_spot_id) values (8, 0.0, 120, 272);
2022-10-10 14:33:46.848  INFO 4460 --- [    Test worker] p6spy                                    : #1665380026848 | took 0ms | statement | connection 18| url jdbc:h2:mem:ad3a9e80-f26d-4a3e-9691-17f803db5723
insert into review (content, spot_id, review_id) values (?, ?, ?)
insert into review (content, spot_id, review_id) values ('java.io.StringReader@7ae5231c', 69, 56);
2022-10-10 14:33:46.848  INFO 4460 --- [    Test worker] p6spy                                    : #1665380026848 | took 0ms | statement | connection 18| url jdbc:h2:mem:ad3a9e80-f26d-4a3e-9691-17f803db5723
insert into favorite_spot (count, favorite_id, spot_id, favorite_spot_id) values (?, ?, ?, ?)
insert into favorite_spot (count, favorite_id, spot_id, favorite_spot_id) values (0, 28, 120, 122);
2022-10-10 14:33:46.849  INFO 4460 --- [    Test worker] p6spy                                    : #1665380026849 | took 0ms | statement | connection 18| url jdbc:h2:mem:ad3a9e80-f26d-4a3e-9691-17f803db5723
insert into score (facility_rank, facility_score, price_rank, price_score, rank_average, surround_rank, surround_score, view_rank, view_score, score_id) values (?, ?, ?, ?, ?, ?, ?, ?, ?, ?)
insert into score (facility_rank, facility_score, price_rank, price_score, rank_average, surround_rank, surround_score, view_rank, view_score, score_id) values (4.147279760873025, 550.0, 8.534775280584226, 540.0, 2.040465361078364, 2.8950139225801843, 560.0, 3.1880190566368203, 530.0, 55);
2022-10-10 14:33:46.849  INFO 4460 --- [    Test worker] p6spy                                    : #1665380026849 | took 0ms | statement | connection 18| url jdbc:h2:mem:ad3a9e80-f26d-4a3e-9691-17f803db5723
insert into picture (spot_id, url, picture_id) values (?, ?, ?)
insert into picture (spot_id, url, picture_id) values (NULL, 'java.io.StringReader@73a706b1', 273);
2022-10-10 14:33:46.849  INFO 4460 --- [    Test worker] p6spy                                    : #1665380026849 | took 0ms | statement | connection 18| url jdbc:h2:mem:ad3a9e80-f26d-4a3e-9691-17f803db5723
insert into picture (spot_id, url, picture_id) values (?, ?, ?)
insert into picture (spot_id, url, picture_id) values (NULL, 'java.io.StringReader@5f4491b9', 274);
2022-10-10 14:33:46.849  INFO 4460 --- [    Test worker] p6spy                                    : #1665380026849 | took 0ms | statement | connection 18| url jdbc:h2:mem:ad3a9e80-f26d-4a3e-9691-17f803db5723
insert into picture (spot_id, url, picture_id) values (?, ?, ?)
insert into picture (spot_id, url, picture_id) values (NULL, 'java.io.StringReader@f6776e2', 275);
2022-10-10 14:33:46.849  INFO 4460 --- [    Test worker] p6spy                                    : #1665380026849 | took 0ms | statement | connection 18| url jdbc:h2:mem:ad3a9e80-f26d-4a3e-9691-17f803db5723
insert into spot (address, description, location, name, score_id, spot_id) values (?, ?, ?, ?, ?, ?)
insert into spot (address, description, location, name, score_id, spot_id) values (NULL, NULL, 'Andeok_myeon', NULL, 55, 121);
2022-10-10 14:33:46.849  INFO 4460 --- [    Test worker] p6spy                                    : #1665380026849 | took 0ms | statement | connection 18| url jdbc:h2:mem:ad3a9e80-f26d-4a3e-9691-17f803db5723
insert into member_spot (member_id, score, spot_id, member_spot_id) values (?, ?, ?, ?)
insert into member_spot (member_id, score, spot_id, member_spot_id) values (8, 0.0, 121, 276);
2022-10-10 14:33:46.849  INFO 4460 --- [    Test worker] p6spy                                    : #1665380026849 | took 0ms | statement | connection 18| url jdbc:h2:mem:ad3a9e80-f26d-4a3e-9691-17f803db5723
insert into review (content, spot_id, review_id) values (?, ?, ?)
insert into review (content, spot_id, review_id) values ('java.io.StringReader@2e15a0d7', 69, 57);
2022-10-10 14:33:46.849  INFO 4460 --- [    Test worker] p6spy                                    : #1665380026849 | took 0ms | statement | connection 18| url jdbc:h2:mem:ad3a9e80-f26d-4a3e-9691-17f803db5723
insert into favorite_spot (count, favorite_id, spot_id, favorite_spot_id) values (?, ?, ?, ?)
insert into favorite_spot (count, favorite_id, spot_id, favorite_spot_id) values (0, 28, 121, 123);
2022-10-10 14:33:46.849  INFO 4460 --- [    Test worker] p6spy                                    : #1665380026849 | took 0ms | statement | connection 18| url jdbc:h2:mem:ad3a9e80-f26d-4a3e-9691-17f803db5723
insert into score (facility_rank, facility_score, price_rank, price_score, rank_average, surround_rank, surround_score, view_rank, view_score, score_id) values (?, ?, ?, ?, ?, ?, ?, ?, ?, ?)
insert into score (facility_rank, facility_score, price_rank, price_score, rank_average, surround_rank, surround_score, view_rank, view_score, score_id) values (3.792156538385143, 560.0, 9.95356283861226, 550.0, 5.709532955881587, 2.703219563604189, 570.0, 4.745715962476505, 540.0, 56);
2022-10-10 14:33:46.849  INFO 4460 --- [    Test worker] p6spy                                    : #1665380026849 | took 0ms | statement | connection 18| url jdbc:h2:mem:ad3a9e80-f26d-4a3e-9691-17f803db5723
insert into picture (spot_id, url, picture_id) values (?, ?, ?)
insert into picture (spot_id, url, picture_id) values (NULL, 'java.io.StringReader@290ee844', 277);
2022-10-10 14:33:46.849  INFO 4460 --- [    Test worker] p6spy                                    : #1665380026849 | took 0ms | statement | connection 18| url jdbc:h2:mem:ad3a9e80-f26d-4a3e-9691-17f803db5723
insert into picture (spot_id, url, picture_id) values (?, ?, ?)
insert into picture (spot_id, url, picture_id) values (NULL, 'java.io.StringReader@28c4cce2', 278);
2022-10-10 14:33:46.849  INFO 4460 --- [    Test worker] p6spy                                    : #1665380026849 | took 0ms | statement | connection 18| url jdbc:h2:mem:ad3a9e80-f26d-4a3e-9691-17f803db5723
insert into picture (spot_id, url, picture_id) values (?, ?, ?)
insert into picture (spot_id, url, picture_id) values (NULL, 'java.io.StringReader@7aeb4c8a', 279);
2022-10-10 14:33:46.849  INFO 4460 --- [    Test worker] p6spy                                    : #1665380026849 | took 0ms | statement | connection 18| url jdbc:h2:mem:ad3a9e80-f26d-4a3e-9691-17f803db5723
insert into spot (address, description, location, name, score_id, spot_id) values (?, ?, ?, ?, ?, ?)
insert into spot (address, description, location, name, score_id, spot_id) values (NULL, NULL, 'Andeok_myeon', NULL, 56, 122);
2022-10-10 14:33:46.849  INFO 4460 --- [    Test worker] p6spy                                    : #1665380026849 | took 0ms | statement | connection 18| url jdbc:h2:mem:ad3a9e80-f26d-4a3e-9691-17f803db5723
insert into member_spot (member_id, score, spot_id, member_spot_id) values (?, ?, ?, ?)
insert into member_spot (member_id, score, spot_id, member_spot_id) values (8, 0.0, 122, 280);
2022-10-10 14:33:46.849  INFO 4460 --- [    Test worker] p6spy                                    : #1665380026849 | took 0ms | statement | connection 18| url jdbc:h2:mem:ad3a9e80-f26d-4a3e-9691-17f803db5723
insert into review (content, spot_id, review_id) values (?, ?, ?)
insert into review (content, spot_id, review_id) values ('java.io.StringReader@790431bf', 69, 58);
2022-10-10 14:33:46.849  INFO 4460 --- [    Test worker] p6spy                                    : #1665380026849 | took 0ms | statement | connection 18| url jdbc:h2:mem:ad3a9e80-f26d-4a3e-9691-17f803db5723
insert into favorite_spot (count, favorite_id, spot_id, favorite_spot_id) values (?, ?, ?, ?)
insert into favorite_spot (count, favorite_id, spot_id, favorite_spot_id) values (0, 28, 122, 124);
2022-10-10 14:33:46.850  INFO 4460 --- [    Test worker] p6spy                                    : #1665380026850 | took 0ms | statement | connection 18| url jdbc:h2:mem:ad3a9e80-f26d-4a3e-9691-17f803db5723
insert into score (facility_rank, facility_score, price_rank, price_score, rank_average, surround_rank, surround_score, view_rank, view_score, score_id) values (?, ?, ?, ?, ?, ?, ?, ?, ?, ?)
insert into score (facility_rank, facility_score, price_rank, price_score, rank_average, surround_rank, surround_score, view_rank, view_score, score_id) values (9.772786390663718, 570.0, 5.284576926704805, 560.0, 3.528754742207859, 0.11410814159514282, 580.0, 6.704681631142679, 550.0, 57);
2022-10-10 14:33:46.850  INFO 4460 --- [    Test worker] p6spy                                    : #1665380026850 | took 0ms | statement | connection 18| url jdbc:h2:mem:ad3a9e80-f26d-4a3e-9691-17f803db5723
insert into picture (spot_id, url, picture_id) values (?, ?, ?)
insert into picture (spot_id, url, picture_id) values (NULL, 'java.io.StringReader@50c5e3ce', 281);
2022-10-10 14:33:46.850  INFO 4460 --- [    Test worker] p6spy                                    : #1665380026850 | took 0ms | statement | connection 18| url jdbc:h2:mem:ad3a9e80-f26d-4a3e-9691-17f803db5723
insert into picture (spot_id, url, picture_id) values (?, ?, ?)
insert into picture (spot_id, url, picture_id) values (NULL, 'java.io.StringReader@29932728', 282);
2022-10-10 14:33:46.850  INFO 4460 --- [    Test worker] p6spy                                    : #1665380026850 | took 0ms | statement | connection 18| url jdbc:h2:mem:ad3a9e80-f26d-4a3e-9691-17f803db5723
insert into picture (spot_id, url, picture_id) values (?, ?, ?)
insert into picture (spot_id, url, picture_id) values (NULL, 'java.io.StringReader@7f070f66', 283);
2022-10-10 14:33:46.850  INFO 4460 --- [    Test worker] p6spy                                    : #1665380026850 | took 0ms | statement | connection 18| url jdbc:h2:mem:ad3a9e80-f26d-4a3e-9691-17f803db5723
insert into spot (address, description, location, name, score_id, spot_id) values (?, ?, ?, ?, ?, ?)
insert into spot (address, description, location, name, score_id, spot_id) values (NULL, NULL, 'Andeok_myeon', NULL, 57, 123);
2022-10-10 14:33:46.850  INFO 4460 --- [    Test worker] p6spy                                    : #1665380026850 | took 0ms | statement | connection 18| url jdbc:h2:mem:ad3a9e80-f26d-4a3e-9691-17f803db5723
insert into member_spot (member_id, score, spot_id, member_spot_id) values (?, ?, ?, ?)
insert into member_spot (member_id, score, spot_id, member_spot_id) values (8, 0.0, 123, 284);
2022-10-10 14:33:46.850  INFO 4460 --- [    Test worker] p6spy                                    : #1665380026850 | took 0ms | statement | connection 18| url jdbc:h2:mem:ad3a9e80-f26d-4a3e-9691-17f803db5723
insert into review (content, spot_id, review_id) values (?, ?, ?)
insert into review (content, spot_id, review_id) values ('java.io.StringReader@5593dd2b', 69, 59);
2022-10-10 14:33:46.850  INFO 4460 --- [    Test worker] p6spy                                    : #1665380026850 | took 0ms | statement | connection 18| url jdbc:h2:mem:ad3a9e80-f26d-4a3e-9691-17f803db5723
insert into favorite_spot (count, favorite_id, spot_id, favorite_spot_id) values (?, ?, ?, ?)
insert into favorite_spot (count, favorite_id, spot_id, favorite_spot_id) values (0, 28, 123, 125);
2022-10-10 14:33:46.850  INFO 4460 --- [    Test worker] p6spy                                    : #1665380026850 | took 0ms | statement | connection 18| url jdbc:h2:mem:ad3a9e80-f26d-4a3e-9691-17f803db5723
insert into score (facility_rank, facility_score, price_rank, price_score, rank_average, surround_rank, surround_score, view_rank, view_score, score_id) values (?, ?, ?, ?, ?, ?, ?, ?, ?, ?)
insert into score (facility_rank, facility_score, price_rank, price_score, rank_average, surround_rank, surround_score, view_rank, view_score, score_id) values (4.354207956335397, 580.0, 6.8355709993831955, 570.0, 1.7944724505082776, 5.1557208704752755, 590.0, 6.476213733124991, 560.0, 58);
2022-10-10 14:33:46.850  INFO 4460 --- [    Test worker] p6spy                                    : #1665380026850 | took 0ms | statement | connection 18| url jdbc:h2:mem:ad3a9e80-f26d-4a3e-9691-17f803db5723
insert into picture (spot_id, url, picture_id) values (?, ?, ?)
insert into picture (spot_id, url, picture_id) values (NULL, 'java.io.StringReader@6764a6d4', 285);
2022-10-10 14:33:46.850  INFO 4460 --- [    Test worker] p6spy                                    : #1665380026850 | took 0ms | statement | connection 18| url jdbc:h2:mem:ad3a9e80-f26d-4a3e-9691-17f803db5723
insert into picture (spot_id, url, picture_id) values (?, ?, ?)
insert into picture (spot_id, url, picture_id) values (NULL, 'java.io.StringReader@36d56d5d', 286);
2022-10-10 14:33:46.850  INFO 4460 --- [    Test worker] p6spy                                    : #1665380026850 | took 0ms | statement | connection 18| url jdbc:h2:mem:ad3a9e80-f26d-4a3e-9691-17f803db5723
insert into picture (spot_id, url, picture_id) values (?, ?, ?)
insert into picture (spot_id, url, picture_id) values (NULL, 'java.io.StringReader@6b916473', 287);
2022-10-10 14:33:46.850  INFO 4460 --- [    Test worker] p6spy                                    : #1665380026850 | took 0ms | statement | connection 18| url jdbc:h2:mem:ad3a9e80-f26d-4a3e-9691-17f803db5723
insert into spot (address, description, location, name, score_id, spot_id) values (?, ?, ?, ?, ?, ?)
insert into spot (address, description, location, name, score_id, spot_id) values (NULL, NULL, 'Andeok_myeon', NULL, 58, 124);
2022-10-10 14:33:46.850  INFO 4460 --- [    Test worker] p6spy                                    : #1665380026850 | took 0ms | statement | connection 18| url jdbc:h2:mem:ad3a9e80-f26d-4a3e-9691-17f803db5723
insert into member_spot (member_id, score, spot_id, member_spot_id) values (?, ?, ?, ?)
insert into member_spot (member_id, score, spot_id, member_spot_id) values (8, 0.0, 124, 288);
2022-10-10 14:33:46.850  INFO 4460 --- [    Test worker] p6spy                                    : #1665380026850 | took 0ms | statement | connection 18| url jdbc:h2:mem:ad3a9e80-f26d-4a3e-9691-17f803db5723
insert into review (content, spot_id, review_id) values (?, ?, ?)
insert into review (content, spot_id, review_id) values ('java.io.StringReader@66d1cdea', 69, 60);
2022-10-10 14:33:46.850  INFO 4460 --- [    Test worker] p6spy                                    : #1665380026850 | took 0ms | statement | connection 18| url jdbc:h2:mem:ad3a9e80-f26d-4a3e-9691-17f803db5723
insert into favorite_spot (count, favorite_id, spot_id, favorite_spot_id) values (?, ?, ?, ?)
insert into favorite_spot (count, favorite_id, spot_id, favorite_spot_id) values (0, 28, 124, 126);
2022-10-10 14:33:46.850  INFO 4460 --- [    Test worker] p6spy                                    : #1665380026850 | took 0ms | statement | connection 18| url jdbc:h2:mem:ad3a9e80-f26d-4a3e-9691-17f803db5723
insert into score (facility_rank, facility_score, price_rank, price_score, rank_average, surround_rank, surround_score, view_rank, view_score, score_id) values (?, ?, ?, ?, ?, ?, ?, ?, ?, ?)
insert into score (facility_rank, facility_score, price_rank, price_score, rank_average, surround_rank, surround_score, view_rank, view_score, score_id) values (0.8501558043290458, 590.0, 3.2386834939135403, 580.0, 5.033366960625497, 5.738051387537663, 600.0, 2.8915971372687754, 570.0, 59);
2022-10-10 14:33:46.850  INFO 4460 --- [    Test worker] p6spy                                    : #1665380026850 | took 0ms | statement | connection 18| url jdbc:h2:mem:ad3a9e80-f26d-4a3e-9691-17f803db5723
insert into picture (spot_id, url, picture_id) values (?, ?, ?)
insert into picture (spot_id, url, picture_id) values (NULL, 'java.io.StringReader@726e3907', 289);
2022-10-10 14:33:46.850  INFO 4460 --- [    Test worker] p6spy                                    : #1665380026850 | took 0ms | statement | connection 18| url jdbc:h2:mem:ad3a9e80-f26d-4a3e-9691-17f803db5723
insert into picture (spot_id, url, picture_id) values (?, ?, ?)
insert into picture (spot_id, url, picture_id) values (NULL, 'java.io.StringReader@46d7c4d0', 290);
2022-10-10 14:33:46.851  INFO 4460 --- [    Test worker] p6spy                                    : #1665380026851 | took 0ms | statement | connection 18| url jdbc:h2:mem:ad3a9e80-f26d-4a3e-9691-17f803db5723
insert into picture (spot_id, url, picture_id) values (?, ?, ?)
insert into picture (spot_id, url, picture_id) values (NULL, 'java.io.StringReader@3b900a81', 291);
2022-10-10 14:33:46.851  INFO 4460 --- [    Test worker] p6spy                                    : #1665380026851 | took 0ms | statement | connection 18| url jdbc:h2:mem:ad3a9e80-f26d-4a3e-9691-17f803db5723
insert into spot (address, description, location, name, score_id, spot_id) values (?, ?, ?, ?, ?, ?)
insert into spot (address, description, location, name, score_id, spot_id) values (NULL, NULL, 'Andeok_myeon', NULL, 59, 125);
2022-10-10 14:33:46.851  INFO 4460 --- [    Test worker] p6spy                                    : #1665380026851 | took 0ms | statement | connection 18| url jdbc:h2:mem:ad3a9e80-f26d-4a3e-9691-17f803db5723
insert into member_spot (member_id, score, spot_id, member_spot_id) values (?, ?, ?, ?)
insert into member_spot (member_id, score, spot_id, member_spot_id) values (8, 0.0, 125, 292);
2022-10-10 14:33:46.851  INFO 4460 --- [    Test worker] p6spy                                    : #1665380026851 | took 0ms | statement | connection 18| url jdbc:h2:mem:ad3a9e80-f26d-4a3e-9691-17f803db5723
insert into review (content, spot_id, review_id) values (?, ?, ?)
insert into review (content, spot_id, review_id) values ('java.io.StringReader@214d2aa6', 69, 61);
2022-10-10 14:33:46.851  INFO 4460 --- [    Test worker] p6spy                                    : #1665380026851 | took 0ms | statement | connection 18| url jdbc:h2:mem:ad3a9e80-f26d-4a3e-9691-17f803db5723
insert into favorite_spot (count, favorite_id, spot_id, favorite_spot_id) values (?, ?, ?, ?)
insert into favorite_spot (count, favorite_id, spot_id, favorite_spot_id) values (0, 28, 125, 127);
2022-10-10 14:33:46.851  INFO 4460 --- [    Test worker] p6spy                                    : #1665380026851 | took 0ms | statement | connection 18| url jdbc:h2:mem:ad3a9e80-f26d-4a3e-9691-17f803db5723
insert into score (facility_rank, facility_score, price_rank, price_score, rank_average, surround_rank, surround_score, view_rank, view_score, score_id) values (?, ?, ?, ?, ?, ?, ?, ?, ?, ?)
insert into score (facility_rank, facility_score, price_rank, price_score, rank_average, surround_rank, surround_score, view_rank, view_score, score_id) values (4.013619000573807, 600.0, 5.6458708260903725, 590.0, 2.2948249797955977, 9.835868460264326, 610.0, 6.332125820788589, 580.0, 60);
2022-10-10 14:33:46.851  INFO 4460 --- [    Test worker] p6spy                                    : #1665380026851 | took 0ms | statement | connection 18| url jdbc:h2:mem:ad3a9e80-f26d-4a3e-9691-17f803db5723
insert into picture (spot_id, url, picture_id) values (?, ?, ?)
insert into picture (spot_id, url, picture_id) values (NULL, 'java.io.StringReader@5fab1ec6', 293);
2022-10-10 14:33:46.851  INFO 4460 --- [    Test worker] p6spy                                    : #1665380026851 | took 0ms | statement | connection 18| url jdbc:h2:mem:ad3a9e80-f26d-4a3e-9691-17f803db5723
insert into picture (spot_id, url, picture_id) values (?, ?, ?)
insert into picture (spot_id, url, picture_id) values (NULL, 'java.io.StringReader@229cf4e7', 294);
2022-10-10 14:33:46.851  INFO 4460 --- [    Test worker] p6spy                                    : #1665380026851 | took 0ms | statement | connection 18| url jdbc:h2:mem:ad3a9e80-f26d-4a3e-9691-17f803db5723
insert into picture (spot_id, url, picture_id) values (?, ?, ?)
insert into picture (spot_id, url, picture_id) values (NULL, 'java.io.StringReader@4faf32a7', 295);
2022-10-10 14:33:46.851  INFO 4460 --- [    Test worker] p6spy                                    : #1665380026851 | took 0ms | statement | connection 18| url jdbc:h2:mem:ad3a9e80-f26d-4a3e-9691-17f803db5723
insert into spot (address, description, location, name, score_id, spot_id) values (?, ?, ?, ?, ?, ?)
insert into spot (address, description, location, name, score_id, spot_id) values (NULL, NULL, 'Andeok_myeon', NULL, 60, 126);
2022-10-10 14:33:46.851  INFO 4460 --- [    Test worker] p6spy                                    : #1665380026851 | took 0ms | statement | connection 18| url jdbc:h2:mem:ad3a9e80-f26d-4a3e-9691-17f803db5723
insert into member_spot (member_id, score, spot_id, member_spot_id) values (?, ?, ?, ?)
insert into member_spot (member_id, score, spot_id, member_spot_id) values (8, 0.0, 126, 296);
2022-10-10 14:33:46.851  INFO 4460 --- [    Test worker] p6spy                                    : #1665380026851 | took 0ms | statement | connection 18| url jdbc:h2:mem:ad3a9e80-f26d-4a3e-9691-17f803db5723
insert into review (content, spot_id, review_id) values (?, ?, ?)
insert into review (content, spot_id, review_id) values ('java.io.StringReader@5ecc530', 69, 62);
2022-10-10 14:33:46.851  INFO 4460 --- [    Test worker] p6spy                                    : #1665380026851 | took 0ms | statement | connection 18| url jdbc:h2:mem:ad3a9e80-f26d-4a3e-9691-17f803db5723
insert into favorite_spot (count, favorite_id, spot_id, favorite_spot_id) values (?, ?, ?, ?)
insert into favorite_spot (count, favorite_id, spot_id, favorite_spot_id) values (0, 28, 126, 128);
2022-10-10 14:33:46.851  INFO 4460 --- [    Test worker] p6spy                                    : #1665380026851 | took 0ms | statement | connection 18| url jdbc:h2:mem:ad3a9e80-f26d-4a3e-9691-17f803db5723
insert into score (facility_rank, facility_score, price_rank, price_score, rank_average, surround_rank, surround_score, view_rank, view_score, score_id) values (?, ?, ?, ?, ?, ?, ?, ?, ?, ?)
insert into score (facility_rank, facility_score, price_rank, price_score, rank_average, surround_rank, surround_score, view_rank, view_score, score_id) values (2.0167677820971406, 610.0, 2.9361815071990915, 600.0, 3.9610187866810262, 8.780747308566818, 620.0, 7.70336491102233, 590.0, 61);
2022-10-10 14:33:46.851  INFO 4460 --- [    Test worker] p6spy                                    : #1665380026851 | took 0ms | statement | connection 18| url jdbc:h2:mem:ad3a9e80-f26d-4a3e-9691-17f803db5723
insert into picture (spot_id, url, picture_id) values (?, ?, ?)
insert into picture (spot_id, url, picture_id) values (NULL, 'java.io.StringReader@4d7687f9', 297);
2022-10-10 14:33:46.851  INFO 4460 --- [    Test worker] p6spy                                    : #1665380026851 | took 0ms | statement | connection 18| url jdbc:h2:mem:ad3a9e80-f26d-4a3e-9691-17f803db5723
insert into picture (spot_id, url, picture_id) values (?, ?, ?)
insert into picture (spot_id, url, picture_id) values (NULL, 'java.io.StringReader@cae60f1', 298);
2022-10-10 14:33:46.851  INFO 4460 --- [    Test worker] p6spy                                    : #1665380026851 | took 0ms | statement | connection 18| url jdbc:h2:mem:ad3a9e80-f26d-4a3e-9691-17f803db5723
insert into picture (spot_id, url, picture_id) values (?, ?, ?)
insert into picture (spot_id, url, picture_id) values (NULL, 'java.io.StringReader@361a1ec3', 299);
2022-10-10 14:33:46.851  INFO 4460 --- [    Test worker] p6spy                                    : #1665380026851 | took 0ms | statement | connection 18| url jdbc:h2:mem:ad3a9e80-f26d-4a3e-9691-17f803db5723
insert into spot (address, description, location, name, score_id, spot_id) values (?, ?, ?, ?, ?, ?)
insert into spot (address, description, location, name, score_id, spot_id) values (NULL, NULL, 'Andeok_myeon', NULL, 61, 127);
2022-10-10 14:33:46.852  INFO 4460 --- [    Test worker] p6spy                                    : #1665380026852 | took 0ms | statement | connection 18| url jdbc:h2:mem:ad3a9e80-f26d-4a3e-9691-17f803db5723
insert into member_spot (member_id, score, spot_id, member_spot_id) values (?, ?, ?, ?)
insert into member_spot (member_id, score, spot_id, member_spot_id) values (8, 0.0, 127, 300);
2022-10-10 14:33:46.852  INFO 4460 --- [    Test worker] p6spy                                    : #1665380026852 | took 0ms | statement | connection 18| url jdbc:h2:mem:ad3a9e80-f26d-4a3e-9691-17f803db5723
insert into review (content, spot_id, review_id) values (?, ?, ?)
insert into review (content, spot_id, review_id) values ('java.io.StringReader@690506b0', 69, 63);
2022-10-10 14:33:46.852  INFO 4460 --- [    Test worker] p6spy                                    : #1665380026852 | took 0ms | statement | connection 18| url jdbc:h2:mem:ad3a9e80-f26d-4a3e-9691-17f803db5723
insert into favorite_spot (count, favorite_id, spot_id, favorite_spot_id) values (?, ?, ?, ?)
insert into favorite_spot (count, favorite_id, spot_id, favorite_spot_id) values (0, 28, 127, 129);
2022-10-10 14:33:46.852  INFO 4460 --- [    Test worker] p6spy                                    : #1665380026852 | took 0ms | statement | connection 18| url jdbc:h2:mem:ad3a9e80-f26d-4a3e-9691-17f803db5723
insert into score (facility_rank, facility_score, price_rank, price_score, rank_average, surround_rank, surround_score, view_rank, view_score, score_id) values (?, ?, ?, ?, ?, ?, ?, ?, ?, ?)
insert into score (facility_rank, facility_score, price_rank, price_score, rank_average, surround_rank, surround_score, view_rank, view_score, score_id) values (2.5969852966405496, 620.0, 9.01295835652494, 610.0, 4.767165856857983, 8.256902666573097, 630.0, 5.524414866659758, 600.0, 62);
2022-10-10 14:33:46.852  INFO 4460 --- [    Test worker] p6spy                                    : #1665380026852 | took 0ms | statement | connection 18| url jdbc:h2:mem:ad3a9e80-f26d-4a3e-9691-17f803db5723
insert into picture (spot_id, url, picture_id) values (?, ?, ?)
insert into picture (spot_id, url, picture_id) values (NULL, 'java.io.StringReader@6aa34b05', 301);
2022-10-10 14:33:46.852  INFO 4460 --- [    Test worker] p6spy                                    : #1665380026852 | took 0ms | statement | connection 18| url jdbc:h2:mem:ad3a9e80-f26d-4a3e-9691-17f803db5723
insert into picture (spot_id, url, picture_id) values (?, ?, ?)
insert into picture (spot_id, url, picture_id) values (NULL, 'java.io.StringReader@6ad019e7', 302);
2022-10-10 14:33:46.852  INFO 4460 --- [    Test worker] p6spy                                    : #1665380026852 | took 0ms | statement | connection 18| url jdbc:h2:mem:ad3a9e80-f26d-4a3e-9691-17f803db5723
insert into picture (spot_id, url, picture_id) values (?, ?, ?)
insert into picture (spot_id, url, picture_id) values (NULL, 'java.io.StringReader@791bdaff', 303);
2022-10-10 14:33:46.852  INFO 4460 --- [    Test worker] p6spy                                    : #1665380026852 | took 0ms | statement | connection 18| url jdbc:h2:mem:ad3a9e80-f26d-4a3e-9691-17f803db5723
insert into spot (address, description, location, name, score_id, spot_id) values (?, ?, ?, ?, ?, ?)
insert into spot (address, description, location, name, score_id, spot_id) values (NULL, NULL, 'Andeok_myeon', NULL, 62, 128);
2022-10-10 14:33:46.852  INFO 4460 --- [    Test worker] p6spy                                    : #1665380026852 | took 0ms | statement | connection 18| url jdbc:h2:mem:ad3a9e80-f26d-4a3e-9691-17f803db5723
insert into member_spot (member_id, score, spot_id, member_spot_id) values (?, ?, ?, ?)
insert into member_spot (member_id, score, spot_id, member_spot_id) values (8, 0.0, 128, 304);
2022-10-10 14:33:46.852  INFO 4460 --- [    Test worker] p6spy                                    : #1665380026852 | took 0ms | statement | connection 18| url jdbc:h2:mem:ad3a9e80-f26d-4a3e-9691-17f803db5723
insert into review (content, spot_id, review_id) values (?, ?, ?)
insert into review (content, spot_id, review_id) values ('java.io.StringReader@5bd8b901', 69, 64);
2022-10-10 14:33:46.852  INFO 4460 --- [    Test worker] p6spy                                    : #1665380026852 | took 0ms | statement | connection 18| url jdbc:h2:mem:ad3a9e80-f26d-4a3e-9691-17f803db5723
insert into favorite_spot (count, favorite_id, spot_id, favorite_spot_id) values (?, ?, ?, ?)
insert into favorite_spot (count, favorite_id, spot_id, favorite_spot_id) values (0, 28, 128, 130);
2022-10-10 14:33:46.852  INFO 4460 --- [    Test worker] p6spy                                    : #1665380026852 | took 0ms | statement | connection 18| url jdbc:h2:mem:ad3a9e80-f26d-4a3e-9691-17f803db5723
insert into score (facility_rank, facility_score, price_rank, price_score, rank_average, surround_rank, surround_score, view_rank, view_score, score_id) values (?, ?, ?, ?, ?, ?, ?, ?, ?, ?)
insert into score (facility_rank, facility_score, price_rank, price_score, rank_average, surround_rank, surround_score, view_rank, view_score, score_id) values (0.1997617187821632, 630.0, 7.759364462059875, 620.0, 9.841914069216433, 4.535931160604786, 640.0, 6.456784664679819, 610.0, 63);
2022-10-10 14:33:46.852  INFO 4460 --- [    Test worker] p6spy                                    : #1665380026852 | took 0ms | statement | connection 18| url jdbc:h2:mem:ad3a9e80-f26d-4a3e-9691-17f803db5723
insert into picture (spot_id, url, picture_id) values (?, ?, ?)
insert into picture (spot_id, url, picture_id) values (NULL, 'java.io.StringReader@12a16e42', 305);
2022-10-10 14:33:46.852  INFO 4460 --- [    Test worker] p6spy                                    : #1665380026852 | took 0ms | statement | connection 18| url jdbc:h2:mem:ad3a9e80-f26d-4a3e-9691-17f803db5723
insert into picture (spot_id, url, picture_id) values (?, ?, ?)
insert into picture (spot_id, url, picture_id) values (NULL, 'java.io.StringReader@447bf09d', 306);
2022-10-10 14:33:46.852  INFO 4460 --- [    Test worker] p6spy                                    : #1665380026852 | took 0ms | statement | connection 18| url jdbc:h2:mem:ad3a9e80-f26d-4a3e-9691-17f803db5723
insert into picture (spot_id, url, picture_id) values (?, ?, ?)
insert into picture (spot_id, url, picture_id) values (NULL, 'java.io.StringReader@619b2232', 307);
2022-10-10 14:33:46.852  INFO 4460 --- [    Test worker] p6spy                                    : #1665380026852 | took 0ms | statement | connection 18| url jdbc:h2:mem:ad3a9e80-f26d-4a3e-9691-17f803db5723
insert into spot (address, description, location, name, score_id, spot_id) values (?, ?, ?, ?, ?, ?)
insert into spot (address, description, location, name, score_id, spot_id) values (NULL, NULL, 'Andeok_myeon', NULL, 63, 129);
2022-10-10 14:33:46.852  INFO 4460 --- [    Test worker] p6spy                                    : #1665380026852 | took 0ms | statement | connection 18| url jdbc:h2:mem:ad3a9e80-f26d-4a3e-9691-17f803db5723
insert into member_spot (member_id, score, spot_id, member_spot_id) values (?, ?, ?, ?)
insert into member_spot (member_id, score, spot_id, member_spot_id) values (8, 0.0, 129, 308);
2022-10-10 14:33:46.852  INFO 4460 --- [    Test worker] p6spy                                    : #1665380026852 | took 0ms | statement | connection 18| url jdbc:h2:mem:ad3a9e80-f26d-4a3e-9691-17f803db5723
insert into review (content, spot_id, review_id) values (?, ?, ?)
insert into review (content, spot_id, review_id) values ('java.io.StringReader@4668f98c', 69, 65);
2022-10-10 14:33:46.852  INFO 4460 --- [    Test worker] p6spy                                    : #1665380026852 | took 0ms | statement | connection 18| url jdbc:h2:mem:ad3a9e80-f26d-4a3e-9691-17f803db5723
insert into favorite_spot (count, favorite_id, spot_id, favorite_spot_id) values (?, ?, ?, ?)
insert into favorite_spot (count, favorite_id, spot_id, favorite_spot_id) values (0, 28, 129, 131);
2022-10-10 14:33:46.852  INFO 4460 --- [    Test worker] p6spy                                    : #1665380026852 | took 0ms | statement | connection 18| url jdbc:h2:mem:ad3a9e80-f26d-4a3e-9691-17f803db5723
insert into score (facility_rank, facility_score, price_rank, price_score, rank_average, surround_rank, surround_score, view_rank, view_score, score_id) values (?, ?, ?, ?, ?, ?, ?, ?, ?, ?)
insert into score (facility_rank, facility_score, price_rank, price_score, rank_average, surround_rank, surround_score, view_rank, view_score, score_id) values (4.78938064860591, 640.0, 2.103336577543481, 630.0, 0.6494366939168839, 8.623733984206726, 650.0, 6.714058650322142, 620.0, 64);
2022-10-10 14:33:46.853  INFO 4460 --- [    Test worker] p6spy                                    : #1665380026853 | took 0ms | statement | connection 18| url jdbc:h2:mem:ad3a9e80-f26d-4a3e-9691-17f803db5723
insert into picture (spot_id, url, picture_id) values (?, ?, ?)
insert into picture (spot_id, url, picture_id) values (NULL, 'java.io.StringReader@75e032af', 309);
2022-10-10 14:33:46.853  INFO 4460 --- [    Test worker] p6spy                                    : #1665380026853 | took 0ms | statement | connection 18| url jdbc:h2:mem:ad3a9e80-f26d-4a3e-9691-17f803db5723
insert into picture (spot_id, url, picture_id) values (?, ?, ?)
insert into picture (spot_id, url, picture_id) values (NULL, 'java.io.StringReader@34195ce5', 310);
2022-10-10 14:33:46.853  INFO 4460 --- [    Test worker] p6spy                                    : #1665380026853 | took 0ms | statement | connection 18| url jdbc:h2:mem:ad3a9e80-f26d-4a3e-9691-17f803db5723
insert into picture (spot_id, url, picture_id) values (?, ?, ?)
insert into picture (spot_id, url, picture_id) values (NULL, 'java.io.StringReader@3f19ac42', 311);
2022-10-10 14:33:46.853  INFO 4460 --- [    Test worker] p6spy                                    : #1665380026853 | took 0ms | statement | connection 18| url jdbc:h2:mem:ad3a9e80-f26d-4a3e-9691-17f803db5723
insert into spot (address, description, location, name, score_id, spot_id) values (?, ?, ?, ?, ?, ?)
insert into spot (address, description, location, name, score_id, spot_id) values (NULL, NULL, 'Andeok_myeon', NULL, 64, 130);
2022-10-10 14:33:46.853  INFO 4460 --- [    Test worker] p6spy                                    : #1665380026853 | took 0ms | statement | connection 18| url jdbc:h2:mem:ad3a9e80-f26d-4a3e-9691-17f803db5723
insert into member_spot (member_id, score, spot_id, member_spot_id) values (?, ?, ?, ?)
insert into member_spot (member_id, score, spot_id, member_spot_id) values (8, 0.0, 130, 312);
2022-10-10 14:33:46.853  INFO 4460 --- [    Test worker] p6spy                                    : #1665380026853 | took 0ms | statement | connection 18| url jdbc:h2:mem:ad3a9e80-f26d-4a3e-9691-17f803db5723
insert into review (content, spot_id, review_id) values (?, ?, ?)
insert into review (content, spot_id, review_id) values ('java.io.StringReader@44a84775', 69, 66);
2022-10-10 14:33:46.853  INFO 4460 --- [    Test worker] p6spy                                    : #1665380026853 | took 0ms | statement | connection 18| url jdbc:h2:mem:ad3a9e80-f26d-4a3e-9691-17f803db5723
insert into favorite_spot (count, favorite_id, spot_id, favorite_spot_id) values (?, ?, ?, ?)
insert into favorite_spot (count, favorite_id, spot_id, favorite_spot_id) values (0, 28, 130, 132);
2022-10-10 14:33:46.853  INFO 4460 --- [    Test worker] p6spy                                    : #1665380026853 | took 0ms | statement | connection 18| url jdbc:h2:mem:ad3a9e80-f26d-4a3e-9691-17f803db5723
insert into score (facility_rank, facility_score, price_rank, price_score, rank_average, surround_rank, surround_score, view_rank, view_score, score_id) values (?, ?, ?, ?, ?, ?, ?, ?, ?, ?)
insert into score (facility_rank, facility_score, price_rank, price_score, rank_average, surround_rank, surround_score, view_rank, view_score, score_id) values (7.425342909782449, 650.0, 3.077006927503448, 640.0, 0.7299885518095184, 8.206561825319268, 660.0, 8.91499255561396, 630.0, 65);
2022-10-10 14:33:46.853  INFO 4460 --- [    Test worker] p6spy                                    : #1665380026853 | took 0ms | statement | connection 18| url jdbc:h2:mem:ad3a9e80-f26d-4a3e-9691-17f803db5723
insert into picture (spot_id, url, picture_id) values (?, ?, ?)
insert into picture (spot_id, url, picture_id) values (NULL, 'java.io.StringReader@a59e0e4', 313);
2022-10-10 14:33:46.853  INFO 4460 --- [    Test worker] p6spy                                    : #1665380026853 | took 0ms | statement | connection 18| url jdbc:h2:mem:ad3a9e80-f26d-4a3e-9691-17f803db5723
insert into picture (spot_id, url, picture_id) values (?, ?, ?)
insert into picture (spot_id, url, picture_id) values (NULL, 'java.io.StringReader@489cbbcb', 314);
2022-10-10 14:33:46.853  INFO 4460 --- [    Test worker] p6spy                                    : #1665380026853 | took 0ms | statement | connection 18| url jdbc:h2:mem:ad3a9e80-f26d-4a3e-9691-17f803db5723
insert into picture (spot_id, url, picture_id) values (?, ?, ?)
insert into picture (spot_id, url, picture_id) values (NULL, 'java.io.StringReader@bdc5584', 315);
2022-10-10 14:33:46.853  INFO 4460 --- [    Test worker] p6spy                                    : #1665380026853 | took 0ms | statement | connection 18| url jdbc:h2:mem:ad3a9e80-f26d-4a3e-9691-17f803db5723
insert into spot (address, description, location, name, score_id, spot_id) values (?, ?, ?, ?, ?, ?)
insert into spot (address, description, location, name, score_id, spot_id) values (NULL, NULL, 'Andeok_myeon', NULL, 65, 131);
2022-10-10 14:33:46.853  INFO 4460 --- [    Test worker] p6spy                                    : #1665380026853 | took 0ms | statement | connection 18| url jdbc:h2:mem:ad3a9e80-f26d-4a3e-9691-17f803db5723
insert into member_spot (member_id, score, spot_id, member_spot_id) values (?, ?, ?, ?)
insert into member_spot (member_id, score, spot_id, member_spot_id) values (8, 0.0, 131, 316);
2022-10-10 14:33:46.853  INFO 4460 --- [    Test worker] p6spy                                    : #1665380026853 | took 0ms | statement | connection 18| url jdbc:h2:mem:ad3a9e80-f26d-4a3e-9691-17f803db5723
insert into review (content, spot_id, review_id) values (?, ?, ?)
insert into review (content, spot_id, review_id) values ('java.io.StringReader@4d390a0c', 69, 67);
2022-10-10 14:33:46.853  INFO 4460 --- [    Test worker] p6spy                                    : #1665380026853 | took 0ms | statement | connection 18| url jdbc:h2:mem:ad3a9e80-f26d-4a3e-9691-17f803db5723
insert into favorite_spot (count, favorite_id, spot_id, favorite_spot_id) values (?, ?, ?, ?)
insert into favorite_spot (count, favorite_id, spot_id, favorite_spot_id) values (0, 28, 131, 133);
2022-10-10 14:33:46.853  INFO 4460 --- [    Test worker] p6spy                                    : #1665380026853 | took 0ms | statement | connection 18| url jdbc:h2:mem:ad3a9e80-f26d-4a3e-9691-17f803db5723
insert into score (facility_rank, facility_score, price_rank, price_score, rank_average, surround_rank, surround_score, view_rank, view_score, score_id) values (?, ?, ?, ?, ?, ?, ?, ?, ?, ?)
insert into score (facility_rank, facility_score, price_rank, price_score, rank_average, surround_rank, surround_score, view_rank, view_score, score_id) values (9.651786763331904, 660.0, 8.901200246298313, 650.0, 3.4248256841860956, 4.335981293042503, 670.0, 3.3630824063544615, 640.0, 66);
2022-10-10 14:33:46.853  INFO 4460 --- [    Test worker] p6spy                                    : #1665380026853 | took 0ms | statement | connection 18| url jdbc:h2:mem:ad3a9e80-f26d-4a3e-9691-17f803db5723
insert into picture (spot_id, url, picture_id) values (?, ?, ?)
insert into picture (spot_id, url, picture_id) values (NULL, 'java.io.StringReader@12899f13', 317);
2022-10-10 14:33:46.853  INFO 4460 --- [    Test worker] p6spy                                    : #1665380026853 | took 0ms | statement | connection 18| url jdbc:h2:mem:ad3a9e80-f26d-4a3e-9691-17f803db5723
insert into picture (spot_id, url, picture_id) values (?, ?, ?)
insert into picture (spot_id, url, picture_id) values (NULL, 'java.io.StringReader@7c638b27', 318);
2022-10-10 14:33:46.853  INFO 4460 --- [    Test worker] p6spy                                    : #1665380026853 | took 0ms | statement | connection 18| url jdbc:h2:mem:ad3a9e80-f26d-4a3e-9691-17f803db5723
insert into picture (spot_id, url, picture_id) values (?, ?, ?)
insert into picture (spot_id, url, picture_id) values (NULL, 'java.io.StringReader@63b15742', 319);
2022-10-10 14:33:46.853  INFO 4460 --- [    Test worker] p6spy                                    : #1665380026853 | took 0ms | statement | connection 18| url jdbc:h2:mem:ad3a9e80-f26d-4a3e-9691-17f803db5723
insert into spot (address, description, location, name, score_id, spot_id) values (?, ?, ?, ?, ?, ?)
insert into spot (address, description, location, name, score_id, spot_id) values (NULL, NULL, 'Andeok_myeon', NULL, 66, 132);
2022-10-10 14:33:46.854  INFO 4460 --- [    Test worker] p6spy                                    : #1665380026854 | took 0ms | statement | connection 18| url jdbc:h2:mem:ad3a9e80-f26d-4a3e-9691-17f803db5723
insert into member_spot (member_id, score, spot_id, member_spot_id) values (?, ?, ?, ?)
insert into member_spot (member_id, score, spot_id, member_spot_id) values (8, 0.0, 132, 320);
2022-10-10 14:33:46.854  INFO 4460 --- [    Test worker] p6spy                                    : #1665380026854 | took 0ms | statement | connection 18| url jdbc:h2:mem:ad3a9e80-f26d-4a3e-9691-17f803db5723
insert into review (content, spot_id, review_id) values (?, ?, ?)
insert into review (content, spot_id, review_id) values ('java.io.StringReader@b2a688d', 69, 68);
2022-10-10 14:33:46.854  INFO 4460 --- [    Test worker] p6spy                                    : #1665380026854 | took 0ms | statement | connection 18| url jdbc:h2:mem:ad3a9e80-f26d-4a3e-9691-17f803db5723
insert into favorite_spot (count, favorite_id, spot_id, favorite_spot_id) values (?, ?, ?, ?)
insert into favorite_spot (count, favorite_id, spot_id, favorite_spot_id) values (0, 28, 132, 134);
2022-10-10 14:33:46.854  INFO 4460 --- [    Test worker] p6spy                                    : #1665380026854 | took 0ms | statement | connection 18| url jdbc:h2:mem:ad3a9e80-f26d-4a3e-9691-17f803db5723
insert into score (facility_rank, facility_score, price_rank, price_score, rank_average, surround_rank, surround_score, view_rank, view_score, score_id) values (?, ?, ?, ?, ?, ?, ?, ?, ?, ?)
insert into score (facility_rank, facility_score, price_rank, price_score, rank_average, surround_rank, surround_score, view_rank, view_score, score_id) values (6.116110590882221, 670.0, 3.4003225456717834, 660.0, 6.193022197964192, 6.2599614526982705, 680.0, 2.3518028958151707, 650.0, 67);
2022-10-10 14:33:46.854  INFO 4460 --- [    Test worker] p6spy                                    : #1665380026854 | took 0ms | statement | connection 18| url jdbc:h2:mem:ad3a9e80-f26d-4a3e-9691-17f803db5723
insert into picture (spot_id, url, picture_id) values (?, ?, ?)
insert into picture (spot_id, url, picture_id) values (NULL, 'java.io.StringReader@72d1a87a', 321);
2022-10-10 14:33:46.854  INFO 4460 --- [    Test worker] p6spy                                    : #1665380026854 | took 0ms | statement | connection 18| url jdbc:h2:mem:ad3a9e80-f26d-4a3e-9691-17f803db5723
insert into picture (spot_id, url, picture_id) values (?, ?, ?)
insert into picture (spot_id, url, picture_id) values (NULL, 'java.io.StringReader@52a2c66', 322);
2022-10-10 14:33:46.854  INFO 4460 --- [    Test worker] p6spy                                    : #1665380026854 | took 0ms | statement | connection 18| url jdbc:h2:mem:ad3a9e80-f26d-4a3e-9691-17f803db5723
insert into picture (spot_id, url, picture_id) values (?, ?, ?)
insert into picture (spot_id, url, picture_id) values (NULL, 'java.io.StringReader@75689d9c', 323);
2022-10-10 14:33:46.854  INFO 4460 --- [    Test worker] p6spy                                    : #1665380026854 | took 0ms | statement | connection 18| url jdbc:h2:mem:ad3a9e80-f26d-4a3e-9691-17f803db5723
insert into spot (address, description, location, name, score_id, spot_id) values (?, ?, ?, ?, ?, ?)
insert into spot (address, description, location, name, score_id, spot_id) values (NULL, NULL, 'Andeok_myeon', NULL, 67, 133);
2022-10-10 14:33:46.854  INFO 4460 --- [    Test worker] p6spy                                    : #1665380026854 | took 0ms | statement | connection 18| url jdbc:h2:mem:ad3a9e80-f26d-4a3e-9691-17f803db5723
insert into member_spot (member_id, score, spot_id, member_spot_id) values (?, ?, ?, ?)
insert into member_spot (member_id, score, spot_id, member_spot_id) values (8, 0.0, 133, 324);
2022-10-10 14:33:46.854  INFO 4460 --- [    Test worker] p6spy                                    : #1665380026854 | took 0ms | statement | connection 18| url jdbc:h2:mem:ad3a9e80-f26d-4a3e-9691-17f803db5723
insert into review (content, spot_id, review_id) values (?, ?, ?)
insert into review (content, spot_id, review_id) values ('java.io.StringReader@1b6c8641', 69, 69);
2022-10-10 14:33:46.854  INFO 4460 --- [    Test worker] p6spy                                    : #1665380026854 | took 0ms | statement | connection 18| url jdbc:h2:mem:ad3a9e80-f26d-4a3e-9691-17f803db5723
insert into favorite_spot (count, favorite_id, spot_id, favorite_spot_id) values (?, ?, ?, ?)
insert into favorite_spot (count, favorite_id, spot_id, favorite_spot_id) values (0, 28, 133, 135);
2022-10-10 14:33:46.854  INFO 4460 --- [    Test worker] p6spy                                    : #1665380026854 | took 0ms | statement | connection 18| url jdbc:h2:mem:ad3a9e80-f26d-4a3e-9691-17f803db5723
insert into score (facility_rank, facility_score, price_rank, price_score, rank_average, surround_rank, surround_score, view_rank, view_score, score_id) values (?, ?, ?, ?, ?, ?, ?, ?, ?, ?)
insert into score (facility_rank, facility_score, price_rank, price_score, rank_average, surround_rank, surround_score, view_rank, view_score, score_id) values (2.3336413698475567, 680.0, 2.6664458398280964, 670.0, 6.048628179713163, 6.962716285863194, 690.0, 0.3443223478430202, 660.0, 68);
2022-10-10 14:33:46.854  INFO 4460 --- [    Test worker] p6spy                                    : #1665380026854 | took 0ms | statement | connection 18| url jdbc:h2:mem:ad3a9e80-f26d-4a3e-9691-17f803db5723
insert into picture (spot_id, url, picture_id) values (?, ?, ?)
insert into picture (spot_id, url, picture_id) values (NULL, 'java.io.StringReader@482bdb02', 325);
2022-10-10 14:33:46.854  INFO 4460 --- [    Test worker] p6spy                                    : #1665380026854 | took 0ms | statement | connection 18| url jdbc:h2:mem:ad3a9e80-f26d-4a3e-9691-17f803db5723
insert into picture (spot_id, url, picture_id) values (?, ?, ?)
insert into picture (spot_id, url, picture_id) values (NULL, 'java.io.StringReader@6169c15d', 326);
2022-10-10 14:33:46.854  INFO 4460 --- [    Test worker] p6spy                                    : #1665380026854 | took 0ms | statement | connection 18| url jdbc:h2:mem:ad3a9e80-f26d-4a3e-9691-17f803db5723
insert into picture (spot_id, url, picture_id) values (?, ?, ?)
insert into picture (spot_id, url, picture_id) values (NULL, 'java.io.StringReader@3c16cd6c', 327);
2022-10-10 14:33:46.854  INFO 4460 --- [    Test worker] p6spy                                    : #1665380026854 | took 0ms | statement | connection 18| url jdbc:h2:mem:ad3a9e80-f26d-4a3e-9691-17f803db5723
insert into spot (address, description, location, name, score_id, spot_id) values (?, ?, ?, ?, ?, ?)
insert into spot (address, description, location, name, score_id, spot_id) values (NULL, NULL, 'Andeok_myeon', NULL, 68, 134);
2022-10-10 14:33:46.854  INFO 4460 --- [    Test worker] p6spy                                    : #1665380026854 | took 0ms | statement | connection 18| url jdbc:h2:mem:ad3a9e80-f26d-4a3e-9691-17f803db5723
insert into member_spot (member_id, score, spot_id, member_spot_id) values (?, ?, ?, ?)
insert into member_spot (member_id, score, spot_id, member_spot_id) values (8, 0.0, 134, 328);
2022-10-10 14:33:46.854  INFO 4460 --- [    Test worker] p6spy                                    : #1665380026854 | took 0ms | statement | connection 18| url jdbc:h2:mem:ad3a9e80-f26d-4a3e-9691-17f803db5723
insert into review (content, spot_id, review_id) values (?, ?, ?)
insert into review (content, spot_id, review_id) values ('java.io.StringReader@42f7523d', 69, 70);
2022-10-10 14:33:46.854  INFO 4460 --- [    Test worker] p6spy                                    : #1665380026854 | took 0ms | statement | connection 18| url jdbc:h2:mem:ad3a9e80-f26d-4a3e-9691-17f803db5723
insert into favorite_spot (count, favorite_id, spot_id, favorite_spot_id) values (?, ?, ?, ?)
insert into favorite_spot (count, favorite_id, spot_id, favorite_spot_id) values (0, 28, 134, 136);
2022-10-10 14:33:46.854  INFO 4460 --- [    Test worker] p6spy                                    : #1665380026854 | took 0ms | statement | connection 18| url jdbc:h2:mem:ad3a9e80-f26d-4a3e-9691-17f803db5723
insert into score (facility_rank, facility_score, price_rank, price_score, rank_average, surround_rank, surround_score, view_rank, view_score, score_id) values (?, ?, ?, ?, ?, ?, ?, ?, ?, ?)
insert into score (facility_rank, facility_score, price_rank, price_score, rank_average, surround_rank, surround_score, view_rank, view_score, score_id) values (5.87477750439086, 690.0, 7.644852813326884, 680.0, 2.050365422543965, 7.0400443191013995, 700.0, 3.2203769389537893, 670.0, 69);
2022-10-10 14:33:46.854  INFO 4460 --- [    Test worker] p6spy                                    : #1665380026854 | took 0ms | statement | connection 18| url jdbc:h2:mem:ad3a9e80-f26d-4a3e-9691-17f803db5723
insert into picture (spot_id, url, picture_id) values (?, ?, ?)
insert into picture (spot_id, url, picture_id) values (NULL, 'java.io.StringReader@12af47f4', 329);
2022-10-10 14:33:46.854  INFO 4460 --- [    Test worker] p6spy                                    : #1665380026854 | took 0ms | statement | connection 18| url jdbc:h2:mem:ad3a9e80-f26d-4a3e-9691-17f803db5723
insert into picture (spot_id, url, picture_id) values (?, ?, ?)
insert into picture (spot_id, url, picture_id) values (NULL, 'java.io.StringReader@634a3a2', 330);
2022-10-10 14:33:46.855  INFO 4460 --- [    Test worker] p6spy                                    : #1665380026855 | took 0ms | statement | connection 18| url jdbc:h2:mem:ad3a9e80-f26d-4a3e-9691-17f803db5723
insert into picture (spot_id, url, picture_id) values (?, ?, ?)
insert into picture (spot_id, url, picture_id) values (NULL, 'java.io.StringReader@36bef8fb', 331);
2022-10-10 14:33:46.855  INFO 4460 --- [    Test worker] p6spy                                    : #1665380026855 | took 0ms | statement | connection 18| url jdbc:h2:mem:ad3a9e80-f26d-4a3e-9691-17f803db5723
insert into spot (address, description, location, name, score_id, spot_id) values (?, ?, ?, ?, ?, ?)
insert into spot (address, description, location, name, score_id, spot_id) values (NULL, NULL, 'Andeok_myeon', NULL, 69, 135);
2022-10-10 14:33:46.855  INFO 4460 --- [    Test worker] p6spy                                    : #1665380026855 | took 0ms | statement | connection 18| url jdbc:h2:mem:ad3a9e80-f26d-4a3e-9691-17f803db5723
insert into member_spot (member_id, score, spot_id, member_spot_id) values (?, ?, ?, ?)
insert into member_spot (member_id, score, spot_id, member_spot_id) values (8, 0.0, 135, 332);
2022-10-10 14:33:46.855  INFO 4460 --- [    Test worker] p6spy                                    : #1665380026855 | took 0ms | statement | connection 18| url jdbc:h2:mem:ad3a9e80-f26d-4a3e-9691-17f803db5723
insert into review (content, spot_id, review_id) values (?, ?, ?)
insert into review (content, spot_id, review_id) values ('java.io.StringReader@5fac8f7e', 69, 71);
2022-10-10 14:33:46.855  INFO 4460 --- [    Test worker] p6spy                                    : #1665380026855 | took 0ms | statement | connection 18| url jdbc:h2:mem:ad3a9e80-f26d-4a3e-9691-17f803db5723
insert into favorite_spot (count, favorite_id, spot_id, favorite_spot_id) values (?, ?, ?, ?)
insert into favorite_spot (count, favorite_id, spot_id, favorite_spot_id) values (0, 28, 135, 137);
2022-10-10 14:33:46.855  INFO 4460 --- [    Test worker] p6spy                                    : #1665380026855 | took 0ms | statement | connection 18| url jdbc:h2:mem:ad3a9e80-f26d-4a3e-9691-17f803db5723
insert into score (facility_rank, facility_score, price_rank, price_score, rank_average, surround_rank, surround_score, view_rank, view_score, score_id) values (?, ?, ?, ?, ?, ?, ?, ?, ?, ?)
insert into score (facility_rank, facility_score, price_rank, price_score, rank_average, surround_rank, surround_score, view_rank, view_score, score_id) values (5.624248200669275, 700.0, 1.7372224105086875, 690.0, 0.43814029573541746, 3.5001780375874922, 710.0, 9.93446973753145, 680.0, 70);
2022-10-10 14:33:46.855  INFO 4460 --- [    Test worker] p6spy                                    : #1665380026855 | took 0ms | statement | connection 18| url jdbc:h2:mem:ad3a9e80-f26d-4a3e-9691-17f803db5723
insert into picture (spot_id, url, picture_id) values (?, ?, ?)
insert into picture (spot_id, url, picture_id) values (NULL, 'java.io.StringReader@117e7b16', 333);
2022-10-10 14:33:46.855  INFO 4460 --- [    Test worker] p6spy                                    : #1665380026855 | took 0ms | statement | connection 18| url jdbc:h2:mem:ad3a9e80-f26d-4a3e-9691-17f803db5723
insert into picture (spot_id, url, picture_id) values (?, ?, ?)
insert into picture (spot_id, url, picture_id) values (NULL, 'java.io.StringReader@69339b3b', 334);
2022-10-10 14:33:46.855  INFO 4460 --- [    Test worker] p6spy                                    : #1665380026855 | took 0ms | statement | connection 18| url jdbc:h2:mem:ad3a9e80-f26d-4a3e-9691-17f803db5723
insert into picture (spot_id, url, picture_id) values (?, ?, ?)
insert into picture (spot_id, url, picture_id) values (NULL, 'java.io.StringReader@63112b', 335);
2022-10-10 14:33:46.855  INFO 4460 --- [    Test worker] p6spy                                    : #1665380026855 | took 0ms | statement | connection 18| url jdbc:h2:mem:ad3a9e80-f26d-4a3e-9691-17f803db5723
insert into spot (address, description, location, name, score_id, spot_id) values (?, ?, ?, ?, ?, ?)
insert into spot (address, description, location, name, score_id, spot_id) values (NULL, NULL, 'Andeok_myeon', NULL, 70, 136);
2022-10-10 14:33:46.855  INFO 4460 --- [    Test worker] p6spy                                    : #1665380026855 | took 0ms | statement | connection 18| url jdbc:h2:mem:ad3a9e80-f26d-4a3e-9691-17f803db5723
insert into member_spot (member_id, score, spot_id, member_spot_id) values (?, ?, ?, ?)
insert into member_spot (member_id, score, spot_id, member_spot_id) values (8, 0.0, 136, 336);
2022-10-10 14:33:46.855  INFO 4460 --- [    Test worker] p6spy                                    : #1665380026855 | took 0ms | statement | connection 18| url jdbc:h2:mem:ad3a9e80-f26d-4a3e-9691-17f803db5723
insert into review (content, spot_id, review_id) values (?, ?, ?)
insert into review (content, spot_id, review_id) values ('java.io.StringReader@6790aad2', 69, 72);
2022-10-10 14:33:46.855  INFO 4460 --- [    Test worker] p6spy                                    : #1665380026855 | took 0ms | statement | connection 18| url jdbc:h2:mem:ad3a9e80-f26d-4a3e-9691-17f803db5723
insert into favorite_spot (count, favorite_id, spot_id, favorite_spot_id) values (?, ?, ?, ?)
insert into favorite_spot (count, favorite_id, spot_id, favorite_spot_id) values (0, 28, 136, 138);
2022-10-10 14:33:46.855  INFO 4460 --- [    Test worker] p6spy                                    : #1665380026855 | took 0ms | statement | connection 18| url jdbc:h2:mem:ad3a9e80-f26d-4a3e-9691-17f803db5723
insert into score (facility_rank, facility_score, price_rank, price_score, rank_average, surround_rank, surround_score, view_rank, view_score, score_id) values (?, ?, ?, ?, ?, ?, ?, ?, ?, ?)
insert into score (facility_rank, facility_score, price_rank, price_score, rank_average, surround_rank, surround_score, view_rank, view_score, score_id) values (8.458227687875944, 710.0, 3.6807272581537855, 700.0, 9.2891551725789, 4.290619836330651, 720.0, 0.34650781977260015, 690.0, 71);
2022-10-10 14:33:46.855  INFO 4460 --- [    Test worker] p6spy                                    : #1665380026855 | took 0ms | statement | connection 18| url jdbc:h2:mem:ad3a9e80-f26d-4a3e-9691-17f803db5723
insert into picture (spot_id, url, picture_id) values (?, ?, ?)
insert into picture (spot_id, url, picture_id) values (NULL, 'java.io.StringReader@716f968a', 337);
2022-10-10 14:33:46.855  INFO 4460 --- [    Test worker] p6spy                                    : #1665380026855 | took 0ms | statement | connection 18| url jdbc:h2:mem:ad3a9e80-f26d-4a3e-9691-17f803db5723
insert into picture (spot_id, url, picture_id) values (?, ?, ?)
insert into picture (spot_id, url, picture_id) values (NULL, 'java.io.StringReader@2fa46f2f', 338);
2022-10-10 14:33:46.855  INFO 4460 --- [    Test worker] p6spy                                    : #1665380026855 | took 0ms | statement | connection 18| url jdbc:h2:mem:ad3a9e80-f26d-4a3e-9691-17f803db5723
insert into picture (spot_id, url, picture_id) values (?, ?, ?)
insert into picture (spot_id, url, picture_id) values (NULL, 'java.io.StringReader@642c407d', 339);
2022-10-10 14:33:46.855  INFO 4460 --- [    Test worker] p6spy                                    : #1665380026855 | took 0ms | statement | connection 18| url jdbc:h2:mem:ad3a9e80-f26d-4a3e-9691-17f803db5723
insert into spot (address, description, location, name, score_id, spot_id) values (?, ?, ?, ?, ?, ?)
insert into spot (address, description, location, name, score_id, spot_id) values (NULL, NULL, 'Andeok_myeon', NULL, 71, 137);
2022-10-10 14:33:46.855  INFO 4460 --- [    Test worker] p6spy                                    : #1665380026855 | took 0ms | statement | connection 18| url jdbc:h2:mem:ad3a9e80-f26d-4a3e-9691-17f803db5723
insert into member_spot (member_id, score, spot_id, member_spot_id) values (?, ?, ?, ?)
insert into member_spot (member_id, score, spot_id, member_spot_id) values (8, 0.0, 137, 340);
2022-10-10 14:33:46.855  INFO 4460 --- [    Test worker] p6spy                                    : #1665380026855 | took 0ms | statement | connection 18| url jdbc:h2:mem:ad3a9e80-f26d-4a3e-9691-17f803db5723
insert into review (content, spot_id, review_id) values (?, ?, ?)
insert into review (content, spot_id, review_id) values ('java.io.StringReader@1bf5745', 69, 73);
2022-10-10 14:33:46.855  INFO 4460 --- [    Test worker] p6spy                                    : #1665380026855 | took 0ms | statement | connection 18| url jdbc:h2:mem:ad3a9e80-f26d-4a3e-9691-17f803db5723
insert into favorite_spot (count, favorite_id, spot_id, favorite_spot_id) values (?, ?, ?, ?)
insert into favorite_spot (count, favorite_id, spot_id, favorite_spot_id) values (0, 28, 137, 139);
2022-10-10 14:33:46.855  INFO 4460 --- [    Test worker] p6spy                                    : #1665380026855 | took 0ms | statement | connection 18| url jdbc:h2:mem:ad3a9e80-f26d-4a3e-9691-17f803db5723
insert into score (facility_rank, facility_score, price_rank, price_score, rank_average, surround_rank, surround_score, view_rank, view_score, score_id) values (?, ?, ?, ?, ?, ?, ?, ?, ?, ?)
insert into score (facility_rank, facility_score, price_rank, price_score, rank_average, surround_rank, surround_score, view_rank, view_score, score_id) values (1.410861977797735, 720.0, 0.3468414769273309, 710.0, 4.245943368081759, 7.171741011190465, 730.0, 9.341979051522014, 700.0, 72);
2022-10-10 14:33:46.856  INFO 4460 --- [    Test worker] p6spy                                    : #1665380026856 | took 0ms | statement | connection 18| url jdbc:h2:mem:ad3a9e80-f26d-4a3e-9691-17f803db5723
insert into picture (spot_id, url, picture_id) values (?, ?, ?)
insert into picture (spot_id, url, picture_id) values (NULL, 'java.io.StringReader@3c638904', 341);
2022-10-10 14:33:46.856  INFO 4460 --- [    Test worker] p6spy                                    : #1665380026856 | took 0ms | statement | connection 18| url jdbc:h2:mem:ad3a9e80-f26d-4a3e-9691-17f803db5723
insert into picture (spot_id, url, picture_id) values (?, ?, ?)
insert into picture (spot_id, url, picture_id) values (NULL, 'java.io.StringReader@1391802b', 342);
2022-10-10 14:33:46.856  INFO 4460 --- [    Test worker] p6spy                                    : #1665380026856 | took 0ms | statement | connection 18| url jdbc:h2:mem:ad3a9e80-f26d-4a3e-9691-17f803db5723
insert into picture (spot_id, url, picture_id) values (?, ?, ?)
insert into picture (spot_id, url, picture_id) values (NULL, 'java.io.StringReader@31cced7', 343);
2022-10-10 14:33:46.856  INFO 4460 --- [    Test worker] p6spy                                    : #1665380026856 | took 0ms | statement | connection 18| url jdbc:h2:mem:ad3a9e80-f26d-4a3e-9691-17f803db5723
insert into spot (address, description, location, name, score_id, spot_id) values (?, ?, ?, ?, ?, ?)
insert into spot (address, description, location, name, score_id, spot_id) values (NULL, NULL, 'Andeok_myeon', NULL, 72, 138);
2022-10-10 14:33:46.856  INFO 4460 --- [    Test worker] p6spy                                    : #1665380026856 | took 0ms | statement | connection 18| url jdbc:h2:mem:ad3a9e80-f26d-4a3e-9691-17f803db5723
insert into member_spot (member_id, score, spot_id, member_spot_id) values (?, ?, ?, ?)
insert into member_spot (member_id, score, spot_id, member_spot_id) values (8, 0.0, 138, 344);
2022-10-10 14:33:46.856  INFO 4460 --- [    Test worker] p6spy                                    : #1665380026856 | took 0ms | statement | connection 18| url jdbc:h2:mem:ad3a9e80-f26d-4a3e-9691-17f803db5723
insert into review (content, spot_id, review_id) values (?, ?, ?)
insert into review (content, spot_id, review_id) values ('java.io.StringReader@6f90b74a', 69, 74);
2022-10-10 14:33:46.856  INFO 4460 --- [    Test worker] p6spy                                    : #1665380026856 | took 0ms | statement | connection 18| url jdbc:h2:mem:ad3a9e80-f26d-4a3e-9691-17f803db5723
insert into favorite_spot (count, favorite_id, spot_id, favorite_spot_id) values (?, ?, ?, ?)
insert into favorite_spot (count, favorite_id, spot_id, favorite_spot_id) values (0, 28, 138, 140);
2022-10-10 14:33:46.856  INFO 4460 --- [    Test worker] p6spy                                    : #1665380026856 | took 0ms | statement | connection 18| url jdbc:h2:mem:ad3a9e80-f26d-4a3e-9691-17f803db5723
insert into score (facility_rank, facility_score, price_rank, price_score, rank_average, surround_rank, surround_score, view_rank, view_score, score_id) values (?, ?, ?, ?, ?, ?, ?, ?, ?, ?)
insert into score (facility_rank, facility_score, price_rank, price_score, rank_average, surround_rank, surround_score, view_rank, view_score, score_id) values (3.846048835406213, 730.0, 2.2796089737639056, 720.0, 6.946707887545807, 6.173025271745892, 740.0, 0.32733745602639197, 710.0, 73);
2022-10-10 14:33:46.856  INFO 4460 --- [    Test worker] p6spy                                    : #1665380026856 | took 0ms | statement | connection 18| url jdbc:h2:mem:ad3a9e80-f26d-4a3e-9691-17f803db5723
insert into picture (spot_id, url, picture_id) values (?, ?, ?)
insert into picture (spot_id, url, picture_id) values (NULL, 'java.io.StringReader@56569e4f', 345);
2022-10-10 14:33:46.856  INFO 4460 --- [    Test worker] p6spy                                    : #1665380026856 | took 0ms | statement | connection 18| url jdbc:h2:mem:ad3a9e80-f26d-4a3e-9691-17f803db5723
insert into picture (spot_id, url, picture_id) values (?, ?, ?)
insert into picture (spot_id, url, picture_id) values (NULL, 'java.io.StringReader@69fbc5f', 346);
2022-10-10 14:33:46.856  INFO 4460 --- [    Test worker] p6spy                                    : #1665380026856 | took 0ms | statement | connection 18| url jdbc:h2:mem:ad3a9e80-f26d-4a3e-9691-17f803db5723
insert into picture (spot_id, url, picture_id) values (?, ?, ?)
insert into picture (spot_id, url, picture_id) values (NULL, 'java.io.StringReader@630ae6ce', 347);
2022-10-10 14:33:46.856  INFO 4460 --- [    Test worker] p6spy                                    : #1665380026856 | took 0ms | statement | connection 18| url jdbc:h2:mem:ad3a9e80-f26d-4a3e-9691-17f803db5723
insert into spot (address, description, location, name, score_id, spot_id) values (?, ?, ?, ?, ?, ?)
insert into spot (address, description, location, name, score_id, spot_id) values (NULL, NULL, 'Andeok_myeon', NULL, 73, 139);
2022-10-10 14:33:46.856  INFO 4460 --- [    Test worker] p6spy                                    : #1665380026856 | took 0ms | statement | connection 18| url jdbc:h2:mem:ad3a9e80-f26d-4a3e-9691-17f803db5723
insert into member_spot (member_id, score, spot_id, member_spot_id) values (?, ?, ?, ?)
insert into member_spot (member_id, score, spot_id, member_spot_id) values (8, 0.0, 139, 348);
2022-10-10 14:33:46.856  INFO 4460 --- [    Test worker] p6spy                                    : #1665380026856 | took 0ms | statement | connection 18| url jdbc:h2:mem:ad3a9e80-f26d-4a3e-9691-17f803db5723
insert into review (content, spot_id, review_id) values (?, ?, ?)
insert into review (content, spot_id, review_id) values ('java.io.StringReader@14e215b', 69, 75);
2022-10-10 14:33:46.856  INFO 4460 --- [    Test worker] p6spy                                    : #1665380026856 | took 0ms | statement | connection 18| url jdbc:h2:mem:ad3a9e80-f26d-4a3e-9691-17f803db5723
insert into favorite_spot (count, favorite_id, spot_id, favorite_spot_id) values (?, ?, ?, ?)
insert into favorite_spot (count, favorite_id, spot_id, favorite_spot_id) values (0, 28, 139, 141);
2022-10-10 14:33:46.856  INFO 4460 --- [    Test worker] p6spy                                    : #1665380026856 | took 0ms | statement | connection 18| url jdbc:h2:mem:ad3a9e80-f26d-4a3e-9691-17f803db5723
insert into score (facility_rank, facility_score, price_rank, price_score, rank_average, surround_rank, surround_score, view_rank, view_score, score_id) values (?, ?, ?, ?, ?, ?, ?, ?, ?, ?)
insert into score (facility_rank, facility_score, price_rank, price_score, rank_average, surround_rank, surround_score, view_rank, view_score, score_id) values (7.285976508777622, 740.0, 1.3579232190033796, 730.0, 1.1626832301981538, 0.7096644184322176, 750.0, 9.003621432502246, 720.0, 74);
2022-10-10 14:33:46.856  INFO 4460 --- [    Test worker] p6spy                                    : #1665380026856 | took 0ms | statement | connection 18| url jdbc:h2:mem:ad3a9e80-f26d-4a3e-9691-17f803db5723
insert into picture (spot_id, url, picture_id) values (?, ?, ?)
insert into picture (spot_id, url, picture_id) values (NULL, 'java.io.StringReader@24094ed1', 349);
2022-10-10 14:33:46.856  INFO 4460 --- [    Test worker] p6spy                                    : #1665380026856 | took 0ms | statement | connection 18| url jdbc:h2:mem:ad3a9e80-f26d-4a3e-9691-17f803db5723
insert into picture (spot_id, url, picture_id) values (?, ?, ?)
insert into picture (spot_id, url, picture_id) values (NULL, 'java.io.StringReader@1ca3d997', 350);
2022-10-10 14:33:46.856  INFO 4460 --- [    Test worker] p6spy                                    : #1665380026856 | took 0ms | statement | connection 18| url jdbc:h2:mem:ad3a9e80-f26d-4a3e-9691-17f803db5723
insert into picture (spot_id, url, picture_id) values (?, ?, ?)
insert into picture (spot_id, url, picture_id) values (NULL, 'java.io.StringReader@57a4ca74', 351);
2022-10-10 14:33:46.856  INFO 4460 --- [    Test worker] p6spy                                    : #1665380026856 | took 0ms | statement | connection 18| url jdbc:h2:mem:ad3a9e80-f26d-4a3e-9691-17f803db5723
insert into spot (address, description, location, name, score_id, spot_id) values (?, ?, ?, ?, ?, ?)
insert into spot (address, description, location, name, score_id, spot_id) values (NULL, NULL, 'Andeok_myeon', NULL, 74, 140);
2022-10-10 14:33:46.856  INFO 4460 --- [    Test worker] p6spy                                    : #1665380026856 | took 0ms | statement | connection 18| url jdbc:h2:mem:ad3a9e80-f26d-4a3e-9691-17f803db5723
insert into member_spot (member_id, score, spot_id, member_spot_id) values (?, ?, ?, ?)
insert into member_spot (member_id, score, spot_id, member_spot_id) values (8, 0.0, 140, 352);
2022-10-10 14:33:46.856  INFO 4460 --- [    Test worker] p6spy                                    : #1665380026856 | took 0ms | statement | connection 18| url jdbc:h2:mem:ad3a9e80-f26d-4a3e-9691-17f803db5723
insert into review (content, spot_id, review_id) values (?, ?, ?)
insert into review (content, spot_id, review_id) values ('java.io.StringReader@692ff367', 69, 76);
2022-10-10 14:33:46.856  INFO 4460 --- [    Test worker] p6spy                                    : #1665380026856 | took 0ms | statement | connection 18| url jdbc:h2:mem:ad3a9e80-f26d-4a3e-9691-17f803db5723
insert into favorite_spot (count, favorite_id, spot_id, favorite_spot_id) values (?, ?, ?, ?)
insert into favorite_spot (count, favorite_id, spot_id, favorite_spot_id) values (0, 28, 140, 142);
2022-10-10 14:33:46.857  INFO 4460 --- [    Test worker] p6spy                                    : #1665380026857 | took 0ms | statement | connection 18| url jdbc:h2:mem:ad3a9e80-f26d-4a3e-9691-17f803db5723
insert into score (facility_rank, facility_score, price_rank, price_score, rank_average, surround_rank, surround_score, view_rank, view_score, score_id) values (?, ?, ?, ?, ?, ?, ?, ?, ?, ?)
insert into score (facility_rank, facility_score, price_rank, price_score, rank_average, surround_rank, surround_score, view_rank, view_score, score_id) values (7.88927173060722, 750.0, 8.618607125462031, 740.0, 7.347449646763065, 9.436917482190294, 760.0, 7.724781220876462, 730.0, 75);
2022-10-10 14:33:46.857  INFO 4460 --- [    Test worker] p6spy                                    : #1665380026857 | took 0ms | statement | connection 18| url jdbc:h2:mem:ad3a9e80-f26d-4a3e-9691-17f803db5723
insert into picture (spot_id, url, picture_id) values (?, ?, ?)
insert into picture (spot_id, url, picture_id) values (NULL, 'java.io.StringReader@4cd8fa1c', 353);
2022-10-10 14:33:46.857  INFO 4460 --- [    Test worker] p6spy                                    : #1665380026857 | took 0ms | statement | connection 18| url jdbc:h2:mem:ad3a9e80-f26d-4a3e-9691-17f803db5723
insert into picture (spot_id, url, picture_id) values (?, ?, ?)
insert into picture (spot_id, url, picture_id) values (NULL, 'java.io.StringReader@2adad906', 354);
2022-10-10 14:33:46.857  INFO 4460 --- [    Test worker] p6spy                                    : #1665380026857 | took 0ms | statement | connection 18| url jdbc:h2:mem:ad3a9e80-f26d-4a3e-9691-17f803db5723
insert into picture (spot_id, url, picture_id) values (?, ?, ?)
insert into picture (spot_id, url, picture_id) values (NULL, 'java.io.StringReader@822e8a1', 355);
2022-10-10 14:33:46.857  INFO 4460 --- [    Test worker] p6spy                                    : #1665380026857 | took 0ms | statement | connection 18| url jdbc:h2:mem:ad3a9e80-f26d-4a3e-9691-17f803db5723
insert into spot (address, description, location, name, score_id, spot_id) values (?, ?, ?, ?, ?, ?)
insert into spot (address, description, location, name, score_id, spot_id) values (NULL, NULL, 'Andeok_myeon', NULL, 75, 141);
2022-10-10 14:33:46.857  INFO 4460 --- [    Test worker] p6spy                                    : #1665380026857 | took 0ms | statement | connection 18| url jdbc:h2:mem:ad3a9e80-f26d-4a3e-9691-17f803db5723
insert into member_spot (member_id, score, spot_id, member_spot_id) values (?, ?, ?, ?)
insert into member_spot (member_id, score, spot_id, member_spot_id) values (8, 0.0, 141, 356);
2022-10-10 14:33:46.857  INFO 4460 --- [    Test worker] p6spy                                    : #1665380026857 | took 0ms | statement | connection 18| url jdbc:h2:mem:ad3a9e80-f26d-4a3e-9691-17f803db5723
insert into review (content, spot_id, review_id) values (?, ?, ?)
insert into review (content, spot_id, review_id) values ('java.io.StringReader@1613d1c', 69, 77);
2022-10-10 14:33:46.857  INFO 4460 --- [    Test worker] p6spy                                    : #1665380026857 | took 0ms | statement | connection 18| url jdbc:h2:mem:ad3a9e80-f26d-4a3e-9691-17f803db5723
insert into favorite_spot (count, favorite_id, spot_id, favorite_spot_id) values (?, ?, ?, ?)
insert into favorite_spot (count, favorite_id, spot_id, favorite_spot_id) values (0, 28, 141, 143);
2022-10-10 14:33:46.857  INFO 4460 --- [    Test worker] p6spy                                    : #1665380026857 | took 0ms | statement | connection 18| url jdbc:h2:mem:ad3a9e80-f26d-4a3e-9691-17f803db5723
insert into score (facility_rank, facility_score, price_rank, price_score, rank_average, surround_rank, surround_score, view_rank, view_score, score_id) values (?, ?, ?, ?, ?, ?, ?, ?, ?, ?)
insert into score (facility_rank, facility_score, price_rank, price_score, rank_average, surround_rank, surround_score, view_rank, view_score, score_id) values (4.786388841568544, 760.0, 0.605824213721724, 750.0, 9.707824355026917, 5.877133352699789, 770.0, 8.24711001276832, 740.0, 76);
2022-10-10 14:33:46.857  INFO 4460 --- [    Test worker] p6spy                                    : #1665380026857 | took 0ms | statement | connection 18| url jdbc:h2:mem:ad3a9e80-f26d-4a3e-9691-17f803db5723
insert into picture (spot_id, url, picture_id) values (?, ?, ?)
insert into picture (spot_id, url, picture_id) values (NULL, 'java.io.StringReader@51fcecaa', 357);
2022-10-10 14:33:46.857  INFO 4460 --- [    Test worker] p6spy                                    : #1665380026857 | took 0ms | statement | connection 18| url jdbc:h2:mem:ad3a9e80-f26d-4a3e-9691-17f803db5723
insert into picture (spot_id, url, picture_id) values (?, ?, ?)
insert into picture (spot_id, url, picture_id) values (NULL, 'java.io.StringReader@144ba8cb', 358);
2022-10-10 14:33:46.857  INFO 4460 --- [    Test worker] p6spy                                    : #1665380026857 | took 0ms | statement | connection 18| url jdbc:h2:mem:ad3a9e80-f26d-4a3e-9691-17f803db5723
insert into picture (spot_id, url, picture_id) values (?, ?, ?)
insert into picture (spot_id, url, picture_id) values (NULL, 'java.io.StringReader@1a4dd83f', 359);
2022-10-10 14:33:46.857  INFO 4460 --- [    Test worker] p6spy                                    : #1665380026857 | took 0ms | statement | connection 18| url jdbc:h2:mem:ad3a9e80-f26d-4a3e-9691-17f803db5723
insert into spot (address, description, location, name, score_id, spot_id) values (?, ?, ?, ?, ?, ?)
insert into spot (address, description, location, name, score_id, spot_id) values (NULL, NULL, 'Andeok_myeon', NULL, 76, 142);
2022-10-10 14:33:46.857  INFO 4460 --- [    Test worker] p6spy                                    : #1665380026857 | took 0ms | statement | connection 18| url jdbc:h2:mem:ad3a9e80-f26d-4a3e-9691-17f803db5723
insert into member_spot (member_id, score, spot_id, member_spot_id) values (?, ?, ?, ?)
insert into member_spot (member_id, score, spot_id, member_spot_id) values (8, 0.0, 142, 360);
2022-10-10 14:33:46.857  INFO 4460 --- [    Test worker] p6spy                                    : #1665380026857 | took 0ms | statement | connection 18| url jdbc:h2:mem:ad3a9e80-f26d-4a3e-9691-17f803db5723
insert into review (content, spot_id, review_id) values (?, ?, ?)
insert into review (content, spot_id, review_id) values ('java.io.StringReader@14b620e5', 69, 78);
2022-10-10 14:33:46.858  INFO 4460 --- [    Test worker] p6spy                                    : #1665380026858 | took 0ms | statement | connection 18| url jdbc:h2:mem:ad3a9e80-f26d-4a3e-9691-17f803db5723
insert into favorite_spot (count, favorite_id, spot_id, favorite_spot_id) values (?, ?, ?, ?)
insert into favorite_spot (count, favorite_id, spot_id, favorite_spot_id) values (0, 28, 142, 144);
2022-10-10 14:33:46.858  INFO 4460 --- [    Test worker] p6spy                                    : #1665380026858 | took 0ms | statement | connection 18| url jdbc:h2:mem:ad3a9e80-f26d-4a3e-9691-17f803db5723
insert into score (facility_rank, facility_score, price_rank, price_score, rank_average, surround_rank, surround_score, view_rank, view_score, score_id) values (?, ?, ?, ?, ?, ?, ?, ?, ?, ?)
insert into score (facility_rank, facility_score, price_rank, price_score, rank_average, surround_rank, surround_score, view_rank, view_score, score_id) values (0.15497900577119195, 770.0, 3.16572875422946, 760.0, 5.414797322052527, 8.952035490764999, 780.0, 1.0558411745814955, 750.0, 77);
2022-10-10 14:33:46.858  INFO 4460 --- [    Test worker] p6spy                                    : #1665380026858 | took 0ms | statement | connection 18| url jdbc:h2:mem:ad3a9e80-f26d-4a3e-9691-17f803db5723
insert into picture (spot_id, url, picture_id) values (?, ?, ?)
insert into picture (spot_id, url, picture_id) values (NULL, 'java.io.StringReader@4d21ca52', 361);
2022-10-10 14:33:46.858  INFO 4460 --- [    Test worker] p6spy                                    : #1665380026858 | took 0ms | statement | connection 18| url jdbc:h2:mem:ad3a9e80-f26d-4a3e-9691-17f803db5723
insert into picture (spot_id, url, picture_id) values (?, ?, ?)
insert into picture (spot_id, url, picture_id) values (NULL, 'java.io.StringReader@4bafe92f', 362);
2022-10-10 14:33:46.858  INFO 4460 --- [    Test worker] p6spy                                    : #1665380026858 | took 0ms | statement | connection 18| url jdbc:h2:mem:ad3a9e80-f26d-4a3e-9691-17f803db5723
insert into picture (spot_id, url, picture_id) values (?, ?, ?)
insert into picture (spot_id, url, picture_id) values (NULL, 'java.io.StringReader@68b70470', 363);
2022-10-10 14:33:46.858  INFO 4460 --- [    Test worker] p6spy                                    : #1665380026858 | took 0ms | statement | connection 18| url jdbc:h2:mem:ad3a9e80-f26d-4a3e-9691-17f803db5723
insert into spot (address, description, location, name, score_id, spot_id) values (?, ?, ?, ?, ?, ?)
insert into spot (address, description, location, name, score_id, spot_id) values (NULL, NULL, 'Andeok_myeon', NULL, 77, 143);
2022-10-10 14:33:46.858  INFO 4460 --- [    Test worker] p6spy                                    : #1665380026858 | took 0ms | statement | connection 18| url jdbc:h2:mem:ad3a9e80-f26d-4a3e-9691-17f803db5723
insert into member_spot (member_id, score, spot_id, member_spot_id) values (?, ?, ?, ?)
insert into member_spot (member_id, score, spot_id, member_spot_id) values (8, 0.0, 143, 364);
2022-10-10 14:33:46.858  INFO 4460 --- [    Test worker] p6spy                                    : #1665380026858 | took 0ms | statement | connection 18| url jdbc:h2:mem:ad3a9e80-f26d-4a3e-9691-17f803db5723
insert into review (content, spot_id, review_id) values (?, ?, ?)
insert into review (content, spot_id, review_id) values ('java.io.StringReader@47b8e2', 69, 79);
2022-10-10 14:33:46.858  INFO 4460 --- [    Test worker] p6spy                                    : #1665380026858 | took 0ms | statement | connection 18| url jdbc:h2:mem:ad3a9e80-f26d-4a3e-9691-17f803db5723
insert into favorite_spot (count, favorite_id, spot_id, favorite_spot_id) values (?, ?, ?, ?)
insert into favorite_spot (count, favorite_id, spot_id, favorite_spot_id) values (0, 28, 143, 145);
2022-10-10 14:33:46.858  INFO 4460 --- [    Test worker] p6spy                                    : #1665380026858 | took 0ms | statement | connection 18| url jdbc:h2:mem:ad3a9e80-f26d-4a3e-9691-17f803db5723
insert into score (facility_rank, facility_score, price_rank, price_score, rank_average, surround_rank, surround_score, view_rank, view_score, score_id) values (?, ?, ?, ?, ?, ?, ?, ?, ?, ?)
insert into score (facility_rank, facility_score, price_rank, price_score, rank_average, surround_rank, surround_score, view_rank, view_score, score_id) values (2.122187888024877, 780.0, 6.533121787865351, 770.0, 5.639038139429853, 0.6653219455810022, 790.0, 3.3293705404097187, 760.0, 78);
2022-10-10 14:33:46.858  INFO 4460 --- [    Test worker] p6spy                                    : #1665380026858 | took 0ms | statement | connection 18| url jdbc:h2:mem:ad3a9e80-f26d-4a3e-9691-17f803db5723
insert into picture (spot_id, url, picture_id) values (?, ?, ?)
insert into picture (spot_id, url, picture_id) values (NULL, 'java.io.StringReader@34abfd7f', 365);
2022-10-10 14:33:46.858  INFO 4460 --- [    Test worker] p6spy                                    : #1665380026858 | took 0ms | statement | connection 18| url jdbc:h2:mem:ad3a9e80-f26d-4a3e-9691-17f803db5723
insert into picture (spot_id, url, picture_id) values (?, ?, ?)
insert into picture (spot_id, url, picture_id) values (NULL, 'java.io.StringReader@72842269', 366);
2022-10-10 14:33:46.858  INFO 4460 --- [    Test worker] p6spy                                    : #1665380026858 | took 0ms | statement | connection 18| url jdbc:h2:mem:ad3a9e80-f26d-4a3e-9691-17f803db5723
insert into picture (spot_id, url, picture_id) values (?, ?, ?)
insert into picture (spot_id, url, picture_id) values (NULL, 'java.io.StringReader@5aae7f30', 367);
2022-10-10 14:33:46.858  INFO 4460 --- [    Test worker] p6spy                                    : #1665380026858 | took 0ms | statement | connection 18| url jdbc:h2:mem:ad3a9e80-f26d-4a3e-9691-17f803db5723
insert into spot (address, description, location, name, score_id, spot_id) values (?, ?, ?, ?, ?, ?)
insert into spot (address, description, location, name, score_id, spot_id) values (NULL, NULL, 'Andeok_myeon', NULL, 78, 144);
2022-10-10 14:33:46.858  INFO 4460 --- [    Test worker] p6spy                                    : #1665380026858 | took 0ms | statement | connection 18| url jdbc:h2:mem:ad3a9e80-f26d-4a3e-9691-17f803db5723
insert into member_spot (member_id, score, spot_id, member_spot_id) values (?, ?, ?, ?)
insert into member_spot (member_id, score, spot_id, member_spot_id) values (8, 0.0, 144, 368);
2022-10-10 14:33:46.858  INFO 4460 --- [    Test worker] p6spy                                    : #1665380026858 | took 0ms | statement | connection 18| url jdbc:h2:mem:ad3a9e80-f26d-4a3e-9691-17f803db5723
insert into review (content, spot_id, review_id) values (?, ?, ?)
insert into review (content, spot_id, review_id) values ('java.io.StringReader@5ce3ae71', 69, 80);
2022-10-10 14:33:46.858  INFO 4460 --- [    Test worker] p6spy                                    : #1665380026858 | took 0ms | statement | connection 18| url jdbc:h2:mem:ad3a9e80-f26d-4a3e-9691-17f803db5723
insert into favorite_spot (count, favorite_id, spot_id, favorite_spot_id) values (?, ?, ?, ?)
insert into favorite_spot (count, favorite_id, spot_id, favorite_spot_id) values (0, 28, 144, 146);
2022-10-10 14:33:46.858  INFO 4460 --- [    Test worker] p6spy                                    : #1665380026858 | took 0ms | statement | connection 18| url jdbc:h2:mem:ad3a9e80-f26d-4a3e-9691-17f803db5723
insert into score (facility_rank, facility_score, price_rank, price_score, rank_average, surround_rank, surround_score, view_rank, view_score, score_id) values (?, ?, ?, ?, ?, ?, ?, ?, ?, ?)
insert into score (facility_rank, facility_score, price_rank, price_score, rank_average, surround_rank, surround_score, view_rank, view_score, score_id) values (7.22709422542165, 790.0, 4.48412670044553, 780.0, 1.2184578683919611, 6.194530900570037, 800.0, 0.27479357383563663, 770.0, 79);
2022-10-10 14:33:46.859  INFO 4460 --- [    Test worker] p6spy                                    : #1665380026859 | took 0ms | statement | connection 18| url jdbc:h2:mem:ad3a9e80-f26d-4a3e-9691-17f803db5723
insert into picture (spot_id, url, picture_id) values (?, ?, ?)
insert into picture (spot_id, url, picture_id) values (NULL, 'java.io.StringReader@6ae67bf6', 369);
2022-10-10 14:33:46.859  INFO 4460 --- [    Test worker] p6spy                                    : #1665380026859 | took 0ms | statement | connection 18| url jdbc:h2:mem:ad3a9e80-f26d-4a3e-9691-17f803db5723
insert into picture (spot_id, url, picture_id) values (?, ?, ?)
insert into picture (spot_id, url, picture_id) values (NULL, 'java.io.StringReader@39ad5a7d', 370);
2022-10-10 14:33:46.859  INFO 4460 --- [    Test worker] p6spy                                    : #1665380026859 | took 0ms | statement | connection 18| url jdbc:h2:mem:ad3a9e80-f26d-4a3e-9691-17f803db5723
insert into picture (spot_id, url, picture_id) values (?, ?, ?)
insert into picture (spot_id, url, picture_id) values (NULL, 'java.io.StringReader@297727ab', 371);
2022-10-10 14:33:46.859  INFO 4460 --- [    Test worker] p6spy                                    : #1665380026859 | took 0ms | statement | connection 18| url jdbc:h2:mem:ad3a9e80-f26d-4a3e-9691-17f803db5723
insert into spot (address, description, location, name, score_id, spot_id) values (?, ?, ?, ?, ?, ?)
insert into spot (address, description, location, name, score_id, spot_id) values (NULL, NULL, 'Andeok_myeon', NULL, 79, 145);
2022-10-10 14:33:46.859  INFO 4460 --- [    Test worker] p6spy                                    : #1665380026859 | took 0ms | statement | connection 18| url jdbc:h2:mem:ad3a9e80-f26d-4a3e-9691-17f803db5723
insert into member_spot (member_id, score, spot_id, member_spot_id) values (?, ?, ?, ?)
insert into member_spot (member_id, score, spot_id, member_spot_id) values (8, 0.0, 145, 372);
2022-10-10 14:33:46.859  INFO 4460 --- [    Test worker] p6spy                                    : #1665380026859 | took 0ms | statement | connection 18| url jdbc:h2:mem:ad3a9e80-f26d-4a3e-9691-17f803db5723
insert into review (content, spot_id, review_id) values (?, ?, ?)
insert into review (content, spot_id, review_id) values ('java.io.StringReader@168b28ef', 69, 81);
2022-10-10 14:33:46.859  INFO 4460 --- [    Test worker] p6spy                                    : #1665380026859 | took 0ms | statement | connection 18| url jdbc:h2:mem:ad3a9e80-f26d-4a3e-9691-17f803db5723
insert into favorite_spot (count, favorite_id, spot_id, favorite_spot_id) values (?, ?, ?, ?)
insert into favorite_spot (count, favorite_id, spot_id, favorite_spot_id) values (0, 28, 145, 147);
2022-10-10 14:33:46.859  INFO 4460 --- [    Test worker] p6spy                                    : #1665380026859 | took 0ms | statement | connection 18| url jdbc:h2:mem:ad3a9e80-f26d-4a3e-9691-17f803db5723
insert into score (facility_rank, facility_score, price_rank, price_score, rank_average, surround_rank, surround_score, view_rank, view_score, score_id) values (?, ?, ?, ?, ?, ?, ?, ?, ?, ?)
insert into score (facility_rank, facility_score, price_rank, price_score, rank_average, surround_rank, surround_score, view_rank, view_score, score_id) values (4.934916752170406, 800.0, 2.0718868592411352, 790.0, 8.202556641629803, 0.7300741573231562, 810.0, 1.7329700302179074, 780.0, 80);
2022-10-10 14:33:46.859  INFO 4460 --- [    Test worker] p6spy                                    : #1665380026859 | took 0ms | statement | connection 18| url jdbc:h2:mem:ad3a9e80-f26d-4a3e-9691-17f803db5723
insert into picture (spot_id, url, picture_id) values (?, ?, ?)
insert into picture (spot_id, url, picture_id) values (NULL, 'java.io.StringReader@2b4bcd6e', 373);
2022-10-10 14:33:46.859  INFO 4460 --- [    Test worker] p6spy                                    : #1665380026859 | took 0ms | statement | connection 18| url jdbc:h2:mem:ad3a9e80-f26d-4a3e-9691-17f803db5723
insert into picture (spot_id, url, picture_id) values (?, ?, ?)
insert into picture (spot_id, url, picture_id) values (NULL, 'java.io.StringReader@4374c46e', 374);
2022-10-10 14:33:46.859  INFO 4460 --- [    Test worker] p6spy                                    : #1665380026859 | took 0ms | statement | connection 18| url jdbc:h2:mem:ad3a9e80-f26d-4a3e-9691-17f803db5723
insert into picture (spot_id, url, picture_id) values (?, ?, ?)
insert into picture (spot_id, url, picture_id) values (NULL, 'java.io.StringReader@2094869b', 375);
2022-10-10 14:33:46.859  INFO 4460 --- [    Test worker] p6spy                                    : #1665380026859 | took 0ms | statement | connection 18| url jdbc:h2:mem:ad3a9e80-f26d-4a3e-9691-17f803db5723
insert into spot (address, description, location, name, score_id, spot_id) values (?, ?, ?, ?, ?, ?)
insert into spot (address, description, location, name, score_id, spot_id) values (NULL, NULL, 'Andeok_myeon', NULL, 80, 146);
2022-10-10 14:33:46.859  INFO 4460 --- [    Test worker] p6spy                                    : #1665380026859 | took 0ms | statement | connection 18| url jdbc:h2:mem:ad3a9e80-f26d-4a3e-9691-17f803db5723
insert into member_spot (member_id, score, spot_id, member_spot_id) values (?, ?, ?, ?)
insert into member_spot (member_id, score, spot_id, member_spot_id) values (8, 0.0, 146, 376);
2022-10-10 14:33:46.859  INFO 4460 --- [    Test worker] p6spy                                    : #1665380026859 | took 0ms | statement | connection 18| url jdbc:h2:mem:ad3a9e80-f26d-4a3e-9691-17f803db5723
insert into review (content, spot_id, review_id) values (?, ?, ?)
insert into review (content, spot_id, review_id) values ('java.io.StringReader@180ee8dd', 69, 82);
2022-10-10 14:33:46.859  INFO 4460 --- [    Test worker] p6spy                                    : #1665380026859 | took 0ms | statement | connection 18| url jdbc:h2:mem:ad3a9e80-f26d-4a3e-9691-17f803db5723
insert into favorite_spot (count, favorite_id, spot_id, favorite_spot_id) values (?, ?, ?, ?)
insert into favorite_spot (count, favorite_id, spot_id, favorite_spot_id) values (0, 28, 146, 148);
2022-10-10 14:33:46.859  INFO 4460 --- [    Test worker] p6spy                                    : #1665380026859 | took 0ms | statement | connection 18| url jdbc:h2:mem:ad3a9e80-f26d-4a3e-9691-17f803db5723
insert into score (facility_rank, facility_score, price_rank, price_score, rank_average, surround_rank, surround_score, view_rank, view_score, score_id) values (?, ?, ?, ?, ?, ?, ?, ?, ?, ?)
insert into score (facility_rank, facility_score, price_rank, price_score, rank_average, surround_rank, surround_score, view_rank, view_score, score_id) values (8.704912755944047, 810.0, 7.436948586453828, 800.0, 5.3513922167930765, 3.4994667347879815, 820.0, 6.680427484982355, 790.0, 81);
2022-10-10 14:33:46.860  INFO 4460 --- [    Test worker] p6spy                                    : #1665380026860 | took 0ms | statement | connection 18| url jdbc:h2:mem:ad3a9e80-f26d-4a3e-9691-17f803db5723
insert into picture (spot_id, url, picture_id) values (?, ?, ?)
insert into picture (spot_id, url, picture_id) values (NULL, 'java.io.StringReader@32f53573', 377);
2022-10-10 14:33:46.860  INFO 4460 --- [    Test worker] p6spy                                    : #1665380026860 | took 0ms | statement | connection 18| url jdbc:h2:mem:ad3a9e80-f26d-4a3e-9691-17f803db5723
insert into picture (spot_id, url, picture_id) values (?, ?, ?)
insert into picture (spot_id, url, picture_id) values (NULL, 'java.io.StringReader@440f434f', 378);
2022-10-10 14:33:46.860  INFO 4460 --- [    Test worker] p6spy                                    : #1665380026860 | took 0ms | statement | connection 18| url jdbc:h2:mem:ad3a9e80-f26d-4a3e-9691-17f803db5723
insert into picture (spot_id, url, picture_id) values (?, ?, ?)
insert into picture (spot_id, url, picture_id) values (NULL, 'java.io.StringReader@47fb7dbb', 379);
2022-10-10 14:33:46.860  INFO 4460 --- [    Test worker] p6spy                                    : #1665380026860 | took 0ms | statement | connection 18| url jdbc:h2:mem:ad3a9e80-f26d-4a3e-9691-17f803db5723
insert into spot (address, description, location, name, score_id, spot_id) values (?, ?, ?, ?, ?, ?)
insert into spot (address, description, location, name, score_id, spot_id) values (NULL, NULL, 'Andeok_myeon', NULL, 81, 147);
2022-10-10 14:33:46.860  INFO 4460 --- [    Test worker] p6spy                                    : #1665380026860 | took 0ms | statement | connection 18| url jdbc:h2:mem:ad3a9e80-f26d-4a3e-9691-17f803db5723
insert into member_spot (member_id, score, spot_id, member_spot_id) values (?, ?, ?, ?)
insert into member_spot (member_id, score, spot_id, member_spot_id) values (8, 0.0, 147, 380);
2022-10-10 14:33:46.860  INFO 4460 --- [    Test worker] p6spy                                    : #1665380026860 | took 0ms | statement | connection 18| url jdbc:h2:mem:ad3a9e80-f26d-4a3e-9691-17f803db5723
insert into review (content, spot_id, review_id) values (?, ?, ?)
insert into review (content, spot_id, review_id) values ('java.io.StringReader@5008c5a', 69, 83);
2022-10-10 14:33:46.860  INFO 4460 --- [    Test worker] p6spy                                    : #1665380026860 | took 0ms | statement | connection 18| url jdbc:h2:mem:ad3a9e80-f26d-4a3e-9691-17f803db5723
insert into favorite_spot (count, favorite_id, spot_id, favorite_spot_id) values (?, ?, ?, ?)
insert into favorite_spot (count, favorite_id, spot_id, favorite_spot_id) values (0, 28, 147, 149);
2022-10-10 14:33:46.860  INFO 4460 --- [    Test worker] p6spy                                    : #1665380026860 | took 0ms | statement | connection 18| url jdbc:h2:mem:ad3a9e80-f26d-4a3e-9691-17f803db5723
insert into score (facility_rank, facility_score, price_rank, price_score, rank_average, surround_rank, surround_score, view_rank, view_score, score_id) values (?, ?, ?, ?, ?, ?, ?, ?, ?, ?)
insert into score (facility_rank, facility_score, price_rank, price_score, rank_average, surround_rank, surround_score, view_rank, view_score, score_id) values (9.224266761653851, 820.0, 0.6859579818048245, 810.0, 8.20985101084479, 2.203005807787781, 830.0, 5.213485332143596, 800.0, 82);
2022-10-10 14:33:46.860  INFO 4460 --- [    Test worker] p6spy                                    : #1665380026860 | took 0ms | statement | connection 18| url jdbc:h2:mem:ad3a9e80-f26d-4a3e-9691-17f803db5723
insert into picture (spot_id, url, picture_id) values (?, ?, ?)
insert into picture (spot_id, url, picture_id) values (NULL, 'java.io.StringReader@6a3a3b93', 381);
2022-10-10 14:33:46.860  INFO 4460 --- [    Test worker] p6spy                                    : #1665380026860 | took 0ms | statement | connection 18| url jdbc:h2:mem:ad3a9e80-f26d-4a3e-9691-17f803db5723
insert into picture (spot_id, url, picture_id) values (?, ?, ?)
insert into picture (spot_id, url, picture_id) values (NULL, 'java.io.StringReader@3e063a21', 382);
2022-10-10 14:33:46.860  INFO 4460 --- [    Test worker] p6spy                                    : #1665380026860 | took 0ms | statement | connection 18| url jdbc:h2:mem:ad3a9e80-f26d-4a3e-9691-17f803db5723
insert into picture (spot_id, url, picture_id) values (?, ?, ?)
insert into picture (spot_id, url, picture_id) values (NULL, 'java.io.StringReader@2d8b8469', 383);
2022-10-10 14:33:46.860  INFO 4460 --- [    Test worker] p6spy                                    : #1665380026860 | took 0ms | statement | connection 18| url jdbc:h2:mem:ad3a9e80-f26d-4a3e-9691-17f803db5723
insert into spot (address, description, location, name, score_id, spot_id) values (?, ?, ?, ?, ?, ?)
insert into spot (address, description, location, name, score_id, spot_id) values (NULL, NULL, 'Andeok_myeon', NULL, 82, 148);
2022-10-10 14:33:46.860  INFO 4460 --- [    Test worker] p6spy                                    : #1665380026860 | took 0ms | statement | connection 18| url jdbc:h2:mem:ad3a9e80-f26d-4a3e-9691-17f803db5723
insert into member_spot (member_id, score, spot_id, member_spot_id) values (?, ?, ?, ?)
insert into member_spot (member_id, score, spot_id, member_spot_id) values (8, 0.0, 148, 384);
2022-10-10 14:33:46.860  INFO 4460 --- [    Test worker] p6spy                                    : #1665380026860 | took 0ms | statement | connection 18| url jdbc:h2:mem:ad3a9e80-f26d-4a3e-9691-17f803db5723
insert into review (content, spot_id, review_id) values (?, ?, ?)
insert into review (content, spot_id, review_id) values ('java.io.StringReader@5381acc6', 69, 84);
2022-10-10 14:33:46.860  INFO 4460 --- [    Test worker] p6spy                                    : #1665380026860 | took 0ms | statement | connection 18| url jdbc:h2:mem:ad3a9e80-f26d-4a3e-9691-17f803db5723
insert into favorite_spot (count, favorite_id, spot_id, favorite_spot_id) values (?, ?, ?, ?)
insert into favorite_spot (count, favorite_id, spot_id, favorite_spot_id) values (0, 28, 148, 150);
2022-10-10 14:33:46.860  INFO 4460 --- [    Test worker] p6spy                                    : #1665380026860 | took 0ms | statement | connection 18| url jdbc:h2:mem:ad3a9e80-f26d-4a3e-9691-17f803db5723
insert into score (facility_rank, facility_score, price_rank, price_score, rank_average, surround_rank, surround_score, view_rank, view_score, score_id) values (?, ?, ?, ?, ?, ?, ?, ?, ?, ?)
insert into score (facility_rank, facility_score, price_rank, price_score, rank_average, surround_rank, surround_score, view_rank, view_score, score_id) values (7.211120786252868, 830.0, 2.002810747677588, 820.0, 9.244491679354871, 3.9281516529456715, 840.0, 6.164395893877175, 810.0, 83);
2022-10-10 14:33:46.860  INFO 4460 --- [    Test worker] p6spy                                    : #1665380026860 | took 0ms | statement | connection 18| url jdbc:h2:mem:ad3a9e80-f26d-4a3e-9691-17f803db5723
insert into picture (spot_id, url, picture_id) values (?, ?, ?)
insert into picture (spot_id, url, picture_id) values (NULL, 'java.io.StringReader@28736857', 385);
2022-10-10 14:33:46.860  INFO 4460 --- [    Test worker] p6spy                                    : #1665380026860 | took 0ms | statement | connection 18| url jdbc:h2:mem:ad3a9e80-f26d-4a3e-9691-17f803db5723
insert into picture (spot_id, url, picture_id) values (?, ?, ?)
insert into picture (spot_id, url, picture_id) values (NULL, 'java.io.StringReader@73b77d07', 386);
2022-10-10 14:33:46.860  INFO 4460 --- [    Test worker] p6spy                                    : #1665380026860 | took 0ms | statement | connection 18| url jdbc:h2:mem:ad3a9e80-f26d-4a3e-9691-17f803db5723
insert into picture (spot_id, url, picture_id) values (?, ?, ?)
insert into picture (spot_id, url, picture_id) values (NULL, 'java.io.StringReader@3228b5a1', 387);
2022-10-10 14:33:46.860  INFO 4460 --- [    Test worker] p6spy                                    : #1665380026860 | took 0ms | statement | connection 18| url jdbc:h2:mem:ad3a9e80-f26d-4a3e-9691-17f803db5723
insert into spot (address, description, location, name, score_id, spot_id) values (?, ?, ?, ?, ?, ?)
insert into spot (address, description, location, name, score_id, spot_id) values (NULL, NULL, 'Andeok_myeon', NULL, 83, 149);
2022-10-10 14:33:46.860  INFO 4460 --- [    Test worker] p6spy                                    : #1665380026860 | took 0ms | statement | connection 18| url jdbc:h2:mem:ad3a9e80-f26d-4a3e-9691-17f803db5723
insert into member_spot (member_id, score, spot_id, member_spot_id) values (?, ?, ?, ?)
insert into member_spot (member_id, score, spot_id, member_spot_id) values (8, 0.0, 149, 388);
2022-10-10 14:33:46.860  INFO 4460 --- [    Test worker] p6spy                                    : #1665380026860 | took 0ms | statement | connection 18| url jdbc:h2:mem:ad3a9e80-f26d-4a3e-9691-17f803db5723
insert into review (content, spot_id, review_id) values (?, ?, ?)
insert into review (content, spot_id, review_id) values ('java.io.StringReader@48c7773', 69, 85);
2022-10-10 14:33:46.861  INFO 4460 --- [    Test worker] p6spy                                    : #1665380026861 | took 0ms | statement | connection 18| url jdbc:h2:mem:ad3a9e80-f26d-4a3e-9691-17f803db5723
insert into favorite_spot (count, favorite_id, spot_id, favorite_spot_id) values (?, ?, ?, ?)
insert into favorite_spot (count, favorite_id, spot_id, favorite_spot_id) values (0, 28, 149, 151);
2022-10-10 14:33:46.861  INFO 4460 --- [    Test worker] p6spy                                    : #1665380026861 | took 0ms | statement | connection 18| url jdbc:h2:mem:ad3a9e80-f26d-4a3e-9691-17f803db5723
insert into score (facility_rank, facility_score, price_rank, price_score, rank_average, surround_rank, surround_score, view_rank, view_score, score_id) values (?, ?, ?, ?, ?, ?, ?, ?, ?, ?)
insert into score (facility_rank, facility_score, price_rank, price_score, rank_average, surround_rank, surround_score, view_rank, view_score, score_id) values (9.999029324599372, 840.0, 5.258737979831542, 830.0, 3.719867674428059, 7.859226438568876, 850.0, 8.597785825805843, 820.0, 84);
2022-10-10 14:33:46.861  INFO 4460 --- [    Test worker] p6spy                                    : #1665380026861 | took 0ms | statement | connection 18| url jdbc:h2:mem:ad3a9e80-f26d-4a3e-9691-17f803db5723
insert into picture (spot_id, url, picture_id) values (?, ?, ?)
insert into picture (spot_id, url, picture_id) values (NULL, 'java.io.StringReader@2c7ddfa0', 389);
2022-10-10 14:33:46.861  INFO 4460 --- [    Test worker] p6spy                                    : #1665380026861 | took 0ms | statement | connection 18| url jdbc:h2:mem:ad3a9e80-f26d-4a3e-9691-17f803db5723
insert into picture (spot_id, url, picture_id) values (?, ?, ?)
insert into picture (spot_id, url, picture_id) values (NULL, 'java.io.StringReader@39008911', 390);
2022-10-10 14:33:46.861  INFO 4460 --- [    Test worker] p6spy                                    : #1665380026861 | took 0ms | statement | connection 18| url jdbc:h2:mem:ad3a9e80-f26d-4a3e-9691-17f803db5723
insert into picture (spot_id, url, picture_id) values (?, ?, ?)
insert into picture (spot_id, url, picture_id) values (NULL, 'java.io.StringReader@53365a58', 391);
2022-10-10 14:33:46.861  INFO 4460 --- [    Test worker] p6spy                                    : #1665380026861 | took 0ms | statement | connection 18| url jdbc:h2:mem:ad3a9e80-f26d-4a3e-9691-17f803db5723
insert into spot (address, description, location, name, score_id, spot_id) values (?, ?, ?, ?, ?, ?)
insert into spot (address, description, location, name, score_id, spot_id) values (NULL, NULL, 'Andeok_myeon', NULL, 84, 150);
2022-10-10 14:33:46.861  INFO 4460 --- [    Test worker] p6spy                                    : #1665380026861 | took 0ms | statement | connection 18| url jdbc:h2:mem:ad3a9e80-f26d-4a3e-9691-17f803db5723
insert into member_spot (member_id, score, spot_id, member_spot_id) values (?, ?, ?, ?)
insert into member_spot (member_id, score, spot_id, member_spot_id) values (8, 0.0, 150, 392);
2022-10-10 14:33:46.861  INFO 4460 --- [    Test worker] p6spy                                    : #1665380026861 | took 0ms | statement | connection 18| url jdbc:h2:mem:ad3a9e80-f26d-4a3e-9691-17f803db5723
insert into review (content, spot_id, review_id) values (?, ?, ?)
insert into review (content, spot_id, review_id) values ('java.io.StringReader@4d7143de', 69, 86);
2022-10-10 14:33:46.861  INFO 4460 --- [    Test worker] p6spy                                    : #1665380026861 | took 0ms | statement | connection 18| url jdbc:h2:mem:ad3a9e80-f26d-4a3e-9691-17f803db5723
insert into favorite_spot (count, favorite_id, spot_id, favorite_spot_id) values (?, ?, ?, ?)
insert into favorite_spot (count, favorite_id, spot_id, favorite_spot_id) values (0, 28, 150, 152);
2022-10-10 14:33:46.861  INFO 4460 --- [    Test worker] p6spy                                    : #1665380026861 | took 0ms | statement | connection 18| url jdbc:h2:mem:ad3a9e80-f26d-4a3e-9691-17f803db5723
insert into score (facility_rank, facility_score, price_rank, price_score, rank_average, surround_rank, surround_score, view_rank, view_score, score_id) values (?, ?, ?, ?, ?, ?, ?, ?, ?, ?)
insert into score (facility_rank, facility_score, price_rank, price_score, rank_average, surround_rank, surround_score, view_rank, view_score, score_id) values (0.889530436657493, 850.0, 4.588072494757789, 840.0, 1.6166601495424315, 8.577587127707574, 860.0, 3.195615271507034, 830.0, 85);
2022-10-10 14:33:46.861  INFO 4460 --- [    Test worker] p6spy                                    : #1665380026861 | took 0ms | statement | connection 18| url jdbc:h2:mem:ad3a9e80-f26d-4a3e-9691-17f803db5723
insert into picture (spot_id, url, picture_id) values (?, ?, ?)
insert into picture (spot_id, url, picture_id) values (NULL, 'java.io.StringReader@6911005b', 393);
2022-10-10 14:33:46.861  INFO 4460 --- [    Test worker] p6spy                                    : #1665380026861 | took 0ms | statement | connection 18| url jdbc:h2:mem:ad3a9e80-f26d-4a3e-9691-17f803db5723
insert into picture (spot_id, url, picture_id) values (?, ?, ?)
insert into picture (spot_id, url, picture_id) values (NULL, 'java.io.StringReader@6272fe30', 394);
2022-10-10 14:33:46.861  INFO 4460 --- [    Test worker] p6spy                                    : #1665380026861 | took 0ms | statement | connection 18| url jdbc:h2:mem:ad3a9e80-f26d-4a3e-9691-17f803db5723
insert into picture (spot_id, url, picture_id) values (?, ?, ?)
insert into picture (spot_id, url, picture_id) values (NULL, 'java.io.StringReader@5e56f24c', 395);
2022-10-10 14:33:46.861  INFO 4460 --- [    Test worker] p6spy                                    : #1665380026861 | took 0ms | statement | connection 18| url jdbc:h2:mem:ad3a9e80-f26d-4a3e-9691-17f803db5723
insert into spot (address, description, location, name, score_id, spot_id) values (?, ?, ?, ?, ?, ?)
insert into spot (address, description, location, name, score_id, spot_id) values (NULL, NULL, 'Andeok_myeon', NULL, 85, 151);
2022-10-10 14:33:46.861  INFO 4460 --- [    Test worker] p6spy                                    : #1665380026861 | took 0ms | statement | connection 18| url jdbc:h2:mem:ad3a9e80-f26d-4a3e-9691-17f803db5723
insert into member_spot (member_id, score, spot_id, member_spot_id) values (?, ?, ?, ?)
insert into member_spot (member_id, score, spot_id, member_spot_id) values (8, 0.0, 151, 396);
2022-10-10 14:33:46.861  INFO 4460 --- [    Test worker] p6spy                                    : #1665380026861 | took 0ms | statement | connection 18| url jdbc:h2:mem:ad3a9e80-f26d-4a3e-9691-17f803db5723
insert into review (content, spot_id, review_id) values (?, ?, ?)
insert into review (content, spot_id, review_id) values ('java.io.StringReader@2ed34811', 69, 87);
2022-10-10 14:33:46.861  INFO 4460 --- [    Test worker] p6spy                                    : #1665380026861 | took 0ms | statement | connection 18| url jdbc:h2:mem:ad3a9e80-f26d-4a3e-9691-17f803db5723
insert into favorite_spot (count, favorite_id, spot_id, favorite_spot_id) values (?, ?, ?, ?)
insert into favorite_spot (count, favorite_id, spot_id, favorite_spot_id) values (0, 28, 151, 153);
2022-10-10 14:33:46.861  INFO 4460 --- [    Test worker] p6spy                                    : #1665380026861 | took 0ms | statement | connection 18| url jdbc:h2:mem:ad3a9e80-f26d-4a3e-9691-17f803db5723
insert into score (facility_rank, facility_score, price_rank, price_score, rank_average, surround_rank, surround_score, view_rank, view_score, score_id) values (?, ?, ?, ?, ?, ?, ?, ?, ?, ?)
insert into score (facility_rank, facility_score, price_rank, price_score, rank_average, surround_rank, surround_score, view_rank, view_score, score_id) values (0.23956081398770257, 860.0, 3.3282977209422326, 850.0, 8.842826119461268, 0.2933484515864626, 870.0, 7.861107830484132, 840.0, 86);
2022-10-10 14:33:46.861  INFO 4460 --- [    Test worker] p6spy                                    : #1665380026861 | took 0ms | statement | connection 18| url jdbc:h2:mem:ad3a9e80-f26d-4a3e-9691-17f803db5723
insert into picture (spot_id, url, picture_id) values (?, ?, ?)
insert into picture (spot_id, url, picture_id) values (NULL, 'java.io.StringReader@44535df8', 397);
2022-10-10 14:33:46.861  INFO 4460 --- [    Test worker] p6spy                                    : #1665380026861 | took 0ms | statement | connection 18| url jdbc:h2:mem:ad3a9e80-f26d-4a3e-9691-17f803db5723
insert into picture (spot_id, url, picture_id) values (?, ?, ?)
insert into picture (spot_id, url, picture_id) values (NULL, 'java.io.StringReader@4071aa13', 398);
2022-10-10 14:33:46.861  INFO 4460 --- [    Test worker] p6spy                                    : #1665380026861 | took 0ms | statement | connection 18| url jdbc:h2:mem:ad3a9e80-f26d-4a3e-9691-17f803db5723
insert into picture (spot_id, url, picture_id) values (?, ?, ?)
insert into picture (spot_id, url, picture_id) values (NULL, 'java.io.StringReader@be73bbd', 399);
2022-10-10 14:33:46.861  INFO 4460 --- [    Test worker] p6spy                                    : #1665380026861 | took 0ms | statement | connection 18| url jdbc:h2:mem:ad3a9e80-f26d-4a3e-9691-17f803db5723
insert into spot (address, description, location, name, score_id, spot_id) values (?, ?, ?, ?, ?, ?)
insert into spot (address, description, location, name, score_id, spot_id) values (NULL, NULL, 'Andeok_myeon', NULL, 86, 152);
2022-10-10 14:33:46.861  INFO 4460 --- [    Test worker] p6spy                                    : #1665380026861 | took 0ms | statement | connection 18| url jdbc:h2:mem:ad3a9e80-f26d-4a3e-9691-17f803db5723
insert into member_spot (member_id, score, spot_id, member_spot_id) values (?, ?, ?, ?)
insert into member_spot (member_id, score, spot_id, member_spot_id) values (8, 0.0, 152, 400);
2022-10-10 14:33:46.862  INFO 4460 --- [    Test worker] p6spy                                    : #1665380026862 | took 0ms | statement | connection 18| url jdbc:h2:mem:ad3a9e80-f26d-4a3e-9691-17f803db5723
insert into review (content, spot_id, review_id) values (?, ?, ?)
insert into review (content, spot_id, review_id) values ('java.io.StringReader@5249b9c5', 69, 88);
2022-10-10 14:33:46.862  INFO 4460 --- [    Test worker] p6spy                                    : #1665380026862 | took 0ms | statement | connection 18| url jdbc:h2:mem:ad3a9e80-f26d-4a3e-9691-17f803db5723
insert into favorite_spot (count, favorite_id, spot_id, favorite_spot_id) values (?, ?, ?, ?)
insert into favorite_spot (count, favorite_id, spot_id, favorite_spot_id) values (0, 28, 152, 154);
2022-10-10 14:33:46.862  INFO 4460 --- [    Test worker] p6spy                                    : #1665380026862 | took 0ms | statement | connection 18| url jdbc:h2:mem:ad3a9e80-f26d-4a3e-9691-17f803db5723
insert into score (facility_rank, facility_score, price_rank, price_score, rank_average, surround_rank, surround_score, view_rank, view_score, score_id) values (?, ?, ?, ?, ?, ?, ?, ?, ?, ?)
insert into score (facility_rank, facility_score, price_rank, price_score, rank_average, surround_rank, surround_score, view_rank, view_score, score_id) values (7.665972258473101, 870.0, 8.857088157670885, 860.0, 9.841686981929177, 0.8415904533349028, 880.0, 3.628642809475254, 850.0, 87);
2022-10-10 14:33:46.862  INFO 4460 --- [    Test worker] p6spy                                    : #1665380026862 | took 0ms | statement | connection 18| url jdbc:h2:mem:ad3a9e80-f26d-4a3e-9691-17f803db5723
insert into picture (spot_id, url, picture_id) values (?, ?, ?)
insert into picture (spot_id, url, picture_id) values (NULL, 'java.io.StringReader@60a0094a', 401);
2022-10-10 14:33:46.862  INFO 4460 --- [    Test worker] p6spy                                    : #1665380026862 | took 0ms | statement | connection 18| url jdbc:h2:mem:ad3a9e80-f26d-4a3e-9691-17f803db5723
insert into picture (spot_id, url, picture_id) values (?, ?, ?)
insert into picture (spot_id, url, picture_id) values (NULL, 'java.io.StringReader@6969e079', 402);
2022-10-10 14:33:46.862  INFO 4460 --- [    Test worker] p6spy                                    : #1665380026862 | took 0ms | statement | connection 18| url jdbc:h2:mem:ad3a9e80-f26d-4a3e-9691-17f803db5723
insert into picture (spot_id, url, picture_id) values (?, ?, ?)
insert into picture (spot_id, url, picture_id) values (NULL, 'java.io.StringReader@46a9af36', 403);
2022-10-10 14:33:46.862  INFO 4460 --- [    Test worker] p6spy                                    : #1665380026862 | took 0ms | statement | connection 18| url jdbc:h2:mem:ad3a9e80-f26d-4a3e-9691-17f803db5723
insert into spot (address, description, location, name, score_id, spot_id) values (?, ?, ?, ?, ?, ?)
insert into spot (address, description, location, name, score_id, spot_id) values (NULL, NULL, 'Andeok_myeon', NULL, 87, 153);
2022-10-10 14:33:46.862  INFO 4460 --- [    Test worker] p6spy                                    : #1665380026862 | took 0ms | statement | connection 18| url jdbc:h2:mem:ad3a9e80-f26d-4a3e-9691-17f803db5723
insert into member_spot (member_id, score, spot_id, member_spot_id) values (?, ?, ?, ?)
insert into member_spot (member_id, score, spot_id, member_spot_id) values (8, 0.0, 153, 404);
2022-10-10 14:33:46.862  INFO 4460 --- [    Test worker] p6spy                                    : #1665380026862 | took 0ms | statement | connection 18| url jdbc:h2:mem:ad3a9e80-f26d-4a3e-9691-17f803db5723
insert into review (content, spot_id, review_id) values (?, ?, ?)
insert into review (content, spot_id, review_id) values ('java.io.StringReader@7190b5ce', 69, 89);
2022-10-10 14:33:46.862  INFO 4460 --- [    Test worker] p6spy                                    : #1665380026862 | took 0ms | statement | connection 18| url jdbc:h2:mem:ad3a9e80-f26d-4a3e-9691-17f803db5723
insert into favorite_spot (count, favorite_id, spot_id, favorite_spot_id) values (?, ?, ?, ?)
insert into favorite_spot (count, favorite_id, spot_id, favorite_spot_id) values (0, 28, 153, 155);
2022-10-10 14:33:46.862  INFO 4460 --- [    Test worker] p6spy                                    : #1665380026862 | took 0ms | statement | connection 18| url jdbc:h2:mem:ad3a9e80-f26d-4a3e-9691-17f803db5723
insert into score (facility_rank, facility_score, price_rank, price_score, rank_average, surround_rank, surround_score, view_rank, view_score, score_id) values (?, ?, ?, ?, ?, ?, ?, ?, ?, ?)
insert into score (facility_rank, facility_score, price_rank, price_score, rank_average, surround_rank, surround_score, view_rank, view_score, score_id) values (6.996206298965641, 880.0, 2.924867654252977, 870.0, 5.589103793861514, 2.6702502572710705, 890.0, 6.608371844224637, 860.0, 88);
2022-10-10 14:33:46.862  INFO 4460 --- [    Test worker] p6spy                                    : #1665380026862 | took 0ms | statement | connection 18| url jdbc:h2:mem:ad3a9e80-f26d-4a3e-9691-17f803db5723
insert into picture (spot_id, url, picture_id) values (?, ?, ?)
insert into picture (spot_id, url, picture_id) values (NULL, 'java.io.StringReader@5d33426a', 405);
2022-10-10 14:33:46.862  INFO 4460 --- [    Test worker] p6spy                                    : #1665380026862 | took 0ms | statement | connection 18| url jdbc:h2:mem:ad3a9e80-f26d-4a3e-9691-17f803db5723
insert into picture (spot_id, url, picture_id) values (?, ?, ?)
insert into picture (spot_id, url, picture_id) values (NULL, 'java.io.StringReader@389ae8f1', 406);
2022-10-10 14:33:46.862  INFO 4460 --- [    Test worker] p6spy                                    : #1665380026862 | took 0ms | statement | connection 18| url jdbc:h2:mem:ad3a9e80-f26d-4a3e-9691-17f803db5723
insert into picture (spot_id, url, picture_id) values (?, ?, ?)
insert into picture (spot_id, url, picture_id) values (NULL, 'java.io.StringReader@4886b6bd', 407);
2022-10-10 14:33:46.862  INFO 4460 --- [    Test worker] p6spy                                    : #1665380026862 | took 0ms | statement | connection 18| url jdbc:h2:mem:ad3a9e80-f26d-4a3e-9691-17f803db5723
insert into spot (address, description, location, name, score_id, spot_id) values (?, ?, ?, ?, ?, ?)
insert into spot (address, description, location, name, score_id, spot_id) values (NULL, NULL, 'Andeok_myeon', NULL, 88, 154);
2022-10-10 14:33:46.862  INFO 4460 --- [    Test worker] p6spy                                    : #1665380026862 | took 0ms | statement | connection 18| url jdbc:h2:mem:ad3a9e80-f26d-4a3e-9691-17f803db5723
insert into member_spot (member_id, score, spot_id, member_spot_id) values (?, ?, ?, ?)
insert into member_spot (member_id, score, spot_id, member_spot_id) values (8, 0.0, 154, 408);
2022-10-10 14:33:46.862  INFO 4460 --- [    Test worker] p6spy                                    : #1665380026862 | took 0ms | statement | connection 18| url jdbc:h2:mem:ad3a9e80-f26d-4a3e-9691-17f803db5723
insert into review (content, spot_id, review_id) values (?, ?, ?)
insert into review (content, spot_id, review_id) values ('java.io.StringReader@3f314bad', 69, 90);
2022-10-10 14:33:46.862  INFO 4460 --- [    Test worker] p6spy                                    : #1665380026862 | took 0ms | statement | connection 18| url jdbc:h2:mem:ad3a9e80-f26d-4a3e-9691-17f803db5723
insert into favorite_spot (count, favorite_id, spot_id, favorite_spot_id) values (?, ?, ?, ?)
insert into favorite_spot (count, favorite_id, spot_id, favorite_spot_id) values (0, 28, 154, 156);
2022-10-10 14:33:46.862  INFO 4460 --- [    Test worker] p6spy                                    : #1665380026862 | took 0ms | statement | connection 18| url jdbc:h2:mem:ad3a9e80-f26d-4a3e-9691-17f803db5723
insert into score (facility_rank, facility_score, price_rank, price_score, rank_average, surround_rank, surround_score, view_rank, view_score, score_id) values (?, ?, ?, ?, ?, ?, ?, ?, ?, ?)
insert into score (facility_rank, facility_score, price_rank, price_score, rank_average, surround_rank, surround_score, view_rank, view_score, score_id) values (3.3881613880342796, 890.0, 7.976062739705613, 880.0, 8.558597736807146, 2.9523801804146266, 900.0, 1.709949378349127, 870.0, 89);
2022-10-10 14:33:46.863  INFO 4460 --- [    Test worker] p6spy                                    : #1665380026862 | took 0ms | statement | connection 18| url jdbc:h2:mem:ad3a9e80-f26d-4a3e-9691-17f803db5723
insert into picture (spot_id, url, picture_id) values (?, ?, ?)
insert into picture (spot_id, url, picture_id) values (NULL, 'java.io.StringReader@5a5fb5ea', 409);
2022-10-10 14:33:46.863  INFO 4460 --- [    Test worker] p6spy                                    : #1665380026863 | took 0ms | statement | connection 18| url jdbc:h2:mem:ad3a9e80-f26d-4a3e-9691-17f803db5723
insert into picture (spot_id, url, picture_id) values (?, ?, ?)
insert into picture (spot_id, url, picture_id) values (NULL, 'java.io.StringReader@480a5088', 410);
2022-10-10 14:33:46.863  INFO 4460 --- [    Test worker] p6spy                                    : #1665380026863 | took 0ms | statement | connection 18| url jdbc:h2:mem:ad3a9e80-f26d-4a3e-9691-17f803db5723
insert into picture (spot_id, url, picture_id) values (?, ?, ?)
insert into picture (spot_id, url, picture_id) values (NULL, 'java.io.StringReader@4893b980', 411);
2022-10-10 14:33:46.863  INFO 4460 --- [    Test worker] p6spy                                    : #1665380026863 | took 0ms | statement | connection 18| url jdbc:h2:mem:ad3a9e80-f26d-4a3e-9691-17f803db5723
insert into spot (address, description, location, name, score_id, spot_id) values (?, ?, ?, ?, ?, ?)
insert into spot (address, description, location, name, score_id, spot_id) values (NULL, NULL, 'Andeok_myeon', NULL, 89, 155);
2022-10-10 14:33:46.863  INFO 4460 --- [    Test worker] p6spy                                    : #1665380026863 | took 0ms | statement | connection 18| url jdbc:h2:mem:ad3a9e80-f26d-4a3e-9691-17f803db5723
insert into member_spot (member_id, score, spot_id, member_spot_id) values (?, ?, ?, ?)
insert into member_spot (member_id, score, spot_id, member_spot_id) values (8, 0.0, 155, 412);
2022-10-10 14:33:46.863  INFO 4460 --- [    Test worker] p6spy                                    : #1665380026863 | took 0ms | statement | connection 18| url jdbc:h2:mem:ad3a9e80-f26d-4a3e-9691-17f803db5723
insert into review (content, spot_id, review_id) values (?, ?, ?)
insert into review (content, spot_id, review_id) values ('java.io.StringReader@76aef382', 69, 91);
2022-10-10 14:33:46.863  INFO 4460 --- [    Test worker] p6spy                                    : #1665380026863 | took 0ms | statement | connection 18| url jdbc:h2:mem:ad3a9e80-f26d-4a3e-9691-17f803db5723
insert into favorite_spot (count, favorite_id, spot_id, favorite_spot_id) values (?, ?, ?, ?)
insert into favorite_spot (count, favorite_id, spot_id, favorite_spot_id) values (0, 28, 155, 157);
2022-10-10 14:33:46.863  INFO 4460 --- [    Test worker] p6spy                                    : #1665380026863 | took 0ms | statement | connection 18| url jdbc:h2:mem:ad3a9e80-f26d-4a3e-9691-17f803db5723
insert into score (facility_rank, facility_score, price_rank, price_score, rank_average, surround_rank, surround_score, view_rank, view_score, score_id) values (?, ?, ?, ?, ?, ?, ?, ?, ?, ?)
insert into score (facility_rank, facility_score, price_rank, price_score, rank_average, surround_rank, surround_score, view_rank, view_score, score_id) values (2.138523928559776, 900.0, 5.08242837051712, 890.0, 7.304621986181502, 5.79226490269269, 910.0, 2.2744198550610872, 880.0, 90);
2022-10-10 14:33:46.863  INFO 4460 --- [    Test worker] p6spy                                    : #1665380026863 | took 0ms | statement | connection 18| url jdbc:h2:mem:ad3a9e80-f26d-4a3e-9691-17f803db5723
insert into picture (spot_id, url, picture_id) values (?, ?, ?)
insert into picture (spot_id, url, picture_id) values (NULL, 'java.io.StringReader@27a18433', 413);
2022-10-10 14:33:46.863  INFO 4460 --- [    Test worker] p6spy                                    : #1665380026863 | took 0ms | statement | connection 18| url jdbc:h2:mem:ad3a9e80-f26d-4a3e-9691-17f803db5723
insert into picture (spot_id, url, picture_id) values (?, ?, ?)
insert into picture (spot_id, url, picture_id) values (NULL, 'java.io.StringReader@aa16802', 414);
2022-10-10 14:33:46.863  INFO 4460 --- [    Test worker] p6spy                                    : #1665380026863 | took 0ms | statement | connection 18| url jdbc:h2:mem:ad3a9e80-f26d-4a3e-9691-17f803db5723
insert into picture (spot_id, url, picture_id) values (?, ?, ?)
insert into picture (spot_id, url, picture_id) values (NULL, 'java.io.StringReader@374ba9a8', 415);
2022-10-10 14:33:46.863  INFO 4460 --- [    Test worker] p6spy                                    : #1665380026863 | took 0ms | statement | connection 18| url jdbc:h2:mem:ad3a9e80-f26d-4a3e-9691-17f803db5723
insert into spot (address, description, location, name, score_id, spot_id) values (?, ?, ?, ?, ?, ?)
insert into spot (address, description, location, name, score_id, spot_id) values (NULL, NULL, 'Andeok_myeon', NULL, 90, 156);
2022-10-10 14:33:46.863  INFO 4460 --- [    Test worker] p6spy                                    : #1665380026863 | took 0ms | statement | connection 18| url jdbc:h2:mem:ad3a9e80-f26d-4a3e-9691-17f803db5723
insert into member_spot (member_id, score, spot_id, member_spot_id) values (?, ?, ?, ?)
insert into member_spot (member_id, score, spot_id, member_spot_id) values (8, 0.0, 156, 416);
2022-10-10 14:33:46.863  INFO 4460 --- [    Test worker] p6spy                                    : #1665380026863 | took 0ms | statement | connection 18| url jdbc:h2:mem:ad3a9e80-f26d-4a3e-9691-17f803db5723
insert into review (content, spot_id, review_id) values (?, ?, ?)
insert into review (content, spot_id, review_id) values ('java.io.StringReader@79948bcf', 69, 92);
2022-10-10 14:33:46.863  INFO 4460 --- [    Test worker] p6spy                                    : #1665380026863 | took 0ms | statement | connection 18| url jdbc:h2:mem:ad3a9e80-f26d-4a3e-9691-17f803db5723
insert into favorite_spot (count, favorite_id, spot_id, favorite_spot_id) values (?, ?, ?, ?)
insert into favorite_spot (count, favorite_id, spot_id, favorite_spot_id) values (0, 28, 156, 158);
2022-10-10 14:33:46.863  INFO 4460 --- [    Test worker] p6spy                                    : #1665380026863 | took 0ms | statement | connection 18| url jdbc:h2:mem:ad3a9e80-f26d-4a3e-9691-17f803db5723
insert into score (facility_rank, facility_score, price_rank, price_score, rank_average, surround_rank, surround_score, view_rank, view_score, score_id) values (?, ?, ?, ?, ?, ?, ?, ?, ?, ?)
insert into score (facility_rank, facility_score, price_rank, price_score, rank_average, surround_rank, surround_score, view_rank, view_score, score_id) values (8.256879617072615, 910.0, 5.167218477677082, 900.0, 1.1642170021667297, 8.493068113241293, 920.0, 8.406847169017901, 890.0, 91);
2022-10-10 14:33:46.863  INFO 4460 --- [    Test worker] p6spy                                    : #1665380026863 | took 0ms | statement | connection 18| url jdbc:h2:mem:ad3a9e80-f26d-4a3e-9691-17f803db5723
insert into picture (spot_id, url, picture_id) values (?, ?, ?)
insert into picture (spot_id, url, picture_id) values (NULL, 'java.io.StringReader@55002de6', 417);
2022-10-10 14:33:46.863  INFO 4460 --- [    Test worker] p6spy                                    : #1665380026863 | took 0ms | statement | connection 18| url jdbc:h2:mem:ad3a9e80-f26d-4a3e-9691-17f803db5723
insert into picture (spot_id, url, picture_id) values (?, ?, ?)
insert into picture (spot_id, url, picture_id) values (NULL, 'java.io.StringReader@4d2eb4c6', 418);
2022-10-10 14:33:46.863  INFO 4460 --- [    Test worker] p6spy                                    : #1665380026863 | took 0ms | statement | connection 18| url jdbc:h2:mem:ad3a9e80-f26d-4a3e-9691-17f803db5723
insert into picture (spot_id, url, picture_id) values (?, ?, ?)
insert into picture (spot_id, url, picture_id) values (NULL, 'java.io.StringReader@6400e810', 419);
2022-10-10 14:33:46.863  INFO 4460 --- [    Test worker] p6spy                                    : #1665380026863 | took 0ms | statement | connection 18| url jdbc:h2:mem:ad3a9e80-f26d-4a3e-9691-17f803db5723
insert into spot (address, description, location, name, score_id, spot_id) values (?, ?, ?, ?, ?, ?)
insert into spot (address, description, location, name, score_id, spot_id) values (NULL, NULL, 'Andeok_myeon', NULL, 91, 157);
2022-10-10 14:33:46.863  INFO 4460 --- [    Test worker] p6spy                                    : #1665380026863 | took 0ms | statement | connection 18| url jdbc:h2:mem:ad3a9e80-f26d-4a3e-9691-17f803db5723
insert into member_spot (member_id, score, spot_id, member_spot_id) values (?, ?, ?, ?)
insert into member_spot (member_id, score, spot_id, member_spot_id) values (8, 0.0, 157, 420);
2022-10-10 14:33:46.863  INFO 4460 --- [    Test worker] p6spy                                    : #1665380026863 | took 0ms | statement | connection 18| url jdbc:h2:mem:ad3a9e80-f26d-4a3e-9691-17f803db5723
insert into review (content, spot_id, review_id) values (?, ?, ?)
insert into review (content, spot_id, review_id) values ('java.io.StringReader@26d38b98', 69, 93);
2022-10-10 14:33:46.863  INFO 4460 --- [    Test worker] p6spy                                    : #1665380026863 | took 0ms | statement | connection 18| url jdbc:h2:mem:ad3a9e80-f26d-4a3e-9691-17f803db5723
insert into favorite_spot (count, favorite_id, spot_id, favorite_spot_id) values (?, ?, ?, ?)
insert into favorite_spot (count, favorite_id, spot_id, favorite_spot_id) values (0, 28, 157, 159);
2022-10-10 14:33:46.864  INFO 4460 --- [    Test worker] p6spy                                    : #1665380026864 | took 0ms | statement | connection 18| url jdbc:h2:mem:ad3a9e80-f26d-4a3e-9691-17f803db5723
insert into score (facility_rank, facility_score, price_rank, price_score, rank_average, surround_rank, surround_score, view_rank, view_score, score_id) values (?, ?, ?, ?, ?, ?, ?, ?, ?, ?)
insert into score (facility_rank, facility_score, price_rank, price_score, rank_average, surround_rank, surround_score, view_rank, view_score, score_id) values (4.746730741747199, 920.0, 4.139023982204712, 910.0, 2.7168702393649213, 9.503426717177861, 930.0, 2.5717246348661362, 900.0, 92);
2022-10-10 14:33:46.864  INFO 4460 --- [    Test worker] p6spy                                    : #1665380026864 | took 0ms | statement | connection 18| url jdbc:h2:mem:ad3a9e80-f26d-4a3e-9691-17f803db5723
insert into picture (spot_id, url, picture_id) values (?, ?, ?)
insert into picture (spot_id, url, picture_id) values (NULL, 'java.io.StringReader@73e45afe', 421);
2022-10-10 14:33:46.864  INFO 4460 --- [    Test worker] p6spy                                    : #1665380026864 | took 0ms | statement | connection 18| url jdbc:h2:mem:ad3a9e80-f26d-4a3e-9691-17f803db5723
insert into picture (spot_id, url, picture_id) values (?, ?, ?)
insert into picture (spot_id, url, picture_id) values (NULL, 'java.io.StringReader@c0ed96c', 422);
2022-10-10 14:33:46.864  INFO 4460 --- [    Test worker] p6spy                                    : #1665380026864 | took 0ms | statement | connection 18| url jdbc:h2:mem:ad3a9e80-f26d-4a3e-9691-17f803db5723
insert into picture (spot_id, url, picture_id) values (?, ?, ?)
insert into picture (spot_id, url, picture_id) values (NULL, 'java.io.StringReader@6d8c1584', 423);
2022-10-10 14:33:46.864  INFO 4460 --- [    Test worker] p6spy                                    : #1665380026864 | took 0ms | statement | connection 18| url jdbc:h2:mem:ad3a9e80-f26d-4a3e-9691-17f803db5723
insert into spot (address, description, location, name, score_id, spot_id) values (?, ?, ?, ?, ?, ?)
insert into spot (address, description, location, name, score_id, spot_id) values (NULL, NULL, 'Andeok_myeon', NULL, 92, 158);
2022-10-10 14:33:46.864  INFO 4460 --- [    Test worker] p6spy                                    : #1665380026864 | took 0ms | statement | connection 18| url jdbc:h2:mem:ad3a9e80-f26d-4a3e-9691-17f803db5723
insert into member_spot (member_id, score, spot_id, member_spot_id) values (?, ?, ?, ?)
insert into member_spot (member_id, score, spot_id, member_spot_id) values (8, 0.0, 158, 424);
2022-10-10 14:33:46.864  INFO 4460 --- [    Test worker] p6spy                                    : #1665380026864 | took 0ms | statement | connection 18| url jdbc:h2:mem:ad3a9e80-f26d-4a3e-9691-17f803db5723
insert into review (content, spot_id, review_id) values (?, ?, ?)
insert into review (content, spot_id, review_id) values ('java.io.StringReader@63d93e91', 69, 94);
2022-10-10 14:33:46.864  INFO 4460 --- [    Test worker] p6spy                                    : #1665380026864 | took 0ms | statement | connection 18| url jdbc:h2:mem:ad3a9e80-f26d-4a3e-9691-17f803db5723
insert into favorite_spot (count, favorite_id, spot_id, favorite_spot_id) values (?, ?, ?, ?)
insert into favorite_spot (count, favorite_id, spot_id, favorite_spot_id) values (0, 28, 158, 160);
2022-10-10 14:33:46.864  INFO 4460 --- [    Test worker] p6spy                                    : #1665380026864 | took 0ms | statement | connection 18| url jdbc:h2:mem:ad3a9e80-f26d-4a3e-9691-17f803db5723
insert into score (facility_rank, facility_score, price_rank, price_score, rank_average, surround_rank, surround_score, view_rank, view_score, score_id) values (?, ?, ?, ?, ?, ?, ?, ?, ?, ?)
insert into score (facility_rank, facility_score, price_rank, price_score, rank_average, surround_rank, surround_score, view_rank, view_score, score_id) values (4.9334690472319345, 930.0, 8.756914544121141, 920.0, 2.348885170749605, 7.098030557896335, 940.0, 9.58212158371479, 910.0, 93);
2022-10-10 14:33:46.864  INFO 4460 --- [    Test worker] p6spy                                    : #1665380026864 | took 0ms | statement | connection 18| url jdbc:h2:mem:ad3a9e80-f26d-4a3e-9691-17f803db5723
insert into picture (spot_id, url, picture_id) values (?, ?, ?)
insert into picture (spot_id, url, picture_id) values (NULL, 'java.io.StringReader@480f1b59', 425);
2022-10-10 14:33:46.864  INFO 4460 --- [    Test worker] p6spy                                    : #1665380026864 | took 0ms | statement | connection 18| url jdbc:h2:mem:ad3a9e80-f26d-4a3e-9691-17f803db5723
insert into picture (spot_id, url, picture_id) values (?, ?, ?)
insert into picture (spot_id, url, picture_id) values (NULL, 'java.io.StringReader@2492f6fb', 426);
2022-10-10 14:33:46.864  INFO 4460 --- [    Test worker] p6spy                                    : #1665380026864 | took 0ms | statement | connection 18| url jdbc:h2:mem:ad3a9e80-f26d-4a3e-9691-17f803db5723
insert into picture (spot_id, url, picture_id) values (?, ?, ?)
insert into picture (spot_id, url, picture_id) values (NULL, 'java.io.StringReader@1f022bcf', 427);
2022-10-10 14:33:46.864  INFO 4460 --- [    Test worker] p6spy                                    : #1665380026864 | took 0ms | statement | connection 18| url jdbc:h2:mem:ad3a9e80-f26d-4a3e-9691-17f803db5723
insert into spot (address, description, location, name, score_id, spot_id) values (?, ?, ?, ?, ?, ?)
insert into spot (address, description, location, name, score_id, spot_id) values (NULL, NULL, 'Andeok_myeon', NULL, 93, 159);
2022-10-10 14:33:46.864  INFO 4460 --- [    Test worker] p6spy                                    : #1665380026864 | took 0ms | statement | connection 18| url jdbc:h2:mem:ad3a9e80-f26d-4a3e-9691-17f803db5723
insert into member_spot (member_id, score, spot_id, member_spot_id) values (?, ?, ?, ?)
insert into member_spot (member_id, score, spot_id, member_spot_id) values (8, 0.0, 159, 428);
2022-10-10 14:33:46.864  INFO 4460 --- [    Test worker] p6spy                                    : #1665380026864 | took 0ms | statement | connection 18| url jdbc:h2:mem:ad3a9e80-f26d-4a3e-9691-17f803db5723
insert into review (content, spot_id, review_id) values (?, ?, ?)
insert into review (content, spot_id, review_id) values ('java.io.StringReader@38c408c7', 69, 95);
2022-10-10 14:33:46.864  INFO 4460 --- [    Test worker] p6spy                                    : #1665380026864 | took 0ms | statement | connection 18| url jdbc:h2:mem:ad3a9e80-f26d-4a3e-9691-17f803db5723
insert into favorite_spot (count, favorite_id, spot_id, favorite_spot_id) values (?, ?, ?, ?)
insert into favorite_spot (count, favorite_id, spot_id, favorite_spot_id) values (0, 28, 159, 161);
2022-10-10 14:33:46.864  INFO 4460 --- [    Test worker] p6spy                                    : #1665380026864 | took 0ms | statement | connection 18| url jdbc:h2:mem:ad3a9e80-f26d-4a3e-9691-17f803db5723
insert into score (facility_rank, facility_score, price_rank, price_score, rank_average, surround_rank, surround_score, view_rank, view_score, score_id) values (?, ?, ?, ?, ?, ?, ?, ?, ?, ?)
insert into score (facility_rank, facility_score, price_rank, price_score, rank_average, surround_rank, surround_score, view_rank, view_score, score_id) values (2.7677928154798748, 940.0, 2.626240213980343, 930.0, 3.7402890250425136, 0.8437100745244841, 950.0, 5.281054420660824, 920.0, 94);
2022-10-10 14:33:46.864  INFO 4460 --- [    Test worker] p6spy                                    : #1665380026864 | took 0ms | statement | connection 18| url jdbc:h2:mem:ad3a9e80-f26d-4a3e-9691-17f803db5723
insert into picture (spot_id, url, picture_id) values (?, ?, ?)
insert into picture (spot_id, url, picture_id) values (NULL, 'java.io.StringReader@b51afb2', 429);
2022-10-10 14:33:46.864  INFO 4460 --- [    Test worker] p6spy                                    : #1665380026864 | took 0ms | statement | connection 18| url jdbc:h2:mem:ad3a9e80-f26d-4a3e-9691-17f803db5723
insert into picture (spot_id, url, picture_id) values (?, ?, ?)
insert into picture (spot_id, url, picture_id) values (NULL, 'java.io.StringReader@5b7e6e2d', 430);
2022-10-10 14:33:46.864  INFO 4460 --- [    Test worker] p6spy                                    : #1665380026864 | took 0ms | statement | connection 18| url jdbc:h2:mem:ad3a9e80-f26d-4a3e-9691-17f803db5723
insert into picture (spot_id, url, picture_id) values (?, ?, ?)
insert into picture (spot_id, url, picture_id) values (NULL, 'java.io.StringReader@726d34de', 431);
2022-10-10 14:33:46.864  INFO 4460 --- [    Test worker] p6spy                                    : #1665380026864 | took 0ms | statement | connection 18| url jdbc:h2:mem:ad3a9e80-f26d-4a3e-9691-17f803db5723
insert into spot (address, description, location, name, score_id, spot_id) values (?, ?, ?, ?, ?, ?)
insert into spot (address, description, location, name, score_id, spot_id) values (NULL, NULL, 'Andeok_myeon', NULL, 94, 160);
2022-10-10 14:33:46.864  INFO 4460 --- [    Test worker] p6spy                                    : #1665380026864 | took 0ms | statement | connection 18| url jdbc:h2:mem:ad3a9e80-f26d-4a3e-9691-17f803db5723
insert into member_spot (member_id, score, spot_id, member_spot_id) values (?, ?, ?, ?)
insert into member_spot (member_id, score, spot_id, member_spot_id) values (8, 0.0, 160, 432);
2022-10-10 14:33:46.864  INFO 4460 --- [    Test worker] p6spy                                    : #1665380026864 | took 0ms | statement | connection 18| url jdbc:h2:mem:ad3a9e80-f26d-4a3e-9691-17f803db5723
insert into review (content, spot_id, review_id) values (?, ?, ?)
insert into review (content, spot_id, review_id) values ('java.io.StringReader@5b0eb43f', 69, 96);
2022-10-10 14:33:46.864  INFO 4460 --- [    Test worker] p6spy                                    : #1665380026864 | took 0ms | statement | connection 18| url jdbc:h2:mem:ad3a9e80-f26d-4a3e-9691-17f803db5723
insert into favorite_spot (count, favorite_id, spot_id, favorite_spot_id) values (?, ?, ?, ?)
insert into favorite_spot (count, favorite_id, spot_id, favorite_spot_id) values (0, 28, 160, 162);
2022-10-10 14:33:46.865  INFO 4460 --- [    Test worker] p6spy                                    : #1665380026865 | took 0ms | statement | connection 18| url jdbc:h2:mem:ad3a9e80-f26d-4a3e-9691-17f803db5723
insert into score (facility_rank, facility_score, price_rank, price_score, rank_average, surround_rank, surround_score, view_rank, view_score, score_id) values (?, ?, ?, ?, ?, ?, ?, ?, ?, ?)
insert into score (facility_rank, facility_score, price_rank, price_score, rank_average, surround_rank, surround_score, view_rank, view_score, score_id) values (5.543748631909145, 950.0, 6.499205044135642, 940.0, 7.243941261957941, 4.982391613701341, 960.0, 3.263160644191603, 930.0, 95);
2022-10-10 14:33:46.865  INFO 4460 --- [    Test worker] p6spy                                    : #1665380026865 | took 0ms | statement | connection 18| url jdbc:h2:mem:ad3a9e80-f26d-4a3e-9691-17f803db5723
insert into picture (spot_id, url, picture_id) values (?, ?, ?)
insert into picture (spot_id, url, picture_id) values (NULL, 'java.io.StringReader@52357015', 433);
2022-10-10 14:33:46.865  INFO 4460 --- [    Test worker] p6spy                                    : #1665380026865 | took 0ms | statement | connection 18| url jdbc:h2:mem:ad3a9e80-f26d-4a3e-9691-17f803db5723
insert into picture (spot_id, url, picture_id) values (?, ?, ?)
insert into picture (spot_id, url, picture_id) values (NULL, 'java.io.StringReader@21775abc', 434);
2022-10-10 14:33:46.865  INFO 4460 --- [    Test worker] p6spy                                    : #1665380026865 | took 0ms | statement | connection 18| url jdbc:h2:mem:ad3a9e80-f26d-4a3e-9691-17f803db5723
insert into picture (spot_id, url, picture_id) values (?, ?, ?)
insert into picture (spot_id, url, picture_id) values (NULL, 'java.io.StringReader@4ed70448', 435);
2022-10-10 14:33:46.865  INFO 4460 --- [    Test worker] p6spy                                    : #1665380026865 | took 0ms | statement | connection 18| url jdbc:h2:mem:ad3a9e80-f26d-4a3e-9691-17f803db5723
insert into spot (address, description, location, name, score_id, spot_id) values (?, ?, ?, ?, ?, ?)
insert into spot (address, description, location, name, score_id, spot_id) values (NULL, NULL, 'Andeok_myeon', NULL, 95, 161);
2022-10-10 14:33:46.865  INFO 4460 --- [    Test worker] p6spy                                    : #1665380026865 | took 0ms | statement | connection 18| url jdbc:h2:mem:ad3a9e80-f26d-4a3e-9691-17f803db5723
insert into member_spot (member_id, score, spot_id, member_spot_id) values (?, ?, ?, ?)
insert into member_spot (member_id, score, spot_id, member_spot_id) values (8, 0.0, 161, 436);
2022-10-10 14:33:46.872  INFO 4460 --- [    Test worker] p6spy                                    : #1665380026872 | took 0ms | statement | connection 18| url jdbc:h2:mem:ad3a9e80-f26d-4a3e-9691-17f803db5723
insert into review (content, spot_id, review_id) values (?, ?, ?)
insert into review (content, spot_id, review_id) values ('java.io.StringReader@402cdf60', 69, 97);
2022-10-10 14:33:46.872  INFO 4460 --- [    Test worker] p6spy                                    : #1665380026872 | took 0ms | statement | connection 18| url jdbc:h2:mem:ad3a9e80-f26d-4a3e-9691-17f803db5723
insert into favorite_spot (count, favorite_id, spot_id, favorite_spot_id) values (?, ?, ?, ?)
insert into favorite_spot (count, favorite_id, spot_id, favorite_spot_id) values (0, 28, 161, 163);
2022-10-10 14:33:46.872  INFO 4460 --- [    Test worker] p6spy                                    : #1665380026872 | took 0ms | statement | connection 18| url jdbc:h2:mem:ad3a9e80-f26d-4a3e-9691-17f803db5723
insert into score (facility_rank, facility_score, price_rank, price_score, rank_average, surround_rank, surround_score, view_rank, view_score, score_id) values (?, ?, ?, ?, ?, ?, ?, ?, ?, ?)
insert into score (facility_rank, facility_score, price_rank, price_score, rank_average, surround_rank, surround_score, view_rank, view_score, score_id) values (3.155247371730534, 960.0, 4.161843592109178, 950.0, 8.14853365817722, 0.3326295894005149, 970.0, 6.662062348427879, 940.0, 96);
2022-10-10 14:33:46.872  INFO 4460 --- [    Test worker] p6spy                                    : #1665380026872 | took 0ms | statement | connection 18| url jdbc:h2:mem:ad3a9e80-f26d-4a3e-9691-17f803db5723
insert into picture (spot_id, url, picture_id) values (?, ?, ?)
insert into picture (spot_id, url, picture_id) values (NULL, 'java.io.StringReader@46710018', 437);
2022-10-10 14:33:46.872  INFO 4460 --- [    Test worker] p6spy                                    : #1665380026872 | took 0ms | statement | connection 18| url jdbc:h2:mem:ad3a9e80-f26d-4a3e-9691-17f803db5723
insert into picture (spot_id, url, picture_id) values (?, ?, ?)
insert into picture (spot_id, url, picture_id) values (NULL, 'java.io.StringReader@568e814c', 438);
2022-10-10 14:33:46.872  INFO 4460 --- [    Test worker] p6spy                                    : #1665380026872 | took 0ms | statement | connection 18| url jdbc:h2:mem:ad3a9e80-f26d-4a3e-9691-17f803db5723
insert into picture (spot_id, url, picture_id) values (?, ?, ?)
insert into picture (spot_id, url, picture_id) values (NULL, 'java.io.StringReader@568c4909', 439);
2022-10-10 14:33:46.872  INFO 4460 --- [    Test worker] p6spy                                    : #1665380026872 | took 0ms | statement | connection 18| url jdbc:h2:mem:ad3a9e80-f26d-4a3e-9691-17f803db5723
insert into spot (address, description, location, name, score_id, spot_id) values (?, ?, ?, ?, ?, ?)
insert into spot (address, description, location, name, score_id, spot_id) values (NULL, NULL, 'Andeok_myeon', NULL, 96, 162);
2022-10-10 14:33:46.872  INFO 4460 --- [    Test worker] p6spy                                    : #1665380026872 | took 0ms | statement | connection 18| url jdbc:h2:mem:ad3a9e80-f26d-4a3e-9691-17f803db5723
insert into member_spot (member_id, score, spot_id, member_spot_id) values (?, ?, ?, ?)
insert into member_spot (member_id, score, spot_id, member_spot_id) values (8, 0.0, 162, 440);
2022-10-10 14:33:46.872  INFO 4460 --- [    Test worker] p6spy                                    : #1665380026872 | took 0ms | statement | connection 18| url jdbc:h2:mem:ad3a9e80-f26d-4a3e-9691-17f803db5723
insert into review (content, spot_id, review_id) values (?, ?, ?)
insert into review (content, spot_id, review_id) values ('java.io.StringReader@70886b0e', 69, 98);
2022-10-10 14:33:46.872  INFO 4460 --- [    Test worker] p6spy                                    : #1665380026872 | took 0ms | statement | connection 18| url jdbc:h2:mem:ad3a9e80-f26d-4a3e-9691-17f803db5723
insert into favorite_spot (count, favorite_id, spot_id, favorite_spot_id) values (?, ?, ?, ?)
insert into favorite_spot (count, favorite_id, spot_id, favorite_spot_id) values (0, 28, 162, 164);
2022-10-10 14:33:46.873  INFO 4460 --- [    Test worker] p6spy                                    : #1665380026873 | took 0ms | statement | connection 18| url jdbc:h2:mem:ad3a9e80-f26d-4a3e-9691-17f803db5723
insert into score (facility_rank, facility_score, price_rank, price_score, rank_average, surround_rank, surround_score, view_rank, view_score, score_id) values (?, ?, ?, ?, ?, ?, ?, ?, ?, ?)
insert into score (facility_rank, facility_score, price_rank, price_score, rank_average, surround_rank, surround_score, view_rank, view_score, score_id) values (9.744266299903753, 970.0, 7.366826276753078, 960.0, 3.3724286727309294, 6.286593324663885, 980.0, 6.406329668655834, 950.0, 97);
2022-10-10 14:33:46.873  INFO 4460 --- [    Test worker] p6spy                                    : #1665380026873 | took 0ms | statement | connection 18| url jdbc:h2:mem:ad3a9e80-f26d-4a3e-9691-17f803db5723
insert into picture (spot_id, url, picture_id) values (?, ?, ?)
insert into picture (spot_id, url, picture_id) values (NULL, 'java.io.StringReader@1880dbb2', 441);
2022-10-10 14:33:46.873  INFO 4460 --- [    Test worker] p6spy                                    : #1665380026873 | took 0ms | statement | connection 18| url jdbc:h2:mem:ad3a9e80-f26d-4a3e-9691-17f803db5723
insert into picture (spot_id, url, picture_id) values (?, ?, ?)
insert into picture (spot_id, url, picture_id) values (NULL, 'java.io.StringReader@2388307', 442);
2022-10-10 14:33:46.873  INFO 4460 --- [    Test worker] p6spy                                    : #1665380026873 | took 0ms | statement | connection 18| url jdbc:h2:mem:ad3a9e80-f26d-4a3e-9691-17f803db5723
insert into picture (spot_id, url, picture_id) values (?, ?, ?)
insert into picture (spot_id, url, picture_id) values (NULL, 'java.io.StringReader@29d14018', 443);
2022-10-10 14:33:46.873  INFO 4460 --- [    Test worker] p6spy                                    : #1665380026873 | took 0ms | statement | connection 18| url jdbc:h2:mem:ad3a9e80-f26d-4a3e-9691-17f803db5723
insert into spot (address, description, location, name, score_id, spot_id) values (?, ?, ?, ?, ?, ?)
insert into spot (address, description, location, name, score_id, spot_id) values (NULL, NULL, 'Andeok_myeon', NULL, 97, 163);
2022-10-10 14:33:46.873  INFO 4460 --- [    Test worker] p6spy                                    : #1665380026873 | took 0ms | statement | connection 18| url jdbc:h2:mem:ad3a9e80-f26d-4a3e-9691-17f803db5723
insert into member_spot (member_id, score, spot_id, member_spot_id) values (?, ?, ?, ?)
insert into member_spot (member_id, score, spot_id, member_spot_id) values (8, 0.0, 163, 444);
2022-10-10 14:33:46.873  INFO 4460 --- [    Test worker] p6spy                                    : #1665380026873 | took 0ms | statement | connection 18| url jdbc:h2:mem:ad3a9e80-f26d-4a3e-9691-17f803db5723
insert into review (content, spot_id, review_id) values (?, ?, ?)
insert into review (content, spot_id, review_id) values ('java.io.StringReader@31e5554e', 69, 99);
2022-10-10 14:33:46.873  INFO 4460 --- [    Test worker] p6spy                                    : #1665380026873 | took 0ms | statement | connection 18| url jdbc:h2:mem:ad3a9e80-f26d-4a3e-9691-17f803db5723
insert into favorite_spot (count, favorite_id, spot_id, favorite_spot_id) values (?, ?, ?, ?)
insert into favorite_spot (count, favorite_id, spot_id, favorite_spot_id) values (0, 28, 163, 165);
2022-10-10 14:33:46.873  INFO 4460 --- [    Test worker] p6spy                                    : #1665380026873 | took 0ms | statement | connection 18| url jdbc:h2:mem:ad3a9e80-f26d-4a3e-9691-17f803db5723
insert into score (facility_rank, facility_score, price_rank, price_score, rank_average, surround_rank, surround_score, view_rank, view_score, score_id) values (?, ?, ?, ?, ?, ?, ?, ?, ?, ?)
insert into score (facility_rank, facility_score, price_rank, price_score, rank_average, surround_rank, surround_score, view_rank, view_score, score_id) values (3.2846656462126744, 980.0, 9.744852171376287, 970.0, 9.927994565262699, 7.39691398493192, 990.0, 7.4465541794974595, 960.0, 98);
2022-10-10 14:33:46.873  INFO 4460 --- [    Test worker] p6spy                                    : #1665380026873 | took 0ms | statement | connection 18| url jdbc:h2:mem:ad3a9e80-f26d-4a3e-9691-17f803db5723
insert into picture (spot_id, url, picture_id) values (?, ?, ?)
insert into picture (spot_id, url, picture_id) values (NULL, 'java.io.StringReader@14944a7b', 445);
2022-10-10 14:33:46.873  INFO 4460 --- [    Test worker] p6spy                                    : #1665380026873 | took 0ms | statement | connection 18| url jdbc:h2:mem:ad3a9e80-f26d-4a3e-9691-17f803db5723
insert into picture (spot_id, url, picture_id) values (?, ?, ?)
insert into picture (spot_id, url, picture_id) values (NULL, 'java.io.StringReader@231a08d', 446);
2022-10-10 14:33:46.873  INFO 4460 --- [    Test worker] p6spy                                    : #1665380026873 | took 0ms | statement | connection 18| url jdbc:h2:mem:ad3a9e80-f26d-4a3e-9691-17f803db5723
insert into picture (spot_id, url, picture_id) values (?, ?, ?)
insert into picture (spot_id, url, picture_id) values (NULL, 'java.io.StringReader@4b9a2d73', 447);
2022-10-10 14:33:46.873  INFO 4460 --- [    Test worker] p6spy                                    : #1665380026873 | took 0ms | statement | connection 18| url jdbc:h2:mem:ad3a9e80-f26d-4a3e-9691-17f803db5723
insert into spot (address, description, location, name, score_id, spot_id) values (?, ?, ?, ?, ?, ?)
insert into spot (address, description, location, name, score_id, spot_id) values (NULL, NULL, 'Andeok_myeon', NULL, 98, 164);
2022-10-10 14:33:46.873  INFO 4460 --- [    Test worker] p6spy                                    : #1665380026873 | took 0ms | statement | connection 18| url jdbc:h2:mem:ad3a9e80-f26d-4a3e-9691-17f803db5723
insert into member_spot (member_id, score, spot_id, member_spot_id) values (?, ?, ?, ?)
insert into member_spot (member_id, score, spot_id, member_spot_id) values (8, 0.0, 164, 448);
2022-10-10 14:33:46.873  INFO 4460 --- [    Test worker] p6spy                                    : #1665380026873 | took 0ms | statement | connection 18| url jdbc:h2:mem:ad3a9e80-f26d-4a3e-9691-17f803db5723
insert into review (content, spot_id, review_id) values (?, ?, ?)
insert into review (content, spot_id, review_id) values ('java.io.StringReader@fd42b93', 69, 100);
2022-10-10 14:33:46.873  INFO 4460 --- [    Test worker] p6spy                                    : #1665380026873 | took 0ms | statement | connection 18| url jdbc:h2:mem:ad3a9e80-f26d-4a3e-9691-17f803db5723
insert into favorite_spot (count, favorite_id, spot_id, favorite_spot_id) values (?, ?, ?, ?)
insert into favorite_spot (count, favorite_id, spot_id, favorite_spot_id) values (0, 28, 164, 166);
2022-10-10 14:33:46.874  INFO 4460 --- [    Test worker] p6spy                                    : #1665380026873 | took 0ms | statement | connection 18| url jdbc:h2:mem:ad3a9e80-f26d-4a3e-9691-17f803db5723
insert into score (facility_rank, facility_score, price_rank, price_score, rank_average, surround_rank, surround_score, view_rank, view_score, score_id) values (?, ?, ?, ?, ?, ?, ?, ?, ?, ?)
insert into score (facility_rank, facility_score, price_rank, price_score, rank_average, surround_rank, surround_score, view_rank, view_score, score_id) values (2.245545713022905, 990.0, 2.135179626160766, 980.0, 5.399510951864328, 1.3584301759778294, 1000.0, 7.673591182628688, 970.0, 99);
2022-10-10 14:33:46.874  INFO 4460 --- [    Test worker] p6spy                                    : #1665380026874 | took 0ms | statement | connection 18| url jdbc:h2:mem:ad3a9e80-f26d-4a3e-9691-17f803db5723
insert into picture (spot_id, url, picture_id) values (?, ?, ?)
insert into picture (spot_id, url, picture_id) values (NULL, 'java.io.StringReader@31e8949d', 449);
2022-10-10 14:33:46.874  INFO 4460 --- [    Test worker] p6spy                                    : #1665380026874 | took 0ms | statement | connection 18| url jdbc:h2:mem:ad3a9e80-f26d-4a3e-9691-17f803db5723
insert into picture (spot_id, url, picture_id) values (?, ?, ?)
insert into picture (spot_id, url, picture_id) values (NULL, 'java.io.StringReader@3b6a4aa1', 450);
2022-10-10 14:33:46.874  INFO 4460 --- [    Test worker] p6spy                                    : #1665380026874 | took 0ms | statement | connection 18| url jdbc:h2:mem:ad3a9e80-f26d-4a3e-9691-17f803db5723
insert into picture (spot_id, url, picture_id) values (?, ?, ?)
insert into picture (spot_id, url, picture_id) values (NULL, 'java.io.StringReader@129f4465', 451);
2022-10-10 14:33:46.874  INFO 4460 --- [    Test worker] p6spy                                    : #1665380026874 | took 0ms | statement | connection 18| url jdbc:h2:mem:ad3a9e80-f26d-4a3e-9691-17f803db5723
insert into spot (address, description, location, name, score_id, spot_id) values (?, ?, ?, ?, ?, ?)
insert into spot (address, description, location, name, score_id, spot_id) values (NULL, NULL, 'Andeok_myeon', NULL, 99, 165);
2022-10-10 14:33:46.874  INFO 4460 --- [    Test worker] p6spy                                    : #1665380026874 | took 0ms | statement | connection 18| url jdbc:h2:mem:ad3a9e80-f26d-4a3e-9691-17f803db5723
insert into member_spot (member_id, score, spot_id, member_spot_id) values (?, ?, ?, ?)
insert into member_spot (member_id, score, spot_id, member_spot_id) values (8, 0.0, 165, 452);
2022-10-10 14:33:46.874  INFO 4460 --- [    Test worker] p6spy                                    : #1665380026874 | took 0ms | statement | connection 18| url jdbc:h2:mem:ad3a9e80-f26d-4a3e-9691-17f803db5723
insert into review (content, spot_id, review_id) values (?, ?, ?)
insert into review (content, spot_id, review_id) values ('java.io.StringReader@44474e84', 69, 101);
2022-10-10 14:33:46.874  INFO 4460 --- [    Test worker] p6spy                                    : #1665380026874 | took 0ms | statement | connection 18| url jdbc:h2:mem:ad3a9e80-f26d-4a3e-9691-17f803db5723
insert into favorite_spot (count, favorite_id, spot_id, favorite_spot_id) values (?, ?, ?, ?)
insert into favorite_spot (count, favorite_id, spot_id, favorite_spot_id) values (0, 28, 165, 167);
2022-10-10 14:33:46.874  INFO 4460 --- [    Test worker] p6spy                                    : #1665380026874 | took 0ms | statement | connection 18| url jdbc:h2:mem:ad3a9e80-f26d-4a3e-9691-17f803db5723
insert into score (facility_rank, facility_score, price_rank, price_score, rank_average, surround_rank, surround_score, view_rank, view_score, score_id) values (?, ?, ?, ?, ?, ?, ?, ?, ?, ?)
insert into score (facility_rank, facility_score, price_rank, price_score, rank_average, surround_rank, surround_score, view_rank, view_score, score_id) values (7.486053741014073, 1000.0, 8.498717461877138, 990.0, 1.7786004905007924, 3.3912207731848323, 1010.0, 8.602931076751467, 980.0, 100);
2022-10-10 14:33:46.874  INFO 4460 --- [    Test worker] p6spy                                    : #1665380026874 | took 0ms | statement | connection 18| url jdbc:h2:mem:ad3a9e80-f26d-4a3e-9691-17f803db5723
insert into picture (spot_id, url, picture_id) values (?, ?, ?)
insert into picture (spot_id, url, picture_id) values (NULL, 'java.io.StringReader@38a77e1b', 453);
2022-10-10 14:33:46.874  INFO 4460 --- [    Test worker] p6spy                                    : #1665380026874 | took 0ms | statement | connection 18| url jdbc:h2:mem:ad3a9e80-f26d-4a3e-9691-17f803db5723
insert into picture (spot_id, url, picture_id) values (?, ?, ?)
insert into picture (spot_id, url, picture_id) values (NULL, 'java.io.StringReader@6b2d01e2', 454);
2022-10-10 14:33:46.874  INFO 4460 --- [    Test worker] p6spy                                    : #1665380026874 | took 0ms | statement | connection 18| url jdbc:h2:mem:ad3a9e80-f26d-4a3e-9691-17f803db5723
insert into picture (spot_id, url, picture_id) values (?, ?, ?)
insert into picture (spot_id, url, picture_id) values (NULL, 'java.io.StringReader@75f27234', 455);
2022-10-10 14:33:46.874  INFO 4460 --- [    Test worker] p6spy                                    : #1665380026874 | took 0ms | statement | connection 18| url jdbc:h2:mem:ad3a9e80-f26d-4a3e-9691-17f803db5723
insert into spot (address, description, location, name, score_id, spot_id) values (?, ?, ?, ?, ?, ?)
insert into spot (address, description, location, name, score_id, spot_id) values (NULL, NULL, 'Andeok_myeon', NULL, 100, 166);
2022-10-10 14:33:46.874  INFO 4460 --- [    Test worker] p6spy                                    : #1665380026874 | took 0ms | statement | connection 18| url jdbc:h2:mem:ad3a9e80-f26d-4a3e-9691-17f803db5723
insert into member_spot (member_id, score, spot_id, member_spot_id) values (?, ?, ?, ?)
insert into member_spot (member_id, score, spot_id, member_spot_id) values (8, 0.0, 166, 456);
2022-10-10 14:33:46.874  INFO 4460 --- [    Test worker] p6spy                                    : #1665380026874 | took 0ms | statement | connection 18| url jdbc:h2:mem:ad3a9e80-f26d-4a3e-9691-17f803db5723
insert into review (content, spot_id, review_id) values (?, ?, ?)
insert into review (content, spot_id, review_id) values ('java.io.StringReader@15f28ef5', 69, 102);
2022-10-10 14:33:46.874  INFO 4460 --- [    Test worker] p6spy                                    : #1665380026874 | took 0ms | statement | connection 18| url jdbc:h2:mem:ad3a9e80-f26d-4a3e-9691-17f803db5723
insert into favorite_spot (count, favorite_id, spot_id, favorite_spot_id) values (?, ?, ?, ?)
insert into favorite_spot (count, favorite_id, spot_id, favorite_spot_id) values (0, 28, 166, 168);
2022-10-10 14:33:46.874  INFO 4460 --- [    Test worker] p6spy                                    : #1665380026874 | took 0ms | statement | connection 18| url jdbc:h2:mem:ad3a9e80-f26d-4a3e-9691-17f803db5723
insert into score (facility_rank, facility_score, price_rank, price_score, rank_average, surround_rank, surround_score, view_rank, view_score, score_id) values (?, ?, ?, ?, ?, ?, ?, ?, ?, ?)
insert into score (facility_rank, facility_score, price_rank, price_score, rank_average, surround_rank, surround_score, view_rank, view_score, score_id) values (5.777878688664554, 1010.0, 1.838509968533143, 1000.0, 5.1601267577662915, 1.1016009702197382, 1020.0, 4.33935292811677, 990.0, 101);
2022-10-10 14:33:46.874  INFO 4460 --- [    Test worker] p6spy                                    : #1665380026874 | took 0ms | statement | connection 18| url jdbc:h2:mem:ad3a9e80-f26d-4a3e-9691-17f803db5723
insert into picture (spot_id, url, picture_id) values (?, ?, ?)
insert into picture (spot_id, url, picture_id) values (NULL, 'java.io.StringReader@298517d1', 457);
2022-10-10 14:33:46.875  INFO 4460 --- [    Test worker] p6spy                                    : #1665380026875 | took 0ms | statement | connection 18| url jdbc:h2:mem:ad3a9e80-f26d-4a3e-9691-17f803db5723
insert into picture (spot_id, url, picture_id) values (?, ?, ?)
insert into picture (spot_id, url, picture_id) values (NULL, 'java.io.StringReader@f1349ce', 458);
2022-10-10 14:33:46.875  INFO 4460 --- [    Test worker] p6spy                                    : #1665380026875 | took 0ms | statement | connection 18| url jdbc:h2:mem:ad3a9e80-f26d-4a3e-9691-17f803db5723
insert into picture (spot_id, url, picture_id) values (?, ?, ?)
insert into picture (spot_id, url, picture_id) values (NULL, 'java.io.StringReader@6bd87866', 459);
2022-10-10 14:33:46.875  INFO 4460 --- [    Test worker] p6spy                                    : #1665380026875 | took 0ms | statement | connection 18| url jdbc:h2:mem:ad3a9e80-f26d-4a3e-9691-17f803db5723
insert into spot (address, description, location, name, score_id, spot_id) values (?, ?, ?, ?, ?, ?)
insert into spot (address, description, location, name, score_id, spot_id) values (NULL, NULL, 'Andeok_myeon', NULL, 101, 167);
2022-10-10 14:33:46.875  INFO 4460 --- [    Test worker] p6spy                                    : #1665380026875 | took 0ms | statement | connection 18| url jdbc:h2:mem:ad3a9e80-f26d-4a3e-9691-17f803db5723
insert into member_spot (member_id, score, spot_id, member_spot_id) values (?, ?, ?, ?)
insert into member_spot (member_id, score, spot_id, member_spot_id) values (8, 0.0, 167, 460);
2022-10-10 14:33:46.875  INFO 4460 --- [    Test worker] p6spy                                    : #1665380026875 | took 0ms | statement | connection 18| url jdbc:h2:mem:ad3a9e80-f26d-4a3e-9691-17f803db5723
insert into review (content, spot_id, review_id) values (?, ?, ?)
insert into review (content, spot_id, review_id) values ('java.io.StringReader@3ab8f900', 69, 103);
2022-10-10 14:33:46.875  INFO 4460 --- [    Test worker] p6spy                                    : #1665380026875 | took 0ms | statement | connection 18| url jdbc:h2:mem:ad3a9e80-f26d-4a3e-9691-17f803db5723
insert into favorite_spot (count, favorite_id, spot_id, favorite_spot_id) values (?, ?, ?, ?)
insert into favorite_spot (count, favorite_id, spot_id, favorite_spot_id) values (0, 28, 167, 169);
2022-10-10 14:33:46.875  INFO 4460 --- [    Test worker] p6spy                                    : #1665380026875 | took 0ms | statement | connection 18| url jdbc:h2:mem:ad3a9e80-f26d-4a3e-9691-17f803db5723
insert into score (facility_rank, facility_score, price_rank, price_score, rank_average, surround_rank, surround_score, view_rank, view_score, score_id) values (?, ?, ?, ?, ?, ?, ?, ?, ?, ?)
insert into score (facility_rank, facility_score, price_rank, price_score, rank_average, surround_rank, surround_score, view_rank, view_score, score_id) values (5.131773977137822, 1020.0, 3.7491964158792577, 1010.0, 3.0344566850211976, 2.575939623380351, 1030.0, 6.154500527108075, 1000.0, 102);
2022-10-10 14:33:46.875  INFO 4460 --- [    Test worker] p6spy                                    : #1665380026875 | took 0ms | statement | connection 18| url jdbc:h2:mem:ad3a9e80-f26d-4a3e-9691-17f803db5723
insert into picture (spot_id, url, picture_id) values (?, ?, ?)
insert into picture (spot_id, url, picture_id) values (NULL, 'java.io.StringReader@34902fe6', 461);
2022-10-10 14:33:46.875  INFO 4460 --- [    Test worker] p6spy                                    : #1665380026875 | took 0ms | statement | connection 18| url jdbc:h2:mem:ad3a9e80-f26d-4a3e-9691-17f803db5723
insert into picture (spot_id, url, picture_id) values (?, ?, ?)
insert into picture (spot_id, url, picture_id) values (NULL, 'java.io.StringReader@401516ad', 462);
2022-10-10 14:33:46.875  INFO 4460 --- [    Test worker] p6spy                                    : #1665380026875 | took 0ms | statement | connection 18| url jdbc:h2:mem:ad3a9e80-f26d-4a3e-9691-17f803db5723
insert into picture (spot_id, url, picture_id) values (?, ?, ?)
insert into picture (spot_id, url, picture_id) values (NULL, 'java.io.StringReader@10bf4f1c', 463);
2022-10-10 14:33:46.875  INFO 4460 --- [    Test worker] p6spy                                    : #1665380026875 | took 0ms | statement | connection 18| url jdbc:h2:mem:ad3a9e80-f26d-4a3e-9691-17f803db5723
insert into spot (address, description, location, name, score_id, spot_id) values (?, ?, ?, ?, ?, ?)
insert into spot (address, description, location, name, score_id, spot_id) values (NULL, NULL, 'Andeok_myeon', NULL, 102, 168);
2022-10-10 14:33:46.875  INFO 4460 --- [    Test worker] p6spy                                    : #1665380026875 | took 0ms | statement | connection 18| url jdbc:h2:mem:ad3a9e80-f26d-4a3e-9691-17f803db5723
insert into member_spot (member_id, score, spot_id, member_spot_id) values (?, ?, ?, ?)
insert into member_spot (member_id, score, spot_id, member_spot_id) values (8, 0.0, 168, 464);
2022-10-10 14:33:46.875  INFO 4460 --- [    Test worker] p6spy                                    : #1665380026875 | took 0ms | statement | connection 18| url jdbc:h2:mem:ad3a9e80-f26d-4a3e-9691-17f803db5723
insert into review (content, spot_id, review_id) values (?, ?, ?)
insert into review (content, spot_id, review_id) values ('java.io.StringReader@6f32cfff', 69, 104);
2022-10-10 14:33:46.875  INFO 4460 --- [    Test worker] p6spy                                    : #1665380026875 | took 0ms | statement | connection 18| url jdbc:h2:mem:ad3a9e80-f26d-4a3e-9691-17f803db5723
insert into favorite_spot (count, favorite_id, spot_id, favorite_spot_id) values (?, ?, ?, ?)
insert into favorite_spot (count, favorite_id, spot_id, favorite_spot_id) values (0, 28, 168, 170);
2022-10-10 14:33:46.876  INFO 4460 --- [    Test worker] p6spy                                    : #1665380026876 | took 0ms | statement | connection 18| url jdbc:h2:mem:ad3a9e80-f26d-4a3e-9691-17f803db5723
update picture set spot_id=?, url=? where picture_id=?
update picture set spot_id=69, url='java.io.StringReader@7d1a1ee9' where picture_id=65;
2022-10-10 14:33:46.876  INFO 4460 --- [    Test worker] p6spy                                    : #1665380026876 | took 0ms | statement | connection 18| url jdbc:h2:mem:ad3a9e80-f26d-4a3e-9691-17f803db5723
update picture set spot_id=?, url=? where picture_id=?
update picture set spot_id=69, url='java.io.StringReader@130cad14' where picture_id=66;
2022-10-10 14:33:46.876  INFO 4460 --- [    Test worker] p6spy                                    : #1665380026876 | took 0ms | statement | connection 18| url jdbc:h2:mem:ad3a9e80-f26d-4a3e-9691-17f803db5723
update picture set spot_id=?, url=? where picture_id=?
update picture set spot_id=69, url='java.io.StringReader@10ea1754' where picture_id=67;
2022-10-10 14:33:46.876  INFO 4460 --- [    Test worker] p6spy                                    : #1665380026876 | took 0ms | statement | connection 18| url jdbc:h2:mem:ad3a9e80-f26d-4a3e-9691-17f803db5723
update picture set spot_id=?, url=? where picture_id=?
update picture set spot_id=70, url='java.io.StringReader@5d16f27b' where picture_id=69;
2022-10-10 14:33:46.876  INFO 4460 --- [    Test worker] p6spy                                    : #1665380026876 | took 0ms | statement | connection 18| url jdbc:h2:mem:ad3a9e80-f26d-4a3e-9691-17f803db5723
update picture set spot_id=?, url=? where picture_id=?
update picture set spot_id=70, url='java.io.StringReader@5174b135' where picture_id=70;
2022-10-10 14:33:46.876  INFO 4460 --- [    Test worker] p6spy                                    : #1665380026876 | took 0ms | statement | connection 18| url jdbc:h2:mem:ad3a9e80-f26d-4a3e-9691-17f803db5723
update picture set spot_id=?, url=? where picture_id=?
update picture set spot_id=70, url='java.io.StringReader@55c445e5' where picture_id=71;
2022-10-10 14:33:46.876  INFO 4460 --- [    Test worker] p6spy                                    : #1665380026876 | took 0ms | statement | connection 18| url jdbc:h2:mem:ad3a9e80-f26d-4a3e-9691-17f803db5723
update picture set spot_id=?, url=? where picture_id=?
update picture set spot_id=71, url='java.io.StringReader@25a0c208' where picture_id=73;
2022-10-10 14:33:46.876  INFO 4460 --- [    Test worker] p6spy                                    : #1665380026876 | took 0ms | statement | connection 18| url jdbc:h2:mem:ad3a9e80-f26d-4a3e-9691-17f803db5723
update picture set spot_id=?, url=? where picture_id=?
update picture set spot_id=71, url='java.io.StringReader@247dad0f' where picture_id=74;
2022-10-10 14:33:46.876  INFO 4460 --- [    Test worker] p6spy                                    : #1665380026876 | took 0ms | statement | connection 18| url jdbc:h2:mem:ad3a9e80-f26d-4a3e-9691-17f803db5723
update picture set spot_id=?, url=? where picture_id=?
update picture set spot_id=71, url='java.io.StringReader@4f1dd46b' where picture_id=75;
2022-10-10 14:33:46.876  INFO 4460 --- [    Test worker] p6spy                                    : #1665380026876 | took 0ms | statement | connection 18| url jdbc:h2:mem:ad3a9e80-f26d-4a3e-9691-17f803db5723
update picture set spot_id=?, url=? where picture_id=?
update picture set spot_id=72, url='java.io.StringReader@bff5b50' where picture_id=77;
2022-10-10 14:33:46.876  INFO 4460 --- [    Test worker] p6spy                                    : #1665380026876 | took 0ms | statement | connection 18| url jdbc:h2:mem:ad3a9e80-f26d-4a3e-9691-17f803db5723
update picture set spot_id=?, url=? where picture_id=?
update picture set spot_id=72, url='java.io.StringReader@7b7eb8c' where picture_id=78;
2022-10-10 14:33:46.877  INFO 4460 --- [    Test worker] p6spy                                    : #1665380026877 | took 0ms | statement | connection 18| url jdbc:h2:mem:ad3a9e80-f26d-4a3e-9691-17f803db5723
update picture set spot_id=?, url=? where picture_id=?
update picture set spot_id=72, url='java.io.StringReader@d34c3be' where picture_id=79;
2022-10-10 14:33:46.877  INFO 4460 --- [    Test worker] p6spy                                    : #1665380026877 | took 0ms | statement | connection 18| url jdbc:h2:mem:ad3a9e80-f26d-4a3e-9691-17f803db5723
update picture set spot_id=?, url=? where picture_id=?
update picture set spot_id=73, url='java.io.StringReader@6a65daed' where picture_id=81;
2022-10-10 14:33:46.877  INFO 4460 --- [    Test worker] p6spy                                    : #1665380026877 | took 0ms | statement | connection 18| url jdbc:h2:mem:ad3a9e80-f26d-4a3e-9691-17f803db5723
update picture set spot_id=?, url=? where picture_id=?
update picture set spot_id=73, url='java.io.StringReader@332cf8ba' where picture_id=82;
2022-10-10 14:33:46.877  INFO 4460 --- [    Test worker] p6spy                                    : #1665380026877 | took 0ms | statement | connection 18| url jdbc:h2:mem:ad3a9e80-f26d-4a3e-9691-17f803db5723
update picture set spot_id=?, url=? where picture_id=?
update picture set spot_id=73, url='java.io.StringReader@37d88e50' where picture_id=83;
2022-10-10 14:33:46.877  INFO 4460 --- [    Test worker] p6spy                                    : #1665380026877 | took 0ms | statement | connection 18| url jdbc:h2:mem:ad3a9e80-f26d-4a3e-9691-17f803db5723
update picture set spot_id=?, url=? where picture_id=?
update picture set spot_id=74, url='java.io.StringReader@67f3a068' where picture_id=85;
2022-10-10 14:33:46.877  INFO 4460 --- [    Test worker] p6spy                                    : #1665380026877 | took 0ms | statement | connection 18| url jdbc:h2:mem:ad3a9e80-f26d-4a3e-9691-17f803db5723
update picture set spot_id=?, url=? where picture_id=?
update picture set spot_id=74, url='java.io.StringReader@2f71cdc0' where picture_id=86;
2022-10-10 14:33:46.877  INFO 4460 --- [    Test worker] p6spy                                    : #1665380026877 | took 0ms | statement | connection 18| url jdbc:h2:mem:ad3a9e80-f26d-4a3e-9691-17f803db5723
update picture set spot_id=?, url=? where picture_id=?
update picture set spot_id=74, url='java.io.StringReader@12464b1c' where picture_id=87;
2022-10-10 14:33:46.877  INFO 4460 --- [    Test worker] p6spy                                    : #1665380026877 | took 0ms | statement | connection 18| url jdbc:h2:mem:ad3a9e80-f26d-4a3e-9691-17f803db5723
update picture set spot_id=?, url=? where picture_id=?
update picture set spot_id=75, url='java.io.StringReader@63734973' where picture_id=89;
2022-10-10 14:33:46.877  INFO 4460 --- [    Test worker] p6spy                                    : #1665380026877 | took 0ms | statement | connection 18| url jdbc:h2:mem:ad3a9e80-f26d-4a3e-9691-17f803db5723
update picture set spot_id=?, url=? where picture_id=?
update picture set spot_id=75, url='java.io.StringReader@132b00bb' where picture_id=90;
2022-10-10 14:33:46.877  INFO 4460 --- [    Test worker] p6spy                                    : #1665380026877 | took 0ms | statement | connection 18| url jdbc:h2:mem:ad3a9e80-f26d-4a3e-9691-17f803db5723
update picture set spot_id=?, url=? where picture_id=?
update picture set spot_id=75, url='java.io.StringReader@378c2cb4' where picture_id=91;
2022-10-10 14:33:46.877  INFO 4460 --- [    Test worker] p6spy                                    : #1665380026877 | took 0ms | statement | connection 18| url jdbc:h2:mem:ad3a9e80-f26d-4a3e-9691-17f803db5723
update picture set spot_id=?, url=? where picture_id=?
update picture set spot_id=76, url='java.io.StringReader@18abaf2c' where picture_id=93;
2022-10-10 14:33:46.877  INFO 4460 --- [    Test worker] p6spy                                    : #1665380026877 | took 0ms | statement | connection 18| url jdbc:h2:mem:ad3a9e80-f26d-4a3e-9691-17f803db5723
update picture set spot_id=?, url=? where picture_id=?
update picture set spot_id=76, url='java.io.StringReader@30decae' where picture_id=94;
2022-10-10 14:33:46.877  INFO 4460 --- [    Test worker] p6spy                                    : #1665380026877 | took 0ms | statement | connection 18| url jdbc:h2:mem:ad3a9e80-f26d-4a3e-9691-17f803db5723
update picture set spot_id=?, url=? where picture_id=?
update picture set spot_id=76, url='java.io.StringReader@391dfe82' where picture_id=95;
2022-10-10 14:33:46.878  INFO 4460 --- [    Test worker] p6spy                                    : #1665380026878 | took 0ms | statement | connection 18| url jdbc:h2:mem:ad3a9e80-f26d-4a3e-9691-17f803db5723
update picture set spot_id=?, url=? where picture_id=?
update picture set spot_id=77, url='java.io.StringReader@2511ddb7' where picture_id=97;
2022-10-10 14:33:46.878  INFO 4460 --- [    Test worker] p6spy                                    : #1665380026878 | took 0ms | statement | connection 18| url jdbc:h2:mem:ad3a9e80-f26d-4a3e-9691-17f803db5723
update picture set spot_id=?, url=? where picture_id=?
update picture set spot_id=77, url='java.io.StringReader@11a0aee8' where picture_id=98;
2022-10-10 14:33:46.878  INFO 4460 --- [    Test worker] p6spy                                    : #1665380026878 | took 0ms | statement | connection 18| url jdbc:h2:mem:ad3a9e80-f26d-4a3e-9691-17f803db5723
update picture set spot_id=?, url=? where picture_id=?
update picture set spot_id=77, url='java.io.StringReader@76577a33' where picture_id=99;
2022-10-10 14:33:46.878  INFO 4460 --- [    Test worker] p6spy                                    : #1665380026878 | took 0ms | statement | connection 18| url jdbc:h2:mem:ad3a9e80-f26d-4a3e-9691-17f803db5723
update picture set spot_id=?, url=? where picture_id=?
update picture set spot_id=78, url='java.io.StringReader@67a8a641' where picture_id=101;
2022-10-10 14:33:46.878  INFO 4460 --- [    Test worker] p6spy                                    : #1665380026878 | took 0ms | statement | connection 18| url jdbc:h2:mem:ad3a9e80-f26d-4a3e-9691-17f803db5723
update picture set spot_id=?, url=? where picture_id=?
update picture set spot_id=78, url='java.io.StringReader@773faae8' where picture_id=102;
2022-10-10 14:33:46.878  INFO 4460 --- [    Test worker] p6spy                                    : #1665380026878 | took 0ms | statement | connection 18| url jdbc:h2:mem:ad3a9e80-f26d-4a3e-9691-17f803db5723
update picture set spot_id=?, url=? where picture_id=?
update picture set spot_id=78, url='java.io.StringReader@279063c7' where picture_id=103;
2022-10-10 14:33:46.878  INFO 4460 --- [    Test worker] p6spy                                    : #1665380026878 | took 0ms | statement | connection 18| url jdbc:h2:mem:ad3a9e80-f26d-4a3e-9691-17f803db5723
update picture set spot_id=?, url=? where picture_id=?
update picture set spot_id=79, url='java.io.StringReader@5a33ba9b' where picture_id=105;
2022-10-10 14:33:46.878  INFO 4460 --- [    Test worker] p6spy                                    : #1665380026878 | took 0ms | statement | connection 18| url jdbc:h2:mem:ad3a9e80-f26d-4a3e-9691-17f803db5723
update picture set spot_id=?, url=? where picture_id=?
update picture set spot_id=79, url='java.io.StringReader@217ed737' where picture_id=106;
2022-10-10 14:33:46.878  INFO 4460 --- [    Test worker] p6spy                                    : #1665380026878 | took 0ms | statement | connection 18| url jdbc:h2:mem:ad3a9e80-f26d-4a3e-9691-17f803db5723
update picture set spot_id=?, url=? where picture_id=?
update picture set spot_id=79, url='java.io.StringReader@6a3044cb' where picture_id=107;
2022-10-10 14:33:46.878  INFO 4460 --- [    Test worker] p6spy                                    : #1665380026878 | took 0ms | statement | connection 18| url jdbc:h2:mem:ad3a9e80-f26d-4a3e-9691-17f803db5723
update picture set spot_id=?, url=? where picture_id=?
update picture set spot_id=80, url='java.io.StringReader@12882698' where picture_id=109;
2022-10-10 14:33:46.878  INFO 4460 --- [    Test worker] p6spy                                    : #1665380026878 | took 0ms | statement | connection 18| url jdbc:h2:mem:ad3a9e80-f26d-4a3e-9691-17f803db5723
update picture set spot_id=?, url=? where picture_id=?
update picture set spot_id=80, url='java.io.StringReader@3e2d5b6' where picture_id=110;
2022-10-10 14:33:46.878  INFO 4460 --- [    Test worker] p6spy                                    : #1665380026878 | took 0ms | statement | connection 18| url jdbc:h2:mem:ad3a9e80-f26d-4a3e-9691-17f803db5723
update picture set spot_id=?, url=? where picture_id=?
update picture set spot_id=80, url='java.io.StringReader@242b48ef' where picture_id=111;
2022-10-10 14:33:46.878  INFO 4460 --- [    Test worker] p6spy                                    : #1665380026878 | took 0ms | statement | connection 18| url jdbc:h2:mem:ad3a9e80-f26d-4a3e-9691-17f803db5723
update picture set spot_id=?, url=? where picture_id=?
update picture set spot_id=81, url='java.io.StringReader@2d9c3a0e' where picture_id=113;
2022-10-10 14:33:46.878  INFO 4460 --- [    Test worker] p6spy                                    : #1665380026878 | took 0ms | statement | connection 18| url jdbc:h2:mem:ad3a9e80-f26d-4a3e-9691-17f803db5723
update picture set spot_id=?, url=? where picture_id=?
update picture set spot_id=81, url='java.io.StringReader@28c33ed7' where picture_id=114;
2022-10-10 14:33:46.879  INFO 4460 --- [    Test worker] p6spy                                    : #1665380026879 | took 0ms | statement | connection 18| url jdbc:h2:mem:ad3a9e80-f26d-4a3e-9691-17f803db5723
update picture set spot_id=?, url=? where picture_id=?
update picture set spot_id=81, url='java.io.StringReader@353990c8' where picture_id=115;
2022-10-10 14:33:46.879  INFO 4460 --- [    Test worker] p6spy                                    : #1665380026879 | took 0ms | statement | connection 18| url jdbc:h2:mem:ad3a9e80-f26d-4a3e-9691-17f803db5723
update picture set spot_id=?, url=? where picture_id=?
update picture set spot_id=82, url='java.io.StringReader@768f9097' where picture_id=117;
2022-10-10 14:33:46.879  INFO 4460 --- [    Test worker] p6spy                                    : #1665380026879 | took 0ms | statement | connection 18| url jdbc:h2:mem:ad3a9e80-f26d-4a3e-9691-17f803db5723
update picture set spot_id=?, url=? where picture_id=?
update picture set spot_id=82, url='java.io.StringReader@75d0b7d5' where picture_id=118;
2022-10-10 14:33:46.879  INFO 4460 --- [    Test worker] p6spy                                    : #1665380026879 | took 0ms | statement | connection 18| url jdbc:h2:mem:ad3a9e80-f26d-4a3e-9691-17f803db5723
update picture set spot_id=?, url=? where picture_id=?
update picture set spot_id=82, url='java.io.StringReader@4d58d224' where picture_id=119;
2022-10-10 14:33:46.879  INFO 4460 --- [    Test worker] p6spy                                    : #1665380026879 | took 0ms | statement | connection 18| url jdbc:h2:mem:ad3a9e80-f26d-4a3e-9691-17f803db5723
update picture set spot_id=?, url=? where picture_id=?
update picture set spot_id=83, url='java.io.StringReader@5fc88c91' where picture_id=121;
2022-10-10 14:33:46.879  INFO 4460 --- [    Test worker] p6spy                                    : #1665380026879 | took 0ms | statement | connection 18| url jdbc:h2:mem:ad3a9e80-f26d-4a3e-9691-17f803db5723
update picture set spot_id=?, url=? where picture_id=?
update picture set spot_id=83, url='java.io.StringReader@11eeaf31' where picture_id=122;
2022-10-10 14:33:46.879  INFO 4460 --- [    Test worker] p6spy                                    : #1665380026879 | took 0ms | statement | connection 18| url jdbc:h2:mem:ad3a9e80-f26d-4a3e-9691-17f803db5723
update picture set spot_id=?, url=? where picture_id=?
update picture set spot_id=83, url='java.io.StringReader@3b6d5459' where picture_id=123;
2022-10-10 14:33:46.879  INFO 4460 --- [    Test worker] p6spy                                    : #1665380026879 | took 0ms | statement | connection 18| url jdbc:h2:mem:ad3a9e80-f26d-4a3e-9691-17f803db5723
update picture set spot_id=?, url=? where picture_id=?
update picture set spot_id=84, url='java.io.StringReader@4af92aa7' where picture_id=125;
2022-10-10 14:33:46.879  INFO 4460 --- [    Test worker] p6spy                                    : #1665380026879 | took 0ms | statement | connection 18| url jdbc:h2:mem:ad3a9e80-f26d-4a3e-9691-17f803db5723
update picture set spot_id=?, url=? where picture_id=?
update picture set spot_id=84, url='java.io.StringReader@668f0ee' where picture_id=126;
2022-10-10 14:33:46.879  INFO 4460 --- [    Test worker] p6spy                                    : #1665380026879 | took 0ms | statement | connection 18| url jdbc:h2:mem:ad3a9e80-f26d-4a3e-9691-17f803db5723
update picture set spot_id=?, url=? where picture_id=?
update picture set spot_id=84, url='java.io.StringReader@6a41ed18' where picture_id=127;
2022-10-10 14:33:46.879  INFO 4460 --- [    Test worker] p6spy                                    : #1665380026879 | took 0ms | statement | connection 18| url jdbc:h2:mem:ad3a9e80-f26d-4a3e-9691-17f803db5723
update picture set spot_id=?, url=? where picture_id=?
update picture set spot_id=85, url='java.io.StringReader@23fb943e' where picture_id=129;
2022-10-10 14:33:46.879  INFO 4460 --- [    Test worker] p6spy                                    : #1665380026879 | took 0ms | statement | connection 18| url jdbc:h2:mem:ad3a9e80-f26d-4a3e-9691-17f803db5723
update picture set spot_id=?, url=? where picture_id=?
update picture set spot_id=85, url='java.io.StringReader@49d5b1' where picture_id=130;
2022-10-10 14:33:46.879  INFO 4460 --- [    Test worker] p6spy                                    : #1665380026879 | took 0ms | statement | connection 18| url jdbc:h2:mem:ad3a9e80-f26d-4a3e-9691-17f803db5723
update picture set spot_id=?, url=? where picture_id=?
update picture set spot_id=85, url='java.io.StringReader@503c8431' where picture_id=131;
2022-10-10 14:33:46.880  INFO 4460 --- [    Test worker] p6spy                                    : #1665380026880 | took 0ms | statement | connection 18| url jdbc:h2:mem:ad3a9e80-f26d-4a3e-9691-17f803db5723
update picture set spot_id=?, url=? where picture_id=?
update picture set spot_id=86, url='java.io.StringReader@2878abcd' where picture_id=133;
2022-10-10 14:33:46.880  INFO 4460 --- [    Test worker] p6spy                                    : #1665380026880 | took 0ms | statement | connection 18| url jdbc:h2:mem:ad3a9e80-f26d-4a3e-9691-17f803db5723
update picture set spot_id=?, url=? where picture_id=?
update picture set spot_id=86, url='java.io.StringReader@7ffdded5' where picture_id=134;
2022-10-10 14:33:46.880  INFO 4460 --- [    Test worker] p6spy                                    : #1665380026880 | took 0ms | statement | connection 18| url jdbc:h2:mem:ad3a9e80-f26d-4a3e-9691-17f803db5723
update picture set spot_id=?, url=? where picture_id=?
update picture set spot_id=86, url='java.io.StringReader@1a8b7423' where picture_id=135;
2022-10-10 14:33:46.880  INFO 4460 --- [    Test worker] p6spy                                    : #1665380026880 | took 0ms | statement | connection 18| url jdbc:h2:mem:ad3a9e80-f26d-4a3e-9691-17f803db5723
update picture set spot_id=?, url=? where picture_id=?
update picture set spot_id=87, url='java.io.StringReader@16023bb2' where picture_id=137;
2022-10-10 14:33:46.880  INFO 4460 --- [    Test worker] p6spy                                    : #1665380026880 | took 0ms | statement | connection 18| url jdbc:h2:mem:ad3a9e80-f26d-4a3e-9691-17f803db5723
update picture set spot_id=?, url=? where picture_id=?
update picture set spot_id=87, url='java.io.StringReader@6013565b' where picture_id=138;
2022-10-10 14:33:46.880  INFO 4460 --- [    Test worker] p6spy                                    : #1665380026880 | took 0ms | statement | connection 18| url jdbc:h2:mem:ad3a9e80-f26d-4a3e-9691-17f803db5723
update picture set spot_id=?, url=? where picture_id=?
update picture set spot_id=87, url='java.io.StringReader@699cb1a3' where picture_id=139;
2022-10-10 14:33:46.880  INFO 4460 --- [    Test worker] p6spy                                    : #1665380026880 | took 0ms | statement | connection 18| url jdbc:h2:mem:ad3a9e80-f26d-4a3e-9691-17f803db5723
update picture set spot_id=?, url=? where picture_id=?
update picture set spot_id=88, url='java.io.StringReader@39211108' where picture_id=141;
2022-10-10 14:33:46.880  INFO 4460 --- [    Test worker] p6spy                                    : #1665380026880 | took 0ms | statement | connection 18| url jdbc:h2:mem:ad3a9e80-f26d-4a3e-9691-17f803db5723
update picture set spot_id=?, url=? where picture_id=?
update picture set spot_id=88, url='java.io.StringReader@1706a95b' where picture_id=142;
2022-10-10 14:33:46.880  INFO 4460 --- [    Test worker] p6spy                                    : #1665380026880 | took 0ms | statement | connection 18| url jdbc:h2:mem:ad3a9e80-f26d-4a3e-9691-17f803db5723
update picture set spot_id=?, url=? where picture_id=?
update picture set spot_id=88, url='java.io.StringReader@2285f28b' where picture_id=143;
2022-10-10 14:33:46.880  INFO 4460 --- [    Test worker] p6spy                                    : #1665380026880 | took 0ms | statement | connection 18| url jdbc:h2:mem:ad3a9e80-f26d-4a3e-9691-17f803db5723
update picture set spot_id=?, url=? where picture_id=?
update picture set spot_id=89, url='java.io.StringReader@25a65e20' where picture_id=145;
2022-10-10 14:33:46.881  INFO 4460 --- [    Test worker] p6spy                                    : #1665380026881 | took 0ms | statement | connection 18| url jdbc:h2:mem:ad3a9e80-f26d-4a3e-9691-17f803db5723
update picture set spot_id=?, url=? where picture_id=?
update picture set spot_id=89, url='java.io.StringReader@12b67070' where picture_id=146;
2022-10-10 14:33:46.881  INFO 4460 --- [    Test worker] p6spy                                    : #1665380026881 | took 0ms | statement | connection 18| url jdbc:h2:mem:ad3a9e80-f26d-4a3e-9691-17f803db5723
update picture set spot_id=?, url=? where picture_id=?
update picture set spot_id=89, url='java.io.StringReader@4cad5173' where picture_id=147;
2022-10-10 14:33:46.881  INFO 4460 --- [    Test worker] p6spy                                    : #1665380026881 | took 0ms | statement | connection 18| url jdbc:h2:mem:ad3a9e80-f26d-4a3e-9691-17f803db5723
update picture set spot_id=?, url=? where picture_id=?
update picture set spot_id=90, url='java.io.StringReader@7b5d3ac5' where picture_id=149;
2022-10-10 14:33:46.881  INFO 4460 --- [    Test worker] p6spy                                    : #1665380026881 | took 0ms | statement | connection 18| url jdbc:h2:mem:ad3a9e80-f26d-4a3e-9691-17f803db5723
update picture set spot_id=?, url=? where picture_id=?
update picture set spot_id=90, url='java.io.StringReader@62cf8fda' where picture_id=150;
2022-10-10 14:33:46.881  INFO 4460 --- [    Test worker] p6spy                                    : #1665380026881 | took 0ms | statement | connection 18| url jdbc:h2:mem:ad3a9e80-f26d-4a3e-9691-17f803db5723
update picture set spot_id=?, url=? where picture_id=?
update picture set spot_id=90, url='java.io.StringReader@4977e527' where picture_id=151;
2022-10-10 14:33:46.881  INFO 4460 --- [    Test worker] p6spy                                    : #1665380026881 | took 0ms | statement | connection 18| url jdbc:h2:mem:ad3a9e80-f26d-4a3e-9691-17f803db5723
update picture set spot_id=?, url=? where picture_id=?
update picture set spot_id=91, url='java.io.StringReader@4d026a3a' where picture_id=153;
2022-10-10 14:33:46.881  INFO 4460 --- [    Test worker] p6spy                                    : #1665380026881 | took 0ms | statement | connection 18| url jdbc:h2:mem:ad3a9e80-f26d-4a3e-9691-17f803db5723
update picture set spot_id=?, url=? where picture_id=?
update picture set spot_id=91, url='java.io.StringReader@57d1cbb1' where picture_id=154;
2022-10-10 14:33:46.881  INFO 4460 --- [    Test worker] p6spy                                    : #1665380026881 | took 0ms | statement | connection 18| url jdbc:h2:mem:ad3a9e80-f26d-4a3e-9691-17f803db5723
update picture set spot_id=?, url=? where picture_id=?
update picture set spot_id=91, url='java.io.StringReader@7ec01520' where picture_id=155;
2022-10-10 14:33:46.881  INFO 4460 --- [    Test worker] p6spy                                    : #1665380026881 | took 0ms | statement | connection 18| url jdbc:h2:mem:ad3a9e80-f26d-4a3e-9691-17f803db5723
update picture set spot_id=?, url=? where picture_id=?
update picture set spot_id=92, url='java.io.StringReader@6212695e' where picture_id=157;
2022-10-10 14:33:46.881  INFO 4460 --- [    Test worker] p6spy                                    : #1665380026881 | took 0ms | statement | connection 18| url jdbc:h2:mem:ad3a9e80-f26d-4a3e-9691-17f803db5723
update picture set spot_id=?, url=? where picture_id=?
update picture set spot_id=92, url='java.io.StringReader@75fe04d' where picture_id=158;
2022-10-10 14:33:46.881  INFO 4460 --- [    Test worker] p6spy                                    : #1665380026881 | took 0ms | statement | connection 18| url jdbc:h2:mem:ad3a9e80-f26d-4a3e-9691-17f803db5723
update picture set spot_id=?, url=? where picture_id=?
update picture set spot_id=92, url='java.io.StringReader@6b7d4670' where picture_id=159;
2022-10-10 14:33:46.881  INFO 4460 --- [    Test worker] p6spy                                    : #1665380026881 | took 0ms | statement | connection 18| url jdbc:h2:mem:ad3a9e80-f26d-4a3e-9691-17f803db5723
update picture set spot_id=?, url=? where picture_id=?
update picture set spot_id=93, url='java.io.StringReader@5bafbe15' where picture_id=161;
2022-10-10 14:33:46.881  INFO 4460 --- [    Test worker] p6spy                                    : #1665380026881 | took 0ms | statement | connection 18| url jdbc:h2:mem:ad3a9e80-f26d-4a3e-9691-17f803db5723
update picture set spot_id=?, url=? where picture_id=?
update picture set spot_id=93, url='java.io.StringReader@18084396' where picture_id=162;
2022-10-10 14:33:46.881  INFO 4460 --- [    Test worker] p6spy                                    : #1665380026881 | took 0ms | statement | connection 18| url jdbc:h2:mem:ad3a9e80-f26d-4a3e-9691-17f803db5723
update picture set spot_id=?, url=? where picture_id=?
update picture set spot_id=93, url='java.io.StringReader@1938f3b3' where picture_id=163;
2022-10-10 14:33:46.882  INFO 4460 --- [    Test worker] p6spy                                    : #1665380026882 | took 0ms | statement | connection 18| url jdbc:h2:mem:ad3a9e80-f26d-4a3e-9691-17f803db5723
update picture set spot_id=?, url=? where picture_id=?
update picture set spot_id=94, url='java.io.StringReader@fe8c329' where picture_id=165;
2022-10-10 14:33:46.882  INFO 4460 --- [    Test worker] p6spy                                    : #1665380026882 | took 0ms | statement | connection 18| url jdbc:h2:mem:ad3a9e80-f26d-4a3e-9691-17f803db5723
update picture set spot_id=?, url=? where picture_id=?
update picture set spot_id=94, url='java.io.StringReader@718d339f' where picture_id=166;
2022-10-10 14:33:46.882  INFO 4460 --- [    Test worker] p6spy                                    : #1665380026882 | took 0ms | statement | connection 18| url jdbc:h2:mem:ad3a9e80-f26d-4a3e-9691-17f803db5723
update picture set spot_id=?, url=? where picture_id=?
update picture set spot_id=94, url='java.io.StringReader@37994ff' where picture_id=167;
2022-10-10 14:33:46.882  INFO 4460 --- [    Test worker] p6spy                                    : #1665380026882 | took 0ms | statement | connection 18| url jdbc:h2:mem:ad3a9e80-f26d-4a3e-9691-17f803db5723
update picture set spot_id=?, url=? where picture_id=?
update picture set spot_id=95, url='java.io.StringReader@7008055' where picture_id=169;
2022-10-10 14:33:46.882  INFO 4460 --- [    Test worker] p6spy                                    : #1665380026882 | took 0ms | statement | connection 18| url jdbc:h2:mem:ad3a9e80-f26d-4a3e-9691-17f803db5723
update picture set spot_id=?, url=? where picture_id=?
update picture set spot_id=95, url='java.io.StringReader@39ab2bf3' where picture_id=170;
2022-10-10 14:33:46.882  INFO 4460 --- [    Test worker] p6spy                                    : #1665380026882 | took 0ms | statement | connection 18| url jdbc:h2:mem:ad3a9e80-f26d-4a3e-9691-17f803db5723
update picture set spot_id=?, url=? where picture_id=?
update picture set spot_id=95, url='java.io.StringReader@7a8a8e73' where picture_id=171;
2022-10-10 14:33:46.882  INFO 4460 --- [    Test worker] p6spy                                    : #1665380026882 | took 0ms | statement | connection 18| url jdbc:h2:mem:ad3a9e80-f26d-4a3e-9691-17f803db5723
update picture set spot_id=?, url=? where picture_id=?
update picture set spot_id=96, url='java.io.StringReader@21ed2052' where picture_id=173;
2022-10-10 14:33:46.882  INFO 4460 --- [    Test worker] p6spy                                    : #1665380026882 | took 0ms | statement | connection 18| url jdbc:h2:mem:ad3a9e80-f26d-4a3e-9691-17f803db5723
update picture set spot_id=?, url=? where picture_id=?
update picture set spot_id=96, url='java.io.StringReader@30b3d9ef' where picture_id=174;
2022-10-10 14:33:46.882  INFO 4460 --- [    Test worker] p6spy                                    : #1665380026882 | took 0ms | statement | connection 18| url jdbc:h2:mem:ad3a9e80-f26d-4a3e-9691-17f803db5723
update picture set spot_id=?, url=? where picture_id=?
update picture set spot_id=96, url='java.io.StringReader@214c51eb' where picture_id=175;
2022-10-10 14:33:46.882  INFO 4460 --- [    Test worker] p6spy                                    : #1665380026882 | took 0ms | statement | connection 18| url jdbc:h2:mem:ad3a9e80-f26d-4a3e-9691-17f803db5723
update picture set spot_id=?, url=? where picture_id=?
update picture set spot_id=97, url='java.io.StringReader@7546033d' where picture_id=177;
2022-10-10 14:33:46.882  INFO 4460 --- [    Test worker] p6spy                                    : #1665380026882 | took 0ms | statement | connection 18| url jdbc:h2:mem:ad3a9e80-f26d-4a3e-9691-17f803db5723
update picture set spot_id=?, url=? where picture_id=?
update picture set spot_id=97, url='java.io.StringReader@add99a4' where picture_id=178;
2022-10-10 14:33:46.883  INFO 4460 --- [    Test worker] p6spy                                    : #1665380026883 | took 0ms | statement | connection 18| url jdbc:h2:mem:ad3a9e80-f26d-4a3e-9691-17f803db5723
update picture set spot_id=?, url=? where picture_id=?
update picture set spot_id=97, url='java.io.StringReader@2a4cf2d1' where picture_id=179;
2022-10-10 14:33:46.883  INFO 4460 --- [    Test worker] p6spy                                    : #1665380026883 | took 0ms | statement | connection 18| url jdbc:h2:mem:ad3a9e80-f26d-4a3e-9691-17f803db5723
update picture set spot_id=?, url=? where picture_id=?
update picture set spot_id=98, url='java.io.StringReader@360fe828' where picture_id=181;
2022-10-10 14:33:46.883  INFO 4460 --- [    Test worker] p6spy                                    : #1665380026883 | took 0ms | statement | connection 18| url jdbc:h2:mem:ad3a9e80-f26d-4a3e-9691-17f803db5723
update picture set spot_id=?, url=? where picture_id=?
update picture set spot_id=98, url='java.io.StringReader@5c31eb42' where picture_id=182;
2022-10-10 14:33:46.883  INFO 4460 --- [    Test worker] p6spy                                    : #1665380026883 | took 0ms | statement | connection 18| url jdbc:h2:mem:ad3a9e80-f26d-4a3e-9691-17f803db5723
update picture set spot_id=?, url=? where picture_id=?
update picture set spot_id=98, url='java.io.StringReader@12c9803d' where picture_id=183;
2022-10-10 14:33:46.883  INFO 4460 --- [    Test worker] p6spy                                    : #1665380026883 | took 0ms | statement | connection 18| url jdbc:h2:mem:ad3a9e80-f26d-4a3e-9691-17f803db5723
update picture set spot_id=?, url=? where picture_id=?
update picture set spot_id=99, url='java.io.StringReader@3ae2721b' where picture_id=185;
2022-10-10 14:33:46.883  INFO 4460 --- [    Test worker] p6spy                                    : #1665380026883 | took 0ms | statement | connection 18| url jdbc:h2:mem:ad3a9e80-f26d-4a3e-9691-17f803db5723
update picture set spot_id=?, url=? where picture_id=?
update picture set spot_id=99, url='java.io.StringReader@17504749' where picture_id=186;
2022-10-10 14:33:46.883  INFO 4460 --- [    Test worker] p6spy                                    : #1665380026883 | took 0ms | statement | connection 18| url jdbc:h2:mem:ad3a9e80-f26d-4a3e-9691-17f803db5723
update picture set spot_id=?, url=? where picture_id=?
update picture set spot_id=99, url='java.io.StringReader@3a1e803' where picture_id=187;
2022-10-10 14:33:46.883  INFO 4460 --- [    Test worker] p6spy                                    : #1665380026883 | took 0ms | statement | connection 18| url jdbc:h2:mem:ad3a9e80-f26d-4a3e-9691-17f803db5723
update picture set spot_id=?, url=? where picture_id=?
update picture set spot_id=100, url='java.io.StringReader@2968ff7a' where picture_id=189;
2022-10-10 14:33:46.883  INFO 4460 --- [    Test worker] p6spy                                    : #1665380026883 | took 0ms | statement | connection 18| url jdbc:h2:mem:ad3a9e80-f26d-4a3e-9691-17f803db5723
update picture set spot_id=?, url=? where picture_id=?
update picture set spot_id=100, url='java.io.StringReader@791a53c7' where picture_id=190;
2022-10-10 14:33:46.883  INFO 4460 --- [    Test worker] p6spy                                    : #1665380026883 | took 0ms | statement | connection 18| url jdbc:h2:mem:ad3a9e80-f26d-4a3e-9691-17f803db5723
update picture set spot_id=?, url=? where picture_id=?
update picture set spot_id=100, url='java.io.StringReader@60144979' where picture_id=191;
2022-10-10 14:33:46.883  INFO 4460 --- [    Test worker] p6spy                                    : #1665380026883 | took 0ms | statement | connection 18| url jdbc:h2:mem:ad3a9e80-f26d-4a3e-9691-17f803db5723
update picture set spot_id=?, url=? where picture_id=?
update picture set spot_id=101, url='java.io.StringReader@12c338fe' where picture_id=193;
2022-10-10 14:33:46.883  INFO 4460 --- [    Test worker] p6spy                                    : #1665380026883 | took 0ms | statement | connection 18| url jdbc:h2:mem:ad3a9e80-f26d-4a3e-9691-17f803db5723
update picture set spot_id=?, url=? where picture_id=?
update picture set spot_id=101, url='java.io.StringReader@6581ee89' where picture_id=194;
2022-10-10 14:33:46.883  INFO 4460 --- [    Test worker] p6spy                                    : #1665380026883 | took 0ms | statement | connection 18| url jdbc:h2:mem:ad3a9e80-f26d-4a3e-9691-17f803db5723
update picture set spot_id=?, url=? where picture_id=?
update picture set spot_id=101, url='java.io.StringReader@196cfaed' where picture_id=195;
2022-10-10 14:33:46.883  INFO 4460 --- [    Test worker] p6spy                                    : #1665380026883 | took 0ms | statement | connection 18| url jdbc:h2:mem:ad3a9e80-f26d-4a3e-9691-17f803db5723
update picture set spot_id=?, url=? where picture_id=?
update picture set spot_id=102, url='java.io.StringReader@11b097a1' where picture_id=197;
2022-10-10 14:33:46.883  INFO 4460 --- [    Test worker] p6spy                                    : #1665380026883 | took 0ms | statement | connection 18| url jdbc:h2:mem:ad3a9e80-f26d-4a3e-9691-17f803db5723
update picture set spot_id=?, url=? where picture_id=?
update picture set spot_id=102, url='java.io.StringReader@24851f5c' where picture_id=198;
2022-10-10 14:33:46.884  INFO 4460 --- [    Test worker] p6spy                                    : #1665380026884 | took 0ms | statement | connection 18| url jdbc:h2:mem:ad3a9e80-f26d-4a3e-9691-17f803db5723
update picture set spot_id=?, url=? where picture_id=?
update picture set spot_id=102, url='java.io.StringReader@37ca8b4c' where picture_id=199;
2022-10-10 14:33:46.884  INFO 4460 --- [    Test worker] p6spy                                    : #1665380026884 | took 0ms | statement | connection 18| url jdbc:h2:mem:ad3a9e80-f26d-4a3e-9691-17f803db5723
update picture set spot_id=?, url=? where picture_id=?
update picture set spot_id=103, url='java.io.StringReader@177244f5' where picture_id=201;
2022-10-10 14:33:46.884  INFO 4460 --- [    Test worker] p6spy                                    : #1665380026884 | took 0ms | statement | connection 18| url jdbc:h2:mem:ad3a9e80-f26d-4a3e-9691-17f803db5723
update picture set spot_id=?, url=? where picture_id=?
update picture set spot_id=103, url='java.io.StringReader@bb51961' where picture_id=202;
2022-10-10 14:33:46.884  INFO 4460 --- [    Test worker] p6spy                                    : #1665380026884 | took 0ms | statement | connection 18| url jdbc:h2:mem:ad3a9e80-f26d-4a3e-9691-17f803db5723
update picture set spot_id=?, url=? where picture_id=?
update picture set spot_id=103, url='java.io.StringReader@32c77e0d' where picture_id=203;
2022-10-10 14:33:46.884  INFO 4460 --- [    Test worker] p6spy                                    : #1665380026884 | took 0ms | statement | connection 18| url jdbc:h2:mem:ad3a9e80-f26d-4a3e-9691-17f803db5723
update picture set spot_id=?, url=? where picture_id=?
update picture set spot_id=104, url='java.io.StringReader@23a24fea' where picture_id=205;
2022-10-10 14:33:46.884  INFO 4460 --- [    Test worker] p6spy                                    : #1665380026884 | took 0ms | statement | connection 18| url jdbc:h2:mem:ad3a9e80-f26d-4a3e-9691-17f803db5723
update picture set spot_id=?, url=? where picture_id=?
update picture set spot_id=104, url='java.io.StringReader@5125159e' where picture_id=206;
2022-10-10 14:33:46.884  INFO 4460 --- [    Test worker] p6spy                                    : #1665380026884 | took 0ms | statement | connection 18| url jdbc:h2:mem:ad3a9e80-f26d-4a3e-9691-17f803db5723
update picture set spot_id=?, url=? where picture_id=?
update picture set spot_id=104, url='java.io.StringReader@b0e7bde' where picture_id=207;
2022-10-10 14:33:46.884  INFO 4460 --- [    Test worker] p6spy                                    : #1665380026884 | took 0ms | statement | connection 18| url jdbc:h2:mem:ad3a9e80-f26d-4a3e-9691-17f803db5723
update picture set spot_id=?, url=? where picture_id=?
update picture set spot_id=105, url='java.io.StringReader@6e48c5b2' where picture_id=209;
2022-10-10 14:33:46.884  INFO 4460 --- [    Test worker] p6spy                                    : #1665380026884 | took 0ms | statement | connection 18| url jdbc:h2:mem:ad3a9e80-f26d-4a3e-9691-17f803db5723
update picture set spot_id=?, url=? where picture_id=?
update picture set spot_id=105, url='java.io.StringReader@6337c48d' where picture_id=210;
2022-10-10 14:33:46.884  INFO 4460 --- [    Test worker] p6spy                                    : #1665380026884 | took 0ms | statement | connection 18| url jdbc:h2:mem:ad3a9e80-f26d-4a3e-9691-17f803db5723
update picture set spot_id=?, url=? where picture_id=?
update picture set spot_id=105, url='java.io.StringReader@27e1c83' where picture_id=211;
2022-10-10 14:33:46.884  INFO 4460 --- [    Test worker] p6spy                                    : #1665380026884 | took 0ms | statement | connection 18| url jdbc:h2:mem:ad3a9e80-f26d-4a3e-9691-17f803db5723
update picture set spot_id=?, url=? where picture_id=?
update picture set spot_id=106, url='java.io.StringReader@1189f179' where picture_id=213;
2022-10-10 14:33:46.885  INFO 4460 --- [    Test worker] p6spy                                    : #1665380026885 | took 0ms | statement | connection 18| url jdbc:h2:mem:ad3a9e80-f26d-4a3e-9691-17f803db5723
update picture set spot_id=?, url=? where picture_id=?
update picture set spot_id=106, url='java.io.StringReader@115cbd9b' where picture_id=214;
2022-10-10 14:33:46.885  INFO 4460 --- [    Test worker] p6spy                                    : #1665380026885 | took 0ms | statement | connection 18| url jdbc:h2:mem:ad3a9e80-f26d-4a3e-9691-17f803db5723
update picture set spot_id=?, url=? where picture_id=?
update picture set spot_id=106, url='java.io.StringReader@6c49db66' where picture_id=215;
2022-10-10 14:33:46.885  INFO 4460 --- [    Test worker] p6spy                                    : #1665380026885 | took 0ms | statement | connection 18| url jdbc:h2:mem:ad3a9e80-f26d-4a3e-9691-17f803db5723
update picture set spot_id=?, url=? where picture_id=?
update picture set spot_id=107, url='java.io.StringReader@544364ba' where picture_id=217;
2022-10-10 14:33:46.885  INFO 4460 --- [    Test worker] p6spy                                    : #1665380026885 | took 0ms | statement | connection 18| url jdbc:h2:mem:ad3a9e80-f26d-4a3e-9691-17f803db5723
update picture set spot_id=?, url=? where picture_id=?
update picture set spot_id=107, url='java.io.StringReader@6b21a869' where picture_id=218;
2022-10-10 14:33:46.885  INFO 4460 --- [    Test worker] p6spy                                    : #1665380026885 | took 0ms | statement | connection 18| url jdbc:h2:mem:ad3a9e80-f26d-4a3e-9691-17f803db5723
update picture set spot_id=?, url=? where picture_id=?
update picture set spot_id=107, url='java.io.StringReader@4a4cdeb0' where picture_id=219;
2022-10-10 14:33:46.885  INFO 4460 --- [    Test worker] p6spy                                    : #1665380026885 | took 0ms | statement | connection 18| url jdbc:h2:mem:ad3a9e80-f26d-4a3e-9691-17f803db5723
update picture set spot_id=?, url=? where picture_id=?
update picture set spot_id=108, url='java.io.StringReader@5c3e0c92' where picture_id=221;
2022-10-10 14:33:46.885  INFO 4460 --- [    Test worker] p6spy                                    : #1665380026885 | took 0ms | statement | connection 18| url jdbc:h2:mem:ad3a9e80-f26d-4a3e-9691-17f803db5723
update picture set spot_id=?, url=? where picture_id=?
update picture set spot_id=108, url='java.io.StringReader@3bc3cdb7' where picture_id=222;
2022-10-10 14:33:46.885  INFO 4460 --- [    Test worker] p6spy                                    : #1665380026885 | took 0ms | statement | connection 18| url jdbc:h2:mem:ad3a9e80-f26d-4a3e-9691-17f803db5723
update picture set spot_id=?, url=? where picture_id=?
update picture set spot_id=108, url='java.io.StringReader@4cd0b8cf' where picture_id=223;
2022-10-10 14:33:46.885  INFO 4460 --- [    Test worker] p6spy                                    : #1665380026885 | took 0ms | statement | connection 18| url jdbc:h2:mem:ad3a9e80-f26d-4a3e-9691-17f803db5723
update picture set spot_id=?, url=? where picture_id=?
update picture set spot_id=109, url='java.io.StringReader@4a74e70d' where picture_id=225;
2022-10-10 14:33:46.885  INFO 4460 --- [    Test worker] p6spy                                    : #1665380026885 | took 0ms | statement | connection 18| url jdbc:h2:mem:ad3a9e80-f26d-4a3e-9691-17f803db5723
update picture set spot_id=?, url=? where picture_id=?
update picture set spot_id=109, url='java.io.StringReader@331d7260' where picture_id=226;
2022-10-10 14:33:46.885  INFO 4460 --- [    Test worker] p6spy                                    : #1665380026885 | took 0ms | statement | connection 18| url jdbc:h2:mem:ad3a9e80-f26d-4a3e-9691-17f803db5723
update picture set spot_id=?, url=? where picture_id=?
update picture set spot_id=109, url='java.io.StringReader@46460f58' where picture_id=227;
2022-10-10 14:33:46.885  INFO 4460 --- [    Test worker] p6spy                                    : #1665380026885 | took 0ms | statement | connection 18| url jdbc:h2:mem:ad3a9e80-f26d-4a3e-9691-17f803db5723
update picture set spot_id=?, url=? where picture_id=?
update picture set spot_id=110, url='java.io.StringReader@66896ed0' where picture_id=229;
2022-10-10 14:33:46.885  INFO 4460 --- [    Test worker] p6spy                                    : #1665380026885 | took 0ms | statement | connection 18| url jdbc:h2:mem:ad3a9e80-f26d-4a3e-9691-17f803db5723
update picture set spot_id=?, url=? where picture_id=?
update picture set spot_id=110, url='java.io.StringReader@4377d616' where picture_id=230;
2022-10-10 14:33:46.885  INFO 4460 --- [    Test worker] p6spy                                    : #1665380026885 | took 0ms | statement | connection 18| url jdbc:h2:mem:ad3a9e80-f26d-4a3e-9691-17f803db5723
update picture set spot_id=?, url=? where picture_id=?
update picture set spot_id=110, url='java.io.StringReader@3eebbbf5' where picture_id=231;
2022-10-10 14:33:46.885  INFO 4460 --- [    Test worker] p6spy                                    : #1665380026885 | took 0ms | statement | connection 18| url jdbc:h2:mem:ad3a9e80-f26d-4a3e-9691-17f803db5723
update picture set spot_id=?, url=? where picture_id=?
update picture set spot_id=111, url='java.io.StringReader@18809db8' where picture_id=233;
2022-10-10 14:33:46.885  INFO 4460 --- [    Test worker] p6spy                                    : #1665380026885 | took 0ms | statement | connection 18| url jdbc:h2:mem:ad3a9e80-f26d-4a3e-9691-17f803db5723
update picture set spot_id=?, url=? where picture_id=?
update picture set spot_id=111, url='java.io.StringReader@5050cf7e' where picture_id=234;
2022-10-10 14:33:46.886  INFO 4460 --- [    Test worker] p6spy                                    : #1665380026886 | took 0ms | statement | connection 18| url jdbc:h2:mem:ad3a9e80-f26d-4a3e-9691-17f803db5723
update picture set spot_id=?, url=? where picture_id=?
update picture set spot_id=111, url='java.io.StringReader@4b28d787' where picture_id=235;
2022-10-10 14:33:46.886  INFO 4460 --- [    Test worker] p6spy                                    : #1665380026886 | took 0ms | statement | connection 18| url jdbc:h2:mem:ad3a9e80-f26d-4a3e-9691-17f803db5723
update picture set spot_id=?, url=? where picture_id=?
update picture set spot_id=112, url='java.io.StringReader@700fec90' where picture_id=237;
2022-10-10 14:33:46.886  INFO 4460 --- [    Test worker] p6spy                                    : #1665380026886 | took 0ms | statement | connection 18| url jdbc:h2:mem:ad3a9e80-f26d-4a3e-9691-17f803db5723
update picture set spot_id=?, url=? where picture_id=?
update picture set spot_id=112, url='java.io.StringReader@70143ee4' where picture_id=238;
2022-10-10 14:33:46.886  INFO 4460 --- [    Test worker] p6spy                                    : #1665380026886 | took 0ms | statement | connection 18| url jdbc:h2:mem:ad3a9e80-f26d-4a3e-9691-17f803db5723
update picture set spot_id=?, url=? where picture_id=?
update picture set spot_id=112, url='java.io.StringReader@66041d36' where picture_id=239;
2022-10-10 14:33:46.886  INFO 4460 --- [    Test worker] p6spy                                    : #1665380026886 | took 0ms | statement | connection 18| url jdbc:h2:mem:ad3a9e80-f26d-4a3e-9691-17f803db5723
update picture set spot_id=?, url=? where picture_id=?
update picture set spot_id=113, url='java.io.StringReader@37d85eec' where picture_id=241;
2022-10-10 14:33:46.886  INFO 4460 --- [    Test worker] p6spy                                    : #1665380026886 | took 0ms | statement | connection 18| url jdbc:h2:mem:ad3a9e80-f26d-4a3e-9691-17f803db5723
update picture set spot_id=?, url=? where picture_id=?
update picture set spot_id=113, url='java.io.StringReader@645b31d0' where picture_id=242;
2022-10-10 14:33:46.886  INFO 4460 --- [    Test worker] p6spy                                    : #1665380026886 | took 0ms | statement | connection 18| url jdbc:h2:mem:ad3a9e80-f26d-4a3e-9691-17f803db5723
update picture set spot_id=?, url=? where picture_id=?
update picture set spot_id=113, url='java.io.StringReader@5fd5963d' where picture_id=243;
2022-10-10 14:33:46.886  INFO 4460 --- [    Test worker] p6spy                                    : #1665380026886 | took 0ms | statement | connection 18| url jdbc:h2:mem:ad3a9e80-f26d-4a3e-9691-17f803db5723
update picture set spot_id=?, url=? where picture_id=?
update picture set spot_id=114, url='java.io.StringReader@7de752dd' where picture_id=245;
2022-10-10 14:33:46.886  INFO 4460 --- [    Test worker] p6spy                                    : #1665380026886 | took 0ms | statement | connection 18| url jdbc:h2:mem:ad3a9e80-f26d-4a3e-9691-17f803db5723
update picture set spot_id=?, url=? where picture_id=?
update picture set spot_id=114, url='java.io.StringReader@7c1ae95' where picture_id=246;
2022-10-10 14:33:46.886  INFO 4460 --- [    Test worker] p6spy                                    : #1665380026886 | took 0ms | statement | connection 18| url jdbc:h2:mem:ad3a9e80-f26d-4a3e-9691-17f803db5723
update picture set spot_id=?, url=? where picture_id=?
update picture set spot_id=114, url='java.io.StringReader@379445f' where picture_id=247;
2022-10-10 14:33:46.886  INFO 4460 --- [    Test worker] p6spy                                    : #1665380026886 | took 0ms | statement | connection 18| url jdbc:h2:mem:ad3a9e80-f26d-4a3e-9691-17f803db5723
update picture set spot_id=?, url=? where picture_id=?
update picture set spot_id=115, url='java.io.StringReader@411d3b5e' where picture_id=249;
2022-10-10 14:33:46.886  INFO 4460 --- [    Test worker] p6spy                                    : #1665380026886 | took 0ms | statement | connection 18| url jdbc:h2:mem:ad3a9e80-f26d-4a3e-9691-17f803db5723
update picture set spot_id=?, url=? where picture_id=?
update picture set spot_id=115, url='java.io.StringReader@159d2313' where picture_id=250;
2022-10-10 14:33:46.886  INFO 4460 --- [    Test worker] p6spy                                    : #1665380026886 | took 0ms | statement | connection 18| url jdbc:h2:mem:ad3a9e80-f26d-4a3e-9691-17f803db5723
update picture set spot_id=?, url=? where picture_id=?
update picture set spot_id=115, url='java.io.StringReader@7dfe23c2' where picture_id=251;
2022-10-10 14:33:46.886  INFO 4460 --- [    Test worker] p6spy                                    : #1665380026886 | took 0ms | statement | connection 18| url jdbc:h2:mem:ad3a9e80-f26d-4a3e-9691-17f803db5723
update picture set spot_id=?, url=? where picture_id=?
update picture set spot_id=116, url='java.io.StringReader@5e232d07' where picture_id=253;
2022-10-10 14:33:46.886  INFO 4460 --- [    Test worker] p6spy                                    : #1665380026886 | took 0ms | statement | connection 18| url jdbc:h2:mem:ad3a9e80-f26d-4a3e-9691-17f803db5723
update picture set spot_id=?, url=? where picture_id=?
update picture set spot_id=116, url='java.io.StringReader@1714fe69' where picture_id=254;
2022-10-10 14:33:46.887  INFO 4460 --- [    Test worker] p6spy                                    : #1665380026887 | took 0ms | statement | connection 18| url jdbc:h2:mem:ad3a9e80-f26d-4a3e-9691-17f803db5723
update picture set spot_id=?, url=? where picture_id=?
update picture set spot_id=116, url='java.io.StringReader@3d862f5c' where picture_id=255;
2022-10-10 14:33:46.887  INFO 4460 --- [    Test worker] p6spy                                    : #1665380026887 | took 0ms | statement | connection 18| url jdbc:h2:mem:ad3a9e80-f26d-4a3e-9691-17f803db5723
update picture set spot_id=?, url=? where picture_id=?
update picture set spot_id=117, url='java.io.StringReader@3c45c5cd' where picture_id=257;
2022-10-10 14:33:46.887  INFO 4460 --- [    Test worker] p6spy                                    : #1665380026887 | took 0ms | statement | connection 18| url jdbc:h2:mem:ad3a9e80-f26d-4a3e-9691-17f803db5723
update picture set spot_id=?, url=? where picture_id=?
update picture set spot_id=117, url='java.io.StringReader@5b11b6c8' where picture_id=258;
2022-10-10 14:33:46.887  INFO 4460 --- [    Test worker] p6spy                                    : #1665380026887 | took 0ms | statement | connection 18| url jdbc:h2:mem:ad3a9e80-f26d-4a3e-9691-17f803db5723
update picture set spot_id=?, url=? where picture_id=?
update picture set spot_id=117, url='java.io.StringReader@4ef69c53' where picture_id=259;
2022-10-10 14:33:46.887  INFO 4460 --- [    Test worker] p6spy                                    : #1665380026887 | took 0ms | statement | connection 18| url jdbc:h2:mem:ad3a9e80-f26d-4a3e-9691-17f803db5723
update picture set spot_id=?, url=? where picture_id=?
update picture set spot_id=118, url='java.io.StringReader@797ec046' where picture_id=261;
2022-10-10 14:33:46.887  INFO 4460 --- [    Test worker] p6spy                                    : #1665380026887 | took 0ms | statement | connection 18| url jdbc:h2:mem:ad3a9e80-f26d-4a3e-9691-17f803db5723
update picture set spot_id=?, url=? where picture_id=?
update picture set spot_id=118, url='java.io.StringReader@214ef199' where picture_id=262;
2022-10-10 14:33:46.887  INFO 4460 --- [    Test worker] p6spy                                    : #1665380026887 | took 0ms | statement | connection 18| url jdbc:h2:mem:ad3a9e80-f26d-4a3e-9691-17f803db5723
update picture set spot_id=?, url=? where picture_id=?
update picture set spot_id=118, url='java.io.StringReader@26b01384' where picture_id=263;
2022-10-10 14:33:46.887  INFO 4460 --- [    Test worker] p6spy                                    : #1665380026887 | took 0ms | statement | connection 18| url jdbc:h2:mem:ad3a9e80-f26d-4a3e-9691-17f803db5723
update picture set spot_id=?, url=? where picture_id=?
update picture set spot_id=119, url='java.io.StringReader@48c2391' where picture_id=265;
2022-10-10 14:33:46.887  INFO 4460 --- [    Test worker] p6spy                                    : #1665380026887 | took 0ms | statement | connection 18| url jdbc:h2:mem:ad3a9e80-f26d-4a3e-9691-17f803db5723
update picture set spot_id=?, url=? where picture_id=?
update picture set spot_id=119, url='java.io.StringReader@386643e' where picture_id=266;
2022-10-10 14:33:46.887  INFO 4460 --- [    Test worker] p6spy                                    : #1665380026887 | took 0ms | statement | connection 18| url jdbc:h2:mem:ad3a9e80-f26d-4a3e-9691-17f803db5723
update picture set spot_id=?, url=? where picture_id=?
update picture set spot_id=119, url='java.io.StringReader@68d93913' where picture_id=267;
2022-10-10 14:33:46.887  INFO 4460 --- [    Test worker] p6spy                                    : #1665380026887 | took 0ms | statement | connection 18| url jdbc:h2:mem:ad3a9e80-f26d-4a3e-9691-17f803db5723
update picture set spot_id=?, url=? where picture_id=?
update picture set spot_id=120, url='java.io.StringReader@2c94299a' where picture_id=269;
2022-10-10 14:33:46.887  INFO 4460 --- [    Test worker] p6spy                                    : #1665380026887 | took 0ms | statement | connection 18| url jdbc:h2:mem:ad3a9e80-f26d-4a3e-9691-17f803db5723
update picture set spot_id=?, url=? where picture_id=?
update picture set spot_id=120, url='java.io.StringReader@b722630' where picture_id=270;
2022-10-10 14:33:46.887  INFO 4460 --- [    Test worker] p6spy                                    : #1665380026887 | took 0ms | statement | connection 18| url jdbc:h2:mem:ad3a9e80-f26d-4a3e-9691-17f803db5723
update picture set spot_id=?, url=? where picture_id=?
update picture set spot_id=120, url='java.io.StringReader@1818c0a0' where picture_id=271;
2022-10-10 14:33:46.887  INFO 4460 --- [    Test worker] p6spy                                    : #1665380026887 | took 0ms | statement | connection 18| url jdbc:h2:mem:ad3a9e80-f26d-4a3e-9691-17f803db5723
update picture set spot_id=?, url=? where picture_id=?
update picture set spot_id=121, url='java.io.StringReader@6d98bf7' where picture_id=273;
2022-10-10 14:33:46.887  INFO 4460 --- [    Test worker] p6spy                                    : #1665380026887 | took 0ms | statement | connection 18| url jdbc:h2:mem:ad3a9e80-f26d-4a3e-9691-17f803db5723
update picture set spot_id=?, url=? where picture_id=?
update picture set spot_id=121, url='java.io.StringReader@16554f2e' where picture_id=274;
2022-10-10 14:33:46.887  INFO 4460 --- [    Test worker] p6spy                                    : #1665380026887 | took 0ms | statement | connection 18| url jdbc:h2:mem:ad3a9e80-f26d-4a3e-9691-17f803db5723
update picture set spot_id=?, url=? where picture_id=?
update picture set spot_id=121, url='java.io.StringReader@104ce963' where picture_id=275;
2022-10-10 14:33:46.887  INFO 4460 --- [    Test worker] p6spy                                    : #1665380026887 | took 0ms | statement | connection 18| url jdbc:h2:mem:ad3a9e80-f26d-4a3e-9691-17f803db5723
update picture set spot_id=?, url=? where picture_id=?
update picture set spot_id=122, url='java.io.StringReader@1f2eb34c' where picture_id=277;
2022-10-10 14:33:46.888  INFO 4460 --- [    Test worker] p6spy                                    : #1665380026888 | took 0ms | statement | connection 18| url jdbc:h2:mem:ad3a9e80-f26d-4a3e-9691-17f803db5723
update picture set spot_id=?, url=? where picture_id=?
update picture set spot_id=122, url='java.io.StringReader@1bb86f8d' where picture_id=278;
2022-10-10 14:33:46.888  INFO 4460 --- [    Test worker] p6spy                                    : #1665380026888 | took 0ms | statement | connection 18| url jdbc:h2:mem:ad3a9e80-f26d-4a3e-9691-17f803db5723
update picture set spot_id=?, url=? where picture_id=?
update picture set spot_id=122, url='java.io.StringReader@537caf04' where picture_id=279;
2022-10-10 14:33:46.888  INFO 4460 --- [    Test worker] p6spy                                    : #1665380026888 | took 0ms | statement | connection 18| url jdbc:h2:mem:ad3a9e80-f26d-4a3e-9691-17f803db5723
update picture set spot_id=?, url=? where picture_id=?
update picture set spot_id=123, url='java.io.StringReader@35067738' where picture_id=281;
2022-10-10 14:33:46.888  INFO 4460 --- [    Test worker] p6spy                                    : #1665380026888 | took 0ms | statement | connection 18| url jdbc:h2:mem:ad3a9e80-f26d-4a3e-9691-17f803db5723
update picture set spot_id=?, url=? where picture_id=?
update picture set spot_id=123, url='java.io.StringReader@49e11ca7' where picture_id=282;
2022-10-10 14:33:46.888  INFO 4460 --- [    Test worker] p6spy                                    : #1665380026888 | took 0ms | statement | connection 18| url jdbc:h2:mem:ad3a9e80-f26d-4a3e-9691-17f803db5723
update picture set spot_id=?, url=? where picture_id=?
update picture set spot_id=123, url='java.io.StringReader@84e1883' where picture_id=283;
2022-10-10 14:33:46.888  INFO 4460 --- [    Test worker] p6spy                                    : #1665380026888 | took 0ms | statement | connection 18| url jdbc:h2:mem:ad3a9e80-f26d-4a3e-9691-17f803db5723
update picture set spot_id=?, url=? where picture_id=?
update picture set spot_id=124, url='java.io.StringReader@59d8de36' where picture_id=285;
2022-10-10 14:33:46.888  INFO 4460 --- [    Test worker] p6spy                                    : #1665380026888 | took 0ms | statement | connection 18| url jdbc:h2:mem:ad3a9e80-f26d-4a3e-9691-17f803db5723
update picture set spot_id=?, url=? where picture_id=?
update picture set spot_id=124, url='java.io.StringReader@6719b4a' where picture_id=286;
2022-10-10 14:33:46.888  INFO 4460 --- [    Test worker] p6spy                                    : #1665380026888 | took 0ms | statement | connection 18| url jdbc:h2:mem:ad3a9e80-f26d-4a3e-9691-17f803db5723
update picture set spot_id=?, url=? where picture_id=?
update picture set spot_id=124, url='java.io.StringReader@4aa007c6' where picture_id=287;
2022-10-10 14:33:46.888  INFO 4460 --- [    Test worker] p6spy                                    : #1665380026888 | took 0ms | statement | connection 18| url jdbc:h2:mem:ad3a9e80-f26d-4a3e-9691-17f803db5723
update picture set spot_id=?, url=? where picture_id=?
update picture set spot_id=125, url='java.io.StringReader@35537fe' where picture_id=289;
2022-10-10 14:33:46.888  INFO 4460 --- [    Test worker] p6spy                                    : #1665380026888 | took 0ms | statement | connection 18| url jdbc:h2:mem:ad3a9e80-f26d-4a3e-9691-17f803db5723
update picture set spot_id=?, url=? where picture_id=?
update picture set spot_id=125, url='java.io.StringReader@257a59c' where picture_id=290;
2022-10-10 14:33:46.888  INFO 4460 --- [    Test worker] p6spy                                    : #1665380026888 | took 0ms | statement | connection 18| url jdbc:h2:mem:ad3a9e80-f26d-4a3e-9691-17f803db5723
update picture set spot_id=?, url=? where picture_id=?
update picture set spot_id=125, url='java.io.StringReader@9af804b' where picture_id=291;
2022-10-10 14:33:46.888  INFO 4460 --- [    Test worker] p6spy                                    : #1665380026888 | took 0ms | statement | connection 18| url jdbc:h2:mem:ad3a9e80-f26d-4a3e-9691-17f803db5723
update picture set spot_id=?, url=? where picture_id=?
update picture set spot_id=126, url='java.io.StringReader@5d5cd0cf' where picture_id=293;
2022-10-10 14:33:46.888  INFO 4460 --- [    Test worker] p6spy                                    : #1665380026888 | took 0ms | statement | connection 18| url jdbc:h2:mem:ad3a9e80-f26d-4a3e-9691-17f803db5723
update picture set spot_id=?, url=? where picture_id=?
update picture set spot_id=126, url='java.io.StringReader@2de1a93d' where picture_id=294;
2022-10-10 14:33:46.889  INFO 4460 --- [    Test worker] p6spy                                    : #1665380026889 | took 0ms | statement | connection 18| url jdbc:h2:mem:ad3a9e80-f26d-4a3e-9691-17f803db5723
update picture set spot_id=?, url=? where picture_id=?
update picture set spot_id=126, url='java.io.StringReader@474c8dec' where picture_id=295;
2022-10-10 14:33:46.889  INFO 4460 --- [    Test worker] p6spy                                    : #1665380026889 | took 0ms | statement | connection 18| url jdbc:h2:mem:ad3a9e80-f26d-4a3e-9691-17f803db5723
update picture set spot_id=?, url=? where picture_id=?
update picture set spot_id=127, url='java.io.StringReader@3c148f23' where picture_id=297;
2022-10-10 14:33:46.889  INFO 4460 --- [    Test worker] p6spy                                    : #1665380026889 | took 0ms | statement | connection 18| url jdbc:h2:mem:ad3a9e80-f26d-4a3e-9691-17f803db5723
update picture set spot_id=?, url=? where picture_id=?
update picture set spot_id=127, url='java.io.StringReader@40ccaefa' where picture_id=298;
2022-10-10 14:33:46.889  INFO 4460 --- [    Test worker] p6spy                                    : #1665380026889 | took 0ms | statement | connection 18| url jdbc:h2:mem:ad3a9e80-f26d-4a3e-9691-17f803db5723
update picture set spot_id=?, url=? where picture_id=?
update picture set spot_id=127, url='java.io.StringReader@34fb399b' where picture_id=299;
2022-10-10 14:33:46.889  INFO 4460 --- [    Test worker] p6spy                                    : #1665380026889 | took 0ms | statement | connection 18| url jdbc:h2:mem:ad3a9e80-f26d-4a3e-9691-17f803db5723
update picture set spot_id=?, url=? where picture_id=?
update picture set spot_id=128, url='java.io.StringReader@642f1d22' where picture_id=301;
2022-10-10 14:33:46.889  INFO 4460 --- [    Test worker] p6spy                                    : #1665380026889 | took 0ms | statement | connection 18| url jdbc:h2:mem:ad3a9e80-f26d-4a3e-9691-17f803db5723
update picture set spot_id=?, url=? where picture_id=?
update picture set spot_id=128, url='java.io.StringReader@797ed02e' where picture_id=302;
2022-10-10 14:33:46.889  INFO 4460 --- [    Test worker] p6spy                                    : #1665380026889 | took 0ms | statement | connection 18| url jdbc:h2:mem:ad3a9e80-f26d-4a3e-9691-17f803db5723
update picture set spot_id=?, url=? where picture_id=?
update picture set spot_id=128, url='java.io.StringReader@1ca49d7c' where picture_id=303;
2022-10-10 14:33:46.889  INFO 4460 --- [    Test worker] p6spy                                    : #1665380026889 | took 0ms | statement | connection 18| url jdbc:h2:mem:ad3a9e80-f26d-4a3e-9691-17f803db5723
update picture set spot_id=?, url=? where picture_id=?
update picture set spot_id=129, url='java.io.StringReader@2495bc30' where picture_id=305;
2022-10-10 14:33:46.889  INFO 4460 --- [    Test worker] p6spy                                    : #1665380026889 | took 0ms | statement | connection 18| url jdbc:h2:mem:ad3a9e80-f26d-4a3e-9691-17f803db5723
update picture set spot_id=?, url=? where picture_id=?
update picture set spot_id=129, url='java.io.StringReader@239c4792' where picture_id=306;
2022-10-10 14:33:46.889  INFO 4460 --- [    Test worker] p6spy                                    : #1665380026889 | took 0ms | statement | connection 18| url jdbc:h2:mem:ad3a9e80-f26d-4a3e-9691-17f803db5723
update picture set spot_id=?, url=? where picture_id=?
update picture set spot_id=129, url='java.io.StringReader@5c2463d8' where picture_id=307;
2022-10-10 14:33:46.889  INFO 4460 --- [    Test worker] p6spy                                    : #1665380026889 | took 0ms | statement | connection 18| url jdbc:h2:mem:ad3a9e80-f26d-4a3e-9691-17f803db5723
update picture set spot_id=?, url=? where picture_id=?
update picture set spot_id=130, url='java.io.StringReader@807bfd3' where picture_id=309;
2022-10-10 14:33:46.889  INFO 4460 --- [    Test worker] p6spy                                    : #1665380026889 | took 0ms | statement | connection 18| url jdbc:h2:mem:ad3a9e80-f26d-4a3e-9691-17f803db5723
update picture set spot_id=?, url=? where picture_id=?
update picture set spot_id=130, url='java.io.StringReader@4d27716b' where picture_id=310;
2022-10-10 14:33:46.889  INFO 4460 --- [    Test worker] p6spy                                    : #1665380026889 | took 0ms | statement | connection 18| url jdbc:h2:mem:ad3a9e80-f26d-4a3e-9691-17f803db5723
update picture set spot_id=?, url=? where picture_id=?
update picture set spot_id=130, url='java.io.StringReader@581bc85e' where picture_id=311;
2022-10-10 14:33:46.889  INFO 4460 --- [    Test worker] p6spy                                    : #1665380026889 | took 0ms | statement | connection 18| url jdbc:h2:mem:ad3a9e80-f26d-4a3e-9691-17f803db5723
update picture set spot_id=?, url=? where picture_id=?
update picture set spot_id=131, url='java.io.StringReader@3860542a' where picture_id=313;
2022-10-10 14:33:46.890  INFO 4460 --- [    Test worker] p6spy                                    : #1665380026890 | took 0ms | statement | connection 18| url jdbc:h2:mem:ad3a9e80-f26d-4a3e-9691-17f803db5723
update picture set spot_id=?, url=? where picture_id=?
update picture set spot_id=131, url='java.io.StringReader@7e9bb52f' where picture_id=314;
2022-10-10 14:33:46.890  INFO 4460 --- [    Test worker] p6spy                                    : #1665380026890 | took 0ms | statement | connection 18| url jdbc:h2:mem:ad3a9e80-f26d-4a3e-9691-17f803db5723
update picture set spot_id=?, url=? where picture_id=?
update picture set spot_id=131, url='java.io.StringReader@18e5b50' where picture_id=315;
2022-10-10 14:33:46.890  INFO 4460 --- [    Test worker] p6spy                                    : #1665380026890 | took 0ms | statement | connection 18| url jdbc:h2:mem:ad3a9e80-f26d-4a3e-9691-17f803db5723
update picture set spot_id=?, url=? where picture_id=?
update picture set spot_id=132, url='java.io.StringReader@283730de' where picture_id=317;
2022-10-10 14:33:46.890  INFO 4460 --- [    Test worker] p6spy                                    : #1665380026890 | took 0ms | statement | connection 18| url jdbc:h2:mem:ad3a9e80-f26d-4a3e-9691-17f803db5723
update picture set spot_id=?, url=? where picture_id=?
update picture set spot_id=132, url='java.io.StringReader@57212116' where picture_id=318;
2022-10-10 14:33:46.890  INFO 4460 --- [    Test worker] p6spy                                    : #1665380026890 | took 0ms | statement | connection 18| url jdbc:h2:mem:ad3a9e80-f26d-4a3e-9691-17f803db5723
update picture set spot_id=?, url=? where picture_id=?
update picture set spot_id=132, url='java.io.StringReader@17b17fa8' where picture_id=319;
2022-10-10 14:33:46.890  INFO 4460 --- [    Test worker] p6spy                                    : #1665380026890 | took 0ms | statement | connection 18| url jdbc:h2:mem:ad3a9e80-f26d-4a3e-9691-17f803db5723
update picture set spot_id=?, url=? where picture_id=?
update picture set spot_id=133, url='java.io.StringReader@627f515c' where picture_id=321;
2022-10-10 14:33:46.890  INFO 4460 --- [    Test worker] p6spy                                    : #1665380026890 | took 0ms | statement | connection 18| url jdbc:h2:mem:ad3a9e80-f26d-4a3e-9691-17f803db5723
update picture set spot_id=?, url=? where picture_id=?
update picture set spot_id=133, url='java.io.StringReader@6dbcb435' where picture_id=322;
2022-10-10 14:33:46.890  INFO 4460 --- [    Test worker] p6spy                                    : #1665380026890 | took 0ms | statement | connection 18| url jdbc:h2:mem:ad3a9e80-f26d-4a3e-9691-17f803db5723
update picture set spot_id=?, url=? where picture_id=?
update picture set spot_id=133, url='java.io.StringReader@20eee47c' where picture_id=323;
2022-10-10 14:33:46.890  INFO 4460 --- [    Test worker] p6spy                                    : #1665380026890 | took 0ms | statement | connection 18| url jdbc:h2:mem:ad3a9e80-f26d-4a3e-9691-17f803db5723
update picture set spot_id=?, url=? where picture_id=?
update picture set spot_id=134, url='java.io.StringReader@36df566' where picture_id=325;
2022-10-10 14:33:46.890  INFO 4460 --- [    Test worker] p6spy                                    : #1665380026890 | took 0ms | statement | connection 18| url jdbc:h2:mem:ad3a9e80-f26d-4a3e-9691-17f803db5723
update picture set spot_id=?, url=? where picture_id=?
update picture set spot_id=134, url='java.io.StringReader@21890674' where picture_id=326;
2022-10-10 14:33:46.890  INFO 4460 --- [    Test worker] p6spy                                    : #1665380026890 | took 0ms | statement | connection 18| url jdbc:h2:mem:ad3a9e80-f26d-4a3e-9691-17f803db5723
update picture set spot_id=?, url=? where picture_id=?
update picture set spot_id=134, url='java.io.StringReader@68efc9a2' where picture_id=327;
2022-10-10 14:33:46.890  INFO 4460 --- [    Test worker] p6spy                                    : #1665380026890 | took 0ms | statement | connection 18| url jdbc:h2:mem:ad3a9e80-f26d-4a3e-9691-17f803db5723
update picture set spot_id=?, url=? where picture_id=?
update picture set spot_id=135, url='java.io.StringReader@3b9bfa09' where picture_id=329;
2022-10-10 14:33:46.890  INFO 4460 --- [    Test worker] p6spy                                    : #1665380026890 | took 0ms | statement | connection 18| url jdbc:h2:mem:ad3a9e80-f26d-4a3e-9691-17f803db5723
update picture set spot_id=?, url=? where picture_id=?
update picture set spot_id=135, url='java.io.StringReader@5a4700ba' where picture_id=330;
2022-10-10 14:33:46.890  INFO 4460 --- [    Test worker] p6spy                                    : #1665380026890 | took 0ms | statement | connection 18| url jdbc:h2:mem:ad3a9e80-f26d-4a3e-9691-17f803db5723
update picture set spot_id=?, url=? where picture_id=?
update picture set spot_id=135, url='java.io.StringReader@75dbf41c' where picture_id=331;
2022-10-10 14:33:46.890  INFO 4460 --- [    Test worker] p6spy                                    : #1665380026890 | took 0ms | statement | connection 18| url jdbc:h2:mem:ad3a9e80-f26d-4a3e-9691-17f803db5723
update picture set spot_id=?, url=? where picture_id=?
update picture set spot_id=136, url='java.io.StringReader@3e4162ee' where picture_id=333;
2022-10-10 14:33:46.890  INFO 4460 --- [    Test worker] p6spy                                    : #1665380026890 | took 0ms | statement | connection 18| url jdbc:h2:mem:ad3a9e80-f26d-4a3e-9691-17f803db5723
update picture set spot_id=?, url=? where picture_id=?
update picture set spot_id=136, url='java.io.StringReader@2c9ecf5' where picture_id=334;
2022-10-10 14:33:46.890  INFO 4460 --- [    Test worker] p6spy                                    : #1665380026890 | took 0ms | statement | connection 18| url jdbc:h2:mem:ad3a9e80-f26d-4a3e-9691-17f803db5723
update picture set spot_id=?, url=? where picture_id=?
update picture set spot_id=136, url='java.io.StringReader@2d7d92a7' where picture_id=335;
2022-10-10 14:33:46.891  INFO 4460 --- [    Test worker] p6spy                                    : #1665380026891 | took 0ms | statement | connection 18| url jdbc:h2:mem:ad3a9e80-f26d-4a3e-9691-17f803db5723
update picture set spot_id=?, url=? where picture_id=?
update picture set spot_id=137, url='java.io.StringReader@7af66b8a' where picture_id=337;
2022-10-10 14:33:46.891  INFO 4460 --- [    Test worker] p6spy                                    : #1665380026891 | took 0ms | statement | connection 18| url jdbc:h2:mem:ad3a9e80-f26d-4a3e-9691-17f803db5723
update picture set spot_id=?, url=? where picture_id=?
update picture set spot_id=137, url='java.io.StringReader@bfab0dc' where picture_id=338;
2022-10-10 14:33:46.891  INFO 4460 --- [    Test worker] p6spy                                    : #1665380026891 | took 0ms | statement | connection 18| url jdbc:h2:mem:ad3a9e80-f26d-4a3e-9691-17f803db5723
update picture set spot_id=?, url=? where picture_id=?
update picture set spot_id=137, url='java.io.StringReader@8742b32' where picture_id=339;
2022-10-10 14:33:46.891  INFO 4460 --- [    Test worker] p6spy                                    : #1665380026891 | took 0ms | statement | connection 18| url jdbc:h2:mem:ad3a9e80-f26d-4a3e-9691-17f803db5723
update picture set spot_id=?, url=? where picture_id=?
update picture set spot_id=138, url='java.io.StringReader@2e7e9897' where picture_id=341;
2022-10-10 14:33:46.891  INFO 4460 --- [    Test worker] p6spy                                    : #1665380026891 | took 0ms | statement | connection 18| url jdbc:h2:mem:ad3a9e80-f26d-4a3e-9691-17f803db5723
update picture set spot_id=?, url=? where picture_id=?
update picture set spot_id=138, url='java.io.StringReader@7babfd29' where picture_id=342;
2022-10-10 14:33:46.891  INFO 4460 --- [    Test worker] p6spy                                    : #1665380026891 | took 0ms | statement | connection 18| url jdbc:h2:mem:ad3a9e80-f26d-4a3e-9691-17f803db5723
update picture set spot_id=?, url=? where picture_id=?
update picture set spot_id=138, url='java.io.StringReader@4f4d7c0e' where picture_id=343;
2022-10-10 14:33:46.891  INFO 4460 --- [    Test worker] p6spy                                    : #1665380026891 | took 0ms | statement | connection 18| url jdbc:h2:mem:ad3a9e80-f26d-4a3e-9691-17f803db5723
update picture set spot_id=?, url=? where picture_id=?
update picture set spot_id=139, url='java.io.StringReader@aa24615' where picture_id=345;
2022-10-10 14:33:46.891  INFO 4460 --- [    Test worker] p6spy                                    : #1665380026891 | took 0ms | statement | connection 18| url jdbc:h2:mem:ad3a9e80-f26d-4a3e-9691-17f803db5723
update picture set spot_id=?, url=? where picture_id=?
update picture set spot_id=139, url='java.io.StringReader@127350d8' where picture_id=346;
2022-10-10 14:33:46.891  INFO 4460 --- [    Test worker] p6spy                                    : #1665380026891 | took 0ms | statement | connection 18| url jdbc:h2:mem:ad3a9e80-f26d-4a3e-9691-17f803db5723
update picture set spot_id=?, url=? where picture_id=?
update picture set spot_id=139, url='java.io.StringReader@34b4f6c3' where picture_id=347;
2022-10-10 14:33:46.891  INFO 4460 --- [    Test worker] p6spy                                    : #1665380026891 | took 0ms | statement | connection 18| url jdbc:h2:mem:ad3a9e80-f26d-4a3e-9691-17f803db5723
update picture set spot_id=?, url=? where picture_id=?
update picture set spot_id=140, url='java.io.StringReader@6ad51d91' where picture_id=349;
2022-10-10 14:33:46.891  INFO 4460 --- [    Test worker] p6spy                                    : #1665380026891 | took 0ms | statement | connection 18| url jdbc:h2:mem:ad3a9e80-f26d-4a3e-9691-17f803db5723
update picture set spot_id=?, url=? where picture_id=?
update picture set spot_id=140, url='java.io.StringReader@288c16a5' where picture_id=350;
2022-10-10 14:33:46.891  INFO 4460 --- [    Test worker] p6spy                                    : #1665380026891 | took 0ms | statement | connection 18| url jdbc:h2:mem:ad3a9e80-f26d-4a3e-9691-17f803db5723
update picture set spot_id=?, url=? where picture_id=?
update picture set spot_id=140, url='java.io.StringReader@7540aa55' where picture_id=351;
2022-10-10 14:33:46.891  INFO 4460 --- [    Test worker] p6spy                                    : #1665380026891 | took 0ms | statement | connection 18| url jdbc:h2:mem:ad3a9e80-f26d-4a3e-9691-17f803db5723
update picture set spot_id=?, url=? where picture_id=?
update picture set spot_id=141, url='java.io.StringReader@408db405' where picture_id=353;
2022-10-10 14:33:46.891  INFO 4460 --- [    Test worker] p6spy                                    : #1665380026891 | took 0ms | statement | connection 18| url jdbc:h2:mem:ad3a9e80-f26d-4a3e-9691-17f803db5723
update picture set spot_id=?, url=? where picture_id=?
update picture set spot_id=141, url='java.io.StringReader@13666880' where picture_id=354;
2022-10-10 14:33:46.891  INFO 4460 --- [    Test worker] p6spy                                    : #1665380026891 | took 0ms | statement | connection 18| url jdbc:h2:mem:ad3a9e80-f26d-4a3e-9691-17f803db5723
update picture set spot_id=?, url=? where picture_id=?
update picture set spot_id=141, url='java.io.StringReader@391133ad' where picture_id=355;
2022-10-10 14:33:46.891  INFO 4460 --- [    Test worker] p6spy                                    : #1665380026891 | took 0ms | statement | connection 18| url jdbc:h2:mem:ad3a9e80-f26d-4a3e-9691-17f803db5723
update picture set spot_id=?, url=? where picture_id=?
update picture set spot_id=142, url='java.io.StringReader@9b9a322' where picture_id=357;
2022-10-10 14:33:46.891  INFO 4460 --- [    Test worker] p6spy                                    : #1665380026891 | took 0ms | statement | connection 18| url jdbc:h2:mem:ad3a9e80-f26d-4a3e-9691-17f803db5723
update picture set spot_id=?, url=? where picture_id=?
update picture set spot_id=142, url='java.io.StringReader@64f0271e' where picture_id=358;
2022-10-10 14:33:46.891  INFO 4460 --- [    Test worker] p6spy                                    : #1665380026891 | took 0ms | statement | connection 18| url jdbc:h2:mem:ad3a9e80-f26d-4a3e-9691-17f803db5723
update picture set spot_id=?, url=? where picture_id=?
update picture set spot_id=142, url='java.io.StringReader@21f0508' where picture_id=359;
2022-10-10 14:33:46.892  INFO 4460 --- [    Test worker] p6spy                                    : #1665380026892 | took 0ms | statement | connection 18| url jdbc:h2:mem:ad3a9e80-f26d-4a3e-9691-17f803db5723
update picture set spot_id=?, url=? where picture_id=?
update picture set spot_id=143, url='java.io.StringReader@203f929' where picture_id=361;
2022-10-10 14:33:46.892  INFO 4460 --- [    Test worker] p6spy                                    : #1665380026892 | took 0ms | statement | connection 18| url jdbc:h2:mem:ad3a9e80-f26d-4a3e-9691-17f803db5723
update picture set spot_id=?, url=? where picture_id=?
update picture set spot_id=143, url='java.io.StringReader@53fa89e6' where picture_id=362;
2022-10-10 14:33:46.892  INFO 4460 --- [    Test worker] p6spy                                    : #1665380026892 | took 0ms | statement | connection 18| url jdbc:h2:mem:ad3a9e80-f26d-4a3e-9691-17f803db5723
update picture set spot_id=?, url=? where picture_id=?
update picture set spot_id=143, url='java.io.StringReader@67fc98fe' where picture_id=363;
2022-10-10 14:33:46.892  INFO 4460 --- [    Test worker] p6spy                                    : #1665380026892 | took 0ms | statement | connection 18| url jdbc:h2:mem:ad3a9e80-f26d-4a3e-9691-17f803db5723
update picture set spot_id=?, url=? where picture_id=?
update picture set spot_id=144, url='java.io.StringReader@20e06a86' where picture_id=365;
2022-10-10 14:33:46.892  INFO 4460 --- [    Test worker] p6spy                                    : #1665380026892 | took 0ms | statement | connection 18| url jdbc:h2:mem:ad3a9e80-f26d-4a3e-9691-17f803db5723
update picture set spot_id=?, url=? where picture_id=?
update picture set spot_id=144, url='java.io.StringReader@5dea8bf2' where picture_id=366;
2022-10-10 14:33:46.892  INFO 4460 --- [    Test worker] p6spy                                    : #1665380026892 | took 0ms | statement | connection 18| url jdbc:h2:mem:ad3a9e80-f26d-4a3e-9691-17f803db5723
update picture set spot_id=?, url=? where picture_id=?
update picture set spot_id=144, url='java.io.StringReader@ebad9a' where picture_id=367;
2022-10-10 14:33:46.892  INFO 4460 --- [    Test worker] p6spy                                    : #1665380026892 | took 0ms | statement | connection 18| url jdbc:h2:mem:ad3a9e80-f26d-4a3e-9691-17f803db5723
update picture set spot_id=?, url=? where picture_id=?
update picture set spot_id=145, url='java.io.StringReader@347c6044' where picture_id=369;
2022-10-10 14:33:46.892  INFO 4460 --- [    Test worker] p6spy                                    : #1665380026892 | took 0ms | statement | connection 18| url jdbc:h2:mem:ad3a9e80-f26d-4a3e-9691-17f803db5723
update picture set spot_id=?, url=? where picture_id=?
update picture set spot_id=145, url='java.io.StringReader@644acaff' where picture_id=370;
2022-10-10 14:33:46.892  INFO 4460 --- [    Test worker] p6spy                                    : #1665380026892 | took 0ms | statement | connection 18| url jdbc:h2:mem:ad3a9e80-f26d-4a3e-9691-17f803db5723
update picture set spot_id=?, url=? where picture_id=?
update picture set spot_id=145, url='java.io.StringReader@129bc797' where picture_id=371;
2022-10-10 14:33:46.892  INFO 4460 --- [    Test worker] p6spy                                    : #1665380026892 | took 0ms | statement | connection 18| url jdbc:h2:mem:ad3a9e80-f26d-4a3e-9691-17f803db5723
update picture set spot_id=?, url=? where picture_id=?
update picture set spot_id=146, url='java.io.StringReader@3c32105c' where picture_id=373;
2022-10-10 14:33:46.892  INFO 4460 --- [    Test worker] p6spy                                    : #1665380026892 | took 0ms | statement | connection 18| url jdbc:h2:mem:ad3a9e80-f26d-4a3e-9691-17f803db5723
update picture set spot_id=?, url=? where picture_id=?
update picture set spot_id=146, url='java.io.StringReader@723493f2' where picture_id=374;
2022-10-10 14:33:46.892  INFO 4460 --- [    Test worker] p6spy                                    : #1665380026892 | took 0ms | statement | connection 18| url jdbc:h2:mem:ad3a9e80-f26d-4a3e-9691-17f803db5723
update picture set spot_id=?, url=? where picture_id=?
update picture set spot_id=146, url='java.io.StringReader@1d95957c' where picture_id=375;
2022-10-10 14:33:46.892  INFO 4460 --- [    Test worker] p6spy                                    : #1665380026892 | took 0ms | statement | connection 18| url jdbc:h2:mem:ad3a9e80-f26d-4a3e-9691-17f803db5723
update picture set spot_id=?, url=? where picture_id=?
update picture set spot_id=147, url='java.io.StringReader@242270ae' where picture_id=377;
2022-10-10 14:33:46.892  INFO 4460 --- [    Test worker] p6spy                                    : #1665380026892 | took 0ms | statement | connection 18| url jdbc:h2:mem:ad3a9e80-f26d-4a3e-9691-17f803db5723
update picture set spot_id=?, url=? where picture_id=?
update picture set spot_id=147, url='java.io.StringReader@3c288a4e' where picture_id=378;
2022-10-10 14:33:46.892  INFO 4460 --- [    Test worker] p6spy                                    : #1665380026892 | took 0ms | statement | connection 18| url jdbc:h2:mem:ad3a9e80-f26d-4a3e-9691-17f803db5723
update picture set spot_id=?, url=? where picture_id=?
update picture set spot_id=147, url='java.io.StringReader@5ae93815' where picture_id=379;
2022-10-10 14:33:46.892  INFO 4460 --- [    Test worker] p6spy                                    : #1665380026892 | took 0ms | statement | connection 18| url jdbc:h2:mem:ad3a9e80-f26d-4a3e-9691-17f803db5723
update picture set spot_id=?, url=? where picture_id=?
update picture set spot_id=148, url='java.io.StringReader@4c1ce13a' where picture_id=381;
2022-10-10 14:33:46.892  INFO 4460 --- [    Test worker] p6spy                                    : #1665380026892 | took 0ms | statement | connection 18| url jdbc:h2:mem:ad3a9e80-f26d-4a3e-9691-17f803db5723
update picture set spot_id=?, url=? where picture_id=?
update picture set spot_id=148, url='java.io.StringReader@603601a1' where picture_id=382;
2022-10-10 14:33:46.892  INFO 4460 --- [    Test worker] p6spy                                    : #1665380026892 | took 0ms | statement | connection 18| url jdbc:h2:mem:ad3a9e80-f26d-4a3e-9691-17f803db5723
update picture set spot_id=?, url=? where picture_id=?
update picture set spot_id=148, url='java.io.StringReader@24546513' where picture_id=383;
2022-10-10 14:33:46.893  INFO 4460 --- [    Test worker] p6spy                                    : #1665380026893 | took 0ms | statement | connection 18| url jdbc:h2:mem:ad3a9e80-f26d-4a3e-9691-17f803db5723
update picture set spot_id=?, url=? where picture_id=?
update picture set spot_id=149, url='java.io.StringReader@39e67fbc' where picture_id=385;
2022-10-10 14:33:46.893  INFO 4460 --- [    Test worker] p6spy                                    : #1665380026893 | took 0ms | statement | connection 18| url jdbc:h2:mem:ad3a9e80-f26d-4a3e-9691-17f803db5723
update picture set spot_id=?, url=? where picture_id=?
update picture set spot_id=149, url='java.io.StringReader@33dbd53' where picture_id=386;
2022-10-10 14:33:46.893  INFO 4460 --- [    Test worker] p6spy                                    : #1665380026893 | took 0ms | statement | connection 18| url jdbc:h2:mem:ad3a9e80-f26d-4a3e-9691-17f803db5723
update picture set spot_id=?, url=? where picture_id=?
update picture set spot_id=149, url='java.io.StringReader@3e7de165' where picture_id=387;
2022-10-10 14:33:46.893  INFO 4460 --- [    Test worker] p6spy                                    : #1665380026893 | took 0ms | statement | connection 18| url jdbc:h2:mem:ad3a9e80-f26d-4a3e-9691-17f803db5723
update picture set spot_id=?, url=? where picture_id=?
update picture set spot_id=150, url='java.io.StringReader@7fab8e9a' where picture_id=389;
2022-10-10 14:33:46.893  INFO 4460 --- [    Test worker] p6spy                                    : #1665380026893 | took 0ms | statement | connection 18| url jdbc:h2:mem:ad3a9e80-f26d-4a3e-9691-17f803db5723
update picture set spot_id=?, url=? where picture_id=?
update picture set spot_id=150, url='java.io.StringReader@251d3913' where picture_id=390;
2022-10-10 14:33:46.893  INFO 4460 --- [    Test worker] p6spy                                    : #1665380026893 | took 0ms | statement | connection 18| url jdbc:h2:mem:ad3a9e80-f26d-4a3e-9691-17f803db5723
update picture set spot_id=?, url=? where picture_id=?
update picture set spot_id=150, url='java.io.StringReader@18211894' where picture_id=391;
2022-10-10 14:33:46.893  INFO 4460 --- [    Test worker] p6spy                                    : #1665380026893 | took 0ms | statement | connection 18| url jdbc:h2:mem:ad3a9e80-f26d-4a3e-9691-17f803db5723
update picture set spot_id=?, url=? where picture_id=?
update picture set spot_id=151, url='java.io.StringReader@78235b90' where picture_id=393;
2022-10-10 14:33:46.893  INFO 4460 --- [    Test worker] p6spy                                    : #1665380026893 | took 0ms | statement | connection 18| url jdbc:h2:mem:ad3a9e80-f26d-4a3e-9691-17f803db5723
update picture set spot_id=?, url=? where picture_id=?
update picture set spot_id=151, url='java.io.StringReader@7986302f' where picture_id=394;
2022-10-10 14:33:46.893  INFO 4460 --- [    Test worker] p6spy                                    : #1665380026893 | took 0ms | statement | connection 18| url jdbc:h2:mem:ad3a9e80-f26d-4a3e-9691-17f803db5723
update picture set spot_id=?, url=? where picture_id=?
update picture set spot_id=151, url='java.io.StringReader@45f854e9' where picture_id=395;
2022-10-10 14:33:46.893  INFO 4460 --- [    Test worker] p6spy                                    : #1665380026893 | took 0ms | statement | connection 18| url jdbc:h2:mem:ad3a9e80-f26d-4a3e-9691-17f803db5723
update picture set spot_id=?, url=? where picture_id=?
update picture set spot_id=152, url='java.io.StringReader@6a82a388' where picture_id=397;
2022-10-10 14:33:46.893  INFO 4460 --- [    Test worker] p6spy                                    : #1665380026893 | took 0ms | statement | connection 18| url jdbc:h2:mem:ad3a9e80-f26d-4a3e-9691-17f803db5723
update picture set spot_id=?, url=? where picture_id=?
update picture set spot_id=152, url='java.io.StringReader@1332d4ae' where picture_id=398;
2022-10-10 14:33:46.893  INFO 4460 --- [    Test worker] p6spy                                    : #1665380026893 | took 0ms | statement | connection 18| url jdbc:h2:mem:ad3a9e80-f26d-4a3e-9691-17f803db5723
update picture set spot_id=?, url=? where picture_id=?
update picture set spot_id=152, url='java.io.StringReader@396ab19d' where picture_id=399;
2022-10-10 14:33:46.893  INFO 4460 --- [    Test worker] p6spy                                    : #1665380026893 | took 0ms | statement | connection 18| url jdbc:h2:mem:ad3a9e80-f26d-4a3e-9691-17f803db5723
update picture set spot_id=?, url=? where picture_id=?
update picture set spot_id=153, url='java.io.StringReader@67bf0d91' where picture_id=401;
2022-10-10 14:33:46.893  INFO 4460 --- [    Test worker] p6spy                                    : #1665380026893 | took 0ms | statement | connection 18| url jdbc:h2:mem:ad3a9e80-f26d-4a3e-9691-17f803db5723
update picture set spot_id=?, url=? where picture_id=?
update picture set spot_id=153, url='java.io.StringReader@2b360641' where picture_id=402;
2022-10-10 14:33:46.893  INFO 4460 --- [    Test worker] p6spy                                    : #1665380026893 | took 0ms | statement | connection 18| url jdbc:h2:mem:ad3a9e80-f26d-4a3e-9691-17f803db5723
update picture set spot_id=?, url=? where picture_id=?
update picture set spot_id=153, url='java.io.StringReader@7c698549' where picture_id=403;
2022-10-10 14:33:46.893  INFO 4460 --- [    Test worker] p6spy                                    : #1665380026893 | took 0ms | statement | connection 18| url jdbc:h2:mem:ad3a9e80-f26d-4a3e-9691-17f803db5723
update picture set spot_id=?, url=? where picture_id=?
update picture set spot_id=154, url='java.io.StringReader@4c721f6b' where picture_id=405;
2022-10-10 14:33:46.893  INFO 4460 --- [    Test worker] p6spy                                    : #1665380026893 | took 0ms | statement | connection 18| url jdbc:h2:mem:ad3a9e80-f26d-4a3e-9691-17f803db5723
update picture set spot_id=?, url=? where picture_id=?
update picture set spot_id=154, url='java.io.StringReader@4f21ed2d' where picture_id=406;
2022-10-10 14:33:46.893  INFO 4460 --- [    Test worker] p6spy                                    : #1665380026893 | took 0ms | statement | connection 18| url jdbc:h2:mem:ad3a9e80-f26d-4a3e-9691-17f803db5723
update picture set spot_id=?, url=? where picture_id=?
update picture set spot_id=154, url='java.io.StringReader@4f8ad451' where picture_id=407;
2022-10-10 14:33:46.894  INFO 4460 --- [    Test worker] p6spy                                    : #1665380026894 | took 0ms | statement | connection 18| url jdbc:h2:mem:ad3a9e80-f26d-4a3e-9691-17f803db5723
update picture set spot_id=?, url=? where picture_id=?
update picture set spot_id=155, url='java.io.StringReader@1571a63a' where picture_id=409;
2022-10-10 14:33:46.894  INFO 4460 --- [    Test worker] p6spy                                    : #1665380026894 | took 0ms | statement | connection 18| url jdbc:h2:mem:ad3a9e80-f26d-4a3e-9691-17f803db5723
update picture set spot_id=?, url=? where picture_id=?
update picture set spot_id=155, url='java.io.StringReader@31ca510a' where picture_id=410;
2022-10-10 14:33:46.894  INFO 4460 --- [    Test worker] p6spy                                    : #1665380026894 | took 0ms | statement | connection 18| url jdbc:h2:mem:ad3a9e80-f26d-4a3e-9691-17f803db5723
update picture set spot_id=?, url=? where picture_id=?
update picture set spot_id=155, url='java.io.StringReader@5b4e3618' where picture_id=411;
2022-10-10 14:33:46.894  INFO 4460 --- [    Test worker] p6spy                                    : #1665380026894 | took 0ms | statement | connection 18| url jdbc:h2:mem:ad3a9e80-f26d-4a3e-9691-17f803db5723
update picture set spot_id=?, url=? where picture_id=?
update picture set spot_id=156, url='java.io.StringReader@40383b24' where picture_id=413;
2022-10-10 14:33:46.894  INFO 4460 --- [    Test worker] p6spy                                    : #1665380026894 | took 0ms | statement | connection 18| url jdbc:h2:mem:ad3a9e80-f26d-4a3e-9691-17f803db5723
update picture set spot_id=?, url=? where picture_id=?
update picture set spot_id=156, url='java.io.StringReader@24fa43f8' where picture_id=414;
2022-10-10 14:33:46.894  INFO 4460 --- [    Test worker] p6spy                                    : #1665380026894 | took 0ms | statement | connection 18| url jdbc:h2:mem:ad3a9e80-f26d-4a3e-9691-17f803db5723
update picture set spot_id=?, url=? where picture_id=?
update picture set spot_id=156, url='java.io.StringReader@723fadfe' where picture_id=415;
2022-10-10 14:33:46.894  INFO 4460 --- [    Test worker] p6spy                                    : #1665380026894 | took 0ms | statement | connection 18| url jdbc:h2:mem:ad3a9e80-f26d-4a3e-9691-17f803db5723
update picture set spot_id=?, url=? where picture_id=?
update picture set spot_id=157, url='java.io.StringReader@431ac922' where picture_id=417;
2022-10-10 14:33:46.894  INFO 4460 --- [    Test worker] p6spy                                    : #1665380026894 | took 0ms | statement | connection 18| url jdbc:h2:mem:ad3a9e80-f26d-4a3e-9691-17f803db5723
update picture set spot_id=?, url=? where picture_id=?
update picture set spot_id=157, url='java.io.StringReader@62ce5261' where picture_id=418;
2022-10-10 14:33:46.894  INFO 4460 --- [    Test worker] p6spy                                    : #1665380026894 | took 0ms | statement | connection 18| url jdbc:h2:mem:ad3a9e80-f26d-4a3e-9691-17f803db5723
update picture set spot_id=?, url=? where picture_id=?
update picture set spot_id=157, url='java.io.StringReader@6c4d3ccc' where picture_id=419;
2022-10-10 14:33:46.894  INFO 4460 --- [    Test worker] p6spy                                    : #1665380026894 | took 0ms | statement | connection 18| url jdbc:h2:mem:ad3a9e80-f26d-4a3e-9691-17f803db5723
update picture set spot_id=?, url=? where picture_id=?
update picture set spot_id=158, url='java.io.StringReader@27688fc6' where picture_id=421;
2022-10-10 14:33:46.894  INFO 4460 --- [    Test worker] p6spy                                    : #1665380026894 | took 0ms | statement | connection 18| url jdbc:h2:mem:ad3a9e80-f26d-4a3e-9691-17f803db5723
update picture set spot_id=?, url=? where picture_id=?
update picture set spot_id=158, url='java.io.StringReader@76e463d3' where picture_id=422;
2022-10-10 14:33:46.894  INFO 4460 --- [    Test worker] p6spy                                    : #1665380026894 | took 0ms | statement | connection 18| url jdbc:h2:mem:ad3a9e80-f26d-4a3e-9691-17f803db5723
update picture set spot_id=?, url=? where picture_id=?
update picture set spot_id=158, url='java.io.StringReader@4086dd5f' where picture_id=423;
2022-10-10 14:33:46.894  INFO 4460 --- [    Test worker] p6spy                                    : #1665380026894 | took 0ms | statement | connection 18| url jdbc:h2:mem:ad3a9e80-f26d-4a3e-9691-17f803db5723
update picture set spot_id=?, url=? where picture_id=?
update picture set spot_id=159, url='java.io.StringReader@7d518749' where picture_id=425;
2022-10-10 14:33:46.895  INFO 4460 --- [    Test worker] p6spy                                    : #1665380026895 | took 0ms | statement | connection 18| url jdbc:h2:mem:ad3a9e80-f26d-4a3e-9691-17f803db5723
update picture set spot_id=?, url=? where picture_id=?
update picture set spot_id=159, url='java.io.StringReader@44c073bd' where picture_id=426;
2022-10-10 14:33:46.895  INFO 4460 --- [    Test worker] p6spy                                    : #1665380026895 | took 0ms | statement | connection 18| url jdbc:h2:mem:ad3a9e80-f26d-4a3e-9691-17f803db5723
update picture set spot_id=?, url=? where picture_id=?
update picture set spot_id=159, url='java.io.StringReader@1ad7892' where picture_id=427;
2022-10-10 14:33:46.895  INFO 4460 --- [    Test worker] p6spy                                    : #1665380026895 | took 0ms | statement | connection 18| url jdbc:h2:mem:ad3a9e80-f26d-4a3e-9691-17f803db5723
update picture set spot_id=?, url=? where picture_id=?
update picture set spot_id=160, url='java.io.StringReader@452895aa' where picture_id=429;
2022-10-10 14:33:46.895  INFO 4460 --- [    Test worker] p6spy                                    : #1665380026895 | took 0ms | statement | connection 18| url jdbc:h2:mem:ad3a9e80-f26d-4a3e-9691-17f803db5723
update picture set spot_id=?, url=? where picture_id=?
update picture set spot_id=160, url='java.io.StringReader@6ed99447' where picture_id=430;
2022-10-10 14:33:46.895  INFO 4460 --- [    Test worker] p6spy                                    : #1665380026895 | took 0ms | statement | connection 18| url jdbc:h2:mem:ad3a9e80-f26d-4a3e-9691-17f803db5723
update picture set spot_id=?, url=? where picture_id=?
update picture set spot_id=160, url='java.io.StringReader@24f3e945' where picture_id=431;
2022-10-10 14:33:46.895  INFO 4460 --- [    Test worker] p6spy                                    : #1665380026895 | took 0ms | statement | connection 18| url jdbc:h2:mem:ad3a9e80-f26d-4a3e-9691-17f803db5723
update picture set spot_id=?, url=? where picture_id=?
update picture set spot_id=161, url='java.io.StringReader@15d67d0f' where picture_id=433;
2022-10-10 14:33:46.895  INFO 4460 --- [    Test worker] p6spy                                    : #1665380026895 | took 0ms | statement | connection 18| url jdbc:h2:mem:ad3a9e80-f26d-4a3e-9691-17f803db5723
update picture set spot_id=?, url=? where picture_id=?
update picture set spot_id=161, url='java.io.StringReader@55a0cc83' where picture_id=434;
2022-10-10 14:33:46.895  INFO 4460 --- [    Test worker] p6spy                                    : #1665380026895 | took 0ms | statement | connection 18| url jdbc:h2:mem:ad3a9e80-f26d-4a3e-9691-17f803db5723
update picture set spot_id=?, url=? where picture_id=?
update picture set spot_id=161, url='java.io.StringReader@437231f5' where picture_id=435;
2022-10-10 14:33:46.895  INFO 4460 --- [    Test worker] p6spy                                    : #1665380026895 | took 0ms | statement | connection 18| url jdbc:h2:mem:ad3a9e80-f26d-4a3e-9691-17f803db5723
update picture set spot_id=?, url=? where picture_id=?
update picture set spot_id=162, url='java.io.StringReader@2265792c' where picture_id=437;
2022-10-10 14:33:46.895  INFO 4460 --- [    Test worker] p6spy                                    : #1665380026895 | took 0ms | statement | connection 18| url jdbc:h2:mem:ad3a9e80-f26d-4a3e-9691-17f803db5723
update picture set spot_id=?, url=? where picture_id=?
update picture set spot_id=162, url='java.io.StringReader@1d2fd73c' where picture_id=438;
2022-10-10 14:33:46.895  INFO 4460 --- [    Test worker] p6spy                                    : #1665380026895 | took 0ms | statement | connection 18| url jdbc:h2:mem:ad3a9e80-f26d-4a3e-9691-17f803db5723
update picture set spot_id=?, url=? where picture_id=?
update picture set spot_id=162, url='java.io.StringReader@3261b8bf' where picture_id=439;
2022-10-10 14:33:46.895  INFO 4460 --- [    Test worker] p6spy                                    : #1665380026895 | took 0ms | statement | connection 18| url jdbc:h2:mem:ad3a9e80-f26d-4a3e-9691-17f803db5723
update picture set spot_id=?, url=? where picture_id=?
update picture set spot_id=163, url='java.io.StringReader@e64ee56' where picture_id=441;
2022-10-10 14:33:46.895  INFO 4460 --- [    Test worker] p6spy                                    : #1665380026895 | took 0ms | statement | connection 18| url jdbc:h2:mem:ad3a9e80-f26d-4a3e-9691-17f803db5723
update picture set spot_id=?, url=? where picture_id=?
update picture set spot_id=163, url='java.io.StringReader@315f4718' where picture_id=442;
2022-10-10 14:33:46.895  INFO 4460 --- [    Test worker] p6spy                                    : #1665380026895 | took 0ms | statement | connection 18| url jdbc:h2:mem:ad3a9e80-f26d-4a3e-9691-17f803db5723
update picture set spot_id=?, url=? where picture_id=?
update picture set spot_id=163, url='java.io.StringReader@65b75087' where picture_id=443;
2022-10-10 14:33:46.895  INFO 4460 --- [    Test worker] p6spy                                    : #1665380026895 | took 0ms | statement | connection 18| url jdbc:h2:mem:ad3a9e80-f26d-4a3e-9691-17f803db5723
update picture set spot_id=?, url=? where picture_id=?
update picture set spot_id=164, url='java.io.StringReader@136fea21' where picture_id=445;
2022-10-10 14:33:46.895  INFO 4460 --- [    Test worker] p6spy                                    : #1665380026895 | took 0ms | statement | connection 18| url jdbc:h2:mem:ad3a9e80-f26d-4a3e-9691-17f803db5723
update picture set spot_id=?, url=? where picture_id=?
update picture set spot_id=164, url='java.io.StringReader@50242325' where picture_id=446;
2022-10-10 14:33:46.895  INFO 4460 --- [    Test worker] p6spy                                    : #1665380026895 | took 0ms | statement | connection 18| url jdbc:h2:mem:ad3a9e80-f26d-4a3e-9691-17f803db5723
update picture set spot_id=?, url=? where picture_id=?
update picture set spot_id=164, url='java.io.StringReader@2be71a78' where picture_id=447;
2022-10-10 14:33:46.895  INFO 4460 --- [    Test worker] p6spy                                    : #1665380026895 | took 0ms | statement | connection 18| url jdbc:h2:mem:ad3a9e80-f26d-4a3e-9691-17f803db5723
update picture set spot_id=?, url=? where picture_id=?
update picture set spot_id=165, url='java.io.StringReader@7b301349' where picture_id=449;
2022-10-10 14:33:46.896  INFO 4460 --- [    Test worker] p6spy                                    : #1665380026896 | took 0ms | statement | connection 18| url jdbc:h2:mem:ad3a9e80-f26d-4a3e-9691-17f803db5723
update picture set spot_id=?, url=? where picture_id=?
update picture set spot_id=165, url='java.io.StringReader@390e513a' where picture_id=450;
2022-10-10 14:33:46.896  INFO 4460 --- [    Test worker] p6spy                                    : #1665380026896 | took 0ms | statement | connection 18| url jdbc:h2:mem:ad3a9e80-f26d-4a3e-9691-17f803db5723
update picture set spot_id=?, url=? where picture_id=?
update picture set spot_id=165, url='java.io.StringReader@6cf04303' where picture_id=451;
2022-10-10 14:33:46.896  INFO 4460 --- [    Test worker] p6spy                                    : #1665380026896 | took 0ms | statement | connection 18| url jdbc:h2:mem:ad3a9e80-f26d-4a3e-9691-17f803db5723
update picture set spot_id=?, url=? where picture_id=?
update picture set spot_id=166, url='java.io.StringReader@310d05c5' where picture_id=453;
2022-10-10 14:33:46.896  INFO 4460 --- [    Test worker] p6spy                                    : #1665380026896 | took 0ms | statement | connection 18| url jdbc:h2:mem:ad3a9e80-f26d-4a3e-9691-17f803db5723
update picture set spot_id=?, url=? where picture_id=?
update picture set spot_id=166, url='java.io.StringReader@7c81b1e1' where picture_id=454;
2022-10-10 14:33:46.896  INFO 4460 --- [    Test worker] p6spy                                    : #1665380026896 | took 0ms | statement | connection 18| url jdbc:h2:mem:ad3a9e80-f26d-4a3e-9691-17f803db5723
update picture set spot_id=?, url=? where picture_id=?
update picture set spot_id=166, url='java.io.StringReader@445944ea' where picture_id=455;
2022-10-10 14:33:46.896  INFO 4460 --- [    Test worker] p6spy                                    : #1665380026896 | took 0ms | statement | connection 18| url jdbc:h2:mem:ad3a9e80-f26d-4a3e-9691-17f803db5723
update picture set spot_id=?, url=? where picture_id=?
update picture set spot_id=167, url='java.io.StringReader@16e2a7be' where picture_id=457;
2022-10-10 14:33:46.896  INFO 4460 --- [    Test worker] p6spy                                    : #1665380026896 | took 0ms | statement | connection 18| url jdbc:h2:mem:ad3a9e80-f26d-4a3e-9691-17f803db5723
update picture set spot_id=?, url=? where picture_id=?
update picture set spot_id=167, url='java.io.StringReader@79b2b427' where picture_id=458;
2022-10-10 14:33:46.896  INFO 4460 --- [    Test worker] p6spy                                    : #1665380026896 | took 0ms | statement | connection 18| url jdbc:h2:mem:ad3a9e80-f26d-4a3e-9691-17f803db5723
update picture set spot_id=?, url=? where picture_id=?
update picture set spot_id=167, url='java.io.StringReader@7d05e595' where picture_id=459;
2022-10-10 14:33:46.896  INFO 4460 --- [    Test worker] p6spy                                    : #1665380026896 | took 0ms | statement | connection 18| url jdbc:h2:mem:ad3a9e80-f26d-4a3e-9691-17f803db5723
update picture set spot_id=?, url=? where picture_id=?
update picture set spot_id=168, url='java.io.StringReader@4c775b94' where picture_id=461;
2022-10-10 14:33:46.896  INFO 4460 --- [    Test worker] p6spy                                    : #1665380026896 | took 0ms | statement | connection 18| url jdbc:h2:mem:ad3a9e80-f26d-4a3e-9691-17f803db5723
update picture set spot_id=?, url=? where picture_id=?
update picture set spot_id=168, url='java.io.StringReader@25ec2f46' where picture_id=462;
2022-10-10 14:33:46.896  INFO 4460 --- [    Test worker] p6spy                                    : #1665380026896 | took 0ms | statement | connection 18| url jdbc:h2:mem:ad3a9e80-f26d-4a3e-9691-17f803db5723
update picture set spot_id=?, url=? where picture_id=?
update picture set spot_id=168, url='java.io.StringReader@6ee0bfee' where picture_id=463;
2022-10-10 14:33:46.897  INFO 4460 --- [    Test worker] c.j.domain.Service.SpotListServiceTest   : member1 = Member(id=8, username=member1, email=member1@gmail.com, password=1234)
2022-10-10 14:33:46.897  INFO 4460 --- [    Test worker] c.j.domain.Service.SpotListServiceTest   : favorite = Favorite(id=28, name=1일차)
2022-10-10 14:33:46.897  INFO 4460 --- [    Test worker] c.j.domain.Service.SpotListServiceTest   : spots[0] = capstone.jejuTourrecommend.domain.Spot@66a97b79
2022-10-10 14:33:46.897  INFO 4460 --- [    Test worker] c.j.domain.Service.SpotListServiceTest   : favoriteSpots[0] = FavoriteSpot(id=71, count=0)
2022-10-10 14:33:46.898  INFO 4460 --- [    Test worker] p6spy                                    : #1665380026898 | took 0ms | statement | connection 18| url jdbc:h2:mem:ad3a9e80-f26d-4a3e-9691-17f803db5723
select member0_.member_id as member_i1_2_, member0_.created_date as created_2_2_, member0_.last_modified_date as last_mod3_2_, member0_.created_by as created_4_2_, member0_.last_modified_by as last_mod5_2_, member0_.email as email6_2_, member0_.password as password7_2_, member0_.refresh_token as refresh_8_2_, member0_.role as role9_2_, member0_.username as usernam10_2_ from member member0_ where member0_.email=?
select member0_.member_id as member_i1_2_, member0_.created_date as created_2_2_, member0_.last_modified_date as last_mod3_2_, member0_.created_by as created_4_2_, member0_.last_modified_by as last_mod5_2_, member0_.email as email6_2_, member0_.password as password7_2_, member0_.refresh_token as refresh_8_2_, member0_.role as role9_2_, member0_.username as usernam10_2_ from member member0_ where member0_.email='member1@gmail.com';
2022-10-10 14:33:46.901  INFO 4460 --- [    Test worker] c.j.Service.SpotListService              : mainPageLocation = 전체
2022-10-10 14:33:46.901  INFO 4460 --- [    Test worker] c.j.Service.SpotListService              : mainPageCategory = 서비스 
2022-10-10 14:33:46.901  INFO 4460 --- [    Test worker] c.j.Service.SpotListService              : location = [Jeju_si, Aewol_eup, Hallim_eup, Hangyeong_myeon, Jocheon_eup, Gujwa_eup, Daejeong_eup, Andeok_myeon, Seogwipo_si, Namwon_eup, Pyoseon_myeon, Seongsan_eup, Udo_myeon]
2022-10-10 14:33:46.901  INFO 4460 --- [    Test worker] c.j.Service.SpotListService              : category = SURROUND 
2022-10-10 14:33:46.901  INFO 4460 --- [    Test worker] c.j.Service.SpotListService              : UserWeightDto() = null
2022-10-10 14:33:46.904  INFO 4460 --- [    Test worker] c.j.repository.SpotRepositoryImpl        : location = [Jeju_si, Aewol_eup, Hallim_eup, Hangyeong_myeon, Jocheon_eup, Gujwa_eup, Daejeong_eup, Andeok_myeon, Seogwipo_si, Namwon_eup, Pyoseon_myeon, Seongsan_eup, Udo_myeon]
2022-10-10 14:33:46.904  INFO 4460 --- [    Test worker] c.j.repository.SpotRepositoryImpl        : category = SURROUND
2022-10-10 14:33:46.911  INFO 4460 --- [    Test worker] p6spy                                    : #1665380026911 | took 0ms | statement | connection 18| url jdbc:h2:mem:ad3a9e80-f26d-4a3e-9691-17f803db5723
select spot0_.spot_id as col_0_0_, spot0_.name as col_1_0_, spot0_.address as col_2_0_, spot0_.description as col_3_0_ from spot spot0_ left outer join score score1_ on spot0_.score_id=score1_.score_id where spot0_.location in (? , ? , ? , ? , ? , ? , ? , ? , ? , ? , ? , ? , ?) order by score1_.surround_score desc limit ? offset ?
select spot0_.spot_id as col_0_0_, spot0_.name as col_1_0_, spot0_.address as col_2_0_, spot0_.description as col_3_0_ from spot spot0_ left outer join score score1_ on spot0_.score_id=score1_.score_id where spot0_.location in ('Jeju_si' , 'Aewol_eup' , 'Hallim_eup' , 'Hangyeong_myeon' , 'Jocheon_eup' , 'Gujwa_eup' , 'Daejeong_eup' , 'Andeok_myeon' , 'Seogwipo_si' , 'Namwon_eup' , 'Pyoseon_myeon' , 'Seongsan_eup' , 'Udo_myeon') order by score1_.surround_score desc limit 10 offset 20;
2022-10-10 14:33:46.915  INFO 4460 --- [    Test worker] p6spy                                    : #1665380026915 | took 0ms | statement | connection 18| url jdbc:h2:mem:ad3a9e80-f26d-4a3e-9691-17f803db5723
select favoritesp0_.spot_id as col_0_0_ from favorite_spot favoritesp0_ cross join favorite favorite1_ where favoritesp0_.favorite_id=favorite1_.favorite_id and favorite1_.member_id=? and (favoritesp0_.spot_id in (? , ? , ? , ? , ? , ? , ? , ? , ? , ?))
select favoritesp0_.spot_id as col_0_0_ from favorite_spot favoritesp0_ cross join favorite favorite1_ where favoritesp0_.favorite_id=favorite1_.favorite_id and favorite1_.member_id=8 and (favoritesp0_.spot_id in (148 , 147 , 146 , 145 , 144 , 143 , 142 , 141 , 140 , 139));
2022-10-10 14:33:46.918  INFO 4460 --- [    Test worker] p6spy                                    : #1665380026918 | took 0ms | statement | connection 18| url jdbc:h2:mem:ad3a9e80-f26d-4a3e-9691-17f803db5723
select picture0_.picture_id as col_0_0_, picture0_.url as col_1_0_, picture0_.spot_id as col_2_0_ from picture picture0_ inner join spot spot1_ on picture0_.spot_id=spot1_.spot_id where picture0_.spot_id in (? , ? , ? , ? , ? , ? , ? , ? , ? , ?)
select picture0_.picture_id as col_0_0_, picture0_.url as col_1_0_, picture0_.spot_id as col_2_0_ from picture picture0_ inner join spot spot1_ on picture0_.spot_id=spot1_.spot_id where picture0_.spot_id in (148 , 147 , 146 , 145 , 144 , 143 , 142 , 141 , 140 , 139);
2022-10-10 14:33:46.924  INFO 4460 --- [    Test worker] p6spy                                    : #1665380026924 | took 1ms | statement | connection 18| url jdbc:h2:mem:ad3a9e80-f26d-4a3e-9691-17f803db5723
select count(spot0_.spot_id) as col_0_0_ from spot spot0_ where spot0_.location in (? , ? , ? , ? , ? , ? , ? , ? , ? , ? , ? , ? , ?)
select count(spot0_.spot_id) as col_0_0_ from spot spot0_ where spot0_.location in ('Jeju_si' , 'Aewol_eup' , 'Hallim_eup' , 'Hangyeong_myeon' , 'Jocheon_eup' , 'Gujwa_eup' , 'Daejeong_eup' , 'Andeok_myeon' , 'Seogwipo_si' , 'Namwon_eup' , 'Pyoseon_myeon' , 'Seongsan_eup' , 'Udo_myeon');
2022-10-10 14:33:46.925  INFO 4460 --- [    Test worker] c.j.domain.Service.SpotListServiceTest   : result = SpotListDto(spotId=148, spotName=null, spotAddress=null, spotDescription=null, pictureDetailDtoList=[PictureDetailDto(pictureId=381, url=asdf1, spotId=148), PictureDetailDto(pictureId=382, url=asdf1, spotId=148), PictureDetailDto(pictureId=383, url=asdf1, spotId=148)], isFavorite=true)
2022-10-10 14:33:46.929  INFO 4460 --- [    Test worker] c.j.domain.Service.SpotListServiceTest   : result = SpotListDto(spotId=147, spotName=null, spotAddress=null, spotDescription=null, pictureDetailDtoList=[PictureDetailDto(pictureId=377, url=asdf1, spotId=147), PictureDetailDto(pictureId=378, url=asdf1, spotId=147), PictureDetailDto(pictureId=379, url=asdf1, spotId=147)], isFavorite=true)
2022-10-10 14:33:46.929  INFO 4460 --- [    Test worker] c.j.domain.Service.SpotListServiceTest   : result = SpotListDto(spotId=146, spotName=null, spotAddress=null, spotDescription=null, pictureDetailDtoList=[PictureDetailDto(pictureId=373, url=asdf1, spotId=146), PictureDetailDto(pictureId=374, url=asdf1, spotId=146), PictureDetailDto(pictureId=375, url=asdf1, spotId=146)], isFavorite=true)
2022-10-10 14:33:46.929  INFO 4460 --- [    Test worker] c.j.domain.Service.SpotListServiceTest   : result = SpotListDto(spotId=145, spotName=null, spotAddress=null, spotDescription=null, pictureDetailDtoList=[PictureDetailDto(pictureId=369, url=asdf1, spotId=145), PictureDetailDto(pictureId=370, url=asdf1, spotId=145), PictureDetailDto(pictureId=371, url=asdf1, spotId=145)], isFavorite=true)
2022-10-10 14:33:46.929  INFO 4460 --- [    Test worker] c.j.domain.Service.SpotListServiceTest   : result = SpotListDto(spotId=144, spotName=null, spotAddress=null, spotDescription=null, pictureDetailDtoList=[PictureDetailDto(pictureId=365, url=asdf1, spotId=144), PictureDetailDto(pictureId=366, url=asdf1, spotId=144), PictureDetailDto(pictureId=367, url=asdf1, spotId=144)], isFavorite=true)
2022-10-10 14:33:46.929  INFO 4460 --- [    Test worker] c.j.domain.Service.SpotListServiceTest   : result = SpotListDto(spotId=143, spotName=null, spotAddress=null, spotDescription=null, pictureDetailDtoList=[PictureDetailDto(pictureId=361, url=asdf1, spotId=143), PictureDetailDto(pictureId=362, url=asdf1, spotId=143), PictureDetailDto(pictureId=363, url=asdf1, spotId=143)], isFavorite=true)
2022-10-10 14:33:46.929  INFO 4460 --- [    Test worker] c.j.domain.Service.SpotListServiceTest   : result = SpotListDto(spotId=142, spotName=null, spotAddress=null, spotDescription=null, pictureDetailDtoList=[PictureDetailDto(pictureId=357, url=asdf1, spotId=142), PictureDetailDto(pictureId=358, url=asdf1, spotId=142), PictureDetailDto(pictureId=359, url=asdf1, spotId=142)], isFavorite=true)
2022-10-10 14:33:46.929  INFO 4460 --- [    Test worker] c.j.domain.Service.SpotListServiceTest   : result = SpotListDto(spotId=141, spotName=null, spotAddress=null, spotDescription=null, pictureDetailDtoList=[PictureDetailDto(pictureId=353, url=asdf1, spotId=141), PictureDetailDto(pictureId=354, url=asdf1, spotId=141), PictureDetailDto(pictureId=355, url=asdf1, spotId=141)], isFavorite=true)
2022-10-10 14:33:46.929  INFO 4460 --- [    Test worker] c.j.domain.Service.SpotListServiceTest   : result = SpotListDto(spotId=140, spotName=null, spotAddress=null, spotDescription=null, pictureDetailDtoList=[PictureDetailDto(pictureId=349, url=asdf1, spotId=140), PictureDetailDto(pictureId=350, url=asdf1, spotId=140), PictureDetailDto(pictureId=351, url=asdf1, spotId=140)], isFavorite=true)
2022-10-10 14:33:46.929  INFO 4460 --- [    Test worker] c.j.domain.Service.SpotListServiceTest   : result = SpotListDto(spotId=139, spotName=null, spotAddress=null, spotDescription=null, pictureDetailDtoList=[PictureDetailDto(pictureId=345, url=asdf1, spotId=139), PictureDetailDto(pictureId=346, url=asdf1, spotId=139), PictureDetailDto(pictureId=347, url=asdf1, spotId=139)], isFavorite=true)
2022-10-10 14:33:46.938  INFO 4460 --- [    Test worker] p6spy                                    : #1665380026938 | took 6ms | rollback | connection 18| url jdbc:h2:mem:ad3a9e80-f26d-4a3e-9691-17f803db5723

;
2022-10-10 14:33:46.938  INFO 4460 --- [    Test worker] o.s.t.c.transaction.TransactionContext   : Rolled back transaction for test: [DefaultTestContext@5a8a50b8 testClass = SpotListServiceTest, testInstance = capstone.jejuTourrecommend.domain.Service.SpotListServiceTest@5e7026b9, testMethod = postSpotListTest@SpotListServiceTest, testException = [null], mergedContextConfiguration = [WebMergedContextConfiguration@a426150 testClass = SpotListServiceTest, locations = '{}', classes = '{class capstone.jejuTourrecommend.JejuTourRecommendApplication}', contextInitializerClasses = '[]', activeProfiles = '{}', propertySourceLocations = '{}', propertySourceProperties = '{org.springframework.boot.test.context.SpringBootTestContextBootstrapper=true}', contextCustomizers = set[org.springframework.boot.test.autoconfigure.actuate.metrics.MetricsExportContextCustomizerFactory$DisableMetricExportContextCustomizer@749c877b, org.springframework.boot.test.autoconfigure.properties.PropertyMappingContextCustomizer@0, org.springframework.boot.test.autoconfigure.web.servlet.WebDriverContextCustomizerFactory$Customizer@60f7cc1d, org.springframework.boot.test.context.filter.ExcludeFilterContextCustomizer@207ea13, org.springframework.boot.test.json.DuplicateJsonObjectContextCustomizerFactory$DuplicateJsonObjectContextCustomizer@5827af16, org.springframework.boot.test.mock.mockito.MockitoContextCustomizer@0, org.springframework.boot.test.web.client.TestRestTemplateContextCustomizer@50fe837a, org.springframework.boot.test.context.SpringBootTestArgs@1, org.springframework.boot.test.context.SpringBootTestWebEnvironment@51bd8b5c], resourceBasePath = 'src/main/webapp', contextLoader = 'org.springframework.boot.test.context.SpringBootContextLoader', parent = [null]], attributes = map['org.springframework.test.context.web.ServletTestExecutionListener.activateListener' -> true, 'org.springframework.test.context.web.ServletTestExecutionListener.populatedRequestContextHolder' -> true, 'org.springframework.test.context.web.ServletTestExecutionListener.resetRequestContextHolder' -> true, 'org.springframework.test.context.event.ApplicationEventsTestExecutionListener.recordApplicationEvents' -> false]]
]]></system-out>
  <system-err><![CDATA[]]></system-err>
</testsuite>
