<?xml version="1.0" encoding="UTF-8"?>
<testsuite name="capstone.jejuTourrecommend.repository.FavoriteRepositoryTest" tests="2" skipped="0" failures="0" errors="0" timestamp="2022-10-10T05:33:47" hostname="Heon-MacBookPro.local" time="0.01">
  <properties/>
  <testcase name="deleteFavorite()" classname="capstone.jejuTourrecommend.repository.FavoriteRepositoryTest" time="0.005"/>
  <testcase name="deleteTest()" classname="capstone.jejuTourrecommend.repository.FavoriteRepositoryTest" time="0.004"/>
  <system-out><![CDATA[2022-10-10 14:33:47.054  INFO 4460 --- [    Test worker] .b.t.c.SpringBootTestContextBootstrapper : Neither @ContextConfiguration nor @ContextHierarchy found for test class [capstone.jejuTourrecommend.repository.FavoriteRepositoryTest], using SpringBootContextLoader
2022-10-10 14:33:47.055  INFO 4460 --- [    Test worker] o.s.t.c.support.AbstractContextLoader    : Could not detect default resource locations for test class [capstone.jejuTourrecommend.repository.FavoriteRepositoryTest]: no resource found for suffixes {-context.xml, Context.groovy}.
2022-10-10 14:33:47.055  INFO 4460 --- [    Test worker] t.c.s.AnnotationConfigContextLoaderUtils : Could not detect default configuration classes for test class [capstone.jejuTourrecommend.repository.FavoriteRepositoryTest]: FavoriteRepositoryTest does not declare any static, non-private, non-final, nested classes annotated with @Configuration.
2022-10-10 14:33:47.058  INFO 4460 --- [    Test worker] .b.t.c.SpringBootTestContextBootstrapper : Found @SpringBootConfiguration capstone.jejuTourrecommend.JejuTourRecommendApplication for test class capstone.jejuTourrecommend.repository.FavoriteRepositoryTest
2022-10-10 14:33:47.059  INFO 4460 --- [    Test worker] .b.t.c.SpringBootTestContextBootstrapper : Loaded default TestExecutionListener class names from location [META-INF/spring.factories]: [org.springframework.boot.test.autoconfigure.restdocs.RestDocsTestExecutionListener, org.springframework.boot.test.autoconfigure.web.client.MockRestServiceServerResetTestExecutionListener, org.springframework.boot.test.autoconfigure.web.servlet.MockMvcPrintOnlyOnFailureTestExecutionListener, org.springframework.boot.test.autoconfigure.web.servlet.WebDriverTestExecutionListener, org.springframework.boot.test.autoconfigure.webservices.client.MockWebServiceServerTestExecutionListener, org.springframework.boot.test.mock.mockito.MockitoTestExecutionListener, org.springframework.boot.test.mock.mockito.ResetMocksTestExecutionListener, org.springframework.test.context.web.ServletTestExecutionListener, org.springframework.test.context.support.DirtiesContextBeforeModesTestExecutionListener, org.springframework.test.context.event.ApplicationEventsTestExecutionListener, org.springframework.test.context.support.DependencyInjectionTestExecutionListener, org.springframework.test.context.support.DirtiesContextTestExecutionListener, org.springframework.test.context.transaction.TransactionalTestExecutionListener, org.springframework.test.context.jdbc.SqlScriptsTestExecutionListener, org.springframework.test.context.event.EventPublishingTestExecutionListener]
2022-10-10 14:33:47.059  INFO 4460 --- [    Test worker] .b.t.c.SpringBootTestContextBootstrapper : Using TestExecutionListeners: [org.springframework.test.context.web.ServletTestExecutionListener@9ed1f3f, org.springframework.test.context.support.DirtiesContextBeforeModesTestExecutionListener@4a256169, org.springframework.test.context.event.ApplicationEventsTestExecutionListener@5d1915d1, org.springframework.boot.test.mock.mockito.MockitoTestExecutionListener@797f26ce, org.springframework.boot.test.autoconfigure.SpringBootDependencyInjectionTestExecutionListener@180aca39, org.springframework.test.context.support.DirtiesContextTestExecutionListener@79c5de78, org.springframework.test.context.transaction.TransactionalTestExecutionListener@6ce7fb0c, org.springframework.test.context.jdbc.SqlScriptsTestExecutionListener@6caef908, org.springframework.test.context.event.EventPublishingTestExecutionListener@223bbda6, org.springframework.boot.test.autoconfigure.restdocs.RestDocsTestExecutionListener@755a9187, org.springframework.boot.test.autoconfigure.web.client.MockRestServiceServerResetTestExecutionListener@26b63bbb, org.springframework.boot.test.autoconfigure.web.servlet.MockMvcPrintOnlyOnFailureTestExecutionListener@3d4bf0dc, org.springframework.boot.test.autoconfigure.web.servlet.WebDriverTestExecutionListener@4262ac5e, org.springframework.boot.test.autoconfigure.webservices.client.MockWebServiceServerTestExecutionListener@6315cb3c, org.springframework.boot.test.mock.mockito.ResetMocksTestExecutionListener@74694f06]
2022-10-10 14:33:47.061  INFO 4460 --- [    Test worker] o.s.t.c.transaction.TransactionContext   : Began transaction (1) for test context [DefaultTestContext@5ff37957 testClass = FavoriteRepositoryTest, testInstance = capstone.jejuTourrecommend.repository.FavoriteRepositoryTest@5607f2fc, testMethod = deleteFavorite@FavoriteRepositoryTest, testException = [null], mergedContextConfiguration = [WebMergedContextConfiguration@1ae60fb5 testClass = FavoriteRepositoryTest, locations = '{}', classes = '{class capstone.jejuTourrecommend.JejuTourRecommendApplication}', contextInitializerClasses = '[]', activeProfiles = '{}', propertySourceLocations = '{}', propertySourceProperties = '{org.springframework.boot.test.context.SpringBootTestContextBootstrapper=true}', contextCustomizers = set[org.springframework.boot.test.autoconfigure.actuate.metrics.MetricsExportContextCustomizerFactory$DisableMetricExportContextCustomizer@749c877b, org.springframework.boot.test.autoconfigure.properties.PropertyMappingContextCustomizer@0, org.springframework.boot.test.autoconfigure.web.servlet.WebDriverContextCustomizerFactory$Customizer@60f7cc1d, org.springframework.boot.test.context.filter.ExcludeFilterContextCustomizer@207ea13, org.springframework.boot.test.json.DuplicateJsonObjectContextCustomizerFactory$DuplicateJsonObjectContextCustomizer@5827af16, org.springframework.boot.test.mock.mockito.MockitoContextCustomizer@0, org.springframework.boot.test.web.client.TestRestTemplateContextCustomizer@50fe837a, org.springframework.boot.test.context.SpringBootTestArgs@1, org.springframework.boot.test.context.SpringBootTestWebEnvironment@51bd8b5c], resourceBasePath = 'src/main/webapp', contextLoader = 'org.springframework.boot.test.context.SpringBootContextLoader', parent = [null]], attributes = map['org.springframework.test.context.web.ServletTestExecutionListener.activateListener' -> true, 'org.springframework.test.context.web.ServletTestExecutionListener.populatedRequestContextHolder' -> true, 'org.springframework.test.context.web.ServletTestExecutionListener.resetRequestContextHolder' -> true, 'org.springframework.test.context.event.ApplicationEventsTestExecutionListener.recordApplicationEvents' -> false]]; transaction manager [org.springframework.orm.jpa.JpaTransactionManager@4545ac62]; rollback [true]
2022-10-10 14:33:47.062  INFO 4460 --- [    Test worker] p6spy                                    : #1665380027062 | took 0ms | statement | connection 20| url jdbc:h2:mem:ad3a9e80-f26d-4a3e-9691-17f803db5723
insert into favorite (member_id, name, favorite_id) values (?, ?, ?)
insert into favorite (member_id, name, favorite_id) values (NULL, 'favoriteName', 30);
favorite.getId() = 30
2022-10-10 14:33:47.062  INFO 4460 --- [    Test worker] p6spy                                    : #1665380027062 | took 0ms | statement | connection 20| url jdbc:h2:mem:ad3a9e80-f26d-4a3e-9691-17f803db5723
select favorite0_.favorite_id as favorite1_0_, favorite0_.member_id as member_i3_0_, favorite0_.name as name2_0_ from favorite favorite0_ where favorite0_.favorite_id=?
select favorite0_.favorite_id as favorite1_0_, favorite0_.member_id as member_i3_0_, favorite0_.name as name2_0_ from favorite favorite0_ where favorite0_.favorite_id=30;
2022-10-10 14:33:47.064  INFO 4460 --- [    Test worker] p6spy                                    : #1665380027064 | took 0ms | statement | connection 20| url jdbc:h2:mem:ad3a9e80-f26d-4a3e-9691-17f803db5723
delete from favorite where favorite_id=?
delete from favorite where favorite_id=30;
2022-10-10 14:33:47.064  INFO 4460 --- [    Test worker] p6spy                                    : #1665380027064 | took 0ms | statement | connection 20| url jdbc:h2:mem:ad3a9e80-f26d-4a3e-9691-17f803db5723
select favorite0_.favorite_id as favorite1_0_, favorite0_.member_id as member_i3_0_, favorite0_.name as name2_0_ from favorite favorite0_ where favorite0_.favorite_id=?
select favorite0_.favorite_id as favorite1_0_, favorite0_.member_id as member_i3_0_, favorite0_.name as name2_0_ from favorite favorite0_ where favorite0_.favorite_id=30;
2022-10-10 14:33:47.065  INFO 4460 --- [    Test worker] p6spy                                    : #1665380027065 | took 0ms | rollback | connection 20| url jdbc:h2:mem:ad3a9e80-f26d-4a3e-9691-17f803db5723

;
2022-10-10 14:33:47.065  INFO 4460 --- [    Test worker] o.s.t.c.transaction.TransactionContext   : Rolled back transaction for test: [DefaultTestContext@5ff37957 testClass = FavoriteRepositoryTest, testInstance = capstone.jejuTourrecommend.repository.FavoriteRepositoryTest@5607f2fc, testMethod = deleteFavorite@FavoriteRepositoryTest, testException = [null], mergedContextConfiguration = [WebMergedContextConfiguration@1ae60fb5 testClass = FavoriteRepositoryTest, locations = '{}', classes = '{class capstone.jejuTourrecommend.JejuTourRecommendApplication}', contextInitializerClasses = '[]', activeProfiles = '{}', propertySourceLocations = '{}', propertySourceProperties = '{org.springframework.boot.test.context.SpringBootTestContextBootstrapper=true}', contextCustomizers = set[org.springframework.boot.test.autoconfigure.actuate.metrics.MetricsExportContextCustomizerFactory$DisableMetricExportContextCustomizer@749c877b, org.springframework.boot.test.autoconfigure.properties.PropertyMappingContextCustomizer@0, org.springframework.boot.test.autoconfigure.web.servlet.WebDriverContextCustomizerFactory$Customizer@60f7cc1d, org.springframework.boot.test.context.filter.ExcludeFilterContextCustomizer@207ea13, org.springframework.boot.test.json.DuplicateJsonObjectContextCustomizerFactory$DuplicateJsonObjectContextCustomizer@5827af16, org.springframework.boot.test.mock.mockito.MockitoContextCustomizer@0, org.springframework.boot.test.web.client.TestRestTemplateContextCustomizer@50fe837a, org.springframework.boot.test.context.SpringBootTestArgs@1, org.springframework.boot.test.context.SpringBootTestWebEnvironment@51bd8b5c], resourceBasePath = 'src/main/webapp', contextLoader = 'org.springframework.boot.test.context.SpringBootContextLoader', parent = [null]], attributes = map['org.springframework.test.context.web.ServletTestExecutionListener.activateListener' -> true, 'org.springframework.test.context.web.ServletTestExecutionListener.populatedRequestContextHolder' -> true, 'org.springframework.test.context.web.ServletTestExecutionListener.resetRequestContextHolder' -> true, 'org.springframework.test.context.event.ApplicationEventsTestExecutionListener.recordApplicationEvents' -> false]]
2022-10-10 14:33:47.066  INFO 4460 --- [    Test worker] o.s.t.c.transaction.TransactionContext   : Began transaction (1) for test context [DefaultTestContext@5ff37957 testClass = FavoriteRepositoryTest, testInstance = capstone.jejuTourrecommend.repository.FavoriteRepositoryTest@8080f48, testMethod = deleteTest@FavoriteRepositoryTest, testException = [null], mergedContextConfiguration = [WebMergedContextConfiguration@1ae60fb5 testClass = FavoriteRepositoryTest, locations = '{}', classes = '{class capstone.jejuTourrecommend.JejuTourRecommendApplication}', contextInitializerClasses = '[]', activeProfiles = '{}', propertySourceLocations = '{}', propertySourceProperties = '{org.springframework.boot.test.context.SpringBootTestContextBootstrapper=true}', contextCustomizers = set[org.springframework.boot.test.autoconfigure.actuate.metrics.MetricsExportContextCustomizerFactory$DisableMetricExportContextCustomizer@749c877b, org.springframework.boot.test.autoconfigure.properties.PropertyMappingContextCustomizer@0, org.springframework.boot.test.autoconfigure.web.servlet.WebDriverContextCustomizerFactory$Customizer@60f7cc1d, org.springframework.boot.test.context.filter.ExcludeFilterContextCustomizer@207ea13, org.springframework.boot.test.json.DuplicateJsonObjectContextCustomizerFactory$DuplicateJsonObjectContextCustomizer@5827af16, org.springframework.boot.test.mock.mockito.MockitoContextCustomizer@0, org.springframework.boot.test.web.client.TestRestTemplateContextCustomizer@50fe837a, org.springframework.boot.test.context.SpringBootTestArgs@1, org.springframework.boot.test.context.SpringBootTestWebEnvironment@51bd8b5c], resourceBasePath = 'src/main/webapp', contextLoader = 'org.springframework.boot.test.context.SpringBootContextLoader', parent = [null]], attributes = map['org.springframework.test.context.web.ServletTestExecutionListener.activateListener' -> true, 'org.springframework.test.context.web.ServletTestExecutionListener.populatedRequestContextHolder' -> true, 'org.springframework.test.context.web.ServletTestExecutionListener.resetRequestContextHolder' -> true, 'org.springframework.test.context.event.ApplicationEventsTestExecutionListener.recordApplicationEvents' -> false]]; transaction manager [org.springframework.orm.jpa.JpaTransactionManager@4545ac62]; rollback [true]
2022-10-10 14:33:47.067  INFO 4460 --- [    Test worker] p6spy                                    : #1665380027067 | took 0ms | statement | connection 21| url jdbc:h2:mem:ad3a9e80-f26d-4a3e-9691-17f803db5723
insert into favorite (member_id, name, favorite_id) values (?, ?, ?)
insert into favorite (member_id, name, favorite_id) values (NULL, 'favoriteName1', 31);
2022-10-10 14:33:47.067  INFO 4460 --- [    Test worker] p6spy                                    : #1665380027067 | took 0ms | statement | connection 21| url jdbc:h2:mem:ad3a9e80-f26d-4a3e-9691-17f803db5723
insert into favorite (member_id, name, favorite_id) values (?, ?, ?)
insert into favorite (member_id, name, favorite_id) values (NULL, 'favoriteName2', 32);
2022-10-10 14:33:47.068  INFO 4460 --- [    Test worker] p6spy                                    : #1665380027068 | took 0ms | statement | connection 21| url jdbc:h2:mem:ad3a9e80-f26d-4a3e-9691-17f803db5723
insert into favorite (member_id, name, favorite_id) values (?, ?, ?)
insert into favorite (member_id, name, favorite_id) values (NULL, 'favoriteName3', 33);
2022-10-10 14:33:47.068  INFO 4460 --- [    Test worker] p6spy                                    : #1665380027068 | took 0ms | statement | connection 21| url jdbc:h2:mem:ad3a9e80-f26d-4a3e-9691-17f803db5723
insert into favorite (member_id, name, favorite_id) values (?, ?, ?)
insert into favorite (member_id, name, favorite_id) values (NULL, 'favoriteName4', 34);
2022-10-10 14:33:47.068  INFO 4460 --- [    Test worker] p6spy                                    : #1665380027068 | took 0ms | statement | connection 21| url jdbc:h2:mem:ad3a9e80-f26d-4a3e-9691-17f803db5723
insert into favorite (member_id, name, favorite_id) values (?, ?, ?)
insert into favorite (member_id, name, favorite_id) values (NULL, 'favoriteName5', 35);
2022-10-10 14:33:47.068  INFO 4460 --- [    Test worker] p6spy                                    : #1665380027068 | took 0ms | statement | connection 21| url jdbc:h2:mem:ad3a9e80-f26d-4a3e-9691-17f803db5723
delete from favorite_spot where favorite_id=?
delete from favorite_spot where favorite_id=31;
2022-10-10 14:33:47.068  INFO 4460 --- [    Test worker] p6spy                                    : #1665380027068 | took 0ms | statement | connection 21| url jdbc:h2:mem:ad3a9e80-f26d-4a3e-9691-17f803db5723
select favoritesp0_.favorite_spot_id as favorite1_1_, favoritesp0_.count as count2_1_, favoritesp0_.favorite_id as favorite3_1_, favoritesp0_.spot_id as spot_id4_1_ from favorite_spot favoritesp0_ left outer join favorite favorite1_ on favoritesp0_.favorite_id=favorite1_.favorite_id where favorite1_.favorite_id=?
select favoritesp0_.favorite_spot_id as favorite1_1_, favoritesp0_.count as count2_1_, favoritesp0_.favorite_id as favorite3_1_, favoritesp0_.spot_id as spot_id4_1_ from favorite_spot favoritesp0_ left outer join favorite favorite1_ on favoritesp0_.favorite_id=favorite1_.favorite_id where favorite1_.favorite_id=31;
byFavoriteId = []
2022-10-10 14:33:47.070  INFO 4460 --- [    Test worker] p6spy                                    : #1665380027070 | took 0ms | rollback | connection 21| url jdbc:h2:mem:ad3a9e80-f26d-4a3e-9691-17f803db5723

;
2022-10-10 14:33:47.070  INFO 4460 --- [    Test worker] o.s.t.c.transaction.TransactionContext   : Rolled back transaction for test: [DefaultTestContext@5ff37957 testClass = FavoriteRepositoryTest, testInstance = capstone.jejuTourrecommend.repository.FavoriteRepositoryTest@8080f48, testMethod = deleteTest@FavoriteRepositoryTest, testException = [null], mergedContextConfiguration = [WebMergedContextConfiguration@1ae60fb5 testClass = FavoriteRepositoryTest, locations = '{}', classes = '{class capstone.jejuTourrecommend.JejuTourRecommendApplication}', contextInitializerClasses = '[]', activeProfiles = '{}', propertySourceLocations = '{}', propertySourceProperties = '{org.springframework.boot.test.context.SpringBootTestContextBootstrapper=true}', contextCustomizers = set[org.springframework.boot.test.autoconfigure.actuate.metrics.MetricsExportContextCustomizerFactory$DisableMetricExportContextCustomizer@749c877b, org.springframework.boot.test.autoconfigure.properties.PropertyMappingContextCustomizer@0, org.springframework.boot.test.autoconfigure.web.servlet.WebDriverContextCustomizerFactory$Customizer@60f7cc1d, org.springframework.boot.test.context.filter.ExcludeFilterContextCustomizer@207ea13, org.springframework.boot.test.json.DuplicateJsonObjectContextCustomizerFactory$DuplicateJsonObjectContextCustomizer@5827af16, org.springframework.boot.test.mock.mockito.MockitoContextCustomizer@0, org.springframework.boot.test.web.client.TestRestTemplateContextCustomizer@50fe837a, org.springframework.boot.test.context.SpringBootTestArgs@1, org.springframework.boot.test.context.SpringBootTestWebEnvironment@51bd8b5c], resourceBasePath = 'src/main/webapp', contextLoader = 'org.springframework.boot.test.context.SpringBootContextLoader', parent = [null]], attributes = map['org.springframework.test.context.web.ServletTestExecutionListener.activateListener' -> true, 'org.springframework.test.context.web.ServletTestExecutionListener.populatedRequestContextHolder' -> true, 'org.springframework.test.context.web.ServletTestExecutionListener.resetRequestContextHolder' -> true, 'org.springframework.test.context.event.ApplicationEventsTestExecutionListener.recordApplicationEvents' -> false]]
]]></system-out>
  <system-err><![CDATA[]]></system-err>
</testsuite>
