<?xml version="1.0" encoding="UTF-8"?>
<testsuite name="capstone.jejuTourrecommend.domain.FavoriteTest" tests="1" skipped="0" failures="0" errors="0" timestamp="2022-10-10T05:33:46" hostname="Heon-MacBookPro.local" time="0.048">
  <properties/>
  <testcase name="favorite_memberTest()" classname="capstone.jejuTourrecommend.domain.FavoriteTest" time="0.048"/>
  <system-out><![CDATA[2022-10-10 14:33:46.279  INFO 4460 --- [    Test worker] .b.t.c.SpringBootTestContextBootstrapper : Neither @ContextConfiguration nor @ContextHierarchy found for test class [capstone.jejuTourrecommend.domain.FavoriteTest], using SpringBootContextLoader
2022-10-10 14:33:46.279  INFO 4460 --- [    Test worker] o.s.t.c.support.AbstractContextLoader    : Could not detect default resource locations for test class [capstone.jejuTourrecommend.domain.FavoriteTest]: no resource found for suffixes {-context.xml, Context.groovy}.
2022-10-10 14:33:46.280  INFO 4460 --- [    Test worker] t.c.s.AnnotationConfigContextLoaderUtils : Could not detect default configuration classes for test class [capstone.jejuTourrecommend.domain.FavoriteTest]: FavoriteTest does not declare any static, non-private, non-final, nested classes annotated with @Configuration.
2022-10-10 14:33:46.280  INFO 4460 --- [    Test worker] .b.t.c.SpringBootTestContextBootstrapper : Found @SpringBootConfiguration capstone.jejuTourrecommend.JejuTourRecommendApplication for test class capstone.jejuTourrecommend.domain.FavoriteTest
2022-10-10 14:33:46.281  INFO 4460 --- [    Test worker] .b.t.c.SpringBootTestContextBootstrapper : Loaded default TestExecutionListener class names from location [META-INF/spring.factories]: [org.springframework.boot.test.autoconfigure.restdocs.RestDocsTestExecutionListener, org.springframework.boot.test.autoconfigure.web.client.MockRestServiceServerResetTestExecutionListener, org.springframework.boot.test.autoconfigure.web.servlet.MockMvcPrintOnlyOnFailureTestExecutionListener, org.springframework.boot.test.autoconfigure.web.servlet.WebDriverTestExecutionListener, org.springframework.boot.test.autoconfigure.webservices.client.MockWebServiceServerTestExecutionListener, org.springframework.boot.test.mock.mockito.MockitoTestExecutionListener, org.springframework.boot.test.mock.mockito.ResetMocksTestExecutionListener, org.springframework.test.context.web.ServletTestExecutionListener, org.springframework.test.context.support.DirtiesContextBeforeModesTestExecutionListener, org.springframework.test.context.event.ApplicationEventsTestExecutionListener, org.springframework.test.context.support.DependencyInjectionTestExecutionListener, org.springframework.test.context.support.DirtiesContextTestExecutionListener, org.springframework.test.context.transaction.TransactionalTestExecutionListener, org.springframework.test.context.jdbc.SqlScriptsTestExecutionListener, org.springframework.test.context.event.EventPublishingTestExecutionListener]
2022-10-10 14:33:46.281  INFO 4460 --- [    Test worker] .b.t.c.SpringBootTestContextBootstrapper : Using TestExecutionListeners: [org.springframework.test.context.web.ServletTestExecutionListener@2b208574, org.springframework.test.context.support.DirtiesContextBeforeModesTestExecutionListener@3294b641, org.springframework.test.context.event.ApplicationEventsTestExecutionListener@799bb4ed, org.springframework.boot.test.mock.mockito.MockitoTestExecutionListener@5269aa68, org.springframework.boot.test.autoconfigure.SpringBootDependencyInjectionTestExecutionListener@7dcd8e74, org.springframework.test.context.support.DirtiesContextTestExecutionListener@6a7c0932, org.springframework.test.context.transaction.TransactionalTestExecutionListener@4e64e44c, org.springframework.test.context.jdbc.SqlScriptsTestExecutionListener@51413d02, org.springframework.test.context.event.EventPublishingTestExecutionListener@406ea770, org.springframework.boot.test.autoconfigure.restdocs.RestDocsTestExecutionListener@4ad113d6, org.springframework.boot.test.autoconfigure.web.client.MockRestServiceServerResetTestExecutionListener@23fed844, org.springframework.boot.test.autoconfigure.web.servlet.MockMvcPrintOnlyOnFailureTestExecutionListener@7b0f5814, org.springframework.boot.test.autoconfigure.web.servlet.WebDriverTestExecutionListener@4eef2522, org.springframework.boot.test.autoconfigure.webservices.client.MockWebServiceServerTestExecutionListener@c62d08a, org.springframework.boot.test.mock.mockito.ResetMocksTestExecutionListener@598b15ba]
2022-10-10 14:33:46.282  INFO 4460 --- [    Test worker] o.s.t.c.transaction.TransactionContext   : Began transaction (1) for test context [DefaultTestContext@58453967 testClass = FavoriteTest, testInstance = capstone.jejuTourrecommend.domain.FavoriteTest@6f34d178, testMethod = favorite_memberTest@FavoriteTest, testException = [null], mergedContextConfiguration = [WebMergedContextConfiguration@75c8ba94 testClass = FavoriteTest, locations = '{}', classes = '{class capstone.jejuTourrecommend.JejuTourRecommendApplication}', contextInitializerClasses = '[]', activeProfiles = '{}', propertySourceLocations = '{}', propertySourceProperties = '{org.springframework.boot.test.context.SpringBootTestContextBootstrapper=true}', contextCustomizers = set[org.springframework.boot.test.autoconfigure.actuate.metrics.MetricsExportContextCustomizerFactory$DisableMetricExportContextCustomizer@749c877b, org.springframework.boot.test.autoconfigure.properties.PropertyMappingContextCustomizer@0, org.springframework.boot.test.autoconfigure.web.servlet.WebDriverContextCustomizerFactory$Customizer@60f7cc1d, org.springframework.boot.test.context.filter.ExcludeFilterContextCustomizer@207ea13, org.springframework.boot.test.json.DuplicateJsonObjectContextCustomizerFactory$DuplicateJsonObjectContextCustomizer@5827af16, org.springframework.boot.test.mock.mockito.MockitoContextCustomizer@0, org.springframework.boot.test.web.client.TestRestTemplateContextCustomizer@50fe837a, org.springframework.boot.test.context.SpringBootTestArgs@1, org.springframework.boot.test.context.SpringBootTestWebEnvironment@51bd8b5c], resourceBasePath = 'src/main/webapp', contextLoader = 'org.springframework.boot.test.context.SpringBootContextLoader', parent = [null]], attributes = map['org.springframework.test.context.web.ServletTestExecutionListener.activateListener' -> true, 'org.springframework.test.context.web.ServletTestExecutionListener.populatedRequestContextHolder' -> true, 'org.springframework.test.context.web.ServletTestExecutionListener.resetRequestContextHolder' -> true, 'org.springframework.test.context.event.ApplicationEventsTestExecutionListener.recordApplicationEvents' -> false]]; transaction manager [org.springframework.orm.jpa.JpaTransactionManager@4545ac62]; rollback [true]
2022-10-10 14:33:46.304  INFO 4460 --- [    Test worker] p6spy                                    : #1665380026304 | took 0ms | statement | connection 7| url jdbc:h2:mem:ad3a9e80-f26d-4a3e-9691-17f803db5723
call next value for member_seq
call next value for member_seq;
2022-10-10 14:33:46.304  INFO 4460 --- [    Test worker] p6spy                                    : #1665380026304 | took 0ms | statement | connection 7| url jdbc:h2:mem:ad3a9e80-f26d-4a3e-9691-17f803db5723
call next value for member_seq
call next value for member_seq;
2022-10-10 14:33:46.315  INFO 4460 --- [    Test worker] p6spy                                    : #1665380026315 | took 0ms | statement | connection 7| url jdbc:h2:mem:ad3a9e80-f26d-4a3e-9691-17f803db5723
insert into member (created_date, last_modified_date, created_by, last_modified_by, email, password, refresh_token, role, username, member_id) values (?, ?, ?, ?, ?, ?, ?, ?, ?, ?)
insert into member (created_date, last_modified_date, created_by, last_modified_by, email, password, refresh_token, role, username, member_id) values ('2022-10-10T14:33:46.303+0900', '2022-10-10T14:33:46.303+0900', '72efe754-7ded-4bee-9baf-233d332086ab', '72efe754-7ded-4bee-9baf-233d332086ab', '123@gmail.com', NULL, NULL, NULL, 'memberA', 1);
2022-10-10 14:33:46.316  INFO 4460 --- [    Test worker] p6spy                                    : #1665380026316 | took 0ms | statement | connection 7| url jdbc:h2:mem:ad3a9e80-f26d-4a3e-9691-17f803db5723
insert into member (created_date, last_modified_date, created_by, last_modified_by, email, password, refresh_token, role, username, member_id) values (?, ?, ?, ?, ?, ?, ?, ?, ?, ?)
insert into member (created_date, last_modified_date, created_by, last_modified_by, email, password, refresh_token, role, username, member_id) values ('2022-10-10T14:33:46.304+0900', '2022-10-10T14:33:46.304+0900', 'e4dc5cc8-6e57-41fd-82ea-f470044c6631', 'e4dc5cc8-6e57-41fd-82ea-f470044c6631', '234@naver.com', NULL, NULL, NULL, 'memberB', 2);
2022-10-10 14:33:46.316  INFO 4460 --- [    Test worker] p6spy                                    : #1665380026316 | took 0ms | statement | connection 7| url jdbc:h2:mem:ad3a9e80-f26d-4a3e-9691-17f803db5723
insert into favorite (member_id, name, favorite_id) values (?, ?, ?)
insert into favorite (member_id, name, favorite_id) values (1, 'favorite1', 3);
2022-10-10 14:33:46.316  INFO 4460 --- [    Test worker] p6spy                                    : #1665380026316 | took 0ms | statement | connection 7| url jdbc:h2:mem:ad3a9e80-f26d-4a3e-9691-17f803db5723
insert into favorite (member_id, name, favorite_id) values (?, ?, ?)
insert into favorite (member_id, name, favorite_id) values (1, 'favorite2', 4);
2022-10-10 14:33:46.317  INFO 4460 --- [    Test worker] p6spy                                    : #1665380026317 | took 0ms | statement | connection 7| url jdbc:h2:mem:ad3a9e80-f26d-4a3e-9691-17f803db5723
insert into favorite (member_id, name, favorite_id) values (?, ?, ?)
insert into favorite (member_id, name, favorite_id) values (2, 'favorite3', 5);
2022-10-10 14:33:46.317  INFO 4460 --- [    Test worker] p6spy                                    : #1665380026317 | took 0ms | statement | connection 7| url jdbc:h2:mem:ad3a9e80-f26d-4a3e-9691-17f803db5723
insert into favorite (member_id, name, favorite_id) values (?, ?, ?)
insert into favorite (member_id, name, favorite_id) values (2, 'favorite4', 6);
2022-10-10 14:33:46.318  INFO 4460 --- [    Test worker] p6spy                                    : #1665380026318 | took 0ms | statement | connection 7| url jdbc:h2:mem:ad3a9e80-f26d-4a3e-9691-17f803db5723
select favorite0_.favorite_id as favorite1_0_, favorite0_.member_id as member_i3_0_, favorite0_.name as name2_0_ from favorite favorite0_
select favorite0_.favorite_id as favorite1_0_, favorite0_.member_id as member_i3_0_, favorite0_.name as name2_0_ from favorite favorite0_;
favorite.getName() = favorite1
2022-10-10 14:33:46.320  INFO 4460 --- [    Test worker] p6spy                                    : #1665380026320 | took 0ms | statement | connection 7| url jdbc:h2:mem:ad3a9e80-f26d-4a3e-9691-17f803db5723
select member0_.member_id as member_i1_2_0_, member0_.created_date as created_2_2_0_, member0_.last_modified_date as last_mod3_2_0_, member0_.created_by as created_4_2_0_, member0_.last_modified_by as last_mod5_2_0_, member0_.email as email6_2_0_, member0_.password as password7_2_0_, member0_.refresh_token as refresh_8_2_0_, member0_.role as role9_2_0_, member0_.username as usernam10_2_0_ from member member0_ where member0_.member_id=?
select member0_.member_id as member_i1_2_0_, member0_.created_date as created_2_2_0_, member0_.last_modified_date as last_mod3_2_0_, member0_.created_by as created_4_2_0_, member0_.last_modified_by as last_mod5_2_0_, member0_.email as email6_2_0_, member0_.password as password7_2_0_, member0_.refresh_token as refresh_8_2_0_, member0_.role as role9_2_0_, member0_.username as usernam10_2_0_ from member member0_ where member0_.member_id=1;
favorite.getUser() = Member(id=1, username=memberA, email=123@gmail.com, password=null)
favorite.getName() = favorite2
favorite.getUser() = Member(id=1, username=memberA, email=123@gmail.com, password=null)
favorite.getName() = favorite3
2022-10-10 14:33:46.328  INFO 4460 --- [    Test worker] p6spy                                    : #1665380026328 | took 0ms | statement | connection 7| url jdbc:h2:mem:ad3a9e80-f26d-4a3e-9691-17f803db5723
select member0_.member_id as member_i1_2_0_, member0_.created_date as created_2_2_0_, member0_.last_modified_date as last_mod3_2_0_, member0_.created_by as created_4_2_0_, member0_.last_modified_by as last_mod5_2_0_, member0_.email as email6_2_0_, member0_.password as password7_2_0_, member0_.refresh_token as refresh_8_2_0_, member0_.role as role9_2_0_, member0_.username as usernam10_2_0_ from member member0_ where member0_.member_id=?
select member0_.member_id as member_i1_2_0_, member0_.created_date as created_2_2_0_, member0_.last_modified_date as last_mod3_2_0_, member0_.created_by as created_4_2_0_, member0_.last_modified_by as last_mod5_2_0_, member0_.email as email6_2_0_, member0_.password as password7_2_0_, member0_.refresh_token as refresh_8_2_0_, member0_.role as role9_2_0_, member0_.username as usernam10_2_0_ from member member0_ where member0_.member_id=2;
favorite.getUser() = Member(id=2, username=memberB, email=234@naver.com, password=null)
favorite.getName() = favorite4
favorite.getUser() = Member(id=2, username=memberB, email=234@naver.com, password=null)
2022-10-10 14:33:46.330  INFO 4460 --- [    Test worker] p6spy                                    : #1665380026330 | took 0ms | rollback | connection 7| url jdbc:h2:mem:ad3a9e80-f26d-4a3e-9691-17f803db5723

;
2022-10-10 14:33:46.330  INFO 4460 --- [    Test worker] o.s.t.c.transaction.TransactionContext   : Rolled back transaction for test: [DefaultTestContext@58453967 testClass = FavoriteTest, testInstance = capstone.jejuTourrecommend.domain.FavoriteTest@6f34d178, testMethod = favorite_memberTest@FavoriteTest, testException = [null], mergedContextConfiguration = [WebMergedContextConfiguration@75c8ba94 testClass = FavoriteTest, locations = '{}', classes = '{class capstone.jejuTourrecommend.JejuTourRecommendApplication}', contextInitializerClasses = '[]', activeProfiles = '{}', propertySourceLocations = '{}', propertySourceProperties = '{org.springframework.boot.test.context.SpringBootTestContextBootstrapper=true}', contextCustomizers = set[org.springframework.boot.test.autoconfigure.actuate.metrics.MetricsExportContextCustomizerFactory$DisableMetricExportContextCustomizer@749c877b, org.springframework.boot.test.autoconfigure.properties.PropertyMappingContextCustomizer@0, org.springframework.boot.test.autoconfigure.web.servlet.WebDriverContextCustomizerFactory$Customizer@60f7cc1d, org.springframework.boot.test.context.filter.ExcludeFilterContextCustomizer@207ea13, org.springframework.boot.test.json.DuplicateJsonObjectContextCustomizerFactory$DuplicateJsonObjectContextCustomizer@5827af16, org.springframework.boot.test.mock.mockito.MockitoContextCustomizer@0, org.springframework.boot.test.web.client.TestRestTemplateContextCustomizer@50fe837a, org.springframework.boot.test.context.SpringBootTestArgs@1, org.springframework.boot.test.context.SpringBootTestWebEnvironment@51bd8b5c], resourceBasePath = 'src/main/webapp', contextLoader = 'org.springframework.boot.test.context.SpringBootContextLoader', parent = [null]], attributes = map['org.springframework.test.context.web.ServletTestExecutionListener.activateListener' -> true, 'org.springframework.test.context.web.ServletTestExecutionListener.populatedRequestContextHolder' -> true, 'org.springframework.test.context.web.ServletTestExecutionListener.resetRequestContextHolder' -> true, 'org.springframework.test.context.event.ApplicationEventsTestExecutionListener.recordApplicationEvents' -> false]]
]]></system-out>
  <system-err><![CDATA[]]></system-err>
</testsuite>
