<?xml version="1.0" encoding="UTF-8"?>
<testsuite name="capstone.jejuTourrecommend.domain.MemberTest" tests="1" skipped="0" failures="0" errors="0" timestamp="2022-10-10T05:33:46" hostname="Heon-MacBookPro.local" time="0.12">
  <properties/>
  <testcase name="memberTest()" classname="capstone.jejuTourrecommend.domain.MemberTest" time="0.12"/>
  <system-out><![CDATA[2022-10-10 14:33:46.331  INFO 4460 --- [    Test worker] .b.t.c.SpringBootTestContextBootstrapper : Neither @ContextConfiguration nor @ContextHierarchy found for test class [capstone.jejuTourrecommend.domain.MemberTest], using SpringBootContextLoader
2022-10-10 14:33:46.332  INFO 4460 --- [    Test worker] o.s.t.c.support.AbstractContextLoader    : Could not detect default resource locations for test class [capstone.jejuTourrecommend.domain.MemberTest]: no resource found for suffixes {-context.xml, Context.groovy}.
2022-10-10 14:33:46.332  INFO 4460 --- [    Test worker] t.c.s.AnnotationConfigContextLoaderUtils : Could not detect default configuration classes for test class [capstone.jejuTourrecommend.domain.MemberTest]: MemberTest does not declare any static, non-private, non-final, nested classes annotated with @Configuration.
2022-10-10 14:33:46.332  INFO 4460 --- [    Test worker] .b.t.c.SpringBootTestContextBootstrapper : Found @SpringBootConfiguration capstone.jejuTourrecommend.JejuTourRecommendApplication for test class capstone.jejuTourrecommend.domain.MemberTest
2022-10-10 14:33:46.333  INFO 4460 --- [    Test worker] .b.t.c.SpringBootTestContextBootstrapper : Loaded default TestExecutionListener class names from location [META-INF/spring.factories]: [org.springframework.boot.test.autoconfigure.restdocs.RestDocsTestExecutionListener, org.springframework.boot.test.autoconfigure.web.client.MockRestServiceServerResetTestExecutionListener, org.springframework.boot.test.autoconfigure.web.servlet.MockMvcPrintOnlyOnFailureTestExecutionListener, org.springframework.boot.test.autoconfigure.web.servlet.WebDriverTestExecutionListener, org.springframework.boot.test.autoconfigure.webservices.client.MockWebServiceServerTestExecutionListener, org.springframework.boot.test.mock.mockito.MockitoTestExecutionListener, org.springframework.boot.test.mock.mockito.ResetMocksTestExecutionListener, org.springframework.test.context.web.ServletTestExecutionListener, org.springframework.test.context.support.DirtiesContextBeforeModesTestExecutionListener, org.springframework.test.context.event.ApplicationEventsTestExecutionListener, org.springframework.test.context.support.DependencyInjectionTestExecutionListener, org.springframework.test.context.support.DirtiesContextTestExecutionListener, org.springframework.test.context.transaction.TransactionalTestExecutionListener, org.springframework.test.context.jdbc.SqlScriptsTestExecutionListener, org.springframework.test.context.event.EventPublishingTestExecutionListener]
2022-10-10 14:33:46.333  INFO 4460 --- [    Test worker] .b.t.c.SpringBootTestContextBootstrapper : Using TestExecutionListeners: [org.springframework.test.context.web.ServletTestExecutionListener@307ca947, org.springframework.test.context.support.DirtiesContextBeforeModesTestExecutionListener@61d1315b, org.springframework.test.context.event.ApplicationEventsTestExecutionListener@49d5b651, org.springframework.boot.test.mock.mockito.MockitoTestExecutionListener@34989ceb, org.springframework.boot.test.autoconfigure.SpringBootDependencyInjectionTestExecutionListener@61fb3dae, org.springframework.test.context.support.DirtiesContextTestExecutionListener@9c88323, org.springframework.test.context.transaction.TransactionalTestExecutionListener@6d4bdb75, org.springframework.test.context.jdbc.SqlScriptsTestExecutionListener@1dc47df3, org.springframework.test.context.event.EventPublishingTestExecutionListener@256a25a8, org.springframework.boot.test.autoconfigure.restdocs.RestDocsTestExecutionListener@68f67bbd, org.springframework.boot.test.autoconfigure.web.client.MockRestServiceServerResetTestExecutionListener@5bd585a5, org.springframework.boot.test.autoconfigure.web.servlet.MockMvcPrintOnlyOnFailureTestExecutionListener@65c040c9, org.springframework.boot.test.autoconfigure.web.servlet.WebDriverTestExecutionListener@11736ebc, org.springframework.boot.test.autoconfigure.webservices.client.MockWebServiceServerTestExecutionListener@4a03c4bc, org.springframework.boot.test.mock.mockito.ResetMocksTestExecutionListener@3d0c88f4]
2022-10-10 14:33:46.335  INFO 4460 --- [    Test worker] o.s.t.c.transaction.TransactionContext   : Began transaction (1) for test context [DefaultTestContext@6dd0e2f4 testClass = MemberTest, testInstance = capstone.jejuTourrecommend.domain.MemberTest@333813e7, testMethod = memberTest@MemberTest, testException = [null], mergedContextConfiguration = [WebMergedContextConfiguration@292237cd testClass = MemberTest, locations = '{}', classes = '{class capstone.jejuTourrecommend.JejuTourRecommendApplication}', contextInitializerClasses = '[]', activeProfiles = '{}', propertySourceLocations = '{}', propertySourceProperties = '{org.springframework.boot.test.context.SpringBootTestContextBootstrapper=true}', contextCustomizers = set[org.springframework.boot.test.autoconfigure.actuate.metrics.MetricsExportContextCustomizerFactory$DisableMetricExportContextCustomizer@749c877b, org.springframework.boot.test.autoconfigure.properties.PropertyMappingContextCustomizer@0, org.springframework.boot.test.autoconfigure.web.servlet.WebDriverContextCustomizerFactory$Customizer@60f7cc1d, org.springframework.boot.test.context.filter.ExcludeFilterContextCustomizer@207ea13, org.springframework.boot.test.json.DuplicateJsonObjectContextCustomizerFactory$DuplicateJsonObjectContextCustomizer@5827af16, org.springframework.boot.test.mock.mockito.MockitoContextCustomizer@0, org.springframework.boot.test.web.client.TestRestTemplateContextCustomizer@50fe837a, org.springframework.boot.test.context.SpringBootTestArgs@1, org.springframework.boot.test.context.SpringBootTestWebEnvironment@51bd8b5c], resourceBasePath = 'src/main/webapp', contextLoader = 'org.springframework.boot.test.context.SpringBootContextLoader', parent = [null]], attributes = map['org.springframework.test.context.web.ServletTestExecutionListener.activateListener' -> true, 'org.springframework.test.context.web.ServletTestExecutionListener.populatedRequestContextHolder' -> true, 'org.springframework.test.context.web.ServletTestExecutionListener.resetRequestContextHolder' -> true, 'org.springframework.test.context.event.ApplicationEventsTestExecutionListener.recordApplicationEvents' -> false]]; transaction manager [org.springframework.orm.jpa.JpaTransactionManager@4545ac62]; rollback [true]
2022-10-10 14:33:46.447  INFO 4460 --- [    Test worker] p6spy                                    : #1665380026447 | took 0ms | statement | connection 8| url jdbc:h2:mem:ad3a9e80-f26d-4a3e-9691-17f803db5723
insert into member (created_date, last_modified_date, created_by, last_modified_by, email, password, refresh_token, role, username, member_id) values (?, ?, ?, ?, ?, ?, ?, ?, ?, ?)
insert into member (created_date, last_modified_date, created_by, last_modified_by, email, password, refresh_token, role, username, member_id) values ('2022-10-10T14:33:46.343+0900', '2022-10-10T14:33:46.343+0900', 'b9146928-b46f-4faa-bad7-f62f54f2ad3f', 'b9146928-b46f-4faa-bad7-f62f54f2ad3f', '123@gmail.com', NULL, NULL, NULL, 'memberA', 3);
2022-10-10 14:33:46.448  INFO 4460 --- [    Test worker] p6spy                                    : #1665380026448 | took 0ms | statement | connection 8| url jdbc:h2:mem:ad3a9e80-f26d-4a3e-9691-17f803db5723
update member set last_modified_date=?, last_modified_by=?, email=?, password=?, refresh_token=?, role=?, username=? where member_id=?
update member set last_modified_date='2022-10-10T14:33:46.445+0900', last_modified_by='b513546c-f6ae-4e4c-8479-1b8c427adeed', email='123@gmail.com', password=NULL, refresh_token=NULL, role=NULL, username='member2' where member_id=3;
2022-10-10 14:33:46.452  INFO 4460 --- [    Test worker] p6spy                                    : #1665380026452 | took 0ms | statement | connection 8| url jdbc:h2:mem:ad3a9e80-f26d-4a3e-9691-17f803db5723
select member0_.member_id as member_i1_2_0_, member0_.created_date as created_2_2_0_, member0_.last_modified_date as last_mod3_2_0_, member0_.created_by as created_4_2_0_, member0_.last_modified_by as last_mod5_2_0_, member0_.email as email6_2_0_, member0_.password as password7_2_0_, member0_.refresh_token as refresh_8_2_0_, member0_.role as role9_2_0_, member0_.username as usernam10_2_0_ from member member0_ where member0_.member_id=?
select member0_.member_id as member_i1_2_0_, member0_.created_date as created_2_2_0_, member0_.last_modified_date as last_mod3_2_0_, member0_.created_by as created_4_2_0_, member0_.last_modified_by as last_mod5_2_0_, member0_.email as email6_2_0_, member0_.password as password7_2_0_, member0_.refresh_token as refresh_8_2_0_, member0_.role as role9_2_0_, member0_.username as usernam10_2_0_ from member member0_ where member0_.member_id=3;
findmember.getCreatedDate() = 2022-10-10T14:33:46.343340
findmember.getCreatedDate() = 2022-10-10T14:33:46.445932
findmember.getCreatedBy() = b9146928-b46f-4faa-bad7-f62f54f2ad3f
findmember.getLastModifiedBy() = b513546c-f6ae-4e4c-8479-1b8c427adeed
2022-10-10 14:33:46.454  INFO 4460 --- [    Test worker] p6spy                                    : #1665380026454 | took 0ms | rollback | connection 8| url jdbc:h2:mem:ad3a9e80-f26d-4a3e-9691-17f803db5723

;
2022-10-10 14:33:46.455  INFO 4460 --- [    Test worker] o.s.t.c.transaction.TransactionContext   : Rolled back transaction for test: [DefaultTestContext@6dd0e2f4 testClass = MemberTest, testInstance = capstone.jejuTourrecommend.domain.MemberTest@333813e7, testMethod = memberTest@MemberTest, testException = [null], mergedContextConfiguration = [WebMergedContextConfiguration@292237cd testClass = MemberTest, locations = '{}', classes = '{class capstone.jejuTourrecommend.JejuTourRecommendApplication}', contextInitializerClasses = '[]', activeProfiles = '{}', propertySourceLocations = '{}', propertySourceProperties = '{org.springframework.boot.test.context.SpringBootTestContextBootstrapper=true}', contextCustomizers = set[org.springframework.boot.test.autoconfigure.actuate.metrics.MetricsExportContextCustomizerFactory$DisableMetricExportContextCustomizer@749c877b, org.springframework.boot.test.autoconfigure.properties.PropertyMappingContextCustomizer@0, org.springframework.boot.test.autoconfigure.web.servlet.WebDriverContextCustomizerFactory$Customizer@60f7cc1d, org.springframework.boot.test.context.filter.ExcludeFilterContextCustomizer@207ea13, org.springframework.boot.test.json.DuplicateJsonObjectContextCustomizerFactory$DuplicateJsonObjectContextCustomizer@5827af16, org.springframework.boot.test.mock.mockito.MockitoContextCustomizer@0, org.springframework.boot.test.web.client.TestRestTemplateContextCustomizer@50fe837a, org.springframework.boot.test.context.SpringBootTestArgs@1, org.springframework.boot.test.context.SpringBootTestWebEnvironment@51bd8b5c], resourceBasePath = 'src/main/webapp', contextLoader = 'org.springframework.boot.test.context.SpringBootContextLoader', parent = [null]], attributes = map['org.springframework.test.context.web.ServletTestExecutionListener.activateListener' -> true, 'org.springframework.test.context.web.ServletTestExecutionListener.populatedRequestContextHolder' -> true, 'org.springframework.test.context.web.ServletTestExecutionListener.resetRequestContextHolder' -> true, 'org.springframework.test.context.event.ApplicationEventsTestExecutionListener.recordApplicationEvents' -> false]]
]]></system-out>
  <system-err><![CDATA[]]></system-err>
</testsuite>
