<?xml version="1.0" encoding="UTF-8"?>
<testsuite name="capstone.jejuTourrecommend.domain.PictureTest" tests="1" skipped="0" failures="0" errors="0" timestamp="2022-10-10T05:33:46" hostname="Heon-MacBookPro.local" time="0.047">
  <properties/>
  <testcase name="picture_spotTest()" classname="capstone.jejuTourrecommend.domain.PictureTest" time="0.047"/>
  <system-out><![CDATA[2022-10-10 14:33:46.456  INFO 4460 --- [    Test worker] .b.t.c.SpringBootTestContextBootstrapper : Neither @ContextConfiguration nor @ContextHierarchy found for test class [capstone.jejuTourrecommend.domain.PictureTest], using SpringBootContextLoader
2022-10-10 14:33:46.456  INFO 4460 --- [    Test worker] o.s.t.c.support.AbstractContextLoader    : Could not detect default resource locations for test class [capstone.jejuTourrecommend.domain.PictureTest]: no resource found for suffixes {-context.xml, Context.groovy}.
2022-10-10 14:33:46.456  INFO 4460 --- [    Test worker] t.c.s.AnnotationConfigContextLoaderUtils : Could not detect default configuration classes for test class [capstone.jejuTourrecommend.domain.PictureTest]: PictureTest does not declare any static, non-private, non-final, nested classes annotated with @Configuration.
2022-10-10 14:33:46.457  INFO 4460 --- [    Test worker] .b.t.c.SpringBootTestContextBootstrapper : Found @SpringBootConfiguration capstone.jejuTourrecommend.JejuTourRecommendApplication for test class capstone.jejuTourrecommend.domain.PictureTest
2022-10-10 14:33:46.457  INFO 4460 --- [    Test worker] .b.t.c.SpringBootTestContextBootstrapper : Loaded default TestExecutionListener class names from location [META-INF/spring.factories]: [org.springframework.boot.test.autoconfigure.restdocs.RestDocsTestExecutionListener, org.springframework.boot.test.autoconfigure.web.client.MockRestServiceServerResetTestExecutionListener, org.springframework.boot.test.autoconfigure.web.servlet.MockMvcPrintOnlyOnFailureTestExecutionListener, org.springframework.boot.test.autoconfigure.web.servlet.WebDriverTestExecutionListener, org.springframework.boot.test.autoconfigure.webservices.client.MockWebServiceServerTestExecutionListener, org.springframework.boot.test.mock.mockito.MockitoTestExecutionListener, org.springframework.boot.test.mock.mockito.ResetMocksTestExecutionListener, org.springframework.test.context.web.ServletTestExecutionListener, org.springframework.test.context.support.DirtiesContextBeforeModesTestExecutionListener, org.springframework.test.context.event.ApplicationEventsTestExecutionListener, org.springframework.test.context.support.DependencyInjectionTestExecutionListener, org.springframework.test.context.support.DirtiesContextTestExecutionListener, org.springframework.test.context.transaction.TransactionalTestExecutionListener, org.springframework.test.context.jdbc.SqlScriptsTestExecutionListener, org.springframework.test.context.event.EventPublishingTestExecutionListener]
2022-10-10 14:33:46.457  INFO 4460 --- [    Test worker] .b.t.c.SpringBootTestContextBootstrapper : Using TestExecutionListeners: [org.springframework.test.context.web.ServletTestExecutionListener@43f670f3, org.springframework.test.context.support.DirtiesContextBeforeModesTestExecutionListener@6311640d, org.springframework.test.context.event.ApplicationEventsTestExecutionListener@3a42610, org.springframework.boot.test.mock.mockito.MockitoTestExecutionListener@1107cbd8, org.springframework.boot.test.autoconfigure.SpringBootDependencyInjectionTestExecutionListener@610640e3, org.springframework.test.context.support.DirtiesContextTestExecutionListener@95f61c2, org.springframework.test.context.transaction.TransactionalTestExecutionListener@2be9425f, org.springframework.test.context.jdbc.SqlScriptsTestExecutionListener@41f05f1, org.springframework.test.context.event.EventPublishingTestExecutionListener@57cd5cc9, org.springframework.boot.test.autoconfigure.restdocs.RestDocsTestExecutionListener@25ee6683, org.springframework.boot.test.autoconfigure.web.client.MockRestServiceServerResetTestExecutionListener@44f433db, org.springframework.boot.test.autoconfigure.web.servlet.MockMvcPrintOnlyOnFailureTestExecutionListener@38388639, org.springframework.boot.test.autoconfigure.web.servlet.WebDriverTestExecutionListener@5aeaee3, org.springframework.boot.test.autoconfigure.webservices.client.MockWebServiceServerTestExecutionListener@53a20aab, org.springframework.boot.test.mock.mockito.ResetMocksTestExecutionListener@362d91ef]
2022-10-10 14:33:46.459  INFO 4460 --- [    Test worker] o.s.t.c.transaction.TransactionContext   : Began transaction (1) for test context [DefaultTestContext@4a58d05d testClass = PictureTest, testInstance = capstone.jejuTourrecommend.domain.PictureTest@3af1b643, testMethod = picture_spotTest@PictureTest, testException = [null], mergedContextConfiguration = [WebMergedContextConfiguration@79c514e4 testClass = PictureTest, locations = '{}', classes = '{class capstone.jejuTourrecommend.JejuTourRecommendApplication}', contextInitializerClasses = '[]', activeProfiles = '{}', propertySourceLocations = '{}', propertySourceProperties = '{org.springframework.boot.test.context.SpringBootTestContextBootstrapper=true}', contextCustomizers = set[org.springframework.boot.test.autoconfigure.actuate.metrics.MetricsExportContextCustomizerFactory$DisableMetricExportContextCustomizer@749c877b, org.springframework.boot.test.autoconfigure.properties.PropertyMappingContextCustomizer@0, org.springframework.boot.test.autoconfigure.web.servlet.WebDriverContextCustomizerFactory$Customizer@60f7cc1d, org.springframework.boot.test.context.filter.ExcludeFilterContextCustomizer@207ea13, org.springframework.boot.test.json.DuplicateJsonObjectContextCustomizerFactory$DuplicateJsonObjectContextCustomizer@5827af16, org.springframework.boot.test.mock.mockito.MockitoContextCustomizer@0, org.springframework.boot.test.web.client.TestRestTemplateContextCustomizer@50fe837a, org.springframework.boot.test.context.SpringBootTestArgs@1, org.springframework.boot.test.context.SpringBootTestWebEnvironment@51bd8b5c], resourceBasePath = 'src/main/webapp', contextLoader = 'org.springframework.boot.test.context.SpringBootContextLoader', parent = [null]], attributes = map['org.springframework.test.context.web.ServletTestExecutionListener.activateListener' -> true, 'org.springframework.test.context.web.ServletTestExecutionListener.populatedRequestContextHolder' -> true, 'org.springframework.test.context.web.ServletTestExecutionListener.resetRequestContextHolder' -> true, 'org.springframework.test.context.event.ApplicationEventsTestExecutionListener.recordApplicationEvents' -> false]]; transaction manager [org.springframework.orm.jpa.JpaTransactionManager@4545ac62]; rollback [true]
2022-10-10 14:33:46.460  INFO 4460 --- [    Test worker] p6spy                                    : #1665380026460 | took 0ms | statement | connection 9| url jdbc:h2:mem:ad3a9e80-f26d-4a3e-9691-17f803db5723
call next value for hibernate_sequence
call next value for hibernate_sequence;
2022-10-10 14:33:46.461  INFO 4460 --- [    Test worker] p6spy                                    : #1665380026461 | took 0ms | statement | connection 9| url jdbc:h2:mem:ad3a9e80-f26d-4a3e-9691-17f803db5723
call next value for hibernate_sequence
call next value for hibernate_sequence;
2022-10-10 14:33:46.461  INFO 4460 --- [    Test worker] p6spy                                    : #1665380026461 | took 0ms | statement | connection 9| url jdbc:h2:mem:ad3a9e80-f26d-4a3e-9691-17f803db5723
call next value for hibernate_sequence
call next value for hibernate_sequence;
2022-10-10 14:33:46.461  INFO 4460 --- [    Test worker] p6spy                                    : #1665380026461 | took 0ms | statement | connection 9| url jdbc:h2:mem:ad3a9e80-f26d-4a3e-9691-17f803db5723
call next value for hibernate_sequence
call next value for hibernate_sequence;
2022-10-10 14:33:46.462  INFO 4460 --- [    Test worker] p6spy                                    : #1665380026462 | took 0ms | statement | connection 9| url jdbc:h2:mem:ad3a9e80-f26d-4a3e-9691-17f803db5723
insert into spot (address, description, location, name, score_id, spot_id) values (?, ?, ?, ?, ?, ?)
insert into spot (address, description, location, name, score_id, spot_id) values (NULL, NULL, NULL, 'spot1', NULL, 3);
2022-10-10 14:33:46.462  INFO 4460 --- [    Test worker] p6spy                                    : #1665380026462 | took 0ms | statement | connection 9| url jdbc:h2:mem:ad3a9e80-f26d-4a3e-9691-17f803db5723
insert into spot (address, description, location, name, score_id, spot_id) values (?, ?, ?, ?, ?, ?)
insert into spot (address, description, location, name, score_id, spot_id) values (NULL, NULL, NULL, 'spot2', NULL, 4);
2022-10-10 14:33:46.465  INFO 4460 --- [    Test worker] p6spy                                    : #1665380026465 | took 0ms | statement | connection 9| url jdbc:h2:mem:ad3a9e80-f26d-4a3e-9691-17f803db5723
insert into picture (spot_id, url, picture_id) values (?, ?, ?)
insert into picture (spot_id, url, picture_id) values (3, 'java.io.StringReader@25c6a9de', 1);
2022-10-10 14:33:46.465  INFO 4460 --- [    Test worker] p6spy                                    : #1665380026465 | took 0ms | statement | connection 9| url jdbc:h2:mem:ad3a9e80-f26d-4a3e-9691-17f803db5723
insert into picture (spot_id, url, picture_id) values (?, ?, ?)
insert into picture (spot_id, url, picture_id) values (3, 'java.io.StringReader@2175111e', 2);
2022-10-10 14:33:46.465  INFO 4460 --- [    Test worker] p6spy                                    : #1665380026465 | took 0ms | statement | connection 9| url jdbc:h2:mem:ad3a9e80-f26d-4a3e-9691-17f803db5723
insert into picture (spot_id, url, picture_id) values (?, ?, ?)
insert into picture (spot_id, url, picture_id) values (4, 'java.io.StringReader@54980154', 3);
2022-10-10 14:33:46.465  INFO 4460 --- [    Test worker] p6spy                                    : #1665380026465 | took 0ms | statement | connection 9| url jdbc:h2:mem:ad3a9e80-f26d-4a3e-9691-17f803db5723
insert into picture (spot_id, url, picture_id) values (?, ?, ?)
insert into picture (spot_id, url, picture_id) values (4, 'java.io.StringReader@28ec35e3', 4);
2022-10-10 14:33:46.466  INFO 4460 --- [    Test worker] p6spy                                    : #1665380026466 | took 0ms | statement | connection 9| url jdbc:h2:mem:ad3a9e80-f26d-4a3e-9691-17f803db5723
select picture0_.picture_id as picture_1_4_, picture0_.spot_id as spot_id3_4_, picture0_.url as url2_4_ from picture picture0_
select picture0_.picture_id as picture_1_4_, picture0_.spot_id as spot_id3_4_, picture0_.url as url2_4_ from picture picture0_;
2022-10-10 14:33:46.505  INFO 4460 --- [    Test worker] p6spy                                    : #1665380026505 | took 0ms | rollback | connection 9| url jdbc:h2:mem:ad3a9e80-f26d-4a3e-9691-17f803db5723

;
2022-10-10 14:33:46.505  INFO 4460 --- [    Test worker] o.s.t.c.transaction.TransactionContext   : Rolled back transaction for test: [DefaultTestContext@4a58d05d testClass = PictureTest, testInstance = capstone.jejuTourrecommend.domain.PictureTest@3af1b643, testMethod = picture_spotTest@PictureTest, testException = [null], mergedContextConfiguration = [WebMergedContextConfiguration@79c514e4 testClass = PictureTest, locations = '{}', classes = '{class capstone.jejuTourrecommend.JejuTourRecommendApplication}', contextInitializerClasses = '[]', activeProfiles = '{}', propertySourceLocations = '{}', propertySourceProperties = '{org.springframework.boot.test.context.SpringBootTestContextBootstrapper=true}', contextCustomizers = set[org.springframework.boot.test.autoconfigure.actuate.metrics.MetricsExportContextCustomizerFactory$DisableMetricExportContextCustomizer@749c877b, org.springframework.boot.test.autoconfigure.properties.PropertyMappingContextCustomizer@0, org.springframework.boot.test.autoconfigure.web.servlet.WebDriverContextCustomizerFactory$Customizer@60f7cc1d, org.springframework.boot.test.context.filter.ExcludeFilterContextCustomizer@207ea13, org.springframework.boot.test.json.DuplicateJsonObjectContextCustomizerFactory$DuplicateJsonObjectContextCustomizer@5827af16, org.springframework.boot.test.mock.mockito.MockitoContextCustomizer@0, org.springframework.boot.test.web.client.TestRestTemplateContextCustomizer@50fe837a, org.springframework.boot.test.context.SpringBootTestArgs@1, org.springframework.boot.test.context.SpringBootTestWebEnvironment@51bd8b5c], resourceBasePath = 'src/main/webapp', contextLoader = 'org.springframework.boot.test.context.SpringBootContextLoader', parent = [null]], attributes = map['org.springframework.test.context.web.ServletTestExecutionListener.activateListener' -> true, 'org.springframework.test.context.web.ServletTestExecutionListener.populatedRequestContextHolder' -> true, 'org.springframework.test.context.web.ServletTestExecutionListener.resetRequestContextHolder' -> true, 'org.springframework.test.context.event.ApplicationEventsTestExecutionListener.recordApplicationEvents' -> false]]
]]></system-out>
  <system-err><![CDATA[]]></system-err>
</testsuite>
