<?xml version="1.0" encoding="UTF-8"?>
<testsuite name="capstone.jejuTourrecommend.repository.FavoriteSpotQueryRepositoryTest" tests="7" skipped="0" failures="0" errors="0" timestamp="2022-10-10T05:33:47" hostname="Heon-MacBookPro.local" time="0.527">
  <properties/>
  <testcase name="favoriteSpotListTest()" classname="capstone.jejuTourrecommend.repository.FavoriteSpotQueryRepositoryTest" time="0.071"/>
  <testcase name="optimizationFavoriteListTest()" classname="capstone.jejuTourrecommend.repository.FavoriteSpotQueryRepositoryTest" time="0.085"/>
  <testcase name="exitSpotTest()" classname="capstone.jejuTourrecommend.repository.FavoriteSpotQueryRepositoryTest" time="0.064"/>
  <testcase name="deleteFavoriteSpot()" classname="capstone.jejuTourrecommend.repository.FavoriteSpotQueryRepositoryTest" time="0.075"/>
  <testcase name="recommendSpotListTest()" classname="capstone.jejuTourrecommend.repository.FavoriteSpotQueryRepositoryTest" time="0.099"/>
  <testcase name="deleteTest()" classname="capstone.jejuTourrecommend.repository.FavoriteSpotQueryRepositoryTest" time="0.058"/>
  <testcase name="favoriteListTest()" classname="capstone.jejuTourrecommend.repository.FavoriteSpotQueryRepositoryTest" time="0.07"/>
  <system-out><![CDATA[2022-10-10 14:33:47.071  INFO 4460 --- [    Test worker] .b.t.c.SpringBootTestContextBootstrapper : Neither @ContextConfiguration nor @ContextHierarchy found for test class [capstone.jejuTourrecommend.repository.FavoriteSpotQueryRepositoryTest], using SpringBootContextLoader
2022-10-10 14:33:47.071  INFO 4460 --- [    Test worker] o.s.t.c.support.AbstractContextLoader    : Could not detect default resource locations for test class [capstone.jejuTourrecommend.repository.FavoriteSpotQueryRepositoryTest]: no resource found for suffixes {-context.xml, Context.groovy}.
2022-10-10 14:33:47.071  INFO 4460 --- [    Test worker] t.c.s.AnnotationConfigContextLoaderUtils : Could not detect default configuration classes for test class [capstone.jejuTourrecommend.repository.FavoriteSpotQueryRepositoryTest]: FavoriteSpotQueryRepositoryTest does not declare any static, non-private, non-final, nested classes annotated with @Configuration.
2022-10-10 14:33:47.072  INFO 4460 --- [    Test worker] .b.t.c.SpringBootTestContextBootstrapper : Found @SpringBootConfiguration capstone.jejuTourrecommend.JejuTourRecommendApplication for test class capstone.jejuTourrecommend.repository.FavoriteSpotQueryRepositoryTest
2022-10-10 14:33:47.072  INFO 4460 --- [    Test worker] .b.t.c.SpringBootTestContextBootstrapper : Loaded default TestExecutionListener class names from location [META-INF/spring.factories]: [org.springframework.boot.test.autoconfigure.restdocs.RestDocsTestExecutionListener, org.springframework.boot.test.autoconfigure.web.client.MockRestServiceServerResetTestExecutionListener, org.springframework.boot.test.autoconfigure.web.servlet.MockMvcPrintOnlyOnFailureTestExecutionListener, org.springframework.boot.test.autoconfigure.web.servlet.WebDriverTestExecutionListener, org.springframework.boot.test.autoconfigure.webservices.client.MockWebServiceServerTestExecutionListener, org.springframework.boot.test.mock.mockito.MockitoTestExecutionListener, org.springframework.boot.test.mock.mockito.ResetMocksTestExecutionListener, org.springframework.test.context.web.ServletTestExecutionListener, org.springframework.test.context.support.DirtiesContextBeforeModesTestExecutionListener, org.springframework.test.context.event.ApplicationEventsTestExecutionListener, org.springframework.test.context.support.DependencyInjectionTestExecutionListener, org.springframework.test.context.support.DirtiesContextTestExecutionListener, org.springframework.test.context.transaction.TransactionalTestExecutionListener, org.springframework.test.context.jdbc.SqlScriptsTestExecutionListener, org.springframework.test.context.event.EventPublishingTestExecutionListener]
2022-10-10 14:33:47.072  INFO 4460 --- [    Test worker] .b.t.c.SpringBootTestContextBootstrapper : Using TestExecutionListeners: [org.springframework.test.context.web.ServletTestExecutionListener@68996698, org.springframework.test.context.support.DirtiesContextBeforeModesTestExecutionListener@2f05cf02, org.springframework.test.context.event.ApplicationEventsTestExecutionListener@61b6e8c1, org.springframework.boot.test.mock.mockito.MockitoTestExecutionListener@5aaa84b4, org.springframework.boot.test.autoconfigure.SpringBootDependencyInjectionTestExecutionListener@792484df, org.springframework.test.context.support.DirtiesContextTestExecutionListener@78582926, org.springframework.test.context.transaction.TransactionalTestExecutionListener@2efe360c, org.springframework.test.context.jdbc.SqlScriptsTestExecutionListener@207f9843, org.springframework.test.context.event.EventPublishingTestExecutionListener@7d20e2ef, org.springframework.boot.test.autoconfigure.restdocs.RestDocsTestExecutionListener@4488e574, org.springframework.boot.test.autoconfigure.web.client.MockRestServiceServerResetTestExecutionListener@1b19e5bf, org.springframework.boot.test.autoconfigure.web.servlet.MockMvcPrintOnlyOnFailureTestExecutionListener@4778db1f, org.springframework.boot.test.autoconfigure.web.servlet.WebDriverTestExecutionListener@3d356e85, org.springframework.boot.test.autoconfigure.webservices.client.MockWebServiceServerTestExecutionListener@3e159f12, org.springframework.boot.test.mock.mockito.ResetMocksTestExecutionListener@6af5b172]
2022-10-10 14:33:47.074  INFO 4460 --- [    Test worker] o.s.t.c.transaction.TransactionContext   : Began transaction (1) for test context [DefaultTestContext@62231c0f testClass = FavoriteSpotQueryRepositoryTest, testInstance = capstone.jejuTourrecommend.repository.FavoriteSpotQueryRepositoryTest@669430f, testMethod = favoriteSpotListTest@FavoriteSpotQueryRepositoryTest, testException = [null], mergedContextConfiguration = [WebMergedContextConfiguration@fdc872e testClass = FavoriteSpotQueryRepositoryTest, locations = '{}', classes = '{class capstone.jejuTourrecommend.JejuTourRecommendApplication}', contextInitializerClasses = '[]', activeProfiles = '{}', propertySourceLocations = '{}', propertySourceProperties = '{org.springframework.boot.test.context.SpringBootTestContextBootstrapper=true}', contextCustomizers = set[org.springframework.boot.test.autoconfigure.actuate.metrics.MetricsExportContextCustomizerFactory$DisableMetricExportContextCustomizer@749c877b, org.springframework.boot.test.autoconfigure.properties.PropertyMappingContextCustomizer@0, org.springframework.boot.test.autoconfigure.web.servlet.WebDriverContextCustomizerFactory$Customizer@60f7cc1d, org.springframework.boot.test.context.filter.ExcludeFilterContextCustomizer@207ea13, org.springframework.boot.test.json.DuplicateJsonObjectContextCustomizerFactory$DuplicateJsonObjectContextCustomizer@5827af16, org.springframework.boot.test.mock.mockito.MockitoContextCustomizer@0, org.springframework.boot.test.web.client.TestRestTemplateContextCustomizer@50fe837a, org.springframework.boot.test.context.SpringBootTestArgs@1, org.springframework.boot.test.context.SpringBootTestWebEnvironment@51bd8b5c], resourceBasePath = 'src/main/webapp', contextLoader = 'org.springframework.boot.test.context.SpringBootContextLoader', parent = [null]], attributes = map['org.springframework.test.context.web.ServletTestExecutionListener.activateListener' -> true, 'org.springframework.test.context.web.ServletTestExecutionListener.populatedRequestContextHolder' -> true, 'org.springframework.test.context.web.ServletTestExecutionListener.resetRequestContextHolder' -> true, 'org.springframework.test.context.event.ApplicationEventsTestExecutionListener.recordApplicationEvents' -> false]]; transaction manager [org.springframework.orm.jpa.JpaTransactionManager@4545ac62]; rollback [true]
2022-10-10 14:33:47.075  INFO 4460 --- [    Test worker] c.j.r.FavoriteSpotQueryRepositoryTest    : member1 =Member(id=12, username=member1, email=member1@gmail.com, password=1234)
2022-10-10 14:33:47.076  INFO 4460 --- [    Test worker] p6spy                                    : #1665380027076 | took 0ms | statement | connection 22| url jdbc:h2:mem:ad3a9e80-f26d-4a3e-9691-17f803db5723
call next value for hibernate_sequence
call next value for hibernate_sequence;
2022-10-10 14:33:47.076  INFO 4460 --- [    Test worker] p6spy                                    : #1665380027076 | took 0ms | statement | connection 22| url jdbc:h2:mem:ad3a9e80-f26d-4a3e-9691-17f803db5723
call next value for hibernate_sequence
call next value for hibernate_sequence;
2022-10-10 14:33:47.076  INFO 4460 --- [    Test worker] p6spy                                    : #1665380027076 | took 0ms | statement | connection 22| url jdbc:h2:mem:ad3a9e80-f26d-4a3e-9691-17f803db5723
call next value for hibernate_sequence
call next value for hibernate_sequence;
2022-10-10 14:33:47.076  INFO 4460 --- [    Test worker] p6spy                                    : #1665380027076 | took 0ms | statement | connection 22| url jdbc:h2:mem:ad3a9e80-f26d-4a3e-9691-17f803db5723
call next value for hibernate_sequence
call next value for hibernate_sequence;
2022-10-10 14:33:47.076  INFO 4460 --- [    Test worker] c.j.r.FavoriteSpotQueryRepositoryTest    : favoriteSpot = FavoriteSpot(id=271, count=0)
2022-10-10 14:33:47.076  INFO 4460 --- [    Test worker] c.j.r.FavoriteSpotQueryRepositoryTest    : Spot = capstone.jejuTourrecommend.domain.Spot@6d9c656d
2022-10-10 14:33:47.076  INFO 4460 --- [    Test worker] p6spy                                    : #1665380027076 | took 0ms | statement | connection 22| url jdbc:h2:mem:ad3a9e80-f26d-4a3e-9691-17f803db5723
call next value for hibernate_sequence
call next value for hibernate_sequence;
2022-10-10 14:33:47.076  INFO 4460 --- [    Test worker] p6spy                                    : #1665380027076 | took 0ms | statement | connection 22| url jdbc:h2:mem:ad3a9e80-f26d-4a3e-9691-17f803db5723
call next value for hibernate_sequence
call next value for hibernate_sequence;
2022-10-10 14:33:47.076  INFO 4460 --- [    Test worker] p6spy                                    : #1665380027076 | took 0ms | statement | connection 22| url jdbc:h2:mem:ad3a9e80-f26d-4a3e-9691-17f803db5723
call next value for hibernate_sequence
call next value for hibernate_sequence;
2022-10-10 14:33:47.076  INFO 4460 --- [    Test worker] p6spy                                    : #1665380027076 | took 0ms | statement | connection 22| url jdbc:h2:mem:ad3a9e80-f26d-4a3e-9691-17f803db5723
call next value for hibernate_sequence
call next value for hibernate_sequence;
2022-10-10 14:33:47.076  INFO 4460 --- [    Test worker] p6spy                                    : #1665380027076 | took 0ms | statement | connection 22| url jdbc:h2:mem:ad3a9e80-f26d-4a3e-9691-17f803db5723
call next value for hibernate_sequence
call next value for hibernate_sequence;
2022-10-10 14:33:47.076  INFO 4460 --- [    Test worker] p6spy                                    : #1665380027076 | took 0ms | statement | connection 22| url jdbc:h2:mem:ad3a9e80-f26d-4a3e-9691-17f803db5723
call next value for hibernate_sequence
call next value for hibernate_sequence;
2022-10-10 14:33:47.076  INFO 4460 --- [    Test worker] p6spy                                    : #1665380027076 | took 0ms | statement | connection 22| url jdbc:h2:mem:ad3a9e80-f26d-4a3e-9691-17f803db5723
call next value for hibernate_sequence
call next value for hibernate_sequence;
2022-10-10 14:33:47.076  INFO 4460 --- [    Test worker] p6spy                                    : #1665380027076 | took 0ms | statement | connection 22| url jdbc:h2:mem:ad3a9e80-f26d-4a3e-9691-17f803db5723
call next value for hibernate_sequence
call next value for hibernate_sequence;
2022-10-10 14:33:47.076  INFO 4460 --- [    Test worker] c.j.r.FavoriteSpotQueryRepositoryTest    : favoriteSpot = FavoriteSpot(id=272, count=0)
2022-10-10 14:33:47.076  INFO 4460 --- [    Test worker] c.j.r.FavoriteSpotQueryRepositoryTest    : Spot = capstone.jejuTourrecommend.domain.Spot@22cd7e39
2022-10-10 14:33:47.076  INFO 4460 --- [    Test worker] p6spy                                    : #1665380027076 | took 0ms | statement | connection 22| url jdbc:h2:mem:ad3a9e80-f26d-4a3e-9691-17f803db5723
call next value for hibernate_sequence
call next value for hibernate_sequence;
2022-10-10 14:33:47.076  INFO 4460 --- [    Test worker] p6spy                                    : #1665380027076 | took 0ms | statement | connection 22| url jdbc:h2:mem:ad3a9e80-f26d-4a3e-9691-17f803db5723
call next value for hibernate_sequence
call next value for hibernate_sequence;
2022-10-10 14:33:47.076  INFO 4460 --- [    Test worker] p6spy                                    : #1665380027076 | took 0ms | statement | connection 22| url jdbc:h2:mem:ad3a9e80-f26d-4a3e-9691-17f803db5723
call next value for hibernate_sequence
call next value for hibernate_sequence;
2022-10-10 14:33:47.077  INFO 4460 --- [    Test worker] p6spy                                    : #1665380027077 | took 0ms | statement | connection 22| url jdbc:h2:mem:ad3a9e80-f26d-4a3e-9691-17f803db5723
call next value for hibernate_sequence
call next value for hibernate_sequence;
2022-10-10 14:33:47.077  INFO 4460 --- [    Test worker] p6spy                                    : #1665380027077 | took 0ms | statement | connection 22| url jdbc:h2:mem:ad3a9e80-f26d-4a3e-9691-17f803db5723
call next value for hibernate_sequence
call next value for hibernate_sequence;
2022-10-10 14:33:47.077  INFO 4460 --- [    Test worker] p6spy                                    : #1665380027077 | took 0ms | statement | connection 22| url jdbc:h2:mem:ad3a9e80-f26d-4a3e-9691-17f803db5723
call next value for hibernate_sequence
call next value for hibernate_sequence;
2022-10-10 14:33:47.077  INFO 4460 --- [    Test worker] p6spy                                    : #1665380027077 | took 0ms | statement | connection 22| url jdbc:h2:mem:ad3a9e80-f26d-4a3e-9691-17f803db5723
call next value for hibernate_sequence
call next value for hibernate_sequence;
2022-10-10 14:33:47.077  INFO 4460 --- [    Test worker] p6spy                                    : #1665380027077 | took 0ms | statement | connection 22| url jdbc:h2:mem:ad3a9e80-f26d-4a3e-9691-17f803db5723
call next value for hibernate_sequence
call next value for hibernate_sequence;
2022-10-10 14:33:47.077  INFO 4460 --- [    Test worker] c.j.r.FavoriteSpotQueryRepositoryTest    : favoriteSpot = FavoriteSpot(id=273, count=0)
2022-10-10 14:33:47.077  INFO 4460 --- [    Test worker] c.j.r.FavoriteSpotQueryRepositoryTest    : Spot = capstone.jejuTourrecommend.domain.Spot@121c65d0
2022-10-10 14:33:47.077  INFO 4460 --- [    Test worker] p6spy                                    : #1665380027077 | took 0ms | statement | connection 22| url jdbc:h2:mem:ad3a9e80-f26d-4a3e-9691-17f803db5723
call next value for hibernate_sequence
call next value for hibernate_sequence;
2022-10-10 14:33:47.077  INFO 4460 --- [    Test worker] p6spy                                    : #1665380027077 | took 0ms | statement | connection 22| url jdbc:h2:mem:ad3a9e80-f26d-4a3e-9691-17f803db5723
call next value for hibernate_sequence
call next value for hibernate_sequence;
2022-10-10 14:33:47.077  INFO 4460 --- [    Test worker] p6spy                                    : #1665380027077 | took 0ms | statement | connection 22| url jdbc:h2:mem:ad3a9e80-f26d-4a3e-9691-17f803db5723
call next value for hibernate_sequence
call next value for hibernate_sequence;
2022-10-10 14:33:47.077  INFO 4460 --- [    Test worker] p6spy                                    : #1665380027077 | took 0ms | statement | connection 22| url jdbc:h2:mem:ad3a9e80-f26d-4a3e-9691-17f803db5723
call next value for hibernate_sequence
call next value for hibernate_sequence;
2022-10-10 14:33:47.077  INFO 4460 --- [    Test worker] p6spy                                    : #1665380027077 | took 0ms | statement | connection 22| url jdbc:h2:mem:ad3a9e80-f26d-4a3e-9691-17f803db5723
call next value for hibernate_sequence
call next value for hibernate_sequence;
2022-10-10 14:33:47.077  INFO 4460 --- [    Test worker] p6spy                                    : #1665380027077 | took 0ms | statement | connection 22| url jdbc:h2:mem:ad3a9e80-f26d-4a3e-9691-17f803db5723
call next value for hibernate_sequence
call next value for hibernate_sequence;
2022-10-10 14:33:47.077  INFO 4460 --- [    Test worker] p6spy                                    : #1665380027077 | took 0ms | statement | connection 22| url jdbc:h2:mem:ad3a9e80-f26d-4a3e-9691-17f803db5723
call next value for hibernate_sequence
call next value for hibernate_sequence;
2022-10-10 14:33:47.077  INFO 4460 --- [    Test worker] p6spy                                    : #1665380027077 | took 0ms | statement | connection 22| url jdbc:h2:mem:ad3a9e80-f26d-4a3e-9691-17f803db5723
call next value for hibernate_sequence
call next value for hibernate_sequence;
2022-10-10 14:33:47.077  INFO 4460 --- [    Test worker] c.j.r.FavoriteSpotQueryRepositoryTest    : favoriteSpot = FavoriteSpot(id=274, count=0)
2022-10-10 14:33:47.077  INFO 4460 --- [    Test worker] c.j.r.FavoriteSpotQueryRepositoryTest    : Spot = capstone.jejuTourrecommend.domain.Spot@73d9f2b2
2022-10-10 14:33:47.077  INFO 4460 --- [    Test worker] p6spy                                    : #1665380027077 | took 0ms | statement | connection 22| url jdbc:h2:mem:ad3a9e80-f26d-4a3e-9691-17f803db5723
call next value for hibernate_sequence
call next value for hibernate_sequence;
2022-10-10 14:33:47.077  INFO 4460 --- [    Test worker] p6spy                                    : #1665380027077 | took 0ms | statement | connection 22| url jdbc:h2:mem:ad3a9e80-f26d-4a3e-9691-17f803db5723
call next value for hibernate_sequence
call next value for hibernate_sequence;
2022-10-10 14:33:47.077  INFO 4460 --- [    Test worker] p6spy                                    : #1665380027077 | took 0ms | statement | connection 22| url jdbc:h2:mem:ad3a9e80-f26d-4a3e-9691-17f803db5723
call next value for hibernate_sequence
call next value for hibernate_sequence;
2022-10-10 14:33:47.077  INFO 4460 --- [    Test worker] p6spy                                    : #1665380027077 | took 0ms | statement | connection 22| url jdbc:h2:mem:ad3a9e80-f26d-4a3e-9691-17f803db5723
call next value for hibernate_sequence
call next value for hibernate_sequence;
2022-10-10 14:33:47.077  INFO 4460 --- [    Test worker] p6spy                                    : #1665380027077 | took 0ms | statement | connection 22| url jdbc:h2:mem:ad3a9e80-f26d-4a3e-9691-17f803db5723
call next value for hibernate_sequence
call next value for hibernate_sequence;
2022-10-10 14:33:47.077  INFO 4460 --- [    Test worker] p6spy                                    : #1665380027077 | took 0ms | statement | connection 22| url jdbc:h2:mem:ad3a9e80-f26d-4a3e-9691-17f803db5723
call next value for hibernate_sequence
call next value for hibernate_sequence;
2022-10-10 14:33:47.077  INFO 4460 --- [    Test worker] p6spy                                    : #1665380027077 | took 0ms | statement | connection 22| url jdbc:h2:mem:ad3a9e80-f26d-4a3e-9691-17f803db5723
call next value for hibernate_sequence
call next value for hibernate_sequence;
2022-10-10 14:33:47.077  INFO 4460 --- [    Test worker] p6spy                                    : #1665380027077 | took 0ms | statement | connection 22| url jdbc:h2:mem:ad3a9e80-f26d-4a3e-9691-17f803db5723
call next value for hibernate_sequence
call next value for hibernate_sequence;
2022-10-10 14:33:47.077  INFO 4460 --- [    Test worker] c.j.r.FavoriteSpotQueryRepositoryTest    : favoriteSpot = FavoriteSpot(id=275, count=0)
2022-10-10 14:33:47.077  INFO 4460 --- [    Test worker] c.j.r.FavoriteSpotQueryRepositoryTest    : Spot = capstone.jejuTourrecommend.domain.Spot@26e5403
2022-10-10 14:33:47.077  INFO 4460 --- [    Test worker] p6spy                                    : #1665380027077 | took 0ms | statement | connection 22| url jdbc:h2:mem:ad3a9e80-f26d-4a3e-9691-17f803db5723
call next value for hibernate_sequence
call next value for hibernate_sequence;
2022-10-10 14:33:47.077  INFO 4460 --- [    Test worker] p6spy                                    : #1665380027077 | took 0ms | statement | connection 22| url jdbc:h2:mem:ad3a9e80-f26d-4a3e-9691-17f803db5723
call next value for hibernate_sequence
call next value for hibernate_sequence;
2022-10-10 14:33:47.077  INFO 4460 --- [    Test worker] p6spy                                    : #1665380027077 | took 0ms | statement | connection 22| url jdbc:h2:mem:ad3a9e80-f26d-4a3e-9691-17f803db5723
call next value for hibernate_sequence
call next value for hibernate_sequence;
2022-10-10 14:33:47.077  INFO 4460 --- [    Test worker] p6spy                                    : #1665380027077 | took 0ms | statement | connection 22| url jdbc:h2:mem:ad3a9e80-f26d-4a3e-9691-17f803db5723
call next value for hibernate_sequence
call next value for hibernate_sequence;
2022-10-10 14:33:47.077  INFO 4460 --- [    Test worker] p6spy                                    : #1665380027077 | took 0ms | statement | connection 22| url jdbc:h2:mem:ad3a9e80-f26d-4a3e-9691-17f803db5723
call next value for hibernate_sequence
call next value for hibernate_sequence;
2022-10-10 14:33:47.077  INFO 4460 --- [    Test worker] p6spy                                    : #1665380027077 | took 0ms | statement | connection 22| url jdbc:h2:mem:ad3a9e80-f26d-4a3e-9691-17f803db5723
call next value for hibernate_sequence
call next value for hibernate_sequence;
2022-10-10 14:33:47.077  INFO 4460 --- [    Test worker] p6spy                                    : #1665380027077 | took 0ms | statement | connection 22| url jdbc:h2:mem:ad3a9e80-f26d-4a3e-9691-17f803db5723
call next value for hibernate_sequence
call next value for hibernate_sequence;
2022-10-10 14:33:47.078  INFO 4460 --- [    Test worker] p6spy                                    : #1665380027078 | took 0ms | statement | connection 22| url jdbc:h2:mem:ad3a9e80-f26d-4a3e-9691-17f803db5723
call next value for hibernate_sequence
call next value for hibernate_sequence;
2022-10-10 14:33:47.078  INFO 4460 --- [    Test worker] c.j.r.FavoriteSpotQueryRepositoryTest    : favoriteSpot = FavoriteSpot(id=276, count=0)
2022-10-10 14:33:47.078  INFO 4460 --- [    Test worker] c.j.r.FavoriteSpotQueryRepositoryTest    : Spot = capstone.jejuTourrecommend.domain.Spot@5d182ffa
2022-10-10 14:33:47.078  INFO 4460 --- [    Test worker] p6spy                                    : #1665380027078 | took 0ms | statement | connection 22| url jdbc:h2:mem:ad3a9e80-f26d-4a3e-9691-17f803db5723
call next value for hibernate_sequence
call next value for hibernate_sequence;
2022-10-10 14:33:47.078  INFO 4460 --- [    Test worker] p6spy                                    : #1665380027078 | took 0ms | statement | connection 22| url jdbc:h2:mem:ad3a9e80-f26d-4a3e-9691-17f803db5723
call next value for hibernate_sequence
call next value for hibernate_sequence;
2022-10-10 14:33:47.078  INFO 4460 --- [    Test worker] p6spy                                    : #1665380027078 | took 0ms | statement | connection 22| url jdbc:h2:mem:ad3a9e80-f26d-4a3e-9691-17f803db5723
call next value for hibernate_sequence
call next value for hibernate_sequence;
2022-10-10 14:33:47.078  INFO 4460 --- [    Test worker] p6spy                                    : #1665380027078 | took 0ms | statement | connection 22| url jdbc:h2:mem:ad3a9e80-f26d-4a3e-9691-17f803db5723
call next value for hibernate_sequence
call next value for hibernate_sequence;
2022-10-10 14:33:47.078  INFO 4460 --- [    Test worker] p6spy                                    : #1665380027078 | took 0ms | statement | connection 22| url jdbc:h2:mem:ad3a9e80-f26d-4a3e-9691-17f803db5723
call next value for hibernate_sequence
call next value for hibernate_sequence;
2022-10-10 14:33:47.078  INFO 4460 --- [    Test worker] p6spy                                    : #1665380027078 | took 0ms | statement | connection 22| url jdbc:h2:mem:ad3a9e80-f26d-4a3e-9691-17f803db5723
call next value for hibernate_sequence
call next value for hibernate_sequence;
2022-10-10 14:33:47.078  INFO 4460 --- [    Test worker] p6spy                                    : #1665380027078 | took 0ms | statement | connection 22| url jdbc:h2:mem:ad3a9e80-f26d-4a3e-9691-17f803db5723
call next value for hibernate_sequence
call next value for hibernate_sequence;
2022-10-10 14:33:47.078  INFO 4460 --- [    Test worker] p6spy                                    : #1665380027078 | took 0ms | statement | connection 22| url jdbc:h2:mem:ad3a9e80-f26d-4a3e-9691-17f803db5723
call next value for hibernate_sequence
call next value for hibernate_sequence;
2022-10-10 14:33:47.078  INFO 4460 --- [    Test worker] c.j.r.FavoriteSpotQueryRepositoryTest    : favoriteSpot = FavoriteSpot(id=277, count=0)
2022-10-10 14:33:47.078  INFO 4460 --- [    Test worker] c.j.r.FavoriteSpotQueryRepositoryTest    : Spot = capstone.jejuTourrecommend.domain.Spot@27f619e9
2022-10-10 14:33:47.078  INFO 4460 --- [    Test worker] p6spy                                    : #1665380027078 | took 0ms | statement | connection 22| url jdbc:h2:mem:ad3a9e80-f26d-4a3e-9691-17f803db5723
call next value for hibernate_sequence
call next value for hibernate_sequence;
2022-10-10 14:33:47.078  INFO 4460 --- [    Test worker] p6spy                                    : #1665380027078 | took 0ms | statement | connection 22| url jdbc:h2:mem:ad3a9e80-f26d-4a3e-9691-17f803db5723
call next value for hibernate_sequence
call next value for hibernate_sequence;
2022-10-10 14:33:47.078  INFO 4460 --- [    Test worker] p6spy                                    : #1665380027078 | took 0ms | statement | connection 22| url jdbc:h2:mem:ad3a9e80-f26d-4a3e-9691-17f803db5723
call next value for hibernate_sequence
call next value for hibernate_sequence;
2022-10-10 14:33:47.078  INFO 4460 --- [    Test worker] p6spy                                    : #1665380027078 | took 0ms | statement | connection 22| url jdbc:h2:mem:ad3a9e80-f26d-4a3e-9691-17f803db5723
call next value for hibernate_sequence
call next value for hibernate_sequence;
2022-10-10 14:33:47.078  INFO 4460 --- [    Test worker] p6spy                                    : #1665380027078 | took 0ms | statement | connection 22| url jdbc:h2:mem:ad3a9e80-f26d-4a3e-9691-17f803db5723
call next value for hibernate_sequence
call next value for hibernate_sequence;
2022-10-10 14:33:47.078  INFO 4460 --- [    Test worker] p6spy                                    : #1665380027078 | took 0ms | statement | connection 22| url jdbc:h2:mem:ad3a9e80-f26d-4a3e-9691-17f803db5723
call next value for hibernate_sequence
call next value for hibernate_sequence;
2022-10-10 14:33:47.078  INFO 4460 --- [    Test worker] p6spy                                    : #1665380027078 | took 0ms | statement | connection 22| url jdbc:h2:mem:ad3a9e80-f26d-4a3e-9691-17f803db5723
call next value for hibernate_sequence
call next value for hibernate_sequence;
2022-10-10 14:33:47.078  INFO 4460 --- [    Test worker] p6spy                                    : #1665380027078 | took 0ms | statement | connection 22| url jdbc:h2:mem:ad3a9e80-f26d-4a3e-9691-17f803db5723
call next value for hibernate_sequence
call next value for hibernate_sequence;
2022-10-10 14:33:47.078  INFO 4460 --- [    Test worker] c.j.r.FavoriteSpotQueryRepositoryTest    : favoriteSpot = FavoriteSpot(id=278, count=0)
2022-10-10 14:33:47.078  INFO 4460 --- [    Test worker] c.j.r.FavoriteSpotQueryRepositoryTest    : Spot = capstone.jejuTourrecommend.domain.Spot@25123ce4
2022-10-10 14:33:47.078  INFO 4460 --- [    Test worker] p6spy                                    : #1665380027078 | took 0ms | statement | connection 22| url jdbc:h2:mem:ad3a9e80-f26d-4a3e-9691-17f803db5723
call next value for hibernate_sequence
call next value for hibernate_sequence;
2022-10-10 14:33:47.078  INFO 4460 --- [    Test worker] p6spy                                    : #1665380027078 | took 0ms | statement | connection 22| url jdbc:h2:mem:ad3a9e80-f26d-4a3e-9691-17f803db5723
call next value for hibernate_sequence
call next value for hibernate_sequence;
2022-10-10 14:33:47.078  INFO 4460 --- [    Test worker] p6spy                                    : #1665380027078 | took 0ms | statement | connection 22| url jdbc:h2:mem:ad3a9e80-f26d-4a3e-9691-17f803db5723
call next value for hibernate_sequence
call next value for hibernate_sequence;
2022-10-10 14:33:47.078  INFO 4460 --- [    Test worker] p6spy                                    : #1665380027078 | took 0ms | statement | connection 22| url jdbc:h2:mem:ad3a9e80-f26d-4a3e-9691-17f803db5723
call next value for hibernate_sequence
call next value for hibernate_sequence;
2022-10-10 14:33:47.078  INFO 4460 --- [    Test worker] p6spy                                    : #1665380027078 | took 0ms | statement | connection 22| url jdbc:h2:mem:ad3a9e80-f26d-4a3e-9691-17f803db5723
call next value for hibernate_sequence
call next value for hibernate_sequence;
2022-10-10 14:33:47.078  INFO 4460 --- [    Test worker] p6spy                                    : #1665380027078 | took 0ms | statement | connection 22| url jdbc:h2:mem:ad3a9e80-f26d-4a3e-9691-17f803db5723
call next value for hibernate_sequence
call next value for hibernate_sequence;
2022-10-10 14:33:47.078  INFO 4460 --- [    Test worker] p6spy                                    : #1665380027078 | took 0ms | statement | connection 22| url jdbc:h2:mem:ad3a9e80-f26d-4a3e-9691-17f803db5723
call next value for hibernate_sequence
call next value for hibernate_sequence;
2022-10-10 14:33:47.078  INFO 4460 --- [    Test worker] p6spy                                    : #1665380027078 | took 0ms | statement | connection 22| url jdbc:h2:mem:ad3a9e80-f26d-4a3e-9691-17f803db5723
call next value for hibernate_sequence
call next value for hibernate_sequence;
2022-10-10 14:33:47.078  INFO 4460 --- [    Test worker] c.j.r.FavoriteSpotQueryRepositoryTest    : favoriteSpot = FavoriteSpot(id=279, count=0)
2022-10-10 14:33:47.079  INFO 4460 --- [    Test worker] c.j.r.FavoriteSpotQueryRepositoryTest    : Spot = capstone.jejuTourrecommend.domain.Spot@1b1cc90
2022-10-10 14:33:47.079  INFO 4460 --- [    Test worker] p6spy                                    : #1665380027079 | took 0ms | statement | connection 22| url jdbc:h2:mem:ad3a9e80-f26d-4a3e-9691-17f803db5723
call next value for hibernate_sequence
call next value for hibernate_sequence;
2022-10-10 14:33:47.079  INFO 4460 --- [    Test worker] p6spy                                    : #1665380027079 | took 0ms | statement | connection 22| url jdbc:h2:mem:ad3a9e80-f26d-4a3e-9691-17f803db5723
call next value for hibernate_sequence
call next value for hibernate_sequence;
2022-10-10 14:33:47.079  INFO 4460 --- [    Test worker] p6spy                                    : #1665380027079 | took 0ms | statement | connection 22| url jdbc:h2:mem:ad3a9e80-f26d-4a3e-9691-17f803db5723
call next value for hibernate_sequence
call next value for hibernate_sequence;
2022-10-10 14:33:47.079  INFO 4460 --- [    Test worker] p6spy                                    : #1665380027079 | took 0ms | statement | connection 22| url jdbc:h2:mem:ad3a9e80-f26d-4a3e-9691-17f803db5723
call next value for hibernate_sequence
call next value for hibernate_sequence;
2022-10-10 14:33:47.079  INFO 4460 --- [    Test worker] p6spy                                    : #1665380027079 | took 0ms | statement | connection 22| url jdbc:h2:mem:ad3a9e80-f26d-4a3e-9691-17f803db5723
call next value for hibernate_sequence
call next value for hibernate_sequence;
2022-10-10 14:33:47.079  INFO 4460 --- [    Test worker] p6spy                                    : #1665380027079 | took 0ms | statement | connection 22| url jdbc:h2:mem:ad3a9e80-f26d-4a3e-9691-17f803db5723
call next value for hibernate_sequence
call next value for hibernate_sequence;
2022-10-10 14:33:47.079  INFO 4460 --- [    Test worker] p6spy                                    : #1665380027079 | took 0ms | statement | connection 22| url jdbc:h2:mem:ad3a9e80-f26d-4a3e-9691-17f803db5723
call next value for hibernate_sequence
call next value for hibernate_sequence;
2022-10-10 14:33:47.079  INFO 4460 --- [    Test worker] p6spy                                    : #1665380027079 | took 0ms | statement | connection 22| url jdbc:h2:mem:ad3a9e80-f26d-4a3e-9691-17f803db5723
call next value for hibernate_sequence
call next value for hibernate_sequence;
2022-10-10 14:33:47.079  INFO 4460 --- [    Test worker] c.j.r.FavoriteSpotQueryRepositoryTest    : favoriteSpot = FavoriteSpot(id=280, count=0)
2022-10-10 14:33:47.079  INFO 4460 --- [    Test worker] c.j.r.FavoriteSpotQueryRepositoryTest    : Spot = capstone.jejuTourrecommend.domain.Spot@58bb8b59
2022-10-10 14:33:47.079  INFO 4460 --- [    Test worker] p6spy                                    : #1665380027079 | took 0ms | statement | connection 22| url jdbc:h2:mem:ad3a9e80-f26d-4a3e-9691-17f803db5723
call next value for hibernate_sequence
call next value for hibernate_sequence;
2022-10-10 14:33:47.079  INFO 4460 --- [    Test worker] p6spy                                    : #1665380027079 | took 0ms | statement | connection 22| url jdbc:h2:mem:ad3a9e80-f26d-4a3e-9691-17f803db5723
call next value for hibernate_sequence
call next value for hibernate_sequence;
2022-10-10 14:33:47.079  INFO 4460 --- [    Test worker] p6spy                                    : #1665380027079 | took 0ms | statement | connection 22| url jdbc:h2:mem:ad3a9e80-f26d-4a3e-9691-17f803db5723
call next value for hibernate_sequence
call next value for hibernate_sequence;
2022-10-10 14:33:47.079  INFO 4460 --- [    Test worker] p6spy                                    : #1665380027079 | took 0ms | statement | connection 22| url jdbc:h2:mem:ad3a9e80-f26d-4a3e-9691-17f803db5723
call next value for hibernate_sequence
call next value for hibernate_sequence;
2022-10-10 14:33:47.079  INFO 4460 --- [    Test worker] p6spy                                    : #1665380027079 | took 0ms | statement | connection 22| url jdbc:h2:mem:ad3a9e80-f26d-4a3e-9691-17f803db5723
call next value for hibernate_sequence
call next value for hibernate_sequence;
2022-10-10 14:33:47.079  INFO 4460 --- [    Test worker] p6spy                                    : #1665380027079 | took 0ms | statement | connection 22| url jdbc:h2:mem:ad3a9e80-f26d-4a3e-9691-17f803db5723
call next value for hibernate_sequence
call next value for hibernate_sequence;
2022-10-10 14:33:47.079  INFO 4460 --- [    Test worker] p6spy                                    : #1665380027079 | took 0ms | statement | connection 22| url jdbc:h2:mem:ad3a9e80-f26d-4a3e-9691-17f803db5723
call next value for hibernate_sequence
call next value for hibernate_sequence;
2022-10-10 14:33:47.079  INFO 4460 --- [    Test worker] p6spy                                    : #1665380027079 | took 0ms | statement | connection 22| url jdbc:h2:mem:ad3a9e80-f26d-4a3e-9691-17f803db5723
call next value for hibernate_sequence
call next value for hibernate_sequence;
2022-10-10 14:33:47.079  INFO 4460 --- [    Test worker] c.j.r.FavoriteSpotQueryRepositoryTest    : favoriteSpot = FavoriteSpot(id=281, count=0)
2022-10-10 14:33:47.079  INFO 4460 --- [    Test worker] c.j.r.FavoriteSpotQueryRepositoryTest    : Spot = capstone.jejuTourrecommend.domain.Spot@34a55cca
2022-10-10 14:33:47.079  INFO 4460 --- [    Test worker] p6spy                                    : #1665380027079 | took 0ms | statement | connection 22| url jdbc:h2:mem:ad3a9e80-f26d-4a3e-9691-17f803db5723
call next value for hibernate_sequence
call next value for hibernate_sequence;
2022-10-10 14:33:47.079  INFO 4460 --- [    Test worker] p6spy                                    : #1665380027079 | took 0ms | statement | connection 22| url jdbc:h2:mem:ad3a9e80-f26d-4a3e-9691-17f803db5723
call next value for hibernate_sequence
call next value for hibernate_sequence;
2022-10-10 14:33:47.079  INFO 4460 --- [    Test worker] p6spy                                    : #1665380027079 | took 0ms | statement | connection 22| url jdbc:h2:mem:ad3a9e80-f26d-4a3e-9691-17f803db5723
call next value for hibernate_sequence
call next value for hibernate_sequence;
2022-10-10 14:33:47.079  INFO 4460 --- [    Test worker] p6spy                                    : #1665380027079 | took 0ms | statement | connection 22| url jdbc:h2:mem:ad3a9e80-f26d-4a3e-9691-17f803db5723
call next value for hibernate_sequence
call next value for hibernate_sequence;
2022-10-10 14:33:47.079  INFO 4460 --- [    Test worker] p6spy                                    : #1665380027079 | took 0ms | statement | connection 22| url jdbc:h2:mem:ad3a9e80-f26d-4a3e-9691-17f803db5723
call next value for hibernate_sequence
call next value for hibernate_sequence;
2022-10-10 14:33:47.079  INFO 4460 --- [    Test worker] p6spy                                    : #1665380027079 | took 0ms | statement | connection 22| url jdbc:h2:mem:ad3a9e80-f26d-4a3e-9691-17f803db5723
call next value for hibernate_sequence
call next value for hibernate_sequence;
2022-10-10 14:33:47.079  INFO 4460 --- [    Test worker] p6spy                                    : #1665380027079 | took 0ms | statement | connection 22| url jdbc:h2:mem:ad3a9e80-f26d-4a3e-9691-17f803db5723
call next value for hibernate_sequence
call next value for hibernate_sequence;
2022-10-10 14:33:47.079  INFO 4460 --- [    Test worker] p6spy                                    : #1665380027079 | took 0ms | statement | connection 22| url jdbc:h2:mem:ad3a9e80-f26d-4a3e-9691-17f803db5723
call next value for hibernate_sequence
call next value for hibernate_sequence;
2022-10-10 14:33:47.079  INFO 4460 --- [    Test worker] c.j.r.FavoriteSpotQueryRepositoryTest    : favoriteSpot = FavoriteSpot(id=282, count=0)
2022-10-10 14:33:47.079  INFO 4460 --- [    Test worker] c.j.r.FavoriteSpotQueryRepositoryTest    : Spot = capstone.jejuTourrecommend.domain.Spot@221ae367
2022-10-10 14:33:47.079  INFO 4460 --- [    Test worker] p6spy                                    : #1665380027079 | took 0ms | statement | connection 22| url jdbc:h2:mem:ad3a9e80-f26d-4a3e-9691-17f803db5723
call next value for hibernate_sequence
call next value for hibernate_sequence;
2022-10-10 14:33:47.079  INFO 4460 --- [    Test worker] p6spy                                    : #1665380027079 | took 0ms | statement | connection 22| url jdbc:h2:mem:ad3a9e80-f26d-4a3e-9691-17f803db5723
call next value for hibernate_sequence
call next value for hibernate_sequence;
2022-10-10 14:33:47.079  INFO 4460 --- [    Test worker] p6spy                                    : #1665380027079 | took 0ms | statement | connection 22| url jdbc:h2:mem:ad3a9e80-f26d-4a3e-9691-17f803db5723
call next value for hibernate_sequence
call next value for hibernate_sequence;
2022-10-10 14:33:47.079  INFO 4460 --- [    Test worker] p6spy                                    : #1665380027079 | took 0ms | statement | connection 22| url jdbc:h2:mem:ad3a9e80-f26d-4a3e-9691-17f803db5723
call next value for hibernate_sequence
call next value for hibernate_sequence;
2022-10-10 14:33:47.080  INFO 4460 --- [    Test worker] p6spy                                    : #1665380027080 | took 0ms | statement | connection 22| url jdbc:h2:mem:ad3a9e80-f26d-4a3e-9691-17f803db5723
call next value for hibernate_sequence
call next value for hibernate_sequence;
2022-10-10 14:33:47.080  INFO 4460 --- [    Test worker] p6spy                                    : #1665380027080 | took 0ms | statement | connection 22| url jdbc:h2:mem:ad3a9e80-f26d-4a3e-9691-17f803db5723
call next value for hibernate_sequence
call next value for hibernate_sequence;
2022-10-10 14:33:47.080  INFO 4460 --- [    Test worker] p6spy                                    : #1665380027080 | took 0ms | statement | connection 22| url jdbc:h2:mem:ad3a9e80-f26d-4a3e-9691-17f803db5723
call next value for hibernate_sequence
call next value for hibernate_sequence;
2022-10-10 14:33:47.080  INFO 4460 --- [    Test worker] p6spy                                    : #1665380027080 | took 0ms | statement | connection 22| url jdbc:h2:mem:ad3a9e80-f26d-4a3e-9691-17f803db5723
call next value for hibernate_sequence
call next value for hibernate_sequence;
2022-10-10 14:33:47.080  INFO 4460 --- [    Test worker] c.j.r.FavoriteSpotQueryRepositoryTest    : favoriteSpot = FavoriteSpot(id=283, count=0)
2022-10-10 14:33:47.080  INFO 4460 --- [    Test worker] c.j.r.FavoriteSpotQueryRepositoryTest    : Spot = capstone.jejuTourrecommend.domain.Spot@6ca20c96
2022-10-10 14:33:47.080  INFO 4460 --- [    Test worker] p6spy                                    : #1665380027080 | took 0ms | statement | connection 22| url jdbc:h2:mem:ad3a9e80-f26d-4a3e-9691-17f803db5723
call next value for hibernate_sequence
call next value for hibernate_sequence;
2022-10-10 14:33:47.080  INFO 4460 --- [    Test worker] p6spy                                    : #1665380027080 | took 0ms | statement | connection 22| url jdbc:h2:mem:ad3a9e80-f26d-4a3e-9691-17f803db5723
call next value for hibernate_sequence
call next value for hibernate_sequence;
2022-10-10 14:33:47.080  INFO 4460 --- [    Test worker] p6spy                                    : #1665380027080 | took 0ms | statement | connection 22| url jdbc:h2:mem:ad3a9e80-f26d-4a3e-9691-17f803db5723
call next value for hibernate_sequence
call next value for hibernate_sequence;
2022-10-10 14:33:47.080  INFO 4460 --- [    Test worker] p6spy                                    : #1665380027080 | took 0ms | statement | connection 22| url jdbc:h2:mem:ad3a9e80-f26d-4a3e-9691-17f803db5723
call next value for hibernate_sequence
call next value for hibernate_sequence;
2022-10-10 14:33:47.080  INFO 4460 --- [    Test worker] p6spy                                    : #1665380027080 | took 0ms | statement | connection 22| url jdbc:h2:mem:ad3a9e80-f26d-4a3e-9691-17f803db5723
call next value for hibernate_sequence
call next value for hibernate_sequence;
2022-10-10 14:33:47.080  INFO 4460 --- [    Test worker] p6spy                                    : #1665380027080 | took 0ms | statement | connection 22| url jdbc:h2:mem:ad3a9e80-f26d-4a3e-9691-17f803db5723
call next value for hibernate_sequence
call next value for hibernate_sequence;
2022-10-10 14:33:47.080  INFO 4460 --- [    Test worker] p6spy                                    : #1665380027080 | took 0ms | statement | connection 22| url jdbc:h2:mem:ad3a9e80-f26d-4a3e-9691-17f803db5723
call next value for hibernate_sequence
call next value for hibernate_sequence;
2022-10-10 14:33:47.080  INFO 4460 --- [    Test worker] p6spy                                    : #1665380027080 | took 0ms | statement | connection 22| url jdbc:h2:mem:ad3a9e80-f26d-4a3e-9691-17f803db5723
call next value for hibernate_sequence
call next value for hibernate_sequence;
2022-10-10 14:33:47.080  INFO 4460 --- [    Test worker] c.j.r.FavoriteSpotQueryRepositoryTest    : favoriteSpot = FavoriteSpot(id=284, count=0)
2022-10-10 14:33:47.080  INFO 4460 --- [    Test worker] c.j.r.FavoriteSpotQueryRepositoryTest    : Spot = capstone.jejuTourrecommend.domain.Spot@59db8e7e
2022-10-10 14:33:47.080  INFO 4460 --- [    Test worker] p6spy                                    : #1665380027080 | took 0ms | statement | connection 22| url jdbc:h2:mem:ad3a9e80-f26d-4a3e-9691-17f803db5723
call next value for hibernate_sequence
call next value for hibernate_sequence;
2022-10-10 14:33:47.080  INFO 4460 --- [    Test worker] p6spy                                    : #1665380027080 | took 0ms | statement | connection 22| url jdbc:h2:mem:ad3a9e80-f26d-4a3e-9691-17f803db5723
call next value for hibernate_sequence
call next value for hibernate_sequence;
2022-10-10 14:33:47.080  INFO 4460 --- [    Test worker] p6spy                                    : #1665380027080 | took 0ms | statement | connection 22| url jdbc:h2:mem:ad3a9e80-f26d-4a3e-9691-17f803db5723
call next value for hibernate_sequence
call next value for hibernate_sequence;
2022-10-10 14:33:47.080  INFO 4460 --- [    Test worker] p6spy                                    : #1665380027080 | took 0ms | statement | connection 22| url jdbc:h2:mem:ad3a9e80-f26d-4a3e-9691-17f803db5723
call next value for hibernate_sequence
call next value for hibernate_sequence;
2022-10-10 14:33:47.080  INFO 4460 --- [    Test worker] p6spy                                    : #1665380027080 | took 0ms | statement | connection 22| url jdbc:h2:mem:ad3a9e80-f26d-4a3e-9691-17f803db5723
call next value for hibernate_sequence
call next value for hibernate_sequence;
2022-10-10 14:33:47.080  INFO 4460 --- [    Test worker] p6spy                                    : #1665380027080 | took 0ms | statement | connection 22| url jdbc:h2:mem:ad3a9e80-f26d-4a3e-9691-17f803db5723
call next value for hibernate_sequence
call next value for hibernate_sequence;
2022-10-10 14:33:47.080  INFO 4460 --- [    Test worker] p6spy                                    : #1665380027080 | took 0ms | statement | connection 22| url jdbc:h2:mem:ad3a9e80-f26d-4a3e-9691-17f803db5723
call next value for hibernate_sequence
call next value for hibernate_sequence;
2022-10-10 14:33:47.080  INFO 4460 --- [    Test worker] p6spy                                    : #1665380027080 | took 0ms | statement | connection 22| url jdbc:h2:mem:ad3a9e80-f26d-4a3e-9691-17f803db5723
call next value for hibernate_sequence
call next value for hibernate_sequence;
2022-10-10 14:33:47.080  INFO 4460 --- [    Test worker] c.j.r.FavoriteSpotQueryRepositoryTest    : favoriteSpot = FavoriteSpot(id=285, count=0)
2022-10-10 14:33:47.081  INFO 4460 --- [    Test worker] c.j.r.FavoriteSpotQueryRepositoryTest    : Spot = capstone.jejuTourrecommend.domain.Spot@cf92193
2022-10-10 14:33:47.081  INFO 4460 --- [    Test worker] p6spy                                    : #1665380027081 | took 0ms | statement | connection 22| url jdbc:h2:mem:ad3a9e80-f26d-4a3e-9691-17f803db5723
call next value for hibernate_sequence
call next value for hibernate_sequence;
2022-10-10 14:33:47.081  INFO 4460 --- [    Test worker] p6spy                                    : #1665380027081 | took 0ms | statement | connection 22| url jdbc:h2:mem:ad3a9e80-f26d-4a3e-9691-17f803db5723
call next value for hibernate_sequence
call next value for hibernate_sequence;
2022-10-10 14:33:47.081  INFO 4460 --- [    Test worker] p6spy                                    : #1665380027081 | took 0ms | statement | connection 22| url jdbc:h2:mem:ad3a9e80-f26d-4a3e-9691-17f803db5723
call next value for hibernate_sequence
call next value for hibernate_sequence;
2022-10-10 14:33:47.081  INFO 4460 --- [    Test worker] p6spy                                    : #1665380027081 | took 0ms | statement | connection 22| url jdbc:h2:mem:ad3a9e80-f26d-4a3e-9691-17f803db5723
call next value for hibernate_sequence
call next value for hibernate_sequence;
2022-10-10 14:33:47.081  INFO 4460 --- [    Test worker] p6spy                                    : #1665380027081 | took 0ms | statement | connection 22| url jdbc:h2:mem:ad3a9e80-f26d-4a3e-9691-17f803db5723
call next value for hibernate_sequence
call next value for hibernate_sequence;
2022-10-10 14:33:47.081  INFO 4460 --- [    Test worker] p6spy                                    : #1665380027081 | took 0ms | statement | connection 22| url jdbc:h2:mem:ad3a9e80-f26d-4a3e-9691-17f803db5723
call next value for hibernate_sequence
call next value for hibernate_sequence;
2022-10-10 14:33:47.081  INFO 4460 --- [    Test worker] p6spy                                    : #1665380027081 | took 0ms | statement | connection 22| url jdbc:h2:mem:ad3a9e80-f26d-4a3e-9691-17f803db5723
call next value for hibernate_sequence
call next value for hibernate_sequence;
2022-10-10 14:33:47.081  INFO 4460 --- [    Test worker] p6spy                                    : #1665380027081 | took 0ms | statement | connection 22| url jdbc:h2:mem:ad3a9e80-f26d-4a3e-9691-17f803db5723
call next value for hibernate_sequence
call next value for hibernate_sequence;
2022-10-10 14:33:47.081  INFO 4460 --- [    Test worker] c.j.r.FavoriteSpotQueryRepositoryTest    : favoriteSpot = FavoriteSpot(id=286, count=0)
2022-10-10 14:33:47.081  INFO 4460 --- [    Test worker] c.j.r.FavoriteSpotQueryRepositoryTest    : Spot = capstone.jejuTourrecommend.domain.Spot@41db4a32
2022-10-10 14:33:47.081  INFO 4460 --- [    Test worker] p6spy                                    : #1665380027081 | took 0ms | statement | connection 22| url jdbc:h2:mem:ad3a9e80-f26d-4a3e-9691-17f803db5723
call next value for hibernate_sequence
call next value for hibernate_sequence;
2022-10-10 14:33:47.081  INFO 4460 --- [    Test worker] p6spy                                    : #1665380027081 | took 0ms | statement | connection 22| url jdbc:h2:mem:ad3a9e80-f26d-4a3e-9691-17f803db5723
call next value for hibernate_sequence
call next value for hibernate_sequence;
2022-10-10 14:33:47.081  INFO 4460 --- [    Test worker] p6spy                                    : #1665380027081 | took 0ms | statement | connection 22| url jdbc:h2:mem:ad3a9e80-f26d-4a3e-9691-17f803db5723
call next value for hibernate_sequence
call next value for hibernate_sequence;
2022-10-10 14:33:47.081  INFO 4460 --- [    Test worker] p6spy                                    : #1665380027081 | took 0ms | statement | connection 22| url jdbc:h2:mem:ad3a9e80-f26d-4a3e-9691-17f803db5723
call next value for hibernate_sequence
call next value for hibernate_sequence;
2022-10-10 14:33:47.081  INFO 4460 --- [    Test worker] p6spy                                    : #1665380027081 | took 0ms | statement | connection 22| url jdbc:h2:mem:ad3a9e80-f26d-4a3e-9691-17f803db5723
call next value for hibernate_sequence
call next value for hibernate_sequence;
2022-10-10 14:33:47.081  INFO 4460 --- [    Test worker] p6spy                                    : #1665380027081 | took 0ms | statement | connection 22| url jdbc:h2:mem:ad3a9e80-f26d-4a3e-9691-17f803db5723
call next value for hibernate_sequence
call next value for hibernate_sequence;
2022-10-10 14:33:47.081  INFO 4460 --- [    Test worker] p6spy                                    : #1665380027081 | took 0ms | statement | connection 22| url jdbc:h2:mem:ad3a9e80-f26d-4a3e-9691-17f803db5723
call next value for hibernate_sequence
call next value for hibernate_sequence;
2022-10-10 14:33:47.081  INFO 4460 --- [    Test worker] p6spy                                    : #1665380027081 | took 0ms | statement | connection 22| url jdbc:h2:mem:ad3a9e80-f26d-4a3e-9691-17f803db5723
call next value for hibernate_sequence
call next value for hibernate_sequence;
2022-10-10 14:33:47.081  INFO 4460 --- [    Test worker] c.j.r.FavoriteSpotQueryRepositoryTest    : favoriteSpot = FavoriteSpot(id=287, count=0)
2022-10-10 14:33:47.081  INFO 4460 --- [    Test worker] c.j.r.FavoriteSpotQueryRepositoryTest    : Spot = capstone.jejuTourrecommend.domain.Spot@4bbd9a1
2022-10-10 14:33:47.081  INFO 4460 --- [    Test worker] p6spy                                    : #1665380027081 | took 0ms | statement | connection 22| url jdbc:h2:mem:ad3a9e80-f26d-4a3e-9691-17f803db5723
call next value for hibernate_sequence
call next value for hibernate_sequence;
2022-10-10 14:33:47.081  INFO 4460 --- [    Test worker] p6spy                                    : #1665380027081 | took 0ms | statement | connection 22| url jdbc:h2:mem:ad3a9e80-f26d-4a3e-9691-17f803db5723
call next value for hibernate_sequence
call next value for hibernate_sequence;
2022-10-10 14:33:47.081  INFO 4460 --- [    Test worker] p6spy                                    : #1665380027081 | took 0ms | statement | connection 22| url jdbc:h2:mem:ad3a9e80-f26d-4a3e-9691-17f803db5723
call next value for hibernate_sequence
call next value for hibernate_sequence;
2022-10-10 14:33:47.081  INFO 4460 --- [    Test worker] p6spy                                    : #1665380027081 | took 0ms | statement | connection 22| url jdbc:h2:mem:ad3a9e80-f26d-4a3e-9691-17f803db5723
call next value for spot_seq
call next value for spot_seq;
2022-10-10 14:33:47.081  INFO 4460 --- [    Test worker] p6spy                                    : #1665380027081 | took 0ms | statement | connection 22| url jdbc:h2:mem:ad3a9e80-f26d-4a3e-9691-17f803db5723
call next value for hibernate_sequence
call next value for hibernate_sequence;
2022-10-10 14:33:47.081  INFO 4460 --- [    Test worker] p6spy                                    : #1665380027081 | took 0ms | statement | connection 22| url jdbc:h2:mem:ad3a9e80-f26d-4a3e-9691-17f803db5723
call next value for hibernate_sequence
call next value for hibernate_sequence;
2022-10-10 14:33:47.081  INFO 4460 --- [    Test worker] p6spy                                    : #1665380027081 | took 0ms | statement | connection 22| url jdbc:h2:mem:ad3a9e80-f26d-4a3e-9691-17f803db5723
call next value for hibernate_sequence
call next value for hibernate_sequence;
2022-10-10 14:33:47.081  INFO 4460 --- [    Test worker] p6spy                                    : #1665380027081 | took 0ms | statement | connection 22| url jdbc:h2:mem:ad3a9e80-f26d-4a3e-9691-17f803db5723
call next value for hibernate_sequence
call next value for hibernate_sequence;
2022-10-10 14:33:47.081  INFO 4460 --- [    Test worker] p6spy                                    : #1665380027081 | took 0ms | statement | connection 22| url jdbc:h2:mem:ad3a9e80-f26d-4a3e-9691-17f803db5723
call next value for hibernate_sequence
call next value for hibernate_sequence;
2022-10-10 14:33:47.082  INFO 4460 --- [    Test worker] c.j.r.FavoriteSpotQueryRepositoryTest    : favoriteSpot = FavoriteSpot(id=288, count=0)
2022-10-10 14:33:47.082  INFO 4460 --- [    Test worker] c.j.r.FavoriteSpotQueryRepositoryTest    : Spot = capstone.jejuTourrecommend.domain.Spot@5effe8a7
2022-10-10 14:33:47.082  INFO 4460 --- [    Test worker] p6spy                                    : #1665380027082 | took 0ms | statement | connection 22| url jdbc:h2:mem:ad3a9e80-f26d-4a3e-9691-17f803db5723
call next value for hibernate_sequence
call next value for hibernate_sequence;
2022-10-10 14:33:47.082  INFO 4460 --- [    Test worker] p6spy                                    : #1665380027082 | took 0ms | statement | connection 22| url jdbc:h2:mem:ad3a9e80-f26d-4a3e-9691-17f803db5723
call next value for hibernate_sequence
call next value for hibernate_sequence;
2022-10-10 14:33:47.082  INFO 4460 --- [    Test worker] p6spy                                    : #1665380027082 | took 0ms | statement | connection 22| url jdbc:h2:mem:ad3a9e80-f26d-4a3e-9691-17f803db5723
call next value for hibernate_sequence
call next value for hibernate_sequence;
2022-10-10 14:33:47.082  INFO 4460 --- [    Test worker] p6spy                                    : #1665380027082 | took 0ms | statement | connection 22| url jdbc:h2:mem:ad3a9e80-f26d-4a3e-9691-17f803db5723
call next value for hibernate_sequence
call next value for hibernate_sequence;
2022-10-10 14:33:47.082  INFO 4460 --- [    Test worker] p6spy                                    : #1665380027082 | took 0ms | statement | connection 22| url jdbc:h2:mem:ad3a9e80-f26d-4a3e-9691-17f803db5723
call next value for hibernate_sequence
call next value for hibernate_sequence;
2022-10-10 14:33:47.082  INFO 4460 --- [    Test worker] p6spy                                    : #1665380027082 | took 0ms | statement | connection 22| url jdbc:h2:mem:ad3a9e80-f26d-4a3e-9691-17f803db5723
call next value for hibernate_sequence
call next value for hibernate_sequence;
2022-10-10 14:33:47.082  INFO 4460 --- [    Test worker] p6spy                                    : #1665380027082 | took 0ms | statement | connection 22| url jdbc:h2:mem:ad3a9e80-f26d-4a3e-9691-17f803db5723
call next value for hibernate_sequence
call next value for hibernate_sequence;
2022-10-10 14:33:47.082  INFO 4460 --- [    Test worker] p6spy                                    : #1665380027082 | took 0ms | statement | connection 22| url jdbc:h2:mem:ad3a9e80-f26d-4a3e-9691-17f803db5723
call next value for hibernate_sequence
call next value for hibernate_sequence;
2022-10-10 14:33:47.082  INFO 4460 --- [    Test worker] c.j.r.FavoriteSpotQueryRepositoryTest    : favoriteSpot = FavoriteSpot(id=289, count=0)
2022-10-10 14:33:47.082  INFO 4460 --- [    Test worker] c.j.r.FavoriteSpotQueryRepositoryTest    : Spot = capstone.jejuTourrecommend.domain.Spot@75456112
2022-10-10 14:33:47.082  INFO 4460 --- [    Test worker] p6spy                                    : #1665380027082 | took 0ms | statement | connection 22| url jdbc:h2:mem:ad3a9e80-f26d-4a3e-9691-17f803db5723
call next value for hibernate_sequence
call next value for hibernate_sequence;
2022-10-10 14:33:47.082  INFO 4460 --- [    Test worker] p6spy                                    : #1665380027082 | took 0ms | statement | connection 22| url jdbc:h2:mem:ad3a9e80-f26d-4a3e-9691-17f803db5723
call next value for hibernate_sequence
call next value for hibernate_sequence;
2022-10-10 14:33:47.082  INFO 4460 --- [    Test worker] p6spy                                    : #1665380027082 | took 0ms | statement | connection 22| url jdbc:h2:mem:ad3a9e80-f26d-4a3e-9691-17f803db5723
call next value for hibernate_sequence
call next value for hibernate_sequence;
2022-10-10 14:33:47.082  INFO 4460 --- [    Test worker] p6spy                                    : #1665380027082 | took 0ms | statement | connection 22| url jdbc:h2:mem:ad3a9e80-f26d-4a3e-9691-17f803db5723
call next value for hibernate_sequence
call next value for hibernate_sequence;
2022-10-10 14:33:47.082  INFO 4460 --- [    Test worker] p6spy                                    : #1665380027082 | took 0ms | statement | connection 22| url jdbc:h2:mem:ad3a9e80-f26d-4a3e-9691-17f803db5723
call next value for hibernate_sequence
call next value for hibernate_sequence;
2022-10-10 14:33:47.082  INFO 4460 --- [    Test worker] p6spy                                    : #1665380027082 | took 0ms | statement | connection 22| url jdbc:h2:mem:ad3a9e80-f26d-4a3e-9691-17f803db5723
call next value for hibernate_sequence
call next value for hibernate_sequence;
2022-10-10 14:33:47.082  INFO 4460 --- [    Test worker] p6spy                                    : #1665380027082 | took 0ms | statement | connection 22| url jdbc:h2:mem:ad3a9e80-f26d-4a3e-9691-17f803db5723
call next value for hibernate_sequence
call next value for hibernate_sequence;
2022-10-10 14:33:47.082  INFO 4460 --- [    Test worker] p6spy                                    : #1665380027082 | took 0ms | statement | connection 22| url jdbc:h2:mem:ad3a9e80-f26d-4a3e-9691-17f803db5723
call next value for hibernate_sequence
call next value for hibernate_sequence;
2022-10-10 14:33:47.082  INFO 4460 --- [    Test worker] c.j.r.FavoriteSpotQueryRepositoryTest    : favoriteSpot = FavoriteSpot(id=290, count=0)
2022-10-10 14:33:47.082  INFO 4460 --- [    Test worker] c.j.r.FavoriteSpotQueryRepositoryTest    : Spot = capstone.jejuTourrecommend.domain.Spot@7f411735
2022-10-10 14:33:47.082  INFO 4460 --- [    Test worker] p6spy                                    : #1665380027082 | took 0ms | statement | connection 22| url jdbc:h2:mem:ad3a9e80-f26d-4a3e-9691-17f803db5723
call next value for hibernate_sequence
call next value for hibernate_sequence;
2022-10-10 14:33:47.082  INFO 4460 --- [    Test worker] p6spy                                    : #1665380027082 | took 0ms | statement | connection 22| url jdbc:h2:mem:ad3a9e80-f26d-4a3e-9691-17f803db5723
call next value for hibernate_sequence
call next value for hibernate_sequence;
2022-10-10 14:33:47.082  INFO 4460 --- [    Test worker] p6spy                                    : #1665380027082 | took 0ms | statement | connection 22| url jdbc:h2:mem:ad3a9e80-f26d-4a3e-9691-17f803db5723
call next value for hibernate_sequence
call next value for hibernate_sequence;
2022-10-10 14:33:47.082  INFO 4460 --- [    Test worker] p6spy                                    : #1665380027082 | took 0ms | statement | connection 22| url jdbc:h2:mem:ad3a9e80-f26d-4a3e-9691-17f803db5723
call next value for hibernate_sequence
call next value for hibernate_sequence;
2022-10-10 14:33:47.082  INFO 4460 --- [    Test worker] p6spy                                    : #1665380027082 | took 0ms | statement | connection 22| url jdbc:h2:mem:ad3a9e80-f26d-4a3e-9691-17f803db5723
call next value for hibernate_sequence
call next value for hibernate_sequence;
2022-10-10 14:33:47.082  INFO 4460 --- [    Test worker] p6spy                                    : #1665380027082 | took 0ms | statement | connection 22| url jdbc:h2:mem:ad3a9e80-f26d-4a3e-9691-17f803db5723
call next value for hibernate_sequence
call next value for hibernate_sequence;
2022-10-10 14:33:47.082  INFO 4460 --- [    Test worker] p6spy                                    : #1665380027082 | took 0ms | statement | connection 22| url jdbc:h2:mem:ad3a9e80-f26d-4a3e-9691-17f803db5723
call next value for hibernate_sequence
call next value for hibernate_sequence;
2022-10-10 14:33:47.082  INFO 4460 --- [    Test worker] p6spy                                    : #1665380027082 | took 0ms | statement | connection 22| url jdbc:h2:mem:ad3a9e80-f26d-4a3e-9691-17f803db5723
call next value for hibernate_sequence
call next value for hibernate_sequence;
2022-10-10 14:33:47.082  INFO 4460 --- [    Test worker] c.j.r.FavoriteSpotQueryRepositoryTest    : favoriteSpot = FavoriteSpot(id=291, count=0)
2022-10-10 14:33:47.082  INFO 4460 --- [    Test worker] c.j.r.FavoriteSpotQueryRepositoryTest    : Spot = capstone.jejuTourrecommend.domain.Spot@60ea4426
2022-10-10 14:33:47.082  INFO 4460 --- [    Test worker] p6spy                                    : #1665380027082 | took 0ms | statement | connection 22| url jdbc:h2:mem:ad3a9e80-f26d-4a3e-9691-17f803db5723
call next value for hibernate_sequence
call next value for hibernate_sequence;
2022-10-10 14:33:47.082  INFO 4460 --- [    Test worker] p6spy                                    : #1665380027082 | took 0ms | statement | connection 22| url jdbc:h2:mem:ad3a9e80-f26d-4a3e-9691-17f803db5723
call next value for hibernate_sequence
call next value for hibernate_sequence;
2022-10-10 14:33:47.082  INFO 4460 --- [    Test worker] p6spy                                    : #1665380027082 | took 0ms | statement | connection 22| url jdbc:h2:mem:ad3a9e80-f26d-4a3e-9691-17f803db5723
call next value for hibernate_sequence
call next value for hibernate_sequence;
2022-10-10 14:33:47.083  INFO 4460 --- [    Test worker] p6spy                                    : #1665380027083 | took 0ms | statement | connection 22| url jdbc:h2:mem:ad3a9e80-f26d-4a3e-9691-17f803db5723
call next value for hibernate_sequence
call next value for hibernate_sequence;
2022-10-10 14:33:47.083  INFO 4460 --- [    Test worker] p6spy                                    : #1665380027083 | took 0ms | statement | connection 22| url jdbc:h2:mem:ad3a9e80-f26d-4a3e-9691-17f803db5723
call next value for hibernate_sequence
call next value for hibernate_sequence;
2022-10-10 14:33:47.083  INFO 4460 --- [    Test worker] p6spy                                    : #1665380027083 | took 0ms | statement | connection 22| url jdbc:h2:mem:ad3a9e80-f26d-4a3e-9691-17f803db5723
call next value for hibernate_sequence
call next value for hibernate_sequence;
2022-10-10 14:33:47.083  INFO 4460 --- [    Test worker] p6spy                                    : #1665380027083 | took 0ms | statement | connection 22| url jdbc:h2:mem:ad3a9e80-f26d-4a3e-9691-17f803db5723
call next value for hibernate_sequence
call next value for hibernate_sequence;
2022-10-10 14:33:47.083  INFO 4460 --- [    Test worker] p6spy                                    : #1665380027083 | took 0ms | statement | connection 22| url jdbc:h2:mem:ad3a9e80-f26d-4a3e-9691-17f803db5723
call next value for hibernate_sequence
call next value for hibernate_sequence;
2022-10-10 14:33:47.083  INFO 4460 --- [    Test worker] c.j.r.FavoriteSpotQueryRepositoryTest    : favoriteSpot = FavoriteSpot(id=292, count=0)
2022-10-10 14:33:47.083  INFO 4460 --- [    Test worker] c.j.r.FavoriteSpotQueryRepositoryTest    : Spot = capstone.jejuTourrecommend.domain.Spot@17287617
2022-10-10 14:33:47.083  INFO 4460 --- [    Test worker] p6spy                                    : #1665380027083 | took 0ms | statement | connection 22| url jdbc:h2:mem:ad3a9e80-f26d-4a3e-9691-17f803db5723
call next value for hibernate_sequence
call next value for hibernate_sequence;
2022-10-10 14:33:47.083  INFO 4460 --- [    Test worker] p6spy                                    : #1665380027083 | took 0ms | statement | connection 22| url jdbc:h2:mem:ad3a9e80-f26d-4a3e-9691-17f803db5723
call next value for hibernate_sequence
call next value for hibernate_sequence;
2022-10-10 14:33:47.083  INFO 4460 --- [    Test worker] p6spy                                    : #1665380027083 | took 0ms | statement | connection 22| url jdbc:h2:mem:ad3a9e80-f26d-4a3e-9691-17f803db5723
call next value for hibernate_sequence
call next value for hibernate_sequence;
2022-10-10 14:33:47.083  INFO 4460 --- [    Test worker] p6spy                                    : #1665380027083 | took 0ms | statement | connection 22| url jdbc:h2:mem:ad3a9e80-f26d-4a3e-9691-17f803db5723
call next value for hibernate_sequence
call next value for hibernate_sequence;
2022-10-10 14:33:47.083  INFO 4460 --- [    Test worker] p6spy                                    : #1665380027083 | took 0ms | statement | connection 22| url jdbc:h2:mem:ad3a9e80-f26d-4a3e-9691-17f803db5723
call next value for hibernate_sequence
call next value for hibernate_sequence;
2022-10-10 14:33:47.083  INFO 4460 --- [    Test worker] p6spy                                    : #1665380027083 | took 0ms | statement | connection 22| url jdbc:h2:mem:ad3a9e80-f26d-4a3e-9691-17f803db5723
call next value for hibernate_sequence
call next value for hibernate_sequence;
2022-10-10 14:33:47.083  INFO 4460 --- [    Test worker] p6spy                                    : #1665380027083 | took 0ms | statement | connection 22| url jdbc:h2:mem:ad3a9e80-f26d-4a3e-9691-17f803db5723
call next value for hibernate_sequence
call next value for hibernate_sequence;
2022-10-10 14:33:47.083  INFO 4460 --- [    Test worker] p6spy                                    : #1665380027083 | took 0ms | statement | connection 22| url jdbc:h2:mem:ad3a9e80-f26d-4a3e-9691-17f803db5723
call next value for hibernate_sequence
call next value for hibernate_sequence;
2022-10-10 14:33:47.083  INFO 4460 --- [    Test worker] c.j.r.FavoriteSpotQueryRepositoryTest    : favoriteSpot = FavoriteSpot(id=293, count=0)
2022-10-10 14:33:47.083  INFO 4460 --- [    Test worker] c.j.r.FavoriteSpotQueryRepositoryTest    : Spot = capstone.jejuTourrecommend.domain.Spot@4d236a2b
2022-10-10 14:33:47.083  INFO 4460 --- [    Test worker] p6spy                                    : #1665380027083 | took 0ms | statement | connection 22| url jdbc:h2:mem:ad3a9e80-f26d-4a3e-9691-17f803db5723
call next value for hibernate_sequence
call next value for hibernate_sequence;
2022-10-10 14:33:47.083  INFO 4460 --- [    Test worker] p6spy                                    : #1665380027083 | took 0ms | statement | connection 22| url jdbc:h2:mem:ad3a9e80-f26d-4a3e-9691-17f803db5723
call next value for hibernate_sequence
call next value for hibernate_sequence;
2022-10-10 14:33:47.083  INFO 4460 --- [    Test worker] p6spy                                    : #1665380027083 | took 0ms | statement | connection 22| url jdbc:h2:mem:ad3a9e80-f26d-4a3e-9691-17f803db5723
call next value for hibernate_sequence
call next value for hibernate_sequence;
2022-10-10 14:33:47.083  INFO 4460 --- [    Test worker] p6spy                                    : #1665380027083 | took 0ms | statement | connection 22| url jdbc:h2:mem:ad3a9e80-f26d-4a3e-9691-17f803db5723
call next value for hibernate_sequence
call next value for hibernate_sequence;
2022-10-10 14:33:47.083  INFO 4460 --- [    Test worker] p6spy                                    : #1665380027083 | took 0ms | statement | connection 22| url jdbc:h2:mem:ad3a9e80-f26d-4a3e-9691-17f803db5723
call next value for hibernate_sequence
call next value for hibernate_sequence;
2022-10-10 14:33:47.083  INFO 4460 --- [    Test worker] p6spy                                    : #1665380027083 | took 0ms | statement | connection 22| url jdbc:h2:mem:ad3a9e80-f26d-4a3e-9691-17f803db5723
call next value for hibernate_sequence
call next value for hibernate_sequence;
2022-10-10 14:33:47.083  INFO 4460 --- [    Test worker] p6spy                                    : #1665380027083 | took 0ms | statement | connection 22| url jdbc:h2:mem:ad3a9e80-f26d-4a3e-9691-17f803db5723
call next value for hibernate_sequence
call next value for hibernate_sequence;
2022-10-10 14:33:47.083  INFO 4460 --- [    Test worker] p6spy                                    : #1665380027083 | took 0ms | statement | connection 22| url jdbc:h2:mem:ad3a9e80-f26d-4a3e-9691-17f803db5723
call next value for hibernate_sequence
call next value for hibernate_sequence;
2022-10-10 14:33:47.083  INFO 4460 --- [    Test worker] c.j.r.FavoriteSpotQueryRepositoryTest    : favoriteSpot = FavoriteSpot(id=294, count=0)
2022-10-10 14:33:47.083  INFO 4460 --- [    Test worker] c.j.r.FavoriteSpotQueryRepositoryTest    : Spot = capstone.jejuTourrecommend.domain.Spot@14075727
2022-10-10 14:33:47.083  INFO 4460 --- [    Test worker] p6spy                                    : #1665380027083 | took 0ms | statement | connection 22| url jdbc:h2:mem:ad3a9e80-f26d-4a3e-9691-17f803db5723
call next value for hibernate_sequence
call next value for hibernate_sequence;
2022-10-10 14:33:47.083  INFO 4460 --- [    Test worker] p6spy                                    : #1665380027083 | took 0ms | statement | connection 22| url jdbc:h2:mem:ad3a9e80-f26d-4a3e-9691-17f803db5723
call next value for hibernate_sequence
call next value for hibernate_sequence;
2022-10-10 14:33:47.083  INFO 4460 --- [    Test worker] p6spy                                    : #1665380027083 | took 0ms | statement | connection 22| url jdbc:h2:mem:ad3a9e80-f26d-4a3e-9691-17f803db5723
call next value for hibernate_sequence
call next value for hibernate_sequence;
2022-10-10 14:33:47.083  INFO 4460 --- [    Test worker] p6spy                                    : #1665380027083 | took 0ms | statement | connection 22| url jdbc:h2:mem:ad3a9e80-f26d-4a3e-9691-17f803db5723
call next value for hibernate_sequence
call next value for hibernate_sequence;
2022-10-10 14:33:47.083  INFO 4460 --- [    Test worker] p6spy                                    : #1665380027083 | took 0ms | statement | connection 22| url jdbc:h2:mem:ad3a9e80-f26d-4a3e-9691-17f803db5723
call next value for review_seq
call next value for review_seq;
2022-10-10 14:33:47.084  INFO 4460 --- [    Test worker] p6spy                                    : #1665380027084 | took 0ms | statement | connection 22| url jdbc:h2:mem:ad3a9e80-f26d-4a3e-9691-17f803db5723
call next value for hibernate_sequence
call next value for hibernate_sequence;
2022-10-10 14:33:47.084  INFO 4460 --- [    Test worker] p6spy                                    : #1665380027084 | took 0ms | statement | connection 22| url jdbc:h2:mem:ad3a9e80-f26d-4a3e-9691-17f803db5723
call next value for hibernate_sequence
call next value for hibernate_sequence;
2022-10-10 14:33:47.084  INFO 4460 --- [    Test worker] p6spy                                    : #1665380027084 | took 0ms | statement | connection 22| url jdbc:h2:mem:ad3a9e80-f26d-4a3e-9691-17f803db5723
call next value for hibernate_sequence
call next value for hibernate_sequence;
2022-10-10 14:33:47.084  INFO 4460 --- [    Test worker] p6spy                                    : #1665380027084 | took 0ms | statement | connection 22| url jdbc:h2:mem:ad3a9e80-f26d-4a3e-9691-17f803db5723
call next value for hibernate_sequence
call next value for hibernate_sequence;
2022-10-10 14:33:47.084  INFO 4460 --- [    Test worker] c.j.r.FavoriteSpotQueryRepositoryTest    : favoriteSpot = FavoriteSpot(id=295, count=0)
2022-10-10 14:33:47.084  INFO 4460 --- [    Test worker] c.j.r.FavoriteSpotQueryRepositoryTest    : Spot = capstone.jejuTourrecommend.domain.Spot@36b3240f
2022-10-10 14:33:47.084  INFO 4460 --- [    Test worker] p6spy                                    : #1665380027084 | took 0ms | statement | connection 22| url jdbc:h2:mem:ad3a9e80-f26d-4a3e-9691-17f803db5723
call next value for score_seq
call next value for score_seq;
2022-10-10 14:33:47.084  INFO 4460 --- [    Test worker] p6spy                                    : #1665380027084 | took 0ms | statement | connection 22| url jdbc:h2:mem:ad3a9e80-f26d-4a3e-9691-17f803db5723
call next value for hibernate_sequence
call next value for hibernate_sequence;
2022-10-10 14:33:47.084  INFO 4460 --- [    Test worker] p6spy                                    : #1665380027084 | took 0ms | statement | connection 22| url jdbc:h2:mem:ad3a9e80-f26d-4a3e-9691-17f803db5723
call next value for hibernate_sequence
call next value for hibernate_sequence;
2022-10-10 14:33:47.084  INFO 4460 --- [    Test worker] p6spy                                    : #1665380027084 | took 0ms | statement | connection 22| url jdbc:h2:mem:ad3a9e80-f26d-4a3e-9691-17f803db5723
call next value for hibernate_sequence
call next value for hibernate_sequence;
2022-10-10 14:33:47.084  INFO 4460 --- [    Test worker] p6spy                                    : #1665380027084 | took 0ms | statement | connection 22| url jdbc:h2:mem:ad3a9e80-f26d-4a3e-9691-17f803db5723
call next value for hibernate_sequence
call next value for hibernate_sequence;
2022-10-10 14:33:47.084  INFO 4460 --- [    Test worker] p6spy                                    : #1665380027084 | took 0ms | statement | connection 22| url jdbc:h2:mem:ad3a9e80-f26d-4a3e-9691-17f803db5723
call next value for hibernate_sequence
call next value for hibernate_sequence;
2022-10-10 14:33:47.084  INFO 4460 --- [    Test worker] p6spy                                    : #1665380027084 | took 0ms | statement | connection 22| url jdbc:h2:mem:ad3a9e80-f26d-4a3e-9691-17f803db5723
call next value for hibernate_sequence
call next value for hibernate_sequence;
2022-10-10 14:33:47.084  INFO 4460 --- [    Test worker] p6spy                                    : #1665380027084 | took 0ms | statement | connection 22| url jdbc:h2:mem:ad3a9e80-f26d-4a3e-9691-17f803db5723
call next value for hibernate_sequence
call next value for hibernate_sequence;
2022-10-10 14:33:47.084  INFO 4460 --- [    Test worker] p6spy                                    : #1665380027084 | took 0ms | statement | connection 22| url jdbc:h2:mem:ad3a9e80-f26d-4a3e-9691-17f803db5723
call next value for hibernate_sequence
call next value for hibernate_sequence;
2022-10-10 14:33:47.084  INFO 4460 --- [    Test worker] c.j.r.FavoriteSpotQueryRepositoryTest    : favoriteSpot = FavoriteSpot(id=296, count=0)
2022-10-10 14:33:47.084  INFO 4460 --- [    Test worker] c.j.r.FavoriteSpotQueryRepositoryTest    : Spot = capstone.jejuTourrecommend.domain.Spot@29dbf03f
2022-10-10 14:33:47.084  INFO 4460 --- [    Test worker] p6spy                                    : #1665380027084 | took 0ms | statement | connection 22| url jdbc:h2:mem:ad3a9e80-f26d-4a3e-9691-17f803db5723
call next value for hibernate_sequence
call next value for hibernate_sequence;
2022-10-10 14:33:47.084  INFO 4460 --- [    Test worker] p6spy                                    : #1665380027084 | took 0ms | statement | connection 22| url jdbc:h2:mem:ad3a9e80-f26d-4a3e-9691-17f803db5723
call next value for hibernate_sequence
call next value for hibernate_sequence;
2022-10-10 14:33:47.084  INFO 4460 --- [    Test worker] p6spy                                    : #1665380027084 | took 0ms | statement | connection 22| url jdbc:h2:mem:ad3a9e80-f26d-4a3e-9691-17f803db5723
call next value for hibernate_sequence
call next value for hibernate_sequence;
2022-10-10 14:33:47.084  INFO 4460 --- [    Test worker] p6spy                                    : #1665380027084 | took 0ms | statement | connection 22| url jdbc:h2:mem:ad3a9e80-f26d-4a3e-9691-17f803db5723
call next value for hibernate_sequence
call next value for hibernate_sequence;
2022-10-10 14:33:47.084  INFO 4460 --- [    Test worker] p6spy                                    : #1665380027084 | took 0ms | statement | connection 22| url jdbc:h2:mem:ad3a9e80-f26d-4a3e-9691-17f803db5723
call next value for hibernate_sequence
call next value for hibernate_sequence;
2022-10-10 14:33:47.084  INFO 4460 --- [    Test worker] p6spy                                    : #1665380027084 | took 0ms | statement | connection 22| url jdbc:h2:mem:ad3a9e80-f26d-4a3e-9691-17f803db5723
call next value for hibernate_sequence
call next value for hibernate_sequence;
2022-10-10 14:33:47.084  INFO 4460 --- [    Test worker] p6spy                                    : #1665380027084 | took 0ms | statement | connection 22| url jdbc:h2:mem:ad3a9e80-f26d-4a3e-9691-17f803db5723
call next value for hibernate_sequence
call next value for hibernate_sequence;
2022-10-10 14:33:47.084  INFO 4460 --- [    Test worker] p6spy                                    : #1665380027084 | took 0ms | statement | connection 22| url jdbc:h2:mem:ad3a9e80-f26d-4a3e-9691-17f803db5723
call next value for hibernate_sequence
call next value for hibernate_sequence;
2022-10-10 14:33:47.084  INFO 4460 --- [    Test worker] c.j.r.FavoriteSpotQueryRepositoryTest    : favoriteSpot = FavoriteSpot(id=297, count=0)
2022-10-10 14:33:47.084  INFO 4460 --- [    Test worker] c.j.r.FavoriteSpotQueryRepositoryTest    : Spot = capstone.jejuTourrecommend.domain.Spot@3bbd0a50
2022-10-10 14:33:47.084  INFO 4460 --- [    Test worker] p6spy                                    : #1665380027084 | took 0ms | statement | connection 22| url jdbc:h2:mem:ad3a9e80-f26d-4a3e-9691-17f803db5723
call next value for hibernate_sequence
call next value for hibernate_sequence;
2022-10-10 14:33:47.084  INFO 4460 --- [    Test worker] p6spy                                    : #1665380027084 | took 0ms | statement | connection 22| url jdbc:h2:mem:ad3a9e80-f26d-4a3e-9691-17f803db5723
call next value for hibernate_sequence
call next value for hibernate_sequence;
2022-10-10 14:33:47.084  INFO 4460 --- [    Test worker] p6spy                                    : #1665380027084 | took 0ms | statement | connection 22| url jdbc:h2:mem:ad3a9e80-f26d-4a3e-9691-17f803db5723
call next value for hibernate_sequence
call next value for hibernate_sequence;
2022-10-10 14:33:47.084  INFO 4460 --- [    Test worker] p6spy                                    : #1665380027084 | took 0ms | statement | connection 22| url jdbc:h2:mem:ad3a9e80-f26d-4a3e-9691-17f803db5723
call next value for hibernate_sequence
call next value for hibernate_sequence;
2022-10-10 14:33:47.084  INFO 4460 --- [    Test worker] p6spy                                    : #1665380027084 | took 0ms | statement | connection 22| url jdbc:h2:mem:ad3a9e80-f26d-4a3e-9691-17f803db5723
call next value for hibernate_sequence
call next value for hibernate_sequence;
2022-10-10 14:33:47.084  INFO 4460 --- [    Test worker] p6spy                                    : #1665380027084 | took 0ms | statement | connection 22| url jdbc:h2:mem:ad3a9e80-f26d-4a3e-9691-17f803db5723
call next value for hibernate_sequence
call next value for hibernate_sequence;
2022-10-10 14:33:47.084  INFO 4460 --- [    Test worker] p6spy                                    : #1665380027084 | took 0ms | statement | connection 22| url jdbc:h2:mem:ad3a9e80-f26d-4a3e-9691-17f803db5723
call next value for hibernate_sequence
call next value for hibernate_sequence;
2022-10-10 14:33:47.084  INFO 4460 --- [    Test worker] p6spy                                    : #1665380027084 | took 0ms | statement | connection 22| url jdbc:h2:mem:ad3a9e80-f26d-4a3e-9691-17f803db5723
call next value for hibernate_sequence
call next value for hibernate_sequence;
2022-10-10 14:33:47.084  INFO 4460 --- [    Test worker] c.j.r.FavoriteSpotQueryRepositoryTest    : favoriteSpot = FavoriteSpot(id=298, count=0)
2022-10-10 14:33:47.084  INFO 4460 --- [    Test worker] c.j.r.FavoriteSpotQueryRepositoryTest    : Spot = capstone.jejuTourrecommend.domain.Spot@6dfce79d
2022-10-10 14:33:47.084  INFO 4460 --- [    Test worker] p6spy                                    : #1665380027084 | took 0ms | statement | connection 22| url jdbc:h2:mem:ad3a9e80-f26d-4a3e-9691-17f803db5723
call next value for hibernate_sequence
call next value for hibernate_sequence;
2022-10-10 14:33:47.084  INFO 4460 --- [    Test worker] p6spy                                    : #1665380027084 | took 0ms | statement | connection 22| url jdbc:h2:mem:ad3a9e80-f26d-4a3e-9691-17f803db5723
call next value for hibernate_sequence
call next value for hibernate_sequence;
2022-10-10 14:33:47.085  INFO 4460 --- [    Test worker] p6spy                                    : #1665380027085 | took 0ms | statement | connection 22| url jdbc:h2:mem:ad3a9e80-f26d-4a3e-9691-17f803db5723
call next value for hibernate_sequence
call next value for hibernate_sequence;
2022-10-10 14:33:47.085  INFO 4460 --- [    Test worker] p6spy                                    : #1665380027085 | took 0ms | statement | connection 22| url jdbc:h2:mem:ad3a9e80-f26d-4a3e-9691-17f803db5723
call next value for hibernate_sequence
call next value for hibernate_sequence;
2022-10-10 14:33:47.085  INFO 4460 --- [    Test worker] p6spy                                    : #1665380027085 | took 0ms | statement | connection 22| url jdbc:h2:mem:ad3a9e80-f26d-4a3e-9691-17f803db5723
call next value for hibernate_sequence
call next value for hibernate_sequence;
2022-10-10 14:33:47.085  INFO 4460 --- [    Test worker] p6spy                                    : #1665380027085 | took 0ms | statement | connection 22| url jdbc:h2:mem:ad3a9e80-f26d-4a3e-9691-17f803db5723
call next value for hibernate_sequence
call next value for hibernate_sequence;
2022-10-10 14:33:47.085  INFO 4460 --- [    Test worker] p6spy                                    : #1665380027085 | took 0ms | statement | connection 22| url jdbc:h2:mem:ad3a9e80-f26d-4a3e-9691-17f803db5723
call next value for hibernate_sequence
call next value for hibernate_sequence;
2022-10-10 14:33:47.085  INFO 4460 --- [    Test worker] p6spy                                    : #1665380027085 | took 0ms | statement | connection 22| url jdbc:h2:mem:ad3a9e80-f26d-4a3e-9691-17f803db5723
call next value for hibernate_sequence
call next value for hibernate_sequence;
2022-10-10 14:33:47.085  INFO 4460 --- [    Test worker] c.j.r.FavoriteSpotQueryRepositoryTest    : favoriteSpot = FavoriteSpot(id=299, count=0)
2022-10-10 14:33:47.085  INFO 4460 --- [    Test worker] c.j.r.FavoriteSpotQueryRepositoryTest    : Spot = capstone.jejuTourrecommend.domain.Spot@3375c9fb
2022-10-10 14:33:47.085  INFO 4460 --- [    Test worker] p6spy                                    : #1665380027085 | took 0ms | statement | connection 22| url jdbc:h2:mem:ad3a9e80-f26d-4a3e-9691-17f803db5723
call next value for hibernate_sequence
call next value for hibernate_sequence;
2022-10-10 14:33:47.085  INFO 4460 --- [    Test worker] p6spy                                    : #1665380027085 | took 0ms | statement | connection 22| url jdbc:h2:mem:ad3a9e80-f26d-4a3e-9691-17f803db5723
call next value for hibernate_sequence
call next value for hibernate_sequence;
2022-10-10 14:33:47.085  INFO 4460 --- [    Test worker] p6spy                                    : #1665380027085 | took 0ms | statement | connection 22| url jdbc:h2:mem:ad3a9e80-f26d-4a3e-9691-17f803db5723
call next value for hibernate_sequence
call next value for hibernate_sequence;
2022-10-10 14:33:47.085  INFO 4460 --- [    Test worker] p6spy                                    : #1665380027085 | took 0ms | statement | connection 22| url jdbc:h2:mem:ad3a9e80-f26d-4a3e-9691-17f803db5723
call next value for hibernate_sequence
call next value for hibernate_sequence;
2022-10-10 14:33:47.085  INFO 4460 --- [    Test worker] p6spy                                    : #1665380027085 | took 0ms | statement | connection 22| url jdbc:h2:mem:ad3a9e80-f26d-4a3e-9691-17f803db5723
call next value for hibernate_sequence
call next value for hibernate_sequence;
2022-10-10 14:33:47.085  INFO 4460 --- [    Test worker] p6spy                                    : #1665380027085 | took 0ms | statement | connection 22| url jdbc:h2:mem:ad3a9e80-f26d-4a3e-9691-17f803db5723
call next value for hibernate_sequence
call next value for hibernate_sequence;
2022-10-10 14:33:47.085  INFO 4460 --- [    Test worker] p6spy                                    : #1665380027085 | took 0ms | statement | connection 22| url jdbc:h2:mem:ad3a9e80-f26d-4a3e-9691-17f803db5723
call next value for hibernate_sequence
call next value for hibernate_sequence;
2022-10-10 14:33:47.085  INFO 4460 --- [    Test worker] p6spy                                    : #1665380027085 | took 0ms | statement | connection 22| url jdbc:h2:mem:ad3a9e80-f26d-4a3e-9691-17f803db5723
call next value for hibernate_sequence
call next value for hibernate_sequence;
2022-10-10 14:33:47.085  INFO 4460 --- [    Test worker] c.j.r.FavoriteSpotQueryRepositoryTest    : favoriteSpot = FavoriteSpot(id=300, count=0)
2022-10-10 14:33:47.085  INFO 4460 --- [    Test worker] c.j.r.FavoriteSpotQueryRepositoryTest    : Spot = capstone.jejuTourrecommend.domain.Spot@79607189
2022-10-10 14:33:47.085  INFO 4460 --- [    Test worker] p6spy                                    : #1665380027085 | took 0ms | statement | connection 22| url jdbc:h2:mem:ad3a9e80-f26d-4a3e-9691-17f803db5723
call next value for hibernate_sequence
call next value for hibernate_sequence;
2022-10-10 14:33:47.085  INFO 4460 --- [    Test worker] p6spy                                    : #1665380027085 | took 0ms | statement | connection 22| url jdbc:h2:mem:ad3a9e80-f26d-4a3e-9691-17f803db5723
call next value for hibernate_sequence
call next value for hibernate_sequence;
2022-10-10 14:33:47.085  INFO 4460 --- [    Test worker] p6spy                                    : #1665380027085 | took 0ms | statement | connection 22| url jdbc:h2:mem:ad3a9e80-f26d-4a3e-9691-17f803db5723
call next value for hibernate_sequence
call next value for hibernate_sequence;
2022-10-10 14:33:47.085  INFO 4460 --- [    Test worker] p6spy                                    : #1665380027085 | took 0ms | statement | connection 22| url jdbc:h2:mem:ad3a9e80-f26d-4a3e-9691-17f803db5723
call next value for hibernate_sequence
call next value for hibernate_sequence;
2022-10-10 14:33:47.085  INFO 4460 --- [    Test worker] p6spy                                    : #1665380027085 | took 0ms | statement | connection 22| url jdbc:h2:mem:ad3a9e80-f26d-4a3e-9691-17f803db5723
call next value for hibernate_sequence
call next value for hibernate_sequence;
2022-10-10 14:33:47.085  INFO 4460 --- [    Test worker] p6spy                                    : #1665380027085 | took 0ms | statement | connection 22| url jdbc:h2:mem:ad3a9e80-f26d-4a3e-9691-17f803db5723
call next value for hibernate_sequence
call next value for hibernate_sequence;
2022-10-10 14:33:47.085  INFO 4460 --- [    Test worker] p6spy                                    : #1665380027085 | took 0ms | statement | connection 22| url jdbc:h2:mem:ad3a9e80-f26d-4a3e-9691-17f803db5723
call next value for hibernate_sequence
call next value for hibernate_sequence;
2022-10-10 14:33:47.085  INFO 4460 --- [    Test worker] p6spy                                    : #1665380027085 | took 0ms | statement | connection 22| url jdbc:h2:mem:ad3a9e80-f26d-4a3e-9691-17f803db5723
call next value for hibernate_sequence
call next value for hibernate_sequence;
2022-10-10 14:33:47.085  INFO 4460 --- [    Test worker] c.j.r.FavoriteSpotQueryRepositoryTest    : favoriteSpot = FavoriteSpot(id=301, count=0)
2022-10-10 14:33:47.085  INFO 4460 --- [    Test worker] c.j.r.FavoriteSpotQueryRepositoryTest    : Spot = capstone.jejuTourrecommend.domain.Spot@19469022
2022-10-10 14:33:47.085  INFO 4460 --- [    Test worker] p6spy                                    : #1665380027085 | took 0ms | statement | connection 22| url jdbc:h2:mem:ad3a9e80-f26d-4a3e-9691-17f803db5723
call next value for hibernate_sequence
call next value for hibernate_sequence;
2022-10-10 14:33:47.085  INFO 4460 --- [    Test worker] p6spy                                    : #1665380027085 | took 0ms | statement | connection 22| url jdbc:h2:mem:ad3a9e80-f26d-4a3e-9691-17f803db5723
call next value for hibernate_sequence
call next value for hibernate_sequence;
2022-10-10 14:33:47.085  INFO 4460 --- [    Test worker] p6spy                                    : #1665380027085 | took 0ms | statement | connection 22| url jdbc:h2:mem:ad3a9e80-f26d-4a3e-9691-17f803db5723
call next value for hibernate_sequence
call next value for hibernate_sequence;
2022-10-10 14:33:47.085  INFO 4460 --- [    Test worker] p6spy                                    : #1665380027085 | took 0ms | statement | connection 22| url jdbc:h2:mem:ad3a9e80-f26d-4a3e-9691-17f803db5723
call next value for hibernate_sequence
call next value for hibernate_sequence;
2022-10-10 14:33:47.085  INFO 4460 --- [    Test worker] p6spy                                    : #1665380027085 | took 0ms | statement | connection 22| url jdbc:h2:mem:ad3a9e80-f26d-4a3e-9691-17f803db5723
call next value for hibernate_sequence
call next value for hibernate_sequence;
2022-10-10 14:33:47.085  INFO 4460 --- [    Test worker] p6spy                                    : #1665380027085 | took 0ms | statement | connection 22| url jdbc:h2:mem:ad3a9e80-f26d-4a3e-9691-17f803db5723
call next value for hibernate_sequence
call next value for hibernate_sequence;
2022-10-10 14:33:47.086  INFO 4460 --- [    Test worker] p6spy                                    : #1665380027086 | took 0ms | statement | connection 22| url jdbc:h2:mem:ad3a9e80-f26d-4a3e-9691-17f803db5723
call next value for hibernate_sequence
call next value for hibernate_sequence;
2022-10-10 14:33:47.086  INFO 4460 --- [    Test worker] p6spy                                    : #1665380027086 | took 0ms | statement | connection 22| url jdbc:h2:mem:ad3a9e80-f26d-4a3e-9691-17f803db5723
call next value for hibernate_sequence
call next value for hibernate_sequence;
2022-10-10 14:33:47.086  INFO 4460 --- [    Test worker] p6spy                                    : #1665380027086 | took 0ms | statement | connection 22| url jdbc:h2:mem:ad3a9e80-f26d-4a3e-9691-17f803db5723
call next value for favoritespot_seq
call next value for favoritespot_seq;
2022-10-10 14:33:47.086  INFO 4460 --- [    Test worker] c.j.r.FavoriteSpotQueryRepositoryTest    : favoriteSpot = FavoriteSpot(id=302, count=0)
2022-10-10 14:33:47.086  INFO 4460 --- [    Test worker] c.j.r.FavoriteSpotQueryRepositoryTest    : Spot = capstone.jejuTourrecommend.domain.Spot@55a68cb9
2022-10-10 14:33:47.086  INFO 4460 --- [    Test worker] p6spy                                    : #1665380027086 | took 0ms | statement | connection 22| url jdbc:h2:mem:ad3a9e80-f26d-4a3e-9691-17f803db5723
call next value for hibernate_sequence
call next value for hibernate_sequence;
2022-10-10 14:33:47.086  INFO 4460 --- [    Test worker] p6spy                                    : #1665380027086 | took 0ms | statement | connection 22| url jdbc:h2:mem:ad3a9e80-f26d-4a3e-9691-17f803db5723
call next value for hibernate_sequence
call next value for hibernate_sequence;
2022-10-10 14:33:47.086  INFO 4460 --- [    Test worker] p6spy                                    : #1665380027086 | took 0ms | statement | connection 22| url jdbc:h2:mem:ad3a9e80-f26d-4a3e-9691-17f803db5723
call next value for hibernate_sequence
call next value for hibernate_sequence;
2022-10-10 14:33:47.086  INFO 4460 --- [    Test worker] p6spy                                    : #1665380027086 | took 0ms | statement | connection 22| url jdbc:h2:mem:ad3a9e80-f26d-4a3e-9691-17f803db5723
call next value for hibernate_sequence
call next value for hibernate_sequence;
2022-10-10 14:33:47.086  INFO 4460 --- [    Test worker] p6spy                                    : #1665380027086 | took 0ms | statement | connection 22| url jdbc:h2:mem:ad3a9e80-f26d-4a3e-9691-17f803db5723
call next value for hibernate_sequence
call next value for hibernate_sequence;
2022-10-10 14:33:47.086  INFO 4460 --- [    Test worker] p6spy                                    : #1665380027086 | took 0ms | statement | connection 22| url jdbc:h2:mem:ad3a9e80-f26d-4a3e-9691-17f803db5723
call next value for hibernate_sequence
call next value for hibernate_sequence;
2022-10-10 14:33:47.086  INFO 4460 --- [    Test worker] p6spy                                    : #1665380027086 | took 0ms | statement | connection 22| url jdbc:h2:mem:ad3a9e80-f26d-4a3e-9691-17f803db5723
call next value for hibernate_sequence
call next value for hibernate_sequence;
2022-10-10 14:33:47.086  INFO 4460 --- [    Test worker] p6spy                                    : #1665380027086 | took 0ms | statement | connection 22| url jdbc:h2:mem:ad3a9e80-f26d-4a3e-9691-17f803db5723
call next value for hibernate_sequence
call next value for hibernate_sequence;
2022-10-10 14:33:47.086  INFO 4460 --- [    Test worker] c.j.r.FavoriteSpotQueryRepositoryTest    : favoriteSpot = FavoriteSpot(id=303, count=0)
2022-10-10 14:33:47.086  INFO 4460 --- [    Test worker] c.j.r.FavoriteSpotQueryRepositoryTest    : Spot = capstone.jejuTourrecommend.domain.Spot@5e8d57d3
2022-10-10 14:33:47.086  INFO 4460 --- [    Test worker] p6spy                                    : #1665380027086 | took 0ms | statement | connection 22| url jdbc:h2:mem:ad3a9e80-f26d-4a3e-9691-17f803db5723
call next value for hibernate_sequence
call next value for hibernate_sequence;
2022-10-10 14:33:47.086  INFO 4460 --- [    Test worker] p6spy                                    : #1665380027086 | took 0ms | statement | connection 22| url jdbc:h2:mem:ad3a9e80-f26d-4a3e-9691-17f803db5723
call next value for hibernate_sequence
call next value for hibernate_sequence;
2022-10-10 14:33:47.086  INFO 4460 --- [    Test worker] p6spy                                    : #1665380027086 | took 0ms | statement | connection 22| url jdbc:h2:mem:ad3a9e80-f26d-4a3e-9691-17f803db5723
call next value for hibernate_sequence
call next value for hibernate_sequence;
2022-10-10 14:33:47.086  INFO 4460 --- [    Test worker] p6spy                                    : #1665380027086 | took 0ms | statement | connection 22| url jdbc:h2:mem:ad3a9e80-f26d-4a3e-9691-17f803db5723
call next value for hibernate_sequence
call next value for hibernate_sequence;
2022-10-10 14:33:47.086  INFO 4460 --- [    Test worker] p6spy                                    : #1665380027086 | took 0ms | statement | connection 22| url jdbc:h2:mem:ad3a9e80-f26d-4a3e-9691-17f803db5723
call next value for hibernate_sequence
call next value for hibernate_sequence;
2022-10-10 14:33:47.086  INFO 4460 --- [    Test worker] p6spy                                    : #1665380027086 | took 0ms | statement | connection 22| url jdbc:h2:mem:ad3a9e80-f26d-4a3e-9691-17f803db5723
call next value for hibernate_sequence
call next value for hibernate_sequence;
2022-10-10 14:33:47.086  INFO 4460 --- [    Test worker] p6spy                                    : #1665380027086 | took 0ms | statement | connection 22| url jdbc:h2:mem:ad3a9e80-f26d-4a3e-9691-17f803db5723
call next value for hibernate_sequence
call next value for hibernate_sequence;
2022-10-10 14:33:47.086  INFO 4460 --- [    Test worker] p6spy                                    : #1665380027086 | took 0ms | statement | connection 22| url jdbc:h2:mem:ad3a9e80-f26d-4a3e-9691-17f803db5723
call next value for hibernate_sequence
call next value for hibernate_sequence;
2022-10-10 14:33:47.086  INFO 4460 --- [    Test worker] c.j.r.FavoriteSpotQueryRepositoryTest    : favoriteSpot = FavoriteSpot(id=304, count=0)
2022-10-10 14:33:47.086  INFO 4460 --- [    Test worker] c.j.r.FavoriteSpotQueryRepositoryTest    : Spot = capstone.jejuTourrecommend.domain.Spot@544a93b0
2022-10-10 14:33:47.086  INFO 4460 --- [    Test worker] p6spy                                    : #1665380027086 | took 0ms | statement | connection 22| url jdbc:h2:mem:ad3a9e80-f26d-4a3e-9691-17f803db5723
call next value for hibernate_sequence
call next value for hibernate_sequence;
2022-10-10 14:33:47.086  INFO 4460 --- [    Test worker] p6spy                                    : #1665380027086 | took 0ms | statement | connection 22| url jdbc:h2:mem:ad3a9e80-f26d-4a3e-9691-17f803db5723
call next value for hibernate_sequence
call next value for hibernate_sequence;
2022-10-10 14:33:47.086  INFO 4460 --- [    Test worker] p6spy                                    : #1665380027086 | took 0ms | statement | connection 22| url jdbc:h2:mem:ad3a9e80-f26d-4a3e-9691-17f803db5723
call next value for hibernate_sequence
call next value for hibernate_sequence;
2022-10-10 14:33:47.086  INFO 4460 --- [    Test worker] p6spy                                    : #1665380027086 | took 0ms | statement | connection 22| url jdbc:h2:mem:ad3a9e80-f26d-4a3e-9691-17f803db5723
call next value for hibernate_sequence
call next value for hibernate_sequence;
2022-10-10 14:33:47.086  INFO 4460 --- [    Test worker] p6spy                                    : #1665380027086 | took 0ms | statement | connection 22| url jdbc:h2:mem:ad3a9e80-f26d-4a3e-9691-17f803db5723
call next value for hibernate_sequence
call next value for hibernate_sequence;
2022-10-10 14:33:47.086  INFO 4460 --- [    Test worker] p6spy                                    : #1665380027086 | took 0ms | statement | connection 22| url jdbc:h2:mem:ad3a9e80-f26d-4a3e-9691-17f803db5723
call next value for hibernate_sequence
call next value for hibernate_sequence;
2022-10-10 14:33:47.086  INFO 4460 --- [    Test worker] p6spy                                    : #1665380027086 | took 0ms | statement | connection 22| url jdbc:h2:mem:ad3a9e80-f26d-4a3e-9691-17f803db5723
call next value for hibernate_sequence
call next value for hibernate_sequence;
2022-10-10 14:33:47.086  INFO 4460 --- [    Test worker] p6spy                                    : #1665380027086 | took 0ms | statement | connection 22| url jdbc:h2:mem:ad3a9e80-f26d-4a3e-9691-17f803db5723
call next value for hibernate_sequence
call next value for hibernate_sequence;
2022-10-10 14:33:47.087  INFO 4460 --- [    Test worker] c.j.r.FavoriteSpotQueryRepositoryTest    : favoriteSpot = FavoriteSpot(id=305, count=0)
2022-10-10 14:33:47.087  INFO 4460 --- [    Test worker] c.j.r.FavoriteSpotQueryRepositoryTest    : Spot = capstone.jejuTourrecommend.domain.Spot@32497957
2022-10-10 14:33:47.087  INFO 4460 --- [    Test worker] p6spy                                    : #1665380027087 | took 0ms | statement | connection 22| url jdbc:h2:mem:ad3a9e80-f26d-4a3e-9691-17f803db5723
call next value for hibernate_sequence
call next value for hibernate_sequence;
2022-10-10 14:33:47.087  INFO 4460 --- [    Test worker] p6spy                                    : #1665380027087 | took 0ms | statement | connection 22| url jdbc:h2:mem:ad3a9e80-f26d-4a3e-9691-17f803db5723
call next value for hibernate_sequence
call next value for hibernate_sequence;
2022-10-10 14:33:47.087  INFO 4460 --- [    Test worker] p6spy                                    : #1665380027087 | took 0ms | statement | connection 22| url jdbc:h2:mem:ad3a9e80-f26d-4a3e-9691-17f803db5723
call next value for hibernate_sequence
call next value for hibernate_sequence;
2022-10-10 14:33:47.087  INFO 4460 --- [    Test worker] p6spy                                    : #1665380027087 | took 0ms | statement | connection 22| url jdbc:h2:mem:ad3a9e80-f26d-4a3e-9691-17f803db5723
call next value for hibernate_sequence
call next value for hibernate_sequence;
2022-10-10 14:33:47.087  INFO 4460 --- [    Test worker] p6spy                                    : #1665380027087 | took 0ms | statement | connection 22| url jdbc:h2:mem:ad3a9e80-f26d-4a3e-9691-17f803db5723
call next value for hibernate_sequence
call next value for hibernate_sequence;
2022-10-10 14:33:47.087  INFO 4460 --- [    Test worker] p6spy                                    : #1665380027087 | took 0ms | statement | connection 22| url jdbc:h2:mem:ad3a9e80-f26d-4a3e-9691-17f803db5723
call next value for hibernate_sequence
call next value for hibernate_sequence;
2022-10-10 14:33:47.087  INFO 4460 --- [    Test worker] p6spy                                    : #1665380027087 | took 0ms | statement | connection 22| url jdbc:h2:mem:ad3a9e80-f26d-4a3e-9691-17f803db5723
call next value for hibernate_sequence
call next value for hibernate_sequence;
2022-10-10 14:33:47.087  INFO 4460 --- [    Test worker] p6spy                                    : #1665380027087 | took 0ms | statement | connection 22| url jdbc:h2:mem:ad3a9e80-f26d-4a3e-9691-17f803db5723
call next value for hibernate_sequence
call next value for hibernate_sequence;
2022-10-10 14:33:47.087  INFO 4460 --- [    Test worker] c.j.r.FavoriteSpotQueryRepositoryTest    : favoriteSpot = FavoriteSpot(id=306, count=0)
2022-10-10 14:33:47.087  INFO 4460 --- [    Test worker] c.j.r.FavoriteSpotQueryRepositoryTest    : Spot = capstone.jejuTourrecommend.domain.Spot@4b6d2b19
2022-10-10 14:33:47.087  INFO 4460 --- [    Test worker] p6spy                                    : #1665380027087 | took 0ms | statement | connection 22| url jdbc:h2:mem:ad3a9e80-f26d-4a3e-9691-17f803db5723
call next value for hibernate_sequence
call next value for hibernate_sequence;
2022-10-10 14:33:47.087  INFO 4460 --- [    Test worker] p6spy                                    : #1665380027087 | took 0ms | statement | connection 22| url jdbc:h2:mem:ad3a9e80-f26d-4a3e-9691-17f803db5723
call next value for hibernate_sequence
call next value for hibernate_sequence;
2022-10-10 14:33:47.087  INFO 4460 --- [    Test worker] p6spy                                    : #1665380027087 | took 0ms | statement | connection 22| url jdbc:h2:mem:ad3a9e80-f26d-4a3e-9691-17f803db5723
call next value for hibernate_sequence
call next value for hibernate_sequence;
2022-10-10 14:33:47.087  INFO 4460 --- [    Test worker] p6spy                                    : #1665380027087 | took 0ms | statement | connection 22| url jdbc:h2:mem:ad3a9e80-f26d-4a3e-9691-17f803db5723
call next value for hibernate_sequence
call next value for hibernate_sequence;
2022-10-10 14:33:47.087  INFO 4460 --- [    Test worker] p6spy                                    : #1665380027087 | took 0ms | statement | connection 22| url jdbc:h2:mem:ad3a9e80-f26d-4a3e-9691-17f803db5723
call next value for hibernate_sequence
call next value for hibernate_sequence;
2022-10-10 14:33:47.087  INFO 4460 --- [    Test worker] p6spy                                    : #1665380027087 | took 0ms | statement | connection 22| url jdbc:h2:mem:ad3a9e80-f26d-4a3e-9691-17f803db5723
call next value for hibernate_sequence
call next value for hibernate_sequence;
2022-10-10 14:33:47.087  INFO 4460 --- [    Test worker] p6spy                                    : #1665380027087 | took 0ms | statement | connection 22| url jdbc:h2:mem:ad3a9e80-f26d-4a3e-9691-17f803db5723
call next value for hibernate_sequence
call next value for hibernate_sequence;
2022-10-10 14:33:47.087  INFO 4460 --- [    Test worker] p6spy                                    : #1665380027087 | took 0ms | statement | connection 22| url jdbc:h2:mem:ad3a9e80-f26d-4a3e-9691-17f803db5723
call next value for hibernate_sequence
call next value for hibernate_sequence;
2022-10-10 14:33:47.087  INFO 4460 --- [    Test worker] c.j.r.FavoriteSpotQueryRepositoryTest    : favoriteSpot = FavoriteSpot(id=307, count=0)
2022-10-10 14:33:47.087  INFO 4460 --- [    Test worker] c.j.r.FavoriteSpotQueryRepositoryTest    : Spot = capstone.jejuTourrecommend.domain.Spot@528497cc
2022-10-10 14:33:47.087  INFO 4460 --- [    Test worker] p6spy                                    : #1665380027087 | took 0ms | statement | connection 22| url jdbc:h2:mem:ad3a9e80-f26d-4a3e-9691-17f803db5723
call next value for hibernate_sequence
call next value for hibernate_sequence;
2022-10-10 14:33:47.087  INFO 4460 --- [    Test worker] p6spy                                    : #1665380027087 | took 0ms | statement | connection 22| url jdbc:h2:mem:ad3a9e80-f26d-4a3e-9691-17f803db5723
call next value for hibernate_sequence
call next value for hibernate_sequence;
2022-10-10 14:33:47.087  INFO 4460 --- [    Test worker] p6spy                                    : #1665380027087 | took 0ms | statement | connection 22| url jdbc:h2:mem:ad3a9e80-f26d-4a3e-9691-17f803db5723
call next value for hibernate_sequence
call next value for hibernate_sequence;
2022-10-10 14:33:47.087  INFO 4460 --- [    Test worker] p6spy                                    : #1665380027087 | took 0ms | statement | connection 22| url jdbc:h2:mem:ad3a9e80-f26d-4a3e-9691-17f803db5723
call next value for hibernate_sequence
call next value for hibernate_sequence;
2022-10-10 14:33:47.087  INFO 4460 --- [    Test worker] p6spy                                    : #1665380027087 | took 0ms | statement | connection 22| url jdbc:h2:mem:ad3a9e80-f26d-4a3e-9691-17f803db5723
call next value for hibernate_sequence
call next value for hibernate_sequence;
2022-10-10 14:33:47.087  INFO 4460 --- [    Test worker] p6spy                                    : #1665380027087 | took 0ms | statement | connection 22| url jdbc:h2:mem:ad3a9e80-f26d-4a3e-9691-17f803db5723
call next value for hibernate_sequence
call next value for hibernate_sequence;
2022-10-10 14:33:47.087  INFO 4460 --- [    Test worker] p6spy                                    : #1665380027087 | took 0ms | statement | connection 22| url jdbc:h2:mem:ad3a9e80-f26d-4a3e-9691-17f803db5723
call next value for hibernate_sequence
call next value for hibernate_sequence;
2022-10-10 14:33:47.087  INFO 4460 --- [    Test worker] p6spy                                    : #1665380027087 | took 0ms | statement | connection 22| url jdbc:h2:mem:ad3a9e80-f26d-4a3e-9691-17f803db5723
call next value for hibernate_sequence
call next value for hibernate_sequence;
2022-10-10 14:33:47.087  INFO 4460 --- [    Test worker] c.j.r.FavoriteSpotQueryRepositoryTest    : favoriteSpot = FavoriteSpot(id=308, count=0)
2022-10-10 14:33:47.087  INFO 4460 --- [    Test worker] c.j.r.FavoriteSpotQueryRepositoryTest    : Spot = capstone.jejuTourrecommend.domain.Spot@3ec616af
2022-10-10 14:33:47.087  INFO 4460 --- [    Test worker] p6spy                                    : #1665380027087 | took 0ms | statement | connection 22| url jdbc:h2:mem:ad3a9e80-f26d-4a3e-9691-17f803db5723
call next value for hibernate_sequence
call next value for hibernate_sequence;
2022-10-10 14:33:47.087  INFO 4460 --- [    Test worker] p6spy                                    : #1665380027087 | took 0ms | statement | connection 22| url jdbc:h2:mem:ad3a9e80-f26d-4a3e-9691-17f803db5723
call next value for hibernate_sequence
call next value for hibernate_sequence;
2022-10-10 14:33:47.088  INFO 4460 --- [    Test worker] p6spy                                    : #1665380027088 | took 0ms | statement | connection 22| url jdbc:h2:mem:ad3a9e80-f26d-4a3e-9691-17f803db5723
call next value for hibernate_sequence
call next value for hibernate_sequence;
2022-10-10 14:33:47.088  INFO 4460 --- [    Test worker] p6spy                                    : #1665380027088 | took 0ms | statement | connection 22| url jdbc:h2:mem:ad3a9e80-f26d-4a3e-9691-17f803db5723
call next value for hibernate_sequence
call next value for hibernate_sequence;
2022-10-10 14:33:47.088  INFO 4460 --- [    Test worker] p6spy                                    : #1665380027088 | took 0ms | statement | connection 22| url jdbc:h2:mem:ad3a9e80-f26d-4a3e-9691-17f803db5723
call next value for hibernate_sequence
call next value for hibernate_sequence;
2022-10-10 14:33:47.088  INFO 4460 --- [    Test worker] p6spy                                    : #1665380027088 | took 0ms | statement | connection 22| url jdbc:h2:mem:ad3a9e80-f26d-4a3e-9691-17f803db5723
call next value for hibernate_sequence
call next value for hibernate_sequence;
2022-10-10 14:33:47.088  INFO 4460 --- [    Test worker] p6spy                                    : #1665380027088 | took 0ms | statement | connection 22| url jdbc:h2:mem:ad3a9e80-f26d-4a3e-9691-17f803db5723
call next value for hibernate_sequence
call next value for hibernate_sequence;
2022-10-10 14:33:47.088  INFO 4460 --- [    Test worker] p6spy                                    : #1665380027088 | took 0ms | statement | connection 22| url jdbc:h2:mem:ad3a9e80-f26d-4a3e-9691-17f803db5723
call next value for hibernate_sequence
call next value for hibernate_sequence;
2022-10-10 14:33:47.088  INFO 4460 --- [    Test worker] c.j.r.FavoriteSpotQueryRepositoryTest    : favoriteSpot = FavoriteSpot(id=309, count=0)
2022-10-10 14:33:47.088  INFO 4460 --- [    Test worker] c.j.r.FavoriteSpotQueryRepositoryTest    : Spot = capstone.jejuTourrecommend.domain.Spot@3fabd4e2
2022-10-10 14:33:47.088  INFO 4460 --- [    Test worker] p6spy                                    : #1665380027088 | took 0ms | statement | connection 22| url jdbc:h2:mem:ad3a9e80-f26d-4a3e-9691-17f803db5723
call next value for hibernate_sequence
call next value for hibernate_sequence;
2022-10-10 14:33:47.088  INFO 4460 --- [    Test worker] p6spy                                    : #1665380027088 | took 0ms | statement | connection 22| url jdbc:h2:mem:ad3a9e80-f26d-4a3e-9691-17f803db5723
call next value for hibernate_sequence
call next value for hibernate_sequence;
2022-10-10 14:33:47.088  INFO 4460 --- [    Test worker] p6spy                                    : #1665380027088 | took 0ms | statement | connection 22| url jdbc:h2:mem:ad3a9e80-f26d-4a3e-9691-17f803db5723
call next value for hibernate_sequence
call next value for hibernate_sequence;
2022-10-10 14:33:47.088  INFO 4460 --- [    Test worker] p6spy                                    : #1665380027088 | took 0ms | statement | connection 22| url jdbc:h2:mem:ad3a9e80-f26d-4a3e-9691-17f803db5723
call next value for hibernate_sequence
call next value for hibernate_sequence;
2022-10-10 14:33:47.088  INFO 4460 --- [    Test worker] p6spy                                    : #1665380027088 | took 0ms | statement | connection 22| url jdbc:h2:mem:ad3a9e80-f26d-4a3e-9691-17f803db5723
call next value for hibernate_sequence
call next value for hibernate_sequence;
2022-10-10 14:33:47.088  INFO 4460 --- [    Test worker] p6spy                                    : #1665380027088 | took 0ms | statement | connection 22| url jdbc:h2:mem:ad3a9e80-f26d-4a3e-9691-17f803db5723
call next value for hibernate_sequence
call next value for hibernate_sequence;
2022-10-10 14:33:47.088  INFO 4460 --- [    Test worker] p6spy                                    : #1665380027088 | took 0ms | statement | connection 22| url jdbc:h2:mem:ad3a9e80-f26d-4a3e-9691-17f803db5723
call next value for hibernate_sequence
call next value for hibernate_sequence;
2022-10-10 14:33:47.088  INFO 4460 --- [    Test worker] p6spy                                    : #1665380027088 | took 0ms | statement | connection 22| url jdbc:h2:mem:ad3a9e80-f26d-4a3e-9691-17f803db5723
call next value for hibernate_sequence
call next value for hibernate_sequence;
2022-10-10 14:33:47.088  INFO 4460 --- [    Test worker] c.j.r.FavoriteSpotQueryRepositoryTest    : favoriteSpot = FavoriteSpot(id=310, count=0)
2022-10-10 14:33:47.088  INFO 4460 --- [    Test worker] c.j.r.FavoriteSpotQueryRepositoryTest    : Spot = capstone.jejuTourrecommend.domain.Spot@20fe006e
2022-10-10 14:33:47.088  INFO 4460 --- [    Test worker] p6spy                                    : #1665380027088 | took 0ms | statement | connection 22| url jdbc:h2:mem:ad3a9e80-f26d-4a3e-9691-17f803db5723
call next value for hibernate_sequence
call next value for hibernate_sequence;
2022-10-10 14:33:47.088  INFO 4460 --- [    Test worker] p6spy                                    : #1665380027088 | took 0ms | statement | connection 22| url jdbc:h2:mem:ad3a9e80-f26d-4a3e-9691-17f803db5723
call next value for hibernate_sequence
call next value for hibernate_sequence;
2022-10-10 14:33:47.088  INFO 4460 --- [    Test worker] p6spy                                    : #1665380027088 | took 0ms | statement | connection 22| url jdbc:h2:mem:ad3a9e80-f26d-4a3e-9691-17f803db5723
call next value for hibernate_sequence
call next value for hibernate_sequence;
2022-10-10 14:33:47.088  INFO 4460 --- [    Test worker] p6spy                                    : #1665380027088 | took 0ms | statement | connection 22| url jdbc:h2:mem:ad3a9e80-f26d-4a3e-9691-17f803db5723
call next value for hibernate_sequence
call next value for hibernate_sequence;
2022-10-10 14:33:47.088  INFO 4460 --- [    Test worker] p6spy                                    : #1665380027088 | took 0ms | statement | connection 22| url jdbc:h2:mem:ad3a9e80-f26d-4a3e-9691-17f803db5723
call next value for hibernate_sequence
call next value for hibernate_sequence;
2022-10-10 14:33:47.088  INFO 4460 --- [    Test worker] p6spy                                    : #1665380027088 | took 0ms | statement | connection 22| url jdbc:h2:mem:ad3a9e80-f26d-4a3e-9691-17f803db5723
call next value for hibernate_sequence
call next value for hibernate_sequence;
2022-10-10 14:33:47.088  INFO 4460 --- [    Test worker] p6spy                                    : #1665380027088 | took 0ms | statement | connection 22| url jdbc:h2:mem:ad3a9e80-f26d-4a3e-9691-17f803db5723
call next value for hibernate_sequence
call next value for hibernate_sequence;
2022-10-10 14:33:47.088  INFO 4460 --- [    Test worker] p6spy                                    : #1665380027088 | took 0ms | statement | connection 22| url jdbc:h2:mem:ad3a9e80-f26d-4a3e-9691-17f803db5723
call next value for hibernate_sequence
call next value for hibernate_sequence;
2022-10-10 14:33:47.088  INFO 4460 --- [    Test worker] c.j.r.FavoriteSpotQueryRepositoryTest    : favoriteSpot = FavoriteSpot(id=311, count=0)
2022-10-10 14:33:47.088  INFO 4460 --- [    Test worker] c.j.r.FavoriteSpotQueryRepositoryTest    : Spot = capstone.jejuTourrecommend.domain.Spot@71f55a59
2022-10-10 14:33:47.088  INFO 4460 --- [    Test worker] p6spy                                    : #1665380027088 | took 0ms | statement | connection 22| url jdbc:h2:mem:ad3a9e80-f26d-4a3e-9691-17f803db5723
call next value for hibernate_sequence
call next value for hibernate_sequence;
2022-10-10 14:33:47.088  INFO 4460 --- [    Test worker] p6spy                                    : #1665380027088 | took 0ms | statement | connection 22| url jdbc:h2:mem:ad3a9e80-f26d-4a3e-9691-17f803db5723
call next value for hibernate_sequence
call next value for hibernate_sequence;
2022-10-10 14:33:47.088  INFO 4460 --- [    Test worker] p6spy                                    : #1665380027088 | took 0ms | statement | connection 22| url jdbc:h2:mem:ad3a9e80-f26d-4a3e-9691-17f803db5723
call next value for hibernate_sequence
call next value for hibernate_sequence;
2022-10-10 14:33:47.088  INFO 4460 --- [    Test worker] p6spy                                    : #1665380027088 | took 0ms | statement | connection 22| url jdbc:h2:mem:ad3a9e80-f26d-4a3e-9691-17f803db5723
call next value for hibernate_sequence
call next value for hibernate_sequence;
2022-10-10 14:33:47.088  INFO 4460 --- [    Test worker] p6spy                                    : #1665380027088 | took 0ms | statement | connection 22| url jdbc:h2:mem:ad3a9e80-f26d-4a3e-9691-17f803db5723
call next value for hibernate_sequence
call next value for hibernate_sequence;
2022-10-10 14:33:47.088  INFO 4460 --- [    Test worker] p6spy                                    : #1665380027088 | took 0ms | statement | connection 22| url jdbc:h2:mem:ad3a9e80-f26d-4a3e-9691-17f803db5723
call next value for hibernate_sequence
call next value for hibernate_sequence;
2022-10-10 14:33:47.088  INFO 4460 --- [    Test worker] p6spy                                    : #1665380027088 | took 0ms | statement | connection 22| url jdbc:h2:mem:ad3a9e80-f26d-4a3e-9691-17f803db5723
call next value for hibernate_sequence
call next value for hibernate_sequence;
2022-10-10 14:33:47.088  INFO 4460 --- [    Test worker] p6spy                                    : #1665380027088 | took 0ms | statement | connection 22| url jdbc:h2:mem:ad3a9e80-f26d-4a3e-9691-17f803db5723
call next value for hibernate_sequence
call next value for hibernate_sequence;
2022-10-10 14:33:47.088  INFO 4460 --- [    Test worker] c.j.r.FavoriteSpotQueryRepositoryTest    : favoriteSpot = FavoriteSpot(id=312, count=0)
2022-10-10 14:33:47.088  INFO 4460 --- [    Test worker] c.j.r.FavoriteSpotQueryRepositoryTest    : Spot = capstone.jejuTourrecommend.domain.Spot@1cf6971b
2022-10-10 14:33:47.088  INFO 4460 --- [    Test worker] p6spy                                    : #1665380027088 | took 0ms | statement | connection 22| url jdbc:h2:mem:ad3a9e80-f26d-4a3e-9691-17f803db5723
call next value for hibernate_sequence
call next value for hibernate_sequence;
2022-10-10 14:33:47.088  INFO 4460 --- [    Test worker] p6spy                                    : #1665380027088 | took 0ms | statement | connection 22| url jdbc:h2:mem:ad3a9e80-f26d-4a3e-9691-17f803db5723
call next value for hibernate_sequence
call next value for hibernate_sequence;
2022-10-10 14:33:47.089  INFO 4460 --- [    Test worker] p6spy                                    : #1665380027089 | took 0ms | statement | connection 22| url jdbc:h2:mem:ad3a9e80-f26d-4a3e-9691-17f803db5723
call next value for hibernate_sequence
call next value for hibernate_sequence;
2022-10-10 14:33:47.089  INFO 4460 --- [    Test worker] p6spy                                    : #1665380027089 | took 0ms | statement | connection 22| url jdbc:h2:mem:ad3a9e80-f26d-4a3e-9691-17f803db5723
call next value for spot_seq
call next value for spot_seq;
2022-10-10 14:33:47.089  INFO 4460 --- [    Test worker] p6spy                                    : #1665380027089 | took 0ms | statement | connection 22| url jdbc:h2:mem:ad3a9e80-f26d-4a3e-9691-17f803db5723
call next value for hibernate_sequence
call next value for hibernate_sequence;
2022-10-10 14:33:47.089  INFO 4460 --- [    Test worker] p6spy                                    : #1665380027089 | took 0ms | statement | connection 22| url jdbc:h2:mem:ad3a9e80-f26d-4a3e-9691-17f803db5723
call next value for hibernate_sequence
call next value for hibernate_sequence;
2022-10-10 14:33:47.089  INFO 4460 --- [    Test worker] p6spy                                    : #1665380027089 | took 0ms | statement | connection 22| url jdbc:h2:mem:ad3a9e80-f26d-4a3e-9691-17f803db5723
call next value for hibernate_sequence
call next value for hibernate_sequence;
2022-10-10 14:33:47.089  INFO 4460 --- [    Test worker] p6spy                                    : #1665380027089 | took 0ms | statement | connection 22| url jdbc:h2:mem:ad3a9e80-f26d-4a3e-9691-17f803db5723
call next value for hibernate_sequence
call next value for hibernate_sequence;
2022-10-10 14:33:47.089  INFO 4460 --- [    Test worker] p6spy                                    : #1665380027089 | took 0ms | statement | connection 22| url jdbc:h2:mem:ad3a9e80-f26d-4a3e-9691-17f803db5723
call next value for hibernate_sequence
call next value for hibernate_sequence;
2022-10-10 14:33:47.089  INFO 4460 --- [    Test worker] c.j.r.FavoriteSpotQueryRepositoryTest    : favoriteSpot = FavoriteSpot(id=313, count=0)
2022-10-10 14:33:47.089  INFO 4460 --- [    Test worker] c.j.r.FavoriteSpotQueryRepositoryTest    : Spot = capstone.jejuTourrecommend.domain.Spot@7eaf7a70
2022-10-10 14:33:47.089  INFO 4460 --- [    Test worker] p6spy                                    : #1665380027089 | took 0ms | statement | connection 22| url jdbc:h2:mem:ad3a9e80-f26d-4a3e-9691-17f803db5723
call next value for hibernate_sequence
call next value for hibernate_sequence;
2022-10-10 14:33:47.089  INFO 4460 --- [    Test worker] p6spy                                    : #1665380027089 | took 0ms | statement | connection 22| url jdbc:h2:mem:ad3a9e80-f26d-4a3e-9691-17f803db5723
call next value for hibernate_sequence
call next value for hibernate_sequence;
2022-10-10 14:33:47.089  INFO 4460 --- [    Test worker] p6spy                                    : #1665380027089 | took 0ms | statement | connection 22| url jdbc:h2:mem:ad3a9e80-f26d-4a3e-9691-17f803db5723
call next value for hibernate_sequence
call next value for hibernate_sequence;
2022-10-10 14:33:47.089  INFO 4460 --- [    Test worker] p6spy                                    : #1665380027089 | took 0ms | statement | connection 22| url jdbc:h2:mem:ad3a9e80-f26d-4a3e-9691-17f803db5723
call next value for hibernate_sequence
call next value for hibernate_sequence;
2022-10-10 14:33:47.089  INFO 4460 --- [    Test worker] p6spy                                    : #1665380027089 | took 0ms | statement | connection 22| url jdbc:h2:mem:ad3a9e80-f26d-4a3e-9691-17f803db5723
call next value for hibernate_sequence
call next value for hibernate_sequence;
2022-10-10 14:33:47.089  INFO 4460 --- [    Test worker] p6spy                                    : #1665380027089 | took 0ms | statement | connection 22| url jdbc:h2:mem:ad3a9e80-f26d-4a3e-9691-17f803db5723
call next value for hibernate_sequence
call next value for hibernate_sequence;
2022-10-10 14:33:47.089  INFO 4460 --- [    Test worker] p6spy                                    : #1665380027089 | took 0ms | statement | connection 22| url jdbc:h2:mem:ad3a9e80-f26d-4a3e-9691-17f803db5723
call next value for hibernate_sequence
call next value for hibernate_sequence;
2022-10-10 14:33:47.089  INFO 4460 --- [    Test worker] p6spy                                    : #1665380027089 | took 0ms | statement | connection 22| url jdbc:h2:mem:ad3a9e80-f26d-4a3e-9691-17f803db5723
call next value for hibernate_sequence
call next value for hibernate_sequence;
2022-10-10 14:33:47.089  INFO 4460 --- [    Test worker] c.j.r.FavoriteSpotQueryRepositoryTest    : favoriteSpot = FavoriteSpot(id=314, count=0)
2022-10-10 14:33:47.089  INFO 4460 --- [    Test worker] c.j.r.FavoriteSpotQueryRepositoryTest    : Spot = capstone.jejuTourrecommend.domain.Spot@1926e42e
2022-10-10 14:33:47.089  INFO 4460 --- [    Test worker] p6spy                                    : #1665380027089 | took 0ms | statement | connection 22| url jdbc:h2:mem:ad3a9e80-f26d-4a3e-9691-17f803db5723
call next value for hibernate_sequence
call next value for hibernate_sequence;
2022-10-10 14:33:47.089  INFO 4460 --- [    Test worker] p6spy                                    : #1665380027089 | took 0ms | statement | connection 22| url jdbc:h2:mem:ad3a9e80-f26d-4a3e-9691-17f803db5723
call next value for hibernate_sequence
call next value for hibernate_sequence;
2022-10-10 14:33:47.089  INFO 4460 --- [    Test worker] p6spy                                    : #1665380027089 | took 0ms | statement | connection 22| url jdbc:h2:mem:ad3a9e80-f26d-4a3e-9691-17f803db5723
call next value for hibernate_sequence
call next value for hibernate_sequence;
2022-10-10 14:33:47.089  INFO 4460 --- [    Test worker] p6spy                                    : #1665380027089 | took 0ms | statement | connection 22| url jdbc:h2:mem:ad3a9e80-f26d-4a3e-9691-17f803db5723
call next value for hibernate_sequence
call next value for hibernate_sequence;
2022-10-10 14:33:47.089  INFO 4460 --- [    Test worker] p6spy                                    : #1665380027089 | took 0ms | statement | connection 22| url jdbc:h2:mem:ad3a9e80-f26d-4a3e-9691-17f803db5723
call next value for hibernate_sequence
call next value for hibernate_sequence;
2022-10-10 14:33:47.089  INFO 4460 --- [    Test worker] p6spy                                    : #1665380027089 | took 0ms | statement | connection 22| url jdbc:h2:mem:ad3a9e80-f26d-4a3e-9691-17f803db5723
call next value for hibernate_sequence
call next value for hibernate_sequence;
2022-10-10 14:33:47.089  INFO 4460 --- [    Test worker] p6spy                                    : #1665380027089 | took 0ms | statement | connection 22| url jdbc:h2:mem:ad3a9e80-f26d-4a3e-9691-17f803db5723
call next value for hibernate_sequence
call next value for hibernate_sequence;
2022-10-10 14:33:47.089  INFO 4460 --- [    Test worker] p6spy                                    : #1665380027089 | took 0ms | statement | connection 22| url jdbc:h2:mem:ad3a9e80-f26d-4a3e-9691-17f803db5723
call next value for hibernate_sequence
call next value for hibernate_sequence;
2022-10-10 14:33:47.089  INFO 4460 --- [    Test worker] c.j.r.FavoriteSpotQueryRepositoryTest    : favoriteSpot = FavoriteSpot(id=315, count=0)
2022-10-10 14:33:47.089  INFO 4460 --- [    Test worker] c.j.r.FavoriteSpotQueryRepositoryTest    : Spot = capstone.jejuTourrecommend.domain.Spot@7c6f306b
2022-10-10 14:33:47.089  INFO 4460 --- [    Test worker] p6spy                                    : #1665380027089 | took 0ms | statement | connection 22| url jdbc:h2:mem:ad3a9e80-f26d-4a3e-9691-17f803db5723
call next value for hibernate_sequence
call next value for hibernate_sequence;
2022-10-10 14:33:47.089  INFO 4460 --- [    Test worker] p6spy                                    : #1665380027089 | took 0ms | statement | connection 22| url jdbc:h2:mem:ad3a9e80-f26d-4a3e-9691-17f803db5723
call next value for hibernate_sequence
call next value for hibernate_sequence;
2022-10-10 14:33:47.089  INFO 4460 --- [    Test worker] p6spy                                    : #1665380027089 | took 0ms | statement | connection 22| url jdbc:h2:mem:ad3a9e80-f26d-4a3e-9691-17f803db5723
call next value for hibernate_sequence
call next value for hibernate_sequence;
2022-10-10 14:33:47.089  INFO 4460 --- [    Test worker] p6spy                                    : #1665380027089 | took 0ms | statement | connection 22| url jdbc:h2:mem:ad3a9e80-f26d-4a3e-9691-17f803db5723
call next value for hibernate_sequence
call next value for hibernate_sequence;
2022-10-10 14:33:47.089  INFO 4460 --- [    Test worker] p6spy                                    : #1665380027089 | took 0ms | statement | connection 22| url jdbc:h2:mem:ad3a9e80-f26d-4a3e-9691-17f803db5723
call next value for hibernate_sequence
call next value for hibernate_sequence;
2022-10-10 14:33:47.089  INFO 4460 --- [    Test worker] p6spy                                    : #1665380027089 | took 0ms | statement | connection 22| url jdbc:h2:mem:ad3a9e80-f26d-4a3e-9691-17f803db5723
call next value for hibernate_sequence
call next value for hibernate_sequence;
2022-10-10 14:33:47.089  INFO 4460 --- [    Test worker] p6spy                                    : #1665380027089 | took 0ms | statement | connection 22| url jdbc:h2:mem:ad3a9e80-f26d-4a3e-9691-17f803db5723
call next value for hibernate_sequence
call next value for hibernate_sequence;
2022-10-10 14:33:47.089  INFO 4460 --- [    Test worker] p6spy                                    : #1665380027089 | took 0ms | statement | connection 22| url jdbc:h2:mem:ad3a9e80-f26d-4a3e-9691-17f803db5723
call next value for hibernate_sequence
call next value for hibernate_sequence;
2022-10-10 14:33:47.090  INFO 4460 --- [    Test worker] c.j.r.FavoriteSpotQueryRepositoryTest    : favoriteSpot = FavoriteSpot(id=316, count=0)
2022-10-10 14:33:47.090  INFO 4460 --- [    Test worker] c.j.r.FavoriteSpotQueryRepositoryTest    : Spot = capstone.jejuTourrecommend.domain.Spot@794245eb
2022-10-10 14:33:47.090  INFO 4460 --- [    Test worker] p6spy                                    : #1665380027090 | took 0ms | statement | connection 22| url jdbc:h2:mem:ad3a9e80-f26d-4a3e-9691-17f803db5723
call next value for hibernate_sequence
call next value for hibernate_sequence;
2022-10-10 14:33:47.090  INFO 4460 --- [    Test worker] p6spy                                    : #1665380027090 | took 0ms | statement | connection 22| url jdbc:h2:mem:ad3a9e80-f26d-4a3e-9691-17f803db5723
call next value for hibernate_sequence
call next value for hibernate_sequence;
2022-10-10 14:33:47.090  INFO 4460 --- [    Test worker] p6spy                                    : #1665380027090 | took 0ms | statement | connection 22| url jdbc:h2:mem:ad3a9e80-f26d-4a3e-9691-17f803db5723
call next value for hibernate_sequence
call next value for hibernate_sequence;
2022-10-10 14:33:47.090  INFO 4460 --- [    Test worker] p6spy                                    : #1665380027090 | took 0ms | statement | connection 22| url jdbc:h2:mem:ad3a9e80-f26d-4a3e-9691-17f803db5723
call next value for hibernate_sequence
call next value for hibernate_sequence;
2022-10-10 14:33:47.090  INFO 4460 --- [    Test worker] p6spy                                    : #1665380027090 | took 0ms | statement | connection 22| url jdbc:h2:mem:ad3a9e80-f26d-4a3e-9691-17f803db5723
call next value for hibernate_sequence
call next value for hibernate_sequence;
2022-10-10 14:33:47.090  INFO 4460 --- [    Test worker] p6spy                                    : #1665380027090 | took 0ms | statement | connection 22| url jdbc:h2:mem:ad3a9e80-f26d-4a3e-9691-17f803db5723
call next value for hibernate_sequence
call next value for hibernate_sequence;
2022-10-10 14:33:47.090  INFO 4460 --- [    Test worker] p6spy                                    : #1665380027090 | took 0ms | statement | connection 22| url jdbc:h2:mem:ad3a9e80-f26d-4a3e-9691-17f803db5723
call next value for hibernate_sequence
call next value for hibernate_sequence;
2022-10-10 14:33:47.090  INFO 4460 --- [    Test worker] p6spy                                    : #1665380027090 | took 0ms | statement | connection 22| url jdbc:h2:mem:ad3a9e80-f26d-4a3e-9691-17f803db5723
call next value for hibernate_sequence
call next value for hibernate_sequence;
2022-10-10 14:33:47.090  INFO 4460 --- [    Test worker] c.j.r.FavoriteSpotQueryRepositoryTest    : favoriteSpot = FavoriteSpot(id=317, count=0)
2022-10-10 14:33:47.090  INFO 4460 --- [    Test worker] c.j.r.FavoriteSpotQueryRepositoryTest    : Spot = capstone.jejuTourrecommend.domain.Spot@35dbed4f
2022-10-10 14:33:47.090  INFO 4460 --- [    Test worker] p6spy                                    : #1665380027090 | took 0ms | statement | connection 22| url jdbc:h2:mem:ad3a9e80-f26d-4a3e-9691-17f803db5723
call next value for hibernate_sequence
call next value for hibernate_sequence;
2022-10-10 14:33:47.090  INFO 4460 --- [    Test worker] p6spy                                    : #1665380027090 | took 0ms | statement | connection 22| url jdbc:h2:mem:ad3a9e80-f26d-4a3e-9691-17f803db5723
call next value for hibernate_sequence
call next value for hibernate_sequence;
2022-10-10 14:33:47.090  INFO 4460 --- [    Test worker] p6spy                                    : #1665380027090 | took 0ms | statement | connection 22| url jdbc:h2:mem:ad3a9e80-f26d-4a3e-9691-17f803db5723
call next value for hibernate_sequence
call next value for hibernate_sequence;
2022-10-10 14:33:47.090  INFO 4460 --- [    Test worker] p6spy                                    : #1665380027090 | took 0ms | statement | connection 22| url jdbc:h2:mem:ad3a9e80-f26d-4a3e-9691-17f803db5723
call next value for hibernate_sequence
call next value for hibernate_sequence;
2022-10-10 14:33:47.090  INFO 4460 --- [    Test worker] p6spy                                    : #1665380027090 | took 0ms | statement | connection 22| url jdbc:h2:mem:ad3a9e80-f26d-4a3e-9691-17f803db5723
call next value for hibernate_sequence
call next value for hibernate_sequence;
2022-10-10 14:33:47.090  INFO 4460 --- [    Test worker] p6spy                                    : #1665380027090 | took 0ms | statement | connection 22| url jdbc:h2:mem:ad3a9e80-f26d-4a3e-9691-17f803db5723
call next value for hibernate_sequence
call next value for hibernate_sequence;
2022-10-10 14:33:47.090  INFO 4460 --- [    Test worker] p6spy                                    : #1665380027090 | took 0ms | statement | connection 22| url jdbc:h2:mem:ad3a9e80-f26d-4a3e-9691-17f803db5723
call next value for hibernate_sequence
call next value for hibernate_sequence;
2022-10-10 14:33:47.090  INFO 4460 --- [    Test worker] p6spy                                    : #1665380027090 | took 0ms | statement | connection 22| url jdbc:h2:mem:ad3a9e80-f26d-4a3e-9691-17f803db5723
call next value for hibernate_sequence
call next value for hibernate_sequence;
2022-10-10 14:33:47.090  INFO 4460 --- [    Test worker] c.j.r.FavoriteSpotQueryRepositoryTest    : favoriteSpot = FavoriteSpot(id=318, count=0)
2022-10-10 14:33:47.090  INFO 4460 --- [    Test worker] c.j.r.FavoriteSpotQueryRepositoryTest    : Spot = capstone.jejuTourrecommend.domain.Spot@10ce2a4d
2022-10-10 14:33:47.090  INFO 4460 --- [    Test worker] p6spy                                    : #1665380027090 | took 0ms | statement | connection 22| url jdbc:h2:mem:ad3a9e80-f26d-4a3e-9691-17f803db5723
call next value for hibernate_sequence
call next value for hibernate_sequence;
2022-10-10 14:33:47.090  INFO 4460 --- [    Test worker] p6spy                                    : #1665380027090 | took 0ms | statement | connection 22| url jdbc:h2:mem:ad3a9e80-f26d-4a3e-9691-17f803db5723
call next value for hibernate_sequence
call next value for hibernate_sequence;
2022-10-10 14:33:47.090  INFO 4460 --- [    Test worker] p6spy                                    : #1665380027090 | took 0ms | statement | connection 22| url jdbc:h2:mem:ad3a9e80-f26d-4a3e-9691-17f803db5723
call next value for hibernate_sequence
call next value for hibernate_sequence;
2022-10-10 14:33:47.090  INFO 4460 --- [    Test worker] p6spy                                    : #1665380027090 | took 0ms | statement | connection 22| url jdbc:h2:mem:ad3a9e80-f26d-4a3e-9691-17f803db5723
call next value for hibernate_sequence
call next value for hibernate_sequence;
2022-10-10 14:33:47.090  INFO 4460 --- [    Test worker] p6spy                                    : #1665380027090 | took 0ms | statement | connection 22| url jdbc:h2:mem:ad3a9e80-f26d-4a3e-9691-17f803db5723
call next value for hibernate_sequence
call next value for hibernate_sequence;
2022-10-10 14:33:47.090  INFO 4460 --- [    Test worker] p6spy                                    : #1665380027090 | took 0ms | statement | connection 22| url jdbc:h2:mem:ad3a9e80-f26d-4a3e-9691-17f803db5723
call next value for hibernate_sequence
call next value for hibernate_sequence;
2022-10-10 14:33:47.090  INFO 4460 --- [    Test worker] p6spy                                    : #1665380027090 | took 0ms | statement | connection 22| url jdbc:h2:mem:ad3a9e80-f26d-4a3e-9691-17f803db5723
call next value for hibernate_sequence
call next value for hibernate_sequence;
2022-10-10 14:33:47.090  INFO 4460 --- [    Test worker] p6spy                                    : #1665380027090 | took 0ms | statement | connection 22| url jdbc:h2:mem:ad3a9e80-f26d-4a3e-9691-17f803db5723
call next value for hibernate_sequence
call next value for hibernate_sequence;
2022-10-10 14:33:47.090  INFO 4460 --- [    Test worker] c.j.r.FavoriteSpotQueryRepositoryTest    : favoriteSpot = FavoriteSpot(id=319, count=0)
2022-10-10 14:33:47.090  INFO 4460 --- [    Test worker] c.j.r.FavoriteSpotQueryRepositoryTest    : Spot = capstone.jejuTourrecommend.domain.Spot@a547191
2022-10-10 14:33:47.090  INFO 4460 --- [    Test worker] p6spy                                    : #1665380027090 | took 0ms | statement | connection 22| url jdbc:h2:mem:ad3a9e80-f26d-4a3e-9691-17f803db5723
call next value for hibernate_sequence
call next value for hibernate_sequence;
2022-10-10 14:33:47.090  INFO 4460 --- [    Test worker] p6spy                                    : #1665380027090 | took 0ms | statement | connection 22| url jdbc:h2:mem:ad3a9e80-f26d-4a3e-9691-17f803db5723
call next value for hibernate_sequence
call next value for hibernate_sequence;
2022-10-10 14:33:47.090  INFO 4460 --- [    Test worker] p6spy                                    : #1665380027090 | took 0ms | statement | connection 22| url jdbc:h2:mem:ad3a9e80-f26d-4a3e-9691-17f803db5723
call next value for hibernate_sequence
call next value for hibernate_sequence;
2022-10-10 14:33:47.090  INFO 4460 --- [    Test worker] p6spy                                    : #1665380027090 | took 0ms | statement | connection 22| url jdbc:h2:mem:ad3a9e80-f26d-4a3e-9691-17f803db5723
call next value for hibernate_sequence
call next value for hibernate_sequence;
2022-10-10 14:33:47.090  INFO 4460 --- [    Test worker] p6spy                                    : #1665380027090 | took 0ms | statement | connection 22| url jdbc:h2:mem:ad3a9e80-f26d-4a3e-9691-17f803db5723
call next value for review_seq
call next value for review_seq;
2022-10-10 14:33:47.090  INFO 4460 --- [    Test worker] p6spy                                    : #1665380027090 | took 0ms | statement | connection 22| url jdbc:h2:mem:ad3a9e80-f26d-4a3e-9691-17f803db5723
call next value for hibernate_sequence
call next value for hibernate_sequence;
2022-10-10 14:33:47.090  INFO 4460 --- [    Test worker] p6spy                                    : #1665380027090 | took 0ms | statement | connection 22| url jdbc:h2:mem:ad3a9e80-f26d-4a3e-9691-17f803db5723
call next value for hibernate_sequence
call next value for hibernate_sequence;
2022-10-10 14:33:47.091  INFO 4460 --- [    Test worker] p6spy                                    : #1665380027091 | took 0ms | statement | connection 22| url jdbc:h2:mem:ad3a9e80-f26d-4a3e-9691-17f803db5723
call next value for hibernate_sequence
call next value for hibernate_sequence;
2022-10-10 14:33:47.091  INFO 4460 --- [    Test worker] p6spy                                    : #1665380027091 | took 0ms | statement | connection 22| url jdbc:h2:mem:ad3a9e80-f26d-4a3e-9691-17f803db5723
call next value for hibernate_sequence
call next value for hibernate_sequence;
2022-10-10 14:33:47.091  INFO 4460 --- [    Test worker] c.j.r.FavoriteSpotQueryRepositoryTest    : favoriteSpot = FavoriteSpot(id=320, count=0)
2022-10-10 14:33:47.091  INFO 4460 --- [    Test worker] c.j.r.FavoriteSpotQueryRepositoryTest    : Spot = capstone.jejuTourrecommend.domain.Spot@46202302
2022-10-10 14:33:47.091  INFO 4460 --- [    Test worker] p6spy                                    : #1665380027091 | took 0ms | statement | connection 22| url jdbc:h2:mem:ad3a9e80-f26d-4a3e-9691-17f803db5723
call next value for score_seq
call next value for score_seq;
2022-10-10 14:33:47.091  INFO 4460 --- [    Test worker] p6spy                                    : #1665380027091 | took 0ms | statement | connection 22| url jdbc:h2:mem:ad3a9e80-f26d-4a3e-9691-17f803db5723
call next value for hibernate_sequence
call next value for hibernate_sequence;
2022-10-10 14:33:47.091  INFO 4460 --- [    Test worker] p6spy                                    : #1665380027091 | took 0ms | statement | connection 22| url jdbc:h2:mem:ad3a9e80-f26d-4a3e-9691-17f803db5723
call next value for hibernate_sequence
call next value for hibernate_sequence;
2022-10-10 14:33:47.091  INFO 4460 --- [    Test worker] p6spy                                    : #1665380027091 | took 0ms | statement | connection 22| url jdbc:h2:mem:ad3a9e80-f26d-4a3e-9691-17f803db5723
call next value for hibernate_sequence
call next value for hibernate_sequence;
2022-10-10 14:33:47.091  INFO 4460 --- [    Test worker] p6spy                                    : #1665380027091 | took 0ms | statement | connection 22| url jdbc:h2:mem:ad3a9e80-f26d-4a3e-9691-17f803db5723
call next value for hibernate_sequence
call next value for hibernate_sequence;
2022-10-10 14:33:47.094  INFO 4460 --- [    Test worker] p6spy                                    : #1665380027094 | took 0ms | statement | connection 22| url jdbc:h2:mem:ad3a9e80-f26d-4a3e-9691-17f803db5723
insert into member (created_date, last_modified_date, created_by, last_modified_by, email, password, refresh_token, role, username, member_id) values (?, ?, ?, ?, ?, ?, ?, ?, ?, ?)
insert into member (created_date, last_modified_date, created_by, last_modified_by, email, password, refresh_token, role, username, member_id) values ('2022-10-10T14:33:47.075+0900', '2022-10-10T14:33:47.075+0900', 'afdc9ae2-d383-44dd-935e-1ac36f4a7ff6', 'afdc9ae2-d383-44dd-935e-1ac36f4a7ff6', 'member1@gmail.com', '1234', NULL, NULL, 'member1', 12);
2022-10-10 14:33:47.094  INFO 4460 --- [    Test worker] p6spy                                    : #1665380027094 | took 0ms | statement | connection 22| url jdbc:h2:mem:ad3a9e80-f26d-4a3e-9691-17f803db5723
insert into member (created_date, last_modified_date, created_by, last_modified_by, email, password, refresh_token, role, username, member_id) values (?, ?, ?, ?, ?, ?, ?, ?, ?, ?)
insert into member (created_date, last_modified_date, created_by, last_modified_by, email, password, refresh_token, role, username, member_id) values ('2022-10-10T14:33:47.075+0900', '2022-10-10T14:33:47.075+0900', 'f694596d-12e3-49cf-955e-cd0db23df78c', 'f694596d-12e3-49cf-955e-cd0db23df78c', 'member2@naver.com', '2345', NULL, NULL, 'member2', 13);
2022-10-10 14:33:47.094  INFO 4460 --- [    Test worker] p6spy                                    : #1665380027094 | took 0ms | statement | connection 22| url jdbc:h2:mem:ad3a9e80-f26d-4a3e-9691-17f803db5723
insert into favorite (member_id, name, favorite_id) values (?, ?, ?)
insert into favorite (member_id, name, favorite_id) values (12, '1일차', 36);
2022-10-10 14:33:47.094  INFO 4460 --- [    Test worker] p6spy                                    : #1665380027094 | took 0ms | statement | connection 22| url jdbc:h2:mem:ad3a9e80-f26d-4a3e-9691-17f803db5723
insert into score (facility_rank, facility_score, price_rank, price_score, rank_average, surround_rank, surround_score, view_rank, view_score, score_id) values (?, ?, ?, ?, ?, ?, ?, ?, ?, ?)
insert into score (facility_rank, facility_score, price_rank, price_score, rank_average, surround_rank, surround_score, view_rank, view_score, score_id) values (9.704111335006505, 3.1328334946922776, 7.038881909425035, 7.072491797917544, 8.593416730541115, 0.6983698877391842, 4.349314830288598, 5.657925939820885, 3.169146550756671, 203);
2022-10-10 14:33:47.094  INFO 4460 --- [    Test worker] p6spy                                    : #1665380027094 | took 0ms | statement | connection 22| url jdbc:h2:mem:ad3a9e80-f26d-4a3e-9691-17f803db5723
insert into picture (spot_id, url, picture_id) values (?, ?, ?)
insert into picture (spot_id, url, picture_id) values (NULL, 'java.io.StringReader@417430c8', 865);
2022-10-10 14:33:47.094  INFO 4460 --- [    Test worker] p6spy                                    : #1665380027094 | took 0ms | statement | connection 22| url jdbc:h2:mem:ad3a9e80-f26d-4a3e-9691-17f803db5723
insert into picture (spot_id, url, picture_id) values (?, ?, ?)
insert into picture (spot_id, url, picture_id) values (NULL, 'java.io.StringReader@40883ca7', 866);
2022-10-10 14:33:47.094  INFO 4460 --- [    Test worker] p6spy                                    : #1665380027094 | took 0ms | statement | connection 22| url jdbc:h2:mem:ad3a9e80-f26d-4a3e-9691-17f803db5723
insert into picture (spot_id, url, picture_id) values (?, ?, ?)
insert into picture (spot_id, url, picture_id) values (NULL, 'java.io.StringReader@375527e2', 867);
2022-10-10 14:33:47.094  INFO 4460 --- [    Test worker] p6spy                                    : #1665380027094 | took 0ms | statement | connection 22| url jdbc:h2:mem:ad3a9e80-f26d-4a3e-9691-17f803db5723
insert into spot (address, description, location, name, score_id, spot_id) values (?, ?, ?, ?, ?, ?)
insert into spot (address, description, location, name, score_id, spot_id) values (NULL, NULL, 'Aewol_eup', NULL, 203, 269);
2022-10-10 14:33:47.094  INFO 4460 --- [    Test worker] p6spy                                    : #1665380027094 | took 0ms | statement | connection 22| url jdbc:h2:mem:ad3a9e80-f26d-4a3e-9691-17f803db5723
insert into member_spot (member_id, score, spot_id, member_spot_id) values (?, ?, ?, ?)
insert into member_spot (member_id, score, spot_id, member_spot_id) values (13, 0.0, 269, 868);
2022-10-10 14:33:47.094  INFO 4460 --- [    Test worker] p6spy                                    : #1665380027094 | took 0ms | statement | connection 22| url jdbc:h2:mem:ad3a9e80-f26d-4a3e-9691-17f803db5723
insert into review (content, spot_id, review_id) values (?, ?, ?)
insert into review (content, spot_id, review_id) values ('java.io.StringReader@5478a4b1', 269, 205);
2022-10-10 14:33:47.094  INFO 4460 --- [    Test worker] p6spy                                    : #1665380027094 | took 0ms | statement | connection 22| url jdbc:h2:mem:ad3a9e80-f26d-4a3e-9691-17f803db5723
insert into favorite_spot (count, favorite_id, spot_id, favorite_spot_id) values (?, ?, ?, ?)
insert into favorite_spot (count, favorite_id, spot_id, favorite_spot_id) values (0, 36, 269, 271);
2022-10-10 14:33:47.094  INFO 4460 --- [    Test worker] p6spy                                    : #1665380027094 | took 0ms | statement | connection 22| url jdbc:h2:mem:ad3a9e80-f26d-4a3e-9691-17f803db5723
insert into score (facility_rank, facility_score, price_rank, price_score, rank_average, surround_rank, surround_score, view_rank, view_score, score_id) values (?, ?, ?, ?, ?, ?, ?, ?, ?, ?)
insert into score (facility_rank, facility_score, price_rank, price_score, rank_average, surround_rank, surround_score, view_rank, view_score, score_id) values (4.7165359169624566, 5.068969065380928, 9.36261038279437, 7.049082950578699, 8.678504180417242, 1.0387436748808898, 0.3760422896788185, 4.934361171376001, 1.6359522142845384, 204);
2022-10-10 14:33:47.095  INFO 4460 --- [    Test worker] p6spy                                    : #1665380027095 | took 0ms | statement | connection 22| url jdbc:h2:mem:ad3a9e80-f26d-4a3e-9691-17f803db5723
insert into picture (spot_id, url, picture_id) values (?, ?, ?)
insert into picture (spot_id, url, picture_id) values (NULL, 'java.io.StringReader@6b9c30af', 869);
2022-10-10 14:33:47.095  INFO 4460 --- [    Test worker] p6spy                                    : #1665380027095 | took 0ms | statement | connection 22| url jdbc:h2:mem:ad3a9e80-f26d-4a3e-9691-17f803db5723
insert into picture (spot_id, url, picture_id) values (?, ?, ?)
insert into picture (spot_id, url, picture_id) values (NULL, 'java.io.StringReader@17f5b5b0', 870);
2022-10-10 14:33:47.095  INFO 4460 --- [    Test worker] p6spy                                    : #1665380027095 | took 0ms | statement | connection 22| url jdbc:h2:mem:ad3a9e80-f26d-4a3e-9691-17f803db5723
insert into picture (spot_id, url, picture_id) values (?, ?, ?)
insert into picture (spot_id, url, picture_id) values (NULL, 'java.io.StringReader@5abf00f2', 871);
2022-10-10 14:33:47.095  INFO 4460 --- [    Test worker] p6spy                                    : #1665380027095 | took 0ms | statement | connection 22| url jdbc:h2:mem:ad3a9e80-f26d-4a3e-9691-17f803db5723
insert into spot (address, description, location, name, score_id, spot_id) values (?, ?, ?, ?, ?, ?)
insert into spot (address, description, location, name, score_id, spot_id) values (NULL, NULL, 'Aewol_eup', NULL, 204, 270);
2022-10-10 14:33:47.095  INFO 4460 --- [    Test worker] p6spy                                    : #1665380027095 | took 0ms | statement | connection 22| url jdbc:h2:mem:ad3a9e80-f26d-4a3e-9691-17f803db5723
insert into member_spot (member_id, score, spot_id, member_spot_id) values (?, ?, ?, ?)
insert into member_spot (member_id, score, spot_id, member_spot_id) values (13, 0.0, 270, 872);
2022-10-10 14:33:47.095  INFO 4460 --- [    Test worker] p6spy                                    : #1665380027095 | took 0ms | statement | connection 22| url jdbc:h2:mem:ad3a9e80-f26d-4a3e-9691-17f803db5723
insert into review (content, spot_id, review_id) values (?, ?, ?)
insert into review (content, spot_id, review_id) values ('java.io.StringReader@53a96c87', 269, 206);
2022-10-10 14:33:47.095  INFO 4460 --- [    Test worker] p6spy                                    : #1665380027095 | took 0ms | statement | connection 22| url jdbc:h2:mem:ad3a9e80-f26d-4a3e-9691-17f803db5723
insert into score (facility_rank, facility_score, price_rank, price_score, rank_average, surround_rank, surround_score, view_rank, view_score, score_id) values (?, ?, ?, ?, ?, ?, ?, ?, ?, ?)
insert into score (facility_rank, facility_score, price_rank, price_score, rank_average, surround_rank, surround_score, view_rank, view_score, score_id) values (1.1188140893107312, 9.2416967788944, 0.18346310355243478, 8.50648048441316, 4.7839737150997275, 8.736322343270253, 5.698749518538167, 7.348451126307417, 0.2560775358990053, 205);
2022-10-10 14:33:47.095  INFO 4460 --- [    Test worker] p6spy                                    : #1665380027095 | took 0ms | statement | connection 22| url jdbc:h2:mem:ad3a9e80-f26d-4a3e-9691-17f803db5723
insert into picture (spot_id, url, picture_id) values (?, ?, ?)
insert into picture (spot_id, url, picture_id) values (NULL, 'java.io.StringReader@517cd689', 873);
2022-10-10 14:33:47.095  INFO 4460 --- [    Test worker] p6spy                                    : #1665380027095 | took 0ms | statement | connection 22| url jdbc:h2:mem:ad3a9e80-f26d-4a3e-9691-17f803db5723
insert into picture (spot_id, url, picture_id) values (?, ?, ?)
insert into picture (spot_id, url, picture_id) values (NULL, 'java.io.StringReader@6a0ce603', 874);
2022-10-10 14:33:47.095  INFO 4460 --- [    Test worker] p6spy                                    : #1665380027095 | took 0ms | statement | connection 22| url jdbc:h2:mem:ad3a9e80-f26d-4a3e-9691-17f803db5723
insert into picture (spot_id, url, picture_id) values (?, ?, ?)
insert into picture (spot_id, url, picture_id) values (NULL, 'java.io.StringReader@6d46d1c4', 875);
2022-10-10 14:33:47.095  INFO 4460 --- [    Test worker] p6spy                                    : #1665380027095 | took 0ms | statement | connection 22| url jdbc:h2:mem:ad3a9e80-f26d-4a3e-9691-17f803db5723
insert into spot (address, description, location, name, score_id, spot_id) values (?, ?, ?, ?, ?, ?)
insert into spot (address, description, location, name, score_id, spot_id) values (NULL, NULL, 'Aewol_eup', NULL, 205, 271);
2022-10-10 14:33:47.095  INFO 4460 --- [    Test worker] p6spy                                    : #1665380027095 | took 0ms | statement | connection 22| url jdbc:h2:mem:ad3a9e80-f26d-4a3e-9691-17f803db5723
insert into member_spot (member_id, score, spot_id, member_spot_id) values (?, ?, ?, ?)
insert into member_spot (member_id, score, spot_id, member_spot_id) values (13, 0.0, 271, 876);
2022-10-10 14:33:47.095  INFO 4460 --- [    Test worker] p6spy                                    : #1665380027095 | took 0ms | statement | connection 22| url jdbc:h2:mem:ad3a9e80-f26d-4a3e-9691-17f803db5723
insert into review (content, spot_id, review_id) values (?, ?, ?)
insert into review (content, spot_id, review_id) values ('java.io.StringReader@450d0da9', 269, 207);
2022-10-10 14:33:47.095  INFO 4460 --- [    Test worker] p6spy                                    : #1665380027095 | took 0ms | statement | connection 22| url jdbc:h2:mem:ad3a9e80-f26d-4a3e-9691-17f803db5723
insert into favorite_spot (count, favorite_id, spot_id, favorite_spot_id) values (?, ?, ?, ?)
insert into favorite_spot (count, favorite_id, spot_id, favorite_spot_id) values (0, 36, 271, 272);
2022-10-10 14:33:47.095  INFO 4460 --- [    Test worker] p6spy                                    : #1665380027095 | took 0ms | statement | connection 22| url jdbc:h2:mem:ad3a9e80-f26d-4a3e-9691-17f803db5723
insert into score (facility_rank, facility_score, price_rank, price_score, rank_average, surround_rank, surround_score, view_rank, view_score, score_id) values (?, ?, ?, ?, ?, ?, ?, ?, ?, ?)
insert into score (facility_rank, facility_score, price_rank, price_score, rank_average, surround_rank, surround_score, view_rank, view_score, score_id) values (0.2586097858095804, 9.285358315196273, 3.5834198496719893, 3.8054202479375165, 2.8413458461200882, 8.224681812840963, 8.097893740434658, 1.0385113953682257, 0.8713323714941257, 206);
2022-10-10 14:33:47.095  INFO 4460 --- [    Test worker] p6spy                                    : #1665380027095 | took 0ms | statement | connection 22| url jdbc:h2:mem:ad3a9e80-f26d-4a3e-9691-17f803db5723
insert into picture (spot_id, url, picture_id) values (?, ?, ?)
insert into picture (spot_id, url, picture_id) values (NULL, 'java.io.StringReader@6d4f1a08', 877);
2022-10-10 14:33:47.095  INFO 4460 --- [    Test worker] p6spy                                    : #1665380027095 | took 0ms | statement | connection 22| url jdbc:h2:mem:ad3a9e80-f26d-4a3e-9691-17f803db5723
insert into picture (spot_id, url, picture_id) values (?, ?, ?)
insert into picture (spot_id, url, picture_id) values (NULL, 'java.io.StringReader@48ee84b0', 878);
2022-10-10 14:33:47.095  INFO 4460 --- [    Test worker] p6spy                                    : #1665380027095 | took 0ms | statement | connection 22| url jdbc:h2:mem:ad3a9e80-f26d-4a3e-9691-17f803db5723
insert into picture (spot_id, url, picture_id) values (?, ?, ?)
insert into picture (spot_id, url, picture_id) values (NULL, 'java.io.StringReader@367d083e', 879);
2022-10-10 14:33:47.095  INFO 4460 --- [    Test worker] p6spy                                    : #1665380027095 | took 0ms | statement | connection 22| url jdbc:h2:mem:ad3a9e80-f26d-4a3e-9691-17f803db5723
insert into spot (address, description, location, name, score_id, spot_id) values (?, ?, ?, ?, ?, ?)
insert into spot (address, description, location, name, score_id, spot_id) values (NULL, NULL, 'Aewol_eup', NULL, 206, 272);
2022-10-10 14:33:47.095  INFO 4460 --- [    Test worker] p6spy                                    : #1665380027095 | took 0ms | statement | connection 22| url jdbc:h2:mem:ad3a9e80-f26d-4a3e-9691-17f803db5723
insert into member_spot (member_id, score, spot_id, member_spot_id) values (?, ?, ?, ?)
insert into member_spot (member_id, score, spot_id, member_spot_id) values (13, 0.0, 272, 880);
2022-10-10 14:33:47.095  INFO 4460 --- [    Test worker] p6spy                                    : #1665380027095 | took 0ms | statement | connection 22| url jdbc:h2:mem:ad3a9e80-f26d-4a3e-9691-17f803db5723
insert into review (content, spot_id, review_id) values (?, ?, ?)
insert into review (content, spot_id, review_id) values ('java.io.StringReader@28685f4f', 269, 208);
2022-10-10 14:33:47.095  INFO 4460 --- [    Test worker] p6spy                                    : #1665380027095 | took 0ms | statement | connection 22| url jdbc:h2:mem:ad3a9e80-f26d-4a3e-9691-17f803db5723
insert into score (facility_rank, facility_score, price_rank, price_score, rank_average, surround_rank, surround_score, view_rank, view_score, score_id) values (?, ?, ?, ?, ?, ?, ?, ?, ?, ?)
insert into score (facility_rank, facility_score, price_rank, price_score, rank_average, surround_rank, surround_score, view_rank, view_score, score_id) values (7.6474485085247075, 4.673617706403082, 2.830959349584993, 9.006618885706967, 8.77070924795264, 6.867320079696678, 5.798632056549907, 1.8143623202434, 8.732091949405202, 207);
2022-10-10 14:33:47.095  INFO 4460 --- [    Test worker] p6spy                                    : #1665380027095 | took 0ms | statement | connection 22| url jdbc:h2:mem:ad3a9e80-f26d-4a3e-9691-17f803db5723
insert into picture (spot_id, url, picture_id) values (?, ?, ?)
insert into picture (spot_id, url, picture_id) values (NULL, 'java.io.StringReader@27a891', 881);
2022-10-10 14:33:47.095  INFO 4460 --- [    Test worker] p6spy                                    : #1665380027095 | took 0ms | statement | connection 22| url jdbc:h2:mem:ad3a9e80-f26d-4a3e-9691-17f803db5723
insert into picture (spot_id, url, picture_id) values (?, ?, ?)
insert into picture (spot_id, url, picture_id) values (NULL, 'java.io.StringReader@34ffb529', 882);
2022-10-10 14:33:47.095  INFO 4460 --- [    Test worker] p6spy                                    : #1665380027095 | took 0ms | statement | connection 22| url jdbc:h2:mem:ad3a9e80-f26d-4a3e-9691-17f803db5723
insert into picture (spot_id, url, picture_id) values (?, ?, ?)
insert into picture (spot_id, url, picture_id) values (NULL, 'java.io.StringReader@50213a2f', 883);
2022-10-10 14:33:47.095  INFO 4460 --- [    Test worker] p6spy                                    : #1665380027095 | took 0ms | statement | connection 22| url jdbc:h2:mem:ad3a9e80-f26d-4a3e-9691-17f803db5723
insert into spot (address, description, location, name, score_id, spot_id) values (?, ?, ?, ?, ?, ?)
insert into spot (address, description, location, name, score_id, spot_id) values (NULL, NULL, 'Aewol_eup', NULL, 207, 273);
2022-10-10 14:33:47.095  INFO 4460 --- [    Test worker] p6spy                                    : #1665380027095 | took 0ms | statement | connection 22| url jdbc:h2:mem:ad3a9e80-f26d-4a3e-9691-17f803db5723
insert into member_spot (member_id, score, spot_id, member_spot_id) values (?, ?, ?, ?)
insert into member_spot (member_id, score, spot_id, member_spot_id) values (13, 0.0, 273, 884);
2022-10-10 14:33:47.096  INFO 4460 --- [    Test worker] p6spy                                    : #1665380027096 | took 0ms | statement | connection 22| url jdbc:h2:mem:ad3a9e80-f26d-4a3e-9691-17f803db5723
insert into review (content, spot_id, review_id) values (?, ?, ?)
insert into review (content, spot_id, review_id) values ('java.io.StringReader@774fa82b', 269, 209);
2022-10-10 14:33:47.096  INFO 4460 --- [    Test worker] p6spy                                    : #1665380027096 | took 0ms | statement | connection 22| url jdbc:h2:mem:ad3a9e80-f26d-4a3e-9691-17f803db5723
insert into favorite_spot (count, favorite_id, spot_id, favorite_spot_id) values (?, ?, ?, ?)
insert into favorite_spot (count, favorite_id, spot_id, favorite_spot_id) values (0, 36, 273, 273);
2022-10-10 14:33:47.096  INFO 4460 --- [    Test worker] p6spy                                    : #1665380027096 | took 0ms | statement | connection 22| url jdbc:h2:mem:ad3a9e80-f26d-4a3e-9691-17f803db5723
insert into score (facility_rank, facility_score, price_rank, price_score, rank_average, surround_rank, surround_score, view_rank, view_score, score_id) values (?, ?, ?, ?, ?, ?, ?, ?, ?, ?)
insert into score (facility_rank, facility_score, price_rank, price_score, rank_average, surround_rank, surround_score, view_rank, view_score, score_id) values (1.747995913356144, 8.429098637928762, 2.802911643997649, 2.964499286441068, 7.962627243035946, 5.256094110343605, 3.076513490098929, 5.552060245374394, 6.524127983215569, 208);
2022-10-10 14:33:47.096  INFO 4460 --- [    Test worker] p6spy                                    : #1665380027096 | took 0ms | statement | connection 22| url jdbc:h2:mem:ad3a9e80-f26d-4a3e-9691-17f803db5723
insert into picture (spot_id, url, picture_id) values (?, ?, ?)
insert into picture (spot_id, url, picture_id) values (NULL, 'java.io.StringReader@21970f32', 885);
2022-10-10 14:33:47.096  INFO 4460 --- [    Test worker] p6spy                                    : #1665380027096 | took 0ms | statement | connection 22| url jdbc:h2:mem:ad3a9e80-f26d-4a3e-9691-17f803db5723
insert into picture (spot_id, url, picture_id) values (?, ?, ?)
insert into picture (spot_id, url, picture_id) values (NULL, 'java.io.StringReader@3ab5ccd5', 886);
2022-10-10 14:33:47.096  INFO 4460 --- [    Test worker] p6spy                                    : #1665380027096 | took 0ms | statement | connection 22| url jdbc:h2:mem:ad3a9e80-f26d-4a3e-9691-17f803db5723
insert into picture (spot_id, url, picture_id) values (?, ?, ?)
insert into picture (spot_id, url, picture_id) values (NULL, 'java.io.StringReader@2e044892', 887);
2022-10-10 14:33:47.096  INFO 4460 --- [    Test worker] p6spy                                    : #1665380027096 | took 0ms | statement | connection 22| url jdbc:h2:mem:ad3a9e80-f26d-4a3e-9691-17f803db5723
insert into spot (address, description, location, name, score_id, spot_id) values (?, ?, ?, ?, ?, ?)
insert into spot (address, description, location, name, score_id, spot_id) values (NULL, NULL, 'Aewol_eup', NULL, 208, 274);
2022-10-10 14:33:47.096  INFO 4460 --- [    Test worker] p6spy                                    : #1665380027096 | took 0ms | statement | connection 22| url jdbc:h2:mem:ad3a9e80-f26d-4a3e-9691-17f803db5723
insert into member_spot (member_id, score, spot_id, member_spot_id) values (?, ?, ?, ?)
insert into member_spot (member_id, score, spot_id, member_spot_id) values (13, 0.0, 274, 888);
2022-10-10 14:33:47.096  INFO 4460 --- [    Test worker] p6spy                                    : #1665380027096 | took 0ms | statement | connection 22| url jdbc:h2:mem:ad3a9e80-f26d-4a3e-9691-17f803db5723
insert into review (content, spot_id, review_id) values (?, ?, ?)
insert into review (content, spot_id, review_id) values ('java.io.StringReader@515e9100', 269, 210);
2022-10-10 14:33:47.096  INFO 4460 --- [    Test worker] p6spy                                    : #1665380027096 | took 0ms | statement | connection 22| url jdbc:h2:mem:ad3a9e80-f26d-4a3e-9691-17f803db5723
insert into score (facility_rank, facility_score, price_rank, price_score, rank_average, surround_rank, surround_score, view_rank, view_score, score_id) values (?, ?, ?, ?, ?, ?, ?, ?, ?, ?)
insert into score (facility_rank, facility_score, price_rank, price_score, rank_average, surround_rank, surround_score, view_rank, view_score, score_id) values (3.744541229888829, 4.923098134093724, 0.6385946069371673, 7.024188662409677, 3.470344487213486, 6.145254149333374, 9.575173731808661, 7.592963951503172, 0.5416219969351366, 209);
2022-10-10 14:33:47.096  INFO 4460 --- [    Test worker] p6spy                                    : #1665380027096 | took 0ms | statement | connection 22| url jdbc:h2:mem:ad3a9e80-f26d-4a3e-9691-17f803db5723
insert into picture (spot_id, url, picture_id) values (?, ?, ?)
insert into picture (spot_id, url, picture_id) values (NULL, 'java.io.StringReader@45a16cac', 889);
2022-10-10 14:33:47.096  INFO 4460 --- [    Test worker] p6spy                                    : #1665380027096 | took 0ms | statement | connection 22| url jdbc:h2:mem:ad3a9e80-f26d-4a3e-9691-17f803db5723
insert into picture (spot_id, url, picture_id) values (?, ?, ?)
insert into picture (spot_id, url, picture_id) values (NULL, 'java.io.StringReader@1ac864d7', 890);
2022-10-10 14:33:47.096  INFO 4460 --- [    Test worker] p6spy                                    : #1665380027096 | took 0ms | statement | connection 22| url jdbc:h2:mem:ad3a9e80-f26d-4a3e-9691-17f803db5723
insert into picture (spot_id, url, picture_id) values (?, ?, ?)
insert into picture (spot_id, url, picture_id) values (NULL, 'java.io.StringReader@2406cc58', 891);
2022-10-10 14:33:47.096  INFO 4460 --- [    Test worker] p6spy                                    : #1665380027096 | took 0ms | statement | connection 22| url jdbc:h2:mem:ad3a9e80-f26d-4a3e-9691-17f803db5723
insert into spot (address, description, location, name, score_id, spot_id) values (?, ?, ?, ?, ?, ?)
insert into spot (address, description, location, name, score_id, spot_id) values (NULL, NULL, 'Aewol_eup', NULL, 209, 275);
2022-10-10 14:33:47.096  INFO 4460 --- [    Test worker] p6spy                                    : #1665380027096 | took 0ms | statement | connection 22| url jdbc:h2:mem:ad3a9e80-f26d-4a3e-9691-17f803db5723
insert into member_spot (member_id, score, spot_id, member_spot_id) values (?, ?, ?, ?)
insert into member_spot (member_id, score, spot_id, member_spot_id) values (13, 0.0, 275, 892);
2022-10-10 14:33:47.096  INFO 4460 --- [    Test worker] p6spy                                    : #1665380027096 | took 0ms | statement | connection 22| url jdbc:h2:mem:ad3a9e80-f26d-4a3e-9691-17f803db5723
insert into review (content, spot_id, review_id) values (?, ?, ?)
insert into review (content, spot_id, review_id) values ('java.io.StringReader@6056e9b4', 269, 211);
2022-10-10 14:33:47.096  INFO 4460 --- [    Test worker] p6spy                                    : #1665380027096 | took 0ms | statement | connection 22| url jdbc:h2:mem:ad3a9e80-f26d-4a3e-9691-17f803db5723
insert into favorite_spot (count, favorite_id, spot_id, favorite_spot_id) values (?, ?, ?, ?)
insert into favorite_spot (count, favorite_id, spot_id, favorite_spot_id) values (0, 36, 275, 274);
2022-10-10 14:33:47.096  INFO 4460 --- [    Test worker] p6spy                                    : #1665380027096 | took 0ms | statement | connection 22| url jdbc:h2:mem:ad3a9e80-f26d-4a3e-9691-17f803db5723
insert into score (facility_rank, facility_score, price_rank, price_score, rank_average, surround_rank, surround_score, view_rank, view_score, score_id) values (?, ?, ?, ?, ?, ?, ?, ?, ?, ?)
insert into score (facility_rank, facility_score, price_rank, price_score, rank_average, surround_rank, surround_score, view_rank, view_score, score_id) values (4.715770799132422, 0.5621893699220681, 8.923129576249334, 0.43808179819767257, 2.90876364984428, 7.3097870802168385, 5.165693103755254, 4.557836684456461, 2.2829759840737007, 210);
2022-10-10 14:33:47.096  INFO 4460 --- [    Test worker] p6spy                                    : #1665380027096 | took 0ms | statement | connection 22| url jdbc:h2:mem:ad3a9e80-f26d-4a3e-9691-17f803db5723
insert into picture (spot_id, url, picture_id) values (?, ?, ?)
insert into picture (spot_id, url, picture_id) values (NULL, 'java.io.StringReader@2d83ea1b', 893);
2022-10-10 14:33:47.096  INFO 4460 --- [    Test worker] p6spy                                    : #1665380027096 | took 0ms | statement | connection 22| url jdbc:h2:mem:ad3a9e80-f26d-4a3e-9691-17f803db5723
insert into picture (spot_id, url, picture_id) values (?, ?, ?)
insert into picture (spot_id, url, picture_id) values (NULL, 'java.io.StringReader@63730298', 894);
2022-10-10 14:33:47.096  INFO 4460 --- [    Test worker] p6spy                                    : #1665380027096 | took 0ms | statement | connection 22| url jdbc:h2:mem:ad3a9e80-f26d-4a3e-9691-17f803db5723
insert into picture (spot_id, url, picture_id) values (?, ?, ?)
insert into picture (spot_id, url, picture_id) values (NULL, 'java.io.StringReader@586e39e1', 895);
2022-10-10 14:33:47.096  INFO 4460 --- [    Test worker] p6spy                                    : #1665380027096 | took 0ms | statement | connection 22| url jdbc:h2:mem:ad3a9e80-f26d-4a3e-9691-17f803db5723
insert into spot (address, description, location, name, score_id, spot_id) values (?, ?, ?, ?, ?, ?)
insert into spot (address, description, location, name, score_id, spot_id) values (NULL, NULL, 'Aewol_eup', NULL, 210, 276);
2022-10-10 14:33:47.096  INFO 4460 --- [    Test worker] p6spy                                    : #1665380027096 | took 0ms | statement | connection 22| url jdbc:h2:mem:ad3a9e80-f26d-4a3e-9691-17f803db5723
insert into member_spot (member_id, score, spot_id, member_spot_id) values (?, ?, ?, ?)
insert into member_spot (member_id, score, spot_id, member_spot_id) values (13, 0.0, 276, 896);
2022-10-10 14:33:47.096  INFO 4460 --- [    Test worker] p6spy                                    : #1665380027096 | took 0ms | statement | connection 22| url jdbc:h2:mem:ad3a9e80-f26d-4a3e-9691-17f803db5723
insert into review (content, spot_id, review_id) values (?, ?, ?)
insert into review (content, spot_id, review_id) values ('java.io.StringReader@afef67', 269, 212);
2022-10-10 14:33:47.096  INFO 4460 --- [    Test worker] p6spy                                    : #1665380027096 | took 0ms | statement | connection 22| url jdbc:h2:mem:ad3a9e80-f26d-4a3e-9691-17f803db5723
insert into score (facility_rank, facility_score, price_rank, price_score, rank_average, surround_rank, surround_score, view_rank, view_score, score_id) values (?, ?, ?, ?, ?, ?, ?, ?, ?, ?)
insert into score (facility_rank, facility_score, price_rank, price_score, rank_average, surround_rank, surround_score, view_rank, view_score, score_id) values (6.023224537369941, 1.7163007310086331, 5.827569529649549, 1.0764232507283955, 6.500284002666527, 4.325873271406431, 7.1042947703262085, 5.428896524089319, 8.896446268594756, 211);
2022-10-10 14:33:47.097  INFO 4460 --- [    Test worker] p6spy                                    : #1665380027097 | took 0ms | statement | connection 22| url jdbc:h2:mem:ad3a9e80-f26d-4a3e-9691-17f803db5723
insert into picture (spot_id, url, picture_id) values (?, ?, ?)
insert into picture (spot_id, url, picture_id) values (NULL, 'java.io.StringReader@3c945a20', 897);
2022-10-10 14:33:47.097  INFO 4460 --- [    Test worker] p6spy                                    : #1665380027097 | took 0ms | statement | connection 22| url jdbc:h2:mem:ad3a9e80-f26d-4a3e-9691-17f803db5723
insert into picture (spot_id, url, picture_id) values (?, ?, ?)
insert into picture (spot_id, url, picture_id) values (NULL, 'java.io.StringReader@5f3c97c9', 898);
2022-10-10 14:33:47.097  INFO 4460 --- [    Test worker] p6spy                                    : #1665380027097 | took 0ms | statement | connection 22| url jdbc:h2:mem:ad3a9e80-f26d-4a3e-9691-17f803db5723
insert into picture (spot_id, url, picture_id) values (?, ?, ?)
insert into picture (spot_id, url, picture_id) values (NULL, 'java.io.StringReader@3c9a8c66', 899);
2022-10-10 14:33:47.097  INFO 4460 --- [    Test worker] p6spy                                    : #1665380027097 | took 0ms | statement | connection 22| url jdbc:h2:mem:ad3a9e80-f26d-4a3e-9691-17f803db5723
insert into spot (address, description, location, name, score_id, spot_id) values (?, ?, ?, ?, ?, ?)
insert into spot (address, description, location, name, score_id, spot_id) values (NULL, NULL, 'Aewol_eup', NULL, 211, 277);
2022-10-10 14:33:47.097  INFO 4460 --- [    Test worker] p6spy                                    : #1665380027097 | took 0ms | statement | connection 22| url jdbc:h2:mem:ad3a9e80-f26d-4a3e-9691-17f803db5723
insert into member_spot (member_id, score, spot_id, member_spot_id) values (?, ?, ?, ?)
insert into member_spot (member_id, score, spot_id, member_spot_id) values (13, 0.0, 277, 900);
2022-10-10 14:33:47.097  INFO 4460 --- [    Test worker] p6spy                                    : #1665380027097 | took 0ms | statement | connection 22| url jdbc:h2:mem:ad3a9e80-f26d-4a3e-9691-17f803db5723
insert into review (content, spot_id, review_id) values (?, ?, ?)
insert into review (content, spot_id, review_id) values ('java.io.StringReader@6f779773', 269, 213);
2022-10-10 14:33:47.097  INFO 4460 --- [    Test worker] p6spy                                    : #1665380027097 | took 0ms | statement | connection 22| url jdbc:h2:mem:ad3a9e80-f26d-4a3e-9691-17f803db5723
insert into favorite_spot (count, favorite_id, spot_id, favorite_spot_id) values (?, ?, ?, ?)
insert into favorite_spot (count, favorite_id, spot_id, favorite_spot_id) values (0, 36, 277, 275);
2022-10-10 14:33:47.097  INFO 4460 --- [    Test worker] p6spy                                    : #1665380027097 | took 0ms | statement | connection 22| url jdbc:h2:mem:ad3a9e80-f26d-4a3e-9691-17f803db5723
insert into score (facility_rank, facility_score, price_rank, price_score, rank_average, surround_rank, surround_score, view_rank, view_score, score_id) values (?, ?, ?, ?, ?, ?, ?, ?, ?, ?)
insert into score (facility_rank, facility_score, price_rank, price_score, rank_average, surround_rank, surround_score, view_rank, view_score, score_id) values (8.18667068964266, 7.2270558265444285, 1.3976158358040636, 3.2267897399865975, 8.81350511238522, 7.189526856370736, 1.726884262247964, 6.818192603504758, 0.0828180017132929, 212);
2022-10-10 14:33:47.097  INFO 4460 --- [    Test worker] p6spy                                    : #1665380027097 | took 0ms | statement | connection 22| url jdbc:h2:mem:ad3a9e80-f26d-4a3e-9691-17f803db5723
insert into picture (spot_id, url, picture_id) values (?, ?, ?)
insert into picture (spot_id, url, picture_id) values (NULL, 'java.io.StringReader@61354cd8', 901);
2022-10-10 14:33:47.097  INFO 4460 --- [    Test worker] p6spy                                    : #1665380027097 | took 0ms | statement | connection 22| url jdbc:h2:mem:ad3a9e80-f26d-4a3e-9691-17f803db5723
insert into picture (spot_id, url, picture_id) values (?, ?, ?)
insert into picture (spot_id, url, picture_id) values (NULL, 'java.io.StringReader@2fa44cdf', 902);
2022-10-10 14:33:47.097  INFO 4460 --- [    Test worker] p6spy                                    : #1665380027097 | took 0ms | statement | connection 22| url jdbc:h2:mem:ad3a9e80-f26d-4a3e-9691-17f803db5723
insert into picture (spot_id, url, picture_id) values (?, ?, ?)
insert into picture (spot_id, url, picture_id) values (NULL, 'java.io.StringReader@35953f91', 903);
2022-10-10 14:33:47.097  INFO 4460 --- [    Test worker] p6spy                                    : #1665380027097 | took 0ms | statement | connection 22| url jdbc:h2:mem:ad3a9e80-f26d-4a3e-9691-17f803db5723
insert into spot (address, description, location, name, score_id, spot_id) values (?, ?, ?, ?, ?, ?)
insert into spot (address, description, location, name, score_id, spot_id) values (NULL, NULL, 'Aewol_eup', NULL, 212, 278);
2022-10-10 14:33:47.097  INFO 4460 --- [    Test worker] p6spy                                    : #1665380027097 | took 0ms | statement | connection 22| url jdbc:h2:mem:ad3a9e80-f26d-4a3e-9691-17f803db5723
insert into member_spot (member_id, score, spot_id, member_spot_id) values (?, ?, ?, ?)
insert into member_spot (member_id, score, spot_id, member_spot_id) values (13, 0.0, 278, 904);
2022-10-10 14:33:47.097  INFO 4460 --- [    Test worker] p6spy                                    : #1665380027097 | took 0ms | statement | connection 22| url jdbc:h2:mem:ad3a9e80-f26d-4a3e-9691-17f803db5723
insert into review (content, spot_id, review_id) values (?, ?, ?)
insert into review (content, spot_id, review_id) values ('java.io.StringReader@1e709a4e', 269, 214);
2022-10-10 14:33:47.097  INFO 4460 --- [    Test worker] p6spy                                    : #1665380027097 | took 0ms | statement | connection 22| url jdbc:h2:mem:ad3a9e80-f26d-4a3e-9691-17f803db5723
insert into score (facility_rank, facility_score, price_rank, price_score, rank_average, surround_rank, surround_score, view_rank, view_score, score_id) values (?, ?, ?, ?, ?, ?, ?, ?, ?, ?)
insert into score (facility_rank, facility_score, price_rank, price_score, rank_average, surround_rank, surround_score, view_rank, view_score, score_id) values (6.172278651770506, 7.322965489077865, 0.9949936166397988, 6.337589531325534, 3.7436050579393876, 9.420866001451294, 3.6233876835166545, 4.645691888316214, 0.3114955523706897, 213);
2022-10-10 14:33:47.097  INFO 4460 --- [    Test worker] p6spy                                    : #1665380027097 | took 0ms | statement | connection 22| url jdbc:h2:mem:ad3a9e80-f26d-4a3e-9691-17f803db5723
insert into picture (spot_id, url, picture_id) values (?, ?, ?)
insert into picture (spot_id, url, picture_id) values (NULL, 'java.io.StringReader@3ea4efd6', 905);
2022-10-10 14:33:47.097  INFO 4460 --- [    Test worker] p6spy                                    : #1665380027097 | took 0ms | statement | connection 22| url jdbc:h2:mem:ad3a9e80-f26d-4a3e-9691-17f803db5723
insert into picture (spot_id, url, picture_id) values (?, ?, ?)
insert into picture (spot_id, url, picture_id) values (NULL, 'java.io.StringReader@662c09f6', 906);
2022-10-10 14:33:47.097  INFO 4460 --- [    Test worker] p6spy                                    : #1665380027097 | took 0ms | statement | connection 22| url jdbc:h2:mem:ad3a9e80-f26d-4a3e-9691-17f803db5723
insert into picture (spot_id, url, picture_id) values (?, ?, ?)
insert into picture (spot_id, url, picture_id) values (NULL, 'java.io.StringReader@30952535', 907);
2022-10-10 14:33:47.097  INFO 4460 --- [    Test worker] p6spy                                    : #1665380027097 | took 0ms | statement | connection 22| url jdbc:h2:mem:ad3a9e80-f26d-4a3e-9691-17f803db5723
insert into spot (address, description, location, name, score_id, spot_id) values (?, ?, ?, ?, ?, ?)
insert into spot (address, description, location, name, score_id, spot_id) values (NULL, NULL, 'Aewol_eup', NULL, 213, 279);
2022-10-10 14:33:47.097  INFO 4460 --- [    Test worker] p6spy                                    : #1665380027097 | took 0ms | statement | connection 22| url jdbc:h2:mem:ad3a9e80-f26d-4a3e-9691-17f803db5723
insert into member_spot (member_id, score, spot_id, member_spot_id) values (?, ?, ?, ?)
insert into member_spot (member_id, score, spot_id, member_spot_id) values (13, 0.0, 279, 908);
2022-10-10 14:33:47.097  INFO 4460 --- [    Test worker] p6spy                                    : #1665380027097 | took 0ms | statement | connection 22| url jdbc:h2:mem:ad3a9e80-f26d-4a3e-9691-17f803db5723
insert into review (content, spot_id, review_id) values (?, ?, ?)
insert into review (content, spot_id, review_id) values ('java.io.StringReader@5e24661a', 269, 215);
2022-10-10 14:33:47.097  INFO 4460 --- [    Test worker] p6spy                                    : #1665380027097 | took 0ms | statement | connection 22| url jdbc:h2:mem:ad3a9e80-f26d-4a3e-9691-17f803db5723
insert into favorite_spot (count, favorite_id, spot_id, favorite_spot_id) values (?, ?, ?, ?)
insert into favorite_spot (count, favorite_id, spot_id, favorite_spot_id) values (0, 36, 279, 276);
2022-10-10 14:33:47.097  INFO 4460 --- [    Test worker] p6spy                                    : #1665380027097 | took 0ms | statement | connection 22| url jdbc:h2:mem:ad3a9e80-f26d-4a3e-9691-17f803db5723
insert into score (facility_rank, facility_score, price_rank, price_score, rank_average, surround_rank, surround_score, view_rank, view_score, score_id) values (?, ?, ?, ?, ?, ?, ?, ?, ?, ?)
insert into score (facility_rank, facility_score, price_rank, price_score, rank_average, surround_rank, surround_score, view_rank, view_score, score_id) values (6.236534446303807, 3.3583251108646794, 2.8823218050905455, 7.779001693154932, 4.777066006808334, 8.35256604190715, 9.72796019606603, 8.904753747539583, 0.21892023004817407, 214);
2022-10-10 14:33:47.097  INFO 4460 --- [    Test worker] p6spy                                    : #1665380027097 | took 0ms | statement | connection 22| url jdbc:h2:mem:ad3a9e80-f26d-4a3e-9691-17f803db5723
insert into picture (spot_id, url, picture_id) values (?, ?, ?)
insert into picture (spot_id, url, picture_id) values (NULL, 'java.io.StringReader@2931cbd3', 909);
2022-10-10 14:33:47.097  INFO 4460 --- [    Test worker] p6spy                                    : #1665380027097 | took 0ms | statement | connection 22| url jdbc:h2:mem:ad3a9e80-f26d-4a3e-9691-17f803db5723
insert into picture (spot_id, url, picture_id) values (?, ?, ?)
insert into picture (spot_id, url, picture_id) values (NULL, 'java.io.StringReader@316b0194', 910);
2022-10-10 14:33:47.097  INFO 4460 --- [    Test worker] p6spy                                    : #1665380027097 | took 0ms | statement | connection 22| url jdbc:h2:mem:ad3a9e80-f26d-4a3e-9691-17f803db5723
insert into picture (spot_id, url, picture_id) values (?, ?, ?)
insert into picture (spot_id, url, picture_id) values (NULL, 'java.io.StringReader@18bfbcd2', 911);
2022-10-10 14:33:47.097  INFO 4460 --- [    Test worker] p6spy                                    : #1665380027097 | took 0ms | statement | connection 22| url jdbc:h2:mem:ad3a9e80-f26d-4a3e-9691-17f803db5723
insert into spot (address, description, location, name, score_id, spot_id) values (?, ?, ?, ?, ?, ?)
insert into spot (address, description, location, name, score_id, spot_id) values (NULL, NULL, 'Aewol_eup', NULL, 214, 280);
2022-10-10 14:33:47.097  INFO 4460 --- [    Test worker] p6spy                                    : #1665380027097 | took 0ms | statement | connection 22| url jdbc:h2:mem:ad3a9e80-f26d-4a3e-9691-17f803db5723
insert into member_spot (member_id, score, spot_id, member_spot_id) values (?, ?, ?, ?)
insert into member_spot (member_id, score, spot_id, member_spot_id) values (13, 0.0, 280, 912);
2022-10-10 14:33:47.097  INFO 4460 --- [    Test worker] p6spy                                    : #1665380027097 | took 0ms | statement | connection 22| url jdbc:h2:mem:ad3a9e80-f26d-4a3e-9691-17f803db5723
insert into review (content, spot_id, review_id) values (?, ?, ?)
insert into review (content, spot_id, review_id) values ('java.io.StringReader@31733839', 269, 216);
2022-10-10 14:33:47.098  INFO 4460 --- [    Test worker] p6spy                                    : #1665380027098 | took 0ms | statement | connection 22| url jdbc:h2:mem:ad3a9e80-f26d-4a3e-9691-17f803db5723
insert into score (facility_rank, facility_score, price_rank, price_score, rank_average, surround_rank, surround_score, view_rank, view_score, score_id) values (?, ?, ?, ?, ?, ?, ?, ?, ?, ?)
insert into score (facility_rank, facility_score, price_rank, price_score, rank_average, surround_rank, surround_score, view_rank, view_score, score_id) values (2.2481738002433915, 6.62542110483844, 8.671809797196813, 9.402250115595356, 2.7187485253394117, 6.3489655806874765, 9.980663381924785, 7.992713395818834, 8.335245983345484, 215);
2022-10-10 14:33:47.098  INFO 4460 --- [    Test worker] p6spy                                    : #1665380027098 | took 0ms | statement | connection 22| url jdbc:h2:mem:ad3a9e80-f26d-4a3e-9691-17f803db5723
insert into picture (spot_id, url, picture_id) values (?, ?, ?)
insert into picture (spot_id, url, picture_id) values (NULL, 'java.io.StringReader@2c69eec5', 913);
2022-10-10 14:33:47.098  INFO 4460 --- [    Test worker] p6spy                                    : #1665380027098 | took 0ms | statement | connection 22| url jdbc:h2:mem:ad3a9e80-f26d-4a3e-9691-17f803db5723
insert into picture (spot_id, url, picture_id) values (?, ?, ?)
insert into picture (spot_id, url, picture_id) values (NULL, 'java.io.StringReader@4642b0f8', 914);
2022-10-10 14:33:47.098  INFO 4460 --- [    Test worker] p6spy                                    : #1665380027098 | took 0ms | statement | connection 22| url jdbc:h2:mem:ad3a9e80-f26d-4a3e-9691-17f803db5723
insert into picture (spot_id, url, picture_id) values (?, ?, ?)
insert into picture (spot_id, url, picture_id) values (NULL, 'java.io.StringReader@24002c5e', 915);
2022-10-10 14:33:47.098  INFO 4460 --- [    Test worker] p6spy                                    : #1665380027098 | took 0ms | statement | connection 22| url jdbc:h2:mem:ad3a9e80-f26d-4a3e-9691-17f803db5723
insert into spot (address, description, location, name, score_id, spot_id) values (?, ?, ?, ?, ?, ?)
insert into spot (address, description, location, name, score_id, spot_id) values (NULL, NULL, 'Aewol_eup', NULL, 215, 281);
2022-10-10 14:33:47.098  INFO 4460 --- [    Test worker] p6spy                                    : #1665380027098 | took 0ms | statement | connection 22| url jdbc:h2:mem:ad3a9e80-f26d-4a3e-9691-17f803db5723
insert into member_spot (member_id, score, spot_id, member_spot_id) values (?, ?, ?, ?)
insert into member_spot (member_id, score, spot_id, member_spot_id) values (13, 0.0, 281, 916);
2022-10-10 14:33:47.098  INFO 4460 --- [    Test worker] p6spy                                    : #1665380027098 | took 0ms | statement | connection 22| url jdbc:h2:mem:ad3a9e80-f26d-4a3e-9691-17f803db5723
insert into review (content, spot_id, review_id) values (?, ?, ?)
insert into review (content, spot_id, review_id) values ('java.io.StringReader@242ca475', 269, 217);
2022-10-10 14:33:47.098  INFO 4460 --- [    Test worker] p6spy                                    : #1665380027098 | took 0ms | statement | connection 22| url jdbc:h2:mem:ad3a9e80-f26d-4a3e-9691-17f803db5723
insert into favorite_spot (count, favorite_id, spot_id, favorite_spot_id) values (?, ?, ?, ?)
insert into favorite_spot (count, favorite_id, spot_id, favorite_spot_id) values (0, 36, 281, 277);
2022-10-10 14:33:47.098  INFO 4460 --- [    Test worker] p6spy                                    : #1665380027098 | took 0ms | statement | connection 22| url jdbc:h2:mem:ad3a9e80-f26d-4a3e-9691-17f803db5723
insert into score (facility_rank, facility_score, price_rank, price_score, rank_average, surround_rank, surround_score, view_rank, view_score, score_id) values (?, ?, ?, ?, ?, ?, ?, ?, ?, ?)
insert into score (facility_rank, facility_score, price_rank, price_score, rank_average, surround_rank, surround_score, view_rank, view_score, score_id) values (8.661846799518301, 9.745180624355562, 9.892210179351927, 0.41983697212682247, 9.49935655514502, 4.157297571250208, 1.77447091946487, 6.44621108316144, 7.666089274057544, 216);
2022-10-10 14:33:47.098  INFO 4460 --- [    Test worker] p6spy                                    : #1665380027098 | took 0ms | statement | connection 22| url jdbc:h2:mem:ad3a9e80-f26d-4a3e-9691-17f803db5723
insert into picture (spot_id, url, picture_id) values (?, ?, ?)
insert into picture (spot_id, url, picture_id) values (NULL, 'java.io.StringReader@57598bc7', 917);
2022-10-10 14:33:47.098  INFO 4460 --- [    Test worker] p6spy                                    : #1665380027098 | took 0ms | statement | connection 22| url jdbc:h2:mem:ad3a9e80-f26d-4a3e-9691-17f803db5723
insert into picture (spot_id, url, picture_id) values (?, ?, ?)
insert into picture (spot_id, url, picture_id) values (NULL, 'java.io.StringReader@3b9226c4', 918);
2022-10-10 14:33:47.098  INFO 4460 --- [    Test worker] p6spy                                    : #1665380027098 | took 0ms | statement | connection 22| url jdbc:h2:mem:ad3a9e80-f26d-4a3e-9691-17f803db5723
insert into picture (spot_id, url, picture_id) values (?, ?, ?)
insert into picture (spot_id, url, picture_id) values (NULL, 'java.io.StringReader@2aa398f3', 919);
2022-10-10 14:33:47.098  INFO 4460 --- [    Test worker] p6spy                                    : #1665380027098 | took 0ms | statement | connection 22| url jdbc:h2:mem:ad3a9e80-f26d-4a3e-9691-17f803db5723
insert into spot (address, description, location, name, score_id, spot_id) values (?, ?, ?, ?, ?, ?)
insert into spot (address, description, location, name, score_id, spot_id) values (NULL, NULL, 'Aewol_eup', NULL, 216, 282);
2022-10-10 14:33:47.098  INFO 4460 --- [    Test worker] p6spy                                    : #1665380027098 | took 0ms | statement | connection 22| url jdbc:h2:mem:ad3a9e80-f26d-4a3e-9691-17f803db5723
insert into member_spot (member_id, score, spot_id, member_spot_id) values (?, ?, ?, ?)
insert into member_spot (member_id, score, spot_id, member_spot_id) values (13, 0.0, 282, 920);
2022-10-10 14:33:47.098  INFO 4460 --- [    Test worker] p6spy                                    : #1665380027098 | took 0ms | statement | connection 22| url jdbc:h2:mem:ad3a9e80-f26d-4a3e-9691-17f803db5723
insert into review (content, spot_id, review_id) values (?, ?, ?)
insert into review (content, spot_id, review_id) values ('java.io.StringReader@3b4e6329', 269, 218);
2022-10-10 14:33:47.098  INFO 4460 --- [    Test worker] p6spy                                    : #1665380027098 | took 0ms | statement | connection 22| url jdbc:h2:mem:ad3a9e80-f26d-4a3e-9691-17f803db5723
insert into score (facility_rank, facility_score, price_rank, price_score, rank_average, surround_rank, surround_score, view_rank, view_score, score_id) values (?, ?, ?, ?, ?, ?, ?, ?, ?, ?)
insert into score (facility_rank, facility_score, price_rank, price_score, rank_average, surround_rank, surround_score, view_rank, view_score, score_id) values (1.5624208299715114, 4.440952417097077, 5.9355627821102575, 6.638467062155826, 3.0568728467633868, 6.639110419456367, 3.0202550502781245, 3.466515013456788, 4.118923564605328, 217);
2022-10-10 14:33:47.098  INFO 4460 --- [    Test worker] p6spy                                    : #1665380027098 | took 0ms | statement | connection 22| url jdbc:h2:mem:ad3a9e80-f26d-4a3e-9691-17f803db5723
insert into picture (spot_id, url, picture_id) values (?, ?, ?)
insert into picture (spot_id, url, picture_id) values (NULL, 'java.io.StringReader@7fdfa8c2', 921);
2022-10-10 14:33:47.098  INFO 4460 --- [    Test worker] p6spy                                    : #1665380027098 | took 0ms | statement | connection 22| url jdbc:h2:mem:ad3a9e80-f26d-4a3e-9691-17f803db5723
insert into picture (spot_id, url, picture_id) values (?, ?, ?)
insert into picture (spot_id, url, picture_id) values (NULL, 'java.io.StringReader@7082d3e2', 922);
2022-10-10 14:33:47.098  INFO 4460 --- [    Test worker] p6spy                                    : #1665380027098 | took 0ms | statement | connection 22| url jdbc:h2:mem:ad3a9e80-f26d-4a3e-9691-17f803db5723
insert into picture (spot_id, url, picture_id) values (?, ?, ?)
insert into picture (spot_id, url, picture_id) values (NULL, 'java.io.StringReader@1a5c6b3e', 923);
2022-10-10 14:33:47.098  INFO 4460 --- [    Test worker] p6spy                                    : #1665380027098 | took 0ms | statement | connection 22| url jdbc:h2:mem:ad3a9e80-f26d-4a3e-9691-17f803db5723
insert into spot (address, description, location, name, score_id, spot_id) values (?, ?, ?, ?, ?, ?)
insert into spot (address, description, location, name, score_id, spot_id) values (NULL, NULL, 'Aewol_eup', NULL, 217, 283);
2022-10-10 14:33:47.098  INFO 4460 --- [    Test worker] p6spy                                    : #1665380027098 | took 0ms | statement | connection 22| url jdbc:h2:mem:ad3a9e80-f26d-4a3e-9691-17f803db5723
insert into member_spot (member_id, score, spot_id, member_spot_id) values (?, ?, ?, ?)
insert into member_spot (member_id, score, spot_id, member_spot_id) values (13, 0.0, 283, 924);
2022-10-10 14:33:47.098  INFO 4460 --- [    Test worker] p6spy                                    : #1665380027098 | took 0ms | statement | connection 22| url jdbc:h2:mem:ad3a9e80-f26d-4a3e-9691-17f803db5723
insert into review (content, spot_id, review_id) values (?, ?, ?)
insert into review (content, spot_id, review_id) values ('java.io.StringReader@4f7848ad', 269, 219);
2022-10-10 14:33:47.098  INFO 4460 --- [    Test worker] p6spy                                    : #1665380027098 | took 0ms | statement | connection 22| url jdbc:h2:mem:ad3a9e80-f26d-4a3e-9691-17f803db5723
insert into favorite_spot (count, favorite_id, spot_id, favorite_spot_id) values (?, ?, ?, ?)
insert into favorite_spot (count, favorite_id, spot_id, favorite_spot_id) values (0, 36, 283, 278);
2022-10-10 14:33:47.098  INFO 4460 --- [    Test worker] p6spy                                    : #1665380027098 | took 0ms | statement | connection 22| url jdbc:h2:mem:ad3a9e80-f26d-4a3e-9691-17f803db5723
insert into score (facility_rank, facility_score, price_rank, price_score, rank_average, surround_rank, surround_score, view_rank, view_score, score_id) values (?, ?, ?, ?, ?, ?, ?, ?, ?, ?)
insert into score (facility_rank, facility_score, price_rank, price_score, rank_average, surround_rank, surround_score, view_rank, view_score, score_id) values (9.38942825227144, 1.429153501411865, 5.443495890844092, 9.012268940402269, 1.9374491004728112, 3.4682955741566723, 9.43500757259222, 1.6528299119636136, 2.602720077787024, 218);
2022-10-10 14:33:47.098  INFO 4460 --- [    Test worker] p6spy                                    : #1665380027098 | took 0ms | statement | connection 22| url jdbc:h2:mem:ad3a9e80-f26d-4a3e-9691-17f803db5723
insert into picture (spot_id, url, picture_id) values (?, ?, ?)
insert into picture (spot_id, url, picture_id) values (NULL, 'java.io.StringReader@4e725977', 925);
2022-10-10 14:33:47.098  INFO 4460 --- [    Test worker] p6spy                                    : #1665380027098 | took 0ms | statement | connection 22| url jdbc:h2:mem:ad3a9e80-f26d-4a3e-9691-17f803db5723
insert into picture (spot_id, url, picture_id) values (?, ?, ?)
insert into picture (spot_id, url, picture_id) values (NULL, 'java.io.StringReader@28e8c2d6', 926);
2022-10-10 14:33:47.098  INFO 4460 --- [    Test worker] p6spy                                    : #1665380027098 | took 0ms | statement | connection 22| url jdbc:h2:mem:ad3a9e80-f26d-4a3e-9691-17f803db5723
insert into picture (spot_id, url, picture_id) values (?, ?, ?)
insert into picture (spot_id, url, picture_id) values (NULL, 'java.io.StringReader@3aa6fef3', 927);
2022-10-10 14:33:47.098  INFO 4460 --- [    Test worker] p6spy                                    : #1665380027098 | took 0ms | statement | connection 22| url jdbc:h2:mem:ad3a9e80-f26d-4a3e-9691-17f803db5723
insert into spot (address, description, location, name, score_id, spot_id) values (?, ?, ?, ?, ?, ?)
insert into spot (address, description, location, name, score_id, spot_id) values (NULL, NULL, 'Aewol_eup', NULL, 218, 284);
2022-10-10 14:33:47.098  INFO 4460 --- [    Test worker] p6spy                                    : #1665380027098 | took 0ms | statement | connection 22| url jdbc:h2:mem:ad3a9e80-f26d-4a3e-9691-17f803db5723
insert into member_spot (member_id, score, spot_id, member_spot_id) values (?, ?, ?, ?)
insert into member_spot (member_id, score, spot_id, member_spot_id) values (13, 0.0, 284, 928);
2022-10-10 14:33:47.098  INFO 4460 --- [    Test worker] p6spy                                    : #1665380027098 | took 0ms | statement | connection 22| url jdbc:h2:mem:ad3a9e80-f26d-4a3e-9691-17f803db5723
insert into review (content, spot_id, review_id) values (?, ?, ?)
insert into review (content, spot_id, review_id) values ('java.io.StringReader@6a8ebb66', 269, 220);
2022-10-10 14:33:47.098  INFO 4460 --- [    Test worker] p6spy                                    : #1665380027098 | took 0ms | statement | connection 22| url jdbc:h2:mem:ad3a9e80-f26d-4a3e-9691-17f803db5723
insert into score (facility_rank, facility_score, price_rank, price_score, rank_average, surround_rank, surround_score, view_rank, view_score, score_id) values (?, ?, ?, ?, ?, ?, ?, ?, ?, ?)
insert into score (facility_rank, facility_score, price_rank, price_score, rank_average, surround_rank, surround_score, view_rank, view_score, score_id) values (2.175380803631671, 2.8520564355346067, 6.2292358277101565, 6.725888423638225, 0.4966396430009523, 8.292159214512983, 4.8899889726915955, 2.3961562136302375, 5.904964375200617, 219);
2022-10-10 14:33:47.098  INFO 4460 --- [    Test worker] p6spy                                    : #1665380027098 | took 0ms | statement | connection 22| url jdbc:h2:mem:ad3a9e80-f26d-4a3e-9691-17f803db5723
insert into picture (spot_id, url, picture_id) values (?, ?, ?)
insert into picture (spot_id, url, picture_id) values (NULL, 'java.io.StringReader@31b1e3ab', 929);
2022-10-10 14:33:47.098  INFO 4460 --- [    Test worker] p6spy                                    : #1665380027098 | took 0ms | statement | connection 22| url jdbc:h2:mem:ad3a9e80-f26d-4a3e-9691-17f803db5723
insert into picture (spot_id, url, picture_id) values (?, ?, ?)
insert into picture (spot_id, url, picture_id) values (NULL, 'java.io.StringReader@1dad9dfb', 930);
2022-10-10 14:33:47.098  INFO 4460 --- [    Test worker] p6spy                                    : #1665380027098 | took 0ms | statement | connection 22| url jdbc:h2:mem:ad3a9e80-f26d-4a3e-9691-17f803db5723
insert into picture (spot_id, url, picture_id) values (?, ?, ?)
insert into picture (spot_id, url, picture_id) values (NULL, 'java.io.StringReader@494defe3', 931);
2022-10-10 14:33:47.099  INFO 4460 --- [    Test worker] p6spy                                    : #1665380027099 | took 0ms | statement | connection 22| url jdbc:h2:mem:ad3a9e80-f26d-4a3e-9691-17f803db5723
insert into spot (address, description, location, name, score_id, spot_id) values (?, ?, ?, ?, ?, ?)
insert into spot (address, description, location, name, score_id, spot_id) values (NULL, NULL, 'Aewol_eup', NULL, 219, 285);
2022-10-10 14:33:47.099  INFO 4460 --- [    Test worker] p6spy                                    : #1665380027099 | took 0ms | statement | connection 22| url jdbc:h2:mem:ad3a9e80-f26d-4a3e-9691-17f803db5723
insert into member_spot (member_id, score, spot_id, member_spot_id) values (?, ?, ?, ?)
insert into member_spot (member_id, score, spot_id, member_spot_id) values (13, 0.0, 285, 932);
2022-10-10 14:33:47.099  INFO 4460 --- [    Test worker] p6spy                                    : #1665380027099 | took 0ms | statement | connection 22| url jdbc:h2:mem:ad3a9e80-f26d-4a3e-9691-17f803db5723
insert into review (content, spot_id, review_id) values (?, ?, ?)
insert into review (content, spot_id, review_id) values ('java.io.StringReader@5f1f59e3', 269, 221);
2022-10-10 14:33:47.099  INFO 4460 --- [    Test worker] p6spy                                    : #1665380027099 | took 0ms | statement | connection 22| url jdbc:h2:mem:ad3a9e80-f26d-4a3e-9691-17f803db5723
insert into favorite_spot (count, favorite_id, spot_id, favorite_spot_id) values (?, ?, ?, ?)
insert into favorite_spot (count, favorite_id, spot_id, favorite_spot_id) values (0, 36, 285, 279);
2022-10-10 14:33:47.099  INFO 4460 --- [    Test worker] p6spy                                    : #1665380027099 | took 0ms | statement | connection 22| url jdbc:h2:mem:ad3a9e80-f26d-4a3e-9691-17f803db5723
insert into score (facility_rank, facility_score, price_rank, price_score, rank_average, surround_rank, surround_score, view_rank, view_score, score_id) values (?, ?, ?, ?, ?, ?, ?, ?, ?, ?)
insert into score (facility_rank, facility_score, price_rank, price_score, rank_average, surround_rank, surround_score, view_rank, view_score, score_id) values (1.1686222866226914, 5.797040317076288, 3.451473204027823, 4.130215904472393, 6.959567774961847, 6.143701308956957, 5.573840825565506, 6.4590576422735015, 6.297674065583129, 220);
2022-10-10 14:33:47.099  INFO 4460 --- [    Test worker] p6spy                                    : #1665380027099 | took 0ms | statement | connection 22| url jdbc:h2:mem:ad3a9e80-f26d-4a3e-9691-17f803db5723
insert into picture (spot_id, url, picture_id) values (?, ?, ?)
insert into picture (spot_id, url, picture_id) values (NULL, 'java.io.StringReader@51c8a421', 933);
2022-10-10 14:33:47.099  INFO 4460 --- [    Test worker] p6spy                                    : #1665380027099 | took 0ms | statement | connection 22| url jdbc:h2:mem:ad3a9e80-f26d-4a3e-9691-17f803db5723
insert into picture (spot_id, url, picture_id) values (?, ?, ?)
insert into picture (spot_id, url, picture_id) values (NULL, 'java.io.StringReader@261ddbf5', 934);
2022-10-10 14:33:47.099  INFO 4460 --- [    Test worker] p6spy                                    : #1665380027099 | took 0ms | statement | connection 22| url jdbc:h2:mem:ad3a9e80-f26d-4a3e-9691-17f803db5723
insert into picture (spot_id, url, picture_id) values (?, ?, ?)
insert into picture (spot_id, url, picture_id) values (NULL, 'java.io.StringReader@5f4452bb', 935);
2022-10-10 14:33:47.099  INFO 4460 --- [    Test worker] p6spy                                    : #1665380027099 | took 0ms | statement | connection 22| url jdbc:h2:mem:ad3a9e80-f26d-4a3e-9691-17f803db5723
insert into spot (address, description, location, name, score_id, spot_id) values (?, ?, ?, ?, ?, ?)
insert into spot (address, description, location, name, score_id, spot_id) values (NULL, NULL, 'Aewol_eup', NULL, 220, 286);
2022-10-10 14:33:47.099  INFO 4460 --- [    Test worker] p6spy                                    : #1665380027099 | took 0ms | statement | connection 22| url jdbc:h2:mem:ad3a9e80-f26d-4a3e-9691-17f803db5723
insert into member_spot (member_id, score, spot_id, member_spot_id) values (?, ?, ?, ?)
insert into member_spot (member_id, score, spot_id, member_spot_id) values (13, 0.0, 286, 936);
2022-10-10 14:33:47.099  INFO 4460 --- [    Test worker] p6spy                                    : #1665380027099 | took 0ms | statement | connection 22| url jdbc:h2:mem:ad3a9e80-f26d-4a3e-9691-17f803db5723
insert into review (content, spot_id, review_id) values (?, ?, ?)
insert into review (content, spot_id, review_id) values ('java.io.StringReader@46ebe72a', 269, 222);
2022-10-10 14:33:47.099  INFO 4460 --- [    Test worker] p6spy                                    : #1665380027099 | took 0ms | statement | connection 22| url jdbc:h2:mem:ad3a9e80-f26d-4a3e-9691-17f803db5723
insert into score (facility_rank, facility_score, price_rank, price_score, rank_average, surround_rank, surround_score, view_rank, view_score, score_id) values (?, ?, ?, ?, ?, ?, ?, ?, ?, ?)
insert into score (facility_rank, facility_score, price_rank, price_score, rank_average, surround_rank, surround_score, view_rank, view_score, score_id) values (0.3410051335894737, 3.3685849031325343, 2.511827435919166, 6.582260361518379, 6.5276175067769335, 6.9893138752878485, 6.967719076470252, 1.7001259500024835, 0.3426256470181188, 221);
2022-10-10 14:33:47.099  INFO 4460 --- [    Test worker] p6spy                                    : #1665380027099 | took 0ms | statement | connection 22| url jdbc:h2:mem:ad3a9e80-f26d-4a3e-9691-17f803db5723
insert into picture (spot_id, url, picture_id) values (?, ?, ?)
insert into picture (spot_id, url, picture_id) values (NULL, 'java.io.StringReader@4b87ddbe', 937);
2022-10-10 14:33:47.099  INFO 4460 --- [    Test worker] p6spy                                    : #1665380027099 | took 0ms | statement | connection 22| url jdbc:h2:mem:ad3a9e80-f26d-4a3e-9691-17f803db5723
insert into picture (spot_id, url, picture_id) values (?, ?, ?)
insert into picture (spot_id, url, picture_id) values (NULL, 'java.io.StringReader@3d3d6089', 938);
2022-10-10 14:33:47.099  INFO 4460 --- [    Test worker] p6spy                                    : #1665380027099 | took 0ms | statement | connection 22| url jdbc:h2:mem:ad3a9e80-f26d-4a3e-9691-17f803db5723
insert into picture (spot_id, url, picture_id) values (?, ?, ?)
insert into picture (spot_id, url, picture_id) values (NULL, 'java.io.StringReader@4e5dd9b', 939);
2022-10-10 14:33:47.099  INFO 4460 --- [    Test worker] p6spy                                    : #1665380027099 | took 0ms | statement | connection 22| url jdbc:h2:mem:ad3a9e80-f26d-4a3e-9691-17f803db5723
insert into spot (address, description, location, name, score_id, spot_id) values (?, ?, ?, ?, ?, ?)
insert into spot (address, description, location, name, score_id, spot_id) values (NULL, NULL, 'Aewol_eup', NULL, 221, 287);
2022-10-10 14:33:47.099  INFO 4460 --- [    Test worker] p6spy                                    : #1665380027099 | took 0ms | statement | connection 22| url jdbc:h2:mem:ad3a9e80-f26d-4a3e-9691-17f803db5723
insert into member_spot (member_id, score, spot_id, member_spot_id) values (?, ?, ?, ?)
insert into member_spot (member_id, score, spot_id, member_spot_id) values (13, 0.0, 287, 940);
2022-10-10 14:33:47.099  INFO 4460 --- [    Test worker] p6spy                                    : #1665380027099 | took 0ms | statement | connection 22| url jdbc:h2:mem:ad3a9e80-f26d-4a3e-9691-17f803db5723
insert into review (content, spot_id, review_id) values (?, ?, ?)
insert into review (content, spot_id, review_id) values ('java.io.StringReader@7928e5ce', 269, 223);
2022-10-10 14:33:47.099  INFO 4460 --- [    Test worker] p6spy                                    : #1665380027099 | took 0ms | statement | connection 22| url jdbc:h2:mem:ad3a9e80-f26d-4a3e-9691-17f803db5723
insert into favorite_spot (count, favorite_id, spot_id, favorite_spot_id) values (?, ?, ?, ?)
insert into favorite_spot (count, favorite_id, spot_id, favorite_spot_id) values (0, 36, 287, 280);
2022-10-10 14:33:47.099  INFO 4460 --- [    Test worker] p6spy                                    : #1665380027099 | took 0ms | statement | connection 22| url jdbc:h2:mem:ad3a9e80-f26d-4a3e-9691-17f803db5723
insert into score (facility_rank, facility_score, price_rank, price_score, rank_average, surround_rank, surround_score, view_rank, view_score, score_id) values (?, ?, ?, ?, ?, ?, ?, ?, ?, ?)
insert into score (facility_rank, facility_score, price_rank, price_score, rank_average, surround_rank, surround_score, view_rank, view_score, score_id) values (4.910324934158493, 5.606232425789832, 8.159112433687758, 2.8327284420917653, 1.5047664038459485, 9.252806776096662, 5.473731108231117, 6.612399468745976, 8.01924300193561, 222);
2022-10-10 14:33:47.099  INFO 4460 --- [    Test worker] p6spy                                    : #1665380027099 | took 0ms | statement | connection 22| url jdbc:h2:mem:ad3a9e80-f26d-4a3e-9691-17f803db5723
insert into picture (spot_id, url, picture_id) values (?, ?, ?)
insert into picture (spot_id, url, picture_id) values (NULL, 'java.io.StringReader@42046dbf', 941);
2022-10-10 14:33:47.099  INFO 4460 --- [    Test worker] p6spy                                    : #1665380027099 | took 0ms | statement | connection 22| url jdbc:h2:mem:ad3a9e80-f26d-4a3e-9691-17f803db5723
insert into picture (spot_id, url, picture_id) values (?, ?, ?)
insert into picture (spot_id, url, picture_id) values (NULL, 'java.io.StringReader@2b80dc62', 942);
2022-10-10 14:33:47.099  INFO 4460 --- [    Test worker] p6spy                                    : #1665380027099 | took 0ms | statement | connection 22| url jdbc:h2:mem:ad3a9e80-f26d-4a3e-9691-17f803db5723
insert into picture (spot_id, url, picture_id) values (?, ?, ?)
insert into picture (spot_id, url, picture_id) values (NULL, 'java.io.StringReader@7c7e4f05', 943);
2022-10-10 14:33:47.099  INFO 4460 --- [    Test worker] p6spy                                    : #1665380027099 | took 0ms | statement | connection 22| url jdbc:h2:mem:ad3a9e80-f26d-4a3e-9691-17f803db5723
insert into spot (address, description, location, name, score_id, spot_id) values (?, ?, ?, ?, ?, ?)
insert into spot (address, description, location, name, score_id, spot_id) values (NULL, NULL, 'Aewol_eup', NULL, 222, 288);
2022-10-10 14:33:47.099  INFO 4460 --- [    Test worker] p6spy                                    : #1665380027099 | took 0ms | statement | connection 22| url jdbc:h2:mem:ad3a9e80-f26d-4a3e-9691-17f803db5723
insert into member_spot (member_id, score, spot_id, member_spot_id) values (?, ?, ?, ?)
insert into member_spot (member_id, score, spot_id, member_spot_id) values (13, 0.0, 288, 944);
2022-10-10 14:33:47.099  INFO 4460 --- [    Test worker] p6spy                                    : #1665380027099 | took 0ms | statement | connection 22| url jdbc:h2:mem:ad3a9e80-f26d-4a3e-9691-17f803db5723
insert into review (content, spot_id, review_id) values (?, ?, ?)
insert into review (content, spot_id, review_id) values ('java.io.StringReader@1c7f3eae', 269, 224);
2022-10-10 14:33:47.099  INFO 4460 --- [    Test worker] p6spy                                    : #1665380027099 | took 0ms | statement | connection 22| url jdbc:h2:mem:ad3a9e80-f26d-4a3e-9691-17f803db5723
insert into score (facility_rank, facility_score, price_rank, price_score, rank_average, surround_rank, surround_score, view_rank, view_score, score_id) values (?, ?, ?, ?, ?, ?, ?, ?, ?, ?)
insert into score (facility_rank, facility_score, price_rank, price_score, rank_average, surround_rank, surround_score, view_rank, view_score, score_id) values (3.8965503254640144, 1.5189824710805622, 3.130604622568981, 7.359513689157236, 3.0633982264009796, 3.5868754304203634, 5.426022553344332, 5.976201572343714, 4.502890126051689, 223);
2022-10-10 14:33:47.099  INFO 4460 --- [    Test worker] p6spy                                    : #1665380027099 | took 0ms | statement | connection 22| url jdbc:h2:mem:ad3a9e80-f26d-4a3e-9691-17f803db5723
insert into picture (spot_id, url, picture_id) values (?, ?, ?)
insert into picture (spot_id, url, picture_id) values (NULL, 'java.io.StringReader@1441dc49', 945);
2022-10-10 14:33:47.099  INFO 4460 --- [    Test worker] p6spy                                    : #1665380027099 | took 0ms | statement | connection 22| url jdbc:h2:mem:ad3a9e80-f26d-4a3e-9691-17f803db5723
insert into picture (spot_id, url, picture_id) values (?, ?, ?)
insert into picture (spot_id, url, picture_id) values (NULL, 'java.io.StringReader@631ccd95', 946);
2022-10-10 14:33:47.099  INFO 4460 --- [    Test worker] p6spy                                    : #1665380027099 | took 0ms | statement | connection 22| url jdbc:h2:mem:ad3a9e80-f26d-4a3e-9691-17f803db5723
insert into picture (spot_id, url, picture_id) values (?, ?, ?)
insert into picture (spot_id, url, picture_id) values (NULL, 'java.io.StringReader@695df41a', 947);
2022-10-10 14:33:47.099  INFO 4460 --- [    Test worker] p6spy                                    : #1665380027099 | took 0ms | statement | connection 22| url jdbc:h2:mem:ad3a9e80-f26d-4a3e-9691-17f803db5723
insert into spot (address, description, location, name, score_id, spot_id) values (?, ?, ?, ?, ?, ?)
insert into spot (address, description, location, name, score_id, spot_id) values (NULL, NULL, 'Aewol_eup', NULL, 223, 289);
2022-10-10 14:33:47.099  INFO 4460 --- [    Test worker] p6spy                                    : #1665380027099 | took 0ms | statement | connection 22| url jdbc:h2:mem:ad3a9e80-f26d-4a3e-9691-17f803db5723
insert into member_spot (member_id, score, spot_id, member_spot_id) values (?, ?, ?, ?)
insert into member_spot (member_id, score, spot_id, member_spot_id) values (13, 0.0, 289, 948);
2022-10-10 14:33:47.099  INFO 4460 --- [    Test worker] p6spy                                    : #1665380027099 | took 0ms | statement | connection 22| url jdbc:h2:mem:ad3a9e80-f26d-4a3e-9691-17f803db5723
insert into review (content, spot_id, review_id) values (?, ?, ?)
insert into review (content, spot_id, review_id) values ('java.io.StringReader@1b5a8687', 269, 225);
2022-10-10 14:33:47.099  INFO 4460 --- [    Test worker] p6spy                                    : #1665380027099 | took 0ms | statement | connection 22| url jdbc:h2:mem:ad3a9e80-f26d-4a3e-9691-17f803db5723
insert into favorite_spot (count, favorite_id, spot_id, favorite_spot_id) values (?, ?, ?, ?)
insert into favorite_spot (count, favorite_id, spot_id, favorite_spot_id) values (0, 36, 289, 281);
2022-10-10 14:33:47.099  INFO 4460 --- [    Test worker] p6spy                                    : #1665380027099 | took 0ms | statement | connection 22| url jdbc:h2:mem:ad3a9e80-f26d-4a3e-9691-17f803db5723
insert into score (facility_rank, facility_score, price_rank, price_score, rank_average, surround_rank, surround_score, view_rank, view_score, score_id) values (?, ?, ?, ?, ?, ?, ?, ?, ?, ?)
insert into score (facility_rank, facility_score, price_rank, price_score, rank_average, surround_rank, surround_score, view_rank, view_score, score_id) values (0.38044027108657175, 7.4737973571874905, 2.2983483867571386, 0.06997545916800352, 6.171683303216616, 7.962454589769415, 9.155665337686361, 6.2863677091076156, 3.398778787077106, 224);
2022-10-10 14:33:47.100  INFO 4460 --- [    Test worker] p6spy                                    : #1665380027100 | took 0ms | statement | connection 22| url jdbc:h2:mem:ad3a9e80-f26d-4a3e-9691-17f803db5723
insert into picture (spot_id, url, picture_id) values (?, ?, ?)
insert into picture (spot_id, url, picture_id) values (NULL, 'java.io.StringReader@1b60f2c', 949);
2022-10-10 14:33:47.100  INFO 4460 --- [    Test worker] p6spy                                    : #1665380027100 | took 0ms | statement | connection 22| url jdbc:h2:mem:ad3a9e80-f26d-4a3e-9691-17f803db5723
insert into picture (spot_id, url, picture_id) values (?, ?, ?)
insert into picture (spot_id, url, picture_id) values (NULL, 'java.io.StringReader@739ceb17', 950);
2022-10-10 14:33:47.100  INFO 4460 --- [    Test worker] p6spy                                    : #1665380027100 | took 0ms | statement | connection 22| url jdbc:h2:mem:ad3a9e80-f26d-4a3e-9691-17f803db5723
insert into picture (spot_id, url, picture_id) values (?, ?, ?)
insert into picture (spot_id, url, picture_id) values (NULL, 'java.io.StringReader@15a833c6', 951);
2022-10-10 14:33:47.100  INFO 4460 --- [    Test worker] p6spy                                    : #1665380027100 | took 0ms | statement | connection 22| url jdbc:h2:mem:ad3a9e80-f26d-4a3e-9691-17f803db5723
insert into spot (address, description, location, name, score_id, spot_id) values (?, ?, ?, ?, ?, ?)
insert into spot (address, description, location, name, score_id, spot_id) values (NULL, NULL, 'Aewol_eup', NULL, 224, 290);
2022-10-10 14:33:47.100  INFO 4460 --- [    Test worker] p6spy                                    : #1665380027100 | took 0ms | statement | connection 22| url jdbc:h2:mem:ad3a9e80-f26d-4a3e-9691-17f803db5723
insert into member_spot (member_id, score, spot_id, member_spot_id) values (?, ?, ?, ?)
insert into member_spot (member_id, score, spot_id, member_spot_id) values (13, 0.0, 290, 952);
2022-10-10 14:33:47.100  INFO 4460 --- [    Test worker] p6spy                                    : #1665380027100 | took 0ms | statement | connection 22| url jdbc:h2:mem:ad3a9e80-f26d-4a3e-9691-17f803db5723
insert into review (content, spot_id, review_id) values (?, ?, ?)
insert into review (content, spot_id, review_id) values ('java.io.StringReader@bb39957', 269, 226);
2022-10-10 14:33:47.100  INFO 4460 --- [    Test worker] p6spy                                    : #1665380027100 | took 0ms | statement | connection 22| url jdbc:h2:mem:ad3a9e80-f26d-4a3e-9691-17f803db5723
insert into score (facility_rank, facility_score, price_rank, price_score, rank_average, surround_rank, surround_score, view_rank, view_score, score_id) values (?, ?, ?, ?, ?, ?, ?, ?, ?, ?)
insert into score (facility_rank, facility_score, price_rank, price_score, rank_average, surround_rank, surround_score, view_rank, view_score, score_id) values (0.9290302623156643, 2.0215438510999295, 3.603598766448568, 0.49493721235115085, 1.830741407098434, 0.5921801179648767, 0.40599380502842397, 5.682698902700242, 9.985890118906632, 225);
2022-10-10 14:33:47.100  INFO 4460 --- [    Test worker] p6spy                                    : #1665380027100 | took 0ms | statement | connection 22| url jdbc:h2:mem:ad3a9e80-f26d-4a3e-9691-17f803db5723
insert into picture (spot_id, url, picture_id) values (?, ?, ?)
insert into picture (spot_id, url, picture_id) values (NULL, 'java.io.StringReader@77da004a', 953);
2022-10-10 14:33:47.100  INFO 4460 --- [    Test worker] p6spy                                    : #1665380027100 | took 0ms | statement | connection 22| url jdbc:h2:mem:ad3a9e80-f26d-4a3e-9691-17f803db5723
insert into picture (spot_id, url, picture_id) values (?, ?, ?)
insert into picture (spot_id, url, picture_id) values (NULL, 'java.io.StringReader@5e251945', 954);
2022-10-10 14:33:47.100  INFO 4460 --- [    Test worker] p6spy                                    : #1665380027100 | took 0ms | statement | connection 22| url jdbc:h2:mem:ad3a9e80-f26d-4a3e-9691-17f803db5723
insert into picture (spot_id, url, picture_id) values (?, ?, ?)
insert into picture (spot_id, url, picture_id) values (NULL, 'java.io.StringReader@666f5518', 955);
2022-10-10 14:33:47.100  INFO 4460 --- [    Test worker] p6spy                                    : #1665380027100 | took 0ms | statement | connection 22| url jdbc:h2:mem:ad3a9e80-f26d-4a3e-9691-17f803db5723
insert into spot (address, description, location, name, score_id, spot_id) values (?, ?, ?, ?, ?, ?)
insert into spot (address, description, location, name, score_id, spot_id) values (NULL, NULL, 'Aewol_eup', NULL, 225, 291);
2022-10-10 14:33:47.100  INFO 4460 --- [    Test worker] p6spy                                    : #1665380027100 | took 0ms | statement | connection 22| url jdbc:h2:mem:ad3a9e80-f26d-4a3e-9691-17f803db5723
insert into member_spot (member_id, score, spot_id, member_spot_id) values (?, ?, ?, ?)
insert into member_spot (member_id, score, spot_id, member_spot_id) values (13, 0.0, 291, 956);
2022-10-10 14:33:47.100  INFO 4460 --- [    Test worker] p6spy                                    : #1665380027100 | took 0ms | statement | connection 22| url jdbc:h2:mem:ad3a9e80-f26d-4a3e-9691-17f803db5723
insert into review (content, spot_id, review_id) values (?, ?, ?)
insert into review (content, spot_id, review_id) values ('java.io.StringReader@f625021', 269, 227);
2022-10-10 14:33:47.100  INFO 4460 --- [    Test worker] p6spy                                    : #1665380027100 | took 0ms | statement | connection 22| url jdbc:h2:mem:ad3a9e80-f26d-4a3e-9691-17f803db5723
insert into favorite_spot (count, favorite_id, spot_id, favorite_spot_id) values (?, ?, ?, ?)
insert into favorite_spot (count, favorite_id, spot_id, favorite_spot_id) values (0, 36, 291, 282);
2022-10-10 14:33:47.100  INFO 4460 --- [    Test worker] p6spy                                    : #1665380027100 | took 0ms | statement | connection 22| url jdbc:h2:mem:ad3a9e80-f26d-4a3e-9691-17f803db5723
insert into score (facility_rank, facility_score, price_rank, price_score, rank_average, surround_rank, surround_score, view_rank, view_score, score_id) values (?, ?, ?, ?, ?, ?, ?, ?, ?, ?)
insert into score (facility_rank, facility_score, price_rank, price_score, rank_average, surround_rank, surround_score, view_rank, view_score, score_id) values (0.5317782269116067, 9.784787810605799, 1.14295546225617, 5.434001179136948, 8.021902001115668, 2.834919134660466, 8.18718140190659, 9.307005702432576, 1.9426261588188931, 226);
2022-10-10 14:33:47.100  INFO 4460 --- [    Test worker] p6spy                                    : #1665380027100 | took 0ms | statement | connection 22| url jdbc:h2:mem:ad3a9e80-f26d-4a3e-9691-17f803db5723
insert into picture (spot_id, url, picture_id) values (?, ?, ?)
insert into picture (spot_id, url, picture_id) values (NULL, 'java.io.StringReader@4f7b4b50', 957);
2022-10-10 14:33:47.100  INFO 4460 --- [    Test worker] p6spy                                    : #1665380027100 | took 0ms | statement | connection 22| url jdbc:h2:mem:ad3a9e80-f26d-4a3e-9691-17f803db5723
insert into picture (spot_id, url, picture_id) values (?, ?, ?)
insert into picture (spot_id, url, picture_id) values (NULL, 'java.io.StringReader@6a4414bf', 958);
2022-10-10 14:33:47.100  INFO 4460 --- [    Test worker] p6spy                                    : #1665380027100 | took 0ms | statement | connection 22| url jdbc:h2:mem:ad3a9e80-f26d-4a3e-9691-17f803db5723
insert into picture (spot_id, url, picture_id) values (?, ?, ?)
insert into picture (spot_id, url, picture_id) values (NULL, 'java.io.StringReader@2310e8a4', 959);
2022-10-10 14:33:47.100  INFO 4460 --- [    Test worker] p6spy                                    : #1665380027100 | took 0ms | statement | connection 22| url jdbc:h2:mem:ad3a9e80-f26d-4a3e-9691-17f803db5723
insert into spot (address, description, location, name, score_id, spot_id) values (?, ?, ?, ?, ?, ?)
insert into spot (address, description, location, name, score_id, spot_id) values (NULL, NULL, 'Aewol_eup', NULL, 226, 292);
2022-10-10 14:33:47.100  INFO 4460 --- [    Test worker] p6spy                                    : #1665380027100 | took 0ms | statement | connection 22| url jdbc:h2:mem:ad3a9e80-f26d-4a3e-9691-17f803db5723
insert into member_spot (member_id, score, spot_id, member_spot_id) values (?, ?, ?, ?)
insert into member_spot (member_id, score, spot_id, member_spot_id) values (13, 0.0, 292, 960);
2022-10-10 14:33:47.100  INFO 4460 --- [    Test worker] p6spy                                    : #1665380027100 | took 0ms | statement | connection 22| url jdbc:h2:mem:ad3a9e80-f26d-4a3e-9691-17f803db5723
insert into review (content, spot_id, review_id) values (?, ?, ?)
insert into review (content, spot_id, review_id) values ('java.io.StringReader@18a71e25', 269, 228);
2022-10-10 14:33:47.100  INFO 4460 --- [    Test worker] p6spy                                    : #1665380027100 | took 0ms | statement | connection 22| url jdbc:h2:mem:ad3a9e80-f26d-4a3e-9691-17f803db5723
insert into score (facility_rank, facility_score, price_rank, price_score, rank_average, surround_rank, surround_score, view_rank, view_score, score_id) values (?, ?, ?, ?, ?, ?, ?, ?, ?, ?)
insert into score (facility_rank, facility_score, price_rank, price_score, rank_average, surround_rank, surround_score, view_rank, view_score, score_id) values (2.2267432056617533, 6.533829929928704, 1.2270388322345915, 4.479090086409338, 9.108539218813089, 0.880827268599883, 7.3018141067143, 2.631286979481718, 9.051750607952387, 227);
2022-10-10 14:33:47.100  INFO 4460 --- [    Test worker] p6spy                                    : #1665380027100 | took 0ms | statement | connection 22| url jdbc:h2:mem:ad3a9e80-f26d-4a3e-9691-17f803db5723
insert into picture (spot_id, url, picture_id) values (?, ?, ?)
insert into picture (spot_id, url, picture_id) values (NULL, 'java.io.StringReader@5897c246', 961);
2022-10-10 14:33:47.100  INFO 4460 --- [    Test worker] p6spy                                    : #1665380027100 | took 0ms | statement | connection 22| url jdbc:h2:mem:ad3a9e80-f26d-4a3e-9691-17f803db5723
insert into picture (spot_id, url, picture_id) values (?, ?, ?)
insert into picture (spot_id, url, picture_id) values (NULL, 'java.io.StringReader@6da63893', 962);
2022-10-10 14:33:47.100  INFO 4460 --- [    Test worker] p6spy                                    : #1665380027100 | took 0ms | statement | connection 22| url jdbc:h2:mem:ad3a9e80-f26d-4a3e-9691-17f803db5723
insert into picture (spot_id, url, picture_id) values (?, ?, ?)
insert into picture (spot_id, url, picture_id) values (NULL, 'java.io.StringReader@2e205e62', 963);
2022-10-10 14:33:47.100  INFO 4460 --- [    Test worker] p6spy                                    : #1665380027100 | took 0ms | statement | connection 22| url jdbc:h2:mem:ad3a9e80-f26d-4a3e-9691-17f803db5723
insert into spot (address, description, location, name, score_id, spot_id) values (?, ?, ?, ?, ?, ?)
insert into spot (address, description, location, name, score_id, spot_id) values (NULL, NULL, 'Aewol_eup', NULL, 227, 293);
2022-10-10 14:33:47.100  INFO 4460 --- [    Test worker] p6spy                                    : #1665380027100 | took 0ms | statement | connection 22| url jdbc:h2:mem:ad3a9e80-f26d-4a3e-9691-17f803db5723
insert into member_spot (member_id, score, spot_id, member_spot_id) values (?, ?, ?, ?)
insert into member_spot (member_id, score, spot_id, member_spot_id) values (13, 0.0, 293, 964);
2022-10-10 14:33:47.100  INFO 4460 --- [    Test worker] p6spy                                    : #1665380027100 | took 0ms | statement | connection 22| url jdbc:h2:mem:ad3a9e80-f26d-4a3e-9691-17f803db5723
insert into review (content, spot_id, review_id) values (?, ?, ?)
insert into review (content, spot_id, review_id) values ('java.io.StringReader@23015be4', 269, 229);
2022-10-10 14:33:47.100  INFO 4460 --- [    Test worker] p6spy                                    : #1665380027100 | took 0ms | statement | connection 22| url jdbc:h2:mem:ad3a9e80-f26d-4a3e-9691-17f803db5723
insert into favorite_spot (count, favorite_id, spot_id, favorite_spot_id) values (?, ?, ?, ?)
insert into favorite_spot (count, favorite_id, spot_id, favorite_spot_id) values (0, 36, 293, 283);
2022-10-10 14:33:47.100  INFO 4460 --- [    Test worker] p6spy                                    : #1665380027100 | took 0ms | statement | connection 22| url jdbc:h2:mem:ad3a9e80-f26d-4a3e-9691-17f803db5723
insert into score (facility_rank, facility_score, price_rank, price_score, rank_average, surround_rank, surround_score, view_rank, view_score, score_id) values (?, ?, ?, ?, ?, ?, ?, ?, ?, ?)
insert into score (facility_rank, facility_score, price_rank, price_score, rank_average, surround_rank, surround_score, view_rank, view_score, score_id) values (4.52500500031361, 2.097304847474698, 6.98173236646361, 4.338506405517489, 0.25241706669342445, 6.610152240589597, 1.7724160419502832, 6.559440724545643, 5.61300536680343, 228);
2022-10-10 14:33:47.101  INFO 4460 --- [    Test worker] p6spy                                    : #1665380027101 | took 0ms | statement | connection 22| url jdbc:h2:mem:ad3a9e80-f26d-4a3e-9691-17f803db5723
insert into picture (spot_id, url, picture_id) values (?, ?, ?)
insert into picture (spot_id, url, picture_id) values (NULL, 'java.io.StringReader@2c823dbd', 965);
2022-10-10 14:33:47.101  INFO 4460 --- [    Test worker] p6spy                                    : #1665380027101 | took 0ms | statement | connection 22| url jdbc:h2:mem:ad3a9e80-f26d-4a3e-9691-17f803db5723
insert into picture (spot_id, url, picture_id) values (?, ?, ?)
insert into picture (spot_id, url, picture_id) values (NULL, 'java.io.StringReader@4f5950e6', 966);
2022-10-10 14:33:47.101  INFO 4460 --- [    Test worker] p6spy                                    : #1665380027101 | took 0ms | statement | connection 22| url jdbc:h2:mem:ad3a9e80-f26d-4a3e-9691-17f803db5723
insert into picture (spot_id, url, picture_id) values (?, ?, ?)
insert into picture (spot_id, url, picture_id) values (NULL, 'java.io.StringReader@67e9ae8c', 967);
2022-10-10 14:33:47.101  INFO 4460 --- [    Test worker] p6spy                                    : #1665380027101 | took 0ms | statement | connection 22| url jdbc:h2:mem:ad3a9e80-f26d-4a3e-9691-17f803db5723
insert into spot (address, description, location, name, score_id, spot_id) values (?, ?, ?, ?, ?, ?)
insert into spot (address, description, location, name, score_id, spot_id) values (NULL, NULL, 'Aewol_eup', NULL, 228, 294);
2022-10-10 14:33:47.101  INFO 4460 --- [    Test worker] p6spy                                    : #1665380027101 | took 0ms | statement | connection 22| url jdbc:h2:mem:ad3a9e80-f26d-4a3e-9691-17f803db5723
insert into member_spot (member_id, score, spot_id, member_spot_id) values (?, ?, ?, ?)
insert into member_spot (member_id, score, spot_id, member_spot_id) values (13, 0.0, 294, 968);
2022-10-10 14:33:47.101  INFO 4460 --- [    Test worker] p6spy                                    : #1665380027101 | took 0ms | statement | connection 22| url jdbc:h2:mem:ad3a9e80-f26d-4a3e-9691-17f803db5723
insert into review (content, spot_id, review_id) values (?, ?, ?)
insert into review (content, spot_id, review_id) values ('java.io.StringReader@6ae7c2b3', 269, 230);
2022-10-10 14:33:47.101  INFO 4460 --- [    Test worker] p6spy                                    : #1665380027101 | took 0ms | statement | connection 22| url jdbc:h2:mem:ad3a9e80-f26d-4a3e-9691-17f803db5723
insert into score (facility_rank, facility_score, price_rank, price_score, rank_average, surround_rank, surround_score, view_rank, view_score, score_id) values (?, ?, ?, ?, ?, ?, ?, ?, ?, ?)
insert into score (facility_rank, facility_score, price_rank, price_score, rank_average, surround_rank, surround_score, view_rank, view_score, score_id) values (8.160254762114826, 1.9204318631504458, 1.7455085855761698, 2.1193413223297544, 7.277600340645583, 6.166871366294532, 2.0381032221460416, 4.958675294170516, 7.241079486002938, 229);
2022-10-10 14:33:47.101  INFO 4460 --- [    Test worker] p6spy                                    : #1665380027101 | took 0ms | statement | connection 22| url jdbc:h2:mem:ad3a9e80-f26d-4a3e-9691-17f803db5723
insert into picture (spot_id, url, picture_id) values (?, ?, ?)
insert into picture (spot_id, url, picture_id) values (NULL, 'java.io.StringReader@5698fc85', 969);
2022-10-10 14:33:47.101  INFO 4460 --- [    Test worker] p6spy                                    : #1665380027101 | took 0ms | statement | connection 22| url jdbc:h2:mem:ad3a9e80-f26d-4a3e-9691-17f803db5723
insert into picture (spot_id, url, picture_id) values (?, ?, ?)
insert into picture (spot_id, url, picture_id) values (NULL, 'java.io.StringReader@6779f4c7', 970);
2022-10-10 14:33:47.101  INFO 4460 --- [    Test worker] p6spy                                    : #1665380027101 | took 0ms | statement | connection 22| url jdbc:h2:mem:ad3a9e80-f26d-4a3e-9691-17f803db5723
insert into picture (spot_id, url, picture_id) values (?, ?, ?)
insert into picture (spot_id, url, picture_id) values (NULL, 'java.io.StringReader@158c7200', 971);
2022-10-10 14:33:47.101  INFO 4460 --- [    Test worker] p6spy                                    : #1665380027101 | took 0ms | statement | connection 22| url jdbc:h2:mem:ad3a9e80-f26d-4a3e-9691-17f803db5723
insert into spot (address, description, location, name, score_id, spot_id) values (?, ?, ?, ?, ?, ?)
insert into spot (address, description, location, name, score_id, spot_id) values (NULL, NULL, 'Aewol_eup', NULL, 229, 295);
2022-10-10 14:33:47.101  INFO 4460 --- [    Test worker] p6spy                                    : #1665380027101 | took 0ms | statement | connection 22| url jdbc:h2:mem:ad3a9e80-f26d-4a3e-9691-17f803db5723
insert into member_spot (member_id, score, spot_id, member_spot_id) values (?, ?, ?, ?)
insert into member_spot (member_id, score, spot_id, member_spot_id) values (13, 0.0, 295, 972);
2022-10-10 14:33:47.101  INFO 4460 --- [    Test worker] p6spy                                    : #1665380027101 | took 0ms | statement | connection 22| url jdbc:h2:mem:ad3a9e80-f26d-4a3e-9691-17f803db5723
insert into review (content, spot_id, review_id) values (?, ?, ?)
insert into review (content, spot_id, review_id) values ('java.io.StringReader@47c463b0', 269, 231);
2022-10-10 14:33:47.101  INFO 4460 --- [    Test worker] p6spy                                    : #1665380027101 | took 0ms | statement | connection 22| url jdbc:h2:mem:ad3a9e80-f26d-4a3e-9691-17f803db5723
insert into favorite_spot (count, favorite_id, spot_id, favorite_spot_id) values (?, ?, ?, ?)
insert into favorite_spot (count, favorite_id, spot_id, favorite_spot_id) values (0, 36, 295, 284);
2022-10-10 14:33:47.101  INFO 4460 --- [    Test worker] p6spy                                    : #1665380027101 | took 0ms | statement | connection 22| url jdbc:h2:mem:ad3a9e80-f26d-4a3e-9691-17f803db5723
insert into score (facility_rank, facility_score, price_rank, price_score, rank_average, surround_rank, surround_score, view_rank, view_score, score_id) values (?, ?, ?, ?, ?, ?, ?, ?, ?, ?)
insert into score (facility_rank, facility_score, price_rank, price_score, rank_average, surround_rank, surround_score, view_rank, view_score, score_id) values (2.9272227621208446, 4.203398601953614, 6.796864460120729, 0.5408089868658894, 9.756746000693099, 4.274487532134748, 8.78544469886793, 3.82550831589917, 5.179918006430288, 230);
2022-10-10 14:33:47.101  INFO 4460 --- [    Test worker] p6spy                                    : #1665380027101 | took 0ms | statement | connection 22| url jdbc:h2:mem:ad3a9e80-f26d-4a3e-9691-17f803db5723
insert into picture (spot_id, url, picture_id) values (?, ?, ?)
insert into picture (spot_id, url, picture_id) values (NULL, 'java.io.StringReader@1b0641ff', 973);
2022-10-10 14:33:47.101  INFO 4460 --- [    Test worker] p6spy                                    : #1665380027101 | took 0ms | statement | connection 22| url jdbc:h2:mem:ad3a9e80-f26d-4a3e-9691-17f803db5723
insert into picture (spot_id, url, picture_id) values (?, ?, ?)
insert into picture (spot_id, url, picture_id) values (NULL, 'java.io.StringReader@6f3c094f', 974);
2022-10-10 14:33:47.101  INFO 4460 --- [    Test worker] p6spy                                    : #1665380027101 | took 0ms | statement | connection 22| url jdbc:h2:mem:ad3a9e80-f26d-4a3e-9691-17f803db5723
insert into picture (spot_id, url, picture_id) values (?, ?, ?)
insert into picture (spot_id, url, picture_id) values (NULL, 'java.io.StringReader@4e9f3885', 975);
2022-10-10 14:33:47.101  INFO 4460 --- [    Test worker] p6spy                                    : #1665380027101 | took 0ms | statement | connection 22| url jdbc:h2:mem:ad3a9e80-f26d-4a3e-9691-17f803db5723
insert into spot (address, description, location, name, score_id, spot_id) values (?, ?, ?, ?, ?, ?)
insert into spot (address, description, location, name, score_id, spot_id) values (NULL, NULL, 'Aewol_eup', NULL, 230, 296);
2022-10-10 14:33:47.101  INFO 4460 --- [    Test worker] p6spy                                    : #1665380027101 | took 0ms | statement | connection 22| url jdbc:h2:mem:ad3a9e80-f26d-4a3e-9691-17f803db5723
insert into member_spot (member_id, score, spot_id, member_spot_id) values (?, ?, ?, ?)
insert into member_spot (member_id, score, spot_id, member_spot_id) values (13, 0.0, 296, 976);
2022-10-10 14:33:47.101  INFO 4460 --- [    Test worker] p6spy                                    : #1665380027101 | took 0ms | statement | connection 22| url jdbc:h2:mem:ad3a9e80-f26d-4a3e-9691-17f803db5723
insert into review (content, spot_id, review_id) values (?, ?, ?)
insert into review (content, spot_id, review_id) values ('java.io.StringReader@37988190', 269, 232);
2022-10-10 14:33:47.101  INFO 4460 --- [    Test worker] p6spy                                    : #1665380027101 | took 0ms | statement | connection 22| url jdbc:h2:mem:ad3a9e80-f26d-4a3e-9691-17f803db5723
insert into score (facility_rank, facility_score, price_rank, price_score, rank_average, surround_rank, surround_score, view_rank, view_score, score_id) values (?, ?, ?, ?, ?, ?, ?, ?, ?, ?)
insert into score (facility_rank, facility_score, price_rank, price_score, rank_average, surround_rank, surround_score, view_rank, view_score, score_id) values (9.216907399046498, 9.149554283553273, 0.8281313950642566, 8.997865581498669, 8.210311088342436, 0.4430639698181482, 4.597917677634673, 4.991628385885953, 6.427754165703745, 231);
2022-10-10 14:33:47.101  INFO 4460 --- [    Test worker] p6spy                                    : #1665380027101 | took 0ms | statement | connection 22| url jdbc:h2:mem:ad3a9e80-f26d-4a3e-9691-17f803db5723
insert into picture (spot_id, url, picture_id) values (?, ?, ?)
insert into picture (spot_id, url, picture_id) values (NULL, 'java.io.StringReader@144ea41a', 977);
2022-10-10 14:33:47.101  INFO 4460 --- [    Test worker] p6spy                                    : #1665380027101 | took 0ms | statement | connection 22| url jdbc:h2:mem:ad3a9e80-f26d-4a3e-9691-17f803db5723
insert into picture (spot_id, url, picture_id) values (?, ?, ?)
insert into picture (spot_id, url, picture_id) values (NULL, 'java.io.StringReader@6d82d1bc', 978);
2022-10-10 14:33:47.101  INFO 4460 --- [    Test worker] p6spy                                    : #1665380027101 | took 0ms | statement | connection 22| url jdbc:h2:mem:ad3a9e80-f26d-4a3e-9691-17f803db5723
insert into picture (spot_id, url, picture_id) values (?, ?, ?)
insert into picture (spot_id, url, picture_id) values (NULL, 'java.io.StringReader@2bc8c738', 979);
2022-10-10 14:33:47.101  INFO 4460 --- [    Test worker] p6spy                                    : #1665380027101 | took 0ms | statement | connection 22| url jdbc:h2:mem:ad3a9e80-f26d-4a3e-9691-17f803db5723
insert into spot (address, description, location, name, score_id, spot_id) values (?, ?, ?, ?, ?, ?)
insert into spot (address, description, location, name, score_id, spot_id) values (NULL, NULL, 'Aewol_eup', NULL, 231, 297);
2022-10-10 14:33:47.101  INFO 4460 --- [    Test worker] p6spy                                    : #1665380027101 | took 0ms | statement | connection 22| url jdbc:h2:mem:ad3a9e80-f26d-4a3e-9691-17f803db5723
insert into member_spot (member_id, score, spot_id, member_spot_id) values (?, ?, ?, ?)
insert into member_spot (member_id, score, spot_id, member_spot_id) values (13, 0.0, 297, 980);
2022-10-10 14:33:47.101  INFO 4460 --- [    Test worker] p6spy                                    : #1665380027101 | took 0ms | statement | connection 22| url jdbc:h2:mem:ad3a9e80-f26d-4a3e-9691-17f803db5723
insert into review (content, spot_id, review_id) values (?, ?, ?)
insert into review (content, spot_id, review_id) values ('java.io.StringReader@1e723481', 269, 233);
2022-10-10 14:33:47.101  INFO 4460 --- [    Test worker] p6spy                                    : #1665380027101 | took 0ms | statement | connection 22| url jdbc:h2:mem:ad3a9e80-f26d-4a3e-9691-17f803db5723
insert into favorite_spot (count, favorite_id, spot_id, favorite_spot_id) values (?, ?, ?, ?)
insert into favorite_spot (count, favorite_id, spot_id, favorite_spot_id) values (0, 36, 297, 285);
2022-10-10 14:33:47.101  INFO 4460 --- [    Test worker] p6spy                                    : #1665380027101 | took 0ms | statement | connection 22| url jdbc:h2:mem:ad3a9e80-f26d-4a3e-9691-17f803db5723
insert into score (facility_rank, facility_score, price_rank, price_score, rank_average, surround_rank, surround_score, view_rank, view_score, score_id) values (?, ?, ?, ?, ?, ?, ?, ?, ?, ?)
insert into score (facility_rank, facility_score, price_rank, price_score, rank_average, surround_rank, surround_score, view_rank, view_score, score_id) values (5.379110378619682, 9.542809090518155, 9.742723062906048, 5.5339739515906095, 7.0535880394874875, 2.788408346807646, 7.380544321827992, 7.7192197323641, 5.20960364441684, 232);
2022-10-10 14:33:47.101  INFO 4460 --- [    Test worker] p6spy                                    : #1665380027101 | took 0ms | statement | connection 22| url jdbc:h2:mem:ad3a9e80-f26d-4a3e-9691-17f803db5723
insert into picture (spot_id, url, picture_id) values (?, ?, ?)
insert into picture (spot_id, url, picture_id) values (NULL, 'java.io.StringReader@6818ccfe', 981);
2022-10-10 14:33:47.101  INFO 4460 --- [    Test worker] p6spy                                    : #1665380027101 | took 0ms | statement | connection 22| url jdbc:h2:mem:ad3a9e80-f26d-4a3e-9691-17f803db5723
insert into picture (spot_id, url, picture_id) values (?, ?, ?)
insert into picture (spot_id, url, picture_id) values (NULL, 'java.io.StringReader@44e6d939', 982);
2022-10-10 14:33:47.101  INFO 4460 --- [    Test worker] p6spy                                    : #1665380027101 | took 0ms | statement | connection 22| url jdbc:h2:mem:ad3a9e80-f26d-4a3e-9691-17f803db5723
insert into picture (spot_id, url, picture_id) values (?, ?, ?)
insert into picture (spot_id, url, picture_id) values (NULL, 'java.io.StringReader@58735597', 983);
2022-10-10 14:33:47.101  INFO 4460 --- [    Test worker] p6spy                                    : #1665380027101 | took 0ms | statement | connection 22| url jdbc:h2:mem:ad3a9e80-f26d-4a3e-9691-17f803db5723
insert into spot (address, description, location, name, score_id, spot_id) values (?, ?, ?, ?, ?, ?)
insert into spot (address, description, location, name, score_id, spot_id) values (NULL, NULL, 'Aewol_eup', NULL, 232, 298);
2022-10-10 14:33:47.101  INFO 4460 --- [    Test worker] p6spy                                    : #1665380027101 | took 0ms | statement | connection 22| url jdbc:h2:mem:ad3a9e80-f26d-4a3e-9691-17f803db5723
insert into member_spot (member_id, score, spot_id, member_spot_id) values (?, ?, ?, ?)
insert into member_spot (member_id, score, spot_id, member_spot_id) values (13, 0.0, 298, 984);
2022-10-10 14:33:47.101  INFO 4460 --- [    Test worker] p6spy                                    : #1665380027101 | took 0ms | statement | connection 22| url jdbc:h2:mem:ad3a9e80-f26d-4a3e-9691-17f803db5723
insert into review (content, spot_id, review_id) values (?, ?, ?)
insert into review (content, spot_id, review_id) values ('java.io.StringReader@e2333ef', 269, 234);
2022-10-10 14:33:47.102  INFO 4460 --- [    Test worker] p6spy                                    : #1665380027102 | took 0ms | statement | connection 22| url jdbc:h2:mem:ad3a9e80-f26d-4a3e-9691-17f803db5723
insert into score (facility_rank, facility_score, price_rank, price_score, rank_average, surround_rank, surround_score, view_rank, view_score, score_id) values (?, ?, ?, ?, ?, ?, ?, ?, ?, ?)
insert into score (facility_rank, facility_score, price_rank, price_score, rank_average, surround_rank, surround_score, view_rank, view_score, score_id) values (0.37558463272444276, 3.539179314634824, 2.5635873160614207, 1.995342590642586, 4.997478463936415, 6.1880603785622466, 3.524187673335529, 8.51255691518662, 0.49648756475801803, 233);
2022-10-10 14:33:47.102  INFO 4460 --- [    Test worker] p6spy                                    : #1665380027102 | took 0ms | statement | connection 22| url jdbc:h2:mem:ad3a9e80-f26d-4a3e-9691-17f803db5723
insert into picture (spot_id, url, picture_id) values (?, ?, ?)
insert into picture (spot_id, url, picture_id) values (NULL, 'java.io.StringReader@18a323de', 985);
2022-10-10 14:33:47.102  INFO 4460 --- [    Test worker] p6spy                                    : #1665380027102 | took 0ms | statement | connection 22| url jdbc:h2:mem:ad3a9e80-f26d-4a3e-9691-17f803db5723
insert into picture (spot_id, url, picture_id) values (?, ?, ?)
insert into picture (spot_id, url, picture_id) values (NULL, 'java.io.StringReader@364cc95', 986);
2022-10-10 14:33:47.102  INFO 4460 --- [    Test worker] p6spy                                    : #1665380027102 | took 0ms | statement | connection 22| url jdbc:h2:mem:ad3a9e80-f26d-4a3e-9691-17f803db5723
insert into picture (spot_id, url, picture_id) values (?, ?, ?)
insert into picture (spot_id, url, picture_id) values (NULL, 'java.io.StringReader@4cf6663b', 987);
2022-10-10 14:33:47.102  INFO 4460 --- [    Test worker] p6spy                                    : #1665380027102 | took 0ms | statement | connection 22| url jdbc:h2:mem:ad3a9e80-f26d-4a3e-9691-17f803db5723
insert into spot (address, description, location, name, score_id, spot_id) values (?, ?, ?, ?, ?, ?)
insert into spot (address, description, location, name, score_id, spot_id) values (NULL, NULL, 'Aewol_eup', NULL, 233, 299);
2022-10-10 14:33:47.102  INFO 4460 --- [    Test worker] p6spy                                    : #1665380027102 | took 0ms | statement | connection 22| url jdbc:h2:mem:ad3a9e80-f26d-4a3e-9691-17f803db5723
insert into member_spot (member_id, score, spot_id, member_spot_id) values (?, ?, ?, ?)
insert into member_spot (member_id, score, spot_id, member_spot_id) values (13, 0.0, 299, 988);
2022-10-10 14:33:47.102  INFO 4460 --- [    Test worker] p6spy                                    : #1665380027102 | took 0ms | statement | connection 22| url jdbc:h2:mem:ad3a9e80-f26d-4a3e-9691-17f803db5723
insert into review (content, spot_id, review_id) values (?, ?, ?)
insert into review (content, spot_id, review_id) values ('java.io.StringReader@6f815a8e', 269, 235);
2022-10-10 14:33:47.102  INFO 4460 --- [    Test worker] p6spy                                    : #1665380027102 | took 0ms | statement | connection 22| url jdbc:h2:mem:ad3a9e80-f26d-4a3e-9691-17f803db5723
insert into favorite_spot (count, favorite_id, spot_id, favorite_spot_id) values (?, ?, ?, ?)
insert into favorite_spot (count, favorite_id, spot_id, favorite_spot_id) values (0, 36, 299, 286);
2022-10-10 14:33:47.102  INFO 4460 --- [    Test worker] p6spy                                    : #1665380027102 | took 0ms | statement | connection 22| url jdbc:h2:mem:ad3a9e80-f26d-4a3e-9691-17f803db5723
insert into score (facility_rank, facility_score, price_rank, price_score, rank_average, surround_rank, surround_score, view_rank, view_score, score_id) values (?, ?, ?, ?, ?, ?, ?, ?, ?, ?)
insert into score (facility_rank, facility_score, price_rank, price_score, rank_average, surround_rank, surround_score, view_rank, view_score, score_id) values (5.331169873405081, 5.602592559974552, 9.980175534959814, 0.30797381407162705, 0.8842007160547305, 4.495777916160254, 3.594170397621422, 8.139982951903566, 3.507083412038309, 234);
2022-10-10 14:33:47.102  INFO 4460 --- [    Test worker] p6spy                                    : #1665380027102 | took 0ms | statement | connection 22| url jdbc:h2:mem:ad3a9e80-f26d-4a3e-9691-17f803db5723
insert into picture (spot_id, url, picture_id) values (?, ?, ?)
insert into picture (spot_id, url, picture_id) values (NULL, 'java.io.StringReader@6150ed89', 989);
2022-10-10 14:33:47.102  INFO 4460 --- [    Test worker] p6spy                                    : #1665380027102 | took 0ms | statement | connection 22| url jdbc:h2:mem:ad3a9e80-f26d-4a3e-9691-17f803db5723
insert into picture (spot_id, url, picture_id) values (?, ?, ?)
insert into picture (spot_id, url, picture_id) values (NULL, 'java.io.StringReader@1bd851b4', 990);
2022-10-10 14:33:47.102  INFO 4460 --- [    Test worker] p6spy                                    : #1665380027102 | took 0ms | statement | connection 22| url jdbc:h2:mem:ad3a9e80-f26d-4a3e-9691-17f803db5723
insert into picture (spot_id, url, picture_id) values (?, ?, ?)
insert into picture (spot_id, url, picture_id) values (NULL, 'java.io.StringReader@6c2e56b8', 991);
2022-10-10 14:33:47.102  INFO 4460 --- [    Test worker] p6spy                                    : #1665380027102 | took 0ms | statement | connection 22| url jdbc:h2:mem:ad3a9e80-f26d-4a3e-9691-17f803db5723
insert into spot (address, description, location, name, score_id, spot_id) values (?, ?, ?, ?, ?, ?)
insert into spot (address, description, location, name, score_id, spot_id) values (NULL, NULL, 'Aewol_eup', NULL, 234, 300);
2022-10-10 14:33:47.102  INFO 4460 --- [    Test worker] p6spy                                    : #1665380027102 | took 0ms | statement | connection 22| url jdbc:h2:mem:ad3a9e80-f26d-4a3e-9691-17f803db5723
insert into member_spot (member_id, score, spot_id, member_spot_id) values (?, ?, ?, ?)
insert into member_spot (member_id, score, spot_id, member_spot_id) values (13, 0.0, 300, 992);
2022-10-10 14:33:47.102  INFO 4460 --- [    Test worker] p6spy                                    : #1665380027102 | took 0ms | statement | connection 22| url jdbc:h2:mem:ad3a9e80-f26d-4a3e-9691-17f803db5723
insert into review (content, spot_id, review_id) values (?, ?, ?)
insert into review (content, spot_id, review_id) values ('java.io.StringReader@3d746c8f', 269, 236);
2022-10-10 14:33:47.102  INFO 4460 --- [    Test worker] p6spy                                    : #1665380027102 | took 0ms | statement | connection 22| url jdbc:h2:mem:ad3a9e80-f26d-4a3e-9691-17f803db5723
insert into score (facility_rank, facility_score, price_rank, price_score, rank_average, surround_rank, surround_score, view_rank, view_score, score_id) values (?, ?, ?, ?, ?, ?, ?, ?, ?, ?)
insert into score (facility_rank, facility_score, price_rank, price_score, rank_average, surround_rank, surround_score, view_rank, view_score, score_id) values (9.568433869903249, 1.5075857736180975, 3.2846861723955234, 2.1306863435149994, 0.6216231809920791, 8.497610291463936, 8.782645342813183, 5.003565839738617, 7.153243644466228, 235);
2022-10-10 14:33:47.102  INFO 4460 --- [    Test worker] p6spy                                    : #1665380027102 | took 0ms | statement | connection 22| url jdbc:h2:mem:ad3a9e80-f26d-4a3e-9691-17f803db5723
insert into picture (spot_id, url, picture_id) values (?, ?, ?)
insert into picture (spot_id, url, picture_id) values (NULL, 'java.io.StringReader@2dd85faa', 993);
2022-10-10 14:33:47.102  INFO 4460 --- [    Test worker] p6spy                                    : #1665380027102 | took 0ms | statement | connection 22| url jdbc:h2:mem:ad3a9e80-f26d-4a3e-9691-17f803db5723
insert into picture (spot_id, url, picture_id) values (?, ?, ?)
insert into picture (spot_id, url, picture_id) values (NULL, 'java.io.StringReader@6cd27d52', 994);
2022-10-10 14:33:47.102  INFO 4460 --- [    Test worker] p6spy                                    : #1665380027102 | took 0ms | statement | connection 22| url jdbc:h2:mem:ad3a9e80-f26d-4a3e-9691-17f803db5723
insert into picture (spot_id, url, picture_id) values (?, ?, ?)
insert into picture (spot_id, url, picture_id) values (NULL, 'java.io.StringReader@2899f9e9', 995);
2022-10-10 14:33:47.102  INFO 4460 --- [    Test worker] p6spy                                    : #1665380027102 | took 0ms | statement | connection 22| url jdbc:h2:mem:ad3a9e80-f26d-4a3e-9691-17f803db5723
insert into spot (address, description, location, name, score_id, spot_id) values (?, ?, ?, ?, ?, ?)
insert into spot (address, description, location, name, score_id, spot_id) values (NULL, NULL, 'Aewol_eup', NULL, 235, 301);
2022-10-10 14:33:47.102  INFO 4460 --- [    Test worker] p6spy                                    : #1665380027102 | took 0ms | statement | connection 22| url jdbc:h2:mem:ad3a9e80-f26d-4a3e-9691-17f803db5723
insert into member_spot (member_id, score, spot_id, member_spot_id) values (?, ?, ?, ?)
insert into member_spot (member_id, score, spot_id, member_spot_id) values (13, 0.0, 301, 996);
2022-10-10 14:33:47.102  INFO 4460 --- [    Test worker] p6spy                                    : #1665380027102 | took 0ms | statement | connection 22| url jdbc:h2:mem:ad3a9e80-f26d-4a3e-9691-17f803db5723
insert into review (content, spot_id, review_id) values (?, ?, ?)
insert into review (content, spot_id, review_id) values ('java.io.StringReader@3b93b86b', 269, 237);
2022-10-10 14:33:47.102  INFO 4460 --- [    Test worker] p6spy                                    : #1665380027102 | took 0ms | statement | connection 22| url jdbc:h2:mem:ad3a9e80-f26d-4a3e-9691-17f803db5723
insert into favorite_spot (count, favorite_id, spot_id, favorite_spot_id) values (?, ?, ?, ?)
insert into favorite_spot (count, favorite_id, spot_id, favorite_spot_id) values (0, 36, 301, 287);
2022-10-10 14:33:47.102  INFO 4460 --- [    Test worker] p6spy                                    : #1665380027102 | took 0ms | statement | connection 22| url jdbc:h2:mem:ad3a9e80-f26d-4a3e-9691-17f803db5723
insert into score (facility_rank, facility_score, price_rank, price_score, rank_average, surround_rank, surround_score, view_rank, view_score, score_id) values (?, ?, ?, ?, ?, ?, ?, ?, ?, ?)
insert into score (facility_rank, facility_score, price_rank, price_score, rank_average, surround_rank, surround_score, view_rank, view_score, score_id) values (8.596049378188841, 3.886151388890954, 6.14563963071949, 3.034578943817894, 4.036680174109066, 9.896653785205812, 2.8655506525978627, 7.41291160883644, 3.8910472181489597, 236);
2022-10-10 14:33:47.102  INFO 4460 --- [    Test worker] p6spy                                    : #1665380027102 | took 0ms | statement | connection 22| url jdbc:h2:mem:ad3a9e80-f26d-4a3e-9691-17f803db5723
insert into picture (spot_id, url, picture_id) values (?, ?, ?)
insert into picture (spot_id, url, picture_id) values (NULL, 'java.io.StringReader@6c21497b', 997);
2022-10-10 14:33:47.102  INFO 4460 --- [    Test worker] p6spy                                    : #1665380027102 | took 0ms | statement | connection 22| url jdbc:h2:mem:ad3a9e80-f26d-4a3e-9691-17f803db5723
insert into picture (spot_id, url, picture_id) values (?, ?, ?)
insert into picture (spot_id, url, picture_id) values (NULL, 'java.io.StringReader@67040b58', 998);
2022-10-10 14:33:47.102  INFO 4460 --- [    Test worker] p6spy                                    : #1665380027102 | took 0ms | statement | connection 22| url jdbc:h2:mem:ad3a9e80-f26d-4a3e-9691-17f803db5723
insert into picture (spot_id, url, picture_id) values (?, ?, ?)
insert into picture (spot_id, url, picture_id) values (NULL, 'java.io.StringReader@f629829', 999);
2022-10-10 14:33:47.102  INFO 4460 --- [    Test worker] p6spy                                    : #1665380027102 | took 0ms | statement | connection 22| url jdbc:h2:mem:ad3a9e80-f26d-4a3e-9691-17f803db5723
insert into spot (address, description, location, name, score_id, spot_id) values (?, ?, ?, ?, ?, ?)
insert into spot (address, description, location, name, score_id, spot_id) values (NULL, NULL, 'Aewol_eup', NULL, 236, 302);
2022-10-10 14:33:47.102  INFO 4460 --- [    Test worker] p6spy                                    : #1665380027102 | took 0ms | statement | connection 22| url jdbc:h2:mem:ad3a9e80-f26d-4a3e-9691-17f803db5723
insert into member_spot (member_id, score, spot_id, member_spot_id) values (?, ?, ?, ?)
insert into member_spot (member_id, score, spot_id, member_spot_id) values (13, 0.0, 302, 1000);
2022-10-10 14:33:47.102  INFO 4460 --- [    Test worker] p6spy                                    : #1665380027102 | took 0ms | statement | connection 22| url jdbc:h2:mem:ad3a9e80-f26d-4a3e-9691-17f803db5723
insert into review (content, spot_id, review_id) values (?, ?, ?)
insert into review (content, spot_id, review_id) values ('java.io.StringReader@13f6341b', 269, 238);
2022-10-10 14:33:47.102  INFO 4460 --- [    Test worker] p6spy                                    : #1665380027102 | took 0ms | statement | connection 22| url jdbc:h2:mem:ad3a9e80-f26d-4a3e-9691-17f803db5723
insert into score (facility_rank, facility_score, price_rank, price_score, rank_average, surround_rank, surround_score, view_rank, view_score, score_id) values (?, ?, ?, ?, ?, ?, ?, ?, ?, ?)
insert into score (facility_rank, facility_score, price_rank, price_score, rank_average, surround_rank, surround_score, view_rank, view_score, score_id) values (9.587803934599826, 6.38645038753557, 2.992592227139481, 4.11289710530799, 4.0413967750247775, 9.177381585934084, 1.9833106311626558, 6.999012767731982, 5.11292598249971, 237);
2022-10-10 14:33:47.102  INFO 4460 --- [    Test worker] p6spy                                    : #1665380027102 | took 0ms | statement | connection 22| url jdbc:h2:mem:ad3a9e80-f26d-4a3e-9691-17f803db5723
insert into picture (spot_id, url, picture_id) values (?, ?, ?)
insert into picture (spot_id, url, picture_id) values (NULL, 'java.io.StringReader@6301175a', 1001);
2022-10-10 14:33:47.102  INFO 4460 --- [    Test worker] p6spy                                    : #1665380027102 | took 0ms | statement | connection 22| url jdbc:h2:mem:ad3a9e80-f26d-4a3e-9691-17f803db5723
insert into picture (spot_id, url, picture_id) values (?, ?, ?)
insert into picture (spot_id, url, picture_id) values (NULL, 'java.io.StringReader@276bba19', 1002);
2022-10-10 14:33:47.102  INFO 4460 --- [    Test worker] p6spy                                    : #1665380027102 | took 0ms | statement | connection 22| url jdbc:h2:mem:ad3a9e80-f26d-4a3e-9691-17f803db5723
insert into picture (spot_id, url, picture_id) values (?, ?, ?)
insert into picture (spot_id, url, picture_id) values (NULL, 'java.io.StringReader@11c60dee', 1003);
2022-10-10 14:33:47.102  INFO 4460 --- [    Test worker] p6spy                                    : #1665380027102 | took 0ms | statement | connection 22| url jdbc:h2:mem:ad3a9e80-f26d-4a3e-9691-17f803db5723
insert into spot (address, description, location, name, score_id, spot_id) values (?, ?, ?, ?, ?, ?)
insert into spot (address, description, location, name, score_id, spot_id) values (NULL, NULL, 'Aewol_eup', NULL, 237, 303);
2022-10-10 14:33:47.102  INFO 4460 --- [    Test worker] p6spy                                    : #1665380027102 | took 0ms | statement | connection 22| url jdbc:h2:mem:ad3a9e80-f26d-4a3e-9691-17f803db5723
insert into member_spot (member_id, score, spot_id, member_spot_id) values (?, ?, ?, ?)
insert into member_spot (member_id, score, spot_id, member_spot_id) values (13, 0.0, 303, 1004);
2022-10-10 14:33:47.103  INFO 4460 --- [    Test worker] p6spy                                    : #1665380027103 | took 0ms | statement | connection 22| url jdbc:h2:mem:ad3a9e80-f26d-4a3e-9691-17f803db5723
insert into review (content, spot_id, review_id) values (?, ?, ?)
insert into review (content, spot_id, review_id) values ('java.io.StringReader@f3bc185', 269, 239);
2022-10-10 14:33:47.103  INFO 4460 --- [    Test worker] p6spy                                    : #1665380027103 | took 0ms | statement | connection 22| url jdbc:h2:mem:ad3a9e80-f26d-4a3e-9691-17f803db5723
insert into favorite_spot (count, favorite_id, spot_id, favorite_spot_id) values (?, ?, ?, ?)
insert into favorite_spot (count, favorite_id, spot_id, favorite_spot_id) values (0, 36, 303, 288);
2022-10-10 14:33:47.103  INFO 4460 --- [    Test worker] p6spy                                    : #1665380027103 | took 0ms | statement | connection 22| url jdbc:h2:mem:ad3a9e80-f26d-4a3e-9691-17f803db5723
insert into score (facility_rank, facility_score, price_rank, price_score, rank_average, surround_rank, surround_score, view_rank, view_score, score_id) values (?, ?, ?, ?, ?, ?, ?, ?, ?, ?)
insert into score (facility_rank, facility_score, price_rank, price_score, rank_average, surround_rank, surround_score, view_rank, view_score, score_id) values (3.2974848327442965, 4.522559475422796, 8.915450193170928, 2.9220753943716735, 4.262944328319392, 4.596249842725174, 8.437359462508532, 1.7134302068976237, 1.8761809447874533, 238);
2022-10-10 14:33:47.103  INFO 4460 --- [    Test worker] p6spy                                    : #1665380027103 | took 0ms | statement | connection 22| url jdbc:h2:mem:ad3a9e80-f26d-4a3e-9691-17f803db5723
insert into picture (spot_id, url, picture_id) values (?, ?, ?)
insert into picture (spot_id, url, picture_id) values (NULL, 'java.io.StringReader@3b2b71de', 1005);
2022-10-10 14:33:47.103  INFO 4460 --- [    Test worker] p6spy                                    : #1665380027103 | took 0ms | statement | connection 22| url jdbc:h2:mem:ad3a9e80-f26d-4a3e-9691-17f803db5723
insert into picture (spot_id, url, picture_id) values (?, ?, ?)
insert into picture (spot_id, url, picture_id) values (NULL, 'java.io.StringReader@71a69653', 1006);
2022-10-10 14:33:47.103  INFO 4460 --- [    Test worker] p6spy                                    : #1665380027103 | took 0ms | statement | connection 22| url jdbc:h2:mem:ad3a9e80-f26d-4a3e-9691-17f803db5723
insert into picture (spot_id, url, picture_id) values (?, ?, ?)
insert into picture (spot_id, url, picture_id) values (NULL, 'java.io.StringReader@471cffe0', 1007);
2022-10-10 14:33:47.103  INFO 4460 --- [    Test worker] p6spy                                    : #1665380027103 | took 0ms | statement | connection 22| url jdbc:h2:mem:ad3a9e80-f26d-4a3e-9691-17f803db5723
insert into spot (address, description, location, name, score_id, spot_id) values (?, ?, ?, ?, ?, ?)
insert into spot (address, description, location, name, score_id, spot_id) values (NULL, NULL, 'Aewol_eup', NULL, 238, 304);
2022-10-10 14:33:47.103  INFO 4460 --- [    Test worker] p6spy                                    : #1665380027103 | took 0ms | statement | connection 22| url jdbc:h2:mem:ad3a9e80-f26d-4a3e-9691-17f803db5723
insert into member_spot (member_id, score, spot_id, member_spot_id) values (?, ?, ?, ?)
insert into member_spot (member_id, score, spot_id, member_spot_id) values (13, 0.0, 304, 1008);
2022-10-10 14:33:47.103  INFO 4460 --- [    Test worker] p6spy                                    : #1665380027103 | took 0ms | statement | connection 22| url jdbc:h2:mem:ad3a9e80-f26d-4a3e-9691-17f803db5723
insert into review (content, spot_id, review_id) values (?, ?, ?)
insert into review (content, spot_id, review_id) values ('java.io.StringReader@6deb050b', 269, 240);
2022-10-10 14:33:47.103  INFO 4460 --- [    Test worker] p6spy                                    : #1665380027103 | took 0ms | statement | connection 22| url jdbc:h2:mem:ad3a9e80-f26d-4a3e-9691-17f803db5723
insert into score (facility_rank, facility_score, price_rank, price_score, rank_average, surround_rank, surround_score, view_rank, view_score, score_id) values (?, ?, ?, ?, ?, ?, ?, ?, ?, ?)
insert into score (facility_rank, facility_score, price_rank, price_score, rank_average, surround_rank, surround_score, view_rank, view_score, score_id) values (1.0463644926797078, 3.3322353232640376, 3.0510839326030603, 4.578688056269943, 3.0342724251936404, 3.554876963811955, 7.332043646799202, 6.101643251874328, 1.6895171715092028, 239);
2022-10-10 14:33:47.103  INFO 4460 --- [    Test worker] p6spy                                    : #1665380027103 | took 0ms | statement | connection 22| url jdbc:h2:mem:ad3a9e80-f26d-4a3e-9691-17f803db5723
insert into picture (spot_id, url, picture_id) values (?, ?, ?)
insert into picture (spot_id, url, picture_id) values (NULL, 'java.io.StringReader@4e59830b', 1009);
2022-10-10 14:33:47.103  INFO 4460 --- [    Test worker] p6spy                                    : #1665380027103 | took 0ms | statement | connection 22| url jdbc:h2:mem:ad3a9e80-f26d-4a3e-9691-17f803db5723
insert into picture (spot_id, url, picture_id) values (?, ?, ?)
insert into picture (spot_id, url, picture_id) values (NULL, 'java.io.StringReader@3ce906f2', 1010);
2022-10-10 14:33:47.103  INFO 4460 --- [    Test worker] p6spy                                    : #1665380027103 | took 0ms | statement | connection 22| url jdbc:h2:mem:ad3a9e80-f26d-4a3e-9691-17f803db5723
insert into picture (spot_id, url, picture_id) values (?, ?, ?)
insert into picture (spot_id, url, picture_id) values (NULL, 'java.io.StringReader@de7336d', 1011);
2022-10-10 14:33:47.103  INFO 4460 --- [    Test worker] p6spy                                    : #1665380027103 | took 0ms | statement | connection 22| url jdbc:h2:mem:ad3a9e80-f26d-4a3e-9691-17f803db5723
insert into spot (address, description, location, name, score_id, spot_id) values (?, ?, ?, ?, ?, ?)
insert into spot (address, description, location, name, score_id, spot_id) values (NULL, NULL, 'Aewol_eup', NULL, 239, 305);
2022-10-10 14:33:47.103  INFO 4460 --- [    Test worker] p6spy                                    : #1665380027103 | took 0ms | statement | connection 22| url jdbc:h2:mem:ad3a9e80-f26d-4a3e-9691-17f803db5723
insert into member_spot (member_id, score, spot_id, member_spot_id) values (?, ?, ?, ?)
insert into member_spot (member_id, score, spot_id, member_spot_id) values (13, 0.0, 305, 1012);
2022-10-10 14:33:47.103  INFO 4460 --- [    Test worker] p6spy                                    : #1665380027103 | took 0ms | statement | connection 22| url jdbc:h2:mem:ad3a9e80-f26d-4a3e-9691-17f803db5723
insert into review (content, spot_id, review_id) values (?, ?, ?)
insert into review (content, spot_id, review_id) values ('java.io.StringReader@1dbcb209', 269, 241);
2022-10-10 14:33:47.103  INFO 4460 --- [    Test worker] p6spy                                    : #1665380027103 | took 0ms | statement | connection 22| url jdbc:h2:mem:ad3a9e80-f26d-4a3e-9691-17f803db5723
insert into favorite_spot (count, favorite_id, spot_id, favorite_spot_id) values (?, ?, ?, ?)
insert into favorite_spot (count, favorite_id, spot_id, favorite_spot_id) values (0, 36, 305, 289);
2022-10-10 14:33:47.103  INFO 4460 --- [    Test worker] p6spy                                    : #1665380027103 | took 0ms | statement | connection 22| url jdbc:h2:mem:ad3a9e80-f26d-4a3e-9691-17f803db5723
insert into score (facility_rank, facility_score, price_rank, price_score, rank_average, surround_rank, surround_score, view_rank, view_score, score_id) values (?, ?, ?, ?, ?, ?, ?, ?, ?, ?)
insert into score (facility_rank, facility_score, price_rank, price_score, rank_average, surround_rank, surround_score, view_rank, view_score, score_id) values (4.499137611007264, 3.0297064397072937, 0.9559230594682044, 4.502365391003515, 4.574869314811265, 3.5188396171187444, 3.8717537302066174, 0.4392291592955466, 5.122465463693638, 240);
2022-10-10 14:33:47.103  INFO 4460 --- [    Test worker] p6spy                                    : #1665380027103 | took 0ms | statement | connection 22| url jdbc:h2:mem:ad3a9e80-f26d-4a3e-9691-17f803db5723
insert into picture (spot_id, url, picture_id) values (?, ?, ?)
insert into picture (spot_id, url, picture_id) values (NULL, 'java.io.StringReader@cf2662b', 1013);
2022-10-10 14:33:47.103  INFO 4460 --- [    Test worker] p6spy                                    : #1665380027103 | took 0ms | statement | connection 22| url jdbc:h2:mem:ad3a9e80-f26d-4a3e-9691-17f803db5723
insert into picture (spot_id, url, picture_id) values (?, ?, ?)
insert into picture (spot_id, url, picture_id) values (NULL, 'java.io.StringReader@57998bf2', 1014);
2022-10-10 14:33:47.103  INFO 4460 --- [    Test worker] p6spy                                    : #1665380027103 | took 0ms | statement | connection 22| url jdbc:h2:mem:ad3a9e80-f26d-4a3e-9691-17f803db5723
insert into picture (spot_id, url, picture_id) values (?, ?, ?)
insert into picture (spot_id, url, picture_id) values (NULL, 'java.io.StringReader@480842c9', 1015);
2022-10-10 14:33:47.103  INFO 4460 --- [    Test worker] p6spy                                    : #1665380027103 | took 0ms | statement | connection 22| url jdbc:h2:mem:ad3a9e80-f26d-4a3e-9691-17f803db5723
insert into spot (address, description, location, name, score_id, spot_id) values (?, ?, ?, ?, ?, ?)
insert into spot (address, description, location, name, score_id, spot_id) values (NULL, NULL, 'Aewol_eup', NULL, 240, 306);
2022-10-10 14:33:47.103  INFO 4460 --- [    Test worker] p6spy                                    : #1665380027103 | took 0ms | statement | connection 22| url jdbc:h2:mem:ad3a9e80-f26d-4a3e-9691-17f803db5723
insert into member_spot (member_id, score, spot_id, member_spot_id) values (?, ?, ?, ?)
insert into member_spot (member_id, score, spot_id, member_spot_id) values (13, 0.0, 306, 1016);
2022-10-10 14:33:47.103  INFO 4460 --- [    Test worker] p6spy                                    : #1665380027103 | took 0ms | statement | connection 22| url jdbc:h2:mem:ad3a9e80-f26d-4a3e-9691-17f803db5723
insert into review (content, spot_id, review_id) values (?, ?, ?)
insert into review (content, spot_id, review_id) values ('java.io.StringReader@4c8bbc5e', 269, 242);
2022-10-10 14:33:47.103  INFO 4460 --- [    Test worker] p6spy                                    : #1665380027103 | took 0ms | statement | connection 22| url jdbc:h2:mem:ad3a9e80-f26d-4a3e-9691-17f803db5723
insert into score (facility_rank, facility_score, price_rank, price_score, rank_average, surround_rank, surround_score, view_rank, view_score, score_id) values (?, ?, ?, ?, ?, ?, ?, ?, ?, ?)
insert into score (facility_rank, facility_score, price_rank, price_score, rank_average, surround_rank, surround_score, view_rank, view_score, score_id) values (7.404674702348952, 1.0710444494404714, 2.8862049745863816, 7.46814381231361, 6.993283759457061, 7.207322228311965, 2.6836436891290862, 6.213736592643092, 6.779618608413893, 241);
2022-10-10 14:33:47.103  INFO 4460 --- [    Test worker] p6spy                                    : #1665380027103 | took 0ms | statement | connection 22| url jdbc:h2:mem:ad3a9e80-f26d-4a3e-9691-17f803db5723
insert into picture (spot_id, url, picture_id) values (?, ?, ?)
insert into picture (spot_id, url, picture_id) values (NULL, 'java.io.StringReader@41046355', 1017);
2022-10-10 14:33:47.103  INFO 4460 --- [    Test worker] p6spy                                    : #1665380027103 | took 0ms | statement | connection 22| url jdbc:h2:mem:ad3a9e80-f26d-4a3e-9691-17f803db5723
insert into picture (spot_id, url, picture_id) values (?, ?, ?)
insert into picture (spot_id, url, picture_id) values (NULL, 'java.io.StringReader@507099cc', 1018);
2022-10-10 14:33:47.103  INFO 4460 --- [    Test worker] p6spy                                    : #1665380027103 | took 0ms | statement | connection 22| url jdbc:h2:mem:ad3a9e80-f26d-4a3e-9691-17f803db5723
insert into picture (spot_id, url, picture_id) values (?, ?, ?)
insert into picture (spot_id, url, picture_id) values (NULL, 'java.io.StringReader@6b311ce5', 1019);
2022-10-10 14:33:47.103  INFO 4460 --- [    Test worker] p6spy                                    : #1665380027103 | took 0ms | statement | connection 22| url jdbc:h2:mem:ad3a9e80-f26d-4a3e-9691-17f803db5723
insert into spot (address, description, location, name, score_id, spot_id) values (?, ?, ?, ?, ?, ?)
insert into spot (address, description, location, name, score_id, spot_id) values (NULL, NULL, 'Aewol_eup', NULL, 241, 307);
2022-10-10 14:33:47.103  INFO 4460 --- [    Test worker] p6spy                                    : #1665380027103 | took 0ms | statement | connection 22| url jdbc:h2:mem:ad3a9e80-f26d-4a3e-9691-17f803db5723
insert into member_spot (member_id, score, spot_id, member_spot_id) values (?, ?, ?, ?)
insert into member_spot (member_id, score, spot_id, member_spot_id) values (13, 0.0, 307, 1020);
2022-10-10 14:33:47.103  INFO 4460 --- [    Test worker] p6spy                                    : #1665380027103 | took 0ms | statement | connection 22| url jdbc:h2:mem:ad3a9e80-f26d-4a3e-9691-17f803db5723
insert into review (content, spot_id, review_id) values (?, ?, ?)
insert into review (content, spot_id, review_id) values ('java.io.StringReader@7544c962', 269, 243);
2022-10-10 14:33:47.103  INFO 4460 --- [    Test worker] p6spy                                    : #1665380027103 | took 0ms | statement | connection 22| url jdbc:h2:mem:ad3a9e80-f26d-4a3e-9691-17f803db5723
insert into favorite_spot (count, favorite_id, spot_id, favorite_spot_id) values (?, ?, ?, ?)
insert into favorite_spot (count, favorite_id, spot_id, favorite_spot_id) values (0, 36, 307, 290);
2022-10-10 14:33:47.103  INFO 4460 --- [    Test worker] p6spy                                    : #1665380027103 | took 0ms | statement | connection 22| url jdbc:h2:mem:ad3a9e80-f26d-4a3e-9691-17f803db5723
insert into score (facility_rank, facility_score, price_rank, price_score, rank_average, surround_rank, surround_score, view_rank, view_score, score_id) values (?, ?, ?, ?, ?, ?, ?, ?, ?, ?)
insert into score (facility_rank, facility_score, price_rank, price_score, rank_average, surround_rank, surround_score, view_rank, view_score, score_id) values (0.7314559365856754, 0.8207701383334076, 2.3461536234063396, 3.5997455553764546, 8.183533830181364, 1.2206019203103347, 8.968493075178621, 7.465716362135474, 2.5921852231995723, 242);
2022-10-10 14:33:47.103  INFO 4460 --- [    Test worker] p6spy                                    : #1665380027103 | took 0ms | statement | connection 22| url jdbc:h2:mem:ad3a9e80-f26d-4a3e-9691-17f803db5723
insert into picture (spot_id, url, picture_id) values (?, ?, ?)
insert into picture (spot_id, url, picture_id) values (NULL, 'java.io.StringReader@b1c7b36', 1021);
2022-10-10 14:33:47.103  INFO 4460 --- [    Test worker] p6spy                                    : #1665380027103 | took 0ms | statement | connection 22| url jdbc:h2:mem:ad3a9e80-f26d-4a3e-9691-17f803db5723
insert into picture (spot_id, url, picture_id) values (?, ?, ?)
insert into picture (spot_id, url, picture_id) values (NULL, 'java.io.StringReader@39b8363b', 1022);
2022-10-10 14:33:47.103  INFO 4460 --- [    Test worker] p6spy                                    : #1665380027103 | took 0ms | statement | connection 22| url jdbc:h2:mem:ad3a9e80-f26d-4a3e-9691-17f803db5723
insert into picture (spot_id, url, picture_id) values (?, ?, ?)
insert into picture (spot_id, url, picture_id) values (NULL, 'java.io.StringReader@37c9f521', 1023);
2022-10-10 14:33:47.104  INFO 4460 --- [    Test worker] p6spy                                    : #1665380027104 | took 0ms | statement | connection 22| url jdbc:h2:mem:ad3a9e80-f26d-4a3e-9691-17f803db5723
insert into spot (address, description, location, name, score_id, spot_id) values (?, ?, ?, ?, ?, ?)
insert into spot (address, description, location, name, score_id, spot_id) values (NULL, NULL, 'Aewol_eup', NULL, 242, 308);
2022-10-10 14:33:47.104  INFO 4460 --- [    Test worker] p6spy                                    : #1665380027104 | took 0ms | statement | connection 22| url jdbc:h2:mem:ad3a9e80-f26d-4a3e-9691-17f803db5723
insert into member_spot (member_id, score, spot_id, member_spot_id) values (?, ?, ?, ?)
insert into member_spot (member_id, score, spot_id, member_spot_id) values (13, 0.0, 308, 1024);
2022-10-10 14:33:47.104  INFO 4460 --- [    Test worker] p6spy                                    : #1665380027104 | took 0ms | statement | connection 22| url jdbc:h2:mem:ad3a9e80-f26d-4a3e-9691-17f803db5723
insert into review (content, spot_id, review_id) values (?, ?, ?)
insert into review (content, spot_id, review_id) values ('java.io.StringReader@191063f0', 269, 244);
2022-10-10 14:33:47.104  INFO 4460 --- [    Test worker] p6spy                                    : #1665380027104 | took 0ms | statement | connection 22| url jdbc:h2:mem:ad3a9e80-f26d-4a3e-9691-17f803db5723
insert into score (facility_rank, facility_score, price_rank, price_score, rank_average, surround_rank, surround_score, view_rank, view_score, score_id) values (?, ?, ?, ?, ?, ?, ?, ?, ?, ?)
insert into score (facility_rank, facility_score, price_rank, price_score, rank_average, surround_rank, surround_score, view_rank, view_score, score_id) values (5.242559223809807, 6.780675845572436, 3.3656893475050733, 2.8285312493429347, 3.1329803323545424, 0.22868637877240028, 5.401875267263297, 4.369236049622517, 4.289626342144915, 243);
2022-10-10 14:33:47.104  INFO 4460 --- [    Test worker] p6spy                                    : #1665380027104 | took 0ms | statement | connection 22| url jdbc:h2:mem:ad3a9e80-f26d-4a3e-9691-17f803db5723
insert into picture (spot_id, url, picture_id) values (?, ?, ?)
insert into picture (spot_id, url, picture_id) values (NULL, 'java.io.StringReader@4ac5dcd8', 1025);
2022-10-10 14:33:47.104  INFO 4460 --- [    Test worker] p6spy                                    : #1665380027104 | took 0ms | statement | connection 22| url jdbc:h2:mem:ad3a9e80-f26d-4a3e-9691-17f803db5723
insert into picture (spot_id, url, picture_id) values (?, ?, ?)
insert into picture (spot_id, url, picture_id) values (NULL, 'java.io.StringReader@59687397', 1026);
2022-10-10 14:33:47.104  INFO 4460 --- [    Test worker] p6spy                                    : #1665380027104 | took 0ms | statement | connection 22| url jdbc:h2:mem:ad3a9e80-f26d-4a3e-9691-17f803db5723
insert into picture (spot_id, url, picture_id) values (?, ?, ?)
insert into picture (spot_id, url, picture_id) values (NULL, 'java.io.StringReader@45788a6c', 1027);
2022-10-10 14:33:47.104  INFO 4460 --- [    Test worker] p6spy                                    : #1665380027104 | took 0ms | statement | connection 22| url jdbc:h2:mem:ad3a9e80-f26d-4a3e-9691-17f803db5723
insert into spot (address, description, location, name, score_id, spot_id) values (?, ?, ?, ?, ?, ?)
insert into spot (address, description, location, name, score_id, spot_id) values (NULL, NULL, 'Aewol_eup', NULL, 243, 309);
2022-10-10 14:33:47.104  INFO 4460 --- [    Test worker] p6spy                                    : #1665380027104 | took 0ms | statement | connection 22| url jdbc:h2:mem:ad3a9e80-f26d-4a3e-9691-17f803db5723
insert into member_spot (member_id, score, spot_id, member_spot_id) values (?, ?, ?, ?)
insert into member_spot (member_id, score, spot_id, member_spot_id) values (13, 0.0, 309, 1028);
2022-10-10 14:33:47.104  INFO 4460 --- [    Test worker] p6spy                                    : #1665380027104 | took 0ms | statement | connection 22| url jdbc:h2:mem:ad3a9e80-f26d-4a3e-9691-17f803db5723
insert into review (content, spot_id, review_id) values (?, ?, ?)
insert into review (content, spot_id, review_id) values ('java.io.StringReader@538e1baa', 269, 245);
2022-10-10 14:33:47.104  INFO 4460 --- [    Test worker] p6spy                                    : #1665380027104 | took 0ms | statement | connection 22| url jdbc:h2:mem:ad3a9e80-f26d-4a3e-9691-17f803db5723
insert into favorite_spot (count, favorite_id, spot_id, favorite_spot_id) values (?, ?, ?, ?)
insert into favorite_spot (count, favorite_id, spot_id, favorite_spot_id) values (0, 36, 309, 291);
2022-10-10 14:33:47.104  INFO 4460 --- [    Test worker] p6spy                                    : #1665380027104 | took 0ms | statement | connection 22| url jdbc:h2:mem:ad3a9e80-f26d-4a3e-9691-17f803db5723
insert into score (facility_rank, facility_score, price_rank, price_score, rank_average, surround_rank, surround_score, view_rank, view_score, score_id) values (?, ?, ?, ?, ?, ?, ?, ?, ?, ?)
insert into score (facility_rank, facility_score, price_rank, price_score, rank_average, surround_rank, surround_score, view_rank, view_score, score_id) values (7.553664999173884, 0.8750264407958619, 7.37235168871676, 7.352692047286786, 8.816824442611074, 2.357846009287561, 5.377844205030425, 1.985566919576356, 7.032400336994135, 244);
2022-10-10 14:33:47.104  INFO 4460 --- [    Test worker] p6spy                                    : #1665380027104 | took 0ms | statement | connection 22| url jdbc:h2:mem:ad3a9e80-f26d-4a3e-9691-17f803db5723
insert into picture (spot_id, url, picture_id) values (?, ?, ?)
insert into picture (spot_id, url, picture_id) values (NULL, 'java.io.StringReader@8b1263c', 1029);
2022-10-10 14:33:47.104  INFO 4460 --- [    Test worker] p6spy                                    : #1665380027104 | took 0ms | statement | connection 22| url jdbc:h2:mem:ad3a9e80-f26d-4a3e-9691-17f803db5723
insert into picture (spot_id, url, picture_id) values (?, ?, ?)
insert into picture (spot_id, url, picture_id) values (NULL, 'java.io.StringReader@fe618cc', 1030);
2022-10-10 14:33:47.104  INFO 4460 --- [    Test worker] p6spy                                    : #1665380027104 | took 0ms | statement | connection 22| url jdbc:h2:mem:ad3a9e80-f26d-4a3e-9691-17f803db5723
insert into picture (spot_id, url, picture_id) values (?, ?, ?)
insert into picture (spot_id, url, picture_id) values (NULL, 'java.io.StringReader@15b078f', 1031);
2022-10-10 14:33:47.104  INFO 4460 --- [    Test worker] p6spy                                    : #1665380027104 | took 0ms | statement | connection 22| url jdbc:h2:mem:ad3a9e80-f26d-4a3e-9691-17f803db5723
insert into spot (address, description, location, name, score_id, spot_id) values (?, ?, ?, ?, ?, ?)
insert into spot (address, description, location, name, score_id, spot_id) values (NULL, NULL, 'Aewol_eup', NULL, 244, 310);
2022-10-10 14:33:47.104  INFO 4460 --- [    Test worker] p6spy                                    : #1665380027104 | took 0ms | statement | connection 22| url jdbc:h2:mem:ad3a9e80-f26d-4a3e-9691-17f803db5723
insert into member_spot (member_id, score, spot_id, member_spot_id) values (?, ?, ?, ?)
insert into member_spot (member_id, score, spot_id, member_spot_id) values (13, 0.0, 310, 1032);
2022-10-10 14:33:47.104  INFO 4460 --- [    Test worker] p6spy                                    : #1665380027104 | took 0ms | statement | connection 22| url jdbc:h2:mem:ad3a9e80-f26d-4a3e-9691-17f803db5723
insert into review (content, spot_id, review_id) values (?, ?, ?)
insert into review (content, spot_id, review_id) values ('java.io.StringReader@c624fdc', 269, 246);
2022-10-10 14:33:47.104  INFO 4460 --- [    Test worker] p6spy                                    : #1665380027104 | took 0ms | statement | connection 22| url jdbc:h2:mem:ad3a9e80-f26d-4a3e-9691-17f803db5723
insert into score (facility_rank, facility_score, price_rank, price_score, rank_average, surround_rank, surround_score, view_rank, view_score, score_id) values (?, ?, ?, ?, ?, ?, ?, ?, ?, ?)
insert into score (facility_rank, facility_score, price_rank, price_score, rank_average, surround_rank, surround_score, view_rank, view_score, score_id) values (8.701071939852556, 7.995238153023907, 3.094318442901943, 0.5896799606732805, 1.085214149066056, 0.34737190565850007, 2.4206419123527567, 2.0117813687535993, 5.884226935735683, 245);
2022-10-10 14:33:47.104  INFO 4460 --- [    Test worker] p6spy                                    : #1665380027104 | took 0ms | statement | connection 22| url jdbc:h2:mem:ad3a9e80-f26d-4a3e-9691-17f803db5723
insert into picture (spot_id, url, picture_id) values (?, ?, ?)
insert into picture (spot_id, url, picture_id) values (NULL, 'java.io.StringReader@2454ee88', 1033);
2022-10-10 14:33:47.104  INFO 4460 --- [    Test worker] p6spy                                    : #1665380027104 | took 0ms | statement | connection 22| url jdbc:h2:mem:ad3a9e80-f26d-4a3e-9691-17f803db5723
insert into picture (spot_id, url, picture_id) values (?, ?, ?)
insert into picture (spot_id, url, picture_id) values (NULL, 'java.io.StringReader@596c189f', 1034);
2022-10-10 14:33:47.104  INFO 4460 --- [    Test worker] p6spy                                    : #1665380027104 | took 0ms | statement | connection 22| url jdbc:h2:mem:ad3a9e80-f26d-4a3e-9691-17f803db5723
insert into picture (spot_id, url, picture_id) values (?, ?, ?)
insert into picture (spot_id, url, picture_id) values (NULL, 'java.io.StringReader@47211e6e', 1035);
2022-10-10 14:33:47.104  INFO 4460 --- [    Test worker] p6spy                                    : #1665380027104 | took 0ms | statement | connection 22| url jdbc:h2:mem:ad3a9e80-f26d-4a3e-9691-17f803db5723
insert into spot (address, description, location, name, score_id, spot_id) values (?, ?, ?, ?, ?, ?)
insert into spot (address, description, location, name, score_id, spot_id) values (NULL, NULL, 'Aewol_eup', NULL, 245, 311);
2022-10-10 14:33:47.104  INFO 4460 --- [    Test worker] p6spy                                    : #1665380027104 | took 0ms | statement | connection 22| url jdbc:h2:mem:ad3a9e80-f26d-4a3e-9691-17f803db5723
insert into member_spot (member_id, score, spot_id, member_spot_id) values (?, ?, ?, ?)
insert into member_spot (member_id, score, spot_id, member_spot_id) values (13, 0.0, 311, 1036);
2022-10-10 14:33:47.104  INFO 4460 --- [    Test worker] p6spy                                    : #1665380027104 | took 0ms | statement | connection 22| url jdbc:h2:mem:ad3a9e80-f26d-4a3e-9691-17f803db5723
insert into review (content, spot_id, review_id) values (?, ?, ?)
insert into review (content, spot_id, review_id) values ('java.io.StringReader@32a826f', 269, 247);
2022-10-10 14:33:47.104  INFO 4460 --- [    Test worker] p6spy                                    : #1665380027104 | took 0ms | statement | connection 22| url jdbc:h2:mem:ad3a9e80-f26d-4a3e-9691-17f803db5723
insert into favorite_spot (count, favorite_id, spot_id, favorite_spot_id) values (?, ?, ?, ?)
insert into favorite_spot (count, favorite_id, spot_id, favorite_spot_id) values (0, 36, 311, 292);
2022-10-10 14:33:47.104  INFO 4460 --- [    Test worker] p6spy                                    : #1665380027104 | took 0ms | statement | connection 22| url jdbc:h2:mem:ad3a9e80-f26d-4a3e-9691-17f803db5723
insert into score (facility_rank, facility_score, price_rank, price_score, rank_average, surround_rank, surround_score, view_rank, view_score, score_id) values (?, ?, ?, ?, ?, ?, ?, ?, ?, ?)
insert into score (facility_rank, facility_score, price_rank, price_score, rank_average, surround_rank, surround_score, view_rank, view_score, score_id) values (5.651555096702033, 1.5092538318671844, 0.0992073586030584, 0.16665122900115348, 7.931835384110214, 2.424423797573313, 0.8599756893830823, 2.9078506062232745, 3.4382620802241015, 246);
2022-10-10 14:33:47.104  INFO 4460 --- [    Test worker] p6spy                                    : #1665380027104 | took 0ms | statement | connection 22| url jdbc:h2:mem:ad3a9e80-f26d-4a3e-9691-17f803db5723
insert into picture (spot_id, url, picture_id) values (?, ?, ?)
insert into picture (spot_id, url, picture_id) values (NULL, 'java.io.StringReader@397c53e7', 1037);
2022-10-10 14:33:47.104  INFO 4460 --- [    Test worker] p6spy                                    : #1665380027104 | took 0ms | statement | connection 22| url jdbc:h2:mem:ad3a9e80-f26d-4a3e-9691-17f803db5723
insert into picture (spot_id, url, picture_id) values (?, ?, ?)
insert into picture (spot_id, url, picture_id) values (NULL, 'java.io.StringReader@3cd7ca94', 1038);
2022-10-10 14:33:47.104  INFO 4460 --- [    Test worker] p6spy                                    : #1665380027104 | took 0ms | statement | connection 22| url jdbc:h2:mem:ad3a9e80-f26d-4a3e-9691-17f803db5723
insert into picture (spot_id, url, picture_id) values (?, ?, ?)
insert into picture (spot_id, url, picture_id) values (NULL, 'java.io.StringReader@fab91f', 1039);
2022-10-10 14:33:47.104  INFO 4460 --- [    Test worker] p6spy                                    : #1665380027104 | took 0ms | statement | connection 22| url jdbc:h2:mem:ad3a9e80-f26d-4a3e-9691-17f803db5723
insert into spot (address, description, location, name, score_id, spot_id) values (?, ?, ?, ?, ?, ?)
insert into spot (address, description, location, name, score_id, spot_id) values (NULL, NULL, 'Aewol_eup', NULL, 246, 312);
2022-10-10 14:33:47.104  INFO 4460 --- [    Test worker] p6spy                                    : #1665380027104 | took 0ms | statement | connection 22| url jdbc:h2:mem:ad3a9e80-f26d-4a3e-9691-17f803db5723
insert into member_spot (member_id, score, spot_id, member_spot_id) values (?, ?, ?, ?)
insert into member_spot (member_id, score, spot_id, member_spot_id) values (13, 0.0, 312, 1040);
2022-10-10 14:33:47.104  INFO 4460 --- [    Test worker] p6spy                                    : #1665380027104 | took 0ms | statement | connection 22| url jdbc:h2:mem:ad3a9e80-f26d-4a3e-9691-17f803db5723
insert into review (content, spot_id, review_id) values (?, ?, ?)
insert into review (content, spot_id, review_id) values ('java.io.StringReader@54e0ed78', 269, 248);
2022-10-10 14:33:47.105  INFO 4460 --- [    Test worker] p6spy                                    : #1665380027105 | took 0ms | statement | connection 22| url jdbc:h2:mem:ad3a9e80-f26d-4a3e-9691-17f803db5723
insert into score (facility_rank, facility_score, price_rank, price_score, rank_average, surround_rank, surround_score, view_rank, view_score, score_id) values (?, ?, ?, ?, ?, ?, ?, ?, ?, ?)
insert into score (facility_rank, facility_score, price_rank, price_score, rank_average, surround_rank, surround_score, view_rank, view_score, score_id) values (7.045677680461507, 6.00197456624292, 1.4194931764841279, 5.071265383113701, 3.1774592275155875, 0.0636675649620666, 3.931689591748725, 8.223793551667349, 3.505501637764563, 247);
2022-10-10 14:33:47.105  INFO 4460 --- [    Test worker] p6spy                                    : #1665380027105 | took 0ms | statement | connection 22| url jdbc:h2:mem:ad3a9e80-f26d-4a3e-9691-17f803db5723
insert into picture (spot_id, url, picture_id) values (?, ?, ?)
insert into picture (spot_id, url, picture_id) values (NULL, 'java.io.StringReader@105be2d9', 1041);
2022-10-10 14:33:47.105  INFO 4460 --- [    Test worker] p6spy                                    : #1665380027105 | took 0ms | statement | connection 22| url jdbc:h2:mem:ad3a9e80-f26d-4a3e-9691-17f803db5723
insert into picture (spot_id, url, picture_id) values (?, ?, ?)
insert into picture (spot_id, url, picture_id) values (NULL, 'java.io.StringReader@2a07d669', 1042);
2022-10-10 14:33:47.105  INFO 4460 --- [    Test worker] p6spy                                    : #1665380027105 | took 0ms | statement | connection 22| url jdbc:h2:mem:ad3a9e80-f26d-4a3e-9691-17f803db5723
insert into picture (spot_id, url, picture_id) values (?, ?, ?)
insert into picture (spot_id, url, picture_id) values (NULL, 'java.io.StringReader@56255ee4', 1043);
2022-10-10 14:33:47.105  INFO 4460 --- [    Test worker] p6spy                                    : #1665380027105 | took 0ms | statement | connection 22| url jdbc:h2:mem:ad3a9e80-f26d-4a3e-9691-17f803db5723
insert into spot (address, description, location, name, score_id, spot_id) values (?, ?, ?, ?, ?, ?)
insert into spot (address, description, location, name, score_id, spot_id) values (NULL, NULL, 'Aewol_eup', NULL, 247, 313);
2022-10-10 14:33:47.105  INFO 4460 --- [    Test worker] p6spy                                    : #1665380027105 | took 0ms | statement | connection 22| url jdbc:h2:mem:ad3a9e80-f26d-4a3e-9691-17f803db5723
insert into member_spot (member_id, score, spot_id, member_spot_id) values (?, ?, ?, ?)
insert into member_spot (member_id, score, spot_id, member_spot_id) values (13, 0.0, 313, 1044);
2022-10-10 14:33:47.105  INFO 4460 --- [    Test worker] p6spy                                    : #1665380027105 | took 0ms | statement | connection 22| url jdbc:h2:mem:ad3a9e80-f26d-4a3e-9691-17f803db5723
insert into review (content, spot_id, review_id) values (?, ?, ?)
insert into review (content, spot_id, review_id) values ('java.io.StringReader@68fb4908', 269, 249);
2022-10-10 14:33:47.105  INFO 4460 --- [    Test worker] p6spy                                    : #1665380027105 | took 0ms | statement | connection 22| url jdbc:h2:mem:ad3a9e80-f26d-4a3e-9691-17f803db5723
insert into favorite_spot (count, favorite_id, spot_id, favorite_spot_id) values (?, ?, ?, ?)
insert into favorite_spot (count, favorite_id, spot_id, favorite_spot_id) values (0, 36, 313, 293);
2022-10-10 14:33:47.105  INFO 4460 --- [    Test worker] p6spy                                    : #1665380027105 | took 0ms | statement | connection 22| url jdbc:h2:mem:ad3a9e80-f26d-4a3e-9691-17f803db5723
insert into score (facility_rank, facility_score, price_rank, price_score, rank_average, surround_rank, surround_score, view_rank, view_score, score_id) values (?, ?, ?, ?, ?, ?, ?, ?, ?, ?)
insert into score (facility_rank, facility_score, price_rank, price_score, rank_average, surround_rank, surround_score, view_rank, view_score, score_id) values (8.992158614577935, 1.3731866610525856, 4.840097079972283, 3.2788592950120865, 0.29520252026950966, 8.529448906242337, 4.779685791419706, 0.19659160668210385, 2.7846226746336034, 248);
2022-10-10 14:33:47.105  INFO 4460 --- [    Test worker] p6spy                                    : #1665380027105 | took 0ms | statement | connection 22| url jdbc:h2:mem:ad3a9e80-f26d-4a3e-9691-17f803db5723
insert into picture (spot_id, url, picture_id) values (?, ?, ?)
insert into picture (spot_id, url, picture_id) values (NULL, 'java.io.StringReader@662468cb', 1045);
2022-10-10 14:33:47.105  INFO 4460 --- [    Test worker] p6spy                                    : #1665380027105 | took 0ms | statement | connection 22| url jdbc:h2:mem:ad3a9e80-f26d-4a3e-9691-17f803db5723
insert into picture (spot_id, url, picture_id) values (?, ?, ?)
insert into picture (spot_id, url, picture_id) values (NULL, 'java.io.StringReader@280005ed', 1046);
2022-10-10 14:33:47.105  INFO 4460 --- [    Test worker] p6spy                                    : #1665380027105 | took 0ms | statement | connection 22| url jdbc:h2:mem:ad3a9e80-f26d-4a3e-9691-17f803db5723
insert into picture (spot_id, url, picture_id) values (?, ?, ?)
insert into picture (spot_id, url, picture_id) values (NULL, 'java.io.StringReader@626f0377', 1047);
2022-10-10 14:33:47.105  INFO 4460 --- [    Test worker] p6spy                                    : #1665380027105 | took 0ms | statement | connection 22| url jdbc:h2:mem:ad3a9e80-f26d-4a3e-9691-17f803db5723
insert into spot (address, description, location, name, score_id, spot_id) values (?, ?, ?, ?, ?, ?)
insert into spot (address, description, location, name, score_id, spot_id) values (NULL, NULL, 'Aewol_eup', NULL, 248, 314);
2022-10-10 14:33:47.105  INFO 4460 --- [    Test worker] p6spy                                    : #1665380027105 | took 0ms | statement | connection 22| url jdbc:h2:mem:ad3a9e80-f26d-4a3e-9691-17f803db5723
insert into member_spot (member_id, score, spot_id, member_spot_id) values (?, ?, ?, ?)
insert into member_spot (member_id, score, spot_id, member_spot_id) values (13, 0.0, 314, 1048);
2022-10-10 14:33:47.105  INFO 4460 --- [    Test worker] p6spy                                    : #1665380027105 | took 0ms | statement | connection 22| url jdbc:h2:mem:ad3a9e80-f26d-4a3e-9691-17f803db5723
insert into review (content, spot_id, review_id) values (?, ?, ?)
insert into review (content, spot_id, review_id) values ('java.io.StringReader@4085173e', 269, 250);
2022-10-10 14:33:47.105  INFO 4460 --- [    Test worker] p6spy                                    : #1665380027105 | took 0ms | statement | connection 22| url jdbc:h2:mem:ad3a9e80-f26d-4a3e-9691-17f803db5723
insert into score (facility_rank, facility_score, price_rank, price_score, rank_average, surround_rank, surround_score, view_rank, view_score, score_id) values (?, ?, ?, ?, ?, ?, ?, ?, ?, ?)
insert into score (facility_rank, facility_score, price_rank, price_score, rank_average, surround_rank, surround_score, view_rank, view_score, score_id) values (8.027024693317477, 1.1079350241662034, 1.3267886501356596, 9.197431528074242, 9.607705468853759, 9.194863450012342, 6.338960678540707, 1.8994572596834003, 1.2177652230691116, 249);
2022-10-10 14:33:47.105  INFO 4460 --- [    Test worker] p6spy                                    : #1665380027105 | took 0ms | statement | connection 22| url jdbc:h2:mem:ad3a9e80-f26d-4a3e-9691-17f803db5723
insert into picture (spot_id, url, picture_id) values (?, ?, ?)
insert into picture (spot_id, url, picture_id) values (NULL, 'java.io.StringReader@33426d05', 1049);
2022-10-10 14:33:47.105  INFO 4460 --- [    Test worker] p6spy                                    : #1665380027105 | took 0ms | statement | connection 22| url jdbc:h2:mem:ad3a9e80-f26d-4a3e-9691-17f803db5723
insert into picture (spot_id, url, picture_id) values (?, ?, ?)
insert into picture (spot_id, url, picture_id) values (NULL, 'java.io.StringReader@63e7d3a2', 1050);
2022-10-10 14:33:47.105  INFO 4460 --- [    Test worker] p6spy                                    : #1665380027105 | took 0ms | statement | connection 22| url jdbc:h2:mem:ad3a9e80-f26d-4a3e-9691-17f803db5723
insert into picture (spot_id, url, picture_id) values (?, ?, ?)
insert into picture (spot_id, url, picture_id) values (NULL, 'java.io.StringReader@5a4b968d', 1051);
2022-10-10 14:33:47.105  INFO 4460 --- [    Test worker] p6spy                                    : #1665380027105 | took 0ms | statement | connection 22| url jdbc:h2:mem:ad3a9e80-f26d-4a3e-9691-17f803db5723
insert into spot (address, description, location, name, score_id, spot_id) values (?, ?, ?, ?, ?, ?)
insert into spot (address, description, location, name, score_id, spot_id) values (NULL, NULL, 'Aewol_eup', NULL, 249, 315);
2022-10-10 14:33:47.105  INFO 4460 --- [    Test worker] p6spy                                    : #1665380027105 | took 0ms | statement | connection 22| url jdbc:h2:mem:ad3a9e80-f26d-4a3e-9691-17f803db5723
insert into member_spot (member_id, score, spot_id, member_spot_id) values (?, ?, ?, ?)
insert into member_spot (member_id, score, spot_id, member_spot_id) values (13, 0.0, 315, 1052);
2022-10-10 14:33:47.105  INFO 4460 --- [    Test worker] p6spy                                    : #1665380027105 | took 0ms | statement | connection 22| url jdbc:h2:mem:ad3a9e80-f26d-4a3e-9691-17f803db5723
insert into review (content, spot_id, review_id) values (?, ?, ?)
insert into review (content, spot_id, review_id) values ('java.io.StringReader@19a67422', 269, 251);
2022-10-10 14:33:47.105  INFO 4460 --- [    Test worker] p6spy                                    : #1665380027105 | took 0ms | statement | connection 22| url jdbc:h2:mem:ad3a9e80-f26d-4a3e-9691-17f803db5723
insert into favorite_spot (count, favorite_id, spot_id, favorite_spot_id) values (?, ?, ?, ?)
insert into favorite_spot (count, favorite_id, spot_id, favorite_spot_id) values (0, 36, 315, 294);
2022-10-10 14:33:47.105  INFO 4460 --- [    Test worker] p6spy                                    : #1665380027105 | took 0ms | statement | connection 22| url jdbc:h2:mem:ad3a9e80-f26d-4a3e-9691-17f803db5723
insert into score (facility_rank, facility_score, price_rank, price_score, rank_average, surround_rank, surround_score, view_rank, view_score, score_id) values (?, ?, ?, ?, ?, ?, ?, ?, ?, ?)
insert into score (facility_rank, facility_score, price_rank, price_score, rank_average, surround_rank, surround_score, view_rank, view_score, score_id) values (0.4027288215928615, 2.6711242192356313, 9.970945029354432, 3.636327020032959, 6.619327048970499, 5.433094934545365, 8.140205605509442, 8.631969094697888, 5.464487564040122, 250);
2022-10-10 14:33:47.105  INFO 4460 --- [    Test worker] p6spy                                    : #1665380027105 | took 0ms | statement | connection 22| url jdbc:h2:mem:ad3a9e80-f26d-4a3e-9691-17f803db5723
insert into picture (spot_id, url, picture_id) values (?, ?, ?)
insert into picture (spot_id, url, picture_id) values (NULL, 'java.io.StringReader@1d461df7', 1053);
2022-10-10 14:33:47.105  INFO 4460 --- [    Test worker] p6spy                                    : #1665380027105 | took 0ms | statement | connection 22| url jdbc:h2:mem:ad3a9e80-f26d-4a3e-9691-17f803db5723
insert into picture (spot_id, url, picture_id) values (?, ?, ?)
insert into picture (spot_id, url, picture_id) values (NULL, 'java.io.StringReader@4933952d', 1054);
2022-10-10 14:33:47.105  INFO 4460 --- [    Test worker] p6spy                                    : #1665380027105 | took 0ms | statement | connection 22| url jdbc:h2:mem:ad3a9e80-f26d-4a3e-9691-17f803db5723
insert into picture (spot_id, url, picture_id) values (?, ?, ?)
insert into picture (spot_id, url, picture_id) values (NULL, 'java.io.StringReader@2954dc9e', 1055);
2022-10-10 14:33:47.106  INFO 4460 --- [    Test worker] p6spy                                    : #1665380027106 | took 0ms | statement | connection 22| url jdbc:h2:mem:ad3a9e80-f26d-4a3e-9691-17f803db5723
insert into spot (address, description, location, name, score_id, spot_id) values (?, ?, ?, ?, ?, ?)
insert into spot (address, description, location, name, score_id, spot_id) values (NULL, NULL, 'Aewol_eup', NULL, 250, 316);
2022-10-10 14:33:47.106  INFO 4460 --- [    Test worker] p6spy                                    : #1665380027106 | took 0ms | statement | connection 22| url jdbc:h2:mem:ad3a9e80-f26d-4a3e-9691-17f803db5723
insert into member_spot (member_id, score, spot_id, member_spot_id) values (?, ?, ?, ?)
insert into member_spot (member_id, score, spot_id, member_spot_id) values (13, 0.0, 316, 1056);
2022-10-10 14:33:47.106  INFO 4460 --- [    Test worker] p6spy                                    : #1665380027106 | took 0ms | statement | connection 22| url jdbc:h2:mem:ad3a9e80-f26d-4a3e-9691-17f803db5723
insert into review (content, spot_id, review_id) values (?, ?, ?)
insert into review (content, spot_id, review_id) values ('java.io.StringReader@ccf49f', 269, 252);
2022-10-10 14:33:47.106  INFO 4460 --- [    Test worker] p6spy                                    : #1665380027106 | took 0ms | statement | connection 22| url jdbc:h2:mem:ad3a9e80-f26d-4a3e-9691-17f803db5723
insert into score (facility_rank, facility_score, price_rank, price_score, rank_average, surround_rank, surround_score, view_rank, view_score, score_id) values (?, ?, ?, ?, ?, ?, ?, ?, ?, ?)
insert into score (facility_rank, facility_score, price_rank, price_score, rank_average, surround_rank, surround_score, view_rank, view_score, score_id) values (2.8413646829929498, 9.214494629147435, 5.711775826158267, 8.789201478672226, 7.731055821694948, 1.5647256394728992, 4.652533601047949, 7.3594150832901395, 9.394435262810855, 251);
2022-10-10 14:33:47.106  INFO 4460 --- [    Test worker] p6spy                                    : #1665380027106 | took 0ms | statement | connection 22| url jdbc:h2:mem:ad3a9e80-f26d-4a3e-9691-17f803db5723
insert into picture (spot_id, url, picture_id) values (?, ?, ?)
insert into picture (spot_id, url, picture_id) values (NULL, 'java.io.StringReader@418012d4', 1057);
2022-10-10 14:33:47.106  INFO 4460 --- [    Test worker] p6spy                                    : #1665380027106 | took 0ms | statement | connection 22| url jdbc:h2:mem:ad3a9e80-f26d-4a3e-9691-17f803db5723
insert into picture (spot_id, url, picture_id) values (?, ?, ?)
insert into picture (spot_id, url, picture_id) values (NULL, 'java.io.StringReader@1b89b1ac', 1058);
2022-10-10 14:33:47.106  INFO 4460 --- [    Test worker] p6spy                                    : #1665380027106 | took 0ms | statement | connection 22| url jdbc:h2:mem:ad3a9e80-f26d-4a3e-9691-17f803db5723
insert into picture (spot_id, url, picture_id) values (?, ?, ?)
insert into picture (spot_id, url, picture_id) values (NULL, 'java.io.StringReader@eb3b9fe', 1059);
2022-10-10 14:33:47.106  INFO 4460 --- [    Test worker] p6spy                                    : #1665380027106 | took 0ms | statement | connection 22| url jdbc:h2:mem:ad3a9e80-f26d-4a3e-9691-17f803db5723
insert into spot (address, description, location, name, score_id, spot_id) values (?, ?, ?, ?, ?, ?)
insert into spot (address, description, location, name, score_id, spot_id) values (NULL, NULL, 'Aewol_eup', NULL, 251, 317);
2022-10-10 14:33:47.106  INFO 4460 --- [    Test worker] p6spy                                    : #1665380027106 | took 0ms | statement | connection 22| url jdbc:h2:mem:ad3a9e80-f26d-4a3e-9691-17f803db5723
insert into member_spot (member_id, score, spot_id, member_spot_id) values (?, ?, ?, ?)
insert into member_spot (member_id, score, spot_id, member_spot_id) values (13, 0.0, 317, 1060);
2022-10-10 14:33:47.106  INFO 4460 --- [    Test worker] p6spy                                    : #1665380027106 | took 0ms | statement | connection 22| url jdbc:h2:mem:ad3a9e80-f26d-4a3e-9691-17f803db5723
insert into review (content, spot_id, review_id) values (?, ?, ?)
insert into review (content, spot_id, review_id) values ('java.io.StringReader@da1abd6', 269, 253);
2022-10-10 14:33:47.106  INFO 4460 --- [    Test worker] p6spy                                    : #1665380027106 | took 0ms | statement | connection 22| url jdbc:h2:mem:ad3a9e80-f26d-4a3e-9691-17f803db5723
insert into favorite_spot (count, favorite_id, spot_id, favorite_spot_id) values (?, ?, ?, ?)
insert into favorite_spot (count, favorite_id, spot_id, favorite_spot_id) values (0, 36, 317, 295);
2022-10-10 14:33:47.106  INFO 4460 --- [    Test worker] p6spy                                    : #1665380027106 | took 0ms | statement | connection 22| url jdbc:h2:mem:ad3a9e80-f26d-4a3e-9691-17f803db5723
insert into score (facility_rank, facility_score, price_rank, price_score, rank_average, surround_rank, surround_score, view_rank, view_score, score_id) values (?, ?, ?, ?, ?, ?, ?, ?, ?, ?)
insert into score (facility_rank, facility_score, price_rank, price_score, rank_average, surround_rank, surround_score, view_rank, view_score, score_id) values (2.1036520020964957, 1.1782151400310892, 8.091437544356388, 4.001151208369245, 0.6190027834447809, 7.61028955589995, 2.01826630680197, 0.8427415506453895, 6.450146862487233, 252);
2022-10-10 14:33:47.106  INFO 4460 --- [    Test worker] p6spy                                    : #1665380027106 | took 0ms | statement | connection 22| url jdbc:h2:mem:ad3a9e80-f26d-4a3e-9691-17f803db5723
insert into picture (spot_id, url, picture_id) values (?, ?, ?)
insert into picture (spot_id, url, picture_id) values (NULL, 'java.io.StringReader@ebfe707', 1061);
2022-10-10 14:33:47.106  INFO 4460 --- [    Test worker] p6spy                                    : #1665380027106 | took 0ms | statement | connection 22| url jdbc:h2:mem:ad3a9e80-f26d-4a3e-9691-17f803db5723
insert into picture (spot_id, url, picture_id) values (?, ?, ?)
insert into picture (spot_id, url, picture_id) values (NULL, 'java.io.StringReader@5f1495c6', 1062);
2022-10-10 14:33:47.106  INFO 4460 --- [    Test worker] p6spy                                    : #1665380027106 | took 0ms | statement | connection 22| url jdbc:h2:mem:ad3a9e80-f26d-4a3e-9691-17f803db5723
insert into picture (spot_id, url, picture_id) values (?, ?, ?)
insert into picture (spot_id, url, picture_id) values (NULL, 'java.io.StringReader@63702e4', 1063);
2022-10-10 14:33:47.106  INFO 4460 --- [    Test worker] p6spy                                    : #1665380027106 | took 0ms | statement | connection 22| url jdbc:h2:mem:ad3a9e80-f26d-4a3e-9691-17f803db5723
insert into spot (address, description, location, name, score_id, spot_id) values (?, ?, ?, ?, ?, ?)
insert into spot (address, description, location, name, score_id, spot_id) values (NULL, NULL, 'Aewol_eup', NULL, 252, 318);
2022-10-10 14:33:47.106  INFO 4460 --- [    Test worker] p6spy                                    : #1665380027106 | took 0ms | statement | connection 22| url jdbc:h2:mem:ad3a9e80-f26d-4a3e-9691-17f803db5723
insert into member_spot (member_id, score, spot_id, member_spot_id) values (?, ?, ?, ?)
insert into member_spot (member_id, score, spot_id, member_spot_id) values (13, 0.0, 318, 1064);
2022-10-10 14:33:47.106  INFO 4460 --- [    Test worker] p6spy                                    : #1665380027106 | took 0ms | statement | connection 22| url jdbc:h2:mem:ad3a9e80-f26d-4a3e-9691-17f803db5723
insert into review (content, spot_id, review_id) values (?, ?, ?)
insert into review (content, spot_id, review_id) values ('java.io.StringReader@59e182', 269, 254);
2022-10-10 14:33:47.106  INFO 4460 --- [    Test worker] p6spy                                    : #1665380027106 | took 0ms | statement | connection 22| url jdbc:h2:mem:ad3a9e80-f26d-4a3e-9691-17f803db5723
insert into score (facility_rank, facility_score, price_rank, price_score, rank_average, surround_rank, surround_score, view_rank, view_score, score_id) values (?, ?, ?, ?, ?, ?, ?, ?, ?, ?)
insert into score (facility_rank, facility_score, price_rank, price_score, rank_average, surround_rank, surround_score, view_rank, view_score, score_id) values (7.114870661804771, 8.029590173849162, 7.468851834653051, 2.7946988771305814, 9.542809178006596, 3.3567681179343922, 8.811796043465929, 4.881099781912974, 2.9102047830537456, 253);
2022-10-10 14:33:47.106  INFO 4460 --- [    Test worker] p6spy                                    : #1665380027106 | took 0ms | statement | connection 22| url jdbc:h2:mem:ad3a9e80-f26d-4a3e-9691-17f803db5723
insert into picture (spot_id, url, picture_id) values (?, ?, ?)
insert into picture (spot_id, url, picture_id) values (NULL, 'java.io.StringReader@20fc059f', 1065);
2022-10-10 14:33:47.106  INFO 4460 --- [    Test worker] p6spy                                    : #1665380027106 | took 0ms | statement | connection 22| url jdbc:h2:mem:ad3a9e80-f26d-4a3e-9691-17f803db5723
insert into picture (spot_id, url, picture_id) values (?, ?, ?)
insert into picture (spot_id, url, picture_id) values (NULL, 'java.io.StringReader@513b730', 1066);
2022-10-10 14:33:47.106  INFO 4460 --- [    Test worker] p6spy                                    : #1665380027106 | took 0ms | statement | connection 22| url jdbc:h2:mem:ad3a9e80-f26d-4a3e-9691-17f803db5723
insert into picture (spot_id, url, picture_id) values (?, ?, ?)
insert into picture (spot_id, url, picture_id) values (NULL, 'java.io.StringReader@79e35c46', 1067);
2022-10-10 14:33:47.106  INFO 4460 --- [    Test worker] p6spy                                    : #1665380027106 | took 0ms | statement | connection 22| url jdbc:h2:mem:ad3a9e80-f26d-4a3e-9691-17f803db5723
insert into spot (address, description, location, name, score_id, spot_id) values (?, ?, ?, ?, ?, ?)
insert into spot (address, description, location, name, score_id, spot_id) values (NULL, NULL, 'Andeok_myeon', NULL, 253, 319);
2022-10-10 14:33:47.106  INFO 4460 --- [    Test worker] p6spy                                    : #1665380027106 | took 0ms | statement | connection 22| url jdbc:h2:mem:ad3a9e80-f26d-4a3e-9691-17f803db5723
insert into member_spot (member_id, score, spot_id, member_spot_id) values (?, ?, ?, ?)
insert into member_spot (member_id, score, spot_id, member_spot_id) values (12, 0.0, 319, 1068);
2022-10-10 14:33:47.106  INFO 4460 --- [    Test worker] p6spy                                    : #1665380027106 | took 0ms | statement | connection 22| url jdbc:h2:mem:ad3a9e80-f26d-4a3e-9691-17f803db5723
insert into review (content, spot_id, review_id) values (?, ?, ?)
insert into review (content, spot_id, review_id) values ('java.io.StringReader@4b5cf935', 269, 255);
2022-10-10 14:33:47.106  INFO 4460 --- [    Test worker] p6spy                                    : #1665380027106 | took 0ms | statement | connection 22| url jdbc:h2:mem:ad3a9e80-f26d-4a3e-9691-17f803db5723
insert into favorite_spot (count, favorite_id, spot_id, favorite_spot_id) values (?, ?, ?, ?)
insert into favorite_spot (count, favorite_id, spot_id, favorite_spot_id) values (0, 36, 319, 296);
2022-10-10 14:33:47.106  INFO 4460 --- [    Test worker] p6spy                                    : #1665380027106 | took 0ms | statement | connection 22| url jdbc:h2:mem:ad3a9e80-f26d-4a3e-9691-17f803db5723
insert into score (facility_rank, facility_score, price_rank, price_score, rank_average, surround_rank, surround_score, view_rank, view_score, score_id) values (?, ?, ?, ?, ?, ?, ?, ?, ?, ?)
insert into score (facility_rank, facility_score, price_rank, price_score, rank_average, surround_rank, surround_score, view_rank, view_score, score_id) values (0.10689955703779397, 0.14119945621677843, 7.600073344601118, 8.840634485580672, 6.8751906188284, 7.306614142646666, 3.5726886199054197, 7.118083353137003, 5.875326446816219, 254);
2022-10-10 14:33:47.106  INFO 4460 --- [    Test worker] p6spy                                    : #1665380027106 | took 0ms | statement | connection 22| url jdbc:h2:mem:ad3a9e80-f26d-4a3e-9691-17f803db5723
insert into picture (spot_id, url, picture_id) values (?, ?, ?)
insert into picture (spot_id, url, picture_id) values (NULL, 'java.io.StringReader@1fbbc139', 1069);
2022-10-10 14:33:47.106  INFO 4460 --- [    Test worker] p6spy                                    : #1665380027106 | took 0ms | statement | connection 22| url jdbc:h2:mem:ad3a9e80-f26d-4a3e-9691-17f803db5723
insert into picture (spot_id, url, picture_id) values (?, ?, ?)
insert into picture (spot_id, url, picture_id) values (NULL, 'java.io.StringReader@25ebbb3e', 1070);
2022-10-10 14:33:47.106  INFO 4460 --- [    Test worker] p6spy                                    : #1665380027106 | took 0ms | statement | connection 22| url jdbc:h2:mem:ad3a9e80-f26d-4a3e-9691-17f803db5723
insert into picture (spot_id, url, picture_id) values (?, ?, ?)
insert into picture (spot_id, url, picture_id) values (NULL, 'java.io.StringReader@65556511', 1071);
2022-10-10 14:33:47.106  INFO 4460 --- [    Test worker] p6spy                                    : #1665380027106 | took 0ms | statement | connection 22| url jdbc:h2:mem:ad3a9e80-f26d-4a3e-9691-17f803db5723
insert into spot (address, description, location, name, score_id, spot_id) values (?, ?, ?, ?, ?, ?)
insert into spot (address, description, location, name, score_id, spot_id) values (NULL, NULL, 'Andeok_myeon', NULL, 254, 320);
2022-10-10 14:33:47.106  INFO 4460 --- [    Test worker] p6spy                                    : #1665380027106 | took 0ms | statement | connection 22| url jdbc:h2:mem:ad3a9e80-f26d-4a3e-9691-17f803db5723
insert into member_spot (member_id, score, spot_id, member_spot_id) values (?, ?, ?, ?)
insert into member_spot (member_id, score, spot_id, member_spot_id) values (12, 0.0, 320, 1072);
2022-10-10 14:33:47.106  INFO 4460 --- [    Test worker] p6spy                                    : #1665380027106 | took 0ms | statement | connection 22| url jdbc:h2:mem:ad3a9e80-f26d-4a3e-9691-17f803db5723
insert into review (content, spot_id, review_id) values (?, ?, ?)
insert into review (content, spot_id, review_id) values ('java.io.StringReader@6993fa61', 269, 256);
2022-10-10 14:33:47.107  INFO 4460 --- [    Test worker] p6spy                                    : #1665380027106 | took 0ms | statement | connection 22| url jdbc:h2:mem:ad3a9e80-f26d-4a3e-9691-17f803db5723
insert into score (facility_rank, facility_score, price_rank, price_score, rank_average, surround_rank, surround_score, view_rank, view_score, score_id) values (?, ?, ?, ?, ?, ?, ?, ?, ?, ?)
insert into score (facility_rank, facility_score, price_rank, price_score, rank_average, surround_rank, surround_score, view_rank, view_score, score_id) values (2.711861481847447, 5.860602791587556, 6.572063051939056, 8.527699577627763, 7.115732546506903, 7.282152225912341, 2.161742949357741, 0.2592303644314675, 8.188353097336021, 255);
2022-10-10 14:33:47.107  INFO 4460 --- [    Test worker] p6spy                                    : #1665380027107 | took 0ms | statement | connection 22| url jdbc:h2:mem:ad3a9e80-f26d-4a3e-9691-17f803db5723
insert into picture (spot_id, url, picture_id) values (?, ?, ?)
insert into picture (spot_id, url, picture_id) values (NULL, 'java.io.StringReader@7a6dd9dd', 1073);
2022-10-10 14:33:47.107  INFO 4460 --- [    Test worker] p6spy                                    : #1665380027107 | took 0ms | statement | connection 22| url jdbc:h2:mem:ad3a9e80-f26d-4a3e-9691-17f803db5723
insert into picture (spot_id, url, picture_id) values (?, ?, ?)
insert into picture (spot_id, url, picture_id) values (NULL, 'java.io.StringReader@21fdc052', 1074);
2022-10-10 14:33:47.107  INFO 4460 --- [    Test worker] p6spy                                    : #1665380027107 | took 0ms | statement | connection 22| url jdbc:h2:mem:ad3a9e80-f26d-4a3e-9691-17f803db5723
insert into picture (spot_id, url, picture_id) values (?, ?, ?)
insert into picture (spot_id, url, picture_id) values (NULL, 'java.io.StringReader@22a26bd1', 1075);
2022-10-10 14:33:47.107  INFO 4460 --- [    Test worker] p6spy                                    : #1665380027107 | took 0ms | statement | connection 22| url jdbc:h2:mem:ad3a9e80-f26d-4a3e-9691-17f803db5723
insert into spot (address, description, location, name, score_id, spot_id) values (?, ?, ?, ?, ?, ?)
insert into spot (address, description, location, name, score_id, spot_id) values (NULL, NULL, 'Andeok_myeon', NULL, 255, 321);
2022-10-10 14:33:47.107  INFO 4460 --- [    Test worker] p6spy                                    : #1665380027107 | took 0ms | statement | connection 22| url jdbc:h2:mem:ad3a9e80-f26d-4a3e-9691-17f803db5723
insert into member_spot (member_id, score, spot_id, member_spot_id) values (?, ?, ?, ?)
insert into member_spot (member_id, score, spot_id, member_spot_id) values (12, 0.0, 321, 1076);
2022-10-10 14:33:47.107  INFO 4460 --- [    Test worker] p6spy                                    : #1665380027107 | took 0ms | statement | connection 22| url jdbc:h2:mem:ad3a9e80-f26d-4a3e-9691-17f803db5723
insert into review (content, spot_id, review_id) values (?, ?, ?)
insert into review (content, spot_id, review_id) values ('java.io.StringReader@2cca9ab9', 269, 257);
2022-10-10 14:33:47.107  INFO 4460 --- [    Test worker] p6spy                                    : #1665380027107 | took 0ms | statement | connection 22| url jdbc:h2:mem:ad3a9e80-f26d-4a3e-9691-17f803db5723
insert into favorite_spot (count, favorite_id, spot_id, favorite_spot_id) values (?, ?, ?, ?)
insert into favorite_spot (count, favorite_id, spot_id, favorite_spot_id) values (0, 36, 321, 297);
2022-10-10 14:33:47.107  INFO 4460 --- [    Test worker] p6spy                                    : #1665380027107 | took 0ms | statement | connection 22| url jdbc:h2:mem:ad3a9e80-f26d-4a3e-9691-17f803db5723
insert into score (facility_rank, facility_score, price_rank, price_score, rank_average, surround_rank, surround_score, view_rank, view_score, score_id) values (?, ?, ?, ?, ?, ?, ?, ?, ?, ?)
insert into score (facility_rank, facility_score, price_rank, price_score, rank_average, surround_rank, surround_score, view_rank, view_score, score_id) values (8.186856729162514, 6.403739961254786, 7.722440056265267, 7.2432915760227985, 6.415421157895256, 9.263621377763267, 9.439502231813465, 4.712951921887399, 4.152972579048416, 256);
2022-10-10 14:33:47.107  INFO 4460 --- [    Test worker] p6spy                                    : #1665380027107 | took 0ms | statement | connection 22| url jdbc:h2:mem:ad3a9e80-f26d-4a3e-9691-17f803db5723
insert into picture (spot_id, url, picture_id) values (?, ?, ?)
insert into picture (spot_id, url, picture_id) values (NULL, 'java.io.StringReader@31c00d59', 1077);
2022-10-10 14:33:47.107  INFO 4460 --- [    Test worker] p6spy                                    : #1665380027107 | took 0ms | statement | connection 22| url jdbc:h2:mem:ad3a9e80-f26d-4a3e-9691-17f803db5723
insert into picture (spot_id, url, picture_id) values (?, ?, ?)
insert into picture (spot_id, url, picture_id) values (NULL, 'java.io.StringReader@71993eba', 1078);
2022-10-10 14:33:47.107  INFO 4460 --- [    Test worker] p6spy                                    : #1665380027107 | took 0ms | statement | connection 22| url jdbc:h2:mem:ad3a9e80-f26d-4a3e-9691-17f803db5723
insert into picture (spot_id, url, picture_id) values (?, ?, ?)
insert into picture (spot_id, url, picture_id) values (NULL, 'java.io.StringReader@20ba139b', 1079);
2022-10-10 14:33:47.107  INFO 4460 --- [    Test worker] p6spy                                    : #1665380027107 | took 0ms | statement | connection 22| url jdbc:h2:mem:ad3a9e80-f26d-4a3e-9691-17f803db5723
insert into spot (address, description, location, name, score_id, spot_id) values (?, ?, ?, ?, ?, ?)
insert into spot (address, description, location, name, score_id, spot_id) values (NULL, NULL, 'Andeok_myeon', NULL, 256, 322);
2022-10-10 14:33:47.107  INFO 4460 --- [    Test worker] p6spy                                    : #1665380027107 | took 0ms | statement | connection 22| url jdbc:h2:mem:ad3a9e80-f26d-4a3e-9691-17f803db5723
insert into member_spot (member_id, score, spot_id, member_spot_id) values (?, ?, ?, ?)
insert into member_spot (member_id, score, spot_id, member_spot_id) values (12, 0.0, 322, 1080);
2022-10-10 14:33:47.107  INFO 4460 --- [    Test worker] p6spy                                    : #1665380027107 | took 0ms | statement | connection 22| url jdbc:h2:mem:ad3a9e80-f26d-4a3e-9691-17f803db5723
insert into review (content, spot_id, review_id) values (?, ?, ?)
insert into review (content, spot_id, review_id) values ('java.io.StringReader@61ed43ae', 269, 258);
2022-10-10 14:33:47.107  INFO 4460 --- [    Test worker] p6spy                                    : #1665380027107 | took 0ms | statement | connection 22| url jdbc:h2:mem:ad3a9e80-f26d-4a3e-9691-17f803db5723
insert into score (facility_rank, facility_score, price_rank, price_score, rank_average, surround_rank, surround_score, view_rank, view_score, score_id) values (?, ?, ?, ?, ?, ?, ?, ?, ?, ?)
insert into score (facility_rank, facility_score, price_rank, price_score, rank_average, surround_rank, surround_score, view_rank, view_score, score_id) values (1.4341084606736554, 0.24756927144335084, 7.487693854926062, 6.215080352354235, 4.3099241852799395, 5.602097731149554, 1.7078323041211863, 9.90939324224813, 2.3652310468127657, 257);
2022-10-10 14:33:47.107  INFO 4460 --- [    Test worker] p6spy                                    : #1665380027107 | took 0ms | statement | connection 22| url jdbc:h2:mem:ad3a9e80-f26d-4a3e-9691-17f803db5723
insert into picture (spot_id, url, picture_id) values (?, ?, ?)
insert into picture (spot_id, url, picture_id) values (NULL, 'java.io.StringReader@3ed6d23e', 1081);
2022-10-10 14:33:47.107  INFO 4460 --- [    Test worker] p6spy                                    : #1665380027107 | took 0ms | statement | connection 22| url jdbc:h2:mem:ad3a9e80-f26d-4a3e-9691-17f803db5723
insert into picture (spot_id, url, picture_id) values (?, ?, ?)
insert into picture (spot_id, url, picture_id) values (NULL, 'java.io.StringReader@df7e36b', 1082);
2022-10-10 14:33:47.107  INFO 4460 --- [    Test worker] p6spy                                    : #1665380027107 | took 0ms | statement | connection 22| url jdbc:h2:mem:ad3a9e80-f26d-4a3e-9691-17f803db5723
insert into picture (spot_id, url, picture_id) values (?, ?, ?)
insert into picture (spot_id, url, picture_id) values (NULL, 'java.io.StringReader@5fc7c9af', 1083);
2022-10-10 14:33:47.107  INFO 4460 --- [    Test worker] p6spy                                    : #1665380027107 | took 0ms | statement | connection 22| url jdbc:h2:mem:ad3a9e80-f26d-4a3e-9691-17f803db5723
insert into spot (address, description, location, name, score_id, spot_id) values (?, ?, ?, ?, ?, ?)
insert into spot (address, description, location, name, score_id, spot_id) values (NULL, NULL, 'Andeok_myeon', NULL, 257, 323);
2022-10-10 14:33:47.107  INFO 4460 --- [    Test worker] p6spy                                    : #1665380027107 | took 0ms | statement | connection 22| url jdbc:h2:mem:ad3a9e80-f26d-4a3e-9691-17f803db5723
insert into member_spot (member_id, score, spot_id, member_spot_id) values (?, ?, ?, ?)
insert into member_spot (member_id, score, spot_id, member_spot_id) values (12, 0.0, 323, 1084);
2022-10-10 14:33:47.107  INFO 4460 --- [    Test worker] p6spy                                    : #1665380027107 | took 0ms | statement | connection 22| url jdbc:h2:mem:ad3a9e80-f26d-4a3e-9691-17f803db5723
insert into review (content, spot_id, review_id) values (?, ?, ?)
insert into review (content, spot_id, review_id) values ('java.io.StringReader@1212bd7a', 269, 259);
2022-10-10 14:33:47.107  INFO 4460 --- [    Test worker] p6spy                                    : #1665380027107 | took 0ms | statement | connection 22| url jdbc:h2:mem:ad3a9e80-f26d-4a3e-9691-17f803db5723
insert into favorite_spot (count, favorite_id, spot_id, favorite_spot_id) values (?, ?, ?, ?)
insert into favorite_spot (count, favorite_id, spot_id, favorite_spot_id) values (0, 36, 323, 298);
2022-10-10 14:33:47.107  INFO 4460 --- [    Test worker] p6spy                                    : #1665380027107 | took 0ms | statement | connection 22| url jdbc:h2:mem:ad3a9e80-f26d-4a3e-9691-17f803db5723
insert into score (facility_rank, facility_score, price_rank, price_score, rank_average, surround_rank, surround_score, view_rank, view_score, score_id) values (?, ?, ?, ?, ?, ?, ?, ?, ?, ?)
insert into score (facility_rank, facility_score, price_rank, price_score, rank_average, surround_rank, surround_score, view_rank, view_score, score_id) values (5.592455415294518, 8.1632267720619, 2.1545796566352093, 8.561929507788946, 9.76183601281118, 4.110542316798873, 9.409956038969199, 1.5224590487058043, 3.6430651584075457, 258);
2022-10-10 14:33:47.107  INFO 4460 --- [    Test worker] p6spy                                    : #1665380027107 | took 0ms | statement | connection 22| url jdbc:h2:mem:ad3a9e80-f26d-4a3e-9691-17f803db5723
insert into picture (spot_id, url, picture_id) values (?, ?, ?)
insert into picture (spot_id, url, picture_id) values (NULL, 'java.io.StringReader@1461be0c', 1085);
2022-10-10 14:33:47.107  INFO 4460 --- [    Test worker] p6spy                                    : #1665380027107 | took 0ms | statement | connection 22| url jdbc:h2:mem:ad3a9e80-f26d-4a3e-9691-17f803db5723
insert into picture (spot_id, url, picture_id) values (?, ?, ?)
insert into picture (spot_id, url, picture_id) values (NULL, 'java.io.StringReader@1febf786', 1086);
2022-10-10 14:33:47.107  INFO 4460 --- [    Test worker] p6spy                                    : #1665380027107 | took 0ms | statement | connection 22| url jdbc:h2:mem:ad3a9e80-f26d-4a3e-9691-17f803db5723
insert into picture (spot_id, url, picture_id) values (?, ?, ?)
insert into picture (spot_id, url, picture_id) values (NULL, 'java.io.StringReader@50738e64', 1087);
2022-10-10 14:33:47.107  INFO 4460 --- [    Test worker] p6spy                                    : #1665380027107 | took 0ms | statement | connection 22| url jdbc:h2:mem:ad3a9e80-f26d-4a3e-9691-17f803db5723
insert into spot (address, description, location, name, score_id, spot_id) values (?, ?, ?, ?, ?, ?)
insert into spot (address, description, location, name, score_id, spot_id) values (NULL, NULL, 'Andeok_myeon', NULL, 258, 324);
2022-10-10 14:33:47.107  INFO 4460 --- [    Test worker] p6spy                                    : #1665380027107 | took 0ms | statement | connection 22| url jdbc:h2:mem:ad3a9e80-f26d-4a3e-9691-17f803db5723
insert into member_spot (member_id, score, spot_id, member_spot_id) values (?, ?, ?, ?)
insert into member_spot (member_id, score, spot_id, member_spot_id) values (12, 0.0, 324, 1088);
2022-10-10 14:33:47.107  INFO 4460 --- [    Test worker] p6spy                                    : #1665380027107 | took 0ms | statement | connection 22| url jdbc:h2:mem:ad3a9e80-f26d-4a3e-9691-17f803db5723
insert into review (content, spot_id, review_id) values (?, ?, ?)
insert into review (content, spot_id, review_id) values ('java.io.StringReader@8658ba9', 269, 260);
2022-10-10 14:33:47.107  INFO 4460 --- [    Test worker] p6spy                                    : #1665380027107 | took 0ms | statement | connection 22| url jdbc:h2:mem:ad3a9e80-f26d-4a3e-9691-17f803db5723
insert into score (facility_rank, facility_score, price_rank, price_score, rank_average, surround_rank, surround_score, view_rank, view_score, score_id) values (?, ?, ?, ?, ?, ?, ?, ?, ?, ?)
insert into score (facility_rank, facility_score, price_rank, price_score, rank_average, surround_rank, surround_score, view_rank, view_score, score_id) values (6.026651952120581, 1.0544357469362164, 4.718474245181923, 4.188979663820968, 6.043323792041855, 3.6927691163793663, 9.9628801818785, 2.547045246143491, 8.73250015896457, 259);
2022-10-10 14:33:47.107  INFO 4460 --- [    Test worker] p6spy                                    : #1665380027107 | took 0ms | statement | connection 22| url jdbc:h2:mem:ad3a9e80-f26d-4a3e-9691-17f803db5723
insert into picture (spot_id, url, picture_id) values (?, ?, ?)
insert into picture (spot_id, url, picture_id) values (NULL, 'java.io.StringReader@7bcbc143', 1089);
2022-10-10 14:33:47.107  INFO 4460 --- [    Test worker] p6spy                                    : #1665380027107 | took 0ms | statement | connection 22| url jdbc:h2:mem:ad3a9e80-f26d-4a3e-9691-17f803db5723
insert into picture (spot_id, url, picture_id) values (?, ?, ?)
insert into picture (spot_id, url, picture_id) values (NULL, 'java.io.StringReader@676a9ff4', 1090);
2022-10-10 14:33:47.107  INFO 4460 --- [    Test worker] p6spy                                    : #1665380027107 | took 0ms | statement | connection 22| url jdbc:h2:mem:ad3a9e80-f26d-4a3e-9691-17f803db5723
insert into picture (spot_id, url, picture_id) values (?, ?, ?)
insert into picture (spot_id, url, picture_id) values (NULL, 'java.io.StringReader@30fc38cc', 1091);
2022-10-10 14:33:47.107  INFO 4460 --- [    Test worker] p6spy                                    : #1665380027107 | took 0ms | statement | connection 22| url jdbc:h2:mem:ad3a9e80-f26d-4a3e-9691-17f803db5723
insert into spot (address, description, location, name, score_id, spot_id) values (?, ?, ?, ?, ?, ?)
insert into spot (address, description, location, name, score_id, spot_id) values (NULL, NULL, 'Andeok_myeon', NULL, 259, 325);
2022-10-10 14:33:47.107  INFO 4460 --- [    Test worker] p6spy                                    : #1665380027107 | took 0ms | statement | connection 22| url jdbc:h2:mem:ad3a9e80-f26d-4a3e-9691-17f803db5723
insert into member_spot (member_id, score, spot_id, member_spot_id) values (?, ?, ?, ?)
insert into member_spot (member_id, score, spot_id, member_spot_id) values (12, 0.0, 325, 1092);
2022-10-10 14:33:47.108  INFO 4460 --- [    Test worker] p6spy                                    : #1665380027108 | took 0ms | statement | connection 22| url jdbc:h2:mem:ad3a9e80-f26d-4a3e-9691-17f803db5723
insert into review (content, spot_id, review_id) values (?, ?, ?)
insert into review (content, spot_id, review_id) values ('java.io.StringReader@6334cf1b', 269, 261);
2022-10-10 14:33:47.108  INFO 4460 --- [    Test worker] p6spy                                    : #1665380027108 | took 0ms | statement | connection 22| url jdbc:h2:mem:ad3a9e80-f26d-4a3e-9691-17f803db5723
insert into favorite_spot (count, favorite_id, spot_id, favorite_spot_id) values (?, ?, ?, ?)
insert into favorite_spot (count, favorite_id, spot_id, favorite_spot_id) values (0, 36, 325, 299);
2022-10-10 14:33:47.108  INFO 4460 --- [    Test worker] p6spy                                    : #1665380027108 | took 0ms | statement | connection 22| url jdbc:h2:mem:ad3a9e80-f26d-4a3e-9691-17f803db5723
insert into score (facility_rank, facility_score, price_rank, price_score, rank_average, surround_rank, surround_score, view_rank, view_score, score_id) values (?, ?, ?, ?, ?, ?, ?, ?, ?, ?)
insert into score (facility_rank, facility_score, price_rank, price_score, rank_average, surround_rank, surround_score, view_rank, view_score, score_id) values (4.170155504348654, 8.78173554837765, 4.531569441165061, 7.510905285036024, 5.236892488727682, 2.918965532146971, 2.999274533052386, 8.379521321622919, 1.2897753172243076, 260);
2022-10-10 14:33:47.108  INFO 4460 --- [    Test worker] p6spy                                    : #1665380027108 | took 0ms | statement | connection 22| url jdbc:h2:mem:ad3a9e80-f26d-4a3e-9691-17f803db5723
insert into picture (spot_id, url, picture_id) values (?, ?, ?)
insert into picture (spot_id, url, picture_id) values (NULL, 'java.io.StringReader@6d06b5bf', 1093);
2022-10-10 14:33:47.108  INFO 4460 --- [    Test worker] p6spy                                    : #1665380027108 | took 0ms | statement | connection 22| url jdbc:h2:mem:ad3a9e80-f26d-4a3e-9691-17f803db5723
insert into picture (spot_id, url, picture_id) values (?, ?, ?)
insert into picture (spot_id, url, picture_id) values (NULL, 'java.io.StringReader@4e67bf2a', 1094);
2022-10-10 14:33:47.108  INFO 4460 --- [    Test worker] p6spy                                    : #1665380027108 | took 0ms | statement | connection 22| url jdbc:h2:mem:ad3a9e80-f26d-4a3e-9691-17f803db5723
insert into picture (spot_id, url, picture_id) values (?, ?, ?)
insert into picture (spot_id, url, picture_id) values (NULL, 'java.io.StringReader@555aa609', 1095);
2022-10-10 14:33:47.108  INFO 4460 --- [    Test worker] p6spy                                    : #1665380027108 | took 0ms | statement | connection 22| url jdbc:h2:mem:ad3a9e80-f26d-4a3e-9691-17f803db5723
insert into spot (address, description, location, name, score_id, spot_id) values (?, ?, ?, ?, ?, ?)
insert into spot (address, description, location, name, score_id, spot_id) values (NULL, NULL, 'Andeok_myeon', NULL, 260, 326);
2022-10-10 14:33:47.108  INFO 4460 --- [    Test worker] p6spy                                    : #1665380027108 | took 0ms | statement | connection 22| url jdbc:h2:mem:ad3a9e80-f26d-4a3e-9691-17f803db5723
insert into member_spot (member_id, score, spot_id, member_spot_id) values (?, ?, ?, ?)
insert into member_spot (member_id, score, spot_id, member_spot_id) values (12, 0.0, 326, 1096);
2022-10-10 14:33:47.108  INFO 4460 --- [    Test worker] p6spy                                    : #1665380027108 | took 0ms | statement | connection 22| url jdbc:h2:mem:ad3a9e80-f26d-4a3e-9691-17f803db5723
insert into review (content, spot_id, review_id) values (?, ?, ?)
insert into review (content, spot_id, review_id) values ('java.io.StringReader@777ebf6b', 269, 262);
2022-10-10 14:33:47.108  INFO 4460 --- [    Test worker] p6spy                                    : #1665380027108 | took 0ms | statement | connection 22| url jdbc:h2:mem:ad3a9e80-f26d-4a3e-9691-17f803db5723
insert into score (facility_rank, facility_score, price_rank, price_score, rank_average, surround_rank, surround_score, view_rank, view_score, score_id) values (?, ?, ?, ?, ?, ?, ?, ?, ?, ?)
insert into score (facility_rank, facility_score, price_rank, price_score, rank_average, surround_rank, surround_score, view_rank, view_score, score_id) values (1.8579306883595825, 2.0966287147984364, 5.976070036466574, 8.10077508825684, 3.0312517783284254, 9.321920670845266, 2.410769713805464, 2.4188118819066853, 1.6535120345951093, 261);
2022-10-10 14:33:47.108  INFO 4460 --- [    Test worker] p6spy                                    : #1665380027108 | took 0ms | statement | connection 22| url jdbc:h2:mem:ad3a9e80-f26d-4a3e-9691-17f803db5723
insert into picture (spot_id, url, picture_id) values (?, ?, ?)
insert into picture (spot_id, url, picture_id) values (NULL, 'java.io.StringReader@6c8f53d1', 1097);
2022-10-10 14:33:47.108  INFO 4460 --- [    Test worker] p6spy                                    : #1665380027108 | took 0ms | statement | connection 22| url jdbc:h2:mem:ad3a9e80-f26d-4a3e-9691-17f803db5723
insert into picture (spot_id, url, picture_id) values (?, ?, ?)
insert into picture (spot_id, url, picture_id) values (NULL, 'java.io.StringReader@6534b9e6', 1098);
2022-10-10 14:33:47.108  INFO 4460 --- [    Test worker] p6spy                                    : #1665380027108 | took 0ms | statement | connection 22| url jdbc:h2:mem:ad3a9e80-f26d-4a3e-9691-17f803db5723
insert into picture (spot_id, url, picture_id) values (?, ?, ?)
insert into picture (spot_id, url, picture_id) values (NULL, 'java.io.StringReader@34b4c16f', 1099);
2022-10-10 14:33:47.108  INFO 4460 --- [    Test worker] p6spy                                    : #1665380027108 | took 0ms | statement | connection 22| url jdbc:h2:mem:ad3a9e80-f26d-4a3e-9691-17f803db5723
insert into spot (address, description, location, name, score_id, spot_id) values (?, ?, ?, ?, ?, ?)
insert into spot (address, description, location, name, score_id, spot_id) values (NULL, NULL, 'Andeok_myeon', NULL, 261, 327);
2022-10-10 14:33:47.108  INFO 4460 --- [    Test worker] p6spy                                    : #1665380027108 | took 0ms | statement | connection 22| url jdbc:h2:mem:ad3a9e80-f26d-4a3e-9691-17f803db5723
insert into member_spot (member_id, score, spot_id, member_spot_id) values (?, ?, ?, ?)
insert into member_spot (member_id, score, spot_id, member_spot_id) values (12, 0.0, 327, 1100);
2022-10-10 14:33:47.108  INFO 4460 --- [    Test worker] p6spy                                    : #1665380027108 | took 0ms | statement | connection 22| url jdbc:h2:mem:ad3a9e80-f26d-4a3e-9691-17f803db5723
insert into review (content, spot_id, review_id) values (?, ?, ?)
insert into review (content, spot_id, review_id) values ('java.io.StringReader@5772a790', 269, 263);
2022-10-10 14:33:47.108  INFO 4460 --- [    Test worker] p6spy                                    : #1665380027108 | took 0ms | statement | connection 22| url jdbc:h2:mem:ad3a9e80-f26d-4a3e-9691-17f803db5723
insert into favorite_spot (count, favorite_id, spot_id, favorite_spot_id) values (?, ?, ?, ?)
insert into favorite_spot (count, favorite_id, spot_id, favorite_spot_id) values (0, 36, 327, 300);
2022-10-10 14:33:47.108  INFO 4460 --- [    Test worker] p6spy                                    : #1665380027108 | took 0ms | statement | connection 22| url jdbc:h2:mem:ad3a9e80-f26d-4a3e-9691-17f803db5723
insert into score (facility_rank, facility_score, price_rank, price_score, rank_average, surround_rank, surround_score, view_rank, view_score, score_id) values (?, ?, ?, ?, ?, ?, ?, ?, ?, ?)
insert into score (facility_rank, facility_score, price_rank, price_score, rank_average, surround_rank, surround_score, view_rank, view_score, score_id) values (9.727386995313548, 6.641982871098219, 8.572029172480615, 7.077160082201113, 2.2822954018313246, 2.304880992447611, 1.2185539226715825, 5.022109541984291, 7.989062145679588, 262);
2022-10-10 14:33:47.108  INFO 4460 --- [    Test worker] p6spy                                    : #1665380027108 | took 0ms | statement | connection 22| url jdbc:h2:mem:ad3a9e80-f26d-4a3e-9691-17f803db5723
insert into picture (spot_id, url, picture_id) values (?, ?, ?)
insert into picture (spot_id, url, picture_id) values (NULL, 'java.io.StringReader@2212c346', 1101);
2022-10-10 14:33:47.108  INFO 4460 --- [    Test worker] p6spy                                    : #1665380027108 | took 0ms | statement | connection 22| url jdbc:h2:mem:ad3a9e80-f26d-4a3e-9691-17f803db5723
insert into picture (spot_id, url, picture_id) values (?, ?, ?)
insert into picture (spot_id, url, picture_id) values (NULL, 'java.io.StringReader@1e264875', 1102);
2022-10-10 14:33:47.108  INFO 4460 --- [    Test worker] p6spy                                    : #1665380027108 | took 0ms | statement | connection 22| url jdbc:h2:mem:ad3a9e80-f26d-4a3e-9691-17f803db5723
insert into picture (spot_id, url, picture_id) values (?, ?, ?)
insert into picture (spot_id, url, picture_id) values (NULL, 'java.io.StringReader@12d4a53c', 1103);
2022-10-10 14:33:47.108  INFO 4460 --- [    Test worker] p6spy                                    : #1665380027108 | took 0ms | statement | connection 22| url jdbc:h2:mem:ad3a9e80-f26d-4a3e-9691-17f803db5723
insert into spot (address, description, location, name, score_id, spot_id) values (?, ?, ?, ?, ?, ?)
insert into spot (address, description, location, name, score_id, spot_id) values (NULL, NULL, 'Andeok_myeon', NULL, 262, 328);
2022-10-10 14:33:47.108  INFO 4460 --- [    Test worker] p6spy                                    : #1665380027108 | took 0ms | statement | connection 22| url jdbc:h2:mem:ad3a9e80-f26d-4a3e-9691-17f803db5723
insert into member_spot (member_id, score, spot_id, member_spot_id) values (?, ?, ?, ?)
insert into member_spot (member_id, score, spot_id, member_spot_id) values (12, 0.0, 328, 1104);
2022-10-10 14:33:47.108  INFO 4460 --- [    Test worker] p6spy                                    : #1665380027108 | took 0ms | statement | connection 22| url jdbc:h2:mem:ad3a9e80-f26d-4a3e-9691-17f803db5723
insert into review (content, spot_id, review_id) values (?, ?, ?)
insert into review (content, spot_id, review_id) values ('java.io.StringReader@418eb52a', 269, 264);
2022-10-10 14:33:47.108  INFO 4460 --- [    Test worker] p6spy                                    : #1665380027108 | took 0ms | statement | connection 22| url jdbc:h2:mem:ad3a9e80-f26d-4a3e-9691-17f803db5723
insert into score (facility_rank, facility_score, price_rank, price_score, rank_average, surround_rank, surround_score, view_rank, view_score, score_id) values (?, ?, ?, ?, ?, ?, ?, ?, ?, ?)
insert into score (facility_rank, facility_score, price_rank, price_score, rank_average, surround_rank, surround_score, view_rank, view_score, score_id) values (5.86842038160123, 2.1849432548265413, 4.985017605072862, 2.0925672840172993, 3.1018239373490006, 1.446042091185188, 5.355323956091801, 7.168719350775826, 8.222738594461527, 263);
2022-10-10 14:33:47.108  INFO 4460 --- [    Test worker] p6spy                                    : #1665380027108 | took 0ms | statement | connection 22| url jdbc:h2:mem:ad3a9e80-f26d-4a3e-9691-17f803db5723
insert into picture (spot_id, url, picture_id) values (?, ?, ?)
insert into picture (spot_id, url, picture_id) values (NULL, 'java.io.StringReader@799e5418', 1105);
2022-10-10 14:33:47.108  INFO 4460 --- [    Test worker] p6spy                                    : #1665380027108 | took 0ms | statement | connection 22| url jdbc:h2:mem:ad3a9e80-f26d-4a3e-9691-17f803db5723
insert into picture (spot_id, url, picture_id) values (?, ?, ?)
insert into picture (spot_id, url, picture_id) values (NULL, 'java.io.StringReader@7c732d09', 1106);
2022-10-10 14:33:47.108  INFO 4460 --- [    Test worker] p6spy                                    : #1665380027108 | took 0ms | statement | connection 22| url jdbc:h2:mem:ad3a9e80-f26d-4a3e-9691-17f803db5723
insert into picture (spot_id, url, picture_id) values (?, ?, ?)
insert into picture (spot_id, url, picture_id) values (NULL, 'java.io.StringReader@20eb7f95', 1107);
2022-10-10 14:33:47.108  INFO 4460 --- [    Test worker] p6spy                                    : #1665380027108 | took 0ms | statement | connection 22| url jdbc:h2:mem:ad3a9e80-f26d-4a3e-9691-17f803db5723
insert into spot (address, description, location, name, score_id, spot_id) values (?, ?, ?, ?, ?, ?)
insert into spot (address, description, location, name, score_id, spot_id) values (NULL, NULL, 'Andeok_myeon', NULL, 263, 329);
2022-10-10 14:33:47.108  INFO 4460 --- [    Test worker] p6spy                                    : #1665380027108 | took 0ms | statement | connection 22| url jdbc:h2:mem:ad3a9e80-f26d-4a3e-9691-17f803db5723
insert into member_spot (member_id, score, spot_id, member_spot_id) values (?, ?, ?, ?)
insert into member_spot (member_id, score, spot_id, member_spot_id) values (12, 0.0, 329, 1108);
2022-10-10 14:33:47.108  INFO 4460 --- [    Test worker] p6spy                                    : #1665380027108 | took 0ms | statement | connection 22| url jdbc:h2:mem:ad3a9e80-f26d-4a3e-9691-17f803db5723
insert into review (content, spot_id, review_id) values (?, ?, ?)
insert into review (content, spot_id, review_id) values ('java.io.StringReader@6c6f9897', 269, 265);
2022-10-10 14:33:47.108  INFO 4460 --- [    Test worker] p6spy                                    : #1665380027108 | took 0ms | statement | connection 22| url jdbc:h2:mem:ad3a9e80-f26d-4a3e-9691-17f803db5723
insert into favorite_spot (count, favorite_id, spot_id, favorite_spot_id) values (?, ?, ?, ?)
insert into favorite_spot (count, favorite_id, spot_id, favorite_spot_id) values (0, 36, 329, 301);
2022-10-10 14:33:47.108  INFO 4460 --- [    Test worker] p6spy                                    : #1665380027108 | took 0ms | statement | connection 22| url jdbc:h2:mem:ad3a9e80-f26d-4a3e-9691-17f803db5723
insert into score (facility_rank, facility_score, price_rank, price_score, rank_average, surround_rank, surround_score, view_rank, view_score, score_id) values (?, ?, ?, ?, ?, ?, ?, ?, ?, ?)
insert into score (facility_rank, facility_score, price_rank, price_score, rank_average, surround_rank, surround_score, view_rank, view_score, score_id) values (7.711861749557017, 3.9829202795065966, 5.695799836865292, 4.638099012917247, 8.732260562987612, 1.5693725607894882, 9.107016217801885, 0.1507752145097363, 2.247335026213312, 264);
2022-10-10 14:33:47.108  INFO 4460 --- [    Test worker] p6spy                                    : #1665380027108 | took 0ms | statement | connection 22| url jdbc:h2:mem:ad3a9e80-f26d-4a3e-9691-17f803db5723
insert into picture (spot_id, url, picture_id) values (?, ?, ?)
insert into picture (spot_id, url, picture_id) values (NULL, 'java.io.StringReader@5c911210', 1109);
2022-10-10 14:33:47.108  INFO 4460 --- [    Test worker] p6spy                                    : #1665380027108 | took 0ms | statement | connection 22| url jdbc:h2:mem:ad3a9e80-f26d-4a3e-9691-17f803db5723
insert into picture (spot_id, url, picture_id) values (?, ?, ?)
insert into picture (spot_id, url, picture_id) values (NULL, 'java.io.StringReader@4468aa66', 1110);
2022-10-10 14:33:47.108  INFO 4460 --- [    Test worker] p6spy                                    : #1665380027108 | took 0ms | statement | connection 22| url jdbc:h2:mem:ad3a9e80-f26d-4a3e-9691-17f803db5723
insert into picture (spot_id, url, picture_id) values (?, ?, ?)
insert into picture (spot_id, url, picture_id) values (NULL, 'java.io.StringReader@24b0c539', 1111);
2022-10-10 14:33:47.109  INFO 4460 --- [    Test worker] p6spy                                    : #1665380027109 | took 0ms | statement | connection 22| url jdbc:h2:mem:ad3a9e80-f26d-4a3e-9691-17f803db5723
insert into spot (address, description, location, name, score_id, spot_id) values (?, ?, ?, ?, ?, ?)
insert into spot (address, description, location, name, score_id, spot_id) values (NULL, NULL, 'Andeok_myeon', NULL, 264, 330);
2022-10-10 14:33:47.109  INFO 4460 --- [    Test worker] p6spy                                    : #1665380027109 | took 0ms | statement | connection 22| url jdbc:h2:mem:ad3a9e80-f26d-4a3e-9691-17f803db5723
insert into member_spot (member_id, score, spot_id, member_spot_id) values (?, ?, ?, ?)
insert into member_spot (member_id, score, spot_id, member_spot_id) values (12, 0.0, 330, 1112);
2022-10-10 14:33:47.109  INFO 4460 --- [    Test worker] p6spy                                    : #1665380027109 | took 0ms | statement | connection 22| url jdbc:h2:mem:ad3a9e80-f26d-4a3e-9691-17f803db5723
insert into review (content, spot_id, review_id) values (?, ?, ?)
insert into review (content, spot_id, review_id) values ('java.io.StringReader@15764a15', 269, 266);
2022-10-10 14:33:47.109  INFO 4460 --- [    Test worker] p6spy                                    : #1665380027109 | took 0ms | statement | connection 22| url jdbc:h2:mem:ad3a9e80-f26d-4a3e-9691-17f803db5723
insert into score (facility_rank, facility_score, price_rank, price_score, rank_average, surround_rank, surround_score, view_rank, view_score, score_id) values (?, ?, ?, ?, ?, ?, ?, ?, ?, ?)
insert into score (facility_rank, facility_score, price_rank, price_score, rank_average, surround_rank, surround_score, view_rank, view_score, score_id) values (3.806607808698147, 9.181702536712345, 1.7826503514948866, 0.6500208065233681, 2.4103199290134936, 8.133384353558299, 6.090725724557507, 1.4549579256081324, 0.34349863144337855, 265);
2022-10-10 14:33:47.109  INFO 4460 --- [    Test worker] p6spy                                    : #1665380027109 | took 0ms | statement | connection 22| url jdbc:h2:mem:ad3a9e80-f26d-4a3e-9691-17f803db5723
insert into picture (spot_id, url, picture_id) values (?, ?, ?)
insert into picture (spot_id, url, picture_id) values (NULL, 'java.io.StringReader@3cf3a09e', 1113);
2022-10-10 14:33:47.109  INFO 4460 --- [    Test worker] p6spy                                    : #1665380027109 | took 0ms | statement | connection 22| url jdbc:h2:mem:ad3a9e80-f26d-4a3e-9691-17f803db5723
insert into picture (spot_id, url, picture_id) values (?, ?, ?)
insert into picture (spot_id, url, picture_id) values (NULL, 'java.io.StringReader@3a9fe0d4', 1114);
2022-10-10 14:33:47.109  INFO 4460 --- [    Test worker] p6spy                                    : #1665380027109 | took 0ms | statement | connection 22| url jdbc:h2:mem:ad3a9e80-f26d-4a3e-9691-17f803db5723
insert into picture (spot_id, url, picture_id) values (?, ?, ?)
insert into picture (spot_id, url, picture_id) values (NULL, 'java.io.StringReader@11d264c2', 1115);
2022-10-10 14:33:47.109  INFO 4460 --- [    Test worker] p6spy                                    : #1665380027109 | took 0ms | statement | connection 22| url jdbc:h2:mem:ad3a9e80-f26d-4a3e-9691-17f803db5723
insert into spot (address, description, location, name, score_id, spot_id) values (?, ?, ?, ?, ?, ?)
insert into spot (address, description, location, name, score_id, spot_id) values (NULL, NULL, 'Andeok_myeon', NULL, 265, 331);
2022-10-10 14:33:47.109  INFO 4460 --- [    Test worker] p6spy                                    : #1665380027109 | took 0ms | statement | connection 22| url jdbc:h2:mem:ad3a9e80-f26d-4a3e-9691-17f803db5723
insert into member_spot (member_id, score, spot_id, member_spot_id) values (?, ?, ?, ?)
insert into member_spot (member_id, score, spot_id, member_spot_id) values (12, 0.0, 331, 1116);
2022-10-10 14:33:47.109  INFO 4460 --- [    Test worker] p6spy                                    : #1665380027109 | took 0ms | statement | connection 22| url jdbc:h2:mem:ad3a9e80-f26d-4a3e-9691-17f803db5723
insert into review (content, spot_id, review_id) values (?, ?, ?)
insert into review (content, spot_id, review_id) values ('java.io.StringReader@41c10341', 269, 267);
2022-10-10 14:33:47.109  INFO 4460 --- [    Test worker] p6spy                                    : #1665380027109 | took 0ms | statement | connection 22| url jdbc:h2:mem:ad3a9e80-f26d-4a3e-9691-17f803db5723
insert into favorite_spot (count, favorite_id, spot_id, favorite_spot_id) values (?, ?, ?, ?)
insert into favorite_spot (count, favorite_id, spot_id, favorite_spot_id) values (0, 36, 331, 302);
2022-10-10 14:33:47.109  INFO 4460 --- [    Test worker] p6spy                                    : #1665380027109 | took 0ms | statement | connection 22| url jdbc:h2:mem:ad3a9e80-f26d-4a3e-9691-17f803db5723
insert into score (facility_rank, facility_score, price_rank, price_score, rank_average, surround_rank, surround_score, view_rank, view_score, score_id) values (?, ?, ?, ?, ?, ?, ?, ?, ?, ?)
insert into score (facility_rank, facility_score, price_rank, price_score, rank_average, surround_rank, surround_score, view_rank, view_score, score_id) values (6.795896304629689, 9.337441238879364, 0.5011622610577615, 0.4299806992331867, 0.2282180947220247, 5.676849761199604, 9.182801480936728, 2.2695847986980953, 9.199546334194904, 266);
2022-10-10 14:33:47.109  INFO 4460 --- [    Test worker] p6spy                                    : #1665380027109 | took 0ms | statement | connection 22| url jdbc:h2:mem:ad3a9e80-f26d-4a3e-9691-17f803db5723
insert into picture (spot_id, url, picture_id) values (?, ?, ?)
insert into picture (spot_id, url, picture_id) values (NULL, 'java.io.StringReader@243161cb', 1117);
2022-10-10 14:33:47.109  INFO 4460 --- [    Test worker] p6spy                                    : #1665380027109 | took 0ms | statement | connection 22| url jdbc:h2:mem:ad3a9e80-f26d-4a3e-9691-17f803db5723
insert into picture (spot_id, url, picture_id) values (?, ?, ?)
insert into picture (spot_id, url, picture_id) values (NULL, 'java.io.StringReader@7d538a7a', 1118);
2022-10-10 14:33:47.109  INFO 4460 --- [    Test worker] p6spy                                    : #1665380027109 | took 0ms | statement | connection 22| url jdbc:h2:mem:ad3a9e80-f26d-4a3e-9691-17f803db5723
insert into picture (spot_id, url, picture_id) values (?, ?, ?)
insert into picture (spot_id, url, picture_id) values (NULL, 'java.io.StringReader@72577420', 1119);
2022-10-10 14:33:47.109  INFO 4460 --- [    Test worker] p6spy                                    : #1665380027109 | took 0ms | statement | connection 22| url jdbc:h2:mem:ad3a9e80-f26d-4a3e-9691-17f803db5723
insert into spot (address, description, location, name, score_id, spot_id) values (?, ?, ?, ?, ?, ?)
insert into spot (address, description, location, name, score_id, spot_id) values (NULL, NULL, 'Andeok_myeon', NULL, 266, 332);
2022-10-10 14:33:47.109  INFO 4460 --- [    Test worker] p6spy                                    : #1665380027109 | took 0ms | statement | connection 22| url jdbc:h2:mem:ad3a9e80-f26d-4a3e-9691-17f803db5723
insert into member_spot (member_id, score, spot_id, member_spot_id) values (?, ?, ?, ?)
insert into member_spot (member_id, score, spot_id, member_spot_id) values (12, 0.0, 332, 1120);
2022-10-10 14:33:47.109  INFO 4460 --- [    Test worker] p6spy                                    : #1665380027109 | took 0ms | statement | connection 22| url jdbc:h2:mem:ad3a9e80-f26d-4a3e-9691-17f803db5723
insert into review (content, spot_id, review_id) values (?, ?, ?)
insert into review (content, spot_id, review_id) values ('java.io.StringReader@46a0cae9', 269, 268);
2022-10-10 14:33:47.109  INFO 4460 --- [    Test worker] p6spy                                    : #1665380027109 | took 0ms | statement | connection 22| url jdbc:h2:mem:ad3a9e80-f26d-4a3e-9691-17f803db5723
insert into score (facility_rank, facility_score, price_rank, price_score, rank_average, surround_rank, surround_score, view_rank, view_score, score_id) values (?, ?, ?, ?, ?, ?, ?, ?, ?, ?)
insert into score (facility_rank, facility_score, price_rank, price_score, rank_average, surround_rank, surround_score, view_rank, view_score, score_id) values (6.760371739049327, 9.836267154859758, 3.9609497715496333, 1.3337036932283042, 5.54516461665317, 7.213431184174834, 3.2214932597533763, 6.5581446231313025, 8.321785272319817, 267);
2022-10-10 14:33:47.109  INFO 4460 --- [    Test worker] p6spy                                    : #1665380027109 | took 0ms | statement | connection 22| url jdbc:h2:mem:ad3a9e80-f26d-4a3e-9691-17f803db5723
insert into picture (spot_id, url, picture_id) values (?, ?, ?)
insert into picture (spot_id, url, picture_id) values (NULL, 'java.io.StringReader@211d223f', 1121);
2022-10-10 14:33:47.109  INFO 4460 --- [    Test worker] p6spy                                    : #1665380027109 | took 0ms | statement | connection 22| url jdbc:h2:mem:ad3a9e80-f26d-4a3e-9691-17f803db5723
insert into picture (spot_id, url, picture_id) values (?, ?, ?)
insert into picture (spot_id, url, picture_id) values (NULL, 'java.io.StringReader@1fd21ca0', 1122);
2022-10-10 14:33:47.109  INFO 4460 --- [    Test worker] p6spy                                    : #1665380027109 | took 0ms | statement | connection 22| url jdbc:h2:mem:ad3a9e80-f26d-4a3e-9691-17f803db5723
insert into picture (spot_id, url, picture_id) values (?, ?, ?)
insert into picture (spot_id, url, picture_id) values (NULL, 'java.io.StringReader@6c37a904', 1123);
2022-10-10 14:33:47.109  INFO 4460 --- [    Test worker] p6spy                                    : #1665380027109 | took 0ms | statement | connection 22| url jdbc:h2:mem:ad3a9e80-f26d-4a3e-9691-17f803db5723
insert into spot (address, description, location, name, score_id, spot_id) values (?, ?, ?, ?, ?, ?)
insert into spot (address, description, location, name, score_id, spot_id) values (NULL, NULL, 'Andeok_myeon', NULL, 267, 333);
2022-10-10 14:33:47.109  INFO 4460 --- [    Test worker] p6spy                                    : #1665380027109 | took 0ms | statement | connection 22| url jdbc:h2:mem:ad3a9e80-f26d-4a3e-9691-17f803db5723
insert into member_spot (member_id, score, spot_id, member_spot_id) values (?, ?, ?, ?)
insert into member_spot (member_id, score, spot_id, member_spot_id) values (12, 0.0, 333, 1124);
2022-10-10 14:33:47.109  INFO 4460 --- [    Test worker] p6spy                                    : #1665380027109 | took 0ms | statement | connection 22| url jdbc:h2:mem:ad3a9e80-f26d-4a3e-9691-17f803db5723
insert into review (content, spot_id, review_id) values (?, ?, ?)
insert into review (content, spot_id, review_id) values ('java.io.StringReader@48232913', 269, 269);
2022-10-10 14:33:47.109  INFO 4460 --- [    Test worker] p6spy                                    : #1665380027109 | took 0ms | statement | connection 22| url jdbc:h2:mem:ad3a9e80-f26d-4a3e-9691-17f803db5723
insert into favorite_spot (count, favorite_id, spot_id, favorite_spot_id) values (?, ?, ?, ?)
insert into favorite_spot (count, favorite_id, spot_id, favorite_spot_id) values (0, 36, 333, 303);
2022-10-10 14:33:47.109  INFO 4460 --- [    Test worker] p6spy                                    : #1665380027109 | took 0ms | statement | connection 22| url jdbc:h2:mem:ad3a9e80-f26d-4a3e-9691-17f803db5723
insert into score (facility_rank, facility_score, price_rank, price_score, rank_average, surround_rank, surround_score, view_rank, view_score, score_id) values (?, ?, ?, ?, ?, ?, ?, ?, ?, ?)
insert into score (facility_rank, facility_score, price_rank, price_score, rank_average, surround_rank, surround_score, view_rank, view_score, score_id) values (4.625740957506776, 0.9020218021040161, 8.032752140790713, 2.1930228412397734, 9.577118360806185, 9.447678674165303, 2.6241763247603966, 0.5988786603550611, 2.7932835714916324, 268);
2022-10-10 14:33:47.109  INFO 4460 --- [    Test worker] p6spy                                    : #1665380027109 | took 0ms | statement | connection 22| url jdbc:h2:mem:ad3a9e80-f26d-4a3e-9691-17f803db5723
insert into picture (spot_id, url, picture_id) values (?, ?, ?)
insert into picture (spot_id, url, picture_id) values (NULL, 'java.io.StringReader@53600a30', 1125);
2022-10-10 14:33:47.109  INFO 4460 --- [    Test worker] p6spy                                    : #1665380027109 | took 0ms | statement | connection 22| url jdbc:h2:mem:ad3a9e80-f26d-4a3e-9691-17f803db5723
insert into picture (spot_id, url, picture_id) values (?, ?, ?)
insert into picture (spot_id, url, picture_id) values (NULL, 'java.io.StringReader@10a89001', 1126);
2022-10-10 14:33:47.109  INFO 4460 --- [    Test worker] p6spy                                    : #1665380027109 | took 0ms | statement | connection 22| url jdbc:h2:mem:ad3a9e80-f26d-4a3e-9691-17f803db5723
insert into picture (spot_id, url, picture_id) values (?, ?, ?)
insert into picture (spot_id, url, picture_id) values (NULL, 'java.io.StringReader@2d3a0c75', 1127);
2022-10-10 14:33:47.109  INFO 4460 --- [    Test worker] p6spy                                    : #1665380027109 | took 0ms | statement | connection 22| url jdbc:h2:mem:ad3a9e80-f26d-4a3e-9691-17f803db5723
insert into spot (address, description, location, name, score_id, spot_id) values (?, ?, ?, ?, ?, ?)
insert into spot (address, description, location, name, score_id, spot_id) values (NULL, NULL, 'Andeok_myeon', NULL, 268, 334);
2022-10-10 14:33:47.109  INFO 4460 --- [    Test worker] p6spy                                    : #1665380027109 | took 0ms | statement | connection 22| url jdbc:h2:mem:ad3a9e80-f26d-4a3e-9691-17f803db5723
insert into member_spot (member_id, score, spot_id, member_spot_id) values (?, ?, ?, ?)
insert into member_spot (member_id, score, spot_id, member_spot_id) values (12, 0.0, 334, 1128);
2022-10-10 14:33:47.109  INFO 4460 --- [    Test worker] p6spy                                    : #1665380027109 | took 0ms | statement | connection 22| url jdbc:h2:mem:ad3a9e80-f26d-4a3e-9691-17f803db5723
insert into review (content, spot_id, review_id) values (?, ?, ?)
insert into review (content, spot_id, review_id) values ('java.io.StringReader@2d9b7ff9', 269, 270);
2022-10-10 14:33:47.110  INFO 4460 --- [    Test worker] p6spy                                    : #1665380027110 | took 0ms | statement | connection 22| url jdbc:h2:mem:ad3a9e80-f26d-4a3e-9691-17f803db5723
insert into score (facility_rank, facility_score, price_rank, price_score, rank_average, surround_rank, surround_score, view_rank, view_score, score_id) values (?, ?, ?, ?, ?, ?, ?, ?, ?, ?)
insert into score (facility_rank, facility_score, price_rank, price_score, rank_average, surround_rank, surround_score, view_rank, view_score, score_id) values (9.597031806991387, 7.625640589139863, 5.283607309765613, 3.3065902899163824, 3.392097540723663, 4.351036097880037, 5.851906990959803, 6.656912929294013, 4.931639968097877, 269);
2022-10-10 14:33:47.110  INFO 4460 --- [    Test worker] p6spy                                    : #1665380027110 | took 0ms | statement | connection 22| url jdbc:h2:mem:ad3a9e80-f26d-4a3e-9691-17f803db5723
insert into picture (spot_id, url, picture_id) values (?, ?, ?)
insert into picture (spot_id, url, picture_id) values (NULL, 'java.io.StringReader@236d434f', 1129);
2022-10-10 14:33:47.110  INFO 4460 --- [    Test worker] p6spy                                    : #1665380027110 | took 0ms | statement | connection 22| url jdbc:h2:mem:ad3a9e80-f26d-4a3e-9691-17f803db5723
insert into picture (spot_id, url, picture_id) values (?, ?, ?)
insert into picture (spot_id, url, picture_id) values (NULL, 'java.io.StringReader@3446bba2', 1130);
2022-10-10 14:33:47.110  INFO 4460 --- [    Test worker] p6spy                                    : #1665380027110 | took 0ms | statement | connection 22| url jdbc:h2:mem:ad3a9e80-f26d-4a3e-9691-17f803db5723
insert into picture (spot_id, url, picture_id) values (?, ?, ?)
insert into picture (spot_id, url, picture_id) values (NULL, 'java.io.StringReader@4fc454d5', 1131);
2022-10-10 14:33:47.110  INFO 4460 --- [    Test worker] p6spy                                    : #1665380027110 | took 0ms | statement | connection 22| url jdbc:h2:mem:ad3a9e80-f26d-4a3e-9691-17f803db5723
insert into spot (address, description, location, name, score_id, spot_id) values (?, ?, ?, ?, ?, ?)
insert into spot (address, description, location, name, score_id, spot_id) values (NULL, NULL, 'Andeok_myeon', NULL, 269, 335);
2022-10-10 14:33:47.110  INFO 4460 --- [    Test worker] p6spy                                    : #1665380027110 | took 0ms | statement | connection 22| url jdbc:h2:mem:ad3a9e80-f26d-4a3e-9691-17f803db5723
insert into member_spot (member_id, score, spot_id, member_spot_id) values (?, ?, ?, ?)
insert into member_spot (member_id, score, spot_id, member_spot_id) values (12, 0.0, 335, 1132);
2022-10-10 14:33:47.110  INFO 4460 --- [    Test worker] p6spy                                    : #1665380027110 | took 0ms | statement | connection 22| url jdbc:h2:mem:ad3a9e80-f26d-4a3e-9691-17f803db5723
insert into review (content, spot_id, review_id) values (?, ?, ?)
insert into review (content, spot_id, review_id) values ('java.io.StringReader@4fc26399', 269, 271);
2022-10-10 14:33:47.110  INFO 4460 --- [    Test worker] p6spy                                    : #1665380027110 | took 0ms | statement | connection 22| url jdbc:h2:mem:ad3a9e80-f26d-4a3e-9691-17f803db5723
insert into favorite_spot (count, favorite_id, spot_id, favorite_spot_id) values (?, ?, ?, ?)
insert into favorite_spot (count, favorite_id, spot_id, favorite_spot_id) values (0, 36, 335, 304);
2022-10-10 14:33:47.110  INFO 4460 --- [    Test worker] p6spy                                    : #1665380027110 | took 0ms | statement | connection 22| url jdbc:h2:mem:ad3a9e80-f26d-4a3e-9691-17f803db5723
insert into score (facility_rank, facility_score, price_rank, price_score, rank_average, surround_rank, surround_score, view_rank, view_score, score_id) values (?, ?, ?, ?, ?, ?, ?, ?, ?, ?)
insert into score (facility_rank, facility_score, price_rank, price_score, rank_average, surround_rank, surround_score, view_rank, view_score, score_id) values (3.7841927543063534, 1.4990449012910523, 5.443404581067856, 5.47360463423098, 6.4304120391251285, 3.1625874860691683, 0.11890199084797826, 0.4952250100512534, 6.727218004186836, 270);
2022-10-10 14:33:47.110  INFO 4460 --- [    Test worker] p6spy                                    : #1665380027110 | took 0ms | statement | connection 22| url jdbc:h2:mem:ad3a9e80-f26d-4a3e-9691-17f803db5723
insert into picture (spot_id, url, picture_id) values (?, ?, ?)
insert into picture (spot_id, url, picture_id) values (NULL, 'java.io.StringReader@34c1c7ea', 1133);
2022-10-10 14:33:47.110  INFO 4460 --- [    Test worker] p6spy                                    : #1665380027110 | took 0ms | statement | connection 22| url jdbc:h2:mem:ad3a9e80-f26d-4a3e-9691-17f803db5723
insert into picture (spot_id, url, picture_id) values (?, ?, ?)
insert into picture (spot_id, url, picture_id) values (NULL, 'java.io.StringReader@56961224', 1134);
2022-10-10 14:33:47.110  INFO 4460 --- [    Test worker] p6spy                                    : #1665380027110 | took 0ms | statement | connection 22| url jdbc:h2:mem:ad3a9e80-f26d-4a3e-9691-17f803db5723
insert into picture (spot_id, url, picture_id) values (?, ?, ?)
insert into picture (spot_id, url, picture_id) values (NULL, 'java.io.StringReader@484ab2dc', 1135);
2022-10-10 14:33:47.110  INFO 4460 --- [    Test worker] p6spy                                    : #1665380027110 | took 0ms | statement | connection 22| url jdbc:h2:mem:ad3a9e80-f26d-4a3e-9691-17f803db5723
insert into spot (address, description, location, name, score_id, spot_id) values (?, ?, ?, ?, ?, ?)
insert into spot (address, description, location, name, score_id, spot_id) values (NULL, NULL, 'Andeok_myeon', NULL, 270, 336);
2022-10-10 14:33:47.110  INFO 4460 --- [    Test worker] p6spy                                    : #1665380027110 | took 0ms | statement | connection 22| url jdbc:h2:mem:ad3a9e80-f26d-4a3e-9691-17f803db5723
insert into member_spot (member_id, score, spot_id, member_spot_id) values (?, ?, ?, ?)
insert into member_spot (member_id, score, spot_id, member_spot_id) values (12, 0.0, 336, 1136);
2022-10-10 14:33:47.110  INFO 4460 --- [    Test worker] p6spy                                    : #1665380027110 | took 0ms | statement | connection 22| url jdbc:h2:mem:ad3a9e80-f26d-4a3e-9691-17f803db5723
insert into review (content, spot_id, review_id) values (?, ?, ?)
insert into review (content, spot_id, review_id) values ('java.io.StringReader@16b578a3', 269, 272);
2022-10-10 14:33:47.110  INFO 4460 --- [    Test worker] p6spy                                    : #1665380027110 | took 0ms | statement | connection 22| url jdbc:h2:mem:ad3a9e80-f26d-4a3e-9691-17f803db5723
insert into score (facility_rank, facility_score, price_rank, price_score, rank_average, surround_rank, surround_score, view_rank, view_score, score_id) values (?, ?, ?, ?, ?, ?, ?, ?, ?, ?)
insert into score (facility_rank, facility_score, price_rank, price_score, rank_average, surround_rank, surround_score, view_rank, view_score, score_id) values (4.4341450226558905, 8.841214885138227, 1.1067640829403602, 0.5714173659000366, 0.2085090368025122, 3.1155136764934213, 9.350442789614775, 4.891325233934564, 6.019659693883726, 271);
2022-10-10 14:33:47.110  INFO 4460 --- [    Test worker] p6spy                                    : #1665380027110 | took 0ms | statement | connection 22| url jdbc:h2:mem:ad3a9e80-f26d-4a3e-9691-17f803db5723
insert into picture (spot_id, url, picture_id) values (?, ?, ?)
insert into picture (spot_id, url, picture_id) values (NULL, 'java.io.StringReader@25becefb', 1137);
2022-10-10 14:33:47.110  INFO 4460 --- [    Test worker] p6spy                                    : #1665380027110 | took 0ms | statement | connection 22| url jdbc:h2:mem:ad3a9e80-f26d-4a3e-9691-17f803db5723
insert into picture (spot_id, url, picture_id) values (?, ?, ?)
insert into picture (spot_id, url, picture_id) values (NULL, 'java.io.StringReader@1d6d1a18', 1138);
2022-10-10 14:33:47.110  INFO 4460 --- [    Test worker] p6spy                                    : #1665380027110 | took 0ms | statement | connection 22| url jdbc:h2:mem:ad3a9e80-f26d-4a3e-9691-17f803db5723
insert into picture (spot_id, url, picture_id) values (?, ?, ?)
insert into picture (spot_id, url, picture_id) values (NULL, 'java.io.StringReader@466f2aaf', 1139);
2022-10-10 14:33:47.110  INFO 4460 --- [    Test worker] p6spy                                    : #1665380027110 | took 0ms | statement | connection 22| url jdbc:h2:mem:ad3a9e80-f26d-4a3e-9691-17f803db5723
insert into spot (address, description, location, name, score_id, spot_id) values (?, ?, ?, ?, ?, ?)
insert into spot (address, description, location, name, score_id, spot_id) values (NULL, NULL, 'Andeok_myeon', NULL, 271, 337);
2022-10-10 14:33:47.110  INFO 4460 --- [    Test worker] p6spy                                    : #1665380027110 | took 0ms | statement | connection 22| url jdbc:h2:mem:ad3a9e80-f26d-4a3e-9691-17f803db5723
insert into member_spot (member_id, score, spot_id, member_spot_id) values (?, ?, ?, ?)
insert into member_spot (member_id, score, spot_id, member_spot_id) values (12, 0.0, 337, 1140);
2022-10-10 14:33:47.110  INFO 4460 --- [    Test worker] p6spy                                    : #1665380027110 | took 0ms | statement | connection 22| url jdbc:h2:mem:ad3a9e80-f26d-4a3e-9691-17f803db5723
insert into review (content, spot_id, review_id) values (?, ?, ?)
insert into review (content, spot_id, review_id) values ('java.io.StringReader@73d379c7', 269, 273);
2022-10-10 14:33:47.110  INFO 4460 --- [    Test worker] p6spy                                    : #1665380027110 | took 0ms | statement | connection 22| url jdbc:h2:mem:ad3a9e80-f26d-4a3e-9691-17f803db5723
insert into favorite_spot (count, favorite_id, spot_id, favorite_spot_id) values (?, ?, ?, ?)
insert into favorite_spot (count, favorite_id, spot_id, favorite_spot_id) values (0, 36, 337, 305);
2022-10-10 14:33:47.110  INFO 4460 --- [    Test worker] p6spy                                    : #1665380027110 | took 0ms | statement | connection 22| url jdbc:h2:mem:ad3a9e80-f26d-4a3e-9691-17f803db5723
insert into score (facility_rank, facility_score, price_rank, price_score, rank_average, surround_rank, surround_score, view_rank, view_score, score_id) values (?, ?, ?, ?, ?, ?, ?, ?, ?, ?)
insert into score (facility_rank, facility_score, price_rank, price_score, rank_average, surround_rank, surround_score, view_rank, view_score, score_id) values (9.904986592501224, 2.4309770815624288, 4.300721465003303, 7.97699064289596, 0.35754950423800724, 6.644531722829513, 3.0244913705009724, 5.757156051107879, 8.160602242729784, 272);
2022-10-10 14:33:47.110  INFO 4460 --- [    Test worker] p6spy                                    : #1665380027110 | took 0ms | statement | connection 22| url jdbc:h2:mem:ad3a9e80-f26d-4a3e-9691-17f803db5723
insert into picture (spot_id, url, picture_id) values (?, ?, ?)
insert into picture (spot_id, url, picture_id) values (NULL, 'java.io.StringReader@2838f58c', 1141);
2022-10-10 14:33:47.110  INFO 4460 --- [    Test worker] p6spy                                    : #1665380027110 | took 0ms | statement | connection 22| url jdbc:h2:mem:ad3a9e80-f26d-4a3e-9691-17f803db5723
insert into picture (spot_id, url, picture_id) values (?, ?, ?)
insert into picture (spot_id, url, picture_id) values (NULL, 'java.io.StringReader@79010f6f', 1142);
2022-10-10 14:33:47.110  INFO 4460 --- [    Test worker] p6spy                                    : #1665380027110 | took 0ms | statement | connection 22| url jdbc:h2:mem:ad3a9e80-f26d-4a3e-9691-17f803db5723
insert into picture (spot_id, url, picture_id) values (?, ?, ?)
insert into picture (spot_id, url, picture_id) values (NULL, 'java.io.StringReader@ae11512', 1143);
2022-10-10 14:33:47.111  INFO 4460 --- [    Test worker] p6spy                                    : #1665380027111 | took 0ms | statement | connection 22| url jdbc:h2:mem:ad3a9e80-f26d-4a3e-9691-17f803db5723
insert into spot (address, description, location, name, score_id, spot_id) values (?, ?, ?, ?, ?, ?)
insert into spot (address, description, location, name, score_id, spot_id) values (NULL, NULL, 'Andeok_myeon', NULL, 272, 338);
2022-10-10 14:33:47.111  INFO 4460 --- [    Test worker] p6spy                                    : #1665380027111 | took 0ms | statement | connection 22| url jdbc:h2:mem:ad3a9e80-f26d-4a3e-9691-17f803db5723
insert into member_spot (member_id, score, spot_id, member_spot_id) values (?, ?, ?, ?)
insert into member_spot (member_id, score, spot_id, member_spot_id) values (12, 0.0, 338, 1144);
2022-10-10 14:33:47.111  INFO 4460 --- [    Test worker] p6spy                                    : #1665380027111 | took 0ms | statement | connection 22| url jdbc:h2:mem:ad3a9e80-f26d-4a3e-9691-17f803db5723
insert into review (content, spot_id, review_id) values (?, ?, ?)
insert into review (content, spot_id, review_id) values ('java.io.StringReader@216cc310', 269, 274);
2022-10-10 14:33:47.111  INFO 4460 --- [    Test worker] p6spy                                    : #1665380027111 | took 0ms | statement | connection 22| url jdbc:h2:mem:ad3a9e80-f26d-4a3e-9691-17f803db5723
insert into score (facility_rank, facility_score, price_rank, price_score, rank_average, surround_rank, surround_score, view_rank, view_score, score_id) values (?, ?, ?, ?, ?, ?, ?, ?, ?, ?)
insert into score (facility_rank, facility_score, price_rank, price_score, rank_average, surround_rank, surround_score, view_rank, view_score, score_id) values (1.7762094112581606, 9.901971134308074, 6.189316333669598, 0.4308847555040207, 8.820318627204744, 1.1819305221461018, 7.130942951722487, 7.212409412036141, 9.604470839755628, 273);
2022-10-10 14:33:47.111  INFO 4460 --- [    Test worker] p6spy                                    : #1665380027111 | took 0ms | statement | connection 22| url jdbc:h2:mem:ad3a9e80-f26d-4a3e-9691-17f803db5723
insert into picture (spot_id, url, picture_id) values (?, ?, ?)
insert into picture (spot_id, url, picture_id) values (NULL, 'java.io.StringReader@440404f5', 1145);
2022-10-10 14:33:47.111  INFO 4460 --- [    Test worker] p6spy                                    : #1665380027111 | took 0ms | statement | connection 22| url jdbc:h2:mem:ad3a9e80-f26d-4a3e-9691-17f803db5723
insert into picture (spot_id, url, picture_id) values (?, ?, ?)
insert into picture (spot_id, url, picture_id) values (NULL, 'java.io.StringReader@378ffded', 1146);
2022-10-10 14:33:47.111  INFO 4460 --- [    Test worker] p6spy                                    : #1665380027111 | took 0ms | statement | connection 22| url jdbc:h2:mem:ad3a9e80-f26d-4a3e-9691-17f803db5723
insert into picture (spot_id, url, picture_id) values (?, ?, ?)
insert into picture (spot_id, url, picture_id) values (NULL, 'java.io.StringReader@730fcd33', 1147);
2022-10-10 14:33:47.111  INFO 4460 --- [    Test worker] p6spy                                    : #1665380027111 | took 0ms | statement | connection 22| url jdbc:h2:mem:ad3a9e80-f26d-4a3e-9691-17f803db5723
insert into spot (address, description, location, name, score_id, spot_id) values (?, ?, ?, ?, ?, ?)
insert into spot (address, description, location, name, score_id, spot_id) values (NULL, NULL, 'Andeok_myeon', NULL, 273, 339);
2022-10-10 14:33:47.111  INFO 4460 --- [    Test worker] p6spy                                    : #1665380027111 | took 0ms | statement | connection 22| url jdbc:h2:mem:ad3a9e80-f26d-4a3e-9691-17f803db5723
insert into member_spot (member_id, score, spot_id, member_spot_id) values (?, ?, ?, ?)
insert into member_spot (member_id, score, spot_id, member_spot_id) values (12, 0.0, 339, 1148);
2022-10-10 14:33:47.111  INFO 4460 --- [    Test worker] p6spy                                    : #1665380027111 | took 0ms | statement | connection 22| url jdbc:h2:mem:ad3a9e80-f26d-4a3e-9691-17f803db5723
insert into review (content, spot_id, review_id) values (?, ?, ?)
insert into review (content, spot_id, review_id) values ('java.io.StringReader@61bd6c16', 269, 275);
2022-10-10 14:33:47.111  INFO 4460 --- [    Test worker] p6spy                                    : #1665380027111 | took 0ms | statement | connection 22| url jdbc:h2:mem:ad3a9e80-f26d-4a3e-9691-17f803db5723
insert into favorite_spot (count, favorite_id, spot_id, favorite_spot_id) values (?, ?, ?, ?)
insert into favorite_spot (count, favorite_id, spot_id, favorite_spot_id) values (0, 36, 339, 306);
2022-10-10 14:33:47.111  INFO 4460 --- [    Test worker] p6spy                                    : #1665380027111 | took 0ms | statement | connection 22| url jdbc:h2:mem:ad3a9e80-f26d-4a3e-9691-17f803db5723
insert into score (facility_rank, facility_score, price_rank, price_score, rank_average, surround_rank, surround_score, view_rank, view_score, score_id) values (?, ?, ?, ?, ?, ?, ?, ?, ?, ?)
insert into score (facility_rank, facility_score, price_rank, price_score, rank_average, surround_rank, surround_score, view_rank, view_score, score_id) values (8.753588175128634, 9.241722830507653, 9.557015486781005, 1.6401825308141804, 4.996161521958154, 5.835679424011627, 5.480882126556837, 8.95579443951075, 5.992536056939728, 274);
2022-10-10 14:33:47.111  INFO 4460 --- [    Test worker] p6spy                                    : #1665380027111 | took 0ms | statement | connection 22| url jdbc:h2:mem:ad3a9e80-f26d-4a3e-9691-17f803db5723
insert into picture (spot_id, url, picture_id) values (?, ?, ?)
insert into picture (spot_id, url, picture_id) values (NULL, 'java.io.StringReader@60d4e243', 1149);
2022-10-10 14:33:47.111  INFO 4460 --- [    Test worker] p6spy                                    : #1665380027111 | took 0ms | statement | connection 22| url jdbc:h2:mem:ad3a9e80-f26d-4a3e-9691-17f803db5723
insert into picture (spot_id, url, picture_id) values (?, ?, ?)
insert into picture (spot_id, url, picture_id) values (NULL, 'java.io.StringReader@63662b68', 1150);
2022-10-10 14:33:47.111  INFO 4460 --- [    Test worker] p6spy                                    : #1665380027111 | took 0ms | statement | connection 22| url jdbc:h2:mem:ad3a9e80-f26d-4a3e-9691-17f803db5723
insert into picture (spot_id, url, picture_id) values (?, ?, ?)
insert into picture (spot_id, url, picture_id) values (NULL, 'java.io.StringReader@145ff25d', 1151);
2022-10-10 14:33:47.111  INFO 4460 --- [    Test worker] p6spy                                    : #1665380027111 | took 0ms | statement | connection 22| url jdbc:h2:mem:ad3a9e80-f26d-4a3e-9691-17f803db5723
insert into spot (address, description, location, name, score_id, spot_id) values (?, ?, ?, ?, ?, ?)
insert into spot (address, description, location, name, score_id, spot_id) values (NULL, NULL, 'Andeok_myeon', NULL, 274, 340);
2022-10-10 14:33:47.111  INFO 4460 --- [    Test worker] p6spy                                    : #1665380027111 | took 0ms | statement | connection 22| url jdbc:h2:mem:ad3a9e80-f26d-4a3e-9691-17f803db5723
insert into member_spot (member_id, score, spot_id, member_spot_id) values (?, ?, ?, ?)
insert into member_spot (member_id, score, spot_id, member_spot_id) values (12, 0.0, 340, 1152);
2022-10-10 14:33:47.111  INFO 4460 --- [    Test worker] p6spy                                    : #1665380027111 | took 0ms | statement | connection 22| url jdbc:h2:mem:ad3a9e80-f26d-4a3e-9691-17f803db5723
insert into review (content, spot_id, review_id) values (?, ?, ?)
insert into review (content, spot_id, review_id) values ('java.io.StringReader@6a1c18ee', 269, 276);
2022-10-10 14:33:47.111  INFO 4460 --- [    Test worker] p6spy                                    : #1665380027111 | took 0ms | statement | connection 22| url jdbc:h2:mem:ad3a9e80-f26d-4a3e-9691-17f803db5723
insert into score (facility_rank, facility_score, price_rank, price_score, rank_average, surround_rank, surround_score, view_rank, view_score, score_id) values (?, ?, ?, ?, ?, ?, ?, ?, ?, ?)
insert into score (facility_rank, facility_score, price_rank, price_score, rank_average, surround_rank, surround_score, view_rank, view_score, score_id) values (6.04314841081008, 8.104260701910011, 8.303433188781046, 1.8356394536135867, 7.097908476734557, 3.3496200599561443, 9.256804672854873, 3.5697921664322205, 3.958386940750102, 275);
2022-10-10 14:33:47.111  INFO 4460 --- [    Test worker] p6spy                                    : #1665380027111 | took 0ms | statement | connection 22| url jdbc:h2:mem:ad3a9e80-f26d-4a3e-9691-17f803db5723
insert into picture (spot_id, url, picture_id) values (?, ?, ?)
insert into picture (spot_id, url, picture_id) values (NULL, 'java.io.StringReader@3ed65635', 1153);
2022-10-10 14:33:47.111  INFO 4460 --- [    Test worker] p6spy                                    : #1665380027111 | took 0ms | statement | connection 22| url jdbc:h2:mem:ad3a9e80-f26d-4a3e-9691-17f803db5723
insert into picture (spot_id, url, picture_id) values (?, ?, ?)
insert into picture (spot_id, url, picture_id) values (NULL, 'java.io.StringReader@447b573', 1154);
2022-10-10 14:33:47.111  INFO 4460 --- [    Test worker] p6spy                                    : #1665380027111 | took 0ms | statement | connection 22| url jdbc:h2:mem:ad3a9e80-f26d-4a3e-9691-17f803db5723
insert into picture (spot_id, url, picture_id) values (?, ?, ?)
insert into picture (spot_id, url, picture_id) values (NULL, 'java.io.StringReader@78a41c94', 1155);
2022-10-10 14:33:47.111  INFO 4460 --- [    Test worker] p6spy                                    : #1665380027111 | took 0ms | statement | connection 22| url jdbc:h2:mem:ad3a9e80-f26d-4a3e-9691-17f803db5723
insert into spot (address, description, location, name, score_id, spot_id) values (?, ?, ?, ?, ?, ?)
insert into spot (address, description, location, name, score_id, spot_id) values (NULL, NULL, 'Andeok_myeon', NULL, 275, 341);
2022-10-10 14:33:47.111  INFO 4460 --- [    Test worker] p6spy                                    : #1665380027111 | took 0ms | statement | connection 22| url jdbc:h2:mem:ad3a9e80-f26d-4a3e-9691-17f803db5723
insert into member_spot (member_id, score, spot_id, member_spot_id) values (?, ?, ?, ?)
insert into member_spot (member_id, score, spot_id, member_spot_id) values (12, 0.0, 341, 1156);
2022-10-10 14:33:47.111  INFO 4460 --- [    Test worker] p6spy                                    : #1665380027111 | took 0ms | statement | connection 22| url jdbc:h2:mem:ad3a9e80-f26d-4a3e-9691-17f803db5723
insert into review (content, spot_id, review_id) values (?, ?, ?)
insert into review (content, spot_id, review_id) values ('java.io.StringReader@361069db', 269, 277);
2022-10-10 14:33:47.111  INFO 4460 --- [    Test worker] p6spy                                    : #1665380027111 | took 0ms | statement | connection 22| url jdbc:h2:mem:ad3a9e80-f26d-4a3e-9691-17f803db5723
insert into favorite_spot (count, favorite_id, spot_id, favorite_spot_id) values (?, ?, ?, ?)
insert into favorite_spot (count, favorite_id, spot_id, favorite_spot_id) values (0, 36, 341, 307);
2022-10-10 14:33:47.111  INFO 4460 --- [    Test worker] p6spy                                    : #1665380027111 | took 0ms | statement | connection 22| url jdbc:h2:mem:ad3a9e80-f26d-4a3e-9691-17f803db5723
insert into score (facility_rank, facility_score, price_rank, price_score, rank_average, surround_rank, surround_score, view_rank, view_score, score_id) values (?, ?, ?, ?, ?, ?, ?, ?, ?, ?)
insert into score (facility_rank, facility_score, price_rank, price_score, rank_average, surround_rank, surround_score, view_rank, view_score, score_id) values (1.4979493770313934, 3.2818043514798125, 9.992952093939527, 4.50901153742565, 7.498975320196922, 4.471439074935782, 1.0231287942141543, 7.442326004070427, 0.919742935411817, 276);
2022-10-10 14:33:47.111  INFO 4460 --- [    Test worker] p6spy                                    : #1665380027111 | took 0ms | statement | connection 22| url jdbc:h2:mem:ad3a9e80-f26d-4a3e-9691-17f803db5723
insert into picture (spot_id, url, picture_id) values (?, ?, ?)
insert into picture (spot_id, url, picture_id) values (NULL, 'java.io.StringReader@67a639e3', 1157);
2022-10-10 14:33:47.111  INFO 4460 --- [    Test worker] p6spy                                    : #1665380027111 | took 0ms | statement | connection 22| url jdbc:h2:mem:ad3a9e80-f26d-4a3e-9691-17f803db5723
insert into picture (spot_id, url, picture_id) values (?, ?, ?)
insert into picture (spot_id, url, picture_id) values (NULL, 'java.io.StringReader@32c3f813', 1158);
2022-10-10 14:33:47.112  INFO 4460 --- [    Test worker] p6spy                                    : #1665380027112 | took 0ms | statement | connection 22| url jdbc:h2:mem:ad3a9e80-f26d-4a3e-9691-17f803db5723
insert into picture (spot_id, url, picture_id) values (?, ?, ?)
insert into picture (spot_id, url, picture_id) values (NULL, 'java.io.StringReader@242573cf', 1159);
2022-10-10 14:33:47.112  INFO 4460 --- [    Test worker] p6spy                                    : #1665380027112 | took 0ms | statement | connection 22| url jdbc:h2:mem:ad3a9e80-f26d-4a3e-9691-17f803db5723
insert into spot (address, description, location, name, score_id, spot_id) values (?, ?, ?, ?, ?, ?)
insert into spot (address, description, location, name, score_id, spot_id) values (NULL, NULL, 'Andeok_myeon', NULL, 276, 342);
2022-10-10 14:33:47.112  INFO 4460 --- [    Test worker] p6spy                                    : #1665380027112 | took 0ms | statement | connection 22| url jdbc:h2:mem:ad3a9e80-f26d-4a3e-9691-17f803db5723
insert into member_spot (member_id, score, spot_id, member_spot_id) values (?, ?, ?, ?)
insert into member_spot (member_id, score, spot_id, member_spot_id) values (12, 0.0, 342, 1160);
2022-10-10 14:33:47.112  INFO 4460 --- [    Test worker] p6spy                                    : #1665380027112 | took 0ms | statement | connection 22| url jdbc:h2:mem:ad3a9e80-f26d-4a3e-9691-17f803db5723
insert into review (content, spot_id, review_id) values (?, ?, ?)
insert into review (content, spot_id, review_id) values ('java.io.StringReader@f08fd61', 269, 278);
2022-10-10 14:33:47.112  INFO 4460 --- [    Test worker] p6spy                                    : #1665380027112 | took 0ms | statement | connection 22| url jdbc:h2:mem:ad3a9e80-f26d-4a3e-9691-17f803db5723
insert into score (facility_rank, facility_score, price_rank, price_score, rank_average, surround_rank, surround_score, view_rank, view_score, score_id) values (?, ?, ?, ?, ?, ?, ?, ?, ?, ?)
insert into score (facility_rank, facility_score, price_rank, price_score, rank_average, surround_rank, surround_score, view_rank, view_score, score_id) values (0.5378113130787365, 3.6635362083522125, 0.5655188333943484, 2.939275126898966, 6.6957123272501065, 4.925695404244049, 2.5389643241805295, 2.113878039707622, 4.661506107180603, 277);
2022-10-10 14:33:47.112  INFO 4460 --- [    Test worker] p6spy                                    : #1665380027112 | took 0ms | statement | connection 22| url jdbc:h2:mem:ad3a9e80-f26d-4a3e-9691-17f803db5723
insert into picture (spot_id, url, picture_id) values (?, ?, ?)
insert into picture (spot_id, url, picture_id) values (NULL, 'java.io.StringReader@40eeb885', 1161);
2022-10-10 14:33:47.112  INFO 4460 --- [    Test worker] p6spy                                    : #1665380027112 | took 0ms | statement | connection 22| url jdbc:h2:mem:ad3a9e80-f26d-4a3e-9691-17f803db5723
insert into picture (spot_id, url, picture_id) values (?, ?, ?)
insert into picture (spot_id, url, picture_id) values (NULL, 'java.io.StringReader@5a0ec14d', 1162);
2022-10-10 14:33:47.112  INFO 4460 --- [    Test worker] p6spy                                    : #1665380027112 | took 0ms | statement | connection 22| url jdbc:h2:mem:ad3a9e80-f26d-4a3e-9691-17f803db5723
insert into picture (spot_id, url, picture_id) values (?, ?, ?)
insert into picture (spot_id, url, picture_id) values (NULL, 'java.io.StringReader@2267faa3', 1163);
2022-10-10 14:33:47.112  INFO 4460 --- [    Test worker] p6spy                                    : #1665380027112 | took 0ms | statement | connection 22| url jdbc:h2:mem:ad3a9e80-f26d-4a3e-9691-17f803db5723
insert into spot (address, description, location, name, score_id, spot_id) values (?, ?, ?, ?, ?, ?)
insert into spot (address, description, location, name, score_id, spot_id) values (NULL, NULL, 'Andeok_myeon', NULL, 277, 343);
2022-10-10 14:33:47.112  INFO 4460 --- [    Test worker] p6spy                                    : #1665380027112 | took 0ms | statement | connection 22| url jdbc:h2:mem:ad3a9e80-f26d-4a3e-9691-17f803db5723
insert into member_spot (member_id, score, spot_id, member_spot_id) values (?, ?, ?, ?)
insert into member_spot (member_id, score, spot_id, member_spot_id) values (12, 0.0, 343, 1164);
2022-10-10 14:33:47.112  INFO 4460 --- [    Test worker] p6spy                                    : #1665380027112 | took 0ms | statement | connection 22| url jdbc:h2:mem:ad3a9e80-f26d-4a3e-9691-17f803db5723
insert into review (content, spot_id, review_id) values (?, ?, ?)
insert into review (content, spot_id, review_id) values ('java.io.StringReader@46b57a3d', 269, 279);
2022-10-10 14:33:47.112  INFO 4460 --- [    Test worker] p6spy                                    : #1665380027112 | took 0ms | statement | connection 22| url jdbc:h2:mem:ad3a9e80-f26d-4a3e-9691-17f803db5723
insert into favorite_spot (count, favorite_id, spot_id, favorite_spot_id) values (?, ?, ?, ?)
insert into favorite_spot (count, favorite_id, spot_id, favorite_spot_id) values (0, 36, 343, 308);
2022-10-10 14:33:47.112  INFO 4460 --- [    Test worker] p6spy                                    : #1665380027112 | took 0ms | statement | connection 22| url jdbc:h2:mem:ad3a9e80-f26d-4a3e-9691-17f803db5723
insert into score (facility_rank, facility_score, price_rank, price_score, rank_average, surround_rank, surround_score, view_rank, view_score, score_id) values (?, ?, ?, ?, ?, ?, ?, ?, ?, ?)
insert into score (facility_rank, facility_score, price_rank, price_score, rank_average, surround_rank, surround_score, view_rank, view_score, score_id) values (6.086209367187417, 7.424887797745775, 3.5215656455290443, 1.2387285403676185, 9.141591369443816, 9.681221056754808, 0.712150332012198, 3.0781525861705514, 9.073505499338465, 278);
2022-10-10 14:33:47.112  INFO 4460 --- [    Test worker] p6spy                                    : #1665380027112 | took 0ms | statement | connection 22| url jdbc:h2:mem:ad3a9e80-f26d-4a3e-9691-17f803db5723
insert into picture (spot_id, url, picture_id) values (?, ?, ?)
insert into picture (spot_id, url, picture_id) values (NULL, 'java.io.StringReader@7f0632ac', 1165);
2022-10-10 14:33:47.112  INFO 4460 --- [    Test worker] p6spy                                    : #1665380027112 | took 0ms | statement | connection 22| url jdbc:h2:mem:ad3a9e80-f26d-4a3e-9691-17f803db5723
insert into picture (spot_id, url, picture_id) values (?, ?, ?)
insert into picture (spot_id, url, picture_id) values (NULL, 'java.io.StringReader@3f29d13d', 1166);
2022-10-10 14:33:47.112  INFO 4460 --- [    Test worker] p6spy                                    : #1665380027112 | took 0ms | statement | connection 22| url jdbc:h2:mem:ad3a9e80-f26d-4a3e-9691-17f803db5723
insert into picture (spot_id, url, picture_id) values (?, ?, ?)
insert into picture (spot_id, url, picture_id) values (NULL, 'java.io.StringReader@54fb7241', 1167);
2022-10-10 14:33:47.112  INFO 4460 --- [    Test worker] p6spy                                    : #1665380027112 | took 0ms | statement | connection 22| url jdbc:h2:mem:ad3a9e80-f26d-4a3e-9691-17f803db5723
insert into spot (address, description, location, name, score_id, spot_id) values (?, ?, ?, ?, ?, ?)
insert into spot (address, description, location, name, score_id, spot_id) values (NULL, NULL, 'Andeok_myeon', NULL, 278, 344);
2022-10-10 14:33:47.112  INFO 4460 --- [    Test worker] p6spy                                    : #1665380027112 | took 0ms | statement | connection 22| url jdbc:h2:mem:ad3a9e80-f26d-4a3e-9691-17f803db5723
insert into member_spot (member_id, score, spot_id, member_spot_id) values (?, ?, ?, ?)
insert into member_spot (member_id, score, spot_id, member_spot_id) values (12, 0.0, 344, 1168);
2022-10-10 14:33:47.112  INFO 4460 --- [    Test worker] p6spy                                    : #1665380027112 | took 0ms | statement | connection 22| url jdbc:h2:mem:ad3a9e80-f26d-4a3e-9691-17f803db5723
insert into review (content, spot_id, review_id) values (?, ?, ?)
insert into review (content, spot_id, review_id) values ('java.io.StringReader@7bfca354', 269, 280);
2022-10-10 14:33:47.112  INFO 4460 --- [    Test worker] p6spy                                    : #1665380027112 | took 0ms | statement | connection 22| url jdbc:h2:mem:ad3a9e80-f26d-4a3e-9691-17f803db5723
insert into score (facility_rank, facility_score, price_rank, price_score, rank_average, surround_rank, surround_score, view_rank, view_score, score_id) values (?, ?, ?, ?, ?, ?, ?, ?, ?, ?)
insert into score (facility_rank, facility_score, price_rank, price_score, rank_average, surround_rank, surround_score, view_rank, view_score, score_id) values (8.701896124639156, 1.3603284851051178, 4.71445022869977, 4.953397091093303, 8.680186708207213, 8.374356711448923, 1.1816910685634285, 5.948872489429002, 0.7202391721648227, 279);
2022-10-10 14:33:47.112  INFO 4460 --- [    Test worker] p6spy                                    : #1665380027112 | took 0ms | statement | connection 22| url jdbc:h2:mem:ad3a9e80-f26d-4a3e-9691-17f803db5723
insert into picture (spot_id, url, picture_id) values (?, ?, ?)
insert into picture (spot_id, url, picture_id) values (NULL, 'java.io.StringReader@c4ced8e', 1169);
2022-10-10 14:33:47.112  INFO 4460 --- [    Test worker] p6spy                                    : #1665380027112 | took 0ms | statement | connection 22| url jdbc:h2:mem:ad3a9e80-f26d-4a3e-9691-17f803db5723
insert into picture (spot_id, url, picture_id) values (?, ?, ?)
insert into picture (spot_id, url, picture_id) values (NULL, 'java.io.StringReader@1d49806', 1170);
2022-10-10 14:33:47.112  INFO 4460 --- [    Test worker] p6spy                                    : #1665380027112 | took 0ms | statement | connection 22| url jdbc:h2:mem:ad3a9e80-f26d-4a3e-9691-17f803db5723
insert into picture (spot_id, url, picture_id) values (?, ?, ?)
insert into picture (spot_id, url, picture_id) values (NULL, 'java.io.StringReader@6317d9af', 1171);
2022-10-10 14:33:47.112  INFO 4460 --- [    Test worker] p6spy                                    : #1665380027112 | took 0ms | statement | connection 22| url jdbc:h2:mem:ad3a9e80-f26d-4a3e-9691-17f803db5723
insert into spot (address, description, location, name, score_id, spot_id) values (?, ?, ?, ?, ?, ?)
insert into spot (address, description, location, name, score_id, spot_id) values (NULL, NULL, 'Andeok_myeon', NULL, 279, 345);
2022-10-10 14:33:47.112  INFO 4460 --- [    Test worker] p6spy                                    : #1665380027112 | took 0ms | statement | connection 22| url jdbc:h2:mem:ad3a9e80-f26d-4a3e-9691-17f803db5723
insert into member_spot (member_id, score, spot_id, member_spot_id) values (?, ?, ?, ?)
insert into member_spot (member_id, score, spot_id, member_spot_id) values (12, 0.0, 345, 1172);
2022-10-10 14:33:47.112  INFO 4460 --- [    Test worker] p6spy                                    : #1665380027112 | took 0ms | statement | connection 22| url jdbc:h2:mem:ad3a9e80-f26d-4a3e-9691-17f803db5723
insert into review (content, spot_id, review_id) values (?, ?, ?)
insert into review (content, spot_id, review_id) values ('java.io.StringReader@6254a37b', 269, 281);
2022-10-10 14:33:47.112  INFO 4460 --- [    Test worker] p6spy                                    : #1665380027112 | took 0ms | statement | connection 22| url jdbc:h2:mem:ad3a9e80-f26d-4a3e-9691-17f803db5723
insert into favorite_spot (count, favorite_id, spot_id, favorite_spot_id) values (?, ?, ?, ?)
insert into favorite_spot (count, favorite_id, spot_id, favorite_spot_id) values (0, 36, 345, 309);
2022-10-10 14:33:47.112  INFO 4460 --- [    Test worker] p6spy                                    : #1665380027112 | took 0ms | statement | connection 22| url jdbc:h2:mem:ad3a9e80-f26d-4a3e-9691-17f803db5723
insert into score (facility_rank, facility_score, price_rank, price_score, rank_average, surround_rank, surround_score, view_rank, view_score, score_id) values (?, ?, ?, ?, ?, ?, ?, ?, ?, ?)
insert into score (facility_rank, facility_score, price_rank, price_score, rank_average, surround_rank, surround_score, view_rank, view_score, score_id) values (6.045225449468772, 5.827856860992485, 4.454533395367913, 7.166006520361452, 7.573367583280733, 9.05113717302908, 1.6252954814572163, 2.1530005952284412, 9.78729644359935, 280);
2022-10-10 14:33:47.112  INFO 4460 --- [    Test worker] p6spy                                    : #1665380027112 | took 0ms | statement | connection 22| url jdbc:h2:mem:ad3a9e80-f26d-4a3e-9691-17f803db5723
insert into picture (spot_id, url, picture_id) values (?, ?, ?)
insert into picture (spot_id, url, picture_id) values (NULL, 'java.io.StringReader@2ab0ee54', 1173);
2022-10-10 14:33:47.112  INFO 4460 --- [    Test worker] p6spy                                    : #1665380027112 | took 0ms | statement | connection 22| url jdbc:h2:mem:ad3a9e80-f26d-4a3e-9691-17f803db5723
insert into picture (spot_id, url, picture_id) values (?, ?, ?)
insert into picture (spot_id, url, picture_id) values (NULL, 'java.io.StringReader@3718b463', 1174);
2022-10-10 14:33:47.112  INFO 4460 --- [    Test worker] p6spy                                    : #1665380027112 | took 0ms | statement | connection 22| url jdbc:h2:mem:ad3a9e80-f26d-4a3e-9691-17f803db5723
insert into picture (spot_id, url, picture_id) values (?, ?, ?)
insert into picture (spot_id, url, picture_id) values (NULL, 'java.io.StringReader@620ede3a', 1175);
2022-10-10 14:33:47.113  INFO 4460 --- [    Test worker] p6spy                                    : #1665380027113 | took 0ms | statement | connection 22| url jdbc:h2:mem:ad3a9e80-f26d-4a3e-9691-17f803db5723
insert into spot (address, description, location, name, score_id, spot_id) values (?, ?, ?, ?, ?, ?)
insert into spot (address, description, location, name, score_id, spot_id) values (NULL, NULL, 'Andeok_myeon', NULL, 280, 346);
2022-10-10 14:33:47.113  INFO 4460 --- [    Test worker] p6spy                                    : #1665380027113 | took 0ms | statement | connection 22| url jdbc:h2:mem:ad3a9e80-f26d-4a3e-9691-17f803db5723
insert into member_spot (member_id, score, spot_id, member_spot_id) values (?, ?, ?, ?)
insert into member_spot (member_id, score, spot_id, member_spot_id) values (12, 0.0, 346, 1176);
2022-10-10 14:33:47.113  INFO 4460 --- [    Test worker] p6spy                                    : #1665380027113 | took 0ms | statement | connection 22| url jdbc:h2:mem:ad3a9e80-f26d-4a3e-9691-17f803db5723
insert into review (content, spot_id, review_id) values (?, ?, ?)
insert into review (content, spot_id, review_id) values ('java.io.StringReader@319041da', 269, 282);
2022-10-10 14:33:47.113  INFO 4460 --- [    Test worker] p6spy                                    : #1665380027113 | took 0ms | statement | connection 22| url jdbc:h2:mem:ad3a9e80-f26d-4a3e-9691-17f803db5723
insert into score (facility_rank, facility_score, price_rank, price_score, rank_average, surround_rank, surround_score, view_rank, view_score, score_id) values (?, ?, ?, ?, ?, ?, ?, ?, ?, ?)
insert into score (facility_rank, facility_score, price_rank, price_score, rank_average, surround_rank, surround_score, view_rank, view_score, score_id) values (3.3267747410348383, 5.342274112159081, 9.902166693313715, 6.9430406870481844, 3.4915823272838953, 6.809921539580248, 6.138502752240531, 3.742572033496945, 4.828290201953221, 281);
2022-10-10 14:33:47.113  INFO 4460 --- [    Test worker] p6spy                                    : #1665380027113 | took 0ms | statement | connection 22| url jdbc:h2:mem:ad3a9e80-f26d-4a3e-9691-17f803db5723
insert into picture (spot_id, url, picture_id) values (?, ?, ?)
insert into picture (spot_id, url, picture_id) values (NULL, 'java.io.StringReader@328dce25', 1177);
2022-10-10 14:33:47.113  INFO 4460 --- [    Test worker] p6spy                                    : #1665380027113 | took 0ms | statement | connection 22| url jdbc:h2:mem:ad3a9e80-f26d-4a3e-9691-17f803db5723
insert into picture (spot_id, url, picture_id) values (?, ?, ?)
insert into picture (spot_id, url, picture_id) values (NULL, 'java.io.StringReader@5aaadfde', 1178);
2022-10-10 14:33:47.113  INFO 4460 --- [    Test worker] p6spy                                    : #1665380027113 | took 0ms | statement | connection 22| url jdbc:h2:mem:ad3a9e80-f26d-4a3e-9691-17f803db5723
insert into picture (spot_id, url, picture_id) values (?, ?, ?)
insert into picture (spot_id, url, picture_id) values (NULL, 'java.io.StringReader@67b4b072', 1179);
2022-10-10 14:33:47.113  INFO 4460 --- [    Test worker] p6spy                                    : #1665380027113 | took 0ms | statement | connection 22| url jdbc:h2:mem:ad3a9e80-f26d-4a3e-9691-17f803db5723
insert into spot (address, description, location, name, score_id, spot_id) values (?, ?, ?, ?, ?, ?)
insert into spot (address, description, location, name, score_id, spot_id) values (NULL, NULL, 'Andeok_myeon', NULL, 281, 347);
2022-10-10 14:33:47.113  INFO 4460 --- [    Test worker] p6spy                                    : #1665380027113 | took 0ms | statement | connection 22| url jdbc:h2:mem:ad3a9e80-f26d-4a3e-9691-17f803db5723
insert into member_spot (member_id, score, spot_id, member_spot_id) values (?, ?, ?, ?)
insert into member_spot (member_id, score, spot_id, member_spot_id) values (12, 0.0, 347, 1180);
2022-10-10 14:33:47.113  INFO 4460 --- [    Test worker] p6spy                                    : #1665380027113 | took 0ms | statement | connection 22| url jdbc:h2:mem:ad3a9e80-f26d-4a3e-9691-17f803db5723
insert into review (content, spot_id, review_id) values (?, ?, ?)
insert into review (content, spot_id, review_id) values ('java.io.StringReader@792841ab', 269, 283);
2022-10-10 14:33:47.113  INFO 4460 --- [    Test worker] p6spy                                    : #1665380027113 | took 0ms | statement | connection 22| url jdbc:h2:mem:ad3a9e80-f26d-4a3e-9691-17f803db5723
insert into favorite_spot (count, favorite_id, spot_id, favorite_spot_id) values (?, ?, ?, ?)
insert into favorite_spot (count, favorite_id, spot_id, favorite_spot_id) values (0, 36, 347, 310);
2022-10-10 14:33:47.113  INFO 4460 --- [    Test worker] p6spy                                    : #1665380027113 | took 0ms | statement | connection 22| url jdbc:h2:mem:ad3a9e80-f26d-4a3e-9691-17f803db5723
insert into score (facility_rank, facility_score, price_rank, price_score, rank_average, surround_rank, surround_score, view_rank, view_score, score_id) values (?, ?, ?, ?, ?, ?, ?, ?, ?, ?)
insert into score (facility_rank, facility_score, price_rank, price_score, rank_average, surround_rank, surround_score, view_rank, view_score, score_id) values (2.660913239445375, 7.202722881288991, 1.4218959981118873, 5.672334396790159, 3.6015859025893926, 4.734397572888773, 1.6921511191383498, 3.1664765555249277, 4.297964195023195, 282);
2022-10-10 14:33:47.113  INFO 4460 --- [    Test worker] p6spy                                    : #1665380027113 | took 0ms | statement | connection 22| url jdbc:h2:mem:ad3a9e80-f26d-4a3e-9691-17f803db5723
insert into picture (spot_id, url, picture_id) values (?, ?, ?)
insert into picture (spot_id, url, picture_id) values (NULL, 'java.io.StringReader@748eb147', 1181);
2022-10-10 14:33:47.113  INFO 4460 --- [    Test worker] p6spy                                    : #1665380027113 | took 0ms | statement | connection 22| url jdbc:h2:mem:ad3a9e80-f26d-4a3e-9691-17f803db5723
insert into picture (spot_id, url, picture_id) values (?, ?, ?)
insert into picture (spot_id, url, picture_id) values (NULL, 'java.io.StringReader@52f3c809', 1182);
2022-10-10 14:33:47.113  INFO 4460 --- [    Test worker] p6spy                                    : #1665380027113 | took 0ms | statement | connection 22| url jdbc:h2:mem:ad3a9e80-f26d-4a3e-9691-17f803db5723
insert into picture (spot_id, url, picture_id) values (?, ?, ?)
insert into picture (spot_id, url, picture_id) values (NULL, 'java.io.StringReader@262a8f7e', 1183);
2022-10-10 14:33:47.113  INFO 4460 --- [    Test worker] p6spy                                    : #1665380027113 | took 0ms | statement | connection 22| url jdbc:h2:mem:ad3a9e80-f26d-4a3e-9691-17f803db5723
insert into spot (address, description, location, name, score_id, spot_id) values (?, ?, ?, ?, ?, ?)
insert into spot (address, description, location, name, score_id, spot_id) values (NULL, NULL, 'Andeok_myeon', NULL, 282, 348);
2022-10-10 14:33:47.113  INFO 4460 --- [    Test worker] p6spy                                    : #1665380027113 | took 0ms | statement | connection 22| url jdbc:h2:mem:ad3a9e80-f26d-4a3e-9691-17f803db5723
insert into member_spot (member_id, score, spot_id, member_spot_id) values (?, ?, ?, ?)
insert into member_spot (member_id, score, spot_id, member_spot_id) values (12, 0.0, 348, 1184);
2022-10-10 14:33:47.113  INFO 4460 --- [    Test worker] p6spy                                    : #1665380027113 | took 0ms | statement | connection 22| url jdbc:h2:mem:ad3a9e80-f26d-4a3e-9691-17f803db5723
insert into review (content, spot_id, review_id) values (?, ?, ?)
insert into review (content, spot_id, review_id) values ('java.io.StringReader@28e86e34', 269, 284);
2022-10-10 14:33:47.113  INFO 4460 --- [    Test worker] p6spy                                    : #1665380027113 | took 0ms | statement | connection 22| url jdbc:h2:mem:ad3a9e80-f26d-4a3e-9691-17f803db5723
insert into score (facility_rank, facility_score, price_rank, price_score, rank_average, surround_rank, surround_score, view_rank, view_score, score_id) values (?, ?, ?, ?, ?, ?, ?, ?, ?, ?)
insert into score (facility_rank, facility_score, price_rank, price_score, rank_average, surround_rank, surround_score, view_rank, view_score, score_id) values (8.466589158144663, 6.41253060911502, 3.4366361898626954, 3.35195377852763, 4.258094947282206, 3.524095462276382, 2.2511673231455975, 9.55327787998791, 8.146967073503141, 283);
2022-10-10 14:33:47.113  INFO 4460 --- [    Test worker] p6spy                                    : #1665380027113 | took 0ms | statement | connection 22| url jdbc:h2:mem:ad3a9e80-f26d-4a3e-9691-17f803db5723
insert into picture (spot_id, url, picture_id) values (?, ?, ?)
insert into picture (spot_id, url, picture_id) values (NULL, 'java.io.StringReader@7b97c11', 1185);
2022-10-10 14:33:47.113  INFO 4460 --- [    Test worker] p6spy                                    : #1665380027113 | took 0ms | statement | connection 22| url jdbc:h2:mem:ad3a9e80-f26d-4a3e-9691-17f803db5723
insert into picture (spot_id, url, picture_id) values (?, ?, ?)
insert into picture (spot_id, url, picture_id) values (NULL, 'java.io.StringReader@47f1b064', 1186);
2022-10-10 14:33:47.113  INFO 4460 --- [    Test worker] p6spy                                    : #1665380027113 | took 0ms | statement | connection 22| url jdbc:h2:mem:ad3a9e80-f26d-4a3e-9691-17f803db5723
insert into picture (spot_id, url, picture_id) values (?, ?, ?)
insert into picture (spot_id, url, picture_id) values (NULL, 'java.io.StringReader@2ca92eb2', 1187);
2022-10-10 14:33:47.113  INFO 4460 --- [    Test worker] p6spy                                    : #1665380027113 | took 0ms | statement | connection 22| url jdbc:h2:mem:ad3a9e80-f26d-4a3e-9691-17f803db5723
insert into spot (address, description, location, name, score_id, spot_id) values (?, ?, ?, ?, ?, ?)
insert into spot (address, description, location, name, score_id, spot_id) values (NULL, NULL, 'Andeok_myeon', NULL, 283, 349);
2022-10-10 14:33:47.113  INFO 4460 --- [    Test worker] p6spy                                    : #1665380027113 | took 0ms | statement | connection 22| url jdbc:h2:mem:ad3a9e80-f26d-4a3e-9691-17f803db5723
insert into member_spot (member_id, score, spot_id, member_spot_id) values (?, ?, ?, ?)
insert into member_spot (member_id, score, spot_id, member_spot_id) values (12, 0.0, 349, 1188);
2022-10-10 14:33:47.113  INFO 4460 --- [    Test worker] p6spy                                    : #1665380027113 | took 0ms | statement | connection 22| url jdbc:h2:mem:ad3a9e80-f26d-4a3e-9691-17f803db5723
insert into review (content, spot_id, review_id) values (?, ?, ?)
insert into review (content, spot_id, review_id) values ('java.io.StringReader@2ba83c41', 269, 285);
2022-10-10 14:33:47.113  INFO 4460 --- [    Test worker] p6spy                                    : #1665380027113 | took 0ms | statement | connection 22| url jdbc:h2:mem:ad3a9e80-f26d-4a3e-9691-17f803db5723
insert into favorite_spot (count, favorite_id, spot_id, favorite_spot_id) values (?, ?, ?, ?)
insert into favorite_spot (count, favorite_id, spot_id, favorite_spot_id) values (0, 36, 349, 311);
2022-10-10 14:33:47.113  INFO 4460 --- [    Test worker] p6spy                                    : #1665380027113 | took 0ms | statement | connection 22| url jdbc:h2:mem:ad3a9e80-f26d-4a3e-9691-17f803db5723
insert into score (facility_rank, facility_score, price_rank, price_score, rank_average, surround_rank, surround_score, view_rank, view_score, score_id) values (?, ?, ?, ?, ?, ?, ?, ?, ?, ?)
insert into score (facility_rank, facility_score, price_rank, price_score, rank_average, surround_rank, surround_score, view_rank, view_score, score_id) values (7.968669875253536, 3.6295657255861444, 4.485008694263851, 3.5924311444175583, 6.038564961644466, 9.207263959845976, 7.097758919456285, 5.259694620734678, 2.6108424399498507, 284);
2022-10-10 14:33:47.113  INFO 4460 --- [    Test worker] p6spy                                    : #1665380027113 | took 0ms | statement | connection 22| url jdbc:h2:mem:ad3a9e80-f26d-4a3e-9691-17f803db5723
insert into picture (spot_id, url, picture_id) values (?, ?, ?)
insert into picture (spot_id, url, picture_id) values (NULL, 'java.io.StringReader@6d0c9e93', 1189);
2022-10-10 14:33:47.113  INFO 4460 --- [    Test worker] p6spy                                    : #1665380027113 | took 0ms | statement | connection 22| url jdbc:h2:mem:ad3a9e80-f26d-4a3e-9691-17f803db5723
insert into picture (spot_id, url, picture_id) values (?, ?, ?)
insert into picture (spot_id, url, picture_id) values (NULL, 'java.io.StringReader@126aaede', 1190);
2022-10-10 14:33:47.113  INFO 4460 --- [    Test worker] p6spy                                    : #1665380027113 | took 0ms | statement | connection 22| url jdbc:h2:mem:ad3a9e80-f26d-4a3e-9691-17f803db5723
insert into picture (spot_id, url, picture_id) values (?, ?, ?)
insert into picture (spot_id, url, picture_id) values (NULL, 'java.io.StringReader@32fbea', 1191);
2022-10-10 14:33:47.113  INFO 4460 --- [    Test worker] p6spy                                    : #1665380027113 | took 0ms | statement | connection 22| url jdbc:h2:mem:ad3a9e80-f26d-4a3e-9691-17f803db5723
insert into spot (address, description, location, name, score_id, spot_id) values (?, ?, ?, ?, ?, ?)
insert into spot (address, description, location, name, score_id, spot_id) values (NULL, NULL, 'Andeok_myeon', NULL, 284, 350);
2022-10-10 14:33:47.114  INFO 4460 --- [    Test worker] p6spy                                    : #1665380027114 | took 0ms | statement | connection 22| url jdbc:h2:mem:ad3a9e80-f26d-4a3e-9691-17f803db5723
insert into member_spot (member_id, score, spot_id, member_spot_id) values (?, ?, ?, ?)
insert into member_spot (member_id, score, spot_id, member_spot_id) values (12, 0.0, 350, 1192);
2022-10-10 14:33:47.114  INFO 4460 --- [    Test worker] p6spy                                    : #1665380027114 | took 0ms | statement | connection 22| url jdbc:h2:mem:ad3a9e80-f26d-4a3e-9691-17f803db5723
insert into review (content, spot_id, review_id) values (?, ?, ?)
insert into review (content, spot_id, review_id) values ('java.io.StringReader@34e7d3c7', 269, 286);
2022-10-10 14:33:47.114  INFO 4460 --- [    Test worker] p6spy                                    : #1665380027114 | took 0ms | statement | connection 22| url jdbc:h2:mem:ad3a9e80-f26d-4a3e-9691-17f803db5723
insert into score (facility_rank, facility_score, price_rank, price_score, rank_average, surround_rank, surround_score, view_rank, view_score, score_id) values (?, ?, ?, ?, ?, ?, ?, ?, ?, ?)
insert into score (facility_rank, facility_score, price_rank, price_score, rank_average, surround_rank, surround_score, view_rank, view_score, score_id) values (2.1100497042332025, 9.45576855307412, 6.74869881163254, 5.355971367919908, 9.715884614377446, 5.780404353455918, 6.469664968368566, 9.23245571597753, 1.5398978165044142, 285);
2022-10-10 14:33:47.114  INFO 4460 --- [    Test worker] p6spy                                    : #1665380027114 | took 0ms | statement | connection 22| url jdbc:h2:mem:ad3a9e80-f26d-4a3e-9691-17f803db5723
insert into picture (spot_id, url, picture_id) values (?, ?, ?)
insert into picture (spot_id, url, picture_id) values (NULL, 'java.io.StringReader@713cdd61', 1193);
2022-10-10 14:33:47.114  INFO 4460 --- [    Test worker] p6spy                                    : #1665380027114 | took 0ms | statement | connection 22| url jdbc:h2:mem:ad3a9e80-f26d-4a3e-9691-17f803db5723
insert into picture (spot_id, url, picture_id) values (?, ?, ?)
insert into picture (spot_id, url, picture_id) values (NULL, 'java.io.StringReader@7aff0c30', 1194);
2022-10-10 14:33:47.114  INFO 4460 --- [    Test worker] p6spy                                    : #1665380027114 | took 0ms | statement | connection 22| url jdbc:h2:mem:ad3a9e80-f26d-4a3e-9691-17f803db5723
insert into picture (spot_id, url, picture_id) values (?, ?, ?)
insert into picture (spot_id, url, picture_id) values (NULL, 'java.io.StringReader@3a126d6d', 1195);
2022-10-10 14:33:47.114  INFO 4460 --- [    Test worker] p6spy                                    : #1665380027114 | took 0ms | statement | connection 22| url jdbc:h2:mem:ad3a9e80-f26d-4a3e-9691-17f803db5723
insert into spot (address, description, location, name, score_id, spot_id) values (?, ?, ?, ?, ?, ?)
insert into spot (address, description, location, name, score_id, spot_id) values (NULL, NULL, 'Andeok_myeon', NULL, 285, 351);
2022-10-10 14:33:47.114  INFO 4460 --- [    Test worker] p6spy                                    : #1665380027114 | took 0ms | statement | connection 22| url jdbc:h2:mem:ad3a9e80-f26d-4a3e-9691-17f803db5723
insert into member_spot (member_id, score, spot_id, member_spot_id) values (?, ?, ?, ?)
insert into member_spot (member_id, score, spot_id, member_spot_id) values (12, 0.0, 351, 1196);
2022-10-10 14:33:47.114  INFO 4460 --- [    Test worker] p6spy                                    : #1665380027114 | took 0ms | statement | connection 22| url jdbc:h2:mem:ad3a9e80-f26d-4a3e-9691-17f803db5723
insert into review (content, spot_id, review_id) values (?, ?, ?)
insert into review (content, spot_id, review_id) values ('java.io.StringReader@66692051', 269, 287);
2022-10-10 14:33:47.114  INFO 4460 --- [    Test worker] p6spy                                    : #1665380027114 | took 0ms | statement | connection 22| url jdbc:h2:mem:ad3a9e80-f26d-4a3e-9691-17f803db5723
insert into favorite_spot (count, favorite_id, spot_id, favorite_spot_id) values (?, ?, ?, ?)
insert into favorite_spot (count, favorite_id, spot_id, favorite_spot_id) values (0, 36, 351, 312);
2022-10-10 14:33:47.114  INFO 4460 --- [    Test worker] p6spy                                    : #1665380027114 | took 0ms | statement | connection 22| url jdbc:h2:mem:ad3a9e80-f26d-4a3e-9691-17f803db5723
insert into score (facility_rank, facility_score, price_rank, price_score, rank_average, surround_rank, surround_score, view_rank, view_score, score_id) values (?, ?, ?, ?, ?, ?, ?, ?, ?, ?)
insert into score (facility_rank, facility_score, price_rank, price_score, rank_average, surround_rank, surround_score, view_rank, view_score, score_id) values (3.278084980805833, 0.4692364481356859, 1.8277178560381035, 0.9942513563114697, 7.2768611048315615, 0.5197083618696063, 9.504517756180945, 4.118516426854534, 4.896691408415875, 286);
2022-10-10 14:33:47.114  INFO 4460 --- [    Test worker] p6spy                                    : #1665380027114 | took 0ms | statement | connection 22| url jdbc:h2:mem:ad3a9e80-f26d-4a3e-9691-17f803db5723
insert into picture (spot_id, url, picture_id) values (?, ?, ?)
insert into picture (spot_id, url, picture_id) values (NULL, 'java.io.StringReader@5f36046', 1197);
2022-10-10 14:33:47.114  INFO 4460 --- [    Test worker] p6spy                                    : #1665380027114 | took 0ms | statement | connection 22| url jdbc:h2:mem:ad3a9e80-f26d-4a3e-9691-17f803db5723
insert into picture (spot_id, url, picture_id) values (?, ?, ?)
insert into picture (spot_id, url, picture_id) values (NULL, 'java.io.StringReader@305cb78b', 1198);
2022-10-10 14:33:47.114  INFO 4460 --- [    Test worker] p6spy                                    : #1665380027114 | took 0ms | statement | connection 22| url jdbc:h2:mem:ad3a9e80-f26d-4a3e-9691-17f803db5723
insert into picture (spot_id, url, picture_id) values (?, ?, ?)
insert into picture (spot_id, url, picture_id) values (NULL, 'java.io.StringReader@1f49b38a', 1199);
2022-10-10 14:33:47.114  INFO 4460 --- [    Test worker] p6spy                                    : #1665380027114 | took 0ms | statement | connection 22| url jdbc:h2:mem:ad3a9e80-f26d-4a3e-9691-17f803db5723
insert into spot (address, description, location, name, score_id, spot_id) values (?, ?, ?, ?, ?, ?)
insert into spot (address, description, location, name, score_id, spot_id) values (NULL, NULL, 'Andeok_myeon', NULL, 286, 352);
2022-10-10 14:33:47.114  INFO 4460 --- [    Test worker] p6spy                                    : #1665380027114 | took 0ms | statement | connection 22| url jdbc:h2:mem:ad3a9e80-f26d-4a3e-9691-17f803db5723
insert into member_spot (member_id, score, spot_id, member_spot_id) values (?, ?, ?, ?)
insert into member_spot (member_id, score, spot_id, member_spot_id) values (12, 0.0, 352, 1200);
2022-10-10 14:33:47.114  INFO 4460 --- [    Test worker] p6spy                                    : #1665380027114 | took 0ms | statement | connection 22| url jdbc:h2:mem:ad3a9e80-f26d-4a3e-9691-17f803db5723
insert into review (content, spot_id, review_id) values (?, ?, ?)
insert into review (content, spot_id, review_id) values ('java.io.StringReader@5a0fc6cd', 269, 288);
2022-10-10 14:33:47.114  INFO 4460 --- [    Test worker] p6spy                                    : #1665380027114 | took 0ms | statement | connection 22| url jdbc:h2:mem:ad3a9e80-f26d-4a3e-9691-17f803db5723
insert into score (facility_rank, facility_score, price_rank, price_score, rank_average, surround_rank, surround_score, view_rank, view_score, score_id) values (?, ?, ?, ?, ?, ?, ?, ?, ?, ?)
insert into score (facility_rank, facility_score, price_rank, price_score, rank_average, surround_rank, surround_score, view_rank, view_score, score_id) values (0.6687254571261725, 1.507172938962269, 4.095672497008214, 3.4424327827097887, 9.378422857412298, 5.470133979939997, 7.762671676358787, 4.190852270508487, 8.034482573357609, 287);
2022-10-10 14:33:47.114  INFO 4460 --- [    Test worker] p6spy                                    : #1665380027114 | took 0ms | statement | connection 22| url jdbc:h2:mem:ad3a9e80-f26d-4a3e-9691-17f803db5723
insert into picture (spot_id, url, picture_id) values (?, ?, ?)
insert into picture (spot_id, url, picture_id) values (NULL, 'java.io.StringReader@791e4ccc', 1201);
2022-10-10 14:33:47.114  INFO 4460 --- [    Test worker] p6spy                                    : #1665380027114 | took 0ms | statement | connection 22| url jdbc:h2:mem:ad3a9e80-f26d-4a3e-9691-17f803db5723
insert into picture (spot_id, url, picture_id) values (?, ?, ?)
insert into picture (spot_id, url, picture_id) values (NULL, 'java.io.StringReader@26933d99', 1202);
2022-10-10 14:33:47.114  INFO 4460 --- [    Test worker] p6spy                                    : #1665380027114 | took 0ms | statement | connection 22| url jdbc:h2:mem:ad3a9e80-f26d-4a3e-9691-17f803db5723
insert into picture (spot_id, url, picture_id) values (?, ?, ?)
insert into picture (spot_id, url, picture_id) values (NULL, 'java.io.StringReader@65377a33', 1203);
2022-10-10 14:33:47.114  INFO 4460 --- [    Test worker] p6spy                                    : #1665380027114 | took 0ms | statement | connection 22| url jdbc:h2:mem:ad3a9e80-f26d-4a3e-9691-17f803db5723
insert into spot (address, description, location, name, score_id, spot_id) values (?, ?, ?, ?, ?, ?)
insert into spot (address, description, location, name, score_id, spot_id) values (NULL, NULL, 'Andeok_myeon', NULL, 287, 353);
2022-10-10 14:33:47.114  INFO 4460 --- [    Test worker] p6spy                                    : #1665380027114 | took 0ms | statement | connection 22| url jdbc:h2:mem:ad3a9e80-f26d-4a3e-9691-17f803db5723
insert into member_spot (member_id, score, spot_id, member_spot_id) values (?, ?, ?, ?)
insert into member_spot (member_id, score, spot_id, member_spot_id) values (12, 0.0, 353, 1204);
2022-10-10 14:33:47.114  INFO 4460 --- [    Test worker] p6spy                                    : #1665380027114 | took 0ms | statement | connection 22| url jdbc:h2:mem:ad3a9e80-f26d-4a3e-9691-17f803db5723
insert into review (content, spot_id, review_id) values (?, ?, ?)
insert into review (content, spot_id, review_id) values ('java.io.StringReader@2e5fcec6', 269, 289);
2022-10-10 14:33:47.114  INFO 4460 --- [    Test worker] p6spy                                    : #1665380027114 | took 0ms | statement | connection 22| url jdbc:h2:mem:ad3a9e80-f26d-4a3e-9691-17f803db5723
insert into favorite_spot (count, favorite_id, spot_id, favorite_spot_id) values (?, ?, ?, ?)
insert into favorite_spot (count, favorite_id, spot_id, favorite_spot_id) values (0, 36, 353, 313);
2022-10-10 14:33:47.114  INFO 4460 --- [    Test worker] p6spy                                    : #1665380027114 | took 0ms | statement | connection 22| url jdbc:h2:mem:ad3a9e80-f26d-4a3e-9691-17f803db5723
insert into score (facility_rank, facility_score, price_rank, price_score, rank_average, surround_rank, surround_score, view_rank, view_score, score_id) values (?, ?, ?, ?, ?, ?, ?, ?, ?, ?)
insert into score (facility_rank, facility_score, price_rank, price_score, rank_average, surround_rank, surround_score, view_rank, view_score, score_id) values (8.477672050632929, 6.15202256181923, 1.6866819441586323, 8.802138751787744, 5.147422625694592, 1.6429281546991892, 8.251602462046192, 4.530826514350222, 1.188238271134312, 288);
2022-10-10 14:33:47.114  INFO 4460 --- [    Test worker] p6spy                                    : #1665380027114 | took 0ms | statement | connection 22| url jdbc:h2:mem:ad3a9e80-f26d-4a3e-9691-17f803db5723
insert into picture (spot_id, url, picture_id) values (?, ?, ?)
insert into picture (spot_id, url, picture_id) values (NULL, 'java.io.StringReader@3f793327', 1205);
2022-10-10 14:33:47.114  INFO 4460 --- [    Test worker] p6spy                                    : #1665380027114 | took 0ms | statement | connection 22| url jdbc:h2:mem:ad3a9e80-f26d-4a3e-9691-17f803db5723
insert into picture (spot_id, url, picture_id) values (?, ?, ?)
insert into picture (spot_id, url, picture_id) values (NULL, 'java.io.StringReader@6366056e', 1206);
2022-10-10 14:33:47.114  INFO 4460 --- [    Test worker] p6spy                                    : #1665380027114 | took 0ms | statement | connection 22| url jdbc:h2:mem:ad3a9e80-f26d-4a3e-9691-17f803db5723
insert into picture (spot_id, url, picture_id) values (?, ?, ?)
insert into picture (spot_id, url, picture_id) values (NULL, 'java.io.StringReader@7bb98540', 1207);
2022-10-10 14:33:47.114  INFO 4460 --- [    Test worker] p6spy                                    : #1665380027114 | took 0ms | statement | connection 22| url jdbc:h2:mem:ad3a9e80-f26d-4a3e-9691-17f803db5723
insert into spot (address, description, location, name, score_id, spot_id) values (?, ?, ?, ?, ?, ?)
insert into spot (address, description, location, name, score_id, spot_id) values (NULL, NULL, 'Andeok_myeon', NULL, 288, 354);
2022-10-10 14:33:47.114  INFO 4460 --- [    Test worker] p6spy                                    : #1665380027114 | took 0ms | statement | connection 22| url jdbc:h2:mem:ad3a9e80-f26d-4a3e-9691-17f803db5723
insert into member_spot (member_id, score, spot_id, member_spot_id) values (?, ?, ?, ?)
insert into member_spot (member_id, score, spot_id, member_spot_id) values (12, 0.0, 354, 1208);
2022-10-10 14:33:47.114  INFO 4460 --- [    Test worker] p6spy                                    : #1665380027114 | took 0ms | statement | connection 22| url jdbc:h2:mem:ad3a9e80-f26d-4a3e-9691-17f803db5723
insert into review (content, spot_id, review_id) values (?, ?, ?)
insert into review (content, spot_id, review_id) values ('java.io.StringReader@3c91189', 269, 290);
2022-10-10 14:33:47.114  INFO 4460 --- [    Test worker] p6spy                                    : #1665380027114 | took 0ms | statement | connection 22| url jdbc:h2:mem:ad3a9e80-f26d-4a3e-9691-17f803db5723
insert into score (facility_rank, facility_score, price_rank, price_score, rank_average, surround_rank, surround_score, view_rank, view_score, score_id) values (?, ?, ?, ?, ?, ?, ?, ?, ?, ?)
insert into score (facility_rank, facility_score, price_rank, price_score, rank_average, surround_rank, surround_score, view_rank, view_score, score_id) values (9.621924247425117, 1.5575482285288345, 6.297513425246023, 0.08275310662218094, 2.353936600106763, 4.567773333004013, 6.792236482206916, 9.482425241895966, 7.493217817724279, 289);
2022-10-10 14:33:47.114  INFO 4460 --- [    Test worker] p6spy                                    : #1665380027114 | took 0ms | statement | connection 22| url jdbc:h2:mem:ad3a9e80-f26d-4a3e-9691-17f803db5723
insert into picture (spot_id, url, picture_id) values (?, ?, ?)
insert into picture (spot_id, url, picture_id) values (NULL, 'java.io.StringReader@4efd93ee', 1209);
2022-10-10 14:33:47.114  INFO 4460 --- [    Test worker] p6spy                                    : #1665380027114 | took 0ms | statement | connection 22| url jdbc:h2:mem:ad3a9e80-f26d-4a3e-9691-17f803db5723
insert into picture (spot_id, url, picture_id) values (?, ?, ?)
insert into picture (spot_id, url, picture_id) values (NULL, 'java.io.StringReader@3ed5e17c', 1210);
2022-10-10 14:33:47.115  INFO 4460 --- [    Test worker] p6spy                                    : #1665380027115 | took 0ms | statement | connection 22| url jdbc:h2:mem:ad3a9e80-f26d-4a3e-9691-17f803db5723
insert into picture (spot_id, url, picture_id) values (?, ?, ?)
insert into picture (spot_id, url, picture_id) values (NULL, 'java.io.StringReader@7b07ef24', 1211);
2022-10-10 14:33:47.115  INFO 4460 --- [    Test worker] p6spy                                    : #1665380027115 | took 0ms | statement | connection 22| url jdbc:h2:mem:ad3a9e80-f26d-4a3e-9691-17f803db5723
insert into spot (address, description, location, name, score_id, spot_id) values (?, ?, ?, ?, ?, ?)
insert into spot (address, description, location, name, score_id, spot_id) values (NULL, NULL, 'Andeok_myeon', NULL, 289, 355);
2022-10-10 14:33:47.115  INFO 4460 --- [    Test worker] p6spy                                    : #1665380027115 | took 0ms | statement | connection 22| url jdbc:h2:mem:ad3a9e80-f26d-4a3e-9691-17f803db5723
insert into member_spot (member_id, score, spot_id, member_spot_id) values (?, ?, ?, ?)
insert into member_spot (member_id, score, spot_id, member_spot_id) values (12, 0.0, 355, 1212);
2022-10-10 14:33:47.115  INFO 4460 --- [    Test worker] p6spy                                    : #1665380027115 | took 0ms | statement | connection 22| url jdbc:h2:mem:ad3a9e80-f26d-4a3e-9691-17f803db5723
insert into review (content, spot_id, review_id) values (?, ?, ?)
insert into review (content, spot_id, review_id) values ('java.io.StringReader@4ffb223c', 269, 291);
2022-10-10 14:33:47.115  INFO 4460 --- [    Test worker] p6spy                                    : #1665380027115 | took 0ms | statement | connection 22| url jdbc:h2:mem:ad3a9e80-f26d-4a3e-9691-17f803db5723
insert into favorite_spot (count, favorite_id, spot_id, favorite_spot_id) values (?, ?, ?, ?)
insert into favorite_spot (count, favorite_id, spot_id, favorite_spot_id) values (0, 36, 355, 314);
2022-10-10 14:33:47.115  INFO 4460 --- [    Test worker] p6spy                                    : #1665380027115 | took 0ms | statement | connection 22| url jdbc:h2:mem:ad3a9e80-f26d-4a3e-9691-17f803db5723
insert into score (facility_rank, facility_score, price_rank, price_score, rank_average, surround_rank, surround_score, view_rank, view_score, score_id) values (?, ?, ?, ?, ?, ?, ?, ?, ?, ?)
insert into score (facility_rank, facility_score, price_rank, price_score, rank_average, surround_rank, surround_score, view_rank, view_score, score_id) values (6.859674311509072, 0.3659122393715286, 9.7949320299408, 4.199569353376851, 6.531275074103612, 2.9296115973672365, 0.557543469637255, 6.613323957812214, 2.186582540985711, 290);
2022-10-10 14:33:47.115  INFO 4460 --- [    Test worker] p6spy                                    : #1665380027115 | took 0ms | statement | connection 22| url jdbc:h2:mem:ad3a9e80-f26d-4a3e-9691-17f803db5723
insert into picture (spot_id, url, picture_id) values (?, ?, ?)
insert into picture (spot_id, url, picture_id) values (NULL, 'java.io.StringReader@11e7bf7b', 1213);
2022-10-10 14:33:47.115  INFO 4460 --- [    Test worker] p6spy                                    : #1665380027115 | took 0ms | statement | connection 22| url jdbc:h2:mem:ad3a9e80-f26d-4a3e-9691-17f803db5723
insert into picture (spot_id, url, picture_id) values (?, ?, ?)
insert into picture (spot_id, url, picture_id) values (NULL, 'java.io.StringReader@7f6469b1', 1214);
2022-10-10 14:33:47.115  INFO 4460 --- [    Test worker] p6spy                                    : #1665380027115 | took 0ms | statement | connection 22| url jdbc:h2:mem:ad3a9e80-f26d-4a3e-9691-17f803db5723
insert into picture (spot_id, url, picture_id) values (?, ?, ?)
insert into picture (spot_id, url, picture_id) values (NULL, 'java.io.StringReader@577017c6', 1215);
2022-10-10 14:33:47.115  INFO 4460 --- [    Test worker] p6spy                                    : #1665380027115 | took 0ms | statement | connection 22| url jdbc:h2:mem:ad3a9e80-f26d-4a3e-9691-17f803db5723
insert into spot (address, description, location, name, score_id, spot_id) values (?, ?, ?, ?, ?, ?)
insert into spot (address, description, location, name, score_id, spot_id) values (NULL, NULL, 'Andeok_myeon', NULL, 290, 356);
2022-10-10 14:33:47.115  INFO 4460 --- [    Test worker] p6spy                                    : #1665380027115 | took 0ms | statement | connection 22| url jdbc:h2:mem:ad3a9e80-f26d-4a3e-9691-17f803db5723
insert into member_spot (member_id, score, spot_id, member_spot_id) values (?, ?, ?, ?)
insert into member_spot (member_id, score, spot_id, member_spot_id) values (12, 0.0, 356, 1216);
2022-10-10 14:33:47.115  INFO 4460 --- [    Test worker] p6spy                                    : #1665380027115 | took 0ms | statement | connection 22| url jdbc:h2:mem:ad3a9e80-f26d-4a3e-9691-17f803db5723
insert into review (content, spot_id, review_id) values (?, ?, ?)
insert into review (content, spot_id, review_id) values ('java.io.StringReader@2c9f2fc2', 269, 292);
2022-10-10 14:33:47.115  INFO 4460 --- [    Test worker] p6spy                                    : #1665380027115 | took 0ms | statement | connection 22| url jdbc:h2:mem:ad3a9e80-f26d-4a3e-9691-17f803db5723
insert into score (facility_rank, facility_score, price_rank, price_score, rank_average, surround_rank, surround_score, view_rank, view_score, score_id) values (?, ?, ?, ?, ?, ?, ?, ?, ?, ?)
insert into score (facility_rank, facility_score, price_rank, price_score, rank_average, surround_rank, surround_score, view_rank, view_score, score_id) values (2.4771996864097456, 6.167029338159073, 2.1524980412990766, 4.56432820847631, 1.3291419436396168, 0.3878442655277825, 4.817752174232068, 0.2769966911530575, 2.253304264821118, 291);
2022-10-10 14:33:47.115  INFO 4460 --- [    Test worker] p6spy                                    : #1665380027115 | took 0ms | statement | connection 22| url jdbc:h2:mem:ad3a9e80-f26d-4a3e-9691-17f803db5723
insert into picture (spot_id, url, picture_id) values (?, ?, ?)
insert into picture (spot_id, url, picture_id) values (NULL, 'java.io.StringReader@490a9467', 1217);
2022-10-10 14:33:47.115  INFO 4460 --- [    Test worker] p6spy                                    : #1665380027115 | took 0ms | statement | connection 22| url jdbc:h2:mem:ad3a9e80-f26d-4a3e-9691-17f803db5723
insert into picture (spot_id, url, picture_id) values (?, ?, ?)
insert into picture (spot_id, url, picture_id) values (NULL, 'java.io.StringReader@2e2d04d7', 1218);
2022-10-10 14:33:47.115  INFO 4460 --- [    Test worker] p6spy                                    : #1665380027115 | took 0ms | statement | connection 22| url jdbc:h2:mem:ad3a9e80-f26d-4a3e-9691-17f803db5723
insert into picture (spot_id, url, picture_id) values (?, ?, ?)
insert into picture (spot_id, url, picture_id) values (NULL, 'java.io.StringReader@58221710', 1219);
2022-10-10 14:33:47.115  INFO 4460 --- [    Test worker] p6spy                                    : #1665380027115 | took 0ms | statement | connection 22| url jdbc:h2:mem:ad3a9e80-f26d-4a3e-9691-17f803db5723
insert into spot (address, description, location, name, score_id, spot_id) values (?, ?, ?, ?, ?, ?)
insert into spot (address, description, location, name, score_id, spot_id) values (NULL, NULL, 'Andeok_myeon', NULL, 291, 357);
2022-10-10 14:33:47.115  INFO 4460 --- [    Test worker] p6spy                                    : #1665380027115 | took 0ms | statement | connection 22| url jdbc:h2:mem:ad3a9e80-f26d-4a3e-9691-17f803db5723
insert into member_spot (member_id, score, spot_id, member_spot_id) values (?, ?, ?, ?)
insert into member_spot (member_id, score, spot_id, member_spot_id) values (12, 0.0, 357, 1220);
2022-10-10 14:33:47.115  INFO 4460 --- [    Test worker] p6spy                                    : #1665380027115 | took 0ms | statement | connection 22| url jdbc:h2:mem:ad3a9e80-f26d-4a3e-9691-17f803db5723
insert into review (content, spot_id, review_id) values (?, ?, ?)
insert into review (content, spot_id, review_id) values ('java.io.StringReader@4b0b4083', 269, 293);
2022-10-10 14:33:47.115  INFO 4460 --- [    Test worker] p6spy                                    : #1665380027115 | took 0ms | statement | connection 22| url jdbc:h2:mem:ad3a9e80-f26d-4a3e-9691-17f803db5723
insert into favorite_spot (count, favorite_id, spot_id, favorite_spot_id) values (?, ?, ?, ?)
insert into favorite_spot (count, favorite_id, spot_id, favorite_spot_id) values (0, 36, 357, 315);
2022-10-10 14:33:47.115  INFO 4460 --- [    Test worker] p6spy                                    : #1665380027115 | took 0ms | statement | connection 22| url jdbc:h2:mem:ad3a9e80-f26d-4a3e-9691-17f803db5723
insert into score (facility_rank, facility_score, price_rank, price_score, rank_average, surround_rank, surround_score, view_rank, view_score, score_id) values (?, ?, ?, ?, ?, ?, ?, ?, ?, ?)
insert into score (facility_rank, facility_score, price_rank, price_score, rank_average, surround_rank, surround_score, view_rank, view_score, score_id) values (9.381892168708891, 6.409209623721306, 5.3208068346073665, 8.982504967927595, 7.173824448066673, 1.411779780579261, 6.4410315320017855, 7.194236724269257, 4.896815078163409, 292);
2022-10-10 14:33:47.115  INFO 4460 --- [    Test worker] p6spy                                    : #1665380027115 | took 0ms | statement | connection 22| url jdbc:h2:mem:ad3a9e80-f26d-4a3e-9691-17f803db5723
insert into picture (spot_id, url, picture_id) values (?, ?, ?)
insert into picture (spot_id, url, picture_id) values (NULL, 'java.io.StringReader@549baf81', 1221);
2022-10-10 14:33:47.115  INFO 4460 --- [    Test worker] p6spy                                    : #1665380027115 | took 0ms | statement | connection 22| url jdbc:h2:mem:ad3a9e80-f26d-4a3e-9691-17f803db5723
insert into picture (spot_id, url, picture_id) values (?, ?, ?)
insert into picture (spot_id, url, picture_id) values (NULL, 'java.io.StringReader@5ad73a95', 1222);
2022-10-10 14:33:47.115  INFO 4460 --- [    Test worker] p6spy                                    : #1665380027115 | took 0ms | statement | connection 22| url jdbc:h2:mem:ad3a9e80-f26d-4a3e-9691-17f803db5723
insert into picture (spot_id, url, picture_id) values (?, ?, ?)
insert into picture (spot_id, url, picture_id) values (NULL, 'java.io.StringReader@2a2632d9', 1223);
2022-10-10 14:33:47.115  INFO 4460 --- [    Test worker] p6spy                                    : #1665380027115 | took 0ms | statement | connection 22| url jdbc:h2:mem:ad3a9e80-f26d-4a3e-9691-17f803db5723
insert into spot (address, description, location, name, score_id, spot_id) values (?, ?, ?, ?, ?, ?)
insert into spot (address, description, location, name, score_id, spot_id) values (NULL, NULL, 'Andeok_myeon', NULL, 292, 358);
2022-10-10 14:33:47.115  INFO 4460 --- [    Test worker] p6spy                                    : #1665380027115 | took 0ms | statement | connection 22| url jdbc:h2:mem:ad3a9e80-f26d-4a3e-9691-17f803db5723
insert into member_spot (member_id, score, spot_id, member_spot_id) values (?, ?, ?, ?)
insert into member_spot (member_id, score, spot_id, member_spot_id) values (12, 0.0, 358, 1224);
2022-10-10 14:33:47.115  INFO 4460 --- [    Test worker] p6spy                                    : #1665380027115 | took 0ms | statement | connection 22| url jdbc:h2:mem:ad3a9e80-f26d-4a3e-9691-17f803db5723
insert into review (content, spot_id, review_id) values (?, ?, ?)
insert into review (content, spot_id, review_id) values ('java.io.StringReader@6ac62896', 269, 294);
2022-10-10 14:33:47.115  INFO 4460 --- [    Test worker] p6spy                                    : #1665380027115 | took 0ms | statement | connection 22| url jdbc:h2:mem:ad3a9e80-f26d-4a3e-9691-17f803db5723
insert into score (facility_rank, facility_score, price_rank, price_score, rank_average, surround_rank, surround_score, view_rank, view_score, score_id) values (?, ?, ?, ?, ?, ?, ?, ?, ?, ?)
insert into score (facility_rank, facility_score, price_rank, price_score, rank_average, surround_rank, surround_score, view_rank, view_score, score_id) values (2.1982351211932483, 0.5047236668795563, 5.48398327177054, 3.112975308595134, 2.8800140404528074, 4.694770031600286, 9.520128851461973, 9.949727347825604, 3.872274573747733, 293);
2022-10-10 14:33:47.115  INFO 4460 --- [    Test worker] p6spy                                    : #1665380027115 | took 0ms | statement | connection 22| url jdbc:h2:mem:ad3a9e80-f26d-4a3e-9691-17f803db5723
insert into picture (spot_id, url, picture_id) values (?, ?, ?)
insert into picture (spot_id, url, picture_id) values (NULL, 'java.io.StringReader@6c294b56', 1225);
2022-10-10 14:33:47.115  INFO 4460 --- [    Test worker] p6spy                                    : #1665380027115 | took 0ms | statement | connection 22| url jdbc:h2:mem:ad3a9e80-f26d-4a3e-9691-17f803db5723
insert into picture (spot_id, url, picture_id) values (?, ?, ?)
insert into picture (spot_id, url, picture_id) values (NULL, 'java.io.StringReader@1d39c3ce', 1226);
2022-10-10 14:33:47.115  INFO 4460 --- [    Test worker] p6spy                                    : #1665380027115 | took 0ms | statement | connection 22| url jdbc:h2:mem:ad3a9e80-f26d-4a3e-9691-17f803db5723
insert into picture (spot_id, url, picture_id) values (?, ?, ?)
insert into picture (spot_id, url, picture_id) values (NULL, 'java.io.StringReader@be2fd67', 1227);
2022-10-10 14:33:47.115  INFO 4460 --- [    Test worker] p6spy                                    : #1665380027115 | took 0ms | statement | connection 22| url jdbc:h2:mem:ad3a9e80-f26d-4a3e-9691-17f803db5723
insert into spot (address, description, location, name, score_id, spot_id) values (?, ?, ?, ?, ?, ?)
insert into spot (address, description, location, name, score_id, spot_id) values (NULL, NULL, 'Andeok_myeon', NULL, 293, 359);
2022-10-10 14:33:47.115  INFO 4460 --- [    Test worker] p6spy                                    : #1665380027115 | took 0ms | statement | connection 22| url jdbc:h2:mem:ad3a9e80-f26d-4a3e-9691-17f803db5723
insert into member_spot (member_id, score, spot_id, member_spot_id) values (?, ?, ?, ?)
insert into member_spot (member_id, score, spot_id, member_spot_id) values (12, 0.0, 359, 1228);
2022-10-10 14:33:47.115  INFO 4460 --- [    Test worker] p6spy                                    : #1665380027115 | took 0ms | statement | connection 22| url jdbc:h2:mem:ad3a9e80-f26d-4a3e-9691-17f803db5723
insert into review (content, spot_id, review_id) values (?, ?, ?)
insert into review (content, spot_id, review_id) values ('java.io.StringReader@64c8afbe', 269, 295);
2022-10-10 14:33:47.116  INFO 4460 --- [    Test worker] p6spy                                    : #1665380027116 | took 0ms | statement | connection 22| url jdbc:h2:mem:ad3a9e80-f26d-4a3e-9691-17f803db5723
insert into favorite_spot (count, favorite_id, spot_id, favorite_spot_id) values (?, ?, ?, ?)
insert into favorite_spot (count, favorite_id, spot_id, favorite_spot_id) values (0, 36, 359, 316);
2022-10-10 14:33:47.116  INFO 4460 --- [    Test worker] p6spy                                    : #1665380027116 | took 0ms | statement | connection 22| url jdbc:h2:mem:ad3a9e80-f26d-4a3e-9691-17f803db5723
insert into score (facility_rank, facility_score, price_rank, price_score, rank_average, surround_rank, surround_score, view_rank, view_score, score_id) values (?, ?, ?, ?, ?, ?, ?, ?, ?, ?)
insert into score (facility_rank, facility_score, price_rank, price_score, rank_average, surround_rank, surround_score, view_rank, view_score, score_id) values (9.625995201177087, 9.510590617766145, 8.64585534493848, 9.276691287647091, 7.774106787846259, 1.604432488355706, 1.8020442824232763, 4.480386854130903, 4.027791565508304, 294);
2022-10-10 14:33:47.116  INFO 4460 --- [    Test worker] p6spy                                    : #1665380027116 | took 0ms | statement | connection 22| url jdbc:h2:mem:ad3a9e80-f26d-4a3e-9691-17f803db5723
insert into picture (spot_id, url, picture_id) values (?, ?, ?)
insert into picture (spot_id, url, picture_id) values (NULL, 'java.io.StringReader@5ea854da', 1229);
2022-10-10 14:33:47.116  INFO 4460 --- [    Test worker] p6spy                                    : #1665380027116 | took 0ms | statement | connection 22| url jdbc:h2:mem:ad3a9e80-f26d-4a3e-9691-17f803db5723
insert into picture (spot_id, url, picture_id) values (?, ?, ?)
insert into picture (spot_id, url, picture_id) values (NULL, 'java.io.StringReader@46aac69c', 1230);
2022-10-10 14:33:47.116  INFO 4460 --- [    Test worker] p6spy                                    : #1665380027116 | took 0ms | statement | connection 22| url jdbc:h2:mem:ad3a9e80-f26d-4a3e-9691-17f803db5723
insert into picture (spot_id, url, picture_id) values (?, ?, ?)
insert into picture (spot_id, url, picture_id) values (NULL, 'java.io.StringReader@24690d1c', 1231);
2022-10-10 14:33:47.116  INFO 4460 --- [    Test worker] p6spy                                    : #1665380027116 | took 0ms | statement | connection 22| url jdbc:h2:mem:ad3a9e80-f26d-4a3e-9691-17f803db5723
insert into spot (address, description, location, name, score_id, spot_id) values (?, ?, ?, ?, ?, ?)
insert into spot (address, description, location, name, score_id, spot_id) values (NULL, NULL, 'Andeok_myeon', NULL, 294, 360);
2022-10-10 14:33:47.116  INFO 4460 --- [    Test worker] p6spy                                    : #1665380027116 | took 0ms | statement | connection 22| url jdbc:h2:mem:ad3a9e80-f26d-4a3e-9691-17f803db5723
insert into member_spot (member_id, score, spot_id, member_spot_id) values (?, ?, ?, ?)
insert into member_spot (member_id, score, spot_id, member_spot_id) values (12, 0.0, 360, 1232);
2022-10-10 14:33:47.116  INFO 4460 --- [    Test worker] p6spy                                    : #1665380027116 | took 0ms | statement | connection 22| url jdbc:h2:mem:ad3a9e80-f26d-4a3e-9691-17f803db5723
insert into review (content, spot_id, review_id) values (?, ?, ?)
insert into review (content, spot_id, review_id) values ('java.io.StringReader@4ac8c723', 269, 296);
2022-10-10 14:33:47.116  INFO 4460 --- [    Test worker] p6spy                                    : #1665380027116 | took 0ms | statement | connection 22| url jdbc:h2:mem:ad3a9e80-f26d-4a3e-9691-17f803db5723
insert into score (facility_rank, facility_score, price_rank, price_score, rank_average, surround_rank, surround_score, view_rank, view_score, score_id) values (?, ?, ?, ?, ?, ?, ?, ?, ?, ?)
insert into score (facility_rank, facility_score, price_rank, price_score, rank_average, surround_rank, surround_score, view_rank, view_score, score_id) values (3.0389706370093816, 1.3296161435487364, 5.296028672701354, 4.701085864146513, 8.322609032580988, 2.241593009943099, 2.474371326076379, 3.57110131548756, 2.9391747002312654, 295);
2022-10-10 14:33:47.116  INFO 4460 --- [    Test worker] p6spy                                    : #1665380027116 | took 0ms | statement | connection 22| url jdbc:h2:mem:ad3a9e80-f26d-4a3e-9691-17f803db5723
insert into picture (spot_id, url, picture_id) values (?, ?, ?)
insert into picture (spot_id, url, picture_id) values (NULL, 'java.io.StringReader@5030dfb8', 1233);
2022-10-10 14:33:47.116  INFO 4460 --- [    Test worker] p6spy                                    : #1665380027116 | took 0ms | statement | connection 22| url jdbc:h2:mem:ad3a9e80-f26d-4a3e-9691-17f803db5723
insert into picture (spot_id, url, picture_id) values (?, ?, ?)
insert into picture (spot_id, url, picture_id) values (NULL, 'java.io.StringReader@270706e3', 1234);
2022-10-10 14:33:47.116  INFO 4460 --- [    Test worker] p6spy                                    : #1665380027116 | took 0ms | statement | connection 22| url jdbc:h2:mem:ad3a9e80-f26d-4a3e-9691-17f803db5723
insert into picture (spot_id, url, picture_id) values (?, ?, ?)
insert into picture (spot_id, url, picture_id) values (NULL, 'java.io.StringReader@61d2ff30', 1235);
2022-10-10 14:33:47.116  INFO 4460 --- [    Test worker] p6spy                                    : #1665380027116 | took 0ms | statement | connection 22| url jdbc:h2:mem:ad3a9e80-f26d-4a3e-9691-17f803db5723
insert into spot (address, description, location, name, score_id, spot_id) values (?, ?, ?, ?, ?, ?)
insert into spot (address, description, location, name, score_id, spot_id) values (NULL, NULL, 'Andeok_myeon', NULL, 295, 361);
2022-10-10 14:33:47.116  INFO 4460 --- [    Test worker] p6spy                                    : #1665380027116 | took 0ms | statement | connection 22| url jdbc:h2:mem:ad3a9e80-f26d-4a3e-9691-17f803db5723
insert into member_spot (member_id, score, spot_id, member_spot_id) values (?, ?, ?, ?)
insert into member_spot (member_id, score, spot_id, member_spot_id) values (12, 0.0, 361, 1236);
2022-10-10 14:33:47.116  INFO 4460 --- [    Test worker] p6spy                                    : #1665380027116 | took 0ms | statement | connection 22| url jdbc:h2:mem:ad3a9e80-f26d-4a3e-9691-17f803db5723
insert into review (content, spot_id, review_id) values (?, ?, ?)
insert into review (content, spot_id, review_id) values ('java.io.StringReader@75852d33', 269, 297);
2022-10-10 14:33:47.116  INFO 4460 --- [    Test worker] p6spy                                    : #1665380027116 | took 0ms | statement | connection 22| url jdbc:h2:mem:ad3a9e80-f26d-4a3e-9691-17f803db5723
insert into favorite_spot (count, favorite_id, spot_id, favorite_spot_id) values (?, ?, ?, ?)
insert into favorite_spot (count, favorite_id, spot_id, favorite_spot_id) values (0, 36, 361, 317);
2022-10-10 14:33:47.116  INFO 4460 --- [    Test worker] p6spy                                    : #1665380027116 | took 0ms | statement | connection 22| url jdbc:h2:mem:ad3a9e80-f26d-4a3e-9691-17f803db5723
insert into score (facility_rank, facility_score, price_rank, price_score, rank_average, surround_rank, surround_score, view_rank, view_score, score_id) values (?, ?, ?, ?, ?, ?, ?, ?, ?, ?)
insert into score (facility_rank, facility_score, price_rank, price_score, rank_average, surround_rank, surround_score, view_rank, view_score, score_id) values (9.321718200546169, 6.797517883177048, 8.963610555027534, 5.730150268684527, 9.296056932343658, 3.6578841719847413, 1.5383483086610372, 9.185099586681812, 7.437779047624675, 296);
2022-10-10 14:33:47.116  INFO 4460 --- [    Test worker] p6spy                                    : #1665380027116 | took 0ms | statement | connection 22| url jdbc:h2:mem:ad3a9e80-f26d-4a3e-9691-17f803db5723
insert into picture (spot_id, url, picture_id) values (?, ?, ?)
insert into picture (spot_id, url, picture_id) values (NULL, 'java.io.StringReader@10330ade', 1237);
2022-10-10 14:33:47.116  INFO 4460 --- [    Test worker] p6spy                                    : #1665380027116 | took 0ms | statement | connection 22| url jdbc:h2:mem:ad3a9e80-f26d-4a3e-9691-17f803db5723
insert into picture (spot_id, url, picture_id) values (?, ?, ?)
insert into picture (spot_id, url, picture_id) values (NULL, 'java.io.StringReader@34518f0', 1238);
2022-10-10 14:33:47.116  INFO 4460 --- [    Test worker] p6spy                                    : #1665380027116 | took 0ms | statement | connection 22| url jdbc:h2:mem:ad3a9e80-f26d-4a3e-9691-17f803db5723
insert into picture (spot_id, url, picture_id) values (?, ?, ?)
insert into picture (spot_id, url, picture_id) values (NULL, 'java.io.StringReader@76fee3de', 1239);
2022-10-10 14:33:47.116  INFO 4460 --- [    Test worker] p6spy                                    : #1665380027116 | took 0ms | statement | connection 22| url jdbc:h2:mem:ad3a9e80-f26d-4a3e-9691-17f803db5723
insert into spot (address, description, location, name, score_id, spot_id) values (?, ?, ?, ?, ?, ?)
insert into spot (address, description, location, name, score_id, spot_id) values (NULL, NULL, 'Andeok_myeon', NULL, 296, 362);
2022-10-10 14:33:47.116  INFO 4460 --- [    Test worker] p6spy                                    : #1665380027116 | took 0ms | statement | connection 22| url jdbc:h2:mem:ad3a9e80-f26d-4a3e-9691-17f803db5723
insert into member_spot (member_id, score, spot_id, member_spot_id) values (?, ?, ?, ?)
insert into member_spot (member_id, score, spot_id, member_spot_id) values (12, 0.0, 362, 1240);
2022-10-10 14:33:47.116  INFO 4460 --- [    Test worker] p6spy                                    : #1665380027116 | took 0ms | statement | connection 22| url jdbc:h2:mem:ad3a9e80-f26d-4a3e-9691-17f803db5723
insert into review (content, spot_id, review_id) values (?, ?, ?)
insert into review (content, spot_id, review_id) values ('java.io.StringReader@3dcafc9c', 269, 298);
2022-10-10 14:33:47.116  INFO 4460 --- [    Test worker] p6spy                                    : #1665380027116 | took 0ms | statement | connection 22| url jdbc:h2:mem:ad3a9e80-f26d-4a3e-9691-17f803db5723
insert into score (facility_rank, facility_score, price_rank, price_score, rank_average, surround_rank, surround_score, view_rank, view_score, score_id) values (?, ?, ?, ?, ?, ?, ?, ?, ?, ?)
insert into score (facility_rank, facility_score, price_rank, price_score, rank_average, surround_rank, surround_score, view_rank, view_score, score_id) values (9.848706939414837, 4.158478165073855, 7.300210322461087, 1.1208105657409029, 1.1655766655937572, 9.474912767001904, 1.2437268101891386, 7.376443937271703, 3.9364703449405125, 297);
2022-10-10 14:33:47.116  INFO 4460 --- [    Test worker] p6spy                                    : #1665380027116 | took 0ms | statement | connection 22| url jdbc:h2:mem:ad3a9e80-f26d-4a3e-9691-17f803db5723
insert into picture (spot_id, url, picture_id) values (?, ?, ?)
insert into picture (spot_id, url, picture_id) values (NULL, 'java.io.StringReader@6967bbf3', 1241);
2022-10-10 14:33:47.116  INFO 4460 --- [    Test worker] p6spy                                    : #1665380027116 | took 0ms | statement | connection 22| url jdbc:h2:mem:ad3a9e80-f26d-4a3e-9691-17f803db5723
insert into picture (spot_id, url, picture_id) values (?, ?, ?)
insert into picture (spot_id, url, picture_id) values (NULL, 'java.io.StringReader@4181a180', 1242);
2022-10-10 14:33:47.116  INFO 4460 --- [    Test worker] p6spy                                    : #1665380027116 | took 0ms | statement | connection 22| url jdbc:h2:mem:ad3a9e80-f26d-4a3e-9691-17f803db5723
insert into picture (spot_id, url, picture_id) values (?, ?, ?)
insert into picture (spot_id, url, picture_id) values (NULL, 'java.io.StringReader@381dbeba', 1243);
2022-10-10 14:33:47.116  INFO 4460 --- [    Test worker] p6spy                                    : #1665380027116 | took 0ms | statement | connection 22| url jdbc:h2:mem:ad3a9e80-f26d-4a3e-9691-17f803db5723
insert into spot (address, description, location, name, score_id, spot_id) values (?, ?, ?, ?, ?, ?)
insert into spot (address, description, location, name, score_id, spot_id) values (NULL, NULL, 'Andeok_myeon', NULL, 297, 363);
2022-10-10 14:33:47.117  INFO 4460 --- [    Test worker] p6spy                                    : #1665380027117 | took 0ms | statement | connection 22| url jdbc:h2:mem:ad3a9e80-f26d-4a3e-9691-17f803db5723
insert into member_spot (member_id, score, spot_id, member_spot_id) values (?, ?, ?, ?)
insert into member_spot (member_id, score, spot_id, member_spot_id) values (12, 0.0, 363, 1244);
2022-10-10 14:33:47.117  INFO 4460 --- [    Test worker] p6spy                                    : #1665380027117 | took 0ms | statement | connection 22| url jdbc:h2:mem:ad3a9e80-f26d-4a3e-9691-17f803db5723
insert into review (content, spot_id, review_id) values (?, ?, ?)
insert into review (content, spot_id, review_id) values ('java.io.StringReader@3beead8d', 269, 299);
2022-10-10 14:33:47.117  INFO 4460 --- [    Test worker] p6spy                                    : #1665380027117 | took 0ms | statement | connection 22| url jdbc:h2:mem:ad3a9e80-f26d-4a3e-9691-17f803db5723
insert into favorite_spot (count, favorite_id, spot_id, favorite_spot_id) values (?, ?, ?, ?)
insert into favorite_spot (count, favorite_id, spot_id, favorite_spot_id) values (0, 36, 363, 318);
2022-10-10 14:33:47.117  INFO 4460 --- [    Test worker] p6spy                                    : #1665380027117 | took 0ms | statement | connection 22| url jdbc:h2:mem:ad3a9e80-f26d-4a3e-9691-17f803db5723
insert into score (facility_rank, facility_score, price_rank, price_score, rank_average, surround_rank, surround_score, view_rank, view_score, score_id) values (?, ?, ?, ?, ?, ?, ?, ?, ?, ?)
insert into score (facility_rank, facility_score, price_rank, price_score, rank_average, surround_rank, surround_score, view_rank, view_score, score_id) values (5.9707736390695665, 7.234936033780991, 2.02782447294099, 7.415329434525027, 3.988715422433314, 0.5614113470329629, 9.45972393119113, 0.6390109272034283, 1.1206637774868489, 298);
2022-10-10 14:33:47.117  INFO 4460 --- [    Test worker] p6spy                                    : #1665380027117 | took 0ms | statement | connection 22| url jdbc:h2:mem:ad3a9e80-f26d-4a3e-9691-17f803db5723
insert into picture (spot_id, url, picture_id) values (?, ?, ?)
insert into picture (spot_id, url, picture_id) values (NULL, 'java.io.StringReader@174af948', 1245);
2022-10-10 14:33:47.117  INFO 4460 --- [    Test worker] p6spy                                    : #1665380027117 | took 0ms | statement | connection 22| url jdbc:h2:mem:ad3a9e80-f26d-4a3e-9691-17f803db5723
insert into picture (spot_id, url, picture_id) values (?, ?, ?)
insert into picture (spot_id, url, picture_id) values (NULL, 'java.io.StringReader@bfcdc45', 1246);
2022-10-10 14:33:47.117  INFO 4460 --- [    Test worker] p6spy                                    : #1665380027117 | took 0ms | statement | connection 22| url jdbc:h2:mem:ad3a9e80-f26d-4a3e-9691-17f803db5723
insert into picture (spot_id, url, picture_id) values (?, ?, ?)
insert into picture (spot_id, url, picture_id) values (NULL, 'java.io.StringReader@1869512f', 1247);
2022-10-10 14:33:47.117  INFO 4460 --- [    Test worker] p6spy                                    : #1665380027117 | took 0ms | statement | connection 22| url jdbc:h2:mem:ad3a9e80-f26d-4a3e-9691-17f803db5723
insert into spot (address, description, location, name, score_id, spot_id) values (?, ?, ?, ?, ?, ?)
insert into spot (address, description, location, name, score_id, spot_id) values (NULL, NULL, 'Andeok_myeon', NULL, 298, 364);
2022-10-10 14:33:47.117  INFO 4460 --- [    Test worker] p6spy                                    : #1665380027117 | took 0ms | statement | connection 22| url jdbc:h2:mem:ad3a9e80-f26d-4a3e-9691-17f803db5723
insert into member_spot (member_id, score, spot_id, member_spot_id) values (?, ?, ?, ?)
insert into member_spot (member_id, score, spot_id, member_spot_id) values (12, 0.0, 364, 1248);
2022-10-10 14:33:47.117  INFO 4460 --- [    Test worker] p6spy                                    : #1665380027117 | took 0ms | statement | connection 22| url jdbc:h2:mem:ad3a9e80-f26d-4a3e-9691-17f803db5723
insert into review (content, spot_id, review_id) values (?, ?, ?)
insert into review (content, spot_id, review_id) values ('java.io.StringReader@320c10a8', 269, 300);
2022-10-10 14:33:47.117  INFO 4460 --- [    Test worker] p6spy                                    : #1665380027117 | took 0ms | statement | connection 22| url jdbc:h2:mem:ad3a9e80-f26d-4a3e-9691-17f803db5723
insert into score (facility_rank, facility_score, price_rank, price_score, rank_average, surround_rank, surround_score, view_rank, view_score, score_id) values (?, ?, ?, ?, ?, ?, ?, ?, ?, ?)
insert into score (facility_rank, facility_score, price_rank, price_score, rank_average, surround_rank, surround_score, view_rank, view_score, score_id) values (2.327482112013862, 8.421327249758209, 0.230267104961992, 4.508860185921316, 1.7944799673141676, 9.206734157654441, 1.6441601198281586, 8.903561801691914, 5.641191471961548, 299);
2022-10-10 14:33:47.117  INFO 4460 --- [    Test worker] p6spy                                    : #1665380027117 | took 0ms | statement | connection 22| url jdbc:h2:mem:ad3a9e80-f26d-4a3e-9691-17f803db5723
insert into picture (spot_id, url, picture_id) values (?, ?, ?)
insert into picture (spot_id, url, picture_id) values (NULL, 'java.io.StringReader@5fb65b3a', 1249);
2022-10-10 14:33:47.117  INFO 4460 --- [    Test worker] p6spy                                    : #1665380027117 | took 0ms | statement | connection 22| url jdbc:h2:mem:ad3a9e80-f26d-4a3e-9691-17f803db5723
insert into picture (spot_id, url, picture_id) values (?, ?, ?)
insert into picture (spot_id, url, picture_id) values (NULL, 'java.io.StringReader@6c60c170', 1250);
2022-10-10 14:33:47.117  INFO 4460 --- [    Test worker] p6spy                                    : #1665380027117 | took 0ms | statement | connection 22| url jdbc:h2:mem:ad3a9e80-f26d-4a3e-9691-17f803db5723
insert into picture (spot_id, url, picture_id) values (?, ?, ?)
insert into picture (spot_id, url, picture_id) values (NULL, 'java.io.StringReader@34144ac', 1251);
2022-10-10 14:33:47.117  INFO 4460 --- [    Test worker] p6spy                                    : #1665380027117 | took 0ms | statement | connection 22| url jdbc:h2:mem:ad3a9e80-f26d-4a3e-9691-17f803db5723
insert into spot (address, description, location, name, score_id, spot_id) values (?, ?, ?, ?, ?, ?)
insert into spot (address, description, location, name, score_id, spot_id) values (NULL, NULL, 'Andeok_myeon', NULL, 299, 365);
2022-10-10 14:33:47.117  INFO 4460 --- [    Test worker] p6spy                                    : #1665380027117 | took 0ms | statement | connection 22| url jdbc:h2:mem:ad3a9e80-f26d-4a3e-9691-17f803db5723
insert into member_spot (member_id, score, spot_id, member_spot_id) values (?, ?, ?, ?)
insert into member_spot (member_id, score, spot_id, member_spot_id) values (12, 0.0, 365, 1252);
2022-10-10 14:33:47.117  INFO 4460 --- [    Test worker] p6spy                                    : #1665380027117 | took 0ms | statement | connection 22| url jdbc:h2:mem:ad3a9e80-f26d-4a3e-9691-17f803db5723
insert into review (content, spot_id, review_id) values (?, ?, ?)
insert into review (content, spot_id, review_id) values ('java.io.StringReader@6e706a1a', 269, 301);
2022-10-10 14:33:47.117  INFO 4460 --- [    Test worker] p6spy                                    : #1665380027117 | took 0ms | statement | connection 22| url jdbc:h2:mem:ad3a9e80-f26d-4a3e-9691-17f803db5723
insert into favorite_spot (count, favorite_id, spot_id, favorite_spot_id) values (?, ?, ?, ?)
insert into favorite_spot (count, favorite_id, spot_id, favorite_spot_id) values (0, 36, 365, 319);
2022-10-10 14:33:47.117  INFO 4460 --- [    Test worker] p6spy                                    : #1665380027117 | took 0ms | statement | connection 22| url jdbc:h2:mem:ad3a9e80-f26d-4a3e-9691-17f803db5723
insert into score (facility_rank, facility_score, price_rank, price_score, rank_average, surround_rank, surround_score, view_rank, view_score, score_id) values (?, ?, ?, ?, ?, ?, ?, ?, ?, ?)
insert into score (facility_rank, facility_score, price_rank, price_score, rank_average, surround_rank, surround_score, view_rank, view_score, score_id) values (3.554292560044119, 1.1985516414720787, 4.663083673907325, 8.9945691397245, 4.6994249614279155, 6.951775517976352, 9.921520069190155, 9.5636521854899, 4.342288924955035, 300);
2022-10-10 14:33:47.117  INFO 4460 --- [    Test worker] p6spy                                    : #1665380027117 | took 0ms | statement | connection 22| url jdbc:h2:mem:ad3a9e80-f26d-4a3e-9691-17f803db5723
insert into picture (spot_id, url, picture_id) values (?, ?, ?)
insert into picture (spot_id, url, picture_id) values (NULL, 'java.io.StringReader@4167d831', 1253);
2022-10-10 14:33:47.117  INFO 4460 --- [    Test worker] p6spy                                    : #1665380027117 | took 0ms | statement | connection 22| url jdbc:h2:mem:ad3a9e80-f26d-4a3e-9691-17f803db5723
insert into picture (spot_id, url, picture_id) values (?, ?, ?)
insert into picture (spot_id, url, picture_id) values (NULL, 'java.io.StringReader@33f306f0', 1254);
2022-10-10 14:33:47.117  INFO 4460 --- [    Test worker] p6spy                                    : #1665380027117 | took 0ms | statement | connection 22| url jdbc:h2:mem:ad3a9e80-f26d-4a3e-9691-17f803db5723
insert into picture (spot_id, url, picture_id) values (?, ?, ?)
insert into picture (spot_id, url, picture_id) values (NULL, 'java.io.StringReader@76e9662b', 1255);
2022-10-10 14:33:47.117  INFO 4460 --- [    Test worker] p6spy                                    : #1665380027117 | took 0ms | statement | connection 22| url jdbc:h2:mem:ad3a9e80-f26d-4a3e-9691-17f803db5723
insert into spot (address, description, location, name, score_id, spot_id) values (?, ?, ?, ?, ?, ?)
insert into spot (address, description, location, name, score_id, spot_id) values (NULL, NULL, 'Andeok_myeon', NULL, 300, 366);
2022-10-10 14:33:47.117  INFO 4460 --- [    Test worker] p6spy                                    : #1665380027117 | took 0ms | statement | connection 22| url jdbc:h2:mem:ad3a9e80-f26d-4a3e-9691-17f803db5723
insert into member_spot (member_id, score, spot_id, member_spot_id) values (?, ?, ?, ?)
insert into member_spot (member_id, score, spot_id, member_spot_id) values (12, 0.0, 366, 1256);
2022-10-10 14:33:47.117  INFO 4460 --- [    Test worker] p6spy                                    : #1665380027117 | took 0ms | statement | connection 22| url jdbc:h2:mem:ad3a9e80-f26d-4a3e-9691-17f803db5723
insert into review (content, spot_id, review_id) values (?, ?, ?)
insert into review (content, spot_id, review_id) values ('java.io.StringReader@2c3d6d78', 269, 302);
2022-10-10 14:33:47.117  INFO 4460 --- [    Test worker] p6spy                                    : #1665380027117 | took 0ms | statement | connection 22| url jdbc:h2:mem:ad3a9e80-f26d-4a3e-9691-17f803db5723
insert into score (facility_rank, facility_score, price_rank, price_score, rank_average, surround_rank, surround_score, view_rank, view_score, score_id) values (?, ?, ?, ?, ?, ?, ?, ?, ?, ?)
insert into score (facility_rank, facility_score, price_rank, price_score, rank_average, surround_rank, surround_score, view_rank, view_score, score_id) values (7.768734661848063, 8.789361098640448, 4.916351338689341, 9.400600496083184, 2.764412762207855, 4.8179243580352615, 1.983565949671794, 0.48647536655403334, 8.491931950892916, 301);
2022-10-10 14:33:47.117  INFO 4460 --- [    Test worker] p6spy                                    : #1665380027117 | took 0ms | statement | connection 22| url jdbc:h2:mem:ad3a9e80-f26d-4a3e-9691-17f803db5723
insert into picture (spot_id, url, picture_id) values (?, ?, ?)
insert into picture (spot_id, url, picture_id) values (NULL, 'java.io.StringReader@4e01cf43', 1257);
2022-10-10 14:33:47.117  INFO 4460 --- [    Test worker] p6spy                                    : #1665380027117 | took 0ms | statement | connection 22| url jdbc:h2:mem:ad3a9e80-f26d-4a3e-9691-17f803db5723
insert into picture (spot_id, url, picture_id) values (?, ?, ?)
insert into picture (spot_id, url, picture_id) values (NULL, 'java.io.StringReader@582e40f8', 1258);
2022-10-10 14:33:47.117  INFO 4460 --- [    Test worker] p6spy                                    : #1665380027117 | took 0ms | statement | connection 22| url jdbc:h2:mem:ad3a9e80-f26d-4a3e-9691-17f803db5723
insert into picture (spot_id, url, picture_id) values (?, ?, ?)
insert into picture (spot_id, url, picture_id) values (NULL, 'java.io.StringReader@79f127e', 1259);
2022-10-10 14:33:47.117  INFO 4460 --- [    Test worker] p6spy                                    : #1665380027117 | took 0ms | statement | connection 22| url jdbc:h2:mem:ad3a9e80-f26d-4a3e-9691-17f803db5723
insert into spot (address, description, location, name, score_id, spot_id) values (?, ?, ?, ?, ?, ?)
insert into spot (address, description, location, name, score_id, spot_id) values (NULL, NULL, 'Andeok_myeon', NULL, 301, 367);
2022-10-10 14:33:47.117  INFO 4460 --- [    Test worker] p6spy                                    : #1665380027117 | took 0ms | statement | connection 22| url jdbc:h2:mem:ad3a9e80-f26d-4a3e-9691-17f803db5723
insert into member_spot (member_id, score, spot_id, member_spot_id) values (?, ?, ?, ?)
insert into member_spot (member_id, score, spot_id, member_spot_id) values (12, 0.0, 367, 1260);
2022-10-10 14:33:47.118  INFO 4460 --- [    Test worker] p6spy                                    : #1665380027118 | took 0ms | statement | connection 22| url jdbc:h2:mem:ad3a9e80-f26d-4a3e-9691-17f803db5723
insert into review (content, spot_id, review_id) values (?, ?, ?)
insert into review (content, spot_id, review_id) values ('java.io.StringReader@463f7e2f', 269, 303);
2022-10-10 14:33:47.118  INFO 4460 --- [    Test worker] p6spy                                    : #1665380027118 | took 0ms | statement | connection 22| url jdbc:h2:mem:ad3a9e80-f26d-4a3e-9691-17f803db5723
insert into favorite_spot (count, favorite_id, spot_id, favorite_spot_id) values (?, ?, ?, ?)
insert into favorite_spot (count, favorite_id, spot_id, favorite_spot_id) values (0, 36, 367, 320);
2022-10-10 14:33:47.118  INFO 4460 --- [    Test worker] p6spy                                    : #1665380027118 | took 0ms | statement | connection 22| url jdbc:h2:mem:ad3a9e80-f26d-4a3e-9691-17f803db5723
insert into score (facility_rank, facility_score, price_rank, price_score, rank_average, surround_rank, surround_score, view_rank, view_score, score_id) values (?, ?, ?, ?, ?, ?, ?, ?, ?, ?)
insert into score (facility_rank, facility_score, price_rank, price_score, rank_average, surround_rank, surround_score, view_rank, view_score, score_id) values (9.221382425770747, 1.9222218507110278, 9.257451153792383, 1.517109927453305, 6.232980706205523, 5.736914047263446, 4.575238753137292, 3.8194845319089312, 7.222126613051282, 302);
2022-10-10 14:33:47.118  INFO 4460 --- [    Test worker] p6spy                                    : #1665380027118 | took 0ms | statement | connection 22| url jdbc:h2:mem:ad3a9e80-f26d-4a3e-9691-17f803db5723
insert into picture (spot_id, url, picture_id) values (?, ?, ?)
insert into picture (spot_id, url, picture_id) values (NULL, 'java.io.StringReader@365abbd', 1261);
2022-10-10 14:33:47.118  INFO 4460 --- [    Test worker] p6spy                                    : #1665380027118 | took 0ms | statement | connection 22| url jdbc:h2:mem:ad3a9e80-f26d-4a3e-9691-17f803db5723
insert into picture (spot_id, url, picture_id) values (?, ?, ?)
insert into picture (spot_id, url, picture_id) values (NULL, 'java.io.StringReader@e4748af', 1262);
2022-10-10 14:33:47.118  INFO 4460 --- [    Test worker] p6spy                                    : #1665380027118 | took 0ms | statement | connection 22| url jdbc:h2:mem:ad3a9e80-f26d-4a3e-9691-17f803db5723
insert into picture (spot_id, url, picture_id) values (?, ?, ?)
insert into picture (spot_id, url, picture_id) values (NULL, 'java.io.StringReader@63b2ce4', 1263);
2022-10-10 14:33:47.118  INFO 4460 --- [    Test worker] p6spy                                    : #1665380027118 | took 0ms | statement | connection 22| url jdbc:h2:mem:ad3a9e80-f26d-4a3e-9691-17f803db5723
insert into spot (address, description, location, name, score_id, spot_id) values (?, ?, ?, ?, ?, ?)
insert into spot (address, description, location, name, score_id, spot_id) values (NULL, NULL, 'Andeok_myeon', NULL, 302, 368);
2022-10-10 14:33:47.118  INFO 4460 --- [    Test worker] p6spy                                    : #1665380027118 | took 0ms | statement | connection 22| url jdbc:h2:mem:ad3a9e80-f26d-4a3e-9691-17f803db5723
insert into member_spot (member_id, score, spot_id, member_spot_id) values (?, ?, ?, ?)
insert into member_spot (member_id, score, spot_id, member_spot_id) values (12, 0.0, 368, 1264);
2022-10-10 14:33:47.118  INFO 4460 --- [    Test worker] p6spy                                    : #1665380027118 | took 0ms | statement | connection 22| url jdbc:h2:mem:ad3a9e80-f26d-4a3e-9691-17f803db5723
insert into review (content, spot_id, review_id) values (?, ?, ?)
insert into review (content, spot_id, review_id) values ('java.io.StringReader@7418508a', 269, 304);
2022-10-10 14:33:47.118  INFO 4460 --- [    Test worker] p6spy                                    : #1665380027118 | took 0ms | statement | connection 22| url jdbc:h2:mem:ad3a9e80-f26d-4a3e-9691-17f803db5723
update picture set spot_id=?, url=? where picture_id=?
update picture set spot_id=269, url='java.io.StringReader@61458ff8' where picture_id=865;
2022-10-10 14:33:47.118  INFO 4460 --- [    Test worker] p6spy                                    : #1665380027118 | took 0ms | statement | connection 22| url jdbc:h2:mem:ad3a9e80-f26d-4a3e-9691-17f803db5723
update picture set spot_id=?, url=? where picture_id=?
update picture set spot_id=269, url='java.io.StringReader@8eec68f' where picture_id=866;
2022-10-10 14:33:47.118  INFO 4460 --- [    Test worker] p6spy                                    : #1665380027118 | took 0ms | statement | connection 22| url jdbc:h2:mem:ad3a9e80-f26d-4a3e-9691-17f803db5723
update picture set spot_id=?, url=? where picture_id=?
update picture set spot_id=269, url='java.io.StringReader@60ebb310' where picture_id=867;
2022-10-10 14:33:47.118  INFO 4460 --- [    Test worker] p6spy                                    : #1665380027118 | took 0ms | statement | connection 22| url jdbc:h2:mem:ad3a9e80-f26d-4a3e-9691-17f803db5723
update picture set spot_id=?, url=? where picture_id=?
update picture set spot_id=270, url='java.io.StringReader@573539f' where picture_id=869;
2022-10-10 14:33:47.118  INFO 4460 --- [    Test worker] p6spy                                    : #1665380027118 | took 0ms | statement | connection 22| url jdbc:h2:mem:ad3a9e80-f26d-4a3e-9691-17f803db5723
update picture set spot_id=?, url=? where picture_id=?
update picture set spot_id=270, url='java.io.StringReader@698ba673' where picture_id=870;
2022-10-10 14:33:47.118  INFO 4460 --- [    Test worker] p6spy                                    : #1665380027118 | took 0ms | statement | connection 22| url jdbc:h2:mem:ad3a9e80-f26d-4a3e-9691-17f803db5723
update picture set spot_id=?, url=? where picture_id=?
update picture set spot_id=270, url='java.io.StringReader@3872845b' where picture_id=871;
2022-10-10 14:33:47.118  INFO 4460 --- [    Test worker] p6spy                                    : #1665380027118 | took 0ms | statement | connection 22| url jdbc:h2:mem:ad3a9e80-f26d-4a3e-9691-17f803db5723
update picture set spot_id=?, url=? where picture_id=?
update picture set spot_id=271, url='java.io.StringReader@30183725' where picture_id=873;
2022-10-10 14:33:47.118  INFO 4460 --- [    Test worker] p6spy                                    : #1665380027118 | took 0ms | statement | connection 22| url jdbc:h2:mem:ad3a9e80-f26d-4a3e-9691-17f803db5723
update picture set spot_id=?, url=? where picture_id=?
update picture set spot_id=271, url='java.io.StringReader@16bd4d2b' where picture_id=874;
2022-10-10 14:33:47.118  INFO 4460 --- [    Test worker] p6spy                                    : #1665380027118 | took 0ms | statement | connection 22| url jdbc:h2:mem:ad3a9e80-f26d-4a3e-9691-17f803db5723
update picture set spot_id=?, url=? where picture_id=?
update picture set spot_id=271, url='java.io.StringReader@4aa39a18' where picture_id=875;
2022-10-10 14:33:47.118  INFO 4460 --- [    Test worker] p6spy                                    : #1665380027118 | took 0ms | statement | connection 22| url jdbc:h2:mem:ad3a9e80-f26d-4a3e-9691-17f803db5723
update picture set spot_id=?, url=? where picture_id=?
update picture set spot_id=272, url='java.io.StringReader@1dc72380' where picture_id=877;
2022-10-10 14:33:47.118  INFO 4460 --- [    Test worker] p6spy                                    : #1665380027118 | took 0ms | statement | connection 22| url jdbc:h2:mem:ad3a9e80-f26d-4a3e-9691-17f803db5723
update picture set spot_id=?, url=? where picture_id=?
update picture set spot_id=272, url='java.io.StringReader@5e5eaa7f' where picture_id=878;
2022-10-10 14:33:47.118  INFO 4460 --- [    Test worker] p6spy                                    : #1665380027118 | took 0ms | statement | connection 22| url jdbc:h2:mem:ad3a9e80-f26d-4a3e-9691-17f803db5723
update picture set spot_id=?, url=? where picture_id=?
update picture set spot_id=272, url='java.io.StringReader@31b0501a' where picture_id=879;
2022-10-10 14:33:47.118  INFO 4460 --- [    Test worker] p6spy                                    : #1665380027118 | took 0ms | statement | connection 22| url jdbc:h2:mem:ad3a9e80-f26d-4a3e-9691-17f803db5723
update picture set spot_id=?, url=? where picture_id=?
update picture set spot_id=273, url='java.io.StringReader@2d583f20' where picture_id=881;
2022-10-10 14:33:47.119  INFO 4460 --- [    Test worker] p6spy                                    : #1665380027119 | took 0ms | statement | connection 22| url jdbc:h2:mem:ad3a9e80-f26d-4a3e-9691-17f803db5723
update picture set spot_id=?, url=? where picture_id=?
update picture set spot_id=273, url='java.io.StringReader@f5ebccc' where picture_id=882;
2022-10-10 14:33:47.119  INFO 4460 --- [    Test worker] p6spy                                    : #1665380027119 | took 0ms | statement | connection 22| url jdbc:h2:mem:ad3a9e80-f26d-4a3e-9691-17f803db5723
update picture set spot_id=?, url=? where picture_id=?
update picture set spot_id=273, url='java.io.StringReader@31311a5' where picture_id=883;
2022-10-10 14:33:47.119  INFO 4460 --- [    Test worker] p6spy                                    : #1665380027119 | took 0ms | statement | connection 22| url jdbc:h2:mem:ad3a9e80-f26d-4a3e-9691-17f803db5723
update picture set spot_id=?, url=? where picture_id=?
update picture set spot_id=274, url='java.io.StringReader@1630e9f3' where picture_id=885;
2022-10-10 14:33:47.119  INFO 4460 --- [    Test worker] p6spy                                    : #1665380027119 | took 0ms | statement | connection 22| url jdbc:h2:mem:ad3a9e80-f26d-4a3e-9691-17f803db5723
update picture set spot_id=?, url=? where picture_id=?
update picture set spot_id=274, url='java.io.StringReader@3112da58' where picture_id=886;
2022-10-10 14:33:47.119  INFO 4460 --- [    Test worker] p6spy                                    : #1665380027119 | took 0ms | statement | connection 22| url jdbc:h2:mem:ad3a9e80-f26d-4a3e-9691-17f803db5723
update picture set spot_id=?, url=? where picture_id=?
update picture set spot_id=274, url='java.io.StringReader@4f45a09c' where picture_id=887;
2022-10-10 14:33:47.119  INFO 4460 --- [    Test worker] p6spy                                    : #1665380027119 | took 0ms | statement | connection 22| url jdbc:h2:mem:ad3a9e80-f26d-4a3e-9691-17f803db5723
update picture set spot_id=?, url=? where picture_id=?
update picture set spot_id=275, url='java.io.StringReader@6a49bf51' where picture_id=889;
2022-10-10 14:33:47.119  INFO 4460 --- [    Test worker] p6spy                                    : #1665380027119 | took 0ms | statement | connection 22| url jdbc:h2:mem:ad3a9e80-f26d-4a3e-9691-17f803db5723
update picture set spot_id=?, url=? where picture_id=?
update picture set spot_id=275, url='java.io.StringReader@451dfee3' where picture_id=890;
2022-10-10 14:33:47.119  INFO 4460 --- [    Test worker] p6spy                                    : #1665380027119 | took 0ms | statement | connection 22| url jdbc:h2:mem:ad3a9e80-f26d-4a3e-9691-17f803db5723
update picture set spot_id=?, url=? where picture_id=?
update picture set spot_id=275, url='java.io.StringReader@56725cf0' where picture_id=891;
2022-10-10 14:33:47.119  INFO 4460 --- [    Test worker] p6spy                                    : #1665380027119 | took 0ms | statement | connection 22| url jdbc:h2:mem:ad3a9e80-f26d-4a3e-9691-17f803db5723
update picture set spot_id=?, url=? where picture_id=?
update picture set spot_id=276, url='java.io.StringReader@a3f7621' where picture_id=893;
2022-10-10 14:33:47.119  INFO 4460 --- [    Test worker] p6spy                                    : #1665380027119 | took 0ms | statement | connection 22| url jdbc:h2:mem:ad3a9e80-f26d-4a3e-9691-17f803db5723
update picture set spot_id=?, url=? where picture_id=?
update picture set spot_id=276, url='java.io.StringReader@2aae170c' where picture_id=894;
2022-10-10 14:33:47.119  INFO 4460 --- [    Test worker] p6spy                                    : #1665380027119 | took 0ms | statement | connection 22| url jdbc:h2:mem:ad3a9e80-f26d-4a3e-9691-17f803db5723
update picture set spot_id=?, url=? where picture_id=?
update picture set spot_id=276, url='java.io.StringReader@7d3a7c31' where picture_id=895;
2022-10-10 14:33:47.119  INFO 4460 --- [    Test worker] p6spy                                    : #1665380027119 | took 0ms | statement | connection 22| url jdbc:h2:mem:ad3a9e80-f26d-4a3e-9691-17f803db5723
update picture set spot_id=?, url=? where picture_id=?
update picture set spot_id=277, url='java.io.StringReader@5c181a62' where picture_id=897;
2022-10-10 14:33:47.119  INFO 4460 --- [    Test worker] p6spy                                    : #1665380027119 | took 0ms | statement | connection 22| url jdbc:h2:mem:ad3a9e80-f26d-4a3e-9691-17f803db5723
update picture set spot_id=?, url=? where picture_id=?
update picture set spot_id=277, url='java.io.StringReader@4eb8d146' where picture_id=898;
2022-10-10 14:33:47.119  INFO 4460 --- [    Test worker] p6spy                                    : #1665380027119 | took 0ms | statement | connection 22| url jdbc:h2:mem:ad3a9e80-f26d-4a3e-9691-17f803db5723
update picture set spot_id=?, url=? where picture_id=?
update picture set spot_id=277, url='java.io.StringReader@216fea48' where picture_id=899;
2022-10-10 14:33:47.119  INFO 4460 --- [    Test worker] p6spy                                    : #1665380027119 | took 0ms | statement | connection 22| url jdbc:h2:mem:ad3a9e80-f26d-4a3e-9691-17f803db5723
update picture set spot_id=?, url=? where picture_id=?
update picture set spot_id=278, url='java.io.StringReader@4821b5f9' where picture_id=901;
2022-10-10 14:33:47.119  INFO 4460 --- [    Test worker] p6spy                                    : #1665380027119 | took 0ms | statement | connection 22| url jdbc:h2:mem:ad3a9e80-f26d-4a3e-9691-17f803db5723
update picture set spot_id=?, url=? where picture_id=?
update picture set spot_id=278, url='java.io.StringReader@59721a17' where picture_id=902;
2022-10-10 14:33:47.119  INFO 4460 --- [    Test worker] p6spy                                    : #1665380027119 | took 0ms | statement | connection 22| url jdbc:h2:mem:ad3a9e80-f26d-4a3e-9691-17f803db5723
update picture set spot_id=?, url=? where picture_id=?
update picture set spot_id=278, url='java.io.StringReader@39f5f24' where picture_id=903;
2022-10-10 14:33:47.119  INFO 4460 --- [    Test worker] p6spy                                    : #1665380027119 | took 0ms | statement | connection 22| url jdbc:h2:mem:ad3a9e80-f26d-4a3e-9691-17f803db5723
update picture set spot_id=?, url=? where picture_id=?
update picture set spot_id=279, url='java.io.StringReader@16d2163c' where picture_id=905;
2022-10-10 14:33:47.119  INFO 4460 --- [    Test worker] p6spy                                    : #1665380027119 | took 0ms | statement | connection 22| url jdbc:h2:mem:ad3a9e80-f26d-4a3e-9691-17f803db5723
update picture set spot_id=?, url=? where picture_id=?
update picture set spot_id=279, url='java.io.StringReader@3e36c5' where picture_id=906;
2022-10-10 14:33:47.119  INFO 4460 --- [    Test worker] p6spy                                    : #1665380027119 | took 0ms | statement | connection 22| url jdbc:h2:mem:ad3a9e80-f26d-4a3e-9691-17f803db5723
update picture set spot_id=?, url=? where picture_id=?
update picture set spot_id=279, url='java.io.StringReader@4601d759' where picture_id=907;
2022-10-10 14:33:47.119  INFO 4460 --- [    Test worker] p6spy                                    : #1665380027119 | took 0ms | statement | connection 22| url jdbc:h2:mem:ad3a9e80-f26d-4a3e-9691-17f803db5723
update picture set spot_id=?, url=? where picture_id=?
update picture set spot_id=280, url='java.io.StringReader@2aaa4574' where picture_id=909;
2022-10-10 14:33:47.119  INFO 4460 --- [    Test worker] p6spy                                    : #1665380027119 | took 0ms | statement | connection 22| url jdbc:h2:mem:ad3a9e80-f26d-4a3e-9691-17f803db5723
update picture set spot_id=?, url=? where picture_id=?
update picture set spot_id=280, url='java.io.StringReader@54770747' where picture_id=910;
2022-10-10 14:33:47.119  INFO 4460 --- [    Test worker] p6spy                                    : #1665380027119 | took 0ms | statement | connection 22| url jdbc:h2:mem:ad3a9e80-f26d-4a3e-9691-17f803db5723
update picture set spot_id=?, url=? where picture_id=?
update picture set spot_id=280, url='java.io.StringReader@726c543' where picture_id=911;
2022-10-10 14:33:47.119  INFO 4460 --- [    Test worker] p6spy                                    : #1665380027119 | took 0ms | statement | connection 22| url jdbc:h2:mem:ad3a9e80-f26d-4a3e-9691-17f803db5723
update picture set spot_id=?, url=? where picture_id=?
update picture set spot_id=281, url='java.io.StringReader@15d5761d' where picture_id=913;
2022-10-10 14:33:47.119  INFO 4460 --- [    Test worker] p6spy                                    : #1665380027119 | took 0ms | statement | connection 22| url jdbc:h2:mem:ad3a9e80-f26d-4a3e-9691-17f803db5723
update picture set spot_id=?, url=? where picture_id=?
update picture set spot_id=281, url='java.io.StringReader@1eedc45d' where picture_id=914;
2022-10-10 14:33:47.119  INFO 4460 --- [    Test worker] p6spy                                    : #1665380027119 | took 0ms | statement | connection 22| url jdbc:h2:mem:ad3a9e80-f26d-4a3e-9691-17f803db5723
update picture set spot_id=?, url=? where picture_id=?
update picture set spot_id=281, url='java.io.StringReader@5511b371' where picture_id=915;
2022-10-10 14:33:47.120  INFO 4460 --- [    Test worker] p6spy                                    : #1665380027120 | took 0ms | statement | connection 22| url jdbc:h2:mem:ad3a9e80-f26d-4a3e-9691-17f803db5723
update picture set spot_id=?, url=? where picture_id=?
update picture set spot_id=282, url='java.io.StringReader@290b031e' where picture_id=917;
2022-10-10 14:33:47.120  INFO 4460 --- [    Test worker] p6spy                                    : #1665380027120 | took 0ms | statement | connection 22| url jdbc:h2:mem:ad3a9e80-f26d-4a3e-9691-17f803db5723
update picture set spot_id=?, url=? where picture_id=?
update picture set spot_id=282, url='java.io.StringReader@7b4fda93' where picture_id=918;
2022-10-10 14:33:47.120  INFO 4460 --- [    Test worker] p6spy                                    : #1665380027120 | took 0ms | statement | connection 22| url jdbc:h2:mem:ad3a9e80-f26d-4a3e-9691-17f803db5723
update picture set spot_id=?, url=? where picture_id=?
update picture set spot_id=282, url='java.io.StringReader@2889a7ae' where picture_id=919;
2022-10-10 14:33:47.120  INFO 4460 --- [    Test worker] p6spy                                    : #1665380027120 | took 0ms | statement | connection 22| url jdbc:h2:mem:ad3a9e80-f26d-4a3e-9691-17f803db5723
update picture set spot_id=?, url=? where picture_id=?
update picture set spot_id=283, url='java.io.StringReader@41a0a072' where picture_id=921;
2022-10-10 14:33:47.120  INFO 4460 --- [    Test worker] p6spy                                    : #1665380027120 | took 0ms | statement | connection 22| url jdbc:h2:mem:ad3a9e80-f26d-4a3e-9691-17f803db5723
update picture set spot_id=?, url=? where picture_id=?
update picture set spot_id=283, url='java.io.StringReader@1fafb2ae' where picture_id=922;
2022-10-10 14:33:47.120  INFO 4460 --- [    Test worker] p6spy                                    : #1665380027120 | took 0ms | statement | connection 22| url jdbc:h2:mem:ad3a9e80-f26d-4a3e-9691-17f803db5723
update picture set spot_id=?, url=? where picture_id=?
update picture set spot_id=283, url='java.io.StringReader@3749adc6' where picture_id=923;
2022-10-10 14:33:47.120  INFO 4460 --- [    Test worker] p6spy                                    : #1665380027120 | took 0ms | statement | connection 22| url jdbc:h2:mem:ad3a9e80-f26d-4a3e-9691-17f803db5723
update picture set spot_id=?, url=? where picture_id=?
update picture set spot_id=284, url='java.io.StringReader@1aad8ce5' where picture_id=925;
2022-10-10 14:33:47.120  INFO 4460 --- [    Test worker] p6spy                                    : #1665380027120 | took 0ms | statement | connection 22| url jdbc:h2:mem:ad3a9e80-f26d-4a3e-9691-17f803db5723
update picture set spot_id=?, url=? where picture_id=?
update picture set spot_id=284, url='java.io.StringReader@18db7998' where picture_id=926;
2022-10-10 14:33:47.120  INFO 4460 --- [    Test worker] p6spy                                    : #1665380027120 | took 0ms | statement | connection 22| url jdbc:h2:mem:ad3a9e80-f26d-4a3e-9691-17f803db5723
update picture set spot_id=?, url=? where picture_id=?
update picture set spot_id=284, url='java.io.StringReader@18e52848' where picture_id=927;
2022-10-10 14:33:47.120  INFO 4460 --- [    Test worker] p6spy                                    : #1665380027120 | took 0ms | statement | connection 22| url jdbc:h2:mem:ad3a9e80-f26d-4a3e-9691-17f803db5723
update picture set spot_id=?, url=? where picture_id=?
update picture set spot_id=285, url='java.io.StringReader@2a2976f5' where picture_id=929;
2022-10-10 14:33:47.120  INFO 4460 --- [    Test worker] p6spy                                    : #1665380027120 | took 0ms | statement | connection 22| url jdbc:h2:mem:ad3a9e80-f26d-4a3e-9691-17f803db5723
update picture set spot_id=?, url=? where picture_id=?
update picture set spot_id=285, url='java.io.StringReader@62c6f4c6' where picture_id=930;
2022-10-10 14:33:47.120  INFO 4460 --- [    Test worker] p6spy                                    : #1665380027120 | took 0ms | statement | connection 22| url jdbc:h2:mem:ad3a9e80-f26d-4a3e-9691-17f803db5723
update picture set spot_id=?, url=? where picture_id=?
update picture set spot_id=285, url='java.io.StringReader@6746afab' where picture_id=931;
2022-10-10 14:33:47.120  INFO 4460 --- [    Test worker] p6spy                                    : #1665380027120 | took 0ms | statement | connection 22| url jdbc:h2:mem:ad3a9e80-f26d-4a3e-9691-17f803db5723
update picture set spot_id=?, url=? where picture_id=?
update picture set spot_id=286, url='java.io.StringReader@31fc2a08' where picture_id=933;
2022-10-10 14:33:47.120  INFO 4460 --- [    Test worker] p6spy                                    : #1665380027120 | took 0ms | statement | connection 22| url jdbc:h2:mem:ad3a9e80-f26d-4a3e-9691-17f803db5723
update picture set spot_id=?, url=? where picture_id=?
update picture set spot_id=286, url='java.io.StringReader@65ea5ce7' where picture_id=934;
2022-10-10 14:33:47.120  INFO 4460 --- [    Test worker] p6spy                                    : #1665380027120 | took 0ms | statement | connection 22| url jdbc:h2:mem:ad3a9e80-f26d-4a3e-9691-17f803db5723
update picture set spot_id=?, url=? where picture_id=?
update picture set spot_id=286, url='java.io.StringReader@4ece21c9' where picture_id=935;
2022-10-10 14:33:47.120  INFO 4460 --- [    Test worker] p6spy                                    : #1665380027120 | took 0ms | statement | connection 22| url jdbc:h2:mem:ad3a9e80-f26d-4a3e-9691-17f803db5723
update picture set spot_id=?, url=? where picture_id=?
update picture set spot_id=287, url='java.io.StringReader@1007897' where picture_id=937;
2022-10-10 14:33:47.120  INFO 4460 --- [    Test worker] p6spy                                    : #1665380027120 | took 0ms | statement | connection 22| url jdbc:h2:mem:ad3a9e80-f26d-4a3e-9691-17f803db5723
update picture set spot_id=?, url=? where picture_id=?
update picture set spot_id=287, url='java.io.StringReader@54d8774c' where picture_id=938;
2022-10-10 14:33:47.120  INFO 4460 --- [    Test worker] p6spy                                    : #1665380027120 | took 0ms | statement | connection 22| url jdbc:h2:mem:ad3a9e80-f26d-4a3e-9691-17f803db5723
update picture set spot_id=?, url=? where picture_id=?
update picture set spot_id=287, url='java.io.StringReader@407c974c' where picture_id=939;
2022-10-10 14:33:47.120  INFO 4460 --- [    Test worker] p6spy                                    : #1665380027120 | took 0ms | statement | connection 22| url jdbc:h2:mem:ad3a9e80-f26d-4a3e-9691-17f803db5723
update picture set spot_id=?, url=? where picture_id=?
update picture set spot_id=288, url='java.io.StringReader@3982832f' where picture_id=941;
2022-10-10 14:33:47.120  INFO 4460 --- [    Test worker] p6spy                                    : #1665380027120 | took 0ms | statement | connection 22| url jdbc:h2:mem:ad3a9e80-f26d-4a3e-9691-17f803db5723
update picture set spot_id=?, url=? where picture_id=?
update picture set spot_id=288, url='java.io.StringReader@eabde6e' where picture_id=942;
2022-10-10 14:33:47.120  INFO 4460 --- [    Test worker] p6spy                                    : #1665380027120 | took 0ms | statement | connection 22| url jdbc:h2:mem:ad3a9e80-f26d-4a3e-9691-17f803db5723
update picture set spot_id=?, url=? where picture_id=?
update picture set spot_id=288, url='java.io.StringReader@2351bf67' where picture_id=943;
2022-10-10 14:33:47.120  INFO 4460 --- [    Test worker] p6spy                                    : #1665380027120 | took 0ms | statement | connection 22| url jdbc:h2:mem:ad3a9e80-f26d-4a3e-9691-17f803db5723
update picture set spot_id=?, url=? where picture_id=?
update picture set spot_id=289, url='java.io.StringReader@45e68bfa' where picture_id=945;
2022-10-10 14:33:47.120  INFO 4460 --- [    Test worker] p6spy                                    : #1665380027120 | took 0ms | statement | connection 22| url jdbc:h2:mem:ad3a9e80-f26d-4a3e-9691-17f803db5723
update picture set spot_id=?, url=? where picture_id=?
update picture set spot_id=289, url='java.io.StringReader@5afc307c' where picture_id=946;
2022-10-10 14:33:47.120  INFO 4460 --- [    Test worker] p6spy                                    : #1665380027120 | took 0ms | statement | connection 22| url jdbc:h2:mem:ad3a9e80-f26d-4a3e-9691-17f803db5723
update picture set spot_id=?, url=? where picture_id=?
update picture set spot_id=289, url='java.io.StringReader@45f4a0ee' where picture_id=947;
2022-10-10 14:33:47.120  INFO 4460 --- [    Test worker] p6spy                                    : #1665380027120 | took 0ms | statement | connection 22| url jdbc:h2:mem:ad3a9e80-f26d-4a3e-9691-17f803db5723
update picture set spot_id=?, url=? where picture_id=?
update picture set spot_id=290, url='java.io.StringReader@566095d9' where picture_id=949;
2022-10-10 14:33:47.120  INFO 4460 --- [    Test worker] p6spy                                    : #1665380027120 | took 0ms | statement | connection 22| url jdbc:h2:mem:ad3a9e80-f26d-4a3e-9691-17f803db5723
update picture set spot_id=?, url=? where picture_id=?
update picture set spot_id=290, url='java.io.StringReader@1fa60b25' where picture_id=950;
2022-10-10 14:33:47.121  INFO 4460 --- [    Test worker] p6spy                                    : #1665380027121 | took 0ms | statement | connection 22| url jdbc:h2:mem:ad3a9e80-f26d-4a3e-9691-17f803db5723
update picture set spot_id=?, url=? where picture_id=?
update picture set spot_id=290, url='java.io.StringReader@1d3727b8' where picture_id=951;
2022-10-10 14:33:47.121  INFO 4460 --- [    Test worker] p6spy                                    : #1665380027121 | took 0ms | statement | connection 22| url jdbc:h2:mem:ad3a9e80-f26d-4a3e-9691-17f803db5723
update picture set spot_id=?, url=? where picture_id=?
update picture set spot_id=291, url='java.io.StringReader@423457ce' where picture_id=953;
2022-10-10 14:33:47.121  INFO 4460 --- [    Test worker] p6spy                                    : #1665380027121 | took 0ms | statement | connection 22| url jdbc:h2:mem:ad3a9e80-f26d-4a3e-9691-17f803db5723
update picture set spot_id=?, url=? where picture_id=?
update picture set spot_id=291, url='java.io.StringReader@30b1f83' where picture_id=954;
2022-10-10 14:33:47.121  INFO 4460 --- [    Test worker] p6spy                                    : #1665380027121 | took 0ms | statement | connection 22| url jdbc:h2:mem:ad3a9e80-f26d-4a3e-9691-17f803db5723
update picture set spot_id=?, url=? where picture_id=?
update picture set spot_id=291, url='java.io.StringReader@5760c212' where picture_id=955;
2022-10-10 14:33:47.121  INFO 4460 --- [    Test worker] p6spy                                    : #1665380027121 | took 0ms | statement | connection 22| url jdbc:h2:mem:ad3a9e80-f26d-4a3e-9691-17f803db5723
update picture set spot_id=?, url=? where picture_id=?
update picture set spot_id=292, url='java.io.StringReader@228807bd' where picture_id=957;
2022-10-10 14:33:47.121  INFO 4460 --- [    Test worker] p6spy                                    : #1665380027121 | took 0ms | statement | connection 22| url jdbc:h2:mem:ad3a9e80-f26d-4a3e-9691-17f803db5723
update picture set spot_id=?, url=? where picture_id=?
update picture set spot_id=292, url='java.io.StringReader@25d03e6' where picture_id=958;
2022-10-10 14:33:47.121  INFO 4460 --- [    Test worker] p6spy                                    : #1665380027121 | took 0ms | statement | connection 22| url jdbc:h2:mem:ad3a9e80-f26d-4a3e-9691-17f803db5723
update picture set spot_id=?, url=? where picture_id=?
update picture set spot_id=292, url='java.io.StringReader@2f97c35a' where picture_id=959;
2022-10-10 14:33:47.121  INFO 4460 --- [    Test worker] p6spy                                    : #1665380027121 | took 0ms | statement | connection 22| url jdbc:h2:mem:ad3a9e80-f26d-4a3e-9691-17f803db5723
update picture set spot_id=?, url=? where picture_id=?
update picture set spot_id=293, url='java.io.StringReader@35eba4d8' where picture_id=961;
2022-10-10 14:33:47.121  INFO 4460 --- [    Test worker] p6spy                                    : #1665380027121 | took 0ms | statement | connection 22| url jdbc:h2:mem:ad3a9e80-f26d-4a3e-9691-17f803db5723
update picture set spot_id=?, url=? where picture_id=?
update picture set spot_id=293, url='java.io.StringReader@42657f8' where picture_id=962;
2022-10-10 14:33:47.121  INFO 4460 --- [    Test worker] p6spy                                    : #1665380027121 | took 0ms | statement | connection 22| url jdbc:h2:mem:ad3a9e80-f26d-4a3e-9691-17f803db5723
update picture set spot_id=?, url=? where picture_id=?
update picture set spot_id=293, url='java.io.StringReader@2a9f2f11' where picture_id=963;
2022-10-10 14:33:47.121  INFO 4460 --- [    Test worker] p6spy                                    : #1665380027121 | took 0ms | statement | connection 22| url jdbc:h2:mem:ad3a9e80-f26d-4a3e-9691-17f803db5723
update picture set spot_id=?, url=? where picture_id=?
update picture set spot_id=294, url='java.io.StringReader@2ee6573e' where picture_id=965;
2022-10-10 14:33:47.121  INFO 4460 --- [    Test worker] p6spy                                    : #1665380027121 | took 0ms | statement | connection 22| url jdbc:h2:mem:ad3a9e80-f26d-4a3e-9691-17f803db5723
update picture set spot_id=?, url=? where picture_id=?
update picture set spot_id=294, url='java.io.StringReader@bcb4c2e' where picture_id=966;
2022-10-10 14:33:47.121  INFO 4460 --- [    Test worker] p6spy                                    : #1665380027121 | took 0ms | statement | connection 22| url jdbc:h2:mem:ad3a9e80-f26d-4a3e-9691-17f803db5723
update picture set spot_id=?, url=? where picture_id=?
update picture set spot_id=294, url='java.io.StringReader@1b6df63c' where picture_id=967;
2022-10-10 14:33:47.121  INFO 4460 --- [    Test worker] p6spy                                    : #1665380027121 | took 0ms | statement | connection 22| url jdbc:h2:mem:ad3a9e80-f26d-4a3e-9691-17f803db5723
update picture set spot_id=?, url=? where picture_id=?
update picture set spot_id=295, url='java.io.StringReader@6fe2da0c' where picture_id=969;
2022-10-10 14:33:47.121  INFO 4460 --- [    Test worker] p6spy                                    : #1665380027121 | took 0ms | statement | connection 22| url jdbc:h2:mem:ad3a9e80-f26d-4a3e-9691-17f803db5723
update picture set spot_id=?, url=? where picture_id=?
update picture set spot_id=295, url='java.io.StringReader@6e71c9dc' where picture_id=970;
2022-10-10 14:33:47.121  INFO 4460 --- [    Test worker] p6spy                                    : #1665380027121 | took 0ms | statement | connection 22| url jdbc:h2:mem:ad3a9e80-f26d-4a3e-9691-17f803db5723
update picture set spot_id=?, url=? where picture_id=?
update picture set spot_id=295, url='java.io.StringReader@7b7fa640' where picture_id=971;
2022-10-10 14:33:47.121  INFO 4460 --- [    Test worker] p6spy                                    : #1665380027121 | took 0ms | statement | connection 22| url jdbc:h2:mem:ad3a9e80-f26d-4a3e-9691-17f803db5723
update picture set spot_id=?, url=? where picture_id=?
update picture set spot_id=296, url='java.io.StringReader@5f284d00' where picture_id=973;
2022-10-10 14:33:47.121  INFO 4460 --- [    Test worker] p6spy                                    : #1665380027121 | took 0ms | statement | connection 22| url jdbc:h2:mem:ad3a9e80-f26d-4a3e-9691-17f803db5723
update picture set spot_id=?, url=? where picture_id=?
update picture set spot_id=296, url='java.io.StringReader@7816426c' where picture_id=974;
2022-10-10 14:33:47.121  INFO 4460 --- [    Test worker] p6spy                                    : #1665380027121 | took 0ms | statement | connection 22| url jdbc:h2:mem:ad3a9e80-f26d-4a3e-9691-17f803db5723
update picture set spot_id=?, url=? where picture_id=?
update picture set spot_id=296, url='java.io.StringReader@8b8e526' where picture_id=975;
2022-10-10 14:33:47.121  INFO 4460 --- [    Test worker] p6spy                                    : #1665380027121 | took 0ms | statement | connection 22| url jdbc:h2:mem:ad3a9e80-f26d-4a3e-9691-17f803db5723
update picture set spot_id=?, url=? where picture_id=?
update picture set spot_id=297, url='java.io.StringReader@1ab1e83a' where picture_id=977;
2022-10-10 14:33:47.121  INFO 4460 --- [    Test worker] p6spy                                    : #1665380027121 | took 0ms | statement | connection 22| url jdbc:h2:mem:ad3a9e80-f26d-4a3e-9691-17f803db5723
update picture set spot_id=?, url=? where picture_id=?
update picture set spot_id=297, url='java.io.StringReader@103236a2' where picture_id=978;
2022-10-10 14:33:47.121  INFO 4460 --- [    Test worker] p6spy                                    : #1665380027121 | took 0ms | statement | connection 22| url jdbc:h2:mem:ad3a9e80-f26d-4a3e-9691-17f803db5723
update picture set spot_id=?, url=? where picture_id=?
update picture set spot_id=297, url='java.io.StringReader@747f6990' where picture_id=979;
2022-10-10 14:33:47.121  INFO 4460 --- [    Test worker] p6spy                                    : #1665380027121 | took 0ms | statement | connection 22| url jdbc:h2:mem:ad3a9e80-f26d-4a3e-9691-17f803db5723
update picture set spot_id=?, url=? where picture_id=?
update picture set spot_id=298, url='java.io.StringReader@19fe6f97' where picture_id=981;
2022-10-10 14:33:47.121  INFO 4460 --- [    Test worker] p6spy                                    : #1665380027121 | took 0ms | statement | connection 22| url jdbc:h2:mem:ad3a9e80-f26d-4a3e-9691-17f803db5723
update picture set spot_id=?, url=? where picture_id=?
update picture set spot_id=298, url='java.io.StringReader@19cad31e' where picture_id=982;
2022-10-10 14:33:47.121  INFO 4460 --- [    Test worker] p6spy                                    : #1665380027121 | took 0ms | statement | connection 22| url jdbc:h2:mem:ad3a9e80-f26d-4a3e-9691-17f803db5723
update picture set spot_id=?, url=? where picture_id=?
update picture set spot_id=298, url='java.io.StringReader@7879731a' where picture_id=983;
2022-10-10 14:33:47.121  INFO 4460 --- [    Test worker] p6spy                                    : #1665380027121 | took 0ms | statement | connection 22| url jdbc:h2:mem:ad3a9e80-f26d-4a3e-9691-17f803db5723
update picture set spot_id=?, url=? where picture_id=?
update picture set spot_id=299, url='java.io.StringReader@71a42216' where picture_id=985;
2022-10-10 14:33:47.122  INFO 4460 --- [    Test worker] p6spy                                    : #1665380027122 | took 0ms | statement | connection 22| url jdbc:h2:mem:ad3a9e80-f26d-4a3e-9691-17f803db5723
update picture set spot_id=?, url=? where picture_id=?
update picture set spot_id=299, url='java.io.StringReader@7e3cc762' where picture_id=986;
2022-10-10 14:33:47.122  INFO 4460 --- [    Test worker] p6spy                                    : #1665380027122 | took 0ms | statement | connection 22| url jdbc:h2:mem:ad3a9e80-f26d-4a3e-9691-17f803db5723
update picture set spot_id=?, url=? where picture_id=?
update picture set spot_id=299, url='java.io.StringReader@3eaa23' where picture_id=987;
2022-10-10 14:33:47.122  INFO 4460 --- [    Test worker] p6spy                                    : #1665380027122 | took 0ms | statement | connection 22| url jdbc:h2:mem:ad3a9e80-f26d-4a3e-9691-17f803db5723
update picture set spot_id=?, url=? where picture_id=?
update picture set spot_id=300, url='java.io.StringReader@6147ff01' where picture_id=989;
2022-10-10 14:33:47.122  INFO 4460 --- [    Test worker] p6spy                                    : #1665380027122 | took 0ms | statement | connection 22| url jdbc:h2:mem:ad3a9e80-f26d-4a3e-9691-17f803db5723
update picture set spot_id=?, url=? where picture_id=?
update picture set spot_id=300, url='java.io.StringReader@f95a28' where picture_id=990;
2022-10-10 14:33:47.122  INFO 4460 --- [    Test worker] p6spy                                    : #1665380027122 | took 0ms | statement | connection 22| url jdbc:h2:mem:ad3a9e80-f26d-4a3e-9691-17f803db5723
update picture set spot_id=?, url=? where picture_id=?
update picture set spot_id=300, url='java.io.StringReader@39c830cb' where picture_id=991;
2022-10-10 14:33:47.122  INFO 4460 --- [    Test worker] p6spy                                    : #1665380027122 | took 0ms | statement | connection 22| url jdbc:h2:mem:ad3a9e80-f26d-4a3e-9691-17f803db5723
update picture set spot_id=?, url=? where picture_id=?
update picture set spot_id=301, url='java.io.StringReader@5ac49efb' where picture_id=993;
2022-10-10 14:33:47.122  INFO 4460 --- [    Test worker] p6spy                                    : #1665380027122 | took 0ms | statement | connection 22| url jdbc:h2:mem:ad3a9e80-f26d-4a3e-9691-17f803db5723
update picture set spot_id=?, url=? where picture_id=?
update picture set spot_id=301, url='java.io.StringReader@26381009' where picture_id=994;
2022-10-10 14:33:47.122  INFO 4460 --- [    Test worker] p6spy                                    : #1665380027122 | took 0ms | statement | connection 22| url jdbc:h2:mem:ad3a9e80-f26d-4a3e-9691-17f803db5723
update picture set spot_id=?, url=? where picture_id=?
update picture set spot_id=301, url='java.io.StringReader@549159ad' where picture_id=995;
2022-10-10 14:33:47.122  INFO 4460 --- [    Test worker] p6spy                                    : #1665380027122 | took 0ms | statement | connection 22| url jdbc:h2:mem:ad3a9e80-f26d-4a3e-9691-17f803db5723
update picture set spot_id=?, url=? where picture_id=?
update picture set spot_id=302, url='java.io.StringReader@1dba2100' where picture_id=997;
2022-10-10 14:33:47.122  INFO 4460 --- [    Test worker] p6spy                                    : #1665380027122 | took 0ms | statement | connection 22| url jdbc:h2:mem:ad3a9e80-f26d-4a3e-9691-17f803db5723
update picture set spot_id=?, url=? where picture_id=?
update picture set spot_id=302, url='java.io.StringReader@3d5edd7' where picture_id=998;
2022-10-10 14:33:47.122  INFO 4460 --- [    Test worker] p6spy                                    : #1665380027122 | took 0ms | statement | connection 22| url jdbc:h2:mem:ad3a9e80-f26d-4a3e-9691-17f803db5723
update picture set spot_id=?, url=? where picture_id=?
update picture set spot_id=302, url='java.io.StringReader@3e709353' where picture_id=999;
2022-10-10 14:33:47.122  INFO 4460 --- [    Test worker] p6spy                                    : #1665380027122 | took 0ms | statement | connection 22| url jdbc:h2:mem:ad3a9e80-f26d-4a3e-9691-17f803db5723
update picture set spot_id=?, url=? where picture_id=?
update picture set spot_id=303, url='java.io.StringReader@274f16c7' where picture_id=1001;
2022-10-10 14:33:47.122  INFO 4460 --- [    Test worker] p6spy                                    : #1665380027122 | took 0ms | statement | connection 22| url jdbc:h2:mem:ad3a9e80-f26d-4a3e-9691-17f803db5723
update picture set spot_id=?, url=? where picture_id=?
update picture set spot_id=303, url='java.io.StringReader@7f7de2d4' where picture_id=1002;
2022-10-10 14:33:47.122  INFO 4460 --- [    Test worker] p6spy                                    : #1665380027122 | took 0ms | statement | connection 22| url jdbc:h2:mem:ad3a9e80-f26d-4a3e-9691-17f803db5723
update picture set spot_id=?, url=? where picture_id=?
update picture set spot_id=303, url='java.io.StringReader@7b58475e' where picture_id=1003;
2022-10-10 14:33:47.122  INFO 4460 --- [    Test worker] p6spy                                    : #1665380027122 | took 0ms | statement | connection 22| url jdbc:h2:mem:ad3a9e80-f26d-4a3e-9691-17f803db5723
update picture set spot_id=?, url=? where picture_id=?
update picture set spot_id=304, url='java.io.StringReader@745cb3aa' where picture_id=1005;
2022-10-10 14:33:47.122  INFO 4460 --- [    Test worker] p6spy                                    : #1665380027122 | took 0ms | statement | connection 22| url jdbc:h2:mem:ad3a9e80-f26d-4a3e-9691-17f803db5723
update picture set spot_id=?, url=? where picture_id=?
update picture set spot_id=304, url='java.io.StringReader@ca129b5' where picture_id=1006;
2022-10-10 14:33:47.122  INFO 4460 --- [    Test worker] p6spy                                    : #1665380027122 | took 0ms | statement | connection 22| url jdbc:h2:mem:ad3a9e80-f26d-4a3e-9691-17f803db5723
update picture set spot_id=?, url=? where picture_id=?
update picture set spot_id=304, url='java.io.StringReader@76e14d07' where picture_id=1007;
2022-10-10 14:33:47.122  INFO 4460 --- [    Test worker] p6spy                                    : #1665380027122 | took 0ms | statement | connection 22| url jdbc:h2:mem:ad3a9e80-f26d-4a3e-9691-17f803db5723
update picture set spot_id=?, url=? where picture_id=?
update picture set spot_id=305, url='java.io.StringReader@7588d46f' where picture_id=1009;
2022-10-10 14:33:47.122  INFO 4460 --- [    Test worker] p6spy                                    : #1665380027122 | took 0ms | statement | connection 22| url jdbc:h2:mem:ad3a9e80-f26d-4a3e-9691-17f803db5723
update picture set spot_id=?, url=? where picture_id=?
update picture set spot_id=305, url='java.io.StringReader@5bca3ba6' where picture_id=1010;
2022-10-10 14:33:47.122  INFO 4460 --- [    Test worker] p6spy                                    : #1665380027122 | took 0ms | statement | connection 22| url jdbc:h2:mem:ad3a9e80-f26d-4a3e-9691-17f803db5723
update picture set spot_id=?, url=? where picture_id=?
update picture set spot_id=305, url='java.io.StringReader@2097dc16' where picture_id=1011;
2022-10-10 14:33:47.122  INFO 4460 --- [    Test worker] p6spy                                    : #1665380027122 | took 0ms | statement | connection 22| url jdbc:h2:mem:ad3a9e80-f26d-4a3e-9691-17f803db5723
update picture set spot_id=?, url=? where picture_id=?
update picture set spot_id=306, url='java.io.StringReader@49b99' where picture_id=1013;
2022-10-10 14:33:47.122  INFO 4460 --- [    Test worker] p6spy                                    : #1665380027122 | took 0ms | statement | connection 22| url jdbc:h2:mem:ad3a9e80-f26d-4a3e-9691-17f803db5723
update picture set spot_id=?, url=? where picture_id=?
update picture set spot_id=306, url='java.io.StringReader@7006e4c6' where picture_id=1014;
2022-10-10 14:33:47.123  INFO 4460 --- [    Test worker] p6spy                                    : #1665380027123 | took 0ms | statement | connection 22| url jdbc:h2:mem:ad3a9e80-f26d-4a3e-9691-17f803db5723
update picture set spot_id=?, url=? where picture_id=?
update picture set spot_id=306, url='java.io.StringReader@49c96044' where picture_id=1015;
2022-10-10 14:33:47.123  INFO 4460 --- [    Test worker] p6spy                                    : #1665380027123 | took 0ms | statement | connection 22| url jdbc:h2:mem:ad3a9e80-f26d-4a3e-9691-17f803db5723
update picture set spot_id=?, url=? where picture_id=?
update picture set spot_id=307, url='java.io.StringReader@2142ab69' where picture_id=1017;
2022-10-10 14:33:47.123  INFO 4460 --- [    Test worker] p6spy                                    : #1665380027123 | took 0ms | statement | connection 22| url jdbc:h2:mem:ad3a9e80-f26d-4a3e-9691-17f803db5723
update picture set spot_id=?, url=? where picture_id=?
update picture set spot_id=307, url='java.io.StringReader@74f41fd2' where picture_id=1018;
2022-10-10 14:33:47.123  INFO 4460 --- [    Test worker] p6spy                                    : #1665380027123 | took 0ms | statement | connection 22| url jdbc:h2:mem:ad3a9e80-f26d-4a3e-9691-17f803db5723
update picture set spot_id=?, url=? where picture_id=?
update picture set spot_id=307, url='java.io.StringReader@3ca962eb' where picture_id=1019;
2022-10-10 14:33:47.123  INFO 4460 --- [    Test worker] p6spy                                    : #1665380027123 | took 0ms | statement | connection 22| url jdbc:h2:mem:ad3a9e80-f26d-4a3e-9691-17f803db5723
update picture set spot_id=?, url=? where picture_id=?
update picture set spot_id=308, url='java.io.StringReader@2a6a0343' where picture_id=1021;
2022-10-10 14:33:47.123  INFO 4460 --- [    Test worker] p6spy                                    : #1665380027123 | took 0ms | statement | connection 22| url jdbc:h2:mem:ad3a9e80-f26d-4a3e-9691-17f803db5723
update picture set spot_id=?, url=? where picture_id=?
update picture set spot_id=308, url='java.io.StringReader@7a540616' where picture_id=1022;
2022-10-10 14:33:47.123  INFO 4460 --- [    Test worker] p6spy                                    : #1665380027123 | took 0ms | statement | connection 22| url jdbc:h2:mem:ad3a9e80-f26d-4a3e-9691-17f803db5723
update picture set spot_id=?, url=? where picture_id=?
update picture set spot_id=308, url='java.io.StringReader@70c969a7' where picture_id=1023;
2022-10-10 14:33:47.123  INFO 4460 --- [    Test worker] p6spy                                    : #1665380027123 | took 0ms | statement | connection 22| url jdbc:h2:mem:ad3a9e80-f26d-4a3e-9691-17f803db5723
update picture set spot_id=?, url=? where picture_id=?
update picture set spot_id=309, url='java.io.StringReader@22f05d01' where picture_id=1025;
2022-10-10 14:33:47.123  INFO 4460 --- [    Test worker] p6spy                                    : #1665380027123 | took 0ms | statement | connection 22| url jdbc:h2:mem:ad3a9e80-f26d-4a3e-9691-17f803db5723
update picture set spot_id=?, url=? where picture_id=?
update picture set spot_id=309, url='java.io.StringReader@de63894' where picture_id=1026;
2022-10-10 14:33:47.123  INFO 4460 --- [    Test worker] p6spy                                    : #1665380027123 | took 0ms | statement | connection 22| url jdbc:h2:mem:ad3a9e80-f26d-4a3e-9691-17f803db5723
update picture set spot_id=?, url=? where picture_id=?
update picture set spot_id=309, url='java.io.StringReader@4baa45cf' where picture_id=1027;
2022-10-10 14:33:47.123  INFO 4460 --- [    Test worker] p6spy                                    : #1665380027123 | took 0ms | statement | connection 22| url jdbc:h2:mem:ad3a9e80-f26d-4a3e-9691-17f803db5723
update picture set spot_id=?, url=? where picture_id=?
update picture set spot_id=310, url='java.io.StringReader@78ae72f6' where picture_id=1029;
2022-10-10 14:33:47.123  INFO 4460 --- [    Test worker] p6spy                                    : #1665380027123 | took 0ms | statement | connection 22| url jdbc:h2:mem:ad3a9e80-f26d-4a3e-9691-17f803db5723
update picture set spot_id=?, url=? where picture_id=?
update picture set spot_id=310, url='java.io.StringReader@2a75b9ec' where picture_id=1030;
2022-10-10 14:33:47.123  INFO 4460 --- [    Test worker] p6spy                                    : #1665380027123 | took 0ms | statement | connection 22| url jdbc:h2:mem:ad3a9e80-f26d-4a3e-9691-17f803db5723
update picture set spot_id=?, url=? where picture_id=?
update picture set spot_id=310, url='java.io.StringReader@4e1cc48b' where picture_id=1031;
2022-10-10 14:33:47.123  INFO 4460 --- [    Test worker] p6spy                                    : #1665380027123 | took 0ms | statement | connection 22| url jdbc:h2:mem:ad3a9e80-f26d-4a3e-9691-17f803db5723
update picture set spot_id=?, url=? where picture_id=?
update picture set spot_id=311, url='java.io.StringReader@615e6a05' where picture_id=1033;
2022-10-10 14:33:47.123  INFO 4460 --- [    Test worker] p6spy                                    : #1665380027123 | took 0ms | statement | connection 22| url jdbc:h2:mem:ad3a9e80-f26d-4a3e-9691-17f803db5723
update picture set spot_id=?, url=? where picture_id=?
update picture set spot_id=311, url='java.io.StringReader@25b20814' where picture_id=1034;
2022-10-10 14:33:47.123  INFO 4460 --- [    Test worker] p6spy                                    : #1665380027123 | took 0ms | statement | connection 22| url jdbc:h2:mem:ad3a9e80-f26d-4a3e-9691-17f803db5723
update picture set spot_id=?, url=? where picture_id=?
update picture set spot_id=311, url='java.io.StringReader@5d2ded' where picture_id=1035;
2022-10-10 14:33:47.123  INFO 4460 --- [    Test worker] p6spy                                    : #1665380027123 | took 0ms | statement | connection 22| url jdbc:h2:mem:ad3a9e80-f26d-4a3e-9691-17f803db5723
update picture set spot_id=?, url=? where picture_id=?
update picture set spot_id=312, url='java.io.StringReader@10ecd658' where picture_id=1037;
2022-10-10 14:33:47.123  INFO 4460 --- [    Test worker] p6spy                                    : #1665380027123 | took 0ms | statement | connection 22| url jdbc:h2:mem:ad3a9e80-f26d-4a3e-9691-17f803db5723
update picture set spot_id=?, url=? where picture_id=?
update picture set spot_id=312, url='java.io.StringReader@36a5aa20' where picture_id=1038;
2022-10-10 14:33:47.123  INFO 4460 --- [    Test worker] p6spy                                    : #1665380027123 | took 0ms | statement | connection 22| url jdbc:h2:mem:ad3a9e80-f26d-4a3e-9691-17f803db5723
update picture set spot_id=?, url=? where picture_id=?
update picture set spot_id=312, url='java.io.StringReader@3f6a96be' where picture_id=1039;
2022-10-10 14:33:47.123  INFO 4460 --- [    Test worker] p6spy                                    : #1665380027123 | took 0ms | statement | connection 22| url jdbc:h2:mem:ad3a9e80-f26d-4a3e-9691-17f803db5723
update picture set spot_id=?, url=? where picture_id=?
update picture set spot_id=313, url='java.io.StringReader@37559504' where picture_id=1041;
2022-10-10 14:33:47.123  INFO 4460 --- [    Test worker] p6spy                                    : #1665380027123 | took 0ms | statement | connection 22| url jdbc:h2:mem:ad3a9e80-f26d-4a3e-9691-17f803db5723
update picture set spot_id=?, url=? where picture_id=?
update picture set spot_id=313, url='java.io.StringReader@60330fc6' where picture_id=1042;
2022-10-10 14:33:47.123  INFO 4460 --- [    Test worker] p6spy                                    : #1665380027123 | took 0ms | statement | connection 22| url jdbc:h2:mem:ad3a9e80-f26d-4a3e-9691-17f803db5723
update picture set spot_id=?, url=? where picture_id=?
update picture set spot_id=313, url='java.io.StringReader@1865249c' where picture_id=1043;
2022-10-10 14:33:47.123  INFO 4460 --- [    Test worker] p6spy                                    : #1665380027123 | took 0ms | statement | connection 22| url jdbc:h2:mem:ad3a9e80-f26d-4a3e-9691-17f803db5723
update picture set spot_id=?, url=? where picture_id=?
update picture set spot_id=314, url='java.io.StringReader@5866ae69' where picture_id=1045;
2022-10-10 14:33:47.123  INFO 4460 --- [    Test worker] p6spy                                    : #1665380027123 | took 0ms | statement | connection 22| url jdbc:h2:mem:ad3a9e80-f26d-4a3e-9691-17f803db5723
update picture set spot_id=?, url=? where picture_id=?
update picture set spot_id=314, url='java.io.StringReader@19e015b2' where picture_id=1046;
2022-10-10 14:33:47.123  INFO 4460 --- [    Test worker] p6spy                                    : #1665380027123 | took 0ms | statement | connection 22| url jdbc:h2:mem:ad3a9e80-f26d-4a3e-9691-17f803db5723
update picture set spot_id=?, url=? where picture_id=?
update picture set spot_id=314, url='java.io.StringReader@7d314e63' where picture_id=1047;
2022-10-10 14:33:47.123  INFO 4460 --- [    Test worker] p6spy                                    : #1665380027123 | took 0ms | statement | connection 22| url jdbc:h2:mem:ad3a9e80-f26d-4a3e-9691-17f803db5723
update picture set spot_id=?, url=? where picture_id=?
update picture set spot_id=315, url='java.io.StringReader@2058633e' where picture_id=1049;
2022-10-10 14:33:47.123  INFO 4460 --- [    Test worker] p6spy                                    : #1665380027123 | took 0ms | statement | connection 22| url jdbc:h2:mem:ad3a9e80-f26d-4a3e-9691-17f803db5723
update picture set spot_id=?, url=? where picture_id=?
update picture set spot_id=315, url='java.io.StringReader@2c7e1fce' where picture_id=1050;
2022-10-10 14:33:47.123  INFO 4460 --- [    Test worker] p6spy                                    : #1665380027123 | took 0ms | statement | connection 22| url jdbc:h2:mem:ad3a9e80-f26d-4a3e-9691-17f803db5723
update picture set spot_id=?, url=? where picture_id=?
update picture set spot_id=315, url='java.io.StringReader@241c6c56' where picture_id=1051;
2022-10-10 14:33:47.124  INFO 4460 --- [    Test worker] p6spy                                    : #1665380027124 | took 0ms | statement | connection 22| url jdbc:h2:mem:ad3a9e80-f26d-4a3e-9691-17f803db5723
update picture set spot_id=?, url=? where picture_id=?
update picture set spot_id=316, url='java.io.StringReader@efb30da' where picture_id=1053;
2022-10-10 14:33:47.124  INFO 4460 --- [    Test worker] p6spy                                    : #1665380027124 | took 0ms | statement | connection 22| url jdbc:h2:mem:ad3a9e80-f26d-4a3e-9691-17f803db5723
update picture set spot_id=?, url=? where picture_id=?
update picture set spot_id=316, url='java.io.StringReader@773e5a18' where picture_id=1054;
2022-10-10 14:33:47.124  INFO 4460 --- [    Test worker] p6spy                                    : #1665380027124 | took 0ms | statement | connection 22| url jdbc:h2:mem:ad3a9e80-f26d-4a3e-9691-17f803db5723
update picture set spot_id=?, url=? where picture_id=?
update picture set spot_id=316, url='java.io.StringReader@92b6b6f' where picture_id=1055;
2022-10-10 14:33:47.124  INFO 4460 --- [    Test worker] p6spy                                    : #1665380027124 | took 0ms | statement | connection 22| url jdbc:h2:mem:ad3a9e80-f26d-4a3e-9691-17f803db5723
update picture set spot_id=?, url=? where picture_id=?
update picture set spot_id=317, url='java.io.StringReader@50f7521d' where picture_id=1057;
2022-10-10 14:33:47.124  INFO 4460 --- [    Test worker] p6spy                                    : #1665380027124 | took 0ms | statement | connection 22| url jdbc:h2:mem:ad3a9e80-f26d-4a3e-9691-17f803db5723
update picture set spot_id=?, url=? where picture_id=?
update picture set spot_id=317, url='java.io.StringReader@30524cdf' where picture_id=1058;
2022-10-10 14:33:47.124  INFO 4460 --- [    Test worker] p6spy                                    : #1665380027124 | took 0ms | statement | connection 22| url jdbc:h2:mem:ad3a9e80-f26d-4a3e-9691-17f803db5723
update picture set spot_id=?, url=? where picture_id=?
update picture set spot_id=317, url='java.io.StringReader@69d58b75' where picture_id=1059;
2022-10-10 14:33:47.124  INFO 4460 --- [    Test worker] p6spy                                    : #1665380027124 | took 0ms | statement | connection 22| url jdbc:h2:mem:ad3a9e80-f26d-4a3e-9691-17f803db5723
update picture set spot_id=?, url=? where picture_id=?
update picture set spot_id=318, url='java.io.StringReader@20286a6b' where picture_id=1061;
2022-10-10 14:33:47.124  INFO 4460 --- [    Test worker] p6spy                                    : #1665380027124 | took 0ms | statement | connection 22| url jdbc:h2:mem:ad3a9e80-f26d-4a3e-9691-17f803db5723
update picture set spot_id=?, url=? where picture_id=?
update picture set spot_id=318, url='java.io.StringReader@7b9359ca' where picture_id=1062;
2022-10-10 14:33:47.124  INFO 4460 --- [    Test worker] p6spy                                    : #1665380027124 | took 0ms | statement | connection 22| url jdbc:h2:mem:ad3a9e80-f26d-4a3e-9691-17f803db5723
update picture set spot_id=?, url=? where picture_id=?
update picture set spot_id=318, url='java.io.StringReader@73413f9a' where picture_id=1063;
2022-10-10 14:33:47.124  INFO 4460 --- [    Test worker] p6spy                                    : #1665380027124 | took 0ms | statement | connection 22| url jdbc:h2:mem:ad3a9e80-f26d-4a3e-9691-17f803db5723
update picture set spot_id=?, url=? where picture_id=?
update picture set spot_id=319, url='java.io.StringReader@3c9e7377' where picture_id=1065;
2022-10-10 14:33:47.124  INFO 4460 --- [    Test worker] p6spy                                    : #1665380027124 | took 0ms | statement | connection 22| url jdbc:h2:mem:ad3a9e80-f26d-4a3e-9691-17f803db5723
update picture set spot_id=?, url=? where picture_id=?
update picture set spot_id=319, url='java.io.StringReader@387759f7' where picture_id=1066;
2022-10-10 14:33:47.124  INFO 4460 --- [    Test worker] p6spy                                    : #1665380027124 | took 0ms | statement | connection 22| url jdbc:h2:mem:ad3a9e80-f26d-4a3e-9691-17f803db5723
update picture set spot_id=?, url=? where picture_id=?
update picture set spot_id=319, url='java.io.StringReader@95602c9' where picture_id=1067;
2022-10-10 14:33:47.124  INFO 4460 --- [    Test worker] p6spy                                    : #1665380027124 | took 0ms | statement | connection 22| url jdbc:h2:mem:ad3a9e80-f26d-4a3e-9691-17f803db5723
update picture set spot_id=?, url=? where picture_id=?
update picture set spot_id=320, url='java.io.StringReader@febc56f' where picture_id=1069;
2022-10-10 14:33:47.124  INFO 4460 --- [    Test worker] p6spy                                    : #1665380027124 | took 0ms | statement | connection 22| url jdbc:h2:mem:ad3a9e80-f26d-4a3e-9691-17f803db5723
update picture set spot_id=?, url=? where picture_id=?
update picture set spot_id=320, url='java.io.StringReader@5dfeb2e3' where picture_id=1070;
2022-10-10 14:33:47.124  INFO 4460 --- [    Test worker] p6spy                                    : #1665380027124 | took 0ms | statement | connection 22| url jdbc:h2:mem:ad3a9e80-f26d-4a3e-9691-17f803db5723
update picture set spot_id=?, url=? where picture_id=?
update picture set spot_id=320, url='java.io.StringReader@518cd198' where picture_id=1071;
2022-10-10 14:33:47.124  INFO 4460 --- [    Test worker] p6spy                                    : #1665380027124 | took 0ms | statement | connection 22| url jdbc:h2:mem:ad3a9e80-f26d-4a3e-9691-17f803db5723
update picture set spot_id=?, url=? where picture_id=?
update picture set spot_id=321, url='java.io.StringReader@716075d3' where picture_id=1073;
2022-10-10 14:33:47.124  INFO 4460 --- [    Test worker] p6spy                                    : #1665380027124 | took 0ms | statement | connection 22| url jdbc:h2:mem:ad3a9e80-f26d-4a3e-9691-17f803db5723
update picture set spot_id=?, url=? where picture_id=?
update picture set spot_id=321, url='java.io.StringReader@7577843e' where picture_id=1074;
2022-10-10 14:33:47.124  INFO 4460 --- [    Test worker] p6spy                                    : #1665380027124 | took 0ms | statement | connection 22| url jdbc:h2:mem:ad3a9e80-f26d-4a3e-9691-17f803db5723
update picture set spot_id=?, url=? where picture_id=?
update picture set spot_id=321, url='java.io.StringReader@50829172' where picture_id=1075;
2022-10-10 14:33:47.125  INFO 4460 --- [    Test worker] p6spy                                    : #1665380027125 | took 0ms | statement | connection 22| url jdbc:h2:mem:ad3a9e80-f26d-4a3e-9691-17f803db5723
update picture set spot_id=?, url=? where picture_id=?
update picture set spot_id=322, url='java.io.StringReader@d9d2c3e' where picture_id=1077;
2022-10-10 14:33:47.125  INFO 4460 --- [    Test worker] p6spy                                    : #1665380027125 | took 0ms | statement | connection 22| url jdbc:h2:mem:ad3a9e80-f26d-4a3e-9691-17f803db5723
update picture set spot_id=?, url=? where picture_id=?
update picture set spot_id=322, url='java.io.StringReader@53ee4e18' where picture_id=1078;
2022-10-10 14:33:47.125  INFO 4460 --- [    Test worker] p6spy                                    : #1665380027125 | took 0ms | statement | connection 22| url jdbc:h2:mem:ad3a9e80-f26d-4a3e-9691-17f803db5723
update picture set spot_id=?, url=? where picture_id=?
update picture set spot_id=322, url='java.io.StringReader@886adc3' where picture_id=1079;
2022-10-10 14:33:47.125  INFO 4460 --- [    Test worker] p6spy                                    : #1665380027125 | took 0ms | statement | connection 22| url jdbc:h2:mem:ad3a9e80-f26d-4a3e-9691-17f803db5723
update picture set spot_id=?, url=? where picture_id=?
update picture set spot_id=323, url='java.io.StringReader@5fe45ceb' where picture_id=1081;
2022-10-10 14:33:47.125  INFO 4460 --- [    Test worker] p6spy                                    : #1665380027125 | took 0ms | statement | connection 22| url jdbc:h2:mem:ad3a9e80-f26d-4a3e-9691-17f803db5723
update picture set spot_id=?, url=? where picture_id=?
update picture set spot_id=323, url='java.io.StringReader@4a824deb' where picture_id=1082;
2022-10-10 14:33:47.125  INFO 4460 --- [    Test worker] p6spy                                    : #1665380027125 | took 0ms | statement | connection 22| url jdbc:h2:mem:ad3a9e80-f26d-4a3e-9691-17f803db5723
update picture set spot_id=?, url=? where picture_id=?
update picture set spot_id=323, url='java.io.StringReader@7f941f5a' where picture_id=1083;
2022-10-10 14:33:47.125  INFO 4460 --- [    Test worker] p6spy                                    : #1665380027125 | took 0ms | statement | connection 22| url jdbc:h2:mem:ad3a9e80-f26d-4a3e-9691-17f803db5723
update picture set spot_id=?, url=? where picture_id=?
update picture set spot_id=324, url='java.io.StringReader@2f544e25' where picture_id=1085;
2022-10-10 14:33:47.125  INFO 4460 --- [    Test worker] p6spy                                    : #1665380027125 | took 0ms | statement | connection 22| url jdbc:h2:mem:ad3a9e80-f26d-4a3e-9691-17f803db5723
update picture set spot_id=?, url=? where picture_id=?
update picture set spot_id=324, url='java.io.StringReader@6947e7a9' where picture_id=1086;
2022-10-10 14:33:47.125  INFO 4460 --- [    Test worker] p6spy                                    : #1665380027125 | took 0ms | statement | connection 22| url jdbc:h2:mem:ad3a9e80-f26d-4a3e-9691-17f803db5723
update picture set spot_id=?, url=? where picture_id=?
update picture set spot_id=324, url='java.io.StringReader@7ba87d24' where picture_id=1087;
2022-10-10 14:33:47.125  INFO 4460 --- [    Test worker] p6spy                                    : #1665380027125 | took 0ms | statement | connection 22| url jdbc:h2:mem:ad3a9e80-f26d-4a3e-9691-17f803db5723
update picture set spot_id=?, url=? where picture_id=?
update picture set spot_id=325, url='java.io.StringReader@48fffb84' where picture_id=1089;
2022-10-10 14:33:47.125  INFO 4460 --- [    Test worker] p6spy                                    : #1665380027125 | took 0ms | statement | connection 22| url jdbc:h2:mem:ad3a9e80-f26d-4a3e-9691-17f803db5723
update picture set spot_id=?, url=? where picture_id=?
update picture set spot_id=325, url='java.io.StringReader@7ae87fbe' where picture_id=1090;
2022-10-10 14:33:47.125  INFO 4460 --- [    Test worker] p6spy                                    : #1665380027125 | took 0ms | statement | connection 22| url jdbc:h2:mem:ad3a9e80-f26d-4a3e-9691-17f803db5723
update picture set spot_id=?, url=? where picture_id=?
update picture set spot_id=325, url='java.io.StringReader@189ab1be' where picture_id=1091;
2022-10-10 14:33:47.125  INFO 4460 --- [    Test worker] p6spy                                    : #1665380027125 | took 0ms | statement | connection 22| url jdbc:h2:mem:ad3a9e80-f26d-4a3e-9691-17f803db5723
update picture set spot_id=?, url=? where picture_id=?
update picture set spot_id=326, url='java.io.StringReader@eb10b2' where picture_id=1093;
2022-10-10 14:33:47.125  INFO 4460 --- [    Test worker] p6spy                                    : #1665380027125 | took 0ms | statement | connection 22| url jdbc:h2:mem:ad3a9e80-f26d-4a3e-9691-17f803db5723
update picture set spot_id=?, url=? where picture_id=?
update picture set spot_id=326, url='java.io.StringReader@6cf87ba6' where picture_id=1094;
2022-10-10 14:33:47.125  INFO 4460 --- [    Test worker] p6spy                                    : #1665380027125 | took 0ms | statement | connection 22| url jdbc:h2:mem:ad3a9e80-f26d-4a3e-9691-17f803db5723
update picture set spot_id=?, url=? where picture_id=?
update picture set spot_id=326, url='java.io.StringReader@6ab1860' where picture_id=1095;
2022-10-10 14:33:47.126  INFO 4460 --- [    Test worker] p6spy                                    : #1665380027126 | took 0ms | statement | connection 22| url jdbc:h2:mem:ad3a9e80-f26d-4a3e-9691-17f803db5723
update picture set spot_id=?, url=? where picture_id=?
update picture set spot_id=327, url='java.io.StringReader@7a48e086' where picture_id=1097;
2022-10-10 14:33:47.126  INFO 4460 --- [    Test worker] p6spy                                    : #1665380027126 | took 0ms | statement | connection 22| url jdbc:h2:mem:ad3a9e80-f26d-4a3e-9691-17f803db5723
update picture set spot_id=?, url=? where picture_id=?
update picture set spot_id=327, url='java.io.StringReader@60a4d810' where picture_id=1098;
2022-10-10 14:33:47.126  INFO 4460 --- [    Test worker] p6spy                                    : #1665380027126 | took 0ms | statement | connection 22| url jdbc:h2:mem:ad3a9e80-f26d-4a3e-9691-17f803db5723
update picture set spot_id=?, url=? where picture_id=?
update picture set spot_id=327, url='java.io.StringReader@4a6ad3c5' where picture_id=1099;
2022-10-10 14:33:47.126  INFO 4460 --- [    Test worker] p6spy                                    : #1665380027126 | took 0ms | statement | connection 22| url jdbc:h2:mem:ad3a9e80-f26d-4a3e-9691-17f803db5723
update picture set spot_id=?, url=? where picture_id=?
update picture set spot_id=328, url='java.io.StringReader@679d66fa' where picture_id=1101;
2022-10-10 14:33:47.126  INFO 4460 --- [    Test worker] p6spy                                    : #1665380027126 | took 0ms | statement | connection 22| url jdbc:h2:mem:ad3a9e80-f26d-4a3e-9691-17f803db5723
update picture set spot_id=?, url=? where picture_id=?
update picture set spot_id=328, url='java.io.StringReader@59d1d820' where picture_id=1102;
2022-10-10 14:33:47.126  INFO 4460 --- [    Test worker] p6spy                                    : #1665380027126 | took 0ms | statement | connection 22| url jdbc:h2:mem:ad3a9e80-f26d-4a3e-9691-17f803db5723
update picture set spot_id=?, url=? where picture_id=?
update picture set spot_id=328, url='java.io.StringReader@53a75180' where picture_id=1103;
2022-10-10 14:33:47.126  INFO 4460 --- [    Test worker] p6spy                                    : #1665380027126 | took 0ms | statement | connection 22| url jdbc:h2:mem:ad3a9e80-f26d-4a3e-9691-17f803db5723
update picture set spot_id=?, url=? where picture_id=?
update picture set spot_id=329, url='java.io.StringReader@7d7efdf5' where picture_id=1105;
2022-10-10 14:33:47.126  INFO 4460 --- [    Test worker] p6spy                                    : #1665380027126 | took 0ms | statement | connection 22| url jdbc:h2:mem:ad3a9e80-f26d-4a3e-9691-17f803db5723
update picture set spot_id=?, url=? where picture_id=?
update picture set spot_id=329, url='java.io.StringReader@66c937dd' where picture_id=1106;
2022-10-10 14:33:47.126  INFO 4460 --- [    Test worker] p6spy                                    : #1665380027126 | took 0ms | statement | connection 22| url jdbc:h2:mem:ad3a9e80-f26d-4a3e-9691-17f803db5723
update picture set spot_id=?, url=? where picture_id=?
update picture set spot_id=329, url='java.io.StringReader@40b9d8a2' where picture_id=1107;
2022-10-10 14:33:47.126  INFO 4460 --- [    Test worker] p6spy                                    : #1665380027126 | took 0ms | statement | connection 22| url jdbc:h2:mem:ad3a9e80-f26d-4a3e-9691-17f803db5723
update picture set spot_id=?, url=? where picture_id=?
update picture set spot_id=330, url='java.io.StringReader@2f1bf1c2' where picture_id=1109;
2022-10-10 14:33:47.126  INFO 4460 --- [    Test worker] p6spy                                    : #1665380027126 | took 0ms | statement | connection 22| url jdbc:h2:mem:ad3a9e80-f26d-4a3e-9691-17f803db5723
update picture set spot_id=?, url=? where picture_id=?
update picture set spot_id=330, url='java.io.StringReader@7476a621' where picture_id=1110;
2022-10-10 14:33:47.126  INFO 4460 --- [    Test worker] p6spy                                    : #1665380027126 | took 0ms | statement | connection 22| url jdbc:h2:mem:ad3a9e80-f26d-4a3e-9691-17f803db5723
update picture set spot_id=?, url=? where picture_id=?
update picture set spot_id=330, url='java.io.StringReader@a69acde' where picture_id=1111;
2022-10-10 14:33:47.126  INFO 4460 --- [    Test worker] p6spy                                    : #1665380027126 | took 0ms | statement | connection 22| url jdbc:h2:mem:ad3a9e80-f26d-4a3e-9691-17f803db5723
update picture set spot_id=?, url=? where picture_id=?
update picture set spot_id=331, url='java.io.StringReader@d3390fa' where picture_id=1113;
2022-10-10 14:33:47.126  INFO 4460 --- [    Test worker] p6spy                                    : #1665380027126 | took 0ms | statement | connection 22| url jdbc:h2:mem:ad3a9e80-f26d-4a3e-9691-17f803db5723
update picture set spot_id=?, url=? where picture_id=?
update picture set spot_id=331, url='java.io.StringReader@3d9e6e12' where picture_id=1114;
2022-10-10 14:33:47.126  INFO 4460 --- [    Test worker] p6spy                                    : #1665380027126 | took 0ms | statement | connection 22| url jdbc:h2:mem:ad3a9e80-f26d-4a3e-9691-17f803db5723
update picture set spot_id=?, url=? where picture_id=?
update picture set spot_id=331, url='java.io.StringReader@445df038' where picture_id=1115;
2022-10-10 14:33:47.126  INFO 4460 --- [    Test worker] p6spy                                    : #1665380027126 | took 0ms | statement | connection 22| url jdbc:h2:mem:ad3a9e80-f26d-4a3e-9691-17f803db5723
update picture set spot_id=?, url=? where picture_id=?
update picture set spot_id=332, url='java.io.StringReader@3d65d5c' where picture_id=1117;
2022-10-10 14:33:47.126  INFO 4460 --- [    Test worker] p6spy                                    : #1665380027126 | took 0ms | statement | connection 22| url jdbc:h2:mem:ad3a9e80-f26d-4a3e-9691-17f803db5723
update picture set spot_id=?, url=? where picture_id=?
update picture set spot_id=332, url='java.io.StringReader@61913ccc' where picture_id=1118;
2022-10-10 14:33:47.126  INFO 4460 --- [    Test worker] p6spy                                    : #1665380027126 | took 0ms | statement | connection 22| url jdbc:h2:mem:ad3a9e80-f26d-4a3e-9691-17f803db5723
update picture set spot_id=?, url=? where picture_id=?
update picture set spot_id=332, url='java.io.StringReader@16d92d12' where picture_id=1119;
2022-10-10 14:33:47.126  INFO 4460 --- [    Test worker] p6spy                                    : #1665380027126 | took 0ms | statement | connection 22| url jdbc:h2:mem:ad3a9e80-f26d-4a3e-9691-17f803db5723
update picture set spot_id=?, url=? where picture_id=?
update picture set spot_id=333, url='java.io.StringReader@dc08db6' where picture_id=1121;
2022-10-10 14:33:47.127  INFO 4460 --- [    Test worker] p6spy                                    : #1665380027127 | took 0ms | statement | connection 22| url jdbc:h2:mem:ad3a9e80-f26d-4a3e-9691-17f803db5723
update picture set spot_id=?, url=? where picture_id=?
update picture set spot_id=333, url='java.io.StringReader@b0b6227' where picture_id=1122;
2022-10-10 14:33:47.127  INFO 4460 --- [    Test worker] p6spy                                    : #1665380027127 | took 0ms | statement | connection 22| url jdbc:h2:mem:ad3a9e80-f26d-4a3e-9691-17f803db5723
update picture set spot_id=?, url=? where picture_id=?
update picture set spot_id=333, url='java.io.StringReader@75879cd' where picture_id=1123;
2022-10-10 14:33:47.127  INFO 4460 --- [    Test worker] p6spy                                    : #1665380027127 | took 0ms | statement | connection 22| url jdbc:h2:mem:ad3a9e80-f26d-4a3e-9691-17f803db5723
update picture set spot_id=?, url=? where picture_id=?
update picture set spot_id=334, url='java.io.StringReader@2f689586' where picture_id=1125;
2022-10-10 14:33:47.127  INFO 4460 --- [    Test worker] p6spy                                    : #1665380027127 | took 0ms | statement | connection 22| url jdbc:h2:mem:ad3a9e80-f26d-4a3e-9691-17f803db5723
update picture set spot_id=?, url=? where picture_id=?
update picture set spot_id=334, url='java.io.StringReader@6f1bb144' where picture_id=1126;
2022-10-10 14:33:47.127  INFO 4460 --- [    Test worker] p6spy                                    : #1665380027127 | took 0ms | statement | connection 22| url jdbc:h2:mem:ad3a9e80-f26d-4a3e-9691-17f803db5723
update picture set spot_id=?, url=? where picture_id=?
update picture set spot_id=334, url='java.io.StringReader@5f740a09' where picture_id=1127;
2022-10-10 14:33:47.127  INFO 4460 --- [    Test worker] p6spy                                    : #1665380027127 | took 0ms | statement | connection 22| url jdbc:h2:mem:ad3a9e80-f26d-4a3e-9691-17f803db5723
update picture set spot_id=?, url=? where picture_id=?
update picture set spot_id=335, url='java.io.StringReader@4c286590' where picture_id=1129;
2022-10-10 14:33:47.127  INFO 4460 --- [    Test worker] p6spy                                    : #1665380027127 | took 0ms | statement | connection 22| url jdbc:h2:mem:ad3a9e80-f26d-4a3e-9691-17f803db5723
update picture set spot_id=?, url=? where picture_id=?
update picture set spot_id=335, url='java.io.StringReader@4bf6ce64' where picture_id=1130;
2022-10-10 14:33:47.127  INFO 4460 --- [    Test worker] p6spy                                    : #1665380027127 | took 0ms | statement | connection 22| url jdbc:h2:mem:ad3a9e80-f26d-4a3e-9691-17f803db5723
update picture set spot_id=?, url=? where picture_id=?
update picture set spot_id=335, url='java.io.StringReader@20a73527' where picture_id=1131;
2022-10-10 14:33:47.127  INFO 4460 --- [    Test worker] p6spy                                    : #1665380027127 | took 0ms | statement | connection 22| url jdbc:h2:mem:ad3a9e80-f26d-4a3e-9691-17f803db5723
update picture set spot_id=?, url=? where picture_id=?
update picture set spot_id=336, url='java.io.StringReader@32babb12' where picture_id=1133;
2022-10-10 14:33:47.127  INFO 4460 --- [    Test worker] p6spy                                    : #1665380027127 | took 0ms | statement | connection 22| url jdbc:h2:mem:ad3a9e80-f26d-4a3e-9691-17f803db5723
update picture set spot_id=?, url=? where picture_id=?
update picture set spot_id=336, url='java.io.StringReader@2ac05560' where picture_id=1134;
2022-10-10 14:33:47.127  INFO 4460 --- [    Test worker] p6spy                                    : #1665380027127 | took 0ms | statement | connection 22| url jdbc:h2:mem:ad3a9e80-f26d-4a3e-9691-17f803db5723
update picture set spot_id=?, url=? where picture_id=?
update picture set spot_id=336, url='java.io.StringReader@13ecfb04' where picture_id=1135;
2022-10-10 14:33:47.127  INFO 4460 --- [    Test worker] p6spy                                    : #1665380027127 | took 0ms | statement | connection 22| url jdbc:h2:mem:ad3a9e80-f26d-4a3e-9691-17f803db5723
update picture set spot_id=?, url=? where picture_id=?
update picture set spot_id=337, url='java.io.StringReader@387a9865' where picture_id=1137;
2022-10-10 14:33:47.127  INFO 4460 --- [    Test worker] p6spy                                    : #1665380027127 | took 0ms | statement | connection 22| url jdbc:h2:mem:ad3a9e80-f26d-4a3e-9691-17f803db5723
update picture set spot_id=?, url=? where picture_id=?
update picture set spot_id=337, url='java.io.StringReader@4d2a9d6' where picture_id=1138;
2022-10-10 14:33:47.127  INFO 4460 --- [    Test worker] p6spy                                    : #1665380027127 | took 0ms | statement | connection 22| url jdbc:h2:mem:ad3a9e80-f26d-4a3e-9691-17f803db5723
update picture set spot_id=?, url=? where picture_id=?
update picture set spot_id=337, url='java.io.StringReader@5cb56c6d' where picture_id=1139;
2022-10-10 14:33:47.127  INFO 4460 --- [    Test worker] p6spy                                    : #1665380027127 | took 0ms | statement | connection 22| url jdbc:h2:mem:ad3a9e80-f26d-4a3e-9691-17f803db5723
update picture set spot_id=?, url=? where picture_id=?
update picture set spot_id=338, url='java.io.StringReader@238e2c4' where picture_id=1141;
2022-10-10 14:33:47.127  INFO 4460 --- [    Test worker] p6spy                                    : #1665380027127 | took 0ms | statement | connection 22| url jdbc:h2:mem:ad3a9e80-f26d-4a3e-9691-17f803db5723
update picture set spot_id=?, url=? where picture_id=?
update picture set spot_id=338, url='java.io.StringReader@34b58084' where picture_id=1142;
2022-10-10 14:33:47.127  INFO 4460 --- [    Test worker] p6spy                                    : #1665380027127 | took 0ms | statement | connection 22| url jdbc:h2:mem:ad3a9e80-f26d-4a3e-9691-17f803db5723
update picture set spot_id=?, url=? where picture_id=?
update picture set spot_id=338, url='java.io.StringReader@705ea294' where picture_id=1143;
2022-10-10 14:33:47.127  INFO 4460 --- [    Test worker] p6spy                                    : #1665380027127 | took 0ms | statement | connection 22| url jdbc:h2:mem:ad3a9e80-f26d-4a3e-9691-17f803db5723
update picture set spot_id=?, url=? where picture_id=?
update picture set spot_id=339, url='java.io.StringReader@21c06106' where picture_id=1145;
2022-10-10 14:33:47.127  INFO 4460 --- [    Test worker] p6spy                                    : #1665380027127 | took 0ms | statement | connection 22| url jdbc:h2:mem:ad3a9e80-f26d-4a3e-9691-17f803db5723
update picture set spot_id=?, url=? where picture_id=?
update picture set spot_id=339, url='java.io.StringReader@43741fbb' where picture_id=1146;
2022-10-10 14:33:47.127  INFO 4460 --- [    Test worker] p6spy                                    : #1665380027127 | took 0ms | statement | connection 22| url jdbc:h2:mem:ad3a9e80-f26d-4a3e-9691-17f803db5723
update picture set spot_id=?, url=? where picture_id=?
update picture set spot_id=339, url='java.io.StringReader@5074dd7' where picture_id=1147;
2022-10-10 14:33:47.127  INFO 4460 --- [    Test worker] p6spy                                    : #1665380027127 | took 0ms | statement | connection 22| url jdbc:h2:mem:ad3a9e80-f26d-4a3e-9691-17f803db5723
update picture set spot_id=?, url=? where picture_id=?
update picture set spot_id=340, url='java.io.StringReader@1005364f' where picture_id=1149;
2022-10-10 14:33:47.127  INFO 4460 --- [    Test worker] p6spy                                    : #1665380027127 | took 0ms | statement | connection 22| url jdbc:h2:mem:ad3a9e80-f26d-4a3e-9691-17f803db5723
update picture set spot_id=?, url=? where picture_id=?
update picture set spot_id=340, url='java.io.StringReader@64b6a7fb' where picture_id=1150;
2022-10-10 14:33:47.128  INFO 4460 --- [    Test worker] p6spy                                    : #1665380027128 | took 0ms | statement | connection 22| url jdbc:h2:mem:ad3a9e80-f26d-4a3e-9691-17f803db5723
update picture set spot_id=?, url=? where picture_id=?
update picture set spot_id=340, url='java.io.StringReader@5699119e' where picture_id=1151;
2022-10-10 14:33:47.128  INFO 4460 --- [    Test worker] p6spy                                    : #1665380027128 | took 0ms | statement | connection 22| url jdbc:h2:mem:ad3a9e80-f26d-4a3e-9691-17f803db5723
update picture set spot_id=?, url=? where picture_id=?
update picture set spot_id=341, url='java.io.StringReader@48e835fe' where picture_id=1153;
2022-10-10 14:33:47.128  INFO 4460 --- [    Test worker] p6spy                                    : #1665380027128 | took 0ms | statement | connection 22| url jdbc:h2:mem:ad3a9e80-f26d-4a3e-9691-17f803db5723
update picture set spot_id=?, url=? where picture_id=?
update picture set spot_id=341, url='java.io.StringReader@ff291f9' where picture_id=1154;
2022-10-10 14:33:47.128  INFO 4460 --- [    Test worker] p6spy                                    : #1665380027128 | took 0ms | statement | connection 22| url jdbc:h2:mem:ad3a9e80-f26d-4a3e-9691-17f803db5723
update picture set spot_id=?, url=? where picture_id=?
update picture set spot_id=341, url='java.io.StringReader@4aadf49d' where picture_id=1155;
2022-10-10 14:33:47.128  INFO 4460 --- [    Test worker] p6spy                                    : #1665380027128 | took 0ms | statement | connection 22| url jdbc:h2:mem:ad3a9e80-f26d-4a3e-9691-17f803db5723
update picture set spot_id=?, url=? where picture_id=?
update picture set spot_id=342, url='java.io.StringReader@178b1440' where picture_id=1157;
2022-10-10 14:33:47.128  INFO 4460 --- [    Test worker] p6spy                                    : #1665380027128 | took 0ms | statement | connection 22| url jdbc:h2:mem:ad3a9e80-f26d-4a3e-9691-17f803db5723
update picture set spot_id=?, url=? where picture_id=?
update picture set spot_id=342, url='java.io.StringReader@41466b78' where picture_id=1158;
2022-10-10 14:33:47.128  INFO 4460 --- [    Test worker] p6spy                                    : #1665380027128 | took 0ms | statement | connection 22| url jdbc:h2:mem:ad3a9e80-f26d-4a3e-9691-17f803db5723
update picture set spot_id=?, url=? where picture_id=?
update picture set spot_id=342, url='java.io.StringReader@47f16e92' where picture_id=1159;
2022-10-10 14:33:47.128  INFO 4460 --- [    Test worker] p6spy                                    : #1665380027128 | took 0ms | statement | connection 22| url jdbc:h2:mem:ad3a9e80-f26d-4a3e-9691-17f803db5723
update picture set spot_id=?, url=? where picture_id=?
update picture set spot_id=343, url='java.io.StringReader@24090655' where picture_id=1161;
2022-10-10 14:33:47.128  INFO 4460 --- [    Test worker] p6spy                                    : #1665380027128 | took 0ms | statement | connection 22| url jdbc:h2:mem:ad3a9e80-f26d-4a3e-9691-17f803db5723
update picture set spot_id=?, url=? where picture_id=?
update picture set spot_id=343, url='java.io.StringReader@1fa4c38e' where picture_id=1162;
2022-10-10 14:33:47.128  INFO 4460 --- [    Test worker] p6spy                                    : #1665380027128 | took 0ms | statement | connection 22| url jdbc:h2:mem:ad3a9e80-f26d-4a3e-9691-17f803db5723
update picture set spot_id=?, url=? where picture_id=?
update picture set spot_id=343, url='java.io.StringReader@49accbb4' where picture_id=1163;
2022-10-10 14:33:47.128  INFO 4460 --- [    Test worker] p6spy                                    : #1665380027128 | took 0ms | statement | connection 22| url jdbc:h2:mem:ad3a9e80-f26d-4a3e-9691-17f803db5723
update picture set spot_id=?, url=? where picture_id=?
update picture set spot_id=344, url='java.io.StringReader@62bc8312' where picture_id=1165;
2022-10-10 14:33:47.128  INFO 4460 --- [    Test worker] p6spy                                    : #1665380027128 | took 0ms | statement | connection 22| url jdbc:h2:mem:ad3a9e80-f26d-4a3e-9691-17f803db5723
update picture set spot_id=?, url=? where picture_id=?
update picture set spot_id=344, url='java.io.StringReader@5f9b4406' where picture_id=1166;
2022-10-10 14:33:47.128  INFO 4460 --- [    Test worker] p6spy                                    : #1665380027128 | took 0ms | statement | connection 22| url jdbc:h2:mem:ad3a9e80-f26d-4a3e-9691-17f803db5723
update picture set spot_id=?, url=? where picture_id=?
update picture set spot_id=344, url='java.io.StringReader@1c2e1acb' where picture_id=1167;
2022-10-10 14:33:47.128  INFO 4460 --- [    Test worker] p6spy                                    : #1665380027128 | took 0ms | statement | connection 22| url jdbc:h2:mem:ad3a9e80-f26d-4a3e-9691-17f803db5723
update picture set spot_id=?, url=? where picture_id=?
update picture set spot_id=345, url='java.io.StringReader@478a4f44' where picture_id=1169;
2022-10-10 14:33:47.128  INFO 4460 --- [    Test worker] p6spy                                    : #1665380027128 | took 0ms | statement | connection 22| url jdbc:h2:mem:ad3a9e80-f26d-4a3e-9691-17f803db5723
update picture set spot_id=?, url=? where picture_id=?
update picture set spot_id=345, url='java.io.StringReader@37c3aee0' where picture_id=1170;
2022-10-10 14:33:47.128  INFO 4460 --- [    Test worker] p6spy                                    : #1665380027128 | took 0ms | statement | connection 22| url jdbc:h2:mem:ad3a9e80-f26d-4a3e-9691-17f803db5723
update picture set spot_id=?, url=? where picture_id=?
update picture set spot_id=345, url='java.io.StringReader@5f033742' where picture_id=1171;
2022-10-10 14:33:47.128  INFO 4460 --- [    Test worker] p6spy                                    : #1665380027128 | took 0ms | statement | connection 22| url jdbc:h2:mem:ad3a9e80-f26d-4a3e-9691-17f803db5723
update picture set spot_id=?, url=? where picture_id=?
update picture set spot_id=346, url='java.io.StringReader@1c8a2352' where picture_id=1173;
2022-10-10 14:33:47.128  INFO 4460 --- [    Test worker] p6spy                                    : #1665380027128 | took 0ms | statement | connection 22| url jdbc:h2:mem:ad3a9e80-f26d-4a3e-9691-17f803db5723
update picture set spot_id=?, url=? where picture_id=?
update picture set spot_id=346, url='java.io.StringReader@1e6facc1' where picture_id=1174;
2022-10-10 14:33:47.128  INFO 4460 --- [    Test worker] p6spy                                    : #1665380027128 | took 0ms | statement | connection 22| url jdbc:h2:mem:ad3a9e80-f26d-4a3e-9691-17f803db5723
update picture set spot_id=?, url=? where picture_id=?
update picture set spot_id=346, url='java.io.StringReader@b3a49aa' where picture_id=1175;
2022-10-10 14:33:47.128  INFO 4460 --- [    Test worker] p6spy                                    : #1665380027128 | took 0ms | statement | connection 22| url jdbc:h2:mem:ad3a9e80-f26d-4a3e-9691-17f803db5723
update picture set spot_id=?, url=? where picture_id=?
update picture set spot_id=347, url='java.io.StringReader@718991cd' where picture_id=1177;
2022-10-10 14:33:47.128  INFO 4460 --- [    Test worker] p6spy                                    : #1665380027128 | took 0ms | statement | connection 22| url jdbc:h2:mem:ad3a9e80-f26d-4a3e-9691-17f803db5723
update picture set spot_id=?, url=? where picture_id=?
update picture set spot_id=347, url='java.io.StringReader@243135c1' where picture_id=1178;
2022-10-10 14:33:47.128  INFO 4460 --- [    Test worker] p6spy                                    : #1665380027128 | took 0ms | statement | connection 22| url jdbc:h2:mem:ad3a9e80-f26d-4a3e-9691-17f803db5723
update picture set spot_id=?, url=? where picture_id=?
update picture set spot_id=347, url='java.io.StringReader@625ab3ea' where picture_id=1179;
2022-10-10 14:33:47.128  INFO 4460 --- [    Test worker] p6spy                                    : #1665380027128 | took 0ms | statement | connection 22| url jdbc:h2:mem:ad3a9e80-f26d-4a3e-9691-17f803db5723
update picture set spot_id=?, url=? where picture_id=?
update picture set spot_id=348, url='java.io.StringReader@1b28658c' where picture_id=1181;
2022-10-10 14:33:47.128  INFO 4460 --- [    Test worker] p6spy                                    : #1665380027128 | took 0ms | statement | connection 22| url jdbc:h2:mem:ad3a9e80-f26d-4a3e-9691-17f803db5723
update picture set spot_id=?, url=? where picture_id=?
update picture set spot_id=348, url='java.io.StringReader@2b4bfe73' where picture_id=1182;
2022-10-10 14:33:47.128  INFO 4460 --- [    Test worker] p6spy                                    : #1665380027128 | took 0ms | statement | connection 22| url jdbc:h2:mem:ad3a9e80-f26d-4a3e-9691-17f803db5723
update picture set spot_id=?, url=? where picture_id=?
update picture set spot_id=348, url='java.io.StringReader@32aed633' where picture_id=1183;
2022-10-10 14:33:47.128  INFO 4460 --- [    Test worker] p6spy                                    : #1665380027128 | took 0ms | statement | connection 22| url jdbc:h2:mem:ad3a9e80-f26d-4a3e-9691-17f803db5723
update picture set spot_id=?, url=? where picture_id=?
update picture set spot_id=349, url='java.io.StringReader@4f80d322' where picture_id=1185;
2022-10-10 14:33:47.128  INFO 4460 --- [    Test worker] p6spy                                    : #1665380027128 | took 0ms | statement | connection 22| url jdbc:h2:mem:ad3a9e80-f26d-4a3e-9691-17f803db5723
update picture set spot_id=?, url=? where picture_id=?
update picture set spot_id=349, url='java.io.StringReader@2fd724c1' where picture_id=1186;
2022-10-10 14:33:47.128  INFO 4460 --- [    Test worker] p6spy                                    : #1665380027128 | took 0ms | statement | connection 22| url jdbc:h2:mem:ad3a9e80-f26d-4a3e-9691-17f803db5723
update picture set spot_id=?, url=? where picture_id=?
update picture set spot_id=349, url='java.io.StringReader@42e1aecb' where picture_id=1187;
2022-10-10 14:33:47.129  INFO 4460 --- [    Test worker] p6spy                                    : #1665380027128 | took 0ms | statement | connection 22| url jdbc:h2:mem:ad3a9e80-f26d-4a3e-9691-17f803db5723
update picture set spot_id=?, url=? where picture_id=?
update picture set spot_id=350, url='java.io.StringReader@19842883' where picture_id=1189;
2022-10-10 14:33:47.129  INFO 4460 --- [    Test worker] p6spy                                    : #1665380027129 | took 0ms | statement | connection 22| url jdbc:h2:mem:ad3a9e80-f26d-4a3e-9691-17f803db5723
update picture set spot_id=?, url=? where picture_id=?
update picture set spot_id=350, url='java.io.StringReader@2514fb25' where picture_id=1190;
2022-10-10 14:33:47.129  INFO 4460 --- [    Test worker] p6spy                                    : #1665380027129 | took 0ms | statement | connection 22| url jdbc:h2:mem:ad3a9e80-f26d-4a3e-9691-17f803db5723
update picture set spot_id=?, url=? where picture_id=?
update picture set spot_id=350, url='java.io.StringReader@3384002c' where picture_id=1191;
2022-10-10 14:33:47.129  INFO 4460 --- [    Test worker] p6spy                                    : #1665380027129 | took 0ms | statement | connection 22| url jdbc:h2:mem:ad3a9e80-f26d-4a3e-9691-17f803db5723
update picture set spot_id=?, url=? where picture_id=?
update picture set spot_id=351, url='java.io.StringReader@2aad05e0' where picture_id=1193;
2022-10-10 14:33:47.129  INFO 4460 --- [    Test worker] p6spy                                    : #1665380027129 | took 0ms | statement | connection 22| url jdbc:h2:mem:ad3a9e80-f26d-4a3e-9691-17f803db5723
update picture set spot_id=?, url=? where picture_id=?
update picture set spot_id=351, url='java.io.StringReader@246c2f56' where picture_id=1194;
2022-10-10 14:33:47.129  INFO 4460 --- [    Test worker] p6spy                                    : #1665380027129 | took 0ms | statement | connection 22| url jdbc:h2:mem:ad3a9e80-f26d-4a3e-9691-17f803db5723
update picture set spot_id=?, url=? where picture_id=?
update picture set spot_id=351, url='java.io.StringReader@40783a1c' where picture_id=1195;
2022-10-10 14:33:47.129  INFO 4460 --- [    Test worker] p6spy                                    : #1665380027129 | took 0ms | statement | connection 22| url jdbc:h2:mem:ad3a9e80-f26d-4a3e-9691-17f803db5723
update picture set spot_id=?, url=? where picture_id=?
update picture set spot_id=352, url='java.io.StringReader@5c98f2ef' where picture_id=1197;
2022-10-10 14:33:47.129  INFO 4460 --- [    Test worker] p6spy                                    : #1665380027129 | took 0ms | statement | connection 22| url jdbc:h2:mem:ad3a9e80-f26d-4a3e-9691-17f803db5723
update picture set spot_id=?, url=? where picture_id=?
update picture set spot_id=352, url='java.io.StringReader@178a0b1' where picture_id=1198;
2022-10-10 14:33:47.129  INFO 4460 --- [    Test worker] p6spy                                    : #1665380027129 | took 0ms | statement | connection 22| url jdbc:h2:mem:ad3a9e80-f26d-4a3e-9691-17f803db5723
update picture set spot_id=?, url=? where picture_id=?
update picture set spot_id=352, url='java.io.StringReader@6e9f587' where picture_id=1199;
2022-10-10 14:33:47.129  INFO 4460 --- [    Test worker] p6spy                                    : #1665380027129 | took 0ms | statement | connection 22| url jdbc:h2:mem:ad3a9e80-f26d-4a3e-9691-17f803db5723
update picture set spot_id=?, url=? where picture_id=?
update picture set spot_id=353, url='java.io.StringReader@2dae6c7c' where picture_id=1201;
2022-10-10 14:33:47.129  INFO 4460 --- [    Test worker] p6spy                                    : #1665380027129 | took 0ms | statement | connection 22| url jdbc:h2:mem:ad3a9e80-f26d-4a3e-9691-17f803db5723
update picture set spot_id=?, url=? where picture_id=?
update picture set spot_id=353, url='java.io.StringReader@25757934' where picture_id=1202;
2022-10-10 14:33:47.129  INFO 4460 --- [    Test worker] p6spy                                    : #1665380027129 | took 0ms | statement | connection 22| url jdbc:h2:mem:ad3a9e80-f26d-4a3e-9691-17f803db5723
update picture set spot_id=?, url=? where picture_id=?
update picture set spot_id=353, url='java.io.StringReader@58d4ee83' where picture_id=1203;
2022-10-10 14:33:47.129  INFO 4460 --- [    Test worker] p6spy                                    : #1665380027129 | took 0ms | statement | connection 22| url jdbc:h2:mem:ad3a9e80-f26d-4a3e-9691-17f803db5723
update picture set spot_id=?, url=? where picture_id=?
update picture set spot_id=354, url='java.io.StringReader@1f0526fc' where picture_id=1205;
2022-10-10 14:33:47.129  INFO 4460 --- [    Test worker] p6spy                                    : #1665380027129 | took 0ms | statement | connection 22| url jdbc:h2:mem:ad3a9e80-f26d-4a3e-9691-17f803db5723
update picture set spot_id=?, url=? where picture_id=?
update picture set spot_id=354, url='java.io.StringReader@127f5c43' where picture_id=1206;
2022-10-10 14:33:47.129  INFO 4460 --- [    Test worker] p6spy                                    : #1665380027129 | took 0ms | statement | connection 22| url jdbc:h2:mem:ad3a9e80-f26d-4a3e-9691-17f803db5723
update picture set spot_id=?, url=? where picture_id=?
update picture set spot_id=354, url='java.io.StringReader@15b4bf9e' where picture_id=1207;
2022-10-10 14:33:47.129  INFO 4460 --- [    Test worker] p6spy                                    : #1665380027129 | took 0ms | statement | connection 22| url jdbc:h2:mem:ad3a9e80-f26d-4a3e-9691-17f803db5723
update picture set spot_id=?, url=? where picture_id=?
update picture set spot_id=355, url='java.io.StringReader@57361968' where picture_id=1209;
2022-10-10 14:33:47.129  INFO 4460 --- [    Test worker] p6spy                                    : #1665380027129 | took 0ms | statement | connection 22| url jdbc:h2:mem:ad3a9e80-f26d-4a3e-9691-17f803db5723
update picture set spot_id=?, url=? where picture_id=?
update picture set spot_id=355, url='java.io.StringReader@1d472929' where picture_id=1210;
2022-10-10 14:33:47.129  INFO 4460 --- [    Test worker] p6spy                                    : #1665380027129 | took 0ms | statement | connection 22| url jdbc:h2:mem:ad3a9e80-f26d-4a3e-9691-17f803db5723
update picture set spot_id=?, url=? where picture_id=?
update picture set spot_id=355, url='java.io.StringReader@56ec31ca' where picture_id=1211;
2022-10-10 14:33:47.129  INFO 4460 --- [    Test worker] p6spy                                    : #1665380027129 | took 0ms | statement | connection 22| url jdbc:h2:mem:ad3a9e80-f26d-4a3e-9691-17f803db5723
update picture set spot_id=?, url=? where picture_id=?
update picture set spot_id=356, url='java.io.StringReader@63540ec4' where picture_id=1213;
2022-10-10 14:33:47.129  INFO 4460 --- [    Test worker] p6spy                                    : #1665380027129 | took 0ms | statement | connection 22| url jdbc:h2:mem:ad3a9e80-f26d-4a3e-9691-17f803db5723
update picture set spot_id=?, url=? where picture_id=?
update picture set spot_id=356, url='java.io.StringReader@77b2adc' where picture_id=1214;
2022-10-10 14:33:47.129  INFO 4460 --- [    Test worker] p6spy                                    : #1665380027129 | took 0ms | statement | connection 22| url jdbc:h2:mem:ad3a9e80-f26d-4a3e-9691-17f803db5723
update picture set spot_id=?, url=? where picture_id=?
update picture set spot_id=356, url='java.io.StringReader@677f0c10' where picture_id=1215;
2022-10-10 14:33:47.129  INFO 4460 --- [    Test worker] p6spy                                    : #1665380027129 | took 0ms | statement | connection 22| url jdbc:h2:mem:ad3a9e80-f26d-4a3e-9691-17f803db5723
update picture set spot_id=?, url=? where picture_id=?
update picture set spot_id=357, url='java.io.StringReader@59af8635' where picture_id=1217;
2022-10-10 14:33:47.129  INFO 4460 --- [    Test worker] p6spy                                    : #1665380027129 | took 0ms | statement | connection 22| url jdbc:h2:mem:ad3a9e80-f26d-4a3e-9691-17f803db5723
update picture set spot_id=?, url=? where picture_id=?
update picture set spot_id=357, url='java.io.StringReader@1bb40695' where picture_id=1218;
2022-10-10 14:33:47.129  INFO 4460 --- [    Test worker] p6spy                                    : #1665380027129 | took 0ms | statement | connection 22| url jdbc:h2:mem:ad3a9e80-f26d-4a3e-9691-17f803db5723
update picture set spot_id=?, url=? where picture_id=?
update picture set spot_id=357, url='java.io.StringReader@657c5b20' where picture_id=1219;
2022-10-10 14:33:47.129  INFO 4460 --- [    Test worker] p6spy                                    : #1665380027129 | took 0ms | statement | connection 22| url jdbc:h2:mem:ad3a9e80-f26d-4a3e-9691-17f803db5723
update picture set spot_id=?, url=? where picture_id=?
update picture set spot_id=358, url='java.io.StringReader@4a3b95b' where picture_id=1221;
2022-10-10 14:33:47.129  INFO 4460 --- [    Test worker] p6spy                                    : #1665380027129 | took 0ms | statement | connection 22| url jdbc:h2:mem:ad3a9e80-f26d-4a3e-9691-17f803db5723
update picture set spot_id=?, url=? where picture_id=?
update picture set spot_id=358, url='java.io.StringReader@2e9583af' where picture_id=1222;
2022-10-10 14:33:47.129  INFO 4460 --- [    Test worker] p6spy                                    : #1665380027129 | took 0ms | statement | connection 22| url jdbc:h2:mem:ad3a9e80-f26d-4a3e-9691-17f803db5723
update picture set spot_id=?, url=? where picture_id=?
update picture set spot_id=358, url='java.io.StringReader@315bf7c1' where picture_id=1223;
2022-10-10 14:33:47.129  INFO 4460 --- [    Test worker] p6spy                                    : #1665380027129 | took 0ms | statement | connection 22| url jdbc:h2:mem:ad3a9e80-f26d-4a3e-9691-17f803db5723
update picture set spot_id=?, url=? where picture_id=?
update picture set spot_id=359, url='java.io.StringReader@360e3879' where picture_id=1225;
2022-10-10 14:33:47.129  INFO 4460 --- [    Test worker] p6spy                                    : #1665380027129 | took 0ms | statement | connection 22| url jdbc:h2:mem:ad3a9e80-f26d-4a3e-9691-17f803db5723
update picture set spot_id=?, url=? where picture_id=?
update picture set spot_id=359, url='java.io.StringReader@4405a00e' where picture_id=1226;
2022-10-10 14:33:47.130  INFO 4460 --- [    Test worker] p6spy                                    : #1665380027130 | took 0ms | statement | connection 22| url jdbc:h2:mem:ad3a9e80-f26d-4a3e-9691-17f803db5723
update picture set spot_id=?, url=? where picture_id=?
update picture set spot_id=359, url='java.io.StringReader@3ec26386' where picture_id=1227;
2022-10-10 14:33:47.130  INFO 4460 --- [    Test worker] p6spy                                    : #1665380027130 | took 0ms | statement | connection 22| url jdbc:h2:mem:ad3a9e80-f26d-4a3e-9691-17f803db5723
update picture set spot_id=?, url=? where picture_id=?
update picture set spot_id=360, url='java.io.StringReader@6a8a20c1' where picture_id=1229;
2022-10-10 14:33:47.130  INFO 4460 --- [    Test worker] p6spy                                    : #1665380027130 | took 0ms | statement | connection 22| url jdbc:h2:mem:ad3a9e80-f26d-4a3e-9691-17f803db5723
update picture set spot_id=?, url=? where picture_id=?
update picture set spot_id=360, url='java.io.StringReader@7dcadb11' where picture_id=1230;
2022-10-10 14:33:47.130  INFO 4460 --- [    Test worker] p6spy                                    : #1665380027130 | took 0ms | statement | connection 22| url jdbc:h2:mem:ad3a9e80-f26d-4a3e-9691-17f803db5723
update picture set spot_id=?, url=? where picture_id=?
update picture set spot_id=360, url='java.io.StringReader@7b1ddbcf' where picture_id=1231;
2022-10-10 14:33:47.130  INFO 4460 --- [    Test worker] p6spy                                    : #1665380027130 | took 0ms | statement | connection 22| url jdbc:h2:mem:ad3a9e80-f26d-4a3e-9691-17f803db5723
update picture set spot_id=?, url=? where picture_id=?
update picture set spot_id=361, url='java.io.StringReader@1c712e55' where picture_id=1233;
2022-10-10 14:33:47.130  INFO 4460 --- [    Test worker] p6spy                                    : #1665380027130 | took 0ms | statement | connection 22| url jdbc:h2:mem:ad3a9e80-f26d-4a3e-9691-17f803db5723
update picture set spot_id=?, url=? where picture_id=?
update picture set spot_id=361, url='java.io.StringReader@499c2c14' where picture_id=1234;
2022-10-10 14:33:47.130  INFO 4460 --- [    Test worker] p6spy                                    : #1665380027130 | took 0ms | statement | connection 22| url jdbc:h2:mem:ad3a9e80-f26d-4a3e-9691-17f803db5723
update picture set spot_id=?, url=? where picture_id=?
update picture set spot_id=361, url='java.io.StringReader@37a5b082' where picture_id=1235;
2022-10-10 14:33:47.130  INFO 4460 --- [    Test worker] p6spy                                    : #1665380027130 | took 0ms | statement | connection 22| url jdbc:h2:mem:ad3a9e80-f26d-4a3e-9691-17f803db5723
update picture set spot_id=?, url=? where picture_id=?
update picture set spot_id=362, url='java.io.StringReader@44953958' where picture_id=1237;
2022-10-10 14:33:47.130  INFO 4460 --- [    Test worker] p6spy                                    : #1665380027130 | took 0ms | statement | connection 22| url jdbc:h2:mem:ad3a9e80-f26d-4a3e-9691-17f803db5723
update picture set spot_id=?, url=? where picture_id=?
update picture set spot_id=362, url='java.io.StringReader@53fade9' where picture_id=1238;
2022-10-10 14:33:47.130  INFO 4460 --- [    Test worker] p6spy                                    : #1665380027130 | took 0ms | statement | connection 22| url jdbc:h2:mem:ad3a9e80-f26d-4a3e-9691-17f803db5723
update picture set spot_id=?, url=? where picture_id=?
update picture set spot_id=362, url='java.io.StringReader@1c067ae4' where picture_id=1239;
2022-10-10 14:33:47.130  INFO 4460 --- [    Test worker] p6spy                                    : #1665380027130 | took 0ms | statement | connection 22| url jdbc:h2:mem:ad3a9e80-f26d-4a3e-9691-17f803db5723
update picture set spot_id=?, url=? where picture_id=?
update picture set spot_id=363, url='java.io.StringReader@2a6b4d' where picture_id=1241;
2022-10-10 14:33:47.130  INFO 4460 --- [    Test worker] p6spy                                    : #1665380027130 | took 0ms | statement | connection 22| url jdbc:h2:mem:ad3a9e80-f26d-4a3e-9691-17f803db5723
update picture set spot_id=?, url=? where picture_id=?
update picture set spot_id=363, url='java.io.StringReader@1c5f5f' where picture_id=1242;
2022-10-10 14:33:47.130  INFO 4460 --- [    Test worker] p6spy                                    : #1665380027130 | took 0ms | statement | connection 22| url jdbc:h2:mem:ad3a9e80-f26d-4a3e-9691-17f803db5723
update picture set spot_id=?, url=? where picture_id=?
update picture set spot_id=363, url='java.io.StringReader@47519d1a' where picture_id=1243;
2022-10-10 14:33:47.130  INFO 4460 --- [    Test worker] p6spy                                    : #1665380027130 | took 0ms | statement | connection 22| url jdbc:h2:mem:ad3a9e80-f26d-4a3e-9691-17f803db5723
update picture set spot_id=?, url=? where picture_id=?
update picture set spot_id=364, url='java.io.StringReader@a45802c' where picture_id=1245;
2022-10-10 14:33:47.130  INFO 4460 --- [    Test worker] p6spy                                    : #1665380027130 | took 0ms | statement | connection 22| url jdbc:h2:mem:ad3a9e80-f26d-4a3e-9691-17f803db5723
update picture set spot_id=?, url=? where picture_id=?
update picture set spot_id=364, url='java.io.StringReader@672e6f34' where picture_id=1246;
2022-10-10 14:33:47.130  INFO 4460 --- [    Test worker] p6spy                                    : #1665380027130 | took 0ms | statement | connection 22| url jdbc:h2:mem:ad3a9e80-f26d-4a3e-9691-17f803db5723
update picture set spot_id=?, url=? where picture_id=?
update picture set spot_id=364, url='java.io.StringReader@7b9e4b0d' where picture_id=1247;
2022-10-10 14:33:47.130  INFO 4460 --- [    Test worker] p6spy                                    : #1665380027130 | took 0ms | statement | connection 22| url jdbc:h2:mem:ad3a9e80-f26d-4a3e-9691-17f803db5723
update picture set spot_id=?, url=? where picture_id=?
update picture set spot_id=365, url='java.io.StringReader@792149c8' where picture_id=1249;
2022-10-10 14:33:47.130  INFO 4460 --- [    Test worker] p6spy                                    : #1665380027130 | took 0ms | statement | connection 22| url jdbc:h2:mem:ad3a9e80-f26d-4a3e-9691-17f803db5723
update picture set spot_id=?, url=? where picture_id=?
update picture set spot_id=365, url='java.io.StringReader@34d5a168' where picture_id=1250;
2022-10-10 14:33:47.130  INFO 4460 --- [    Test worker] p6spy                                    : #1665380027130 | took 0ms | statement | connection 22| url jdbc:h2:mem:ad3a9e80-f26d-4a3e-9691-17f803db5723
update picture set spot_id=?, url=? where picture_id=?
update picture set spot_id=365, url='java.io.StringReader@54584f9' where picture_id=1251;
2022-10-10 14:33:47.130  INFO 4460 --- [    Test worker] p6spy                                    : #1665380027130 | took 0ms | statement | connection 22| url jdbc:h2:mem:ad3a9e80-f26d-4a3e-9691-17f803db5723
update picture set spot_id=?, url=? where picture_id=?
update picture set spot_id=366, url='java.io.StringReader@38fc8a6b' where picture_id=1253;
2022-10-10 14:33:47.130  INFO 4460 --- [    Test worker] p6spy                                    : #1665380027130 | took 0ms | statement | connection 22| url jdbc:h2:mem:ad3a9e80-f26d-4a3e-9691-17f803db5723
update picture set spot_id=?, url=? where picture_id=?
update picture set spot_id=366, url='java.io.StringReader@166c24f0' where picture_id=1254;
2022-10-10 14:33:47.130  INFO 4460 --- [    Test worker] p6spy                                    : #1665380027130 | took 0ms | statement | connection 22| url jdbc:h2:mem:ad3a9e80-f26d-4a3e-9691-17f803db5723
update picture set spot_id=?, url=? where picture_id=?
update picture set spot_id=366, url='java.io.StringReader@1ae597b2' where picture_id=1255;
2022-10-10 14:33:47.130  INFO 4460 --- [    Test worker] p6spy                                    : #1665380027130 | took 0ms | statement | connection 22| url jdbc:h2:mem:ad3a9e80-f26d-4a3e-9691-17f803db5723
update picture set spot_id=?, url=? where picture_id=?
update picture set spot_id=367, url='java.io.StringReader@710a84e7' where picture_id=1257;
2022-10-10 14:33:47.130  INFO 4460 --- [    Test worker] p6spy                                    : #1665380027130 | took 0ms | statement | connection 22| url jdbc:h2:mem:ad3a9e80-f26d-4a3e-9691-17f803db5723
update picture set spot_id=?, url=? where picture_id=?
update picture set spot_id=367, url='java.io.StringReader@6b569a0f' where picture_id=1258;
2022-10-10 14:33:47.130  INFO 4460 --- [    Test worker] p6spy                                    : #1665380027130 | took 0ms | statement | connection 22| url jdbc:h2:mem:ad3a9e80-f26d-4a3e-9691-17f803db5723
update picture set spot_id=?, url=? where picture_id=?
update picture set spot_id=367, url='java.io.StringReader@604c4c8c' where picture_id=1259;
2022-10-10 14:33:47.130  INFO 4460 --- [    Test worker] p6spy                                    : #1665380027130 | took 0ms | statement | connection 22| url jdbc:h2:mem:ad3a9e80-f26d-4a3e-9691-17f803db5723
update picture set spot_id=?, url=? where picture_id=?
update picture set spot_id=368, url='java.io.StringReader@6b3dfa78' where picture_id=1261;
2022-10-10 14:33:47.130  INFO 4460 --- [    Test worker] p6spy                                    : #1665380027130 | took 0ms | statement | connection 22| url jdbc:h2:mem:ad3a9e80-f26d-4a3e-9691-17f803db5723
update picture set spot_id=?, url=? where picture_id=?
update picture set spot_id=368, url='java.io.StringReader@69d0e894' where picture_id=1262;
2022-10-10 14:33:47.130  INFO 4460 --- [    Test worker] p6spy                                    : #1665380027130 | took 0ms | statement | connection 22| url jdbc:h2:mem:ad3a9e80-f26d-4a3e-9691-17f803db5723
update picture set spot_id=?, url=? where picture_id=?
update picture set spot_id=368, url='java.io.StringReader@354866c4' where picture_id=1263;
2022-10-10 14:33:47.131  INFO 4460 --- [    Test worker] c.j.r.FavoriteSpotQueryRepositoryTest    : member1 = Member(id=12, username=member1, email=member1@gmail.com, password=1234)
2022-10-10 14:33:47.131  INFO 4460 --- [    Test worker] c.j.r.FavoriteSpotQueryRepositoryTest    : favoriteMain = Favorite(id=36, name=1일차)
2022-10-10 14:33:47.131  INFO 4460 --- [    Test worker] c.j.r.FavoriteSpotQueryRepositoryTest    : spots[0] = capstone.jejuTourrecommend.domain.Spot@6d9c656d
2022-10-10 14:33:47.131  INFO 4460 --- [    Test worker] c.j.r.FavoriteSpotQueryRepositoryTest    : favoriteSpots[0] = FavoriteSpot(id=271, count=0)
2022-10-10 14:33:47.133  INFO 4460 --- [    Test worker] p6spy                                    : #1665380027133 | took 0ms | statement | connection 22| url jdbc:h2:mem:ad3a9e80-f26d-4a3e-9691-17f803db5723
select favoritesp0_.favorite_spot_id as favorite1_1_0_, spot1_.spot_id as spot_id1_7_1_, favoritesp0_.count as count2_1_0_, favoritesp0_.favorite_id as favorite3_1_0_, favoritesp0_.spot_id as spot_id4_1_0_, spot1_.address as address2_7_1_, spot1_.description as descript3_7_1_, spot1_.location as location4_7_1_, spot1_.name as name5_7_1_, spot1_.score_id as score_id6_7_1_ from favorite_spot favoritesp0_ inner join spot spot1_ on favoritesp0_.spot_id=spot1_.spot_id where favoritesp0_.favorite_id=?
select favoritesp0_.favorite_spot_id as favorite1_1_0_, spot1_.spot_id as spot_id1_7_1_, favoritesp0_.count as count2_1_0_, favoritesp0_.favorite_id as favorite3_1_0_, favoritesp0_.spot_id as spot_id4_1_0_, spot1_.address as address2_7_1_, spot1_.description as descript3_7_1_, spot1_.location as location4_7_1_, spot1_.name as name5_7_1_, spot1_.score_id as score_id6_7_1_ from favorite_spot favoritesp0_ inner join spot spot1_ on favoritesp0_.spot_id=spot1_.spot_id where favoritesp0_.favorite_id=1;
2022-10-10 14:33:47.137  INFO 4460 --- [    Test worker] p6spy                                    : #1665380027137 | took 0ms | statement | connection 22| url jdbc:h2:mem:ad3a9e80-f26d-4a3e-9691-17f803db5723
select spot0_.spot_id as spot_id1_7_0_, pictures1_.picture_id as picture_1_4_1_, spot0_.address as address2_7_0_, spot0_.description as descript3_7_0_, spot0_.location as location4_7_0_, spot0_.name as name5_7_0_, spot0_.score_id as score_id6_7_0_, pictures1_.spot_id as spot_id3_4_1_, pictures1_.url as url2_4_1_, pictures1_.spot_id as spot_id3_4_0__, pictures1_.picture_id as picture_1_4_0__ from spot spot0_ inner join picture pictures1_ on spot0_.spot_id=pictures1_.spot_id where 1=2
select spot0_.spot_id as spot_id1_7_0_, pictures1_.picture_id as picture_1_4_1_, spot0_.address as address2_7_0_, spot0_.description as descript3_7_0_, spot0_.location as location4_7_0_, spot0_.name as name5_7_0_, spot0_.score_id as score_id6_7_0_, pictures1_.spot_id as spot_id3_4_1_, pictures1_.url as url2_4_1_, pictures1_.spot_id as spot_id3_4_0__, pictures1_.picture_id as picture_1_4_0__ from spot spot0_ inner join picture pictures1_ on spot0_.spot_id=pictures1_.spot_id where 1=2;
2022-10-10 14:33:47.138  INFO 4460 --- [    Test worker] c.j.r.FavoriteSpotQueryRepositoryTest    : spotListDtos = [] 
2022-10-10 14:33:47.144  INFO 4460 --- [    Test worker] p6spy                                    : #1665380027144 | took 5ms | rollback | connection 22| url jdbc:h2:mem:ad3a9e80-f26d-4a3e-9691-17f803db5723

;
2022-10-10 14:33:47.146  INFO 4460 --- [    Test worker] o.s.t.c.transaction.TransactionContext   : Rolled back transaction for test: [DefaultTestContext@62231c0f testClass = FavoriteSpotQueryRepositoryTest, testInstance = capstone.jejuTourrecommend.repository.FavoriteSpotQueryRepositoryTest@669430f, testMethod = favoriteSpotListTest@FavoriteSpotQueryRepositoryTest, testException = [null], mergedContextConfiguration = [WebMergedContextConfiguration@fdc872e testClass = FavoriteSpotQueryRepositoryTest, locations = '{}', classes = '{class capstone.jejuTourrecommend.JejuTourRecommendApplication}', contextInitializerClasses = '[]', activeProfiles = '{}', propertySourceLocations = '{}', propertySourceProperties = '{org.springframework.boot.test.context.SpringBootTestContextBootstrapper=true}', contextCustomizers = set[org.springframework.boot.test.autoconfigure.actuate.metrics.MetricsExportContextCustomizerFactory$DisableMetricExportContextCustomizer@749c877b, org.springframework.boot.test.autoconfigure.properties.PropertyMappingContextCustomizer@0, org.springframework.boot.test.autoconfigure.web.servlet.WebDriverContextCustomizerFactory$Customizer@60f7cc1d, org.springframework.boot.test.context.filter.ExcludeFilterContextCustomizer@207ea13, org.springframework.boot.test.json.DuplicateJsonObjectContextCustomizerFactory$DuplicateJsonObjectContextCustomizer@5827af16, org.springframework.boot.test.mock.mockito.MockitoContextCustomizer@0, org.springframework.boot.test.web.client.TestRestTemplateContextCustomizer@50fe837a, org.springframework.boot.test.context.SpringBootTestArgs@1, org.springframework.boot.test.context.SpringBootTestWebEnvironment@51bd8b5c], resourceBasePath = 'src/main/webapp', contextLoader = 'org.springframework.boot.test.context.SpringBootContextLoader', parent = [null]], attributes = map['org.springframework.test.context.web.ServletTestExecutionListener.activateListener' -> true, 'org.springframework.test.context.web.ServletTestExecutionListener.populatedRequestContextHolder' -> true, 'org.springframework.test.context.web.ServletTestExecutionListener.resetRequestContextHolder' -> true, 'org.springframework.test.context.event.ApplicationEventsTestExecutionListener.recordApplicationEvents' -> false]]
2022-10-10 14:33:47.147  INFO 4460 --- [    Test worker] o.s.t.c.transaction.TransactionContext   : Began transaction (1) for test context [DefaultTestContext@62231c0f testClass = FavoriteSpotQueryRepositoryTest, testInstance = capstone.jejuTourrecommend.repository.FavoriteSpotQueryRepositoryTest@33bb8859, testMethod = optimizationFavoriteListTest@FavoriteSpotQueryRepositoryTest, testException = [null], mergedContextConfiguration = [WebMergedContextConfiguration@fdc872e testClass = FavoriteSpotQueryRepositoryTest, locations = '{}', classes = '{class capstone.jejuTourrecommend.JejuTourRecommendApplication}', contextInitializerClasses = '[]', activeProfiles = '{}', propertySourceLocations = '{}', propertySourceProperties = '{org.springframework.boot.test.context.SpringBootTestContextBootstrapper=true}', contextCustomizers = set[org.springframework.boot.test.autoconfigure.actuate.metrics.MetricsExportContextCustomizerFactory$DisableMetricExportContextCustomizer@749c877b, org.springframework.boot.test.autoconfigure.properties.PropertyMappingContextCustomizer@0, org.springframework.boot.test.autoconfigure.web.servlet.WebDriverContextCustomizerFactory$Customizer@60f7cc1d, org.springframework.boot.test.context.filter.ExcludeFilterContextCustomizer@207ea13, org.springframework.boot.test.json.DuplicateJsonObjectContextCustomizerFactory$DuplicateJsonObjectContextCustomizer@5827af16, org.springframework.boot.test.mock.mockito.MockitoContextCustomizer@0, org.springframework.boot.test.web.client.TestRestTemplateContextCustomizer@50fe837a, org.springframework.boot.test.context.SpringBootTestArgs@1, org.springframework.boot.test.context.SpringBootTestWebEnvironment@51bd8b5c], resourceBasePath = 'src/main/webapp', contextLoader = 'org.springframework.boot.test.context.SpringBootContextLoader', parent = [null]], attributes = map['org.springframework.test.context.web.ServletTestExecutionListener.activateListener' -> true, 'org.springframework.test.context.web.ServletTestExecutionListener.populatedRequestContextHolder' -> true, 'org.springframework.test.context.web.ServletTestExecutionListener.resetRequestContextHolder' -> true, 'org.springframework.test.context.event.ApplicationEventsTestExecutionListener.recordApplicationEvents' -> false]]; transaction manager [org.springframework.orm.jpa.JpaTransactionManager@4545ac62]; rollback [true]
2022-10-10 14:33:47.148  INFO 4460 --- [    Test worker] c.j.r.FavoriteSpotQueryRepositoryTest    : member1 =Member(id=14, username=member1, email=member1@gmail.com, password=1234)
2022-10-10 14:33:47.148  INFO 4460 --- [    Test worker] p6spy                                    : #1665380027148 | took 0ms | statement | connection 23| url jdbc:h2:mem:ad3a9e80-f26d-4a3e-9691-17f803db5723
call next value for hibernate_sequence
call next value for hibernate_sequence;
2022-10-10 14:33:47.148  INFO 4460 --- [    Test worker] p6spy                                    : #1665380027148 | took 0ms | statement | connection 23| url jdbc:h2:mem:ad3a9e80-f26d-4a3e-9691-17f803db5723
call next value for hibernate_sequence
call next value for hibernate_sequence;
2022-10-10 14:33:47.148  INFO 4460 --- [    Test worker] p6spy                                    : #1665380027148 | took 0ms | statement | connection 23| url jdbc:h2:mem:ad3a9e80-f26d-4a3e-9691-17f803db5723
call next value for hibernate_sequence
call next value for hibernate_sequence;
2022-10-10 14:33:47.148  INFO 4460 --- [    Test worker] p6spy                                    : #1665380027148 | took 0ms | statement | connection 23| url jdbc:h2:mem:ad3a9e80-f26d-4a3e-9691-17f803db5723
call next value for hibernate_sequence
call next value for hibernate_sequence;
2022-10-10 14:33:47.148  INFO 4460 --- [    Test worker] c.j.r.FavoriteSpotQueryRepositoryTest    : favoriteSpot = FavoriteSpot(id=321, count=0)
2022-10-10 14:33:47.148  INFO 4460 --- [    Test worker] c.j.r.FavoriteSpotQueryRepositoryTest    : Spot = capstone.jejuTourrecommend.domain.Spot@4240b0d5
2022-10-10 14:33:47.148  INFO 4460 --- [    Test worker] p6spy                                    : #1665380027148 | took 0ms | statement | connection 23| url jdbc:h2:mem:ad3a9e80-f26d-4a3e-9691-17f803db5723
call next value for hibernate_sequence
call next value for hibernate_sequence;
2022-10-10 14:33:47.148  INFO 4460 --- [    Test worker] p6spy                                    : #1665380027148 | took 0ms | statement | connection 23| url jdbc:h2:mem:ad3a9e80-f26d-4a3e-9691-17f803db5723
call next value for hibernate_sequence
call next value for hibernate_sequence;
2022-10-10 14:33:47.148  INFO 4460 --- [    Test worker] p6spy                                    : #1665380027148 | took 0ms | statement | connection 23| url jdbc:h2:mem:ad3a9e80-f26d-4a3e-9691-17f803db5723
call next value for hibernate_sequence
call next value for hibernate_sequence;
2022-10-10 14:33:47.148  INFO 4460 --- [    Test worker] p6spy                                    : #1665380027148 | took 0ms | statement | connection 23| url jdbc:h2:mem:ad3a9e80-f26d-4a3e-9691-17f803db5723
call next value for hibernate_sequence
call next value for hibernate_sequence;
2022-10-10 14:33:47.148  INFO 4460 --- [    Test worker] p6spy                                    : #1665380027148 | took 0ms | statement | connection 23| url jdbc:h2:mem:ad3a9e80-f26d-4a3e-9691-17f803db5723
call next value for hibernate_sequence
call next value for hibernate_sequence;
2022-10-10 14:33:47.148  INFO 4460 --- [    Test worker] p6spy                                    : #1665380027148 | took 0ms | statement | connection 23| url jdbc:h2:mem:ad3a9e80-f26d-4a3e-9691-17f803db5723
call next value for hibernate_sequence
call next value for hibernate_sequence;
2022-10-10 14:33:47.148  INFO 4460 --- [    Test worker] p6spy                                    : #1665380027148 | took 0ms | statement | connection 23| url jdbc:h2:mem:ad3a9e80-f26d-4a3e-9691-17f803db5723
call next value for hibernate_sequence
call next value for hibernate_sequence;
2022-10-10 14:33:47.148  INFO 4460 --- [    Test worker] p6spy                                    : #1665380027148 | took 0ms | statement | connection 23| url jdbc:h2:mem:ad3a9e80-f26d-4a3e-9691-17f803db5723
call next value for hibernate_sequence
call next value for hibernate_sequence;
2022-10-10 14:33:47.148  INFO 4460 --- [    Test worker] c.j.r.FavoriteSpotQueryRepositoryTest    : favoriteSpot = FavoriteSpot(id=322, count=0)
2022-10-10 14:33:47.148  INFO 4460 --- [    Test worker] c.j.r.FavoriteSpotQueryRepositoryTest    : Spot = capstone.jejuTourrecommend.domain.Spot@1eedcb1
2022-10-10 14:33:47.149  INFO 4460 --- [    Test worker] p6spy                                    : #1665380027149 | took 0ms | statement | connection 23| url jdbc:h2:mem:ad3a9e80-f26d-4a3e-9691-17f803db5723
call next value for hibernate_sequence
call next value for hibernate_sequence;
2022-10-10 14:33:47.149  INFO 4460 --- [    Test worker] p6spy                                    : #1665380027149 | took 0ms | statement | connection 23| url jdbc:h2:mem:ad3a9e80-f26d-4a3e-9691-17f803db5723
call next value for hibernate_sequence
call next value for hibernate_sequence;
2022-10-10 14:33:47.149  INFO 4460 --- [    Test worker] p6spy                                    : #1665380027149 | took 0ms | statement | connection 23| url jdbc:h2:mem:ad3a9e80-f26d-4a3e-9691-17f803db5723
call next value for hibernate_sequence
call next value for hibernate_sequence;
2022-10-10 14:33:47.149  INFO 4460 --- [    Test worker] p6spy                                    : #1665380027149 | took 0ms | statement | connection 23| url jdbc:h2:mem:ad3a9e80-f26d-4a3e-9691-17f803db5723
call next value for hibernate_sequence
call next value for hibernate_sequence;
2022-10-10 14:33:47.149  INFO 4460 --- [    Test worker] p6spy                                    : #1665380027149 | took 0ms | statement | connection 23| url jdbc:h2:mem:ad3a9e80-f26d-4a3e-9691-17f803db5723
call next value for hibernate_sequence
call next value for hibernate_sequence;
2022-10-10 14:33:47.149  INFO 4460 --- [    Test worker] p6spy                                    : #1665380027149 | took 0ms | statement | connection 23| url jdbc:h2:mem:ad3a9e80-f26d-4a3e-9691-17f803db5723
call next value for hibernate_sequence
call next value for hibernate_sequence;
2022-10-10 14:33:47.149  INFO 4460 --- [    Test worker] p6spy                                    : #1665380027149 | took 0ms | statement | connection 23| url jdbc:h2:mem:ad3a9e80-f26d-4a3e-9691-17f803db5723
call next value for hibernate_sequence
call next value for hibernate_sequence;
2022-10-10 14:33:47.149  INFO 4460 --- [    Test worker] p6spy                                    : #1665380027149 | took 0ms | statement | connection 23| url jdbc:h2:mem:ad3a9e80-f26d-4a3e-9691-17f803db5723
call next value for hibernate_sequence
call next value for hibernate_sequence;
2022-10-10 14:33:47.149  INFO 4460 --- [    Test worker] c.j.r.FavoriteSpotQueryRepositoryTest    : favoriteSpot = FavoriteSpot(id=323, count=0)
2022-10-10 14:33:47.149  INFO 4460 --- [    Test worker] c.j.r.FavoriteSpotQueryRepositoryTest    : Spot = capstone.jejuTourrecommend.domain.Spot@33872ebd
2022-10-10 14:33:47.149  INFO 4460 --- [    Test worker] p6spy                                    : #1665380027149 | took 0ms | statement | connection 23| url jdbc:h2:mem:ad3a9e80-f26d-4a3e-9691-17f803db5723
call next value for hibernate_sequence
call next value for hibernate_sequence;
2022-10-10 14:33:47.149  INFO 4460 --- [    Test worker] p6spy                                    : #1665380027149 | took 0ms | statement | connection 23| url jdbc:h2:mem:ad3a9e80-f26d-4a3e-9691-17f803db5723
call next value for hibernate_sequence
call next value for hibernate_sequence;
2022-10-10 14:33:47.149  INFO 4460 --- [    Test worker] p6spy                                    : #1665380027149 | took 0ms | statement | connection 23| url jdbc:h2:mem:ad3a9e80-f26d-4a3e-9691-17f803db5723
call next value for hibernate_sequence
call next value for hibernate_sequence;
2022-10-10 14:33:47.149  INFO 4460 --- [    Test worker] p6spy                                    : #1665380027149 | took 0ms | statement | connection 23| url jdbc:h2:mem:ad3a9e80-f26d-4a3e-9691-17f803db5723
call next value for hibernate_sequence
call next value for hibernate_sequence;
2022-10-10 14:33:47.149  INFO 4460 --- [    Test worker] p6spy                                    : #1665380027149 | took 0ms | statement | connection 23| url jdbc:h2:mem:ad3a9e80-f26d-4a3e-9691-17f803db5723
call next value for hibernate_sequence
call next value for hibernate_sequence;
2022-10-10 14:33:47.149  INFO 4460 --- [    Test worker] p6spy                                    : #1665380027149 | took 0ms | statement | connection 23| url jdbc:h2:mem:ad3a9e80-f26d-4a3e-9691-17f803db5723
call next value for hibernate_sequence
call next value for hibernate_sequence;
2022-10-10 14:33:47.149  INFO 4460 --- [    Test worker] p6spy                                    : #1665380027149 | took 0ms | statement | connection 23| url jdbc:h2:mem:ad3a9e80-f26d-4a3e-9691-17f803db5723
call next value for hibernate_sequence
call next value for hibernate_sequence;
2022-10-10 14:33:47.149  INFO 4460 --- [    Test worker] p6spy                                    : #1665380027149 | took 0ms | statement | connection 23| url jdbc:h2:mem:ad3a9e80-f26d-4a3e-9691-17f803db5723
call next value for hibernate_sequence
call next value for hibernate_sequence;
2022-10-10 14:33:47.149  INFO 4460 --- [    Test worker] c.j.r.FavoriteSpotQueryRepositoryTest    : favoriteSpot = FavoriteSpot(id=324, count=0)
2022-10-10 14:33:47.149  INFO 4460 --- [    Test worker] c.j.r.FavoriteSpotQueryRepositoryTest    : Spot = capstone.jejuTourrecommend.domain.Spot@b878400
2022-10-10 14:33:47.149  INFO 4460 --- [    Test worker] p6spy                                    : #1665380027149 | took 0ms | statement | connection 23| url jdbc:h2:mem:ad3a9e80-f26d-4a3e-9691-17f803db5723
call next value for hibernate_sequence
call next value for hibernate_sequence;
2022-10-10 14:33:47.149  INFO 4460 --- [    Test worker] p6spy                                    : #1665380027149 | took 0ms | statement | connection 23| url jdbc:h2:mem:ad3a9e80-f26d-4a3e-9691-17f803db5723
call next value for hibernate_sequence
call next value for hibernate_sequence;
2022-10-10 14:33:47.149  INFO 4460 --- [    Test worker] p6spy                                    : #1665380027149 | took 0ms | statement | connection 23| url jdbc:h2:mem:ad3a9e80-f26d-4a3e-9691-17f803db5723
call next value for hibernate_sequence
call next value for hibernate_sequence;
2022-10-10 14:33:47.149  INFO 4460 --- [    Test worker] p6spy                                    : #1665380027149 | took 0ms | statement | connection 23| url jdbc:h2:mem:ad3a9e80-f26d-4a3e-9691-17f803db5723
call next value for hibernate_sequence
call next value for hibernate_sequence;
2022-10-10 14:33:47.149  INFO 4460 --- [    Test worker] p6spy                                    : #1665380027149 | took 0ms | statement | connection 23| url jdbc:h2:mem:ad3a9e80-f26d-4a3e-9691-17f803db5723
call next value for hibernate_sequence
call next value for hibernate_sequence;
2022-10-10 14:33:47.149  INFO 4460 --- [    Test worker] p6spy                                    : #1665380027149 | took 0ms | statement | connection 23| url jdbc:h2:mem:ad3a9e80-f26d-4a3e-9691-17f803db5723
call next value for hibernate_sequence
call next value for hibernate_sequence;
2022-10-10 14:33:47.149  INFO 4460 --- [    Test worker] p6spy                                    : #1665380027149 | took 0ms | statement | connection 23| url jdbc:h2:mem:ad3a9e80-f26d-4a3e-9691-17f803db5723
call next value for hibernate_sequence
call next value for hibernate_sequence;
2022-10-10 14:33:47.149  INFO 4460 --- [    Test worker] p6spy                                    : #1665380027149 | took 0ms | statement | connection 23| url jdbc:h2:mem:ad3a9e80-f26d-4a3e-9691-17f803db5723
call next value for hibernate_sequence
call next value for hibernate_sequence;
2022-10-10 14:33:47.149  INFO 4460 --- [    Test worker] c.j.r.FavoriteSpotQueryRepositoryTest    : favoriteSpot = FavoriteSpot(id=325, count=0)
2022-10-10 14:33:47.149  INFO 4460 --- [    Test worker] c.j.r.FavoriteSpotQueryRepositoryTest    : Spot = capstone.jejuTourrecommend.domain.Spot@14209c3e
2022-10-10 14:33:47.149  INFO 4460 --- [    Test worker] p6spy                                    : #1665380027149 | took 0ms | statement | connection 23| url jdbc:h2:mem:ad3a9e80-f26d-4a3e-9691-17f803db5723
call next value for hibernate_sequence
call next value for hibernate_sequence;
2022-10-10 14:33:47.149  INFO 4460 --- [    Test worker] p6spy                                    : #1665380027149 | took 0ms | statement | connection 23| url jdbc:h2:mem:ad3a9e80-f26d-4a3e-9691-17f803db5723
call next value for hibernate_sequence
call next value for hibernate_sequence;
2022-10-10 14:33:47.149  INFO 4460 --- [    Test worker] p6spy                                    : #1665380027149 | took 0ms | statement | connection 23| url jdbc:h2:mem:ad3a9e80-f26d-4a3e-9691-17f803db5723
call next value for hibernate_sequence
call next value for hibernate_sequence;
2022-10-10 14:33:47.149  INFO 4460 --- [    Test worker] p6spy                                    : #1665380027149 | took 0ms | statement | connection 23| url jdbc:h2:mem:ad3a9e80-f26d-4a3e-9691-17f803db5723
call next value for hibernate_sequence
call next value for hibernate_sequence;
2022-10-10 14:33:47.149  INFO 4460 --- [    Test worker] p6spy                                    : #1665380027149 | took 0ms | statement | connection 23| url jdbc:h2:mem:ad3a9e80-f26d-4a3e-9691-17f803db5723
call next value for hibernate_sequence
call next value for hibernate_sequence;
2022-10-10 14:33:47.149  INFO 4460 --- [    Test worker] p6spy                                    : #1665380027149 | took 0ms | statement | connection 23| url jdbc:h2:mem:ad3a9e80-f26d-4a3e-9691-17f803db5723
call next value for hibernate_sequence
call next value for hibernate_sequence;
2022-10-10 14:33:47.149  INFO 4460 --- [    Test worker] p6spy                                    : #1665380027149 | took 0ms | statement | connection 23| url jdbc:h2:mem:ad3a9e80-f26d-4a3e-9691-17f803db5723
call next value for hibernate_sequence
call next value for hibernate_sequence;
2022-10-10 14:33:47.149  INFO 4460 --- [    Test worker] p6spy                                    : #1665380027149 | took 0ms | statement | connection 23| url jdbc:h2:mem:ad3a9e80-f26d-4a3e-9691-17f803db5723
call next value for hibernate_sequence
call next value for hibernate_sequence;
2022-10-10 14:33:47.149  INFO 4460 --- [    Test worker] c.j.r.FavoriteSpotQueryRepositoryTest    : favoriteSpot = FavoriteSpot(id=326, count=0)
2022-10-10 14:33:47.149  INFO 4460 --- [    Test worker] c.j.r.FavoriteSpotQueryRepositoryTest    : Spot = capstone.jejuTourrecommend.domain.Spot@19199df
2022-10-10 14:33:47.150  INFO 4460 --- [    Test worker] p6spy                                    : #1665380027150 | took 0ms | statement | connection 23| url jdbc:h2:mem:ad3a9e80-f26d-4a3e-9691-17f803db5723
call next value for hibernate_sequence
call next value for hibernate_sequence;
2022-10-10 14:33:47.150  INFO 4460 --- [    Test worker] p6spy                                    : #1665380027150 | took 0ms | statement | connection 23| url jdbc:h2:mem:ad3a9e80-f26d-4a3e-9691-17f803db5723
call next value for hibernate_sequence
call next value for hibernate_sequence;
2022-10-10 14:33:47.150  INFO 4460 --- [    Test worker] p6spy                                    : #1665380027150 | took 0ms | statement | connection 23| url jdbc:h2:mem:ad3a9e80-f26d-4a3e-9691-17f803db5723
call next value for hibernate_sequence
call next value for hibernate_sequence;
2022-10-10 14:33:47.150  INFO 4460 --- [    Test worker] p6spy                                    : #1665380027150 | took 0ms | statement | connection 23| url jdbc:h2:mem:ad3a9e80-f26d-4a3e-9691-17f803db5723
call next value for hibernate_sequence
call next value for hibernate_sequence;
2022-10-10 14:33:47.150  INFO 4460 --- [    Test worker] p6spy                                    : #1665380027150 | took 0ms | statement | connection 23| url jdbc:h2:mem:ad3a9e80-f26d-4a3e-9691-17f803db5723
call next value for hibernate_sequence
call next value for hibernate_sequence;
2022-10-10 14:33:47.150  INFO 4460 --- [    Test worker] p6spy                                    : #1665380027150 | took 0ms | statement | connection 23| url jdbc:h2:mem:ad3a9e80-f26d-4a3e-9691-17f803db5723
call next value for hibernate_sequence
call next value for hibernate_sequence;
2022-10-10 14:33:47.150  INFO 4460 --- [    Test worker] p6spy                                    : #1665380027150 | took 0ms | statement | connection 23| url jdbc:h2:mem:ad3a9e80-f26d-4a3e-9691-17f803db5723
call next value for hibernate_sequence
call next value for hibernate_sequence;
2022-10-10 14:33:47.150  INFO 4460 --- [    Test worker] p6spy                                    : #1665380027150 | took 0ms | statement | connection 23| url jdbc:h2:mem:ad3a9e80-f26d-4a3e-9691-17f803db5723
call next value for hibernate_sequence
call next value for hibernate_sequence;
2022-10-10 14:33:47.150  INFO 4460 --- [    Test worker] c.j.r.FavoriteSpotQueryRepositoryTest    : favoriteSpot = FavoriteSpot(id=327, count=0)
2022-10-10 14:33:47.150  INFO 4460 --- [    Test worker] c.j.r.FavoriteSpotQueryRepositoryTest    : Spot = capstone.jejuTourrecommend.domain.Spot@653d1d7c
2022-10-10 14:33:47.150  INFO 4460 --- [    Test worker] p6spy                                    : #1665380027150 | took 0ms | statement | connection 23| url jdbc:h2:mem:ad3a9e80-f26d-4a3e-9691-17f803db5723
call next value for hibernate_sequence
call next value for hibernate_sequence;
2022-10-10 14:33:47.150  INFO 4460 --- [    Test worker] p6spy                                    : #1665380027150 | took 0ms | statement | connection 23| url jdbc:h2:mem:ad3a9e80-f26d-4a3e-9691-17f803db5723
call next value for hibernate_sequence
call next value for hibernate_sequence;
2022-10-10 14:33:47.150  INFO 4460 --- [    Test worker] p6spy                                    : #1665380027150 | took 0ms | statement | connection 23| url jdbc:h2:mem:ad3a9e80-f26d-4a3e-9691-17f803db5723
call next value for hibernate_sequence
call next value for hibernate_sequence;
2022-10-10 14:33:47.150  INFO 4460 --- [    Test worker] p6spy                                    : #1665380027150 | took 0ms | statement | connection 23| url jdbc:h2:mem:ad3a9e80-f26d-4a3e-9691-17f803db5723
call next value for hibernate_sequence
call next value for hibernate_sequence;
2022-10-10 14:33:47.150  INFO 4460 --- [    Test worker] p6spy                                    : #1665380027150 | took 0ms | statement | connection 23| url jdbc:h2:mem:ad3a9e80-f26d-4a3e-9691-17f803db5723
call next value for hibernate_sequence
call next value for hibernate_sequence;
2022-10-10 14:33:47.150  INFO 4460 --- [    Test worker] p6spy                                    : #1665380027150 | took 0ms | statement | connection 23| url jdbc:h2:mem:ad3a9e80-f26d-4a3e-9691-17f803db5723
call next value for hibernate_sequence
call next value for hibernate_sequence;
2022-10-10 14:33:47.150  INFO 4460 --- [    Test worker] p6spy                                    : #1665380027150 | took 0ms | statement | connection 23| url jdbc:h2:mem:ad3a9e80-f26d-4a3e-9691-17f803db5723
call next value for hibernate_sequence
call next value for hibernate_sequence;
2022-10-10 14:33:47.150  INFO 4460 --- [    Test worker] p6spy                                    : #1665380027150 | took 0ms | statement | connection 23| url jdbc:h2:mem:ad3a9e80-f26d-4a3e-9691-17f803db5723
call next value for hibernate_sequence
call next value for hibernate_sequence;
2022-10-10 14:33:47.150  INFO 4460 --- [    Test worker] c.j.r.FavoriteSpotQueryRepositoryTest    : favoriteSpot = FavoriteSpot(id=328, count=0)
2022-10-10 14:33:47.150  INFO 4460 --- [    Test worker] c.j.r.FavoriteSpotQueryRepositoryTest    : Spot = capstone.jejuTourrecommend.domain.Spot@71f76e87
2022-10-10 14:33:47.150  INFO 4460 --- [    Test worker] p6spy                                    : #1665380027150 | took 0ms | statement | connection 23| url jdbc:h2:mem:ad3a9e80-f26d-4a3e-9691-17f803db5723
call next value for hibernate_sequence
call next value for hibernate_sequence;
2022-10-10 14:33:47.150  INFO 4460 --- [    Test worker] p6spy                                    : #1665380027150 | took 0ms | statement | connection 23| url jdbc:h2:mem:ad3a9e80-f26d-4a3e-9691-17f803db5723
call next value for hibernate_sequence
call next value for hibernate_sequence;
2022-10-10 14:33:47.150  INFO 4460 --- [    Test worker] p6spy                                    : #1665380027150 | took 0ms | statement | connection 23| url jdbc:h2:mem:ad3a9e80-f26d-4a3e-9691-17f803db5723
call next value for hibernate_sequence
call next value for hibernate_sequence;
2022-10-10 14:33:47.150  INFO 4460 --- [    Test worker] p6spy                                    : #1665380027150 | took 0ms | statement | connection 23| url jdbc:h2:mem:ad3a9e80-f26d-4a3e-9691-17f803db5723
call next value for hibernate_sequence
call next value for hibernate_sequence;
2022-10-10 14:33:47.150  INFO 4460 --- [    Test worker] p6spy                                    : #1665380027150 | took 0ms | statement | connection 23| url jdbc:h2:mem:ad3a9e80-f26d-4a3e-9691-17f803db5723
call next value for hibernate_sequence
call next value for hibernate_sequence;
2022-10-10 14:33:47.150  INFO 4460 --- [    Test worker] p6spy                                    : #1665380027150 | took 0ms | statement | connection 23| url jdbc:h2:mem:ad3a9e80-f26d-4a3e-9691-17f803db5723
call next value for hibernate_sequence
call next value for hibernate_sequence;
2022-10-10 14:33:47.150  INFO 4460 --- [    Test worker] p6spy                                    : #1665380027150 | took 0ms | statement | connection 23| url jdbc:h2:mem:ad3a9e80-f26d-4a3e-9691-17f803db5723
call next value for hibernate_sequence
call next value for hibernate_sequence;
2022-10-10 14:33:47.151  INFO 4460 --- [    Test worker] p6spy                                    : #1665380027151 | took 0ms | statement | connection 23| url jdbc:h2:mem:ad3a9e80-f26d-4a3e-9691-17f803db5723
call next value for hibernate_sequence
call next value for hibernate_sequence;
2022-10-10 14:33:47.151  INFO 4460 --- [    Test worker] c.j.r.FavoriteSpotQueryRepositoryTest    : favoriteSpot = FavoriteSpot(id=329, count=0)
2022-10-10 14:33:47.151  INFO 4460 --- [    Test worker] c.j.r.FavoriteSpotQueryRepositoryTest    : Spot = capstone.jejuTourrecommend.domain.Spot@3a753306
2022-10-10 14:33:47.151  INFO 4460 --- [    Test worker] p6spy                                    : #1665380027151 | took 0ms | statement | connection 23| url jdbc:h2:mem:ad3a9e80-f26d-4a3e-9691-17f803db5723
call next value for hibernate_sequence
call next value for hibernate_sequence;
2022-10-10 14:33:47.151  INFO 4460 --- [    Test worker] p6spy                                    : #1665380027151 | took 0ms | statement | connection 23| url jdbc:h2:mem:ad3a9e80-f26d-4a3e-9691-17f803db5723
call next value for hibernate_sequence
call next value for hibernate_sequence;
2022-10-10 14:33:47.151  INFO 4460 --- [    Test worker] p6spy                                    : #1665380027151 | took 0ms | statement | connection 23| url jdbc:h2:mem:ad3a9e80-f26d-4a3e-9691-17f803db5723
call next value for hibernate_sequence
call next value for hibernate_sequence;
2022-10-10 14:33:47.151  INFO 4460 --- [    Test worker] p6spy                                    : #1665380027151 | took 0ms | statement | connection 23| url jdbc:h2:mem:ad3a9e80-f26d-4a3e-9691-17f803db5723
call next value for hibernate_sequence
call next value for hibernate_sequence;
2022-10-10 14:33:47.151  INFO 4460 --- [    Test worker] p6spy                                    : #1665380027151 | took 0ms | statement | connection 23| url jdbc:h2:mem:ad3a9e80-f26d-4a3e-9691-17f803db5723
call next value for hibernate_sequence
call next value for hibernate_sequence;
2022-10-10 14:33:47.151  INFO 4460 --- [    Test worker] p6spy                                    : #1665380027151 | took 0ms | statement | connection 23| url jdbc:h2:mem:ad3a9e80-f26d-4a3e-9691-17f803db5723
call next value for hibernate_sequence
call next value for hibernate_sequence;
2022-10-10 14:33:47.151  INFO 4460 --- [    Test worker] p6spy                                    : #1665380027151 | took 0ms | statement | connection 23| url jdbc:h2:mem:ad3a9e80-f26d-4a3e-9691-17f803db5723
call next value for hibernate_sequence
call next value for hibernate_sequence;
2022-10-10 14:33:47.151  INFO 4460 --- [    Test worker] p6spy                                    : #1665380027151 | took 0ms | statement | connection 23| url jdbc:h2:mem:ad3a9e80-f26d-4a3e-9691-17f803db5723
call next value for hibernate_sequence
call next value for hibernate_sequence;
2022-10-10 14:33:47.151  INFO 4460 --- [    Test worker] c.j.r.FavoriteSpotQueryRepositoryTest    : favoriteSpot = FavoriteSpot(id=330, count=0)
2022-10-10 14:33:47.151  INFO 4460 --- [    Test worker] c.j.r.FavoriteSpotQueryRepositoryTest    : Spot = capstone.jejuTourrecommend.domain.Spot@5475de4
2022-10-10 14:33:47.151  INFO 4460 --- [    Test worker] p6spy                                    : #1665380027151 | took 0ms | statement | connection 23| url jdbc:h2:mem:ad3a9e80-f26d-4a3e-9691-17f803db5723
call next value for hibernate_sequence
call next value for hibernate_sequence;
2022-10-10 14:33:47.151  INFO 4460 --- [    Test worker] p6spy                                    : #1665380027151 | took 0ms | statement | connection 23| url jdbc:h2:mem:ad3a9e80-f26d-4a3e-9691-17f803db5723
call next value for hibernate_sequence
call next value for hibernate_sequence;
2022-10-10 14:33:47.151  INFO 4460 --- [    Test worker] p6spy                                    : #1665380027151 | took 0ms | statement | connection 23| url jdbc:h2:mem:ad3a9e80-f26d-4a3e-9691-17f803db5723
call next value for hibernate_sequence
call next value for hibernate_sequence;
2022-10-10 14:33:47.151  INFO 4460 --- [    Test worker] p6spy                                    : #1665380027151 | took 0ms | statement | connection 23| url jdbc:h2:mem:ad3a9e80-f26d-4a3e-9691-17f803db5723
call next value for hibernate_sequence
call next value for hibernate_sequence;
2022-10-10 14:33:47.151  INFO 4460 --- [    Test worker] p6spy                                    : #1665380027151 | took 0ms | statement | connection 23| url jdbc:h2:mem:ad3a9e80-f26d-4a3e-9691-17f803db5723
call next value for hibernate_sequence
call next value for hibernate_sequence;
2022-10-10 14:33:47.151  INFO 4460 --- [    Test worker] p6spy                                    : #1665380027151 | took 0ms | statement | connection 23| url jdbc:h2:mem:ad3a9e80-f26d-4a3e-9691-17f803db5723
call next value for hibernate_sequence
call next value for hibernate_sequence;
2022-10-10 14:33:47.151  INFO 4460 --- [    Test worker] p6spy                                    : #1665380027151 | took 0ms | statement | connection 23| url jdbc:h2:mem:ad3a9e80-f26d-4a3e-9691-17f803db5723
call next value for hibernate_sequence
call next value for hibernate_sequence;
2022-10-10 14:33:47.151  INFO 4460 --- [    Test worker] p6spy                                    : #1665380027151 | took 0ms | statement | connection 23| url jdbc:h2:mem:ad3a9e80-f26d-4a3e-9691-17f803db5723
call next value for hibernate_sequence
call next value for hibernate_sequence;
2022-10-10 14:33:47.151  INFO 4460 --- [    Test worker] c.j.r.FavoriteSpotQueryRepositoryTest    : favoriteSpot = FavoriteSpot(id=331, count=0)
2022-10-10 14:33:47.151  INFO 4460 --- [    Test worker] c.j.r.FavoriteSpotQueryRepositoryTest    : Spot = capstone.jejuTourrecommend.domain.Spot@777bc5c0
2022-10-10 14:33:47.151  INFO 4460 --- [    Test worker] p6spy                                    : #1665380027151 | took 0ms | statement | connection 23| url jdbc:h2:mem:ad3a9e80-f26d-4a3e-9691-17f803db5723
call next value for hibernate_sequence
call next value for hibernate_sequence;
2022-10-10 14:33:47.151  INFO 4460 --- [    Test worker] p6spy                                    : #1665380027151 | took 0ms | statement | connection 23| url jdbc:h2:mem:ad3a9e80-f26d-4a3e-9691-17f803db5723
call next value for hibernate_sequence
call next value for hibernate_sequence;
2022-10-10 14:33:47.151  INFO 4460 --- [    Test worker] p6spy                                    : #1665380027151 | took 0ms | statement | connection 23| url jdbc:h2:mem:ad3a9e80-f26d-4a3e-9691-17f803db5723
call next value for hibernate_sequence
call next value for hibernate_sequence;
2022-10-10 14:33:47.152  INFO 4460 --- [    Test worker] p6spy                                    : #1665380027152 | took 0ms | statement | connection 23| url jdbc:h2:mem:ad3a9e80-f26d-4a3e-9691-17f803db5723
call next value for hibernate_sequence
call next value for hibernate_sequence;
2022-10-10 14:33:47.152  INFO 4460 --- [    Test worker] p6spy                                    : #1665380027152 | took 0ms | statement | connection 23| url jdbc:h2:mem:ad3a9e80-f26d-4a3e-9691-17f803db5723
call next value for hibernate_sequence
call next value for hibernate_sequence;
2022-10-10 14:33:47.152  INFO 4460 --- [    Test worker] p6spy                                    : #1665380027152 | took 0ms | statement | connection 23| url jdbc:h2:mem:ad3a9e80-f26d-4a3e-9691-17f803db5723
call next value for hibernate_sequence
call next value for hibernate_sequence;
2022-10-10 14:33:47.152  INFO 4460 --- [    Test worker] p6spy                                    : #1665380027152 | took 0ms | statement | connection 23| url jdbc:h2:mem:ad3a9e80-f26d-4a3e-9691-17f803db5723
call next value for hibernate_sequence
call next value for hibernate_sequence;
2022-10-10 14:33:47.152  INFO 4460 --- [    Test worker] p6spy                                    : #1665380027152 | took 0ms | statement | connection 23| url jdbc:h2:mem:ad3a9e80-f26d-4a3e-9691-17f803db5723
call next value for hibernate_sequence
call next value for hibernate_sequence;
2022-10-10 14:33:47.152  INFO 4460 --- [    Test worker] c.j.r.FavoriteSpotQueryRepositoryTest    : favoriteSpot = FavoriteSpot(id=332, count=0)
2022-10-10 14:33:47.152  INFO 4460 --- [    Test worker] c.j.r.FavoriteSpotQueryRepositoryTest    : Spot = capstone.jejuTourrecommend.domain.Spot@417df2ed
2022-10-10 14:33:47.152  INFO 4460 --- [    Test worker] p6spy                                    : #1665380027152 | took 0ms | statement | connection 23| url jdbc:h2:mem:ad3a9e80-f26d-4a3e-9691-17f803db5723
call next value for hibernate_sequence
call next value for hibernate_sequence;
2022-10-10 14:33:47.152  INFO 4460 --- [    Test worker] p6spy                                    : #1665380027152 | took 0ms | statement | connection 23| url jdbc:h2:mem:ad3a9e80-f26d-4a3e-9691-17f803db5723
call next value for hibernate_sequence
call next value for hibernate_sequence;
2022-10-10 14:33:47.152  INFO 4460 --- [    Test worker] p6spy                                    : #1665380027152 | took 0ms | statement | connection 23| url jdbc:h2:mem:ad3a9e80-f26d-4a3e-9691-17f803db5723
call next value for hibernate_sequence
call next value for hibernate_sequence;
2022-10-10 14:33:47.152  INFO 4460 --- [    Test worker] p6spy                                    : #1665380027152 | took 0ms | statement | connection 23| url jdbc:h2:mem:ad3a9e80-f26d-4a3e-9691-17f803db5723
call next value for hibernate_sequence
call next value for hibernate_sequence;
2022-10-10 14:33:47.152  INFO 4460 --- [    Test worker] p6spy                                    : #1665380027152 | took 0ms | statement | connection 23| url jdbc:h2:mem:ad3a9e80-f26d-4a3e-9691-17f803db5723
call next value for hibernate_sequence
call next value for hibernate_sequence;
2022-10-10 14:33:47.152  INFO 4460 --- [    Test worker] p6spy                                    : #1665380027152 | took 0ms | statement | connection 23| url jdbc:h2:mem:ad3a9e80-f26d-4a3e-9691-17f803db5723
call next value for hibernate_sequence
call next value for hibernate_sequence;
2022-10-10 14:33:47.152  INFO 4460 --- [    Test worker] p6spy                                    : #1665380027152 | took 0ms | statement | connection 23| url jdbc:h2:mem:ad3a9e80-f26d-4a3e-9691-17f803db5723
call next value for hibernate_sequence
call next value for hibernate_sequence;
2022-10-10 14:33:47.152  INFO 4460 --- [    Test worker] p6spy                                    : #1665380027152 | took 0ms | statement | connection 23| url jdbc:h2:mem:ad3a9e80-f26d-4a3e-9691-17f803db5723
call next value for hibernate_sequence
call next value for hibernate_sequence;
2022-10-10 14:33:47.152  INFO 4460 --- [    Test worker] c.j.r.FavoriteSpotQueryRepositoryTest    : favoriteSpot = FavoriteSpot(id=333, count=0)
2022-10-10 14:33:47.152  INFO 4460 --- [    Test worker] c.j.r.FavoriteSpotQueryRepositoryTest    : Spot = capstone.jejuTourrecommend.domain.Spot@7367b2bd
2022-10-10 14:33:47.152  INFO 4460 --- [    Test worker] p6spy                                    : #1665380027152 | took 0ms | statement | connection 23| url jdbc:h2:mem:ad3a9e80-f26d-4a3e-9691-17f803db5723
call next value for hibernate_sequence
call next value for hibernate_sequence;
2022-10-10 14:33:47.152  INFO 4460 --- [    Test worker] p6spy                                    : #1665380027152 | took 0ms | statement | connection 23| url jdbc:h2:mem:ad3a9e80-f26d-4a3e-9691-17f803db5723
call next value for hibernate_sequence
call next value for hibernate_sequence;
2022-10-10 14:33:47.152  INFO 4460 --- [    Test worker] p6spy                                    : #1665380027152 | took 0ms | statement | connection 23| url jdbc:h2:mem:ad3a9e80-f26d-4a3e-9691-17f803db5723
call next value for hibernate_sequence
call next value for hibernate_sequence;
2022-10-10 14:33:47.152  INFO 4460 --- [    Test worker] p6spy                                    : #1665380027152 | took 0ms | statement | connection 23| url jdbc:h2:mem:ad3a9e80-f26d-4a3e-9691-17f803db5723
call next value for hibernate_sequence
call next value for hibernate_sequence;
2022-10-10 14:33:47.152  INFO 4460 --- [    Test worker] p6spy                                    : #1665380027152 | took 0ms | statement | connection 23| url jdbc:h2:mem:ad3a9e80-f26d-4a3e-9691-17f803db5723
call next value for hibernate_sequence
call next value for hibernate_sequence;
2022-10-10 14:33:47.152  INFO 4460 --- [    Test worker] p6spy                                    : #1665380027152 | took 0ms | statement | connection 23| url jdbc:h2:mem:ad3a9e80-f26d-4a3e-9691-17f803db5723
call next value for hibernate_sequence
call next value for hibernate_sequence;
2022-10-10 14:33:47.152  INFO 4460 --- [    Test worker] p6spy                                    : #1665380027152 | took 0ms | statement | connection 23| url jdbc:h2:mem:ad3a9e80-f26d-4a3e-9691-17f803db5723
call next value for hibernate_sequence
call next value for hibernate_sequence;
2022-10-10 14:33:47.152  INFO 4460 --- [    Test worker] p6spy                                    : #1665380027152 | took 0ms | statement | connection 23| url jdbc:h2:mem:ad3a9e80-f26d-4a3e-9691-17f803db5723
call next value for hibernate_sequence
call next value for hibernate_sequence;
2022-10-10 14:33:47.152  INFO 4460 --- [    Test worker] c.j.r.FavoriteSpotQueryRepositoryTest    : favoriteSpot = FavoriteSpot(id=334, count=0)
2022-10-10 14:33:47.152  INFO 4460 --- [    Test worker] c.j.r.FavoriteSpotQueryRepositoryTest    : Spot = capstone.jejuTourrecommend.domain.Spot@47cf6b01
2022-10-10 14:33:47.152  INFO 4460 --- [    Test worker] p6spy                                    : #1665380027152 | took 0ms | statement | connection 23| url jdbc:h2:mem:ad3a9e80-f26d-4a3e-9691-17f803db5723
call next value for hibernate_sequence
call next value for hibernate_sequence;
2022-10-10 14:33:47.152  INFO 4460 --- [    Test worker] p6spy                                    : #1665380027152 | took 0ms | statement | connection 23| url jdbc:h2:mem:ad3a9e80-f26d-4a3e-9691-17f803db5723
call next value for hibernate_sequence
call next value for hibernate_sequence;
2022-10-10 14:33:47.152  INFO 4460 --- [    Test worker] p6spy                                    : #1665380027152 | took 0ms | statement | connection 23| url jdbc:h2:mem:ad3a9e80-f26d-4a3e-9691-17f803db5723
call next value for hibernate_sequence
call next value for hibernate_sequence;
2022-10-10 14:33:47.152  INFO 4460 --- [    Test worker] p6spy                                    : #1665380027152 | took 0ms | statement | connection 23| url jdbc:h2:mem:ad3a9e80-f26d-4a3e-9691-17f803db5723
call next value for hibernate_sequence
call next value for hibernate_sequence;
2022-10-10 14:33:47.152  INFO 4460 --- [    Test worker] p6spy                                    : #1665380027152 | took 0ms | statement | connection 23| url jdbc:h2:mem:ad3a9e80-f26d-4a3e-9691-17f803db5723
call next value for hibernate_sequence
call next value for hibernate_sequence;
2022-10-10 14:33:47.152  INFO 4460 --- [    Test worker] p6spy                                    : #1665380027152 | took 0ms | statement | connection 23| url jdbc:h2:mem:ad3a9e80-f26d-4a3e-9691-17f803db5723
call next value for hibernate_sequence
call next value for hibernate_sequence;
2022-10-10 14:33:47.152  INFO 4460 --- [    Test worker] p6spy                                    : #1665380027152 | took 0ms | statement | connection 23| url jdbc:h2:mem:ad3a9e80-f26d-4a3e-9691-17f803db5723
call next value for hibernate_sequence
call next value for hibernate_sequence;
2022-10-10 14:33:47.152  INFO 4460 --- [    Test worker] p6spy                                    : #1665380027152 | took 0ms | statement | connection 23| url jdbc:h2:mem:ad3a9e80-f26d-4a3e-9691-17f803db5723
call next value for hibernate_sequence
call next value for hibernate_sequence;
2022-10-10 14:33:47.152  INFO 4460 --- [    Test worker] c.j.r.FavoriteSpotQueryRepositoryTest    : favoriteSpot = FavoriteSpot(id=335, count=0)
2022-10-10 14:33:47.152  INFO 4460 --- [    Test worker] c.j.r.FavoriteSpotQueryRepositoryTest    : Spot = capstone.jejuTourrecommend.domain.Spot@3cea551d
2022-10-10 14:33:47.152  INFO 4460 --- [    Test worker] p6spy                                    : #1665380027152 | took 0ms | statement | connection 23| url jdbc:h2:mem:ad3a9e80-f26d-4a3e-9691-17f803db5723
call next value for hibernate_sequence
call next value for hibernate_sequence;
2022-10-10 14:33:47.152  INFO 4460 --- [    Test worker] p6spy                                    : #1665380027152 | took 0ms | statement | connection 23| url jdbc:h2:mem:ad3a9e80-f26d-4a3e-9691-17f803db5723
call next value for hibernate_sequence
call next value for hibernate_sequence;
2022-10-10 14:33:47.152  INFO 4460 --- [    Test worker] p6spy                                    : #1665380027152 | took 0ms | statement | connection 23| url jdbc:h2:mem:ad3a9e80-f26d-4a3e-9691-17f803db5723
call next value for hibernate_sequence
call next value for hibernate_sequence;
2022-10-10 14:33:47.153  INFO 4460 --- [    Test worker] p6spy                                    : #1665380027153 | took 0ms | statement | connection 23| url jdbc:h2:mem:ad3a9e80-f26d-4a3e-9691-17f803db5723
call next value for hibernate_sequence
call next value for hibernate_sequence;
2022-10-10 14:33:47.153  INFO 4460 --- [    Test worker] p6spy                                    : #1665380027153 | took 0ms | statement | connection 23| url jdbc:h2:mem:ad3a9e80-f26d-4a3e-9691-17f803db5723
call next value for hibernate_sequence
call next value for hibernate_sequence;
2022-10-10 14:33:47.153  INFO 4460 --- [    Test worker] p6spy                                    : #1665380027153 | took 0ms | statement | connection 23| url jdbc:h2:mem:ad3a9e80-f26d-4a3e-9691-17f803db5723
call next value for hibernate_sequence
call next value for hibernate_sequence;
2022-10-10 14:33:47.153  INFO 4460 --- [    Test worker] p6spy                                    : #1665380027153 | took 0ms | statement | connection 23| url jdbc:h2:mem:ad3a9e80-f26d-4a3e-9691-17f803db5723
call next value for hibernate_sequence
call next value for hibernate_sequence;
2022-10-10 14:33:47.153  INFO 4460 --- [    Test worker] p6spy                                    : #1665380027153 | took 0ms | statement | connection 23| url jdbc:h2:mem:ad3a9e80-f26d-4a3e-9691-17f803db5723
call next value for hibernate_sequence
call next value for hibernate_sequence;
2022-10-10 14:33:47.153  INFO 4460 --- [    Test worker] c.j.r.FavoriteSpotQueryRepositoryTest    : favoriteSpot = FavoriteSpot(id=336, count=0)
2022-10-10 14:33:47.153  INFO 4460 --- [    Test worker] c.j.r.FavoriteSpotQueryRepositoryTest    : Spot = capstone.jejuTourrecommend.domain.Spot@44730d2c
2022-10-10 14:33:47.153  INFO 4460 --- [    Test worker] p6spy                                    : #1665380027153 | took 0ms | statement | connection 23| url jdbc:h2:mem:ad3a9e80-f26d-4a3e-9691-17f803db5723
call next value for hibernate_sequence
call next value for hibernate_sequence;
2022-10-10 14:33:47.153  INFO 4460 --- [    Test worker] p6spy                                    : #1665380027153 | took 0ms | statement | connection 23| url jdbc:h2:mem:ad3a9e80-f26d-4a3e-9691-17f803db5723
call next value for hibernate_sequence
call next value for hibernate_sequence;
2022-10-10 14:33:47.153  INFO 4460 --- [    Test worker] p6spy                                    : #1665380027153 | took 0ms | statement | connection 23| url jdbc:h2:mem:ad3a9e80-f26d-4a3e-9691-17f803db5723
call next value for hibernate_sequence
call next value for hibernate_sequence;
2022-10-10 14:33:47.153  INFO 4460 --- [    Test worker] p6spy                                    : #1665380027153 | took 0ms | statement | connection 23| url jdbc:h2:mem:ad3a9e80-f26d-4a3e-9691-17f803db5723
call next value for hibernate_sequence
call next value for hibernate_sequence;
2022-10-10 14:33:47.153  INFO 4460 --- [    Test worker] p6spy                                    : #1665380027153 | took 0ms | statement | connection 23| url jdbc:h2:mem:ad3a9e80-f26d-4a3e-9691-17f803db5723
call next value for hibernate_sequence
call next value for hibernate_sequence;
2022-10-10 14:33:47.153  INFO 4460 --- [    Test worker] p6spy                                    : #1665380027153 | took 0ms | statement | connection 23| url jdbc:h2:mem:ad3a9e80-f26d-4a3e-9691-17f803db5723
call next value for hibernate_sequence
call next value for hibernate_sequence;
2022-10-10 14:33:47.153  INFO 4460 --- [    Test worker] p6spy                                    : #1665380027153 | took 0ms | statement | connection 23| url jdbc:h2:mem:ad3a9e80-f26d-4a3e-9691-17f803db5723
call next value for hibernate_sequence
call next value for hibernate_sequence;
2022-10-10 14:33:47.153  INFO 4460 --- [    Test worker] p6spy                                    : #1665380027153 | took 0ms | statement | connection 23| url jdbc:h2:mem:ad3a9e80-f26d-4a3e-9691-17f803db5723
call next value for hibernate_sequence
call next value for hibernate_sequence;
2022-10-10 14:33:47.153  INFO 4460 --- [    Test worker] c.j.r.FavoriteSpotQueryRepositoryTest    : favoriteSpot = FavoriteSpot(id=337, count=0)
2022-10-10 14:33:47.153  INFO 4460 --- [    Test worker] c.j.r.FavoriteSpotQueryRepositoryTest    : Spot = capstone.jejuTourrecommend.domain.Spot@52ac965f
2022-10-10 14:33:47.153  INFO 4460 --- [    Test worker] p6spy                                    : #1665380027153 | took 0ms | statement | connection 23| url jdbc:h2:mem:ad3a9e80-f26d-4a3e-9691-17f803db5723
call next value for hibernate_sequence
call next value for hibernate_sequence;
2022-10-10 14:33:47.153  INFO 4460 --- [    Test worker] p6spy                                    : #1665380027153 | took 0ms | statement | connection 23| url jdbc:h2:mem:ad3a9e80-f26d-4a3e-9691-17f803db5723
call next value for hibernate_sequence
call next value for hibernate_sequence;
2022-10-10 14:33:47.153  INFO 4460 --- [    Test worker] p6spy                                    : #1665380027153 | took 0ms | statement | connection 23| url jdbc:h2:mem:ad3a9e80-f26d-4a3e-9691-17f803db5723
call next value for hibernate_sequence
call next value for hibernate_sequence;
2022-10-10 14:33:47.153  INFO 4460 --- [    Test worker] p6spy                                    : #1665380027153 | took 0ms | statement | connection 23| url jdbc:h2:mem:ad3a9e80-f26d-4a3e-9691-17f803db5723
call next value for spot_seq
call next value for spot_seq;
2022-10-10 14:33:47.153  INFO 4460 --- [    Test worker] p6spy                                    : #1665380027153 | took 0ms | statement | connection 23| url jdbc:h2:mem:ad3a9e80-f26d-4a3e-9691-17f803db5723
call next value for hibernate_sequence
call next value for hibernate_sequence;
2022-10-10 14:33:47.153  INFO 4460 --- [    Test worker] p6spy                                    : #1665380027153 | took 0ms | statement | connection 23| url jdbc:h2:mem:ad3a9e80-f26d-4a3e-9691-17f803db5723
call next value for hibernate_sequence
call next value for hibernate_sequence;
2022-10-10 14:33:47.153  INFO 4460 --- [    Test worker] p6spy                                    : #1665380027153 | took 0ms | statement | connection 23| url jdbc:h2:mem:ad3a9e80-f26d-4a3e-9691-17f803db5723
call next value for hibernate_sequence
call next value for hibernate_sequence;
2022-10-10 14:33:47.153  INFO 4460 --- [    Test worker] p6spy                                    : #1665380027153 | took 0ms | statement | connection 23| url jdbc:h2:mem:ad3a9e80-f26d-4a3e-9691-17f803db5723
call next value for hibernate_sequence
call next value for hibernate_sequence;
2022-10-10 14:33:47.153  INFO 4460 --- [    Test worker] p6spy                                    : #1665380027153 | took 0ms | statement | connection 23| url jdbc:h2:mem:ad3a9e80-f26d-4a3e-9691-17f803db5723
call next value for hibernate_sequence
call next value for hibernate_sequence;
2022-10-10 14:33:47.153  INFO 4460 --- [    Test worker] c.j.r.FavoriteSpotQueryRepositoryTest    : favoriteSpot = FavoriteSpot(id=338, count=0)
2022-10-10 14:33:47.153  INFO 4460 --- [    Test worker] c.j.r.FavoriteSpotQueryRepositoryTest    : Spot = capstone.jejuTourrecommend.domain.Spot@50cd6946
2022-10-10 14:33:47.153  INFO 4460 --- [    Test worker] p6spy                                    : #1665380027153 | took 0ms | statement | connection 23| url jdbc:h2:mem:ad3a9e80-f26d-4a3e-9691-17f803db5723
call next value for hibernate_sequence
call next value for hibernate_sequence;
2022-10-10 14:33:47.153  INFO 4460 --- [    Test worker] p6spy                                    : #1665380027153 | took 0ms | statement | connection 23| url jdbc:h2:mem:ad3a9e80-f26d-4a3e-9691-17f803db5723
call next value for hibernate_sequence
call next value for hibernate_sequence;
2022-10-10 14:33:47.153  INFO 4460 --- [    Test worker] p6spy                                    : #1665380027153 | took 0ms | statement | connection 23| url jdbc:h2:mem:ad3a9e80-f26d-4a3e-9691-17f803db5723
call next value for hibernate_sequence
call next value for hibernate_sequence;
2022-10-10 14:33:47.153  INFO 4460 --- [    Test worker] p6spy                                    : #1665380027153 | took 0ms | statement | connection 23| url jdbc:h2:mem:ad3a9e80-f26d-4a3e-9691-17f803db5723
call next value for hibernate_sequence
call next value for hibernate_sequence;
2022-10-10 14:33:47.153  INFO 4460 --- [    Test worker] p6spy                                    : #1665380027153 | took 0ms | statement | connection 23| url jdbc:h2:mem:ad3a9e80-f26d-4a3e-9691-17f803db5723
call next value for hibernate_sequence
call next value for hibernate_sequence;
2022-10-10 14:33:47.153  INFO 4460 --- [    Test worker] p6spy                                    : #1665380027153 | took 0ms | statement | connection 23| url jdbc:h2:mem:ad3a9e80-f26d-4a3e-9691-17f803db5723
call next value for hibernate_sequence
call next value for hibernate_sequence;
2022-10-10 14:33:47.153  INFO 4460 --- [    Test worker] p6spy                                    : #1665380027153 | took 0ms | statement | connection 23| url jdbc:h2:mem:ad3a9e80-f26d-4a3e-9691-17f803db5723
call next value for hibernate_sequence
call next value for hibernate_sequence;
2022-10-10 14:33:47.153  INFO 4460 --- [    Test worker] p6spy                                    : #1665380027153 | took 0ms | statement | connection 23| url jdbc:h2:mem:ad3a9e80-f26d-4a3e-9691-17f803db5723
call next value for hibernate_sequence
call next value for hibernate_sequence;
2022-10-10 14:33:47.153  INFO 4460 --- [    Test worker] c.j.r.FavoriteSpotQueryRepositoryTest    : favoriteSpot = FavoriteSpot(id=339, count=0)
2022-10-10 14:33:47.153  INFO 4460 --- [    Test worker] c.j.r.FavoriteSpotQueryRepositoryTest    : Spot = capstone.jejuTourrecommend.domain.Spot@32e2e611
2022-10-10 14:33:47.153  INFO 4460 --- [    Test worker] p6spy                                    : #1665380027153 | took 0ms | statement | connection 23| url jdbc:h2:mem:ad3a9e80-f26d-4a3e-9691-17f803db5723
call next value for hibernate_sequence
call next value for hibernate_sequence;
2022-10-10 14:33:47.153  INFO 4460 --- [    Test worker] p6spy                                    : #1665380027153 | took 0ms | statement | connection 23| url jdbc:h2:mem:ad3a9e80-f26d-4a3e-9691-17f803db5723
call next value for hibernate_sequence
call next value for hibernate_sequence;
2022-10-10 14:33:47.154  INFO 4460 --- [    Test worker] p6spy                                    : #1665380027154 | took 0ms | statement | connection 23| url jdbc:h2:mem:ad3a9e80-f26d-4a3e-9691-17f803db5723
call next value for hibernate_sequence
call next value for hibernate_sequence;
2022-10-10 14:33:47.154  INFO 4460 --- [    Test worker] p6spy                                    : #1665380027154 | took 0ms | statement | connection 23| url jdbc:h2:mem:ad3a9e80-f26d-4a3e-9691-17f803db5723
call next value for hibernate_sequence
call next value for hibernate_sequence;
2022-10-10 14:33:47.154  INFO 4460 --- [    Test worker] p6spy                                    : #1665380027154 | took 0ms | statement | connection 23| url jdbc:h2:mem:ad3a9e80-f26d-4a3e-9691-17f803db5723
call next value for hibernate_sequence
call next value for hibernate_sequence;
2022-10-10 14:33:47.154  INFO 4460 --- [    Test worker] p6spy                                    : #1665380027154 | took 0ms | statement | connection 23| url jdbc:h2:mem:ad3a9e80-f26d-4a3e-9691-17f803db5723
call next value for hibernate_sequence
call next value for hibernate_sequence;
2022-10-10 14:33:47.154  INFO 4460 --- [    Test worker] p6spy                                    : #1665380027154 | took 0ms | statement | connection 23| url jdbc:h2:mem:ad3a9e80-f26d-4a3e-9691-17f803db5723
call next value for hibernate_sequence
call next value for hibernate_sequence;
2022-10-10 14:33:47.154  INFO 4460 --- [    Test worker] p6spy                                    : #1665380027154 | took 0ms | statement | connection 23| url jdbc:h2:mem:ad3a9e80-f26d-4a3e-9691-17f803db5723
call next value for hibernate_sequence
call next value for hibernate_sequence;
2022-10-10 14:33:47.154  INFO 4460 --- [    Test worker] c.j.r.FavoriteSpotQueryRepositoryTest    : favoriteSpot = FavoriteSpot(id=340, count=0)
2022-10-10 14:33:47.154  INFO 4460 --- [    Test worker] c.j.r.FavoriteSpotQueryRepositoryTest    : Spot = capstone.jejuTourrecommend.domain.Spot@3f36b79d
2022-10-10 14:33:47.154  INFO 4460 --- [    Test worker] p6spy                                    : #1665380027154 | took 0ms | statement | connection 23| url jdbc:h2:mem:ad3a9e80-f26d-4a3e-9691-17f803db5723
call next value for hibernate_sequence
call next value for hibernate_sequence;
2022-10-10 14:33:47.154  INFO 4460 --- [    Test worker] p6spy                                    : #1665380027154 | took 0ms | statement | connection 23| url jdbc:h2:mem:ad3a9e80-f26d-4a3e-9691-17f803db5723
call next value for hibernate_sequence
call next value for hibernate_sequence;
2022-10-10 14:33:47.154  INFO 4460 --- [    Test worker] p6spy                                    : #1665380027154 | took 0ms | statement | connection 23| url jdbc:h2:mem:ad3a9e80-f26d-4a3e-9691-17f803db5723
call next value for hibernate_sequence
call next value for hibernate_sequence;
2022-10-10 14:33:47.154  INFO 4460 --- [    Test worker] p6spy                                    : #1665380027154 | took 0ms | statement | connection 23| url jdbc:h2:mem:ad3a9e80-f26d-4a3e-9691-17f803db5723
call next value for hibernate_sequence
call next value for hibernate_sequence;
2022-10-10 14:33:47.154  INFO 4460 --- [    Test worker] p6spy                                    : #1665380027154 | took 0ms | statement | connection 23| url jdbc:h2:mem:ad3a9e80-f26d-4a3e-9691-17f803db5723
call next value for hibernate_sequence
call next value for hibernate_sequence;
2022-10-10 14:33:47.154  INFO 4460 --- [    Test worker] p6spy                                    : #1665380027154 | took 0ms | statement | connection 23| url jdbc:h2:mem:ad3a9e80-f26d-4a3e-9691-17f803db5723
call next value for hibernate_sequence
call next value for hibernate_sequence;
2022-10-10 14:33:47.154  INFO 4460 --- [    Test worker] p6spy                                    : #1665380027154 | took 0ms | statement | connection 23| url jdbc:h2:mem:ad3a9e80-f26d-4a3e-9691-17f803db5723
call next value for hibernate_sequence
call next value for hibernate_sequence;
2022-10-10 14:33:47.154  INFO 4460 --- [    Test worker] p6spy                                    : #1665380027154 | took 0ms | statement | connection 23| url jdbc:h2:mem:ad3a9e80-f26d-4a3e-9691-17f803db5723
call next value for hibernate_sequence
call next value for hibernate_sequence;
2022-10-10 14:33:47.154  INFO 4460 --- [    Test worker] c.j.r.FavoriteSpotQueryRepositoryTest    : favoriteSpot = FavoriteSpot(id=341, count=0)
2022-10-10 14:33:47.154  INFO 4460 --- [    Test worker] c.j.r.FavoriteSpotQueryRepositoryTest    : Spot = capstone.jejuTourrecommend.domain.Spot@233cd973
2022-10-10 14:33:47.154  INFO 4460 --- [    Test worker] p6spy                                    : #1665380027154 | took 0ms | statement | connection 23| url jdbc:h2:mem:ad3a9e80-f26d-4a3e-9691-17f803db5723
call next value for hibernate_sequence
call next value for hibernate_sequence;
2022-10-10 14:33:47.154  INFO 4460 --- [    Test worker] p6spy                                    : #1665380027154 | took 0ms | statement | connection 23| url jdbc:h2:mem:ad3a9e80-f26d-4a3e-9691-17f803db5723
call next value for hibernate_sequence
call next value for hibernate_sequence;
2022-10-10 14:33:47.154  INFO 4460 --- [    Test worker] p6spy                                    : #1665380027154 | took 0ms | statement | connection 23| url jdbc:h2:mem:ad3a9e80-f26d-4a3e-9691-17f803db5723
call next value for hibernate_sequence
call next value for hibernate_sequence;
2022-10-10 14:33:47.154  INFO 4460 --- [    Test worker] p6spy                                    : #1665380027154 | took 0ms | statement | connection 23| url jdbc:h2:mem:ad3a9e80-f26d-4a3e-9691-17f803db5723
call next value for hibernate_sequence
call next value for hibernate_sequence;
2022-10-10 14:33:47.154  INFO 4460 --- [    Test worker] p6spy                                    : #1665380027154 | took 0ms | statement | connection 23| url jdbc:h2:mem:ad3a9e80-f26d-4a3e-9691-17f803db5723
call next value for hibernate_sequence
call next value for hibernate_sequence;
2022-10-10 14:33:47.154  INFO 4460 --- [    Test worker] p6spy                                    : #1665380027154 | took 0ms | statement | connection 23| url jdbc:h2:mem:ad3a9e80-f26d-4a3e-9691-17f803db5723
call next value for hibernate_sequence
call next value for hibernate_sequence;
2022-10-10 14:33:47.154  INFO 4460 --- [    Test worker] p6spy                                    : #1665380027154 | took 0ms | statement | connection 23| url jdbc:h2:mem:ad3a9e80-f26d-4a3e-9691-17f803db5723
call next value for hibernate_sequence
call next value for hibernate_sequence;
2022-10-10 14:33:47.154  INFO 4460 --- [    Test worker] p6spy                                    : #1665380027154 | took 0ms | statement | connection 23| url jdbc:h2:mem:ad3a9e80-f26d-4a3e-9691-17f803db5723
call next value for hibernate_sequence
call next value for hibernate_sequence;
2022-10-10 14:33:47.154  INFO 4460 --- [    Test worker] c.j.r.FavoriteSpotQueryRepositoryTest    : favoriteSpot = FavoriteSpot(id=342, count=0)
2022-10-10 14:33:47.154  INFO 4460 --- [    Test worker] c.j.r.FavoriteSpotQueryRepositoryTest    : Spot = capstone.jejuTourrecommend.domain.Spot@6aa3e23b
2022-10-10 14:33:47.154  INFO 4460 --- [    Test worker] p6spy                                    : #1665380027154 | took 0ms | statement | connection 23| url jdbc:h2:mem:ad3a9e80-f26d-4a3e-9691-17f803db5723
call next value for hibernate_sequence
call next value for hibernate_sequence;
2022-10-10 14:33:47.154  INFO 4460 --- [    Test worker] p6spy                                    : #1665380027154 | took 0ms | statement | connection 23| url jdbc:h2:mem:ad3a9e80-f26d-4a3e-9691-17f803db5723
call next value for hibernate_sequence
call next value for hibernate_sequence;
2022-10-10 14:33:47.154  INFO 4460 --- [    Test worker] p6spy                                    : #1665380027154 | took 0ms | statement | connection 23| url jdbc:h2:mem:ad3a9e80-f26d-4a3e-9691-17f803db5723
call next value for hibernate_sequence
call next value for hibernate_sequence;
2022-10-10 14:33:47.154  INFO 4460 --- [    Test worker] p6spy                                    : #1665380027154 | took 0ms | statement | connection 23| url jdbc:h2:mem:ad3a9e80-f26d-4a3e-9691-17f803db5723
call next value for hibernate_sequence
call next value for hibernate_sequence;
2022-10-10 14:33:47.154  INFO 4460 --- [    Test worker] p6spy                                    : #1665380027154 | took 0ms | statement | connection 23| url jdbc:h2:mem:ad3a9e80-f26d-4a3e-9691-17f803db5723
call next value for hibernate_sequence
call next value for hibernate_sequence;
2022-10-10 14:33:47.154  INFO 4460 --- [    Test worker] p6spy                                    : #1665380027154 | took 0ms | statement | connection 23| url jdbc:h2:mem:ad3a9e80-f26d-4a3e-9691-17f803db5723
call next value for hibernate_sequence
call next value for hibernate_sequence;
2022-10-10 14:33:47.154  INFO 4460 --- [    Test worker] p6spy                                    : #1665380027154 | took 0ms | statement | connection 23| url jdbc:h2:mem:ad3a9e80-f26d-4a3e-9691-17f803db5723
call next value for hibernate_sequence
call next value for hibernate_sequence;
2022-10-10 14:33:47.154  INFO 4460 --- [    Test worker] p6spy                                    : #1665380027154 | took 0ms | statement | connection 23| url jdbc:h2:mem:ad3a9e80-f26d-4a3e-9691-17f803db5723
call next value for hibernate_sequence
call next value for hibernate_sequence;
2022-10-10 14:33:47.154  INFO 4460 --- [    Test worker] c.j.r.FavoriteSpotQueryRepositoryTest    : favoriteSpot = FavoriteSpot(id=343, count=0)
2022-10-10 14:33:47.154  INFO 4460 --- [    Test worker] c.j.r.FavoriteSpotQueryRepositoryTest    : Spot = capstone.jejuTourrecommend.domain.Spot@17fb194a
2022-10-10 14:33:47.155  INFO 4460 --- [    Test worker] p6spy                                    : #1665380027155 | took 0ms | statement | connection 23| url jdbc:h2:mem:ad3a9e80-f26d-4a3e-9691-17f803db5723
call next value for hibernate_sequence
call next value for hibernate_sequence;
2022-10-10 14:33:47.155  INFO 4460 --- [    Test worker] p6spy                                    : #1665380027155 | took 0ms | statement | connection 23| url jdbc:h2:mem:ad3a9e80-f26d-4a3e-9691-17f803db5723
call next value for hibernate_sequence
call next value for hibernate_sequence;
2022-10-10 14:33:47.155  INFO 4460 --- [    Test worker] p6spy                                    : #1665380027155 | took 0ms | statement | connection 23| url jdbc:h2:mem:ad3a9e80-f26d-4a3e-9691-17f803db5723
call next value for hibernate_sequence
call next value for hibernate_sequence;
2022-10-10 14:33:47.155  INFO 4460 --- [    Test worker] p6spy                                    : #1665380027155 | took 0ms | statement | connection 23| url jdbc:h2:mem:ad3a9e80-f26d-4a3e-9691-17f803db5723
call next value for hibernate_sequence
call next value for hibernate_sequence;
2022-10-10 14:33:47.155  INFO 4460 --- [    Test worker] p6spy                                    : #1665380027155 | took 0ms | statement | connection 23| url jdbc:h2:mem:ad3a9e80-f26d-4a3e-9691-17f803db5723
call next value for hibernate_sequence
call next value for hibernate_sequence;
2022-10-10 14:33:47.155  INFO 4460 --- [    Test worker] p6spy                                    : #1665380027155 | took 0ms | statement | connection 23| url jdbc:h2:mem:ad3a9e80-f26d-4a3e-9691-17f803db5723
call next value for hibernate_sequence
call next value for hibernate_sequence;
2022-10-10 14:33:47.155  INFO 4460 --- [    Test worker] p6spy                                    : #1665380027155 | took 0ms | statement | connection 23| url jdbc:h2:mem:ad3a9e80-f26d-4a3e-9691-17f803db5723
call next value for hibernate_sequence
call next value for hibernate_sequence;
2022-10-10 14:33:47.155  INFO 4460 --- [    Test worker] p6spy                                    : #1665380027155 | took 0ms | statement | connection 23| url jdbc:h2:mem:ad3a9e80-f26d-4a3e-9691-17f803db5723
call next value for hibernate_sequence
call next value for hibernate_sequence;
2022-10-10 14:33:47.155  INFO 4460 --- [    Test worker] c.j.r.FavoriteSpotQueryRepositoryTest    : favoriteSpot = FavoriteSpot(id=344, count=0)
2022-10-10 14:33:47.155  INFO 4460 --- [    Test worker] c.j.r.FavoriteSpotQueryRepositoryTest    : Spot = capstone.jejuTourrecommend.domain.Spot@2b1ad287
2022-10-10 14:33:47.155  INFO 4460 --- [    Test worker] p6spy                                    : #1665380027155 | took 0ms | statement | connection 23| url jdbc:h2:mem:ad3a9e80-f26d-4a3e-9691-17f803db5723
call next value for hibernate_sequence
call next value for hibernate_sequence;
2022-10-10 14:33:47.155  INFO 4460 --- [    Test worker] p6spy                                    : #1665380027155 | took 0ms | statement | connection 23| url jdbc:h2:mem:ad3a9e80-f26d-4a3e-9691-17f803db5723
call next value for hibernate_sequence
call next value for hibernate_sequence;
2022-10-10 14:33:47.155  INFO 4460 --- [    Test worker] p6spy                                    : #1665380027155 | took 0ms | statement | connection 23| url jdbc:h2:mem:ad3a9e80-f26d-4a3e-9691-17f803db5723
call next value for hibernate_sequence
call next value for hibernate_sequence;
2022-10-10 14:33:47.155  INFO 4460 --- [    Test worker] p6spy                                    : #1665380027155 | took 0ms | statement | connection 23| url jdbc:h2:mem:ad3a9e80-f26d-4a3e-9691-17f803db5723
call next value for hibernate_sequence
call next value for hibernate_sequence;
2022-10-10 14:33:47.155  INFO 4460 --- [    Test worker] p6spy                                    : #1665380027155 | took 0ms | statement | connection 23| url jdbc:h2:mem:ad3a9e80-f26d-4a3e-9691-17f803db5723
call next value for review_seq
call next value for review_seq;
2022-10-10 14:33:47.155  INFO 4460 --- [    Test worker] p6spy                                    : #1665380027155 | took 0ms | statement | connection 23| url jdbc:h2:mem:ad3a9e80-f26d-4a3e-9691-17f803db5723
call next value for hibernate_sequence
call next value for hibernate_sequence;
2022-10-10 14:33:47.155  INFO 4460 --- [    Test worker] p6spy                                    : #1665380027155 | took 0ms | statement | connection 23| url jdbc:h2:mem:ad3a9e80-f26d-4a3e-9691-17f803db5723
call next value for hibernate_sequence
call next value for hibernate_sequence;
2022-10-10 14:33:47.155  INFO 4460 --- [    Test worker] p6spy                                    : #1665380027155 | took 0ms | statement | connection 23| url jdbc:h2:mem:ad3a9e80-f26d-4a3e-9691-17f803db5723
call next value for hibernate_sequence
call next value for hibernate_sequence;
2022-10-10 14:33:47.155  INFO 4460 --- [    Test worker] p6spy                                    : #1665380027155 | took 0ms | statement | connection 23| url jdbc:h2:mem:ad3a9e80-f26d-4a3e-9691-17f803db5723
call next value for hibernate_sequence
call next value for hibernate_sequence;
2022-10-10 14:33:47.155  INFO 4460 --- [    Test worker] c.j.r.FavoriteSpotQueryRepositoryTest    : favoriteSpot = FavoriteSpot(id=345, count=0)
2022-10-10 14:33:47.155  INFO 4460 --- [    Test worker] c.j.r.FavoriteSpotQueryRepositoryTest    : Spot = capstone.jejuTourrecommend.domain.Spot@4efa7f30
2022-10-10 14:33:47.155  INFO 4460 --- [    Test worker] p6spy                                    : #1665380027155 | took 0ms | statement | connection 23| url jdbc:h2:mem:ad3a9e80-f26d-4a3e-9691-17f803db5723
call next value for score_seq
call next value for score_seq;
2022-10-10 14:33:47.155  INFO 4460 --- [    Test worker] p6spy                                    : #1665380027155 | took 0ms | statement | connection 23| url jdbc:h2:mem:ad3a9e80-f26d-4a3e-9691-17f803db5723
call next value for hibernate_sequence
call next value for hibernate_sequence;
2022-10-10 14:33:47.155  INFO 4460 --- [    Test worker] p6spy                                    : #1665380027155 | took 0ms | statement | connection 23| url jdbc:h2:mem:ad3a9e80-f26d-4a3e-9691-17f803db5723
call next value for hibernate_sequence
call next value for hibernate_sequence;
2022-10-10 14:33:47.155  INFO 4460 --- [    Test worker] p6spy                                    : #1665380027155 | took 0ms | statement | connection 23| url jdbc:h2:mem:ad3a9e80-f26d-4a3e-9691-17f803db5723
call next value for hibernate_sequence
call next value for hibernate_sequence;
2022-10-10 14:33:47.155  INFO 4460 --- [    Test worker] p6spy                                    : #1665380027155 | took 0ms | statement | connection 23| url jdbc:h2:mem:ad3a9e80-f26d-4a3e-9691-17f803db5723
call next value for hibernate_sequence
call next value for hibernate_sequence;
2022-10-10 14:33:47.155  INFO 4460 --- [    Test worker] p6spy                                    : #1665380027155 | took 0ms | statement | connection 23| url jdbc:h2:mem:ad3a9e80-f26d-4a3e-9691-17f803db5723
call next value for hibernate_sequence
call next value for hibernate_sequence;
2022-10-10 14:33:47.155  INFO 4460 --- [    Test worker] p6spy                                    : #1665380027155 | took 0ms | statement | connection 23| url jdbc:h2:mem:ad3a9e80-f26d-4a3e-9691-17f803db5723
call next value for hibernate_sequence
call next value for hibernate_sequence;
2022-10-10 14:33:47.155  INFO 4460 --- [    Test worker] p6spy                                    : #1665380027155 | took 0ms | statement | connection 23| url jdbc:h2:mem:ad3a9e80-f26d-4a3e-9691-17f803db5723
call next value for hibernate_sequence
call next value for hibernate_sequence;
2022-10-10 14:33:47.155  INFO 4460 --- [    Test worker] p6spy                                    : #1665380027155 | took 0ms | statement | connection 23| url jdbc:h2:mem:ad3a9e80-f26d-4a3e-9691-17f803db5723
call next value for hibernate_sequence
call next value for hibernate_sequence;
2022-10-10 14:33:47.155  INFO 4460 --- [    Test worker] c.j.r.FavoriteSpotQueryRepositoryTest    : favoriteSpot = FavoriteSpot(id=346, count=0)
2022-10-10 14:33:47.155  INFO 4460 --- [    Test worker] c.j.r.FavoriteSpotQueryRepositoryTest    : Spot = capstone.jejuTourrecommend.domain.Spot@aabb853
2022-10-10 14:33:47.155  INFO 4460 --- [    Test worker] p6spy                                    : #1665380027155 | took 0ms | statement | connection 23| url jdbc:h2:mem:ad3a9e80-f26d-4a3e-9691-17f803db5723
call next value for hibernate_sequence
call next value for hibernate_sequence;
2022-10-10 14:33:47.156  INFO 4460 --- [    Test worker] p6spy                                    : #1665380027156 | took 0ms | statement | connection 23| url jdbc:h2:mem:ad3a9e80-f26d-4a3e-9691-17f803db5723
call next value for hibernate_sequence
call next value for hibernate_sequence;
2022-10-10 14:33:47.156  INFO 4460 --- [    Test worker] p6spy                                    : #1665380027156 | took 0ms | statement | connection 23| url jdbc:h2:mem:ad3a9e80-f26d-4a3e-9691-17f803db5723
call next value for hibernate_sequence
call next value for hibernate_sequence;
2022-10-10 14:33:47.156  INFO 4460 --- [    Test worker] p6spy                                    : #1665380027156 | took 0ms | statement | connection 23| url jdbc:h2:mem:ad3a9e80-f26d-4a3e-9691-17f803db5723
call next value for hibernate_sequence
call next value for hibernate_sequence;
2022-10-10 14:33:47.156  INFO 4460 --- [    Test worker] p6spy                                    : #1665380027156 | took 0ms | statement | connection 23| url jdbc:h2:mem:ad3a9e80-f26d-4a3e-9691-17f803db5723
call next value for hibernate_sequence
call next value for hibernate_sequence;
2022-10-10 14:33:47.156  INFO 4460 --- [    Test worker] p6spy                                    : #1665380027156 | took 0ms | statement | connection 23| url jdbc:h2:mem:ad3a9e80-f26d-4a3e-9691-17f803db5723
call next value for hibernate_sequence
call next value for hibernate_sequence;
2022-10-10 14:33:47.156  INFO 4460 --- [    Test worker] p6spy                                    : #1665380027156 | took 0ms | statement | connection 23| url jdbc:h2:mem:ad3a9e80-f26d-4a3e-9691-17f803db5723
call next value for hibernate_sequence
call next value for hibernate_sequence;
2022-10-10 14:33:47.156  INFO 4460 --- [    Test worker] p6spy                                    : #1665380027156 | took 0ms | statement | connection 23| url jdbc:h2:mem:ad3a9e80-f26d-4a3e-9691-17f803db5723
call next value for hibernate_sequence
call next value for hibernate_sequence;
2022-10-10 14:33:47.156  INFO 4460 --- [    Test worker] c.j.r.FavoriteSpotQueryRepositoryTest    : favoriteSpot = FavoriteSpot(id=347, count=0)
2022-10-10 14:33:47.156  INFO 4460 --- [    Test worker] c.j.r.FavoriteSpotQueryRepositoryTest    : Spot = capstone.jejuTourrecommend.domain.Spot@287d872b
2022-10-10 14:33:47.156  INFO 4460 --- [    Test worker] p6spy                                    : #1665380027156 | took 0ms | statement | connection 23| url jdbc:h2:mem:ad3a9e80-f26d-4a3e-9691-17f803db5723
call next value for hibernate_sequence
call next value for hibernate_sequence;
2022-10-10 14:33:47.156  INFO 4460 --- [    Test worker] p6spy                                    : #1665380027156 | took 0ms | statement | connection 23| url jdbc:h2:mem:ad3a9e80-f26d-4a3e-9691-17f803db5723
call next value for hibernate_sequence
call next value for hibernate_sequence;
2022-10-10 14:33:47.156  INFO 4460 --- [    Test worker] p6spy                                    : #1665380027156 | took 0ms | statement | connection 23| url jdbc:h2:mem:ad3a9e80-f26d-4a3e-9691-17f803db5723
call next value for hibernate_sequence
call next value for hibernate_sequence;
2022-10-10 14:33:47.156  INFO 4460 --- [    Test worker] p6spy                                    : #1665380027156 | took 0ms | statement | connection 23| url jdbc:h2:mem:ad3a9e80-f26d-4a3e-9691-17f803db5723
call next value for hibernate_sequence
call next value for hibernate_sequence;
2022-10-10 14:33:47.156  INFO 4460 --- [    Test worker] p6spy                                    : #1665380027156 | took 0ms | statement | connection 23| url jdbc:h2:mem:ad3a9e80-f26d-4a3e-9691-17f803db5723
call next value for hibernate_sequence
call next value for hibernate_sequence;
2022-10-10 14:33:47.156  INFO 4460 --- [    Test worker] p6spy                                    : #1665380027156 | took 0ms | statement | connection 23| url jdbc:h2:mem:ad3a9e80-f26d-4a3e-9691-17f803db5723
call next value for hibernate_sequence
call next value for hibernate_sequence;
2022-10-10 14:33:47.156  INFO 4460 --- [    Test worker] p6spy                                    : #1665380027156 | took 0ms | statement | connection 23| url jdbc:h2:mem:ad3a9e80-f26d-4a3e-9691-17f803db5723
call next value for hibernate_sequence
call next value for hibernate_sequence;
2022-10-10 14:33:47.156  INFO 4460 --- [    Test worker] p6spy                                    : #1665380027156 | took 0ms | statement | connection 23| url jdbc:h2:mem:ad3a9e80-f26d-4a3e-9691-17f803db5723
call next value for hibernate_sequence
call next value for hibernate_sequence;
2022-10-10 14:33:47.156  INFO 4460 --- [    Test worker] c.j.r.FavoriteSpotQueryRepositoryTest    : favoriteSpot = FavoriteSpot(id=348, count=0)
2022-10-10 14:33:47.156  INFO 4460 --- [    Test worker] c.j.r.FavoriteSpotQueryRepositoryTest    : Spot = capstone.jejuTourrecommend.domain.Spot@69e780ff
2022-10-10 14:33:47.156  INFO 4460 --- [    Test worker] p6spy                                    : #1665380027156 | took 0ms | statement | connection 23| url jdbc:h2:mem:ad3a9e80-f26d-4a3e-9691-17f803db5723
call next value for hibernate_sequence
call next value for hibernate_sequence;
2022-10-10 14:33:47.156  INFO 4460 --- [    Test worker] p6spy                                    : #1665380027156 | took 0ms | statement | connection 23| url jdbc:h2:mem:ad3a9e80-f26d-4a3e-9691-17f803db5723
call next value for hibernate_sequence
call next value for hibernate_sequence;
2022-10-10 14:33:47.156  INFO 4460 --- [    Test worker] p6spy                                    : #1665380027156 | took 0ms | statement | connection 23| url jdbc:h2:mem:ad3a9e80-f26d-4a3e-9691-17f803db5723
call next value for hibernate_sequence
call next value for hibernate_sequence;
2022-10-10 14:33:47.156  INFO 4460 --- [    Test worker] p6spy                                    : #1665380027156 | took 0ms | statement | connection 23| url jdbc:h2:mem:ad3a9e80-f26d-4a3e-9691-17f803db5723
call next value for hibernate_sequence
call next value for hibernate_sequence;
2022-10-10 14:33:47.156  INFO 4460 --- [    Test worker] p6spy                                    : #1665380027156 | took 0ms | statement | connection 23| url jdbc:h2:mem:ad3a9e80-f26d-4a3e-9691-17f803db5723
call next value for hibernate_sequence
call next value for hibernate_sequence;
2022-10-10 14:33:47.156  INFO 4460 --- [    Test worker] p6spy                                    : #1665380027156 | took 0ms | statement | connection 23| url jdbc:h2:mem:ad3a9e80-f26d-4a3e-9691-17f803db5723
call next value for hibernate_sequence
call next value for hibernate_sequence;
2022-10-10 14:33:47.156  INFO 4460 --- [    Test worker] p6spy                                    : #1665380027156 | took 0ms | statement | connection 23| url jdbc:h2:mem:ad3a9e80-f26d-4a3e-9691-17f803db5723
call next value for hibernate_sequence
call next value for hibernate_sequence;
2022-10-10 14:33:47.156  INFO 4460 --- [    Test worker] p6spy                                    : #1665380027156 | took 0ms | statement | connection 23| url jdbc:h2:mem:ad3a9e80-f26d-4a3e-9691-17f803db5723
call next value for hibernate_sequence
call next value for hibernate_sequence;
2022-10-10 14:33:47.156  INFO 4460 --- [    Test worker] c.j.r.FavoriteSpotQueryRepositoryTest    : favoriteSpot = FavoriteSpot(id=349, count=0)
2022-10-10 14:33:47.156  INFO 4460 --- [    Test worker] c.j.r.FavoriteSpotQueryRepositoryTest    : Spot = capstone.jejuTourrecommend.domain.Spot@4d3035d0
2022-10-10 14:33:47.156  INFO 4460 --- [    Test worker] p6spy                                    : #1665380027156 | took 0ms | statement | connection 23| url jdbc:h2:mem:ad3a9e80-f26d-4a3e-9691-17f803db5723
call next value for hibernate_sequence
call next value for hibernate_sequence;
2022-10-10 14:33:47.156  INFO 4460 --- [    Test worker] p6spy                                    : #1665380027156 | took 0ms | statement | connection 23| url jdbc:h2:mem:ad3a9e80-f26d-4a3e-9691-17f803db5723
call next value for hibernate_sequence
call next value for hibernate_sequence;
2022-10-10 14:33:47.156  INFO 4460 --- [    Test worker] p6spy                                    : #1665380027156 | took 0ms | statement | connection 23| url jdbc:h2:mem:ad3a9e80-f26d-4a3e-9691-17f803db5723
call next value for hibernate_sequence
call next value for hibernate_sequence;
2022-10-10 14:33:47.156  INFO 4460 --- [    Test worker] p6spy                                    : #1665380027156 | took 0ms | statement | connection 23| url jdbc:h2:mem:ad3a9e80-f26d-4a3e-9691-17f803db5723
call next value for hibernate_sequence
call next value for hibernate_sequence;
2022-10-10 14:33:47.156  INFO 4460 --- [    Test worker] p6spy                                    : #1665380027156 | took 0ms | statement | connection 23| url jdbc:h2:mem:ad3a9e80-f26d-4a3e-9691-17f803db5723
call next value for hibernate_sequence
call next value for hibernate_sequence;
2022-10-10 14:33:47.156  INFO 4460 --- [    Test worker] p6spy                                    : #1665380027156 | took 0ms | statement | connection 23| url jdbc:h2:mem:ad3a9e80-f26d-4a3e-9691-17f803db5723
call next value for hibernate_sequence
call next value for hibernate_sequence;
2022-10-10 14:33:47.156  INFO 4460 --- [    Test worker] p6spy                                    : #1665380027156 | took 0ms | statement | connection 23| url jdbc:h2:mem:ad3a9e80-f26d-4a3e-9691-17f803db5723
call next value for hibernate_sequence
call next value for hibernate_sequence;
2022-10-10 14:33:47.156  INFO 4460 --- [    Test worker] p6spy                                    : #1665380027156 | took 0ms | statement | connection 23| url jdbc:h2:mem:ad3a9e80-f26d-4a3e-9691-17f803db5723
call next value for hibernate_sequence
call next value for hibernate_sequence;
2022-10-10 14:33:47.157  INFO 4460 --- [    Test worker] c.j.r.FavoriteSpotQueryRepositoryTest    : favoriteSpot = FavoriteSpot(id=350, count=0)
2022-10-10 14:33:47.157  INFO 4460 --- [    Test worker] c.j.r.FavoriteSpotQueryRepositoryTest    : Spot = capstone.jejuTourrecommend.domain.Spot@7e69cc4c
2022-10-10 14:33:47.157  INFO 4460 --- [    Test worker] p6spy                                    : #1665380027157 | took 0ms | statement | connection 23| url jdbc:h2:mem:ad3a9e80-f26d-4a3e-9691-17f803db5723
call next value for hibernate_sequence
call next value for hibernate_sequence;
2022-10-10 14:33:47.157  INFO 4460 --- [    Test worker] p6spy                                    : #1665380027157 | took 0ms | statement | connection 23| url jdbc:h2:mem:ad3a9e80-f26d-4a3e-9691-17f803db5723
call next value for hibernate_sequence
call next value for hibernate_sequence;
2022-10-10 14:33:47.157  INFO 4460 --- [    Test worker] p6spy                                    : #1665380027157 | took 0ms | statement | connection 23| url jdbc:h2:mem:ad3a9e80-f26d-4a3e-9691-17f803db5723
call next value for hibernate_sequence
call next value for hibernate_sequence;
2022-10-10 14:33:47.157  INFO 4460 --- [    Test worker] p6spy                                    : #1665380027157 | took 0ms | statement | connection 23| url jdbc:h2:mem:ad3a9e80-f26d-4a3e-9691-17f803db5723
call next value for hibernate_sequence
call next value for hibernate_sequence;
2022-10-10 14:33:47.157  INFO 4460 --- [    Test worker] p6spy                                    : #1665380027157 | took 0ms | statement | connection 23| url jdbc:h2:mem:ad3a9e80-f26d-4a3e-9691-17f803db5723
call next value for hibernate_sequence
call next value for hibernate_sequence;
2022-10-10 14:33:47.157  INFO 4460 --- [    Test worker] p6spy                                    : #1665380027157 | took 0ms | statement | connection 23| url jdbc:h2:mem:ad3a9e80-f26d-4a3e-9691-17f803db5723
call next value for hibernate_sequence
call next value for hibernate_sequence;
2022-10-10 14:33:47.157  INFO 4460 --- [    Test worker] p6spy                                    : #1665380027157 | took 0ms | statement | connection 23| url jdbc:h2:mem:ad3a9e80-f26d-4a3e-9691-17f803db5723
call next value for hibernate_sequence
call next value for hibernate_sequence;
2022-10-10 14:33:47.157  INFO 4460 --- [    Test worker] p6spy                                    : #1665380027157 | took 0ms | statement | connection 23| url jdbc:h2:mem:ad3a9e80-f26d-4a3e-9691-17f803db5723
call next value for hibernate_sequence
call next value for hibernate_sequence;
2022-10-10 14:33:47.157  INFO 4460 --- [    Test worker] c.j.r.FavoriteSpotQueryRepositoryTest    : favoriteSpot = FavoriteSpot(id=351, count=0)
2022-10-10 14:33:47.157  INFO 4460 --- [    Test worker] c.j.r.FavoriteSpotQueryRepositoryTest    : Spot = capstone.jejuTourrecommend.domain.Spot@4b5037a8
2022-10-10 14:33:47.157  INFO 4460 --- [    Test worker] p6spy                                    : #1665380027157 | took 0ms | statement | connection 23| url jdbc:h2:mem:ad3a9e80-f26d-4a3e-9691-17f803db5723
call next value for hibernate_sequence
call next value for hibernate_sequence;
2022-10-10 14:33:47.157  INFO 4460 --- [    Test worker] p6spy                                    : #1665380027157 | took 0ms | statement | connection 23| url jdbc:h2:mem:ad3a9e80-f26d-4a3e-9691-17f803db5723
call next value for hibernate_sequence
call next value for hibernate_sequence;
2022-10-10 14:33:47.157  INFO 4460 --- [    Test worker] p6spy                                    : #1665380027157 | took 0ms | statement | connection 23| url jdbc:h2:mem:ad3a9e80-f26d-4a3e-9691-17f803db5723
call next value for hibernate_sequence
call next value for hibernate_sequence;
2022-10-10 14:33:47.157  INFO 4460 --- [    Test worker] p6spy                                    : #1665380027157 | took 0ms | statement | connection 23| url jdbc:h2:mem:ad3a9e80-f26d-4a3e-9691-17f803db5723
call next value for hibernate_sequence
call next value for hibernate_sequence;
2022-10-10 14:33:47.157  INFO 4460 --- [    Test worker] p6spy                                    : #1665380027157 | took 0ms | statement | connection 23| url jdbc:h2:mem:ad3a9e80-f26d-4a3e-9691-17f803db5723
call next value for hibernate_sequence
call next value for hibernate_sequence;
2022-10-10 14:33:47.157  INFO 4460 --- [    Test worker] p6spy                                    : #1665380027157 | took 0ms | statement | connection 23| url jdbc:h2:mem:ad3a9e80-f26d-4a3e-9691-17f803db5723
call next value for hibernate_sequence
call next value for hibernate_sequence;
2022-10-10 14:33:47.157  INFO 4460 --- [    Test worker] p6spy                                    : #1665380027157 | took 0ms | statement | connection 23| url jdbc:h2:mem:ad3a9e80-f26d-4a3e-9691-17f803db5723
call next value for hibernate_sequence
call next value for hibernate_sequence;
2022-10-10 14:33:47.157  INFO 4460 --- [    Test worker] p6spy                                    : #1665380027157 | took 0ms | statement | connection 23| url jdbc:h2:mem:ad3a9e80-f26d-4a3e-9691-17f803db5723
call next value for hibernate_sequence
call next value for hibernate_sequence;
2022-10-10 14:33:47.157  INFO 4460 --- [    Test worker] p6spy                                    : #1665380027157 | took 0ms | statement | connection 23| url jdbc:h2:mem:ad3a9e80-f26d-4a3e-9691-17f803db5723
call next value for favoritespot_seq
call next value for favoritespot_seq;
2022-10-10 14:33:47.157  INFO 4460 --- [    Test worker] c.j.r.FavoriteSpotQueryRepositoryTest    : favoriteSpot = FavoriteSpot(id=352, count=0)
2022-10-10 14:33:47.157  INFO 4460 --- [    Test worker] c.j.r.FavoriteSpotQueryRepositoryTest    : Spot = capstone.jejuTourrecommend.domain.Spot@7c967c35
2022-10-10 14:33:47.157  INFO 4460 --- [    Test worker] p6spy                                    : #1665380027157 | took 0ms | statement | connection 23| url jdbc:h2:mem:ad3a9e80-f26d-4a3e-9691-17f803db5723
call next value for hibernate_sequence
call next value for hibernate_sequence;
2022-10-10 14:33:47.157  INFO 4460 --- [    Test worker] p6spy                                    : #1665380027157 | took 0ms | statement | connection 23| url jdbc:h2:mem:ad3a9e80-f26d-4a3e-9691-17f803db5723
call next value for hibernate_sequence
call next value for hibernate_sequence;
2022-10-10 14:33:47.157  INFO 4460 --- [    Test worker] p6spy                                    : #1665380027157 | took 0ms | statement | connection 23| url jdbc:h2:mem:ad3a9e80-f26d-4a3e-9691-17f803db5723
call next value for hibernate_sequence
call next value for hibernate_sequence;
2022-10-10 14:33:47.157  INFO 4460 --- [    Test worker] p6spy                                    : #1665380027157 | took 0ms | statement | connection 23| url jdbc:h2:mem:ad3a9e80-f26d-4a3e-9691-17f803db5723
call next value for hibernate_sequence
call next value for hibernate_sequence;
2022-10-10 14:33:47.157  INFO 4460 --- [    Test worker] p6spy                                    : #1665380027157 | took 0ms | statement | connection 23| url jdbc:h2:mem:ad3a9e80-f26d-4a3e-9691-17f803db5723
call next value for hibernate_sequence
call next value for hibernate_sequence;
2022-10-10 14:33:47.157  INFO 4460 --- [    Test worker] p6spy                                    : #1665380027157 | took 0ms | statement | connection 23| url jdbc:h2:mem:ad3a9e80-f26d-4a3e-9691-17f803db5723
call next value for hibernate_sequence
call next value for hibernate_sequence;
2022-10-10 14:33:47.157  INFO 4460 --- [    Test worker] p6spy                                    : #1665380027157 | took 0ms | statement | connection 23| url jdbc:h2:mem:ad3a9e80-f26d-4a3e-9691-17f803db5723
call next value for hibernate_sequence
call next value for hibernate_sequence;
2022-10-10 14:33:47.157  INFO 4460 --- [    Test worker] p6spy                                    : #1665380027157 | took 0ms | statement | connection 23| url jdbc:h2:mem:ad3a9e80-f26d-4a3e-9691-17f803db5723
call next value for hibernate_sequence
call next value for hibernate_sequence;
2022-10-10 14:33:47.157  INFO 4460 --- [    Test worker] c.j.r.FavoriteSpotQueryRepositoryTest    : favoriteSpot = FavoriteSpot(id=353, count=0)
2022-10-10 14:33:47.157  INFO 4460 --- [    Test worker] c.j.r.FavoriteSpotQueryRepositoryTest    : Spot = capstone.jejuTourrecommend.domain.Spot@707f90e0
2022-10-10 14:33:47.157  INFO 4460 --- [    Test worker] p6spy                                    : #1665380027157 | took 0ms | statement | connection 23| url jdbc:h2:mem:ad3a9e80-f26d-4a3e-9691-17f803db5723
call next value for hibernate_sequence
call next value for hibernate_sequence;
2022-10-10 14:33:47.157  INFO 4460 --- [    Test worker] p6spy                                    : #1665380027157 | took 0ms | statement | connection 23| url jdbc:h2:mem:ad3a9e80-f26d-4a3e-9691-17f803db5723
call next value for hibernate_sequence
call next value for hibernate_sequence;
2022-10-10 14:33:47.157  INFO 4460 --- [    Test worker] p6spy                                    : #1665380027157 | took 0ms | statement | connection 23| url jdbc:h2:mem:ad3a9e80-f26d-4a3e-9691-17f803db5723
call next value for hibernate_sequence
call next value for hibernate_sequence;
2022-10-10 14:33:47.157  INFO 4460 --- [    Test worker] p6spy                                    : #1665380027157 | took 0ms | statement | connection 23| url jdbc:h2:mem:ad3a9e80-f26d-4a3e-9691-17f803db5723
call next value for hibernate_sequence
call next value for hibernate_sequence;
2022-10-10 14:33:47.158  INFO 4460 --- [    Test worker] p6spy                                    : #1665380027158 | took 0ms | statement | connection 23| url jdbc:h2:mem:ad3a9e80-f26d-4a3e-9691-17f803db5723
call next value for hibernate_sequence
call next value for hibernate_sequence;
2022-10-10 14:33:47.158  INFO 4460 --- [    Test worker] p6spy                                    : #1665380027158 | took 0ms | statement | connection 23| url jdbc:h2:mem:ad3a9e80-f26d-4a3e-9691-17f803db5723
call next value for hibernate_sequence
call next value for hibernate_sequence;
2022-10-10 14:33:47.158  INFO 4460 --- [    Test worker] p6spy                                    : #1665380027158 | took 0ms | statement | connection 23| url jdbc:h2:mem:ad3a9e80-f26d-4a3e-9691-17f803db5723
call next value for hibernate_sequence
call next value for hibernate_sequence;
2022-10-10 14:33:47.158  INFO 4460 --- [    Test worker] p6spy                                    : #1665380027158 | took 0ms | statement | connection 23| url jdbc:h2:mem:ad3a9e80-f26d-4a3e-9691-17f803db5723
call next value for hibernate_sequence
call next value for hibernate_sequence;
2022-10-10 14:33:47.158  INFO 4460 --- [    Test worker] c.j.r.FavoriteSpotQueryRepositoryTest    : favoriteSpot = FavoriteSpot(id=354, count=0)
2022-10-10 14:33:47.158  INFO 4460 --- [    Test worker] c.j.r.FavoriteSpotQueryRepositoryTest    : Spot = capstone.jejuTourrecommend.domain.Spot@76ca930d
2022-10-10 14:33:47.158  INFO 4460 --- [    Test worker] p6spy                                    : #1665380027158 | took 0ms | statement | connection 23| url jdbc:h2:mem:ad3a9e80-f26d-4a3e-9691-17f803db5723
call next value for hibernate_sequence
call next value for hibernate_sequence;
2022-10-10 14:33:47.158  INFO 4460 --- [    Test worker] p6spy                                    : #1665380027158 | took 0ms | statement | connection 23| url jdbc:h2:mem:ad3a9e80-f26d-4a3e-9691-17f803db5723
call next value for hibernate_sequence
call next value for hibernate_sequence;
2022-10-10 14:33:47.158  INFO 4460 --- [    Test worker] p6spy                                    : #1665380027158 | took 0ms | statement | connection 23| url jdbc:h2:mem:ad3a9e80-f26d-4a3e-9691-17f803db5723
call next value for hibernate_sequence
call next value for hibernate_sequence;
2022-10-10 14:33:47.158  INFO 4460 --- [    Test worker] p6spy                                    : #1665380027158 | took 0ms | statement | connection 23| url jdbc:h2:mem:ad3a9e80-f26d-4a3e-9691-17f803db5723
call next value for hibernate_sequence
call next value for hibernate_sequence;
2022-10-10 14:33:47.158  INFO 4460 --- [    Test worker] p6spy                                    : #1665380027158 | took 0ms | statement | connection 23| url jdbc:h2:mem:ad3a9e80-f26d-4a3e-9691-17f803db5723
call next value for hibernate_sequence
call next value for hibernate_sequence;
2022-10-10 14:33:47.158  INFO 4460 --- [    Test worker] p6spy                                    : #1665380027158 | took 0ms | statement | connection 23| url jdbc:h2:mem:ad3a9e80-f26d-4a3e-9691-17f803db5723
call next value for hibernate_sequence
call next value for hibernate_sequence;
2022-10-10 14:33:47.158  INFO 4460 --- [    Test worker] p6spy                                    : #1665380027158 | took 0ms | statement | connection 23| url jdbc:h2:mem:ad3a9e80-f26d-4a3e-9691-17f803db5723
call next value for hibernate_sequence
call next value for hibernate_sequence;
2022-10-10 14:33:47.158  INFO 4460 --- [    Test worker] p6spy                                    : #1665380027158 | took 0ms | statement | connection 23| url jdbc:h2:mem:ad3a9e80-f26d-4a3e-9691-17f803db5723
call next value for hibernate_sequence
call next value for hibernate_sequence;
2022-10-10 14:33:47.158  INFO 4460 --- [    Test worker] c.j.r.FavoriteSpotQueryRepositoryTest    : favoriteSpot = FavoriteSpot(id=355, count=0)
2022-10-10 14:33:47.158  INFO 4460 --- [    Test worker] c.j.r.FavoriteSpotQueryRepositoryTest    : Spot = capstone.jejuTourrecommend.domain.Spot@17d428b0
2022-10-10 14:33:47.158  INFO 4460 --- [    Test worker] p6spy                                    : #1665380027158 | took 0ms | statement | connection 23| url jdbc:h2:mem:ad3a9e80-f26d-4a3e-9691-17f803db5723
call next value for hibernate_sequence
call next value for hibernate_sequence;
2022-10-10 14:33:47.158  INFO 4460 --- [    Test worker] p6spy                                    : #1665380027158 | took 0ms | statement | connection 23| url jdbc:h2:mem:ad3a9e80-f26d-4a3e-9691-17f803db5723
call next value for hibernate_sequence
call next value for hibernate_sequence;
2022-10-10 14:33:47.158  INFO 4460 --- [    Test worker] p6spy                                    : #1665380027158 | took 0ms | statement | connection 23| url jdbc:h2:mem:ad3a9e80-f26d-4a3e-9691-17f803db5723
call next value for hibernate_sequence
call next value for hibernate_sequence;
2022-10-10 14:33:47.158  INFO 4460 --- [    Test worker] p6spy                                    : #1665380027158 | took 0ms | statement | connection 23| url jdbc:h2:mem:ad3a9e80-f26d-4a3e-9691-17f803db5723
call next value for hibernate_sequence
call next value for hibernate_sequence;
2022-10-10 14:33:47.158  INFO 4460 --- [    Test worker] p6spy                                    : #1665380027158 | took 0ms | statement | connection 23| url jdbc:h2:mem:ad3a9e80-f26d-4a3e-9691-17f803db5723
call next value for hibernate_sequence
call next value for hibernate_sequence;
2022-10-10 14:33:47.158  INFO 4460 --- [    Test worker] p6spy                                    : #1665380027158 | took 0ms | statement | connection 23| url jdbc:h2:mem:ad3a9e80-f26d-4a3e-9691-17f803db5723
call next value for hibernate_sequence
call next value for hibernate_sequence;
2022-10-10 14:33:47.158  INFO 4460 --- [    Test worker] p6spy                                    : #1665380027158 | took 0ms | statement | connection 23| url jdbc:h2:mem:ad3a9e80-f26d-4a3e-9691-17f803db5723
call next value for hibernate_sequence
call next value for hibernate_sequence;
2022-10-10 14:33:47.158  INFO 4460 --- [    Test worker] p6spy                                    : #1665380027158 | took 0ms | statement | connection 23| url jdbc:h2:mem:ad3a9e80-f26d-4a3e-9691-17f803db5723
call next value for hibernate_sequence
call next value for hibernate_sequence;
2022-10-10 14:33:47.158  INFO 4460 --- [    Test worker] c.j.r.FavoriteSpotQueryRepositoryTest    : favoriteSpot = FavoriteSpot(id=356, count=0)
2022-10-10 14:33:47.158  INFO 4460 --- [    Test worker] c.j.r.FavoriteSpotQueryRepositoryTest    : Spot = capstone.jejuTourrecommend.domain.Spot@25240d08
2022-10-10 14:33:47.158  INFO 4460 --- [    Test worker] p6spy                                    : #1665380027158 | took 0ms | statement | connection 23| url jdbc:h2:mem:ad3a9e80-f26d-4a3e-9691-17f803db5723
call next value for hibernate_sequence
call next value for hibernate_sequence;
2022-10-10 14:33:47.158  INFO 4460 --- [    Test worker] p6spy                                    : #1665380027158 | took 0ms | statement | connection 23| url jdbc:h2:mem:ad3a9e80-f26d-4a3e-9691-17f803db5723
call next value for hibernate_sequence
call next value for hibernate_sequence;
2022-10-10 14:33:47.158  INFO 4460 --- [    Test worker] p6spy                                    : #1665380027158 | took 0ms | statement | connection 23| url jdbc:h2:mem:ad3a9e80-f26d-4a3e-9691-17f803db5723
call next value for hibernate_sequence
call next value for hibernate_sequence;
2022-10-10 14:33:47.158  INFO 4460 --- [    Test worker] p6spy                                    : #1665380027158 | took 0ms | statement | connection 23| url jdbc:h2:mem:ad3a9e80-f26d-4a3e-9691-17f803db5723
call next value for hibernate_sequence
call next value for hibernate_sequence;
2022-10-10 14:33:47.158  INFO 4460 --- [    Test worker] p6spy                                    : #1665380027158 | took 0ms | statement | connection 23| url jdbc:h2:mem:ad3a9e80-f26d-4a3e-9691-17f803db5723
call next value for hibernate_sequence
call next value for hibernate_sequence;
2022-10-10 14:33:47.158  INFO 4460 --- [    Test worker] p6spy                                    : #1665380027158 | took 0ms | statement | connection 23| url jdbc:h2:mem:ad3a9e80-f26d-4a3e-9691-17f803db5723
call next value for hibernate_sequence
call next value for hibernate_sequence;
2022-10-10 14:33:47.158  INFO 4460 --- [    Test worker] p6spy                                    : #1665380027158 | took 0ms | statement | connection 23| url jdbc:h2:mem:ad3a9e80-f26d-4a3e-9691-17f803db5723
call next value for hibernate_sequence
call next value for hibernate_sequence;
2022-10-10 14:33:47.158  INFO 4460 --- [    Test worker] p6spy                                    : #1665380027158 | took 0ms | statement | connection 23| url jdbc:h2:mem:ad3a9e80-f26d-4a3e-9691-17f803db5723
call next value for hibernate_sequence
call next value for hibernate_sequence;
2022-10-10 14:33:47.158  INFO 4460 --- [    Test worker] c.j.r.FavoriteSpotQueryRepositoryTest    : favoriteSpot = FavoriteSpot(id=357, count=0)
2022-10-10 14:33:47.159  INFO 4460 --- [    Test worker] c.j.r.FavoriteSpotQueryRepositoryTest    : Spot = capstone.jejuTourrecommend.domain.Spot@f4201cd
2022-10-10 14:33:47.159  INFO 4460 --- [    Test worker] p6spy                                    : #1665380027159 | took 0ms | statement | connection 23| url jdbc:h2:mem:ad3a9e80-f26d-4a3e-9691-17f803db5723
call next value for hibernate_sequence
call next value for hibernate_sequence;
2022-10-10 14:33:47.159  INFO 4460 --- [    Test worker] p6spy                                    : #1665380027159 | took 0ms | statement | connection 23| url jdbc:h2:mem:ad3a9e80-f26d-4a3e-9691-17f803db5723
call next value for hibernate_sequence
call next value for hibernate_sequence;
2022-10-10 14:33:47.159  INFO 4460 --- [    Test worker] p6spy                                    : #1665380027159 | took 0ms | statement | connection 23| url jdbc:h2:mem:ad3a9e80-f26d-4a3e-9691-17f803db5723
call next value for hibernate_sequence
call next value for hibernate_sequence;
2022-10-10 14:33:47.159  INFO 4460 --- [    Test worker] p6spy                                    : #1665380027159 | took 0ms | statement | connection 23| url jdbc:h2:mem:ad3a9e80-f26d-4a3e-9691-17f803db5723
call next value for hibernate_sequence
call next value for hibernate_sequence;
2022-10-10 14:33:47.159  INFO 4460 --- [    Test worker] p6spy                                    : #1665380027159 | took 0ms | statement | connection 23| url jdbc:h2:mem:ad3a9e80-f26d-4a3e-9691-17f803db5723
call next value for hibernate_sequence
call next value for hibernate_sequence;
2022-10-10 14:33:47.159  INFO 4460 --- [    Test worker] p6spy                                    : #1665380027159 | took 0ms | statement | connection 23| url jdbc:h2:mem:ad3a9e80-f26d-4a3e-9691-17f803db5723
call next value for hibernate_sequence
call next value for hibernate_sequence;
2022-10-10 14:33:47.159  INFO 4460 --- [    Test worker] p6spy                                    : #1665380027159 | took 0ms | statement | connection 23| url jdbc:h2:mem:ad3a9e80-f26d-4a3e-9691-17f803db5723
call next value for hibernate_sequence
call next value for hibernate_sequence;
2022-10-10 14:33:47.159  INFO 4460 --- [    Test worker] p6spy                                    : #1665380027159 | took 0ms | statement | connection 23| url jdbc:h2:mem:ad3a9e80-f26d-4a3e-9691-17f803db5723
call next value for hibernate_sequence
call next value for hibernate_sequence;
2022-10-10 14:33:47.159  INFO 4460 --- [    Test worker] c.j.r.FavoriteSpotQueryRepositoryTest    : favoriteSpot = FavoriteSpot(id=358, count=0)
2022-10-10 14:33:47.159  INFO 4460 --- [    Test worker] c.j.r.FavoriteSpotQueryRepositoryTest    : Spot = capstone.jejuTourrecommend.domain.Spot@60a73b68
2022-10-10 14:33:47.159  INFO 4460 --- [    Test worker] p6spy                                    : #1665380027159 | took 0ms | statement | connection 23| url jdbc:h2:mem:ad3a9e80-f26d-4a3e-9691-17f803db5723
call next value for hibernate_sequence
call next value for hibernate_sequence;
2022-10-10 14:33:47.159  INFO 4460 --- [    Test worker] p6spy                                    : #1665380027159 | took 0ms | statement | connection 23| url jdbc:h2:mem:ad3a9e80-f26d-4a3e-9691-17f803db5723
call next value for hibernate_sequence
call next value for hibernate_sequence;
2022-10-10 14:33:47.159  INFO 4460 --- [    Test worker] p6spy                                    : #1665380027159 | took 0ms | statement | connection 23| url jdbc:h2:mem:ad3a9e80-f26d-4a3e-9691-17f803db5723
call next value for hibernate_sequence
call next value for hibernate_sequence;
2022-10-10 14:33:47.159  INFO 4460 --- [    Test worker] p6spy                                    : #1665380027159 | took 0ms | statement | connection 23| url jdbc:h2:mem:ad3a9e80-f26d-4a3e-9691-17f803db5723
call next value for hibernate_sequence
call next value for hibernate_sequence;
2022-10-10 14:33:47.159  INFO 4460 --- [    Test worker] p6spy                                    : #1665380027159 | took 0ms | statement | connection 23| url jdbc:h2:mem:ad3a9e80-f26d-4a3e-9691-17f803db5723
call next value for hibernate_sequence
call next value for hibernate_sequence;
2022-10-10 14:33:47.159  INFO 4460 --- [    Test worker] p6spy                                    : #1665380027159 | took 0ms | statement | connection 23| url jdbc:h2:mem:ad3a9e80-f26d-4a3e-9691-17f803db5723
call next value for hibernate_sequence
call next value for hibernate_sequence;
2022-10-10 14:33:47.159  INFO 4460 --- [    Test worker] p6spy                                    : #1665380027159 | took 0ms | statement | connection 23| url jdbc:h2:mem:ad3a9e80-f26d-4a3e-9691-17f803db5723
call next value for hibernate_sequence
call next value for hibernate_sequence;
2022-10-10 14:33:47.159  INFO 4460 --- [    Test worker] p6spy                                    : #1665380027159 | took 0ms | statement | connection 23| url jdbc:h2:mem:ad3a9e80-f26d-4a3e-9691-17f803db5723
call next value for hibernate_sequence
call next value for hibernate_sequence;
2022-10-10 14:33:47.159  INFO 4460 --- [    Test worker] c.j.r.FavoriteSpotQueryRepositoryTest    : favoriteSpot = FavoriteSpot(id=359, count=0)
2022-10-10 14:33:47.159  INFO 4460 --- [    Test worker] c.j.r.FavoriteSpotQueryRepositoryTest    : Spot = capstone.jejuTourrecommend.domain.Spot@53f9d811
2022-10-10 14:33:47.159  INFO 4460 --- [    Test worker] p6spy                                    : #1665380027159 | took 0ms | statement | connection 23| url jdbc:h2:mem:ad3a9e80-f26d-4a3e-9691-17f803db5723
call next value for hibernate_sequence
call next value for hibernate_sequence;
2022-10-10 14:33:47.159  INFO 4460 --- [    Test worker] p6spy                                    : #1665380027159 | took 0ms | statement | connection 23| url jdbc:h2:mem:ad3a9e80-f26d-4a3e-9691-17f803db5723
call next value for hibernate_sequence
call next value for hibernate_sequence;
2022-10-10 14:33:47.159  INFO 4460 --- [    Test worker] p6spy                                    : #1665380027159 | took 0ms | statement | connection 23| url jdbc:h2:mem:ad3a9e80-f26d-4a3e-9691-17f803db5723
call next value for hibernate_sequence
call next value for hibernate_sequence;
2022-10-10 14:33:47.159  INFO 4460 --- [    Test worker] p6spy                                    : #1665380027159 | took 0ms | statement | connection 23| url jdbc:h2:mem:ad3a9e80-f26d-4a3e-9691-17f803db5723
call next value for hibernate_sequence
call next value for hibernate_sequence;
2022-10-10 14:33:47.159  INFO 4460 --- [    Test worker] p6spy                                    : #1665380027159 | took 0ms | statement | connection 23| url jdbc:h2:mem:ad3a9e80-f26d-4a3e-9691-17f803db5723
call next value for hibernate_sequence
call next value for hibernate_sequence;
2022-10-10 14:33:47.159  INFO 4460 --- [    Test worker] p6spy                                    : #1665380027159 | took 0ms | statement | connection 23| url jdbc:h2:mem:ad3a9e80-f26d-4a3e-9691-17f803db5723
call next value for hibernate_sequence
call next value for hibernate_sequence;
2022-10-10 14:33:47.159  INFO 4460 --- [    Test worker] p6spy                                    : #1665380027159 | took 0ms | statement | connection 23| url jdbc:h2:mem:ad3a9e80-f26d-4a3e-9691-17f803db5723
call next value for hibernate_sequence
call next value for hibernate_sequence;
2022-10-10 14:33:47.159  INFO 4460 --- [    Test worker] p6spy                                    : #1665380027159 | took 0ms | statement | connection 23| url jdbc:h2:mem:ad3a9e80-f26d-4a3e-9691-17f803db5723
call next value for hibernate_sequence
call next value for hibernate_sequence;
2022-10-10 14:33:47.159  INFO 4460 --- [    Test worker] c.j.r.FavoriteSpotQueryRepositoryTest    : favoriteSpot = FavoriteSpot(id=360, count=0)
2022-10-10 14:33:47.159  INFO 4460 --- [    Test worker] c.j.r.FavoriteSpotQueryRepositoryTest    : Spot = capstone.jejuTourrecommend.domain.Spot@79f12c07
2022-10-10 14:33:47.159  INFO 4460 --- [    Test worker] p6spy                                    : #1665380027159 | took 0ms | statement | connection 23| url jdbc:h2:mem:ad3a9e80-f26d-4a3e-9691-17f803db5723
call next value for hibernate_sequence
call next value for hibernate_sequence;
2022-10-10 14:33:47.159  INFO 4460 --- [    Test worker] p6spy                                    : #1665380027159 | took 0ms | statement | connection 23| url jdbc:h2:mem:ad3a9e80-f26d-4a3e-9691-17f803db5723
call next value for hibernate_sequence
call next value for hibernate_sequence;
2022-10-10 14:33:47.159  INFO 4460 --- [    Test worker] p6spy                                    : #1665380027159 | took 0ms | statement | connection 23| url jdbc:h2:mem:ad3a9e80-f26d-4a3e-9691-17f803db5723
call next value for hibernate_sequence
call next value for hibernate_sequence;
2022-10-10 14:33:47.159  INFO 4460 --- [    Test worker] p6spy                                    : #1665380027159 | took 0ms | statement | connection 23| url jdbc:h2:mem:ad3a9e80-f26d-4a3e-9691-17f803db5723
call next value for hibernate_sequence
call next value for hibernate_sequence;
2022-10-10 14:33:47.159  INFO 4460 --- [    Test worker] p6spy                                    : #1665380027159 | took 0ms | statement | connection 23| url jdbc:h2:mem:ad3a9e80-f26d-4a3e-9691-17f803db5723
call next value for hibernate_sequence
call next value for hibernate_sequence;
2022-10-10 14:33:47.159  INFO 4460 --- [    Test worker] p6spy                                    : #1665380027159 | took 0ms | statement | connection 23| url jdbc:h2:mem:ad3a9e80-f26d-4a3e-9691-17f803db5723
call next value for hibernate_sequence
call next value for hibernate_sequence;
2022-10-10 14:33:47.159  INFO 4460 --- [    Test worker] p6spy                                    : #1665380027159 | took 0ms | statement | connection 23| url jdbc:h2:mem:ad3a9e80-f26d-4a3e-9691-17f803db5723
call next value for hibernate_sequence
call next value for hibernate_sequence;
2022-10-10 14:33:47.159  INFO 4460 --- [    Test worker] p6spy                                    : #1665380027159 | took 0ms | statement | connection 23| url jdbc:h2:mem:ad3a9e80-f26d-4a3e-9691-17f803db5723
call next value for hibernate_sequence
call next value for hibernate_sequence;
2022-10-10 14:33:47.159  INFO 4460 --- [    Test worker] c.j.r.FavoriteSpotQueryRepositoryTest    : favoriteSpot = FavoriteSpot(id=361, count=0)
2022-10-10 14:33:47.159  INFO 4460 --- [    Test worker] c.j.r.FavoriteSpotQueryRepositoryTest    : Spot = capstone.jejuTourrecommend.domain.Spot@996ed93
2022-10-10 14:33:47.160  INFO 4460 --- [    Test worker] p6spy                                    : #1665380027160 | took 0ms | statement | connection 23| url jdbc:h2:mem:ad3a9e80-f26d-4a3e-9691-17f803db5723
call next value for hibernate_sequence
call next value for hibernate_sequence;
2022-10-10 14:33:47.160  INFO 4460 --- [    Test worker] p6spy                                    : #1665380027160 | took 0ms | statement | connection 23| url jdbc:h2:mem:ad3a9e80-f26d-4a3e-9691-17f803db5723
call next value for hibernate_sequence
call next value for hibernate_sequence;
2022-10-10 14:33:47.160  INFO 4460 --- [    Test worker] p6spy                                    : #1665380027160 | took 0ms | statement | connection 23| url jdbc:h2:mem:ad3a9e80-f26d-4a3e-9691-17f803db5723
call next value for hibernate_sequence
call next value for hibernate_sequence;
2022-10-10 14:33:47.160  INFO 4460 --- [    Test worker] p6spy                                    : #1665380027160 | took 0ms | statement | connection 23| url jdbc:h2:mem:ad3a9e80-f26d-4a3e-9691-17f803db5723
call next value for hibernate_sequence
call next value for hibernate_sequence;
2022-10-10 14:33:47.160  INFO 4460 --- [    Test worker] p6spy                                    : #1665380027160 | took 0ms | statement | connection 23| url jdbc:h2:mem:ad3a9e80-f26d-4a3e-9691-17f803db5723
call next value for hibernate_sequence
call next value for hibernate_sequence;
2022-10-10 14:33:47.160  INFO 4460 --- [    Test worker] p6spy                                    : #1665380027160 | took 0ms | statement | connection 23| url jdbc:h2:mem:ad3a9e80-f26d-4a3e-9691-17f803db5723
call next value for hibernate_sequence
call next value for hibernate_sequence;
2022-10-10 14:33:47.160  INFO 4460 --- [    Test worker] p6spy                                    : #1665380027160 | took 0ms | statement | connection 23| url jdbc:h2:mem:ad3a9e80-f26d-4a3e-9691-17f803db5723
call next value for hibernate_sequence
call next value for hibernate_sequence;
2022-10-10 14:33:47.160  INFO 4460 --- [    Test worker] p6spy                                    : #1665380027160 | took 0ms | statement | connection 23| url jdbc:h2:mem:ad3a9e80-f26d-4a3e-9691-17f803db5723
call next value for hibernate_sequence
call next value for hibernate_sequence;
2022-10-10 14:33:47.160  INFO 4460 --- [    Test worker] c.j.r.FavoriteSpotQueryRepositoryTest    : favoriteSpot = FavoriteSpot(id=362, count=0)
2022-10-10 14:33:47.160  INFO 4460 --- [    Test worker] c.j.r.FavoriteSpotQueryRepositoryTest    : Spot = capstone.jejuTourrecommend.domain.Spot@40b2598
2022-10-10 14:33:47.160  INFO 4460 --- [    Test worker] p6spy                                    : #1665380027160 | took 0ms | statement | connection 23| url jdbc:h2:mem:ad3a9e80-f26d-4a3e-9691-17f803db5723
call next value for hibernate_sequence
call next value for hibernate_sequence;
2022-10-10 14:33:47.160  INFO 4460 --- [    Test worker] p6spy                                    : #1665380027160 | took 0ms | statement | connection 23| url jdbc:h2:mem:ad3a9e80-f26d-4a3e-9691-17f803db5723
call next value for hibernate_sequence
call next value for hibernate_sequence;
2022-10-10 14:33:47.160  INFO 4460 --- [    Test worker] p6spy                                    : #1665380027160 | took 0ms | statement | connection 23| url jdbc:h2:mem:ad3a9e80-f26d-4a3e-9691-17f803db5723
call next value for hibernate_sequence
call next value for hibernate_sequence;
2022-10-10 14:33:47.160  INFO 4460 --- [    Test worker] p6spy                                    : #1665380027160 | took 0ms | statement | connection 23| url jdbc:h2:mem:ad3a9e80-f26d-4a3e-9691-17f803db5723
call next value for spot_seq
call next value for spot_seq;
2022-10-10 14:33:47.160  INFO 4460 --- [    Test worker] p6spy                                    : #1665380027160 | took 0ms | statement | connection 23| url jdbc:h2:mem:ad3a9e80-f26d-4a3e-9691-17f803db5723
call next value for hibernate_sequence
call next value for hibernate_sequence;
2022-10-10 14:33:47.160  INFO 4460 --- [    Test worker] p6spy                                    : #1665380027160 | took 0ms | statement | connection 23| url jdbc:h2:mem:ad3a9e80-f26d-4a3e-9691-17f803db5723
call next value for hibernate_sequence
call next value for hibernate_sequence;
2022-10-10 14:33:47.160  INFO 4460 --- [    Test worker] p6spy                                    : #1665380027160 | took 0ms | statement | connection 23| url jdbc:h2:mem:ad3a9e80-f26d-4a3e-9691-17f803db5723
call next value for hibernate_sequence
call next value for hibernate_sequence;
2022-10-10 14:33:47.160  INFO 4460 --- [    Test worker] p6spy                                    : #1665380027160 | took 0ms | statement | connection 23| url jdbc:h2:mem:ad3a9e80-f26d-4a3e-9691-17f803db5723
call next value for hibernate_sequence
call next value for hibernate_sequence;
2022-10-10 14:33:47.160  INFO 4460 --- [    Test worker] p6spy                                    : #1665380027160 | took 0ms | statement | connection 23| url jdbc:h2:mem:ad3a9e80-f26d-4a3e-9691-17f803db5723
call next value for hibernate_sequence
call next value for hibernate_sequence;
2022-10-10 14:33:47.160  INFO 4460 --- [    Test worker] c.j.r.FavoriteSpotQueryRepositoryTest    : favoriteSpot = FavoriteSpot(id=363, count=0)
2022-10-10 14:33:47.160  INFO 4460 --- [    Test worker] c.j.r.FavoriteSpotQueryRepositoryTest    : Spot = capstone.jejuTourrecommend.domain.Spot@735e9176
2022-10-10 14:33:47.160  INFO 4460 --- [    Test worker] p6spy                                    : #1665380027160 | took 0ms | statement | connection 23| url jdbc:h2:mem:ad3a9e80-f26d-4a3e-9691-17f803db5723
call next value for hibernate_sequence
call next value for hibernate_sequence;
2022-10-10 14:33:47.160  INFO 4460 --- [    Test worker] p6spy                                    : #1665380027160 | took 0ms | statement | connection 23| url jdbc:h2:mem:ad3a9e80-f26d-4a3e-9691-17f803db5723
call next value for hibernate_sequence
call next value for hibernate_sequence;
2022-10-10 14:33:47.160  INFO 4460 --- [    Test worker] p6spy                                    : #1665380027160 | took 0ms | statement | connection 23| url jdbc:h2:mem:ad3a9e80-f26d-4a3e-9691-17f803db5723
call next value for hibernate_sequence
call next value for hibernate_sequence;
2022-10-10 14:33:47.160  INFO 4460 --- [    Test worker] p6spy                                    : #1665380027160 | took 0ms | statement | connection 23| url jdbc:h2:mem:ad3a9e80-f26d-4a3e-9691-17f803db5723
call next value for hibernate_sequence
call next value for hibernate_sequence;
2022-10-10 14:33:47.160  INFO 4460 --- [    Test worker] p6spy                                    : #1665380027160 | took 0ms | statement | connection 23| url jdbc:h2:mem:ad3a9e80-f26d-4a3e-9691-17f803db5723
call next value for hibernate_sequence
call next value for hibernate_sequence;
2022-10-10 14:33:47.160  INFO 4460 --- [    Test worker] p6spy                                    : #1665380027160 | took 0ms | statement | connection 23| url jdbc:h2:mem:ad3a9e80-f26d-4a3e-9691-17f803db5723
call next value for hibernate_sequence
call next value for hibernate_sequence;
2022-10-10 14:33:47.160  INFO 4460 --- [    Test worker] p6spy                                    : #1665380027160 | took 0ms | statement | connection 23| url jdbc:h2:mem:ad3a9e80-f26d-4a3e-9691-17f803db5723
call next value for hibernate_sequence
call next value for hibernate_sequence;
2022-10-10 14:33:47.160  INFO 4460 --- [    Test worker] p6spy                                    : #1665380027160 | took 0ms | statement | connection 23| url jdbc:h2:mem:ad3a9e80-f26d-4a3e-9691-17f803db5723
call next value for hibernate_sequence
call next value for hibernate_sequence;
2022-10-10 14:33:47.160  INFO 4460 --- [    Test worker] c.j.r.FavoriteSpotQueryRepositoryTest    : favoriteSpot = FavoriteSpot(id=364, count=0)
2022-10-10 14:33:47.160  INFO 4460 --- [    Test worker] c.j.r.FavoriteSpotQueryRepositoryTest    : Spot = capstone.jejuTourrecommend.domain.Spot@1085a882
2022-10-10 14:33:47.160  INFO 4460 --- [    Test worker] p6spy                                    : #1665380027160 | took 0ms | statement | connection 23| url jdbc:h2:mem:ad3a9e80-f26d-4a3e-9691-17f803db5723
call next value for hibernate_sequence
call next value for hibernate_sequence;
2022-10-10 14:33:47.160  INFO 4460 --- [    Test worker] p6spy                                    : #1665380027160 | took 0ms | statement | connection 23| url jdbc:h2:mem:ad3a9e80-f26d-4a3e-9691-17f803db5723
call next value for hibernate_sequence
call next value for hibernate_sequence;
2022-10-10 14:33:47.161  INFO 4460 --- [    Test worker] p6spy                                    : #1665380027161 | took 0ms | statement | connection 23| url jdbc:h2:mem:ad3a9e80-f26d-4a3e-9691-17f803db5723
call next value for hibernate_sequence
call next value for hibernate_sequence;
2022-10-10 14:33:47.161  INFO 4460 --- [    Test worker] p6spy                                    : #1665380027161 | took 0ms | statement | connection 23| url jdbc:h2:mem:ad3a9e80-f26d-4a3e-9691-17f803db5723
call next value for hibernate_sequence
call next value for hibernate_sequence;
2022-10-10 14:33:47.161  INFO 4460 --- [    Test worker] p6spy                                    : #1665380027161 | took 0ms | statement | connection 23| url jdbc:h2:mem:ad3a9e80-f26d-4a3e-9691-17f803db5723
call next value for hibernate_sequence
call next value for hibernate_sequence;
2022-10-10 14:33:47.161  INFO 4460 --- [    Test worker] p6spy                                    : #1665380027161 | took 0ms | statement | connection 23| url jdbc:h2:mem:ad3a9e80-f26d-4a3e-9691-17f803db5723
call next value for hibernate_sequence
call next value for hibernate_sequence;
2022-10-10 14:33:47.161  INFO 4460 --- [    Test worker] p6spy                                    : #1665380027161 | took 0ms | statement | connection 23| url jdbc:h2:mem:ad3a9e80-f26d-4a3e-9691-17f803db5723
call next value for hibernate_sequence
call next value for hibernate_sequence;
2022-10-10 14:33:47.161  INFO 4460 --- [    Test worker] p6spy                                    : #1665380027161 | took 0ms | statement | connection 23| url jdbc:h2:mem:ad3a9e80-f26d-4a3e-9691-17f803db5723
call next value for hibernate_sequence
call next value for hibernate_sequence;
2022-10-10 14:33:47.161  INFO 4460 --- [    Test worker] c.j.r.FavoriteSpotQueryRepositoryTest    : favoriteSpot = FavoriteSpot(id=365, count=0)
2022-10-10 14:33:47.161  INFO 4460 --- [    Test worker] c.j.r.FavoriteSpotQueryRepositoryTest    : Spot = capstone.jejuTourrecommend.domain.Spot@1645fba9
2022-10-10 14:33:47.161  INFO 4460 --- [    Test worker] p6spy                                    : #1665380027161 | took 0ms | statement | connection 23| url jdbc:h2:mem:ad3a9e80-f26d-4a3e-9691-17f803db5723
call next value for hibernate_sequence
call next value for hibernate_sequence;
2022-10-10 14:33:47.161  INFO 4460 --- [    Test worker] p6spy                                    : #1665380027161 | took 0ms | statement | connection 23| url jdbc:h2:mem:ad3a9e80-f26d-4a3e-9691-17f803db5723
call next value for hibernate_sequence
call next value for hibernate_sequence;
2022-10-10 14:33:47.161  INFO 4460 --- [    Test worker] p6spy                                    : #1665380027161 | took 0ms | statement | connection 23| url jdbc:h2:mem:ad3a9e80-f26d-4a3e-9691-17f803db5723
call next value for hibernate_sequence
call next value for hibernate_sequence;
2022-10-10 14:33:47.161  INFO 4460 --- [    Test worker] p6spy                                    : #1665380027161 | took 0ms | statement | connection 23| url jdbc:h2:mem:ad3a9e80-f26d-4a3e-9691-17f803db5723
call next value for hibernate_sequence
call next value for hibernate_sequence;
2022-10-10 14:33:47.161  INFO 4460 --- [    Test worker] p6spy                                    : #1665380027161 | took 0ms | statement | connection 23| url jdbc:h2:mem:ad3a9e80-f26d-4a3e-9691-17f803db5723
call next value for hibernate_sequence
call next value for hibernate_sequence;
2022-10-10 14:33:47.161  INFO 4460 --- [    Test worker] p6spy                                    : #1665380027161 | took 0ms | statement | connection 23| url jdbc:h2:mem:ad3a9e80-f26d-4a3e-9691-17f803db5723
call next value for hibernate_sequence
call next value for hibernate_sequence;
2022-10-10 14:33:47.161  INFO 4460 --- [    Test worker] p6spy                                    : #1665380027161 | took 0ms | statement | connection 23| url jdbc:h2:mem:ad3a9e80-f26d-4a3e-9691-17f803db5723
call next value for hibernate_sequence
call next value for hibernate_sequence;
2022-10-10 14:33:47.161  INFO 4460 --- [    Test worker] p6spy                                    : #1665380027161 | took 0ms | statement | connection 23| url jdbc:h2:mem:ad3a9e80-f26d-4a3e-9691-17f803db5723
call next value for hibernate_sequence
call next value for hibernate_sequence;
2022-10-10 14:33:47.161  INFO 4460 --- [    Test worker] c.j.r.FavoriteSpotQueryRepositoryTest    : favoriteSpot = FavoriteSpot(id=366, count=0)
2022-10-10 14:33:47.161  INFO 4460 --- [    Test worker] c.j.r.FavoriteSpotQueryRepositoryTest    : Spot = capstone.jejuTourrecommend.domain.Spot@23a7e915
2022-10-10 14:33:47.161  INFO 4460 --- [    Test worker] p6spy                                    : #1665380027161 | took 0ms | statement | connection 23| url jdbc:h2:mem:ad3a9e80-f26d-4a3e-9691-17f803db5723
call next value for hibernate_sequence
call next value for hibernate_sequence;
2022-10-10 14:33:47.161  INFO 4460 --- [    Test worker] p6spy                                    : #1665380027161 | took 0ms | statement | connection 23| url jdbc:h2:mem:ad3a9e80-f26d-4a3e-9691-17f803db5723
call next value for hibernate_sequence
call next value for hibernate_sequence;
2022-10-10 14:33:47.161  INFO 4460 --- [    Test worker] p6spy                                    : #1665380027161 | took 0ms | statement | connection 23| url jdbc:h2:mem:ad3a9e80-f26d-4a3e-9691-17f803db5723
call next value for hibernate_sequence
call next value for hibernate_sequence;
2022-10-10 14:33:47.161  INFO 4460 --- [    Test worker] p6spy                                    : #1665380027161 | took 0ms | statement | connection 23| url jdbc:h2:mem:ad3a9e80-f26d-4a3e-9691-17f803db5723
call next value for hibernate_sequence
call next value for hibernate_sequence;
2022-10-10 14:33:47.161  INFO 4460 --- [    Test worker] p6spy                                    : #1665380027161 | took 0ms | statement | connection 23| url jdbc:h2:mem:ad3a9e80-f26d-4a3e-9691-17f803db5723
call next value for hibernate_sequence
call next value for hibernate_sequence;
2022-10-10 14:33:47.161  INFO 4460 --- [    Test worker] p6spy                                    : #1665380027161 | took 0ms | statement | connection 23| url jdbc:h2:mem:ad3a9e80-f26d-4a3e-9691-17f803db5723
call next value for hibernate_sequence
call next value for hibernate_sequence;
2022-10-10 14:33:47.161  INFO 4460 --- [    Test worker] p6spy                                    : #1665380027161 | took 0ms | statement | connection 23| url jdbc:h2:mem:ad3a9e80-f26d-4a3e-9691-17f803db5723
call next value for hibernate_sequence
call next value for hibernate_sequence;
2022-10-10 14:33:47.161  INFO 4460 --- [    Test worker] p6spy                                    : #1665380027161 | took 0ms | statement | connection 23| url jdbc:h2:mem:ad3a9e80-f26d-4a3e-9691-17f803db5723
call next value for hibernate_sequence
call next value for hibernate_sequence;
2022-10-10 14:33:47.161  INFO 4460 --- [    Test worker] c.j.r.FavoriteSpotQueryRepositoryTest    : favoriteSpot = FavoriteSpot(id=367, count=0)
2022-10-10 14:33:47.161  INFO 4460 --- [    Test worker] c.j.r.FavoriteSpotQueryRepositoryTest    : Spot = capstone.jejuTourrecommend.domain.Spot@707b37ec
2022-10-10 14:33:47.161  INFO 4460 --- [    Test worker] p6spy                                    : #1665380027161 | took 0ms | statement | connection 23| url jdbc:h2:mem:ad3a9e80-f26d-4a3e-9691-17f803db5723
call next value for hibernate_sequence
call next value for hibernate_sequence;
2022-10-10 14:33:47.161  INFO 4460 --- [    Test worker] p6spy                                    : #1665380027161 | took 0ms | statement | connection 23| url jdbc:h2:mem:ad3a9e80-f26d-4a3e-9691-17f803db5723
call next value for hibernate_sequence
call next value for hibernate_sequence;
2022-10-10 14:33:47.161  INFO 4460 --- [    Test worker] p6spy                                    : #1665380027161 | took 0ms | statement | connection 23| url jdbc:h2:mem:ad3a9e80-f26d-4a3e-9691-17f803db5723
call next value for hibernate_sequence
call next value for hibernate_sequence;
2022-10-10 14:33:47.161  INFO 4460 --- [    Test worker] p6spy                                    : #1665380027161 | took 0ms | statement | connection 23| url jdbc:h2:mem:ad3a9e80-f26d-4a3e-9691-17f803db5723
call next value for hibernate_sequence
call next value for hibernate_sequence;
2022-10-10 14:33:47.161  INFO 4460 --- [    Test worker] p6spy                                    : #1665380027161 | took 0ms | statement | connection 23| url jdbc:h2:mem:ad3a9e80-f26d-4a3e-9691-17f803db5723
call next value for hibernate_sequence
call next value for hibernate_sequence;
2022-10-10 14:33:47.161  INFO 4460 --- [    Test worker] p6spy                                    : #1665380027161 | took 0ms | statement | connection 23| url jdbc:h2:mem:ad3a9e80-f26d-4a3e-9691-17f803db5723
call next value for hibernate_sequence
call next value for hibernate_sequence;
2022-10-10 14:33:47.161  INFO 4460 --- [    Test worker] p6spy                                    : #1665380027161 | took 0ms | statement | connection 23| url jdbc:h2:mem:ad3a9e80-f26d-4a3e-9691-17f803db5723
call next value for hibernate_sequence
call next value for hibernate_sequence;
2022-10-10 14:33:47.161  INFO 4460 --- [    Test worker] p6spy                                    : #1665380027161 | took 0ms | statement | connection 23| url jdbc:h2:mem:ad3a9e80-f26d-4a3e-9691-17f803db5723
call next value for hibernate_sequence
call next value for hibernate_sequence;
2022-10-10 14:33:47.161  INFO 4460 --- [    Test worker] c.j.r.FavoriteSpotQueryRepositoryTest    : favoriteSpot = FavoriteSpot(id=368, count=0)
2022-10-10 14:33:47.161  INFO 4460 --- [    Test worker] c.j.r.FavoriteSpotQueryRepositoryTest    : Spot = capstone.jejuTourrecommend.domain.Spot@6c500fdf
2022-10-10 14:33:47.162  INFO 4460 --- [    Test worker] p6spy                                    : #1665380027162 | took 0ms | statement | connection 23| url jdbc:h2:mem:ad3a9e80-f26d-4a3e-9691-17f803db5723
call next value for hibernate_sequence
call next value for hibernate_sequence;
2022-10-10 14:33:47.162  INFO 4460 --- [    Test worker] p6spy                                    : #1665380027162 | took 0ms | statement | connection 23| url jdbc:h2:mem:ad3a9e80-f26d-4a3e-9691-17f803db5723
call next value for hibernate_sequence
call next value for hibernate_sequence;
2022-10-10 14:33:47.162  INFO 4460 --- [    Test worker] p6spy                                    : #1665380027162 | took 0ms | statement | connection 23| url jdbc:h2:mem:ad3a9e80-f26d-4a3e-9691-17f803db5723
call next value for hibernate_sequence
call next value for hibernate_sequence;
2022-10-10 14:33:47.162  INFO 4460 --- [    Test worker] p6spy                                    : #1665380027162 | took 0ms | statement | connection 23| url jdbc:h2:mem:ad3a9e80-f26d-4a3e-9691-17f803db5723
call next value for hibernate_sequence
call next value for hibernate_sequence;
2022-10-10 14:33:47.162  INFO 4460 --- [    Test worker] p6spy                                    : #1665380027162 | took 0ms | statement | connection 23| url jdbc:h2:mem:ad3a9e80-f26d-4a3e-9691-17f803db5723
call next value for hibernate_sequence
call next value for hibernate_sequence;
2022-10-10 14:33:47.162  INFO 4460 --- [    Test worker] p6spy                                    : #1665380027162 | took 0ms | statement | connection 23| url jdbc:h2:mem:ad3a9e80-f26d-4a3e-9691-17f803db5723
call next value for hibernate_sequence
call next value for hibernate_sequence;
2022-10-10 14:33:47.162  INFO 4460 --- [    Test worker] p6spy                                    : #1665380027162 | took 0ms | statement | connection 23| url jdbc:h2:mem:ad3a9e80-f26d-4a3e-9691-17f803db5723
call next value for hibernate_sequence
call next value for hibernate_sequence;
2022-10-10 14:33:47.162  INFO 4460 --- [    Test worker] p6spy                                    : #1665380027162 | took 0ms | statement | connection 23| url jdbc:h2:mem:ad3a9e80-f26d-4a3e-9691-17f803db5723
call next value for hibernate_sequence
call next value for hibernate_sequence;
2022-10-10 14:33:47.162  INFO 4460 --- [    Test worker] c.j.r.FavoriteSpotQueryRepositoryTest    : favoriteSpot = FavoriteSpot(id=369, count=0)
2022-10-10 14:33:47.162  INFO 4460 --- [    Test worker] c.j.r.FavoriteSpotQueryRepositoryTest    : Spot = capstone.jejuTourrecommend.domain.Spot@508218dc
2022-10-10 14:33:47.162  INFO 4460 --- [    Test worker] p6spy                                    : #1665380027162 | took 0ms | statement | connection 23| url jdbc:h2:mem:ad3a9e80-f26d-4a3e-9691-17f803db5723
call next value for hibernate_sequence
call next value for hibernate_sequence;
2022-10-10 14:33:47.162  INFO 4460 --- [    Test worker] p6spy                                    : #1665380027162 | took 0ms | statement | connection 23| url jdbc:h2:mem:ad3a9e80-f26d-4a3e-9691-17f803db5723
call next value for hibernate_sequence
call next value for hibernate_sequence;
2022-10-10 14:33:47.162  INFO 4460 --- [    Test worker] p6spy                                    : #1665380027162 | took 0ms | statement | connection 23| url jdbc:h2:mem:ad3a9e80-f26d-4a3e-9691-17f803db5723
call next value for hibernate_sequence
call next value for hibernate_sequence;
2022-10-10 14:33:47.162  INFO 4460 --- [    Test worker] p6spy                                    : #1665380027162 | took 0ms | statement | connection 23| url jdbc:h2:mem:ad3a9e80-f26d-4a3e-9691-17f803db5723
call next value for hibernate_sequence
call next value for hibernate_sequence;
2022-10-10 14:33:47.162  INFO 4460 --- [    Test worker] p6spy                                    : #1665380027162 | took 0ms | statement | connection 23| url jdbc:h2:mem:ad3a9e80-f26d-4a3e-9691-17f803db5723
call next value for review_seq
call next value for review_seq;
2022-10-10 14:33:47.162  INFO 4460 --- [    Test worker] p6spy                                    : #1665380027162 | took 0ms | statement | connection 23| url jdbc:h2:mem:ad3a9e80-f26d-4a3e-9691-17f803db5723
call next value for hibernate_sequence
call next value for hibernate_sequence;
2022-10-10 14:33:47.162  INFO 4460 --- [    Test worker] p6spy                                    : #1665380027162 | took 0ms | statement | connection 23| url jdbc:h2:mem:ad3a9e80-f26d-4a3e-9691-17f803db5723
call next value for hibernate_sequence
call next value for hibernate_sequence;
2022-10-10 14:33:47.162  INFO 4460 --- [    Test worker] p6spy                                    : #1665380027162 | took 0ms | statement | connection 23| url jdbc:h2:mem:ad3a9e80-f26d-4a3e-9691-17f803db5723
call next value for hibernate_sequence
call next value for hibernate_sequence;
2022-10-10 14:33:47.162  INFO 4460 --- [    Test worker] p6spy                                    : #1665380027162 | took 0ms | statement | connection 23| url jdbc:h2:mem:ad3a9e80-f26d-4a3e-9691-17f803db5723
call next value for hibernate_sequence
call next value for hibernate_sequence;
2022-10-10 14:33:47.162  INFO 4460 --- [    Test worker] c.j.r.FavoriteSpotQueryRepositoryTest    : favoriteSpot = FavoriteSpot(id=370, count=0)
2022-10-10 14:33:47.162  INFO 4460 --- [    Test worker] c.j.r.FavoriteSpotQueryRepositoryTest    : Spot = capstone.jejuTourrecommend.domain.Spot@22343b6f
2022-10-10 14:33:47.162  INFO 4460 --- [    Test worker] p6spy                                    : #1665380027162 | took 0ms | statement | connection 23| url jdbc:h2:mem:ad3a9e80-f26d-4a3e-9691-17f803db5723
call next value for score_seq
call next value for score_seq;
2022-10-10 14:33:47.162  INFO 4460 --- [    Test worker] p6spy                                    : #1665380027162 | took 0ms | statement | connection 23| url jdbc:h2:mem:ad3a9e80-f26d-4a3e-9691-17f803db5723
call next value for hibernate_sequence
call next value for hibernate_sequence;
2022-10-10 14:33:47.162  INFO 4460 --- [    Test worker] p6spy                                    : #1665380027162 | took 0ms | statement | connection 23| url jdbc:h2:mem:ad3a9e80-f26d-4a3e-9691-17f803db5723
call next value for hibernate_sequence
call next value for hibernate_sequence;
2022-10-10 14:33:47.162  INFO 4460 --- [    Test worker] p6spy                                    : #1665380027162 | took 0ms | statement | connection 23| url jdbc:h2:mem:ad3a9e80-f26d-4a3e-9691-17f803db5723
call next value for hibernate_sequence
call next value for hibernate_sequence;
2022-10-10 14:33:47.162  INFO 4460 --- [    Test worker] p6spy                                    : #1665380027162 | took 0ms | statement | connection 23| url jdbc:h2:mem:ad3a9e80-f26d-4a3e-9691-17f803db5723
call next value for hibernate_sequence
call next value for hibernate_sequence;
2022-10-10 14:33:47.165  INFO 4460 --- [    Test worker] p6spy                                    : #1665380027165 | took 0ms | statement | connection 23| url jdbc:h2:mem:ad3a9e80-f26d-4a3e-9691-17f803db5723
insert into member (created_date, last_modified_date, created_by, last_modified_by, email, password, refresh_token, role, username, member_id) values (?, ?, ?, ?, ?, ?, ?, ?, ?, ?)
insert into member (created_date, last_modified_date, created_by, last_modified_by, email, password, refresh_token, role, username, member_id) values ('2022-10-10T14:33:47.148+0900', '2022-10-10T14:33:47.148+0900', 'f2c5cb40-12ca-40b3-88c1-d38542bed0f1', 'f2c5cb40-12ca-40b3-88c1-d38542bed0f1', 'member1@gmail.com', '1234', NULL, NULL, 'member1', 14);
2022-10-10 14:33:47.165  INFO 4460 --- [    Test worker] p6spy                                    : #1665380027165 | took 0ms | statement | connection 23| url jdbc:h2:mem:ad3a9e80-f26d-4a3e-9691-17f803db5723
insert into member (created_date, last_modified_date, created_by, last_modified_by, email, password, refresh_token, role, username, member_id) values (?, ?, ?, ?, ?, ?, ?, ?, ?, ?)
insert into member (created_date, last_modified_date, created_by, last_modified_by, email, password, refresh_token, role, username, member_id) values ('2022-10-10T14:33:47.148+0900', '2022-10-10T14:33:47.148+0900', 'a849d42f-0c3a-44ff-9ab6-c3080435c967', 'a849d42f-0c3a-44ff-9ab6-c3080435c967', 'member2@naver.com', '2345', NULL, NULL, 'member2', 15);
2022-10-10 14:33:47.165  INFO 4460 --- [    Test worker] p6spy                                    : #1665380027165 | took 0ms | statement | connection 23| url jdbc:h2:mem:ad3a9e80-f26d-4a3e-9691-17f803db5723
insert into favorite (member_id, name, favorite_id) values (?, ?, ?)
insert into favorite (member_id, name, favorite_id) values (14, '1일차', 37);
2022-10-10 14:33:47.165  INFO 4460 --- [    Test worker] p6spy                                    : #1665380027165 | took 0ms | statement | connection 23| url jdbc:h2:mem:ad3a9e80-f26d-4a3e-9691-17f803db5723
insert into score (facility_rank, facility_score, price_rank, price_score, rank_average, surround_rank, surround_score, view_rank, view_score, score_id) values (?, ?, ?, ?, ?, ?, ?, ?, ?, ?)
insert into score (facility_rank, facility_score, price_rank, price_score, rank_average, surround_rank, surround_score, view_rank, view_score, score_id) values (5.263771067485506, 7.318023651326767, 1.5141643702802632, 0.2250897235943483, 4.393380827215692, 1.6701468419739562, 8.810664619221654, 7.611194146366691, 5.448968265111674, 303);
2022-10-10 14:33:47.165  INFO 4460 --- [    Test worker] p6spy                                    : #1665380027165 | took 0ms | statement | connection 23| url jdbc:h2:mem:ad3a9e80-f26d-4a3e-9691-17f803db5723
insert into picture (spot_id, url, picture_id) values (?, ?, ?)
insert into picture (spot_id, url, picture_id) values (NULL, 'java.io.StringReader@32a7ae82', 1265);
2022-10-10 14:33:47.165  INFO 4460 --- [    Test worker] p6spy                                    : #1665380027165 | took 0ms | statement | connection 23| url jdbc:h2:mem:ad3a9e80-f26d-4a3e-9691-17f803db5723
insert into picture (spot_id, url, picture_id) values (?, ?, ?)
insert into picture (spot_id, url, picture_id) values (NULL, 'java.io.StringReader@c119654', 1266);
2022-10-10 14:33:47.165  INFO 4460 --- [    Test worker] p6spy                                    : #1665380027165 | took 0ms | statement | connection 23| url jdbc:h2:mem:ad3a9e80-f26d-4a3e-9691-17f803db5723
insert into picture (spot_id, url, picture_id) values (?, ?, ?)
insert into picture (spot_id, url, picture_id) values (NULL, 'java.io.StringReader@2db5e1a3', 1267);
2022-10-10 14:33:47.165  INFO 4460 --- [    Test worker] p6spy                                    : #1665380027165 | took 0ms | statement | connection 23| url jdbc:h2:mem:ad3a9e80-f26d-4a3e-9691-17f803db5723
insert into spot (address, description, location, name, score_id, spot_id) values (?, ?, ?, ?, ?, ?)
insert into spot (address, description, location, name, score_id, spot_id) values (NULL, NULL, 'Aewol_eup', NULL, 303, 369);
2022-10-10 14:33:47.165  INFO 4460 --- [    Test worker] p6spy                                    : #1665380027165 | took 0ms | statement | connection 23| url jdbc:h2:mem:ad3a9e80-f26d-4a3e-9691-17f803db5723
insert into member_spot (member_id, score, spot_id, member_spot_id) values (?, ?, ?, ?)
insert into member_spot (member_id, score, spot_id, member_spot_id) values (15, 0.0, 369, 1268);
2022-10-10 14:33:47.165  INFO 4460 --- [    Test worker] p6spy                                    : #1665380027165 | took 0ms | statement | connection 23| url jdbc:h2:mem:ad3a9e80-f26d-4a3e-9691-17f803db5723
insert into review (content, spot_id, review_id) values (?, ?, ?)
insert into review (content, spot_id, review_id) values ('java.io.StringReader@3814cf08', 369, 305);
2022-10-10 14:33:47.165  INFO 4460 --- [    Test worker] p6spy                                    : #1665380027165 | took 0ms | statement | connection 23| url jdbc:h2:mem:ad3a9e80-f26d-4a3e-9691-17f803db5723
insert into favorite_spot (count, favorite_id, spot_id, favorite_spot_id) values (?, ?, ?, ?)
insert into favorite_spot (count, favorite_id, spot_id, favorite_spot_id) values (0, 37, 369, 321);
2022-10-10 14:33:47.166  INFO 4460 --- [    Test worker] p6spy                                    : #1665380027166 | took 0ms | statement | connection 23| url jdbc:h2:mem:ad3a9e80-f26d-4a3e-9691-17f803db5723
insert into score (facility_rank, facility_score, price_rank, price_score, rank_average, surround_rank, surround_score, view_rank, view_score, score_id) values (?, ?, ?, ?, ?, ?, ?, ?, ?, ?)
insert into score (facility_rank, facility_score, price_rank, price_score, rank_average, surround_rank, surround_score, view_rank, view_score, score_id) values (3.4444883994840736, 5.7250117697307505, 6.4514391104846, 7.5382280695057515, 2.2687866875351856, 9.262173333055298, 7.80712305954324, 1.2498887843599127, 1.6377312091888552, 304);
2022-10-10 14:33:47.166  INFO 4460 --- [    Test worker] p6spy                                    : #1665380027166 | took 0ms | statement | connection 23| url jdbc:h2:mem:ad3a9e80-f26d-4a3e-9691-17f803db5723
insert into picture (spot_id, url, picture_id) values (?, ?, ?)
insert into picture (spot_id, url, picture_id) values (NULL, 'java.io.StringReader@68c1e15d', 1269);
2022-10-10 14:33:47.166  INFO 4460 --- [    Test worker] p6spy                                    : #1665380027166 | took 0ms | statement | connection 23| url jdbc:h2:mem:ad3a9e80-f26d-4a3e-9691-17f803db5723
insert into picture (spot_id, url, picture_id) values (?, ?, ?)
insert into picture (spot_id, url, picture_id) values (NULL, 'java.io.StringReader@52c0568c', 1270);
2022-10-10 14:33:47.166  INFO 4460 --- [    Test worker] p6spy                                    : #1665380027166 | took 0ms | statement | connection 23| url jdbc:h2:mem:ad3a9e80-f26d-4a3e-9691-17f803db5723
insert into picture (spot_id, url, picture_id) values (?, ?, ?)
insert into picture (spot_id, url, picture_id) values (NULL, 'java.io.StringReader@1f211f76', 1271);
2022-10-10 14:33:47.166  INFO 4460 --- [    Test worker] p6spy                                    : #1665380027166 | took 0ms | statement | connection 23| url jdbc:h2:mem:ad3a9e80-f26d-4a3e-9691-17f803db5723
insert into spot (address, description, location, name, score_id, spot_id) values (?, ?, ?, ?, ?, ?)
insert into spot (address, description, location, name, score_id, spot_id) values (NULL, NULL, 'Aewol_eup', NULL, 304, 370);
2022-10-10 14:33:47.166  INFO 4460 --- [    Test worker] p6spy                                    : #1665380027166 | took 0ms | statement | connection 23| url jdbc:h2:mem:ad3a9e80-f26d-4a3e-9691-17f803db5723
insert into member_spot (member_id, score, spot_id, member_spot_id) values (?, ?, ?, ?)
insert into member_spot (member_id, score, spot_id, member_spot_id) values (15, 0.0, 370, 1272);
2022-10-10 14:33:47.166  INFO 4460 --- [    Test worker] p6spy                                    : #1665380027166 | took 0ms | statement | connection 23| url jdbc:h2:mem:ad3a9e80-f26d-4a3e-9691-17f803db5723
insert into review (content, spot_id, review_id) values (?, ?, ?)
insert into review (content, spot_id, review_id) values ('java.io.StringReader@3365c413', 369, 306);
2022-10-10 14:33:47.166  INFO 4460 --- [    Test worker] p6spy                                    : #1665380027166 | took 0ms | statement | connection 23| url jdbc:h2:mem:ad3a9e80-f26d-4a3e-9691-17f803db5723
insert into score (facility_rank, facility_score, price_rank, price_score, rank_average, surround_rank, surround_score, view_rank, view_score, score_id) values (?, ?, ?, ?, ?, ?, ?, ?, ?, ?)
insert into score (facility_rank, facility_score, price_rank, price_score, rank_average, surround_rank, surround_score, view_rank, view_score, score_id) values (1.871462342751773, 7.853997457396124, 0.6838631912029702, 2.963186571373954, 9.87975876399582, 9.000526425649044, 7.938490513366895, 8.264997552192312, 0.309022022110752, 305);
2022-10-10 14:33:47.166  INFO 4460 --- [    Test worker] p6spy                                    : #1665380027166 | took 0ms | statement | connection 23| url jdbc:h2:mem:ad3a9e80-f26d-4a3e-9691-17f803db5723
insert into picture (spot_id, url, picture_id) values (?, ?, ?)
insert into picture (spot_id, url, picture_id) values (NULL, 'java.io.StringReader@5b5beabc', 1273);
2022-10-10 14:33:47.166  INFO 4460 --- [    Test worker] p6spy                                    : #1665380027166 | took 0ms | statement | connection 23| url jdbc:h2:mem:ad3a9e80-f26d-4a3e-9691-17f803db5723
insert into picture (spot_id, url, picture_id) values (?, ?, ?)
insert into picture (spot_id, url, picture_id) values (NULL, 'java.io.StringReader@1838cb5b', 1274);
2022-10-10 14:33:47.166  INFO 4460 --- [    Test worker] p6spy                                    : #1665380027166 | took 0ms | statement | connection 23| url jdbc:h2:mem:ad3a9e80-f26d-4a3e-9691-17f803db5723
insert into picture (spot_id, url, picture_id) values (?, ?, ?)
insert into picture (spot_id, url, picture_id) values (NULL, 'java.io.StringReader@56625ce9', 1275);
2022-10-10 14:33:47.166  INFO 4460 --- [    Test worker] p6spy                                    : #1665380027166 | took 0ms | statement | connection 23| url jdbc:h2:mem:ad3a9e80-f26d-4a3e-9691-17f803db5723
insert into spot (address, description, location, name, score_id, spot_id) values (?, ?, ?, ?, ?, ?)
insert into spot (address, description, location, name, score_id, spot_id) values (NULL, NULL, 'Aewol_eup', NULL, 305, 371);
2022-10-10 14:33:47.166  INFO 4460 --- [    Test worker] p6spy                                    : #1665380027166 | took 0ms | statement | connection 23| url jdbc:h2:mem:ad3a9e80-f26d-4a3e-9691-17f803db5723
insert into member_spot (member_id, score, spot_id, member_spot_id) values (?, ?, ?, ?)
insert into member_spot (member_id, score, spot_id, member_spot_id) values (15, 0.0, 371, 1276);
2022-10-10 14:33:47.166  INFO 4460 --- [    Test worker] p6spy                                    : #1665380027166 | took 0ms | statement | connection 23| url jdbc:h2:mem:ad3a9e80-f26d-4a3e-9691-17f803db5723
insert into review (content, spot_id, review_id) values (?, ?, ?)
insert into review (content, spot_id, review_id) values ('java.io.StringReader@598bc41e', 369, 307);
2022-10-10 14:33:47.166  INFO 4460 --- [    Test worker] p6spy                                    : #1665380027166 | took 0ms | statement | connection 23| url jdbc:h2:mem:ad3a9e80-f26d-4a3e-9691-17f803db5723
insert into favorite_spot (count, favorite_id, spot_id, favorite_spot_id) values (?, ?, ?, ?)
insert into favorite_spot (count, favorite_id, spot_id, favorite_spot_id) values (0, 37, 371, 322);
2022-10-10 14:33:47.166  INFO 4460 --- [    Test worker] p6spy                                    : #1665380027166 | took 0ms | statement | connection 23| url jdbc:h2:mem:ad3a9e80-f26d-4a3e-9691-17f803db5723
insert into score (facility_rank, facility_score, price_rank, price_score, rank_average, surround_rank, surround_score, view_rank, view_score, score_id) values (?, ?, ?, ?, ?, ?, ?, ?, ?, ?)
insert into score (facility_rank, facility_score, price_rank, price_score, rank_average, surround_rank, surround_score, view_rank, view_score, score_id) values (5.8327950844369445, 5.511602688078961, 3.015902535326708, 7.661736198408557, 2.6688100905748757, 2.1962769470491184, 7.355135116237463, 3.6854895244773056, 8.75956782582225, 306);
2022-10-10 14:33:47.166  INFO 4460 --- [    Test worker] p6spy                                    : #1665380027166 | took 0ms | statement | connection 23| url jdbc:h2:mem:ad3a9e80-f26d-4a3e-9691-17f803db5723
insert into picture (spot_id, url, picture_id) values (?, ?, ?)
insert into picture (spot_id, url, picture_id) values (NULL, 'java.io.StringReader@6f5a94cf', 1277);
2022-10-10 14:33:47.166  INFO 4460 --- [    Test worker] p6spy                                    : #1665380027166 | took 0ms | statement | connection 23| url jdbc:h2:mem:ad3a9e80-f26d-4a3e-9691-17f803db5723
insert into picture (spot_id, url, picture_id) values (?, ?, ?)
insert into picture (spot_id, url, picture_id) values (NULL, 'java.io.StringReader@7ad5b588', 1278);
2022-10-10 14:33:47.166  INFO 4460 --- [    Test worker] p6spy                                    : #1665380027166 | took 0ms | statement | connection 23| url jdbc:h2:mem:ad3a9e80-f26d-4a3e-9691-17f803db5723
insert into picture (spot_id, url, picture_id) values (?, ?, ?)
insert into picture (spot_id, url, picture_id) values (NULL, 'java.io.StringReader@62afe863', 1279);
2022-10-10 14:33:47.166  INFO 4460 --- [    Test worker] p6spy                                    : #1665380027166 | took 0ms | statement | connection 23| url jdbc:h2:mem:ad3a9e80-f26d-4a3e-9691-17f803db5723
insert into spot (address, description, location, name, score_id, spot_id) values (?, ?, ?, ?, ?, ?)
insert into spot (address, description, location, name, score_id, spot_id) values (NULL, NULL, 'Aewol_eup', NULL, 306, 372);
2022-10-10 14:33:47.166  INFO 4460 --- [    Test worker] p6spy                                    : #1665380027166 | took 0ms | statement | connection 23| url jdbc:h2:mem:ad3a9e80-f26d-4a3e-9691-17f803db5723
insert into member_spot (member_id, score, spot_id, member_spot_id) values (?, ?, ?, ?)
insert into member_spot (member_id, score, spot_id, member_spot_id) values (15, 0.0, 372, 1280);
2022-10-10 14:33:47.166  INFO 4460 --- [    Test worker] p6spy                                    : #1665380027166 | took 0ms | statement | connection 23| url jdbc:h2:mem:ad3a9e80-f26d-4a3e-9691-17f803db5723
insert into review (content, spot_id, review_id) values (?, ?, ?)
insert into review (content, spot_id, review_id) values ('java.io.StringReader@178b2df1', 369, 308);
2022-10-10 14:33:47.166  INFO 4460 --- [    Test worker] p6spy                                    : #1665380027166 | took 0ms | statement | connection 23| url jdbc:h2:mem:ad3a9e80-f26d-4a3e-9691-17f803db5723
insert into score (facility_rank, facility_score, price_rank, price_score, rank_average, surround_rank, surround_score, view_rank, view_score, score_id) values (?, ?, ?, ?, ?, ?, ?, ?, ?, ?)
insert into score (facility_rank, facility_score, price_rank, price_score, rank_average, surround_rank, surround_score, view_rank, view_score, score_id) values (1.2838965134619562, 1.5792536053704909, 1.9464350812365927, 0.24872337541836598, 4.839537778309939, 6.326905015138386, 9.712623408591147, 7.30042171424805, 8.280396206252792, 307);
2022-10-10 14:33:47.166  INFO 4460 --- [    Test worker] p6spy                                    : #1665380027166 | took 0ms | statement | connection 23| url jdbc:h2:mem:ad3a9e80-f26d-4a3e-9691-17f803db5723
insert into picture (spot_id, url, picture_id) values (?, ?, ?)
insert into picture (spot_id, url, picture_id) values (NULL, 'java.io.StringReader@379a9dab', 1281);
2022-10-10 14:33:47.166  INFO 4460 --- [    Test worker] p6spy                                    : #1665380027166 | took 0ms | statement | connection 23| url jdbc:h2:mem:ad3a9e80-f26d-4a3e-9691-17f803db5723
insert into picture (spot_id, url, picture_id) values (?, ?, ?)
insert into picture (spot_id, url, picture_id) values (NULL, 'java.io.StringReader@79000d1a', 1282);
2022-10-10 14:33:47.166  INFO 4460 --- [    Test worker] p6spy                                    : #1665380027166 | took 0ms | statement | connection 23| url jdbc:h2:mem:ad3a9e80-f26d-4a3e-9691-17f803db5723
insert into picture (spot_id, url, picture_id) values (?, ?, ?)
insert into picture (spot_id, url, picture_id) values (NULL, 'java.io.StringReader@6aa53438', 1283);
2022-10-10 14:33:47.166  INFO 4460 --- [    Test worker] p6spy                                    : #1665380027166 | took 0ms | statement | connection 23| url jdbc:h2:mem:ad3a9e80-f26d-4a3e-9691-17f803db5723
insert into spot (address, description, location, name, score_id, spot_id) values (?, ?, ?, ?, ?, ?)
insert into spot (address, description, location, name, score_id, spot_id) values (NULL, NULL, 'Aewol_eup', NULL, 307, 373);
2022-10-10 14:33:47.166  INFO 4460 --- [    Test worker] p6spy                                    : #1665380027166 | took 0ms | statement | connection 23| url jdbc:h2:mem:ad3a9e80-f26d-4a3e-9691-17f803db5723
insert into member_spot (member_id, score, spot_id, member_spot_id) values (?, ?, ?, ?)
insert into member_spot (member_id, score, spot_id, member_spot_id) values (15, 0.0, 373, 1284);
2022-10-10 14:33:47.166  INFO 4460 --- [    Test worker] p6spy                                    : #1665380027166 | took 0ms | statement | connection 23| url jdbc:h2:mem:ad3a9e80-f26d-4a3e-9691-17f803db5723
insert into review (content, spot_id, review_id) values (?, ?, ?)
insert into review (content, spot_id, review_id) values ('java.io.StringReader@34ec84e', 369, 309);
2022-10-10 14:33:47.166  INFO 4460 --- [    Test worker] p6spy                                    : #1665380027166 | took 0ms | statement | connection 23| url jdbc:h2:mem:ad3a9e80-f26d-4a3e-9691-17f803db5723
insert into favorite_spot (count, favorite_id, spot_id, favorite_spot_id) values (?, ?, ?, ?)
insert into favorite_spot (count, favorite_id, spot_id, favorite_spot_id) values (0, 37, 373, 323);
2022-10-10 14:33:47.167  INFO 4460 --- [    Test worker] p6spy                                    : #1665380027167 | took 0ms | statement | connection 23| url jdbc:h2:mem:ad3a9e80-f26d-4a3e-9691-17f803db5723
insert into score (facility_rank, facility_score, price_rank, price_score, rank_average, surround_rank, surround_score, view_rank, view_score, score_id) values (?, ?, ?, ?, ?, ?, ?, ?, ?, ?)
insert into score (facility_rank, facility_score, price_rank, price_score, rank_average, surround_rank, surround_score, view_rank, view_score, score_id) values (3.6770021202780345, 4.390206390582973, 0.495802250212074, 7.45979315871255, 7.047360722300121, 2.271097059635986, 6.801724862791651, 1.6305410609695703, 7.992662794534252, 308);
2022-10-10 14:33:47.167  INFO 4460 --- [    Test worker] p6spy                                    : #1665380027167 | took 0ms | statement | connection 23| url jdbc:h2:mem:ad3a9e80-f26d-4a3e-9691-17f803db5723
insert into picture (spot_id, url, picture_id) values (?, ?, ?)
insert into picture (spot_id, url, picture_id) values (NULL, 'java.io.StringReader@50699db9', 1285);
2022-10-10 14:33:47.167  INFO 4460 --- [    Test worker] p6spy                                    : #1665380027167 | took 0ms | statement | connection 23| url jdbc:h2:mem:ad3a9e80-f26d-4a3e-9691-17f803db5723
insert into picture (spot_id, url, picture_id) values (?, ?, ?)
insert into picture (spot_id, url, picture_id) values (NULL, 'java.io.StringReader@5d26c256', 1286);
2022-10-10 14:33:47.167  INFO 4460 --- [    Test worker] p6spy                                    : #1665380027167 | took 0ms | statement | connection 23| url jdbc:h2:mem:ad3a9e80-f26d-4a3e-9691-17f803db5723
insert into picture (spot_id, url, picture_id) values (?, ?, ?)
insert into picture (spot_id, url, picture_id) values (NULL, 'java.io.StringReader@33d3b78c', 1287);
2022-10-10 14:33:47.167  INFO 4460 --- [    Test worker] p6spy                                    : #1665380027167 | took 0ms | statement | connection 23| url jdbc:h2:mem:ad3a9e80-f26d-4a3e-9691-17f803db5723
insert into spot (address, description, location, name, score_id, spot_id) values (?, ?, ?, ?, ?, ?)
insert into spot (address, description, location, name, score_id, spot_id) values (NULL, NULL, 'Aewol_eup', NULL, 308, 374);
2022-10-10 14:33:47.167  INFO 4460 --- [    Test worker] p6spy                                    : #1665380027167 | took 0ms | statement | connection 23| url jdbc:h2:mem:ad3a9e80-f26d-4a3e-9691-17f803db5723
insert into member_spot (member_id, score, spot_id, member_spot_id) values (?, ?, ?, ?)
insert into member_spot (member_id, score, spot_id, member_spot_id) values (15, 0.0, 374, 1288);
2022-10-10 14:33:47.167  INFO 4460 --- [    Test worker] p6spy                                    : #1665380027167 | took 0ms | statement | connection 23| url jdbc:h2:mem:ad3a9e80-f26d-4a3e-9691-17f803db5723
insert into review (content, spot_id, review_id) values (?, ?, ?)
insert into review (content, spot_id, review_id) values ('java.io.StringReader@2f897ecf', 369, 310);
2022-10-10 14:33:47.167  INFO 4460 --- [    Test worker] p6spy                                    : #1665380027167 | took 0ms | statement | connection 23| url jdbc:h2:mem:ad3a9e80-f26d-4a3e-9691-17f803db5723
insert into score (facility_rank, facility_score, price_rank, price_score, rank_average, surround_rank, surround_score, view_rank, view_score, score_id) values (?, ?, ?, ?, ?, ?, ?, ?, ?, ?)
insert into score (facility_rank, facility_score, price_rank, price_score, rank_average, surround_rank, surround_score, view_rank, view_score, score_id) values (9.802763820873498, 6.16389410932571, 7.616143302524758, 9.260615373682318, 7.914990256969463, 6.865137091233327, 4.884329431537763, 5.263755620251799, 1.2644615131389259, 309);
2022-10-10 14:33:47.167  INFO 4460 --- [    Test worker] p6spy                                    : #1665380027167 | took 0ms | statement | connection 23| url jdbc:h2:mem:ad3a9e80-f26d-4a3e-9691-17f803db5723
insert into picture (spot_id, url, picture_id) values (?, ?, ?)
insert into picture (spot_id, url, picture_id) values (NULL, 'java.io.StringReader@78dc9e09', 1289);
2022-10-10 14:33:47.167  INFO 4460 --- [    Test worker] p6spy                                    : #1665380027167 | took 0ms | statement | connection 23| url jdbc:h2:mem:ad3a9e80-f26d-4a3e-9691-17f803db5723
insert into picture (spot_id, url, picture_id) values (?, ?, ?)
insert into picture (spot_id, url, picture_id) values (NULL, 'java.io.StringReader@786b6aeb', 1290);
2022-10-10 14:33:47.167  INFO 4460 --- [    Test worker] p6spy                                    : #1665380027167 | took 0ms | statement | connection 23| url jdbc:h2:mem:ad3a9e80-f26d-4a3e-9691-17f803db5723
insert into picture (spot_id, url, picture_id) values (?, ?, ?)
insert into picture (spot_id, url, picture_id) values (NULL, 'java.io.StringReader@4b502aea', 1291);
2022-10-10 14:33:47.167  INFO 4460 --- [    Test worker] p6spy                                    : #1665380027167 | took 0ms | statement | connection 23| url jdbc:h2:mem:ad3a9e80-f26d-4a3e-9691-17f803db5723
insert into spot (address, description, location, name, score_id, spot_id) values (?, ?, ?, ?, ?, ?)
insert into spot (address, description, location, name, score_id, spot_id) values (NULL, NULL, 'Aewol_eup', NULL, 309, 375);
2022-10-10 14:33:47.167  INFO 4460 --- [    Test worker] p6spy                                    : #1665380027167 | took 0ms | statement | connection 23| url jdbc:h2:mem:ad3a9e80-f26d-4a3e-9691-17f803db5723
insert into member_spot (member_id, score, spot_id, member_spot_id) values (?, ?, ?, ?)
insert into member_spot (member_id, score, spot_id, member_spot_id) values (15, 0.0, 375, 1292);
2022-10-10 14:33:47.167  INFO 4460 --- [    Test worker] p6spy                                    : #1665380027167 | took 0ms | statement | connection 23| url jdbc:h2:mem:ad3a9e80-f26d-4a3e-9691-17f803db5723
insert into review (content, spot_id, review_id) values (?, ?, ?)
insert into review (content, spot_id, review_id) values ('java.io.StringReader@1e0815f4', 369, 311);
2022-10-10 14:33:47.167  INFO 4460 --- [    Test worker] p6spy                                    : #1665380027167 | took 0ms | statement | connection 23| url jdbc:h2:mem:ad3a9e80-f26d-4a3e-9691-17f803db5723
insert into favorite_spot (count, favorite_id, spot_id, favorite_spot_id) values (?, ?, ?, ?)
insert into favorite_spot (count, favorite_id, spot_id, favorite_spot_id) values (0, 37, 375, 324);
2022-10-10 14:33:47.167  INFO 4460 --- [    Test worker] p6spy                                    : #1665380027167 | took 0ms | statement | connection 23| url jdbc:h2:mem:ad3a9e80-f26d-4a3e-9691-17f803db5723
insert into score (facility_rank, facility_score, price_rank, price_score, rank_average, surround_rank, surround_score, view_rank, view_score, score_id) values (?, ?, ?, ?, ?, ?, ?, ?, ?, ?)
insert into score (facility_rank, facility_score, price_rank, price_score, rank_average, surround_rank, surround_score, view_rank, view_score, score_id) values (8.287612234030625, 1.6985548878483836, 5.904952665337416, 9.42069120340449, 4.972892011050703, 4.913744415748066, 8.554701661257072, 8.516578380660098, 8.274124074463113, 310);
2022-10-10 14:33:47.167  INFO 4460 --- [    Test worker] p6spy                                    : #1665380027167 | took 0ms | statement | connection 23| url jdbc:h2:mem:ad3a9e80-f26d-4a3e-9691-17f803db5723
insert into picture (spot_id, url, picture_id) values (?, ?, ?)
insert into picture (spot_id, url, picture_id) values (NULL, 'java.io.StringReader@55ba52cc', 1293);
2022-10-10 14:33:47.167  INFO 4460 --- [    Test worker] p6spy                                    : #1665380027167 | took 0ms | statement | connection 23| url jdbc:h2:mem:ad3a9e80-f26d-4a3e-9691-17f803db5723
insert into picture (spot_id, url, picture_id) values (?, ?, ?)
insert into picture (spot_id, url, picture_id) values (NULL, 'java.io.StringReader@59ffc4a6', 1294);
2022-10-10 14:33:47.167  INFO 4460 --- [    Test worker] p6spy                                    : #1665380027167 | took 0ms | statement | connection 23| url jdbc:h2:mem:ad3a9e80-f26d-4a3e-9691-17f803db5723
insert into picture (spot_id, url, picture_id) values (?, ?, ?)
insert into picture (spot_id, url, picture_id) values (NULL, 'java.io.StringReader@15ce83a3', 1295);
2022-10-10 14:33:47.167  INFO 4460 --- [    Test worker] p6spy                                    : #1665380027167 | took 0ms | statement | connection 23| url jdbc:h2:mem:ad3a9e80-f26d-4a3e-9691-17f803db5723
insert into spot (address, description, location, name, score_id, spot_id) values (?, ?, ?, ?, ?, ?)
insert into spot (address, description, location, name, score_id, spot_id) values (NULL, NULL, 'Aewol_eup', NULL, 310, 376);
2022-10-10 14:33:47.167  INFO 4460 --- [    Test worker] p6spy                                    : #1665380027167 | took 0ms | statement | connection 23| url jdbc:h2:mem:ad3a9e80-f26d-4a3e-9691-17f803db5723
insert into member_spot (member_id, score, spot_id, member_spot_id) values (?, ?, ?, ?)
insert into member_spot (member_id, score, spot_id, member_spot_id) values (15, 0.0, 376, 1296);
2022-10-10 14:33:47.167  INFO 4460 --- [    Test worker] p6spy                                    : #1665380027167 | took 0ms | statement | connection 23| url jdbc:h2:mem:ad3a9e80-f26d-4a3e-9691-17f803db5723
insert into review (content, spot_id, review_id) values (?, ?, ?)
insert into review (content, spot_id, review_id) values ('java.io.StringReader@6c037fa4', 369, 312);
2022-10-10 14:33:47.167  INFO 4460 --- [    Test worker] p6spy                                    : #1665380027167 | took 0ms | statement | connection 23| url jdbc:h2:mem:ad3a9e80-f26d-4a3e-9691-17f803db5723
insert into score (facility_rank, facility_score, price_rank, price_score, rank_average, surround_rank, surround_score, view_rank, view_score, score_id) values (?, ?, ?, ?, ?, ?, ?, ?, ?, ?)
insert into score (facility_rank, facility_score, price_rank, price_score, rank_average, surround_rank, surround_score, view_rank, view_score, score_id) values (8.27756140655384, 1.9388557857720334, 1.08146567746909, 3.620712644051739, 4.274307248906295, 0.3498479457152248, 4.898266125863793, 5.470744909702278, 7.991265637122822, 311);
2022-10-10 14:33:47.167  INFO 4460 --- [    Test worker] p6spy                                    : #1665380027167 | took 0ms | statement | connection 23| url jdbc:h2:mem:ad3a9e80-f26d-4a3e-9691-17f803db5723
insert into picture (spot_id, url, picture_id) values (?, ?, ?)
insert into picture (spot_id, url, picture_id) values (NULL, 'java.io.StringReader@3bb444a2', 1297);
2022-10-10 14:33:47.167  INFO 4460 --- [    Test worker] p6spy                                    : #1665380027167 | took 0ms | statement | connection 23| url jdbc:h2:mem:ad3a9e80-f26d-4a3e-9691-17f803db5723
insert into picture (spot_id, url, picture_id) values (?, ?, ?)
insert into picture (spot_id, url, picture_id) values (NULL, 'java.io.StringReader@66860e08', 1298);
2022-10-10 14:33:47.167  INFO 4460 --- [    Test worker] p6spy                                    : #1665380027167 | took 0ms | statement | connection 23| url jdbc:h2:mem:ad3a9e80-f26d-4a3e-9691-17f803db5723
insert into picture (spot_id, url, picture_id) values (?, ?, ?)
insert into picture (spot_id, url, picture_id) values (NULL, 'java.io.StringReader@38030c7c', 1299);
2022-10-10 14:33:47.167  INFO 4460 --- [    Test worker] p6spy                                    : #1665380027167 | took 0ms | statement | connection 23| url jdbc:h2:mem:ad3a9e80-f26d-4a3e-9691-17f803db5723
insert into spot (address, description, location, name, score_id, spot_id) values (?, ?, ?, ?, ?, ?)
insert into spot (address, description, location, name, score_id, spot_id) values (NULL, NULL, 'Aewol_eup', NULL, 311, 377);
2022-10-10 14:33:47.167  INFO 4460 --- [    Test worker] p6spy                                    : #1665380027167 | took 0ms | statement | connection 23| url jdbc:h2:mem:ad3a9e80-f26d-4a3e-9691-17f803db5723
insert into member_spot (member_id, score, spot_id, member_spot_id) values (?, ?, ?, ?)
insert into member_spot (member_id, score, spot_id, member_spot_id) values (15, 0.0, 377, 1300);
2022-10-10 14:33:47.167  INFO 4460 --- [    Test worker] p6spy                                    : #1665380027167 | took 0ms | statement | connection 23| url jdbc:h2:mem:ad3a9e80-f26d-4a3e-9691-17f803db5723
insert into review (content, spot_id, review_id) values (?, ?, ?)
insert into review (content, spot_id, review_id) values ('java.io.StringReader@62f6c22e', 369, 313);
2022-10-10 14:33:47.167  INFO 4460 --- [    Test worker] p6spy                                    : #1665380027167 | took 0ms | statement | connection 23| url jdbc:h2:mem:ad3a9e80-f26d-4a3e-9691-17f803db5723
insert into favorite_spot (count, favorite_id, spot_id, favorite_spot_id) values (?, ?, ?, ?)
insert into favorite_spot (count, favorite_id, spot_id, favorite_spot_id) values (0, 37, 377, 325);
2022-10-10 14:33:47.168  INFO 4460 --- [    Test worker] p6spy                                    : #1665380027168 | took 0ms | statement | connection 23| url jdbc:h2:mem:ad3a9e80-f26d-4a3e-9691-17f803db5723
insert into score (facility_rank, facility_score, price_rank, price_score, rank_average, surround_rank, surround_score, view_rank, view_score, score_id) values (?, ?, ?, ?, ?, ?, ?, ?, ?, ?)
insert into score (facility_rank, facility_score, price_rank, price_score, rank_average, surround_rank, surround_score, view_rank, view_score, score_id) values (3.7815923281233466, 9.077117547802633, 4.821659072335402, 3.351775547481277, 2.8881560709419505, 5.280405158897837, 8.143890941164916, 7.064888069512472, 7.932675825151376, 312);
2022-10-10 14:33:47.168  INFO 4460 --- [    Test worker] p6spy                                    : #1665380027168 | took 0ms | statement | connection 23| url jdbc:h2:mem:ad3a9e80-f26d-4a3e-9691-17f803db5723
insert into picture (spot_id, url, picture_id) values (?, ?, ?)
insert into picture (spot_id, url, picture_id) values (NULL, 'java.io.StringReader@19eb5290', 1301);
2022-10-10 14:33:47.168  INFO 4460 --- [    Test worker] p6spy                                    : #1665380027168 | took 0ms | statement | connection 23| url jdbc:h2:mem:ad3a9e80-f26d-4a3e-9691-17f803db5723
insert into picture (spot_id, url, picture_id) values (?, ?, ?)
insert into picture (spot_id, url, picture_id) values (NULL, 'java.io.StringReader@468df75b', 1302);
2022-10-10 14:33:47.168  INFO 4460 --- [    Test worker] p6spy                                    : #1665380027168 | took 0ms | statement | connection 23| url jdbc:h2:mem:ad3a9e80-f26d-4a3e-9691-17f803db5723
insert into picture (spot_id, url, picture_id) values (?, ?, ?)
insert into picture (spot_id, url, picture_id) values (NULL, 'java.io.StringReader@631e9827', 1303);
2022-10-10 14:33:47.168  INFO 4460 --- [    Test worker] p6spy                                    : #1665380027168 | took 0ms | statement | connection 23| url jdbc:h2:mem:ad3a9e80-f26d-4a3e-9691-17f803db5723
insert into spot (address, description, location, name, score_id, spot_id) values (?, ?, ?, ?, ?, ?)
insert into spot (address, description, location, name, score_id, spot_id) values (NULL, NULL, 'Aewol_eup', NULL, 312, 378);
2022-10-10 14:33:47.168  INFO 4460 --- [    Test worker] p6spy                                    : #1665380027168 | took 0ms | statement | connection 23| url jdbc:h2:mem:ad3a9e80-f26d-4a3e-9691-17f803db5723
insert into member_spot (member_id, score, spot_id, member_spot_id) values (?, ?, ?, ?)
insert into member_spot (member_id, score, spot_id, member_spot_id) values (15, 0.0, 378, 1304);
2022-10-10 14:33:47.168  INFO 4460 --- [    Test worker] p6spy                                    : #1665380027168 | took 0ms | statement | connection 23| url jdbc:h2:mem:ad3a9e80-f26d-4a3e-9691-17f803db5723
insert into review (content, spot_id, review_id) values (?, ?, ?)
insert into review (content, spot_id, review_id) values ('java.io.StringReader@4201ca80', 369, 314);
2022-10-10 14:33:47.168  INFO 4460 --- [    Test worker] p6spy                                    : #1665380027168 | took 0ms | statement | connection 23| url jdbc:h2:mem:ad3a9e80-f26d-4a3e-9691-17f803db5723
insert into score (facility_rank, facility_score, price_rank, price_score, rank_average, surround_rank, surround_score, view_rank, view_score, score_id) values (?, ?, ?, ?, ?, ?, ?, ?, ?, ?)
insert into score (facility_rank, facility_score, price_rank, price_score, rank_average, surround_rank, surround_score, view_rank, view_score, score_id) values (4.081345733893963, 3.467913480959681, 2.9819965119066296, 1.738930867351931, 9.616380712263314, 3.196020421396378, 3.227561072370099, 0.931334887060673, 2.902486640122197, 313);
2022-10-10 14:33:47.168  INFO 4460 --- [    Test worker] p6spy                                    : #1665380027168 | took 0ms | statement | connection 23| url jdbc:h2:mem:ad3a9e80-f26d-4a3e-9691-17f803db5723
insert into picture (spot_id, url, picture_id) values (?, ?, ?)
insert into picture (spot_id, url, picture_id) values (NULL, 'java.io.StringReader@72dd4320', 1305);
2022-10-10 14:33:47.168  INFO 4460 --- [    Test worker] p6spy                                    : #1665380027168 | took 0ms | statement | connection 23| url jdbc:h2:mem:ad3a9e80-f26d-4a3e-9691-17f803db5723
insert into picture (spot_id, url, picture_id) values (?, ?, ?)
insert into picture (spot_id, url, picture_id) values (NULL, 'java.io.StringReader@44457c4d', 1306);
2022-10-10 14:33:47.168  INFO 4460 --- [    Test worker] p6spy                                    : #1665380027168 | took 0ms | statement | connection 23| url jdbc:h2:mem:ad3a9e80-f26d-4a3e-9691-17f803db5723
insert into picture (spot_id, url, picture_id) values (?, ?, ?)
insert into picture (spot_id, url, picture_id) values (NULL, 'java.io.StringReader@4eb7521e', 1307);
2022-10-10 14:33:47.168  INFO 4460 --- [    Test worker] p6spy                                    : #1665380027168 | took 0ms | statement | connection 23| url jdbc:h2:mem:ad3a9e80-f26d-4a3e-9691-17f803db5723
insert into spot (address, description, location, name, score_id, spot_id) values (?, ?, ?, ?, ?, ?)
insert into spot (address, description, location, name, score_id, spot_id) values (NULL, NULL, 'Aewol_eup', NULL, 313, 379);
2022-10-10 14:33:47.168  INFO 4460 --- [    Test worker] p6spy                                    : #1665380027168 | took 0ms | statement | connection 23| url jdbc:h2:mem:ad3a9e80-f26d-4a3e-9691-17f803db5723
insert into member_spot (member_id, score, spot_id, member_spot_id) values (?, ?, ?, ?)
insert into member_spot (member_id, score, spot_id, member_spot_id) values (15, 0.0, 379, 1308);
2022-10-10 14:33:47.168  INFO 4460 --- [    Test worker] p6spy                                    : #1665380027168 | took 0ms | statement | connection 23| url jdbc:h2:mem:ad3a9e80-f26d-4a3e-9691-17f803db5723
insert into review (content, spot_id, review_id) values (?, ?, ?)
insert into review (content, spot_id, review_id) values ('java.io.StringReader@141afe4d', 369, 315);
2022-10-10 14:33:47.168  INFO 4460 --- [    Test worker] p6spy                                    : #1665380027168 | took 0ms | statement | connection 23| url jdbc:h2:mem:ad3a9e80-f26d-4a3e-9691-17f803db5723
insert into favorite_spot (count, favorite_id, spot_id, favorite_spot_id) values (?, ?, ?, ?)
insert into favorite_spot (count, favorite_id, spot_id, favorite_spot_id) values (0, 37, 379, 326);
2022-10-10 14:33:47.168  INFO 4460 --- [    Test worker] p6spy                                    : #1665380027168 | took 0ms | statement | connection 23| url jdbc:h2:mem:ad3a9e80-f26d-4a3e-9691-17f803db5723
insert into score (facility_rank, facility_score, price_rank, price_score, rank_average, surround_rank, surround_score, view_rank, view_score, score_id) values (?, ?, ?, ?, ?, ?, ?, ?, ?, ?)
insert into score (facility_rank, facility_score, price_rank, price_score, rank_average, surround_rank, surround_score, view_rank, view_score, score_id) values (3.028267793543511, 7.869580531014403, 3.49437091424834, 2.7119853131150276, 6.237427801719192, 9.725872089802545, 1.5217517916186374, 5.0918949321960625, 6.268011337519475, 314);
2022-10-10 14:33:47.168  INFO 4460 --- [    Test worker] p6spy                                    : #1665380027168 | took 0ms | statement | connection 23| url jdbc:h2:mem:ad3a9e80-f26d-4a3e-9691-17f803db5723
insert into picture (spot_id, url, picture_id) values (?, ?, ?)
insert into picture (spot_id, url, picture_id) values (NULL, 'java.io.StringReader@4b34e3d8', 1309);
2022-10-10 14:33:47.168  INFO 4460 --- [    Test worker] p6spy                                    : #1665380027168 | took 0ms | statement | connection 23| url jdbc:h2:mem:ad3a9e80-f26d-4a3e-9691-17f803db5723
insert into picture (spot_id, url, picture_id) values (?, ?, ?)
insert into picture (spot_id, url, picture_id) values (NULL, 'java.io.StringReader@64ea9b8c', 1310);
2022-10-10 14:33:47.168  INFO 4460 --- [    Test worker] p6spy                                    : #1665380027168 | took 0ms | statement | connection 23| url jdbc:h2:mem:ad3a9e80-f26d-4a3e-9691-17f803db5723
insert into picture (spot_id, url, picture_id) values (?, ?, ?)
insert into picture (spot_id, url, picture_id) values (NULL, 'java.io.StringReader@3625134b', 1311);
2022-10-10 14:33:47.168  INFO 4460 --- [    Test worker] p6spy                                    : #1665380027168 | took 0ms | statement | connection 23| url jdbc:h2:mem:ad3a9e80-f26d-4a3e-9691-17f803db5723
insert into spot (address, description, location, name, score_id, spot_id) values (?, ?, ?, ?, ?, ?)
insert into spot (address, description, location, name, score_id, spot_id) values (NULL, NULL, 'Aewol_eup', NULL, 314, 380);
2022-10-10 14:33:47.168  INFO 4460 --- [    Test worker] p6spy                                    : #1665380027168 | took 0ms | statement | connection 23| url jdbc:h2:mem:ad3a9e80-f26d-4a3e-9691-17f803db5723
insert into member_spot (member_id, score, spot_id, member_spot_id) values (?, ?, ?, ?)
insert into member_spot (member_id, score, spot_id, member_spot_id) values (15, 0.0, 380, 1312);
2022-10-10 14:33:47.168  INFO 4460 --- [    Test worker] p6spy                                    : #1665380027168 | took 0ms | statement | connection 23| url jdbc:h2:mem:ad3a9e80-f26d-4a3e-9691-17f803db5723
insert into review (content, spot_id, review_id) values (?, ?, ?)
insert into review (content, spot_id, review_id) values ('java.io.StringReader@118f427c', 369, 316);
2022-10-10 14:33:47.168  INFO 4460 --- [    Test worker] p6spy                                    : #1665380027168 | took 0ms | statement | connection 23| url jdbc:h2:mem:ad3a9e80-f26d-4a3e-9691-17f803db5723
insert into score (facility_rank, facility_score, price_rank, price_score, rank_average, surround_rank, surround_score, view_rank, view_score, score_id) values (?, ?, ?, ?, ?, ?, ?, ?, ?, ?)
insert into score (facility_rank, facility_score, price_rank, price_score, rank_average, surround_rank, surround_score, view_rank, view_score, score_id) values (9.874925091001483, 5.129275744756876, 3.8098930938528563, 1.640322862728777, 1.2176610012528355, 2.7010162282778536, 7.064798580201529, 3.430385294319808, 9.652029190813234, 315);
2022-10-10 14:33:47.168  INFO 4460 --- [    Test worker] p6spy                                    : #1665380027168 | took 0ms | statement | connection 23| url jdbc:h2:mem:ad3a9e80-f26d-4a3e-9691-17f803db5723
insert into picture (spot_id, url, picture_id) values (?, ?, ?)
insert into picture (spot_id, url, picture_id) values (NULL, 'java.io.StringReader@5a2e288d', 1313);
2022-10-10 14:33:47.168  INFO 4460 --- [    Test worker] p6spy                                    : #1665380027168 | took 0ms | statement | connection 23| url jdbc:h2:mem:ad3a9e80-f26d-4a3e-9691-17f803db5723
insert into picture (spot_id, url, picture_id) values (?, ?, ?)
insert into picture (spot_id, url, picture_id) values (NULL, 'java.io.StringReader@24ada4e3', 1314);
2022-10-10 14:33:47.168  INFO 4460 --- [    Test worker] p6spy                                    : #1665380027168 | took 0ms | statement | connection 23| url jdbc:h2:mem:ad3a9e80-f26d-4a3e-9691-17f803db5723
insert into picture (spot_id, url, picture_id) values (?, ?, ?)
insert into picture (spot_id, url, picture_id) values (NULL, 'java.io.StringReader@460e17b8', 1315);
2022-10-10 14:33:47.168  INFO 4460 --- [    Test worker] p6spy                                    : #1665380027168 | took 0ms | statement | connection 23| url jdbc:h2:mem:ad3a9e80-f26d-4a3e-9691-17f803db5723
insert into spot (address, description, location, name, score_id, spot_id) values (?, ?, ?, ?, ?, ?)
insert into spot (address, description, location, name, score_id, spot_id) values (NULL, NULL, 'Aewol_eup', NULL, 315, 381);
2022-10-10 14:33:47.168  INFO 4460 --- [    Test worker] p6spy                                    : #1665380027168 | took 0ms | statement | connection 23| url jdbc:h2:mem:ad3a9e80-f26d-4a3e-9691-17f803db5723
insert into member_spot (member_id, score, spot_id, member_spot_id) values (?, ?, ?, ?)
insert into member_spot (member_id, score, spot_id, member_spot_id) values (15, 0.0, 381, 1316);
2022-10-10 14:33:47.169  INFO 4460 --- [    Test worker] p6spy                                    : #1665380027169 | took 0ms | statement | connection 23| url jdbc:h2:mem:ad3a9e80-f26d-4a3e-9691-17f803db5723
insert into review (content, spot_id, review_id) values (?, ?, ?)
insert into review (content, spot_id, review_id) values ('java.io.StringReader@260f6aef', 369, 317);
2022-10-10 14:33:47.169  INFO 4460 --- [    Test worker] p6spy                                    : #1665380027169 | took 0ms | statement | connection 23| url jdbc:h2:mem:ad3a9e80-f26d-4a3e-9691-17f803db5723
insert into favorite_spot (count, favorite_id, spot_id, favorite_spot_id) values (?, ?, ?, ?)
insert into favorite_spot (count, favorite_id, spot_id, favorite_spot_id) values (0, 37, 381, 327);
2022-10-10 14:33:47.169  INFO 4460 --- [    Test worker] p6spy                                    : #1665380027169 | took 0ms | statement | connection 23| url jdbc:h2:mem:ad3a9e80-f26d-4a3e-9691-17f803db5723
insert into score (facility_rank, facility_score, price_rank, price_score, rank_average, surround_rank, surround_score, view_rank, view_score, score_id) values (?, ?, ?, ?, ?, ?, ?, ?, ?, ?)
insert into score (facility_rank, facility_score, price_rank, price_score, rank_average, surround_rank, surround_score, view_rank, view_score, score_id) values (5.232056314830938, 3.8465421555887147, 3.206435264850307, 5.230779335414882, 6.679190500239431, 9.828226338701883, 2.8350954548943452, 9.8320146738778, 3.1471131144755327, 316);
2022-10-10 14:33:47.169  INFO 4460 --- [    Test worker] p6spy                                    : #1665380027169 | took 0ms | statement | connection 23| url jdbc:h2:mem:ad3a9e80-f26d-4a3e-9691-17f803db5723
insert into picture (spot_id, url, picture_id) values (?, ?, ?)
insert into picture (spot_id, url, picture_id) values (NULL, 'java.io.StringReader@35737e55', 1317);
2022-10-10 14:33:47.169  INFO 4460 --- [    Test worker] p6spy                                    : #1665380027169 | took 0ms | statement | connection 23| url jdbc:h2:mem:ad3a9e80-f26d-4a3e-9691-17f803db5723
insert into picture (spot_id, url, picture_id) values (?, ?, ?)
insert into picture (spot_id, url, picture_id) values (NULL, 'java.io.StringReader@53d0500d', 1318);
2022-10-10 14:33:47.169  INFO 4460 --- [    Test worker] p6spy                                    : #1665380027169 | took 0ms | statement | connection 23| url jdbc:h2:mem:ad3a9e80-f26d-4a3e-9691-17f803db5723
insert into picture (spot_id, url, picture_id) values (?, ?, ?)
insert into picture (spot_id, url, picture_id) values (NULL, 'java.io.StringReader@3b0ebc6', 1319);
2022-10-10 14:33:47.169  INFO 4460 --- [    Test worker] p6spy                                    : #1665380027169 | took 0ms | statement | connection 23| url jdbc:h2:mem:ad3a9e80-f26d-4a3e-9691-17f803db5723
insert into spot (address, description, location, name, score_id, spot_id) values (?, ?, ?, ?, ?, ?)
insert into spot (address, description, location, name, score_id, spot_id) values (NULL, NULL, 'Aewol_eup', NULL, 316, 382);
2022-10-10 14:33:47.169  INFO 4460 --- [    Test worker] p6spy                                    : #1665380027169 | took 0ms | statement | connection 23| url jdbc:h2:mem:ad3a9e80-f26d-4a3e-9691-17f803db5723
insert into member_spot (member_id, score, spot_id, member_spot_id) values (?, ?, ?, ?)
insert into member_spot (member_id, score, spot_id, member_spot_id) values (15, 0.0, 382, 1320);
2022-10-10 14:33:47.169  INFO 4460 --- [    Test worker] p6spy                                    : #1665380027169 | took 0ms | statement | connection 23| url jdbc:h2:mem:ad3a9e80-f26d-4a3e-9691-17f803db5723
insert into review (content, spot_id, review_id) values (?, ?, ?)
insert into review (content, spot_id, review_id) values ('java.io.StringReader@31b67b04', 369, 318);
2022-10-10 14:33:47.169  INFO 4460 --- [    Test worker] p6spy                                    : #1665380027169 | took 0ms | statement | connection 23| url jdbc:h2:mem:ad3a9e80-f26d-4a3e-9691-17f803db5723
insert into score (facility_rank, facility_score, price_rank, price_score, rank_average, surround_rank, surround_score, view_rank, view_score, score_id) values (?, ?, ?, ?, ?, ?, ?, ?, ?, ?)
insert into score (facility_rank, facility_score, price_rank, price_score, rank_average, surround_rank, surround_score, view_rank, view_score, score_id) values (8.995948020504258, 3.847077813623385, 8.198405288659357, 3.6908756640823825, 3.0865270002011744, 5.5260163922246255, 4.483759705240937, 5.579032879423766, 8.474290909792767, 317);
2022-10-10 14:33:47.169  INFO 4460 --- [    Test worker] p6spy                                    : #1665380027169 | took 0ms | statement | connection 23| url jdbc:h2:mem:ad3a9e80-f26d-4a3e-9691-17f803db5723
insert into picture (spot_id, url, picture_id) values (?, ?, ?)
insert into picture (spot_id, url, picture_id) values (NULL, 'java.io.StringReader@1b42baf8', 1321);
2022-10-10 14:33:47.169  INFO 4460 --- [    Test worker] p6spy                                    : #1665380027169 | took 0ms | statement | connection 23| url jdbc:h2:mem:ad3a9e80-f26d-4a3e-9691-17f803db5723
insert into picture (spot_id, url, picture_id) values (?, ?, ?)
insert into picture (spot_id, url, picture_id) values (NULL, 'java.io.StringReader@53682316', 1322);
2022-10-10 14:33:47.169  INFO 4460 --- [    Test worker] p6spy                                    : #1665380027169 | took 0ms | statement | connection 23| url jdbc:h2:mem:ad3a9e80-f26d-4a3e-9691-17f803db5723
insert into picture (spot_id, url, picture_id) values (?, ?, ?)
insert into picture (spot_id, url, picture_id) values (NULL, 'java.io.StringReader@291953c5', 1323);
2022-10-10 14:33:47.169  INFO 4460 --- [    Test worker] p6spy                                    : #1665380027169 | took 0ms | statement | connection 23| url jdbc:h2:mem:ad3a9e80-f26d-4a3e-9691-17f803db5723
insert into spot (address, description, location, name, score_id, spot_id) values (?, ?, ?, ?, ?, ?)
insert into spot (address, description, location, name, score_id, spot_id) values (NULL, NULL, 'Aewol_eup', NULL, 317, 383);
2022-10-10 14:33:47.169  INFO 4460 --- [    Test worker] p6spy                                    : #1665380027169 | took 0ms | statement | connection 23| url jdbc:h2:mem:ad3a9e80-f26d-4a3e-9691-17f803db5723
insert into member_spot (member_id, score, spot_id, member_spot_id) values (?, ?, ?, ?)
insert into member_spot (member_id, score, spot_id, member_spot_id) values (15, 0.0, 383, 1324);
2022-10-10 14:33:47.169  INFO 4460 --- [    Test worker] p6spy                                    : #1665380027169 | took 0ms | statement | connection 23| url jdbc:h2:mem:ad3a9e80-f26d-4a3e-9691-17f803db5723
insert into review (content, spot_id, review_id) values (?, ?, ?)
insert into review (content, spot_id, review_id) values ('java.io.StringReader@40b4fec9', 369, 319);
2022-10-10 14:33:47.169  INFO 4460 --- [    Test worker] p6spy                                    : #1665380027169 | took 0ms | statement | connection 23| url jdbc:h2:mem:ad3a9e80-f26d-4a3e-9691-17f803db5723
insert into favorite_spot (count, favorite_id, spot_id, favorite_spot_id) values (?, ?, ?, ?)
insert into favorite_spot (count, favorite_id, spot_id, favorite_spot_id) values (0, 37, 383, 328);
2022-10-10 14:33:47.169  INFO 4460 --- [    Test worker] p6spy                                    : #1665380027169 | took 0ms | statement | connection 23| url jdbc:h2:mem:ad3a9e80-f26d-4a3e-9691-17f803db5723
insert into score (facility_rank, facility_score, price_rank, price_score, rank_average, surround_rank, surround_score, view_rank, view_score, score_id) values (?, ?, ?, ?, ?, ?, ?, ?, ?, ?)
insert into score (facility_rank, facility_score, price_rank, price_score, rank_average, surround_rank, surround_score, view_rank, view_score, score_id) values (4.080601260424564, 9.789552069036457, 4.336985548719187, 8.850742649755134, 5.65425989772271, 1.2525825343222319, 5.354148894373912, 7.5877849479925, 0.009890256597004932, 318);
2022-10-10 14:33:47.169  INFO 4460 --- [    Test worker] p6spy                                    : #1665380027169 | took 0ms | statement | connection 23| url jdbc:h2:mem:ad3a9e80-f26d-4a3e-9691-17f803db5723
insert into picture (spot_id, url, picture_id) values (?, ?, ?)
insert into picture (spot_id, url, picture_id) values (NULL, 'java.io.StringReader@45347a0f', 1325);
2022-10-10 14:33:47.169  INFO 4460 --- [    Test worker] p6spy                                    : #1665380027169 | took 0ms | statement | connection 23| url jdbc:h2:mem:ad3a9e80-f26d-4a3e-9691-17f803db5723
insert into picture (spot_id, url, picture_id) values (?, ?, ?)
insert into picture (spot_id, url, picture_id) values (NULL, 'java.io.StringReader@1058d778', 1326);
2022-10-10 14:33:47.169  INFO 4460 --- [    Test worker] p6spy                                    : #1665380027169 | took 0ms | statement | connection 23| url jdbc:h2:mem:ad3a9e80-f26d-4a3e-9691-17f803db5723
insert into picture (spot_id, url, picture_id) values (?, ?, ?)
insert into picture (spot_id, url, picture_id) values (NULL, 'java.io.StringReader@ff2f388', 1327);
2022-10-10 14:33:47.169  INFO 4460 --- [    Test worker] p6spy                                    : #1665380027169 | took 0ms | statement | connection 23| url jdbc:h2:mem:ad3a9e80-f26d-4a3e-9691-17f803db5723
insert into spot (address, description, location, name, score_id, spot_id) values (?, ?, ?, ?, ?, ?)
insert into spot (address, description, location, name, score_id, spot_id) values (NULL, NULL, 'Aewol_eup', NULL, 318, 384);
2022-10-10 14:33:47.169  INFO 4460 --- [    Test worker] p6spy                                    : #1665380027169 | took 0ms | statement | connection 23| url jdbc:h2:mem:ad3a9e80-f26d-4a3e-9691-17f803db5723
insert into member_spot (member_id, score, spot_id, member_spot_id) values (?, ?, ?, ?)
insert into member_spot (member_id, score, spot_id, member_spot_id) values (15, 0.0, 384, 1328);
2022-10-10 14:33:47.169  INFO 4460 --- [    Test worker] p6spy                                    : #1665380027169 | took 0ms | statement | connection 23| url jdbc:h2:mem:ad3a9e80-f26d-4a3e-9691-17f803db5723
insert into review (content, spot_id, review_id) values (?, ?, ?)
insert into review (content, spot_id, review_id) values ('java.io.StringReader@302295f6', 369, 320);
2022-10-10 14:33:47.169  INFO 4460 --- [    Test worker] p6spy                                    : #1665380027169 | took 0ms | statement | connection 23| url jdbc:h2:mem:ad3a9e80-f26d-4a3e-9691-17f803db5723
insert into score (facility_rank, facility_score, price_rank, price_score, rank_average, surround_rank, surround_score, view_rank, view_score, score_id) values (?, ?, ?, ?, ?, ?, ?, ?, ?, ?)
insert into score (facility_rank, facility_score, price_rank, price_score, rank_average, surround_rank, surround_score, view_rank, view_score, score_id) values (7.543277563711253, 1.3939946234839928, 8.906227239440433, 6.321556069211162, 9.278758650004276, 8.927235916312014, 3.5260867537467444, 5.199808510898272, 4.160250282041785, 319);
2022-10-10 14:33:47.169  INFO 4460 --- [    Test worker] p6spy                                    : #1665380027169 | took 0ms | statement | connection 23| url jdbc:h2:mem:ad3a9e80-f26d-4a3e-9691-17f803db5723
insert into picture (spot_id, url, picture_id) values (?, ?, ?)
insert into picture (spot_id, url, picture_id) values (NULL, 'java.io.StringReader@5550dd6a', 1329);
2022-10-10 14:33:47.169  INFO 4460 --- [    Test worker] p6spy                                    : #1665380027169 | took 0ms | statement | connection 23| url jdbc:h2:mem:ad3a9e80-f26d-4a3e-9691-17f803db5723
insert into picture (spot_id, url, picture_id) values (?, ?, ?)
insert into picture (spot_id, url, picture_id) values (NULL, 'java.io.StringReader@408be22c', 1330);
2022-10-10 14:33:47.169  INFO 4460 --- [    Test worker] p6spy                                    : #1665380027169 | took 0ms | statement | connection 23| url jdbc:h2:mem:ad3a9e80-f26d-4a3e-9691-17f803db5723
insert into picture (spot_id, url, picture_id) values (?, ?, ?)
insert into picture (spot_id, url, picture_id) values (NULL, 'java.io.StringReader@76d5040d', 1331);
2022-10-10 14:33:47.170  INFO 4460 --- [    Test worker] p6spy                                    : #1665380027170 | took 0ms | statement | connection 23| url jdbc:h2:mem:ad3a9e80-f26d-4a3e-9691-17f803db5723
insert into spot (address, description, location, name, score_id, spot_id) values (?, ?, ?, ?, ?, ?)
insert into spot (address, description, location, name, score_id, spot_id) values (NULL, NULL, 'Aewol_eup', NULL, 319, 385);
2022-10-10 14:33:47.170  INFO 4460 --- [    Test worker] p6spy                                    : #1665380027170 | took 0ms | statement | connection 23| url jdbc:h2:mem:ad3a9e80-f26d-4a3e-9691-17f803db5723
insert into member_spot (member_id, score, spot_id, member_spot_id) values (?, ?, ?, ?)
insert into member_spot (member_id, score, spot_id, member_spot_id) values (15, 0.0, 385, 1332);
2022-10-10 14:33:47.170  INFO 4460 --- [    Test worker] p6spy                                    : #1665380027170 | took 0ms | statement | connection 23| url jdbc:h2:mem:ad3a9e80-f26d-4a3e-9691-17f803db5723
insert into review (content, spot_id, review_id) values (?, ?, ?)
insert into review (content, spot_id, review_id) values ('java.io.StringReader@3efe1450', 369, 321);
2022-10-10 14:33:47.170  INFO 4460 --- [    Test worker] p6spy                                    : #1665380027170 | took 0ms | statement | connection 23| url jdbc:h2:mem:ad3a9e80-f26d-4a3e-9691-17f803db5723
insert into favorite_spot (count, favorite_id, spot_id, favorite_spot_id) values (?, ?, ?, ?)
insert into favorite_spot (count, favorite_id, spot_id, favorite_spot_id) values (0, 37, 385, 329);
2022-10-10 14:33:47.170  INFO 4460 --- [    Test worker] p6spy                                    : #1665380027170 | took 0ms | statement | connection 23| url jdbc:h2:mem:ad3a9e80-f26d-4a3e-9691-17f803db5723
insert into score (facility_rank, facility_score, price_rank, price_score, rank_average, surround_rank, surround_score, view_rank, view_score, score_id) values (?, ?, ?, ?, ?, ?, ?, ?, ?, ?)
insert into score (facility_rank, facility_score, price_rank, price_score, rank_average, surround_rank, surround_score, view_rank, view_score, score_id) values (8.509625375956947, 2.0729997836882372, 0.35674342483871135, 7.761660743867078, 7.945951942093327, 5.19475606581033, 3.5860903089335228, 0.12514993662814056, 9.326180461332022, 320);
2022-10-10 14:33:47.170  INFO 4460 --- [    Test worker] p6spy                                    : #1665380027170 | took 0ms | statement | connection 23| url jdbc:h2:mem:ad3a9e80-f26d-4a3e-9691-17f803db5723
insert into picture (spot_id, url, picture_id) values (?, ?, ?)
insert into picture (spot_id, url, picture_id) values (NULL, 'java.io.StringReader@28584bcc', 1333);
2022-10-10 14:33:47.170  INFO 4460 --- [    Test worker] p6spy                                    : #1665380027170 | took 0ms | statement | connection 23| url jdbc:h2:mem:ad3a9e80-f26d-4a3e-9691-17f803db5723
insert into picture (spot_id, url, picture_id) values (?, ?, ?)
insert into picture (spot_id, url, picture_id) values (NULL, 'java.io.StringReader@7bb131fb', 1334);
2022-10-10 14:33:47.170  INFO 4460 --- [    Test worker] p6spy                                    : #1665380027170 | took 0ms | statement | connection 23| url jdbc:h2:mem:ad3a9e80-f26d-4a3e-9691-17f803db5723
insert into picture (spot_id, url, picture_id) values (?, ?, ?)
insert into picture (spot_id, url, picture_id) values (NULL, 'java.io.StringReader@48943392', 1335);
2022-10-10 14:33:47.170  INFO 4460 --- [    Test worker] p6spy                                    : #1665380027170 | took 0ms | statement | connection 23| url jdbc:h2:mem:ad3a9e80-f26d-4a3e-9691-17f803db5723
insert into spot (address, description, location, name, score_id, spot_id) values (?, ?, ?, ?, ?, ?)
insert into spot (address, description, location, name, score_id, spot_id) values (NULL, NULL, 'Aewol_eup', NULL, 320, 386);
2022-10-10 14:33:47.170  INFO 4460 --- [    Test worker] p6spy                                    : #1665380027170 | took 0ms | statement | connection 23| url jdbc:h2:mem:ad3a9e80-f26d-4a3e-9691-17f803db5723
insert into member_spot (member_id, score, spot_id, member_spot_id) values (?, ?, ?, ?)
insert into member_spot (member_id, score, spot_id, member_spot_id) values (15, 0.0, 386, 1336);
2022-10-10 14:33:47.170  INFO 4460 --- [    Test worker] p6spy                                    : #1665380027170 | took 0ms | statement | connection 23| url jdbc:h2:mem:ad3a9e80-f26d-4a3e-9691-17f803db5723
insert into review (content, spot_id, review_id) values (?, ?, ?)
insert into review (content, spot_id, review_id) values ('java.io.StringReader@303d3936', 369, 322);
2022-10-10 14:33:47.170  INFO 4460 --- [    Test worker] p6spy                                    : #1665380027170 | took 0ms | statement | connection 23| url jdbc:h2:mem:ad3a9e80-f26d-4a3e-9691-17f803db5723
insert into score (facility_rank, facility_score, price_rank, price_score, rank_average, surround_rank, surround_score, view_rank, view_score, score_id) values (?, ?, ?, ?, ?, ?, ?, ?, ?, ?)
insert into score (facility_rank, facility_score, price_rank, price_score, rank_average, surround_rank, surround_score, view_rank, view_score, score_id) values (6.87465047277573, 5.7755653388348085, 8.861006025148297, 1.653455200309728, 9.873108000007502, 8.511325729778939, 5.457361233318507, 0.9460845336564061, 6.692481466877575, 321);
2022-10-10 14:33:47.170  INFO 4460 --- [    Test worker] p6spy                                    : #1665380027170 | took 0ms | statement | connection 23| url jdbc:h2:mem:ad3a9e80-f26d-4a3e-9691-17f803db5723
insert into picture (spot_id, url, picture_id) values (?, ?, ?)
insert into picture (spot_id, url, picture_id) values (NULL, 'java.io.StringReader@5f022340', 1337);
2022-10-10 14:33:47.170  INFO 4460 --- [    Test worker] p6spy                                    : #1665380027170 | took 0ms | statement | connection 23| url jdbc:h2:mem:ad3a9e80-f26d-4a3e-9691-17f803db5723
insert into picture (spot_id, url, picture_id) values (?, ?, ?)
insert into picture (spot_id, url, picture_id) values (NULL, 'java.io.StringReader@726ff63d', 1338);
2022-10-10 14:33:47.170  INFO 4460 --- [    Test worker] p6spy                                    : #1665380027170 | took 0ms | statement | connection 23| url jdbc:h2:mem:ad3a9e80-f26d-4a3e-9691-17f803db5723
insert into picture (spot_id, url, picture_id) values (?, ?, ?)
insert into picture (spot_id, url, picture_id) values (NULL, 'java.io.StringReader@73ce275a', 1339);
2022-10-10 14:33:47.170  INFO 4460 --- [    Test worker] p6spy                                    : #1665380027170 | took 0ms | statement | connection 23| url jdbc:h2:mem:ad3a9e80-f26d-4a3e-9691-17f803db5723
insert into spot (address, description, location, name, score_id, spot_id) values (?, ?, ?, ?, ?, ?)
insert into spot (address, description, location, name, score_id, spot_id) values (NULL, NULL, 'Aewol_eup', NULL, 321, 387);
2022-10-10 14:33:47.170  INFO 4460 --- [    Test worker] p6spy                                    : #1665380027170 | took 0ms | statement | connection 23| url jdbc:h2:mem:ad3a9e80-f26d-4a3e-9691-17f803db5723
insert into member_spot (member_id, score, spot_id, member_spot_id) values (?, ?, ?, ?)
insert into member_spot (member_id, score, spot_id, member_spot_id) values (15, 0.0, 387, 1340);
2022-10-10 14:33:47.170  INFO 4460 --- [    Test worker] p6spy                                    : #1665380027170 | took 0ms | statement | connection 23| url jdbc:h2:mem:ad3a9e80-f26d-4a3e-9691-17f803db5723
insert into review (content, spot_id, review_id) values (?, ?, ?)
insert into review (content, spot_id, review_id) values ('java.io.StringReader@5c3b8dfe', 369, 323);
2022-10-10 14:33:47.170  INFO 4460 --- [    Test worker] p6spy                                    : #1665380027170 | took 0ms | statement | connection 23| url jdbc:h2:mem:ad3a9e80-f26d-4a3e-9691-17f803db5723
insert into favorite_spot (count, favorite_id, spot_id, favorite_spot_id) values (?, ?, ?, ?)
insert into favorite_spot (count, favorite_id, spot_id, favorite_spot_id) values (0, 37, 387, 330);
2022-10-10 14:33:47.170  INFO 4460 --- [    Test worker] p6spy                                    : #1665380027170 | took 0ms | statement | connection 23| url jdbc:h2:mem:ad3a9e80-f26d-4a3e-9691-17f803db5723
insert into score (facility_rank, facility_score, price_rank, price_score, rank_average, surround_rank, surround_score, view_rank, view_score, score_id) values (?, ?, ?, ?, ?, ?, ?, ?, ?, ?)
insert into score (facility_rank, facility_score, price_rank, price_score, rank_average, surround_rank, surround_score, view_rank, view_score, score_id) values (3.178057791641149, 4.614305081035752, 1.2716666401566523, 5.063670972076731, 1.1495382389087316, 3.139045947329413, 9.555080459811702, 5.018109126916622, 9.835179692778045, 322);
2022-10-10 14:33:47.170  INFO 4460 --- [    Test worker] p6spy                                    : #1665380027170 | took 0ms | statement | connection 23| url jdbc:h2:mem:ad3a9e80-f26d-4a3e-9691-17f803db5723
insert into picture (spot_id, url, picture_id) values (?, ?, ?)
insert into picture (spot_id, url, picture_id) values (NULL, 'java.io.StringReader@1a2cbe42', 1341);
2022-10-10 14:33:47.170  INFO 4460 --- [    Test worker] p6spy                                    : #1665380027170 | took 0ms | statement | connection 23| url jdbc:h2:mem:ad3a9e80-f26d-4a3e-9691-17f803db5723
insert into picture (spot_id, url, picture_id) values (?, ?, ?)
insert into picture (spot_id, url, picture_id) values (NULL, 'java.io.StringReader@232dee99', 1342);
2022-10-10 14:33:47.170  INFO 4460 --- [    Test worker] p6spy                                    : #1665380027170 | took 0ms | statement | connection 23| url jdbc:h2:mem:ad3a9e80-f26d-4a3e-9691-17f803db5723
insert into picture (spot_id, url, picture_id) values (?, ?, ?)
insert into picture (spot_id, url, picture_id) values (NULL, 'java.io.StringReader@5354846b', 1343);
2022-10-10 14:33:47.170  INFO 4460 --- [    Test worker] p6spy                                    : #1665380027170 | took 0ms | statement | connection 23| url jdbc:h2:mem:ad3a9e80-f26d-4a3e-9691-17f803db5723
insert into spot (address, description, location, name, score_id, spot_id) values (?, ?, ?, ?, ?, ?)
insert into spot (address, description, location, name, score_id, spot_id) values (NULL, NULL, 'Aewol_eup', NULL, 322, 388);
2022-10-10 14:33:47.170  INFO 4460 --- [    Test worker] p6spy                                    : #1665380027170 | took 0ms | statement | connection 23| url jdbc:h2:mem:ad3a9e80-f26d-4a3e-9691-17f803db5723
insert into member_spot (member_id, score, spot_id, member_spot_id) values (?, ?, ?, ?)
insert into member_spot (member_id, score, spot_id, member_spot_id) values (15, 0.0, 388, 1344);
2022-10-10 14:33:47.170  INFO 4460 --- [    Test worker] p6spy                                    : #1665380027170 | took 0ms | statement | connection 23| url jdbc:h2:mem:ad3a9e80-f26d-4a3e-9691-17f803db5723
insert into review (content, spot_id, review_id) values (?, ?, ?)
insert into review (content, spot_id, review_id) values ('java.io.StringReader@3d6c7e2f', 369, 324);
2022-10-10 14:33:47.170  INFO 4460 --- [    Test worker] p6spy                                    : #1665380027170 | took 0ms | statement | connection 23| url jdbc:h2:mem:ad3a9e80-f26d-4a3e-9691-17f803db5723
insert into score (facility_rank, facility_score, price_rank, price_score, rank_average, surround_rank, surround_score, view_rank, view_score, score_id) values (?, ?, ?, ?, ?, ?, ?, ?, ?, ?)
insert into score (facility_rank, facility_score, price_rank, price_score, rank_average, surround_rank, surround_score, view_rank, view_score, score_id) values (3.1925391984335505, 3.1150724699064094, 9.340350655126128, 3.000733879887206, 8.997938289430136, 9.574789936382418, 5.384996564751185, 6.961456272840469, 9.919024381550548, 323);
2022-10-10 14:33:47.170  INFO 4460 --- [    Test worker] p6spy                                    : #1665380027170 | took 0ms | statement | connection 23| url jdbc:h2:mem:ad3a9e80-f26d-4a3e-9691-17f803db5723
insert into picture (spot_id, url, picture_id) values (?, ?, ?)
insert into picture (spot_id, url, picture_id) values (NULL, 'java.io.StringReader@18663aa5', 1345);
2022-10-10 14:33:47.170  INFO 4460 --- [    Test worker] p6spy                                    : #1665380027170 | took 0ms | statement | connection 23| url jdbc:h2:mem:ad3a9e80-f26d-4a3e-9691-17f803db5723
insert into picture (spot_id, url, picture_id) values (?, ?, ?)
insert into picture (spot_id, url, picture_id) values (NULL, 'java.io.StringReader@4766d49a', 1346);
2022-10-10 14:33:47.170  INFO 4460 --- [    Test worker] p6spy                                    : #1665380027170 | took 0ms | statement | connection 23| url jdbc:h2:mem:ad3a9e80-f26d-4a3e-9691-17f803db5723
insert into picture (spot_id, url, picture_id) values (?, ?, ?)
insert into picture (spot_id, url, picture_id) values (NULL, 'java.io.StringReader@6330987e', 1347);
2022-10-10 14:33:47.170  INFO 4460 --- [    Test worker] p6spy                                    : #1665380027170 | took 0ms | statement | connection 23| url jdbc:h2:mem:ad3a9e80-f26d-4a3e-9691-17f803db5723
insert into spot (address, description, location, name, score_id, spot_id) values (?, ?, ?, ?, ?, ?)
insert into spot (address, description, location, name, score_id, spot_id) values (NULL, NULL, 'Aewol_eup', NULL, 323, 389);
2022-10-10 14:33:47.170  INFO 4460 --- [    Test worker] p6spy                                    : #1665380027170 | took 0ms | statement | connection 23| url jdbc:h2:mem:ad3a9e80-f26d-4a3e-9691-17f803db5723
insert into member_spot (member_id, score, spot_id, member_spot_id) values (?, ?, ?, ?)
insert into member_spot (member_id, score, spot_id, member_spot_id) values (15, 0.0, 389, 1348);
2022-10-10 14:33:47.170  INFO 4460 --- [    Test worker] p6spy                                    : #1665380027170 | took 0ms | statement | connection 23| url jdbc:h2:mem:ad3a9e80-f26d-4a3e-9691-17f803db5723
insert into review (content, spot_id, review_id) values (?, ?, ?)
insert into review (content, spot_id, review_id) values ('java.io.StringReader@6b23bca2', 369, 325);
2022-10-10 14:33:47.171  INFO 4460 --- [    Test worker] p6spy                                    : #1665380027171 | took 0ms | statement | connection 23| url jdbc:h2:mem:ad3a9e80-f26d-4a3e-9691-17f803db5723
insert into favorite_spot (count, favorite_id, spot_id, favorite_spot_id) values (?, ?, ?, ?)
insert into favorite_spot (count, favorite_id, spot_id, favorite_spot_id) values (0, 37, 389, 331);
2022-10-10 14:33:47.171  INFO 4460 --- [    Test worker] p6spy                                    : #1665380027171 | took 0ms | statement | connection 23| url jdbc:h2:mem:ad3a9e80-f26d-4a3e-9691-17f803db5723
insert into score (facility_rank, facility_score, price_rank, price_score, rank_average, surround_rank, surround_score, view_rank, view_score, score_id) values (?, ?, ?, ?, ?, ?, ?, ?, ?, ?)
insert into score (facility_rank, facility_score, price_rank, price_score, rank_average, surround_rank, surround_score, view_rank, view_score, score_id) values (4.374828979972606, 3.3848761856519847, 3.177599387516449, 6.915584926843246, 4.691571927121232, 5.09058959040202, 2.6097819420233748, 8.127548439319545, 6.262657284433631, 324);
2022-10-10 14:33:47.171  INFO 4460 --- [    Test worker] p6spy                                    : #1665380027171 | took 0ms | statement | connection 23| url jdbc:h2:mem:ad3a9e80-f26d-4a3e-9691-17f803db5723
insert into picture (spot_id, url, picture_id) values (?, ?, ?)
insert into picture (spot_id, url, picture_id) values (NULL, 'java.io.StringReader@5a0585d3', 1349);
2022-10-10 14:33:47.171  INFO 4460 --- [    Test worker] p6spy                                    : #1665380027171 | took 0ms | statement | connection 23| url jdbc:h2:mem:ad3a9e80-f26d-4a3e-9691-17f803db5723
insert into picture (spot_id, url, picture_id) values (?, ?, ?)
insert into picture (spot_id, url, picture_id) values (NULL, 'java.io.StringReader@514c4915', 1350);
2022-10-10 14:33:47.171  INFO 4460 --- [    Test worker] p6spy                                    : #1665380027171 | took 0ms | statement | connection 23| url jdbc:h2:mem:ad3a9e80-f26d-4a3e-9691-17f803db5723
insert into picture (spot_id, url, picture_id) values (?, ?, ?)
insert into picture (spot_id, url, picture_id) values (NULL, 'java.io.StringReader@232259f4', 1351);
2022-10-10 14:33:47.171  INFO 4460 --- [    Test worker] p6spy                                    : #1665380027171 | took 0ms | statement | connection 23| url jdbc:h2:mem:ad3a9e80-f26d-4a3e-9691-17f803db5723
insert into spot (address, description, location, name, score_id, spot_id) values (?, ?, ?, ?, ?, ?)
insert into spot (address, description, location, name, score_id, spot_id) values (NULL, NULL, 'Aewol_eup', NULL, 324, 390);
2022-10-10 14:33:47.171  INFO 4460 --- [    Test worker] p6spy                                    : #1665380027171 | took 0ms | statement | connection 23| url jdbc:h2:mem:ad3a9e80-f26d-4a3e-9691-17f803db5723
insert into member_spot (member_id, score, spot_id, member_spot_id) values (?, ?, ?, ?)
insert into member_spot (member_id, score, spot_id, member_spot_id) values (15, 0.0, 390, 1352);
2022-10-10 14:33:47.171  INFO 4460 --- [    Test worker] p6spy                                    : #1665380027171 | took 0ms | statement | connection 23| url jdbc:h2:mem:ad3a9e80-f26d-4a3e-9691-17f803db5723
insert into review (content, spot_id, review_id) values (?, ?, ?)
insert into review (content, spot_id, review_id) values ('java.io.StringReader@2fbb5b', 369, 326);
2022-10-10 14:33:47.171  INFO 4460 --- [    Test worker] p6spy                                    : #1665380027171 | took 0ms | statement | connection 23| url jdbc:h2:mem:ad3a9e80-f26d-4a3e-9691-17f803db5723
insert into score (facility_rank, facility_score, price_rank, price_score, rank_average, surround_rank, surround_score, view_rank, view_score, score_id) values (?, ?, ?, ?, ?, ?, ?, ?, ?, ?)
insert into score (facility_rank, facility_score, price_rank, price_score, rank_average, surround_rank, surround_score, view_rank, view_score, score_id) values (5.967530299178878, 1.6093962918564075, 2.4180198736098655, 1.9273931980341452, 9.924448967115902, 2.676001488659112, 8.546837067334662, 3.1001818109581314, 7.957665580633467, 325);
2022-10-10 14:33:47.171  INFO 4460 --- [    Test worker] p6spy                                    : #1665380027171 | took 0ms | statement | connection 23| url jdbc:h2:mem:ad3a9e80-f26d-4a3e-9691-17f803db5723
insert into picture (spot_id, url, picture_id) values (?, ?, ?)
insert into picture (spot_id, url, picture_id) values (NULL, 'java.io.StringReader@36c86704', 1353);
2022-10-10 14:33:47.171  INFO 4460 --- [    Test worker] p6spy                                    : #1665380027171 | took 0ms | statement | connection 23| url jdbc:h2:mem:ad3a9e80-f26d-4a3e-9691-17f803db5723
insert into picture (spot_id, url, picture_id) values (?, ?, ?)
insert into picture (spot_id, url, picture_id) values (NULL, 'java.io.StringReader@5e8f17a5', 1354);
2022-10-10 14:33:47.171  INFO 4460 --- [    Test worker] p6spy                                    : #1665380027171 | took 0ms | statement | connection 23| url jdbc:h2:mem:ad3a9e80-f26d-4a3e-9691-17f803db5723
insert into picture (spot_id, url, picture_id) values (?, ?, ?)
insert into picture (spot_id, url, picture_id) values (NULL, 'java.io.StringReader@3236f72a', 1355);
2022-10-10 14:33:47.171  INFO 4460 --- [    Test worker] p6spy                                    : #1665380027171 | took 0ms | statement | connection 23| url jdbc:h2:mem:ad3a9e80-f26d-4a3e-9691-17f803db5723
insert into spot (address, description, location, name, score_id, spot_id) values (?, ?, ?, ?, ?, ?)
insert into spot (address, description, location, name, score_id, spot_id) values (NULL, NULL, 'Aewol_eup', NULL, 325, 391);
2022-10-10 14:33:47.171  INFO 4460 --- [    Test worker] p6spy                                    : #1665380027171 | took 0ms | statement | connection 23| url jdbc:h2:mem:ad3a9e80-f26d-4a3e-9691-17f803db5723
insert into member_spot (member_id, score, spot_id, member_spot_id) values (?, ?, ?, ?)
insert into member_spot (member_id, score, spot_id, member_spot_id) values (15, 0.0, 391, 1356);
2022-10-10 14:33:47.171  INFO 4460 --- [    Test worker] p6spy                                    : #1665380027171 | took 0ms | statement | connection 23| url jdbc:h2:mem:ad3a9e80-f26d-4a3e-9691-17f803db5723
insert into review (content, spot_id, review_id) values (?, ?, ?)
insert into review (content, spot_id, review_id) values ('java.io.StringReader@55dea9a4', 369, 327);
2022-10-10 14:33:47.171  INFO 4460 --- [    Test worker] p6spy                                    : #1665380027171 | took 0ms | statement | connection 23| url jdbc:h2:mem:ad3a9e80-f26d-4a3e-9691-17f803db5723
insert into favorite_spot (count, favorite_id, spot_id, favorite_spot_id) values (?, ?, ?, ?)
insert into favorite_spot (count, favorite_id, spot_id, favorite_spot_id) values (0, 37, 391, 332);
2022-10-10 14:33:47.171  INFO 4460 --- [    Test worker] p6spy                                    : #1665380027171 | took 0ms | statement | connection 23| url jdbc:h2:mem:ad3a9e80-f26d-4a3e-9691-17f803db5723
insert into score (facility_rank, facility_score, price_rank, price_score, rank_average, surround_rank, surround_score, view_rank, view_score, score_id) values (?, ?, ?, ?, ?, ?, ?, ?, ?, ?)
insert into score (facility_rank, facility_score, price_rank, price_score, rank_average, surround_rank, surround_score, view_rank, view_score, score_id) values (8.150684640906553, 1.8090467060371207, 6.34446584147219, 0.31339704657033396, 3.9964355447568223, 6.354329241706756, 6.668175261681849, 0.6254535636424174, 1.1292230707522022, 326);
2022-10-10 14:33:47.171  INFO 4460 --- [    Test worker] p6spy                                    : #1665380027171 | took 0ms | statement | connection 23| url jdbc:h2:mem:ad3a9e80-f26d-4a3e-9691-17f803db5723
insert into picture (spot_id, url, picture_id) values (?, ?, ?)
insert into picture (spot_id, url, picture_id) values (NULL, 'java.io.StringReader@4226618c', 1357);
2022-10-10 14:33:47.171  INFO 4460 --- [    Test worker] p6spy                                    : #1665380027171 | took 0ms | statement | connection 23| url jdbc:h2:mem:ad3a9e80-f26d-4a3e-9691-17f803db5723
insert into picture (spot_id, url, picture_id) values (?, ?, ?)
insert into picture (spot_id, url, picture_id) values (NULL, 'java.io.StringReader@7cb326a9', 1358);
2022-10-10 14:33:47.171  INFO 4460 --- [    Test worker] p6spy                                    : #1665380027171 | took 0ms | statement | connection 23| url jdbc:h2:mem:ad3a9e80-f26d-4a3e-9691-17f803db5723
insert into picture (spot_id, url, picture_id) values (?, ?, ?)
insert into picture (spot_id, url, picture_id) values (NULL, 'java.io.StringReader@787d9050', 1359);
2022-10-10 14:33:47.171  INFO 4460 --- [    Test worker] p6spy                                    : #1665380027171 | took 0ms | statement | connection 23| url jdbc:h2:mem:ad3a9e80-f26d-4a3e-9691-17f803db5723
insert into spot (address, description, location, name, score_id, spot_id) values (?, ?, ?, ?, ?, ?)
insert into spot (address, description, location, name, score_id, spot_id) values (NULL, NULL, 'Aewol_eup', NULL, 326, 392);
2022-10-10 14:33:47.171  INFO 4460 --- [    Test worker] p6spy                                    : #1665380027171 | took 0ms | statement | connection 23| url jdbc:h2:mem:ad3a9e80-f26d-4a3e-9691-17f803db5723
insert into member_spot (member_id, score, spot_id, member_spot_id) values (?, ?, ?, ?)
insert into member_spot (member_id, score, spot_id, member_spot_id) values (15, 0.0, 392, 1360);
2022-10-10 14:33:47.171  INFO 4460 --- [    Test worker] p6spy                                    : #1665380027171 | took 0ms | statement | connection 23| url jdbc:h2:mem:ad3a9e80-f26d-4a3e-9691-17f803db5723
insert into review (content, spot_id, review_id) values (?, ?, ?)
insert into review (content, spot_id, review_id) values ('java.io.StringReader@763f8abc', 369, 328);
2022-10-10 14:33:47.171  INFO 4460 --- [    Test worker] p6spy                                    : #1665380027171 | took 0ms | statement | connection 23| url jdbc:h2:mem:ad3a9e80-f26d-4a3e-9691-17f803db5723
insert into score (facility_rank, facility_score, price_rank, price_score, rank_average, surround_rank, surround_score, view_rank, view_score, score_id) values (?, ?, ?, ?, ?, ?, ?, ?, ?, ?)
insert into score (facility_rank, facility_score, price_rank, price_score, rank_average, surround_rank, surround_score, view_rank, view_score, score_id) values (8.716904596860326, 6.820219250634041, 1.3890699600453982, 8.021434874630003, 3.7252271643009105, 6.325089469748218, 7.568595627868904, 6.655472616497312, 1.1685554835611556, 327);
2022-10-10 14:33:47.171  INFO 4460 --- [    Test worker] p6spy                                    : #1665380027171 | took 0ms | statement | connection 23| url jdbc:h2:mem:ad3a9e80-f26d-4a3e-9691-17f803db5723
insert into picture (spot_id, url, picture_id) values (?, ?, ?)
insert into picture (spot_id, url, picture_id) values (NULL, 'java.io.StringReader@54a7c671', 1361);
2022-10-10 14:33:47.171  INFO 4460 --- [    Test worker] p6spy                                    : #1665380027171 | took 0ms | statement | connection 23| url jdbc:h2:mem:ad3a9e80-f26d-4a3e-9691-17f803db5723
insert into picture (spot_id, url, picture_id) values (?, ?, ?)
insert into picture (spot_id, url, picture_id) values (NULL, 'java.io.StringReader@2cacda88', 1362);
2022-10-10 14:33:47.171  INFO 4460 --- [    Test worker] p6spy                                    : #1665380027171 | took 0ms | statement | connection 23| url jdbc:h2:mem:ad3a9e80-f26d-4a3e-9691-17f803db5723
insert into picture (spot_id, url, picture_id) values (?, ?, ?)
insert into picture (spot_id, url, picture_id) values (NULL, 'java.io.StringReader@4d05150f', 1363);
2022-10-10 14:33:47.171  INFO 4460 --- [    Test worker] p6spy                                    : #1665380027171 | took 0ms | statement | connection 23| url jdbc:h2:mem:ad3a9e80-f26d-4a3e-9691-17f803db5723
insert into spot (address, description, location, name, score_id, spot_id) values (?, ?, ?, ?, ?, ?)
insert into spot (address, description, location, name, score_id, spot_id) values (NULL, NULL, 'Aewol_eup', NULL, 327, 393);
2022-10-10 14:33:47.171  INFO 4460 --- [    Test worker] p6spy                                    : #1665380027171 | took 0ms | statement | connection 23| url jdbc:h2:mem:ad3a9e80-f26d-4a3e-9691-17f803db5723
insert into member_spot (member_id, score, spot_id, member_spot_id) values (?, ?, ?, ?)
insert into member_spot (member_id, score, spot_id, member_spot_id) values (15, 0.0, 393, 1364);
2022-10-10 14:33:47.171  INFO 4460 --- [    Test worker] p6spy                                    : #1665380027171 | took 0ms | statement | connection 23| url jdbc:h2:mem:ad3a9e80-f26d-4a3e-9691-17f803db5723
insert into review (content, spot_id, review_id) values (?, ?, ?)
insert into review (content, spot_id, review_id) values ('java.io.StringReader@27ef9f1f', 369, 329);
2022-10-10 14:33:47.172  INFO 4460 --- [    Test worker] p6spy                                    : #1665380027172 | took 0ms | statement | connection 23| url jdbc:h2:mem:ad3a9e80-f26d-4a3e-9691-17f803db5723
insert into favorite_spot (count, favorite_id, spot_id, favorite_spot_id) values (?, ?, ?, ?)
insert into favorite_spot (count, favorite_id, spot_id, favorite_spot_id) values (0, 37, 393, 333);
2022-10-10 14:33:47.172  INFO 4460 --- [    Test worker] p6spy                                    : #1665380027172 | took 0ms | statement | connection 23| url jdbc:h2:mem:ad3a9e80-f26d-4a3e-9691-17f803db5723
insert into score (facility_rank, facility_score, price_rank, price_score, rank_average, surround_rank, surround_score, view_rank, view_score, score_id) values (?, ?, ?, ?, ?, ?, ?, ?, ?, ?)
insert into score (facility_rank, facility_score, price_rank, price_score, rank_average, surround_rank, surround_score, view_rank, view_score, score_id) values (7.891029115629512, 9.694261219442913, 9.08305207141675, 4.7776159277067745, 3.0077389029332524, 0.4123049916864274, 6.048654258889156, 3.379477295337682, 9.621497196063908, 328);
2022-10-10 14:33:47.172  INFO 4460 --- [    Test worker] p6spy                                    : #1665380027172 | took 0ms | statement | connection 23| url jdbc:h2:mem:ad3a9e80-f26d-4a3e-9691-17f803db5723
insert into picture (spot_id, url, picture_id) values (?, ?, ?)
insert into picture (spot_id, url, picture_id) values (NULL, 'java.io.StringReader@6b0f06b9', 1365);
2022-10-10 14:33:47.172  INFO 4460 --- [    Test worker] p6spy                                    : #1665380027172 | took 0ms | statement | connection 23| url jdbc:h2:mem:ad3a9e80-f26d-4a3e-9691-17f803db5723
insert into picture (spot_id, url, picture_id) values (?, ?, ?)
insert into picture (spot_id, url, picture_id) values (NULL, 'java.io.StringReader@5123b41a', 1366);
2022-10-10 14:33:47.172  INFO 4460 --- [    Test worker] p6spy                                    : #1665380027172 | took 0ms | statement | connection 23| url jdbc:h2:mem:ad3a9e80-f26d-4a3e-9691-17f803db5723
insert into picture (spot_id, url, picture_id) values (?, ?, ?)
insert into picture (spot_id, url, picture_id) values (NULL, 'java.io.StringReader@7efc8091', 1367);
2022-10-10 14:33:47.172  INFO 4460 --- [    Test worker] p6spy                                    : #1665380027172 | took 0ms | statement | connection 23| url jdbc:h2:mem:ad3a9e80-f26d-4a3e-9691-17f803db5723
insert into spot (address, description, location, name, score_id, spot_id) values (?, ?, ?, ?, ?, ?)
insert into spot (address, description, location, name, score_id, spot_id) values (NULL, NULL, 'Aewol_eup', NULL, 328, 394);
2022-10-10 14:33:47.172  INFO 4460 --- [    Test worker] p6spy                                    : #1665380027172 | took 0ms | statement | connection 23| url jdbc:h2:mem:ad3a9e80-f26d-4a3e-9691-17f803db5723
insert into member_spot (member_id, score, spot_id, member_spot_id) values (?, ?, ?, ?)
insert into member_spot (member_id, score, spot_id, member_spot_id) values (15, 0.0, 394, 1368);
2022-10-10 14:33:47.172  INFO 4460 --- [    Test worker] p6spy                                    : #1665380027172 | took 0ms | statement | connection 23| url jdbc:h2:mem:ad3a9e80-f26d-4a3e-9691-17f803db5723
insert into review (content, spot_id, review_id) values (?, ?, ?)
insert into review (content, spot_id, review_id) values ('java.io.StringReader@c211faa', 369, 330);
2022-10-10 14:33:47.172  INFO 4460 --- [    Test worker] p6spy                                    : #1665380027172 | took 0ms | statement | connection 23| url jdbc:h2:mem:ad3a9e80-f26d-4a3e-9691-17f803db5723
insert into score (facility_rank, facility_score, price_rank, price_score, rank_average, surround_rank, surround_score, view_rank, view_score, score_id) values (?, ?, ?, ?, ?, ?, ?, ?, ?, ?)
insert into score (facility_rank, facility_score, price_rank, price_score, rank_average, surround_rank, surround_score, view_rank, view_score, score_id) values (5.56495932887075, 8.048189234204985, 0.90692688978537, 8.936555348669055, 0.010423737372619035, 0.9081029217002468, 7.823816604117557, 1.2531502681838191, 3.9834333180833683, 329);
2022-10-10 14:33:47.172  INFO 4460 --- [    Test worker] p6spy                                    : #1665380027172 | took 0ms | statement | connection 23| url jdbc:h2:mem:ad3a9e80-f26d-4a3e-9691-17f803db5723
insert into picture (spot_id, url, picture_id) values (?, ?, ?)
insert into picture (spot_id, url, picture_id) values (NULL, 'java.io.StringReader@4f7e7ef8', 1369);
2022-10-10 14:33:47.172  INFO 4460 --- [    Test worker] p6spy                                    : #1665380027172 | took 0ms | statement | connection 23| url jdbc:h2:mem:ad3a9e80-f26d-4a3e-9691-17f803db5723
insert into picture (spot_id, url, picture_id) values (?, ?, ?)
insert into picture (spot_id, url, picture_id) values (NULL, 'java.io.StringReader@193d691', 1370);
2022-10-10 14:33:47.172  INFO 4460 --- [    Test worker] p6spy                                    : #1665380027172 | took 0ms | statement | connection 23| url jdbc:h2:mem:ad3a9e80-f26d-4a3e-9691-17f803db5723
insert into picture (spot_id, url, picture_id) values (?, ?, ?)
insert into picture (spot_id, url, picture_id) values (NULL, 'java.io.StringReader@25d168d8', 1371);
2022-10-10 14:33:47.172  INFO 4460 --- [    Test worker] p6spy                                    : #1665380027172 | took 0ms | statement | connection 23| url jdbc:h2:mem:ad3a9e80-f26d-4a3e-9691-17f803db5723
insert into spot (address, description, location, name, score_id, spot_id) values (?, ?, ?, ?, ?, ?)
insert into spot (address, description, location, name, score_id, spot_id) values (NULL, NULL, 'Aewol_eup', NULL, 329, 395);
2022-10-10 14:33:47.172  INFO 4460 --- [    Test worker] p6spy                                    : #1665380027172 | took 0ms | statement | connection 23| url jdbc:h2:mem:ad3a9e80-f26d-4a3e-9691-17f803db5723
insert into member_spot (member_id, score, spot_id, member_spot_id) values (?, ?, ?, ?)
insert into member_spot (member_id, score, spot_id, member_spot_id) values (15, 0.0, 395, 1372);
2022-10-10 14:33:47.172  INFO 4460 --- [    Test worker] p6spy                                    : #1665380027172 | took 0ms | statement | connection 23| url jdbc:h2:mem:ad3a9e80-f26d-4a3e-9691-17f803db5723
insert into review (content, spot_id, review_id) values (?, ?, ?)
insert into review (content, spot_id, review_id) values ('java.io.StringReader@4c6e3674', 369, 331);
2022-10-10 14:33:47.172  INFO 4460 --- [    Test worker] p6spy                                    : #1665380027172 | took 0ms | statement | connection 23| url jdbc:h2:mem:ad3a9e80-f26d-4a3e-9691-17f803db5723
insert into favorite_spot (count, favorite_id, spot_id, favorite_spot_id) values (?, ?, ?, ?)
insert into favorite_spot (count, favorite_id, spot_id, favorite_spot_id) values (0, 37, 395, 334);
2022-10-10 14:33:47.172  INFO 4460 --- [    Test worker] p6spy                                    : #1665380027172 | took 0ms | statement | connection 23| url jdbc:h2:mem:ad3a9e80-f26d-4a3e-9691-17f803db5723
insert into score (facility_rank, facility_score, price_rank, price_score, rank_average, surround_rank, surround_score, view_rank, view_score, score_id) values (?, ?, ?, ?, ?, ?, ?, ?, ?, ?)
insert into score (facility_rank, facility_score, price_rank, price_score, rank_average, surround_rank, surround_score, view_rank, view_score, score_id) values (5.256926554889214, 6.683107454032267, 4.43676153894475, 1.2581659991391525, 6.574915316348423, 6.207908504163573, 1.8291583379189458, 3.936304786678817, 3.9839055370823506, 330);
2022-10-10 14:33:47.172  INFO 4460 --- [    Test worker] p6spy                                    : #1665380027172 | took 0ms | statement | connection 23| url jdbc:h2:mem:ad3a9e80-f26d-4a3e-9691-17f803db5723
insert into picture (spot_id, url, picture_id) values (?, ?, ?)
insert into picture (spot_id, url, picture_id) values (NULL, 'java.io.StringReader@194d90ea', 1373);
2022-10-10 14:33:47.172  INFO 4460 --- [    Test worker] p6spy                                    : #1665380027172 | took 0ms | statement | connection 23| url jdbc:h2:mem:ad3a9e80-f26d-4a3e-9691-17f803db5723
insert into picture (spot_id, url, picture_id) values (?, ?, ?)
insert into picture (spot_id, url, picture_id) values (NULL, 'java.io.StringReader@74b3c38a', 1374);
2022-10-10 14:33:47.172  INFO 4460 --- [    Test worker] p6spy                                    : #1665380027172 | took 0ms | statement | connection 23| url jdbc:h2:mem:ad3a9e80-f26d-4a3e-9691-17f803db5723
insert into picture (spot_id, url, picture_id) values (?, ?, ?)
insert into picture (spot_id, url, picture_id) values (NULL, 'java.io.StringReader@15915959', 1375);
2022-10-10 14:33:47.172  INFO 4460 --- [    Test worker] p6spy                                    : #1665380027172 | took 0ms | statement | connection 23| url jdbc:h2:mem:ad3a9e80-f26d-4a3e-9691-17f803db5723
insert into spot (address, description, location, name, score_id, spot_id) values (?, ?, ?, ?, ?, ?)
insert into spot (address, description, location, name, score_id, spot_id) values (NULL, NULL, 'Aewol_eup', NULL, 330, 396);
2022-10-10 14:33:47.172  INFO 4460 --- [    Test worker] p6spy                                    : #1665380027172 | took 0ms | statement | connection 23| url jdbc:h2:mem:ad3a9e80-f26d-4a3e-9691-17f803db5723
insert into member_spot (member_id, score, spot_id, member_spot_id) values (?, ?, ?, ?)
insert into member_spot (member_id, score, spot_id, member_spot_id) values (15, 0.0, 396, 1376);
2022-10-10 14:33:47.172  INFO 4460 --- [    Test worker] p6spy                                    : #1665380027172 | took 0ms | statement | connection 23| url jdbc:h2:mem:ad3a9e80-f26d-4a3e-9691-17f803db5723
insert into review (content, spot_id, review_id) values (?, ?, ?)
insert into review (content, spot_id, review_id) values ('java.io.StringReader@7c05c489', 369, 332);
2022-10-10 14:33:47.172  INFO 4460 --- [    Test worker] p6spy                                    : #1665380027172 | took 0ms | statement | connection 23| url jdbc:h2:mem:ad3a9e80-f26d-4a3e-9691-17f803db5723
insert into score (facility_rank, facility_score, price_rank, price_score, rank_average, surround_rank, surround_score, view_rank, view_score, score_id) values (?, ?, ?, ?, ?, ?, ?, ?, ?, ?)
insert into score (facility_rank, facility_score, price_rank, price_score, rank_average, surround_rank, surround_score, view_rank, view_score, score_id) values (0.14639502034344054, 9.125860411222964, 1.0694934253257726, 3.7338477673084625, 4.664089038871783, 5.8139148681144786, 0.14628601803807095, 1.1651054731545096, 0.4286729281886392, 331);
2022-10-10 14:33:47.172  INFO 4460 --- [    Test worker] p6spy                                    : #1665380027172 | took 0ms | statement | connection 23| url jdbc:h2:mem:ad3a9e80-f26d-4a3e-9691-17f803db5723
insert into picture (spot_id, url, picture_id) values (?, ?, ?)
insert into picture (spot_id, url, picture_id) values (NULL, 'java.io.StringReader@6b0a6523', 1377);
2022-10-10 14:33:47.172  INFO 4460 --- [    Test worker] p6spy                                    : #1665380027172 | took 0ms | statement | connection 23| url jdbc:h2:mem:ad3a9e80-f26d-4a3e-9691-17f803db5723
insert into picture (spot_id, url, picture_id) values (?, ?, ?)
insert into picture (spot_id, url, picture_id) values (NULL, 'java.io.StringReader@14aec0e4', 1378);
2022-10-10 14:33:47.172  INFO 4460 --- [    Test worker] p6spy                                    : #1665380027172 | took 0ms | statement | connection 23| url jdbc:h2:mem:ad3a9e80-f26d-4a3e-9691-17f803db5723
insert into picture (spot_id, url, picture_id) values (?, ?, ?)
insert into picture (spot_id, url, picture_id) values (NULL, 'java.io.StringReader@35c7c5e', 1379);
2022-10-10 14:33:47.172  INFO 4460 --- [    Test worker] p6spy                                    : #1665380027172 | took 0ms | statement | connection 23| url jdbc:h2:mem:ad3a9e80-f26d-4a3e-9691-17f803db5723
insert into spot (address, description, location, name, score_id, spot_id) values (?, ?, ?, ?, ?, ?)
insert into spot (address, description, location, name, score_id, spot_id) values (NULL, NULL, 'Aewol_eup', NULL, 331, 397);
2022-10-10 14:33:47.172  INFO 4460 --- [    Test worker] p6spy                                    : #1665380027172 | took 0ms | statement | connection 23| url jdbc:h2:mem:ad3a9e80-f26d-4a3e-9691-17f803db5723
insert into member_spot (member_id, score, spot_id, member_spot_id) values (?, ?, ?, ?)
insert into member_spot (member_id, score, spot_id, member_spot_id) values (15, 0.0, 397, 1380);
2022-10-10 14:33:47.172  INFO 4460 --- [    Test worker] p6spy                                    : #1665380027172 | took 0ms | statement | connection 23| url jdbc:h2:mem:ad3a9e80-f26d-4a3e-9691-17f803db5723
insert into review (content, spot_id, review_id) values (?, ?, ?)
insert into review (content, spot_id, review_id) values ('java.io.StringReader@5b9fe17d', 369, 333);
2022-10-10 14:33:47.172  INFO 4460 --- [    Test worker] p6spy                                    : #1665380027172 | took 0ms | statement | connection 23| url jdbc:h2:mem:ad3a9e80-f26d-4a3e-9691-17f803db5723
insert into favorite_spot (count, favorite_id, spot_id, favorite_spot_id) values (?, ?, ?, ?)
insert into favorite_spot (count, favorite_id, spot_id, favorite_spot_id) values (0, 37, 397, 335);
2022-10-10 14:33:47.172  INFO 4460 --- [    Test worker] p6spy                                    : #1665380027172 | took 0ms | statement | connection 23| url jdbc:h2:mem:ad3a9e80-f26d-4a3e-9691-17f803db5723
insert into score (facility_rank, facility_score, price_rank, price_score, rank_average, surround_rank, surround_score, view_rank, view_score, score_id) values (?, ?, ?, ?, ?, ?, ?, ?, ?, ?)
insert into score (facility_rank, facility_score, price_rank, price_score, rank_average, surround_rank, surround_score, view_rank, view_score, score_id) values (2.6471115060492156, 9.772996777076884, 8.00388307136989, 6.23312957040273, 0.01810692481852949, 4.003491205137621, 4.01508862751193, 9.58678093231382, 9.665351154120478, 332);
2022-10-10 14:33:47.172  INFO 4460 --- [    Test worker] p6spy                                    : #1665380027172 | took 0ms | statement | connection 23| url jdbc:h2:mem:ad3a9e80-f26d-4a3e-9691-17f803db5723
insert into picture (spot_id, url, picture_id) values (?, ?, ?)
insert into picture (spot_id, url, picture_id) values (NULL, 'java.io.StringReader@5689b37a', 1381);
2022-10-10 14:33:47.173  INFO 4460 --- [    Test worker] p6spy                                    : #1665380027173 | took 0ms | statement | connection 23| url jdbc:h2:mem:ad3a9e80-f26d-4a3e-9691-17f803db5723
insert into picture (spot_id, url, picture_id) values (?, ?, ?)
insert into picture (spot_id, url, picture_id) values (NULL, 'java.io.StringReader@12d1165b', 1382);
2022-10-10 14:33:47.173  INFO 4460 --- [    Test worker] p6spy                                    : #1665380027173 | took 0ms | statement | connection 23| url jdbc:h2:mem:ad3a9e80-f26d-4a3e-9691-17f803db5723
insert into picture (spot_id, url, picture_id) values (?, ?, ?)
insert into picture (spot_id, url, picture_id) values (NULL, 'java.io.StringReader@4d7f3cb3', 1383);
2022-10-10 14:33:47.173  INFO 4460 --- [    Test worker] p6spy                                    : #1665380027173 | took 0ms | statement | connection 23| url jdbc:h2:mem:ad3a9e80-f26d-4a3e-9691-17f803db5723
insert into spot (address, description, location, name, score_id, spot_id) values (?, ?, ?, ?, ?, ?)
insert into spot (address, description, location, name, score_id, spot_id) values (NULL, NULL, 'Aewol_eup', NULL, 332, 398);
2022-10-10 14:33:47.173  INFO 4460 --- [    Test worker] p6spy                                    : #1665380027173 | took 0ms | statement | connection 23| url jdbc:h2:mem:ad3a9e80-f26d-4a3e-9691-17f803db5723
insert into member_spot (member_id, score, spot_id, member_spot_id) values (?, ?, ?, ?)
insert into member_spot (member_id, score, spot_id, member_spot_id) values (15, 0.0, 398, 1384);
2022-10-10 14:33:47.173  INFO 4460 --- [    Test worker] p6spy                                    : #1665380027173 | took 0ms | statement | connection 23| url jdbc:h2:mem:ad3a9e80-f26d-4a3e-9691-17f803db5723
insert into review (content, spot_id, review_id) values (?, ?, ?)
insert into review (content, spot_id, review_id) values ('java.io.StringReader@a28d4f4', 369, 334);
2022-10-10 14:33:47.173  INFO 4460 --- [    Test worker] p6spy                                    : #1665380027173 | took 0ms | statement | connection 23| url jdbc:h2:mem:ad3a9e80-f26d-4a3e-9691-17f803db5723
insert into score (facility_rank, facility_score, price_rank, price_score, rank_average, surround_rank, surround_score, view_rank, view_score, score_id) values (?, ?, ?, ?, ?, ?, ?, ?, ?, ?)
insert into score (facility_rank, facility_score, price_rank, price_score, rank_average, surround_rank, surround_score, view_rank, view_score, score_id) values (4.693048866148231, 4.656414612661779, 6.416412234202877, 6.515958522428665, 1.6040101490520597, 2.796716687946903, 5.295142336960261, 0.5164137633023103, 4.10791793757478, 333);
2022-10-10 14:33:47.173  INFO 4460 --- [    Test worker] p6spy                                    : #1665380027173 | took 0ms | statement | connection 23| url jdbc:h2:mem:ad3a9e80-f26d-4a3e-9691-17f803db5723
insert into picture (spot_id, url, picture_id) values (?, ?, ?)
insert into picture (spot_id, url, picture_id) values (NULL, 'java.io.StringReader@10ce529a', 1385);
2022-10-10 14:33:47.173  INFO 4460 --- [    Test worker] p6spy                                    : #1665380027173 | took 0ms | statement | connection 23| url jdbc:h2:mem:ad3a9e80-f26d-4a3e-9691-17f803db5723
insert into picture (spot_id, url, picture_id) values (?, ?, ?)
insert into picture (spot_id, url, picture_id) values (NULL, 'java.io.StringReader@7d78caff', 1386);
2022-10-10 14:33:47.173  INFO 4460 --- [    Test worker] p6spy                                    : #1665380027173 | took 0ms | statement | connection 23| url jdbc:h2:mem:ad3a9e80-f26d-4a3e-9691-17f803db5723
insert into picture (spot_id, url, picture_id) values (?, ?, ?)
insert into picture (spot_id, url, picture_id) values (NULL, 'java.io.StringReader@283d49e5', 1387);
2022-10-10 14:33:47.173  INFO 4460 --- [    Test worker] p6spy                                    : #1665380027173 | took 0ms | statement | connection 23| url jdbc:h2:mem:ad3a9e80-f26d-4a3e-9691-17f803db5723
insert into spot (address, description, location, name, score_id, spot_id) values (?, ?, ?, ?, ?, ?)
insert into spot (address, description, location, name, score_id, spot_id) values (NULL, NULL, 'Aewol_eup', NULL, 333, 399);
2022-10-10 14:33:47.173  INFO 4460 --- [    Test worker] p6spy                                    : #1665380027173 | took 0ms | statement | connection 23| url jdbc:h2:mem:ad3a9e80-f26d-4a3e-9691-17f803db5723
insert into member_spot (member_id, score, spot_id, member_spot_id) values (?, ?, ?, ?)
insert into member_spot (member_id, score, spot_id, member_spot_id) values (15, 0.0, 399, 1388);
2022-10-10 14:33:47.173  INFO 4460 --- [    Test worker] p6spy                                    : #1665380027173 | took 0ms | statement | connection 23| url jdbc:h2:mem:ad3a9e80-f26d-4a3e-9691-17f803db5723
insert into review (content, spot_id, review_id) values (?, ?, ?)
insert into review (content, spot_id, review_id) values ('java.io.StringReader@38ddd7d0', 369, 335);
2022-10-10 14:33:47.173  INFO 4460 --- [    Test worker] p6spy                                    : #1665380027173 | took 0ms | statement | connection 23| url jdbc:h2:mem:ad3a9e80-f26d-4a3e-9691-17f803db5723
insert into favorite_spot (count, favorite_id, spot_id, favorite_spot_id) values (?, ?, ?, ?)
insert into favorite_spot (count, favorite_id, spot_id, favorite_spot_id) values (0, 37, 399, 336);
2022-10-10 14:33:47.173  INFO 4460 --- [    Test worker] p6spy                                    : #1665380027173 | took 0ms | statement | connection 23| url jdbc:h2:mem:ad3a9e80-f26d-4a3e-9691-17f803db5723
insert into score (facility_rank, facility_score, price_rank, price_score, rank_average, surround_rank, surround_score, view_rank, view_score, score_id) values (?, ?, ?, ?, ?, ?, ?, ?, ?, ?)
insert into score (facility_rank, facility_score, price_rank, price_score, rank_average, surround_rank, surround_score, view_rank, view_score, score_id) values (1.3901061979588525, 9.031658947971307, 8.727959187513116, 8.751296822384996, 0.5738072254132887, 0.07424843145584004, 4.276650396273841, 5.392831407648156, 9.153440238797586, 334);
2022-10-10 14:33:47.173  INFO 4460 --- [    Test worker] p6spy                                    : #1665380027173 | took 0ms | statement | connection 23| url jdbc:h2:mem:ad3a9e80-f26d-4a3e-9691-17f803db5723
insert into picture (spot_id, url, picture_id) values (?, ?, ?)
insert into picture (spot_id, url, picture_id) values (NULL, 'java.io.StringReader@11a7f5ee', 1389);
2022-10-10 14:33:47.173  INFO 4460 --- [    Test worker] p6spy                                    : #1665380027173 | took 0ms | statement | connection 23| url jdbc:h2:mem:ad3a9e80-f26d-4a3e-9691-17f803db5723
insert into picture (spot_id, url, picture_id) values (?, ?, ?)
insert into picture (spot_id, url, picture_id) values (NULL, 'java.io.StringReader@58241679', 1390);
2022-10-10 14:33:47.173  INFO 4460 --- [    Test worker] p6spy                                    : #1665380027173 | took 0ms | statement | connection 23| url jdbc:h2:mem:ad3a9e80-f26d-4a3e-9691-17f803db5723
insert into picture (spot_id, url, picture_id) values (?, ?, ?)
insert into picture (spot_id, url, picture_id) values (NULL, 'java.io.StringReader@2deb0e44', 1391);
2022-10-10 14:33:47.173  INFO 4460 --- [    Test worker] p6spy                                    : #1665380027173 | took 0ms | statement | connection 23| url jdbc:h2:mem:ad3a9e80-f26d-4a3e-9691-17f803db5723
insert into spot (address, description, location, name, score_id, spot_id) values (?, ?, ?, ?, ?, ?)
insert into spot (address, description, location, name, score_id, spot_id) values (NULL, NULL, 'Aewol_eup', NULL, 334, 400);
2022-10-10 14:33:47.173  INFO 4460 --- [    Test worker] p6spy                                    : #1665380027173 | took 0ms | statement | connection 23| url jdbc:h2:mem:ad3a9e80-f26d-4a3e-9691-17f803db5723
insert into member_spot (member_id, score, spot_id, member_spot_id) values (?, ?, ?, ?)
insert into member_spot (member_id, score, spot_id, member_spot_id) values (15, 0.0, 400, 1392);
2022-10-10 14:33:47.173  INFO 4460 --- [    Test worker] p6spy                                    : #1665380027173 | took 0ms | statement | connection 23| url jdbc:h2:mem:ad3a9e80-f26d-4a3e-9691-17f803db5723
insert into review (content, spot_id, review_id) values (?, ?, ?)
insert into review (content, spot_id, review_id) values ('java.io.StringReader@3b5ab6fe', 369, 336);
2022-10-10 14:33:47.173  INFO 4460 --- [    Test worker] p6spy                                    : #1665380027173 | took 0ms | statement | connection 23| url jdbc:h2:mem:ad3a9e80-f26d-4a3e-9691-17f803db5723
insert into score (facility_rank, facility_score, price_rank, price_score, rank_average, surround_rank, surround_score, view_rank, view_score, score_id) values (?, ?, ?, ?, ?, ?, ?, ?, ?, ?)
insert into score (facility_rank, facility_score, price_rank, price_score, rank_average, surround_rank, surround_score, view_rank, view_score, score_id) values (9.627357212438321, 0.23371436708620408, 3.5878588103821762, 1.7456066941502124, 5.277174339509828, 4.92893335805805, 8.932680242037016, 4.003979960411666, 0.9754212012573971, 335);
2022-10-10 14:33:47.173  INFO 4460 --- [    Test worker] p6spy                                    : #1665380027173 | took 0ms | statement | connection 23| url jdbc:h2:mem:ad3a9e80-f26d-4a3e-9691-17f803db5723
insert into picture (spot_id, url, picture_id) values (?, ?, ?)
insert into picture (spot_id, url, picture_id) values (NULL, 'java.io.StringReader@6b05a1fd', 1393);
2022-10-10 14:33:47.173  INFO 4460 --- [    Test worker] p6spy                                    : #1665380027173 | took 0ms | statement | connection 23| url jdbc:h2:mem:ad3a9e80-f26d-4a3e-9691-17f803db5723
insert into picture (spot_id, url, picture_id) values (?, ?, ?)
insert into picture (spot_id, url, picture_id) values (NULL, 'java.io.StringReader@27cd355a', 1394);
2022-10-10 14:33:47.173  INFO 4460 --- [    Test worker] p6spy                                    : #1665380027173 | took 0ms | statement | connection 23| url jdbc:h2:mem:ad3a9e80-f26d-4a3e-9691-17f803db5723
insert into picture (spot_id, url, picture_id) values (?, ?, ?)
insert into picture (spot_id, url, picture_id) values (NULL, 'java.io.StringReader@54ab606b', 1395);
2022-10-10 14:33:47.173  INFO 4460 --- [    Test worker] p6spy                                    : #1665380027173 | took 0ms | statement | connection 23| url jdbc:h2:mem:ad3a9e80-f26d-4a3e-9691-17f803db5723
insert into spot (address, description, location, name, score_id, spot_id) values (?, ?, ?, ?, ?, ?)
insert into spot (address, description, location, name, score_id, spot_id) values (NULL, NULL, 'Aewol_eup', NULL, 335, 401);
2022-10-10 14:33:47.173  INFO 4460 --- [    Test worker] p6spy                                    : #1665380027173 | took 0ms | statement | connection 23| url jdbc:h2:mem:ad3a9e80-f26d-4a3e-9691-17f803db5723
insert into member_spot (member_id, score, spot_id, member_spot_id) values (?, ?, ?, ?)
insert into member_spot (member_id, score, spot_id, member_spot_id) values (15, 0.0, 401, 1396);
2022-10-10 14:33:47.173  INFO 4460 --- [    Test worker] p6spy                                    : #1665380027173 | took 0ms | statement | connection 23| url jdbc:h2:mem:ad3a9e80-f26d-4a3e-9691-17f803db5723
insert into review (content, spot_id, review_id) values (?, ?, ?)
insert into review (content, spot_id, review_id) values ('java.io.StringReader@55582345', 369, 337);
2022-10-10 14:33:47.173  INFO 4460 --- [    Test worker] p6spy                                    : #1665380027173 | took 0ms | statement | connection 23| url jdbc:h2:mem:ad3a9e80-f26d-4a3e-9691-17f803db5723
insert into favorite_spot (count, favorite_id, spot_id, favorite_spot_id) values (?, ?, ?, ?)
insert into favorite_spot (count, favorite_id, spot_id, favorite_spot_id) values (0, 37, 401, 337);
2022-10-10 14:33:47.173  INFO 4460 --- [    Test worker] p6spy                                    : #1665380027173 | took 0ms | statement | connection 23| url jdbc:h2:mem:ad3a9e80-f26d-4a3e-9691-17f803db5723
insert into score (facility_rank, facility_score, price_rank, price_score, rank_average, surround_rank, surround_score, view_rank, view_score, score_id) values (?, ?, ?, ?, ?, ?, ?, ?, ?, ?)
insert into score (facility_rank, facility_score, price_rank, price_score, rank_average, surround_rank, surround_score, view_rank, view_score, score_id) values (3.570023160969995, 7.441358083787106, 2.3520301413139433, 3.5580182194711973, 1.3282590397883476, 5.892243397833974, 5.864931977000407, 8.052836057397593, 6.030701754067102, 336);
2022-10-10 14:33:47.173  INFO 4460 --- [    Test worker] p6spy                                    : #1665380027173 | took 0ms | statement | connection 23| url jdbc:h2:mem:ad3a9e80-f26d-4a3e-9691-17f803db5723
insert into picture (spot_id, url, picture_id) values (?, ?, ?)
insert into picture (spot_id, url, picture_id) values (NULL, 'java.io.StringReader@79bdd32f', 1397);
2022-10-10 14:33:47.173  INFO 4460 --- [    Test worker] p6spy                                    : #1665380027173 | took 0ms | statement | connection 23| url jdbc:h2:mem:ad3a9e80-f26d-4a3e-9691-17f803db5723
insert into picture (spot_id, url, picture_id) values (?, ?, ?)
insert into picture (spot_id, url, picture_id) values (NULL, 'java.io.StringReader@78188cc6', 1398);
2022-10-10 14:33:47.173  INFO 4460 --- [    Test worker] p6spy                                    : #1665380027173 | took 0ms | statement | connection 23| url jdbc:h2:mem:ad3a9e80-f26d-4a3e-9691-17f803db5723
insert into picture (spot_id, url, picture_id) values (?, ?, ?)
insert into picture (spot_id, url, picture_id) values (NULL, 'java.io.StringReader@dfd40bf', 1399);
2022-10-10 14:33:47.173  INFO 4460 --- [    Test worker] p6spy                                    : #1665380027173 | took 0ms | statement | connection 23| url jdbc:h2:mem:ad3a9e80-f26d-4a3e-9691-17f803db5723
insert into spot (address, description, location, name, score_id, spot_id) values (?, ?, ?, ?, ?, ?)
insert into spot (address, description, location, name, score_id, spot_id) values (NULL, NULL, 'Aewol_eup', NULL, 336, 402);
2022-10-10 14:33:47.173  INFO 4460 --- [    Test worker] p6spy                                    : #1665380027173 | took 0ms | statement | connection 23| url jdbc:h2:mem:ad3a9e80-f26d-4a3e-9691-17f803db5723
insert into member_spot (member_id, score, spot_id, member_spot_id) values (?, ?, ?, ?)
insert into member_spot (member_id, score, spot_id, member_spot_id) values (15, 0.0, 402, 1400);
2022-10-10 14:33:47.174  INFO 4460 --- [    Test worker] p6spy                                    : #1665380027174 | took 0ms | statement | connection 23| url jdbc:h2:mem:ad3a9e80-f26d-4a3e-9691-17f803db5723
insert into review (content, spot_id, review_id) values (?, ?, ?)
insert into review (content, spot_id, review_id) values ('java.io.StringReader@2976097f', 369, 338);
2022-10-10 14:33:47.174  INFO 4460 --- [    Test worker] p6spy                                    : #1665380027174 | took 0ms | statement | connection 23| url jdbc:h2:mem:ad3a9e80-f26d-4a3e-9691-17f803db5723
insert into score (facility_rank, facility_score, price_rank, price_score, rank_average, surround_rank, surround_score, view_rank, view_score, score_id) values (?, ?, ?, ?, ?, ?, ?, ?, ?, ?)
insert into score (facility_rank, facility_score, price_rank, price_score, rank_average, surround_rank, surround_score, view_rank, view_score, score_id) values (4.6842790196511235, 0.4510579527465486, 5.438951618964757, 0.07530243631317934, 2.7573958771564975, 7.414098348037175, 5.816792595893668, 7.068053183101608, 0.6730197983140584, 337);
2022-10-10 14:33:47.174  INFO 4460 --- [    Test worker] p6spy                                    : #1665380027174 | took 0ms | statement | connection 23| url jdbc:h2:mem:ad3a9e80-f26d-4a3e-9691-17f803db5723
insert into picture (spot_id, url, picture_id) values (?, ?, ?)
insert into picture (spot_id, url, picture_id) values (NULL, 'java.io.StringReader@7156c7e5', 1401);
2022-10-10 14:33:47.174  INFO 4460 --- [    Test worker] p6spy                                    : #1665380027174 | took 0ms | statement | connection 23| url jdbc:h2:mem:ad3a9e80-f26d-4a3e-9691-17f803db5723
insert into picture (spot_id, url, picture_id) values (?, ?, ?)
insert into picture (spot_id, url, picture_id) values (NULL, 'java.io.StringReader@2b5dfb1b', 1402);
2022-10-10 14:33:47.174  INFO 4460 --- [    Test worker] p6spy                                    : #1665380027174 | took 0ms | statement | connection 23| url jdbc:h2:mem:ad3a9e80-f26d-4a3e-9691-17f803db5723
insert into picture (spot_id, url, picture_id) values (?, ?, ?)
insert into picture (spot_id, url, picture_id) values (NULL, 'java.io.StringReader@70fce245', 1403);
2022-10-10 14:33:47.174  INFO 4460 --- [    Test worker] p6spy                                    : #1665380027174 | took 0ms | statement | connection 23| url jdbc:h2:mem:ad3a9e80-f26d-4a3e-9691-17f803db5723
insert into spot (address, description, location, name, score_id, spot_id) values (?, ?, ?, ?, ?, ?)
insert into spot (address, description, location, name, score_id, spot_id) values (NULL, NULL, 'Aewol_eup', NULL, 337, 403);
2022-10-10 14:33:47.174  INFO 4460 --- [    Test worker] p6spy                                    : #1665380027174 | took 0ms | statement | connection 23| url jdbc:h2:mem:ad3a9e80-f26d-4a3e-9691-17f803db5723
insert into member_spot (member_id, score, spot_id, member_spot_id) values (?, ?, ?, ?)
insert into member_spot (member_id, score, spot_id, member_spot_id) values (15, 0.0, 403, 1404);
2022-10-10 14:33:47.174  INFO 4460 --- [    Test worker] p6spy                                    : #1665380027174 | took 0ms | statement | connection 23| url jdbc:h2:mem:ad3a9e80-f26d-4a3e-9691-17f803db5723
insert into review (content, spot_id, review_id) values (?, ?, ?)
insert into review (content, spot_id, review_id) values ('java.io.StringReader@4974318d', 369, 339);
2022-10-10 14:33:47.174  INFO 4460 --- [    Test worker] p6spy                                    : #1665380027174 | took 0ms | statement | connection 23| url jdbc:h2:mem:ad3a9e80-f26d-4a3e-9691-17f803db5723
insert into favorite_spot (count, favorite_id, spot_id, favorite_spot_id) values (?, ?, ?, ?)
insert into favorite_spot (count, favorite_id, spot_id, favorite_spot_id) values (0, 37, 403, 338);
2022-10-10 14:33:47.174  INFO 4460 --- [    Test worker] p6spy                                    : #1665380027174 | took 0ms | statement | connection 23| url jdbc:h2:mem:ad3a9e80-f26d-4a3e-9691-17f803db5723
insert into score (facility_rank, facility_score, price_rank, price_score, rank_average, surround_rank, surround_score, view_rank, view_score, score_id) values (?, ?, ?, ?, ?, ?, ?, ?, ?, ?)
insert into score (facility_rank, facility_score, price_rank, price_score, rank_average, surround_rank, surround_score, view_rank, view_score, score_id) values (0.5225455669009438, 1.208554338031278, 9.56639042580305, 2.9853087003791035, 3.824827268161348, 8.555514210985768, 1.7549957143045702, 2.139079499168337, 6.603930392864116, 338);
2022-10-10 14:33:47.174  INFO 4460 --- [    Test worker] p6spy                                    : #1665380027174 | took 0ms | statement | connection 23| url jdbc:h2:mem:ad3a9e80-f26d-4a3e-9691-17f803db5723
insert into picture (spot_id, url, picture_id) values (?, ?, ?)
insert into picture (spot_id, url, picture_id) values (NULL, 'java.io.StringReader@3fea0a52', 1405);
2022-10-10 14:33:47.174  INFO 4460 --- [    Test worker] p6spy                                    : #1665380027174 | took 0ms | statement | connection 23| url jdbc:h2:mem:ad3a9e80-f26d-4a3e-9691-17f803db5723
insert into picture (spot_id, url, picture_id) values (?, ?, ?)
insert into picture (spot_id, url, picture_id) values (NULL, 'java.io.StringReader@1389e498', 1406);
2022-10-10 14:33:47.174  INFO 4460 --- [    Test worker] p6spy                                    : #1665380027174 | took 0ms | statement | connection 23| url jdbc:h2:mem:ad3a9e80-f26d-4a3e-9691-17f803db5723
insert into picture (spot_id, url, picture_id) values (?, ?, ?)
insert into picture (spot_id, url, picture_id) values (NULL, 'java.io.StringReader@c844d52', 1407);
2022-10-10 14:33:47.174  INFO 4460 --- [    Test worker] p6spy                                    : #1665380027174 | took 0ms | statement | connection 23| url jdbc:h2:mem:ad3a9e80-f26d-4a3e-9691-17f803db5723
insert into spot (address, description, location, name, score_id, spot_id) values (?, ?, ?, ?, ?, ?)
insert into spot (address, description, location, name, score_id, spot_id) values (NULL, NULL, 'Aewol_eup', NULL, 338, 404);
2022-10-10 14:33:47.174  INFO 4460 --- [    Test worker] p6spy                                    : #1665380027174 | took 0ms | statement | connection 23| url jdbc:h2:mem:ad3a9e80-f26d-4a3e-9691-17f803db5723
insert into member_spot (member_id, score, spot_id, member_spot_id) values (?, ?, ?, ?)
insert into member_spot (member_id, score, spot_id, member_spot_id) values (15, 0.0, 404, 1408);
2022-10-10 14:33:47.174  INFO 4460 --- [    Test worker] p6spy                                    : #1665380027174 | took 0ms | statement | connection 23| url jdbc:h2:mem:ad3a9e80-f26d-4a3e-9691-17f803db5723
insert into review (content, spot_id, review_id) values (?, ?, ?)
insert into review (content, spot_id, review_id) values ('java.io.StringReader@70298290', 369, 340);
2022-10-10 14:33:47.174  INFO 4460 --- [    Test worker] p6spy                                    : #1665380027174 | took 0ms | statement | connection 23| url jdbc:h2:mem:ad3a9e80-f26d-4a3e-9691-17f803db5723
insert into score (facility_rank, facility_score, price_rank, price_score, rank_average, surround_rank, surround_score, view_rank, view_score, score_id) values (?, ?, ?, ?, ?, ?, ?, ?, ?, ?)
insert into score (facility_rank, facility_score, price_rank, price_score, rank_average, surround_rank, surround_score, view_rank, view_score, score_id) values (4.678592633028305, 8.751704560961784, 7.300139082790903, 1.6338807863639004, 5.098546449206794, 4.819470476569326, 4.868414973389025, 7.084914892663392, 6.052653018694329, 339);
2022-10-10 14:33:47.174  INFO 4460 --- [    Test worker] p6spy                                    : #1665380027174 | took 0ms | statement | connection 23| url jdbc:h2:mem:ad3a9e80-f26d-4a3e-9691-17f803db5723
insert into picture (spot_id, url, picture_id) values (?, ?, ?)
insert into picture (spot_id, url, picture_id) values (NULL, 'java.io.StringReader@79fa2af2', 1409);
2022-10-10 14:33:47.174  INFO 4460 --- [    Test worker] p6spy                                    : #1665380027174 | took 0ms | statement | connection 23| url jdbc:h2:mem:ad3a9e80-f26d-4a3e-9691-17f803db5723
insert into picture (spot_id, url, picture_id) values (?, ?, ?)
insert into picture (spot_id, url, picture_id) values (NULL, 'java.io.StringReader@6f5f2306', 1410);
2022-10-10 14:33:47.174  INFO 4460 --- [    Test worker] p6spy                                    : #1665380027174 | took 0ms | statement | connection 23| url jdbc:h2:mem:ad3a9e80-f26d-4a3e-9691-17f803db5723
insert into picture (spot_id, url, picture_id) values (?, ?, ?)
insert into picture (spot_id, url, picture_id) values (NULL, 'java.io.StringReader@5e2a6a1d', 1411);
2022-10-10 14:33:47.174  INFO 4460 --- [    Test worker] p6spy                                    : #1665380027174 | took 0ms | statement | connection 23| url jdbc:h2:mem:ad3a9e80-f26d-4a3e-9691-17f803db5723
insert into spot (address, description, location, name, score_id, spot_id) values (?, ?, ?, ?, ?, ?)
insert into spot (address, description, location, name, score_id, spot_id) values (NULL, NULL, 'Aewol_eup', NULL, 339, 405);
2022-10-10 14:33:47.174  INFO 4460 --- [    Test worker] p6spy                                    : #1665380027174 | took 0ms | statement | connection 23| url jdbc:h2:mem:ad3a9e80-f26d-4a3e-9691-17f803db5723
insert into member_spot (member_id, score, spot_id, member_spot_id) values (?, ?, ?, ?)
insert into member_spot (member_id, score, spot_id, member_spot_id) values (15, 0.0, 405, 1412);
2022-10-10 14:33:47.174  INFO 4460 --- [    Test worker] p6spy                                    : #1665380027174 | took 0ms | statement | connection 23| url jdbc:h2:mem:ad3a9e80-f26d-4a3e-9691-17f803db5723
insert into review (content, spot_id, review_id) values (?, ?, ?)
insert into review (content, spot_id, review_id) values ('java.io.StringReader@7864521c', 369, 341);
2022-10-10 14:33:47.175  INFO 4460 --- [    Test worker] p6spy                                    : #1665380027175 | took 0ms | statement | connection 23| url jdbc:h2:mem:ad3a9e80-f26d-4a3e-9691-17f803db5723
insert into favorite_spot (count, favorite_id, spot_id, favorite_spot_id) values (?, ?, ?, ?)
insert into favorite_spot (count, favorite_id, spot_id, favorite_spot_id) values (0, 37, 405, 339);
2022-10-10 14:33:47.175  INFO 4460 --- [    Test worker] p6spy                                    : #1665380027175 | took 0ms | statement | connection 23| url jdbc:h2:mem:ad3a9e80-f26d-4a3e-9691-17f803db5723
insert into score (facility_rank, facility_score, price_rank, price_score, rank_average, surround_rank, surround_score, view_rank, view_score, score_id) values (?, ?, ?, ?, ?, ?, ?, ?, ?, ?)
insert into score (facility_rank, facility_score, price_rank, price_score, rank_average, surround_rank, surround_score, view_rank, view_score, score_id) values (0.15647695083805369, 1.6310574385670784, 6.728968285450401, 7.7442702311040525, 7.23442620504041, 3.6822859739639258, 8.95225629615617, 2.0000513358381955, 4.273264233104539, 340);
2022-10-10 14:33:47.175  INFO 4460 --- [    Test worker] p6spy                                    : #1665380027175 | took 0ms | statement | connection 23| url jdbc:h2:mem:ad3a9e80-f26d-4a3e-9691-17f803db5723
insert into picture (spot_id, url, picture_id) values (?, ?, ?)
insert into picture (spot_id, url, picture_id) values (NULL, 'java.io.StringReader@4d9a8203', 1413);
2022-10-10 14:33:47.175  INFO 4460 --- [    Test worker] p6spy                                    : #1665380027175 | took 0ms | statement | connection 23| url jdbc:h2:mem:ad3a9e80-f26d-4a3e-9691-17f803db5723
insert into picture (spot_id, url, picture_id) values (?, ?, ?)
insert into picture (spot_id, url, picture_id) values (NULL, 'java.io.StringReader@77961b85', 1414);
2022-10-10 14:33:47.175  INFO 4460 --- [    Test worker] p6spy                                    : #1665380027175 | took 0ms | statement | connection 23| url jdbc:h2:mem:ad3a9e80-f26d-4a3e-9691-17f803db5723
insert into picture (spot_id, url, picture_id) values (?, ?, ?)
insert into picture (spot_id, url, picture_id) values (NULL, 'java.io.StringReader@2a9cbc23', 1415);
2022-10-10 14:33:47.175  INFO 4460 --- [    Test worker] p6spy                                    : #1665380027175 | took 0ms | statement | connection 23| url jdbc:h2:mem:ad3a9e80-f26d-4a3e-9691-17f803db5723
insert into spot (address, description, location, name, score_id, spot_id) values (?, ?, ?, ?, ?, ?)
insert into spot (address, description, location, name, score_id, spot_id) values (NULL, NULL, 'Aewol_eup', NULL, 340, 406);
2022-10-10 14:33:47.175  INFO 4460 --- [    Test worker] p6spy                                    : #1665380027175 | took 0ms | statement | connection 23| url jdbc:h2:mem:ad3a9e80-f26d-4a3e-9691-17f803db5723
insert into member_spot (member_id, score, spot_id, member_spot_id) values (?, ?, ?, ?)
insert into member_spot (member_id, score, spot_id, member_spot_id) values (15, 0.0, 406, 1416);
2022-10-10 14:33:47.175  INFO 4460 --- [    Test worker] p6spy                                    : #1665380027175 | took 0ms | statement | connection 23| url jdbc:h2:mem:ad3a9e80-f26d-4a3e-9691-17f803db5723
insert into review (content, spot_id, review_id) values (?, ?, ?)
insert into review (content, spot_id, review_id) values ('java.io.StringReader@13cf4876', 369, 342);
2022-10-10 14:33:47.175  INFO 4460 --- [    Test worker] p6spy                                    : #1665380027175 | took 0ms | statement | connection 23| url jdbc:h2:mem:ad3a9e80-f26d-4a3e-9691-17f803db5723
insert into score (facility_rank, facility_score, price_rank, price_score, rank_average, surround_rank, surround_score, view_rank, view_score, score_id) values (?, ?, ?, ?, ?, ?, ?, ?, ?, ?)
insert into score (facility_rank, facility_score, price_rank, price_score, rank_average, surround_rank, surround_score, view_rank, view_score, score_id) values (2.198261483007844, 0.08395326538951253, 2.1598639080729565, 0.9272468907858211, 8.889866929173893, 8.097411761285109, 1.360429239142854, 2.4111594712452145, 1.0076725784720408, 341);
2022-10-10 14:33:47.175  INFO 4460 --- [    Test worker] p6spy                                    : #1665380027175 | took 0ms | statement | connection 23| url jdbc:h2:mem:ad3a9e80-f26d-4a3e-9691-17f803db5723
insert into picture (spot_id, url, picture_id) values (?, ?, ?)
insert into picture (spot_id, url, picture_id) values (NULL, 'java.io.StringReader@39281d17', 1417);
2022-10-10 14:33:47.175  INFO 4460 --- [    Test worker] p6spy                                    : #1665380027175 | took 0ms | statement | connection 23| url jdbc:h2:mem:ad3a9e80-f26d-4a3e-9691-17f803db5723
insert into picture (spot_id, url, picture_id) values (?, ?, ?)
insert into picture (spot_id, url, picture_id) values (NULL, 'java.io.StringReader@443d1613', 1418);
2022-10-10 14:33:47.175  INFO 4460 --- [    Test worker] p6spy                                    : #1665380027175 | took 0ms | statement | connection 23| url jdbc:h2:mem:ad3a9e80-f26d-4a3e-9691-17f803db5723
insert into picture (spot_id, url, picture_id) values (?, ?, ?)
insert into picture (spot_id, url, picture_id) values (NULL, 'java.io.StringReader@2ac0ceae', 1419);
2022-10-10 14:33:47.175  INFO 4460 --- [    Test worker] p6spy                                    : #1665380027175 | took 0ms | statement | connection 23| url jdbc:h2:mem:ad3a9e80-f26d-4a3e-9691-17f803db5723
insert into spot (address, description, location, name, score_id, spot_id) values (?, ?, ?, ?, ?, ?)
insert into spot (address, description, location, name, score_id, spot_id) values (NULL, NULL, 'Aewol_eup', NULL, 341, 407);
2022-10-10 14:33:47.175  INFO 4460 --- [    Test worker] p6spy                                    : #1665380027175 | took 0ms | statement | connection 23| url jdbc:h2:mem:ad3a9e80-f26d-4a3e-9691-17f803db5723
insert into member_spot (member_id, score, spot_id, member_spot_id) values (?, ?, ?, ?)
insert into member_spot (member_id, score, spot_id, member_spot_id) values (15, 0.0, 407, 1420);
2022-10-10 14:33:47.175  INFO 4460 --- [    Test worker] p6spy                                    : #1665380027175 | took 0ms | statement | connection 23| url jdbc:h2:mem:ad3a9e80-f26d-4a3e-9691-17f803db5723
insert into review (content, spot_id, review_id) values (?, ?, ?)
insert into review (content, spot_id, review_id) values ('java.io.StringReader@1728277a', 369, 343);
2022-10-10 14:33:47.175  INFO 4460 --- [    Test worker] p6spy                                    : #1665380027175 | took 0ms | statement | connection 23| url jdbc:h2:mem:ad3a9e80-f26d-4a3e-9691-17f803db5723
insert into favorite_spot (count, favorite_id, spot_id, favorite_spot_id) values (?, ?, ?, ?)
insert into favorite_spot (count, favorite_id, spot_id, favorite_spot_id) values (0, 37, 407, 340);
2022-10-10 14:33:47.175  INFO 4460 --- [    Test worker] p6spy                                    : #1665380027175 | took 0ms | statement | connection 23| url jdbc:h2:mem:ad3a9e80-f26d-4a3e-9691-17f803db5723
insert into score (facility_rank, facility_score, price_rank, price_score, rank_average, surround_rank, surround_score, view_rank, view_score, score_id) values (?, ?, ?, ?, ?, ?, ?, ?, ?, ?)
insert into score (facility_rank, facility_score, price_rank, price_score, rank_average, surround_rank, surround_score, view_rank, view_score, score_id) values (0.3052541027598199, 1.3529550912215715, 0.6809336381657816, 5.310473926108221, 5.0402749311146895, 9.145590775097466, 1.1505824628362915, 7.490299499472311, 6.14475482790835, 342);
2022-10-10 14:33:47.175  INFO 4460 --- [    Test worker] p6spy                                    : #1665380027175 | took 0ms | statement | connection 23| url jdbc:h2:mem:ad3a9e80-f26d-4a3e-9691-17f803db5723
insert into picture (spot_id, url, picture_id) values (?, ?, ?)
insert into picture (spot_id, url, picture_id) values (NULL, 'java.io.StringReader@75e38460', 1421);
2022-10-10 14:33:47.175  INFO 4460 --- [    Test worker] p6spy                                    : #1665380027175 | took 0ms | statement | connection 23| url jdbc:h2:mem:ad3a9e80-f26d-4a3e-9691-17f803db5723
insert into picture (spot_id, url, picture_id) values (?, ?, ?)
insert into picture (spot_id, url, picture_id) values (NULL, 'java.io.StringReader@53418cc0', 1422);
2022-10-10 14:33:47.175  INFO 4460 --- [    Test worker] p6spy                                    : #1665380027175 | took 0ms | statement | connection 23| url jdbc:h2:mem:ad3a9e80-f26d-4a3e-9691-17f803db5723
insert into picture (spot_id, url, picture_id) values (?, ?, ?)
insert into picture (spot_id, url, picture_id) values (NULL, 'java.io.StringReader@7556a83e', 1423);
2022-10-10 14:33:47.175  INFO 4460 --- [    Test worker] p6spy                                    : #1665380027175 | took 0ms | statement | connection 23| url jdbc:h2:mem:ad3a9e80-f26d-4a3e-9691-17f803db5723
insert into spot (address, description, location, name, score_id, spot_id) values (?, ?, ?, ?, ?, ?)
insert into spot (address, description, location, name, score_id, spot_id) values (NULL, NULL, 'Aewol_eup', NULL, 342, 408);
2022-10-10 14:33:47.175  INFO 4460 --- [    Test worker] p6spy                                    : #1665380027175 | took 0ms | statement | connection 23| url jdbc:h2:mem:ad3a9e80-f26d-4a3e-9691-17f803db5723
insert into member_spot (member_id, score, spot_id, member_spot_id) values (?, ?, ?, ?)
insert into member_spot (member_id, score, spot_id, member_spot_id) values (15, 0.0, 408, 1424);
2022-10-10 14:33:47.175  INFO 4460 --- [    Test worker] p6spy                                    : #1665380027175 | took 0ms | statement | connection 23| url jdbc:h2:mem:ad3a9e80-f26d-4a3e-9691-17f803db5723
insert into review (content, spot_id, review_id) values (?, ?, ?)
insert into review (content, spot_id, review_id) values ('java.io.StringReader@28d6d970', 369, 344);
2022-10-10 14:33:47.175  INFO 4460 --- [    Test worker] p6spy                                    : #1665380027175 | took 0ms | statement | connection 23| url jdbc:h2:mem:ad3a9e80-f26d-4a3e-9691-17f803db5723
insert into score (facility_rank, facility_score, price_rank, price_score, rank_average, surround_rank, surround_score, view_rank, view_score, score_id) values (?, ?, ?, ?, ?, ?, ?, ?, ?, ?)
insert into score (facility_rank, facility_score, price_rank, price_score, rank_average, surround_rank, surround_score, view_rank, view_score, score_id) values (1.5840363320444473, 6.823133748083155, 3.439020887124622, 6.472455551085584, 3.914464902017345, 6.279897558662297, 9.050632242184557, 5.862960467098998, 2.553233792191355, 343);
2022-10-10 14:33:47.175  INFO 4460 --- [    Test worker] p6spy                                    : #1665380027175 | took 0ms | statement | connection 23| url jdbc:h2:mem:ad3a9e80-f26d-4a3e-9691-17f803db5723
insert into picture (spot_id, url, picture_id) values (?, ?, ?)
insert into picture (spot_id, url, picture_id) values (NULL, 'java.io.StringReader@6d5a43c1', 1425);
2022-10-10 14:33:47.175  INFO 4460 --- [    Test worker] p6spy                                    : #1665380027175 | took 0ms | statement | connection 23| url jdbc:h2:mem:ad3a9e80-f26d-4a3e-9691-17f803db5723
insert into picture (spot_id, url, picture_id) values (?, ?, ?)
insert into picture (spot_id, url, picture_id) values (NULL, 'java.io.StringReader@732a5516', 1426);
2022-10-10 14:33:47.175  INFO 4460 --- [    Test worker] p6spy                                    : #1665380027175 | took 0ms | statement | connection 23| url jdbc:h2:mem:ad3a9e80-f26d-4a3e-9691-17f803db5723
insert into picture (spot_id, url, picture_id) values (?, ?, ?)
insert into picture (spot_id, url, picture_id) values (NULL, 'java.io.StringReader@68648137', 1427);
2022-10-10 14:33:47.175  INFO 4460 --- [    Test worker] p6spy                                    : #1665380027175 | took 0ms | statement | connection 23| url jdbc:h2:mem:ad3a9e80-f26d-4a3e-9691-17f803db5723
insert into spot (address, description, location, name, score_id, spot_id) values (?, ?, ?, ?, ?, ?)
insert into spot (address, description, location, name, score_id, spot_id) values (NULL, NULL, 'Aewol_eup', NULL, 343, 409);
2022-10-10 14:33:47.175  INFO 4460 --- [    Test worker] p6spy                                    : #1665380027175 | took 0ms | statement | connection 23| url jdbc:h2:mem:ad3a9e80-f26d-4a3e-9691-17f803db5723
insert into member_spot (member_id, score, spot_id, member_spot_id) values (?, ?, ?, ?)
insert into member_spot (member_id, score, spot_id, member_spot_id) values (15, 0.0, 409, 1428);
2022-10-10 14:33:47.175  INFO 4460 --- [    Test worker] p6spy                                    : #1665380027175 | took 0ms | statement | connection 23| url jdbc:h2:mem:ad3a9e80-f26d-4a3e-9691-17f803db5723
insert into review (content, spot_id, review_id) values (?, ?, ?)
insert into review (content, spot_id, review_id) values ('java.io.StringReader@770ecf53', 369, 345);
2022-10-10 14:33:47.175  INFO 4460 --- [    Test worker] p6spy                                    : #1665380027175 | took 0ms | statement | connection 23| url jdbc:h2:mem:ad3a9e80-f26d-4a3e-9691-17f803db5723
insert into favorite_spot (count, favorite_id, spot_id, favorite_spot_id) values (?, ?, ?, ?)
insert into favorite_spot (count, favorite_id, spot_id, favorite_spot_id) values (0, 37, 409, 341);
2022-10-10 14:33:47.175  INFO 4460 --- [    Test worker] p6spy                                    : #1665380027175 | took 0ms | statement | connection 23| url jdbc:h2:mem:ad3a9e80-f26d-4a3e-9691-17f803db5723
insert into score (facility_rank, facility_score, price_rank, price_score, rank_average, surround_rank, surround_score, view_rank, view_score, score_id) values (?, ?, ?, ?, ?, ?, ?, ?, ?, ?)
insert into score (facility_rank, facility_score, price_rank, price_score, rank_average, surround_rank, surround_score, view_rank, view_score, score_id) values (9.94249332638293, 4.568579667769633, 0.6999146258676958, 1.7265603518405703, 7.288113852587711, 7.097733835304721, 3.929726190188456, 4.25546379169008, 3.3228133298052054, 344);
2022-10-10 14:33:47.175  INFO 4460 --- [    Test worker] p6spy                                    : #1665380027175 | took 0ms | statement | connection 23| url jdbc:h2:mem:ad3a9e80-f26d-4a3e-9691-17f803db5723
insert into picture (spot_id, url, picture_id) values (?, ?, ?)
insert into picture (spot_id, url, picture_id) values (NULL, 'java.io.StringReader@38fa54b2', 1429);
2022-10-10 14:33:47.176  INFO 4460 --- [    Test worker] p6spy                                    : #1665380027176 | took 0ms | statement | connection 23| url jdbc:h2:mem:ad3a9e80-f26d-4a3e-9691-17f803db5723
insert into picture (spot_id, url, picture_id) values (?, ?, ?)
insert into picture (spot_id, url, picture_id) values (NULL, 'java.io.StringReader@5742402f', 1430);
2022-10-10 14:33:47.176  INFO 4460 --- [    Test worker] p6spy                                    : #1665380027176 | took 0ms | statement | connection 23| url jdbc:h2:mem:ad3a9e80-f26d-4a3e-9691-17f803db5723
insert into picture (spot_id, url, picture_id) values (?, ?, ?)
insert into picture (spot_id, url, picture_id) values (NULL, 'java.io.StringReader@5cddf9cd', 1431);
2022-10-10 14:33:47.176  INFO 4460 --- [    Test worker] p6spy                                    : #1665380027176 | took 0ms | statement | connection 23| url jdbc:h2:mem:ad3a9e80-f26d-4a3e-9691-17f803db5723
insert into spot (address, description, location, name, score_id, spot_id) values (?, ?, ?, ?, ?, ?)
insert into spot (address, description, location, name, score_id, spot_id) values (NULL, NULL, 'Aewol_eup', NULL, 344, 410);
2022-10-10 14:33:47.176  INFO 4460 --- [    Test worker] p6spy                                    : #1665380027176 | took 0ms | statement | connection 23| url jdbc:h2:mem:ad3a9e80-f26d-4a3e-9691-17f803db5723
insert into member_spot (member_id, score, spot_id, member_spot_id) values (?, ?, ?, ?)
insert into member_spot (member_id, score, spot_id, member_spot_id) values (15, 0.0, 410, 1432);
2022-10-10 14:33:47.176  INFO 4460 --- [    Test worker] p6spy                                    : #1665380027176 | took 0ms | statement | connection 23| url jdbc:h2:mem:ad3a9e80-f26d-4a3e-9691-17f803db5723
insert into review (content, spot_id, review_id) values (?, ?, ?)
insert into review (content, spot_id, review_id) values ('java.io.StringReader@218c547f', 369, 346);
2022-10-10 14:33:47.176  INFO 4460 --- [    Test worker] p6spy                                    : #1665380027176 | took 0ms | statement | connection 23| url jdbc:h2:mem:ad3a9e80-f26d-4a3e-9691-17f803db5723
insert into score (facility_rank, facility_score, price_rank, price_score, rank_average, surround_rank, surround_score, view_rank, view_score, score_id) values (?, ?, ?, ?, ?, ?, ?, ?, ?, ?)
insert into score (facility_rank, facility_score, price_rank, price_score, rank_average, surround_rank, surround_score, view_rank, view_score, score_id) values (6.121619102272473, 9.36357076825907, 0.5499180365081646, 4.978370856247427, 4.095617488290161, 1.14677156912528, 6.513261888730245, 0.7889766547209776, 8.609081445496843, 345);
2022-10-10 14:33:47.176  INFO 4460 --- [    Test worker] p6spy                                    : #1665380027176 | took 0ms | statement | connection 23| url jdbc:h2:mem:ad3a9e80-f26d-4a3e-9691-17f803db5723
insert into picture (spot_id, url, picture_id) values (?, ?, ?)
insert into picture (spot_id, url, picture_id) values (NULL, 'java.io.StringReader@7648167b', 1433);
2022-10-10 14:33:47.176  INFO 4460 --- [    Test worker] p6spy                                    : #1665380027176 | took 0ms | statement | connection 23| url jdbc:h2:mem:ad3a9e80-f26d-4a3e-9691-17f803db5723
insert into picture (spot_id, url, picture_id) values (?, ?, ?)
insert into picture (spot_id, url, picture_id) values (NULL, 'java.io.StringReader@7b386293', 1434);
2022-10-10 14:33:47.176  INFO 4460 --- [    Test worker] p6spy                                    : #1665380027176 | took 0ms | statement | connection 23| url jdbc:h2:mem:ad3a9e80-f26d-4a3e-9691-17f803db5723
insert into picture (spot_id, url, picture_id) values (?, ?, ?)
insert into picture (spot_id, url, picture_id) values (NULL, 'java.io.StringReader@5e4bff45', 1435);
2022-10-10 14:33:47.176  INFO 4460 --- [    Test worker] p6spy                                    : #1665380027176 | took 0ms | statement | connection 23| url jdbc:h2:mem:ad3a9e80-f26d-4a3e-9691-17f803db5723
insert into spot (address, description, location, name, score_id, spot_id) values (?, ?, ?, ?, ?, ?)
insert into spot (address, description, location, name, score_id, spot_id) values (NULL, NULL, 'Aewol_eup', NULL, 345, 411);
2022-10-10 14:33:47.176  INFO 4460 --- [    Test worker] p6spy                                    : #1665380027176 | took 0ms | statement | connection 23| url jdbc:h2:mem:ad3a9e80-f26d-4a3e-9691-17f803db5723
insert into member_spot (member_id, score, spot_id, member_spot_id) values (?, ?, ?, ?)
insert into member_spot (member_id, score, spot_id, member_spot_id) values (15, 0.0, 411, 1436);
2022-10-10 14:33:47.176  INFO 4460 --- [    Test worker] p6spy                                    : #1665380027176 | took 0ms | statement | connection 23| url jdbc:h2:mem:ad3a9e80-f26d-4a3e-9691-17f803db5723
insert into review (content, spot_id, review_id) values (?, ?, ?)
insert into review (content, spot_id, review_id) values ('java.io.StringReader@11f80670', 369, 347);
2022-10-10 14:33:47.176  INFO 4460 --- [    Test worker] p6spy                                    : #1665380027176 | took 0ms | statement | connection 23| url jdbc:h2:mem:ad3a9e80-f26d-4a3e-9691-17f803db5723
insert into favorite_spot (count, favorite_id, spot_id, favorite_spot_id) values (?, ?, ?, ?)
insert into favorite_spot (count, favorite_id, spot_id, favorite_spot_id) values (0, 37, 411, 342);
2022-10-10 14:33:47.176  INFO 4460 --- [    Test worker] p6spy                                    : #1665380027176 | took 0ms | statement | connection 23| url jdbc:h2:mem:ad3a9e80-f26d-4a3e-9691-17f803db5723
insert into score (facility_rank, facility_score, price_rank, price_score, rank_average, surround_rank, surround_score, view_rank, view_score, score_id) values (?, ?, ?, ?, ?, ?, ?, ?, ?, ?)
insert into score (facility_rank, facility_score, price_rank, price_score, rank_average, surround_rank, surround_score, view_rank, view_score, score_id) values (7.434062244236252, 9.827898049006409, 7.500733074482735, 1.9798405396322083, 7.738828685896957, 7.14335671314397, 6.351871502321648, 7.793933973863998, 7.808510959812263, 346);
2022-10-10 14:33:47.176  INFO 4460 --- [    Test worker] p6spy                                    : #1665380027176 | took 0ms | statement | connection 23| url jdbc:h2:mem:ad3a9e80-f26d-4a3e-9691-17f803db5723
insert into picture (spot_id, url, picture_id) values (?, ?, ?)
insert into picture (spot_id, url, picture_id) values (NULL, 'java.io.StringReader@5e5ae316', 1437);
2022-10-10 14:33:47.176  INFO 4460 --- [    Test worker] p6spy                                    : #1665380027176 | took 0ms | statement | connection 23| url jdbc:h2:mem:ad3a9e80-f26d-4a3e-9691-17f803db5723
insert into picture (spot_id, url, picture_id) values (?, ?, ?)
insert into picture (spot_id, url, picture_id) values (NULL, 'java.io.StringReader@4458ecb8', 1438);
2022-10-10 14:33:47.176  INFO 4460 --- [    Test worker] p6spy                                    : #1665380027176 | took 0ms | statement | connection 23| url jdbc:h2:mem:ad3a9e80-f26d-4a3e-9691-17f803db5723
insert into picture (spot_id, url, picture_id) values (?, ?, ?)
insert into picture (spot_id, url, picture_id) values (NULL, 'java.io.StringReader@3a09f2f5', 1439);
2022-10-10 14:33:47.176  INFO 4460 --- [    Test worker] p6spy                                    : #1665380027176 | took 0ms | statement | connection 23| url jdbc:h2:mem:ad3a9e80-f26d-4a3e-9691-17f803db5723
insert into spot (address, description, location, name, score_id, spot_id) values (?, ?, ?, ?, ?, ?)
insert into spot (address, description, location, name, score_id, spot_id) values (NULL, NULL, 'Aewol_eup', NULL, 346, 412);
2022-10-10 14:33:47.176  INFO 4460 --- [    Test worker] p6spy                                    : #1665380027176 | took 0ms | statement | connection 23| url jdbc:h2:mem:ad3a9e80-f26d-4a3e-9691-17f803db5723
insert into member_spot (member_id, score, spot_id, member_spot_id) values (?, ?, ?, ?)
insert into member_spot (member_id, score, spot_id, member_spot_id) values (15, 0.0, 412, 1440);
2022-10-10 14:33:47.176  INFO 4460 --- [    Test worker] p6spy                                    : #1665380027176 | took 0ms | statement | connection 23| url jdbc:h2:mem:ad3a9e80-f26d-4a3e-9691-17f803db5723
insert into review (content, spot_id, review_id) values (?, ?, ?)
insert into review (content, spot_id, review_id) values ('java.io.StringReader@373aa5d6', 369, 348);
2022-10-10 14:33:47.176  INFO 4460 --- [    Test worker] p6spy                                    : #1665380027176 | took 0ms | statement | connection 23| url jdbc:h2:mem:ad3a9e80-f26d-4a3e-9691-17f803db5723
insert into score (facility_rank, facility_score, price_rank, price_score, rank_average, surround_rank, surround_score, view_rank, view_score, score_id) values (?, ?, ?, ?, ?, ?, ?, ?, ?, ?)
insert into score (facility_rank, facility_score, price_rank, price_score, rank_average, surround_rank, surround_score, view_rank, view_score, score_id) values (0.907004244921622, 4.519417893182039, 4.4859411673050955, 4.041681359555987, 9.256891483560231, 1.4996296688563304, 7.829907879866628, 4.124287531013634, 3.1135179838904756, 347);
2022-10-10 14:33:47.176  INFO 4460 --- [    Test worker] p6spy                                    : #1665380027176 | took 0ms | statement | connection 23| url jdbc:h2:mem:ad3a9e80-f26d-4a3e-9691-17f803db5723
insert into picture (spot_id, url, picture_id) values (?, ?, ?)
insert into picture (spot_id, url, picture_id) values (NULL, 'java.io.StringReader@229dfe7e', 1441);
2022-10-10 14:33:47.176  INFO 4460 --- [    Test worker] p6spy                                    : #1665380027176 | took 0ms | statement | connection 23| url jdbc:h2:mem:ad3a9e80-f26d-4a3e-9691-17f803db5723
insert into picture (spot_id, url, picture_id) values (?, ?, ?)
insert into picture (spot_id, url, picture_id) values (NULL, 'java.io.StringReader@37033745', 1442);
2022-10-10 14:33:47.176  INFO 4460 --- [    Test worker] p6spy                                    : #1665380027176 | took 0ms | statement | connection 23| url jdbc:h2:mem:ad3a9e80-f26d-4a3e-9691-17f803db5723
insert into picture (spot_id, url, picture_id) values (?, ?, ?)
insert into picture (spot_id, url, picture_id) values (NULL, 'java.io.StringReader@6432ce09', 1443);
2022-10-10 14:33:47.176  INFO 4460 --- [    Test worker] p6spy                                    : #1665380027176 | took 0ms | statement | connection 23| url jdbc:h2:mem:ad3a9e80-f26d-4a3e-9691-17f803db5723
insert into spot (address, description, location, name, score_id, spot_id) values (?, ?, ?, ?, ?, ?)
insert into spot (address, description, location, name, score_id, spot_id) values (NULL, NULL, 'Aewol_eup', NULL, 347, 413);
2022-10-10 14:33:47.176  INFO 4460 --- [    Test worker] p6spy                                    : #1665380027176 | took 0ms | statement | connection 23| url jdbc:h2:mem:ad3a9e80-f26d-4a3e-9691-17f803db5723
insert into member_spot (member_id, score, spot_id, member_spot_id) values (?, ?, ?, ?)
insert into member_spot (member_id, score, spot_id, member_spot_id) values (15, 0.0, 413, 1444);
2022-10-10 14:33:47.176  INFO 4460 --- [    Test worker] p6spy                                    : #1665380027176 | took 0ms | statement | connection 23| url jdbc:h2:mem:ad3a9e80-f26d-4a3e-9691-17f803db5723
insert into review (content, spot_id, review_id) values (?, ?, ?)
insert into review (content, spot_id, review_id) values ('java.io.StringReader@5cb88b6b', 369, 349);
2022-10-10 14:33:47.176  INFO 4460 --- [    Test worker] p6spy                                    : #1665380027176 | took 0ms | statement | connection 23| url jdbc:h2:mem:ad3a9e80-f26d-4a3e-9691-17f803db5723
insert into favorite_spot (count, favorite_id, spot_id, favorite_spot_id) values (?, ?, ?, ?)
insert into favorite_spot (count, favorite_id, spot_id, favorite_spot_id) values (0, 37, 413, 343);
2022-10-10 14:33:47.177  INFO 4460 --- [    Test worker] p6spy                                    : #1665380027177 | took 0ms | statement | connection 23| url jdbc:h2:mem:ad3a9e80-f26d-4a3e-9691-17f803db5723
insert into score (facility_rank, facility_score, price_rank, price_score, rank_average, surround_rank, surround_score, view_rank, view_score, score_id) values (?, ?, ?, ?, ?, ?, ?, ?, ?, ?)
insert into score (facility_rank, facility_score, price_rank, price_score, rank_average, surround_rank, surround_score, view_rank, view_score, score_id) values (8.852378217618135, 4.130346602012062, 0.03135932614470205, 1.989170775893141, 8.287362242516496, 9.400562993060468, 0.8754228127251595, 9.980222866915547, 3.7194297039904454, 348);
2022-10-10 14:33:47.177  INFO 4460 --- [    Test worker] p6spy                                    : #1665380027177 | took 0ms | statement | connection 23| url jdbc:h2:mem:ad3a9e80-f26d-4a3e-9691-17f803db5723
insert into picture (spot_id, url, picture_id) values (?, ?, ?)
insert into picture (spot_id, url, picture_id) values (NULL, 'java.io.StringReader@53b2678', 1445);
2022-10-10 14:33:47.177  INFO 4460 --- [    Test worker] p6spy                                    : #1665380027177 | took 0ms | statement | connection 23| url jdbc:h2:mem:ad3a9e80-f26d-4a3e-9691-17f803db5723
insert into picture (spot_id, url, picture_id) values (?, ?, ?)
insert into picture (spot_id, url, picture_id) values (NULL, 'java.io.StringReader@30393db8', 1446);
2022-10-10 14:33:47.177  INFO 4460 --- [    Test worker] p6spy                                    : #1665380027177 | took 0ms | statement | connection 23| url jdbc:h2:mem:ad3a9e80-f26d-4a3e-9691-17f803db5723
insert into picture (spot_id, url, picture_id) values (?, ?, ?)
insert into picture (spot_id, url, picture_id) values (NULL, 'java.io.StringReader@36d685d5', 1447);
2022-10-10 14:33:47.177  INFO 4460 --- [    Test worker] p6spy                                    : #1665380027177 | took 0ms | statement | connection 23| url jdbc:h2:mem:ad3a9e80-f26d-4a3e-9691-17f803db5723
insert into spot (address, description, location, name, score_id, spot_id) values (?, ?, ?, ?, ?, ?)
insert into spot (address, description, location, name, score_id, spot_id) values (NULL, NULL, 'Aewol_eup', NULL, 348, 414);
2022-10-10 14:33:47.177  INFO 4460 --- [    Test worker] p6spy                                    : #1665380027177 | took 0ms | statement | connection 23| url jdbc:h2:mem:ad3a9e80-f26d-4a3e-9691-17f803db5723
insert into member_spot (member_id, score, spot_id, member_spot_id) values (?, ?, ?, ?)
insert into member_spot (member_id, score, spot_id, member_spot_id) values (15, 0.0, 414, 1448);
2022-10-10 14:33:47.177  INFO 4460 --- [    Test worker] p6spy                                    : #1665380027177 | took 0ms | statement | connection 23| url jdbc:h2:mem:ad3a9e80-f26d-4a3e-9691-17f803db5723
insert into review (content, spot_id, review_id) values (?, ?, ?)
insert into review (content, spot_id, review_id) values ('java.io.StringReader@23314f61', 369, 350);
2022-10-10 14:33:47.177  INFO 4460 --- [    Test worker] p6spy                                    : #1665380027177 | took 0ms | statement | connection 23| url jdbc:h2:mem:ad3a9e80-f26d-4a3e-9691-17f803db5723
insert into score (facility_rank, facility_score, price_rank, price_score, rank_average, surround_rank, surround_score, view_rank, view_score, score_id) values (?, ?, ?, ?, ?, ?, ?, ?, ?, ?)
insert into score (facility_rank, facility_score, price_rank, price_score, rank_average, surround_rank, surround_score, view_rank, view_score, score_id) values (6.630137930036824, 5.027282432569187, 7.903929994951342, 4.106922906715239, 5.142282148547272, 6.908637004478545, 0.07467907445181443, 0.04186068753897487, 4.364140352460126, 349);
2022-10-10 14:33:47.177  INFO 4460 --- [    Test worker] p6spy                                    : #1665380027177 | took 0ms | statement | connection 23| url jdbc:h2:mem:ad3a9e80-f26d-4a3e-9691-17f803db5723
insert into picture (spot_id, url, picture_id) values (?, ?, ?)
insert into picture (spot_id, url, picture_id) values (NULL, 'java.io.StringReader@27812cca', 1449);
2022-10-10 14:33:47.177  INFO 4460 --- [    Test worker] p6spy                                    : #1665380027177 | took 0ms | statement | connection 23| url jdbc:h2:mem:ad3a9e80-f26d-4a3e-9691-17f803db5723
insert into picture (spot_id, url, picture_id) values (?, ?, ?)
insert into picture (spot_id, url, picture_id) values (NULL, 'java.io.StringReader@7153164a', 1450);
2022-10-10 14:33:47.177  INFO 4460 --- [    Test worker] p6spy                                    : #1665380027177 | took 0ms | statement | connection 23| url jdbc:h2:mem:ad3a9e80-f26d-4a3e-9691-17f803db5723
insert into picture (spot_id, url, picture_id) values (?, ?, ?)
insert into picture (spot_id, url, picture_id) values (NULL, 'java.io.StringReader@243deeda', 1451);
2022-10-10 14:33:47.177  INFO 4460 --- [    Test worker] p6spy                                    : #1665380027177 | took 0ms | statement | connection 23| url jdbc:h2:mem:ad3a9e80-f26d-4a3e-9691-17f803db5723
insert into spot (address, description, location, name, score_id, spot_id) values (?, ?, ?, ?, ?, ?)
insert into spot (address, description, location, name, score_id, spot_id) values (NULL, NULL, 'Aewol_eup', NULL, 349, 415);
2022-10-10 14:33:47.177  INFO 4460 --- [    Test worker] p6spy                                    : #1665380027177 | took 0ms | statement | connection 23| url jdbc:h2:mem:ad3a9e80-f26d-4a3e-9691-17f803db5723
insert into member_spot (member_id, score, spot_id, member_spot_id) values (?, ?, ?, ?)
insert into member_spot (member_id, score, spot_id, member_spot_id) values (15, 0.0, 415, 1452);
2022-10-10 14:33:47.177  INFO 4460 --- [    Test worker] p6spy                                    : #1665380027177 | took 0ms | statement | connection 23| url jdbc:h2:mem:ad3a9e80-f26d-4a3e-9691-17f803db5723
insert into review (content, spot_id, review_id) values (?, ?, ?)
insert into review (content, spot_id, review_id) values ('java.io.StringReader@2ca6b438', 369, 351);
2022-10-10 14:33:47.177  INFO 4460 --- [    Test worker] p6spy                                    : #1665380027177 | took 0ms | statement | connection 23| url jdbc:h2:mem:ad3a9e80-f26d-4a3e-9691-17f803db5723
insert into favorite_spot (count, favorite_id, spot_id, favorite_spot_id) values (?, ?, ?, ?)
insert into favorite_spot (count, favorite_id, spot_id, favorite_spot_id) values (0, 37, 415, 344);
2022-10-10 14:33:47.177  INFO 4460 --- [    Test worker] p6spy                                    : #1665380027177 | took 0ms | statement | connection 23| url jdbc:h2:mem:ad3a9e80-f26d-4a3e-9691-17f803db5723
insert into score (facility_rank, facility_score, price_rank, price_score, rank_average, surround_rank, surround_score, view_rank, view_score, score_id) values (?, ?, ?, ?, ?, ?, ?, ?, ?, ?)
insert into score (facility_rank, facility_score, price_rank, price_score, rank_average, surround_rank, surround_score, view_rank, view_score, score_id) values (6.856752824593361, 8.745144671684846, 2.3639476329495466, 6.20508586920577, 0.7099480405811576, 0.9932739506511845, 1.637749655599955, 6.157331394504606, 2.5996582640927803, 350);
2022-10-10 14:33:47.177  INFO 4460 --- [    Test worker] p6spy                                    : #1665380027177 | took 0ms | statement | connection 23| url jdbc:h2:mem:ad3a9e80-f26d-4a3e-9691-17f803db5723
insert into picture (spot_id, url, picture_id) values (?, ?, ?)
insert into picture (spot_id, url, picture_id) values (NULL, 'java.io.StringReader@4baf4a5b', 1453);
2022-10-10 14:33:47.177  INFO 4460 --- [    Test worker] p6spy                                    : #1665380027177 | took 0ms | statement | connection 23| url jdbc:h2:mem:ad3a9e80-f26d-4a3e-9691-17f803db5723
insert into picture (spot_id, url, picture_id) values (?, ?, ?)
insert into picture (spot_id, url, picture_id) values (NULL, 'java.io.StringReader@74b3e7f2', 1454);
2022-10-10 14:33:47.177  INFO 4460 --- [    Test worker] p6spy                                    : #1665380027177 | took 0ms | statement | connection 23| url jdbc:h2:mem:ad3a9e80-f26d-4a3e-9691-17f803db5723
insert into picture (spot_id, url, picture_id) values (?, ?, ?)
insert into picture (spot_id, url, picture_id) values (NULL, 'java.io.StringReader@2c6f2bea', 1455);
2022-10-10 14:33:47.177  INFO 4460 --- [    Test worker] p6spy                                    : #1665380027177 | took 0ms | statement | connection 23| url jdbc:h2:mem:ad3a9e80-f26d-4a3e-9691-17f803db5723
insert into spot (address, description, location, name, score_id, spot_id) values (?, ?, ?, ?, ?, ?)
insert into spot (address, description, location, name, score_id, spot_id) values (NULL, NULL, 'Aewol_eup', NULL, 350, 416);
2022-10-10 14:33:47.177  INFO 4460 --- [    Test worker] p6spy                                    : #1665380027177 | took 0ms | statement | connection 23| url jdbc:h2:mem:ad3a9e80-f26d-4a3e-9691-17f803db5723
insert into member_spot (member_id, score, spot_id, member_spot_id) values (?, ?, ?, ?)
insert into member_spot (member_id, score, spot_id, member_spot_id) values (15, 0.0, 416, 1456);
2022-10-10 14:33:47.177  INFO 4460 --- [    Test worker] p6spy                                    : #1665380027177 | took 0ms | statement | connection 23| url jdbc:h2:mem:ad3a9e80-f26d-4a3e-9691-17f803db5723
insert into review (content, spot_id, review_id) values (?, ?, ?)
insert into review (content, spot_id, review_id) values ('java.io.StringReader@6674a40b', 369, 352);
2022-10-10 14:33:47.177  INFO 4460 --- [    Test worker] p6spy                                    : #1665380027177 | took 0ms | statement | connection 23| url jdbc:h2:mem:ad3a9e80-f26d-4a3e-9691-17f803db5723
insert into score (facility_rank, facility_score, price_rank, price_score, rank_average, surround_rank, surround_score, view_rank, view_score, score_id) values (?, ?, ?, ?, ?, ?, ?, ?, ?, ?)
insert into score (facility_rank, facility_score, price_rank, price_score, rank_average, surround_rank, surround_score, view_rank, view_score, score_id) values (2.9846297237865116, 5.587730576316633, 4.4686512198617585, 3.991252925698827, 2.4436786527911347, 2.1928767923106616, 5.201351748652784, 8.1089730286931, 3.372040818031853, 351);
2022-10-10 14:33:47.177  INFO 4460 --- [    Test worker] p6spy                                    : #1665380027177 | took 0ms | statement | connection 23| url jdbc:h2:mem:ad3a9e80-f26d-4a3e-9691-17f803db5723
insert into picture (spot_id, url, picture_id) values (?, ?, ?)
insert into picture (spot_id, url, picture_id) values (NULL, 'java.io.StringReader@384ac590', 1457);
2022-10-10 14:33:47.177  INFO 4460 --- [    Test worker] p6spy                                    : #1665380027177 | took 0ms | statement | connection 23| url jdbc:h2:mem:ad3a9e80-f26d-4a3e-9691-17f803db5723
insert into picture (spot_id, url, picture_id) values (?, ?, ?)
insert into picture (spot_id, url, picture_id) values (NULL, 'java.io.StringReader@5ac79bd5', 1458);
2022-10-10 14:33:47.177  INFO 4460 --- [    Test worker] p6spy                                    : #1665380027177 | took 0ms | statement | connection 23| url jdbc:h2:mem:ad3a9e80-f26d-4a3e-9691-17f803db5723
insert into picture (spot_id, url, picture_id) values (?, ?, ?)
insert into picture (spot_id, url, picture_id) values (NULL, 'java.io.StringReader@133efe21', 1459);
2022-10-10 14:33:47.177  INFO 4460 --- [    Test worker] p6spy                                    : #1665380027177 | took 0ms | statement | connection 23| url jdbc:h2:mem:ad3a9e80-f26d-4a3e-9691-17f803db5723
insert into spot (address, description, location, name, score_id, spot_id) values (?, ?, ?, ?, ?, ?)
insert into spot (address, description, location, name, score_id, spot_id) values (NULL, NULL, 'Aewol_eup', NULL, 351, 417);
2022-10-10 14:33:47.177  INFO 4460 --- [    Test worker] p6spy                                    : #1665380027177 | took 0ms | statement | connection 23| url jdbc:h2:mem:ad3a9e80-f26d-4a3e-9691-17f803db5723
insert into member_spot (member_id, score, spot_id, member_spot_id) values (?, ?, ?, ?)
insert into member_spot (member_id, score, spot_id, member_spot_id) values (15, 0.0, 417, 1460);
2022-10-10 14:33:47.177  INFO 4460 --- [    Test worker] p6spy                                    : #1665380027177 | took 0ms | statement | connection 23| url jdbc:h2:mem:ad3a9e80-f26d-4a3e-9691-17f803db5723
insert into review (content, spot_id, review_id) values (?, ?, ?)
insert into review (content, spot_id, review_id) values ('java.io.StringReader@642342bd', 369, 353);
2022-10-10 14:33:47.177  INFO 4460 --- [    Test worker] p6spy                                    : #1665380027177 | took 0ms | statement | connection 23| url jdbc:h2:mem:ad3a9e80-f26d-4a3e-9691-17f803db5723
insert into favorite_spot (count, favorite_id, spot_id, favorite_spot_id) values (?, ?, ?, ?)
insert into favorite_spot (count, favorite_id, spot_id, favorite_spot_id) values (0, 37, 417, 345);
2022-10-10 14:33:47.177  INFO 4460 --- [    Test worker] p6spy                                    : #1665380027177 | took 0ms | statement | connection 23| url jdbc:h2:mem:ad3a9e80-f26d-4a3e-9691-17f803db5723
insert into score (facility_rank, facility_score, price_rank, price_score, rank_average, surround_rank, surround_score, view_rank, view_score, score_id) values (?, ?, ?, ?, ?, ?, ?, ?, ?, ?)
insert into score (facility_rank, facility_score, price_rank, price_score, rank_average, surround_rank, surround_score, view_rank, view_score, score_id) values (9.478360095908696, 4.120479424410323, 3.9938332560449616, 2.6740778674280383, 6.048815614653707, 3.4283149430752036, 0.03324674934298444, 8.370095921604452, 8.761255580770351, 352);
2022-10-10 14:33:47.177  INFO 4460 --- [    Test worker] p6spy                                    : #1665380027177 | took 0ms | statement | connection 23| url jdbc:h2:mem:ad3a9e80-f26d-4a3e-9691-17f803db5723
insert into picture (spot_id, url, picture_id) values (?, ?, ?)
insert into picture (spot_id, url, picture_id) values (NULL, 'java.io.StringReader@3162d486', 1461);
2022-10-10 14:33:47.177  INFO 4460 --- [    Test worker] p6spy                                    : #1665380027177 | took 0ms | statement | connection 23| url jdbc:h2:mem:ad3a9e80-f26d-4a3e-9691-17f803db5723
insert into picture (spot_id, url, picture_id) values (?, ?, ?)
insert into picture (spot_id, url, picture_id) values (NULL, 'java.io.StringReader@56c9c74a', 1462);
2022-10-10 14:33:47.177  INFO 4460 --- [    Test worker] p6spy                                    : #1665380027177 | took 0ms | statement | connection 23| url jdbc:h2:mem:ad3a9e80-f26d-4a3e-9691-17f803db5723
insert into picture (spot_id, url, picture_id) values (?, ?, ?)
insert into picture (spot_id, url, picture_id) values (NULL, 'java.io.StringReader@4ca8b1a4', 1463);
2022-10-10 14:33:47.177  INFO 4460 --- [    Test worker] p6spy                                    : #1665380027177 | took 0ms | statement | connection 23| url jdbc:h2:mem:ad3a9e80-f26d-4a3e-9691-17f803db5723
insert into spot (address, description, location, name, score_id, spot_id) values (?, ?, ?, ?, ?, ?)
insert into spot (address, description, location, name, score_id, spot_id) values (NULL, NULL, 'Aewol_eup', NULL, 352, 418);
2022-10-10 14:33:47.178  INFO 4460 --- [    Test worker] p6spy                                    : #1665380027178 | took 0ms | statement | connection 23| url jdbc:h2:mem:ad3a9e80-f26d-4a3e-9691-17f803db5723
insert into member_spot (member_id, score, spot_id, member_spot_id) values (?, ?, ?, ?)
insert into member_spot (member_id, score, spot_id, member_spot_id) values (15, 0.0, 418, 1464);
2022-10-10 14:33:47.178  INFO 4460 --- [    Test worker] p6spy                                    : #1665380027178 | took 0ms | statement | connection 23| url jdbc:h2:mem:ad3a9e80-f26d-4a3e-9691-17f803db5723
insert into review (content, spot_id, review_id) values (?, ?, ?)
insert into review (content, spot_id, review_id) values ('java.io.StringReader@3961c19f', 369, 354);
2022-10-10 14:33:47.178  INFO 4460 --- [    Test worker] p6spy                                    : #1665380027178 | took 0ms | statement | connection 23| url jdbc:h2:mem:ad3a9e80-f26d-4a3e-9691-17f803db5723
insert into score (facility_rank, facility_score, price_rank, price_score, rank_average, surround_rank, surround_score, view_rank, view_score, score_id) values (?, ?, ?, ?, ?, ?, ?, ?, ?, ?)
insert into score (facility_rank, facility_score, price_rank, price_score, rank_average, surround_rank, surround_score, view_rank, view_score, score_id) values (8.069654826135592, 4.028779094509685, 0.24203611385138823, 2.3982246290560005, 3.602103299977993, 4.442997654277329, 3.901724029155935, 1.0904771880843145, 3.328285889047491, 353);
2022-10-10 14:33:47.178  INFO 4460 --- [    Test worker] p6spy                                    : #1665380027178 | took 0ms | statement | connection 23| url jdbc:h2:mem:ad3a9e80-f26d-4a3e-9691-17f803db5723
insert into picture (spot_id, url, picture_id) values (?, ?, ?)
insert into picture (spot_id, url, picture_id) values (NULL, 'java.io.StringReader@1f50d106', 1465);
2022-10-10 14:33:47.178  INFO 4460 --- [    Test worker] p6spy                                    : #1665380027178 | took 0ms | statement | connection 23| url jdbc:h2:mem:ad3a9e80-f26d-4a3e-9691-17f803db5723
insert into picture (spot_id, url, picture_id) values (?, ?, ?)
insert into picture (spot_id, url, picture_id) values (NULL, 'java.io.StringReader@837ef79', 1466);
2022-10-10 14:33:47.178  INFO 4460 --- [    Test worker] p6spy                                    : #1665380027178 | took 0ms | statement | connection 23| url jdbc:h2:mem:ad3a9e80-f26d-4a3e-9691-17f803db5723
insert into picture (spot_id, url, picture_id) values (?, ?, ?)
insert into picture (spot_id, url, picture_id) values (NULL, 'java.io.StringReader@316a71b7', 1467);
2022-10-10 14:33:47.178  INFO 4460 --- [    Test worker] p6spy                                    : #1665380027178 | took 0ms | statement | connection 23| url jdbc:h2:mem:ad3a9e80-f26d-4a3e-9691-17f803db5723
insert into spot (address, description, location, name, score_id, spot_id) values (?, ?, ?, ?, ?, ?)
insert into spot (address, description, location, name, score_id, spot_id) values (NULL, NULL, 'Andeok_myeon', NULL, 353, 419);
2022-10-10 14:33:47.178  INFO 4460 --- [    Test worker] p6spy                                    : #1665380027178 | took 0ms | statement | connection 23| url jdbc:h2:mem:ad3a9e80-f26d-4a3e-9691-17f803db5723
insert into member_spot (member_id, score, spot_id, member_spot_id) values (?, ?, ?, ?)
insert into member_spot (member_id, score, spot_id, member_spot_id) values (14, 0.0, 419, 1468);
2022-10-10 14:33:47.178  INFO 4460 --- [    Test worker] p6spy                                    : #1665380027178 | took 0ms | statement | connection 23| url jdbc:h2:mem:ad3a9e80-f26d-4a3e-9691-17f803db5723
insert into review (content, spot_id, review_id) values (?, ?, ?)
insert into review (content, spot_id, review_id) values ('java.io.StringReader@25130f26', 369, 355);
2022-10-10 14:33:47.178  INFO 4460 --- [    Test worker] p6spy                                    : #1665380027178 | took 0ms | statement | connection 23| url jdbc:h2:mem:ad3a9e80-f26d-4a3e-9691-17f803db5723
insert into favorite_spot (count, favorite_id, spot_id, favorite_spot_id) values (?, ?, ?, ?)
insert into favorite_spot (count, favorite_id, spot_id, favorite_spot_id) values (0, 37, 419, 346);
2022-10-10 14:33:47.178  INFO 4460 --- [    Test worker] p6spy                                    : #1665380027178 | took 0ms | statement | connection 23| url jdbc:h2:mem:ad3a9e80-f26d-4a3e-9691-17f803db5723
insert into score (facility_rank, facility_score, price_rank, price_score, rank_average, surround_rank, surround_score, view_rank, view_score, score_id) values (?, ?, ?, ?, ?, ?, ?, ?, ?, ?)
insert into score (facility_rank, facility_score, price_rank, price_score, rank_average, surround_rank, surround_score, view_rank, view_score, score_id) values (1.2693288032190342, 4.3330519375565455, 5.604187057829196, 8.427786565103613, 2.2343703862590436, 9.0674762199817, 3.217787538767137, 5.90975249685827, 2.8742996091621675, 354);
2022-10-10 14:33:47.178  INFO 4460 --- [    Test worker] p6spy                                    : #1665380027178 | took 0ms | statement | connection 23| url jdbc:h2:mem:ad3a9e80-f26d-4a3e-9691-17f803db5723
insert into picture (spot_id, url, picture_id) values (?, ?, ?)
insert into picture (spot_id, url, picture_id) values (NULL, 'java.io.StringReader@6a15d338', 1469);
2022-10-10 14:33:47.178  INFO 4460 --- [    Test worker] p6spy                                    : #1665380027178 | took 0ms | statement | connection 23| url jdbc:h2:mem:ad3a9e80-f26d-4a3e-9691-17f803db5723
insert into picture (spot_id, url, picture_id) values (?, ?, ?)
insert into picture (spot_id, url, picture_id) values (NULL, 'java.io.StringReader@72e48a21', 1470);
2022-10-10 14:33:47.178  INFO 4460 --- [    Test worker] p6spy                                    : #1665380027178 | took 0ms | statement | connection 23| url jdbc:h2:mem:ad3a9e80-f26d-4a3e-9691-17f803db5723
insert into picture (spot_id, url, picture_id) values (?, ?, ?)
insert into picture (spot_id, url, picture_id) values (NULL, 'java.io.StringReader@798fd45f', 1471);
2022-10-10 14:33:47.178  INFO 4460 --- [    Test worker] p6spy                                    : #1665380027178 | took 0ms | statement | connection 23| url jdbc:h2:mem:ad3a9e80-f26d-4a3e-9691-17f803db5723
insert into spot (address, description, location, name, score_id, spot_id) values (?, ?, ?, ?, ?, ?)
insert into spot (address, description, location, name, score_id, spot_id) values (NULL, NULL, 'Andeok_myeon', NULL, 354, 420);
2022-10-10 14:33:47.178  INFO 4460 --- [    Test worker] p6spy                                    : #1665380027178 | took 0ms | statement | connection 23| url jdbc:h2:mem:ad3a9e80-f26d-4a3e-9691-17f803db5723
insert into member_spot (member_id, score, spot_id, member_spot_id) values (?, ?, ?, ?)
insert into member_spot (member_id, score, spot_id, member_spot_id) values (14, 0.0, 420, 1472);
2022-10-10 14:33:47.178  INFO 4460 --- [    Test worker] p6spy                                    : #1665380027178 | took 0ms | statement | connection 23| url jdbc:h2:mem:ad3a9e80-f26d-4a3e-9691-17f803db5723
insert into review (content, spot_id, review_id) values (?, ?, ?)
insert into review (content, spot_id, review_id) values ('java.io.StringReader@515432cb', 369, 356);
2022-10-10 14:33:47.178  INFO 4460 --- [    Test worker] p6spy                                    : #1665380027178 | took 0ms | statement | connection 23| url jdbc:h2:mem:ad3a9e80-f26d-4a3e-9691-17f803db5723
insert into score (facility_rank, facility_score, price_rank, price_score, rank_average, surround_rank, surround_score, view_rank, view_score, score_id) values (?, ?, ?, ?, ?, ?, ?, ?, ?, ?)
insert into score (facility_rank, facility_score, price_rank, price_score, rank_average, surround_rank, surround_score, view_rank, view_score, score_id) values (7.350274778985416, 9.788539809294981, 7.846606241150741, 7.1895892148059035, 4.452148370748976, 5.557229307175361, 8.642045166173332, 3.567220412753084, 4.804518463349775, 355);
2022-10-10 14:33:47.178  INFO 4460 --- [    Test worker] p6spy                                    : #1665380027178 | took 0ms | statement | connection 23| url jdbc:h2:mem:ad3a9e80-f26d-4a3e-9691-17f803db5723
insert into picture (spot_id, url, picture_id) values (?, ?, ?)
insert into picture (spot_id, url, picture_id) values (NULL, 'java.io.StringReader@6e92b4af', 1473);
2022-10-10 14:33:47.178  INFO 4460 --- [    Test worker] p6spy                                    : #1665380027178 | took 0ms | statement | connection 23| url jdbc:h2:mem:ad3a9e80-f26d-4a3e-9691-17f803db5723
insert into picture (spot_id, url, picture_id) values (?, ?, ?)
insert into picture (spot_id, url, picture_id) values (NULL, 'java.io.StringReader@5aaee625', 1474);
2022-10-10 14:33:47.178  INFO 4460 --- [    Test worker] p6spy                                    : #1665380027178 | took 0ms | statement | connection 23| url jdbc:h2:mem:ad3a9e80-f26d-4a3e-9691-17f803db5723
insert into picture (spot_id, url, picture_id) values (?, ?, ?)
insert into picture (spot_id, url, picture_id) values (NULL, 'java.io.StringReader@228e0982', 1475);
2022-10-10 14:33:47.178  INFO 4460 --- [    Test worker] p6spy                                    : #1665380027178 | took 0ms | statement | connection 23| url jdbc:h2:mem:ad3a9e80-f26d-4a3e-9691-17f803db5723
insert into spot (address, description, location, name, score_id, spot_id) values (?, ?, ?, ?, ?, ?)
insert into spot (address, description, location, name, score_id, spot_id) values (NULL, NULL, 'Andeok_myeon', NULL, 355, 421);
2022-10-10 14:33:47.178  INFO 4460 --- [    Test worker] p6spy                                    : #1665380027178 | took 0ms | statement | connection 23| url jdbc:h2:mem:ad3a9e80-f26d-4a3e-9691-17f803db5723
insert into member_spot (member_id, score, spot_id, member_spot_id) values (?, ?, ?, ?)
insert into member_spot (member_id, score, spot_id, member_spot_id) values (14, 0.0, 421, 1476);
2022-10-10 14:33:47.178  INFO 4460 --- [    Test worker] p6spy                                    : #1665380027178 | took 0ms | statement | connection 23| url jdbc:h2:mem:ad3a9e80-f26d-4a3e-9691-17f803db5723
insert into review (content, spot_id, review_id) values (?, ?, ?)
insert into review (content, spot_id, review_id) values ('java.io.StringReader@67fd7497', 369, 357);
2022-10-10 14:33:47.178  INFO 4460 --- [    Test worker] p6spy                                    : #1665380027178 | took 0ms | statement | connection 23| url jdbc:h2:mem:ad3a9e80-f26d-4a3e-9691-17f803db5723
insert into favorite_spot (count, favorite_id, spot_id, favorite_spot_id) values (?, ?, ?, ?)
insert into favorite_spot (count, favorite_id, spot_id, favorite_spot_id) values (0, 37, 421, 347);
2022-10-10 14:33:47.178  INFO 4460 --- [    Test worker] p6spy                                    : #1665380027178 | took 0ms | statement | connection 23| url jdbc:h2:mem:ad3a9e80-f26d-4a3e-9691-17f803db5723
insert into score (facility_rank, facility_score, price_rank, price_score, rank_average, surround_rank, surround_score, view_rank, view_score, score_id) values (?, ?, ?, ?, ?, ?, ?, ?, ?, ?)
insert into score (facility_rank, facility_score, price_rank, price_score, rank_average, surround_rank, surround_score, view_rank, view_score, score_id) values (8.076786579341498, 1.2989591935308131, 3.4810023730679216, 9.89398338659734, 0.564827086459746, 8.240534689363706, 2.1616342283044974, 8.477121745090065, 0.08962516021975953, 356);
2022-10-10 14:33:47.178  INFO 4460 --- [    Test worker] p6spy                                    : #1665380027178 | took 0ms | statement | connection 23| url jdbc:h2:mem:ad3a9e80-f26d-4a3e-9691-17f803db5723
insert into picture (spot_id, url, picture_id) values (?, ?, ?)
insert into picture (spot_id, url, picture_id) values (NULL, 'java.io.StringReader@4132dadd', 1477);
2022-10-10 14:33:47.178  INFO 4460 --- [    Test worker] p6spy                                    : #1665380027178 | took 0ms | statement | connection 23| url jdbc:h2:mem:ad3a9e80-f26d-4a3e-9691-17f803db5723
insert into picture (spot_id, url, picture_id) values (?, ?, ?)
insert into picture (spot_id, url, picture_id) values (NULL, 'java.io.StringReader@64aa224d', 1478);
2022-10-10 14:33:47.178  INFO 4460 --- [    Test worker] p6spy                                    : #1665380027178 | took 0ms | statement | connection 23| url jdbc:h2:mem:ad3a9e80-f26d-4a3e-9691-17f803db5723
insert into picture (spot_id, url, picture_id) values (?, ?, ?)
insert into picture (spot_id, url, picture_id) values (NULL, 'java.io.StringReader@120242d9', 1479);
2022-10-10 14:33:47.178  INFO 4460 --- [    Test worker] p6spy                                    : #1665380027178 | took 0ms | statement | connection 23| url jdbc:h2:mem:ad3a9e80-f26d-4a3e-9691-17f803db5723
insert into spot (address, description, location, name, score_id, spot_id) values (?, ?, ?, ?, ?, ?)
insert into spot (address, description, location, name, score_id, spot_id) values (NULL, NULL, 'Andeok_myeon', NULL, 356, 422);
2022-10-10 14:33:47.179  INFO 4460 --- [    Test worker] p6spy                                    : #1665380027179 | took 0ms | statement | connection 23| url jdbc:h2:mem:ad3a9e80-f26d-4a3e-9691-17f803db5723
insert into member_spot (member_id, score, spot_id, member_spot_id) values (?, ?, ?, ?)
insert into member_spot (member_id, score, spot_id, member_spot_id) values (14, 0.0, 422, 1480);
2022-10-10 14:33:47.179  INFO 4460 --- [    Test worker] p6spy                                    : #1665380027179 | took 0ms | statement | connection 23| url jdbc:h2:mem:ad3a9e80-f26d-4a3e-9691-17f803db5723
insert into review (content, spot_id, review_id) values (?, ?, ?)
insert into review (content, spot_id, review_id) values ('java.io.StringReader@5c7b3c82', 369, 358);
2022-10-10 14:33:47.179  INFO 4460 --- [    Test worker] p6spy                                    : #1665380027179 | took 0ms | statement | connection 23| url jdbc:h2:mem:ad3a9e80-f26d-4a3e-9691-17f803db5723
insert into score (facility_rank, facility_score, price_rank, price_score, rank_average, surround_rank, surround_score, view_rank, view_score, score_id) values (?, ?, ?, ?, ?, ?, ?, ?, ?, ?)
insert into score (facility_rank, facility_score, price_rank, price_score, rank_average, surround_rank, surround_score, view_rank, view_score, score_id) values (7.135395863856829, 2.128548303656057, 5.913402405736266, 6.737522556027697, 8.50133055670495, 3.238759901138436, 3.358197171283531, 8.245885089716186, 8.02932637869527, 357);
2022-10-10 14:33:47.179  INFO 4460 --- [    Test worker] p6spy                                    : #1665380027179 | took 0ms | statement | connection 23| url jdbc:h2:mem:ad3a9e80-f26d-4a3e-9691-17f803db5723
insert into picture (spot_id, url, picture_id) values (?, ?, ?)
insert into picture (spot_id, url, picture_id) values (NULL, 'java.io.StringReader@1cc3fcd6', 1481);
2022-10-10 14:33:47.179  INFO 4460 --- [    Test worker] p6spy                                    : #1665380027179 | took 0ms | statement | connection 23| url jdbc:h2:mem:ad3a9e80-f26d-4a3e-9691-17f803db5723
insert into picture (spot_id, url, picture_id) values (?, ?, ?)
insert into picture (spot_id, url, picture_id) values (NULL, 'java.io.StringReader@1863ebc6', 1482);
2022-10-10 14:33:47.179  INFO 4460 --- [    Test worker] p6spy                                    : #1665380027179 | took 0ms | statement | connection 23| url jdbc:h2:mem:ad3a9e80-f26d-4a3e-9691-17f803db5723
insert into picture (spot_id, url, picture_id) values (?, ?, ?)
insert into picture (spot_id, url, picture_id) values (NULL, 'java.io.StringReader@1f7d202', 1483);
2022-10-10 14:33:47.179  INFO 4460 --- [    Test worker] p6spy                                    : #1665380027179 | took 0ms | statement | connection 23| url jdbc:h2:mem:ad3a9e80-f26d-4a3e-9691-17f803db5723
insert into spot (address, description, location, name, score_id, spot_id) values (?, ?, ?, ?, ?, ?)
insert into spot (address, description, location, name, score_id, spot_id) values (NULL, NULL, 'Andeok_myeon', NULL, 357, 423);
2022-10-10 14:33:47.179  INFO 4460 --- [    Test worker] p6spy                                    : #1665380027179 | took 0ms | statement | connection 23| url jdbc:h2:mem:ad3a9e80-f26d-4a3e-9691-17f803db5723
insert into member_spot (member_id, score, spot_id, member_spot_id) values (?, ?, ?, ?)
insert into member_spot (member_id, score, spot_id, member_spot_id) values (14, 0.0, 423, 1484);
2022-10-10 14:33:47.179  INFO 4460 --- [    Test worker] p6spy                                    : #1665380027179 | took 0ms | statement | connection 23| url jdbc:h2:mem:ad3a9e80-f26d-4a3e-9691-17f803db5723
insert into review (content, spot_id, review_id) values (?, ?, ?)
insert into review (content, spot_id, review_id) values ('java.io.StringReader@45a5b3e6', 369, 359);
2022-10-10 14:33:47.179  INFO 4460 --- [    Test worker] p6spy                                    : #1665380027179 | took 0ms | statement | connection 23| url jdbc:h2:mem:ad3a9e80-f26d-4a3e-9691-17f803db5723
insert into favorite_spot (count, favorite_id, spot_id, favorite_spot_id) values (?, ?, ?, ?)
insert into favorite_spot (count, favorite_id, spot_id, favorite_spot_id) values (0, 37, 423, 348);
2022-10-10 14:33:47.179  INFO 4460 --- [    Test worker] p6spy                                    : #1665380027179 | took 0ms | statement | connection 23| url jdbc:h2:mem:ad3a9e80-f26d-4a3e-9691-17f803db5723
insert into score (facility_rank, facility_score, price_rank, price_score, rank_average, surround_rank, surround_score, view_rank, view_score, score_id) values (?, ?, ?, ?, ?, ?, ?, ?, ?, ?)
insert into score (facility_rank, facility_score, price_rank, price_score, rank_average, surround_rank, surround_score, view_rank, view_score, score_id) values (5.028990198297035, 3.0615590482342303, 8.451552128786767, 0.8955948704890793, 5.900858682477099, 3.8779212141236155, 5.1188792069267866, 7.799539838415976, 0.2304719979960046, 358);
2022-10-10 14:33:47.179  INFO 4460 --- [    Test worker] p6spy                                    : #1665380027179 | took 0ms | statement | connection 23| url jdbc:h2:mem:ad3a9e80-f26d-4a3e-9691-17f803db5723
insert into picture (spot_id, url, picture_id) values (?, ?, ?)
insert into picture (spot_id, url, picture_id) values (NULL, 'java.io.StringReader@95ad27e', 1485);
2022-10-10 14:33:47.179  INFO 4460 --- [    Test worker] p6spy                                    : #1665380027179 | took 0ms | statement | connection 23| url jdbc:h2:mem:ad3a9e80-f26d-4a3e-9691-17f803db5723
insert into picture (spot_id, url, picture_id) values (?, ?, ?)
insert into picture (spot_id, url, picture_id) values (NULL, 'java.io.StringReader@3f287184', 1486);
2022-10-10 14:33:47.179  INFO 4460 --- [    Test worker] p6spy                                    : #1665380027179 | took 0ms | statement | connection 23| url jdbc:h2:mem:ad3a9e80-f26d-4a3e-9691-17f803db5723
insert into picture (spot_id, url, picture_id) values (?, ?, ?)
insert into picture (spot_id, url, picture_id) values (NULL, 'java.io.StringReader@1cfa118b', 1487);
2022-10-10 14:33:47.179  INFO 4460 --- [    Test worker] p6spy                                    : #1665380027179 | took 0ms | statement | connection 23| url jdbc:h2:mem:ad3a9e80-f26d-4a3e-9691-17f803db5723
insert into spot (address, description, location, name, score_id, spot_id) values (?, ?, ?, ?, ?, ?)
insert into spot (address, description, location, name, score_id, spot_id) values (NULL, NULL, 'Andeok_myeon', NULL, 358, 424);
2022-10-10 14:33:47.179  INFO 4460 --- [    Test worker] p6spy                                    : #1665380027179 | took 0ms | statement | connection 23| url jdbc:h2:mem:ad3a9e80-f26d-4a3e-9691-17f803db5723
insert into member_spot (member_id, score, spot_id, member_spot_id) values (?, ?, ?, ?)
insert into member_spot (member_id, score, spot_id, member_spot_id) values (14, 0.0, 424, 1488);
2022-10-10 14:33:47.179  INFO 4460 --- [    Test worker] p6spy                                    : #1665380027179 | took 0ms | statement | connection 23| url jdbc:h2:mem:ad3a9e80-f26d-4a3e-9691-17f803db5723
insert into review (content, spot_id, review_id) values (?, ?, ?)
insert into review (content, spot_id, review_id) values ('java.io.StringReader@2e072894', 369, 360);
2022-10-10 14:33:47.179  INFO 4460 --- [    Test worker] p6spy                                    : #1665380027179 | took 0ms | statement | connection 23| url jdbc:h2:mem:ad3a9e80-f26d-4a3e-9691-17f803db5723
insert into score (facility_rank, facility_score, price_rank, price_score, rank_average, surround_rank, surround_score, view_rank, view_score, score_id) values (?, ?, ?, ?, ?, ?, ?, ?, ?, ?)
insert into score (facility_rank, facility_score, price_rank, price_score, rank_average, surround_rank, surround_score, view_rank, view_score, score_id) values (0.3149194559115309, 0.9069041331339789, 5.505533502195461, 2.134586723779799, 1.8349084271931149, 7.823408616951103, 8.814547137956499, 9.919120851374156, 2.8458215073590223, 359);
2022-10-10 14:33:47.179  INFO 4460 --- [    Test worker] p6spy                                    : #1665380027179 | took 0ms | statement | connection 23| url jdbc:h2:mem:ad3a9e80-f26d-4a3e-9691-17f803db5723
insert into picture (spot_id, url, picture_id) values (?, ?, ?)
insert into picture (spot_id, url, picture_id) values (NULL, 'java.io.StringReader@4fc62b5d', 1489);
2022-10-10 14:33:47.179  INFO 4460 --- [    Test worker] p6spy                                    : #1665380027179 | took 0ms | statement | connection 23| url jdbc:h2:mem:ad3a9e80-f26d-4a3e-9691-17f803db5723
insert into picture (spot_id, url, picture_id) values (?, ?, ?)
insert into picture (spot_id, url, picture_id) values (NULL, 'java.io.StringReader@206bd519', 1490);
2022-10-10 14:33:47.179  INFO 4460 --- [    Test worker] p6spy                                    : #1665380027179 | took 0ms | statement | connection 23| url jdbc:h2:mem:ad3a9e80-f26d-4a3e-9691-17f803db5723
insert into picture (spot_id, url, picture_id) values (?, ?, ?)
insert into picture (spot_id, url, picture_id) values (NULL, 'java.io.StringReader@36c93275', 1491);
2022-10-10 14:33:47.179  INFO 4460 --- [    Test worker] p6spy                                    : #1665380027179 | took 0ms | statement | connection 23| url jdbc:h2:mem:ad3a9e80-f26d-4a3e-9691-17f803db5723
insert into spot (address, description, location, name, score_id, spot_id) values (?, ?, ?, ?, ?, ?)
insert into spot (address, description, location, name, score_id, spot_id) values (NULL, NULL, 'Andeok_myeon', NULL, 359, 425);
2022-10-10 14:33:47.179  INFO 4460 --- [    Test worker] p6spy                                    : #1665380027179 | took 0ms | statement | connection 23| url jdbc:h2:mem:ad3a9e80-f26d-4a3e-9691-17f803db5723
insert into member_spot (member_id, score, spot_id, member_spot_id) values (?, ?, ?, ?)
insert into member_spot (member_id, score, spot_id, member_spot_id) values (14, 0.0, 425, 1492);
2022-10-10 14:33:47.179  INFO 4460 --- [    Test worker] p6spy                                    : #1665380027179 | took 0ms | statement | connection 23| url jdbc:h2:mem:ad3a9e80-f26d-4a3e-9691-17f803db5723
insert into review (content, spot_id, review_id) values (?, ?, ?)
insert into review (content, spot_id, review_id) values ('java.io.StringReader@23fb307f', 369, 361);
2022-10-10 14:33:47.179  INFO 4460 --- [    Test worker] p6spy                                    : #1665380027179 | took 0ms | statement | connection 23| url jdbc:h2:mem:ad3a9e80-f26d-4a3e-9691-17f803db5723
insert into favorite_spot (count, favorite_id, spot_id, favorite_spot_id) values (?, ?, ?, ?)
insert into favorite_spot (count, favorite_id, spot_id, favorite_spot_id) values (0, 37, 425, 349);
2022-10-10 14:33:47.180  INFO 4460 --- [    Test worker] p6spy                                    : #1665380027180 | took 0ms | statement | connection 23| url jdbc:h2:mem:ad3a9e80-f26d-4a3e-9691-17f803db5723
insert into score (facility_rank, facility_score, price_rank, price_score, rank_average, surround_rank, surround_score, view_rank, view_score, score_id) values (?, ?, ?, ?, ?, ?, ?, ?, ?, ?)
insert into score (facility_rank, facility_score, price_rank, price_score, rank_average, surround_rank, surround_score, view_rank, view_score, score_id) values (8.927511497956294, 7.10181009455134, 6.633607949202575, 6.889052044858278, 1.051376821432729, 4.491900239433937, 5.716625183020633, 4.976834715247868, 5.713030378671516, 360);
2022-10-10 14:33:47.180  INFO 4460 --- [    Test worker] p6spy                                    : #1665380027180 | took 0ms | statement | connection 23| url jdbc:h2:mem:ad3a9e80-f26d-4a3e-9691-17f803db5723
insert into picture (spot_id, url, picture_id) values (?, ?, ?)
insert into picture (spot_id, url, picture_id) values (NULL, 'java.io.StringReader@620e3f51', 1493);
2022-10-10 14:33:47.180  INFO 4460 --- [    Test worker] p6spy                                    : #1665380027180 | took 0ms | statement | connection 23| url jdbc:h2:mem:ad3a9e80-f26d-4a3e-9691-17f803db5723
insert into picture (spot_id, url, picture_id) values (?, ?, ?)
insert into picture (spot_id, url, picture_id) values (NULL, 'java.io.StringReader@56ddd82a', 1494);
2022-10-10 14:33:47.180  INFO 4460 --- [    Test worker] p6spy                                    : #1665380027180 | took 0ms | statement | connection 23| url jdbc:h2:mem:ad3a9e80-f26d-4a3e-9691-17f803db5723
insert into picture (spot_id, url, picture_id) values (?, ?, ?)
insert into picture (spot_id, url, picture_id) values (NULL, 'java.io.StringReader@34049426', 1495);
2022-10-10 14:33:47.180  INFO 4460 --- [    Test worker] p6spy                                    : #1665380027180 | took 0ms | statement | connection 23| url jdbc:h2:mem:ad3a9e80-f26d-4a3e-9691-17f803db5723
insert into spot (address, description, location, name, score_id, spot_id) values (?, ?, ?, ?, ?, ?)
insert into spot (address, description, location, name, score_id, spot_id) values (NULL, NULL, 'Andeok_myeon', NULL, 360, 426);
2022-10-10 14:33:47.180  INFO 4460 --- [    Test worker] p6spy                                    : #1665380027180 | took 0ms | statement | connection 23| url jdbc:h2:mem:ad3a9e80-f26d-4a3e-9691-17f803db5723
insert into member_spot (member_id, score, spot_id, member_spot_id) values (?, ?, ?, ?)
insert into member_spot (member_id, score, spot_id, member_spot_id) values (14, 0.0, 426, 1496);
2022-10-10 14:33:47.180  INFO 4460 --- [    Test worker] p6spy                                    : #1665380027180 | took 0ms | statement | connection 23| url jdbc:h2:mem:ad3a9e80-f26d-4a3e-9691-17f803db5723
insert into review (content, spot_id, review_id) values (?, ?, ?)
insert into review (content, spot_id, review_id) values ('java.io.StringReader@3b09e320', 369, 362);
2022-10-10 14:33:47.180  INFO 4460 --- [    Test worker] p6spy                                    : #1665380027180 | took 0ms | statement | connection 23| url jdbc:h2:mem:ad3a9e80-f26d-4a3e-9691-17f803db5723
insert into score (facility_rank, facility_score, price_rank, price_score, rank_average, surround_rank, surround_score, view_rank, view_score, score_id) values (?, ?, ?, ?, ?, ?, ?, ?, ?, ?)
insert into score (facility_rank, facility_score, price_rank, price_score, rank_average, surround_rank, surround_score, view_rank, view_score, score_id) values (6.88797679738177, 5.668187639914892, 6.733442829315824, 1.4375699896917726, 2.426483737465206, 9.456034642059773, 2.5497689984836858, 2.7563314795940297, 4.129009499033012, 361);
2022-10-10 14:33:47.180  INFO 4460 --- [    Test worker] p6spy                                    : #1665380027180 | took 0ms | statement | connection 23| url jdbc:h2:mem:ad3a9e80-f26d-4a3e-9691-17f803db5723
insert into picture (spot_id, url, picture_id) values (?, ?, ?)
insert into picture (spot_id, url, picture_id) values (NULL, 'java.io.StringReader@5d127055', 1497);
2022-10-10 14:33:47.180  INFO 4460 --- [    Test worker] p6spy                                    : #1665380027180 | took 0ms | statement | connection 23| url jdbc:h2:mem:ad3a9e80-f26d-4a3e-9691-17f803db5723
insert into picture (spot_id, url, picture_id) values (?, ?, ?)
insert into picture (spot_id, url, picture_id) values (NULL, 'java.io.StringReader@3702c19', 1498);
2022-10-10 14:33:47.180  INFO 4460 --- [    Test worker] p6spy                                    : #1665380027180 | took 0ms | statement | connection 23| url jdbc:h2:mem:ad3a9e80-f26d-4a3e-9691-17f803db5723
insert into picture (spot_id, url, picture_id) values (?, ?, ?)
insert into picture (spot_id, url, picture_id) values (NULL, 'java.io.StringReader@1bd3ac05', 1499);
2022-10-10 14:33:47.180  INFO 4460 --- [    Test worker] p6spy                                    : #1665380027180 | took 0ms | statement | connection 23| url jdbc:h2:mem:ad3a9e80-f26d-4a3e-9691-17f803db5723
insert into spot (address, description, location, name, score_id, spot_id) values (?, ?, ?, ?, ?, ?)
insert into spot (address, description, location, name, score_id, spot_id) values (NULL, NULL, 'Andeok_myeon', NULL, 361, 427);
2022-10-10 14:33:47.180  INFO 4460 --- [    Test worker] p6spy                                    : #1665380027180 | took 0ms | statement | connection 23| url jdbc:h2:mem:ad3a9e80-f26d-4a3e-9691-17f803db5723
insert into member_spot (member_id, score, spot_id, member_spot_id) values (?, ?, ?, ?)
insert into member_spot (member_id, score, spot_id, member_spot_id) values (14, 0.0, 427, 1500);
2022-10-10 14:33:47.180  INFO 4460 --- [    Test worker] p6spy                                    : #1665380027180 | took 0ms | statement | connection 23| url jdbc:h2:mem:ad3a9e80-f26d-4a3e-9691-17f803db5723
insert into review (content, spot_id, review_id) values (?, ?, ?)
insert into review (content, spot_id, review_id) values ('java.io.StringReader@69b62da1', 369, 363);
2022-10-10 14:33:47.180  INFO 4460 --- [    Test worker] p6spy                                    : #1665380027180 | took 0ms | statement | connection 23| url jdbc:h2:mem:ad3a9e80-f26d-4a3e-9691-17f803db5723
insert into favorite_spot (count, favorite_id, spot_id, favorite_spot_id) values (?, ?, ?, ?)
insert into favorite_spot (count, favorite_id, spot_id, favorite_spot_id) values (0, 37, 427, 350);
2022-10-10 14:33:47.180  INFO 4460 --- [    Test worker] p6spy                                    : #1665380027180 | took 0ms | statement | connection 23| url jdbc:h2:mem:ad3a9e80-f26d-4a3e-9691-17f803db5723
insert into score (facility_rank, facility_score, price_rank, price_score, rank_average, surround_rank, surround_score, view_rank, view_score, score_id) values (?, ?, ?, ?, ?, ?, ?, ?, ?, ?)
insert into score (facility_rank, facility_score, price_rank, price_score, rank_average, surround_rank, surround_score, view_rank, view_score, score_id) values (0.3707481700061799, 5.042942316784766, 3.9393403683964268, 7.33624014088303, 0.2008940652417368, 7.486151749750492, 6.946426550541855, 1.908784684279049, 4.917518532285024, 362);
2022-10-10 14:33:47.180  INFO 4460 --- [    Test worker] p6spy                                    : #1665380027180 | took 0ms | statement | connection 23| url jdbc:h2:mem:ad3a9e80-f26d-4a3e-9691-17f803db5723
insert into picture (spot_id, url, picture_id) values (?, ?, ?)
insert into picture (spot_id, url, picture_id) values (NULL, 'java.io.StringReader@72092d90', 1501);
2022-10-10 14:33:47.180  INFO 4460 --- [    Test worker] p6spy                                    : #1665380027180 | took 0ms | statement | connection 23| url jdbc:h2:mem:ad3a9e80-f26d-4a3e-9691-17f803db5723
insert into picture (spot_id, url, picture_id) values (?, ?, ?)
insert into picture (spot_id, url, picture_id) values (NULL, 'java.io.StringReader@24dfbc9b', 1502);
2022-10-10 14:33:47.180  INFO 4460 --- [    Test worker] p6spy                                    : #1665380027180 | took 0ms | statement | connection 23| url jdbc:h2:mem:ad3a9e80-f26d-4a3e-9691-17f803db5723
insert into picture (spot_id, url, picture_id) values (?, ?, ?)
insert into picture (spot_id, url, picture_id) values (NULL, 'java.io.StringReader@5a871e43', 1503);
2022-10-10 14:33:47.180  INFO 4460 --- [    Test worker] p6spy                                    : #1665380027180 | took 0ms | statement | connection 23| url jdbc:h2:mem:ad3a9e80-f26d-4a3e-9691-17f803db5723
insert into spot (address, description, location, name, score_id, spot_id) values (?, ?, ?, ?, ?, ?)
insert into spot (address, description, location, name, score_id, spot_id) values (NULL, NULL, 'Andeok_myeon', NULL, 362, 428);
2022-10-10 14:33:47.180  INFO 4460 --- [    Test worker] p6spy                                    : #1665380027180 | took 0ms | statement | connection 23| url jdbc:h2:mem:ad3a9e80-f26d-4a3e-9691-17f803db5723
insert into member_spot (member_id, score, spot_id, member_spot_id) values (?, ?, ?, ?)
insert into member_spot (member_id, score, spot_id, member_spot_id) values (14, 0.0, 428, 1504);
2022-10-10 14:33:47.180  INFO 4460 --- [    Test worker] p6spy                                    : #1665380027180 | took 0ms | statement | connection 23| url jdbc:h2:mem:ad3a9e80-f26d-4a3e-9691-17f803db5723
insert into review (content, spot_id, review_id) values (?, ?, ?)
insert into review (content, spot_id, review_id) values ('java.io.StringReader@f9a5483', 369, 364);
2022-10-10 14:33:47.180  INFO 4460 --- [    Test worker] p6spy                                    : #1665380027180 | took 0ms | statement | connection 23| url jdbc:h2:mem:ad3a9e80-f26d-4a3e-9691-17f803db5723
insert into score (facility_rank, facility_score, price_rank, price_score, rank_average, surround_rank, surround_score, view_rank, view_score, score_id) values (?, ?, ?, ?, ?, ?, ?, ?, ?, ?)
insert into score (facility_rank, facility_score, price_rank, price_score, rank_average, surround_rank, surround_score, view_rank, view_score, score_id) values (0.1522514629120142, 4.376086165978499, 7.913751934594798, 8.3237529491846, 6.933429254943283, 3.351378331101392, 6.264484121738432, 7.107955951025154, 0.9822783368755894, 363);
2022-10-10 14:33:47.180  INFO 4460 --- [    Test worker] p6spy                                    : #1665380027180 | took 0ms | statement | connection 23| url jdbc:h2:mem:ad3a9e80-f26d-4a3e-9691-17f803db5723
insert into picture (spot_id, url, picture_id) values (?, ?, ?)
insert into picture (spot_id, url, picture_id) values (NULL, 'java.io.StringReader@416faf16', 1505);
2022-10-10 14:33:47.180  INFO 4460 --- [    Test worker] p6spy                                    : #1665380027180 | took 0ms | statement | connection 23| url jdbc:h2:mem:ad3a9e80-f26d-4a3e-9691-17f803db5723
insert into picture (spot_id, url, picture_id) values (?, ?, ?)
insert into picture (spot_id, url, picture_id) values (NULL, 'java.io.StringReader@166e834d', 1506);
2022-10-10 14:33:47.180  INFO 4460 --- [    Test worker] p6spy                                    : #1665380027180 | took 0ms | statement | connection 23| url jdbc:h2:mem:ad3a9e80-f26d-4a3e-9691-17f803db5723
insert into picture (spot_id, url, picture_id) values (?, ?, ?)
insert into picture (spot_id, url, picture_id) values (NULL, 'java.io.StringReader@74e48fa3', 1507);
2022-10-10 14:33:47.180  INFO 4460 --- [    Test worker] p6spy                                    : #1665380027180 | took 0ms | statement | connection 23| url jdbc:h2:mem:ad3a9e80-f26d-4a3e-9691-17f803db5723
insert into spot (address, description, location, name, score_id, spot_id) values (?, ?, ?, ?, ?, ?)
insert into spot (address, description, location, name, score_id, spot_id) values (NULL, NULL, 'Andeok_myeon', NULL, 363, 429);
2022-10-10 14:33:47.180  INFO 4460 --- [    Test worker] p6spy                                    : #1665380027180 | took 0ms | statement | connection 23| url jdbc:h2:mem:ad3a9e80-f26d-4a3e-9691-17f803db5723
insert into member_spot (member_id, score, spot_id, member_spot_id) values (?, ?, ?, ?)
insert into member_spot (member_id, score, spot_id, member_spot_id) values (14, 0.0, 429, 1508);
2022-10-10 14:33:47.180  INFO 4460 --- [    Test worker] p6spy                                    : #1665380027180 | took 0ms | statement | connection 23| url jdbc:h2:mem:ad3a9e80-f26d-4a3e-9691-17f803db5723
insert into review (content, spot_id, review_id) values (?, ?, ?)
insert into review (content, spot_id, review_id) values ('java.io.StringReader@46273c1f', 369, 365);
2022-10-10 14:33:47.180  INFO 4460 --- [    Test worker] p6spy                                    : #1665380027180 | took 0ms | statement | connection 23| url jdbc:h2:mem:ad3a9e80-f26d-4a3e-9691-17f803db5723
insert into favorite_spot (count, favorite_id, spot_id, favorite_spot_id) values (?, ?, ?, ?)
insert into favorite_spot (count, favorite_id, spot_id, favorite_spot_id) values (0, 37, 429, 351);
2022-10-10 14:33:47.180  INFO 4460 --- [    Test worker] p6spy                                    : #1665380027180 | took 0ms | statement | connection 23| url jdbc:h2:mem:ad3a9e80-f26d-4a3e-9691-17f803db5723
insert into score (facility_rank, facility_score, price_rank, price_score, rank_average, surround_rank, surround_score, view_rank, view_score, score_id) values (?, ?, ?, ?, ?, ?, ?, ?, ?, ?)
insert into score (facility_rank, facility_score, price_rank, price_score, rank_average, surround_rank, surround_score, view_rank, view_score, score_id) values (3.319217180713614, 5.384417894961048, 4.951797286520794, 6.176593900639845, 3.2229577138924537, 9.338591734035104, 4.2457624309377575, 6.964296319525377, 6.876770888042788, 364);
2022-10-10 14:33:47.180  INFO 4460 --- [    Test worker] p6spy                                    : #1665380027180 | took 0ms | statement | connection 23| url jdbc:h2:mem:ad3a9e80-f26d-4a3e-9691-17f803db5723
insert into picture (spot_id, url, picture_id) values (?, ?, ?)
insert into picture (spot_id, url, picture_id) values (NULL, 'java.io.StringReader@17672d33', 1509);
2022-10-10 14:33:47.181  INFO 4460 --- [    Test worker] p6spy                                    : #1665380027180 | took 0ms | statement | connection 23| url jdbc:h2:mem:ad3a9e80-f26d-4a3e-9691-17f803db5723
insert into picture (spot_id, url, picture_id) values (?, ?, ?)
insert into picture (spot_id, url, picture_id) values (NULL, 'java.io.StringReader@a419bf5', 1510);
2022-10-10 14:33:47.181  INFO 4460 --- [    Test worker] p6spy                                    : #1665380027181 | took 0ms | statement | connection 23| url jdbc:h2:mem:ad3a9e80-f26d-4a3e-9691-17f803db5723
insert into picture (spot_id, url, picture_id) values (?, ?, ?)
insert into picture (spot_id, url, picture_id) values (NULL, 'java.io.StringReader@2ac140be', 1511);
2022-10-10 14:33:47.181  INFO 4460 --- [    Test worker] p6spy                                    : #1665380027181 | took 0ms | statement | connection 23| url jdbc:h2:mem:ad3a9e80-f26d-4a3e-9691-17f803db5723
insert into spot (address, description, location, name, score_id, spot_id) values (?, ?, ?, ?, ?, ?)
insert into spot (address, description, location, name, score_id, spot_id) values (NULL, NULL, 'Andeok_myeon', NULL, 364, 430);
2022-10-10 14:33:47.181  INFO 4460 --- [    Test worker] p6spy                                    : #1665380027181 | took 0ms | statement | connection 23| url jdbc:h2:mem:ad3a9e80-f26d-4a3e-9691-17f803db5723
insert into member_spot (member_id, score, spot_id, member_spot_id) values (?, ?, ?, ?)
insert into member_spot (member_id, score, spot_id, member_spot_id) values (14, 0.0, 430, 1512);
2022-10-10 14:33:47.181  INFO 4460 --- [    Test worker] p6spy                                    : #1665380027181 | took 0ms | statement | connection 23| url jdbc:h2:mem:ad3a9e80-f26d-4a3e-9691-17f803db5723
insert into review (content, spot_id, review_id) values (?, ?, ?)
insert into review (content, spot_id, review_id) values ('java.io.StringReader@22173fe8', 369, 366);
2022-10-10 14:33:47.181  INFO 4460 --- [    Test worker] p6spy                                    : #1665380027181 | took 0ms | statement | connection 23| url jdbc:h2:mem:ad3a9e80-f26d-4a3e-9691-17f803db5723
insert into score (facility_rank, facility_score, price_rank, price_score, rank_average, surround_rank, surround_score, view_rank, view_score, score_id) values (?, ?, ?, ?, ?, ?, ?, ?, ?, ?)
insert into score (facility_rank, facility_score, price_rank, price_score, rank_average, surround_rank, surround_score, view_rank, view_score, score_id) values (1.5812170021971306, 7.378686021828402, 6.113936537791394, 3.5088513525947262, 1.927867894144445, 2.464152023644204, 3.32576583604041, 3.7646916259947516, 6.287935751300192, 365);
2022-10-10 14:33:47.181  INFO 4460 --- [    Test worker] p6spy                                    : #1665380027181 | took 0ms | statement | connection 23| url jdbc:h2:mem:ad3a9e80-f26d-4a3e-9691-17f803db5723
insert into picture (spot_id, url, picture_id) values (?, ?, ?)
insert into picture (spot_id, url, picture_id) values (NULL, 'java.io.StringReader@65f2743a', 1513);
2022-10-10 14:33:47.181  INFO 4460 --- [    Test worker] p6spy                                    : #1665380027181 | took 0ms | statement | connection 23| url jdbc:h2:mem:ad3a9e80-f26d-4a3e-9691-17f803db5723
insert into picture (spot_id, url, picture_id) values (?, ?, ?)
insert into picture (spot_id, url, picture_id) values (NULL, 'java.io.StringReader@4dba554a', 1514);
2022-10-10 14:33:47.181  INFO 4460 --- [    Test worker] p6spy                                    : #1665380027181 | took 0ms | statement | connection 23| url jdbc:h2:mem:ad3a9e80-f26d-4a3e-9691-17f803db5723
insert into picture (spot_id, url, picture_id) values (?, ?, ?)
insert into picture (spot_id, url, picture_id) values (NULL, 'java.io.StringReader@5cc447cd', 1515);
2022-10-10 14:33:47.181  INFO 4460 --- [    Test worker] p6spy                                    : #1665380027181 | took 0ms | statement | connection 23| url jdbc:h2:mem:ad3a9e80-f26d-4a3e-9691-17f803db5723
insert into spot (address, description, location, name, score_id, spot_id) values (?, ?, ?, ?, ?, ?)
insert into spot (address, description, location, name, score_id, spot_id) values (NULL, NULL, 'Andeok_myeon', NULL, 365, 431);
2022-10-10 14:33:47.181  INFO 4460 --- [    Test worker] p6spy                                    : #1665380027181 | took 0ms | statement | connection 23| url jdbc:h2:mem:ad3a9e80-f26d-4a3e-9691-17f803db5723
insert into member_spot (member_id, score, spot_id, member_spot_id) values (?, ?, ?, ?)
insert into member_spot (member_id, score, spot_id, member_spot_id) values (14, 0.0, 431, 1516);
2022-10-10 14:33:47.181  INFO 4460 --- [    Test worker] p6spy                                    : #1665380027181 | took 0ms | statement | connection 23| url jdbc:h2:mem:ad3a9e80-f26d-4a3e-9691-17f803db5723
insert into review (content, spot_id, review_id) values (?, ?, ?)
insert into review (content, spot_id, review_id) values ('java.io.StringReader@330b9606', 369, 367);
2022-10-10 14:33:47.181  INFO 4460 --- [    Test worker] p6spy                                    : #1665380027181 | took 0ms | statement | connection 23| url jdbc:h2:mem:ad3a9e80-f26d-4a3e-9691-17f803db5723
insert into favorite_spot (count, favorite_id, spot_id, favorite_spot_id) values (?, ?, ?, ?)
insert into favorite_spot (count, favorite_id, spot_id, favorite_spot_id) values (0, 37, 431, 352);
2022-10-10 14:33:47.181  INFO 4460 --- [    Test worker] p6spy                                    : #1665380027181 | took 0ms | statement | connection 23| url jdbc:h2:mem:ad3a9e80-f26d-4a3e-9691-17f803db5723
insert into score (facility_rank, facility_score, price_rank, price_score, rank_average, surround_rank, surround_score, view_rank, view_score, score_id) values (?, ?, ?, ?, ?, ?, ?, ?, ?, ?)
insert into score (facility_rank, facility_score, price_rank, price_score, rank_average, surround_rank, surround_score, view_rank, view_score, score_id) values (7.769139876172963, 9.668665174622168, 6.105128249857968, 5.666117611496158, 1.4453976358409804, 0.5907199838642707, 7.273709140712347, 4.871286785965625, 9.856225603295488, 366);
2022-10-10 14:33:47.181  INFO 4460 --- [    Test worker] p6spy                                    : #1665380027181 | took 0ms | statement | connection 23| url jdbc:h2:mem:ad3a9e80-f26d-4a3e-9691-17f803db5723
insert into picture (spot_id, url, picture_id) values (?, ?, ?)
insert into picture (spot_id, url, picture_id) values (NULL, 'java.io.StringReader@7858257', 1517);
2022-10-10 14:33:47.181  INFO 4460 --- [    Test worker] p6spy                                    : #1665380027181 | took 0ms | statement | connection 23| url jdbc:h2:mem:ad3a9e80-f26d-4a3e-9691-17f803db5723
insert into picture (spot_id, url, picture_id) values (?, ?, ?)
insert into picture (spot_id, url, picture_id) values (NULL, 'java.io.StringReader@503d5f4f', 1518);
2022-10-10 14:33:47.181  INFO 4460 --- [    Test worker] p6spy                                    : #1665380027181 | took 0ms | statement | connection 23| url jdbc:h2:mem:ad3a9e80-f26d-4a3e-9691-17f803db5723
insert into picture (spot_id, url, picture_id) values (?, ?, ?)
insert into picture (spot_id, url, picture_id) values (NULL, 'java.io.StringReader@55e53558', 1519);
2022-10-10 14:33:47.181  INFO 4460 --- [    Test worker] p6spy                                    : #1665380027181 | took 0ms | statement | connection 23| url jdbc:h2:mem:ad3a9e80-f26d-4a3e-9691-17f803db5723
insert into spot (address, description, location, name, score_id, spot_id) values (?, ?, ?, ?, ?, ?)
insert into spot (address, description, location, name, score_id, spot_id) values (NULL, NULL, 'Andeok_myeon', NULL, 366, 432);
2022-10-10 14:33:47.181  INFO 4460 --- [    Test worker] p6spy                                    : #1665380027181 | took 0ms | statement | connection 23| url jdbc:h2:mem:ad3a9e80-f26d-4a3e-9691-17f803db5723
insert into member_spot (member_id, score, spot_id, member_spot_id) values (?, ?, ?, ?)
insert into member_spot (member_id, score, spot_id, member_spot_id) values (14, 0.0, 432, 1520);
2022-10-10 14:33:47.181  INFO 4460 --- [    Test worker] p6spy                                    : #1665380027181 | took 0ms | statement | connection 23| url jdbc:h2:mem:ad3a9e80-f26d-4a3e-9691-17f803db5723
insert into review (content, spot_id, review_id) values (?, ?, ?)
insert into review (content, spot_id, review_id) values ('java.io.StringReader@437fe1ce', 369, 368);
2022-10-10 14:33:47.181  INFO 4460 --- [    Test worker] p6spy                                    : #1665380027181 | took 0ms | statement | connection 23| url jdbc:h2:mem:ad3a9e80-f26d-4a3e-9691-17f803db5723
insert into score (facility_rank, facility_score, price_rank, price_score, rank_average, surround_rank, surround_score, view_rank, view_score, score_id) values (?, ?, ?, ?, ?, ?, ?, ?, ?, ?)
insert into score (facility_rank, facility_score, price_rank, price_score, rank_average, surround_rank, surround_score, view_rank, view_score, score_id) values (4.5233444296432275, 7.224569018114203, 1.6044003193745904, 8.684261078141283, 1.258983055939683, 5.169081008681486, 7.632316471067709, 4.007180316779321, 2.7730194929258634, 367);
2022-10-10 14:33:47.181  INFO 4460 --- [    Test worker] p6spy                                    : #1665380027181 | took 0ms | statement | connection 23| url jdbc:h2:mem:ad3a9e80-f26d-4a3e-9691-17f803db5723
insert into picture (spot_id, url, picture_id) values (?, ?, ?)
insert into picture (spot_id, url, picture_id) values (NULL, 'java.io.StringReader@2ec63c62', 1521);
2022-10-10 14:33:47.181  INFO 4460 --- [    Test worker] p6spy                                    : #1665380027181 | took 0ms | statement | connection 23| url jdbc:h2:mem:ad3a9e80-f26d-4a3e-9691-17f803db5723
insert into picture (spot_id, url, picture_id) values (?, ?, ?)
insert into picture (spot_id, url, picture_id) values (NULL, 'java.io.StringReader@5668f98', 1522);
2022-10-10 14:33:47.181  INFO 4460 --- [    Test worker] p6spy                                    : #1665380027181 | took 0ms | statement | connection 23| url jdbc:h2:mem:ad3a9e80-f26d-4a3e-9691-17f803db5723
insert into picture (spot_id, url, picture_id) values (?, ?, ?)
insert into picture (spot_id, url, picture_id) values (NULL, 'java.io.StringReader@135b68a7', 1523);
2022-10-10 14:33:47.181  INFO 4460 --- [    Test worker] p6spy                                    : #1665380027181 | took 0ms | statement | connection 23| url jdbc:h2:mem:ad3a9e80-f26d-4a3e-9691-17f803db5723
insert into spot (address, description, location, name, score_id, spot_id) values (?, ?, ?, ?, ?, ?)
insert into spot (address, description, location, name, score_id, spot_id) values (NULL, NULL, 'Andeok_myeon', NULL, 367, 433);
2022-10-10 14:33:47.181  INFO 4460 --- [    Test worker] p6spy                                    : #1665380027181 | took 0ms | statement | connection 23| url jdbc:h2:mem:ad3a9e80-f26d-4a3e-9691-17f803db5723
insert into member_spot (member_id, score, spot_id, member_spot_id) values (?, ?, ?, ?)
insert into member_spot (member_id, score, spot_id, member_spot_id) values (14, 0.0, 433, 1524);
2022-10-10 14:33:47.181  INFO 4460 --- [    Test worker] p6spy                                    : #1665380027181 | took 0ms | statement | connection 23| url jdbc:h2:mem:ad3a9e80-f26d-4a3e-9691-17f803db5723
insert into review (content, spot_id, review_id) values (?, ?, ?)
insert into review (content, spot_id, review_id) values ('java.io.StringReader@796a795a', 369, 369);
2022-10-10 14:33:47.181  INFO 4460 --- [    Test worker] p6spy                                    : #1665380027181 | took 0ms | statement | connection 23| url jdbc:h2:mem:ad3a9e80-f26d-4a3e-9691-17f803db5723
insert into favorite_spot (count, favorite_id, spot_id, favorite_spot_id) values (?, ?, ?, ?)
insert into favorite_spot (count, favorite_id, spot_id, favorite_spot_id) values (0, 37, 433, 353);
2022-10-10 14:33:47.181  INFO 4460 --- [    Test worker] p6spy                                    : #1665380027181 | took 0ms | statement | connection 23| url jdbc:h2:mem:ad3a9e80-f26d-4a3e-9691-17f803db5723
insert into score (facility_rank, facility_score, price_rank, price_score, rank_average, surround_rank, surround_score, view_rank, view_score, score_id) values (?, ?, ?, ?, ?, ?, ?, ?, ?, ?)
insert into score (facility_rank, facility_score, price_rank, price_score, rank_average, surround_rank, surround_score, view_rank, view_score, score_id) values (7.592139024585679, 8.432110807697363, 4.423683936010337, 1.6835781124642257, 2.67207725470743, 2.0841288982521258, 6.970442987589766, 7.321640667511758, 7.02433705460367, 368);
2022-10-10 14:33:47.181  INFO 4460 --- [    Test worker] p6spy                                    : #1665380027181 | took 0ms | statement | connection 23| url jdbc:h2:mem:ad3a9e80-f26d-4a3e-9691-17f803db5723
insert into picture (spot_id, url, picture_id) values (?, ?, ?)
insert into picture (spot_id, url, picture_id) values (NULL, 'java.io.StringReader@4f4b62c0', 1525);
2022-10-10 14:33:47.181  INFO 4460 --- [    Test worker] p6spy                                    : #1665380027181 | took 0ms | statement | connection 23| url jdbc:h2:mem:ad3a9e80-f26d-4a3e-9691-17f803db5723
insert into picture (spot_id, url, picture_id) values (?, ?, ?)
insert into picture (spot_id, url, picture_id) values (NULL, 'java.io.StringReader@78fee50c', 1526);
2022-10-10 14:33:47.181  INFO 4460 --- [    Test worker] p6spy                                    : #1665380027181 | took 0ms | statement | connection 23| url jdbc:h2:mem:ad3a9e80-f26d-4a3e-9691-17f803db5723
insert into picture (spot_id, url, picture_id) values (?, ?, ?)
insert into picture (spot_id, url, picture_id) values (NULL, 'java.io.StringReader@4d71530a', 1527);
2022-10-10 14:33:47.181  INFO 4460 --- [    Test worker] p6spy                                    : #1665380027181 | took 0ms | statement | connection 23| url jdbc:h2:mem:ad3a9e80-f26d-4a3e-9691-17f803db5723
insert into spot (address, description, location, name, score_id, spot_id) values (?, ?, ?, ?, ?, ?)
insert into spot (address, description, location, name, score_id, spot_id) values (NULL, NULL, 'Andeok_myeon', NULL, 368, 434);
2022-10-10 14:33:47.181  INFO 4460 --- [    Test worker] p6spy                                    : #1665380027181 | took 0ms | statement | connection 23| url jdbc:h2:mem:ad3a9e80-f26d-4a3e-9691-17f803db5723
insert into member_spot (member_id, score, spot_id, member_spot_id) values (?, ?, ?, ?)
insert into member_spot (member_id, score, spot_id, member_spot_id) values (14, 0.0, 434, 1528);
2022-10-10 14:33:47.181  INFO 4460 --- [    Test worker] p6spy                                    : #1665380027181 | took 0ms | statement | connection 23| url jdbc:h2:mem:ad3a9e80-f26d-4a3e-9691-17f803db5723
insert into review (content, spot_id, review_id) values (?, ?, ?)
insert into review (content, spot_id, review_id) values ('java.io.StringReader@201d5a30', 369, 370);
2022-10-10 14:33:47.181  INFO 4460 --- [    Test worker] p6spy                                    : #1665380027181 | took 0ms | statement | connection 23| url jdbc:h2:mem:ad3a9e80-f26d-4a3e-9691-17f803db5723
insert into score (facility_rank, facility_score, price_rank, price_score, rank_average, surround_rank, surround_score, view_rank, view_score, score_id) values (?, ?, ?, ?, ?, ?, ?, ?, ?, ?)
insert into score (facility_rank, facility_score, price_rank, price_score, rank_average, surround_rank, surround_score, view_rank, view_score, score_id) values (8.967597648026299, 7.508044645863881, 8.41429145476664, 4.354383418524438, 8.824025044615228, 4.900959918129133, 5.669823773932313, 0.6536299305976689, 6.585271277429809, 369);
2022-10-10 14:33:47.182  INFO 4460 --- [    Test worker] p6spy                                    : #1665380027182 | took 0ms | statement | connection 23| url jdbc:h2:mem:ad3a9e80-f26d-4a3e-9691-17f803db5723
insert into picture (spot_id, url, picture_id) values (?, ?, ?)
insert into picture (spot_id, url, picture_id) values (NULL, 'java.io.StringReader@5ce8b520', 1529);
2022-10-10 14:33:47.182  INFO 4460 --- [    Test worker] p6spy                                    : #1665380027182 | took 0ms | statement | connection 23| url jdbc:h2:mem:ad3a9e80-f26d-4a3e-9691-17f803db5723
insert into picture (spot_id, url, picture_id) values (?, ?, ?)
insert into picture (spot_id, url, picture_id) values (NULL, 'java.io.StringReader@7ddc5ec6', 1530);
2022-10-10 14:33:47.182  INFO 4460 --- [    Test worker] p6spy                                    : #1665380027182 | took 0ms | statement | connection 23| url jdbc:h2:mem:ad3a9e80-f26d-4a3e-9691-17f803db5723
insert into picture (spot_id, url, picture_id) values (?, ?, ?)
insert into picture (spot_id, url, picture_id) values (NULL, 'java.io.StringReader@4d59ba57', 1531);
2022-10-10 14:33:47.182  INFO 4460 --- [    Test worker] p6spy                                    : #1665380027182 | took 0ms | statement | connection 23| url jdbc:h2:mem:ad3a9e80-f26d-4a3e-9691-17f803db5723
insert into spot (address, description, location, name, score_id, spot_id) values (?, ?, ?, ?, ?, ?)
insert into spot (address, description, location, name, score_id, spot_id) values (NULL, NULL, 'Andeok_myeon', NULL, 369, 435);
2022-10-10 14:33:47.182  INFO 4460 --- [    Test worker] p6spy                                    : #1665380027182 | took 0ms | statement | connection 23| url jdbc:h2:mem:ad3a9e80-f26d-4a3e-9691-17f803db5723
insert into member_spot (member_id, score, spot_id, member_spot_id) values (?, ?, ?, ?)
insert into member_spot (member_id, score, spot_id, member_spot_id) values (14, 0.0, 435, 1532);
2022-10-10 14:33:47.182  INFO 4460 --- [    Test worker] p6spy                                    : #1665380027182 | took 0ms | statement | connection 23| url jdbc:h2:mem:ad3a9e80-f26d-4a3e-9691-17f803db5723
insert into review (content, spot_id, review_id) values (?, ?, ?)
insert into review (content, spot_id, review_id) values ('java.io.StringReader@152502a3', 369, 371);
2022-10-10 14:33:47.182  INFO 4460 --- [    Test worker] p6spy                                    : #1665380027182 | took 0ms | statement | connection 23| url jdbc:h2:mem:ad3a9e80-f26d-4a3e-9691-17f803db5723
insert into favorite_spot (count, favorite_id, spot_id, favorite_spot_id) values (?, ?, ?, ?)
insert into favorite_spot (count, favorite_id, spot_id, favorite_spot_id) values (0, 37, 435, 354);
2022-10-10 14:33:47.182  INFO 4460 --- [    Test worker] p6spy                                    : #1665380027182 | took 0ms | statement | connection 23| url jdbc:h2:mem:ad3a9e80-f26d-4a3e-9691-17f803db5723
insert into score (facility_rank, facility_score, price_rank, price_score, rank_average, surround_rank, surround_score, view_rank, view_score, score_id) values (?, ?, ?, ?, ?, ?, ?, ?, ?, ?)
insert into score (facility_rank, facility_score, price_rank, price_score, rank_average, surround_rank, surround_score, view_rank, view_score, score_id) values (6.749548960221913, 9.03790147955605, 4.637919420333966, 5.2219976242589645, 6.325759977604292, 2.6349554189996196, 8.977272734050432, 9.74833066015135, 5.627293160674549, 370);
2022-10-10 14:33:47.182  INFO 4460 --- [    Test worker] p6spy                                    : #1665380027182 | took 0ms | statement | connection 23| url jdbc:h2:mem:ad3a9e80-f26d-4a3e-9691-17f803db5723
insert into picture (spot_id, url, picture_id) values (?, ?, ?)
insert into picture (spot_id, url, picture_id) values (NULL, 'java.io.StringReader@545e9f15', 1533);
2022-10-10 14:33:47.182  INFO 4460 --- [    Test worker] p6spy                                    : #1665380027182 | took 0ms | statement | connection 23| url jdbc:h2:mem:ad3a9e80-f26d-4a3e-9691-17f803db5723
insert into picture (spot_id, url, picture_id) values (?, ?, ?)
insert into picture (spot_id, url, picture_id) values (NULL, 'java.io.StringReader@5e87247', 1534);
2022-10-10 14:33:47.182  INFO 4460 --- [    Test worker] p6spy                                    : #1665380027182 | took 0ms | statement | connection 23| url jdbc:h2:mem:ad3a9e80-f26d-4a3e-9691-17f803db5723
insert into picture (spot_id, url, picture_id) values (?, ?, ?)
insert into picture (spot_id, url, picture_id) values (NULL, 'java.io.StringReader@71e70f8d', 1535);
2022-10-10 14:33:47.182  INFO 4460 --- [    Test worker] p6spy                                    : #1665380027182 | took 0ms | statement | connection 23| url jdbc:h2:mem:ad3a9e80-f26d-4a3e-9691-17f803db5723
insert into spot (address, description, location, name, score_id, spot_id) values (?, ?, ?, ?, ?, ?)
insert into spot (address, description, location, name, score_id, spot_id) values (NULL, NULL, 'Andeok_myeon', NULL, 370, 436);
2022-10-10 14:33:47.182  INFO 4460 --- [    Test worker] p6spy                                    : #1665380027182 | took 0ms | statement | connection 23| url jdbc:h2:mem:ad3a9e80-f26d-4a3e-9691-17f803db5723
insert into member_spot (member_id, score, spot_id, member_spot_id) values (?, ?, ?, ?)
insert into member_spot (member_id, score, spot_id, member_spot_id) values (14, 0.0, 436, 1536);
2022-10-10 14:33:47.182  INFO 4460 --- [    Test worker] p6spy                                    : #1665380027182 | took 0ms | statement | connection 23| url jdbc:h2:mem:ad3a9e80-f26d-4a3e-9691-17f803db5723
insert into review (content, spot_id, review_id) values (?, ?, ?)
insert into review (content, spot_id, review_id) values ('java.io.StringReader@3321734', 369, 372);
2022-10-10 14:33:47.182  INFO 4460 --- [    Test worker] p6spy                                    : #1665380027182 | took 0ms | statement | connection 23| url jdbc:h2:mem:ad3a9e80-f26d-4a3e-9691-17f803db5723
insert into score (facility_rank, facility_score, price_rank, price_score, rank_average, surround_rank, surround_score, view_rank, view_score, score_id) values (?, ?, ?, ?, ?, ?, ?, ?, ?, ?)
insert into score (facility_rank, facility_score, price_rank, price_score, rank_average, surround_rank, surround_score, view_rank, view_score, score_id) values (5.12774611538187, 4.6322947960748575, 1.537310146380011, 2.892014847470926, 0.8713549038114266, 8.224676662410054, 2.8577491020508106, 5.187926409256805, 6.823494792419648, 371);
2022-10-10 14:33:47.182  INFO 4460 --- [    Test worker] p6spy                                    : #1665380027182 | took 0ms | statement | connection 23| url jdbc:h2:mem:ad3a9e80-f26d-4a3e-9691-17f803db5723
insert into picture (spot_id, url, picture_id) values (?, ?, ?)
insert into picture (spot_id, url, picture_id) values (NULL, 'java.io.StringReader@75888cb', 1537);
2022-10-10 14:33:47.182  INFO 4460 --- [    Test worker] p6spy                                    : #1665380027182 | took 0ms | statement | connection 23| url jdbc:h2:mem:ad3a9e80-f26d-4a3e-9691-17f803db5723
insert into picture (spot_id, url, picture_id) values (?, ?, ?)
insert into picture (spot_id, url, picture_id) values (NULL, 'java.io.StringReader@1b4d1b22', 1538);
2022-10-10 14:33:47.182  INFO 4460 --- [    Test worker] p6spy                                    : #1665380027182 | took 0ms | statement | connection 23| url jdbc:h2:mem:ad3a9e80-f26d-4a3e-9691-17f803db5723
insert into picture (spot_id, url, picture_id) values (?, ?, ?)
insert into picture (spot_id, url, picture_id) values (NULL, 'java.io.StringReader@7cfcf90d', 1539);
2022-10-10 14:33:47.182  INFO 4460 --- [    Test worker] p6spy                                    : #1665380027182 | took 0ms | statement | connection 23| url jdbc:h2:mem:ad3a9e80-f26d-4a3e-9691-17f803db5723
insert into spot (address, description, location, name, score_id, spot_id) values (?, ?, ?, ?, ?, ?)
insert into spot (address, description, location, name, score_id, spot_id) values (NULL, NULL, 'Andeok_myeon', NULL, 371, 437);
2022-10-10 14:33:47.182  INFO 4460 --- [    Test worker] p6spy                                    : #1665380027182 | took 0ms | statement | connection 23| url jdbc:h2:mem:ad3a9e80-f26d-4a3e-9691-17f803db5723
insert into member_spot (member_id, score, spot_id, member_spot_id) values (?, ?, ?, ?)
insert into member_spot (member_id, score, spot_id, member_spot_id) values (14, 0.0, 437, 1540);
2022-10-10 14:33:47.182  INFO 4460 --- [    Test worker] p6spy                                    : #1665380027182 | took 0ms | statement | connection 23| url jdbc:h2:mem:ad3a9e80-f26d-4a3e-9691-17f803db5723
insert into review (content, spot_id, review_id) values (?, ?, ?)
insert into review (content, spot_id, review_id) values ('java.io.StringReader@17487672', 369, 373);
2022-10-10 14:33:47.182  INFO 4460 --- [    Test worker] p6spy                                    : #1665380027182 | took 0ms | statement | connection 23| url jdbc:h2:mem:ad3a9e80-f26d-4a3e-9691-17f803db5723
insert into favorite_spot (count, favorite_id, spot_id, favorite_spot_id) values (?, ?, ?, ?)
insert into favorite_spot (count, favorite_id, spot_id, favorite_spot_id) values (0, 37, 437, 355);
2022-10-10 14:33:47.182  INFO 4460 --- [    Test worker] p6spy                                    : #1665380027182 | took 0ms | statement | connection 23| url jdbc:h2:mem:ad3a9e80-f26d-4a3e-9691-17f803db5723
insert into score (facility_rank, facility_score, price_rank, price_score, rank_average, surround_rank, surround_score, view_rank, view_score, score_id) values (?, ?, ?, ?, ?, ?, ?, ?, ?, ?)
insert into score (facility_rank, facility_score, price_rank, price_score, rank_average, surround_rank, surround_score, view_rank, view_score, score_id) values (2.647320118876456, 5.973515226481801, 0.3499123801199788, 0.15680617627143567, 1.637882827132482, 5.497596004303825, 1.951511566190709, 8.524559125938984, 0.8053995559110405, 372);
2022-10-10 14:33:47.182  INFO 4460 --- [    Test worker] p6spy                                    : #1665380027182 | took 0ms | statement | connection 23| url jdbc:h2:mem:ad3a9e80-f26d-4a3e-9691-17f803db5723
insert into picture (spot_id, url, picture_id) values (?, ?, ?)
insert into picture (spot_id, url, picture_id) values (NULL, 'java.io.StringReader@4a2ab49e', 1541);
2022-10-10 14:33:47.182  INFO 4460 --- [    Test worker] p6spy                                    : #1665380027182 | took 0ms | statement | connection 23| url jdbc:h2:mem:ad3a9e80-f26d-4a3e-9691-17f803db5723
insert into picture (spot_id, url, picture_id) values (?, ?, ?)
insert into picture (spot_id, url, picture_id) values (NULL, 'java.io.StringReader@47ae4629', 1542);
2022-10-10 14:33:47.182  INFO 4460 --- [    Test worker] p6spy                                    : #1665380027182 | took 0ms | statement | connection 23| url jdbc:h2:mem:ad3a9e80-f26d-4a3e-9691-17f803db5723
insert into picture (spot_id, url, picture_id) values (?, ?, ?)
insert into picture (spot_id, url, picture_id) values (NULL, 'java.io.StringReader@5d54b96c', 1543);
2022-10-10 14:33:47.182  INFO 4460 --- [    Test worker] p6spy                                    : #1665380027182 | took 0ms | statement | connection 23| url jdbc:h2:mem:ad3a9e80-f26d-4a3e-9691-17f803db5723
insert into spot (address, description, location, name, score_id, spot_id) values (?, ?, ?, ?, ?, ?)
insert into spot (address, description, location, name, score_id, spot_id) values (NULL, NULL, 'Andeok_myeon', NULL, 372, 438);
2022-10-10 14:33:47.182  INFO 4460 --- [    Test worker] p6spy                                    : #1665380027182 | took 0ms | statement | connection 23| url jdbc:h2:mem:ad3a9e80-f26d-4a3e-9691-17f803db5723
insert into member_spot (member_id, score, spot_id, member_spot_id) values (?, ?, ?, ?)
insert into member_spot (member_id, score, spot_id, member_spot_id) values (14, 0.0, 438, 1544);
2022-10-10 14:33:47.183  INFO 4460 --- [    Test worker] p6spy                                    : #1665380027183 | took 0ms | statement | connection 23| url jdbc:h2:mem:ad3a9e80-f26d-4a3e-9691-17f803db5723
insert into review (content, spot_id, review_id) values (?, ?, ?)
insert into review (content, spot_id, review_id) values ('java.io.StringReader@4a74933f', 369, 374);
2022-10-10 14:33:47.183  INFO 4460 --- [    Test worker] p6spy                                    : #1665380027183 | took 0ms | statement | connection 23| url jdbc:h2:mem:ad3a9e80-f26d-4a3e-9691-17f803db5723
insert into score (facility_rank, facility_score, price_rank, price_score, rank_average, surround_rank, surround_score, view_rank, view_score, score_id) values (?, ?, ?, ?, ?, ?, ?, ?, ?, ?)
insert into score (facility_rank, facility_score, price_rank, price_score, rank_average, surround_rank, surround_score, view_rank, view_score, score_id) values (8.525909771301713, 6.678602631191439, 5.44198470265021, 4.8224549435616595, 0.15546868088722632, 5.454682707037053, 2.9276913201388144, 5.601029170229022, 8.947782240444695, 373);
2022-10-10 14:33:47.183  INFO 4460 --- [    Test worker] p6spy                                    : #1665380027183 | took 0ms | statement | connection 23| url jdbc:h2:mem:ad3a9e80-f26d-4a3e-9691-17f803db5723
insert into picture (spot_id, url, picture_id) values (?, ?, ?)
insert into picture (spot_id, url, picture_id) values (NULL, 'java.io.StringReader@36e1b827', 1545);
2022-10-10 14:33:47.183  INFO 4460 --- [    Test worker] p6spy                                    : #1665380027183 | took 0ms | statement | connection 23| url jdbc:h2:mem:ad3a9e80-f26d-4a3e-9691-17f803db5723
insert into picture (spot_id, url, picture_id) values (?, ?, ?)
insert into picture (spot_id, url, picture_id) values (NULL, 'java.io.StringReader@203cc120', 1546);
2022-10-10 14:33:47.183  INFO 4460 --- [    Test worker] p6spy                                    : #1665380027183 | took 0ms | statement | connection 23| url jdbc:h2:mem:ad3a9e80-f26d-4a3e-9691-17f803db5723
insert into picture (spot_id, url, picture_id) values (?, ?, ?)
insert into picture (spot_id, url, picture_id) values (NULL, 'java.io.StringReader@69f320de', 1547);
2022-10-10 14:33:47.183  INFO 4460 --- [    Test worker] p6spy                                    : #1665380027183 | took 0ms | statement | connection 23| url jdbc:h2:mem:ad3a9e80-f26d-4a3e-9691-17f803db5723
insert into spot (address, description, location, name, score_id, spot_id) values (?, ?, ?, ?, ?, ?)
insert into spot (address, description, location, name, score_id, spot_id) values (NULL, NULL, 'Andeok_myeon', NULL, 373, 439);
2022-10-10 14:33:47.183  INFO 4460 --- [    Test worker] p6spy                                    : #1665380027183 | took 0ms | statement | connection 23| url jdbc:h2:mem:ad3a9e80-f26d-4a3e-9691-17f803db5723
insert into member_spot (member_id, score, spot_id, member_spot_id) values (?, ?, ?, ?)
insert into member_spot (member_id, score, spot_id, member_spot_id) values (14, 0.0, 439, 1548);
2022-10-10 14:33:47.183  INFO 4460 --- [    Test worker] p6spy                                    : #1665380027183 | took 0ms | statement | connection 23| url jdbc:h2:mem:ad3a9e80-f26d-4a3e-9691-17f803db5723
insert into review (content, spot_id, review_id) values (?, ?, ?)
insert into review (content, spot_id, review_id) values ('java.io.StringReader@23d06658', 369, 375);
2022-10-10 14:33:47.183  INFO 4460 --- [    Test worker] p6spy                                    : #1665380027183 | took 0ms | statement | connection 23| url jdbc:h2:mem:ad3a9e80-f26d-4a3e-9691-17f803db5723
insert into favorite_spot (count, favorite_id, spot_id, favorite_spot_id) values (?, ?, ?, ?)
insert into favorite_spot (count, favorite_id, spot_id, favorite_spot_id) values (0, 37, 439, 356);
2022-10-10 14:33:47.183  INFO 4460 --- [    Test worker] p6spy                                    : #1665380027183 | took 0ms | statement | connection 23| url jdbc:h2:mem:ad3a9e80-f26d-4a3e-9691-17f803db5723
insert into score (facility_rank, facility_score, price_rank, price_score, rank_average, surround_rank, surround_score, view_rank, view_score, score_id) values (?, ?, ?, ?, ?, ?, ?, ?, ?, ?)
insert into score (facility_rank, facility_score, price_rank, price_score, rank_average, surround_rank, surround_score, view_rank, view_score, score_id) values (7.8369224902089485, 5.647336457395042, 7.505894594916508, 6.089932583972376, 3.5674420873499955, 1.2673593065425692, 5.406191752634005, 9.664750243527306, 1.2220719427009086, 374);
2022-10-10 14:33:47.183  INFO 4460 --- [    Test worker] p6spy                                    : #1665380027183 | took 0ms | statement | connection 23| url jdbc:h2:mem:ad3a9e80-f26d-4a3e-9691-17f803db5723
insert into picture (spot_id, url, picture_id) values (?, ?, ?)
insert into picture (spot_id, url, picture_id) values (NULL, 'java.io.StringReader@72b79b29', 1549);
2022-10-10 14:33:47.183  INFO 4460 --- [    Test worker] p6spy                                    : #1665380027183 | took 0ms | statement | connection 23| url jdbc:h2:mem:ad3a9e80-f26d-4a3e-9691-17f803db5723
insert into picture (spot_id, url, picture_id) values (?, ?, ?)
insert into picture (spot_id, url, picture_id) values (NULL, 'java.io.StringReader@4411aea2', 1550);
2022-10-10 14:33:47.183  INFO 4460 --- [    Test worker] p6spy                                    : #1665380027183 | took 0ms | statement | connection 23| url jdbc:h2:mem:ad3a9e80-f26d-4a3e-9691-17f803db5723
insert into picture (spot_id, url, picture_id) values (?, ?, ?)
insert into picture (spot_id, url, picture_id) values (NULL, 'java.io.StringReader@5a04508', 1551);
2022-10-10 14:33:47.183  INFO 4460 --- [    Test worker] p6spy                                    : #1665380027183 | took 0ms | statement | connection 23| url jdbc:h2:mem:ad3a9e80-f26d-4a3e-9691-17f803db5723
insert into spot (address, description, location, name, score_id, spot_id) values (?, ?, ?, ?, ?, ?)
insert into spot (address, description, location, name, score_id, spot_id) values (NULL, NULL, 'Andeok_myeon', NULL, 374, 440);
2022-10-10 14:33:47.183  INFO 4460 --- [    Test worker] p6spy                                    : #1665380027183 | took 0ms | statement | connection 23| url jdbc:h2:mem:ad3a9e80-f26d-4a3e-9691-17f803db5723
insert into member_spot (member_id, score, spot_id, member_spot_id) values (?, ?, ?, ?)
insert into member_spot (member_id, score, spot_id, member_spot_id) values (14, 0.0, 440, 1552);
2022-10-10 14:33:47.183  INFO 4460 --- [    Test worker] p6spy                                    : #1665380027183 | took 0ms | statement | connection 23| url jdbc:h2:mem:ad3a9e80-f26d-4a3e-9691-17f803db5723
insert into review (content, spot_id, review_id) values (?, ?, ?)
insert into review (content, spot_id, review_id) values ('java.io.StringReader@2593a9a4', 369, 376);
2022-10-10 14:33:47.183  INFO 4460 --- [    Test worker] p6spy                                    : #1665380027183 | took 0ms | statement | connection 23| url jdbc:h2:mem:ad3a9e80-f26d-4a3e-9691-17f803db5723
insert into score (facility_rank, facility_score, price_rank, price_score, rank_average, surround_rank, surround_score, view_rank, view_score, score_id) values (?, ?, ?, ?, ?, ?, ?, ?, ?, ?)
insert into score (facility_rank, facility_score, price_rank, price_score, rank_average, surround_rank, surround_score, view_rank, view_score, score_id) values (4.563184293781593, 3.652116961143541, 1.5676625882577466, 9.577454477631326, 7.2558457708278095, 1.7605503830882763, 5.176677845948651, 4.359748221615457, 1.469763405508202, 375);
2022-10-10 14:33:47.183  INFO 4460 --- [    Test worker] p6spy                                    : #1665380027183 | took 0ms | statement | connection 23| url jdbc:h2:mem:ad3a9e80-f26d-4a3e-9691-17f803db5723
insert into picture (spot_id, url, picture_id) values (?, ?, ?)
insert into picture (spot_id, url, picture_id) values (NULL, 'java.io.StringReader@2a7fa6a6', 1553);
2022-10-10 14:33:47.183  INFO 4460 --- [    Test worker] p6spy                                    : #1665380027183 | took 0ms | statement | connection 23| url jdbc:h2:mem:ad3a9e80-f26d-4a3e-9691-17f803db5723
insert into picture (spot_id, url, picture_id) values (?, ?, ?)
insert into picture (spot_id, url, picture_id) values (NULL, 'java.io.StringReader@351492b8', 1554);
2022-10-10 14:33:47.183  INFO 4460 --- [    Test worker] p6spy                                    : #1665380027183 | took 0ms | statement | connection 23| url jdbc:h2:mem:ad3a9e80-f26d-4a3e-9691-17f803db5723
insert into picture (spot_id, url, picture_id) values (?, ?, ?)
insert into picture (spot_id, url, picture_id) values (NULL, 'java.io.StringReader@23a6b5c3', 1555);
2022-10-10 14:33:47.183  INFO 4460 --- [    Test worker] p6spy                                    : #1665380027183 | took 0ms | statement | connection 23| url jdbc:h2:mem:ad3a9e80-f26d-4a3e-9691-17f803db5723
insert into spot (address, description, location, name, score_id, spot_id) values (?, ?, ?, ?, ?, ?)
insert into spot (address, description, location, name, score_id, spot_id) values (NULL, NULL, 'Andeok_myeon', NULL, 375, 441);
2022-10-10 14:33:47.183  INFO 4460 --- [    Test worker] p6spy                                    : #1665380027183 | took 0ms | statement | connection 23| url jdbc:h2:mem:ad3a9e80-f26d-4a3e-9691-17f803db5723
insert into member_spot (member_id, score, spot_id, member_spot_id) values (?, ?, ?, ?)
insert into member_spot (member_id, score, spot_id, member_spot_id) values (14, 0.0, 441, 1556);
2022-10-10 14:33:47.183  INFO 4460 --- [    Test worker] p6spy                                    : #1665380027183 | took 0ms | statement | connection 23| url jdbc:h2:mem:ad3a9e80-f26d-4a3e-9691-17f803db5723
insert into review (content, spot_id, review_id) values (?, ?, ?)
insert into review (content, spot_id, review_id) values ('java.io.StringReader@2e2fdb8c', 369, 377);
2022-10-10 14:33:47.183  INFO 4460 --- [    Test worker] p6spy                                    : #1665380027183 | took 0ms | statement | connection 23| url jdbc:h2:mem:ad3a9e80-f26d-4a3e-9691-17f803db5723
insert into favorite_spot (count, favorite_id, spot_id, favorite_spot_id) values (?, ?, ?, ?)
insert into favorite_spot (count, favorite_id, spot_id, favorite_spot_id) values (0, 37, 441, 357);
2022-10-10 14:33:47.183  INFO 4460 --- [    Test worker] p6spy                                    : #1665380027183 | took 0ms | statement | connection 23| url jdbc:h2:mem:ad3a9e80-f26d-4a3e-9691-17f803db5723
insert into score (facility_rank, facility_score, price_rank, price_score, rank_average, surround_rank, surround_score, view_rank, view_score, score_id) values (?, ?, ?, ?, ?, ?, ?, ?, ?, ?)
insert into score (facility_rank, facility_score, price_rank, price_score, rank_average, surround_rank, surround_score, view_rank, view_score, score_id) values (0.10495343656973244, 9.798252502207175, 8.916947499658178, 2.776325130551892, 0.8158014656787382, 5.5282586537282254, 6.068996349954194, 5.485459456123312, 2.6861218945598733, 376);
2022-10-10 14:33:47.183  INFO 4460 --- [    Test worker] p6spy                                    : #1665380027183 | took 0ms | statement | connection 23| url jdbc:h2:mem:ad3a9e80-f26d-4a3e-9691-17f803db5723
insert into picture (spot_id, url, picture_id) values (?, ?, ?)
insert into picture (spot_id, url, picture_id) values (NULL, 'java.io.StringReader@3f350e2b', 1557);
2022-10-10 14:33:47.183  INFO 4460 --- [    Test worker] p6spy                                    : #1665380027183 | took 0ms | statement | connection 23| url jdbc:h2:mem:ad3a9e80-f26d-4a3e-9691-17f803db5723
insert into picture (spot_id, url, picture_id) values (?, ?, ?)
insert into picture (spot_id, url, picture_id) values (NULL, 'java.io.StringReader@18548b0a', 1558);
2022-10-10 14:33:47.183  INFO 4460 --- [    Test worker] p6spy                                    : #1665380027183 | took 0ms | statement | connection 23| url jdbc:h2:mem:ad3a9e80-f26d-4a3e-9691-17f803db5723
insert into picture (spot_id, url, picture_id) values (?, ?, ?)
insert into picture (spot_id, url, picture_id) values (NULL, 'java.io.StringReader@65ff5c15', 1559);
2022-10-10 14:33:47.183  INFO 4460 --- [    Test worker] p6spy                                    : #1665380027183 | took 0ms | statement | connection 23| url jdbc:h2:mem:ad3a9e80-f26d-4a3e-9691-17f803db5723
insert into spot (address, description, location, name, score_id, spot_id) values (?, ?, ?, ?, ?, ?)
insert into spot (address, description, location, name, score_id, spot_id) values (NULL, NULL, 'Andeok_myeon', NULL, 376, 442);
2022-10-10 14:33:47.183  INFO 4460 --- [    Test worker] p6spy                                    : #1665380027183 | took 0ms | statement | connection 23| url jdbc:h2:mem:ad3a9e80-f26d-4a3e-9691-17f803db5723
insert into member_spot (member_id, score, spot_id, member_spot_id) values (?, ?, ?, ?)
insert into member_spot (member_id, score, spot_id, member_spot_id) values (14, 0.0, 442, 1560);
2022-10-10 14:33:47.184  INFO 4460 --- [    Test worker] p6spy                                    : #1665380027184 | took 0ms | statement | connection 23| url jdbc:h2:mem:ad3a9e80-f26d-4a3e-9691-17f803db5723
insert into review (content, spot_id, review_id) values (?, ?, ?)
insert into review (content, spot_id, review_id) values ('java.io.StringReader@5d2db50c', 369, 378);
2022-10-10 14:33:47.184  INFO 4460 --- [    Test worker] p6spy                                    : #1665380027184 | took 0ms | statement | connection 23| url jdbc:h2:mem:ad3a9e80-f26d-4a3e-9691-17f803db5723
insert into score (facility_rank, facility_score, price_rank, price_score, rank_average, surround_rank, surround_score, view_rank, view_score, score_id) values (?, ?, ?, ?, ?, ?, ?, ?, ?, ?)
insert into score (facility_rank, facility_score, price_rank, price_score, rank_average, surround_rank, surround_score, view_rank, view_score, score_id) values (1.2176831952817346, 9.744779166540681, 0.12961723602992303, 1.3408108591862544, 4.729805212924225, 0.43457451922496504, 3.4982211776855188, 3.7037033584310675, 7.857144178024775, 377);
2022-10-10 14:33:47.184  INFO 4460 --- [    Test worker] p6spy                                    : #1665380027184 | took 0ms | statement | connection 23| url jdbc:h2:mem:ad3a9e80-f26d-4a3e-9691-17f803db5723
insert into picture (spot_id, url, picture_id) values (?, ?, ?)
insert into picture (spot_id, url, picture_id) values (NULL, 'java.io.StringReader@391cd9a9', 1561);
2022-10-10 14:33:47.184  INFO 4460 --- [    Test worker] p6spy                                    : #1665380027184 | took 0ms | statement | connection 23| url jdbc:h2:mem:ad3a9e80-f26d-4a3e-9691-17f803db5723
insert into picture (spot_id, url, picture_id) values (?, ?, ?)
insert into picture (spot_id, url, picture_id) values (NULL, 'java.io.StringReader@21c9f2a5', 1562);
2022-10-10 14:33:47.184  INFO 4460 --- [    Test worker] p6spy                                    : #1665380027184 | took 0ms | statement | connection 23| url jdbc:h2:mem:ad3a9e80-f26d-4a3e-9691-17f803db5723
insert into picture (spot_id, url, picture_id) values (?, ?, ?)
insert into picture (spot_id, url, picture_id) values (NULL, 'java.io.StringReader@43c9c679', 1563);
2022-10-10 14:33:47.184  INFO 4460 --- [    Test worker] p6spy                                    : #1665380027184 | took 0ms | statement | connection 23| url jdbc:h2:mem:ad3a9e80-f26d-4a3e-9691-17f803db5723
insert into spot (address, description, location, name, score_id, spot_id) values (?, ?, ?, ?, ?, ?)
insert into spot (address, description, location, name, score_id, spot_id) values (NULL, NULL, 'Andeok_myeon', NULL, 377, 443);
2022-10-10 14:33:47.184  INFO 4460 --- [    Test worker] p6spy                                    : #1665380027184 | took 0ms | statement | connection 23| url jdbc:h2:mem:ad3a9e80-f26d-4a3e-9691-17f803db5723
insert into member_spot (member_id, score, spot_id, member_spot_id) values (?, ?, ?, ?)
insert into member_spot (member_id, score, spot_id, member_spot_id) values (14, 0.0, 443, 1564);
2022-10-10 14:33:47.184  INFO 4460 --- [    Test worker] p6spy                                    : #1665380027184 | took 0ms | statement | connection 23| url jdbc:h2:mem:ad3a9e80-f26d-4a3e-9691-17f803db5723
insert into review (content, spot_id, review_id) values (?, ?, ?)
insert into review (content, spot_id, review_id) values ('java.io.StringReader@64945559', 369, 379);
2022-10-10 14:33:47.184  INFO 4460 --- [    Test worker] p6spy                                    : #1665380027184 | took 0ms | statement | connection 23| url jdbc:h2:mem:ad3a9e80-f26d-4a3e-9691-17f803db5723
insert into favorite_spot (count, favorite_id, spot_id, favorite_spot_id) values (?, ?, ?, ?)
insert into favorite_spot (count, favorite_id, spot_id, favorite_spot_id) values (0, 37, 443, 358);
2022-10-10 14:33:47.184  INFO 4460 --- [    Test worker] p6spy                                    : #1665380027184 | took 0ms | statement | connection 23| url jdbc:h2:mem:ad3a9e80-f26d-4a3e-9691-17f803db5723
insert into score (facility_rank, facility_score, price_rank, price_score, rank_average, surround_rank, surround_score, view_rank, view_score, score_id) values (?, ?, ?, ?, ?, ?, ?, ?, ?, ?)
insert into score (facility_rank, facility_score, price_rank, price_score, rank_average, surround_rank, surround_score, view_rank, view_score, score_id) values (8.740163965966682, 8.558166933831235, 4.594369543438605, 1.9248099129609697, 2.629631195462765, 7.396859089438712, 9.838929789074264, 0.5289936121840411, 5.870428132897555, 378);
2022-10-10 14:33:47.184  INFO 4460 --- [    Test worker] p6spy                                    : #1665380027184 | took 0ms | statement | connection 23| url jdbc:h2:mem:ad3a9e80-f26d-4a3e-9691-17f803db5723
insert into picture (spot_id, url, picture_id) values (?, ?, ?)
insert into picture (spot_id, url, picture_id) values (NULL, 'java.io.StringReader@45d7ba13', 1565);
2022-10-10 14:33:47.184  INFO 4460 --- [    Test worker] p6spy                                    : #1665380027184 | took 0ms | statement | connection 23| url jdbc:h2:mem:ad3a9e80-f26d-4a3e-9691-17f803db5723
insert into picture (spot_id, url, picture_id) values (?, ?, ?)
insert into picture (spot_id, url, picture_id) values (NULL, 'java.io.StringReader@1ab65374', 1566);
2022-10-10 14:33:47.184  INFO 4460 --- [    Test worker] p6spy                                    : #1665380027184 | took 0ms | statement | connection 23| url jdbc:h2:mem:ad3a9e80-f26d-4a3e-9691-17f803db5723
insert into picture (spot_id, url, picture_id) values (?, ?, ?)
insert into picture (spot_id, url, picture_id) values (NULL, 'java.io.StringReader@53c4b0a9', 1567);
2022-10-10 14:33:47.184  INFO 4460 --- [    Test worker] p6spy                                    : #1665380027184 | took 0ms | statement | connection 23| url jdbc:h2:mem:ad3a9e80-f26d-4a3e-9691-17f803db5723
insert into spot (address, description, location, name, score_id, spot_id) values (?, ?, ?, ?, ?, ?)
insert into spot (address, description, location, name, score_id, spot_id) values (NULL, NULL, 'Andeok_myeon', NULL, 378, 444);
2022-10-10 14:33:47.184  INFO 4460 --- [    Test worker] p6spy                                    : #1665380027184 | took 0ms | statement | connection 23| url jdbc:h2:mem:ad3a9e80-f26d-4a3e-9691-17f803db5723
insert into member_spot (member_id, score, spot_id, member_spot_id) values (?, ?, ?, ?)
insert into member_spot (member_id, score, spot_id, member_spot_id) values (14, 0.0, 444, 1568);
2022-10-10 14:33:47.184  INFO 4460 --- [    Test worker] p6spy                                    : #1665380027184 | took 0ms | statement | connection 23| url jdbc:h2:mem:ad3a9e80-f26d-4a3e-9691-17f803db5723
insert into review (content, spot_id, review_id) values (?, ?, ?)
insert into review (content, spot_id, review_id) values ('java.io.StringReader@46941601', 369, 380);
2022-10-10 14:33:47.184  INFO 4460 --- [    Test worker] p6spy                                    : #1665380027184 | took 0ms | statement | connection 23| url jdbc:h2:mem:ad3a9e80-f26d-4a3e-9691-17f803db5723
insert into score (facility_rank, facility_score, price_rank, price_score, rank_average, surround_rank, surround_score, view_rank, view_score, score_id) values (?, ?, ?, ?, ?, ?, ?, ?, ?, ?)
insert into score (facility_rank, facility_score, price_rank, price_score, rank_average, surround_rank, surround_score, view_rank, view_score, score_id) values (8.975054282560318, 9.65620148038321, 5.398556334218801, 0.13965903118359435, 7.3337259069696, 2.731347375000767, 4.1106388375768965, 6.761013482126029, 6.151440857603855, 379);
2022-10-10 14:33:47.184  INFO 4460 --- [    Test worker] p6spy                                    : #1665380027184 | took 0ms | statement | connection 23| url jdbc:h2:mem:ad3a9e80-f26d-4a3e-9691-17f803db5723
insert into picture (spot_id, url, picture_id) values (?, ?, ?)
insert into picture (spot_id, url, picture_id) values (NULL, 'java.io.StringReader@5988e435', 1569);
2022-10-10 14:33:47.184  INFO 4460 --- [    Test worker] p6spy                                    : #1665380027184 | took 0ms | statement | connection 23| url jdbc:h2:mem:ad3a9e80-f26d-4a3e-9691-17f803db5723
insert into picture (spot_id, url, picture_id) values (?, ?, ?)
insert into picture (spot_id, url, picture_id) values (NULL, 'java.io.StringReader@d7479ae', 1570);
2022-10-10 14:33:47.184  INFO 4460 --- [    Test worker] p6spy                                    : #1665380027184 | took 0ms | statement | connection 23| url jdbc:h2:mem:ad3a9e80-f26d-4a3e-9691-17f803db5723
insert into picture (spot_id, url, picture_id) values (?, ?, ?)
insert into picture (spot_id, url, picture_id) values (NULL, 'java.io.StringReader@7c062778', 1571);
2022-10-10 14:33:47.184  INFO 4460 --- [    Test worker] p6spy                                    : #1665380027184 | took 0ms | statement | connection 23| url jdbc:h2:mem:ad3a9e80-f26d-4a3e-9691-17f803db5723
insert into spot (address, description, location, name, score_id, spot_id) values (?, ?, ?, ?, ?, ?)
insert into spot (address, description, location, name, score_id, spot_id) values (NULL, NULL, 'Andeok_myeon', NULL, 379, 445);
2022-10-10 14:33:47.184  INFO 4460 --- [    Test worker] p6spy                                    : #1665380027184 | took 0ms | statement | connection 23| url jdbc:h2:mem:ad3a9e80-f26d-4a3e-9691-17f803db5723
insert into member_spot (member_id, score, spot_id, member_spot_id) values (?, ?, ?, ?)
insert into member_spot (member_id, score, spot_id, member_spot_id) values (14, 0.0, 445, 1572);
2022-10-10 14:33:47.184  INFO 4460 --- [    Test worker] p6spy                                    : #1665380027184 | took 0ms | statement | connection 23| url jdbc:h2:mem:ad3a9e80-f26d-4a3e-9691-17f803db5723
insert into review (content, spot_id, review_id) values (?, ?, ?)
insert into review (content, spot_id, review_id) values ('java.io.StringReader@3af6c942', 369, 381);
2022-10-10 14:33:47.184  INFO 4460 --- [    Test worker] p6spy                                    : #1665380027184 | took 0ms | statement | connection 23| url jdbc:h2:mem:ad3a9e80-f26d-4a3e-9691-17f803db5723
insert into favorite_spot (count, favorite_id, spot_id, favorite_spot_id) values (?, ?, ?, ?)
insert into favorite_spot (count, favorite_id, spot_id, favorite_spot_id) values (0, 37, 445, 359);
2022-10-10 14:33:47.184  INFO 4460 --- [    Test worker] p6spy                                    : #1665380027184 | took 0ms | statement | connection 23| url jdbc:h2:mem:ad3a9e80-f26d-4a3e-9691-17f803db5723
insert into score (facility_rank, facility_score, price_rank, price_score, rank_average, surround_rank, surround_score, view_rank, view_score, score_id) values (?, ?, ?, ?, ?, ?, ?, ?, ?, ?)
insert into score (facility_rank, facility_score, price_rank, price_score, rank_average, surround_rank, surround_score, view_rank, view_score, score_id) values (0.6905117008699846, 0.9284064715453455, 8.412376304116743, 4.317295876163526, 8.180064929104407, 4.43846072256083, 8.566277401284365, 1.0362617943728503, 2.686437266852546, 380);
2022-10-10 14:33:47.184  INFO 4460 --- [    Test worker] p6spy                                    : #1665380027184 | took 0ms | statement | connection 23| url jdbc:h2:mem:ad3a9e80-f26d-4a3e-9691-17f803db5723
insert into picture (spot_id, url, picture_id) values (?, ?, ?)
insert into picture (spot_id, url, picture_id) values (NULL, 'java.io.StringReader@6f5d5063', 1573);
2022-10-10 14:33:47.184  INFO 4460 --- [    Test worker] p6spy                                    : #1665380027184 | took 0ms | statement | connection 23| url jdbc:h2:mem:ad3a9e80-f26d-4a3e-9691-17f803db5723
insert into picture (spot_id, url, picture_id) values (?, ?, ?)
insert into picture (spot_id, url, picture_id) values (NULL, 'java.io.StringReader@4ae1c24b', 1574);
2022-10-10 14:33:47.185  INFO 4460 --- [    Test worker] p6spy                                    : #1665380027185 | took 0ms | statement | connection 23| url jdbc:h2:mem:ad3a9e80-f26d-4a3e-9691-17f803db5723
insert into picture (spot_id, url, picture_id) values (?, ?, ?)
insert into picture (spot_id, url, picture_id) values (NULL, 'java.io.StringReader@7ad62f04', 1575);
2022-10-10 14:33:47.185  INFO 4460 --- [    Test worker] p6spy                                    : #1665380027185 | took 0ms | statement | connection 23| url jdbc:h2:mem:ad3a9e80-f26d-4a3e-9691-17f803db5723
insert into spot (address, description, location, name, score_id, spot_id) values (?, ?, ?, ?, ?, ?)
insert into spot (address, description, location, name, score_id, spot_id) values (NULL, NULL, 'Andeok_myeon', NULL, 380, 446);
2022-10-10 14:33:47.185  INFO 4460 --- [    Test worker] p6spy                                    : #1665380027185 | took 0ms | statement | connection 23| url jdbc:h2:mem:ad3a9e80-f26d-4a3e-9691-17f803db5723
insert into member_spot (member_id, score, spot_id, member_spot_id) values (?, ?, ?, ?)
insert into member_spot (member_id, score, spot_id, member_spot_id) values (14, 0.0, 446, 1576);
2022-10-10 14:33:47.185  INFO 4460 --- [    Test worker] p6spy                                    : #1665380027185 | took 0ms | statement | connection 23| url jdbc:h2:mem:ad3a9e80-f26d-4a3e-9691-17f803db5723
insert into review (content, spot_id, review_id) values (?, ?, ?)
insert into review (content, spot_id, review_id) values ('java.io.StringReader@15a75f79', 369, 382);
2022-10-10 14:33:47.185  INFO 4460 --- [    Test worker] p6spy                                    : #1665380027185 | took 0ms | statement | connection 23| url jdbc:h2:mem:ad3a9e80-f26d-4a3e-9691-17f803db5723
insert into score (facility_rank, facility_score, price_rank, price_score, rank_average, surround_rank, surround_score, view_rank, view_score, score_id) values (?, ?, ?, ?, ?, ?, ?, ?, ?, ?)
insert into score (facility_rank, facility_score, price_rank, price_score, rank_average, surround_rank, surround_score, view_rank, view_score, score_id) values (6.9436975289613265, 9.608938069727808, 3.126186148517424, 0.3909029719994095, 8.682749794908272, 2.200516161818924, 8.799661778683216, 8.405137196643132, 6.764585338402615, 381);
2022-10-10 14:33:47.185  INFO 4460 --- [    Test worker] p6spy                                    : #1665380027185 | took 0ms | statement | connection 23| url jdbc:h2:mem:ad3a9e80-f26d-4a3e-9691-17f803db5723
insert into picture (spot_id, url, picture_id) values (?, ?, ?)
insert into picture (spot_id, url, picture_id) values (NULL, 'java.io.StringReader@615ef430', 1577);
2022-10-10 14:33:47.185  INFO 4460 --- [    Test worker] p6spy                                    : #1665380027185 | took 0ms | statement | connection 23| url jdbc:h2:mem:ad3a9e80-f26d-4a3e-9691-17f803db5723
insert into picture (spot_id, url, picture_id) values (?, ?, ?)
insert into picture (spot_id, url, picture_id) values (NULL, 'java.io.StringReader@7a2238d3', 1578);
2022-10-10 14:33:47.185  INFO 4460 --- [    Test worker] p6spy                                    : #1665380027185 | took 0ms | statement | connection 23| url jdbc:h2:mem:ad3a9e80-f26d-4a3e-9691-17f803db5723
insert into picture (spot_id, url, picture_id) values (?, ?, ?)
insert into picture (spot_id, url, picture_id) values (NULL, 'java.io.StringReader@5beaccd4', 1579);
2022-10-10 14:33:47.185  INFO 4460 --- [    Test worker] p6spy                                    : #1665380027185 | took 0ms | statement | connection 23| url jdbc:h2:mem:ad3a9e80-f26d-4a3e-9691-17f803db5723
insert into spot (address, description, location, name, score_id, spot_id) values (?, ?, ?, ?, ?, ?)
insert into spot (address, description, location, name, score_id, spot_id) values (NULL, NULL, 'Andeok_myeon', NULL, 381, 447);
2022-10-10 14:33:47.185  INFO 4460 --- [    Test worker] p6spy                                    : #1665380027185 | took 0ms | statement | connection 23| url jdbc:h2:mem:ad3a9e80-f26d-4a3e-9691-17f803db5723
insert into member_spot (member_id, score, spot_id, member_spot_id) values (?, ?, ?, ?)
insert into member_spot (member_id, score, spot_id, member_spot_id) values (14, 0.0, 447, 1580);
2022-10-10 14:33:47.185  INFO 4460 --- [    Test worker] p6spy                                    : #1665380027185 | took 0ms | statement | connection 23| url jdbc:h2:mem:ad3a9e80-f26d-4a3e-9691-17f803db5723
insert into review (content, spot_id, review_id) values (?, ?, ?)
insert into review (content, spot_id, review_id) values ('java.io.StringReader@4eda4c0e', 369, 383);
2022-10-10 14:33:47.185  INFO 4460 --- [    Test worker] p6spy                                    : #1665380027185 | took 0ms | statement | connection 23| url jdbc:h2:mem:ad3a9e80-f26d-4a3e-9691-17f803db5723
insert into favorite_spot (count, favorite_id, spot_id, favorite_spot_id) values (?, ?, ?, ?)
insert into favorite_spot (count, favorite_id, spot_id, favorite_spot_id) values (0, 37, 447, 360);
2022-10-10 14:33:47.185  INFO 4460 --- [    Test worker] p6spy                                    : #1665380027185 | took 0ms | statement | connection 23| url jdbc:h2:mem:ad3a9e80-f26d-4a3e-9691-17f803db5723
insert into score (facility_rank, facility_score, price_rank, price_score, rank_average, surround_rank, surround_score, view_rank, view_score, score_id) values (?, ?, ?, ?, ?, ?, ?, ?, ?, ?)
insert into score (facility_rank, facility_score, price_rank, price_score, rank_average, surround_rank, surround_score, view_rank, view_score, score_id) values (9.14546134210848, 1.004129338274028, 8.261987595612823, 5.746947597399474, 5.669434582138688, 9.000479168882984, 4.515208816015823, 0.9904444613898733, 7.401256808960756, 382);
2022-10-10 14:33:47.185  INFO 4460 --- [    Test worker] p6spy                                    : #1665380027185 | took 0ms | statement | connection 23| url jdbc:h2:mem:ad3a9e80-f26d-4a3e-9691-17f803db5723
insert into picture (spot_id, url, picture_id) values (?, ?, ?)
insert into picture (spot_id, url, picture_id) values (NULL, 'java.io.StringReader@1c05de90', 1581);
2022-10-10 14:33:47.185  INFO 4460 --- [    Test worker] p6spy                                    : #1665380027185 | took 0ms | statement | connection 23| url jdbc:h2:mem:ad3a9e80-f26d-4a3e-9691-17f803db5723
insert into picture (spot_id, url, picture_id) values (?, ?, ?)
insert into picture (spot_id, url, picture_id) values (NULL, 'java.io.StringReader@707993c6', 1582);
2022-10-10 14:33:47.185  INFO 4460 --- [    Test worker] p6spy                                    : #1665380027185 | took 0ms | statement | connection 23| url jdbc:h2:mem:ad3a9e80-f26d-4a3e-9691-17f803db5723
insert into picture (spot_id, url, picture_id) values (?, ?, ?)
insert into picture (spot_id, url, picture_id) values (NULL, 'java.io.StringReader@22268e34', 1583);
2022-10-10 14:33:47.185  INFO 4460 --- [    Test worker] p6spy                                    : #1665380027185 | took 0ms | statement | connection 23| url jdbc:h2:mem:ad3a9e80-f26d-4a3e-9691-17f803db5723
insert into spot (address, description, location, name, score_id, spot_id) values (?, ?, ?, ?, ?, ?)
insert into spot (address, description, location, name, score_id, spot_id) values (NULL, NULL, 'Andeok_myeon', NULL, 382, 448);
2022-10-10 14:33:47.185  INFO 4460 --- [    Test worker] p6spy                                    : #1665380027185 | took 0ms | statement | connection 23| url jdbc:h2:mem:ad3a9e80-f26d-4a3e-9691-17f803db5723
insert into member_spot (member_id, score, spot_id, member_spot_id) values (?, ?, ?, ?)
insert into member_spot (member_id, score, spot_id, member_spot_id) values (14, 0.0, 448, 1584);
2022-10-10 14:33:47.185  INFO 4460 --- [    Test worker] p6spy                                    : #1665380027185 | took 0ms | statement | connection 23| url jdbc:h2:mem:ad3a9e80-f26d-4a3e-9691-17f803db5723
insert into review (content, spot_id, review_id) values (?, ?, ?)
insert into review (content, spot_id, review_id) values ('java.io.StringReader@26bd1e9f', 369, 384);
2022-10-10 14:33:47.185  INFO 4460 --- [    Test worker] p6spy                                    : #1665380027185 | took 0ms | statement | connection 23| url jdbc:h2:mem:ad3a9e80-f26d-4a3e-9691-17f803db5723
insert into score (facility_rank, facility_score, price_rank, price_score, rank_average, surround_rank, surround_score, view_rank, view_score, score_id) values (?, ?, ?, ?, ?, ?, ?, ?, ?, ?)
insert into score (facility_rank, facility_score, price_rank, price_score, rank_average, surround_rank, surround_score, view_rank, view_score, score_id) values (0.21826055774176734, 3.0620398912291815, 8.516043396136427, 5.010428326417608, 0.4613625659589049, 1.928065241873903, 4.67886157339152, 9.987276316260528, 8.68137447680451, 383);
2022-10-10 14:33:47.185  INFO 4460 --- [    Test worker] p6spy                                    : #1665380027185 | took 0ms | statement | connection 23| url jdbc:h2:mem:ad3a9e80-f26d-4a3e-9691-17f803db5723
insert into picture (spot_id, url, picture_id) values (?, ?, ?)
insert into picture (spot_id, url, picture_id) values (NULL, 'java.io.StringReader@c94b341', 1585);
2022-10-10 14:33:47.185  INFO 4460 --- [    Test worker] p6spy                                    : #1665380027185 | took 0ms | statement | connection 23| url jdbc:h2:mem:ad3a9e80-f26d-4a3e-9691-17f803db5723
insert into picture (spot_id, url, picture_id) values (?, ?, ?)
insert into picture (spot_id, url, picture_id) values (NULL, 'java.io.StringReader@be9505d', 1586);
2022-10-10 14:33:47.185  INFO 4460 --- [    Test worker] p6spy                                    : #1665380027185 | took 0ms | statement | connection 23| url jdbc:h2:mem:ad3a9e80-f26d-4a3e-9691-17f803db5723
insert into picture (spot_id, url, picture_id) values (?, ?, ?)
insert into picture (spot_id, url, picture_id) values (NULL, 'java.io.StringReader@302e1360', 1587);
2022-10-10 14:33:47.185  INFO 4460 --- [    Test worker] p6spy                                    : #1665380027185 | took 0ms | statement | connection 23| url jdbc:h2:mem:ad3a9e80-f26d-4a3e-9691-17f803db5723
insert into spot (address, description, location, name, score_id, spot_id) values (?, ?, ?, ?, ?, ?)
insert into spot (address, description, location, name, score_id, spot_id) values (NULL, NULL, 'Andeok_myeon', NULL, 383, 449);
2022-10-10 14:33:47.185  INFO 4460 --- [    Test worker] p6spy                                    : #1665380027185 | took 0ms | statement | connection 23| url jdbc:h2:mem:ad3a9e80-f26d-4a3e-9691-17f803db5723
insert into member_spot (member_id, score, spot_id, member_spot_id) values (?, ?, ?, ?)
insert into member_spot (member_id, score, spot_id, member_spot_id) values (14, 0.0, 449, 1588);
2022-10-10 14:33:47.185  INFO 4460 --- [    Test worker] p6spy                                    : #1665380027185 | took 0ms | statement | connection 23| url jdbc:h2:mem:ad3a9e80-f26d-4a3e-9691-17f803db5723
insert into review (content, spot_id, review_id) values (?, ?, ?)
insert into review (content, spot_id, review_id) values ('java.io.StringReader@1df313b3', 369, 385);
2022-10-10 14:33:47.185  INFO 4460 --- [    Test worker] p6spy                                    : #1665380027185 | took 0ms | statement | connection 23| url jdbc:h2:mem:ad3a9e80-f26d-4a3e-9691-17f803db5723
insert into favorite_spot (count, favorite_id, spot_id, favorite_spot_id) values (?, ?, ?, ?)
insert into favorite_spot (count, favorite_id, spot_id, favorite_spot_id) values (0, 37, 449, 361);
2022-10-10 14:33:47.185  INFO 4460 --- [    Test worker] p6spy                                    : #1665380027185 | took 0ms | statement | connection 23| url jdbc:h2:mem:ad3a9e80-f26d-4a3e-9691-17f803db5723
insert into score (facility_rank, facility_score, price_rank, price_score, rank_average, surround_rank, surround_score, view_rank, view_score, score_id) values (?, ?, ?, ?, ?, ?, ?, ?, ?, ?)
insert into score (facility_rank, facility_score, price_rank, price_score, rank_average, surround_rank, surround_score, view_rank, view_score, score_id) values (8.706997986137718, 6.154836727468197, 2.9730077733992544, 1.0120465212530894, 5.888105950847875, 3.72128769599008, 7.04632104373076, 9.318061871156651, 5.827421787865533, 384);
2022-10-10 14:33:47.185  INFO 4460 --- [    Test worker] p6spy                                    : #1665380027185 | took 0ms | statement | connection 23| url jdbc:h2:mem:ad3a9e80-f26d-4a3e-9691-17f803db5723
insert into picture (spot_id, url, picture_id) values (?, ?, ?)
insert into picture (spot_id, url, picture_id) values (NULL, 'java.io.StringReader@2305053', 1589);
2022-10-10 14:33:47.185  INFO 4460 --- [    Test worker] p6spy                                    : #1665380027185 | took 0ms | statement | connection 23| url jdbc:h2:mem:ad3a9e80-f26d-4a3e-9691-17f803db5723
insert into picture (spot_id, url, picture_id) values (?, ?, ?)
insert into picture (spot_id, url, picture_id) values (NULL, 'java.io.StringReader@2ccb0929', 1590);
2022-10-10 14:33:47.185  INFO 4460 --- [    Test worker] p6spy                                    : #1665380027185 | took 0ms | statement | connection 23| url jdbc:h2:mem:ad3a9e80-f26d-4a3e-9691-17f803db5723
insert into picture (spot_id, url, picture_id) values (?, ?, ?)
insert into picture (spot_id, url, picture_id) values (NULL, 'java.io.StringReader@6cd123b9', 1591);
2022-10-10 14:33:47.186  INFO 4460 --- [    Test worker] p6spy                                    : #1665380027186 | took 0ms | statement | connection 23| url jdbc:h2:mem:ad3a9e80-f26d-4a3e-9691-17f803db5723
insert into spot (address, description, location, name, score_id, spot_id) values (?, ?, ?, ?, ?, ?)
insert into spot (address, description, location, name, score_id, spot_id) values (NULL, NULL, 'Andeok_myeon', NULL, 384, 450);
2022-10-10 14:33:47.186  INFO 4460 --- [    Test worker] p6spy                                    : #1665380027186 | took 0ms | statement | connection 23| url jdbc:h2:mem:ad3a9e80-f26d-4a3e-9691-17f803db5723
insert into member_spot (member_id, score, spot_id, member_spot_id) values (?, ?, ?, ?)
insert into member_spot (member_id, score, spot_id, member_spot_id) values (14, 0.0, 450, 1592);
2022-10-10 14:33:47.186  INFO 4460 --- [    Test worker] p6spy                                    : #1665380027186 | took 0ms | statement | connection 23| url jdbc:h2:mem:ad3a9e80-f26d-4a3e-9691-17f803db5723
insert into review (content, spot_id, review_id) values (?, ?, ?)
insert into review (content, spot_id, review_id) values ('java.io.StringReader@67911796', 369, 386);
2022-10-10 14:33:47.186  INFO 4460 --- [    Test worker] p6spy                                    : #1665380027186 | took 0ms | statement | connection 23| url jdbc:h2:mem:ad3a9e80-f26d-4a3e-9691-17f803db5723
insert into score (facility_rank, facility_score, price_rank, price_score, rank_average, surround_rank, surround_score, view_rank, view_score, score_id) values (?, ?, ?, ?, ?, ?, ?, ?, ?, ?)
insert into score (facility_rank, facility_score, price_rank, price_score, rank_average, surround_rank, surround_score, view_rank, view_score, score_id) values (0.15685185676171165, 7.377726291444708, 0.28406562706690397, 0.686098535970664, 4.24700989661587, 7.2527750526127726, 5.141087134337324, 1.2323111826290367, 9.650313367666493, 385);
2022-10-10 14:33:47.186  INFO 4460 --- [    Test worker] p6spy                                    : #1665380027186 | took 0ms | statement | connection 23| url jdbc:h2:mem:ad3a9e80-f26d-4a3e-9691-17f803db5723
insert into picture (spot_id, url, picture_id) values (?, ?, ?)
insert into picture (spot_id, url, picture_id) values (NULL, 'java.io.StringReader@2228e00', 1593);
2022-10-10 14:33:47.186  INFO 4460 --- [    Test worker] p6spy                                    : #1665380027186 | took 0ms | statement | connection 23| url jdbc:h2:mem:ad3a9e80-f26d-4a3e-9691-17f803db5723
insert into picture (spot_id, url, picture_id) values (?, ?, ?)
insert into picture (spot_id, url, picture_id) values (NULL, 'java.io.StringReader@621b4166', 1594);
2022-10-10 14:33:47.186  INFO 4460 --- [    Test worker] p6spy                                    : #1665380027186 | took 0ms | statement | connection 23| url jdbc:h2:mem:ad3a9e80-f26d-4a3e-9691-17f803db5723
insert into picture (spot_id, url, picture_id) values (?, ?, ?)
insert into picture (spot_id, url, picture_id) values (NULL, 'java.io.StringReader@1b4cc473', 1595);
2022-10-10 14:33:47.186  INFO 4460 --- [    Test worker] p6spy                                    : #1665380027186 | took 0ms | statement | connection 23| url jdbc:h2:mem:ad3a9e80-f26d-4a3e-9691-17f803db5723
insert into spot (address, description, location, name, score_id, spot_id) values (?, ?, ?, ?, ?, ?)
insert into spot (address, description, location, name, score_id, spot_id) values (NULL, NULL, 'Andeok_myeon', NULL, 385, 451);
2022-10-10 14:33:47.186  INFO 4460 --- [    Test worker] p6spy                                    : #1665380027186 | took 0ms | statement | connection 23| url jdbc:h2:mem:ad3a9e80-f26d-4a3e-9691-17f803db5723
insert into member_spot (member_id, score, spot_id, member_spot_id) values (?, ?, ?, ?)
insert into member_spot (member_id, score, spot_id, member_spot_id) values (14, 0.0, 451, 1596);
2022-10-10 14:33:47.186  INFO 4460 --- [    Test worker] p6spy                                    : #1665380027186 | took 0ms | statement | connection 23| url jdbc:h2:mem:ad3a9e80-f26d-4a3e-9691-17f803db5723
insert into review (content, spot_id, review_id) values (?, ?, ?)
insert into review (content, spot_id, review_id) values ('java.io.StringReader@5861484b', 369, 387);
2022-10-10 14:33:47.186  INFO 4460 --- [    Test worker] p6spy                                    : #1665380027186 | took 0ms | statement | connection 23| url jdbc:h2:mem:ad3a9e80-f26d-4a3e-9691-17f803db5723
insert into favorite_spot (count, favorite_id, spot_id, favorite_spot_id) values (?, ?, ?, ?)
insert into favorite_spot (count, favorite_id, spot_id, favorite_spot_id) values (0, 37, 451, 362);
2022-10-10 14:33:47.186  INFO 4460 --- [    Test worker] p6spy                                    : #1665380027186 | took 0ms | statement | connection 23| url jdbc:h2:mem:ad3a9e80-f26d-4a3e-9691-17f803db5723
insert into score (facility_rank, facility_score, price_rank, price_score, rank_average, surround_rank, surround_score, view_rank, view_score, score_id) values (?, ?, ?, ?, ?, ?, ?, ?, ?, ?)
insert into score (facility_rank, facility_score, price_rank, price_score, rank_average, surround_rank, surround_score, view_rank, view_score, score_id) values (8.244267688577272, 0.7865082655927202, 8.390330630501603, 4.938704636396226, 5.369385822613416, 2.212419398663031, 4.857926110318966, 9.749116502878337, 8.612703438368799, 386);
2022-10-10 14:33:47.186  INFO 4460 --- [    Test worker] p6spy                                    : #1665380027186 | took 0ms | statement | connection 23| url jdbc:h2:mem:ad3a9e80-f26d-4a3e-9691-17f803db5723
insert into picture (spot_id, url, picture_id) values (?, ?, ?)
insert into picture (spot_id, url, picture_id) values (NULL, 'java.io.StringReader@30c23fcb', 1597);
2022-10-10 14:33:47.186  INFO 4460 --- [    Test worker] p6spy                                    : #1665380027186 | took 0ms | statement | connection 23| url jdbc:h2:mem:ad3a9e80-f26d-4a3e-9691-17f803db5723
insert into picture (spot_id, url, picture_id) values (?, ?, ?)
insert into picture (spot_id, url, picture_id) values (NULL, 'java.io.StringReader@47f8088', 1598);
2022-10-10 14:33:47.186  INFO 4460 --- [    Test worker] p6spy                                    : #1665380027186 | took 0ms | statement | connection 23| url jdbc:h2:mem:ad3a9e80-f26d-4a3e-9691-17f803db5723
insert into picture (spot_id, url, picture_id) values (?, ?, ?)
insert into picture (spot_id, url, picture_id) values (NULL, 'java.io.StringReader@264368ad', 1599);
2022-10-10 14:33:47.186  INFO 4460 --- [    Test worker] p6spy                                    : #1665380027186 | took 0ms | statement | connection 23| url jdbc:h2:mem:ad3a9e80-f26d-4a3e-9691-17f803db5723
insert into spot (address, description, location, name, score_id, spot_id) values (?, ?, ?, ?, ?, ?)
insert into spot (address, description, location, name, score_id, spot_id) values (NULL, NULL, 'Andeok_myeon', NULL, 386, 452);
2022-10-10 14:33:47.186  INFO 4460 --- [    Test worker] p6spy                                    : #1665380027186 | took 0ms | statement | connection 23| url jdbc:h2:mem:ad3a9e80-f26d-4a3e-9691-17f803db5723
insert into member_spot (member_id, score, spot_id, member_spot_id) values (?, ?, ?, ?)
insert into member_spot (member_id, score, spot_id, member_spot_id) values (14, 0.0, 452, 1600);
2022-10-10 14:33:47.186  INFO 4460 --- [    Test worker] p6spy                                    : #1665380027186 | took 0ms | statement | connection 23| url jdbc:h2:mem:ad3a9e80-f26d-4a3e-9691-17f803db5723
insert into review (content, spot_id, review_id) values (?, ?, ?)
insert into review (content, spot_id, review_id) values ('java.io.StringReader@1c1fb4e6', 369, 388);
2022-10-10 14:33:47.186  INFO 4460 --- [    Test worker] p6spy                                    : #1665380027186 | took 0ms | statement | connection 23| url jdbc:h2:mem:ad3a9e80-f26d-4a3e-9691-17f803db5723
insert into score (facility_rank, facility_score, price_rank, price_score, rank_average, surround_rank, surround_score, view_rank, view_score, score_id) values (?, ?, ?, ?, ?, ?, ?, ?, ?, ?)
insert into score (facility_rank, facility_score, price_rank, price_score, rank_average, surround_rank, surround_score, view_rank, view_score, score_id) values (3.8381800498172227, 6.942171372229811, 4.984890459968283, 0.5435898169709152, 1.5357188242247055, 8.715232674233803, 3.4241221191012547, 8.533463824983471, 8.10335618518394, 387);
2022-10-10 14:33:47.186  INFO 4460 --- [    Test worker] p6spy                                    : #1665380027186 | took 0ms | statement | connection 23| url jdbc:h2:mem:ad3a9e80-f26d-4a3e-9691-17f803db5723
insert into picture (spot_id, url, picture_id) values (?, ?, ?)
insert into picture (spot_id, url, picture_id) values (NULL, 'java.io.StringReader@4b51cb8f', 1601);
2022-10-10 14:33:47.186  INFO 4460 --- [    Test worker] p6spy                                    : #1665380027186 | took 0ms | statement | connection 23| url jdbc:h2:mem:ad3a9e80-f26d-4a3e-9691-17f803db5723
insert into picture (spot_id, url, picture_id) values (?, ?, ?)
insert into picture (spot_id, url, picture_id) values (NULL, 'java.io.StringReader@1ed9a4bd', 1602);
2022-10-10 14:33:47.186  INFO 4460 --- [    Test worker] p6spy                                    : #1665380027186 | took 0ms | statement | connection 23| url jdbc:h2:mem:ad3a9e80-f26d-4a3e-9691-17f803db5723
insert into picture (spot_id, url, picture_id) values (?, ?, ?)
insert into picture (spot_id, url, picture_id) values (NULL, 'java.io.StringReader@6335a939', 1603);
2022-10-10 14:33:47.186  INFO 4460 --- [    Test worker] p6spy                                    : #1665380027186 | took 0ms | statement | connection 23| url jdbc:h2:mem:ad3a9e80-f26d-4a3e-9691-17f803db5723
insert into spot (address, description, location, name, score_id, spot_id) values (?, ?, ?, ?, ?, ?)
insert into spot (address, description, location, name, score_id, spot_id) values (NULL, NULL, 'Andeok_myeon', NULL, 387, 453);
2022-10-10 14:33:47.186  INFO 4460 --- [    Test worker] p6spy                                    : #1665380027186 | took 0ms | statement | connection 23| url jdbc:h2:mem:ad3a9e80-f26d-4a3e-9691-17f803db5723
insert into member_spot (member_id, score, spot_id, member_spot_id) values (?, ?, ?, ?)
insert into member_spot (member_id, score, spot_id, member_spot_id) values (14, 0.0, 453, 1604);
2022-10-10 14:33:47.186  INFO 4460 --- [    Test worker] p6spy                                    : #1665380027186 | took 0ms | statement | connection 23| url jdbc:h2:mem:ad3a9e80-f26d-4a3e-9691-17f803db5723
insert into review (content, spot_id, review_id) values (?, ?, ?)
insert into review (content, spot_id, review_id) values ('java.io.StringReader@92690e5', 369, 389);
2022-10-10 14:33:47.186  INFO 4460 --- [    Test worker] p6spy                                    : #1665380027186 | took 0ms | statement | connection 23| url jdbc:h2:mem:ad3a9e80-f26d-4a3e-9691-17f803db5723
insert into favorite_spot (count, favorite_id, spot_id, favorite_spot_id) values (?, ?, ?, ?)
insert into favorite_spot (count, favorite_id, spot_id, favorite_spot_id) values (0, 37, 453, 363);
2022-10-10 14:33:47.186  INFO 4460 --- [    Test worker] p6spy                                    : #1665380027186 | took 0ms | statement | connection 23| url jdbc:h2:mem:ad3a9e80-f26d-4a3e-9691-17f803db5723
insert into score (facility_rank, facility_score, price_rank, price_score, rank_average, surround_rank, surround_score, view_rank, view_score, score_id) values (?, ?, ?, ?, ?, ?, ?, ?, ?, ?)
insert into score (facility_rank, facility_score, price_rank, price_score, rank_average, surround_rank, surround_score, view_rank, view_score, score_id) values (4.335959220530018, 4.800211344364036, 8.339845203477282, 9.514078375587749, 9.129562432960546, 3.229448278659144, 7.669539407869106, 9.120860827848974, 6.801097160010316, 388);
2022-10-10 14:33:47.186  INFO 4460 --- [    Test worker] p6spy                                    : #1665380027186 | took 0ms | statement | connection 23| url jdbc:h2:mem:ad3a9e80-f26d-4a3e-9691-17f803db5723
insert into picture (spot_id, url, picture_id) values (?, ?, ?)
insert into picture (spot_id, url, picture_id) values (NULL, 'java.io.StringReader@40d35e50', 1605);
2022-10-10 14:33:47.186  INFO 4460 --- [    Test worker] p6spy                                    : #1665380027186 | took 0ms | statement | connection 23| url jdbc:h2:mem:ad3a9e80-f26d-4a3e-9691-17f803db5723
insert into picture (spot_id, url, picture_id) values (?, ?, ?)
insert into picture (spot_id, url, picture_id) values (NULL, 'java.io.StringReader@65ab4a9d', 1606);
2022-10-10 14:33:47.186  INFO 4460 --- [    Test worker] p6spy                                    : #1665380027186 | took 0ms | statement | connection 23| url jdbc:h2:mem:ad3a9e80-f26d-4a3e-9691-17f803db5723
insert into picture (spot_id, url, picture_id) values (?, ?, ?)
insert into picture (spot_id, url, picture_id) values (NULL, 'java.io.StringReader@40f7ae65', 1607);
2022-10-10 14:33:47.187  INFO 4460 --- [    Test worker] p6spy                                    : #1665380027187 | took 0ms | statement | connection 23| url jdbc:h2:mem:ad3a9e80-f26d-4a3e-9691-17f803db5723
insert into spot (address, description, location, name, score_id, spot_id) values (?, ?, ?, ?, ?, ?)
insert into spot (address, description, location, name, score_id, spot_id) values (NULL, NULL, 'Andeok_myeon', NULL, 388, 454);
2022-10-10 14:33:47.187  INFO 4460 --- [    Test worker] p6spy                                    : #1665380027187 | took 0ms | statement | connection 23| url jdbc:h2:mem:ad3a9e80-f26d-4a3e-9691-17f803db5723
insert into member_spot (member_id, score, spot_id, member_spot_id) values (?, ?, ?, ?)
insert into member_spot (member_id, score, spot_id, member_spot_id) values (14, 0.0, 454, 1608);
2022-10-10 14:33:47.187  INFO 4460 --- [    Test worker] p6spy                                    : #1665380027187 | took 0ms | statement | connection 23| url jdbc:h2:mem:ad3a9e80-f26d-4a3e-9691-17f803db5723
insert into review (content, spot_id, review_id) values (?, ?, ?)
insert into review (content, spot_id, review_id) values ('java.io.StringReader@7a249c93', 369, 390);
2022-10-10 14:33:47.187  INFO 4460 --- [    Test worker] p6spy                                    : #1665380027187 | took 0ms | statement | connection 23| url jdbc:h2:mem:ad3a9e80-f26d-4a3e-9691-17f803db5723
insert into score (facility_rank, facility_score, price_rank, price_score, rank_average, surround_rank, surround_score, view_rank, view_score, score_id) values (?, ?, ?, ?, ?, ?, ?, ?, ?, ?)
insert into score (facility_rank, facility_score, price_rank, price_score, rank_average, surround_rank, surround_score, view_rank, view_score, score_id) values (8.880074706146088, 2.7616567610875773, 7.553875032877459, 3.5996932469377843, 0.17594151055010943, 3.434117470310214, 4.21995560958171, 3.5773572110101948, 8.880940720713719, 389);
2022-10-10 14:33:47.187  INFO 4460 --- [    Test worker] p6spy                                    : #1665380027187 | took 0ms | statement | connection 23| url jdbc:h2:mem:ad3a9e80-f26d-4a3e-9691-17f803db5723
insert into picture (spot_id, url, picture_id) values (?, ?, ?)
insert into picture (spot_id, url, picture_id) values (NULL, 'java.io.StringReader@90d007a', 1609);
2022-10-10 14:33:47.187  INFO 4460 --- [    Test worker] p6spy                                    : #1665380027187 | took 0ms | statement | connection 23| url jdbc:h2:mem:ad3a9e80-f26d-4a3e-9691-17f803db5723
insert into picture (spot_id, url, picture_id) values (?, ?, ?)
insert into picture (spot_id, url, picture_id) values (NULL, 'java.io.StringReader@45f829ed', 1610);
2022-10-10 14:33:47.187  INFO 4460 --- [    Test worker] p6spy                                    : #1665380027187 | took 0ms | statement | connection 23| url jdbc:h2:mem:ad3a9e80-f26d-4a3e-9691-17f803db5723
insert into picture (spot_id, url, picture_id) values (?, ?, ?)
insert into picture (spot_id, url, picture_id) values (NULL, 'java.io.StringReader@4c12ee12', 1611);
2022-10-10 14:33:47.187  INFO 4460 --- [    Test worker] p6spy                                    : #1665380027187 | took 0ms | statement | connection 23| url jdbc:h2:mem:ad3a9e80-f26d-4a3e-9691-17f803db5723
insert into spot (address, description, location, name, score_id, spot_id) values (?, ?, ?, ?, ?, ?)
insert into spot (address, description, location, name, score_id, spot_id) values (NULL, NULL, 'Andeok_myeon', NULL, 389, 455);
2022-10-10 14:33:47.187  INFO 4460 --- [    Test worker] p6spy                                    : #1665380027187 | took 0ms | statement | connection 23| url jdbc:h2:mem:ad3a9e80-f26d-4a3e-9691-17f803db5723
insert into member_spot (member_id, score, spot_id, member_spot_id) values (?, ?, ?, ?)
insert into member_spot (member_id, score, spot_id, member_spot_id) values (14, 0.0, 455, 1612);
2022-10-10 14:33:47.187  INFO 4460 --- [    Test worker] p6spy                                    : #1665380027187 | took 0ms | statement | connection 23| url jdbc:h2:mem:ad3a9e80-f26d-4a3e-9691-17f803db5723
insert into review (content, spot_id, review_id) values (?, ?, ?)
insert into review (content, spot_id, review_id) values ('java.io.StringReader@3c066b66', 369, 391);
2022-10-10 14:33:47.187  INFO 4460 --- [    Test worker] p6spy                                    : #1665380027187 | took 0ms | statement | connection 23| url jdbc:h2:mem:ad3a9e80-f26d-4a3e-9691-17f803db5723
insert into favorite_spot (count, favorite_id, spot_id, favorite_spot_id) values (?, ?, ?, ?)
insert into favorite_spot (count, favorite_id, spot_id, favorite_spot_id) values (0, 37, 455, 364);
2022-10-10 14:33:47.187  INFO 4460 --- [    Test worker] p6spy                                    : #1665380027187 | took 0ms | statement | connection 23| url jdbc:h2:mem:ad3a9e80-f26d-4a3e-9691-17f803db5723
insert into score (facility_rank, facility_score, price_rank, price_score, rank_average, surround_rank, surround_score, view_rank, view_score, score_id) values (?, ?, ?, ?, ?, ?, ?, ?, ?, ?)
insert into score (facility_rank, facility_score, price_rank, price_score, rank_average, surround_rank, surround_score, view_rank, view_score, score_id) values (9.844002146441532, 9.061989503107966, 5.509540897112712, 7.708499260631914, 9.876563578540644, 5.614554999174377, 9.820800141885922, 7.247256718934077, 7.936302803354037, 390);
2022-10-10 14:33:47.187  INFO 4460 --- [    Test worker] p6spy                                    : #1665380027187 | took 0ms | statement | connection 23| url jdbc:h2:mem:ad3a9e80-f26d-4a3e-9691-17f803db5723
insert into picture (spot_id, url, picture_id) values (?, ?, ?)
insert into picture (spot_id, url, picture_id) values (NULL, 'java.io.StringReader@53021597', 1613);
2022-10-10 14:33:47.187  INFO 4460 --- [    Test worker] p6spy                                    : #1665380027187 | took 0ms | statement | connection 23| url jdbc:h2:mem:ad3a9e80-f26d-4a3e-9691-17f803db5723
insert into picture (spot_id, url, picture_id) values (?, ?, ?)
insert into picture (spot_id, url, picture_id) values (NULL, 'java.io.StringReader@547dd11e', 1614);
2022-10-10 14:33:47.187  INFO 4460 --- [    Test worker] p6spy                                    : #1665380027187 | took 0ms | statement | connection 23| url jdbc:h2:mem:ad3a9e80-f26d-4a3e-9691-17f803db5723
insert into picture (spot_id, url, picture_id) values (?, ?, ?)
insert into picture (spot_id, url, picture_id) values (NULL, 'java.io.StringReader@2e37e758', 1615);
2022-10-10 14:33:47.187  INFO 4460 --- [    Test worker] p6spy                                    : #1665380027187 | took 0ms | statement | connection 23| url jdbc:h2:mem:ad3a9e80-f26d-4a3e-9691-17f803db5723
insert into spot (address, description, location, name, score_id, spot_id) values (?, ?, ?, ?, ?, ?)
insert into spot (address, description, location, name, score_id, spot_id) values (NULL, NULL, 'Andeok_myeon', NULL, 390, 456);
2022-10-10 14:33:47.187  INFO 4460 --- [    Test worker] p6spy                                    : #1665380027187 | took 0ms | statement | connection 23| url jdbc:h2:mem:ad3a9e80-f26d-4a3e-9691-17f803db5723
insert into member_spot (member_id, score, spot_id, member_spot_id) values (?, ?, ?, ?)
insert into member_spot (member_id, score, spot_id, member_spot_id) values (14, 0.0, 456, 1616);
2022-10-10 14:33:47.187  INFO 4460 --- [    Test worker] p6spy                                    : #1665380027187 | took 0ms | statement | connection 23| url jdbc:h2:mem:ad3a9e80-f26d-4a3e-9691-17f803db5723
insert into review (content, spot_id, review_id) values (?, ?, ?)
insert into review (content, spot_id, review_id) values ('java.io.StringReader@3d67e1b7', 369, 392);
2022-10-10 14:33:47.187  INFO 4460 --- [    Test worker] p6spy                                    : #1665380027187 | took 0ms | statement | connection 23| url jdbc:h2:mem:ad3a9e80-f26d-4a3e-9691-17f803db5723
insert into score (facility_rank, facility_score, price_rank, price_score, rank_average, surround_rank, surround_score, view_rank, view_score, score_id) values (?, ?, ?, ?, ?, ?, ?, ?, ?, ?)
insert into score (facility_rank, facility_score, price_rank, price_score, rank_average, surround_rank, surround_score, view_rank, view_score, score_id) values (8.51494200572885, 9.732889556005835, 0.9426898227519676, 2.6085124219277467, 4.240009270997328, 2.4051729467502603, 0.6475442016041189, 1.152986128972855, 3.361312515228404, 391);
2022-10-10 14:33:47.187  INFO 4460 --- [    Test worker] p6spy                                    : #1665380027187 | took 0ms | statement | connection 23| url jdbc:h2:mem:ad3a9e80-f26d-4a3e-9691-17f803db5723
insert into picture (spot_id, url, picture_id) values (?, ?, ?)
insert into picture (spot_id, url, picture_id) values (NULL, 'java.io.StringReader@124c77bd', 1617);
2022-10-10 14:33:47.187  INFO 4460 --- [    Test worker] p6spy                                    : #1665380027187 | took 0ms | statement | connection 23| url jdbc:h2:mem:ad3a9e80-f26d-4a3e-9691-17f803db5723
insert into picture (spot_id, url, picture_id) values (?, ?, ?)
insert into picture (spot_id, url, picture_id) values (NULL, 'java.io.StringReader@4d612a93', 1618);
2022-10-10 14:33:47.187  INFO 4460 --- [    Test worker] p6spy                                    : #1665380027187 | took 0ms | statement | connection 23| url jdbc:h2:mem:ad3a9e80-f26d-4a3e-9691-17f803db5723
insert into picture (spot_id, url, picture_id) values (?, ?, ?)
insert into picture (spot_id, url, picture_id) values (NULL, 'java.io.StringReader@75c2baff', 1619);
2022-10-10 14:33:47.187  INFO 4460 --- [    Test worker] p6spy                                    : #1665380027187 | took 0ms | statement | connection 23| url jdbc:h2:mem:ad3a9e80-f26d-4a3e-9691-17f803db5723
insert into spot (address, description, location, name, score_id, spot_id) values (?, ?, ?, ?, ?, ?)
insert into spot (address, description, location, name, score_id, spot_id) values (NULL, NULL, 'Andeok_myeon', NULL, 391, 457);
2022-10-10 14:33:47.187  INFO 4460 --- [    Test worker] p6spy                                    : #1665380027187 | took 0ms | statement | connection 23| url jdbc:h2:mem:ad3a9e80-f26d-4a3e-9691-17f803db5723
insert into member_spot (member_id, score, spot_id, member_spot_id) values (?, ?, ?, ?)
insert into member_spot (member_id, score, spot_id, member_spot_id) values (14, 0.0, 457, 1620);
2022-10-10 14:33:47.187  INFO 4460 --- [    Test worker] p6spy                                    : #1665380027187 | took 0ms | statement | connection 23| url jdbc:h2:mem:ad3a9e80-f26d-4a3e-9691-17f803db5723
insert into review (content, spot_id, review_id) values (?, ?, ?)
insert into review (content, spot_id, review_id) values ('java.io.StringReader@1ec6b7b6', 369, 393);
2022-10-10 14:33:47.187  INFO 4460 --- [    Test worker] p6spy                                    : #1665380027187 | took 0ms | statement | connection 23| url jdbc:h2:mem:ad3a9e80-f26d-4a3e-9691-17f803db5723
insert into favorite_spot (count, favorite_id, spot_id, favorite_spot_id) values (?, ?, ?, ?)
insert into favorite_spot (count, favorite_id, spot_id, favorite_spot_id) values (0, 37, 457, 365);
2022-10-10 14:33:47.187  INFO 4460 --- [    Test worker] p6spy                                    : #1665380027187 | took 0ms | statement | connection 23| url jdbc:h2:mem:ad3a9e80-f26d-4a3e-9691-17f803db5723
insert into score (facility_rank, facility_score, price_rank, price_score, rank_average, surround_rank, surround_score, view_rank, view_score, score_id) values (?, ?, ?, ?, ?, ?, ?, ?, ?, ?)
insert into score (facility_rank, facility_score, price_rank, price_score, rank_average, surround_rank, surround_score, view_rank, view_score, score_id) values (3.913563057251354, 2.2365486938581247, 3.6646501966454235, 6.917817833963595, 3.025821999653804, 6.014533105509436, 7.717479699633122, 1.6761612270535586, 6.066811998975053, 392);
2022-10-10 14:33:47.187  INFO 4460 --- [    Test worker] p6spy                                    : #1665380027187 | took 0ms | statement | connection 23| url jdbc:h2:mem:ad3a9e80-f26d-4a3e-9691-17f803db5723
insert into picture (spot_id, url, picture_id) values (?, ?, ?)
insert into picture (spot_id, url, picture_id) values (NULL, 'java.io.StringReader@30b32799', 1621);
2022-10-10 14:33:47.187  INFO 4460 --- [    Test worker] p6spy                                    : #1665380027187 | took 0ms | statement | connection 23| url jdbc:h2:mem:ad3a9e80-f26d-4a3e-9691-17f803db5723
insert into picture (spot_id, url, picture_id) values (?, ?, ?)
insert into picture (spot_id, url, picture_id) values (NULL, 'java.io.StringReader@18087347', 1622);
2022-10-10 14:33:47.187  INFO 4460 --- [    Test worker] p6spy                                    : #1665380027187 | took 0ms | statement | connection 23| url jdbc:h2:mem:ad3a9e80-f26d-4a3e-9691-17f803db5723
insert into picture (spot_id, url, picture_id) values (?, ?, ?)
insert into picture (spot_id, url, picture_id) values (NULL, 'java.io.StringReader@cfe4244', 1623);
2022-10-10 14:33:47.187  INFO 4460 --- [    Test worker] p6spy                                    : #1665380027187 | took 0ms | statement | connection 23| url jdbc:h2:mem:ad3a9e80-f26d-4a3e-9691-17f803db5723
insert into spot (address, description, location, name, score_id, spot_id) values (?, ?, ?, ?, ?, ?)
insert into spot (address, description, location, name, score_id, spot_id) values (NULL, NULL, 'Andeok_myeon', NULL, 392, 458);
2022-10-10 14:33:47.187  INFO 4460 --- [    Test worker] p6spy                                    : #1665380027187 | took 0ms | statement | connection 23| url jdbc:h2:mem:ad3a9e80-f26d-4a3e-9691-17f803db5723
insert into member_spot (member_id, score, spot_id, member_spot_id) values (?, ?, ?, ?)
insert into member_spot (member_id, score, spot_id, member_spot_id) values (14, 0.0, 458, 1624);
2022-10-10 14:33:47.187  INFO 4460 --- [    Test worker] p6spy                                    : #1665380027187 | took 0ms | statement | connection 23| url jdbc:h2:mem:ad3a9e80-f26d-4a3e-9691-17f803db5723
insert into review (content, spot_id, review_id) values (?, ?, ?)
insert into review (content, spot_id, review_id) values ('java.io.StringReader@5af50d9b', 369, 394);
2022-10-10 14:33:47.188  INFO 4460 --- [    Test worker] p6spy                                    : #1665380027188 | took 0ms | statement | connection 23| url jdbc:h2:mem:ad3a9e80-f26d-4a3e-9691-17f803db5723
insert into score (facility_rank, facility_score, price_rank, price_score, rank_average, surround_rank, surround_score, view_rank, view_score, score_id) values (?, ?, ?, ?, ?, ?, ?, ?, ?, ?)
insert into score (facility_rank, facility_score, price_rank, price_score, rank_average, surround_rank, surround_score, view_rank, view_score, score_id) values (2.1451014727678377, 2.276768323763015, 0.18494092829758335, 2.0314967206342005, 8.988702942441225, 1.6524613667071797, 8.150559848564852, 4.8461394634753, 6.998334118834295, 393);
2022-10-10 14:33:47.188  INFO 4460 --- [    Test worker] p6spy                                    : #1665380027188 | took 0ms | statement | connection 23| url jdbc:h2:mem:ad3a9e80-f26d-4a3e-9691-17f803db5723
insert into picture (spot_id, url, picture_id) values (?, ?, ?)
insert into picture (spot_id, url, picture_id) values (NULL, 'java.io.StringReader@49f640a4', 1625);
2022-10-10 14:33:47.188  INFO 4460 --- [    Test worker] p6spy                                    : #1665380027188 | took 0ms | statement | connection 23| url jdbc:h2:mem:ad3a9e80-f26d-4a3e-9691-17f803db5723
insert into picture (spot_id, url, picture_id) values (?, ?, ?)
insert into picture (spot_id, url, picture_id) values (NULL, 'java.io.StringReader@2abe448b', 1626);
2022-10-10 14:33:47.188  INFO 4460 --- [    Test worker] p6spy                                    : #1665380027188 | took 0ms | statement | connection 23| url jdbc:h2:mem:ad3a9e80-f26d-4a3e-9691-17f803db5723
insert into picture (spot_id, url, picture_id) values (?, ?, ?)
insert into picture (spot_id, url, picture_id) values (NULL, 'java.io.StringReader@70fbe3dd', 1627);
2022-10-10 14:33:47.188  INFO 4460 --- [    Test worker] p6spy                                    : #1665380027188 | took 0ms | statement | connection 23| url jdbc:h2:mem:ad3a9e80-f26d-4a3e-9691-17f803db5723
insert into spot (address, description, location, name, score_id, spot_id) values (?, ?, ?, ?, ?, ?)
insert into spot (address, description, location, name, score_id, spot_id) values (NULL, NULL, 'Andeok_myeon', NULL, 393, 459);
2022-10-10 14:33:47.188  INFO 4460 --- [    Test worker] p6spy                                    : #1665380027188 | took 0ms | statement | connection 23| url jdbc:h2:mem:ad3a9e80-f26d-4a3e-9691-17f803db5723
insert into member_spot (member_id, score, spot_id, member_spot_id) values (?, ?, ?, ?)
insert into member_spot (member_id, score, spot_id, member_spot_id) values (14, 0.0, 459, 1628);
2022-10-10 14:33:47.188  INFO 4460 --- [    Test worker] p6spy                                    : #1665380027188 | took 0ms | statement | connection 23| url jdbc:h2:mem:ad3a9e80-f26d-4a3e-9691-17f803db5723
insert into review (content, spot_id, review_id) values (?, ?, ?)
insert into review (content, spot_id, review_id) values ('java.io.StringReader@638a98d7', 369, 395);
2022-10-10 14:33:47.188  INFO 4460 --- [    Test worker] p6spy                                    : #1665380027188 | took 0ms | statement | connection 23| url jdbc:h2:mem:ad3a9e80-f26d-4a3e-9691-17f803db5723
insert into favorite_spot (count, favorite_id, spot_id, favorite_spot_id) values (?, ?, ?, ?)
insert into favorite_spot (count, favorite_id, spot_id, favorite_spot_id) values (0, 37, 459, 366);
2022-10-10 14:33:47.188  INFO 4460 --- [    Test worker] p6spy                                    : #1665380027188 | took 0ms | statement | connection 23| url jdbc:h2:mem:ad3a9e80-f26d-4a3e-9691-17f803db5723
insert into score (facility_rank, facility_score, price_rank, price_score, rank_average, surround_rank, surround_score, view_rank, view_score, score_id) values (?, ?, ?, ?, ?, ?, ?, ?, ?, ?)
insert into score (facility_rank, facility_score, price_rank, price_score, rank_average, surround_rank, surround_score, view_rank, view_score, score_id) values (0.8367581811417324, 2.328740828519492, 4.572400440358079, 7.264910659949847, 7.179274278212354, 2.60316624173647, 4.595630498613524, 4.151060405674199, 9.79141720206236, 394);
2022-10-10 14:33:47.188  INFO 4460 --- [    Test worker] p6spy                                    : #1665380027188 | took 0ms | statement | connection 23| url jdbc:h2:mem:ad3a9e80-f26d-4a3e-9691-17f803db5723
insert into picture (spot_id, url, picture_id) values (?, ?, ?)
insert into picture (spot_id, url, picture_id) values (NULL, 'java.io.StringReader@40dfd1c3', 1629);
2022-10-10 14:33:47.188  INFO 4460 --- [    Test worker] p6spy                                    : #1665380027188 | took 0ms | statement | connection 23| url jdbc:h2:mem:ad3a9e80-f26d-4a3e-9691-17f803db5723
insert into picture (spot_id, url, picture_id) values (?, ?, ?)
insert into picture (spot_id, url, picture_id) values (NULL, 'java.io.StringReader@59f7c169', 1630);
2022-10-10 14:33:47.188  INFO 4460 --- [    Test worker] p6spy                                    : #1665380027188 | took 0ms | statement | connection 23| url jdbc:h2:mem:ad3a9e80-f26d-4a3e-9691-17f803db5723
insert into picture (spot_id, url, picture_id) values (?, ?, ?)
insert into picture (spot_id, url, picture_id) values (NULL, 'java.io.StringReader@dae3613', 1631);
2022-10-10 14:33:47.188  INFO 4460 --- [    Test worker] p6spy                                    : #1665380027188 | took 0ms | statement | connection 23| url jdbc:h2:mem:ad3a9e80-f26d-4a3e-9691-17f803db5723
insert into spot (address, description, location, name, score_id, spot_id) values (?, ?, ?, ?, ?, ?)
insert into spot (address, description, location, name, score_id, spot_id) values (NULL, NULL, 'Andeok_myeon', NULL, 394, 460);
2022-10-10 14:33:47.188  INFO 4460 --- [    Test worker] p6spy                                    : #1665380027188 | took 0ms | statement | connection 23| url jdbc:h2:mem:ad3a9e80-f26d-4a3e-9691-17f803db5723
insert into member_spot (member_id, score, spot_id, member_spot_id) values (?, ?, ?, ?)
insert into member_spot (member_id, score, spot_id, member_spot_id) values (14, 0.0, 460, 1632);
2022-10-10 14:33:47.188  INFO 4460 --- [    Test worker] p6spy                                    : #1665380027188 | took 0ms | statement | connection 23| url jdbc:h2:mem:ad3a9e80-f26d-4a3e-9691-17f803db5723
insert into review (content, spot_id, review_id) values (?, ?, ?)
insert into review (content, spot_id, review_id) values ('java.io.StringReader@90f8c34', 369, 396);
2022-10-10 14:33:47.188  INFO 4460 --- [    Test worker] p6spy                                    : #1665380027188 | took 0ms | statement | connection 23| url jdbc:h2:mem:ad3a9e80-f26d-4a3e-9691-17f803db5723
insert into score (facility_rank, facility_score, price_rank, price_score, rank_average, surround_rank, surround_score, view_rank, view_score, score_id) values (?, ?, ?, ?, ?, ?, ?, ?, ?, ?)
insert into score (facility_rank, facility_score, price_rank, price_score, rank_average, surround_rank, surround_score, view_rank, view_score, score_id) values (1.203788913312609, 3.630883217810239, 8.347724394702931, 4.064835773112488, 9.170838747136838, 6.4464348039069, 0.8489939427963389, 4.1765645941643745, 8.36814649285572, 395);
2022-10-10 14:33:47.188  INFO 4460 --- [    Test worker] p6spy                                    : #1665380027188 | took 0ms | statement | connection 23| url jdbc:h2:mem:ad3a9e80-f26d-4a3e-9691-17f803db5723
insert into picture (spot_id, url, picture_id) values (?, ?, ?)
insert into picture (spot_id, url, picture_id) values (NULL, 'java.io.StringReader@55a019bb', 1633);
2022-10-10 14:33:47.188  INFO 4460 --- [    Test worker] p6spy                                    : #1665380027188 | took 0ms | statement | connection 23| url jdbc:h2:mem:ad3a9e80-f26d-4a3e-9691-17f803db5723
insert into picture (spot_id, url, picture_id) values (?, ?, ?)
insert into picture (spot_id, url, picture_id) values (NULL, 'java.io.StringReader@36fa9ebd', 1634);
2022-10-10 14:33:47.188  INFO 4460 --- [    Test worker] p6spy                                    : #1665380027188 | took 0ms | statement | connection 23| url jdbc:h2:mem:ad3a9e80-f26d-4a3e-9691-17f803db5723
insert into picture (spot_id, url, picture_id) values (?, ?, ?)
insert into picture (spot_id, url, picture_id) values (NULL, 'java.io.StringReader@77e6f22d', 1635);
2022-10-10 14:33:47.188  INFO 4460 --- [    Test worker] p6spy                                    : #1665380027188 | took 0ms | statement | connection 23| url jdbc:h2:mem:ad3a9e80-f26d-4a3e-9691-17f803db5723
insert into spot (address, description, location, name, score_id, spot_id) values (?, ?, ?, ?, ?, ?)
insert into spot (address, description, location, name, score_id, spot_id) values (NULL, NULL, 'Andeok_myeon', NULL, 395, 461);
2022-10-10 14:33:47.188  INFO 4460 --- [    Test worker] p6spy                                    : #1665380027188 | took 0ms | statement | connection 23| url jdbc:h2:mem:ad3a9e80-f26d-4a3e-9691-17f803db5723
insert into member_spot (member_id, score, spot_id, member_spot_id) values (?, ?, ?, ?)
insert into member_spot (member_id, score, spot_id, member_spot_id) values (14, 0.0, 461, 1636);
2022-10-10 14:33:47.188  INFO 4460 --- [    Test worker] p6spy                                    : #1665380027188 | took 0ms | statement | connection 23| url jdbc:h2:mem:ad3a9e80-f26d-4a3e-9691-17f803db5723
insert into review (content, spot_id, review_id) values (?, ?, ?)
insert into review (content, spot_id, review_id) values ('java.io.StringReader@319052b1', 369, 397);
2022-10-10 14:33:47.188  INFO 4460 --- [    Test worker] p6spy                                    : #1665380027188 | took 0ms | statement | connection 23| url jdbc:h2:mem:ad3a9e80-f26d-4a3e-9691-17f803db5723
insert into favorite_spot (count, favorite_id, spot_id, favorite_spot_id) values (?, ?, ?, ?)
insert into favorite_spot (count, favorite_id, spot_id, favorite_spot_id) values (0, 37, 461, 367);
2022-10-10 14:33:47.188  INFO 4460 --- [    Test worker] p6spy                                    : #1665380027188 | took 0ms | statement | connection 23| url jdbc:h2:mem:ad3a9e80-f26d-4a3e-9691-17f803db5723
insert into score (facility_rank, facility_score, price_rank, price_score, rank_average, surround_rank, surround_score, view_rank, view_score, score_id) values (?, ?, ?, ?, ?, ?, ?, ?, ?, ?)
insert into score (facility_rank, facility_score, price_rank, price_score, rank_average, surround_rank, surround_score, view_rank, view_score, score_id) values (5.813434667343341, 5.304056877845106, 6.8074293536232755, 9.865388691801355, 8.677489994867315, 9.798497185461946, 9.45873550182218, 1.5282697368662745, 3.3776956625563983, 396);
2022-10-10 14:33:47.188  INFO 4460 --- [    Test worker] p6spy                                    : #1665380027188 | took 0ms | statement | connection 23| url jdbc:h2:mem:ad3a9e80-f26d-4a3e-9691-17f803db5723
insert into picture (spot_id, url, picture_id) values (?, ?, ?)
insert into picture (spot_id, url, picture_id) values (NULL, 'java.io.StringReader@7385c2f0', 1637);
2022-10-10 14:33:47.188  INFO 4460 --- [    Test worker] p6spy                                    : #1665380027188 | took 0ms | statement | connection 23| url jdbc:h2:mem:ad3a9e80-f26d-4a3e-9691-17f803db5723
insert into picture (spot_id, url, picture_id) values (?, ?, ?)
insert into picture (spot_id, url, picture_id) values (NULL, 'java.io.StringReader@608e7e46', 1638);
2022-10-10 14:33:47.188  INFO 4460 --- [    Test worker] p6spy                                    : #1665380027188 | took 0ms | statement | connection 23| url jdbc:h2:mem:ad3a9e80-f26d-4a3e-9691-17f803db5723
insert into picture (spot_id, url, picture_id) values (?, ?, ?)
insert into picture (spot_id, url, picture_id) values (NULL, 'java.io.StringReader@70a1e4f7', 1639);
2022-10-10 14:33:47.188  INFO 4460 --- [    Test worker] p6spy                                    : #1665380027188 | took 0ms | statement | connection 23| url jdbc:h2:mem:ad3a9e80-f26d-4a3e-9691-17f803db5723
insert into spot (address, description, location, name, score_id, spot_id) values (?, ?, ?, ?, ?, ?)
insert into spot (address, description, location, name, score_id, spot_id) values (NULL, NULL, 'Andeok_myeon', NULL, 396, 462);
2022-10-10 14:33:47.189  INFO 4460 --- [    Test worker] p6spy                                    : #1665380027188 | took 0ms | statement | connection 23| url jdbc:h2:mem:ad3a9e80-f26d-4a3e-9691-17f803db5723
insert into member_spot (member_id, score, spot_id, member_spot_id) values (?, ?, ?, ?)
insert into member_spot (member_id, score, spot_id, member_spot_id) values (14, 0.0, 462, 1640);
2022-10-10 14:33:47.189  INFO 4460 --- [    Test worker] p6spy                                    : #1665380027189 | took 0ms | statement | connection 23| url jdbc:h2:mem:ad3a9e80-f26d-4a3e-9691-17f803db5723
insert into review (content, spot_id, review_id) values (?, ?, ?)
insert into review (content, spot_id, review_id) values ('java.io.StringReader@2963a8da', 369, 398);
2022-10-10 14:33:47.189  INFO 4460 --- [    Test worker] p6spy                                    : #1665380027189 | took 0ms | statement | connection 23| url jdbc:h2:mem:ad3a9e80-f26d-4a3e-9691-17f803db5723
insert into score (facility_rank, facility_score, price_rank, price_score, rank_average, surround_rank, surround_score, view_rank, view_score, score_id) values (?, ?, ?, ?, ?, ?, ?, ?, ?, ?)
insert into score (facility_rank, facility_score, price_rank, price_score, rank_average, surround_rank, surround_score, view_rank, view_score, score_id) values (6.811971296299677, 9.60284195218383, 2.0109802261852083, 5.681943527778429, 9.934541149081438, 7.619115886497023, 4.827246770341457, 6.730138736092647, 3.4405600485469234, 397);
2022-10-10 14:33:47.189  INFO 4460 --- [    Test worker] p6spy                                    : #1665380027189 | took 0ms | statement | connection 23| url jdbc:h2:mem:ad3a9e80-f26d-4a3e-9691-17f803db5723
insert into picture (spot_id, url, picture_id) values (?, ?, ?)
insert into picture (spot_id, url, picture_id) values (NULL, 'java.io.StringReader@5c609f47', 1641);
2022-10-10 14:33:47.189  INFO 4460 --- [    Test worker] p6spy                                    : #1665380027189 | took 0ms | statement | connection 23| url jdbc:h2:mem:ad3a9e80-f26d-4a3e-9691-17f803db5723
insert into picture (spot_id, url, picture_id) values (?, ?, ?)
insert into picture (spot_id, url, picture_id) values (NULL, 'java.io.StringReader@3a76d39', 1642);
2022-10-10 14:33:47.189  INFO 4460 --- [    Test worker] p6spy                                    : #1665380027189 | took 0ms | statement | connection 23| url jdbc:h2:mem:ad3a9e80-f26d-4a3e-9691-17f803db5723
insert into picture (spot_id, url, picture_id) values (?, ?, ?)
insert into picture (spot_id, url, picture_id) values (NULL, 'java.io.StringReader@4da9ddf5', 1643);
2022-10-10 14:33:47.189  INFO 4460 --- [    Test worker] p6spy                                    : #1665380027189 | took 0ms | statement | connection 23| url jdbc:h2:mem:ad3a9e80-f26d-4a3e-9691-17f803db5723
insert into spot (address, description, location, name, score_id, spot_id) values (?, ?, ?, ?, ?, ?)
insert into spot (address, description, location, name, score_id, spot_id) values (NULL, NULL, 'Andeok_myeon', NULL, 397, 463);
2022-10-10 14:33:47.189  INFO 4460 --- [    Test worker] p6spy                                    : #1665380027189 | took 0ms | statement | connection 23| url jdbc:h2:mem:ad3a9e80-f26d-4a3e-9691-17f803db5723
insert into member_spot (member_id, score, spot_id, member_spot_id) values (?, ?, ?, ?)
insert into member_spot (member_id, score, spot_id, member_spot_id) values (14, 0.0, 463, 1644);
2022-10-10 14:33:47.189  INFO 4460 --- [    Test worker] p6spy                                    : #1665380027189 | took 0ms | statement | connection 23| url jdbc:h2:mem:ad3a9e80-f26d-4a3e-9691-17f803db5723
insert into review (content, spot_id, review_id) values (?, ?, ?)
insert into review (content, spot_id, review_id) values ('java.io.StringReader@7a8c1916', 369, 399);
2022-10-10 14:33:47.189  INFO 4460 --- [    Test worker] p6spy                                    : #1665380027189 | took 0ms | statement | connection 23| url jdbc:h2:mem:ad3a9e80-f26d-4a3e-9691-17f803db5723
insert into favorite_spot (count, favorite_id, spot_id, favorite_spot_id) values (?, ?, ?, ?)
insert into favorite_spot (count, favorite_id, spot_id, favorite_spot_id) values (0, 37, 463, 368);
2022-10-10 14:33:47.189  INFO 4460 --- [    Test worker] p6spy                                    : #1665380027189 | took 0ms | statement | connection 23| url jdbc:h2:mem:ad3a9e80-f26d-4a3e-9691-17f803db5723
insert into score (facility_rank, facility_score, price_rank, price_score, rank_average, surround_rank, surround_score, view_rank, view_score, score_id) values (?, ?, ?, ?, ?, ?, ?, ?, ?, ?)
insert into score (facility_rank, facility_score, price_rank, price_score, rank_average, surround_rank, surround_score, view_rank, view_score, score_id) values (3.8525556047895346, 9.572525711461143, 5.165254256771865, 2.661195556792908, 2.450832689916169, 3.763983044139735, 2.956485442166392, 8.466370123484738, 0.35506164433572684, 398);
2022-10-10 14:33:47.189  INFO 4460 --- [    Test worker] p6spy                                    : #1665380027189 | took 0ms | statement | connection 23| url jdbc:h2:mem:ad3a9e80-f26d-4a3e-9691-17f803db5723
insert into picture (spot_id, url, picture_id) values (?, ?, ?)
insert into picture (spot_id, url, picture_id) values (NULL, 'java.io.StringReader@4e60caa4', 1645);
2022-10-10 14:33:47.189  INFO 4460 --- [    Test worker] p6spy                                    : #1665380027189 | took 0ms | statement | connection 23| url jdbc:h2:mem:ad3a9e80-f26d-4a3e-9691-17f803db5723
insert into picture (spot_id, url, picture_id) values (?, ?, ?)
insert into picture (spot_id, url, picture_id) values (NULL, 'java.io.StringReader@35144554', 1646);
2022-10-10 14:33:47.189  INFO 4460 --- [    Test worker] p6spy                                    : #1665380027189 | took 0ms | statement | connection 23| url jdbc:h2:mem:ad3a9e80-f26d-4a3e-9691-17f803db5723
insert into picture (spot_id, url, picture_id) values (?, ?, ?)
insert into picture (spot_id, url, picture_id) values (NULL, 'java.io.StringReader@6e658b67', 1647);
2022-10-10 14:33:47.189  INFO 4460 --- [    Test worker] p6spy                                    : #1665380027189 | took 0ms | statement | connection 23| url jdbc:h2:mem:ad3a9e80-f26d-4a3e-9691-17f803db5723
insert into spot (address, description, location, name, score_id, spot_id) values (?, ?, ?, ?, ?, ?)
insert into spot (address, description, location, name, score_id, spot_id) values (NULL, NULL, 'Andeok_myeon', NULL, 398, 464);
2022-10-10 14:33:47.189  INFO 4460 --- [    Test worker] p6spy                                    : #1665380027189 | took 0ms | statement | connection 23| url jdbc:h2:mem:ad3a9e80-f26d-4a3e-9691-17f803db5723
insert into member_spot (member_id, score, spot_id, member_spot_id) values (?, ?, ?, ?)
insert into member_spot (member_id, score, spot_id, member_spot_id) values (14, 0.0, 464, 1648);
2022-10-10 14:33:47.189  INFO 4460 --- [    Test worker] p6spy                                    : #1665380027189 | took 0ms | statement | connection 23| url jdbc:h2:mem:ad3a9e80-f26d-4a3e-9691-17f803db5723
insert into review (content, spot_id, review_id) values (?, ?, ?)
insert into review (content, spot_id, review_id) values ('java.io.StringReader@42627e6b', 369, 400);
2022-10-10 14:33:47.189  INFO 4460 --- [    Test worker] p6spy                                    : #1665380027189 | took 0ms | statement | connection 23| url jdbc:h2:mem:ad3a9e80-f26d-4a3e-9691-17f803db5723
insert into score (facility_rank, facility_score, price_rank, price_score, rank_average, surround_rank, surround_score, view_rank, view_score, score_id) values (?, ?, ?, ?, ?, ?, ?, ?, ?, ?)
insert into score (facility_rank, facility_score, price_rank, price_score, rank_average, surround_rank, surround_score, view_rank, view_score, score_id) values (2.838675677128031, 0.8528144547062844, 8.866492733754065, 2.9907413472806024, 3.1156289872608722, 3.117371081538712, 0.5451607596161567, 9.700883575302226, 2.3295327988899786, 399);
2022-10-10 14:33:47.189  INFO 4460 --- [    Test worker] p6spy                                    : #1665380027189 | took 0ms | statement | connection 23| url jdbc:h2:mem:ad3a9e80-f26d-4a3e-9691-17f803db5723
insert into picture (spot_id, url, picture_id) values (?, ?, ?)
insert into picture (spot_id, url, picture_id) values (NULL, 'java.io.StringReader@6dcfa481', 1649);
2022-10-10 14:33:47.189  INFO 4460 --- [    Test worker] p6spy                                    : #1665380027189 | took 0ms | statement | connection 23| url jdbc:h2:mem:ad3a9e80-f26d-4a3e-9691-17f803db5723
insert into picture (spot_id, url, picture_id) values (?, ?, ?)
insert into picture (spot_id, url, picture_id) values (NULL, 'java.io.StringReader@4c0a508e', 1650);
2022-10-10 14:33:47.189  INFO 4460 --- [    Test worker] p6spy                                    : #1665380027189 | took 0ms | statement | connection 23| url jdbc:h2:mem:ad3a9e80-f26d-4a3e-9691-17f803db5723
insert into picture (spot_id, url, picture_id) values (?, ?, ?)
insert into picture (spot_id, url, picture_id) values (NULL, 'java.io.StringReader@2029d432', 1651);
2022-10-10 14:33:47.189  INFO 4460 --- [    Test worker] p6spy                                    : #1665380027189 | took 0ms | statement | connection 23| url jdbc:h2:mem:ad3a9e80-f26d-4a3e-9691-17f803db5723
insert into spot (address, description, location, name, score_id, spot_id) values (?, ?, ?, ?, ?, ?)
insert into spot (address, description, location, name, score_id, spot_id) values (NULL, NULL, 'Andeok_myeon', NULL, 399, 465);
2022-10-10 14:33:47.189  INFO 4460 --- [    Test worker] p6spy                                    : #1665380027189 | took 0ms | statement | connection 23| url jdbc:h2:mem:ad3a9e80-f26d-4a3e-9691-17f803db5723
insert into member_spot (member_id, score, spot_id, member_spot_id) values (?, ?, ?, ?)
insert into member_spot (member_id, score, spot_id, member_spot_id) values (14, 0.0, 465, 1652);
2022-10-10 14:33:47.189  INFO 4460 --- [    Test worker] p6spy                                    : #1665380027189 | took 0ms | statement | connection 23| url jdbc:h2:mem:ad3a9e80-f26d-4a3e-9691-17f803db5723
insert into review (content, spot_id, review_id) values (?, ?, ?)
insert into review (content, spot_id, review_id) values ('java.io.StringReader@7f206e59', 369, 401);
2022-10-10 14:33:47.189  INFO 4460 --- [    Test worker] p6spy                                    : #1665380027189 | took 0ms | statement | connection 23| url jdbc:h2:mem:ad3a9e80-f26d-4a3e-9691-17f803db5723
insert into favorite_spot (count, favorite_id, spot_id, favorite_spot_id) values (?, ?, ?, ?)
insert into favorite_spot (count, favorite_id, spot_id, favorite_spot_id) values (0, 37, 465, 369);
2022-10-10 14:33:47.189  INFO 4460 --- [    Test worker] p6spy                                    : #1665380027189 | took 0ms | statement | connection 23| url jdbc:h2:mem:ad3a9e80-f26d-4a3e-9691-17f803db5723
insert into score (facility_rank, facility_score, price_rank, price_score, rank_average, surround_rank, surround_score, view_rank, view_score, score_id) values (?, ?, ?, ?, ?, ?, ?, ?, ?, ?)
insert into score (facility_rank, facility_score, price_rank, price_score, rank_average, surround_rank, surround_score, view_rank, view_score, score_id) values (4.616615947858877, 8.462972428892972, 9.627513038808845, 2.7762948024840517, 7.752175538729463, 6.233180757774601, 9.617096251050754, 3.5615006370087965, 0.5317274048616027, 400);
2022-10-10 14:33:47.189  INFO 4460 --- [    Test worker] p6spy                                    : #1665380027189 | took 0ms | statement | connection 23| url jdbc:h2:mem:ad3a9e80-f26d-4a3e-9691-17f803db5723
insert into picture (spot_id, url, picture_id) values (?, ?, ?)
insert into picture (spot_id, url, picture_id) values (NULL, 'java.io.StringReader@d1b0709', 1653);
2022-10-10 14:33:47.189  INFO 4460 --- [    Test worker] p6spy                                    : #1665380027189 | took 0ms | statement | connection 23| url jdbc:h2:mem:ad3a9e80-f26d-4a3e-9691-17f803db5723
insert into picture (spot_id, url, picture_id) values (?, ?, ?)
insert into picture (spot_id, url, picture_id) values (NULL, 'java.io.StringReader@e10be0b', 1654);
2022-10-10 14:33:47.189  INFO 4460 --- [    Test worker] p6spy                                    : #1665380027189 | took 0ms | statement | connection 23| url jdbc:h2:mem:ad3a9e80-f26d-4a3e-9691-17f803db5723
insert into picture (spot_id, url, picture_id) values (?, ?, ?)
insert into picture (spot_id, url, picture_id) values (NULL, 'java.io.StringReader@24a9599', 1655);
2022-10-10 14:33:47.189  INFO 4460 --- [    Test worker] p6spy                                    : #1665380027189 | took 0ms | statement | connection 23| url jdbc:h2:mem:ad3a9e80-f26d-4a3e-9691-17f803db5723
insert into spot (address, description, location, name, score_id, spot_id) values (?, ?, ?, ?, ?, ?)
insert into spot (address, description, location, name, score_id, spot_id) values (NULL, NULL, 'Andeok_myeon', NULL, 400, 466);
2022-10-10 14:33:47.190  INFO 4460 --- [    Test worker] p6spy                                    : #1665380027190 | took 0ms | statement | connection 23| url jdbc:h2:mem:ad3a9e80-f26d-4a3e-9691-17f803db5723
insert into member_spot (member_id, score, spot_id, member_spot_id) values (?, ?, ?, ?)
insert into member_spot (member_id, score, spot_id, member_spot_id) values (14, 0.0, 466, 1656);
2022-10-10 14:33:47.190  INFO 4460 --- [    Test worker] p6spy                                    : #1665380027190 | took 0ms | statement | connection 23| url jdbc:h2:mem:ad3a9e80-f26d-4a3e-9691-17f803db5723
insert into review (content, spot_id, review_id) values (?, ?, ?)
insert into review (content, spot_id, review_id) values ('java.io.StringReader@1f2da372', 369, 402);
2022-10-10 14:33:47.190  INFO 4460 --- [    Test worker] p6spy                                    : #1665380027190 | took 0ms | statement | connection 23| url jdbc:h2:mem:ad3a9e80-f26d-4a3e-9691-17f803db5723
insert into score (facility_rank, facility_score, price_rank, price_score, rank_average, surround_rank, surround_score, view_rank, view_score, score_id) values (?, ?, ?, ?, ?, ?, ?, ?, ?, ?)
insert into score (facility_rank, facility_score, price_rank, price_score, rank_average, surround_rank, surround_score, view_rank, view_score, score_id) values (5.608583393003484, 3.6869794547786086, 8.794076257955643, 1.959074204164204, 1.5416200609153696, 0.44754423958854317, 4.804323331482615, 0.31840599196162334, 3.1353478935097847, 401);
2022-10-10 14:33:47.190  INFO 4460 --- [    Test worker] p6spy                                    : #1665380027190 | took 0ms | statement | connection 23| url jdbc:h2:mem:ad3a9e80-f26d-4a3e-9691-17f803db5723
insert into picture (spot_id, url, picture_id) values (?, ?, ?)
insert into picture (spot_id, url, picture_id) values (NULL, 'java.io.StringReader@4084d6b4', 1657);
2022-10-10 14:33:47.190  INFO 4460 --- [    Test worker] p6spy                                    : #1665380027190 | took 0ms | statement | connection 23| url jdbc:h2:mem:ad3a9e80-f26d-4a3e-9691-17f803db5723
insert into picture (spot_id, url, picture_id) values (?, ?, ?)
insert into picture (spot_id, url, picture_id) values (NULL, 'java.io.StringReader@1564d9cc', 1658);
2022-10-10 14:33:47.190  INFO 4460 --- [    Test worker] p6spy                                    : #1665380027190 | took 0ms | statement | connection 23| url jdbc:h2:mem:ad3a9e80-f26d-4a3e-9691-17f803db5723
insert into picture (spot_id, url, picture_id) values (?, ?, ?)
insert into picture (spot_id, url, picture_id) values (NULL, 'java.io.StringReader@49eb9a66', 1659);
2022-10-10 14:33:47.190  INFO 4460 --- [    Test worker] p6spy                                    : #1665380027190 | took 0ms | statement | connection 23| url jdbc:h2:mem:ad3a9e80-f26d-4a3e-9691-17f803db5723
insert into spot (address, description, location, name, score_id, spot_id) values (?, ?, ?, ?, ?, ?)
insert into spot (address, description, location, name, score_id, spot_id) values (NULL, NULL, 'Andeok_myeon', NULL, 401, 467);
2022-10-10 14:33:47.190  INFO 4460 --- [    Test worker] p6spy                                    : #1665380027190 | took 0ms | statement | connection 23| url jdbc:h2:mem:ad3a9e80-f26d-4a3e-9691-17f803db5723
insert into member_spot (member_id, score, spot_id, member_spot_id) values (?, ?, ?, ?)
insert into member_spot (member_id, score, spot_id, member_spot_id) values (14, 0.0, 467, 1660);
2022-10-10 14:33:47.190  INFO 4460 --- [    Test worker] p6spy                                    : #1665380027190 | took 0ms | statement | connection 23| url jdbc:h2:mem:ad3a9e80-f26d-4a3e-9691-17f803db5723
insert into review (content, spot_id, review_id) values (?, ?, ?)
insert into review (content, spot_id, review_id) values ('java.io.StringReader@15eae4fa', 369, 403);
2022-10-10 14:33:47.190  INFO 4460 --- [    Test worker] p6spy                                    : #1665380027190 | took 0ms | statement | connection 23| url jdbc:h2:mem:ad3a9e80-f26d-4a3e-9691-17f803db5723
insert into favorite_spot (count, favorite_id, spot_id, favorite_spot_id) values (?, ?, ?, ?)
insert into favorite_spot (count, favorite_id, spot_id, favorite_spot_id) values (0, 37, 467, 370);
2022-10-10 14:33:47.190  INFO 4460 --- [    Test worker] p6spy                                    : #1665380027190 | took 0ms | statement | connection 23| url jdbc:h2:mem:ad3a9e80-f26d-4a3e-9691-17f803db5723
insert into score (facility_rank, facility_score, price_rank, price_score, rank_average, surround_rank, surround_score, view_rank, view_score, score_id) values (?, ?, ?, ?, ?, ?, ?, ?, ?, ?)
insert into score (facility_rank, facility_score, price_rank, price_score, rank_average, surround_rank, surround_score, view_rank, view_score, score_id) values (4.769208010718854, 0.236154459404595, 2.7832140797669225, 6.00645853771987, 2.3583049753060648, 1.4500163818081235, 7.333710983987522, 3.161666835152074, 2.5803713206782195, 402);
2022-10-10 14:33:47.190  INFO 4460 --- [    Test worker] p6spy                                    : #1665380027190 | took 0ms | statement | connection 23| url jdbc:h2:mem:ad3a9e80-f26d-4a3e-9691-17f803db5723
insert into picture (spot_id, url, picture_id) values (?, ?, ?)
insert into picture (spot_id, url, picture_id) values (NULL, 'java.io.StringReader@79f9d0bc', 1661);
2022-10-10 14:33:47.190  INFO 4460 --- [    Test worker] p6spy                                    : #1665380027190 | took 0ms | statement | connection 23| url jdbc:h2:mem:ad3a9e80-f26d-4a3e-9691-17f803db5723
insert into picture (spot_id, url, picture_id) values (?, ?, ?)
insert into picture (spot_id, url, picture_id) values (NULL, 'java.io.StringReader@4101ad6', 1662);
2022-10-10 14:33:47.190  INFO 4460 --- [    Test worker] p6spy                                    : #1665380027190 | took 0ms | statement | connection 23| url jdbc:h2:mem:ad3a9e80-f26d-4a3e-9691-17f803db5723
insert into picture (spot_id, url, picture_id) values (?, ?, ?)
insert into picture (spot_id, url, picture_id) values (NULL, 'java.io.StringReader@5690126f', 1663);
2022-10-10 14:33:47.190  INFO 4460 --- [    Test worker] p6spy                                    : #1665380027190 | took 0ms | statement | connection 23| url jdbc:h2:mem:ad3a9e80-f26d-4a3e-9691-17f803db5723
insert into spot (address, description, location, name, score_id, spot_id) values (?, ?, ?, ?, ?, ?)
insert into spot (address, description, location, name, score_id, spot_id) values (NULL, NULL, 'Andeok_myeon', NULL, 402, 468);
2022-10-10 14:33:47.190  INFO 4460 --- [    Test worker] p6spy                                    : #1665380027190 | took 0ms | statement | connection 23| url jdbc:h2:mem:ad3a9e80-f26d-4a3e-9691-17f803db5723
insert into member_spot (member_id, score, spot_id, member_spot_id) values (?, ?, ?, ?)
insert into member_spot (member_id, score, spot_id, member_spot_id) values (14, 0.0, 468, 1664);
2022-10-10 14:33:47.190  INFO 4460 --- [    Test worker] p6spy                                    : #1665380027190 | took 0ms | statement | connection 23| url jdbc:h2:mem:ad3a9e80-f26d-4a3e-9691-17f803db5723
insert into review (content, spot_id, review_id) values (?, ?, ?)
insert into review (content, spot_id, review_id) values ('java.io.StringReader@46241f9', 369, 404);
2022-10-10 14:33:47.190  INFO 4460 --- [    Test worker] p6spy                                    : #1665380027190 | took 0ms | statement | connection 23| url jdbc:h2:mem:ad3a9e80-f26d-4a3e-9691-17f803db5723
update picture set spot_id=?, url=? where picture_id=?
update picture set spot_id=369, url='java.io.StringReader@2c58a2ce' where picture_id=1265;
2022-10-10 14:33:47.190  INFO 4460 --- [    Test worker] p6spy                                    : #1665380027190 | took 0ms | statement | connection 23| url jdbc:h2:mem:ad3a9e80-f26d-4a3e-9691-17f803db5723
update picture set spot_id=?, url=? where picture_id=?
update picture set spot_id=369, url='java.io.StringReader@1273fee8' where picture_id=1266;
2022-10-10 14:33:47.190  INFO 4460 --- [    Test worker] p6spy                                    : #1665380027190 | took 0ms | statement | connection 23| url jdbc:h2:mem:ad3a9e80-f26d-4a3e-9691-17f803db5723
update picture set spot_id=?, url=? where picture_id=?
update picture set spot_id=369, url='java.io.StringReader@4cb7d26b' where picture_id=1267;
2022-10-10 14:33:47.190  INFO 4460 --- [    Test worker] p6spy                                    : #1665380027190 | took 0ms | statement | connection 23| url jdbc:h2:mem:ad3a9e80-f26d-4a3e-9691-17f803db5723
update picture set spot_id=?, url=? where picture_id=?
update picture set spot_id=370, url='java.io.StringReader@3e0b3dde' where picture_id=1269;
2022-10-10 14:33:47.191  INFO 4460 --- [    Test worker] p6spy                                    : #1665380027191 | took 0ms | statement | connection 23| url jdbc:h2:mem:ad3a9e80-f26d-4a3e-9691-17f803db5723
update picture set spot_id=?, url=? where picture_id=?
update picture set spot_id=370, url='java.io.StringReader@347d91af' where picture_id=1270;
2022-10-10 14:33:47.191  INFO 4460 --- [    Test worker] p6spy                                    : #1665380027191 | took 0ms | statement | connection 23| url jdbc:h2:mem:ad3a9e80-f26d-4a3e-9691-17f803db5723
update picture set spot_id=?, url=? where picture_id=?
update picture set spot_id=370, url='java.io.StringReader@3e9c1840' where picture_id=1271;
2022-10-10 14:33:47.191  INFO 4460 --- [    Test worker] p6spy                                    : #1665380027191 | took 0ms | statement | connection 23| url jdbc:h2:mem:ad3a9e80-f26d-4a3e-9691-17f803db5723
update picture set spot_id=?, url=? where picture_id=?
update picture set spot_id=371, url='java.io.StringReader@5fa9d195' where picture_id=1273;
2022-10-10 14:33:47.191  INFO 4460 --- [    Test worker] p6spy                                    : #1665380027191 | took 0ms | statement | connection 23| url jdbc:h2:mem:ad3a9e80-f26d-4a3e-9691-17f803db5723
update picture set spot_id=?, url=? where picture_id=?
update picture set spot_id=371, url='java.io.StringReader@17fdbefb' where picture_id=1274;
2022-10-10 14:33:47.191  INFO 4460 --- [    Test worker] p6spy                                    : #1665380027191 | took 0ms | statement | connection 23| url jdbc:h2:mem:ad3a9e80-f26d-4a3e-9691-17f803db5723
update picture set spot_id=?, url=? where picture_id=?
update picture set spot_id=371, url='java.io.StringReader@730ed75d' where picture_id=1275;
2022-10-10 14:33:47.191  INFO 4460 --- [    Test worker] p6spy                                    : #1665380027191 | took 0ms | statement | connection 23| url jdbc:h2:mem:ad3a9e80-f26d-4a3e-9691-17f803db5723
update picture set spot_id=?, url=? where picture_id=?
update picture set spot_id=372, url='java.io.StringReader@3e69185' where picture_id=1277;
2022-10-10 14:33:47.191  INFO 4460 --- [    Test worker] p6spy                                    : #1665380027191 | took 0ms | statement | connection 23| url jdbc:h2:mem:ad3a9e80-f26d-4a3e-9691-17f803db5723
update picture set spot_id=?, url=? where picture_id=?
update picture set spot_id=372, url='java.io.StringReader@75de0da8' where picture_id=1278;
2022-10-10 14:33:47.191  INFO 4460 --- [    Test worker] p6spy                                    : #1665380027191 | took 0ms | statement | connection 23| url jdbc:h2:mem:ad3a9e80-f26d-4a3e-9691-17f803db5723
update picture set spot_id=?, url=? where picture_id=?
update picture set spot_id=372, url='java.io.StringReader@4e0554ca' where picture_id=1279;
2022-10-10 14:33:47.191  INFO 4460 --- [    Test worker] p6spy                                    : #1665380027191 | took 0ms | statement | connection 23| url jdbc:h2:mem:ad3a9e80-f26d-4a3e-9691-17f803db5723
update picture set spot_id=?, url=? where picture_id=?
update picture set spot_id=373, url='java.io.StringReader@10d71079' where picture_id=1281;
2022-10-10 14:33:47.191  INFO 4460 --- [    Test worker] p6spy                                    : #1665380027191 | took 0ms | statement | connection 23| url jdbc:h2:mem:ad3a9e80-f26d-4a3e-9691-17f803db5723
update picture set spot_id=?, url=? where picture_id=?
update picture set spot_id=373, url='java.io.StringReader@21ad2894' where picture_id=1282;
2022-10-10 14:33:47.191  INFO 4460 --- [    Test worker] p6spy                                    : #1665380027191 | took 0ms | statement | connection 23| url jdbc:h2:mem:ad3a9e80-f26d-4a3e-9691-17f803db5723
update picture set spot_id=?, url=? where picture_id=?
update picture set spot_id=373, url='java.io.StringReader@5ce0d1aa' where picture_id=1283;
2022-10-10 14:33:47.191  INFO 4460 --- [    Test worker] p6spy                                    : #1665380027191 | took 0ms | statement | connection 23| url jdbc:h2:mem:ad3a9e80-f26d-4a3e-9691-17f803db5723
update picture set spot_id=?, url=? where picture_id=?
update picture set spot_id=374, url='java.io.StringReader@246b6267' where picture_id=1285;
2022-10-10 14:33:47.191  INFO 4460 --- [    Test worker] p6spy                                    : #1665380027191 | took 0ms | statement | connection 23| url jdbc:h2:mem:ad3a9e80-f26d-4a3e-9691-17f803db5723
update picture set spot_id=?, url=? where picture_id=?
update picture set spot_id=374, url='java.io.StringReader@6a4eb4f0' where picture_id=1286;
2022-10-10 14:33:47.191  INFO 4460 --- [    Test worker] p6spy                                    : #1665380027191 | took 0ms | statement | connection 23| url jdbc:h2:mem:ad3a9e80-f26d-4a3e-9691-17f803db5723
update picture set spot_id=?, url=? where picture_id=?
update picture set spot_id=374, url='java.io.StringReader@69fc861a' where picture_id=1287;
2022-10-10 14:33:47.191  INFO 4460 --- [    Test worker] p6spy                                    : #1665380027191 | took 0ms | statement | connection 23| url jdbc:h2:mem:ad3a9e80-f26d-4a3e-9691-17f803db5723
update picture set spot_id=?, url=? where picture_id=?
update picture set spot_id=375, url='java.io.StringReader@713b9379' where picture_id=1289;
2022-10-10 14:33:47.191  INFO 4460 --- [    Test worker] p6spy                                    : #1665380027191 | took 0ms | statement | connection 23| url jdbc:h2:mem:ad3a9e80-f26d-4a3e-9691-17f803db5723
update picture set spot_id=?, url=? where picture_id=?
update picture set spot_id=375, url='java.io.StringReader@7ecac756' where picture_id=1290;
2022-10-10 14:33:47.191  INFO 4460 --- [    Test worker] p6spy                                    : #1665380027191 | took 0ms | statement | connection 23| url jdbc:h2:mem:ad3a9e80-f26d-4a3e-9691-17f803db5723
update picture set spot_id=?, url=? where picture_id=?
update picture set spot_id=375, url='java.io.StringReader@361b25cf' where picture_id=1291;
2022-10-10 14:33:47.191  INFO 4460 --- [    Test worker] p6spy                                    : #1665380027191 | took 0ms | statement | connection 23| url jdbc:h2:mem:ad3a9e80-f26d-4a3e-9691-17f803db5723
update picture set spot_id=?, url=? where picture_id=?
update picture set spot_id=376, url='java.io.StringReader@18ac5b83' where picture_id=1293;
2022-10-10 14:33:47.191  INFO 4460 --- [    Test worker] p6spy                                    : #1665380027191 | took 0ms | statement | connection 23| url jdbc:h2:mem:ad3a9e80-f26d-4a3e-9691-17f803db5723
update picture set spot_id=?, url=? where picture_id=?
update picture set spot_id=376, url='java.io.StringReader@3c3f2465' where picture_id=1294;
2022-10-10 14:33:47.191  INFO 4460 --- [    Test worker] p6spy                                    : #1665380027191 | took 0ms | statement | connection 23| url jdbc:h2:mem:ad3a9e80-f26d-4a3e-9691-17f803db5723
update picture set spot_id=?, url=? where picture_id=?
update picture set spot_id=376, url='java.io.StringReader@7b13fc9f' where picture_id=1295;
2022-10-10 14:33:47.191  INFO 4460 --- [    Test worker] p6spy                                    : #1665380027191 | took 0ms | statement | connection 23| url jdbc:h2:mem:ad3a9e80-f26d-4a3e-9691-17f803db5723
update picture set spot_id=?, url=? where picture_id=?
update picture set spot_id=377, url='java.io.StringReader@65474a7d' where picture_id=1297;
2022-10-10 14:33:47.191  INFO 4460 --- [    Test worker] p6spy                                    : #1665380027191 | took 0ms | statement | connection 23| url jdbc:h2:mem:ad3a9e80-f26d-4a3e-9691-17f803db5723
update picture set spot_id=?, url=? where picture_id=?
update picture set spot_id=377, url='java.io.StringReader@6ad46185' where picture_id=1298;
2022-10-10 14:33:47.191  INFO 4460 --- [    Test worker] p6spy                                    : #1665380027191 | took 0ms | statement | connection 23| url jdbc:h2:mem:ad3a9e80-f26d-4a3e-9691-17f803db5723
update picture set spot_id=?, url=? where picture_id=?
update picture set spot_id=377, url='java.io.StringReader@5bce0ab' where picture_id=1299;
2022-10-10 14:33:47.192  INFO 4460 --- [    Test worker] p6spy                                    : #1665380027192 | took 0ms | statement | connection 23| url jdbc:h2:mem:ad3a9e80-f26d-4a3e-9691-17f803db5723
update picture set spot_id=?, url=? where picture_id=?
update picture set spot_id=378, url='java.io.StringReader@347c2a1a' where picture_id=1301;
2022-10-10 14:33:47.192  INFO 4460 --- [    Test worker] p6spy                                    : #1665380027192 | took 0ms | statement | connection 23| url jdbc:h2:mem:ad3a9e80-f26d-4a3e-9691-17f803db5723
update picture set spot_id=?, url=? where picture_id=?
update picture set spot_id=378, url='java.io.StringReader@51b635fc' where picture_id=1302;
2022-10-10 14:33:47.192  INFO 4460 --- [    Test worker] p6spy                                    : #1665380027192 | took 0ms | statement | connection 23| url jdbc:h2:mem:ad3a9e80-f26d-4a3e-9691-17f803db5723
update picture set spot_id=?, url=? where picture_id=?
update picture set spot_id=378, url='java.io.StringReader@483f7dfb' where picture_id=1303;
2022-10-10 14:33:47.192  INFO 4460 --- [    Test worker] p6spy                                    : #1665380027192 | took 0ms | statement | connection 23| url jdbc:h2:mem:ad3a9e80-f26d-4a3e-9691-17f803db5723
update picture set spot_id=?, url=? where picture_id=?
update picture set spot_id=379, url='java.io.StringReader@42140584' where picture_id=1305;
2022-10-10 14:33:47.192  INFO 4460 --- [    Test worker] p6spy                                    : #1665380027192 | took 0ms | statement | connection 23| url jdbc:h2:mem:ad3a9e80-f26d-4a3e-9691-17f803db5723
update picture set spot_id=?, url=? where picture_id=?
update picture set spot_id=379, url='java.io.StringReader@6b3bb1c0' where picture_id=1306;
2022-10-10 14:33:47.192  INFO 4460 --- [    Test worker] p6spy                                    : #1665380027192 | took 0ms | statement | connection 23| url jdbc:h2:mem:ad3a9e80-f26d-4a3e-9691-17f803db5723
update picture set spot_id=?, url=? where picture_id=?
update picture set spot_id=379, url='java.io.StringReader@4442fa6c' where picture_id=1307;
2022-10-10 14:33:47.192  INFO 4460 --- [    Test worker] p6spy                                    : #1665380027192 | took 0ms | statement | connection 23| url jdbc:h2:mem:ad3a9e80-f26d-4a3e-9691-17f803db5723
update picture set spot_id=?, url=? where picture_id=?
update picture set spot_id=380, url='java.io.StringReader@412c7b5e' where picture_id=1309;
2022-10-10 14:33:47.192  INFO 4460 --- [    Test worker] p6spy                                    : #1665380027192 | took 0ms | statement | connection 23| url jdbc:h2:mem:ad3a9e80-f26d-4a3e-9691-17f803db5723
update picture set spot_id=?, url=? where picture_id=?
update picture set spot_id=380, url='java.io.StringReader@1abc0105' where picture_id=1310;
2022-10-10 14:33:47.192  INFO 4460 --- [    Test worker] p6spy                                    : #1665380027192 | took 0ms | statement | connection 23| url jdbc:h2:mem:ad3a9e80-f26d-4a3e-9691-17f803db5723
update picture set spot_id=?, url=? where picture_id=?
update picture set spot_id=380, url='java.io.StringReader@576d8320' where picture_id=1311;
2022-10-10 14:33:47.192  INFO 4460 --- [    Test worker] p6spy                                    : #1665380027192 | took 0ms | statement | connection 23| url jdbc:h2:mem:ad3a9e80-f26d-4a3e-9691-17f803db5723
update picture set spot_id=?, url=? where picture_id=?
update picture set spot_id=381, url='java.io.StringReader@2e6fabf5' where picture_id=1313;
2022-10-10 14:33:47.192  INFO 4460 --- [    Test worker] p6spy                                    : #1665380027192 | took 0ms | statement | connection 23| url jdbc:h2:mem:ad3a9e80-f26d-4a3e-9691-17f803db5723
update picture set spot_id=?, url=? where picture_id=?
update picture set spot_id=381, url='java.io.StringReader@49099d93' where picture_id=1314;
2022-10-10 14:33:47.192  INFO 4460 --- [    Test worker] p6spy                                    : #1665380027192 | took 0ms | statement | connection 23| url jdbc:h2:mem:ad3a9e80-f26d-4a3e-9691-17f803db5723
update picture set spot_id=?, url=? where picture_id=?
update picture set spot_id=381, url='java.io.StringReader@6de3442f' where picture_id=1315;
2022-10-10 14:33:47.192  INFO 4460 --- [    Test worker] p6spy                                    : #1665380027192 | took 0ms | statement | connection 23| url jdbc:h2:mem:ad3a9e80-f26d-4a3e-9691-17f803db5723
update picture set spot_id=?, url=? where picture_id=?
update picture set spot_id=382, url='java.io.StringReader@4bd8491e' where picture_id=1317;
2022-10-10 14:33:47.192  INFO 4460 --- [    Test worker] p6spy                                    : #1665380027192 | took 0ms | statement | connection 23| url jdbc:h2:mem:ad3a9e80-f26d-4a3e-9691-17f803db5723
update picture set spot_id=?, url=? where picture_id=?
update picture set spot_id=382, url='java.io.StringReader@104770aa' where picture_id=1318;
2022-10-10 14:33:47.192  INFO 4460 --- [    Test worker] p6spy                                    : #1665380027192 | took 0ms | statement | connection 23| url jdbc:h2:mem:ad3a9e80-f26d-4a3e-9691-17f803db5723
update picture set spot_id=?, url=? where picture_id=?
update picture set spot_id=382, url='java.io.StringReader@74d18da7' where picture_id=1319;
2022-10-10 14:33:47.192  INFO 4460 --- [    Test worker] p6spy                                    : #1665380027192 | took 0ms | statement | connection 23| url jdbc:h2:mem:ad3a9e80-f26d-4a3e-9691-17f803db5723
update picture set spot_id=?, url=? where picture_id=?
update picture set spot_id=383, url='java.io.StringReader@4e29c635' where picture_id=1321;
2022-10-10 14:33:47.192  INFO 4460 --- [    Test worker] p6spy                                    : #1665380027192 | took 0ms | statement | connection 23| url jdbc:h2:mem:ad3a9e80-f26d-4a3e-9691-17f803db5723
update picture set spot_id=?, url=? where picture_id=?
update picture set spot_id=383, url='java.io.StringReader@5364367c' where picture_id=1322;
2022-10-10 14:33:47.192  INFO 4460 --- [    Test worker] p6spy                                    : #1665380027192 | took 0ms | statement | connection 23| url jdbc:h2:mem:ad3a9e80-f26d-4a3e-9691-17f803db5723
update picture set spot_id=?, url=? where picture_id=?
update picture set spot_id=383, url='java.io.StringReader@6e8fc7a3' where picture_id=1323;
2022-10-10 14:33:47.192  INFO 4460 --- [    Test worker] p6spy                                    : #1665380027192 | took 0ms | statement | connection 23| url jdbc:h2:mem:ad3a9e80-f26d-4a3e-9691-17f803db5723
update picture set spot_id=?, url=? where picture_id=?
update picture set spot_id=384, url='java.io.StringReader@17416a79' where picture_id=1325;
2022-10-10 14:33:47.192  INFO 4460 --- [    Test worker] p6spy                                    : #1665380027192 | took 0ms | statement | connection 23| url jdbc:h2:mem:ad3a9e80-f26d-4a3e-9691-17f803db5723
update picture set spot_id=?, url=? where picture_id=?
update picture set spot_id=384, url='java.io.StringReader@5cc45237' where picture_id=1326;
2022-10-10 14:33:47.192  INFO 4460 --- [    Test worker] p6spy                                    : #1665380027192 | took 0ms | statement | connection 23| url jdbc:h2:mem:ad3a9e80-f26d-4a3e-9691-17f803db5723
update picture set spot_id=?, url=? where picture_id=?
update picture set spot_id=384, url='java.io.StringReader@e5a570' where picture_id=1327;
2022-10-10 14:33:47.192  INFO 4460 --- [    Test worker] p6spy                                    : #1665380027192 | took 0ms | statement | connection 23| url jdbc:h2:mem:ad3a9e80-f26d-4a3e-9691-17f803db5723
update picture set spot_id=?, url=? where picture_id=?
update picture set spot_id=385, url='java.io.StringReader@7e9d1a4c' where picture_id=1329;
2022-10-10 14:33:47.192  INFO 4460 --- [    Test worker] p6spy                                    : #1665380027192 | took 0ms | statement | connection 23| url jdbc:h2:mem:ad3a9e80-f26d-4a3e-9691-17f803db5723
update picture set spot_id=?, url=? where picture_id=?
update picture set spot_id=385, url='java.io.StringReader@57e7a218' where picture_id=1330;
2022-10-10 14:33:47.192  INFO 4460 --- [    Test worker] p6spy                                    : #1665380027192 | took 0ms | statement | connection 23| url jdbc:h2:mem:ad3a9e80-f26d-4a3e-9691-17f803db5723
update picture set spot_id=?, url=? where picture_id=?
update picture set spot_id=385, url='java.io.StringReader@120ed76a' where picture_id=1331;
2022-10-10 14:33:47.192  INFO 4460 --- [    Test worker] p6spy                                    : #1665380027192 | took 0ms | statement | connection 23| url jdbc:h2:mem:ad3a9e80-f26d-4a3e-9691-17f803db5723
update picture set spot_id=?, url=? where picture_id=?
update picture set spot_id=386, url='java.io.StringReader@12cad0bf' where picture_id=1333;
2022-10-10 14:33:47.192  INFO 4460 --- [    Test worker] p6spy                                    : #1665380027192 | took 0ms | statement | connection 23| url jdbc:h2:mem:ad3a9e80-f26d-4a3e-9691-17f803db5723
update picture set spot_id=?, url=? where picture_id=?
update picture set spot_id=386, url='java.io.StringReader@7603119f' where picture_id=1334;
2022-10-10 14:33:47.193  INFO 4460 --- [    Test worker] p6spy                                    : #1665380027193 | took 0ms | statement | connection 23| url jdbc:h2:mem:ad3a9e80-f26d-4a3e-9691-17f803db5723
update picture set spot_id=?, url=? where picture_id=?
update picture set spot_id=386, url='java.io.StringReader@36c9ffa0' where picture_id=1335;
2022-10-10 14:33:47.193  INFO 4460 --- [    Test worker] p6spy                                    : #1665380027193 | took 0ms | statement | connection 23| url jdbc:h2:mem:ad3a9e80-f26d-4a3e-9691-17f803db5723
update picture set spot_id=?, url=? where picture_id=?
update picture set spot_id=387, url='java.io.StringReader@5777e443' where picture_id=1337;
2022-10-10 14:33:47.193  INFO 4460 --- [    Test worker] p6spy                                    : #1665380027193 | took 0ms | statement | connection 23| url jdbc:h2:mem:ad3a9e80-f26d-4a3e-9691-17f803db5723
update picture set spot_id=?, url=? where picture_id=?
update picture set spot_id=387, url='java.io.StringReader@13171215' where picture_id=1338;
2022-10-10 14:33:47.193  INFO 4460 --- [    Test worker] p6spy                                    : #1665380027193 | took 0ms | statement | connection 23| url jdbc:h2:mem:ad3a9e80-f26d-4a3e-9691-17f803db5723
update picture set spot_id=?, url=? where picture_id=?
update picture set spot_id=387, url='java.io.StringReader@4865096a' where picture_id=1339;
2022-10-10 14:33:47.193  INFO 4460 --- [    Test worker] p6spy                                    : #1665380027193 | took 0ms | statement | connection 23| url jdbc:h2:mem:ad3a9e80-f26d-4a3e-9691-17f803db5723
update picture set spot_id=?, url=? where picture_id=?
update picture set spot_id=388, url='java.io.StringReader@7c35782e' where picture_id=1341;
2022-10-10 14:33:47.193  INFO 4460 --- [    Test worker] p6spy                                    : #1665380027193 | took 0ms | statement | connection 23| url jdbc:h2:mem:ad3a9e80-f26d-4a3e-9691-17f803db5723
update picture set spot_id=?, url=? where picture_id=?
update picture set spot_id=388, url='java.io.StringReader@5f9d3999' where picture_id=1342;
2022-10-10 14:33:47.193  INFO 4460 --- [    Test worker] p6spy                                    : #1665380027193 | took 0ms | statement | connection 23| url jdbc:h2:mem:ad3a9e80-f26d-4a3e-9691-17f803db5723
update picture set spot_id=?, url=? where picture_id=?
update picture set spot_id=388, url='java.io.StringReader@37d3415a' where picture_id=1343;
2022-10-10 14:33:47.193  INFO 4460 --- [    Test worker] p6spy                                    : #1665380027193 | took 0ms | statement | connection 23| url jdbc:h2:mem:ad3a9e80-f26d-4a3e-9691-17f803db5723
update picture set spot_id=?, url=? where picture_id=?
update picture set spot_id=389, url='java.io.StringReader@14b26bc2' where picture_id=1345;
2022-10-10 14:33:47.193  INFO 4460 --- [    Test worker] p6spy                                    : #1665380027193 | took 0ms | statement | connection 23| url jdbc:h2:mem:ad3a9e80-f26d-4a3e-9691-17f803db5723
update picture set spot_id=?, url=? where picture_id=?
update picture set spot_id=389, url='java.io.StringReader@673036e3' where picture_id=1346;
2022-10-10 14:33:47.193  INFO 4460 --- [    Test worker] p6spy                                    : #1665380027193 | took 0ms | statement | connection 23| url jdbc:h2:mem:ad3a9e80-f26d-4a3e-9691-17f803db5723
update picture set spot_id=?, url=? where picture_id=?
update picture set spot_id=389, url='java.io.StringReader@68661b94' where picture_id=1347;
2022-10-10 14:33:47.193  INFO 4460 --- [    Test worker] p6spy                                    : #1665380027193 | took 0ms | statement | connection 23| url jdbc:h2:mem:ad3a9e80-f26d-4a3e-9691-17f803db5723
update picture set spot_id=?, url=? where picture_id=?
update picture set spot_id=390, url='java.io.StringReader@4ba64e10' where picture_id=1349;
2022-10-10 14:33:47.193  INFO 4460 --- [    Test worker] p6spy                                    : #1665380027193 | took 0ms | statement | connection 23| url jdbc:h2:mem:ad3a9e80-f26d-4a3e-9691-17f803db5723
update picture set spot_id=?, url=? where picture_id=?
update picture set spot_id=390, url='java.io.StringReader@4c0a2a2b' where picture_id=1350;
2022-10-10 14:33:47.193  INFO 4460 --- [    Test worker] p6spy                                    : #1665380027193 | took 0ms | statement | connection 23| url jdbc:h2:mem:ad3a9e80-f26d-4a3e-9691-17f803db5723
update picture set spot_id=?, url=? where picture_id=?
update picture set spot_id=390, url='java.io.StringReader@5d394592' where picture_id=1351;
2022-10-10 14:33:47.193  INFO 4460 --- [    Test worker] p6spy                                    : #1665380027193 | took 0ms | statement | connection 23| url jdbc:h2:mem:ad3a9e80-f26d-4a3e-9691-17f803db5723
update picture set spot_id=?, url=? where picture_id=?
update picture set spot_id=391, url='java.io.StringReader@59edc1e7' where picture_id=1353;
2022-10-10 14:33:47.193  INFO 4460 --- [    Test worker] p6spy                                    : #1665380027193 | took 0ms | statement | connection 23| url jdbc:h2:mem:ad3a9e80-f26d-4a3e-9691-17f803db5723
update picture set spot_id=?, url=? where picture_id=?
update picture set spot_id=391, url='java.io.StringReader@65c03f1b' where picture_id=1354;
2022-10-10 14:33:47.193  INFO 4460 --- [    Test worker] p6spy                                    : #1665380027193 | took 0ms | statement | connection 23| url jdbc:h2:mem:ad3a9e80-f26d-4a3e-9691-17f803db5723
update picture set spot_id=?, url=? where picture_id=?
update picture set spot_id=391, url='java.io.StringReader@70d7be53' where picture_id=1355;
2022-10-10 14:33:47.193  INFO 4460 --- [    Test worker] p6spy                                    : #1665380027193 | took 0ms | statement | connection 23| url jdbc:h2:mem:ad3a9e80-f26d-4a3e-9691-17f803db5723
update picture set spot_id=?, url=? where picture_id=?
update picture set spot_id=392, url='java.io.StringReader@1b4db716' where picture_id=1357;
2022-10-10 14:33:47.193  INFO 4460 --- [    Test worker] p6spy                                    : #1665380027193 | took 0ms | statement | connection 23| url jdbc:h2:mem:ad3a9e80-f26d-4a3e-9691-17f803db5723
update picture set spot_id=?, url=? where picture_id=?
update picture set spot_id=392, url='java.io.StringReader@3fb6d686' where picture_id=1358;
2022-10-10 14:33:47.193  INFO 4460 --- [    Test worker] p6spy                                    : #1665380027193 | took 0ms | statement | connection 23| url jdbc:h2:mem:ad3a9e80-f26d-4a3e-9691-17f803db5723
update picture set spot_id=?, url=? where picture_id=?
update picture set spot_id=392, url='java.io.StringReader@e8d2805' where picture_id=1359;
2022-10-10 14:33:47.193  INFO 4460 --- [    Test worker] p6spy                                    : #1665380027193 | took 0ms | statement | connection 23| url jdbc:h2:mem:ad3a9e80-f26d-4a3e-9691-17f803db5723
update picture set spot_id=?, url=? where picture_id=?
update picture set spot_id=393, url='java.io.StringReader@141d9b6e' where picture_id=1361;
2022-10-10 14:33:47.193  INFO 4460 --- [    Test worker] p6spy                                    : #1665380027193 | took 0ms | statement | connection 23| url jdbc:h2:mem:ad3a9e80-f26d-4a3e-9691-17f803db5723
update picture set spot_id=?, url=? where picture_id=?
update picture set spot_id=393, url='java.io.StringReader@45f668da' where picture_id=1362;
2022-10-10 14:33:47.193  INFO 4460 --- [    Test worker] p6spy                                    : #1665380027193 | took 0ms | statement | connection 23| url jdbc:h2:mem:ad3a9e80-f26d-4a3e-9691-17f803db5723
update picture set spot_id=?, url=? where picture_id=?
update picture set spot_id=393, url='java.io.StringReader@1120bcc1' where picture_id=1363;
2022-10-10 14:33:47.193  INFO 4460 --- [    Test worker] p6spy                                    : #1665380027193 | took 0ms | statement | connection 23| url jdbc:h2:mem:ad3a9e80-f26d-4a3e-9691-17f803db5723
update picture set spot_id=?, url=? where picture_id=?
update picture set spot_id=394, url='java.io.StringReader@5b9beac9' where picture_id=1365;
2022-10-10 14:33:47.193  INFO 4460 --- [    Test worker] p6spy                                    : #1665380027193 | took 0ms | statement | connection 23| url jdbc:h2:mem:ad3a9e80-f26d-4a3e-9691-17f803db5723
update picture set spot_id=?, url=? where picture_id=?
update picture set spot_id=394, url='java.io.StringReader@136e7b1c' where picture_id=1366;
2022-10-10 14:33:47.193  INFO 4460 --- [    Test worker] p6spy                                    : #1665380027193 | took 0ms | statement | connection 23| url jdbc:h2:mem:ad3a9e80-f26d-4a3e-9691-17f803db5723
update picture set spot_id=?, url=? where picture_id=?
update picture set spot_id=394, url='java.io.StringReader@71d27cf4' where picture_id=1367;
2022-10-10 14:33:47.193  INFO 4460 --- [    Test worker] p6spy                                    : #1665380027193 | took 0ms | statement | connection 23| url jdbc:h2:mem:ad3a9e80-f26d-4a3e-9691-17f803db5723
update picture set spot_id=?, url=? where picture_id=?
update picture set spot_id=395, url='java.io.StringReader@26883060' where picture_id=1369;
2022-10-10 14:33:47.193  INFO 4460 --- [    Test worker] p6spy                                    : #1665380027193 | took 0ms | statement | connection 23| url jdbc:h2:mem:ad3a9e80-f26d-4a3e-9691-17f803db5723
update picture set spot_id=?, url=? where picture_id=?
update picture set spot_id=395, url='java.io.StringReader@fb054f4' where picture_id=1370;
2022-10-10 14:33:47.193  INFO 4460 --- [    Test worker] p6spy                                    : #1665380027193 | took 0ms | statement | connection 23| url jdbc:h2:mem:ad3a9e80-f26d-4a3e-9691-17f803db5723
update picture set spot_id=?, url=? where picture_id=?
update picture set spot_id=395, url='java.io.StringReader@4cb61589' where picture_id=1371;
2022-10-10 14:33:47.194  INFO 4460 --- [    Test worker] p6spy                                    : #1665380027194 | took 0ms | statement | connection 23| url jdbc:h2:mem:ad3a9e80-f26d-4a3e-9691-17f803db5723
update picture set spot_id=?, url=? where picture_id=?
update picture set spot_id=396, url='java.io.StringReader@6cd64398' where picture_id=1373;
2022-10-10 14:33:47.194  INFO 4460 --- [    Test worker] p6spy                                    : #1665380027194 | took 0ms | statement | connection 23| url jdbc:h2:mem:ad3a9e80-f26d-4a3e-9691-17f803db5723
update picture set spot_id=?, url=? where picture_id=?
update picture set spot_id=396, url='java.io.StringReader@568bac83' where picture_id=1374;
2022-10-10 14:33:47.194  INFO 4460 --- [    Test worker] p6spy                                    : #1665380027194 | took 0ms | statement | connection 23| url jdbc:h2:mem:ad3a9e80-f26d-4a3e-9691-17f803db5723
update picture set spot_id=?, url=? where picture_id=?
update picture set spot_id=396, url='java.io.StringReader@2af59846' where picture_id=1375;
2022-10-10 14:33:47.194  INFO 4460 --- [    Test worker] p6spy                                    : #1665380027194 | took 0ms | statement | connection 23| url jdbc:h2:mem:ad3a9e80-f26d-4a3e-9691-17f803db5723
update picture set spot_id=?, url=? where picture_id=?
update picture set spot_id=397, url='java.io.StringReader@195332ed' where picture_id=1377;
2022-10-10 14:33:47.194  INFO 4460 --- [    Test worker] p6spy                                    : #1665380027194 | took 0ms | statement | connection 23| url jdbc:h2:mem:ad3a9e80-f26d-4a3e-9691-17f803db5723
update picture set spot_id=?, url=? where picture_id=?
update picture set spot_id=397, url='java.io.StringReader@52f2593e' where picture_id=1378;
2022-10-10 14:33:47.194  INFO 4460 --- [    Test worker] p6spy                                    : #1665380027194 | took 0ms | statement | connection 23| url jdbc:h2:mem:ad3a9e80-f26d-4a3e-9691-17f803db5723
update picture set spot_id=?, url=? where picture_id=?
update picture set spot_id=397, url='java.io.StringReader@27943321' where picture_id=1379;
2022-10-10 14:33:47.194  INFO 4460 --- [    Test worker] p6spy                                    : #1665380027194 | took 0ms | statement | connection 23| url jdbc:h2:mem:ad3a9e80-f26d-4a3e-9691-17f803db5723
update picture set spot_id=?, url=? where picture_id=?
update picture set spot_id=398, url='java.io.StringReader@62458e7e' where picture_id=1381;
2022-10-10 14:33:47.194  INFO 4460 --- [    Test worker] p6spy                                    : #1665380027194 | took 0ms | statement | connection 23| url jdbc:h2:mem:ad3a9e80-f26d-4a3e-9691-17f803db5723
update picture set spot_id=?, url=? where picture_id=?
update picture set spot_id=398, url='java.io.StringReader@590eb2c5' where picture_id=1382;
2022-10-10 14:33:47.194  INFO 4460 --- [    Test worker] p6spy                                    : #1665380027194 | took 0ms | statement | connection 23| url jdbc:h2:mem:ad3a9e80-f26d-4a3e-9691-17f803db5723
update picture set spot_id=?, url=? where picture_id=?
update picture set spot_id=398, url='java.io.StringReader@1ffae821' where picture_id=1383;
2022-10-10 14:33:47.194  INFO 4460 --- [    Test worker] p6spy                                    : #1665380027194 | took 0ms | statement | connection 23| url jdbc:h2:mem:ad3a9e80-f26d-4a3e-9691-17f803db5723
update picture set spot_id=?, url=? where picture_id=?
update picture set spot_id=399, url='java.io.StringReader@1a9c44a7' where picture_id=1385;
2022-10-10 14:33:47.194  INFO 4460 --- [    Test worker] p6spy                                    : #1665380027194 | took 0ms | statement | connection 23| url jdbc:h2:mem:ad3a9e80-f26d-4a3e-9691-17f803db5723
update picture set spot_id=?, url=? where picture_id=?
update picture set spot_id=399, url='java.io.StringReader@49287c96' where picture_id=1386;
2022-10-10 14:33:47.194  INFO 4460 --- [    Test worker] p6spy                                    : #1665380027194 | took 0ms | statement | connection 23| url jdbc:h2:mem:ad3a9e80-f26d-4a3e-9691-17f803db5723
update picture set spot_id=?, url=? where picture_id=?
update picture set spot_id=399, url='java.io.StringReader@266d1ac6' where picture_id=1387;
2022-10-10 14:33:47.194  INFO 4460 --- [    Test worker] p6spy                                    : #1665380027194 | took 0ms | statement | connection 23| url jdbc:h2:mem:ad3a9e80-f26d-4a3e-9691-17f803db5723
update picture set spot_id=?, url=? where picture_id=?
update picture set spot_id=400, url='java.io.StringReader@16f7cc4c' where picture_id=1389;
2022-10-10 14:33:47.194  INFO 4460 --- [    Test worker] p6spy                                    : #1665380027194 | took 0ms | statement | connection 23| url jdbc:h2:mem:ad3a9e80-f26d-4a3e-9691-17f803db5723
update picture set spot_id=?, url=? where picture_id=?
update picture set spot_id=400, url='java.io.StringReader@299b1c82' where picture_id=1390;
2022-10-10 14:33:47.194  INFO 4460 --- [    Test worker] p6spy                                    : #1665380027194 | took 0ms | statement | connection 23| url jdbc:h2:mem:ad3a9e80-f26d-4a3e-9691-17f803db5723
update picture set spot_id=?, url=? where picture_id=?
update picture set spot_id=400, url='java.io.StringReader@169daea9' where picture_id=1391;
2022-10-10 14:33:47.194  INFO 4460 --- [    Test worker] p6spy                                    : #1665380027194 | took 0ms | statement | connection 23| url jdbc:h2:mem:ad3a9e80-f26d-4a3e-9691-17f803db5723
update picture set spot_id=?, url=? where picture_id=?
update picture set spot_id=401, url='java.io.StringReader@377b590' where picture_id=1393;
2022-10-10 14:33:47.194  INFO 4460 --- [    Test worker] p6spy                                    : #1665380027194 | took 0ms | statement | connection 23| url jdbc:h2:mem:ad3a9e80-f26d-4a3e-9691-17f803db5723
update picture set spot_id=?, url=? where picture_id=?
update picture set spot_id=401, url='java.io.StringReader@bcaa093' where picture_id=1394;
2022-10-10 14:33:47.194  INFO 4460 --- [    Test worker] p6spy                                    : #1665380027194 | took 0ms | statement | connection 23| url jdbc:h2:mem:ad3a9e80-f26d-4a3e-9691-17f803db5723
update picture set spot_id=?, url=? where picture_id=?
update picture set spot_id=401, url='java.io.StringReader@6bd476f5' where picture_id=1395;
2022-10-10 14:33:47.194  INFO 4460 --- [    Test worker] p6spy                                    : #1665380027194 | took 0ms | statement | connection 23| url jdbc:h2:mem:ad3a9e80-f26d-4a3e-9691-17f803db5723
update picture set spot_id=?, url=? where picture_id=?
update picture set spot_id=402, url='java.io.StringReader@1e4fd633' where picture_id=1397;
2022-10-10 14:33:47.194  INFO 4460 --- [    Test worker] p6spy                                    : #1665380027194 | took 0ms | statement | connection 23| url jdbc:h2:mem:ad3a9e80-f26d-4a3e-9691-17f803db5723
update picture set spot_id=?, url=? where picture_id=?
update picture set spot_id=402, url='java.io.StringReader@1169382d' where picture_id=1398;
2022-10-10 14:33:47.194  INFO 4460 --- [    Test worker] p6spy                                    : #1665380027194 | took 0ms | statement | connection 23| url jdbc:h2:mem:ad3a9e80-f26d-4a3e-9691-17f803db5723
update picture set spot_id=?, url=? where picture_id=?
update picture set spot_id=402, url='java.io.StringReader@cb06460' where picture_id=1399;
2022-10-10 14:33:47.194  INFO 4460 --- [    Test worker] p6spy                                    : #1665380027194 | took 0ms | statement | connection 23| url jdbc:h2:mem:ad3a9e80-f26d-4a3e-9691-17f803db5723
update picture set spot_id=?, url=? where picture_id=?
update picture set spot_id=403, url='java.io.StringReader@2b13fc09' where picture_id=1401;
2022-10-10 14:33:47.194  INFO 4460 --- [    Test worker] p6spy                                    : #1665380027194 | took 0ms | statement | connection 23| url jdbc:h2:mem:ad3a9e80-f26d-4a3e-9691-17f803db5723
update picture set spot_id=?, url=? where picture_id=?
update picture set spot_id=403, url='java.io.StringReader@6ad015ae' where picture_id=1402;
2022-10-10 14:33:47.194  INFO 4460 --- [    Test worker] p6spy                                    : #1665380027194 | took 0ms | statement | connection 23| url jdbc:h2:mem:ad3a9e80-f26d-4a3e-9691-17f803db5723
update picture set spot_id=?, url=? where picture_id=?
update picture set spot_id=403, url='java.io.StringReader@6be6d315' where picture_id=1403;
2022-10-10 14:33:47.194  INFO 4460 --- [    Test worker] p6spy                                    : #1665380027194 | took 0ms | statement | connection 23| url jdbc:h2:mem:ad3a9e80-f26d-4a3e-9691-17f803db5723
update picture set spot_id=?, url=? where picture_id=?
update picture set spot_id=404, url='java.io.StringReader@4f982816' where picture_id=1405;
2022-10-10 14:33:47.194  INFO 4460 --- [    Test worker] p6spy                                    : #1665380027194 | took 0ms | statement | connection 23| url jdbc:h2:mem:ad3a9e80-f26d-4a3e-9691-17f803db5723
update picture set spot_id=?, url=? where picture_id=?
update picture set spot_id=404, url='java.io.StringReader@5544ea96' where picture_id=1406;
2022-10-10 14:33:47.194  INFO 4460 --- [    Test worker] p6spy                                    : #1665380027194 | took 0ms | statement | connection 23| url jdbc:h2:mem:ad3a9e80-f26d-4a3e-9691-17f803db5723
update picture set spot_id=?, url=? where picture_id=?
update picture set spot_id=404, url='java.io.StringReader@68b2c3aa' where picture_id=1407;
2022-10-10 14:33:47.194  INFO 4460 --- [    Test worker] p6spy                                    : #1665380027194 | took 0ms | statement | connection 23| url jdbc:h2:mem:ad3a9e80-f26d-4a3e-9691-17f803db5723
update picture set spot_id=?, url=? where picture_id=?
update picture set spot_id=405, url='java.io.StringReader@54e0ea1' where picture_id=1409;
2022-10-10 14:33:47.195  INFO 4460 --- [    Test worker] p6spy                                    : #1665380027195 | took 0ms | statement | connection 23| url jdbc:h2:mem:ad3a9e80-f26d-4a3e-9691-17f803db5723
update picture set spot_id=?, url=? where picture_id=?
update picture set spot_id=405, url='java.io.StringReader@86cc19' where picture_id=1410;
2022-10-10 14:33:47.195  INFO 4460 --- [    Test worker] p6spy                                    : #1665380027195 | took 0ms | statement | connection 23| url jdbc:h2:mem:ad3a9e80-f26d-4a3e-9691-17f803db5723
update picture set spot_id=?, url=? where picture_id=?
update picture set spot_id=405, url='java.io.StringReader@48043d64' where picture_id=1411;
2022-10-10 14:33:47.195  INFO 4460 --- [    Test worker] p6spy                                    : #1665380027195 | took 0ms | statement | connection 23| url jdbc:h2:mem:ad3a9e80-f26d-4a3e-9691-17f803db5723
update picture set spot_id=?, url=? where picture_id=?
update picture set spot_id=406, url='java.io.StringReader@317f3713' where picture_id=1413;
2022-10-10 14:33:47.195  INFO 4460 --- [    Test worker] p6spy                                    : #1665380027195 | took 0ms | statement | connection 23| url jdbc:h2:mem:ad3a9e80-f26d-4a3e-9691-17f803db5723
update picture set spot_id=?, url=? where picture_id=?
update picture set spot_id=406, url='java.io.StringReader@22e0a633' where picture_id=1414;
2022-10-10 14:33:47.195  INFO 4460 --- [    Test worker] p6spy                                    : #1665380027195 | took 0ms | statement | connection 23| url jdbc:h2:mem:ad3a9e80-f26d-4a3e-9691-17f803db5723
update picture set spot_id=?, url=? where picture_id=?
update picture set spot_id=406, url='java.io.StringReader@3983235' where picture_id=1415;
2022-10-10 14:33:47.195  INFO 4460 --- [    Test worker] p6spy                                    : #1665380027195 | took 0ms | statement | connection 23| url jdbc:h2:mem:ad3a9e80-f26d-4a3e-9691-17f803db5723
update picture set spot_id=?, url=? where picture_id=?
update picture set spot_id=407, url='java.io.StringReader@2e01a901' where picture_id=1417;
2022-10-10 14:33:47.195  INFO 4460 --- [    Test worker] p6spy                                    : #1665380027195 | took 0ms | statement | connection 23| url jdbc:h2:mem:ad3a9e80-f26d-4a3e-9691-17f803db5723
update picture set spot_id=?, url=? where picture_id=?
update picture set spot_id=407, url='java.io.StringReader@19a97c2f' where picture_id=1418;
2022-10-10 14:33:47.195  INFO 4460 --- [    Test worker] p6spy                                    : #1665380027195 | took 0ms | statement | connection 23| url jdbc:h2:mem:ad3a9e80-f26d-4a3e-9691-17f803db5723
update picture set spot_id=?, url=? where picture_id=?
update picture set spot_id=407, url='java.io.StringReader@189c12c4' where picture_id=1419;
2022-10-10 14:33:47.195  INFO 4460 --- [    Test worker] p6spy                                    : #1665380027195 | took 0ms | statement | connection 23| url jdbc:h2:mem:ad3a9e80-f26d-4a3e-9691-17f803db5723
update picture set spot_id=?, url=? where picture_id=?
update picture set spot_id=408, url='java.io.StringReader@1944391c' where picture_id=1421;
2022-10-10 14:33:47.195  INFO 4460 --- [    Test worker] p6spy                                    : #1665380027195 | took 0ms | statement | connection 23| url jdbc:h2:mem:ad3a9e80-f26d-4a3e-9691-17f803db5723
update picture set spot_id=?, url=? where picture_id=?
update picture set spot_id=408, url='java.io.StringReader@6473cf19' where picture_id=1422;
2022-10-10 14:33:47.195  INFO 4460 --- [    Test worker] p6spy                                    : #1665380027195 | took 0ms | statement | connection 23| url jdbc:h2:mem:ad3a9e80-f26d-4a3e-9691-17f803db5723
update picture set spot_id=?, url=? where picture_id=?
update picture set spot_id=408, url='java.io.StringReader@35a40528' where picture_id=1423;
2022-10-10 14:33:47.195  INFO 4460 --- [    Test worker] p6spy                                    : #1665380027195 | took 0ms | statement | connection 23| url jdbc:h2:mem:ad3a9e80-f26d-4a3e-9691-17f803db5723
update picture set spot_id=?, url=? where picture_id=?
update picture set spot_id=409, url='java.io.StringReader@2143dff1' where picture_id=1425;
2022-10-10 14:33:47.195  INFO 4460 --- [    Test worker] p6spy                                    : #1665380027195 | took 0ms | statement | connection 23| url jdbc:h2:mem:ad3a9e80-f26d-4a3e-9691-17f803db5723
update picture set spot_id=?, url=? where picture_id=?
update picture set spot_id=409, url='java.io.StringReader@37a98c77' where picture_id=1426;
2022-10-10 14:33:47.195  INFO 4460 --- [    Test worker] p6spy                                    : #1665380027195 | took 0ms | statement | connection 23| url jdbc:h2:mem:ad3a9e80-f26d-4a3e-9691-17f803db5723
update picture set spot_id=?, url=? where picture_id=?
update picture set spot_id=409, url='java.io.StringReader@1a26d653' where picture_id=1427;
2022-10-10 14:33:47.195  INFO 4460 --- [    Test worker] p6spy                                    : #1665380027195 | took 0ms | statement | connection 23| url jdbc:h2:mem:ad3a9e80-f26d-4a3e-9691-17f803db5723
update picture set spot_id=?, url=? where picture_id=?
update picture set spot_id=410, url='java.io.StringReader@1cbc3d6e' where picture_id=1429;
2022-10-10 14:33:47.195  INFO 4460 --- [    Test worker] p6spy                                    : #1665380027195 | took 0ms | statement | connection 23| url jdbc:h2:mem:ad3a9e80-f26d-4a3e-9691-17f803db5723
update picture set spot_id=?, url=? where picture_id=?
update picture set spot_id=410, url='java.io.StringReader@1108694' where picture_id=1430;
2022-10-10 14:33:47.195  INFO 4460 --- [    Test worker] p6spy                                    : #1665380027195 | took 0ms | statement | connection 23| url jdbc:h2:mem:ad3a9e80-f26d-4a3e-9691-17f803db5723
update picture set spot_id=?, url=? where picture_id=?
update picture set spot_id=410, url='java.io.StringReader@2f95761e' where picture_id=1431;
2022-10-10 14:33:47.195  INFO 4460 --- [    Test worker] p6spy                                    : #1665380027195 | took 0ms | statement | connection 23| url jdbc:h2:mem:ad3a9e80-f26d-4a3e-9691-17f803db5723
update picture set spot_id=?, url=? where picture_id=?
update picture set spot_id=411, url='java.io.StringReader@609b620a' where picture_id=1433;
2022-10-10 14:33:47.195  INFO 4460 --- [    Test worker] p6spy                                    : #1665380027195 | took 0ms | statement | connection 23| url jdbc:h2:mem:ad3a9e80-f26d-4a3e-9691-17f803db5723
update picture set spot_id=?, url=? where picture_id=?
update picture set spot_id=411, url='java.io.StringReader@54ccb107' where picture_id=1434;
2022-10-10 14:33:47.195  INFO 4460 --- [    Test worker] p6spy                                    : #1665380027195 | took 0ms | statement | connection 23| url jdbc:h2:mem:ad3a9e80-f26d-4a3e-9691-17f803db5723
update picture set spot_id=?, url=? where picture_id=?
update picture set spot_id=411, url='java.io.StringReader@7c06c9ed' where picture_id=1435;
2022-10-10 14:33:47.195  INFO 4460 --- [    Test worker] p6spy                                    : #1665380027195 | took 0ms | statement | connection 23| url jdbc:h2:mem:ad3a9e80-f26d-4a3e-9691-17f803db5723
update picture set spot_id=?, url=? where picture_id=?
update picture set spot_id=412, url='java.io.StringReader@115c112' where picture_id=1437;
2022-10-10 14:33:47.195  INFO 4460 --- [    Test worker] p6spy                                    : #1665380027195 | took 0ms | statement | connection 23| url jdbc:h2:mem:ad3a9e80-f26d-4a3e-9691-17f803db5723
update picture set spot_id=?, url=? where picture_id=?
update picture set spot_id=412, url='java.io.StringReader@7fa0e13a' where picture_id=1438;
2022-10-10 14:33:47.195  INFO 4460 --- [    Test worker] p6spy                                    : #1665380027195 | took 0ms | statement | connection 23| url jdbc:h2:mem:ad3a9e80-f26d-4a3e-9691-17f803db5723
update picture set spot_id=?, url=? where picture_id=?
update picture set spot_id=412, url='java.io.StringReader@6f32039f' where picture_id=1439;
2022-10-10 14:33:47.195  INFO 4460 --- [    Test worker] p6spy                                    : #1665380027195 | took 0ms | statement | connection 23| url jdbc:h2:mem:ad3a9e80-f26d-4a3e-9691-17f803db5723
update picture set spot_id=?, url=? where picture_id=?
update picture set spot_id=413, url='java.io.StringReader@559dd1ed' where picture_id=1441;
2022-10-10 14:33:47.195  INFO 4460 --- [    Test worker] p6spy                                    : #1665380027195 | took 0ms | statement | connection 23| url jdbc:h2:mem:ad3a9e80-f26d-4a3e-9691-17f803db5723
update picture set spot_id=?, url=? where picture_id=?
update picture set spot_id=413, url='java.io.StringReader@23b046a8' where picture_id=1442;
2022-10-10 14:33:47.195  INFO 4460 --- [    Test worker] p6spy                                    : #1665380027195 | took 0ms | statement | connection 23| url jdbc:h2:mem:ad3a9e80-f26d-4a3e-9691-17f803db5723
update picture set spot_id=?, url=? where picture_id=?
update picture set spot_id=413, url='java.io.StringReader@1d24c0f4' where picture_id=1443;
2022-10-10 14:33:47.195  INFO 4460 --- [    Test worker] p6spy                                    : #1665380027195 | took 0ms | statement | connection 23| url jdbc:h2:mem:ad3a9e80-f26d-4a3e-9691-17f803db5723
update picture set spot_id=?, url=? where picture_id=?
update picture set spot_id=414, url='java.io.StringReader@69fe3c4c' where picture_id=1445;
2022-10-10 14:33:47.195  INFO 4460 --- [    Test worker] p6spy                                    : #1665380027195 | took 0ms | statement | connection 23| url jdbc:h2:mem:ad3a9e80-f26d-4a3e-9691-17f803db5723
update picture set spot_id=?, url=? where picture_id=?
update picture set spot_id=414, url='java.io.StringReader@faec0c7' where picture_id=1446;
2022-10-10 14:33:47.195  INFO 4460 --- [    Test worker] p6spy                                    : #1665380027195 | took 0ms | statement | connection 23| url jdbc:h2:mem:ad3a9e80-f26d-4a3e-9691-17f803db5723
update picture set spot_id=?, url=? where picture_id=?
update picture set spot_id=414, url='java.io.StringReader@5c55c2b6' where picture_id=1447;
2022-10-10 14:33:47.196  INFO 4460 --- [    Test worker] p6spy                                    : #1665380027196 | took 0ms | statement | connection 23| url jdbc:h2:mem:ad3a9e80-f26d-4a3e-9691-17f803db5723
update picture set spot_id=?, url=? where picture_id=?
update picture set spot_id=415, url='java.io.StringReader@3e9ac53f' where picture_id=1449;
2022-10-10 14:33:47.196  INFO 4460 --- [    Test worker] p6spy                                    : #1665380027196 | took 0ms | statement | connection 23| url jdbc:h2:mem:ad3a9e80-f26d-4a3e-9691-17f803db5723
update picture set spot_id=?, url=? where picture_id=?
update picture set spot_id=415, url='java.io.StringReader@41dcf819' where picture_id=1450;
2022-10-10 14:33:47.196  INFO 4460 --- [    Test worker] p6spy                                    : #1665380027196 | took 0ms | statement | connection 23| url jdbc:h2:mem:ad3a9e80-f26d-4a3e-9691-17f803db5723
update picture set spot_id=?, url=? where picture_id=?
update picture set spot_id=415, url='java.io.StringReader@518b4d27' where picture_id=1451;
2022-10-10 14:33:47.196  INFO 4460 --- [    Test worker] p6spy                                    : #1665380027196 | took 0ms | statement | connection 23| url jdbc:h2:mem:ad3a9e80-f26d-4a3e-9691-17f803db5723
update picture set spot_id=?, url=? where picture_id=?
update picture set spot_id=416, url='java.io.StringReader@62c3b8ca' where picture_id=1453;
2022-10-10 14:33:47.196  INFO 4460 --- [    Test worker] p6spy                                    : #1665380027196 | took 0ms | statement | connection 23| url jdbc:h2:mem:ad3a9e80-f26d-4a3e-9691-17f803db5723
update picture set spot_id=?, url=? where picture_id=?
update picture set spot_id=416, url='java.io.StringReader@14f5137e' where picture_id=1454;
2022-10-10 14:33:47.196  INFO 4460 --- [    Test worker] p6spy                                    : #1665380027196 | took 0ms | statement | connection 23| url jdbc:h2:mem:ad3a9e80-f26d-4a3e-9691-17f803db5723
update picture set spot_id=?, url=? where picture_id=?
update picture set spot_id=416, url='java.io.StringReader@181c7470' where picture_id=1455;
2022-10-10 14:33:47.196  INFO 4460 --- [    Test worker] p6spy                                    : #1665380027196 | took 0ms | statement | connection 23| url jdbc:h2:mem:ad3a9e80-f26d-4a3e-9691-17f803db5723
update picture set spot_id=?, url=? where picture_id=?
update picture set spot_id=417, url='java.io.StringReader@3d7081f4' where picture_id=1457;
2022-10-10 14:33:47.196  INFO 4460 --- [    Test worker] p6spy                                    : #1665380027196 | took 0ms | statement | connection 23| url jdbc:h2:mem:ad3a9e80-f26d-4a3e-9691-17f803db5723
update picture set spot_id=?, url=? where picture_id=?
update picture set spot_id=417, url='java.io.StringReader@3578461a' where picture_id=1458;
2022-10-10 14:33:47.196  INFO 4460 --- [    Test worker] p6spy                                    : #1665380027196 | took 0ms | statement | connection 23| url jdbc:h2:mem:ad3a9e80-f26d-4a3e-9691-17f803db5723
update picture set spot_id=?, url=? where picture_id=?
update picture set spot_id=417, url='java.io.StringReader@7973195e' where picture_id=1459;
2022-10-10 14:33:47.196  INFO 4460 --- [    Test worker] p6spy                                    : #1665380027196 | took 0ms | statement | connection 23| url jdbc:h2:mem:ad3a9e80-f26d-4a3e-9691-17f803db5723
update picture set spot_id=?, url=? where picture_id=?
update picture set spot_id=418, url='java.io.StringReader@3da33cd' where picture_id=1461;
2022-10-10 14:33:47.196  INFO 4460 --- [    Test worker] p6spy                                    : #1665380027196 | took 0ms | statement | connection 23| url jdbc:h2:mem:ad3a9e80-f26d-4a3e-9691-17f803db5723
update picture set spot_id=?, url=? where picture_id=?
update picture set spot_id=418, url='java.io.StringReader@4fda9aa4' where picture_id=1462;
2022-10-10 14:33:47.196  INFO 4460 --- [    Test worker] p6spy                                    : #1665380027196 | took 0ms | statement | connection 23| url jdbc:h2:mem:ad3a9e80-f26d-4a3e-9691-17f803db5723
update picture set spot_id=?, url=? where picture_id=?
update picture set spot_id=418, url='java.io.StringReader@2bca0115' where picture_id=1463;
2022-10-10 14:33:47.196  INFO 4460 --- [    Test worker] p6spy                                    : #1665380027196 | took 0ms | statement | connection 23| url jdbc:h2:mem:ad3a9e80-f26d-4a3e-9691-17f803db5723
update picture set spot_id=?, url=? where picture_id=?
update picture set spot_id=419, url='java.io.StringReader@1ef21d8a' where picture_id=1465;
2022-10-10 14:33:47.196  INFO 4460 --- [    Test worker] p6spy                                    : #1665380027196 | took 0ms | statement | connection 23| url jdbc:h2:mem:ad3a9e80-f26d-4a3e-9691-17f803db5723
update picture set spot_id=?, url=? where picture_id=?
update picture set spot_id=419, url='java.io.StringReader@1bef8781' where picture_id=1466;
2022-10-10 14:33:47.196  INFO 4460 --- [    Test worker] p6spy                                    : #1665380027196 | took 0ms | statement | connection 23| url jdbc:h2:mem:ad3a9e80-f26d-4a3e-9691-17f803db5723
update picture set spot_id=?, url=? where picture_id=?
update picture set spot_id=419, url='java.io.StringReader@5486bda' where picture_id=1467;
2022-10-10 14:33:47.196  INFO 4460 --- [    Test worker] p6spy                                    : #1665380027196 | took 0ms | statement | connection 23| url jdbc:h2:mem:ad3a9e80-f26d-4a3e-9691-17f803db5723
update picture set spot_id=?, url=? where picture_id=?
update picture set spot_id=420, url='java.io.StringReader@46fdaab3' where picture_id=1469;
2022-10-10 14:33:47.196  INFO 4460 --- [    Test worker] p6spy                                    : #1665380027196 | took 0ms | statement | connection 23| url jdbc:h2:mem:ad3a9e80-f26d-4a3e-9691-17f803db5723
update picture set spot_id=?, url=? where picture_id=?
update picture set spot_id=420, url='java.io.StringReader@6006da7a' where picture_id=1470;
2022-10-10 14:33:47.196  INFO 4460 --- [    Test worker] p6spy                                    : #1665380027196 | took 0ms | statement | connection 23| url jdbc:h2:mem:ad3a9e80-f26d-4a3e-9691-17f803db5723
update picture set spot_id=?, url=? where picture_id=?
update picture set spot_id=420, url='java.io.StringReader@44e31c4b' where picture_id=1471;
2022-10-10 14:33:47.196  INFO 4460 --- [    Test worker] p6spy                                    : #1665380027196 | took 0ms | statement | connection 23| url jdbc:h2:mem:ad3a9e80-f26d-4a3e-9691-17f803db5723
update picture set spot_id=?, url=? where picture_id=?
update picture set spot_id=421, url='java.io.StringReader@62f636b4' where picture_id=1473;
2022-10-10 14:33:47.196  INFO 4460 --- [    Test worker] p6spy                                    : #1665380027196 | took 0ms | statement | connection 23| url jdbc:h2:mem:ad3a9e80-f26d-4a3e-9691-17f803db5723
update picture set spot_id=?, url=? where picture_id=?
update picture set spot_id=421, url='java.io.StringReader@597417a3' where picture_id=1474;
2022-10-10 14:33:47.196  INFO 4460 --- [    Test worker] p6spy                                    : #1665380027196 | took 0ms | statement | connection 23| url jdbc:h2:mem:ad3a9e80-f26d-4a3e-9691-17f803db5723
update picture set spot_id=?, url=? where picture_id=?
update picture set spot_id=421, url='java.io.StringReader@6cd42516' where picture_id=1475;
2022-10-10 14:33:47.196  INFO 4460 --- [    Test worker] p6spy                                    : #1665380027196 | took 0ms | statement | connection 23| url jdbc:h2:mem:ad3a9e80-f26d-4a3e-9691-17f803db5723
update picture set spot_id=?, url=? where picture_id=?
update picture set spot_id=422, url='java.io.StringReader@adace9c' where picture_id=1477;
2022-10-10 14:33:47.196  INFO 4460 --- [    Test worker] p6spy                                    : #1665380027196 | took 0ms | statement | connection 23| url jdbc:h2:mem:ad3a9e80-f26d-4a3e-9691-17f803db5723
update picture set spot_id=?, url=? where picture_id=?
update picture set spot_id=422, url='java.io.StringReader@22d105f' where picture_id=1478;
2022-10-10 14:33:47.196  INFO 4460 --- [    Test worker] p6spy                                    : #1665380027196 | took 0ms | statement | connection 23| url jdbc:h2:mem:ad3a9e80-f26d-4a3e-9691-17f803db5723
update picture set spot_id=?, url=? where picture_id=?
update picture set spot_id=422, url='java.io.StringReader@788602f5' where picture_id=1479;
2022-10-10 14:33:47.196  INFO 4460 --- [    Test worker] p6spy                                    : #1665380027196 | took 0ms | statement | connection 23| url jdbc:h2:mem:ad3a9e80-f26d-4a3e-9691-17f803db5723
update picture set spot_id=?, url=? where picture_id=?
update picture set spot_id=423, url='java.io.StringReader@120d45a9' where picture_id=1481;
2022-10-10 14:33:47.196  INFO 4460 --- [    Test worker] p6spy                                    : #1665380027196 | took 0ms | statement | connection 23| url jdbc:h2:mem:ad3a9e80-f26d-4a3e-9691-17f803db5723
update picture set spot_id=?, url=? where picture_id=?
update picture set spot_id=423, url='java.io.StringReader@550f5c0a' where picture_id=1482;
2022-10-10 14:33:47.196  INFO 4460 --- [    Test worker] p6spy                                    : #1665380027196 | took 0ms | statement | connection 23| url jdbc:h2:mem:ad3a9e80-f26d-4a3e-9691-17f803db5723
update picture set spot_id=?, url=? where picture_id=?
update picture set spot_id=423, url='java.io.StringReader@1d48e707' where picture_id=1483;
2022-10-10 14:33:47.196  INFO 4460 --- [    Test worker] p6spy                                    : #1665380027196 | took 0ms | statement | connection 23| url jdbc:h2:mem:ad3a9e80-f26d-4a3e-9691-17f803db5723
update picture set spot_id=?, url=? where picture_id=?
update picture set spot_id=424, url='java.io.StringReader@302b717a' where picture_id=1485;
2022-10-10 14:33:47.196  INFO 4460 --- [    Test worker] p6spy                                    : #1665380027196 | took 0ms | statement | connection 23| url jdbc:h2:mem:ad3a9e80-f26d-4a3e-9691-17f803db5723
update picture set spot_id=?, url=? where picture_id=?
update picture set spot_id=424, url='java.io.StringReader@2d0b8cc9' where picture_id=1486;
2022-10-10 14:33:47.197  INFO 4460 --- [    Test worker] p6spy                                    : #1665380027197 | took 0ms | statement | connection 23| url jdbc:h2:mem:ad3a9e80-f26d-4a3e-9691-17f803db5723
update picture set spot_id=?, url=? where picture_id=?
update picture set spot_id=424, url='java.io.StringReader@ef5a994' where picture_id=1487;
2022-10-10 14:33:47.197  INFO 4460 --- [    Test worker] p6spy                                    : #1665380027197 | took 0ms | statement | connection 23| url jdbc:h2:mem:ad3a9e80-f26d-4a3e-9691-17f803db5723
update picture set spot_id=?, url=? where picture_id=?
update picture set spot_id=425, url='java.io.StringReader@728a778c' where picture_id=1489;
2022-10-10 14:33:47.197  INFO 4460 --- [    Test worker] p6spy                                    : #1665380027197 | took 0ms | statement | connection 23| url jdbc:h2:mem:ad3a9e80-f26d-4a3e-9691-17f803db5723
update picture set spot_id=?, url=? where picture_id=?
update picture set spot_id=425, url='java.io.StringReader@2e4ebad5' where picture_id=1490;
2022-10-10 14:33:47.197  INFO 4460 --- [    Test worker] p6spy                                    : #1665380027197 | took 0ms | statement | connection 23| url jdbc:h2:mem:ad3a9e80-f26d-4a3e-9691-17f803db5723
update picture set spot_id=?, url=? where picture_id=?
update picture set spot_id=425, url='java.io.StringReader@2199147f' where picture_id=1491;
2022-10-10 14:33:47.197  INFO 4460 --- [    Test worker] p6spy                                    : #1665380027197 | took 0ms | statement | connection 23| url jdbc:h2:mem:ad3a9e80-f26d-4a3e-9691-17f803db5723
update picture set spot_id=?, url=? where picture_id=?
update picture set spot_id=426, url='java.io.StringReader@5460c665' where picture_id=1493;
2022-10-10 14:33:47.197  INFO 4460 --- [    Test worker] p6spy                                    : #1665380027197 | took 0ms | statement | connection 23| url jdbc:h2:mem:ad3a9e80-f26d-4a3e-9691-17f803db5723
update picture set spot_id=?, url=? where picture_id=?
update picture set spot_id=426, url='java.io.StringReader@3360b17e' where picture_id=1494;
2022-10-10 14:33:47.197  INFO 4460 --- [    Test worker] p6spy                                    : #1665380027197 | took 0ms | statement | connection 23| url jdbc:h2:mem:ad3a9e80-f26d-4a3e-9691-17f803db5723
update picture set spot_id=?, url=? where picture_id=?
update picture set spot_id=426, url='java.io.StringReader@6616966c' where picture_id=1495;
2022-10-10 14:33:47.197  INFO 4460 --- [    Test worker] p6spy                                    : #1665380027197 | took 0ms | statement | connection 23| url jdbc:h2:mem:ad3a9e80-f26d-4a3e-9691-17f803db5723
update picture set spot_id=?, url=? where picture_id=?
update picture set spot_id=427, url='java.io.StringReader@44033eb' where picture_id=1497;
2022-10-10 14:33:47.197  INFO 4460 --- [    Test worker] p6spy                                    : #1665380027197 | took 0ms | statement | connection 23| url jdbc:h2:mem:ad3a9e80-f26d-4a3e-9691-17f803db5723
update picture set spot_id=?, url=? where picture_id=?
update picture set spot_id=427, url='java.io.StringReader@6786d6c9' where picture_id=1498;
2022-10-10 14:33:47.197  INFO 4460 --- [    Test worker] p6spy                                    : #1665380027197 | took 0ms | statement | connection 23| url jdbc:h2:mem:ad3a9e80-f26d-4a3e-9691-17f803db5723
update picture set spot_id=?, url=? where picture_id=?
update picture set spot_id=427, url='java.io.StringReader@4e0a57d3' where picture_id=1499;
2022-10-10 14:33:47.197  INFO 4460 --- [    Test worker] p6spy                                    : #1665380027197 | took 0ms | statement | connection 23| url jdbc:h2:mem:ad3a9e80-f26d-4a3e-9691-17f803db5723
update picture set spot_id=?, url=? where picture_id=?
update picture set spot_id=428, url='java.io.StringReader@378c66fb' where picture_id=1501;
2022-10-10 14:33:47.197  INFO 4460 --- [    Test worker] p6spy                                    : #1665380027197 | took 0ms | statement | connection 23| url jdbc:h2:mem:ad3a9e80-f26d-4a3e-9691-17f803db5723
update picture set spot_id=?, url=? where picture_id=?
update picture set spot_id=428, url='java.io.StringReader@2bd771d3' where picture_id=1502;
2022-10-10 14:33:47.197  INFO 4460 --- [    Test worker] p6spy                                    : #1665380027197 | took 0ms | statement | connection 23| url jdbc:h2:mem:ad3a9e80-f26d-4a3e-9691-17f803db5723
update picture set spot_id=?, url=? where picture_id=?
update picture set spot_id=428, url='java.io.StringReader@5029fafc' where picture_id=1503;
2022-10-10 14:33:47.197  INFO 4460 --- [    Test worker] p6spy                                    : #1665380027197 | took 0ms | statement | connection 23| url jdbc:h2:mem:ad3a9e80-f26d-4a3e-9691-17f803db5723
update picture set spot_id=?, url=? where picture_id=?
update picture set spot_id=429, url='java.io.StringReader@170ba653' where picture_id=1505;
2022-10-10 14:33:47.197  INFO 4460 --- [    Test worker] p6spy                                    : #1665380027197 | took 0ms | statement | connection 23| url jdbc:h2:mem:ad3a9e80-f26d-4a3e-9691-17f803db5723
update picture set spot_id=?, url=? where picture_id=?
update picture set spot_id=429, url='java.io.StringReader@11de3445' where picture_id=1506;
2022-10-10 14:33:47.197  INFO 4460 --- [    Test worker] p6spy                                    : #1665380027197 | took 0ms | statement | connection 23| url jdbc:h2:mem:ad3a9e80-f26d-4a3e-9691-17f803db5723
update picture set spot_id=?, url=? where picture_id=?
update picture set spot_id=429, url='java.io.StringReader@292cfba3' where picture_id=1507;
2022-10-10 14:33:47.197  INFO 4460 --- [    Test worker] p6spy                                    : #1665380027197 | took 0ms | statement | connection 23| url jdbc:h2:mem:ad3a9e80-f26d-4a3e-9691-17f803db5723
update picture set spot_id=?, url=? where picture_id=?
update picture set spot_id=430, url='java.io.StringReader@4090b673' where picture_id=1509;
2022-10-10 14:33:47.197  INFO 4460 --- [    Test worker] p6spy                                    : #1665380027197 | took 0ms | statement | connection 23| url jdbc:h2:mem:ad3a9e80-f26d-4a3e-9691-17f803db5723
update picture set spot_id=?, url=? where picture_id=?
update picture set spot_id=430, url='java.io.StringReader@741f7b3c' where picture_id=1510;
2022-10-10 14:33:47.197  INFO 4460 --- [    Test worker] p6spy                                    : #1665380027197 | took 0ms | statement | connection 23| url jdbc:h2:mem:ad3a9e80-f26d-4a3e-9691-17f803db5723
update picture set spot_id=?, url=? where picture_id=?
update picture set spot_id=430, url='java.io.StringReader@74be2d81' where picture_id=1511;
2022-10-10 14:33:47.197  INFO 4460 --- [    Test worker] p6spy                                    : #1665380027197 | took 0ms | statement | connection 23| url jdbc:h2:mem:ad3a9e80-f26d-4a3e-9691-17f803db5723
update picture set spot_id=?, url=? where picture_id=?
update picture set spot_id=431, url='java.io.StringReader@6ad4aa3e' where picture_id=1513;
2022-10-10 14:33:47.197  INFO 4460 --- [    Test worker] p6spy                                    : #1665380027197 | took 0ms | statement | connection 23| url jdbc:h2:mem:ad3a9e80-f26d-4a3e-9691-17f803db5723
update picture set spot_id=?, url=? where picture_id=?
update picture set spot_id=431, url='java.io.StringReader@5865251d' where picture_id=1514;
2022-10-10 14:33:47.197  INFO 4460 --- [    Test worker] p6spy                                    : #1665380027197 | took 0ms | statement | connection 23| url jdbc:h2:mem:ad3a9e80-f26d-4a3e-9691-17f803db5723
update picture set spot_id=?, url=? where picture_id=?
update picture set spot_id=431, url='java.io.StringReader@44726b24' where picture_id=1515;
2022-10-10 14:33:47.197  INFO 4460 --- [    Test worker] p6spy                                    : #1665380027197 | took 0ms | statement | connection 23| url jdbc:h2:mem:ad3a9e80-f26d-4a3e-9691-17f803db5723
update picture set spot_id=?, url=? where picture_id=?
update picture set spot_id=432, url='java.io.StringReader@25424432' where picture_id=1517;
2022-10-10 14:33:47.197  INFO 4460 --- [    Test worker] p6spy                                    : #1665380027197 | took 0ms | statement | connection 23| url jdbc:h2:mem:ad3a9e80-f26d-4a3e-9691-17f803db5723
update picture set spot_id=?, url=? where picture_id=?
update picture set spot_id=432, url='java.io.StringReader@51ff3472' where picture_id=1518;
2022-10-10 14:33:47.197  INFO 4460 --- [    Test worker] p6spy                                    : #1665380027197 | took 0ms | statement | connection 23| url jdbc:h2:mem:ad3a9e80-f26d-4a3e-9691-17f803db5723
update picture set spot_id=?, url=? where picture_id=?
update picture set spot_id=432, url='java.io.StringReader@2a5c851b' where picture_id=1519;
2022-10-10 14:33:47.197  INFO 4460 --- [    Test worker] p6spy                                    : #1665380027197 | took 0ms | statement | connection 23| url jdbc:h2:mem:ad3a9e80-f26d-4a3e-9691-17f803db5723
update picture set spot_id=?, url=? where picture_id=?
update picture set spot_id=433, url='java.io.StringReader@1efc516f' where picture_id=1521;
2022-10-10 14:33:47.197  INFO 4460 --- [    Test worker] p6spy                                    : #1665380027197 | took 0ms | statement | connection 23| url jdbc:h2:mem:ad3a9e80-f26d-4a3e-9691-17f803db5723
update picture set spot_id=?, url=? where picture_id=?
update picture set spot_id=433, url='java.io.StringReader@63ca45e0' where picture_id=1522;
2022-10-10 14:33:47.197  INFO 4460 --- [    Test worker] p6spy                                    : #1665380027197 | took 0ms | statement | connection 23| url jdbc:h2:mem:ad3a9e80-f26d-4a3e-9691-17f803db5723
update picture set spot_id=?, url=? where picture_id=?
update picture set spot_id=433, url='java.io.StringReader@2dd464ff' where picture_id=1523;
2022-10-10 14:33:47.198  INFO 4460 --- [    Test worker] p6spy                                    : #1665380027198 | took 0ms | statement | connection 23| url jdbc:h2:mem:ad3a9e80-f26d-4a3e-9691-17f803db5723
update picture set spot_id=?, url=? where picture_id=?
update picture set spot_id=434, url='java.io.StringReader@6a32569b' where picture_id=1525;
2022-10-10 14:33:47.198  INFO 4460 --- [    Test worker] p6spy                                    : #1665380027198 | took 0ms | statement | connection 23| url jdbc:h2:mem:ad3a9e80-f26d-4a3e-9691-17f803db5723
update picture set spot_id=?, url=? where picture_id=?
update picture set spot_id=434, url='java.io.StringReader@56f4226' where picture_id=1526;
2022-10-10 14:33:47.198  INFO 4460 --- [    Test worker] p6spy                                    : #1665380027198 | took 0ms | statement | connection 23| url jdbc:h2:mem:ad3a9e80-f26d-4a3e-9691-17f803db5723
update picture set spot_id=?, url=? where picture_id=?
update picture set spot_id=434, url='java.io.StringReader@5e5ebb7c' where picture_id=1527;
2022-10-10 14:33:47.198  INFO 4460 --- [    Test worker] p6spy                                    : #1665380027198 | took 0ms | statement | connection 23| url jdbc:h2:mem:ad3a9e80-f26d-4a3e-9691-17f803db5723
update picture set spot_id=?, url=? where picture_id=?
update picture set spot_id=435, url='java.io.StringReader@704c925a' where picture_id=1529;
2022-10-10 14:33:47.198  INFO 4460 --- [    Test worker] p6spy                                    : #1665380027198 | took 0ms | statement | connection 23| url jdbc:h2:mem:ad3a9e80-f26d-4a3e-9691-17f803db5723
update picture set spot_id=?, url=? where picture_id=?
update picture set spot_id=435, url='java.io.StringReader@3f2d0ef7' where picture_id=1530;
2022-10-10 14:33:47.198  INFO 4460 --- [    Test worker] p6spy                                    : #1665380027198 | took 0ms | statement | connection 23| url jdbc:h2:mem:ad3a9e80-f26d-4a3e-9691-17f803db5723
update picture set spot_id=?, url=? where picture_id=?
update picture set spot_id=435, url='java.io.StringReader@58c74364' where picture_id=1531;
2022-10-10 14:33:47.198  INFO 4460 --- [    Test worker] p6spy                                    : #1665380027198 | took 0ms | statement | connection 23| url jdbc:h2:mem:ad3a9e80-f26d-4a3e-9691-17f803db5723
update picture set spot_id=?, url=? where picture_id=?
update picture set spot_id=436, url='java.io.StringReader@c989407' where picture_id=1533;
2022-10-10 14:33:47.198  INFO 4460 --- [    Test worker] p6spy                                    : #1665380027198 | took 0ms | statement | connection 23| url jdbc:h2:mem:ad3a9e80-f26d-4a3e-9691-17f803db5723
update picture set spot_id=?, url=? where picture_id=?
update picture set spot_id=436, url='java.io.StringReader@78c726d2' where picture_id=1534;
2022-10-10 14:33:47.198  INFO 4460 --- [    Test worker] p6spy                                    : #1665380027198 | took 0ms | statement | connection 23| url jdbc:h2:mem:ad3a9e80-f26d-4a3e-9691-17f803db5723
update picture set spot_id=?, url=? where picture_id=?
update picture set spot_id=436, url='java.io.StringReader@3c53a002' where picture_id=1535;
2022-10-10 14:33:47.198  INFO 4460 --- [    Test worker] p6spy                                    : #1665380027198 | took 0ms | statement | connection 23| url jdbc:h2:mem:ad3a9e80-f26d-4a3e-9691-17f803db5723
update picture set spot_id=?, url=? where picture_id=?
update picture set spot_id=437, url='java.io.StringReader@39c0cbce' where picture_id=1537;
2022-10-10 14:33:47.198  INFO 4460 --- [    Test worker] p6spy                                    : #1665380027198 | took 0ms | statement | connection 23| url jdbc:h2:mem:ad3a9e80-f26d-4a3e-9691-17f803db5723
update picture set spot_id=?, url=? where picture_id=?
update picture set spot_id=437, url='java.io.StringReader@2c5037b' where picture_id=1538;
2022-10-10 14:33:47.198  INFO 4460 --- [    Test worker] p6spy                                    : #1665380027198 | took 0ms | statement | connection 23| url jdbc:h2:mem:ad3a9e80-f26d-4a3e-9691-17f803db5723
update picture set spot_id=?, url=? where picture_id=?
update picture set spot_id=437, url='java.io.StringReader@3de86254' where picture_id=1539;
2022-10-10 14:33:47.198  INFO 4460 --- [    Test worker] p6spy                                    : #1665380027198 | took 0ms | statement | connection 23| url jdbc:h2:mem:ad3a9e80-f26d-4a3e-9691-17f803db5723
update picture set spot_id=?, url=? where picture_id=?
update picture set spot_id=438, url='java.io.StringReader@55b87372' where picture_id=1541;
2022-10-10 14:33:47.198  INFO 4460 --- [    Test worker] p6spy                                    : #1665380027198 | took 0ms | statement | connection 23| url jdbc:h2:mem:ad3a9e80-f26d-4a3e-9691-17f803db5723
update picture set spot_id=?, url=? where picture_id=?
update picture set spot_id=438, url='java.io.StringReader@7d5041a1' where picture_id=1542;
2022-10-10 14:33:47.198  INFO 4460 --- [    Test worker] p6spy                                    : #1665380027198 | took 0ms | statement | connection 23| url jdbc:h2:mem:ad3a9e80-f26d-4a3e-9691-17f803db5723
update picture set spot_id=?, url=? where picture_id=?
update picture set spot_id=438, url='java.io.StringReader@73fbe2ce' where picture_id=1543;
2022-10-10 14:33:47.198  INFO 4460 --- [    Test worker] p6spy                                    : #1665380027198 | took 0ms | statement | connection 23| url jdbc:h2:mem:ad3a9e80-f26d-4a3e-9691-17f803db5723
update picture set spot_id=?, url=? where picture_id=?
update picture set spot_id=439, url='java.io.StringReader@3111291c' where picture_id=1545;
2022-10-10 14:33:47.198  INFO 4460 --- [    Test worker] p6spy                                    : #1665380027198 | took 0ms | statement | connection 23| url jdbc:h2:mem:ad3a9e80-f26d-4a3e-9691-17f803db5723
update picture set spot_id=?, url=? where picture_id=?
update picture set spot_id=439, url='java.io.StringReader@8c4ba77' where picture_id=1546;
2022-10-10 14:33:47.198  INFO 4460 --- [    Test worker] p6spy                                    : #1665380027198 | took 0ms | statement | connection 23| url jdbc:h2:mem:ad3a9e80-f26d-4a3e-9691-17f803db5723
update picture set spot_id=?, url=? where picture_id=?
update picture set spot_id=439, url='java.io.StringReader@3b9c9c51' where picture_id=1547;
2022-10-10 14:33:47.198  INFO 4460 --- [    Test worker] p6spy                                    : #1665380027198 | took 0ms | statement | connection 23| url jdbc:h2:mem:ad3a9e80-f26d-4a3e-9691-17f803db5723
update picture set spot_id=?, url=? where picture_id=?
update picture set spot_id=440, url='java.io.StringReader@a6c816a' where picture_id=1549;
2022-10-10 14:33:47.198  INFO 4460 --- [    Test worker] p6spy                                    : #1665380027198 | took 0ms | statement | connection 23| url jdbc:h2:mem:ad3a9e80-f26d-4a3e-9691-17f803db5723
update picture set spot_id=?, url=? where picture_id=?
update picture set spot_id=440, url='java.io.StringReader@3949a26a' where picture_id=1550;
2022-10-10 14:33:47.198  INFO 4460 --- [    Test worker] p6spy                                    : #1665380027198 | took 0ms | statement | connection 23| url jdbc:h2:mem:ad3a9e80-f26d-4a3e-9691-17f803db5723
update picture set spot_id=?, url=? where picture_id=?
update picture set spot_id=440, url='java.io.StringReader@64a04a04' where picture_id=1551;
2022-10-10 14:33:47.198  INFO 4460 --- [    Test worker] p6spy                                    : #1665380027198 | took 0ms | statement | connection 23| url jdbc:h2:mem:ad3a9e80-f26d-4a3e-9691-17f803db5723
update picture set spot_id=?, url=? where picture_id=?
update picture set spot_id=441, url='java.io.StringReader@39e3aada' where picture_id=1553;
2022-10-10 14:33:47.198  INFO 4460 --- [    Test worker] p6spy                                    : #1665380027198 | took 0ms | statement | connection 23| url jdbc:h2:mem:ad3a9e80-f26d-4a3e-9691-17f803db5723
update picture set spot_id=?, url=? where picture_id=?
update picture set spot_id=441, url='java.io.StringReader@7dddd011' where picture_id=1554;
2022-10-10 14:33:47.198  INFO 4460 --- [    Test worker] p6spy                                    : #1665380027198 | took 0ms | statement | connection 23| url jdbc:h2:mem:ad3a9e80-f26d-4a3e-9691-17f803db5723
update picture set spot_id=?, url=? where picture_id=?
update picture set spot_id=441, url='java.io.StringReader@7b976364' where picture_id=1555;
2022-10-10 14:33:47.198  INFO 4460 --- [    Test worker] p6spy                                    : #1665380027198 | took 0ms | statement | connection 23| url jdbc:h2:mem:ad3a9e80-f26d-4a3e-9691-17f803db5723
update picture set spot_id=?, url=? where picture_id=?
update picture set spot_id=442, url='java.io.StringReader@5e4e51' where picture_id=1557;
2022-10-10 14:33:47.198  INFO 4460 --- [    Test worker] p6spy                                    : #1665380027198 | took 0ms | statement | connection 23| url jdbc:h2:mem:ad3a9e80-f26d-4a3e-9691-17f803db5723
update picture set spot_id=?, url=? where picture_id=?
update picture set spot_id=442, url='java.io.StringReader@441830d' where picture_id=1558;
2022-10-10 14:33:47.198  INFO 4460 --- [    Test worker] p6spy                                    : #1665380027198 | took 0ms | statement | connection 23| url jdbc:h2:mem:ad3a9e80-f26d-4a3e-9691-17f803db5723
update picture set spot_id=?, url=? where picture_id=?
update picture set spot_id=442, url='java.io.StringReader@498cbc8c' where picture_id=1559;
2022-10-10 14:33:47.198  INFO 4460 --- [    Test worker] p6spy                                    : #1665380027198 | took 0ms | statement | connection 23| url jdbc:h2:mem:ad3a9e80-f26d-4a3e-9691-17f803db5723
update picture set spot_id=?, url=? where picture_id=?
update picture set spot_id=443, url='java.io.StringReader@507ad113' where picture_id=1561;
2022-10-10 14:33:47.198  INFO 4460 --- [    Test worker] p6spy                                    : #1665380027198 | took 0ms | statement | connection 23| url jdbc:h2:mem:ad3a9e80-f26d-4a3e-9691-17f803db5723
update picture set spot_id=?, url=? where picture_id=?
update picture set spot_id=443, url='java.io.StringReader@37da4a59' where picture_id=1562;
2022-10-10 14:33:47.198  INFO 4460 --- [    Test worker] p6spy                                    : #1665380027198 | took 0ms | statement | connection 23| url jdbc:h2:mem:ad3a9e80-f26d-4a3e-9691-17f803db5723
update picture set spot_id=?, url=? where picture_id=?
update picture set spot_id=443, url='java.io.StringReader@5f1d3fd0' where picture_id=1563;
2022-10-10 14:33:47.199  INFO 4460 --- [    Test worker] p6spy                                    : #1665380027199 | took 0ms | statement | connection 23| url jdbc:h2:mem:ad3a9e80-f26d-4a3e-9691-17f803db5723
update picture set spot_id=?, url=? where picture_id=?
update picture set spot_id=444, url='java.io.StringReader@14c259a2' where picture_id=1565;
2022-10-10 14:33:47.199  INFO 4460 --- [    Test worker] p6spy                                    : #1665380027199 | took 0ms | statement | connection 23| url jdbc:h2:mem:ad3a9e80-f26d-4a3e-9691-17f803db5723
update picture set spot_id=?, url=? where picture_id=?
update picture set spot_id=444, url='java.io.StringReader@61cc3757' where picture_id=1566;
2022-10-10 14:33:47.199  INFO 4460 --- [    Test worker] p6spy                                    : #1665380027199 | took 0ms | statement | connection 23| url jdbc:h2:mem:ad3a9e80-f26d-4a3e-9691-17f803db5723
update picture set spot_id=?, url=? where picture_id=?
update picture set spot_id=444, url='java.io.StringReader@2bbb02e6' where picture_id=1567;
2022-10-10 14:33:47.199  INFO 4460 --- [    Test worker] p6spy                                    : #1665380027199 | took 0ms | statement | connection 23| url jdbc:h2:mem:ad3a9e80-f26d-4a3e-9691-17f803db5723
update picture set spot_id=?, url=? where picture_id=?
update picture set spot_id=445, url='java.io.StringReader@14f57d5a' where picture_id=1569;
2022-10-10 14:33:47.199  INFO 4460 --- [    Test worker] p6spy                                    : #1665380027199 | took 0ms | statement | connection 23| url jdbc:h2:mem:ad3a9e80-f26d-4a3e-9691-17f803db5723
update picture set spot_id=?, url=? where picture_id=?
update picture set spot_id=445, url='java.io.StringReader@4f8d265a' where picture_id=1570;
2022-10-10 14:33:47.199  INFO 4460 --- [    Test worker] p6spy                                    : #1665380027199 | took 0ms | statement | connection 23| url jdbc:h2:mem:ad3a9e80-f26d-4a3e-9691-17f803db5723
update picture set spot_id=?, url=? where picture_id=?
update picture set spot_id=445, url='java.io.StringReader@6b6a60f4' where picture_id=1571;
2022-10-10 14:33:47.199  INFO 4460 --- [    Test worker] p6spy                                    : #1665380027199 | took 0ms | statement | connection 23| url jdbc:h2:mem:ad3a9e80-f26d-4a3e-9691-17f803db5723
update picture set spot_id=?, url=? where picture_id=?
update picture set spot_id=446, url='java.io.StringReader@63e6c111' where picture_id=1573;
2022-10-10 14:33:47.199  INFO 4460 --- [    Test worker] p6spy                                    : #1665380027199 | took 0ms | statement | connection 23| url jdbc:h2:mem:ad3a9e80-f26d-4a3e-9691-17f803db5723
update picture set spot_id=?, url=? where picture_id=?
update picture set spot_id=446, url='java.io.StringReader@220481f9' where picture_id=1574;
2022-10-10 14:33:47.199  INFO 4460 --- [    Test worker] p6spy                                    : #1665380027199 | took 0ms | statement | connection 23| url jdbc:h2:mem:ad3a9e80-f26d-4a3e-9691-17f803db5723
update picture set spot_id=?, url=? where picture_id=?
update picture set spot_id=446, url='java.io.StringReader@28245340' where picture_id=1575;
2022-10-10 14:33:47.199  INFO 4460 --- [    Test worker] p6spy                                    : #1665380027199 | took 0ms | statement | connection 23| url jdbc:h2:mem:ad3a9e80-f26d-4a3e-9691-17f803db5723
update picture set spot_id=?, url=? where picture_id=?
update picture set spot_id=447, url='java.io.StringReader@79cf42f2' where picture_id=1577;
2022-10-10 14:33:47.199  INFO 4460 --- [    Test worker] p6spy                                    : #1665380027199 | took 0ms | statement | connection 23| url jdbc:h2:mem:ad3a9e80-f26d-4a3e-9691-17f803db5723
update picture set spot_id=?, url=? where picture_id=?
update picture set spot_id=447, url='java.io.StringReader@728a9b59' where picture_id=1578;
2022-10-10 14:33:47.199  INFO 4460 --- [    Test worker] p6spy                                    : #1665380027199 | took 0ms | statement | connection 23| url jdbc:h2:mem:ad3a9e80-f26d-4a3e-9691-17f803db5723
update picture set spot_id=?, url=? where picture_id=?
update picture set spot_id=447, url='java.io.StringReader@101c85d6' where picture_id=1579;
2022-10-10 14:33:47.199  INFO 4460 --- [    Test worker] p6spy                                    : #1665380027199 | took 0ms | statement | connection 23| url jdbc:h2:mem:ad3a9e80-f26d-4a3e-9691-17f803db5723
update picture set spot_id=?, url=? where picture_id=?
update picture set spot_id=448, url='java.io.StringReader@1d3bc1df' where picture_id=1581;
2022-10-10 14:33:47.199  INFO 4460 --- [    Test worker] p6spy                                    : #1665380027199 | took 0ms | statement | connection 23| url jdbc:h2:mem:ad3a9e80-f26d-4a3e-9691-17f803db5723
update picture set spot_id=?, url=? where picture_id=?
update picture set spot_id=448, url='java.io.StringReader@5c6d3fbd' where picture_id=1582;
2022-10-10 14:33:47.199  INFO 4460 --- [    Test worker] p6spy                                    : #1665380027199 | took 0ms | statement | connection 23| url jdbc:h2:mem:ad3a9e80-f26d-4a3e-9691-17f803db5723
update picture set spot_id=?, url=? where picture_id=?
update picture set spot_id=448, url='java.io.StringReader@2ac665a' where picture_id=1583;
2022-10-10 14:33:47.199  INFO 4460 --- [    Test worker] p6spy                                    : #1665380027199 | took 0ms | statement | connection 23| url jdbc:h2:mem:ad3a9e80-f26d-4a3e-9691-17f803db5723
update picture set spot_id=?, url=? where picture_id=?
update picture set spot_id=449, url='java.io.StringReader@2e163f44' where picture_id=1585;
2022-10-10 14:33:47.199  INFO 4460 --- [    Test worker] p6spy                                    : #1665380027199 | took 0ms | statement | connection 23| url jdbc:h2:mem:ad3a9e80-f26d-4a3e-9691-17f803db5723
update picture set spot_id=?, url=? where picture_id=?
update picture set spot_id=449, url='java.io.StringReader@3fbd3e48' where picture_id=1586;
2022-10-10 14:33:47.199  INFO 4460 --- [    Test worker] p6spy                                    : #1665380027199 | took 0ms | statement | connection 23| url jdbc:h2:mem:ad3a9e80-f26d-4a3e-9691-17f803db5723
update picture set spot_id=?, url=? where picture_id=?
update picture set spot_id=449, url='java.io.StringReader@6324aad8' where picture_id=1587;
2022-10-10 14:33:47.199  INFO 4460 --- [    Test worker] p6spy                                    : #1665380027199 | took 0ms | statement | connection 23| url jdbc:h2:mem:ad3a9e80-f26d-4a3e-9691-17f803db5723
update picture set spot_id=?, url=? where picture_id=?
update picture set spot_id=450, url='java.io.StringReader@318979ec' where picture_id=1589;
2022-10-10 14:33:47.199  INFO 4460 --- [    Test worker] p6spy                                    : #1665380027199 | took 0ms | statement | connection 23| url jdbc:h2:mem:ad3a9e80-f26d-4a3e-9691-17f803db5723
update picture set spot_id=?, url=? where picture_id=?
update picture set spot_id=450, url='java.io.StringReader@36f5468d' where picture_id=1590;
2022-10-10 14:33:47.199  INFO 4460 --- [    Test worker] p6spy                                    : #1665380027199 | took 0ms | statement | connection 23| url jdbc:h2:mem:ad3a9e80-f26d-4a3e-9691-17f803db5723
update picture set spot_id=?, url=? where picture_id=?
update picture set spot_id=450, url='java.io.StringReader@5138d036' where picture_id=1591;
2022-10-10 14:33:47.199  INFO 4460 --- [    Test worker] p6spy                                    : #1665380027199 | took 0ms | statement | connection 23| url jdbc:h2:mem:ad3a9e80-f26d-4a3e-9691-17f803db5723
update picture set spot_id=?, url=? where picture_id=?
update picture set spot_id=451, url='java.io.StringReader@10125936' where picture_id=1593;
2022-10-10 14:33:47.199  INFO 4460 --- [    Test worker] p6spy                                    : #1665380027199 | took 0ms | statement | connection 23| url jdbc:h2:mem:ad3a9e80-f26d-4a3e-9691-17f803db5723
update picture set spot_id=?, url=? where picture_id=?
update picture set spot_id=451, url='java.io.StringReader@54362452' where picture_id=1594;
2022-10-10 14:33:47.199  INFO 4460 --- [    Test worker] p6spy                                    : #1665380027199 | took 0ms | statement | connection 23| url jdbc:h2:mem:ad3a9e80-f26d-4a3e-9691-17f803db5723
update picture set spot_id=?, url=? where picture_id=?
update picture set spot_id=451, url='java.io.StringReader@5723efaa' where picture_id=1595;
2022-10-10 14:33:47.199  INFO 4460 --- [    Test worker] p6spy                                    : #1665380027199 | took 0ms | statement | connection 23| url jdbc:h2:mem:ad3a9e80-f26d-4a3e-9691-17f803db5723
update picture set spot_id=?, url=? where picture_id=?
update picture set spot_id=452, url='java.io.StringReader@7b5f0c4c' where picture_id=1597;
2022-10-10 14:33:47.199  INFO 4460 --- [    Test worker] p6spy                                    : #1665380027199 | took 0ms | statement | connection 23| url jdbc:h2:mem:ad3a9e80-f26d-4a3e-9691-17f803db5723
update picture set spot_id=?, url=? where picture_id=?
update picture set spot_id=452, url='java.io.StringReader@157e0f80' where picture_id=1598;
2022-10-10 14:33:47.199  INFO 4460 --- [    Test worker] p6spy                                    : #1665380027199 | took 0ms | statement | connection 23| url jdbc:h2:mem:ad3a9e80-f26d-4a3e-9691-17f803db5723
update picture set spot_id=?, url=? where picture_id=?
update picture set spot_id=452, url='java.io.StringReader@5cb3f273' where picture_id=1599;
2022-10-10 14:33:47.199  INFO 4460 --- [    Test worker] p6spy                                    : #1665380027199 | took 0ms | statement | connection 23| url jdbc:h2:mem:ad3a9e80-f26d-4a3e-9691-17f803db5723
update picture set spot_id=?, url=? where picture_id=?
update picture set spot_id=453, url='java.io.StringReader@76d9c6c6' where picture_id=1601;
2022-10-10 14:33:47.199  INFO 4460 --- [    Test worker] p6spy                                    : #1665380027199 | took 0ms | statement | connection 23| url jdbc:h2:mem:ad3a9e80-f26d-4a3e-9691-17f803db5723
update picture set spot_id=?, url=? where picture_id=?
update picture set spot_id=453, url='java.io.StringReader@492bc6e6' where picture_id=1602;
2022-10-10 14:33:47.200  INFO 4460 --- [    Test worker] p6spy                                    : #1665380027200 | took 0ms | statement | connection 23| url jdbc:h2:mem:ad3a9e80-f26d-4a3e-9691-17f803db5723
update picture set spot_id=?, url=? where picture_id=?
update picture set spot_id=453, url='java.io.StringReader@4c5b133e' where picture_id=1603;
2022-10-10 14:33:47.200  INFO 4460 --- [    Test worker] p6spy                                    : #1665380027200 | took 0ms | statement | connection 23| url jdbc:h2:mem:ad3a9e80-f26d-4a3e-9691-17f803db5723
update picture set spot_id=?, url=? where picture_id=?
update picture set spot_id=454, url='java.io.StringReader@1953167e' where picture_id=1605;
2022-10-10 14:33:47.200  INFO 4460 --- [    Test worker] p6spy                                    : #1665380027200 | took 0ms | statement | connection 23| url jdbc:h2:mem:ad3a9e80-f26d-4a3e-9691-17f803db5723
update picture set spot_id=?, url=? where picture_id=?
update picture set spot_id=454, url='java.io.StringReader@2edcc5f0' where picture_id=1606;
2022-10-10 14:33:47.200  INFO 4460 --- [    Test worker] p6spy                                    : #1665380027200 | took 0ms | statement | connection 23| url jdbc:h2:mem:ad3a9e80-f26d-4a3e-9691-17f803db5723
update picture set spot_id=?, url=? where picture_id=?
update picture set spot_id=454, url='java.io.StringReader@21b5dbc' where picture_id=1607;
2022-10-10 14:33:47.200  INFO 4460 --- [    Test worker] p6spy                                    : #1665380027200 | took 0ms | statement | connection 23| url jdbc:h2:mem:ad3a9e80-f26d-4a3e-9691-17f803db5723
update picture set spot_id=?, url=? where picture_id=?
update picture set spot_id=455, url='java.io.StringReader@42a345ae' where picture_id=1609;
2022-10-10 14:33:47.200  INFO 4460 --- [    Test worker] p6spy                                    : #1665380027200 | took 0ms | statement | connection 23| url jdbc:h2:mem:ad3a9e80-f26d-4a3e-9691-17f803db5723
update picture set spot_id=?, url=? where picture_id=?
update picture set spot_id=455, url='java.io.StringReader@14b45f13' where picture_id=1610;
2022-10-10 14:33:47.200  INFO 4460 --- [    Test worker] p6spy                                    : #1665380027200 | took 0ms | statement | connection 23| url jdbc:h2:mem:ad3a9e80-f26d-4a3e-9691-17f803db5723
update picture set spot_id=?, url=? where picture_id=?
update picture set spot_id=455, url='java.io.StringReader@2402f553' where picture_id=1611;
2022-10-10 14:33:47.200  INFO 4460 --- [    Test worker] p6spy                                    : #1665380027200 | took 0ms | statement | connection 23| url jdbc:h2:mem:ad3a9e80-f26d-4a3e-9691-17f803db5723
update picture set spot_id=?, url=? where picture_id=?
update picture set spot_id=456, url='java.io.StringReader@799f8528' where picture_id=1613;
2022-10-10 14:33:47.200  INFO 4460 --- [    Test worker] p6spy                                    : #1665380027200 | took 0ms | statement | connection 23| url jdbc:h2:mem:ad3a9e80-f26d-4a3e-9691-17f803db5723
update picture set spot_id=?, url=? where picture_id=?
update picture set spot_id=456, url='java.io.StringReader@49e42064' where picture_id=1614;
2022-10-10 14:33:47.200  INFO 4460 --- [    Test worker] p6spy                                    : #1665380027200 | took 0ms | statement | connection 23| url jdbc:h2:mem:ad3a9e80-f26d-4a3e-9691-17f803db5723
update picture set spot_id=?, url=? where picture_id=?
update picture set spot_id=456, url='java.io.StringReader@3bccdd96' where picture_id=1615;
2022-10-10 14:33:47.200  INFO 4460 --- [    Test worker] p6spy                                    : #1665380027200 | took 0ms | statement | connection 23| url jdbc:h2:mem:ad3a9e80-f26d-4a3e-9691-17f803db5723
update picture set spot_id=?, url=? where picture_id=?
update picture set spot_id=457, url='java.io.StringReader@198af3c8' where picture_id=1617;
2022-10-10 14:33:47.200  INFO 4460 --- [    Test worker] p6spy                                    : #1665380027200 | took 0ms | statement | connection 23| url jdbc:h2:mem:ad3a9e80-f26d-4a3e-9691-17f803db5723
update picture set spot_id=?, url=? where picture_id=?
update picture set spot_id=457, url='java.io.StringReader@6adaccf5' where picture_id=1618;
2022-10-10 14:33:47.200  INFO 4460 --- [    Test worker] p6spy                                    : #1665380027200 | took 0ms | statement | connection 23| url jdbc:h2:mem:ad3a9e80-f26d-4a3e-9691-17f803db5723
update picture set spot_id=?, url=? where picture_id=?
update picture set spot_id=457, url='java.io.StringReader@44c262d0' where picture_id=1619;
2022-10-10 14:33:47.200  INFO 4460 --- [    Test worker] p6spy                                    : #1665380027200 | took 0ms | statement | connection 23| url jdbc:h2:mem:ad3a9e80-f26d-4a3e-9691-17f803db5723
update picture set spot_id=?, url=? where picture_id=?
update picture set spot_id=458, url='java.io.StringReader@23159091' where picture_id=1621;
2022-10-10 14:33:47.200  INFO 4460 --- [    Test worker] p6spy                                    : #1665380027200 | took 0ms | statement | connection 23| url jdbc:h2:mem:ad3a9e80-f26d-4a3e-9691-17f803db5723
update picture set spot_id=?, url=? where picture_id=?
update picture set spot_id=458, url='java.io.StringReader@7b1e2dad' where picture_id=1622;
2022-10-10 14:33:47.200  INFO 4460 --- [    Test worker] p6spy                                    : #1665380027200 | took 0ms | statement | connection 23| url jdbc:h2:mem:ad3a9e80-f26d-4a3e-9691-17f803db5723
update picture set spot_id=?, url=? where picture_id=?
update picture set spot_id=458, url='java.io.StringReader@445d26fd' where picture_id=1623;
2022-10-10 14:33:47.200  INFO 4460 --- [    Test worker] p6spy                                    : #1665380027200 | took 0ms | statement | connection 23| url jdbc:h2:mem:ad3a9e80-f26d-4a3e-9691-17f803db5723
update picture set spot_id=?, url=? where picture_id=?
update picture set spot_id=459, url='java.io.StringReader@1777a76a' where picture_id=1625;
2022-10-10 14:33:47.200  INFO 4460 --- [    Test worker] p6spy                                    : #1665380027200 | took 0ms | statement | connection 23| url jdbc:h2:mem:ad3a9e80-f26d-4a3e-9691-17f803db5723
update picture set spot_id=?, url=? where picture_id=?
update picture set spot_id=459, url='java.io.StringReader@3d024aff' where picture_id=1626;
2022-10-10 14:33:47.200  INFO 4460 --- [    Test worker] p6spy                                    : #1665380027200 | took 0ms | statement | connection 23| url jdbc:h2:mem:ad3a9e80-f26d-4a3e-9691-17f803db5723
update picture set spot_id=?, url=? where picture_id=?
update picture set spot_id=459, url='java.io.StringReader@6ae66f52' where picture_id=1627;
2022-10-10 14:33:47.200  INFO 4460 --- [    Test worker] p6spy                                    : #1665380027200 | took 0ms | statement | connection 23| url jdbc:h2:mem:ad3a9e80-f26d-4a3e-9691-17f803db5723
update picture set spot_id=?, url=? where picture_id=?
update picture set spot_id=460, url='java.io.StringReader@52f6f7c0' where picture_id=1629;
2022-10-10 14:33:47.200  INFO 4460 --- [    Test worker] p6spy                                    : #1665380027200 | took 0ms | statement | connection 23| url jdbc:h2:mem:ad3a9e80-f26d-4a3e-9691-17f803db5723
update picture set spot_id=?, url=? where picture_id=?
update picture set spot_id=460, url='java.io.StringReader@142c4dd6' where picture_id=1630;
2022-10-10 14:33:47.200  INFO 4460 --- [    Test worker] p6spy                                    : #1665380027200 | took 0ms | statement | connection 23| url jdbc:h2:mem:ad3a9e80-f26d-4a3e-9691-17f803db5723
update picture set spot_id=?, url=? where picture_id=?
update picture set spot_id=460, url='java.io.StringReader@29cd44e3' where picture_id=1631;
2022-10-10 14:33:47.200  INFO 4460 --- [    Test worker] p6spy                                    : #1665380027200 | took 0ms | statement | connection 23| url jdbc:h2:mem:ad3a9e80-f26d-4a3e-9691-17f803db5723
update picture set spot_id=?, url=? where picture_id=?
update picture set spot_id=461, url='java.io.StringReader@5eb82ec9' where picture_id=1633;
2022-10-10 14:33:47.200  INFO 4460 --- [    Test worker] p6spy                                    : #1665380027200 | took 0ms | statement | connection 23| url jdbc:h2:mem:ad3a9e80-f26d-4a3e-9691-17f803db5723
update picture set spot_id=?, url=? where picture_id=?
update picture set spot_id=461, url='java.io.StringReader@495e3dd2' where picture_id=1634;
2022-10-10 14:33:47.200  INFO 4460 --- [    Test worker] p6spy                                    : #1665380027200 | took 0ms | statement | connection 23| url jdbc:h2:mem:ad3a9e80-f26d-4a3e-9691-17f803db5723
update picture set spot_id=?, url=? where picture_id=?
update picture set spot_id=461, url='java.io.StringReader@31ad7aec' where picture_id=1635;
2022-10-10 14:33:47.200  INFO 4460 --- [    Test worker] p6spy                                    : #1665380027200 | took 0ms | statement | connection 23| url jdbc:h2:mem:ad3a9e80-f26d-4a3e-9691-17f803db5723
update picture set spot_id=?, url=? where picture_id=?
update picture set spot_id=462, url='java.io.StringReader@10d99dfa' where picture_id=1637;
2022-10-10 14:33:47.201  INFO 4460 --- [    Test worker] p6spy                                    : #1665380027201 | took 0ms | statement | connection 23| url jdbc:h2:mem:ad3a9e80-f26d-4a3e-9691-17f803db5723
update picture set spot_id=?, url=? where picture_id=?
update picture set spot_id=462, url='java.io.StringReader@7fb9c7bc' where picture_id=1638;
2022-10-10 14:33:47.201  INFO 4460 --- [    Test worker] p6spy                                    : #1665380027201 | took 0ms | statement | connection 23| url jdbc:h2:mem:ad3a9e80-f26d-4a3e-9691-17f803db5723
update picture set spot_id=?, url=? where picture_id=?
update picture set spot_id=462, url='java.io.StringReader@6bdb83c1' where picture_id=1639;
2022-10-10 14:33:47.201  INFO 4460 --- [    Test worker] p6spy                                    : #1665380027201 | took 0ms | statement | connection 23| url jdbc:h2:mem:ad3a9e80-f26d-4a3e-9691-17f803db5723
update picture set spot_id=?, url=? where picture_id=?
update picture set spot_id=463, url='java.io.StringReader@6af24d36' where picture_id=1641;
2022-10-10 14:33:47.201  INFO 4460 --- [    Test worker] p6spy                                    : #1665380027201 | took 0ms | statement | connection 23| url jdbc:h2:mem:ad3a9e80-f26d-4a3e-9691-17f803db5723
update picture set spot_id=?, url=? where picture_id=?
update picture set spot_id=463, url='java.io.StringReader@7b946b4f' where picture_id=1642;
2022-10-10 14:33:47.201  INFO 4460 --- [    Test worker] p6spy                                    : #1665380027201 | took 0ms | statement | connection 23| url jdbc:h2:mem:ad3a9e80-f26d-4a3e-9691-17f803db5723
update picture set spot_id=?, url=? where picture_id=?
update picture set spot_id=463, url='java.io.StringReader@505d75db' where picture_id=1643;
2022-10-10 14:33:47.201  INFO 4460 --- [    Test worker] p6spy                                    : #1665380027201 | took 0ms | statement | connection 23| url jdbc:h2:mem:ad3a9e80-f26d-4a3e-9691-17f803db5723
update picture set spot_id=?, url=? where picture_id=?
update picture set spot_id=464, url='java.io.StringReader@33201269' where picture_id=1645;
2022-10-10 14:33:47.201  INFO 4460 --- [    Test worker] p6spy                                    : #1665380027201 | took 0ms | statement | connection 23| url jdbc:h2:mem:ad3a9e80-f26d-4a3e-9691-17f803db5723
update picture set spot_id=?, url=? where picture_id=?
update picture set spot_id=464, url='java.io.StringReader@5a71b443' where picture_id=1646;
2022-10-10 14:33:47.201  INFO 4460 --- [    Test worker] p6spy                                    : #1665380027201 | took 0ms | statement | connection 23| url jdbc:h2:mem:ad3a9e80-f26d-4a3e-9691-17f803db5723
update picture set spot_id=?, url=? where picture_id=?
update picture set spot_id=464, url='java.io.StringReader@381331fd' where picture_id=1647;
2022-10-10 14:33:47.201  INFO 4460 --- [    Test worker] p6spy                                    : #1665380027201 | took 0ms | statement | connection 23| url jdbc:h2:mem:ad3a9e80-f26d-4a3e-9691-17f803db5723
update picture set spot_id=?, url=? where picture_id=?
update picture set spot_id=465, url='java.io.StringReader@4745df2' where picture_id=1649;
2022-10-10 14:33:47.201  INFO 4460 --- [    Test worker] p6spy                                    : #1665380027201 | took 0ms | statement | connection 23| url jdbc:h2:mem:ad3a9e80-f26d-4a3e-9691-17f803db5723
update picture set spot_id=?, url=? where picture_id=?
update picture set spot_id=465, url='java.io.StringReader@74fabca7' where picture_id=1650;
2022-10-10 14:33:47.201  INFO 4460 --- [    Test worker] p6spy                                    : #1665380027201 | took 0ms | statement | connection 23| url jdbc:h2:mem:ad3a9e80-f26d-4a3e-9691-17f803db5723
update picture set spot_id=?, url=? where picture_id=?
update picture set spot_id=465, url='java.io.StringReader@1ba77d6e' where picture_id=1651;
2022-10-10 14:33:47.201  INFO 4460 --- [    Test worker] p6spy                                    : #1665380027201 | took 0ms | statement | connection 23| url jdbc:h2:mem:ad3a9e80-f26d-4a3e-9691-17f803db5723
update picture set spot_id=?, url=? where picture_id=?
update picture set spot_id=466, url='java.io.StringReader@c0c430' where picture_id=1653;
2022-10-10 14:33:47.201  INFO 4460 --- [    Test worker] p6spy                                    : #1665380027201 | took 0ms | statement | connection 23| url jdbc:h2:mem:ad3a9e80-f26d-4a3e-9691-17f803db5723
update picture set spot_id=?, url=? where picture_id=?
update picture set spot_id=466, url='java.io.StringReader@39c0684e' where picture_id=1654;
2022-10-10 14:33:47.201  INFO 4460 --- [    Test worker] p6spy                                    : #1665380027201 | took 0ms | statement | connection 23| url jdbc:h2:mem:ad3a9e80-f26d-4a3e-9691-17f803db5723
update picture set spot_id=?, url=? where picture_id=?
update picture set spot_id=466, url='java.io.StringReader@1bdbc878' where picture_id=1655;
2022-10-10 14:33:47.201  INFO 4460 --- [    Test worker] p6spy                                    : #1665380027201 | took 0ms | statement | connection 23| url jdbc:h2:mem:ad3a9e80-f26d-4a3e-9691-17f803db5723
update picture set spot_id=?, url=? where picture_id=?
update picture set spot_id=467, url='java.io.StringReader@3ced033' where picture_id=1657;
2022-10-10 14:33:47.201  INFO 4460 --- [    Test worker] p6spy                                    : #1665380027201 | took 0ms | statement | connection 23| url jdbc:h2:mem:ad3a9e80-f26d-4a3e-9691-17f803db5723
update picture set spot_id=?, url=? where picture_id=?
update picture set spot_id=467, url='java.io.StringReader@27d3ba25' where picture_id=1658;
2022-10-10 14:33:47.201  INFO 4460 --- [    Test worker] p6spy                                    : #1665380027201 | took 0ms | statement | connection 23| url jdbc:h2:mem:ad3a9e80-f26d-4a3e-9691-17f803db5723
update picture set spot_id=?, url=? where picture_id=?
update picture set spot_id=467, url='java.io.StringReader@41d7798' where picture_id=1659;
2022-10-10 14:33:47.201  INFO 4460 --- [    Test worker] p6spy                                    : #1665380027201 | took 0ms | statement | connection 23| url jdbc:h2:mem:ad3a9e80-f26d-4a3e-9691-17f803db5723
update picture set spot_id=?, url=? where picture_id=?
update picture set spot_id=468, url='java.io.StringReader@1892c26c' where picture_id=1661;
2022-10-10 14:33:47.201  INFO 4460 --- [    Test worker] p6spy                                    : #1665380027201 | took 0ms | statement | connection 23| url jdbc:h2:mem:ad3a9e80-f26d-4a3e-9691-17f803db5723
update picture set spot_id=?, url=? where picture_id=?
update picture set spot_id=468, url='java.io.StringReader@3cb2b2de' where picture_id=1662;
2022-10-10 14:33:47.201  INFO 4460 --- [    Test worker] p6spy                                    : #1665380027201 | took 0ms | statement | connection 23| url jdbc:h2:mem:ad3a9e80-f26d-4a3e-9691-17f803db5723
update picture set spot_id=?, url=? where picture_id=?
update picture set spot_id=468, url='java.io.StringReader@3141366' where picture_id=1663;
2022-10-10 14:33:47.202  INFO 4460 --- [    Test worker] c.j.r.FavoriteSpotQueryRepositoryTest    : member1 = Member(id=14, username=member1, email=member1@gmail.com, password=1234)
2022-10-10 14:33:47.202  INFO 4460 --- [    Test worker] c.j.r.FavoriteSpotQueryRepositoryTest    : favoriteMain = Favorite(id=37, name=1일차)
2022-10-10 14:33:47.202  INFO 4460 --- [    Test worker] c.j.r.FavoriteSpotQueryRepositoryTest    : spots[0] = capstone.jejuTourrecommend.domain.Spot@4240b0d5
2022-10-10 14:33:47.202  INFO 4460 --- [    Test worker] c.j.r.FavoriteSpotQueryRepositoryTest    : favoriteSpots[0] = FavoriteSpot(id=321, count=0)
2022-10-10 14:33:47.202  INFO 4460 --- [    Test worker] p6spy                                    : #1665380027202 | took 0ms | statement | connection 23| url jdbc:h2:mem:ad3a9e80-f26d-4a3e-9691-17f803db5723
select member0_.member_id as member_i1_2_, member0_.created_date as created_2_2_, member0_.last_modified_date as last_mod3_2_, member0_.created_by as created_4_2_, member0_.last_modified_by as last_mod5_2_, member0_.email as email6_2_, member0_.password as password7_2_, member0_.refresh_token as refresh_8_2_, member0_.role as role9_2_, member0_.username as usernam10_2_ from member member0_ where member0_.email=?
select member0_.member_id as member_i1_2_, member0_.created_date as created_2_2_, member0_.last_modified_date as last_mod3_2_, member0_.created_by as created_4_2_, member0_.last_modified_by as last_mod5_2_, member0_.email as email6_2_, member0_.password as password7_2_, member0_.refresh_token as refresh_8_2_, member0_.role as role9_2_, member0_.username as usernam10_2_ from member member0_ where member0_.email='member1@gmail.com';
2022-10-10 14:33:47.203  INFO 4460 --- [    Test worker] p6spy                                    : #1665380027203 | took 0ms | statement | connection 23| url jdbc:h2:mem:ad3a9e80-f26d-4a3e-9691-17f803db5723
select favorite0_.favorite_id as col_0_0_, favorite0_.name as col_1_0_ from favorite favorite0_ where favorite0_.member_id=? limit ?
select favorite0_.favorite_id as col_0_0_, favorite0_.name as col_1_0_ from favorite favorite0_ where favorite0_.member_id=14 limit 3;
2022-10-10 14:33:47.203  INFO 4460 --- [    Test worker] p6spy                                    : #1665380027203 | took 0ms | statement | connection 23| url jdbc:h2:mem:ad3a9e80-f26d-4a3e-9691-17f803db5723
select favoritesp0_.spot_id as col_0_0_ from favorite_spot favoritesp0_ where favoritesp0_.favorite_id=?
select favoritesp0_.spot_id as col_0_0_ from favorite_spot favoritesp0_ where favoritesp0_.favorite_id=37;
2022-10-10 14:33:47.204  INFO 4460 --- [    Test worker] p6spy                                    : #1665380027204 | took 0ms | statement | connection 23| url jdbc:h2:mem:ad3a9e80-f26d-4a3e-9691-17f803db5723
select picture0_.picture_id as col_0_0_, picture0_.url as col_1_0_, picture0_.spot_id as col_2_0_ from picture picture0_ inner join spot spot1_ on picture0_.spot_id=spot1_.spot_id where picture0_.spot_id=? limit ?
select picture0_.picture_id as col_0_0_, picture0_.url as col_1_0_, picture0_.spot_id as col_2_0_ from picture picture0_ inner join spot spot1_ on picture0_.spot_id=spot1_.spot_id where picture0_.spot_id=369 limit 3;
2022-10-10 14:33:47.204  INFO 4460 --- [    Test worker] p6spy                                    : #1665380027204 | took 0ms | statement | connection 23| url jdbc:h2:mem:ad3a9e80-f26d-4a3e-9691-17f803db5723
select picture0_.picture_id as col_0_0_, picture0_.url as col_1_0_, picture0_.spot_id as col_2_0_ from picture picture0_ inner join spot spot1_ on picture0_.spot_id=spot1_.spot_id where picture0_.spot_id=? limit ?
select picture0_.picture_id as col_0_0_, picture0_.url as col_1_0_, picture0_.spot_id as col_2_0_ from picture picture0_ inner join spot spot1_ on picture0_.spot_id=spot1_.spot_id where picture0_.spot_id=371 limit 3;
2022-10-10 14:33:47.205  INFO 4460 --- [    Test worker] p6spy                                    : #1665380027205 | took 0ms | statement | connection 23| url jdbc:h2:mem:ad3a9e80-f26d-4a3e-9691-17f803db5723
select picture0_.picture_id as col_0_0_, picture0_.url as col_1_0_, picture0_.spot_id as col_2_0_ from picture picture0_ inner join spot spot1_ on picture0_.spot_id=spot1_.spot_id where picture0_.spot_id=? limit ?
select picture0_.picture_id as col_0_0_, picture0_.url as col_1_0_, picture0_.spot_id as col_2_0_ from picture picture0_ inner join spot spot1_ on picture0_.spot_id=spot1_.spot_id where picture0_.spot_id=373 limit 3;
2022-10-10 14:33:47.205  INFO 4460 --- [    Test worker] p6spy                                    : #1665380027205 | took 0ms | statement | connection 23| url jdbc:h2:mem:ad3a9e80-f26d-4a3e-9691-17f803db5723
select picture0_.picture_id as col_0_0_, picture0_.url as col_1_0_, picture0_.spot_id as col_2_0_ from picture picture0_ inner join spot spot1_ on picture0_.spot_id=spot1_.spot_id where picture0_.spot_id=? limit ?
select picture0_.picture_id as col_0_0_, picture0_.url as col_1_0_, picture0_.spot_id as col_2_0_ from picture picture0_ inner join spot spot1_ on picture0_.spot_id=spot1_.spot_id where picture0_.spot_id=375 limit 3;
2022-10-10 14:33:47.205  INFO 4460 --- [    Test worker] p6spy                                    : #1665380027205 | took 0ms | statement | connection 23| url jdbc:h2:mem:ad3a9e80-f26d-4a3e-9691-17f803db5723
select picture0_.picture_id as col_0_0_, picture0_.url as col_1_0_, picture0_.spot_id as col_2_0_ from picture picture0_ inner join spot spot1_ on picture0_.spot_id=spot1_.spot_id where picture0_.spot_id=? limit ?
select picture0_.picture_id as col_0_0_, picture0_.url as col_1_0_, picture0_.spot_id as col_2_0_ from picture picture0_ inner join spot spot1_ on picture0_.spot_id=spot1_.spot_id where picture0_.spot_id=377 limit 3;
2022-10-10 14:33:47.206  INFO 4460 --- [    Test worker] p6spy                                    : #1665380027206 | took 0ms | statement | connection 23| url jdbc:h2:mem:ad3a9e80-f26d-4a3e-9691-17f803db5723
select picture0_.picture_id as col_0_0_, picture0_.url as col_1_0_, picture0_.spot_id as col_2_0_ from picture picture0_ inner join spot spot1_ on picture0_.spot_id=spot1_.spot_id where picture0_.spot_id=? limit ?
select picture0_.picture_id as col_0_0_, picture0_.url as col_1_0_, picture0_.spot_id as col_2_0_ from picture picture0_ inner join spot spot1_ on picture0_.spot_id=spot1_.spot_id where picture0_.spot_id=379 limit 3;
2022-10-10 14:33:47.206  INFO 4460 --- [    Test worker] p6spy                                    : #1665380027206 | took 0ms | statement | connection 23| url jdbc:h2:mem:ad3a9e80-f26d-4a3e-9691-17f803db5723
select picture0_.picture_id as col_0_0_, picture0_.url as col_1_0_, picture0_.spot_id as col_2_0_ from picture picture0_ inner join spot spot1_ on picture0_.spot_id=spot1_.spot_id where picture0_.spot_id=? limit ?
select picture0_.picture_id as col_0_0_, picture0_.url as col_1_0_, picture0_.spot_id as col_2_0_ from picture picture0_ inner join spot spot1_ on picture0_.spot_id=spot1_.spot_id where picture0_.spot_id=381 limit 3;
2022-10-10 14:33:47.206  INFO 4460 --- [    Test worker] p6spy                                    : #1665380027206 | took 0ms | statement | connection 23| url jdbc:h2:mem:ad3a9e80-f26d-4a3e-9691-17f803db5723
select picture0_.picture_id as col_0_0_, picture0_.url as col_1_0_, picture0_.spot_id as col_2_0_ from picture picture0_ inner join spot spot1_ on picture0_.spot_id=spot1_.spot_id where picture0_.spot_id=? limit ?
select picture0_.picture_id as col_0_0_, picture0_.url as col_1_0_, picture0_.spot_id as col_2_0_ from picture picture0_ inner join spot spot1_ on picture0_.spot_id=spot1_.spot_id where picture0_.spot_id=383 limit 3;
2022-10-10 14:33:47.206  INFO 4460 --- [    Test worker] p6spy                                    : #1665380027206 | took 0ms | statement | connection 23| url jdbc:h2:mem:ad3a9e80-f26d-4a3e-9691-17f803db5723
select picture0_.picture_id as col_0_0_, picture0_.url as col_1_0_, picture0_.spot_id as col_2_0_ from picture picture0_ inner join spot spot1_ on picture0_.spot_id=spot1_.spot_id where picture0_.spot_id=? limit ?
select picture0_.picture_id as col_0_0_, picture0_.url as col_1_0_, picture0_.spot_id as col_2_0_ from picture picture0_ inner join spot spot1_ on picture0_.spot_id=spot1_.spot_id where picture0_.spot_id=385 limit 3;
2022-10-10 14:33:47.207  INFO 4460 --- [    Test worker] p6spy                                    : #1665380027207 | took 0ms | statement | connection 23| url jdbc:h2:mem:ad3a9e80-f26d-4a3e-9691-17f803db5723
select picture0_.picture_id as col_0_0_, picture0_.url as col_1_0_, picture0_.spot_id as col_2_0_ from picture picture0_ inner join spot spot1_ on picture0_.spot_id=spot1_.spot_id where picture0_.spot_id=? limit ?
select picture0_.picture_id as col_0_0_, picture0_.url as col_1_0_, picture0_.spot_id as col_2_0_ from picture picture0_ inner join spot spot1_ on picture0_.spot_id=spot1_.spot_id where picture0_.spot_id=387 limit 3;
2022-10-10 14:33:47.207  INFO 4460 --- [    Test worker] p6spy                                    : #1665380027207 | took 0ms | statement | connection 23| url jdbc:h2:mem:ad3a9e80-f26d-4a3e-9691-17f803db5723
select picture0_.picture_id as col_0_0_, picture0_.url as col_1_0_, picture0_.spot_id as col_2_0_ from picture picture0_ inner join spot spot1_ on picture0_.spot_id=spot1_.spot_id where picture0_.spot_id=? limit ?
select picture0_.picture_id as col_0_0_, picture0_.url as col_1_0_, picture0_.spot_id as col_2_0_ from picture picture0_ inner join spot spot1_ on picture0_.spot_id=spot1_.spot_id where picture0_.spot_id=389 limit 3;
2022-10-10 14:33:47.207  INFO 4460 --- [    Test worker] p6spy                                    : #1665380027207 | took 0ms | statement | connection 23| url jdbc:h2:mem:ad3a9e80-f26d-4a3e-9691-17f803db5723
select picture0_.picture_id as col_0_0_, picture0_.url as col_1_0_, picture0_.spot_id as col_2_0_ from picture picture0_ inner join spot spot1_ on picture0_.spot_id=spot1_.spot_id where picture0_.spot_id=? limit ?
select picture0_.picture_id as col_0_0_, picture0_.url as col_1_0_, picture0_.spot_id as col_2_0_ from picture picture0_ inner join spot spot1_ on picture0_.spot_id=spot1_.spot_id where picture0_.spot_id=391 limit 3;
2022-10-10 14:33:47.208  INFO 4460 --- [    Test worker] p6spy                                    : #1665380027208 | took 0ms | statement | connection 23| url jdbc:h2:mem:ad3a9e80-f26d-4a3e-9691-17f803db5723
select picture0_.picture_id as col_0_0_, picture0_.url as col_1_0_, picture0_.spot_id as col_2_0_ from picture picture0_ inner join spot spot1_ on picture0_.spot_id=spot1_.spot_id where picture0_.spot_id=? limit ?
select picture0_.picture_id as col_0_0_, picture0_.url as col_1_0_, picture0_.spot_id as col_2_0_ from picture picture0_ inner join spot spot1_ on picture0_.spot_id=spot1_.spot_id where picture0_.spot_id=393 limit 3;
2022-10-10 14:33:47.208  INFO 4460 --- [    Test worker] p6spy                                    : #1665380027208 | took 0ms | statement | connection 23| url jdbc:h2:mem:ad3a9e80-f26d-4a3e-9691-17f803db5723
select picture0_.picture_id as col_0_0_, picture0_.url as col_1_0_, picture0_.spot_id as col_2_0_ from picture picture0_ inner join spot spot1_ on picture0_.spot_id=spot1_.spot_id where picture0_.spot_id=? limit ?
select picture0_.picture_id as col_0_0_, picture0_.url as col_1_0_, picture0_.spot_id as col_2_0_ from picture picture0_ inner join spot spot1_ on picture0_.spot_id=spot1_.spot_id where picture0_.spot_id=395 limit 3;
2022-10-10 14:33:47.209  INFO 4460 --- [    Test worker] p6spy                                    : #1665380027209 | took 0ms | statement | connection 23| url jdbc:h2:mem:ad3a9e80-f26d-4a3e-9691-17f803db5723
select picture0_.picture_id as col_0_0_, picture0_.url as col_1_0_, picture0_.spot_id as col_2_0_ from picture picture0_ inner join spot spot1_ on picture0_.spot_id=spot1_.spot_id where picture0_.spot_id=? limit ?
select picture0_.picture_id as col_0_0_, picture0_.url as col_1_0_, picture0_.spot_id as col_2_0_ from picture picture0_ inner join spot spot1_ on picture0_.spot_id=spot1_.spot_id where picture0_.spot_id=397 limit 3;
2022-10-10 14:33:47.209  INFO 4460 --- [    Test worker] p6spy                                    : #1665380027209 | took 0ms | statement | connection 23| url jdbc:h2:mem:ad3a9e80-f26d-4a3e-9691-17f803db5723
select picture0_.picture_id as col_0_0_, picture0_.url as col_1_0_, picture0_.spot_id as col_2_0_ from picture picture0_ inner join spot spot1_ on picture0_.spot_id=spot1_.spot_id where picture0_.spot_id=? limit ?
select picture0_.picture_id as col_0_0_, picture0_.url as col_1_0_, picture0_.spot_id as col_2_0_ from picture picture0_ inner join spot spot1_ on picture0_.spot_id=spot1_.spot_id where picture0_.spot_id=399 limit 3;
2022-10-10 14:33:47.210  INFO 4460 --- [    Test worker] p6spy                                    : #1665380027210 | took 0ms | statement | connection 23| url jdbc:h2:mem:ad3a9e80-f26d-4a3e-9691-17f803db5723
select picture0_.picture_id as col_0_0_, picture0_.url as col_1_0_, picture0_.spot_id as col_2_0_ from picture picture0_ inner join spot spot1_ on picture0_.spot_id=spot1_.spot_id where picture0_.spot_id=? limit ?
select picture0_.picture_id as col_0_0_, picture0_.url as col_1_0_, picture0_.spot_id as col_2_0_ from picture picture0_ inner join spot spot1_ on picture0_.spot_id=spot1_.spot_id where picture0_.spot_id=401 limit 3;
2022-10-10 14:33:47.210  INFO 4460 --- [    Test worker] p6spy                                    : #1665380027210 | took 0ms | statement | connection 23| url jdbc:h2:mem:ad3a9e80-f26d-4a3e-9691-17f803db5723
select picture0_.picture_id as col_0_0_, picture0_.url as col_1_0_, picture0_.spot_id as col_2_0_ from picture picture0_ inner join spot spot1_ on picture0_.spot_id=spot1_.spot_id where picture0_.spot_id=? limit ?
select picture0_.picture_id as col_0_0_, picture0_.url as col_1_0_, picture0_.spot_id as col_2_0_ from picture picture0_ inner join spot spot1_ on picture0_.spot_id=spot1_.spot_id where picture0_.spot_id=403 limit 3;
2022-10-10 14:33:47.210  INFO 4460 --- [    Test worker] p6spy                                    : #1665380027210 | took 0ms | statement | connection 23| url jdbc:h2:mem:ad3a9e80-f26d-4a3e-9691-17f803db5723
select picture0_.picture_id as col_0_0_, picture0_.url as col_1_0_, picture0_.spot_id as col_2_0_ from picture picture0_ inner join spot spot1_ on picture0_.spot_id=spot1_.spot_id where picture0_.spot_id=? limit ?
select picture0_.picture_id as col_0_0_, picture0_.url as col_1_0_, picture0_.spot_id as col_2_0_ from picture picture0_ inner join spot spot1_ on picture0_.spot_id=spot1_.spot_id where picture0_.spot_id=405 limit 3;
2022-10-10 14:33:47.211  INFO 4460 --- [    Test worker] p6spy                                    : #1665380027211 | took 0ms | statement | connection 23| url jdbc:h2:mem:ad3a9e80-f26d-4a3e-9691-17f803db5723
select picture0_.picture_id as col_0_0_, picture0_.url as col_1_0_, picture0_.spot_id as col_2_0_ from picture picture0_ inner join spot spot1_ on picture0_.spot_id=spot1_.spot_id where picture0_.spot_id=? limit ?
select picture0_.picture_id as col_0_0_, picture0_.url as col_1_0_, picture0_.spot_id as col_2_0_ from picture picture0_ inner join spot spot1_ on picture0_.spot_id=spot1_.spot_id where picture0_.spot_id=407 limit 3;
2022-10-10 14:33:47.211  INFO 4460 --- [    Test worker] p6spy                                    : #1665380027211 | took 0ms | statement | connection 23| url jdbc:h2:mem:ad3a9e80-f26d-4a3e-9691-17f803db5723
select picture0_.picture_id as col_0_0_, picture0_.url as col_1_0_, picture0_.spot_id as col_2_0_ from picture picture0_ inner join spot spot1_ on picture0_.spot_id=spot1_.spot_id where picture0_.spot_id=? limit ?
select picture0_.picture_id as col_0_0_, picture0_.url as col_1_0_, picture0_.spot_id as col_2_0_ from picture picture0_ inner join spot spot1_ on picture0_.spot_id=spot1_.spot_id where picture0_.spot_id=409 limit 3;
2022-10-10 14:33:47.211  INFO 4460 --- [    Test worker] p6spy                                    : #1665380027211 | took 0ms | statement | connection 23| url jdbc:h2:mem:ad3a9e80-f26d-4a3e-9691-17f803db5723
select picture0_.picture_id as col_0_0_, picture0_.url as col_1_0_, picture0_.spot_id as col_2_0_ from picture picture0_ inner join spot spot1_ on picture0_.spot_id=spot1_.spot_id where picture0_.spot_id=? limit ?
select picture0_.picture_id as col_0_0_, picture0_.url as col_1_0_, picture0_.spot_id as col_2_0_ from picture picture0_ inner join spot spot1_ on picture0_.spot_id=spot1_.spot_id where picture0_.spot_id=411 limit 3;
2022-10-10 14:33:47.212  INFO 4460 --- [    Test worker] p6spy                                    : #1665380027212 | took 0ms | statement | connection 23| url jdbc:h2:mem:ad3a9e80-f26d-4a3e-9691-17f803db5723
select picture0_.picture_id as col_0_0_, picture0_.url as col_1_0_, picture0_.spot_id as col_2_0_ from picture picture0_ inner join spot spot1_ on picture0_.spot_id=spot1_.spot_id where picture0_.spot_id=? limit ?
select picture0_.picture_id as col_0_0_, picture0_.url as col_1_0_, picture0_.spot_id as col_2_0_ from picture picture0_ inner join spot spot1_ on picture0_.spot_id=spot1_.spot_id where picture0_.spot_id=413 limit 3;
2022-10-10 14:33:47.212  INFO 4460 --- [    Test worker] p6spy                                    : #1665380027212 | took 0ms | statement | connection 23| url jdbc:h2:mem:ad3a9e80-f26d-4a3e-9691-17f803db5723
select picture0_.picture_id as col_0_0_, picture0_.url as col_1_0_, picture0_.spot_id as col_2_0_ from picture picture0_ inner join spot spot1_ on picture0_.spot_id=spot1_.spot_id where picture0_.spot_id=? limit ?
select picture0_.picture_id as col_0_0_, picture0_.url as col_1_0_, picture0_.spot_id as col_2_0_ from picture picture0_ inner join spot spot1_ on picture0_.spot_id=spot1_.spot_id where picture0_.spot_id=415 limit 3;
2022-10-10 14:33:47.212  INFO 4460 --- [    Test worker] p6spy                                    : #1665380027212 | took 0ms | statement | connection 23| url jdbc:h2:mem:ad3a9e80-f26d-4a3e-9691-17f803db5723
select picture0_.picture_id as col_0_0_, picture0_.url as col_1_0_, picture0_.spot_id as col_2_0_ from picture picture0_ inner join spot spot1_ on picture0_.spot_id=spot1_.spot_id where picture0_.spot_id=? limit ?
select picture0_.picture_id as col_0_0_, picture0_.url as col_1_0_, picture0_.spot_id as col_2_0_ from picture picture0_ inner join spot spot1_ on picture0_.spot_id=spot1_.spot_id where picture0_.spot_id=417 limit 3;
2022-10-10 14:33:47.213  INFO 4460 --- [    Test worker] p6spy                                    : #1665380027213 | took 0ms | statement | connection 23| url jdbc:h2:mem:ad3a9e80-f26d-4a3e-9691-17f803db5723
select picture0_.picture_id as col_0_0_, picture0_.url as col_1_0_, picture0_.spot_id as col_2_0_ from picture picture0_ inner join spot spot1_ on picture0_.spot_id=spot1_.spot_id where picture0_.spot_id=? limit ?
select picture0_.picture_id as col_0_0_, picture0_.url as col_1_0_, picture0_.spot_id as col_2_0_ from picture picture0_ inner join spot spot1_ on picture0_.spot_id=spot1_.spot_id where picture0_.spot_id=419 limit 3;
2022-10-10 14:33:47.213  INFO 4460 --- [    Test worker] p6spy                                    : #1665380027213 | took 0ms | statement | connection 23| url jdbc:h2:mem:ad3a9e80-f26d-4a3e-9691-17f803db5723
select picture0_.picture_id as col_0_0_, picture0_.url as col_1_0_, picture0_.spot_id as col_2_0_ from picture picture0_ inner join spot spot1_ on picture0_.spot_id=spot1_.spot_id where picture0_.spot_id=? limit ?
select picture0_.picture_id as col_0_0_, picture0_.url as col_1_0_, picture0_.spot_id as col_2_0_ from picture picture0_ inner join spot spot1_ on picture0_.spot_id=spot1_.spot_id where picture0_.spot_id=421 limit 3;
2022-10-10 14:33:47.213  INFO 4460 --- [    Test worker] p6spy                                    : #1665380027213 | took 0ms | statement | connection 23| url jdbc:h2:mem:ad3a9e80-f26d-4a3e-9691-17f803db5723
select picture0_.picture_id as col_0_0_, picture0_.url as col_1_0_, picture0_.spot_id as col_2_0_ from picture picture0_ inner join spot spot1_ on picture0_.spot_id=spot1_.spot_id where picture0_.spot_id=? limit ?
select picture0_.picture_id as col_0_0_, picture0_.url as col_1_0_, picture0_.spot_id as col_2_0_ from picture picture0_ inner join spot spot1_ on picture0_.spot_id=spot1_.spot_id where picture0_.spot_id=423 limit 3;
2022-10-10 14:33:47.214  INFO 4460 --- [    Test worker] p6spy                                    : #1665380027214 | took 0ms | statement | connection 23| url jdbc:h2:mem:ad3a9e80-f26d-4a3e-9691-17f803db5723
select picture0_.picture_id as col_0_0_, picture0_.url as col_1_0_, picture0_.spot_id as col_2_0_ from picture picture0_ inner join spot spot1_ on picture0_.spot_id=spot1_.spot_id where picture0_.spot_id=? limit ?
select picture0_.picture_id as col_0_0_, picture0_.url as col_1_0_, picture0_.spot_id as col_2_0_ from picture picture0_ inner join spot spot1_ on picture0_.spot_id=spot1_.spot_id where picture0_.spot_id=425 limit 3;
2022-10-10 14:33:47.214  INFO 4460 --- [    Test worker] p6spy                                    : #1665380027214 | took 0ms | statement | connection 23| url jdbc:h2:mem:ad3a9e80-f26d-4a3e-9691-17f803db5723
select picture0_.picture_id as col_0_0_, picture0_.url as col_1_0_, picture0_.spot_id as col_2_0_ from picture picture0_ inner join spot spot1_ on picture0_.spot_id=spot1_.spot_id where picture0_.spot_id=? limit ?
select picture0_.picture_id as col_0_0_, picture0_.url as col_1_0_, picture0_.spot_id as col_2_0_ from picture picture0_ inner join spot spot1_ on picture0_.spot_id=spot1_.spot_id where picture0_.spot_id=427 limit 3;
2022-10-10 14:33:47.214  INFO 4460 --- [    Test worker] p6spy                                    : #1665380027214 | took 0ms | statement | connection 23| url jdbc:h2:mem:ad3a9e80-f26d-4a3e-9691-17f803db5723
select picture0_.picture_id as col_0_0_, picture0_.url as col_1_0_, picture0_.spot_id as col_2_0_ from picture picture0_ inner join spot spot1_ on picture0_.spot_id=spot1_.spot_id where picture0_.spot_id=? limit ?
select picture0_.picture_id as col_0_0_, picture0_.url as col_1_0_, picture0_.spot_id as col_2_0_ from picture picture0_ inner join spot spot1_ on picture0_.spot_id=spot1_.spot_id where picture0_.spot_id=429 limit 3;
2022-10-10 14:33:47.215  INFO 4460 --- [    Test worker] p6spy                                    : #1665380027215 | took 0ms | statement | connection 23| url jdbc:h2:mem:ad3a9e80-f26d-4a3e-9691-17f803db5723
select picture0_.picture_id as col_0_0_, picture0_.url as col_1_0_, picture0_.spot_id as col_2_0_ from picture picture0_ inner join spot spot1_ on picture0_.spot_id=spot1_.spot_id where picture0_.spot_id=? limit ?
select picture0_.picture_id as col_0_0_, picture0_.url as col_1_0_, picture0_.spot_id as col_2_0_ from picture picture0_ inner join spot spot1_ on picture0_.spot_id=spot1_.spot_id where picture0_.spot_id=431 limit 3;
2022-10-10 14:33:47.215  INFO 4460 --- [    Test worker] p6spy                                    : #1665380027215 | took 0ms | statement | connection 23| url jdbc:h2:mem:ad3a9e80-f26d-4a3e-9691-17f803db5723
select picture0_.picture_id as col_0_0_, picture0_.url as col_1_0_, picture0_.spot_id as col_2_0_ from picture picture0_ inner join spot spot1_ on picture0_.spot_id=spot1_.spot_id where picture0_.spot_id=? limit ?
select picture0_.picture_id as col_0_0_, picture0_.url as col_1_0_, picture0_.spot_id as col_2_0_ from picture picture0_ inner join spot spot1_ on picture0_.spot_id=spot1_.spot_id where picture0_.spot_id=433 limit 3;
2022-10-10 14:33:47.215  INFO 4460 --- [    Test worker] p6spy                                    : #1665380027215 | took 0ms | statement | connection 23| url jdbc:h2:mem:ad3a9e80-f26d-4a3e-9691-17f803db5723
select picture0_.picture_id as col_0_0_, picture0_.url as col_1_0_, picture0_.spot_id as col_2_0_ from picture picture0_ inner join spot spot1_ on picture0_.spot_id=spot1_.spot_id where picture0_.spot_id=? limit ?
select picture0_.picture_id as col_0_0_, picture0_.url as col_1_0_, picture0_.spot_id as col_2_0_ from picture picture0_ inner join spot spot1_ on picture0_.spot_id=spot1_.spot_id where picture0_.spot_id=435 limit 3;
2022-10-10 14:33:47.216  INFO 4460 --- [    Test worker] p6spy                                    : #1665380027216 | took 0ms | statement | connection 23| url jdbc:h2:mem:ad3a9e80-f26d-4a3e-9691-17f803db5723
select picture0_.picture_id as col_0_0_, picture0_.url as col_1_0_, picture0_.spot_id as col_2_0_ from picture picture0_ inner join spot spot1_ on picture0_.spot_id=spot1_.spot_id where picture0_.spot_id=? limit ?
select picture0_.picture_id as col_0_0_, picture0_.url as col_1_0_, picture0_.spot_id as col_2_0_ from picture picture0_ inner join spot spot1_ on picture0_.spot_id=spot1_.spot_id where picture0_.spot_id=437 limit 3;
2022-10-10 14:33:47.216  INFO 4460 --- [    Test worker] p6spy                                    : #1665380027216 | took 0ms | statement | connection 23| url jdbc:h2:mem:ad3a9e80-f26d-4a3e-9691-17f803db5723
select picture0_.picture_id as col_0_0_, picture0_.url as col_1_0_, picture0_.spot_id as col_2_0_ from picture picture0_ inner join spot spot1_ on picture0_.spot_id=spot1_.spot_id where picture0_.spot_id=? limit ?
select picture0_.picture_id as col_0_0_, picture0_.url as col_1_0_, picture0_.spot_id as col_2_0_ from picture picture0_ inner join spot spot1_ on picture0_.spot_id=spot1_.spot_id where picture0_.spot_id=439 limit 3;
2022-10-10 14:33:47.216  INFO 4460 --- [    Test worker] p6spy                                    : #1665380027216 | took 0ms | statement | connection 23| url jdbc:h2:mem:ad3a9e80-f26d-4a3e-9691-17f803db5723
select picture0_.picture_id as col_0_0_, picture0_.url as col_1_0_, picture0_.spot_id as col_2_0_ from picture picture0_ inner join spot spot1_ on picture0_.spot_id=spot1_.spot_id where picture0_.spot_id=? limit ?
select picture0_.picture_id as col_0_0_, picture0_.url as col_1_0_, picture0_.spot_id as col_2_0_ from picture picture0_ inner join spot spot1_ on picture0_.spot_id=spot1_.spot_id where picture0_.spot_id=441 limit 3;
2022-10-10 14:33:47.216  INFO 4460 --- [    Test worker] p6spy                                    : #1665380027216 | took 0ms | statement | connection 23| url jdbc:h2:mem:ad3a9e80-f26d-4a3e-9691-17f803db5723
select picture0_.picture_id as col_0_0_, picture0_.url as col_1_0_, picture0_.spot_id as col_2_0_ from picture picture0_ inner join spot spot1_ on picture0_.spot_id=spot1_.spot_id where picture0_.spot_id=? limit ?
select picture0_.picture_id as col_0_0_, picture0_.url as col_1_0_, picture0_.spot_id as col_2_0_ from picture picture0_ inner join spot spot1_ on picture0_.spot_id=spot1_.spot_id where picture0_.spot_id=443 limit 3;
2022-10-10 14:33:47.217  INFO 4460 --- [    Test worker] p6spy                                    : #1665380027217 | took 0ms | statement | connection 23| url jdbc:h2:mem:ad3a9e80-f26d-4a3e-9691-17f803db5723
select picture0_.picture_id as col_0_0_, picture0_.url as col_1_0_, picture0_.spot_id as col_2_0_ from picture picture0_ inner join spot spot1_ on picture0_.spot_id=spot1_.spot_id where picture0_.spot_id=? limit ?
select picture0_.picture_id as col_0_0_, picture0_.url as col_1_0_, picture0_.spot_id as col_2_0_ from picture picture0_ inner join spot spot1_ on picture0_.spot_id=spot1_.spot_id where picture0_.spot_id=445 limit 3;
2022-10-10 14:33:47.217  INFO 4460 --- [    Test worker] p6spy                                    : #1665380027217 | took 0ms | statement | connection 23| url jdbc:h2:mem:ad3a9e80-f26d-4a3e-9691-17f803db5723
select picture0_.picture_id as col_0_0_, picture0_.url as col_1_0_, picture0_.spot_id as col_2_0_ from picture picture0_ inner join spot spot1_ on picture0_.spot_id=spot1_.spot_id where picture0_.spot_id=? limit ?
select picture0_.picture_id as col_0_0_, picture0_.url as col_1_0_, picture0_.spot_id as col_2_0_ from picture picture0_ inner join spot spot1_ on picture0_.spot_id=spot1_.spot_id where picture0_.spot_id=447 limit 3;
2022-10-10 14:33:47.217  INFO 4460 --- [    Test worker] p6spy                                    : #1665380027217 | took 0ms | statement | connection 23| url jdbc:h2:mem:ad3a9e80-f26d-4a3e-9691-17f803db5723
select picture0_.picture_id as col_0_0_, picture0_.url as col_1_0_, picture0_.spot_id as col_2_0_ from picture picture0_ inner join spot spot1_ on picture0_.spot_id=spot1_.spot_id where picture0_.spot_id=? limit ?
select picture0_.picture_id as col_0_0_, picture0_.url as col_1_0_, picture0_.spot_id as col_2_0_ from picture picture0_ inner join spot spot1_ on picture0_.spot_id=spot1_.spot_id where picture0_.spot_id=449 limit 3;
2022-10-10 14:33:47.217  INFO 4460 --- [    Test worker] p6spy                                    : #1665380027217 | took 0ms | statement | connection 23| url jdbc:h2:mem:ad3a9e80-f26d-4a3e-9691-17f803db5723
select picture0_.picture_id as col_0_0_, picture0_.url as col_1_0_, picture0_.spot_id as col_2_0_ from picture picture0_ inner join spot spot1_ on picture0_.spot_id=spot1_.spot_id where picture0_.spot_id=? limit ?
select picture0_.picture_id as col_0_0_, picture0_.url as col_1_0_, picture0_.spot_id as col_2_0_ from picture picture0_ inner join spot spot1_ on picture0_.spot_id=spot1_.spot_id where picture0_.spot_id=451 limit 3;
2022-10-10 14:33:47.218  INFO 4460 --- [    Test worker] p6spy                                    : #1665380027218 | took 0ms | statement | connection 23| url jdbc:h2:mem:ad3a9e80-f26d-4a3e-9691-17f803db5723
select picture0_.picture_id as col_0_0_, picture0_.url as col_1_0_, picture0_.spot_id as col_2_0_ from picture picture0_ inner join spot spot1_ on picture0_.spot_id=spot1_.spot_id where picture0_.spot_id=? limit ?
select picture0_.picture_id as col_0_0_, picture0_.url as col_1_0_, picture0_.spot_id as col_2_0_ from picture picture0_ inner join spot spot1_ on picture0_.spot_id=spot1_.spot_id where picture0_.spot_id=453 limit 3;
2022-10-10 14:33:47.218  INFO 4460 --- [    Test worker] p6spy                                    : #1665380027218 | took 0ms | statement | connection 23| url jdbc:h2:mem:ad3a9e80-f26d-4a3e-9691-17f803db5723
select picture0_.picture_id as col_0_0_, picture0_.url as col_1_0_, picture0_.spot_id as col_2_0_ from picture picture0_ inner join spot spot1_ on picture0_.spot_id=spot1_.spot_id where picture0_.spot_id=? limit ?
select picture0_.picture_id as col_0_0_, picture0_.url as col_1_0_, picture0_.spot_id as col_2_0_ from picture picture0_ inner join spot spot1_ on picture0_.spot_id=spot1_.spot_id where picture0_.spot_id=455 limit 3;
2022-10-10 14:33:47.219  INFO 4460 --- [    Test worker] p6spy                                    : #1665380027219 | took 0ms | statement | connection 23| url jdbc:h2:mem:ad3a9e80-f26d-4a3e-9691-17f803db5723
select picture0_.picture_id as col_0_0_, picture0_.url as col_1_0_, picture0_.spot_id as col_2_0_ from picture picture0_ inner join spot spot1_ on picture0_.spot_id=spot1_.spot_id where picture0_.spot_id=? limit ?
select picture0_.picture_id as col_0_0_, picture0_.url as col_1_0_, picture0_.spot_id as col_2_0_ from picture picture0_ inner join spot spot1_ on picture0_.spot_id=spot1_.spot_id where picture0_.spot_id=457 limit 3;
2022-10-10 14:33:47.219  INFO 4460 --- [    Test worker] p6spy                                    : #1665380027219 | took 0ms | statement | connection 23| url jdbc:h2:mem:ad3a9e80-f26d-4a3e-9691-17f803db5723
select picture0_.picture_id as col_0_0_, picture0_.url as col_1_0_, picture0_.spot_id as col_2_0_ from picture picture0_ inner join spot spot1_ on picture0_.spot_id=spot1_.spot_id where picture0_.spot_id=? limit ?
select picture0_.picture_id as col_0_0_, picture0_.url as col_1_0_, picture0_.spot_id as col_2_0_ from picture picture0_ inner join spot spot1_ on picture0_.spot_id=spot1_.spot_id where picture0_.spot_id=459 limit 3;
2022-10-10 14:33:47.220  INFO 4460 --- [    Test worker] p6spy                                    : #1665380027220 | took 0ms | statement | connection 23| url jdbc:h2:mem:ad3a9e80-f26d-4a3e-9691-17f803db5723
select picture0_.picture_id as col_0_0_, picture0_.url as col_1_0_, picture0_.spot_id as col_2_0_ from picture picture0_ inner join spot spot1_ on picture0_.spot_id=spot1_.spot_id where picture0_.spot_id=? limit ?
select picture0_.picture_id as col_0_0_, picture0_.url as col_1_0_, picture0_.spot_id as col_2_0_ from picture picture0_ inner join spot spot1_ on picture0_.spot_id=spot1_.spot_id where picture0_.spot_id=461 limit 3;
2022-10-10 14:33:47.220  INFO 4460 --- [    Test worker] p6spy                                    : #1665380027220 | took 0ms | statement | connection 23| url jdbc:h2:mem:ad3a9e80-f26d-4a3e-9691-17f803db5723
select picture0_.picture_id as col_0_0_, picture0_.url as col_1_0_, picture0_.spot_id as col_2_0_ from picture picture0_ inner join spot spot1_ on picture0_.spot_id=spot1_.spot_id where picture0_.spot_id=? limit ?
select picture0_.picture_id as col_0_0_, picture0_.url as col_1_0_, picture0_.spot_id as col_2_0_ from picture picture0_ inner join spot spot1_ on picture0_.spot_id=spot1_.spot_id where picture0_.spot_id=463 limit 3;
2022-10-10 14:33:47.221  INFO 4460 --- [    Test worker] p6spy                                    : #1665380027221 | took 0ms | statement | connection 23| url jdbc:h2:mem:ad3a9e80-f26d-4a3e-9691-17f803db5723
select picture0_.picture_id as col_0_0_, picture0_.url as col_1_0_, picture0_.spot_id as col_2_0_ from picture picture0_ inner join spot spot1_ on picture0_.spot_id=spot1_.spot_id where picture0_.spot_id=? limit ?
select picture0_.picture_id as col_0_0_, picture0_.url as col_1_0_, picture0_.spot_id as col_2_0_ from picture picture0_ inner join spot spot1_ on picture0_.spot_id=spot1_.spot_id where picture0_.spot_id=465 limit 3;
2022-10-10 14:33:47.221  INFO 4460 --- [    Test worker] p6spy                                    : #1665380027221 | took 0ms | statement | connection 23| url jdbc:h2:mem:ad3a9e80-f26d-4a3e-9691-17f803db5723
select picture0_.picture_id as col_0_0_, picture0_.url as col_1_0_, picture0_.spot_id as col_2_0_ from picture picture0_ inner join spot spot1_ on picture0_.spot_id=spot1_.spot_id where picture0_.spot_id=? limit ?
select picture0_.picture_id as col_0_0_, picture0_.url as col_1_0_, picture0_.spot_id as col_2_0_ from picture picture0_ inner join spot spot1_ on picture0_.spot_id=spot1_.spot_id where picture0_.spot_id=467 limit 3;
after2-before2 = 19
optimizationFavoriteListDtos.getContent() = [FavoriteListDto(favoriteId=37, favoriteName=1일차, pictureDetailDtoListBySpotId=[[PictureDetailDto(pictureId=1265, url=asdf1, spotId=369), PictureDetailDto(pictureId=1266, url=asdf1, spotId=369), PictureDetailDto(pictureId=1267, url=asdf1, spotId=369)], [PictureDetailDto(pictureId=1273, url=asdf1, spotId=371), PictureDetailDto(pictureId=1274, url=asdf1, spotId=371), PictureDetailDto(pictureId=1275, url=asdf1, spotId=371)], [PictureDetailDto(pictureId=1281, url=asdf1, spotId=373), PictureDetailDto(pictureId=1282, url=asdf1, spotId=373), PictureDetailDto(pictureId=1283, url=asdf1, spotId=373)], [PictureDetailDto(pictureId=1289, url=asdf1, spotId=375), PictureDetailDto(pictureId=1290, url=asdf1, spotId=375), PictureDetailDto(pictureId=1291, url=asdf1, spotId=375)], [PictureDetailDto(pictureId=1297, url=asdf1, spotId=377), PictureDetailDto(pictureId=1298, url=asdf1, spotId=377), PictureDetailDto(pictureId=1299, url=asdf1, spotId=377)], [PictureDetailDto(pictureId=1305, url=asdf1, spotId=379), PictureDetailDto(pictureId=1306, url=asdf1, spotId=379), PictureDetailDto(pictureId=1307, url=asdf1, spotId=379)], [PictureDetailDto(pictureId=1313, url=asdf1, spotId=381), PictureDetailDto(pictureId=1314, url=asdf1, spotId=381), PictureDetailDto(pictureId=1315, url=asdf1, spotId=381)], [PictureDetailDto(pictureId=1321, url=asdf1, spotId=383), PictureDetailDto(pictureId=1322, url=asdf1, spotId=383), PictureDetailDto(pictureId=1323, url=asdf1, spotId=383)], [PictureDetailDto(pictureId=1329, url=asdf1, spotId=385), PictureDetailDto(pictureId=1330, url=asdf1, spotId=385), PictureDetailDto(pictureId=1331, url=asdf1, spotId=385)], [PictureDetailDto(pictureId=1337, url=asdf1, spotId=387), PictureDetailDto(pictureId=1338, url=asdf1, spotId=387), PictureDetailDto(pictureId=1339, url=asdf1, spotId=387)], [PictureDetailDto(pictureId=1345, url=asdf1, spotId=389), PictureDetailDto(pictureId=1346, url=asdf1, spotId=389), PictureDetailDto(pictureId=1347, url=asdf1, spotId=389)], [PictureDetailDto(pictureId=1353, url=asdf1, spotId=391), PictureDetailDto(pictureId=1354, url=asdf1, spotId=391), PictureDetailDto(pictureId=1355, url=asdf1, spotId=391)], [PictureDetailDto(pictureId=1361, url=asdf1, spotId=393), PictureDetailDto(pictureId=1362, url=asdf1, spotId=393), PictureDetailDto(pictureId=1363, url=asdf1, spotId=393)], [PictureDetailDto(pictureId=1369, url=asdf1, spotId=395), PictureDetailDto(pictureId=1370, url=asdf1, spotId=395), PictureDetailDto(pictureId=1371, url=asdf1, spotId=395)], [PictureDetailDto(pictureId=1377, url=asdf1, spotId=397), PictureDetailDto(pictureId=1378, url=asdf1, spotId=397), PictureDetailDto(pictureId=1379, url=asdf1, spotId=397)], [PictureDetailDto(pictureId=1385, url=asdf1, spotId=399), PictureDetailDto(pictureId=1386, url=asdf1, spotId=399), PictureDetailDto(pictureId=1387, url=asdf1, spotId=399)], [PictureDetailDto(pictureId=1393, url=asdf1, spotId=401), PictureDetailDto(pictureId=1394, url=asdf1, spotId=401), PictureDetailDto(pictureId=1395, url=asdf1, spotId=401)], [PictureDetailDto(pictureId=1401, url=asdf1, spotId=403), PictureDetailDto(pictureId=1402, url=asdf1, spotId=403), PictureDetailDto(pictureId=1403, url=asdf1, spotId=403)], [PictureDetailDto(pictureId=1409, url=asdf1, spotId=405), PictureDetailDto(pictureId=1410, url=asdf1, spotId=405), PictureDetailDto(pictureId=1411, url=asdf1, spotId=405)], [PictureDetailDto(pictureId=1417, url=asdf1, spotId=407), PictureDetailDto(pictureId=1418, url=asdf1, spotId=407), PictureDetailDto(pictureId=1419, url=asdf1, spotId=407)], [PictureDetailDto(pictureId=1425, url=asdf1, spotId=409), PictureDetailDto(pictureId=1426, url=asdf1, spotId=409), PictureDetailDto(pictureId=1427, url=asdf1, spotId=409)], [PictureDetailDto(pictureId=1433, url=asdf1, spotId=411), PictureDetailDto(pictureId=1434, url=asdf1, spotId=411), PictureDetailDto(pictureId=1435, url=asdf1, spotId=411)], [PictureDetailDto(pictureId=1441, url=asdf1, spotId=413), PictureDetailDto(pictureId=1442, url=asdf1, spotId=413), PictureDetailDto(pictureId=1443, url=asdf1, spotId=413)], [PictureDetailDto(pictureId=1449, url=asdf1, spotId=415), PictureDetailDto(pictureId=1450, url=asdf1, spotId=415), PictureDetailDto(pictureId=1451, url=asdf1, spotId=415)], [PictureDetailDto(pictureId=1457, url=asdf1, spotId=417), PictureDetailDto(pictureId=1458, url=asdf1, spotId=417), PictureDetailDto(pictureId=1459, url=asdf1, spotId=417)], [PictureDetailDto(pictureId=1465, url=asdf1, spotId=419), PictureDetailDto(pictureId=1466, url=asdf1, spotId=419), PictureDetailDto(pictureId=1467, url=asdf1, spotId=419)], [PictureDetailDto(pictureId=1473, url=asdf1, spotId=421), PictureDetailDto(pictureId=1474, url=asdf1, spotId=421), PictureDetailDto(pictureId=1475, url=asdf1, spotId=421)], [PictureDetailDto(pictureId=1481, url=asdf1, spotId=423), PictureDetailDto(pictureId=1482, url=asdf1, spotId=423), PictureDetailDto(pictureId=1483, url=asdf1, spotId=423)], [PictureDetailDto(pictureId=1489, url=asdf1, spotId=425), PictureDetailDto(pictureId=1490, url=asdf1, spotId=425), PictureDetailDto(pictureId=1491, url=asdf1, spotId=425)], [PictureDetailDto(pictureId=1497, url=asdf1, spotId=427), PictureDetailDto(pictureId=1498, url=asdf1, spotId=427), PictureDetailDto(pictureId=1499, url=asdf1, spotId=427)], [PictureDetailDto(pictureId=1505, url=asdf1, spotId=429), PictureDetailDto(pictureId=1506, url=asdf1, spotId=429), PictureDetailDto(pictureId=1507, url=asdf1, spotId=429)], [PictureDetailDto(pictureId=1513, url=asdf1, spotId=431), PictureDetailDto(pictureId=1514, url=asdf1, spotId=431), PictureDetailDto(pictureId=1515, url=asdf1, spotId=431)], [PictureDetailDto(pictureId=1521, url=asdf1, spotId=433), PictureDetailDto(pictureId=1522, url=asdf1, spotId=433), PictureDetailDto(pictureId=1523, url=asdf1, spotId=433)], [PictureDetailDto(pictureId=1529, url=asdf1, spotId=435), PictureDetailDto(pictureId=1530, url=asdf1, spotId=435), PictureDetailDto(pictureId=1531, url=asdf1, spotId=435)], [PictureDetailDto(pictureId=1537, url=asdf1, spotId=437), PictureDetailDto(pictureId=1538, url=asdf1, spotId=437), PictureDetailDto(pictureId=1539, url=asdf1, spotId=437)], [PictureDetailDto(pictureId=1545, url=asdf1, spotId=439), PictureDetailDto(pictureId=1546, url=asdf1, spotId=439), PictureDetailDto(pictureId=1547, url=asdf1, spotId=439)], [PictureDetailDto(pictureId=1553, url=asdf1, spotId=441), PictureDetailDto(pictureId=1554, url=asdf1, spotId=441), PictureDetailDto(pictureId=1555, url=asdf1, spotId=441)], [PictureDetailDto(pictureId=1561, url=asdf1, spotId=443), PictureDetailDto(pictureId=1562, url=asdf1, spotId=443), PictureDetailDto(pictureId=1563, url=asdf1, spotId=443)], [PictureDetailDto(pictureId=1569, url=asdf1, spotId=445), PictureDetailDto(pictureId=1570, url=asdf1, spotId=445), PictureDetailDto(pictureId=1571, url=asdf1, spotId=445)], [PictureDetailDto(pictureId=1577, url=asdf1, spotId=447), PictureDetailDto(pictureId=1578, url=asdf1, spotId=447), PictureDetailDto(pictureId=1579, url=asdf1, spotId=447)], [PictureDetailDto(pictureId=1585, url=asdf1, spotId=449), PictureDetailDto(pictureId=1586, url=asdf1, spotId=449), PictureDetailDto(pictureId=1587, url=asdf1, spotId=449)], [PictureDetailDto(pictureId=1593, url=asdf1, spotId=451), PictureDetailDto(pictureId=1594, url=asdf1, spotId=451), PictureDetailDto(pictureId=1595, url=asdf1, spotId=451)], [PictureDetailDto(pictureId=1601, url=asdf1, spotId=453), PictureDetailDto(pictureId=1602, url=asdf1, spotId=453), PictureDetailDto(pictureId=1603, url=asdf1, spotId=453)], [PictureDetailDto(pictureId=1609, url=asdf1, spotId=455), PictureDetailDto(pictureId=1610, url=asdf1, spotId=455), PictureDetailDto(pictureId=1611, url=asdf1, spotId=455)], [PictureDetailDto(pictureId=1617, url=asdf1, spotId=457), PictureDetailDto(pictureId=1618, url=asdf1, spotId=457), PictureDetailDto(pictureId=1619, url=asdf1, spotId=457)], [PictureDetailDto(pictureId=1625, url=asdf1, spotId=459), PictureDetailDto(pictureId=1626, url=asdf1, spotId=459), PictureDetailDto(pictureId=1627, url=asdf1, spotId=459)], [PictureDetailDto(pictureId=1633, url=asdf1, spotId=461), PictureDetailDto(pictureId=1634, url=asdf1, spotId=461), PictureDetailDto(pictureId=1635, url=asdf1, spotId=461)], [PictureDetailDto(pictureId=1641, url=asdf1, spotId=463), PictureDetailDto(pictureId=1642, url=asdf1, spotId=463), PictureDetailDto(pictureId=1643, url=asdf1, spotId=463)], [PictureDetailDto(pictureId=1649, url=asdf1, spotId=465), PictureDetailDto(pictureId=1650, url=asdf1, spotId=465), PictureDetailDto(pictureId=1651, url=asdf1, spotId=465)], [PictureDetailDto(pictureId=1657, url=asdf1, spotId=467), PictureDetailDto(pictureId=1658, url=asdf1, spotId=467), PictureDetailDto(pictureId=1659, url=asdf1, spotId=467)]])]
2022-10-10 14:33:47.231  INFO 4460 --- [    Test worker] p6spy                                    : #1665380027231 | took 5ms | rollback | connection 23| url jdbc:h2:mem:ad3a9e80-f26d-4a3e-9691-17f803db5723

;
2022-10-10 14:33:47.231  INFO 4460 --- [    Test worker] o.s.t.c.transaction.TransactionContext   : Rolled back transaction for test: [DefaultTestContext@62231c0f testClass = FavoriteSpotQueryRepositoryTest, testInstance = capstone.jejuTourrecommend.repository.FavoriteSpotQueryRepositoryTest@33bb8859, testMethod = optimizationFavoriteListTest@FavoriteSpotQueryRepositoryTest, testException = [null], mergedContextConfiguration = [WebMergedContextConfiguration@fdc872e testClass = FavoriteSpotQueryRepositoryTest, locations = '{}', classes = '{class capstone.jejuTourrecommend.JejuTourRecommendApplication}', contextInitializerClasses = '[]', activeProfiles = '{}', propertySourceLocations = '{}', propertySourceProperties = '{org.springframework.boot.test.context.SpringBootTestContextBootstrapper=true}', contextCustomizers = set[org.springframework.boot.test.autoconfigure.actuate.metrics.MetricsExportContextCustomizerFactory$DisableMetricExportContextCustomizer@749c877b, org.springframework.boot.test.autoconfigure.properties.PropertyMappingContextCustomizer@0, org.springframework.boot.test.autoconfigure.web.servlet.WebDriverContextCustomizerFactory$Customizer@60f7cc1d, org.springframework.boot.test.context.filter.ExcludeFilterContextCustomizer@207ea13, org.springframework.boot.test.json.DuplicateJsonObjectContextCustomizerFactory$DuplicateJsonObjectContextCustomizer@5827af16, org.springframework.boot.test.mock.mockito.MockitoContextCustomizer@0, org.springframework.boot.test.web.client.TestRestTemplateContextCustomizer@50fe837a, org.springframework.boot.test.context.SpringBootTestArgs@1, org.springframework.boot.test.context.SpringBootTestWebEnvironment@51bd8b5c], resourceBasePath = 'src/main/webapp', contextLoader = 'org.springframework.boot.test.context.SpringBootContextLoader', parent = [null]], attributes = map['org.springframework.test.context.web.ServletTestExecutionListener.activateListener' -> true, 'org.springframework.test.context.web.ServletTestExecutionListener.populatedRequestContextHolder' -> true, 'org.springframework.test.context.web.ServletTestExecutionListener.resetRequestContextHolder' -> true, 'org.springframework.test.context.event.ApplicationEventsTestExecutionListener.recordApplicationEvents' -> false]]
2022-10-10 14:33:47.233  INFO 4460 --- [    Test worker] o.s.t.c.transaction.TransactionContext   : Began transaction (1) for test context [DefaultTestContext@62231c0f testClass = FavoriteSpotQueryRepositoryTest, testInstance = capstone.jejuTourrecommend.repository.FavoriteSpotQueryRepositoryTest@2a3ac2fe, testMethod = exitSpotTest@FavoriteSpotQueryRepositoryTest, testException = [null], mergedContextConfiguration = [WebMergedContextConfiguration@fdc872e testClass = FavoriteSpotQueryRepositoryTest, locations = '{}', classes = '{class capstone.jejuTourrecommend.JejuTourRecommendApplication}', contextInitializerClasses = '[]', activeProfiles = '{}', propertySourceLocations = '{}', propertySourceProperties = '{org.springframework.boot.test.context.SpringBootTestContextBootstrapper=true}', contextCustomizers = set[org.springframework.boot.test.autoconfigure.actuate.metrics.MetricsExportContextCustomizerFactory$DisableMetricExportContextCustomizer@749c877b, org.springframework.boot.test.autoconfigure.properties.PropertyMappingContextCustomizer@0, org.springframework.boot.test.autoconfigure.web.servlet.WebDriverContextCustomizerFactory$Customizer@60f7cc1d, org.springframework.boot.test.context.filter.ExcludeFilterContextCustomizer@207ea13, org.springframework.boot.test.json.DuplicateJsonObjectContextCustomizerFactory$DuplicateJsonObjectContextCustomizer@5827af16, org.springframework.boot.test.mock.mockito.MockitoContextCustomizer@0, org.springframework.boot.test.web.client.TestRestTemplateContextCustomizer@50fe837a, org.springframework.boot.test.context.SpringBootTestArgs@1, org.springframework.boot.test.context.SpringBootTestWebEnvironment@51bd8b5c], resourceBasePath = 'src/main/webapp', contextLoader = 'org.springframework.boot.test.context.SpringBootContextLoader', parent = [null]], attributes = map['org.springframework.test.context.web.ServletTestExecutionListener.activateListener' -> true, 'org.springframework.test.context.web.ServletTestExecutionListener.populatedRequestContextHolder' -> true, 'org.springframework.test.context.web.ServletTestExecutionListener.resetRequestContextHolder' -> true, 'org.springframework.test.context.event.ApplicationEventsTestExecutionListener.recordApplicationEvents' -> false]]; transaction manager [org.springframework.orm.jpa.JpaTransactionManager@4545ac62]; rollback [true]
2022-10-10 14:33:47.234  INFO 4460 --- [    Test worker] c.j.r.FavoriteSpotQueryRepositoryTest    : member1 =Member(id=16, username=member1, email=member1@gmail.com, password=1234)
2022-10-10 14:33:47.234  INFO 4460 --- [    Test worker] p6spy                                    : #1665380027234 | took 0ms | statement | connection 24| url jdbc:h2:mem:ad3a9e80-f26d-4a3e-9691-17f803db5723
call next value for hibernate_sequence
call next value for hibernate_sequence;
2022-10-10 14:33:47.234  INFO 4460 --- [    Test worker] p6spy                                    : #1665380027234 | took 0ms | statement | connection 24| url jdbc:h2:mem:ad3a9e80-f26d-4a3e-9691-17f803db5723
call next value for hibernate_sequence
call next value for hibernate_sequence;
2022-10-10 14:33:47.234  INFO 4460 --- [    Test worker] p6spy                                    : #1665380027234 | took 0ms | statement | connection 24| url jdbc:h2:mem:ad3a9e80-f26d-4a3e-9691-17f803db5723
call next value for hibernate_sequence
call next value for hibernate_sequence;
2022-10-10 14:33:47.234  INFO 4460 --- [    Test worker] p6spy                                    : #1665380027234 | took 0ms | statement | connection 24| url jdbc:h2:mem:ad3a9e80-f26d-4a3e-9691-17f803db5723
call next value for hibernate_sequence
call next value for hibernate_sequence;
2022-10-10 14:33:47.234  INFO 4460 --- [    Test worker] c.j.r.FavoriteSpotQueryRepositoryTest    : favoriteSpot = FavoriteSpot(id=371, count=0)
2022-10-10 14:33:47.234  INFO 4460 --- [    Test worker] c.j.r.FavoriteSpotQueryRepositoryTest    : Spot = capstone.jejuTourrecommend.domain.Spot@7a1d454d
2022-10-10 14:33:47.234  INFO 4460 --- [    Test worker] p6spy                                    : #1665380027234 | took 0ms | statement | connection 24| url jdbc:h2:mem:ad3a9e80-f26d-4a3e-9691-17f803db5723
call next value for hibernate_sequence
call next value for hibernate_sequence;
2022-10-10 14:33:47.234  INFO 4460 --- [    Test worker] p6spy                                    : #1665380027234 | took 0ms | statement | connection 24| url jdbc:h2:mem:ad3a9e80-f26d-4a3e-9691-17f803db5723
call next value for hibernate_sequence
call next value for hibernate_sequence;
2022-10-10 14:33:47.234  INFO 4460 --- [    Test worker] p6spy                                    : #1665380027234 | took 0ms | statement | connection 24| url jdbc:h2:mem:ad3a9e80-f26d-4a3e-9691-17f803db5723
call next value for hibernate_sequence
call next value for hibernate_sequence;
2022-10-10 14:33:47.234  INFO 4460 --- [    Test worker] p6spy                                    : #1665380027234 | took 0ms | statement | connection 24| url jdbc:h2:mem:ad3a9e80-f26d-4a3e-9691-17f803db5723
call next value for hibernate_sequence
call next value for hibernate_sequence;
2022-10-10 14:33:47.234  INFO 4460 --- [    Test worker] p6spy                                    : #1665380027234 | took 0ms | statement | connection 24| url jdbc:h2:mem:ad3a9e80-f26d-4a3e-9691-17f803db5723
call next value for hibernate_sequence
call next value for hibernate_sequence;
2022-10-10 14:33:47.234  INFO 4460 --- [    Test worker] p6spy                                    : #1665380027234 | took 0ms | statement | connection 24| url jdbc:h2:mem:ad3a9e80-f26d-4a3e-9691-17f803db5723
call next value for hibernate_sequence
call next value for hibernate_sequence;
2022-10-10 14:33:47.234  INFO 4460 --- [    Test worker] p6spy                                    : #1665380027234 | took 0ms | statement | connection 24| url jdbc:h2:mem:ad3a9e80-f26d-4a3e-9691-17f803db5723
call next value for hibernate_sequence
call next value for hibernate_sequence;
2022-10-10 14:33:47.234  INFO 4460 --- [    Test worker] p6spy                                    : #1665380027234 | took 0ms | statement | connection 24| url jdbc:h2:mem:ad3a9e80-f26d-4a3e-9691-17f803db5723
call next value for hibernate_sequence
call next value for hibernate_sequence;
2022-10-10 14:33:47.235  INFO 4460 --- [    Test worker] c.j.r.FavoriteSpotQueryRepositoryTest    : favoriteSpot = FavoriteSpot(id=372, count=0)
2022-10-10 14:33:47.235  INFO 4460 --- [    Test worker] c.j.r.FavoriteSpotQueryRepositoryTest    : Spot = capstone.jejuTourrecommend.domain.Spot@43fbbb86
2022-10-10 14:33:47.235  INFO 4460 --- [    Test worker] p6spy                                    : #1665380027235 | took 0ms | statement | connection 24| url jdbc:h2:mem:ad3a9e80-f26d-4a3e-9691-17f803db5723
call next value for hibernate_sequence
call next value for hibernate_sequence;
2022-10-10 14:33:47.235  INFO 4460 --- [    Test worker] p6spy                                    : #1665380027235 | took 0ms | statement | connection 24| url jdbc:h2:mem:ad3a9e80-f26d-4a3e-9691-17f803db5723
call next value for hibernate_sequence
call next value for hibernate_sequence;
2022-10-10 14:33:47.235  INFO 4460 --- [    Test worker] p6spy                                    : #1665380027235 | took 0ms | statement | connection 24| url jdbc:h2:mem:ad3a9e80-f26d-4a3e-9691-17f803db5723
call next value for hibernate_sequence
call next value for hibernate_sequence;
2022-10-10 14:33:47.235  INFO 4460 --- [    Test worker] p6spy                                    : #1665380027235 | took 0ms | statement | connection 24| url jdbc:h2:mem:ad3a9e80-f26d-4a3e-9691-17f803db5723
call next value for hibernate_sequence
call next value for hibernate_sequence;
2022-10-10 14:33:47.235  INFO 4460 --- [    Test worker] p6spy                                    : #1665380027235 | took 0ms | statement | connection 24| url jdbc:h2:mem:ad3a9e80-f26d-4a3e-9691-17f803db5723
call next value for hibernate_sequence
call next value for hibernate_sequence;
2022-10-10 14:33:47.235  INFO 4460 --- [    Test worker] p6spy                                    : #1665380027235 | took 0ms | statement | connection 24| url jdbc:h2:mem:ad3a9e80-f26d-4a3e-9691-17f803db5723
call next value for hibernate_sequence
call next value for hibernate_sequence;
2022-10-10 14:33:47.235  INFO 4460 --- [    Test worker] p6spy                                    : #1665380027235 | took 0ms | statement | connection 24| url jdbc:h2:mem:ad3a9e80-f26d-4a3e-9691-17f803db5723
call next value for hibernate_sequence
call next value for hibernate_sequence;
2022-10-10 14:33:47.235  INFO 4460 --- [    Test worker] p6spy                                    : #1665380027235 | took 0ms | statement | connection 24| url jdbc:h2:mem:ad3a9e80-f26d-4a3e-9691-17f803db5723
call next value for hibernate_sequence
call next value for hibernate_sequence;
2022-10-10 14:33:47.235  INFO 4460 --- [    Test worker] c.j.r.FavoriteSpotQueryRepositoryTest    : favoriteSpot = FavoriteSpot(id=373, count=0)
2022-10-10 14:33:47.235  INFO 4460 --- [    Test worker] c.j.r.FavoriteSpotQueryRepositoryTest    : Spot = capstone.jejuTourrecommend.domain.Spot@24690f54
2022-10-10 14:33:47.235  INFO 4460 --- [    Test worker] p6spy                                    : #1665380027235 | took 0ms | statement | connection 24| url jdbc:h2:mem:ad3a9e80-f26d-4a3e-9691-17f803db5723
call next value for hibernate_sequence
call next value for hibernate_sequence;
2022-10-10 14:33:47.235  INFO 4460 --- [    Test worker] p6spy                                    : #1665380027235 | took 0ms | statement | connection 24| url jdbc:h2:mem:ad3a9e80-f26d-4a3e-9691-17f803db5723
call next value for hibernate_sequence
call next value for hibernate_sequence;
2022-10-10 14:33:47.235  INFO 4460 --- [    Test worker] p6spy                                    : #1665380027235 | took 0ms | statement | connection 24| url jdbc:h2:mem:ad3a9e80-f26d-4a3e-9691-17f803db5723
call next value for hibernate_sequence
call next value for hibernate_sequence;
2022-10-10 14:33:47.235  INFO 4460 --- [    Test worker] p6spy                                    : #1665380027235 | took 0ms | statement | connection 24| url jdbc:h2:mem:ad3a9e80-f26d-4a3e-9691-17f803db5723
call next value for hibernate_sequence
call next value for hibernate_sequence;
2022-10-10 14:33:47.235  INFO 4460 --- [    Test worker] p6spy                                    : #1665380027235 | took 0ms | statement | connection 24| url jdbc:h2:mem:ad3a9e80-f26d-4a3e-9691-17f803db5723
call next value for hibernate_sequence
call next value for hibernate_sequence;
2022-10-10 14:33:47.235  INFO 4460 --- [    Test worker] p6spy                                    : #1665380027235 | took 0ms | statement | connection 24| url jdbc:h2:mem:ad3a9e80-f26d-4a3e-9691-17f803db5723
call next value for hibernate_sequence
call next value for hibernate_sequence;
2022-10-10 14:33:47.235  INFO 4460 --- [    Test worker] p6spy                                    : #1665380027235 | took 0ms | statement | connection 24| url jdbc:h2:mem:ad3a9e80-f26d-4a3e-9691-17f803db5723
call next value for hibernate_sequence
call next value for hibernate_sequence;
2022-10-10 14:33:47.235  INFO 4460 --- [    Test worker] p6spy                                    : #1665380027235 | took 0ms | statement | connection 24| url jdbc:h2:mem:ad3a9e80-f26d-4a3e-9691-17f803db5723
call next value for hibernate_sequence
call next value for hibernate_sequence;
2022-10-10 14:33:47.235  INFO 4460 --- [    Test worker] c.j.r.FavoriteSpotQueryRepositoryTest    : favoriteSpot = FavoriteSpot(id=374, count=0)
2022-10-10 14:33:47.235  INFO 4460 --- [    Test worker] c.j.r.FavoriteSpotQueryRepositoryTest    : Spot = capstone.jejuTourrecommend.domain.Spot@cc1247a
2022-10-10 14:33:47.235  INFO 4460 --- [    Test worker] p6spy                                    : #1665380027235 | took 0ms | statement | connection 24| url jdbc:h2:mem:ad3a9e80-f26d-4a3e-9691-17f803db5723
call next value for hibernate_sequence
call next value for hibernate_sequence;
2022-10-10 14:33:47.235  INFO 4460 --- [    Test worker] p6spy                                    : #1665380027235 | took 0ms | statement | connection 24| url jdbc:h2:mem:ad3a9e80-f26d-4a3e-9691-17f803db5723
call next value for hibernate_sequence
call next value for hibernate_sequence;
2022-10-10 14:33:47.235  INFO 4460 --- [    Test worker] p6spy                                    : #1665380027235 | took 0ms | statement | connection 24| url jdbc:h2:mem:ad3a9e80-f26d-4a3e-9691-17f803db5723
call next value for hibernate_sequence
call next value for hibernate_sequence;
2022-10-10 14:33:47.235  INFO 4460 --- [    Test worker] p6spy                                    : #1665380027235 | took 0ms | statement | connection 24| url jdbc:h2:mem:ad3a9e80-f26d-4a3e-9691-17f803db5723
call next value for hibernate_sequence
call next value for hibernate_sequence;
2022-10-10 14:33:47.235  INFO 4460 --- [    Test worker] p6spy                                    : #1665380027235 | took 0ms | statement | connection 24| url jdbc:h2:mem:ad3a9e80-f26d-4a3e-9691-17f803db5723
call next value for hibernate_sequence
call next value for hibernate_sequence;
2022-10-10 14:33:47.235  INFO 4460 --- [    Test worker] p6spy                                    : #1665380027235 | took 0ms | statement | connection 24| url jdbc:h2:mem:ad3a9e80-f26d-4a3e-9691-17f803db5723
call next value for hibernate_sequence
call next value for hibernate_sequence;
2022-10-10 14:33:47.235  INFO 4460 --- [    Test worker] p6spy                                    : #1665380027235 | took 0ms | statement | connection 24| url jdbc:h2:mem:ad3a9e80-f26d-4a3e-9691-17f803db5723
call next value for hibernate_sequence
call next value for hibernate_sequence;
2022-10-10 14:33:47.235  INFO 4460 --- [    Test worker] p6spy                                    : #1665380027235 | took 0ms | statement | connection 24| url jdbc:h2:mem:ad3a9e80-f26d-4a3e-9691-17f803db5723
call next value for hibernate_sequence
call next value for hibernate_sequence;
2022-10-10 14:33:47.235  INFO 4460 --- [    Test worker] c.j.r.FavoriteSpotQueryRepositoryTest    : favoriteSpot = FavoriteSpot(id=375, count=0)
2022-10-10 14:33:47.235  INFO 4460 --- [    Test worker] c.j.r.FavoriteSpotQueryRepositoryTest    : Spot = capstone.jejuTourrecommend.domain.Spot@4917377b
2022-10-10 14:33:47.235  INFO 4460 --- [    Test worker] p6spy                                    : #1665380027235 | took 0ms | statement | connection 24| url jdbc:h2:mem:ad3a9e80-f26d-4a3e-9691-17f803db5723
call next value for hibernate_sequence
call next value for hibernate_sequence;
2022-10-10 14:33:47.235  INFO 4460 --- [    Test worker] p6spy                                    : #1665380027235 | took 0ms | statement | connection 24| url jdbc:h2:mem:ad3a9e80-f26d-4a3e-9691-17f803db5723
call next value for hibernate_sequence
call next value for hibernate_sequence;
2022-10-10 14:33:47.236  INFO 4460 --- [    Test worker] p6spy                                    : #1665380027236 | took 0ms | statement | connection 24| url jdbc:h2:mem:ad3a9e80-f26d-4a3e-9691-17f803db5723
call next value for hibernate_sequence
call next value for hibernate_sequence;
2022-10-10 14:33:47.236  INFO 4460 --- [    Test worker] p6spy                                    : #1665380027236 | took 0ms | statement | connection 24| url jdbc:h2:mem:ad3a9e80-f26d-4a3e-9691-17f803db5723
call next value for hibernate_sequence
call next value for hibernate_sequence;
2022-10-10 14:33:47.236  INFO 4460 --- [    Test worker] p6spy                                    : #1665380027236 | took 0ms | statement | connection 24| url jdbc:h2:mem:ad3a9e80-f26d-4a3e-9691-17f803db5723
call next value for hibernate_sequence
call next value for hibernate_sequence;
2022-10-10 14:33:47.236  INFO 4460 --- [    Test worker] p6spy                                    : #1665380027236 | took 0ms | statement | connection 24| url jdbc:h2:mem:ad3a9e80-f26d-4a3e-9691-17f803db5723
call next value for hibernate_sequence
call next value for hibernate_sequence;
2022-10-10 14:33:47.236  INFO 4460 --- [    Test worker] p6spy                                    : #1665380027236 | took 0ms | statement | connection 24| url jdbc:h2:mem:ad3a9e80-f26d-4a3e-9691-17f803db5723
call next value for hibernate_sequence
call next value for hibernate_sequence;
2022-10-10 14:33:47.236  INFO 4460 --- [    Test worker] p6spy                                    : #1665380027236 | took 0ms | statement | connection 24| url jdbc:h2:mem:ad3a9e80-f26d-4a3e-9691-17f803db5723
call next value for hibernate_sequence
call next value for hibernate_sequence;
2022-10-10 14:33:47.236  INFO 4460 --- [    Test worker] c.j.r.FavoriteSpotQueryRepositoryTest    : favoriteSpot = FavoriteSpot(id=376, count=0)
2022-10-10 14:33:47.236  INFO 4460 --- [    Test worker] c.j.r.FavoriteSpotQueryRepositoryTest    : Spot = capstone.jejuTourrecommend.domain.Spot@42ffed17
2022-10-10 14:33:47.236  INFO 4460 --- [    Test worker] p6spy                                    : #1665380027236 | took 0ms | statement | connection 24| url jdbc:h2:mem:ad3a9e80-f26d-4a3e-9691-17f803db5723
call next value for hibernate_sequence
call next value for hibernate_sequence;
2022-10-10 14:33:47.236  INFO 4460 --- [    Test worker] p6spy                                    : #1665380027236 | took 0ms | statement | connection 24| url jdbc:h2:mem:ad3a9e80-f26d-4a3e-9691-17f803db5723
call next value for hibernate_sequence
call next value for hibernate_sequence;
2022-10-10 14:33:47.236  INFO 4460 --- [    Test worker] p6spy                                    : #1665380027236 | took 0ms | statement | connection 24| url jdbc:h2:mem:ad3a9e80-f26d-4a3e-9691-17f803db5723
call next value for hibernate_sequence
call next value for hibernate_sequence;
2022-10-10 14:33:47.236  INFO 4460 --- [    Test worker] p6spy                                    : #1665380027236 | took 0ms | statement | connection 24| url jdbc:h2:mem:ad3a9e80-f26d-4a3e-9691-17f803db5723
call next value for hibernate_sequence
call next value for hibernate_sequence;
2022-10-10 14:33:47.236  INFO 4460 --- [    Test worker] p6spy                                    : #1665380027236 | took 0ms | statement | connection 24| url jdbc:h2:mem:ad3a9e80-f26d-4a3e-9691-17f803db5723
call next value for hibernate_sequence
call next value for hibernate_sequence;
2022-10-10 14:33:47.236  INFO 4460 --- [    Test worker] p6spy                                    : #1665380027236 | took 0ms | statement | connection 24| url jdbc:h2:mem:ad3a9e80-f26d-4a3e-9691-17f803db5723
call next value for hibernate_sequence
call next value for hibernate_sequence;
2022-10-10 14:33:47.236  INFO 4460 --- [    Test worker] p6spy                                    : #1665380027236 | took 0ms | statement | connection 24| url jdbc:h2:mem:ad3a9e80-f26d-4a3e-9691-17f803db5723
call next value for hibernate_sequence
call next value for hibernate_sequence;
2022-10-10 14:33:47.236  INFO 4460 --- [    Test worker] p6spy                                    : #1665380027236 | took 0ms | statement | connection 24| url jdbc:h2:mem:ad3a9e80-f26d-4a3e-9691-17f803db5723
call next value for hibernate_sequence
call next value for hibernate_sequence;
2022-10-10 14:33:47.236  INFO 4460 --- [    Test worker] c.j.r.FavoriteSpotQueryRepositoryTest    : favoriteSpot = FavoriteSpot(id=377, count=0)
2022-10-10 14:33:47.236  INFO 4460 --- [    Test worker] c.j.r.FavoriteSpotQueryRepositoryTest    : Spot = capstone.jejuTourrecommend.domain.Spot@54dc7b05
2022-10-10 14:33:47.236  INFO 4460 --- [    Test worker] p6spy                                    : #1665380027236 | took 0ms | statement | connection 24| url jdbc:h2:mem:ad3a9e80-f26d-4a3e-9691-17f803db5723
call next value for hibernate_sequence
call next value for hibernate_sequence;
2022-10-10 14:33:47.236  INFO 4460 --- [    Test worker] p6spy                                    : #1665380027236 | took 0ms | statement | connection 24| url jdbc:h2:mem:ad3a9e80-f26d-4a3e-9691-17f803db5723
call next value for hibernate_sequence
call next value for hibernate_sequence;
2022-10-10 14:33:47.236  INFO 4460 --- [    Test worker] p6spy                                    : #1665380027236 | took 0ms | statement | connection 24| url jdbc:h2:mem:ad3a9e80-f26d-4a3e-9691-17f803db5723
call next value for hibernate_sequence
call next value for hibernate_sequence;
2022-10-10 14:33:47.236  INFO 4460 --- [    Test worker] p6spy                                    : #1665380027236 | took 0ms | statement | connection 24| url jdbc:h2:mem:ad3a9e80-f26d-4a3e-9691-17f803db5723
call next value for hibernate_sequence
call next value for hibernate_sequence;
2022-10-10 14:33:47.236  INFO 4460 --- [    Test worker] p6spy                                    : #1665380027236 | took 0ms | statement | connection 24| url jdbc:h2:mem:ad3a9e80-f26d-4a3e-9691-17f803db5723
call next value for hibernate_sequence
call next value for hibernate_sequence;
2022-10-10 14:33:47.236  INFO 4460 --- [    Test worker] p6spy                                    : #1665380027236 | took 0ms | statement | connection 24| url jdbc:h2:mem:ad3a9e80-f26d-4a3e-9691-17f803db5723
call next value for hibernate_sequence
call next value for hibernate_sequence;
2022-10-10 14:33:47.236  INFO 4460 --- [    Test worker] p6spy                                    : #1665380027236 | took 0ms | statement | connection 24| url jdbc:h2:mem:ad3a9e80-f26d-4a3e-9691-17f803db5723
call next value for hibernate_sequence
call next value for hibernate_sequence;
2022-10-10 14:33:47.236  INFO 4460 --- [    Test worker] p6spy                                    : #1665380027236 | took 0ms | statement | connection 24| url jdbc:h2:mem:ad3a9e80-f26d-4a3e-9691-17f803db5723
call next value for hibernate_sequence
call next value for hibernate_sequence;
2022-10-10 14:33:47.236  INFO 4460 --- [    Test worker] c.j.r.FavoriteSpotQueryRepositoryTest    : favoriteSpot = FavoriteSpot(id=378, count=0)
2022-10-10 14:33:47.236  INFO 4460 --- [    Test worker] c.j.r.FavoriteSpotQueryRepositoryTest    : Spot = capstone.jejuTourrecommend.domain.Spot@494d0fca
2022-10-10 14:33:47.236  INFO 4460 --- [    Test worker] p6spy                                    : #1665380027236 | took 0ms | statement | connection 24| url jdbc:h2:mem:ad3a9e80-f26d-4a3e-9691-17f803db5723
call next value for hibernate_sequence
call next value for hibernate_sequence;
2022-10-10 14:33:47.236  INFO 4460 --- [    Test worker] p6spy                                    : #1665380027236 | took 0ms | statement | connection 24| url jdbc:h2:mem:ad3a9e80-f26d-4a3e-9691-17f803db5723
call next value for hibernate_sequence
call next value for hibernate_sequence;
2022-10-10 14:33:47.236  INFO 4460 --- [    Test worker] p6spy                                    : #1665380027236 | took 0ms | statement | connection 24| url jdbc:h2:mem:ad3a9e80-f26d-4a3e-9691-17f803db5723
call next value for hibernate_sequence
call next value for hibernate_sequence;
2022-10-10 14:33:47.237  INFO 4460 --- [    Test worker] p6spy                                    : #1665380027237 | took 0ms | statement | connection 24| url jdbc:h2:mem:ad3a9e80-f26d-4a3e-9691-17f803db5723
call next value for hibernate_sequence
call next value for hibernate_sequence;
2022-10-10 14:33:47.237  INFO 4460 --- [    Test worker] p6spy                                    : #1665380027237 | took 0ms | statement | connection 24| url jdbc:h2:mem:ad3a9e80-f26d-4a3e-9691-17f803db5723
call next value for hibernate_sequence
call next value for hibernate_sequence;
2022-10-10 14:33:47.237  INFO 4460 --- [    Test worker] p6spy                                    : #1665380027237 | took 0ms | statement | connection 24| url jdbc:h2:mem:ad3a9e80-f26d-4a3e-9691-17f803db5723
call next value for hibernate_sequence
call next value for hibernate_sequence;
2022-10-10 14:33:47.237  INFO 4460 --- [    Test worker] p6spy                                    : #1665380027237 | took 0ms | statement | connection 24| url jdbc:h2:mem:ad3a9e80-f26d-4a3e-9691-17f803db5723
call next value for hibernate_sequence
call next value for hibernate_sequence;
2022-10-10 14:33:47.237  INFO 4460 --- [    Test worker] p6spy                                    : #1665380027237 | took 0ms | statement | connection 24| url jdbc:h2:mem:ad3a9e80-f26d-4a3e-9691-17f803db5723
call next value for hibernate_sequence
call next value for hibernate_sequence;
2022-10-10 14:33:47.237  INFO 4460 --- [    Test worker] c.j.r.FavoriteSpotQueryRepositoryTest    : favoriteSpot = FavoriteSpot(id=379, count=0)
2022-10-10 14:33:47.237  INFO 4460 --- [    Test worker] c.j.r.FavoriteSpotQueryRepositoryTest    : Spot = capstone.jejuTourrecommend.domain.Spot@4509be44
2022-10-10 14:33:47.237  INFO 4460 --- [    Test worker] p6spy                                    : #1665380027237 | took 0ms | statement | connection 24| url jdbc:h2:mem:ad3a9e80-f26d-4a3e-9691-17f803db5723
call next value for hibernate_sequence
call next value for hibernate_sequence;
2022-10-10 14:33:47.237  INFO 4460 --- [    Test worker] p6spy                                    : #1665380027237 | took 0ms | statement | connection 24| url jdbc:h2:mem:ad3a9e80-f26d-4a3e-9691-17f803db5723
call next value for hibernate_sequence
call next value for hibernate_sequence;
2022-10-10 14:33:47.237  INFO 4460 --- [    Test worker] p6spy                                    : #1665380027237 | took 0ms | statement | connection 24| url jdbc:h2:mem:ad3a9e80-f26d-4a3e-9691-17f803db5723
call next value for hibernate_sequence
call next value for hibernate_sequence;
2022-10-10 14:33:47.237  INFO 4460 --- [    Test worker] p6spy                                    : #1665380027237 | took 0ms | statement | connection 24| url jdbc:h2:mem:ad3a9e80-f26d-4a3e-9691-17f803db5723
call next value for hibernate_sequence
call next value for hibernate_sequence;
2022-10-10 14:33:47.237  INFO 4460 --- [    Test worker] p6spy                                    : #1665380027237 | took 0ms | statement | connection 24| url jdbc:h2:mem:ad3a9e80-f26d-4a3e-9691-17f803db5723
call next value for hibernate_sequence
call next value for hibernate_sequence;
2022-10-10 14:33:47.237  INFO 4460 --- [    Test worker] p6spy                                    : #1665380027237 | took 0ms | statement | connection 24| url jdbc:h2:mem:ad3a9e80-f26d-4a3e-9691-17f803db5723
call next value for hibernate_sequence
call next value for hibernate_sequence;
2022-10-10 14:33:47.237  INFO 4460 --- [    Test worker] p6spy                                    : #1665380027237 | took 0ms | statement | connection 24| url jdbc:h2:mem:ad3a9e80-f26d-4a3e-9691-17f803db5723
call next value for hibernate_sequence
call next value for hibernate_sequence;
2022-10-10 14:33:47.237  INFO 4460 --- [    Test worker] p6spy                                    : #1665380027237 | took 0ms | statement | connection 24| url jdbc:h2:mem:ad3a9e80-f26d-4a3e-9691-17f803db5723
call next value for hibernate_sequence
call next value for hibernate_sequence;
2022-10-10 14:33:47.237  INFO 4460 --- [    Test worker] c.j.r.FavoriteSpotQueryRepositoryTest    : favoriteSpot = FavoriteSpot(id=380, count=0)
2022-10-10 14:33:47.237  INFO 4460 --- [    Test worker] c.j.r.FavoriteSpotQueryRepositoryTest    : Spot = capstone.jejuTourrecommend.domain.Spot@5ad34ed2
2022-10-10 14:33:47.237  INFO 4460 --- [    Test worker] p6spy                                    : #1665380027237 | took 0ms | statement | connection 24| url jdbc:h2:mem:ad3a9e80-f26d-4a3e-9691-17f803db5723
call next value for hibernate_sequence
call next value for hibernate_sequence;
2022-10-10 14:33:47.237  INFO 4460 --- [    Test worker] p6spy                                    : #1665380027237 | took 0ms | statement | connection 24| url jdbc:h2:mem:ad3a9e80-f26d-4a3e-9691-17f803db5723
call next value for hibernate_sequence
call next value for hibernate_sequence;
2022-10-10 14:33:47.237  INFO 4460 --- [    Test worker] p6spy                                    : #1665380027237 | took 0ms | statement | connection 24| url jdbc:h2:mem:ad3a9e80-f26d-4a3e-9691-17f803db5723
call next value for hibernate_sequence
call next value for hibernate_sequence;
2022-10-10 14:33:47.237  INFO 4460 --- [    Test worker] p6spy                                    : #1665380027237 | took 0ms | statement | connection 24| url jdbc:h2:mem:ad3a9e80-f26d-4a3e-9691-17f803db5723
call next value for hibernate_sequence
call next value for hibernate_sequence;
2022-10-10 14:33:47.237  INFO 4460 --- [    Test worker] p6spy                                    : #1665380027237 | took 0ms | statement | connection 24| url jdbc:h2:mem:ad3a9e80-f26d-4a3e-9691-17f803db5723
call next value for hibernate_sequence
call next value for hibernate_sequence;
2022-10-10 14:33:47.237  INFO 4460 --- [    Test worker] p6spy                                    : #1665380027237 | took 0ms | statement | connection 24| url jdbc:h2:mem:ad3a9e80-f26d-4a3e-9691-17f803db5723
call next value for hibernate_sequence
call next value for hibernate_sequence;
2022-10-10 14:33:47.237  INFO 4460 --- [    Test worker] p6spy                                    : #1665380027237 | took 0ms | statement | connection 24| url jdbc:h2:mem:ad3a9e80-f26d-4a3e-9691-17f803db5723
call next value for hibernate_sequence
call next value for hibernate_sequence;
2022-10-10 14:33:47.237  INFO 4460 --- [    Test worker] p6spy                                    : #1665380027237 | took 0ms | statement | connection 24| url jdbc:h2:mem:ad3a9e80-f26d-4a3e-9691-17f803db5723
call next value for hibernate_sequence
call next value for hibernate_sequence;
2022-10-10 14:33:47.237  INFO 4460 --- [    Test worker] c.j.r.FavoriteSpotQueryRepositoryTest    : favoriteSpot = FavoriteSpot(id=381, count=0)
2022-10-10 14:33:47.237  INFO 4460 --- [    Test worker] c.j.r.FavoriteSpotQueryRepositoryTest    : Spot = capstone.jejuTourrecommend.domain.Spot@727971a8
2022-10-10 14:33:47.237  INFO 4460 --- [    Test worker] p6spy                                    : #1665380027237 | took 0ms | statement | connection 24| url jdbc:h2:mem:ad3a9e80-f26d-4a3e-9691-17f803db5723
call next value for hibernate_sequence
call next value for hibernate_sequence;
2022-10-10 14:33:47.237  INFO 4460 --- [    Test worker] p6spy                                    : #1665380027237 | took 0ms | statement | connection 24| url jdbc:h2:mem:ad3a9e80-f26d-4a3e-9691-17f803db5723
call next value for hibernate_sequence
call next value for hibernate_sequence;
2022-10-10 14:33:47.237  INFO 4460 --- [    Test worker] p6spy                                    : #1665380027237 | took 0ms | statement | connection 24| url jdbc:h2:mem:ad3a9e80-f26d-4a3e-9691-17f803db5723
call next value for hibernate_sequence
call next value for hibernate_sequence;
2022-10-10 14:33:47.238  INFO 4460 --- [    Test worker] p6spy                                    : #1665380027238 | took 0ms | statement | connection 24| url jdbc:h2:mem:ad3a9e80-f26d-4a3e-9691-17f803db5723
call next value for hibernate_sequence
call next value for hibernate_sequence;
2022-10-10 14:33:47.238  INFO 4460 --- [    Test worker] p6spy                                    : #1665380027238 | took 0ms | statement | connection 24| url jdbc:h2:mem:ad3a9e80-f26d-4a3e-9691-17f803db5723
call next value for hibernate_sequence
call next value for hibernate_sequence;
2022-10-10 14:33:47.238  INFO 4460 --- [    Test worker] p6spy                                    : #1665380027238 | took 0ms | statement | connection 24| url jdbc:h2:mem:ad3a9e80-f26d-4a3e-9691-17f803db5723
call next value for hibernate_sequence
call next value for hibernate_sequence;
2022-10-10 14:33:47.238  INFO 4460 --- [    Test worker] p6spy                                    : #1665380027238 | took 0ms | statement | connection 24| url jdbc:h2:mem:ad3a9e80-f26d-4a3e-9691-17f803db5723
call next value for hibernate_sequence
call next value for hibernate_sequence;
2022-10-10 14:33:47.238  INFO 4460 --- [    Test worker] p6spy                                    : #1665380027238 | took 0ms | statement | connection 24| url jdbc:h2:mem:ad3a9e80-f26d-4a3e-9691-17f803db5723
call next value for hibernate_sequence
call next value for hibernate_sequence;
2022-10-10 14:33:47.238  INFO 4460 --- [    Test worker] c.j.r.FavoriteSpotQueryRepositoryTest    : favoriteSpot = FavoriteSpot(id=382, count=0)
2022-10-10 14:33:47.238  INFO 4460 --- [    Test worker] c.j.r.FavoriteSpotQueryRepositoryTest    : Spot = capstone.jejuTourrecommend.domain.Spot@3b9e1d3e
2022-10-10 14:33:47.238  INFO 4460 --- [    Test worker] p6spy                                    : #1665380027238 | took 0ms | statement | connection 24| url jdbc:h2:mem:ad3a9e80-f26d-4a3e-9691-17f803db5723
call next value for hibernate_sequence
call next value for hibernate_sequence;
2022-10-10 14:33:47.238  INFO 4460 --- [    Test worker] p6spy                                    : #1665380027238 | took 0ms | statement | connection 24| url jdbc:h2:mem:ad3a9e80-f26d-4a3e-9691-17f803db5723
call next value for hibernate_sequence
call next value for hibernate_sequence;
2022-10-10 14:33:47.238  INFO 4460 --- [    Test worker] p6spy                                    : #1665380027238 | took 0ms | statement | connection 24| url jdbc:h2:mem:ad3a9e80-f26d-4a3e-9691-17f803db5723
call next value for hibernate_sequence
call next value for hibernate_sequence;
2022-10-10 14:33:47.238  INFO 4460 --- [    Test worker] p6spy                                    : #1665380027238 | took 0ms | statement | connection 24| url jdbc:h2:mem:ad3a9e80-f26d-4a3e-9691-17f803db5723
call next value for hibernate_sequence
call next value for hibernate_sequence;
2022-10-10 14:33:47.238  INFO 4460 --- [    Test worker] p6spy                                    : #1665380027238 | took 0ms | statement | connection 24| url jdbc:h2:mem:ad3a9e80-f26d-4a3e-9691-17f803db5723
call next value for hibernate_sequence
call next value for hibernate_sequence;
2022-10-10 14:33:47.238  INFO 4460 --- [    Test worker] p6spy                                    : #1665380027238 | took 0ms | statement | connection 24| url jdbc:h2:mem:ad3a9e80-f26d-4a3e-9691-17f803db5723
call next value for hibernate_sequence
call next value for hibernate_sequence;
2022-10-10 14:33:47.238  INFO 4460 --- [    Test worker] p6spy                                    : #1665380027238 | took 0ms | statement | connection 24| url jdbc:h2:mem:ad3a9e80-f26d-4a3e-9691-17f803db5723
call next value for hibernate_sequence
call next value for hibernate_sequence;
2022-10-10 14:33:47.238  INFO 4460 --- [    Test worker] p6spy                                    : #1665380027238 | took 0ms | statement | connection 24| url jdbc:h2:mem:ad3a9e80-f26d-4a3e-9691-17f803db5723
call next value for hibernate_sequence
call next value for hibernate_sequence;
2022-10-10 14:33:47.238  INFO 4460 --- [    Test worker] c.j.r.FavoriteSpotQueryRepositoryTest    : favoriteSpot = FavoriteSpot(id=383, count=0)
2022-10-10 14:33:47.238  INFO 4460 --- [    Test worker] c.j.r.FavoriteSpotQueryRepositoryTest    : Spot = capstone.jejuTourrecommend.domain.Spot@39654268
2022-10-10 14:33:47.238  INFO 4460 --- [    Test worker] p6spy                                    : #1665380027238 | took 0ms | statement | connection 24| url jdbc:h2:mem:ad3a9e80-f26d-4a3e-9691-17f803db5723
call next value for hibernate_sequence
call next value for hibernate_sequence;
2022-10-10 14:33:47.238  INFO 4460 --- [    Test worker] p6spy                                    : #1665380027238 | took 0ms | statement | connection 24| url jdbc:h2:mem:ad3a9e80-f26d-4a3e-9691-17f803db5723
call next value for hibernate_sequence
call next value for hibernate_sequence;
2022-10-10 14:33:47.238  INFO 4460 --- [    Test worker] p6spy                                    : #1665380027238 | took 0ms | statement | connection 24| url jdbc:h2:mem:ad3a9e80-f26d-4a3e-9691-17f803db5723
call next value for hibernate_sequence
call next value for hibernate_sequence;
2022-10-10 14:33:47.238  INFO 4460 --- [    Test worker] p6spy                                    : #1665380027238 | took 0ms | statement | connection 24| url jdbc:h2:mem:ad3a9e80-f26d-4a3e-9691-17f803db5723
call next value for hibernate_sequence
call next value for hibernate_sequence;
2022-10-10 14:33:47.238  INFO 4460 --- [    Test worker] p6spy                                    : #1665380027238 | took 0ms | statement | connection 24| url jdbc:h2:mem:ad3a9e80-f26d-4a3e-9691-17f803db5723
call next value for hibernate_sequence
call next value for hibernate_sequence;
2022-10-10 14:33:47.238  INFO 4460 --- [    Test worker] p6spy                                    : #1665380027238 | took 0ms | statement | connection 24| url jdbc:h2:mem:ad3a9e80-f26d-4a3e-9691-17f803db5723
call next value for hibernate_sequence
call next value for hibernate_sequence;
2022-10-10 14:33:47.238  INFO 4460 --- [    Test worker] p6spy                                    : #1665380027238 | took 0ms | statement | connection 24| url jdbc:h2:mem:ad3a9e80-f26d-4a3e-9691-17f803db5723
call next value for hibernate_sequence
call next value for hibernate_sequence;
2022-10-10 14:33:47.238  INFO 4460 --- [    Test worker] p6spy                                    : #1665380027238 | took 0ms | statement | connection 24| url jdbc:h2:mem:ad3a9e80-f26d-4a3e-9691-17f803db5723
call next value for hibernate_sequence
call next value for hibernate_sequence;
2022-10-10 14:33:47.238  INFO 4460 --- [    Test worker] c.j.r.FavoriteSpotQueryRepositoryTest    : favoriteSpot = FavoriteSpot(id=384, count=0)
2022-10-10 14:33:47.238  INFO 4460 --- [    Test worker] c.j.r.FavoriteSpotQueryRepositoryTest    : Spot = capstone.jejuTourrecommend.domain.Spot@55d0632f
2022-10-10 14:33:47.238  INFO 4460 --- [    Test worker] p6spy                                    : #1665380027238 | took 0ms | statement | connection 24| url jdbc:h2:mem:ad3a9e80-f26d-4a3e-9691-17f803db5723
call next value for hibernate_sequence
call next value for hibernate_sequence;
2022-10-10 14:33:47.238  INFO 4460 --- [    Test worker] p6spy                                    : #1665380027238 | took 0ms | statement | connection 24| url jdbc:h2:mem:ad3a9e80-f26d-4a3e-9691-17f803db5723
call next value for hibernate_sequence
call next value for hibernate_sequence;
2022-10-10 14:33:47.238  INFO 4460 --- [    Test worker] p6spy                                    : #1665380027238 | took 0ms | statement | connection 24| url jdbc:h2:mem:ad3a9e80-f26d-4a3e-9691-17f803db5723
call next value for hibernate_sequence
call next value for hibernate_sequence;
2022-10-10 14:33:47.238  INFO 4460 --- [    Test worker] p6spy                                    : #1665380027238 | took 0ms | statement | connection 24| url jdbc:h2:mem:ad3a9e80-f26d-4a3e-9691-17f803db5723
call next value for hibernate_sequence
call next value for hibernate_sequence;
2022-10-10 14:33:47.238  INFO 4460 --- [    Test worker] p6spy                                    : #1665380027238 | took 0ms | statement | connection 24| url jdbc:h2:mem:ad3a9e80-f26d-4a3e-9691-17f803db5723
call next value for hibernate_sequence
call next value for hibernate_sequence;
2022-10-10 14:33:47.238  INFO 4460 --- [    Test worker] p6spy                                    : #1665380027238 | took 0ms | statement | connection 24| url jdbc:h2:mem:ad3a9e80-f26d-4a3e-9691-17f803db5723
call next value for hibernate_sequence
call next value for hibernate_sequence;
2022-10-10 14:33:47.238  INFO 4460 --- [    Test worker] p6spy                                    : #1665380027238 | took 0ms | statement | connection 24| url jdbc:h2:mem:ad3a9e80-f26d-4a3e-9691-17f803db5723
call next value for hibernate_sequence
call next value for hibernate_sequence;
2022-10-10 14:33:47.239  INFO 4460 --- [    Test worker] p6spy                                    : #1665380027239 | took 0ms | statement | connection 24| url jdbc:h2:mem:ad3a9e80-f26d-4a3e-9691-17f803db5723
call next value for hibernate_sequence
call next value for hibernate_sequence;
2022-10-10 14:33:47.239  INFO 4460 --- [    Test worker] c.j.r.FavoriteSpotQueryRepositoryTest    : favoriteSpot = FavoriteSpot(id=385, count=0)
2022-10-10 14:33:47.239  INFO 4460 --- [    Test worker] c.j.r.FavoriteSpotQueryRepositoryTest    : Spot = capstone.jejuTourrecommend.domain.Spot@f579909
2022-10-10 14:33:47.239  INFO 4460 --- [    Test worker] p6spy                                    : #1665380027239 | took 0ms | statement | connection 24| url jdbc:h2:mem:ad3a9e80-f26d-4a3e-9691-17f803db5723
call next value for hibernate_sequence
call next value for hibernate_sequence;
2022-10-10 14:33:47.239  INFO 4460 --- [    Test worker] p6spy                                    : #1665380027239 | took 0ms | statement | connection 24| url jdbc:h2:mem:ad3a9e80-f26d-4a3e-9691-17f803db5723
call next value for hibernate_sequence
call next value for hibernate_sequence;
2022-10-10 14:33:47.239  INFO 4460 --- [    Test worker] p6spy                                    : #1665380027239 | took 0ms | statement | connection 24| url jdbc:h2:mem:ad3a9e80-f26d-4a3e-9691-17f803db5723
call next value for hibernate_sequence
call next value for hibernate_sequence;
2022-10-10 14:33:47.239  INFO 4460 --- [    Test worker] p6spy                                    : #1665380027239 | took 0ms | statement | connection 24| url jdbc:h2:mem:ad3a9e80-f26d-4a3e-9691-17f803db5723
call next value for hibernate_sequence
call next value for hibernate_sequence;
2022-10-10 14:33:47.239  INFO 4460 --- [    Test worker] p6spy                                    : #1665380027239 | took 0ms | statement | connection 24| url jdbc:h2:mem:ad3a9e80-f26d-4a3e-9691-17f803db5723
call next value for hibernate_sequence
call next value for hibernate_sequence;
2022-10-10 14:33:47.239  INFO 4460 --- [    Test worker] p6spy                                    : #1665380027239 | took 0ms | statement | connection 24| url jdbc:h2:mem:ad3a9e80-f26d-4a3e-9691-17f803db5723
call next value for hibernate_sequence
call next value for hibernate_sequence;
2022-10-10 14:33:47.239  INFO 4460 --- [    Test worker] p6spy                                    : #1665380027239 | took 0ms | statement | connection 24| url jdbc:h2:mem:ad3a9e80-f26d-4a3e-9691-17f803db5723
call next value for hibernate_sequence
call next value for hibernate_sequence;
2022-10-10 14:33:47.239  INFO 4460 --- [    Test worker] p6spy                                    : #1665380027239 | took 0ms | statement | connection 24| url jdbc:h2:mem:ad3a9e80-f26d-4a3e-9691-17f803db5723
call next value for hibernate_sequence
call next value for hibernate_sequence;
2022-10-10 14:33:47.239  INFO 4460 --- [    Test worker] c.j.r.FavoriteSpotQueryRepositoryTest    : favoriteSpot = FavoriteSpot(id=386, count=0)
2022-10-10 14:33:47.239  INFO 4460 --- [    Test worker] c.j.r.FavoriteSpotQueryRepositoryTest    : Spot = capstone.jejuTourrecommend.domain.Spot@44dd53c0
2022-10-10 14:33:47.239  INFO 4460 --- [    Test worker] p6spy                                    : #1665380027239 | took 0ms | statement | connection 24| url jdbc:h2:mem:ad3a9e80-f26d-4a3e-9691-17f803db5723
call next value for hibernate_sequence
call next value for hibernate_sequence;
2022-10-10 14:33:47.239  INFO 4460 --- [    Test worker] p6spy                                    : #1665380027239 | took 0ms | statement | connection 24| url jdbc:h2:mem:ad3a9e80-f26d-4a3e-9691-17f803db5723
call next value for hibernate_sequence
call next value for hibernate_sequence;
2022-10-10 14:33:47.239  INFO 4460 --- [    Test worker] p6spy                                    : #1665380027239 | took 0ms | statement | connection 24| url jdbc:h2:mem:ad3a9e80-f26d-4a3e-9691-17f803db5723
call next value for hibernate_sequence
call next value for hibernate_sequence;
2022-10-10 14:33:47.239  INFO 4460 --- [    Test worker] p6spy                                    : #1665380027239 | took 0ms | statement | connection 24| url jdbc:h2:mem:ad3a9e80-f26d-4a3e-9691-17f803db5723
call next value for hibernate_sequence
call next value for hibernate_sequence;
2022-10-10 14:33:47.239  INFO 4460 --- [    Test worker] p6spy                                    : #1665380027239 | took 0ms | statement | connection 24| url jdbc:h2:mem:ad3a9e80-f26d-4a3e-9691-17f803db5723
call next value for hibernate_sequence
call next value for hibernate_sequence;
2022-10-10 14:33:47.239  INFO 4460 --- [    Test worker] p6spy                                    : #1665380027239 | took 0ms | statement | connection 24| url jdbc:h2:mem:ad3a9e80-f26d-4a3e-9691-17f803db5723
call next value for hibernate_sequence
call next value for hibernate_sequence;
2022-10-10 14:33:47.239  INFO 4460 --- [    Test worker] p6spy                                    : #1665380027239 | took 0ms | statement | connection 24| url jdbc:h2:mem:ad3a9e80-f26d-4a3e-9691-17f803db5723
call next value for hibernate_sequence
call next value for hibernate_sequence;
2022-10-10 14:33:47.239  INFO 4460 --- [    Test worker] p6spy                                    : #1665380027239 | took 0ms | statement | connection 24| url jdbc:h2:mem:ad3a9e80-f26d-4a3e-9691-17f803db5723
call next value for hibernate_sequence
call next value for hibernate_sequence;
2022-10-10 14:33:47.239  INFO 4460 --- [    Test worker] c.j.r.FavoriteSpotQueryRepositoryTest    : favoriteSpot = FavoriteSpot(id=387, count=0)
2022-10-10 14:33:47.239  INFO 4460 --- [    Test worker] c.j.r.FavoriteSpotQueryRepositoryTest    : Spot = capstone.jejuTourrecommend.domain.Spot@68c440aa
2022-10-10 14:33:47.239  INFO 4460 --- [    Test worker] p6spy                                    : #1665380027239 | took 0ms | statement | connection 24| url jdbc:h2:mem:ad3a9e80-f26d-4a3e-9691-17f803db5723
call next value for hibernate_sequence
call next value for hibernate_sequence;
2022-10-10 14:33:47.239  INFO 4460 --- [    Test worker] p6spy                                    : #1665380027239 | took 0ms | statement | connection 24| url jdbc:h2:mem:ad3a9e80-f26d-4a3e-9691-17f803db5723
call next value for hibernate_sequence
call next value for hibernate_sequence;
2022-10-10 14:33:47.239  INFO 4460 --- [    Test worker] p6spy                                    : #1665380027239 | took 0ms | statement | connection 24| url jdbc:h2:mem:ad3a9e80-f26d-4a3e-9691-17f803db5723
call next value for hibernate_sequence
call next value for hibernate_sequence;
2022-10-10 14:33:47.239  INFO 4460 --- [    Test worker] p6spy                                    : #1665380027239 | took 0ms | statement | connection 24| url jdbc:h2:mem:ad3a9e80-f26d-4a3e-9691-17f803db5723
call next value for spot_seq
call next value for spot_seq;
2022-10-10 14:33:47.239  INFO 4460 --- [    Test worker] p6spy                                    : #1665380027239 | took 0ms | statement | connection 24| url jdbc:h2:mem:ad3a9e80-f26d-4a3e-9691-17f803db5723
call next value for hibernate_sequence
call next value for hibernate_sequence;
2022-10-10 14:33:47.239  INFO 4460 --- [    Test worker] p6spy                                    : #1665380027239 | took 0ms | statement | connection 24| url jdbc:h2:mem:ad3a9e80-f26d-4a3e-9691-17f803db5723
call next value for hibernate_sequence
call next value for hibernate_sequence;
2022-10-10 14:33:47.239  INFO 4460 --- [    Test worker] p6spy                                    : #1665380027239 | took 0ms | statement | connection 24| url jdbc:h2:mem:ad3a9e80-f26d-4a3e-9691-17f803db5723
call next value for hibernate_sequence
call next value for hibernate_sequence;
2022-10-10 14:33:47.239  INFO 4460 --- [    Test worker] p6spy                                    : #1665380027239 | took 0ms | statement | connection 24| url jdbc:h2:mem:ad3a9e80-f26d-4a3e-9691-17f803db5723
call next value for hibernate_sequence
call next value for hibernate_sequence;
2022-10-10 14:33:47.239  INFO 4460 --- [    Test worker] p6spy                                    : #1665380027239 | took 0ms | statement | connection 24| url jdbc:h2:mem:ad3a9e80-f26d-4a3e-9691-17f803db5723
call next value for hibernate_sequence
call next value for hibernate_sequence;
2022-10-10 14:33:47.239  INFO 4460 --- [    Test worker] c.j.r.FavoriteSpotQueryRepositoryTest    : favoriteSpot = FavoriteSpot(id=388, count=0)
2022-10-10 14:33:47.239  INFO 4460 --- [    Test worker] c.j.r.FavoriteSpotQueryRepositoryTest    : Spot = capstone.jejuTourrecommend.domain.Spot@29f827c1
2022-10-10 14:33:47.239  INFO 4460 --- [    Test worker] p6spy                                    : #1665380027239 | took 0ms | statement | connection 24| url jdbc:h2:mem:ad3a9e80-f26d-4a3e-9691-17f803db5723
call next value for hibernate_sequence
call next value for hibernate_sequence;
2022-10-10 14:33:47.239  INFO 4460 --- [    Test worker] p6spy                                    : #1665380027239 | took 0ms | statement | connection 24| url jdbc:h2:mem:ad3a9e80-f26d-4a3e-9691-17f803db5723
call next value for hibernate_sequence
call next value for hibernate_sequence;
2022-10-10 14:33:47.239  INFO 4460 --- [    Test worker] p6spy                                    : #1665380027239 | took 0ms | statement | connection 24| url jdbc:h2:mem:ad3a9e80-f26d-4a3e-9691-17f803db5723
call next value for hibernate_sequence
call next value for hibernate_sequence;
2022-10-10 14:33:47.239  INFO 4460 --- [    Test worker] p6spy                                    : #1665380027239 | took 0ms | statement | connection 24| url jdbc:h2:mem:ad3a9e80-f26d-4a3e-9691-17f803db5723
call next value for hibernate_sequence
call next value for hibernate_sequence;
2022-10-10 14:33:47.240  INFO 4460 --- [    Test worker] p6spy                                    : #1665380027240 | took 0ms | statement | connection 24| url jdbc:h2:mem:ad3a9e80-f26d-4a3e-9691-17f803db5723
call next value for hibernate_sequence
call next value for hibernate_sequence;
2022-10-10 14:33:47.240  INFO 4460 --- [    Test worker] p6spy                                    : #1665380027240 | took 0ms | statement | connection 24| url jdbc:h2:mem:ad3a9e80-f26d-4a3e-9691-17f803db5723
call next value for hibernate_sequence
call next value for hibernate_sequence;
2022-10-10 14:33:47.240  INFO 4460 --- [    Test worker] p6spy                                    : #1665380027240 | took 0ms | statement | connection 24| url jdbc:h2:mem:ad3a9e80-f26d-4a3e-9691-17f803db5723
call next value for hibernate_sequence
call next value for hibernate_sequence;
2022-10-10 14:33:47.240  INFO 4460 --- [    Test worker] p6spy                                    : #1665380027240 | took 0ms | statement | connection 24| url jdbc:h2:mem:ad3a9e80-f26d-4a3e-9691-17f803db5723
call next value for hibernate_sequence
call next value for hibernate_sequence;
2022-10-10 14:33:47.240  INFO 4460 --- [    Test worker] c.j.r.FavoriteSpotQueryRepositoryTest    : favoriteSpot = FavoriteSpot(id=389, count=0)
2022-10-10 14:33:47.240  INFO 4460 --- [    Test worker] c.j.r.FavoriteSpotQueryRepositoryTest    : Spot = capstone.jejuTourrecommend.domain.Spot@4b38610f
2022-10-10 14:33:47.240  INFO 4460 --- [    Test worker] p6spy                                    : #1665380027240 | took 0ms | statement | connection 24| url jdbc:h2:mem:ad3a9e80-f26d-4a3e-9691-17f803db5723
call next value for hibernate_sequence
call next value for hibernate_sequence;
2022-10-10 14:33:47.240  INFO 4460 --- [    Test worker] p6spy                                    : #1665380027240 | took 0ms | statement | connection 24| url jdbc:h2:mem:ad3a9e80-f26d-4a3e-9691-17f803db5723
call next value for hibernate_sequence
call next value for hibernate_sequence;
2022-10-10 14:33:47.240  INFO 4460 --- [    Test worker] p6spy                                    : #1665380027240 | took 0ms | statement | connection 24| url jdbc:h2:mem:ad3a9e80-f26d-4a3e-9691-17f803db5723
call next value for hibernate_sequence
call next value for hibernate_sequence;
2022-10-10 14:33:47.240  INFO 4460 --- [    Test worker] p6spy                                    : #1665380027240 | took 0ms | statement | connection 24| url jdbc:h2:mem:ad3a9e80-f26d-4a3e-9691-17f803db5723
call next value for hibernate_sequence
call next value for hibernate_sequence;
2022-10-10 14:33:47.240  INFO 4460 --- [    Test worker] p6spy                                    : #1665380027240 | took 0ms | statement | connection 24| url jdbc:h2:mem:ad3a9e80-f26d-4a3e-9691-17f803db5723
call next value for hibernate_sequence
call next value for hibernate_sequence;
2022-10-10 14:33:47.240  INFO 4460 --- [    Test worker] p6spy                                    : #1665380027240 | took 0ms | statement | connection 24| url jdbc:h2:mem:ad3a9e80-f26d-4a3e-9691-17f803db5723
call next value for hibernate_sequence
call next value for hibernate_sequence;
2022-10-10 14:33:47.240  INFO 4460 --- [    Test worker] p6spy                                    : #1665380027240 | took 0ms | statement | connection 24| url jdbc:h2:mem:ad3a9e80-f26d-4a3e-9691-17f803db5723
call next value for hibernate_sequence
call next value for hibernate_sequence;
2022-10-10 14:33:47.240  INFO 4460 --- [    Test worker] p6spy                                    : #1665380027240 | took 0ms | statement | connection 24| url jdbc:h2:mem:ad3a9e80-f26d-4a3e-9691-17f803db5723
call next value for hibernate_sequence
call next value for hibernate_sequence;
2022-10-10 14:33:47.240  INFO 4460 --- [    Test worker] c.j.r.FavoriteSpotQueryRepositoryTest    : favoriteSpot = FavoriteSpot(id=390, count=0)
2022-10-10 14:33:47.240  INFO 4460 --- [    Test worker] c.j.r.FavoriteSpotQueryRepositoryTest    : Spot = capstone.jejuTourrecommend.domain.Spot@7c550d44
2022-10-10 14:33:47.240  INFO 4460 --- [    Test worker] p6spy                                    : #1665380027240 | took 0ms | statement | connection 24| url jdbc:h2:mem:ad3a9e80-f26d-4a3e-9691-17f803db5723
call next value for hibernate_sequence
call next value for hibernate_sequence;
2022-10-10 14:33:47.240  INFO 4460 --- [    Test worker] p6spy                                    : #1665380027240 | took 0ms | statement | connection 24| url jdbc:h2:mem:ad3a9e80-f26d-4a3e-9691-17f803db5723
call next value for hibernate_sequence
call next value for hibernate_sequence;
2022-10-10 14:33:47.240  INFO 4460 --- [    Test worker] p6spy                                    : #1665380027240 | took 0ms | statement | connection 24| url jdbc:h2:mem:ad3a9e80-f26d-4a3e-9691-17f803db5723
call next value for hibernate_sequence
call next value for hibernate_sequence;
2022-10-10 14:33:47.240  INFO 4460 --- [    Test worker] p6spy                                    : #1665380027240 | took 0ms | statement | connection 24| url jdbc:h2:mem:ad3a9e80-f26d-4a3e-9691-17f803db5723
call next value for hibernate_sequence
call next value for hibernate_sequence;
2022-10-10 14:33:47.240  INFO 4460 --- [    Test worker] p6spy                                    : #1665380027240 | took 0ms | statement | connection 24| url jdbc:h2:mem:ad3a9e80-f26d-4a3e-9691-17f803db5723
call next value for hibernate_sequence
call next value for hibernate_sequence;
2022-10-10 14:33:47.240  INFO 4460 --- [    Test worker] p6spy                                    : #1665380027240 | took 0ms | statement | connection 24| url jdbc:h2:mem:ad3a9e80-f26d-4a3e-9691-17f803db5723
call next value for hibernate_sequence
call next value for hibernate_sequence;
2022-10-10 14:33:47.240  INFO 4460 --- [    Test worker] p6spy                                    : #1665380027240 | took 0ms | statement | connection 24| url jdbc:h2:mem:ad3a9e80-f26d-4a3e-9691-17f803db5723
call next value for hibernate_sequence
call next value for hibernate_sequence;
2022-10-10 14:33:47.240  INFO 4460 --- [    Test worker] p6spy                                    : #1665380027240 | took 0ms | statement | connection 24| url jdbc:h2:mem:ad3a9e80-f26d-4a3e-9691-17f803db5723
call next value for hibernate_sequence
call next value for hibernate_sequence;
2022-10-10 14:33:47.240  INFO 4460 --- [    Test worker] c.j.r.FavoriteSpotQueryRepositoryTest    : favoriteSpot = FavoriteSpot(id=391, count=0)
2022-10-10 14:33:47.240  INFO 4460 --- [    Test worker] c.j.r.FavoriteSpotQueryRepositoryTest    : Spot = capstone.jejuTourrecommend.domain.Spot@7adcaa6b
2022-10-10 14:33:47.240  INFO 4460 --- [    Test worker] p6spy                                    : #1665380027240 | took 0ms | statement | connection 24| url jdbc:h2:mem:ad3a9e80-f26d-4a3e-9691-17f803db5723
call next value for hibernate_sequence
call next value for hibernate_sequence;
2022-10-10 14:33:47.240  INFO 4460 --- [    Test worker] p6spy                                    : #1665380027240 | took 0ms | statement | connection 24| url jdbc:h2:mem:ad3a9e80-f26d-4a3e-9691-17f803db5723
call next value for hibernate_sequence
call next value for hibernate_sequence;
2022-10-10 14:33:47.240  INFO 4460 --- [    Test worker] p6spy                                    : #1665380027240 | took 0ms | statement | connection 24| url jdbc:h2:mem:ad3a9e80-f26d-4a3e-9691-17f803db5723
call next value for hibernate_sequence
call next value for hibernate_sequence;
2022-10-10 14:33:47.240  INFO 4460 --- [    Test worker] p6spy                                    : #1665380027240 | took 0ms | statement | connection 24| url jdbc:h2:mem:ad3a9e80-f26d-4a3e-9691-17f803db5723
call next value for hibernate_sequence
call next value for hibernate_sequence;
2022-10-10 14:33:47.240  INFO 4460 --- [    Test worker] p6spy                                    : #1665380027240 | took 0ms | statement | connection 24| url jdbc:h2:mem:ad3a9e80-f26d-4a3e-9691-17f803db5723
call next value for hibernate_sequence
call next value for hibernate_sequence;
2022-10-10 14:33:47.240  INFO 4460 --- [    Test worker] p6spy                                    : #1665380027240 | took 0ms | statement | connection 24| url jdbc:h2:mem:ad3a9e80-f26d-4a3e-9691-17f803db5723
call next value for hibernate_sequence
call next value for hibernate_sequence;
2022-10-10 14:33:47.241  INFO 4460 --- [    Test worker] p6spy                                    : #1665380027241 | took 0ms | statement | connection 24| url jdbc:h2:mem:ad3a9e80-f26d-4a3e-9691-17f803db5723
call next value for hibernate_sequence
call next value for hibernate_sequence;
2022-10-10 14:33:47.241  INFO 4460 --- [    Test worker] p6spy                                    : #1665380027241 | took 0ms | statement | connection 24| url jdbc:h2:mem:ad3a9e80-f26d-4a3e-9691-17f803db5723
call next value for hibernate_sequence
call next value for hibernate_sequence;
2022-10-10 14:33:47.241  INFO 4460 --- [    Test worker] c.j.r.FavoriteSpotQueryRepositoryTest    : favoriteSpot = FavoriteSpot(id=392, count=0)
2022-10-10 14:33:47.241  INFO 4460 --- [    Test worker] c.j.r.FavoriteSpotQueryRepositoryTest    : Spot = capstone.jejuTourrecommend.domain.Spot@2e2a1bdc
2022-10-10 14:33:47.241  INFO 4460 --- [    Test worker] p6spy                                    : #1665380027241 | took 0ms | statement | connection 24| url jdbc:h2:mem:ad3a9e80-f26d-4a3e-9691-17f803db5723
call next value for hibernate_sequence
call next value for hibernate_sequence;
2022-10-10 14:33:47.241  INFO 4460 --- [    Test worker] p6spy                                    : #1665380027241 | took 0ms | statement | connection 24| url jdbc:h2:mem:ad3a9e80-f26d-4a3e-9691-17f803db5723
call next value for hibernate_sequence
call next value for hibernate_sequence;
2022-10-10 14:33:47.241  INFO 4460 --- [    Test worker] p6spy                                    : #1665380027241 | took 0ms | statement | connection 24| url jdbc:h2:mem:ad3a9e80-f26d-4a3e-9691-17f803db5723
call next value for hibernate_sequence
call next value for hibernate_sequence;
2022-10-10 14:33:47.241  INFO 4460 --- [    Test worker] p6spy                                    : #1665380027241 | took 0ms | statement | connection 24| url jdbc:h2:mem:ad3a9e80-f26d-4a3e-9691-17f803db5723
call next value for hibernate_sequence
call next value for hibernate_sequence;
2022-10-10 14:33:47.241  INFO 4460 --- [    Test worker] p6spy                                    : #1665380027241 | took 0ms | statement | connection 24| url jdbc:h2:mem:ad3a9e80-f26d-4a3e-9691-17f803db5723
call next value for hibernate_sequence
call next value for hibernate_sequence;
2022-10-10 14:33:47.241  INFO 4460 --- [    Test worker] p6spy                                    : #1665380027241 | took 0ms | statement | connection 24| url jdbc:h2:mem:ad3a9e80-f26d-4a3e-9691-17f803db5723
call next value for hibernate_sequence
call next value for hibernate_sequence;
2022-10-10 14:33:47.241  INFO 4460 --- [    Test worker] p6spy                                    : #1665380027241 | took 0ms | statement | connection 24| url jdbc:h2:mem:ad3a9e80-f26d-4a3e-9691-17f803db5723
call next value for hibernate_sequence
call next value for hibernate_sequence;
2022-10-10 14:33:47.241  INFO 4460 --- [    Test worker] p6spy                                    : #1665380027241 | took 0ms | statement | connection 24| url jdbc:h2:mem:ad3a9e80-f26d-4a3e-9691-17f803db5723
call next value for hibernate_sequence
call next value for hibernate_sequence;
2022-10-10 14:33:47.241  INFO 4460 --- [    Test worker] c.j.r.FavoriteSpotQueryRepositoryTest    : favoriteSpot = FavoriteSpot(id=393, count=0)
2022-10-10 14:33:47.241  INFO 4460 --- [    Test worker] c.j.r.FavoriteSpotQueryRepositoryTest    : Spot = capstone.jejuTourrecommend.domain.Spot@1c8a47f3
2022-10-10 14:33:47.241  INFO 4460 --- [    Test worker] p6spy                                    : #1665380027241 | took 0ms | statement | connection 24| url jdbc:h2:mem:ad3a9e80-f26d-4a3e-9691-17f803db5723
call next value for hibernate_sequence
call next value for hibernate_sequence;
2022-10-10 14:33:47.241  INFO 4460 --- [    Test worker] p6spy                                    : #1665380027241 | took 0ms | statement | connection 24| url jdbc:h2:mem:ad3a9e80-f26d-4a3e-9691-17f803db5723
call next value for hibernate_sequence
call next value for hibernate_sequence;
2022-10-10 14:33:47.241  INFO 4460 --- [    Test worker] p6spy                                    : #1665380027241 | took 0ms | statement | connection 24| url jdbc:h2:mem:ad3a9e80-f26d-4a3e-9691-17f803db5723
call next value for hibernate_sequence
call next value for hibernate_sequence;
2022-10-10 14:33:47.241  INFO 4460 --- [    Test worker] p6spy                                    : #1665380027241 | took 0ms | statement | connection 24| url jdbc:h2:mem:ad3a9e80-f26d-4a3e-9691-17f803db5723
call next value for hibernate_sequence
call next value for hibernate_sequence;
2022-10-10 14:33:47.241  INFO 4460 --- [    Test worker] p6spy                                    : #1665380027241 | took 0ms | statement | connection 24| url jdbc:h2:mem:ad3a9e80-f26d-4a3e-9691-17f803db5723
call next value for hibernate_sequence
call next value for hibernate_sequence;
2022-10-10 14:33:47.241  INFO 4460 --- [    Test worker] p6spy                                    : #1665380027241 | took 0ms | statement | connection 24| url jdbc:h2:mem:ad3a9e80-f26d-4a3e-9691-17f803db5723
call next value for hibernate_sequence
call next value for hibernate_sequence;
2022-10-10 14:33:47.241  INFO 4460 --- [    Test worker] p6spy                                    : #1665380027241 | took 0ms | statement | connection 24| url jdbc:h2:mem:ad3a9e80-f26d-4a3e-9691-17f803db5723
call next value for hibernate_sequence
call next value for hibernate_sequence;
2022-10-10 14:33:47.241  INFO 4460 --- [    Test worker] p6spy                                    : #1665380027241 | took 0ms | statement | connection 24| url jdbc:h2:mem:ad3a9e80-f26d-4a3e-9691-17f803db5723
call next value for hibernate_sequence
call next value for hibernate_sequence;
2022-10-10 14:33:47.241  INFO 4460 --- [    Test worker] c.j.r.FavoriteSpotQueryRepositoryTest    : favoriteSpot = FavoriteSpot(id=394, count=0)
2022-10-10 14:33:47.241  INFO 4460 --- [    Test worker] c.j.r.FavoriteSpotQueryRepositoryTest    : Spot = capstone.jejuTourrecommend.domain.Spot@4ba51370
2022-10-10 14:33:47.241  INFO 4460 --- [    Test worker] p6spy                                    : #1665380027241 | took 0ms | statement | connection 24| url jdbc:h2:mem:ad3a9e80-f26d-4a3e-9691-17f803db5723
call next value for hibernate_sequence
call next value for hibernate_sequence;
2022-10-10 14:33:47.241  INFO 4460 --- [    Test worker] p6spy                                    : #1665380027241 | took 0ms | statement | connection 24| url jdbc:h2:mem:ad3a9e80-f26d-4a3e-9691-17f803db5723
call next value for hibernate_sequence
call next value for hibernate_sequence;
2022-10-10 14:33:47.241  INFO 4460 --- [    Test worker] p6spy                                    : #1665380027241 | took 0ms | statement | connection 24| url jdbc:h2:mem:ad3a9e80-f26d-4a3e-9691-17f803db5723
call next value for hibernate_sequence
call next value for hibernate_sequence;
2022-10-10 14:33:47.241  INFO 4460 --- [    Test worker] p6spy                                    : #1665380027241 | took 0ms | statement | connection 24| url jdbc:h2:mem:ad3a9e80-f26d-4a3e-9691-17f803db5723
call next value for hibernate_sequence
call next value for hibernate_sequence;
2022-10-10 14:33:47.241  INFO 4460 --- [    Test worker] p6spy                                    : #1665380027241 | took 0ms | statement | connection 24| url jdbc:h2:mem:ad3a9e80-f26d-4a3e-9691-17f803db5723
call next value for review_seq
call next value for review_seq;
2022-10-10 14:33:47.241  INFO 4460 --- [    Test worker] p6spy                                    : #1665380027241 | took 0ms | statement | connection 24| url jdbc:h2:mem:ad3a9e80-f26d-4a3e-9691-17f803db5723
call next value for hibernate_sequence
call next value for hibernate_sequence;
2022-10-10 14:33:47.241  INFO 4460 --- [    Test worker] p6spy                                    : #1665380027241 | took 0ms | statement | connection 24| url jdbc:h2:mem:ad3a9e80-f26d-4a3e-9691-17f803db5723
call next value for hibernate_sequence
call next value for hibernate_sequence;
2022-10-10 14:33:47.241  INFO 4460 --- [    Test worker] p6spy                                    : #1665380027241 | took 0ms | statement | connection 24| url jdbc:h2:mem:ad3a9e80-f26d-4a3e-9691-17f803db5723
call next value for hibernate_sequence
call next value for hibernate_sequence;
2022-10-10 14:33:47.241  INFO 4460 --- [    Test worker] p6spy                                    : #1665380027241 | took 0ms | statement | connection 24| url jdbc:h2:mem:ad3a9e80-f26d-4a3e-9691-17f803db5723
call next value for hibernate_sequence
call next value for hibernate_sequence;
2022-10-10 14:33:47.241  INFO 4460 --- [    Test worker] c.j.r.FavoriteSpotQueryRepositoryTest    : favoriteSpot = FavoriteSpot(id=395, count=0)
2022-10-10 14:33:47.241  INFO 4460 --- [    Test worker] c.j.r.FavoriteSpotQueryRepositoryTest    : Spot = capstone.jejuTourrecommend.domain.Spot@5d7538af
2022-10-10 14:33:47.241  INFO 4460 --- [    Test worker] p6spy                                    : #1665380027241 | took 0ms | statement | connection 24| url jdbc:h2:mem:ad3a9e80-f26d-4a3e-9691-17f803db5723
call next value for score_seq
call next value for score_seq;
2022-10-10 14:33:47.241  INFO 4460 --- [    Test worker] p6spy                                    : #1665380027241 | took 0ms | statement | connection 24| url jdbc:h2:mem:ad3a9e80-f26d-4a3e-9691-17f803db5723
call next value for hibernate_sequence
call next value for hibernate_sequence;
2022-10-10 14:33:47.241  INFO 4460 --- [    Test worker] p6spy                                    : #1665380027241 | took 0ms | statement | connection 24| url jdbc:h2:mem:ad3a9e80-f26d-4a3e-9691-17f803db5723
call next value for hibernate_sequence
call next value for hibernate_sequence;
2022-10-10 14:33:47.242  INFO 4460 --- [    Test worker] p6spy                                    : #1665380027242 | took 0ms | statement | connection 24| url jdbc:h2:mem:ad3a9e80-f26d-4a3e-9691-17f803db5723
call next value for hibernate_sequence
call next value for hibernate_sequence;
2022-10-10 14:33:47.242  INFO 4460 --- [    Test worker] p6spy                                    : #1665380027242 | took 0ms | statement | connection 24| url jdbc:h2:mem:ad3a9e80-f26d-4a3e-9691-17f803db5723
call next value for hibernate_sequence
call next value for hibernate_sequence;
2022-10-10 14:33:47.242  INFO 4460 --- [    Test worker] p6spy                                    : #1665380027242 | took 0ms | statement | connection 24| url jdbc:h2:mem:ad3a9e80-f26d-4a3e-9691-17f803db5723
call next value for hibernate_sequence
call next value for hibernate_sequence;
2022-10-10 14:33:47.242  INFO 4460 --- [    Test worker] p6spy                                    : #1665380027242 | took 0ms | statement | connection 24| url jdbc:h2:mem:ad3a9e80-f26d-4a3e-9691-17f803db5723
call next value for hibernate_sequence
call next value for hibernate_sequence;
2022-10-10 14:33:47.242  INFO 4460 --- [    Test worker] p6spy                                    : #1665380027242 | took 0ms | statement | connection 24| url jdbc:h2:mem:ad3a9e80-f26d-4a3e-9691-17f803db5723
call next value for hibernate_sequence
call next value for hibernate_sequence;
2022-10-10 14:33:47.242  INFO 4460 --- [    Test worker] p6spy                                    : #1665380027242 | took 0ms | statement | connection 24| url jdbc:h2:mem:ad3a9e80-f26d-4a3e-9691-17f803db5723
call next value for hibernate_sequence
call next value for hibernate_sequence;
2022-10-10 14:33:47.242  INFO 4460 --- [    Test worker] c.j.r.FavoriteSpotQueryRepositoryTest    : favoriteSpot = FavoriteSpot(id=396, count=0)
2022-10-10 14:33:47.242  INFO 4460 --- [    Test worker] c.j.r.FavoriteSpotQueryRepositoryTest    : Spot = capstone.jejuTourrecommend.domain.Spot@114b23ad
2022-10-10 14:33:47.242  INFO 4460 --- [    Test worker] p6spy                                    : #1665380027242 | took 0ms | statement | connection 24| url jdbc:h2:mem:ad3a9e80-f26d-4a3e-9691-17f803db5723
call next value for hibernate_sequence
call next value for hibernate_sequence;
2022-10-10 14:33:47.242  INFO 4460 --- [    Test worker] p6spy                                    : #1665380027242 | took 0ms | statement | connection 24| url jdbc:h2:mem:ad3a9e80-f26d-4a3e-9691-17f803db5723
call next value for hibernate_sequence
call next value for hibernate_sequence;
2022-10-10 14:33:47.242  INFO 4460 --- [    Test worker] p6spy                                    : #1665380027242 | took 0ms | statement | connection 24| url jdbc:h2:mem:ad3a9e80-f26d-4a3e-9691-17f803db5723
call next value for hibernate_sequence
call next value for hibernate_sequence;
2022-10-10 14:33:47.242  INFO 4460 --- [    Test worker] p6spy                                    : #1665380027242 | took 0ms | statement | connection 24| url jdbc:h2:mem:ad3a9e80-f26d-4a3e-9691-17f803db5723
call next value for hibernate_sequence
call next value for hibernate_sequence;
2022-10-10 14:33:47.242  INFO 4460 --- [    Test worker] p6spy                                    : #1665380027242 | took 0ms | statement | connection 24| url jdbc:h2:mem:ad3a9e80-f26d-4a3e-9691-17f803db5723
call next value for hibernate_sequence
call next value for hibernate_sequence;
2022-10-10 14:33:47.242  INFO 4460 --- [    Test worker] p6spy                                    : #1665380027242 | took 0ms | statement | connection 24| url jdbc:h2:mem:ad3a9e80-f26d-4a3e-9691-17f803db5723
call next value for hibernate_sequence
call next value for hibernate_sequence;
2022-10-10 14:33:47.242  INFO 4460 --- [    Test worker] p6spy                                    : #1665380027242 | took 0ms | statement | connection 24| url jdbc:h2:mem:ad3a9e80-f26d-4a3e-9691-17f803db5723
call next value for hibernate_sequence
call next value for hibernate_sequence;
2022-10-10 14:33:47.242  INFO 4460 --- [    Test worker] p6spy                                    : #1665380027242 | took 0ms | statement | connection 24| url jdbc:h2:mem:ad3a9e80-f26d-4a3e-9691-17f803db5723
call next value for hibernate_sequence
call next value for hibernate_sequence;
2022-10-10 14:33:47.242  INFO 4460 --- [    Test worker] c.j.r.FavoriteSpotQueryRepositoryTest    : favoriteSpot = FavoriteSpot(id=397, count=0)
2022-10-10 14:33:47.242  INFO 4460 --- [    Test worker] c.j.r.FavoriteSpotQueryRepositoryTest    : Spot = capstone.jejuTourrecommend.domain.Spot@617fea5b
2022-10-10 14:33:47.242  INFO 4460 --- [    Test worker] p6spy                                    : #1665380027242 | took 0ms | statement | connection 24| url jdbc:h2:mem:ad3a9e80-f26d-4a3e-9691-17f803db5723
call next value for hibernate_sequence
call next value for hibernate_sequence;
2022-10-10 14:33:47.242  INFO 4460 --- [    Test worker] p6spy                                    : #1665380027242 | took 0ms | statement | connection 24| url jdbc:h2:mem:ad3a9e80-f26d-4a3e-9691-17f803db5723
call next value for hibernate_sequence
call next value for hibernate_sequence;
2022-10-10 14:33:47.242  INFO 4460 --- [    Test worker] p6spy                                    : #1665380027242 | took 0ms | statement | connection 24| url jdbc:h2:mem:ad3a9e80-f26d-4a3e-9691-17f803db5723
call next value for hibernate_sequence
call next value for hibernate_sequence;
2022-10-10 14:33:47.242  INFO 4460 --- [    Test worker] p6spy                                    : #1665380027242 | took 0ms | statement | connection 24| url jdbc:h2:mem:ad3a9e80-f26d-4a3e-9691-17f803db5723
call next value for hibernate_sequence
call next value for hibernate_sequence;
2022-10-10 14:33:47.242  INFO 4460 --- [    Test worker] p6spy                                    : #1665380027242 | took 0ms | statement | connection 24| url jdbc:h2:mem:ad3a9e80-f26d-4a3e-9691-17f803db5723
call next value for hibernate_sequence
call next value for hibernate_sequence;
2022-10-10 14:33:47.242  INFO 4460 --- [    Test worker] p6spy                                    : #1665380027242 | took 0ms | statement | connection 24| url jdbc:h2:mem:ad3a9e80-f26d-4a3e-9691-17f803db5723
call next value for hibernate_sequence
call next value for hibernate_sequence;
2022-10-10 14:33:47.242  INFO 4460 --- [    Test worker] p6spy                                    : #1665380027242 | took 0ms | statement | connection 24| url jdbc:h2:mem:ad3a9e80-f26d-4a3e-9691-17f803db5723
call next value for hibernate_sequence
call next value for hibernate_sequence;
2022-10-10 14:33:47.242  INFO 4460 --- [    Test worker] p6spy                                    : #1665380027242 | took 0ms | statement | connection 24| url jdbc:h2:mem:ad3a9e80-f26d-4a3e-9691-17f803db5723
call next value for hibernate_sequence
call next value for hibernate_sequence;
2022-10-10 14:33:47.242  INFO 4460 --- [    Test worker] c.j.r.FavoriteSpotQueryRepositoryTest    : favoriteSpot = FavoriteSpot(id=398, count=0)
2022-10-10 14:33:47.242  INFO 4460 --- [    Test worker] c.j.r.FavoriteSpotQueryRepositoryTest    : Spot = capstone.jejuTourrecommend.domain.Spot@2561aada
2022-10-10 14:33:47.242  INFO 4460 --- [    Test worker] p6spy                                    : #1665380027242 | took 0ms | statement | connection 24| url jdbc:h2:mem:ad3a9e80-f26d-4a3e-9691-17f803db5723
call next value for hibernate_sequence
call next value for hibernate_sequence;
2022-10-10 14:33:47.242  INFO 4460 --- [    Test worker] p6spy                                    : #1665380027242 | took 0ms | statement | connection 24| url jdbc:h2:mem:ad3a9e80-f26d-4a3e-9691-17f803db5723
call next value for hibernate_sequence
call next value for hibernate_sequence;
2022-10-10 14:33:47.242  INFO 4460 --- [    Test worker] p6spy                                    : #1665380027242 | took 0ms | statement | connection 24| url jdbc:h2:mem:ad3a9e80-f26d-4a3e-9691-17f803db5723
call next value for hibernate_sequence
call next value for hibernate_sequence;
2022-10-10 14:33:47.242  INFO 4460 --- [    Test worker] p6spy                                    : #1665380027242 | took 0ms | statement | connection 24| url jdbc:h2:mem:ad3a9e80-f26d-4a3e-9691-17f803db5723
call next value for hibernate_sequence
call next value for hibernate_sequence;
2022-10-10 14:33:47.242  INFO 4460 --- [    Test worker] p6spy                                    : #1665380027242 | took 0ms | statement | connection 24| url jdbc:h2:mem:ad3a9e80-f26d-4a3e-9691-17f803db5723
call next value for hibernate_sequence
call next value for hibernate_sequence;
2022-10-10 14:33:47.242  INFO 4460 --- [    Test worker] p6spy                                    : #1665380027242 | took 0ms | statement | connection 24| url jdbc:h2:mem:ad3a9e80-f26d-4a3e-9691-17f803db5723
call next value for hibernate_sequence
call next value for hibernate_sequence;
2022-10-10 14:33:47.243  INFO 4460 --- [    Test worker] p6spy                                    : #1665380027243 | took 0ms | statement | connection 24| url jdbc:h2:mem:ad3a9e80-f26d-4a3e-9691-17f803db5723
call next value for hibernate_sequence
call next value for hibernate_sequence;
2022-10-10 14:33:47.243  INFO 4460 --- [    Test worker] p6spy                                    : #1665380027243 | took 0ms | statement | connection 24| url jdbc:h2:mem:ad3a9e80-f26d-4a3e-9691-17f803db5723
call next value for hibernate_sequence
call next value for hibernate_sequence;
2022-10-10 14:33:47.243  INFO 4460 --- [    Test worker] c.j.r.FavoriteSpotQueryRepositoryTest    : favoriteSpot = FavoriteSpot(id=399, count=0)
2022-10-10 14:33:47.243  INFO 4460 --- [    Test worker] c.j.r.FavoriteSpotQueryRepositoryTest    : Spot = capstone.jejuTourrecommend.domain.Spot@3ad526ca
2022-10-10 14:33:47.243  INFO 4460 --- [    Test worker] p6spy                                    : #1665380027243 | took 0ms | statement | connection 24| url jdbc:h2:mem:ad3a9e80-f26d-4a3e-9691-17f803db5723
call next value for hibernate_sequence
call next value for hibernate_sequence;
2022-10-10 14:33:47.243  INFO 4460 --- [    Test worker] p6spy                                    : #1665380027243 | took 0ms | statement | connection 24| url jdbc:h2:mem:ad3a9e80-f26d-4a3e-9691-17f803db5723
call next value for hibernate_sequence
call next value for hibernate_sequence;
2022-10-10 14:33:47.243  INFO 4460 --- [    Test worker] p6spy                                    : #1665380027243 | took 0ms | statement | connection 24| url jdbc:h2:mem:ad3a9e80-f26d-4a3e-9691-17f803db5723
call next value for hibernate_sequence
call next value for hibernate_sequence;
2022-10-10 14:33:47.243  INFO 4460 --- [    Test worker] p6spy                                    : #1665380027243 | took 0ms | statement | connection 24| url jdbc:h2:mem:ad3a9e80-f26d-4a3e-9691-17f803db5723
call next value for hibernate_sequence
call next value for hibernate_sequence;
2022-10-10 14:33:47.243  INFO 4460 --- [    Test worker] p6spy                                    : #1665380027243 | took 0ms | statement | connection 24| url jdbc:h2:mem:ad3a9e80-f26d-4a3e-9691-17f803db5723
call next value for hibernate_sequence
call next value for hibernate_sequence;
2022-10-10 14:33:47.243  INFO 4460 --- [    Test worker] p6spy                                    : #1665380027243 | took 0ms | statement | connection 24| url jdbc:h2:mem:ad3a9e80-f26d-4a3e-9691-17f803db5723
call next value for hibernate_sequence
call next value for hibernate_sequence;
2022-10-10 14:33:47.243  INFO 4460 --- [    Test worker] p6spy                                    : #1665380027243 | took 0ms | statement | connection 24| url jdbc:h2:mem:ad3a9e80-f26d-4a3e-9691-17f803db5723
call next value for hibernate_sequence
call next value for hibernate_sequence;
2022-10-10 14:33:47.243  INFO 4460 --- [    Test worker] p6spy                                    : #1665380027243 | took 0ms | statement | connection 24| url jdbc:h2:mem:ad3a9e80-f26d-4a3e-9691-17f803db5723
call next value for hibernate_sequence
call next value for hibernate_sequence;
2022-10-10 14:33:47.243  INFO 4460 --- [    Test worker] c.j.r.FavoriteSpotQueryRepositoryTest    : favoriteSpot = FavoriteSpot(id=400, count=0)
2022-10-10 14:33:47.243  INFO 4460 --- [    Test worker] c.j.r.FavoriteSpotQueryRepositoryTest    : Spot = capstone.jejuTourrecommend.domain.Spot@237d6031
2022-10-10 14:33:47.243  INFO 4460 --- [    Test worker] p6spy                                    : #1665380027243 | took 0ms | statement | connection 24| url jdbc:h2:mem:ad3a9e80-f26d-4a3e-9691-17f803db5723
call next value for hibernate_sequence
call next value for hibernate_sequence;
2022-10-10 14:33:47.243  INFO 4460 --- [    Test worker] p6spy                                    : #1665380027243 | took 0ms | statement | connection 24| url jdbc:h2:mem:ad3a9e80-f26d-4a3e-9691-17f803db5723
call next value for hibernate_sequence
call next value for hibernate_sequence;
2022-10-10 14:33:47.243  INFO 4460 --- [    Test worker] p6spy                                    : #1665380027243 | took 0ms | statement | connection 24| url jdbc:h2:mem:ad3a9e80-f26d-4a3e-9691-17f803db5723
call next value for hibernate_sequence
call next value for hibernate_sequence;
2022-10-10 14:33:47.243  INFO 4460 --- [    Test worker] p6spy                                    : #1665380027243 | took 0ms | statement | connection 24| url jdbc:h2:mem:ad3a9e80-f26d-4a3e-9691-17f803db5723
call next value for hibernate_sequence
call next value for hibernate_sequence;
2022-10-10 14:33:47.243  INFO 4460 --- [    Test worker] p6spy                                    : #1665380027243 | took 0ms | statement | connection 24| url jdbc:h2:mem:ad3a9e80-f26d-4a3e-9691-17f803db5723
call next value for hibernate_sequence
call next value for hibernate_sequence;
2022-10-10 14:33:47.243  INFO 4460 --- [    Test worker] p6spy                                    : #1665380027243 | took 0ms | statement | connection 24| url jdbc:h2:mem:ad3a9e80-f26d-4a3e-9691-17f803db5723
call next value for hibernate_sequence
call next value for hibernate_sequence;
2022-10-10 14:33:47.243  INFO 4460 --- [    Test worker] p6spy                                    : #1665380027243 | took 0ms | statement | connection 24| url jdbc:h2:mem:ad3a9e80-f26d-4a3e-9691-17f803db5723
call next value for hibernate_sequence
call next value for hibernate_sequence;
2022-10-10 14:33:47.243  INFO 4460 --- [    Test worker] p6spy                                    : #1665380027243 | took 0ms | statement | connection 24| url jdbc:h2:mem:ad3a9e80-f26d-4a3e-9691-17f803db5723
call next value for hibernate_sequence
call next value for hibernate_sequence;
2022-10-10 14:33:47.243  INFO 4460 --- [    Test worker] c.j.r.FavoriteSpotQueryRepositoryTest    : favoriteSpot = FavoriteSpot(id=401, count=0)
2022-10-10 14:33:47.243  INFO 4460 --- [    Test worker] c.j.r.FavoriteSpotQueryRepositoryTest    : Spot = capstone.jejuTourrecommend.domain.Spot@37859489
2022-10-10 14:33:47.243  INFO 4460 --- [    Test worker] p6spy                                    : #1665380027243 | took 0ms | statement | connection 24| url jdbc:h2:mem:ad3a9e80-f26d-4a3e-9691-17f803db5723
call next value for hibernate_sequence
call next value for hibernate_sequence;
2022-10-10 14:33:47.243  INFO 4460 --- [    Test worker] p6spy                                    : #1665380027243 | took 0ms | statement | connection 24| url jdbc:h2:mem:ad3a9e80-f26d-4a3e-9691-17f803db5723
call next value for hibernate_sequence
call next value for hibernate_sequence;
2022-10-10 14:33:47.243  INFO 4460 --- [    Test worker] p6spy                                    : #1665380027243 | took 0ms | statement | connection 24| url jdbc:h2:mem:ad3a9e80-f26d-4a3e-9691-17f803db5723
call next value for hibernate_sequence
call next value for hibernate_sequence;
2022-10-10 14:33:47.243  INFO 4460 --- [    Test worker] p6spy                                    : #1665380027243 | took 0ms | statement | connection 24| url jdbc:h2:mem:ad3a9e80-f26d-4a3e-9691-17f803db5723
call next value for hibernate_sequence
call next value for hibernate_sequence;
2022-10-10 14:33:47.243  INFO 4460 --- [    Test worker] p6spy                                    : #1665380027243 | took 0ms | statement | connection 24| url jdbc:h2:mem:ad3a9e80-f26d-4a3e-9691-17f803db5723
call next value for hibernate_sequence
call next value for hibernate_sequence;
2022-10-10 14:33:47.243  INFO 4460 --- [    Test worker] p6spy                                    : #1665380027243 | took 0ms | statement | connection 24| url jdbc:h2:mem:ad3a9e80-f26d-4a3e-9691-17f803db5723
call next value for hibernate_sequence
call next value for hibernate_sequence;
2022-10-10 14:33:47.243  INFO 4460 --- [    Test worker] p6spy                                    : #1665380027243 | took 0ms | statement | connection 24| url jdbc:h2:mem:ad3a9e80-f26d-4a3e-9691-17f803db5723
call next value for hibernate_sequence
call next value for hibernate_sequence;
2022-10-10 14:33:47.243  INFO 4460 --- [    Test worker] p6spy                                    : #1665380027243 | took 0ms | statement | connection 24| url jdbc:h2:mem:ad3a9e80-f26d-4a3e-9691-17f803db5723
call next value for hibernate_sequence
call next value for hibernate_sequence;
2022-10-10 14:33:47.243  INFO 4460 --- [    Test worker] p6spy                                    : #1665380027243 | took 0ms | statement | connection 24| url jdbc:h2:mem:ad3a9e80-f26d-4a3e-9691-17f803db5723
call next value for favoritespot_seq
call next value for favoritespot_seq;
2022-10-10 14:33:47.243  INFO 4460 --- [    Test worker] c.j.r.FavoriteSpotQueryRepositoryTest    : favoriteSpot = FavoriteSpot(id=402, count=0)
2022-10-10 14:33:47.244  INFO 4460 --- [    Test worker] c.j.r.FavoriteSpotQueryRepositoryTest    : Spot = capstone.jejuTourrecommend.domain.Spot@170a9ea7
2022-10-10 14:33:47.244  INFO 4460 --- [    Test worker] p6spy                                    : #1665380027244 | took 0ms | statement | connection 24| url jdbc:h2:mem:ad3a9e80-f26d-4a3e-9691-17f803db5723
call next value for hibernate_sequence
call next value for hibernate_sequence;
2022-10-10 14:33:47.244  INFO 4460 --- [    Test worker] p6spy                                    : #1665380027244 | took 0ms | statement | connection 24| url jdbc:h2:mem:ad3a9e80-f26d-4a3e-9691-17f803db5723
call next value for hibernate_sequence
call next value for hibernate_sequence;
2022-10-10 14:33:47.244  INFO 4460 --- [    Test worker] p6spy                                    : #1665380027244 | took 0ms | statement | connection 24| url jdbc:h2:mem:ad3a9e80-f26d-4a3e-9691-17f803db5723
call next value for hibernate_sequence
call next value for hibernate_sequence;
2022-10-10 14:33:47.244  INFO 4460 --- [    Test worker] p6spy                                    : #1665380027244 | took 0ms | statement | connection 24| url jdbc:h2:mem:ad3a9e80-f26d-4a3e-9691-17f803db5723
call next value for hibernate_sequence
call next value for hibernate_sequence;
2022-10-10 14:33:47.244  INFO 4460 --- [    Test worker] p6spy                                    : #1665380027244 | took 0ms | statement | connection 24| url jdbc:h2:mem:ad3a9e80-f26d-4a3e-9691-17f803db5723
call next value for hibernate_sequence
call next value for hibernate_sequence;
2022-10-10 14:33:47.244  INFO 4460 --- [    Test worker] p6spy                                    : #1665380027244 | took 0ms | statement | connection 24| url jdbc:h2:mem:ad3a9e80-f26d-4a3e-9691-17f803db5723
call next value for hibernate_sequence
call next value for hibernate_sequence;
2022-10-10 14:33:47.244  INFO 4460 --- [    Test worker] p6spy                                    : #1665380027244 | took 0ms | statement | connection 24| url jdbc:h2:mem:ad3a9e80-f26d-4a3e-9691-17f803db5723
call next value for hibernate_sequence
call next value for hibernate_sequence;
2022-10-10 14:33:47.244  INFO 4460 --- [    Test worker] p6spy                                    : #1665380027244 | took 0ms | statement | connection 24| url jdbc:h2:mem:ad3a9e80-f26d-4a3e-9691-17f803db5723
call next value for hibernate_sequence
call next value for hibernate_sequence;
2022-10-10 14:33:47.244  INFO 4460 --- [    Test worker] c.j.r.FavoriteSpotQueryRepositoryTest    : favoriteSpot = FavoriteSpot(id=403, count=0)
2022-10-10 14:33:47.244  INFO 4460 --- [    Test worker] c.j.r.FavoriteSpotQueryRepositoryTest    : Spot = capstone.jejuTourrecommend.domain.Spot@5fbaeebe
2022-10-10 14:33:47.244  INFO 4460 --- [    Test worker] p6spy                                    : #1665380027244 | took 0ms | statement | connection 24| url jdbc:h2:mem:ad3a9e80-f26d-4a3e-9691-17f803db5723
call next value for hibernate_sequence
call next value for hibernate_sequence;
2022-10-10 14:33:47.244  INFO 4460 --- [    Test worker] p6spy                                    : #1665380027244 | took 0ms | statement | connection 24| url jdbc:h2:mem:ad3a9e80-f26d-4a3e-9691-17f803db5723
call next value for hibernate_sequence
call next value for hibernate_sequence;
2022-10-10 14:33:47.244  INFO 4460 --- [    Test worker] p6spy                                    : #1665380027244 | took 0ms | statement | connection 24| url jdbc:h2:mem:ad3a9e80-f26d-4a3e-9691-17f803db5723
call next value for hibernate_sequence
call next value for hibernate_sequence;
2022-10-10 14:33:47.244  INFO 4460 --- [    Test worker] p6spy                                    : #1665380027244 | took 0ms | statement | connection 24| url jdbc:h2:mem:ad3a9e80-f26d-4a3e-9691-17f803db5723
call next value for hibernate_sequence
call next value for hibernate_sequence;
2022-10-10 14:33:47.244  INFO 4460 --- [    Test worker] p6spy                                    : #1665380027244 | took 0ms | statement | connection 24| url jdbc:h2:mem:ad3a9e80-f26d-4a3e-9691-17f803db5723
call next value for hibernate_sequence
call next value for hibernate_sequence;
2022-10-10 14:33:47.244  INFO 4460 --- [    Test worker] p6spy                                    : #1665380027244 | took 0ms | statement | connection 24| url jdbc:h2:mem:ad3a9e80-f26d-4a3e-9691-17f803db5723
call next value for hibernate_sequence
call next value for hibernate_sequence;
2022-10-10 14:33:47.244  INFO 4460 --- [    Test worker] p6spy                                    : #1665380027244 | took 0ms | statement | connection 24| url jdbc:h2:mem:ad3a9e80-f26d-4a3e-9691-17f803db5723
call next value for hibernate_sequence
call next value for hibernate_sequence;
2022-10-10 14:33:47.244  INFO 4460 --- [    Test worker] p6spy                                    : #1665380027244 | took 0ms | statement | connection 24| url jdbc:h2:mem:ad3a9e80-f26d-4a3e-9691-17f803db5723
call next value for hibernate_sequence
call next value for hibernate_sequence;
2022-10-10 14:33:47.244  INFO 4460 --- [    Test worker] c.j.r.FavoriteSpotQueryRepositoryTest    : favoriteSpot = FavoriteSpot(id=404, count=0)
2022-10-10 14:33:47.244  INFO 4460 --- [    Test worker] c.j.r.FavoriteSpotQueryRepositoryTest    : Spot = capstone.jejuTourrecommend.domain.Spot@49454830
2022-10-10 14:33:47.244  INFO 4460 --- [    Test worker] p6spy                                    : #1665380027244 | took 0ms | statement | connection 24| url jdbc:h2:mem:ad3a9e80-f26d-4a3e-9691-17f803db5723
call next value for hibernate_sequence
call next value for hibernate_sequence;
2022-10-10 14:33:47.244  INFO 4460 --- [    Test worker] p6spy                                    : #1665380027244 | took 0ms | statement | connection 24| url jdbc:h2:mem:ad3a9e80-f26d-4a3e-9691-17f803db5723
call next value for hibernate_sequence
call next value for hibernate_sequence;
2022-10-10 14:33:47.244  INFO 4460 --- [    Test worker] p6spy                                    : #1665380027244 | took 0ms | statement | connection 24| url jdbc:h2:mem:ad3a9e80-f26d-4a3e-9691-17f803db5723
call next value for hibernate_sequence
call next value for hibernate_sequence;
2022-10-10 14:33:47.244  INFO 4460 --- [    Test worker] p6spy                                    : #1665380027244 | took 0ms | statement | connection 24| url jdbc:h2:mem:ad3a9e80-f26d-4a3e-9691-17f803db5723
call next value for hibernate_sequence
call next value for hibernate_sequence;
2022-10-10 14:33:47.244  INFO 4460 --- [    Test worker] p6spy                                    : #1665380027244 | took 0ms | statement | connection 24| url jdbc:h2:mem:ad3a9e80-f26d-4a3e-9691-17f803db5723
call next value for hibernate_sequence
call next value for hibernate_sequence;
2022-10-10 14:33:47.244  INFO 4460 --- [    Test worker] p6spy                                    : #1665380027244 | took 0ms | statement | connection 24| url jdbc:h2:mem:ad3a9e80-f26d-4a3e-9691-17f803db5723
call next value for hibernate_sequence
call next value for hibernate_sequence;
2022-10-10 14:33:47.244  INFO 4460 --- [    Test worker] p6spy                                    : #1665380027244 | took 0ms | statement | connection 24| url jdbc:h2:mem:ad3a9e80-f26d-4a3e-9691-17f803db5723
call next value for hibernate_sequence
call next value for hibernate_sequence;
2022-10-10 14:33:47.244  INFO 4460 --- [    Test worker] p6spy                                    : #1665380027244 | took 0ms | statement | connection 24| url jdbc:h2:mem:ad3a9e80-f26d-4a3e-9691-17f803db5723
call next value for hibernate_sequence
call next value for hibernate_sequence;
2022-10-10 14:33:47.244  INFO 4460 --- [    Test worker] c.j.r.FavoriteSpotQueryRepositoryTest    : favoriteSpot = FavoriteSpot(id=405, count=0)
2022-10-10 14:33:47.244  INFO 4460 --- [    Test worker] c.j.r.FavoriteSpotQueryRepositoryTest    : Spot = capstone.jejuTourrecommend.domain.Spot@6ef57cba
2022-10-10 14:33:47.244  INFO 4460 --- [    Test worker] p6spy                                    : #1665380027244 | took 0ms | statement | connection 24| url jdbc:h2:mem:ad3a9e80-f26d-4a3e-9691-17f803db5723
call next value for hibernate_sequence
call next value for hibernate_sequence;
2022-10-10 14:33:47.244  INFO 4460 --- [    Test worker] p6spy                                    : #1665380027244 | took 0ms | statement | connection 24| url jdbc:h2:mem:ad3a9e80-f26d-4a3e-9691-17f803db5723
call next value for hibernate_sequence
call next value for hibernate_sequence;
2022-10-10 14:33:47.244  INFO 4460 --- [    Test worker] p6spy                                    : #1665380027244 | took 0ms | statement | connection 24| url jdbc:h2:mem:ad3a9e80-f26d-4a3e-9691-17f803db5723
call next value for hibernate_sequence
call next value for hibernate_sequence;
2022-10-10 14:33:47.244  INFO 4460 --- [    Test worker] p6spy                                    : #1665380027244 | took 0ms | statement | connection 24| url jdbc:h2:mem:ad3a9e80-f26d-4a3e-9691-17f803db5723
call next value for hibernate_sequence
call next value for hibernate_sequence;
2022-10-10 14:33:47.244  INFO 4460 --- [    Test worker] p6spy                                    : #1665380027244 | took 0ms | statement | connection 24| url jdbc:h2:mem:ad3a9e80-f26d-4a3e-9691-17f803db5723
call next value for hibernate_sequence
call next value for hibernate_sequence;
2022-10-10 14:33:47.244  INFO 4460 --- [    Test worker] p6spy                                    : #1665380027244 | took 0ms | statement | connection 24| url jdbc:h2:mem:ad3a9e80-f26d-4a3e-9691-17f803db5723
call next value for hibernate_sequence
call next value for hibernate_sequence;
2022-10-10 14:33:47.244  INFO 4460 --- [    Test worker] p6spy                                    : #1665380027244 | took 0ms | statement | connection 24| url jdbc:h2:mem:ad3a9e80-f26d-4a3e-9691-17f803db5723
call next value for hibernate_sequence
call next value for hibernate_sequence;
2022-10-10 14:33:47.245  INFO 4460 --- [    Test worker] p6spy                                    : #1665380027245 | took 0ms | statement | connection 24| url jdbc:h2:mem:ad3a9e80-f26d-4a3e-9691-17f803db5723
call next value for hibernate_sequence
call next value for hibernate_sequence;
2022-10-10 14:33:47.245  INFO 4460 --- [    Test worker] c.j.r.FavoriteSpotQueryRepositoryTest    : favoriteSpot = FavoriteSpot(id=406, count=0)
2022-10-10 14:33:47.245  INFO 4460 --- [    Test worker] c.j.r.FavoriteSpotQueryRepositoryTest    : Spot = capstone.jejuTourrecommend.domain.Spot@68dbccfa
2022-10-10 14:33:47.245  INFO 4460 --- [    Test worker] p6spy                                    : #1665380027245 | took 0ms | statement | connection 24| url jdbc:h2:mem:ad3a9e80-f26d-4a3e-9691-17f803db5723
call next value for hibernate_sequence
call next value for hibernate_sequence;
2022-10-10 14:33:47.245  INFO 4460 --- [    Test worker] p6spy                                    : #1665380027245 | took 0ms | statement | connection 24| url jdbc:h2:mem:ad3a9e80-f26d-4a3e-9691-17f803db5723
call next value for hibernate_sequence
call next value for hibernate_sequence;
2022-10-10 14:33:47.245  INFO 4460 --- [    Test worker] p6spy                                    : #1665380027245 | took 0ms | statement | connection 24| url jdbc:h2:mem:ad3a9e80-f26d-4a3e-9691-17f803db5723
call next value for hibernate_sequence
call next value for hibernate_sequence;
2022-10-10 14:33:47.245  INFO 4460 --- [    Test worker] p6spy                                    : #1665380027245 | took 0ms | statement | connection 24| url jdbc:h2:mem:ad3a9e80-f26d-4a3e-9691-17f803db5723
call next value for hibernate_sequence
call next value for hibernate_sequence;
2022-10-10 14:33:47.245  INFO 4460 --- [    Test worker] p6spy                                    : #1665380027245 | took 0ms | statement | connection 24| url jdbc:h2:mem:ad3a9e80-f26d-4a3e-9691-17f803db5723
call next value for hibernate_sequence
call next value for hibernate_sequence;
2022-10-10 14:33:47.245  INFO 4460 --- [    Test worker] p6spy                                    : #1665380027245 | took 0ms | statement | connection 24| url jdbc:h2:mem:ad3a9e80-f26d-4a3e-9691-17f803db5723
call next value for hibernate_sequence
call next value for hibernate_sequence;
2022-10-10 14:33:47.245  INFO 4460 --- [    Test worker] p6spy                                    : #1665380027245 | took 0ms | statement | connection 24| url jdbc:h2:mem:ad3a9e80-f26d-4a3e-9691-17f803db5723
call next value for hibernate_sequence
call next value for hibernate_sequence;
2022-10-10 14:33:47.245  INFO 4460 --- [    Test worker] p6spy                                    : #1665380027245 | took 0ms | statement | connection 24| url jdbc:h2:mem:ad3a9e80-f26d-4a3e-9691-17f803db5723
call next value for hibernate_sequence
call next value for hibernate_sequence;
2022-10-10 14:33:47.245  INFO 4460 --- [    Test worker] c.j.r.FavoriteSpotQueryRepositoryTest    : favoriteSpot = FavoriteSpot(id=407, count=0)
2022-10-10 14:33:47.245  INFO 4460 --- [    Test worker] c.j.r.FavoriteSpotQueryRepositoryTest    : Spot = capstone.jejuTourrecommend.domain.Spot@626ca162
2022-10-10 14:33:47.245  INFO 4460 --- [    Test worker] p6spy                                    : #1665380027245 | took 0ms | statement | connection 24| url jdbc:h2:mem:ad3a9e80-f26d-4a3e-9691-17f803db5723
call next value for hibernate_sequence
call next value for hibernate_sequence;
2022-10-10 14:33:47.245  INFO 4460 --- [    Test worker] p6spy                                    : #1665380027245 | took 0ms | statement | connection 24| url jdbc:h2:mem:ad3a9e80-f26d-4a3e-9691-17f803db5723
call next value for hibernate_sequence
call next value for hibernate_sequence;
2022-10-10 14:33:47.245  INFO 4460 --- [    Test worker] p6spy                                    : #1665380027245 | took 0ms | statement | connection 24| url jdbc:h2:mem:ad3a9e80-f26d-4a3e-9691-17f803db5723
call next value for hibernate_sequence
call next value for hibernate_sequence;
2022-10-10 14:33:47.245  INFO 4460 --- [    Test worker] p6spy                                    : #1665380027245 | took 0ms | statement | connection 24| url jdbc:h2:mem:ad3a9e80-f26d-4a3e-9691-17f803db5723
call next value for hibernate_sequence
call next value for hibernate_sequence;
2022-10-10 14:33:47.245  INFO 4460 --- [    Test worker] p6spy                                    : #1665380027245 | took 0ms | statement | connection 24| url jdbc:h2:mem:ad3a9e80-f26d-4a3e-9691-17f803db5723
call next value for hibernate_sequence
call next value for hibernate_sequence;
2022-10-10 14:33:47.245  INFO 4460 --- [    Test worker] p6spy                                    : #1665380027245 | took 0ms | statement | connection 24| url jdbc:h2:mem:ad3a9e80-f26d-4a3e-9691-17f803db5723
call next value for hibernate_sequence
call next value for hibernate_sequence;
2022-10-10 14:33:47.245  INFO 4460 --- [    Test worker] p6spy                                    : #1665380027245 | took 0ms | statement | connection 24| url jdbc:h2:mem:ad3a9e80-f26d-4a3e-9691-17f803db5723
call next value for hibernate_sequence
call next value for hibernate_sequence;
2022-10-10 14:33:47.245  INFO 4460 --- [    Test worker] p6spy                                    : #1665380027245 | took 0ms | statement | connection 24| url jdbc:h2:mem:ad3a9e80-f26d-4a3e-9691-17f803db5723
call next value for hibernate_sequence
call next value for hibernate_sequence;
2022-10-10 14:33:47.245  INFO 4460 --- [    Test worker] c.j.r.FavoriteSpotQueryRepositoryTest    : favoriteSpot = FavoriteSpot(id=408, count=0)
2022-10-10 14:33:47.245  INFO 4460 --- [    Test worker] c.j.r.FavoriteSpotQueryRepositoryTest    : Spot = capstone.jejuTourrecommend.domain.Spot@6cede900
2022-10-10 14:33:47.245  INFO 4460 --- [    Test worker] p6spy                                    : #1665380027245 | took 0ms | statement | connection 24| url jdbc:h2:mem:ad3a9e80-f26d-4a3e-9691-17f803db5723
call next value for hibernate_sequence
call next value for hibernate_sequence;
2022-10-10 14:33:47.245  INFO 4460 --- [    Test worker] p6spy                                    : #1665380027245 | took 0ms | statement | connection 24| url jdbc:h2:mem:ad3a9e80-f26d-4a3e-9691-17f803db5723
call next value for hibernate_sequence
call next value for hibernate_sequence;
2022-10-10 14:33:47.245  INFO 4460 --- [    Test worker] p6spy                                    : #1665380027245 | took 0ms | statement | connection 24| url jdbc:h2:mem:ad3a9e80-f26d-4a3e-9691-17f803db5723
call next value for hibernate_sequence
call next value for hibernate_sequence;
2022-10-10 14:33:47.245  INFO 4460 --- [    Test worker] p6spy                                    : #1665380027245 | took 0ms | statement | connection 24| url jdbc:h2:mem:ad3a9e80-f26d-4a3e-9691-17f803db5723
call next value for hibernate_sequence
call next value for hibernate_sequence;
2022-10-10 14:33:47.245  INFO 4460 --- [    Test worker] p6spy                                    : #1665380027245 | took 0ms | statement | connection 24| url jdbc:h2:mem:ad3a9e80-f26d-4a3e-9691-17f803db5723
call next value for hibernate_sequence
call next value for hibernate_sequence;
2022-10-10 14:33:47.245  INFO 4460 --- [    Test worker] p6spy                                    : #1665380027245 | took 0ms | statement | connection 24| url jdbc:h2:mem:ad3a9e80-f26d-4a3e-9691-17f803db5723
call next value for hibernate_sequence
call next value for hibernate_sequence;
2022-10-10 14:33:47.245  INFO 4460 --- [    Test worker] p6spy                                    : #1665380027245 | took 0ms | statement | connection 24| url jdbc:h2:mem:ad3a9e80-f26d-4a3e-9691-17f803db5723
call next value for hibernate_sequence
call next value for hibernate_sequence;
2022-10-10 14:33:47.245  INFO 4460 --- [    Test worker] p6spy                                    : #1665380027245 | took 0ms | statement | connection 24| url jdbc:h2:mem:ad3a9e80-f26d-4a3e-9691-17f803db5723
call next value for hibernate_sequence
call next value for hibernate_sequence;
2022-10-10 14:33:47.246  INFO 4460 --- [    Test worker] c.j.r.FavoriteSpotQueryRepositoryTest    : favoriteSpot = FavoriteSpot(id=409, count=0)
2022-10-10 14:33:47.246  INFO 4460 --- [    Test worker] c.j.r.FavoriteSpotQueryRepositoryTest    : Spot = capstone.jejuTourrecommend.domain.Spot@6ce949b8
2022-10-10 14:33:47.246  INFO 4460 --- [    Test worker] p6spy                                    : #1665380027246 | took 0ms | statement | connection 24| url jdbc:h2:mem:ad3a9e80-f26d-4a3e-9691-17f803db5723
call next value for hibernate_sequence
call next value for hibernate_sequence;
2022-10-10 14:33:47.246  INFO 4460 --- [    Test worker] p6spy                                    : #1665380027246 | took 0ms | statement | connection 24| url jdbc:h2:mem:ad3a9e80-f26d-4a3e-9691-17f803db5723
call next value for hibernate_sequence
call next value for hibernate_sequence;
2022-10-10 14:33:47.246  INFO 4460 --- [    Test worker] p6spy                                    : #1665380027246 | took 0ms | statement | connection 24| url jdbc:h2:mem:ad3a9e80-f26d-4a3e-9691-17f803db5723
call next value for hibernate_sequence
call next value for hibernate_sequence;
2022-10-10 14:33:47.246  INFO 4460 --- [    Test worker] p6spy                                    : #1665380027246 | took 0ms | statement | connection 24| url jdbc:h2:mem:ad3a9e80-f26d-4a3e-9691-17f803db5723
call next value for hibernate_sequence
call next value for hibernate_sequence;
2022-10-10 14:33:47.246  INFO 4460 --- [    Test worker] p6spy                                    : #1665380027246 | took 0ms | statement | connection 24| url jdbc:h2:mem:ad3a9e80-f26d-4a3e-9691-17f803db5723
call next value for hibernate_sequence
call next value for hibernate_sequence;
2022-10-10 14:33:47.246  INFO 4460 --- [    Test worker] p6spy                                    : #1665380027246 | took 0ms | statement | connection 24| url jdbc:h2:mem:ad3a9e80-f26d-4a3e-9691-17f803db5723
call next value for hibernate_sequence
call next value for hibernate_sequence;
2022-10-10 14:33:47.246  INFO 4460 --- [    Test worker] p6spy                                    : #1665380027246 | took 0ms | statement | connection 24| url jdbc:h2:mem:ad3a9e80-f26d-4a3e-9691-17f803db5723
call next value for hibernate_sequence
call next value for hibernate_sequence;
2022-10-10 14:33:47.246  INFO 4460 --- [    Test worker] p6spy                                    : #1665380027246 | took 0ms | statement | connection 24| url jdbc:h2:mem:ad3a9e80-f26d-4a3e-9691-17f803db5723
call next value for hibernate_sequence
call next value for hibernate_sequence;
2022-10-10 14:33:47.246  INFO 4460 --- [    Test worker] c.j.r.FavoriteSpotQueryRepositoryTest    : favoriteSpot = FavoriteSpot(id=410, count=0)
2022-10-10 14:33:47.246  INFO 4460 --- [    Test worker] c.j.r.FavoriteSpotQueryRepositoryTest    : Spot = capstone.jejuTourrecommend.domain.Spot@4ebbee76
2022-10-10 14:33:47.246  INFO 4460 --- [    Test worker] p6spy                                    : #1665380027246 | took 0ms | statement | connection 24| url jdbc:h2:mem:ad3a9e80-f26d-4a3e-9691-17f803db5723
call next value for hibernate_sequence
call next value for hibernate_sequence;
2022-10-10 14:33:47.246  INFO 4460 --- [    Test worker] p6spy                                    : #1665380027246 | took 0ms | statement | connection 24| url jdbc:h2:mem:ad3a9e80-f26d-4a3e-9691-17f803db5723
call next value for hibernate_sequence
call next value for hibernate_sequence;
2022-10-10 14:33:47.246  INFO 4460 --- [    Test worker] p6spy                                    : #1665380027246 | took 0ms | statement | connection 24| url jdbc:h2:mem:ad3a9e80-f26d-4a3e-9691-17f803db5723
call next value for hibernate_sequence
call next value for hibernate_sequence;
2022-10-10 14:33:47.246  INFO 4460 --- [    Test worker] p6spy                                    : #1665380027246 | took 0ms | statement | connection 24| url jdbc:h2:mem:ad3a9e80-f26d-4a3e-9691-17f803db5723
call next value for hibernate_sequence
call next value for hibernate_sequence;
2022-10-10 14:33:47.246  INFO 4460 --- [    Test worker] p6spy                                    : #1665380027246 | took 0ms | statement | connection 24| url jdbc:h2:mem:ad3a9e80-f26d-4a3e-9691-17f803db5723
call next value for hibernate_sequence
call next value for hibernate_sequence;
2022-10-10 14:33:47.246  INFO 4460 --- [    Test worker] p6spy                                    : #1665380027246 | took 0ms | statement | connection 24| url jdbc:h2:mem:ad3a9e80-f26d-4a3e-9691-17f803db5723
call next value for hibernate_sequence
call next value for hibernate_sequence;
2022-10-10 14:33:47.246  INFO 4460 --- [    Test worker] p6spy                                    : #1665380027246 | took 0ms | statement | connection 24| url jdbc:h2:mem:ad3a9e80-f26d-4a3e-9691-17f803db5723
call next value for hibernate_sequence
call next value for hibernate_sequence;
2022-10-10 14:33:47.246  INFO 4460 --- [    Test worker] p6spy                                    : #1665380027246 | took 0ms | statement | connection 24| url jdbc:h2:mem:ad3a9e80-f26d-4a3e-9691-17f803db5723
call next value for hibernate_sequence
call next value for hibernate_sequence;
2022-10-10 14:33:47.246  INFO 4460 --- [    Test worker] c.j.r.FavoriteSpotQueryRepositoryTest    : favoriteSpot = FavoriteSpot(id=411, count=0)
2022-10-10 14:33:47.246  INFO 4460 --- [    Test worker] c.j.r.FavoriteSpotQueryRepositoryTest    : Spot = capstone.jejuTourrecommend.domain.Spot@6034ef16
2022-10-10 14:33:47.246  INFO 4460 --- [    Test worker] p6spy                                    : #1665380027246 | took 0ms | statement | connection 24| url jdbc:h2:mem:ad3a9e80-f26d-4a3e-9691-17f803db5723
call next value for hibernate_sequence
call next value for hibernate_sequence;
2022-10-10 14:33:47.246  INFO 4460 --- [    Test worker] p6spy                                    : #1665380027246 | took 0ms | statement | connection 24| url jdbc:h2:mem:ad3a9e80-f26d-4a3e-9691-17f803db5723
call next value for hibernate_sequence
call next value for hibernate_sequence;
2022-10-10 14:33:47.246  INFO 4460 --- [    Test worker] p6spy                                    : #1665380027246 | took 0ms | statement | connection 24| url jdbc:h2:mem:ad3a9e80-f26d-4a3e-9691-17f803db5723
call next value for hibernate_sequence
call next value for hibernate_sequence;
2022-10-10 14:33:47.246  INFO 4460 --- [    Test worker] p6spy                                    : #1665380027246 | took 0ms | statement | connection 24| url jdbc:h2:mem:ad3a9e80-f26d-4a3e-9691-17f803db5723
call next value for hibernate_sequence
call next value for hibernate_sequence;
2022-10-10 14:33:47.246  INFO 4460 --- [    Test worker] p6spy                                    : #1665380027246 | took 0ms | statement | connection 24| url jdbc:h2:mem:ad3a9e80-f26d-4a3e-9691-17f803db5723
call next value for hibernate_sequence
call next value for hibernate_sequence;
2022-10-10 14:33:47.246  INFO 4460 --- [    Test worker] p6spy                                    : #1665380027246 | took 0ms | statement | connection 24| url jdbc:h2:mem:ad3a9e80-f26d-4a3e-9691-17f803db5723
call next value for hibernate_sequence
call next value for hibernate_sequence;
2022-10-10 14:33:47.246  INFO 4460 --- [    Test worker] p6spy                                    : #1665380027246 | took 0ms | statement | connection 24| url jdbc:h2:mem:ad3a9e80-f26d-4a3e-9691-17f803db5723
call next value for hibernate_sequence
call next value for hibernate_sequence;
2022-10-10 14:33:47.247  INFO 4460 --- [    Test worker] p6spy                                    : #1665380027247 | took 0ms | statement | connection 24| url jdbc:h2:mem:ad3a9e80-f26d-4a3e-9691-17f803db5723
call next value for hibernate_sequence
call next value for hibernate_sequence;
2022-10-10 14:33:47.247  INFO 4460 --- [    Test worker] c.j.r.FavoriteSpotQueryRepositoryTest    : favoriteSpot = FavoriteSpot(id=412, count=0)
2022-10-10 14:33:47.247  INFO 4460 --- [    Test worker] c.j.r.FavoriteSpotQueryRepositoryTest    : Spot = capstone.jejuTourrecommend.domain.Spot@ee46bef
2022-10-10 14:33:47.247  INFO 4460 --- [    Test worker] p6spy                                    : #1665380027247 | took 0ms | statement | connection 24| url jdbc:h2:mem:ad3a9e80-f26d-4a3e-9691-17f803db5723
call next value for hibernate_sequence
call next value for hibernate_sequence;
2022-10-10 14:33:47.247  INFO 4460 --- [    Test worker] p6spy                                    : #1665380027247 | took 0ms | statement | connection 24| url jdbc:h2:mem:ad3a9e80-f26d-4a3e-9691-17f803db5723
call next value for hibernate_sequence
call next value for hibernate_sequence;
2022-10-10 14:33:47.247  INFO 4460 --- [    Test worker] p6spy                                    : #1665380027247 | took 0ms | statement | connection 24| url jdbc:h2:mem:ad3a9e80-f26d-4a3e-9691-17f803db5723
call next value for hibernate_sequence
call next value for hibernate_sequence;
2022-10-10 14:33:47.247  INFO 4460 --- [    Test worker] p6spy                                    : #1665380027247 | took 0ms | statement | connection 24| url jdbc:h2:mem:ad3a9e80-f26d-4a3e-9691-17f803db5723
call next value for spot_seq
call next value for spot_seq;
2022-10-10 14:33:47.247  INFO 4460 --- [    Test worker] p6spy                                    : #1665380027247 | took 0ms | statement | connection 24| url jdbc:h2:mem:ad3a9e80-f26d-4a3e-9691-17f803db5723
call next value for hibernate_sequence
call next value for hibernate_sequence;
2022-10-10 14:33:47.247  INFO 4460 --- [    Test worker] p6spy                                    : #1665380027247 | took 0ms | statement | connection 24| url jdbc:h2:mem:ad3a9e80-f26d-4a3e-9691-17f803db5723
call next value for hibernate_sequence
call next value for hibernate_sequence;
2022-10-10 14:33:47.247  INFO 4460 --- [    Test worker] p6spy                                    : #1665380027247 | took 0ms | statement | connection 24| url jdbc:h2:mem:ad3a9e80-f26d-4a3e-9691-17f803db5723
call next value for hibernate_sequence
call next value for hibernate_sequence;
2022-10-10 14:33:47.247  INFO 4460 --- [    Test worker] p6spy                                    : #1665380027247 | took 0ms | statement | connection 24| url jdbc:h2:mem:ad3a9e80-f26d-4a3e-9691-17f803db5723
call next value for hibernate_sequence
call next value for hibernate_sequence;
2022-10-10 14:33:47.247  INFO 4460 --- [    Test worker] p6spy                                    : #1665380027247 | took 0ms | statement | connection 24| url jdbc:h2:mem:ad3a9e80-f26d-4a3e-9691-17f803db5723
call next value for hibernate_sequence
call next value for hibernate_sequence;
2022-10-10 14:33:47.247  INFO 4460 --- [    Test worker] c.j.r.FavoriteSpotQueryRepositoryTest    : favoriteSpot = FavoriteSpot(id=413, count=0)
2022-10-10 14:33:47.247  INFO 4460 --- [    Test worker] c.j.r.FavoriteSpotQueryRepositoryTest    : Spot = capstone.jejuTourrecommend.domain.Spot@3157ee4e
2022-10-10 14:33:47.247  INFO 4460 --- [    Test worker] p6spy                                    : #1665380027247 | took 0ms | statement | connection 24| url jdbc:h2:mem:ad3a9e80-f26d-4a3e-9691-17f803db5723
call next value for hibernate_sequence
call next value for hibernate_sequence;
2022-10-10 14:33:47.247  INFO 4460 --- [    Test worker] p6spy                                    : #1665380027247 | took 0ms | statement | connection 24| url jdbc:h2:mem:ad3a9e80-f26d-4a3e-9691-17f803db5723
call next value for hibernate_sequence
call next value for hibernate_sequence;
2022-10-10 14:33:47.247  INFO 4460 --- [    Test worker] p6spy                                    : #1665380027247 | took 0ms | statement | connection 24| url jdbc:h2:mem:ad3a9e80-f26d-4a3e-9691-17f803db5723
call next value for hibernate_sequence
call next value for hibernate_sequence;
2022-10-10 14:33:47.247  INFO 4460 --- [    Test worker] p6spy                                    : #1665380027247 | took 0ms | statement | connection 24| url jdbc:h2:mem:ad3a9e80-f26d-4a3e-9691-17f803db5723
call next value for hibernate_sequence
call next value for hibernate_sequence;
2022-10-10 14:33:47.247  INFO 4460 --- [    Test worker] p6spy                                    : #1665380027247 | took 0ms | statement | connection 24| url jdbc:h2:mem:ad3a9e80-f26d-4a3e-9691-17f803db5723
call next value for hibernate_sequence
call next value for hibernate_sequence;
2022-10-10 14:33:47.247  INFO 4460 --- [    Test worker] p6spy                                    : #1665380027247 | took 0ms | statement | connection 24| url jdbc:h2:mem:ad3a9e80-f26d-4a3e-9691-17f803db5723
call next value for hibernate_sequence
call next value for hibernate_sequence;
2022-10-10 14:33:47.247  INFO 4460 --- [    Test worker] p6spy                                    : #1665380027247 | took 0ms | statement | connection 24| url jdbc:h2:mem:ad3a9e80-f26d-4a3e-9691-17f803db5723
call next value for hibernate_sequence
call next value for hibernate_sequence;
2022-10-10 14:33:47.247  INFO 4460 --- [    Test worker] p6spy                                    : #1665380027247 | took 0ms | statement | connection 24| url jdbc:h2:mem:ad3a9e80-f26d-4a3e-9691-17f803db5723
call next value for hibernate_sequence
call next value for hibernate_sequence;
2022-10-10 14:33:47.247  INFO 4460 --- [    Test worker] c.j.r.FavoriteSpotQueryRepositoryTest    : favoriteSpot = FavoriteSpot(id=414, count=0)
2022-10-10 14:33:47.247  INFO 4460 --- [    Test worker] c.j.r.FavoriteSpotQueryRepositoryTest    : Spot = capstone.jejuTourrecommend.domain.Spot@d74bc63
2022-10-10 14:33:47.247  INFO 4460 --- [    Test worker] p6spy                                    : #1665380027247 | took 0ms | statement | connection 24| url jdbc:h2:mem:ad3a9e80-f26d-4a3e-9691-17f803db5723
call next value for hibernate_sequence
call next value for hibernate_sequence;
2022-10-10 14:33:47.247  INFO 4460 --- [    Test worker] p6spy                                    : #1665380027247 | took 0ms | statement | connection 24| url jdbc:h2:mem:ad3a9e80-f26d-4a3e-9691-17f803db5723
call next value for hibernate_sequence
call next value for hibernate_sequence;
2022-10-10 14:33:47.247  INFO 4460 --- [    Test worker] p6spy                                    : #1665380027247 | took 0ms | statement | connection 24| url jdbc:h2:mem:ad3a9e80-f26d-4a3e-9691-17f803db5723
call next value for hibernate_sequence
call next value for hibernate_sequence;
2022-10-10 14:33:47.247  INFO 4460 --- [    Test worker] p6spy                                    : #1665380027247 | took 0ms | statement | connection 24| url jdbc:h2:mem:ad3a9e80-f26d-4a3e-9691-17f803db5723
call next value for hibernate_sequence
call next value for hibernate_sequence;
2022-10-10 14:33:47.247  INFO 4460 --- [    Test worker] p6spy                                    : #1665380027247 | took 0ms | statement | connection 24| url jdbc:h2:mem:ad3a9e80-f26d-4a3e-9691-17f803db5723
call next value for hibernate_sequence
call next value for hibernate_sequence;
2022-10-10 14:33:47.247  INFO 4460 --- [    Test worker] p6spy                                    : #1665380027247 | took 0ms | statement | connection 24| url jdbc:h2:mem:ad3a9e80-f26d-4a3e-9691-17f803db5723
call next value for hibernate_sequence
call next value for hibernate_sequence;
2022-10-10 14:33:47.247  INFO 4460 --- [    Test worker] p6spy                                    : #1665380027247 | took 0ms | statement | connection 24| url jdbc:h2:mem:ad3a9e80-f26d-4a3e-9691-17f803db5723
call next value for hibernate_sequence
call next value for hibernate_sequence;
2022-10-10 14:33:47.247  INFO 4460 --- [    Test worker] p6spy                                    : #1665380027247 | took 0ms | statement | connection 24| url jdbc:h2:mem:ad3a9e80-f26d-4a3e-9691-17f803db5723
call next value for hibernate_sequence
call next value for hibernate_sequence;
2022-10-10 14:33:47.247  INFO 4460 --- [    Test worker] c.j.r.FavoriteSpotQueryRepositoryTest    : favoriteSpot = FavoriteSpot(id=415, count=0)
2022-10-10 14:33:47.247  INFO 4460 --- [    Test worker] c.j.r.FavoriteSpotQueryRepositoryTest    : Spot = capstone.jejuTourrecommend.domain.Spot@5b2dc580
2022-10-10 14:33:47.247  INFO 4460 --- [    Test worker] p6spy                                    : #1665380027247 | took 0ms | statement | connection 24| url jdbc:h2:mem:ad3a9e80-f26d-4a3e-9691-17f803db5723
call next value for hibernate_sequence
call next value for hibernate_sequence;
2022-10-10 14:33:47.247  INFO 4460 --- [    Test worker] p6spy                                    : #1665380027247 | took 0ms | statement | connection 24| url jdbc:h2:mem:ad3a9e80-f26d-4a3e-9691-17f803db5723
call next value for hibernate_sequence
call next value for hibernate_sequence;
2022-10-10 14:33:47.247  INFO 4460 --- [    Test worker] p6spy                                    : #1665380027247 | took 0ms | statement | connection 24| url jdbc:h2:mem:ad3a9e80-f26d-4a3e-9691-17f803db5723
call next value for hibernate_sequence
call next value for hibernate_sequence;
2022-10-10 14:33:47.247  INFO 4460 --- [    Test worker] p6spy                                    : #1665380027247 | took 0ms | statement | connection 24| url jdbc:h2:mem:ad3a9e80-f26d-4a3e-9691-17f803db5723
call next value for hibernate_sequence
call next value for hibernate_sequence;
2022-10-10 14:33:47.247  INFO 4460 --- [    Test worker] p6spy                                    : #1665380027247 | took 0ms | statement | connection 24| url jdbc:h2:mem:ad3a9e80-f26d-4a3e-9691-17f803db5723
call next value for hibernate_sequence
call next value for hibernate_sequence;
2022-10-10 14:33:47.247  INFO 4460 --- [    Test worker] p6spy                                    : #1665380027247 | took 0ms | statement | connection 24| url jdbc:h2:mem:ad3a9e80-f26d-4a3e-9691-17f803db5723
call next value for hibernate_sequence
call next value for hibernate_sequence;
2022-10-10 14:33:47.248  INFO 4460 --- [    Test worker] p6spy                                    : #1665380027248 | took 0ms | statement | connection 24| url jdbc:h2:mem:ad3a9e80-f26d-4a3e-9691-17f803db5723
call next value for hibernate_sequence
call next value for hibernate_sequence;
2022-10-10 14:33:47.248  INFO 4460 --- [    Test worker] p6spy                                    : #1665380027248 | took 0ms | statement | connection 24| url jdbc:h2:mem:ad3a9e80-f26d-4a3e-9691-17f803db5723
call next value for hibernate_sequence
call next value for hibernate_sequence;
2022-10-10 14:33:47.248  INFO 4460 --- [    Test worker] c.j.r.FavoriteSpotQueryRepositoryTest    : favoriteSpot = FavoriteSpot(id=416, count=0)
2022-10-10 14:33:47.248  INFO 4460 --- [    Test worker] c.j.r.FavoriteSpotQueryRepositoryTest    : Spot = capstone.jejuTourrecommend.domain.Spot@3f58c971
2022-10-10 14:33:47.248  INFO 4460 --- [    Test worker] p6spy                                    : #1665380027248 | took 0ms | statement | connection 24| url jdbc:h2:mem:ad3a9e80-f26d-4a3e-9691-17f803db5723
call next value for hibernate_sequence
call next value for hibernate_sequence;
2022-10-10 14:33:47.248  INFO 4460 --- [    Test worker] p6spy                                    : #1665380027248 | took 0ms | statement | connection 24| url jdbc:h2:mem:ad3a9e80-f26d-4a3e-9691-17f803db5723
call next value for hibernate_sequence
call next value for hibernate_sequence;
2022-10-10 14:33:47.248  INFO 4460 --- [    Test worker] p6spy                                    : #1665380027248 | took 0ms | statement | connection 24| url jdbc:h2:mem:ad3a9e80-f26d-4a3e-9691-17f803db5723
call next value for hibernate_sequence
call next value for hibernate_sequence;
2022-10-10 14:33:47.248  INFO 4460 --- [    Test worker] p6spy                                    : #1665380027248 | took 0ms | statement | connection 24| url jdbc:h2:mem:ad3a9e80-f26d-4a3e-9691-17f803db5723
call next value for hibernate_sequence
call next value for hibernate_sequence;
2022-10-10 14:33:47.248  INFO 4460 --- [    Test worker] p6spy                                    : #1665380027248 | took 0ms | statement | connection 24| url jdbc:h2:mem:ad3a9e80-f26d-4a3e-9691-17f803db5723
call next value for hibernate_sequence
call next value for hibernate_sequence;
2022-10-10 14:33:47.248  INFO 4460 --- [    Test worker] p6spy                                    : #1665380027248 | took 0ms | statement | connection 24| url jdbc:h2:mem:ad3a9e80-f26d-4a3e-9691-17f803db5723
call next value for hibernate_sequence
call next value for hibernate_sequence;
2022-10-10 14:33:47.248  INFO 4460 --- [    Test worker] p6spy                                    : #1665380027248 | took 0ms | statement | connection 24| url jdbc:h2:mem:ad3a9e80-f26d-4a3e-9691-17f803db5723
call next value for hibernate_sequence
call next value for hibernate_sequence;
2022-10-10 14:33:47.248  INFO 4460 --- [    Test worker] p6spy                                    : #1665380027248 | took 0ms | statement | connection 24| url jdbc:h2:mem:ad3a9e80-f26d-4a3e-9691-17f803db5723
call next value for hibernate_sequence
call next value for hibernate_sequence;
2022-10-10 14:33:47.248  INFO 4460 --- [    Test worker] c.j.r.FavoriteSpotQueryRepositoryTest    : favoriteSpot = FavoriteSpot(id=417, count=0)
2022-10-10 14:33:47.248  INFO 4460 --- [    Test worker] c.j.r.FavoriteSpotQueryRepositoryTest    : Spot = capstone.jejuTourrecommend.domain.Spot@3df8c3e9
2022-10-10 14:33:47.248  INFO 4460 --- [    Test worker] p6spy                                    : #1665380027248 | took 0ms | statement | connection 24| url jdbc:h2:mem:ad3a9e80-f26d-4a3e-9691-17f803db5723
call next value for hibernate_sequence
call next value for hibernate_sequence;
2022-10-10 14:33:47.248  INFO 4460 --- [    Test worker] p6spy                                    : #1665380027248 | took 0ms | statement | connection 24| url jdbc:h2:mem:ad3a9e80-f26d-4a3e-9691-17f803db5723
call next value for hibernate_sequence
call next value for hibernate_sequence;
2022-10-10 14:33:47.248  INFO 4460 --- [    Test worker] p6spy                                    : #1665380027248 | took 0ms | statement | connection 24| url jdbc:h2:mem:ad3a9e80-f26d-4a3e-9691-17f803db5723
call next value for hibernate_sequence
call next value for hibernate_sequence;
2022-10-10 14:33:47.248  INFO 4460 --- [    Test worker] p6spy                                    : #1665380027248 | took 0ms | statement | connection 24| url jdbc:h2:mem:ad3a9e80-f26d-4a3e-9691-17f803db5723
call next value for hibernate_sequence
call next value for hibernate_sequence;
2022-10-10 14:33:47.248  INFO 4460 --- [    Test worker] p6spy                                    : #1665380027248 | took 0ms | statement | connection 24| url jdbc:h2:mem:ad3a9e80-f26d-4a3e-9691-17f803db5723
call next value for hibernate_sequence
call next value for hibernate_sequence;
2022-10-10 14:33:47.248  INFO 4460 --- [    Test worker] p6spy                                    : #1665380027248 | took 0ms | statement | connection 24| url jdbc:h2:mem:ad3a9e80-f26d-4a3e-9691-17f803db5723
call next value for hibernate_sequence
call next value for hibernate_sequence;
2022-10-10 14:33:47.248  INFO 4460 --- [    Test worker] p6spy                                    : #1665380027248 | took 0ms | statement | connection 24| url jdbc:h2:mem:ad3a9e80-f26d-4a3e-9691-17f803db5723
call next value for hibernate_sequence
call next value for hibernate_sequence;
2022-10-10 14:33:47.248  INFO 4460 --- [    Test worker] p6spy                                    : #1665380027248 | took 0ms | statement | connection 24| url jdbc:h2:mem:ad3a9e80-f26d-4a3e-9691-17f803db5723
call next value for hibernate_sequence
call next value for hibernate_sequence;
2022-10-10 14:33:47.248  INFO 4460 --- [    Test worker] c.j.r.FavoriteSpotQueryRepositoryTest    : favoriteSpot = FavoriteSpot(id=418, count=0)
2022-10-10 14:33:47.248  INFO 4460 --- [    Test worker] c.j.r.FavoriteSpotQueryRepositoryTest    : Spot = capstone.jejuTourrecommend.domain.Spot@6cc776fe
2022-10-10 14:33:47.248  INFO 4460 --- [    Test worker] p6spy                                    : #1665380027248 | took 0ms | statement | connection 24| url jdbc:h2:mem:ad3a9e80-f26d-4a3e-9691-17f803db5723
call next value for hibernate_sequence
call next value for hibernate_sequence;
2022-10-10 14:33:47.248  INFO 4460 --- [    Test worker] p6spy                                    : #1665380027248 | took 0ms | statement | connection 24| url jdbc:h2:mem:ad3a9e80-f26d-4a3e-9691-17f803db5723
call next value for hibernate_sequence
call next value for hibernate_sequence;
2022-10-10 14:33:47.248  INFO 4460 --- [    Test worker] p6spy                                    : #1665380027248 | took 0ms | statement | connection 24| url jdbc:h2:mem:ad3a9e80-f26d-4a3e-9691-17f803db5723
call next value for hibernate_sequence
call next value for hibernate_sequence;
2022-10-10 14:33:47.248  INFO 4460 --- [    Test worker] p6spy                                    : #1665380027248 | took 0ms | statement | connection 24| url jdbc:h2:mem:ad3a9e80-f26d-4a3e-9691-17f803db5723
call next value for hibernate_sequence
call next value for hibernate_sequence;
2022-10-10 14:33:47.248  INFO 4460 --- [    Test worker] p6spy                                    : #1665380027248 | took 0ms | statement | connection 24| url jdbc:h2:mem:ad3a9e80-f26d-4a3e-9691-17f803db5723
call next value for hibernate_sequence
call next value for hibernate_sequence;
2022-10-10 14:33:47.248  INFO 4460 --- [    Test worker] p6spy                                    : #1665380027248 | took 0ms | statement | connection 24| url jdbc:h2:mem:ad3a9e80-f26d-4a3e-9691-17f803db5723
call next value for hibernate_sequence
call next value for hibernate_sequence;
2022-10-10 14:33:47.248  INFO 4460 --- [    Test worker] p6spy                                    : #1665380027248 | took 0ms | statement | connection 24| url jdbc:h2:mem:ad3a9e80-f26d-4a3e-9691-17f803db5723
call next value for hibernate_sequence
call next value for hibernate_sequence;
2022-10-10 14:33:47.248  INFO 4460 --- [    Test worker] p6spy                                    : #1665380027248 | took 0ms | statement | connection 24| url jdbc:h2:mem:ad3a9e80-f26d-4a3e-9691-17f803db5723
call next value for hibernate_sequence
call next value for hibernate_sequence;
2022-10-10 14:33:47.249  INFO 4460 --- [    Test worker] c.j.r.FavoriteSpotQueryRepositoryTest    : favoriteSpot = FavoriteSpot(id=419, count=0)
2022-10-10 14:33:47.249  INFO 4460 --- [    Test worker] c.j.r.FavoriteSpotQueryRepositoryTest    : Spot = capstone.jejuTourrecommend.domain.Spot@162e433
2022-10-10 14:33:47.249  INFO 4460 --- [    Test worker] p6spy                                    : #1665380027249 | took 0ms | statement | connection 24| url jdbc:h2:mem:ad3a9e80-f26d-4a3e-9691-17f803db5723
call next value for hibernate_sequence
call next value for hibernate_sequence;
2022-10-10 14:33:47.249  INFO 4460 --- [    Test worker] p6spy                                    : #1665380027249 | took 0ms | statement | connection 24| url jdbc:h2:mem:ad3a9e80-f26d-4a3e-9691-17f803db5723
call next value for hibernate_sequence
call next value for hibernate_sequence;
2022-10-10 14:33:47.249  INFO 4460 --- [    Test worker] p6spy                                    : #1665380027249 | took 0ms | statement | connection 24| url jdbc:h2:mem:ad3a9e80-f26d-4a3e-9691-17f803db5723
call next value for hibernate_sequence
call next value for hibernate_sequence;
2022-10-10 14:33:47.249  INFO 4460 --- [    Test worker] p6spy                                    : #1665380027249 | took 0ms | statement | connection 24| url jdbc:h2:mem:ad3a9e80-f26d-4a3e-9691-17f803db5723
call next value for hibernate_sequence
call next value for hibernate_sequence;
2022-10-10 14:33:47.249  INFO 4460 --- [    Test worker] p6spy                                    : #1665380027249 | took 0ms | statement | connection 24| url jdbc:h2:mem:ad3a9e80-f26d-4a3e-9691-17f803db5723
call next value for review_seq
call next value for review_seq;
2022-10-10 14:33:47.249  INFO 4460 --- [    Test worker] p6spy                                    : #1665380027249 | took 0ms | statement | connection 24| url jdbc:h2:mem:ad3a9e80-f26d-4a3e-9691-17f803db5723
call next value for hibernate_sequence
call next value for hibernate_sequence;
2022-10-10 14:33:47.249  INFO 4460 --- [    Test worker] p6spy                                    : #1665380027249 | took 0ms | statement | connection 24| url jdbc:h2:mem:ad3a9e80-f26d-4a3e-9691-17f803db5723
call next value for hibernate_sequence
call next value for hibernate_sequence;
2022-10-10 14:33:47.249  INFO 4460 --- [    Test worker] p6spy                                    : #1665380027249 | took 0ms | statement | connection 24| url jdbc:h2:mem:ad3a9e80-f26d-4a3e-9691-17f803db5723
call next value for hibernate_sequence
call next value for hibernate_sequence;
2022-10-10 14:33:47.249  INFO 4460 --- [    Test worker] p6spy                                    : #1665380027249 | took 0ms | statement | connection 24| url jdbc:h2:mem:ad3a9e80-f26d-4a3e-9691-17f803db5723
call next value for hibernate_sequence
call next value for hibernate_sequence;
2022-10-10 14:33:47.249  INFO 4460 --- [    Test worker] c.j.r.FavoriteSpotQueryRepositoryTest    : favoriteSpot = FavoriteSpot(id=420, count=0)
2022-10-10 14:33:47.249  INFO 4460 --- [    Test worker] c.j.r.FavoriteSpotQueryRepositoryTest    : Spot = capstone.jejuTourrecommend.domain.Spot@2911f7a
2022-10-10 14:33:47.249  INFO 4460 --- [    Test worker] p6spy                                    : #1665380027249 | took 0ms | statement | connection 24| url jdbc:h2:mem:ad3a9e80-f26d-4a3e-9691-17f803db5723
call next value for score_seq
call next value for score_seq;
2022-10-10 14:33:47.249  INFO 4460 --- [    Test worker] p6spy                                    : #1665380027249 | took 0ms | statement | connection 24| url jdbc:h2:mem:ad3a9e80-f26d-4a3e-9691-17f803db5723
call next value for hibernate_sequence
call next value for hibernate_sequence;
2022-10-10 14:33:47.249  INFO 4460 --- [    Test worker] p6spy                                    : #1665380027249 | took 0ms | statement | connection 24| url jdbc:h2:mem:ad3a9e80-f26d-4a3e-9691-17f803db5723
call next value for hibernate_sequence
call next value for hibernate_sequence;
2022-10-10 14:33:47.249  INFO 4460 --- [    Test worker] p6spy                                    : #1665380027249 | took 0ms | statement | connection 24| url jdbc:h2:mem:ad3a9e80-f26d-4a3e-9691-17f803db5723
call next value for hibernate_sequence
call next value for hibernate_sequence;
2022-10-10 14:33:47.249  INFO 4460 --- [    Test worker] p6spy                                    : #1665380027249 | took 0ms | statement | connection 24| url jdbc:h2:mem:ad3a9e80-f26d-4a3e-9691-17f803db5723
call next value for hibernate_sequence
call next value for hibernate_sequence;
2022-10-10 14:33:47.252  INFO 4460 --- [    Test worker] p6spy                                    : #1665380027252 | took 0ms | statement | connection 24| url jdbc:h2:mem:ad3a9e80-f26d-4a3e-9691-17f803db5723
insert into member (created_date, last_modified_date, created_by, last_modified_by, email, password, refresh_token, role, username, member_id) values (?, ?, ?, ?, ?, ?, ?, ?, ?, ?)
insert into member (created_date, last_modified_date, created_by, last_modified_by, email, password, refresh_token, role, username, member_id) values ('2022-10-10T14:33:47.233+0900', '2022-10-10T14:33:47.233+0900', '40573669-79a0-4035-9a15-855e542e4367', '40573669-79a0-4035-9a15-855e542e4367', 'member1@gmail.com', '1234', NULL, NULL, 'member1', 16);
2022-10-10 14:33:47.252  INFO 4460 --- [    Test worker] p6spy                                    : #1665380027252 | took 0ms | statement | connection 24| url jdbc:h2:mem:ad3a9e80-f26d-4a3e-9691-17f803db5723
insert into member (created_date, last_modified_date, created_by, last_modified_by, email, password, refresh_token, role, username, member_id) values (?, ?, ?, ?, ?, ?, ?, ?, ?, ?)
insert into member (created_date, last_modified_date, created_by, last_modified_by, email, password, refresh_token, role, username, member_id) values ('2022-10-10T14:33:47.234+0900', '2022-10-10T14:33:47.234+0900', '38a91d9d-473d-4400-8c2a-cfb20bf54b2d', '38a91d9d-473d-4400-8c2a-cfb20bf54b2d', 'member2@naver.com', '2345', NULL, NULL, 'member2', 17);
2022-10-10 14:33:47.252  INFO 4460 --- [    Test worker] p6spy                                    : #1665380027252 | took 0ms | statement | connection 24| url jdbc:h2:mem:ad3a9e80-f26d-4a3e-9691-17f803db5723
insert into favorite (member_id, name, favorite_id) values (?, ?, ?)
insert into favorite (member_id, name, favorite_id) values (16, '1일차', 38);
2022-10-10 14:33:47.252  INFO 4460 --- [    Test worker] p6spy                                    : #1665380027252 | took 0ms | statement | connection 24| url jdbc:h2:mem:ad3a9e80-f26d-4a3e-9691-17f803db5723
insert into score (facility_rank, facility_score, price_rank, price_score, rank_average, surround_rank, surround_score, view_rank, view_score, score_id) values (?, ?, ?, ?, ?, ?, ?, ?, ?, ?)
insert into score (facility_rank, facility_score, price_rank, price_score, rank_average, surround_rank, surround_score, view_rank, view_score, score_id) values (2.4991664765628094, 2.3353705241162515, 5.32814338778611, 4.28246758281424, 7.810882616266963, 5.300872531811164, 5.931853283141232, 4.702649957449716, 6.14890299176888, 403);
2022-10-10 14:33:47.252  INFO 4460 --- [    Test worker] p6spy                                    : #1665380027252 | took 0ms | statement | connection 24| url jdbc:h2:mem:ad3a9e80-f26d-4a3e-9691-17f803db5723
insert into picture (spot_id, url, picture_id) values (?, ?, ?)
insert into picture (spot_id, url, picture_id) values (NULL, 'java.io.StringReader@2eb90ae9', 1665);
2022-10-10 14:33:47.252  INFO 4460 --- [    Test worker] p6spy                                    : #1665380027252 | took 0ms | statement | connection 24| url jdbc:h2:mem:ad3a9e80-f26d-4a3e-9691-17f803db5723
insert into picture (spot_id, url, picture_id) values (?, ?, ?)
insert into picture (spot_id, url, picture_id) values (NULL, 'java.io.StringReader@5a67e2b6', 1666);
2022-10-10 14:33:47.252  INFO 4460 --- [    Test worker] p6spy                                    : #1665380027252 | took 0ms | statement | connection 24| url jdbc:h2:mem:ad3a9e80-f26d-4a3e-9691-17f803db5723
insert into picture (spot_id, url, picture_id) values (?, ?, ?)
insert into picture (spot_id, url, picture_id) values (NULL, 'java.io.StringReader@294f4553', 1667);
2022-10-10 14:33:47.252  INFO 4460 --- [    Test worker] p6spy                                    : #1665380027252 | took 0ms | statement | connection 24| url jdbc:h2:mem:ad3a9e80-f26d-4a3e-9691-17f803db5723
insert into spot (address, description, location, name, score_id, spot_id) values (?, ?, ?, ?, ?, ?)
insert into spot (address, description, location, name, score_id, spot_id) values (NULL, NULL, 'Aewol_eup', NULL, 403, 469);
2022-10-10 14:33:47.252  INFO 4460 --- [    Test worker] p6spy                                    : #1665380027252 | took 0ms | statement | connection 24| url jdbc:h2:mem:ad3a9e80-f26d-4a3e-9691-17f803db5723
insert into member_spot (member_id, score, spot_id, member_spot_id) values (?, ?, ?, ?)
insert into member_spot (member_id, score, spot_id, member_spot_id) values (17, 0.0, 469, 1668);
2022-10-10 14:33:47.252  INFO 4460 --- [    Test worker] p6spy                                    : #1665380027252 | took 0ms | statement | connection 24| url jdbc:h2:mem:ad3a9e80-f26d-4a3e-9691-17f803db5723
insert into review (content, spot_id, review_id) values (?, ?, ?)
insert into review (content, spot_id, review_id) values ('java.io.StringReader@220f76ee', 469, 405);
2022-10-10 14:33:47.252  INFO 4460 --- [    Test worker] p6spy                                    : #1665380027252 | took 0ms | statement | connection 24| url jdbc:h2:mem:ad3a9e80-f26d-4a3e-9691-17f803db5723
insert into favorite_spot (count, favorite_id, spot_id, favorite_spot_id) values (?, ?, ?, ?)
insert into favorite_spot (count, favorite_id, spot_id, favorite_spot_id) values (0, 38, 469, 371);
2022-10-10 14:33:47.252  INFO 4460 --- [    Test worker] p6spy                                    : #1665380027252 | took 0ms | statement | connection 24| url jdbc:h2:mem:ad3a9e80-f26d-4a3e-9691-17f803db5723
insert into score (facility_rank, facility_score, price_rank, price_score, rank_average, surround_rank, surround_score, view_rank, view_score, score_id) values (?, ?, ?, ?, ?, ?, ?, ?, ?, ?)
insert into score (facility_rank, facility_score, price_rank, price_score, rank_average, surround_rank, surround_score, view_rank, view_score, score_id) values (9.489801905901853, 4.233596264505529, 3.4085220763854496, 6.210341462611664, 4.902740064687437, 3.720445585232177, 4.3760830008590235, 3.239399679002778, 1.220394056740387, 404);
2022-10-10 14:33:47.252  INFO 4460 --- [    Test worker] p6spy                                    : #1665380027252 | took 0ms | statement | connection 24| url jdbc:h2:mem:ad3a9e80-f26d-4a3e-9691-17f803db5723
insert into picture (spot_id, url, picture_id) values (?, ?, ?)
insert into picture (spot_id, url, picture_id) values (NULL, 'java.io.StringReader@203855c2', 1669);
2022-10-10 14:33:47.252  INFO 4460 --- [    Test worker] p6spy                                    : #1665380027252 | took 0ms | statement | connection 24| url jdbc:h2:mem:ad3a9e80-f26d-4a3e-9691-17f803db5723
insert into picture (spot_id, url, picture_id) values (?, ?, ?)
insert into picture (spot_id, url, picture_id) values (NULL, 'java.io.StringReader@27eae2f2', 1670);
2022-10-10 14:33:47.252  INFO 4460 --- [    Test worker] p6spy                                    : #1665380027252 | took 0ms | statement | connection 24| url jdbc:h2:mem:ad3a9e80-f26d-4a3e-9691-17f803db5723
insert into picture (spot_id, url, picture_id) values (?, ?, ?)
insert into picture (spot_id, url, picture_id) values (NULL, 'java.io.StringReader@69dd5e82', 1671);
2022-10-10 14:33:47.252  INFO 4460 --- [    Test worker] p6spy                                    : #1665380027252 | took 0ms | statement | connection 24| url jdbc:h2:mem:ad3a9e80-f26d-4a3e-9691-17f803db5723
insert into spot (address, description, location, name, score_id, spot_id) values (?, ?, ?, ?, ?, ?)
insert into spot (address, description, location, name, score_id, spot_id) values (NULL, NULL, 'Aewol_eup', NULL, 404, 470);
2022-10-10 14:33:47.252  INFO 4460 --- [    Test worker] p6spy                                    : #1665380027252 | took 0ms | statement | connection 24| url jdbc:h2:mem:ad3a9e80-f26d-4a3e-9691-17f803db5723
insert into member_spot (member_id, score, spot_id, member_spot_id) values (?, ?, ?, ?)
insert into member_spot (member_id, score, spot_id, member_spot_id) values (17, 0.0, 470, 1672);
2022-10-10 14:33:47.253  INFO 4460 --- [    Test worker] p6spy                                    : #1665380027253 | took 0ms | statement | connection 24| url jdbc:h2:mem:ad3a9e80-f26d-4a3e-9691-17f803db5723
insert into review (content, spot_id, review_id) values (?, ?, ?)
insert into review (content, spot_id, review_id) values ('java.io.StringReader@44414bd4', 469, 406);
2022-10-10 14:33:47.253  INFO 4460 --- [    Test worker] p6spy                                    : #1665380027253 | took 0ms | statement | connection 24| url jdbc:h2:mem:ad3a9e80-f26d-4a3e-9691-17f803db5723
insert into score (facility_rank, facility_score, price_rank, price_score, rank_average, surround_rank, surround_score, view_rank, view_score, score_id) values (?, ?, ?, ?, ?, ?, ?, ?, ?, ?)
insert into score (facility_rank, facility_score, price_rank, price_score, rank_average, surround_rank, surround_score, view_rank, view_score, score_id) values (5.59406397541802, 7.747917414306851, 4.5587359593046495, 1.4033789148678866, 6.424023225842445, 7.743253470722079, 7.867198327128878, 8.724332235664582, 5.993591102665503, 405);
2022-10-10 14:33:47.253  INFO 4460 --- [    Test worker] p6spy                                    : #1665380027253 | took 0ms | statement | connection 24| url jdbc:h2:mem:ad3a9e80-f26d-4a3e-9691-17f803db5723
insert into picture (spot_id, url, picture_id) values (?, ?, ?)
insert into picture (spot_id, url, picture_id) values (NULL, 'java.io.StringReader@20a7e171', 1673);
2022-10-10 14:33:47.253  INFO 4460 --- [    Test worker] p6spy                                    : #1665380027253 | took 0ms | statement | connection 24| url jdbc:h2:mem:ad3a9e80-f26d-4a3e-9691-17f803db5723
insert into picture (spot_id, url, picture_id) values (?, ?, ?)
insert into picture (spot_id, url, picture_id) values (NULL, 'java.io.StringReader@13501936', 1674);
2022-10-10 14:33:47.253  INFO 4460 --- [    Test worker] p6spy                                    : #1665380027253 | took 0ms | statement | connection 24| url jdbc:h2:mem:ad3a9e80-f26d-4a3e-9691-17f803db5723
insert into picture (spot_id, url, picture_id) values (?, ?, ?)
insert into picture (spot_id, url, picture_id) values (NULL, 'java.io.StringReader@188df7c7', 1675);
2022-10-10 14:33:47.253  INFO 4460 --- [    Test worker] p6spy                                    : #1665380027253 | took 0ms | statement | connection 24| url jdbc:h2:mem:ad3a9e80-f26d-4a3e-9691-17f803db5723
insert into spot (address, description, location, name, score_id, spot_id) values (?, ?, ?, ?, ?, ?)
insert into spot (address, description, location, name, score_id, spot_id) values (NULL, NULL, 'Aewol_eup', NULL, 405, 471);
2022-10-10 14:33:47.253  INFO 4460 --- [    Test worker] p6spy                                    : #1665380027253 | took 0ms | statement | connection 24| url jdbc:h2:mem:ad3a9e80-f26d-4a3e-9691-17f803db5723
insert into member_spot (member_id, score, spot_id, member_spot_id) values (?, ?, ?, ?)
insert into member_spot (member_id, score, spot_id, member_spot_id) values (17, 0.0, 471, 1676);
2022-10-10 14:33:47.253  INFO 4460 --- [    Test worker] p6spy                                    : #1665380027253 | took 0ms | statement | connection 24| url jdbc:h2:mem:ad3a9e80-f26d-4a3e-9691-17f803db5723
insert into review (content, spot_id, review_id) values (?, ?, ?)
insert into review (content, spot_id, review_id) values ('java.io.StringReader@7a72e18d', 469, 407);
2022-10-10 14:33:47.253  INFO 4460 --- [    Test worker] p6spy                                    : #1665380027253 | took 0ms | statement | connection 24| url jdbc:h2:mem:ad3a9e80-f26d-4a3e-9691-17f803db5723
insert into favorite_spot (count, favorite_id, spot_id, favorite_spot_id) values (?, ?, ?, ?)
insert into favorite_spot (count, favorite_id, spot_id, favorite_spot_id) values (0, 38, 471, 372);
2022-10-10 14:33:47.253  INFO 4460 --- [    Test worker] p6spy                                    : #1665380027253 | took 0ms | statement | connection 24| url jdbc:h2:mem:ad3a9e80-f26d-4a3e-9691-17f803db5723
insert into score (facility_rank, facility_score, price_rank, price_score, rank_average, surround_rank, surround_score, view_rank, view_score, score_id) values (?, ?, ?, ?, ?, ?, ?, ?, ?, ?)
insert into score (facility_rank, facility_score, price_rank, price_score, rank_average, surround_rank, surround_score, view_rank, view_score, score_id) values (0.6831466829946065, 7.115985248640463, 5.343877733183619, 8.029940053868085, 3.305700513006893, 2.4297158883786585, 8.61520217237819, 4.44336328013394, 6.8680835808423355, 406);
2022-10-10 14:33:47.253  INFO 4460 --- [    Test worker] p6spy                                    : #1665380027253 | took 0ms | statement | connection 24| url jdbc:h2:mem:ad3a9e80-f26d-4a3e-9691-17f803db5723
insert into picture (spot_id, url, picture_id) values (?, ?, ?)
insert into picture (spot_id, url, picture_id) values (NULL, 'java.io.StringReader@51edcdcb', 1677);
2022-10-10 14:33:47.253  INFO 4460 --- [    Test worker] p6spy                                    : #1665380027253 | took 0ms | statement | connection 24| url jdbc:h2:mem:ad3a9e80-f26d-4a3e-9691-17f803db5723
insert into picture (spot_id, url, picture_id) values (?, ?, ?)
insert into picture (spot_id, url, picture_id) values (NULL, 'java.io.StringReader@22f06e87', 1678);
2022-10-10 14:33:47.253  INFO 4460 --- [    Test worker] p6spy                                    : #1665380027253 | took 0ms | statement | connection 24| url jdbc:h2:mem:ad3a9e80-f26d-4a3e-9691-17f803db5723
insert into picture (spot_id, url, picture_id) values (?, ?, ?)
insert into picture (spot_id, url, picture_id) values (NULL, 'java.io.StringReader@6184047b', 1679);
2022-10-10 14:33:47.253  INFO 4460 --- [    Test worker] p6spy                                    : #1665380027253 | took 0ms | statement | connection 24| url jdbc:h2:mem:ad3a9e80-f26d-4a3e-9691-17f803db5723
insert into spot (address, description, location, name, score_id, spot_id) values (?, ?, ?, ?, ?, ?)
insert into spot (address, description, location, name, score_id, spot_id) values (NULL, NULL, 'Aewol_eup', NULL, 406, 472);
2022-10-10 14:33:47.253  INFO 4460 --- [    Test worker] p6spy                                    : #1665380027253 | took 0ms | statement | connection 24| url jdbc:h2:mem:ad3a9e80-f26d-4a3e-9691-17f803db5723
insert into member_spot (member_id, score, spot_id, member_spot_id) values (?, ?, ?, ?)
insert into member_spot (member_id, score, spot_id, member_spot_id) values (17, 0.0, 472, 1680);
2022-10-10 14:33:47.253  INFO 4460 --- [    Test worker] p6spy                                    : #1665380027253 | took 0ms | statement | connection 24| url jdbc:h2:mem:ad3a9e80-f26d-4a3e-9691-17f803db5723
insert into review (content, spot_id, review_id) values (?, ?, ?)
insert into review (content, spot_id, review_id) values ('java.io.StringReader@67872787', 469, 408);
2022-10-10 14:33:47.253  INFO 4460 --- [    Test worker] p6spy                                    : #1665380027253 | took 0ms | statement | connection 24| url jdbc:h2:mem:ad3a9e80-f26d-4a3e-9691-17f803db5723
insert into score (facility_rank, facility_score, price_rank, price_score, rank_average, surround_rank, surround_score, view_rank, view_score, score_id) values (?, ?, ?, ?, ?, ?, ?, ?, ?, ?)
insert into score (facility_rank, facility_score, price_rank, price_score, rank_average, surround_rank, surround_score, view_rank, view_score, score_id) values (4.7915646775326435, 1.911667558043969, 1.2282427674938001, 3.4779767868262903, 3.0150954357027615, 1.612100384855889, 7.31247485673557, 7.523890088925054, 9.412885133531631, 407);
2022-10-10 14:33:47.253  INFO 4460 --- [    Test worker] p6spy                                    : #1665380027253 | took 0ms | statement | connection 24| url jdbc:h2:mem:ad3a9e80-f26d-4a3e-9691-17f803db5723
insert into picture (spot_id, url, picture_id) values (?, ?, ?)
insert into picture (spot_id, url, picture_id) values (NULL, 'java.io.StringReader@4d5647c4', 1681);
2022-10-10 14:33:47.253  INFO 4460 --- [    Test worker] p6spy                                    : #1665380027253 | took 0ms | statement | connection 24| url jdbc:h2:mem:ad3a9e80-f26d-4a3e-9691-17f803db5723
insert into picture (spot_id, url, picture_id) values (?, ?, ?)
insert into picture (spot_id, url, picture_id) values (NULL, 'java.io.StringReader@292a6cfd', 1682);
2022-10-10 14:33:47.253  INFO 4460 --- [    Test worker] p6spy                                    : #1665380027253 | took 0ms | statement | connection 24| url jdbc:h2:mem:ad3a9e80-f26d-4a3e-9691-17f803db5723
insert into picture (spot_id, url, picture_id) values (?, ?, ?)
insert into picture (spot_id, url, picture_id) values (NULL, 'java.io.StringReader@372bcdc6', 1683);
2022-10-10 14:33:47.253  INFO 4460 --- [    Test worker] p6spy                                    : #1665380027253 | took 0ms | statement | connection 24| url jdbc:h2:mem:ad3a9e80-f26d-4a3e-9691-17f803db5723
insert into spot (address, description, location, name, score_id, spot_id) values (?, ?, ?, ?, ?, ?)
insert into spot (address, description, location, name, score_id, spot_id) values (NULL, NULL, 'Aewol_eup', NULL, 407, 473);
2022-10-10 14:33:47.253  INFO 4460 --- [    Test worker] p6spy                                    : #1665380027253 | took 0ms | statement | connection 24| url jdbc:h2:mem:ad3a9e80-f26d-4a3e-9691-17f803db5723
insert into member_spot (member_id, score, spot_id, member_spot_id) values (?, ?, ?, ?)
insert into member_spot (member_id, score, spot_id, member_spot_id) values (17, 0.0, 473, 1684);
2022-10-10 14:33:47.253  INFO 4460 --- [    Test worker] p6spy                                    : #1665380027253 | took 0ms | statement | connection 24| url jdbc:h2:mem:ad3a9e80-f26d-4a3e-9691-17f803db5723
insert into review (content, spot_id, review_id) values (?, ?, ?)
insert into review (content, spot_id, review_id) values ('java.io.StringReader@badbf43', 469, 409);
2022-10-10 14:33:47.253  INFO 4460 --- [    Test worker] p6spy                                    : #1665380027253 | took 0ms | statement | connection 24| url jdbc:h2:mem:ad3a9e80-f26d-4a3e-9691-17f803db5723
insert into favorite_spot (count, favorite_id, spot_id, favorite_spot_id) values (?, ?, ?, ?)
insert into favorite_spot (count, favorite_id, spot_id, favorite_spot_id) values (0, 38, 473, 373);
2022-10-10 14:33:47.254  INFO 4460 --- [    Test worker] p6spy                                    : #1665380027254 | took 0ms | statement | connection 24| url jdbc:h2:mem:ad3a9e80-f26d-4a3e-9691-17f803db5723
insert into score (facility_rank, facility_score, price_rank, price_score, rank_average, surround_rank, surround_score, view_rank, view_score, score_id) values (?, ?, ?, ?, ?, ?, ?, ?, ?, ?)
insert into score (facility_rank, facility_score, price_rank, price_score, rank_average, surround_rank, surround_score, view_rank, view_score, score_id) values (8.440105500812292, 9.143875884329747, 5.848551699876391, 1.1062415690011718, 3.7852308336122107, 3.3314604899081535, 2.7442029357225586, 1.8917419861418083, 7.48685420386297, 408);
2022-10-10 14:33:47.254  INFO 4460 --- [    Test worker] p6spy                                    : #1665380027254 | took 0ms | statement | connection 24| url jdbc:h2:mem:ad3a9e80-f26d-4a3e-9691-17f803db5723
insert into picture (spot_id, url, picture_id) values (?, ?, ?)
insert into picture (spot_id, url, picture_id) values (NULL, 'java.io.StringReader@2c4e7542', 1685);
2022-10-10 14:33:47.254  INFO 4460 --- [    Test worker] p6spy                                    : #1665380027254 | took 0ms | statement | connection 24| url jdbc:h2:mem:ad3a9e80-f26d-4a3e-9691-17f803db5723
insert into picture (spot_id, url, picture_id) values (?, ?, ?)
insert into picture (spot_id, url, picture_id) values (NULL, 'java.io.StringReader@517c6a67', 1686);
2022-10-10 14:33:47.254  INFO 4460 --- [    Test worker] p6spy                                    : #1665380027254 | took 0ms | statement | connection 24| url jdbc:h2:mem:ad3a9e80-f26d-4a3e-9691-17f803db5723
insert into picture (spot_id, url, picture_id) values (?, ?, ?)
insert into picture (spot_id, url, picture_id) values (NULL, 'java.io.StringReader@54132c2f', 1687);
2022-10-10 14:33:47.254  INFO 4460 --- [    Test worker] p6spy                                    : #1665380027254 | took 0ms | statement | connection 24| url jdbc:h2:mem:ad3a9e80-f26d-4a3e-9691-17f803db5723
insert into spot (address, description, location, name, score_id, spot_id) values (?, ?, ?, ?, ?, ?)
insert into spot (address, description, location, name, score_id, spot_id) values (NULL, NULL, 'Aewol_eup', NULL, 408, 474);
2022-10-10 14:33:47.254  INFO 4460 --- [    Test worker] p6spy                                    : #1665380027254 | took 0ms | statement | connection 24| url jdbc:h2:mem:ad3a9e80-f26d-4a3e-9691-17f803db5723
insert into member_spot (member_id, score, spot_id, member_spot_id) values (?, ?, ?, ?)
insert into member_spot (member_id, score, spot_id, member_spot_id) values (17, 0.0, 474, 1688);
2022-10-10 14:33:47.254  INFO 4460 --- [    Test worker] p6spy                                    : #1665380027254 | took 0ms | statement | connection 24| url jdbc:h2:mem:ad3a9e80-f26d-4a3e-9691-17f803db5723
insert into review (content, spot_id, review_id) values (?, ?, ?)
insert into review (content, spot_id, review_id) values ('java.io.StringReader@5cdb81f3', 469, 410);
2022-10-10 14:33:47.254  INFO 4460 --- [    Test worker] p6spy                                    : #1665380027254 | took 0ms | statement | connection 24| url jdbc:h2:mem:ad3a9e80-f26d-4a3e-9691-17f803db5723
insert into score (facility_rank, facility_score, price_rank, price_score, rank_average, surround_rank, surround_score, view_rank, view_score, score_id) values (?, ?, ?, ?, ?, ?, ?, ?, ?, ?)
insert into score (facility_rank, facility_score, price_rank, price_score, rank_average, surround_rank, surround_score, view_rank, view_score, score_id) values (2.604548351895085, 6.747311283124585, 3.9717933871647015, 0.8235216472867202, 0.8546685132055776, 9.1879798574032, 8.24404521397703, 9.59719194430463, 3.255228623443748, 409);
2022-10-10 14:33:47.254  INFO 4460 --- [    Test worker] p6spy                                    : #1665380027254 | took 0ms | statement | connection 24| url jdbc:h2:mem:ad3a9e80-f26d-4a3e-9691-17f803db5723
insert into picture (spot_id, url, picture_id) values (?, ?, ?)
insert into picture (spot_id, url, picture_id) values (NULL, 'java.io.StringReader@787ea625', 1689);
2022-10-10 14:33:47.254  INFO 4460 --- [    Test worker] p6spy                                    : #1665380027254 | took 0ms | statement | connection 24| url jdbc:h2:mem:ad3a9e80-f26d-4a3e-9691-17f803db5723
insert into picture (spot_id, url, picture_id) values (?, ?, ?)
insert into picture (spot_id, url, picture_id) values (NULL, 'java.io.StringReader@619b8141', 1690);
2022-10-10 14:33:47.254  INFO 4460 --- [    Test worker] p6spy                                    : #1665380027254 | took 0ms | statement | connection 24| url jdbc:h2:mem:ad3a9e80-f26d-4a3e-9691-17f803db5723
insert into picture (spot_id, url, picture_id) values (?, ?, ?)
insert into picture (spot_id, url, picture_id) values (NULL, 'java.io.StringReader@440df4d4', 1691);
2022-10-10 14:33:47.254  INFO 4460 --- [    Test worker] p6spy                                    : #1665380027254 | took 0ms | statement | connection 24| url jdbc:h2:mem:ad3a9e80-f26d-4a3e-9691-17f803db5723
insert into spot (address, description, location, name, score_id, spot_id) values (?, ?, ?, ?, ?, ?)
insert into spot (address, description, location, name, score_id, spot_id) values (NULL, NULL, 'Aewol_eup', NULL, 409, 475);
2022-10-10 14:33:47.254  INFO 4460 --- [    Test worker] p6spy                                    : #1665380027254 | took 0ms | statement | connection 24| url jdbc:h2:mem:ad3a9e80-f26d-4a3e-9691-17f803db5723
insert into member_spot (member_id, score, spot_id, member_spot_id) values (?, ?, ?, ?)
insert into member_spot (member_id, score, spot_id, member_spot_id) values (17, 0.0, 475, 1692);
2022-10-10 14:33:47.254  INFO 4460 --- [    Test worker] p6spy                                    : #1665380027254 | took 0ms | statement | connection 24| url jdbc:h2:mem:ad3a9e80-f26d-4a3e-9691-17f803db5723
insert into review (content, spot_id, review_id) values (?, ?, ?)
insert into review (content, spot_id, review_id) values ('java.io.StringReader@e2a4c4e', 469, 411);
2022-10-10 14:33:47.254  INFO 4460 --- [    Test worker] p6spy                                    : #1665380027254 | took 0ms | statement | connection 24| url jdbc:h2:mem:ad3a9e80-f26d-4a3e-9691-17f803db5723
insert into favorite_spot (count, favorite_id, spot_id, favorite_spot_id) values (?, ?, ?, ?)
insert into favorite_spot (count, favorite_id, spot_id, favorite_spot_id) values (0, 38, 475, 374);
2022-10-10 14:33:47.254  INFO 4460 --- [    Test worker] p6spy                                    : #1665380027254 | took 0ms | statement | connection 24| url jdbc:h2:mem:ad3a9e80-f26d-4a3e-9691-17f803db5723
insert into score (facility_rank, facility_score, price_rank, price_score, rank_average, surround_rank, surround_score, view_rank, view_score, score_id) values (?, ?, ?, ?, ?, ?, ?, ?, ?, ?)
insert into score (facility_rank, facility_score, price_rank, price_score, rank_average, surround_rank, surround_score, view_rank, view_score, score_id) values (9.322857060848433, 0.26015992931454734, 9.028763641138264, 3.238810077209572, 9.759358971081292, 5.507492867479008, 3.392908713538173, 1.1104979242085145, 2.4231003057648346, 410);
2022-10-10 14:33:47.254  INFO 4460 --- [    Test worker] p6spy                                    : #1665380027254 | took 0ms | statement | connection 24| url jdbc:h2:mem:ad3a9e80-f26d-4a3e-9691-17f803db5723
insert into picture (spot_id, url, picture_id) values (?, ?, ?)
insert into picture (spot_id, url, picture_id) values (NULL, 'java.io.StringReader@2ee39a30', 1693);
2022-10-10 14:33:47.254  INFO 4460 --- [    Test worker] p6spy                                    : #1665380027254 | took 0ms | statement | connection 24| url jdbc:h2:mem:ad3a9e80-f26d-4a3e-9691-17f803db5723
insert into picture (spot_id, url, picture_id) values (?, ?, ?)
insert into picture (spot_id, url, picture_id) values (NULL, 'java.io.StringReader@2a6304f2', 1694);
2022-10-10 14:33:47.254  INFO 4460 --- [    Test worker] p6spy                                    : #1665380027254 | took 0ms | statement | connection 24| url jdbc:h2:mem:ad3a9e80-f26d-4a3e-9691-17f803db5723
insert into picture (spot_id, url, picture_id) values (?, ?, ?)
insert into picture (spot_id, url, picture_id) values (NULL, 'java.io.StringReader@13e5d994', 1695);
2022-10-10 14:33:47.254  INFO 4460 --- [    Test worker] p6spy                                    : #1665380027254 | took 0ms | statement | connection 24| url jdbc:h2:mem:ad3a9e80-f26d-4a3e-9691-17f803db5723
insert into spot (address, description, location, name, score_id, spot_id) values (?, ?, ?, ?, ?, ?)
insert into spot (address, description, location, name, score_id, spot_id) values (NULL, NULL, 'Aewol_eup', NULL, 410, 476);
2022-10-10 14:33:47.254  INFO 4460 --- [    Test worker] p6spy                                    : #1665380027254 | took 0ms | statement | connection 24| url jdbc:h2:mem:ad3a9e80-f26d-4a3e-9691-17f803db5723
insert into member_spot (member_id, score, spot_id, member_spot_id) values (?, ?, ?, ?)
insert into member_spot (member_id, score, spot_id, member_spot_id) values (17, 0.0, 476, 1696);
2022-10-10 14:33:47.254  INFO 4460 --- [    Test worker] p6spy                                    : #1665380027254 | took 0ms | statement | connection 24| url jdbc:h2:mem:ad3a9e80-f26d-4a3e-9691-17f803db5723
insert into review (content, spot_id, review_id) values (?, ?, ?)
insert into review (content, spot_id, review_id) values ('java.io.StringReader@11f26db1', 469, 412);
2022-10-10 14:33:47.254  INFO 4460 --- [    Test worker] p6spy                                    : #1665380027254 | took 0ms | statement | connection 24| url jdbc:h2:mem:ad3a9e80-f26d-4a3e-9691-17f803db5723
insert into score (facility_rank, facility_score, price_rank, price_score, rank_average, surround_rank, surround_score, view_rank, view_score, score_id) values (?, ?, ?, ?, ?, ?, ?, ?, ?, ?)
insert into score (facility_rank, facility_score, price_rank, price_score, rank_average, surround_rank, surround_score, view_rank, view_score, score_id) values (6.080898891327314, 8.702529625357903, 0.39417839028762836, 8.197514688045928, 8.128390267974746, 9.346976116204885, 1.2137567920082237, 5.274385204625363, 8.712124441925646, 411);
2022-10-10 14:33:47.254  INFO 4460 --- [    Test worker] p6spy                                    : #1665380027254 | took 0ms | statement | connection 24| url jdbc:h2:mem:ad3a9e80-f26d-4a3e-9691-17f803db5723
insert into picture (spot_id, url, picture_id) values (?, ?, ?)
insert into picture (spot_id, url, picture_id) values (NULL, 'java.io.StringReader@1ce6d2f2', 1697);
2022-10-10 14:33:47.254  INFO 4460 --- [    Test worker] p6spy                                    : #1665380027254 | took 0ms | statement | connection 24| url jdbc:h2:mem:ad3a9e80-f26d-4a3e-9691-17f803db5723
insert into picture (spot_id, url, picture_id) values (?, ?, ?)
insert into picture (spot_id, url, picture_id) values (NULL, 'java.io.StringReader@679f1314', 1698);
2022-10-10 14:33:47.254  INFO 4460 --- [    Test worker] p6spy                                    : #1665380027254 | took 0ms | statement | connection 24| url jdbc:h2:mem:ad3a9e80-f26d-4a3e-9691-17f803db5723
insert into picture (spot_id, url, picture_id) values (?, ?, ?)
insert into picture (spot_id, url, picture_id) values (NULL, 'java.io.StringReader@39f8db0e', 1699);
2022-10-10 14:33:47.254  INFO 4460 --- [    Test worker] p6spy                                    : #1665380027254 | took 0ms | statement | connection 24| url jdbc:h2:mem:ad3a9e80-f26d-4a3e-9691-17f803db5723
insert into spot (address, description, location, name, score_id, spot_id) values (?, ?, ?, ?, ?, ?)
insert into spot (address, description, location, name, score_id, spot_id) values (NULL, NULL, 'Aewol_eup', NULL, 411, 477);
2022-10-10 14:33:47.254  INFO 4460 --- [    Test worker] p6spy                                    : #1665380027254 | took 0ms | statement | connection 24| url jdbc:h2:mem:ad3a9e80-f26d-4a3e-9691-17f803db5723
insert into member_spot (member_id, score, spot_id, member_spot_id) values (?, ?, ?, ?)
insert into member_spot (member_id, score, spot_id, member_spot_id) values (17, 0.0, 477, 1700);
2022-10-10 14:33:47.254  INFO 4460 --- [    Test worker] p6spy                                    : #1665380027254 | took 0ms | statement | connection 24| url jdbc:h2:mem:ad3a9e80-f26d-4a3e-9691-17f803db5723
insert into review (content, spot_id, review_id) values (?, ?, ?)
insert into review (content, spot_id, review_id) values ('java.io.StringReader@1029d19a', 469, 413);
2022-10-10 14:33:47.254  INFO 4460 --- [    Test worker] p6spy                                    : #1665380027254 | took 0ms | statement | connection 24| url jdbc:h2:mem:ad3a9e80-f26d-4a3e-9691-17f803db5723
insert into favorite_spot (count, favorite_id, spot_id, favorite_spot_id) values (?, ?, ?, ?)
insert into favorite_spot (count, favorite_id, spot_id, favorite_spot_id) values (0, 38, 477, 375);
2022-10-10 14:33:47.254  INFO 4460 --- [    Test worker] p6spy                                    : #1665380027254 | took 0ms | statement | connection 24| url jdbc:h2:mem:ad3a9e80-f26d-4a3e-9691-17f803db5723
insert into score (facility_rank, facility_score, price_rank, price_score, rank_average, surround_rank, surround_score, view_rank, view_score, score_id) values (?, ?, ?, ?, ?, ?, ?, ?, ?, ?)
insert into score (facility_rank, facility_score, price_rank, price_score, rank_average, surround_rank, surround_score, view_rank, view_score, score_id) values (3.523331218951753, 5.494684672671884, 2.2597233503606526, 7.665413797993013, 2.4839329045431713, 5.897126180437908, 2.033230321909938, 1.168170734153433, 2.138513109909529, 412);
2022-10-10 14:33:47.255  INFO 4460 --- [    Test worker] p6spy                                    : #1665380027255 | took 0ms | statement | connection 24| url jdbc:h2:mem:ad3a9e80-f26d-4a3e-9691-17f803db5723
insert into picture (spot_id, url, picture_id) values (?, ?, ?)
insert into picture (spot_id, url, picture_id) values (NULL, 'java.io.StringReader@376e5c64', 1701);
2022-10-10 14:33:47.255  INFO 4460 --- [    Test worker] p6spy                                    : #1665380027255 | took 0ms | statement | connection 24| url jdbc:h2:mem:ad3a9e80-f26d-4a3e-9691-17f803db5723
insert into picture (spot_id, url, picture_id) values (?, ?, ?)
insert into picture (spot_id, url, picture_id) values (NULL, 'java.io.StringReader@54c287d8', 1702);
2022-10-10 14:33:47.255  INFO 4460 --- [    Test worker] p6spy                                    : #1665380027255 | took 0ms | statement | connection 24| url jdbc:h2:mem:ad3a9e80-f26d-4a3e-9691-17f803db5723
insert into picture (spot_id, url, picture_id) values (?, ?, ?)
insert into picture (spot_id, url, picture_id) values (NULL, 'java.io.StringReader@5014b938', 1703);
2022-10-10 14:33:47.255  INFO 4460 --- [    Test worker] p6spy                                    : #1665380027255 | took 0ms | statement | connection 24| url jdbc:h2:mem:ad3a9e80-f26d-4a3e-9691-17f803db5723
insert into spot (address, description, location, name, score_id, spot_id) values (?, ?, ?, ?, ?, ?)
insert into spot (address, description, location, name, score_id, spot_id) values (NULL, NULL, 'Aewol_eup', NULL, 412, 478);
2022-10-10 14:33:47.255  INFO 4460 --- [    Test worker] p6spy                                    : #1665380027255 | took 0ms | statement | connection 24| url jdbc:h2:mem:ad3a9e80-f26d-4a3e-9691-17f803db5723
insert into member_spot (member_id, score, spot_id, member_spot_id) values (?, ?, ?, ?)
insert into member_spot (member_id, score, spot_id, member_spot_id) values (17, 0.0, 478, 1704);
2022-10-10 14:33:47.255  INFO 4460 --- [    Test worker] p6spy                                    : #1665380027255 | took 0ms | statement | connection 24| url jdbc:h2:mem:ad3a9e80-f26d-4a3e-9691-17f803db5723
insert into review (content, spot_id, review_id) values (?, ?, ?)
insert into review (content, spot_id, review_id) values ('java.io.StringReader@222b232c', 469, 414);
2022-10-10 14:33:47.255  INFO 4460 --- [    Test worker] p6spy                                    : #1665380027255 | took 0ms | statement | connection 24| url jdbc:h2:mem:ad3a9e80-f26d-4a3e-9691-17f803db5723
insert into score (facility_rank, facility_score, price_rank, price_score, rank_average, surround_rank, surround_score, view_rank, view_score, score_id) values (?, ?, ?, ?, ?, ?, ?, ?, ?, ?)
insert into score (facility_rank, facility_score, price_rank, price_score, rank_average, surround_rank, surround_score, view_rank, view_score, score_id) values (9.706641494682033, 1.0842251351831167, 8.561393040200787, 3.8824764855464777, 7.698859634883219, 7.4644168837907765, 2.3623481245213496, 8.158138271736311, 3.1329149169457993, 413);
2022-10-10 14:33:47.255  INFO 4460 --- [    Test worker] p6spy                                    : #1665380027255 | took 0ms | statement | connection 24| url jdbc:h2:mem:ad3a9e80-f26d-4a3e-9691-17f803db5723
insert into picture (spot_id, url, picture_id) values (?, ?, ?)
insert into picture (spot_id, url, picture_id) values (NULL, 'java.io.StringReader@4aa0ee7c', 1705);
2022-10-10 14:33:47.255  INFO 4460 --- [    Test worker] p6spy                                    : #1665380027255 | took 0ms | statement | connection 24| url jdbc:h2:mem:ad3a9e80-f26d-4a3e-9691-17f803db5723
insert into picture (spot_id, url, picture_id) values (?, ?, ?)
insert into picture (spot_id, url, picture_id) values (NULL, 'java.io.StringReader@5ca28e44', 1706);
2022-10-10 14:33:47.255  INFO 4460 --- [    Test worker] p6spy                                    : #1665380027255 | took 0ms | statement | connection 24| url jdbc:h2:mem:ad3a9e80-f26d-4a3e-9691-17f803db5723
insert into picture (spot_id, url, picture_id) values (?, ?, ?)
insert into picture (spot_id, url, picture_id) values (NULL, 'java.io.StringReader@6c087c64', 1707);
2022-10-10 14:33:47.255  INFO 4460 --- [    Test worker] p6spy                                    : #1665380027255 | took 0ms | statement | connection 24| url jdbc:h2:mem:ad3a9e80-f26d-4a3e-9691-17f803db5723
insert into spot (address, description, location, name, score_id, spot_id) values (?, ?, ?, ?, ?, ?)
insert into spot (address, description, location, name, score_id, spot_id) values (NULL, NULL, 'Aewol_eup', NULL, 413, 479);
2022-10-10 14:33:47.255  INFO 4460 --- [    Test worker] p6spy                                    : #1665380027255 | took 0ms | statement | connection 24| url jdbc:h2:mem:ad3a9e80-f26d-4a3e-9691-17f803db5723
insert into member_spot (member_id, score, spot_id, member_spot_id) values (?, ?, ?, ?)
insert into member_spot (member_id, score, spot_id, member_spot_id) values (17, 0.0, 479, 1708);
2022-10-10 14:33:47.255  INFO 4460 --- [    Test worker] p6spy                                    : #1665380027255 | took 0ms | statement | connection 24| url jdbc:h2:mem:ad3a9e80-f26d-4a3e-9691-17f803db5723
insert into review (content, spot_id, review_id) values (?, ?, ?)
insert into review (content, spot_id, review_id) values ('java.io.StringReader@5d4fc083', 469, 415);
2022-10-10 14:33:47.255  INFO 4460 --- [    Test worker] p6spy                                    : #1665380027255 | took 0ms | statement | connection 24| url jdbc:h2:mem:ad3a9e80-f26d-4a3e-9691-17f803db5723
insert into favorite_spot (count, favorite_id, spot_id, favorite_spot_id) values (?, ?, ?, ?)
insert into favorite_spot (count, favorite_id, spot_id, favorite_spot_id) values (0, 38, 479, 376);
2022-10-10 14:33:47.255  INFO 4460 --- [    Test worker] p6spy                                    : #1665380027255 | took 0ms | statement | connection 24| url jdbc:h2:mem:ad3a9e80-f26d-4a3e-9691-17f803db5723
insert into score (facility_rank, facility_score, price_rank, price_score, rank_average, surround_rank, surround_score, view_rank, view_score, score_id) values (?, ?, ?, ?, ?, ?, ?, ?, ?, ?)
insert into score (facility_rank, facility_score, price_rank, price_score, rank_average, surround_rank, surround_score, view_rank, view_score, score_id) values (1.293572746225663, 0.2752230293528779, 7.840084916947815, 0.9669860814690001, 9.5014052663541, 1.460424438131085, 7.365116633982357, 9.284457422854413, 2.134391987599421, 414);
2022-10-10 14:33:47.255  INFO 4460 --- [    Test worker] p6spy                                    : #1665380027255 | took 0ms | statement | connection 24| url jdbc:h2:mem:ad3a9e80-f26d-4a3e-9691-17f803db5723
insert into picture (spot_id, url, picture_id) values (?, ?, ?)
insert into picture (spot_id, url, picture_id) values (NULL, 'java.io.StringReader@7aa5ea12', 1709);
2022-10-10 14:33:47.255  INFO 4460 --- [    Test worker] p6spy                                    : #1665380027255 | took 0ms | statement | connection 24| url jdbc:h2:mem:ad3a9e80-f26d-4a3e-9691-17f803db5723
insert into picture (spot_id, url, picture_id) values (?, ?, ?)
insert into picture (spot_id, url, picture_id) values (NULL, 'java.io.StringReader@5ee3b25e', 1710);
2022-10-10 14:33:47.255  INFO 4460 --- [    Test worker] p6spy                                    : #1665380027255 | took 0ms | statement | connection 24| url jdbc:h2:mem:ad3a9e80-f26d-4a3e-9691-17f803db5723
insert into picture (spot_id, url, picture_id) values (?, ?, ?)
insert into picture (spot_id, url, picture_id) values (NULL, 'java.io.StringReader@6f79bc22', 1711);
2022-10-10 14:33:47.255  INFO 4460 --- [    Test worker] p6spy                                    : #1665380027255 | took 0ms | statement | connection 24| url jdbc:h2:mem:ad3a9e80-f26d-4a3e-9691-17f803db5723
insert into spot (address, description, location, name, score_id, spot_id) values (?, ?, ?, ?, ?, ?)
insert into spot (address, description, location, name, score_id, spot_id) values (NULL, NULL, 'Aewol_eup', NULL, 414, 480);
2022-10-10 14:33:47.255  INFO 4460 --- [    Test worker] p6spy                                    : #1665380027255 | took 0ms | statement | connection 24| url jdbc:h2:mem:ad3a9e80-f26d-4a3e-9691-17f803db5723
insert into member_spot (member_id, score, spot_id, member_spot_id) values (?, ?, ?, ?)
insert into member_spot (member_id, score, spot_id, member_spot_id) values (17, 0.0, 480, 1712);
2022-10-10 14:33:47.255  INFO 4460 --- [    Test worker] p6spy                                    : #1665380027255 | took 0ms | statement | connection 24| url jdbc:h2:mem:ad3a9e80-f26d-4a3e-9691-17f803db5723
insert into review (content, spot_id, review_id) values (?, ?, ?)
insert into review (content, spot_id, review_id) values ('java.io.StringReader@4b6e75f1', 469, 416);
2022-10-10 14:33:47.255  INFO 4460 --- [    Test worker] p6spy                                    : #1665380027255 | took 0ms | statement | connection 24| url jdbc:h2:mem:ad3a9e80-f26d-4a3e-9691-17f803db5723
insert into score (facility_rank, facility_score, price_rank, price_score, rank_average, surround_rank, surround_score, view_rank, view_score, score_id) values (?, ?, ?, ?, ?, ?, ?, ?, ?, ?)
insert into score (facility_rank, facility_score, price_rank, price_score, rank_average, surround_rank, surround_score, view_rank, view_score, score_id) values (8.31689093933181, 1.598757276237538, 4.595102136584495, 1.7922491635917437, 8.21807217875463, 5.21192942031333, 9.388529037895696, 5.090950830188423, 1.606894274077143, 415);
2022-10-10 14:33:47.255  INFO 4460 --- [    Test worker] p6spy                                    : #1665380027255 | took 0ms | statement | connection 24| url jdbc:h2:mem:ad3a9e80-f26d-4a3e-9691-17f803db5723
insert into picture (spot_id, url, picture_id) values (?, ?, ?)
insert into picture (spot_id, url, picture_id) values (NULL, 'java.io.StringReader@2ad0806f', 1713);
2022-10-10 14:33:47.255  INFO 4460 --- [    Test worker] p6spy                                    : #1665380027255 | took 0ms | statement | connection 24| url jdbc:h2:mem:ad3a9e80-f26d-4a3e-9691-17f803db5723
insert into picture (spot_id, url, picture_id) values (?, ?, ?)
insert into picture (spot_id, url, picture_id) values (NULL, 'java.io.StringReader@36e4f1aa', 1714);
2022-10-10 14:33:47.255  INFO 4460 --- [    Test worker] p6spy                                    : #1665380027255 | took 0ms | statement | connection 24| url jdbc:h2:mem:ad3a9e80-f26d-4a3e-9691-17f803db5723
insert into picture (spot_id, url, picture_id) values (?, ?, ?)
insert into picture (spot_id, url, picture_id) values (NULL, 'java.io.StringReader@fb75c63', 1715);
2022-10-10 14:33:47.255  INFO 4460 --- [    Test worker] p6spy                                    : #1665380027255 | took 0ms | statement | connection 24| url jdbc:h2:mem:ad3a9e80-f26d-4a3e-9691-17f803db5723
insert into spot (address, description, location, name, score_id, spot_id) values (?, ?, ?, ?, ?, ?)
insert into spot (address, description, location, name, score_id, spot_id) values (NULL, NULL, 'Aewol_eup', NULL, 415, 481);
2022-10-10 14:33:47.255  INFO 4460 --- [    Test worker] p6spy                                    : #1665380027255 | took 0ms | statement | connection 24| url jdbc:h2:mem:ad3a9e80-f26d-4a3e-9691-17f803db5723
insert into member_spot (member_id, score, spot_id, member_spot_id) values (?, ?, ?, ?)
insert into member_spot (member_id, score, spot_id, member_spot_id) values (17, 0.0, 481, 1716);
2022-10-10 14:33:47.256  INFO 4460 --- [    Test worker] p6spy                                    : #1665380027256 | took 0ms | statement | connection 24| url jdbc:h2:mem:ad3a9e80-f26d-4a3e-9691-17f803db5723
insert into review (content, spot_id, review_id) values (?, ?, ?)
insert into review (content, spot_id, review_id) values ('java.io.StringReader@7b8e4501', 469, 417);
2022-10-10 14:33:47.256  INFO 4460 --- [    Test worker] p6spy                                    : #1665380027256 | took 0ms | statement | connection 24| url jdbc:h2:mem:ad3a9e80-f26d-4a3e-9691-17f803db5723
insert into favorite_spot (count, favorite_id, spot_id, favorite_spot_id) values (?, ?, ?, ?)
insert into favorite_spot (count, favorite_id, spot_id, favorite_spot_id) values (0, 38, 481, 377);
2022-10-10 14:33:47.256  INFO 4460 --- [    Test worker] p6spy                                    : #1665380027256 | took 0ms | statement | connection 24| url jdbc:h2:mem:ad3a9e80-f26d-4a3e-9691-17f803db5723
insert into score (facility_rank, facility_score, price_rank, price_score, rank_average, surround_rank, surround_score, view_rank, view_score, score_id) values (?, ?, ?, ?, ?, ?, ?, ?, ?, ?)
insert into score (facility_rank, facility_score, price_rank, price_score, rank_average, surround_rank, surround_score, view_rank, view_score, score_id) values (0.657370310873775, 5.221135353303241, 5.345285283639952, 5.606712628506779, 1.0217381661623848, 8.482860777636967, 1.5243354880186877, 9.202378377201367, 9.441455861880394, 416);
2022-10-10 14:33:47.256  INFO 4460 --- [    Test worker] p6spy                                    : #1665380027256 | took 0ms | statement | connection 24| url jdbc:h2:mem:ad3a9e80-f26d-4a3e-9691-17f803db5723
insert into picture (spot_id, url, picture_id) values (?, ?, ?)
insert into picture (spot_id, url, picture_id) values (NULL, 'java.io.StringReader@79303624', 1717);
2022-10-10 14:33:47.256  INFO 4460 --- [    Test worker] p6spy                                    : #1665380027256 | took 0ms | statement | connection 24| url jdbc:h2:mem:ad3a9e80-f26d-4a3e-9691-17f803db5723
insert into picture (spot_id, url, picture_id) values (?, ?, ?)
insert into picture (spot_id, url, picture_id) values (NULL, 'java.io.StringReader@14d954b4', 1718);
2022-10-10 14:33:47.256  INFO 4460 --- [    Test worker] p6spy                                    : #1665380027256 | took 0ms | statement | connection 24| url jdbc:h2:mem:ad3a9e80-f26d-4a3e-9691-17f803db5723
insert into picture (spot_id, url, picture_id) values (?, ?, ?)
insert into picture (spot_id, url, picture_id) values (NULL, 'java.io.StringReader@143f0603', 1719);
2022-10-10 14:33:47.256  INFO 4460 --- [    Test worker] p6spy                                    : #1665380027256 | took 0ms | statement | connection 24| url jdbc:h2:mem:ad3a9e80-f26d-4a3e-9691-17f803db5723
insert into spot (address, description, location, name, score_id, spot_id) values (?, ?, ?, ?, ?, ?)
insert into spot (address, description, location, name, score_id, spot_id) values (NULL, NULL, 'Aewol_eup', NULL, 416, 482);
2022-10-10 14:33:47.256  INFO 4460 --- [    Test worker] p6spy                                    : #1665380027256 | took 0ms | statement | connection 24| url jdbc:h2:mem:ad3a9e80-f26d-4a3e-9691-17f803db5723
insert into member_spot (member_id, score, spot_id, member_spot_id) values (?, ?, ?, ?)
insert into member_spot (member_id, score, spot_id, member_spot_id) values (17, 0.0, 482, 1720);
2022-10-10 14:33:47.256  INFO 4460 --- [    Test worker] p6spy                                    : #1665380027256 | took 0ms | statement | connection 24| url jdbc:h2:mem:ad3a9e80-f26d-4a3e-9691-17f803db5723
insert into review (content, spot_id, review_id) values (?, ?, ?)
insert into review (content, spot_id, review_id) values ('java.io.StringReader@5161ae11', 469, 418);
2022-10-10 14:33:47.256  INFO 4460 --- [    Test worker] p6spy                                    : #1665380027256 | took 0ms | statement | connection 24| url jdbc:h2:mem:ad3a9e80-f26d-4a3e-9691-17f803db5723
insert into score (facility_rank, facility_score, price_rank, price_score, rank_average, surround_rank, surround_score, view_rank, view_score, score_id) values (?, ?, ?, ?, ?, ?, ?, ?, ?, ?)
insert into score (facility_rank, facility_score, price_rank, price_score, rank_average, surround_rank, surround_score, view_rank, view_score, score_id) values (1.36863350541078, 9.045183636589211, 9.621528334459594, 8.070529001152082, 9.577891293151632, 8.34650948939959, 4.438882235047467, 8.856655989073866, 3.060576491621717, 417);
2022-10-10 14:33:47.256  INFO 4460 --- [    Test worker] p6spy                                    : #1665380027256 | took 0ms | statement | connection 24| url jdbc:h2:mem:ad3a9e80-f26d-4a3e-9691-17f803db5723
insert into picture (spot_id, url, picture_id) values (?, ?, ?)
insert into picture (spot_id, url, picture_id) values (NULL, 'java.io.StringReader@541d4e7f', 1721);
2022-10-10 14:33:47.256  INFO 4460 --- [    Test worker] p6spy                                    : #1665380027256 | took 0ms | statement | connection 24| url jdbc:h2:mem:ad3a9e80-f26d-4a3e-9691-17f803db5723
insert into picture (spot_id, url, picture_id) values (?, ?, ?)
insert into picture (spot_id, url, picture_id) values (NULL, 'java.io.StringReader@1c769525', 1722);
2022-10-10 14:33:47.256  INFO 4460 --- [    Test worker] p6spy                                    : #1665380027256 | took 0ms | statement | connection 24| url jdbc:h2:mem:ad3a9e80-f26d-4a3e-9691-17f803db5723
insert into picture (spot_id, url, picture_id) values (?, ?, ?)
insert into picture (spot_id, url, picture_id) values (NULL, 'java.io.StringReader@4e9492b6', 1723);
2022-10-10 14:33:47.256  INFO 4460 --- [    Test worker] p6spy                                    : #1665380027256 | took 0ms | statement | connection 24| url jdbc:h2:mem:ad3a9e80-f26d-4a3e-9691-17f803db5723
insert into spot (address, description, location, name, score_id, spot_id) values (?, ?, ?, ?, ?, ?)
insert into spot (address, description, location, name, score_id, spot_id) values (NULL, NULL, 'Aewol_eup', NULL, 417, 483);
2022-10-10 14:33:47.256  INFO 4460 --- [    Test worker] p6spy                                    : #1665380027256 | took 0ms | statement | connection 24| url jdbc:h2:mem:ad3a9e80-f26d-4a3e-9691-17f803db5723
insert into member_spot (member_id, score, spot_id, member_spot_id) values (?, ?, ?, ?)
insert into member_spot (member_id, score, spot_id, member_spot_id) values (17, 0.0, 483, 1724);
2022-10-10 14:33:47.256  INFO 4460 --- [    Test worker] p6spy                                    : #1665380027256 | took 0ms | statement | connection 24| url jdbc:h2:mem:ad3a9e80-f26d-4a3e-9691-17f803db5723
insert into review (content, spot_id, review_id) values (?, ?, ?)
insert into review (content, spot_id, review_id) values ('java.io.StringReader@32347dd4', 469, 419);
2022-10-10 14:33:47.256  INFO 4460 --- [    Test worker] p6spy                                    : #1665380027256 | took 0ms | statement | connection 24| url jdbc:h2:mem:ad3a9e80-f26d-4a3e-9691-17f803db5723
insert into favorite_spot (count, favorite_id, spot_id, favorite_spot_id) values (?, ?, ?, ?)
insert into favorite_spot (count, favorite_id, spot_id, favorite_spot_id) values (0, 38, 483, 378);
2022-10-10 14:33:47.256  INFO 4460 --- [    Test worker] p6spy                                    : #1665380027256 | took 0ms | statement | connection 24| url jdbc:h2:mem:ad3a9e80-f26d-4a3e-9691-17f803db5723
insert into score (facility_rank, facility_score, price_rank, price_score, rank_average, surround_rank, surround_score, view_rank, view_score, score_id) values (?, ?, ?, ?, ?, ?, ?, ?, ?, ?)
insert into score (facility_rank, facility_score, price_rank, price_score, rank_average, surround_rank, surround_score, view_rank, view_score, score_id) values (9.907172309501343, 5.442798366853103, 9.347946505276093, 6.0878070189094124, 4.1264195474349545, 4.569864469526056, 3.551564307100307, 3.138766043509773, 3.680478884231894, 418);
2022-10-10 14:33:47.256  INFO 4460 --- [    Test worker] p6spy                                    : #1665380027256 | took 0ms | statement | connection 24| url jdbc:h2:mem:ad3a9e80-f26d-4a3e-9691-17f803db5723
insert into picture (spot_id, url, picture_id) values (?, ?, ?)
insert into picture (spot_id, url, picture_id) values (NULL, 'java.io.StringReader@7f18bedc', 1725);
2022-10-10 14:33:47.256  INFO 4460 --- [    Test worker] p6spy                                    : #1665380027256 | took 0ms | statement | connection 24| url jdbc:h2:mem:ad3a9e80-f26d-4a3e-9691-17f803db5723
insert into picture (spot_id, url, picture_id) values (?, ?, ?)
insert into picture (spot_id, url, picture_id) values (NULL, 'java.io.StringReader@647df9e6', 1726);
2022-10-10 14:33:47.256  INFO 4460 --- [    Test worker] p6spy                                    : #1665380027256 | took 0ms | statement | connection 24| url jdbc:h2:mem:ad3a9e80-f26d-4a3e-9691-17f803db5723
insert into picture (spot_id, url, picture_id) values (?, ?, ?)
insert into picture (spot_id, url, picture_id) values (NULL, 'java.io.StringReader@c696c5d', 1727);
2022-10-10 14:33:47.256  INFO 4460 --- [    Test worker] p6spy                                    : #1665380027256 | took 0ms | statement | connection 24| url jdbc:h2:mem:ad3a9e80-f26d-4a3e-9691-17f803db5723
insert into spot (address, description, location, name, score_id, spot_id) values (?, ?, ?, ?, ?, ?)
insert into spot (address, description, location, name, score_id, spot_id) values (NULL, NULL, 'Aewol_eup', NULL, 418, 484);
2022-10-10 14:33:47.256  INFO 4460 --- [    Test worker] p6spy                                    : #1665380027256 | took 0ms | statement | connection 24| url jdbc:h2:mem:ad3a9e80-f26d-4a3e-9691-17f803db5723
insert into member_spot (member_id, score, spot_id, member_spot_id) values (?, ?, ?, ?)
insert into member_spot (member_id, score, spot_id, member_spot_id) values (17, 0.0, 484, 1728);
2022-10-10 14:33:47.256  INFO 4460 --- [    Test worker] p6spy                                    : #1665380027256 | took 0ms | statement | connection 24| url jdbc:h2:mem:ad3a9e80-f26d-4a3e-9691-17f803db5723
insert into review (content, spot_id, review_id) values (?, ?, ?)
insert into review (content, spot_id, review_id) values ('java.io.StringReader@46ae2cc0', 469, 420);
2022-10-10 14:33:47.256  INFO 4460 --- [    Test worker] p6spy                                    : #1665380027256 | took 0ms | statement | connection 24| url jdbc:h2:mem:ad3a9e80-f26d-4a3e-9691-17f803db5723
insert into score (facility_rank, facility_score, price_rank, price_score, rank_average, surround_rank, surround_score, view_rank, view_score, score_id) values (?, ?, ?, ?, ?, ?, ?, ?, ?, ?)
insert into score (facility_rank, facility_score, price_rank, price_score, rank_average, surround_rank, surround_score, view_rank, view_score, score_id) values (9.719631373186905, 3.3204137911753207, 8.16397296847292, 7.600955280204095, 1.8658339223758835, 3.5753262712985245, 7.733244348297576, 0.190704404528238, 3.90531620061061, 419);
2022-10-10 14:33:47.256  INFO 4460 --- [    Test worker] p6spy                                    : #1665380027256 | took 0ms | statement | connection 24| url jdbc:h2:mem:ad3a9e80-f26d-4a3e-9691-17f803db5723
insert into picture (spot_id, url, picture_id) values (?, ?, ?)
insert into picture (spot_id, url, picture_id) values (NULL, 'java.io.StringReader@368f3392', 1729);
2022-10-10 14:33:47.256  INFO 4460 --- [    Test worker] p6spy                                    : #1665380027256 | took 0ms | statement | connection 24| url jdbc:h2:mem:ad3a9e80-f26d-4a3e-9691-17f803db5723
insert into picture (spot_id, url, picture_id) values (?, ?, ?)
insert into picture (spot_id, url, picture_id) values (NULL, 'java.io.StringReader@5539f9de', 1730);
2022-10-10 14:33:47.256  INFO 4460 --- [    Test worker] p6spy                                    : #1665380027256 | took 0ms | statement | connection 24| url jdbc:h2:mem:ad3a9e80-f26d-4a3e-9691-17f803db5723
insert into picture (spot_id, url, picture_id) values (?, ?, ?)
insert into picture (spot_id, url, picture_id) values (NULL, 'java.io.StringReader@2c36992a', 1731);
2022-10-10 14:33:47.256  INFO 4460 --- [    Test worker] p6spy                                    : #1665380027256 | took 0ms | statement | connection 24| url jdbc:h2:mem:ad3a9e80-f26d-4a3e-9691-17f803db5723
insert into spot (address, description, location, name, score_id, spot_id) values (?, ?, ?, ?, ?, ?)
insert into spot (address, description, location, name, score_id, spot_id) values (NULL, NULL, 'Aewol_eup', NULL, 419, 485);
2022-10-10 14:33:47.256  INFO 4460 --- [    Test worker] p6spy                                    : #1665380027256 | took 0ms | statement | connection 24| url jdbc:h2:mem:ad3a9e80-f26d-4a3e-9691-17f803db5723
insert into member_spot (member_id, score, spot_id, member_spot_id) values (?, ?, ?, ?)
insert into member_spot (member_id, score, spot_id, member_spot_id) values (17, 0.0, 485, 1732);
2022-10-10 14:33:47.257  INFO 4460 --- [    Test worker] p6spy                                    : #1665380027257 | took 0ms | statement | connection 24| url jdbc:h2:mem:ad3a9e80-f26d-4a3e-9691-17f803db5723
insert into review (content, spot_id, review_id) values (?, ?, ?)
insert into review (content, spot_id, review_id) values ('java.io.StringReader@3e2667e0', 469, 421);
2022-10-10 14:33:47.257  INFO 4460 --- [    Test worker] p6spy                                    : #1665380027257 | took 0ms | statement | connection 24| url jdbc:h2:mem:ad3a9e80-f26d-4a3e-9691-17f803db5723
insert into favorite_spot (count, favorite_id, spot_id, favorite_spot_id) values (?, ?, ?, ?)
insert into favorite_spot (count, favorite_id, spot_id, favorite_spot_id) values (0, 38, 485, 379);
2022-10-10 14:33:47.257  INFO 4460 --- [    Test worker] p6spy                                    : #1665380027257 | took 0ms | statement | connection 24| url jdbc:h2:mem:ad3a9e80-f26d-4a3e-9691-17f803db5723
insert into score (facility_rank, facility_score, price_rank, price_score, rank_average, surround_rank, surround_score, view_rank, view_score, score_id) values (?, ?, ?, ?, ?, ?, ?, ?, ?, ?)
insert into score (facility_rank, facility_score, price_rank, price_score, rank_average, surround_rank, surround_score, view_rank, view_score, score_id) values (9.338658852044183, 7.264371764384543, 6.920276014224267, 2.9533765710201765, 2.110085622484746, 7.602034187982315, 3.3172484685657952, 6.411303368817616, 9.247878795888294, 420);
2022-10-10 14:33:47.257  INFO 4460 --- [    Test worker] p6spy                                    : #1665380027257 | took 0ms | statement | connection 24| url jdbc:h2:mem:ad3a9e80-f26d-4a3e-9691-17f803db5723
insert into picture (spot_id, url, picture_id) values (?, ?, ?)
insert into picture (spot_id, url, picture_id) values (NULL, 'java.io.StringReader@6216a80b', 1733);
2022-10-10 14:33:47.257  INFO 4460 --- [    Test worker] p6spy                                    : #1665380027257 | took 0ms | statement | connection 24| url jdbc:h2:mem:ad3a9e80-f26d-4a3e-9691-17f803db5723
insert into picture (spot_id, url, picture_id) values (?, ?, ?)
insert into picture (spot_id, url, picture_id) values (NULL, 'java.io.StringReader@261c58d2', 1734);
2022-10-10 14:33:47.257  INFO 4460 --- [    Test worker] p6spy                                    : #1665380027257 | took 0ms | statement | connection 24| url jdbc:h2:mem:ad3a9e80-f26d-4a3e-9691-17f803db5723
insert into picture (spot_id, url, picture_id) values (?, ?, ?)
insert into picture (spot_id, url, picture_id) values (NULL, 'java.io.StringReader@61c4f556', 1735);
2022-10-10 14:33:47.257  INFO 4460 --- [    Test worker] p6spy                                    : #1665380027257 | took 0ms | statement | connection 24| url jdbc:h2:mem:ad3a9e80-f26d-4a3e-9691-17f803db5723
insert into spot (address, description, location, name, score_id, spot_id) values (?, ?, ?, ?, ?, ?)
insert into spot (address, description, location, name, score_id, spot_id) values (NULL, NULL, 'Aewol_eup', NULL, 420, 486);
2022-10-10 14:33:47.257  INFO 4460 --- [    Test worker] p6spy                                    : #1665380027257 | took 0ms | statement | connection 24| url jdbc:h2:mem:ad3a9e80-f26d-4a3e-9691-17f803db5723
insert into member_spot (member_id, score, spot_id, member_spot_id) values (?, ?, ?, ?)
insert into member_spot (member_id, score, spot_id, member_spot_id) values (17, 0.0, 486, 1736);
2022-10-10 14:33:47.257  INFO 4460 --- [    Test worker] p6spy                                    : #1665380027257 | took 0ms | statement | connection 24| url jdbc:h2:mem:ad3a9e80-f26d-4a3e-9691-17f803db5723
insert into review (content, spot_id, review_id) values (?, ?, ?)
insert into review (content, spot_id, review_id) values ('java.io.StringReader@260072a8', 469, 422);
2022-10-10 14:33:47.257  INFO 4460 --- [    Test worker] p6spy                                    : #1665380027257 | took 0ms | statement | connection 24| url jdbc:h2:mem:ad3a9e80-f26d-4a3e-9691-17f803db5723
insert into score (facility_rank, facility_score, price_rank, price_score, rank_average, surround_rank, surround_score, view_rank, view_score, score_id) values (?, ?, ?, ?, ?, ?, ?, ?, ?, ?)
insert into score (facility_rank, facility_score, price_rank, price_score, rank_average, surround_rank, surround_score, view_rank, view_score, score_id) values (9.651912919061118, 6.653211497500248, 0.7476222325651571, 6.567651130615856, 1.8780249024122597, 5.081670294411898, 0.8576396182683543, 4.121530447951041, 8.258612331545129, 421);
2022-10-10 14:33:47.257  INFO 4460 --- [    Test worker] p6spy                                    : #1665380027257 | took 0ms | statement | connection 24| url jdbc:h2:mem:ad3a9e80-f26d-4a3e-9691-17f803db5723
insert into picture (spot_id, url, picture_id) values (?, ?, ?)
insert into picture (spot_id, url, picture_id) values (NULL, 'java.io.StringReader@26abbeef', 1737);
2022-10-10 14:33:47.257  INFO 4460 --- [    Test worker] p6spy                                    : #1665380027257 | took 0ms | statement | connection 24| url jdbc:h2:mem:ad3a9e80-f26d-4a3e-9691-17f803db5723
insert into picture (spot_id, url, picture_id) values (?, ?, ?)
insert into picture (spot_id, url, picture_id) values (NULL, 'java.io.StringReader@1f302749', 1738);
2022-10-10 14:33:47.257  INFO 4460 --- [    Test worker] p6spy                                    : #1665380027257 | took 0ms | statement | connection 24| url jdbc:h2:mem:ad3a9e80-f26d-4a3e-9691-17f803db5723
insert into picture (spot_id, url, picture_id) values (?, ?, ?)
insert into picture (spot_id, url, picture_id) values (NULL, 'java.io.StringReader@61cab492', 1739);
2022-10-10 14:33:47.257  INFO 4460 --- [    Test worker] p6spy                                    : #1665380027257 | took 0ms | statement | connection 24| url jdbc:h2:mem:ad3a9e80-f26d-4a3e-9691-17f803db5723
insert into spot (address, description, location, name, score_id, spot_id) values (?, ?, ?, ?, ?, ?)
insert into spot (address, description, location, name, score_id, spot_id) values (NULL, NULL, 'Aewol_eup', NULL, 421, 487);
2022-10-10 14:33:47.257  INFO 4460 --- [    Test worker] p6spy                                    : #1665380027257 | took 0ms | statement | connection 24| url jdbc:h2:mem:ad3a9e80-f26d-4a3e-9691-17f803db5723
insert into member_spot (member_id, score, spot_id, member_spot_id) values (?, ?, ?, ?)
insert into member_spot (member_id, score, spot_id, member_spot_id) values (17, 0.0, 487, 1740);
2022-10-10 14:33:47.257  INFO 4460 --- [    Test worker] p6spy                                    : #1665380027257 | took 0ms | statement | connection 24| url jdbc:h2:mem:ad3a9e80-f26d-4a3e-9691-17f803db5723
insert into review (content, spot_id, review_id) values (?, ?, ?)
insert into review (content, spot_id, review_id) values ('java.io.StringReader@7f328c5e', 469, 423);
2022-10-10 14:33:47.257  INFO 4460 --- [    Test worker] p6spy                                    : #1665380027257 | took 0ms | statement | connection 24| url jdbc:h2:mem:ad3a9e80-f26d-4a3e-9691-17f803db5723
insert into favorite_spot (count, favorite_id, spot_id, favorite_spot_id) values (?, ?, ?, ?)
insert into favorite_spot (count, favorite_id, spot_id, favorite_spot_id) values (0, 38, 487, 380);
2022-10-10 14:33:47.257  INFO 4460 --- [    Test worker] p6spy                                    : #1665380027257 | took 0ms | statement | connection 24| url jdbc:h2:mem:ad3a9e80-f26d-4a3e-9691-17f803db5723
insert into score (facility_rank, facility_score, price_rank, price_score, rank_average, surround_rank, surround_score, view_rank, view_score, score_id) values (?, ?, ?, ?, ?, ?, ?, ?, ?, ?)
insert into score (facility_rank, facility_score, price_rank, price_score, rank_average, surround_rank, surround_score, view_rank, view_score, score_id) values (9.915499205395932, 8.357223843922599, 6.20689956442701, 5.168655785421839, 8.648455091770913, 2.3684608131113305, 6.414460428877181, 4.938802097839141, 5.560771458518387, 422);
2022-10-10 14:33:47.257  INFO 4460 --- [    Test worker] p6spy                                    : #1665380027257 | took 0ms | statement | connection 24| url jdbc:h2:mem:ad3a9e80-f26d-4a3e-9691-17f803db5723
insert into picture (spot_id, url, picture_id) values (?, ?, ?)
insert into picture (spot_id, url, picture_id) values (NULL, 'java.io.StringReader@31443ab9', 1741);
2022-10-10 14:33:47.257  INFO 4460 --- [    Test worker] p6spy                                    : #1665380027257 | took 0ms | statement | connection 24| url jdbc:h2:mem:ad3a9e80-f26d-4a3e-9691-17f803db5723
insert into picture (spot_id, url, picture_id) values (?, ?, ?)
insert into picture (spot_id, url, picture_id) values (NULL, 'java.io.StringReader@2edd2bde', 1742);
2022-10-10 14:33:47.257  INFO 4460 --- [    Test worker] p6spy                                    : #1665380027257 | took 0ms | statement | connection 24| url jdbc:h2:mem:ad3a9e80-f26d-4a3e-9691-17f803db5723
insert into picture (spot_id, url, picture_id) values (?, ?, ?)
insert into picture (spot_id, url, picture_id) values (NULL, 'java.io.StringReader@11e02b0', 1743);
2022-10-10 14:33:47.257  INFO 4460 --- [    Test worker] p6spy                                    : #1665380027257 | took 0ms | statement | connection 24| url jdbc:h2:mem:ad3a9e80-f26d-4a3e-9691-17f803db5723
insert into spot (address, description, location, name, score_id, spot_id) values (?, ?, ?, ?, ?, ?)
insert into spot (address, description, location, name, score_id, spot_id) values (NULL, NULL, 'Aewol_eup', NULL, 422, 488);
2022-10-10 14:33:47.257  INFO 4460 --- [    Test worker] p6spy                                    : #1665380027257 | took 0ms | statement | connection 24| url jdbc:h2:mem:ad3a9e80-f26d-4a3e-9691-17f803db5723
insert into member_spot (member_id, score, spot_id, member_spot_id) values (?, ?, ?, ?)
insert into member_spot (member_id, score, spot_id, member_spot_id) values (17, 0.0, 488, 1744);
2022-10-10 14:33:47.257  INFO 4460 --- [    Test worker] p6spy                                    : #1665380027257 | took 0ms | statement | connection 24| url jdbc:h2:mem:ad3a9e80-f26d-4a3e-9691-17f803db5723
insert into review (content, spot_id, review_id) values (?, ?, ?)
insert into review (content, spot_id, review_id) values ('java.io.StringReader@18904f72', 469, 424);
2022-10-10 14:33:47.257  INFO 4460 --- [    Test worker] p6spy                                    : #1665380027257 | took 0ms | statement | connection 24| url jdbc:h2:mem:ad3a9e80-f26d-4a3e-9691-17f803db5723
insert into score (facility_rank, facility_score, price_rank, price_score, rank_average, surround_rank, surround_score, view_rank, view_score, score_id) values (?, ?, ?, ?, ?, ?, ?, ?, ?, ?)
insert into score (facility_rank, facility_score, price_rank, price_score, rank_average, surround_rank, surround_score, view_rank, view_score, score_id) values (1.9295193362289098, 6.325448734897082, 9.584587125230888, 2.2598925950209168, 0.32832206782829276, 4.979435901298871, 8.044514191384318, 2.3183363069118155, 4.483922358627707, 423);
2022-10-10 14:33:47.257  INFO 4460 --- [    Test worker] p6spy                                    : #1665380027257 | took 0ms | statement | connection 24| url jdbc:h2:mem:ad3a9e80-f26d-4a3e-9691-17f803db5723
insert into picture (spot_id, url, picture_id) values (?, ?, ?)
insert into picture (spot_id, url, picture_id) values (NULL, 'java.io.StringReader@423bf856', 1745);
2022-10-10 14:33:47.257  INFO 4460 --- [    Test worker] p6spy                                    : #1665380027257 | took 0ms | statement | connection 24| url jdbc:h2:mem:ad3a9e80-f26d-4a3e-9691-17f803db5723
insert into picture (spot_id, url, picture_id) values (?, ?, ?)
insert into picture (spot_id, url, picture_id) values (NULL, 'java.io.StringReader@2fc37aad', 1746);
2022-10-10 14:33:47.257  INFO 4460 --- [    Test worker] p6spy                                    : #1665380027257 | took 0ms | statement | connection 24| url jdbc:h2:mem:ad3a9e80-f26d-4a3e-9691-17f803db5723
insert into picture (spot_id, url, picture_id) values (?, ?, ?)
insert into picture (spot_id, url, picture_id) values (NULL, 'java.io.StringReader@67676e5b', 1747);
2022-10-10 14:33:47.257  INFO 4460 --- [    Test worker] p6spy                                    : #1665380027257 | took 0ms | statement | connection 24| url jdbc:h2:mem:ad3a9e80-f26d-4a3e-9691-17f803db5723
insert into spot (address, description, location, name, score_id, spot_id) values (?, ?, ?, ?, ?, ?)
insert into spot (address, description, location, name, score_id, spot_id) values (NULL, NULL, 'Aewol_eup', NULL, 423, 489);
2022-10-10 14:33:47.258  INFO 4460 --- [    Test worker] p6spy                                    : #1665380027258 | took 0ms | statement | connection 24| url jdbc:h2:mem:ad3a9e80-f26d-4a3e-9691-17f803db5723
insert into member_spot (member_id, score, spot_id, member_spot_id) values (?, ?, ?, ?)
insert into member_spot (member_id, score, spot_id, member_spot_id) values (17, 0.0, 489, 1748);
2022-10-10 14:33:47.258  INFO 4460 --- [    Test worker] p6spy                                    : #1665380027258 | took 0ms | statement | connection 24| url jdbc:h2:mem:ad3a9e80-f26d-4a3e-9691-17f803db5723
insert into review (content, spot_id, review_id) values (?, ?, ?)
insert into review (content, spot_id, review_id) values ('java.io.StringReader@14ae28ac', 469, 425);
2022-10-10 14:33:47.258  INFO 4460 --- [    Test worker] p6spy                                    : #1665380027258 | took 0ms | statement | connection 24| url jdbc:h2:mem:ad3a9e80-f26d-4a3e-9691-17f803db5723
insert into favorite_spot (count, favorite_id, spot_id, favorite_spot_id) values (?, ?, ?, ?)
insert into favorite_spot (count, favorite_id, spot_id, favorite_spot_id) values (0, 38, 489, 381);
2022-10-10 14:33:47.258  INFO 4460 --- [    Test worker] p6spy                                    : #1665380027258 | took 0ms | statement | connection 24| url jdbc:h2:mem:ad3a9e80-f26d-4a3e-9691-17f803db5723
insert into score (facility_rank, facility_score, price_rank, price_score, rank_average, surround_rank, surround_score, view_rank, view_score, score_id) values (?, ?, ?, ?, ?, ?, ?, ?, ?, ?)
insert into score (facility_rank, facility_score, price_rank, price_score, rank_average, surround_rank, surround_score, view_rank, view_score, score_id) values (3.4487833560021377, 1.6555479533486528, 3.5576484892173434, 5.426859136785382, 5.694698817413741, 2.201224137174064, 7.8980520252041355, 0.4476234758581088, 8.550548092142408, 424);
2022-10-10 14:33:47.258  INFO 4460 --- [    Test worker] p6spy                                    : #1665380027258 | took 0ms | statement | connection 24| url jdbc:h2:mem:ad3a9e80-f26d-4a3e-9691-17f803db5723
insert into picture (spot_id, url, picture_id) values (?, ?, ?)
insert into picture (spot_id, url, picture_id) values (NULL, 'java.io.StringReader@683f364', 1749);
2022-10-10 14:33:47.258  INFO 4460 --- [    Test worker] p6spy                                    : #1665380027258 | took 0ms | statement | connection 24| url jdbc:h2:mem:ad3a9e80-f26d-4a3e-9691-17f803db5723
insert into picture (spot_id, url, picture_id) values (?, ?, ?)
insert into picture (spot_id, url, picture_id) values (NULL, 'java.io.StringReader@16fef84c', 1750);
2022-10-10 14:33:47.258  INFO 4460 --- [    Test worker] p6spy                                    : #1665380027258 | took 0ms | statement | connection 24| url jdbc:h2:mem:ad3a9e80-f26d-4a3e-9691-17f803db5723
insert into picture (spot_id, url, picture_id) values (?, ?, ?)
insert into picture (spot_id, url, picture_id) values (NULL, 'java.io.StringReader@35922b09', 1751);
2022-10-10 14:33:47.258  INFO 4460 --- [    Test worker] p6spy                                    : #1665380027258 | took 0ms | statement | connection 24| url jdbc:h2:mem:ad3a9e80-f26d-4a3e-9691-17f803db5723
insert into spot (address, description, location, name, score_id, spot_id) values (?, ?, ?, ?, ?, ?)
insert into spot (address, description, location, name, score_id, spot_id) values (NULL, NULL, 'Aewol_eup', NULL, 424, 490);
2022-10-10 14:33:47.258  INFO 4460 --- [    Test worker] p6spy                                    : #1665380027258 | took 0ms | statement | connection 24| url jdbc:h2:mem:ad3a9e80-f26d-4a3e-9691-17f803db5723
insert into member_spot (member_id, score, spot_id, member_spot_id) values (?, ?, ?, ?)
insert into member_spot (member_id, score, spot_id, member_spot_id) values (17, 0.0, 490, 1752);
2022-10-10 14:33:47.258  INFO 4460 --- [    Test worker] p6spy                                    : #1665380027258 | took 0ms | statement | connection 24| url jdbc:h2:mem:ad3a9e80-f26d-4a3e-9691-17f803db5723
insert into review (content, spot_id, review_id) values (?, ?, ?)
insert into review (content, spot_id, review_id) values ('java.io.StringReader@7305aa29', 469, 426);
2022-10-10 14:33:47.258  INFO 4460 --- [    Test worker] p6spy                                    : #1665380027258 | took 0ms | statement | connection 24| url jdbc:h2:mem:ad3a9e80-f26d-4a3e-9691-17f803db5723
insert into score (facility_rank, facility_score, price_rank, price_score, rank_average, surround_rank, surround_score, view_rank, view_score, score_id) values (?, ?, ?, ?, ?, ?, ?, ?, ?, ?)
insert into score (facility_rank, facility_score, price_rank, price_score, rank_average, surround_rank, surround_score, view_rank, view_score, score_id) values (2.83426876423806, 0.7266151723203274, 4.1887919219138245, 1.9739997453417069, 4.010318443917695, 3.759449622957587, 9.80530045940564, 7.715011030672974, 2.6381000814946765, 425);
2022-10-10 14:33:47.258  INFO 4460 --- [    Test worker] p6spy                                    : #1665380027258 | took 0ms | statement | connection 24| url jdbc:h2:mem:ad3a9e80-f26d-4a3e-9691-17f803db5723
insert into picture (spot_id, url, picture_id) values (?, ?, ?)
insert into picture (spot_id, url, picture_id) values (NULL, 'java.io.StringReader@70812ffe', 1753);
2022-10-10 14:33:47.258  INFO 4460 --- [    Test worker] p6spy                                    : #1665380027258 | took 0ms | statement | connection 24| url jdbc:h2:mem:ad3a9e80-f26d-4a3e-9691-17f803db5723
insert into picture (spot_id, url, picture_id) values (?, ?, ?)
insert into picture (spot_id, url, picture_id) values (NULL, 'java.io.StringReader@630b8061', 1754);
2022-10-10 14:33:47.258  INFO 4460 --- [    Test worker] p6spy                                    : #1665380027258 | took 0ms | statement | connection 24| url jdbc:h2:mem:ad3a9e80-f26d-4a3e-9691-17f803db5723
insert into picture (spot_id, url, picture_id) values (?, ?, ?)
insert into picture (spot_id, url, picture_id) values (NULL, 'java.io.StringReader@3e406969', 1755);
2022-10-10 14:33:47.258  INFO 4460 --- [    Test worker] p6spy                                    : #1665380027258 | took 0ms | statement | connection 24| url jdbc:h2:mem:ad3a9e80-f26d-4a3e-9691-17f803db5723
insert into spot (address, description, location, name, score_id, spot_id) values (?, ?, ?, ?, ?, ?)
insert into spot (address, description, location, name, score_id, spot_id) values (NULL, NULL, 'Aewol_eup', NULL, 425, 491);
2022-10-10 14:33:47.258  INFO 4460 --- [    Test worker] p6spy                                    : #1665380027258 | took 0ms | statement | connection 24| url jdbc:h2:mem:ad3a9e80-f26d-4a3e-9691-17f803db5723
insert into member_spot (member_id, score, spot_id, member_spot_id) values (?, ?, ?, ?)
insert into member_spot (member_id, score, spot_id, member_spot_id) values (17, 0.0, 491, 1756);
2022-10-10 14:33:47.258  INFO 4460 --- [    Test worker] p6spy                                    : #1665380027258 | took 0ms | statement | connection 24| url jdbc:h2:mem:ad3a9e80-f26d-4a3e-9691-17f803db5723
insert into review (content, spot_id, review_id) values (?, ?, ?)
insert into review (content, spot_id, review_id) values ('java.io.StringReader@68fefa2c', 469, 427);
2022-10-10 14:33:47.258  INFO 4460 --- [    Test worker] p6spy                                    : #1665380027258 | took 0ms | statement | connection 24| url jdbc:h2:mem:ad3a9e80-f26d-4a3e-9691-17f803db5723
insert into favorite_spot (count, favorite_id, spot_id, favorite_spot_id) values (?, ?, ?, ?)
insert into favorite_spot (count, favorite_id, spot_id, favorite_spot_id) values (0, 38, 491, 382);
2022-10-10 14:33:47.258  INFO 4460 --- [    Test worker] p6spy                                    : #1665380027258 | took 0ms | statement | connection 24| url jdbc:h2:mem:ad3a9e80-f26d-4a3e-9691-17f803db5723
insert into score (facility_rank, facility_score, price_rank, price_score, rank_average, surround_rank, surround_score, view_rank, view_score, score_id) values (?, ?, ?, ?, ?, ?, ?, ?, ?, ?)
insert into score (facility_rank, facility_score, price_rank, price_score, rank_average, surround_rank, surround_score, view_rank, view_score, score_id) values (8.234246576757009, 7.808710290562254, 9.02337247198145, 9.613042242785134, 5.1109533776309215, 1.114068191138018, 9.115125930486016, 9.657314097381601, 2.2310605707134643, 426);
2022-10-10 14:33:47.258  INFO 4460 --- [    Test worker] p6spy                                    : #1665380027258 | took 0ms | statement | connection 24| url jdbc:h2:mem:ad3a9e80-f26d-4a3e-9691-17f803db5723
insert into picture (spot_id, url, picture_id) values (?, ?, ?)
insert into picture (spot_id, url, picture_id) values (NULL, 'java.io.StringReader@63be533d', 1757);
2022-10-10 14:33:47.258  INFO 4460 --- [    Test worker] p6spy                                    : #1665380027258 | took 0ms | statement | connection 24| url jdbc:h2:mem:ad3a9e80-f26d-4a3e-9691-17f803db5723
insert into picture (spot_id, url, picture_id) values (?, ?, ?)
insert into picture (spot_id, url, picture_id) values (NULL, 'java.io.StringReader@5ceec24', 1758);
2022-10-10 14:33:47.258  INFO 4460 --- [    Test worker] p6spy                                    : #1665380027258 | took 0ms | statement | connection 24| url jdbc:h2:mem:ad3a9e80-f26d-4a3e-9691-17f803db5723
insert into picture (spot_id, url, picture_id) values (?, ?, ?)
insert into picture (spot_id, url, picture_id) values (NULL, 'java.io.StringReader@2f5200f2', 1759);
2022-10-10 14:33:47.258  INFO 4460 --- [    Test worker] p6spy                                    : #1665380027258 | took 0ms | statement | connection 24| url jdbc:h2:mem:ad3a9e80-f26d-4a3e-9691-17f803db5723
insert into spot (address, description, location, name, score_id, spot_id) values (?, ?, ?, ?, ?, ?)
insert into spot (address, description, location, name, score_id, spot_id) values (NULL, NULL, 'Aewol_eup', NULL, 426, 492);
2022-10-10 14:33:47.258  INFO 4460 --- [    Test worker] p6spy                                    : #1665380027258 | took 0ms | statement | connection 24| url jdbc:h2:mem:ad3a9e80-f26d-4a3e-9691-17f803db5723
insert into member_spot (member_id, score, spot_id, member_spot_id) values (?, ?, ?, ?)
insert into member_spot (member_id, score, spot_id, member_spot_id) values (17, 0.0, 492, 1760);
2022-10-10 14:33:47.258  INFO 4460 --- [    Test worker] p6spy                                    : #1665380027258 | took 0ms | statement | connection 24| url jdbc:h2:mem:ad3a9e80-f26d-4a3e-9691-17f803db5723
insert into review (content, spot_id, review_id) values (?, ?, ?)
insert into review (content, spot_id, review_id) values ('java.io.StringReader@2ab826c0', 469, 428);
2022-10-10 14:33:47.258  INFO 4460 --- [    Test worker] p6spy                                    : #1665380027258 | took 0ms | statement | connection 24| url jdbc:h2:mem:ad3a9e80-f26d-4a3e-9691-17f803db5723
insert into score (facility_rank, facility_score, price_rank, price_score, rank_average, surround_rank, surround_score, view_rank, view_score, score_id) values (?, ?, ?, ?, ?, ?, ?, ?, ?, ?)
insert into score (facility_rank, facility_score, price_rank, price_score, rank_average, surround_rank, surround_score, view_rank, view_score, score_id) values (9.161270048473117, 1.0517764104094374, 2.390364290291107, 5.949129431885936, 5.297928505462746, 5.528938937324847, 6.031563810489158, 5.187136488906356, 0.8241952117679563, 427);
2022-10-10 14:33:47.258  INFO 4460 --- [    Test worker] p6spy                                    : #1665380027258 | took 0ms | statement | connection 24| url jdbc:h2:mem:ad3a9e80-f26d-4a3e-9691-17f803db5723
insert into picture (spot_id, url, picture_id) values (?, ?, ?)
insert into picture (spot_id, url, picture_id) values (NULL, 'java.io.StringReader@177dcd77', 1761);
2022-10-10 14:33:47.258  INFO 4460 --- [    Test worker] p6spy                                    : #1665380027258 | took 0ms | statement | connection 24| url jdbc:h2:mem:ad3a9e80-f26d-4a3e-9691-17f803db5723
insert into picture (spot_id, url, picture_id) values (?, ?, ?)
insert into picture (spot_id, url, picture_id) values (NULL, 'java.io.StringReader@cd0c71e', 1762);
2022-10-10 14:33:47.259  INFO 4460 --- [    Test worker] p6spy                                    : #1665380027259 | took 0ms | statement | connection 24| url jdbc:h2:mem:ad3a9e80-f26d-4a3e-9691-17f803db5723
insert into picture (spot_id, url, picture_id) values (?, ?, ?)
insert into picture (spot_id, url, picture_id) values (NULL, 'java.io.StringReader@615d500e', 1763);
2022-10-10 14:33:47.259  INFO 4460 --- [    Test worker] p6spy                                    : #1665380027259 | took 0ms | statement | connection 24| url jdbc:h2:mem:ad3a9e80-f26d-4a3e-9691-17f803db5723
insert into spot (address, description, location, name, score_id, spot_id) values (?, ?, ?, ?, ?, ?)
insert into spot (address, description, location, name, score_id, spot_id) values (NULL, NULL, 'Aewol_eup', NULL, 427, 493);
2022-10-10 14:33:47.259  INFO 4460 --- [    Test worker] p6spy                                    : #1665380027259 | took 0ms | statement | connection 24| url jdbc:h2:mem:ad3a9e80-f26d-4a3e-9691-17f803db5723
insert into member_spot (member_id, score, spot_id, member_spot_id) values (?, ?, ?, ?)
insert into member_spot (member_id, score, spot_id, member_spot_id) values (17, 0.0, 493, 1764);
2022-10-10 14:33:47.259  INFO 4460 --- [    Test worker] p6spy                                    : #1665380027259 | took 0ms | statement | connection 24| url jdbc:h2:mem:ad3a9e80-f26d-4a3e-9691-17f803db5723
insert into review (content, spot_id, review_id) values (?, ?, ?)
insert into review (content, spot_id, review_id) values ('java.io.StringReader@6079f9f', 469, 429);
2022-10-10 14:33:47.259  INFO 4460 --- [    Test worker] p6spy                                    : #1665380027259 | took 0ms | statement | connection 24| url jdbc:h2:mem:ad3a9e80-f26d-4a3e-9691-17f803db5723
insert into favorite_spot (count, favorite_id, spot_id, favorite_spot_id) values (?, ?, ?, ?)
insert into favorite_spot (count, favorite_id, spot_id, favorite_spot_id) values (0, 38, 493, 383);
2022-10-10 14:33:47.259  INFO 4460 --- [    Test worker] p6spy                                    : #1665380027259 | took 0ms | statement | connection 24| url jdbc:h2:mem:ad3a9e80-f26d-4a3e-9691-17f803db5723
insert into score (facility_rank, facility_score, price_rank, price_score, rank_average, surround_rank, surround_score, view_rank, view_score, score_id) values (?, ?, ?, ?, ?, ?, ?, ?, ?, ?)
insert into score (facility_rank, facility_score, price_rank, price_score, rank_average, surround_rank, surround_score, view_rank, view_score, score_id) values (1.7256966094457449, 5.473261561711102, 2.348993617856292, 6.404041654888079, 4.060627736252317, 2.3275899264136637, 1.726219721155129, 7.630972043718311, 6.313698634580089, 428);
2022-10-10 14:33:47.259  INFO 4460 --- [    Test worker] p6spy                                    : #1665380027259 | took 0ms | statement | connection 24| url jdbc:h2:mem:ad3a9e80-f26d-4a3e-9691-17f803db5723
insert into picture (spot_id, url, picture_id) values (?, ?, ?)
insert into picture (spot_id, url, picture_id) values (NULL, 'java.io.StringReader@571d28fe', 1765);
2022-10-10 14:33:47.259  INFO 4460 --- [    Test worker] p6spy                                    : #1665380027259 | took 0ms | statement | connection 24| url jdbc:h2:mem:ad3a9e80-f26d-4a3e-9691-17f803db5723
insert into picture (spot_id, url, picture_id) values (?, ?, ?)
insert into picture (spot_id, url, picture_id) values (NULL, 'java.io.StringReader@1b5bd1f5', 1766);
2022-10-10 14:33:47.259  INFO 4460 --- [    Test worker] p6spy                                    : #1665380027259 | took 0ms | statement | connection 24| url jdbc:h2:mem:ad3a9e80-f26d-4a3e-9691-17f803db5723
insert into picture (spot_id, url, picture_id) values (?, ?, ?)
insert into picture (spot_id, url, picture_id) values (NULL, 'java.io.StringReader@6bb22339', 1767);
2022-10-10 14:33:47.259  INFO 4460 --- [    Test worker] p6spy                                    : #1665380027259 | took 0ms | statement | connection 24| url jdbc:h2:mem:ad3a9e80-f26d-4a3e-9691-17f803db5723
insert into spot (address, description, location, name, score_id, spot_id) values (?, ?, ?, ?, ?, ?)
insert into spot (address, description, location, name, score_id, spot_id) values (NULL, NULL, 'Aewol_eup', NULL, 428, 494);
2022-10-10 14:33:47.259  INFO 4460 --- [    Test worker] p6spy                                    : #1665380027259 | took 0ms | statement | connection 24| url jdbc:h2:mem:ad3a9e80-f26d-4a3e-9691-17f803db5723
insert into member_spot (member_id, score, spot_id, member_spot_id) values (?, ?, ?, ?)
insert into member_spot (member_id, score, spot_id, member_spot_id) values (17, 0.0, 494, 1768);
2022-10-10 14:33:47.259  INFO 4460 --- [    Test worker] p6spy                                    : #1665380027259 | took 0ms | statement | connection 24| url jdbc:h2:mem:ad3a9e80-f26d-4a3e-9691-17f803db5723
insert into review (content, spot_id, review_id) values (?, ?, ?)
insert into review (content, spot_id, review_id) values ('java.io.StringReader@6e1421ff', 469, 430);
2022-10-10 14:33:47.259  INFO 4460 --- [    Test worker] p6spy                                    : #1665380027259 | took 0ms | statement | connection 24| url jdbc:h2:mem:ad3a9e80-f26d-4a3e-9691-17f803db5723
insert into score (facility_rank, facility_score, price_rank, price_score, rank_average, surround_rank, surround_score, view_rank, view_score, score_id) values (?, ?, ?, ?, ?, ?, ?, ?, ?, ?)
insert into score (facility_rank, facility_score, price_rank, price_score, rank_average, surround_rank, surround_score, view_rank, view_score, score_id) values (8.92974381947866, 2.4472315881746773, 8.993635710319484, 5.894970749426422, 1.8361247069253406, 6.6116718927455445, 8.516970017143349, 5.676803765234562, 5.085439780898408, 429);
2022-10-10 14:33:47.259  INFO 4460 --- [    Test worker] p6spy                                    : #1665380027259 | took 0ms | statement | connection 24| url jdbc:h2:mem:ad3a9e80-f26d-4a3e-9691-17f803db5723
insert into picture (spot_id, url, picture_id) values (?, ?, ?)
insert into picture (spot_id, url, picture_id) values (NULL, 'java.io.StringReader@7c7b0f5d', 1769);
2022-10-10 14:33:47.259  INFO 4460 --- [    Test worker] p6spy                                    : #1665380027259 | took 0ms | statement | connection 24| url jdbc:h2:mem:ad3a9e80-f26d-4a3e-9691-17f803db5723
insert into picture (spot_id, url, picture_id) values (?, ?, ?)
insert into picture (spot_id, url, picture_id) values (NULL, 'java.io.StringReader@75424865', 1770);
2022-10-10 14:33:47.259  INFO 4460 --- [    Test worker] p6spy                                    : #1665380027259 | took 0ms | statement | connection 24| url jdbc:h2:mem:ad3a9e80-f26d-4a3e-9691-17f803db5723
insert into picture (spot_id, url, picture_id) values (?, ?, ?)
insert into picture (spot_id, url, picture_id) values (NULL, 'java.io.StringReader@4a6eaf83', 1771);
2022-10-10 14:33:47.259  INFO 4460 --- [    Test worker] p6spy                                    : #1665380027259 | took 0ms | statement | connection 24| url jdbc:h2:mem:ad3a9e80-f26d-4a3e-9691-17f803db5723
insert into spot (address, description, location, name, score_id, spot_id) values (?, ?, ?, ?, ?, ?)
insert into spot (address, description, location, name, score_id, spot_id) values (NULL, NULL, 'Aewol_eup', NULL, 429, 495);
2022-10-10 14:33:47.259  INFO 4460 --- [    Test worker] p6spy                                    : #1665380027259 | took 0ms | statement | connection 24| url jdbc:h2:mem:ad3a9e80-f26d-4a3e-9691-17f803db5723
insert into member_spot (member_id, score, spot_id, member_spot_id) values (?, ?, ?, ?)
insert into member_spot (member_id, score, spot_id, member_spot_id) values (17, 0.0, 495, 1772);
2022-10-10 14:33:47.259  INFO 4460 --- [    Test worker] p6spy                                    : #1665380027259 | took 0ms | statement | connection 24| url jdbc:h2:mem:ad3a9e80-f26d-4a3e-9691-17f803db5723
insert into review (content, spot_id, review_id) values (?, ?, ?)
insert into review (content, spot_id, review_id) values ('java.io.StringReader@32d44570', 469, 431);
2022-10-10 14:33:47.259  INFO 4460 --- [    Test worker] p6spy                                    : #1665380027259 | took 0ms | statement | connection 24| url jdbc:h2:mem:ad3a9e80-f26d-4a3e-9691-17f803db5723
insert into favorite_spot (count, favorite_id, spot_id, favorite_spot_id) values (?, ?, ?, ?)
insert into favorite_spot (count, favorite_id, spot_id, favorite_spot_id) values (0, 38, 495, 384);
2022-10-10 14:33:47.259  INFO 4460 --- [    Test worker] p6spy                                    : #1665380027259 | took 0ms | statement | connection 24| url jdbc:h2:mem:ad3a9e80-f26d-4a3e-9691-17f803db5723
insert into score (facility_rank, facility_score, price_rank, price_score, rank_average, surround_rank, surround_score, view_rank, view_score, score_id) values (?, ?, ?, ?, ?, ?, ?, ?, ?, ?)
insert into score (facility_rank, facility_score, price_rank, price_score, rank_average, surround_rank, surround_score, view_rank, view_score, score_id) values (5.500248292325168, 4.812334030296764, 1.0889068921476153, 0.474327050806328, 0.3361503696212709, 8.39172706668595, 0.013890037991181048, 3.527462755839803, 8.970353992770438, 430);
2022-10-10 14:33:47.259  INFO 4460 --- [    Test worker] p6spy                                    : #1665380027259 | took 0ms | statement | connection 24| url jdbc:h2:mem:ad3a9e80-f26d-4a3e-9691-17f803db5723
insert into picture (spot_id, url, picture_id) values (?, ?, ?)
insert into picture (spot_id, url, picture_id) values (NULL, 'java.io.StringReader@72b06c51', 1773);
2022-10-10 14:33:47.259  INFO 4460 --- [    Test worker] p6spy                                    : #1665380027259 | took 0ms | statement | connection 24| url jdbc:h2:mem:ad3a9e80-f26d-4a3e-9691-17f803db5723
insert into picture (spot_id, url, picture_id) values (?, ?, ?)
insert into picture (spot_id, url, picture_id) values (NULL, 'java.io.StringReader@14416804', 1774);
2022-10-10 14:33:47.259  INFO 4460 --- [    Test worker] p6spy                                    : #1665380027259 | took 0ms | statement | connection 24| url jdbc:h2:mem:ad3a9e80-f26d-4a3e-9691-17f803db5723
insert into picture (spot_id, url, picture_id) values (?, ?, ?)
insert into picture (spot_id, url, picture_id) values (NULL, 'java.io.StringReader@baf2078', 1775);
2022-10-10 14:33:47.259  INFO 4460 --- [    Test worker] p6spy                                    : #1665380027259 | took 0ms | statement | connection 24| url jdbc:h2:mem:ad3a9e80-f26d-4a3e-9691-17f803db5723
insert into spot (address, description, location, name, score_id, spot_id) values (?, ?, ?, ?, ?, ?)
insert into spot (address, description, location, name, score_id, spot_id) values (NULL, NULL, 'Aewol_eup', NULL, 430, 496);
2022-10-10 14:33:47.259  INFO 4460 --- [    Test worker] p6spy                                    : #1665380027259 | took 0ms | statement | connection 24| url jdbc:h2:mem:ad3a9e80-f26d-4a3e-9691-17f803db5723
insert into member_spot (member_id, score, spot_id, member_spot_id) values (?, ?, ?, ?)
insert into member_spot (member_id, score, spot_id, member_spot_id) values (17, 0.0, 496, 1776);
2022-10-10 14:33:47.260  INFO 4460 --- [    Test worker] p6spy                                    : #1665380027260 | took 0ms | statement | connection 24| url jdbc:h2:mem:ad3a9e80-f26d-4a3e-9691-17f803db5723
insert into review (content, spot_id, review_id) values (?, ?, ?)
insert into review (content, spot_id, review_id) values ('java.io.StringReader@15013c85', 469, 432);
2022-10-10 14:33:47.260  INFO 4460 --- [    Test worker] p6spy                                    : #1665380027260 | took 0ms | statement | connection 24| url jdbc:h2:mem:ad3a9e80-f26d-4a3e-9691-17f803db5723
insert into score (facility_rank, facility_score, price_rank, price_score, rank_average, surround_rank, surround_score, view_rank, view_score, score_id) values (?, ?, ?, ?, ?, ?, ?, ?, ?, ?)
insert into score (facility_rank, facility_score, price_rank, price_score, rank_average, surround_rank, surround_score, view_rank, view_score, score_id) values (2.1073543615902244, 9.375942740241696, 2.496556831921751, 2.6974636220947277, 7.71892576575493, 2.186440535753883, 2.553055173558465, 5.861139974543537, 7.552053411029234, 431);
2022-10-10 14:33:47.260  INFO 4460 --- [    Test worker] p6spy                                    : #1665380027260 | took 0ms | statement | connection 24| url jdbc:h2:mem:ad3a9e80-f26d-4a3e-9691-17f803db5723
insert into picture (spot_id, url, picture_id) values (?, ?, ?)
insert into picture (spot_id, url, picture_id) values (NULL, 'java.io.StringReader@267e52da', 1777);
2022-10-10 14:33:47.260  INFO 4460 --- [    Test worker] p6spy                                    : #1665380027260 | took 0ms | statement | connection 24| url jdbc:h2:mem:ad3a9e80-f26d-4a3e-9691-17f803db5723
insert into picture (spot_id, url, picture_id) values (?, ?, ?)
insert into picture (spot_id, url, picture_id) values (NULL, 'java.io.StringReader@1c93a6b6', 1778);
2022-10-10 14:33:47.260  INFO 4460 --- [    Test worker] p6spy                                    : #1665380027260 | took 0ms | statement | connection 24| url jdbc:h2:mem:ad3a9e80-f26d-4a3e-9691-17f803db5723
insert into picture (spot_id, url, picture_id) values (?, ?, ?)
insert into picture (spot_id, url, picture_id) values (NULL, 'java.io.StringReader@5399412f', 1779);
2022-10-10 14:33:47.260  INFO 4460 --- [    Test worker] p6spy                                    : #1665380027260 | took 0ms | statement | connection 24| url jdbc:h2:mem:ad3a9e80-f26d-4a3e-9691-17f803db5723
insert into spot (address, description, location, name, score_id, spot_id) values (?, ?, ?, ?, ?, ?)
insert into spot (address, description, location, name, score_id, spot_id) values (NULL, NULL, 'Aewol_eup', NULL, 431, 497);
2022-10-10 14:33:47.260  INFO 4460 --- [    Test worker] p6spy                                    : #1665380027260 | took 0ms | statement | connection 24| url jdbc:h2:mem:ad3a9e80-f26d-4a3e-9691-17f803db5723
insert into member_spot (member_id, score, spot_id, member_spot_id) values (?, ?, ?, ?)
insert into member_spot (member_id, score, spot_id, member_spot_id) values (17, 0.0, 497, 1780);
2022-10-10 14:33:47.260  INFO 4460 --- [    Test worker] p6spy                                    : #1665380027260 | took 0ms | statement | connection 24| url jdbc:h2:mem:ad3a9e80-f26d-4a3e-9691-17f803db5723
insert into review (content, spot_id, review_id) values (?, ?, ?)
insert into review (content, spot_id, review_id) values ('java.io.StringReader@66f2f19e', 469, 433);
2022-10-10 14:33:47.260  INFO 4460 --- [    Test worker] p6spy                                    : #1665380027260 | took 0ms | statement | connection 24| url jdbc:h2:mem:ad3a9e80-f26d-4a3e-9691-17f803db5723
insert into favorite_spot (count, favorite_id, spot_id, favorite_spot_id) values (?, ?, ?, ?)
insert into favorite_spot (count, favorite_id, spot_id, favorite_spot_id) values (0, 38, 497, 385);
2022-10-10 14:33:47.260  INFO 4460 --- [    Test worker] p6spy                                    : #1665380027260 | took 0ms | statement | connection 24| url jdbc:h2:mem:ad3a9e80-f26d-4a3e-9691-17f803db5723
insert into score (facility_rank, facility_score, price_rank, price_score, rank_average, surround_rank, surround_score, view_rank, view_score, score_id) values (?, ?, ?, ?, ?, ?, ?, ?, ?, ?)
insert into score (facility_rank, facility_score, price_rank, price_score, rank_average, surround_rank, surround_score, view_rank, view_score, score_id) values (3.27370517268031, 9.529180709194138, 5.524030893098945, 8.983874930318272, 0.7226750947725946, 9.512742585588294, 2.9648371591358034, 9.540961404322019, 2.9750104338587233, 432);
2022-10-10 14:33:47.260  INFO 4460 --- [    Test worker] p6spy                                    : #1665380027260 | took 0ms | statement | connection 24| url jdbc:h2:mem:ad3a9e80-f26d-4a3e-9691-17f803db5723
insert into picture (spot_id, url, picture_id) values (?, ?, ?)
insert into picture (spot_id, url, picture_id) values (NULL, 'java.io.StringReader@63925c05', 1781);
2022-10-10 14:33:47.260  INFO 4460 --- [    Test worker] p6spy                                    : #1665380027260 | took 0ms | statement | connection 24| url jdbc:h2:mem:ad3a9e80-f26d-4a3e-9691-17f803db5723
insert into picture (spot_id, url, picture_id) values (?, ?, ?)
insert into picture (spot_id, url, picture_id) values (NULL, 'java.io.StringReader@372aaebd', 1782);
2022-10-10 14:33:47.260  INFO 4460 --- [    Test worker] p6spy                                    : #1665380027260 | took 0ms | statement | connection 24| url jdbc:h2:mem:ad3a9e80-f26d-4a3e-9691-17f803db5723
insert into picture (spot_id, url, picture_id) values (?, ?, ?)
insert into picture (spot_id, url, picture_id) values (NULL, 'java.io.StringReader@329ed0b8', 1783);
2022-10-10 14:33:47.260  INFO 4460 --- [    Test worker] p6spy                                    : #1665380027260 | took 0ms | statement | connection 24| url jdbc:h2:mem:ad3a9e80-f26d-4a3e-9691-17f803db5723
insert into spot (address, description, location, name, score_id, spot_id) values (?, ?, ?, ?, ?, ?)
insert into spot (address, description, location, name, score_id, spot_id) values (NULL, NULL, 'Aewol_eup', NULL, 432, 498);
2022-10-10 14:33:47.260  INFO 4460 --- [    Test worker] p6spy                                    : #1665380027260 | took 0ms | statement | connection 24| url jdbc:h2:mem:ad3a9e80-f26d-4a3e-9691-17f803db5723
insert into member_spot (member_id, score, spot_id, member_spot_id) values (?, ?, ?, ?)
insert into member_spot (member_id, score, spot_id, member_spot_id) values (17, 0.0, 498, 1784);
2022-10-10 14:33:47.260  INFO 4460 --- [    Test worker] p6spy                                    : #1665380027260 | took 0ms | statement | connection 24| url jdbc:h2:mem:ad3a9e80-f26d-4a3e-9691-17f803db5723
insert into review (content, spot_id, review_id) values (?, ?, ?)
insert into review (content, spot_id, review_id) values ('java.io.StringReader@371ca1a9', 469, 434);
2022-10-10 14:33:47.260  INFO 4460 --- [    Test worker] p6spy                                    : #1665380027260 | took 0ms | statement | connection 24| url jdbc:h2:mem:ad3a9e80-f26d-4a3e-9691-17f803db5723
insert into score (facility_rank, facility_score, price_rank, price_score, rank_average, surround_rank, surround_score, view_rank, view_score, score_id) values (?, ?, ?, ?, ?, ?, ?, ?, ?, ?)
insert into score (facility_rank, facility_score, price_rank, price_score, rank_average, surround_rank, surround_score, view_rank, view_score, score_id) values (9.207717576888502, 1.3240900189454297, 3.9010613997808887, 7.006402016557845, 2.6380729233973987, 1.0780640639676908, 0.8017417378889702, 5.4889426160479164, 4.335899582191789, 433);
2022-10-10 14:33:47.260  INFO 4460 --- [    Test worker] p6spy                                    : #1665380027260 | took 0ms | statement | connection 24| url jdbc:h2:mem:ad3a9e80-f26d-4a3e-9691-17f803db5723
insert into picture (spot_id, url, picture_id) values (?, ?, ?)
insert into picture (spot_id, url, picture_id) values (NULL, 'java.io.StringReader@6b462f42', 1785);
2022-10-10 14:33:47.260  INFO 4460 --- [    Test worker] p6spy                                    : #1665380027260 | took 0ms | statement | connection 24| url jdbc:h2:mem:ad3a9e80-f26d-4a3e-9691-17f803db5723
insert into picture (spot_id, url, picture_id) values (?, ?, ?)
insert into picture (spot_id, url, picture_id) values (NULL, 'java.io.StringReader@6906142b', 1786);
2022-10-10 14:33:47.260  INFO 4460 --- [    Test worker] p6spy                                    : #1665380027260 | took 0ms | statement | connection 24| url jdbc:h2:mem:ad3a9e80-f26d-4a3e-9691-17f803db5723
insert into picture (spot_id, url, picture_id) values (?, ?, ?)
insert into picture (spot_id, url, picture_id) values (NULL, 'java.io.StringReader@3f71d964', 1787);
2022-10-10 14:33:47.260  INFO 4460 --- [    Test worker] p6spy                                    : #1665380027260 | took 0ms | statement | connection 24| url jdbc:h2:mem:ad3a9e80-f26d-4a3e-9691-17f803db5723
insert into spot (address, description, location, name, score_id, spot_id) values (?, ?, ?, ?, ?, ?)
insert into spot (address, description, location, name, score_id, spot_id) values (NULL, NULL, 'Aewol_eup', NULL, 433, 499);
2022-10-10 14:33:47.260  INFO 4460 --- [    Test worker] p6spy                                    : #1665380027260 | took 0ms | statement | connection 24| url jdbc:h2:mem:ad3a9e80-f26d-4a3e-9691-17f803db5723
insert into member_spot (member_id, score, spot_id, member_spot_id) values (?, ?, ?, ?)
insert into member_spot (member_id, score, spot_id, member_spot_id) values (17, 0.0, 499, 1788);
2022-10-10 14:33:47.260  INFO 4460 --- [    Test worker] p6spy                                    : #1665380027260 | took 0ms | statement | connection 24| url jdbc:h2:mem:ad3a9e80-f26d-4a3e-9691-17f803db5723
insert into review (content, spot_id, review_id) values (?, ?, ?)
insert into review (content, spot_id, review_id) values ('java.io.StringReader@3dfa95e7', 469, 435);
2022-10-10 14:33:47.260  INFO 4460 --- [    Test worker] p6spy                                    : #1665380027260 | took 0ms | statement | connection 24| url jdbc:h2:mem:ad3a9e80-f26d-4a3e-9691-17f803db5723
insert into favorite_spot (count, favorite_id, spot_id, favorite_spot_id) values (?, ?, ?, ?)
insert into favorite_spot (count, favorite_id, spot_id, favorite_spot_id) values (0, 38, 499, 386);
2022-10-10 14:33:47.260  INFO 4460 --- [    Test worker] p6spy                                    : #1665380027260 | took 0ms | statement | connection 24| url jdbc:h2:mem:ad3a9e80-f26d-4a3e-9691-17f803db5723
insert into score (facility_rank, facility_score, price_rank, price_score, rank_average, surround_rank, surround_score, view_rank, view_score, score_id) values (?, ?, ?, ?, ?, ?, ?, ?, ?, ?)
insert into score (facility_rank, facility_score, price_rank, price_score, rank_average, surround_rank, surround_score, view_rank, view_score, score_id) values (4.729222185112852, 4.101054216707423, 8.424432562781476, 9.830982216227572, 3.9499910720759788, 3.5422006877929277, 2.0270442702362623, 6.655898709870277, 3.9379555469594774, 434);
2022-10-10 14:33:47.260  INFO 4460 --- [    Test worker] p6spy                                    : #1665380027260 | took 0ms | statement | connection 24| url jdbc:h2:mem:ad3a9e80-f26d-4a3e-9691-17f803db5723
insert into picture (spot_id, url, picture_id) values (?, ?, ?)
insert into picture (spot_id, url, picture_id) values (NULL, 'java.io.StringReader@2f0001bd', 1789);
2022-10-10 14:33:47.260  INFO 4460 --- [    Test worker] p6spy                                    : #1665380027260 | took 0ms | statement | connection 24| url jdbc:h2:mem:ad3a9e80-f26d-4a3e-9691-17f803db5723
insert into picture (spot_id, url, picture_id) values (?, ?, ?)
insert into picture (spot_id, url, picture_id) values (NULL, 'java.io.StringReader@7b31035d', 1790);
2022-10-10 14:33:47.260  INFO 4460 --- [    Test worker] p6spy                                    : #1665380027260 | took 0ms | statement | connection 24| url jdbc:h2:mem:ad3a9e80-f26d-4a3e-9691-17f803db5723
insert into picture (spot_id, url, picture_id) values (?, ?, ?)
insert into picture (spot_id, url, picture_id) values (NULL, 'java.io.StringReader@9e6519c', 1791);
2022-10-10 14:33:47.260  INFO 4460 --- [    Test worker] p6spy                                    : #1665380027260 | took 0ms | statement | connection 24| url jdbc:h2:mem:ad3a9e80-f26d-4a3e-9691-17f803db5723
insert into spot (address, description, location, name, score_id, spot_id) values (?, ?, ?, ?, ?, ?)
insert into spot (address, description, location, name, score_id, spot_id) values (NULL, NULL, 'Aewol_eup', NULL, 434, 500);
2022-10-10 14:33:47.261  INFO 4460 --- [    Test worker] p6spy                                    : #1665380027261 | took 0ms | statement | connection 24| url jdbc:h2:mem:ad3a9e80-f26d-4a3e-9691-17f803db5723
insert into member_spot (member_id, score, spot_id, member_spot_id) values (?, ?, ?, ?)
insert into member_spot (member_id, score, spot_id, member_spot_id) values (17, 0.0, 500, 1792);
2022-10-10 14:33:47.261  INFO 4460 --- [    Test worker] p6spy                                    : #1665380027261 | took 0ms | statement | connection 24| url jdbc:h2:mem:ad3a9e80-f26d-4a3e-9691-17f803db5723
insert into review (content, spot_id, review_id) values (?, ?, ?)
insert into review (content, spot_id, review_id) values ('java.io.StringReader@78a686e3', 469, 436);
2022-10-10 14:33:47.261  INFO 4460 --- [    Test worker] p6spy                                    : #1665380027261 | took 0ms | statement | connection 24| url jdbc:h2:mem:ad3a9e80-f26d-4a3e-9691-17f803db5723
insert into score (facility_rank, facility_score, price_rank, price_score, rank_average, surround_rank, surround_score, view_rank, view_score, score_id) values (?, ?, ?, ?, ?, ?, ?, ?, ?, ?)
insert into score (facility_rank, facility_score, price_rank, price_score, rank_average, surround_rank, surround_score, view_rank, view_score, score_id) values (9.125084861059257, 5.584776655705035, 5.376580915564492, 1.4844248421501482, 6.5237875473910245, 7.123918471652941, 3.2200591252576727, 2.9405578399662025, 1.7831090059863908, 435);
2022-10-10 14:33:47.261  INFO 4460 --- [    Test worker] p6spy                                    : #1665380027261 | took 0ms | statement | connection 24| url jdbc:h2:mem:ad3a9e80-f26d-4a3e-9691-17f803db5723
insert into picture (spot_id, url, picture_id) values (?, ?, ?)
insert into picture (spot_id, url, picture_id) values (NULL, 'java.io.StringReader@af644de', 1793);
2022-10-10 14:33:47.261  INFO 4460 --- [    Test worker] p6spy                                    : #1665380027261 | took 0ms | statement | connection 24| url jdbc:h2:mem:ad3a9e80-f26d-4a3e-9691-17f803db5723
insert into picture (spot_id, url, picture_id) values (?, ?, ?)
insert into picture (spot_id, url, picture_id) values (NULL, 'java.io.StringReader@314a5f5a', 1794);
2022-10-10 14:33:47.261  INFO 4460 --- [    Test worker] p6spy                                    : #1665380027261 | took 0ms | statement | connection 24| url jdbc:h2:mem:ad3a9e80-f26d-4a3e-9691-17f803db5723
insert into picture (spot_id, url, picture_id) values (?, ?, ?)
insert into picture (spot_id, url, picture_id) values (NULL, 'java.io.StringReader@2c591408', 1795);
2022-10-10 14:33:47.261  INFO 4460 --- [    Test worker] p6spy                                    : #1665380027261 | took 0ms | statement | connection 24| url jdbc:h2:mem:ad3a9e80-f26d-4a3e-9691-17f803db5723
insert into spot (address, description, location, name, score_id, spot_id) values (?, ?, ?, ?, ?, ?)
insert into spot (address, description, location, name, score_id, spot_id) values (NULL, NULL, 'Aewol_eup', NULL, 435, 501);
2022-10-10 14:33:47.261  INFO 4460 --- [    Test worker] p6spy                                    : #1665380027261 | took 0ms | statement | connection 24| url jdbc:h2:mem:ad3a9e80-f26d-4a3e-9691-17f803db5723
insert into member_spot (member_id, score, spot_id, member_spot_id) values (?, ?, ?, ?)
insert into member_spot (member_id, score, spot_id, member_spot_id) values (17, 0.0, 501, 1796);
2022-10-10 14:33:47.261  INFO 4460 --- [    Test worker] p6spy                                    : #1665380027261 | took 0ms | statement | connection 24| url jdbc:h2:mem:ad3a9e80-f26d-4a3e-9691-17f803db5723
insert into review (content, spot_id, review_id) values (?, ?, ?)
insert into review (content, spot_id, review_id) values ('java.io.StringReader@2ab8455', 469, 437);
2022-10-10 14:33:47.261  INFO 4460 --- [    Test worker] p6spy                                    : #1665380027261 | took 0ms | statement | connection 24| url jdbc:h2:mem:ad3a9e80-f26d-4a3e-9691-17f803db5723
insert into favorite_spot (count, favorite_id, spot_id, favorite_spot_id) values (?, ?, ?, ?)
insert into favorite_spot (count, favorite_id, spot_id, favorite_spot_id) values (0, 38, 501, 387);
2022-10-10 14:33:47.261  INFO 4460 --- [    Test worker] p6spy                                    : #1665380027261 | took 0ms | statement | connection 24| url jdbc:h2:mem:ad3a9e80-f26d-4a3e-9691-17f803db5723
insert into score (facility_rank, facility_score, price_rank, price_score, rank_average, surround_rank, surround_score, view_rank, view_score, score_id) values (?, ?, ?, ?, ?, ?, ?, ?, ?, ?)
insert into score (facility_rank, facility_score, price_rank, price_score, rank_average, surround_rank, surround_score, view_rank, view_score, score_id) values (2.0096913564739696, 8.535355361481813, 5.994757282550589, 2.2383955475365602, 8.112053885572506, 7.4999266361239245, 8.877464223961507, 0.11464459958295925, 8.614021203047098, 436);
2022-10-10 14:33:47.261  INFO 4460 --- [    Test worker] p6spy                                    : #1665380027261 | took 0ms | statement | connection 24| url jdbc:h2:mem:ad3a9e80-f26d-4a3e-9691-17f803db5723
insert into picture (spot_id, url, picture_id) values (?, ?, ?)
insert into picture (spot_id, url, picture_id) values (NULL, 'java.io.StringReader@3b1ff451', 1797);
2022-10-10 14:33:47.261  INFO 4460 --- [    Test worker] p6spy                                    : #1665380027261 | took 0ms | statement | connection 24| url jdbc:h2:mem:ad3a9e80-f26d-4a3e-9691-17f803db5723
insert into picture (spot_id, url, picture_id) values (?, ?, ?)
insert into picture (spot_id, url, picture_id) values (NULL, 'java.io.StringReader@13a7d728', 1798);
2022-10-10 14:33:47.261  INFO 4460 --- [    Test worker] p6spy                                    : #1665380027261 | took 0ms | statement | connection 24| url jdbc:h2:mem:ad3a9e80-f26d-4a3e-9691-17f803db5723
insert into picture (spot_id, url, picture_id) values (?, ?, ?)
insert into picture (spot_id, url, picture_id) values (NULL, 'java.io.StringReader@669638a1', 1799);
2022-10-10 14:33:47.261  INFO 4460 --- [    Test worker] p6spy                                    : #1665380027261 | took 0ms | statement | connection 24| url jdbc:h2:mem:ad3a9e80-f26d-4a3e-9691-17f803db5723
insert into spot (address, description, location, name, score_id, spot_id) values (?, ?, ?, ?, ?, ?)
insert into spot (address, description, location, name, score_id, spot_id) values (NULL, NULL, 'Aewol_eup', NULL, 436, 502);
2022-10-10 14:33:47.261  INFO 4460 --- [    Test worker] p6spy                                    : #1665380027261 | took 0ms | statement | connection 24| url jdbc:h2:mem:ad3a9e80-f26d-4a3e-9691-17f803db5723
insert into member_spot (member_id, score, spot_id, member_spot_id) values (?, ?, ?, ?)
insert into member_spot (member_id, score, spot_id, member_spot_id) values (17, 0.0, 502, 1800);
2022-10-10 14:33:47.261  INFO 4460 --- [    Test worker] p6spy                                    : #1665380027261 | took 0ms | statement | connection 24| url jdbc:h2:mem:ad3a9e80-f26d-4a3e-9691-17f803db5723
insert into review (content, spot_id, review_id) values (?, ?, ?)
insert into review (content, spot_id, review_id) values ('java.io.StringReader@3b91ed0e', 469, 438);
2022-10-10 14:33:47.261  INFO 4460 --- [    Test worker] p6spy                                    : #1665380027261 | took 0ms | statement | connection 24| url jdbc:h2:mem:ad3a9e80-f26d-4a3e-9691-17f803db5723
insert into score (facility_rank, facility_score, price_rank, price_score, rank_average, surround_rank, surround_score, view_rank, view_score, score_id) values (?, ?, ?, ?, ?, ?, ?, ?, ?, ?)
insert into score (facility_rank, facility_score, price_rank, price_score, rank_average, surround_rank, surround_score, view_rank, view_score, score_id) values (2.613824077437754, 6.244139737002923, 4.7808762631864585, 4.28316874219105, 2.818790602868239, 3.8991453278892543, 9.347288301249673, 6.015019047614163, 2.427730120468973, 437);
2022-10-10 14:33:47.261  INFO 4460 --- [    Test worker] p6spy                                    : #1665380027261 | took 0ms | statement | connection 24| url jdbc:h2:mem:ad3a9e80-f26d-4a3e-9691-17f803db5723
insert into picture (spot_id, url, picture_id) values (?, ?, ?)
insert into picture (spot_id, url, picture_id) values (NULL, 'java.io.StringReader@2a60598d', 1801);
2022-10-10 14:33:47.261  INFO 4460 --- [    Test worker] p6spy                                    : #1665380027261 | took 0ms | statement | connection 24| url jdbc:h2:mem:ad3a9e80-f26d-4a3e-9691-17f803db5723
insert into picture (spot_id, url, picture_id) values (?, ?, ?)
insert into picture (spot_id, url, picture_id) values (NULL, 'java.io.StringReader@93a54e3', 1802);
2022-10-10 14:33:47.261  INFO 4460 --- [    Test worker] p6spy                                    : #1665380027261 | took 0ms | statement | connection 24| url jdbc:h2:mem:ad3a9e80-f26d-4a3e-9691-17f803db5723
insert into picture (spot_id, url, picture_id) values (?, ?, ?)
insert into picture (spot_id, url, picture_id) values (NULL, 'java.io.StringReader@288710bd', 1803);
2022-10-10 14:33:47.261  INFO 4460 --- [    Test worker] p6spy                                    : #1665380027261 | took 0ms | statement | connection 24| url jdbc:h2:mem:ad3a9e80-f26d-4a3e-9691-17f803db5723
insert into spot (address, description, location, name, score_id, spot_id) values (?, ?, ?, ?, ?, ?)
insert into spot (address, description, location, name, score_id, spot_id) values (NULL, NULL, 'Aewol_eup', NULL, 437, 503);
2022-10-10 14:33:47.261  INFO 4460 --- [    Test worker] p6spy                                    : #1665380027261 | took 0ms | statement | connection 24| url jdbc:h2:mem:ad3a9e80-f26d-4a3e-9691-17f803db5723
insert into member_spot (member_id, score, spot_id, member_spot_id) values (?, ?, ?, ?)
insert into member_spot (member_id, score, spot_id, member_spot_id) values (17, 0.0, 503, 1804);
2022-10-10 14:33:47.261  INFO 4460 --- [    Test worker] p6spy                                    : #1665380027261 | took 0ms | statement | connection 24| url jdbc:h2:mem:ad3a9e80-f26d-4a3e-9691-17f803db5723
insert into review (content, spot_id, review_id) values (?, ?, ?)
insert into review (content, spot_id, review_id) values ('java.io.StringReader@7798de33', 469, 439);
2022-10-10 14:33:47.261  INFO 4460 --- [    Test worker] p6spy                                    : #1665380027261 | took 0ms | statement | connection 24| url jdbc:h2:mem:ad3a9e80-f26d-4a3e-9691-17f803db5723
insert into favorite_spot (count, favorite_id, spot_id, favorite_spot_id) values (?, ?, ?, ?)
insert into favorite_spot (count, favorite_id, spot_id, favorite_spot_id) values (0, 38, 503, 388);
2022-10-10 14:33:47.261  INFO 4460 --- [    Test worker] p6spy                                    : #1665380027261 | took 0ms | statement | connection 24| url jdbc:h2:mem:ad3a9e80-f26d-4a3e-9691-17f803db5723
insert into score (facility_rank, facility_score, price_rank, price_score, rank_average, surround_rank, surround_score, view_rank, view_score, score_id) values (?, ?, ?, ?, ?, ?, ?, ?, ?, ?)
insert into score (facility_rank, facility_score, price_rank, price_score, rank_average, surround_rank, surround_score, view_rank, view_score, score_id) values (7.696682276945969, 6.525727104525949, 9.197921796427492, 9.074214660994143, 6.237540476435938, 7.875554916301786, 1.587311481498439, 5.4725470578160955, 3.8253620139380384, 438);
2022-10-10 14:33:47.261  INFO 4460 --- [    Test worker] p6spy                                    : #1665380027261 | took 0ms | statement | connection 24| url jdbc:h2:mem:ad3a9e80-f26d-4a3e-9691-17f803db5723
insert into picture (spot_id, url, picture_id) values (?, ?, ?)
insert into picture (spot_id, url, picture_id) values (NULL, 'java.io.StringReader@11c33baa', 1805);
2022-10-10 14:33:47.261  INFO 4460 --- [    Test worker] p6spy                                    : #1665380027261 | took 0ms | statement | connection 24| url jdbc:h2:mem:ad3a9e80-f26d-4a3e-9691-17f803db5723
insert into picture (spot_id, url, picture_id) values (?, ?, ?)
insert into picture (spot_id, url, picture_id) values (NULL, 'java.io.StringReader@49d54ae7', 1806);
2022-10-10 14:33:47.261  INFO 4460 --- [    Test worker] p6spy                                    : #1665380027261 | took 0ms | statement | connection 24| url jdbc:h2:mem:ad3a9e80-f26d-4a3e-9691-17f803db5723
insert into picture (spot_id, url, picture_id) values (?, ?, ?)
insert into picture (spot_id, url, picture_id) values (NULL, 'java.io.StringReader@47a87bdd', 1807);
2022-10-10 14:33:47.261  INFO 4460 --- [    Test worker] p6spy                                    : #1665380027261 | took 0ms | statement | connection 24| url jdbc:h2:mem:ad3a9e80-f26d-4a3e-9691-17f803db5723
insert into spot (address, description, location, name, score_id, spot_id) values (?, ?, ?, ?, ?, ?)
insert into spot (address, description, location, name, score_id, spot_id) values (NULL, NULL, 'Aewol_eup', NULL, 438, 504);
2022-10-10 14:33:47.261  INFO 4460 --- [    Test worker] p6spy                                    : #1665380027261 | took 0ms | statement | connection 24| url jdbc:h2:mem:ad3a9e80-f26d-4a3e-9691-17f803db5723
insert into member_spot (member_id, score, spot_id, member_spot_id) values (?, ?, ?, ?)
insert into member_spot (member_id, score, spot_id, member_spot_id) values (17, 0.0, 504, 1808);
2022-10-10 14:33:47.261  INFO 4460 --- [    Test worker] p6spy                                    : #1665380027261 | took 0ms | statement | connection 24| url jdbc:h2:mem:ad3a9e80-f26d-4a3e-9691-17f803db5723
insert into review (content, spot_id, review_id) values (?, ?, ?)
insert into review (content, spot_id, review_id) values ('java.io.StringReader@39e1b1a4', 469, 440);
2022-10-10 14:33:47.261  INFO 4460 --- [    Test worker] p6spy                                    : #1665380027261 | took 0ms | statement | connection 24| url jdbc:h2:mem:ad3a9e80-f26d-4a3e-9691-17f803db5723
insert into score (facility_rank, facility_score, price_rank, price_score, rank_average, surround_rank, surround_score, view_rank, view_score, score_id) values (?, ?, ?, ?, ?, ?, ?, ?, ?, ?)
insert into score (facility_rank, facility_score, price_rank, price_score, rank_average, surround_rank, surround_score, view_rank, view_score, score_id) values (4.57078445178658, 7.037167058141946, 0.5500980177891901, 9.449834065849512, 5.492481880875508, 3.4086399698243497, 0.4229711941286629, 6.786348664307981, 2.7453757214385655, 439);
2022-10-10 14:33:47.262  INFO 4460 --- [    Test worker] p6spy                                    : #1665380027262 | took 0ms | statement | connection 24| url jdbc:h2:mem:ad3a9e80-f26d-4a3e-9691-17f803db5723
insert into picture (spot_id, url, picture_id) values (?, ?, ?)
insert into picture (spot_id, url, picture_id) values (NULL, 'java.io.StringReader@4e6aa695', 1809);
2022-10-10 14:33:47.262  INFO 4460 --- [    Test worker] p6spy                                    : #1665380027262 | took 0ms | statement | connection 24| url jdbc:h2:mem:ad3a9e80-f26d-4a3e-9691-17f803db5723
insert into picture (spot_id, url, picture_id) values (?, ?, ?)
insert into picture (spot_id, url, picture_id) values (NULL, 'java.io.StringReader@214987b6', 1810);
2022-10-10 14:33:47.262  INFO 4460 --- [    Test worker] p6spy                                    : #1665380027262 | took 0ms | statement | connection 24| url jdbc:h2:mem:ad3a9e80-f26d-4a3e-9691-17f803db5723
insert into picture (spot_id, url, picture_id) values (?, ?, ?)
insert into picture (spot_id, url, picture_id) values (NULL, 'java.io.StringReader@4a00533a', 1811);
2022-10-10 14:33:47.262  INFO 4460 --- [    Test worker] p6spy                                    : #1665380027262 | took 0ms | statement | connection 24| url jdbc:h2:mem:ad3a9e80-f26d-4a3e-9691-17f803db5723
insert into spot (address, description, location, name, score_id, spot_id) values (?, ?, ?, ?, ?, ?)
insert into spot (address, description, location, name, score_id, spot_id) values (NULL, NULL, 'Aewol_eup', NULL, 439, 505);
2022-10-10 14:33:47.262  INFO 4460 --- [    Test worker] p6spy                                    : #1665380027262 | took 0ms | statement | connection 24| url jdbc:h2:mem:ad3a9e80-f26d-4a3e-9691-17f803db5723
insert into member_spot (member_id, score, spot_id, member_spot_id) values (?, ?, ?, ?)
insert into member_spot (member_id, score, spot_id, member_spot_id) values (17, 0.0, 505, 1812);
2022-10-10 14:33:47.262  INFO 4460 --- [    Test worker] p6spy                                    : #1665380027262 | took 0ms | statement | connection 24| url jdbc:h2:mem:ad3a9e80-f26d-4a3e-9691-17f803db5723
insert into review (content, spot_id, review_id) values (?, ?, ?)
insert into review (content, spot_id, review_id) values ('java.io.StringReader@748e7561', 469, 441);
2022-10-10 14:33:47.262  INFO 4460 --- [    Test worker] p6spy                                    : #1665380027262 | took 0ms | statement | connection 24| url jdbc:h2:mem:ad3a9e80-f26d-4a3e-9691-17f803db5723
insert into favorite_spot (count, favorite_id, spot_id, favorite_spot_id) values (?, ?, ?, ?)
insert into favorite_spot (count, favorite_id, spot_id, favorite_spot_id) values (0, 38, 505, 389);
2022-10-10 14:33:47.262  INFO 4460 --- [    Test worker] p6spy                                    : #1665380027262 | took 0ms | statement | connection 24| url jdbc:h2:mem:ad3a9e80-f26d-4a3e-9691-17f803db5723
insert into score (facility_rank, facility_score, price_rank, price_score, rank_average, surround_rank, surround_score, view_rank, view_score, score_id) values (?, ?, ?, ?, ?, ?, ?, ?, ?, ?)
insert into score (facility_rank, facility_score, price_rank, price_score, rank_average, surround_rank, surround_score, view_rank, view_score, score_id) values (2.8251951947913936, 9.256242761096612, 5.064813441517156, 7.914605265054712, 2.4382025102125446, 0.40521250182534163, 3.8034762326911533, 7.816608411111546, 0.22153817082954386, 440);
2022-10-10 14:33:47.262  INFO 4460 --- [    Test worker] p6spy                                    : #1665380027262 | took 0ms | statement | connection 24| url jdbc:h2:mem:ad3a9e80-f26d-4a3e-9691-17f803db5723
insert into picture (spot_id, url, picture_id) values (?, ?, ?)
insert into picture (spot_id, url, picture_id) values (NULL, 'java.io.StringReader@548aa5a9', 1813);
2022-10-10 14:33:47.262  INFO 4460 --- [    Test worker] p6spy                                    : #1665380027262 | took 0ms | statement | connection 24| url jdbc:h2:mem:ad3a9e80-f26d-4a3e-9691-17f803db5723
insert into picture (spot_id, url, picture_id) values (?, ?, ?)
insert into picture (spot_id, url, picture_id) values (NULL, 'java.io.StringReader@33d7afba', 1814);
2022-10-10 14:33:47.262  INFO 4460 --- [    Test worker] p6spy                                    : #1665380027262 | took 0ms | statement | connection 24| url jdbc:h2:mem:ad3a9e80-f26d-4a3e-9691-17f803db5723
insert into picture (spot_id, url, picture_id) values (?, ?, ?)
insert into picture (spot_id, url, picture_id) values (NULL, 'java.io.StringReader@7fd2c566', 1815);
2022-10-10 14:33:47.262  INFO 4460 --- [    Test worker] p6spy                                    : #1665380027262 | took 0ms | statement | connection 24| url jdbc:h2:mem:ad3a9e80-f26d-4a3e-9691-17f803db5723
insert into spot (address, description, location, name, score_id, spot_id) values (?, ?, ?, ?, ?, ?)
insert into spot (address, description, location, name, score_id, spot_id) values (NULL, NULL, 'Aewol_eup', NULL, 440, 506);
2022-10-10 14:33:47.262  INFO 4460 --- [    Test worker] p6spy                                    : #1665380027262 | took 0ms | statement | connection 24| url jdbc:h2:mem:ad3a9e80-f26d-4a3e-9691-17f803db5723
insert into member_spot (member_id, score, spot_id, member_spot_id) values (?, ?, ?, ?)
insert into member_spot (member_id, score, spot_id, member_spot_id) values (17, 0.0, 506, 1816);
2022-10-10 14:33:47.262  INFO 4460 --- [    Test worker] p6spy                                    : #1665380027262 | took 0ms | statement | connection 24| url jdbc:h2:mem:ad3a9e80-f26d-4a3e-9691-17f803db5723
insert into review (content, spot_id, review_id) values (?, ?, ?)
insert into review (content, spot_id, review_id) values ('java.io.StringReader@6f32f21e', 469, 442);
2022-10-10 14:33:47.262  INFO 4460 --- [    Test worker] p6spy                                    : #1665380027262 | took 0ms | statement | connection 24| url jdbc:h2:mem:ad3a9e80-f26d-4a3e-9691-17f803db5723
insert into score (facility_rank, facility_score, price_rank, price_score, rank_average, surround_rank, surround_score, view_rank, view_score, score_id) values (?, ?, ?, ?, ?, ?, ?, ?, ?, ?)
insert into score (facility_rank, facility_score, price_rank, price_score, rank_average, surround_rank, surround_score, view_rank, view_score, score_id) values (1.6526899009097507, 8.925788355347203, 3.239335293348354, 5.53491348626436, 5.1280216293126575, 8.946734070864062, 1.0585309057187653, 8.36677501568693, 3.073781197184328, 441);
2022-10-10 14:33:47.262  INFO 4460 --- [    Test worker] p6spy                                    : #1665380027262 | took 0ms | statement | connection 24| url jdbc:h2:mem:ad3a9e80-f26d-4a3e-9691-17f803db5723
insert into picture (spot_id, url, picture_id) values (?, ?, ?)
insert into picture (spot_id, url, picture_id) values (NULL, 'java.io.StringReader@7c60486d', 1817);
2022-10-10 14:33:47.262  INFO 4460 --- [    Test worker] p6spy                                    : #1665380027262 | took 0ms | statement | connection 24| url jdbc:h2:mem:ad3a9e80-f26d-4a3e-9691-17f803db5723
insert into picture (spot_id, url, picture_id) values (?, ?, ?)
insert into picture (spot_id, url, picture_id) values (NULL, 'java.io.StringReader@30a8a26b', 1818);
2022-10-10 14:33:47.262  INFO 4460 --- [    Test worker] p6spy                                    : #1665380027262 | took 0ms | statement | connection 24| url jdbc:h2:mem:ad3a9e80-f26d-4a3e-9691-17f803db5723
insert into picture (spot_id, url, picture_id) values (?, ?, ?)
insert into picture (spot_id, url, picture_id) values (NULL, 'java.io.StringReader@1245ca50', 1819);
2022-10-10 14:33:47.262  INFO 4460 --- [    Test worker] p6spy                                    : #1665380027262 | took 0ms | statement | connection 24| url jdbc:h2:mem:ad3a9e80-f26d-4a3e-9691-17f803db5723
insert into spot (address, description, location, name, score_id, spot_id) values (?, ?, ?, ?, ?, ?)
insert into spot (address, description, location, name, score_id, spot_id) values (NULL, NULL, 'Aewol_eup', NULL, 441, 507);
2022-10-10 14:33:47.262  INFO 4460 --- [    Test worker] p6spy                                    : #1665380027262 | took 0ms | statement | connection 24| url jdbc:h2:mem:ad3a9e80-f26d-4a3e-9691-17f803db5723
insert into member_spot (member_id, score, spot_id, member_spot_id) values (?, ?, ?, ?)
insert into member_spot (member_id, score, spot_id, member_spot_id) values (17, 0.0, 507, 1820);
2022-10-10 14:33:47.262  INFO 4460 --- [    Test worker] p6spy                                    : #1665380027262 | took 0ms | statement | connection 24| url jdbc:h2:mem:ad3a9e80-f26d-4a3e-9691-17f803db5723
insert into review (content, spot_id, review_id) values (?, ?, ?)
insert into review (content, spot_id, review_id) values ('java.io.StringReader@654a5635', 469, 443);
2022-10-10 14:33:47.262  INFO 4460 --- [    Test worker] p6spy                                    : #1665380027262 | took 0ms | statement | connection 24| url jdbc:h2:mem:ad3a9e80-f26d-4a3e-9691-17f803db5723
insert into favorite_spot (count, favorite_id, spot_id, favorite_spot_id) values (?, ?, ?, ?)
insert into favorite_spot (count, favorite_id, spot_id, favorite_spot_id) values (0, 38, 507, 390);
2022-10-10 14:33:47.262  INFO 4460 --- [    Test worker] p6spy                                    : #1665380027262 | took 0ms | statement | connection 24| url jdbc:h2:mem:ad3a9e80-f26d-4a3e-9691-17f803db5723
insert into score (facility_rank, facility_score, price_rank, price_score, rank_average, surround_rank, surround_score, view_rank, view_score, score_id) values (?, ?, ?, ?, ?, ?, ?, ?, ?, ?)
insert into score (facility_rank, facility_score, price_rank, price_score, rank_average, surround_rank, surround_score, view_rank, view_score, score_id) values (0.9376020455119638, 4.547568407348516, 8.000408182265886, 2.2108664354556162, 9.490353863368528, 4.101256634820704, 6.425573624476536, 9.081731901128403, 7.2002950405810004, 442);
2022-10-10 14:33:47.262  INFO 4460 --- [    Test worker] p6spy                                    : #1665380027262 | took 0ms | statement | connection 24| url jdbc:h2:mem:ad3a9e80-f26d-4a3e-9691-17f803db5723
insert into picture (spot_id, url, picture_id) values (?, ?, ?)
insert into picture (spot_id, url, picture_id) values (NULL, 'java.io.StringReader@15e7833d', 1821);
2022-10-10 14:33:47.262  INFO 4460 --- [    Test worker] p6spy                                    : #1665380027262 | took 0ms | statement | connection 24| url jdbc:h2:mem:ad3a9e80-f26d-4a3e-9691-17f803db5723
insert into picture (spot_id, url, picture_id) values (?, ?, ?)
insert into picture (spot_id, url, picture_id) values (NULL, 'java.io.StringReader@77fa31b7', 1822);
2022-10-10 14:33:47.262  INFO 4460 --- [    Test worker] p6spy                                    : #1665380027262 | took 0ms | statement | connection 24| url jdbc:h2:mem:ad3a9e80-f26d-4a3e-9691-17f803db5723
insert into picture (spot_id, url, picture_id) values (?, ?, ?)
insert into picture (spot_id, url, picture_id) values (NULL, 'java.io.StringReader@296577c', 1823);
2022-10-10 14:33:47.262  INFO 4460 --- [    Test worker] p6spy                                    : #1665380027262 | took 0ms | statement | connection 24| url jdbc:h2:mem:ad3a9e80-f26d-4a3e-9691-17f803db5723
insert into spot (address, description, location, name, score_id, spot_id) values (?, ?, ?, ?, ?, ?)
insert into spot (address, description, location, name, score_id, spot_id) values (NULL, NULL, 'Aewol_eup', NULL, 442, 508);
2022-10-10 14:33:47.262  INFO 4460 --- [    Test worker] p6spy                                    : #1665380027262 | took 0ms | statement | connection 24| url jdbc:h2:mem:ad3a9e80-f26d-4a3e-9691-17f803db5723
insert into member_spot (member_id, score, spot_id, member_spot_id) values (?, ?, ?, ?)
insert into member_spot (member_id, score, spot_id, member_spot_id) values (17, 0.0, 508, 1824);
2022-10-10 14:33:47.262  INFO 4460 --- [    Test worker] p6spy                                    : #1665380027262 | took 0ms | statement | connection 24| url jdbc:h2:mem:ad3a9e80-f26d-4a3e-9691-17f803db5723
insert into review (content, spot_id, review_id) values (?, ?, ?)
insert into review (content, spot_id, review_id) values ('java.io.StringReader@377b582b', 469, 444);
2022-10-10 14:33:47.262  INFO 4460 --- [    Test worker] p6spy                                    : #1665380027262 | took 0ms | statement | connection 24| url jdbc:h2:mem:ad3a9e80-f26d-4a3e-9691-17f803db5723
insert into score (facility_rank, facility_score, price_rank, price_score, rank_average, surround_rank, surround_score, view_rank, view_score, score_id) values (?, ?, ?, ?, ?, ?, ?, ?, ?, ?)
insert into score (facility_rank, facility_score, price_rank, price_score, rank_average, surround_rank, surround_score, view_rank, view_score, score_id) values (2.9653969615872033, 3.646844855787299, 2.808256218984375, 3.4103120752914595, 5.432184725844074, 5.818354708696194, 6.084904099384232, 3.7619875966880088, 2.116894875785179, 443);
2022-10-10 14:33:47.262  INFO 4460 --- [    Test worker] p6spy                                    : #1665380027262 | took 0ms | statement | connection 24| url jdbc:h2:mem:ad3a9e80-f26d-4a3e-9691-17f803db5723
insert into picture (spot_id, url, picture_id) values (?, ?, ?)
insert into picture (spot_id, url, picture_id) values (NULL, 'java.io.StringReader@108eff20', 1825);
2022-10-10 14:33:47.262  INFO 4460 --- [    Test worker] p6spy                                    : #1665380027262 | took 0ms | statement | connection 24| url jdbc:h2:mem:ad3a9e80-f26d-4a3e-9691-17f803db5723
insert into picture (spot_id, url, picture_id) values (?, ?, ?)
insert into picture (spot_id, url, picture_id) values (NULL, 'java.io.StringReader@4513b167', 1826);
2022-10-10 14:33:47.262  INFO 4460 --- [    Test worker] p6spy                                    : #1665380027262 | took 0ms | statement | connection 24| url jdbc:h2:mem:ad3a9e80-f26d-4a3e-9691-17f803db5723
insert into picture (spot_id, url, picture_id) values (?, ?, ?)
insert into picture (spot_id, url, picture_id) values (NULL, 'java.io.StringReader@79238d14', 1827);
2022-10-10 14:33:47.262  INFO 4460 --- [    Test worker] p6spy                                    : #1665380027262 | took 0ms | statement | connection 24| url jdbc:h2:mem:ad3a9e80-f26d-4a3e-9691-17f803db5723
insert into spot (address, description, location, name, score_id, spot_id) values (?, ?, ?, ?, ?, ?)
insert into spot (address, description, location, name, score_id, spot_id) values (NULL, NULL, 'Aewol_eup', NULL, 443, 509);
2022-10-10 14:33:47.263  INFO 4460 --- [    Test worker] p6spy                                    : #1665380027263 | took 0ms | statement | connection 24| url jdbc:h2:mem:ad3a9e80-f26d-4a3e-9691-17f803db5723
insert into member_spot (member_id, score, spot_id, member_spot_id) values (?, ?, ?, ?)
insert into member_spot (member_id, score, spot_id, member_spot_id) values (17, 0.0, 509, 1828);
2022-10-10 14:33:47.263  INFO 4460 --- [    Test worker] p6spy                                    : #1665380027263 | took 0ms | statement | connection 24| url jdbc:h2:mem:ad3a9e80-f26d-4a3e-9691-17f803db5723
insert into review (content, spot_id, review_id) values (?, ?, ?)
insert into review (content, spot_id, review_id) values ('java.io.StringReader@67b4691c', 469, 445);
2022-10-10 14:33:47.263  INFO 4460 --- [    Test worker] p6spy                                    : #1665380027263 | took 0ms | statement | connection 24| url jdbc:h2:mem:ad3a9e80-f26d-4a3e-9691-17f803db5723
insert into favorite_spot (count, favorite_id, spot_id, favorite_spot_id) values (?, ?, ?, ?)
insert into favorite_spot (count, favorite_id, spot_id, favorite_spot_id) values (0, 38, 509, 391);
2022-10-10 14:33:47.263  INFO 4460 --- [    Test worker] p6spy                                    : #1665380027263 | took 0ms | statement | connection 24| url jdbc:h2:mem:ad3a9e80-f26d-4a3e-9691-17f803db5723
insert into score (facility_rank, facility_score, price_rank, price_score, rank_average, surround_rank, surround_score, view_rank, view_score, score_id) values (?, ?, ?, ?, ?, ?, ?, ?, ?, ?)
insert into score (facility_rank, facility_score, price_rank, price_score, rank_average, surround_rank, surround_score, view_rank, view_score, score_id) values (3.326779207701077, 0.49207622424407127, 1.6996638781611284, 7.054860045482635, 9.2247507218445, 3.3137598818397596, 4.716659882756135, 4.252283053505558, 4.566903446142506, 444);
2022-10-10 14:33:47.263  INFO 4460 --- [    Test worker] p6spy                                    : #1665380027263 | took 0ms | statement | connection 24| url jdbc:h2:mem:ad3a9e80-f26d-4a3e-9691-17f803db5723
insert into picture (spot_id, url, picture_id) values (?, ?, ?)
insert into picture (spot_id, url, picture_id) values (NULL, 'java.io.StringReader@e0dbde5', 1829);
2022-10-10 14:33:47.263  INFO 4460 --- [    Test worker] p6spy                                    : #1665380027263 | took 0ms | statement | connection 24| url jdbc:h2:mem:ad3a9e80-f26d-4a3e-9691-17f803db5723
insert into picture (spot_id, url, picture_id) values (?, ?, ?)
insert into picture (spot_id, url, picture_id) values (NULL, 'java.io.StringReader@6f2b9d66', 1830);
2022-10-10 14:33:47.263  INFO 4460 --- [    Test worker] p6spy                                    : #1665380027263 | took 0ms | statement | connection 24| url jdbc:h2:mem:ad3a9e80-f26d-4a3e-9691-17f803db5723
insert into picture (spot_id, url, picture_id) values (?, ?, ?)
insert into picture (spot_id, url, picture_id) values (NULL, 'java.io.StringReader@e0751c0', 1831);
2022-10-10 14:33:47.263  INFO 4460 --- [    Test worker] p6spy                                    : #1665380027263 | took 0ms | statement | connection 24| url jdbc:h2:mem:ad3a9e80-f26d-4a3e-9691-17f803db5723
insert into spot (address, description, location, name, score_id, spot_id) values (?, ?, ?, ?, ?, ?)
insert into spot (address, description, location, name, score_id, spot_id) values (NULL, NULL, 'Aewol_eup', NULL, 444, 510);
2022-10-10 14:33:47.263  INFO 4460 --- [    Test worker] p6spy                                    : #1665380027263 | took 0ms | statement | connection 24| url jdbc:h2:mem:ad3a9e80-f26d-4a3e-9691-17f803db5723
insert into member_spot (member_id, score, spot_id, member_spot_id) values (?, ?, ?, ?)
insert into member_spot (member_id, score, spot_id, member_spot_id) values (17, 0.0, 510, 1832);
2022-10-10 14:33:47.263  INFO 4460 --- [    Test worker] p6spy                                    : #1665380027263 | took 0ms | statement | connection 24| url jdbc:h2:mem:ad3a9e80-f26d-4a3e-9691-17f803db5723
insert into review (content, spot_id, review_id) values (?, ?, ?)
insert into review (content, spot_id, review_id) values ('java.io.StringReader@ff5b969', 469, 446);
2022-10-10 14:33:47.263  INFO 4460 --- [    Test worker] p6spy                                    : #1665380027263 | took 0ms | statement | connection 24| url jdbc:h2:mem:ad3a9e80-f26d-4a3e-9691-17f803db5723
insert into score (facility_rank, facility_score, price_rank, price_score, rank_average, surround_rank, surround_score, view_rank, view_score, score_id) values (?, ?, ?, ?, ?, ?, ?, ?, ?, ?)
insert into score (facility_rank, facility_score, price_rank, price_score, rank_average, surround_rank, surround_score, view_rank, view_score, score_id) values (4.79795736445263, 5.990929577099328, 0.4988339120042262, 6.000930371930245, 9.844346324820858, 7.675637609401814, 2.102998449197334, 3.8041876654511597, 4.305190979765243, 445);
2022-10-10 14:33:47.263  INFO 4460 --- [    Test worker] p6spy                                    : #1665380027263 | took 0ms | statement | connection 24| url jdbc:h2:mem:ad3a9e80-f26d-4a3e-9691-17f803db5723
insert into picture (spot_id, url, picture_id) values (?, ?, ?)
insert into picture (spot_id, url, picture_id) values (NULL, 'java.io.StringReader@366e91f3', 1833);
2022-10-10 14:33:47.263  INFO 4460 --- [    Test worker] p6spy                                    : #1665380027263 | took 0ms | statement | connection 24| url jdbc:h2:mem:ad3a9e80-f26d-4a3e-9691-17f803db5723
insert into picture (spot_id, url, picture_id) values (?, ?, ?)
insert into picture (spot_id, url, picture_id) values (NULL, 'java.io.StringReader@a0e9849', 1834);
2022-10-10 14:33:47.263  INFO 4460 --- [    Test worker] p6spy                                    : #1665380027263 | took 0ms | statement | connection 24| url jdbc:h2:mem:ad3a9e80-f26d-4a3e-9691-17f803db5723
insert into picture (spot_id, url, picture_id) values (?, ?, ?)
insert into picture (spot_id, url, picture_id) values (NULL, 'java.io.StringReader@7ed05995', 1835);
2022-10-10 14:33:47.263  INFO 4460 --- [    Test worker] p6spy                                    : #1665380027263 | took 0ms | statement | connection 24| url jdbc:h2:mem:ad3a9e80-f26d-4a3e-9691-17f803db5723
insert into spot (address, description, location, name, score_id, spot_id) values (?, ?, ?, ?, ?, ?)
insert into spot (address, description, location, name, score_id, spot_id) values (NULL, NULL, 'Aewol_eup', NULL, 445, 511);
2022-10-10 14:33:47.263  INFO 4460 --- [    Test worker] p6spy                                    : #1665380027263 | took 0ms | statement | connection 24| url jdbc:h2:mem:ad3a9e80-f26d-4a3e-9691-17f803db5723
insert into member_spot (member_id, score, spot_id, member_spot_id) values (?, ?, ?, ?)
insert into member_spot (member_id, score, spot_id, member_spot_id) values (17, 0.0, 511, 1836);
2022-10-10 14:33:47.263  INFO 4460 --- [    Test worker] p6spy                                    : #1665380027263 | took 0ms | statement | connection 24| url jdbc:h2:mem:ad3a9e80-f26d-4a3e-9691-17f803db5723
insert into review (content, spot_id, review_id) values (?, ?, ?)
insert into review (content, spot_id, review_id) values ('java.io.StringReader@2e235d32', 469, 447);
2022-10-10 14:33:47.263  INFO 4460 --- [    Test worker] p6spy                                    : #1665380027263 | took 0ms | statement | connection 24| url jdbc:h2:mem:ad3a9e80-f26d-4a3e-9691-17f803db5723
insert into favorite_spot (count, favorite_id, spot_id, favorite_spot_id) values (?, ?, ?, ?)
insert into favorite_spot (count, favorite_id, spot_id, favorite_spot_id) values (0, 38, 511, 392);
2022-10-10 14:33:47.263  INFO 4460 --- [    Test worker] p6spy                                    : #1665380027263 | took 0ms | statement | connection 24| url jdbc:h2:mem:ad3a9e80-f26d-4a3e-9691-17f803db5723
insert into score (facility_rank, facility_score, price_rank, price_score, rank_average, surround_rank, surround_score, view_rank, view_score, score_id) values (?, ?, ?, ?, ?, ?, ?, ?, ?, ?)
insert into score (facility_rank, facility_score, price_rank, price_score, rank_average, surround_rank, surround_score, view_rank, view_score, score_id) values (7.487969168219989, 8.451878830317302, 7.194865793422112, 6.231192427721616, 6.862928197782817, 7.441660504354632, 9.857598864630011, 9.687736518051164, 2.6748120770741792, 446);
2022-10-10 14:33:47.263  INFO 4460 --- [    Test worker] p6spy                                    : #1665380027263 | took 0ms | statement | connection 24| url jdbc:h2:mem:ad3a9e80-f26d-4a3e-9691-17f803db5723
insert into picture (spot_id, url, picture_id) values (?, ?, ?)
insert into picture (spot_id, url, picture_id) values (NULL, 'java.io.StringReader@41cd93f', 1837);
2022-10-10 14:33:47.263  INFO 4460 --- [    Test worker] p6spy                                    : #1665380027263 | took 0ms | statement | connection 24| url jdbc:h2:mem:ad3a9e80-f26d-4a3e-9691-17f803db5723
insert into picture (spot_id, url, picture_id) values (?, ?, ?)
insert into picture (spot_id, url, picture_id) values (NULL, 'java.io.StringReader@1936633d', 1838);
2022-10-10 14:33:47.263  INFO 4460 --- [    Test worker] p6spy                                    : #1665380027263 | took 0ms | statement | connection 24| url jdbc:h2:mem:ad3a9e80-f26d-4a3e-9691-17f803db5723
insert into picture (spot_id, url, picture_id) values (?, ?, ?)
insert into picture (spot_id, url, picture_id) values (NULL, 'java.io.StringReader@5beff5f6', 1839);
2022-10-10 14:33:47.263  INFO 4460 --- [    Test worker] p6spy                                    : #1665380027263 | took 0ms | statement | connection 24| url jdbc:h2:mem:ad3a9e80-f26d-4a3e-9691-17f803db5723
insert into spot (address, description, location, name, score_id, spot_id) values (?, ?, ?, ?, ?, ?)
insert into spot (address, description, location, name, score_id, spot_id) values (NULL, NULL, 'Aewol_eup', NULL, 446, 512);
2022-10-10 14:33:47.263  INFO 4460 --- [    Test worker] p6spy                                    : #1665380027263 | took 0ms | statement | connection 24| url jdbc:h2:mem:ad3a9e80-f26d-4a3e-9691-17f803db5723
insert into member_spot (member_id, score, spot_id, member_spot_id) values (?, ?, ?, ?)
insert into member_spot (member_id, score, spot_id, member_spot_id) values (17, 0.0, 512, 1840);
2022-10-10 14:33:47.263  INFO 4460 --- [    Test worker] p6spy                                    : #1665380027263 | took 0ms | statement | connection 24| url jdbc:h2:mem:ad3a9e80-f26d-4a3e-9691-17f803db5723
insert into review (content, spot_id, review_id) values (?, ?, ?)
insert into review (content, spot_id, review_id) values ('java.io.StringReader@765bd847', 469, 448);
2022-10-10 14:33:47.263  INFO 4460 --- [    Test worker] p6spy                                    : #1665380027263 | took 0ms | statement | connection 24| url jdbc:h2:mem:ad3a9e80-f26d-4a3e-9691-17f803db5723
insert into score (facility_rank, facility_score, price_rank, price_score, rank_average, surround_rank, surround_score, view_rank, view_score, score_id) values (?, ?, ?, ?, ?, ?, ?, ?, ?, ?)
insert into score (facility_rank, facility_score, price_rank, price_score, rank_average, surround_rank, surround_score, view_rank, view_score, score_id) values (2.588323214517785, 4.344515663568661, 8.891686348419938, 3.127344023668833, 8.787563866817786, 1.7201457462537095, 7.245656263006664, 4.0098566826422175, 4.9521166090154525, 447);
2022-10-10 14:33:47.263  INFO 4460 --- [    Test worker] p6spy                                    : #1665380027263 | took 0ms | statement | connection 24| url jdbc:h2:mem:ad3a9e80-f26d-4a3e-9691-17f803db5723
insert into picture (spot_id, url, picture_id) values (?, ?, ?)
insert into picture (spot_id, url, picture_id) values (NULL, 'java.io.StringReader@3365da63', 1841);
2022-10-10 14:33:47.263  INFO 4460 --- [    Test worker] p6spy                                    : #1665380027263 | took 0ms | statement | connection 24| url jdbc:h2:mem:ad3a9e80-f26d-4a3e-9691-17f803db5723
insert into picture (spot_id, url, picture_id) values (?, ?, ?)
insert into picture (spot_id, url, picture_id) values (NULL, 'java.io.StringReader@4a240404', 1842);
2022-10-10 14:33:47.263  INFO 4460 --- [    Test worker] p6spy                                    : #1665380027263 | took 0ms | statement | connection 24| url jdbc:h2:mem:ad3a9e80-f26d-4a3e-9691-17f803db5723
insert into picture (spot_id, url, picture_id) values (?, ?, ?)
insert into picture (spot_id, url, picture_id) values (NULL, 'java.io.StringReader@6e09d429', 1843);
2022-10-10 14:33:47.263  INFO 4460 --- [    Test worker] p6spy                                    : #1665380027263 | took 0ms | statement | connection 24| url jdbc:h2:mem:ad3a9e80-f26d-4a3e-9691-17f803db5723
insert into spot (address, description, location, name, score_id, spot_id) values (?, ?, ?, ?, ?, ?)
insert into spot (address, description, location, name, score_id, spot_id) values (NULL, NULL, 'Aewol_eup', NULL, 447, 513);
2022-10-10 14:33:47.263  INFO 4460 --- [    Test worker] p6spy                                    : #1665380027263 | took 0ms | statement | connection 24| url jdbc:h2:mem:ad3a9e80-f26d-4a3e-9691-17f803db5723
insert into member_spot (member_id, score, spot_id, member_spot_id) values (?, ?, ?, ?)
insert into member_spot (member_id, score, spot_id, member_spot_id) values (17, 0.0, 513, 1844);
2022-10-10 14:33:47.263  INFO 4460 --- [    Test worker] p6spy                                    : #1665380027263 | took 0ms | statement | connection 24| url jdbc:h2:mem:ad3a9e80-f26d-4a3e-9691-17f803db5723
insert into review (content, spot_id, review_id) values (?, ?, ?)
insert into review (content, spot_id, review_id) values ('java.io.StringReader@3ed31dbf', 469, 449);
2022-10-10 14:33:47.263  INFO 4460 --- [    Test worker] p6spy                                    : #1665380027263 | took 0ms | statement | connection 24| url jdbc:h2:mem:ad3a9e80-f26d-4a3e-9691-17f803db5723
insert into favorite_spot (count, favorite_id, spot_id, favorite_spot_id) values (?, ?, ?, ?)
insert into favorite_spot (count, favorite_id, spot_id, favorite_spot_id) values (0, 38, 513, 393);
2022-10-10 14:33:47.264  INFO 4460 --- [    Test worker] p6spy                                    : #1665380027264 | took 0ms | statement | connection 24| url jdbc:h2:mem:ad3a9e80-f26d-4a3e-9691-17f803db5723
insert into score (facility_rank, facility_score, price_rank, price_score, rank_average, surround_rank, surround_score, view_rank, view_score, score_id) values (?, ?, ?, ?, ?, ?, ?, ?, ?, ?)
insert into score (facility_rank, facility_score, price_rank, price_score, rank_average, surround_rank, surround_score, view_rank, view_score, score_id) values (9.654388099471792, 7.569956587796277, 3.8942112132395588, 2.4249410834911345, 6.91161462454973, 1.8257486872625073, 2.428507984474364, 4.677998115350573, 9.65586977089077, 448);
2022-10-10 14:33:47.264  INFO 4460 --- [    Test worker] p6spy                                    : #1665380027264 | took 0ms | statement | connection 24| url jdbc:h2:mem:ad3a9e80-f26d-4a3e-9691-17f803db5723
insert into picture (spot_id, url, picture_id) values (?, ?, ?)
insert into picture (spot_id, url, picture_id) values (NULL, 'java.io.StringReader@7e4e4931', 1845);
2022-10-10 14:33:47.264  INFO 4460 --- [    Test worker] p6spy                                    : #1665380027264 | took 0ms | statement | connection 24| url jdbc:h2:mem:ad3a9e80-f26d-4a3e-9691-17f803db5723
insert into picture (spot_id, url, picture_id) values (?, ?, ?)
insert into picture (spot_id, url, picture_id) values (NULL, 'java.io.StringReader@525b7b16', 1846);
2022-10-10 14:33:47.264  INFO 4460 --- [    Test worker] p6spy                                    : #1665380027264 | took 0ms | statement | connection 24| url jdbc:h2:mem:ad3a9e80-f26d-4a3e-9691-17f803db5723
insert into picture (spot_id, url, picture_id) values (?, ?, ?)
insert into picture (spot_id, url, picture_id) values (NULL, 'java.io.StringReader@38a43698', 1847);
2022-10-10 14:33:47.264  INFO 4460 --- [    Test worker] p6spy                                    : #1665380027264 | took 0ms | statement | connection 24| url jdbc:h2:mem:ad3a9e80-f26d-4a3e-9691-17f803db5723
insert into spot (address, description, location, name, score_id, spot_id) values (?, ?, ?, ?, ?, ?)
insert into spot (address, description, location, name, score_id, spot_id) values (NULL, NULL, 'Aewol_eup', NULL, 448, 514);
2022-10-10 14:33:47.264  INFO 4460 --- [    Test worker] p6spy                                    : #1665380027264 | took 0ms | statement | connection 24| url jdbc:h2:mem:ad3a9e80-f26d-4a3e-9691-17f803db5723
insert into member_spot (member_id, score, spot_id, member_spot_id) values (?, ?, ?, ?)
insert into member_spot (member_id, score, spot_id, member_spot_id) values (17, 0.0, 514, 1848);
2022-10-10 14:33:47.264  INFO 4460 --- [    Test worker] p6spy                                    : #1665380027264 | took 0ms | statement | connection 24| url jdbc:h2:mem:ad3a9e80-f26d-4a3e-9691-17f803db5723
insert into review (content, spot_id, review_id) values (?, ?, ?)
insert into review (content, spot_id, review_id) values ('java.io.StringReader@18a740b6', 469, 450);
2022-10-10 14:33:47.264  INFO 4460 --- [    Test worker] p6spy                                    : #1665380027264 | took 0ms | statement | connection 24| url jdbc:h2:mem:ad3a9e80-f26d-4a3e-9691-17f803db5723
insert into score (facility_rank, facility_score, price_rank, price_score, rank_average, surround_rank, surround_score, view_rank, view_score, score_id) values (?, ?, ?, ?, ?, ?, ?, ?, ?, ?)
insert into score (facility_rank, facility_score, price_rank, price_score, rank_average, surround_rank, surround_score, view_rank, view_score, score_id) values (6.1218128715550515, 6.1910915007983505, 7.785583525355191, 1.7824184855056058, 9.971406413308507, 4.329821427206133, 6.973843655867259, 3.711379371062218, 0.16779930404416166, 449);
2022-10-10 14:33:47.264  INFO 4460 --- [    Test worker] p6spy                                    : #1665380027264 | took 0ms | statement | connection 24| url jdbc:h2:mem:ad3a9e80-f26d-4a3e-9691-17f803db5723
insert into picture (spot_id, url, picture_id) values (?, ?, ?)
insert into picture (spot_id, url, picture_id) values (NULL, 'java.io.StringReader@85d4f1d', 1849);
2022-10-10 14:33:47.264  INFO 4460 --- [    Test worker] p6spy                                    : #1665380027264 | took 0ms | statement | connection 24| url jdbc:h2:mem:ad3a9e80-f26d-4a3e-9691-17f803db5723
insert into picture (spot_id, url, picture_id) values (?, ?, ?)
insert into picture (spot_id, url, picture_id) values (NULL, 'java.io.StringReader@4e01e070', 1850);
2022-10-10 14:33:47.264  INFO 4460 --- [    Test worker] p6spy                                    : #1665380027264 | took 0ms | statement | connection 24| url jdbc:h2:mem:ad3a9e80-f26d-4a3e-9691-17f803db5723
insert into picture (spot_id, url, picture_id) values (?, ?, ?)
insert into picture (spot_id, url, picture_id) values (NULL, 'java.io.StringReader@1f0db41a', 1851);
2022-10-10 14:33:47.264  INFO 4460 --- [    Test worker] p6spy                                    : #1665380027264 | took 0ms | statement | connection 24| url jdbc:h2:mem:ad3a9e80-f26d-4a3e-9691-17f803db5723
insert into spot (address, description, location, name, score_id, spot_id) values (?, ?, ?, ?, ?, ?)
insert into spot (address, description, location, name, score_id, spot_id) values (NULL, NULL, 'Aewol_eup', NULL, 449, 515);
2022-10-10 14:33:47.264  INFO 4460 --- [    Test worker] p6spy                                    : #1665380027264 | took 0ms | statement | connection 24| url jdbc:h2:mem:ad3a9e80-f26d-4a3e-9691-17f803db5723
insert into member_spot (member_id, score, spot_id, member_spot_id) values (?, ?, ?, ?)
insert into member_spot (member_id, score, spot_id, member_spot_id) values (17, 0.0, 515, 1852);
2022-10-10 14:33:47.264  INFO 4460 --- [    Test worker] p6spy                                    : #1665380027264 | took 0ms | statement | connection 24| url jdbc:h2:mem:ad3a9e80-f26d-4a3e-9691-17f803db5723
insert into review (content, spot_id, review_id) values (?, ?, ?)
insert into review (content, spot_id, review_id) values ('java.io.StringReader@3f8bd4b1', 469, 451);
2022-10-10 14:33:47.264  INFO 4460 --- [    Test worker] p6spy                                    : #1665380027264 | took 0ms | statement | connection 24| url jdbc:h2:mem:ad3a9e80-f26d-4a3e-9691-17f803db5723
insert into favorite_spot (count, favorite_id, spot_id, favorite_spot_id) values (?, ?, ?, ?)
insert into favorite_spot (count, favorite_id, spot_id, favorite_spot_id) values (0, 38, 515, 394);
2022-10-10 14:33:47.264  INFO 4460 --- [    Test worker] p6spy                                    : #1665380027264 | took 0ms | statement | connection 24| url jdbc:h2:mem:ad3a9e80-f26d-4a3e-9691-17f803db5723
insert into score (facility_rank, facility_score, price_rank, price_score, rank_average, surround_rank, surround_score, view_rank, view_score, score_id) values (?, ?, ?, ?, ?, ?, ?, ?, ?, ?)
insert into score (facility_rank, facility_score, price_rank, price_score, rank_average, surround_rank, surround_score, view_rank, view_score, score_id) values (8.170361771238683, 0.5644152678601944, 4.331508539173364, 7.435081930218473, 7.727610968892778, 9.737596819156371, 1.0601729772624058, 8.936632812269579, 9.478807718336112, 450);
2022-10-10 14:33:47.264  INFO 4460 --- [    Test worker] p6spy                                    : #1665380027264 | took 0ms | statement | connection 24| url jdbc:h2:mem:ad3a9e80-f26d-4a3e-9691-17f803db5723
insert into picture (spot_id, url, picture_id) values (?, ?, ?)
insert into picture (spot_id, url, picture_id) values (NULL, 'java.io.StringReader@45e010bb', 1853);
2022-10-10 14:33:47.264  INFO 4460 --- [    Test worker] p6spy                                    : #1665380027264 | took 0ms | statement | connection 24| url jdbc:h2:mem:ad3a9e80-f26d-4a3e-9691-17f803db5723
insert into picture (spot_id, url, picture_id) values (?, ?, ?)
insert into picture (spot_id, url, picture_id) values (NULL, 'java.io.StringReader@72c36cae', 1854);
2022-10-10 14:33:47.264  INFO 4460 --- [    Test worker] p6spy                                    : #1665380027264 | took 0ms | statement | connection 24| url jdbc:h2:mem:ad3a9e80-f26d-4a3e-9691-17f803db5723
insert into picture (spot_id, url, picture_id) values (?, ?, ?)
insert into picture (spot_id, url, picture_id) values (NULL, 'java.io.StringReader@4fd0f059', 1855);
2022-10-10 14:33:47.264  INFO 4460 --- [    Test worker] p6spy                                    : #1665380027264 | took 0ms | statement | connection 24| url jdbc:h2:mem:ad3a9e80-f26d-4a3e-9691-17f803db5723
insert into spot (address, description, location, name, score_id, spot_id) values (?, ?, ?, ?, ?, ?)
insert into spot (address, description, location, name, score_id, spot_id) values (NULL, NULL, 'Aewol_eup', NULL, 450, 516);
2022-10-10 14:33:47.264  INFO 4460 --- [    Test worker] p6spy                                    : #1665380027264 | took 0ms | statement | connection 24| url jdbc:h2:mem:ad3a9e80-f26d-4a3e-9691-17f803db5723
insert into member_spot (member_id, score, spot_id, member_spot_id) values (?, ?, ?, ?)
insert into member_spot (member_id, score, spot_id, member_spot_id) values (17, 0.0, 516, 1856);
2022-10-10 14:33:47.264  INFO 4460 --- [    Test worker] p6spy                                    : #1665380027264 | took 0ms | statement | connection 24| url jdbc:h2:mem:ad3a9e80-f26d-4a3e-9691-17f803db5723
insert into review (content, spot_id, review_id) values (?, ?, ?)
insert into review (content, spot_id, review_id) values ('java.io.StringReader@1b6a7e0d', 469, 452);
2022-10-10 14:33:47.264  INFO 4460 --- [    Test worker] p6spy                                    : #1665380027264 | took 0ms | statement | connection 24| url jdbc:h2:mem:ad3a9e80-f26d-4a3e-9691-17f803db5723
insert into score (facility_rank, facility_score, price_rank, price_score, rank_average, surround_rank, surround_score, view_rank, view_score, score_id) values (?, ?, ?, ?, ?, ?, ?, ?, ?, ?)
insert into score (facility_rank, facility_score, price_rank, price_score, rank_average, surround_rank, surround_score, view_rank, view_score, score_id) values (1.8228112584826461, 6.114743823770804, 2.011133289664475, 8.876093424538546, 6.252456864276791, 0.8946932545339359, 5.635524144493957, 2.7281902475297315, 2.170562857267363, 451);
2022-10-10 14:33:47.264  INFO 4460 --- [    Test worker] p6spy                                    : #1665380027264 | took 0ms | statement | connection 24| url jdbc:h2:mem:ad3a9e80-f26d-4a3e-9691-17f803db5723
insert into picture (spot_id, url, picture_id) values (?, ?, ?)
insert into picture (spot_id, url, picture_id) values (NULL, 'java.io.StringReader@7331e91c', 1857);
2022-10-10 14:33:47.264  INFO 4460 --- [    Test worker] p6spy                                    : #1665380027264 | took 0ms | statement | connection 24| url jdbc:h2:mem:ad3a9e80-f26d-4a3e-9691-17f803db5723
insert into picture (spot_id, url, picture_id) values (?, ?, ?)
insert into picture (spot_id, url, picture_id) values (NULL, 'java.io.StringReader@463638c7', 1858);
2022-10-10 14:33:47.264  INFO 4460 --- [    Test worker] p6spy                                    : #1665380027264 | took 0ms | statement | connection 24| url jdbc:h2:mem:ad3a9e80-f26d-4a3e-9691-17f803db5723
insert into picture (spot_id, url, picture_id) values (?, ?, ?)
insert into picture (spot_id, url, picture_id) values (NULL, 'java.io.StringReader@2abcd22', 1859);
2022-10-10 14:33:47.264  INFO 4460 --- [    Test worker] p6spy                                    : #1665380027264 | took 0ms | statement | connection 24| url jdbc:h2:mem:ad3a9e80-f26d-4a3e-9691-17f803db5723
insert into spot (address, description, location, name, score_id, spot_id) values (?, ?, ?, ?, ?, ?)
insert into spot (address, description, location, name, score_id, spot_id) values (NULL, NULL, 'Aewol_eup', NULL, 451, 517);
2022-10-10 14:33:47.264  INFO 4460 --- [    Test worker] p6spy                                    : #1665380027264 | took 0ms | statement | connection 24| url jdbc:h2:mem:ad3a9e80-f26d-4a3e-9691-17f803db5723
insert into member_spot (member_id, score, spot_id, member_spot_id) values (?, ?, ?, ?)
insert into member_spot (member_id, score, spot_id, member_spot_id) values (17, 0.0, 517, 1860);
2022-10-10 14:33:47.264  INFO 4460 --- [    Test worker] p6spy                                    : #1665380027264 | took 0ms | statement | connection 24| url jdbc:h2:mem:ad3a9e80-f26d-4a3e-9691-17f803db5723
insert into review (content, spot_id, review_id) values (?, ?, ?)
insert into review (content, spot_id, review_id) values ('java.io.StringReader@2c831c44', 469, 453);
2022-10-10 14:33:47.264  INFO 4460 --- [    Test worker] p6spy                                    : #1665380027264 | took 0ms | statement | connection 24| url jdbc:h2:mem:ad3a9e80-f26d-4a3e-9691-17f803db5723
insert into favorite_spot (count, favorite_id, spot_id, favorite_spot_id) values (?, ?, ?, ?)
insert into favorite_spot (count, favorite_id, spot_id, favorite_spot_id) values (0, 38, 517, 395);
2022-10-10 14:33:47.264  INFO 4460 --- [    Test worker] p6spy                                    : #1665380027264 | took 0ms | statement | connection 24| url jdbc:h2:mem:ad3a9e80-f26d-4a3e-9691-17f803db5723
insert into score (facility_rank, facility_score, price_rank, price_score, rank_average, surround_rank, surround_score, view_rank, view_score, score_id) values (?, ?, ?, ?, ?, ?, ?, ?, ?, ?)
insert into score (facility_rank, facility_score, price_rank, price_score, rank_average, surround_rank, surround_score, view_rank, view_score, score_id) values (6.341348703788583, 5.61946924232319, 1.9608810793240439, 9.213381846283067, 0.655203596435352, 2.584241943848143, 2.4850126088396394, 0.8027035318162434, 4.333200667410568, 452);
2022-10-10 14:33:47.264  INFO 4460 --- [    Test worker] p6spy                                    : #1665380027264 | took 0ms | statement | connection 24| url jdbc:h2:mem:ad3a9e80-f26d-4a3e-9691-17f803db5723
insert into picture (spot_id, url, picture_id) values (?, ?, ?)
insert into picture (spot_id, url, picture_id) values (NULL, 'java.io.StringReader@566a9af7', 1861);
2022-10-10 14:33:47.264  INFO 4460 --- [    Test worker] p6spy                                    : #1665380027264 | took 0ms | statement | connection 24| url jdbc:h2:mem:ad3a9e80-f26d-4a3e-9691-17f803db5723
insert into picture (spot_id, url, picture_id) values (?, ?, ?)
insert into picture (spot_id, url, picture_id) values (NULL, 'java.io.StringReader@30662a07', 1862);
2022-10-10 14:33:47.264  INFO 4460 --- [    Test worker] p6spy                                    : #1665380027264 | took 0ms | statement | connection 24| url jdbc:h2:mem:ad3a9e80-f26d-4a3e-9691-17f803db5723
insert into picture (spot_id, url, picture_id) values (?, ?, ?)
insert into picture (spot_id, url, picture_id) values (NULL, 'java.io.StringReader@5c431a04', 1863);
2022-10-10 14:33:47.265  INFO 4460 --- [    Test worker] p6spy                                    : #1665380027265 | took 0ms | statement | connection 24| url jdbc:h2:mem:ad3a9e80-f26d-4a3e-9691-17f803db5723
insert into spot (address, description, location, name, score_id, spot_id) values (?, ?, ?, ?, ?, ?)
insert into spot (address, description, location, name, score_id, spot_id) values (NULL, NULL, 'Aewol_eup', NULL, 452, 518);
2022-10-10 14:33:47.265  INFO 4460 --- [    Test worker] p6spy                                    : #1665380027265 | took 0ms | statement | connection 24| url jdbc:h2:mem:ad3a9e80-f26d-4a3e-9691-17f803db5723
insert into member_spot (member_id, score, spot_id, member_spot_id) values (?, ?, ?, ?)
insert into member_spot (member_id, score, spot_id, member_spot_id) values (17, 0.0, 518, 1864);
2022-10-10 14:33:47.265  INFO 4460 --- [    Test worker] p6spy                                    : #1665380027265 | took 0ms | statement | connection 24| url jdbc:h2:mem:ad3a9e80-f26d-4a3e-9691-17f803db5723
insert into review (content, spot_id, review_id) values (?, ?, ?)
insert into review (content, spot_id, review_id) values ('java.io.StringReader@38470150', 469, 454);
2022-10-10 14:33:47.265  INFO 4460 --- [    Test worker] p6spy                                    : #1665380027265 | took 0ms | statement | connection 24| url jdbc:h2:mem:ad3a9e80-f26d-4a3e-9691-17f803db5723
insert into score (facility_rank, facility_score, price_rank, price_score, rank_average, surround_rank, surround_score, view_rank, view_score, score_id) values (?, ?, ?, ?, ?, ?, ?, ?, ?, ?)
insert into score (facility_rank, facility_score, price_rank, price_score, rank_average, surround_rank, surround_score, view_rank, view_score, score_id) values (7.182452013762958, 7.362337483283889, 6.22035595294286, 3.0406651441443158, 1.346407156208037, 8.178361508444734, 9.982252832123644, 2.250674249552058, 1.952640404085475, 453);
2022-10-10 14:33:47.265  INFO 4460 --- [    Test worker] p6spy                                    : #1665380027265 | took 0ms | statement | connection 24| url jdbc:h2:mem:ad3a9e80-f26d-4a3e-9691-17f803db5723
insert into picture (spot_id, url, picture_id) values (?, ?, ?)
insert into picture (spot_id, url, picture_id) values (NULL, 'java.io.StringReader@76c16c2b', 1865);
2022-10-10 14:33:47.265  INFO 4460 --- [    Test worker] p6spy                                    : #1665380027265 | took 0ms | statement | connection 24| url jdbc:h2:mem:ad3a9e80-f26d-4a3e-9691-17f803db5723
insert into picture (spot_id, url, picture_id) values (?, ?, ?)
insert into picture (spot_id, url, picture_id) values (NULL, 'java.io.StringReader@7aaf3e3d', 1866);
2022-10-10 14:33:47.265  INFO 4460 --- [    Test worker] p6spy                                    : #1665380027265 | took 0ms | statement | connection 24| url jdbc:h2:mem:ad3a9e80-f26d-4a3e-9691-17f803db5723
insert into picture (spot_id, url, picture_id) values (?, ?, ?)
insert into picture (spot_id, url, picture_id) values (NULL, 'java.io.StringReader@f2414bc', 1867);
2022-10-10 14:33:47.265  INFO 4460 --- [    Test worker] p6spy                                    : #1665380027265 | took 0ms | statement | connection 24| url jdbc:h2:mem:ad3a9e80-f26d-4a3e-9691-17f803db5723
insert into spot (address, description, location, name, score_id, spot_id) values (?, ?, ?, ?, ?, ?)
insert into spot (address, description, location, name, score_id, spot_id) values (NULL, NULL, 'Andeok_myeon', NULL, 453, 519);
2022-10-10 14:33:47.265  INFO 4460 --- [    Test worker] p6spy                                    : #1665380027265 | took 0ms | statement | connection 24| url jdbc:h2:mem:ad3a9e80-f26d-4a3e-9691-17f803db5723
insert into member_spot (member_id, score, spot_id, member_spot_id) values (?, ?, ?, ?)
insert into member_spot (member_id, score, spot_id, member_spot_id) values (16, 0.0, 519, 1868);
2022-10-10 14:33:47.265  INFO 4460 --- [    Test worker] p6spy                                    : #1665380027265 | took 0ms | statement | connection 24| url jdbc:h2:mem:ad3a9e80-f26d-4a3e-9691-17f803db5723
insert into review (content, spot_id, review_id) values (?, ?, ?)
insert into review (content, spot_id, review_id) values ('java.io.StringReader@629e9845', 469, 455);
2022-10-10 14:33:47.265  INFO 4460 --- [    Test worker] p6spy                                    : #1665380027265 | took 0ms | statement | connection 24| url jdbc:h2:mem:ad3a9e80-f26d-4a3e-9691-17f803db5723
insert into favorite_spot (count, favorite_id, spot_id, favorite_spot_id) values (?, ?, ?, ?)
insert into favorite_spot (count, favorite_id, spot_id, favorite_spot_id) values (0, 38, 519, 396);
2022-10-10 14:33:47.265  INFO 4460 --- [    Test worker] p6spy                                    : #1665380027265 | took 0ms | statement | connection 24| url jdbc:h2:mem:ad3a9e80-f26d-4a3e-9691-17f803db5723
insert into score (facility_rank, facility_score, price_rank, price_score, rank_average, surround_rank, surround_score, view_rank, view_score, score_id) values (?, ?, ?, ?, ?, ?, ?, ?, ?, ?)
insert into score (facility_rank, facility_score, price_rank, price_score, rank_average, surround_rank, surround_score, view_rank, view_score, score_id) values (8.386534021023422, 4.7670656733560275, 0.2885336160320673, 7.95519764753826, 8.544311374267192, 0.24689547392029554, 4.936345054271879, 1.5165330214292638, 1.7858762983357712, 454);
2022-10-10 14:33:47.265  INFO 4460 --- [    Test worker] p6spy                                    : #1665380027265 | took 0ms | statement | connection 24| url jdbc:h2:mem:ad3a9e80-f26d-4a3e-9691-17f803db5723
insert into picture (spot_id, url, picture_id) values (?, ?, ?)
insert into picture (spot_id, url, picture_id) values (NULL, 'java.io.StringReader@50405586', 1869);
2022-10-10 14:33:47.265  INFO 4460 --- [    Test worker] p6spy                                    : #1665380027265 | took 0ms | statement | connection 24| url jdbc:h2:mem:ad3a9e80-f26d-4a3e-9691-17f803db5723
insert into picture (spot_id, url, picture_id) values (?, ?, ?)
insert into picture (spot_id, url, picture_id) values (NULL, 'java.io.StringReader@3ae931b6', 1870);
2022-10-10 14:33:47.265  INFO 4460 --- [    Test worker] p6spy                                    : #1665380027265 | took 0ms | statement | connection 24| url jdbc:h2:mem:ad3a9e80-f26d-4a3e-9691-17f803db5723
insert into picture (spot_id, url, picture_id) values (?, ?, ?)
insert into picture (spot_id, url, picture_id) values (NULL, 'java.io.StringReader@5c24ccb2', 1871);
2022-10-10 14:33:47.265  INFO 4460 --- [    Test worker] p6spy                                    : #1665380027265 | took 0ms | statement | connection 24| url jdbc:h2:mem:ad3a9e80-f26d-4a3e-9691-17f803db5723
insert into spot (address, description, location, name, score_id, spot_id) values (?, ?, ?, ?, ?, ?)
insert into spot (address, description, location, name, score_id, spot_id) values (NULL, NULL, 'Andeok_myeon', NULL, 454, 520);
2022-10-10 14:33:47.265  INFO 4460 --- [    Test worker] p6spy                                    : #1665380027265 | took 0ms | statement | connection 24| url jdbc:h2:mem:ad3a9e80-f26d-4a3e-9691-17f803db5723
insert into member_spot (member_id, score, spot_id, member_spot_id) values (?, ?, ?, ?)
insert into member_spot (member_id, score, spot_id, member_spot_id) values (16, 0.0, 520, 1872);
2022-10-10 14:33:47.265  INFO 4460 --- [    Test worker] p6spy                                    : #1665380027265 | took 0ms | statement | connection 24| url jdbc:h2:mem:ad3a9e80-f26d-4a3e-9691-17f803db5723
insert into review (content, spot_id, review_id) values (?, ?, ?)
insert into review (content, spot_id, review_id) values ('java.io.StringReader@6ffaf63', 469, 456);
2022-10-10 14:33:47.265  INFO 4460 --- [    Test worker] p6spy                                    : #1665380027265 | took 0ms | statement | connection 24| url jdbc:h2:mem:ad3a9e80-f26d-4a3e-9691-17f803db5723
insert into score (facility_rank, facility_score, price_rank, price_score, rank_average, surround_rank, surround_score, view_rank, view_score, score_id) values (?, ?, ?, ?, ?, ?, ?, ?, ?, ?)
insert into score (facility_rank, facility_score, price_rank, price_score, rank_average, surround_rank, surround_score, view_rank, view_score, score_id) values (9.115519999079083, 0.8177875039367288, 7.144963939425857, 3.3100045944543077, 6.732385011423809, 5.2522211067597135, 7.350488556694353, 7.090489678663319, 1.7251403522059505, 455);
2022-10-10 14:33:47.265  INFO 4460 --- [    Test worker] p6spy                                    : #1665380027265 | took 0ms | statement | connection 24| url jdbc:h2:mem:ad3a9e80-f26d-4a3e-9691-17f803db5723
insert into picture (spot_id, url, picture_id) values (?, ?, ?)
insert into picture (spot_id, url, picture_id) values (NULL, 'java.io.StringReader@649d9cc5', 1873);
2022-10-10 14:33:47.265  INFO 4460 --- [    Test worker] p6spy                                    : #1665380027265 | took 0ms | statement | connection 24| url jdbc:h2:mem:ad3a9e80-f26d-4a3e-9691-17f803db5723
insert into picture (spot_id, url, picture_id) values (?, ?, ?)
insert into picture (spot_id, url, picture_id) values (NULL, 'java.io.StringReader@dd2fec4', 1874);
2022-10-10 14:33:47.265  INFO 4460 --- [    Test worker] p6spy                                    : #1665380027265 | took 0ms | statement | connection 24| url jdbc:h2:mem:ad3a9e80-f26d-4a3e-9691-17f803db5723
insert into picture (spot_id, url, picture_id) values (?, ?, ?)
insert into picture (spot_id, url, picture_id) values (NULL, 'java.io.StringReader@42cc17fc', 1875);
2022-10-10 14:33:47.265  INFO 4460 --- [    Test worker] p6spy                                    : #1665380027265 | took 0ms | statement | connection 24| url jdbc:h2:mem:ad3a9e80-f26d-4a3e-9691-17f803db5723
insert into spot (address, description, location, name, score_id, spot_id) values (?, ?, ?, ?, ?, ?)
insert into spot (address, description, location, name, score_id, spot_id) values (NULL, NULL, 'Andeok_myeon', NULL, 455, 521);
2022-10-10 14:33:47.265  INFO 4460 --- [    Test worker] p6spy                                    : #1665380027265 | took 0ms | statement | connection 24| url jdbc:h2:mem:ad3a9e80-f26d-4a3e-9691-17f803db5723
insert into member_spot (member_id, score, spot_id, member_spot_id) values (?, ?, ?, ?)
insert into member_spot (member_id, score, spot_id, member_spot_id) values (16, 0.0, 521, 1876);
2022-10-10 14:33:47.265  INFO 4460 --- [    Test worker] p6spy                                    : #1665380027265 | took 0ms | statement | connection 24| url jdbc:h2:mem:ad3a9e80-f26d-4a3e-9691-17f803db5723
insert into review (content, spot_id, review_id) values (?, ?, ?)
insert into review (content, spot_id, review_id) values ('java.io.StringReader@7dcae30', 469, 457);
2022-10-10 14:33:47.265  INFO 4460 --- [    Test worker] p6spy                                    : #1665380027265 | took 0ms | statement | connection 24| url jdbc:h2:mem:ad3a9e80-f26d-4a3e-9691-17f803db5723
insert into favorite_spot (count, favorite_id, spot_id, favorite_spot_id) values (?, ?, ?, ?)
insert into favorite_spot (count, favorite_id, spot_id, favorite_spot_id) values (0, 38, 521, 397);
2022-10-10 14:33:47.265  INFO 4460 --- [    Test worker] p6spy                                    : #1665380027265 | took 0ms | statement | connection 24| url jdbc:h2:mem:ad3a9e80-f26d-4a3e-9691-17f803db5723
insert into score (facility_rank, facility_score, price_rank, price_score, rank_average, surround_rank, surround_score, view_rank, view_score, score_id) values (?, ?, ?, ?, ?, ?, ?, ?, ?, ?)
insert into score (facility_rank, facility_score, price_rank, price_score, rank_average, surround_rank, surround_score, view_rank, view_score, score_id) values (0.8322890694078056, 6.2052061601585, 6.468688815832717, 0.7027975140916254, 8.079709987189997, 1.6948451135487586, 9.580640041750785, 6.7114259440247, 9.681107654295674, 456);
2022-10-10 14:33:47.265  INFO 4460 --- [    Test worker] p6spy                                    : #1665380027265 | took 0ms | statement | connection 24| url jdbc:h2:mem:ad3a9e80-f26d-4a3e-9691-17f803db5723
insert into picture (spot_id, url, picture_id) values (?, ?, ?)
insert into picture (spot_id, url, picture_id) values (NULL, 'java.io.StringReader@4f50a274', 1877);
2022-10-10 14:33:47.265  INFO 4460 --- [    Test worker] p6spy                                    : #1665380027265 | took 0ms | statement | connection 24| url jdbc:h2:mem:ad3a9e80-f26d-4a3e-9691-17f803db5723
insert into picture (spot_id, url, picture_id) values (?, ?, ?)
insert into picture (spot_id, url, picture_id) values (NULL, 'java.io.StringReader@5371ba50', 1878);
2022-10-10 14:33:47.265  INFO 4460 --- [    Test worker] p6spy                                    : #1665380027265 | took 0ms | statement | connection 24| url jdbc:h2:mem:ad3a9e80-f26d-4a3e-9691-17f803db5723
insert into picture (spot_id, url, picture_id) values (?, ?, ?)
insert into picture (spot_id, url, picture_id) values (NULL, 'java.io.StringReader@7a4e9801', 1879);
2022-10-10 14:33:47.265  INFO 4460 --- [    Test worker] p6spy                                    : #1665380027265 | took 0ms | statement | connection 24| url jdbc:h2:mem:ad3a9e80-f26d-4a3e-9691-17f803db5723
insert into spot (address, description, location, name, score_id, spot_id) values (?, ?, ?, ?, ?, ?)
insert into spot (address, description, location, name, score_id, spot_id) values (NULL, NULL, 'Andeok_myeon', NULL, 456, 522);
2022-10-10 14:33:47.265  INFO 4460 --- [    Test worker] p6spy                                    : #1665380027265 | took 0ms | statement | connection 24| url jdbc:h2:mem:ad3a9e80-f26d-4a3e-9691-17f803db5723
insert into member_spot (member_id, score, spot_id, member_spot_id) values (?, ?, ?, ?)
insert into member_spot (member_id, score, spot_id, member_spot_id) values (16, 0.0, 522, 1880);
2022-10-10 14:33:47.265  INFO 4460 --- [    Test worker] p6spy                                    : #1665380027265 | took 0ms | statement | connection 24| url jdbc:h2:mem:ad3a9e80-f26d-4a3e-9691-17f803db5723
insert into review (content, spot_id, review_id) values (?, ?, ?)
insert into review (content, spot_id, review_id) values ('java.io.StringReader@563db2f5', 469, 458);
2022-10-10 14:33:47.265  INFO 4460 --- [    Test worker] p6spy                                    : #1665380027265 | took 0ms | statement | connection 24| url jdbc:h2:mem:ad3a9e80-f26d-4a3e-9691-17f803db5723
insert into score (facility_rank, facility_score, price_rank, price_score, rank_average, surround_rank, surround_score, view_rank, view_score, score_id) values (?, ?, ?, ?, ?, ?, ?, ?, ?, ?)
insert into score (facility_rank, facility_score, price_rank, price_score, rank_average, surround_rank, surround_score, view_rank, view_score, score_id) values (5.458678702846331, 5.737733768811623, 6.470928330603848, 2.6770028985421668, 4.927980629348367, 0.7255276251583054, 3.4844533531401147, 2.1223072087886727, 3.559962627330563, 457);
2022-10-10 14:33:47.266  INFO 4460 --- [    Test worker] p6spy                                    : #1665380027266 | took 0ms | statement | connection 24| url jdbc:h2:mem:ad3a9e80-f26d-4a3e-9691-17f803db5723
insert into picture (spot_id, url, picture_id) values (?, ?, ?)
insert into picture (spot_id, url, picture_id) values (NULL, 'java.io.StringReader@3ed32db7', 1881);
2022-10-10 14:33:47.266  INFO 4460 --- [    Test worker] p6spy                                    : #1665380027266 | took 0ms | statement | connection 24| url jdbc:h2:mem:ad3a9e80-f26d-4a3e-9691-17f803db5723
insert into picture (spot_id, url, picture_id) values (?, ?, ?)
insert into picture (spot_id, url, picture_id) values (NULL, 'java.io.StringReader@87814f1', 1882);
2022-10-10 14:33:47.266  INFO 4460 --- [    Test worker] p6spy                                    : #1665380027266 | took 0ms | statement | connection 24| url jdbc:h2:mem:ad3a9e80-f26d-4a3e-9691-17f803db5723
insert into picture (spot_id, url, picture_id) values (?, ?, ?)
insert into picture (spot_id, url, picture_id) values (NULL, 'java.io.StringReader@13a5d97b', 1883);
2022-10-10 14:33:47.266  INFO 4460 --- [    Test worker] p6spy                                    : #1665380027266 | took 0ms | statement | connection 24| url jdbc:h2:mem:ad3a9e80-f26d-4a3e-9691-17f803db5723
insert into spot (address, description, location, name, score_id, spot_id) values (?, ?, ?, ?, ?, ?)
insert into spot (address, description, location, name, score_id, spot_id) values (NULL, NULL, 'Andeok_myeon', NULL, 457, 523);
2022-10-10 14:33:47.266  INFO 4460 --- [    Test worker] p6spy                                    : #1665380027266 | took 0ms | statement | connection 24| url jdbc:h2:mem:ad3a9e80-f26d-4a3e-9691-17f803db5723
insert into member_spot (member_id, score, spot_id, member_spot_id) values (?, ?, ?, ?)
insert into member_spot (member_id, score, spot_id, member_spot_id) values (16, 0.0, 523, 1884);
2022-10-10 14:33:47.266  INFO 4460 --- [    Test worker] p6spy                                    : #1665380027266 | took 0ms | statement | connection 24| url jdbc:h2:mem:ad3a9e80-f26d-4a3e-9691-17f803db5723
insert into review (content, spot_id, review_id) values (?, ?, ?)
insert into review (content, spot_id, review_id) values ('java.io.StringReader@523ddffa', 469, 459);
2022-10-10 14:33:47.266  INFO 4460 --- [    Test worker] p6spy                                    : #1665380027266 | took 0ms | statement | connection 24| url jdbc:h2:mem:ad3a9e80-f26d-4a3e-9691-17f803db5723
insert into favorite_spot (count, favorite_id, spot_id, favorite_spot_id) values (?, ?, ?, ?)
insert into favorite_spot (count, favorite_id, spot_id, favorite_spot_id) values (0, 38, 523, 398);
2022-10-10 14:33:47.266  INFO 4460 --- [    Test worker] p6spy                                    : #1665380027266 | took 0ms | statement | connection 24| url jdbc:h2:mem:ad3a9e80-f26d-4a3e-9691-17f803db5723
insert into score (facility_rank, facility_score, price_rank, price_score, rank_average, surround_rank, surround_score, view_rank, view_score, score_id) values (?, ?, ?, ?, ?, ?, ?, ?, ?, ?)
insert into score (facility_rank, facility_score, price_rank, price_score, rank_average, surround_rank, surround_score, view_rank, view_score, score_id) values (3.249499515181996, 3.256411637723089, 7.387457375321832, 2.4834083098196547, 9.665048928264754, 2.8017586023839303, 3.6111541987683315, 6.497615530913033, 9.330062399626952, 458);
2022-10-10 14:33:47.266  INFO 4460 --- [    Test worker] p6spy                                    : #1665380027266 | took 0ms | statement | connection 24| url jdbc:h2:mem:ad3a9e80-f26d-4a3e-9691-17f803db5723
insert into picture (spot_id, url, picture_id) values (?, ?, ?)
insert into picture (spot_id, url, picture_id) values (NULL, 'java.io.StringReader@bbeb347', 1885);
2022-10-10 14:33:47.266  INFO 4460 --- [    Test worker] p6spy                                    : #1665380027266 | took 0ms | statement | connection 24| url jdbc:h2:mem:ad3a9e80-f26d-4a3e-9691-17f803db5723
insert into picture (spot_id, url, picture_id) values (?, ?, ?)
insert into picture (spot_id, url, picture_id) values (NULL, 'java.io.StringReader@7a5ca80d', 1886);
2022-10-10 14:33:47.266  INFO 4460 --- [    Test worker] p6spy                                    : #1665380027266 | took 0ms | statement | connection 24| url jdbc:h2:mem:ad3a9e80-f26d-4a3e-9691-17f803db5723
insert into picture (spot_id, url, picture_id) values (?, ?, ?)
insert into picture (spot_id, url, picture_id) values (NULL, 'java.io.StringReader@777bfe82', 1887);
2022-10-10 14:33:47.266  INFO 4460 --- [    Test worker] p6spy                                    : #1665380027266 | took 0ms | statement | connection 24| url jdbc:h2:mem:ad3a9e80-f26d-4a3e-9691-17f803db5723
insert into spot (address, description, location, name, score_id, spot_id) values (?, ?, ?, ?, ?, ?)
insert into spot (address, description, location, name, score_id, spot_id) values (NULL, NULL, 'Andeok_myeon', NULL, 458, 524);
2022-10-10 14:33:47.266  INFO 4460 --- [    Test worker] p6spy                                    : #1665380027266 | took 0ms | statement | connection 24| url jdbc:h2:mem:ad3a9e80-f26d-4a3e-9691-17f803db5723
insert into member_spot (member_id, score, spot_id, member_spot_id) values (?, ?, ?, ?)
insert into member_spot (member_id, score, spot_id, member_spot_id) values (16, 0.0, 524, 1888);
2022-10-10 14:33:47.266  INFO 4460 --- [    Test worker] p6spy                                    : #1665380027266 | took 0ms | statement | connection 24| url jdbc:h2:mem:ad3a9e80-f26d-4a3e-9691-17f803db5723
insert into review (content, spot_id, review_id) values (?, ?, ?)
insert into review (content, spot_id, review_id) values ('java.io.StringReader@2a897bf5', 469, 460);
2022-10-10 14:33:47.266  INFO 4460 --- [    Test worker] p6spy                                    : #1665380027266 | took 0ms | statement | connection 24| url jdbc:h2:mem:ad3a9e80-f26d-4a3e-9691-17f803db5723
insert into score (facility_rank, facility_score, price_rank, price_score, rank_average, surround_rank, surround_score, view_rank, view_score, score_id) values (?, ?, ?, ?, ?, ?, ?, ?, ?, ?)
insert into score (facility_rank, facility_score, price_rank, price_score, rank_average, surround_rank, surround_score, view_rank, view_score, score_id) values (7.337078650140843, 5.454973273987751, 1.6734917012394712, 8.631749915411831, 8.164099036798762, 9.905406854650177, 5.933667891570277, 8.798658922011555, 2.3345216943808134, 459);
2022-10-10 14:33:47.266  INFO 4460 --- [    Test worker] p6spy                                    : #1665380027266 | took 0ms | statement | connection 24| url jdbc:h2:mem:ad3a9e80-f26d-4a3e-9691-17f803db5723
insert into picture (spot_id, url, picture_id) values (?, ?, ?)
insert into picture (spot_id, url, picture_id) values (NULL, 'java.io.StringReader@3073e76d', 1889);
2022-10-10 14:33:47.266  INFO 4460 --- [    Test worker] p6spy                                    : #1665380027266 | took 0ms | statement | connection 24| url jdbc:h2:mem:ad3a9e80-f26d-4a3e-9691-17f803db5723
insert into picture (spot_id, url, picture_id) values (?, ?, ?)
insert into picture (spot_id, url, picture_id) values (NULL, 'java.io.StringReader@1ede3958', 1890);
2022-10-10 14:33:47.266  INFO 4460 --- [    Test worker] p6spy                                    : #1665380027266 | took 0ms | statement | connection 24| url jdbc:h2:mem:ad3a9e80-f26d-4a3e-9691-17f803db5723
insert into picture (spot_id, url, picture_id) values (?, ?, ?)
insert into picture (spot_id, url, picture_id) values (NULL, 'java.io.StringReader@2c8d1ea', 1891);
2022-10-10 14:33:47.266  INFO 4460 --- [    Test worker] p6spy                                    : #1665380027266 | took 0ms | statement | connection 24| url jdbc:h2:mem:ad3a9e80-f26d-4a3e-9691-17f803db5723
insert into spot (address, description, location, name, score_id, spot_id) values (?, ?, ?, ?, ?, ?)
insert into spot (address, description, location, name, score_id, spot_id) values (NULL, NULL, 'Andeok_myeon', NULL, 459, 525);
2022-10-10 14:33:47.266  INFO 4460 --- [    Test worker] p6spy                                    : #1665380027266 | took 0ms | statement | connection 24| url jdbc:h2:mem:ad3a9e80-f26d-4a3e-9691-17f803db5723
insert into member_spot (member_id, score, spot_id, member_spot_id) values (?, ?, ?, ?)
insert into member_spot (member_id, score, spot_id, member_spot_id) values (16, 0.0, 525, 1892);
2022-10-10 14:33:47.266  INFO 4460 --- [    Test worker] p6spy                                    : #1665380027266 | took 0ms | statement | connection 24| url jdbc:h2:mem:ad3a9e80-f26d-4a3e-9691-17f803db5723
insert into review (content, spot_id, review_id) values (?, ?, ?)
insert into review (content, spot_id, review_id) values ('java.io.StringReader@560742f7', 469, 461);
2022-10-10 14:33:47.266  INFO 4460 --- [    Test worker] p6spy                                    : #1665380027266 | took 0ms | statement | connection 24| url jdbc:h2:mem:ad3a9e80-f26d-4a3e-9691-17f803db5723
insert into favorite_spot (count, favorite_id, spot_id, favorite_spot_id) values (?, ?, ?, ?)
insert into favorite_spot (count, favorite_id, spot_id, favorite_spot_id) values (0, 38, 525, 399);
2022-10-10 14:33:47.266  INFO 4460 --- [    Test worker] p6spy                                    : #1665380027266 | took 0ms | statement | connection 24| url jdbc:h2:mem:ad3a9e80-f26d-4a3e-9691-17f803db5723
insert into score (facility_rank, facility_score, price_rank, price_score, rank_average, surround_rank, surround_score, view_rank, view_score, score_id) values (?, ?, ?, ?, ?, ?, ?, ?, ?, ?)
insert into score (facility_rank, facility_score, price_rank, price_score, rank_average, surround_rank, surround_score, view_rank, view_score, score_id) values (3.457400076574917, 7.9164944240003665, 9.855878925971052, 4.6728926826293185, 5.247946264064673, 5.441014553616775, 6.17944247868695, 8.679138767111022, 0.2596686277102944, 460);
2022-10-10 14:33:47.266  INFO 4460 --- [    Test worker] p6spy                                    : #1665380027266 | took 0ms | statement | connection 24| url jdbc:h2:mem:ad3a9e80-f26d-4a3e-9691-17f803db5723
insert into picture (spot_id, url, picture_id) values (?, ?, ?)
insert into picture (spot_id, url, picture_id) values (NULL, 'java.io.StringReader@d66374c', 1893);
2022-10-10 14:33:47.266  INFO 4460 --- [    Test worker] p6spy                                    : #1665380027266 | took 0ms | statement | connection 24| url jdbc:h2:mem:ad3a9e80-f26d-4a3e-9691-17f803db5723
insert into picture (spot_id, url, picture_id) values (?, ?, ?)
insert into picture (spot_id, url, picture_id) values (NULL, 'java.io.StringReader@2521fe86', 1894);
2022-10-10 14:33:47.266  INFO 4460 --- [    Test worker] p6spy                                    : #1665380027266 | took 0ms | statement | connection 24| url jdbc:h2:mem:ad3a9e80-f26d-4a3e-9691-17f803db5723
insert into picture (spot_id, url, picture_id) values (?, ?, ?)
insert into picture (spot_id, url, picture_id) values (NULL, 'java.io.StringReader@205a2bb0', 1895);
2022-10-10 14:33:47.266  INFO 4460 --- [    Test worker] p6spy                                    : #1665380027266 | took 0ms | statement | connection 24| url jdbc:h2:mem:ad3a9e80-f26d-4a3e-9691-17f803db5723
insert into spot (address, description, location, name, score_id, spot_id) values (?, ?, ?, ?, ?, ?)
insert into spot (address, description, location, name, score_id, spot_id) values (NULL, NULL, 'Andeok_myeon', NULL, 460, 526);
2022-10-10 14:33:47.266  INFO 4460 --- [    Test worker] p6spy                                    : #1665380027266 | took 0ms | statement | connection 24| url jdbc:h2:mem:ad3a9e80-f26d-4a3e-9691-17f803db5723
insert into member_spot (member_id, score, spot_id, member_spot_id) values (?, ?, ?, ?)
insert into member_spot (member_id, score, spot_id, member_spot_id) values (16, 0.0, 526, 1896);
2022-10-10 14:33:47.266  INFO 4460 --- [    Test worker] p6spy                                    : #1665380027266 | took 0ms | statement | connection 24| url jdbc:h2:mem:ad3a9e80-f26d-4a3e-9691-17f803db5723
insert into review (content, spot_id, review_id) values (?, ?, ?)
insert into review (content, spot_id, review_id) values ('java.io.StringReader@162e1c1e', 469, 462);
2022-10-10 14:33:47.266  INFO 4460 --- [    Test worker] p6spy                                    : #1665380027266 | took 0ms | statement | connection 24| url jdbc:h2:mem:ad3a9e80-f26d-4a3e-9691-17f803db5723
insert into score (facility_rank, facility_score, price_rank, price_score, rank_average, surround_rank, surround_score, view_rank, view_score, score_id) values (?, ?, ?, ?, ?, ?, ?, ?, ?, ?)
insert into score (facility_rank, facility_score, price_rank, price_score, rank_average, surround_rank, surround_score, view_rank, view_score, score_id) values (0.7165685325534543, 5.935753792027465, 2.7360850558965355, 4.895578882006953, 2.5043936913367224, 9.197499742248338, 9.846642570759037, 8.265568305074332, 3.691549378480641, 461);
2022-10-10 14:33:47.267  INFO 4460 --- [    Test worker] p6spy                                    : #1665380027267 | took 0ms | statement | connection 24| url jdbc:h2:mem:ad3a9e80-f26d-4a3e-9691-17f803db5723
insert into picture (spot_id, url, picture_id) values (?, ?, ?)
insert into picture (spot_id, url, picture_id) values (NULL, 'java.io.StringReader@73de872d', 1897);
2022-10-10 14:33:47.267  INFO 4460 --- [    Test worker] p6spy                                    : #1665380027267 | took 0ms | statement | connection 24| url jdbc:h2:mem:ad3a9e80-f26d-4a3e-9691-17f803db5723
insert into picture (spot_id, url, picture_id) values (?, ?, ?)
insert into picture (spot_id, url, picture_id) values (NULL, 'java.io.StringReader@17a72749', 1898);
2022-10-10 14:33:47.267  INFO 4460 --- [    Test worker] p6spy                                    : #1665380027267 | took 0ms | statement | connection 24| url jdbc:h2:mem:ad3a9e80-f26d-4a3e-9691-17f803db5723
insert into picture (spot_id, url, picture_id) values (?, ?, ?)
insert into picture (spot_id, url, picture_id) values (NULL, 'java.io.StringReader@2f35dcd2', 1899);
2022-10-10 14:33:47.267  INFO 4460 --- [    Test worker] p6spy                                    : #1665380027267 | took 0ms | statement | connection 24| url jdbc:h2:mem:ad3a9e80-f26d-4a3e-9691-17f803db5723
insert into spot (address, description, location, name, score_id, spot_id) values (?, ?, ?, ?, ?, ?)
insert into spot (address, description, location, name, score_id, spot_id) values (NULL, NULL, 'Andeok_myeon', NULL, 461, 527);
2022-10-10 14:33:47.267  INFO 4460 --- [    Test worker] p6spy                                    : #1665380027267 | took 0ms | statement | connection 24| url jdbc:h2:mem:ad3a9e80-f26d-4a3e-9691-17f803db5723
insert into member_spot (member_id, score, spot_id, member_spot_id) values (?, ?, ?, ?)
insert into member_spot (member_id, score, spot_id, member_spot_id) values (16, 0.0, 527, 1900);
2022-10-10 14:33:47.267  INFO 4460 --- [    Test worker] p6spy                                    : #1665380027267 | took 0ms | statement | connection 24| url jdbc:h2:mem:ad3a9e80-f26d-4a3e-9691-17f803db5723
insert into review (content, spot_id, review_id) values (?, ?, ?)
insert into review (content, spot_id, review_id) values ('java.io.StringReader@782d2e29', 469, 463);
2022-10-10 14:33:47.267  INFO 4460 --- [    Test worker] p6spy                                    : #1665380027267 | took 0ms | statement | connection 24| url jdbc:h2:mem:ad3a9e80-f26d-4a3e-9691-17f803db5723
insert into favorite_spot (count, favorite_id, spot_id, favorite_spot_id) values (?, ?, ?, ?)
insert into favorite_spot (count, favorite_id, spot_id, favorite_spot_id) values (0, 38, 527, 400);
2022-10-10 14:33:47.267  INFO 4460 --- [    Test worker] p6spy                                    : #1665380027267 | took 0ms | statement | connection 24| url jdbc:h2:mem:ad3a9e80-f26d-4a3e-9691-17f803db5723
insert into score (facility_rank, facility_score, price_rank, price_score, rank_average, surround_rank, surround_score, view_rank, view_score, score_id) values (?, ?, ?, ?, ?, ?, ?, ?, ?, ?)
insert into score (facility_rank, facility_score, price_rank, price_score, rank_average, surround_rank, surround_score, view_rank, view_score, score_id) values (7.819339738954549, 7.998902316601745, 5.631842067860854, 5.99056675873705, 4.107292233825821, 7.526394389845224, 5.7185810341156, 8.283783563755641, 3.1072419269182063, 462);
2022-10-10 14:33:47.267  INFO 4460 --- [    Test worker] p6spy                                    : #1665380027267 | took 0ms | statement | connection 24| url jdbc:h2:mem:ad3a9e80-f26d-4a3e-9691-17f803db5723
insert into picture (spot_id, url, picture_id) values (?, ?, ?)
insert into picture (spot_id, url, picture_id) values (NULL, 'java.io.StringReader@5dd97fb6', 1901);
2022-10-10 14:33:47.267  INFO 4460 --- [    Test worker] p6spy                                    : #1665380027267 | took 0ms | statement | connection 24| url jdbc:h2:mem:ad3a9e80-f26d-4a3e-9691-17f803db5723
insert into picture (spot_id, url, picture_id) values (?, ?, ?)
insert into picture (spot_id, url, picture_id) values (NULL, 'java.io.StringReader@32671bda', 1902);
2022-10-10 14:33:47.267  INFO 4460 --- [    Test worker] p6spy                                    : #1665380027267 | took 0ms | statement | connection 24| url jdbc:h2:mem:ad3a9e80-f26d-4a3e-9691-17f803db5723
insert into picture (spot_id, url, picture_id) values (?, ?, ?)
insert into picture (spot_id, url, picture_id) values (NULL, 'java.io.StringReader@11d5f7d9', 1903);
2022-10-10 14:33:47.267  INFO 4460 --- [    Test worker] p6spy                                    : #1665380027267 | took 0ms | statement | connection 24| url jdbc:h2:mem:ad3a9e80-f26d-4a3e-9691-17f803db5723
insert into spot (address, description, location, name, score_id, spot_id) values (?, ?, ?, ?, ?, ?)
insert into spot (address, description, location, name, score_id, spot_id) values (NULL, NULL, 'Andeok_myeon', NULL, 462, 528);
2022-10-10 14:33:47.267  INFO 4460 --- [    Test worker] p6spy                                    : #1665380027267 | took 0ms | statement | connection 24| url jdbc:h2:mem:ad3a9e80-f26d-4a3e-9691-17f803db5723
insert into member_spot (member_id, score, spot_id, member_spot_id) values (?, ?, ?, ?)
insert into member_spot (member_id, score, spot_id, member_spot_id) values (16, 0.0, 528, 1904);
2022-10-10 14:33:47.267  INFO 4460 --- [    Test worker] p6spy                                    : #1665380027267 | took 0ms | statement | connection 24| url jdbc:h2:mem:ad3a9e80-f26d-4a3e-9691-17f803db5723
insert into review (content, spot_id, review_id) values (?, ?, ?)
insert into review (content, spot_id, review_id) values ('java.io.StringReader@7664b517', 469, 464);
2022-10-10 14:33:47.267  INFO 4460 --- [    Test worker] p6spy                                    : #1665380027267 | took 0ms | statement | connection 24| url jdbc:h2:mem:ad3a9e80-f26d-4a3e-9691-17f803db5723
insert into score (facility_rank, facility_score, price_rank, price_score, rank_average, surround_rank, surround_score, view_rank, view_score, score_id) values (?, ?, ?, ?, ?, ?, ?, ?, ?, ?)
insert into score (facility_rank, facility_score, price_rank, price_score, rank_average, surround_rank, surround_score, view_rank, view_score, score_id) values (9.34302193830087, 7.500396255001553, 2.81197064528608, 7.527935209678921, 1.2425583477355584, 8.857934620364157, 4.3410558063582, 6.349087177615747, 9.65187563557685, 463);
2022-10-10 14:33:47.267  INFO 4460 --- [    Test worker] p6spy                                    : #1665380027267 | took 0ms | statement | connection 24| url jdbc:h2:mem:ad3a9e80-f26d-4a3e-9691-17f803db5723
insert into picture (spot_id, url, picture_id) values (?, ?, ?)
insert into picture (spot_id, url, picture_id) values (NULL, 'java.io.StringReader@67aeb1f4', 1905);
2022-10-10 14:33:47.267  INFO 4460 --- [    Test worker] p6spy                                    : #1665380027267 | took 0ms | statement | connection 24| url jdbc:h2:mem:ad3a9e80-f26d-4a3e-9691-17f803db5723
insert into picture (spot_id, url, picture_id) values (?, ?, ?)
insert into picture (spot_id, url, picture_id) values (NULL, 'java.io.StringReader@41a83e62', 1906);
2022-10-10 14:33:47.267  INFO 4460 --- [    Test worker] p6spy                                    : #1665380027267 | took 0ms | statement | connection 24| url jdbc:h2:mem:ad3a9e80-f26d-4a3e-9691-17f803db5723
insert into picture (spot_id, url, picture_id) values (?, ?, ?)
insert into picture (spot_id, url, picture_id) values (NULL, 'java.io.StringReader@4a38ab', 1907);
2022-10-10 14:33:47.267  INFO 4460 --- [    Test worker] p6spy                                    : #1665380027267 | took 0ms | statement | connection 24| url jdbc:h2:mem:ad3a9e80-f26d-4a3e-9691-17f803db5723
insert into spot (address, description, location, name, score_id, spot_id) values (?, ?, ?, ?, ?, ?)
insert into spot (address, description, location, name, score_id, spot_id) values (NULL, NULL, 'Andeok_myeon', NULL, 463, 529);
2022-10-10 14:33:47.267  INFO 4460 --- [    Test worker] p6spy                                    : #1665380027267 | took 0ms | statement | connection 24| url jdbc:h2:mem:ad3a9e80-f26d-4a3e-9691-17f803db5723
insert into member_spot (member_id, score, spot_id, member_spot_id) values (?, ?, ?, ?)
insert into member_spot (member_id, score, spot_id, member_spot_id) values (16, 0.0, 529, 1908);
2022-10-10 14:33:47.267  INFO 4460 --- [    Test worker] p6spy                                    : #1665380027267 | took 0ms | statement | connection 24| url jdbc:h2:mem:ad3a9e80-f26d-4a3e-9691-17f803db5723
insert into review (content, spot_id, review_id) values (?, ?, ?)
insert into review (content, spot_id, review_id) values ('java.io.StringReader@2499e4dd', 469, 465);
2022-10-10 14:33:47.267  INFO 4460 --- [    Test worker] p6spy                                    : #1665380027267 | took 0ms | statement | connection 24| url jdbc:h2:mem:ad3a9e80-f26d-4a3e-9691-17f803db5723
insert into favorite_spot (count, favorite_id, spot_id, favorite_spot_id) values (?, ?, ?, ?)
insert into favorite_spot (count, favorite_id, spot_id, favorite_spot_id) values (0, 38, 529, 401);
2022-10-10 14:33:47.267  INFO 4460 --- [    Test worker] p6spy                                    : #1665380027267 | took 0ms | statement | connection 24| url jdbc:h2:mem:ad3a9e80-f26d-4a3e-9691-17f803db5723
insert into score (facility_rank, facility_score, price_rank, price_score, rank_average, surround_rank, surround_score, view_rank, view_score, score_id) values (?, ?, ?, ?, ?, ?, ?, ?, ?, ?)
insert into score (facility_rank, facility_score, price_rank, price_score, rank_average, surround_rank, surround_score, view_rank, view_score, score_id) values (1.0121776467855181, 2.4337802543338416, 4.642402135768743, 3.923494969939089, 6.132917894227421, 5.918123776950387, 6.872988750007569, 8.060738803381334, 8.922972863071184, 464);
2022-10-10 14:33:47.267  INFO 4460 --- [    Test worker] p6spy                                    : #1665380027267 | took 0ms | statement | connection 24| url jdbc:h2:mem:ad3a9e80-f26d-4a3e-9691-17f803db5723
insert into picture (spot_id, url, picture_id) values (?, ?, ?)
insert into picture (spot_id, url, picture_id) values (NULL, 'java.io.StringReader@1ccedde8', 1909);
2022-10-10 14:33:47.267  INFO 4460 --- [    Test worker] p6spy                                    : #1665380027267 | took 0ms | statement | connection 24| url jdbc:h2:mem:ad3a9e80-f26d-4a3e-9691-17f803db5723
insert into picture (spot_id, url, picture_id) values (?, ?, ?)
insert into picture (spot_id, url, picture_id) values (NULL, 'java.io.StringReader@23e3f9d4', 1910);
2022-10-10 14:33:47.267  INFO 4460 --- [    Test worker] p6spy                                    : #1665380027267 | took 0ms | statement | connection 24| url jdbc:h2:mem:ad3a9e80-f26d-4a3e-9691-17f803db5723
insert into picture (spot_id, url, picture_id) values (?, ?, ?)
insert into picture (spot_id, url, picture_id) values (NULL, 'java.io.StringReader@5ff839b0', 1911);
2022-10-10 14:33:47.267  INFO 4460 --- [    Test worker] p6spy                                    : #1665380027267 | took 0ms | statement | connection 24| url jdbc:h2:mem:ad3a9e80-f26d-4a3e-9691-17f803db5723
insert into spot (address, description, location, name, score_id, spot_id) values (?, ?, ?, ?, ?, ?)
insert into spot (address, description, location, name, score_id, spot_id) values (NULL, NULL, 'Andeok_myeon', NULL, 464, 530);
2022-10-10 14:33:47.267  INFO 4460 --- [    Test worker] p6spy                                    : #1665380027267 | took 0ms | statement | connection 24| url jdbc:h2:mem:ad3a9e80-f26d-4a3e-9691-17f803db5723
insert into member_spot (member_id, score, spot_id, member_spot_id) values (?, ?, ?, ?)
insert into member_spot (member_id, score, spot_id, member_spot_id) values (16, 0.0, 530, 1912);
2022-10-10 14:33:47.267  INFO 4460 --- [    Test worker] p6spy                                    : #1665380027267 | took 0ms | statement | connection 24| url jdbc:h2:mem:ad3a9e80-f26d-4a3e-9691-17f803db5723
insert into review (content, spot_id, review_id) values (?, ?, ?)
insert into review (content, spot_id, review_id) values ('java.io.StringReader@38e3de9e', 469, 466);
2022-10-10 14:33:47.268  INFO 4460 --- [    Test worker] p6spy                                    : #1665380027268 | took 0ms | statement | connection 24| url jdbc:h2:mem:ad3a9e80-f26d-4a3e-9691-17f803db5723
insert into score (facility_rank, facility_score, price_rank, price_score, rank_average, surround_rank, surround_score, view_rank, view_score, score_id) values (?, ?, ?, ?, ?, ?, ?, ?, ?, ?)
insert into score (facility_rank, facility_score, price_rank, price_score, rank_average, surround_rank, surround_score, view_rank, view_score, score_id) values (6.024503034136681, 6.99975297377926, 2.499703517830273, 8.533319519751267, 6.369461440907882, 4.315788964177063, 2.8415136918764414, 2.68335917869729, 2.7296710667575708, 465);
2022-10-10 14:33:47.268  INFO 4460 --- [    Test worker] p6spy                                    : #1665380027268 | took 0ms | statement | connection 24| url jdbc:h2:mem:ad3a9e80-f26d-4a3e-9691-17f803db5723
insert into picture (spot_id, url, picture_id) values (?, ?, ?)
insert into picture (spot_id, url, picture_id) values (NULL, 'java.io.StringReader@4b6c92d1', 1913);
2022-10-10 14:33:47.268  INFO 4460 --- [    Test worker] p6spy                                    : #1665380027268 | took 0ms | statement | connection 24| url jdbc:h2:mem:ad3a9e80-f26d-4a3e-9691-17f803db5723
insert into picture (spot_id, url, picture_id) values (?, ?, ?)
insert into picture (spot_id, url, picture_id) values (NULL, 'java.io.StringReader@552124f8', 1914);
2022-10-10 14:33:47.268  INFO 4460 --- [    Test worker] p6spy                                    : #1665380027268 | took 0ms | statement | connection 24| url jdbc:h2:mem:ad3a9e80-f26d-4a3e-9691-17f803db5723
insert into picture (spot_id, url, picture_id) values (?, ?, ?)
insert into picture (spot_id, url, picture_id) values (NULL, 'java.io.StringReader@4c9c0251', 1915);
2022-10-10 14:33:47.268  INFO 4460 --- [    Test worker] p6spy                                    : #1665380027268 | took 0ms | statement | connection 24| url jdbc:h2:mem:ad3a9e80-f26d-4a3e-9691-17f803db5723
insert into spot (address, description, location, name, score_id, spot_id) values (?, ?, ?, ?, ?, ?)
insert into spot (address, description, location, name, score_id, spot_id) values (NULL, NULL, 'Andeok_myeon', NULL, 465, 531);
2022-10-10 14:33:47.268  INFO 4460 --- [    Test worker] p6spy                                    : #1665380027268 | took 0ms | statement | connection 24| url jdbc:h2:mem:ad3a9e80-f26d-4a3e-9691-17f803db5723
insert into member_spot (member_id, score, spot_id, member_spot_id) values (?, ?, ?, ?)
insert into member_spot (member_id, score, spot_id, member_spot_id) values (16, 0.0, 531, 1916);
2022-10-10 14:33:47.268  INFO 4460 --- [    Test worker] p6spy                                    : #1665380027268 | took 0ms | statement | connection 24| url jdbc:h2:mem:ad3a9e80-f26d-4a3e-9691-17f803db5723
insert into review (content, spot_id, review_id) values (?, ?, ?)
insert into review (content, spot_id, review_id) values ('java.io.StringReader@55cac412', 469, 467);
2022-10-10 14:33:47.268  INFO 4460 --- [    Test worker] p6spy                                    : #1665380027268 | took 0ms | statement | connection 24| url jdbc:h2:mem:ad3a9e80-f26d-4a3e-9691-17f803db5723
insert into favorite_spot (count, favorite_id, spot_id, favorite_spot_id) values (?, ?, ?, ?)
insert into favorite_spot (count, favorite_id, spot_id, favorite_spot_id) values (0, 38, 531, 402);
2022-10-10 14:33:47.268  INFO 4460 --- [    Test worker] p6spy                                    : #1665380027268 | took 0ms | statement | connection 24| url jdbc:h2:mem:ad3a9e80-f26d-4a3e-9691-17f803db5723
insert into score (facility_rank, facility_score, price_rank, price_score, rank_average, surround_rank, surround_score, view_rank, view_score, score_id) values (?, ?, ?, ?, ?, ?, ?, ?, ?, ?)
insert into score (facility_rank, facility_score, price_rank, price_score, rank_average, surround_rank, surround_score, view_rank, view_score, score_id) values (8.134628332319712, 0.12814637702370457, 2.7567653358349453, 0.6835298304955828, 9.966607616822857, 6.2806870672864, 6.30922229317914, 6.667429983634367, 5.137844153011995, 466);
2022-10-10 14:33:47.268  INFO 4460 --- [    Test worker] p6spy                                    : #1665380027268 | took 0ms | statement | connection 24| url jdbc:h2:mem:ad3a9e80-f26d-4a3e-9691-17f803db5723
insert into picture (spot_id, url, picture_id) values (?, ?, ?)
insert into picture (spot_id, url, picture_id) values (NULL, 'java.io.StringReader@4d667774', 1917);
2022-10-10 14:33:47.268  INFO 4460 --- [    Test worker] p6spy                                    : #1665380027268 | took 0ms | statement | connection 24| url jdbc:h2:mem:ad3a9e80-f26d-4a3e-9691-17f803db5723
insert into picture (spot_id, url, picture_id) values (?, ?, ?)
insert into picture (spot_id, url, picture_id) values (NULL, 'java.io.StringReader@2be20873', 1918);
2022-10-10 14:33:47.268  INFO 4460 --- [    Test worker] p6spy                                    : #1665380027268 | took 0ms | statement | connection 24| url jdbc:h2:mem:ad3a9e80-f26d-4a3e-9691-17f803db5723
insert into picture (spot_id, url, picture_id) values (?, ?, ?)
insert into picture (spot_id, url, picture_id) values (NULL, 'java.io.StringReader@703d7f8e', 1919);
2022-10-10 14:33:47.268  INFO 4460 --- [    Test worker] p6spy                                    : #1665380027268 | took 0ms | statement | connection 24| url jdbc:h2:mem:ad3a9e80-f26d-4a3e-9691-17f803db5723
insert into spot (address, description, location, name, score_id, spot_id) values (?, ?, ?, ?, ?, ?)
insert into spot (address, description, location, name, score_id, spot_id) values (NULL, NULL, 'Andeok_myeon', NULL, 466, 532);
2022-10-10 14:33:47.268  INFO 4460 --- [    Test worker] p6spy                                    : #1665380027268 | took 0ms | statement | connection 24| url jdbc:h2:mem:ad3a9e80-f26d-4a3e-9691-17f803db5723
insert into member_spot (member_id, score, spot_id, member_spot_id) values (?, ?, ?, ?)
insert into member_spot (member_id, score, spot_id, member_spot_id) values (16, 0.0, 532, 1920);
2022-10-10 14:33:47.268  INFO 4460 --- [    Test worker] p6spy                                    : #1665380027268 | took 0ms | statement | connection 24| url jdbc:h2:mem:ad3a9e80-f26d-4a3e-9691-17f803db5723
insert into review (content, spot_id, review_id) values (?, ?, ?)
insert into review (content, spot_id, review_id) values ('java.io.StringReader@71404204', 469, 468);
2022-10-10 14:33:47.268  INFO 4460 --- [    Test worker] p6spy                                    : #1665380027268 | took 0ms | statement | connection 24| url jdbc:h2:mem:ad3a9e80-f26d-4a3e-9691-17f803db5723
insert into score (facility_rank, facility_score, price_rank, price_score, rank_average, surround_rank, surround_score, view_rank, view_score, score_id) values (?, ?, ?, ?, ?, ?, ?, ?, ?, ?)
insert into score (facility_rank, facility_score, price_rank, price_score, rank_average, surround_rank, surround_score, view_rank, view_score, score_id) values (6.248060790360657, 4.280737741090553, 4.418164532978668, 5.168881053566913, 7.00503459842336, 8.176205820480845, 3.874369128929996, 7.885002698699623, 5.354835296404088, 467);
2022-10-10 14:33:47.268  INFO 4460 --- [    Test worker] p6spy                                    : #1665380027268 | took 0ms | statement | connection 24| url jdbc:h2:mem:ad3a9e80-f26d-4a3e-9691-17f803db5723
insert into picture (spot_id, url, picture_id) values (?, ?, ?)
insert into picture (spot_id, url, picture_id) values (NULL, 'java.io.StringReader@67b22ea3', 1921);
2022-10-10 14:33:47.268  INFO 4460 --- [    Test worker] p6spy                                    : #1665380027268 | took 0ms | statement | connection 24| url jdbc:h2:mem:ad3a9e80-f26d-4a3e-9691-17f803db5723
insert into picture (spot_id, url, picture_id) values (?, ?, ?)
insert into picture (spot_id, url, picture_id) values (NULL, 'java.io.StringReader@75650906', 1922);
2022-10-10 14:33:47.268  INFO 4460 --- [    Test worker] p6spy                                    : #1665380027268 | took 0ms | statement | connection 24| url jdbc:h2:mem:ad3a9e80-f26d-4a3e-9691-17f803db5723
insert into picture (spot_id, url, picture_id) values (?, ?, ?)
insert into picture (spot_id, url, picture_id) values (NULL, 'java.io.StringReader@1342f774', 1923);
2022-10-10 14:33:47.268  INFO 4460 --- [    Test worker] p6spy                                    : #1665380027268 | took 0ms | statement | connection 24| url jdbc:h2:mem:ad3a9e80-f26d-4a3e-9691-17f803db5723
insert into spot (address, description, location, name, score_id, spot_id) values (?, ?, ?, ?, ?, ?)
insert into spot (address, description, location, name, score_id, spot_id) values (NULL, NULL, 'Andeok_myeon', NULL, 467, 533);
2022-10-10 14:33:47.268  INFO 4460 --- [    Test worker] p6spy                                    : #1665380027268 | took 0ms | statement | connection 24| url jdbc:h2:mem:ad3a9e80-f26d-4a3e-9691-17f803db5723
insert into member_spot (member_id, score, spot_id, member_spot_id) values (?, ?, ?, ?)
insert into member_spot (member_id, score, spot_id, member_spot_id) values (16, 0.0, 533, 1924);
2022-10-10 14:33:47.268  INFO 4460 --- [    Test worker] p6spy                                    : #1665380027268 | took 0ms | statement | connection 24| url jdbc:h2:mem:ad3a9e80-f26d-4a3e-9691-17f803db5723
insert into review (content, spot_id, review_id) values (?, ?, ?)
insert into review (content, spot_id, review_id) values ('java.io.StringReader@19361ab', 469, 469);
2022-10-10 14:33:47.268  INFO 4460 --- [    Test worker] p6spy                                    : #1665380027268 | took 0ms | statement | connection 24| url jdbc:h2:mem:ad3a9e80-f26d-4a3e-9691-17f803db5723
insert into favorite_spot (count, favorite_id, spot_id, favorite_spot_id) values (?, ?, ?, ?)
insert into favorite_spot (count, favorite_id, spot_id, favorite_spot_id) values (0, 38, 533, 403);
2022-10-10 14:33:47.268  INFO 4460 --- [    Test worker] p6spy                                    : #1665380027268 | took 0ms | statement | connection 24| url jdbc:h2:mem:ad3a9e80-f26d-4a3e-9691-17f803db5723
insert into score (facility_rank, facility_score, price_rank, price_score, rank_average, surround_rank, surround_score, view_rank, view_score, score_id) values (?, ?, ?, ?, ?, ?, ?, ?, ?, ?)
insert into score (facility_rank, facility_score, price_rank, price_score, rank_average, surround_rank, surround_score, view_rank, view_score, score_id) values (8.992572408469549, 2.6228256097984017, 7.4213916397004915, 4.42716609334746, 6.627005303075068, 1.84830497391406, 4.23760733994602, 4.903962295735599, 1.2289808938584013, 468);
2022-10-10 14:33:47.268  INFO 4460 --- [    Test worker] p6spy                                    : #1665380027268 | took 0ms | statement | connection 24| url jdbc:h2:mem:ad3a9e80-f26d-4a3e-9691-17f803db5723
insert into picture (spot_id, url, picture_id) values (?, ?, ?)
insert into picture (spot_id, url, picture_id) values (NULL, 'java.io.StringReader@1cd2018a', 1925);
2022-10-10 14:33:47.268  INFO 4460 --- [    Test worker] p6spy                                    : #1665380027268 | took 0ms | statement | connection 24| url jdbc:h2:mem:ad3a9e80-f26d-4a3e-9691-17f803db5723
insert into picture (spot_id, url, picture_id) values (?, ?, ?)
insert into picture (spot_id, url, picture_id) values (NULL, 'java.io.StringReader@220fb5bf', 1926);
2022-10-10 14:33:47.268  INFO 4460 --- [    Test worker] p6spy                                    : #1665380027268 | took 0ms | statement | connection 24| url jdbc:h2:mem:ad3a9e80-f26d-4a3e-9691-17f803db5723
insert into picture (spot_id, url, picture_id) values (?, ?, ?)
insert into picture (spot_id, url, picture_id) values (NULL, 'java.io.StringReader@1bef43f6', 1927);
2022-10-10 14:33:47.268  INFO 4460 --- [    Test worker] p6spy                                    : #1665380027268 | took 0ms | statement | connection 24| url jdbc:h2:mem:ad3a9e80-f26d-4a3e-9691-17f803db5723
insert into spot (address, description, location, name, score_id, spot_id) values (?, ?, ?, ?, ?, ?)
insert into spot (address, description, location, name, score_id, spot_id) values (NULL, NULL, 'Andeok_myeon', NULL, 468, 534);
2022-10-10 14:33:47.268  INFO 4460 --- [    Test worker] p6spy                                    : #1665380027268 | took 0ms | statement | connection 24| url jdbc:h2:mem:ad3a9e80-f26d-4a3e-9691-17f803db5723
insert into member_spot (member_id, score, spot_id, member_spot_id) values (?, ?, ?, ?)
insert into member_spot (member_id, score, spot_id, member_spot_id) values (16, 0.0, 534, 1928);
2022-10-10 14:33:47.268  INFO 4460 --- [    Test worker] p6spy                                    : #1665380027268 | took 0ms | statement | connection 24| url jdbc:h2:mem:ad3a9e80-f26d-4a3e-9691-17f803db5723
insert into review (content, spot_id, review_id) values (?, ?, ?)
insert into review (content, spot_id, review_id) values ('java.io.StringReader@6e3dab60', 469, 470);
2022-10-10 14:33:47.268  INFO 4460 --- [    Test worker] p6spy                                    : #1665380027268 | took 0ms | statement | connection 24| url jdbc:h2:mem:ad3a9e80-f26d-4a3e-9691-17f803db5723
insert into score (facility_rank, facility_score, price_rank, price_score, rank_average, surround_rank, surround_score, view_rank, view_score, score_id) values (?, ?, ?, ?, ?, ?, ?, ?, ?, ?)
insert into score (facility_rank, facility_score, price_rank, price_score, rank_average, surround_rank, surround_score, view_rank, view_score, score_id) values (2.958727461299776, 1.1795735138793273, 3.695988439528921, 1.5366736562350003, 9.448669393987604, 9.21011432415966, 4.99433871234383, 0.6333091433284788, 1.5813853003685197, 469);
2022-10-10 14:33:47.269  INFO 4460 --- [    Test worker] p6spy                                    : #1665380027269 | took 0ms | statement | connection 24| url jdbc:h2:mem:ad3a9e80-f26d-4a3e-9691-17f803db5723
insert into picture (spot_id, url, picture_id) values (?, ?, ?)
insert into picture (spot_id, url, picture_id) values (NULL, 'java.io.StringReader@317648d8', 1929);
2022-10-10 14:33:47.269  INFO 4460 --- [    Test worker] p6spy                                    : #1665380027269 | took 0ms | statement | connection 24| url jdbc:h2:mem:ad3a9e80-f26d-4a3e-9691-17f803db5723
insert into picture (spot_id, url, picture_id) values (?, ?, ?)
insert into picture (spot_id, url, picture_id) values (NULL, 'java.io.StringReader@52f4963d', 1930);
2022-10-10 14:33:47.269  INFO 4460 --- [    Test worker] p6spy                                    : #1665380027269 | took 0ms | statement | connection 24| url jdbc:h2:mem:ad3a9e80-f26d-4a3e-9691-17f803db5723
insert into picture (spot_id, url, picture_id) values (?, ?, ?)
insert into picture (spot_id, url, picture_id) values (NULL, 'java.io.StringReader@263fee05', 1931);
2022-10-10 14:33:47.269  INFO 4460 --- [    Test worker] p6spy                                    : #1665380027269 | took 0ms | statement | connection 24| url jdbc:h2:mem:ad3a9e80-f26d-4a3e-9691-17f803db5723
insert into spot (address, description, location, name, score_id, spot_id) values (?, ?, ?, ?, ?, ?)
insert into spot (address, description, location, name, score_id, spot_id) values (NULL, NULL, 'Andeok_myeon', NULL, 469, 535);
2022-10-10 14:33:47.269  INFO 4460 --- [    Test worker] p6spy                                    : #1665380027269 | took 0ms | statement | connection 24| url jdbc:h2:mem:ad3a9e80-f26d-4a3e-9691-17f803db5723
insert into member_spot (member_id, score, spot_id, member_spot_id) values (?, ?, ?, ?)
insert into member_spot (member_id, score, spot_id, member_spot_id) values (16, 0.0, 535, 1932);
2022-10-10 14:33:47.269  INFO 4460 --- [    Test worker] p6spy                                    : #1665380027269 | took 0ms | statement | connection 24| url jdbc:h2:mem:ad3a9e80-f26d-4a3e-9691-17f803db5723
insert into review (content, spot_id, review_id) values (?, ?, ?)
insert into review (content, spot_id, review_id) values ('java.io.StringReader@4d2cdda2', 469, 471);
2022-10-10 14:33:47.269  INFO 4460 --- [    Test worker] p6spy                                    : #1665380027269 | took 0ms | statement | connection 24| url jdbc:h2:mem:ad3a9e80-f26d-4a3e-9691-17f803db5723
insert into favorite_spot (count, favorite_id, spot_id, favorite_spot_id) values (?, ?, ?, ?)
insert into favorite_spot (count, favorite_id, spot_id, favorite_spot_id) values (0, 38, 535, 404);
2022-10-10 14:33:47.269  INFO 4460 --- [    Test worker] p6spy                                    : #1665380027269 | took 0ms | statement | connection 24| url jdbc:h2:mem:ad3a9e80-f26d-4a3e-9691-17f803db5723
insert into score (facility_rank, facility_score, price_rank, price_score, rank_average, surround_rank, surround_score, view_rank, view_score, score_id) values (?, ?, ?, ?, ?, ?, ?, ?, ?, ?)
insert into score (facility_rank, facility_score, price_rank, price_score, rank_average, surround_rank, surround_score, view_rank, view_score, score_id) values (9.556228817191116, 0.3437621990116335, 9.690000009356698, 1.9023928664618128, 9.553401657442661, 8.884340660704625, 3.4279789346423506, 7.083039121075806, 5.454013014046969, 470);
2022-10-10 14:33:47.269  INFO 4460 --- [    Test worker] p6spy                                    : #1665380027269 | took 0ms | statement | connection 24| url jdbc:h2:mem:ad3a9e80-f26d-4a3e-9691-17f803db5723
insert into picture (spot_id, url, picture_id) values (?, ?, ?)
insert into picture (spot_id, url, picture_id) values (NULL, 'java.io.StringReader@5751ecf4', 1933);
2022-10-10 14:33:47.269  INFO 4460 --- [    Test worker] p6spy                                    : #1665380027269 | took 0ms | statement | connection 24| url jdbc:h2:mem:ad3a9e80-f26d-4a3e-9691-17f803db5723
insert into picture (spot_id, url, picture_id) values (?, ?, ?)
insert into picture (spot_id, url, picture_id) values (NULL, 'java.io.StringReader@6ba0f', 1934);
2022-10-10 14:33:47.269  INFO 4460 --- [    Test worker] p6spy                                    : #1665380027269 | took 0ms | statement | connection 24| url jdbc:h2:mem:ad3a9e80-f26d-4a3e-9691-17f803db5723
insert into picture (spot_id, url, picture_id) values (?, ?, ?)
insert into picture (spot_id, url, picture_id) values (NULL, 'java.io.StringReader@7ed8402d', 1935);
2022-10-10 14:33:47.269  INFO 4460 --- [    Test worker] p6spy                                    : #1665380027269 | took 0ms | statement | connection 24| url jdbc:h2:mem:ad3a9e80-f26d-4a3e-9691-17f803db5723
insert into spot (address, description, location, name, score_id, spot_id) values (?, ?, ?, ?, ?, ?)
insert into spot (address, description, location, name, score_id, spot_id) values (NULL, NULL, 'Andeok_myeon', NULL, 470, 536);
2022-10-10 14:33:47.269  INFO 4460 --- [    Test worker] p6spy                                    : #1665380027269 | took 0ms | statement | connection 24| url jdbc:h2:mem:ad3a9e80-f26d-4a3e-9691-17f803db5723
insert into member_spot (member_id, score, spot_id, member_spot_id) values (?, ?, ?, ?)
insert into member_spot (member_id, score, spot_id, member_spot_id) values (16, 0.0, 536, 1936);
2022-10-10 14:33:47.269  INFO 4460 --- [    Test worker] p6spy                                    : #1665380027269 | took 0ms | statement | connection 24| url jdbc:h2:mem:ad3a9e80-f26d-4a3e-9691-17f803db5723
insert into review (content, spot_id, review_id) values (?, ?, ?)
insert into review (content, spot_id, review_id) values ('java.io.StringReader@4ecac4d4', 469, 472);
2022-10-10 14:33:47.269  INFO 4460 --- [    Test worker] p6spy                                    : #1665380027269 | took 0ms | statement | connection 24| url jdbc:h2:mem:ad3a9e80-f26d-4a3e-9691-17f803db5723
insert into score (facility_rank, facility_score, price_rank, price_score, rank_average, surround_rank, surround_score, view_rank, view_score, score_id) values (?, ?, ?, ?, ?, ?, ?, ?, ?, ?)
insert into score (facility_rank, facility_score, price_rank, price_score, rank_average, surround_rank, surround_score, view_rank, view_score, score_id) values (6.1069888901441285, 7.354803829182216, 1.7409778686687372, 4.039567144276504, 7.453875847312775, 6.6663645733562795, 8.053141547442305, 5.301781757427482, 9.01424634723463, 471);
2022-10-10 14:33:47.269  INFO 4460 --- [    Test worker] p6spy                                    : #1665380027269 | took 0ms | statement | connection 24| url jdbc:h2:mem:ad3a9e80-f26d-4a3e-9691-17f803db5723
insert into picture (spot_id, url, picture_id) values (?, ?, ?)
insert into picture (spot_id, url, picture_id) values (NULL, 'java.io.StringReader@75043bfd', 1937);
2022-10-10 14:33:47.269  INFO 4460 --- [    Test worker] p6spy                                    : #1665380027269 | took 0ms | statement | connection 24| url jdbc:h2:mem:ad3a9e80-f26d-4a3e-9691-17f803db5723
insert into picture (spot_id, url, picture_id) values (?, ?, ?)
insert into picture (spot_id, url, picture_id) values (NULL, 'java.io.StringReader@28bb278a', 1938);
2022-10-10 14:33:47.269  INFO 4460 --- [    Test worker] p6spy                                    : #1665380027269 | took 0ms | statement | connection 24| url jdbc:h2:mem:ad3a9e80-f26d-4a3e-9691-17f803db5723
insert into picture (spot_id, url, picture_id) values (?, ?, ?)
insert into picture (spot_id, url, picture_id) values (NULL, 'java.io.StringReader@240e9771', 1939);
2022-10-10 14:33:47.269  INFO 4460 --- [    Test worker] p6spy                                    : #1665380027269 | took 0ms | statement | connection 24| url jdbc:h2:mem:ad3a9e80-f26d-4a3e-9691-17f803db5723
insert into spot (address, description, location, name, score_id, spot_id) values (?, ?, ?, ?, ?, ?)
insert into spot (address, description, location, name, score_id, spot_id) values (NULL, NULL, 'Andeok_myeon', NULL, 471, 537);
2022-10-10 14:33:47.269  INFO 4460 --- [    Test worker] p6spy                                    : #1665380027269 | took 0ms | statement | connection 24| url jdbc:h2:mem:ad3a9e80-f26d-4a3e-9691-17f803db5723
insert into member_spot (member_id, score, spot_id, member_spot_id) values (?, ?, ?, ?)
insert into member_spot (member_id, score, spot_id, member_spot_id) values (16, 0.0, 537, 1940);
2022-10-10 14:33:47.269  INFO 4460 --- [    Test worker] p6spy                                    : #1665380027269 | took 0ms | statement | connection 24| url jdbc:h2:mem:ad3a9e80-f26d-4a3e-9691-17f803db5723
insert into review (content, spot_id, review_id) values (?, ?, ?)
insert into review (content, spot_id, review_id) values ('java.io.StringReader@22624c80', 469, 473);
2022-10-10 14:33:47.269  INFO 4460 --- [    Test worker] p6spy                                    : #1665380027269 | took 0ms | statement | connection 24| url jdbc:h2:mem:ad3a9e80-f26d-4a3e-9691-17f803db5723
insert into favorite_spot (count, favorite_id, spot_id, favorite_spot_id) values (?, ?, ?, ?)
insert into favorite_spot (count, favorite_id, spot_id, favorite_spot_id) values (0, 38, 537, 405);
2022-10-10 14:33:47.269  INFO 4460 --- [    Test worker] p6spy                                    : #1665380027269 | took 0ms | statement | connection 24| url jdbc:h2:mem:ad3a9e80-f26d-4a3e-9691-17f803db5723
insert into score (facility_rank, facility_score, price_rank, price_score, rank_average, surround_rank, surround_score, view_rank, view_score, score_id) values (?, ?, ?, ?, ?, ?, ?, ?, ?, ?)
insert into score (facility_rank, facility_score, price_rank, price_score, rank_average, surround_rank, surround_score, view_rank, view_score, score_id) values (2.899869671150077, 1.53506111855217, 2.343759215168746, 0.10111085782135487, 2.9105417559197564, 3.593497037203588, 0.911276893925973, 2.306522178297332, 0.047539516800436665, 472);
2022-10-10 14:33:47.269  INFO 4460 --- [    Test worker] p6spy                                    : #1665380027269 | took 0ms | statement | connection 24| url jdbc:h2:mem:ad3a9e80-f26d-4a3e-9691-17f803db5723
insert into picture (spot_id, url, picture_id) values (?, ?, ?)
insert into picture (spot_id, url, picture_id) values (NULL, 'java.io.StringReader@1bc0d43d', 1941);
2022-10-10 14:33:47.269  INFO 4460 --- [    Test worker] p6spy                                    : #1665380027269 | took 0ms | statement | connection 24| url jdbc:h2:mem:ad3a9e80-f26d-4a3e-9691-17f803db5723
insert into picture (spot_id, url, picture_id) values (?, ?, ?)
insert into picture (spot_id, url, picture_id) values (NULL, 'java.io.StringReader@6d31851b', 1942);
2022-10-10 14:33:47.269  INFO 4460 --- [    Test worker] p6spy                                    : #1665380027269 | took 0ms | statement | connection 24| url jdbc:h2:mem:ad3a9e80-f26d-4a3e-9691-17f803db5723
insert into picture (spot_id, url, picture_id) values (?, ?, ?)
insert into picture (spot_id, url, picture_id) values (NULL, 'java.io.StringReader@50194e56', 1943);
2022-10-10 14:33:47.269  INFO 4460 --- [    Test worker] p6spy                                    : #1665380027269 | took 0ms | statement | connection 24| url jdbc:h2:mem:ad3a9e80-f26d-4a3e-9691-17f803db5723
insert into spot (address, description, location, name, score_id, spot_id) values (?, ?, ?, ?, ?, ?)
insert into spot (address, description, location, name, score_id, spot_id) values (NULL, NULL, 'Andeok_myeon', NULL, 472, 538);
2022-10-10 14:33:47.269  INFO 4460 --- [    Test worker] p6spy                                    : #1665380027269 | took 0ms | statement | connection 24| url jdbc:h2:mem:ad3a9e80-f26d-4a3e-9691-17f803db5723
insert into member_spot (member_id, score, spot_id, member_spot_id) values (?, ?, ?, ?)
insert into member_spot (member_id, score, spot_id, member_spot_id) values (16, 0.0, 538, 1944);
2022-10-10 14:33:47.269  INFO 4460 --- [    Test worker] p6spy                                    : #1665380027269 | took 0ms | statement | connection 24| url jdbc:h2:mem:ad3a9e80-f26d-4a3e-9691-17f803db5723
insert into review (content, spot_id, review_id) values (?, ?, ?)
insert into review (content, spot_id, review_id) values ('java.io.StringReader@f4c6bb3', 469, 474);
2022-10-10 14:33:47.269  INFO 4460 --- [    Test worker] p6spy                                    : #1665380027269 | took 0ms | statement | connection 24| url jdbc:h2:mem:ad3a9e80-f26d-4a3e-9691-17f803db5723
insert into score (facility_rank, facility_score, price_rank, price_score, rank_average, surround_rank, surround_score, view_rank, view_score, score_id) values (?, ?, ?, ?, ?, ?, ?, ?, ?, ?)
insert into score (facility_rank, facility_score, price_rank, price_score, rank_average, surround_rank, surround_score, view_rank, view_score, score_id) values (0.6353048520203763, 4.740922022385668, 6.455941766202274, 8.295584876105572, 0.42588524169033026, 2.557235136040269, 4.279116861062194, 9.029392562006482, 0.429072162664873, 473);
2022-10-10 14:33:47.269  INFO 4460 --- [    Test worker] p6spy                                    : #1665380027269 | took 0ms | statement | connection 24| url jdbc:h2:mem:ad3a9e80-f26d-4a3e-9691-17f803db5723
insert into picture (spot_id, url, picture_id) values (?, ?, ?)
insert into picture (spot_id, url, picture_id) values (NULL, 'java.io.StringReader@3f80d919', 1945);
2022-10-10 14:33:47.270  INFO 4460 --- [    Test worker] p6spy                                    : #1665380027270 | took 0ms | statement | connection 24| url jdbc:h2:mem:ad3a9e80-f26d-4a3e-9691-17f803db5723
insert into picture (spot_id, url, picture_id) values (?, ?, ?)
insert into picture (spot_id, url, picture_id) values (NULL, 'java.io.StringReader@d311e9b', 1946);
2022-10-10 14:33:47.270  INFO 4460 --- [    Test worker] p6spy                                    : #1665380027270 | took 0ms | statement | connection 24| url jdbc:h2:mem:ad3a9e80-f26d-4a3e-9691-17f803db5723
insert into picture (spot_id, url, picture_id) values (?, ?, ?)
insert into picture (spot_id, url, picture_id) values (NULL, 'java.io.StringReader@121f17ac', 1947);
2022-10-10 14:33:47.270  INFO 4460 --- [    Test worker] p6spy                                    : #1665380027270 | took 0ms | statement | connection 24| url jdbc:h2:mem:ad3a9e80-f26d-4a3e-9691-17f803db5723
insert into spot (address, description, location, name, score_id, spot_id) values (?, ?, ?, ?, ?, ?)
insert into spot (address, description, location, name, score_id, spot_id) values (NULL, NULL, 'Andeok_myeon', NULL, 473, 539);
2022-10-10 14:33:47.270  INFO 4460 --- [    Test worker] p6spy                                    : #1665380027270 | took 0ms | statement | connection 24| url jdbc:h2:mem:ad3a9e80-f26d-4a3e-9691-17f803db5723
insert into member_spot (member_id, score, spot_id, member_spot_id) values (?, ?, ?, ?)
insert into member_spot (member_id, score, spot_id, member_spot_id) values (16, 0.0, 539, 1948);
2022-10-10 14:33:47.270  INFO 4460 --- [    Test worker] p6spy                                    : #1665380027270 | took 0ms | statement | connection 24| url jdbc:h2:mem:ad3a9e80-f26d-4a3e-9691-17f803db5723
insert into review (content, spot_id, review_id) values (?, ?, ?)
insert into review (content, spot_id, review_id) values ('java.io.StringReader@1edb31ec', 469, 475);
2022-10-10 14:33:47.270  INFO 4460 --- [    Test worker] p6spy                                    : #1665380027270 | took 0ms | statement | connection 24| url jdbc:h2:mem:ad3a9e80-f26d-4a3e-9691-17f803db5723
insert into favorite_spot (count, favorite_id, spot_id, favorite_spot_id) values (?, ?, ?, ?)
insert into favorite_spot (count, favorite_id, spot_id, favorite_spot_id) values (0, 38, 539, 406);
2022-10-10 14:33:47.270  INFO 4460 --- [    Test worker] p6spy                                    : #1665380027270 | took 0ms | statement | connection 24| url jdbc:h2:mem:ad3a9e80-f26d-4a3e-9691-17f803db5723
insert into score (facility_rank, facility_score, price_rank, price_score, rank_average, surround_rank, surround_score, view_rank, view_score, score_id) values (?, ?, ?, ?, ?, ?, ?, ?, ?, ?)
insert into score (facility_rank, facility_score, price_rank, price_score, rank_average, surround_rank, surround_score, view_rank, view_score, score_id) values (9.00017787498594, 7.184187189640204, 4.158952585712983, 3.4321662762358898, 9.227791315595224, 4.416309755831927, 9.276266082698784, 0.03376172862084581, 5.436926630835082, 474);
2022-10-10 14:33:47.270  INFO 4460 --- [    Test worker] p6spy                                    : #1665380027270 | took 0ms | statement | connection 24| url jdbc:h2:mem:ad3a9e80-f26d-4a3e-9691-17f803db5723
insert into picture (spot_id, url, picture_id) values (?, ?, ?)
insert into picture (spot_id, url, picture_id) values (NULL, 'java.io.StringReader@4355a192', 1949);
2022-10-10 14:33:47.270  INFO 4460 --- [    Test worker] p6spy                                    : #1665380027270 | took 0ms | statement | connection 24| url jdbc:h2:mem:ad3a9e80-f26d-4a3e-9691-17f803db5723
insert into picture (spot_id, url, picture_id) values (?, ?, ?)
insert into picture (spot_id, url, picture_id) values (NULL, 'java.io.StringReader@6aff34b5', 1950);
2022-10-10 14:33:47.270  INFO 4460 --- [    Test worker] p6spy                                    : #1665380027270 | took 0ms | statement | connection 24| url jdbc:h2:mem:ad3a9e80-f26d-4a3e-9691-17f803db5723
insert into picture (spot_id, url, picture_id) values (?, ?, ?)
insert into picture (spot_id, url, picture_id) values (NULL, 'java.io.StringReader@24db9a52', 1951);
2022-10-10 14:33:47.270  INFO 4460 --- [    Test worker] p6spy                                    : #1665380027270 | took 0ms | statement | connection 24| url jdbc:h2:mem:ad3a9e80-f26d-4a3e-9691-17f803db5723
insert into spot (address, description, location, name, score_id, spot_id) values (?, ?, ?, ?, ?, ?)
insert into spot (address, description, location, name, score_id, spot_id) values (NULL, NULL, 'Andeok_myeon', NULL, 474, 540);
2022-10-10 14:33:47.270  INFO 4460 --- [    Test worker] p6spy                                    : #1665380027270 | took 0ms | statement | connection 24| url jdbc:h2:mem:ad3a9e80-f26d-4a3e-9691-17f803db5723
insert into member_spot (member_id, score, spot_id, member_spot_id) values (?, ?, ?, ?)
insert into member_spot (member_id, score, spot_id, member_spot_id) values (16, 0.0, 540, 1952);
2022-10-10 14:33:47.270  INFO 4460 --- [    Test worker] p6spy                                    : #1665380027270 | took 0ms | statement | connection 24| url jdbc:h2:mem:ad3a9e80-f26d-4a3e-9691-17f803db5723
insert into review (content, spot_id, review_id) values (?, ?, ?)
insert into review (content, spot_id, review_id) values ('java.io.StringReader@7319fb95', 469, 476);
2022-10-10 14:33:47.270  INFO 4460 --- [    Test worker] p6spy                                    : #1665380027270 | took 0ms | statement | connection 24| url jdbc:h2:mem:ad3a9e80-f26d-4a3e-9691-17f803db5723
insert into score (facility_rank, facility_score, price_rank, price_score, rank_average, surround_rank, surround_score, view_rank, view_score, score_id) values (?, ?, ?, ?, ?, ?, ?, ?, ?, ?)
insert into score (facility_rank, facility_score, price_rank, price_score, rank_average, surround_rank, surround_score, view_rank, view_score, score_id) values (5.189840833724057, 0.24249389905783736, 5.169428366958809, 8.180866530348807, 3.3696897216825707, 0.5886353790701659, 8.177424151836505, 1.319966615396344, 3.207881422010199, 475);
2022-10-10 14:33:47.270  INFO 4460 --- [    Test worker] p6spy                                    : #1665380027270 | took 0ms | statement | connection 24| url jdbc:h2:mem:ad3a9e80-f26d-4a3e-9691-17f803db5723
insert into picture (spot_id, url, picture_id) values (?, ?, ?)
insert into picture (spot_id, url, picture_id) values (NULL, 'java.io.StringReader@7382ccea', 1953);
2022-10-10 14:33:47.270  INFO 4460 --- [    Test worker] p6spy                                    : #1665380027270 | took 0ms | statement | connection 24| url jdbc:h2:mem:ad3a9e80-f26d-4a3e-9691-17f803db5723
insert into picture (spot_id, url, picture_id) values (?, ?, ?)
insert into picture (spot_id, url, picture_id) values (NULL, 'java.io.StringReader@37784745', 1954);
2022-10-10 14:33:47.270  INFO 4460 --- [    Test worker] p6spy                                    : #1665380027270 | took 0ms | statement | connection 24| url jdbc:h2:mem:ad3a9e80-f26d-4a3e-9691-17f803db5723
insert into picture (spot_id, url, picture_id) values (?, ?, ?)
insert into picture (spot_id, url, picture_id) values (NULL, 'java.io.StringReader@1448a65b', 1955);
2022-10-10 14:33:47.270  INFO 4460 --- [    Test worker] p6spy                                    : #1665380027270 | took 0ms | statement | connection 24| url jdbc:h2:mem:ad3a9e80-f26d-4a3e-9691-17f803db5723
insert into spot (address, description, location, name, score_id, spot_id) values (?, ?, ?, ?, ?, ?)
insert into spot (address, description, location, name, score_id, spot_id) values (NULL, NULL, 'Andeok_myeon', NULL, 475, 541);
2022-10-10 14:33:47.270  INFO 4460 --- [    Test worker] p6spy                                    : #1665380027270 | took 0ms | statement | connection 24| url jdbc:h2:mem:ad3a9e80-f26d-4a3e-9691-17f803db5723
insert into member_spot (member_id, score, spot_id, member_spot_id) values (?, ?, ?, ?)
insert into member_spot (member_id, score, spot_id, member_spot_id) values (16, 0.0, 541, 1956);
2022-10-10 14:33:47.270  INFO 4460 --- [    Test worker] p6spy                                    : #1665380027270 | took 0ms | statement | connection 24| url jdbc:h2:mem:ad3a9e80-f26d-4a3e-9691-17f803db5723
insert into review (content, spot_id, review_id) values (?, ?, ?)
insert into review (content, spot_id, review_id) values ('java.io.StringReader@412d0506', 469, 477);
2022-10-10 14:33:47.270  INFO 4460 --- [    Test worker] p6spy                                    : #1665380027270 | took 0ms | statement | connection 24| url jdbc:h2:mem:ad3a9e80-f26d-4a3e-9691-17f803db5723
insert into favorite_spot (count, favorite_id, spot_id, favorite_spot_id) values (?, ?, ?, ?)
insert into favorite_spot (count, favorite_id, spot_id, favorite_spot_id) values (0, 38, 541, 407);
2022-10-10 14:33:47.270  INFO 4460 --- [    Test worker] p6spy                                    : #1665380027270 | took 0ms | statement | connection 24| url jdbc:h2:mem:ad3a9e80-f26d-4a3e-9691-17f803db5723
insert into score (facility_rank, facility_score, price_rank, price_score, rank_average, surround_rank, surround_score, view_rank, view_score, score_id) values (?, ?, ?, ?, ?, ?, ?, ?, ?, ?)
insert into score (facility_rank, facility_score, price_rank, price_score, rank_average, surround_rank, surround_score, view_rank, view_score, score_id) values (8.710686077930147, 3.571978257811246, 7.554671451357042, 9.341171383662893, 1.9833636421282863, 1.3910099258460473, 1.9213802685238912, 1.4627063576400157, 1.3866865883620194, 476);
2022-10-10 14:33:47.270  INFO 4460 --- [    Test worker] p6spy                                    : #1665380027270 | took 0ms | statement | connection 24| url jdbc:h2:mem:ad3a9e80-f26d-4a3e-9691-17f803db5723
insert into picture (spot_id, url, picture_id) values (?, ?, ?)
insert into picture (spot_id, url, picture_id) values (NULL, 'java.io.StringReader@1f296b03', 1957);
2022-10-10 14:33:47.270  INFO 4460 --- [    Test worker] p6spy                                    : #1665380027270 | took 0ms | statement | connection 24| url jdbc:h2:mem:ad3a9e80-f26d-4a3e-9691-17f803db5723
insert into picture (spot_id, url, picture_id) values (?, ?, ?)
insert into picture (spot_id, url, picture_id) values (NULL, 'java.io.StringReader@147549cf', 1958);
2022-10-10 14:33:47.270  INFO 4460 --- [    Test worker] p6spy                                    : #1665380027270 | took 0ms | statement | connection 24| url jdbc:h2:mem:ad3a9e80-f26d-4a3e-9691-17f803db5723
insert into picture (spot_id, url, picture_id) values (?, ?, ?)
insert into picture (spot_id, url, picture_id) values (NULL, 'java.io.StringReader@76a26976', 1959);
2022-10-10 14:33:47.270  INFO 4460 --- [    Test worker] p6spy                                    : #1665380027270 | took 0ms | statement | connection 24| url jdbc:h2:mem:ad3a9e80-f26d-4a3e-9691-17f803db5723
insert into spot (address, description, location, name, score_id, spot_id) values (?, ?, ?, ?, ?, ?)
insert into spot (address, description, location, name, score_id, spot_id) values (NULL, NULL, 'Andeok_myeon', NULL, 476, 542);
2022-10-10 14:33:47.270  INFO 4460 --- [    Test worker] p6spy                                    : #1665380027270 | took 0ms | statement | connection 24| url jdbc:h2:mem:ad3a9e80-f26d-4a3e-9691-17f803db5723
insert into member_spot (member_id, score, spot_id, member_spot_id) values (?, ?, ?, ?)
insert into member_spot (member_id, score, spot_id, member_spot_id) values (16, 0.0, 542, 1960);
2022-10-10 14:33:47.270  INFO 4460 --- [    Test worker] p6spy                                    : #1665380027270 | took 0ms | statement | connection 24| url jdbc:h2:mem:ad3a9e80-f26d-4a3e-9691-17f803db5723
insert into review (content, spot_id, review_id) values (?, ?, ?)
insert into review (content, spot_id, review_id) values ('java.io.StringReader@609a3ec4', 469, 478);
2022-10-10 14:33:47.270  INFO 4460 --- [    Test worker] p6spy                                    : #1665380027270 | took 0ms | statement | connection 24| url jdbc:h2:mem:ad3a9e80-f26d-4a3e-9691-17f803db5723
insert into score (facility_rank, facility_score, price_rank, price_score, rank_average, surround_rank, surround_score, view_rank, view_score, score_id) values (?, ?, ?, ?, ?, ?, ?, ?, ?, ?)
insert into score (facility_rank, facility_score, price_rank, price_score, rank_average, surround_rank, surround_score, view_rank, view_score, score_id) values (1.2445227284037386, 0.5775720897568493, 7.6427039916460595, 2.909531829347225, 8.794453275178725, 4.472287266617276, 7.238730042122258, 1.6960817100535264, 8.409201286438087, 477);
2022-10-10 14:33:47.270  INFO 4460 --- [    Test worker] p6spy                                    : #1665380027270 | took 0ms | statement | connection 24| url jdbc:h2:mem:ad3a9e80-f26d-4a3e-9691-17f803db5723
insert into picture (spot_id, url, picture_id) values (?, ?, ?)
insert into picture (spot_id, url, picture_id) values (NULL, 'java.io.StringReader@559e3508', 1961);
2022-10-10 14:33:47.271  INFO 4460 --- [    Test worker] p6spy                                    : #1665380027271 | took 0ms | statement | connection 24| url jdbc:h2:mem:ad3a9e80-f26d-4a3e-9691-17f803db5723
insert into picture (spot_id, url, picture_id) values (?, ?, ?)
insert into picture (spot_id, url, picture_id) values (NULL, 'java.io.StringReader@25e42acb', 1962);
2022-10-10 14:33:47.271  INFO 4460 --- [    Test worker] p6spy                                    : #1665380027271 | took 0ms | statement | connection 24| url jdbc:h2:mem:ad3a9e80-f26d-4a3e-9691-17f803db5723
insert into picture (spot_id, url, picture_id) values (?, ?, ?)
insert into picture (spot_id, url, picture_id) values (NULL, 'java.io.StringReader@5c75524', 1963);
2022-10-10 14:33:47.271  INFO 4460 --- [    Test worker] p6spy                                    : #1665380027271 | took 0ms | statement | connection 24| url jdbc:h2:mem:ad3a9e80-f26d-4a3e-9691-17f803db5723
insert into spot (address, description, location, name, score_id, spot_id) values (?, ?, ?, ?, ?, ?)
insert into spot (address, description, location, name, score_id, spot_id) values (NULL, NULL, 'Andeok_myeon', NULL, 477, 543);
2022-10-10 14:33:47.271  INFO 4460 --- [    Test worker] p6spy                                    : #1665380027271 | took 0ms | statement | connection 24| url jdbc:h2:mem:ad3a9e80-f26d-4a3e-9691-17f803db5723
insert into member_spot (member_id, score, spot_id, member_spot_id) values (?, ?, ?, ?)
insert into member_spot (member_id, score, spot_id, member_spot_id) values (16, 0.0, 543, 1964);
2022-10-10 14:33:47.271  INFO 4460 --- [    Test worker] p6spy                                    : #1665380027271 | took 0ms | statement | connection 24| url jdbc:h2:mem:ad3a9e80-f26d-4a3e-9691-17f803db5723
insert into review (content, spot_id, review_id) values (?, ?, ?)
insert into review (content, spot_id, review_id) values ('java.io.StringReader@3d63158f', 469, 479);
2022-10-10 14:33:47.271  INFO 4460 --- [    Test worker] p6spy                                    : #1665380027271 | took 0ms | statement | connection 24| url jdbc:h2:mem:ad3a9e80-f26d-4a3e-9691-17f803db5723
insert into favorite_spot (count, favorite_id, spot_id, favorite_spot_id) values (?, ?, ?, ?)
insert into favorite_spot (count, favorite_id, spot_id, favorite_spot_id) values (0, 38, 543, 408);
2022-10-10 14:33:47.271  INFO 4460 --- [    Test worker] p6spy                                    : #1665380027271 | took 0ms | statement | connection 24| url jdbc:h2:mem:ad3a9e80-f26d-4a3e-9691-17f803db5723
insert into score (facility_rank, facility_score, price_rank, price_score, rank_average, surround_rank, surround_score, view_rank, view_score, score_id) values (?, ?, ?, ?, ?, ?, ?, ?, ?, ?)
insert into score (facility_rank, facility_score, price_rank, price_score, rank_average, surround_rank, surround_score, view_rank, view_score, score_id) values (1.9110804490727273, 7.092331598883234, 9.209650847578336, 7.761668437966516, 7.054810374800012, 3.369533829771365, 9.962402793360177, 9.172364709821041, 1.3785918007516962, 478);
2022-10-10 14:33:47.271  INFO 4460 --- [    Test worker] p6spy                                    : #1665380027271 | took 0ms | statement | connection 24| url jdbc:h2:mem:ad3a9e80-f26d-4a3e-9691-17f803db5723
insert into picture (spot_id, url, picture_id) values (?, ?, ?)
insert into picture (spot_id, url, picture_id) values (NULL, 'java.io.StringReader@24dc895f', 1965);
2022-10-10 14:33:47.271  INFO 4460 --- [    Test worker] p6spy                                    : #1665380027271 | took 0ms | statement | connection 24| url jdbc:h2:mem:ad3a9e80-f26d-4a3e-9691-17f803db5723
insert into picture (spot_id, url, picture_id) values (?, ?, ?)
insert into picture (spot_id, url, picture_id) values (NULL, 'java.io.StringReader@46e44cd0', 1966);
2022-10-10 14:33:47.271  INFO 4460 --- [    Test worker] p6spy                                    : #1665380027271 | took 0ms | statement | connection 24| url jdbc:h2:mem:ad3a9e80-f26d-4a3e-9691-17f803db5723
insert into picture (spot_id, url, picture_id) values (?, ?, ?)
insert into picture (spot_id, url, picture_id) values (NULL, 'java.io.StringReader@7e6d6439', 1967);
2022-10-10 14:33:47.271  INFO 4460 --- [    Test worker] p6spy                                    : #1665380027271 | took 0ms | statement | connection 24| url jdbc:h2:mem:ad3a9e80-f26d-4a3e-9691-17f803db5723
insert into spot (address, description, location, name, score_id, spot_id) values (?, ?, ?, ?, ?, ?)
insert into spot (address, description, location, name, score_id, spot_id) values (NULL, NULL, 'Andeok_myeon', NULL, 478, 544);
2022-10-10 14:33:47.271  INFO 4460 --- [    Test worker] p6spy                                    : #1665380027271 | took 0ms | statement | connection 24| url jdbc:h2:mem:ad3a9e80-f26d-4a3e-9691-17f803db5723
insert into member_spot (member_id, score, spot_id, member_spot_id) values (?, ?, ?, ?)
insert into member_spot (member_id, score, spot_id, member_spot_id) values (16, 0.0, 544, 1968);
2022-10-10 14:33:47.271  INFO 4460 --- [    Test worker] p6spy                                    : #1665380027271 | took 0ms | statement | connection 24| url jdbc:h2:mem:ad3a9e80-f26d-4a3e-9691-17f803db5723
insert into review (content, spot_id, review_id) values (?, ?, ?)
insert into review (content, spot_id, review_id) values ('java.io.StringReader@1523ef53', 469, 480);
2022-10-10 14:33:47.271  INFO 4460 --- [    Test worker] p6spy                                    : #1665380027271 | took 0ms | statement | connection 24| url jdbc:h2:mem:ad3a9e80-f26d-4a3e-9691-17f803db5723
insert into score (facility_rank, facility_score, price_rank, price_score, rank_average, surround_rank, surround_score, view_rank, view_score, score_id) values (?, ?, ?, ?, ?, ?, ?, ?, ?, ?)
insert into score (facility_rank, facility_score, price_rank, price_score, rank_average, surround_rank, surround_score, view_rank, view_score, score_id) values (4.520204419903662, 1.1863489504063662, 2.257292289096, 6.89989009558985, 3.3548307214571036, 9.955457012195192, 6.035674078609022, 1.4358825266079467, 6.461333991867537, 479);
2022-10-10 14:33:47.271  INFO 4460 --- [    Test worker] p6spy                                    : #1665380027271 | took 0ms | statement | connection 24| url jdbc:h2:mem:ad3a9e80-f26d-4a3e-9691-17f803db5723
insert into picture (spot_id, url, picture_id) values (?, ?, ?)
insert into picture (spot_id, url, picture_id) values (NULL, 'java.io.StringReader@1a38040', 1969);
2022-10-10 14:33:47.271  INFO 4460 --- [    Test worker] p6spy                                    : #1665380027271 | took 0ms | statement | connection 24| url jdbc:h2:mem:ad3a9e80-f26d-4a3e-9691-17f803db5723
insert into picture (spot_id, url, picture_id) values (?, ?, ?)
insert into picture (spot_id, url, picture_id) values (NULL, 'java.io.StringReader@58fd4e05', 1970);
2022-10-10 14:33:47.271  INFO 4460 --- [    Test worker] p6spy                                    : #1665380027271 | took 0ms | statement | connection 24| url jdbc:h2:mem:ad3a9e80-f26d-4a3e-9691-17f803db5723
insert into picture (spot_id, url, picture_id) values (?, ?, ?)
insert into picture (spot_id, url, picture_id) values (NULL, 'java.io.StringReader@2029947d', 1971);
2022-10-10 14:33:47.271  INFO 4460 --- [    Test worker] p6spy                                    : #1665380027271 | took 0ms | statement | connection 24| url jdbc:h2:mem:ad3a9e80-f26d-4a3e-9691-17f803db5723
insert into spot (address, description, location, name, score_id, spot_id) values (?, ?, ?, ?, ?, ?)
insert into spot (address, description, location, name, score_id, spot_id) values (NULL, NULL, 'Andeok_myeon', NULL, 479, 545);
2022-10-10 14:33:47.271  INFO 4460 --- [    Test worker] p6spy                                    : #1665380027271 | took 0ms | statement | connection 24| url jdbc:h2:mem:ad3a9e80-f26d-4a3e-9691-17f803db5723
insert into member_spot (member_id, score, spot_id, member_spot_id) values (?, ?, ?, ?)
insert into member_spot (member_id, score, spot_id, member_spot_id) values (16, 0.0, 545, 1972);
2022-10-10 14:33:47.271  INFO 4460 --- [    Test worker] p6spy                                    : #1665380027271 | took 0ms | statement | connection 24| url jdbc:h2:mem:ad3a9e80-f26d-4a3e-9691-17f803db5723
insert into review (content, spot_id, review_id) values (?, ?, ?)
insert into review (content, spot_id, review_id) values ('java.io.StringReader@5d7adc2c', 469, 481);
2022-10-10 14:33:47.271  INFO 4460 --- [    Test worker] p6spy                                    : #1665380027271 | took 0ms | statement | connection 24| url jdbc:h2:mem:ad3a9e80-f26d-4a3e-9691-17f803db5723
insert into favorite_spot (count, favorite_id, spot_id, favorite_spot_id) values (?, ?, ?, ?)
insert into favorite_spot (count, favorite_id, spot_id, favorite_spot_id) values (0, 38, 545, 409);
2022-10-10 14:33:47.271  INFO 4460 --- [    Test worker] p6spy                                    : #1665380027271 | took 0ms | statement | connection 24| url jdbc:h2:mem:ad3a9e80-f26d-4a3e-9691-17f803db5723
insert into score (facility_rank, facility_score, price_rank, price_score, rank_average, surround_rank, surround_score, view_rank, view_score, score_id) values (?, ?, ?, ?, ?, ?, ?, ?, ?, ?)
insert into score (facility_rank, facility_score, price_rank, price_score, rank_average, surround_rank, surround_score, view_rank, view_score, score_id) values (4.19650137102202, 7.84474335095384, 1.3184478218852413, 9.78882382886865, 3.2265953053694996, 6.430957357043255, 9.240272851700693, 4.095516070715666, 9.129086137079534, 480);
2022-10-10 14:33:47.271  INFO 4460 --- [    Test worker] p6spy                                    : #1665380027271 | took 0ms | statement | connection 24| url jdbc:h2:mem:ad3a9e80-f26d-4a3e-9691-17f803db5723
insert into picture (spot_id, url, picture_id) values (?, ?, ?)
insert into picture (spot_id, url, picture_id) values (NULL, 'java.io.StringReader@26a1c02a', 1973);
2022-10-10 14:33:47.271  INFO 4460 --- [    Test worker] p6spy                                    : #1665380027271 | took 0ms | statement | connection 24| url jdbc:h2:mem:ad3a9e80-f26d-4a3e-9691-17f803db5723
insert into picture (spot_id, url, picture_id) values (?, ?, ?)
insert into picture (spot_id, url, picture_id) values (NULL, 'java.io.StringReader@456a7ba8', 1974);
2022-10-10 14:33:47.271  INFO 4460 --- [    Test worker] p6spy                                    : #1665380027271 | took 0ms | statement | connection 24| url jdbc:h2:mem:ad3a9e80-f26d-4a3e-9691-17f803db5723
insert into picture (spot_id, url, picture_id) values (?, ?, ?)
insert into picture (spot_id, url, picture_id) values (NULL, 'java.io.StringReader@b60341a', 1975);
2022-10-10 14:33:47.271  INFO 4460 --- [    Test worker] p6spy                                    : #1665380027271 | took 0ms | statement | connection 24| url jdbc:h2:mem:ad3a9e80-f26d-4a3e-9691-17f803db5723
insert into spot (address, description, location, name, score_id, spot_id) values (?, ?, ?, ?, ?, ?)
insert into spot (address, description, location, name, score_id, spot_id) values (NULL, NULL, 'Andeok_myeon', NULL, 480, 546);
2022-10-10 14:33:47.271  INFO 4460 --- [    Test worker] p6spy                                    : #1665380027271 | took 0ms | statement | connection 24| url jdbc:h2:mem:ad3a9e80-f26d-4a3e-9691-17f803db5723
insert into member_spot (member_id, score, spot_id, member_spot_id) values (?, ?, ?, ?)
insert into member_spot (member_id, score, spot_id, member_spot_id) values (16, 0.0, 546, 1976);
2022-10-10 14:33:47.271  INFO 4460 --- [    Test worker] p6spy                                    : #1665380027271 | took 0ms | statement | connection 24| url jdbc:h2:mem:ad3a9e80-f26d-4a3e-9691-17f803db5723
insert into review (content, spot_id, review_id) values (?, ?, ?)
insert into review (content, spot_id, review_id) values ('java.io.StringReader@191e18d7', 469, 482);
2022-10-10 14:33:47.271  INFO 4460 --- [    Test worker] p6spy                                    : #1665380027271 | took 0ms | statement | connection 24| url jdbc:h2:mem:ad3a9e80-f26d-4a3e-9691-17f803db5723
insert into score (facility_rank, facility_score, price_rank, price_score, rank_average, surround_rank, surround_score, view_rank, view_score, score_id) values (?, ?, ?, ?, ?, ?, ?, ?, ?, ?)
insert into score (facility_rank, facility_score, price_rank, price_score, rank_average, surround_rank, surround_score, view_rank, view_score, score_id) values (5.883903229411457, 3.1396038995249764, 6.781153221484402, 1.0652358615556334, 7.979504668883688, 8.83844700708489, 6.828640558528324, 0.5325828740024574, 4.82697377493904, 481);
2022-10-10 14:33:47.271  INFO 4460 --- [    Test worker] p6spy                                    : #1665380027271 | took 0ms | statement | connection 24| url jdbc:h2:mem:ad3a9e80-f26d-4a3e-9691-17f803db5723
insert into picture (spot_id, url, picture_id) values (?, ?, ?)
insert into picture (spot_id, url, picture_id) values (NULL, 'java.io.StringReader@682d8f82', 1977);
2022-10-10 14:33:47.271  INFO 4460 --- [    Test worker] p6spy                                    : #1665380027271 | took 0ms | statement | connection 24| url jdbc:h2:mem:ad3a9e80-f26d-4a3e-9691-17f803db5723
insert into picture (spot_id, url, picture_id) values (?, ?, ?)
insert into picture (spot_id, url, picture_id) values (NULL, 'java.io.StringReader@7cb89abf', 1978);
2022-10-10 14:33:47.271  INFO 4460 --- [    Test worker] p6spy                                    : #1665380027271 | took 0ms | statement | connection 24| url jdbc:h2:mem:ad3a9e80-f26d-4a3e-9691-17f803db5723
insert into picture (spot_id, url, picture_id) values (?, ?, ?)
insert into picture (spot_id, url, picture_id) values (NULL, 'java.io.StringReader@34694c61', 1979);
2022-10-10 14:33:47.271  INFO 4460 --- [    Test worker] p6spy                                    : #1665380027271 | took 0ms | statement | connection 24| url jdbc:h2:mem:ad3a9e80-f26d-4a3e-9691-17f803db5723
insert into spot (address, description, location, name, score_id, spot_id) values (?, ?, ?, ?, ?, ?)
insert into spot (address, description, location, name, score_id, spot_id) values (NULL, NULL, 'Andeok_myeon', NULL, 481, 547);
2022-10-10 14:33:47.271  INFO 4460 --- [    Test worker] p6spy                                    : #1665380027271 | took 0ms | statement | connection 24| url jdbc:h2:mem:ad3a9e80-f26d-4a3e-9691-17f803db5723
insert into member_spot (member_id, score, spot_id, member_spot_id) values (?, ?, ?, ?)
insert into member_spot (member_id, score, spot_id, member_spot_id) values (16, 0.0, 547, 1980);
2022-10-10 14:33:47.272  INFO 4460 --- [    Test worker] p6spy                                    : #1665380027272 | took 0ms | statement | connection 24| url jdbc:h2:mem:ad3a9e80-f26d-4a3e-9691-17f803db5723
insert into review (content, spot_id, review_id) values (?, ?, ?)
insert into review (content, spot_id, review_id) values ('java.io.StringReader@14793720', 469, 483);
2022-10-10 14:33:47.272  INFO 4460 --- [    Test worker] p6spy                                    : #1665380027272 | took 0ms | statement | connection 24| url jdbc:h2:mem:ad3a9e80-f26d-4a3e-9691-17f803db5723
insert into favorite_spot (count, favorite_id, spot_id, favorite_spot_id) values (?, ?, ?, ?)
insert into favorite_spot (count, favorite_id, spot_id, favorite_spot_id) values (0, 38, 547, 410);
2022-10-10 14:33:47.272  INFO 4460 --- [    Test worker] p6spy                                    : #1665380027272 | took 0ms | statement | connection 24| url jdbc:h2:mem:ad3a9e80-f26d-4a3e-9691-17f803db5723
insert into score (facility_rank, facility_score, price_rank, price_score, rank_average, surround_rank, surround_score, view_rank, view_score, score_id) values (?, ?, ?, ?, ?, ?, ?, ?, ?, ?)
insert into score (facility_rank, facility_score, price_rank, price_score, rank_average, surround_rank, surround_score, view_rank, view_score, score_id) values (9.605773091376994, 4.175953264121075, 4.9674269478418935, 1.4431257390830998, 0.5552660325879277, 2.400433936986268, 9.972835806348742, 3.363561967526821, 3.530161935728148, 482);
2022-10-10 14:33:47.272  INFO 4460 --- [    Test worker] p6spy                                    : #1665380027272 | took 0ms | statement | connection 24| url jdbc:h2:mem:ad3a9e80-f26d-4a3e-9691-17f803db5723
insert into picture (spot_id, url, picture_id) values (?, ?, ?)
insert into picture (spot_id, url, picture_id) values (NULL, 'java.io.StringReader@20e46fe2', 1981);
2022-10-10 14:33:47.272  INFO 4460 --- [    Test worker] p6spy                                    : #1665380027272 | took 0ms | statement | connection 24| url jdbc:h2:mem:ad3a9e80-f26d-4a3e-9691-17f803db5723
insert into picture (spot_id, url, picture_id) values (?, ?, ?)
insert into picture (spot_id, url, picture_id) values (NULL, 'java.io.StringReader@18fb79ec', 1982);
2022-10-10 14:33:47.272  INFO 4460 --- [    Test worker] p6spy                                    : #1665380027272 | took 0ms | statement | connection 24| url jdbc:h2:mem:ad3a9e80-f26d-4a3e-9691-17f803db5723
insert into picture (spot_id, url, picture_id) values (?, ?, ?)
insert into picture (spot_id, url, picture_id) values (NULL, 'java.io.StringReader@556c7eff', 1983);
2022-10-10 14:33:47.272  INFO 4460 --- [    Test worker] p6spy                                    : #1665380027272 | took 0ms | statement | connection 24| url jdbc:h2:mem:ad3a9e80-f26d-4a3e-9691-17f803db5723
insert into spot (address, description, location, name, score_id, spot_id) values (?, ?, ?, ?, ?, ?)
insert into spot (address, description, location, name, score_id, spot_id) values (NULL, NULL, 'Andeok_myeon', NULL, 482, 548);
2022-10-10 14:33:47.272  INFO 4460 --- [    Test worker] p6spy                                    : #1665380027272 | took 0ms | statement | connection 24| url jdbc:h2:mem:ad3a9e80-f26d-4a3e-9691-17f803db5723
insert into member_spot (member_id, score, spot_id, member_spot_id) values (?, ?, ?, ?)
insert into member_spot (member_id, score, spot_id, member_spot_id) values (16, 0.0, 548, 1984);
2022-10-10 14:33:47.272  INFO 4460 --- [    Test worker] p6spy                                    : #1665380027272 | took 0ms | statement | connection 24| url jdbc:h2:mem:ad3a9e80-f26d-4a3e-9691-17f803db5723
insert into review (content, spot_id, review_id) values (?, ?, ?)
insert into review (content, spot_id, review_id) values ('java.io.StringReader@1eb82092', 469, 484);
2022-10-10 14:33:47.272  INFO 4460 --- [    Test worker] p6spy                                    : #1665380027272 | took 0ms | statement | connection 24| url jdbc:h2:mem:ad3a9e80-f26d-4a3e-9691-17f803db5723
insert into score (facility_rank, facility_score, price_rank, price_score, rank_average, surround_rank, surround_score, view_rank, view_score, score_id) values (?, ?, ?, ?, ?, ?, ?, ?, ?, ?)
insert into score (facility_rank, facility_score, price_rank, price_score, rank_average, surround_rank, surround_score, view_rank, view_score, score_id) values (7.753783575653884, 4.137030646129482, 3.1167631446413333, 7.829568821091807, 8.28565425975614, 0.8877362870556549, 1.2679828688330608, 1.5343880342039162, 6.945698614227847, 483);
2022-10-10 14:33:47.272  INFO 4460 --- [    Test worker] p6spy                                    : #1665380027272 | took 0ms | statement | connection 24| url jdbc:h2:mem:ad3a9e80-f26d-4a3e-9691-17f803db5723
insert into picture (spot_id, url, picture_id) values (?, ?, ?)
insert into picture (spot_id, url, picture_id) values (NULL, 'java.io.StringReader@5fb135ff', 1985);
2022-10-10 14:33:47.272  INFO 4460 --- [    Test worker] p6spy                                    : #1665380027272 | took 0ms | statement | connection 24| url jdbc:h2:mem:ad3a9e80-f26d-4a3e-9691-17f803db5723
insert into picture (spot_id, url, picture_id) values (?, ?, ?)
insert into picture (spot_id, url, picture_id) values (NULL, 'java.io.StringReader@a2ea05b', 1986);
2022-10-10 14:33:47.272  INFO 4460 --- [    Test worker] p6spy                                    : #1665380027272 | took 0ms | statement | connection 24| url jdbc:h2:mem:ad3a9e80-f26d-4a3e-9691-17f803db5723
insert into picture (spot_id, url, picture_id) values (?, ?, ?)
insert into picture (spot_id, url, picture_id) values (NULL, 'java.io.StringReader@5856de23', 1987);
2022-10-10 14:33:47.272  INFO 4460 --- [    Test worker] p6spy                                    : #1665380027272 | took 0ms | statement | connection 24| url jdbc:h2:mem:ad3a9e80-f26d-4a3e-9691-17f803db5723
insert into spot (address, description, location, name, score_id, spot_id) values (?, ?, ?, ?, ?, ?)
insert into spot (address, description, location, name, score_id, spot_id) values (NULL, NULL, 'Andeok_myeon', NULL, 483, 549);
2022-10-10 14:33:47.272  INFO 4460 --- [    Test worker] p6spy                                    : #1665380027272 | took 0ms | statement | connection 24| url jdbc:h2:mem:ad3a9e80-f26d-4a3e-9691-17f803db5723
insert into member_spot (member_id, score, spot_id, member_spot_id) values (?, ?, ?, ?)
insert into member_spot (member_id, score, spot_id, member_spot_id) values (16, 0.0, 549, 1988);
2022-10-10 14:33:47.272  INFO 4460 --- [    Test worker] p6spy                                    : #1665380027272 | took 0ms | statement | connection 24| url jdbc:h2:mem:ad3a9e80-f26d-4a3e-9691-17f803db5723
insert into review (content, spot_id, review_id) values (?, ?, ?)
insert into review (content, spot_id, review_id) values ('java.io.StringReader@e27215b', 469, 485);
2022-10-10 14:33:47.272  INFO 4460 --- [    Test worker] p6spy                                    : #1665380027272 | took 0ms | statement | connection 24| url jdbc:h2:mem:ad3a9e80-f26d-4a3e-9691-17f803db5723
insert into favorite_spot (count, favorite_id, spot_id, favorite_spot_id) values (?, ?, ?, ?)
insert into favorite_spot (count, favorite_id, spot_id, favorite_spot_id) values (0, 38, 549, 411);
2022-10-10 14:33:47.272  INFO 4460 --- [    Test worker] p6spy                                    : #1665380027272 | took 0ms | statement | connection 24| url jdbc:h2:mem:ad3a9e80-f26d-4a3e-9691-17f803db5723
insert into score (facility_rank, facility_score, price_rank, price_score, rank_average, surround_rank, surround_score, view_rank, view_score, score_id) values (?, ?, ?, ?, ?, ?, ?, ?, ?, ?)
insert into score (facility_rank, facility_score, price_rank, price_score, rank_average, surround_rank, surround_score, view_rank, view_score, score_id) values (4.835465374559815, 0.36967358334866196, 7.73180811737952, 4.175253427217722, 5.235398891566168, 4.9301939118745075, 6.523296567831547, 7.139606507776809, 4.45137052449848, 484);
2022-10-10 14:33:47.272  INFO 4460 --- [    Test worker] p6spy                                    : #1665380027272 | took 0ms | statement | connection 24| url jdbc:h2:mem:ad3a9e80-f26d-4a3e-9691-17f803db5723
insert into picture (spot_id, url, picture_id) values (?, ?, ?)
insert into picture (spot_id, url, picture_id) values (NULL, 'java.io.StringReader@7f264c79', 1989);
2022-10-10 14:33:47.272  INFO 4460 --- [    Test worker] p6spy                                    : #1665380027272 | took 0ms | statement | connection 24| url jdbc:h2:mem:ad3a9e80-f26d-4a3e-9691-17f803db5723
insert into picture (spot_id, url, picture_id) values (?, ?, ?)
insert into picture (spot_id, url, picture_id) values (NULL, 'java.io.StringReader@4a7eb080', 1990);
2022-10-10 14:33:47.272  INFO 4460 --- [    Test worker] p6spy                                    : #1665380027272 | took 0ms | statement | connection 24| url jdbc:h2:mem:ad3a9e80-f26d-4a3e-9691-17f803db5723
insert into picture (spot_id, url, picture_id) values (?, ?, ?)
insert into picture (spot_id, url, picture_id) values (NULL, 'java.io.StringReader@57296ad4', 1991);
2022-10-10 14:33:47.272  INFO 4460 --- [    Test worker] p6spy                                    : #1665380027272 | took 0ms | statement | connection 24| url jdbc:h2:mem:ad3a9e80-f26d-4a3e-9691-17f803db5723
insert into spot (address, description, location, name, score_id, spot_id) values (?, ?, ?, ?, ?, ?)
insert into spot (address, description, location, name, score_id, spot_id) values (NULL, NULL, 'Andeok_myeon', NULL, 484, 550);
2022-10-10 14:33:47.272  INFO 4460 --- [    Test worker] p6spy                                    : #1665380027272 | took 0ms | statement | connection 24| url jdbc:h2:mem:ad3a9e80-f26d-4a3e-9691-17f803db5723
insert into member_spot (member_id, score, spot_id, member_spot_id) values (?, ?, ?, ?)
insert into member_spot (member_id, score, spot_id, member_spot_id) values (16, 0.0, 550, 1992);
2022-10-10 14:33:47.272  INFO 4460 --- [    Test worker] p6spy                                    : #1665380027272 | took 0ms | statement | connection 24| url jdbc:h2:mem:ad3a9e80-f26d-4a3e-9691-17f803db5723
insert into review (content, spot_id, review_id) values (?, ?, ?)
insert into review (content, spot_id, review_id) values ('java.io.StringReader@1f1092b7', 469, 486);
2022-10-10 14:33:47.272  INFO 4460 --- [    Test worker] p6spy                                    : #1665380027272 | took 0ms | statement | connection 24| url jdbc:h2:mem:ad3a9e80-f26d-4a3e-9691-17f803db5723
insert into score (facility_rank, facility_score, price_rank, price_score, rank_average, surround_rank, surround_score, view_rank, view_score, score_id) values (?, ?, ?, ?, ?, ?, ?, ?, ?, ?)
insert into score (facility_rank, facility_score, price_rank, price_score, rank_average, surround_rank, surround_score, view_rank, view_score, score_id) values (3.3431264613683584, 7.897472575783306, 9.553974833042279, 0.46572300171231484, 5.661524775106745, 4.391182037457677, 1.2864521318180744, 9.629798147602555, 7.352814247898822, 485);
2022-10-10 14:33:47.272  INFO 4460 --- [    Test worker] p6spy                                    : #1665380027272 | took 0ms | statement | connection 24| url jdbc:h2:mem:ad3a9e80-f26d-4a3e-9691-17f803db5723
insert into picture (spot_id, url, picture_id) values (?, ?, ?)
insert into picture (spot_id, url, picture_id) values (NULL, 'java.io.StringReader@3dc0b407', 1993);
2022-10-10 14:33:47.272  INFO 4460 --- [    Test worker] p6spy                                    : #1665380027272 | took 0ms | statement | connection 24| url jdbc:h2:mem:ad3a9e80-f26d-4a3e-9691-17f803db5723
insert into picture (spot_id, url, picture_id) values (?, ?, ?)
insert into picture (spot_id, url, picture_id) values (NULL, 'java.io.StringReader@19b4dbb0', 1994);
2022-10-10 14:33:47.272  INFO 4460 --- [    Test worker] p6spy                                    : #1665380027272 | took 0ms | statement | connection 24| url jdbc:h2:mem:ad3a9e80-f26d-4a3e-9691-17f803db5723
insert into picture (spot_id, url, picture_id) values (?, ?, ?)
insert into picture (spot_id, url, picture_id) values (NULL, 'java.io.StringReader@36e62c40', 1995);
2022-10-10 14:33:47.272  INFO 4460 --- [    Test worker] p6spy                                    : #1665380027272 | took 0ms | statement | connection 24| url jdbc:h2:mem:ad3a9e80-f26d-4a3e-9691-17f803db5723
insert into spot (address, description, location, name, score_id, spot_id) values (?, ?, ?, ?, ?, ?)
insert into spot (address, description, location, name, score_id, spot_id) values (NULL, NULL, 'Andeok_myeon', NULL, 485, 551);
2022-10-10 14:33:47.272  INFO 4460 --- [    Test worker] p6spy                                    : #1665380027272 | took 0ms | statement | connection 24| url jdbc:h2:mem:ad3a9e80-f26d-4a3e-9691-17f803db5723
insert into member_spot (member_id, score, spot_id, member_spot_id) values (?, ?, ?, ?)
insert into member_spot (member_id, score, spot_id, member_spot_id) values (16, 0.0, 551, 1996);
2022-10-10 14:33:47.272  INFO 4460 --- [    Test worker] p6spy                                    : #1665380027272 | took 0ms | statement | connection 24| url jdbc:h2:mem:ad3a9e80-f26d-4a3e-9691-17f803db5723
insert into review (content, spot_id, review_id) values (?, ?, ?)
insert into review (content, spot_id, review_id) values ('java.io.StringReader@6f24f833', 469, 487);
2022-10-10 14:33:47.272  INFO 4460 --- [    Test worker] p6spy                                    : #1665380027272 | took 0ms | statement | connection 24| url jdbc:h2:mem:ad3a9e80-f26d-4a3e-9691-17f803db5723
insert into favorite_spot (count, favorite_id, spot_id, favorite_spot_id) values (?, ?, ?, ?)
insert into favorite_spot (count, favorite_id, spot_id, favorite_spot_id) values (0, 38, 551, 412);
2022-10-10 14:33:47.272  INFO 4460 --- [    Test worker] p6spy                                    : #1665380027272 | took 0ms | statement | connection 24| url jdbc:h2:mem:ad3a9e80-f26d-4a3e-9691-17f803db5723
insert into score (facility_rank, facility_score, price_rank, price_score, rank_average, surround_rank, surround_score, view_rank, view_score, score_id) values (?, ?, ?, ?, ?, ?, ?, ?, ?, ?)
insert into score (facility_rank, facility_score, price_rank, price_score, rank_average, surround_rank, surround_score, view_rank, view_score, score_id) values (3.20713632205707, 3.9462630863034, 3.2170331649240835, 8.160241094798653, 2.4973505510400273, 8.581744918778861, 7.950421107690366, 6.411405724190063, 8.543377193233475, 486);
2022-10-10 14:33:47.272  INFO 4460 --- [    Test worker] p6spy                                    : #1665380027272 | took 0ms | statement | connection 24| url jdbc:h2:mem:ad3a9e80-f26d-4a3e-9691-17f803db5723
insert into picture (spot_id, url, picture_id) values (?, ?, ?)
insert into picture (spot_id, url, picture_id) values (NULL, 'java.io.StringReader@6aa626ab', 1997);
2022-10-10 14:33:47.272  INFO 4460 --- [    Test worker] p6spy                                    : #1665380027272 | took 0ms | statement | connection 24| url jdbc:h2:mem:ad3a9e80-f26d-4a3e-9691-17f803db5723
insert into picture (spot_id, url, picture_id) values (?, ?, ?)
insert into picture (spot_id, url, picture_id) values (NULL, 'java.io.StringReader@727bfb81', 1998);
2022-10-10 14:33:47.273  INFO 4460 --- [    Test worker] p6spy                                    : #1665380027273 | took 0ms | statement | connection 24| url jdbc:h2:mem:ad3a9e80-f26d-4a3e-9691-17f803db5723
insert into picture (spot_id, url, picture_id) values (?, ?, ?)
insert into picture (spot_id, url, picture_id) values (NULL, 'java.io.StringReader@4eedd7db', 1999);
2022-10-10 14:33:47.273  INFO 4460 --- [    Test worker] p6spy                                    : #1665380027273 | took 0ms | statement | connection 24| url jdbc:h2:mem:ad3a9e80-f26d-4a3e-9691-17f803db5723
insert into spot (address, description, location, name, score_id, spot_id) values (?, ?, ?, ?, ?, ?)
insert into spot (address, description, location, name, score_id, spot_id) values (NULL, NULL, 'Andeok_myeon', NULL, 486, 552);
2022-10-10 14:33:47.273  INFO 4460 --- [    Test worker] p6spy                                    : #1665380027273 | took 0ms | statement | connection 24| url jdbc:h2:mem:ad3a9e80-f26d-4a3e-9691-17f803db5723
insert into member_spot (member_id, score, spot_id, member_spot_id) values (?, ?, ?, ?)
insert into member_spot (member_id, score, spot_id, member_spot_id) values (16, 0.0, 552, 2000);
2022-10-10 14:33:47.273  INFO 4460 --- [    Test worker] p6spy                                    : #1665380027273 | took 0ms | statement | connection 24| url jdbc:h2:mem:ad3a9e80-f26d-4a3e-9691-17f803db5723
insert into review (content, spot_id, review_id) values (?, ?, ?)
insert into review (content, spot_id, review_id) values ('java.io.StringReader@68899d90', 469, 488);
2022-10-10 14:33:47.273  INFO 4460 --- [    Test worker] p6spy                                    : #1665380027273 | took 0ms | statement | connection 24| url jdbc:h2:mem:ad3a9e80-f26d-4a3e-9691-17f803db5723
insert into score (facility_rank, facility_score, price_rank, price_score, rank_average, surround_rank, surround_score, view_rank, view_score, score_id) values (?, ?, ?, ?, ?, ?, ?, ?, ?, ?)
insert into score (facility_rank, facility_score, price_rank, price_score, rank_average, surround_rank, surround_score, view_rank, view_score, score_id) values (6.930252415707266, 7.739754556697824, 8.668138093239964, 9.128756672486086, 9.172905541858416, 6.263521247083989, 8.039888936954661, 4.128812091880013, 1.9975347029742319, 487);
2022-10-10 14:33:47.273  INFO 4460 --- [    Test worker] p6spy                                    : #1665380027273 | took 0ms | statement | connection 24| url jdbc:h2:mem:ad3a9e80-f26d-4a3e-9691-17f803db5723
insert into picture (spot_id, url, picture_id) values (?, ?, ?)
insert into picture (spot_id, url, picture_id) values (NULL, 'java.io.StringReader@59343f6a', 2001);
2022-10-10 14:33:47.273  INFO 4460 --- [    Test worker] p6spy                                    : #1665380027273 | took 0ms | statement | connection 24| url jdbc:h2:mem:ad3a9e80-f26d-4a3e-9691-17f803db5723
insert into picture (spot_id, url, picture_id) values (?, ?, ?)
insert into picture (spot_id, url, picture_id) values (NULL, 'java.io.StringReader@135647d3', 2002);
2022-10-10 14:33:47.273  INFO 4460 --- [    Test worker] p6spy                                    : #1665380027273 | took 0ms | statement | connection 24| url jdbc:h2:mem:ad3a9e80-f26d-4a3e-9691-17f803db5723
insert into picture (spot_id, url, picture_id) values (?, ?, ?)
insert into picture (spot_id, url, picture_id) values (NULL, 'java.io.StringReader@57b262e5', 2003);
2022-10-10 14:33:47.273  INFO 4460 --- [    Test worker] p6spy                                    : #1665380027273 | took 0ms | statement | connection 24| url jdbc:h2:mem:ad3a9e80-f26d-4a3e-9691-17f803db5723
insert into spot (address, description, location, name, score_id, spot_id) values (?, ?, ?, ?, ?, ?)
insert into spot (address, description, location, name, score_id, spot_id) values (NULL, NULL, 'Andeok_myeon', NULL, 487, 553);
2022-10-10 14:33:47.273  INFO 4460 --- [    Test worker] p6spy                                    : #1665380027273 | took 0ms | statement | connection 24| url jdbc:h2:mem:ad3a9e80-f26d-4a3e-9691-17f803db5723
insert into member_spot (member_id, score, spot_id, member_spot_id) values (?, ?, ?, ?)
insert into member_spot (member_id, score, spot_id, member_spot_id) values (16, 0.0, 553, 2004);
2022-10-10 14:33:47.273  INFO 4460 --- [    Test worker] p6spy                                    : #1665380027273 | took 0ms | statement | connection 24| url jdbc:h2:mem:ad3a9e80-f26d-4a3e-9691-17f803db5723
insert into review (content, spot_id, review_id) values (?, ?, ?)
insert into review (content, spot_id, review_id) values ('java.io.StringReader@6e94efaa', 469, 489);
2022-10-10 14:33:47.273  INFO 4460 --- [    Test worker] p6spy                                    : #1665380027273 | took 0ms | statement | connection 24| url jdbc:h2:mem:ad3a9e80-f26d-4a3e-9691-17f803db5723
insert into favorite_spot (count, favorite_id, spot_id, favorite_spot_id) values (?, ?, ?, ?)
insert into favorite_spot (count, favorite_id, spot_id, favorite_spot_id) values (0, 38, 553, 413);
2022-10-10 14:33:47.273  INFO 4460 --- [    Test worker] p6spy                                    : #1665380027273 | took 0ms | statement | connection 24| url jdbc:h2:mem:ad3a9e80-f26d-4a3e-9691-17f803db5723
insert into score (facility_rank, facility_score, price_rank, price_score, rank_average, surround_rank, surround_score, view_rank, view_score, score_id) values (?, ?, ?, ?, ?, ?, ?, ?, ?, ?)
insert into score (facility_rank, facility_score, price_rank, price_score, rank_average, surround_rank, surround_score, view_rank, view_score, score_id) values (4.6526779139337195, 6.752062358376083, 7.443804267735303, 3.6189790103873296, 6.6765966190307315, 0.4280997972199285, 2.975485622979398, 6.111630109770976, 9.203077437384966, 488);
2022-10-10 14:33:47.273  INFO 4460 --- [    Test worker] p6spy                                    : #1665380027273 | took 0ms | statement | connection 24| url jdbc:h2:mem:ad3a9e80-f26d-4a3e-9691-17f803db5723
insert into picture (spot_id, url, picture_id) values (?, ?, ?)
insert into picture (spot_id, url, picture_id) values (NULL, 'java.io.StringReader@7272f4ce', 2005);
2022-10-10 14:33:47.273  INFO 4460 --- [    Test worker] p6spy                                    : #1665380027273 | took 0ms | statement | connection 24| url jdbc:h2:mem:ad3a9e80-f26d-4a3e-9691-17f803db5723
insert into picture (spot_id, url, picture_id) values (?, ?, ?)
insert into picture (spot_id, url, picture_id) values (NULL, 'java.io.StringReader@be98ce4', 2006);
2022-10-10 14:33:47.273  INFO 4460 --- [    Test worker] p6spy                                    : #1665380027273 | took 0ms | statement | connection 24| url jdbc:h2:mem:ad3a9e80-f26d-4a3e-9691-17f803db5723
insert into picture (spot_id, url, picture_id) values (?, ?, ?)
insert into picture (spot_id, url, picture_id) values (NULL, 'java.io.StringReader@48af0ee6', 2007);
2022-10-10 14:33:47.273  INFO 4460 --- [    Test worker] p6spy                                    : #1665380027273 | took 0ms | statement | connection 24| url jdbc:h2:mem:ad3a9e80-f26d-4a3e-9691-17f803db5723
insert into spot (address, description, location, name, score_id, spot_id) values (?, ?, ?, ?, ?, ?)
insert into spot (address, description, location, name, score_id, spot_id) values (NULL, NULL, 'Andeok_myeon', NULL, 488, 554);
2022-10-10 14:33:47.273  INFO 4460 --- [    Test worker] p6spy                                    : #1665380027273 | took 0ms | statement | connection 24| url jdbc:h2:mem:ad3a9e80-f26d-4a3e-9691-17f803db5723
insert into member_spot (member_id, score, spot_id, member_spot_id) values (?, ?, ?, ?)
insert into member_spot (member_id, score, spot_id, member_spot_id) values (16, 0.0, 554, 2008);
2022-10-10 14:33:47.273  INFO 4460 --- [    Test worker] p6spy                                    : #1665380027273 | took 0ms | statement | connection 24| url jdbc:h2:mem:ad3a9e80-f26d-4a3e-9691-17f803db5723
insert into review (content, spot_id, review_id) values (?, ?, ?)
insert into review (content, spot_id, review_id) values ('java.io.StringReader@4d60e755', 469, 490);
2022-10-10 14:33:47.273  INFO 4460 --- [    Test worker] p6spy                                    : #1665380027273 | took 0ms | statement | connection 24| url jdbc:h2:mem:ad3a9e80-f26d-4a3e-9691-17f803db5723
insert into score (facility_rank, facility_score, price_rank, price_score, rank_average, surround_rank, surround_score, view_rank, view_score, score_id) values (?, ?, ?, ?, ?, ?, ?, ?, ?, ?)
insert into score (facility_rank, facility_score, price_rank, price_score, rank_average, surround_rank, surround_score, view_rank, view_score, score_id) values (7.441903601388223, 0.8472765368899737, 0.22168575633632503, 4.760769372325882, 1.992402561152432, 7.4668476493350076, 2.915740665641019, 8.081493592725558, 0.17859963159663983, 489);
2022-10-10 14:33:47.273  INFO 4460 --- [    Test worker] p6spy                                    : #1665380027273 | took 0ms | statement | connection 24| url jdbc:h2:mem:ad3a9e80-f26d-4a3e-9691-17f803db5723
insert into picture (spot_id, url, picture_id) values (?, ?, ?)
insert into picture (spot_id, url, picture_id) values (NULL, 'java.io.StringReader@10e555e0', 2009);
2022-10-10 14:33:47.273  INFO 4460 --- [    Test worker] p6spy                                    : #1665380027273 | took 0ms | statement | connection 24| url jdbc:h2:mem:ad3a9e80-f26d-4a3e-9691-17f803db5723
insert into picture (spot_id, url, picture_id) values (?, ?, ?)
insert into picture (spot_id, url, picture_id) values (NULL, 'java.io.StringReader@23163234', 2010);
2022-10-10 14:33:47.273  INFO 4460 --- [    Test worker] p6spy                                    : #1665380027273 | took 0ms | statement | connection 24| url jdbc:h2:mem:ad3a9e80-f26d-4a3e-9691-17f803db5723
insert into picture (spot_id, url, picture_id) values (?, ?, ?)
insert into picture (spot_id, url, picture_id) values (NULL, 'java.io.StringReader@8dc07ba', 2011);
2022-10-10 14:33:47.273  INFO 4460 --- [    Test worker] p6spy                                    : #1665380027273 | took 0ms | statement | connection 24| url jdbc:h2:mem:ad3a9e80-f26d-4a3e-9691-17f803db5723
insert into spot (address, description, location, name, score_id, spot_id) values (?, ?, ?, ?, ?, ?)
insert into spot (address, description, location, name, score_id, spot_id) values (NULL, NULL, 'Andeok_myeon', NULL, 489, 555);
2022-10-10 14:33:47.273  INFO 4460 --- [    Test worker] p6spy                                    : #1665380027273 | took 0ms | statement | connection 24| url jdbc:h2:mem:ad3a9e80-f26d-4a3e-9691-17f803db5723
insert into member_spot (member_id, score, spot_id, member_spot_id) values (?, ?, ?, ?)
insert into member_spot (member_id, score, spot_id, member_spot_id) values (16, 0.0, 555, 2012);
2022-10-10 14:33:47.273  INFO 4460 --- [    Test worker] p6spy                                    : #1665380027273 | took 0ms | statement | connection 24| url jdbc:h2:mem:ad3a9e80-f26d-4a3e-9691-17f803db5723
insert into review (content, spot_id, review_id) values (?, ?, ?)
insert into review (content, spot_id, review_id) values ('java.io.StringReader@4e2ee59e', 469, 491);
2022-10-10 14:33:47.273  INFO 4460 --- [    Test worker] p6spy                                    : #1665380027273 | took 0ms | statement | connection 24| url jdbc:h2:mem:ad3a9e80-f26d-4a3e-9691-17f803db5723
insert into favorite_spot (count, favorite_id, spot_id, favorite_spot_id) values (?, ?, ?, ?)
insert into favorite_spot (count, favorite_id, spot_id, favorite_spot_id) values (0, 38, 555, 414);
2022-10-10 14:33:47.273  INFO 4460 --- [    Test worker] p6spy                                    : #1665380027273 | took 0ms | statement | connection 24| url jdbc:h2:mem:ad3a9e80-f26d-4a3e-9691-17f803db5723
insert into score (facility_rank, facility_score, price_rank, price_score, rank_average, surround_rank, surround_score, view_rank, view_score, score_id) values (?, ?, ?, ?, ?, ?, ?, ?, ?, ?)
insert into score (facility_rank, facility_score, price_rank, price_score, rank_average, surround_rank, surround_score, view_rank, view_score, score_id) values (4.314296976327762, 7.802162070607769, 3.5720040247878693, 8.338117719602787, 0.14847324638634363, 8.497238238656376, 0.8333380587000494, 1.4572713507716906, 1.1577627216435615, 490);
2022-10-10 14:33:47.273  INFO 4460 --- [    Test worker] p6spy                                    : #1665380027273 | took 0ms | statement | connection 24| url jdbc:h2:mem:ad3a9e80-f26d-4a3e-9691-17f803db5723
insert into picture (spot_id, url, picture_id) values (?, ?, ?)
insert into picture (spot_id, url, picture_id) values (NULL, 'java.io.StringReader@485262be', 2013);
2022-10-10 14:33:47.273  INFO 4460 --- [    Test worker] p6spy                                    : #1665380027273 | took 0ms | statement | connection 24| url jdbc:h2:mem:ad3a9e80-f26d-4a3e-9691-17f803db5723
insert into picture (spot_id, url, picture_id) values (?, ?, ?)
insert into picture (spot_id, url, picture_id) values (NULL, 'java.io.StringReader@51f278d1', 2014);
2022-10-10 14:33:47.273  INFO 4460 --- [    Test worker] p6spy                                    : #1665380027273 | took 0ms | statement | connection 24| url jdbc:h2:mem:ad3a9e80-f26d-4a3e-9691-17f803db5723
insert into picture (spot_id, url, picture_id) values (?, ?, ?)
insert into picture (spot_id, url, picture_id) values (NULL, 'java.io.StringReader@2f7b6f06', 2015);
2022-10-10 14:33:47.274  INFO 4460 --- [    Test worker] p6spy                                    : #1665380027274 | took 0ms | statement | connection 24| url jdbc:h2:mem:ad3a9e80-f26d-4a3e-9691-17f803db5723
insert into spot (address, description, location, name, score_id, spot_id) values (?, ?, ?, ?, ?, ?)
insert into spot (address, description, location, name, score_id, spot_id) values (NULL, NULL, 'Andeok_myeon', NULL, 490, 556);
2022-10-10 14:33:47.274  INFO 4460 --- [    Test worker] p6spy                                    : #1665380027274 | took 0ms | statement | connection 24| url jdbc:h2:mem:ad3a9e80-f26d-4a3e-9691-17f803db5723
insert into member_spot (member_id, score, spot_id, member_spot_id) values (?, ?, ?, ?)
insert into member_spot (member_id, score, spot_id, member_spot_id) values (16, 0.0, 556, 2016);
2022-10-10 14:33:47.274  INFO 4460 --- [    Test worker] p6spy                                    : #1665380027274 | took 0ms | statement | connection 24| url jdbc:h2:mem:ad3a9e80-f26d-4a3e-9691-17f803db5723
insert into review (content, spot_id, review_id) values (?, ?, ?)
insert into review (content, spot_id, review_id) values ('java.io.StringReader@68cbf488', 469, 492);
2022-10-10 14:33:47.274  INFO 4460 --- [    Test worker] p6spy                                    : #1665380027274 | took 0ms | statement | connection 24| url jdbc:h2:mem:ad3a9e80-f26d-4a3e-9691-17f803db5723
insert into score (facility_rank, facility_score, price_rank, price_score, rank_average, surround_rank, surround_score, view_rank, view_score, score_id) values (?, ?, ?, ?, ?, ?, ?, ?, ?, ?)
insert into score (facility_rank, facility_score, price_rank, price_score, rank_average, surround_rank, surround_score, view_rank, view_score, score_id) values (4.720092790657613, 8.10742966316135, 9.95054238451224, 7.44325930520191, 9.60182075980089, 9.85279519926954, 6.8485865794977885, 2.2679785673322375, 0.25704484560163054, 491);
2022-10-10 14:33:47.274  INFO 4460 --- [    Test worker] p6spy                                    : #1665380027274 | took 0ms | statement | connection 24| url jdbc:h2:mem:ad3a9e80-f26d-4a3e-9691-17f803db5723
insert into picture (spot_id, url, picture_id) values (?, ?, ?)
insert into picture (spot_id, url, picture_id) values (NULL, 'java.io.StringReader@5dafd27c', 2017);
2022-10-10 14:33:47.274  INFO 4460 --- [    Test worker] p6spy                                    : #1665380027274 | took 0ms | statement | connection 24| url jdbc:h2:mem:ad3a9e80-f26d-4a3e-9691-17f803db5723
insert into picture (spot_id, url, picture_id) values (?, ?, ?)
insert into picture (spot_id, url, picture_id) values (NULL, 'java.io.StringReader@70ba2b39', 2018);
2022-10-10 14:33:47.274  INFO 4460 --- [    Test worker] p6spy                                    : #1665380027274 | took 0ms | statement | connection 24| url jdbc:h2:mem:ad3a9e80-f26d-4a3e-9691-17f803db5723
insert into picture (spot_id, url, picture_id) values (?, ?, ?)
insert into picture (spot_id, url, picture_id) values (NULL, 'java.io.StringReader@38b8a50b', 2019);
2022-10-10 14:33:47.274  INFO 4460 --- [    Test worker] p6spy                                    : #1665380027274 | took 0ms | statement | connection 24| url jdbc:h2:mem:ad3a9e80-f26d-4a3e-9691-17f803db5723
insert into spot (address, description, location, name, score_id, spot_id) values (?, ?, ?, ?, ?, ?)
insert into spot (address, description, location, name, score_id, spot_id) values (NULL, NULL, 'Andeok_myeon', NULL, 491, 557);
2022-10-10 14:33:47.274  INFO 4460 --- [    Test worker] p6spy                                    : #1665380027274 | took 0ms | statement | connection 24| url jdbc:h2:mem:ad3a9e80-f26d-4a3e-9691-17f803db5723
insert into member_spot (member_id, score, spot_id, member_spot_id) values (?, ?, ?, ?)
insert into member_spot (member_id, score, spot_id, member_spot_id) values (16, 0.0, 557, 2020);
2022-10-10 14:33:47.274  INFO 4460 --- [    Test worker] p6spy                                    : #1665380027274 | took 0ms | statement | connection 24| url jdbc:h2:mem:ad3a9e80-f26d-4a3e-9691-17f803db5723
insert into review (content, spot_id, review_id) values (?, ?, ?)
insert into review (content, spot_id, review_id) values ('java.io.StringReader@731cfe2d', 469, 493);
2022-10-10 14:33:47.274  INFO 4460 --- [    Test worker] p6spy                                    : #1665380027274 | took 0ms | statement | connection 24| url jdbc:h2:mem:ad3a9e80-f26d-4a3e-9691-17f803db5723
insert into favorite_spot (count, favorite_id, spot_id, favorite_spot_id) values (?, ?, ?, ?)
insert into favorite_spot (count, favorite_id, spot_id, favorite_spot_id) values (0, 38, 557, 415);
2022-10-10 14:33:47.274  INFO 4460 --- [    Test worker] p6spy                                    : #1665380027274 | took 0ms | statement | connection 24| url jdbc:h2:mem:ad3a9e80-f26d-4a3e-9691-17f803db5723
insert into score (facility_rank, facility_score, price_rank, price_score, rank_average, surround_rank, surround_score, view_rank, view_score, score_id) values (?, ?, ?, ?, ?, ?, ?, ?, ?, ?)
insert into score (facility_rank, facility_score, price_rank, price_score, rank_average, surround_rank, surround_score, view_rank, view_score, score_id) values (2.953021786075427, 4.133630355470894, 3.7221332546897887, 0.6698494546455824, 6.450108361207586, 9.132771610447541, 2.3574519104960667, 9.846580530525998, 9.880815482067165, 492);
2022-10-10 14:33:47.274  INFO 4460 --- [    Test worker] p6spy                                    : #1665380027274 | took 0ms | statement | connection 24| url jdbc:h2:mem:ad3a9e80-f26d-4a3e-9691-17f803db5723
insert into picture (spot_id, url, picture_id) values (?, ?, ?)
insert into picture (spot_id, url, picture_id) values (NULL, 'java.io.StringReader@48830a3f', 2021);
2022-10-10 14:33:47.274  INFO 4460 --- [    Test worker] p6spy                                    : #1665380027274 | took 0ms | statement | connection 24| url jdbc:h2:mem:ad3a9e80-f26d-4a3e-9691-17f803db5723
insert into picture (spot_id, url, picture_id) values (?, ?, ?)
insert into picture (spot_id, url, picture_id) values (NULL, 'java.io.StringReader@8b4bb6d', 2022);
2022-10-10 14:33:47.274  INFO 4460 --- [    Test worker] p6spy                                    : #1665380027274 | took 0ms | statement | connection 24| url jdbc:h2:mem:ad3a9e80-f26d-4a3e-9691-17f803db5723
insert into picture (spot_id, url, picture_id) values (?, ?, ?)
insert into picture (spot_id, url, picture_id) values (NULL, 'java.io.StringReader@718e4afa', 2023);
2022-10-10 14:33:47.274  INFO 4460 --- [    Test worker] p6spy                                    : #1665380027274 | took 0ms | statement | connection 24| url jdbc:h2:mem:ad3a9e80-f26d-4a3e-9691-17f803db5723
insert into spot (address, description, location, name, score_id, spot_id) values (?, ?, ?, ?, ?, ?)
insert into spot (address, description, location, name, score_id, spot_id) values (NULL, NULL, 'Andeok_myeon', NULL, 492, 558);
2022-10-10 14:33:47.274  INFO 4460 --- [    Test worker] p6spy                                    : #1665380027274 | took 0ms | statement | connection 24| url jdbc:h2:mem:ad3a9e80-f26d-4a3e-9691-17f803db5723
insert into member_spot (member_id, score, spot_id, member_spot_id) values (?, ?, ?, ?)
insert into member_spot (member_id, score, spot_id, member_spot_id) values (16, 0.0, 558, 2024);
2022-10-10 14:33:47.274  INFO 4460 --- [    Test worker] p6spy                                    : #1665380027274 | took 0ms | statement | connection 24| url jdbc:h2:mem:ad3a9e80-f26d-4a3e-9691-17f803db5723
insert into review (content, spot_id, review_id) values (?, ?, ?)
insert into review (content, spot_id, review_id) values ('java.io.StringReader@264402c8', 469, 494);
2022-10-10 14:33:47.274  INFO 4460 --- [    Test worker] p6spy                                    : #1665380027274 | took 0ms | statement | connection 24| url jdbc:h2:mem:ad3a9e80-f26d-4a3e-9691-17f803db5723
insert into score (facility_rank, facility_score, price_rank, price_score, rank_average, surround_rank, surround_score, view_rank, view_score, score_id) values (?, ?, ?, ?, ?, ?, ?, ?, ?, ?)
insert into score (facility_rank, facility_score, price_rank, price_score, rank_average, surround_rank, surround_score, view_rank, view_score, score_id) values (6.937510075376135, 5.231013716966263, 1.2987512901011022, 3.842510533863469, 8.940684799492063, 5.314713319135775, 3.060800191312677, 1.1706532257414193, 7.057062427532918, 493);
2022-10-10 14:33:47.274  INFO 4460 --- [    Test worker] p6spy                                    : #1665380027274 | took 0ms | statement | connection 24| url jdbc:h2:mem:ad3a9e80-f26d-4a3e-9691-17f803db5723
insert into picture (spot_id, url, picture_id) values (?, ?, ?)
insert into picture (spot_id, url, picture_id) values (NULL, 'java.io.StringReader@1df10f52', 2025);
2022-10-10 14:33:47.274  INFO 4460 --- [    Test worker] p6spy                                    : #1665380027274 | took 0ms | statement | connection 24| url jdbc:h2:mem:ad3a9e80-f26d-4a3e-9691-17f803db5723
insert into picture (spot_id, url, picture_id) values (?, ?, ?)
insert into picture (spot_id, url, picture_id) values (NULL, 'java.io.StringReader@3ccf53f7', 2026);
2022-10-10 14:33:47.274  INFO 4460 --- [    Test worker] p6spy                                    : #1665380027274 | took 0ms | statement | connection 24| url jdbc:h2:mem:ad3a9e80-f26d-4a3e-9691-17f803db5723
insert into picture (spot_id, url, picture_id) values (?, ?, ?)
insert into picture (spot_id, url, picture_id) values (NULL, 'java.io.StringReader@2da3ae4c', 2027);
2022-10-10 14:33:47.274  INFO 4460 --- [    Test worker] p6spy                                    : #1665380027274 | took 0ms | statement | connection 24| url jdbc:h2:mem:ad3a9e80-f26d-4a3e-9691-17f803db5723
insert into spot (address, description, location, name, score_id, spot_id) values (?, ?, ?, ?, ?, ?)
insert into spot (address, description, location, name, score_id, spot_id) values (NULL, NULL, 'Andeok_myeon', NULL, 493, 559);
2022-10-10 14:33:47.274  INFO 4460 --- [    Test worker] p6spy                                    : #1665380027274 | took 0ms | statement | connection 24| url jdbc:h2:mem:ad3a9e80-f26d-4a3e-9691-17f803db5723
insert into member_spot (member_id, score, spot_id, member_spot_id) values (?, ?, ?, ?)
insert into member_spot (member_id, score, spot_id, member_spot_id) values (16, 0.0, 559, 2028);
2022-10-10 14:33:47.274  INFO 4460 --- [    Test worker] p6spy                                    : #1665380027274 | took 0ms | statement | connection 24| url jdbc:h2:mem:ad3a9e80-f26d-4a3e-9691-17f803db5723
insert into review (content, spot_id, review_id) values (?, ?, ?)
insert into review (content, spot_id, review_id) values ('java.io.StringReader@84ee47e', 469, 495);
2022-10-10 14:33:47.274  INFO 4460 --- [    Test worker] p6spy                                    : #1665380027274 | took 0ms | statement | connection 24| url jdbc:h2:mem:ad3a9e80-f26d-4a3e-9691-17f803db5723
insert into favorite_spot (count, favorite_id, spot_id, favorite_spot_id) values (?, ?, ?, ?)
insert into favorite_spot (count, favorite_id, spot_id, favorite_spot_id) values (0, 38, 559, 416);
2022-10-10 14:33:47.274  INFO 4460 --- [    Test worker] p6spy                                    : #1665380027274 | took 0ms | statement | connection 24| url jdbc:h2:mem:ad3a9e80-f26d-4a3e-9691-17f803db5723
insert into score (facility_rank, facility_score, price_rank, price_score, rank_average, surround_rank, surround_score, view_rank, view_score, score_id) values (?, ?, ?, ?, ?, ?, ?, ?, ?, ?)
insert into score (facility_rank, facility_score, price_rank, price_score, rank_average, surround_rank, surround_score, view_rank, view_score, score_id) values (3.2274944740159075, 9.374524029221346, 5.157257458618588, 7.506101448050022, 0.5876698450520679, 1.2742163124898331, 4.515228620727802, 6.740055288884634, 7.635315873547249, 494);
2022-10-10 14:33:47.274  INFO 4460 --- [    Test worker] p6spy                                    : #1665380027274 | took 0ms | statement | connection 24| url jdbc:h2:mem:ad3a9e80-f26d-4a3e-9691-17f803db5723
insert into picture (spot_id, url, picture_id) values (?, ?, ?)
insert into picture (spot_id, url, picture_id) values (NULL, 'java.io.StringReader@3f17e012', 2029);
2022-10-10 14:33:47.275  INFO 4460 --- [    Test worker] p6spy                                    : #1665380027275 | took 0ms | statement | connection 24| url jdbc:h2:mem:ad3a9e80-f26d-4a3e-9691-17f803db5723
insert into picture (spot_id, url, picture_id) values (?, ?, ?)
insert into picture (spot_id, url, picture_id) values (NULL, 'java.io.StringReader@2391a8a', 2030);
2022-10-10 14:33:47.275  INFO 4460 --- [    Test worker] p6spy                                    : #1665380027275 | took 0ms | statement | connection 24| url jdbc:h2:mem:ad3a9e80-f26d-4a3e-9691-17f803db5723
insert into picture (spot_id, url, picture_id) values (?, ?, ?)
insert into picture (spot_id, url, picture_id) values (NULL, 'java.io.StringReader@6b0dd78c', 2031);
2022-10-10 14:33:47.275  INFO 4460 --- [    Test worker] p6spy                                    : #1665380027275 | took 0ms | statement | connection 24| url jdbc:h2:mem:ad3a9e80-f26d-4a3e-9691-17f803db5723
insert into spot (address, description, location, name, score_id, spot_id) values (?, ?, ?, ?, ?, ?)
insert into spot (address, description, location, name, score_id, spot_id) values (NULL, NULL, 'Andeok_myeon', NULL, 494, 560);
2022-10-10 14:33:47.275  INFO 4460 --- [    Test worker] p6spy                                    : #1665380027275 | took 0ms | statement | connection 24| url jdbc:h2:mem:ad3a9e80-f26d-4a3e-9691-17f803db5723
insert into member_spot (member_id, score, spot_id, member_spot_id) values (?, ?, ?, ?)
insert into member_spot (member_id, score, spot_id, member_spot_id) values (16, 0.0, 560, 2032);
2022-10-10 14:33:47.275  INFO 4460 --- [    Test worker] p6spy                                    : #1665380027275 | took 0ms | statement | connection 24| url jdbc:h2:mem:ad3a9e80-f26d-4a3e-9691-17f803db5723
insert into review (content, spot_id, review_id) values (?, ?, ?)
insert into review (content, spot_id, review_id) values ('java.io.StringReader@6f4da6a', 469, 496);
2022-10-10 14:33:47.275  INFO 4460 --- [    Test worker] p6spy                                    : #1665380027275 | took 0ms | statement | connection 24| url jdbc:h2:mem:ad3a9e80-f26d-4a3e-9691-17f803db5723
insert into score (facility_rank, facility_score, price_rank, price_score, rank_average, surround_rank, surround_score, view_rank, view_score, score_id) values (?, ?, ?, ?, ?, ?, ?, ?, ?, ?)
insert into score (facility_rank, facility_score, price_rank, price_score, rank_average, surround_rank, surround_score, view_rank, view_score, score_id) values (6.781896894950772, 7.824532179225767, 6.185015613002202, 1.773061566704296, 4.498935043190688, 0.8718015757730913, 7.841866564553874, 3.8856948003929337, 0.6226375665142792, 495);
2022-10-10 14:33:47.275  INFO 4460 --- [    Test worker] p6spy                                    : #1665380027275 | took 0ms | statement | connection 24| url jdbc:h2:mem:ad3a9e80-f26d-4a3e-9691-17f803db5723
insert into picture (spot_id, url, picture_id) values (?, ?, ?)
insert into picture (spot_id, url, picture_id) values (NULL, 'java.io.StringReader@79f98ace', 2033);
2022-10-10 14:33:47.275  INFO 4460 --- [    Test worker] p6spy                                    : #1665380027275 | took 0ms | statement | connection 24| url jdbc:h2:mem:ad3a9e80-f26d-4a3e-9691-17f803db5723
insert into picture (spot_id, url, picture_id) values (?, ?, ?)
insert into picture (spot_id, url, picture_id) values (NULL, 'java.io.StringReader@5fe71743', 2034);
2022-10-10 14:33:47.275  INFO 4460 --- [    Test worker] p6spy                                    : #1665380027275 | took 0ms | statement | connection 24| url jdbc:h2:mem:ad3a9e80-f26d-4a3e-9691-17f803db5723
insert into picture (spot_id, url, picture_id) values (?, ?, ?)
insert into picture (spot_id, url, picture_id) values (NULL, 'java.io.StringReader@35873792', 2035);
2022-10-10 14:33:47.275  INFO 4460 --- [    Test worker] p6spy                                    : #1665380027275 | took 0ms | statement | connection 24| url jdbc:h2:mem:ad3a9e80-f26d-4a3e-9691-17f803db5723
insert into spot (address, description, location, name, score_id, spot_id) values (?, ?, ?, ?, ?, ?)
insert into spot (address, description, location, name, score_id, spot_id) values (NULL, NULL, 'Andeok_myeon', NULL, 495, 561);
2022-10-10 14:33:47.275  INFO 4460 --- [    Test worker] p6spy                                    : #1665380027275 | took 0ms | statement | connection 24| url jdbc:h2:mem:ad3a9e80-f26d-4a3e-9691-17f803db5723
insert into member_spot (member_id, score, spot_id, member_spot_id) values (?, ?, ?, ?)
insert into member_spot (member_id, score, spot_id, member_spot_id) values (16, 0.0, 561, 2036);
2022-10-10 14:33:47.275  INFO 4460 --- [    Test worker] p6spy                                    : #1665380027275 | took 0ms | statement | connection 24| url jdbc:h2:mem:ad3a9e80-f26d-4a3e-9691-17f803db5723
insert into review (content, spot_id, review_id) values (?, ?, ?)
insert into review (content, spot_id, review_id) values ('java.io.StringReader@6fa3905b', 469, 497);
2022-10-10 14:33:47.275  INFO 4460 --- [    Test worker] p6spy                                    : #1665380027275 | took 0ms | statement | connection 24| url jdbc:h2:mem:ad3a9e80-f26d-4a3e-9691-17f803db5723
insert into favorite_spot (count, favorite_id, spot_id, favorite_spot_id) values (?, ?, ?, ?)
insert into favorite_spot (count, favorite_id, spot_id, favorite_spot_id) values (0, 38, 561, 417);
2022-10-10 14:33:47.275  INFO 4460 --- [    Test worker] p6spy                                    : #1665380027275 | took 0ms | statement | connection 24| url jdbc:h2:mem:ad3a9e80-f26d-4a3e-9691-17f803db5723
insert into score (facility_rank, facility_score, price_rank, price_score, rank_average, surround_rank, surround_score, view_rank, view_score, score_id) values (?, ?, ?, ?, ?, ?, ?, ?, ?, ?)
insert into score (facility_rank, facility_score, price_rank, price_score, rank_average, surround_rank, surround_score, view_rank, view_score, score_id) values (2.5471848965605437, 7.169385176354015, 0.4999829407796663, 2.7390571480139103, 2.345108780162082, 6.329905372008508, 7.089226020063537, 7.2298839812019615, 5.125027285220596, 496);
2022-10-10 14:33:47.275  INFO 4460 --- [    Test worker] p6spy                                    : #1665380027275 | took 0ms | statement | connection 24| url jdbc:h2:mem:ad3a9e80-f26d-4a3e-9691-17f803db5723
insert into picture (spot_id, url, picture_id) values (?, ?, ?)
insert into picture (spot_id, url, picture_id) values (NULL, 'java.io.StringReader@25620554', 2037);
2022-10-10 14:33:47.275  INFO 4460 --- [    Test worker] p6spy                                    : #1665380027275 | took 0ms | statement | connection 24| url jdbc:h2:mem:ad3a9e80-f26d-4a3e-9691-17f803db5723
insert into picture (spot_id, url, picture_id) values (?, ?, ?)
insert into picture (spot_id, url, picture_id) values (NULL, 'java.io.StringReader@680c14ec', 2038);
2022-10-10 14:33:47.275  INFO 4460 --- [    Test worker] p6spy                                    : #1665380027275 | took 0ms | statement | connection 24| url jdbc:h2:mem:ad3a9e80-f26d-4a3e-9691-17f803db5723
insert into picture (spot_id, url, picture_id) values (?, ?, ?)
insert into picture (spot_id, url, picture_id) values (NULL, 'java.io.StringReader@24b44bb8', 2039);
2022-10-10 14:33:47.275  INFO 4460 --- [    Test worker] p6spy                                    : #1665380027275 | took 0ms | statement | connection 24| url jdbc:h2:mem:ad3a9e80-f26d-4a3e-9691-17f803db5723
insert into spot (address, description, location, name, score_id, spot_id) values (?, ?, ?, ?, ?, ?)
insert into spot (address, description, location, name, score_id, spot_id) values (NULL, NULL, 'Andeok_myeon', NULL, 496, 562);
2022-10-10 14:33:47.275  INFO 4460 --- [    Test worker] p6spy                                    : #1665380027275 | took 0ms | statement | connection 24| url jdbc:h2:mem:ad3a9e80-f26d-4a3e-9691-17f803db5723
insert into member_spot (member_id, score, spot_id, member_spot_id) values (?, ?, ?, ?)
insert into member_spot (member_id, score, spot_id, member_spot_id) values (16, 0.0, 562, 2040);
2022-10-10 14:33:47.275  INFO 4460 --- [    Test worker] p6spy                                    : #1665380027275 | took 0ms | statement | connection 24| url jdbc:h2:mem:ad3a9e80-f26d-4a3e-9691-17f803db5723
insert into review (content, spot_id, review_id) values (?, ?, ?)
insert into review (content, spot_id, review_id) values ('java.io.StringReader@24029871', 469, 498);
2022-10-10 14:33:47.275  INFO 4460 --- [    Test worker] p6spy                                    : #1665380027275 | took 0ms | statement | connection 24| url jdbc:h2:mem:ad3a9e80-f26d-4a3e-9691-17f803db5723
insert into score (facility_rank, facility_score, price_rank, price_score, rank_average, surround_rank, surround_score, view_rank, view_score, score_id) values (?, ?, ?, ?, ?, ?, ?, ?, ?, ?)
insert into score (facility_rank, facility_score, price_rank, price_score, rank_average, surround_rank, surround_score, view_rank, view_score, score_id) values (3.8070290368481876, 6.334467983793829, 1.2487272618999912, 1.527853739048931, 9.874008022721664, 5.801454020026067, 7.512202787092088, 6.679214182138641, 3.287107276736474, 497);
2022-10-10 14:33:47.275  INFO 4460 --- [    Test worker] p6spy                                    : #1665380027275 | took 0ms | statement | connection 24| url jdbc:h2:mem:ad3a9e80-f26d-4a3e-9691-17f803db5723
insert into picture (spot_id, url, picture_id) values (?, ?, ?)
insert into picture (spot_id, url, picture_id) values (NULL, 'java.io.StringReader@123d7a08', 2041);
2022-10-10 14:33:47.275  INFO 4460 --- [    Test worker] p6spy                                    : #1665380027275 | took 0ms | statement | connection 24| url jdbc:h2:mem:ad3a9e80-f26d-4a3e-9691-17f803db5723
insert into picture (spot_id, url, picture_id) values (?, ?, ?)
insert into picture (spot_id, url, picture_id) values (NULL, 'java.io.StringReader@31fcd2e3', 2042);
2022-10-10 14:33:47.275  INFO 4460 --- [    Test worker] p6spy                                    : #1665380027275 | took 0ms | statement | connection 24| url jdbc:h2:mem:ad3a9e80-f26d-4a3e-9691-17f803db5723
insert into picture (spot_id, url, picture_id) values (?, ?, ?)
insert into picture (spot_id, url, picture_id) values (NULL, 'java.io.StringReader@27d45d8', 2043);
2022-10-10 14:33:47.275  INFO 4460 --- [    Test worker] p6spy                                    : #1665380027275 | took 0ms | statement | connection 24| url jdbc:h2:mem:ad3a9e80-f26d-4a3e-9691-17f803db5723
insert into spot (address, description, location, name, score_id, spot_id) values (?, ?, ?, ?, ?, ?)
insert into spot (address, description, location, name, score_id, spot_id) values (NULL, NULL, 'Andeok_myeon', NULL, 497, 563);
2022-10-10 14:33:47.275  INFO 4460 --- [    Test worker] p6spy                                    : #1665380027275 | took 0ms | statement | connection 24| url jdbc:h2:mem:ad3a9e80-f26d-4a3e-9691-17f803db5723
insert into member_spot (member_id, score, spot_id, member_spot_id) values (?, ?, ?, ?)
insert into member_spot (member_id, score, spot_id, member_spot_id) values (16, 0.0, 563, 2044);
2022-10-10 14:33:47.275  INFO 4460 --- [    Test worker] p6spy                                    : #1665380027275 | took 0ms | statement | connection 24| url jdbc:h2:mem:ad3a9e80-f26d-4a3e-9691-17f803db5723
insert into review (content, spot_id, review_id) values (?, ?, ?)
insert into review (content, spot_id, review_id) values ('java.io.StringReader@635fd09', 469, 499);
2022-10-10 14:33:47.275  INFO 4460 --- [    Test worker] p6spy                                    : #1665380027275 | took 0ms | statement | connection 24| url jdbc:h2:mem:ad3a9e80-f26d-4a3e-9691-17f803db5723
insert into favorite_spot (count, favorite_id, spot_id, favorite_spot_id) values (?, ?, ?, ?)
insert into favorite_spot (count, favorite_id, spot_id, favorite_spot_id) values (0, 38, 563, 418);
2022-10-10 14:33:47.275  INFO 4460 --- [    Test worker] p6spy                                    : #1665380027275 | took 0ms | statement | connection 24| url jdbc:h2:mem:ad3a9e80-f26d-4a3e-9691-17f803db5723
insert into score (facility_rank, facility_score, price_rank, price_score, rank_average, surround_rank, surround_score, view_rank, view_score, score_id) values (?, ?, ?, ?, ?, ?, ?, ?, ?, ?)
insert into score (facility_rank, facility_score, price_rank, price_score, rank_average, surround_rank, surround_score, view_rank, view_score, score_id) values (1.0919831962799698, 6.721048829553058, 9.123140112551853, 0.3095707822410332, 5.331688697930516, 3.780202531258574, 2.637981613102749, 0.3777146926790731, 5.832274636343515, 498);
2022-10-10 14:33:47.275  INFO 4460 --- [    Test worker] p6spy                                    : #1665380027275 | took 0ms | statement | connection 24| url jdbc:h2:mem:ad3a9e80-f26d-4a3e-9691-17f803db5723
insert into picture (spot_id, url, picture_id) values (?, ?, ?)
insert into picture (spot_id, url, picture_id) values (NULL, 'java.io.StringReader@15e1af9f', 2045);
2022-10-10 14:33:47.275  INFO 4460 --- [    Test worker] p6spy                                    : #1665380027275 | took 0ms | statement | connection 24| url jdbc:h2:mem:ad3a9e80-f26d-4a3e-9691-17f803db5723
insert into picture (spot_id, url, picture_id) values (?, ?, ?)
insert into picture (spot_id, url, picture_id) values (NULL, 'java.io.StringReader@1ada2d53', 2046);
2022-10-10 14:33:47.275  INFO 4460 --- [    Test worker] p6spy                                    : #1665380027275 | took 0ms | statement | connection 24| url jdbc:h2:mem:ad3a9e80-f26d-4a3e-9691-17f803db5723
insert into picture (spot_id, url, picture_id) values (?, ?, ?)
insert into picture (spot_id, url, picture_id) values (NULL, 'java.io.StringReader@26138f13', 2047);
2022-10-10 14:33:47.275  INFO 4460 --- [    Test worker] p6spy                                    : #1665380027275 | took 0ms | statement | connection 24| url jdbc:h2:mem:ad3a9e80-f26d-4a3e-9691-17f803db5723
insert into spot (address, description, location, name, score_id, spot_id) values (?, ?, ?, ?, ?, ?)
insert into spot (address, description, location, name, score_id, spot_id) values (NULL, NULL, 'Andeok_myeon', NULL, 498, 564);
2022-10-10 14:33:47.276  INFO 4460 --- [    Test worker] p6spy                                    : #1665380027276 | took 0ms | statement | connection 24| url jdbc:h2:mem:ad3a9e80-f26d-4a3e-9691-17f803db5723
insert into member_spot (member_id, score, spot_id, member_spot_id) values (?, ?, ?, ?)
insert into member_spot (member_id, score, spot_id, member_spot_id) values (16, 0.0, 564, 2048);
2022-10-10 14:33:47.276  INFO 4460 --- [    Test worker] p6spy                                    : #1665380027276 | took 0ms | statement | connection 24| url jdbc:h2:mem:ad3a9e80-f26d-4a3e-9691-17f803db5723
insert into review (content, spot_id, review_id) values (?, ?, ?)
insert into review (content, spot_id, review_id) values ('java.io.StringReader@37248e2f', 469, 500);
2022-10-10 14:33:47.276  INFO 4460 --- [    Test worker] p6spy                                    : #1665380027276 | took 0ms | statement | connection 24| url jdbc:h2:mem:ad3a9e80-f26d-4a3e-9691-17f803db5723
insert into score (facility_rank, facility_score, price_rank, price_score, rank_average, surround_rank, surround_score, view_rank, view_score, score_id) values (?, ?, ?, ?, ?, ?, ?, ?, ?, ?)
insert into score (facility_rank, facility_score, price_rank, price_score, rank_average, surround_rank, surround_score, view_rank, view_score, score_id) values (2.0407511393165114, 9.50623795642585, 2.449055510625887, 6.7297123758140796, 0.4702828103377821, 6.1194817793508935, 2.892085320354295, 5.464180837852766, 5.975670197909986, 499);
2022-10-10 14:33:47.276  INFO 4460 --- [    Test worker] p6spy                                    : #1665380027276 | took 0ms | statement | connection 24| url jdbc:h2:mem:ad3a9e80-f26d-4a3e-9691-17f803db5723
insert into picture (spot_id, url, picture_id) values (?, ?, ?)
insert into picture (spot_id, url, picture_id) values (NULL, 'java.io.StringReader@c8f98ba', 2049);
2022-10-10 14:33:47.276  INFO 4460 --- [    Test worker] p6spy                                    : #1665380027276 | took 0ms | statement | connection 24| url jdbc:h2:mem:ad3a9e80-f26d-4a3e-9691-17f803db5723
insert into picture (spot_id, url, picture_id) values (?, ?, ?)
insert into picture (spot_id, url, picture_id) values (NULL, 'java.io.StringReader@17947234', 2050);
2022-10-10 14:33:47.276  INFO 4460 --- [    Test worker] p6spy                                    : #1665380027276 | took 0ms | statement | connection 24| url jdbc:h2:mem:ad3a9e80-f26d-4a3e-9691-17f803db5723
insert into picture (spot_id, url, picture_id) values (?, ?, ?)
insert into picture (spot_id, url, picture_id) values (NULL, 'java.io.StringReader@3f5df8d', 2051);
2022-10-10 14:33:47.276  INFO 4460 --- [    Test worker] p6spy                                    : #1665380027276 | took 0ms | statement | connection 24| url jdbc:h2:mem:ad3a9e80-f26d-4a3e-9691-17f803db5723
insert into spot (address, description, location, name, score_id, spot_id) values (?, ?, ?, ?, ?, ?)
insert into spot (address, description, location, name, score_id, spot_id) values (NULL, NULL, 'Andeok_myeon', NULL, 499, 565);
2022-10-10 14:33:47.276  INFO 4460 --- [    Test worker] p6spy                                    : #1665380027276 | took 0ms | statement | connection 24| url jdbc:h2:mem:ad3a9e80-f26d-4a3e-9691-17f803db5723
insert into member_spot (member_id, score, spot_id, member_spot_id) values (?, ?, ?, ?)
insert into member_spot (member_id, score, spot_id, member_spot_id) values (16, 0.0, 565, 2052);
2022-10-10 14:33:47.276  INFO 4460 --- [    Test worker] p6spy                                    : #1665380027276 | took 0ms | statement | connection 24| url jdbc:h2:mem:ad3a9e80-f26d-4a3e-9691-17f803db5723
insert into review (content, spot_id, review_id) values (?, ?, ?)
insert into review (content, spot_id, review_id) values ('java.io.StringReader@51db219f', 469, 501);
2022-10-10 14:33:47.276  INFO 4460 --- [    Test worker] p6spy                                    : #1665380027276 | took 0ms | statement | connection 24| url jdbc:h2:mem:ad3a9e80-f26d-4a3e-9691-17f803db5723
insert into favorite_spot (count, favorite_id, spot_id, favorite_spot_id) values (?, ?, ?, ?)
insert into favorite_spot (count, favorite_id, spot_id, favorite_spot_id) values (0, 38, 565, 419);
2022-10-10 14:33:47.276  INFO 4460 --- [    Test worker] p6spy                                    : #1665380027276 | took 0ms | statement | connection 24| url jdbc:h2:mem:ad3a9e80-f26d-4a3e-9691-17f803db5723
insert into score (facility_rank, facility_score, price_rank, price_score, rank_average, surround_rank, surround_score, view_rank, view_score, score_id) values (?, ?, ?, ?, ?, ?, ?, ?, ?, ?)
insert into score (facility_rank, facility_score, price_rank, price_score, rank_average, surround_rank, surround_score, view_rank, view_score, score_id) values (8.355738772291513, 9.317080726559052, 3.8247980951560177, 5.272813111181777, 1.8207601639884752, 1.8036269253320003, 1.1735076598941707, 0.29543703272275845, 5.422769749125104, 500);
2022-10-10 14:33:47.276  INFO 4460 --- [    Test worker] p6spy                                    : #1665380027276 | took 0ms | statement | connection 24| url jdbc:h2:mem:ad3a9e80-f26d-4a3e-9691-17f803db5723
insert into picture (spot_id, url, picture_id) values (?, ?, ?)
insert into picture (spot_id, url, picture_id) values (NULL, 'java.io.StringReader@64db6fdb', 2053);
2022-10-10 14:33:47.276  INFO 4460 --- [    Test worker] p6spy                                    : #1665380027276 | took 0ms | statement | connection 24| url jdbc:h2:mem:ad3a9e80-f26d-4a3e-9691-17f803db5723
insert into picture (spot_id, url, picture_id) values (?, ?, ?)
insert into picture (spot_id, url, picture_id) values (NULL, 'java.io.StringReader@5bbeb572', 2054);
2022-10-10 14:33:47.276  INFO 4460 --- [    Test worker] p6spy                                    : #1665380027276 | took 0ms | statement | connection 24| url jdbc:h2:mem:ad3a9e80-f26d-4a3e-9691-17f803db5723
insert into picture (spot_id, url, picture_id) values (?, ?, ?)
insert into picture (spot_id, url, picture_id) values (NULL, 'java.io.StringReader@6d51e2d', 2055);
2022-10-10 14:33:47.276  INFO 4460 --- [    Test worker] p6spy                                    : #1665380027276 | took 0ms | statement | connection 24| url jdbc:h2:mem:ad3a9e80-f26d-4a3e-9691-17f803db5723
insert into spot (address, description, location, name, score_id, spot_id) values (?, ?, ?, ?, ?, ?)
insert into spot (address, description, location, name, score_id, spot_id) values (NULL, NULL, 'Andeok_myeon', NULL, 500, 566);
2022-10-10 14:33:47.276  INFO 4460 --- [    Test worker] p6spy                                    : #1665380027276 | took 0ms | statement | connection 24| url jdbc:h2:mem:ad3a9e80-f26d-4a3e-9691-17f803db5723
insert into member_spot (member_id, score, spot_id, member_spot_id) values (?, ?, ?, ?)
insert into member_spot (member_id, score, spot_id, member_spot_id) values (16, 0.0, 566, 2056);
2022-10-10 14:33:47.276  INFO 4460 --- [    Test worker] p6spy                                    : #1665380027276 | took 0ms | statement | connection 24| url jdbc:h2:mem:ad3a9e80-f26d-4a3e-9691-17f803db5723
insert into review (content, spot_id, review_id) values (?, ?, ?)
insert into review (content, spot_id, review_id) values ('java.io.StringReader@2c549f19', 469, 502);
2022-10-10 14:33:47.276  INFO 4460 --- [    Test worker] p6spy                                    : #1665380027276 | took 0ms | statement | connection 24| url jdbc:h2:mem:ad3a9e80-f26d-4a3e-9691-17f803db5723
insert into score (facility_rank, facility_score, price_rank, price_score, rank_average, surround_rank, surround_score, view_rank, view_score, score_id) values (?, ?, ?, ?, ?, ?, ?, ?, ?, ?)
insert into score (facility_rank, facility_score, price_rank, price_score, rank_average, surround_rank, surround_score, view_rank, view_score, score_id) values (8.063547094867431, 6.709710343874845, 5.643632311757551, 9.6268377778552, 8.11452545118304, 0.8415696914322024, 2.680280376348878, 0.825968564974271, 5.694354295738861, 501);
2022-10-10 14:33:47.276  INFO 4460 --- [    Test worker] p6spy                                    : #1665380027276 | took 0ms | statement | connection 24| url jdbc:h2:mem:ad3a9e80-f26d-4a3e-9691-17f803db5723
insert into picture (spot_id, url, picture_id) values (?, ?, ?)
insert into picture (spot_id, url, picture_id) values (NULL, 'java.io.StringReader@508b4121', 2057);
2022-10-10 14:33:47.276  INFO 4460 --- [    Test worker] p6spy                                    : #1665380027276 | took 0ms | statement | connection 24| url jdbc:h2:mem:ad3a9e80-f26d-4a3e-9691-17f803db5723
insert into picture (spot_id, url, picture_id) values (?, ?, ?)
insert into picture (spot_id, url, picture_id) values (NULL, 'java.io.StringReader@559207b2', 2058);
2022-10-10 14:33:47.276  INFO 4460 --- [    Test worker] p6spy                                    : #1665380027276 | took 0ms | statement | connection 24| url jdbc:h2:mem:ad3a9e80-f26d-4a3e-9691-17f803db5723
insert into picture (spot_id, url, picture_id) values (?, ?, ?)
insert into picture (spot_id, url, picture_id) values (NULL, 'java.io.StringReader@78c6917', 2059);
2022-10-10 14:33:47.276  INFO 4460 --- [    Test worker] p6spy                                    : #1665380027276 | took 0ms | statement | connection 24| url jdbc:h2:mem:ad3a9e80-f26d-4a3e-9691-17f803db5723
insert into spot (address, description, location, name, score_id, spot_id) values (?, ?, ?, ?, ?, ?)
insert into spot (address, description, location, name, score_id, spot_id) values (NULL, NULL, 'Andeok_myeon', NULL, 501, 567);
2022-10-10 14:33:47.276  INFO 4460 --- [    Test worker] p6spy                                    : #1665380027276 | took 0ms | statement | connection 24| url jdbc:h2:mem:ad3a9e80-f26d-4a3e-9691-17f803db5723
insert into member_spot (member_id, score, spot_id, member_spot_id) values (?, ?, ?, ?)
insert into member_spot (member_id, score, spot_id, member_spot_id) values (16, 0.0, 567, 2060);
2022-10-10 14:33:47.276  INFO 4460 --- [    Test worker] p6spy                                    : #1665380027276 | took 0ms | statement | connection 24| url jdbc:h2:mem:ad3a9e80-f26d-4a3e-9691-17f803db5723
insert into review (content, spot_id, review_id) values (?, ?, ?)
insert into review (content, spot_id, review_id) values ('java.io.StringReader@5fa8a0b4', 469, 503);
2022-10-10 14:33:47.276  INFO 4460 --- [    Test worker] p6spy                                    : #1665380027276 | took 0ms | statement | connection 24| url jdbc:h2:mem:ad3a9e80-f26d-4a3e-9691-17f803db5723
insert into favorite_spot (count, favorite_id, spot_id, favorite_spot_id) values (?, ?, ?, ?)
insert into favorite_spot (count, favorite_id, spot_id, favorite_spot_id) values (0, 38, 567, 420);
2022-10-10 14:33:47.276  INFO 4460 --- [    Test worker] p6spy                                    : #1665380027276 | took 0ms | statement | connection 24| url jdbc:h2:mem:ad3a9e80-f26d-4a3e-9691-17f803db5723
insert into score (facility_rank, facility_score, price_rank, price_score, rank_average, surround_rank, surround_score, view_rank, view_score, score_id) values (?, ?, ?, ?, ?, ?, ?, ?, ?, ?)
insert into score (facility_rank, facility_score, price_rank, price_score, rank_average, surround_rank, surround_score, view_rank, view_score, score_id) values (3.7671598599240177, 7.502566309521594, 1.3687710313964263, 6.841769077163914, 9.90103590816494, 6.142325475448843, 0.39837111712630824, 6.456244250600886, 2.0587429241780186, 502);
2022-10-10 14:33:47.276  INFO 4460 --- [    Test worker] p6spy                                    : #1665380027276 | took 0ms | statement | connection 24| url jdbc:h2:mem:ad3a9e80-f26d-4a3e-9691-17f803db5723
insert into picture (spot_id, url, picture_id) values (?, ?, ?)
insert into picture (spot_id, url, picture_id) values (NULL, 'java.io.StringReader@efd99f3', 2061);
2022-10-10 14:33:47.276  INFO 4460 --- [    Test worker] p6spy                                    : #1665380027276 | took 0ms | statement | connection 24| url jdbc:h2:mem:ad3a9e80-f26d-4a3e-9691-17f803db5723
insert into picture (spot_id, url, picture_id) values (?, ?, ?)
insert into picture (spot_id, url, picture_id) values (NULL, 'java.io.StringReader@1219dfb1', 2062);
2022-10-10 14:33:47.276  INFO 4460 --- [    Test worker] p6spy                                    : #1665380027276 | took 0ms | statement | connection 24| url jdbc:h2:mem:ad3a9e80-f26d-4a3e-9691-17f803db5723
insert into picture (spot_id, url, picture_id) values (?, ?, ?)
insert into picture (spot_id, url, picture_id) values (NULL, 'java.io.StringReader@7a8495a', 2063);
2022-10-10 14:33:47.276  INFO 4460 --- [    Test worker] p6spy                                    : #1665380027276 | took 0ms | statement | connection 24| url jdbc:h2:mem:ad3a9e80-f26d-4a3e-9691-17f803db5723
insert into spot (address, description, location, name, score_id, spot_id) values (?, ?, ?, ?, ?, ?)
insert into spot (address, description, location, name, score_id, spot_id) values (NULL, NULL, 'Andeok_myeon', NULL, 502, 568);
2022-10-10 14:33:47.276  INFO 4460 --- [    Test worker] p6spy                                    : #1665380027276 | took 0ms | statement | connection 24| url jdbc:h2:mem:ad3a9e80-f26d-4a3e-9691-17f803db5723
insert into member_spot (member_id, score, spot_id, member_spot_id) values (?, ?, ?, ?)
insert into member_spot (member_id, score, spot_id, member_spot_id) values (16, 0.0, 568, 2064);
2022-10-10 14:33:47.276  INFO 4460 --- [    Test worker] p6spy                                    : #1665380027276 | took 0ms | statement | connection 24| url jdbc:h2:mem:ad3a9e80-f26d-4a3e-9691-17f803db5723
insert into review (content, spot_id, review_id) values (?, ?, ?)
insert into review (content, spot_id, review_id) values ('java.io.StringReader@4d22b399', 469, 504);
2022-10-10 14:33:47.277  INFO 4460 --- [    Test worker] p6spy                                    : #1665380027277 | took 0ms | statement | connection 24| url jdbc:h2:mem:ad3a9e80-f26d-4a3e-9691-17f803db5723
update picture set spot_id=?, url=? where picture_id=?
update picture set spot_id=469, url='java.io.StringReader@2b463a42' where picture_id=1665;
2022-10-10 14:33:47.277  INFO 4460 --- [    Test worker] p6spy                                    : #1665380027277 | took 0ms | statement | connection 24| url jdbc:h2:mem:ad3a9e80-f26d-4a3e-9691-17f803db5723
update picture set spot_id=?, url=? where picture_id=?
update picture set spot_id=469, url='java.io.StringReader@541dd65d' where picture_id=1666;
2022-10-10 14:33:47.277  INFO 4460 --- [    Test worker] p6spy                                    : #1665380027277 | took 0ms | statement | connection 24| url jdbc:h2:mem:ad3a9e80-f26d-4a3e-9691-17f803db5723
update picture set spot_id=?, url=? where picture_id=?
update picture set spot_id=469, url='java.io.StringReader@183a3ab9' where picture_id=1667;
2022-10-10 14:33:47.277  INFO 4460 --- [    Test worker] p6spy                                    : #1665380027277 | took 0ms | statement | connection 24| url jdbc:h2:mem:ad3a9e80-f26d-4a3e-9691-17f803db5723
update picture set spot_id=?, url=? where picture_id=?
update picture set spot_id=470, url='java.io.StringReader@5e4a40d8' where picture_id=1669;
2022-10-10 14:33:47.277  INFO 4460 --- [    Test worker] p6spy                                    : #1665380027277 | took 0ms | statement | connection 24| url jdbc:h2:mem:ad3a9e80-f26d-4a3e-9691-17f803db5723
update picture set spot_id=?, url=? where picture_id=?
update picture set spot_id=470, url='java.io.StringReader@4231001a' where picture_id=1670;
2022-10-10 14:33:47.277  INFO 4460 --- [    Test worker] p6spy                                    : #1665380027277 | took 0ms | statement | connection 24| url jdbc:h2:mem:ad3a9e80-f26d-4a3e-9691-17f803db5723
update picture set spot_id=?, url=? where picture_id=?
update picture set spot_id=470, url='java.io.StringReader@54b1e78a' where picture_id=1671;
2022-10-10 14:33:47.277  INFO 4460 --- [    Test worker] p6spy                                    : #1665380027277 | took 0ms | statement | connection 24| url jdbc:h2:mem:ad3a9e80-f26d-4a3e-9691-17f803db5723
update picture set spot_id=?, url=? where picture_id=?
update picture set spot_id=471, url='java.io.StringReader@2dd008cb' where picture_id=1673;
2022-10-10 14:33:47.277  INFO 4460 --- [    Test worker] p6spy                                    : #1665380027277 | took 0ms | statement | connection 24| url jdbc:h2:mem:ad3a9e80-f26d-4a3e-9691-17f803db5723
update picture set spot_id=?, url=? where picture_id=?
update picture set spot_id=471, url='java.io.StringReader@3779df1c' where picture_id=1674;
2022-10-10 14:33:47.277  INFO 4460 --- [    Test worker] p6spy                                    : #1665380027277 | took 0ms | statement | connection 24| url jdbc:h2:mem:ad3a9e80-f26d-4a3e-9691-17f803db5723
update picture set spot_id=?, url=? where picture_id=?
update picture set spot_id=471, url='java.io.StringReader@564a9c89' where picture_id=1675;
2022-10-10 14:33:47.277  INFO 4460 --- [    Test worker] p6spy                                    : #1665380027277 | took 0ms | statement | connection 24| url jdbc:h2:mem:ad3a9e80-f26d-4a3e-9691-17f803db5723
update picture set spot_id=?, url=? where picture_id=?
update picture set spot_id=472, url='java.io.StringReader@3123dfb3' where picture_id=1677;
2022-10-10 14:33:47.277  INFO 4460 --- [    Test worker] p6spy                                    : #1665380027277 | took 0ms | statement | connection 24| url jdbc:h2:mem:ad3a9e80-f26d-4a3e-9691-17f803db5723
update picture set spot_id=?, url=? where picture_id=?
update picture set spot_id=472, url='java.io.StringReader@cd7dee8' where picture_id=1678;
2022-10-10 14:33:47.277  INFO 4460 --- [    Test worker] p6spy                                    : #1665380027277 | took 0ms | statement | connection 24| url jdbc:h2:mem:ad3a9e80-f26d-4a3e-9691-17f803db5723
update picture set spot_id=?, url=? where picture_id=?
update picture set spot_id=472, url='java.io.StringReader@3d30d302' where picture_id=1679;
2022-10-10 14:33:47.277  INFO 4460 --- [    Test worker] p6spy                                    : #1665380027277 | took 0ms | statement | connection 24| url jdbc:h2:mem:ad3a9e80-f26d-4a3e-9691-17f803db5723
update picture set spot_id=?, url=? where picture_id=?
update picture set spot_id=473, url='java.io.StringReader@75371622' where picture_id=1681;
2022-10-10 14:33:47.277  INFO 4460 --- [    Test worker] p6spy                                    : #1665380027277 | took 0ms | statement | connection 24| url jdbc:h2:mem:ad3a9e80-f26d-4a3e-9691-17f803db5723
update picture set spot_id=?, url=? where picture_id=?
update picture set spot_id=473, url='java.io.StringReader@490e8b4e' where picture_id=1682;
2022-10-10 14:33:47.277  INFO 4460 --- [    Test worker] p6spy                                    : #1665380027277 | took 0ms | statement | connection 24| url jdbc:h2:mem:ad3a9e80-f26d-4a3e-9691-17f803db5723
update picture set spot_id=?, url=? where picture_id=?
update picture set spot_id=473, url='java.io.StringReader@119a7fd2' where picture_id=1683;
2022-10-10 14:33:47.277  INFO 4460 --- [    Test worker] p6spy                                    : #1665380027277 | took 0ms | statement | connection 24| url jdbc:h2:mem:ad3a9e80-f26d-4a3e-9691-17f803db5723
update picture set spot_id=?, url=? where picture_id=?
update picture set spot_id=474, url='java.io.StringReader@77397cfa' where picture_id=1685;
2022-10-10 14:33:47.277  INFO 4460 --- [    Test worker] p6spy                                    : #1665380027277 | took 0ms | statement | connection 24| url jdbc:h2:mem:ad3a9e80-f26d-4a3e-9691-17f803db5723
update picture set spot_id=?, url=? where picture_id=?
update picture set spot_id=474, url='java.io.StringReader@2e0c2e84' where picture_id=1686;
2022-10-10 14:33:47.277  INFO 4460 --- [    Test worker] p6spy                                    : #1665380027277 | took 0ms | statement | connection 24| url jdbc:h2:mem:ad3a9e80-f26d-4a3e-9691-17f803db5723
update picture set spot_id=?, url=? where picture_id=?
update picture set spot_id=474, url='java.io.StringReader@f915ab3' where picture_id=1687;
2022-10-10 14:33:47.277  INFO 4460 --- [    Test worker] p6spy                                    : #1665380027277 | took 0ms | statement | connection 24| url jdbc:h2:mem:ad3a9e80-f26d-4a3e-9691-17f803db5723
update picture set spot_id=?, url=? where picture_id=?
update picture set spot_id=475, url='java.io.StringReader@6cfcd230' where picture_id=1689;
2022-10-10 14:33:47.277  INFO 4460 --- [    Test worker] p6spy                                    : #1665380027277 | took 0ms | statement | connection 24| url jdbc:h2:mem:ad3a9e80-f26d-4a3e-9691-17f803db5723
update picture set spot_id=?, url=? where picture_id=?
update picture set spot_id=475, url='java.io.StringReader@6247c5e8' where picture_id=1690;
2022-10-10 14:33:47.277  INFO 4460 --- [    Test worker] p6spy                                    : #1665380027277 | took 0ms | statement | connection 24| url jdbc:h2:mem:ad3a9e80-f26d-4a3e-9691-17f803db5723
update picture set spot_id=?, url=? where picture_id=?
update picture set spot_id=475, url='java.io.StringReader@326b9b05' where picture_id=1691;
2022-10-10 14:33:47.277  INFO 4460 --- [    Test worker] p6spy                                    : #1665380027277 | took 0ms | statement | connection 24| url jdbc:h2:mem:ad3a9e80-f26d-4a3e-9691-17f803db5723
update picture set spot_id=?, url=? where picture_id=?
update picture set spot_id=476, url='java.io.StringReader@1c06d3b6' where picture_id=1693;
2022-10-10 14:33:47.277  INFO 4460 --- [    Test worker] p6spy                                    : #1665380027277 | took 0ms | statement | connection 24| url jdbc:h2:mem:ad3a9e80-f26d-4a3e-9691-17f803db5723
update picture set spot_id=?, url=? where picture_id=?
update picture set spot_id=476, url='java.io.StringReader@3fa9893' where picture_id=1694;
2022-10-10 14:33:47.277  INFO 4460 --- [    Test worker] p6spy                                    : #1665380027277 | took 0ms | statement | connection 24| url jdbc:h2:mem:ad3a9e80-f26d-4a3e-9691-17f803db5723
update picture set spot_id=?, url=? where picture_id=?
update picture set spot_id=476, url='java.io.StringReader@2dfafe6f' where picture_id=1695;
2022-10-10 14:33:47.277  INFO 4460 --- [    Test worker] p6spy                                    : #1665380027277 | took 0ms | statement | connection 24| url jdbc:h2:mem:ad3a9e80-f26d-4a3e-9691-17f803db5723
update picture set spot_id=?, url=? where picture_id=?
update picture set spot_id=477, url='java.io.StringReader@18bcbb4a' where picture_id=1697;
2022-10-10 14:33:47.277  INFO 4460 --- [    Test worker] p6spy                                    : #1665380027277 | took 0ms | statement | connection 24| url jdbc:h2:mem:ad3a9e80-f26d-4a3e-9691-17f803db5723
update picture set spot_id=?, url=? where picture_id=?
update picture set spot_id=477, url='java.io.StringReader@4e119850' where picture_id=1698;
2022-10-10 14:33:47.278  INFO 4460 --- [    Test worker] p6spy                                    : #1665380027278 | took 0ms | statement | connection 24| url jdbc:h2:mem:ad3a9e80-f26d-4a3e-9691-17f803db5723
update picture set spot_id=?, url=? where picture_id=?
update picture set spot_id=477, url='java.io.StringReader@69b1313' where picture_id=1699;
2022-10-10 14:33:47.278  INFO 4460 --- [    Test worker] p6spy                                    : #1665380027278 | took 0ms | statement | connection 24| url jdbc:h2:mem:ad3a9e80-f26d-4a3e-9691-17f803db5723
update picture set spot_id=?, url=? where picture_id=?
update picture set spot_id=478, url='java.io.StringReader@752f0fa6' where picture_id=1701;
2022-10-10 14:33:47.278  INFO 4460 --- [    Test worker] p6spy                                    : #1665380027278 | took 0ms | statement | connection 24| url jdbc:h2:mem:ad3a9e80-f26d-4a3e-9691-17f803db5723
update picture set spot_id=?, url=? where picture_id=?
update picture set spot_id=478, url='java.io.StringReader@51c6e209' where picture_id=1702;
2022-10-10 14:33:47.278  INFO 4460 --- [    Test worker] p6spy                                    : #1665380027278 | took 0ms | statement | connection 24| url jdbc:h2:mem:ad3a9e80-f26d-4a3e-9691-17f803db5723
update picture set spot_id=?, url=? where picture_id=?
update picture set spot_id=478, url='java.io.StringReader@4a41fcbd' where picture_id=1703;
2022-10-10 14:33:47.278  INFO 4460 --- [    Test worker] p6spy                                    : #1665380027278 | took 0ms | statement | connection 24| url jdbc:h2:mem:ad3a9e80-f26d-4a3e-9691-17f803db5723
update picture set spot_id=?, url=? where picture_id=?
update picture set spot_id=479, url='java.io.StringReader@3b577a6a' where picture_id=1705;
2022-10-10 14:33:47.278  INFO 4460 --- [    Test worker] p6spy                                    : #1665380027278 | took 0ms | statement | connection 24| url jdbc:h2:mem:ad3a9e80-f26d-4a3e-9691-17f803db5723
update picture set spot_id=?, url=? where picture_id=?
update picture set spot_id=479, url='java.io.StringReader@229b9d2f' where picture_id=1706;
2022-10-10 14:33:47.278  INFO 4460 --- [    Test worker] p6spy                                    : #1665380027278 | took 0ms | statement | connection 24| url jdbc:h2:mem:ad3a9e80-f26d-4a3e-9691-17f803db5723
update picture set spot_id=?, url=? where picture_id=?
update picture set spot_id=479, url='java.io.StringReader@61fdb541' where picture_id=1707;
2022-10-10 14:33:47.278  INFO 4460 --- [    Test worker] p6spy                                    : #1665380027278 | took 0ms | statement | connection 24| url jdbc:h2:mem:ad3a9e80-f26d-4a3e-9691-17f803db5723
update picture set spot_id=?, url=? where picture_id=?
update picture set spot_id=480, url='java.io.StringReader@760d4b8' where picture_id=1709;
2022-10-10 14:33:47.278  INFO 4460 --- [    Test worker] p6spy                                    : #1665380027278 | took 0ms | statement | connection 24| url jdbc:h2:mem:ad3a9e80-f26d-4a3e-9691-17f803db5723
update picture set spot_id=?, url=? where picture_id=?
update picture set spot_id=480, url='java.io.StringReader@5ef85cc5' where picture_id=1710;
2022-10-10 14:33:47.278  INFO 4460 --- [    Test worker] p6spy                                    : #1665380027278 | took 0ms | statement | connection 24| url jdbc:h2:mem:ad3a9e80-f26d-4a3e-9691-17f803db5723
update picture set spot_id=?, url=? where picture_id=?
update picture set spot_id=480, url='java.io.StringReader@1e5192e4' where picture_id=1711;
2022-10-10 14:33:47.278  INFO 4460 --- [    Test worker] p6spy                                    : #1665380027278 | took 0ms | statement | connection 24| url jdbc:h2:mem:ad3a9e80-f26d-4a3e-9691-17f803db5723
update picture set spot_id=?, url=? where picture_id=?
update picture set spot_id=481, url='java.io.StringReader@7b597ad' where picture_id=1713;
2022-10-10 14:33:47.278  INFO 4460 --- [    Test worker] p6spy                                    : #1665380027278 | took 0ms | statement | connection 24| url jdbc:h2:mem:ad3a9e80-f26d-4a3e-9691-17f803db5723
update picture set spot_id=?, url=? where picture_id=?
update picture set spot_id=481, url='java.io.StringReader@23748430' where picture_id=1714;
2022-10-10 14:33:47.278  INFO 4460 --- [    Test worker] p6spy                                    : #1665380027278 | took 0ms | statement | connection 24| url jdbc:h2:mem:ad3a9e80-f26d-4a3e-9691-17f803db5723
update picture set spot_id=?, url=? where picture_id=?
update picture set spot_id=481, url='java.io.StringReader@6b9b4c19' where picture_id=1715;
2022-10-10 14:33:47.278  INFO 4460 --- [    Test worker] p6spy                                    : #1665380027278 | took 0ms | statement | connection 24| url jdbc:h2:mem:ad3a9e80-f26d-4a3e-9691-17f803db5723
update picture set spot_id=?, url=? where picture_id=?
update picture set spot_id=482, url='java.io.StringReader@37bedcdc' where picture_id=1717;
2022-10-10 14:33:47.278  INFO 4460 --- [    Test worker] p6spy                                    : #1665380027278 | took 0ms | statement | connection 24| url jdbc:h2:mem:ad3a9e80-f26d-4a3e-9691-17f803db5723
update picture set spot_id=?, url=? where picture_id=?
update picture set spot_id=482, url='java.io.StringReader@17057bb2' where picture_id=1718;
2022-10-10 14:33:47.278  INFO 4460 --- [    Test worker] p6spy                                    : #1665380027278 | took 0ms | statement | connection 24| url jdbc:h2:mem:ad3a9e80-f26d-4a3e-9691-17f803db5723
update picture set spot_id=?, url=? where picture_id=?
update picture set spot_id=482, url='java.io.StringReader@6625d4aa' where picture_id=1719;
2022-10-10 14:33:47.278  INFO 4460 --- [    Test worker] p6spy                                    : #1665380027278 | took 0ms | statement | connection 24| url jdbc:h2:mem:ad3a9e80-f26d-4a3e-9691-17f803db5723
update picture set spot_id=?, url=? where picture_id=?
update picture set spot_id=483, url='java.io.StringReader@30e691f8' where picture_id=1721;
2022-10-10 14:33:47.278  INFO 4460 --- [    Test worker] p6spy                                    : #1665380027278 | took 0ms | statement | connection 24| url jdbc:h2:mem:ad3a9e80-f26d-4a3e-9691-17f803db5723
update picture set spot_id=?, url=? where picture_id=?
update picture set spot_id=483, url='java.io.StringReader@50c92abd' where picture_id=1722;
2022-10-10 14:33:47.278  INFO 4460 --- [    Test worker] p6spy                                    : #1665380027278 | took 0ms | statement | connection 24| url jdbc:h2:mem:ad3a9e80-f26d-4a3e-9691-17f803db5723
update picture set spot_id=?, url=? where picture_id=?
update picture set spot_id=483, url='java.io.StringReader@5bb37371' where picture_id=1723;
2022-10-10 14:33:47.278  INFO 4460 --- [    Test worker] p6spy                                    : #1665380027278 | took 0ms | statement | connection 24| url jdbc:h2:mem:ad3a9e80-f26d-4a3e-9691-17f803db5723
update picture set spot_id=?, url=? where picture_id=?
update picture set spot_id=484, url='java.io.StringReader@4f36a9a8' where picture_id=1725;
2022-10-10 14:33:47.278  INFO 4460 --- [    Test worker] p6spy                                    : #1665380027278 | took 0ms | statement | connection 24| url jdbc:h2:mem:ad3a9e80-f26d-4a3e-9691-17f803db5723
update picture set spot_id=?, url=? where picture_id=?
update picture set spot_id=484, url='java.io.StringReader@6545b369' where picture_id=1726;
2022-10-10 14:33:47.278  INFO 4460 --- [    Test worker] p6spy                                    : #1665380027278 | took 0ms | statement | connection 24| url jdbc:h2:mem:ad3a9e80-f26d-4a3e-9691-17f803db5723
update picture set spot_id=?, url=? where picture_id=?
update picture set spot_id=484, url='java.io.StringReader@2aba7683' where picture_id=1727;
2022-10-10 14:33:47.278  INFO 4460 --- [    Test worker] p6spy                                    : #1665380027278 | took 0ms | statement | connection 24| url jdbc:h2:mem:ad3a9e80-f26d-4a3e-9691-17f803db5723
update picture set spot_id=?, url=? where picture_id=?
update picture set spot_id=485, url='java.io.StringReader@658e67e1' where picture_id=1729;
2022-10-10 14:33:47.278  INFO 4460 --- [    Test worker] p6spy                                    : #1665380027278 | took 0ms | statement | connection 24| url jdbc:h2:mem:ad3a9e80-f26d-4a3e-9691-17f803db5723
update picture set spot_id=?, url=? where picture_id=?
update picture set spot_id=485, url='java.io.StringReader@124fe962' where picture_id=1730;
2022-10-10 14:33:47.278  INFO 4460 --- [    Test worker] p6spy                                    : #1665380027278 | took 0ms | statement | connection 24| url jdbc:h2:mem:ad3a9e80-f26d-4a3e-9691-17f803db5723
update picture set spot_id=?, url=? where picture_id=?
update picture set spot_id=485, url='java.io.StringReader@f5d944d' where picture_id=1731;
2022-10-10 14:33:47.278  INFO 4460 --- [    Test worker] p6spy                                    : #1665380027278 | took 0ms | statement | connection 24| url jdbc:h2:mem:ad3a9e80-f26d-4a3e-9691-17f803db5723
update picture set spot_id=?, url=? where picture_id=?
update picture set spot_id=486, url='java.io.StringReader@5ca63fd8' where picture_id=1733;
2022-10-10 14:33:47.278  INFO 4460 --- [    Test worker] p6spy                                    : #1665380027278 | took 0ms | statement | connection 24| url jdbc:h2:mem:ad3a9e80-f26d-4a3e-9691-17f803db5723
update picture set spot_id=?, url=? where picture_id=?
update picture set spot_id=486, url='java.io.StringReader@7f7cd001' where picture_id=1734;
2022-10-10 14:33:47.278  INFO 4460 --- [    Test worker] p6spy                                    : #1665380027278 | took 0ms | statement | connection 24| url jdbc:h2:mem:ad3a9e80-f26d-4a3e-9691-17f803db5723
update picture set spot_id=?, url=? where picture_id=?
update picture set spot_id=486, url='java.io.StringReader@10f25b2' where picture_id=1735;
2022-10-10 14:33:47.279  INFO 4460 --- [    Test worker] p6spy                                    : #1665380027279 | took 0ms | statement | connection 24| url jdbc:h2:mem:ad3a9e80-f26d-4a3e-9691-17f803db5723
update picture set spot_id=?, url=? where picture_id=?
update picture set spot_id=487, url='java.io.StringReader@58cfd81' where picture_id=1737;
2022-10-10 14:33:47.279  INFO 4460 --- [    Test worker] p6spy                                    : #1665380027279 | took 0ms | statement | connection 24| url jdbc:h2:mem:ad3a9e80-f26d-4a3e-9691-17f803db5723
update picture set spot_id=?, url=? where picture_id=?
update picture set spot_id=487, url='java.io.StringReader@75b5bf8b' where picture_id=1738;
2022-10-10 14:33:47.279  INFO 4460 --- [    Test worker] p6spy                                    : #1665380027279 | took 0ms | statement | connection 24| url jdbc:h2:mem:ad3a9e80-f26d-4a3e-9691-17f803db5723
update picture set spot_id=?, url=? where picture_id=?
update picture set spot_id=487, url='java.io.StringReader@3f7ec3ff' where picture_id=1739;
2022-10-10 14:33:47.279  INFO 4460 --- [    Test worker] p6spy                                    : #1665380027279 | took 0ms | statement | connection 24| url jdbc:h2:mem:ad3a9e80-f26d-4a3e-9691-17f803db5723
update picture set spot_id=?, url=? where picture_id=?
update picture set spot_id=488, url='java.io.StringReader@4f092b49' where picture_id=1741;
2022-10-10 14:33:47.279  INFO 4460 --- [    Test worker] p6spy                                    : #1665380027279 | took 0ms | statement | connection 24| url jdbc:h2:mem:ad3a9e80-f26d-4a3e-9691-17f803db5723
update picture set spot_id=?, url=? where picture_id=?
update picture set spot_id=488, url='java.io.StringReader@449b847f' where picture_id=1742;
2022-10-10 14:33:47.279  INFO 4460 --- [    Test worker] p6spy                                    : #1665380027279 | took 0ms | statement | connection 24| url jdbc:h2:mem:ad3a9e80-f26d-4a3e-9691-17f803db5723
update picture set spot_id=?, url=? where picture_id=?
update picture set spot_id=488, url='java.io.StringReader@54937f92' where picture_id=1743;
2022-10-10 14:33:47.279  INFO 4460 --- [    Test worker] p6spy                                    : #1665380027279 | took 0ms | statement | connection 24| url jdbc:h2:mem:ad3a9e80-f26d-4a3e-9691-17f803db5723
update picture set spot_id=?, url=? where picture_id=?
update picture set spot_id=489, url='java.io.StringReader@61f2600a' where picture_id=1745;
2022-10-10 14:33:47.279  INFO 4460 --- [    Test worker] p6spy                                    : #1665380027279 | took 0ms | statement | connection 24| url jdbc:h2:mem:ad3a9e80-f26d-4a3e-9691-17f803db5723
update picture set spot_id=?, url=? where picture_id=?
update picture set spot_id=489, url='java.io.StringReader@85bfd98' where picture_id=1746;
2022-10-10 14:33:47.279  INFO 4460 --- [    Test worker] p6spy                                    : #1665380027279 | took 0ms | statement | connection 24| url jdbc:h2:mem:ad3a9e80-f26d-4a3e-9691-17f803db5723
update picture set spot_id=?, url=? where picture_id=?
update picture set spot_id=489, url='java.io.StringReader@1d27436e' where picture_id=1747;
2022-10-10 14:33:47.279  INFO 4460 --- [    Test worker] p6spy                                    : #1665380027279 | took 0ms | statement | connection 24| url jdbc:h2:mem:ad3a9e80-f26d-4a3e-9691-17f803db5723
update picture set spot_id=?, url=? where picture_id=?
update picture set spot_id=490, url='java.io.StringReader@6b250a96' where picture_id=1749;
2022-10-10 14:33:47.279  INFO 4460 --- [    Test worker] p6spy                                    : #1665380027279 | took 0ms | statement | connection 24| url jdbc:h2:mem:ad3a9e80-f26d-4a3e-9691-17f803db5723
update picture set spot_id=?, url=? where picture_id=?
update picture set spot_id=490, url='java.io.StringReader@ea6711' where picture_id=1750;
2022-10-10 14:33:47.279  INFO 4460 --- [    Test worker] p6spy                                    : #1665380027279 | took 0ms | statement | connection 24| url jdbc:h2:mem:ad3a9e80-f26d-4a3e-9691-17f803db5723
update picture set spot_id=?, url=? where picture_id=?
update picture set spot_id=490, url='java.io.StringReader@158047e6' where picture_id=1751;
2022-10-10 14:33:47.279  INFO 4460 --- [    Test worker] p6spy                                    : #1665380027279 | took 0ms | statement | connection 24| url jdbc:h2:mem:ad3a9e80-f26d-4a3e-9691-17f803db5723
update picture set spot_id=?, url=? where picture_id=?
update picture set spot_id=491, url='java.io.StringReader@18aa437d' where picture_id=1753;
2022-10-10 14:33:47.279  INFO 4460 --- [    Test worker] p6spy                                    : #1665380027279 | took 0ms | statement | connection 24| url jdbc:h2:mem:ad3a9e80-f26d-4a3e-9691-17f803db5723
update picture set spot_id=?, url=? where picture_id=?
update picture set spot_id=491, url='java.io.StringReader@b19ceae' where picture_id=1754;
2022-10-10 14:33:47.279  INFO 4460 --- [    Test worker] p6spy                                    : #1665380027279 | took 0ms | statement | connection 24| url jdbc:h2:mem:ad3a9e80-f26d-4a3e-9691-17f803db5723
update picture set spot_id=?, url=? where picture_id=?
update picture set spot_id=491, url='java.io.StringReader@5fbe35d6' where picture_id=1755;
2022-10-10 14:33:47.279  INFO 4460 --- [    Test worker] p6spy                                    : #1665380027279 | took 0ms | statement | connection 24| url jdbc:h2:mem:ad3a9e80-f26d-4a3e-9691-17f803db5723
update picture set spot_id=?, url=? where picture_id=?
update picture set spot_id=492, url='java.io.StringReader@18880c28' where picture_id=1757;
2022-10-10 14:33:47.279  INFO 4460 --- [    Test worker] p6spy                                    : #1665380027279 | took 0ms | statement | connection 24| url jdbc:h2:mem:ad3a9e80-f26d-4a3e-9691-17f803db5723
update picture set spot_id=?, url=? where picture_id=?
update picture set spot_id=492, url='java.io.StringReader@94ae80e' where picture_id=1758;
2022-10-10 14:33:47.279  INFO 4460 --- [    Test worker] p6spy                                    : #1665380027279 | took 0ms | statement | connection 24| url jdbc:h2:mem:ad3a9e80-f26d-4a3e-9691-17f803db5723
update picture set spot_id=?, url=? where picture_id=?
update picture set spot_id=492, url='java.io.StringReader@16748627' where picture_id=1759;
2022-10-10 14:33:47.279  INFO 4460 --- [    Test worker] p6spy                                    : #1665380027279 | took 0ms | statement | connection 24| url jdbc:h2:mem:ad3a9e80-f26d-4a3e-9691-17f803db5723
update picture set spot_id=?, url=? where picture_id=?
update picture set spot_id=493, url='java.io.StringReader@649dfff8' where picture_id=1761;
2022-10-10 14:33:47.279  INFO 4460 --- [    Test worker] p6spy                                    : #1665380027279 | took 0ms | statement | connection 24| url jdbc:h2:mem:ad3a9e80-f26d-4a3e-9691-17f803db5723
update picture set spot_id=?, url=? where picture_id=?
update picture set spot_id=493, url='java.io.StringReader@37dac32' where picture_id=1762;
2022-10-10 14:33:47.279  INFO 4460 --- [    Test worker] p6spy                                    : #1665380027279 | took 0ms | statement | connection 24| url jdbc:h2:mem:ad3a9e80-f26d-4a3e-9691-17f803db5723
update picture set spot_id=?, url=? where picture_id=?
update picture set spot_id=493, url='java.io.StringReader@3f23921f' where picture_id=1763;
2022-10-10 14:33:47.279  INFO 4460 --- [    Test worker] p6spy                                    : #1665380027279 | took 0ms | statement | connection 24| url jdbc:h2:mem:ad3a9e80-f26d-4a3e-9691-17f803db5723
update picture set spot_id=?, url=? where picture_id=?
update picture set spot_id=494, url='java.io.StringReader@50c54df7' where picture_id=1765;
2022-10-10 14:33:47.279  INFO 4460 --- [    Test worker] p6spy                                    : #1665380027279 | took 0ms | statement | connection 24| url jdbc:h2:mem:ad3a9e80-f26d-4a3e-9691-17f803db5723
update picture set spot_id=?, url=? where picture_id=?
update picture set spot_id=494, url='java.io.StringReader@59ca58e2' where picture_id=1766;
2022-10-10 14:33:47.279  INFO 4460 --- [    Test worker] p6spy                                    : #1665380027279 | took 0ms | statement | connection 24| url jdbc:h2:mem:ad3a9e80-f26d-4a3e-9691-17f803db5723
update picture set spot_id=?, url=? where picture_id=?
update picture set spot_id=494, url='java.io.StringReader@5b4932c8' where picture_id=1767;
2022-10-10 14:33:47.279  INFO 4460 --- [    Test worker] p6spy                                    : #1665380027279 | took 0ms | statement | connection 24| url jdbc:h2:mem:ad3a9e80-f26d-4a3e-9691-17f803db5723
update picture set spot_id=?, url=? where picture_id=?
update picture set spot_id=495, url='java.io.StringReader@38fd32ff' where picture_id=1769;
2022-10-10 14:33:47.279  INFO 4460 --- [    Test worker] p6spy                                    : #1665380027279 | took 0ms | statement | connection 24| url jdbc:h2:mem:ad3a9e80-f26d-4a3e-9691-17f803db5723
update picture set spot_id=?, url=? where picture_id=?
update picture set spot_id=495, url='java.io.StringReader@b0b2537' where picture_id=1770;
2022-10-10 14:33:47.280  INFO 4460 --- [    Test worker] p6spy                                    : #1665380027280 | took 0ms | statement | connection 24| url jdbc:h2:mem:ad3a9e80-f26d-4a3e-9691-17f803db5723
update picture set spot_id=?, url=? where picture_id=?
update picture set spot_id=495, url='java.io.StringReader@43eef8cb' where picture_id=1771;
2022-10-10 14:33:47.280  INFO 4460 --- [    Test worker] p6spy                                    : #1665380027280 | took 0ms | statement | connection 24| url jdbc:h2:mem:ad3a9e80-f26d-4a3e-9691-17f803db5723
update picture set spot_id=?, url=? where picture_id=?
update picture set spot_id=496, url='java.io.StringReader@43e7d819' where picture_id=1773;
2022-10-10 14:33:47.280  INFO 4460 --- [    Test worker] p6spy                                    : #1665380027280 | took 0ms | statement | connection 24| url jdbc:h2:mem:ad3a9e80-f26d-4a3e-9691-17f803db5723
update picture set spot_id=?, url=? where picture_id=?
update picture set spot_id=496, url='java.io.StringReader@671fb1fd' where picture_id=1774;
2022-10-10 14:33:47.280  INFO 4460 --- [    Test worker] p6spy                                    : #1665380027280 | took 0ms | statement | connection 24| url jdbc:h2:mem:ad3a9e80-f26d-4a3e-9691-17f803db5723
update picture set spot_id=?, url=? where picture_id=?
update picture set spot_id=496, url='java.io.StringReader@1839a424' where picture_id=1775;
2022-10-10 14:33:47.280  INFO 4460 --- [    Test worker] p6spy                                    : #1665380027280 | took 0ms | statement | connection 24| url jdbc:h2:mem:ad3a9e80-f26d-4a3e-9691-17f803db5723
update picture set spot_id=?, url=? where picture_id=?
update picture set spot_id=497, url='java.io.StringReader@7668bf01' where picture_id=1777;
2022-10-10 14:33:47.280  INFO 4460 --- [    Test worker] p6spy                                    : #1665380027280 | took 0ms | statement | connection 24| url jdbc:h2:mem:ad3a9e80-f26d-4a3e-9691-17f803db5723
update picture set spot_id=?, url=? where picture_id=?
update picture set spot_id=497, url='java.io.StringReader@68d69ba2' where picture_id=1778;
2022-10-10 14:33:47.280  INFO 4460 --- [    Test worker] p6spy                                    : #1665380027280 | took 0ms | statement | connection 24| url jdbc:h2:mem:ad3a9e80-f26d-4a3e-9691-17f803db5723
update picture set spot_id=?, url=? where picture_id=?
update picture set spot_id=497, url='java.io.StringReader@1c1dbaff' where picture_id=1779;
2022-10-10 14:33:47.280  INFO 4460 --- [    Test worker] p6spy                                    : #1665380027280 | took 0ms | statement | connection 24| url jdbc:h2:mem:ad3a9e80-f26d-4a3e-9691-17f803db5723
update picture set spot_id=?, url=? where picture_id=?
update picture set spot_id=498, url='java.io.StringReader@38cab2f5' where picture_id=1781;
2022-10-10 14:33:47.280  INFO 4460 --- [    Test worker] p6spy                                    : #1665380027280 | took 0ms | statement | connection 24| url jdbc:h2:mem:ad3a9e80-f26d-4a3e-9691-17f803db5723
update picture set spot_id=?, url=? where picture_id=?
update picture set spot_id=498, url='java.io.StringReader@3594aadb' where picture_id=1782;
2022-10-10 14:33:47.280  INFO 4460 --- [    Test worker] p6spy                                    : #1665380027280 | took 0ms | statement | connection 24| url jdbc:h2:mem:ad3a9e80-f26d-4a3e-9691-17f803db5723
update picture set spot_id=?, url=? where picture_id=?
update picture set spot_id=498, url='java.io.StringReader@69908483' where picture_id=1783;
2022-10-10 14:33:47.280  INFO 4460 --- [    Test worker] p6spy                                    : #1665380027280 | took 0ms | statement | connection 24| url jdbc:h2:mem:ad3a9e80-f26d-4a3e-9691-17f803db5723
update picture set spot_id=?, url=? where picture_id=?
update picture set spot_id=499, url='java.io.StringReader@78707c5b' where picture_id=1785;
2022-10-10 14:33:47.280  INFO 4460 --- [    Test worker] p6spy                                    : #1665380027280 | took 0ms | statement | connection 24| url jdbc:h2:mem:ad3a9e80-f26d-4a3e-9691-17f803db5723
update picture set spot_id=?, url=? where picture_id=?
update picture set spot_id=499, url='java.io.StringReader@7558c84d' where picture_id=1786;
2022-10-10 14:33:47.280  INFO 4460 --- [    Test worker] p6spy                                    : #1665380027280 | took 0ms | statement | connection 24| url jdbc:h2:mem:ad3a9e80-f26d-4a3e-9691-17f803db5723
update picture set spot_id=?, url=? where picture_id=?
update picture set spot_id=499, url='java.io.StringReader@207dc625' where picture_id=1787;
2022-10-10 14:33:47.280  INFO 4460 --- [    Test worker] p6spy                                    : #1665380027280 | took 0ms | statement | connection 24| url jdbc:h2:mem:ad3a9e80-f26d-4a3e-9691-17f803db5723
update picture set spot_id=?, url=? where picture_id=?
update picture set spot_id=500, url='java.io.StringReader@4a269062' where picture_id=1789;
2022-10-10 14:33:47.280  INFO 4460 --- [    Test worker] p6spy                                    : #1665380027280 | took 0ms | statement | connection 24| url jdbc:h2:mem:ad3a9e80-f26d-4a3e-9691-17f803db5723
update picture set spot_id=?, url=? where picture_id=?
update picture set spot_id=500, url='java.io.StringReader@2f83f197' where picture_id=1790;
2022-10-10 14:33:47.280  INFO 4460 --- [    Test worker] p6spy                                    : #1665380027280 | took 0ms | statement | connection 24| url jdbc:h2:mem:ad3a9e80-f26d-4a3e-9691-17f803db5723
update picture set spot_id=?, url=? where picture_id=?
update picture set spot_id=500, url='java.io.StringReader@564ade2d' where picture_id=1791;
2022-10-10 14:33:47.280  INFO 4460 --- [    Test worker] p6spy                                    : #1665380027280 | took 0ms | statement | connection 24| url jdbc:h2:mem:ad3a9e80-f26d-4a3e-9691-17f803db5723
update picture set spot_id=?, url=? where picture_id=?
update picture set spot_id=501, url='java.io.StringReader@4a445a14' where picture_id=1793;
2022-10-10 14:33:47.280  INFO 4460 --- [    Test worker] p6spy                                    : #1665380027280 | took 0ms | statement | connection 24| url jdbc:h2:mem:ad3a9e80-f26d-4a3e-9691-17f803db5723
update picture set spot_id=?, url=? where picture_id=?
update picture set spot_id=501, url='java.io.StringReader@715e5719' where picture_id=1794;
2022-10-10 14:33:47.280  INFO 4460 --- [    Test worker] p6spy                                    : #1665380027280 | took 0ms | statement | connection 24| url jdbc:h2:mem:ad3a9e80-f26d-4a3e-9691-17f803db5723
update picture set spot_id=?, url=? where picture_id=?
update picture set spot_id=501, url='java.io.StringReader@3552ccb6' where picture_id=1795;
2022-10-10 14:33:47.280  INFO 4460 --- [    Test worker] p6spy                                    : #1665380027280 | took 0ms | statement | connection 24| url jdbc:h2:mem:ad3a9e80-f26d-4a3e-9691-17f803db5723
update picture set spot_id=?, url=? where picture_id=?
update picture set spot_id=502, url='java.io.StringReader@7edc8a5f' where picture_id=1797;
2022-10-10 14:33:47.280  INFO 4460 --- [    Test worker] p6spy                                    : #1665380027280 | took 0ms | statement | connection 24| url jdbc:h2:mem:ad3a9e80-f26d-4a3e-9691-17f803db5723
update picture set spot_id=?, url=? where picture_id=?
update picture set spot_id=502, url='java.io.StringReader@1584b588' where picture_id=1798;
2022-10-10 14:33:47.280  INFO 4460 --- [    Test worker] p6spy                                    : #1665380027280 | took 0ms | statement | connection 24| url jdbc:h2:mem:ad3a9e80-f26d-4a3e-9691-17f803db5723
update picture set spot_id=?, url=? where picture_id=?
update picture set spot_id=502, url='java.io.StringReader@71d3da3a' where picture_id=1799;
2022-10-10 14:33:47.280  INFO 4460 --- [    Test worker] p6spy                                    : #1665380027280 | took 0ms | statement | connection 24| url jdbc:h2:mem:ad3a9e80-f26d-4a3e-9691-17f803db5723
update picture set spot_id=?, url=? where picture_id=?
update picture set spot_id=503, url='java.io.StringReader@20e4a173' where picture_id=1801;
2022-10-10 14:33:47.280  INFO 4460 --- [    Test worker] p6spy                                    : #1665380027280 | took 0ms | statement | connection 24| url jdbc:h2:mem:ad3a9e80-f26d-4a3e-9691-17f803db5723
update picture set spot_id=?, url=? where picture_id=?
update picture set spot_id=503, url='java.io.StringReader@6d2726d6' where picture_id=1802;
2022-10-10 14:33:47.280  INFO 4460 --- [    Test worker] p6spy                                    : #1665380027280 | took 0ms | statement | connection 24| url jdbc:h2:mem:ad3a9e80-f26d-4a3e-9691-17f803db5723
update picture set spot_id=?, url=? where picture_id=?
update picture set spot_id=503, url='java.io.StringReader@a8424d1' where picture_id=1803;
2022-10-10 14:33:47.280  INFO 4460 --- [    Test worker] p6spy                                    : #1665380027280 | took 0ms | statement | connection 24| url jdbc:h2:mem:ad3a9e80-f26d-4a3e-9691-17f803db5723
update picture set spot_id=?, url=? where picture_id=?
update picture set spot_id=504, url='java.io.StringReader@30bcfc62' where picture_id=1805;
2022-10-10 14:33:47.281  INFO 4460 --- [    Test worker] p6spy                                    : #1665380027281 | took 0ms | statement | connection 24| url jdbc:h2:mem:ad3a9e80-f26d-4a3e-9691-17f803db5723
update picture set spot_id=?, url=? where picture_id=?
update picture set spot_id=504, url='java.io.StringReader@2021cbc1' where picture_id=1806;
2022-10-10 14:33:47.281  INFO 4460 --- [    Test worker] p6spy                                    : #1665380027281 | took 0ms | statement | connection 24| url jdbc:h2:mem:ad3a9e80-f26d-4a3e-9691-17f803db5723
update picture set spot_id=?, url=? where picture_id=?
update picture set spot_id=504, url='java.io.StringReader@14419b28' where picture_id=1807;
2022-10-10 14:33:47.281  INFO 4460 --- [    Test worker] p6spy                                    : #1665380027281 | took 0ms | statement | connection 24| url jdbc:h2:mem:ad3a9e80-f26d-4a3e-9691-17f803db5723
update picture set spot_id=?, url=? where picture_id=?
update picture set spot_id=505, url='java.io.StringReader@7a428df1' where picture_id=1809;
2022-10-10 14:33:47.281  INFO 4460 --- [    Test worker] p6spy                                    : #1665380027281 | took 0ms | statement | connection 24| url jdbc:h2:mem:ad3a9e80-f26d-4a3e-9691-17f803db5723
update picture set spot_id=?, url=? where picture_id=?
update picture set spot_id=505, url='java.io.StringReader@4453299e' where picture_id=1810;
2022-10-10 14:33:47.281  INFO 4460 --- [    Test worker] p6spy                                    : #1665380027281 | took 0ms | statement | connection 24| url jdbc:h2:mem:ad3a9e80-f26d-4a3e-9691-17f803db5723
update picture set spot_id=?, url=? where picture_id=?
update picture set spot_id=505, url='java.io.StringReader@160b430b' where picture_id=1811;
2022-10-10 14:33:47.281  INFO 4460 --- [    Test worker] p6spy                                    : #1665380027281 | took 0ms | statement | connection 24| url jdbc:h2:mem:ad3a9e80-f26d-4a3e-9691-17f803db5723
update picture set spot_id=?, url=? where picture_id=?
update picture set spot_id=506, url='java.io.StringReader@4eccd7e5' where picture_id=1813;
2022-10-10 14:33:47.281  INFO 4460 --- [    Test worker] p6spy                                    : #1665380027281 | took 0ms | statement | connection 24| url jdbc:h2:mem:ad3a9e80-f26d-4a3e-9691-17f803db5723
update picture set spot_id=?, url=? where picture_id=?
update picture set spot_id=506, url='java.io.StringReader@56706abf' where picture_id=1814;
2022-10-10 14:33:47.281  INFO 4460 --- [    Test worker] p6spy                                    : #1665380027281 | took 0ms | statement | connection 24| url jdbc:h2:mem:ad3a9e80-f26d-4a3e-9691-17f803db5723
update picture set spot_id=?, url=? where picture_id=?
update picture set spot_id=506, url='java.io.StringReader@24d382e9' where picture_id=1815;
2022-10-10 14:33:47.281  INFO 4460 --- [    Test worker] p6spy                                    : #1665380027281 | took 0ms | statement | connection 24| url jdbc:h2:mem:ad3a9e80-f26d-4a3e-9691-17f803db5723
update picture set spot_id=?, url=? where picture_id=?
update picture set spot_id=507, url='java.io.StringReader@4ba92859' where picture_id=1817;
2022-10-10 14:33:47.281  INFO 4460 --- [    Test worker] p6spy                                    : #1665380027281 | took 0ms | statement | connection 24| url jdbc:h2:mem:ad3a9e80-f26d-4a3e-9691-17f803db5723
update picture set spot_id=?, url=? where picture_id=?
update picture set spot_id=507, url='java.io.StringReader@609ba4a9' where picture_id=1818;
2022-10-10 14:33:47.281  INFO 4460 --- [    Test worker] p6spy                                    : #1665380027281 | took 0ms | statement | connection 24| url jdbc:h2:mem:ad3a9e80-f26d-4a3e-9691-17f803db5723
update picture set spot_id=?, url=? where picture_id=?
update picture set spot_id=507, url='java.io.StringReader@283ee5e4' where picture_id=1819;
2022-10-10 14:33:47.281  INFO 4460 --- [    Test worker] p6spy                                    : #1665380027281 | took 0ms | statement | connection 24| url jdbc:h2:mem:ad3a9e80-f26d-4a3e-9691-17f803db5723
update picture set spot_id=?, url=? where picture_id=?
update picture set spot_id=508, url='java.io.StringReader@48f345c' where picture_id=1821;
2022-10-10 14:33:47.281  INFO 4460 --- [    Test worker] p6spy                                    : #1665380027281 | took 0ms | statement | connection 24| url jdbc:h2:mem:ad3a9e80-f26d-4a3e-9691-17f803db5723
update picture set spot_id=?, url=? where picture_id=?
update picture set spot_id=508, url='java.io.StringReader@e0649c' where picture_id=1822;
2022-10-10 14:33:47.281  INFO 4460 --- [    Test worker] p6spy                                    : #1665380027281 | took 0ms | statement | connection 24| url jdbc:h2:mem:ad3a9e80-f26d-4a3e-9691-17f803db5723
update picture set spot_id=?, url=? where picture_id=?
update picture set spot_id=508, url='java.io.StringReader@7132e02a' where picture_id=1823;
2022-10-10 14:33:47.281  INFO 4460 --- [    Test worker] p6spy                                    : #1665380027281 | took 0ms | statement | connection 24| url jdbc:h2:mem:ad3a9e80-f26d-4a3e-9691-17f803db5723
update picture set spot_id=?, url=? where picture_id=?
update picture set spot_id=509, url='java.io.StringReader@269b7d8a' where picture_id=1825;
2022-10-10 14:33:47.281  INFO 4460 --- [    Test worker] p6spy                                    : #1665380027281 | took 0ms | statement | connection 24| url jdbc:h2:mem:ad3a9e80-f26d-4a3e-9691-17f803db5723
update picture set spot_id=?, url=? where picture_id=?
update picture set spot_id=509, url='java.io.StringReader@4f76d764' where picture_id=1826;
2022-10-10 14:33:47.281  INFO 4460 --- [    Test worker] p6spy                                    : #1665380027281 | took 0ms | statement | connection 24| url jdbc:h2:mem:ad3a9e80-f26d-4a3e-9691-17f803db5723
update picture set spot_id=?, url=? where picture_id=?
update picture set spot_id=509, url='java.io.StringReader@1a359dc5' where picture_id=1827;
2022-10-10 14:33:47.281  INFO 4460 --- [    Test worker] p6spy                                    : #1665380027281 | took 0ms | statement | connection 24| url jdbc:h2:mem:ad3a9e80-f26d-4a3e-9691-17f803db5723
update picture set spot_id=?, url=? where picture_id=?
update picture set spot_id=510, url='java.io.StringReader@2ce5f148' where picture_id=1829;
2022-10-10 14:33:47.281  INFO 4460 --- [    Test worker] p6spy                                    : #1665380027281 | took 0ms | statement | connection 24| url jdbc:h2:mem:ad3a9e80-f26d-4a3e-9691-17f803db5723
update picture set spot_id=?, url=? where picture_id=?
update picture set spot_id=510, url='java.io.StringReader@320c6e2e' where picture_id=1830;
2022-10-10 14:33:47.281  INFO 4460 --- [    Test worker] p6spy                                    : #1665380027281 | took 0ms | statement | connection 24| url jdbc:h2:mem:ad3a9e80-f26d-4a3e-9691-17f803db5723
update picture set spot_id=?, url=? where picture_id=?
update picture set spot_id=510, url='java.io.StringReader@4ea73a26' where picture_id=1831;
2022-10-10 14:33:47.281  INFO 4460 --- [    Test worker] p6spy                                    : #1665380027281 | took 0ms | statement | connection 24| url jdbc:h2:mem:ad3a9e80-f26d-4a3e-9691-17f803db5723
update picture set spot_id=?, url=? where picture_id=?
update picture set spot_id=511, url='java.io.StringReader@410c5e08' where picture_id=1833;
2022-10-10 14:33:47.281  INFO 4460 --- [    Test worker] p6spy                                    : #1665380027281 | took 0ms | statement | connection 24| url jdbc:h2:mem:ad3a9e80-f26d-4a3e-9691-17f803db5723
update picture set spot_id=?, url=? where picture_id=?
update picture set spot_id=511, url='java.io.StringReader@15d4cc6f' where picture_id=1834;
2022-10-10 14:33:47.281  INFO 4460 --- [    Test worker] p6spy                                    : #1665380027281 | took 0ms | statement | connection 24| url jdbc:h2:mem:ad3a9e80-f26d-4a3e-9691-17f803db5723
update picture set spot_id=?, url=? where picture_id=?
update picture set spot_id=511, url='java.io.StringReader@1603a2a1' where picture_id=1835;
2022-10-10 14:33:47.281  INFO 4460 --- [    Test worker] p6spy                                    : #1665380027281 | took 0ms | statement | connection 24| url jdbc:h2:mem:ad3a9e80-f26d-4a3e-9691-17f803db5723
update picture set spot_id=?, url=? where picture_id=?
update picture set spot_id=512, url='java.io.StringReader@69b109c3' where picture_id=1837;
2022-10-10 14:33:47.281  INFO 4460 --- [    Test worker] p6spy                                    : #1665380027281 | took 0ms | statement | connection 24| url jdbc:h2:mem:ad3a9e80-f26d-4a3e-9691-17f803db5723
update picture set spot_id=?, url=? where picture_id=?
update picture set spot_id=512, url='java.io.StringReader@c34fad3' where picture_id=1838;
2022-10-10 14:33:47.282  INFO 4460 --- [    Test worker] p6spy                                    : #1665380027282 | took 0ms | statement | connection 24| url jdbc:h2:mem:ad3a9e80-f26d-4a3e-9691-17f803db5723
update picture set spot_id=?, url=? where picture_id=?
update picture set spot_id=512, url='java.io.StringReader@39076da4' where picture_id=1839;
2022-10-10 14:33:47.282  INFO 4460 --- [    Test worker] p6spy                                    : #1665380027282 | took 0ms | statement | connection 24| url jdbc:h2:mem:ad3a9e80-f26d-4a3e-9691-17f803db5723
update picture set spot_id=?, url=? where picture_id=?
update picture set spot_id=513, url='java.io.StringReader@7b35b15c' where picture_id=1841;
2022-10-10 14:33:47.282  INFO 4460 --- [    Test worker] p6spy                                    : #1665380027282 | took 0ms | statement | connection 24| url jdbc:h2:mem:ad3a9e80-f26d-4a3e-9691-17f803db5723
update picture set spot_id=?, url=? where picture_id=?
update picture set spot_id=513, url='java.io.StringReader@5168a369' where picture_id=1842;
2022-10-10 14:33:47.282  INFO 4460 --- [    Test worker] p6spy                                    : #1665380027282 | took 0ms | statement | connection 24| url jdbc:h2:mem:ad3a9e80-f26d-4a3e-9691-17f803db5723
update picture set spot_id=?, url=? where picture_id=?
update picture set spot_id=513, url='java.io.StringReader@409986fb' where picture_id=1843;
2022-10-10 14:33:47.282  INFO 4460 --- [    Test worker] p6spy                                    : #1665380027282 | took 0ms | statement | connection 24| url jdbc:h2:mem:ad3a9e80-f26d-4a3e-9691-17f803db5723
update picture set spot_id=?, url=? where picture_id=?
update picture set spot_id=514, url='java.io.StringReader@1b6d1168' where picture_id=1845;
2022-10-10 14:33:47.282  INFO 4460 --- [    Test worker] p6spy                                    : #1665380027282 | took 0ms | statement | connection 24| url jdbc:h2:mem:ad3a9e80-f26d-4a3e-9691-17f803db5723
update picture set spot_id=?, url=? where picture_id=?
update picture set spot_id=514, url='java.io.StringReader@47843a86' where picture_id=1846;
2022-10-10 14:33:47.282  INFO 4460 --- [    Test worker] p6spy                                    : #1665380027282 | took 0ms | statement | connection 24| url jdbc:h2:mem:ad3a9e80-f26d-4a3e-9691-17f803db5723
update picture set spot_id=?, url=? where picture_id=?
update picture set spot_id=514, url='java.io.StringReader@4106cd1c' where picture_id=1847;
2022-10-10 14:33:47.282  INFO 4460 --- [    Test worker] p6spy                                    : #1665380027282 | took 0ms | statement | connection 24| url jdbc:h2:mem:ad3a9e80-f26d-4a3e-9691-17f803db5723
update picture set spot_id=?, url=? where picture_id=?
update picture set spot_id=515, url='java.io.StringReader@34b147d2' where picture_id=1849;
2022-10-10 14:33:47.282  INFO 4460 --- [    Test worker] p6spy                                    : #1665380027282 | took 0ms | statement | connection 24| url jdbc:h2:mem:ad3a9e80-f26d-4a3e-9691-17f803db5723
update picture set spot_id=?, url=? where picture_id=?
update picture set spot_id=515, url='java.io.StringReader@2348ad3c' where picture_id=1850;
2022-10-10 14:33:47.282  INFO 4460 --- [    Test worker] p6spy                                    : #1665380027282 | took 0ms | statement | connection 24| url jdbc:h2:mem:ad3a9e80-f26d-4a3e-9691-17f803db5723
update picture set spot_id=?, url=? where picture_id=?
update picture set spot_id=515, url='java.io.StringReader@11ce499a' where picture_id=1851;
2022-10-10 14:33:47.282  INFO 4460 --- [    Test worker] p6spy                                    : #1665380027282 | took 0ms | statement | connection 24| url jdbc:h2:mem:ad3a9e80-f26d-4a3e-9691-17f803db5723
update picture set spot_id=?, url=? where picture_id=?
update picture set spot_id=516, url='java.io.StringReader@6b264e42' where picture_id=1853;
2022-10-10 14:33:47.282  INFO 4460 --- [    Test worker] p6spy                                    : #1665380027282 | took 0ms | statement | connection 24| url jdbc:h2:mem:ad3a9e80-f26d-4a3e-9691-17f803db5723
update picture set spot_id=?, url=? where picture_id=?
update picture set spot_id=516, url='java.io.StringReader@181584c' where picture_id=1854;
2022-10-10 14:33:47.282  INFO 4460 --- [    Test worker] p6spy                                    : #1665380027282 | took 0ms | statement | connection 24| url jdbc:h2:mem:ad3a9e80-f26d-4a3e-9691-17f803db5723
update picture set spot_id=?, url=? where picture_id=?
update picture set spot_id=516, url='java.io.StringReader@138d1051' where picture_id=1855;
2022-10-10 14:33:47.282  INFO 4460 --- [    Test worker] p6spy                                    : #1665380027282 | took 0ms | statement | connection 24| url jdbc:h2:mem:ad3a9e80-f26d-4a3e-9691-17f803db5723
update picture set spot_id=?, url=? where picture_id=?
update picture set spot_id=517, url='java.io.StringReader@45d106bb' where picture_id=1857;
2022-10-10 14:33:47.282  INFO 4460 --- [    Test worker] p6spy                                    : #1665380027282 | took 0ms | statement | connection 24| url jdbc:h2:mem:ad3a9e80-f26d-4a3e-9691-17f803db5723
update picture set spot_id=?, url=? where picture_id=?
update picture set spot_id=517, url='java.io.StringReader@210012d1' where picture_id=1858;
2022-10-10 14:33:47.282  INFO 4460 --- [    Test worker] p6spy                                    : #1665380027282 | took 0ms | statement | connection 24| url jdbc:h2:mem:ad3a9e80-f26d-4a3e-9691-17f803db5723
update picture set spot_id=?, url=? where picture_id=?
update picture set spot_id=517, url='java.io.StringReader@b5c8c73' where picture_id=1859;
2022-10-10 14:33:47.282  INFO 4460 --- [    Test worker] p6spy                                    : #1665380027282 | took 0ms | statement | connection 24| url jdbc:h2:mem:ad3a9e80-f26d-4a3e-9691-17f803db5723
update picture set spot_id=?, url=? where picture_id=?
update picture set spot_id=518, url='java.io.StringReader@1eff7bdb' where picture_id=1861;
2022-10-10 14:33:47.282  INFO 4460 --- [    Test worker] p6spy                                    : #1665380027282 | took 0ms | statement | connection 24| url jdbc:h2:mem:ad3a9e80-f26d-4a3e-9691-17f803db5723
update picture set spot_id=?, url=? where picture_id=?
update picture set spot_id=518, url='java.io.StringReader@11f5b544' where picture_id=1862;
2022-10-10 14:33:47.282  INFO 4460 --- [    Test worker] p6spy                                    : #1665380027282 | took 0ms | statement | connection 24| url jdbc:h2:mem:ad3a9e80-f26d-4a3e-9691-17f803db5723
update picture set spot_id=?, url=? where picture_id=?
update picture set spot_id=518, url='java.io.StringReader@4d1723f0' where picture_id=1863;
2022-10-10 14:33:47.282  INFO 4460 --- [    Test worker] p6spy                                    : #1665380027282 | took 0ms | statement | connection 24| url jdbc:h2:mem:ad3a9e80-f26d-4a3e-9691-17f803db5723
update picture set spot_id=?, url=? where picture_id=?
update picture set spot_id=519, url='java.io.StringReader@3c086429' where picture_id=1865;
2022-10-10 14:33:47.282  INFO 4460 --- [    Test worker] p6spy                                    : #1665380027282 | took 0ms | statement | connection 24| url jdbc:h2:mem:ad3a9e80-f26d-4a3e-9691-17f803db5723
update picture set spot_id=?, url=? where picture_id=?
update picture set spot_id=519, url='java.io.StringReader@2dd605b9' where picture_id=1866;
2022-10-10 14:33:47.282  INFO 4460 --- [    Test worker] p6spy                                    : #1665380027282 | took 0ms | statement | connection 24| url jdbc:h2:mem:ad3a9e80-f26d-4a3e-9691-17f803db5723
update picture set spot_id=?, url=? where picture_id=?
update picture set spot_id=519, url='java.io.StringReader@1b6dfd54' where picture_id=1867;
2022-10-10 14:33:47.283  INFO 4460 --- [    Test worker] p6spy                                    : #1665380027283 | took 0ms | statement | connection 24| url jdbc:h2:mem:ad3a9e80-f26d-4a3e-9691-17f803db5723
update picture set spot_id=?, url=? where picture_id=?
update picture set spot_id=520, url='java.io.StringReader@24973838' where picture_id=1869;
2022-10-10 14:33:47.283  INFO 4460 --- [    Test worker] p6spy                                    : #1665380027283 | took 0ms | statement | connection 24| url jdbc:h2:mem:ad3a9e80-f26d-4a3e-9691-17f803db5723
update picture set spot_id=?, url=? where picture_id=?
update picture set spot_id=520, url='java.io.StringReader@db850a' where picture_id=1870;
2022-10-10 14:33:47.283  INFO 4460 --- [    Test worker] p6spy                                    : #1665380027283 | took 0ms | statement | connection 24| url jdbc:h2:mem:ad3a9e80-f26d-4a3e-9691-17f803db5723
update picture set spot_id=?, url=? where picture_id=?
update picture set spot_id=520, url='java.io.StringReader@4e851f3c' where picture_id=1871;
2022-10-10 14:33:47.283  INFO 4460 --- [    Test worker] p6spy                                    : #1665380027283 | took 0ms | statement | connection 24| url jdbc:h2:mem:ad3a9e80-f26d-4a3e-9691-17f803db5723
update picture set spot_id=?, url=? where picture_id=?
update picture set spot_id=521, url='java.io.StringReader@3a3a44f' where picture_id=1873;
2022-10-10 14:33:47.283  INFO 4460 --- [    Test worker] p6spy                                    : #1665380027283 | took 0ms | statement | connection 24| url jdbc:h2:mem:ad3a9e80-f26d-4a3e-9691-17f803db5723
update picture set spot_id=?, url=? where picture_id=?
update picture set spot_id=521, url='java.io.StringReader@64b752c4' where picture_id=1874;
2022-10-10 14:33:47.283  INFO 4460 --- [    Test worker] p6spy                                    : #1665380027283 | took 0ms | statement | connection 24| url jdbc:h2:mem:ad3a9e80-f26d-4a3e-9691-17f803db5723
update picture set spot_id=?, url=? where picture_id=?
update picture set spot_id=521, url='java.io.StringReader@637f41e2' where picture_id=1875;
2022-10-10 14:33:47.283  INFO 4460 --- [    Test worker] p6spy                                    : #1665380027283 | took 0ms | statement | connection 24| url jdbc:h2:mem:ad3a9e80-f26d-4a3e-9691-17f803db5723
update picture set spot_id=?, url=? where picture_id=?
update picture set spot_id=522, url='java.io.StringReader@27a17581' where picture_id=1877;
2022-10-10 14:33:47.283  INFO 4460 --- [    Test worker] p6spy                                    : #1665380027283 | took 0ms | statement | connection 24| url jdbc:h2:mem:ad3a9e80-f26d-4a3e-9691-17f803db5723
update picture set spot_id=?, url=? where picture_id=?
update picture set spot_id=522, url='java.io.StringReader@7209f69b' where picture_id=1878;
2022-10-10 14:33:47.283  INFO 4460 --- [    Test worker] p6spy                                    : #1665380027283 | took 0ms | statement | connection 24| url jdbc:h2:mem:ad3a9e80-f26d-4a3e-9691-17f803db5723
update picture set spot_id=?, url=? where picture_id=?
update picture set spot_id=522, url='java.io.StringReader@d498f9b' where picture_id=1879;
2022-10-10 14:33:47.283  INFO 4460 --- [    Test worker] p6spy                                    : #1665380027283 | took 0ms | statement | connection 24| url jdbc:h2:mem:ad3a9e80-f26d-4a3e-9691-17f803db5723
update picture set spot_id=?, url=? where picture_id=?
update picture set spot_id=523, url='java.io.StringReader@1d2b8bd7' where picture_id=1881;
2022-10-10 14:33:47.283  INFO 4460 --- [    Test worker] p6spy                                    : #1665380027283 | took 0ms | statement | connection 24| url jdbc:h2:mem:ad3a9e80-f26d-4a3e-9691-17f803db5723
update picture set spot_id=?, url=? where picture_id=?
update picture set spot_id=523, url='java.io.StringReader@5d523725' where picture_id=1882;
2022-10-10 14:33:47.283  INFO 4460 --- [    Test worker] p6spy                                    : #1665380027283 | took 0ms | statement | connection 24| url jdbc:h2:mem:ad3a9e80-f26d-4a3e-9691-17f803db5723
update picture set spot_id=?, url=? where picture_id=?
update picture set spot_id=523, url='java.io.StringReader@5acd7897' where picture_id=1883;
2022-10-10 14:33:47.283  INFO 4460 --- [    Test worker] p6spy                                    : #1665380027283 | took 0ms | statement | connection 24| url jdbc:h2:mem:ad3a9e80-f26d-4a3e-9691-17f803db5723
update picture set spot_id=?, url=? where picture_id=?
update picture set spot_id=524, url='java.io.StringReader@278427e9' where picture_id=1885;
2022-10-10 14:33:47.283  INFO 4460 --- [    Test worker] p6spy                                    : #1665380027283 | took 0ms | statement | connection 24| url jdbc:h2:mem:ad3a9e80-f26d-4a3e-9691-17f803db5723
update picture set spot_id=?, url=? where picture_id=?
update picture set spot_id=524, url='java.io.StringReader@48b2103' where picture_id=1886;
2022-10-10 14:33:47.283  INFO 4460 --- [    Test worker] p6spy                                    : #1665380027283 | took 0ms | statement | connection 24| url jdbc:h2:mem:ad3a9e80-f26d-4a3e-9691-17f803db5723
update picture set spot_id=?, url=? where picture_id=?
update picture set spot_id=524, url='java.io.StringReader@613a1f39' where picture_id=1887;
2022-10-10 14:33:47.283  INFO 4460 --- [    Test worker] p6spy                                    : #1665380027283 | took 0ms | statement | connection 24| url jdbc:h2:mem:ad3a9e80-f26d-4a3e-9691-17f803db5723
update picture set spot_id=?, url=? where picture_id=?
update picture set spot_id=525, url='java.io.StringReader@57dea250' where picture_id=1889;
2022-10-10 14:33:47.283  INFO 4460 --- [    Test worker] p6spy                                    : #1665380027283 | took 0ms | statement | connection 24| url jdbc:h2:mem:ad3a9e80-f26d-4a3e-9691-17f803db5723
update picture set spot_id=?, url=? where picture_id=?
update picture set spot_id=525, url='java.io.StringReader@b36d3d0' where picture_id=1890;
2022-10-10 14:33:47.283  INFO 4460 --- [    Test worker] p6spy                                    : #1665380027283 | took 0ms | statement | connection 24| url jdbc:h2:mem:ad3a9e80-f26d-4a3e-9691-17f803db5723
update picture set spot_id=?, url=? where picture_id=?
update picture set spot_id=525, url='java.io.StringReader@6bc553d' where picture_id=1891;
2022-10-10 14:33:47.283  INFO 4460 --- [    Test worker] p6spy                                    : #1665380027283 | took 0ms | statement | connection 24| url jdbc:h2:mem:ad3a9e80-f26d-4a3e-9691-17f803db5723
update picture set spot_id=?, url=? where picture_id=?
update picture set spot_id=526, url='java.io.StringReader@844f3b5' where picture_id=1893;
2022-10-10 14:33:47.283  INFO 4460 --- [    Test worker] p6spy                                    : #1665380027283 | took 0ms | statement | connection 24| url jdbc:h2:mem:ad3a9e80-f26d-4a3e-9691-17f803db5723
update picture set spot_id=?, url=? where picture_id=?
update picture set spot_id=526, url='java.io.StringReader@6f5bbb45' where picture_id=1894;
2022-10-10 14:33:47.283  INFO 4460 --- [    Test worker] p6spy                                    : #1665380027283 | took 0ms | statement | connection 24| url jdbc:h2:mem:ad3a9e80-f26d-4a3e-9691-17f803db5723
update picture set spot_id=?, url=? where picture_id=?
update picture set spot_id=526, url='java.io.StringReader@d383a77' where picture_id=1895;
2022-10-10 14:33:47.283  INFO 4460 --- [    Test worker] p6spy                                    : #1665380027283 | took 0ms | statement | connection 24| url jdbc:h2:mem:ad3a9e80-f26d-4a3e-9691-17f803db5723
update picture set spot_id=?, url=? where picture_id=?
update picture set spot_id=527, url='java.io.StringReader@658825af' where picture_id=1897;
2022-10-10 14:33:47.283  INFO 4460 --- [    Test worker] p6spy                                    : #1665380027283 | took 0ms | statement | connection 24| url jdbc:h2:mem:ad3a9e80-f26d-4a3e-9691-17f803db5723
update picture set spot_id=?, url=? where picture_id=?
update picture set spot_id=527, url='java.io.StringReader@273db89c' where picture_id=1898;
2022-10-10 14:33:47.283  INFO 4460 --- [    Test worker] p6spy                                    : #1665380027283 | took 0ms | statement | connection 24| url jdbc:h2:mem:ad3a9e80-f26d-4a3e-9691-17f803db5723
update picture set spot_id=?, url=? where picture_id=?
update picture set spot_id=527, url='java.io.StringReader@40ae6e43' where picture_id=1899;
2022-10-10 14:33:47.283  INFO 4460 --- [    Test worker] p6spy                                    : #1665380027283 | took 0ms | statement | connection 24| url jdbc:h2:mem:ad3a9e80-f26d-4a3e-9691-17f803db5723
update picture set spot_id=?, url=? where picture_id=?
update picture set spot_id=528, url='java.io.StringReader@56a78ac2' where picture_id=1901;
2022-10-10 14:33:47.283  INFO 4460 --- [    Test worker] p6spy                                    : #1665380027283 | took 0ms | statement | connection 24| url jdbc:h2:mem:ad3a9e80-f26d-4a3e-9691-17f803db5723
update picture set spot_id=?, url=? where picture_id=?
update picture set spot_id=528, url='java.io.StringReader@7d287140' where picture_id=1902;
2022-10-10 14:33:47.283  INFO 4460 --- [    Test worker] p6spy                                    : #1665380027283 | took 0ms | statement | connection 24| url jdbc:h2:mem:ad3a9e80-f26d-4a3e-9691-17f803db5723
update picture set spot_id=?, url=? where picture_id=?
update picture set spot_id=528, url='java.io.StringReader@56791346' where picture_id=1903;
2022-10-10 14:33:47.283  INFO 4460 --- [    Test worker] p6spy                                    : #1665380027283 | took 0ms | statement | connection 24| url jdbc:h2:mem:ad3a9e80-f26d-4a3e-9691-17f803db5723
update picture set spot_id=?, url=? where picture_id=?
update picture set spot_id=529, url='java.io.StringReader@6e9fb099' where picture_id=1905;
2022-10-10 14:33:47.283  INFO 4460 --- [    Test worker] p6spy                                    : #1665380027283 | took 0ms | statement | connection 24| url jdbc:h2:mem:ad3a9e80-f26d-4a3e-9691-17f803db5723
update picture set spot_id=?, url=? where picture_id=?
update picture set spot_id=529, url='java.io.StringReader@71ed0b5e' where picture_id=1906;
2022-10-10 14:33:47.284  INFO 4460 --- [    Test worker] p6spy                                    : #1665380027284 | took 0ms | statement | connection 24| url jdbc:h2:mem:ad3a9e80-f26d-4a3e-9691-17f803db5723
update picture set spot_id=?, url=? where picture_id=?
update picture set spot_id=529, url='java.io.StringReader@18bdf2cc' where picture_id=1907;
2022-10-10 14:33:47.284  INFO 4460 --- [    Test worker] p6spy                                    : #1665380027284 | took 0ms | statement | connection 24| url jdbc:h2:mem:ad3a9e80-f26d-4a3e-9691-17f803db5723
update picture set spot_id=?, url=? where picture_id=?
update picture set spot_id=530, url='java.io.StringReader@7749cd97' where picture_id=1909;
2022-10-10 14:33:47.284  INFO 4460 --- [    Test worker] p6spy                                    : #1665380027284 | took 0ms | statement | connection 24| url jdbc:h2:mem:ad3a9e80-f26d-4a3e-9691-17f803db5723
update picture set spot_id=?, url=? where picture_id=?
update picture set spot_id=530, url='java.io.StringReader@20a9bd6d' where picture_id=1910;
2022-10-10 14:33:47.284  INFO 4460 --- [    Test worker] p6spy                                    : #1665380027284 | took 0ms | statement | connection 24| url jdbc:h2:mem:ad3a9e80-f26d-4a3e-9691-17f803db5723
update picture set spot_id=?, url=? where picture_id=?
update picture set spot_id=530, url='java.io.StringReader@4c08a3e0' where picture_id=1911;
2022-10-10 14:33:47.284  INFO 4460 --- [    Test worker] p6spy                                    : #1665380027284 | took 0ms | statement | connection 24| url jdbc:h2:mem:ad3a9e80-f26d-4a3e-9691-17f803db5723
update picture set spot_id=?, url=? where picture_id=?
update picture set spot_id=531, url='java.io.StringReader@2b20e1ea' where picture_id=1913;
2022-10-10 14:33:47.284  INFO 4460 --- [    Test worker] p6spy                                    : #1665380027284 | took 0ms | statement | connection 24| url jdbc:h2:mem:ad3a9e80-f26d-4a3e-9691-17f803db5723
update picture set spot_id=?, url=? where picture_id=?
update picture set spot_id=531, url='java.io.StringReader@32ec95c7' where picture_id=1914;
2022-10-10 14:33:47.284  INFO 4460 --- [    Test worker] p6spy                                    : #1665380027284 | took 0ms | statement | connection 24| url jdbc:h2:mem:ad3a9e80-f26d-4a3e-9691-17f803db5723
update picture set spot_id=?, url=? where picture_id=?
update picture set spot_id=531, url='java.io.StringReader@3398cb16' where picture_id=1915;
2022-10-10 14:33:47.284  INFO 4460 --- [    Test worker] p6spy                                    : #1665380027284 | took 0ms | statement | connection 24| url jdbc:h2:mem:ad3a9e80-f26d-4a3e-9691-17f803db5723
update picture set spot_id=?, url=? where picture_id=?
update picture set spot_id=532, url='java.io.StringReader@63e1f196' where picture_id=1917;
2022-10-10 14:33:47.284  INFO 4460 --- [    Test worker] p6spy                                    : #1665380027284 | took 0ms | statement | connection 24| url jdbc:h2:mem:ad3a9e80-f26d-4a3e-9691-17f803db5723
update picture set spot_id=?, url=? where picture_id=?
update picture set spot_id=532, url='java.io.StringReader@373fc5b7' where picture_id=1918;
2022-10-10 14:33:47.284  INFO 4460 --- [    Test worker] p6spy                                    : #1665380027284 | took 0ms | statement | connection 24| url jdbc:h2:mem:ad3a9e80-f26d-4a3e-9691-17f803db5723
update picture set spot_id=?, url=? where picture_id=?
update picture set spot_id=532, url='java.io.StringReader@25401d0b' where picture_id=1919;
2022-10-10 14:33:47.284  INFO 4460 --- [    Test worker] p6spy                                    : #1665380027284 | took 0ms | statement | connection 24| url jdbc:h2:mem:ad3a9e80-f26d-4a3e-9691-17f803db5723
update picture set spot_id=?, url=? where picture_id=?
update picture set spot_id=533, url='java.io.StringReader@6c49862e' where picture_id=1921;
2022-10-10 14:33:47.284  INFO 4460 --- [    Test worker] p6spy                                    : #1665380027284 | took 0ms | statement | connection 24| url jdbc:h2:mem:ad3a9e80-f26d-4a3e-9691-17f803db5723
update picture set spot_id=?, url=? where picture_id=?
update picture set spot_id=533, url='java.io.StringReader@1693c96e' where picture_id=1922;
2022-10-10 14:33:47.284  INFO 4460 --- [    Test worker] p6spy                                    : #1665380027284 | took 0ms | statement | connection 24| url jdbc:h2:mem:ad3a9e80-f26d-4a3e-9691-17f803db5723
update picture set spot_id=?, url=? where picture_id=?
update picture set spot_id=533, url='java.io.StringReader@5a24dc56' where picture_id=1923;
2022-10-10 14:33:47.284  INFO 4460 --- [    Test worker] p6spy                                    : #1665380027284 | took 0ms | statement | connection 24| url jdbc:h2:mem:ad3a9e80-f26d-4a3e-9691-17f803db5723
update picture set spot_id=?, url=? where picture_id=?
update picture set spot_id=534, url='java.io.StringReader@1df71963' where picture_id=1925;
2022-10-10 14:33:47.284  INFO 4460 --- [    Test worker] p6spy                                    : #1665380027284 | took 0ms | statement | connection 24| url jdbc:h2:mem:ad3a9e80-f26d-4a3e-9691-17f803db5723
update picture set spot_id=?, url=? where picture_id=?
update picture set spot_id=534, url='java.io.StringReader@1838a100' where picture_id=1926;
2022-10-10 14:33:47.284  INFO 4460 --- [    Test worker] p6spy                                    : #1665380027284 | took 0ms | statement | connection 24| url jdbc:h2:mem:ad3a9e80-f26d-4a3e-9691-17f803db5723
update picture set spot_id=?, url=? where picture_id=?
update picture set spot_id=534, url='java.io.StringReader@4598b0da' where picture_id=1927;
2022-10-10 14:33:47.284  INFO 4460 --- [    Test worker] p6spy                                    : #1665380027284 | took 0ms | statement | connection 24| url jdbc:h2:mem:ad3a9e80-f26d-4a3e-9691-17f803db5723
update picture set spot_id=?, url=? where picture_id=?
update picture set spot_id=535, url='java.io.StringReader@79fb522b' where picture_id=1929;
2022-10-10 14:33:47.284  INFO 4460 --- [    Test worker] p6spy                                    : #1665380027284 | took 0ms | statement | connection 24| url jdbc:h2:mem:ad3a9e80-f26d-4a3e-9691-17f803db5723
update picture set spot_id=?, url=? where picture_id=?
update picture set spot_id=535, url='java.io.StringReader@65ced40' where picture_id=1930;
2022-10-10 14:33:47.284  INFO 4460 --- [    Test worker] p6spy                                    : #1665380027284 | took 0ms | statement | connection 24| url jdbc:h2:mem:ad3a9e80-f26d-4a3e-9691-17f803db5723
update picture set spot_id=?, url=? where picture_id=?
update picture set spot_id=535, url='java.io.StringReader@6da6a6fb' where picture_id=1931;
2022-10-10 14:33:47.284  INFO 4460 --- [    Test worker] p6spy                                    : #1665380027284 | took 0ms | statement | connection 24| url jdbc:h2:mem:ad3a9e80-f26d-4a3e-9691-17f803db5723
update picture set spot_id=?, url=? where picture_id=?
update picture set spot_id=536, url='java.io.StringReader@5de1b3ee' where picture_id=1933;
2022-10-10 14:33:47.284  INFO 4460 --- [    Test worker] p6spy                                    : #1665380027284 | took 0ms | statement | connection 24| url jdbc:h2:mem:ad3a9e80-f26d-4a3e-9691-17f803db5723
update picture set spot_id=?, url=? where picture_id=?
update picture set spot_id=536, url='java.io.StringReader@47017d38' where picture_id=1934;
2022-10-10 14:33:47.284  INFO 4460 --- [    Test worker] p6spy                                    : #1665380027284 | took 0ms | statement | connection 24| url jdbc:h2:mem:ad3a9e80-f26d-4a3e-9691-17f803db5723
update picture set spot_id=?, url=? where picture_id=?
update picture set spot_id=536, url='java.io.StringReader@2a9a36d1' where picture_id=1935;
2022-10-10 14:33:47.284  INFO 4460 --- [    Test worker] p6spy                                    : #1665380027284 | took 0ms | statement | connection 24| url jdbc:h2:mem:ad3a9e80-f26d-4a3e-9691-17f803db5723
update picture set spot_id=?, url=? where picture_id=?
update picture set spot_id=537, url='java.io.StringReader@31ecbd0c' where picture_id=1937;
2022-10-10 14:33:47.284  INFO 4460 --- [    Test worker] p6spy                                    : #1665380027284 | took 0ms | statement | connection 24| url jdbc:h2:mem:ad3a9e80-f26d-4a3e-9691-17f803db5723
update picture set spot_id=?, url=? where picture_id=?
update picture set spot_id=537, url='java.io.StringReader@629a40b2' where picture_id=1938;
2022-10-10 14:33:47.285  INFO 4460 --- [    Test worker] p6spy                                    : #1665380027285 | took 0ms | statement | connection 24| url jdbc:h2:mem:ad3a9e80-f26d-4a3e-9691-17f803db5723
update picture set spot_id=?, url=? where picture_id=?
update picture set spot_id=537, url='java.io.StringReader@6d4f6815' where picture_id=1939;
2022-10-10 14:33:47.285  INFO 4460 --- [    Test worker] p6spy                                    : #1665380027285 | took 0ms | statement | connection 24| url jdbc:h2:mem:ad3a9e80-f26d-4a3e-9691-17f803db5723
update picture set spot_id=?, url=? where picture_id=?
update picture set spot_id=538, url='java.io.StringReader@3891a4cc' where picture_id=1941;
2022-10-10 14:33:47.285  INFO 4460 --- [    Test worker] p6spy                                    : #1665380027285 | took 0ms | statement | connection 24| url jdbc:h2:mem:ad3a9e80-f26d-4a3e-9691-17f803db5723
update picture set spot_id=?, url=? where picture_id=?
update picture set spot_id=538, url='java.io.StringReader@31e6ac68' where picture_id=1942;
2022-10-10 14:33:47.285  INFO 4460 --- [    Test worker] p6spy                                    : #1665380027285 | took 0ms | statement | connection 24| url jdbc:h2:mem:ad3a9e80-f26d-4a3e-9691-17f803db5723
update picture set spot_id=?, url=? where picture_id=?
update picture set spot_id=538, url='java.io.StringReader@184b7e00' where picture_id=1943;
2022-10-10 14:33:47.285  INFO 4460 --- [    Test worker] p6spy                                    : #1665380027285 | took 0ms | statement | connection 24| url jdbc:h2:mem:ad3a9e80-f26d-4a3e-9691-17f803db5723
update picture set spot_id=?, url=? where picture_id=?
update picture set spot_id=539, url='java.io.StringReader@43f464b1' where picture_id=1945;
2022-10-10 14:33:47.285  INFO 4460 --- [    Test worker] p6spy                                    : #1665380027285 | took 0ms | statement | connection 24| url jdbc:h2:mem:ad3a9e80-f26d-4a3e-9691-17f803db5723
update picture set spot_id=?, url=? where picture_id=?
update picture set spot_id=539, url='java.io.StringReader@7a4eb75a' where picture_id=1946;
2022-10-10 14:33:47.285  INFO 4460 --- [    Test worker] p6spy                                    : #1665380027285 | took 0ms | statement | connection 24| url jdbc:h2:mem:ad3a9e80-f26d-4a3e-9691-17f803db5723
update picture set spot_id=?, url=? where picture_id=?
update picture set spot_id=539, url='java.io.StringReader@6c9fee67' where picture_id=1947;
2022-10-10 14:33:47.285  INFO 4460 --- [    Test worker] p6spy                                    : #1665380027285 | took 0ms | statement | connection 24| url jdbc:h2:mem:ad3a9e80-f26d-4a3e-9691-17f803db5723
update picture set spot_id=?, url=? where picture_id=?
update picture set spot_id=540, url='java.io.StringReader@42a1fbbe' where picture_id=1949;
2022-10-10 14:33:47.285  INFO 4460 --- [    Test worker] p6spy                                    : #1665380027285 | took 0ms | statement | connection 24| url jdbc:h2:mem:ad3a9e80-f26d-4a3e-9691-17f803db5723
update picture set spot_id=?, url=? where picture_id=?
update picture set spot_id=540, url='java.io.StringReader@551ecf45' where picture_id=1950;
2022-10-10 14:33:47.285  INFO 4460 --- [    Test worker] p6spy                                    : #1665380027285 | took 0ms | statement | connection 24| url jdbc:h2:mem:ad3a9e80-f26d-4a3e-9691-17f803db5723
update picture set spot_id=?, url=? where picture_id=?
update picture set spot_id=540, url='java.io.StringReader@564a94ce' where picture_id=1951;
2022-10-10 14:33:47.285  INFO 4460 --- [    Test worker] p6spy                                    : #1665380027285 | took 0ms | statement | connection 24| url jdbc:h2:mem:ad3a9e80-f26d-4a3e-9691-17f803db5723
update picture set spot_id=?, url=? where picture_id=?
update picture set spot_id=541, url='java.io.StringReader@4be74ee2' where picture_id=1953;
2022-10-10 14:33:47.285  INFO 4460 --- [    Test worker] p6spy                                    : #1665380027285 | took 0ms | statement | connection 24| url jdbc:h2:mem:ad3a9e80-f26d-4a3e-9691-17f803db5723
update picture set spot_id=?, url=? where picture_id=?
update picture set spot_id=541, url='java.io.StringReader@6e7a4e3a' where picture_id=1954;
2022-10-10 14:33:47.285  INFO 4460 --- [    Test worker] p6spy                                    : #1665380027285 | took 0ms | statement | connection 24| url jdbc:h2:mem:ad3a9e80-f26d-4a3e-9691-17f803db5723
update picture set spot_id=?, url=? where picture_id=?
update picture set spot_id=541, url='java.io.StringReader@69abf6de' where picture_id=1955;
2022-10-10 14:33:47.285  INFO 4460 --- [    Test worker] p6spy                                    : #1665380027285 | took 0ms | statement | connection 24| url jdbc:h2:mem:ad3a9e80-f26d-4a3e-9691-17f803db5723
update picture set spot_id=?, url=? where picture_id=?
update picture set spot_id=542, url='java.io.StringReader@7ad1ece9' where picture_id=1957;
2022-10-10 14:33:47.285  INFO 4460 --- [    Test worker] p6spy                                    : #1665380027285 | took 0ms | statement | connection 24| url jdbc:h2:mem:ad3a9e80-f26d-4a3e-9691-17f803db5723
update picture set spot_id=?, url=? where picture_id=?
update picture set spot_id=542, url='java.io.StringReader@4d972c8d' where picture_id=1958;
2022-10-10 14:33:47.285  INFO 4460 --- [    Test worker] p6spy                                    : #1665380027285 | took 0ms | statement | connection 24| url jdbc:h2:mem:ad3a9e80-f26d-4a3e-9691-17f803db5723
update picture set spot_id=?, url=? where picture_id=?
update picture set spot_id=542, url='java.io.StringReader@42477794' where picture_id=1959;
2022-10-10 14:33:47.285  INFO 4460 --- [    Test worker] p6spy                                    : #1665380027285 | took 0ms | statement | connection 24| url jdbc:h2:mem:ad3a9e80-f26d-4a3e-9691-17f803db5723
update picture set spot_id=?, url=? where picture_id=?
update picture set spot_id=543, url='java.io.StringReader@2f1e623b' where picture_id=1961;
2022-10-10 14:33:47.285  INFO 4460 --- [    Test worker] p6spy                                    : #1665380027285 | took 0ms | statement | connection 24| url jdbc:h2:mem:ad3a9e80-f26d-4a3e-9691-17f803db5723
update picture set spot_id=?, url=? where picture_id=?
update picture set spot_id=543, url='java.io.StringReader@6923d443' where picture_id=1962;
2022-10-10 14:33:47.285  INFO 4460 --- [    Test worker] p6spy                                    : #1665380027285 | took 0ms | statement | connection 24| url jdbc:h2:mem:ad3a9e80-f26d-4a3e-9691-17f803db5723
update picture set spot_id=?, url=? where picture_id=?
update picture set spot_id=543, url='java.io.StringReader@4ceade5' where picture_id=1963;
2022-10-10 14:33:47.285  INFO 4460 --- [    Test worker] p6spy                                    : #1665380027285 | took 0ms | statement | connection 24| url jdbc:h2:mem:ad3a9e80-f26d-4a3e-9691-17f803db5723
update picture set spot_id=?, url=? where picture_id=?
update picture set spot_id=544, url='java.io.StringReader@3bc04539' where picture_id=1965;
2022-10-10 14:33:47.285  INFO 4460 --- [    Test worker] p6spy                                    : #1665380027285 | took 0ms | statement | connection 24| url jdbc:h2:mem:ad3a9e80-f26d-4a3e-9691-17f803db5723
update picture set spot_id=?, url=? where picture_id=?
update picture set spot_id=544, url='java.io.StringReader@285ddaeb' where picture_id=1966;
2022-10-10 14:33:47.285  INFO 4460 --- [    Test worker] p6spy                                    : #1665380027285 | took 0ms | statement | connection 24| url jdbc:h2:mem:ad3a9e80-f26d-4a3e-9691-17f803db5723
update picture set spot_id=?, url=? where picture_id=?
update picture set spot_id=544, url='java.io.StringReader@728e3dc9' where picture_id=1967;
2022-10-10 14:33:47.285  INFO 4460 --- [    Test worker] p6spy                                    : #1665380027285 | took 0ms | statement | connection 24| url jdbc:h2:mem:ad3a9e80-f26d-4a3e-9691-17f803db5723
update picture set spot_id=?, url=? where picture_id=?
update picture set spot_id=545, url='java.io.StringReader@78761e4e' where picture_id=1969;
2022-10-10 14:33:47.285  INFO 4460 --- [    Test worker] p6spy                                    : #1665380027285 | took 0ms | statement | connection 24| url jdbc:h2:mem:ad3a9e80-f26d-4a3e-9691-17f803db5723
update picture set spot_id=?, url=? where picture_id=?
update picture set spot_id=545, url='java.io.StringReader@5bbc263e' where picture_id=1970;
2022-10-10 14:33:47.286  INFO 4460 --- [    Test worker] p6spy                                    : #1665380027286 | took 0ms | statement | connection 24| url jdbc:h2:mem:ad3a9e80-f26d-4a3e-9691-17f803db5723
update picture set spot_id=?, url=? where picture_id=?
update picture set spot_id=545, url='java.io.StringReader@24fb4c85' where picture_id=1971;
2022-10-10 14:33:47.286  INFO 4460 --- [    Test worker] p6spy                                    : #1665380027286 | took 0ms | statement | connection 24| url jdbc:h2:mem:ad3a9e80-f26d-4a3e-9691-17f803db5723
update picture set spot_id=?, url=? where picture_id=?
update picture set spot_id=546, url='java.io.StringReader@1aae0f81' where picture_id=1973;
2022-10-10 14:33:47.286  INFO 4460 --- [    Test worker] p6spy                                    : #1665380027286 | took 0ms | statement | connection 24| url jdbc:h2:mem:ad3a9e80-f26d-4a3e-9691-17f803db5723
update picture set spot_id=?, url=? where picture_id=?
update picture set spot_id=546, url='java.io.StringReader@e348e3' where picture_id=1974;
2022-10-10 14:33:47.286  INFO 4460 --- [    Test worker] p6spy                                    : #1665380027286 | took 0ms | statement | connection 24| url jdbc:h2:mem:ad3a9e80-f26d-4a3e-9691-17f803db5723
update picture set spot_id=?, url=? where picture_id=?
update picture set spot_id=546, url='java.io.StringReader@6b8db497' where picture_id=1975;
2022-10-10 14:33:47.286  INFO 4460 --- [    Test worker] p6spy                                    : #1665380027286 | took 0ms | statement | connection 24| url jdbc:h2:mem:ad3a9e80-f26d-4a3e-9691-17f803db5723
update picture set spot_id=?, url=? where picture_id=?
update picture set spot_id=547, url='java.io.StringReader@26be4917' where picture_id=1977;
2022-10-10 14:33:47.286  INFO 4460 --- [    Test worker] p6spy                                    : #1665380027286 | took 0ms | statement | connection 24| url jdbc:h2:mem:ad3a9e80-f26d-4a3e-9691-17f803db5723
update picture set spot_id=?, url=? where picture_id=?
update picture set spot_id=547, url='java.io.StringReader@7d06c442' where picture_id=1978;
2022-10-10 14:33:47.286  INFO 4460 --- [    Test worker] p6spy                                    : #1665380027286 | took 0ms | statement | connection 24| url jdbc:h2:mem:ad3a9e80-f26d-4a3e-9691-17f803db5723
update picture set spot_id=?, url=? where picture_id=?
update picture set spot_id=547, url='java.io.StringReader@57f4c546' where picture_id=1979;
2022-10-10 14:33:47.286  INFO 4460 --- [    Test worker] p6spy                                    : #1665380027286 | took 0ms | statement | connection 24| url jdbc:h2:mem:ad3a9e80-f26d-4a3e-9691-17f803db5723
update picture set spot_id=?, url=? where picture_id=?
update picture set spot_id=548, url='java.io.StringReader@73217532' where picture_id=1981;
2022-10-10 14:33:47.286  INFO 4460 --- [    Test worker] p6spy                                    : #1665380027286 | took 0ms | statement | connection 24| url jdbc:h2:mem:ad3a9e80-f26d-4a3e-9691-17f803db5723
update picture set spot_id=?, url=? where picture_id=?
update picture set spot_id=548, url='java.io.StringReader@3fc6d5cb' where picture_id=1982;
2022-10-10 14:33:47.286  INFO 4460 --- [    Test worker] p6spy                                    : #1665380027286 | took 0ms | statement | connection 24| url jdbc:h2:mem:ad3a9e80-f26d-4a3e-9691-17f803db5723
update picture set spot_id=?, url=? where picture_id=?
update picture set spot_id=548, url='java.io.StringReader@324585e5' where picture_id=1983;
2022-10-10 14:33:47.286  INFO 4460 --- [    Test worker] p6spy                                    : #1665380027286 | took 0ms | statement | connection 24| url jdbc:h2:mem:ad3a9e80-f26d-4a3e-9691-17f803db5723
update picture set spot_id=?, url=? where picture_id=?
update picture set spot_id=549, url='java.io.StringReader@28383eeb' where picture_id=1985;
2022-10-10 14:33:47.286  INFO 4460 --- [    Test worker] p6spy                                    : #1665380027286 | took 0ms | statement | connection 24| url jdbc:h2:mem:ad3a9e80-f26d-4a3e-9691-17f803db5723
update picture set spot_id=?, url=? where picture_id=?
update picture set spot_id=549, url='java.io.StringReader@32753297' where picture_id=1986;
2022-10-10 14:33:47.286  INFO 4460 --- [    Test worker] p6spy                                    : #1665380027286 | took 0ms | statement | connection 24| url jdbc:h2:mem:ad3a9e80-f26d-4a3e-9691-17f803db5723
update picture set spot_id=?, url=? where picture_id=?
update picture set spot_id=549, url='java.io.StringReader@504ea9b3' where picture_id=1987;
2022-10-10 14:33:47.286  INFO 4460 --- [    Test worker] p6spy                                    : #1665380027286 | took 0ms | statement | connection 24| url jdbc:h2:mem:ad3a9e80-f26d-4a3e-9691-17f803db5723
update picture set spot_id=?, url=? where picture_id=?
update picture set spot_id=550, url='java.io.StringReader@1ce09093' where picture_id=1989;
2022-10-10 14:33:47.286  INFO 4460 --- [    Test worker] p6spy                                    : #1665380027286 | took 0ms | statement | connection 24| url jdbc:h2:mem:ad3a9e80-f26d-4a3e-9691-17f803db5723
update picture set spot_id=?, url=? where picture_id=?
update picture set spot_id=550, url='java.io.StringReader@28a11abc' where picture_id=1990;
2022-10-10 14:33:47.286  INFO 4460 --- [    Test worker] p6spy                                    : #1665380027286 | took 0ms | statement | connection 24| url jdbc:h2:mem:ad3a9e80-f26d-4a3e-9691-17f803db5723
update picture set spot_id=?, url=? where picture_id=?
update picture set spot_id=550, url='java.io.StringReader@1dd73be7' where picture_id=1991;
2022-10-10 14:33:47.286  INFO 4460 --- [    Test worker] p6spy                                    : #1665380027286 | took 0ms | statement | connection 24| url jdbc:h2:mem:ad3a9e80-f26d-4a3e-9691-17f803db5723
update picture set spot_id=?, url=? where picture_id=?
update picture set spot_id=551, url='java.io.StringReader@5c1735bd' where picture_id=1993;
2022-10-10 14:33:47.286  INFO 4460 --- [    Test worker] p6spy                                    : #1665380027286 | took 0ms | statement | connection 24| url jdbc:h2:mem:ad3a9e80-f26d-4a3e-9691-17f803db5723
update picture set spot_id=?, url=? where picture_id=?
update picture set spot_id=551, url='java.io.StringReader@2c475325' where picture_id=1994;
2022-10-10 14:33:47.286  INFO 4460 --- [    Test worker] p6spy                                    : #1665380027286 | took 0ms | statement | connection 24| url jdbc:h2:mem:ad3a9e80-f26d-4a3e-9691-17f803db5723
update picture set spot_id=?, url=? where picture_id=?
update picture set spot_id=551, url='java.io.StringReader@360c6e83' where picture_id=1995;
2022-10-10 14:33:47.286  INFO 4460 --- [    Test worker] p6spy                                    : #1665380027286 | took 0ms | statement | connection 24| url jdbc:h2:mem:ad3a9e80-f26d-4a3e-9691-17f803db5723
update picture set spot_id=?, url=? where picture_id=?
update picture set spot_id=552, url='java.io.StringReader@3f120a6d' where picture_id=1997;
2022-10-10 14:33:47.286  INFO 4460 --- [    Test worker] p6spy                                    : #1665380027286 | took 0ms | statement | connection 24| url jdbc:h2:mem:ad3a9e80-f26d-4a3e-9691-17f803db5723
update picture set spot_id=?, url=? where picture_id=?
update picture set spot_id=552, url='java.io.StringReader@727606f3' where picture_id=1998;
2022-10-10 14:33:47.286  INFO 4460 --- [    Test worker] p6spy                                    : #1665380027286 | took 0ms | statement | connection 24| url jdbc:h2:mem:ad3a9e80-f26d-4a3e-9691-17f803db5723
update picture set spot_id=?, url=? where picture_id=?
update picture set spot_id=552, url='java.io.StringReader@2552409b' where picture_id=1999;
2022-10-10 14:33:47.286  INFO 4460 --- [    Test worker] p6spy                                    : #1665380027286 | took 0ms | statement | connection 24| url jdbc:h2:mem:ad3a9e80-f26d-4a3e-9691-17f803db5723
update picture set spot_id=?, url=? where picture_id=?
update picture set spot_id=553, url='java.io.StringReader@44c881c9' where picture_id=2001;
2022-10-10 14:33:47.286  INFO 4460 --- [    Test worker] p6spy                                    : #1665380027286 | took 0ms | statement | connection 24| url jdbc:h2:mem:ad3a9e80-f26d-4a3e-9691-17f803db5723
update picture set spot_id=?, url=? where picture_id=?
update picture set spot_id=553, url='java.io.StringReader@46fab768' where picture_id=2002;
2022-10-10 14:33:47.286  INFO 4460 --- [    Test worker] p6spy                                    : #1665380027286 | took 0ms | statement | connection 24| url jdbc:h2:mem:ad3a9e80-f26d-4a3e-9691-17f803db5723
update picture set spot_id=?, url=? where picture_id=?
update picture set spot_id=553, url='java.io.StringReader@152153aa' where picture_id=2003;
2022-10-10 14:33:47.286  INFO 4460 --- [    Test worker] p6spy                                    : #1665380027286 | took 0ms | statement | connection 24| url jdbc:h2:mem:ad3a9e80-f26d-4a3e-9691-17f803db5723
update picture set spot_id=?, url=? where picture_id=?
update picture set spot_id=554, url='java.io.StringReader@5c161920' where picture_id=2005;
2022-10-10 14:33:47.286  INFO 4460 --- [    Test worker] p6spy                                    : #1665380027286 | took 0ms | statement | connection 24| url jdbc:h2:mem:ad3a9e80-f26d-4a3e-9691-17f803db5723
update picture set spot_id=?, url=? where picture_id=?
update picture set spot_id=554, url='java.io.StringReader@d2eeeea' where picture_id=2006;
2022-10-10 14:33:47.286  INFO 4460 --- [    Test worker] p6spy                                    : #1665380027286 | took 0ms | statement | connection 24| url jdbc:h2:mem:ad3a9e80-f26d-4a3e-9691-17f803db5723
update picture set spot_id=?, url=? where picture_id=?
update picture set spot_id=554, url='java.io.StringReader@55e33487' where picture_id=2007;
2022-10-10 14:33:47.287  INFO 4460 --- [    Test worker] p6spy                                    : #1665380027287 | took 0ms | statement | connection 24| url jdbc:h2:mem:ad3a9e80-f26d-4a3e-9691-17f803db5723
update picture set spot_id=?, url=? where picture_id=?
update picture set spot_id=555, url='java.io.StringReader@76b6e5ab' where picture_id=2009;
2022-10-10 14:33:47.287  INFO 4460 --- [    Test worker] p6spy                                    : #1665380027287 | took 0ms | statement | connection 24| url jdbc:h2:mem:ad3a9e80-f26d-4a3e-9691-17f803db5723
update picture set spot_id=?, url=? where picture_id=?
update picture set spot_id=555, url='java.io.StringReader@37108ba5' where picture_id=2010;
2022-10-10 14:33:47.287  INFO 4460 --- [    Test worker] p6spy                                    : #1665380027287 | took 0ms | statement | connection 24| url jdbc:h2:mem:ad3a9e80-f26d-4a3e-9691-17f803db5723
update picture set spot_id=?, url=? where picture_id=?
update picture set spot_id=555, url='java.io.StringReader@594d3c8f' where picture_id=2011;
2022-10-10 14:33:47.287  INFO 4460 --- [    Test worker] p6spy                                    : #1665380027287 | took 0ms | statement | connection 24| url jdbc:h2:mem:ad3a9e80-f26d-4a3e-9691-17f803db5723
update picture set spot_id=?, url=? where picture_id=?
update picture set spot_id=556, url='java.io.StringReader@43c3b180' where picture_id=2013;
2022-10-10 14:33:47.287  INFO 4460 --- [    Test worker] p6spy                                    : #1665380027287 | took 0ms | statement | connection 24| url jdbc:h2:mem:ad3a9e80-f26d-4a3e-9691-17f803db5723
update picture set spot_id=?, url=? where picture_id=?
update picture set spot_id=556, url='java.io.StringReader@65c12ef3' where picture_id=2014;
2022-10-10 14:33:47.287  INFO 4460 --- [    Test worker] p6spy                                    : #1665380027287 | took 0ms | statement | connection 24| url jdbc:h2:mem:ad3a9e80-f26d-4a3e-9691-17f803db5723
update picture set spot_id=?, url=? where picture_id=?
update picture set spot_id=556, url='java.io.StringReader@68d4379e' where picture_id=2015;
2022-10-10 14:33:47.287  INFO 4460 --- [    Test worker] p6spy                                    : #1665380027287 | took 0ms | statement | connection 24| url jdbc:h2:mem:ad3a9e80-f26d-4a3e-9691-17f803db5723
update picture set spot_id=?, url=? where picture_id=?
update picture set spot_id=557, url='java.io.StringReader@56bc1039' where picture_id=2017;
2022-10-10 14:33:47.287  INFO 4460 --- [    Test worker] p6spy                                    : #1665380027287 | took 0ms | statement | connection 24| url jdbc:h2:mem:ad3a9e80-f26d-4a3e-9691-17f803db5723
update picture set spot_id=?, url=? where picture_id=?
update picture set spot_id=557, url='java.io.StringReader@377531b4' where picture_id=2018;
2022-10-10 14:33:47.287  INFO 4460 --- [    Test worker] p6spy                                    : #1665380027287 | took 0ms | statement | connection 24| url jdbc:h2:mem:ad3a9e80-f26d-4a3e-9691-17f803db5723
update picture set spot_id=?, url=? where picture_id=?
update picture set spot_id=557, url='java.io.StringReader@2640c542' where picture_id=2019;
2022-10-10 14:33:47.287  INFO 4460 --- [    Test worker] p6spy                                    : #1665380027287 | took 0ms | statement | connection 24| url jdbc:h2:mem:ad3a9e80-f26d-4a3e-9691-17f803db5723
update picture set spot_id=?, url=? where picture_id=?
update picture set spot_id=558, url='java.io.StringReader@3d308ad9' where picture_id=2021;
2022-10-10 14:33:47.287  INFO 4460 --- [    Test worker] p6spy                                    : #1665380027287 | took 0ms | statement | connection 24| url jdbc:h2:mem:ad3a9e80-f26d-4a3e-9691-17f803db5723
update picture set spot_id=?, url=? where picture_id=?
update picture set spot_id=558, url='java.io.StringReader@36dbbbaa' where picture_id=2022;
2022-10-10 14:33:47.287  INFO 4460 --- [    Test worker] p6spy                                    : #1665380027287 | took 0ms | statement | connection 24| url jdbc:h2:mem:ad3a9e80-f26d-4a3e-9691-17f803db5723
update picture set spot_id=?, url=? where picture_id=?
update picture set spot_id=558, url='java.io.StringReader@2c4ec12b' where picture_id=2023;
2022-10-10 14:33:47.287  INFO 4460 --- [    Test worker] p6spy                                    : #1665380027287 | took 0ms | statement | connection 24| url jdbc:h2:mem:ad3a9e80-f26d-4a3e-9691-17f803db5723
update picture set spot_id=?, url=? where picture_id=?
update picture set spot_id=559, url='java.io.StringReader@54f1acb2' where picture_id=2025;
2022-10-10 14:33:47.287  INFO 4460 --- [    Test worker] p6spy                                    : #1665380027287 | took 0ms | statement | connection 24| url jdbc:h2:mem:ad3a9e80-f26d-4a3e-9691-17f803db5723
update picture set spot_id=?, url=? where picture_id=?
update picture set spot_id=559, url='java.io.StringReader@52561f8e' where picture_id=2026;
2022-10-10 14:33:47.287  INFO 4460 --- [    Test worker] p6spy                                    : #1665380027287 | took 0ms | statement | connection 24| url jdbc:h2:mem:ad3a9e80-f26d-4a3e-9691-17f803db5723
update picture set spot_id=?, url=? where picture_id=?
update picture set spot_id=559, url='java.io.StringReader@463d61e5' where picture_id=2027;
2022-10-10 14:33:47.287  INFO 4460 --- [    Test worker] p6spy                                    : #1665380027287 | took 0ms | statement | connection 24| url jdbc:h2:mem:ad3a9e80-f26d-4a3e-9691-17f803db5723
update picture set spot_id=?, url=? where picture_id=?
update picture set spot_id=560, url='java.io.StringReader@50306f7d' where picture_id=2029;
2022-10-10 14:33:47.287  INFO 4460 --- [    Test worker] p6spy                                    : #1665380027287 | took 0ms | statement | connection 24| url jdbc:h2:mem:ad3a9e80-f26d-4a3e-9691-17f803db5723
update picture set spot_id=?, url=? where picture_id=?
update picture set spot_id=560, url='java.io.StringReader@28cd46c6' where picture_id=2030;
2022-10-10 14:33:47.287  INFO 4460 --- [    Test worker] p6spy                                    : #1665380027287 | took 0ms | statement | connection 24| url jdbc:h2:mem:ad3a9e80-f26d-4a3e-9691-17f803db5723
update picture set spot_id=?, url=? where picture_id=?
update picture set spot_id=560, url='java.io.StringReader@39bddf3b' where picture_id=2031;
2022-10-10 14:33:47.287  INFO 4460 --- [    Test worker] p6spy                                    : #1665380027287 | took 0ms | statement | connection 24| url jdbc:h2:mem:ad3a9e80-f26d-4a3e-9691-17f803db5723
update picture set spot_id=?, url=? where picture_id=?
update picture set spot_id=561, url='java.io.StringReader@57a4c9df' where picture_id=2033;
2022-10-10 14:33:47.287  INFO 4460 --- [    Test worker] p6spy                                    : #1665380027287 | took 0ms | statement | connection 24| url jdbc:h2:mem:ad3a9e80-f26d-4a3e-9691-17f803db5723
update picture set spot_id=?, url=? where picture_id=?
update picture set spot_id=561, url='java.io.StringReader@1364ca39' where picture_id=2034;
2022-10-10 14:33:47.287  INFO 4460 --- [    Test worker] p6spy                                    : #1665380027287 | took 0ms | statement | connection 24| url jdbc:h2:mem:ad3a9e80-f26d-4a3e-9691-17f803db5723
update picture set spot_id=?, url=? where picture_id=?
update picture set spot_id=561, url='java.io.StringReader@6ecc25c2' where picture_id=2035;
2022-10-10 14:33:47.287  INFO 4460 --- [    Test worker] p6spy                                    : #1665380027287 | took 0ms | statement | connection 24| url jdbc:h2:mem:ad3a9e80-f26d-4a3e-9691-17f803db5723
update picture set spot_id=?, url=? where picture_id=?
update picture set spot_id=562, url='java.io.StringReader@f7fa6b6' where picture_id=2037;
2022-10-10 14:33:47.287  INFO 4460 --- [    Test worker] p6spy                                    : #1665380027287 | took 0ms | statement | connection 24| url jdbc:h2:mem:ad3a9e80-f26d-4a3e-9691-17f803db5723
update picture set spot_id=?, url=? where picture_id=?
update picture set spot_id=562, url='java.io.StringReader@225f397c' where picture_id=2038;
2022-10-10 14:33:47.287  INFO 4460 --- [    Test worker] p6spy                                    : #1665380027287 | took 0ms | statement | connection 24| url jdbc:h2:mem:ad3a9e80-f26d-4a3e-9691-17f803db5723
update picture set spot_id=?, url=? where picture_id=?
update picture set spot_id=562, url='java.io.StringReader@64b5e60f' where picture_id=2039;
2022-10-10 14:33:47.288  INFO 4460 --- [    Test worker] p6spy                                    : #1665380027288 | took 0ms | statement | connection 24| url jdbc:h2:mem:ad3a9e80-f26d-4a3e-9691-17f803db5723
update picture set spot_id=?, url=? where picture_id=?
update picture set spot_id=563, url='java.io.StringReader@438496a9' where picture_id=2041;
2022-10-10 14:33:47.288  INFO 4460 --- [    Test worker] p6spy                                    : #1665380027288 | took 0ms | statement | connection 24| url jdbc:h2:mem:ad3a9e80-f26d-4a3e-9691-17f803db5723
update picture set spot_id=?, url=? where picture_id=?
update picture set spot_id=563, url='java.io.StringReader@48217cec' where picture_id=2042;
2022-10-10 14:33:47.288  INFO 4460 --- [    Test worker] p6spy                                    : #1665380027288 | took 0ms | statement | connection 24| url jdbc:h2:mem:ad3a9e80-f26d-4a3e-9691-17f803db5723
update picture set spot_id=?, url=? where picture_id=?
update picture set spot_id=563, url='java.io.StringReader@2f3a4ce7' where picture_id=2043;
2022-10-10 14:33:47.288  INFO 4460 --- [    Test worker] p6spy                                    : #1665380027288 | took 0ms | statement | connection 24| url jdbc:h2:mem:ad3a9e80-f26d-4a3e-9691-17f803db5723
update picture set spot_id=?, url=? where picture_id=?
update picture set spot_id=564, url='java.io.StringReader@29c4af83' where picture_id=2045;
2022-10-10 14:33:47.288  INFO 4460 --- [    Test worker] p6spy                                    : #1665380027288 | took 0ms | statement | connection 24| url jdbc:h2:mem:ad3a9e80-f26d-4a3e-9691-17f803db5723
update picture set spot_id=?, url=? where picture_id=?
update picture set spot_id=564, url='java.io.StringReader@36e57784' where picture_id=2046;
2022-10-10 14:33:47.288  INFO 4460 --- [    Test worker] p6spy                                    : #1665380027288 | took 0ms | statement | connection 24| url jdbc:h2:mem:ad3a9e80-f26d-4a3e-9691-17f803db5723
update picture set spot_id=?, url=? where picture_id=?
update picture set spot_id=564, url='java.io.StringReader@1620633d' where picture_id=2047;
2022-10-10 14:33:47.288  INFO 4460 --- [    Test worker] p6spy                                    : #1665380027288 | took 0ms | statement | connection 24| url jdbc:h2:mem:ad3a9e80-f26d-4a3e-9691-17f803db5723
update picture set spot_id=?, url=? where picture_id=?
update picture set spot_id=565, url='java.io.StringReader@713850e5' where picture_id=2049;
2022-10-10 14:33:47.288  INFO 4460 --- [    Test worker] p6spy                                    : #1665380027288 | took 0ms | statement | connection 24| url jdbc:h2:mem:ad3a9e80-f26d-4a3e-9691-17f803db5723
update picture set spot_id=?, url=? where picture_id=?
update picture set spot_id=565, url='java.io.StringReader@21e13760' where picture_id=2050;
2022-10-10 14:33:47.288  INFO 4460 --- [    Test worker] p6spy                                    : #1665380027288 | took 0ms | statement | connection 24| url jdbc:h2:mem:ad3a9e80-f26d-4a3e-9691-17f803db5723
update picture set spot_id=?, url=? where picture_id=?
update picture set spot_id=565, url='java.io.StringReader@20206727' where picture_id=2051;
2022-10-10 14:33:47.288  INFO 4460 --- [    Test worker] p6spy                                    : #1665380027288 | took 0ms | statement | connection 24| url jdbc:h2:mem:ad3a9e80-f26d-4a3e-9691-17f803db5723
update picture set spot_id=?, url=? where picture_id=?
update picture set spot_id=566, url='java.io.StringReader@6dac1e9c' where picture_id=2053;
2022-10-10 14:33:47.288  INFO 4460 --- [    Test worker] p6spy                                    : #1665380027288 | took 0ms | statement | connection 24| url jdbc:h2:mem:ad3a9e80-f26d-4a3e-9691-17f803db5723
update picture set spot_id=?, url=? where picture_id=?
update picture set spot_id=566, url='java.io.StringReader@3ebe1d2a' where picture_id=2054;
2022-10-10 14:33:47.288  INFO 4460 --- [    Test worker] p6spy                                    : #1665380027288 | took 0ms | statement | connection 24| url jdbc:h2:mem:ad3a9e80-f26d-4a3e-9691-17f803db5723
update picture set spot_id=?, url=? where picture_id=?
update picture set spot_id=566, url='java.io.StringReader@3140d2b5' where picture_id=2055;
2022-10-10 14:33:47.288  INFO 4460 --- [    Test worker] p6spy                                    : #1665380027288 | took 0ms | statement | connection 24| url jdbc:h2:mem:ad3a9e80-f26d-4a3e-9691-17f803db5723
update picture set spot_id=?, url=? where picture_id=?
update picture set spot_id=567, url='java.io.StringReader@1cebbbac' where picture_id=2057;
2022-10-10 14:33:47.288  INFO 4460 --- [    Test worker] p6spy                                    : #1665380027288 | took 0ms | statement | connection 24| url jdbc:h2:mem:ad3a9e80-f26d-4a3e-9691-17f803db5723
update picture set spot_id=?, url=? where picture_id=?
update picture set spot_id=567, url='java.io.StringReader@6a54d849' where picture_id=2058;
2022-10-10 14:33:47.288  INFO 4460 --- [    Test worker] p6spy                                    : #1665380027288 | took 0ms | statement | connection 24| url jdbc:h2:mem:ad3a9e80-f26d-4a3e-9691-17f803db5723
update picture set spot_id=?, url=? where picture_id=?
update picture set spot_id=567, url='java.io.StringReader@71f8971a' where picture_id=2059;
2022-10-10 14:33:47.288  INFO 4460 --- [    Test worker] p6spy                                    : #1665380027288 | took 0ms | statement | connection 24| url jdbc:h2:mem:ad3a9e80-f26d-4a3e-9691-17f803db5723
update picture set spot_id=?, url=? where picture_id=?
update picture set spot_id=568, url='java.io.StringReader@5033ff30' where picture_id=2061;
2022-10-10 14:33:47.288  INFO 4460 --- [    Test worker] p6spy                                    : #1665380027288 | took 0ms | statement | connection 24| url jdbc:h2:mem:ad3a9e80-f26d-4a3e-9691-17f803db5723
update picture set spot_id=?, url=? where picture_id=?
update picture set spot_id=568, url='java.io.StringReader@658809f3' where picture_id=2062;
2022-10-10 14:33:47.288  INFO 4460 --- [    Test worker] p6spy                                    : #1665380027288 | took 0ms | statement | connection 24| url jdbc:h2:mem:ad3a9e80-f26d-4a3e-9691-17f803db5723
update picture set spot_id=?, url=? where picture_id=?
update picture set spot_id=568, url='java.io.StringReader@527790e0' where picture_id=2063;
2022-10-10 14:33:47.289  INFO 4460 --- [    Test worker] c.j.r.FavoriteSpotQueryRepositoryTest    : member1 = Member(id=16, username=member1, email=member1@gmail.com, password=1234)
2022-10-10 14:33:47.289  INFO 4460 --- [    Test worker] c.j.r.FavoriteSpotQueryRepositoryTest    : favoriteMain = Favorite(id=38, name=1일차)
2022-10-10 14:33:47.289  INFO 4460 --- [    Test worker] c.j.r.FavoriteSpotQueryRepositoryTest    : spots[0] = capstone.jejuTourrecommend.domain.Spot@7a1d454d
2022-10-10 14:33:47.289  INFO 4460 --- [    Test worker] c.j.r.FavoriteSpotQueryRepositoryTest    : favoriteSpots[0] = FavoriteSpot(id=371, count=0)
2022-10-10 14:33:47.290  INFO 4460 --- [    Test worker] p6spy                                    : #1665380027290 | took 0ms | statement | connection 24| url jdbc:h2:mem:ad3a9e80-f26d-4a3e-9691-17f803db5723
select favoritesp0_.favorite_spot_id as favorite1_1_, favoritesp0_.count as count2_1_, favoritesp0_.favorite_id as favorite3_1_, favoritesp0_.spot_id as spot_id4_1_ from favorite_spot favoritesp0_ where favoritesp0_.favorite_id=? and favoritesp0_.spot_id=?
select favoritesp0_.favorite_spot_id as favorite1_1_, favoritesp0_.count as count2_1_, favoritesp0_.favorite_id as favorite3_1_, favoritesp0_.spot_id as spot_id4_1_ from favorite_spot favoritesp0_ where favoritesp0_.favorite_id=3 and favoritesp0_.spot_id=10000;
2022-10-10 14:33:47.296  INFO 4460 --- [    Test worker] p6spy                                    : #1665380027296 | took 5ms | rollback | connection 24| url jdbc:h2:mem:ad3a9e80-f26d-4a3e-9691-17f803db5723

;
2022-10-10 14:33:47.297  INFO 4460 --- [    Test worker] o.s.t.c.transaction.TransactionContext   : Rolled back transaction for test: [DefaultTestContext@62231c0f testClass = FavoriteSpotQueryRepositoryTest, testInstance = capstone.jejuTourrecommend.repository.FavoriteSpotQueryRepositoryTest@2a3ac2fe, testMethod = exitSpotTest@FavoriteSpotQueryRepositoryTest, testException = [null], mergedContextConfiguration = [WebMergedContextConfiguration@fdc872e testClass = FavoriteSpotQueryRepositoryTest, locations = '{}', classes = '{class capstone.jejuTourrecommend.JejuTourRecommendApplication}', contextInitializerClasses = '[]', activeProfiles = '{}', propertySourceLocations = '{}', propertySourceProperties = '{org.springframework.boot.test.context.SpringBootTestContextBootstrapper=true}', contextCustomizers = set[org.springframework.boot.test.autoconfigure.actuate.metrics.MetricsExportContextCustomizerFactory$DisableMetricExportContextCustomizer@749c877b, org.springframework.boot.test.autoconfigure.properties.PropertyMappingContextCustomizer@0, org.springframework.boot.test.autoconfigure.web.servlet.WebDriverContextCustomizerFactory$Customizer@60f7cc1d, org.springframework.boot.test.context.filter.ExcludeFilterContextCustomizer@207ea13, org.springframework.boot.test.json.DuplicateJsonObjectContextCustomizerFactory$DuplicateJsonObjectContextCustomizer@5827af16, org.springframework.boot.test.mock.mockito.MockitoContextCustomizer@0, org.springframework.boot.test.web.client.TestRestTemplateContextCustomizer@50fe837a, org.springframework.boot.test.context.SpringBootTestArgs@1, org.springframework.boot.test.context.SpringBootTestWebEnvironment@51bd8b5c], resourceBasePath = 'src/main/webapp', contextLoader = 'org.springframework.boot.test.context.SpringBootContextLoader', parent = [null]], attributes = map['org.springframework.test.context.web.ServletTestExecutionListener.activateListener' -> true, 'org.springframework.test.context.web.ServletTestExecutionListener.populatedRequestContextHolder' -> true, 'org.springframework.test.context.web.ServletTestExecutionListener.resetRequestContextHolder' -> true, 'org.springframework.test.context.event.ApplicationEventsTestExecutionListener.recordApplicationEvents' -> false]]
2022-10-10 14:33:47.298  INFO 4460 --- [    Test worker] o.s.t.c.transaction.TransactionContext   : Began transaction (1) for test context [DefaultTestContext@62231c0f testClass = FavoriteSpotQueryRepositoryTest, testInstance = capstone.jejuTourrecommend.repository.FavoriteSpotQueryRepositoryTest@361986c2, testMethod = deleteFavoriteSpot@FavoriteSpotQueryRepositoryTest, testException = [null], mergedContextConfiguration = [WebMergedContextConfiguration@fdc872e testClass = FavoriteSpotQueryRepositoryTest, locations = '{}', classes = '{class capstone.jejuTourrecommend.JejuTourRecommendApplication}', contextInitializerClasses = '[]', activeProfiles = '{}', propertySourceLocations = '{}', propertySourceProperties = '{org.springframework.boot.test.context.SpringBootTestContextBootstrapper=true}', contextCustomizers = set[org.springframework.boot.test.autoconfigure.actuate.metrics.MetricsExportContextCustomizerFactory$DisableMetricExportContextCustomizer@749c877b, org.springframework.boot.test.autoconfigure.properties.PropertyMappingContextCustomizer@0, org.springframework.boot.test.autoconfigure.web.servlet.WebDriverContextCustomizerFactory$Customizer@60f7cc1d, org.springframework.boot.test.context.filter.ExcludeFilterContextCustomizer@207ea13, org.springframework.boot.test.json.DuplicateJsonObjectContextCustomizerFactory$DuplicateJsonObjectContextCustomizer@5827af16, org.springframework.boot.test.mock.mockito.MockitoContextCustomizer@0, org.springframework.boot.test.web.client.TestRestTemplateContextCustomizer@50fe837a, org.springframework.boot.test.context.SpringBootTestArgs@1, org.springframework.boot.test.context.SpringBootTestWebEnvironment@51bd8b5c], resourceBasePath = 'src/main/webapp', contextLoader = 'org.springframework.boot.test.context.SpringBootContextLoader', parent = [null]], attributes = map['org.springframework.test.context.web.ServletTestExecutionListener.activateListener' -> true, 'org.springframework.test.context.web.ServletTestExecutionListener.populatedRequestContextHolder' -> true, 'org.springframework.test.context.web.ServletTestExecutionListener.resetRequestContextHolder' -> true, 'org.springframework.test.context.event.ApplicationEventsTestExecutionListener.recordApplicationEvents' -> false]]; transaction manager [org.springframework.orm.jpa.JpaTransactionManager@4545ac62]; rollback [true]
2022-10-10 14:33:47.299  INFO 4460 --- [    Test worker] c.j.r.FavoriteSpotQueryRepositoryTest    : member1 =Member(id=18, username=member1, email=member1@gmail.com, password=1234)
2022-10-10 14:33:47.299  INFO 4460 --- [    Test worker] p6spy                                    : #1665380027299 | took 0ms | statement | connection 25| url jdbc:h2:mem:ad3a9e80-f26d-4a3e-9691-17f803db5723
call next value for hibernate_sequence
call next value for hibernate_sequence;
2022-10-10 14:33:47.299  INFO 4460 --- [    Test worker] p6spy                                    : #1665380027299 | took 0ms | statement | connection 25| url jdbc:h2:mem:ad3a9e80-f26d-4a3e-9691-17f803db5723
call next value for hibernate_sequence
call next value for hibernate_sequence;
2022-10-10 14:33:47.299  INFO 4460 --- [    Test worker] p6spy                                    : #1665380027299 | took 0ms | statement | connection 25| url jdbc:h2:mem:ad3a9e80-f26d-4a3e-9691-17f803db5723
call next value for hibernate_sequence
call next value for hibernate_sequence;
2022-10-10 14:33:47.299  INFO 4460 --- [    Test worker] p6spy                                    : #1665380027299 | took 0ms | statement | connection 25| url jdbc:h2:mem:ad3a9e80-f26d-4a3e-9691-17f803db5723
call next value for hibernate_sequence
call next value for hibernate_sequence;
2022-10-10 14:33:47.299  INFO 4460 --- [    Test worker] c.j.r.FavoriteSpotQueryRepositoryTest    : favoriteSpot = FavoriteSpot(id=421, count=0)
2022-10-10 14:33:47.299  INFO 4460 --- [    Test worker] c.j.r.FavoriteSpotQueryRepositoryTest    : Spot = capstone.jejuTourrecommend.domain.Spot@5ace695
2022-10-10 14:33:47.299  INFO 4460 --- [    Test worker] p6spy                                    : #1665380027299 | took 0ms | statement | connection 25| url jdbc:h2:mem:ad3a9e80-f26d-4a3e-9691-17f803db5723
call next value for hibernate_sequence
call next value for hibernate_sequence;
2022-10-10 14:33:47.299  INFO 4460 --- [    Test worker] p6spy                                    : #1665380027299 | took 0ms | statement | connection 25| url jdbc:h2:mem:ad3a9e80-f26d-4a3e-9691-17f803db5723
call next value for hibernate_sequence
call next value for hibernate_sequence;
2022-10-10 14:33:47.299  INFO 4460 --- [    Test worker] p6spy                                    : #1665380027299 | took 0ms | statement | connection 25| url jdbc:h2:mem:ad3a9e80-f26d-4a3e-9691-17f803db5723
call next value for hibernate_sequence
call next value for hibernate_sequence;
2022-10-10 14:33:47.299  INFO 4460 --- [    Test worker] p6spy                                    : #1665380027299 | took 0ms | statement | connection 25| url jdbc:h2:mem:ad3a9e80-f26d-4a3e-9691-17f803db5723
call next value for hibernate_sequence
call next value for hibernate_sequence;
2022-10-10 14:33:47.300  INFO 4460 --- [    Test worker] p6spy                                    : #1665380027300 | took 0ms | statement | connection 25| url jdbc:h2:mem:ad3a9e80-f26d-4a3e-9691-17f803db5723
call next value for hibernate_sequence
call next value for hibernate_sequence;
2022-10-10 14:33:47.300  INFO 4460 --- [    Test worker] p6spy                                    : #1665380027300 | took 0ms | statement | connection 25| url jdbc:h2:mem:ad3a9e80-f26d-4a3e-9691-17f803db5723
call next value for hibernate_sequence
call next value for hibernate_sequence;
2022-10-10 14:33:47.300  INFO 4460 --- [    Test worker] p6spy                                    : #1665380027300 | took 0ms | statement | connection 25| url jdbc:h2:mem:ad3a9e80-f26d-4a3e-9691-17f803db5723
call next value for hibernate_sequence
call next value for hibernate_sequence;
2022-10-10 14:33:47.300  INFO 4460 --- [    Test worker] p6spy                                    : #1665380027300 | took 0ms | statement | connection 25| url jdbc:h2:mem:ad3a9e80-f26d-4a3e-9691-17f803db5723
call next value for hibernate_sequence
call next value for hibernate_sequence;
2022-10-10 14:33:47.300  INFO 4460 --- [    Test worker] c.j.r.FavoriteSpotQueryRepositoryTest    : favoriteSpot = FavoriteSpot(id=422, count=0)
2022-10-10 14:33:47.300  INFO 4460 --- [    Test worker] c.j.r.FavoriteSpotQueryRepositoryTest    : Spot = capstone.jejuTourrecommend.domain.Spot@4c01cb27
2022-10-10 14:33:47.300  INFO 4460 --- [    Test worker] p6spy                                    : #1665380027300 | took 0ms | statement | connection 25| url jdbc:h2:mem:ad3a9e80-f26d-4a3e-9691-17f803db5723
call next value for hibernate_sequence
call next value for hibernate_sequence;
2022-10-10 14:33:47.300  INFO 4460 --- [    Test worker] p6spy                                    : #1665380027300 | took 0ms | statement | connection 25| url jdbc:h2:mem:ad3a9e80-f26d-4a3e-9691-17f803db5723
call next value for hibernate_sequence
call next value for hibernate_sequence;
2022-10-10 14:33:47.300  INFO 4460 --- [    Test worker] p6spy                                    : #1665380027300 | took 0ms | statement | connection 25| url jdbc:h2:mem:ad3a9e80-f26d-4a3e-9691-17f803db5723
call next value for hibernate_sequence
call next value for hibernate_sequence;
2022-10-10 14:33:47.300  INFO 4460 --- [    Test worker] p6spy                                    : #1665380027300 | took 0ms | statement | connection 25| url jdbc:h2:mem:ad3a9e80-f26d-4a3e-9691-17f803db5723
call next value for hibernate_sequence
call next value for hibernate_sequence;
2022-10-10 14:33:47.300  INFO 4460 --- [    Test worker] p6spy                                    : #1665380027300 | took 0ms | statement | connection 25| url jdbc:h2:mem:ad3a9e80-f26d-4a3e-9691-17f803db5723
call next value for hibernate_sequence
call next value for hibernate_sequence;
2022-10-10 14:33:47.300  INFO 4460 --- [    Test worker] p6spy                                    : #1665380027300 | took 0ms | statement | connection 25| url jdbc:h2:mem:ad3a9e80-f26d-4a3e-9691-17f803db5723
call next value for hibernate_sequence
call next value for hibernate_sequence;
2022-10-10 14:33:47.300  INFO 4460 --- [    Test worker] p6spy                                    : #1665380027300 | took 0ms | statement | connection 25| url jdbc:h2:mem:ad3a9e80-f26d-4a3e-9691-17f803db5723
call next value for hibernate_sequence
call next value for hibernate_sequence;
2022-10-10 14:33:47.300  INFO 4460 --- [    Test worker] p6spy                                    : #1665380027300 | took 0ms | statement | connection 25| url jdbc:h2:mem:ad3a9e80-f26d-4a3e-9691-17f803db5723
call next value for hibernate_sequence
call next value for hibernate_sequence;
2022-10-10 14:33:47.300  INFO 4460 --- [    Test worker] c.j.r.FavoriteSpotQueryRepositoryTest    : favoriteSpot = FavoriteSpot(id=423, count=0)
2022-10-10 14:33:47.300  INFO 4460 --- [    Test worker] c.j.r.FavoriteSpotQueryRepositoryTest    : Spot = capstone.jejuTourrecommend.domain.Spot@76065be8
2022-10-10 14:33:47.300  INFO 4460 --- [    Test worker] p6spy                                    : #1665380027300 | took 0ms | statement | connection 25| url jdbc:h2:mem:ad3a9e80-f26d-4a3e-9691-17f803db5723
call next value for hibernate_sequence
call next value for hibernate_sequence;
2022-10-10 14:33:47.300  INFO 4460 --- [    Test worker] p6spy                                    : #1665380027300 | took 0ms | statement | connection 25| url jdbc:h2:mem:ad3a9e80-f26d-4a3e-9691-17f803db5723
call next value for hibernate_sequence
call next value for hibernate_sequence;
2022-10-10 14:33:47.300  INFO 4460 --- [    Test worker] p6spy                                    : #1665380027300 | took 0ms | statement | connection 25| url jdbc:h2:mem:ad3a9e80-f26d-4a3e-9691-17f803db5723
call next value for hibernate_sequence
call next value for hibernate_sequence;
2022-10-10 14:33:47.300  INFO 4460 --- [    Test worker] p6spy                                    : #1665380027300 | took 0ms | statement | connection 25| url jdbc:h2:mem:ad3a9e80-f26d-4a3e-9691-17f803db5723
call next value for hibernate_sequence
call next value for hibernate_sequence;
2022-10-10 14:33:47.300  INFO 4460 --- [    Test worker] p6spy                                    : #1665380027300 | took 0ms | statement | connection 25| url jdbc:h2:mem:ad3a9e80-f26d-4a3e-9691-17f803db5723
call next value for hibernate_sequence
call next value for hibernate_sequence;
2022-10-10 14:33:47.300  INFO 4460 --- [    Test worker] p6spy                                    : #1665380027300 | took 0ms | statement | connection 25| url jdbc:h2:mem:ad3a9e80-f26d-4a3e-9691-17f803db5723
call next value for hibernate_sequence
call next value for hibernate_sequence;
2022-10-10 14:33:47.300  INFO 4460 --- [    Test worker] p6spy                                    : #1665380027300 | took 0ms | statement | connection 25| url jdbc:h2:mem:ad3a9e80-f26d-4a3e-9691-17f803db5723
call next value for hibernate_sequence
call next value for hibernate_sequence;
2022-10-10 14:33:47.300  INFO 4460 --- [    Test worker] p6spy                                    : #1665380027300 | took 0ms | statement | connection 25| url jdbc:h2:mem:ad3a9e80-f26d-4a3e-9691-17f803db5723
call next value for hibernate_sequence
call next value for hibernate_sequence;
2022-10-10 14:33:47.300  INFO 4460 --- [    Test worker] c.j.r.FavoriteSpotQueryRepositoryTest    : favoriteSpot = FavoriteSpot(id=424, count=0)
2022-10-10 14:33:47.300  INFO 4460 --- [    Test worker] c.j.r.FavoriteSpotQueryRepositoryTest    : Spot = capstone.jejuTourrecommend.domain.Spot@10c10655
2022-10-10 14:33:47.300  INFO 4460 --- [    Test worker] p6spy                                    : #1665380027300 | took 0ms | statement | connection 25| url jdbc:h2:mem:ad3a9e80-f26d-4a3e-9691-17f803db5723
call next value for hibernate_sequence
call next value for hibernate_sequence;
2022-10-10 14:33:47.300  INFO 4460 --- [    Test worker] p6spy                                    : #1665380027300 | took 0ms | statement | connection 25| url jdbc:h2:mem:ad3a9e80-f26d-4a3e-9691-17f803db5723
call next value for hibernate_sequence
call next value for hibernate_sequence;
2022-10-10 14:33:47.300  INFO 4460 --- [    Test worker] p6spy                                    : #1665380027300 | took 0ms | statement | connection 25| url jdbc:h2:mem:ad3a9e80-f26d-4a3e-9691-17f803db5723
call next value for hibernate_sequence
call next value for hibernate_sequence;
2022-10-10 14:33:47.301  INFO 4460 --- [    Test worker] p6spy                                    : #1665380027301 | took 0ms | statement | connection 25| url jdbc:h2:mem:ad3a9e80-f26d-4a3e-9691-17f803db5723
call next value for hibernate_sequence
call next value for hibernate_sequence;
2022-10-10 14:33:47.301  INFO 4460 --- [    Test worker] p6spy                                    : #1665380027301 | took 0ms | statement | connection 25| url jdbc:h2:mem:ad3a9e80-f26d-4a3e-9691-17f803db5723
call next value for hibernate_sequence
call next value for hibernate_sequence;
2022-10-10 14:33:47.301  INFO 4460 --- [    Test worker] p6spy                                    : #1665380027301 | took 0ms | statement | connection 25| url jdbc:h2:mem:ad3a9e80-f26d-4a3e-9691-17f803db5723
call next value for hibernate_sequence
call next value for hibernate_sequence;
2022-10-10 14:33:47.301  INFO 4460 --- [    Test worker] p6spy                                    : #1665380027301 | took 0ms | statement | connection 25| url jdbc:h2:mem:ad3a9e80-f26d-4a3e-9691-17f803db5723
call next value for hibernate_sequence
call next value for hibernate_sequence;
2022-10-10 14:33:47.301  INFO 4460 --- [    Test worker] p6spy                                    : #1665380027301 | took 0ms | statement | connection 25| url jdbc:h2:mem:ad3a9e80-f26d-4a3e-9691-17f803db5723
call next value for hibernate_sequence
call next value for hibernate_sequence;
2022-10-10 14:33:47.301  INFO 4460 --- [    Test worker] c.j.r.FavoriteSpotQueryRepositoryTest    : favoriteSpot = FavoriteSpot(id=425, count=0)
2022-10-10 14:33:47.301  INFO 4460 --- [    Test worker] c.j.r.FavoriteSpotQueryRepositoryTest    : Spot = capstone.jejuTourrecommend.domain.Spot@5079c753
2022-10-10 14:33:47.301  INFO 4460 --- [    Test worker] p6spy                                    : #1665380027301 | took 0ms | statement | connection 25| url jdbc:h2:mem:ad3a9e80-f26d-4a3e-9691-17f803db5723
call next value for hibernate_sequence
call next value for hibernate_sequence;
2022-10-10 14:33:47.301  INFO 4460 --- [    Test worker] p6spy                                    : #1665380027301 | took 0ms | statement | connection 25| url jdbc:h2:mem:ad3a9e80-f26d-4a3e-9691-17f803db5723
call next value for hibernate_sequence
call next value for hibernate_sequence;
2022-10-10 14:33:47.301  INFO 4460 --- [    Test worker] p6spy                                    : #1665380027301 | took 0ms | statement | connection 25| url jdbc:h2:mem:ad3a9e80-f26d-4a3e-9691-17f803db5723
call next value for hibernate_sequence
call next value for hibernate_sequence;
2022-10-10 14:33:47.301  INFO 4460 --- [    Test worker] p6spy                                    : #1665380027301 | took 0ms | statement | connection 25| url jdbc:h2:mem:ad3a9e80-f26d-4a3e-9691-17f803db5723
call next value for hibernate_sequence
call next value for hibernate_sequence;
2022-10-10 14:33:47.301  INFO 4460 --- [    Test worker] p6spy                                    : #1665380027301 | took 0ms | statement | connection 25| url jdbc:h2:mem:ad3a9e80-f26d-4a3e-9691-17f803db5723
call next value for hibernate_sequence
call next value for hibernate_sequence;
2022-10-10 14:33:47.301  INFO 4460 --- [    Test worker] p6spy                                    : #1665380027301 | took 0ms | statement | connection 25| url jdbc:h2:mem:ad3a9e80-f26d-4a3e-9691-17f803db5723
call next value for hibernate_sequence
call next value for hibernate_sequence;
2022-10-10 14:33:47.301  INFO 4460 --- [    Test worker] p6spy                                    : #1665380027301 | took 0ms | statement | connection 25| url jdbc:h2:mem:ad3a9e80-f26d-4a3e-9691-17f803db5723
call next value for hibernate_sequence
call next value for hibernate_sequence;
2022-10-10 14:33:47.301  INFO 4460 --- [    Test worker] p6spy                                    : #1665380027301 | took 0ms | statement | connection 25| url jdbc:h2:mem:ad3a9e80-f26d-4a3e-9691-17f803db5723
call next value for hibernate_sequence
call next value for hibernate_sequence;
2022-10-10 14:33:47.301  INFO 4460 --- [    Test worker] c.j.r.FavoriteSpotQueryRepositoryTest    : favoriteSpot = FavoriteSpot(id=426, count=0)
2022-10-10 14:33:47.301  INFO 4460 --- [    Test worker] c.j.r.FavoriteSpotQueryRepositoryTest    : Spot = capstone.jejuTourrecommend.domain.Spot@4393a87
2022-10-10 14:33:47.301  INFO 4460 --- [    Test worker] p6spy                                    : #1665380027301 | took 0ms | statement | connection 25| url jdbc:h2:mem:ad3a9e80-f26d-4a3e-9691-17f803db5723
call next value for hibernate_sequence
call next value for hibernate_sequence;
2022-10-10 14:33:47.301  INFO 4460 --- [    Test worker] p6spy                                    : #1665380027301 | took 0ms | statement | connection 25| url jdbc:h2:mem:ad3a9e80-f26d-4a3e-9691-17f803db5723
call next value for hibernate_sequence
call next value for hibernate_sequence;
2022-10-10 14:33:47.301  INFO 4460 --- [    Test worker] p6spy                                    : #1665380027301 | took 0ms | statement | connection 25| url jdbc:h2:mem:ad3a9e80-f26d-4a3e-9691-17f803db5723
call next value for hibernate_sequence
call next value for hibernate_sequence;
2022-10-10 14:33:47.301  INFO 4460 --- [    Test worker] p6spy                                    : #1665380027301 | took 0ms | statement | connection 25| url jdbc:h2:mem:ad3a9e80-f26d-4a3e-9691-17f803db5723
call next value for hibernate_sequence
call next value for hibernate_sequence;
2022-10-10 14:33:47.301  INFO 4460 --- [    Test worker] p6spy                                    : #1665380027301 | took 0ms | statement | connection 25| url jdbc:h2:mem:ad3a9e80-f26d-4a3e-9691-17f803db5723
call next value for hibernate_sequence
call next value for hibernate_sequence;
2022-10-10 14:33:47.301  INFO 4460 --- [    Test worker] p6spy                                    : #1665380027301 | took 0ms | statement | connection 25| url jdbc:h2:mem:ad3a9e80-f26d-4a3e-9691-17f803db5723
call next value for hibernate_sequence
call next value for hibernate_sequence;
2022-10-10 14:33:47.301  INFO 4460 --- [    Test worker] p6spy                                    : #1665380027301 | took 0ms | statement | connection 25| url jdbc:h2:mem:ad3a9e80-f26d-4a3e-9691-17f803db5723
call next value for hibernate_sequence
call next value for hibernate_sequence;
2022-10-10 14:33:47.301  INFO 4460 --- [    Test worker] p6spy                                    : #1665380027301 | took 0ms | statement | connection 25| url jdbc:h2:mem:ad3a9e80-f26d-4a3e-9691-17f803db5723
call next value for hibernate_sequence
call next value for hibernate_sequence;
2022-10-10 14:33:47.301  INFO 4460 --- [    Test worker] c.j.r.FavoriteSpotQueryRepositoryTest    : favoriteSpot = FavoriteSpot(id=427, count=0)
2022-10-10 14:33:47.301  INFO 4460 --- [    Test worker] c.j.r.FavoriteSpotQueryRepositoryTest    : Spot = capstone.jejuTourrecommend.domain.Spot@45beec0c
2022-10-10 14:33:47.301  INFO 4460 --- [    Test worker] p6spy                                    : #1665380027301 | took 0ms | statement | connection 25| url jdbc:h2:mem:ad3a9e80-f26d-4a3e-9691-17f803db5723
call next value for hibernate_sequence
call next value for hibernate_sequence;
2022-10-10 14:33:47.301  INFO 4460 --- [    Test worker] p6spy                                    : #1665380027301 | took 0ms | statement | connection 25| url jdbc:h2:mem:ad3a9e80-f26d-4a3e-9691-17f803db5723
call next value for hibernate_sequence
call next value for hibernate_sequence;
2022-10-10 14:33:47.301  INFO 4460 --- [    Test worker] p6spy                                    : #1665380027301 | took 0ms | statement | connection 25| url jdbc:h2:mem:ad3a9e80-f26d-4a3e-9691-17f803db5723
call next value for hibernate_sequence
call next value for hibernate_sequence;
2022-10-10 14:33:47.302  INFO 4460 --- [    Test worker] p6spy                                    : #1665380027302 | took 0ms | statement | connection 25| url jdbc:h2:mem:ad3a9e80-f26d-4a3e-9691-17f803db5723
call next value for hibernate_sequence
call next value for hibernate_sequence;
2022-10-10 14:33:47.302  INFO 4460 --- [    Test worker] p6spy                                    : #1665380027302 | took 0ms | statement | connection 25| url jdbc:h2:mem:ad3a9e80-f26d-4a3e-9691-17f803db5723
call next value for hibernate_sequence
call next value for hibernate_sequence;
2022-10-10 14:33:47.302  INFO 4460 --- [    Test worker] p6spy                                    : #1665380027302 | took 0ms | statement | connection 25| url jdbc:h2:mem:ad3a9e80-f26d-4a3e-9691-17f803db5723
call next value for hibernate_sequence
call next value for hibernate_sequence;
2022-10-10 14:33:47.302  INFO 4460 --- [    Test worker] p6spy                                    : #1665380027302 | took 0ms | statement | connection 25| url jdbc:h2:mem:ad3a9e80-f26d-4a3e-9691-17f803db5723
call next value for hibernate_sequence
call next value for hibernate_sequence;
2022-10-10 14:33:47.302  INFO 4460 --- [    Test worker] p6spy                                    : #1665380027302 | took 0ms | statement | connection 25| url jdbc:h2:mem:ad3a9e80-f26d-4a3e-9691-17f803db5723
call next value for hibernate_sequence
call next value for hibernate_sequence;
2022-10-10 14:33:47.302  INFO 4460 --- [    Test worker] c.j.r.FavoriteSpotQueryRepositoryTest    : favoriteSpot = FavoriteSpot(id=428, count=0)
2022-10-10 14:33:47.302  INFO 4460 --- [    Test worker] c.j.r.FavoriteSpotQueryRepositoryTest    : Spot = capstone.jejuTourrecommend.domain.Spot@7034355c
2022-10-10 14:33:47.302  INFO 4460 --- [    Test worker] p6spy                                    : #1665380027302 | took 0ms | statement | connection 25| url jdbc:h2:mem:ad3a9e80-f26d-4a3e-9691-17f803db5723
call next value for hibernate_sequence
call next value for hibernate_sequence;
2022-10-10 14:33:47.302  INFO 4460 --- [    Test worker] p6spy                                    : #1665380027302 | took 0ms | statement | connection 25| url jdbc:h2:mem:ad3a9e80-f26d-4a3e-9691-17f803db5723
call next value for hibernate_sequence
call next value for hibernate_sequence;
2022-10-10 14:33:47.302  INFO 4460 --- [    Test worker] p6spy                                    : #1665380027302 | took 0ms | statement | connection 25| url jdbc:h2:mem:ad3a9e80-f26d-4a3e-9691-17f803db5723
call next value for hibernate_sequence
call next value for hibernate_sequence;
2022-10-10 14:33:47.302  INFO 4460 --- [    Test worker] p6spy                                    : #1665380027302 | took 0ms | statement | connection 25| url jdbc:h2:mem:ad3a9e80-f26d-4a3e-9691-17f803db5723
call next value for hibernate_sequence
call next value for hibernate_sequence;
2022-10-10 14:33:47.302  INFO 4460 --- [    Test worker] p6spy                                    : #1665380027302 | took 0ms | statement | connection 25| url jdbc:h2:mem:ad3a9e80-f26d-4a3e-9691-17f803db5723
call next value for hibernate_sequence
call next value for hibernate_sequence;
2022-10-10 14:33:47.302  INFO 4460 --- [    Test worker] p6spy                                    : #1665380027302 | took 0ms | statement | connection 25| url jdbc:h2:mem:ad3a9e80-f26d-4a3e-9691-17f803db5723
call next value for hibernate_sequence
call next value for hibernate_sequence;
2022-10-10 14:33:47.302  INFO 4460 --- [    Test worker] p6spy                                    : #1665380027302 | took 0ms | statement | connection 25| url jdbc:h2:mem:ad3a9e80-f26d-4a3e-9691-17f803db5723
call next value for hibernate_sequence
call next value for hibernate_sequence;
2022-10-10 14:33:47.302  INFO 4460 --- [    Test worker] p6spy                                    : #1665380027302 | took 0ms | statement | connection 25| url jdbc:h2:mem:ad3a9e80-f26d-4a3e-9691-17f803db5723
call next value for hibernate_sequence
call next value for hibernate_sequence;
2022-10-10 14:33:47.302  INFO 4460 --- [    Test worker] c.j.r.FavoriteSpotQueryRepositoryTest    : favoriteSpot = FavoriteSpot(id=429, count=0)
2022-10-10 14:33:47.302  INFO 4460 --- [    Test worker] c.j.r.FavoriteSpotQueryRepositoryTest    : Spot = capstone.jejuTourrecommend.domain.Spot@11f13856
2022-10-10 14:33:47.302  INFO 4460 --- [    Test worker] p6spy                                    : #1665380027302 | took 0ms | statement | connection 25| url jdbc:h2:mem:ad3a9e80-f26d-4a3e-9691-17f803db5723
call next value for hibernate_sequence
call next value for hibernate_sequence;
2022-10-10 14:33:47.302  INFO 4460 --- [    Test worker] p6spy                                    : #1665380027302 | took 0ms | statement | connection 25| url jdbc:h2:mem:ad3a9e80-f26d-4a3e-9691-17f803db5723
call next value for hibernate_sequence
call next value for hibernate_sequence;
2022-10-10 14:33:47.302  INFO 4460 --- [    Test worker] p6spy                                    : #1665380027302 | took 0ms | statement | connection 25| url jdbc:h2:mem:ad3a9e80-f26d-4a3e-9691-17f803db5723
call next value for hibernate_sequence
call next value for hibernate_sequence;
2022-10-10 14:33:47.302  INFO 4460 --- [    Test worker] p6spy                                    : #1665380027302 | took 0ms | statement | connection 25| url jdbc:h2:mem:ad3a9e80-f26d-4a3e-9691-17f803db5723
call next value for hibernate_sequence
call next value for hibernate_sequence;
2022-10-10 14:33:47.302  INFO 4460 --- [    Test worker] p6spy                                    : #1665380027302 | took 0ms | statement | connection 25| url jdbc:h2:mem:ad3a9e80-f26d-4a3e-9691-17f803db5723
call next value for hibernate_sequence
call next value for hibernate_sequence;
2022-10-10 14:33:47.302  INFO 4460 --- [    Test worker] p6spy                                    : #1665380027302 | took 0ms | statement | connection 25| url jdbc:h2:mem:ad3a9e80-f26d-4a3e-9691-17f803db5723
call next value for hibernate_sequence
call next value for hibernate_sequence;
2022-10-10 14:33:47.302  INFO 4460 --- [    Test worker] p6spy                                    : #1665380027302 | took 0ms | statement | connection 25| url jdbc:h2:mem:ad3a9e80-f26d-4a3e-9691-17f803db5723
call next value for hibernate_sequence
call next value for hibernate_sequence;
2022-10-10 14:33:47.302  INFO 4460 --- [    Test worker] p6spy                                    : #1665380027302 | took 0ms | statement | connection 25| url jdbc:h2:mem:ad3a9e80-f26d-4a3e-9691-17f803db5723
call next value for hibernate_sequence
call next value for hibernate_sequence;
2022-10-10 14:33:47.302  INFO 4460 --- [    Test worker] c.j.r.FavoriteSpotQueryRepositoryTest    : favoriteSpot = FavoriteSpot(id=430, count=0)
2022-10-10 14:33:47.302  INFO 4460 --- [    Test worker] c.j.r.FavoriteSpotQueryRepositoryTest    : Spot = capstone.jejuTourrecommend.domain.Spot@f8601ab
2022-10-10 14:33:47.302  INFO 4460 --- [    Test worker] p6spy                                    : #1665380027302 | took 0ms | statement | connection 25| url jdbc:h2:mem:ad3a9e80-f26d-4a3e-9691-17f803db5723
call next value for hibernate_sequence
call next value for hibernate_sequence;
2022-10-10 14:33:47.302  INFO 4460 --- [    Test worker] p6spy                                    : #1665380027302 | took 0ms | statement | connection 25| url jdbc:h2:mem:ad3a9e80-f26d-4a3e-9691-17f803db5723
call next value for hibernate_sequence
call next value for hibernate_sequence;
2022-10-10 14:33:47.302  INFO 4460 --- [    Test worker] p6spy                                    : #1665380027302 | took 0ms | statement | connection 25| url jdbc:h2:mem:ad3a9e80-f26d-4a3e-9691-17f803db5723
call next value for hibernate_sequence
call next value for hibernate_sequence;
2022-10-10 14:33:47.302  INFO 4460 --- [    Test worker] p6spy                                    : #1665380027302 | took 0ms | statement | connection 25| url jdbc:h2:mem:ad3a9e80-f26d-4a3e-9691-17f803db5723
call next value for hibernate_sequence
call next value for hibernate_sequence;
2022-10-10 14:33:47.302  INFO 4460 --- [    Test worker] p6spy                                    : #1665380027302 | took 0ms | statement | connection 25| url jdbc:h2:mem:ad3a9e80-f26d-4a3e-9691-17f803db5723
call next value for hibernate_sequence
call next value for hibernate_sequence;
2022-10-10 14:33:47.302  INFO 4460 --- [    Test worker] p6spy                                    : #1665380027302 | took 0ms | statement | connection 25| url jdbc:h2:mem:ad3a9e80-f26d-4a3e-9691-17f803db5723
call next value for hibernate_sequence
call next value for hibernate_sequence;
2022-10-10 14:33:47.302  INFO 4460 --- [    Test worker] p6spy                                    : #1665380027302 | took 0ms | statement | connection 25| url jdbc:h2:mem:ad3a9e80-f26d-4a3e-9691-17f803db5723
call next value for hibernate_sequence
call next value for hibernate_sequence;
2022-10-10 14:33:47.303  INFO 4460 --- [    Test worker] p6spy                                    : #1665380027303 | took 0ms | statement | connection 25| url jdbc:h2:mem:ad3a9e80-f26d-4a3e-9691-17f803db5723
call next value for hibernate_sequence
call next value for hibernate_sequence;
2022-10-10 14:33:47.303  INFO 4460 --- [    Test worker] c.j.r.FavoriteSpotQueryRepositoryTest    : favoriteSpot = FavoriteSpot(id=431, count=0)
2022-10-10 14:33:47.303  INFO 4460 --- [    Test worker] c.j.r.FavoriteSpotQueryRepositoryTest    : Spot = capstone.jejuTourrecommend.domain.Spot@fb152c5
2022-10-10 14:33:47.303  INFO 4460 --- [    Test worker] p6spy                                    : #1665380027303 | took 0ms | statement | connection 25| url jdbc:h2:mem:ad3a9e80-f26d-4a3e-9691-17f803db5723
call next value for hibernate_sequence
call next value for hibernate_sequence;
2022-10-10 14:33:47.303  INFO 4460 --- [    Test worker] p6spy                                    : #1665380027303 | took 0ms | statement | connection 25| url jdbc:h2:mem:ad3a9e80-f26d-4a3e-9691-17f803db5723
call next value for hibernate_sequence
call next value for hibernate_sequence;
2022-10-10 14:33:47.303  INFO 4460 --- [    Test worker] p6spy                                    : #1665380027303 | took 0ms | statement | connection 25| url jdbc:h2:mem:ad3a9e80-f26d-4a3e-9691-17f803db5723
call next value for hibernate_sequence
call next value for hibernate_sequence;
2022-10-10 14:33:47.303  INFO 4460 --- [    Test worker] p6spy                                    : #1665380027303 | took 0ms | statement | connection 25| url jdbc:h2:mem:ad3a9e80-f26d-4a3e-9691-17f803db5723
call next value for hibernate_sequence
call next value for hibernate_sequence;
2022-10-10 14:33:47.303  INFO 4460 --- [    Test worker] p6spy                                    : #1665380027303 | took 0ms | statement | connection 25| url jdbc:h2:mem:ad3a9e80-f26d-4a3e-9691-17f803db5723
call next value for hibernate_sequence
call next value for hibernate_sequence;
2022-10-10 14:33:47.303  INFO 4460 --- [    Test worker] p6spy                                    : #1665380027303 | took 0ms | statement | connection 25| url jdbc:h2:mem:ad3a9e80-f26d-4a3e-9691-17f803db5723
call next value for hibernate_sequence
call next value for hibernate_sequence;
2022-10-10 14:33:47.303  INFO 4460 --- [    Test worker] p6spy                                    : #1665380027303 | took 0ms | statement | connection 25| url jdbc:h2:mem:ad3a9e80-f26d-4a3e-9691-17f803db5723
call next value for hibernate_sequence
call next value for hibernate_sequence;
2022-10-10 14:33:47.303  INFO 4460 --- [    Test worker] p6spy                                    : #1665380027303 | took 0ms | statement | connection 25| url jdbc:h2:mem:ad3a9e80-f26d-4a3e-9691-17f803db5723
call next value for hibernate_sequence
call next value for hibernate_sequence;
2022-10-10 14:33:47.303  INFO 4460 --- [    Test worker] c.j.r.FavoriteSpotQueryRepositoryTest    : favoriteSpot = FavoriteSpot(id=432, count=0)
2022-10-10 14:33:47.303  INFO 4460 --- [    Test worker] c.j.r.FavoriteSpotQueryRepositoryTest    : Spot = capstone.jejuTourrecommend.domain.Spot@5c5c9be0
2022-10-10 14:33:47.303  INFO 4460 --- [    Test worker] p6spy                                    : #1665380027303 | took 0ms | statement | connection 25| url jdbc:h2:mem:ad3a9e80-f26d-4a3e-9691-17f803db5723
call next value for hibernate_sequence
call next value for hibernate_sequence;
2022-10-10 14:33:47.303  INFO 4460 --- [    Test worker] p6spy                                    : #1665380027303 | took 0ms | statement | connection 25| url jdbc:h2:mem:ad3a9e80-f26d-4a3e-9691-17f803db5723
call next value for hibernate_sequence
call next value for hibernate_sequence;
2022-10-10 14:33:47.303  INFO 4460 --- [    Test worker] p6spy                                    : #1665380027303 | took 0ms | statement | connection 25| url jdbc:h2:mem:ad3a9e80-f26d-4a3e-9691-17f803db5723
call next value for hibernate_sequence
call next value for hibernate_sequence;
2022-10-10 14:33:47.303  INFO 4460 --- [    Test worker] p6spy                                    : #1665380027303 | took 0ms | statement | connection 25| url jdbc:h2:mem:ad3a9e80-f26d-4a3e-9691-17f803db5723
call next value for hibernate_sequence
call next value for hibernate_sequence;
2022-10-10 14:33:47.303  INFO 4460 --- [    Test worker] p6spy                                    : #1665380027303 | took 0ms | statement | connection 25| url jdbc:h2:mem:ad3a9e80-f26d-4a3e-9691-17f803db5723
call next value for hibernate_sequence
call next value for hibernate_sequence;
2022-10-10 14:33:47.303  INFO 4460 --- [    Test worker] p6spy                                    : #1665380027303 | took 0ms | statement | connection 25| url jdbc:h2:mem:ad3a9e80-f26d-4a3e-9691-17f803db5723
call next value for hibernate_sequence
call next value for hibernate_sequence;
2022-10-10 14:33:47.303  INFO 4460 --- [    Test worker] p6spy                                    : #1665380027303 | took 0ms | statement | connection 25| url jdbc:h2:mem:ad3a9e80-f26d-4a3e-9691-17f803db5723
call next value for hibernate_sequence
call next value for hibernate_sequence;
2022-10-10 14:33:47.303  INFO 4460 --- [    Test worker] p6spy                                    : #1665380027303 | took 0ms | statement | connection 25| url jdbc:h2:mem:ad3a9e80-f26d-4a3e-9691-17f803db5723
call next value for hibernate_sequence
call next value for hibernate_sequence;
2022-10-10 14:33:47.303  INFO 4460 --- [    Test worker] c.j.r.FavoriteSpotQueryRepositoryTest    : favoriteSpot = FavoriteSpot(id=433, count=0)
2022-10-10 14:33:47.303  INFO 4460 --- [    Test worker] c.j.r.FavoriteSpotQueryRepositoryTest    : Spot = capstone.jejuTourrecommend.domain.Spot@31693ea2
2022-10-10 14:33:47.303  INFO 4460 --- [    Test worker] p6spy                                    : #1665380027303 | took 0ms | statement | connection 25| url jdbc:h2:mem:ad3a9e80-f26d-4a3e-9691-17f803db5723
call next value for hibernate_sequence
call next value for hibernate_sequence;
2022-10-10 14:33:47.303  INFO 4460 --- [    Test worker] p6spy                                    : #1665380027303 | took 0ms | statement | connection 25| url jdbc:h2:mem:ad3a9e80-f26d-4a3e-9691-17f803db5723
call next value for hibernate_sequence
call next value for hibernate_sequence;
2022-10-10 14:33:47.303  INFO 4460 --- [    Test worker] p6spy                                    : #1665380027303 | took 0ms | statement | connection 25| url jdbc:h2:mem:ad3a9e80-f26d-4a3e-9691-17f803db5723
call next value for hibernate_sequence
call next value for hibernate_sequence;
2022-10-10 14:33:47.303  INFO 4460 --- [    Test worker] p6spy                                    : #1665380027303 | took 0ms | statement | connection 25| url jdbc:h2:mem:ad3a9e80-f26d-4a3e-9691-17f803db5723
call next value for hibernate_sequence
call next value for hibernate_sequence;
2022-10-10 14:33:47.303  INFO 4460 --- [    Test worker] p6spy                                    : #1665380027303 | took 0ms | statement | connection 25| url jdbc:h2:mem:ad3a9e80-f26d-4a3e-9691-17f803db5723
call next value for hibernate_sequence
call next value for hibernate_sequence;
2022-10-10 14:33:47.303  INFO 4460 --- [    Test worker] p6spy                                    : #1665380027303 | took 0ms | statement | connection 25| url jdbc:h2:mem:ad3a9e80-f26d-4a3e-9691-17f803db5723
call next value for hibernate_sequence
call next value for hibernate_sequence;
2022-10-10 14:33:47.303  INFO 4460 --- [    Test worker] p6spy                                    : #1665380027303 | took 0ms | statement | connection 25| url jdbc:h2:mem:ad3a9e80-f26d-4a3e-9691-17f803db5723
call next value for hibernate_sequence
call next value for hibernate_sequence;
2022-10-10 14:33:47.303  INFO 4460 --- [    Test worker] p6spy                                    : #1665380027303 | took 0ms | statement | connection 25| url jdbc:h2:mem:ad3a9e80-f26d-4a3e-9691-17f803db5723
call next value for hibernate_sequence
call next value for hibernate_sequence;
2022-10-10 14:33:47.303  INFO 4460 --- [    Test worker] c.j.r.FavoriteSpotQueryRepositoryTest    : favoriteSpot = FavoriteSpot(id=434, count=0)
2022-10-10 14:33:47.303  INFO 4460 --- [    Test worker] c.j.r.FavoriteSpotQueryRepositoryTest    : Spot = capstone.jejuTourrecommend.domain.Spot@5c12dac9
2022-10-10 14:33:47.303  INFO 4460 --- [    Test worker] p6spy                                    : #1665380027303 | took 0ms | statement | connection 25| url jdbc:h2:mem:ad3a9e80-f26d-4a3e-9691-17f803db5723
call next value for hibernate_sequence
call next value for hibernate_sequence;
2022-10-10 14:33:47.304  INFO 4460 --- [    Test worker] p6spy                                    : #1665380027304 | took 0ms | statement | connection 25| url jdbc:h2:mem:ad3a9e80-f26d-4a3e-9691-17f803db5723
call next value for hibernate_sequence
call next value for hibernate_sequence;
2022-10-10 14:33:47.304  INFO 4460 --- [    Test worker] p6spy                                    : #1665380027304 | took 0ms | statement | connection 25| url jdbc:h2:mem:ad3a9e80-f26d-4a3e-9691-17f803db5723
call next value for hibernate_sequence
call next value for hibernate_sequence;
2022-10-10 14:33:47.304  INFO 4460 --- [    Test worker] p6spy                                    : #1665380027304 | took 0ms | statement | connection 25| url jdbc:h2:mem:ad3a9e80-f26d-4a3e-9691-17f803db5723
call next value for hibernate_sequence
call next value for hibernate_sequence;
2022-10-10 14:33:47.304  INFO 4460 --- [    Test worker] p6spy                                    : #1665380027304 | took 0ms | statement | connection 25| url jdbc:h2:mem:ad3a9e80-f26d-4a3e-9691-17f803db5723
call next value for hibernate_sequence
call next value for hibernate_sequence;
2022-10-10 14:33:47.304  INFO 4460 --- [    Test worker] p6spy                                    : #1665380027304 | took 0ms | statement | connection 25| url jdbc:h2:mem:ad3a9e80-f26d-4a3e-9691-17f803db5723
call next value for hibernate_sequence
call next value for hibernate_sequence;
2022-10-10 14:33:47.304  INFO 4460 --- [    Test worker] p6spy                                    : #1665380027304 | took 0ms | statement | connection 25| url jdbc:h2:mem:ad3a9e80-f26d-4a3e-9691-17f803db5723
call next value for hibernate_sequence
call next value for hibernate_sequence;
2022-10-10 14:33:47.304  INFO 4460 --- [    Test worker] p6spy                                    : #1665380027304 | took 0ms | statement | connection 25| url jdbc:h2:mem:ad3a9e80-f26d-4a3e-9691-17f803db5723
call next value for hibernate_sequence
call next value for hibernate_sequence;
2022-10-10 14:33:47.304  INFO 4460 --- [    Test worker] c.j.r.FavoriteSpotQueryRepositoryTest    : favoriteSpot = FavoriteSpot(id=435, count=0)
2022-10-10 14:33:47.304  INFO 4460 --- [    Test worker] c.j.r.FavoriteSpotQueryRepositoryTest    : Spot = capstone.jejuTourrecommend.domain.Spot@32d2cb0c
2022-10-10 14:33:47.304  INFO 4460 --- [    Test worker] p6spy                                    : #1665380027304 | took 0ms | statement | connection 25| url jdbc:h2:mem:ad3a9e80-f26d-4a3e-9691-17f803db5723
call next value for hibernate_sequence
call next value for hibernate_sequence;
2022-10-10 14:33:47.304  INFO 4460 --- [    Test worker] p6spy                                    : #1665380027304 | took 0ms | statement | connection 25| url jdbc:h2:mem:ad3a9e80-f26d-4a3e-9691-17f803db5723
call next value for hibernate_sequence
call next value for hibernate_sequence;
2022-10-10 14:33:47.304  INFO 4460 --- [    Test worker] p6spy                                    : #1665380027304 | took 0ms | statement | connection 25| url jdbc:h2:mem:ad3a9e80-f26d-4a3e-9691-17f803db5723
call next value for hibernate_sequence
call next value for hibernate_sequence;
2022-10-10 14:33:47.304  INFO 4460 --- [    Test worker] p6spy                                    : #1665380027304 | took 0ms | statement | connection 25| url jdbc:h2:mem:ad3a9e80-f26d-4a3e-9691-17f803db5723
call next value for hibernate_sequence
call next value for hibernate_sequence;
2022-10-10 14:33:47.304  INFO 4460 --- [    Test worker] p6spy                                    : #1665380027304 | took 0ms | statement | connection 25| url jdbc:h2:mem:ad3a9e80-f26d-4a3e-9691-17f803db5723
call next value for hibernate_sequence
call next value for hibernate_sequence;
2022-10-10 14:33:47.304  INFO 4460 --- [    Test worker] p6spy                                    : #1665380027304 | took 0ms | statement | connection 25| url jdbc:h2:mem:ad3a9e80-f26d-4a3e-9691-17f803db5723
call next value for hibernate_sequence
call next value for hibernate_sequence;
2022-10-10 14:33:47.304  INFO 4460 --- [    Test worker] p6spy                                    : #1665380027304 | took 0ms | statement | connection 25| url jdbc:h2:mem:ad3a9e80-f26d-4a3e-9691-17f803db5723
call next value for hibernate_sequence
call next value for hibernate_sequence;
2022-10-10 14:33:47.304  INFO 4460 --- [    Test worker] p6spy                                    : #1665380027304 | took 0ms | statement | connection 25| url jdbc:h2:mem:ad3a9e80-f26d-4a3e-9691-17f803db5723
call next value for hibernate_sequence
call next value for hibernate_sequence;
2022-10-10 14:33:47.304  INFO 4460 --- [    Test worker] c.j.r.FavoriteSpotQueryRepositoryTest    : favoriteSpot = FavoriteSpot(id=436, count=0)
2022-10-10 14:33:47.304  INFO 4460 --- [    Test worker] c.j.r.FavoriteSpotQueryRepositoryTest    : Spot = capstone.jejuTourrecommend.domain.Spot@6924ffdc
2022-10-10 14:33:47.304  INFO 4460 --- [    Test worker] p6spy                                    : #1665380027304 | took 0ms | statement | connection 25| url jdbc:h2:mem:ad3a9e80-f26d-4a3e-9691-17f803db5723
call next value for hibernate_sequence
call next value for hibernate_sequence;
2022-10-10 14:33:47.304  INFO 4460 --- [    Test worker] p6spy                                    : #1665380027304 | took 0ms | statement | connection 25| url jdbc:h2:mem:ad3a9e80-f26d-4a3e-9691-17f803db5723
call next value for hibernate_sequence
call next value for hibernate_sequence;
2022-10-10 14:33:47.304  INFO 4460 --- [    Test worker] p6spy                                    : #1665380027304 | took 0ms | statement | connection 25| url jdbc:h2:mem:ad3a9e80-f26d-4a3e-9691-17f803db5723
call next value for hibernate_sequence
call next value for hibernate_sequence;
2022-10-10 14:33:47.304  INFO 4460 --- [    Test worker] p6spy                                    : #1665380027304 | took 0ms | statement | connection 25| url jdbc:h2:mem:ad3a9e80-f26d-4a3e-9691-17f803db5723
call next value for hibernate_sequence
call next value for hibernate_sequence;
2022-10-10 14:33:47.304  INFO 4460 --- [    Test worker] p6spy                                    : #1665380027304 | took 0ms | statement | connection 25| url jdbc:h2:mem:ad3a9e80-f26d-4a3e-9691-17f803db5723
call next value for hibernate_sequence
call next value for hibernate_sequence;
2022-10-10 14:33:47.304  INFO 4460 --- [    Test worker] p6spy                                    : #1665380027304 | took 0ms | statement | connection 25| url jdbc:h2:mem:ad3a9e80-f26d-4a3e-9691-17f803db5723
call next value for hibernate_sequence
call next value for hibernate_sequence;
2022-10-10 14:33:47.304  INFO 4460 --- [    Test worker] p6spy                                    : #1665380027304 | took 0ms | statement | connection 25| url jdbc:h2:mem:ad3a9e80-f26d-4a3e-9691-17f803db5723
call next value for hibernate_sequence
call next value for hibernate_sequence;
2022-10-10 14:33:47.304  INFO 4460 --- [    Test worker] p6spy                                    : #1665380027304 | took 0ms | statement | connection 25| url jdbc:h2:mem:ad3a9e80-f26d-4a3e-9691-17f803db5723
call next value for hibernate_sequence
call next value for hibernate_sequence;
2022-10-10 14:33:47.304  INFO 4460 --- [    Test worker] c.j.r.FavoriteSpotQueryRepositoryTest    : favoriteSpot = FavoriteSpot(id=437, count=0)
2022-10-10 14:33:47.304  INFO 4460 --- [    Test worker] c.j.r.FavoriteSpotQueryRepositoryTest    : Spot = capstone.jejuTourrecommend.domain.Spot@1d473835
2022-10-10 14:33:47.304  INFO 4460 --- [    Test worker] p6spy                                    : #1665380027304 | took 0ms | statement | connection 25| url jdbc:h2:mem:ad3a9e80-f26d-4a3e-9691-17f803db5723
call next value for hibernate_sequence
call next value for hibernate_sequence;
2022-10-10 14:33:47.304  INFO 4460 --- [    Test worker] p6spy                                    : #1665380027304 | took 0ms | statement | connection 25| url jdbc:h2:mem:ad3a9e80-f26d-4a3e-9691-17f803db5723
call next value for hibernate_sequence
call next value for hibernate_sequence;
2022-10-10 14:33:47.304  INFO 4460 --- [    Test worker] p6spy                                    : #1665380027304 | took 0ms | statement | connection 25| url jdbc:h2:mem:ad3a9e80-f26d-4a3e-9691-17f803db5723
call next value for hibernate_sequence
call next value for hibernate_sequence;
2022-10-10 14:33:47.304  INFO 4460 --- [    Test worker] p6spy                                    : #1665380027304 | took 0ms | statement | connection 25| url jdbc:h2:mem:ad3a9e80-f26d-4a3e-9691-17f803db5723
call next value for spot_seq
call next value for spot_seq;
2022-10-10 14:33:47.304  INFO 4460 --- [    Test worker] p6spy                                    : #1665380027304 | took 0ms | statement | connection 25| url jdbc:h2:mem:ad3a9e80-f26d-4a3e-9691-17f803db5723
call next value for hibernate_sequence
call next value for hibernate_sequence;
2022-10-10 14:33:47.304  INFO 4460 --- [    Test worker] p6spy                                    : #1665380027304 | took 0ms | statement | connection 25| url jdbc:h2:mem:ad3a9e80-f26d-4a3e-9691-17f803db5723
call next value for hibernate_sequence
call next value for hibernate_sequence;
2022-10-10 14:33:47.304  INFO 4460 --- [    Test worker] p6spy                                    : #1665380027304 | took 0ms | statement | connection 25| url jdbc:h2:mem:ad3a9e80-f26d-4a3e-9691-17f803db5723
call next value for hibernate_sequence
call next value for hibernate_sequence;
2022-10-10 14:33:47.304  INFO 4460 --- [    Test worker] p6spy                                    : #1665380027304 | took 0ms | statement | connection 25| url jdbc:h2:mem:ad3a9e80-f26d-4a3e-9691-17f803db5723
call next value for hibernate_sequence
call next value for hibernate_sequence;
2022-10-10 14:33:47.304  INFO 4460 --- [    Test worker] p6spy                                    : #1665380027304 | took 0ms | statement | connection 25| url jdbc:h2:mem:ad3a9e80-f26d-4a3e-9691-17f803db5723
call next value for hibernate_sequence
call next value for hibernate_sequence;
2022-10-10 14:33:47.305  INFO 4460 --- [    Test worker] c.j.r.FavoriteSpotQueryRepositoryTest    : favoriteSpot = FavoriteSpot(id=438, count=0)
2022-10-10 14:33:47.305  INFO 4460 --- [    Test worker] c.j.r.FavoriteSpotQueryRepositoryTest    : Spot = capstone.jejuTourrecommend.domain.Spot@79618ea
2022-10-10 14:33:47.305  INFO 4460 --- [    Test worker] p6spy                                    : #1665380027305 | took 0ms | statement | connection 25| url jdbc:h2:mem:ad3a9e80-f26d-4a3e-9691-17f803db5723
call next value for hibernate_sequence
call next value for hibernate_sequence;
2022-10-10 14:33:47.305  INFO 4460 --- [    Test worker] p6spy                                    : #1665380027305 | took 0ms | statement | connection 25| url jdbc:h2:mem:ad3a9e80-f26d-4a3e-9691-17f803db5723
call next value for hibernate_sequence
call next value for hibernate_sequence;
2022-10-10 14:33:47.305  INFO 4460 --- [    Test worker] p6spy                                    : #1665380027305 | took 0ms | statement | connection 25| url jdbc:h2:mem:ad3a9e80-f26d-4a3e-9691-17f803db5723
call next value for hibernate_sequence
call next value for hibernate_sequence;
2022-10-10 14:33:47.305  INFO 4460 --- [    Test worker] p6spy                                    : #1665380027305 | took 0ms | statement | connection 25| url jdbc:h2:mem:ad3a9e80-f26d-4a3e-9691-17f803db5723
call next value for hibernate_sequence
call next value for hibernate_sequence;
2022-10-10 14:33:47.305  INFO 4460 --- [    Test worker] p6spy                                    : #1665380027305 | took 0ms | statement | connection 25| url jdbc:h2:mem:ad3a9e80-f26d-4a3e-9691-17f803db5723
call next value for hibernate_sequence
call next value for hibernate_sequence;
2022-10-10 14:33:47.305  INFO 4460 --- [    Test worker] p6spy                                    : #1665380027305 | took 0ms | statement | connection 25| url jdbc:h2:mem:ad3a9e80-f26d-4a3e-9691-17f803db5723
call next value for hibernate_sequence
call next value for hibernate_sequence;
2022-10-10 14:33:47.305  INFO 4460 --- [    Test worker] p6spy                                    : #1665380027305 | took 0ms | statement | connection 25| url jdbc:h2:mem:ad3a9e80-f26d-4a3e-9691-17f803db5723
call next value for hibernate_sequence
call next value for hibernate_sequence;
2022-10-10 14:33:47.305  INFO 4460 --- [    Test worker] p6spy                                    : #1665380027305 | took 0ms | statement | connection 25| url jdbc:h2:mem:ad3a9e80-f26d-4a3e-9691-17f803db5723
call next value for hibernate_sequence
call next value for hibernate_sequence;
2022-10-10 14:33:47.305  INFO 4460 --- [    Test worker] c.j.r.FavoriteSpotQueryRepositoryTest    : favoriteSpot = FavoriteSpot(id=439, count=0)
2022-10-10 14:33:47.305  INFO 4460 --- [    Test worker] c.j.r.FavoriteSpotQueryRepositoryTest    : Spot = capstone.jejuTourrecommend.domain.Spot@2ff88166
2022-10-10 14:33:47.305  INFO 4460 --- [    Test worker] p6spy                                    : #1665380027305 | took 0ms | statement | connection 25| url jdbc:h2:mem:ad3a9e80-f26d-4a3e-9691-17f803db5723
call next value for hibernate_sequence
call next value for hibernate_sequence;
2022-10-10 14:33:47.305  INFO 4460 --- [    Test worker] p6spy                                    : #1665380027305 | took 0ms | statement | connection 25| url jdbc:h2:mem:ad3a9e80-f26d-4a3e-9691-17f803db5723
call next value for hibernate_sequence
call next value for hibernate_sequence;
2022-10-10 14:33:47.305  INFO 4460 --- [    Test worker] p6spy                                    : #1665380027305 | took 0ms | statement | connection 25| url jdbc:h2:mem:ad3a9e80-f26d-4a3e-9691-17f803db5723
call next value for hibernate_sequence
call next value for hibernate_sequence;
2022-10-10 14:33:47.305  INFO 4460 --- [    Test worker] p6spy                                    : #1665380027305 | took 0ms | statement | connection 25| url jdbc:h2:mem:ad3a9e80-f26d-4a3e-9691-17f803db5723
call next value for hibernate_sequence
call next value for hibernate_sequence;
2022-10-10 14:33:47.305  INFO 4460 --- [    Test worker] p6spy                                    : #1665380027305 | took 0ms | statement | connection 25| url jdbc:h2:mem:ad3a9e80-f26d-4a3e-9691-17f803db5723
call next value for hibernate_sequence
call next value for hibernate_sequence;
2022-10-10 14:33:47.305  INFO 4460 --- [    Test worker] p6spy                                    : #1665380027305 | took 0ms | statement | connection 25| url jdbc:h2:mem:ad3a9e80-f26d-4a3e-9691-17f803db5723
call next value for hibernate_sequence
call next value for hibernate_sequence;
2022-10-10 14:33:47.305  INFO 4460 --- [    Test worker] p6spy                                    : #1665380027305 | took 0ms | statement | connection 25| url jdbc:h2:mem:ad3a9e80-f26d-4a3e-9691-17f803db5723
call next value for hibernate_sequence
call next value for hibernate_sequence;
2022-10-10 14:33:47.305  INFO 4460 --- [    Test worker] p6spy                                    : #1665380027305 | took 0ms | statement | connection 25| url jdbc:h2:mem:ad3a9e80-f26d-4a3e-9691-17f803db5723
call next value for hibernate_sequence
call next value for hibernate_sequence;
2022-10-10 14:33:47.305  INFO 4460 --- [    Test worker] c.j.r.FavoriteSpotQueryRepositoryTest    : favoriteSpot = FavoriteSpot(id=440, count=0)
2022-10-10 14:33:47.305  INFO 4460 --- [    Test worker] c.j.r.FavoriteSpotQueryRepositoryTest    : Spot = capstone.jejuTourrecommend.domain.Spot@4c8e54
2022-10-10 14:33:47.305  INFO 4460 --- [    Test worker] p6spy                                    : #1665380027305 | took 0ms | statement | connection 25| url jdbc:h2:mem:ad3a9e80-f26d-4a3e-9691-17f803db5723
call next value for hibernate_sequence
call next value for hibernate_sequence;
2022-10-10 14:33:47.305  INFO 4460 --- [    Test worker] p6spy                                    : #1665380027305 | took 0ms | statement | connection 25| url jdbc:h2:mem:ad3a9e80-f26d-4a3e-9691-17f803db5723
call next value for hibernate_sequence
call next value for hibernate_sequence;
2022-10-10 14:33:47.305  INFO 4460 --- [    Test worker] p6spy                                    : #1665380027305 | took 0ms | statement | connection 25| url jdbc:h2:mem:ad3a9e80-f26d-4a3e-9691-17f803db5723
call next value for hibernate_sequence
call next value for hibernate_sequence;
2022-10-10 14:33:47.305  INFO 4460 --- [    Test worker] p6spy                                    : #1665380027305 | took 0ms | statement | connection 25| url jdbc:h2:mem:ad3a9e80-f26d-4a3e-9691-17f803db5723
call next value for hibernate_sequence
call next value for hibernate_sequence;
2022-10-10 14:33:47.305  INFO 4460 --- [    Test worker] p6spy                                    : #1665380027305 | took 0ms | statement | connection 25| url jdbc:h2:mem:ad3a9e80-f26d-4a3e-9691-17f803db5723
call next value for hibernate_sequence
call next value for hibernate_sequence;
2022-10-10 14:33:47.305  INFO 4460 --- [    Test worker] p6spy                                    : #1665380027305 | took 0ms | statement | connection 25| url jdbc:h2:mem:ad3a9e80-f26d-4a3e-9691-17f803db5723
call next value for hibernate_sequence
call next value for hibernate_sequence;
2022-10-10 14:33:47.305  INFO 4460 --- [    Test worker] p6spy                                    : #1665380027305 | took 0ms | statement | connection 25| url jdbc:h2:mem:ad3a9e80-f26d-4a3e-9691-17f803db5723
call next value for hibernate_sequence
call next value for hibernate_sequence;
2022-10-10 14:33:47.305  INFO 4460 --- [    Test worker] p6spy                                    : #1665380027305 | took 0ms | statement | connection 25| url jdbc:h2:mem:ad3a9e80-f26d-4a3e-9691-17f803db5723
call next value for hibernate_sequence
call next value for hibernate_sequence;
2022-10-10 14:33:47.305  INFO 4460 --- [    Test worker] c.j.r.FavoriteSpotQueryRepositoryTest    : favoriteSpot = FavoriteSpot(id=441, count=0)
2022-10-10 14:33:47.305  INFO 4460 --- [    Test worker] c.j.r.FavoriteSpotQueryRepositoryTest    : Spot = capstone.jejuTourrecommend.domain.Spot@1ac12253
2022-10-10 14:33:47.305  INFO 4460 --- [    Test worker] p6spy                                    : #1665380027305 | took 0ms | statement | connection 25| url jdbc:h2:mem:ad3a9e80-f26d-4a3e-9691-17f803db5723
call next value for hibernate_sequence
call next value for hibernate_sequence;
2022-10-10 14:33:47.305  INFO 4460 --- [    Test worker] p6spy                                    : #1665380027305 | took 0ms | statement | connection 25| url jdbc:h2:mem:ad3a9e80-f26d-4a3e-9691-17f803db5723
call next value for hibernate_sequence
call next value for hibernate_sequence;
2022-10-10 14:33:47.305  INFO 4460 --- [    Test worker] p6spy                                    : #1665380027305 | took 0ms | statement | connection 25| url jdbc:h2:mem:ad3a9e80-f26d-4a3e-9691-17f803db5723
call next value for hibernate_sequence
call next value for hibernate_sequence;
2022-10-10 14:33:47.306  INFO 4460 --- [    Test worker] p6spy                                    : #1665380027306 | took 0ms | statement | connection 25| url jdbc:h2:mem:ad3a9e80-f26d-4a3e-9691-17f803db5723
call next value for hibernate_sequence
call next value for hibernate_sequence;
2022-10-10 14:33:47.306  INFO 4460 --- [    Test worker] p6spy                                    : #1665380027306 | took 0ms | statement | connection 25| url jdbc:h2:mem:ad3a9e80-f26d-4a3e-9691-17f803db5723
call next value for hibernate_sequence
call next value for hibernate_sequence;
2022-10-10 14:33:47.306  INFO 4460 --- [    Test worker] p6spy                                    : #1665380027306 | took 0ms | statement | connection 25| url jdbc:h2:mem:ad3a9e80-f26d-4a3e-9691-17f803db5723
call next value for hibernate_sequence
call next value for hibernate_sequence;
2022-10-10 14:33:47.306  INFO 4460 --- [    Test worker] p6spy                                    : #1665380027306 | took 0ms | statement | connection 25| url jdbc:h2:mem:ad3a9e80-f26d-4a3e-9691-17f803db5723
call next value for hibernate_sequence
call next value for hibernate_sequence;
2022-10-10 14:33:47.306  INFO 4460 --- [    Test worker] p6spy                                    : #1665380027306 | took 0ms | statement | connection 25| url jdbc:h2:mem:ad3a9e80-f26d-4a3e-9691-17f803db5723
call next value for hibernate_sequence
call next value for hibernate_sequence;
2022-10-10 14:33:47.306  INFO 4460 --- [    Test worker] c.j.r.FavoriteSpotQueryRepositoryTest    : favoriteSpot = FavoriteSpot(id=442, count=0)
2022-10-10 14:33:47.306  INFO 4460 --- [    Test worker] c.j.r.FavoriteSpotQueryRepositoryTest    : Spot = capstone.jejuTourrecommend.domain.Spot@29fdb768
2022-10-10 14:33:47.306  INFO 4460 --- [    Test worker] p6spy                                    : #1665380027306 | took 0ms | statement | connection 25| url jdbc:h2:mem:ad3a9e80-f26d-4a3e-9691-17f803db5723
call next value for hibernate_sequence
call next value for hibernate_sequence;
2022-10-10 14:33:47.306  INFO 4460 --- [    Test worker] p6spy                                    : #1665380027306 | took 0ms | statement | connection 25| url jdbc:h2:mem:ad3a9e80-f26d-4a3e-9691-17f803db5723
call next value for hibernate_sequence
call next value for hibernate_sequence;
2022-10-10 14:33:47.306  INFO 4460 --- [    Test worker] p6spy                                    : #1665380027306 | took 0ms | statement | connection 25| url jdbc:h2:mem:ad3a9e80-f26d-4a3e-9691-17f803db5723
call next value for hibernate_sequence
call next value for hibernate_sequence;
2022-10-10 14:33:47.306  INFO 4460 --- [    Test worker] p6spy                                    : #1665380027306 | took 0ms | statement | connection 25| url jdbc:h2:mem:ad3a9e80-f26d-4a3e-9691-17f803db5723
call next value for hibernate_sequence
call next value for hibernate_sequence;
2022-10-10 14:33:47.306  INFO 4460 --- [    Test worker] p6spy                                    : #1665380027306 | took 0ms | statement | connection 25| url jdbc:h2:mem:ad3a9e80-f26d-4a3e-9691-17f803db5723
call next value for hibernate_sequence
call next value for hibernate_sequence;
2022-10-10 14:33:47.306  INFO 4460 --- [    Test worker] p6spy                                    : #1665380027306 | took 0ms | statement | connection 25| url jdbc:h2:mem:ad3a9e80-f26d-4a3e-9691-17f803db5723
call next value for hibernate_sequence
call next value for hibernate_sequence;
2022-10-10 14:33:47.306  INFO 4460 --- [    Test worker] p6spy                                    : #1665380027306 | took 0ms | statement | connection 25| url jdbc:h2:mem:ad3a9e80-f26d-4a3e-9691-17f803db5723
call next value for hibernate_sequence
call next value for hibernate_sequence;
2022-10-10 14:33:47.306  INFO 4460 --- [    Test worker] p6spy                                    : #1665380027306 | took 0ms | statement | connection 25| url jdbc:h2:mem:ad3a9e80-f26d-4a3e-9691-17f803db5723
call next value for hibernate_sequence
call next value for hibernate_sequence;
2022-10-10 14:33:47.306  INFO 4460 --- [    Test worker] c.j.r.FavoriteSpotQueryRepositoryTest    : favoriteSpot = FavoriteSpot(id=443, count=0)
2022-10-10 14:33:47.306  INFO 4460 --- [    Test worker] c.j.r.FavoriteSpotQueryRepositoryTest    : Spot = capstone.jejuTourrecommend.domain.Spot@264a4a0c
2022-10-10 14:33:47.306  INFO 4460 --- [    Test worker] p6spy                                    : #1665380027306 | took 0ms | statement | connection 25| url jdbc:h2:mem:ad3a9e80-f26d-4a3e-9691-17f803db5723
call next value for hibernate_sequence
call next value for hibernate_sequence;
2022-10-10 14:33:47.306  INFO 4460 --- [    Test worker] p6spy                                    : #1665380027306 | took 0ms | statement | connection 25| url jdbc:h2:mem:ad3a9e80-f26d-4a3e-9691-17f803db5723
call next value for hibernate_sequence
call next value for hibernate_sequence;
2022-10-10 14:33:47.306  INFO 4460 --- [    Test worker] p6spy                                    : #1665380027306 | took 0ms | statement | connection 25| url jdbc:h2:mem:ad3a9e80-f26d-4a3e-9691-17f803db5723
call next value for hibernate_sequence
call next value for hibernate_sequence;
2022-10-10 14:33:47.306  INFO 4460 --- [    Test worker] p6spy                                    : #1665380027306 | took 0ms | statement | connection 25| url jdbc:h2:mem:ad3a9e80-f26d-4a3e-9691-17f803db5723
call next value for hibernate_sequence
call next value for hibernate_sequence;
2022-10-10 14:33:47.306  INFO 4460 --- [    Test worker] p6spy                                    : #1665380027306 | took 0ms | statement | connection 25| url jdbc:h2:mem:ad3a9e80-f26d-4a3e-9691-17f803db5723
call next value for hibernate_sequence
call next value for hibernate_sequence;
2022-10-10 14:33:47.306  INFO 4460 --- [    Test worker] p6spy                                    : #1665380027306 | took 0ms | statement | connection 25| url jdbc:h2:mem:ad3a9e80-f26d-4a3e-9691-17f803db5723
call next value for hibernate_sequence
call next value for hibernate_sequence;
2022-10-10 14:33:47.306  INFO 4460 --- [    Test worker] p6spy                                    : #1665380027306 | took 0ms | statement | connection 25| url jdbc:h2:mem:ad3a9e80-f26d-4a3e-9691-17f803db5723
call next value for hibernate_sequence
call next value for hibernate_sequence;
2022-10-10 14:33:47.307  INFO 4460 --- [    Test worker] p6spy                                    : #1665380027307 | took 0ms | statement | connection 25| url jdbc:h2:mem:ad3a9e80-f26d-4a3e-9691-17f803db5723
call next value for hibernate_sequence
call next value for hibernate_sequence;
2022-10-10 14:33:47.307  INFO 4460 --- [    Test worker] c.j.r.FavoriteSpotQueryRepositoryTest    : favoriteSpot = FavoriteSpot(id=444, count=0)
2022-10-10 14:33:47.307  INFO 4460 --- [    Test worker] c.j.r.FavoriteSpotQueryRepositoryTest    : Spot = capstone.jejuTourrecommend.domain.Spot@11da67b4
2022-10-10 14:33:47.307  INFO 4460 --- [    Test worker] p6spy                                    : #1665380027307 | took 0ms | statement | connection 25| url jdbc:h2:mem:ad3a9e80-f26d-4a3e-9691-17f803db5723
call next value for hibernate_sequence
call next value for hibernate_sequence;
2022-10-10 14:33:47.307  INFO 4460 --- [    Test worker] p6spy                                    : #1665380027307 | took 0ms | statement | connection 25| url jdbc:h2:mem:ad3a9e80-f26d-4a3e-9691-17f803db5723
call next value for hibernate_sequence
call next value for hibernate_sequence;
2022-10-10 14:33:47.307  INFO 4460 --- [    Test worker] p6spy                                    : #1665380027307 | took 0ms | statement | connection 25| url jdbc:h2:mem:ad3a9e80-f26d-4a3e-9691-17f803db5723
call next value for hibernate_sequence
call next value for hibernate_sequence;
2022-10-10 14:33:47.307  INFO 4460 --- [    Test worker] p6spy                                    : #1665380027307 | took 0ms | statement | connection 25| url jdbc:h2:mem:ad3a9e80-f26d-4a3e-9691-17f803db5723
call next value for hibernate_sequence
call next value for hibernate_sequence;
2022-10-10 14:33:47.307  INFO 4460 --- [    Test worker] p6spy                                    : #1665380027307 | took 0ms | statement | connection 25| url jdbc:h2:mem:ad3a9e80-f26d-4a3e-9691-17f803db5723
call next value for review_seq
call next value for review_seq;
2022-10-10 14:33:47.307  INFO 4460 --- [    Test worker] p6spy                                    : #1665380027307 | took 0ms | statement | connection 25| url jdbc:h2:mem:ad3a9e80-f26d-4a3e-9691-17f803db5723
call next value for hibernate_sequence
call next value for hibernate_sequence;
2022-10-10 14:33:47.307  INFO 4460 --- [    Test worker] p6spy                                    : #1665380027307 | took 0ms | statement | connection 25| url jdbc:h2:mem:ad3a9e80-f26d-4a3e-9691-17f803db5723
call next value for hibernate_sequence
call next value for hibernate_sequence;
2022-10-10 14:33:47.307  INFO 4460 --- [    Test worker] p6spy                                    : #1665380027307 | took 0ms | statement | connection 25| url jdbc:h2:mem:ad3a9e80-f26d-4a3e-9691-17f803db5723
call next value for hibernate_sequence
call next value for hibernate_sequence;
2022-10-10 14:33:47.307  INFO 4460 --- [    Test worker] p6spy                                    : #1665380027307 | took 0ms | statement | connection 25| url jdbc:h2:mem:ad3a9e80-f26d-4a3e-9691-17f803db5723
call next value for hibernate_sequence
call next value for hibernate_sequence;
2022-10-10 14:33:47.307  INFO 4460 --- [    Test worker] c.j.r.FavoriteSpotQueryRepositoryTest    : favoriteSpot = FavoriteSpot(id=445, count=0)
2022-10-10 14:33:47.307  INFO 4460 --- [    Test worker] c.j.r.FavoriteSpotQueryRepositoryTest    : Spot = capstone.jejuTourrecommend.domain.Spot@5afee63d
2022-10-10 14:33:47.307  INFO 4460 --- [    Test worker] p6spy                                    : #1665380027307 | took 0ms | statement | connection 25| url jdbc:h2:mem:ad3a9e80-f26d-4a3e-9691-17f803db5723
call next value for score_seq
call next value for score_seq;
2022-10-10 14:33:47.307  INFO 4460 --- [    Test worker] p6spy                                    : #1665380027307 | took 0ms | statement | connection 25| url jdbc:h2:mem:ad3a9e80-f26d-4a3e-9691-17f803db5723
call next value for hibernate_sequence
call next value for hibernate_sequence;
2022-10-10 14:33:47.307  INFO 4460 --- [    Test worker] p6spy                                    : #1665380027307 | took 0ms | statement | connection 25| url jdbc:h2:mem:ad3a9e80-f26d-4a3e-9691-17f803db5723
call next value for hibernate_sequence
call next value for hibernate_sequence;
2022-10-10 14:33:47.307  INFO 4460 --- [    Test worker] p6spy                                    : #1665380027307 | took 0ms | statement | connection 25| url jdbc:h2:mem:ad3a9e80-f26d-4a3e-9691-17f803db5723
call next value for hibernate_sequence
call next value for hibernate_sequence;
2022-10-10 14:33:47.307  INFO 4460 --- [    Test worker] p6spy                                    : #1665380027307 | took 0ms | statement | connection 25| url jdbc:h2:mem:ad3a9e80-f26d-4a3e-9691-17f803db5723
call next value for hibernate_sequence
call next value for hibernate_sequence;
2022-10-10 14:33:47.307  INFO 4460 --- [    Test worker] p6spy                                    : #1665380027307 | took 0ms | statement | connection 25| url jdbc:h2:mem:ad3a9e80-f26d-4a3e-9691-17f803db5723
call next value for hibernate_sequence
call next value for hibernate_sequence;
2022-10-10 14:33:47.307  INFO 4460 --- [    Test worker] p6spy                                    : #1665380027307 | took 0ms | statement | connection 25| url jdbc:h2:mem:ad3a9e80-f26d-4a3e-9691-17f803db5723
call next value for hibernate_sequence
call next value for hibernate_sequence;
2022-10-10 14:33:47.307  INFO 4460 --- [    Test worker] p6spy                                    : #1665380027307 | took 0ms | statement | connection 25| url jdbc:h2:mem:ad3a9e80-f26d-4a3e-9691-17f803db5723
call next value for hibernate_sequence
call next value for hibernate_sequence;
2022-10-10 14:33:47.307  INFO 4460 --- [    Test worker] p6spy                                    : #1665380027307 | took 0ms | statement | connection 25| url jdbc:h2:mem:ad3a9e80-f26d-4a3e-9691-17f803db5723
call next value for hibernate_sequence
call next value for hibernate_sequence;
2022-10-10 14:33:47.307  INFO 4460 --- [    Test worker] c.j.r.FavoriteSpotQueryRepositoryTest    : favoriteSpot = FavoriteSpot(id=446, count=0)
2022-10-10 14:33:47.307  INFO 4460 --- [    Test worker] c.j.r.FavoriteSpotQueryRepositoryTest    : Spot = capstone.jejuTourrecommend.domain.Spot@258b7c49
2022-10-10 14:33:47.307  INFO 4460 --- [    Test worker] p6spy                                    : #1665380027307 | took 0ms | statement | connection 25| url jdbc:h2:mem:ad3a9e80-f26d-4a3e-9691-17f803db5723
call next value for hibernate_sequence
call next value for hibernate_sequence;
2022-10-10 14:33:47.307  INFO 4460 --- [    Test worker] p6spy                                    : #1665380027307 | took 0ms | statement | connection 25| url jdbc:h2:mem:ad3a9e80-f26d-4a3e-9691-17f803db5723
call next value for hibernate_sequence
call next value for hibernate_sequence;
2022-10-10 14:33:47.307  INFO 4460 --- [    Test worker] p6spy                                    : #1665380027307 | took 0ms | statement | connection 25| url jdbc:h2:mem:ad3a9e80-f26d-4a3e-9691-17f803db5723
call next value for hibernate_sequence
call next value for hibernate_sequence;
2022-10-10 14:33:47.307  INFO 4460 --- [    Test worker] p6spy                                    : #1665380027307 | took 0ms | statement | connection 25| url jdbc:h2:mem:ad3a9e80-f26d-4a3e-9691-17f803db5723
call next value for hibernate_sequence
call next value for hibernate_sequence;
2022-10-10 14:33:47.307  INFO 4460 --- [    Test worker] p6spy                                    : #1665380027307 | took 0ms | statement | connection 25| url jdbc:h2:mem:ad3a9e80-f26d-4a3e-9691-17f803db5723
call next value for hibernate_sequence
call next value for hibernate_sequence;
2022-10-10 14:33:47.307  INFO 4460 --- [    Test worker] p6spy                                    : #1665380027307 | took 0ms | statement | connection 25| url jdbc:h2:mem:ad3a9e80-f26d-4a3e-9691-17f803db5723
call next value for hibernate_sequence
call next value for hibernate_sequence;
2022-10-10 14:33:47.307  INFO 4460 --- [    Test worker] p6spy                                    : #1665380027307 | took 0ms | statement | connection 25| url jdbc:h2:mem:ad3a9e80-f26d-4a3e-9691-17f803db5723
call next value for hibernate_sequence
call next value for hibernate_sequence;
2022-10-10 14:33:47.307  INFO 4460 --- [    Test worker] p6spy                                    : #1665380027307 | took 0ms | statement | connection 25| url jdbc:h2:mem:ad3a9e80-f26d-4a3e-9691-17f803db5723
call next value for hibernate_sequence
call next value for hibernate_sequence;
2022-10-10 14:33:47.307  INFO 4460 --- [    Test worker] c.j.r.FavoriteSpotQueryRepositoryTest    : favoriteSpot = FavoriteSpot(id=447, count=0)
2022-10-10 14:33:47.307  INFO 4460 --- [    Test worker] c.j.r.FavoriteSpotQueryRepositoryTest    : Spot = capstone.jejuTourrecommend.domain.Spot@5e3193ac
2022-10-10 14:33:47.307  INFO 4460 --- [    Test worker] p6spy                                    : #1665380027307 | took 0ms | statement | connection 25| url jdbc:h2:mem:ad3a9e80-f26d-4a3e-9691-17f803db5723
call next value for hibernate_sequence
call next value for hibernate_sequence;
2022-10-10 14:33:47.307  INFO 4460 --- [    Test worker] p6spy                                    : #1665380027307 | took 0ms | statement | connection 25| url jdbc:h2:mem:ad3a9e80-f26d-4a3e-9691-17f803db5723
call next value for hibernate_sequence
call next value for hibernate_sequence;
2022-10-10 14:33:47.308  INFO 4460 --- [    Test worker] p6spy                                    : #1665380027308 | took 0ms | statement | connection 25| url jdbc:h2:mem:ad3a9e80-f26d-4a3e-9691-17f803db5723
call next value for hibernate_sequence
call next value for hibernate_sequence;
2022-10-10 14:33:47.308  INFO 4460 --- [    Test worker] p6spy                                    : #1665380027308 | took 0ms | statement | connection 25| url jdbc:h2:mem:ad3a9e80-f26d-4a3e-9691-17f803db5723
call next value for hibernate_sequence
call next value for hibernate_sequence;
2022-10-10 14:33:47.308  INFO 4460 --- [    Test worker] p6spy                                    : #1665380027308 | took 0ms | statement | connection 25| url jdbc:h2:mem:ad3a9e80-f26d-4a3e-9691-17f803db5723
call next value for hibernate_sequence
call next value for hibernate_sequence;
2022-10-10 14:33:47.308  INFO 4460 --- [    Test worker] p6spy                                    : #1665380027308 | took 0ms | statement | connection 25| url jdbc:h2:mem:ad3a9e80-f26d-4a3e-9691-17f803db5723
call next value for hibernate_sequence
call next value for hibernate_sequence;
2022-10-10 14:33:47.308  INFO 4460 --- [    Test worker] p6spy                                    : #1665380027308 | took 0ms | statement | connection 25| url jdbc:h2:mem:ad3a9e80-f26d-4a3e-9691-17f803db5723
call next value for hibernate_sequence
call next value for hibernate_sequence;
2022-10-10 14:33:47.308  INFO 4460 --- [    Test worker] p6spy                                    : #1665380027308 | took 0ms | statement | connection 25| url jdbc:h2:mem:ad3a9e80-f26d-4a3e-9691-17f803db5723
call next value for hibernate_sequence
call next value for hibernate_sequence;
2022-10-10 14:33:47.308  INFO 4460 --- [    Test worker] c.j.r.FavoriteSpotQueryRepositoryTest    : favoriteSpot = FavoriteSpot(id=448, count=0)
2022-10-10 14:33:47.308  INFO 4460 --- [    Test worker] c.j.r.FavoriteSpotQueryRepositoryTest    : Spot = capstone.jejuTourrecommend.domain.Spot@59a101ad
2022-10-10 14:33:47.308  INFO 4460 --- [    Test worker] p6spy                                    : #1665380027308 | took 0ms | statement | connection 25| url jdbc:h2:mem:ad3a9e80-f26d-4a3e-9691-17f803db5723
call next value for hibernate_sequence
call next value for hibernate_sequence;
2022-10-10 14:33:47.308  INFO 4460 --- [    Test worker] p6spy                                    : #1665380027308 | took 0ms | statement | connection 25| url jdbc:h2:mem:ad3a9e80-f26d-4a3e-9691-17f803db5723
call next value for hibernate_sequence
call next value for hibernate_sequence;
2022-10-10 14:33:47.308  INFO 4460 --- [    Test worker] p6spy                                    : #1665380027308 | took 0ms | statement | connection 25| url jdbc:h2:mem:ad3a9e80-f26d-4a3e-9691-17f803db5723
call next value for hibernate_sequence
call next value for hibernate_sequence;
2022-10-10 14:33:47.308  INFO 4460 --- [    Test worker] p6spy                                    : #1665380027308 | took 0ms | statement | connection 25| url jdbc:h2:mem:ad3a9e80-f26d-4a3e-9691-17f803db5723
call next value for hibernate_sequence
call next value for hibernate_sequence;
2022-10-10 14:33:47.308  INFO 4460 --- [    Test worker] p6spy                                    : #1665380027308 | took 0ms | statement | connection 25| url jdbc:h2:mem:ad3a9e80-f26d-4a3e-9691-17f803db5723
call next value for hibernate_sequence
call next value for hibernate_sequence;
2022-10-10 14:33:47.308  INFO 4460 --- [    Test worker] p6spy                                    : #1665380027308 | took 0ms | statement | connection 25| url jdbc:h2:mem:ad3a9e80-f26d-4a3e-9691-17f803db5723
call next value for hibernate_sequence
call next value for hibernate_sequence;
2022-10-10 14:33:47.308  INFO 4460 --- [    Test worker] p6spy                                    : #1665380027308 | took 0ms | statement | connection 25| url jdbc:h2:mem:ad3a9e80-f26d-4a3e-9691-17f803db5723
call next value for hibernate_sequence
call next value for hibernate_sequence;
2022-10-10 14:33:47.308  INFO 4460 --- [    Test worker] p6spy                                    : #1665380027308 | took 0ms | statement | connection 25| url jdbc:h2:mem:ad3a9e80-f26d-4a3e-9691-17f803db5723
call next value for hibernate_sequence
call next value for hibernate_sequence;
2022-10-10 14:33:47.308  INFO 4460 --- [    Test worker] c.j.r.FavoriteSpotQueryRepositoryTest    : favoriteSpot = FavoriteSpot(id=449, count=0)
2022-10-10 14:33:47.308  INFO 4460 --- [    Test worker] c.j.r.FavoriteSpotQueryRepositoryTest    : Spot = capstone.jejuTourrecommend.domain.Spot@4e238f9d
2022-10-10 14:33:47.308  INFO 4460 --- [    Test worker] p6spy                                    : #1665380027308 | took 0ms | statement | connection 25| url jdbc:h2:mem:ad3a9e80-f26d-4a3e-9691-17f803db5723
call next value for hibernate_sequence
call next value for hibernate_sequence;
2022-10-10 14:33:47.308  INFO 4460 --- [    Test worker] p6spy                                    : #1665380027308 | took 0ms | statement | connection 25| url jdbc:h2:mem:ad3a9e80-f26d-4a3e-9691-17f803db5723
call next value for hibernate_sequence
call next value for hibernate_sequence;
2022-10-10 14:33:47.308  INFO 4460 --- [    Test worker] p6spy                                    : #1665380027308 | took 0ms | statement | connection 25| url jdbc:h2:mem:ad3a9e80-f26d-4a3e-9691-17f803db5723
call next value for hibernate_sequence
call next value for hibernate_sequence;
2022-10-10 14:33:47.308  INFO 4460 --- [    Test worker] p6spy                                    : #1665380027308 | took 0ms | statement | connection 25| url jdbc:h2:mem:ad3a9e80-f26d-4a3e-9691-17f803db5723
call next value for hibernate_sequence
call next value for hibernate_sequence;
2022-10-10 14:33:47.308  INFO 4460 --- [    Test worker] p6spy                                    : #1665380027308 | took 0ms | statement | connection 25| url jdbc:h2:mem:ad3a9e80-f26d-4a3e-9691-17f803db5723
call next value for hibernate_sequence
call next value for hibernate_sequence;
2022-10-10 14:33:47.308  INFO 4460 --- [    Test worker] p6spy                                    : #1665380027308 | took 0ms | statement | connection 25| url jdbc:h2:mem:ad3a9e80-f26d-4a3e-9691-17f803db5723
call next value for hibernate_sequence
call next value for hibernate_sequence;
2022-10-10 14:33:47.308  INFO 4460 --- [    Test worker] p6spy                                    : #1665380027308 | took 0ms | statement | connection 25| url jdbc:h2:mem:ad3a9e80-f26d-4a3e-9691-17f803db5723
call next value for hibernate_sequence
call next value for hibernate_sequence;
2022-10-10 14:33:47.308  INFO 4460 --- [    Test worker] p6spy                                    : #1665380027308 | took 0ms | statement | connection 25| url jdbc:h2:mem:ad3a9e80-f26d-4a3e-9691-17f803db5723
call next value for hibernate_sequence
call next value for hibernate_sequence;
2022-10-10 14:33:47.308  INFO 4460 --- [    Test worker] c.j.r.FavoriteSpotQueryRepositoryTest    : favoriteSpot = FavoriteSpot(id=450, count=0)
2022-10-10 14:33:47.308  INFO 4460 --- [    Test worker] c.j.r.FavoriteSpotQueryRepositoryTest    : Spot = capstone.jejuTourrecommend.domain.Spot@29185b54
2022-10-10 14:33:47.308  INFO 4460 --- [    Test worker] p6spy                                    : #1665380027308 | took 0ms | statement | connection 25| url jdbc:h2:mem:ad3a9e80-f26d-4a3e-9691-17f803db5723
call next value for hibernate_sequence
call next value for hibernate_sequence;
2022-10-10 14:33:47.308  INFO 4460 --- [    Test worker] p6spy                                    : #1665380027308 | took 0ms | statement | connection 25| url jdbc:h2:mem:ad3a9e80-f26d-4a3e-9691-17f803db5723
call next value for hibernate_sequence
call next value for hibernate_sequence;
2022-10-10 14:33:47.308  INFO 4460 --- [    Test worker] p6spy                                    : #1665380027308 | took 0ms | statement | connection 25| url jdbc:h2:mem:ad3a9e80-f26d-4a3e-9691-17f803db5723
call next value for hibernate_sequence
call next value for hibernate_sequence;
2022-10-10 14:33:47.308  INFO 4460 --- [    Test worker] p6spy                                    : #1665380027308 | took 0ms | statement | connection 25| url jdbc:h2:mem:ad3a9e80-f26d-4a3e-9691-17f803db5723
call next value for hibernate_sequence
call next value for hibernate_sequence;
2022-10-10 14:33:47.309  INFO 4460 --- [    Test worker] p6spy                                    : #1665380027309 | took 0ms | statement | connection 25| url jdbc:h2:mem:ad3a9e80-f26d-4a3e-9691-17f803db5723
call next value for hibernate_sequence
call next value for hibernate_sequence;
2022-10-10 14:33:47.309  INFO 4460 --- [    Test worker] p6spy                                    : #1665380027309 | took 0ms | statement | connection 25| url jdbc:h2:mem:ad3a9e80-f26d-4a3e-9691-17f803db5723
call next value for hibernate_sequence
call next value for hibernate_sequence;
2022-10-10 14:33:47.309  INFO 4460 --- [    Test worker] p6spy                                    : #1665380027309 | took 0ms | statement | connection 25| url jdbc:h2:mem:ad3a9e80-f26d-4a3e-9691-17f803db5723
call next value for hibernate_sequence
call next value for hibernate_sequence;
2022-10-10 14:33:47.309  INFO 4460 --- [    Test worker] p6spy                                    : #1665380027309 | took 0ms | statement | connection 25| url jdbc:h2:mem:ad3a9e80-f26d-4a3e-9691-17f803db5723
call next value for hibernate_sequence
call next value for hibernate_sequence;
2022-10-10 14:33:47.309  INFO 4460 --- [    Test worker] c.j.r.FavoriteSpotQueryRepositoryTest    : favoriteSpot = FavoriteSpot(id=451, count=0)
2022-10-10 14:33:47.309  INFO 4460 --- [    Test worker] c.j.r.FavoriteSpotQueryRepositoryTest    : Spot = capstone.jejuTourrecommend.domain.Spot@47b0aa30
2022-10-10 14:33:47.309  INFO 4460 --- [    Test worker] p6spy                                    : #1665380027309 | took 0ms | statement | connection 25| url jdbc:h2:mem:ad3a9e80-f26d-4a3e-9691-17f803db5723
call next value for hibernate_sequence
call next value for hibernate_sequence;
2022-10-10 14:33:47.309  INFO 4460 --- [    Test worker] p6spy                                    : #1665380027309 | took 0ms | statement | connection 25| url jdbc:h2:mem:ad3a9e80-f26d-4a3e-9691-17f803db5723
call next value for hibernate_sequence
call next value for hibernate_sequence;
2022-10-10 14:33:47.309  INFO 4460 --- [    Test worker] p6spy                                    : #1665380027309 | took 0ms | statement | connection 25| url jdbc:h2:mem:ad3a9e80-f26d-4a3e-9691-17f803db5723
call next value for hibernate_sequence
call next value for hibernate_sequence;
2022-10-10 14:33:47.309  INFO 4460 --- [    Test worker] p6spy                                    : #1665380027309 | took 0ms | statement | connection 25| url jdbc:h2:mem:ad3a9e80-f26d-4a3e-9691-17f803db5723
call next value for hibernate_sequence
call next value for hibernate_sequence;
2022-10-10 14:33:47.309  INFO 4460 --- [    Test worker] p6spy                                    : #1665380027309 | took 0ms | statement | connection 25| url jdbc:h2:mem:ad3a9e80-f26d-4a3e-9691-17f803db5723
call next value for hibernate_sequence
call next value for hibernate_sequence;
2022-10-10 14:33:47.309  INFO 4460 --- [    Test worker] p6spy                                    : #1665380027309 | took 0ms | statement | connection 25| url jdbc:h2:mem:ad3a9e80-f26d-4a3e-9691-17f803db5723
call next value for hibernate_sequence
call next value for hibernate_sequence;
2022-10-10 14:33:47.309  INFO 4460 --- [    Test worker] p6spy                                    : #1665380027309 | took 0ms | statement | connection 25| url jdbc:h2:mem:ad3a9e80-f26d-4a3e-9691-17f803db5723
call next value for hibernate_sequence
call next value for hibernate_sequence;
2022-10-10 14:33:47.309  INFO 4460 --- [    Test worker] p6spy                                    : #1665380027309 | took 0ms | statement | connection 25| url jdbc:h2:mem:ad3a9e80-f26d-4a3e-9691-17f803db5723
call next value for hibernate_sequence
call next value for hibernate_sequence;
2022-10-10 14:33:47.309  INFO 4460 --- [    Test worker] p6spy                                    : #1665380027309 | took 0ms | statement | connection 25| url jdbc:h2:mem:ad3a9e80-f26d-4a3e-9691-17f803db5723
call next value for favoritespot_seq
call next value for favoritespot_seq;
2022-10-10 14:33:47.309  INFO 4460 --- [    Test worker] c.j.r.FavoriteSpotQueryRepositoryTest    : favoriteSpot = FavoriteSpot(id=452, count=0)
2022-10-10 14:33:47.309  INFO 4460 --- [    Test worker] c.j.r.FavoriteSpotQueryRepositoryTest    : Spot = capstone.jejuTourrecommend.domain.Spot@7e585b7a
2022-10-10 14:33:47.309  INFO 4460 --- [    Test worker] p6spy                                    : #1665380027309 | took 0ms | statement | connection 25| url jdbc:h2:mem:ad3a9e80-f26d-4a3e-9691-17f803db5723
call next value for hibernate_sequence
call next value for hibernate_sequence;
2022-10-10 14:33:47.309  INFO 4460 --- [    Test worker] p6spy                                    : #1665380027309 | took 0ms | statement | connection 25| url jdbc:h2:mem:ad3a9e80-f26d-4a3e-9691-17f803db5723
call next value for hibernate_sequence
call next value for hibernate_sequence;
2022-10-10 14:33:47.309  INFO 4460 --- [    Test worker] p6spy                                    : #1665380027309 | took 0ms | statement | connection 25| url jdbc:h2:mem:ad3a9e80-f26d-4a3e-9691-17f803db5723
call next value for hibernate_sequence
call next value for hibernate_sequence;
2022-10-10 14:33:47.309  INFO 4460 --- [    Test worker] p6spy                                    : #1665380027309 | took 0ms | statement | connection 25| url jdbc:h2:mem:ad3a9e80-f26d-4a3e-9691-17f803db5723
call next value for hibernate_sequence
call next value for hibernate_sequence;
2022-10-10 14:33:47.309  INFO 4460 --- [    Test worker] p6spy                                    : #1665380027309 | took 0ms | statement | connection 25| url jdbc:h2:mem:ad3a9e80-f26d-4a3e-9691-17f803db5723
call next value for hibernate_sequence
call next value for hibernate_sequence;
2022-10-10 14:33:47.309  INFO 4460 --- [    Test worker] p6spy                                    : #1665380027309 | took 0ms | statement | connection 25| url jdbc:h2:mem:ad3a9e80-f26d-4a3e-9691-17f803db5723
call next value for hibernate_sequence
call next value for hibernate_sequence;
2022-10-10 14:33:47.309  INFO 4460 --- [    Test worker] p6spy                                    : #1665380027309 | took 0ms | statement | connection 25| url jdbc:h2:mem:ad3a9e80-f26d-4a3e-9691-17f803db5723
call next value for hibernate_sequence
call next value for hibernate_sequence;
2022-10-10 14:33:47.309  INFO 4460 --- [    Test worker] p6spy                                    : #1665380027309 | took 0ms | statement | connection 25| url jdbc:h2:mem:ad3a9e80-f26d-4a3e-9691-17f803db5723
call next value for hibernate_sequence
call next value for hibernate_sequence;
2022-10-10 14:33:47.309  INFO 4460 --- [    Test worker] c.j.r.FavoriteSpotQueryRepositoryTest    : favoriteSpot = FavoriteSpot(id=453, count=0)
2022-10-10 14:33:47.309  INFO 4460 --- [    Test worker] c.j.r.FavoriteSpotQueryRepositoryTest    : Spot = capstone.jejuTourrecommend.domain.Spot@539ba851
2022-10-10 14:33:47.309  INFO 4460 --- [    Test worker] p6spy                                    : #1665380027309 | took 0ms | statement | connection 25| url jdbc:h2:mem:ad3a9e80-f26d-4a3e-9691-17f803db5723
call next value for hibernate_sequence
call next value for hibernate_sequence;
2022-10-10 14:33:47.309  INFO 4460 --- [    Test worker] p6spy                                    : #1665380027309 | took 0ms | statement | connection 25| url jdbc:h2:mem:ad3a9e80-f26d-4a3e-9691-17f803db5723
call next value for hibernate_sequence
call next value for hibernate_sequence;
2022-10-10 14:33:47.309  INFO 4460 --- [    Test worker] p6spy                                    : #1665380027309 | took 0ms | statement | connection 25| url jdbc:h2:mem:ad3a9e80-f26d-4a3e-9691-17f803db5723
call next value for hibernate_sequence
call next value for hibernate_sequence;
2022-10-10 14:33:47.309  INFO 4460 --- [    Test worker] p6spy                                    : #1665380027309 | took 0ms | statement | connection 25| url jdbc:h2:mem:ad3a9e80-f26d-4a3e-9691-17f803db5723
call next value for hibernate_sequence
call next value for hibernate_sequence;
2022-10-10 14:33:47.309  INFO 4460 --- [    Test worker] p6spy                                    : #1665380027309 | took 0ms | statement | connection 25| url jdbc:h2:mem:ad3a9e80-f26d-4a3e-9691-17f803db5723
call next value for hibernate_sequence
call next value for hibernate_sequence;
2022-10-10 14:33:47.309  INFO 4460 --- [    Test worker] p6spy                                    : #1665380027309 | took 0ms | statement | connection 25| url jdbc:h2:mem:ad3a9e80-f26d-4a3e-9691-17f803db5723
call next value for hibernate_sequence
call next value for hibernate_sequence;
2022-10-10 14:33:47.309  INFO 4460 --- [    Test worker] p6spy                                    : #1665380027309 | took 0ms | statement | connection 25| url jdbc:h2:mem:ad3a9e80-f26d-4a3e-9691-17f803db5723
call next value for hibernate_sequence
call next value for hibernate_sequence;
2022-10-10 14:33:47.309  INFO 4460 --- [    Test worker] p6spy                                    : #1665380027309 | took 0ms | statement | connection 25| url jdbc:h2:mem:ad3a9e80-f26d-4a3e-9691-17f803db5723
call next value for hibernate_sequence
call next value for hibernate_sequence;
2022-10-10 14:33:47.309  INFO 4460 --- [    Test worker] c.j.r.FavoriteSpotQueryRepositoryTest    : favoriteSpot = FavoriteSpot(id=454, count=0)
2022-10-10 14:33:47.309  INFO 4460 --- [    Test worker] c.j.r.FavoriteSpotQueryRepositoryTest    : Spot = capstone.jejuTourrecommend.domain.Spot@6739e16a
2022-10-10 14:33:47.309  INFO 4460 --- [    Test worker] p6spy                                    : #1665380027309 | took 0ms | statement | connection 25| url jdbc:h2:mem:ad3a9e80-f26d-4a3e-9691-17f803db5723
call next value for hibernate_sequence
call next value for hibernate_sequence;
2022-10-10 14:33:47.309  INFO 4460 --- [    Test worker] p6spy                                    : #1665380027309 | took 0ms | statement | connection 25| url jdbc:h2:mem:ad3a9e80-f26d-4a3e-9691-17f803db5723
call next value for hibernate_sequence
call next value for hibernate_sequence;
2022-10-10 14:33:47.310  INFO 4460 --- [    Test worker] p6spy                                    : #1665380027310 | took 0ms | statement | connection 25| url jdbc:h2:mem:ad3a9e80-f26d-4a3e-9691-17f803db5723
call next value for hibernate_sequence
call next value for hibernate_sequence;
2022-10-10 14:33:47.310  INFO 4460 --- [    Test worker] p6spy                                    : #1665380027310 | took 0ms | statement | connection 25| url jdbc:h2:mem:ad3a9e80-f26d-4a3e-9691-17f803db5723
call next value for hibernate_sequence
call next value for hibernate_sequence;
2022-10-10 14:33:47.310  INFO 4460 --- [    Test worker] p6spy                                    : #1665380027310 | took 0ms | statement | connection 25| url jdbc:h2:mem:ad3a9e80-f26d-4a3e-9691-17f803db5723
call next value for hibernate_sequence
call next value for hibernate_sequence;
2022-10-10 14:33:47.310  INFO 4460 --- [    Test worker] p6spy                                    : #1665380027310 | took 0ms | statement | connection 25| url jdbc:h2:mem:ad3a9e80-f26d-4a3e-9691-17f803db5723
call next value for hibernate_sequence
call next value for hibernate_sequence;
2022-10-10 14:33:47.310  INFO 4460 --- [    Test worker] p6spy                                    : #1665380027310 | took 0ms | statement | connection 25| url jdbc:h2:mem:ad3a9e80-f26d-4a3e-9691-17f803db5723
call next value for hibernate_sequence
call next value for hibernate_sequence;
2022-10-10 14:33:47.310  INFO 4460 --- [    Test worker] p6spy                                    : #1665380027310 | took 0ms | statement | connection 25| url jdbc:h2:mem:ad3a9e80-f26d-4a3e-9691-17f803db5723
call next value for hibernate_sequence
call next value for hibernate_sequence;
2022-10-10 14:33:47.310  INFO 4460 --- [    Test worker] c.j.r.FavoriteSpotQueryRepositoryTest    : favoriteSpot = FavoriteSpot(id=455, count=0)
2022-10-10 14:33:47.310  INFO 4460 --- [    Test worker] c.j.r.FavoriteSpotQueryRepositoryTest    : Spot = capstone.jejuTourrecommend.domain.Spot@462d2fbf
2022-10-10 14:33:47.310  INFO 4460 --- [    Test worker] p6spy                                    : #1665380027310 | took 0ms | statement | connection 25| url jdbc:h2:mem:ad3a9e80-f26d-4a3e-9691-17f803db5723
call next value for hibernate_sequence
call next value for hibernate_sequence;
2022-10-10 14:33:47.310  INFO 4460 --- [    Test worker] p6spy                                    : #1665380027310 | took 0ms | statement | connection 25| url jdbc:h2:mem:ad3a9e80-f26d-4a3e-9691-17f803db5723
call next value for hibernate_sequence
call next value for hibernate_sequence;
2022-10-10 14:33:47.310  INFO 4460 --- [    Test worker] p6spy                                    : #1665380027310 | took 0ms | statement | connection 25| url jdbc:h2:mem:ad3a9e80-f26d-4a3e-9691-17f803db5723
call next value for hibernate_sequence
call next value for hibernate_sequence;
2022-10-10 14:33:47.310  INFO 4460 --- [    Test worker] p6spy                                    : #1665380027310 | took 0ms | statement | connection 25| url jdbc:h2:mem:ad3a9e80-f26d-4a3e-9691-17f803db5723
call next value for hibernate_sequence
call next value for hibernate_sequence;
2022-10-10 14:33:47.310  INFO 4460 --- [    Test worker] p6spy                                    : #1665380027310 | took 0ms | statement | connection 25| url jdbc:h2:mem:ad3a9e80-f26d-4a3e-9691-17f803db5723
call next value for hibernate_sequence
call next value for hibernate_sequence;
2022-10-10 14:33:47.310  INFO 4460 --- [    Test worker] p6spy                                    : #1665380027310 | took 0ms | statement | connection 25| url jdbc:h2:mem:ad3a9e80-f26d-4a3e-9691-17f803db5723
call next value for hibernate_sequence
call next value for hibernate_sequence;
2022-10-10 14:33:47.310  INFO 4460 --- [    Test worker] p6spy                                    : #1665380027310 | took 0ms | statement | connection 25| url jdbc:h2:mem:ad3a9e80-f26d-4a3e-9691-17f803db5723
call next value for hibernate_sequence
call next value for hibernate_sequence;
2022-10-10 14:33:47.310  INFO 4460 --- [    Test worker] p6spy                                    : #1665380027310 | took 0ms | statement | connection 25| url jdbc:h2:mem:ad3a9e80-f26d-4a3e-9691-17f803db5723
call next value for hibernate_sequence
call next value for hibernate_sequence;
2022-10-10 14:33:47.310  INFO 4460 --- [    Test worker] c.j.r.FavoriteSpotQueryRepositoryTest    : favoriteSpot = FavoriteSpot(id=456, count=0)
2022-10-10 14:33:47.310  INFO 4460 --- [    Test worker] c.j.r.FavoriteSpotQueryRepositoryTest    : Spot = capstone.jejuTourrecommend.domain.Spot@786e3f66
2022-10-10 14:33:47.310  INFO 4460 --- [    Test worker] p6spy                                    : #1665380027310 | took 0ms | statement | connection 25| url jdbc:h2:mem:ad3a9e80-f26d-4a3e-9691-17f803db5723
call next value for hibernate_sequence
call next value for hibernate_sequence;
2022-10-10 14:33:47.310  INFO 4460 --- [    Test worker] p6spy                                    : #1665380027310 | took 0ms | statement | connection 25| url jdbc:h2:mem:ad3a9e80-f26d-4a3e-9691-17f803db5723
call next value for hibernate_sequence
call next value for hibernate_sequence;
2022-10-10 14:33:47.310  INFO 4460 --- [    Test worker] p6spy                                    : #1665380027310 | took 0ms | statement | connection 25| url jdbc:h2:mem:ad3a9e80-f26d-4a3e-9691-17f803db5723
call next value for hibernate_sequence
call next value for hibernate_sequence;
2022-10-10 14:33:47.310  INFO 4460 --- [    Test worker] p6spy                                    : #1665380027310 | took 0ms | statement | connection 25| url jdbc:h2:mem:ad3a9e80-f26d-4a3e-9691-17f803db5723
call next value for hibernate_sequence
call next value for hibernate_sequence;
2022-10-10 14:33:47.310  INFO 4460 --- [    Test worker] p6spy                                    : #1665380027310 | took 0ms | statement | connection 25| url jdbc:h2:mem:ad3a9e80-f26d-4a3e-9691-17f803db5723
call next value for hibernate_sequence
call next value for hibernate_sequence;
2022-10-10 14:33:47.310  INFO 4460 --- [    Test worker] p6spy                                    : #1665380027310 | took 0ms | statement | connection 25| url jdbc:h2:mem:ad3a9e80-f26d-4a3e-9691-17f803db5723
call next value for hibernate_sequence
call next value for hibernate_sequence;
2022-10-10 14:33:47.310  INFO 4460 --- [    Test worker] p6spy                                    : #1665380027310 | took 0ms | statement | connection 25| url jdbc:h2:mem:ad3a9e80-f26d-4a3e-9691-17f803db5723
call next value for hibernate_sequence
call next value for hibernate_sequence;
2022-10-10 14:33:47.310  INFO 4460 --- [    Test worker] p6spy                                    : #1665380027310 | took 0ms | statement | connection 25| url jdbc:h2:mem:ad3a9e80-f26d-4a3e-9691-17f803db5723
call next value for hibernate_sequence
call next value for hibernate_sequence;
2022-10-10 14:33:47.310  INFO 4460 --- [    Test worker] c.j.r.FavoriteSpotQueryRepositoryTest    : favoriteSpot = FavoriteSpot(id=457, count=0)
2022-10-10 14:33:47.310  INFO 4460 --- [    Test worker] c.j.r.FavoriteSpotQueryRepositoryTest    : Spot = capstone.jejuTourrecommend.domain.Spot@339310b3
2022-10-10 14:33:47.310  INFO 4460 --- [    Test worker] p6spy                                    : #1665380027310 | took 0ms | statement | connection 25| url jdbc:h2:mem:ad3a9e80-f26d-4a3e-9691-17f803db5723
call next value for hibernate_sequence
call next value for hibernate_sequence;
2022-10-10 14:33:47.310  INFO 4460 --- [    Test worker] p6spy                                    : #1665380027310 | took 0ms | statement | connection 25| url jdbc:h2:mem:ad3a9e80-f26d-4a3e-9691-17f803db5723
call next value for hibernate_sequence
call next value for hibernate_sequence;
2022-10-10 14:33:47.310  INFO 4460 --- [    Test worker] p6spy                                    : #1665380027310 | took 0ms | statement | connection 25| url jdbc:h2:mem:ad3a9e80-f26d-4a3e-9691-17f803db5723
call next value for hibernate_sequence
call next value for hibernate_sequence;
2022-10-10 14:33:47.310  INFO 4460 --- [    Test worker] p6spy                                    : #1665380027310 | took 0ms | statement | connection 25| url jdbc:h2:mem:ad3a9e80-f26d-4a3e-9691-17f803db5723
call next value for hibernate_sequence
call next value for hibernate_sequence;
2022-10-10 14:33:47.310  INFO 4460 --- [    Test worker] p6spy                                    : #1665380027310 | took 0ms | statement | connection 25| url jdbc:h2:mem:ad3a9e80-f26d-4a3e-9691-17f803db5723
call next value for hibernate_sequence
call next value for hibernate_sequence;
2022-10-10 14:33:47.310  INFO 4460 --- [    Test worker] p6spy                                    : #1665380027310 | took 0ms | statement | connection 25| url jdbc:h2:mem:ad3a9e80-f26d-4a3e-9691-17f803db5723
call next value for hibernate_sequence
call next value for hibernate_sequence;
2022-10-10 14:33:47.310  INFO 4460 --- [    Test worker] p6spy                                    : #1665380027310 | took 0ms | statement | connection 25| url jdbc:h2:mem:ad3a9e80-f26d-4a3e-9691-17f803db5723
call next value for hibernate_sequence
call next value for hibernate_sequence;
2022-10-10 14:33:47.310  INFO 4460 --- [    Test worker] p6spy                                    : #1665380027310 | took 0ms | statement | connection 25| url jdbc:h2:mem:ad3a9e80-f26d-4a3e-9691-17f803db5723
call next value for hibernate_sequence
call next value for hibernate_sequence;
2022-10-10 14:33:47.310  INFO 4460 --- [    Test worker] c.j.r.FavoriteSpotQueryRepositoryTest    : favoriteSpot = FavoriteSpot(id=458, count=0)
2022-10-10 14:33:47.310  INFO 4460 --- [    Test worker] c.j.r.FavoriteSpotQueryRepositoryTest    : Spot = capstone.jejuTourrecommend.domain.Spot@1e636790
2022-10-10 14:33:47.310  INFO 4460 --- [    Test worker] p6spy                                    : #1665380027310 | took 0ms | statement | connection 25| url jdbc:h2:mem:ad3a9e80-f26d-4a3e-9691-17f803db5723
call next value for hibernate_sequence
call next value for hibernate_sequence;
2022-10-10 14:33:47.310  INFO 4460 --- [    Test worker] p6spy                                    : #1665380027310 | took 0ms | statement | connection 25| url jdbc:h2:mem:ad3a9e80-f26d-4a3e-9691-17f803db5723
call next value for hibernate_sequence
call next value for hibernate_sequence;
2022-10-10 14:33:47.310  INFO 4460 --- [    Test worker] p6spy                                    : #1665380027310 | took 0ms | statement | connection 25| url jdbc:h2:mem:ad3a9e80-f26d-4a3e-9691-17f803db5723
call next value for hibernate_sequence
call next value for hibernate_sequence;
2022-10-10 14:33:47.310  INFO 4460 --- [    Test worker] p6spy                                    : #1665380027310 | took 0ms | statement | connection 25| url jdbc:h2:mem:ad3a9e80-f26d-4a3e-9691-17f803db5723
call next value for hibernate_sequence
call next value for hibernate_sequence;
2022-10-10 14:33:47.311  INFO 4460 --- [    Test worker] p6spy                                    : #1665380027311 | took 0ms | statement | connection 25| url jdbc:h2:mem:ad3a9e80-f26d-4a3e-9691-17f803db5723
call next value for hibernate_sequence
call next value for hibernate_sequence;
2022-10-10 14:33:47.311  INFO 4460 --- [    Test worker] p6spy                                    : #1665380027311 | took 0ms | statement | connection 25| url jdbc:h2:mem:ad3a9e80-f26d-4a3e-9691-17f803db5723
call next value for hibernate_sequence
call next value for hibernate_sequence;
2022-10-10 14:33:47.311  INFO 4460 --- [    Test worker] p6spy                                    : #1665380027311 | took 0ms | statement | connection 25| url jdbc:h2:mem:ad3a9e80-f26d-4a3e-9691-17f803db5723
call next value for hibernate_sequence
call next value for hibernate_sequence;
2022-10-10 14:33:47.311  INFO 4460 --- [    Test worker] p6spy                                    : #1665380027311 | took 0ms | statement | connection 25| url jdbc:h2:mem:ad3a9e80-f26d-4a3e-9691-17f803db5723
call next value for hibernate_sequence
call next value for hibernate_sequence;
2022-10-10 14:33:47.311  INFO 4460 --- [    Test worker] c.j.r.FavoriteSpotQueryRepositoryTest    : favoriteSpot = FavoriteSpot(id=459, count=0)
2022-10-10 14:33:47.311  INFO 4460 --- [    Test worker] c.j.r.FavoriteSpotQueryRepositoryTest    : Spot = capstone.jejuTourrecommend.domain.Spot@11af522d
2022-10-10 14:33:47.311  INFO 4460 --- [    Test worker] p6spy                                    : #1665380027311 | took 0ms | statement | connection 25| url jdbc:h2:mem:ad3a9e80-f26d-4a3e-9691-17f803db5723
call next value for hibernate_sequence
call next value for hibernate_sequence;
2022-10-10 14:33:47.311  INFO 4460 --- [    Test worker] p6spy                                    : #1665380027311 | took 0ms | statement | connection 25| url jdbc:h2:mem:ad3a9e80-f26d-4a3e-9691-17f803db5723
call next value for hibernate_sequence
call next value for hibernate_sequence;
2022-10-10 14:33:47.311  INFO 4460 --- [    Test worker] p6spy                                    : #1665380027311 | took 0ms | statement | connection 25| url jdbc:h2:mem:ad3a9e80-f26d-4a3e-9691-17f803db5723
call next value for hibernate_sequence
call next value for hibernate_sequence;
2022-10-10 14:33:47.311  INFO 4460 --- [    Test worker] p6spy                                    : #1665380027311 | took 0ms | statement | connection 25| url jdbc:h2:mem:ad3a9e80-f26d-4a3e-9691-17f803db5723
call next value for hibernate_sequence
call next value for hibernate_sequence;
2022-10-10 14:33:47.311  INFO 4460 --- [    Test worker] p6spy                                    : #1665380027311 | took 0ms | statement | connection 25| url jdbc:h2:mem:ad3a9e80-f26d-4a3e-9691-17f803db5723
call next value for hibernate_sequence
call next value for hibernate_sequence;
2022-10-10 14:33:47.311  INFO 4460 --- [    Test worker] p6spy                                    : #1665380027311 | took 0ms | statement | connection 25| url jdbc:h2:mem:ad3a9e80-f26d-4a3e-9691-17f803db5723
call next value for hibernate_sequence
call next value for hibernate_sequence;
2022-10-10 14:33:47.311  INFO 4460 --- [    Test worker] p6spy                                    : #1665380027311 | took 0ms | statement | connection 25| url jdbc:h2:mem:ad3a9e80-f26d-4a3e-9691-17f803db5723
call next value for hibernate_sequence
call next value for hibernate_sequence;
2022-10-10 14:33:47.311  INFO 4460 --- [    Test worker] p6spy                                    : #1665380027311 | took 0ms | statement | connection 25| url jdbc:h2:mem:ad3a9e80-f26d-4a3e-9691-17f803db5723
call next value for hibernate_sequence
call next value for hibernate_sequence;
2022-10-10 14:33:47.311  INFO 4460 --- [    Test worker] c.j.r.FavoriteSpotQueryRepositoryTest    : favoriteSpot = FavoriteSpot(id=460, count=0)
2022-10-10 14:33:47.311  INFO 4460 --- [    Test worker] c.j.r.FavoriteSpotQueryRepositoryTest    : Spot = capstone.jejuTourrecommend.domain.Spot@6ec67e8d
2022-10-10 14:33:47.311  INFO 4460 --- [    Test worker] p6spy                                    : #1665380027311 | took 0ms | statement | connection 25| url jdbc:h2:mem:ad3a9e80-f26d-4a3e-9691-17f803db5723
call next value for hibernate_sequence
call next value for hibernate_sequence;
2022-10-10 14:33:47.311  INFO 4460 --- [    Test worker] p6spy                                    : #1665380027311 | took 0ms | statement | connection 25| url jdbc:h2:mem:ad3a9e80-f26d-4a3e-9691-17f803db5723
call next value for hibernate_sequence
call next value for hibernate_sequence;
2022-10-10 14:33:47.311  INFO 4460 --- [    Test worker] p6spy                                    : #1665380027311 | took 0ms | statement | connection 25| url jdbc:h2:mem:ad3a9e80-f26d-4a3e-9691-17f803db5723
call next value for hibernate_sequence
call next value for hibernate_sequence;
2022-10-10 14:33:47.311  INFO 4460 --- [    Test worker] p6spy                                    : #1665380027311 | took 0ms | statement | connection 25| url jdbc:h2:mem:ad3a9e80-f26d-4a3e-9691-17f803db5723
call next value for hibernate_sequence
call next value for hibernate_sequence;
2022-10-10 14:33:47.311  INFO 4460 --- [    Test worker] p6spy                                    : #1665380027311 | took 0ms | statement | connection 25| url jdbc:h2:mem:ad3a9e80-f26d-4a3e-9691-17f803db5723
call next value for hibernate_sequence
call next value for hibernate_sequence;
2022-10-10 14:33:47.311  INFO 4460 --- [    Test worker] p6spy                                    : #1665380027311 | took 0ms | statement | connection 25| url jdbc:h2:mem:ad3a9e80-f26d-4a3e-9691-17f803db5723
call next value for hibernate_sequence
call next value for hibernate_sequence;
2022-10-10 14:33:47.311  INFO 4460 --- [    Test worker] p6spy                                    : #1665380027311 | took 0ms | statement | connection 25| url jdbc:h2:mem:ad3a9e80-f26d-4a3e-9691-17f803db5723
call next value for hibernate_sequence
call next value for hibernate_sequence;
2022-10-10 14:33:47.311  INFO 4460 --- [    Test worker] p6spy                                    : #1665380027311 | took 0ms | statement | connection 25| url jdbc:h2:mem:ad3a9e80-f26d-4a3e-9691-17f803db5723
call next value for hibernate_sequence
call next value for hibernate_sequence;
2022-10-10 14:33:47.311  INFO 4460 --- [    Test worker] c.j.r.FavoriteSpotQueryRepositoryTest    : favoriteSpot = FavoriteSpot(id=461, count=0)
2022-10-10 14:33:47.311  INFO 4460 --- [    Test worker] c.j.r.FavoriteSpotQueryRepositoryTest    : Spot = capstone.jejuTourrecommend.domain.Spot@50f33830
2022-10-10 14:33:47.311  INFO 4460 --- [    Test worker] p6spy                                    : #1665380027311 | took 0ms | statement | connection 25| url jdbc:h2:mem:ad3a9e80-f26d-4a3e-9691-17f803db5723
call next value for hibernate_sequence
call next value for hibernate_sequence;
2022-10-10 14:33:47.311  INFO 4460 --- [    Test worker] p6spy                                    : #1665380027311 | took 0ms | statement | connection 25| url jdbc:h2:mem:ad3a9e80-f26d-4a3e-9691-17f803db5723
call next value for hibernate_sequence
call next value for hibernate_sequence;
2022-10-10 14:33:47.311  INFO 4460 --- [    Test worker] p6spy                                    : #1665380027311 | took 0ms | statement | connection 25| url jdbc:h2:mem:ad3a9e80-f26d-4a3e-9691-17f803db5723
call next value for hibernate_sequence
call next value for hibernate_sequence;
2022-10-10 14:33:47.311  INFO 4460 --- [    Test worker] p6spy                                    : #1665380027311 | took 0ms | statement | connection 25| url jdbc:h2:mem:ad3a9e80-f26d-4a3e-9691-17f803db5723
call next value for hibernate_sequence
call next value for hibernate_sequence;
2022-10-10 14:33:47.311  INFO 4460 --- [    Test worker] p6spy                                    : #1665380027311 | took 0ms | statement | connection 25| url jdbc:h2:mem:ad3a9e80-f26d-4a3e-9691-17f803db5723
call next value for hibernate_sequence
call next value for hibernate_sequence;
2022-10-10 14:33:47.311  INFO 4460 --- [    Test worker] p6spy                                    : #1665380027311 | took 0ms | statement | connection 25| url jdbc:h2:mem:ad3a9e80-f26d-4a3e-9691-17f803db5723
call next value for hibernate_sequence
call next value for hibernate_sequence;
2022-10-10 14:33:47.311  INFO 4460 --- [    Test worker] p6spy                                    : #1665380027311 | took 0ms | statement | connection 25| url jdbc:h2:mem:ad3a9e80-f26d-4a3e-9691-17f803db5723
call next value for hibernate_sequence
call next value for hibernate_sequence;
2022-10-10 14:33:47.311  INFO 4460 --- [    Test worker] p6spy                                    : #1665380027311 | took 0ms | statement | connection 25| url jdbc:h2:mem:ad3a9e80-f26d-4a3e-9691-17f803db5723
call next value for hibernate_sequence
call next value for hibernate_sequence;
2022-10-10 14:33:47.311  INFO 4460 --- [    Test worker] c.j.r.FavoriteSpotQueryRepositoryTest    : favoriteSpot = FavoriteSpot(id=462, count=0)
2022-10-10 14:33:47.311  INFO 4460 --- [    Test worker] c.j.r.FavoriteSpotQueryRepositoryTest    : Spot = capstone.jejuTourrecommend.domain.Spot@5891bb33
2022-10-10 14:33:47.311  INFO 4460 --- [    Test worker] p6spy                                    : #1665380027311 | took 0ms | statement | connection 25| url jdbc:h2:mem:ad3a9e80-f26d-4a3e-9691-17f803db5723
call next value for hibernate_sequence
call next value for hibernate_sequence;
2022-10-10 14:33:47.311  INFO 4460 --- [    Test worker] p6spy                                    : #1665380027311 | took 0ms | statement | connection 25| url jdbc:h2:mem:ad3a9e80-f26d-4a3e-9691-17f803db5723
call next value for hibernate_sequence
call next value for hibernate_sequence;
2022-10-10 14:33:47.311  INFO 4460 --- [    Test worker] p6spy                                    : #1665380027311 | took 0ms | statement | connection 25| url jdbc:h2:mem:ad3a9e80-f26d-4a3e-9691-17f803db5723
call next value for hibernate_sequence
call next value for hibernate_sequence;
2022-10-10 14:33:47.311  INFO 4460 --- [    Test worker] p6spy                                    : #1665380027311 | took 0ms | statement | connection 25| url jdbc:h2:mem:ad3a9e80-f26d-4a3e-9691-17f803db5723
call next value for spot_seq
call next value for spot_seq;
2022-10-10 14:33:47.311  INFO 4460 --- [    Test worker] p6spy                                    : #1665380027311 | took 0ms | statement | connection 25| url jdbc:h2:mem:ad3a9e80-f26d-4a3e-9691-17f803db5723
call next value for hibernate_sequence
call next value for hibernate_sequence;
2022-10-10 14:33:47.311  INFO 4460 --- [    Test worker] p6spy                                    : #1665380027311 | took 0ms | statement | connection 25| url jdbc:h2:mem:ad3a9e80-f26d-4a3e-9691-17f803db5723
call next value for hibernate_sequence
call next value for hibernate_sequence;
2022-10-10 14:33:47.311  INFO 4460 --- [    Test worker] p6spy                                    : #1665380027311 | took 0ms | statement | connection 25| url jdbc:h2:mem:ad3a9e80-f26d-4a3e-9691-17f803db5723
call next value for hibernate_sequence
call next value for hibernate_sequence;
2022-10-10 14:33:47.312  INFO 4460 --- [    Test worker] p6spy                                    : #1665380027312 | took 0ms | statement | connection 25| url jdbc:h2:mem:ad3a9e80-f26d-4a3e-9691-17f803db5723
call next value for hibernate_sequence
call next value for hibernate_sequence;
2022-10-10 14:33:47.312  INFO 4460 --- [    Test worker] p6spy                                    : #1665380027312 | took 0ms | statement | connection 25| url jdbc:h2:mem:ad3a9e80-f26d-4a3e-9691-17f803db5723
call next value for hibernate_sequence
call next value for hibernate_sequence;
2022-10-10 14:33:47.312  INFO 4460 --- [    Test worker] c.j.r.FavoriteSpotQueryRepositoryTest    : favoriteSpot = FavoriteSpot(id=463, count=0)
2022-10-10 14:33:47.312  INFO 4460 --- [    Test worker] c.j.r.FavoriteSpotQueryRepositoryTest    : Spot = capstone.jejuTourrecommend.domain.Spot@67933479
2022-10-10 14:33:47.312  INFO 4460 --- [    Test worker] p6spy                                    : #1665380027312 | took 0ms | statement | connection 25| url jdbc:h2:mem:ad3a9e80-f26d-4a3e-9691-17f803db5723
call next value for hibernate_sequence
call next value for hibernate_sequence;
2022-10-10 14:33:47.312  INFO 4460 --- [    Test worker] p6spy                                    : #1665380027312 | took 0ms | statement | connection 25| url jdbc:h2:mem:ad3a9e80-f26d-4a3e-9691-17f803db5723
call next value for hibernate_sequence
call next value for hibernate_sequence;
2022-10-10 14:33:47.312  INFO 4460 --- [    Test worker] p6spy                                    : #1665380027312 | took 0ms | statement | connection 25| url jdbc:h2:mem:ad3a9e80-f26d-4a3e-9691-17f803db5723
call next value for hibernate_sequence
call next value for hibernate_sequence;
2022-10-10 14:33:47.312  INFO 4460 --- [    Test worker] p6spy                                    : #1665380027312 | took 0ms | statement | connection 25| url jdbc:h2:mem:ad3a9e80-f26d-4a3e-9691-17f803db5723
call next value for hibernate_sequence
call next value for hibernate_sequence;
2022-10-10 14:33:47.312  INFO 4460 --- [    Test worker] p6spy                                    : #1665380027312 | took 0ms | statement | connection 25| url jdbc:h2:mem:ad3a9e80-f26d-4a3e-9691-17f803db5723
call next value for hibernate_sequence
call next value for hibernate_sequence;
2022-10-10 14:33:47.312  INFO 4460 --- [    Test worker] p6spy                                    : #1665380027312 | took 0ms | statement | connection 25| url jdbc:h2:mem:ad3a9e80-f26d-4a3e-9691-17f803db5723
call next value for hibernate_sequence
call next value for hibernate_sequence;
2022-10-10 14:33:47.312  INFO 4460 --- [    Test worker] p6spy                                    : #1665380027312 | took 0ms | statement | connection 25| url jdbc:h2:mem:ad3a9e80-f26d-4a3e-9691-17f803db5723
call next value for hibernate_sequence
call next value for hibernate_sequence;
2022-10-10 14:33:47.312  INFO 4460 --- [    Test worker] p6spy                                    : #1665380027312 | took 0ms | statement | connection 25| url jdbc:h2:mem:ad3a9e80-f26d-4a3e-9691-17f803db5723
call next value for hibernate_sequence
call next value for hibernate_sequence;
2022-10-10 14:33:47.312  INFO 4460 --- [    Test worker] c.j.r.FavoriteSpotQueryRepositoryTest    : favoriteSpot = FavoriteSpot(id=464, count=0)
2022-10-10 14:33:47.312  INFO 4460 --- [    Test worker] c.j.r.FavoriteSpotQueryRepositoryTest    : Spot = capstone.jejuTourrecommend.domain.Spot@7e8abafc
2022-10-10 14:33:47.312  INFO 4460 --- [    Test worker] p6spy                                    : #1665380027312 | took 0ms | statement | connection 25| url jdbc:h2:mem:ad3a9e80-f26d-4a3e-9691-17f803db5723
call next value for hibernate_sequence
call next value for hibernate_sequence;
2022-10-10 14:33:47.312  INFO 4460 --- [    Test worker] p6spy                                    : #1665380027312 | took 0ms | statement | connection 25| url jdbc:h2:mem:ad3a9e80-f26d-4a3e-9691-17f803db5723
call next value for hibernate_sequence
call next value for hibernate_sequence;
2022-10-10 14:33:47.312  INFO 4460 --- [    Test worker] p6spy                                    : #1665380027312 | took 0ms | statement | connection 25| url jdbc:h2:mem:ad3a9e80-f26d-4a3e-9691-17f803db5723
call next value for hibernate_sequence
call next value for hibernate_sequence;
2022-10-10 14:33:47.312  INFO 4460 --- [    Test worker] p6spy                                    : #1665380027312 | took 0ms | statement | connection 25| url jdbc:h2:mem:ad3a9e80-f26d-4a3e-9691-17f803db5723
call next value for hibernate_sequence
call next value for hibernate_sequence;
2022-10-10 14:33:47.312  INFO 4460 --- [    Test worker] p6spy                                    : #1665380027312 | took 0ms | statement | connection 25| url jdbc:h2:mem:ad3a9e80-f26d-4a3e-9691-17f803db5723
call next value for hibernate_sequence
call next value for hibernate_sequence;
2022-10-10 14:33:47.312  INFO 4460 --- [    Test worker] p6spy                                    : #1665380027312 | took 0ms | statement | connection 25| url jdbc:h2:mem:ad3a9e80-f26d-4a3e-9691-17f803db5723
call next value for hibernate_sequence
call next value for hibernate_sequence;
2022-10-10 14:33:47.312  INFO 4460 --- [    Test worker] p6spy                                    : #1665380027312 | took 0ms | statement | connection 25| url jdbc:h2:mem:ad3a9e80-f26d-4a3e-9691-17f803db5723
call next value for hibernate_sequence
call next value for hibernate_sequence;
2022-10-10 14:33:47.312  INFO 4460 --- [    Test worker] p6spy                                    : #1665380027312 | took 0ms | statement | connection 25| url jdbc:h2:mem:ad3a9e80-f26d-4a3e-9691-17f803db5723
call next value for hibernate_sequence
call next value for hibernate_sequence;
2022-10-10 14:33:47.312  INFO 4460 --- [    Test worker] c.j.r.FavoriteSpotQueryRepositoryTest    : favoriteSpot = FavoriteSpot(id=465, count=0)
2022-10-10 14:33:47.312  INFO 4460 --- [    Test worker] c.j.r.FavoriteSpotQueryRepositoryTest    : Spot = capstone.jejuTourrecommend.domain.Spot@faa780e
2022-10-10 14:33:47.312  INFO 4460 --- [    Test worker] p6spy                                    : #1665380027312 | took 0ms | statement | connection 25| url jdbc:h2:mem:ad3a9e80-f26d-4a3e-9691-17f803db5723
call next value for hibernate_sequence
call next value for hibernate_sequence;
2022-10-10 14:33:47.312  INFO 4460 --- [    Test worker] p6spy                                    : #1665380027312 | took 0ms | statement | connection 25| url jdbc:h2:mem:ad3a9e80-f26d-4a3e-9691-17f803db5723
call next value for hibernate_sequence
call next value for hibernate_sequence;
2022-10-10 14:33:47.312  INFO 4460 --- [    Test worker] p6spy                                    : #1665380027312 | took 0ms | statement | connection 25| url jdbc:h2:mem:ad3a9e80-f26d-4a3e-9691-17f803db5723
call next value for hibernate_sequence
call next value for hibernate_sequence;
2022-10-10 14:33:47.312  INFO 4460 --- [    Test worker] p6spy                                    : #1665380027312 | took 0ms | statement | connection 25| url jdbc:h2:mem:ad3a9e80-f26d-4a3e-9691-17f803db5723
call next value for hibernate_sequence
call next value for hibernate_sequence;
2022-10-10 14:33:47.312  INFO 4460 --- [    Test worker] p6spy                                    : #1665380027312 | took 0ms | statement | connection 25| url jdbc:h2:mem:ad3a9e80-f26d-4a3e-9691-17f803db5723
call next value for hibernate_sequence
call next value for hibernate_sequence;
2022-10-10 14:33:47.312  INFO 4460 --- [    Test worker] p6spy                                    : #1665380027312 | took 0ms | statement | connection 25| url jdbc:h2:mem:ad3a9e80-f26d-4a3e-9691-17f803db5723
call next value for hibernate_sequence
call next value for hibernate_sequence;
2022-10-10 14:33:47.312  INFO 4460 --- [    Test worker] p6spy                                    : #1665380027312 | took 0ms | statement | connection 25| url jdbc:h2:mem:ad3a9e80-f26d-4a3e-9691-17f803db5723
call next value for hibernate_sequence
call next value for hibernate_sequence;
2022-10-10 14:33:47.312  INFO 4460 --- [    Test worker] p6spy                                    : #1665380027312 | took 0ms | statement | connection 25| url jdbc:h2:mem:ad3a9e80-f26d-4a3e-9691-17f803db5723
call next value for hibernate_sequence
call next value for hibernate_sequence;
2022-10-10 14:33:47.312  INFO 4460 --- [    Test worker] c.j.r.FavoriteSpotQueryRepositoryTest    : favoriteSpot = FavoriteSpot(id=466, count=0)
2022-10-10 14:33:47.312  INFO 4460 --- [    Test worker] c.j.r.FavoriteSpotQueryRepositoryTest    : Spot = capstone.jejuTourrecommend.domain.Spot@1bb568b1
2022-10-10 14:33:47.312  INFO 4460 --- [    Test worker] p6spy                                    : #1665380027312 | took 0ms | statement | connection 25| url jdbc:h2:mem:ad3a9e80-f26d-4a3e-9691-17f803db5723
call next value for hibernate_sequence
call next value for hibernate_sequence;
2022-10-10 14:33:47.312  INFO 4460 --- [    Test worker] p6spy                                    : #1665380027312 | took 0ms | statement | connection 25| url jdbc:h2:mem:ad3a9e80-f26d-4a3e-9691-17f803db5723
call next value for hibernate_sequence
call next value for hibernate_sequence;
2022-10-10 14:33:47.312  INFO 4460 --- [    Test worker] p6spy                                    : #1665380027312 | took 0ms | statement | connection 25| url jdbc:h2:mem:ad3a9e80-f26d-4a3e-9691-17f803db5723
call next value for hibernate_sequence
call next value for hibernate_sequence;
2022-10-10 14:33:47.312  INFO 4460 --- [    Test worker] p6spy                                    : #1665380027312 | took 0ms | statement | connection 25| url jdbc:h2:mem:ad3a9e80-f26d-4a3e-9691-17f803db5723
call next value for hibernate_sequence
call next value for hibernate_sequence;
2022-10-10 14:33:47.312  INFO 4460 --- [    Test worker] p6spy                                    : #1665380027312 | took 0ms | statement | connection 25| url jdbc:h2:mem:ad3a9e80-f26d-4a3e-9691-17f803db5723
call next value for hibernate_sequence
call next value for hibernate_sequence;
2022-10-10 14:33:47.313  INFO 4460 --- [    Test worker] p6spy                                    : #1665380027313 | took 0ms | statement | connection 25| url jdbc:h2:mem:ad3a9e80-f26d-4a3e-9691-17f803db5723
call next value for hibernate_sequence
call next value for hibernate_sequence;
2022-10-10 14:33:47.313  INFO 4460 --- [    Test worker] p6spy                                    : #1665380027313 | took 0ms | statement | connection 25| url jdbc:h2:mem:ad3a9e80-f26d-4a3e-9691-17f803db5723
call next value for hibernate_sequence
call next value for hibernate_sequence;
2022-10-10 14:33:47.313  INFO 4460 --- [    Test worker] p6spy                                    : #1665380027313 | took 0ms | statement | connection 25| url jdbc:h2:mem:ad3a9e80-f26d-4a3e-9691-17f803db5723
call next value for hibernate_sequence
call next value for hibernate_sequence;
2022-10-10 14:33:47.313  INFO 4460 --- [    Test worker] c.j.r.FavoriteSpotQueryRepositoryTest    : favoriteSpot = FavoriteSpot(id=467, count=0)
2022-10-10 14:33:47.313  INFO 4460 --- [    Test worker] c.j.r.FavoriteSpotQueryRepositoryTest    : Spot = capstone.jejuTourrecommend.domain.Spot@4931a819
2022-10-10 14:33:47.313  INFO 4460 --- [    Test worker] p6spy                                    : #1665380027313 | took 0ms | statement | connection 25| url jdbc:h2:mem:ad3a9e80-f26d-4a3e-9691-17f803db5723
call next value for hibernate_sequence
call next value for hibernate_sequence;
2022-10-10 14:33:47.313  INFO 4460 --- [    Test worker] p6spy                                    : #1665380027313 | took 0ms | statement | connection 25| url jdbc:h2:mem:ad3a9e80-f26d-4a3e-9691-17f803db5723
call next value for hibernate_sequence
call next value for hibernate_sequence;
2022-10-10 14:33:47.313  INFO 4460 --- [    Test worker] p6spy                                    : #1665380027313 | took 0ms | statement | connection 25| url jdbc:h2:mem:ad3a9e80-f26d-4a3e-9691-17f803db5723
call next value for hibernate_sequence
call next value for hibernate_sequence;
2022-10-10 14:33:47.313  INFO 4460 --- [    Test worker] p6spy                                    : #1665380027313 | took 0ms | statement | connection 25| url jdbc:h2:mem:ad3a9e80-f26d-4a3e-9691-17f803db5723
call next value for hibernate_sequence
call next value for hibernate_sequence;
2022-10-10 14:33:47.313  INFO 4460 --- [    Test worker] p6spy                                    : #1665380027313 | took 0ms | statement | connection 25| url jdbc:h2:mem:ad3a9e80-f26d-4a3e-9691-17f803db5723
call next value for hibernate_sequence
call next value for hibernate_sequence;
2022-10-10 14:33:47.313  INFO 4460 --- [    Test worker] p6spy                                    : #1665380027313 | took 0ms | statement | connection 25| url jdbc:h2:mem:ad3a9e80-f26d-4a3e-9691-17f803db5723
call next value for hibernate_sequence
call next value for hibernate_sequence;
2022-10-10 14:33:47.313  INFO 4460 --- [    Test worker] p6spy                                    : #1665380027313 | took 0ms | statement | connection 25| url jdbc:h2:mem:ad3a9e80-f26d-4a3e-9691-17f803db5723
call next value for hibernate_sequence
call next value for hibernate_sequence;
2022-10-10 14:33:47.313  INFO 4460 --- [    Test worker] p6spy                                    : #1665380027313 | took 0ms | statement | connection 25| url jdbc:h2:mem:ad3a9e80-f26d-4a3e-9691-17f803db5723
call next value for hibernate_sequence
call next value for hibernate_sequence;
2022-10-10 14:33:47.313  INFO 4460 --- [    Test worker] c.j.r.FavoriteSpotQueryRepositoryTest    : favoriteSpot = FavoriteSpot(id=468, count=0)
2022-10-10 14:33:47.313  INFO 4460 --- [    Test worker] c.j.r.FavoriteSpotQueryRepositoryTest    : Spot = capstone.jejuTourrecommend.domain.Spot@36a0cf2b
2022-10-10 14:33:47.313  INFO 4460 --- [    Test worker] p6spy                                    : #1665380027313 | took 0ms | statement | connection 25| url jdbc:h2:mem:ad3a9e80-f26d-4a3e-9691-17f803db5723
call next value for hibernate_sequence
call next value for hibernate_sequence;
2022-10-10 14:33:47.313  INFO 4460 --- [    Test worker] p6spy                                    : #1665380027313 | took 0ms | statement | connection 25| url jdbc:h2:mem:ad3a9e80-f26d-4a3e-9691-17f803db5723
call next value for hibernate_sequence
call next value for hibernate_sequence;
2022-10-10 14:33:47.313  INFO 4460 --- [    Test worker] p6spy                                    : #1665380027313 | took 0ms | statement | connection 25| url jdbc:h2:mem:ad3a9e80-f26d-4a3e-9691-17f803db5723
call next value for hibernate_sequence
call next value for hibernate_sequence;
2022-10-10 14:33:47.313  INFO 4460 --- [    Test worker] p6spy                                    : #1665380027313 | took 0ms | statement | connection 25| url jdbc:h2:mem:ad3a9e80-f26d-4a3e-9691-17f803db5723
call next value for hibernate_sequence
call next value for hibernate_sequence;
2022-10-10 14:33:47.313  INFO 4460 --- [    Test worker] p6spy                                    : #1665380027313 | took 0ms | statement | connection 25| url jdbc:h2:mem:ad3a9e80-f26d-4a3e-9691-17f803db5723
call next value for hibernate_sequence
call next value for hibernate_sequence;
2022-10-10 14:33:47.313  INFO 4460 --- [    Test worker] p6spy                                    : #1665380027313 | took 0ms | statement | connection 25| url jdbc:h2:mem:ad3a9e80-f26d-4a3e-9691-17f803db5723
call next value for hibernate_sequence
call next value for hibernate_sequence;
2022-10-10 14:33:47.313  INFO 4460 --- [    Test worker] p6spy                                    : #1665380027313 | took 0ms | statement | connection 25| url jdbc:h2:mem:ad3a9e80-f26d-4a3e-9691-17f803db5723
call next value for hibernate_sequence
call next value for hibernate_sequence;
2022-10-10 14:33:47.313  INFO 4460 --- [    Test worker] p6spy                                    : #1665380027313 | took 0ms | statement | connection 25| url jdbc:h2:mem:ad3a9e80-f26d-4a3e-9691-17f803db5723
call next value for hibernate_sequence
call next value for hibernate_sequence;
2022-10-10 14:33:47.313  INFO 4460 --- [    Test worker] c.j.r.FavoriteSpotQueryRepositoryTest    : favoriteSpot = FavoriteSpot(id=469, count=0)
2022-10-10 14:33:47.313  INFO 4460 --- [    Test worker] c.j.r.FavoriteSpotQueryRepositoryTest    : Spot = capstone.jejuTourrecommend.domain.Spot@150a9b58
2022-10-10 14:33:47.313  INFO 4460 --- [    Test worker] p6spy                                    : #1665380027313 | took 0ms | statement | connection 25| url jdbc:h2:mem:ad3a9e80-f26d-4a3e-9691-17f803db5723
call next value for hibernate_sequence
call next value for hibernate_sequence;
2022-10-10 14:33:47.313  INFO 4460 --- [    Test worker] p6spy                                    : #1665380027313 | took 0ms | statement | connection 25| url jdbc:h2:mem:ad3a9e80-f26d-4a3e-9691-17f803db5723
call next value for hibernate_sequence
call next value for hibernate_sequence;
2022-10-10 14:33:47.313  INFO 4460 --- [    Test worker] p6spy                                    : #1665380027313 | took 0ms | statement | connection 25| url jdbc:h2:mem:ad3a9e80-f26d-4a3e-9691-17f803db5723
call next value for hibernate_sequence
call next value for hibernate_sequence;
2022-10-10 14:33:47.313  INFO 4460 --- [    Test worker] p6spy                                    : #1665380027313 | took 0ms | statement | connection 25| url jdbc:h2:mem:ad3a9e80-f26d-4a3e-9691-17f803db5723
call next value for hibernate_sequence
call next value for hibernate_sequence;
2022-10-10 14:33:47.313  INFO 4460 --- [    Test worker] p6spy                                    : #1665380027313 | took 0ms | statement | connection 25| url jdbc:h2:mem:ad3a9e80-f26d-4a3e-9691-17f803db5723
call next value for review_seq
call next value for review_seq;
2022-10-10 14:33:47.313  INFO 4460 --- [    Test worker] p6spy                                    : #1665380027313 | took 0ms | statement | connection 25| url jdbc:h2:mem:ad3a9e80-f26d-4a3e-9691-17f803db5723
call next value for hibernate_sequence
call next value for hibernate_sequence;
2022-10-10 14:33:47.313  INFO 4460 --- [    Test worker] p6spy                                    : #1665380027313 | took 0ms | statement | connection 25| url jdbc:h2:mem:ad3a9e80-f26d-4a3e-9691-17f803db5723
call next value for hibernate_sequence
call next value for hibernate_sequence;
2022-10-10 14:33:47.313  INFO 4460 --- [    Test worker] p6spy                                    : #1665380027313 | took 0ms | statement | connection 25| url jdbc:h2:mem:ad3a9e80-f26d-4a3e-9691-17f803db5723
call next value for hibernate_sequence
call next value for hibernate_sequence;
2022-10-10 14:33:47.313  INFO 4460 --- [    Test worker] p6spy                                    : #1665380027313 | took 0ms | statement | connection 25| url jdbc:h2:mem:ad3a9e80-f26d-4a3e-9691-17f803db5723
call next value for hibernate_sequence
call next value for hibernate_sequence;
2022-10-10 14:33:47.313  INFO 4460 --- [    Test worker] c.j.r.FavoriteSpotQueryRepositoryTest    : favoriteSpot = FavoriteSpot(id=470, count=0)
2022-10-10 14:33:47.313  INFO 4460 --- [    Test worker] c.j.r.FavoriteSpotQueryRepositoryTest    : Spot = capstone.jejuTourrecommend.domain.Spot@1e4e195b
2022-10-10 14:33:47.313  INFO 4460 --- [    Test worker] p6spy                                    : #1665380027313 | took 0ms | statement | connection 25| url jdbc:h2:mem:ad3a9e80-f26d-4a3e-9691-17f803db5723
call next value for score_seq
call next value for score_seq;
2022-10-10 14:33:47.313  INFO 4460 --- [    Test worker] p6spy                                    : #1665380027313 | took 0ms | statement | connection 25| url jdbc:h2:mem:ad3a9e80-f26d-4a3e-9691-17f803db5723
call next value for hibernate_sequence
call next value for hibernate_sequence;
2022-10-10 14:33:47.313  INFO 4460 --- [    Test worker] p6spy                                    : #1665380027313 | took 0ms | statement | connection 25| url jdbc:h2:mem:ad3a9e80-f26d-4a3e-9691-17f803db5723
call next value for hibernate_sequence
call next value for hibernate_sequence;
2022-10-10 14:33:47.314  INFO 4460 --- [    Test worker] p6spy                                    : #1665380027314 | took 0ms | statement | connection 25| url jdbc:h2:mem:ad3a9e80-f26d-4a3e-9691-17f803db5723
call next value for hibernate_sequence
call next value for hibernate_sequence;
2022-10-10 14:33:47.314  INFO 4460 --- [    Test worker] p6spy                                    : #1665380027314 | took 0ms | statement | connection 25| url jdbc:h2:mem:ad3a9e80-f26d-4a3e-9691-17f803db5723
call next value for hibernate_sequence
call next value for hibernate_sequence;
2022-10-10 14:33:47.316  INFO 4460 --- [    Test worker] p6spy                                    : #1665380027316 | took 0ms | statement | connection 25| url jdbc:h2:mem:ad3a9e80-f26d-4a3e-9691-17f803db5723
insert into member (created_date, last_modified_date, created_by, last_modified_by, email, password, refresh_token, role, username, member_id) values (?, ?, ?, ?, ?, ?, ?, ?, ?, ?)
insert into member (created_date, last_modified_date, created_by, last_modified_by, email, password, refresh_token, role, username, member_id) values ('2022-10-10T14:33:47.299+0900', '2022-10-10T14:33:47.299+0900', '4ee64521-469e-4f57-b102-5239ee410532', '4ee64521-469e-4f57-b102-5239ee410532', 'member1@gmail.com', '1234', NULL, NULL, 'member1', 18);
2022-10-10 14:33:47.316  INFO 4460 --- [    Test worker] p6spy                                    : #1665380027316 | took 0ms | statement | connection 25| url jdbc:h2:mem:ad3a9e80-f26d-4a3e-9691-17f803db5723
insert into member (created_date, last_modified_date, created_by, last_modified_by, email, password, refresh_token, role, username, member_id) values (?, ?, ?, ?, ?, ?, ?, ?, ?, ?)
insert into member (created_date, last_modified_date, created_by, last_modified_by, email, password, refresh_token, role, username, member_id) values ('2022-10-10T14:33:47.299+0900', '2022-10-10T14:33:47.299+0900', 'f625c17d-4fd8-41ef-8c01-05b306a9761c', 'f625c17d-4fd8-41ef-8c01-05b306a9761c', 'member2@naver.com', '2345', NULL, NULL, 'member2', 19);
2022-10-10 14:33:47.316  INFO 4460 --- [    Test worker] p6spy                                    : #1665380027316 | took 0ms | statement | connection 25| url jdbc:h2:mem:ad3a9e80-f26d-4a3e-9691-17f803db5723
insert into favorite (member_id, name, favorite_id) values (?, ?, ?)
insert into favorite (member_id, name, favorite_id) values (18, '1일차', 39);
2022-10-10 14:33:47.317  INFO 4460 --- [    Test worker] p6spy                                    : #1665380027317 | took 0ms | statement | connection 25| url jdbc:h2:mem:ad3a9e80-f26d-4a3e-9691-17f803db5723
insert into score (facility_rank, facility_score, price_rank, price_score, rank_average, surround_rank, surround_score, view_rank, view_score, score_id) values (?, ?, ?, ?, ?, ?, ?, ?, ?, ?)
insert into score (facility_rank, facility_score, price_rank, price_score, rank_average, surround_rank, surround_score, view_rank, view_score, score_id) values (8.38541780644352, 8.741099312703748, 2.8682539237824756, 7.301185515309253, 8.115013596276679, 6.687681486187504, 4.275284978109082, 8.253564241092327, 8.133347920111495, 503);
2022-10-10 14:33:47.317  INFO 4460 --- [    Test worker] p6spy                                    : #1665380027317 | took 0ms | statement | connection 25| url jdbc:h2:mem:ad3a9e80-f26d-4a3e-9691-17f803db5723
insert into picture (spot_id, url, picture_id) values (?, ?, ?)
insert into picture (spot_id, url, picture_id) values (NULL, 'java.io.StringReader@54d12021', 2065);
2022-10-10 14:33:47.317  INFO 4460 --- [    Test worker] p6spy                                    : #1665380027317 | took 0ms | statement | connection 25| url jdbc:h2:mem:ad3a9e80-f26d-4a3e-9691-17f803db5723
insert into picture (spot_id, url, picture_id) values (?, ?, ?)
insert into picture (spot_id, url, picture_id) values (NULL, 'java.io.StringReader@ba56309', 2066);
2022-10-10 14:33:47.317  INFO 4460 --- [    Test worker] p6spy                                    : #1665380027317 | took 0ms | statement | connection 25| url jdbc:h2:mem:ad3a9e80-f26d-4a3e-9691-17f803db5723
insert into picture (spot_id, url, picture_id) values (?, ?, ?)
insert into picture (spot_id, url, picture_id) values (NULL, 'java.io.StringReader@6377f330', 2067);
2022-10-10 14:33:47.317  INFO 4460 --- [    Test worker] p6spy                                    : #1665380027317 | took 0ms | statement | connection 25| url jdbc:h2:mem:ad3a9e80-f26d-4a3e-9691-17f803db5723
insert into spot (address, description, location, name, score_id, spot_id) values (?, ?, ?, ?, ?, ?)
insert into spot (address, description, location, name, score_id, spot_id) values (NULL, NULL, 'Aewol_eup', NULL, 503, 569);
2022-10-10 14:33:47.317  INFO 4460 --- [    Test worker] p6spy                                    : #1665380027317 | took 0ms | statement | connection 25| url jdbc:h2:mem:ad3a9e80-f26d-4a3e-9691-17f803db5723
insert into member_spot (member_id, score, spot_id, member_spot_id) values (?, ?, ?, ?)
insert into member_spot (member_id, score, spot_id, member_spot_id) values (19, 0.0, 569, 2068);
2022-10-10 14:33:47.317  INFO 4460 --- [    Test worker] p6spy                                    : #1665380027317 | took 0ms | statement | connection 25| url jdbc:h2:mem:ad3a9e80-f26d-4a3e-9691-17f803db5723
insert into review (content, spot_id, review_id) values (?, ?, ?)
insert into review (content, spot_id, review_id) values ('java.io.StringReader@3679b68f', 569, 505);
2022-10-10 14:33:47.317  INFO 4460 --- [    Test worker] p6spy                                    : #1665380027317 | took 0ms | statement | connection 25| url jdbc:h2:mem:ad3a9e80-f26d-4a3e-9691-17f803db5723
insert into favorite_spot (count, favorite_id, spot_id, favorite_spot_id) values (?, ?, ?, ?)
insert into favorite_spot (count, favorite_id, spot_id, favorite_spot_id) values (0, 39, 569, 421);
2022-10-10 14:33:47.317  INFO 4460 --- [    Test worker] p6spy                                    : #1665380027317 | took 0ms | statement | connection 25| url jdbc:h2:mem:ad3a9e80-f26d-4a3e-9691-17f803db5723
insert into score (facility_rank, facility_score, price_rank, price_score, rank_average, surround_rank, surround_score, view_rank, view_score, score_id) values (?, ?, ?, ?, ?, ?, ?, ?, ?, ?)
insert into score (facility_rank, facility_score, price_rank, price_score, rank_average, surround_rank, surround_score, view_rank, view_score, score_id) values (0.3472265717867129, 3.7625331702139286, 7.194036694563383, 6.348007141373937, 9.244674311238615, 5.7411242550677155, 6.635186582622584, 3.827493731286622, 4.845595921534255, 504);
2022-10-10 14:33:47.317  INFO 4460 --- [    Test worker] p6spy                                    : #1665380027317 | took 0ms | statement | connection 25| url jdbc:h2:mem:ad3a9e80-f26d-4a3e-9691-17f803db5723
insert into picture (spot_id, url, picture_id) values (?, ?, ?)
insert into picture (spot_id, url, picture_id) values (NULL, 'java.io.StringReader@36262c47', 2069);
2022-10-10 14:33:47.317  INFO 4460 --- [    Test worker] p6spy                                    : #1665380027317 | took 0ms | statement | connection 25| url jdbc:h2:mem:ad3a9e80-f26d-4a3e-9691-17f803db5723
insert into picture (spot_id, url, picture_id) values (?, ?, ?)
insert into picture (spot_id, url, picture_id) values (NULL, 'java.io.StringReader@10fae499', 2070);
2022-10-10 14:33:47.317  INFO 4460 --- [    Test worker] p6spy                                    : #1665380027317 | took 0ms | statement | connection 25| url jdbc:h2:mem:ad3a9e80-f26d-4a3e-9691-17f803db5723
insert into picture (spot_id, url, picture_id) values (?, ?, ?)
insert into picture (spot_id, url, picture_id) values (NULL, 'java.io.StringReader@43a22bf1', 2071);
2022-10-10 14:33:47.317  INFO 4460 --- [    Test worker] p6spy                                    : #1665380027317 | took 0ms | statement | connection 25| url jdbc:h2:mem:ad3a9e80-f26d-4a3e-9691-17f803db5723
insert into spot (address, description, location, name, score_id, spot_id) values (?, ?, ?, ?, ?, ?)
insert into spot (address, description, location, name, score_id, spot_id) values (NULL, NULL, 'Aewol_eup', NULL, 504, 570);
2022-10-10 14:33:47.317  INFO 4460 --- [    Test worker] p6spy                                    : #1665380027317 | took 0ms | statement | connection 25| url jdbc:h2:mem:ad3a9e80-f26d-4a3e-9691-17f803db5723
insert into member_spot (member_id, score, spot_id, member_spot_id) values (?, ?, ?, ?)
insert into member_spot (member_id, score, spot_id, member_spot_id) values (19, 0.0, 570, 2072);
2022-10-10 14:33:47.317  INFO 4460 --- [    Test worker] p6spy                                    : #1665380027317 | took 0ms | statement | connection 25| url jdbc:h2:mem:ad3a9e80-f26d-4a3e-9691-17f803db5723
insert into review (content, spot_id, review_id) values (?, ?, ?)
insert into review (content, spot_id, review_id) values ('java.io.StringReader@4f5264b4', 569, 506);
2022-10-10 14:33:47.317  INFO 4460 --- [    Test worker] p6spy                                    : #1665380027317 | took 0ms | statement | connection 25| url jdbc:h2:mem:ad3a9e80-f26d-4a3e-9691-17f803db5723
insert into score (facility_rank, facility_score, price_rank, price_score, rank_average, surround_rank, surround_score, view_rank, view_score, score_id) values (?, ?, ?, ?, ?, ?, ?, ?, ?, ?)
insert into score (facility_rank, facility_score, price_rank, price_score, rank_average, surround_rank, surround_score, view_rank, view_score, score_id) values (5.541146213615127, 8.368831022156614, 2.099603757573524, 8.592134852492965, 2.3984827207390813, 4.309733797865905, 8.565019114659957, 6.956228247739659, 8.154293696147949, 505);
2022-10-10 14:33:47.317  INFO 4460 --- [    Test worker] p6spy                                    : #1665380027317 | took 0ms | statement | connection 25| url jdbc:h2:mem:ad3a9e80-f26d-4a3e-9691-17f803db5723
insert into picture (spot_id, url, picture_id) values (?, ?, ?)
insert into picture (spot_id, url, picture_id) values (NULL, 'java.io.StringReader@5f7e6a0b', 2073);
2022-10-10 14:33:47.317  INFO 4460 --- [    Test worker] p6spy                                    : #1665380027317 | took 0ms | statement | connection 25| url jdbc:h2:mem:ad3a9e80-f26d-4a3e-9691-17f803db5723
insert into picture (spot_id, url, picture_id) values (?, ?, ?)
insert into picture (spot_id, url, picture_id) values (NULL, 'java.io.StringReader@cf3dce6', 2074);
2022-10-10 14:33:47.317  INFO 4460 --- [    Test worker] p6spy                                    : #1665380027317 | took 0ms | statement | connection 25| url jdbc:h2:mem:ad3a9e80-f26d-4a3e-9691-17f803db5723
insert into picture (spot_id, url, picture_id) values (?, ?, ?)
insert into picture (spot_id, url, picture_id) values (NULL, 'java.io.StringReader@5e31df0a', 2075);
2022-10-10 14:33:47.317  INFO 4460 --- [    Test worker] p6spy                                    : #1665380027317 | took 0ms | statement | connection 25| url jdbc:h2:mem:ad3a9e80-f26d-4a3e-9691-17f803db5723
insert into spot (address, description, location, name, score_id, spot_id) values (?, ?, ?, ?, ?, ?)
insert into spot (address, description, location, name, score_id, spot_id) values (NULL, NULL, 'Aewol_eup', NULL, 505, 571);
2022-10-10 14:33:47.317  INFO 4460 --- [    Test worker] p6spy                                    : #1665380027317 | took 0ms | statement | connection 25| url jdbc:h2:mem:ad3a9e80-f26d-4a3e-9691-17f803db5723
insert into member_spot (member_id, score, spot_id, member_spot_id) values (?, ?, ?, ?)
insert into member_spot (member_id, score, spot_id, member_spot_id) values (19, 0.0, 571, 2076);
2022-10-10 14:33:47.318  INFO 4460 --- [    Test worker] p6spy                                    : #1665380027318 | took 0ms | statement | connection 25| url jdbc:h2:mem:ad3a9e80-f26d-4a3e-9691-17f803db5723
insert into review (content, spot_id, review_id) values (?, ?, ?)
insert into review (content, spot_id, review_id) values ('java.io.StringReader@5b1fe0e7', 569, 507);
2022-10-10 14:33:47.318  INFO 4460 --- [    Test worker] p6spy                                    : #1665380027318 | took 0ms | statement | connection 25| url jdbc:h2:mem:ad3a9e80-f26d-4a3e-9691-17f803db5723
insert into favorite_spot (count, favorite_id, spot_id, favorite_spot_id) values (?, ?, ?, ?)
insert into favorite_spot (count, favorite_id, spot_id, favorite_spot_id) values (0, 39, 571, 422);
2022-10-10 14:33:47.324  INFO 4460 --- [    Test worker] p6spy                                    : #1665380027318 | took 0ms | statement | connection 25| url jdbc:h2:mem:ad3a9e80-f26d-4a3e-9691-17f803db5723
insert into score (facility_rank, facility_score, price_rank, price_score, rank_average, surround_rank, surround_score, view_rank, view_score, score_id) values (?, ?, ?, ?, ?, ?, ?, ?, ?, ?)
insert into score (facility_rank, facility_score, price_rank, price_score, rank_average, surround_rank, surround_score, view_rank, view_score, score_id) values (6.415851500461656, 4.849003972156062, 9.57759856618971, 9.817674590258243, 3.4009748069637267, 3.5683805193369675, 2.3600692880948504, 0.4228327372415397, 3.113539571227868, 506);
2022-10-10 14:33:47.324  INFO 4460 --- [    Test worker] p6spy                                    : #1665380027324 | took 0ms | statement | connection 25| url jdbc:h2:mem:ad3a9e80-f26d-4a3e-9691-17f803db5723
insert into picture (spot_id, url, picture_id) values (?, ?, ?)
insert into picture (spot_id, url, picture_id) values (NULL, 'java.io.StringReader@5aa3d1c8', 2077);
2022-10-10 14:33:47.325  INFO 4460 --- [    Test worker] p6spy                                    : #1665380027325 | took 0ms | statement | connection 25| url jdbc:h2:mem:ad3a9e80-f26d-4a3e-9691-17f803db5723
insert into picture (spot_id, url, picture_id) values (?, ?, ?)
insert into picture (spot_id, url, picture_id) values (NULL, 'java.io.StringReader@62c7095c', 2078);
2022-10-10 14:33:47.325  INFO 4460 --- [    Test worker] p6spy                                    : #1665380027325 | took 0ms | statement | connection 25| url jdbc:h2:mem:ad3a9e80-f26d-4a3e-9691-17f803db5723
insert into picture (spot_id, url, picture_id) values (?, ?, ?)
insert into picture (spot_id, url, picture_id) values (NULL, 'java.io.StringReader@495d04a7', 2079);
2022-10-10 14:33:47.325  INFO 4460 --- [    Test worker] p6spy                                    : #1665380027325 | took 0ms | statement | connection 25| url jdbc:h2:mem:ad3a9e80-f26d-4a3e-9691-17f803db5723
insert into spot (address, description, location, name, score_id, spot_id) values (?, ?, ?, ?, ?, ?)
insert into spot (address, description, location, name, score_id, spot_id) values (NULL, NULL, 'Aewol_eup', NULL, 506, 572);
2022-10-10 14:33:47.325  INFO 4460 --- [    Test worker] p6spy                                    : #1665380027325 | took 0ms | statement | connection 25| url jdbc:h2:mem:ad3a9e80-f26d-4a3e-9691-17f803db5723
insert into member_spot (member_id, score, spot_id, member_spot_id) values (?, ?, ?, ?)
insert into member_spot (member_id, score, spot_id, member_spot_id) values (19, 0.0, 572, 2080);
2022-10-10 14:33:47.325  INFO 4460 --- [    Test worker] p6spy                                    : #1665380027325 | took 0ms | statement | connection 25| url jdbc:h2:mem:ad3a9e80-f26d-4a3e-9691-17f803db5723
insert into review (content, spot_id, review_id) values (?, ?, ?)
insert into review (content, spot_id, review_id) values ('java.io.StringReader@46fe4149', 569, 508);
2022-10-10 14:33:47.325  INFO 4460 --- [    Test worker] p6spy                                    : #1665380027325 | took 0ms | statement | connection 25| url jdbc:h2:mem:ad3a9e80-f26d-4a3e-9691-17f803db5723
insert into score (facility_rank, facility_score, price_rank, price_score, rank_average, surround_rank, surround_score, view_rank, view_score, score_id) values (?, ?, ?, ?, ?, ?, ?, ?, ?, ?)
insert into score (facility_rank, facility_score, price_rank, price_score, rank_average, surround_rank, surround_score, view_rank, view_score, score_id) values (8.600998755488297, 4.218491579472037, 7.0218561197736, 2.3444833045778033, 5.682441467531123, 6.846726600398587, 5.074015077266169, 2.482464458399215, 3.6331977770421906, 507);
2022-10-10 14:33:47.325  INFO 4460 --- [    Test worker] p6spy                                    : #1665380027325 | took 0ms | statement | connection 25| url jdbc:h2:mem:ad3a9e80-f26d-4a3e-9691-17f803db5723
insert into picture (spot_id, url, picture_id) values (?, ?, ?)
insert into picture (spot_id, url, picture_id) values (NULL, 'java.io.StringReader@2521555d', 2081);
2022-10-10 14:33:47.325  INFO 4460 --- [    Test worker] p6spy                                    : #1665380027325 | took 0ms | statement | connection 25| url jdbc:h2:mem:ad3a9e80-f26d-4a3e-9691-17f803db5723
insert into picture (spot_id, url, picture_id) values (?, ?, ?)
insert into picture (spot_id, url, picture_id) values (NULL, 'java.io.StringReader@1767129e', 2082);
2022-10-10 14:33:47.325  INFO 4460 --- [    Test worker] p6spy                                    : #1665380027325 | took 0ms | statement | connection 25| url jdbc:h2:mem:ad3a9e80-f26d-4a3e-9691-17f803db5723
insert into picture (spot_id, url, picture_id) values (?, ?, ?)
insert into picture (spot_id, url, picture_id) values (NULL, 'java.io.StringReader@9cc5140', 2083);
2022-10-10 14:33:47.325  INFO 4460 --- [    Test worker] p6spy                                    : #1665380027325 | took 0ms | statement | connection 25| url jdbc:h2:mem:ad3a9e80-f26d-4a3e-9691-17f803db5723
insert into spot (address, description, location, name, score_id, spot_id) values (?, ?, ?, ?, ?, ?)
insert into spot (address, description, location, name, score_id, spot_id) values (NULL, NULL, 'Aewol_eup', NULL, 507, 573);
2022-10-10 14:33:47.325  INFO 4460 --- [    Test worker] p6spy                                    : #1665380027325 | took 0ms | statement | connection 25| url jdbc:h2:mem:ad3a9e80-f26d-4a3e-9691-17f803db5723
insert into member_spot (member_id, score, spot_id, member_spot_id) values (?, ?, ?, ?)
insert into member_spot (member_id, score, spot_id, member_spot_id) values (19, 0.0, 573, 2084);
2022-10-10 14:33:47.325  INFO 4460 --- [    Test worker] p6spy                                    : #1665380027325 | took 0ms | statement | connection 25| url jdbc:h2:mem:ad3a9e80-f26d-4a3e-9691-17f803db5723
insert into review (content, spot_id, review_id) values (?, ?, ?)
insert into review (content, spot_id, review_id) values ('java.io.StringReader@6ff0bb6', 569, 509);
2022-10-10 14:33:47.325  INFO 4460 --- [    Test worker] p6spy                                    : #1665380027325 | took 0ms | statement | connection 25| url jdbc:h2:mem:ad3a9e80-f26d-4a3e-9691-17f803db5723
insert into favorite_spot (count, favorite_id, spot_id, favorite_spot_id) values (?, ?, ?, ?)
insert into favorite_spot (count, favorite_id, spot_id, favorite_spot_id) values (0, 39, 573, 423);
2022-10-10 14:33:47.325  INFO 4460 --- [    Test worker] p6spy                                    : #1665380027325 | took 0ms | statement | connection 25| url jdbc:h2:mem:ad3a9e80-f26d-4a3e-9691-17f803db5723
insert into score (facility_rank, facility_score, price_rank, price_score, rank_average, surround_rank, surround_score, view_rank, view_score, score_id) values (?, ?, ?, ?, ?, ?, ?, ?, ?, ?)
insert into score (facility_rank, facility_score, price_rank, price_score, rank_average, surround_rank, surround_score, view_rank, view_score, score_id) values (0.8534279870552641, 9.145101286621756, 7.366741665112544, 5.518079663634533, 9.791646129160135, 4.167169245772665, 1.403596203466747, 9.377452083966851, 8.589794324618333, 508);
2022-10-10 14:33:47.325  INFO 4460 --- [    Test worker] p6spy                                    : #1665380027325 | took 0ms | statement | connection 25| url jdbc:h2:mem:ad3a9e80-f26d-4a3e-9691-17f803db5723
insert into picture (spot_id, url, picture_id) values (?, ?, ?)
insert into picture (spot_id, url, picture_id) values (NULL, 'java.io.StringReader@7f571c28', 2085);
2022-10-10 14:33:47.325  INFO 4460 --- [    Test worker] p6spy                                    : #1665380027325 | took 0ms | statement | connection 25| url jdbc:h2:mem:ad3a9e80-f26d-4a3e-9691-17f803db5723
insert into picture (spot_id, url, picture_id) values (?, ?, ?)
insert into picture (spot_id, url, picture_id) values (NULL, 'java.io.StringReader@2ac76b0d', 2086);
2022-10-10 14:33:47.325  INFO 4460 --- [    Test worker] p6spy                                    : #1665380027325 | took 0ms | statement | connection 25| url jdbc:h2:mem:ad3a9e80-f26d-4a3e-9691-17f803db5723
insert into picture (spot_id, url, picture_id) values (?, ?, ?)
insert into picture (spot_id, url, picture_id) values (NULL, 'java.io.StringReader@73e1c9e3', 2087);
2022-10-10 14:33:47.325  INFO 4460 --- [    Test worker] p6spy                                    : #1665380027325 | took 0ms | statement | connection 25| url jdbc:h2:mem:ad3a9e80-f26d-4a3e-9691-17f803db5723
insert into spot (address, description, location, name, score_id, spot_id) values (?, ?, ?, ?, ?, ?)
insert into spot (address, description, location, name, score_id, spot_id) values (NULL, NULL, 'Aewol_eup', NULL, 508, 574);
2022-10-10 14:33:47.325  INFO 4460 --- [    Test worker] p6spy                                    : #1665380027325 | took 0ms | statement | connection 25| url jdbc:h2:mem:ad3a9e80-f26d-4a3e-9691-17f803db5723
insert into member_spot (member_id, score, spot_id, member_spot_id) values (?, ?, ?, ?)
insert into member_spot (member_id, score, spot_id, member_spot_id) values (19, 0.0, 574, 2088);
2022-10-10 14:33:47.325  INFO 4460 --- [    Test worker] p6spy                                    : #1665380027325 | took 0ms | statement | connection 25| url jdbc:h2:mem:ad3a9e80-f26d-4a3e-9691-17f803db5723
insert into review (content, spot_id, review_id) values (?, ?, ?)
insert into review (content, spot_id, review_id) values ('java.io.StringReader@1096c2b0', 569, 510);
2022-10-10 14:33:47.325  INFO 4460 --- [    Test worker] p6spy                                    : #1665380027325 | took 0ms | statement | connection 25| url jdbc:h2:mem:ad3a9e80-f26d-4a3e-9691-17f803db5723
insert into score (facility_rank, facility_score, price_rank, price_score, rank_average, surround_rank, surround_score, view_rank, view_score, score_id) values (?, ?, ?, ?, ?, ?, ?, ?, ?, ?)
insert into score (facility_rank, facility_score, price_rank, price_score, rank_average, surround_rank, surround_score, view_rank, view_score, score_id) values (7.937382070999708, 3.3994849798261795, 5.018755883290286, 6.683489973550093, 4.019984438378618, 4.858156305179361, 0.8523296823609416, 7.689569813027694, 9.811604255547653, 509);
2022-10-10 14:33:47.325  INFO 4460 --- [    Test worker] p6spy                                    : #1665380027325 | took 0ms | statement | connection 25| url jdbc:h2:mem:ad3a9e80-f26d-4a3e-9691-17f803db5723
insert into picture (spot_id, url, picture_id) values (?, ?, ?)
insert into picture (spot_id, url, picture_id) values (NULL, 'java.io.StringReader@4a74038e', 2089);
2022-10-10 14:33:47.325  INFO 4460 --- [    Test worker] p6spy                                    : #1665380027325 | took 0ms | statement | connection 25| url jdbc:h2:mem:ad3a9e80-f26d-4a3e-9691-17f803db5723
insert into picture (spot_id, url, picture_id) values (?, ?, ?)
insert into picture (spot_id, url, picture_id) values (NULL, 'java.io.StringReader@1fff7060', 2090);
2022-10-10 14:33:47.326  INFO 4460 --- [    Test worker] p6spy                                    : #1665380027326 | took 0ms | statement | connection 25| url jdbc:h2:mem:ad3a9e80-f26d-4a3e-9691-17f803db5723
insert into picture (spot_id, url, picture_id) values (?, ?, ?)
insert into picture (spot_id, url, picture_id) values (NULL, 'java.io.StringReader@66e38138', 2091);
2022-10-10 14:33:47.326  INFO 4460 --- [    Test worker] p6spy                                    : #1665380027326 | took 0ms | statement | connection 25| url jdbc:h2:mem:ad3a9e80-f26d-4a3e-9691-17f803db5723
insert into spot (address, description, location, name, score_id, spot_id) values (?, ?, ?, ?, ?, ?)
insert into spot (address, description, location, name, score_id, spot_id) values (NULL, NULL, 'Aewol_eup', NULL, 509, 575);
2022-10-10 14:33:47.326  INFO 4460 --- [    Test worker] p6spy                                    : #1665380027326 | took 0ms | statement | connection 25| url jdbc:h2:mem:ad3a9e80-f26d-4a3e-9691-17f803db5723
insert into member_spot (member_id, score, spot_id, member_spot_id) values (?, ?, ?, ?)
insert into member_spot (member_id, score, spot_id, member_spot_id) values (19, 0.0, 575, 2092);
2022-10-10 14:33:47.326  INFO 4460 --- [    Test worker] p6spy                                    : #1665380027326 | took 0ms | statement | connection 25| url jdbc:h2:mem:ad3a9e80-f26d-4a3e-9691-17f803db5723
insert into review (content, spot_id, review_id) values (?, ?, ?)
insert into review (content, spot_id, review_id) values ('java.io.StringReader@4b79c42e', 569, 511);
2022-10-10 14:33:47.326  INFO 4460 --- [    Test worker] p6spy                                    : #1665380027326 | took 0ms | statement | connection 25| url jdbc:h2:mem:ad3a9e80-f26d-4a3e-9691-17f803db5723
insert into favorite_spot (count, favorite_id, spot_id, favorite_spot_id) values (?, ?, ?, ?)
insert into favorite_spot (count, favorite_id, spot_id, favorite_spot_id) values (0, 39, 575, 424);
2022-10-10 14:33:47.326  INFO 4460 --- [    Test worker] p6spy                                    : #1665380027326 | took 0ms | statement | connection 25| url jdbc:h2:mem:ad3a9e80-f26d-4a3e-9691-17f803db5723
insert into score (facility_rank, facility_score, price_rank, price_score, rank_average, surround_rank, surround_score, view_rank, view_score, score_id) values (?, ?, ?, ?, ?, ?, ?, ?, ?, ?)
insert into score (facility_rank, facility_score, price_rank, price_score, rank_average, surround_rank, surround_score, view_rank, view_score, score_id) values (9.24087825338496, 6.2909137624842035, 6.511779290733046, 3.474771803976664, 1.8281990201950704, 3.6383358947323066, 0.5721321735131901, 9.018162445330871, 6.785174125704354, 510);
2022-10-10 14:33:47.326  INFO 4460 --- [    Test worker] p6spy                                    : #1665380027326 | took 0ms | statement | connection 25| url jdbc:h2:mem:ad3a9e80-f26d-4a3e-9691-17f803db5723
insert into picture (spot_id, url, picture_id) values (?, ?, ?)
insert into picture (spot_id, url, picture_id) values (NULL, 'java.io.StringReader@6711203f', 2093);
2022-10-10 14:33:47.326  INFO 4460 --- [    Test worker] p6spy                                    : #1665380027326 | took 0ms | statement | connection 25| url jdbc:h2:mem:ad3a9e80-f26d-4a3e-9691-17f803db5723
insert into picture (spot_id, url, picture_id) values (?, ?, ?)
insert into picture (spot_id, url, picture_id) values (NULL, 'java.io.StringReader@549b3958', 2094);
2022-10-10 14:33:47.326  INFO 4460 --- [    Test worker] p6spy                                    : #1665380027326 | took 0ms | statement | connection 25| url jdbc:h2:mem:ad3a9e80-f26d-4a3e-9691-17f803db5723
insert into picture (spot_id, url, picture_id) values (?, ?, ?)
insert into picture (spot_id, url, picture_id) values (NULL, 'java.io.StringReader@a0cc1e9', 2095);
2022-10-10 14:33:47.326  INFO 4460 --- [    Test worker] p6spy                                    : #1665380027326 | took 0ms | statement | connection 25| url jdbc:h2:mem:ad3a9e80-f26d-4a3e-9691-17f803db5723
insert into spot (address, description, location, name, score_id, spot_id) values (?, ?, ?, ?, ?, ?)
insert into spot (address, description, location, name, score_id, spot_id) values (NULL, NULL, 'Aewol_eup', NULL, 510, 576);
2022-10-10 14:33:47.326  INFO 4460 --- [    Test worker] p6spy                                    : #1665380027326 | took 0ms | statement | connection 25| url jdbc:h2:mem:ad3a9e80-f26d-4a3e-9691-17f803db5723
insert into member_spot (member_id, score, spot_id, member_spot_id) values (?, ?, ?, ?)
insert into member_spot (member_id, score, spot_id, member_spot_id) values (19, 0.0, 576, 2096);
2022-10-10 14:33:47.326  INFO 4460 --- [    Test worker] p6spy                                    : #1665380027326 | took 0ms | statement | connection 25| url jdbc:h2:mem:ad3a9e80-f26d-4a3e-9691-17f803db5723
insert into review (content, spot_id, review_id) values (?, ?, ?)
insert into review (content, spot_id, review_id) values ('java.io.StringReader@5c5eaad', 569, 512);
2022-10-10 14:33:47.326  INFO 4460 --- [    Test worker] p6spy                                    : #1665380027326 | took 0ms | statement | connection 25| url jdbc:h2:mem:ad3a9e80-f26d-4a3e-9691-17f803db5723
insert into score (facility_rank, facility_score, price_rank, price_score, rank_average, surround_rank, surround_score, view_rank, view_score, score_id) values (?, ?, ?, ?, ?, ?, ?, ?, ?, ?)
insert into score (facility_rank, facility_score, price_rank, price_score, rank_average, surround_rank, surround_score, view_rank, view_score, score_id) values (1.9680022614456805, 0.5903742334407414, 6.600651578882889, 5.634404470601682, 6.5481452084694824, 9.212368797869617, 4.018680672572671, 2.3427975368933076, 5.966227552526023, 511);
2022-10-10 14:33:47.326  INFO 4460 --- [    Test worker] p6spy                                    : #1665380027326 | took 0ms | statement | connection 25| url jdbc:h2:mem:ad3a9e80-f26d-4a3e-9691-17f803db5723
insert into picture (spot_id, url, picture_id) values (?, ?, ?)
insert into picture (spot_id, url, picture_id) values (NULL, 'java.io.StringReader@7faaa21f', 2097);
2022-10-10 14:33:47.326  INFO 4460 --- [    Test worker] p6spy                                    : #1665380027326 | took 0ms | statement | connection 25| url jdbc:h2:mem:ad3a9e80-f26d-4a3e-9691-17f803db5723
insert into picture (spot_id, url, picture_id) values (?, ?, ?)
insert into picture (spot_id, url, picture_id) values (NULL, 'java.io.StringReader@8f77e78', 2098);
2022-10-10 14:33:47.326  INFO 4460 --- [    Test worker] p6spy                                    : #1665380027326 | took 0ms | statement | connection 25| url jdbc:h2:mem:ad3a9e80-f26d-4a3e-9691-17f803db5723
insert into picture (spot_id, url, picture_id) values (?, ?, ?)
insert into picture (spot_id, url, picture_id) values (NULL, 'java.io.StringReader@35370760', 2099);
2022-10-10 14:33:47.326  INFO 4460 --- [    Test worker] p6spy                                    : #1665380027326 | took 0ms | statement | connection 25| url jdbc:h2:mem:ad3a9e80-f26d-4a3e-9691-17f803db5723
insert into spot (address, description, location, name, score_id, spot_id) values (?, ?, ?, ?, ?, ?)
insert into spot (address, description, location, name, score_id, spot_id) values (NULL, NULL, 'Aewol_eup', NULL, 511, 577);
2022-10-10 14:33:47.326  INFO 4460 --- [    Test worker] p6spy                                    : #1665380027326 | took 0ms | statement | connection 25| url jdbc:h2:mem:ad3a9e80-f26d-4a3e-9691-17f803db5723
insert into member_spot (member_id, score, spot_id, member_spot_id) values (?, ?, ?, ?)
insert into member_spot (member_id, score, spot_id, member_spot_id) values (19, 0.0, 577, 2100);
2022-10-10 14:33:47.326  INFO 4460 --- [    Test worker] p6spy                                    : #1665380027326 | took 0ms | statement | connection 25| url jdbc:h2:mem:ad3a9e80-f26d-4a3e-9691-17f803db5723
insert into review (content, spot_id, review_id) values (?, ?, ?)
insert into review (content, spot_id, review_id) values ('java.io.StringReader@593b117a', 569, 513);
2022-10-10 14:33:47.326  INFO 4460 --- [    Test worker] p6spy                                    : #1665380027326 | took 0ms | statement | connection 25| url jdbc:h2:mem:ad3a9e80-f26d-4a3e-9691-17f803db5723
insert into favorite_spot (count, favorite_id, spot_id, favorite_spot_id) values (?, ?, ?, ?)
insert into favorite_spot (count, favorite_id, spot_id, favorite_spot_id) values (0, 39, 577, 425);
2022-10-10 14:33:47.326  INFO 4460 --- [    Test worker] p6spy                                    : #1665380027326 | took 0ms | statement | connection 25| url jdbc:h2:mem:ad3a9e80-f26d-4a3e-9691-17f803db5723
insert into score (facility_rank, facility_score, price_rank, price_score, rank_average, surround_rank, surround_score, view_rank, view_score, score_id) values (?, ?, ?, ?, ?, ?, ?, ?, ?, ?)
insert into score (facility_rank, facility_score, price_rank, price_score, rank_average, surround_rank, surround_score, view_rank, view_score, score_id) values (4.342607748996807, 8.033006179619175, 2.0004960410521164, 0.03251422297920081, 7.940733080882581, 5.258791932476888, 3.1816571048958577, 6.434324248266224, 9.73489494343986, 512);
2022-10-10 14:33:47.326  INFO 4460 --- [    Test worker] p6spy                                    : #1665380027326 | took 0ms | statement | connection 25| url jdbc:h2:mem:ad3a9e80-f26d-4a3e-9691-17f803db5723
insert into picture (spot_id, url, picture_id) values (?, ?, ?)
insert into picture (spot_id, url, picture_id) values (NULL, 'java.io.StringReader@3158d06c', 2101);
2022-10-10 14:33:47.326  INFO 4460 --- [    Test worker] p6spy                                    : #1665380027326 | took 0ms | statement | connection 25| url jdbc:h2:mem:ad3a9e80-f26d-4a3e-9691-17f803db5723
insert into picture (spot_id, url, picture_id) values (?, ?, ?)
insert into picture (spot_id, url, picture_id) values (NULL, 'java.io.StringReader@44deaadc', 2102);
2022-10-10 14:33:47.326  INFO 4460 --- [    Test worker] p6spy                                    : #1665380027326 | took 0ms | statement | connection 25| url jdbc:h2:mem:ad3a9e80-f26d-4a3e-9691-17f803db5723
insert into picture (spot_id, url, picture_id) values (?, ?, ?)
insert into picture (spot_id, url, picture_id) values (NULL, 'java.io.StringReader@4b2e7daa', 2103);
2022-10-10 14:33:47.327  INFO 4460 --- [    Test worker] p6spy                                    : #1665380027327 | took 0ms | statement | connection 25| url jdbc:h2:mem:ad3a9e80-f26d-4a3e-9691-17f803db5723
insert into spot (address, description, location, name, score_id, spot_id) values (?, ?, ?, ?, ?, ?)
insert into spot (address, description, location, name, score_id, spot_id) values (NULL, NULL, 'Aewol_eup', NULL, 512, 578);
2022-10-10 14:33:47.327  INFO 4460 --- [    Test worker] p6spy                                    : #1665380027327 | took 0ms | statement | connection 25| url jdbc:h2:mem:ad3a9e80-f26d-4a3e-9691-17f803db5723
insert into member_spot (member_id, score, spot_id, member_spot_id) values (?, ?, ?, ?)
insert into member_spot (member_id, score, spot_id, member_spot_id) values (19, 0.0, 578, 2104);
2022-10-10 14:33:47.327  INFO 4460 --- [    Test worker] p6spy                                    : #1665380027327 | took 0ms | statement | connection 25| url jdbc:h2:mem:ad3a9e80-f26d-4a3e-9691-17f803db5723
insert into review (content, spot_id, review_id) values (?, ?, ?)
insert into review (content, spot_id, review_id) values ('java.io.StringReader@514f20ee', 569, 514);
2022-10-10 14:33:47.327  INFO 4460 --- [    Test worker] p6spy                                    : #1665380027327 | took 0ms | statement | connection 25| url jdbc:h2:mem:ad3a9e80-f26d-4a3e-9691-17f803db5723
insert into score (facility_rank, facility_score, price_rank, price_score, rank_average, surround_rank, surround_score, view_rank, view_score, score_id) values (?, ?, ?, ?, ?, ?, ?, ?, ?, ?)
insert into score (facility_rank, facility_score, price_rank, price_score, rank_average, surround_rank, surround_score, view_rank, view_score, score_id) values (6.305776963217225, 1.1694453037912012, 3.6887722338563176, 4.486788929076901, 5.540149078977593, 4.42682806744422, 3.6593187979920483, 6.654641510973226, 5.249934893047491, 513);
2022-10-10 14:33:47.327  INFO 4460 --- [    Test worker] p6spy                                    : #1665380027327 | took 0ms | statement | connection 25| url jdbc:h2:mem:ad3a9e80-f26d-4a3e-9691-17f803db5723
insert into picture (spot_id, url, picture_id) values (?, ?, ?)
insert into picture (spot_id, url, picture_id) values (NULL, 'java.io.StringReader@9ba346c', 2105);
2022-10-10 14:33:47.327  INFO 4460 --- [    Test worker] p6spy                                    : #1665380027327 | took 0ms | statement | connection 25| url jdbc:h2:mem:ad3a9e80-f26d-4a3e-9691-17f803db5723
insert into picture (spot_id, url, picture_id) values (?, ?, ?)
insert into picture (spot_id, url, picture_id) values (NULL, 'java.io.StringReader@16fac490', 2106);
2022-10-10 14:33:47.327  INFO 4460 --- [    Test worker] p6spy                                    : #1665380027327 | took 0ms | statement | connection 25| url jdbc:h2:mem:ad3a9e80-f26d-4a3e-9691-17f803db5723
insert into picture (spot_id, url, picture_id) values (?, ?, ?)
insert into picture (spot_id, url, picture_id) values (NULL, 'java.io.StringReader@204108fd', 2107);
2022-10-10 14:33:47.327  INFO 4460 --- [    Test worker] p6spy                                    : #1665380027327 | took 0ms | statement | connection 25| url jdbc:h2:mem:ad3a9e80-f26d-4a3e-9691-17f803db5723
insert into spot (address, description, location, name, score_id, spot_id) values (?, ?, ?, ?, ?, ?)
insert into spot (address, description, location, name, score_id, spot_id) values (NULL, NULL, 'Aewol_eup', NULL, 513, 579);
2022-10-10 14:33:47.327  INFO 4460 --- [    Test worker] p6spy                                    : #1665380027327 | took 0ms | statement | connection 25| url jdbc:h2:mem:ad3a9e80-f26d-4a3e-9691-17f803db5723
insert into member_spot (member_id, score, spot_id, member_spot_id) values (?, ?, ?, ?)
insert into member_spot (member_id, score, spot_id, member_spot_id) values (19, 0.0, 579, 2108);
2022-10-10 14:33:47.327  INFO 4460 --- [    Test worker] p6spy                                    : #1665380027327 | took 0ms | statement | connection 25| url jdbc:h2:mem:ad3a9e80-f26d-4a3e-9691-17f803db5723
insert into review (content, spot_id, review_id) values (?, ?, ?)
insert into review (content, spot_id, review_id) values ('java.io.StringReader@117e175f', 569, 515);
2022-10-10 14:33:47.327  INFO 4460 --- [    Test worker] p6spy                                    : #1665380027327 | took 0ms | statement | connection 25| url jdbc:h2:mem:ad3a9e80-f26d-4a3e-9691-17f803db5723
insert into favorite_spot (count, favorite_id, spot_id, favorite_spot_id) values (?, ?, ?, ?)
insert into favorite_spot (count, favorite_id, spot_id, favorite_spot_id) values (0, 39, 579, 426);
2022-10-10 14:33:47.327  INFO 4460 --- [    Test worker] p6spy                                    : #1665380027327 | took 0ms | statement | connection 25| url jdbc:h2:mem:ad3a9e80-f26d-4a3e-9691-17f803db5723
insert into score (facility_rank, facility_score, price_rank, price_score, rank_average, surround_rank, surround_score, view_rank, view_score, score_id) values (?, ?, ?, ?, ?, ?, ?, ?, ?, ?)
insert into score (facility_rank, facility_score, price_rank, price_score, rank_average, surround_rank, surround_score, view_rank, view_score, score_id) values (5.766992514237059, 8.421785031852409, 6.986319511286121, 8.819499106204084, 4.018537325789494, 1.2814691887104213, 1.6282999446021484, 2.151126651968205, 9.552421460420629, 514);
2022-10-10 14:33:47.327  INFO 4460 --- [    Test worker] p6spy                                    : #1665380027327 | took 0ms | statement | connection 25| url jdbc:h2:mem:ad3a9e80-f26d-4a3e-9691-17f803db5723
insert into picture (spot_id, url, picture_id) values (?, ?, ?)
insert into picture (spot_id, url, picture_id) values (NULL, 'java.io.StringReader@1baed7c6', 2109);
2022-10-10 14:33:47.327  INFO 4460 --- [    Test worker] p6spy                                    : #1665380027327 | took 0ms | statement | connection 25| url jdbc:h2:mem:ad3a9e80-f26d-4a3e-9691-17f803db5723
insert into picture (spot_id, url, picture_id) values (?, ?, ?)
insert into picture (spot_id, url, picture_id) values (NULL, 'java.io.StringReader@453d6b04', 2110);
2022-10-10 14:33:47.327  INFO 4460 --- [    Test worker] p6spy                                    : #1665380027327 | took 0ms | statement | connection 25| url jdbc:h2:mem:ad3a9e80-f26d-4a3e-9691-17f803db5723
insert into picture (spot_id, url, picture_id) values (?, ?, ?)
insert into picture (spot_id, url, picture_id) values (NULL, 'java.io.StringReader@7a9757ee', 2111);
2022-10-10 14:33:47.327  INFO 4460 --- [    Test worker] p6spy                                    : #1665380027327 | took 0ms | statement | connection 25| url jdbc:h2:mem:ad3a9e80-f26d-4a3e-9691-17f803db5723
insert into spot (address, description, location, name, score_id, spot_id) values (?, ?, ?, ?, ?, ?)
insert into spot (address, description, location, name, score_id, spot_id) values (NULL, NULL, 'Aewol_eup', NULL, 514, 580);
2022-10-10 14:33:47.327  INFO 4460 --- [    Test worker] p6spy                                    : #1665380027327 | took 0ms | statement | connection 25| url jdbc:h2:mem:ad3a9e80-f26d-4a3e-9691-17f803db5723
insert into member_spot (member_id, score, spot_id, member_spot_id) values (?, ?, ?, ?)
insert into member_spot (member_id, score, spot_id, member_spot_id) values (19, 0.0, 580, 2112);
2022-10-10 14:33:47.327  INFO 4460 --- [    Test worker] p6spy                                    : #1665380027327 | took 0ms | statement | connection 25| url jdbc:h2:mem:ad3a9e80-f26d-4a3e-9691-17f803db5723
insert into review (content, spot_id, review_id) values (?, ?, ?)
insert into review (content, spot_id, review_id) values ('java.io.StringReader@4d6a4e0f', 569, 516);
2022-10-10 14:33:47.327  INFO 4460 --- [    Test worker] p6spy                                    : #1665380027327 | took 0ms | statement | connection 25| url jdbc:h2:mem:ad3a9e80-f26d-4a3e-9691-17f803db5723
insert into score (facility_rank, facility_score, price_rank, price_score, rank_average, surround_rank, surround_score, view_rank, view_score, score_id) values (?, ?, ?, ?, ?, ?, ?, ?, ?, ?)
insert into score (facility_rank, facility_score, price_rank, price_score, rank_average, surround_rank, surround_score, view_rank, view_score, score_id) values (8.130111509616123, 6.938677731213687, 2.0088625718385567, 3.984101165944244, 3.3242569403041156, 9.878894778953875, 8.680930622620814, 6.301184882956797, 3.2247754280018794, 515);
2022-10-10 14:33:47.327  INFO 4460 --- [    Test worker] p6spy                                    : #1665380027327 | took 0ms | statement | connection 25| url jdbc:h2:mem:ad3a9e80-f26d-4a3e-9691-17f803db5723
insert into picture (spot_id, url, picture_id) values (?, ?, ?)
insert into picture (spot_id, url, picture_id) values (NULL, 'java.io.StringReader@2a8068ad', 2113);
2022-10-10 14:33:47.328  INFO 4460 --- [    Test worker] p6spy                                    : #1665380027328 | took 0ms | statement | connection 25| url jdbc:h2:mem:ad3a9e80-f26d-4a3e-9691-17f803db5723
insert into picture (spot_id, url, picture_id) values (?, ?, ?)
insert into picture (spot_id, url, picture_id) values (NULL, 'java.io.StringReader@73e4e754', 2114);
2022-10-10 14:33:47.328  INFO 4460 --- [    Test worker] p6spy                                    : #1665380027328 | took 0ms | statement | connection 25| url jdbc:h2:mem:ad3a9e80-f26d-4a3e-9691-17f803db5723
insert into picture (spot_id, url, picture_id) values (?, ?, ?)
insert into picture (spot_id, url, picture_id) values (NULL, 'java.io.StringReader@1777d3eb', 2115);
2022-10-10 14:33:47.328  INFO 4460 --- [    Test worker] p6spy                                    : #1665380027328 | took 0ms | statement | connection 25| url jdbc:h2:mem:ad3a9e80-f26d-4a3e-9691-17f803db5723
insert into spot (address, description, location, name, score_id, spot_id) values (?, ?, ?, ?, ?, ?)
insert into spot (address, description, location, name, score_id, spot_id) values (NULL, NULL, 'Aewol_eup', NULL, 515, 581);
2022-10-10 14:33:47.328  INFO 4460 --- [    Test worker] p6spy                                    : #1665380027328 | took 0ms | statement | connection 25| url jdbc:h2:mem:ad3a9e80-f26d-4a3e-9691-17f803db5723
insert into member_spot (member_id, score, spot_id, member_spot_id) values (?, ?, ?, ?)
insert into member_spot (member_id, score, spot_id, member_spot_id) values (19, 0.0, 581, 2116);
2022-10-10 14:33:47.328  INFO 4460 --- [    Test worker] p6spy                                    : #1665380027328 | took 0ms | statement | connection 25| url jdbc:h2:mem:ad3a9e80-f26d-4a3e-9691-17f803db5723
insert into review (content, spot_id, review_id) values (?, ?, ?)
insert into review (content, spot_id, review_id) values ('java.io.StringReader@5f041d98', 569, 517);
2022-10-10 14:33:47.328  INFO 4460 --- [    Test worker] p6spy                                    : #1665380027328 | took 0ms | statement | connection 25| url jdbc:h2:mem:ad3a9e80-f26d-4a3e-9691-17f803db5723
insert into favorite_spot (count, favorite_id, spot_id, favorite_spot_id) values (?, ?, ?, ?)
insert into favorite_spot (count, favorite_id, spot_id, favorite_spot_id) values (0, 39, 581, 427);
2022-10-10 14:33:47.328  INFO 4460 --- [    Test worker] p6spy                                    : #1665380027328 | took 0ms | statement | connection 25| url jdbc:h2:mem:ad3a9e80-f26d-4a3e-9691-17f803db5723
insert into score (facility_rank, facility_score, price_rank, price_score, rank_average, surround_rank, surround_score, view_rank, view_score, score_id) values (?, ?, ?, ?, ?, ?, ?, ?, ?, ?)
insert into score (facility_rank, facility_score, price_rank, price_score, rank_average, surround_rank, surround_score, view_rank, view_score, score_id) values (3.9401930318681466, 3.196906209511164, 3.412950774120219, 3.265253019938179, 9.466800987257628, 9.414737497449163, 8.384390385403716, 6.219409723770301, 4.669290227652432, 516);
2022-10-10 14:33:47.328  INFO 4460 --- [    Test worker] p6spy                                    : #1665380027328 | took 0ms | statement | connection 25| url jdbc:h2:mem:ad3a9e80-f26d-4a3e-9691-17f803db5723
insert into picture (spot_id, url, picture_id) values (?, ?, ?)
insert into picture (spot_id, url, picture_id) values (NULL, 'java.io.StringReader@60cb305a', 2117);
2022-10-10 14:33:47.328  INFO 4460 --- [    Test worker] p6spy                                    : #1665380027328 | took 0ms | statement | connection 25| url jdbc:h2:mem:ad3a9e80-f26d-4a3e-9691-17f803db5723
insert into picture (spot_id, url, picture_id) values (?, ?, ?)
insert into picture (spot_id, url, picture_id) values (NULL, 'java.io.StringReader@38dcd5b3', 2118);
2022-10-10 14:33:47.328  INFO 4460 --- [    Test worker] p6spy                                    : #1665380027328 | took 0ms | statement | connection 25| url jdbc:h2:mem:ad3a9e80-f26d-4a3e-9691-17f803db5723
insert into picture (spot_id, url, picture_id) values (?, ?, ?)
insert into picture (spot_id, url, picture_id) values (NULL, 'java.io.StringReader@69ce7774', 2119);
2022-10-10 14:33:47.328  INFO 4460 --- [    Test worker] p6spy                                    : #1665380027328 | took 0ms | statement | connection 25| url jdbc:h2:mem:ad3a9e80-f26d-4a3e-9691-17f803db5723
insert into spot (address, description, location, name, score_id, spot_id) values (?, ?, ?, ?, ?, ?)
insert into spot (address, description, location, name, score_id, spot_id) values (NULL, NULL, 'Aewol_eup', NULL, 516, 582);
2022-10-10 14:33:47.328  INFO 4460 --- [    Test worker] p6spy                                    : #1665380027328 | took 0ms | statement | connection 25| url jdbc:h2:mem:ad3a9e80-f26d-4a3e-9691-17f803db5723
insert into member_spot (member_id, score, spot_id, member_spot_id) values (?, ?, ?, ?)
insert into member_spot (member_id, score, spot_id, member_spot_id) values (19, 0.0, 582, 2120);
2022-10-10 14:33:47.328  INFO 4460 --- [    Test worker] p6spy                                    : #1665380027328 | took 0ms | statement | connection 25| url jdbc:h2:mem:ad3a9e80-f26d-4a3e-9691-17f803db5723
insert into review (content, spot_id, review_id) values (?, ?, ?)
insert into review (content, spot_id, review_id) values ('java.io.StringReader@52b94ca5', 569, 518);
2022-10-10 14:33:47.328  INFO 4460 --- [    Test worker] p6spy                                    : #1665380027328 | took 0ms | statement | connection 25| url jdbc:h2:mem:ad3a9e80-f26d-4a3e-9691-17f803db5723
insert into score (facility_rank, facility_score, price_rank, price_score, rank_average, surround_rank, surround_score, view_rank, view_score, score_id) values (?, ?, ?, ?, ?, ?, ?, ?, ?, ?)
insert into score (facility_rank, facility_score, price_rank, price_score, rank_average, surround_rank, surround_score, view_rank, view_score, score_id) values (9.238233361649987, 0.7439885276554059, 5.326815240915139, 7.145757906706642, 9.14286252930614, 1.9059705961155748, 0.8543360659018551, 5.7397923537679425, 5.525012870935018, 517);
2022-10-10 14:33:47.328  INFO 4460 --- [    Test worker] p6spy                                    : #1665380027328 | took 0ms | statement | connection 25| url jdbc:h2:mem:ad3a9e80-f26d-4a3e-9691-17f803db5723
insert into picture (spot_id, url, picture_id) values (?, ?, ?)
insert into picture (spot_id, url, picture_id) values (NULL, 'java.io.StringReader@60ba6a66', 2121);
2022-10-10 14:33:47.328  INFO 4460 --- [    Test worker] p6spy                                    : #1665380027328 | took 0ms | statement | connection 25| url jdbc:h2:mem:ad3a9e80-f26d-4a3e-9691-17f803db5723
insert into picture (spot_id, url, picture_id) values (?, ?, ?)
insert into picture (spot_id, url, picture_id) values (NULL, 'java.io.StringReader@630cae95', 2122);
2022-10-10 14:33:47.328  INFO 4460 --- [    Test worker] p6spy                                    : #1665380027328 | took 0ms | statement | connection 25| url jdbc:h2:mem:ad3a9e80-f26d-4a3e-9691-17f803db5723
insert into picture (spot_id, url, picture_id) values (?, ?, ?)
insert into picture (spot_id, url, picture_id) values (NULL, 'java.io.StringReader@1905e2e5', 2123);
2022-10-10 14:33:47.328  INFO 4460 --- [    Test worker] p6spy                                    : #1665380027328 | took 0ms | statement | connection 25| url jdbc:h2:mem:ad3a9e80-f26d-4a3e-9691-17f803db5723
insert into spot (address, description, location, name, score_id, spot_id) values (?, ?, ?, ?, ?, ?)
insert into spot (address, description, location, name, score_id, spot_id) values (NULL, NULL, 'Aewol_eup', NULL, 517, 583);
2022-10-10 14:33:47.328  INFO 4460 --- [    Test worker] p6spy                                    : #1665380027328 | took 0ms | statement | connection 25| url jdbc:h2:mem:ad3a9e80-f26d-4a3e-9691-17f803db5723
insert into member_spot (member_id, score, spot_id, member_spot_id) values (?, ?, ?, ?)
insert into member_spot (member_id, score, spot_id, member_spot_id) values (19, 0.0, 583, 2124);
2022-10-10 14:33:47.328  INFO 4460 --- [    Test worker] p6spy                                    : #1665380027328 | took 0ms | statement | connection 25| url jdbc:h2:mem:ad3a9e80-f26d-4a3e-9691-17f803db5723
insert into review (content, spot_id, review_id) values (?, ?, ?)
insert into review (content, spot_id, review_id) values ('java.io.StringReader@36a750d4', 569, 519);
2022-10-10 14:33:47.328  INFO 4460 --- [    Test worker] p6spy                                    : #1665380027328 | took 0ms | statement | connection 25| url jdbc:h2:mem:ad3a9e80-f26d-4a3e-9691-17f803db5723
insert into favorite_spot (count, favorite_id, spot_id, favorite_spot_id) values (?, ?, ?, ?)
insert into favorite_spot (count, favorite_id, spot_id, favorite_spot_id) values (0, 39, 583, 428);
2022-10-10 14:33:47.328  INFO 4460 --- [    Test worker] p6spy                                    : #1665380027328 | took 0ms | statement | connection 25| url jdbc:h2:mem:ad3a9e80-f26d-4a3e-9691-17f803db5723
insert into score (facility_rank, facility_score, price_rank, price_score, rank_average, surround_rank, surround_score, view_rank, view_score, score_id) values (?, ?, ?, ?, ?, ?, ?, ?, ?, ?)
insert into score (facility_rank, facility_score, price_rank, price_score, rank_average, surround_rank, surround_score, view_rank, view_score, score_id) values (6.905514479457003, 8.773780051197857, 6.2524160419973125, 7.658623233326228, 3.5765554830022763, 0.2571637561490925, 6.936717599579518, 1.977670068493984, 9.527801657708936, 518);
2022-10-10 14:33:47.328  INFO 4460 --- [    Test worker] p6spy                                    : #1665380027328 | took 0ms | statement | connection 25| url jdbc:h2:mem:ad3a9e80-f26d-4a3e-9691-17f803db5723
insert into picture (spot_id, url, picture_id) values (?, ?, ?)
insert into picture (spot_id, url, picture_id) values (NULL, 'java.io.StringReader@6edd90b5', 2125);
2022-10-10 14:33:47.328  INFO 4460 --- [    Test worker] p6spy                                    : #1665380027328 | took 0ms | statement | connection 25| url jdbc:h2:mem:ad3a9e80-f26d-4a3e-9691-17f803db5723
insert into picture (spot_id, url, picture_id) values (?, ?, ?)
insert into picture (spot_id, url, picture_id) values (NULL, 'java.io.StringReader@3c9c227f', 2126);
2022-10-10 14:33:47.328  INFO 4460 --- [    Test worker] p6spy                                    : #1665380027328 | took 0ms | statement | connection 25| url jdbc:h2:mem:ad3a9e80-f26d-4a3e-9691-17f803db5723
insert into picture (spot_id, url, picture_id) values (?, ?, ?)
insert into picture (spot_id, url, picture_id) values (NULL, 'java.io.StringReader@5a093bc', 2127);
2022-10-10 14:33:47.328  INFO 4460 --- [    Test worker] p6spy                                    : #1665380027328 | took 0ms | statement | connection 25| url jdbc:h2:mem:ad3a9e80-f26d-4a3e-9691-17f803db5723
insert into spot (address, description, location, name, score_id, spot_id) values (?, ?, ?, ?, ?, ?)
insert into spot (address, description, location, name, score_id, spot_id) values (NULL, NULL, 'Aewol_eup', NULL, 518, 584);
2022-10-10 14:33:47.328  INFO 4460 --- [    Test worker] p6spy                                    : #1665380027328 | took 0ms | statement | connection 25| url jdbc:h2:mem:ad3a9e80-f26d-4a3e-9691-17f803db5723
insert into member_spot (member_id, score, spot_id, member_spot_id) values (?, ?, ?, ?)
insert into member_spot (member_id, score, spot_id, member_spot_id) values (19, 0.0, 584, 2128);
2022-10-10 14:33:47.328  INFO 4460 --- [    Test worker] p6spy                                    : #1665380027328 | took 0ms | statement | connection 25| url jdbc:h2:mem:ad3a9e80-f26d-4a3e-9691-17f803db5723
insert into review (content, spot_id, review_id) values (?, ?, ?)
insert into review (content, spot_id, review_id) values ('java.io.StringReader@302424ac', 569, 520);
2022-10-10 14:33:47.328  INFO 4460 --- [    Test worker] p6spy                                    : #1665380027328 | took 0ms | statement | connection 25| url jdbc:h2:mem:ad3a9e80-f26d-4a3e-9691-17f803db5723
insert into score (facility_rank, facility_score, price_rank, price_score, rank_average, surround_rank, surround_score, view_rank, view_score, score_id) values (?, ?, ?, ?, ?, ?, ?, ?, ?, ?)
insert into score (facility_rank, facility_score, price_rank, price_score, rank_average, surround_rank, surround_score, view_rank, view_score, score_id) values (2.0250292574921156, 6.920977406282125, 5.736579879075409, 2.7687152385624825, 2.7637652067987393, 5.82574685433352, 6.6868666263989525, 0.5371677028222266, 3.585978480212354, 519);
2022-10-10 14:33:47.328  INFO 4460 --- [    Test worker] p6spy                                    : #1665380027328 | took 0ms | statement | connection 25| url jdbc:h2:mem:ad3a9e80-f26d-4a3e-9691-17f803db5723
insert into picture (spot_id, url, picture_id) values (?, ?, ?)
insert into picture (spot_id, url, picture_id) values (NULL, 'java.io.StringReader@3058799e', 2129);
2022-10-10 14:33:47.329  INFO 4460 --- [    Test worker] p6spy                                    : #1665380027329 | took 0ms | statement | connection 25| url jdbc:h2:mem:ad3a9e80-f26d-4a3e-9691-17f803db5723
insert into picture (spot_id, url, picture_id) values (?, ?, ?)
insert into picture (spot_id, url, picture_id) values (NULL, 'java.io.StringReader@64ef558f', 2130);
2022-10-10 14:33:47.329  INFO 4460 --- [    Test worker] p6spy                                    : #1665380027329 | took 0ms | statement | connection 25| url jdbc:h2:mem:ad3a9e80-f26d-4a3e-9691-17f803db5723
insert into picture (spot_id, url, picture_id) values (?, ?, ?)
insert into picture (spot_id, url, picture_id) values (NULL, 'java.io.StringReader@70b51448', 2131);
2022-10-10 14:33:47.329  INFO 4460 --- [    Test worker] p6spy                                    : #1665380027329 | took 0ms | statement | connection 25| url jdbc:h2:mem:ad3a9e80-f26d-4a3e-9691-17f803db5723
insert into spot (address, description, location, name, score_id, spot_id) values (?, ?, ?, ?, ?, ?)
insert into spot (address, description, location, name, score_id, spot_id) values (NULL, NULL, 'Aewol_eup', NULL, 519, 585);
2022-10-10 14:33:47.329  INFO 4460 --- [    Test worker] p6spy                                    : #1665380027329 | took 0ms | statement | connection 25| url jdbc:h2:mem:ad3a9e80-f26d-4a3e-9691-17f803db5723
insert into member_spot (member_id, score, spot_id, member_spot_id) values (?, ?, ?, ?)
insert into member_spot (member_id, score, spot_id, member_spot_id) values (19, 0.0, 585, 2132);
2022-10-10 14:33:47.329  INFO 4460 --- [    Test worker] p6spy                                    : #1665380027329 | took 0ms | statement | connection 25| url jdbc:h2:mem:ad3a9e80-f26d-4a3e-9691-17f803db5723
insert into review (content, spot_id, review_id) values (?, ?, ?)
insert into review (content, spot_id, review_id) values ('java.io.StringReader@201bd770', 569, 521);
2022-10-10 14:33:47.329  INFO 4460 --- [    Test worker] p6spy                                    : #1665380027329 | took 0ms | statement | connection 25| url jdbc:h2:mem:ad3a9e80-f26d-4a3e-9691-17f803db5723
insert into favorite_spot (count, favorite_id, spot_id, favorite_spot_id) values (?, ?, ?, ?)
insert into favorite_spot (count, favorite_id, spot_id, favorite_spot_id) values (0, 39, 585, 429);
2022-10-10 14:33:47.329  INFO 4460 --- [    Test worker] p6spy                                    : #1665380027329 | took 0ms | statement | connection 25| url jdbc:h2:mem:ad3a9e80-f26d-4a3e-9691-17f803db5723
insert into score (facility_rank, facility_score, price_rank, price_score, rank_average, surround_rank, surround_score, view_rank, view_score, score_id) values (?, ?, ?, ?, ?, ?, ?, ?, ?, ?)
insert into score (facility_rank, facility_score, price_rank, price_score, rank_average, surround_rank, surround_score, view_rank, view_score, score_id) values (0.8032049136111097, 4.3864579557150805, 7.2176818234445905, 3.968807966600043, 9.797973302584692, 4.792049404893612, 5.1454349119861496, 2.6278326862358394, 4.204004713064805, 520);
2022-10-10 14:33:47.329  INFO 4460 --- [    Test worker] p6spy                                    : #1665380027329 | took 0ms | statement | connection 25| url jdbc:h2:mem:ad3a9e80-f26d-4a3e-9691-17f803db5723
insert into picture (spot_id, url, picture_id) values (?, ?, ?)
insert into picture (spot_id, url, picture_id) values (NULL, 'java.io.StringReader@57ba5be', 2133);
2022-10-10 14:33:47.329  INFO 4460 --- [    Test worker] p6spy                                    : #1665380027329 | took 0ms | statement | connection 25| url jdbc:h2:mem:ad3a9e80-f26d-4a3e-9691-17f803db5723
insert into picture (spot_id, url, picture_id) values (?, ?, ?)
insert into picture (spot_id, url, picture_id) values (NULL, 'java.io.StringReader@72f689bc', 2134);
2022-10-10 14:33:47.329  INFO 4460 --- [    Test worker] p6spy                                    : #1665380027329 | took 0ms | statement | connection 25| url jdbc:h2:mem:ad3a9e80-f26d-4a3e-9691-17f803db5723
insert into picture (spot_id, url, picture_id) values (?, ?, ?)
insert into picture (spot_id, url, picture_id) values (NULL, 'java.io.StringReader@d78c66', 2135);
2022-10-10 14:33:47.329  INFO 4460 --- [    Test worker] p6spy                                    : #1665380027329 | took 0ms | statement | connection 25| url jdbc:h2:mem:ad3a9e80-f26d-4a3e-9691-17f803db5723
insert into spot (address, description, location, name, score_id, spot_id) values (?, ?, ?, ?, ?, ?)
insert into spot (address, description, location, name, score_id, spot_id) values (NULL, NULL, 'Aewol_eup', NULL, 520, 586);
2022-10-10 14:33:47.329  INFO 4460 --- [    Test worker] p6spy                                    : #1665380027329 | took 0ms | statement | connection 25| url jdbc:h2:mem:ad3a9e80-f26d-4a3e-9691-17f803db5723
insert into member_spot (member_id, score, spot_id, member_spot_id) values (?, ?, ?, ?)
insert into member_spot (member_id, score, spot_id, member_spot_id) values (19, 0.0, 586, 2136);
2022-10-10 14:33:47.329  INFO 4460 --- [    Test worker] p6spy                                    : #1665380027329 | took 0ms | statement | connection 25| url jdbc:h2:mem:ad3a9e80-f26d-4a3e-9691-17f803db5723
insert into review (content, spot_id, review_id) values (?, ?, ?)
insert into review (content, spot_id, review_id) values ('java.io.StringReader@6fe914c6', 569, 522);
2022-10-10 14:33:47.329  INFO 4460 --- [    Test worker] p6spy                                    : #1665380027329 | took 0ms | statement | connection 25| url jdbc:h2:mem:ad3a9e80-f26d-4a3e-9691-17f803db5723
insert into score (facility_rank, facility_score, price_rank, price_score, rank_average, surround_rank, surround_score, view_rank, view_score, score_id) values (?, ?, ?, ?, ?, ?, ?, ?, ?, ?)
insert into score (facility_rank, facility_score, price_rank, price_score, rank_average, surround_rank, surround_score, view_rank, view_score, score_id) values (7.273989102243177, 6.836403875645498, 3.883275627832484, 6.502678637672053, 6.316972343950846, 0.7241874180939711, 2.7932510406917155, 6.361548107328018, 8.996131663891136, 521);
2022-10-10 14:33:47.329  INFO 4460 --- [    Test worker] p6spy                                    : #1665380027329 | took 0ms | statement | connection 25| url jdbc:h2:mem:ad3a9e80-f26d-4a3e-9691-17f803db5723
insert into picture (spot_id, url, picture_id) values (?, ?, ?)
insert into picture (spot_id, url, picture_id) values (NULL, 'java.io.StringReader@5c1a2cee', 2137);
2022-10-10 14:33:47.329  INFO 4460 --- [    Test worker] p6spy                                    : #1665380027329 | took 0ms | statement | connection 25| url jdbc:h2:mem:ad3a9e80-f26d-4a3e-9691-17f803db5723
insert into picture (spot_id, url, picture_id) values (?, ?, ?)
insert into picture (spot_id, url, picture_id) values (NULL, 'java.io.StringReader@5288077e', 2138);
2022-10-10 14:33:47.329  INFO 4460 --- [    Test worker] p6spy                                    : #1665380027329 | took 0ms | statement | connection 25| url jdbc:h2:mem:ad3a9e80-f26d-4a3e-9691-17f803db5723
insert into picture (spot_id, url, picture_id) values (?, ?, ?)
insert into picture (spot_id, url, picture_id) values (NULL, 'java.io.StringReader@7c79aaba', 2139);
2022-10-10 14:33:47.329  INFO 4460 --- [    Test worker] p6spy                                    : #1665380027329 | took 0ms | statement | connection 25| url jdbc:h2:mem:ad3a9e80-f26d-4a3e-9691-17f803db5723
insert into spot (address, description, location, name, score_id, spot_id) values (?, ?, ?, ?, ?, ?)
insert into spot (address, description, location, name, score_id, spot_id) values (NULL, NULL, 'Aewol_eup', NULL, 521, 587);
2022-10-10 14:33:47.329  INFO 4460 --- [    Test worker] p6spy                                    : #1665380027329 | took 0ms | statement | connection 25| url jdbc:h2:mem:ad3a9e80-f26d-4a3e-9691-17f803db5723
insert into member_spot (member_id, score, spot_id, member_spot_id) values (?, ?, ?, ?)
insert into member_spot (member_id, score, spot_id, member_spot_id) values (19, 0.0, 587, 2140);
2022-10-10 14:33:47.329  INFO 4460 --- [    Test worker] p6spy                                    : #1665380027329 | took 0ms | statement | connection 25| url jdbc:h2:mem:ad3a9e80-f26d-4a3e-9691-17f803db5723
insert into review (content, spot_id, review_id) values (?, ?, ?)
insert into review (content, spot_id, review_id) values ('java.io.StringReader@75537640', 569, 523);
2022-10-10 14:33:47.329  INFO 4460 --- [    Test worker] p6spy                                    : #1665380027329 | took 0ms | statement | connection 25| url jdbc:h2:mem:ad3a9e80-f26d-4a3e-9691-17f803db5723
insert into favorite_spot (count, favorite_id, spot_id, favorite_spot_id) values (?, ?, ?, ?)
insert into favorite_spot (count, favorite_id, spot_id, favorite_spot_id) values (0, 39, 587, 430);
2022-10-10 14:33:47.329  INFO 4460 --- [    Test worker] p6spy                                    : #1665380027329 | took 0ms | statement | connection 25| url jdbc:h2:mem:ad3a9e80-f26d-4a3e-9691-17f803db5723
insert into score (facility_rank, facility_score, price_rank, price_score, rank_average, surround_rank, surround_score, view_rank, view_score, score_id) values (?, ?, ?, ?, ?, ?, ?, ?, ?, ?)
insert into score (facility_rank, facility_score, price_rank, price_score, rank_average, surround_rank, surround_score, view_rank, view_score, score_id) values (3.1420884590585816, 4.621010600398967, 4.4391600684946555, 3.8774745026470328, 4.972882490735531, 0.8955655309434107, 0.24312681187856566, 8.663964188649523, 3.1842284822278932, 522);
2022-10-10 14:33:47.329  INFO 4460 --- [    Test worker] p6spy                                    : #1665380027329 | took 0ms | statement | connection 25| url jdbc:h2:mem:ad3a9e80-f26d-4a3e-9691-17f803db5723
insert into picture (spot_id, url, picture_id) values (?, ?, ?)
insert into picture (spot_id, url, picture_id) values (NULL, 'java.io.StringReader@5d8ae8da', 2141);
2022-10-10 14:33:47.329  INFO 4460 --- [    Test worker] p6spy                                    : #1665380027329 | took 0ms | statement | connection 25| url jdbc:h2:mem:ad3a9e80-f26d-4a3e-9691-17f803db5723
insert into picture (spot_id, url, picture_id) values (?, ?, ?)
insert into picture (spot_id, url, picture_id) values (NULL, 'java.io.StringReader@72751085', 2142);
2022-10-10 14:33:47.329  INFO 4460 --- [    Test worker] p6spy                                    : #1665380027329 | took 0ms | statement | connection 25| url jdbc:h2:mem:ad3a9e80-f26d-4a3e-9691-17f803db5723
insert into picture (spot_id, url, picture_id) values (?, ?, ?)
insert into picture (spot_id, url, picture_id) values (NULL, 'java.io.StringReader@4ac46b39', 2143);
2022-10-10 14:33:47.329  INFO 4460 --- [    Test worker] p6spy                                    : #1665380027329 | took 0ms | statement | connection 25| url jdbc:h2:mem:ad3a9e80-f26d-4a3e-9691-17f803db5723
insert into spot (address, description, location, name, score_id, spot_id) values (?, ?, ?, ?, ?, ?)
insert into spot (address, description, location, name, score_id, spot_id) values (NULL, NULL, 'Aewol_eup', NULL, 522, 588);
2022-10-10 14:33:47.329  INFO 4460 --- [    Test worker] p6spy                                    : #1665380027329 | took 0ms | statement | connection 25| url jdbc:h2:mem:ad3a9e80-f26d-4a3e-9691-17f803db5723
insert into member_spot (member_id, score, spot_id, member_spot_id) values (?, ?, ?, ?)
insert into member_spot (member_id, score, spot_id, member_spot_id) values (19, 0.0, 588, 2144);
2022-10-10 14:33:47.329  INFO 4460 --- [    Test worker] p6spy                                    : #1665380027329 | took 0ms | statement | connection 25| url jdbc:h2:mem:ad3a9e80-f26d-4a3e-9691-17f803db5723
insert into review (content, spot_id, review_id) values (?, ?, ?)
insert into review (content, spot_id, review_id) values ('java.io.StringReader@2e86c629', 569, 524);
2022-10-10 14:33:47.329  INFO 4460 --- [    Test worker] p6spy                                    : #1665380027329 | took 0ms | statement | connection 25| url jdbc:h2:mem:ad3a9e80-f26d-4a3e-9691-17f803db5723
insert into score (facility_rank, facility_score, price_rank, price_score, rank_average, surround_rank, surround_score, view_rank, view_score, score_id) values (?, ?, ?, ?, ?, ?, ?, ?, ?, ?)
insert into score (facility_rank, facility_score, price_rank, price_score, rank_average, surround_rank, surround_score, view_rank, view_score, score_id) values (4.395216455864936, 8.60992813165411, 6.960530971626944, 0.20915485231526865, 4.960272412233876, 8.171914588402503, 3.4518292987155474, 5.407663131876584, 6.897145631905865, 523);
2022-10-10 14:33:47.330  INFO 4460 --- [    Test worker] p6spy                                    : #1665380027330 | took 0ms | statement | connection 25| url jdbc:h2:mem:ad3a9e80-f26d-4a3e-9691-17f803db5723
insert into picture (spot_id, url, picture_id) values (?, ?, ?)
insert into picture (spot_id, url, picture_id) values (NULL, 'java.io.StringReader@387a34ef', 2145);
2022-10-10 14:33:47.330  INFO 4460 --- [    Test worker] p6spy                                    : #1665380027330 | took 0ms | statement | connection 25| url jdbc:h2:mem:ad3a9e80-f26d-4a3e-9691-17f803db5723
insert into picture (spot_id, url, picture_id) values (?, ?, ?)
insert into picture (spot_id, url, picture_id) values (NULL, 'java.io.StringReader@26416b23', 2146);
2022-10-10 14:33:47.330  INFO 4460 --- [    Test worker] p6spy                                    : #1665380027330 | took 0ms | statement | connection 25| url jdbc:h2:mem:ad3a9e80-f26d-4a3e-9691-17f803db5723
insert into picture (spot_id, url, picture_id) values (?, ?, ?)
insert into picture (spot_id, url, picture_id) values (NULL, 'java.io.StringReader@70f0e76d', 2147);
2022-10-10 14:33:47.330  INFO 4460 --- [    Test worker] p6spy                                    : #1665380027330 | took 0ms | statement | connection 25| url jdbc:h2:mem:ad3a9e80-f26d-4a3e-9691-17f803db5723
insert into spot (address, description, location, name, score_id, spot_id) values (?, ?, ?, ?, ?, ?)
insert into spot (address, description, location, name, score_id, spot_id) values (NULL, NULL, 'Aewol_eup', NULL, 523, 589);
2022-10-10 14:33:47.330  INFO 4460 --- [    Test worker] p6spy                                    : #1665380027330 | took 0ms | statement | connection 25| url jdbc:h2:mem:ad3a9e80-f26d-4a3e-9691-17f803db5723
insert into member_spot (member_id, score, spot_id, member_spot_id) values (?, ?, ?, ?)
insert into member_spot (member_id, score, spot_id, member_spot_id) values (19, 0.0, 589, 2148);
2022-10-10 14:33:47.330  INFO 4460 --- [    Test worker] p6spy                                    : #1665380027330 | took 0ms | statement | connection 25| url jdbc:h2:mem:ad3a9e80-f26d-4a3e-9691-17f803db5723
insert into review (content, spot_id, review_id) values (?, ?, ?)
insert into review (content, spot_id, review_id) values ('java.io.StringReader@4a58af9d', 569, 525);
2022-10-10 14:33:47.330  INFO 4460 --- [    Test worker] p6spy                                    : #1665380027330 | took 0ms | statement | connection 25| url jdbc:h2:mem:ad3a9e80-f26d-4a3e-9691-17f803db5723
insert into favorite_spot (count, favorite_id, spot_id, favorite_spot_id) values (?, ?, ?, ?)
insert into favorite_spot (count, favorite_id, spot_id, favorite_spot_id) values (0, 39, 589, 431);
2022-10-10 14:33:47.330  INFO 4460 --- [    Test worker] p6spy                                    : #1665380027330 | took 0ms | statement | connection 25| url jdbc:h2:mem:ad3a9e80-f26d-4a3e-9691-17f803db5723
insert into score (facility_rank, facility_score, price_rank, price_score, rank_average, surround_rank, surround_score, view_rank, view_score, score_id) values (?, ?, ?, ?, ?, ?, ?, ?, ?, ?)
insert into score (facility_rank, facility_score, price_rank, price_score, rank_average, surround_rank, surround_score, view_rank, view_score, score_id) values (6.356801688151366, 2.5879479843257815, 7.044361334867234, 8.341412290820829, 3.2856434163234995, 3.7599132265238144, 1.555465056328983, 4.538040553868675, 7.5668083719110655, 524);
2022-10-10 14:33:47.330  INFO 4460 --- [    Test worker] p6spy                                    : #1665380027330 | took 0ms | statement | connection 25| url jdbc:h2:mem:ad3a9e80-f26d-4a3e-9691-17f803db5723
insert into picture (spot_id, url, picture_id) values (?, ?, ?)
insert into picture (spot_id, url, picture_id) values (NULL, 'java.io.StringReader@2100b19b', 2149);
2022-10-10 14:33:47.330  INFO 4460 --- [    Test worker] p6spy                                    : #1665380027330 | took 0ms | statement | connection 25| url jdbc:h2:mem:ad3a9e80-f26d-4a3e-9691-17f803db5723
insert into picture (spot_id, url, picture_id) values (?, ?, ?)
insert into picture (spot_id, url, picture_id) values (NULL, 'java.io.StringReader@4d4392c3', 2150);
2022-10-10 14:33:47.330  INFO 4460 --- [    Test worker] p6spy                                    : #1665380027330 | took 0ms | statement | connection 25| url jdbc:h2:mem:ad3a9e80-f26d-4a3e-9691-17f803db5723
insert into picture (spot_id, url, picture_id) values (?, ?, ?)
insert into picture (spot_id, url, picture_id) values (NULL, 'java.io.StringReader@38dcd4b6', 2151);
2022-10-10 14:33:47.330  INFO 4460 --- [    Test worker] p6spy                                    : #1665380027330 | took 0ms | statement | connection 25| url jdbc:h2:mem:ad3a9e80-f26d-4a3e-9691-17f803db5723
insert into spot (address, description, location, name, score_id, spot_id) values (?, ?, ?, ?, ?, ?)
insert into spot (address, description, location, name, score_id, spot_id) values (NULL, NULL, 'Aewol_eup', NULL, 524, 590);
2022-10-10 14:33:47.330  INFO 4460 --- [    Test worker] p6spy                                    : #1665380027330 | took 0ms | statement | connection 25| url jdbc:h2:mem:ad3a9e80-f26d-4a3e-9691-17f803db5723
insert into member_spot (member_id, score, spot_id, member_spot_id) values (?, ?, ?, ?)
insert into member_spot (member_id, score, spot_id, member_spot_id) values (19, 0.0, 590, 2152);
2022-10-10 14:33:47.330  INFO 4460 --- [    Test worker] p6spy                                    : #1665380027330 | took 0ms | statement | connection 25| url jdbc:h2:mem:ad3a9e80-f26d-4a3e-9691-17f803db5723
insert into review (content, spot_id, review_id) values (?, ?, ?)
insert into review (content, spot_id, review_id) values ('java.io.StringReader@35137ba5', 569, 526);
2022-10-10 14:33:47.330  INFO 4460 --- [    Test worker] p6spy                                    : #1665380027330 | took 0ms | statement | connection 25| url jdbc:h2:mem:ad3a9e80-f26d-4a3e-9691-17f803db5723
insert into score (facility_rank, facility_score, price_rank, price_score, rank_average, surround_rank, surround_score, view_rank, view_score, score_id) values (?, ?, ?, ?, ?, ?, ?, ?, ?, ?)
insert into score (facility_rank, facility_score, price_rank, price_score, rank_average, surround_rank, surround_score, view_rank, view_score, score_id) values (5.735343127839973, 3.680903419872564, 4.637357452776922, 5.250129992008688, 0.4442067239060832, 2.4185893188990715, 8.478490027073377, 6.869969058274631, 0.03834395179154626, 525);
2022-10-10 14:33:47.330  INFO 4460 --- [    Test worker] p6spy                                    : #1665380027330 | took 0ms | statement | connection 25| url jdbc:h2:mem:ad3a9e80-f26d-4a3e-9691-17f803db5723
insert into picture (spot_id, url, picture_id) values (?, ?, ?)
insert into picture (spot_id, url, picture_id) values (NULL, 'java.io.StringReader@60b4eea3', 2153);
2022-10-10 14:33:47.330  INFO 4460 --- [    Test worker] p6spy                                    : #1665380027330 | took 0ms | statement | connection 25| url jdbc:h2:mem:ad3a9e80-f26d-4a3e-9691-17f803db5723
insert into picture (spot_id, url, picture_id) values (?, ?, ?)
insert into picture (spot_id, url, picture_id) values (NULL, 'java.io.StringReader@102310f6', 2154);
2022-10-10 14:33:47.330  INFO 4460 --- [    Test worker] p6spy                                    : #1665380027330 | took 0ms | statement | connection 25| url jdbc:h2:mem:ad3a9e80-f26d-4a3e-9691-17f803db5723
insert into picture (spot_id, url, picture_id) values (?, ?, ?)
insert into picture (spot_id, url, picture_id) values (NULL, 'java.io.StringReader@4cf71e62', 2155);
2022-10-10 14:33:47.330  INFO 4460 --- [    Test worker] p6spy                                    : #1665380027330 | took 0ms | statement | connection 25| url jdbc:h2:mem:ad3a9e80-f26d-4a3e-9691-17f803db5723
insert into spot (address, description, location, name, score_id, spot_id) values (?, ?, ?, ?, ?, ?)
insert into spot (address, description, location, name, score_id, spot_id) values (NULL, NULL, 'Aewol_eup', NULL, 525, 591);
2022-10-10 14:33:47.330  INFO 4460 --- [    Test worker] p6spy                                    : #1665380027330 | took 0ms | statement | connection 25| url jdbc:h2:mem:ad3a9e80-f26d-4a3e-9691-17f803db5723
insert into member_spot (member_id, score, spot_id, member_spot_id) values (?, ?, ?, ?)
insert into member_spot (member_id, score, spot_id, member_spot_id) values (19, 0.0, 591, 2156);
2022-10-10 14:33:47.330  INFO 4460 --- [    Test worker] p6spy                                    : #1665380027330 | took 0ms | statement | connection 25| url jdbc:h2:mem:ad3a9e80-f26d-4a3e-9691-17f803db5723
insert into review (content, spot_id, review_id) values (?, ?, ?)
insert into review (content, spot_id, review_id) values ('java.io.StringReader@74991745', 569, 527);
2022-10-10 14:33:47.330  INFO 4460 --- [    Test worker] p6spy                                    : #1665380027330 | took 0ms | statement | connection 25| url jdbc:h2:mem:ad3a9e80-f26d-4a3e-9691-17f803db5723
insert into favorite_spot (count, favorite_id, spot_id, favorite_spot_id) values (?, ?, ?, ?)
insert into favorite_spot (count, favorite_id, spot_id, favorite_spot_id) values (0, 39, 591, 432);
2022-10-10 14:33:47.330  INFO 4460 --- [    Test worker] p6spy                                    : #1665380027330 | took 0ms | statement | connection 25| url jdbc:h2:mem:ad3a9e80-f26d-4a3e-9691-17f803db5723
insert into score (facility_rank, facility_score, price_rank, price_score, rank_average, surround_rank, surround_score, view_rank, view_score, score_id) values (?, ?, ?, ?, ?, ?, ?, ?, ?, ?)
insert into score (facility_rank, facility_score, price_rank, price_score, rank_average, surround_rank, surround_score, view_rank, view_score, score_id) values (2.736942543588924, 3.0478459432678795, 8.649823283492, 4.805018507376621, 1.720474502687006, 6.814562959026932, 1.8724137685245112, 3.22093308199066, 8.580717695483397, 526);
2022-10-10 14:33:47.330  INFO 4460 --- [    Test worker] p6spy                                    : #1665380027330 | took 0ms | statement | connection 25| url jdbc:h2:mem:ad3a9e80-f26d-4a3e-9691-17f803db5723
insert into picture (spot_id, url, picture_id) values (?, ?, ?)
insert into picture (spot_id, url, picture_id) values (NULL, 'java.io.StringReader@73b14865', 2157);
2022-10-10 14:33:47.330  INFO 4460 --- [    Test worker] p6spy                                    : #1665380027330 | took 0ms | statement | connection 25| url jdbc:h2:mem:ad3a9e80-f26d-4a3e-9691-17f803db5723
insert into picture (spot_id, url, picture_id) values (?, ?, ?)
insert into picture (spot_id, url, picture_id) values (NULL, 'java.io.StringReader@1aa2c921', 2158);
2022-10-10 14:33:47.330  INFO 4460 --- [    Test worker] p6spy                                    : #1665380027330 | took 0ms | statement | connection 25| url jdbc:h2:mem:ad3a9e80-f26d-4a3e-9691-17f803db5723
insert into picture (spot_id, url, picture_id) values (?, ?, ?)
insert into picture (spot_id, url, picture_id) values (NULL, 'java.io.StringReader@21b07695', 2159);
2022-10-10 14:33:47.330  INFO 4460 --- [    Test worker] p6spy                                    : #1665380027330 | took 0ms | statement | connection 25| url jdbc:h2:mem:ad3a9e80-f26d-4a3e-9691-17f803db5723
insert into spot (address, description, location, name, score_id, spot_id) values (?, ?, ?, ?, ?, ?)
insert into spot (address, description, location, name, score_id, spot_id) values (NULL, NULL, 'Aewol_eup', NULL, 526, 592);
2022-10-10 14:33:47.330  INFO 4460 --- [    Test worker] p6spy                                    : #1665380027330 | took 0ms | statement | connection 25| url jdbc:h2:mem:ad3a9e80-f26d-4a3e-9691-17f803db5723
insert into member_spot (member_id, score, spot_id, member_spot_id) values (?, ?, ?, ?)
insert into member_spot (member_id, score, spot_id, member_spot_id) values (19, 0.0, 592, 2160);
2022-10-10 14:33:47.331  INFO 4460 --- [    Test worker] p6spy                                    : #1665380027331 | took 0ms | statement | connection 25| url jdbc:h2:mem:ad3a9e80-f26d-4a3e-9691-17f803db5723
insert into review (content, spot_id, review_id) values (?, ?, ?)
insert into review (content, spot_id, review_id) values ('java.io.StringReader@6cab7c1b', 569, 528);
2022-10-10 14:33:47.331  INFO 4460 --- [    Test worker] p6spy                                    : #1665380027331 | took 0ms | statement | connection 25| url jdbc:h2:mem:ad3a9e80-f26d-4a3e-9691-17f803db5723
insert into score (facility_rank, facility_score, price_rank, price_score, rank_average, surround_rank, surround_score, view_rank, view_score, score_id) values (?, ?, ?, ?, ?, ?, ?, ?, ?, ?)
insert into score (facility_rank, facility_score, price_rank, price_score, rank_average, surround_rank, surround_score, view_rank, view_score, score_id) values (0.16138225466801548, 4.472883281455968, 1.8450015654488794, 2.9870159686893736, 3.288629744232309, 3.1548006418857044, 9.752100734499669, 4.840894701866942, 3.0076441253007404, 527);
2022-10-10 14:33:47.331  INFO 4460 --- [    Test worker] p6spy                                    : #1665380027331 | took 0ms | statement | connection 25| url jdbc:h2:mem:ad3a9e80-f26d-4a3e-9691-17f803db5723
insert into picture (spot_id, url, picture_id) values (?, ?, ?)
insert into picture (spot_id, url, picture_id) values (NULL, 'java.io.StringReader@2785b3c8', 2161);
2022-10-10 14:33:47.331  INFO 4460 --- [    Test worker] p6spy                                    : #1665380027331 | took 0ms | statement | connection 25| url jdbc:h2:mem:ad3a9e80-f26d-4a3e-9691-17f803db5723
insert into picture (spot_id, url, picture_id) values (?, ?, ?)
insert into picture (spot_id, url, picture_id) values (NULL, 'java.io.StringReader@663517a8', 2162);
2022-10-10 14:33:47.331  INFO 4460 --- [    Test worker] p6spy                                    : #1665380027331 | took 0ms | statement | connection 25| url jdbc:h2:mem:ad3a9e80-f26d-4a3e-9691-17f803db5723
insert into picture (spot_id, url, picture_id) values (?, ?, ?)
insert into picture (spot_id, url, picture_id) values (NULL, 'java.io.StringReader@7af649e9', 2163);
2022-10-10 14:33:47.331  INFO 4460 --- [    Test worker] p6spy                                    : #1665380027331 | took 0ms | statement | connection 25| url jdbc:h2:mem:ad3a9e80-f26d-4a3e-9691-17f803db5723
insert into spot (address, description, location, name, score_id, spot_id) values (?, ?, ?, ?, ?, ?)
insert into spot (address, description, location, name, score_id, spot_id) values (NULL, NULL, 'Aewol_eup', NULL, 527, 593);
2022-10-10 14:33:47.331  INFO 4460 --- [    Test worker] p6spy                                    : #1665380027331 | took 0ms | statement | connection 25| url jdbc:h2:mem:ad3a9e80-f26d-4a3e-9691-17f803db5723
insert into member_spot (member_id, score, spot_id, member_spot_id) values (?, ?, ?, ?)
insert into member_spot (member_id, score, spot_id, member_spot_id) values (19, 0.0, 593, 2164);
2022-10-10 14:33:47.331  INFO 4460 --- [    Test worker] p6spy                                    : #1665380027331 | took 0ms | statement | connection 25| url jdbc:h2:mem:ad3a9e80-f26d-4a3e-9691-17f803db5723
insert into review (content, spot_id, review_id) values (?, ?, ?)
insert into review (content, spot_id, review_id) values ('java.io.StringReader@727d6d9e', 569, 529);
2022-10-10 14:33:47.331  INFO 4460 --- [    Test worker] p6spy                                    : #1665380027331 | took 0ms | statement | connection 25| url jdbc:h2:mem:ad3a9e80-f26d-4a3e-9691-17f803db5723
insert into favorite_spot (count, favorite_id, spot_id, favorite_spot_id) values (?, ?, ?, ?)
insert into favorite_spot (count, favorite_id, spot_id, favorite_spot_id) values (0, 39, 593, 433);
2022-10-10 14:33:47.331  INFO 4460 --- [    Test worker] p6spy                                    : #1665380027331 | took 0ms | statement | connection 25| url jdbc:h2:mem:ad3a9e80-f26d-4a3e-9691-17f803db5723
insert into score (facility_rank, facility_score, price_rank, price_score, rank_average, surround_rank, surround_score, view_rank, view_score, score_id) values (?, ?, ?, ?, ?, ?, ?, ?, ?, ?)
insert into score (facility_rank, facility_score, price_rank, price_score, rank_average, surround_rank, surround_score, view_rank, view_score, score_id) values (3.6927772916264345, 9.139820024236435, 3.5391229429919777, 5.5166236730222185, 3.000417660547927, 1.761684824732458, 4.357478611355545, 8.435725403427096, 0.39137705226516273, 528);
2022-10-10 14:33:47.331  INFO 4460 --- [    Test worker] p6spy                                    : #1665380027331 | took 0ms | statement | connection 25| url jdbc:h2:mem:ad3a9e80-f26d-4a3e-9691-17f803db5723
insert into picture (spot_id, url, picture_id) values (?, ?, ?)
insert into picture (spot_id, url, picture_id) values (NULL, 'java.io.StringReader@46e743ed', 2165);
2022-10-10 14:33:47.331  INFO 4460 --- [    Test worker] p6spy                                    : #1665380027331 | took 0ms | statement | connection 25| url jdbc:h2:mem:ad3a9e80-f26d-4a3e-9691-17f803db5723
insert into picture (spot_id, url, picture_id) values (?, ?, ?)
insert into picture (spot_id, url, picture_id) values (NULL, 'java.io.StringReader@572a6f7', 2166);
2022-10-10 14:33:47.331  INFO 4460 --- [    Test worker] p6spy                                    : #1665380027331 | took 0ms | statement | connection 25| url jdbc:h2:mem:ad3a9e80-f26d-4a3e-9691-17f803db5723
insert into picture (spot_id, url, picture_id) values (?, ?, ?)
insert into picture (spot_id, url, picture_id) values (NULL, 'java.io.StringReader@bb1e51', 2167);
2022-10-10 14:33:47.331  INFO 4460 --- [    Test worker] p6spy                                    : #1665380027331 | took 0ms | statement | connection 25| url jdbc:h2:mem:ad3a9e80-f26d-4a3e-9691-17f803db5723
insert into spot (address, description, location, name, score_id, spot_id) values (?, ?, ?, ?, ?, ?)
insert into spot (address, description, location, name, score_id, spot_id) values (NULL, NULL, 'Aewol_eup', NULL, 528, 594);
2022-10-10 14:33:47.331  INFO 4460 --- [    Test worker] p6spy                                    : #1665380027331 | took 0ms | statement | connection 25| url jdbc:h2:mem:ad3a9e80-f26d-4a3e-9691-17f803db5723
insert into member_spot (member_id, score, spot_id, member_spot_id) values (?, ?, ?, ?)
insert into member_spot (member_id, score, spot_id, member_spot_id) values (19, 0.0, 594, 2168);
2022-10-10 14:33:47.331  INFO 4460 --- [    Test worker] p6spy                                    : #1665380027331 | took 0ms | statement | connection 25| url jdbc:h2:mem:ad3a9e80-f26d-4a3e-9691-17f803db5723
insert into review (content, spot_id, review_id) values (?, ?, ?)
insert into review (content, spot_id, review_id) values ('java.io.StringReader@7b824ddc', 569, 530);
2022-10-10 14:33:47.331  INFO 4460 --- [    Test worker] p6spy                                    : #1665380027331 | took 0ms | statement | connection 25| url jdbc:h2:mem:ad3a9e80-f26d-4a3e-9691-17f803db5723
insert into score (facility_rank, facility_score, price_rank, price_score, rank_average, surround_rank, surround_score, view_rank, view_score, score_id) values (?, ?, ?, ?, ?, ?, ?, ?, ?, ?)
insert into score (facility_rank, facility_score, price_rank, price_score, rank_average, surround_rank, surround_score, view_rank, view_score, score_id) values (6.857037129771276, 7.3374411015218035, 1.6339725379864678, 2.839836905359392, 3.6088300275449336, 1.2059841363814827, 5.616460180343129, 8.330267707667712, 4.420148120250715, 529);
2022-10-10 14:33:47.331  INFO 4460 --- [    Test worker] p6spy                                    : #1665380027331 | took 0ms | statement | connection 25| url jdbc:h2:mem:ad3a9e80-f26d-4a3e-9691-17f803db5723
insert into picture (spot_id, url, picture_id) values (?, ?, ?)
insert into picture (spot_id, url, picture_id) values (NULL, 'java.io.StringReader@1325674c', 2169);
2022-10-10 14:33:47.331  INFO 4460 --- [    Test worker] p6spy                                    : #1665380027331 | took 0ms | statement | connection 25| url jdbc:h2:mem:ad3a9e80-f26d-4a3e-9691-17f803db5723
insert into picture (spot_id, url, picture_id) values (?, ?, ?)
insert into picture (spot_id, url, picture_id) values (NULL, 'java.io.StringReader@7894cf92', 2170);
2022-10-10 14:33:47.331  INFO 4460 --- [    Test worker] p6spy                                    : #1665380027331 | took 0ms | statement | connection 25| url jdbc:h2:mem:ad3a9e80-f26d-4a3e-9691-17f803db5723
insert into picture (spot_id, url, picture_id) values (?, ?, ?)
insert into picture (spot_id, url, picture_id) values (NULL, 'java.io.StringReader@62fb4905', 2171);
2022-10-10 14:33:47.331  INFO 4460 --- [    Test worker] p6spy                                    : #1665380027331 | took 0ms | statement | connection 25| url jdbc:h2:mem:ad3a9e80-f26d-4a3e-9691-17f803db5723
insert into spot (address, description, location, name, score_id, spot_id) values (?, ?, ?, ?, ?, ?)
insert into spot (address, description, location, name, score_id, spot_id) values (NULL, NULL, 'Aewol_eup', NULL, 529, 595);
2022-10-10 14:33:47.331  INFO 4460 --- [    Test worker] p6spy                                    : #1665380027331 | took 0ms | statement | connection 25| url jdbc:h2:mem:ad3a9e80-f26d-4a3e-9691-17f803db5723
insert into member_spot (member_id, score, spot_id, member_spot_id) values (?, ?, ?, ?)
insert into member_spot (member_id, score, spot_id, member_spot_id) values (19, 0.0, 595, 2172);
2022-10-10 14:33:47.331  INFO 4460 --- [    Test worker] p6spy                                    : #1665380027331 | took 0ms | statement | connection 25| url jdbc:h2:mem:ad3a9e80-f26d-4a3e-9691-17f803db5723
insert into review (content, spot_id, review_id) values (?, ?, ?)
insert into review (content, spot_id, review_id) values ('java.io.StringReader@6143a41d', 569, 531);
2022-10-10 14:33:47.331  INFO 4460 --- [    Test worker] p6spy                                    : #1665380027331 | took 0ms | statement | connection 25| url jdbc:h2:mem:ad3a9e80-f26d-4a3e-9691-17f803db5723
insert into favorite_spot (count, favorite_id, spot_id, favorite_spot_id) values (?, ?, ?, ?)
insert into favorite_spot (count, favorite_id, spot_id, favorite_spot_id) values (0, 39, 595, 434);
2022-10-10 14:33:47.331  INFO 4460 --- [    Test worker] p6spy                                    : #1665380027331 | took 0ms | statement | connection 25| url jdbc:h2:mem:ad3a9e80-f26d-4a3e-9691-17f803db5723
insert into score (facility_rank, facility_score, price_rank, price_score, rank_average, surround_rank, surround_score, view_rank, view_score, score_id) values (?, ?, ?, ?, ?, ?, ?, ?, ?, ?)
insert into score (facility_rank, facility_score, price_rank, price_score, rank_average, surround_rank, surround_score, view_rank, view_score, score_id) values (1.775464996325482, 2.4582438545809437, 2.6498213507555812, 6.459495116216491, 5.724366524121203, 2.6430252222318016, 6.501395775306692, 4.99797026704954, 0.3598433059423689, 530);
2022-10-10 14:33:47.331  INFO 4460 --- [    Test worker] p6spy                                    : #1665380027331 | took 0ms | statement | connection 25| url jdbc:h2:mem:ad3a9e80-f26d-4a3e-9691-17f803db5723
insert into picture (spot_id, url, picture_id) values (?, ?, ?)
insert into picture (spot_id, url, picture_id) values (NULL, 'java.io.StringReader@100c57c9', 2173);
2022-10-10 14:33:47.331  INFO 4460 --- [    Test worker] p6spy                                    : #1665380027331 | took 0ms | statement | connection 25| url jdbc:h2:mem:ad3a9e80-f26d-4a3e-9691-17f803db5723
insert into picture (spot_id, url, picture_id) values (?, ?, ?)
insert into picture (spot_id, url, picture_id) values (NULL, 'java.io.StringReader@4fc20ae9', 2174);
2022-10-10 14:33:47.331  INFO 4460 --- [    Test worker] p6spy                                    : #1665380027331 | took 0ms | statement | connection 25| url jdbc:h2:mem:ad3a9e80-f26d-4a3e-9691-17f803db5723
insert into picture (spot_id, url, picture_id) values (?, ?, ?)
insert into picture (spot_id, url, picture_id) values (NULL, 'java.io.StringReader@7b73e93', 2175);
2022-10-10 14:33:47.331  INFO 4460 --- [    Test worker] p6spy                                    : #1665380027331 | took 0ms | statement | connection 25| url jdbc:h2:mem:ad3a9e80-f26d-4a3e-9691-17f803db5723
insert into spot (address, description, location, name, score_id, spot_id) values (?, ?, ?, ?, ?, ?)
insert into spot (address, description, location, name, score_id, spot_id) values (NULL, NULL, 'Aewol_eup', NULL, 530, 596);
2022-10-10 14:33:47.331  INFO 4460 --- [    Test worker] p6spy                                    : #1665380027331 | took 0ms | statement | connection 25| url jdbc:h2:mem:ad3a9e80-f26d-4a3e-9691-17f803db5723
insert into member_spot (member_id, score, spot_id, member_spot_id) values (?, ?, ?, ?)
insert into member_spot (member_id, score, spot_id, member_spot_id) values (19, 0.0, 596, 2176);
2022-10-10 14:33:47.331  INFO 4460 --- [    Test worker] p6spy                                    : #1665380027331 | took 0ms | statement | connection 25| url jdbc:h2:mem:ad3a9e80-f26d-4a3e-9691-17f803db5723
insert into review (content, spot_id, review_id) values (?, ?, ?)
insert into review (content, spot_id, review_id) values ('java.io.StringReader@12ae85b3', 569, 532);
2022-10-10 14:33:47.331  INFO 4460 --- [    Test worker] p6spy                                    : #1665380027331 | took 0ms | statement | connection 25| url jdbc:h2:mem:ad3a9e80-f26d-4a3e-9691-17f803db5723
insert into score (facility_rank, facility_score, price_rank, price_score, rank_average, surround_rank, surround_score, view_rank, view_score, score_id) values (?, ?, ?, ?, ?, ?, ?, ?, ?, ?)
insert into score (facility_rank, facility_score, price_rank, price_score, rank_average, surround_rank, surround_score, view_rank, view_score, score_id) values (6.948359436540631, 0.7136593585900741, 1.707408345798097, 3.91578777201547, 3.6745080278956834, 8.276155719441448, 8.39706275722538, 9.905144602674556, 6.173212102277967, 531);
2022-10-10 14:33:47.332  INFO 4460 --- [    Test worker] p6spy                                    : #1665380027332 | took 0ms | statement | connection 25| url jdbc:h2:mem:ad3a9e80-f26d-4a3e-9691-17f803db5723
insert into picture (spot_id, url, picture_id) values (?, ?, ?)
insert into picture (spot_id, url, picture_id) values (NULL, 'java.io.StringReader@3d32399a', 2177);
2022-10-10 14:33:47.332  INFO 4460 --- [    Test worker] p6spy                                    : #1665380027332 | took 0ms | statement | connection 25| url jdbc:h2:mem:ad3a9e80-f26d-4a3e-9691-17f803db5723
insert into picture (spot_id, url, picture_id) values (?, ?, ?)
insert into picture (spot_id, url, picture_id) values (NULL, 'java.io.StringReader@6f099dae', 2178);
2022-10-10 14:33:47.332  INFO 4460 --- [    Test worker] p6spy                                    : #1665380027332 | took 0ms | statement | connection 25| url jdbc:h2:mem:ad3a9e80-f26d-4a3e-9691-17f803db5723
insert into picture (spot_id, url, picture_id) values (?, ?, ?)
insert into picture (spot_id, url, picture_id) values (NULL, 'java.io.StringReader@83f6f50', 2179);
2022-10-10 14:33:47.332  INFO 4460 --- [    Test worker] p6spy                                    : #1665380027332 | took 0ms | statement | connection 25| url jdbc:h2:mem:ad3a9e80-f26d-4a3e-9691-17f803db5723
insert into spot (address, description, location, name, score_id, spot_id) values (?, ?, ?, ?, ?, ?)
insert into spot (address, description, location, name, score_id, spot_id) values (NULL, NULL, 'Aewol_eup', NULL, 531, 597);
2022-10-10 14:33:47.332  INFO 4460 --- [    Test worker] p6spy                                    : #1665380027332 | took 0ms | statement | connection 25| url jdbc:h2:mem:ad3a9e80-f26d-4a3e-9691-17f803db5723
insert into member_spot (member_id, score, spot_id, member_spot_id) values (?, ?, ?, ?)
insert into member_spot (member_id, score, spot_id, member_spot_id) values (19, 0.0, 597, 2180);
2022-10-10 14:33:47.332  INFO 4460 --- [    Test worker] p6spy                                    : #1665380027332 | took 0ms | statement | connection 25| url jdbc:h2:mem:ad3a9e80-f26d-4a3e-9691-17f803db5723
insert into review (content, spot_id, review_id) values (?, ?, ?)
insert into review (content, spot_id, review_id) values ('java.io.StringReader@29deeaea', 569, 533);
2022-10-10 14:33:47.332  INFO 4460 --- [    Test worker] p6spy                                    : #1665380027332 | took 0ms | statement | connection 25| url jdbc:h2:mem:ad3a9e80-f26d-4a3e-9691-17f803db5723
insert into favorite_spot (count, favorite_id, spot_id, favorite_spot_id) values (?, ?, ?, ?)
insert into favorite_spot (count, favorite_id, spot_id, favorite_spot_id) values (0, 39, 597, 435);
2022-10-10 14:33:47.332  INFO 4460 --- [    Test worker] p6spy                                    : #1665380027332 | took 0ms | statement | connection 25| url jdbc:h2:mem:ad3a9e80-f26d-4a3e-9691-17f803db5723
insert into score (facility_rank, facility_score, price_rank, price_score, rank_average, surround_rank, surround_score, view_rank, view_score, score_id) values (?, ?, ?, ?, ?, ?, ?, ?, ?, ?)
insert into score (facility_rank, facility_score, price_rank, price_score, rank_average, surround_rank, surround_score, view_rank, view_score, score_id) values (1.780548026310319, 5.834114221091165, 0.5987316792330677, 7.2067133552582945, 2.961470399879711, 7.868061918457324, 9.453240156207038, 1.9407879713949772, 8.61984627086128, 532);
2022-10-10 14:33:47.332  INFO 4460 --- [    Test worker] p6spy                                    : #1665380027332 | took 0ms | statement | connection 25| url jdbc:h2:mem:ad3a9e80-f26d-4a3e-9691-17f803db5723
insert into picture (spot_id, url, picture_id) values (?, ?, ?)
insert into picture (spot_id, url, picture_id) values (NULL, 'java.io.StringReader@57c620ee', 2181);
2022-10-10 14:33:47.332  INFO 4460 --- [    Test worker] p6spy                                    : #1665380027332 | took 0ms | statement | connection 25| url jdbc:h2:mem:ad3a9e80-f26d-4a3e-9691-17f803db5723
insert into picture (spot_id, url, picture_id) values (?, ?, ?)
insert into picture (spot_id, url, picture_id) values (NULL, 'java.io.StringReader@3b458a81', 2182);
2022-10-10 14:33:47.332  INFO 4460 --- [    Test worker] p6spy                                    : #1665380027332 | took 0ms | statement | connection 25| url jdbc:h2:mem:ad3a9e80-f26d-4a3e-9691-17f803db5723
insert into picture (spot_id, url, picture_id) values (?, ?, ?)
insert into picture (spot_id, url, picture_id) values (NULL, 'java.io.StringReader@123ab05d', 2183);
2022-10-10 14:33:47.332  INFO 4460 --- [    Test worker] p6spy                                    : #1665380027332 | took 0ms | statement | connection 25| url jdbc:h2:mem:ad3a9e80-f26d-4a3e-9691-17f803db5723
insert into spot (address, description, location, name, score_id, spot_id) values (?, ?, ?, ?, ?, ?)
insert into spot (address, description, location, name, score_id, spot_id) values (NULL, NULL, 'Aewol_eup', NULL, 532, 598);
2022-10-10 14:33:47.332  INFO 4460 --- [    Test worker] p6spy                                    : #1665380027332 | took 0ms | statement | connection 25| url jdbc:h2:mem:ad3a9e80-f26d-4a3e-9691-17f803db5723
insert into member_spot (member_id, score, spot_id, member_spot_id) values (?, ?, ?, ?)
insert into member_spot (member_id, score, spot_id, member_spot_id) values (19, 0.0, 598, 2184);
2022-10-10 14:33:47.332  INFO 4460 --- [    Test worker] p6spy                                    : #1665380027332 | took 0ms | statement | connection 25| url jdbc:h2:mem:ad3a9e80-f26d-4a3e-9691-17f803db5723
insert into review (content, spot_id, review_id) values (?, ?, ?)
insert into review (content, spot_id, review_id) values ('java.io.StringReader@314b7629', 569, 534);
2022-10-10 14:33:47.332  INFO 4460 --- [    Test worker] p6spy                                    : #1665380027332 | took 0ms | statement | connection 25| url jdbc:h2:mem:ad3a9e80-f26d-4a3e-9691-17f803db5723
insert into score (facility_rank, facility_score, price_rank, price_score, rank_average, surround_rank, surround_score, view_rank, view_score, score_id) values (?, ?, ?, ?, ?, ?, ?, ?, ?, ?)
insert into score (facility_rank, facility_score, price_rank, price_score, rank_average, surround_rank, surround_score, view_rank, view_score, score_id) values (5.008410381683303, 7.8011655229603125, 8.021250733203704, 9.836248004702906, 4.7647188136822916, 3.497684137666753, 8.648825802665513, 3.690288960292941, 7.414975270544177, 533);
2022-10-10 14:33:47.332  INFO 4460 --- [    Test worker] p6spy                                    : #1665380027332 | took 0ms | statement | connection 25| url jdbc:h2:mem:ad3a9e80-f26d-4a3e-9691-17f803db5723
insert into picture (spot_id, url, picture_id) values (?, ?, ?)
insert into picture (spot_id, url, picture_id) values (NULL, 'java.io.StringReader@5fc7ae34', 2185);
2022-10-10 14:33:47.332  INFO 4460 --- [    Test worker] p6spy                                    : #1665380027332 | took 0ms | statement | connection 25| url jdbc:h2:mem:ad3a9e80-f26d-4a3e-9691-17f803db5723
insert into picture (spot_id, url, picture_id) values (?, ?, ?)
insert into picture (spot_id, url, picture_id) values (NULL, 'java.io.StringReader@59fc31a', 2186);
2022-10-10 14:33:47.332  INFO 4460 --- [    Test worker] p6spy                                    : #1665380027332 | took 0ms | statement | connection 25| url jdbc:h2:mem:ad3a9e80-f26d-4a3e-9691-17f803db5723
insert into picture (spot_id, url, picture_id) values (?, ?, ?)
insert into picture (spot_id, url, picture_id) values (NULL, 'java.io.StringReader@4b4d64e6', 2187);
2022-10-10 14:33:47.332  INFO 4460 --- [    Test worker] p6spy                                    : #1665380027332 | took 0ms | statement | connection 25| url jdbc:h2:mem:ad3a9e80-f26d-4a3e-9691-17f803db5723
insert into spot (address, description, location, name, score_id, spot_id) values (?, ?, ?, ?, ?, ?)
insert into spot (address, description, location, name, score_id, spot_id) values (NULL, NULL, 'Aewol_eup', NULL, 533, 599);
2022-10-10 14:33:47.332  INFO 4460 --- [    Test worker] p6spy                                    : #1665380027332 | took 0ms | statement | connection 25| url jdbc:h2:mem:ad3a9e80-f26d-4a3e-9691-17f803db5723
insert into member_spot (member_id, score, spot_id, member_spot_id) values (?, ?, ?, ?)
insert into member_spot (member_id, score, spot_id, member_spot_id) values (19, 0.0, 599, 2188);
2022-10-10 14:33:47.332  INFO 4460 --- [    Test worker] p6spy                                    : #1665380027332 | took 0ms | statement | connection 25| url jdbc:h2:mem:ad3a9e80-f26d-4a3e-9691-17f803db5723
insert into review (content, spot_id, review_id) values (?, ?, ?)
insert into review (content, spot_id, review_id) values ('java.io.StringReader@2f274bd7', 569, 535);
2022-10-10 14:33:47.332  INFO 4460 --- [    Test worker] p6spy                                    : #1665380027332 | took 0ms | statement | connection 25| url jdbc:h2:mem:ad3a9e80-f26d-4a3e-9691-17f803db5723
insert into favorite_spot (count, favorite_id, spot_id, favorite_spot_id) values (?, ?, ?, ?)
insert into favorite_spot (count, favorite_id, spot_id, favorite_spot_id) values (0, 39, 599, 436);
2022-10-10 14:33:47.332  INFO 4460 --- [    Test worker] p6spy                                    : #1665380027332 | took 0ms | statement | connection 25| url jdbc:h2:mem:ad3a9e80-f26d-4a3e-9691-17f803db5723
insert into score (facility_rank, facility_score, price_rank, price_score, rank_average, surround_rank, surround_score, view_rank, view_score, score_id) values (?, ?, ?, ?, ?, ?, ?, ?, ?, ?)
insert into score (facility_rank, facility_score, price_rank, price_score, rank_average, surround_rank, surround_score, view_rank, view_score, score_id) values (7.248599902366669, 4.295983847585325, 7.2341699032304, 6.507844284675936, 5.650140140101792, 0.9113648019686194, 5.1648556750012355, 4.413451210794196, 0.22375648648693014, 534);
2022-10-10 14:33:47.332  INFO 4460 --- [    Test worker] p6spy                                    : #1665380027332 | took 0ms | statement | connection 25| url jdbc:h2:mem:ad3a9e80-f26d-4a3e-9691-17f803db5723
insert into picture (spot_id, url, picture_id) values (?, ?, ?)
insert into picture (spot_id, url, picture_id) values (NULL, 'java.io.StringReader@69a7866b', 2189);
2022-10-10 14:33:47.332  INFO 4460 --- [    Test worker] p6spy                                    : #1665380027332 | took 0ms | statement | connection 25| url jdbc:h2:mem:ad3a9e80-f26d-4a3e-9691-17f803db5723
insert into picture (spot_id, url, picture_id) values (?, ?, ?)
insert into picture (spot_id, url, picture_id) values (NULL, 'java.io.StringReader@272204f9', 2190);
2022-10-10 14:33:47.332  INFO 4460 --- [    Test worker] p6spy                                    : #1665380027332 | took 0ms | statement | connection 25| url jdbc:h2:mem:ad3a9e80-f26d-4a3e-9691-17f803db5723
insert into picture (spot_id, url, picture_id) values (?, ?, ?)
insert into picture (spot_id, url, picture_id) values (NULL, 'java.io.StringReader@5994c02a', 2191);
2022-10-10 14:33:47.332  INFO 4460 --- [    Test worker] p6spy                                    : #1665380027332 | took 0ms | statement | connection 25| url jdbc:h2:mem:ad3a9e80-f26d-4a3e-9691-17f803db5723
insert into spot (address, description, location, name, score_id, spot_id) values (?, ?, ?, ?, ?, ?)
insert into spot (address, description, location, name, score_id, spot_id) values (NULL, NULL, 'Aewol_eup', NULL, 534, 600);
2022-10-10 14:33:47.332  INFO 4460 --- [    Test worker] p6spy                                    : #1665380027332 | took 0ms | statement | connection 25| url jdbc:h2:mem:ad3a9e80-f26d-4a3e-9691-17f803db5723
insert into member_spot (member_id, score, spot_id, member_spot_id) values (?, ?, ?, ?)
insert into member_spot (member_id, score, spot_id, member_spot_id) values (19, 0.0, 600, 2192);
2022-10-10 14:33:47.332  INFO 4460 --- [    Test worker] p6spy                                    : #1665380027332 | took 0ms | statement | connection 25| url jdbc:h2:mem:ad3a9e80-f26d-4a3e-9691-17f803db5723
insert into review (content, spot_id, review_id) values (?, ?, ?)
insert into review (content, spot_id, review_id) values ('java.io.StringReader@60e532c9', 569, 536);
2022-10-10 14:33:47.332  INFO 4460 --- [    Test worker] p6spy                                    : #1665380027332 | took 0ms | statement | connection 25| url jdbc:h2:mem:ad3a9e80-f26d-4a3e-9691-17f803db5723
insert into score (facility_rank, facility_score, price_rank, price_score, rank_average, surround_rank, surround_score, view_rank, view_score, score_id) values (?, ?, ?, ?, ?, ?, ?, ?, ?, ?)
insert into score (facility_rank, facility_score, price_rank, price_score, rank_average, surround_rank, surround_score, view_rank, view_score, score_id) values (0.7788889671371235, 1.069124278021819, 3.5829608267274535, 4.211929110312401, 0.06886856369937466, 5.070251059182383, 1.9182082564049752, 6.579830120630983, 7.963542242818943, 535);
2022-10-10 14:33:47.332  INFO 4460 --- [    Test worker] p6spy                                    : #1665380027332 | took 0ms | statement | connection 25| url jdbc:h2:mem:ad3a9e80-f26d-4a3e-9691-17f803db5723
insert into picture (spot_id, url, picture_id) values (?, ?, ?)
insert into picture (spot_id, url, picture_id) values (NULL, 'java.io.StringReader@64638b8d', 2193);
2022-10-10 14:33:47.332  INFO 4460 --- [    Test worker] p6spy                                    : #1665380027332 | took 0ms | statement | connection 25| url jdbc:h2:mem:ad3a9e80-f26d-4a3e-9691-17f803db5723
insert into picture (spot_id, url, picture_id) values (?, ?, ?)
insert into picture (spot_id, url, picture_id) values (NULL, 'java.io.StringReader@1076dac5', 2194);
2022-10-10 14:33:47.332  INFO 4460 --- [    Test worker] p6spy                                    : #1665380027332 | took 0ms | statement | connection 25| url jdbc:h2:mem:ad3a9e80-f26d-4a3e-9691-17f803db5723
insert into picture (spot_id, url, picture_id) values (?, ?, ?)
insert into picture (spot_id, url, picture_id) values (NULL, 'java.io.StringReader@438a432a', 2195);
2022-10-10 14:33:47.333  INFO 4460 --- [    Test worker] p6spy                                    : #1665380027333 | took 0ms | statement | connection 25| url jdbc:h2:mem:ad3a9e80-f26d-4a3e-9691-17f803db5723
insert into spot (address, description, location, name, score_id, spot_id) values (?, ?, ?, ?, ?, ?)
insert into spot (address, description, location, name, score_id, spot_id) values (NULL, NULL, 'Aewol_eup', NULL, 535, 601);
2022-10-10 14:33:47.333  INFO 4460 --- [    Test worker] p6spy                                    : #1665380027333 | took 0ms | statement | connection 25| url jdbc:h2:mem:ad3a9e80-f26d-4a3e-9691-17f803db5723
insert into member_spot (member_id, score, spot_id, member_spot_id) values (?, ?, ?, ?)
insert into member_spot (member_id, score, spot_id, member_spot_id) values (19, 0.0, 601, 2196);
2022-10-10 14:33:47.333  INFO 4460 --- [    Test worker] p6spy                                    : #1665380027333 | took 0ms | statement | connection 25| url jdbc:h2:mem:ad3a9e80-f26d-4a3e-9691-17f803db5723
insert into review (content, spot_id, review_id) values (?, ?, ?)
insert into review (content, spot_id, review_id) values ('java.io.StringReader@30705816', 569, 537);
2022-10-10 14:33:47.333  INFO 4460 --- [    Test worker] p6spy                                    : #1665380027333 | took 0ms | statement | connection 25| url jdbc:h2:mem:ad3a9e80-f26d-4a3e-9691-17f803db5723
insert into favorite_spot (count, favorite_id, spot_id, favorite_spot_id) values (?, ?, ?, ?)
insert into favorite_spot (count, favorite_id, spot_id, favorite_spot_id) values (0, 39, 601, 437);
2022-10-10 14:33:47.333  INFO 4460 --- [    Test worker] p6spy                                    : #1665380027333 | took 0ms | statement | connection 25| url jdbc:h2:mem:ad3a9e80-f26d-4a3e-9691-17f803db5723
insert into score (facility_rank, facility_score, price_rank, price_score, rank_average, surround_rank, surround_score, view_rank, view_score, score_id) values (?, ?, ?, ?, ?, ?, ?, ?, ?, ?)
insert into score (facility_rank, facility_score, price_rank, price_score, rank_average, surround_rank, surround_score, view_rank, view_score, score_id) values (6.222474422957979, 6.074576603665434, 6.186700424673068, 9.048344221019422, 4.625454172065606, 7.231737591130044, 4.771012152793924, 5.845379348284743, 8.482580433576878, 536);
2022-10-10 14:33:47.333  INFO 4460 --- [    Test worker] p6spy                                    : #1665380027333 | took 0ms | statement | connection 25| url jdbc:h2:mem:ad3a9e80-f26d-4a3e-9691-17f803db5723
insert into picture (spot_id, url, picture_id) values (?, ?, ?)
insert into picture (spot_id, url, picture_id) values (NULL, 'java.io.StringReader@7326bbec', 2197);
2022-10-10 14:33:47.333  INFO 4460 --- [    Test worker] p6spy                                    : #1665380027333 | took 0ms | statement | connection 25| url jdbc:h2:mem:ad3a9e80-f26d-4a3e-9691-17f803db5723
insert into picture (spot_id, url, picture_id) values (?, ?, ?)
insert into picture (spot_id, url, picture_id) values (NULL, 'java.io.StringReader@426f5329', 2198);
2022-10-10 14:33:47.333  INFO 4460 --- [    Test worker] p6spy                                    : #1665380027333 | took 0ms | statement | connection 25| url jdbc:h2:mem:ad3a9e80-f26d-4a3e-9691-17f803db5723
insert into picture (spot_id, url, picture_id) values (?, ?, ?)
insert into picture (spot_id, url, picture_id) values (NULL, 'java.io.StringReader@3d9a8b94', 2199);
2022-10-10 14:33:47.333  INFO 4460 --- [    Test worker] p6spy                                    : #1665380027333 | took 0ms | statement | connection 25| url jdbc:h2:mem:ad3a9e80-f26d-4a3e-9691-17f803db5723
insert into spot (address, description, location, name, score_id, spot_id) values (?, ?, ?, ?, ?, ?)
insert into spot (address, description, location, name, score_id, spot_id) values (NULL, NULL, 'Aewol_eup', NULL, 536, 602);
2022-10-10 14:33:47.333  INFO 4460 --- [    Test worker] p6spy                                    : #1665380027333 | took 0ms | statement | connection 25| url jdbc:h2:mem:ad3a9e80-f26d-4a3e-9691-17f803db5723
insert into member_spot (member_id, score, spot_id, member_spot_id) values (?, ?, ?, ?)
insert into member_spot (member_id, score, spot_id, member_spot_id) values (19, 0.0, 602, 2200);
2022-10-10 14:33:47.333  INFO 4460 --- [    Test worker] p6spy                                    : #1665380027333 | took 0ms | statement | connection 25| url jdbc:h2:mem:ad3a9e80-f26d-4a3e-9691-17f803db5723
insert into review (content, spot_id, review_id) values (?, ?, ?)
insert into review (content, spot_id, review_id) values ('java.io.StringReader@11de0137', 569, 538);
2022-10-10 14:33:47.333  INFO 4460 --- [    Test worker] p6spy                                    : #1665380027333 | took 0ms | statement | connection 25| url jdbc:h2:mem:ad3a9e80-f26d-4a3e-9691-17f803db5723
insert into score (facility_rank, facility_score, price_rank, price_score, rank_average, surround_rank, surround_score, view_rank, view_score, score_id) values (?, ?, ?, ?, ?, ?, ?, ?, ?, ?)
insert into score (facility_rank, facility_score, price_rank, price_score, rank_average, surround_rank, surround_score, view_rank, view_score, score_id) values (2.3806959575871147, 5.721568378531958, 6.67726179964026, 0.4649091092394897, 3.6387068684859503, 4.598876366555756, 7.073914778843927, 6.9981424626883735, 9.70334859662577, 537);
2022-10-10 14:33:47.333  INFO 4460 --- [    Test worker] p6spy                                    : #1665380027333 | took 0ms | statement | connection 25| url jdbc:h2:mem:ad3a9e80-f26d-4a3e-9691-17f803db5723
insert into picture (spot_id, url, picture_id) values (?, ?, ?)
insert into picture (spot_id, url, picture_id) values (NULL, 'java.io.StringReader@1526b9cd', 2201);
2022-10-10 14:33:47.333  INFO 4460 --- [    Test worker] p6spy                                    : #1665380027333 | took 0ms | statement | connection 25| url jdbc:h2:mem:ad3a9e80-f26d-4a3e-9691-17f803db5723
insert into picture (spot_id, url, picture_id) values (?, ?, ?)
insert into picture (spot_id, url, picture_id) values (NULL, 'java.io.StringReader@67e38dea', 2202);
2022-10-10 14:33:47.333  INFO 4460 --- [    Test worker] p6spy                                    : #1665380027333 | took 0ms | statement | connection 25| url jdbc:h2:mem:ad3a9e80-f26d-4a3e-9691-17f803db5723
insert into picture (spot_id, url, picture_id) values (?, ?, ?)
insert into picture (spot_id, url, picture_id) values (NULL, 'java.io.StringReader@66594309', 2203);
2022-10-10 14:33:47.333  INFO 4460 --- [    Test worker] p6spy                                    : #1665380027333 | took 0ms | statement | connection 25| url jdbc:h2:mem:ad3a9e80-f26d-4a3e-9691-17f803db5723
insert into spot (address, description, location, name, score_id, spot_id) values (?, ?, ?, ?, ?, ?)
insert into spot (address, description, location, name, score_id, spot_id) values (NULL, NULL, 'Aewol_eup', NULL, 537, 603);
2022-10-10 14:33:47.333  INFO 4460 --- [    Test worker] p6spy                                    : #1665380027333 | took 0ms | statement | connection 25| url jdbc:h2:mem:ad3a9e80-f26d-4a3e-9691-17f803db5723
insert into member_spot (member_id, score, spot_id, member_spot_id) values (?, ?, ?, ?)
insert into member_spot (member_id, score, spot_id, member_spot_id) values (19, 0.0, 603, 2204);
2022-10-10 14:33:47.333  INFO 4460 --- [    Test worker] p6spy                                    : #1665380027333 | took 0ms | statement | connection 25| url jdbc:h2:mem:ad3a9e80-f26d-4a3e-9691-17f803db5723
insert into review (content, spot_id, review_id) values (?, ?, ?)
insert into review (content, spot_id, review_id) values ('java.io.StringReader@6a00352b', 569, 539);
2022-10-10 14:33:47.333  INFO 4460 --- [    Test worker] p6spy                                    : #1665380027333 | took 0ms | statement | connection 25| url jdbc:h2:mem:ad3a9e80-f26d-4a3e-9691-17f803db5723
insert into favorite_spot (count, favorite_id, spot_id, favorite_spot_id) values (?, ?, ?, ?)
insert into favorite_spot (count, favorite_id, spot_id, favorite_spot_id) values (0, 39, 603, 438);
2022-10-10 14:33:47.333  INFO 4460 --- [    Test worker] p6spy                                    : #1665380027333 | took 0ms | statement | connection 25| url jdbc:h2:mem:ad3a9e80-f26d-4a3e-9691-17f803db5723
insert into score (facility_rank, facility_score, price_rank, price_score, rank_average, surround_rank, surround_score, view_rank, view_score, score_id) values (?, ?, ?, ?, ?, ?, ?, ?, ?, ?)
insert into score (facility_rank, facility_score, price_rank, price_score, rank_average, surround_rank, surround_score, view_rank, view_score, score_id) values (1.6041468632979983, 1.7196210925464561, 5.5476573632327675, 7.478365570887023, 9.973285209359569, 5.270680549571766, 1.3224994906708631, 6.622044918439904, 1.7271822733703568, 538);
2022-10-10 14:33:47.333  INFO 4460 --- [    Test worker] p6spy                                    : #1665380027333 | took 0ms | statement | connection 25| url jdbc:h2:mem:ad3a9e80-f26d-4a3e-9691-17f803db5723
insert into picture (spot_id, url, picture_id) values (?, ?, ?)
insert into picture (spot_id, url, picture_id) values (NULL, 'java.io.StringReader@6ec3dc11', 2205);
2022-10-10 14:33:47.333  INFO 4460 --- [    Test worker] p6spy                                    : #1665380027333 | took 0ms | statement | connection 25| url jdbc:h2:mem:ad3a9e80-f26d-4a3e-9691-17f803db5723
insert into picture (spot_id, url, picture_id) values (?, ?, ?)
insert into picture (spot_id, url, picture_id) values (NULL, 'java.io.StringReader@73a45923', 2206);
2022-10-10 14:33:47.333  INFO 4460 --- [    Test worker] p6spy                                    : #1665380027333 | took 0ms | statement | connection 25| url jdbc:h2:mem:ad3a9e80-f26d-4a3e-9691-17f803db5723
insert into picture (spot_id, url, picture_id) values (?, ?, ?)
insert into picture (spot_id, url, picture_id) values (NULL, 'java.io.StringReader@e6a1792', 2207);
2022-10-10 14:33:47.333  INFO 4460 --- [    Test worker] p6spy                                    : #1665380027333 | took 0ms | statement | connection 25| url jdbc:h2:mem:ad3a9e80-f26d-4a3e-9691-17f803db5723
insert into spot (address, description, location, name, score_id, spot_id) values (?, ?, ?, ?, ?, ?)
insert into spot (address, description, location, name, score_id, spot_id) values (NULL, NULL, 'Aewol_eup', NULL, 538, 604);
2022-10-10 14:33:47.333  INFO 4460 --- [    Test worker] p6spy                                    : #1665380027333 | took 0ms | statement | connection 25| url jdbc:h2:mem:ad3a9e80-f26d-4a3e-9691-17f803db5723
insert into member_spot (member_id, score, spot_id, member_spot_id) values (?, ?, ?, ?)
insert into member_spot (member_id, score, spot_id, member_spot_id) values (19, 0.0, 604, 2208);
2022-10-10 14:33:47.333  INFO 4460 --- [    Test worker] p6spy                                    : #1665380027333 | took 0ms | statement | connection 25| url jdbc:h2:mem:ad3a9e80-f26d-4a3e-9691-17f803db5723
insert into review (content, spot_id, review_id) values (?, ?, ?)
insert into review (content, spot_id, review_id) values ('java.io.StringReader@5bfc0a41', 569, 540);
2022-10-10 14:33:47.333  INFO 4460 --- [    Test worker] p6spy                                    : #1665380027333 | took 0ms | statement | connection 25| url jdbc:h2:mem:ad3a9e80-f26d-4a3e-9691-17f803db5723
insert into score (facility_rank, facility_score, price_rank, price_score, rank_average, surround_rank, surround_score, view_rank, view_score, score_id) values (?, ?, ?, ?, ?, ?, ?, ?, ?, ?)
insert into score (facility_rank, facility_score, price_rank, price_score, rank_average, surround_rank, surround_score, view_rank, view_score, score_id) values (9.425468545919411, 9.41428028087761, 1.0259674379487027, 0.2101851078647199, 2.8899419432294913, 7.5115042929388975, 5.362442492817, 8.26900276333938, 1.922919824235505, 539);
2022-10-10 14:33:47.333  INFO 4460 --- [    Test worker] p6spy                                    : #1665380027333 | took 0ms | statement | connection 25| url jdbc:h2:mem:ad3a9e80-f26d-4a3e-9691-17f803db5723
insert into picture (spot_id, url, picture_id) values (?, ?, ?)
insert into picture (spot_id, url, picture_id) values (NULL, 'java.io.StringReader@268f1c26', 2209);
2022-10-10 14:33:47.333  INFO 4460 --- [    Test worker] p6spy                                    : #1665380027333 | took 0ms | statement | connection 25| url jdbc:h2:mem:ad3a9e80-f26d-4a3e-9691-17f803db5723
insert into picture (spot_id, url, picture_id) values (?, ?, ?)
insert into picture (spot_id, url, picture_id) values (NULL, 'java.io.StringReader@570cca52', 2210);
2022-10-10 14:33:47.333  INFO 4460 --- [    Test worker] p6spy                                    : #1665380027333 | took 0ms | statement | connection 25| url jdbc:h2:mem:ad3a9e80-f26d-4a3e-9691-17f803db5723
insert into picture (spot_id, url, picture_id) values (?, ?, ?)
insert into picture (spot_id, url, picture_id) values (NULL, 'java.io.StringReader@1772987e', 2211);
2022-10-10 14:33:47.333  INFO 4460 --- [    Test worker] p6spy                                    : #1665380027333 | took 0ms | statement | connection 25| url jdbc:h2:mem:ad3a9e80-f26d-4a3e-9691-17f803db5723
insert into spot (address, description, location, name, score_id, spot_id) values (?, ?, ?, ?, ?, ?)
insert into spot (address, description, location, name, score_id, spot_id) values (NULL, NULL, 'Aewol_eup', NULL, 539, 605);
2022-10-10 14:33:47.333  INFO 4460 --- [    Test worker] p6spy                                    : #1665380027333 | took 0ms | statement | connection 25| url jdbc:h2:mem:ad3a9e80-f26d-4a3e-9691-17f803db5723
insert into member_spot (member_id, score, spot_id, member_spot_id) values (?, ?, ?, ?)
insert into member_spot (member_id, score, spot_id, member_spot_id) values (19, 0.0, 605, 2212);
2022-10-10 14:33:47.333  INFO 4460 --- [    Test worker] p6spy                                    : #1665380027333 | took 0ms | statement | connection 25| url jdbc:h2:mem:ad3a9e80-f26d-4a3e-9691-17f803db5723
insert into review (content, spot_id, review_id) values (?, ?, ?)
insert into review (content, spot_id, review_id) values ('java.io.StringReader@422ea9f7', 569, 541);
2022-10-10 14:33:47.334  INFO 4460 --- [    Test worker] p6spy                                    : #1665380027334 | took 0ms | statement | connection 25| url jdbc:h2:mem:ad3a9e80-f26d-4a3e-9691-17f803db5723
insert into favorite_spot (count, favorite_id, spot_id, favorite_spot_id) values (?, ?, ?, ?)
insert into favorite_spot (count, favorite_id, spot_id, favorite_spot_id) values (0, 39, 605, 439);
2022-10-10 14:33:47.334  INFO 4460 --- [    Test worker] p6spy                                    : #1665380027334 | took 0ms | statement | connection 25| url jdbc:h2:mem:ad3a9e80-f26d-4a3e-9691-17f803db5723
insert into score (facility_rank, facility_score, price_rank, price_score, rank_average, surround_rank, surround_score, view_rank, view_score, score_id) values (?, ?, ?, ?, ?, ?, ?, ?, ?, ?)
insert into score (facility_rank, facility_score, price_rank, price_score, rank_average, surround_rank, surround_score, view_rank, view_score, score_id) values (1.4955439061373565, 1.3265369876321498, 1.6696479981565127, 4.60753524511772, 3.5370833760073097, 0.8165410548668195, 7.841377855060113, 4.334006612561545, 4.958438051644055, 540);
2022-10-10 14:33:47.334  INFO 4460 --- [    Test worker] p6spy                                    : #1665380027334 | took 0ms | statement | connection 25| url jdbc:h2:mem:ad3a9e80-f26d-4a3e-9691-17f803db5723
insert into picture (spot_id, url, picture_id) values (?, ?, ?)
insert into picture (spot_id, url, picture_id) values (NULL, 'java.io.StringReader@7e59d21e', 2213);
2022-10-10 14:33:47.334  INFO 4460 --- [    Test worker] p6spy                                    : #1665380027334 | took 0ms | statement | connection 25| url jdbc:h2:mem:ad3a9e80-f26d-4a3e-9691-17f803db5723
insert into picture (spot_id, url, picture_id) values (?, ?, ?)
insert into picture (spot_id, url, picture_id) values (NULL, 'java.io.StringReader@1db5727c', 2214);
2022-10-10 14:33:47.334  INFO 4460 --- [    Test worker] p6spy                                    : #1665380027334 | took 0ms | statement | connection 25| url jdbc:h2:mem:ad3a9e80-f26d-4a3e-9691-17f803db5723
insert into picture (spot_id, url, picture_id) values (?, ?, ?)
insert into picture (spot_id, url, picture_id) values (NULL, 'java.io.StringReader@334e7639', 2215);
2022-10-10 14:33:47.334  INFO 4460 --- [    Test worker] p6spy                                    : #1665380027334 | took 0ms | statement | connection 25| url jdbc:h2:mem:ad3a9e80-f26d-4a3e-9691-17f803db5723
insert into spot (address, description, location, name, score_id, spot_id) values (?, ?, ?, ?, ?, ?)
insert into spot (address, description, location, name, score_id, spot_id) values (NULL, NULL, 'Aewol_eup', NULL, 540, 606);
2022-10-10 14:33:47.334  INFO 4460 --- [    Test worker] p6spy                                    : #1665380027334 | took 0ms | statement | connection 25| url jdbc:h2:mem:ad3a9e80-f26d-4a3e-9691-17f803db5723
insert into member_spot (member_id, score, spot_id, member_spot_id) values (?, ?, ?, ?)
insert into member_spot (member_id, score, spot_id, member_spot_id) values (19, 0.0, 606, 2216);
2022-10-10 14:33:47.334  INFO 4460 --- [    Test worker] p6spy                                    : #1665380027334 | took 0ms | statement | connection 25| url jdbc:h2:mem:ad3a9e80-f26d-4a3e-9691-17f803db5723
insert into review (content, spot_id, review_id) values (?, ?, ?)
insert into review (content, spot_id, review_id) values ('java.io.StringReader@48347c4b', 569, 542);
2022-10-10 14:33:47.334  INFO 4460 --- [    Test worker] p6spy                                    : #1665380027334 | took 0ms | statement | connection 25| url jdbc:h2:mem:ad3a9e80-f26d-4a3e-9691-17f803db5723
insert into score (facility_rank, facility_score, price_rank, price_score, rank_average, surround_rank, surround_score, view_rank, view_score, score_id) values (?, ?, ?, ?, ?, ?, ?, ?, ?, ?)
insert into score (facility_rank, facility_score, price_rank, price_score, rank_average, surround_rank, surround_score, view_rank, view_score, score_id) values (1.9809027771010457, 7.560360022752009, 9.966775297667654, 9.442396860079368, 0.5037242229747307, 8.895470369874491, 9.027287568869983, 1.0858161305850078, 5.9314016400351255, 541);
2022-10-10 14:33:47.334  INFO 4460 --- [    Test worker] p6spy                                    : #1665380027334 | took 0ms | statement | connection 25| url jdbc:h2:mem:ad3a9e80-f26d-4a3e-9691-17f803db5723
insert into picture (spot_id, url, picture_id) values (?, ?, ?)
insert into picture (spot_id, url, picture_id) values (NULL, 'java.io.StringReader@639cbc6e', 2217);
2022-10-10 14:33:47.334  INFO 4460 --- [    Test worker] p6spy                                    : #1665380027334 | took 0ms | statement | connection 25| url jdbc:h2:mem:ad3a9e80-f26d-4a3e-9691-17f803db5723
insert into picture (spot_id, url, picture_id) values (?, ?, ?)
insert into picture (spot_id, url, picture_id) values (NULL, 'java.io.StringReader@19805eb5', 2218);
2022-10-10 14:33:47.334  INFO 4460 --- [    Test worker] p6spy                                    : #1665380027334 | took 0ms | statement | connection 25| url jdbc:h2:mem:ad3a9e80-f26d-4a3e-9691-17f803db5723
insert into picture (spot_id, url, picture_id) values (?, ?, ?)
insert into picture (spot_id, url, picture_id) values (NULL, 'java.io.StringReader@7af6c708', 2219);
2022-10-10 14:33:47.334  INFO 4460 --- [    Test worker] p6spy                                    : #1665380027334 | took 0ms | statement | connection 25| url jdbc:h2:mem:ad3a9e80-f26d-4a3e-9691-17f803db5723
insert into spot (address, description, location, name, score_id, spot_id) values (?, ?, ?, ?, ?, ?)
insert into spot (address, description, location, name, score_id, spot_id) values (NULL, NULL, 'Aewol_eup', NULL, 541, 607);
2022-10-10 14:33:47.334  INFO 4460 --- [    Test worker] p6spy                                    : #1665380027334 | took 0ms | statement | connection 25| url jdbc:h2:mem:ad3a9e80-f26d-4a3e-9691-17f803db5723
insert into member_spot (member_id, score, spot_id, member_spot_id) values (?, ?, ?, ?)
insert into member_spot (member_id, score, spot_id, member_spot_id) values (19, 0.0, 607, 2220);
2022-10-10 14:33:47.334  INFO 4460 --- [    Test worker] p6spy                                    : #1665380027334 | took 0ms | statement | connection 25| url jdbc:h2:mem:ad3a9e80-f26d-4a3e-9691-17f803db5723
insert into review (content, spot_id, review_id) values (?, ?, ?)
insert into review (content, spot_id, review_id) values ('java.io.StringReader@f09430e', 569, 543);
2022-10-10 14:33:47.334  INFO 4460 --- [    Test worker] p6spy                                    : #1665380027334 | took 0ms | statement | connection 25| url jdbc:h2:mem:ad3a9e80-f26d-4a3e-9691-17f803db5723
insert into favorite_spot (count, favorite_id, spot_id, favorite_spot_id) values (?, ?, ?, ?)
insert into favorite_spot (count, favorite_id, spot_id, favorite_spot_id) values (0, 39, 607, 440);
2022-10-10 14:33:47.334  INFO 4460 --- [    Test worker] p6spy                                    : #1665380027334 | took 0ms | statement | connection 25| url jdbc:h2:mem:ad3a9e80-f26d-4a3e-9691-17f803db5723
insert into score (facility_rank, facility_score, price_rank, price_score, rank_average, surround_rank, surround_score, view_rank, view_score, score_id) values (?, ?, ?, ?, ?, ?, ?, ?, ?, ?)
insert into score (facility_rank, facility_score, price_rank, price_score, rank_average, surround_rank, surround_score, view_rank, view_score, score_id) values (8.845408052434978, 6.886178477412969, 2.9181483091703675, 2.967788931639669, 6.08334582381505, 2.0193914296750357, 9.12196273896885, 0.03627304154643629, 8.804558396853071, 542);
2022-10-10 14:33:47.334  INFO 4460 --- [    Test worker] p6spy                                    : #1665380027334 | took 0ms | statement | connection 25| url jdbc:h2:mem:ad3a9e80-f26d-4a3e-9691-17f803db5723
insert into picture (spot_id, url, picture_id) values (?, ?, ?)
insert into picture (spot_id, url, picture_id) values (NULL, 'java.io.StringReader@2cd06634', 2221);
2022-10-10 14:33:47.334  INFO 4460 --- [    Test worker] p6spy                                    : #1665380027334 | took 0ms | statement | connection 25| url jdbc:h2:mem:ad3a9e80-f26d-4a3e-9691-17f803db5723
insert into picture (spot_id, url, picture_id) values (?, ?, ?)
insert into picture (spot_id, url, picture_id) values (NULL, 'java.io.StringReader@37d30b90', 2222);
2022-10-10 14:33:47.334  INFO 4460 --- [    Test worker] p6spy                                    : #1665380027334 | took 0ms | statement | connection 25| url jdbc:h2:mem:ad3a9e80-f26d-4a3e-9691-17f803db5723
insert into picture (spot_id, url, picture_id) values (?, ?, ?)
insert into picture (spot_id, url, picture_id) values (NULL, 'java.io.StringReader@44ef768a', 2223);
2022-10-10 14:33:47.334  INFO 4460 --- [    Test worker] p6spy                                    : #1665380027334 | took 0ms | statement | connection 25| url jdbc:h2:mem:ad3a9e80-f26d-4a3e-9691-17f803db5723
insert into spot (address, description, location, name, score_id, spot_id) values (?, ?, ?, ?, ?, ?)
insert into spot (address, description, location, name, score_id, spot_id) values (NULL, NULL, 'Aewol_eup', NULL, 542, 608);
2022-10-10 14:33:47.334  INFO 4460 --- [    Test worker] p6spy                                    : #1665380027334 | took 0ms | statement | connection 25| url jdbc:h2:mem:ad3a9e80-f26d-4a3e-9691-17f803db5723
insert into member_spot (member_id, score, spot_id, member_spot_id) values (?, ?, ?, ?)
insert into member_spot (member_id, score, spot_id, member_spot_id) values (19, 0.0, 608, 2224);
2022-10-10 14:33:47.334  INFO 4460 --- [    Test worker] p6spy                                    : #1665380027334 | took 0ms | statement | connection 25| url jdbc:h2:mem:ad3a9e80-f26d-4a3e-9691-17f803db5723
insert into review (content, spot_id, review_id) values (?, ?, ?)
insert into review (content, spot_id, review_id) values ('java.io.StringReader@3340717', 569, 544);
2022-10-10 14:33:47.334  INFO 4460 --- [    Test worker] p6spy                                    : #1665380027334 | took 0ms | statement | connection 25| url jdbc:h2:mem:ad3a9e80-f26d-4a3e-9691-17f803db5723
insert into score (facility_rank, facility_score, price_rank, price_score, rank_average, surround_rank, surround_score, view_rank, view_score, score_id) values (?, ?, ?, ?, ?, ?, ?, ?, ?, ?)
insert into score (facility_rank, facility_score, price_rank, price_score, rank_average, surround_rank, surround_score, view_rank, view_score, score_id) values (3.8828455807860474, 9.960017582940154, 2.1877905097864003, 3.6192582657987407, 0.4511078847288308, 9.916515448017616, 8.43822995104906, 1.0906881046265227, 3.8165109858974744, 543);
2022-10-10 14:33:47.334  INFO 4460 --- [    Test worker] p6spy                                    : #1665380027334 | took 0ms | statement | connection 25| url jdbc:h2:mem:ad3a9e80-f26d-4a3e-9691-17f803db5723
insert into picture (spot_id, url, picture_id) values (?, ?, ?)
insert into picture (spot_id, url, picture_id) values (NULL, 'java.io.StringReader@414dcd0', 2225);
2022-10-10 14:33:47.334  INFO 4460 --- [    Test worker] p6spy                                    : #1665380027334 | took 0ms | statement | connection 25| url jdbc:h2:mem:ad3a9e80-f26d-4a3e-9691-17f803db5723
insert into picture (spot_id, url, picture_id) values (?, ?, ?)
insert into picture (spot_id, url, picture_id) values (NULL, 'java.io.StringReader@22b27d94', 2226);
2022-10-10 14:33:47.335  INFO 4460 --- [    Test worker] p6spy                                    : #1665380027335 | took 0ms | statement | connection 25| url jdbc:h2:mem:ad3a9e80-f26d-4a3e-9691-17f803db5723
insert into picture (spot_id, url, picture_id) values (?, ?, ?)
insert into picture (spot_id, url, picture_id) values (NULL, 'java.io.StringReader@55528a6d', 2227);
2022-10-10 14:33:47.335  INFO 4460 --- [    Test worker] p6spy                                    : #1665380027335 | took 0ms | statement | connection 25| url jdbc:h2:mem:ad3a9e80-f26d-4a3e-9691-17f803db5723
insert into spot (address, description, location, name, score_id, spot_id) values (?, ?, ?, ?, ?, ?)
insert into spot (address, description, location, name, score_id, spot_id) values (NULL, NULL, 'Aewol_eup', NULL, 543, 609);
2022-10-10 14:33:47.335  INFO 4460 --- [    Test worker] p6spy                                    : #1665380027335 | took 0ms | statement | connection 25| url jdbc:h2:mem:ad3a9e80-f26d-4a3e-9691-17f803db5723
insert into member_spot (member_id, score, spot_id, member_spot_id) values (?, ?, ?, ?)
insert into member_spot (member_id, score, spot_id, member_spot_id) values (19, 0.0, 609, 2228);
2022-10-10 14:33:47.335  INFO 4460 --- [    Test worker] p6spy                                    : #1665380027335 | took 0ms | statement | connection 25| url jdbc:h2:mem:ad3a9e80-f26d-4a3e-9691-17f803db5723
insert into review (content, spot_id, review_id) values (?, ?, ?)
insert into review (content, spot_id, review_id) values ('java.io.StringReader@350d0a8', 569, 545);
2022-10-10 14:33:47.335  INFO 4460 --- [    Test worker] p6spy                                    : #1665380027335 | took 0ms | statement | connection 25| url jdbc:h2:mem:ad3a9e80-f26d-4a3e-9691-17f803db5723
insert into favorite_spot (count, favorite_id, spot_id, favorite_spot_id) values (?, ?, ?, ?)
insert into favorite_spot (count, favorite_id, spot_id, favorite_spot_id) values (0, 39, 609, 441);
2022-10-10 14:33:47.335  INFO 4460 --- [    Test worker] p6spy                                    : #1665380027335 | took 0ms | statement | connection 25| url jdbc:h2:mem:ad3a9e80-f26d-4a3e-9691-17f803db5723
insert into score (facility_rank, facility_score, price_rank, price_score, rank_average, surround_rank, surround_score, view_rank, view_score, score_id) values (?, ?, ?, ?, ?, ?, ?, ?, ?, ?)
insert into score (facility_rank, facility_score, price_rank, price_score, rank_average, surround_rank, surround_score, view_rank, view_score, score_id) values (5.92797837784134, 0.02600646694897457, 8.276981500875177, 8.332489535560294, 5.786276780443828, 6.743795157994139, 2.225790145430527, 1.6592173437515834, 2.6225879869261295, 544);
2022-10-10 14:33:47.335  INFO 4460 --- [    Test worker] p6spy                                    : #1665380027335 | took 0ms | statement | connection 25| url jdbc:h2:mem:ad3a9e80-f26d-4a3e-9691-17f803db5723
insert into picture (spot_id, url, picture_id) values (?, ?, ?)
insert into picture (spot_id, url, picture_id) values (NULL, 'java.io.StringReader@6a924d4b', 2229);
2022-10-10 14:33:47.335  INFO 4460 --- [    Test worker] p6spy                                    : #1665380027335 | took 0ms | statement | connection 25| url jdbc:h2:mem:ad3a9e80-f26d-4a3e-9691-17f803db5723
insert into picture (spot_id, url, picture_id) values (?, ?, ?)
insert into picture (spot_id, url, picture_id) values (NULL, 'java.io.StringReader@58eb23d0', 2230);
2022-10-10 14:33:47.335  INFO 4460 --- [    Test worker] p6spy                                    : #1665380027335 | took 0ms | statement | connection 25| url jdbc:h2:mem:ad3a9e80-f26d-4a3e-9691-17f803db5723
insert into picture (spot_id, url, picture_id) values (?, ?, ?)
insert into picture (spot_id, url, picture_id) values (NULL, 'java.io.StringReader@b590744', 2231);
2022-10-10 14:33:47.335  INFO 4460 --- [    Test worker] p6spy                                    : #1665380027335 | took 0ms | statement | connection 25| url jdbc:h2:mem:ad3a9e80-f26d-4a3e-9691-17f803db5723
insert into spot (address, description, location, name, score_id, spot_id) values (?, ?, ?, ?, ?, ?)
insert into spot (address, description, location, name, score_id, spot_id) values (NULL, NULL, 'Aewol_eup', NULL, 544, 610);
2022-10-10 14:33:47.335  INFO 4460 --- [    Test worker] p6spy                                    : #1665380027335 | took 0ms | statement | connection 25| url jdbc:h2:mem:ad3a9e80-f26d-4a3e-9691-17f803db5723
insert into member_spot (member_id, score, spot_id, member_spot_id) values (?, ?, ?, ?)
insert into member_spot (member_id, score, spot_id, member_spot_id) values (19, 0.0, 610, 2232);
2022-10-10 14:33:47.335  INFO 4460 --- [    Test worker] p6spy                                    : #1665380027335 | took 0ms | statement | connection 25| url jdbc:h2:mem:ad3a9e80-f26d-4a3e-9691-17f803db5723
insert into review (content, spot_id, review_id) values (?, ?, ?)
insert into review (content, spot_id, review_id) values ('java.io.StringReader@4738e96a', 569, 546);
2022-10-10 14:33:47.335  INFO 4460 --- [    Test worker] p6spy                                    : #1665380027335 | took 0ms | statement | connection 25| url jdbc:h2:mem:ad3a9e80-f26d-4a3e-9691-17f803db5723
insert into score (facility_rank, facility_score, price_rank, price_score, rank_average, surround_rank, surround_score, view_rank, view_score, score_id) values (?, ?, ?, ?, ?, ?, ?, ?, ?, ?)
insert into score (facility_rank, facility_score, price_rank, price_score, rank_average, surround_rank, surround_score, view_rank, view_score, score_id) values (4.6375266977428, 1.7693346119387943, 5.767511044852174, 3.0104855328168267, 4.2200335156436495, 8.635904343249607, 0.7454850347782749, 7.723999183049065, 2.9205328847957057, 545);
2022-10-10 14:33:47.335  INFO 4460 --- [    Test worker] p6spy                                    : #1665380027335 | took 0ms | statement | connection 25| url jdbc:h2:mem:ad3a9e80-f26d-4a3e-9691-17f803db5723
insert into picture (spot_id, url, picture_id) values (?, ?, ?)
insert into picture (spot_id, url, picture_id) values (NULL, 'java.io.StringReader@430b5c0e', 2233);
2022-10-10 14:33:47.335  INFO 4460 --- [    Test worker] p6spy                                    : #1665380027335 | took 0ms | statement | connection 25| url jdbc:h2:mem:ad3a9e80-f26d-4a3e-9691-17f803db5723
insert into picture (spot_id, url, picture_id) values (?, ?, ?)
insert into picture (spot_id, url, picture_id) values (NULL, 'java.io.StringReader@3463ae1d', 2234);
2022-10-10 14:33:47.335  INFO 4460 --- [    Test worker] p6spy                                    : #1665380027335 | took 0ms | statement | connection 25| url jdbc:h2:mem:ad3a9e80-f26d-4a3e-9691-17f803db5723
insert into picture (spot_id, url, picture_id) values (?, ?, ?)
insert into picture (spot_id, url, picture_id) values (NULL, 'java.io.StringReader@7b3ebc30', 2235);
2022-10-10 14:33:47.335  INFO 4460 --- [    Test worker] p6spy                                    : #1665380027335 | took 0ms | statement | connection 25| url jdbc:h2:mem:ad3a9e80-f26d-4a3e-9691-17f803db5723
insert into spot (address, description, location, name, score_id, spot_id) values (?, ?, ?, ?, ?, ?)
insert into spot (address, description, location, name, score_id, spot_id) values (NULL, NULL, 'Aewol_eup', NULL, 545, 611);
2022-10-10 14:33:47.335  INFO 4460 --- [    Test worker] p6spy                                    : #1665380027335 | took 0ms | statement | connection 25| url jdbc:h2:mem:ad3a9e80-f26d-4a3e-9691-17f803db5723
insert into member_spot (member_id, score, spot_id, member_spot_id) values (?, ?, ?, ?)
insert into member_spot (member_id, score, spot_id, member_spot_id) values (19, 0.0, 611, 2236);
2022-10-10 14:33:47.335  INFO 4460 --- [    Test worker] p6spy                                    : #1665380027335 | took 0ms | statement | connection 25| url jdbc:h2:mem:ad3a9e80-f26d-4a3e-9691-17f803db5723
insert into review (content, spot_id, review_id) values (?, ?, ?)
insert into review (content, spot_id, review_id) values ('java.io.StringReader@2c940c10', 569, 547);
2022-10-10 14:33:47.335  INFO 4460 --- [    Test worker] p6spy                                    : #1665380027335 | took 0ms | statement | connection 25| url jdbc:h2:mem:ad3a9e80-f26d-4a3e-9691-17f803db5723
insert into favorite_spot (count, favorite_id, spot_id, favorite_spot_id) values (?, ?, ?, ?)
insert into favorite_spot (count, favorite_id, spot_id, favorite_spot_id) values (0, 39, 611, 442);
2022-10-10 14:33:47.335  INFO 4460 --- [    Test worker] p6spy                                    : #1665380027335 | took 0ms | statement | connection 25| url jdbc:h2:mem:ad3a9e80-f26d-4a3e-9691-17f803db5723
insert into score (facility_rank, facility_score, price_rank, price_score, rank_average, surround_rank, surround_score, view_rank, view_score, score_id) values (?, ?, ?, ?, ?, ?, ?, ?, ?, ?)
insert into score (facility_rank, facility_score, price_rank, price_score, rank_average, surround_rank, surround_score, view_rank, view_score, score_id) values (0.11988218297232622, 2.0652591636529327, 3.5120102469839987, 1.1619248730552378, 8.255614588847278, 4.176005735250832, 6.282472776082603, 9.958429123887719, 8.516144484461787, 546);
2022-10-10 14:33:47.335  INFO 4460 --- [    Test worker] p6spy                                    : #1665380027335 | took 0ms | statement | connection 25| url jdbc:h2:mem:ad3a9e80-f26d-4a3e-9691-17f803db5723
insert into picture (spot_id, url, picture_id) values (?, ?, ?)
insert into picture (spot_id, url, picture_id) values (NULL, 'java.io.StringReader@665ddc01', 2237);
2022-10-10 14:33:47.335  INFO 4460 --- [    Test worker] p6spy                                    : #1665380027335 | took 0ms | statement | connection 25| url jdbc:h2:mem:ad3a9e80-f26d-4a3e-9691-17f803db5723
insert into picture (spot_id, url, picture_id) values (?, ?, ?)
insert into picture (spot_id, url, picture_id) values (NULL, 'java.io.StringReader@414d555b', 2238);
2022-10-10 14:33:47.335  INFO 4460 --- [    Test worker] p6spy                                    : #1665380027335 | took 0ms | statement | connection 25| url jdbc:h2:mem:ad3a9e80-f26d-4a3e-9691-17f803db5723
insert into picture (spot_id, url, picture_id) values (?, ?, ?)
insert into picture (spot_id, url, picture_id) values (NULL, 'java.io.StringReader@5384ea8e', 2239);
2022-10-10 14:33:47.335  INFO 4460 --- [    Test worker] p6spy                                    : #1665380027335 | took 0ms | statement | connection 25| url jdbc:h2:mem:ad3a9e80-f26d-4a3e-9691-17f803db5723
insert into spot (address, description, location, name, score_id, spot_id) values (?, ?, ?, ?, ?, ?)
insert into spot (address, description, location, name, score_id, spot_id) values (NULL, NULL, 'Aewol_eup', NULL, 546, 612);
2022-10-10 14:33:47.335  INFO 4460 --- [    Test worker] p6spy                                    : #1665380027335 | took 0ms | statement | connection 25| url jdbc:h2:mem:ad3a9e80-f26d-4a3e-9691-17f803db5723
insert into member_spot (member_id, score, spot_id, member_spot_id) values (?, ?, ?, ?)
insert into member_spot (member_id, score, spot_id, member_spot_id) values (19, 0.0, 612, 2240);
2022-10-10 14:33:47.335  INFO 4460 --- [    Test worker] p6spy                                    : #1665380027335 | took 0ms | statement | connection 25| url jdbc:h2:mem:ad3a9e80-f26d-4a3e-9691-17f803db5723
insert into review (content, spot_id, review_id) values (?, ?, ?)
insert into review (content, spot_id, review_id) values ('java.io.StringReader@7647e5e9', 569, 548);
2022-10-10 14:33:47.335  INFO 4460 --- [    Test worker] p6spy                                    : #1665380027335 | took 0ms | statement | connection 25| url jdbc:h2:mem:ad3a9e80-f26d-4a3e-9691-17f803db5723
insert into score (facility_rank, facility_score, price_rank, price_score, rank_average, surround_rank, surround_score, view_rank, view_score, score_id) values (?, ?, ?, ?, ?, ?, ?, ?, ?, ?)
insert into score (facility_rank, facility_score, price_rank, price_score, rank_average, surround_rank, surround_score, view_rank, view_score, score_id) values (3.217943385483334, 4.635233004425373, 4.197006172279375, 5.28671694964696, 5.101347586002762, 1.987411583121833, 8.190651287635044, 1.0109935323809927, 4.4171966397640725, 547);
2022-10-10 14:33:47.336  INFO 4460 --- [    Test worker] p6spy                                    : #1665380027336 | took 0ms | statement | connection 25| url jdbc:h2:mem:ad3a9e80-f26d-4a3e-9691-17f803db5723
insert into picture (spot_id, url, picture_id) values (?, ?, ?)
insert into picture (spot_id, url, picture_id) values (NULL, 'java.io.StringReader@32684468', 2241);
2022-10-10 14:33:47.336  INFO 4460 --- [    Test worker] p6spy                                    : #1665380027336 | took 0ms | statement | connection 25| url jdbc:h2:mem:ad3a9e80-f26d-4a3e-9691-17f803db5723
insert into picture (spot_id, url, picture_id) values (?, ?, ?)
insert into picture (spot_id, url, picture_id) values (NULL, 'java.io.StringReader@12318b0f', 2242);
2022-10-10 14:33:47.336  INFO 4460 --- [    Test worker] p6spy                                    : #1665380027336 | took 0ms | statement | connection 25| url jdbc:h2:mem:ad3a9e80-f26d-4a3e-9691-17f803db5723
insert into picture (spot_id, url, picture_id) values (?, ?, ?)
insert into picture (spot_id, url, picture_id) values (NULL, 'java.io.StringReader@4137e708', 2243);
2022-10-10 14:33:47.336  INFO 4460 --- [    Test worker] p6spy                                    : #1665380027336 | took 0ms | statement | connection 25| url jdbc:h2:mem:ad3a9e80-f26d-4a3e-9691-17f803db5723
insert into spot (address, description, location, name, score_id, spot_id) values (?, ?, ?, ?, ?, ?)
insert into spot (address, description, location, name, score_id, spot_id) values (NULL, NULL, 'Aewol_eup', NULL, 547, 613);
2022-10-10 14:33:47.336  INFO 4460 --- [    Test worker] p6spy                                    : #1665380027336 | took 0ms | statement | connection 25| url jdbc:h2:mem:ad3a9e80-f26d-4a3e-9691-17f803db5723
insert into member_spot (member_id, score, spot_id, member_spot_id) values (?, ?, ?, ?)
insert into member_spot (member_id, score, spot_id, member_spot_id) values (19, 0.0, 613, 2244);
2022-10-10 14:33:47.336  INFO 4460 --- [    Test worker] p6spy                                    : #1665380027336 | took 0ms | statement | connection 25| url jdbc:h2:mem:ad3a9e80-f26d-4a3e-9691-17f803db5723
insert into review (content, spot_id, review_id) values (?, ?, ?)
insert into review (content, spot_id, review_id) values ('java.io.StringReader@7b310eb2', 569, 549);
2022-10-10 14:33:47.336  INFO 4460 --- [    Test worker] p6spy                                    : #1665380027336 | took 0ms | statement | connection 25| url jdbc:h2:mem:ad3a9e80-f26d-4a3e-9691-17f803db5723
insert into favorite_spot (count, favorite_id, spot_id, favorite_spot_id) values (?, ?, ?, ?)
insert into favorite_spot (count, favorite_id, spot_id, favorite_spot_id) values (0, 39, 613, 443);
2022-10-10 14:33:47.336  INFO 4460 --- [    Test worker] p6spy                                    : #1665380027336 | took 0ms | statement | connection 25| url jdbc:h2:mem:ad3a9e80-f26d-4a3e-9691-17f803db5723
insert into score (facility_rank, facility_score, price_rank, price_score, rank_average, surround_rank, surround_score, view_rank, view_score, score_id) values (?, ?, ?, ?, ?, ?, ?, ?, ?, ?)
insert into score (facility_rank, facility_score, price_rank, price_score, rank_average, surround_rank, surround_score, view_rank, view_score, score_id) values (7.87129112537619, 4.534222081901253, 1.5071583124456878, 8.136486902607908, 6.364178515576401, 4.191422472843973, 3.3186632928274507, 8.11413134618837, 7.549652795917527, 548);
2022-10-10 14:33:47.336  INFO 4460 --- [    Test worker] p6spy                                    : #1665380027336 | took 0ms | statement | connection 25| url jdbc:h2:mem:ad3a9e80-f26d-4a3e-9691-17f803db5723
insert into picture (spot_id, url, picture_id) values (?, ?, ?)
insert into picture (spot_id, url, picture_id) values (NULL, 'java.io.StringReader@116c5bfa', 2245);
2022-10-10 14:33:47.336  INFO 4460 --- [    Test worker] p6spy                                    : #1665380027336 | took 0ms | statement | connection 25| url jdbc:h2:mem:ad3a9e80-f26d-4a3e-9691-17f803db5723
insert into picture (spot_id, url, picture_id) values (?, ?, ?)
insert into picture (spot_id, url, picture_id) values (NULL, 'java.io.StringReader@3b5dd355', 2246);
2022-10-10 14:33:47.336  INFO 4460 --- [    Test worker] p6spy                                    : #1665380027336 | took 0ms | statement | connection 25| url jdbc:h2:mem:ad3a9e80-f26d-4a3e-9691-17f803db5723
insert into picture (spot_id, url, picture_id) values (?, ?, ?)
insert into picture (spot_id, url, picture_id) values (NULL, 'java.io.StringReader@6599e23f', 2247);
2022-10-10 14:33:47.336  INFO 4460 --- [    Test worker] p6spy                                    : #1665380027336 | took 0ms | statement | connection 25| url jdbc:h2:mem:ad3a9e80-f26d-4a3e-9691-17f803db5723
insert into spot (address, description, location, name, score_id, spot_id) values (?, ?, ?, ?, ?, ?)
insert into spot (address, description, location, name, score_id, spot_id) values (NULL, NULL, 'Aewol_eup', NULL, 548, 614);
2022-10-10 14:33:47.336  INFO 4460 --- [    Test worker] p6spy                                    : #1665380027336 | took 0ms | statement | connection 25| url jdbc:h2:mem:ad3a9e80-f26d-4a3e-9691-17f803db5723
insert into member_spot (member_id, score, spot_id, member_spot_id) values (?, ?, ?, ?)
insert into member_spot (member_id, score, spot_id, member_spot_id) values (19, 0.0, 614, 2248);
2022-10-10 14:33:47.336  INFO 4460 --- [    Test worker] p6spy                                    : #1665380027336 | took 0ms | statement | connection 25| url jdbc:h2:mem:ad3a9e80-f26d-4a3e-9691-17f803db5723
insert into review (content, spot_id, review_id) values (?, ?, ?)
insert into review (content, spot_id, review_id) values ('java.io.StringReader@7c3ae042', 569, 550);
2022-10-10 14:33:47.336  INFO 4460 --- [    Test worker] p6spy                                    : #1665380027336 | took 0ms | statement | connection 25| url jdbc:h2:mem:ad3a9e80-f26d-4a3e-9691-17f803db5723
insert into score (facility_rank, facility_score, price_rank, price_score, rank_average, surround_rank, surround_score, view_rank, view_score, score_id) values (?, ?, ?, ?, ?, ?, ?, ?, ?, ?)
insert into score (facility_rank, facility_score, price_rank, price_score, rank_average, surround_rank, surround_score, view_rank, view_score, score_id) values (8.07290612230937, 4.788729571728071, 5.405896825570697, 0.2130404994156765, 1.3853661808533602, 5.832554020503712, 3.7629813418195166, 9.271825958850147, 5.423157902406968, 549);
2022-10-10 14:33:47.336  INFO 4460 --- [    Test worker] p6spy                                    : #1665380027336 | took 0ms | statement | connection 25| url jdbc:h2:mem:ad3a9e80-f26d-4a3e-9691-17f803db5723
insert into picture (spot_id, url, picture_id) values (?, ?, ?)
insert into picture (spot_id, url, picture_id) values (NULL, 'java.io.StringReader@71a67a4c', 2249);
2022-10-10 14:33:47.336  INFO 4460 --- [    Test worker] p6spy                                    : #1665380027336 | took 0ms | statement | connection 25| url jdbc:h2:mem:ad3a9e80-f26d-4a3e-9691-17f803db5723
insert into picture (spot_id, url, picture_id) values (?, ?, ?)
insert into picture (spot_id, url, picture_id) values (NULL, 'java.io.StringReader@2391117e', 2250);
2022-10-10 14:33:47.336  INFO 4460 --- [    Test worker] p6spy                                    : #1665380027336 | took 0ms | statement | connection 25| url jdbc:h2:mem:ad3a9e80-f26d-4a3e-9691-17f803db5723
insert into picture (spot_id, url, picture_id) values (?, ?, ?)
insert into picture (spot_id, url, picture_id) values (NULL, 'java.io.StringReader@5c811725', 2251);
2022-10-10 14:33:47.336  INFO 4460 --- [    Test worker] p6spy                                    : #1665380027336 | took 0ms | statement | connection 25| url jdbc:h2:mem:ad3a9e80-f26d-4a3e-9691-17f803db5723
insert into spot (address, description, location, name, score_id, spot_id) values (?, ?, ?, ?, ?, ?)
insert into spot (address, description, location, name, score_id, spot_id) values (NULL, NULL, 'Aewol_eup', NULL, 549, 615);
2022-10-10 14:33:47.336  INFO 4460 --- [    Test worker] p6spy                                    : #1665380027336 | took 0ms | statement | connection 25| url jdbc:h2:mem:ad3a9e80-f26d-4a3e-9691-17f803db5723
insert into member_spot (member_id, score, spot_id, member_spot_id) values (?, ?, ?, ?)
insert into member_spot (member_id, score, spot_id, member_spot_id) values (19, 0.0, 615, 2252);
2022-10-10 14:33:47.336  INFO 4460 --- [    Test worker] p6spy                                    : #1665380027336 | took 0ms | statement | connection 25| url jdbc:h2:mem:ad3a9e80-f26d-4a3e-9691-17f803db5723
insert into review (content, spot_id, review_id) values (?, ?, ?)
insert into review (content, spot_id, review_id) values ('java.io.StringReader@601b8fe3', 569, 551);
2022-10-10 14:33:47.336  INFO 4460 --- [    Test worker] p6spy                                    : #1665380027336 | took 0ms | statement | connection 25| url jdbc:h2:mem:ad3a9e80-f26d-4a3e-9691-17f803db5723
insert into favorite_spot (count, favorite_id, spot_id, favorite_spot_id) values (?, ?, ?, ?)
insert into favorite_spot (count, favorite_id, spot_id, favorite_spot_id) values (0, 39, 615, 444);
2022-10-10 14:33:47.336  INFO 4460 --- [    Test worker] p6spy                                    : #1665380027336 | took 0ms | statement | connection 25| url jdbc:h2:mem:ad3a9e80-f26d-4a3e-9691-17f803db5723
insert into score (facility_rank, facility_score, price_rank, price_score, rank_average, surround_rank, surround_score, view_rank, view_score, score_id) values (?, ?, ?, ?, ?, ?, ?, ?, ?, ?)
insert into score (facility_rank, facility_score, price_rank, price_score, rank_average, surround_rank, surround_score, view_rank, view_score, score_id) values (6.457729417109, 7.765386014713361, 2.3231802416964453, 1.6648344156615602, 6.551629182651087, 1.3430867644386135, 4.735216072945531, 9.734623023233599, 8.393584747531493, 550);
2022-10-10 14:33:47.336  INFO 4460 --- [    Test worker] p6spy                                    : #1665380027336 | took 0ms | statement | connection 25| url jdbc:h2:mem:ad3a9e80-f26d-4a3e-9691-17f803db5723
insert into picture (spot_id, url, picture_id) values (?, ?, ?)
insert into picture (spot_id, url, picture_id) values (NULL, 'java.io.StringReader@41a421dd', 2253);
2022-10-10 14:33:47.336  INFO 4460 --- [    Test worker] p6spy                                    : #1665380027336 | took 0ms | statement | connection 25| url jdbc:h2:mem:ad3a9e80-f26d-4a3e-9691-17f803db5723
insert into picture (spot_id, url, picture_id) values (?, ?, ?)
insert into picture (spot_id, url, picture_id) values (NULL, 'java.io.StringReader@4d07c08d', 2254);
2022-10-10 14:33:47.336  INFO 4460 --- [    Test worker] p6spy                                    : #1665380027336 | took 0ms | statement | connection 25| url jdbc:h2:mem:ad3a9e80-f26d-4a3e-9691-17f803db5723
insert into picture (spot_id, url, picture_id) values (?, ?, ?)
insert into picture (spot_id, url, picture_id) values (NULL, 'java.io.StringReader@29296a51', 2255);
2022-10-10 14:33:47.336  INFO 4460 --- [    Test worker] p6spy                                    : #1665380027336 | took 0ms | statement | connection 25| url jdbc:h2:mem:ad3a9e80-f26d-4a3e-9691-17f803db5723
insert into spot (address, description, location, name, score_id, spot_id) values (?, ?, ?, ?, ?, ?)
insert into spot (address, description, location, name, score_id, spot_id) values (NULL, NULL, 'Aewol_eup', NULL, 550, 616);
2022-10-10 14:33:47.336  INFO 4460 --- [    Test worker] p6spy                                    : #1665380027336 | took 0ms | statement | connection 25| url jdbc:h2:mem:ad3a9e80-f26d-4a3e-9691-17f803db5723
insert into member_spot (member_id, score, spot_id, member_spot_id) values (?, ?, ?, ?)
insert into member_spot (member_id, score, spot_id, member_spot_id) values (19, 0.0, 616, 2256);
2022-10-10 14:33:47.336  INFO 4460 --- [    Test worker] p6spy                                    : #1665380027336 | took 0ms | statement | connection 25| url jdbc:h2:mem:ad3a9e80-f26d-4a3e-9691-17f803db5723
insert into review (content, spot_id, review_id) values (?, ?, ?)
insert into review (content, spot_id, review_id) values ('java.io.StringReader@4762150a', 569, 552);
2022-10-10 14:33:47.337  INFO 4460 --- [    Test worker] p6spy                                    : #1665380027337 | took 0ms | statement | connection 25| url jdbc:h2:mem:ad3a9e80-f26d-4a3e-9691-17f803db5723
insert into score (facility_rank, facility_score, price_rank, price_score, rank_average, surround_rank, surround_score, view_rank, view_score, score_id) values (?, ?, ?, ?, ?, ?, ?, ?, ?, ?)
insert into score (facility_rank, facility_score, price_rank, price_score, rank_average, surround_rank, surround_score, view_rank, view_score, score_id) values (0.49600112987948974, 3.559727773773975, 2.978668363204245, 6.536159656310899, 0.7970707451665704, 1.6889018133011235, 1.8688791965206009, 8.592034018311645, 3.434288776931357, 551);
2022-10-10 14:33:47.337  INFO 4460 --- [    Test worker] p6spy                                    : #1665380027337 | took 0ms | statement | connection 25| url jdbc:h2:mem:ad3a9e80-f26d-4a3e-9691-17f803db5723
insert into picture (spot_id, url, picture_id) values (?, ?, ?)
insert into picture (spot_id, url, picture_id) values (NULL, 'java.io.StringReader@1ac45b4', 2257);
2022-10-10 14:33:47.337  INFO 4460 --- [    Test worker] p6spy                                    : #1665380027337 | took 0ms | statement | connection 25| url jdbc:h2:mem:ad3a9e80-f26d-4a3e-9691-17f803db5723
insert into picture (spot_id, url, picture_id) values (?, ?, ?)
insert into picture (spot_id, url, picture_id) values (NULL, 'java.io.StringReader@15f209fc', 2258);
2022-10-10 14:33:47.337  INFO 4460 --- [    Test worker] p6spy                                    : #1665380027337 | took 0ms | statement | connection 25| url jdbc:h2:mem:ad3a9e80-f26d-4a3e-9691-17f803db5723
insert into picture (spot_id, url, picture_id) values (?, ?, ?)
insert into picture (spot_id, url, picture_id) values (NULL, 'java.io.StringReader@65a3edc8', 2259);
2022-10-10 14:33:47.337  INFO 4460 --- [    Test worker] p6spy                                    : #1665380027337 | took 0ms | statement | connection 25| url jdbc:h2:mem:ad3a9e80-f26d-4a3e-9691-17f803db5723
insert into spot (address, description, location, name, score_id, spot_id) values (?, ?, ?, ?, ?, ?)
insert into spot (address, description, location, name, score_id, spot_id) values (NULL, NULL, 'Aewol_eup', NULL, 551, 617);
2022-10-10 14:33:47.337  INFO 4460 --- [    Test worker] p6spy                                    : #1665380027337 | took 0ms | statement | connection 25| url jdbc:h2:mem:ad3a9e80-f26d-4a3e-9691-17f803db5723
insert into member_spot (member_id, score, spot_id, member_spot_id) values (?, ?, ?, ?)
insert into member_spot (member_id, score, spot_id, member_spot_id) values (19, 0.0, 617, 2260);
2022-10-10 14:33:47.337  INFO 4460 --- [    Test worker] p6spy                                    : #1665380027337 | took 0ms | statement | connection 25| url jdbc:h2:mem:ad3a9e80-f26d-4a3e-9691-17f803db5723
insert into review (content, spot_id, review_id) values (?, ?, ?)
insert into review (content, spot_id, review_id) values ('java.io.StringReader@683576b6', 569, 553);
2022-10-10 14:33:47.337  INFO 4460 --- [    Test worker] p6spy                                    : #1665380027337 | took 0ms | statement | connection 25| url jdbc:h2:mem:ad3a9e80-f26d-4a3e-9691-17f803db5723
insert into favorite_spot (count, favorite_id, spot_id, favorite_spot_id) values (?, ?, ?, ?)
insert into favorite_spot (count, favorite_id, spot_id, favorite_spot_id) values (0, 39, 617, 445);
2022-10-10 14:33:47.337  INFO 4460 --- [    Test worker] p6spy                                    : #1665380027337 | took 0ms | statement | connection 25| url jdbc:h2:mem:ad3a9e80-f26d-4a3e-9691-17f803db5723
insert into score (facility_rank, facility_score, price_rank, price_score, rank_average, surround_rank, surround_score, view_rank, view_score, score_id) values (?, ?, ?, ?, ?, ?, ?, ?, ?, ?)
insert into score (facility_rank, facility_score, price_rank, price_score, rank_average, surround_rank, surround_score, view_rank, view_score, score_id) values (9.38525015584339, 1.4889236170920228, 3.2841572302946087, 7.700348103153301, 0.7269656032971805, 8.52615747117509, 3.9676118739808452, 5.240041200832816, 7.369309205774859, 552);
2022-10-10 14:33:47.337  INFO 4460 --- [    Test worker] p6spy                                    : #1665380027337 | took 0ms | statement | connection 25| url jdbc:h2:mem:ad3a9e80-f26d-4a3e-9691-17f803db5723
insert into picture (spot_id, url, picture_id) values (?, ?, ?)
insert into picture (spot_id, url, picture_id) values (NULL, 'java.io.StringReader@604a7303', 2261);
2022-10-10 14:33:47.337  INFO 4460 --- [    Test worker] p6spy                                    : #1665380027337 | took 0ms | statement | connection 25| url jdbc:h2:mem:ad3a9e80-f26d-4a3e-9691-17f803db5723
insert into picture (spot_id, url, picture_id) values (?, ?, ?)
insert into picture (spot_id, url, picture_id) values (NULL, 'java.io.StringReader@2f9b6bba', 2262);
2022-10-10 14:33:47.337  INFO 4460 --- [    Test worker] p6spy                                    : #1665380027337 | took 0ms | statement | connection 25| url jdbc:h2:mem:ad3a9e80-f26d-4a3e-9691-17f803db5723
insert into picture (spot_id, url, picture_id) values (?, ?, ?)
insert into picture (spot_id, url, picture_id) values (NULL, 'java.io.StringReader@c69630b', 2263);
2022-10-10 14:33:47.337  INFO 4460 --- [    Test worker] p6spy                                    : #1665380027337 | took 0ms | statement | connection 25| url jdbc:h2:mem:ad3a9e80-f26d-4a3e-9691-17f803db5723
insert into spot (address, description, location, name, score_id, spot_id) values (?, ?, ?, ?, ?, ?)
insert into spot (address, description, location, name, score_id, spot_id) values (NULL, NULL, 'Aewol_eup', NULL, 552, 618);
2022-10-10 14:33:47.337  INFO 4460 --- [    Test worker] p6spy                                    : #1665380027337 | took 0ms | statement | connection 25| url jdbc:h2:mem:ad3a9e80-f26d-4a3e-9691-17f803db5723
insert into member_spot (member_id, score, spot_id, member_spot_id) values (?, ?, ?, ?)
insert into member_spot (member_id, score, spot_id, member_spot_id) values (19, 0.0, 618, 2264);
2022-10-10 14:33:47.337  INFO 4460 --- [    Test worker] p6spy                                    : #1665380027337 | took 0ms | statement | connection 25| url jdbc:h2:mem:ad3a9e80-f26d-4a3e-9691-17f803db5723
insert into review (content, spot_id, review_id) values (?, ?, ?)
insert into review (content, spot_id, review_id) values ('java.io.StringReader@650aed6b', 569, 554);
2022-10-10 14:33:47.337  INFO 4460 --- [    Test worker] p6spy                                    : #1665380027337 | took 0ms | statement | connection 25| url jdbc:h2:mem:ad3a9e80-f26d-4a3e-9691-17f803db5723
insert into score (facility_rank, facility_score, price_rank, price_score, rank_average, surround_rank, surround_score, view_rank, view_score, score_id) values (?, ?, ?, ?, ?, ?, ?, ?, ?, ?)
insert into score (facility_rank, facility_score, price_rank, price_score, rank_average, surround_rank, surround_score, view_rank, view_score, score_id) values (4.130296237193546, 9.40126019278623, 7.498082135732234, 0.962341370169838, 7.216308872695317, 0.6043825164202343, 5.011457052124138, 3.0760809093764507, 3.8727590451836336, 553);
2022-10-10 14:33:47.337  INFO 4460 --- [    Test worker] p6spy                                    : #1665380027337 | took 0ms | statement | connection 25| url jdbc:h2:mem:ad3a9e80-f26d-4a3e-9691-17f803db5723
insert into picture (spot_id, url, picture_id) values (?, ?, ?)
insert into picture (spot_id, url, picture_id) values (NULL, 'java.io.StringReader@130b0206', 2265);
2022-10-10 14:33:47.337  INFO 4460 --- [    Test worker] p6spy                                    : #1665380027337 | took 0ms | statement | connection 25| url jdbc:h2:mem:ad3a9e80-f26d-4a3e-9691-17f803db5723
insert into picture (spot_id, url, picture_id) values (?, ?, ?)
insert into picture (spot_id, url, picture_id) values (NULL, 'java.io.StringReader@63fe4487', 2266);
2022-10-10 14:33:47.337  INFO 4460 --- [    Test worker] p6spy                                    : #1665380027337 | took 0ms | statement | connection 25| url jdbc:h2:mem:ad3a9e80-f26d-4a3e-9691-17f803db5723
insert into picture (spot_id, url, picture_id) values (?, ?, ?)
insert into picture (spot_id, url, picture_id) values (NULL, 'java.io.StringReader@486e000a', 2267);
2022-10-10 14:33:47.337  INFO 4460 --- [    Test worker] p6spy                                    : #1665380027337 | took 0ms | statement | connection 25| url jdbc:h2:mem:ad3a9e80-f26d-4a3e-9691-17f803db5723
insert into spot (address, description, location, name, score_id, spot_id) values (?, ?, ?, ?, ?, ?)
insert into spot (address, description, location, name, score_id, spot_id) values (NULL, NULL, 'Andeok_myeon', NULL, 553, 619);
2022-10-10 14:33:47.337  INFO 4460 --- [    Test worker] p6spy                                    : #1665380027337 | took 0ms | statement | connection 25| url jdbc:h2:mem:ad3a9e80-f26d-4a3e-9691-17f803db5723
insert into member_spot (member_id, score, spot_id, member_spot_id) values (?, ?, ?, ?)
insert into member_spot (member_id, score, spot_id, member_spot_id) values (18, 0.0, 619, 2268);
2022-10-10 14:33:47.337  INFO 4460 --- [    Test worker] p6spy                                    : #1665380027337 | took 0ms | statement | connection 25| url jdbc:h2:mem:ad3a9e80-f26d-4a3e-9691-17f803db5723
insert into review (content, spot_id, review_id) values (?, ?, ?)
insert into review (content, spot_id, review_id) values ('java.io.StringReader@7671b784', 569, 555);
2022-10-10 14:33:47.337  INFO 4460 --- [    Test worker] p6spy                                    : #1665380027337 | took 0ms | statement | connection 25| url jdbc:h2:mem:ad3a9e80-f26d-4a3e-9691-17f803db5723
insert into favorite_spot (count, favorite_id, spot_id, favorite_spot_id) values (?, ?, ?, ?)
insert into favorite_spot (count, favorite_id, spot_id, favorite_spot_id) values (0, 39, 619, 446);
2022-10-10 14:33:47.337  INFO 4460 --- [    Test worker] p6spy                                    : #1665380027337 | took 0ms | statement | connection 25| url jdbc:h2:mem:ad3a9e80-f26d-4a3e-9691-17f803db5723
insert into score (facility_rank, facility_score, price_rank, price_score, rank_average, surround_rank, surround_score, view_rank, view_score, score_id) values (?, ?, ?, ?, ?, ?, ?, ?, ?, ?)
insert into score (facility_rank, facility_score, price_rank, price_score, rank_average, surround_rank, surround_score, view_rank, view_score, score_id) values (8.696351087542531, 4.532103906874657, 6.072234434116065, 7.4405176010357525, 1.0107392974202811, 7.453071798339278, 9.928528032100147, 9.056947913309626, 8.496080043789808, 554);
2022-10-10 14:33:47.337  INFO 4460 --- [    Test worker] p6spy                                    : #1665380027337 | took 0ms | statement | connection 25| url jdbc:h2:mem:ad3a9e80-f26d-4a3e-9691-17f803db5723
insert into picture (spot_id, url, picture_id) values (?, ?, ?)
insert into picture (spot_id, url, picture_id) values (NULL, 'java.io.StringReader@65d7108d', 2269);
2022-10-10 14:33:47.337  INFO 4460 --- [    Test worker] p6spy                                    : #1665380027337 | took 0ms | statement | connection 25| url jdbc:h2:mem:ad3a9e80-f26d-4a3e-9691-17f803db5723
insert into picture (spot_id, url, picture_id) values (?, ?, ?)
insert into picture (spot_id, url, picture_id) values (NULL, 'java.io.StringReader@c37d43e', 2270);
2022-10-10 14:33:47.337  INFO 4460 --- [    Test worker] p6spy                                    : #1665380027337 | took 0ms | statement | connection 25| url jdbc:h2:mem:ad3a9e80-f26d-4a3e-9691-17f803db5723
insert into picture (spot_id, url, picture_id) values (?, ?, ?)
insert into picture (spot_id, url, picture_id) values (NULL, 'java.io.StringReader@29defbb9', 2271);
2022-10-10 14:33:47.337  INFO 4460 --- [    Test worker] p6spy                                    : #1665380027337 | took 0ms | statement | connection 25| url jdbc:h2:mem:ad3a9e80-f26d-4a3e-9691-17f803db5723
insert into spot (address, description, location, name, score_id, spot_id) values (?, ?, ?, ?, ?, ?)
insert into spot (address, description, location, name, score_id, spot_id) values (NULL, NULL, 'Andeok_myeon', NULL, 554, 620);
2022-10-10 14:33:47.337  INFO 4460 --- [    Test worker] p6spy                                    : #1665380027337 | took 0ms | statement | connection 25| url jdbc:h2:mem:ad3a9e80-f26d-4a3e-9691-17f803db5723
insert into member_spot (member_id, score, spot_id, member_spot_id) values (?, ?, ?, ?)
insert into member_spot (member_id, score, spot_id, member_spot_id) values (18, 0.0, 620, 2272);
2022-10-10 14:33:47.337  INFO 4460 --- [    Test worker] p6spy                                    : #1665380027337 | took 0ms | statement | connection 25| url jdbc:h2:mem:ad3a9e80-f26d-4a3e-9691-17f803db5723
insert into review (content, spot_id, review_id) values (?, ?, ?)
insert into review (content, spot_id, review_id) values ('java.io.StringReader@372dfeec', 569, 556);
2022-10-10 14:33:47.337  INFO 4460 --- [    Test worker] p6spy                                    : #1665380027337 | took 0ms | statement | connection 25| url jdbc:h2:mem:ad3a9e80-f26d-4a3e-9691-17f803db5723
insert into score (facility_rank, facility_score, price_rank, price_score, rank_average, surround_rank, surround_score, view_rank, view_score, score_id) values (?, ?, ?, ?, ?, ?, ?, ?, ?, ?)
insert into score (facility_rank, facility_score, price_rank, price_score, rank_average, surround_rank, surround_score, view_rank, view_score, score_id) values (1.5768752075342496, 9.648170711825037, 1.3493416899708899, 6.122223937959942, 9.205880994081605, 3.94523302920926, 8.770233426045941, 9.257302416288837, 0.1540902291688806, 555);
2022-10-10 14:33:47.337  INFO 4460 --- [    Test worker] p6spy                                    : #1665380027337 | took 0ms | statement | connection 25| url jdbc:h2:mem:ad3a9e80-f26d-4a3e-9691-17f803db5723
insert into picture (spot_id, url, picture_id) values (?, ?, ?)
insert into picture (spot_id, url, picture_id) values (NULL, 'java.io.StringReader@657b84c5', 2273);
2022-10-10 14:33:47.338  INFO 4460 --- [    Test worker] p6spy                                    : #1665380027338 | took 0ms | statement | connection 25| url jdbc:h2:mem:ad3a9e80-f26d-4a3e-9691-17f803db5723
insert into picture (spot_id, url, picture_id) values (?, ?, ?)
insert into picture (spot_id, url, picture_id) values (NULL, 'java.io.StringReader@332ca0d9', 2274);
2022-10-10 14:33:47.338  INFO 4460 --- [    Test worker] p6spy                                    : #1665380027338 | took 0ms | statement | connection 25| url jdbc:h2:mem:ad3a9e80-f26d-4a3e-9691-17f803db5723
insert into picture (spot_id, url, picture_id) values (?, ?, ?)
insert into picture (spot_id, url, picture_id) values (NULL, 'java.io.StringReader@2926020', 2275);
2022-10-10 14:33:47.338  INFO 4460 --- [    Test worker] p6spy                                    : #1665380027338 | took 0ms | statement | connection 25| url jdbc:h2:mem:ad3a9e80-f26d-4a3e-9691-17f803db5723
insert into spot (address, description, location, name, score_id, spot_id) values (?, ?, ?, ?, ?, ?)
insert into spot (address, description, location, name, score_id, spot_id) values (NULL, NULL, 'Andeok_myeon', NULL, 555, 621);
2022-10-10 14:33:47.338  INFO 4460 --- [    Test worker] p6spy                                    : #1665380027338 | took 0ms | statement | connection 25| url jdbc:h2:mem:ad3a9e80-f26d-4a3e-9691-17f803db5723
insert into member_spot (member_id, score, spot_id, member_spot_id) values (?, ?, ?, ?)
insert into member_spot (member_id, score, spot_id, member_spot_id) values (18, 0.0, 621, 2276);
2022-10-10 14:33:47.338  INFO 4460 --- [    Test worker] p6spy                                    : #1665380027338 | took 0ms | statement | connection 25| url jdbc:h2:mem:ad3a9e80-f26d-4a3e-9691-17f803db5723
insert into review (content, spot_id, review_id) values (?, ?, ?)
insert into review (content, spot_id, review_id) values ('java.io.StringReader@1380f6b6', 569, 557);
2022-10-10 14:33:47.338  INFO 4460 --- [    Test worker] p6spy                                    : #1665380027338 | took 0ms | statement | connection 25| url jdbc:h2:mem:ad3a9e80-f26d-4a3e-9691-17f803db5723
insert into favorite_spot (count, favorite_id, spot_id, favorite_spot_id) values (?, ?, ?, ?)
insert into favorite_spot (count, favorite_id, spot_id, favorite_spot_id) values (0, 39, 621, 447);
2022-10-10 14:33:47.338  INFO 4460 --- [    Test worker] p6spy                                    : #1665380027338 | took 0ms | statement | connection 25| url jdbc:h2:mem:ad3a9e80-f26d-4a3e-9691-17f803db5723
insert into score (facility_rank, facility_score, price_rank, price_score, rank_average, surround_rank, surround_score, view_rank, view_score, score_id) values (?, ?, ?, ?, ?, ?, ?, ?, ?, ?)
insert into score (facility_rank, facility_score, price_rank, price_score, rank_average, surround_rank, surround_score, view_rank, view_score, score_id) values (2.0331394829084037, 4.414624179469242, 3.753744881529725, 4.541802355546929, 1.4288179168756132, 8.888239077833797, 9.637350925304121, 3.089353293164132, 4.684366974731329, 556);
2022-10-10 14:33:47.338  INFO 4460 --- [    Test worker] p6spy                                    : #1665380027338 | took 0ms | statement | connection 25| url jdbc:h2:mem:ad3a9e80-f26d-4a3e-9691-17f803db5723
insert into picture (spot_id, url, picture_id) values (?, ?, ?)
insert into picture (spot_id, url, picture_id) values (NULL, 'java.io.StringReader@15f8262c', 2277);
2022-10-10 14:33:47.338  INFO 4460 --- [    Test worker] p6spy                                    : #1665380027338 | took 0ms | statement | connection 25| url jdbc:h2:mem:ad3a9e80-f26d-4a3e-9691-17f803db5723
insert into picture (spot_id, url, picture_id) values (?, ?, ?)
insert into picture (spot_id, url, picture_id) values (NULL, 'java.io.StringReader@41c768d1', 2278);
2022-10-10 14:33:47.338  INFO 4460 --- [    Test worker] p6spy                                    : #1665380027338 | took 0ms | statement | connection 25| url jdbc:h2:mem:ad3a9e80-f26d-4a3e-9691-17f803db5723
insert into picture (spot_id, url, picture_id) values (?, ?, ?)
insert into picture (spot_id, url, picture_id) values (NULL, 'java.io.StringReader@27a44ccc', 2279);
2022-10-10 14:33:47.338  INFO 4460 --- [    Test worker] p6spy                                    : #1665380027338 | took 0ms | statement | connection 25| url jdbc:h2:mem:ad3a9e80-f26d-4a3e-9691-17f803db5723
insert into spot (address, description, location, name, score_id, spot_id) values (?, ?, ?, ?, ?, ?)
insert into spot (address, description, location, name, score_id, spot_id) values (NULL, NULL, 'Andeok_myeon', NULL, 556, 622);
2022-10-10 14:33:47.338  INFO 4460 --- [    Test worker] p6spy                                    : #1665380027338 | took 0ms | statement | connection 25| url jdbc:h2:mem:ad3a9e80-f26d-4a3e-9691-17f803db5723
insert into member_spot (member_id, score, spot_id, member_spot_id) values (?, ?, ?, ?)
insert into member_spot (member_id, score, spot_id, member_spot_id) values (18, 0.0, 622, 2280);
2022-10-10 14:33:47.338  INFO 4460 --- [    Test worker] p6spy                                    : #1665380027338 | took 0ms | statement | connection 25| url jdbc:h2:mem:ad3a9e80-f26d-4a3e-9691-17f803db5723
insert into review (content, spot_id, review_id) values (?, ?, ?)
insert into review (content, spot_id, review_id) values ('java.io.StringReader@23e3788a', 569, 558);
2022-10-10 14:33:47.338  INFO 4460 --- [    Test worker] p6spy                                    : #1665380027338 | took 0ms | statement | connection 25| url jdbc:h2:mem:ad3a9e80-f26d-4a3e-9691-17f803db5723
insert into score (facility_rank, facility_score, price_rank, price_score, rank_average, surround_rank, surround_score, view_rank, view_score, score_id) values (?, ?, ?, ?, ?, ?, ?, ?, ?, ?)
insert into score (facility_rank, facility_score, price_rank, price_score, rank_average, surround_rank, surround_score, view_rank, view_score, score_id) values (4.629117429718921, 0.5387743711895554, 3.105968375335956, 6.946222242590187, 2.186687057024529, 9.732958805571313, 4.386319312214005, 6.153119147934262, 2.796871929298522, 557);
2022-10-10 14:33:47.338  INFO 4460 --- [    Test worker] p6spy                                    : #1665380027338 | took 0ms | statement | connection 25| url jdbc:h2:mem:ad3a9e80-f26d-4a3e-9691-17f803db5723
insert into picture (spot_id, url, picture_id) values (?, ?, ?)
insert into picture (spot_id, url, picture_id) values (NULL, 'java.io.StringReader@74f60344', 2281);
2022-10-10 14:33:47.338  INFO 4460 --- [    Test worker] p6spy                                    : #1665380027338 | took 0ms | statement | connection 25| url jdbc:h2:mem:ad3a9e80-f26d-4a3e-9691-17f803db5723
insert into picture (spot_id, url, picture_id) values (?, ?, ?)
insert into picture (spot_id, url, picture_id) values (NULL, 'java.io.StringReader@1235ba55', 2282);
2022-10-10 14:33:47.338  INFO 4460 --- [    Test worker] p6spy                                    : #1665380027338 | took 0ms | statement | connection 25| url jdbc:h2:mem:ad3a9e80-f26d-4a3e-9691-17f803db5723
insert into picture (spot_id, url, picture_id) values (?, ?, ?)
insert into picture (spot_id, url, picture_id) values (NULL, 'java.io.StringReader@6de90db3', 2283);
2022-10-10 14:33:47.338  INFO 4460 --- [    Test worker] p6spy                                    : #1665380027338 | took 0ms | statement | connection 25| url jdbc:h2:mem:ad3a9e80-f26d-4a3e-9691-17f803db5723
insert into spot (address, description, location, name, score_id, spot_id) values (?, ?, ?, ?, ?, ?)
insert into spot (address, description, location, name, score_id, spot_id) values (NULL, NULL, 'Andeok_myeon', NULL, 557, 623);
2022-10-10 14:33:47.338  INFO 4460 --- [    Test worker] p6spy                                    : #1665380027338 | took 0ms | statement | connection 25| url jdbc:h2:mem:ad3a9e80-f26d-4a3e-9691-17f803db5723
insert into member_spot (member_id, score, spot_id, member_spot_id) values (?, ?, ?, ?)
insert into member_spot (member_id, score, spot_id, member_spot_id) values (18, 0.0, 623, 2284);
2022-10-10 14:33:47.338  INFO 4460 --- [    Test worker] p6spy                                    : #1665380027338 | took 0ms | statement | connection 25| url jdbc:h2:mem:ad3a9e80-f26d-4a3e-9691-17f803db5723
insert into review (content, spot_id, review_id) values (?, ?, ?)
insert into review (content, spot_id, review_id) values ('java.io.StringReader@6eb45d80', 569, 559);
2022-10-10 14:33:47.338  INFO 4460 --- [    Test worker] p6spy                                    : #1665380027338 | took 0ms | statement | connection 25| url jdbc:h2:mem:ad3a9e80-f26d-4a3e-9691-17f803db5723
insert into favorite_spot (count, favorite_id, spot_id, favorite_spot_id) values (?, ?, ?, ?)
insert into favorite_spot (count, favorite_id, spot_id, favorite_spot_id) values (0, 39, 623, 448);
2022-10-10 14:33:47.338  INFO 4460 --- [    Test worker] p6spy                                    : #1665380027338 | took 0ms | statement | connection 25| url jdbc:h2:mem:ad3a9e80-f26d-4a3e-9691-17f803db5723
insert into score (facility_rank, facility_score, price_rank, price_score, rank_average, surround_rank, surround_score, view_rank, view_score, score_id) values (?, ?, ?, ?, ?, ?, ?, ?, ?, ?)
insert into score (facility_rank, facility_score, price_rank, price_score, rank_average, surround_rank, surround_score, view_rank, view_score, score_id) values (1.1828696707182595, 3.07536787525027, 6.322042525916345, 9.976604528095395, 5.489762667201525, 2.3889942856594235, 7.76076628936687, 7.67972765454661, 3.6738838051691336, 558);
2022-10-10 14:33:47.338  INFO 4460 --- [    Test worker] p6spy                                    : #1665380027338 | took 0ms | statement | connection 25| url jdbc:h2:mem:ad3a9e80-f26d-4a3e-9691-17f803db5723
insert into picture (spot_id, url, picture_id) values (?, ?, ?)
insert into picture (spot_id, url, picture_id) values (NULL, 'java.io.StringReader@4e13b27c', 2285);
2022-10-10 14:33:47.338  INFO 4460 --- [    Test worker] p6spy                                    : #1665380027338 | took 0ms | statement | connection 25| url jdbc:h2:mem:ad3a9e80-f26d-4a3e-9691-17f803db5723
insert into picture (spot_id, url, picture_id) values (?, ?, ?)
insert into picture (spot_id, url, picture_id) values (NULL, 'java.io.StringReader@344edbef', 2286);
2022-10-10 14:33:47.338  INFO 4460 --- [    Test worker] p6spy                                    : #1665380027338 | took 0ms | statement | connection 25| url jdbc:h2:mem:ad3a9e80-f26d-4a3e-9691-17f803db5723
insert into picture (spot_id, url, picture_id) values (?, ?, ?)
insert into picture (spot_id, url, picture_id) values (NULL, 'java.io.StringReader@237e162a', 2287);
2022-10-10 14:33:47.338  INFO 4460 --- [    Test worker] p6spy                                    : #1665380027338 | took 0ms | statement | connection 25| url jdbc:h2:mem:ad3a9e80-f26d-4a3e-9691-17f803db5723
insert into spot (address, description, location, name, score_id, spot_id) values (?, ?, ?, ?, ?, ?)
insert into spot (address, description, location, name, score_id, spot_id) values (NULL, NULL, 'Andeok_myeon', NULL, 558, 624);
2022-10-10 14:33:47.338  INFO 4460 --- [    Test worker] p6spy                                    : #1665380027338 | took 0ms | statement | connection 25| url jdbc:h2:mem:ad3a9e80-f26d-4a3e-9691-17f803db5723
insert into member_spot (member_id, score, spot_id, member_spot_id) values (?, ?, ?, ?)
insert into member_spot (member_id, score, spot_id, member_spot_id) values (18, 0.0, 624, 2288);
2022-10-10 14:33:47.338  INFO 4460 --- [    Test worker] p6spy                                    : #1665380027338 | took 0ms | statement | connection 25| url jdbc:h2:mem:ad3a9e80-f26d-4a3e-9691-17f803db5723
insert into review (content, spot_id, review_id) values (?, ?, ?)
insert into review (content, spot_id, review_id) values ('java.io.StringReader@33b7016c', 569, 560);
2022-10-10 14:33:47.338  INFO 4460 --- [    Test worker] p6spy                                    : #1665380027338 | took 0ms | statement | connection 25| url jdbc:h2:mem:ad3a9e80-f26d-4a3e-9691-17f803db5723
insert into score (facility_rank, facility_score, price_rank, price_score, rank_average, surround_rank, surround_score, view_rank, view_score, score_id) values (?, ?, ?, ?, ?, ?, ?, ?, ?, ?)
insert into score (facility_rank, facility_score, price_rank, price_score, rank_average, surround_rank, surround_score, view_rank, view_score, score_id) values (8.990082640335947, 1.7452619915412992, 6.688457788891059, 5.782900204299155, 9.644710879452253, 8.064078260332668, 0.43108817723557125, 6.778985553881975, 4.1578794771348075, 559);
2022-10-10 14:33:47.339  INFO 4460 --- [    Test worker] p6spy                                    : #1665380027339 | took 0ms | statement | connection 25| url jdbc:h2:mem:ad3a9e80-f26d-4a3e-9691-17f803db5723
insert into picture (spot_id, url, picture_id) values (?, ?, ?)
insert into picture (spot_id, url, picture_id) values (NULL, 'java.io.StringReader@31e508ef', 2289);
2022-10-10 14:33:47.339  INFO 4460 --- [    Test worker] p6spy                                    : #1665380027339 | took 0ms | statement | connection 25| url jdbc:h2:mem:ad3a9e80-f26d-4a3e-9691-17f803db5723
insert into picture (spot_id, url, picture_id) values (?, ?, ?)
insert into picture (spot_id, url, picture_id) values (NULL, 'java.io.StringReader@241e27b6', 2290);
2022-10-10 14:33:47.339  INFO 4460 --- [    Test worker] p6spy                                    : #1665380027339 | took 0ms | statement | connection 25| url jdbc:h2:mem:ad3a9e80-f26d-4a3e-9691-17f803db5723
insert into picture (spot_id, url, picture_id) values (?, ?, ?)
insert into picture (spot_id, url, picture_id) values (NULL, 'java.io.StringReader@38cb6f24', 2291);
2022-10-10 14:33:47.339  INFO 4460 --- [    Test worker] p6spy                                    : #1665380027339 | took 0ms | statement | connection 25| url jdbc:h2:mem:ad3a9e80-f26d-4a3e-9691-17f803db5723
insert into spot (address, description, location, name, score_id, spot_id) values (?, ?, ?, ?, ?, ?)
insert into spot (address, description, location, name, score_id, spot_id) values (NULL, NULL, 'Andeok_myeon', NULL, 559, 625);
2022-10-10 14:33:47.339  INFO 4460 --- [    Test worker] p6spy                                    : #1665380027339 | took 0ms | statement | connection 25| url jdbc:h2:mem:ad3a9e80-f26d-4a3e-9691-17f803db5723
insert into member_spot (member_id, score, spot_id, member_spot_id) values (?, ?, ?, ?)
insert into member_spot (member_id, score, spot_id, member_spot_id) values (18, 0.0, 625, 2292);
2022-10-10 14:33:47.339  INFO 4460 --- [    Test worker] p6spy                                    : #1665380027339 | took 0ms | statement | connection 25| url jdbc:h2:mem:ad3a9e80-f26d-4a3e-9691-17f803db5723
insert into review (content, spot_id, review_id) values (?, ?, ?)
insert into review (content, spot_id, review_id) values ('java.io.StringReader@11d5c69f', 569, 561);
2022-10-10 14:33:47.339  INFO 4460 --- [    Test worker] p6spy                                    : #1665380027339 | took 0ms | statement | connection 25| url jdbc:h2:mem:ad3a9e80-f26d-4a3e-9691-17f803db5723
insert into favorite_spot (count, favorite_id, spot_id, favorite_spot_id) values (?, ?, ?, ?)
insert into favorite_spot (count, favorite_id, spot_id, favorite_spot_id) values (0, 39, 625, 449);
2022-10-10 14:33:47.339  INFO 4460 --- [    Test worker] p6spy                                    : #1665380027339 | took 0ms | statement | connection 25| url jdbc:h2:mem:ad3a9e80-f26d-4a3e-9691-17f803db5723
insert into score (facility_rank, facility_score, price_rank, price_score, rank_average, surround_rank, surround_score, view_rank, view_score, score_id) values (?, ?, ?, ?, ?, ?, ?, ?, ?, ?)
insert into score (facility_rank, facility_score, price_rank, price_score, rank_average, surround_rank, surround_score, view_rank, view_score, score_id) values (9.959902309355801, 5.588527246072989, 9.058348261657368, 4.944826726451337, 8.826227336182072, 2.4131664887450697, 1.7960845416555449, 2.6502381254813248, 2.898693053501945, 560);
2022-10-10 14:33:47.339  INFO 4460 --- [    Test worker] p6spy                                    : #1665380027339 | took 0ms | statement | connection 25| url jdbc:h2:mem:ad3a9e80-f26d-4a3e-9691-17f803db5723
insert into picture (spot_id, url, picture_id) values (?, ?, ?)
insert into picture (spot_id, url, picture_id) values (NULL, 'java.io.StringReader@4d561fe9', 2293);
2022-10-10 14:33:47.339  INFO 4460 --- [    Test worker] p6spy                                    : #1665380027339 | took 0ms | statement | connection 25| url jdbc:h2:mem:ad3a9e80-f26d-4a3e-9691-17f803db5723
insert into picture (spot_id, url, picture_id) values (?, ?, ?)
insert into picture (spot_id, url, picture_id) values (NULL, 'java.io.StringReader@5419a078', 2294);
2022-10-10 14:33:47.339  INFO 4460 --- [    Test worker] p6spy                                    : #1665380027339 | took 0ms | statement | connection 25| url jdbc:h2:mem:ad3a9e80-f26d-4a3e-9691-17f803db5723
insert into picture (spot_id, url, picture_id) values (?, ?, ?)
insert into picture (spot_id, url, picture_id) values (NULL, 'java.io.StringReader@514796bd', 2295);
2022-10-10 14:33:47.339  INFO 4460 --- [    Test worker] p6spy                                    : #1665380027339 | took 0ms | statement | connection 25| url jdbc:h2:mem:ad3a9e80-f26d-4a3e-9691-17f803db5723
insert into spot (address, description, location, name, score_id, spot_id) values (?, ?, ?, ?, ?, ?)
insert into spot (address, description, location, name, score_id, spot_id) values (NULL, NULL, 'Andeok_myeon', NULL, 560, 626);
2022-10-10 14:33:47.339  INFO 4460 --- [    Test worker] p6spy                                    : #1665380027339 | took 0ms | statement | connection 25| url jdbc:h2:mem:ad3a9e80-f26d-4a3e-9691-17f803db5723
insert into member_spot (member_id, score, spot_id, member_spot_id) values (?, ?, ?, ?)
insert into member_spot (member_id, score, spot_id, member_spot_id) values (18, 0.0, 626, 2296);
2022-10-10 14:33:47.339  INFO 4460 --- [    Test worker] p6spy                                    : #1665380027339 | took 0ms | statement | connection 25| url jdbc:h2:mem:ad3a9e80-f26d-4a3e-9691-17f803db5723
insert into review (content, spot_id, review_id) values (?, ?, ?)
insert into review (content, spot_id, review_id) values ('java.io.StringReader@227c178e', 569, 562);
2022-10-10 14:33:47.339  INFO 4460 --- [    Test worker] p6spy                                    : #1665380027339 | took 0ms | statement | connection 25| url jdbc:h2:mem:ad3a9e80-f26d-4a3e-9691-17f803db5723
insert into score (facility_rank, facility_score, price_rank, price_score, rank_average, surround_rank, surround_score, view_rank, view_score, score_id) values (?, ?, ?, ?, ?, ?, ?, ?, ?, ?)
insert into score (facility_rank, facility_score, price_rank, price_score, rank_average, surround_rank, surround_score, view_rank, view_score, score_id) values (8.444051659544531, 1.503118073226144, 2.7551267988956987, 0.45014527946079075, 1.6546125443696957, 3.265991002346226, 8.799639040459144, 2.442860113654156, 3.522523931063828, 561);
2022-10-10 14:33:47.339  INFO 4460 --- [    Test worker] p6spy                                    : #1665380027339 | took 0ms | statement | connection 25| url jdbc:h2:mem:ad3a9e80-f26d-4a3e-9691-17f803db5723
insert into picture (spot_id, url, picture_id) values (?, ?, ?)
insert into picture (spot_id, url, picture_id) values (NULL, 'java.io.StringReader@6aa04df8', 2297);
2022-10-10 14:33:47.339  INFO 4460 --- [    Test worker] p6spy                                    : #1665380027339 | took 0ms | statement | connection 25| url jdbc:h2:mem:ad3a9e80-f26d-4a3e-9691-17f803db5723
insert into picture (spot_id, url, picture_id) values (?, ?, ?)
insert into picture (spot_id, url, picture_id) values (NULL, 'java.io.StringReader@b568757', 2298);
2022-10-10 14:33:47.339  INFO 4460 --- [    Test worker] p6spy                                    : #1665380027339 | took 0ms | statement | connection 25| url jdbc:h2:mem:ad3a9e80-f26d-4a3e-9691-17f803db5723
insert into picture (spot_id, url, picture_id) values (?, ?, ?)
insert into picture (spot_id, url, picture_id) values (NULL, 'java.io.StringReader@27cb3401', 2299);
2022-10-10 14:33:47.339  INFO 4460 --- [    Test worker] p6spy                                    : #1665380027339 | took 0ms | statement | connection 25| url jdbc:h2:mem:ad3a9e80-f26d-4a3e-9691-17f803db5723
insert into spot (address, description, location, name, score_id, spot_id) values (?, ?, ?, ?, ?, ?)
insert into spot (address, description, location, name, score_id, spot_id) values (NULL, NULL, 'Andeok_myeon', NULL, 561, 627);
2022-10-10 14:33:47.339  INFO 4460 --- [    Test worker] p6spy                                    : #1665380027339 | took 0ms | statement | connection 25| url jdbc:h2:mem:ad3a9e80-f26d-4a3e-9691-17f803db5723
insert into member_spot (member_id, score, spot_id, member_spot_id) values (?, ?, ?, ?)
insert into member_spot (member_id, score, spot_id, member_spot_id) values (18, 0.0, 627, 2300);
2022-10-10 14:33:47.339  INFO 4460 --- [    Test worker] p6spy                                    : #1665380027339 | took 0ms | statement | connection 25| url jdbc:h2:mem:ad3a9e80-f26d-4a3e-9691-17f803db5723
insert into review (content, spot_id, review_id) values (?, ?, ?)
insert into review (content, spot_id, review_id) values ('java.io.StringReader@82f23b4', 569, 563);
2022-10-10 14:33:47.339  INFO 4460 --- [    Test worker] p6spy                                    : #1665380027339 | took 0ms | statement | connection 25| url jdbc:h2:mem:ad3a9e80-f26d-4a3e-9691-17f803db5723
insert into favorite_spot (count, favorite_id, spot_id, favorite_spot_id) values (?, ?, ?, ?)
insert into favorite_spot (count, favorite_id, spot_id, favorite_spot_id) values (0, 39, 627, 450);
2022-10-10 14:33:47.339  INFO 4460 --- [    Test worker] p6spy                                    : #1665380027339 | took 0ms | statement | connection 25| url jdbc:h2:mem:ad3a9e80-f26d-4a3e-9691-17f803db5723
insert into score (facility_rank, facility_score, price_rank, price_score, rank_average, surround_rank, surround_score, view_rank, view_score, score_id) values (?, ?, ?, ?, ?, ?, ?, ?, ?, ?)
insert into score (facility_rank, facility_score, price_rank, price_score, rank_average, surround_rank, surround_score, view_rank, view_score, score_id) values (0.163084036309884, 2.112682011308994, 1.9391839196440341, 5.291092385584731, 0.2215327399155087, 3.4566119557504993, 5.224743164330933, 9.875213932325464, 3.4242682679407332, 562);
2022-10-10 14:33:47.339  INFO 4460 --- [    Test worker] p6spy                                    : #1665380027339 | took 0ms | statement | connection 25| url jdbc:h2:mem:ad3a9e80-f26d-4a3e-9691-17f803db5723
insert into picture (spot_id, url, picture_id) values (?, ?, ?)
insert into picture (spot_id, url, picture_id) values (NULL, 'java.io.StringReader@26a30293', 2301);
2022-10-10 14:33:47.339  INFO 4460 --- [    Test worker] p6spy                                    : #1665380027339 | took 0ms | statement | connection 25| url jdbc:h2:mem:ad3a9e80-f26d-4a3e-9691-17f803db5723
insert into picture (spot_id, url, picture_id) values (?, ?, ?)
insert into picture (spot_id, url, picture_id) values (NULL, 'java.io.StringReader@19d3c7bb', 2302);
2022-10-10 14:33:47.339  INFO 4460 --- [    Test worker] p6spy                                    : #1665380027339 | took 0ms | statement | connection 25| url jdbc:h2:mem:ad3a9e80-f26d-4a3e-9691-17f803db5723
insert into picture (spot_id, url, picture_id) values (?, ?, ?)
insert into picture (spot_id, url, picture_id) values (NULL, 'java.io.StringReader@327fbb25', 2303);
2022-10-10 14:33:47.339  INFO 4460 --- [    Test worker] p6spy                                    : #1665380027339 | took 0ms | statement | connection 25| url jdbc:h2:mem:ad3a9e80-f26d-4a3e-9691-17f803db5723
insert into spot (address, description, location, name, score_id, spot_id) values (?, ?, ?, ?, ?, ?)
insert into spot (address, description, location, name, score_id, spot_id) values (NULL, NULL, 'Andeok_myeon', NULL, 562, 628);
2022-10-10 14:33:47.339  INFO 4460 --- [    Test worker] p6spy                                    : #1665380027339 | took 0ms | statement | connection 25| url jdbc:h2:mem:ad3a9e80-f26d-4a3e-9691-17f803db5723
insert into member_spot (member_id, score, spot_id, member_spot_id) values (?, ?, ?, ?)
insert into member_spot (member_id, score, spot_id, member_spot_id) values (18, 0.0, 628, 2304);
2022-10-10 14:33:47.340  INFO 4460 --- [    Test worker] p6spy                                    : #1665380027340 | took 0ms | statement | connection 25| url jdbc:h2:mem:ad3a9e80-f26d-4a3e-9691-17f803db5723
insert into review (content, spot_id, review_id) values (?, ?, ?)
insert into review (content, spot_id, review_id) values ('java.io.StringReader@73cd59ea', 569, 564);
2022-10-10 14:33:47.340  INFO 4460 --- [    Test worker] p6spy                                    : #1665380027340 | took 0ms | statement | connection 25| url jdbc:h2:mem:ad3a9e80-f26d-4a3e-9691-17f803db5723
insert into score (facility_rank, facility_score, price_rank, price_score, rank_average, surround_rank, surround_score, view_rank, view_score, score_id) values (?, ?, ?, ?, ?, ?, ?, ?, ?, ?)
insert into score (facility_rank, facility_score, price_rank, price_score, rank_average, surround_rank, surround_score, view_rank, view_score, score_id) values (9.759824581616725, 8.902372025227653, 9.077561173593356, 6.518179043069305, 8.061706821699048, 2.991112988640676, 8.034083443387916, 7.011153327660344, 9.121995830000126, 563);
2022-10-10 14:33:47.340  INFO 4460 --- [    Test worker] p6spy                                    : #1665380027340 | took 0ms | statement | connection 25| url jdbc:h2:mem:ad3a9e80-f26d-4a3e-9691-17f803db5723
insert into picture (spot_id, url, picture_id) values (?, ?, ?)
insert into picture (spot_id, url, picture_id) values (NULL, 'java.io.StringReader@69d2f1df', 2305);
2022-10-10 14:33:47.340  INFO 4460 --- [    Test worker] p6spy                                    : #1665380027340 | took 0ms | statement | connection 25| url jdbc:h2:mem:ad3a9e80-f26d-4a3e-9691-17f803db5723
insert into picture (spot_id, url, picture_id) values (?, ?, ?)
insert into picture (spot_id, url, picture_id) values (NULL, 'java.io.StringReader@4a879a2f', 2306);
2022-10-10 14:33:47.340  INFO 4460 --- [    Test worker] p6spy                                    : #1665380027340 | took 0ms | statement | connection 25| url jdbc:h2:mem:ad3a9e80-f26d-4a3e-9691-17f803db5723
insert into picture (spot_id, url, picture_id) values (?, ?, ?)
insert into picture (spot_id, url, picture_id) values (NULL, 'java.io.StringReader@3c9c0c21', 2307);
2022-10-10 14:33:47.340  INFO 4460 --- [    Test worker] p6spy                                    : #1665380027340 | took 0ms | statement | connection 25| url jdbc:h2:mem:ad3a9e80-f26d-4a3e-9691-17f803db5723
insert into spot (address, description, location, name, score_id, spot_id) values (?, ?, ?, ?, ?, ?)
insert into spot (address, description, location, name, score_id, spot_id) values (NULL, NULL, 'Andeok_myeon', NULL, 563, 629);
2022-10-10 14:33:47.340  INFO 4460 --- [    Test worker] p6spy                                    : #1665380027340 | took 0ms | statement | connection 25| url jdbc:h2:mem:ad3a9e80-f26d-4a3e-9691-17f803db5723
insert into member_spot (member_id, score, spot_id, member_spot_id) values (?, ?, ?, ?)
insert into member_spot (member_id, score, spot_id, member_spot_id) values (18, 0.0, 629, 2308);
2022-10-10 14:33:47.340  INFO 4460 --- [    Test worker] p6spy                                    : #1665380027340 | took 0ms | statement | connection 25| url jdbc:h2:mem:ad3a9e80-f26d-4a3e-9691-17f803db5723
insert into review (content, spot_id, review_id) values (?, ?, ?)
insert into review (content, spot_id, review_id) values ('java.io.StringReader@2ae4c125', 569, 565);
2022-10-10 14:33:47.340  INFO 4460 --- [    Test worker] p6spy                                    : #1665380027340 | took 0ms | statement | connection 25| url jdbc:h2:mem:ad3a9e80-f26d-4a3e-9691-17f803db5723
insert into favorite_spot (count, favorite_id, spot_id, favorite_spot_id) values (?, ?, ?, ?)
insert into favorite_spot (count, favorite_id, spot_id, favorite_spot_id) values (0, 39, 629, 451);
2022-10-10 14:33:47.340  INFO 4460 --- [    Test worker] p6spy                                    : #1665380027340 | took 0ms | statement | connection 25| url jdbc:h2:mem:ad3a9e80-f26d-4a3e-9691-17f803db5723
insert into score (facility_rank, facility_score, price_rank, price_score, rank_average, surround_rank, surround_score, view_rank, view_score, score_id) values (?, ?, ?, ?, ?, ?, ?, ?, ?, ?)
insert into score (facility_rank, facility_score, price_rank, price_score, rank_average, surround_rank, surround_score, view_rank, view_score, score_id) values (3.6881402458859847, 6.013040463692429, 0.05483998829510228, 3.481471891365776, 2.9036855484099275, 1.0888039109874292, 5.288099872849633, 4.250306965349026, 9.797108952479022, 564);
2022-10-10 14:33:47.340  INFO 4460 --- [    Test worker] p6spy                                    : #1665380027340 | took 0ms | statement | connection 25| url jdbc:h2:mem:ad3a9e80-f26d-4a3e-9691-17f803db5723
insert into picture (spot_id, url, picture_id) values (?, ?, ?)
insert into picture (spot_id, url, picture_id) values (NULL, 'java.io.StringReader@1fc3db01', 2309);
2022-10-10 14:33:47.340  INFO 4460 --- [    Test worker] p6spy                                    : #1665380027340 | took 0ms | statement | connection 25| url jdbc:h2:mem:ad3a9e80-f26d-4a3e-9691-17f803db5723
insert into picture (spot_id, url, picture_id) values (?, ?, ?)
insert into picture (spot_id, url, picture_id) values (NULL, 'java.io.StringReader@7d16787e', 2310);
2022-10-10 14:33:47.340  INFO 4460 --- [    Test worker] p6spy                                    : #1665380027340 | took 0ms | statement | connection 25| url jdbc:h2:mem:ad3a9e80-f26d-4a3e-9691-17f803db5723
insert into picture (spot_id, url, picture_id) values (?, ?, ?)
insert into picture (spot_id, url, picture_id) values (NULL, 'java.io.StringReader@2f785ec', 2311);
2022-10-10 14:33:47.340  INFO 4460 --- [    Test worker] p6spy                                    : #1665380027340 | took 0ms | statement | connection 25| url jdbc:h2:mem:ad3a9e80-f26d-4a3e-9691-17f803db5723
insert into spot (address, description, location, name, score_id, spot_id) values (?, ?, ?, ?, ?, ?)
insert into spot (address, description, location, name, score_id, spot_id) values (NULL, NULL, 'Andeok_myeon', NULL, 564, 630);
2022-10-10 14:33:47.340  INFO 4460 --- [    Test worker] p6spy                                    : #1665380027340 | took 0ms | statement | connection 25| url jdbc:h2:mem:ad3a9e80-f26d-4a3e-9691-17f803db5723
insert into member_spot (member_id, score, spot_id, member_spot_id) values (?, ?, ?, ?)
insert into member_spot (member_id, score, spot_id, member_spot_id) values (18, 0.0, 630, 2312);
2022-10-10 14:33:47.340  INFO 4460 --- [    Test worker] p6spy                                    : #1665380027340 | took 0ms | statement | connection 25| url jdbc:h2:mem:ad3a9e80-f26d-4a3e-9691-17f803db5723
insert into review (content, spot_id, review_id) values (?, ?, ?)
insert into review (content, spot_id, review_id) values ('java.io.StringReader@54f22204', 569, 566);
2022-10-10 14:33:47.340  INFO 4460 --- [    Test worker] p6spy                                    : #1665380027340 | took 0ms | statement | connection 25| url jdbc:h2:mem:ad3a9e80-f26d-4a3e-9691-17f803db5723
insert into score (facility_rank, facility_score, price_rank, price_score, rank_average, surround_rank, surround_score, view_rank, view_score, score_id) values (?, ?, ?, ?, ?, ?, ?, ?, ?, ?)
insert into score (facility_rank, facility_score, price_rank, price_score, rank_average, surround_rank, surround_score, view_rank, view_score, score_id) values (1.4674008549558304, 8.945516966999751, 8.690230453465412, 2.5290780806007085, 3.2374229265726315, 6.401519965266825, 8.774212918848454, 0.5187640169725016, 2.333610428739983, 565);
2022-10-10 14:33:47.340  INFO 4460 --- [    Test worker] p6spy                                    : #1665380027340 | took 0ms | statement | connection 25| url jdbc:h2:mem:ad3a9e80-f26d-4a3e-9691-17f803db5723
insert into picture (spot_id, url, picture_id) values (?, ?, ?)
insert into picture (spot_id, url, picture_id) values (NULL, 'java.io.StringReader@3b4d79ca', 2313);
2022-10-10 14:33:47.340  INFO 4460 --- [    Test worker] p6spy                                    : #1665380027340 | took 0ms | statement | connection 25| url jdbc:h2:mem:ad3a9e80-f26d-4a3e-9691-17f803db5723
insert into picture (spot_id, url, picture_id) values (?, ?, ?)
insert into picture (spot_id, url, picture_id) values (NULL, 'java.io.StringReader@6a7909db', 2314);
2022-10-10 14:33:47.340  INFO 4460 --- [    Test worker] p6spy                                    : #1665380027340 | took 0ms | statement | connection 25| url jdbc:h2:mem:ad3a9e80-f26d-4a3e-9691-17f803db5723
insert into picture (spot_id, url, picture_id) values (?, ?, ?)
insert into picture (spot_id, url, picture_id) values (NULL, 'java.io.StringReader@3fc966c2', 2315);
2022-10-10 14:33:47.340  INFO 4460 --- [    Test worker] p6spy                                    : #1665380027340 | took 0ms | statement | connection 25| url jdbc:h2:mem:ad3a9e80-f26d-4a3e-9691-17f803db5723
insert into spot (address, description, location, name, score_id, spot_id) values (?, ?, ?, ?, ?, ?)
insert into spot (address, description, location, name, score_id, spot_id) values (NULL, NULL, 'Andeok_myeon', NULL, 565, 631);
2022-10-10 14:33:47.340  INFO 4460 --- [    Test worker] p6spy                                    : #1665380027340 | took 0ms | statement | connection 25| url jdbc:h2:mem:ad3a9e80-f26d-4a3e-9691-17f803db5723
insert into member_spot (member_id, score, spot_id, member_spot_id) values (?, ?, ?, ?)
insert into member_spot (member_id, score, spot_id, member_spot_id) values (18, 0.0, 631, 2316);
2022-10-10 14:33:47.340  INFO 4460 --- [    Test worker] p6spy                                    : #1665380027340 | took 0ms | statement | connection 25| url jdbc:h2:mem:ad3a9e80-f26d-4a3e-9691-17f803db5723
insert into review (content, spot_id, review_id) values (?, ?, ?)
insert into review (content, spot_id, review_id) values ('java.io.StringReader@3e9e9ae0', 569, 567);
2022-10-10 14:33:47.340  INFO 4460 --- [    Test worker] p6spy                                    : #1665380027340 | took 0ms | statement | connection 25| url jdbc:h2:mem:ad3a9e80-f26d-4a3e-9691-17f803db5723
insert into favorite_spot (count, favorite_id, spot_id, favorite_spot_id) values (?, ?, ?, ?)
insert into favorite_spot (count, favorite_id, spot_id, favorite_spot_id) values (0, 39, 631, 452);
2022-10-10 14:33:47.340  INFO 4460 --- [    Test worker] p6spy                                    : #1665380027340 | took 0ms | statement | connection 25| url jdbc:h2:mem:ad3a9e80-f26d-4a3e-9691-17f803db5723
insert into score (facility_rank, facility_score, price_rank, price_score, rank_average, surround_rank, surround_score, view_rank, view_score, score_id) values (?, ?, ?, ?, ?, ?, ?, ?, ?, ?)
insert into score (facility_rank, facility_score, price_rank, price_score, rank_average, surround_rank, surround_score, view_rank, view_score, score_id) values (4.543992242310702, 0.7081994300412742, 2.874053437169821, 1.2318633163975323, 0.006298427586420852, 7.533347242442854, 0.49530972816638985, 5.299260269234721, 5.380318474260054, 566);
2022-10-10 14:33:47.340  INFO 4460 --- [    Test worker] p6spy                                    : #1665380027340 | took 0ms | statement | connection 25| url jdbc:h2:mem:ad3a9e80-f26d-4a3e-9691-17f803db5723
insert into picture (spot_id, url, picture_id) values (?, ?, ?)
insert into picture (spot_id, url, picture_id) values (NULL, 'java.io.StringReader@49528e62', 2317);
2022-10-10 14:33:47.340  INFO 4460 --- [    Test worker] p6spy                                    : #1665380027340 | took 0ms | statement | connection 25| url jdbc:h2:mem:ad3a9e80-f26d-4a3e-9691-17f803db5723
insert into picture (spot_id, url, picture_id) values (?, ?, ?)
insert into picture (spot_id, url, picture_id) values (NULL, 'java.io.StringReader@13862f05', 2318);
2022-10-10 14:33:47.340  INFO 4460 --- [    Test worker] p6spy                                    : #1665380027340 | took 0ms | statement | connection 25| url jdbc:h2:mem:ad3a9e80-f26d-4a3e-9691-17f803db5723
insert into picture (spot_id, url, picture_id) values (?, ?, ?)
insert into picture (spot_id, url, picture_id) values (NULL, 'java.io.StringReader@fa292da', 2319);
2022-10-10 14:33:47.340  INFO 4460 --- [    Test worker] p6spy                                    : #1665380027340 | took 0ms | statement | connection 25| url jdbc:h2:mem:ad3a9e80-f26d-4a3e-9691-17f803db5723
insert into spot (address, description, location, name, score_id, spot_id) values (?, ?, ?, ?, ?, ?)
insert into spot (address, description, location, name, score_id, spot_id) values (NULL, NULL, 'Andeok_myeon', NULL, 566, 632);
2022-10-10 14:33:47.340  INFO 4460 --- [    Test worker] p6spy                                    : #1665380027340 | took 0ms | statement | connection 25| url jdbc:h2:mem:ad3a9e80-f26d-4a3e-9691-17f803db5723
insert into member_spot (member_id, score, spot_id, member_spot_id) values (?, ?, ?, ?)
insert into member_spot (member_id, score, spot_id, member_spot_id) values (18, 0.0, 632, 2320);
2022-10-10 14:33:47.341  INFO 4460 --- [    Test worker] p6spy                                    : #1665380027341 | took 0ms | statement | connection 25| url jdbc:h2:mem:ad3a9e80-f26d-4a3e-9691-17f803db5723
insert into review (content, spot_id, review_id) values (?, ?, ?)
insert into review (content, spot_id, review_id) values ('java.io.StringReader@5023bb1f', 569, 568);
2022-10-10 14:33:47.341  INFO 4460 --- [    Test worker] p6spy                                    : #1665380027341 | took 0ms | statement | connection 25| url jdbc:h2:mem:ad3a9e80-f26d-4a3e-9691-17f803db5723
insert into score (facility_rank, facility_score, price_rank, price_score, rank_average, surround_rank, surround_score, view_rank, view_score, score_id) values (?, ?, ?, ?, ?, ?, ?, ?, ?, ?)
insert into score (facility_rank, facility_score, price_rank, price_score, rank_average, surround_rank, surround_score, view_rank, view_score, score_id) values (8.417278913115533, 9.73049657197276, 7.981267482969983, 3.6352193106654616, 6.592882826004997, 4.583944672476074, 5.782508303475864, 5.875420511050304, 5.148409374947208, 567);
2022-10-10 14:33:47.341  INFO 4460 --- [    Test worker] p6spy                                    : #1665380027341 | took 0ms | statement | connection 25| url jdbc:h2:mem:ad3a9e80-f26d-4a3e-9691-17f803db5723
insert into picture (spot_id, url, picture_id) values (?, ?, ?)
insert into picture (spot_id, url, picture_id) values (NULL, 'java.io.StringReader@621e9c3d', 2321);
2022-10-10 14:33:47.341  INFO 4460 --- [    Test worker] p6spy                                    : #1665380027341 | took 0ms | statement | connection 25| url jdbc:h2:mem:ad3a9e80-f26d-4a3e-9691-17f803db5723
insert into picture (spot_id, url, picture_id) values (?, ?, ?)
insert into picture (spot_id, url, picture_id) values (NULL, 'java.io.StringReader@5176e428', 2322);
2022-10-10 14:33:47.341  INFO 4460 --- [    Test worker] p6spy                                    : #1665380027341 | took 0ms | statement | connection 25| url jdbc:h2:mem:ad3a9e80-f26d-4a3e-9691-17f803db5723
insert into picture (spot_id, url, picture_id) values (?, ?, ?)
insert into picture (spot_id, url, picture_id) values (NULL, 'java.io.StringReader@2c799403', 2323);
2022-10-10 14:33:47.341  INFO 4460 --- [    Test worker] p6spy                                    : #1665380027341 | took 0ms | statement | connection 25| url jdbc:h2:mem:ad3a9e80-f26d-4a3e-9691-17f803db5723
insert into spot (address, description, location, name, score_id, spot_id) values (?, ?, ?, ?, ?, ?)
insert into spot (address, description, location, name, score_id, spot_id) values (NULL, NULL, 'Andeok_myeon', NULL, 567, 633);
2022-10-10 14:33:47.341  INFO 4460 --- [    Test worker] p6spy                                    : #1665380027341 | took 0ms | statement | connection 25| url jdbc:h2:mem:ad3a9e80-f26d-4a3e-9691-17f803db5723
insert into member_spot (member_id, score, spot_id, member_spot_id) values (?, ?, ?, ?)
insert into member_spot (member_id, score, spot_id, member_spot_id) values (18, 0.0, 633, 2324);
2022-10-10 14:33:47.341  INFO 4460 --- [    Test worker] p6spy                                    : #1665380027341 | took 0ms | statement | connection 25| url jdbc:h2:mem:ad3a9e80-f26d-4a3e-9691-17f803db5723
insert into review (content, spot_id, review_id) values (?, ?, ?)
insert into review (content, spot_id, review_id) values ('java.io.StringReader@3d502284', 569, 569);
2022-10-10 14:33:47.341  INFO 4460 --- [    Test worker] p6spy                                    : #1665380027341 | took 0ms | statement | connection 25| url jdbc:h2:mem:ad3a9e80-f26d-4a3e-9691-17f803db5723
insert into favorite_spot (count, favorite_id, spot_id, favorite_spot_id) values (?, ?, ?, ?)
insert into favorite_spot (count, favorite_id, spot_id, favorite_spot_id) values (0, 39, 633, 453);
2022-10-10 14:33:47.341  INFO 4460 --- [    Test worker] p6spy                                    : #1665380027341 | took 0ms | statement | connection 25| url jdbc:h2:mem:ad3a9e80-f26d-4a3e-9691-17f803db5723
insert into score (facility_rank, facility_score, price_rank, price_score, rank_average, surround_rank, surround_score, view_rank, view_score, score_id) values (?, ?, ?, ?, ?, ?, ?, ?, ?, ?)
insert into score (facility_rank, facility_score, price_rank, price_score, rank_average, surround_rank, surround_score, view_rank, view_score, score_id) values (7.748772952359352, 7.062333330996021, 7.183198157996767, 4.123882723329961, 7.776203034662679, 0.34930376999664947, 1.3905146117747125, 1.3760478299165546, 1.7120423244020488, 568);
2022-10-10 14:33:47.341  INFO 4460 --- [    Test worker] p6spy                                    : #1665380027341 | took 0ms | statement | connection 25| url jdbc:h2:mem:ad3a9e80-f26d-4a3e-9691-17f803db5723
insert into picture (spot_id, url, picture_id) values (?, ?, ?)
insert into picture (spot_id, url, picture_id) values (NULL, 'java.io.StringReader@7039e876', 2325);
2022-10-10 14:33:47.341  INFO 4460 --- [    Test worker] p6spy                                    : #1665380027341 | took 0ms | statement | connection 25| url jdbc:h2:mem:ad3a9e80-f26d-4a3e-9691-17f803db5723
insert into picture (spot_id, url, picture_id) values (?, ?, ?)
insert into picture (spot_id, url, picture_id) values (NULL, 'java.io.StringReader@4fd1775b', 2326);
2022-10-10 14:33:47.341  INFO 4460 --- [    Test worker] p6spy                                    : #1665380027341 | took 0ms | statement | connection 25| url jdbc:h2:mem:ad3a9e80-f26d-4a3e-9691-17f803db5723
insert into picture (spot_id, url, picture_id) values (?, ?, ?)
insert into picture (spot_id, url, picture_id) values (NULL, 'java.io.StringReader@3824ddde', 2327);
2022-10-10 14:33:47.341  INFO 4460 --- [    Test worker] p6spy                                    : #1665380027341 | took 0ms | statement | connection 25| url jdbc:h2:mem:ad3a9e80-f26d-4a3e-9691-17f803db5723
insert into spot (address, description, location, name, score_id, spot_id) values (?, ?, ?, ?, ?, ?)
insert into spot (address, description, location, name, score_id, spot_id) values (NULL, NULL, 'Andeok_myeon', NULL, 568, 634);
2022-10-10 14:33:47.341  INFO 4460 --- [    Test worker] p6spy                                    : #1665380027341 | took 0ms | statement | connection 25| url jdbc:h2:mem:ad3a9e80-f26d-4a3e-9691-17f803db5723
insert into member_spot (member_id, score, spot_id, member_spot_id) values (?, ?, ?, ?)
insert into member_spot (member_id, score, spot_id, member_spot_id) values (18, 0.0, 634, 2328);
2022-10-10 14:33:47.341  INFO 4460 --- [    Test worker] p6spy                                    : #1665380027341 | took 0ms | statement | connection 25| url jdbc:h2:mem:ad3a9e80-f26d-4a3e-9691-17f803db5723
insert into review (content, spot_id, review_id) values (?, ?, ?)
insert into review (content, spot_id, review_id) values ('java.io.StringReader@2b374da4', 569, 570);
2022-10-10 14:33:47.341  INFO 4460 --- [    Test worker] p6spy                                    : #1665380027341 | took 0ms | statement | connection 25| url jdbc:h2:mem:ad3a9e80-f26d-4a3e-9691-17f803db5723
insert into score (facility_rank, facility_score, price_rank, price_score, rank_average, surround_rank, surround_score, view_rank, view_score, score_id) values (?, ?, ?, ?, ?, ?, ?, ?, ?, ?)
insert into score (facility_rank, facility_score, price_rank, price_score, rank_average, surround_rank, surround_score, view_rank, view_score, score_id) values (3.8713488513842584, 7.410526486766862, 0.6891450529368193, 3.5323291910140386, 5.128084755907523, 9.69635679035594, 4.759356892404312, 8.624399566170881, 4.982425971500692, 569);
2022-10-10 14:33:47.341  INFO 4460 --- [    Test worker] p6spy                                    : #1665380027341 | took 0ms | statement | connection 25| url jdbc:h2:mem:ad3a9e80-f26d-4a3e-9691-17f803db5723
insert into picture (spot_id, url, picture_id) values (?, ?, ?)
insert into picture (spot_id, url, picture_id) values (NULL, 'java.io.StringReader@734252d4', 2329);
2022-10-10 14:33:47.341  INFO 4460 --- [    Test worker] p6spy                                    : #1665380027341 | took 0ms | statement | connection 25| url jdbc:h2:mem:ad3a9e80-f26d-4a3e-9691-17f803db5723
insert into picture (spot_id, url, picture_id) values (?, ?, ?)
insert into picture (spot_id, url, picture_id) values (NULL, 'java.io.StringReader@6d3cd502', 2330);
2022-10-10 14:33:47.341  INFO 4460 --- [    Test worker] p6spy                                    : #1665380027341 | took 0ms | statement | connection 25| url jdbc:h2:mem:ad3a9e80-f26d-4a3e-9691-17f803db5723
insert into picture (spot_id, url, picture_id) values (?, ?, ?)
insert into picture (spot_id, url, picture_id) values (NULL, 'java.io.StringReader@79f49d9d', 2331);
2022-10-10 14:33:47.341  INFO 4460 --- [    Test worker] p6spy                                    : #1665380027341 | took 0ms | statement | connection 25| url jdbc:h2:mem:ad3a9e80-f26d-4a3e-9691-17f803db5723
insert into spot (address, description, location, name, score_id, spot_id) values (?, ?, ?, ?, ?, ?)
insert into spot (address, description, location, name, score_id, spot_id) values (NULL, NULL, 'Andeok_myeon', NULL, 569, 635);
2022-10-10 14:33:47.341  INFO 4460 --- [    Test worker] p6spy                                    : #1665380027341 | took 0ms | statement | connection 25| url jdbc:h2:mem:ad3a9e80-f26d-4a3e-9691-17f803db5723
insert into member_spot (member_id, score, spot_id, member_spot_id) values (?, ?, ?, ?)
insert into member_spot (member_id, score, spot_id, member_spot_id) values (18, 0.0, 635, 2332);
2022-10-10 14:33:47.341  INFO 4460 --- [    Test worker] p6spy                                    : #1665380027341 | took 0ms | statement | connection 25| url jdbc:h2:mem:ad3a9e80-f26d-4a3e-9691-17f803db5723
insert into review (content, spot_id, review_id) values (?, ?, ?)
insert into review (content, spot_id, review_id) values ('java.io.StringReader@57508fcf', 569, 571);
2022-10-10 14:33:47.341  INFO 4460 --- [    Test worker] p6spy                                    : #1665380027341 | took 0ms | statement | connection 25| url jdbc:h2:mem:ad3a9e80-f26d-4a3e-9691-17f803db5723
insert into favorite_spot (count, favorite_id, spot_id, favorite_spot_id) values (?, ?, ?, ?)
insert into favorite_spot (count, favorite_id, spot_id, favorite_spot_id) values (0, 39, 635, 454);
2022-10-10 14:33:47.341  INFO 4460 --- [    Test worker] p6spy                                    : #1665380027341 | took 0ms | statement | connection 25| url jdbc:h2:mem:ad3a9e80-f26d-4a3e-9691-17f803db5723
insert into score (facility_rank, facility_score, price_rank, price_score, rank_average, surround_rank, surround_score, view_rank, view_score, score_id) values (?, ?, ?, ?, ?, ?, ?, ?, ?, ?)
insert into score (facility_rank, facility_score, price_rank, price_score, rank_average, surround_rank, surround_score, view_rank, view_score, score_id) values (3.2651918026411417, 2.5208406337731337, 5.381631088647726, 4.916663405008799, 8.034026548640435, 0.4460955054608384, 5.8815454782560685, 7.772897644003041, 2.1509637893537183, 570);
2022-10-10 14:33:47.341  INFO 4460 --- [    Test worker] p6spy                                    : #1665380027341 | took 0ms | statement | connection 25| url jdbc:h2:mem:ad3a9e80-f26d-4a3e-9691-17f803db5723
insert into picture (spot_id, url, picture_id) values (?, ?, ?)
insert into picture (spot_id, url, picture_id) values (NULL, 'java.io.StringReader@6d081642', 2333);
2022-10-10 14:33:47.341  INFO 4460 --- [    Test worker] p6spy                                    : #1665380027341 | took 0ms | statement | connection 25| url jdbc:h2:mem:ad3a9e80-f26d-4a3e-9691-17f803db5723
insert into picture (spot_id, url, picture_id) values (?, ?, ?)
insert into picture (spot_id, url, picture_id) values (NULL, 'java.io.StringReader@7c98022b', 2334);
2022-10-10 14:33:47.341  INFO 4460 --- [    Test worker] p6spy                                    : #1665380027341 | took 0ms | statement | connection 25| url jdbc:h2:mem:ad3a9e80-f26d-4a3e-9691-17f803db5723
insert into picture (spot_id, url, picture_id) values (?, ?, ?)
insert into picture (spot_id, url, picture_id) values (NULL, 'java.io.StringReader@53e94814', 2335);
2022-10-10 14:33:47.341  INFO 4460 --- [    Test worker] p6spy                                    : #1665380027341 | took 0ms | statement | connection 25| url jdbc:h2:mem:ad3a9e80-f26d-4a3e-9691-17f803db5723
insert into spot (address, description, location, name, score_id, spot_id) values (?, ?, ?, ?, ?, ?)
insert into spot (address, description, location, name, score_id, spot_id) values (NULL, NULL, 'Andeok_myeon', NULL, 570, 636);
2022-10-10 14:33:47.341  INFO 4460 --- [    Test worker] p6spy                                    : #1665380027341 | took 0ms | statement | connection 25| url jdbc:h2:mem:ad3a9e80-f26d-4a3e-9691-17f803db5723
insert into member_spot (member_id, score, spot_id, member_spot_id) values (?, ?, ?, ?)
insert into member_spot (member_id, score, spot_id, member_spot_id) values (18, 0.0, 636, 2336);
2022-10-10 14:33:47.341  INFO 4460 --- [    Test worker] p6spy                                    : #1665380027341 | took 0ms | statement | connection 25| url jdbc:h2:mem:ad3a9e80-f26d-4a3e-9691-17f803db5723
insert into review (content, spot_id, review_id) values (?, ?, ?)
insert into review (content, spot_id, review_id) values ('java.io.StringReader@27b3a7d7', 569, 572);
2022-10-10 14:33:47.341  INFO 4460 --- [    Test worker] p6spy                                    : #1665380027341 | took 0ms | statement | connection 25| url jdbc:h2:mem:ad3a9e80-f26d-4a3e-9691-17f803db5723
insert into score (facility_rank, facility_score, price_rank, price_score, rank_average, surround_rank, surround_score, view_rank, view_score, score_id) values (?, ?, ?, ?, ?, ?, ?, ?, ?, ?)
insert into score (facility_rank, facility_score, price_rank, price_score, rank_average, surround_rank, surround_score, view_rank, view_score, score_id) values (8.701522939535044, 2.2691485867266845, 6.555641258297909, 6.714870351350025, 7.827856587999392, 6.052148932967465, 3.7168661666857474, 4.084147272732784, 6.087968536043526, 571);
2022-10-10 14:33:47.342  INFO 4460 --- [    Test worker] p6spy                                    : #1665380027342 | took 0ms | statement | connection 25| url jdbc:h2:mem:ad3a9e80-f26d-4a3e-9691-17f803db5723
insert into picture (spot_id, url, picture_id) values (?, ?, ?)
insert into picture (spot_id, url, picture_id) values (NULL, 'java.io.StringReader@4338704b', 2337);
2022-10-10 14:33:47.342  INFO 4460 --- [    Test worker] p6spy                                    : #1665380027342 | took 0ms | statement | connection 25| url jdbc:h2:mem:ad3a9e80-f26d-4a3e-9691-17f803db5723
insert into picture (spot_id, url, picture_id) values (?, ?, ?)
insert into picture (spot_id, url, picture_id) values (NULL, 'java.io.StringReader@7b7adf6', 2338);
2022-10-10 14:33:47.342  INFO 4460 --- [    Test worker] p6spy                                    : #1665380027342 | took 0ms | statement | connection 25| url jdbc:h2:mem:ad3a9e80-f26d-4a3e-9691-17f803db5723
insert into picture (spot_id, url, picture_id) values (?, ?, ?)
insert into picture (spot_id, url, picture_id) values (NULL, 'java.io.StringReader@7ecceeb0', 2339);
2022-10-10 14:33:47.342  INFO 4460 --- [    Test worker] p6spy                                    : #1665380027342 | took 0ms | statement | connection 25| url jdbc:h2:mem:ad3a9e80-f26d-4a3e-9691-17f803db5723
insert into spot (address, description, location, name, score_id, spot_id) values (?, ?, ?, ?, ?, ?)
insert into spot (address, description, location, name, score_id, spot_id) values (NULL, NULL, 'Andeok_myeon', NULL, 571, 637);
2022-10-10 14:33:47.342  INFO 4460 --- [    Test worker] p6spy                                    : #1665380027342 | took 0ms | statement | connection 25| url jdbc:h2:mem:ad3a9e80-f26d-4a3e-9691-17f803db5723
insert into member_spot (member_id, score, spot_id, member_spot_id) values (?, ?, ?, ?)
insert into member_spot (member_id, score, spot_id, member_spot_id) values (18, 0.0, 637, 2340);
2022-10-10 14:33:47.342  INFO 4460 --- [    Test worker] p6spy                                    : #1665380027342 | took 0ms | statement | connection 25| url jdbc:h2:mem:ad3a9e80-f26d-4a3e-9691-17f803db5723
insert into review (content, spot_id, review_id) values (?, ?, ?)
insert into review (content, spot_id, review_id) values ('java.io.StringReader@1275d648', 569, 573);
2022-10-10 14:33:47.342  INFO 4460 --- [    Test worker] p6spy                                    : #1665380027342 | took 0ms | statement | connection 25| url jdbc:h2:mem:ad3a9e80-f26d-4a3e-9691-17f803db5723
insert into favorite_spot (count, favorite_id, spot_id, favorite_spot_id) values (?, ?, ?, ?)
insert into favorite_spot (count, favorite_id, spot_id, favorite_spot_id) values (0, 39, 637, 455);
2022-10-10 14:33:47.342  INFO 4460 --- [    Test worker] p6spy                                    : #1665380027342 | took 0ms | statement | connection 25| url jdbc:h2:mem:ad3a9e80-f26d-4a3e-9691-17f803db5723
insert into score (facility_rank, facility_score, price_rank, price_score, rank_average, surround_rank, surround_score, view_rank, view_score, score_id) values (?, ?, ?, ?, ?, ?, ?, ?, ?, ?)
insert into score (facility_rank, facility_score, price_rank, price_score, rank_average, surround_rank, surround_score, view_rank, view_score, score_id) values (7.33382209163374, 5.002172741441511, 6.715575508896973, 9.092188223861427, 8.279744051043572, 8.612251454266051, 1.4679544684430457, 5.288457699878524, 6.572795782191663, 572);
2022-10-10 14:33:47.342  INFO 4460 --- [    Test worker] p6spy                                    : #1665380027342 | took 0ms | statement | connection 25| url jdbc:h2:mem:ad3a9e80-f26d-4a3e-9691-17f803db5723
insert into picture (spot_id, url, picture_id) values (?, ?, ?)
insert into picture (spot_id, url, picture_id) values (NULL, 'java.io.StringReader@2cb4f458', 2341);
2022-10-10 14:33:47.342  INFO 4460 --- [    Test worker] p6spy                                    : #1665380027342 | took 0ms | statement | connection 25| url jdbc:h2:mem:ad3a9e80-f26d-4a3e-9691-17f803db5723
insert into picture (spot_id, url, picture_id) values (?, ?, ?)
insert into picture (spot_id, url, picture_id) values (NULL, 'java.io.StringReader@3fb27dce', 2342);
2022-10-10 14:33:47.342  INFO 4460 --- [    Test worker] p6spy                                    : #1665380027342 | took 0ms | statement | connection 25| url jdbc:h2:mem:ad3a9e80-f26d-4a3e-9691-17f803db5723
insert into picture (spot_id, url, picture_id) values (?, ?, ?)
insert into picture (spot_id, url, picture_id) values (NULL, 'java.io.StringReader@5af6aa0a', 2343);
2022-10-10 14:33:47.342  INFO 4460 --- [    Test worker] p6spy                                    : #1665380027342 | took 0ms | statement | connection 25| url jdbc:h2:mem:ad3a9e80-f26d-4a3e-9691-17f803db5723
insert into spot (address, description, location, name, score_id, spot_id) values (?, ?, ?, ?, ?, ?)
insert into spot (address, description, location, name, score_id, spot_id) values (NULL, NULL, 'Andeok_myeon', NULL, 572, 638);
2022-10-10 14:33:47.342  INFO 4460 --- [    Test worker] p6spy                                    : #1665380027342 | took 0ms | statement | connection 25| url jdbc:h2:mem:ad3a9e80-f26d-4a3e-9691-17f803db5723
insert into member_spot (member_id, score, spot_id, member_spot_id) values (?, ?, ?, ?)
insert into member_spot (member_id, score, spot_id, member_spot_id) values (18, 0.0, 638, 2344);
2022-10-10 14:33:47.342  INFO 4460 --- [    Test worker] p6spy                                    : #1665380027342 | took 0ms | statement | connection 25| url jdbc:h2:mem:ad3a9e80-f26d-4a3e-9691-17f803db5723
insert into review (content, spot_id, review_id) values (?, ?, ?)
insert into review (content, spot_id, review_id) values ('java.io.StringReader@6928adf0', 569, 574);
2022-10-10 14:33:47.342  INFO 4460 --- [    Test worker] p6spy                                    : #1665380027342 | took 0ms | statement | connection 25| url jdbc:h2:mem:ad3a9e80-f26d-4a3e-9691-17f803db5723
insert into score (facility_rank, facility_score, price_rank, price_score, rank_average, surround_rank, surround_score, view_rank, view_score, score_id) values (?, ?, ?, ?, ?, ?, ?, ?, ?, ?)
insert into score (facility_rank, facility_score, price_rank, price_score, rank_average, surround_rank, surround_score, view_rank, view_score, score_id) values (2.1253251362299452, 1.245140634339914, 8.508970100573398, 0.5445579959975788, 2.4421564525932746, 6.96166996694045, 6.45522257925524, 5.828385796374771, 1.8969422831318672, 573);
2022-10-10 14:33:47.342  INFO 4460 --- [    Test worker] p6spy                                    : #1665380027342 | took 0ms | statement | connection 25| url jdbc:h2:mem:ad3a9e80-f26d-4a3e-9691-17f803db5723
insert into picture (spot_id, url, picture_id) values (?, ?, ?)
insert into picture (spot_id, url, picture_id) values (NULL, 'java.io.StringReader@1dbb4d70', 2345);
2022-10-10 14:33:47.342  INFO 4460 --- [    Test worker] p6spy                                    : #1665380027342 | took 0ms | statement | connection 25| url jdbc:h2:mem:ad3a9e80-f26d-4a3e-9691-17f803db5723
insert into picture (spot_id, url, picture_id) values (?, ?, ?)
insert into picture (spot_id, url, picture_id) values (NULL, 'java.io.StringReader@1960074f', 2346);
2022-10-10 14:33:47.342  INFO 4460 --- [    Test worker] p6spy                                    : #1665380027342 | took 0ms | statement | connection 25| url jdbc:h2:mem:ad3a9e80-f26d-4a3e-9691-17f803db5723
insert into picture (spot_id, url, picture_id) values (?, ?, ?)
insert into picture (spot_id, url, picture_id) values (NULL, 'java.io.StringReader@68d10f1', 2347);
2022-10-10 14:33:47.342  INFO 4460 --- [    Test worker] p6spy                                    : #1665380027342 | took 0ms | statement | connection 25| url jdbc:h2:mem:ad3a9e80-f26d-4a3e-9691-17f803db5723
insert into spot (address, description, location, name, score_id, spot_id) values (?, ?, ?, ?, ?, ?)
insert into spot (address, description, location, name, score_id, spot_id) values (NULL, NULL, 'Andeok_myeon', NULL, 573, 639);
2022-10-10 14:33:47.342  INFO 4460 --- [    Test worker] p6spy                                    : #1665380027342 | took 0ms | statement | connection 25| url jdbc:h2:mem:ad3a9e80-f26d-4a3e-9691-17f803db5723
insert into member_spot (member_id, score, spot_id, member_spot_id) values (?, ?, ?, ?)
insert into member_spot (member_id, score, spot_id, member_spot_id) values (18, 0.0, 639, 2348);
2022-10-10 14:33:47.342  INFO 4460 --- [    Test worker] p6spy                                    : #1665380027342 | took 0ms | statement | connection 25| url jdbc:h2:mem:ad3a9e80-f26d-4a3e-9691-17f803db5723
insert into review (content, spot_id, review_id) values (?, ?, ?)
insert into review (content, spot_id, review_id) values ('java.io.StringReader@23fa2930', 569, 575);
2022-10-10 14:33:47.342  INFO 4460 --- [    Test worker] p6spy                                    : #1665380027342 | took 0ms | statement | connection 25| url jdbc:h2:mem:ad3a9e80-f26d-4a3e-9691-17f803db5723
insert into favorite_spot (count, favorite_id, spot_id, favorite_spot_id) values (?, ?, ?, ?)
insert into favorite_spot (count, favorite_id, spot_id, favorite_spot_id) values (0, 39, 639, 456);
2022-10-10 14:33:47.342  INFO 4460 --- [    Test worker] p6spy                                    : #1665380027342 | took 0ms | statement | connection 25| url jdbc:h2:mem:ad3a9e80-f26d-4a3e-9691-17f803db5723
insert into score (facility_rank, facility_score, price_rank, price_score, rank_average, surround_rank, surround_score, view_rank, view_score, score_id) values (?, ?, ?, ?, ?, ?, ?, ?, ?, ?)
insert into score (facility_rank, facility_score, price_rank, price_score, rank_average, surround_rank, surround_score, view_rank, view_score, score_id) values (8.948684140493274, 0.21798300377146917, 0.6696703238397739, 6.273086324421955, 7.091833904671568, 0.13948065947197774, 2.8086855512262945, 5.7833378347173126, 7.849519007390019, 574);
2022-10-10 14:33:47.342  INFO 4460 --- [    Test worker] p6spy                                    : #1665380027342 | took 0ms | statement | connection 25| url jdbc:h2:mem:ad3a9e80-f26d-4a3e-9691-17f803db5723
insert into picture (spot_id, url, picture_id) values (?, ?, ?)
insert into picture (spot_id, url, picture_id) values (NULL, 'java.io.StringReader@64b5742a', 2349);
2022-10-10 14:33:47.342  INFO 4460 --- [    Test worker] p6spy                                    : #1665380027342 | took 0ms | statement | connection 25| url jdbc:h2:mem:ad3a9e80-f26d-4a3e-9691-17f803db5723
insert into picture (spot_id, url, picture_id) values (?, ?, ?)
insert into picture (spot_id, url, picture_id) values (NULL, 'java.io.StringReader@1dd75a4b', 2350);
2022-10-10 14:33:47.342  INFO 4460 --- [    Test worker] p6spy                                    : #1665380027342 | took 0ms | statement | connection 25| url jdbc:h2:mem:ad3a9e80-f26d-4a3e-9691-17f803db5723
insert into picture (spot_id, url, picture_id) values (?, ?, ?)
insert into picture (spot_id, url, picture_id) values (NULL, 'java.io.StringReader@61ebd2d9', 2351);
2022-10-10 14:33:47.342  INFO 4460 --- [    Test worker] p6spy                                    : #1665380027342 | took 0ms | statement | connection 25| url jdbc:h2:mem:ad3a9e80-f26d-4a3e-9691-17f803db5723
insert into spot (address, description, location, name, score_id, spot_id) values (?, ?, ?, ?, ?, ?)
insert into spot (address, description, location, name, score_id, spot_id) values (NULL, NULL, 'Andeok_myeon', NULL, 574, 640);
2022-10-10 14:33:47.342  INFO 4460 --- [    Test worker] p6spy                                    : #1665380027342 | took 0ms | statement | connection 25| url jdbc:h2:mem:ad3a9e80-f26d-4a3e-9691-17f803db5723
insert into member_spot (member_id, score, spot_id, member_spot_id) values (?, ?, ?, ?)
insert into member_spot (member_id, score, spot_id, member_spot_id) values (18, 0.0, 640, 2352);
2022-10-10 14:33:47.342  INFO 4460 --- [    Test worker] p6spy                                    : #1665380027342 | took 0ms | statement | connection 25| url jdbc:h2:mem:ad3a9e80-f26d-4a3e-9691-17f803db5723
insert into review (content, spot_id, review_id) values (?, ?, ?)
insert into review (content, spot_id, review_id) values ('java.io.StringReader@1ffd80f0', 569, 576);
2022-10-10 14:33:47.342  INFO 4460 --- [    Test worker] p6spy                                    : #1665380027342 | took 0ms | statement | connection 25| url jdbc:h2:mem:ad3a9e80-f26d-4a3e-9691-17f803db5723
insert into score (facility_rank, facility_score, price_rank, price_score, rank_average, surround_rank, surround_score, view_rank, view_score, score_id) values (?, ?, ?, ?, ?, ?, ?, ?, ?, ?)
insert into score (facility_rank, facility_score, price_rank, price_score, rank_average, surround_rank, surround_score, view_rank, view_score, score_id) values (5.544590696470889, 6.132253374410999, 8.295977850668324, 9.330885103719275, 8.121289821156356, 4.692297298007011, 1.247837952727897, 5.9187860013716245, 0.20063353605262124, 575);
2022-10-10 14:33:47.342  INFO 4460 --- [    Test worker] p6spy                                    : #1665380027342 | took 0ms | statement | connection 25| url jdbc:h2:mem:ad3a9e80-f26d-4a3e-9691-17f803db5723
insert into picture (spot_id, url, picture_id) values (?, ?, ?)
insert into picture (spot_id, url, picture_id) values (NULL, 'java.io.StringReader@94a2aeb', 2353);
2022-10-10 14:33:47.343  INFO 4460 --- [    Test worker] p6spy                                    : #1665380027343 | took 0ms | statement | connection 25| url jdbc:h2:mem:ad3a9e80-f26d-4a3e-9691-17f803db5723
insert into picture (spot_id, url, picture_id) values (?, ?, ?)
insert into picture (spot_id, url, picture_id) values (NULL, 'java.io.StringReader@47db8688', 2354);
2022-10-10 14:33:47.343  INFO 4460 --- [    Test worker] p6spy                                    : #1665380027343 | took 0ms | statement | connection 25| url jdbc:h2:mem:ad3a9e80-f26d-4a3e-9691-17f803db5723
insert into picture (spot_id, url, picture_id) values (?, ?, ?)
insert into picture (spot_id, url, picture_id) values (NULL, 'java.io.StringReader@74b19f99', 2355);
2022-10-10 14:33:47.343  INFO 4460 --- [    Test worker] p6spy                                    : #1665380027343 | took 0ms | statement | connection 25| url jdbc:h2:mem:ad3a9e80-f26d-4a3e-9691-17f803db5723
insert into spot (address, description, location, name, score_id, spot_id) values (?, ?, ?, ?, ?, ?)
insert into spot (address, description, location, name, score_id, spot_id) values (NULL, NULL, 'Andeok_myeon', NULL, 575, 641);
2022-10-10 14:33:47.343  INFO 4460 --- [    Test worker] p6spy                                    : #1665380027343 | took 0ms | statement | connection 25| url jdbc:h2:mem:ad3a9e80-f26d-4a3e-9691-17f803db5723
insert into member_spot (member_id, score, spot_id, member_spot_id) values (?, ?, ?, ?)
insert into member_spot (member_id, score, spot_id, member_spot_id) values (18, 0.0, 641, 2356);
2022-10-10 14:33:47.343  INFO 4460 --- [    Test worker] p6spy                                    : #1665380027343 | took 0ms | statement | connection 25| url jdbc:h2:mem:ad3a9e80-f26d-4a3e-9691-17f803db5723
insert into review (content, spot_id, review_id) values (?, ?, ?)
insert into review (content, spot_id, review_id) values ('java.io.StringReader@75a0199e', 569, 577);
2022-10-10 14:33:47.343  INFO 4460 --- [    Test worker] p6spy                                    : #1665380027343 | took 0ms | statement | connection 25| url jdbc:h2:mem:ad3a9e80-f26d-4a3e-9691-17f803db5723
insert into favorite_spot (count, favorite_id, spot_id, favorite_spot_id) values (?, ?, ?, ?)
insert into favorite_spot (count, favorite_id, spot_id, favorite_spot_id) values (0, 39, 641, 457);
2022-10-10 14:33:47.343  INFO 4460 --- [    Test worker] p6spy                                    : #1665380027343 | took 0ms | statement | connection 25| url jdbc:h2:mem:ad3a9e80-f26d-4a3e-9691-17f803db5723
insert into score (facility_rank, facility_score, price_rank, price_score, rank_average, surround_rank, surround_score, view_rank, view_score, score_id) values (?, ?, ?, ?, ?, ?, ?, ?, ?, ?)
insert into score (facility_rank, facility_score, price_rank, price_score, rank_average, surround_rank, surround_score, view_rank, view_score, score_id) values (9.259615281798014, 3.473776472948389, 0.05451508878903888, 7.403461653651195, 8.148659053503867, 1.7581854491805549, 0.38184832840711835, 9.65505305890773, 7.25495224258316, 576);
2022-10-10 14:33:47.343  INFO 4460 --- [    Test worker] p6spy                                    : #1665380027343 | took 0ms | statement | connection 25| url jdbc:h2:mem:ad3a9e80-f26d-4a3e-9691-17f803db5723
insert into picture (spot_id, url, picture_id) values (?, ?, ?)
insert into picture (spot_id, url, picture_id) values (NULL, 'java.io.StringReader@3f81ca4a', 2357);
2022-10-10 14:33:47.343  INFO 4460 --- [    Test worker] p6spy                                    : #1665380027343 | took 0ms | statement | connection 25| url jdbc:h2:mem:ad3a9e80-f26d-4a3e-9691-17f803db5723
insert into picture (spot_id, url, picture_id) values (?, ?, ?)
insert into picture (spot_id, url, picture_id) values (NULL, 'java.io.StringReader@18b40a79', 2358);
2022-10-10 14:33:47.343  INFO 4460 --- [    Test worker] p6spy                                    : #1665380027343 | took 0ms | statement | connection 25| url jdbc:h2:mem:ad3a9e80-f26d-4a3e-9691-17f803db5723
insert into picture (spot_id, url, picture_id) values (?, ?, ?)
insert into picture (spot_id, url, picture_id) values (NULL, 'java.io.StringReader@1c5de681', 2359);
2022-10-10 14:33:47.343  INFO 4460 --- [    Test worker] p6spy                                    : #1665380027343 | took 0ms | statement | connection 25| url jdbc:h2:mem:ad3a9e80-f26d-4a3e-9691-17f803db5723
insert into spot (address, description, location, name, score_id, spot_id) values (?, ?, ?, ?, ?, ?)
insert into spot (address, description, location, name, score_id, spot_id) values (NULL, NULL, 'Andeok_myeon', NULL, 576, 642);
2022-10-10 14:33:47.343  INFO 4460 --- [    Test worker] p6spy                                    : #1665380027343 | took 0ms | statement | connection 25| url jdbc:h2:mem:ad3a9e80-f26d-4a3e-9691-17f803db5723
insert into member_spot (member_id, score, spot_id, member_spot_id) values (?, ?, ?, ?)
insert into member_spot (member_id, score, spot_id, member_spot_id) values (18, 0.0, 642, 2360);
2022-10-10 14:33:47.343  INFO 4460 --- [    Test worker] p6spy                                    : #1665380027343 | took 0ms | statement | connection 25| url jdbc:h2:mem:ad3a9e80-f26d-4a3e-9691-17f803db5723
insert into review (content, spot_id, review_id) values (?, ?, ?)
insert into review (content, spot_id, review_id) values ('java.io.StringReader@110dd705', 569, 578);
2022-10-10 14:33:47.343  INFO 4460 --- [    Test worker] p6spy                                    : #1665380027343 | took 0ms | statement | connection 25| url jdbc:h2:mem:ad3a9e80-f26d-4a3e-9691-17f803db5723
insert into score (facility_rank, facility_score, price_rank, price_score, rank_average, surround_rank, surround_score, view_rank, view_score, score_id) values (?, ?, ?, ?, ?, ?, ?, ?, ?, ?)
insert into score (facility_rank, facility_score, price_rank, price_score, rank_average, surround_rank, surround_score, view_rank, view_score, score_id) values (0.5032830187913517, 2.0923956207425998, 2.482165175210106, 7.015506662296579, 7.126308983801715, 0.4752265005931944, 2.3469650849310817, 2.566072600898519, 7.290291466379522, 577);
2022-10-10 14:33:47.343  INFO 4460 --- [    Test worker] p6spy                                    : #1665380027343 | took 0ms | statement | connection 25| url jdbc:h2:mem:ad3a9e80-f26d-4a3e-9691-17f803db5723
insert into picture (spot_id, url, picture_id) values (?, ?, ?)
insert into picture (spot_id, url, picture_id) values (NULL, 'java.io.StringReader@203943d2', 2361);
2022-10-10 14:33:47.343  INFO 4460 --- [    Test worker] p6spy                                    : #1665380027343 | took 0ms | statement | connection 25| url jdbc:h2:mem:ad3a9e80-f26d-4a3e-9691-17f803db5723
insert into picture (spot_id, url, picture_id) values (?, ?, ?)
insert into picture (spot_id, url, picture_id) values (NULL, 'java.io.StringReader@7d0f9848', 2362);
2022-10-10 14:33:47.343  INFO 4460 --- [    Test worker] p6spy                                    : #1665380027343 | took 0ms | statement | connection 25| url jdbc:h2:mem:ad3a9e80-f26d-4a3e-9691-17f803db5723
insert into picture (spot_id, url, picture_id) values (?, ?, ?)
insert into picture (spot_id, url, picture_id) values (NULL, 'java.io.StringReader@5db92249', 2363);
2022-10-10 14:33:47.343  INFO 4460 --- [    Test worker] p6spy                                    : #1665380027343 | took 0ms | statement | connection 25| url jdbc:h2:mem:ad3a9e80-f26d-4a3e-9691-17f803db5723
insert into spot (address, description, location, name, score_id, spot_id) values (?, ?, ?, ?, ?, ?)
insert into spot (address, description, location, name, score_id, spot_id) values (NULL, NULL, 'Andeok_myeon', NULL, 577, 643);
2022-10-10 14:33:47.343  INFO 4460 --- [    Test worker] p6spy                                    : #1665380027343 | took 0ms | statement | connection 25| url jdbc:h2:mem:ad3a9e80-f26d-4a3e-9691-17f803db5723
insert into member_spot (member_id, score, spot_id, member_spot_id) values (?, ?, ?, ?)
insert into member_spot (member_id, score, spot_id, member_spot_id) values (18, 0.0, 643, 2364);
2022-10-10 14:33:47.343  INFO 4460 --- [    Test worker] p6spy                                    : #1665380027343 | took 0ms | statement | connection 25| url jdbc:h2:mem:ad3a9e80-f26d-4a3e-9691-17f803db5723
insert into review (content, spot_id, review_id) values (?, ?, ?)
insert into review (content, spot_id, review_id) values ('java.io.StringReader@440f6aa8', 569, 579);
2022-10-10 14:33:47.343  INFO 4460 --- [    Test worker] p6spy                                    : #1665380027343 | took 0ms | statement | connection 25| url jdbc:h2:mem:ad3a9e80-f26d-4a3e-9691-17f803db5723
insert into favorite_spot (count, favorite_id, spot_id, favorite_spot_id) values (?, ?, ?, ?)
insert into favorite_spot (count, favorite_id, spot_id, favorite_spot_id) values (0, 39, 643, 458);
2022-10-10 14:33:47.343  INFO 4460 --- [    Test worker] p6spy                                    : #1665380027343 | took 0ms | statement | connection 25| url jdbc:h2:mem:ad3a9e80-f26d-4a3e-9691-17f803db5723
insert into score (facility_rank, facility_score, price_rank, price_score, rank_average, surround_rank, surround_score, view_rank, view_score, score_id) values (?, ?, ?, ?, ?, ?, ?, ?, ?, ?)
insert into score (facility_rank, facility_score, price_rank, price_score, rank_average, surround_rank, surround_score, view_rank, view_score, score_id) values (3.5496867810205646, 2.644761773269486, 4.852064075730535, 3.521413623337377, 0.8321020290023418, 4.098846911828767, 3.520768632580391, 4.4407383248888515, 3.0989296149516896, 578);
2022-10-10 14:33:47.343  INFO 4460 --- [    Test worker] p6spy                                    : #1665380027343 | took 0ms | statement | connection 25| url jdbc:h2:mem:ad3a9e80-f26d-4a3e-9691-17f803db5723
insert into picture (spot_id, url, picture_id) values (?, ?, ?)
insert into picture (spot_id, url, picture_id) values (NULL, 'java.io.StringReader@34ec7645', 2365);
2022-10-10 14:33:47.343  INFO 4460 --- [    Test worker] p6spy                                    : #1665380027343 | took 0ms | statement | connection 25| url jdbc:h2:mem:ad3a9e80-f26d-4a3e-9691-17f803db5723
insert into picture (spot_id, url, picture_id) values (?, ?, ?)
insert into picture (spot_id, url, picture_id) values (NULL, 'java.io.StringReader@e93543b', 2366);
2022-10-10 14:33:47.343  INFO 4460 --- [    Test worker] p6spy                                    : #1665380027343 | took 0ms | statement | connection 25| url jdbc:h2:mem:ad3a9e80-f26d-4a3e-9691-17f803db5723
insert into picture (spot_id, url, picture_id) values (?, ?, ?)
insert into picture (spot_id, url, picture_id) values (NULL, 'java.io.StringReader@13e1f4d1', 2367);
2022-10-10 14:33:47.343  INFO 4460 --- [    Test worker] p6spy                                    : #1665380027343 | took 0ms | statement | connection 25| url jdbc:h2:mem:ad3a9e80-f26d-4a3e-9691-17f803db5723
insert into spot (address, description, location, name, score_id, spot_id) values (?, ?, ?, ?, ?, ?)
insert into spot (address, description, location, name, score_id, spot_id) values (NULL, NULL, 'Andeok_myeon', NULL, 578, 644);
2022-10-10 14:33:47.343  INFO 4460 --- [    Test worker] p6spy                                    : #1665380027343 | took 0ms | statement | connection 25| url jdbc:h2:mem:ad3a9e80-f26d-4a3e-9691-17f803db5723
insert into member_spot (member_id, score, spot_id, member_spot_id) values (?, ?, ?, ?)
insert into member_spot (member_id, score, spot_id, member_spot_id) values (18, 0.0, 644, 2368);
2022-10-10 14:33:47.343  INFO 4460 --- [    Test worker] p6spy                                    : #1665380027343 | took 0ms | statement | connection 25| url jdbc:h2:mem:ad3a9e80-f26d-4a3e-9691-17f803db5723
insert into review (content, spot_id, review_id) values (?, ?, ?)
insert into review (content, spot_id, review_id) values ('java.io.StringReader@e9a6b7b', 569, 580);
2022-10-10 14:33:47.344  INFO 4460 --- [    Test worker] p6spy                                    : #1665380027343 | took 0ms | statement | connection 25| url jdbc:h2:mem:ad3a9e80-f26d-4a3e-9691-17f803db5723
insert into score (facility_rank, facility_score, price_rank, price_score, rank_average, surround_rank, surround_score, view_rank, view_score, score_id) values (?, ?, ?, ?, ?, ?, ?, ?, ?, ?)
insert into score (facility_rank, facility_score, price_rank, price_score, rank_average, surround_rank, surround_score, view_rank, view_score, score_id) values (9.20352842149536, 4.378269664350394, 5.217736166782561, 0.20167377010858245, 3.0513391327622665, 6.0120917984235325, 8.943697479373043, 0.03485229125270717, 1.5978212909501044, 579);
2022-10-10 14:33:47.344  INFO 4460 --- [    Test worker] p6spy                                    : #1665380027344 | took 0ms | statement | connection 25| url jdbc:h2:mem:ad3a9e80-f26d-4a3e-9691-17f803db5723
insert into picture (spot_id, url, picture_id) values (?, ?, ?)
insert into picture (spot_id, url, picture_id) values (NULL, 'java.io.StringReader@4aef70c4', 2369);
2022-10-10 14:33:47.344  INFO 4460 --- [    Test worker] p6spy                                    : #1665380027344 | took 0ms | statement | connection 25| url jdbc:h2:mem:ad3a9e80-f26d-4a3e-9691-17f803db5723
insert into picture (spot_id, url, picture_id) values (?, ?, ?)
insert into picture (spot_id, url, picture_id) values (NULL, 'java.io.StringReader@65b49da9', 2370);
2022-10-10 14:33:47.344  INFO 4460 --- [    Test worker] p6spy                                    : #1665380027344 | took 0ms | statement | connection 25| url jdbc:h2:mem:ad3a9e80-f26d-4a3e-9691-17f803db5723
insert into picture (spot_id, url, picture_id) values (?, ?, ?)
insert into picture (spot_id, url, picture_id) values (NULL, 'java.io.StringReader@4bbbe012', 2371);
2022-10-10 14:33:47.344  INFO 4460 --- [    Test worker] p6spy                                    : #1665380027344 | took 0ms | statement | connection 25| url jdbc:h2:mem:ad3a9e80-f26d-4a3e-9691-17f803db5723
insert into spot (address, description, location, name, score_id, spot_id) values (?, ?, ?, ?, ?, ?)
insert into spot (address, description, location, name, score_id, spot_id) values (NULL, NULL, 'Andeok_myeon', NULL, 579, 645);
2022-10-10 14:33:47.344  INFO 4460 --- [    Test worker] p6spy                                    : #1665380027344 | took 0ms | statement | connection 25| url jdbc:h2:mem:ad3a9e80-f26d-4a3e-9691-17f803db5723
insert into member_spot (member_id, score, spot_id, member_spot_id) values (?, ?, ?, ?)
insert into member_spot (member_id, score, spot_id, member_spot_id) values (18, 0.0, 645, 2372);
2022-10-10 14:33:47.344  INFO 4460 --- [    Test worker] p6spy                                    : #1665380027344 | took 0ms | statement | connection 25| url jdbc:h2:mem:ad3a9e80-f26d-4a3e-9691-17f803db5723
insert into review (content, spot_id, review_id) values (?, ?, ?)
insert into review (content, spot_id, review_id) values ('java.io.StringReader@591cfaeb', 569, 581);
2022-10-10 14:33:47.344  INFO 4460 --- [    Test worker] p6spy                                    : #1665380027344 | took 0ms | statement | connection 25| url jdbc:h2:mem:ad3a9e80-f26d-4a3e-9691-17f803db5723
insert into favorite_spot (count, favorite_id, spot_id, favorite_spot_id) values (?, ?, ?, ?)
insert into favorite_spot (count, favorite_id, spot_id, favorite_spot_id) values (0, 39, 645, 459);
2022-10-10 14:33:47.344  INFO 4460 --- [    Test worker] p6spy                                    : #1665380027344 | took 0ms | statement | connection 25| url jdbc:h2:mem:ad3a9e80-f26d-4a3e-9691-17f803db5723
insert into score (facility_rank, facility_score, price_rank, price_score, rank_average, surround_rank, surround_score, view_rank, view_score, score_id) values (?, ?, ?, ?, ?, ?, ?, ?, ?, ?)
insert into score (facility_rank, facility_score, price_rank, price_score, rank_average, surround_rank, surround_score, view_rank, view_score, score_id) values (3.3553754127325663, 4.444119895656604, 2.188758394507866, 3.031782830333344, 4.068878272744728, 3.3673581285112864, 5.190814734618778, 3.8319815124202403, 7.604102263195874, 580);
2022-10-10 14:33:47.344  INFO 4460 --- [    Test worker] p6spy                                    : #1665380027344 | took 0ms | statement | connection 25| url jdbc:h2:mem:ad3a9e80-f26d-4a3e-9691-17f803db5723
insert into picture (spot_id, url, picture_id) values (?, ?, ?)
insert into picture (spot_id, url, picture_id) values (NULL, 'java.io.StringReader@604e975', 2373);
2022-10-10 14:33:47.344  INFO 4460 --- [    Test worker] p6spy                                    : #1665380027344 | took 0ms | statement | connection 25| url jdbc:h2:mem:ad3a9e80-f26d-4a3e-9691-17f803db5723
insert into picture (spot_id, url, picture_id) values (?, ?, ?)
insert into picture (spot_id, url, picture_id) values (NULL, 'java.io.StringReader@3f3c731', 2374);
2022-10-10 14:33:47.344  INFO 4460 --- [    Test worker] p6spy                                    : #1665380027344 | took 0ms | statement | connection 25| url jdbc:h2:mem:ad3a9e80-f26d-4a3e-9691-17f803db5723
insert into picture (spot_id, url, picture_id) values (?, ?, ?)
insert into picture (spot_id, url, picture_id) values (NULL, 'java.io.StringReader@278a76e4', 2375);
2022-10-10 14:33:47.344  INFO 4460 --- [    Test worker] p6spy                                    : #1665380027344 | took 0ms | statement | connection 25| url jdbc:h2:mem:ad3a9e80-f26d-4a3e-9691-17f803db5723
insert into spot (address, description, location, name, score_id, spot_id) values (?, ?, ?, ?, ?, ?)
insert into spot (address, description, location, name, score_id, spot_id) values (NULL, NULL, 'Andeok_myeon', NULL, 580, 646);
2022-10-10 14:33:47.344  INFO 4460 --- [    Test worker] p6spy                                    : #1665380027344 | took 0ms | statement | connection 25| url jdbc:h2:mem:ad3a9e80-f26d-4a3e-9691-17f803db5723
insert into member_spot (member_id, score, spot_id, member_spot_id) values (?, ?, ?, ?)
insert into member_spot (member_id, score, spot_id, member_spot_id) values (18, 0.0, 646, 2376);
2022-10-10 14:33:47.344  INFO 4460 --- [    Test worker] p6spy                                    : #1665380027344 | took 0ms | statement | connection 25| url jdbc:h2:mem:ad3a9e80-f26d-4a3e-9691-17f803db5723
insert into review (content, spot_id, review_id) values (?, ?, ?)
insert into review (content, spot_id, review_id) values ('java.io.StringReader@3c156119', 569, 582);
2022-10-10 14:33:47.344  INFO 4460 --- [    Test worker] p6spy                                    : #1665380027344 | took 0ms | statement | connection 25| url jdbc:h2:mem:ad3a9e80-f26d-4a3e-9691-17f803db5723
insert into score (facility_rank, facility_score, price_rank, price_score, rank_average, surround_rank, surround_score, view_rank, view_score, score_id) values (?, ?, ?, ?, ?, ?, ?, ?, ?, ?)
insert into score (facility_rank, facility_score, price_rank, price_score, rank_average, surround_rank, surround_score, view_rank, view_score, score_id) values (8.365734556152008, 6.6666071141039644, 3.4154411165181675, 5.844838898311494, 7.076512829170172, 7.316237244304398, 0.3684781320585939, 9.661163303868175, 4.617553773817997, 581);
2022-10-10 14:33:47.344  INFO 4460 --- [    Test worker] p6spy                                    : #1665380027344 | took 0ms | statement | connection 25| url jdbc:h2:mem:ad3a9e80-f26d-4a3e-9691-17f803db5723
insert into picture (spot_id, url, picture_id) values (?, ?, ?)
insert into picture (spot_id, url, picture_id) values (NULL, 'java.io.StringReader@1c246c98', 2377);
2022-10-10 14:33:47.344  INFO 4460 --- [    Test worker] p6spy                                    : #1665380027344 | took 0ms | statement | connection 25| url jdbc:h2:mem:ad3a9e80-f26d-4a3e-9691-17f803db5723
insert into picture (spot_id, url, picture_id) values (?, ?, ?)
insert into picture (spot_id, url, picture_id) values (NULL, 'java.io.StringReader@108d6d12', 2378);
2022-10-10 14:33:47.344  INFO 4460 --- [    Test worker] p6spy                                    : #1665380027344 | took 0ms | statement | connection 25| url jdbc:h2:mem:ad3a9e80-f26d-4a3e-9691-17f803db5723
insert into picture (spot_id, url, picture_id) values (?, ?, ?)
insert into picture (spot_id, url, picture_id) values (NULL, 'java.io.StringReader@742035e6', 2379);
2022-10-10 14:33:47.344  INFO 4460 --- [    Test worker] p6spy                                    : #1665380027344 | took 0ms | statement | connection 25| url jdbc:h2:mem:ad3a9e80-f26d-4a3e-9691-17f803db5723
insert into spot (address, description, location, name, score_id, spot_id) values (?, ?, ?, ?, ?, ?)
insert into spot (address, description, location, name, score_id, spot_id) values (NULL, NULL, 'Andeok_myeon', NULL, 581, 647);
2022-10-10 14:33:47.344  INFO 4460 --- [    Test worker] p6spy                                    : #1665380027344 | took 0ms | statement | connection 25| url jdbc:h2:mem:ad3a9e80-f26d-4a3e-9691-17f803db5723
insert into member_spot (member_id, score, spot_id, member_spot_id) values (?, ?, ?, ?)
insert into member_spot (member_id, score, spot_id, member_spot_id) values (18, 0.0, 647, 2380);
2022-10-10 14:33:47.344  INFO 4460 --- [    Test worker] p6spy                                    : #1665380027344 | took 0ms | statement | connection 25| url jdbc:h2:mem:ad3a9e80-f26d-4a3e-9691-17f803db5723
insert into review (content, spot_id, review_id) values (?, ?, ?)
insert into review (content, spot_id, review_id) values ('java.io.StringReader@2b7442a0', 569, 583);
2022-10-10 14:33:47.344  INFO 4460 --- [    Test worker] p6spy                                    : #1665380027344 | took 0ms | statement | connection 25| url jdbc:h2:mem:ad3a9e80-f26d-4a3e-9691-17f803db5723
insert into favorite_spot (count, favorite_id, spot_id, favorite_spot_id) values (?, ?, ?, ?)
insert into favorite_spot (count, favorite_id, spot_id, favorite_spot_id) values (0, 39, 647, 460);
2022-10-10 14:33:47.344  INFO 4460 --- [    Test worker] p6spy                                    : #1665380027344 | took 0ms | statement | connection 25| url jdbc:h2:mem:ad3a9e80-f26d-4a3e-9691-17f803db5723
insert into score (facility_rank, facility_score, price_rank, price_score, rank_average, surround_rank, surround_score, view_rank, view_score, score_id) values (?, ?, ?, ?, ?, ?, ?, ?, ?, ?)
insert into score (facility_rank, facility_score, price_rank, price_score, rank_average, surround_rank, surround_score, view_rank, view_score, score_id) values (9.660021072923646, 9.174856830286947, 7.606972417227594, 1.0915134108635227, 8.176795773848832, 8.755277163562715, 6.5732497648161194, 3.3418627525811697, 7.368612407631812, 582);
2022-10-10 14:33:47.344  INFO 4460 --- [    Test worker] p6spy                                    : #1665380027344 | took 0ms | statement | connection 25| url jdbc:h2:mem:ad3a9e80-f26d-4a3e-9691-17f803db5723
insert into picture (spot_id, url, picture_id) values (?, ?, ?)
insert into picture (spot_id, url, picture_id) values (NULL, 'java.io.StringReader@60ae1183', 2381);
2022-10-10 14:33:47.344  INFO 4460 --- [    Test worker] p6spy                                    : #1665380027344 | took 0ms | statement | connection 25| url jdbc:h2:mem:ad3a9e80-f26d-4a3e-9691-17f803db5723
insert into picture (spot_id, url, picture_id) values (?, ?, ?)
insert into picture (spot_id, url, picture_id) values (NULL, 'java.io.StringReader@7a16839d', 2382);
2022-10-10 14:33:47.344  INFO 4460 --- [    Test worker] p6spy                                    : #1665380027344 | took 0ms | statement | connection 25| url jdbc:h2:mem:ad3a9e80-f26d-4a3e-9691-17f803db5723
insert into picture (spot_id, url, picture_id) values (?, ?, ?)
insert into picture (spot_id, url, picture_id) values (NULL, 'java.io.StringReader@6f54777', 2383);
2022-10-10 14:33:47.345  INFO 4460 --- [    Test worker] p6spy                                    : #1665380027345 | took 0ms | statement | connection 25| url jdbc:h2:mem:ad3a9e80-f26d-4a3e-9691-17f803db5723
insert into spot (address, description, location, name, score_id, spot_id) values (?, ?, ?, ?, ?, ?)
insert into spot (address, description, location, name, score_id, spot_id) values (NULL, NULL, 'Andeok_myeon', NULL, 582, 648);
2022-10-10 14:33:47.345  INFO 4460 --- [    Test worker] p6spy                                    : #1665380027345 | took 0ms | statement | connection 25| url jdbc:h2:mem:ad3a9e80-f26d-4a3e-9691-17f803db5723
insert into member_spot (member_id, score, spot_id, member_spot_id) values (?, ?, ?, ?)
insert into member_spot (member_id, score, spot_id, member_spot_id) values (18, 0.0, 648, 2384);
2022-10-10 14:33:47.345  INFO 4460 --- [    Test worker] p6spy                                    : #1665380027345 | took 0ms | statement | connection 25| url jdbc:h2:mem:ad3a9e80-f26d-4a3e-9691-17f803db5723
insert into review (content, spot_id, review_id) values (?, ?, ?)
insert into review (content, spot_id, review_id) values ('java.io.StringReader@2841bdfa', 569, 584);
2022-10-10 14:33:47.345  INFO 4460 --- [    Test worker] p6spy                                    : #1665380027345 | took 0ms | statement | connection 25| url jdbc:h2:mem:ad3a9e80-f26d-4a3e-9691-17f803db5723
insert into score (facility_rank, facility_score, price_rank, price_score, rank_average, surround_rank, surround_score, view_rank, view_score, score_id) values (?, ?, ?, ?, ?, ?, ?, ?, ?, ?)
insert into score (facility_rank, facility_score, price_rank, price_score, rank_average, surround_rank, surround_score, view_rank, view_score, score_id) values (6.800729752755116, 2.683943271110821, 4.854015650647553, 3.6778774310556317, 5.555141815954384, 7.928200723339552, 7.59634463244536, 4.914713063911344, 9.96513727303453, 583);
2022-10-10 14:33:47.345  INFO 4460 --- [    Test worker] p6spy                                    : #1665380027345 | took 0ms | statement | connection 25| url jdbc:h2:mem:ad3a9e80-f26d-4a3e-9691-17f803db5723
insert into picture (spot_id, url, picture_id) values (?, ?, ?)
insert into picture (spot_id, url, picture_id) values (NULL, 'java.io.StringReader@6bcb40b7', 2385);
2022-10-10 14:33:47.345  INFO 4460 --- [    Test worker] p6spy                                    : #1665380027345 | took 0ms | statement | connection 25| url jdbc:h2:mem:ad3a9e80-f26d-4a3e-9691-17f803db5723
insert into picture (spot_id, url, picture_id) values (?, ?, ?)
insert into picture (spot_id, url, picture_id) values (NULL, 'java.io.StringReader@5449de9a', 2386);
2022-10-10 14:33:47.345  INFO 4460 --- [    Test worker] p6spy                                    : #1665380027345 | took 0ms | statement | connection 25| url jdbc:h2:mem:ad3a9e80-f26d-4a3e-9691-17f803db5723
insert into picture (spot_id, url, picture_id) values (?, ?, ?)
insert into picture (spot_id, url, picture_id) values (NULL, 'java.io.StringReader@481768ad', 2387);
2022-10-10 14:33:47.345  INFO 4460 --- [    Test worker] p6spy                                    : #1665380027345 | took 0ms | statement | connection 25| url jdbc:h2:mem:ad3a9e80-f26d-4a3e-9691-17f803db5723
insert into spot (address, description, location, name, score_id, spot_id) values (?, ?, ?, ?, ?, ?)
insert into spot (address, description, location, name, score_id, spot_id) values (NULL, NULL, 'Andeok_myeon', NULL, 583, 649);
2022-10-10 14:33:47.345  INFO 4460 --- [    Test worker] p6spy                                    : #1665380027345 | took 0ms | statement | connection 25| url jdbc:h2:mem:ad3a9e80-f26d-4a3e-9691-17f803db5723
insert into member_spot (member_id, score, spot_id, member_spot_id) values (?, ?, ?, ?)
insert into member_spot (member_id, score, spot_id, member_spot_id) values (18, 0.0, 649, 2388);
2022-10-10 14:33:47.345  INFO 4460 --- [    Test worker] p6spy                                    : #1665380027345 | took 0ms | statement | connection 25| url jdbc:h2:mem:ad3a9e80-f26d-4a3e-9691-17f803db5723
insert into review (content, spot_id, review_id) values (?, ?, ?)
insert into review (content, spot_id, review_id) values ('java.io.StringReader@39f47d72', 569, 585);
2022-10-10 14:33:47.345  INFO 4460 --- [    Test worker] p6spy                                    : #1665380027345 | took 0ms | statement | connection 25| url jdbc:h2:mem:ad3a9e80-f26d-4a3e-9691-17f803db5723
insert into favorite_spot (count, favorite_id, spot_id, favorite_spot_id) values (?, ?, ?, ?)
insert into favorite_spot (count, favorite_id, spot_id, favorite_spot_id) values (0, 39, 649, 461);
2022-10-10 14:33:47.345  INFO 4460 --- [    Test worker] p6spy                                    : #1665380027345 | took 0ms | statement | connection 25| url jdbc:h2:mem:ad3a9e80-f26d-4a3e-9691-17f803db5723
insert into score (facility_rank, facility_score, price_rank, price_score, rank_average, surround_rank, surround_score, view_rank, view_score, score_id) values (?, ?, ?, ?, ?, ?, ?, ?, ?, ?)
insert into score (facility_rank, facility_score, price_rank, price_score, rank_average, surround_rank, surround_score, view_rank, view_score, score_id) values (8.333912905565494, 1.6891463755732183, 7.344347919252314, 2.5268592628508477, 7.486780036651265, 6.1816768967512905, 5.681780686056549, 8.499135213669454, 1.0040203452387442, 584);
2022-10-10 14:33:47.345  INFO 4460 --- [    Test worker] p6spy                                    : #1665380027345 | took 0ms | statement | connection 25| url jdbc:h2:mem:ad3a9e80-f26d-4a3e-9691-17f803db5723
insert into picture (spot_id, url, picture_id) values (?, ?, ?)
insert into picture (spot_id, url, picture_id) values (NULL, 'java.io.StringReader@42cdaea2', 2389);
2022-10-10 14:33:47.345  INFO 4460 --- [    Test worker] p6spy                                    : #1665380027345 | took 0ms | statement | connection 25| url jdbc:h2:mem:ad3a9e80-f26d-4a3e-9691-17f803db5723
insert into picture (spot_id, url, picture_id) values (?, ?, ?)
insert into picture (spot_id, url, picture_id) values (NULL, 'java.io.StringReader@7555000d', 2390);
2022-10-10 14:33:47.345  INFO 4460 --- [    Test worker] p6spy                                    : #1665380027345 | took 0ms | statement | connection 25| url jdbc:h2:mem:ad3a9e80-f26d-4a3e-9691-17f803db5723
insert into picture (spot_id, url, picture_id) values (?, ?, ?)
insert into picture (spot_id, url, picture_id) values (NULL, 'java.io.StringReader@47415904', 2391);
2022-10-10 14:33:47.345  INFO 4460 --- [    Test worker] p6spy                                    : #1665380027345 | took 0ms | statement | connection 25| url jdbc:h2:mem:ad3a9e80-f26d-4a3e-9691-17f803db5723
insert into spot (address, description, location, name, score_id, spot_id) values (?, ?, ?, ?, ?, ?)
insert into spot (address, description, location, name, score_id, spot_id) values (NULL, NULL, 'Andeok_myeon', NULL, 584, 650);
2022-10-10 14:33:47.345  INFO 4460 --- [    Test worker] p6spy                                    : #1665380027345 | took 0ms | statement | connection 25| url jdbc:h2:mem:ad3a9e80-f26d-4a3e-9691-17f803db5723
insert into member_spot (member_id, score, spot_id, member_spot_id) values (?, ?, ?, ?)
insert into member_spot (member_id, score, spot_id, member_spot_id) values (18, 0.0, 650, 2392);
2022-10-10 14:33:47.345  INFO 4460 --- [    Test worker] p6spy                                    : #1665380027345 | took 0ms | statement | connection 25| url jdbc:h2:mem:ad3a9e80-f26d-4a3e-9691-17f803db5723
insert into review (content, spot_id, review_id) values (?, ?, ?)
insert into review (content, spot_id, review_id) values ('java.io.StringReader@38abfa77', 569, 586);
2022-10-10 14:33:47.345  INFO 4460 --- [    Test worker] p6spy                                    : #1665380027345 | took 0ms | statement | connection 25| url jdbc:h2:mem:ad3a9e80-f26d-4a3e-9691-17f803db5723
insert into score (facility_rank, facility_score, price_rank, price_score, rank_average, surround_rank, surround_score, view_rank, view_score, score_id) values (?, ?, ?, ?, ?, ?, ?, ?, ?, ?)
insert into score (facility_rank, facility_score, price_rank, price_score, rank_average, surround_rank, surround_score, view_rank, view_score, score_id) values (5.840870042445811, 7.401803809344845, 0.9060391726521166, 1.9928522982398855, 7.385971589891442, 9.36996587758432, 9.955983498613906, 1.1995238144481968, 5.753425717807865, 585);
2022-10-10 14:33:47.345  INFO 4460 --- [    Test worker] p6spy                                    : #1665380027345 | took 0ms | statement | connection 25| url jdbc:h2:mem:ad3a9e80-f26d-4a3e-9691-17f803db5723
insert into picture (spot_id, url, picture_id) values (?, ?, ?)
insert into picture (spot_id, url, picture_id) values (NULL, 'java.io.StringReader@41a12faa', 2393);
2022-10-10 14:33:47.345  INFO 4460 --- [    Test worker] p6spy                                    : #1665380027345 | took 0ms | statement | connection 25| url jdbc:h2:mem:ad3a9e80-f26d-4a3e-9691-17f803db5723
insert into picture (spot_id, url, picture_id) values (?, ?, ?)
insert into picture (spot_id, url, picture_id) values (NULL, 'java.io.StringReader@227eedce', 2394);
2022-10-10 14:33:47.345  INFO 4460 --- [    Test worker] p6spy                                    : #1665380027345 | took 0ms | statement | connection 25| url jdbc:h2:mem:ad3a9e80-f26d-4a3e-9691-17f803db5723
insert into picture (spot_id, url, picture_id) values (?, ?, ?)
insert into picture (spot_id, url, picture_id) values (NULL, 'java.io.StringReader@1f850e6c', 2395);
2022-10-10 14:33:47.345  INFO 4460 --- [    Test worker] p6spy                                    : #1665380027345 | took 0ms | statement | connection 25| url jdbc:h2:mem:ad3a9e80-f26d-4a3e-9691-17f803db5723
insert into spot (address, description, location, name, score_id, spot_id) values (?, ?, ?, ?, ?, ?)
insert into spot (address, description, location, name, score_id, spot_id) values (NULL, NULL, 'Andeok_myeon', NULL, 585, 651);
2022-10-10 14:33:47.345  INFO 4460 --- [    Test worker] p6spy                                    : #1665380027345 | took 0ms | statement | connection 25| url jdbc:h2:mem:ad3a9e80-f26d-4a3e-9691-17f803db5723
insert into member_spot (member_id, score, spot_id, member_spot_id) values (?, ?, ?, ?)
insert into member_spot (member_id, score, spot_id, member_spot_id) values (18, 0.0, 651, 2396);
2022-10-10 14:33:47.345  INFO 4460 --- [    Test worker] p6spy                                    : #1665380027345 | took 0ms | statement | connection 25| url jdbc:h2:mem:ad3a9e80-f26d-4a3e-9691-17f803db5723
insert into review (content, spot_id, review_id) values (?, ?, ?)
insert into review (content, spot_id, review_id) values ('java.io.StringReader@7b8d4676', 569, 587);
2022-10-10 14:33:47.345  INFO 4460 --- [    Test worker] p6spy                                    : #1665380027345 | took 0ms | statement | connection 25| url jdbc:h2:mem:ad3a9e80-f26d-4a3e-9691-17f803db5723
insert into favorite_spot (count, favorite_id, spot_id, favorite_spot_id) values (?, ?, ?, ?)
insert into favorite_spot (count, favorite_id, spot_id, favorite_spot_id) values (0, 39, 651, 462);
2022-10-10 14:33:47.345  INFO 4460 --- [    Test worker] p6spy                                    : #1665380027345 | took 0ms | statement | connection 25| url jdbc:h2:mem:ad3a9e80-f26d-4a3e-9691-17f803db5723
insert into score (facility_rank, facility_score, price_rank, price_score, rank_average, surround_rank, surround_score, view_rank, view_score, score_id) values (?, ?, ?, ?, ?, ?, ?, ?, ?, ?)
insert into score (facility_rank, facility_score, price_rank, price_score, rank_average, surround_rank, surround_score, view_rank, view_score, score_id) values (5.918392621099354, 7.9464355898534835, 9.072698253117895, 9.13887342608641, 7.58498553066194, 6.06936221195105, 3.031984387022314, 0.3488668183988408, 6.5007403009681175, 586);
2022-10-10 14:33:47.346  INFO 4460 --- [    Test worker] p6spy                                    : #1665380027346 | took 0ms | statement | connection 25| url jdbc:h2:mem:ad3a9e80-f26d-4a3e-9691-17f803db5723
insert into picture (spot_id, url, picture_id) values (?, ?, ?)
insert into picture (spot_id, url, picture_id) values (NULL, 'java.io.StringReader@45d2dbdc', 2397);
2022-10-10 14:33:47.346  INFO 4460 --- [    Test worker] p6spy                                    : #1665380027346 | took 0ms | statement | connection 25| url jdbc:h2:mem:ad3a9e80-f26d-4a3e-9691-17f803db5723
insert into picture (spot_id, url, picture_id) values (?, ?, ?)
insert into picture (spot_id, url, picture_id) values (NULL, 'java.io.StringReader@71c62aab', 2398);
2022-10-10 14:33:47.346  INFO 4460 --- [    Test worker] p6spy                                    : #1665380027346 | took 0ms | statement | connection 25| url jdbc:h2:mem:ad3a9e80-f26d-4a3e-9691-17f803db5723
insert into picture (spot_id, url, picture_id) values (?, ?, ?)
insert into picture (spot_id, url, picture_id) values (NULL, 'java.io.StringReader@38674bb6', 2399);
2022-10-10 14:33:47.346  INFO 4460 --- [    Test worker] p6spy                                    : #1665380027346 | took 0ms | statement | connection 25| url jdbc:h2:mem:ad3a9e80-f26d-4a3e-9691-17f803db5723
insert into spot (address, description, location, name, score_id, spot_id) values (?, ?, ?, ?, ?, ?)
insert into spot (address, description, location, name, score_id, spot_id) values (NULL, NULL, 'Andeok_myeon', NULL, 586, 652);
2022-10-10 14:33:47.346  INFO 4460 --- [    Test worker] p6spy                                    : #1665380027346 | took 0ms | statement | connection 25| url jdbc:h2:mem:ad3a9e80-f26d-4a3e-9691-17f803db5723
insert into member_spot (member_id, score, spot_id, member_spot_id) values (?, ?, ?, ?)
insert into member_spot (member_id, score, spot_id, member_spot_id) values (18, 0.0, 652, 2400);
2022-10-10 14:33:47.346  INFO 4460 --- [    Test worker] p6spy                                    : #1665380027346 | took 0ms | statement | connection 25| url jdbc:h2:mem:ad3a9e80-f26d-4a3e-9691-17f803db5723
insert into review (content, spot_id, review_id) values (?, ?, ?)
insert into review (content, spot_id, review_id) values ('java.io.StringReader@47495223', 569, 588);
2022-10-10 14:33:47.346  INFO 4460 --- [    Test worker] p6spy                                    : #1665380027346 | took 0ms | statement | connection 25| url jdbc:h2:mem:ad3a9e80-f26d-4a3e-9691-17f803db5723
insert into score (facility_rank, facility_score, price_rank, price_score, rank_average, surround_rank, surround_score, view_rank, view_score, score_id) values (?, ?, ?, ?, ?, ?, ?, ?, ?, ?)
insert into score (facility_rank, facility_score, price_rank, price_score, rank_average, surround_rank, surround_score, view_rank, view_score, score_id) values (0.6268589144415904, 5.860840529907408, 2.2199559910453806, 6.499081977003507, 4.073223139273503, 4.038005546659704, 4.657020773657612, 5.756608616670077, 6.186461371158578, 587);
2022-10-10 14:33:47.346  INFO 4460 --- [    Test worker] p6spy                                    : #1665380027346 | took 0ms | statement | connection 25| url jdbc:h2:mem:ad3a9e80-f26d-4a3e-9691-17f803db5723
insert into picture (spot_id, url, picture_id) values (?, ?, ?)
insert into picture (spot_id, url, picture_id) values (NULL, 'java.io.StringReader@43f31e91', 2401);
2022-10-10 14:33:47.346  INFO 4460 --- [    Test worker] p6spy                                    : #1665380027346 | took 0ms | statement | connection 25| url jdbc:h2:mem:ad3a9e80-f26d-4a3e-9691-17f803db5723
insert into picture (spot_id, url, picture_id) values (?, ?, ?)
insert into picture (spot_id, url, picture_id) values (NULL, 'java.io.StringReader@1958d75f', 2402);
2022-10-10 14:33:47.346  INFO 4460 --- [    Test worker] p6spy                                    : #1665380027346 | took 0ms | statement | connection 25| url jdbc:h2:mem:ad3a9e80-f26d-4a3e-9691-17f803db5723
insert into picture (spot_id, url, picture_id) values (?, ?, ?)
insert into picture (spot_id, url, picture_id) values (NULL, 'java.io.StringReader@61a394be', 2403);
2022-10-10 14:33:47.346  INFO 4460 --- [    Test worker] p6spy                                    : #1665380027346 | took 0ms | statement | connection 25| url jdbc:h2:mem:ad3a9e80-f26d-4a3e-9691-17f803db5723
insert into spot (address, description, location, name, score_id, spot_id) values (?, ?, ?, ?, ?, ?)
insert into spot (address, description, location, name, score_id, spot_id) values (NULL, NULL, 'Andeok_myeon', NULL, 587, 653);
2022-10-10 14:33:47.346  INFO 4460 --- [    Test worker] p6spy                                    : #1665380027346 | took 0ms | statement | connection 25| url jdbc:h2:mem:ad3a9e80-f26d-4a3e-9691-17f803db5723
insert into member_spot (member_id, score, spot_id, member_spot_id) values (?, ?, ?, ?)
insert into member_spot (member_id, score, spot_id, member_spot_id) values (18, 0.0, 653, 2404);
2022-10-10 14:33:47.346  INFO 4460 --- [    Test worker] p6spy                                    : #1665380027346 | took 0ms | statement | connection 25| url jdbc:h2:mem:ad3a9e80-f26d-4a3e-9691-17f803db5723
insert into review (content, spot_id, review_id) values (?, ?, ?)
insert into review (content, spot_id, review_id) values ('java.io.StringReader@b83fc01', 569, 589);
2022-10-10 14:33:47.346  INFO 4460 --- [    Test worker] p6spy                                    : #1665380027346 | took 0ms | statement | connection 25| url jdbc:h2:mem:ad3a9e80-f26d-4a3e-9691-17f803db5723
insert into favorite_spot (count, favorite_id, spot_id, favorite_spot_id) values (?, ?, ?, ?)
insert into favorite_spot (count, favorite_id, spot_id, favorite_spot_id) values (0, 39, 653, 463);
2022-10-10 14:33:47.346  INFO 4460 --- [    Test worker] p6spy                                    : #1665380027346 | took 0ms | statement | connection 25| url jdbc:h2:mem:ad3a9e80-f26d-4a3e-9691-17f803db5723
insert into score (facility_rank, facility_score, price_rank, price_score, rank_average, surround_rank, surround_score, view_rank, view_score, score_id) values (?, ?, ?, ?, ?, ?, ?, ?, ?, ?)
insert into score (facility_rank, facility_score, price_rank, price_score, rank_average, surround_rank, surround_score, view_rank, view_score, score_id) values (6.549916546023333, 6.144286028811527, 5.087370023548675, 2.955931182956648, 0.7383925858031792, 6.2863192392040235, 6.6253282427957405, 0.43011336079306517, 3.5386171904110606, 588);
2022-10-10 14:33:47.346  INFO 4460 --- [    Test worker] p6spy                                    : #1665380027346 | took 0ms | statement | connection 25| url jdbc:h2:mem:ad3a9e80-f26d-4a3e-9691-17f803db5723
insert into picture (spot_id, url, picture_id) values (?, ?, ?)
insert into picture (spot_id, url, picture_id) values (NULL, 'java.io.StringReader@fb36502', 2405);
2022-10-10 14:33:47.346  INFO 4460 --- [    Test worker] p6spy                                    : #1665380027346 | took 0ms | statement | connection 25| url jdbc:h2:mem:ad3a9e80-f26d-4a3e-9691-17f803db5723
insert into picture (spot_id, url, picture_id) values (?, ?, ?)
insert into picture (spot_id, url, picture_id) values (NULL, 'java.io.StringReader@20427323', 2406);
2022-10-10 14:33:47.346  INFO 4460 --- [    Test worker] p6spy                                    : #1665380027346 | took 0ms | statement | connection 25| url jdbc:h2:mem:ad3a9e80-f26d-4a3e-9691-17f803db5723
insert into picture (spot_id, url, picture_id) values (?, ?, ?)
insert into picture (spot_id, url, picture_id) values (NULL, 'java.io.StringReader@34606771', 2407);
2022-10-10 14:33:47.346  INFO 4460 --- [    Test worker] p6spy                                    : #1665380027346 | took 0ms | statement | connection 25| url jdbc:h2:mem:ad3a9e80-f26d-4a3e-9691-17f803db5723
insert into spot (address, description, location, name, score_id, spot_id) values (?, ?, ?, ?, ?, ?)
insert into spot (address, description, location, name, score_id, spot_id) values (NULL, NULL, 'Andeok_myeon', NULL, 588, 654);
2022-10-10 14:33:47.346  INFO 4460 --- [    Test worker] p6spy                                    : #1665380027346 | took 0ms | statement | connection 25| url jdbc:h2:mem:ad3a9e80-f26d-4a3e-9691-17f803db5723
insert into member_spot (member_id, score, spot_id, member_spot_id) values (?, ?, ?, ?)
insert into member_spot (member_id, score, spot_id, member_spot_id) values (18, 0.0, 654, 2408);
2022-10-10 14:33:47.346  INFO 4460 --- [    Test worker] p6spy                                    : #1665380027346 | took 0ms | statement | connection 25| url jdbc:h2:mem:ad3a9e80-f26d-4a3e-9691-17f803db5723
insert into review (content, spot_id, review_id) values (?, ?, ?)
insert into review (content, spot_id, review_id) values ('java.io.StringReader@335dcb7f', 569, 590);
2022-10-10 14:33:47.346  INFO 4460 --- [    Test worker] p6spy                                    : #1665380027346 | took 0ms | statement | connection 25| url jdbc:h2:mem:ad3a9e80-f26d-4a3e-9691-17f803db5723
insert into score (facility_rank, facility_score, price_rank, price_score, rank_average, surround_rank, surround_score, view_rank, view_score, score_id) values (?, ?, ?, ?, ?, ?, ?, ?, ?, ?)
insert into score (facility_rank, facility_score, price_rank, price_score, rank_average, surround_rank, surround_score, view_rank, view_score, score_id) values (1.7043599585341496, 8.095891135163141, 6.7238049148079, 4.760015278183092, 5.354146545325722, 7.89330217559236, 9.392579159865473, 3.7483806300004776, 2.96153356253447, 589);
2022-10-10 14:33:47.346  INFO 4460 --- [    Test worker] p6spy                                    : #1665380027346 | took 0ms | statement | connection 25| url jdbc:h2:mem:ad3a9e80-f26d-4a3e-9691-17f803db5723
insert into picture (spot_id, url, picture_id) values (?, ?, ?)
insert into picture (spot_id, url, picture_id) values (NULL, 'java.io.StringReader@55eb7499', 2409);
2022-10-10 14:33:47.346  INFO 4460 --- [    Test worker] p6spy                                    : #1665380027346 | took 0ms | statement | connection 25| url jdbc:h2:mem:ad3a9e80-f26d-4a3e-9691-17f803db5723
insert into picture (spot_id, url, picture_id) values (?, ?, ?)
insert into picture (spot_id, url, picture_id) values (NULL, 'java.io.StringReader@40a2f576', 2410);
2022-10-10 14:33:47.346  INFO 4460 --- [    Test worker] p6spy                                    : #1665380027346 | took 0ms | statement | connection 25| url jdbc:h2:mem:ad3a9e80-f26d-4a3e-9691-17f803db5723
insert into picture (spot_id, url, picture_id) values (?, ?, ?)
insert into picture (spot_id, url, picture_id) values (NULL, 'java.io.StringReader@20bb673f', 2411);
2022-10-10 14:33:47.346  INFO 4460 --- [    Test worker] p6spy                                    : #1665380027346 | took 0ms | statement | connection 25| url jdbc:h2:mem:ad3a9e80-f26d-4a3e-9691-17f803db5723
insert into spot (address, description, location, name, score_id, spot_id) values (?, ?, ?, ?, ?, ?)
insert into spot (address, description, location, name, score_id, spot_id) values (NULL, NULL, 'Andeok_myeon', NULL, 589, 655);
2022-10-10 14:33:47.346  INFO 4460 --- [    Test worker] p6spy                                    : #1665380027346 | took 0ms | statement | connection 25| url jdbc:h2:mem:ad3a9e80-f26d-4a3e-9691-17f803db5723
insert into member_spot (member_id, score, spot_id, member_spot_id) values (?, ?, ?, ?)
insert into member_spot (member_id, score, spot_id, member_spot_id) values (18, 0.0, 655, 2412);
2022-10-10 14:33:47.346  INFO 4460 --- [    Test worker] p6spy                                    : #1665380027346 | took 0ms | statement | connection 25| url jdbc:h2:mem:ad3a9e80-f26d-4a3e-9691-17f803db5723
insert into review (content, spot_id, review_id) values (?, ?, ?)
insert into review (content, spot_id, review_id) values ('java.io.StringReader@6e2f7c54', 569, 591);
2022-10-10 14:33:47.347  INFO 4460 --- [    Test worker] p6spy                                    : #1665380027347 | took 0ms | statement | connection 25| url jdbc:h2:mem:ad3a9e80-f26d-4a3e-9691-17f803db5723
insert into favorite_spot (count, favorite_id, spot_id, favorite_spot_id) values (?, ?, ?, ?)
insert into favorite_spot (count, favorite_id, spot_id, favorite_spot_id) values (0, 39, 655, 464);
2022-10-10 14:33:47.347  INFO 4460 --- [    Test worker] p6spy                                    : #1665380027347 | took 0ms | statement | connection 25| url jdbc:h2:mem:ad3a9e80-f26d-4a3e-9691-17f803db5723
insert into score (facility_rank, facility_score, price_rank, price_score, rank_average, surround_rank, surround_score, view_rank, view_score, score_id) values (?, ?, ?, ?, ?, ?, ?, ?, ?, ?)
insert into score (facility_rank, facility_score, price_rank, price_score, rank_average, surround_rank, surround_score, view_rank, view_score, score_id) values (4.088143968986212, 4.579261506095776, 2.8937745470908185, 9.389472109834136, 3.170496289140219, 7.350913501870556, 3.412125392377716, 5.80526985269025, 8.994871047268877, 590);
2022-10-10 14:33:47.347  INFO 4460 --- [    Test worker] p6spy                                    : #1665380027347 | took 0ms | statement | connection 25| url jdbc:h2:mem:ad3a9e80-f26d-4a3e-9691-17f803db5723
insert into picture (spot_id, url, picture_id) values (?, ?, ?)
insert into picture (spot_id, url, picture_id) values (NULL, 'java.io.StringReader@2af02f92', 2413);
2022-10-10 14:33:47.347  INFO 4460 --- [    Test worker] p6spy                                    : #1665380027347 | took 0ms | statement | connection 25| url jdbc:h2:mem:ad3a9e80-f26d-4a3e-9691-17f803db5723
insert into picture (spot_id, url, picture_id) values (?, ?, ?)
insert into picture (spot_id, url, picture_id) values (NULL, 'java.io.StringReader@75633f3a', 2414);
2022-10-10 14:33:47.347  INFO 4460 --- [    Test worker] p6spy                                    : #1665380027347 | took 0ms | statement | connection 25| url jdbc:h2:mem:ad3a9e80-f26d-4a3e-9691-17f803db5723
insert into picture (spot_id, url, picture_id) values (?, ?, ?)
insert into picture (spot_id, url, picture_id) values (NULL, 'java.io.StringReader@336af15e', 2415);
2022-10-10 14:33:47.347  INFO 4460 --- [    Test worker] p6spy                                    : #1665380027347 | took 0ms | statement | connection 25| url jdbc:h2:mem:ad3a9e80-f26d-4a3e-9691-17f803db5723
insert into spot (address, description, location, name, score_id, spot_id) values (?, ?, ?, ?, ?, ?)
insert into spot (address, description, location, name, score_id, spot_id) values (NULL, NULL, 'Andeok_myeon', NULL, 590, 656);
2022-10-10 14:33:47.347  INFO 4460 --- [    Test worker] p6spy                                    : #1665380027347 | took 0ms | statement | connection 25| url jdbc:h2:mem:ad3a9e80-f26d-4a3e-9691-17f803db5723
insert into member_spot (member_id, score, spot_id, member_spot_id) values (?, ?, ?, ?)
insert into member_spot (member_id, score, spot_id, member_spot_id) values (18, 0.0, 656, 2416);
2022-10-10 14:33:47.347  INFO 4460 --- [    Test worker] p6spy                                    : #1665380027347 | took 0ms | statement | connection 25| url jdbc:h2:mem:ad3a9e80-f26d-4a3e-9691-17f803db5723
insert into review (content, spot_id, review_id) values (?, ?, ?)
insert into review (content, spot_id, review_id) values ('java.io.StringReader@1553b032', 569, 592);
2022-10-10 14:33:47.347  INFO 4460 --- [    Test worker] p6spy                                    : #1665380027347 | took 0ms | statement | connection 25| url jdbc:h2:mem:ad3a9e80-f26d-4a3e-9691-17f803db5723
insert into score (facility_rank, facility_score, price_rank, price_score, rank_average, surround_rank, surround_score, view_rank, view_score, score_id) values (?, ?, ?, ?, ?, ?, ?, ?, ?, ?)
insert into score (facility_rank, facility_score, price_rank, price_score, rank_average, surround_rank, surround_score, view_rank, view_score, score_id) values (2.9328655456401123, 2.2261974820385166, 5.393553222014385, 9.50439669575845, 5.698758160324633, 9.768152403999704, 7.07382205219533, 9.094017187502793, 7.014573140850623, 591);
2022-10-10 14:33:47.347  INFO 4460 --- [    Test worker] p6spy                                    : #1665380027347 | took 0ms | statement | connection 25| url jdbc:h2:mem:ad3a9e80-f26d-4a3e-9691-17f803db5723
insert into picture (spot_id, url, picture_id) values (?, ?, ?)
insert into picture (spot_id, url, picture_id) values (NULL, 'java.io.StringReader@334d1ee5', 2417);
2022-10-10 14:33:47.347  INFO 4460 --- [    Test worker] p6spy                                    : #1665380027347 | took 0ms | statement | connection 25| url jdbc:h2:mem:ad3a9e80-f26d-4a3e-9691-17f803db5723
insert into picture (spot_id, url, picture_id) values (?, ?, ?)
insert into picture (spot_id, url, picture_id) values (NULL, 'java.io.StringReader@1cdd9c5f', 2418);
2022-10-10 14:33:47.347  INFO 4460 --- [    Test worker] p6spy                                    : #1665380027347 | took 0ms | statement | connection 25| url jdbc:h2:mem:ad3a9e80-f26d-4a3e-9691-17f803db5723
insert into picture (spot_id, url, picture_id) values (?, ?, ?)
insert into picture (spot_id, url, picture_id) values (NULL, 'java.io.StringReader@176dd857', 2419);
2022-10-10 14:33:47.347  INFO 4460 --- [    Test worker] p6spy                                    : #1665380027347 | took 0ms | statement | connection 25| url jdbc:h2:mem:ad3a9e80-f26d-4a3e-9691-17f803db5723
insert into spot (address, description, location, name, score_id, spot_id) values (?, ?, ?, ?, ?, ?)
insert into spot (address, description, location, name, score_id, spot_id) values (NULL, NULL, 'Andeok_myeon', NULL, 591, 657);
2022-10-10 14:33:47.347  INFO 4460 --- [    Test worker] p6spy                                    : #1665380027347 | took 0ms | statement | connection 25| url jdbc:h2:mem:ad3a9e80-f26d-4a3e-9691-17f803db5723
insert into member_spot (member_id, score, spot_id, member_spot_id) values (?, ?, ?, ?)
insert into member_spot (member_id, score, spot_id, member_spot_id) values (18, 0.0, 657, 2420);
2022-10-10 14:33:47.347  INFO 4460 --- [    Test worker] p6spy                                    : #1665380027347 | took 0ms | statement | connection 25| url jdbc:h2:mem:ad3a9e80-f26d-4a3e-9691-17f803db5723
insert into review (content, spot_id, review_id) values (?, ?, ?)
insert into review (content, spot_id, review_id) values ('java.io.StringReader@2730de43', 569, 593);
2022-10-10 14:33:47.347  INFO 4460 --- [    Test worker] p6spy                                    : #1665380027347 | took 0ms | statement | connection 25| url jdbc:h2:mem:ad3a9e80-f26d-4a3e-9691-17f803db5723
insert into favorite_spot (count, favorite_id, spot_id, favorite_spot_id) values (?, ?, ?, ?)
insert into favorite_spot (count, favorite_id, spot_id, favorite_spot_id) values (0, 39, 657, 465);
2022-10-10 14:33:47.347  INFO 4460 --- [    Test worker] p6spy                                    : #1665380027347 | took 0ms | statement | connection 25| url jdbc:h2:mem:ad3a9e80-f26d-4a3e-9691-17f803db5723
insert into score (facility_rank, facility_score, price_rank, price_score, rank_average, surround_rank, surround_score, view_rank, view_score, score_id) values (?, ?, ?, ?, ?, ?, ?, ?, ?, ?)
insert into score (facility_rank, facility_score, price_rank, price_score, rank_average, surround_rank, surround_score, view_rank, view_score, score_id) values (4.187457653672201, 8.550009684653565, 9.601076469168323, 8.801125528337465, 4.311939870811072, 0.765302609040247, 8.754742716998589, 6.367371231529983, 7.956675339436321, 592);
2022-10-10 14:33:47.347  INFO 4460 --- [    Test worker] p6spy                                    : #1665380027347 | took 0ms | statement | connection 25| url jdbc:h2:mem:ad3a9e80-f26d-4a3e-9691-17f803db5723
insert into picture (spot_id, url, picture_id) values (?, ?, ?)
insert into picture (spot_id, url, picture_id) values (NULL, 'java.io.StringReader@662fad11', 2421);
2022-10-10 14:33:47.347  INFO 4460 --- [    Test worker] p6spy                                    : #1665380027347 | took 0ms | statement | connection 25| url jdbc:h2:mem:ad3a9e80-f26d-4a3e-9691-17f803db5723
insert into picture (spot_id, url, picture_id) values (?, ?, ?)
insert into picture (spot_id, url, picture_id) values (NULL, 'java.io.StringReader@6459742e', 2422);
2022-10-10 14:33:47.347  INFO 4460 --- [    Test worker] p6spy                                    : #1665380027347 | took 0ms | statement | connection 25| url jdbc:h2:mem:ad3a9e80-f26d-4a3e-9691-17f803db5723
insert into picture (spot_id, url, picture_id) values (?, ?, ?)
insert into picture (spot_id, url, picture_id) values (NULL, 'java.io.StringReader@65a6c44e', 2423);
2022-10-10 14:33:47.347  INFO 4460 --- [    Test worker] p6spy                                    : #1665380027347 | took 0ms | statement | connection 25| url jdbc:h2:mem:ad3a9e80-f26d-4a3e-9691-17f803db5723
insert into spot (address, description, location, name, score_id, spot_id) values (?, ?, ?, ?, ?, ?)
insert into spot (address, description, location, name, score_id, spot_id) values (NULL, NULL, 'Andeok_myeon', NULL, 592, 658);
2022-10-10 14:33:47.347  INFO 4460 --- [    Test worker] p6spy                                    : #1665380027347 | took 0ms | statement | connection 25| url jdbc:h2:mem:ad3a9e80-f26d-4a3e-9691-17f803db5723
insert into member_spot (member_id, score, spot_id, member_spot_id) values (?, ?, ?, ?)
insert into member_spot (member_id, score, spot_id, member_spot_id) values (18, 0.0, 658, 2424);
2022-10-10 14:33:47.347  INFO 4460 --- [    Test worker] p6spy                                    : #1665380027347 | took 0ms | statement | connection 25| url jdbc:h2:mem:ad3a9e80-f26d-4a3e-9691-17f803db5723
insert into review (content, spot_id, review_id) values (?, ?, ?)
insert into review (content, spot_id, review_id) values ('java.io.StringReader@21f36116', 569, 594);
2022-10-10 14:33:47.347  INFO 4460 --- [    Test worker] p6spy                                    : #1665380027347 | took 0ms | statement | connection 25| url jdbc:h2:mem:ad3a9e80-f26d-4a3e-9691-17f803db5723
insert into score (facility_rank, facility_score, price_rank, price_score, rank_average, surround_rank, surround_score, view_rank, view_score, score_id) values (?, ?, ?, ?, ?, ?, ?, ?, ?, ?)
insert into score (facility_rank, facility_score, price_rank, price_score, rank_average, surround_rank, surround_score, view_rank, view_score, score_id) values (5.262028519240221, 2.2708514194395777, 8.845685721190247, 4.4013474326541395, 0.5992627197791589, 4.29624273546321, 0.6110643019280515, 0.3823209509886816, 2.395073687970407, 593);
2022-10-10 14:33:47.347  INFO 4460 --- [    Test worker] p6spy                                    : #1665380027347 | took 0ms | statement | connection 25| url jdbc:h2:mem:ad3a9e80-f26d-4a3e-9691-17f803db5723
insert into picture (spot_id, url, picture_id) values (?, ?, ?)
insert into picture (spot_id, url, picture_id) values (NULL, 'java.io.StringReader@22b012bb', 2425);
2022-10-10 14:33:47.347  INFO 4460 --- [    Test worker] p6spy                                    : #1665380027347 | took 0ms | statement | connection 25| url jdbc:h2:mem:ad3a9e80-f26d-4a3e-9691-17f803db5723
insert into picture (spot_id, url, picture_id) values (?, ?, ?)
insert into picture (spot_id, url, picture_id) values (NULL, 'java.io.StringReader@fe16249', 2426);
2022-10-10 14:33:47.347  INFO 4460 --- [    Test worker] p6spy                                    : #1665380027347 | took 0ms | statement | connection 25| url jdbc:h2:mem:ad3a9e80-f26d-4a3e-9691-17f803db5723
insert into picture (spot_id, url, picture_id) values (?, ?, ?)
insert into picture (spot_id, url, picture_id) values (NULL, 'java.io.StringReader@70b0d64', 2427);
2022-10-10 14:33:47.347  INFO 4460 --- [    Test worker] p6spy                                    : #1665380027347 | took 0ms | statement | connection 25| url jdbc:h2:mem:ad3a9e80-f26d-4a3e-9691-17f803db5723
insert into spot (address, description, location, name, score_id, spot_id) values (?, ?, ?, ?, ?, ?)
insert into spot (address, description, location, name, score_id, spot_id) values (NULL, NULL, 'Andeok_myeon', NULL, 593, 659);
2022-10-10 14:33:47.347  INFO 4460 --- [    Test worker] p6spy                                    : #1665380027347 | took 0ms | statement | connection 25| url jdbc:h2:mem:ad3a9e80-f26d-4a3e-9691-17f803db5723
insert into member_spot (member_id, score, spot_id, member_spot_id) values (?, ?, ?, ?)
insert into member_spot (member_id, score, spot_id, member_spot_id) values (18, 0.0, 659, 2428);
2022-10-10 14:33:47.348  INFO 4460 --- [    Test worker] p6spy                                    : #1665380027348 | took 0ms | statement | connection 25| url jdbc:h2:mem:ad3a9e80-f26d-4a3e-9691-17f803db5723
insert into review (content, spot_id, review_id) values (?, ?, ?)
insert into review (content, spot_id, review_id) values ('java.io.StringReader@4562769a', 569, 595);
2022-10-10 14:33:47.348  INFO 4460 --- [    Test worker] p6spy                                    : #1665380027348 | took 0ms | statement | connection 25| url jdbc:h2:mem:ad3a9e80-f26d-4a3e-9691-17f803db5723
insert into favorite_spot (count, favorite_id, spot_id, favorite_spot_id) values (?, ?, ?, ?)
insert into favorite_spot (count, favorite_id, spot_id, favorite_spot_id) values (0, 39, 659, 466);
2022-10-10 14:33:47.348  INFO 4460 --- [    Test worker] p6spy                                    : #1665380027348 | took 0ms | statement | connection 25| url jdbc:h2:mem:ad3a9e80-f26d-4a3e-9691-17f803db5723
insert into score (facility_rank, facility_score, price_rank, price_score, rank_average, surround_rank, surround_score, view_rank, view_score, score_id) values (?, ?, ?, ?, ?, ?, ?, ?, ?, ?)
insert into score (facility_rank, facility_score, price_rank, price_score, rank_average, surround_rank, surround_score, view_rank, view_score, score_id) values (8.517444058343083, 0.9264536122904699, 9.606124852003184, 2.360110854738322, 1.723415203374361, 4.997141347425994, 5.437940745481167, 2.6927036321086453, 5.6983175314677, 594);
2022-10-10 14:33:47.348  INFO 4460 --- [    Test worker] p6spy                                    : #1665380027348 | took 0ms | statement | connection 25| url jdbc:h2:mem:ad3a9e80-f26d-4a3e-9691-17f803db5723
insert into picture (spot_id, url, picture_id) values (?, ?, ?)
insert into picture (spot_id, url, picture_id) values (NULL, 'java.io.StringReader@4783655f', 2429);
2022-10-10 14:33:47.348  INFO 4460 --- [    Test worker] p6spy                                    : #1665380027348 | took 0ms | statement | connection 25| url jdbc:h2:mem:ad3a9e80-f26d-4a3e-9691-17f803db5723
insert into picture (spot_id, url, picture_id) values (?, ?, ?)
insert into picture (spot_id, url, picture_id) values (NULL, 'java.io.StringReader@6bf5fc5d', 2430);
2022-10-10 14:33:47.348  INFO 4460 --- [    Test worker] p6spy                                    : #1665380027348 | took 0ms | statement | connection 25| url jdbc:h2:mem:ad3a9e80-f26d-4a3e-9691-17f803db5723
insert into picture (spot_id, url, picture_id) values (?, ?, ?)
insert into picture (spot_id, url, picture_id) values (NULL, 'java.io.StringReader@3abb0a0f', 2431);
2022-10-10 14:33:47.348  INFO 4460 --- [    Test worker] p6spy                                    : #1665380027348 | took 0ms | statement | connection 25| url jdbc:h2:mem:ad3a9e80-f26d-4a3e-9691-17f803db5723
insert into spot (address, description, location, name, score_id, spot_id) values (?, ?, ?, ?, ?, ?)
insert into spot (address, description, location, name, score_id, spot_id) values (NULL, NULL, 'Andeok_myeon', NULL, 594, 660);
2022-10-10 14:33:47.348  INFO 4460 --- [    Test worker] p6spy                                    : #1665380027348 | took 0ms | statement | connection 25| url jdbc:h2:mem:ad3a9e80-f26d-4a3e-9691-17f803db5723
insert into member_spot (member_id, score, spot_id, member_spot_id) values (?, ?, ?, ?)
insert into member_spot (member_id, score, spot_id, member_spot_id) values (18, 0.0, 660, 2432);
2022-10-10 14:33:47.348  INFO 4460 --- [    Test worker] p6spy                                    : #1665380027348 | took 0ms | statement | connection 25| url jdbc:h2:mem:ad3a9e80-f26d-4a3e-9691-17f803db5723
insert into review (content, spot_id, review_id) values (?, ?, ?)
insert into review (content, spot_id, review_id) values ('java.io.StringReader@59c46e5e', 569, 596);
2022-10-10 14:33:47.348  INFO 4460 --- [    Test worker] p6spy                                    : #1665380027348 | took 0ms | statement | connection 25| url jdbc:h2:mem:ad3a9e80-f26d-4a3e-9691-17f803db5723
insert into score (facility_rank, facility_score, price_rank, price_score, rank_average, surround_rank, surround_score, view_rank, view_score, score_id) values (?, ?, ?, ?, ?, ?, ?, ?, ?, ?)
insert into score (facility_rank, facility_score, price_rank, price_score, rank_average, surround_rank, surround_score, view_rank, view_score, score_id) values (7.536157055284801, 7.653709763130838, 4.69334189817154, 6.858524452272742, 4.933362446337901, 9.602470251350391, 1.156811480993576, 2.2492709184225523, 3.7909229532585362, 595);
2022-10-10 14:33:47.348  INFO 4460 --- [    Test worker] p6spy                                    : #1665380027348 | took 0ms | statement | connection 25| url jdbc:h2:mem:ad3a9e80-f26d-4a3e-9691-17f803db5723
insert into picture (spot_id, url, picture_id) values (?, ?, ?)
insert into picture (spot_id, url, picture_id) values (NULL, 'java.io.StringReader@3ab59822', 2433);
2022-10-10 14:33:47.348  INFO 4460 --- [    Test worker] p6spy                                    : #1665380027348 | took 0ms | statement | connection 25| url jdbc:h2:mem:ad3a9e80-f26d-4a3e-9691-17f803db5723
insert into picture (spot_id, url, picture_id) values (?, ?, ?)
insert into picture (spot_id, url, picture_id) values (NULL, 'java.io.StringReader@29881522', 2434);
2022-10-10 14:33:47.348  INFO 4460 --- [    Test worker] p6spy                                    : #1665380027348 | took 0ms | statement | connection 25| url jdbc:h2:mem:ad3a9e80-f26d-4a3e-9691-17f803db5723
insert into picture (spot_id, url, picture_id) values (?, ?, ?)
insert into picture (spot_id, url, picture_id) values (NULL, 'java.io.StringReader@79ef39ea', 2435);
2022-10-10 14:33:47.348  INFO 4460 --- [    Test worker] p6spy                                    : #1665380027348 | took 0ms | statement | connection 25| url jdbc:h2:mem:ad3a9e80-f26d-4a3e-9691-17f803db5723
insert into spot (address, description, location, name, score_id, spot_id) values (?, ?, ?, ?, ?, ?)
insert into spot (address, description, location, name, score_id, spot_id) values (NULL, NULL, 'Andeok_myeon', NULL, 595, 661);
2022-10-10 14:33:47.348  INFO 4460 --- [    Test worker] p6spy                                    : #1665380027348 | took 0ms | statement | connection 25| url jdbc:h2:mem:ad3a9e80-f26d-4a3e-9691-17f803db5723
insert into member_spot (member_id, score, spot_id, member_spot_id) values (?, ?, ?, ?)
insert into member_spot (member_id, score, spot_id, member_spot_id) values (18, 0.0, 661, 2436);
2022-10-10 14:33:47.348  INFO 4460 --- [    Test worker] p6spy                                    : #1665380027348 | took 0ms | statement | connection 25| url jdbc:h2:mem:ad3a9e80-f26d-4a3e-9691-17f803db5723
insert into review (content, spot_id, review_id) values (?, ?, ?)
insert into review (content, spot_id, review_id) values ('java.io.StringReader@5c126571', 569, 597);
2022-10-10 14:33:47.348  INFO 4460 --- [    Test worker] p6spy                                    : #1665380027348 | took 0ms | statement | connection 25| url jdbc:h2:mem:ad3a9e80-f26d-4a3e-9691-17f803db5723
insert into favorite_spot (count, favorite_id, spot_id, favorite_spot_id) values (?, ?, ?, ?)
insert into favorite_spot (count, favorite_id, spot_id, favorite_spot_id) values (0, 39, 661, 467);
2022-10-10 14:33:47.348  INFO 4460 --- [    Test worker] p6spy                                    : #1665380027348 | took 0ms | statement | connection 25| url jdbc:h2:mem:ad3a9e80-f26d-4a3e-9691-17f803db5723
insert into score (facility_rank, facility_score, price_rank, price_score, rank_average, surround_rank, surround_score, view_rank, view_score, score_id) values (?, ?, ?, ?, ?, ?, ?, ?, ?, ?)
insert into score (facility_rank, facility_score, price_rank, price_score, rank_average, surround_rank, surround_score, view_rank, view_score, score_id) values (9.256277675052388, 1.0189292186594168, 9.990055106700561, 4.0328174571157716, 6.612781405269795, 7.39223363372092, 3.837507458230107, 9.944938193953794, 3.380466610391112, 596);
2022-10-10 14:33:47.348  INFO 4460 --- [    Test worker] p6spy                                    : #1665380027348 | took 0ms | statement | connection 25| url jdbc:h2:mem:ad3a9e80-f26d-4a3e-9691-17f803db5723
insert into picture (spot_id, url, picture_id) values (?, ?, ?)
insert into picture (spot_id, url, picture_id) values (NULL, 'java.io.StringReader@778d4db7', 2437);
2022-10-10 14:33:47.348  INFO 4460 --- [    Test worker] p6spy                                    : #1665380027348 | took 0ms | statement | connection 25| url jdbc:h2:mem:ad3a9e80-f26d-4a3e-9691-17f803db5723
insert into picture (spot_id, url, picture_id) values (?, ?, ?)
insert into picture (spot_id, url, picture_id) values (NULL, 'java.io.StringReader@637f1f25', 2438);
2022-10-10 14:33:47.348  INFO 4460 --- [    Test worker] p6spy                                    : #1665380027348 | took 0ms | statement | connection 25| url jdbc:h2:mem:ad3a9e80-f26d-4a3e-9691-17f803db5723
insert into picture (spot_id, url, picture_id) values (?, ?, ?)
insert into picture (spot_id, url, picture_id) values (NULL, 'java.io.StringReader@7ec14819', 2439);
2022-10-10 14:33:47.348  INFO 4460 --- [    Test worker] p6spy                                    : #1665380027348 | took 0ms | statement | connection 25| url jdbc:h2:mem:ad3a9e80-f26d-4a3e-9691-17f803db5723
insert into spot (address, description, location, name, score_id, spot_id) values (?, ?, ?, ?, ?, ?)
insert into spot (address, description, location, name, score_id, spot_id) values (NULL, NULL, 'Andeok_myeon', NULL, 596, 662);
2022-10-10 14:33:47.348  INFO 4460 --- [    Test worker] p6spy                                    : #1665380027348 | took 0ms | statement | connection 25| url jdbc:h2:mem:ad3a9e80-f26d-4a3e-9691-17f803db5723
insert into member_spot (member_id, score, spot_id, member_spot_id) values (?, ?, ?, ?)
insert into member_spot (member_id, score, spot_id, member_spot_id) values (18, 0.0, 662, 2440);
2022-10-10 14:33:47.348  INFO 4460 --- [    Test worker] p6spy                                    : #1665380027348 | took 0ms | statement | connection 25| url jdbc:h2:mem:ad3a9e80-f26d-4a3e-9691-17f803db5723
insert into review (content, spot_id, review_id) values (?, ?, ?)
insert into review (content, spot_id, review_id) values ('java.io.StringReader@24ec7ab7', 569, 598);
2022-10-10 14:33:47.348  INFO 4460 --- [    Test worker] p6spy                                    : #1665380027348 | took 0ms | statement | connection 25| url jdbc:h2:mem:ad3a9e80-f26d-4a3e-9691-17f803db5723
insert into score (facility_rank, facility_score, price_rank, price_score, rank_average, surround_rank, surround_score, view_rank, view_score, score_id) values (?, ?, ?, ?, ?, ?, ?, ?, ?, ?)
insert into score (facility_rank, facility_score, price_rank, price_score, rank_average, surround_rank, surround_score, view_rank, view_score, score_id) values (4.021282713016942, 4.637680013480752, 9.025390263095264, 2.4482213446092116, 4.718320456542315, 6.671561676362866, 4.177145533162891, 6.525616299882046, 5.613619289566111, 597);
2022-10-10 14:33:47.348  INFO 4460 --- [    Test worker] p6spy                                    : #1665380027348 | took 0ms | statement | connection 25| url jdbc:h2:mem:ad3a9e80-f26d-4a3e-9691-17f803db5723
insert into picture (spot_id, url, picture_id) values (?, ?, ?)
insert into picture (spot_id, url, picture_id) values (NULL, 'java.io.StringReader@5d0981bd', 2441);
2022-10-10 14:33:47.348  INFO 4460 --- [    Test worker] p6spy                                    : #1665380027348 | took 0ms | statement | connection 25| url jdbc:h2:mem:ad3a9e80-f26d-4a3e-9691-17f803db5723
insert into picture (spot_id, url, picture_id) values (?, ?, ?)
insert into picture (spot_id, url, picture_id) values (NULL, 'java.io.StringReader@6a3c798c', 2442);
2022-10-10 14:33:47.348  INFO 4460 --- [    Test worker] p6spy                                    : #1665380027348 | took 0ms | statement | connection 25| url jdbc:h2:mem:ad3a9e80-f26d-4a3e-9691-17f803db5723
insert into picture (spot_id, url, picture_id) values (?, ?, ?)
insert into picture (spot_id, url, picture_id) values (NULL, 'java.io.StringReader@2e4a1d6', 2443);
2022-10-10 14:33:47.348  INFO 4460 --- [    Test worker] p6spy                                    : #1665380027348 | took 0ms | statement | connection 25| url jdbc:h2:mem:ad3a9e80-f26d-4a3e-9691-17f803db5723
insert into spot (address, description, location, name, score_id, spot_id) values (?, ?, ?, ?, ?, ?)
insert into spot (address, description, location, name, score_id, spot_id) values (NULL, NULL, 'Andeok_myeon', NULL, 597, 663);
2022-10-10 14:33:47.348  INFO 4460 --- [    Test worker] p6spy                                    : #1665380027348 | took 0ms | statement | connection 25| url jdbc:h2:mem:ad3a9e80-f26d-4a3e-9691-17f803db5723
insert into member_spot (member_id, score, spot_id, member_spot_id) values (?, ?, ?, ?)
insert into member_spot (member_id, score, spot_id, member_spot_id) values (18, 0.0, 663, 2444);
2022-10-10 14:33:47.348  INFO 4460 --- [    Test worker] p6spy                                    : #1665380027348 | took 0ms | statement | connection 25| url jdbc:h2:mem:ad3a9e80-f26d-4a3e-9691-17f803db5723
insert into review (content, spot_id, review_id) values (?, ?, ?)
insert into review (content, spot_id, review_id) values ('java.io.StringReader@1dbb2406', 569, 599);
2022-10-10 14:33:47.349  INFO 4460 --- [    Test worker] p6spy                                    : #1665380027349 | took 0ms | statement | connection 25| url jdbc:h2:mem:ad3a9e80-f26d-4a3e-9691-17f803db5723
insert into favorite_spot (count, favorite_id, spot_id, favorite_spot_id) values (?, ?, ?, ?)
insert into favorite_spot (count, favorite_id, spot_id, favorite_spot_id) values (0, 39, 663, 468);
2022-10-10 14:33:47.349  INFO 4460 --- [    Test worker] p6spy                                    : #1665380027349 | took 0ms | statement | connection 25| url jdbc:h2:mem:ad3a9e80-f26d-4a3e-9691-17f803db5723
insert into score (facility_rank, facility_score, price_rank, price_score, rank_average, surround_rank, surround_score, view_rank, view_score, score_id) values (?, ?, ?, ?, ?, ?, ?, ?, ?, ?)
insert into score (facility_rank, facility_score, price_rank, price_score, rank_average, surround_rank, surround_score, view_rank, view_score, score_id) values (2.7327741350265935, 0.6003257709552912, 5.995680331051998, 3.0691705036571024, 6.054527077320798, 8.541407323341206, 2.614487140643197, 2.557144604741959, 0.904184052472351, 598);
2022-10-10 14:33:47.349  INFO 4460 --- [    Test worker] p6spy                                    : #1665380027349 | took 0ms | statement | connection 25| url jdbc:h2:mem:ad3a9e80-f26d-4a3e-9691-17f803db5723
insert into picture (spot_id, url, picture_id) values (?, ?, ?)
insert into picture (spot_id, url, picture_id) values (NULL, 'java.io.StringReader@146bfc15', 2445);
2022-10-10 14:33:47.349  INFO 4460 --- [    Test worker] p6spy                                    : #1665380027349 | took 0ms | statement | connection 25| url jdbc:h2:mem:ad3a9e80-f26d-4a3e-9691-17f803db5723
insert into picture (spot_id, url, picture_id) values (?, ?, ?)
insert into picture (spot_id, url, picture_id) values (NULL, 'java.io.StringReader@76254633', 2446);
2022-10-10 14:33:47.349  INFO 4460 --- [    Test worker] p6spy                                    : #1665380027349 | took 0ms | statement | connection 25| url jdbc:h2:mem:ad3a9e80-f26d-4a3e-9691-17f803db5723
insert into picture (spot_id, url, picture_id) values (?, ?, ?)
insert into picture (spot_id, url, picture_id) values (NULL, 'java.io.StringReader@432b6589', 2447);
2022-10-10 14:33:47.349  INFO 4460 --- [    Test worker] p6spy                                    : #1665380027349 | took 0ms | statement | connection 25| url jdbc:h2:mem:ad3a9e80-f26d-4a3e-9691-17f803db5723
insert into spot (address, description, location, name, score_id, spot_id) values (?, ?, ?, ?, ?, ?)
insert into spot (address, description, location, name, score_id, spot_id) values (NULL, NULL, 'Andeok_myeon', NULL, 598, 664);
2022-10-10 14:33:47.349  INFO 4460 --- [    Test worker] p6spy                                    : #1665380027349 | took 0ms | statement | connection 25| url jdbc:h2:mem:ad3a9e80-f26d-4a3e-9691-17f803db5723
insert into member_spot (member_id, score, spot_id, member_spot_id) values (?, ?, ?, ?)
insert into member_spot (member_id, score, spot_id, member_spot_id) values (18, 0.0, 664, 2448);
2022-10-10 14:33:47.349  INFO 4460 --- [    Test worker] p6spy                                    : #1665380027349 | took 0ms | statement | connection 25| url jdbc:h2:mem:ad3a9e80-f26d-4a3e-9691-17f803db5723
insert into review (content, spot_id, review_id) values (?, ?, ?)
insert into review (content, spot_id, review_id) values ('java.io.StringReader@4d35933c', 569, 600);
2022-10-10 14:33:47.349  INFO 4460 --- [    Test worker] p6spy                                    : #1665380027349 | took 0ms | statement | connection 25| url jdbc:h2:mem:ad3a9e80-f26d-4a3e-9691-17f803db5723
insert into score (facility_rank, facility_score, price_rank, price_score, rank_average, surround_rank, surround_score, view_rank, view_score, score_id) values (?, ?, ?, ?, ?, ?, ?, ?, ?, ?)
insert into score (facility_rank, facility_score, price_rank, price_score, rank_average, surround_rank, surround_score, view_rank, view_score, score_id) values (8.147576248749758, 6.221944336528925, 8.295907879108185, 3.480198600254847, 0.7086206199625389, 1.4045333059533627, 2.513167740930209, 4.704512359034863, 1.9443545885741886, 599);
2022-10-10 14:33:47.349  INFO 4460 --- [    Test worker] p6spy                                    : #1665380027349 | took 0ms | statement | connection 25| url jdbc:h2:mem:ad3a9e80-f26d-4a3e-9691-17f803db5723
insert into picture (spot_id, url, picture_id) values (?, ?, ?)
insert into picture (spot_id, url, picture_id) values (NULL, 'java.io.StringReader@70c38e0', 2449);
2022-10-10 14:33:47.349  INFO 4460 --- [    Test worker] p6spy                                    : #1665380027349 | took 0ms | statement | connection 25| url jdbc:h2:mem:ad3a9e80-f26d-4a3e-9691-17f803db5723
insert into picture (spot_id, url, picture_id) values (?, ?, ?)
insert into picture (spot_id, url, picture_id) values (NULL, 'java.io.StringReader@13b1328', 2450);
2022-10-10 14:33:47.349  INFO 4460 --- [    Test worker] p6spy                                    : #1665380027349 | took 0ms | statement | connection 25| url jdbc:h2:mem:ad3a9e80-f26d-4a3e-9691-17f803db5723
insert into picture (spot_id, url, picture_id) values (?, ?, ?)
insert into picture (spot_id, url, picture_id) values (NULL, 'java.io.StringReader@78d56dc1', 2451);
2022-10-10 14:33:47.349  INFO 4460 --- [    Test worker] p6spy                                    : #1665380027349 | took 0ms | statement | connection 25| url jdbc:h2:mem:ad3a9e80-f26d-4a3e-9691-17f803db5723
insert into spot (address, description, location, name, score_id, spot_id) values (?, ?, ?, ?, ?, ?)
insert into spot (address, description, location, name, score_id, spot_id) values (NULL, NULL, 'Andeok_myeon', NULL, 599, 665);
2022-10-10 14:33:47.349  INFO 4460 --- [    Test worker] p6spy                                    : #1665380027349 | took 0ms | statement | connection 25| url jdbc:h2:mem:ad3a9e80-f26d-4a3e-9691-17f803db5723
insert into member_spot (member_id, score, spot_id, member_spot_id) values (?, ?, ?, ?)
insert into member_spot (member_id, score, spot_id, member_spot_id) values (18, 0.0, 665, 2452);
2022-10-10 14:33:47.349  INFO 4460 --- [    Test worker] p6spy                                    : #1665380027349 | took 0ms | statement | connection 25| url jdbc:h2:mem:ad3a9e80-f26d-4a3e-9691-17f803db5723
insert into review (content, spot_id, review_id) values (?, ?, ?)
insert into review (content, spot_id, review_id) values ('java.io.StringReader@2145d08d', 569, 601);
2022-10-10 14:33:47.349  INFO 4460 --- [    Test worker] p6spy                                    : #1665380027349 | took 0ms | statement | connection 25| url jdbc:h2:mem:ad3a9e80-f26d-4a3e-9691-17f803db5723
insert into favorite_spot (count, favorite_id, spot_id, favorite_spot_id) values (?, ?, ?, ?)
insert into favorite_spot (count, favorite_id, spot_id, favorite_spot_id) values (0, 39, 665, 469);
2022-10-10 14:33:47.349  INFO 4460 --- [    Test worker] p6spy                                    : #1665380027349 | took 0ms | statement | connection 25| url jdbc:h2:mem:ad3a9e80-f26d-4a3e-9691-17f803db5723
insert into score (facility_rank, facility_score, price_rank, price_score, rank_average, surround_rank, surround_score, view_rank, view_score, score_id) values (?, ?, ?, ?, ?, ?, ?, ?, ?, ?)
insert into score (facility_rank, facility_score, price_rank, price_score, rank_average, surround_rank, surround_score, view_rank, view_score, score_id) values (1.7545934165079213, 6.864350119729141, 4.553432944852153, 8.547452978691807, 6.27076671963163, 4.029526448619225, 9.618270912442146, 2.580016755105202, 7.716939487481882, 600);
2022-10-10 14:33:47.349  INFO 4460 --- [    Test worker] p6spy                                    : #1665380027349 | took 0ms | statement | connection 25| url jdbc:h2:mem:ad3a9e80-f26d-4a3e-9691-17f803db5723
insert into picture (spot_id, url, picture_id) values (?, ?, ?)
insert into picture (spot_id, url, picture_id) values (NULL, 'java.io.StringReader@14407552', 2453);
2022-10-10 14:33:47.349  INFO 4460 --- [    Test worker] p6spy                                    : #1665380027349 | took 0ms | statement | connection 25| url jdbc:h2:mem:ad3a9e80-f26d-4a3e-9691-17f803db5723
insert into picture (spot_id, url, picture_id) values (?, ?, ?)
insert into picture (spot_id, url, picture_id) values (NULL, 'java.io.StringReader@61ac42c6', 2454);
2022-10-10 14:33:47.349  INFO 4460 --- [    Test worker] p6spy                                    : #1665380027349 | took 0ms | statement | connection 25| url jdbc:h2:mem:ad3a9e80-f26d-4a3e-9691-17f803db5723
insert into picture (spot_id, url, picture_id) values (?, ?, ?)
insert into picture (spot_id, url, picture_id) values (NULL, 'java.io.StringReader@1c427f9d', 2455);
2022-10-10 14:33:47.349  INFO 4460 --- [    Test worker] p6spy                                    : #1665380027349 | took 0ms | statement | connection 25| url jdbc:h2:mem:ad3a9e80-f26d-4a3e-9691-17f803db5723
insert into spot (address, description, location, name, score_id, spot_id) values (?, ?, ?, ?, ?, ?)
insert into spot (address, description, location, name, score_id, spot_id) values (NULL, NULL, 'Andeok_myeon', NULL, 600, 666);
2022-10-10 14:33:47.349  INFO 4460 --- [    Test worker] p6spy                                    : #1665380027349 | took 0ms | statement | connection 25| url jdbc:h2:mem:ad3a9e80-f26d-4a3e-9691-17f803db5723
insert into member_spot (member_id, score, spot_id, member_spot_id) values (?, ?, ?, ?)
insert into member_spot (member_id, score, spot_id, member_spot_id) values (18, 0.0, 666, 2456);
2022-10-10 14:33:47.349  INFO 4460 --- [    Test worker] p6spy                                    : #1665380027349 | took 0ms | statement | connection 25| url jdbc:h2:mem:ad3a9e80-f26d-4a3e-9691-17f803db5723
insert into review (content, spot_id, review_id) values (?, ?, ?)
insert into review (content, spot_id, review_id) values ('java.io.StringReader@129d425e', 569, 602);
2022-10-10 14:33:47.349  INFO 4460 --- [    Test worker] p6spy                                    : #1665380027349 | took 0ms | statement | connection 25| url jdbc:h2:mem:ad3a9e80-f26d-4a3e-9691-17f803db5723
insert into score (facility_rank, facility_score, price_rank, price_score, rank_average, surround_rank, surround_score, view_rank, view_score, score_id) values (?, ?, ?, ?, ?, ?, ?, ?, ?, ?)
insert into score (facility_rank, facility_score, price_rank, price_score, rank_average, surround_rank, surround_score, view_rank, view_score, score_id) values (5.975393082260738, 2.0927005586526093, 9.096761053431184, 6.863973093349166, 1.5145650493109586, 9.276965465412228, 6.363177883565739, 5.874433672832483, 2.5724730601768977, 601);
2022-10-10 14:33:47.349  INFO 4460 --- [    Test worker] p6spy                                    : #1665380027349 | took 0ms | statement | connection 25| url jdbc:h2:mem:ad3a9e80-f26d-4a3e-9691-17f803db5723
insert into picture (spot_id, url, picture_id) values (?, ?, ?)
insert into picture (spot_id, url, picture_id) values (NULL, 'java.io.StringReader@b4de2c5', 2457);
2022-10-10 14:33:47.349  INFO 4460 --- [    Test worker] p6spy                                    : #1665380027349 | took 0ms | statement | connection 25| url jdbc:h2:mem:ad3a9e80-f26d-4a3e-9691-17f803db5723
insert into picture (spot_id, url, picture_id) values (?, ?, ?)
insert into picture (spot_id, url, picture_id) values (NULL, 'java.io.StringReader@bb32837', 2458);
2022-10-10 14:33:47.349  INFO 4460 --- [    Test worker] p6spy                                    : #1665380027349 | took 0ms | statement | connection 25| url jdbc:h2:mem:ad3a9e80-f26d-4a3e-9691-17f803db5723
insert into picture (spot_id, url, picture_id) values (?, ?, ?)
insert into picture (spot_id, url, picture_id) values (NULL, 'java.io.StringReader@738074bd', 2459);
2022-10-10 14:33:47.350  INFO 4460 --- [    Test worker] p6spy                                    : #1665380027350 | took 0ms | statement | connection 25| url jdbc:h2:mem:ad3a9e80-f26d-4a3e-9691-17f803db5723
insert into spot (address, description, location, name, score_id, spot_id) values (?, ?, ?, ?, ?, ?)
insert into spot (address, description, location, name, score_id, spot_id) values (NULL, NULL, 'Andeok_myeon', NULL, 601, 667);
2022-10-10 14:33:47.350  INFO 4460 --- [    Test worker] p6spy                                    : #1665380027350 | took 0ms | statement | connection 25| url jdbc:h2:mem:ad3a9e80-f26d-4a3e-9691-17f803db5723
insert into member_spot (member_id, score, spot_id, member_spot_id) values (?, ?, ?, ?)
insert into member_spot (member_id, score, spot_id, member_spot_id) values (18, 0.0, 667, 2460);
2022-10-10 14:33:47.350  INFO 4460 --- [    Test worker] p6spy                                    : #1665380027350 | took 0ms | statement | connection 25| url jdbc:h2:mem:ad3a9e80-f26d-4a3e-9691-17f803db5723
insert into review (content, spot_id, review_id) values (?, ?, ?)
insert into review (content, spot_id, review_id) values ('java.io.StringReader@44fabe57', 569, 603);
2022-10-10 14:33:47.350  INFO 4460 --- [    Test worker] p6spy                                    : #1665380027350 | took 0ms | statement | connection 25| url jdbc:h2:mem:ad3a9e80-f26d-4a3e-9691-17f803db5723
insert into favorite_spot (count, favorite_id, spot_id, favorite_spot_id) values (?, ?, ?, ?)
insert into favorite_spot (count, favorite_id, spot_id, favorite_spot_id) values (0, 39, 667, 470);
2022-10-10 14:33:47.350  INFO 4460 --- [    Test worker] p6spy                                    : #1665380027350 | took 0ms | statement | connection 25| url jdbc:h2:mem:ad3a9e80-f26d-4a3e-9691-17f803db5723
insert into score (facility_rank, facility_score, price_rank, price_score, rank_average, surround_rank, surround_score, view_rank, view_score, score_id) values (?, ?, ?, ?, ?, ?, ?, ?, ?, ?)
insert into score (facility_rank, facility_score, price_rank, price_score, rank_average, surround_rank, surround_score, view_rank, view_score, score_id) values (6.594349648115103, 2.5757849840150526, 6.044933913257903, 8.228047239082679, 7.937554303894294, 4.0964973658004835, 6.175873585628807, 5.6102220439266235, 8.238826976134423, 602);
2022-10-10 14:33:47.350  INFO 4460 --- [    Test worker] p6spy                                    : #1665380027350 | took 0ms | statement | connection 25| url jdbc:h2:mem:ad3a9e80-f26d-4a3e-9691-17f803db5723
insert into picture (spot_id, url, picture_id) values (?, ?, ?)
insert into picture (spot_id, url, picture_id) values (NULL, 'java.io.StringReader@5eb3b0e9', 2461);
2022-10-10 14:33:47.350  INFO 4460 --- [    Test worker] p6spy                                    : #1665380027350 | took 0ms | statement | connection 25| url jdbc:h2:mem:ad3a9e80-f26d-4a3e-9691-17f803db5723
insert into picture (spot_id, url, picture_id) values (?, ?, ?)
insert into picture (spot_id, url, picture_id) values (NULL, 'java.io.StringReader@5c902cbd', 2462);
2022-10-10 14:33:47.350  INFO 4460 --- [    Test worker] p6spy                                    : #1665380027350 | took 0ms | statement | connection 25| url jdbc:h2:mem:ad3a9e80-f26d-4a3e-9691-17f803db5723
insert into picture (spot_id, url, picture_id) values (?, ?, ?)
insert into picture (spot_id, url, picture_id) values (NULL, 'java.io.StringReader@1d656cfd', 2463);
2022-10-10 14:33:47.350  INFO 4460 --- [    Test worker] p6spy                                    : #1665380027350 | took 0ms | statement | connection 25| url jdbc:h2:mem:ad3a9e80-f26d-4a3e-9691-17f803db5723
insert into spot (address, description, location, name, score_id, spot_id) values (?, ?, ?, ?, ?, ?)
insert into spot (address, description, location, name, score_id, spot_id) values (NULL, NULL, 'Andeok_myeon', NULL, 602, 668);
2022-10-10 14:33:47.350  INFO 4460 --- [    Test worker] p6spy                                    : #1665380027350 | took 0ms | statement | connection 25| url jdbc:h2:mem:ad3a9e80-f26d-4a3e-9691-17f803db5723
insert into member_spot (member_id, score, spot_id, member_spot_id) values (?, ?, ?, ?)
insert into member_spot (member_id, score, spot_id, member_spot_id) values (18, 0.0, 668, 2464);
2022-10-10 14:33:47.350  INFO 4460 --- [    Test worker] p6spy                                    : #1665380027350 | took 0ms | statement | connection 25| url jdbc:h2:mem:ad3a9e80-f26d-4a3e-9691-17f803db5723
insert into review (content, spot_id, review_id) values (?, ?, ?)
insert into review (content, spot_id, review_id) values ('java.io.StringReader@1d644dd1', 569, 604);
2022-10-10 14:33:47.350  INFO 4460 --- [    Test worker] p6spy                                    : #1665380027350 | took 0ms | statement | connection 25| url jdbc:h2:mem:ad3a9e80-f26d-4a3e-9691-17f803db5723
update picture set spot_id=?, url=? where picture_id=?
update picture set spot_id=569, url='java.io.StringReader@679b9eef' where picture_id=2065;
2022-10-10 14:33:47.350  INFO 4460 --- [    Test worker] p6spy                                    : #1665380027350 | took 0ms | statement | connection 25| url jdbc:h2:mem:ad3a9e80-f26d-4a3e-9691-17f803db5723
update picture set spot_id=?, url=? where picture_id=?
update picture set spot_id=569, url='java.io.StringReader@5f3ca25e' where picture_id=2066;
2022-10-10 14:33:47.350  INFO 4460 --- [    Test worker] p6spy                                    : #1665380027350 | took 0ms | statement | connection 25| url jdbc:h2:mem:ad3a9e80-f26d-4a3e-9691-17f803db5723
update picture set spot_id=?, url=? where picture_id=?
update picture set spot_id=569, url='java.io.StringReader@17d8ea00' where picture_id=2067;
2022-10-10 14:33:47.350  INFO 4460 --- [    Test worker] p6spy                                    : #1665380027350 | took 0ms | statement | connection 25| url jdbc:h2:mem:ad3a9e80-f26d-4a3e-9691-17f803db5723
update picture set spot_id=?, url=? where picture_id=?
update picture set spot_id=570, url='java.io.StringReader@1f8302de' where picture_id=2069;
2022-10-10 14:33:47.350  INFO 4460 --- [    Test worker] p6spy                                    : #1665380027350 | took 0ms | statement | connection 25| url jdbc:h2:mem:ad3a9e80-f26d-4a3e-9691-17f803db5723
update picture set spot_id=?, url=? where picture_id=?
update picture set spot_id=570, url='java.io.StringReader@747d03f1' where picture_id=2070;
2022-10-10 14:33:47.350  INFO 4460 --- [    Test worker] p6spy                                    : #1665380027350 | took 0ms | statement | connection 25| url jdbc:h2:mem:ad3a9e80-f26d-4a3e-9691-17f803db5723
update picture set spot_id=?, url=? where picture_id=?
update picture set spot_id=570, url='java.io.StringReader@6548432d' where picture_id=2071;
2022-10-10 14:33:47.350  INFO 4460 --- [    Test worker] p6spy                                    : #1665380027350 | took 0ms | statement | connection 25| url jdbc:h2:mem:ad3a9e80-f26d-4a3e-9691-17f803db5723
update picture set spot_id=?, url=? where picture_id=?
update picture set spot_id=571, url='java.io.StringReader@5450ce0d' where picture_id=2073;
2022-10-10 14:33:47.350  INFO 4460 --- [    Test worker] p6spy                                    : #1665380027350 | took 0ms | statement | connection 25| url jdbc:h2:mem:ad3a9e80-f26d-4a3e-9691-17f803db5723
update picture set spot_id=?, url=? where picture_id=?
update picture set spot_id=571, url='java.io.StringReader@6d91fbe7' where picture_id=2074;
2022-10-10 14:33:47.350  INFO 4460 --- [    Test worker] p6spy                                    : #1665380027350 | took 0ms | statement | connection 25| url jdbc:h2:mem:ad3a9e80-f26d-4a3e-9691-17f803db5723
update picture set spot_id=?, url=? where picture_id=?
update picture set spot_id=571, url='java.io.StringReader@1c20052d' where picture_id=2075;
2022-10-10 14:33:47.351  INFO 4460 --- [    Test worker] p6spy                                    : #1665380027351 | took 0ms | statement | connection 25| url jdbc:h2:mem:ad3a9e80-f26d-4a3e-9691-17f803db5723
update picture set spot_id=?, url=? where picture_id=?
update picture set spot_id=572, url='java.io.StringReader@42f2515d' where picture_id=2077;
2022-10-10 14:33:47.351  INFO 4460 --- [    Test worker] p6spy                                    : #1665380027351 | took 0ms | statement | connection 25| url jdbc:h2:mem:ad3a9e80-f26d-4a3e-9691-17f803db5723
update picture set spot_id=?, url=? where picture_id=?
update picture set spot_id=572, url='java.io.StringReader@5be6340b' where picture_id=2078;
2022-10-10 14:33:47.351  INFO 4460 --- [    Test worker] p6spy                                    : #1665380027351 | took 0ms | statement | connection 25| url jdbc:h2:mem:ad3a9e80-f26d-4a3e-9691-17f803db5723
update picture set spot_id=?, url=? where picture_id=?
update picture set spot_id=572, url='java.io.StringReader@316ff77d' where picture_id=2079;
2022-10-10 14:33:47.351  INFO 4460 --- [    Test worker] p6spy                                    : #1665380027351 | took 0ms | statement | connection 25| url jdbc:h2:mem:ad3a9e80-f26d-4a3e-9691-17f803db5723
update picture set spot_id=?, url=? where picture_id=?
update picture set spot_id=573, url='java.io.StringReader@27fd7512' where picture_id=2081;
2022-10-10 14:33:47.351  INFO 4460 --- [    Test worker] p6spy                                    : #1665380027351 | took 0ms | statement | connection 25| url jdbc:h2:mem:ad3a9e80-f26d-4a3e-9691-17f803db5723
update picture set spot_id=?, url=? where picture_id=?
update picture set spot_id=573, url='java.io.StringReader@7bed22c9' where picture_id=2082;
2022-10-10 14:33:47.351  INFO 4460 --- [    Test worker] p6spy                                    : #1665380027351 | took 0ms | statement | connection 25| url jdbc:h2:mem:ad3a9e80-f26d-4a3e-9691-17f803db5723
update picture set spot_id=?, url=? where picture_id=?
update picture set spot_id=573, url='java.io.StringReader@1f46bdae' where picture_id=2083;
2022-10-10 14:33:47.351  INFO 4460 --- [    Test worker] p6spy                                    : #1665380027351 | took 0ms | statement | connection 25| url jdbc:h2:mem:ad3a9e80-f26d-4a3e-9691-17f803db5723
update picture set spot_id=?, url=? where picture_id=?
update picture set spot_id=574, url='java.io.StringReader@a0f2610' where picture_id=2085;
2022-10-10 14:33:47.351  INFO 4460 --- [    Test worker] p6spy                                    : #1665380027351 | took 0ms | statement | connection 25| url jdbc:h2:mem:ad3a9e80-f26d-4a3e-9691-17f803db5723
update picture set spot_id=?, url=? where picture_id=?
update picture set spot_id=574, url='java.io.StringReader@568ffed1' where picture_id=2086;
2022-10-10 14:33:47.351  INFO 4460 --- [    Test worker] p6spy                                    : #1665380027351 | took 0ms | statement | connection 25| url jdbc:h2:mem:ad3a9e80-f26d-4a3e-9691-17f803db5723
update picture set spot_id=?, url=? where picture_id=?
update picture set spot_id=574, url='java.io.StringReader@1c7f6345' where picture_id=2087;
2022-10-10 14:33:47.351  INFO 4460 --- [    Test worker] p6spy                                    : #1665380027351 | took 0ms | statement | connection 25| url jdbc:h2:mem:ad3a9e80-f26d-4a3e-9691-17f803db5723
update picture set spot_id=?, url=? where picture_id=?
update picture set spot_id=575, url='java.io.StringReader@4e7f7c2' where picture_id=2089;
2022-10-10 14:33:47.351  INFO 4460 --- [    Test worker] p6spy                                    : #1665380027351 | took 0ms | statement | connection 25| url jdbc:h2:mem:ad3a9e80-f26d-4a3e-9691-17f803db5723
update picture set spot_id=?, url=? where picture_id=?
update picture set spot_id=575, url='java.io.StringReader@7472bba0' where picture_id=2090;
2022-10-10 14:33:47.351  INFO 4460 --- [    Test worker] p6spy                                    : #1665380027351 | took 0ms | statement | connection 25| url jdbc:h2:mem:ad3a9e80-f26d-4a3e-9691-17f803db5723
update picture set spot_id=?, url=? where picture_id=?
update picture set spot_id=575, url='java.io.StringReader@47ac1aa0' where picture_id=2091;
2022-10-10 14:33:47.351  INFO 4460 --- [    Test worker] p6spy                                    : #1665380027351 | took 0ms | statement | connection 25| url jdbc:h2:mem:ad3a9e80-f26d-4a3e-9691-17f803db5723
update picture set spot_id=?, url=? where picture_id=?
update picture set spot_id=576, url='java.io.StringReader@24d54bae' where picture_id=2093;
2022-10-10 14:33:47.351  INFO 4460 --- [    Test worker] p6spy                                    : #1665380027351 | took 0ms | statement | connection 25| url jdbc:h2:mem:ad3a9e80-f26d-4a3e-9691-17f803db5723
update picture set spot_id=?, url=? where picture_id=?
update picture set spot_id=576, url='java.io.StringReader@2c0c6939' where picture_id=2094;
2022-10-10 14:33:47.351  INFO 4460 --- [    Test worker] p6spy                                    : #1665380027351 | took 0ms | statement | connection 25| url jdbc:h2:mem:ad3a9e80-f26d-4a3e-9691-17f803db5723
update picture set spot_id=?, url=? where picture_id=?
update picture set spot_id=576, url='java.io.StringReader@2e3f3fd6' where picture_id=2095;
2022-10-10 14:33:47.351  INFO 4460 --- [    Test worker] p6spy                                    : #1665380027351 | took 0ms | statement | connection 25| url jdbc:h2:mem:ad3a9e80-f26d-4a3e-9691-17f803db5723
update picture set spot_id=?, url=? where picture_id=?
update picture set spot_id=577, url='java.io.StringReader@20df4edc' where picture_id=2097;
2022-10-10 14:33:47.351  INFO 4460 --- [    Test worker] p6spy                                    : #1665380027351 | took 0ms | statement | connection 25| url jdbc:h2:mem:ad3a9e80-f26d-4a3e-9691-17f803db5723
update picture set spot_id=?, url=? where picture_id=?
update picture set spot_id=577, url='java.io.StringReader@23005a8b' where picture_id=2098;
2022-10-10 14:33:47.351  INFO 4460 --- [    Test worker] p6spy                                    : #1665380027351 | took 0ms | statement | connection 25| url jdbc:h2:mem:ad3a9e80-f26d-4a3e-9691-17f803db5723
update picture set spot_id=?, url=? where picture_id=?
update picture set spot_id=577, url='java.io.StringReader@763a71ff' where picture_id=2099;
2022-10-10 14:33:47.351  INFO 4460 --- [    Test worker] p6spy                                    : #1665380027351 | took 0ms | statement | connection 25| url jdbc:h2:mem:ad3a9e80-f26d-4a3e-9691-17f803db5723
update picture set spot_id=?, url=? where picture_id=?
update picture set spot_id=578, url='java.io.StringReader@4215cdc4' where picture_id=2101;
2022-10-10 14:33:47.351  INFO 4460 --- [    Test worker] p6spy                                    : #1665380027351 | took 0ms | statement | connection 25| url jdbc:h2:mem:ad3a9e80-f26d-4a3e-9691-17f803db5723
update picture set spot_id=?, url=? where picture_id=?
update picture set spot_id=578, url='java.io.StringReader@7cbd373e' where picture_id=2102;
2022-10-10 14:33:47.351  INFO 4460 --- [    Test worker] p6spy                                    : #1665380027351 | took 0ms | statement | connection 25| url jdbc:h2:mem:ad3a9e80-f26d-4a3e-9691-17f803db5723
update picture set spot_id=?, url=? where picture_id=?
update picture set spot_id=578, url='java.io.StringReader@104a6c23' where picture_id=2103;
2022-10-10 14:33:47.351  INFO 4460 --- [    Test worker] p6spy                                    : #1665380027351 | took 0ms | statement | connection 25| url jdbc:h2:mem:ad3a9e80-f26d-4a3e-9691-17f803db5723
update picture set spot_id=?, url=? where picture_id=?
update picture set spot_id=579, url='java.io.StringReader@1cf855b7' where picture_id=2105;
2022-10-10 14:33:47.351  INFO 4460 --- [    Test worker] p6spy                                    : #1665380027351 | took 0ms | statement | connection 25| url jdbc:h2:mem:ad3a9e80-f26d-4a3e-9691-17f803db5723
update picture set spot_id=?, url=? where picture_id=?
update picture set spot_id=579, url='java.io.StringReader@d8d9c7a' where picture_id=2106;
2022-10-10 14:33:47.351  INFO 4460 --- [    Test worker] p6spy                                    : #1665380027351 | took 0ms | statement | connection 25| url jdbc:h2:mem:ad3a9e80-f26d-4a3e-9691-17f803db5723
update picture set spot_id=?, url=? where picture_id=?
update picture set spot_id=579, url='java.io.StringReader@33ada320' where picture_id=2107;
2022-10-10 14:33:47.351  INFO 4460 --- [    Test worker] p6spy                                    : #1665380027351 | took 0ms | statement | connection 25| url jdbc:h2:mem:ad3a9e80-f26d-4a3e-9691-17f803db5723
update picture set spot_id=?, url=? where picture_id=?
update picture set spot_id=580, url='java.io.StringReader@7da5f9ce' where picture_id=2109;
2022-10-10 14:33:47.352  INFO 4460 --- [    Test worker] p6spy                                    : #1665380027352 | took 0ms | statement | connection 25| url jdbc:h2:mem:ad3a9e80-f26d-4a3e-9691-17f803db5723
update picture set spot_id=?, url=? where picture_id=?
update picture set spot_id=580, url='java.io.StringReader@7d9367c3' where picture_id=2110;
2022-10-10 14:33:47.352  INFO 4460 --- [    Test worker] p6spy                                    : #1665380027352 | took 0ms | statement | connection 25| url jdbc:h2:mem:ad3a9e80-f26d-4a3e-9691-17f803db5723
update picture set spot_id=?, url=? where picture_id=?
update picture set spot_id=580, url='java.io.StringReader@7d484dbb' where picture_id=2111;
2022-10-10 14:33:47.352  INFO 4460 --- [    Test worker] p6spy                                    : #1665380027352 | took 0ms | statement | connection 25| url jdbc:h2:mem:ad3a9e80-f26d-4a3e-9691-17f803db5723
update picture set spot_id=?, url=? where picture_id=?
update picture set spot_id=581, url='java.io.StringReader@37ba8ede' where picture_id=2113;
2022-10-10 14:33:47.352  INFO 4460 --- [    Test worker] p6spy                                    : #1665380027352 | took 0ms | statement | connection 25| url jdbc:h2:mem:ad3a9e80-f26d-4a3e-9691-17f803db5723
update picture set spot_id=?, url=? where picture_id=?
update picture set spot_id=581, url='java.io.StringReader@69c86e4b' where picture_id=2114;
2022-10-10 14:33:47.352  INFO 4460 --- [    Test worker] p6spy                                    : #1665380027352 | took 0ms | statement | connection 25| url jdbc:h2:mem:ad3a9e80-f26d-4a3e-9691-17f803db5723
update picture set spot_id=?, url=? where picture_id=?
update picture set spot_id=581, url='java.io.StringReader@6de2d8f4' where picture_id=2115;
2022-10-10 14:33:47.352  INFO 4460 --- [    Test worker] p6spy                                    : #1665380027352 | took 0ms | statement | connection 25| url jdbc:h2:mem:ad3a9e80-f26d-4a3e-9691-17f803db5723
update picture set spot_id=?, url=? where picture_id=?
update picture set spot_id=582, url='java.io.StringReader@10d598ca' where picture_id=2117;
2022-10-10 14:33:47.352  INFO 4460 --- [    Test worker] p6spy                                    : #1665380027352 | took 0ms | statement | connection 25| url jdbc:h2:mem:ad3a9e80-f26d-4a3e-9691-17f803db5723
update picture set spot_id=?, url=? where picture_id=?
update picture set spot_id=582, url='java.io.StringReader@4c95b2a8' where picture_id=2118;
2022-10-10 14:33:47.352  INFO 4460 --- [    Test worker] p6spy                                    : #1665380027352 | took 0ms | statement | connection 25| url jdbc:h2:mem:ad3a9e80-f26d-4a3e-9691-17f803db5723
update picture set spot_id=?, url=? where picture_id=?
update picture set spot_id=582, url='java.io.StringReader@14970297' where picture_id=2119;
2022-10-10 14:33:47.352  INFO 4460 --- [    Test worker] p6spy                                    : #1665380027352 | took 0ms | statement | connection 25| url jdbc:h2:mem:ad3a9e80-f26d-4a3e-9691-17f803db5723
update picture set spot_id=?, url=? where picture_id=?
update picture set spot_id=583, url='java.io.StringReader@1f08f410' where picture_id=2121;
2022-10-10 14:33:47.352  INFO 4460 --- [    Test worker] p6spy                                    : #1665380027352 | took 0ms | statement | connection 25| url jdbc:h2:mem:ad3a9e80-f26d-4a3e-9691-17f803db5723
update picture set spot_id=?, url=? where picture_id=?
update picture set spot_id=583, url='java.io.StringReader@38d69888' where picture_id=2122;
2022-10-10 14:33:47.352  INFO 4460 --- [    Test worker] p6spy                                    : #1665380027352 | took 0ms | statement | connection 25| url jdbc:h2:mem:ad3a9e80-f26d-4a3e-9691-17f803db5723
update picture set spot_id=?, url=? where picture_id=?
update picture set spot_id=583, url='java.io.StringReader@5cd96f38' where picture_id=2123;
2022-10-10 14:33:47.352  INFO 4460 --- [    Test worker] p6spy                                    : #1665380027352 | took 0ms | statement | connection 25| url jdbc:h2:mem:ad3a9e80-f26d-4a3e-9691-17f803db5723
update picture set spot_id=?, url=? where picture_id=?
update picture set spot_id=584, url='java.io.StringReader@3a1a08af' where picture_id=2125;
2022-10-10 14:33:47.352  INFO 4460 --- [    Test worker] p6spy                                    : #1665380027352 | took 0ms | statement | connection 25| url jdbc:h2:mem:ad3a9e80-f26d-4a3e-9691-17f803db5723
update picture set spot_id=?, url=? where picture_id=?
update picture set spot_id=584, url='java.io.StringReader@23424142' where picture_id=2126;
2022-10-10 14:33:47.352  INFO 4460 --- [    Test worker] p6spy                                    : #1665380027352 | took 0ms | statement | connection 25| url jdbc:h2:mem:ad3a9e80-f26d-4a3e-9691-17f803db5723
update picture set spot_id=?, url=? where picture_id=?
update picture set spot_id=584, url='java.io.StringReader@743d075c' where picture_id=2127;
2022-10-10 14:33:47.352  INFO 4460 --- [    Test worker] p6spy                                    : #1665380027352 | took 0ms | statement | connection 25| url jdbc:h2:mem:ad3a9e80-f26d-4a3e-9691-17f803db5723
update picture set spot_id=?, url=? where picture_id=?
update picture set spot_id=585, url='java.io.StringReader@22838912' where picture_id=2129;
2022-10-10 14:33:47.352  INFO 4460 --- [    Test worker] p6spy                                    : #1665380027352 | took 0ms | statement | connection 25| url jdbc:h2:mem:ad3a9e80-f26d-4a3e-9691-17f803db5723
update picture set spot_id=?, url=? where picture_id=?
update picture set spot_id=585, url='java.io.StringReader@515bc858' where picture_id=2130;
2022-10-10 14:33:47.352  INFO 4460 --- [    Test worker] p6spy                                    : #1665380027352 | took 0ms | statement | connection 25| url jdbc:h2:mem:ad3a9e80-f26d-4a3e-9691-17f803db5723
update picture set spot_id=?, url=? where picture_id=?
update picture set spot_id=585, url='java.io.StringReader@4bfbed32' where picture_id=2131;
2022-10-10 14:33:47.352  INFO 4460 --- [    Test worker] p6spy                                    : #1665380027352 | took 0ms | statement | connection 25| url jdbc:h2:mem:ad3a9e80-f26d-4a3e-9691-17f803db5723
update picture set spot_id=?, url=? where picture_id=?
update picture set spot_id=586, url='java.io.StringReader@253f7c60' where picture_id=2133;
2022-10-10 14:33:47.352  INFO 4460 --- [    Test worker] p6spy                                    : #1665380027352 | took 0ms | statement | connection 25| url jdbc:h2:mem:ad3a9e80-f26d-4a3e-9691-17f803db5723
update picture set spot_id=?, url=? where picture_id=?
update picture set spot_id=586, url='java.io.StringReader@1a64ad5b' where picture_id=2134;
2022-10-10 14:33:47.352  INFO 4460 --- [    Test worker] p6spy                                    : #1665380027352 | took 0ms | statement | connection 25| url jdbc:h2:mem:ad3a9e80-f26d-4a3e-9691-17f803db5723
update picture set spot_id=?, url=? where picture_id=?
update picture set spot_id=586, url='java.io.StringReader@79c500ef' where picture_id=2135;
2022-10-10 14:33:47.352  INFO 4460 --- [    Test worker] p6spy                                    : #1665380027352 | took 0ms | statement | connection 25| url jdbc:h2:mem:ad3a9e80-f26d-4a3e-9691-17f803db5723
update picture set spot_id=?, url=? where picture_id=?
update picture set spot_id=587, url='java.io.StringReader@7cb4f725' where picture_id=2137;
2022-10-10 14:33:47.352  INFO 4460 --- [    Test worker] p6spy                                    : #1665380027352 | took 0ms | statement | connection 25| url jdbc:h2:mem:ad3a9e80-f26d-4a3e-9691-17f803db5723
update picture set spot_id=?, url=? where picture_id=?
update picture set spot_id=587, url='java.io.StringReader@e0267aa' where picture_id=2138;
2022-10-10 14:33:47.352  INFO 4460 --- [    Test worker] p6spy                                    : #1665380027352 | took 0ms | statement | connection 25| url jdbc:h2:mem:ad3a9e80-f26d-4a3e-9691-17f803db5723
update picture set spot_id=?, url=? where picture_id=?
update picture set spot_id=587, url='java.io.StringReader@6c74e7a1' where picture_id=2139;
2022-10-10 14:33:47.352  INFO 4460 --- [    Test worker] p6spy                                    : #1665380027352 | took 0ms | statement | connection 25| url jdbc:h2:mem:ad3a9e80-f26d-4a3e-9691-17f803db5723
update picture set spot_id=?, url=? where picture_id=?
update picture set spot_id=588, url='java.io.StringReader@3f60ab61' where picture_id=2141;
2022-10-10 14:33:47.352  INFO 4460 --- [    Test worker] p6spy                                    : #1665380027352 | took 0ms | statement | connection 25| url jdbc:h2:mem:ad3a9e80-f26d-4a3e-9691-17f803db5723
update picture set spot_id=?, url=? where picture_id=?
update picture set spot_id=588, url='java.io.StringReader@39f356b0' where picture_id=2142;
2022-10-10 14:33:47.352  INFO 4460 --- [    Test worker] p6spy                                    : #1665380027352 | took 0ms | statement | connection 25| url jdbc:h2:mem:ad3a9e80-f26d-4a3e-9691-17f803db5723
update picture set spot_id=?, url=? where picture_id=?
update picture set spot_id=588, url='java.io.StringReader@b757fc6' where picture_id=2143;
2022-10-10 14:33:47.353  INFO 4460 --- [    Test worker] p6spy                                    : #1665380027353 | took 0ms | statement | connection 25| url jdbc:h2:mem:ad3a9e80-f26d-4a3e-9691-17f803db5723
update picture set spot_id=?, url=? where picture_id=?
update picture set spot_id=589, url='java.io.StringReader@2892ce86' where picture_id=2145;
2022-10-10 14:33:47.353  INFO 4460 --- [    Test worker] p6spy                                    : #1665380027353 | took 0ms | statement | connection 25| url jdbc:h2:mem:ad3a9e80-f26d-4a3e-9691-17f803db5723
update picture set spot_id=?, url=? where picture_id=?
update picture set spot_id=589, url='java.io.StringReader@6c0a821a' where picture_id=2146;
2022-10-10 14:33:47.353  INFO 4460 --- [    Test worker] p6spy                                    : #1665380027353 | took 0ms | statement | connection 25| url jdbc:h2:mem:ad3a9e80-f26d-4a3e-9691-17f803db5723
update picture set spot_id=?, url=? where picture_id=?
update picture set spot_id=589, url='java.io.StringReader@ee968f7' where picture_id=2147;
2022-10-10 14:33:47.353  INFO 4460 --- [    Test worker] p6spy                                    : #1665380027353 | took 0ms | statement | connection 25| url jdbc:h2:mem:ad3a9e80-f26d-4a3e-9691-17f803db5723
update picture set spot_id=?, url=? where picture_id=?
update picture set spot_id=590, url='java.io.StringReader@1ded1025' where picture_id=2149;
2022-10-10 14:33:47.353  INFO 4460 --- [    Test worker] p6spy                                    : #1665380027353 | took 0ms | statement | connection 25| url jdbc:h2:mem:ad3a9e80-f26d-4a3e-9691-17f803db5723
update picture set spot_id=?, url=? where picture_id=?
update picture set spot_id=590, url='java.io.StringReader@6a808ae5' where picture_id=2150;
2022-10-10 14:33:47.353  INFO 4460 --- [    Test worker] p6spy                                    : #1665380027353 | took 0ms | statement | connection 25| url jdbc:h2:mem:ad3a9e80-f26d-4a3e-9691-17f803db5723
update picture set spot_id=?, url=? where picture_id=?
update picture set spot_id=590, url='java.io.StringReader@4e13cf06' where picture_id=2151;
2022-10-10 14:33:47.353  INFO 4460 --- [    Test worker] p6spy                                    : #1665380027353 | took 0ms | statement | connection 25| url jdbc:h2:mem:ad3a9e80-f26d-4a3e-9691-17f803db5723
update picture set spot_id=?, url=? where picture_id=?
update picture set spot_id=591, url='java.io.StringReader@4a617a25' where picture_id=2153;
2022-10-10 14:33:47.353  INFO 4460 --- [    Test worker] p6spy                                    : #1665380027353 | took 0ms | statement | connection 25| url jdbc:h2:mem:ad3a9e80-f26d-4a3e-9691-17f803db5723
update picture set spot_id=?, url=? where picture_id=?
update picture set spot_id=591, url='java.io.StringReader@6c83c1d7' where picture_id=2154;
2022-10-10 14:33:47.353  INFO 4460 --- [    Test worker] p6spy                                    : #1665380027353 | took 0ms | statement | connection 25| url jdbc:h2:mem:ad3a9e80-f26d-4a3e-9691-17f803db5723
update picture set spot_id=?, url=? where picture_id=?
update picture set spot_id=591, url='java.io.StringReader@77a7dae2' where picture_id=2155;
2022-10-10 14:33:47.353  INFO 4460 --- [    Test worker] p6spy                                    : #1665380027353 | took 0ms | statement | connection 25| url jdbc:h2:mem:ad3a9e80-f26d-4a3e-9691-17f803db5723
update picture set spot_id=?, url=? where picture_id=?
update picture set spot_id=592, url='java.io.StringReader@65ba0467' where picture_id=2157;
2022-10-10 14:33:47.353  INFO 4460 --- [    Test worker] p6spy                                    : #1665380027353 | took 0ms | statement | connection 25| url jdbc:h2:mem:ad3a9e80-f26d-4a3e-9691-17f803db5723
update picture set spot_id=?, url=? where picture_id=?
update picture set spot_id=592, url='java.io.StringReader@74dbfb9b' where picture_id=2158;
2022-10-10 14:33:47.353  INFO 4460 --- [    Test worker] p6spy                                    : #1665380027353 | took 0ms | statement | connection 25| url jdbc:h2:mem:ad3a9e80-f26d-4a3e-9691-17f803db5723
update picture set spot_id=?, url=? where picture_id=?
update picture set spot_id=592, url='java.io.StringReader@717213d1' where picture_id=2159;
2022-10-10 14:33:47.353  INFO 4460 --- [    Test worker] p6spy                                    : #1665380027353 | took 0ms | statement | connection 25| url jdbc:h2:mem:ad3a9e80-f26d-4a3e-9691-17f803db5723
update picture set spot_id=?, url=? where picture_id=?
update picture set spot_id=593, url='java.io.StringReader@10f45965' where picture_id=2161;
2022-10-10 14:33:47.353  INFO 4460 --- [    Test worker] p6spy                                    : #1665380027353 | took 0ms | statement | connection 25| url jdbc:h2:mem:ad3a9e80-f26d-4a3e-9691-17f803db5723
update picture set spot_id=?, url=? where picture_id=?
update picture set spot_id=593, url='java.io.StringReader@6ad5458b' where picture_id=2162;
2022-10-10 14:33:47.353  INFO 4460 --- [    Test worker] p6spy                                    : #1665380027353 | took 0ms | statement | connection 25| url jdbc:h2:mem:ad3a9e80-f26d-4a3e-9691-17f803db5723
update picture set spot_id=?, url=? where picture_id=?
update picture set spot_id=593, url='java.io.StringReader@13753ce5' where picture_id=2163;
2022-10-10 14:33:47.353  INFO 4460 --- [    Test worker] p6spy                                    : #1665380027353 | took 0ms | statement | connection 25| url jdbc:h2:mem:ad3a9e80-f26d-4a3e-9691-17f803db5723
update picture set spot_id=?, url=? where picture_id=?
update picture set spot_id=594, url='java.io.StringReader@1a1e8045' where picture_id=2165;
2022-10-10 14:33:47.353  INFO 4460 --- [    Test worker] p6spy                                    : #1665380027353 | took 0ms | statement | connection 25| url jdbc:h2:mem:ad3a9e80-f26d-4a3e-9691-17f803db5723
update picture set spot_id=?, url=? where picture_id=?
update picture set spot_id=594, url='java.io.StringReader@77785ec5' where picture_id=2166;
2022-10-10 14:33:47.353  INFO 4460 --- [    Test worker] p6spy                                    : #1665380027353 | took 0ms | statement | connection 25| url jdbc:h2:mem:ad3a9e80-f26d-4a3e-9691-17f803db5723
update picture set spot_id=?, url=? where picture_id=?
update picture set spot_id=594, url='java.io.StringReader@447c499f' where picture_id=2167;
2022-10-10 14:33:47.353  INFO 4460 --- [    Test worker] p6spy                                    : #1665380027353 | took 0ms | statement | connection 25| url jdbc:h2:mem:ad3a9e80-f26d-4a3e-9691-17f803db5723
update picture set spot_id=?, url=? where picture_id=?
update picture set spot_id=595, url='java.io.StringReader@7cb86c78' where picture_id=2169;
2022-10-10 14:33:47.353  INFO 4460 --- [    Test worker] p6spy                                    : #1665380027353 | took 0ms | statement | connection 25| url jdbc:h2:mem:ad3a9e80-f26d-4a3e-9691-17f803db5723
update picture set spot_id=?, url=? where picture_id=?
update picture set spot_id=595, url='java.io.StringReader@3c48047c' where picture_id=2170;
2022-10-10 14:33:47.353  INFO 4460 --- [    Test worker] p6spy                                    : #1665380027353 | took 0ms | statement | connection 25| url jdbc:h2:mem:ad3a9e80-f26d-4a3e-9691-17f803db5723
update picture set spot_id=?, url=? where picture_id=?
update picture set spot_id=595, url='java.io.StringReader@6c5f3c44' where picture_id=2171;
2022-10-10 14:33:47.353  INFO 4460 --- [    Test worker] p6spy                                    : #1665380027353 | took 0ms | statement | connection 25| url jdbc:h2:mem:ad3a9e80-f26d-4a3e-9691-17f803db5723
update picture set spot_id=?, url=? where picture_id=?
update picture set spot_id=596, url='java.io.StringReader@7573459' where picture_id=2173;
2022-10-10 14:33:47.353  INFO 4460 --- [    Test worker] p6spy                                    : #1665380027353 | took 0ms | statement | connection 25| url jdbc:h2:mem:ad3a9e80-f26d-4a3e-9691-17f803db5723
update picture set spot_id=?, url=? where picture_id=?
update picture set spot_id=596, url='java.io.StringReader@405acefa' where picture_id=2174;
2022-10-10 14:33:47.354  INFO 4460 --- [    Test worker] p6spy                                    : #1665380027354 | took 0ms | statement | connection 25| url jdbc:h2:mem:ad3a9e80-f26d-4a3e-9691-17f803db5723
update picture set spot_id=?, url=? where picture_id=?
update picture set spot_id=596, url='java.io.StringReader@52b61928' where picture_id=2175;
2022-10-10 14:33:47.354  INFO 4460 --- [    Test worker] p6spy                                    : #1665380027354 | took 0ms | statement | connection 25| url jdbc:h2:mem:ad3a9e80-f26d-4a3e-9691-17f803db5723
update picture set spot_id=?, url=? where picture_id=?
update picture set spot_id=597, url='java.io.StringReader@6b99fca0' where picture_id=2177;
2022-10-10 14:33:47.354  INFO 4460 --- [    Test worker] p6spy                                    : #1665380027354 | took 0ms | statement | connection 25| url jdbc:h2:mem:ad3a9e80-f26d-4a3e-9691-17f803db5723
update picture set spot_id=?, url=? where picture_id=?
update picture set spot_id=597, url='java.io.StringReader@7307fa95' where picture_id=2178;
2022-10-10 14:33:47.354  INFO 4460 --- [    Test worker] p6spy                                    : #1665380027354 | took 0ms | statement | connection 25| url jdbc:h2:mem:ad3a9e80-f26d-4a3e-9691-17f803db5723
update picture set spot_id=?, url=? where picture_id=?
update picture set spot_id=597, url='java.io.StringReader@75f34d1c' where picture_id=2179;
2022-10-10 14:33:47.354  INFO 4460 --- [    Test worker] p6spy                                    : #1665380027354 | took 0ms | statement | connection 25| url jdbc:h2:mem:ad3a9e80-f26d-4a3e-9691-17f803db5723
update picture set spot_id=?, url=? where picture_id=?
update picture set spot_id=598, url='java.io.StringReader@1ef3c545' where picture_id=2181;
2022-10-10 14:33:47.354  INFO 4460 --- [    Test worker] p6spy                                    : #1665380027354 | took 0ms | statement | connection 25| url jdbc:h2:mem:ad3a9e80-f26d-4a3e-9691-17f803db5723
update picture set spot_id=?, url=? where picture_id=?
update picture set spot_id=598, url='java.io.StringReader@4c42181c' where picture_id=2182;
2022-10-10 14:33:47.354  INFO 4460 --- [    Test worker] p6spy                                    : #1665380027354 | took 0ms | statement | connection 25| url jdbc:h2:mem:ad3a9e80-f26d-4a3e-9691-17f803db5723
update picture set spot_id=?, url=? where picture_id=?
update picture set spot_id=598, url='java.io.StringReader@68f17977' where picture_id=2183;
2022-10-10 14:33:47.354  INFO 4460 --- [    Test worker] p6spy                                    : #1665380027354 | took 0ms | statement | connection 25| url jdbc:h2:mem:ad3a9e80-f26d-4a3e-9691-17f803db5723
update picture set spot_id=?, url=? where picture_id=?
update picture set spot_id=599, url='java.io.StringReader@16fcf330' where picture_id=2185;
2022-10-10 14:33:47.354  INFO 4460 --- [    Test worker] p6spy                                    : #1665380027354 | took 0ms | statement | connection 25| url jdbc:h2:mem:ad3a9e80-f26d-4a3e-9691-17f803db5723
update picture set spot_id=?, url=? where picture_id=?
update picture set spot_id=599, url='java.io.StringReader@d36af0c' where picture_id=2186;
2022-10-10 14:33:47.354  INFO 4460 --- [    Test worker] p6spy                                    : #1665380027354 | took 0ms | statement | connection 25| url jdbc:h2:mem:ad3a9e80-f26d-4a3e-9691-17f803db5723
update picture set spot_id=?, url=? where picture_id=?
update picture set spot_id=599, url='java.io.StringReader@18a817dd' where picture_id=2187;
2022-10-10 14:33:47.354  INFO 4460 --- [    Test worker] p6spy                                    : #1665380027354 | took 0ms | statement | connection 25| url jdbc:h2:mem:ad3a9e80-f26d-4a3e-9691-17f803db5723
update picture set spot_id=?, url=? where picture_id=?
update picture set spot_id=600, url='java.io.StringReader@44ba2665' where picture_id=2189;
2022-10-10 14:33:47.354  INFO 4460 --- [    Test worker] p6spy                                    : #1665380027354 | took 0ms | statement | connection 25| url jdbc:h2:mem:ad3a9e80-f26d-4a3e-9691-17f803db5723
update picture set spot_id=?, url=? where picture_id=?
update picture set spot_id=600, url='java.io.StringReader@7ea1a4ab' where picture_id=2190;
2022-10-10 14:33:47.354  INFO 4460 --- [    Test worker] p6spy                                    : #1665380027354 | took 0ms | statement | connection 25| url jdbc:h2:mem:ad3a9e80-f26d-4a3e-9691-17f803db5723
update picture set spot_id=?, url=? where picture_id=?
update picture set spot_id=600, url='java.io.StringReader@58263194' where picture_id=2191;
2022-10-10 14:33:47.354  INFO 4460 --- [    Test worker] p6spy                                    : #1665380027354 | took 0ms | statement | connection 25| url jdbc:h2:mem:ad3a9e80-f26d-4a3e-9691-17f803db5723
update picture set spot_id=?, url=? where picture_id=?
update picture set spot_id=601, url='java.io.StringReader@22fc5b38' where picture_id=2193;
2022-10-10 14:33:47.354  INFO 4460 --- [    Test worker] p6spy                                    : #1665380027354 | took 0ms | statement | connection 25| url jdbc:h2:mem:ad3a9e80-f26d-4a3e-9691-17f803db5723
update picture set spot_id=?, url=? where picture_id=?
update picture set spot_id=601, url='java.io.StringReader@1083bffa' where picture_id=2194;
2022-10-10 14:33:47.354  INFO 4460 --- [    Test worker] p6spy                                    : #1665380027354 | took 0ms | statement | connection 25| url jdbc:h2:mem:ad3a9e80-f26d-4a3e-9691-17f803db5723
update picture set spot_id=?, url=? where picture_id=?
update picture set spot_id=601, url='java.io.StringReader@531a8675' where picture_id=2195;
2022-10-10 14:33:47.354  INFO 4460 --- [    Test worker] p6spy                                    : #1665380027354 | took 0ms | statement | connection 25| url jdbc:h2:mem:ad3a9e80-f26d-4a3e-9691-17f803db5723
update picture set spot_id=?, url=? where picture_id=?
update picture set spot_id=602, url='java.io.StringReader@1e3ea3b0' where picture_id=2197;
2022-10-10 14:33:47.354  INFO 4460 --- [    Test worker] p6spy                                    : #1665380027354 | took 0ms | statement | connection 25| url jdbc:h2:mem:ad3a9e80-f26d-4a3e-9691-17f803db5723
update picture set spot_id=?, url=? where picture_id=?
update picture set spot_id=602, url='java.io.StringReader@390878da' where picture_id=2198;
2022-10-10 14:33:47.354  INFO 4460 --- [    Test worker] p6spy                                    : #1665380027354 | took 0ms | statement | connection 25| url jdbc:h2:mem:ad3a9e80-f26d-4a3e-9691-17f803db5723
update picture set spot_id=?, url=? where picture_id=?
update picture set spot_id=602, url='java.io.StringReader@7ffc1457' where picture_id=2199;
2022-10-10 14:33:47.354  INFO 4460 --- [    Test worker] p6spy                                    : #1665380027354 | took 0ms | statement | connection 25| url jdbc:h2:mem:ad3a9e80-f26d-4a3e-9691-17f803db5723
update picture set spot_id=?, url=? where picture_id=?
update picture set spot_id=603, url='java.io.StringReader@1f3f8436' where picture_id=2201;
2022-10-10 14:33:47.354  INFO 4460 --- [    Test worker] p6spy                                    : #1665380027354 | took 0ms | statement | connection 25| url jdbc:h2:mem:ad3a9e80-f26d-4a3e-9691-17f803db5723
update picture set spot_id=?, url=? where picture_id=?
update picture set spot_id=603, url='java.io.StringReader@59acb5d9' where picture_id=2202;
2022-10-10 14:33:47.354  INFO 4460 --- [    Test worker] p6spy                                    : #1665380027354 | took 0ms | statement | connection 25| url jdbc:h2:mem:ad3a9e80-f26d-4a3e-9691-17f803db5723
update picture set spot_id=?, url=? where picture_id=?
update picture set spot_id=603, url='java.io.StringReader@2b120047' where picture_id=2203;
2022-10-10 14:33:47.355  INFO 4460 --- [    Test worker] p6spy                                    : #1665380027355 | took 0ms | statement | connection 25| url jdbc:h2:mem:ad3a9e80-f26d-4a3e-9691-17f803db5723
update picture set spot_id=?, url=? where picture_id=?
update picture set spot_id=604, url='java.io.StringReader@2e2cb8e5' where picture_id=2205;
2022-10-10 14:33:47.355  INFO 4460 --- [    Test worker] p6spy                                    : #1665380027355 | took 0ms | statement | connection 25| url jdbc:h2:mem:ad3a9e80-f26d-4a3e-9691-17f803db5723
update picture set spot_id=?, url=? where picture_id=?
update picture set spot_id=604, url='java.io.StringReader@9005147' where picture_id=2206;
2022-10-10 14:33:47.355  INFO 4460 --- [    Test worker] p6spy                                    : #1665380027355 | took 0ms | statement | connection 25| url jdbc:h2:mem:ad3a9e80-f26d-4a3e-9691-17f803db5723
update picture set spot_id=?, url=? where picture_id=?
update picture set spot_id=604, url='java.io.StringReader@7c4535ee' where picture_id=2207;
2022-10-10 14:33:47.355  INFO 4460 --- [    Test worker] p6spy                                    : #1665380027355 | took 0ms | statement | connection 25| url jdbc:h2:mem:ad3a9e80-f26d-4a3e-9691-17f803db5723
update picture set spot_id=?, url=? where picture_id=?
update picture set spot_id=605, url='java.io.StringReader@4140e149' where picture_id=2209;
2022-10-10 14:33:47.355  INFO 4460 --- [    Test worker] p6spy                                    : #1665380027355 | took 0ms | statement | connection 25| url jdbc:h2:mem:ad3a9e80-f26d-4a3e-9691-17f803db5723
update picture set spot_id=?, url=? where picture_id=?
update picture set spot_id=605, url='java.io.StringReader@5522861e' where picture_id=2210;
2022-10-10 14:33:47.355  INFO 4460 --- [    Test worker] p6spy                                    : #1665380027355 | took 0ms | statement | connection 25| url jdbc:h2:mem:ad3a9e80-f26d-4a3e-9691-17f803db5723
update picture set spot_id=?, url=? where picture_id=?
update picture set spot_id=605, url='java.io.StringReader@2c3077bf' where picture_id=2211;
2022-10-10 14:33:47.355  INFO 4460 --- [    Test worker] p6spy                                    : #1665380027355 | took 0ms | statement | connection 25| url jdbc:h2:mem:ad3a9e80-f26d-4a3e-9691-17f803db5723
update picture set spot_id=?, url=? where picture_id=?
update picture set spot_id=606, url='java.io.StringReader@59cc5927' where picture_id=2213;
2022-10-10 14:33:47.355  INFO 4460 --- [    Test worker] p6spy                                    : #1665380027355 | took 0ms | statement | connection 25| url jdbc:h2:mem:ad3a9e80-f26d-4a3e-9691-17f803db5723
update picture set spot_id=?, url=? where picture_id=?
update picture set spot_id=606, url='java.io.StringReader@289e69bf' where picture_id=2214;
2022-10-10 14:33:47.355  INFO 4460 --- [    Test worker] p6spy                                    : #1665380027355 | took 0ms | statement | connection 25| url jdbc:h2:mem:ad3a9e80-f26d-4a3e-9691-17f803db5723
update picture set spot_id=?, url=? where picture_id=?
update picture set spot_id=606, url='java.io.StringReader@4908ac6c' where picture_id=2215;
2022-10-10 14:33:47.355  INFO 4460 --- [    Test worker] p6spy                                    : #1665380027355 | took 0ms | statement | connection 25| url jdbc:h2:mem:ad3a9e80-f26d-4a3e-9691-17f803db5723
update picture set spot_id=?, url=? where picture_id=?
update picture set spot_id=607, url='java.io.StringReader@330bbae4' where picture_id=2217;
2022-10-10 14:33:47.355  INFO 4460 --- [    Test worker] p6spy                                    : #1665380027355 | took 0ms | statement | connection 25| url jdbc:h2:mem:ad3a9e80-f26d-4a3e-9691-17f803db5723
update picture set spot_id=?, url=? where picture_id=?
update picture set spot_id=607, url='java.io.StringReader@2e211353' where picture_id=2218;
2022-10-10 14:33:47.355  INFO 4460 --- [    Test worker] p6spy                                    : #1665380027355 | took 0ms | statement | connection 25| url jdbc:h2:mem:ad3a9e80-f26d-4a3e-9691-17f803db5723
update picture set spot_id=?, url=? where picture_id=?
update picture set spot_id=607, url='java.io.StringReader@1778e920' where picture_id=2219;
2022-10-10 14:33:47.355  INFO 4460 --- [    Test worker] p6spy                                    : #1665380027355 | took 0ms | statement | connection 25| url jdbc:h2:mem:ad3a9e80-f26d-4a3e-9691-17f803db5723
update picture set spot_id=?, url=? where picture_id=?
update picture set spot_id=608, url='java.io.StringReader@342e0afd' where picture_id=2221;
2022-10-10 14:33:47.355  INFO 4460 --- [    Test worker] p6spy                                    : #1665380027355 | took 0ms | statement | connection 25| url jdbc:h2:mem:ad3a9e80-f26d-4a3e-9691-17f803db5723
update picture set spot_id=?, url=? where picture_id=?
update picture set spot_id=608, url='java.io.StringReader@1e221a74' where picture_id=2222;
2022-10-10 14:33:47.355  INFO 4460 --- [    Test worker] p6spy                                    : #1665380027355 | took 0ms | statement | connection 25| url jdbc:h2:mem:ad3a9e80-f26d-4a3e-9691-17f803db5723
update picture set spot_id=?, url=? where picture_id=?
update picture set spot_id=608, url='java.io.StringReader@52a7bd2e' where picture_id=2223;
2022-10-10 14:33:47.355  INFO 4460 --- [    Test worker] p6spy                                    : #1665380027355 | took 0ms | statement | connection 25| url jdbc:h2:mem:ad3a9e80-f26d-4a3e-9691-17f803db5723
update picture set spot_id=?, url=? where picture_id=?
update picture set spot_id=609, url='java.io.StringReader@3ffe6b95' where picture_id=2225;
2022-10-10 14:33:47.355  INFO 4460 --- [    Test worker] p6spy                                    : #1665380027355 | took 0ms | statement | connection 25| url jdbc:h2:mem:ad3a9e80-f26d-4a3e-9691-17f803db5723
update picture set spot_id=?, url=? where picture_id=?
update picture set spot_id=609, url='java.io.StringReader@363f5cf5' where picture_id=2226;
2022-10-10 14:33:47.355  INFO 4460 --- [    Test worker] p6spy                                    : #1665380027355 | took 0ms | statement | connection 25| url jdbc:h2:mem:ad3a9e80-f26d-4a3e-9691-17f803db5723
update picture set spot_id=?, url=? where picture_id=?
update picture set spot_id=609, url='java.io.StringReader@35badbfc' where picture_id=2227;
2022-10-10 14:33:47.355  INFO 4460 --- [    Test worker] p6spy                                    : #1665380027355 | took 0ms | statement | connection 25| url jdbc:h2:mem:ad3a9e80-f26d-4a3e-9691-17f803db5723
update picture set spot_id=?, url=? where picture_id=?
update picture set spot_id=610, url='java.io.StringReader@16e69428' where picture_id=2229;
2022-10-10 14:33:47.355  INFO 4460 --- [    Test worker] p6spy                                    : #1665380027355 | took 0ms | statement | connection 25| url jdbc:h2:mem:ad3a9e80-f26d-4a3e-9691-17f803db5723
update picture set spot_id=?, url=? where picture_id=?
update picture set spot_id=610, url='java.io.StringReader@687336ed' where picture_id=2230;
2022-10-10 14:33:47.355  INFO 4460 --- [    Test worker] p6spy                                    : #1665380027355 | took 0ms | statement | connection 25| url jdbc:h2:mem:ad3a9e80-f26d-4a3e-9691-17f803db5723
update picture set spot_id=?, url=? where picture_id=?
update picture set spot_id=610, url='java.io.StringReader@340da717' where picture_id=2231;
2022-10-10 14:33:47.355  INFO 4460 --- [    Test worker] p6spy                                    : #1665380027355 | took 0ms | statement | connection 25| url jdbc:h2:mem:ad3a9e80-f26d-4a3e-9691-17f803db5723
update picture set spot_id=?, url=? where picture_id=?
update picture set spot_id=611, url='java.io.StringReader@41a82a4a' where picture_id=2233;
2022-10-10 14:33:47.355  INFO 4460 --- [    Test worker] p6spy                                    : #1665380027355 | took 0ms | statement | connection 25| url jdbc:h2:mem:ad3a9e80-f26d-4a3e-9691-17f803db5723
update picture set spot_id=?, url=? where picture_id=?
update picture set spot_id=611, url='java.io.StringReader@dfbc62' where picture_id=2234;
2022-10-10 14:33:47.355  INFO 4460 --- [    Test worker] p6spy                                    : #1665380027355 | took 0ms | statement | connection 25| url jdbc:h2:mem:ad3a9e80-f26d-4a3e-9691-17f803db5723
update picture set spot_id=?, url=? where picture_id=?
update picture set spot_id=611, url='java.io.StringReader@19ebd341' where picture_id=2235;
2022-10-10 14:33:47.355  INFO 4460 --- [    Test worker] p6spy                                    : #1665380027355 | took 0ms | statement | connection 25| url jdbc:h2:mem:ad3a9e80-f26d-4a3e-9691-17f803db5723
update picture set spot_id=?, url=? where picture_id=?
update picture set spot_id=612, url='java.io.StringReader@4d4d91fd' where picture_id=2237;
2022-10-10 14:33:47.355  INFO 4460 --- [    Test worker] p6spy                                    : #1665380027355 | took 0ms | statement | connection 25| url jdbc:h2:mem:ad3a9e80-f26d-4a3e-9691-17f803db5723
update picture set spot_id=?, url=? where picture_id=?
update picture set spot_id=612, url='java.io.StringReader@5579a66e' where picture_id=2238;
2022-10-10 14:33:47.356  INFO 4460 --- [    Test worker] p6spy                                    : #1665380027356 | took 0ms | statement | connection 25| url jdbc:h2:mem:ad3a9e80-f26d-4a3e-9691-17f803db5723
update picture set spot_id=?, url=? where picture_id=?
update picture set spot_id=612, url='java.io.StringReader@2dae11b4' where picture_id=2239;
2022-10-10 14:33:47.356  INFO 4460 --- [    Test worker] p6spy                                    : #1665380027356 | took 0ms | statement | connection 25| url jdbc:h2:mem:ad3a9e80-f26d-4a3e-9691-17f803db5723
update picture set spot_id=?, url=? where picture_id=?
update picture set spot_id=613, url='java.io.StringReader@34614345' where picture_id=2241;
2022-10-10 14:33:47.356  INFO 4460 --- [    Test worker] p6spy                                    : #1665380027356 | took 0ms | statement | connection 25| url jdbc:h2:mem:ad3a9e80-f26d-4a3e-9691-17f803db5723
update picture set spot_id=?, url=? where picture_id=?
update picture set spot_id=613, url='java.io.StringReader@2fd2bbb1' where picture_id=2242;
2022-10-10 14:33:47.356  INFO 4460 --- [    Test worker] p6spy                                    : #1665380027356 | took 0ms | statement | connection 25| url jdbc:h2:mem:ad3a9e80-f26d-4a3e-9691-17f803db5723
update picture set spot_id=?, url=? where picture_id=?
update picture set spot_id=613, url='java.io.StringReader@4aff4a33' where picture_id=2243;
2022-10-10 14:33:47.356  INFO 4460 --- [    Test worker] p6spy                                    : #1665380027356 | took 0ms | statement | connection 25| url jdbc:h2:mem:ad3a9e80-f26d-4a3e-9691-17f803db5723
update picture set spot_id=?, url=? where picture_id=?
update picture set spot_id=614, url='java.io.StringReader@4022d226' where picture_id=2245;
2022-10-10 14:33:47.356  INFO 4460 --- [    Test worker] p6spy                                    : #1665380027356 | took 0ms | statement | connection 25| url jdbc:h2:mem:ad3a9e80-f26d-4a3e-9691-17f803db5723
update picture set spot_id=?, url=? where picture_id=?
update picture set spot_id=614, url='java.io.StringReader@c9f77f2' where picture_id=2246;
2022-10-10 14:33:47.356  INFO 4460 --- [    Test worker] p6spy                                    : #1665380027356 | took 0ms | statement | connection 25| url jdbc:h2:mem:ad3a9e80-f26d-4a3e-9691-17f803db5723
update picture set spot_id=?, url=? where picture_id=?
update picture set spot_id=614, url='java.io.StringReader@65e1c98c' where picture_id=2247;
2022-10-10 14:33:47.356  INFO 4460 --- [    Test worker] p6spy                                    : #1665380027356 | took 0ms | statement | connection 25| url jdbc:h2:mem:ad3a9e80-f26d-4a3e-9691-17f803db5723
update picture set spot_id=?, url=? where picture_id=?
update picture set spot_id=615, url='java.io.StringReader@46b352ee' where picture_id=2249;
2022-10-10 14:33:47.356  INFO 4460 --- [    Test worker] p6spy                                    : #1665380027356 | took 0ms | statement | connection 25| url jdbc:h2:mem:ad3a9e80-f26d-4a3e-9691-17f803db5723
update picture set spot_id=?, url=? where picture_id=?
update picture set spot_id=615, url='java.io.StringReader@2369db96' where picture_id=2250;
2022-10-10 14:33:47.356  INFO 4460 --- [    Test worker] p6spy                                    : #1665380027356 | took 0ms | statement | connection 25| url jdbc:h2:mem:ad3a9e80-f26d-4a3e-9691-17f803db5723
update picture set spot_id=?, url=? where picture_id=?
update picture set spot_id=615, url='java.io.StringReader@76211ef0' where picture_id=2251;
2022-10-10 14:33:47.356  INFO 4460 --- [    Test worker] p6spy                                    : #1665380027356 | took 0ms | statement | connection 25| url jdbc:h2:mem:ad3a9e80-f26d-4a3e-9691-17f803db5723
update picture set spot_id=?, url=? where picture_id=?
update picture set spot_id=616, url='java.io.StringReader@4fdb2194' where picture_id=2253;
2022-10-10 14:33:47.356  INFO 4460 --- [    Test worker] p6spy                                    : #1665380027356 | took 0ms | statement | connection 25| url jdbc:h2:mem:ad3a9e80-f26d-4a3e-9691-17f803db5723
update picture set spot_id=?, url=? where picture_id=?
update picture set spot_id=616, url='java.io.StringReader@11a823b3' where picture_id=2254;
2022-10-10 14:33:47.356  INFO 4460 --- [    Test worker] p6spy                                    : #1665380027356 | took 0ms | statement | connection 25| url jdbc:h2:mem:ad3a9e80-f26d-4a3e-9691-17f803db5723
update picture set spot_id=?, url=? where picture_id=?
update picture set spot_id=616, url='java.io.StringReader@4776e97d' where picture_id=2255;
2022-10-10 14:33:47.356  INFO 4460 --- [    Test worker] p6spy                                    : #1665380027356 | took 0ms | statement | connection 25| url jdbc:h2:mem:ad3a9e80-f26d-4a3e-9691-17f803db5723
update picture set spot_id=?, url=? where picture_id=?
update picture set spot_id=617, url='java.io.StringReader@149259da' where picture_id=2257;
2022-10-10 14:33:47.356  INFO 4460 --- [    Test worker] p6spy                                    : #1665380027356 | took 0ms | statement | connection 25| url jdbc:h2:mem:ad3a9e80-f26d-4a3e-9691-17f803db5723
update picture set spot_id=?, url=? where picture_id=?
update picture set spot_id=617, url='java.io.StringReader@7865ad8' where picture_id=2258;
2022-10-10 14:33:47.356  INFO 4460 --- [    Test worker] p6spy                                    : #1665380027356 | took 0ms | statement | connection 25| url jdbc:h2:mem:ad3a9e80-f26d-4a3e-9691-17f803db5723
update picture set spot_id=?, url=? where picture_id=?
update picture set spot_id=617, url='java.io.StringReader@61213a3d' where picture_id=2259;
2022-10-10 14:33:47.356  INFO 4460 --- [    Test worker] p6spy                                    : #1665380027356 | took 0ms | statement | connection 25| url jdbc:h2:mem:ad3a9e80-f26d-4a3e-9691-17f803db5723
update picture set spot_id=?, url=? where picture_id=?
update picture set spot_id=618, url='java.io.StringReader@316bf926' where picture_id=2261;
2022-10-10 14:33:47.356  INFO 4460 --- [    Test worker] p6spy                                    : #1665380027356 | took 0ms | statement | connection 25| url jdbc:h2:mem:ad3a9e80-f26d-4a3e-9691-17f803db5723
update picture set spot_id=?, url=? where picture_id=?
update picture set spot_id=618, url='java.io.StringReader@3162630b' where picture_id=2262;
2022-10-10 14:33:47.356  INFO 4460 --- [    Test worker] p6spy                                    : #1665380027356 | took 0ms | statement | connection 25| url jdbc:h2:mem:ad3a9e80-f26d-4a3e-9691-17f803db5723
update picture set spot_id=?, url=? where picture_id=?
update picture set spot_id=618, url='java.io.StringReader@5d2a5cf0' where picture_id=2263;
2022-10-10 14:33:47.356  INFO 4460 --- [    Test worker] p6spy                                    : #1665380027356 | took 0ms | statement | connection 25| url jdbc:h2:mem:ad3a9e80-f26d-4a3e-9691-17f803db5723
update picture set spot_id=?, url=? where picture_id=?
update picture set spot_id=619, url='java.io.StringReader@775f4eef' where picture_id=2265;
2022-10-10 14:33:47.356  INFO 4460 --- [    Test worker] p6spy                                    : #1665380027356 | took 0ms | statement | connection 25| url jdbc:h2:mem:ad3a9e80-f26d-4a3e-9691-17f803db5723
update picture set spot_id=?, url=? where picture_id=?
update picture set spot_id=619, url='java.io.StringReader@5b766a7e' where picture_id=2266;
2022-10-10 14:33:47.356  INFO 4460 --- [    Test worker] p6spy                                    : #1665380027356 | took 0ms | statement | connection 25| url jdbc:h2:mem:ad3a9e80-f26d-4a3e-9691-17f803db5723
update picture set spot_id=?, url=? where picture_id=?
update picture set spot_id=619, url='java.io.StringReader@1b2199d5' where picture_id=2267;
2022-10-10 14:33:47.356  INFO 4460 --- [    Test worker] p6spy                                    : #1665380027356 | took 0ms | statement | connection 25| url jdbc:h2:mem:ad3a9e80-f26d-4a3e-9691-17f803db5723
update picture set spot_id=?, url=? where picture_id=?
update picture set spot_id=620, url='java.io.StringReader@6fd02ff8' where picture_id=2269;
2022-10-10 14:33:47.356  INFO 4460 --- [    Test worker] p6spy                                    : #1665380027356 | took 0ms | statement | connection 25| url jdbc:h2:mem:ad3a9e80-f26d-4a3e-9691-17f803db5723
update picture set spot_id=?, url=? where picture_id=?
update picture set spot_id=620, url='java.io.StringReader@51b4a84d' where picture_id=2270;
2022-10-10 14:33:47.356  INFO 4460 --- [    Test worker] p6spy                                    : #1665380027356 | took 0ms | statement | connection 25| url jdbc:h2:mem:ad3a9e80-f26d-4a3e-9691-17f803db5723
update picture set spot_id=?, url=? where picture_id=?
update picture set spot_id=620, url='java.io.StringReader@2d17e77' where picture_id=2271;
2022-10-10 14:33:47.356  INFO 4460 --- [    Test worker] p6spy                                    : #1665380027356 | took 0ms | statement | connection 25| url jdbc:h2:mem:ad3a9e80-f26d-4a3e-9691-17f803db5723
update picture set spot_id=?, url=? where picture_id=?
update picture set spot_id=621, url='java.io.StringReader@57f5ce28' where picture_id=2273;
2022-10-10 14:33:47.357  INFO 4460 --- [    Test worker] p6spy                                    : #1665380027357 | took 0ms | statement | connection 25| url jdbc:h2:mem:ad3a9e80-f26d-4a3e-9691-17f803db5723
update picture set spot_id=?, url=? where picture_id=?
update picture set spot_id=621, url='java.io.StringReader@4c6d5c17' where picture_id=2274;
2022-10-10 14:33:47.357  INFO 4460 --- [    Test worker] p6spy                                    : #1665380027357 | took 0ms | statement | connection 25| url jdbc:h2:mem:ad3a9e80-f26d-4a3e-9691-17f803db5723
update picture set spot_id=?, url=? where picture_id=?
update picture set spot_id=621, url='java.io.StringReader@77b5aa9d' where picture_id=2275;
2022-10-10 14:33:47.357  INFO 4460 --- [    Test worker] p6spy                                    : #1665380027357 | took 0ms | statement | connection 25| url jdbc:h2:mem:ad3a9e80-f26d-4a3e-9691-17f803db5723
update picture set spot_id=?, url=? where picture_id=?
update picture set spot_id=622, url='java.io.StringReader@4b877b7b' where picture_id=2277;
2022-10-10 14:33:47.357  INFO 4460 --- [    Test worker] p6spy                                    : #1665380027357 | took 0ms | statement | connection 25| url jdbc:h2:mem:ad3a9e80-f26d-4a3e-9691-17f803db5723
update picture set spot_id=?, url=? where picture_id=?
update picture set spot_id=622, url='java.io.StringReader@3777882e' where picture_id=2278;
2022-10-10 14:33:47.357  INFO 4460 --- [    Test worker] p6spy                                    : #1665380027357 | took 0ms | statement | connection 25| url jdbc:h2:mem:ad3a9e80-f26d-4a3e-9691-17f803db5723
update picture set spot_id=?, url=? where picture_id=?
update picture set spot_id=622, url='java.io.StringReader@148e735' where picture_id=2279;
2022-10-10 14:33:47.357  INFO 4460 --- [    Test worker] p6spy                                    : #1665380027357 | took 0ms | statement | connection 25| url jdbc:h2:mem:ad3a9e80-f26d-4a3e-9691-17f803db5723
update picture set spot_id=?, url=? where picture_id=?
update picture set spot_id=623, url='java.io.StringReader@2c09ad8b' where picture_id=2281;
2022-10-10 14:33:47.357  INFO 4460 --- [    Test worker] p6spy                                    : #1665380027357 | took 0ms | statement | connection 25| url jdbc:h2:mem:ad3a9e80-f26d-4a3e-9691-17f803db5723
update picture set spot_id=?, url=? where picture_id=?
update picture set spot_id=623, url='java.io.StringReader@4b368502' where picture_id=2282;
2022-10-10 14:33:47.357  INFO 4460 --- [    Test worker] p6spy                                    : #1665380027357 | took 0ms | statement | connection 25| url jdbc:h2:mem:ad3a9e80-f26d-4a3e-9691-17f803db5723
update picture set spot_id=?, url=? where picture_id=?
update picture set spot_id=623, url='java.io.StringReader@9d56384' where picture_id=2283;
2022-10-10 14:33:47.357  INFO 4460 --- [    Test worker] p6spy                                    : #1665380027357 | took 0ms | statement | connection 25| url jdbc:h2:mem:ad3a9e80-f26d-4a3e-9691-17f803db5723
update picture set spot_id=?, url=? where picture_id=?
update picture set spot_id=624, url='java.io.StringReader@3c07a9f1' where picture_id=2285;
2022-10-10 14:33:47.357  INFO 4460 --- [    Test worker] p6spy                                    : #1665380027357 | took 0ms | statement | connection 25| url jdbc:h2:mem:ad3a9e80-f26d-4a3e-9691-17f803db5723
update picture set spot_id=?, url=? where picture_id=?
update picture set spot_id=624, url='java.io.StringReader@64b03060' where picture_id=2286;
2022-10-10 14:33:47.357  INFO 4460 --- [    Test worker] p6spy                                    : #1665380027357 | took 0ms | statement | connection 25| url jdbc:h2:mem:ad3a9e80-f26d-4a3e-9691-17f803db5723
update picture set spot_id=?, url=? where picture_id=?
update picture set spot_id=624, url='java.io.StringReader@597cc3e3' where picture_id=2287;
2022-10-10 14:33:47.357  INFO 4460 --- [    Test worker] p6spy                                    : #1665380027357 | took 0ms | statement | connection 25| url jdbc:h2:mem:ad3a9e80-f26d-4a3e-9691-17f803db5723
update picture set spot_id=?, url=? where picture_id=?
update picture set spot_id=625, url='java.io.StringReader@1c2b4742' where picture_id=2289;
2022-10-10 14:33:47.357  INFO 4460 --- [    Test worker] p6spy                                    : #1665380027357 | took 0ms | statement | connection 25| url jdbc:h2:mem:ad3a9e80-f26d-4a3e-9691-17f803db5723
update picture set spot_id=?, url=? where picture_id=?
update picture set spot_id=625, url='java.io.StringReader@40f173a6' where picture_id=2290;
2022-10-10 14:33:47.357  INFO 4460 --- [    Test worker] p6spy                                    : #1665380027357 | took 0ms | statement | connection 25| url jdbc:h2:mem:ad3a9e80-f26d-4a3e-9691-17f803db5723
update picture set spot_id=?, url=? where picture_id=?
update picture set spot_id=625, url='java.io.StringReader@2ba2045' where picture_id=2291;
2022-10-10 14:33:47.357  INFO 4460 --- [    Test worker] p6spy                                    : #1665380027357 | took 0ms | statement | connection 25| url jdbc:h2:mem:ad3a9e80-f26d-4a3e-9691-17f803db5723
update picture set spot_id=?, url=? where picture_id=?
update picture set spot_id=626, url='java.io.StringReader@42428c94' where picture_id=2293;
2022-10-10 14:33:47.357  INFO 4460 --- [    Test worker] p6spy                                    : #1665380027357 | took 0ms | statement | connection 25| url jdbc:h2:mem:ad3a9e80-f26d-4a3e-9691-17f803db5723
update picture set spot_id=?, url=? where picture_id=?
update picture set spot_id=626, url='java.io.StringReader@434d7e06' where picture_id=2294;
2022-10-10 14:33:47.357  INFO 4460 --- [    Test worker] p6spy                                    : #1665380027357 | took 0ms | statement | connection 25| url jdbc:h2:mem:ad3a9e80-f26d-4a3e-9691-17f803db5723
update picture set spot_id=?, url=? where picture_id=?
update picture set spot_id=626, url='java.io.StringReader@755e2467' where picture_id=2295;
2022-10-10 14:33:47.357  INFO 4460 --- [    Test worker] p6spy                                    : #1665380027357 | took 0ms | statement | connection 25| url jdbc:h2:mem:ad3a9e80-f26d-4a3e-9691-17f803db5723
update picture set spot_id=?, url=? where picture_id=?
update picture set spot_id=627, url='java.io.StringReader@17c6717e' where picture_id=2297;
2022-10-10 14:33:47.357  INFO 4460 --- [    Test worker] p6spy                                    : #1665380027357 | took 0ms | statement | connection 25| url jdbc:h2:mem:ad3a9e80-f26d-4a3e-9691-17f803db5723
update picture set spot_id=?, url=? where picture_id=?
update picture set spot_id=627, url='java.io.StringReader@34feaae' where picture_id=2298;
2022-10-10 14:33:47.357  INFO 4460 --- [    Test worker] p6spy                                    : #1665380027357 | took 0ms | statement | connection 25| url jdbc:h2:mem:ad3a9e80-f26d-4a3e-9691-17f803db5723
update picture set spot_id=?, url=? where picture_id=?
update picture set spot_id=627, url='java.io.StringReader@4779f0e4' where picture_id=2299;
2022-10-10 14:33:47.357  INFO 4460 --- [    Test worker] p6spy                                    : #1665380027357 | took 0ms | statement | connection 25| url jdbc:h2:mem:ad3a9e80-f26d-4a3e-9691-17f803db5723
update picture set spot_id=?, url=? where picture_id=?
update picture set spot_id=628, url='java.io.StringReader@3abbfac7' where picture_id=2301;
2022-10-10 14:33:47.357  INFO 4460 --- [    Test worker] p6spy                                    : #1665380027357 | took 0ms | statement | connection 25| url jdbc:h2:mem:ad3a9e80-f26d-4a3e-9691-17f803db5723
update picture set spot_id=?, url=? where picture_id=?
update picture set spot_id=628, url='java.io.StringReader@64f517b6' where picture_id=2302;
2022-10-10 14:33:47.357  INFO 4460 --- [    Test worker] p6spy                                    : #1665380027357 | took 0ms | statement | connection 25| url jdbc:h2:mem:ad3a9e80-f26d-4a3e-9691-17f803db5723
update picture set spot_id=?, url=? where picture_id=?
update picture set spot_id=628, url='java.io.StringReader@1d930d9c' where picture_id=2303;
2022-10-10 14:33:47.357  INFO 4460 --- [    Test worker] p6spy                                    : #1665380027357 | took 0ms | statement | connection 25| url jdbc:h2:mem:ad3a9e80-f26d-4a3e-9691-17f803db5723
update picture set spot_id=?, url=? where picture_id=?
update picture set spot_id=629, url='java.io.StringReader@26053144' where picture_id=2305;
2022-10-10 14:33:47.357  INFO 4460 --- [    Test worker] p6spy                                    : #1665380027357 | took 0ms | statement | connection 25| url jdbc:h2:mem:ad3a9e80-f26d-4a3e-9691-17f803db5723
update picture set spot_id=?, url=? where picture_id=?
update picture set spot_id=629, url='java.io.StringReader@d240195' where picture_id=2306;
2022-10-10 14:33:47.358  INFO 4460 --- [    Test worker] p6spy                                    : #1665380027358 | took 0ms | statement | connection 25| url jdbc:h2:mem:ad3a9e80-f26d-4a3e-9691-17f803db5723
update picture set spot_id=?, url=? where picture_id=?
update picture set spot_id=629, url='java.io.StringReader@1afeaa01' where picture_id=2307;
2022-10-10 14:33:47.358  INFO 4460 --- [    Test worker] p6spy                                    : #1665380027358 | took 0ms | statement | connection 25| url jdbc:h2:mem:ad3a9e80-f26d-4a3e-9691-17f803db5723
update picture set spot_id=?, url=? where picture_id=?
update picture set spot_id=630, url='java.io.StringReader@24e7f89d' where picture_id=2309;
2022-10-10 14:33:47.358  INFO 4460 --- [    Test worker] p6spy                                    : #1665380027358 | took 0ms | statement | connection 25| url jdbc:h2:mem:ad3a9e80-f26d-4a3e-9691-17f803db5723
update picture set spot_id=?, url=? where picture_id=?
update picture set spot_id=630, url='java.io.StringReader@6f52b99f' where picture_id=2310;
2022-10-10 14:33:47.358  INFO 4460 --- [    Test worker] p6spy                                    : #1665380027358 | took 0ms | statement | connection 25| url jdbc:h2:mem:ad3a9e80-f26d-4a3e-9691-17f803db5723
update picture set spot_id=?, url=? where picture_id=?
update picture set spot_id=630, url='java.io.StringReader@11f5ae46' where picture_id=2311;
2022-10-10 14:33:47.358  INFO 4460 --- [    Test worker] p6spy                                    : #1665380027358 | took 0ms | statement | connection 25| url jdbc:h2:mem:ad3a9e80-f26d-4a3e-9691-17f803db5723
update picture set spot_id=?, url=? where picture_id=?
update picture set spot_id=631, url='java.io.StringReader@5450822' where picture_id=2313;
2022-10-10 14:33:47.358  INFO 4460 --- [    Test worker] p6spy                                    : #1665380027358 | took 0ms | statement | connection 25| url jdbc:h2:mem:ad3a9e80-f26d-4a3e-9691-17f803db5723
update picture set spot_id=?, url=? where picture_id=?
update picture set spot_id=631, url='java.io.StringReader@5b3e8d87' where picture_id=2314;
2022-10-10 14:33:47.358  INFO 4460 --- [    Test worker] p6spy                                    : #1665380027358 | took 0ms | statement | connection 25| url jdbc:h2:mem:ad3a9e80-f26d-4a3e-9691-17f803db5723
update picture set spot_id=?, url=? where picture_id=?
update picture set spot_id=631, url='java.io.StringReader@29fccb14' where picture_id=2315;
2022-10-10 14:33:47.358  INFO 4460 --- [    Test worker] p6spy                                    : #1665380027358 | took 0ms | statement | connection 25| url jdbc:h2:mem:ad3a9e80-f26d-4a3e-9691-17f803db5723
update picture set spot_id=?, url=? where picture_id=?
update picture set spot_id=632, url='java.io.StringReader@2cae2754' where picture_id=2317;
2022-10-10 14:33:47.358  INFO 4460 --- [    Test worker] p6spy                                    : #1665380027358 | took 0ms | statement | connection 25| url jdbc:h2:mem:ad3a9e80-f26d-4a3e-9691-17f803db5723
update picture set spot_id=?, url=? where picture_id=?
update picture set spot_id=632, url='java.io.StringReader@754ecd44' where picture_id=2318;
2022-10-10 14:33:47.358  INFO 4460 --- [    Test worker] p6spy                                    : #1665380027358 | took 0ms | statement | connection 25| url jdbc:h2:mem:ad3a9e80-f26d-4a3e-9691-17f803db5723
update picture set spot_id=?, url=? where picture_id=?
update picture set spot_id=632, url='java.io.StringReader@d078b7d' where picture_id=2319;
2022-10-10 14:33:47.358  INFO 4460 --- [    Test worker] p6spy                                    : #1665380027358 | took 0ms | statement | connection 25| url jdbc:h2:mem:ad3a9e80-f26d-4a3e-9691-17f803db5723
update picture set spot_id=?, url=? where picture_id=?
update picture set spot_id=633, url='java.io.StringReader@235f7a92' where picture_id=2321;
2022-10-10 14:33:47.358  INFO 4460 --- [    Test worker] p6spy                                    : #1665380027358 | took 0ms | statement | connection 25| url jdbc:h2:mem:ad3a9e80-f26d-4a3e-9691-17f803db5723
update picture set spot_id=?, url=? where picture_id=?
update picture set spot_id=633, url='java.io.StringReader@6a975fe4' where picture_id=2322;
2022-10-10 14:33:47.358  INFO 4460 --- [    Test worker] p6spy                                    : #1665380027358 | took 0ms | statement | connection 25| url jdbc:h2:mem:ad3a9e80-f26d-4a3e-9691-17f803db5723
update picture set spot_id=?, url=? where picture_id=?
update picture set spot_id=633, url='java.io.StringReader@52f95c26' where picture_id=2323;
2022-10-10 14:33:47.358  INFO 4460 --- [    Test worker] p6spy                                    : #1665380027358 | took 0ms | statement | connection 25| url jdbc:h2:mem:ad3a9e80-f26d-4a3e-9691-17f803db5723
update picture set spot_id=?, url=? where picture_id=?
update picture set spot_id=634, url='java.io.StringReader@4e55d5c8' where picture_id=2325;
2022-10-10 14:33:47.358  INFO 4460 --- [    Test worker] p6spy                                    : #1665380027358 | took 0ms | statement | connection 25| url jdbc:h2:mem:ad3a9e80-f26d-4a3e-9691-17f803db5723
update picture set spot_id=?, url=? where picture_id=?
update picture set spot_id=634, url='java.io.StringReader@72d699a9' where picture_id=2326;
2022-10-10 14:33:47.358  INFO 4460 --- [    Test worker] p6spy                                    : #1665380027358 | took 0ms | statement | connection 25| url jdbc:h2:mem:ad3a9e80-f26d-4a3e-9691-17f803db5723
update picture set spot_id=?, url=? where picture_id=?
update picture set spot_id=634, url='java.io.StringReader@17c345e3' where picture_id=2327;
2022-10-10 14:33:47.358  INFO 4460 --- [    Test worker] p6spy                                    : #1665380027358 | took 0ms | statement | connection 25| url jdbc:h2:mem:ad3a9e80-f26d-4a3e-9691-17f803db5723
update picture set spot_id=?, url=? where picture_id=?
update picture set spot_id=635, url='java.io.StringReader@76c21f07' where picture_id=2329;
2022-10-10 14:33:47.358  INFO 4460 --- [    Test worker] p6spy                                    : #1665380027358 | took 0ms | statement | connection 25| url jdbc:h2:mem:ad3a9e80-f26d-4a3e-9691-17f803db5723
update picture set spot_id=?, url=? where picture_id=?
update picture set spot_id=635, url='java.io.StringReader@5ba2fc68' where picture_id=2330;
2022-10-10 14:33:47.358  INFO 4460 --- [    Test worker] p6spy                                    : #1665380027358 | took 0ms | statement | connection 25| url jdbc:h2:mem:ad3a9e80-f26d-4a3e-9691-17f803db5723
update picture set spot_id=?, url=? where picture_id=?
update picture set spot_id=635, url='java.io.StringReader@242bba82' where picture_id=2331;
2022-10-10 14:33:47.358  INFO 4460 --- [    Test worker] p6spy                                    : #1665380027358 | took 0ms | statement | connection 25| url jdbc:h2:mem:ad3a9e80-f26d-4a3e-9691-17f803db5723
update picture set spot_id=?, url=? where picture_id=?
update picture set spot_id=636, url='java.io.StringReader@36e2524a' where picture_id=2333;
2022-10-10 14:33:47.358  INFO 4460 --- [    Test worker] p6spy                                    : #1665380027358 | took 0ms | statement | connection 25| url jdbc:h2:mem:ad3a9e80-f26d-4a3e-9691-17f803db5723
update picture set spot_id=?, url=? where picture_id=?
update picture set spot_id=636, url='java.io.StringReader@176bdac0' where picture_id=2334;
2022-10-10 14:33:47.358  INFO 4460 --- [    Test worker] p6spy                                    : #1665380027358 | took 0ms | statement | connection 25| url jdbc:h2:mem:ad3a9e80-f26d-4a3e-9691-17f803db5723
update picture set spot_id=?, url=? where picture_id=?
update picture set spot_id=636, url='java.io.StringReader@6b962a31' where picture_id=2335;
2022-10-10 14:33:47.358  INFO 4460 --- [    Test worker] p6spy                                    : #1665380027358 | took 0ms | statement | connection 25| url jdbc:h2:mem:ad3a9e80-f26d-4a3e-9691-17f803db5723
update picture set spot_id=?, url=? where picture_id=?
update picture set spot_id=637, url='java.io.StringReader@64de3744' where picture_id=2337;
2022-10-10 14:33:47.358  INFO 4460 --- [    Test worker] p6spy                                    : #1665380027358 | took 0ms | statement | connection 25| url jdbc:h2:mem:ad3a9e80-f26d-4a3e-9691-17f803db5723
update picture set spot_id=?, url=? where picture_id=?
update picture set spot_id=637, url='java.io.StringReader@45f50584' where picture_id=2338;
2022-10-10 14:33:47.359  INFO 4460 --- [    Test worker] p6spy                                    : #1665380027359 | took 0ms | statement | connection 25| url jdbc:h2:mem:ad3a9e80-f26d-4a3e-9691-17f803db5723
update picture set spot_id=?, url=? where picture_id=?
update picture set spot_id=637, url='java.io.StringReader@4dea0112' where picture_id=2339;
2022-10-10 14:33:47.359  INFO 4460 --- [    Test worker] p6spy                                    : #1665380027359 | took 0ms | statement | connection 25| url jdbc:h2:mem:ad3a9e80-f26d-4a3e-9691-17f803db5723
update picture set spot_id=?, url=? where picture_id=?
update picture set spot_id=638, url='java.io.StringReader@3c6c3ae8' where picture_id=2341;
2022-10-10 14:33:47.359  INFO 4460 --- [    Test worker] p6spy                                    : #1665380027359 | took 0ms | statement | connection 25| url jdbc:h2:mem:ad3a9e80-f26d-4a3e-9691-17f803db5723
update picture set spot_id=?, url=? where picture_id=?
update picture set spot_id=638, url='java.io.StringReader@678abe43' where picture_id=2342;
2022-10-10 14:33:47.359  INFO 4460 --- [    Test worker] p6spy                                    : #1665380027359 | took 0ms | statement | connection 25| url jdbc:h2:mem:ad3a9e80-f26d-4a3e-9691-17f803db5723
update picture set spot_id=?, url=? where picture_id=?
update picture set spot_id=638, url='java.io.StringReader@450f3339' where picture_id=2343;
2022-10-10 14:33:47.359  INFO 4460 --- [    Test worker] p6spy                                    : #1665380027359 | took 0ms | statement | connection 25| url jdbc:h2:mem:ad3a9e80-f26d-4a3e-9691-17f803db5723
update picture set spot_id=?, url=? where picture_id=?
update picture set spot_id=639, url='java.io.StringReader@309e2202' where picture_id=2345;
2022-10-10 14:33:47.359  INFO 4460 --- [    Test worker] p6spy                                    : #1665380027359 | took 0ms | statement | connection 25| url jdbc:h2:mem:ad3a9e80-f26d-4a3e-9691-17f803db5723
update picture set spot_id=?, url=? where picture_id=?
update picture set spot_id=639, url='java.io.StringReader@6ccfd4ff' where picture_id=2346;
2022-10-10 14:33:47.359  INFO 4460 --- [    Test worker] p6spy                                    : #1665380027359 | took 0ms | statement | connection 25| url jdbc:h2:mem:ad3a9e80-f26d-4a3e-9691-17f803db5723
update picture set spot_id=?, url=? where picture_id=?
update picture set spot_id=639, url='java.io.StringReader@2bffa243' where picture_id=2347;
2022-10-10 14:33:47.359  INFO 4460 --- [    Test worker] p6spy                                    : #1665380027359 | took 0ms | statement | connection 25| url jdbc:h2:mem:ad3a9e80-f26d-4a3e-9691-17f803db5723
update picture set spot_id=?, url=? where picture_id=?
update picture set spot_id=640, url='java.io.StringReader@436a6229' where picture_id=2349;
2022-10-10 14:33:47.359  INFO 4460 --- [    Test worker] p6spy                                    : #1665380027359 | took 0ms | statement | connection 25| url jdbc:h2:mem:ad3a9e80-f26d-4a3e-9691-17f803db5723
update picture set spot_id=?, url=? where picture_id=?
update picture set spot_id=640, url='java.io.StringReader@46f9c78b' where picture_id=2350;
2022-10-10 14:33:47.359  INFO 4460 --- [    Test worker] p6spy                                    : #1665380027359 | took 0ms | statement | connection 25| url jdbc:h2:mem:ad3a9e80-f26d-4a3e-9691-17f803db5723
update picture set spot_id=?, url=? where picture_id=?
update picture set spot_id=640, url='java.io.StringReader@20707ea9' where picture_id=2351;
2022-10-10 14:33:47.359  INFO 4460 --- [    Test worker] p6spy                                    : #1665380027359 | took 0ms | statement | connection 25| url jdbc:h2:mem:ad3a9e80-f26d-4a3e-9691-17f803db5723
update picture set spot_id=?, url=? where picture_id=?
update picture set spot_id=641, url='java.io.StringReader@619d83bf' where picture_id=2353;
2022-10-10 14:33:47.359  INFO 4460 --- [    Test worker] p6spy                                    : #1665380027359 | took 0ms | statement | connection 25| url jdbc:h2:mem:ad3a9e80-f26d-4a3e-9691-17f803db5723
update picture set spot_id=?, url=? where picture_id=?
update picture set spot_id=641, url='java.io.StringReader@7e5d3699' where picture_id=2354;
2022-10-10 14:33:47.359  INFO 4460 --- [    Test worker] p6spy                                    : #1665380027359 | took 0ms | statement | connection 25| url jdbc:h2:mem:ad3a9e80-f26d-4a3e-9691-17f803db5723
update picture set spot_id=?, url=? where picture_id=?
update picture set spot_id=641, url='java.io.StringReader@66eb549' where picture_id=2355;
2022-10-10 14:33:47.359  INFO 4460 --- [    Test worker] p6spy                                    : #1665380027359 | took 0ms | statement | connection 25| url jdbc:h2:mem:ad3a9e80-f26d-4a3e-9691-17f803db5723
update picture set spot_id=?, url=? where picture_id=?
update picture set spot_id=642, url='java.io.StringReader@39491c1b' where picture_id=2357;
2022-10-10 14:33:47.359  INFO 4460 --- [    Test worker] p6spy                                    : #1665380027359 | took 0ms | statement | connection 25| url jdbc:h2:mem:ad3a9e80-f26d-4a3e-9691-17f803db5723
update picture set spot_id=?, url=? where picture_id=?
update picture set spot_id=642, url='java.io.StringReader@707189ac' where picture_id=2358;
2022-10-10 14:33:47.359  INFO 4460 --- [    Test worker] p6spy                                    : #1665380027359 | took 0ms | statement | connection 25| url jdbc:h2:mem:ad3a9e80-f26d-4a3e-9691-17f803db5723
update picture set spot_id=?, url=? where picture_id=?
update picture set spot_id=642, url='java.io.StringReader@5f96556f' where picture_id=2359;
2022-10-10 14:33:47.359  INFO 4460 --- [    Test worker] p6spy                                    : #1665380027359 | took 0ms | statement | connection 25| url jdbc:h2:mem:ad3a9e80-f26d-4a3e-9691-17f803db5723
update picture set spot_id=?, url=? where picture_id=?
update picture set spot_id=643, url='java.io.StringReader@3e4f0fca' where picture_id=2361;
2022-10-10 14:33:47.359  INFO 4460 --- [    Test worker] p6spy                                    : #1665380027359 | took 0ms | statement | connection 25| url jdbc:h2:mem:ad3a9e80-f26d-4a3e-9691-17f803db5723
update picture set spot_id=?, url=? where picture_id=?
update picture set spot_id=643, url='java.io.StringReader@2b74723f' where picture_id=2362;
2022-10-10 14:33:47.359  INFO 4460 --- [    Test worker] p6spy                                    : #1665380027359 | took 0ms | statement | connection 25| url jdbc:h2:mem:ad3a9e80-f26d-4a3e-9691-17f803db5723
update picture set spot_id=?, url=? where picture_id=?
update picture set spot_id=643, url='java.io.StringReader@6a79bd1a' where picture_id=2363;
2022-10-10 14:33:47.359  INFO 4460 --- [    Test worker] p6spy                                    : #1665380027359 | took 0ms | statement | connection 25| url jdbc:h2:mem:ad3a9e80-f26d-4a3e-9691-17f803db5723
update picture set spot_id=?, url=? where picture_id=?
update picture set spot_id=644, url='java.io.StringReader@36d3ed6c' where picture_id=2365;
2022-10-10 14:33:47.359  INFO 4460 --- [    Test worker] p6spy                                    : #1665380027359 | took 0ms | statement | connection 25| url jdbc:h2:mem:ad3a9e80-f26d-4a3e-9691-17f803db5723
update picture set spot_id=?, url=? where picture_id=?
update picture set spot_id=644, url='java.io.StringReader@6f5d6aaa' where picture_id=2366;
2022-10-10 14:33:47.359  INFO 4460 --- [    Test worker] p6spy                                    : #1665380027359 | took 0ms | statement | connection 25| url jdbc:h2:mem:ad3a9e80-f26d-4a3e-9691-17f803db5723
update picture set spot_id=?, url=? where picture_id=?
update picture set spot_id=644, url='java.io.StringReader@2d31633' where picture_id=2367;
2022-10-10 14:33:47.359  INFO 4460 --- [    Test worker] p6spy                                    : #1665380027359 | took 0ms | statement | connection 25| url jdbc:h2:mem:ad3a9e80-f26d-4a3e-9691-17f803db5723
update picture set spot_id=?, url=? where picture_id=?
update picture set spot_id=645, url='java.io.StringReader@26872661' where picture_id=2369;
2022-10-10 14:33:47.359  INFO 4460 --- [    Test worker] p6spy                                    : #1665380027359 | took 0ms | statement | connection 25| url jdbc:h2:mem:ad3a9e80-f26d-4a3e-9691-17f803db5723
update picture set spot_id=?, url=? where picture_id=?
update picture set spot_id=645, url='java.io.StringReader@bbd008f' where picture_id=2370;
2022-10-10 14:33:47.359  INFO 4460 --- [    Test worker] p6spy                                    : #1665380027359 | took 0ms | statement | connection 25| url jdbc:h2:mem:ad3a9e80-f26d-4a3e-9691-17f803db5723
update picture set spot_id=?, url=? where picture_id=?
update picture set spot_id=645, url='java.io.StringReader@2245f2ef' where picture_id=2371;
2022-10-10 14:33:47.359  INFO 4460 --- [    Test worker] p6spy                                    : #1665380027359 | took 0ms | statement | connection 25| url jdbc:h2:mem:ad3a9e80-f26d-4a3e-9691-17f803db5723
update picture set spot_id=?, url=? where picture_id=?
update picture set spot_id=646, url='java.io.StringReader@3682c56e' where picture_id=2373;
2022-10-10 14:33:47.359  INFO 4460 --- [    Test worker] p6spy                                    : #1665380027359 | took 0ms | statement | connection 25| url jdbc:h2:mem:ad3a9e80-f26d-4a3e-9691-17f803db5723
update picture set spot_id=?, url=? where picture_id=?
update picture set spot_id=646, url='java.io.StringReader@6992b1fd' where picture_id=2374;
2022-10-10 14:33:47.359  INFO 4460 --- [    Test worker] p6spy                                    : #1665380027359 | took 0ms | statement | connection 25| url jdbc:h2:mem:ad3a9e80-f26d-4a3e-9691-17f803db5723
update picture set spot_id=?, url=? where picture_id=?
update picture set spot_id=646, url='java.io.StringReader@61fff74e' where picture_id=2375;
2022-10-10 14:33:47.359  INFO 4460 --- [    Test worker] p6spy                                    : #1665380027359 | took 0ms | statement | connection 25| url jdbc:h2:mem:ad3a9e80-f26d-4a3e-9691-17f803db5723
update picture set spot_id=?, url=? where picture_id=?
update picture set spot_id=647, url='java.io.StringReader@4e7c5d8e' where picture_id=2377;
2022-10-10 14:33:47.360  INFO 4460 --- [    Test worker] p6spy                                    : #1665380027360 | took 0ms | statement | connection 25| url jdbc:h2:mem:ad3a9e80-f26d-4a3e-9691-17f803db5723
update picture set spot_id=?, url=? where picture_id=?
update picture set spot_id=647, url='java.io.StringReader@37a3aa1' where picture_id=2378;
2022-10-10 14:33:47.360  INFO 4460 --- [    Test worker] p6spy                                    : #1665380027360 | took 0ms | statement | connection 25| url jdbc:h2:mem:ad3a9e80-f26d-4a3e-9691-17f803db5723
update picture set spot_id=?, url=? where picture_id=?
update picture set spot_id=647, url='java.io.StringReader@5f6c7706' where picture_id=2379;
2022-10-10 14:33:47.360  INFO 4460 --- [    Test worker] p6spy                                    : #1665380027360 | took 0ms | statement | connection 25| url jdbc:h2:mem:ad3a9e80-f26d-4a3e-9691-17f803db5723
update picture set spot_id=?, url=? where picture_id=?
update picture set spot_id=648, url='java.io.StringReader@49dafb3' where picture_id=2381;
2022-10-10 14:33:47.360  INFO 4460 --- [    Test worker] p6spy                                    : #1665380027360 | took 0ms | statement | connection 25| url jdbc:h2:mem:ad3a9e80-f26d-4a3e-9691-17f803db5723
update picture set spot_id=?, url=? where picture_id=?
update picture set spot_id=648, url='java.io.StringReader@2fe6b485' where picture_id=2382;
2022-10-10 14:33:47.360  INFO 4460 --- [    Test worker] p6spy                                    : #1665380027360 | took 0ms | statement | connection 25| url jdbc:h2:mem:ad3a9e80-f26d-4a3e-9691-17f803db5723
update picture set spot_id=?, url=? where picture_id=?
update picture set spot_id=648, url='java.io.StringReader@27a38afa' where picture_id=2383;
2022-10-10 14:33:47.360  INFO 4460 --- [    Test worker] p6spy                                    : #1665380027360 | took 0ms | statement | connection 25| url jdbc:h2:mem:ad3a9e80-f26d-4a3e-9691-17f803db5723
update picture set spot_id=?, url=? where picture_id=?
update picture set spot_id=649, url='java.io.StringReader@40e92533' where picture_id=2385;
2022-10-10 14:33:47.360  INFO 4460 --- [    Test worker] p6spy                                    : #1665380027360 | took 0ms | statement | connection 25| url jdbc:h2:mem:ad3a9e80-f26d-4a3e-9691-17f803db5723
update picture set spot_id=?, url=? where picture_id=?
update picture set spot_id=649, url='java.io.StringReader@278d5b25' where picture_id=2386;
2022-10-10 14:33:47.360  INFO 4460 --- [    Test worker] p6spy                                    : #1665380027360 | took 0ms | statement | connection 25| url jdbc:h2:mem:ad3a9e80-f26d-4a3e-9691-17f803db5723
update picture set spot_id=?, url=? where picture_id=?
update picture set spot_id=649, url='java.io.StringReader@74c8c549' where picture_id=2387;
2022-10-10 14:33:47.360  INFO 4460 --- [    Test worker] p6spy                                    : #1665380027360 | took 0ms | statement | connection 25| url jdbc:h2:mem:ad3a9e80-f26d-4a3e-9691-17f803db5723
update picture set spot_id=?, url=? where picture_id=?
update picture set spot_id=650, url='java.io.StringReader@1fbde260' where picture_id=2389;
2022-10-10 14:33:47.360  INFO 4460 --- [    Test worker] p6spy                                    : #1665380027360 | took 0ms | statement | connection 25| url jdbc:h2:mem:ad3a9e80-f26d-4a3e-9691-17f803db5723
update picture set spot_id=?, url=? where picture_id=?
update picture set spot_id=650, url='java.io.StringReader@6c23df23' where picture_id=2390;
2022-10-10 14:33:47.360  INFO 4460 --- [    Test worker] p6spy                                    : #1665380027360 | took 0ms | statement | connection 25| url jdbc:h2:mem:ad3a9e80-f26d-4a3e-9691-17f803db5723
update picture set spot_id=?, url=? where picture_id=?
update picture set spot_id=650, url='java.io.StringReader@614b3201' where picture_id=2391;
2022-10-10 14:33:47.360  INFO 4460 --- [    Test worker] p6spy                                    : #1665380027360 | took 0ms | statement | connection 25| url jdbc:h2:mem:ad3a9e80-f26d-4a3e-9691-17f803db5723
update picture set spot_id=?, url=? where picture_id=?
update picture set spot_id=651, url='java.io.StringReader@31099c0b' where picture_id=2393;
2022-10-10 14:33:47.360  INFO 4460 --- [    Test worker] p6spy                                    : #1665380027360 | took 0ms | statement | connection 25| url jdbc:h2:mem:ad3a9e80-f26d-4a3e-9691-17f803db5723
update picture set spot_id=?, url=? where picture_id=?
update picture set spot_id=651, url='java.io.StringReader@10706c7d' where picture_id=2394;
2022-10-10 14:33:47.360  INFO 4460 --- [    Test worker] p6spy                                    : #1665380027360 | took 0ms | statement | connection 25| url jdbc:h2:mem:ad3a9e80-f26d-4a3e-9691-17f803db5723
update picture set spot_id=?, url=? where picture_id=?
update picture set spot_id=651, url='java.io.StringReader@5f9a87d9' where picture_id=2395;
2022-10-10 14:33:47.360  INFO 4460 --- [    Test worker] p6spy                                    : #1665380027360 | took 0ms | statement | connection 25| url jdbc:h2:mem:ad3a9e80-f26d-4a3e-9691-17f803db5723
update picture set spot_id=?, url=? where picture_id=?
update picture set spot_id=652, url='java.io.StringReader@7d6a0a50' where picture_id=2397;
2022-10-10 14:33:47.360  INFO 4460 --- [    Test worker] p6spy                                    : #1665380027360 | took 0ms | statement | connection 25| url jdbc:h2:mem:ad3a9e80-f26d-4a3e-9691-17f803db5723
update picture set spot_id=?, url=? where picture_id=?
update picture set spot_id=652, url='java.io.StringReader@436f5e27' where picture_id=2398;
2022-10-10 14:33:47.360  INFO 4460 --- [    Test worker] p6spy                                    : #1665380027360 | took 0ms | statement | connection 25| url jdbc:h2:mem:ad3a9e80-f26d-4a3e-9691-17f803db5723
update picture set spot_id=?, url=? where picture_id=?
update picture set spot_id=652, url='java.io.StringReader@7d91d558' where picture_id=2399;
2022-10-10 14:33:47.360  INFO 4460 --- [    Test worker] p6spy                                    : #1665380027360 | took 0ms | statement | connection 25| url jdbc:h2:mem:ad3a9e80-f26d-4a3e-9691-17f803db5723
update picture set spot_id=?, url=? where picture_id=?
update picture set spot_id=653, url='java.io.StringReader@77c53516' where picture_id=2401;
2022-10-10 14:33:47.360  INFO 4460 --- [    Test worker] p6spy                                    : #1665380027360 | took 0ms | statement | connection 25| url jdbc:h2:mem:ad3a9e80-f26d-4a3e-9691-17f803db5723
update picture set spot_id=?, url=? where picture_id=?
update picture set spot_id=653, url='java.io.StringReader@40af787' where picture_id=2402;
2022-10-10 14:33:47.360  INFO 4460 --- [    Test worker] p6spy                                    : #1665380027360 | took 0ms | statement | connection 25| url jdbc:h2:mem:ad3a9e80-f26d-4a3e-9691-17f803db5723
update picture set spot_id=?, url=? where picture_id=?
update picture set spot_id=653, url='java.io.StringReader@59210be9' where picture_id=2403;
2022-10-10 14:33:47.360  INFO 4460 --- [    Test worker] p6spy                                    : #1665380027360 | took 0ms | statement | connection 25| url jdbc:h2:mem:ad3a9e80-f26d-4a3e-9691-17f803db5723
update picture set spot_id=?, url=? where picture_id=?
update picture set spot_id=654, url='java.io.StringReader@367f761b' where picture_id=2405;
2022-10-10 14:33:47.360  INFO 4460 --- [    Test worker] p6spy                                    : #1665380027360 | took 0ms | statement | connection 25| url jdbc:h2:mem:ad3a9e80-f26d-4a3e-9691-17f803db5723
update picture set spot_id=?, url=? where picture_id=?
update picture set spot_id=654, url='java.io.StringReader@17af85c3' where picture_id=2406;
2022-10-10 14:33:47.360  INFO 4460 --- [    Test worker] p6spy                                    : #1665380027360 | took 0ms | statement | connection 25| url jdbc:h2:mem:ad3a9e80-f26d-4a3e-9691-17f803db5723
update picture set spot_id=?, url=? where picture_id=?
update picture set spot_id=654, url='java.io.StringReader@357194d' where picture_id=2407;
2022-10-10 14:33:47.360  INFO 4460 --- [    Test worker] p6spy                                    : #1665380027360 | took 0ms | statement | connection 25| url jdbc:h2:mem:ad3a9e80-f26d-4a3e-9691-17f803db5723
update picture set spot_id=?, url=? where picture_id=?
update picture set spot_id=655, url='java.io.StringReader@1cf6b01c' where picture_id=2409;
2022-10-10 14:33:47.360  INFO 4460 --- [    Test worker] p6spy                                    : #1665380027360 | took 0ms | statement | connection 25| url jdbc:h2:mem:ad3a9e80-f26d-4a3e-9691-17f803db5723
update picture set spot_id=?, url=? where picture_id=?
update picture set spot_id=655, url='java.io.StringReader@3f4b138' where picture_id=2410;
2022-10-10 14:33:47.361  INFO 4460 --- [    Test worker] p6spy                                    : #1665380027361 | took 0ms | statement | connection 25| url jdbc:h2:mem:ad3a9e80-f26d-4a3e-9691-17f803db5723
update picture set spot_id=?, url=? where picture_id=?
update picture set spot_id=655, url='java.io.StringReader@324bd8b6' where picture_id=2411;
2022-10-10 14:33:47.361  INFO 4460 --- [    Test worker] p6spy                                    : #1665380027361 | took 0ms | statement | connection 25| url jdbc:h2:mem:ad3a9e80-f26d-4a3e-9691-17f803db5723
update picture set spot_id=?, url=? where picture_id=?
update picture set spot_id=656, url='java.io.StringReader@76111797' where picture_id=2413;
2022-10-10 14:33:47.361  INFO 4460 --- [    Test worker] p6spy                                    : #1665380027361 | took 0ms | statement | connection 25| url jdbc:h2:mem:ad3a9e80-f26d-4a3e-9691-17f803db5723
update picture set spot_id=?, url=? where picture_id=?
update picture set spot_id=656, url='java.io.StringReader@6d951dc9' where picture_id=2414;
2022-10-10 14:33:47.361  INFO 4460 --- [    Test worker] p6spy                                    : #1665380027361 | took 0ms | statement | connection 25| url jdbc:h2:mem:ad3a9e80-f26d-4a3e-9691-17f803db5723
update picture set spot_id=?, url=? where picture_id=?
update picture set spot_id=656, url='java.io.StringReader@558eb96b' where picture_id=2415;
2022-10-10 14:33:47.361  INFO 4460 --- [    Test worker] p6spy                                    : #1665380027361 | took 0ms | statement | connection 25| url jdbc:h2:mem:ad3a9e80-f26d-4a3e-9691-17f803db5723
update picture set spot_id=?, url=? where picture_id=?
update picture set spot_id=657, url='java.io.StringReader@1e6702e6' where picture_id=2417;
2022-10-10 14:33:47.361  INFO 4460 --- [    Test worker] p6spy                                    : #1665380027361 | took 0ms | statement | connection 25| url jdbc:h2:mem:ad3a9e80-f26d-4a3e-9691-17f803db5723
update picture set spot_id=?, url=? where picture_id=?
update picture set spot_id=657, url='java.io.StringReader@6da71f59' where picture_id=2418;
2022-10-10 14:33:47.361  INFO 4460 --- [    Test worker] p6spy                                    : #1665380027361 | took 0ms | statement | connection 25| url jdbc:h2:mem:ad3a9e80-f26d-4a3e-9691-17f803db5723
update picture set spot_id=?, url=? where picture_id=?
update picture set spot_id=657, url='java.io.StringReader@44b6dbe4' where picture_id=2419;
2022-10-10 14:33:47.361  INFO 4460 --- [    Test worker] p6spy                                    : #1665380027361 | took 0ms | statement | connection 25| url jdbc:h2:mem:ad3a9e80-f26d-4a3e-9691-17f803db5723
update picture set spot_id=?, url=? where picture_id=?
update picture set spot_id=658, url='java.io.StringReader@5117aeea' where picture_id=2421;
2022-10-10 14:33:47.361  INFO 4460 --- [    Test worker] p6spy                                    : #1665380027361 | took 0ms | statement | connection 25| url jdbc:h2:mem:ad3a9e80-f26d-4a3e-9691-17f803db5723
update picture set spot_id=?, url=? where picture_id=?
update picture set spot_id=658, url='java.io.StringReader@6d3fa642' where picture_id=2422;
2022-10-10 14:33:47.361  INFO 4460 --- [    Test worker] p6spy                                    : #1665380027361 | took 0ms | statement | connection 25| url jdbc:h2:mem:ad3a9e80-f26d-4a3e-9691-17f803db5723
update picture set spot_id=?, url=? where picture_id=?
update picture set spot_id=658, url='java.io.StringReader@7338d5dd' where picture_id=2423;
2022-10-10 14:33:47.361  INFO 4460 --- [    Test worker] p6spy                                    : #1665380027361 | took 0ms | statement | connection 25| url jdbc:h2:mem:ad3a9e80-f26d-4a3e-9691-17f803db5723
update picture set spot_id=?, url=? where picture_id=?
update picture set spot_id=659, url='java.io.StringReader@656655c2' where picture_id=2425;
2022-10-10 14:33:47.361  INFO 4460 --- [    Test worker] p6spy                                    : #1665380027361 | took 0ms | statement | connection 25| url jdbc:h2:mem:ad3a9e80-f26d-4a3e-9691-17f803db5723
update picture set spot_id=?, url=? where picture_id=?
update picture set spot_id=659, url='java.io.StringReader@348edc31' where picture_id=2426;
2022-10-10 14:33:47.361  INFO 4460 --- [    Test worker] p6spy                                    : #1665380027361 | took 0ms | statement | connection 25| url jdbc:h2:mem:ad3a9e80-f26d-4a3e-9691-17f803db5723
update picture set spot_id=?, url=? where picture_id=?
update picture set spot_id=659, url='java.io.StringReader@6672e7fc' where picture_id=2427;
2022-10-10 14:33:47.361  INFO 4460 --- [    Test worker] p6spy                                    : #1665380027361 | took 0ms | statement | connection 25| url jdbc:h2:mem:ad3a9e80-f26d-4a3e-9691-17f803db5723
update picture set spot_id=?, url=? where picture_id=?
update picture set spot_id=660, url='java.io.StringReader@e89860d' where picture_id=2429;
2022-10-10 14:33:47.361  INFO 4460 --- [    Test worker] p6spy                                    : #1665380027361 | took 0ms | statement | connection 25| url jdbc:h2:mem:ad3a9e80-f26d-4a3e-9691-17f803db5723
update picture set spot_id=?, url=? where picture_id=?
update picture set spot_id=660, url='java.io.StringReader@305a4a7d' where picture_id=2430;
2022-10-10 14:33:47.361  INFO 4460 --- [    Test worker] p6spy                                    : #1665380027361 | took 0ms | statement | connection 25| url jdbc:h2:mem:ad3a9e80-f26d-4a3e-9691-17f803db5723
update picture set spot_id=?, url=? where picture_id=?
update picture set spot_id=660, url='java.io.StringReader@52016248' where picture_id=2431;
2022-10-10 14:33:47.361  INFO 4460 --- [    Test worker] p6spy                                    : #1665380027361 | took 0ms | statement | connection 25| url jdbc:h2:mem:ad3a9e80-f26d-4a3e-9691-17f803db5723
update picture set spot_id=?, url=? where picture_id=?
update picture set spot_id=661, url='java.io.StringReader@40ef9b1e' where picture_id=2433;
2022-10-10 14:33:47.361  INFO 4460 --- [    Test worker] p6spy                                    : #1665380027361 | took 0ms | statement | connection 25| url jdbc:h2:mem:ad3a9e80-f26d-4a3e-9691-17f803db5723
update picture set spot_id=?, url=? where picture_id=?
update picture set spot_id=661, url='java.io.StringReader@2abc21b' where picture_id=2434;
2022-10-10 14:33:47.361  INFO 4460 --- [    Test worker] p6spy                                    : #1665380027361 | took 0ms | statement | connection 25| url jdbc:h2:mem:ad3a9e80-f26d-4a3e-9691-17f803db5723
update picture set spot_id=?, url=? where picture_id=?
update picture set spot_id=661, url='java.io.StringReader@7d513498' where picture_id=2435;
2022-10-10 14:33:47.361  INFO 4460 --- [    Test worker] p6spy                                    : #1665380027361 | took 0ms | statement | connection 25| url jdbc:h2:mem:ad3a9e80-f26d-4a3e-9691-17f803db5723
update picture set spot_id=?, url=? where picture_id=?
update picture set spot_id=662, url='java.io.StringReader@63b93fba' where picture_id=2437;
2022-10-10 14:33:47.361  INFO 4460 --- [    Test worker] p6spy                                    : #1665380027361 | took 0ms | statement | connection 25| url jdbc:h2:mem:ad3a9e80-f26d-4a3e-9691-17f803db5723
update picture set spot_id=?, url=? where picture_id=?
update picture set spot_id=662, url='java.io.StringReader@6438a9e5' where picture_id=2438;
2022-10-10 14:33:47.361  INFO 4460 --- [    Test worker] p6spy                                    : #1665380027361 | took 0ms | statement | connection 25| url jdbc:h2:mem:ad3a9e80-f26d-4a3e-9691-17f803db5723
update picture set spot_id=?, url=? where picture_id=?
update picture set spot_id=662, url='java.io.StringReader@3cf8fc1c' where picture_id=2439;
2022-10-10 14:33:47.361  INFO 4460 --- [    Test worker] p6spy                                    : #1665380027361 | took 0ms | statement | connection 25| url jdbc:h2:mem:ad3a9e80-f26d-4a3e-9691-17f803db5723
update picture set spot_id=?, url=? where picture_id=?
update picture set spot_id=663, url='java.io.StringReader@3d6ba68c' where picture_id=2441;
2022-10-10 14:33:47.361  INFO 4460 --- [    Test worker] p6spy                                    : #1665380027361 | took 0ms | statement | connection 25| url jdbc:h2:mem:ad3a9e80-f26d-4a3e-9691-17f803db5723
update picture set spot_id=?, url=? where picture_id=?
update picture set spot_id=663, url='java.io.StringReader@1987464b' where picture_id=2442;
2022-10-10 14:33:47.362  INFO 4460 --- [    Test worker] p6spy                                    : #1665380027362 | took 0ms | statement | connection 25| url jdbc:h2:mem:ad3a9e80-f26d-4a3e-9691-17f803db5723
update picture set spot_id=?, url=? where picture_id=?
update picture set spot_id=663, url='java.io.StringReader@739d8d77' where picture_id=2443;
2022-10-10 14:33:47.362  INFO 4460 --- [    Test worker] p6spy                                    : #1665380027362 | took 0ms | statement | connection 25| url jdbc:h2:mem:ad3a9e80-f26d-4a3e-9691-17f803db5723
update picture set spot_id=?, url=? where picture_id=?
update picture set spot_id=664, url='java.io.StringReader@16354741' where picture_id=2445;
2022-10-10 14:33:47.362  INFO 4460 --- [    Test worker] p6spy                                    : #1665380027362 | took 0ms | statement | connection 25| url jdbc:h2:mem:ad3a9e80-f26d-4a3e-9691-17f803db5723
update picture set spot_id=?, url=? where picture_id=?
update picture set spot_id=664, url='java.io.StringReader@528c9ffc' where picture_id=2446;
2022-10-10 14:33:47.362  INFO 4460 --- [    Test worker] p6spy                                    : #1665380027362 | took 0ms | statement | connection 25| url jdbc:h2:mem:ad3a9e80-f26d-4a3e-9691-17f803db5723
update picture set spot_id=?, url=? where picture_id=?
update picture set spot_id=664, url='java.io.StringReader@41fbc0e1' where picture_id=2447;
2022-10-10 14:33:47.362  INFO 4460 --- [    Test worker] p6spy                                    : #1665380027362 | took 0ms | statement | connection 25| url jdbc:h2:mem:ad3a9e80-f26d-4a3e-9691-17f803db5723
update picture set spot_id=?, url=? where picture_id=?
update picture set spot_id=665, url='java.io.StringReader@3710778a' where picture_id=2449;
2022-10-10 14:33:47.362  INFO 4460 --- [    Test worker] p6spy                                    : #1665380027362 | took 0ms | statement | connection 25| url jdbc:h2:mem:ad3a9e80-f26d-4a3e-9691-17f803db5723
update picture set spot_id=?, url=? where picture_id=?
update picture set spot_id=665, url='java.io.StringReader@2cc7e1f3' where picture_id=2450;
2022-10-10 14:33:47.362  INFO 4460 --- [    Test worker] p6spy                                    : #1665380027362 | took 0ms | statement | connection 25| url jdbc:h2:mem:ad3a9e80-f26d-4a3e-9691-17f803db5723
update picture set spot_id=?, url=? where picture_id=?
update picture set spot_id=665, url='java.io.StringReader@49320933' where picture_id=2451;
2022-10-10 14:33:47.362  INFO 4460 --- [    Test worker] p6spy                                    : #1665380027362 | took 0ms | statement | connection 25| url jdbc:h2:mem:ad3a9e80-f26d-4a3e-9691-17f803db5723
update picture set spot_id=?, url=? where picture_id=?
update picture set spot_id=666, url='java.io.StringReader@2f1ff2ea' where picture_id=2453;
2022-10-10 14:33:47.362  INFO 4460 --- [    Test worker] p6spy                                    : #1665380027362 | took 0ms | statement | connection 25| url jdbc:h2:mem:ad3a9e80-f26d-4a3e-9691-17f803db5723
update picture set spot_id=?, url=? where picture_id=?
update picture set spot_id=666, url='java.io.StringReader@331ad803' where picture_id=2454;
2022-10-10 14:33:47.362  INFO 4460 --- [    Test worker] p6spy                                    : #1665380027362 | took 0ms | statement | connection 25| url jdbc:h2:mem:ad3a9e80-f26d-4a3e-9691-17f803db5723
update picture set spot_id=?, url=? where picture_id=?
update picture set spot_id=666, url='java.io.StringReader@2a77f51e' where picture_id=2455;
2022-10-10 14:33:47.362  INFO 4460 --- [    Test worker] p6spy                                    : #1665380027362 | took 0ms | statement | connection 25| url jdbc:h2:mem:ad3a9e80-f26d-4a3e-9691-17f803db5723
update picture set spot_id=?, url=? where picture_id=?
update picture set spot_id=667, url='java.io.StringReader@45a0a2a5' where picture_id=2457;
2022-10-10 14:33:47.362  INFO 4460 --- [    Test worker] p6spy                                    : #1665380027362 | took 0ms | statement | connection 25| url jdbc:h2:mem:ad3a9e80-f26d-4a3e-9691-17f803db5723
update picture set spot_id=?, url=? where picture_id=?
update picture set spot_id=667, url='java.io.StringReader@5df5fe8' where picture_id=2458;
2022-10-10 14:33:47.362  INFO 4460 --- [    Test worker] p6spy                                    : #1665380027362 | took 0ms | statement | connection 25| url jdbc:h2:mem:ad3a9e80-f26d-4a3e-9691-17f803db5723
update picture set spot_id=?, url=? where picture_id=?
update picture set spot_id=667, url='java.io.StringReader@552636b9' where picture_id=2459;
2022-10-10 14:33:47.362  INFO 4460 --- [    Test worker] p6spy                                    : #1665380027362 | took 0ms | statement | connection 25| url jdbc:h2:mem:ad3a9e80-f26d-4a3e-9691-17f803db5723
update picture set spot_id=?, url=? where picture_id=?
update picture set spot_id=668, url='java.io.StringReader@2e997010' where picture_id=2461;
2022-10-10 14:33:47.362  INFO 4460 --- [    Test worker] p6spy                                    : #1665380027362 | took 0ms | statement | connection 25| url jdbc:h2:mem:ad3a9e80-f26d-4a3e-9691-17f803db5723
update picture set spot_id=?, url=? where picture_id=?
update picture set spot_id=668, url='java.io.StringReader@7910aa04' where picture_id=2462;
2022-10-10 14:33:47.362  INFO 4460 --- [    Test worker] p6spy                                    : #1665380027362 | took 0ms | statement | connection 25| url jdbc:h2:mem:ad3a9e80-f26d-4a3e-9691-17f803db5723
update picture set spot_id=?, url=? where picture_id=?
update picture set spot_id=668, url='java.io.StringReader@6e848fd1' where picture_id=2463;
2022-10-10 14:33:47.362  INFO 4460 --- [    Test worker] c.j.r.FavoriteSpotQueryRepositoryTest    : member1 = Member(id=18, username=member1, email=member1@gmail.com, password=1234)
2022-10-10 14:33:47.362  INFO 4460 --- [    Test worker] c.j.r.FavoriteSpotQueryRepositoryTest    : favoriteMain = Favorite(id=39, name=1일차)
2022-10-10 14:33:47.362  INFO 4460 --- [    Test worker] c.j.r.FavoriteSpotQueryRepositoryTest    : spots[0] = capstone.jejuTourrecommend.domain.Spot@5ace695
2022-10-10 14:33:47.362  INFO 4460 --- [    Test worker] c.j.r.FavoriteSpotQueryRepositoryTest    : favoriteSpots[0] = FavoriteSpot(id=421, count=0)
2022-10-10 14:33:47.363  INFO 4460 --- [    Test worker] c.j.r.FavoriteSpotQueryRepositoryTest    : favoriteCheck = Favorite(id=40, name=favorite)
2022-10-10 14:33:47.363  INFO 4460 --- [    Test worker] p6spy                                    : #1665380027363 | took 0ms | statement | connection 25| url jdbc:h2:mem:ad3a9e80-f26d-4a3e-9691-17f803db5723
insert into favorite (member_id, name, favorite_id) values (?, ?, ?)
insert into favorite (member_id, name, favorite_id) values (NULL, 'favorite', 40);
2022-10-10 14:33:47.363  INFO 4460 --- [    Test worker] p6spy                                    : #1665380027363 | took 0ms | statement | connection 25| url jdbc:h2:mem:ad3a9e80-f26d-4a3e-9691-17f803db5723
insert into favorite_spot (count, favorite_id, spot_id, favorite_spot_id) values (?, ?, ?, ?)
insert into favorite_spot (count, favorite_id, spot_id, favorite_spot_id) values (0, 40, NULL, 471);
2022-10-10 14:33:47.363  INFO 4460 --- [    Test worker] p6spy                                    : #1665380027363 | took 0ms | statement | connection 25| url jdbc:h2:mem:ad3a9e80-f26d-4a3e-9691-17f803db5723
insert into favorite_spot (count, favorite_id, spot_id, favorite_spot_id) values (?, ?, ?, ?)
insert into favorite_spot (count, favorite_id, spot_id, favorite_spot_id) values (0, 40, NULL, 472);
2022-10-10 14:33:47.363  INFO 4460 --- [    Test worker] p6spy                                    : #1665380027363 | took 0ms | statement | connection 25| url jdbc:h2:mem:ad3a9e80-f26d-4a3e-9691-17f803db5723
insert into favorite_spot (count, favorite_id, spot_id, favorite_spot_id) values (?, ?, ?, ?)
insert into favorite_spot (count, favorite_id, spot_id, favorite_spot_id) values (0, 40, NULL, 473);
2022-10-10 14:33:47.363  INFO 4460 --- [    Test worker] p6spy                                    : #1665380027363 | took 0ms | statement | connection 25| url jdbc:h2:mem:ad3a9e80-f26d-4a3e-9691-17f803db5723
insert into favorite_spot (count, favorite_id, spot_id, favorite_spot_id) values (?, ?, ?, ?)
insert into favorite_spot (count, favorite_id, spot_id, favorite_spot_id) values (0, 40, NULL, 474);
2022-10-10 14:33:47.363  INFO 4460 --- [    Test worker] p6spy                                    : #1665380027363 | took 0ms | statement | connection 25| url jdbc:h2:mem:ad3a9e80-f26d-4a3e-9691-17f803db5723
insert into favorite_spot (count, favorite_id, spot_id, favorite_spot_id) values (?, ?, ?, ?)
insert into favorite_spot (count, favorite_id, spot_id, favorite_spot_id) values (0, 40, NULL, 475);
2022-10-10 14:33:47.363  INFO 4460 --- [    Test worker] p6spy                                    : #1665380027363 | took 0ms | statement | connection 25| url jdbc:h2:mem:ad3a9e80-f26d-4a3e-9691-17f803db5723
insert into favorite_spot (count, favorite_id, spot_id, favorite_spot_id) values (?, ?, ?, ?)
insert into favorite_spot (count, favorite_id, spot_id, favorite_spot_id) values (0, 40, NULL, 476);
2022-10-10 14:33:47.364  INFO 4460 --- [    Test worker] p6spy                                    : #1665380027364 | took 0ms | statement | connection 25| url jdbc:h2:mem:ad3a9e80-f26d-4a3e-9691-17f803db5723
select favoritesp0_.favorite_spot_id as favorite1_1_, favoritesp0_.count as count2_1_, favoritesp0_.favorite_id as favorite3_1_, favoritesp0_.spot_id as spot_id4_1_ from favorite_spot favoritesp0_ left outer join favorite favorite1_ on favoritesp0_.favorite_id=favorite1_.favorite_id where favorite1_.favorite_id=?
select favoritesp0_.favorite_spot_id as favorite1_1_, favoritesp0_.count as count2_1_, favoritesp0_.favorite_id as favorite3_1_, favoritesp0_.spot_id as spot_id4_1_ from favorite_spot favoritesp0_ left outer join favorite favorite1_ on favoritesp0_.favorite_id=favorite1_.favorite_id where favorite1_.favorite_id=40;
2022-10-10 14:33:47.364  INFO 4460 --- [    Test worker] c.j.r.FavoriteSpotQueryRepositoryTest    : favoriteId = 40
2022-10-10 14:33:47.365  INFO 4460 --- [    Test worker] p6spy                                    : #1665380027365 | took 0ms | statement | connection 25| url jdbc:h2:mem:ad3a9e80-f26d-4a3e-9691-17f803db5723
delete from favorite_spot where favorite_id=?
delete from favorite_spot where favorite_id=40;
2022-10-10 14:33:47.365  INFO 4460 --- [    Test worker] p6spy                                    : #1665380027365 | took 0ms | statement | connection 25| url jdbc:h2:mem:ad3a9e80-f26d-4a3e-9691-17f803db5723
select favoritesp0_.favorite_spot_id as favorite1_1_, favoritesp0_.count as count2_1_, favoritesp0_.favorite_id as favorite3_1_, favoritesp0_.spot_id as spot_id4_1_ from favorite_spot favoritesp0_ left outer join favorite favorite1_ on favoritesp0_.favorite_id=favorite1_.favorite_id where favorite1_.favorite_id=?
select favoritesp0_.favorite_spot_id as favorite1_1_, favoritesp0_.count as count2_1_, favoritesp0_.favorite_id as favorite3_1_, favoritesp0_.spot_id as spot_id4_1_ from favorite_spot favoritesp0_ left outer join favorite favorite1_ on favoritesp0_.favorite_id=favorite1_.favorite_id where favorite1_.favorite_id=40;
2022-10-10 14:33:47.365  INFO 4460 --- [    Test worker] c.j.r.FavoriteSpotQueryRepositoryTest    : favoriteSpotList2 = []
2022-10-10 14:33:47.372  INFO 4460 --- [    Test worker] p6spy                                    : #1665380027372 | took 5ms | rollback | connection 25| url jdbc:h2:mem:ad3a9e80-f26d-4a3e-9691-17f803db5723

;
2022-10-10 14:33:47.372  INFO 4460 --- [    Test worker] o.s.t.c.transaction.TransactionContext   : Rolled back transaction for test: [DefaultTestContext@62231c0f testClass = FavoriteSpotQueryRepositoryTest, testInstance = capstone.jejuTourrecommend.repository.FavoriteSpotQueryRepositoryTest@361986c2, testMethod = deleteFavoriteSpot@FavoriteSpotQueryRepositoryTest, testException = [null], mergedContextConfiguration = [WebMergedContextConfiguration@fdc872e testClass = FavoriteSpotQueryRepositoryTest, locations = '{}', classes = '{class capstone.jejuTourrecommend.JejuTourRecommendApplication}', contextInitializerClasses = '[]', activeProfiles = '{}', propertySourceLocations = '{}', propertySourceProperties = '{org.springframework.boot.test.context.SpringBootTestContextBootstrapper=true}', contextCustomizers = set[org.springframework.boot.test.autoconfigure.actuate.metrics.MetricsExportContextCustomizerFactory$DisableMetricExportContextCustomizer@749c877b, org.springframework.boot.test.autoconfigure.properties.PropertyMappingContextCustomizer@0, org.springframework.boot.test.autoconfigure.web.servlet.WebDriverContextCustomizerFactory$Customizer@60f7cc1d, org.springframework.boot.test.context.filter.ExcludeFilterContextCustomizer@207ea13, org.springframework.boot.test.json.DuplicateJsonObjectContextCustomizerFactory$DuplicateJsonObjectContextCustomizer@5827af16, org.springframework.boot.test.mock.mockito.MockitoContextCustomizer@0, org.springframework.boot.test.web.client.TestRestTemplateContextCustomizer@50fe837a, org.springframework.boot.test.context.SpringBootTestArgs@1, org.springframework.boot.test.context.SpringBootTestWebEnvironment@51bd8b5c], resourceBasePath = 'src/main/webapp', contextLoader = 'org.springframework.boot.test.context.SpringBootContextLoader', parent = [null]], attributes = map['org.springframework.test.context.web.ServletTestExecutionListener.activateListener' -> true, 'org.springframework.test.context.web.ServletTestExecutionListener.populatedRequestContextHolder' -> true, 'org.springframework.test.context.web.ServletTestExecutionListener.resetRequestContextHolder' -> true, 'org.springframework.test.context.event.ApplicationEventsTestExecutionListener.recordApplicationEvents' -> false]]
2022-10-10 14:33:47.373  INFO 4460 --- [    Test worker] o.s.t.c.transaction.TransactionContext   : Began transaction (1) for test context [DefaultTestContext@62231c0f testClass = FavoriteSpotQueryRepositoryTest, testInstance = capstone.jejuTourrecommend.repository.FavoriteSpotQueryRepositoryTest@2685fc6d, testMethod = recommendSpotListTest@FavoriteSpotQueryRepositoryTest, testException = [null], mergedContextConfiguration = [WebMergedContextConfiguration@fdc872e testClass = FavoriteSpotQueryRepositoryTest, locations = '{}', classes = '{class capstone.jejuTourrecommend.JejuTourRecommendApplication}', contextInitializerClasses = '[]', activeProfiles = '{}', propertySourceLocations = '{}', propertySourceProperties = '{org.springframework.boot.test.context.SpringBootTestContextBootstrapper=true}', contextCustomizers = set[org.springframework.boot.test.autoconfigure.actuate.metrics.MetricsExportContextCustomizerFactory$DisableMetricExportContextCustomizer@749c877b, org.springframework.boot.test.autoconfigure.properties.PropertyMappingContextCustomizer@0, org.springframework.boot.test.autoconfigure.web.servlet.WebDriverContextCustomizerFactory$Customizer@60f7cc1d, org.springframework.boot.test.context.filter.ExcludeFilterContextCustomizer@207ea13, org.springframework.boot.test.json.DuplicateJsonObjectContextCustomizerFactory$DuplicateJsonObjectContextCustomizer@5827af16, org.springframework.boot.test.mock.mockito.MockitoContextCustomizer@0, org.springframework.boot.test.web.client.TestRestTemplateContextCustomizer@50fe837a, org.springframework.boot.test.context.SpringBootTestArgs@1, org.springframework.boot.test.context.SpringBootTestWebEnvironment@51bd8b5c], resourceBasePath = 'src/main/webapp', contextLoader = 'org.springframework.boot.test.context.SpringBootContextLoader', parent = [null]], attributes = map['org.springframework.test.context.web.ServletTestExecutionListener.activateListener' -> true, 'org.springframework.test.context.web.ServletTestExecutionListener.populatedRequestContextHolder' -> true, 'org.springframework.test.context.web.ServletTestExecutionListener.resetRequestContextHolder' -> true, 'org.springframework.test.context.event.ApplicationEventsTestExecutionListener.recordApplicationEvents' -> false]]; transaction manager [org.springframework.orm.jpa.JpaTransactionManager@4545ac62]; rollback [true]
2022-10-10 14:33:47.374  INFO 4460 --- [    Test worker] c.j.r.FavoriteSpotQueryRepositoryTest    : member1 =Member(id=20, username=member1, email=member1@gmail.com, password=1234)
2022-10-10 14:33:47.374  INFO 4460 --- [    Test worker] p6spy                                    : #1665380027374 | took 0ms | statement | connection 26| url jdbc:h2:mem:ad3a9e80-f26d-4a3e-9691-17f803db5723
call next value for hibernate_sequence
call next value for hibernate_sequence;
2022-10-10 14:33:47.375  INFO 4460 --- [    Test worker] p6spy                                    : #1665380027375 | took 0ms | statement | connection 26| url jdbc:h2:mem:ad3a9e80-f26d-4a3e-9691-17f803db5723
call next value for hibernate_sequence
call next value for hibernate_sequence;
2022-10-10 14:33:47.375  INFO 4460 --- [    Test worker] p6spy                                    : #1665380027375 | took 0ms | statement | connection 26| url jdbc:h2:mem:ad3a9e80-f26d-4a3e-9691-17f803db5723
call next value for hibernate_sequence
call next value for hibernate_sequence;
2022-10-10 14:33:47.375  INFO 4460 --- [    Test worker] p6spy                                    : #1665380027375 | took 0ms | statement | connection 26| url jdbc:h2:mem:ad3a9e80-f26d-4a3e-9691-17f803db5723
call next value for hibernate_sequence
call next value for hibernate_sequence;
2022-10-10 14:33:47.375  INFO 4460 --- [    Test worker] c.j.r.FavoriteSpotQueryRepositoryTest    : favoriteSpot = FavoriteSpot(id=477, count=0)
2022-10-10 14:33:47.375  INFO 4460 --- [    Test worker] c.j.r.FavoriteSpotQueryRepositoryTest    : Spot = capstone.jejuTourrecommend.domain.Spot@25a8ad86
2022-10-10 14:33:47.375  INFO 4460 --- [    Test worker] p6spy                                    : #1665380027375 | took 0ms | statement | connection 26| url jdbc:h2:mem:ad3a9e80-f26d-4a3e-9691-17f803db5723
call next value for hibernate_sequence
call next value for hibernate_sequence;
2022-10-10 14:33:47.375  INFO 4460 --- [    Test worker] p6spy                                    : #1665380027375 | took 0ms | statement | connection 26| url jdbc:h2:mem:ad3a9e80-f26d-4a3e-9691-17f803db5723
call next value for hibernate_sequence
call next value for hibernate_sequence;
2022-10-10 14:33:47.375  INFO 4460 --- [    Test worker] p6spy                                    : #1665380027375 | took 0ms | statement | connection 26| url jdbc:h2:mem:ad3a9e80-f26d-4a3e-9691-17f803db5723
call next value for hibernate_sequence
call next value for hibernate_sequence;
2022-10-10 14:33:47.375  INFO 4460 --- [    Test worker] p6spy                                    : #1665380027375 | took 0ms | statement | connection 26| url jdbc:h2:mem:ad3a9e80-f26d-4a3e-9691-17f803db5723
call next value for hibernate_sequence
call next value for hibernate_sequence;
2022-10-10 14:33:47.375  INFO 4460 --- [    Test worker] p6spy                                    : #1665380027375 | took 0ms | statement | connection 26| url jdbc:h2:mem:ad3a9e80-f26d-4a3e-9691-17f803db5723
call next value for hibernate_sequence
call next value for hibernate_sequence;
2022-10-10 14:33:47.375  INFO 4460 --- [    Test worker] p6spy                                    : #1665380027375 | took 0ms | statement | connection 26| url jdbc:h2:mem:ad3a9e80-f26d-4a3e-9691-17f803db5723
call next value for hibernate_sequence
call next value for hibernate_sequence;
2022-10-10 14:33:47.375  INFO 4460 --- [    Test worker] p6spy                                    : #1665380027375 | took 0ms | statement | connection 26| url jdbc:h2:mem:ad3a9e80-f26d-4a3e-9691-17f803db5723
call next value for hibernate_sequence
call next value for hibernate_sequence;
2022-10-10 14:33:47.375  INFO 4460 --- [    Test worker] p6spy                                    : #1665380027375 | took 0ms | statement | connection 26| url jdbc:h2:mem:ad3a9e80-f26d-4a3e-9691-17f803db5723
call next value for hibernate_sequence
call next value for hibernate_sequence;
2022-10-10 14:33:47.375  INFO 4460 --- [    Test worker] c.j.r.FavoriteSpotQueryRepositoryTest    : favoriteSpot = FavoriteSpot(id=478, count=0)
2022-10-10 14:33:47.375  INFO 4460 --- [    Test worker] c.j.r.FavoriteSpotQueryRepositoryTest    : Spot = capstone.jejuTourrecommend.domain.Spot@4a9c921
2022-10-10 14:33:47.375  INFO 4460 --- [    Test worker] p6spy                                    : #1665380027375 | took 0ms | statement | connection 26| url jdbc:h2:mem:ad3a9e80-f26d-4a3e-9691-17f803db5723
call next value for hibernate_sequence
call next value for hibernate_sequence;
2022-10-10 14:33:47.375  INFO 4460 --- [    Test worker] p6spy                                    : #1665380027375 | took 0ms | statement | connection 26| url jdbc:h2:mem:ad3a9e80-f26d-4a3e-9691-17f803db5723
call next value for hibernate_sequence
call next value for hibernate_sequence;
2022-10-10 14:33:47.375  INFO 4460 --- [    Test worker] p6spy                                    : #1665380027375 | took 0ms | statement | connection 26| url jdbc:h2:mem:ad3a9e80-f26d-4a3e-9691-17f803db5723
call next value for hibernate_sequence
call next value for hibernate_sequence;
2022-10-10 14:33:47.375  INFO 4460 --- [    Test worker] p6spy                                    : #1665380027375 | took 0ms | statement | connection 26| url jdbc:h2:mem:ad3a9e80-f26d-4a3e-9691-17f803db5723
call next value for hibernate_sequence
call next value for hibernate_sequence;
2022-10-10 14:33:47.375  INFO 4460 --- [    Test worker] p6spy                                    : #1665380027375 | took 0ms | statement | connection 26| url jdbc:h2:mem:ad3a9e80-f26d-4a3e-9691-17f803db5723
call next value for hibernate_sequence
call next value for hibernate_sequence;
2022-10-10 14:33:47.375  INFO 4460 --- [    Test worker] p6spy                                    : #1665380027375 | took 0ms | statement | connection 26| url jdbc:h2:mem:ad3a9e80-f26d-4a3e-9691-17f803db5723
call next value for hibernate_sequence
call next value for hibernate_sequence;
2022-10-10 14:33:47.375  INFO 4460 --- [    Test worker] p6spy                                    : #1665380027375 | took 0ms | statement | connection 26| url jdbc:h2:mem:ad3a9e80-f26d-4a3e-9691-17f803db5723
call next value for hibernate_sequence
call next value for hibernate_sequence;
2022-10-10 14:33:47.375  INFO 4460 --- [    Test worker] p6spy                                    : #1665380027375 | took 0ms | statement | connection 26| url jdbc:h2:mem:ad3a9e80-f26d-4a3e-9691-17f803db5723
call next value for hibernate_sequence
call next value for hibernate_sequence;
2022-10-10 14:33:47.375  INFO 4460 --- [    Test worker] c.j.r.FavoriteSpotQueryRepositoryTest    : favoriteSpot = FavoriteSpot(id=479, count=0)
2022-10-10 14:33:47.375  INFO 4460 --- [    Test worker] c.j.r.FavoriteSpotQueryRepositoryTest    : Spot = capstone.jejuTourrecommend.domain.Spot@7a426119
2022-10-10 14:33:47.375  INFO 4460 --- [    Test worker] p6spy                                    : #1665380027375 | took 0ms | statement | connection 26| url jdbc:h2:mem:ad3a9e80-f26d-4a3e-9691-17f803db5723
call next value for hibernate_sequence
call next value for hibernate_sequence;
2022-10-10 14:33:47.375  INFO 4460 --- [    Test worker] p6spy                                    : #1665380027375 | took 0ms | statement | connection 26| url jdbc:h2:mem:ad3a9e80-f26d-4a3e-9691-17f803db5723
call next value for hibernate_sequence
call next value for hibernate_sequence;
2022-10-10 14:33:47.375  INFO 4460 --- [    Test worker] p6spy                                    : #1665380027375 | took 0ms | statement | connection 26| url jdbc:h2:mem:ad3a9e80-f26d-4a3e-9691-17f803db5723
call next value for hibernate_sequence
call next value for hibernate_sequence;
2022-10-10 14:33:47.375  INFO 4460 --- [    Test worker] p6spy                                    : #1665380027375 | took 0ms | statement | connection 26| url jdbc:h2:mem:ad3a9e80-f26d-4a3e-9691-17f803db5723
call next value for hibernate_sequence
call next value for hibernate_sequence;
2022-10-10 14:33:47.375  INFO 4460 --- [    Test worker] p6spy                                    : #1665380027375 | took 0ms | statement | connection 26| url jdbc:h2:mem:ad3a9e80-f26d-4a3e-9691-17f803db5723
call next value for hibernate_sequence
call next value for hibernate_sequence;
2022-10-10 14:33:47.375  INFO 4460 --- [    Test worker] p6spy                                    : #1665380027375 | took 0ms | statement | connection 26| url jdbc:h2:mem:ad3a9e80-f26d-4a3e-9691-17f803db5723
call next value for hibernate_sequence
call next value for hibernate_sequence;
2022-10-10 14:33:47.375  INFO 4460 --- [    Test worker] p6spy                                    : #1665380027375 | took 0ms | statement | connection 26| url jdbc:h2:mem:ad3a9e80-f26d-4a3e-9691-17f803db5723
call next value for hibernate_sequence
call next value for hibernate_sequence;
2022-10-10 14:33:47.375  INFO 4460 --- [    Test worker] p6spy                                    : #1665380027375 | took 0ms | statement | connection 26| url jdbc:h2:mem:ad3a9e80-f26d-4a3e-9691-17f803db5723
call next value for hibernate_sequence
call next value for hibernate_sequence;
2022-10-10 14:33:47.375  INFO 4460 --- [    Test worker] c.j.r.FavoriteSpotQueryRepositoryTest    : favoriteSpot = FavoriteSpot(id=480, count=0)
2022-10-10 14:33:47.375  INFO 4460 --- [    Test worker] c.j.r.FavoriteSpotQueryRepositoryTest    : Spot = capstone.jejuTourrecommend.domain.Spot@3b829217
2022-10-10 14:33:47.375  INFO 4460 --- [    Test worker] p6spy                                    : #1665380027375 | took 0ms | statement | connection 26| url jdbc:h2:mem:ad3a9e80-f26d-4a3e-9691-17f803db5723
call next value for hibernate_sequence
call next value for hibernate_sequence;
2022-10-10 14:33:47.375  INFO 4460 --- [    Test worker] p6spy                                    : #1665380027375 | took 0ms | statement | connection 26| url jdbc:h2:mem:ad3a9e80-f26d-4a3e-9691-17f803db5723
call next value for hibernate_sequence
call next value for hibernate_sequence;
2022-10-10 14:33:47.375  INFO 4460 --- [    Test worker] p6spy                                    : #1665380027375 | took 0ms | statement | connection 26| url jdbc:h2:mem:ad3a9e80-f26d-4a3e-9691-17f803db5723
call next value for hibernate_sequence
call next value for hibernate_sequence;
2022-10-10 14:33:47.375  INFO 4460 --- [    Test worker] p6spy                                    : #1665380027375 | took 0ms | statement | connection 26| url jdbc:h2:mem:ad3a9e80-f26d-4a3e-9691-17f803db5723
call next value for hibernate_sequence
call next value for hibernate_sequence;
2022-10-10 14:33:47.376  INFO 4460 --- [    Test worker] p6spy                                    : #1665380027376 | took 0ms | statement | connection 26| url jdbc:h2:mem:ad3a9e80-f26d-4a3e-9691-17f803db5723
call next value for hibernate_sequence
call next value for hibernate_sequence;
2022-10-10 14:33:47.376  INFO 4460 --- [    Test worker] p6spy                                    : #1665380027376 | took 0ms | statement | connection 26| url jdbc:h2:mem:ad3a9e80-f26d-4a3e-9691-17f803db5723
call next value for hibernate_sequence
call next value for hibernate_sequence;
2022-10-10 14:33:47.376  INFO 4460 --- [    Test worker] p6spy                                    : #1665380027376 | took 0ms | statement | connection 26| url jdbc:h2:mem:ad3a9e80-f26d-4a3e-9691-17f803db5723
call next value for hibernate_sequence
call next value for hibernate_sequence;
2022-10-10 14:33:47.376  INFO 4460 --- [    Test worker] p6spy                                    : #1665380027376 | took 0ms | statement | connection 26| url jdbc:h2:mem:ad3a9e80-f26d-4a3e-9691-17f803db5723
call next value for hibernate_sequence
call next value for hibernate_sequence;
2022-10-10 14:33:47.376  INFO 4460 --- [    Test worker] c.j.r.FavoriteSpotQueryRepositoryTest    : favoriteSpot = FavoriteSpot(id=481, count=0)
2022-10-10 14:33:47.376  INFO 4460 --- [    Test worker] c.j.r.FavoriteSpotQueryRepositoryTest    : Spot = capstone.jejuTourrecommend.domain.Spot@2fb71075
2022-10-10 14:33:47.376  INFO 4460 --- [    Test worker] p6spy                                    : #1665380027376 | took 0ms | statement | connection 26| url jdbc:h2:mem:ad3a9e80-f26d-4a3e-9691-17f803db5723
call next value for hibernate_sequence
call next value for hibernate_sequence;
2022-10-10 14:33:47.376  INFO 4460 --- [    Test worker] p6spy                                    : #1665380027376 | took 0ms | statement | connection 26| url jdbc:h2:mem:ad3a9e80-f26d-4a3e-9691-17f803db5723
call next value for hibernate_sequence
call next value for hibernate_sequence;
2022-10-10 14:33:47.376  INFO 4460 --- [    Test worker] p6spy                                    : #1665380027376 | took 0ms | statement | connection 26| url jdbc:h2:mem:ad3a9e80-f26d-4a3e-9691-17f803db5723
call next value for hibernate_sequence
call next value for hibernate_sequence;
2022-10-10 14:33:47.376  INFO 4460 --- [    Test worker] p6spy                                    : #1665380027376 | took 0ms | statement | connection 26| url jdbc:h2:mem:ad3a9e80-f26d-4a3e-9691-17f803db5723
call next value for hibernate_sequence
call next value for hibernate_sequence;
2022-10-10 14:33:47.376  INFO 4460 --- [    Test worker] p6spy                                    : #1665380027376 | took 0ms | statement | connection 26| url jdbc:h2:mem:ad3a9e80-f26d-4a3e-9691-17f803db5723
call next value for hibernate_sequence
call next value for hibernate_sequence;
2022-10-10 14:33:47.376  INFO 4460 --- [    Test worker] p6spy                                    : #1665380027376 | took 0ms | statement | connection 26| url jdbc:h2:mem:ad3a9e80-f26d-4a3e-9691-17f803db5723
call next value for hibernate_sequence
call next value for hibernate_sequence;
2022-10-10 14:33:47.376  INFO 4460 --- [    Test worker] p6spy                                    : #1665380027376 | took 0ms | statement | connection 26| url jdbc:h2:mem:ad3a9e80-f26d-4a3e-9691-17f803db5723
call next value for hibernate_sequence
call next value for hibernate_sequence;
2022-10-10 14:33:47.376  INFO 4460 --- [    Test worker] p6spy                                    : #1665380027376 | took 0ms | statement | connection 26| url jdbc:h2:mem:ad3a9e80-f26d-4a3e-9691-17f803db5723
call next value for hibernate_sequence
call next value for hibernate_sequence;
2022-10-10 14:33:47.376  INFO 4460 --- [    Test worker] c.j.r.FavoriteSpotQueryRepositoryTest    : favoriteSpot = FavoriteSpot(id=482, count=0)
2022-10-10 14:33:47.376  INFO 4460 --- [    Test worker] c.j.r.FavoriteSpotQueryRepositoryTest    : Spot = capstone.jejuTourrecommend.domain.Spot@36d0ac8
2022-10-10 14:33:47.376  INFO 4460 --- [    Test worker] p6spy                                    : #1665380027376 | took 0ms | statement | connection 26| url jdbc:h2:mem:ad3a9e80-f26d-4a3e-9691-17f803db5723
call next value for hibernate_sequence
call next value for hibernate_sequence;
2022-10-10 14:33:47.376  INFO 4460 --- [    Test worker] p6spy                                    : #1665380027376 | took 0ms | statement | connection 26| url jdbc:h2:mem:ad3a9e80-f26d-4a3e-9691-17f803db5723
call next value for hibernate_sequence
call next value for hibernate_sequence;
2022-10-10 14:33:47.376  INFO 4460 --- [    Test worker] p6spy                                    : #1665380027376 | took 0ms | statement | connection 26| url jdbc:h2:mem:ad3a9e80-f26d-4a3e-9691-17f803db5723
call next value for hibernate_sequence
call next value for hibernate_sequence;
2022-10-10 14:33:47.376  INFO 4460 --- [    Test worker] p6spy                                    : #1665380027376 | took 0ms | statement | connection 26| url jdbc:h2:mem:ad3a9e80-f26d-4a3e-9691-17f803db5723
call next value for hibernate_sequence
call next value for hibernate_sequence;
2022-10-10 14:33:47.376  INFO 4460 --- [    Test worker] p6spy                                    : #1665380027376 | took 0ms | statement | connection 26| url jdbc:h2:mem:ad3a9e80-f26d-4a3e-9691-17f803db5723
call next value for hibernate_sequence
call next value for hibernate_sequence;
2022-10-10 14:33:47.376  INFO 4460 --- [    Test worker] p6spy                                    : #1665380027376 | took 0ms | statement | connection 26| url jdbc:h2:mem:ad3a9e80-f26d-4a3e-9691-17f803db5723
call next value for hibernate_sequence
call next value for hibernate_sequence;
2022-10-10 14:33:47.376  INFO 4460 --- [    Test worker] p6spy                                    : #1665380027376 | took 0ms | statement | connection 26| url jdbc:h2:mem:ad3a9e80-f26d-4a3e-9691-17f803db5723
call next value for hibernate_sequence
call next value for hibernate_sequence;
2022-10-10 14:33:47.376  INFO 4460 --- [    Test worker] p6spy                                    : #1665380027376 | took 0ms | statement | connection 26| url jdbc:h2:mem:ad3a9e80-f26d-4a3e-9691-17f803db5723
call next value for hibernate_sequence
call next value for hibernate_sequence;
2022-10-10 14:33:47.376  INFO 4460 --- [    Test worker] c.j.r.FavoriteSpotQueryRepositoryTest    : favoriteSpot = FavoriteSpot(id=483, count=0)
2022-10-10 14:33:47.376  INFO 4460 --- [    Test worker] c.j.r.FavoriteSpotQueryRepositoryTest    : Spot = capstone.jejuTourrecommend.domain.Spot@95360b1
2022-10-10 14:33:47.376  INFO 4460 --- [    Test worker] p6spy                                    : #1665380027376 | took 0ms | statement | connection 26| url jdbc:h2:mem:ad3a9e80-f26d-4a3e-9691-17f803db5723
call next value for hibernate_sequence
call next value for hibernate_sequence;
2022-10-10 14:33:47.376  INFO 4460 --- [    Test worker] p6spy                                    : #1665380027376 | took 0ms | statement | connection 26| url jdbc:h2:mem:ad3a9e80-f26d-4a3e-9691-17f803db5723
call next value for hibernate_sequence
call next value for hibernate_sequence;
2022-10-10 14:33:47.376  INFO 4460 --- [    Test worker] p6spy                                    : #1665380027376 | took 0ms | statement | connection 26| url jdbc:h2:mem:ad3a9e80-f26d-4a3e-9691-17f803db5723
call next value for hibernate_sequence
call next value for hibernate_sequence;
2022-10-10 14:33:47.376  INFO 4460 --- [    Test worker] p6spy                                    : #1665380027376 | took 0ms | statement | connection 26| url jdbc:h2:mem:ad3a9e80-f26d-4a3e-9691-17f803db5723
call next value for hibernate_sequence
call next value for hibernate_sequence;
2022-10-10 14:33:47.376  INFO 4460 --- [    Test worker] p6spy                                    : #1665380027376 | took 0ms | statement | connection 26| url jdbc:h2:mem:ad3a9e80-f26d-4a3e-9691-17f803db5723
call next value for hibernate_sequence
call next value for hibernate_sequence;
2022-10-10 14:33:47.376  INFO 4460 --- [    Test worker] p6spy                                    : #1665380027376 | took 0ms | statement | connection 26| url jdbc:h2:mem:ad3a9e80-f26d-4a3e-9691-17f803db5723
call next value for hibernate_sequence
call next value for hibernate_sequence;
2022-10-10 14:33:47.377  INFO 4460 --- [    Test worker] p6spy                                    : #1665380027377 | took 0ms | statement | connection 26| url jdbc:h2:mem:ad3a9e80-f26d-4a3e-9691-17f803db5723
call next value for hibernate_sequence
call next value for hibernate_sequence;
2022-10-10 14:33:47.377  INFO 4460 --- [    Test worker] p6spy                                    : #1665380027377 | took 0ms | statement | connection 26| url jdbc:h2:mem:ad3a9e80-f26d-4a3e-9691-17f803db5723
call next value for hibernate_sequence
call next value for hibernate_sequence;
2022-10-10 14:33:47.377  INFO 4460 --- [    Test worker] c.j.r.FavoriteSpotQueryRepositoryTest    : favoriteSpot = FavoriteSpot(id=484, count=0)
2022-10-10 14:33:47.377  INFO 4460 --- [    Test worker] c.j.r.FavoriteSpotQueryRepositoryTest    : Spot = capstone.jejuTourrecommend.domain.Spot@515e4e7d
2022-10-10 14:33:47.377  INFO 4460 --- [    Test worker] p6spy                                    : #1665380027377 | took 0ms | statement | connection 26| url jdbc:h2:mem:ad3a9e80-f26d-4a3e-9691-17f803db5723
call next value for hibernate_sequence
call next value for hibernate_sequence;
2022-10-10 14:33:47.377  INFO 4460 --- [    Test worker] p6spy                                    : #1665380027377 | took 0ms | statement | connection 26| url jdbc:h2:mem:ad3a9e80-f26d-4a3e-9691-17f803db5723
call next value for hibernate_sequence
call next value for hibernate_sequence;
2022-10-10 14:33:47.377  INFO 4460 --- [    Test worker] p6spy                                    : #1665380027377 | took 0ms | statement | connection 26| url jdbc:h2:mem:ad3a9e80-f26d-4a3e-9691-17f803db5723
call next value for hibernate_sequence
call next value for hibernate_sequence;
2022-10-10 14:33:47.377  INFO 4460 --- [    Test worker] p6spy                                    : #1665380027377 | took 0ms | statement | connection 26| url jdbc:h2:mem:ad3a9e80-f26d-4a3e-9691-17f803db5723
call next value for hibernate_sequence
call next value for hibernate_sequence;
2022-10-10 14:33:47.377  INFO 4460 --- [    Test worker] p6spy                                    : #1665380027377 | took 0ms | statement | connection 26| url jdbc:h2:mem:ad3a9e80-f26d-4a3e-9691-17f803db5723
call next value for hibernate_sequence
call next value for hibernate_sequence;
2022-10-10 14:33:47.377  INFO 4460 --- [    Test worker] p6spy                                    : #1665380027377 | took 0ms | statement | connection 26| url jdbc:h2:mem:ad3a9e80-f26d-4a3e-9691-17f803db5723
call next value for hibernate_sequence
call next value for hibernate_sequence;
2022-10-10 14:33:47.377  INFO 4460 --- [    Test worker] p6spy                                    : #1665380027377 | took 0ms | statement | connection 26| url jdbc:h2:mem:ad3a9e80-f26d-4a3e-9691-17f803db5723
call next value for hibernate_sequence
call next value for hibernate_sequence;
2022-10-10 14:33:47.377  INFO 4460 --- [    Test worker] p6spy                                    : #1665380027377 | took 0ms | statement | connection 26| url jdbc:h2:mem:ad3a9e80-f26d-4a3e-9691-17f803db5723
call next value for hibernate_sequence
call next value for hibernate_sequence;
2022-10-10 14:33:47.377  INFO 4460 --- [    Test worker] c.j.r.FavoriteSpotQueryRepositoryTest    : favoriteSpot = FavoriteSpot(id=485, count=0)
2022-10-10 14:33:47.377  INFO 4460 --- [    Test worker] c.j.r.FavoriteSpotQueryRepositoryTest    : Spot = capstone.jejuTourrecommend.domain.Spot@5ad6e5ac
2022-10-10 14:33:47.377  INFO 4460 --- [    Test worker] p6spy                                    : #1665380027377 | took 0ms | statement | connection 26| url jdbc:h2:mem:ad3a9e80-f26d-4a3e-9691-17f803db5723
call next value for hibernate_sequence
call next value for hibernate_sequence;
2022-10-10 14:33:47.377  INFO 4460 --- [    Test worker] p6spy                                    : #1665380027377 | took 0ms | statement | connection 26| url jdbc:h2:mem:ad3a9e80-f26d-4a3e-9691-17f803db5723
call next value for hibernate_sequence
call next value for hibernate_sequence;
2022-10-10 14:33:47.377  INFO 4460 --- [    Test worker] p6spy                                    : #1665380027377 | took 0ms | statement | connection 26| url jdbc:h2:mem:ad3a9e80-f26d-4a3e-9691-17f803db5723
call next value for hibernate_sequence
call next value for hibernate_sequence;
2022-10-10 14:33:47.377  INFO 4460 --- [    Test worker] p6spy                                    : #1665380027377 | took 0ms | statement | connection 26| url jdbc:h2:mem:ad3a9e80-f26d-4a3e-9691-17f803db5723
call next value for hibernate_sequence
call next value for hibernate_sequence;
2022-10-10 14:33:47.377  INFO 4460 --- [    Test worker] p6spy                                    : #1665380027377 | took 0ms | statement | connection 26| url jdbc:h2:mem:ad3a9e80-f26d-4a3e-9691-17f803db5723
call next value for hibernate_sequence
call next value for hibernate_sequence;
2022-10-10 14:33:47.377  INFO 4460 --- [    Test worker] p6spy                                    : #1665380027377 | took 0ms | statement | connection 26| url jdbc:h2:mem:ad3a9e80-f26d-4a3e-9691-17f803db5723
call next value for hibernate_sequence
call next value for hibernate_sequence;
2022-10-10 14:33:47.377  INFO 4460 --- [    Test worker] p6spy                                    : #1665380027377 | took 0ms | statement | connection 26| url jdbc:h2:mem:ad3a9e80-f26d-4a3e-9691-17f803db5723
call next value for hibernate_sequence
call next value for hibernate_sequence;
2022-10-10 14:33:47.377  INFO 4460 --- [    Test worker] p6spy                                    : #1665380027377 | took 0ms | statement | connection 26| url jdbc:h2:mem:ad3a9e80-f26d-4a3e-9691-17f803db5723
call next value for hibernate_sequence
call next value for hibernate_sequence;
2022-10-10 14:33:47.377  INFO 4460 --- [    Test worker] c.j.r.FavoriteSpotQueryRepositoryTest    : favoriteSpot = FavoriteSpot(id=486, count=0)
2022-10-10 14:33:47.377  INFO 4460 --- [    Test worker] c.j.r.FavoriteSpotQueryRepositoryTest    : Spot = capstone.jejuTourrecommend.domain.Spot@2a63bc14
2022-10-10 14:33:47.377  INFO 4460 --- [    Test worker] p6spy                                    : #1665380027377 | took 0ms | statement | connection 26| url jdbc:h2:mem:ad3a9e80-f26d-4a3e-9691-17f803db5723
call next value for hibernate_sequence
call next value for hibernate_sequence;
2022-10-10 14:33:47.377  INFO 4460 --- [    Test worker] p6spy                                    : #1665380027377 | took 0ms | statement | connection 26| url jdbc:h2:mem:ad3a9e80-f26d-4a3e-9691-17f803db5723
call next value for hibernate_sequence
call next value for hibernate_sequence;
2022-10-10 14:33:47.377  INFO 4460 --- [    Test worker] p6spy                                    : #1665380027377 | took 0ms | statement | connection 26| url jdbc:h2:mem:ad3a9e80-f26d-4a3e-9691-17f803db5723
call next value for hibernate_sequence
call next value for hibernate_sequence;
2022-10-10 14:33:47.377  INFO 4460 --- [    Test worker] p6spy                                    : #1665380027377 | took 0ms | statement | connection 26| url jdbc:h2:mem:ad3a9e80-f26d-4a3e-9691-17f803db5723
call next value for hibernate_sequence
call next value for hibernate_sequence;
2022-10-10 14:33:47.377  INFO 4460 --- [    Test worker] p6spy                                    : #1665380027377 | took 0ms | statement | connection 26| url jdbc:h2:mem:ad3a9e80-f26d-4a3e-9691-17f803db5723
call next value for hibernate_sequence
call next value for hibernate_sequence;
2022-10-10 14:33:47.377  INFO 4460 --- [    Test worker] p6spy                                    : #1665380027377 | took 0ms | statement | connection 26| url jdbc:h2:mem:ad3a9e80-f26d-4a3e-9691-17f803db5723
call next value for hibernate_sequence
call next value for hibernate_sequence;
2022-10-10 14:33:47.377  INFO 4460 --- [    Test worker] p6spy                                    : #1665380027377 | took 0ms | statement | connection 26| url jdbc:h2:mem:ad3a9e80-f26d-4a3e-9691-17f803db5723
call next value for hibernate_sequence
call next value for hibernate_sequence;
2022-10-10 14:33:47.378  INFO 4460 --- [    Test worker] p6spy                                    : #1665380027378 | took 0ms | statement | connection 26| url jdbc:h2:mem:ad3a9e80-f26d-4a3e-9691-17f803db5723
call next value for hibernate_sequence
call next value for hibernate_sequence;
2022-10-10 14:33:47.378  INFO 4460 --- [    Test worker] c.j.r.FavoriteSpotQueryRepositoryTest    : favoriteSpot = FavoriteSpot(id=487, count=0)
2022-10-10 14:33:47.378  INFO 4460 --- [    Test worker] c.j.r.FavoriteSpotQueryRepositoryTest    : Spot = capstone.jejuTourrecommend.domain.Spot@54f43310
2022-10-10 14:33:47.378  INFO 4460 --- [    Test worker] p6spy                                    : #1665380027378 | took 0ms | statement | connection 26| url jdbc:h2:mem:ad3a9e80-f26d-4a3e-9691-17f803db5723
call next value for hibernate_sequence
call next value for hibernate_sequence;
2022-10-10 14:33:47.378  INFO 4460 --- [    Test worker] p6spy                                    : #1665380027378 | took 0ms | statement | connection 26| url jdbc:h2:mem:ad3a9e80-f26d-4a3e-9691-17f803db5723
call next value for hibernate_sequence
call next value for hibernate_sequence;
2022-10-10 14:33:47.378  INFO 4460 --- [    Test worker] p6spy                                    : #1665380027378 | took 0ms | statement | connection 26| url jdbc:h2:mem:ad3a9e80-f26d-4a3e-9691-17f803db5723
call next value for hibernate_sequence
call next value for hibernate_sequence;
2022-10-10 14:33:47.378  INFO 4460 --- [    Test worker] p6spy                                    : #1665380027378 | took 0ms | statement | connection 26| url jdbc:h2:mem:ad3a9e80-f26d-4a3e-9691-17f803db5723
call next value for hibernate_sequence
call next value for hibernate_sequence;
2022-10-10 14:33:47.378  INFO 4460 --- [    Test worker] p6spy                                    : #1665380027378 | took 0ms | statement | connection 26| url jdbc:h2:mem:ad3a9e80-f26d-4a3e-9691-17f803db5723
call next value for hibernate_sequence
call next value for hibernate_sequence;
2022-10-10 14:33:47.378  INFO 4460 --- [    Test worker] p6spy                                    : #1665380027378 | took 0ms | statement | connection 26| url jdbc:h2:mem:ad3a9e80-f26d-4a3e-9691-17f803db5723
call next value for hibernate_sequence
call next value for hibernate_sequence;
2022-10-10 14:33:47.378  INFO 4460 --- [    Test worker] p6spy                                    : #1665380027378 | took 0ms | statement | connection 26| url jdbc:h2:mem:ad3a9e80-f26d-4a3e-9691-17f803db5723
call next value for hibernate_sequence
call next value for hibernate_sequence;
2022-10-10 14:33:47.378  INFO 4460 --- [    Test worker] p6spy                                    : #1665380027378 | took 0ms | statement | connection 26| url jdbc:h2:mem:ad3a9e80-f26d-4a3e-9691-17f803db5723
call next value for hibernate_sequence
call next value for hibernate_sequence;
2022-10-10 14:33:47.378  INFO 4460 --- [    Test worker] c.j.r.FavoriteSpotQueryRepositoryTest    : favoriteSpot = FavoriteSpot(id=488, count=0)
2022-10-10 14:33:47.378  INFO 4460 --- [    Test worker] c.j.r.FavoriteSpotQueryRepositoryTest    : Spot = capstone.jejuTourrecommend.domain.Spot@2b9a8991
2022-10-10 14:33:47.378  INFO 4460 --- [    Test worker] p6spy                                    : #1665380027378 | took 0ms | statement | connection 26| url jdbc:h2:mem:ad3a9e80-f26d-4a3e-9691-17f803db5723
call next value for hibernate_sequence
call next value for hibernate_sequence;
2022-10-10 14:33:47.378  INFO 4460 --- [    Test worker] p6spy                                    : #1665380027378 | took 0ms | statement | connection 26| url jdbc:h2:mem:ad3a9e80-f26d-4a3e-9691-17f803db5723
call next value for hibernate_sequence
call next value for hibernate_sequence;
2022-10-10 14:33:47.378  INFO 4460 --- [    Test worker] p6spy                                    : #1665380027378 | took 0ms | statement | connection 26| url jdbc:h2:mem:ad3a9e80-f26d-4a3e-9691-17f803db5723
call next value for hibernate_sequence
call next value for hibernate_sequence;
2022-10-10 14:33:47.378  INFO 4460 --- [    Test worker] p6spy                                    : #1665380027378 | took 0ms | statement | connection 26| url jdbc:h2:mem:ad3a9e80-f26d-4a3e-9691-17f803db5723
call next value for hibernate_sequence
call next value for hibernate_sequence;
2022-10-10 14:33:47.378  INFO 4460 --- [    Test worker] p6spy                                    : #1665380027378 | took 0ms | statement | connection 26| url jdbc:h2:mem:ad3a9e80-f26d-4a3e-9691-17f803db5723
call next value for hibernate_sequence
call next value for hibernate_sequence;
2022-10-10 14:33:47.378  INFO 4460 --- [    Test worker] p6spy                                    : #1665380027378 | took 0ms | statement | connection 26| url jdbc:h2:mem:ad3a9e80-f26d-4a3e-9691-17f803db5723
call next value for hibernate_sequence
call next value for hibernate_sequence;
2022-10-10 14:33:47.378  INFO 4460 --- [    Test worker] p6spy                                    : #1665380027378 | took 0ms | statement | connection 26| url jdbc:h2:mem:ad3a9e80-f26d-4a3e-9691-17f803db5723
call next value for hibernate_sequence
call next value for hibernate_sequence;
2022-10-10 14:33:47.378  INFO 4460 --- [    Test worker] p6spy                                    : #1665380027378 | took 0ms | statement | connection 26| url jdbc:h2:mem:ad3a9e80-f26d-4a3e-9691-17f803db5723
call next value for hibernate_sequence
call next value for hibernate_sequence;
2022-10-10 14:33:47.378  INFO 4460 --- [    Test worker] c.j.r.FavoriteSpotQueryRepositoryTest    : favoriteSpot = FavoriteSpot(id=489, count=0)
2022-10-10 14:33:47.378  INFO 4460 --- [    Test worker] c.j.r.FavoriteSpotQueryRepositoryTest    : Spot = capstone.jejuTourrecommend.domain.Spot@d16bffd
2022-10-10 14:33:47.378  INFO 4460 --- [    Test worker] p6spy                                    : #1665380027378 | took 0ms | statement | connection 26| url jdbc:h2:mem:ad3a9e80-f26d-4a3e-9691-17f803db5723
call next value for hibernate_sequence
call next value for hibernate_sequence;
2022-10-10 14:33:47.378  INFO 4460 --- [    Test worker] p6spy                                    : #1665380027378 | took 0ms | statement | connection 26| url jdbc:h2:mem:ad3a9e80-f26d-4a3e-9691-17f803db5723
call next value for hibernate_sequence
call next value for hibernate_sequence;
2022-10-10 14:33:47.378  INFO 4460 --- [    Test worker] p6spy                                    : #1665380027378 | took 0ms | statement | connection 26| url jdbc:h2:mem:ad3a9e80-f26d-4a3e-9691-17f803db5723
call next value for hibernate_sequence
call next value for hibernate_sequence;
2022-10-10 14:33:47.378  INFO 4460 --- [    Test worker] p6spy                                    : #1665380027378 | took 0ms | statement | connection 26| url jdbc:h2:mem:ad3a9e80-f26d-4a3e-9691-17f803db5723
call next value for hibernate_sequence
call next value for hibernate_sequence;
2022-10-10 14:33:47.378  INFO 4460 --- [    Test worker] p6spy                                    : #1665380027378 | took 0ms | statement | connection 26| url jdbc:h2:mem:ad3a9e80-f26d-4a3e-9691-17f803db5723
call next value for hibernate_sequence
call next value for hibernate_sequence;
2022-10-10 14:33:47.378  INFO 4460 --- [    Test worker] p6spy                                    : #1665380027378 | took 0ms | statement | connection 26| url jdbc:h2:mem:ad3a9e80-f26d-4a3e-9691-17f803db5723
call next value for hibernate_sequence
call next value for hibernate_sequence;
2022-10-10 14:33:47.378  INFO 4460 --- [    Test worker] p6spy                                    : #1665380027378 | took 0ms | statement | connection 26| url jdbc:h2:mem:ad3a9e80-f26d-4a3e-9691-17f803db5723
call next value for hibernate_sequence
call next value for hibernate_sequence;
2022-10-10 14:33:47.379  INFO 4460 --- [    Test worker] p6spy                                    : #1665380027379 | took 0ms | statement | connection 26| url jdbc:h2:mem:ad3a9e80-f26d-4a3e-9691-17f803db5723
call next value for hibernate_sequence
call next value for hibernate_sequence;
2022-10-10 14:33:47.379  INFO 4460 --- [    Test worker] c.j.r.FavoriteSpotQueryRepositoryTest    : favoriteSpot = FavoriteSpot(id=490, count=0)
2022-10-10 14:33:47.379  INFO 4460 --- [    Test worker] c.j.r.FavoriteSpotQueryRepositoryTest    : Spot = capstone.jejuTourrecommend.domain.Spot@1988cca8
2022-10-10 14:33:47.379  INFO 4460 --- [    Test worker] p6spy                                    : #1665380027379 | took 0ms | statement | connection 26| url jdbc:h2:mem:ad3a9e80-f26d-4a3e-9691-17f803db5723
call next value for hibernate_sequence
call next value for hibernate_sequence;
2022-10-10 14:33:47.379  INFO 4460 --- [    Test worker] p6spy                                    : #1665380027379 | took 0ms | statement | connection 26| url jdbc:h2:mem:ad3a9e80-f26d-4a3e-9691-17f803db5723
call next value for hibernate_sequence
call next value for hibernate_sequence;
2022-10-10 14:33:47.379  INFO 4460 --- [    Test worker] p6spy                                    : #1665380027379 | took 0ms | statement | connection 26| url jdbc:h2:mem:ad3a9e80-f26d-4a3e-9691-17f803db5723
call next value for hibernate_sequence
call next value for hibernate_sequence;
2022-10-10 14:33:47.379  INFO 4460 --- [    Test worker] p6spy                                    : #1665380027379 | took 0ms | statement | connection 26| url jdbc:h2:mem:ad3a9e80-f26d-4a3e-9691-17f803db5723
call next value for hibernate_sequence
call next value for hibernate_sequence;
2022-10-10 14:33:47.379  INFO 4460 --- [    Test worker] p6spy                                    : #1665380027379 | took 0ms | statement | connection 26| url jdbc:h2:mem:ad3a9e80-f26d-4a3e-9691-17f803db5723
call next value for hibernate_sequence
call next value for hibernate_sequence;
2022-10-10 14:33:47.379  INFO 4460 --- [    Test worker] p6spy                                    : #1665380027379 | took 0ms | statement | connection 26| url jdbc:h2:mem:ad3a9e80-f26d-4a3e-9691-17f803db5723
call next value for hibernate_sequence
call next value for hibernate_sequence;
2022-10-10 14:33:47.379  INFO 4460 --- [    Test worker] p6spy                                    : #1665380027379 | took 0ms | statement | connection 26| url jdbc:h2:mem:ad3a9e80-f26d-4a3e-9691-17f803db5723
call next value for hibernate_sequence
call next value for hibernate_sequence;
2022-10-10 14:33:47.379  INFO 4460 --- [    Test worker] p6spy                                    : #1665380027379 | took 0ms | statement | connection 26| url jdbc:h2:mem:ad3a9e80-f26d-4a3e-9691-17f803db5723
call next value for hibernate_sequence
call next value for hibernate_sequence;
2022-10-10 14:33:47.379  INFO 4460 --- [    Test worker] c.j.r.FavoriteSpotQueryRepositoryTest    : favoriteSpot = FavoriteSpot(id=491, count=0)
2022-10-10 14:33:47.379  INFO 4460 --- [    Test worker] c.j.r.FavoriteSpotQueryRepositoryTest    : Spot = capstone.jejuTourrecommend.domain.Spot@39fc33e6
2022-10-10 14:33:47.379  INFO 4460 --- [    Test worker] p6spy                                    : #1665380027379 | took 0ms | statement | connection 26| url jdbc:h2:mem:ad3a9e80-f26d-4a3e-9691-17f803db5723
call next value for hibernate_sequence
call next value for hibernate_sequence;
2022-10-10 14:33:47.379  INFO 4460 --- [    Test worker] p6spy                                    : #1665380027379 | took 0ms | statement | connection 26| url jdbc:h2:mem:ad3a9e80-f26d-4a3e-9691-17f803db5723
call next value for hibernate_sequence
call next value for hibernate_sequence;
2022-10-10 14:33:47.379  INFO 4460 --- [    Test worker] p6spy                                    : #1665380027379 | took 0ms | statement | connection 26| url jdbc:h2:mem:ad3a9e80-f26d-4a3e-9691-17f803db5723
call next value for hibernate_sequence
call next value for hibernate_sequence;
2022-10-10 14:33:47.379  INFO 4460 --- [    Test worker] p6spy                                    : #1665380027379 | took 0ms | statement | connection 26| url jdbc:h2:mem:ad3a9e80-f26d-4a3e-9691-17f803db5723
call next value for hibernate_sequence
call next value for hibernate_sequence;
2022-10-10 14:33:47.379  INFO 4460 --- [    Test worker] p6spy                                    : #1665380027379 | took 0ms | statement | connection 26| url jdbc:h2:mem:ad3a9e80-f26d-4a3e-9691-17f803db5723
call next value for hibernate_sequence
call next value for hibernate_sequence;
2022-10-10 14:33:47.379  INFO 4460 --- [    Test worker] p6spy                                    : #1665380027379 | took 0ms | statement | connection 26| url jdbc:h2:mem:ad3a9e80-f26d-4a3e-9691-17f803db5723
call next value for hibernate_sequence
call next value for hibernate_sequence;
2022-10-10 14:33:47.379  INFO 4460 --- [    Test worker] p6spy                                    : #1665380027379 | took 0ms | statement | connection 26| url jdbc:h2:mem:ad3a9e80-f26d-4a3e-9691-17f803db5723
call next value for hibernate_sequence
call next value for hibernate_sequence;
2022-10-10 14:33:47.379  INFO 4460 --- [    Test worker] p6spy                                    : #1665380027379 | took 0ms | statement | connection 26| url jdbc:h2:mem:ad3a9e80-f26d-4a3e-9691-17f803db5723
call next value for hibernate_sequence
call next value for hibernate_sequence;
2022-10-10 14:33:47.379  INFO 4460 --- [    Test worker] c.j.r.FavoriteSpotQueryRepositoryTest    : favoriteSpot = FavoriteSpot(id=492, count=0)
2022-10-10 14:33:47.379  INFO 4460 --- [    Test worker] c.j.r.FavoriteSpotQueryRepositoryTest    : Spot = capstone.jejuTourrecommend.domain.Spot@55ffbd99
2022-10-10 14:33:47.379  INFO 4460 --- [    Test worker] p6spy                                    : #1665380027379 | took 0ms | statement | connection 26| url jdbc:h2:mem:ad3a9e80-f26d-4a3e-9691-17f803db5723
call next value for hibernate_sequence
call next value for hibernate_sequence;
2022-10-10 14:33:47.379  INFO 4460 --- [    Test worker] p6spy                                    : #1665380027379 | took 0ms | statement | connection 26| url jdbc:h2:mem:ad3a9e80-f26d-4a3e-9691-17f803db5723
call next value for hibernate_sequence
call next value for hibernate_sequence;
2022-10-10 14:33:47.379  INFO 4460 --- [    Test worker] p6spy                                    : #1665380027379 | took 0ms | statement | connection 26| url jdbc:h2:mem:ad3a9e80-f26d-4a3e-9691-17f803db5723
call next value for hibernate_sequence
call next value for hibernate_sequence;
2022-10-10 14:33:47.379  INFO 4460 --- [    Test worker] p6spy                                    : #1665380027379 | took 0ms | statement | connection 26| url jdbc:h2:mem:ad3a9e80-f26d-4a3e-9691-17f803db5723
call next value for hibernate_sequence
call next value for hibernate_sequence;
2022-10-10 14:33:47.379  INFO 4460 --- [    Test worker] p6spy                                    : #1665380027379 | took 0ms | statement | connection 26| url jdbc:h2:mem:ad3a9e80-f26d-4a3e-9691-17f803db5723
call next value for hibernate_sequence
call next value for hibernate_sequence;
2022-10-10 14:33:47.379  INFO 4460 --- [    Test worker] p6spy                                    : #1665380027379 | took 0ms | statement | connection 26| url jdbc:h2:mem:ad3a9e80-f26d-4a3e-9691-17f803db5723
call next value for hibernate_sequence
call next value for hibernate_sequence;
2022-10-10 14:33:47.379  INFO 4460 --- [    Test worker] p6spy                                    : #1665380027379 | took 0ms | statement | connection 26| url jdbc:h2:mem:ad3a9e80-f26d-4a3e-9691-17f803db5723
call next value for hibernate_sequence
call next value for hibernate_sequence;
2022-10-10 14:33:47.379  INFO 4460 --- [    Test worker] p6spy                                    : #1665380027379 | took 0ms | statement | connection 26| url jdbc:h2:mem:ad3a9e80-f26d-4a3e-9691-17f803db5723
call next value for hibernate_sequence
call next value for hibernate_sequence;
2022-10-10 14:33:47.380  INFO 4460 --- [    Test worker] c.j.r.FavoriteSpotQueryRepositoryTest    : favoriteSpot = FavoriteSpot(id=493, count=0)
2022-10-10 14:33:47.380  INFO 4460 --- [    Test worker] c.j.r.FavoriteSpotQueryRepositoryTest    : Spot = capstone.jejuTourrecommend.domain.Spot@2cfc616
2022-10-10 14:33:47.380  INFO 4460 --- [    Test worker] p6spy                                    : #1665380027380 | took 0ms | statement | connection 26| url jdbc:h2:mem:ad3a9e80-f26d-4a3e-9691-17f803db5723
call next value for hibernate_sequence
call next value for hibernate_sequence;
2022-10-10 14:33:47.380  INFO 4460 --- [    Test worker] p6spy                                    : #1665380027380 | took 0ms | statement | connection 26| url jdbc:h2:mem:ad3a9e80-f26d-4a3e-9691-17f803db5723
call next value for hibernate_sequence
call next value for hibernate_sequence;
2022-10-10 14:33:47.380  INFO 4460 --- [    Test worker] p6spy                                    : #1665380027380 | took 0ms | statement | connection 26| url jdbc:h2:mem:ad3a9e80-f26d-4a3e-9691-17f803db5723
call next value for hibernate_sequence
call next value for hibernate_sequence;
2022-10-10 14:33:47.380  INFO 4460 --- [    Test worker] p6spy                                    : #1665380027380 | took 0ms | statement | connection 26| url jdbc:h2:mem:ad3a9e80-f26d-4a3e-9691-17f803db5723
call next value for spot_seq
call next value for spot_seq;
2022-10-10 14:33:47.380  INFO 4460 --- [    Test worker] p6spy                                    : #1665380027380 | took 0ms | statement | connection 26| url jdbc:h2:mem:ad3a9e80-f26d-4a3e-9691-17f803db5723
call next value for hibernate_sequence
call next value for hibernate_sequence;
2022-10-10 14:33:47.380  INFO 4460 --- [    Test worker] p6spy                                    : #1665380027380 | took 0ms | statement | connection 26| url jdbc:h2:mem:ad3a9e80-f26d-4a3e-9691-17f803db5723
call next value for hibernate_sequence
call next value for hibernate_sequence;
2022-10-10 14:33:47.380  INFO 4460 --- [    Test worker] p6spy                                    : #1665380027380 | took 0ms | statement | connection 26| url jdbc:h2:mem:ad3a9e80-f26d-4a3e-9691-17f803db5723
call next value for hibernate_sequence
call next value for hibernate_sequence;
2022-10-10 14:33:47.380  INFO 4460 --- [    Test worker] p6spy                                    : #1665380027380 | took 0ms | statement | connection 26| url jdbc:h2:mem:ad3a9e80-f26d-4a3e-9691-17f803db5723
call next value for hibernate_sequence
call next value for hibernate_sequence;
2022-10-10 14:33:47.380  INFO 4460 --- [    Test worker] p6spy                                    : #1665380027380 | took 0ms | statement | connection 26| url jdbc:h2:mem:ad3a9e80-f26d-4a3e-9691-17f803db5723
call next value for hibernate_sequence
call next value for hibernate_sequence;
2022-10-10 14:33:47.380  INFO 4460 --- [    Test worker] c.j.r.FavoriteSpotQueryRepositoryTest    : favoriteSpot = FavoriteSpot(id=494, count=0)
2022-10-10 14:33:47.380  INFO 4460 --- [    Test worker] c.j.r.FavoriteSpotQueryRepositoryTest    : Spot = capstone.jejuTourrecommend.domain.Spot@44312444
2022-10-10 14:33:47.380  INFO 4460 --- [    Test worker] p6spy                                    : #1665380027380 | took 0ms | statement | connection 26| url jdbc:h2:mem:ad3a9e80-f26d-4a3e-9691-17f803db5723
call next value for hibernate_sequence
call next value for hibernate_sequence;
2022-10-10 14:33:47.380  INFO 4460 --- [    Test worker] p6spy                                    : #1665380027380 | took 0ms | statement | connection 26| url jdbc:h2:mem:ad3a9e80-f26d-4a3e-9691-17f803db5723
call next value for hibernate_sequence
call next value for hibernate_sequence;
2022-10-10 14:33:47.380  INFO 4460 --- [    Test worker] p6spy                                    : #1665380027380 | took 0ms | statement | connection 26| url jdbc:h2:mem:ad3a9e80-f26d-4a3e-9691-17f803db5723
call next value for hibernate_sequence
call next value for hibernate_sequence;
2022-10-10 14:33:47.380  INFO 4460 --- [    Test worker] p6spy                                    : #1665380027380 | took 0ms | statement | connection 26| url jdbc:h2:mem:ad3a9e80-f26d-4a3e-9691-17f803db5723
call next value for hibernate_sequence
call next value for hibernate_sequence;
2022-10-10 14:33:47.380  INFO 4460 --- [    Test worker] p6spy                                    : #1665380027380 | took 0ms | statement | connection 26| url jdbc:h2:mem:ad3a9e80-f26d-4a3e-9691-17f803db5723
call next value for hibernate_sequence
call next value for hibernate_sequence;
2022-10-10 14:33:47.380  INFO 4460 --- [    Test worker] p6spy                                    : #1665380027380 | took 0ms | statement | connection 26| url jdbc:h2:mem:ad3a9e80-f26d-4a3e-9691-17f803db5723
call next value for hibernate_sequence
call next value for hibernate_sequence;
2022-10-10 14:33:47.380  INFO 4460 --- [    Test worker] p6spy                                    : #1665380027380 | took 0ms | statement | connection 26| url jdbc:h2:mem:ad3a9e80-f26d-4a3e-9691-17f803db5723
call next value for hibernate_sequence
call next value for hibernate_sequence;
2022-10-10 14:33:47.380  INFO 4460 --- [    Test worker] p6spy                                    : #1665380027380 | took 0ms | statement | connection 26| url jdbc:h2:mem:ad3a9e80-f26d-4a3e-9691-17f803db5723
call next value for hibernate_sequence
call next value for hibernate_sequence;
2022-10-10 14:33:47.380  INFO 4460 --- [    Test worker] c.j.r.FavoriteSpotQueryRepositoryTest    : favoriteSpot = FavoriteSpot(id=495, count=0)
2022-10-10 14:33:47.380  INFO 4460 --- [    Test worker] c.j.r.FavoriteSpotQueryRepositoryTest    : Spot = capstone.jejuTourrecommend.domain.Spot@718a0345
2022-10-10 14:33:47.380  INFO 4460 --- [    Test worker] p6spy                                    : #1665380027380 | took 0ms | statement | connection 26| url jdbc:h2:mem:ad3a9e80-f26d-4a3e-9691-17f803db5723
call next value for hibernate_sequence
call next value for hibernate_sequence;
2022-10-10 14:33:47.380  INFO 4460 --- [    Test worker] p6spy                                    : #1665380027380 | took 0ms | statement | connection 26| url jdbc:h2:mem:ad3a9e80-f26d-4a3e-9691-17f803db5723
call next value for hibernate_sequence
call next value for hibernate_sequence;
2022-10-10 14:33:47.380  INFO 4460 --- [    Test worker] p6spy                                    : #1665380027380 | took 0ms | statement | connection 26| url jdbc:h2:mem:ad3a9e80-f26d-4a3e-9691-17f803db5723
call next value for hibernate_sequence
call next value for hibernate_sequence;
2022-10-10 14:33:47.380  INFO 4460 --- [    Test worker] p6spy                                    : #1665380027380 | took 0ms | statement | connection 26| url jdbc:h2:mem:ad3a9e80-f26d-4a3e-9691-17f803db5723
call next value for hibernate_sequence
call next value for hibernate_sequence;
2022-10-10 14:33:47.380  INFO 4460 --- [    Test worker] p6spy                                    : #1665380027380 | took 0ms | statement | connection 26| url jdbc:h2:mem:ad3a9e80-f26d-4a3e-9691-17f803db5723
call next value for hibernate_sequence
call next value for hibernate_sequence;
2022-10-10 14:33:47.380  INFO 4460 --- [    Test worker] p6spy                                    : #1665380027380 | took 0ms | statement | connection 26| url jdbc:h2:mem:ad3a9e80-f26d-4a3e-9691-17f803db5723
call next value for hibernate_sequence
call next value for hibernate_sequence;
2022-10-10 14:33:47.380  INFO 4460 --- [    Test worker] p6spy                                    : #1665380027380 | took 0ms | statement | connection 26| url jdbc:h2:mem:ad3a9e80-f26d-4a3e-9691-17f803db5723
call next value for hibernate_sequence
call next value for hibernate_sequence;
2022-10-10 14:33:47.380  INFO 4460 --- [    Test worker] p6spy                                    : #1665380027380 | took 0ms | statement | connection 26| url jdbc:h2:mem:ad3a9e80-f26d-4a3e-9691-17f803db5723
call next value for hibernate_sequence
call next value for hibernate_sequence;
2022-10-10 14:33:47.380  INFO 4460 --- [    Test worker] c.j.r.FavoriteSpotQueryRepositoryTest    : favoriteSpot = FavoriteSpot(id=496, count=0)
2022-10-10 14:33:47.380  INFO 4460 --- [    Test worker] c.j.r.FavoriteSpotQueryRepositoryTest    : Spot = capstone.jejuTourrecommend.domain.Spot@79a743dd
2022-10-10 14:33:47.380  INFO 4460 --- [    Test worker] p6spy                                    : #1665380027380 | took 0ms | statement | connection 26| url jdbc:h2:mem:ad3a9e80-f26d-4a3e-9691-17f803db5723
call next value for hibernate_sequence
call next value for hibernate_sequence;
2022-10-10 14:33:47.381  INFO 4460 --- [    Test worker] p6spy                                    : #1665380027381 | took 0ms | statement | connection 26| url jdbc:h2:mem:ad3a9e80-f26d-4a3e-9691-17f803db5723
call next value for hibernate_sequence
call next value for hibernate_sequence;
2022-10-10 14:33:47.381  INFO 4460 --- [    Test worker] p6spy                                    : #1665380027381 | took 0ms | statement | connection 26| url jdbc:h2:mem:ad3a9e80-f26d-4a3e-9691-17f803db5723
call next value for hibernate_sequence
call next value for hibernate_sequence;
2022-10-10 14:33:47.381  INFO 4460 --- [    Test worker] p6spy                                    : #1665380027381 | took 0ms | statement | connection 26| url jdbc:h2:mem:ad3a9e80-f26d-4a3e-9691-17f803db5723
call next value for hibernate_sequence
call next value for hibernate_sequence;
2022-10-10 14:33:47.381  INFO 4460 --- [    Test worker] p6spy                                    : #1665380027381 | took 0ms | statement | connection 26| url jdbc:h2:mem:ad3a9e80-f26d-4a3e-9691-17f803db5723
call next value for hibernate_sequence
call next value for hibernate_sequence;
2022-10-10 14:33:47.381  INFO 4460 --- [    Test worker] p6spy                                    : #1665380027381 | took 0ms | statement | connection 26| url jdbc:h2:mem:ad3a9e80-f26d-4a3e-9691-17f803db5723
call next value for hibernate_sequence
call next value for hibernate_sequence;
2022-10-10 14:33:47.381  INFO 4460 --- [    Test worker] p6spy                                    : #1665380027381 | took 0ms | statement | connection 26| url jdbc:h2:mem:ad3a9e80-f26d-4a3e-9691-17f803db5723
call next value for hibernate_sequence
call next value for hibernate_sequence;
2022-10-10 14:33:47.381  INFO 4460 --- [    Test worker] p6spy                                    : #1665380027381 | took 0ms | statement | connection 26| url jdbc:h2:mem:ad3a9e80-f26d-4a3e-9691-17f803db5723
call next value for hibernate_sequence
call next value for hibernate_sequence;
2022-10-10 14:33:47.381  INFO 4460 --- [    Test worker] c.j.r.FavoriteSpotQueryRepositoryTest    : favoriteSpot = FavoriteSpot(id=497, count=0)
2022-10-10 14:33:47.381  INFO 4460 --- [    Test worker] c.j.r.FavoriteSpotQueryRepositoryTest    : Spot = capstone.jejuTourrecommend.domain.Spot@4e10eebf
2022-10-10 14:33:47.381  INFO 4460 --- [    Test worker] p6spy                                    : #1665380027381 | took 0ms | statement | connection 26| url jdbc:h2:mem:ad3a9e80-f26d-4a3e-9691-17f803db5723
call next value for hibernate_sequence
call next value for hibernate_sequence;
2022-10-10 14:33:47.381  INFO 4460 --- [    Test worker] p6spy                                    : #1665380027381 | took 0ms | statement | connection 26| url jdbc:h2:mem:ad3a9e80-f26d-4a3e-9691-17f803db5723
call next value for hibernate_sequence
call next value for hibernate_sequence;
2022-10-10 14:33:47.381  INFO 4460 --- [    Test worker] p6spy                                    : #1665380027381 | took 0ms | statement | connection 26| url jdbc:h2:mem:ad3a9e80-f26d-4a3e-9691-17f803db5723
call next value for hibernate_sequence
call next value for hibernate_sequence;
2022-10-10 14:33:47.381  INFO 4460 --- [    Test worker] p6spy                                    : #1665380027381 | took 0ms | statement | connection 26| url jdbc:h2:mem:ad3a9e80-f26d-4a3e-9691-17f803db5723
call next value for hibernate_sequence
call next value for hibernate_sequence;
2022-10-10 14:33:47.381  INFO 4460 --- [    Test worker] p6spy                                    : #1665380027381 | took 0ms | statement | connection 26| url jdbc:h2:mem:ad3a9e80-f26d-4a3e-9691-17f803db5723
call next value for hibernate_sequence
call next value for hibernate_sequence;
2022-10-10 14:33:47.381  INFO 4460 --- [    Test worker] p6spy                                    : #1665380027381 | took 0ms | statement | connection 26| url jdbc:h2:mem:ad3a9e80-f26d-4a3e-9691-17f803db5723
call next value for hibernate_sequence
call next value for hibernate_sequence;
2022-10-10 14:33:47.381  INFO 4460 --- [    Test worker] p6spy                                    : #1665380027381 | took 0ms | statement | connection 26| url jdbc:h2:mem:ad3a9e80-f26d-4a3e-9691-17f803db5723
call next value for hibernate_sequence
call next value for hibernate_sequence;
2022-10-10 14:33:47.381  INFO 4460 --- [    Test worker] p6spy                                    : #1665380027381 | took 0ms | statement | connection 26| url jdbc:h2:mem:ad3a9e80-f26d-4a3e-9691-17f803db5723
call next value for hibernate_sequence
call next value for hibernate_sequence;
2022-10-10 14:33:47.381  INFO 4460 --- [    Test worker] c.j.r.FavoriteSpotQueryRepositoryTest    : favoriteSpot = FavoriteSpot(id=498, count=0)
2022-10-10 14:33:47.381  INFO 4460 --- [    Test worker] c.j.r.FavoriteSpotQueryRepositoryTest    : Spot = capstone.jejuTourrecommend.domain.Spot@5e04a8d
2022-10-10 14:33:47.381  INFO 4460 --- [    Test worker] p6spy                                    : #1665380027381 | took 0ms | statement | connection 26| url jdbc:h2:mem:ad3a9e80-f26d-4a3e-9691-17f803db5723
call next value for hibernate_sequence
call next value for hibernate_sequence;
2022-10-10 14:33:47.381  INFO 4460 --- [    Test worker] p6spy                                    : #1665380027381 | took 0ms | statement | connection 26| url jdbc:h2:mem:ad3a9e80-f26d-4a3e-9691-17f803db5723
call next value for hibernate_sequence
call next value for hibernate_sequence;
2022-10-10 14:33:47.381  INFO 4460 --- [    Test worker] p6spy                                    : #1665380027381 | took 0ms | statement | connection 26| url jdbc:h2:mem:ad3a9e80-f26d-4a3e-9691-17f803db5723
call next value for hibernate_sequence
call next value for hibernate_sequence;
2022-10-10 14:33:47.381  INFO 4460 --- [    Test worker] p6spy                                    : #1665380027381 | took 0ms | statement | connection 26| url jdbc:h2:mem:ad3a9e80-f26d-4a3e-9691-17f803db5723
call next value for hibernate_sequence
call next value for hibernate_sequence;
2022-10-10 14:33:47.381  INFO 4460 --- [    Test worker] p6spy                                    : #1665380027381 | took 0ms | statement | connection 26| url jdbc:h2:mem:ad3a9e80-f26d-4a3e-9691-17f803db5723
call next value for hibernate_sequence
call next value for hibernate_sequence;
2022-10-10 14:33:47.381  INFO 4460 --- [    Test worker] p6spy                                    : #1665380027381 | took 0ms | statement | connection 26| url jdbc:h2:mem:ad3a9e80-f26d-4a3e-9691-17f803db5723
call next value for hibernate_sequence
call next value for hibernate_sequence;
2022-10-10 14:33:47.381  INFO 4460 --- [    Test worker] p6spy                                    : #1665380027381 | took 0ms | statement | connection 26| url jdbc:h2:mem:ad3a9e80-f26d-4a3e-9691-17f803db5723
call next value for hibernate_sequence
call next value for hibernate_sequence;
2022-10-10 14:33:47.381  INFO 4460 --- [    Test worker] p6spy                                    : #1665380027381 | took 0ms | statement | connection 26| url jdbc:h2:mem:ad3a9e80-f26d-4a3e-9691-17f803db5723
call next value for hibernate_sequence
call next value for hibernate_sequence;
2022-10-10 14:33:47.381  INFO 4460 --- [    Test worker] c.j.r.FavoriteSpotQueryRepositoryTest    : favoriteSpot = FavoriteSpot(id=499, count=0)
2022-10-10 14:33:47.381  INFO 4460 --- [    Test worker] c.j.r.FavoriteSpotQueryRepositoryTest    : Spot = capstone.jejuTourrecommend.domain.Spot@7a4822f2
2022-10-10 14:33:47.381  INFO 4460 --- [    Test worker] p6spy                                    : #1665380027381 | took 0ms | statement | connection 26| url jdbc:h2:mem:ad3a9e80-f26d-4a3e-9691-17f803db5723
call next value for hibernate_sequence
call next value for hibernate_sequence;
2022-10-10 14:33:47.381  INFO 4460 --- [    Test worker] p6spy                                    : #1665380027381 | took 0ms | statement | connection 26| url jdbc:h2:mem:ad3a9e80-f26d-4a3e-9691-17f803db5723
call next value for hibernate_sequence
call next value for hibernate_sequence;
2022-10-10 14:33:47.382  INFO 4460 --- [    Test worker] p6spy                                    : #1665380027382 | took 0ms | statement | connection 26| url jdbc:h2:mem:ad3a9e80-f26d-4a3e-9691-17f803db5723
call next value for hibernate_sequence
call next value for hibernate_sequence;
2022-10-10 14:33:47.382  INFO 4460 --- [    Test worker] p6spy                                    : #1665380027382 | took 0ms | statement | connection 26| url jdbc:h2:mem:ad3a9e80-f26d-4a3e-9691-17f803db5723
call next value for hibernate_sequence
call next value for hibernate_sequence;
2022-10-10 14:33:47.382  INFO 4460 --- [    Test worker] p6spy                                    : #1665380027382 | took 0ms | statement | connection 26| url jdbc:h2:mem:ad3a9e80-f26d-4a3e-9691-17f803db5723
call next value for hibernate_sequence
call next value for hibernate_sequence;
2022-10-10 14:33:47.382  INFO 4460 --- [    Test worker] p6spy                                    : #1665380027382 | took 0ms | statement | connection 26| url jdbc:h2:mem:ad3a9e80-f26d-4a3e-9691-17f803db5723
call next value for hibernate_sequence
call next value for hibernate_sequence;
2022-10-10 14:33:47.382  INFO 4460 --- [    Test worker] p6spy                                    : #1665380027382 | took 0ms | statement | connection 26| url jdbc:h2:mem:ad3a9e80-f26d-4a3e-9691-17f803db5723
call next value for hibernate_sequence
call next value for hibernate_sequence;
2022-10-10 14:33:47.382  INFO 4460 --- [    Test worker] p6spy                                    : #1665380027382 | took 0ms | statement | connection 26| url jdbc:h2:mem:ad3a9e80-f26d-4a3e-9691-17f803db5723
call next value for hibernate_sequence
call next value for hibernate_sequence;
2022-10-10 14:33:47.382  INFO 4460 --- [    Test worker] c.j.r.FavoriteSpotQueryRepositoryTest    : favoriteSpot = FavoriteSpot(id=500, count=0)
2022-10-10 14:33:47.382  INFO 4460 --- [    Test worker] c.j.r.FavoriteSpotQueryRepositoryTest    : Spot = capstone.jejuTourrecommend.domain.Spot@3a332eed
2022-10-10 14:33:47.382  INFO 4460 --- [    Test worker] p6spy                                    : #1665380027382 | took 0ms | statement | connection 26| url jdbc:h2:mem:ad3a9e80-f26d-4a3e-9691-17f803db5723
call next value for hibernate_sequence
call next value for hibernate_sequence;
2022-10-10 14:33:47.382  INFO 4460 --- [    Test worker] p6spy                                    : #1665380027382 | took 0ms | statement | connection 26| url jdbc:h2:mem:ad3a9e80-f26d-4a3e-9691-17f803db5723
call next value for hibernate_sequence
call next value for hibernate_sequence;
2022-10-10 14:33:47.382  INFO 4460 --- [    Test worker] p6spy                                    : #1665380027382 | took 0ms | statement | connection 26| url jdbc:h2:mem:ad3a9e80-f26d-4a3e-9691-17f803db5723
call next value for hibernate_sequence
call next value for hibernate_sequence;
2022-10-10 14:33:47.382  INFO 4460 --- [    Test worker] p6spy                                    : #1665380027382 | took 0ms | statement | connection 26| url jdbc:h2:mem:ad3a9e80-f26d-4a3e-9691-17f803db5723
call next value for hibernate_sequence
call next value for hibernate_sequence;
2022-10-10 14:33:47.382  INFO 4460 --- [    Test worker] p6spy                                    : #1665380027382 | took 0ms | statement | connection 26| url jdbc:h2:mem:ad3a9e80-f26d-4a3e-9691-17f803db5723
call next value for review_seq
call next value for review_seq;
2022-10-10 14:33:47.382  INFO 4460 --- [    Test worker] p6spy                                    : #1665380027382 | took 0ms | statement | connection 26| url jdbc:h2:mem:ad3a9e80-f26d-4a3e-9691-17f803db5723
call next value for hibernate_sequence
call next value for hibernate_sequence;
2022-10-10 14:33:47.382  INFO 4460 --- [    Test worker] p6spy                                    : #1665380027382 | took 0ms | statement | connection 26| url jdbc:h2:mem:ad3a9e80-f26d-4a3e-9691-17f803db5723
call next value for hibernate_sequence
call next value for hibernate_sequence;
2022-10-10 14:33:47.382  INFO 4460 --- [    Test worker] p6spy                                    : #1665380027382 | took 0ms | statement | connection 26| url jdbc:h2:mem:ad3a9e80-f26d-4a3e-9691-17f803db5723
call next value for hibernate_sequence
call next value for hibernate_sequence;
2022-10-10 14:33:47.382  INFO 4460 --- [    Test worker] p6spy                                    : #1665380027382 | took 0ms | statement | connection 26| url jdbc:h2:mem:ad3a9e80-f26d-4a3e-9691-17f803db5723
call next value for hibernate_sequence
call next value for hibernate_sequence;
2022-10-10 14:33:47.382  INFO 4460 --- [    Test worker] c.j.r.FavoriteSpotQueryRepositoryTest    : favoriteSpot = FavoriteSpot(id=501, count=0)
2022-10-10 14:33:47.382  INFO 4460 --- [    Test worker] c.j.r.FavoriteSpotQueryRepositoryTest    : Spot = capstone.jejuTourrecommend.domain.Spot@43322e52
2022-10-10 14:33:47.382  INFO 4460 --- [    Test worker] p6spy                                    : #1665380027382 | took 0ms | statement | connection 26| url jdbc:h2:mem:ad3a9e80-f26d-4a3e-9691-17f803db5723
call next value for score_seq
call next value for score_seq;
2022-10-10 14:33:47.382  INFO 4460 --- [    Test worker] p6spy                                    : #1665380027382 | took 0ms | statement | connection 26| url jdbc:h2:mem:ad3a9e80-f26d-4a3e-9691-17f803db5723
call next value for hibernate_sequence
call next value for hibernate_sequence;
2022-10-10 14:33:47.382  INFO 4460 --- [    Test worker] p6spy                                    : #1665380027382 | took 0ms | statement | connection 26| url jdbc:h2:mem:ad3a9e80-f26d-4a3e-9691-17f803db5723
call next value for hibernate_sequence
call next value for hibernate_sequence;
2022-10-10 14:33:47.382  INFO 4460 --- [    Test worker] p6spy                                    : #1665380027382 | took 0ms | statement | connection 26| url jdbc:h2:mem:ad3a9e80-f26d-4a3e-9691-17f803db5723
call next value for hibernate_sequence
call next value for hibernate_sequence;
2022-10-10 14:33:47.382  INFO 4460 --- [    Test worker] p6spy                                    : #1665380027382 | took 0ms | statement | connection 26| url jdbc:h2:mem:ad3a9e80-f26d-4a3e-9691-17f803db5723
call next value for hibernate_sequence
call next value for hibernate_sequence;
2022-10-10 14:33:47.382  INFO 4460 --- [    Test worker] p6spy                                    : #1665380027382 | took 0ms | statement | connection 26| url jdbc:h2:mem:ad3a9e80-f26d-4a3e-9691-17f803db5723
call next value for hibernate_sequence
call next value for hibernate_sequence;
2022-10-10 14:33:47.382  INFO 4460 --- [    Test worker] p6spy                                    : #1665380027382 | took 0ms | statement | connection 26| url jdbc:h2:mem:ad3a9e80-f26d-4a3e-9691-17f803db5723
call next value for hibernate_sequence
call next value for hibernate_sequence;
2022-10-10 14:33:47.382  INFO 4460 --- [    Test worker] p6spy                                    : #1665380027382 | took 0ms | statement | connection 26| url jdbc:h2:mem:ad3a9e80-f26d-4a3e-9691-17f803db5723
call next value for hibernate_sequence
call next value for hibernate_sequence;
2022-10-10 14:33:47.382  INFO 4460 --- [    Test worker] p6spy                                    : #1665380027382 | took 0ms | statement | connection 26| url jdbc:h2:mem:ad3a9e80-f26d-4a3e-9691-17f803db5723
call next value for hibernate_sequence
call next value for hibernate_sequence;
2022-10-10 14:33:47.382  INFO 4460 --- [    Test worker] p6spy                                    : #1665380027382 | took 0ms | statement | connection 26| url jdbc:h2:mem:ad3a9e80-f26d-4a3e-9691-17f803db5723
call next value for favoritespot_seq
call next value for favoritespot_seq;
2022-10-10 14:33:47.382  INFO 4460 --- [    Test worker] c.j.r.FavoriteSpotQueryRepositoryTest    : favoriteSpot = FavoriteSpot(id=502, count=0)
2022-10-10 14:33:47.382  INFO 4460 --- [    Test worker] c.j.r.FavoriteSpotQueryRepositoryTest    : Spot = capstone.jejuTourrecommend.domain.Spot@749f075c
2022-10-10 14:33:47.382  INFO 4460 --- [    Test worker] p6spy                                    : #1665380027382 | took 0ms | statement | connection 26| url jdbc:h2:mem:ad3a9e80-f26d-4a3e-9691-17f803db5723
call next value for hibernate_sequence
call next value for hibernate_sequence;
2022-10-10 14:33:47.383  INFO 4460 --- [    Test worker] p6spy                                    : #1665380027383 | took 0ms | statement | connection 26| url jdbc:h2:mem:ad3a9e80-f26d-4a3e-9691-17f803db5723
call next value for hibernate_sequence
call next value for hibernate_sequence;
2022-10-10 14:33:47.383  INFO 4460 --- [    Test worker] p6spy                                    : #1665380027383 | took 0ms | statement | connection 26| url jdbc:h2:mem:ad3a9e80-f26d-4a3e-9691-17f803db5723
call next value for hibernate_sequence
call next value for hibernate_sequence;
2022-10-10 14:33:47.383  INFO 4460 --- [    Test worker] p6spy                                    : #1665380027383 | took 0ms | statement | connection 26| url jdbc:h2:mem:ad3a9e80-f26d-4a3e-9691-17f803db5723
call next value for hibernate_sequence
call next value for hibernate_sequence;
2022-10-10 14:33:47.383  INFO 4460 --- [    Test worker] p6spy                                    : #1665380027383 | took 0ms | statement | connection 26| url jdbc:h2:mem:ad3a9e80-f26d-4a3e-9691-17f803db5723
call next value for hibernate_sequence
call next value for hibernate_sequence;
2022-10-10 14:33:47.383  INFO 4460 --- [    Test worker] p6spy                                    : #1665380027383 | took 0ms | statement | connection 26| url jdbc:h2:mem:ad3a9e80-f26d-4a3e-9691-17f803db5723
call next value for hibernate_sequence
call next value for hibernate_sequence;
2022-10-10 14:33:47.383  INFO 4460 --- [    Test worker] p6spy                                    : #1665380027383 | took 0ms | statement | connection 26| url jdbc:h2:mem:ad3a9e80-f26d-4a3e-9691-17f803db5723
call next value for hibernate_sequence
call next value for hibernate_sequence;
2022-10-10 14:33:47.383  INFO 4460 --- [    Test worker] p6spy                                    : #1665380027383 | took 0ms | statement | connection 26| url jdbc:h2:mem:ad3a9e80-f26d-4a3e-9691-17f803db5723
call next value for hibernate_sequence
call next value for hibernate_sequence;
2022-10-10 14:33:47.383  INFO 4460 --- [    Test worker] c.j.r.FavoriteSpotQueryRepositoryTest    : favoriteSpot = FavoriteSpot(id=503, count=0)
2022-10-10 14:33:47.383  INFO 4460 --- [    Test worker] c.j.r.FavoriteSpotQueryRepositoryTest    : Spot = capstone.jejuTourrecommend.domain.Spot@689a8a67
2022-10-10 14:33:47.383  INFO 4460 --- [    Test worker] p6spy                                    : #1665380027383 | took 0ms | statement | connection 26| url jdbc:h2:mem:ad3a9e80-f26d-4a3e-9691-17f803db5723
call next value for hibernate_sequence
call next value for hibernate_sequence;
2022-10-10 14:33:47.383  INFO 4460 --- [    Test worker] p6spy                                    : #1665380027383 | took 0ms | statement | connection 26| url jdbc:h2:mem:ad3a9e80-f26d-4a3e-9691-17f803db5723
call next value for hibernate_sequence
call next value for hibernate_sequence;
2022-10-10 14:33:47.383  INFO 4460 --- [    Test worker] p6spy                                    : #1665380027383 | took 0ms | statement | connection 26| url jdbc:h2:mem:ad3a9e80-f26d-4a3e-9691-17f803db5723
call next value for hibernate_sequence
call next value for hibernate_sequence;
2022-10-10 14:33:47.383  INFO 4460 --- [    Test worker] p6spy                                    : #1665380027383 | took 0ms | statement | connection 26| url jdbc:h2:mem:ad3a9e80-f26d-4a3e-9691-17f803db5723
call next value for hibernate_sequence
call next value for hibernate_sequence;
2022-10-10 14:33:47.383  INFO 4460 --- [    Test worker] p6spy                                    : #1665380027383 | took 0ms | statement | connection 26| url jdbc:h2:mem:ad3a9e80-f26d-4a3e-9691-17f803db5723
call next value for hibernate_sequence
call next value for hibernate_sequence;
2022-10-10 14:33:47.383  INFO 4460 --- [    Test worker] p6spy                                    : #1665380027383 | took 0ms | statement | connection 26| url jdbc:h2:mem:ad3a9e80-f26d-4a3e-9691-17f803db5723
call next value for hibernate_sequence
call next value for hibernate_sequence;
2022-10-10 14:33:47.383  INFO 4460 --- [    Test worker] p6spy                                    : #1665380027383 | took 0ms | statement | connection 26| url jdbc:h2:mem:ad3a9e80-f26d-4a3e-9691-17f803db5723
call next value for hibernate_sequence
call next value for hibernate_sequence;
2022-10-10 14:33:47.383  INFO 4460 --- [    Test worker] p6spy                                    : #1665380027383 | took 0ms | statement | connection 26| url jdbc:h2:mem:ad3a9e80-f26d-4a3e-9691-17f803db5723
call next value for hibernate_sequence
call next value for hibernate_sequence;
2022-10-10 14:33:47.383  INFO 4460 --- [    Test worker] c.j.r.FavoriteSpotQueryRepositoryTest    : favoriteSpot = FavoriteSpot(id=504, count=0)
2022-10-10 14:33:47.383  INFO 4460 --- [    Test worker] c.j.r.FavoriteSpotQueryRepositoryTest    : Spot = capstone.jejuTourrecommend.domain.Spot@3754e4b2
2022-10-10 14:33:47.383  INFO 4460 --- [    Test worker] p6spy                                    : #1665380027383 | took 0ms | statement | connection 26| url jdbc:h2:mem:ad3a9e80-f26d-4a3e-9691-17f803db5723
call next value for hibernate_sequence
call next value for hibernate_sequence;
2022-10-10 14:33:47.383  INFO 4460 --- [    Test worker] p6spy                                    : #1665380027383 | took 0ms | statement | connection 26| url jdbc:h2:mem:ad3a9e80-f26d-4a3e-9691-17f803db5723
call next value for hibernate_sequence
call next value for hibernate_sequence;
2022-10-10 14:33:47.383  INFO 4460 --- [    Test worker] p6spy                                    : #1665380027383 | took 0ms | statement | connection 26| url jdbc:h2:mem:ad3a9e80-f26d-4a3e-9691-17f803db5723
call next value for hibernate_sequence
call next value for hibernate_sequence;
2022-10-10 14:33:47.383  INFO 4460 --- [    Test worker] p6spy                                    : #1665380027383 | took 0ms | statement | connection 26| url jdbc:h2:mem:ad3a9e80-f26d-4a3e-9691-17f803db5723
call next value for hibernate_sequence
call next value for hibernate_sequence;
2022-10-10 14:33:47.383  INFO 4460 --- [    Test worker] p6spy                                    : #1665380027383 | took 0ms | statement | connection 26| url jdbc:h2:mem:ad3a9e80-f26d-4a3e-9691-17f803db5723
call next value for hibernate_sequence
call next value for hibernate_sequence;
2022-10-10 14:33:47.383  INFO 4460 --- [    Test worker] p6spy                                    : #1665380027383 | took 0ms | statement | connection 26| url jdbc:h2:mem:ad3a9e80-f26d-4a3e-9691-17f803db5723
call next value for hibernate_sequence
call next value for hibernate_sequence;
2022-10-10 14:33:47.383  INFO 4460 --- [    Test worker] p6spy                                    : #1665380027383 | took 0ms | statement | connection 26| url jdbc:h2:mem:ad3a9e80-f26d-4a3e-9691-17f803db5723
call next value for hibernate_sequence
call next value for hibernate_sequence;
2022-10-10 14:33:47.383  INFO 4460 --- [    Test worker] p6spy                                    : #1665380027383 | took 0ms | statement | connection 26| url jdbc:h2:mem:ad3a9e80-f26d-4a3e-9691-17f803db5723
call next value for hibernate_sequence
call next value for hibernate_sequence;
2022-10-10 14:33:47.383  INFO 4460 --- [    Test worker] c.j.r.FavoriteSpotQueryRepositoryTest    : favoriteSpot = FavoriteSpot(id=505, count=0)
2022-10-10 14:33:47.383  INFO 4460 --- [    Test worker] c.j.r.FavoriteSpotQueryRepositoryTest    : Spot = capstone.jejuTourrecommend.domain.Spot@336e6e97
2022-10-10 14:33:47.383  INFO 4460 --- [    Test worker] p6spy                                    : #1665380027383 | took 0ms | statement | connection 26| url jdbc:h2:mem:ad3a9e80-f26d-4a3e-9691-17f803db5723
call next value for hibernate_sequence
call next value for hibernate_sequence;
2022-10-10 14:33:47.383  INFO 4460 --- [    Test worker] p6spy                                    : #1665380027383 | took 0ms | statement | connection 26| url jdbc:h2:mem:ad3a9e80-f26d-4a3e-9691-17f803db5723
call next value for hibernate_sequence
call next value for hibernate_sequence;
2022-10-10 14:33:47.383  INFO 4460 --- [    Test worker] p6spy                                    : #1665380027383 | took 0ms | statement | connection 26| url jdbc:h2:mem:ad3a9e80-f26d-4a3e-9691-17f803db5723
call next value for hibernate_sequence
call next value for hibernate_sequence;
2022-10-10 14:33:47.383  INFO 4460 --- [    Test worker] p6spy                                    : #1665380027383 | took 0ms | statement | connection 26| url jdbc:h2:mem:ad3a9e80-f26d-4a3e-9691-17f803db5723
call next value for hibernate_sequence
call next value for hibernate_sequence;
2022-10-10 14:33:47.383  INFO 4460 --- [    Test worker] p6spy                                    : #1665380027383 | took 0ms | statement | connection 26| url jdbc:h2:mem:ad3a9e80-f26d-4a3e-9691-17f803db5723
call next value for hibernate_sequence
call next value for hibernate_sequence;
2022-10-10 14:33:47.383  INFO 4460 --- [    Test worker] p6spy                                    : #1665380027383 | took 0ms | statement | connection 26| url jdbc:h2:mem:ad3a9e80-f26d-4a3e-9691-17f803db5723
call next value for hibernate_sequence
call next value for hibernate_sequence;
2022-10-10 14:33:47.383  INFO 4460 --- [    Test worker] p6spy                                    : #1665380027383 | took 0ms | statement | connection 26| url jdbc:h2:mem:ad3a9e80-f26d-4a3e-9691-17f803db5723
call next value for hibernate_sequence
call next value for hibernate_sequence;
2022-10-10 14:33:47.383  INFO 4460 --- [    Test worker] p6spy                                    : #1665380027383 | took 0ms | statement | connection 26| url jdbc:h2:mem:ad3a9e80-f26d-4a3e-9691-17f803db5723
call next value for hibernate_sequence
call next value for hibernate_sequence;
2022-10-10 14:33:47.383  INFO 4460 --- [    Test worker] c.j.r.FavoriteSpotQueryRepositoryTest    : favoriteSpot = FavoriteSpot(id=506, count=0)
2022-10-10 14:33:47.383  INFO 4460 --- [    Test worker] c.j.r.FavoriteSpotQueryRepositoryTest    : Spot = capstone.jejuTourrecommend.domain.Spot@1d316ab5
2022-10-10 14:33:47.383  INFO 4460 --- [    Test worker] p6spy                                    : #1665380027383 | took 0ms | statement | connection 26| url jdbc:h2:mem:ad3a9e80-f26d-4a3e-9691-17f803db5723
call next value for hibernate_sequence
call next value for hibernate_sequence;
2022-10-10 14:33:47.384  INFO 4460 --- [    Test worker] p6spy                                    : #1665380027384 | took 0ms | statement | connection 26| url jdbc:h2:mem:ad3a9e80-f26d-4a3e-9691-17f803db5723
call next value for hibernate_sequence
call next value for hibernate_sequence;
2022-10-10 14:33:47.384  INFO 4460 --- [    Test worker] p6spy                                    : #1665380027384 | took 0ms | statement | connection 26| url jdbc:h2:mem:ad3a9e80-f26d-4a3e-9691-17f803db5723
call next value for hibernate_sequence
call next value for hibernate_sequence;
2022-10-10 14:33:47.384  INFO 4460 --- [    Test worker] p6spy                                    : #1665380027384 | took 0ms | statement | connection 26| url jdbc:h2:mem:ad3a9e80-f26d-4a3e-9691-17f803db5723
call next value for hibernate_sequence
call next value for hibernate_sequence;
2022-10-10 14:33:47.384  INFO 4460 --- [    Test worker] p6spy                                    : #1665380027384 | took 0ms | statement | connection 26| url jdbc:h2:mem:ad3a9e80-f26d-4a3e-9691-17f803db5723
call next value for hibernate_sequence
call next value for hibernate_sequence;
2022-10-10 14:33:47.384  INFO 4460 --- [    Test worker] p6spy                                    : #1665380027384 | took 0ms | statement | connection 26| url jdbc:h2:mem:ad3a9e80-f26d-4a3e-9691-17f803db5723
call next value for hibernate_sequence
call next value for hibernate_sequence;
2022-10-10 14:33:47.384  INFO 4460 --- [    Test worker] p6spy                                    : #1665380027384 | took 0ms | statement | connection 26| url jdbc:h2:mem:ad3a9e80-f26d-4a3e-9691-17f803db5723
call next value for hibernate_sequence
call next value for hibernate_sequence;
2022-10-10 14:33:47.384  INFO 4460 --- [    Test worker] p6spy                                    : #1665380027384 | took 0ms | statement | connection 26| url jdbc:h2:mem:ad3a9e80-f26d-4a3e-9691-17f803db5723
call next value for hibernate_sequence
call next value for hibernate_sequence;
2022-10-10 14:33:47.384  INFO 4460 --- [    Test worker] c.j.r.FavoriteSpotQueryRepositoryTest    : favoriteSpot = FavoriteSpot(id=507, count=0)
2022-10-10 14:33:47.384  INFO 4460 --- [    Test worker] c.j.r.FavoriteSpotQueryRepositoryTest    : Spot = capstone.jejuTourrecommend.domain.Spot@8dce4ca
2022-10-10 14:33:47.384  INFO 4460 --- [    Test worker] p6spy                                    : #1665380027384 | took 0ms | statement | connection 26| url jdbc:h2:mem:ad3a9e80-f26d-4a3e-9691-17f803db5723
call next value for hibernate_sequence
call next value for hibernate_sequence;
2022-10-10 14:33:47.384  INFO 4460 --- [    Test worker] p6spy                                    : #1665380027384 | took 0ms | statement | connection 26| url jdbc:h2:mem:ad3a9e80-f26d-4a3e-9691-17f803db5723
call next value for hibernate_sequence
call next value for hibernate_sequence;
2022-10-10 14:33:47.384  INFO 4460 --- [    Test worker] p6spy                                    : #1665380027384 | took 0ms | statement | connection 26| url jdbc:h2:mem:ad3a9e80-f26d-4a3e-9691-17f803db5723
call next value for hibernate_sequence
call next value for hibernate_sequence;
2022-10-10 14:33:47.384  INFO 4460 --- [    Test worker] p6spy                                    : #1665380027384 | took 0ms | statement | connection 26| url jdbc:h2:mem:ad3a9e80-f26d-4a3e-9691-17f803db5723
call next value for hibernate_sequence
call next value for hibernate_sequence;
2022-10-10 14:33:47.384  INFO 4460 --- [    Test worker] p6spy                                    : #1665380027384 | took 0ms | statement | connection 26| url jdbc:h2:mem:ad3a9e80-f26d-4a3e-9691-17f803db5723
call next value for hibernate_sequence
call next value for hibernate_sequence;
2022-10-10 14:33:47.384  INFO 4460 --- [    Test worker] p6spy                                    : #1665380027384 | took 0ms | statement | connection 26| url jdbc:h2:mem:ad3a9e80-f26d-4a3e-9691-17f803db5723
call next value for hibernate_sequence
call next value for hibernate_sequence;
2022-10-10 14:33:47.384  INFO 4460 --- [    Test worker] p6spy                                    : #1665380027384 | took 0ms | statement | connection 26| url jdbc:h2:mem:ad3a9e80-f26d-4a3e-9691-17f803db5723
call next value for hibernate_sequence
call next value for hibernate_sequence;
2022-10-10 14:33:47.384  INFO 4460 --- [    Test worker] p6spy                                    : #1665380027384 | took 0ms | statement | connection 26| url jdbc:h2:mem:ad3a9e80-f26d-4a3e-9691-17f803db5723
call next value for hibernate_sequence
call next value for hibernate_sequence;
2022-10-10 14:33:47.384  INFO 4460 --- [    Test worker] c.j.r.FavoriteSpotQueryRepositoryTest    : favoriteSpot = FavoriteSpot(id=508, count=0)
2022-10-10 14:33:47.384  INFO 4460 --- [    Test worker] c.j.r.FavoriteSpotQueryRepositoryTest    : Spot = capstone.jejuTourrecommend.domain.Spot@b8471c9
2022-10-10 14:33:47.384  INFO 4460 --- [    Test worker] p6spy                                    : #1665380027384 | took 0ms | statement | connection 26| url jdbc:h2:mem:ad3a9e80-f26d-4a3e-9691-17f803db5723
call next value for hibernate_sequence
call next value for hibernate_sequence;
2022-10-10 14:33:47.384  INFO 4460 --- [    Test worker] p6spy                                    : #1665380027384 | took 0ms | statement | connection 26| url jdbc:h2:mem:ad3a9e80-f26d-4a3e-9691-17f803db5723
call next value for hibernate_sequence
call next value for hibernate_sequence;
2022-10-10 14:33:47.384  INFO 4460 --- [    Test worker] p6spy                                    : #1665380027384 | took 0ms | statement | connection 26| url jdbc:h2:mem:ad3a9e80-f26d-4a3e-9691-17f803db5723
call next value for hibernate_sequence
call next value for hibernate_sequence;
2022-10-10 14:33:47.384  INFO 4460 --- [    Test worker] p6spy                                    : #1665380027384 | took 0ms | statement | connection 26| url jdbc:h2:mem:ad3a9e80-f26d-4a3e-9691-17f803db5723
call next value for hibernate_sequence
call next value for hibernate_sequence;
2022-10-10 14:33:47.384  INFO 4460 --- [    Test worker] p6spy                                    : #1665380027384 | took 0ms | statement | connection 26| url jdbc:h2:mem:ad3a9e80-f26d-4a3e-9691-17f803db5723
call next value for hibernate_sequence
call next value for hibernate_sequence;
2022-10-10 14:33:47.384  INFO 4460 --- [    Test worker] p6spy                                    : #1665380027384 | took 0ms | statement | connection 26| url jdbc:h2:mem:ad3a9e80-f26d-4a3e-9691-17f803db5723
call next value for hibernate_sequence
call next value for hibernate_sequence;
2022-10-10 14:33:47.384  INFO 4460 --- [    Test worker] p6spy                                    : #1665380027384 | took 0ms | statement | connection 26| url jdbc:h2:mem:ad3a9e80-f26d-4a3e-9691-17f803db5723
call next value for hibernate_sequence
call next value for hibernate_sequence;
2022-10-10 14:33:47.384  INFO 4460 --- [    Test worker] p6spy                                    : #1665380027384 | took 0ms | statement | connection 26| url jdbc:h2:mem:ad3a9e80-f26d-4a3e-9691-17f803db5723
call next value for hibernate_sequence
call next value for hibernate_sequence;
2022-10-10 14:33:47.384  INFO 4460 --- [    Test worker] c.j.r.FavoriteSpotQueryRepositoryTest    : favoriteSpot = FavoriteSpot(id=509, count=0)
2022-10-10 14:33:47.384  INFO 4460 --- [    Test worker] c.j.r.FavoriteSpotQueryRepositoryTest    : Spot = capstone.jejuTourrecommend.domain.Spot@2e03cb6a
2022-10-10 14:33:47.384  INFO 4460 --- [    Test worker] p6spy                                    : #1665380027384 | took 0ms | statement | connection 26| url jdbc:h2:mem:ad3a9e80-f26d-4a3e-9691-17f803db5723
call next value for hibernate_sequence
call next value for hibernate_sequence;
2022-10-10 14:33:47.384  INFO 4460 --- [    Test worker] p6spy                                    : #1665380027384 | took 0ms | statement | connection 26| url jdbc:h2:mem:ad3a9e80-f26d-4a3e-9691-17f803db5723
call next value for hibernate_sequence
call next value for hibernate_sequence;
2022-10-10 14:33:47.384  INFO 4460 --- [    Test worker] p6spy                                    : #1665380027384 | took 0ms | statement | connection 26| url jdbc:h2:mem:ad3a9e80-f26d-4a3e-9691-17f803db5723
call next value for hibernate_sequence
call next value for hibernate_sequence;
2022-10-10 14:33:47.384  INFO 4460 --- [    Test worker] p6spy                                    : #1665380027384 | took 0ms | statement | connection 26| url jdbc:h2:mem:ad3a9e80-f26d-4a3e-9691-17f803db5723
call next value for hibernate_sequence
call next value for hibernate_sequence;
2022-10-10 14:33:47.384  INFO 4460 --- [    Test worker] p6spy                                    : #1665380027384 | took 0ms | statement | connection 26| url jdbc:h2:mem:ad3a9e80-f26d-4a3e-9691-17f803db5723
call next value for hibernate_sequence
call next value for hibernate_sequence;
2022-10-10 14:33:47.384  INFO 4460 --- [    Test worker] p6spy                                    : #1665380027384 | took 0ms | statement | connection 26| url jdbc:h2:mem:ad3a9e80-f26d-4a3e-9691-17f803db5723
call next value for hibernate_sequence
call next value for hibernate_sequence;
2022-10-10 14:33:47.384  INFO 4460 --- [    Test worker] p6spy                                    : #1665380027384 | took 0ms | statement | connection 26| url jdbc:h2:mem:ad3a9e80-f26d-4a3e-9691-17f803db5723
call next value for hibernate_sequence
call next value for hibernate_sequence;
2022-10-10 14:33:47.384  INFO 4460 --- [    Test worker] p6spy                                    : #1665380027384 | took 0ms | statement | connection 26| url jdbc:h2:mem:ad3a9e80-f26d-4a3e-9691-17f803db5723
call next value for hibernate_sequence
call next value for hibernate_sequence;
2022-10-10 14:33:47.385  INFO 4460 --- [    Test worker] c.j.r.FavoriteSpotQueryRepositoryTest    : favoriteSpot = FavoriteSpot(id=510, count=0)
2022-10-10 14:33:47.385  INFO 4460 --- [    Test worker] c.j.r.FavoriteSpotQueryRepositoryTest    : Spot = capstone.jejuTourrecommend.domain.Spot@5d1416ce
2022-10-10 14:33:47.385  INFO 4460 --- [    Test worker] p6spy                                    : #1665380027385 | took 0ms | statement | connection 26| url jdbc:h2:mem:ad3a9e80-f26d-4a3e-9691-17f803db5723
call next value for hibernate_sequence
call next value for hibernate_sequence;
2022-10-10 14:33:47.385  INFO 4460 --- [    Test worker] p6spy                                    : #1665380027385 | took 0ms | statement | connection 26| url jdbc:h2:mem:ad3a9e80-f26d-4a3e-9691-17f803db5723
call next value for hibernate_sequence
call next value for hibernate_sequence;
2022-10-10 14:33:47.385  INFO 4460 --- [    Test worker] p6spy                                    : #1665380027385 | took 0ms | statement | connection 26| url jdbc:h2:mem:ad3a9e80-f26d-4a3e-9691-17f803db5723
call next value for hibernate_sequence
call next value for hibernate_sequence;
2022-10-10 14:33:47.385  INFO 4460 --- [    Test worker] p6spy                                    : #1665380027385 | took 0ms | statement | connection 26| url jdbc:h2:mem:ad3a9e80-f26d-4a3e-9691-17f803db5723
call next value for hibernate_sequence
call next value for hibernate_sequence;
2022-10-10 14:33:47.385  INFO 4460 --- [    Test worker] p6spy                                    : #1665380027385 | took 0ms | statement | connection 26| url jdbc:h2:mem:ad3a9e80-f26d-4a3e-9691-17f803db5723
call next value for hibernate_sequence
call next value for hibernate_sequence;
2022-10-10 14:33:47.385  INFO 4460 --- [    Test worker] p6spy                                    : #1665380027385 | took 0ms | statement | connection 26| url jdbc:h2:mem:ad3a9e80-f26d-4a3e-9691-17f803db5723
call next value for hibernate_sequence
call next value for hibernate_sequence;
2022-10-10 14:33:47.385  INFO 4460 --- [    Test worker] p6spy                                    : #1665380027385 | took 0ms | statement | connection 26| url jdbc:h2:mem:ad3a9e80-f26d-4a3e-9691-17f803db5723
call next value for hibernate_sequence
call next value for hibernate_sequence;
2022-10-10 14:33:47.385  INFO 4460 --- [    Test worker] p6spy                                    : #1665380027385 | took 0ms | statement | connection 26| url jdbc:h2:mem:ad3a9e80-f26d-4a3e-9691-17f803db5723
call next value for hibernate_sequence
call next value for hibernate_sequence;
2022-10-10 14:33:47.385  INFO 4460 --- [    Test worker] c.j.r.FavoriteSpotQueryRepositoryTest    : favoriteSpot = FavoriteSpot(id=511, count=0)
2022-10-10 14:33:47.385  INFO 4460 --- [    Test worker] c.j.r.FavoriteSpotQueryRepositoryTest    : Spot = capstone.jejuTourrecommend.domain.Spot@4e79d1fd
2022-10-10 14:33:47.385  INFO 4460 --- [    Test worker] p6spy                                    : #1665380027385 | took 0ms | statement | connection 26| url jdbc:h2:mem:ad3a9e80-f26d-4a3e-9691-17f803db5723
call next value for hibernate_sequence
call next value for hibernate_sequence;
2022-10-10 14:33:47.385  INFO 4460 --- [    Test worker] p6spy                                    : #1665380027385 | took 0ms | statement | connection 26| url jdbc:h2:mem:ad3a9e80-f26d-4a3e-9691-17f803db5723
call next value for hibernate_sequence
call next value for hibernate_sequence;
2022-10-10 14:33:47.385  INFO 4460 --- [    Test worker] p6spy                                    : #1665380027385 | took 0ms | statement | connection 26| url jdbc:h2:mem:ad3a9e80-f26d-4a3e-9691-17f803db5723
call next value for hibernate_sequence
call next value for hibernate_sequence;
2022-10-10 14:33:47.385  INFO 4460 --- [    Test worker] p6spy                                    : #1665380027385 | took 0ms | statement | connection 26| url jdbc:h2:mem:ad3a9e80-f26d-4a3e-9691-17f803db5723
call next value for hibernate_sequence
call next value for hibernate_sequence;
2022-10-10 14:33:47.385  INFO 4460 --- [    Test worker] p6spy                                    : #1665380027385 | took 0ms | statement | connection 26| url jdbc:h2:mem:ad3a9e80-f26d-4a3e-9691-17f803db5723
call next value for hibernate_sequence
call next value for hibernate_sequence;
2022-10-10 14:33:47.385  INFO 4460 --- [    Test worker] p6spy                                    : #1665380027385 | took 0ms | statement | connection 26| url jdbc:h2:mem:ad3a9e80-f26d-4a3e-9691-17f803db5723
call next value for hibernate_sequence
call next value for hibernate_sequence;
2022-10-10 14:33:47.385  INFO 4460 --- [    Test worker] p6spy                                    : #1665380027385 | took 0ms | statement | connection 26| url jdbc:h2:mem:ad3a9e80-f26d-4a3e-9691-17f803db5723
call next value for hibernate_sequence
call next value for hibernate_sequence;
2022-10-10 14:33:47.385  INFO 4460 --- [    Test worker] p6spy                                    : #1665380027385 | took 0ms | statement | connection 26| url jdbc:h2:mem:ad3a9e80-f26d-4a3e-9691-17f803db5723
call next value for hibernate_sequence
call next value for hibernate_sequence;
2022-10-10 14:33:47.385  INFO 4460 --- [    Test worker] c.j.r.FavoriteSpotQueryRepositoryTest    : favoriteSpot = FavoriteSpot(id=512, count=0)
2022-10-10 14:33:47.385  INFO 4460 --- [    Test worker] c.j.r.FavoriteSpotQueryRepositoryTest    : Spot = capstone.jejuTourrecommend.domain.Spot@50c618fc
2022-10-10 14:33:47.385  INFO 4460 --- [    Test worker] p6spy                                    : #1665380027385 | took 0ms | statement | connection 26| url jdbc:h2:mem:ad3a9e80-f26d-4a3e-9691-17f803db5723
call next value for hibernate_sequence
call next value for hibernate_sequence;
2022-10-10 14:33:47.385  INFO 4460 --- [    Test worker] p6spy                                    : #1665380027385 | took 0ms | statement | connection 26| url jdbc:h2:mem:ad3a9e80-f26d-4a3e-9691-17f803db5723
call next value for hibernate_sequence
call next value for hibernate_sequence;
2022-10-10 14:33:47.385  INFO 4460 --- [    Test worker] p6spy                                    : #1665380027385 | took 0ms | statement | connection 26| url jdbc:h2:mem:ad3a9e80-f26d-4a3e-9691-17f803db5723
call next value for hibernate_sequence
call next value for hibernate_sequence;
2022-10-10 14:33:47.385  INFO 4460 --- [    Test worker] p6spy                                    : #1665380027385 | took 0ms | statement | connection 26| url jdbc:h2:mem:ad3a9e80-f26d-4a3e-9691-17f803db5723
call next value for hibernate_sequence
call next value for hibernate_sequence;
2022-10-10 14:33:47.385  INFO 4460 --- [    Test worker] p6spy                                    : #1665380027385 | took 0ms | statement | connection 26| url jdbc:h2:mem:ad3a9e80-f26d-4a3e-9691-17f803db5723
call next value for hibernate_sequence
call next value for hibernate_sequence;
2022-10-10 14:33:47.385  INFO 4460 --- [    Test worker] p6spy                                    : #1665380027385 | took 0ms | statement | connection 26| url jdbc:h2:mem:ad3a9e80-f26d-4a3e-9691-17f803db5723
call next value for hibernate_sequence
call next value for hibernate_sequence;
2022-10-10 14:33:47.385  INFO 4460 --- [    Test worker] p6spy                                    : #1665380027385 | took 0ms | statement | connection 26| url jdbc:h2:mem:ad3a9e80-f26d-4a3e-9691-17f803db5723
call next value for hibernate_sequence
call next value for hibernate_sequence;
2022-10-10 14:33:47.385  INFO 4460 --- [    Test worker] p6spy                                    : #1665380027385 | took 0ms | statement | connection 26| url jdbc:h2:mem:ad3a9e80-f26d-4a3e-9691-17f803db5723
call next value for hibernate_sequence
call next value for hibernate_sequence;
2022-10-10 14:33:47.385  INFO 4460 --- [    Test worker] c.j.r.FavoriteSpotQueryRepositoryTest    : favoriteSpot = FavoriteSpot(id=513, count=0)
2022-10-10 14:33:47.385  INFO 4460 --- [    Test worker] c.j.r.FavoriteSpotQueryRepositoryTest    : Spot = capstone.jejuTourrecommend.domain.Spot@6b62d8c1
2022-10-10 14:33:47.385  INFO 4460 --- [    Test worker] p6spy                                    : #1665380027385 | took 0ms | statement | connection 26| url jdbc:h2:mem:ad3a9e80-f26d-4a3e-9691-17f803db5723
call next value for hibernate_sequence
call next value for hibernate_sequence;
2022-10-10 14:33:47.385  INFO 4460 --- [    Test worker] p6spy                                    : #1665380027385 | took 0ms | statement | connection 26| url jdbc:h2:mem:ad3a9e80-f26d-4a3e-9691-17f803db5723
call next value for hibernate_sequence
call next value for hibernate_sequence;
2022-10-10 14:33:47.385  INFO 4460 --- [    Test worker] p6spy                                    : #1665380027385 | took 0ms | statement | connection 26| url jdbc:h2:mem:ad3a9e80-f26d-4a3e-9691-17f803db5723
call next value for hibernate_sequence
call next value for hibernate_sequence;
2022-10-10 14:33:47.385  INFO 4460 --- [    Test worker] p6spy                                    : #1665380027385 | took 0ms | statement | connection 26| url jdbc:h2:mem:ad3a9e80-f26d-4a3e-9691-17f803db5723
call next value for hibernate_sequence
call next value for hibernate_sequence;
2022-10-10 14:33:47.385  INFO 4460 --- [    Test worker] p6spy                                    : #1665380027385 | took 0ms | statement | connection 26| url jdbc:h2:mem:ad3a9e80-f26d-4a3e-9691-17f803db5723
call next value for hibernate_sequence
call next value for hibernate_sequence;
2022-10-10 14:33:47.385  INFO 4460 --- [    Test worker] p6spy                                    : #1665380027385 | took 0ms | statement | connection 26| url jdbc:h2:mem:ad3a9e80-f26d-4a3e-9691-17f803db5723
call next value for hibernate_sequence
call next value for hibernate_sequence;
2022-10-10 14:33:47.385  INFO 4460 --- [    Test worker] p6spy                                    : #1665380027385 | took 0ms | statement | connection 26| url jdbc:h2:mem:ad3a9e80-f26d-4a3e-9691-17f803db5723
call next value for hibernate_sequence
call next value for hibernate_sequence;
2022-10-10 14:33:47.385  INFO 4460 --- [    Test worker] p6spy                                    : #1665380027385 | took 0ms | statement | connection 26| url jdbc:h2:mem:ad3a9e80-f26d-4a3e-9691-17f803db5723
call next value for hibernate_sequence
call next value for hibernate_sequence;
2022-10-10 14:33:47.385  INFO 4460 --- [    Test worker] c.j.r.FavoriteSpotQueryRepositoryTest    : favoriteSpot = FavoriteSpot(id=514, count=0)
2022-10-10 14:33:47.385  INFO 4460 --- [    Test worker] c.j.r.FavoriteSpotQueryRepositoryTest    : Spot = capstone.jejuTourrecommend.domain.Spot@618b11f0
2022-10-10 14:33:47.386  INFO 4460 --- [    Test worker] p6spy                                    : #1665380027386 | took 0ms | statement | connection 26| url jdbc:h2:mem:ad3a9e80-f26d-4a3e-9691-17f803db5723
call next value for hibernate_sequence
call next value for hibernate_sequence;
2022-10-10 14:33:47.386  INFO 4460 --- [    Test worker] p6spy                                    : #1665380027386 | took 0ms | statement | connection 26| url jdbc:h2:mem:ad3a9e80-f26d-4a3e-9691-17f803db5723
call next value for hibernate_sequence
call next value for hibernate_sequence;
2022-10-10 14:33:47.386  INFO 4460 --- [    Test worker] p6spy                                    : #1665380027386 | took 0ms | statement | connection 26| url jdbc:h2:mem:ad3a9e80-f26d-4a3e-9691-17f803db5723
call next value for hibernate_sequence
call next value for hibernate_sequence;
2022-10-10 14:33:47.386  INFO 4460 --- [    Test worker] p6spy                                    : #1665380027386 | took 0ms | statement | connection 26| url jdbc:h2:mem:ad3a9e80-f26d-4a3e-9691-17f803db5723
call next value for hibernate_sequence
call next value for hibernate_sequence;
2022-10-10 14:33:47.386  INFO 4460 --- [    Test worker] p6spy                                    : #1665380027386 | took 0ms | statement | connection 26| url jdbc:h2:mem:ad3a9e80-f26d-4a3e-9691-17f803db5723
call next value for hibernate_sequence
call next value for hibernate_sequence;
2022-10-10 14:33:47.386  INFO 4460 --- [    Test worker] p6spy                                    : #1665380027386 | took 0ms | statement | connection 26| url jdbc:h2:mem:ad3a9e80-f26d-4a3e-9691-17f803db5723
call next value for hibernate_sequence
call next value for hibernate_sequence;
2022-10-10 14:33:47.386  INFO 4460 --- [    Test worker] p6spy                                    : #1665380027386 | took 0ms | statement | connection 26| url jdbc:h2:mem:ad3a9e80-f26d-4a3e-9691-17f803db5723
call next value for hibernate_sequence
call next value for hibernate_sequence;
2022-10-10 14:33:47.386  INFO 4460 --- [    Test worker] p6spy                                    : #1665380027386 | took 0ms | statement | connection 26| url jdbc:h2:mem:ad3a9e80-f26d-4a3e-9691-17f803db5723
call next value for hibernate_sequence
call next value for hibernate_sequence;
2022-10-10 14:33:47.386  INFO 4460 --- [    Test worker] c.j.r.FavoriteSpotQueryRepositoryTest    : favoriteSpot = FavoriteSpot(id=515, count=0)
2022-10-10 14:33:47.386  INFO 4460 --- [    Test worker] c.j.r.FavoriteSpotQueryRepositoryTest    : Spot = capstone.jejuTourrecommend.domain.Spot@578deaa5
2022-10-10 14:33:47.386  INFO 4460 --- [    Test worker] p6spy                                    : #1665380027386 | took 0ms | statement | connection 26| url jdbc:h2:mem:ad3a9e80-f26d-4a3e-9691-17f803db5723
call next value for hibernate_sequence
call next value for hibernate_sequence;
2022-10-10 14:33:47.386  INFO 4460 --- [    Test worker] p6spy                                    : #1665380027386 | took 0ms | statement | connection 26| url jdbc:h2:mem:ad3a9e80-f26d-4a3e-9691-17f803db5723
call next value for hibernate_sequence
call next value for hibernate_sequence;
2022-10-10 14:33:47.386  INFO 4460 --- [    Test worker] p6spy                                    : #1665380027386 | took 0ms | statement | connection 26| url jdbc:h2:mem:ad3a9e80-f26d-4a3e-9691-17f803db5723
call next value for hibernate_sequence
call next value for hibernate_sequence;
2022-10-10 14:33:47.386  INFO 4460 --- [    Test worker] p6spy                                    : #1665380027386 | took 0ms | statement | connection 26| url jdbc:h2:mem:ad3a9e80-f26d-4a3e-9691-17f803db5723
call next value for hibernate_sequence
call next value for hibernate_sequence;
2022-10-10 14:33:47.386  INFO 4460 --- [    Test worker] p6spy                                    : #1665380027386 | took 0ms | statement | connection 26| url jdbc:h2:mem:ad3a9e80-f26d-4a3e-9691-17f803db5723
call next value for hibernate_sequence
call next value for hibernate_sequence;
2022-10-10 14:33:47.386  INFO 4460 --- [    Test worker] p6spy                                    : #1665380027386 | took 0ms | statement | connection 26| url jdbc:h2:mem:ad3a9e80-f26d-4a3e-9691-17f803db5723
call next value for hibernate_sequence
call next value for hibernate_sequence;
2022-10-10 14:33:47.386  INFO 4460 --- [    Test worker] p6spy                                    : #1665380027386 | took 0ms | statement | connection 26| url jdbc:h2:mem:ad3a9e80-f26d-4a3e-9691-17f803db5723
call next value for hibernate_sequence
call next value for hibernate_sequence;
2022-10-10 14:33:47.386  INFO 4460 --- [    Test worker] p6spy                                    : #1665380027386 | took 0ms | statement | connection 26| url jdbc:h2:mem:ad3a9e80-f26d-4a3e-9691-17f803db5723
call next value for hibernate_sequence
call next value for hibernate_sequence;
2022-10-10 14:33:47.386  INFO 4460 --- [    Test worker] c.j.r.FavoriteSpotQueryRepositoryTest    : favoriteSpot = FavoriteSpot(id=516, count=0)
2022-10-10 14:33:47.386  INFO 4460 --- [    Test worker] c.j.r.FavoriteSpotQueryRepositoryTest    : Spot = capstone.jejuTourrecommend.domain.Spot@7db4dd3f
2022-10-10 14:33:47.386  INFO 4460 --- [    Test worker] p6spy                                    : #1665380027386 | took 0ms | statement | connection 26| url jdbc:h2:mem:ad3a9e80-f26d-4a3e-9691-17f803db5723
call next value for hibernate_sequence
call next value for hibernate_sequence;
2022-10-10 14:33:47.386  INFO 4460 --- [    Test worker] p6spy                                    : #1665380027386 | took 0ms | statement | connection 26| url jdbc:h2:mem:ad3a9e80-f26d-4a3e-9691-17f803db5723
call next value for hibernate_sequence
call next value for hibernate_sequence;
2022-10-10 14:33:47.386  INFO 4460 --- [    Test worker] p6spy                                    : #1665380027386 | took 0ms | statement | connection 26| url jdbc:h2:mem:ad3a9e80-f26d-4a3e-9691-17f803db5723
call next value for hibernate_sequence
call next value for hibernate_sequence;
2022-10-10 14:33:47.386  INFO 4460 --- [    Test worker] p6spy                                    : #1665380027386 | took 0ms | statement | connection 26| url jdbc:h2:mem:ad3a9e80-f26d-4a3e-9691-17f803db5723
call next value for hibernate_sequence
call next value for hibernate_sequence;
2022-10-10 14:33:47.386  INFO 4460 --- [    Test worker] p6spy                                    : #1665380027386 | took 0ms | statement | connection 26| url jdbc:h2:mem:ad3a9e80-f26d-4a3e-9691-17f803db5723
call next value for hibernate_sequence
call next value for hibernate_sequence;
2022-10-10 14:33:47.386  INFO 4460 --- [    Test worker] p6spy                                    : #1665380027386 | took 0ms | statement | connection 26| url jdbc:h2:mem:ad3a9e80-f26d-4a3e-9691-17f803db5723
call next value for hibernate_sequence
call next value for hibernate_sequence;
2022-10-10 14:33:47.386  INFO 4460 --- [    Test worker] p6spy                                    : #1665380027386 | took 0ms | statement | connection 26| url jdbc:h2:mem:ad3a9e80-f26d-4a3e-9691-17f803db5723
call next value for hibernate_sequence
call next value for hibernate_sequence;
2022-10-10 14:33:47.386  INFO 4460 --- [    Test worker] p6spy                                    : #1665380027386 | took 0ms | statement | connection 26| url jdbc:h2:mem:ad3a9e80-f26d-4a3e-9691-17f803db5723
call next value for hibernate_sequence
call next value for hibernate_sequence;
2022-10-10 14:33:47.386  INFO 4460 --- [    Test worker] c.j.r.FavoriteSpotQueryRepositoryTest    : favoriteSpot = FavoriteSpot(id=517, count=0)
2022-10-10 14:33:47.386  INFO 4460 --- [    Test worker] c.j.r.FavoriteSpotQueryRepositoryTest    : Spot = capstone.jejuTourrecommend.domain.Spot@49defb82
2022-10-10 14:33:47.386  INFO 4460 --- [    Test worker] p6spy                                    : #1665380027386 | took 0ms | statement | connection 26| url jdbc:h2:mem:ad3a9e80-f26d-4a3e-9691-17f803db5723
call next value for hibernate_sequence
call next value for hibernate_sequence;
2022-10-10 14:33:47.387  INFO 4460 --- [    Test worker] p6spy                                    : #1665380027387 | took 0ms | statement | connection 26| url jdbc:h2:mem:ad3a9e80-f26d-4a3e-9691-17f803db5723
call next value for hibernate_sequence
call next value for hibernate_sequence;
2022-10-10 14:33:47.387  INFO 4460 --- [    Test worker] p6spy                                    : #1665380027387 | took 0ms | statement | connection 26| url jdbc:h2:mem:ad3a9e80-f26d-4a3e-9691-17f803db5723
call next value for hibernate_sequence
call next value for hibernate_sequence;
2022-10-10 14:33:47.387  INFO 4460 --- [    Test worker] p6spy                                    : #1665380027387 | took 0ms | statement | connection 26| url jdbc:h2:mem:ad3a9e80-f26d-4a3e-9691-17f803db5723
call next value for hibernate_sequence
call next value for hibernate_sequence;
2022-10-10 14:33:47.387  INFO 4460 --- [    Test worker] p6spy                                    : #1665380027387 | took 0ms | statement | connection 26| url jdbc:h2:mem:ad3a9e80-f26d-4a3e-9691-17f803db5723
call next value for hibernate_sequence
call next value for hibernate_sequence;
2022-10-10 14:33:47.387  INFO 4460 --- [    Test worker] p6spy                                    : #1665380027387 | took 0ms | statement | connection 26| url jdbc:h2:mem:ad3a9e80-f26d-4a3e-9691-17f803db5723
call next value for hibernate_sequence
call next value for hibernate_sequence;
2022-10-10 14:33:47.387  INFO 4460 --- [    Test worker] p6spy                                    : #1665380027387 | took 0ms | statement | connection 26| url jdbc:h2:mem:ad3a9e80-f26d-4a3e-9691-17f803db5723
call next value for hibernate_sequence
call next value for hibernate_sequence;
2022-10-10 14:33:47.387  INFO 4460 --- [    Test worker] p6spy                                    : #1665380027387 | took 0ms | statement | connection 26| url jdbc:h2:mem:ad3a9e80-f26d-4a3e-9691-17f803db5723
call next value for hibernate_sequence
call next value for hibernate_sequence;
2022-10-10 14:33:47.387  INFO 4460 --- [    Test worker] c.j.r.FavoriteSpotQueryRepositoryTest    : favoriteSpot = FavoriteSpot(id=518, count=0)
2022-10-10 14:33:47.387  INFO 4460 --- [    Test worker] c.j.r.FavoriteSpotQueryRepositoryTest    : Spot = capstone.jejuTourrecommend.domain.Spot@70bc4941
2022-10-10 14:33:47.387  INFO 4460 --- [    Test worker] p6spy                                    : #1665380027387 | took 0ms | statement | connection 26| url jdbc:h2:mem:ad3a9e80-f26d-4a3e-9691-17f803db5723
call next value for hibernate_sequence
call next value for hibernate_sequence;
2022-10-10 14:33:47.387  INFO 4460 --- [    Test worker] p6spy                                    : #1665380027387 | took 0ms | statement | connection 26| url jdbc:h2:mem:ad3a9e80-f26d-4a3e-9691-17f803db5723
call next value for hibernate_sequence
call next value for hibernate_sequence;
2022-10-10 14:33:47.387  INFO 4460 --- [    Test worker] p6spy                                    : #1665380027387 | took 0ms | statement | connection 26| url jdbc:h2:mem:ad3a9e80-f26d-4a3e-9691-17f803db5723
call next value for hibernate_sequence
call next value for hibernate_sequence;
2022-10-10 14:33:47.387  INFO 4460 --- [    Test worker] p6spy                                    : #1665380027387 | took 0ms | statement | connection 26| url jdbc:h2:mem:ad3a9e80-f26d-4a3e-9691-17f803db5723
call next value for spot_seq
call next value for spot_seq;
2022-10-10 14:33:47.387  INFO 4460 --- [    Test worker] p6spy                                    : #1665380027387 | took 0ms | statement | connection 26| url jdbc:h2:mem:ad3a9e80-f26d-4a3e-9691-17f803db5723
call next value for hibernate_sequence
call next value for hibernate_sequence;
2022-10-10 14:33:47.387  INFO 4460 --- [    Test worker] p6spy                                    : #1665380027387 | took 0ms | statement | connection 26| url jdbc:h2:mem:ad3a9e80-f26d-4a3e-9691-17f803db5723
call next value for hibernate_sequence
call next value for hibernate_sequence;
2022-10-10 14:33:47.387  INFO 4460 --- [    Test worker] p6spy                                    : #1665380027387 | took 0ms | statement | connection 26| url jdbc:h2:mem:ad3a9e80-f26d-4a3e-9691-17f803db5723
call next value for hibernate_sequence
call next value for hibernate_sequence;
2022-10-10 14:33:47.387  INFO 4460 --- [    Test worker] p6spy                                    : #1665380027387 | took 0ms | statement | connection 26| url jdbc:h2:mem:ad3a9e80-f26d-4a3e-9691-17f803db5723
call next value for hibernate_sequence
call next value for hibernate_sequence;
2022-10-10 14:33:47.387  INFO 4460 --- [    Test worker] p6spy                                    : #1665380027387 | took 0ms | statement | connection 26| url jdbc:h2:mem:ad3a9e80-f26d-4a3e-9691-17f803db5723
call next value for hibernate_sequence
call next value for hibernate_sequence;
2022-10-10 14:33:47.387  INFO 4460 --- [    Test worker] c.j.r.FavoriteSpotQueryRepositoryTest    : favoriteSpot = FavoriteSpot(id=519, count=0)
2022-10-10 14:33:47.387  INFO 4460 --- [    Test worker] c.j.r.FavoriteSpotQueryRepositoryTest    : Spot = capstone.jejuTourrecommend.domain.Spot@50db8192
2022-10-10 14:33:47.387  INFO 4460 --- [    Test worker] p6spy                                    : #1665380027387 | took 0ms | statement | connection 26| url jdbc:h2:mem:ad3a9e80-f26d-4a3e-9691-17f803db5723
call next value for hibernate_sequence
call next value for hibernate_sequence;
2022-10-10 14:33:47.387  INFO 4460 --- [    Test worker] p6spy                                    : #1665380027387 | took 0ms | statement | connection 26| url jdbc:h2:mem:ad3a9e80-f26d-4a3e-9691-17f803db5723
call next value for hibernate_sequence
call next value for hibernate_sequence;
2022-10-10 14:33:47.387  INFO 4460 --- [    Test worker] p6spy                                    : #1665380027387 | took 0ms | statement | connection 26| url jdbc:h2:mem:ad3a9e80-f26d-4a3e-9691-17f803db5723
call next value for hibernate_sequence
call next value for hibernate_sequence;
2022-10-10 14:33:47.387  INFO 4460 --- [    Test worker] p6spy                                    : #1665380027387 | took 0ms | statement | connection 26| url jdbc:h2:mem:ad3a9e80-f26d-4a3e-9691-17f803db5723
call next value for hibernate_sequence
call next value for hibernate_sequence;
2022-10-10 14:33:47.387  INFO 4460 --- [    Test worker] p6spy                                    : #1665380027387 | took 0ms | statement | connection 26| url jdbc:h2:mem:ad3a9e80-f26d-4a3e-9691-17f803db5723
call next value for hibernate_sequence
call next value for hibernate_sequence;
2022-10-10 14:33:47.387  INFO 4460 --- [    Test worker] p6spy                                    : #1665380027387 | took 0ms | statement | connection 26| url jdbc:h2:mem:ad3a9e80-f26d-4a3e-9691-17f803db5723
call next value for hibernate_sequence
call next value for hibernate_sequence;
2022-10-10 14:33:47.387  INFO 4460 --- [    Test worker] p6spy                                    : #1665380027387 | took 0ms | statement | connection 26| url jdbc:h2:mem:ad3a9e80-f26d-4a3e-9691-17f803db5723
call next value for hibernate_sequence
call next value for hibernate_sequence;
2022-10-10 14:33:47.387  INFO 4460 --- [    Test worker] p6spy                                    : #1665380027387 | took 0ms | statement | connection 26| url jdbc:h2:mem:ad3a9e80-f26d-4a3e-9691-17f803db5723
call next value for hibernate_sequence
call next value for hibernate_sequence;
2022-10-10 14:33:47.387  INFO 4460 --- [    Test worker] c.j.r.FavoriteSpotQueryRepositoryTest    : favoriteSpot = FavoriteSpot(id=520, count=0)
2022-10-10 14:33:47.387  INFO 4460 --- [    Test worker] c.j.r.FavoriteSpotQueryRepositoryTest    : Spot = capstone.jejuTourrecommend.domain.Spot@69fdf6ed
2022-10-10 14:33:47.387  INFO 4460 --- [    Test worker] p6spy                                    : #1665380027387 | took 0ms | statement | connection 26| url jdbc:h2:mem:ad3a9e80-f26d-4a3e-9691-17f803db5723
call next value for hibernate_sequence
call next value for hibernate_sequence;
2022-10-10 14:33:47.387  INFO 4460 --- [    Test worker] p6spy                                    : #1665380027387 | took 0ms | statement | connection 26| url jdbc:h2:mem:ad3a9e80-f26d-4a3e-9691-17f803db5723
call next value for hibernate_sequence
call next value for hibernate_sequence;
2022-10-10 14:33:47.387  INFO 4460 --- [    Test worker] p6spy                                    : #1665380027387 | took 0ms | statement | connection 26| url jdbc:h2:mem:ad3a9e80-f26d-4a3e-9691-17f803db5723
call next value for hibernate_sequence
call next value for hibernate_sequence;
2022-10-10 14:33:47.387  INFO 4460 --- [    Test worker] p6spy                                    : #1665380027387 | took 0ms | statement | connection 26| url jdbc:h2:mem:ad3a9e80-f26d-4a3e-9691-17f803db5723
call next value for hibernate_sequence
call next value for hibernate_sequence;
2022-10-10 14:33:47.388  INFO 4460 --- [    Test worker] p6spy                                    : #1665380027388 | took 0ms | statement | connection 26| url jdbc:h2:mem:ad3a9e80-f26d-4a3e-9691-17f803db5723
call next value for hibernate_sequence
call next value for hibernate_sequence;
2022-10-10 14:33:47.388  INFO 4460 --- [    Test worker] p6spy                                    : #1665380027388 | took 0ms | statement | connection 26| url jdbc:h2:mem:ad3a9e80-f26d-4a3e-9691-17f803db5723
call next value for hibernate_sequence
call next value for hibernate_sequence;
2022-10-10 14:33:47.388  INFO 4460 --- [    Test worker] p6spy                                    : #1665380027388 | took 0ms | statement | connection 26| url jdbc:h2:mem:ad3a9e80-f26d-4a3e-9691-17f803db5723
call next value for hibernate_sequence
call next value for hibernate_sequence;
2022-10-10 14:33:47.388  INFO 4460 --- [    Test worker] p6spy                                    : #1665380027388 | took 0ms | statement | connection 26| url jdbc:h2:mem:ad3a9e80-f26d-4a3e-9691-17f803db5723
call next value for hibernate_sequence
call next value for hibernate_sequence;
2022-10-10 14:33:47.388  INFO 4460 --- [    Test worker] c.j.r.FavoriteSpotQueryRepositoryTest    : favoriteSpot = FavoriteSpot(id=521, count=0)
2022-10-10 14:33:47.388  INFO 4460 --- [    Test worker] c.j.r.FavoriteSpotQueryRepositoryTest    : Spot = capstone.jejuTourrecommend.domain.Spot@716d4c84
2022-10-10 14:33:47.388  INFO 4460 --- [    Test worker] p6spy                                    : #1665380027388 | took 0ms | statement | connection 26| url jdbc:h2:mem:ad3a9e80-f26d-4a3e-9691-17f803db5723
call next value for hibernate_sequence
call next value for hibernate_sequence;
2022-10-10 14:33:47.388  INFO 4460 --- [    Test worker] p6spy                                    : #1665380027388 | took 0ms | statement | connection 26| url jdbc:h2:mem:ad3a9e80-f26d-4a3e-9691-17f803db5723
call next value for hibernate_sequence
call next value for hibernate_sequence;
2022-10-10 14:33:47.388  INFO 4460 --- [    Test worker] p6spy                                    : #1665380027388 | took 0ms | statement | connection 26| url jdbc:h2:mem:ad3a9e80-f26d-4a3e-9691-17f803db5723
call next value for hibernate_sequence
call next value for hibernate_sequence;
2022-10-10 14:33:47.388  INFO 4460 --- [    Test worker] p6spy                                    : #1665380027388 | took 0ms | statement | connection 26| url jdbc:h2:mem:ad3a9e80-f26d-4a3e-9691-17f803db5723
call next value for hibernate_sequence
call next value for hibernate_sequence;
2022-10-10 14:33:47.388  INFO 4460 --- [    Test worker] p6spy                                    : #1665380027388 | took 0ms | statement | connection 26| url jdbc:h2:mem:ad3a9e80-f26d-4a3e-9691-17f803db5723
call next value for hibernate_sequence
call next value for hibernate_sequence;
2022-10-10 14:33:47.388  INFO 4460 --- [    Test worker] p6spy                                    : #1665380027388 | took 0ms | statement | connection 26| url jdbc:h2:mem:ad3a9e80-f26d-4a3e-9691-17f803db5723
call next value for hibernate_sequence
call next value for hibernate_sequence;
2022-10-10 14:33:47.388  INFO 4460 --- [    Test worker] p6spy                                    : #1665380027388 | took 0ms | statement | connection 26| url jdbc:h2:mem:ad3a9e80-f26d-4a3e-9691-17f803db5723
call next value for hibernate_sequence
call next value for hibernate_sequence;
2022-10-10 14:33:47.388  INFO 4460 --- [    Test worker] p6spy                                    : #1665380027388 | took 0ms | statement | connection 26| url jdbc:h2:mem:ad3a9e80-f26d-4a3e-9691-17f803db5723
call next value for hibernate_sequence
call next value for hibernate_sequence;
2022-10-10 14:33:47.388  INFO 4460 --- [    Test worker] c.j.r.FavoriteSpotQueryRepositoryTest    : favoriteSpot = FavoriteSpot(id=522, count=0)
2022-10-10 14:33:47.388  INFO 4460 --- [    Test worker] c.j.r.FavoriteSpotQueryRepositoryTest    : Spot = capstone.jejuTourrecommend.domain.Spot@7c3a97a6
2022-10-10 14:33:47.388  INFO 4460 --- [    Test worker] p6spy                                    : #1665380027388 | took 0ms | statement | connection 26| url jdbc:h2:mem:ad3a9e80-f26d-4a3e-9691-17f803db5723
call next value for hibernate_sequence
call next value for hibernate_sequence;
2022-10-10 14:33:47.388  INFO 4460 --- [    Test worker] p6spy                                    : #1665380027388 | took 0ms | statement | connection 26| url jdbc:h2:mem:ad3a9e80-f26d-4a3e-9691-17f803db5723
call next value for hibernate_sequence
call next value for hibernate_sequence;
2022-10-10 14:33:47.388  INFO 4460 --- [    Test worker] p6spy                                    : #1665380027388 | took 0ms | statement | connection 26| url jdbc:h2:mem:ad3a9e80-f26d-4a3e-9691-17f803db5723
call next value for hibernate_sequence
call next value for hibernate_sequence;
2022-10-10 14:33:47.388  INFO 4460 --- [    Test worker] p6spy                                    : #1665380027388 | took 0ms | statement | connection 26| url jdbc:h2:mem:ad3a9e80-f26d-4a3e-9691-17f803db5723
call next value for hibernate_sequence
call next value for hibernate_sequence;
2022-10-10 14:33:47.388  INFO 4460 --- [    Test worker] p6spy                                    : #1665380027388 | took 0ms | statement | connection 26| url jdbc:h2:mem:ad3a9e80-f26d-4a3e-9691-17f803db5723
call next value for hibernate_sequence
call next value for hibernate_sequence;
2022-10-10 14:33:47.388  INFO 4460 --- [    Test worker] p6spy                                    : #1665380027388 | took 0ms | statement | connection 26| url jdbc:h2:mem:ad3a9e80-f26d-4a3e-9691-17f803db5723
call next value for hibernate_sequence
call next value for hibernate_sequence;
2022-10-10 14:33:47.388  INFO 4460 --- [    Test worker] p6spy                                    : #1665380027388 | took 0ms | statement | connection 26| url jdbc:h2:mem:ad3a9e80-f26d-4a3e-9691-17f803db5723
call next value for hibernate_sequence
call next value for hibernate_sequence;
2022-10-10 14:33:47.388  INFO 4460 --- [    Test worker] p6spy                                    : #1665380027388 | took 0ms | statement | connection 26| url jdbc:h2:mem:ad3a9e80-f26d-4a3e-9691-17f803db5723
call next value for hibernate_sequence
call next value for hibernate_sequence;
2022-10-10 14:33:47.388  INFO 4460 --- [    Test worker] c.j.r.FavoriteSpotQueryRepositoryTest    : favoriteSpot = FavoriteSpot(id=523, count=0)
2022-10-10 14:33:47.388  INFO 4460 --- [    Test worker] c.j.r.FavoriteSpotQueryRepositoryTest    : Spot = capstone.jejuTourrecommend.domain.Spot@3e4d604d
2022-10-10 14:33:47.388  INFO 4460 --- [    Test worker] p6spy                                    : #1665380027388 | took 0ms | statement | connection 26| url jdbc:h2:mem:ad3a9e80-f26d-4a3e-9691-17f803db5723
call next value for hibernate_sequence
call next value for hibernate_sequence;
2022-10-10 14:33:47.388  INFO 4460 --- [    Test worker] p6spy                                    : #1665380027388 | took 0ms | statement | connection 26| url jdbc:h2:mem:ad3a9e80-f26d-4a3e-9691-17f803db5723
call next value for hibernate_sequence
call next value for hibernate_sequence;
2022-10-10 14:33:47.388  INFO 4460 --- [    Test worker] p6spy                                    : #1665380027388 | took 0ms | statement | connection 26| url jdbc:h2:mem:ad3a9e80-f26d-4a3e-9691-17f803db5723
call next value for hibernate_sequence
call next value for hibernate_sequence;
2022-10-10 14:33:47.388  INFO 4460 --- [    Test worker] p6spy                                    : #1665380027388 | took 0ms | statement | connection 26| url jdbc:h2:mem:ad3a9e80-f26d-4a3e-9691-17f803db5723
call next value for hibernate_sequence
call next value for hibernate_sequence;
2022-10-10 14:33:47.388  INFO 4460 --- [    Test worker] p6spy                                    : #1665380027388 | took 0ms | statement | connection 26| url jdbc:h2:mem:ad3a9e80-f26d-4a3e-9691-17f803db5723
call next value for hibernate_sequence
call next value for hibernate_sequence;
2022-10-10 14:33:47.388  INFO 4460 --- [    Test worker] p6spy                                    : #1665380027388 | took 0ms | statement | connection 26| url jdbc:h2:mem:ad3a9e80-f26d-4a3e-9691-17f803db5723
call next value for hibernate_sequence
call next value for hibernate_sequence;
2022-10-10 14:33:47.388  INFO 4460 --- [    Test worker] p6spy                                    : #1665380027388 | took 0ms | statement | connection 26| url jdbc:h2:mem:ad3a9e80-f26d-4a3e-9691-17f803db5723
call next value for hibernate_sequence
call next value for hibernate_sequence;
2022-10-10 14:33:47.388  INFO 4460 --- [    Test worker] p6spy                                    : #1665380027388 | took 0ms | statement | connection 26| url jdbc:h2:mem:ad3a9e80-f26d-4a3e-9691-17f803db5723
call next value for hibernate_sequence
call next value for hibernate_sequence;
2022-10-10 14:33:47.389  INFO 4460 --- [    Test worker] c.j.r.FavoriteSpotQueryRepositoryTest    : favoriteSpot = FavoriteSpot(id=524, count=0)
2022-10-10 14:33:47.389  INFO 4460 --- [    Test worker] c.j.r.FavoriteSpotQueryRepositoryTest    : Spot = capstone.jejuTourrecommend.domain.Spot@74fde094
2022-10-10 14:33:47.389  INFO 4460 --- [    Test worker] p6spy                                    : #1665380027389 | took 0ms | statement | connection 26| url jdbc:h2:mem:ad3a9e80-f26d-4a3e-9691-17f803db5723
call next value for hibernate_sequence
call next value for hibernate_sequence;
2022-10-10 14:33:47.389  INFO 4460 --- [    Test worker] p6spy                                    : #1665380027389 | took 0ms | statement | connection 26| url jdbc:h2:mem:ad3a9e80-f26d-4a3e-9691-17f803db5723
call next value for hibernate_sequence
call next value for hibernate_sequence;
2022-10-10 14:33:47.389  INFO 4460 --- [    Test worker] p6spy                                    : #1665380027389 | took 0ms | statement | connection 26| url jdbc:h2:mem:ad3a9e80-f26d-4a3e-9691-17f803db5723
call next value for hibernate_sequence
call next value for hibernate_sequence;
2022-10-10 14:33:47.389  INFO 4460 --- [    Test worker] p6spy                                    : #1665380027389 | took 0ms | statement | connection 26| url jdbc:h2:mem:ad3a9e80-f26d-4a3e-9691-17f803db5723
call next value for hibernate_sequence
call next value for hibernate_sequence;
2022-10-10 14:33:47.389  INFO 4460 --- [    Test worker] p6spy                                    : #1665380027389 | took 0ms | statement | connection 26| url jdbc:h2:mem:ad3a9e80-f26d-4a3e-9691-17f803db5723
call next value for hibernate_sequence
call next value for hibernate_sequence;
2022-10-10 14:33:47.389  INFO 4460 --- [    Test worker] p6spy                                    : #1665380027389 | took 0ms | statement | connection 26| url jdbc:h2:mem:ad3a9e80-f26d-4a3e-9691-17f803db5723
call next value for hibernate_sequence
call next value for hibernate_sequence;
2022-10-10 14:33:47.389  INFO 4460 --- [    Test worker] p6spy                                    : #1665380027389 | took 0ms | statement | connection 26| url jdbc:h2:mem:ad3a9e80-f26d-4a3e-9691-17f803db5723
call next value for hibernate_sequence
call next value for hibernate_sequence;
2022-10-10 14:33:47.389  INFO 4460 --- [    Test worker] p6spy                                    : #1665380027389 | took 0ms | statement | connection 26| url jdbc:h2:mem:ad3a9e80-f26d-4a3e-9691-17f803db5723
call next value for hibernate_sequence
call next value for hibernate_sequence;
2022-10-10 14:33:47.389  INFO 4460 --- [    Test worker] c.j.r.FavoriteSpotQueryRepositoryTest    : favoriteSpot = FavoriteSpot(id=525, count=0)
2022-10-10 14:33:47.389  INFO 4460 --- [    Test worker] c.j.r.FavoriteSpotQueryRepositoryTest    : Spot = capstone.jejuTourrecommend.domain.Spot@1cff2f2c
2022-10-10 14:33:47.389  INFO 4460 --- [    Test worker] p6spy                                    : #1665380027389 | took 0ms | statement | connection 26| url jdbc:h2:mem:ad3a9e80-f26d-4a3e-9691-17f803db5723
call next value for hibernate_sequence
call next value for hibernate_sequence;
2022-10-10 14:33:47.389  INFO 4460 --- [    Test worker] p6spy                                    : #1665380027389 | took 0ms | statement | connection 26| url jdbc:h2:mem:ad3a9e80-f26d-4a3e-9691-17f803db5723
call next value for hibernate_sequence
call next value for hibernate_sequence;
2022-10-10 14:33:47.389  INFO 4460 --- [    Test worker] p6spy                                    : #1665380027389 | took 0ms | statement | connection 26| url jdbc:h2:mem:ad3a9e80-f26d-4a3e-9691-17f803db5723
call next value for hibernate_sequence
call next value for hibernate_sequence;
2022-10-10 14:33:47.389  INFO 4460 --- [    Test worker] p6spy                                    : #1665380027389 | took 0ms | statement | connection 26| url jdbc:h2:mem:ad3a9e80-f26d-4a3e-9691-17f803db5723
call next value for hibernate_sequence
call next value for hibernate_sequence;
2022-10-10 14:33:47.389  INFO 4460 --- [    Test worker] p6spy                                    : #1665380027389 | took 0ms | statement | connection 26| url jdbc:h2:mem:ad3a9e80-f26d-4a3e-9691-17f803db5723
call next value for review_seq
call next value for review_seq;
2022-10-10 14:33:47.389  INFO 4460 --- [    Test worker] p6spy                                    : #1665380027389 | took 0ms | statement | connection 26| url jdbc:h2:mem:ad3a9e80-f26d-4a3e-9691-17f803db5723
call next value for hibernate_sequence
call next value for hibernate_sequence;
2022-10-10 14:33:47.389  INFO 4460 --- [    Test worker] p6spy                                    : #1665380027389 | took 0ms | statement | connection 26| url jdbc:h2:mem:ad3a9e80-f26d-4a3e-9691-17f803db5723
call next value for hibernate_sequence
call next value for hibernate_sequence;
2022-10-10 14:33:47.389  INFO 4460 --- [    Test worker] p6spy                                    : #1665380027389 | took 0ms | statement | connection 26| url jdbc:h2:mem:ad3a9e80-f26d-4a3e-9691-17f803db5723
call next value for hibernate_sequence
call next value for hibernate_sequence;
2022-10-10 14:33:47.389  INFO 4460 --- [    Test worker] p6spy                                    : #1665380027389 | took 0ms | statement | connection 26| url jdbc:h2:mem:ad3a9e80-f26d-4a3e-9691-17f803db5723
call next value for hibernate_sequence
call next value for hibernate_sequence;
2022-10-10 14:33:47.389  INFO 4460 --- [    Test worker] c.j.r.FavoriteSpotQueryRepositoryTest    : favoriteSpot = FavoriteSpot(id=526, count=0)
2022-10-10 14:33:47.389  INFO 4460 --- [    Test worker] c.j.r.FavoriteSpotQueryRepositoryTest    : Spot = capstone.jejuTourrecommend.domain.Spot@1734149
2022-10-10 14:33:47.389  INFO 4460 --- [    Test worker] p6spy                                    : #1665380027389 | took 0ms | statement | connection 26| url jdbc:h2:mem:ad3a9e80-f26d-4a3e-9691-17f803db5723
call next value for score_seq
call next value for score_seq;
2022-10-10 14:33:47.389  INFO 4460 --- [    Test worker] p6spy                                    : #1665380027389 | took 0ms | statement | connection 26| url jdbc:h2:mem:ad3a9e80-f26d-4a3e-9691-17f803db5723
call next value for hibernate_sequence
call next value for hibernate_sequence;
2022-10-10 14:33:47.389  INFO 4460 --- [    Test worker] p6spy                                    : #1665380027389 | took 0ms | statement | connection 26| url jdbc:h2:mem:ad3a9e80-f26d-4a3e-9691-17f803db5723
call next value for hibernate_sequence
call next value for hibernate_sequence;
2022-10-10 14:33:47.389  INFO 4460 --- [    Test worker] p6spy                                    : #1665380027389 | took 0ms | statement | connection 26| url jdbc:h2:mem:ad3a9e80-f26d-4a3e-9691-17f803db5723
call next value for hibernate_sequence
call next value for hibernate_sequence;
2022-10-10 14:33:47.389  INFO 4460 --- [    Test worker] p6spy                                    : #1665380027389 | took 0ms | statement | connection 26| url jdbc:h2:mem:ad3a9e80-f26d-4a3e-9691-17f803db5723
call next value for hibernate_sequence
call next value for hibernate_sequence;
2022-10-10 14:33:47.392  INFO 4460 --- [    Test worker] p6spy                                    : #1665380027392 | took 0ms | statement | connection 26| url jdbc:h2:mem:ad3a9e80-f26d-4a3e-9691-17f803db5723
insert into member (created_date, last_modified_date, created_by, last_modified_by, email, password, refresh_token, role, username, member_id) values (?, ?, ?, ?, ?, ?, ?, ?, ?, ?)
insert into member (created_date, last_modified_date, created_by, last_modified_by, email, password, refresh_token, role, username, member_id) values ('2022-10-10T14:33:47.374+0900', '2022-10-10T14:33:47.374+0900', 'a2a74f9c-40f0-4320-9211-a00c01b5f255', 'a2a74f9c-40f0-4320-9211-a00c01b5f255', 'member1@gmail.com', '1234', NULL, NULL, 'member1', 20);
2022-10-10 14:33:47.392  INFO 4460 --- [    Test worker] p6spy                                    : #1665380027392 | took 0ms | statement | connection 26| url jdbc:h2:mem:ad3a9e80-f26d-4a3e-9691-17f803db5723
insert into member (created_date, last_modified_date, created_by, last_modified_by, email, password, refresh_token, role, username, member_id) values (?, ?, ?, ?, ?, ?, ?, ?, ?, ?)
insert into member (created_date, last_modified_date, created_by, last_modified_by, email, password, refresh_token, role, username, member_id) values ('2022-10-10T14:33:47.374+0900', '2022-10-10T14:33:47.374+0900', '8410b211-f786-4518-bc4e-7c6928009ef4', '8410b211-f786-4518-bc4e-7c6928009ef4', 'member2@naver.com', '2345', NULL, NULL, 'member2', 21);
2022-10-10 14:33:47.392  INFO 4460 --- [    Test worker] p6spy                                    : #1665380027392 | took 0ms | statement | connection 26| url jdbc:h2:mem:ad3a9e80-f26d-4a3e-9691-17f803db5723
insert into favorite (member_id, name, favorite_id) values (?, ?, ?)
insert into favorite (member_id, name, favorite_id) values (20, '1일차', 41);
2022-10-10 14:33:47.392  INFO 4460 --- [    Test worker] p6spy                                    : #1665380027392 | took 0ms | statement | connection 26| url jdbc:h2:mem:ad3a9e80-f26d-4a3e-9691-17f803db5723
insert into score (facility_rank, facility_score, price_rank, price_score, rank_average, surround_rank, surround_score, view_rank, view_score, score_id) values (?, ?, ?, ?, ?, ?, ?, ?, ?, ?)
insert into score (facility_rank, facility_score, price_rank, price_score, rank_average, surround_rank, surround_score, view_rank, view_score, score_id) values (1.3944375992541291, 9.037776848383817, 6.0532949516993035, 3.0946012184058205, 4.122975640483299, 9.355222087538479, 4.956268846560295, 2.4519981770971633, 2.545909848568524, 603);
2022-10-10 14:33:47.392  INFO 4460 --- [    Test worker] p6spy                                    : #1665380027392 | took 0ms | statement | connection 26| url jdbc:h2:mem:ad3a9e80-f26d-4a3e-9691-17f803db5723
insert into picture (spot_id, url, picture_id) values (?, ?, ?)
insert into picture (spot_id, url, picture_id) values (NULL, 'java.io.StringReader@5a6c6ffc', 2465);
2022-10-10 14:33:47.392  INFO 4460 --- [    Test worker] p6spy                                    : #1665380027392 | took 0ms | statement | connection 26| url jdbc:h2:mem:ad3a9e80-f26d-4a3e-9691-17f803db5723
insert into picture (spot_id, url, picture_id) values (?, ?, ?)
insert into picture (spot_id, url, picture_id) values (NULL, 'java.io.StringReader@71ab2469', 2466);
2022-10-10 14:33:47.392  INFO 4460 --- [    Test worker] p6spy                                    : #1665380027392 | took 0ms | statement | connection 26| url jdbc:h2:mem:ad3a9e80-f26d-4a3e-9691-17f803db5723
insert into picture (spot_id, url, picture_id) values (?, ?, ?)
insert into picture (spot_id, url, picture_id) values (NULL, 'java.io.StringReader@5c4fafc5', 2467);
2022-10-10 14:33:47.392  INFO 4460 --- [    Test worker] p6spy                                    : #1665380027392 | took 0ms | statement | connection 26| url jdbc:h2:mem:ad3a9e80-f26d-4a3e-9691-17f803db5723
insert into spot (address, description, location, name, score_id, spot_id) values (?, ?, ?, ?, ?, ?)
insert into spot (address, description, location, name, score_id, spot_id) values (NULL, NULL, 'Aewol_eup', NULL, 603, 669);
2022-10-10 14:33:47.392  INFO 4460 --- [    Test worker] p6spy                                    : #1665380027392 | took 0ms | statement | connection 26| url jdbc:h2:mem:ad3a9e80-f26d-4a3e-9691-17f803db5723
insert into member_spot (member_id, score, spot_id, member_spot_id) values (?, ?, ?, ?)
insert into member_spot (member_id, score, spot_id, member_spot_id) values (21, 0.0, 669, 2468);
2022-10-10 14:33:47.392  INFO 4460 --- [    Test worker] p6spy                                    : #1665380027392 | took 0ms | statement | connection 26| url jdbc:h2:mem:ad3a9e80-f26d-4a3e-9691-17f803db5723
insert into review (content, spot_id, review_id) values (?, ?, ?)
insert into review (content, spot_id, review_id) values ('java.io.StringReader@7e96fb67', 669, 605);
2022-10-10 14:33:47.392  INFO 4460 --- [    Test worker] p6spy                                    : #1665380027392 | took 0ms | statement | connection 26| url jdbc:h2:mem:ad3a9e80-f26d-4a3e-9691-17f803db5723
insert into favorite_spot (count, favorite_id, spot_id, favorite_spot_id) values (?, ?, ?, ?)
insert into favorite_spot (count, favorite_id, spot_id, favorite_spot_id) values (0, 41, 669, 477);
2022-10-10 14:33:47.393  INFO 4460 --- [    Test worker] p6spy                                    : #1665380027393 | took 0ms | statement | connection 26| url jdbc:h2:mem:ad3a9e80-f26d-4a3e-9691-17f803db5723
insert into score (facility_rank, facility_score, price_rank, price_score, rank_average, surround_rank, surround_score, view_rank, view_score, score_id) values (?, ?, ?, ?, ?, ?, ?, ?, ?, ?)
insert into score (facility_rank, facility_score, price_rank, price_score, rank_average, surround_rank, surround_score, view_rank, view_score, score_id) values (4.479901508184565, 7.618842908008991, 0.18993093445571874, 1.6940519690582612, 1.2843614314376062, 3.006759954952678, 6.24975817585672, 6.935680103277869, 4.514406936197782, 604);
2022-10-10 14:33:47.393  INFO 4460 --- [    Test worker] p6spy                                    : #1665380027393 | took 0ms | statement | connection 26| url jdbc:h2:mem:ad3a9e80-f26d-4a3e-9691-17f803db5723
insert into picture (spot_id, url, picture_id) values (?, ?, ?)
insert into picture (spot_id, url, picture_id) values (NULL, 'java.io.StringReader@885d8f6', 2469);
2022-10-10 14:33:47.393  INFO 4460 --- [    Test worker] p6spy                                    : #1665380027393 | took 0ms | statement | connection 26| url jdbc:h2:mem:ad3a9e80-f26d-4a3e-9691-17f803db5723
insert into picture (spot_id, url, picture_id) values (?, ?, ?)
insert into picture (spot_id, url, picture_id) values (NULL, 'java.io.StringReader@65a5a206', 2470);
2022-10-10 14:33:47.393  INFO 4460 --- [    Test worker] p6spy                                    : #1665380027393 | took 0ms | statement | connection 26| url jdbc:h2:mem:ad3a9e80-f26d-4a3e-9691-17f803db5723
insert into picture (spot_id, url, picture_id) values (?, ?, ?)
insert into picture (spot_id, url, picture_id) values (NULL, 'java.io.StringReader@239856b9', 2471);
2022-10-10 14:33:47.393  INFO 4460 --- [    Test worker] p6spy                                    : #1665380027393 | took 0ms | statement | connection 26| url jdbc:h2:mem:ad3a9e80-f26d-4a3e-9691-17f803db5723
insert into spot (address, description, location, name, score_id, spot_id) values (?, ?, ?, ?, ?, ?)
insert into spot (address, description, location, name, score_id, spot_id) values (NULL, NULL, 'Aewol_eup', NULL, 604, 670);
2022-10-10 14:33:47.393  INFO 4460 --- [    Test worker] p6spy                                    : #1665380027393 | took 0ms | statement | connection 26| url jdbc:h2:mem:ad3a9e80-f26d-4a3e-9691-17f803db5723
insert into member_spot (member_id, score, spot_id, member_spot_id) values (?, ?, ?, ?)
insert into member_spot (member_id, score, spot_id, member_spot_id) values (21, 0.0, 670, 2472);
2022-10-10 14:33:47.393  INFO 4460 --- [    Test worker] p6spy                                    : #1665380027393 | took 0ms | statement | connection 26| url jdbc:h2:mem:ad3a9e80-f26d-4a3e-9691-17f803db5723
insert into review (content, spot_id, review_id) values (?, ?, ?)
insert into review (content, spot_id, review_id) values ('java.io.StringReader@4b37b02a', 669, 606);
2022-10-10 14:33:47.393  INFO 4460 --- [    Test worker] p6spy                                    : #1665380027393 | took 0ms | statement | connection 26| url jdbc:h2:mem:ad3a9e80-f26d-4a3e-9691-17f803db5723
insert into score (facility_rank, facility_score, price_rank, price_score, rank_average, surround_rank, surround_score, view_rank, view_score, score_id) values (?, ?, ?, ?, ?, ?, ?, ?, ?, ?)
insert into score (facility_rank, facility_score, price_rank, price_score, rank_average, surround_rank, surround_score, view_rank, view_score, score_id) values (5.46730342524211, 5.016903119065285, 6.03325462333658, 1.1916081678392476, 7.420596100539331, 9.845804609483563, 4.481089160845833, 2.280931293416298, 2.6727519089860308, 605);
2022-10-10 14:33:47.393  INFO 4460 --- [    Test worker] p6spy                                    : #1665380027393 | took 0ms | statement | connection 26| url jdbc:h2:mem:ad3a9e80-f26d-4a3e-9691-17f803db5723
insert into picture (spot_id, url, picture_id) values (?, ?, ?)
insert into picture (spot_id, url, picture_id) values (NULL, 'java.io.StringReader@4a58ba89', 2473);
2022-10-10 14:33:47.393  INFO 4460 --- [    Test worker] p6spy                                    : #1665380027393 | took 0ms | statement | connection 26| url jdbc:h2:mem:ad3a9e80-f26d-4a3e-9691-17f803db5723
insert into picture (spot_id, url, picture_id) values (?, ?, ?)
insert into picture (spot_id, url, picture_id) values (NULL, 'java.io.StringReader@55952d', 2474);
2022-10-10 14:33:47.393  INFO 4460 --- [    Test worker] p6spy                                    : #1665380027393 | took 0ms | statement | connection 26| url jdbc:h2:mem:ad3a9e80-f26d-4a3e-9691-17f803db5723
insert into picture (spot_id, url, picture_id) values (?, ?, ?)
insert into picture (spot_id, url, picture_id) values (NULL, 'java.io.StringReader@78493cd', 2475);
2022-10-10 14:33:47.393  INFO 4460 --- [    Test worker] p6spy                                    : #1665380027393 | took 0ms | statement | connection 26| url jdbc:h2:mem:ad3a9e80-f26d-4a3e-9691-17f803db5723
insert into spot (address, description, location, name, score_id, spot_id) values (?, ?, ?, ?, ?, ?)
insert into spot (address, description, location, name, score_id, spot_id) values (NULL, NULL, 'Aewol_eup', NULL, 605, 671);
2022-10-10 14:33:47.393  INFO 4460 --- [    Test worker] p6spy                                    : #1665380027393 | took 0ms | statement | connection 26| url jdbc:h2:mem:ad3a9e80-f26d-4a3e-9691-17f803db5723
insert into member_spot (member_id, score, spot_id, member_spot_id) values (?, ?, ?, ?)
insert into member_spot (member_id, score, spot_id, member_spot_id) values (21, 0.0, 671, 2476);
2022-10-10 14:33:47.393  INFO 4460 --- [    Test worker] p6spy                                    : #1665380027393 | took 0ms | statement | connection 26| url jdbc:h2:mem:ad3a9e80-f26d-4a3e-9691-17f803db5723
insert into review (content, spot_id, review_id) values (?, ?, ?)
insert into review (content, spot_id, review_id) values ('java.io.StringReader@1a5edea6', 669, 607);
2022-10-10 14:33:47.393  INFO 4460 --- [    Test worker] p6spy                                    : #1665380027393 | took 0ms | statement | connection 26| url jdbc:h2:mem:ad3a9e80-f26d-4a3e-9691-17f803db5723
insert into favorite_spot (count, favorite_id, spot_id, favorite_spot_id) values (?, ?, ?, ?)
insert into favorite_spot (count, favorite_id, spot_id, favorite_spot_id) values (0, 41, 671, 478);
2022-10-10 14:33:47.393  INFO 4460 --- [    Test worker] p6spy                                    : #1665380027393 | took 0ms | statement | connection 26| url jdbc:h2:mem:ad3a9e80-f26d-4a3e-9691-17f803db5723
insert into score (facility_rank, facility_score, price_rank, price_score, rank_average, surround_rank, surround_score, view_rank, view_score, score_id) values (?, ?, ?, ?, ?, ?, ?, ?, ?, ?)
insert into score (facility_rank, facility_score, price_rank, price_score, rank_average, surround_rank, surround_score, view_rank, view_score, score_id) values (5.596251913685903, 4.712834894414218, 8.842347038700677, 2.8394087224761178, 5.243271530514272, 4.400112312259303, 8.30576298708893, 2.365747786122382, 3.35255243528643, 606);
2022-10-10 14:33:47.393  INFO 4460 --- [    Test worker] p6spy                                    : #1665380027393 | took 0ms | statement | connection 26| url jdbc:h2:mem:ad3a9e80-f26d-4a3e-9691-17f803db5723
insert into picture (spot_id, url, picture_id) values (?, ?, ?)
insert into picture (spot_id, url, picture_id) values (NULL, 'java.io.StringReader@191c8a8d', 2477);
2022-10-10 14:33:47.393  INFO 4460 --- [    Test worker] p6spy                                    : #1665380027393 | took 0ms | statement | connection 26| url jdbc:h2:mem:ad3a9e80-f26d-4a3e-9691-17f803db5723
insert into picture (spot_id, url, picture_id) values (?, ?, ?)
insert into picture (spot_id, url, picture_id) values (NULL, 'java.io.StringReader@3a4635ca', 2478);
2022-10-10 14:33:47.393  INFO 4460 --- [    Test worker] p6spy                                    : #1665380027393 | took 0ms | statement | connection 26| url jdbc:h2:mem:ad3a9e80-f26d-4a3e-9691-17f803db5723
insert into picture (spot_id, url, picture_id) values (?, ?, ?)
insert into picture (spot_id, url, picture_id) values (NULL, 'java.io.StringReader@2f0990db', 2479);
2022-10-10 14:33:47.393  INFO 4460 --- [    Test worker] p6spy                                    : #1665380027393 | took 0ms | statement | connection 26| url jdbc:h2:mem:ad3a9e80-f26d-4a3e-9691-17f803db5723
insert into spot (address, description, location, name, score_id, spot_id) values (?, ?, ?, ?, ?, ?)
insert into spot (address, description, location, name, score_id, spot_id) values (NULL, NULL, 'Aewol_eup', NULL, 606, 672);
2022-10-10 14:33:47.393  INFO 4460 --- [    Test worker] p6spy                                    : #1665380027393 | took 0ms | statement | connection 26| url jdbc:h2:mem:ad3a9e80-f26d-4a3e-9691-17f803db5723
insert into member_spot (member_id, score, spot_id, member_spot_id) values (?, ?, ?, ?)
insert into member_spot (member_id, score, spot_id, member_spot_id) values (21, 0.0, 672, 2480);
2022-10-10 14:33:47.393  INFO 4460 --- [    Test worker] p6spy                                    : #1665380027393 | took 0ms | statement | connection 26| url jdbc:h2:mem:ad3a9e80-f26d-4a3e-9691-17f803db5723
insert into review (content, spot_id, review_id) values (?, ?, ?)
insert into review (content, spot_id, review_id) values ('java.io.StringReader@5dca6386', 669, 608);
2022-10-10 14:33:47.393  INFO 4460 --- [    Test worker] p6spy                                    : #1665380027393 | took 0ms | statement | connection 26| url jdbc:h2:mem:ad3a9e80-f26d-4a3e-9691-17f803db5723
insert into score (facility_rank, facility_score, price_rank, price_score, rank_average, surround_rank, surround_score, view_rank, view_score, score_id) values (?, ?, ?, ?, ?, ?, ?, ?, ?, ?)
insert into score (facility_rank, facility_score, price_rank, price_score, rank_average, surround_rank, surround_score, view_rank, view_score, score_id) values (6.454166396367489, 8.326655977955738, 0.9577870995924276, 9.219317474481048, 6.16215386631997, 6.169410675862243, 2.4865129383270066, 7.068244905962761, 9.531387865000799, 607);
2022-10-10 14:33:47.393  INFO 4460 --- [    Test worker] p6spy                                    : #1665380027393 | took 0ms | statement | connection 26| url jdbc:h2:mem:ad3a9e80-f26d-4a3e-9691-17f803db5723
insert into picture (spot_id, url, picture_id) values (?, ?, ?)
insert into picture (spot_id, url, picture_id) values (NULL, 'java.io.StringReader@38f907ec', 2481);
2022-10-10 14:33:47.393  INFO 4460 --- [    Test worker] p6spy                                    : #1665380027393 | took 0ms | statement | connection 26| url jdbc:h2:mem:ad3a9e80-f26d-4a3e-9691-17f803db5723
insert into picture (spot_id, url, picture_id) values (?, ?, ?)
insert into picture (spot_id, url, picture_id) values (NULL, 'java.io.StringReader@629aac93', 2482);
2022-10-10 14:33:47.393  INFO 4460 --- [    Test worker] p6spy                                    : #1665380027393 | took 0ms | statement | connection 26| url jdbc:h2:mem:ad3a9e80-f26d-4a3e-9691-17f803db5723
insert into picture (spot_id, url, picture_id) values (?, ?, ?)
insert into picture (spot_id, url, picture_id) values (NULL, 'java.io.StringReader@2d5aa564', 2483);
2022-10-10 14:33:47.393  INFO 4460 --- [    Test worker] p6spy                                    : #1665380027393 | took 0ms | statement | connection 26| url jdbc:h2:mem:ad3a9e80-f26d-4a3e-9691-17f803db5723
insert into spot (address, description, location, name, score_id, spot_id) values (?, ?, ?, ?, ?, ?)
insert into spot (address, description, location, name, score_id, spot_id) values (NULL, NULL, 'Aewol_eup', NULL, 607, 673);
2022-10-10 14:33:47.393  INFO 4460 --- [    Test worker] p6spy                                    : #1665380027393 | took 0ms | statement | connection 26| url jdbc:h2:mem:ad3a9e80-f26d-4a3e-9691-17f803db5723
insert into member_spot (member_id, score, spot_id, member_spot_id) values (?, ?, ?, ?)
insert into member_spot (member_id, score, spot_id, member_spot_id) values (21, 0.0, 673, 2484);
2022-10-10 14:33:47.393  INFO 4460 --- [    Test worker] p6spy                                    : #1665380027393 | took 0ms | statement | connection 26| url jdbc:h2:mem:ad3a9e80-f26d-4a3e-9691-17f803db5723
insert into review (content, spot_id, review_id) values (?, ?, ?)
insert into review (content, spot_id, review_id) values ('java.io.StringReader@ccc7ef', 669, 609);
2022-10-10 14:33:47.393  INFO 4460 --- [    Test worker] p6spy                                    : #1665380027393 | took 0ms | statement | connection 26| url jdbc:h2:mem:ad3a9e80-f26d-4a3e-9691-17f803db5723
insert into favorite_spot (count, favorite_id, spot_id, favorite_spot_id) values (?, ?, ?, ?)
insert into favorite_spot (count, favorite_id, spot_id, favorite_spot_id) values (0, 41, 673, 479);
2022-10-10 14:33:47.393  INFO 4460 --- [    Test worker] p6spy                                    : #1665380027393 | took 0ms | statement | connection 26| url jdbc:h2:mem:ad3a9e80-f26d-4a3e-9691-17f803db5723
insert into score (facility_rank, facility_score, price_rank, price_score, rank_average, surround_rank, surround_score, view_rank, view_score, score_id) values (?, ?, ?, ?, ?, ?, ?, ?, ?, ?)
insert into score (facility_rank, facility_score, price_rank, price_score, rank_average, surround_rank, surround_score, view_rank, view_score, score_id) values (9.355128689199102, 8.007520102644252, 4.847714437646204, 2.495421755278777, 4.876234076979204, 4.2006338686471505, 2.3378349515616303, 4.130431926573131, 4.74953685742237, 608);
2022-10-10 14:33:47.393  INFO 4460 --- [    Test worker] p6spy                                    : #1665380027393 | took 0ms | statement | connection 26| url jdbc:h2:mem:ad3a9e80-f26d-4a3e-9691-17f803db5723
insert into picture (spot_id, url, picture_id) values (?, ?, ?)
insert into picture (spot_id, url, picture_id) values (NULL, 'java.io.StringReader@6ec80e5c', 2485);
2022-10-10 14:33:47.393  INFO 4460 --- [    Test worker] p6spy                                    : #1665380027393 | took 0ms | statement | connection 26| url jdbc:h2:mem:ad3a9e80-f26d-4a3e-9691-17f803db5723
insert into picture (spot_id, url, picture_id) values (?, ?, ?)
insert into picture (spot_id, url, picture_id) values (NULL, 'java.io.StringReader@5ccd7f1b', 2486);
2022-10-10 14:33:47.394  INFO 4460 --- [    Test worker] p6spy                                    : #1665380027394 | took 0ms | statement | connection 26| url jdbc:h2:mem:ad3a9e80-f26d-4a3e-9691-17f803db5723
insert into picture (spot_id, url, picture_id) values (?, ?, ?)
insert into picture (spot_id, url, picture_id) values (NULL, 'java.io.StringReader@69942950', 2487);
2022-10-10 14:33:47.394  INFO 4460 --- [    Test worker] p6spy                                    : #1665380027394 | took 0ms | statement | connection 26| url jdbc:h2:mem:ad3a9e80-f26d-4a3e-9691-17f803db5723
insert into spot (address, description, location, name, score_id, spot_id) values (?, ?, ?, ?, ?, ?)
insert into spot (address, description, location, name, score_id, spot_id) values (NULL, NULL, 'Aewol_eup', NULL, 608, 674);
2022-10-10 14:33:47.394  INFO 4460 --- [    Test worker] p6spy                                    : #1665380027394 | took 0ms | statement | connection 26| url jdbc:h2:mem:ad3a9e80-f26d-4a3e-9691-17f803db5723
insert into member_spot (member_id, score, spot_id, member_spot_id) values (?, ?, ?, ?)
insert into member_spot (member_id, score, spot_id, member_spot_id) values (21, 0.0, 674, 2488);
2022-10-10 14:33:47.394  INFO 4460 --- [    Test worker] p6spy                                    : #1665380027394 | took 0ms | statement | connection 26| url jdbc:h2:mem:ad3a9e80-f26d-4a3e-9691-17f803db5723
insert into review (content, spot_id, review_id) values (?, ?, ?)
insert into review (content, spot_id, review_id) values ('java.io.StringReader@52c31064', 669, 610);
2022-10-10 14:33:47.394  INFO 4460 --- [    Test worker] p6spy                                    : #1665380027394 | took 0ms | statement | connection 26| url jdbc:h2:mem:ad3a9e80-f26d-4a3e-9691-17f803db5723
insert into score (facility_rank, facility_score, price_rank, price_score, rank_average, surround_rank, surround_score, view_rank, view_score, score_id) values (?, ?, ?, ?, ?, ?, ?, ?, ?, ?)
insert into score (facility_rank, facility_score, price_rank, price_score, rank_average, surround_rank, surround_score, view_rank, view_score, score_id) values (2.9487911284327084, 2.0168376522453144, 0.4686555594417341, 5.2714399339786695, 4.978129422794218, 2.9898789389313443, 9.41144244157211, 3.7542075782597886, 4.716942228530141, 609);
2022-10-10 14:33:47.394  INFO 4460 --- [    Test worker] p6spy                                    : #1665380027394 | took 0ms | statement | connection 26| url jdbc:h2:mem:ad3a9e80-f26d-4a3e-9691-17f803db5723
insert into picture (spot_id, url, picture_id) values (?, ?, ?)
insert into picture (spot_id, url, picture_id) values (NULL, 'java.io.StringReader@5a79668b', 2489);
2022-10-10 14:33:47.394  INFO 4460 --- [    Test worker] p6spy                                    : #1665380027394 | took 0ms | statement | connection 26| url jdbc:h2:mem:ad3a9e80-f26d-4a3e-9691-17f803db5723
insert into picture (spot_id, url, picture_id) values (?, ?, ?)
insert into picture (spot_id, url, picture_id) values (NULL, 'java.io.StringReader@31379107', 2490);
2022-10-10 14:33:47.394  INFO 4460 --- [    Test worker] p6spy                                    : #1665380027394 | took 0ms | statement | connection 26| url jdbc:h2:mem:ad3a9e80-f26d-4a3e-9691-17f803db5723
insert into picture (spot_id, url, picture_id) values (?, ?, ?)
insert into picture (spot_id, url, picture_id) values (NULL, 'java.io.StringReader@78c17479', 2491);
2022-10-10 14:33:47.394  INFO 4460 --- [    Test worker] p6spy                                    : #1665380027394 | took 0ms | statement | connection 26| url jdbc:h2:mem:ad3a9e80-f26d-4a3e-9691-17f803db5723
insert into spot (address, description, location, name, score_id, spot_id) values (?, ?, ?, ?, ?, ?)
insert into spot (address, description, location, name, score_id, spot_id) values (NULL, NULL, 'Aewol_eup', NULL, 609, 675);
2022-10-10 14:33:47.394  INFO 4460 --- [    Test worker] p6spy                                    : #1665380027394 | took 0ms | statement | connection 26| url jdbc:h2:mem:ad3a9e80-f26d-4a3e-9691-17f803db5723
insert into member_spot (member_id, score, spot_id, member_spot_id) values (?, ?, ?, ?)
insert into member_spot (member_id, score, spot_id, member_spot_id) values (21, 0.0, 675, 2492);
2022-10-10 14:33:47.394  INFO 4460 --- [    Test worker] p6spy                                    : #1665380027394 | took 0ms | statement | connection 26| url jdbc:h2:mem:ad3a9e80-f26d-4a3e-9691-17f803db5723
insert into review (content, spot_id, review_id) values (?, ?, ?)
insert into review (content, spot_id, review_id) values ('java.io.StringReader@14a69742', 669, 611);
2022-10-10 14:33:47.394  INFO 4460 --- [    Test worker] p6spy                                    : #1665380027394 | took 0ms | statement | connection 26| url jdbc:h2:mem:ad3a9e80-f26d-4a3e-9691-17f803db5723
insert into favorite_spot (count, favorite_id, spot_id, favorite_spot_id) values (?, ?, ?, ?)
insert into favorite_spot (count, favorite_id, spot_id, favorite_spot_id) values (0, 41, 675, 480);
2022-10-10 14:33:47.394  INFO 4460 --- [    Test worker] p6spy                                    : #1665380027394 | took 0ms | statement | connection 26| url jdbc:h2:mem:ad3a9e80-f26d-4a3e-9691-17f803db5723
insert into score (facility_rank, facility_score, price_rank, price_score, rank_average, surround_rank, surround_score, view_rank, view_score, score_id) values (?, ?, ?, ?, ?, ?, ?, ?, ?, ?)
insert into score (facility_rank, facility_score, price_rank, price_score, rank_average, surround_rank, surround_score, view_rank, view_score, score_id) values (8.099625711041448, 1.165972433903013, 2.654892907688202, 5.5393732813226615, 1.983685684806944, 7.934816548337472, 1.5471439608895177, 0.8536840931317968, 6.8077209714573, 610);
2022-10-10 14:33:47.394  INFO 4460 --- [    Test worker] p6spy                                    : #1665380027394 | took 0ms | statement | connection 26| url jdbc:h2:mem:ad3a9e80-f26d-4a3e-9691-17f803db5723
insert into picture (spot_id, url, picture_id) values (?, ?, ?)
insert into picture (spot_id, url, picture_id) values (NULL, 'java.io.StringReader@2a10a1e2', 2493);
2022-10-10 14:33:47.394  INFO 4460 --- [    Test worker] p6spy                                    : #1665380027394 | took 0ms | statement | connection 26| url jdbc:h2:mem:ad3a9e80-f26d-4a3e-9691-17f803db5723
insert into picture (spot_id, url, picture_id) values (?, ?, ?)
insert into picture (spot_id, url, picture_id) values (NULL, 'java.io.StringReader@3e28c8a0', 2494);
2022-10-10 14:33:47.394  INFO 4460 --- [    Test worker] p6spy                                    : #1665380027394 | took 0ms | statement | connection 26| url jdbc:h2:mem:ad3a9e80-f26d-4a3e-9691-17f803db5723
insert into picture (spot_id, url, picture_id) values (?, ?, ?)
insert into picture (spot_id, url, picture_id) values (NULL, 'java.io.StringReader@51740384', 2495);
2022-10-10 14:33:47.394  INFO 4460 --- [    Test worker] p6spy                                    : #1665380027394 | took 0ms | statement | connection 26| url jdbc:h2:mem:ad3a9e80-f26d-4a3e-9691-17f803db5723
insert into spot (address, description, location, name, score_id, spot_id) values (?, ?, ?, ?, ?, ?)
insert into spot (address, description, location, name, score_id, spot_id) values (NULL, NULL, 'Aewol_eup', NULL, 610, 676);
2022-10-10 14:33:47.394  INFO 4460 --- [    Test worker] p6spy                                    : #1665380027394 | took 0ms | statement | connection 26| url jdbc:h2:mem:ad3a9e80-f26d-4a3e-9691-17f803db5723
insert into member_spot (member_id, score, spot_id, member_spot_id) values (?, ?, ?, ?)
insert into member_spot (member_id, score, spot_id, member_spot_id) values (21, 0.0, 676, 2496);
2022-10-10 14:33:47.394  INFO 4460 --- [    Test worker] p6spy                                    : #1665380027394 | took 0ms | statement | connection 26| url jdbc:h2:mem:ad3a9e80-f26d-4a3e-9691-17f803db5723
insert into review (content, spot_id, review_id) values (?, ?, ?)
insert into review (content, spot_id, review_id) values ('java.io.StringReader@4750dccb', 669, 612);
2022-10-10 14:33:47.394  INFO 4460 --- [    Test worker] p6spy                                    : #1665380027394 | took 0ms | statement | connection 26| url jdbc:h2:mem:ad3a9e80-f26d-4a3e-9691-17f803db5723
insert into score (facility_rank, facility_score, price_rank, price_score, rank_average, surround_rank, surround_score, view_rank, view_score, score_id) values (?, ?, ?, ?, ?, ?, ?, ?, ?, ?)
insert into score (facility_rank, facility_score, price_rank, price_score, rank_average, surround_rank, surround_score, view_rank, view_score, score_id) values (2.9492807827918632, 0.035724227588874724, 8.14546288470819, 8.548726306270076, 6.690918637638386, 2.0614820629927166, 8.929215931529233, 0.45486517262811166, 1.709523636385517, 611);
2022-10-10 14:33:47.394  INFO 4460 --- [    Test worker] p6spy                                    : #1665380027394 | took 0ms | statement | connection 26| url jdbc:h2:mem:ad3a9e80-f26d-4a3e-9691-17f803db5723
insert into picture (spot_id, url, picture_id) values (?, ?, ?)
insert into picture (spot_id, url, picture_id) values (NULL, 'java.io.StringReader@6f86741', 2497);
2022-10-10 14:33:47.394  INFO 4460 --- [    Test worker] p6spy                                    : #1665380027394 | took 0ms | statement | connection 26| url jdbc:h2:mem:ad3a9e80-f26d-4a3e-9691-17f803db5723
insert into picture (spot_id, url, picture_id) values (?, ?, ?)
insert into picture (spot_id, url, picture_id) values (NULL, 'java.io.StringReader@3a9bf4ac', 2498);
2022-10-10 14:33:47.394  INFO 4460 --- [    Test worker] p6spy                                    : #1665380027394 | took 0ms | statement | connection 26| url jdbc:h2:mem:ad3a9e80-f26d-4a3e-9691-17f803db5723
insert into picture (spot_id, url, picture_id) values (?, ?, ?)
insert into picture (spot_id, url, picture_id) values (NULL, 'java.io.StringReader@7b68cb35', 2499);
2022-10-10 14:33:47.394  INFO 4460 --- [    Test worker] p6spy                                    : #1665380027394 | took 0ms | statement | connection 26| url jdbc:h2:mem:ad3a9e80-f26d-4a3e-9691-17f803db5723
insert into spot (address, description, location, name, score_id, spot_id) values (?, ?, ?, ?, ?, ?)
insert into spot (address, description, location, name, score_id, spot_id) values (NULL, NULL, 'Aewol_eup', NULL, 611, 677);
2022-10-10 14:33:47.394  INFO 4460 --- [    Test worker] p6spy                                    : #1665380027394 | took 0ms | statement | connection 26| url jdbc:h2:mem:ad3a9e80-f26d-4a3e-9691-17f803db5723
insert into member_spot (member_id, score, spot_id, member_spot_id) values (?, ?, ?, ?)
insert into member_spot (member_id, score, spot_id, member_spot_id) values (21, 0.0, 677, 2500);
2022-10-10 14:33:47.394  INFO 4460 --- [    Test worker] p6spy                                    : #1665380027394 | took 0ms | statement | connection 26| url jdbc:h2:mem:ad3a9e80-f26d-4a3e-9691-17f803db5723
insert into review (content, spot_id, review_id) values (?, ?, ?)
insert into review (content, spot_id, review_id) values ('java.io.StringReader@57c5c2d0', 669, 613);
2022-10-10 14:33:47.394  INFO 4460 --- [    Test worker] p6spy                                    : #1665380027394 | took 0ms | statement | connection 26| url jdbc:h2:mem:ad3a9e80-f26d-4a3e-9691-17f803db5723
insert into favorite_spot (count, favorite_id, spot_id, favorite_spot_id) values (?, ?, ?, ?)
insert into favorite_spot (count, favorite_id, spot_id, favorite_spot_id) values (0, 41, 677, 481);
2022-10-10 14:33:47.394  INFO 4460 --- [    Test worker] p6spy                                    : #1665380027394 | took 0ms | statement | connection 26| url jdbc:h2:mem:ad3a9e80-f26d-4a3e-9691-17f803db5723
insert into score (facility_rank, facility_score, price_rank, price_score, rank_average, surround_rank, surround_score, view_rank, view_score, score_id) values (?, ?, ?, ?, ?, ?, ?, ?, ?, ?)
insert into score (facility_rank, facility_score, price_rank, price_score, rank_average, surround_rank, surround_score, view_rank, view_score, score_id) values (4.098144391894244, 0.8130147504824714, 7.619698612489705, 4.640312055823108, 5.167905265445036, 6.040447314416827, 6.962775377766636, 8.989546332329677, 3.3461898056663966, 612);
2022-10-10 14:33:47.394  INFO 4460 --- [    Test worker] p6spy                                    : #1665380027394 | took 0ms | statement | connection 26| url jdbc:h2:mem:ad3a9e80-f26d-4a3e-9691-17f803db5723
insert into picture (spot_id, url, picture_id) values (?, ?, ?)
insert into picture (spot_id, url, picture_id) values (NULL, 'java.io.StringReader@7f64de7b', 2501);
2022-10-10 14:33:47.394  INFO 4460 --- [    Test worker] p6spy                                    : #1665380027394 | took 0ms | statement | connection 26| url jdbc:h2:mem:ad3a9e80-f26d-4a3e-9691-17f803db5723
insert into picture (spot_id, url, picture_id) values (?, ?, ?)
insert into picture (spot_id, url, picture_id) values (NULL, 'java.io.StringReader@668f6e3a', 2502);
2022-10-10 14:33:47.394  INFO 4460 --- [    Test worker] p6spy                                    : #1665380027394 | took 0ms | statement | connection 26| url jdbc:h2:mem:ad3a9e80-f26d-4a3e-9691-17f803db5723
insert into picture (spot_id, url, picture_id) values (?, ?, ?)
insert into picture (spot_id, url, picture_id) values (NULL, 'java.io.StringReader@1c850bdd', 2503);
2022-10-10 14:33:47.394  INFO 4460 --- [    Test worker] p6spy                                    : #1665380027394 | took 0ms | statement | connection 26| url jdbc:h2:mem:ad3a9e80-f26d-4a3e-9691-17f803db5723
insert into spot (address, description, location, name, score_id, spot_id) values (?, ?, ?, ?, ?, ?)
insert into spot (address, description, location, name, score_id, spot_id) values (NULL, NULL, 'Aewol_eup', NULL, 612, 678);
2022-10-10 14:33:47.395  INFO 4460 --- [    Test worker] p6spy                                    : #1665380027395 | took 0ms | statement | connection 26| url jdbc:h2:mem:ad3a9e80-f26d-4a3e-9691-17f803db5723
insert into member_spot (member_id, score, spot_id, member_spot_id) values (?, ?, ?, ?)
insert into member_spot (member_id, score, spot_id, member_spot_id) values (21, 0.0, 678, 2504);
2022-10-10 14:33:47.395  INFO 4460 --- [    Test worker] p6spy                                    : #1665380027395 | took 0ms | statement | connection 26| url jdbc:h2:mem:ad3a9e80-f26d-4a3e-9691-17f803db5723
insert into review (content, spot_id, review_id) values (?, ?, ?)
insert into review (content, spot_id, review_id) values ('java.io.StringReader@3d418e37', 669, 614);
2022-10-10 14:33:47.395  INFO 4460 --- [    Test worker] p6spy                                    : #1665380027395 | took 0ms | statement | connection 26| url jdbc:h2:mem:ad3a9e80-f26d-4a3e-9691-17f803db5723
insert into score (facility_rank, facility_score, price_rank, price_score, rank_average, surround_rank, surround_score, view_rank, view_score, score_id) values (?, ?, ?, ?, ?, ?, ?, ?, ?, ?)
insert into score (facility_rank, facility_score, price_rank, price_score, rank_average, surround_rank, surround_score, view_rank, view_score, score_id) values (6.3197993495885, 6.5478234010808025, 2.6927120727309672, 1.6366559926171886, 1.7423178448427779, 3.7488430103407566, 4.711036323642115, 0.5465529748742493, 5.155032595508945, 613);
2022-10-10 14:33:47.395  INFO 4460 --- [    Test worker] p6spy                                    : #1665380027395 | took 0ms | statement | connection 26| url jdbc:h2:mem:ad3a9e80-f26d-4a3e-9691-17f803db5723
insert into picture (spot_id, url, picture_id) values (?, ?, ?)
insert into picture (spot_id, url, picture_id) values (NULL, 'java.io.StringReader@7a4d1c9f', 2505);
2022-10-10 14:33:47.395  INFO 4460 --- [    Test worker] p6spy                                    : #1665380027395 | took 0ms | statement | connection 26| url jdbc:h2:mem:ad3a9e80-f26d-4a3e-9691-17f803db5723
insert into picture (spot_id, url, picture_id) values (?, ?, ?)
insert into picture (spot_id, url, picture_id) values (NULL, 'java.io.StringReader@7fa897a5', 2506);
2022-10-10 14:33:47.395  INFO 4460 --- [    Test worker] p6spy                                    : #1665380027395 | took 0ms | statement | connection 26| url jdbc:h2:mem:ad3a9e80-f26d-4a3e-9691-17f803db5723
insert into picture (spot_id, url, picture_id) values (?, ?, ?)
insert into picture (spot_id, url, picture_id) values (NULL, 'java.io.StringReader@22f53e9b', 2507);
2022-10-10 14:33:47.395  INFO 4460 --- [    Test worker] p6spy                                    : #1665380027395 | took 0ms | statement | connection 26| url jdbc:h2:mem:ad3a9e80-f26d-4a3e-9691-17f803db5723
insert into spot (address, description, location, name, score_id, spot_id) values (?, ?, ?, ?, ?, ?)
insert into spot (address, description, location, name, score_id, spot_id) values (NULL, NULL, 'Aewol_eup', NULL, 613, 679);
2022-10-10 14:33:47.395  INFO 4460 --- [    Test worker] p6spy                                    : #1665380027395 | took 0ms | statement | connection 26| url jdbc:h2:mem:ad3a9e80-f26d-4a3e-9691-17f803db5723
insert into member_spot (member_id, score, spot_id, member_spot_id) values (?, ?, ?, ?)
insert into member_spot (member_id, score, spot_id, member_spot_id) values (21, 0.0, 679, 2508);
2022-10-10 14:33:47.395  INFO 4460 --- [    Test worker] p6spy                                    : #1665380027395 | took 0ms | statement | connection 26| url jdbc:h2:mem:ad3a9e80-f26d-4a3e-9691-17f803db5723
insert into review (content, spot_id, review_id) values (?, ?, ?)
insert into review (content, spot_id, review_id) values ('java.io.StringReader@3fad5a71', 669, 615);
2022-10-10 14:33:47.395  INFO 4460 --- [    Test worker] p6spy                                    : #1665380027395 | took 0ms | statement | connection 26| url jdbc:h2:mem:ad3a9e80-f26d-4a3e-9691-17f803db5723
insert into favorite_spot (count, favorite_id, spot_id, favorite_spot_id) values (?, ?, ?, ?)
insert into favorite_spot (count, favorite_id, spot_id, favorite_spot_id) values (0, 41, 679, 482);
2022-10-10 14:33:47.395  INFO 4460 --- [    Test worker] p6spy                                    : #1665380027395 | took 0ms | statement | connection 26| url jdbc:h2:mem:ad3a9e80-f26d-4a3e-9691-17f803db5723
insert into score (facility_rank, facility_score, price_rank, price_score, rank_average, surround_rank, surround_score, view_rank, view_score, score_id) values (?, ?, ?, ?, ?, ?, ?, ?, ?, ?)
insert into score (facility_rank, facility_score, price_rank, price_score, rank_average, surround_rank, surround_score, view_rank, view_score, score_id) values (5.057420931220062, 6.846180536315654, 6.508848145327269, 4.887445629233195, 3.67789660201302, 1.1629351942246902, 5.127469117439446, 5.663107146571493, 9.215947360668205, 614);
2022-10-10 14:33:47.395  INFO 4460 --- [    Test worker] p6spy                                    : #1665380027395 | took 0ms | statement | connection 26| url jdbc:h2:mem:ad3a9e80-f26d-4a3e-9691-17f803db5723
insert into picture (spot_id, url, picture_id) values (?, ?, ?)
insert into picture (spot_id, url, picture_id) values (NULL, 'java.io.StringReader@53c92b14', 2509);
2022-10-10 14:33:47.395  INFO 4460 --- [    Test worker] p6spy                                    : #1665380027395 | took 0ms | statement | connection 26| url jdbc:h2:mem:ad3a9e80-f26d-4a3e-9691-17f803db5723
insert into picture (spot_id, url, picture_id) values (?, ?, ?)
insert into picture (spot_id, url, picture_id) values (NULL, 'java.io.StringReader@797ea658', 2510);
2022-10-10 14:33:47.395  INFO 4460 --- [    Test worker] p6spy                                    : #1665380027395 | took 0ms | statement | connection 26| url jdbc:h2:mem:ad3a9e80-f26d-4a3e-9691-17f803db5723
insert into picture (spot_id, url, picture_id) values (?, ?, ?)
insert into picture (spot_id, url, picture_id) values (NULL, 'java.io.StringReader@1709ca1', 2511);
2022-10-10 14:33:47.395  INFO 4460 --- [    Test worker] p6spy                                    : #1665380027395 | took 0ms | statement | connection 26| url jdbc:h2:mem:ad3a9e80-f26d-4a3e-9691-17f803db5723
insert into spot (address, description, location, name, score_id, spot_id) values (?, ?, ?, ?, ?, ?)
insert into spot (address, description, location, name, score_id, spot_id) values (NULL, NULL, 'Aewol_eup', NULL, 614, 680);
2022-10-10 14:33:47.395  INFO 4460 --- [    Test worker] p6spy                                    : #1665380027395 | took 0ms | statement | connection 26| url jdbc:h2:mem:ad3a9e80-f26d-4a3e-9691-17f803db5723
insert into member_spot (member_id, score, spot_id, member_spot_id) values (?, ?, ?, ?)
insert into member_spot (member_id, score, spot_id, member_spot_id) values (21, 0.0, 680, 2512);
2022-10-10 14:33:47.395  INFO 4460 --- [    Test worker] p6spy                                    : #1665380027395 | took 0ms | statement | connection 26| url jdbc:h2:mem:ad3a9e80-f26d-4a3e-9691-17f803db5723
insert into review (content, spot_id, review_id) values (?, ?, ?)
insert into review (content, spot_id, review_id) values ('java.io.StringReader@6749edb1', 669, 616);
2022-10-10 14:33:47.395  INFO 4460 --- [    Test worker] p6spy                                    : #1665380027395 | took 0ms | statement | connection 26| url jdbc:h2:mem:ad3a9e80-f26d-4a3e-9691-17f803db5723
insert into score (facility_rank, facility_score, price_rank, price_score, rank_average, surround_rank, surround_score, view_rank, view_score, score_id) values (?, ?, ?, ?, ?, ?, ?, ?, ?, ?)
insert into score (facility_rank, facility_score, price_rank, price_score, rank_average, surround_rank, surround_score, view_rank, view_score, score_id) values (0.24864737179822738, 9.544028936736787, 3.8315028372897975, 1.8614912258122729, 5.761357991959411, 1.8717429715991807, 0.6275188250258734, 1.778069545513974, 0.5257166986689199, 615);
2022-10-10 14:33:47.395  INFO 4460 --- [    Test worker] p6spy                                    : #1665380027395 | took 0ms | statement | connection 26| url jdbc:h2:mem:ad3a9e80-f26d-4a3e-9691-17f803db5723
insert into picture (spot_id, url, picture_id) values (?, ?, ?)
insert into picture (spot_id, url, picture_id) values (NULL, 'java.io.StringReader@42b4b616', 2513);
2022-10-10 14:33:47.395  INFO 4460 --- [    Test worker] p6spy                                    : #1665380027395 | took 0ms | statement | connection 26| url jdbc:h2:mem:ad3a9e80-f26d-4a3e-9691-17f803db5723
insert into picture (spot_id, url, picture_id) values (?, ?, ?)
insert into picture (spot_id, url, picture_id) values (NULL, 'java.io.StringReader@d62466', 2514);
2022-10-10 14:33:47.395  INFO 4460 --- [    Test worker] p6spy                                    : #1665380027395 | took 0ms | statement | connection 26| url jdbc:h2:mem:ad3a9e80-f26d-4a3e-9691-17f803db5723
insert into picture (spot_id, url, picture_id) values (?, ?, ?)
insert into picture (spot_id, url, picture_id) values (NULL, 'java.io.StringReader@459db54e', 2515);
2022-10-10 14:33:47.395  INFO 4460 --- [    Test worker] p6spy                                    : #1665380027395 | took 0ms | statement | connection 26| url jdbc:h2:mem:ad3a9e80-f26d-4a3e-9691-17f803db5723
insert into spot (address, description, location, name, score_id, spot_id) values (?, ?, ?, ?, ?, ?)
insert into spot (address, description, location, name, score_id, spot_id) values (NULL, NULL, 'Aewol_eup', NULL, 615, 681);
2022-10-10 14:33:47.395  INFO 4460 --- [    Test worker] p6spy                                    : #1665380027395 | took 0ms | statement | connection 26| url jdbc:h2:mem:ad3a9e80-f26d-4a3e-9691-17f803db5723
insert into member_spot (member_id, score, spot_id, member_spot_id) values (?, ?, ?, ?)
insert into member_spot (member_id, score, spot_id, member_spot_id) values (21, 0.0, 681, 2516);
2022-10-10 14:33:47.395  INFO 4460 --- [    Test worker] p6spy                                    : #1665380027395 | took 0ms | statement | connection 26| url jdbc:h2:mem:ad3a9e80-f26d-4a3e-9691-17f803db5723
insert into review (content, spot_id, review_id) values (?, ?, ?)
insert into review (content, spot_id, review_id) values ('java.io.StringReader@16baf1e1', 669, 617);
2022-10-10 14:33:47.395  INFO 4460 --- [    Test worker] p6spy                                    : #1665380027395 | took 0ms | statement | connection 26| url jdbc:h2:mem:ad3a9e80-f26d-4a3e-9691-17f803db5723
insert into favorite_spot (count, favorite_id, spot_id, favorite_spot_id) values (?, ?, ?, ?)
insert into favorite_spot (count, favorite_id, spot_id, favorite_spot_id) values (0, 41, 681, 483);
2022-10-10 14:33:47.395  INFO 4460 --- [    Test worker] p6spy                                    : #1665380027395 | took 0ms | statement | connection 26| url jdbc:h2:mem:ad3a9e80-f26d-4a3e-9691-17f803db5723
insert into score (facility_rank, facility_score, price_rank, price_score, rank_average, surround_rank, surround_score, view_rank, view_score, score_id) values (?, ?, ?, ?, ?, ?, ?, ?, ?, ?)
insert into score (facility_rank, facility_score, price_rank, price_score, rank_average, surround_rank, surround_score, view_rank, view_score, score_id) values (0.37359210608858273, 9.311155169410036, 6.281286324450948, 4.480423126784656, 5.253658380306572, 3.4066601328910218, 9.362487470148299, 0.09320444376333836, 5.703633031895059, 616);
2022-10-10 14:33:47.395  INFO 4460 --- [    Test worker] p6spy                                    : #1665380027395 | took 0ms | statement | connection 26| url jdbc:h2:mem:ad3a9e80-f26d-4a3e-9691-17f803db5723
insert into picture (spot_id, url, picture_id) values (?, ?, ?)
insert into picture (spot_id, url, picture_id) values (NULL, 'java.io.StringReader@30dc3d90', 2517);
2022-10-10 14:33:47.395  INFO 4460 --- [    Test worker] p6spy                                    : #1665380027395 | took 0ms | statement | connection 26| url jdbc:h2:mem:ad3a9e80-f26d-4a3e-9691-17f803db5723
insert into picture (spot_id, url, picture_id) values (?, ?, ?)
insert into picture (spot_id, url, picture_id) values (NULL, 'java.io.StringReader@39491dc', 2518);
2022-10-10 14:33:47.395  INFO 4460 --- [    Test worker] p6spy                                    : #1665380027395 | took 0ms | statement | connection 26| url jdbc:h2:mem:ad3a9e80-f26d-4a3e-9691-17f803db5723
insert into picture (spot_id, url, picture_id) values (?, ?, ?)
insert into picture (spot_id, url, picture_id) values (NULL, 'java.io.StringReader@64e11755', 2519);
2022-10-10 14:33:47.396  INFO 4460 --- [    Test worker] p6spy                                    : #1665380027396 | took 0ms | statement | connection 26| url jdbc:h2:mem:ad3a9e80-f26d-4a3e-9691-17f803db5723
insert into spot (address, description, location, name, score_id, spot_id) values (?, ?, ?, ?, ?, ?)
insert into spot (address, description, location, name, score_id, spot_id) values (NULL, NULL, 'Aewol_eup', NULL, 616, 682);
2022-10-10 14:33:47.396  INFO 4460 --- [    Test worker] p6spy                                    : #1665380027396 | took 0ms | statement | connection 26| url jdbc:h2:mem:ad3a9e80-f26d-4a3e-9691-17f803db5723
insert into member_spot (member_id, score, spot_id, member_spot_id) values (?, ?, ?, ?)
insert into member_spot (member_id, score, spot_id, member_spot_id) values (21, 0.0, 682, 2520);
2022-10-10 14:33:47.396  INFO 4460 --- [    Test worker] p6spy                                    : #1665380027396 | took 0ms | statement | connection 26| url jdbc:h2:mem:ad3a9e80-f26d-4a3e-9691-17f803db5723
insert into review (content, spot_id, review_id) values (?, ?, ?)
insert into review (content, spot_id, review_id) values ('java.io.StringReader@52d77bcd', 669, 618);
2022-10-10 14:33:47.396  INFO 4460 --- [    Test worker] p6spy                                    : #1665380027396 | took 0ms | statement | connection 26| url jdbc:h2:mem:ad3a9e80-f26d-4a3e-9691-17f803db5723
insert into score (facility_rank, facility_score, price_rank, price_score, rank_average, surround_rank, surround_score, view_rank, view_score, score_id) values (?, ?, ?, ?, ?, ?, ?, ?, ?, ?)
insert into score (facility_rank, facility_score, price_rank, price_score, rank_average, surround_rank, surround_score, view_rank, view_score, score_id) values (0.9958525902739301, 4.4572552627220805, 9.28921765342602, 1.195555963833499, 0.5621743330685625, 9.835068926252006, 9.156137620717152, 5.636081140026383, 4.540606406413625, 617);
2022-10-10 14:33:47.396  INFO 4460 --- [    Test worker] p6spy                                    : #1665380027396 | took 0ms | statement | connection 26| url jdbc:h2:mem:ad3a9e80-f26d-4a3e-9691-17f803db5723
insert into picture (spot_id, url, picture_id) values (?, ?, ?)
insert into picture (spot_id, url, picture_id) values (NULL, 'java.io.StringReader@262f2b4a', 2521);
2022-10-10 14:33:47.396  INFO 4460 --- [    Test worker] p6spy                                    : #1665380027396 | took 0ms | statement | connection 26| url jdbc:h2:mem:ad3a9e80-f26d-4a3e-9691-17f803db5723
insert into picture (spot_id, url, picture_id) values (?, ?, ?)
insert into picture (spot_id, url, picture_id) values (NULL, 'java.io.StringReader@46bcce3d', 2522);
2022-10-10 14:33:47.396  INFO 4460 --- [    Test worker] p6spy                                    : #1665380027396 | took 0ms | statement | connection 26| url jdbc:h2:mem:ad3a9e80-f26d-4a3e-9691-17f803db5723
insert into picture (spot_id, url, picture_id) values (?, ?, ?)
insert into picture (spot_id, url, picture_id) values (NULL, 'java.io.StringReader@19727bf1', 2523);
2022-10-10 14:33:47.396  INFO 4460 --- [    Test worker] p6spy                                    : #1665380027396 | took 0ms | statement | connection 26| url jdbc:h2:mem:ad3a9e80-f26d-4a3e-9691-17f803db5723
insert into spot (address, description, location, name, score_id, spot_id) values (?, ?, ?, ?, ?, ?)
insert into spot (address, description, location, name, score_id, spot_id) values (NULL, NULL, 'Aewol_eup', NULL, 617, 683);
2022-10-10 14:33:47.396  INFO 4460 --- [    Test worker] p6spy                                    : #1665380027396 | took 0ms | statement | connection 26| url jdbc:h2:mem:ad3a9e80-f26d-4a3e-9691-17f803db5723
insert into member_spot (member_id, score, spot_id, member_spot_id) values (?, ?, ?, ?)
insert into member_spot (member_id, score, spot_id, member_spot_id) values (21, 0.0, 683, 2524);
2022-10-10 14:33:47.396  INFO 4460 --- [    Test worker] p6spy                                    : #1665380027396 | took 0ms | statement | connection 26| url jdbc:h2:mem:ad3a9e80-f26d-4a3e-9691-17f803db5723
insert into review (content, spot_id, review_id) values (?, ?, ?)
insert into review (content, spot_id, review_id) values ('java.io.StringReader@417b1561', 669, 619);
2022-10-10 14:33:47.396  INFO 4460 --- [    Test worker] p6spy                                    : #1665380027396 | took 0ms | statement | connection 26| url jdbc:h2:mem:ad3a9e80-f26d-4a3e-9691-17f803db5723
insert into favorite_spot (count, favorite_id, spot_id, favorite_spot_id) values (?, ?, ?, ?)
insert into favorite_spot (count, favorite_id, spot_id, favorite_spot_id) values (0, 41, 683, 484);
2022-10-10 14:33:47.396  INFO 4460 --- [    Test worker] p6spy                                    : #1665380027396 | took 0ms | statement | connection 26| url jdbc:h2:mem:ad3a9e80-f26d-4a3e-9691-17f803db5723
insert into score (facility_rank, facility_score, price_rank, price_score, rank_average, surround_rank, surround_score, view_rank, view_score, score_id) values (?, ?, ?, ?, ?, ?, ?, ?, ?, ?)
insert into score (facility_rank, facility_score, price_rank, price_score, rank_average, surround_rank, surround_score, view_rank, view_score, score_id) values (6.331422358865168, 5.303616034806811, 7.679685688726073, 1.0812120679439652, 9.01768200391848, 3.4284433365519087, 8.7019309584928, 7.755599529752423, 3.2187000613021963, 618);
2022-10-10 14:33:47.396  INFO 4460 --- [    Test worker] p6spy                                    : #1665380027396 | took 0ms | statement | connection 26| url jdbc:h2:mem:ad3a9e80-f26d-4a3e-9691-17f803db5723
insert into picture (spot_id, url, picture_id) values (?, ?, ?)
insert into picture (spot_id, url, picture_id) values (NULL, 'java.io.StringReader@50ec43f0', 2525);
2022-10-10 14:33:47.396  INFO 4460 --- [    Test worker] p6spy                                    : #1665380027396 | took 0ms | statement | connection 26| url jdbc:h2:mem:ad3a9e80-f26d-4a3e-9691-17f803db5723
insert into picture (spot_id, url, picture_id) values (?, ?, ?)
insert into picture (spot_id, url, picture_id) values (NULL, 'java.io.StringReader@70d5c532', 2526);
2022-10-10 14:33:47.396  INFO 4460 --- [    Test worker] p6spy                                    : #1665380027396 | took 0ms | statement | connection 26| url jdbc:h2:mem:ad3a9e80-f26d-4a3e-9691-17f803db5723
insert into picture (spot_id, url, picture_id) values (?, ?, ?)
insert into picture (spot_id, url, picture_id) values (NULL, 'java.io.StringReader@318c0f14', 2527);
2022-10-10 14:33:47.396  INFO 4460 --- [    Test worker] p6spy                                    : #1665380027396 | took 0ms | statement | connection 26| url jdbc:h2:mem:ad3a9e80-f26d-4a3e-9691-17f803db5723
insert into spot (address, description, location, name, score_id, spot_id) values (?, ?, ?, ?, ?, ?)
insert into spot (address, description, location, name, score_id, spot_id) values (NULL, NULL, 'Aewol_eup', NULL, 618, 684);
2022-10-10 14:33:47.396  INFO 4460 --- [    Test worker] p6spy                                    : #1665380027396 | took 0ms | statement | connection 26| url jdbc:h2:mem:ad3a9e80-f26d-4a3e-9691-17f803db5723
insert into member_spot (member_id, score, spot_id, member_spot_id) values (?, ?, ?, ?)
insert into member_spot (member_id, score, spot_id, member_spot_id) values (21, 0.0, 684, 2528);
2022-10-10 14:33:47.396  INFO 4460 --- [    Test worker] p6spy                                    : #1665380027396 | took 0ms | statement | connection 26| url jdbc:h2:mem:ad3a9e80-f26d-4a3e-9691-17f803db5723
insert into review (content, spot_id, review_id) values (?, ?, ?)
insert into review (content, spot_id, review_id) values ('java.io.StringReader@5e275c77', 669, 620);
2022-10-10 14:33:47.396  INFO 4460 --- [    Test worker] p6spy                                    : #1665380027396 | took 0ms | statement | connection 26| url jdbc:h2:mem:ad3a9e80-f26d-4a3e-9691-17f803db5723
insert into score (facility_rank, facility_score, price_rank, price_score, rank_average, surround_rank, surround_score, view_rank, view_score, score_id) values (?, ?, ?, ?, ?, ?, ?, ?, ?, ?)
insert into score (facility_rank, facility_score, price_rank, price_score, rank_average, surround_rank, surround_score, view_rank, view_score, score_id) values (4.046544174181825, 8.273725768295508, 4.130467393540783, 4.3989361933588125, 5.535565376243965, 6.4020507788766166, 4.941320817321824, 0.03698811871176155, 5.369356706309032, 619);
2022-10-10 14:33:47.396  INFO 4460 --- [    Test worker] p6spy                                    : #1665380027396 | took 0ms | statement | connection 26| url jdbc:h2:mem:ad3a9e80-f26d-4a3e-9691-17f803db5723
insert into picture (spot_id, url, picture_id) values (?, ?, ?)
insert into picture (spot_id, url, picture_id) values (NULL, 'java.io.StringReader@2ec34bb9', 2529);
2022-10-10 14:33:47.396  INFO 4460 --- [    Test worker] p6spy                                    : #1665380027396 | took 0ms | statement | connection 26| url jdbc:h2:mem:ad3a9e80-f26d-4a3e-9691-17f803db5723
insert into picture (spot_id, url, picture_id) values (?, ?, ?)
insert into picture (spot_id, url, picture_id) values (NULL, 'java.io.StringReader@2bf3f3a0', 2530);
2022-10-10 14:33:47.396  INFO 4460 --- [    Test worker] p6spy                                    : #1665380027396 | took 0ms | statement | connection 26| url jdbc:h2:mem:ad3a9e80-f26d-4a3e-9691-17f803db5723
insert into picture (spot_id, url, picture_id) values (?, ?, ?)
insert into picture (spot_id, url, picture_id) values (NULL, 'java.io.StringReader@3a33f3ae', 2531);
2022-10-10 14:33:47.396  INFO 4460 --- [    Test worker] p6spy                                    : #1665380027396 | took 0ms | statement | connection 26| url jdbc:h2:mem:ad3a9e80-f26d-4a3e-9691-17f803db5723
insert into spot (address, description, location, name, score_id, spot_id) values (?, ?, ?, ?, ?, ?)
insert into spot (address, description, location, name, score_id, spot_id) values (NULL, NULL, 'Aewol_eup', NULL, 619, 685);
2022-10-10 14:33:47.396  INFO 4460 --- [    Test worker] p6spy                                    : #1665380027396 | took 0ms | statement | connection 26| url jdbc:h2:mem:ad3a9e80-f26d-4a3e-9691-17f803db5723
insert into member_spot (member_id, score, spot_id, member_spot_id) values (?, ?, ?, ?)
insert into member_spot (member_id, score, spot_id, member_spot_id) values (21, 0.0, 685, 2532);
2022-10-10 14:33:47.396  INFO 4460 --- [    Test worker] p6spy                                    : #1665380027396 | took 0ms | statement | connection 26| url jdbc:h2:mem:ad3a9e80-f26d-4a3e-9691-17f803db5723
insert into review (content, spot_id, review_id) values (?, ?, ?)
insert into review (content, spot_id, review_id) values ('java.io.StringReader@22a5c1ec', 669, 621);
2022-10-10 14:33:47.396  INFO 4460 --- [    Test worker] p6spy                                    : #1665380027396 | took 0ms | statement | connection 26| url jdbc:h2:mem:ad3a9e80-f26d-4a3e-9691-17f803db5723
insert into favorite_spot (count, favorite_id, spot_id, favorite_spot_id) values (?, ?, ?, ?)
insert into favorite_spot (count, favorite_id, spot_id, favorite_spot_id) values (0, 41, 685, 485);
2022-10-10 14:33:47.396  INFO 4460 --- [    Test worker] p6spy                                    : #1665380027396 | took 0ms | statement | connection 26| url jdbc:h2:mem:ad3a9e80-f26d-4a3e-9691-17f803db5723
insert into score (facility_rank, facility_score, price_rank, price_score, rank_average, surround_rank, surround_score, view_rank, view_score, score_id) values (?, ?, ?, ?, ?, ?, ?, ?, ?, ?)
insert into score (facility_rank, facility_score, price_rank, price_score, rank_average, surround_rank, surround_score, view_rank, view_score, score_id) values (9.686272443151916, 6.234974909430424, 3.4720825800625787, 6.3074847463601555, 6.771601727669676, 1.7054339455144751, 6.238071809450921, 1.7628540638737045, 9.423440767900292, 620);
2022-10-10 14:33:47.396  INFO 4460 --- [    Test worker] p6spy                                    : #1665380027396 | took 0ms | statement | connection 26| url jdbc:h2:mem:ad3a9e80-f26d-4a3e-9691-17f803db5723
insert into picture (spot_id, url, picture_id) values (?, ?, ?)
insert into picture (spot_id, url, picture_id) values (NULL, 'java.io.StringReader@7746fcfb', 2533);
2022-10-10 14:33:47.397  INFO 4460 --- [    Test worker] p6spy                                    : #1665380027397 | took 0ms | statement | connection 26| url jdbc:h2:mem:ad3a9e80-f26d-4a3e-9691-17f803db5723
insert into picture (spot_id, url, picture_id) values (?, ?, ?)
insert into picture (spot_id, url, picture_id) values (NULL, 'java.io.StringReader@7d5103c5', 2534);
2022-10-10 14:33:47.397  INFO 4460 --- [    Test worker] p6spy                                    : #1665380027397 | took 0ms | statement | connection 26| url jdbc:h2:mem:ad3a9e80-f26d-4a3e-9691-17f803db5723
insert into picture (spot_id, url, picture_id) values (?, ?, ?)
insert into picture (spot_id, url, picture_id) values (NULL, 'java.io.StringReader@5b304edc', 2535);
2022-10-10 14:33:47.397  INFO 4460 --- [    Test worker] p6spy                                    : #1665380027397 | took 0ms | statement | connection 26| url jdbc:h2:mem:ad3a9e80-f26d-4a3e-9691-17f803db5723
insert into spot (address, description, location, name, score_id, spot_id) values (?, ?, ?, ?, ?, ?)
insert into spot (address, description, location, name, score_id, spot_id) values (NULL, NULL, 'Aewol_eup', NULL, 620, 686);
2022-10-10 14:33:47.397  INFO 4460 --- [    Test worker] p6spy                                    : #1665380027397 | took 0ms | statement | connection 26| url jdbc:h2:mem:ad3a9e80-f26d-4a3e-9691-17f803db5723
insert into member_spot (member_id, score, spot_id, member_spot_id) values (?, ?, ?, ?)
insert into member_spot (member_id, score, spot_id, member_spot_id) values (21, 0.0, 686, 2536);
2022-10-10 14:33:47.397  INFO 4460 --- [    Test worker] p6spy                                    : #1665380027397 | took 0ms | statement | connection 26| url jdbc:h2:mem:ad3a9e80-f26d-4a3e-9691-17f803db5723
insert into review (content, spot_id, review_id) values (?, ?, ?)
insert into review (content, spot_id, review_id) values ('java.io.StringReader@5ec0e4fc', 669, 622);
2022-10-10 14:33:47.397  INFO 4460 --- [    Test worker] p6spy                                    : #1665380027397 | took 0ms | statement | connection 26| url jdbc:h2:mem:ad3a9e80-f26d-4a3e-9691-17f803db5723
insert into score (facility_rank, facility_score, price_rank, price_score, rank_average, surround_rank, surround_score, view_rank, view_score, score_id) values (?, ?, ?, ?, ?, ?, ?, ?, ?, ?)
insert into score (facility_rank, facility_score, price_rank, price_score, rank_average, surround_rank, surround_score, view_rank, view_score, score_id) values (4.5760805999918635, 6.53933977620583, 0.17789714572871151, 3.454657391246103, 5.474312737593001, 8.583005495217972, 2.9558873048041088, 3.698542491187762, 9.59094829395616, 621);
2022-10-10 14:33:47.397  INFO 4460 --- [    Test worker] p6spy                                    : #1665380027397 | took 0ms | statement | connection 26| url jdbc:h2:mem:ad3a9e80-f26d-4a3e-9691-17f803db5723
insert into picture (spot_id, url, picture_id) values (?, ?, ?)
insert into picture (spot_id, url, picture_id) values (NULL, 'java.io.StringReader@514b2384', 2537);
2022-10-10 14:33:47.397  INFO 4460 --- [    Test worker] p6spy                                    : #1665380027397 | took 0ms | statement | connection 26| url jdbc:h2:mem:ad3a9e80-f26d-4a3e-9691-17f803db5723
insert into picture (spot_id, url, picture_id) values (?, ?, ?)
insert into picture (spot_id, url, picture_id) values (NULL, 'java.io.StringReader@6b776037', 2538);
2022-10-10 14:33:47.397  INFO 4460 --- [    Test worker] p6spy                                    : #1665380027397 | took 0ms | statement | connection 26| url jdbc:h2:mem:ad3a9e80-f26d-4a3e-9691-17f803db5723
insert into picture (spot_id, url, picture_id) values (?, ?, ?)
insert into picture (spot_id, url, picture_id) values (NULL, 'java.io.StringReader@10489785', 2539);
2022-10-10 14:33:47.397  INFO 4460 --- [    Test worker] p6spy                                    : #1665380027397 | took 0ms | statement | connection 26| url jdbc:h2:mem:ad3a9e80-f26d-4a3e-9691-17f803db5723
insert into spot (address, description, location, name, score_id, spot_id) values (?, ?, ?, ?, ?, ?)
insert into spot (address, description, location, name, score_id, spot_id) values (NULL, NULL, 'Aewol_eup', NULL, 621, 687);
2022-10-10 14:33:47.397  INFO 4460 --- [    Test worker] p6spy                                    : #1665380027397 | took 0ms | statement | connection 26| url jdbc:h2:mem:ad3a9e80-f26d-4a3e-9691-17f803db5723
insert into member_spot (member_id, score, spot_id, member_spot_id) values (?, ?, ?, ?)
insert into member_spot (member_id, score, spot_id, member_spot_id) values (21, 0.0, 687, 2540);
2022-10-10 14:33:47.397  INFO 4460 --- [    Test worker] p6spy                                    : #1665380027397 | took 0ms | statement | connection 26| url jdbc:h2:mem:ad3a9e80-f26d-4a3e-9691-17f803db5723
insert into review (content, spot_id, review_id) values (?, ?, ?)
insert into review (content, spot_id, review_id) values ('java.io.StringReader@39ed8d69', 669, 623);
2022-10-10 14:33:47.397  INFO 4460 --- [    Test worker] p6spy                                    : #1665380027397 | took 0ms | statement | connection 26| url jdbc:h2:mem:ad3a9e80-f26d-4a3e-9691-17f803db5723
insert into favorite_spot (count, favorite_id, spot_id, favorite_spot_id) values (?, ?, ?, ?)
insert into favorite_spot (count, favorite_id, spot_id, favorite_spot_id) values (0, 41, 687, 486);
2022-10-10 14:33:47.397  INFO 4460 --- [    Test worker] p6spy                                    : #1665380027397 | took 0ms | statement | connection 26| url jdbc:h2:mem:ad3a9e80-f26d-4a3e-9691-17f803db5723
insert into score (facility_rank, facility_score, price_rank, price_score, rank_average, surround_rank, surround_score, view_rank, view_score, score_id) values (?, ?, ?, ?, ?, ?, ?, ?, ?, ?)
insert into score (facility_rank, facility_score, price_rank, price_score, rank_average, surround_rank, surround_score, view_rank, view_score, score_id) values (3.5437892234755908, 7.296648823617233, 2.770096363967501, 1.6542126147003455, 3.566440141149757, 0.2594101652206049, 0.15874442808923472, 2.5012083471067825, 5.598848604848772, 622);
2022-10-10 14:33:47.397  INFO 4460 --- [    Test worker] p6spy                                    : #1665380027397 | took 0ms | statement | connection 26| url jdbc:h2:mem:ad3a9e80-f26d-4a3e-9691-17f803db5723
insert into picture (spot_id, url, picture_id) values (?, ?, ?)
insert into picture (spot_id, url, picture_id) values (NULL, 'java.io.StringReader@3340a731', 2541);
2022-10-10 14:33:47.397  INFO 4460 --- [    Test worker] p6spy                                    : #1665380027397 | took 0ms | statement | connection 26| url jdbc:h2:mem:ad3a9e80-f26d-4a3e-9691-17f803db5723
insert into picture (spot_id, url, picture_id) values (?, ?, ?)
insert into picture (spot_id, url, picture_id) values (NULL, 'java.io.StringReader@6270b81c', 2542);
2022-10-10 14:33:47.397  INFO 4460 --- [    Test worker] p6spy                                    : #1665380027397 | took 0ms | statement | connection 26| url jdbc:h2:mem:ad3a9e80-f26d-4a3e-9691-17f803db5723
insert into picture (spot_id, url, picture_id) values (?, ?, ?)
insert into picture (spot_id, url, picture_id) values (NULL, 'java.io.StringReader@336a7a2f', 2543);
2022-10-10 14:33:47.397  INFO 4460 --- [    Test worker] p6spy                                    : #1665380027397 | took 0ms | statement | connection 26| url jdbc:h2:mem:ad3a9e80-f26d-4a3e-9691-17f803db5723
insert into spot (address, description, location, name, score_id, spot_id) values (?, ?, ?, ?, ?, ?)
insert into spot (address, description, location, name, score_id, spot_id) values (NULL, NULL, 'Aewol_eup', NULL, 622, 688);
2022-10-10 14:33:47.397  INFO 4460 --- [    Test worker] p6spy                                    : #1665380027397 | took 0ms | statement | connection 26| url jdbc:h2:mem:ad3a9e80-f26d-4a3e-9691-17f803db5723
insert into member_spot (member_id, score, spot_id, member_spot_id) values (?, ?, ?, ?)
insert into member_spot (member_id, score, spot_id, member_spot_id) values (21, 0.0, 688, 2544);
2022-10-10 14:33:47.397  INFO 4460 --- [    Test worker] p6spy                                    : #1665380027397 | took 0ms | statement | connection 26| url jdbc:h2:mem:ad3a9e80-f26d-4a3e-9691-17f803db5723
insert into review (content, spot_id, review_id) values (?, ?, ?)
insert into review (content, spot_id, review_id) values ('java.io.StringReader@463850ab', 669, 624);
2022-10-10 14:33:47.397  INFO 4460 --- [    Test worker] p6spy                                    : #1665380027397 | took 0ms | statement | connection 26| url jdbc:h2:mem:ad3a9e80-f26d-4a3e-9691-17f803db5723
insert into score (facility_rank, facility_score, price_rank, price_score, rank_average, surround_rank, surround_score, view_rank, view_score, score_id) values (?, ?, ?, ?, ?, ?, ?, ?, ?, ?)
insert into score (facility_rank, facility_score, price_rank, price_score, rank_average, surround_rank, surround_score, view_rank, view_score, score_id) values (4.725163486519009, 0.9255292310465935, 5.6265642249589645, 4.423021679030126, 8.340221197392822, 6.30639881832995, 7.85625847321679, 0.3176343667258752, 0.3104117509535309, 623);
2022-10-10 14:33:47.397  INFO 4460 --- [    Test worker] p6spy                                    : #1665380027397 | took 0ms | statement | connection 26| url jdbc:h2:mem:ad3a9e80-f26d-4a3e-9691-17f803db5723
insert into picture (spot_id, url, picture_id) values (?, ?, ?)
insert into picture (spot_id, url, picture_id) values (NULL, 'java.io.StringReader@a2eea14', 2545);
2022-10-10 14:33:47.397  INFO 4460 --- [    Test worker] p6spy                                    : #1665380027397 | took 0ms | statement | connection 26| url jdbc:h2:mem:ad3a9e80-f26d-4a3e-9691-17f803db5723
insert into picture (spot_id, url, picture_id) values (?, ?, ?)
insert into picture (spot_id, url, picture_id) values (NULL, 'java.io.StringReader@58b11643', 2546);
2022-10-10 14:33:47.397  INFO 4460 --- [    Test worker] p6spy                                    : #1665380027397 | took 0ms | statement | connection 26| url jdbc:h2:mem:ad3a9e80-f26d-4a3e-9691-17f803db5723
insert into picture (spot_id, url, picture_id) values (?, ?, ?)
insert into picture (spot_id, url, picture_id) values (NULL, 'java.io.StringReader@4cebd22d', 2547);
2022-10-10 14:33:47.397  INFO 4460 --- [    Test worker] p6spy                                    : #1665380027397 | took 0ms | statement | connection 26| url jdbc:h2:mem:ad3a9e80-f26d-4a3e-9691-17f803db5723
insert into spot (address, description, location, name, score_id, spot_id) values (?, ?, ?, ?, ?, ?)
insert into spot (address, description, location, name, score_id, spot_id) values (NULL, NULL, 'Aewol_eup', NULL, 623, 689);
2022-10-10 14:33:47.397  INFO 4460 --- [    Test worker] p6spy                                    : #1665380027397 | took 0ms | statement | connection 26| url jdbc:h2:mem:ad3a9e80-f26d-4a3e-9691-17f803db5723
insert into member_spot (member_id, score, spot_id, member_spot_id) values (?, ?, ?, ?)
insert into member_spot (member_id, score, spot_id, member_spot_id) values (21, 0.0, 689, 2548);
2022-10-10 14:33:47.397  INFO 4460 --- [    Test worker] p6spy                                    : #1665380027397 | took 0ms | statement | connection 26| url jdbc:h2:mem:ad3a9e80-f26d-4a3e-9691-17f803db5723
insert into review (content, spot_id, review_id) values (?, ?, ?)
insert into review (content, spot_id, review_id) values ('java.io.StringReader@d24d910', 669, 625);
2022-10-10 14:33:47.397  INFO 4460 --- [    Test worker] p6spy                                    : #1665380027397 | took 0ms | statement | connection 26| url jdbc:h2:mem:ad3a9e80-f26d-4a3e-9691-17f803db5723
insert into favorite_spot (count, favorite_id, spot_id, favorite_spot_id) values (?, ?, ?, ?)
insert into favorite_spot (count, favorite_id, spot_id, favorite_spot_id) values (0, 41, 689, 487);
2022-10-10 14:33:47.397  INFO 4460 --- [    Test worker] p6spy                                    : #1665380027397 | took 0ms | statement | connection 26| url jdbc:h2:mem:ad3a9e80-f26d-4a3e-9691-17f803db5723
insert into score (facility_rank, facility_score, price_rank, price_score, rank_average, surround_rank, surround_score, view_rank, view_score, score_id) values (?, ?, ?, ?, ?, ?, ?, ?, ?, ?)
insert into score (facility_rank, facility_score, price_rank, price_score, rank_average, surround_rank, surround_score, view_rank, view_score, score_id) values (8.514211625446196, 1.1883129680472981, 3.434483941411095, 9.80831823658789, 3.235008541235893, 0.912061430330926, 7.484346680407553, 3.879111858048745, 3.1224785487872033, 624);
2022-10-10 14:33:47.397  INFO 4460 --- [    Test worker] p6spy                                    : #1665380027397 | took 0ms | statement | connection 26| url jdbc:h2:mem:ad3a9e80-f26d-4a3e-9691-17f803db5723
insert into picture (spot_id, url, picture_id) values (?, ?, ?)
insert into picture (spot_id, url, picture_id) values (NULL, 'java.io.StringReader@5d45bb71', 2549);
2022-10-10 14:33:47.397  INFO 4460 --- [    Test worker] p6spy                                    : #1665380027397 | took 0ms | statement | connection 26| url jdbc:h2:mem:ad3a9e80-f26d-4a3e-9691-17f803db5723
insert into picture (spot_id, url, picture_id) values (?, ?, ?)
insert into picture (spot_id, url, picture_id) values (NULL, 'java.io.StringReader@6fd28710', 2550);
2022-10-10 14:33:47.398  INFO 4460 --- [    Test worker] p6spy                                    : #1665380027398 | took 0ms | statement | connection 26| url jdbc:h2:mem:ad3a9e80-f26d-4a3e-9691-17f803db5723
insert into picture (spot_id, url, picture_id) values (?, ?, ?)
insert into picture (spot_id, url, picture_id) values (NULL, 'java.io.StringReader@34365e75', 2551);
2022-10-10 14:33:47.398  INFO 4460 --- [    Test worker] p6spy                                    : #1665380027398 | took 0ms | statement | connection 26| url jdbc:h2:mem:ad3a9e80-f26d-4a3e-9691-17f803db5723
insert into spot (address, description, location, name, score_id, spot_id) values (?, ?, ?, ?, ?, ?)
insert into spot (address, description, location, name, score_id, spot_id) values (NULL, NULL, 'Aewol_eup', NULL, 624, 690);
2022-10-10 14:33:47.398  INFO 4460 --- [    Test worker] p6spy                                    : #1665380027398 | took 0ms | statement | connection 26| url jdbc:h2:mem:ad3a9e80-f26d-4a3e-9691-17f803db5723
insert into member_spot (member_id, score, spot_id, member_spot_id) values (?, ?, ?, ?)
insert into member_spot (member_id, score, spot_id, member_spot_id) values (21, 0.0, 690, 2552);
2022-10-10 14:33:47.398  INFO 4460 --- [    Test worker] p6spy                                    : #1665380027398 | took 0ms | statement | connection 26| url jdbc:h2:mem:ad3a9e80-f26d-4a3e-9691-17f803db5723
insert into review (content, spot_id, review_id) values (?, ?, ?)
insert into review (content, spot_id, review_id) values ('java.io.StringReader@430c061e', 669, 626);
2022-10-10 14:33:47.398  INFO 4460 --- [    Test worker] p6spy                                    : #1665380027398 | took 0ms | statement | connection 26| url jdbc:h2:mem:ad3a9e80-f26d-4a3e-9691-17f803db5723
insert into score (facility_rank, facility_score, price_rank, price_score, rank_average, surround_rank, surround_score, view_rank, view_score, score_id) values (?, ?, ?, ?, ?, ?, ?, ?, ?, ?)
insert into score (facility_rank, facility_score, price_rank, price_score, rank_average, surround_rank, surround_score, view_rank, view_score, score_id) values (4.293198758476095, 1.9930625688513415, 9.364552269803516, 1.5822381981481692, 1.26562505083321, 4.667989862880097, 4.0410005827979205, 7.438801902076921, 6.076659328982368, 625);
2022-10-10 14:33:47.398  INFO 4460 --- [    Test worker] p6spy                                    : #1665380027398 | took 0ms | statement | connection 26| url jdbc:h2:mem:ad3a9e80-f26d-4a3e-9691-17f803db5723
insert into picture (spot_id, url, picture_id) values (?, ?, ?)
insert into picture (spot_id, url, picture_id) values (NULL, 'java.io.StringReader@25c7c589', 2553);
2022-10-10 14:33:47.398  INFO 4460 --- [    Test worker] p6spy                                    : #1665380027398 | took 0ms | statement | connection 26| url jdbc:h2:mem:ad3a9e80-f26d-4a3e-9691-17f803db5723
insert into picture (spot_id, url, picture_id) values (?, ?, ?)
insert into picture (spot_id, url, picture_id) values (NULL, 'java.io.StringReader@53649db8', 2554);
2022-10-10 14:33:47.398  INFO 4460 --- [    Test worker] p6spy                                    : #1665380027398 | took 0ms | statement | connection 26| url jdbc:h2:mem:ad3a9e80-f26d-4a3e-9691-17f803db5723
insert into picture (spot_id, url, picture_id) values (?, ?, ?)
insert into picture (spot_id, url, picture_id) values (NULL, 'java.io.StringReader@3013568a', 2555);
2022-10-10 14:33:47.398  INFO 4460 --- [    Test worker] p6spy                                    : #1665380027398 | took 0ms | statement | connection 26| url jdbc:h2:mem:ad3a9e80-f26d-4a3e-9691-17f803db5723
insert into spot (address, description, location, name, score_id, spot_id) values (?, ?, ?, ?, ?, ?)
insert into spot (address, description, location, name, score_id, spot_id) values (NULL, NULL, 'Aewol_eup', NULL, 625, 691);
2022-10-10 14:33:47.398  INFO 4460 --- [    Test worker] p6spy                                    : #1665380027398 | took 0ms | statement | connection 26| url jdbc:h2:mem:ad3a9e80-f26d-4a3e-9691-17f803db5723
insert into member_spot (member_id, score, spot_id, member_spot_id) values (?, ?, ?, ?)
insert into member_spot (member_id, score, spot_id, member_spot_id) values (21, 0.0, 691, 2556);
2022-10-10 14:33:47.398  INFO 4460 --- [    Test worker] p6spy                                    : #1665380027398 | took 0ms | statement | connection 26| url jdbc:h2:mem:ad3a9e80-f26d-4a3e-9691-17f803db5723
insert into review (content, spot_id, review_id) values (?, ?, ?)
insert into review (content, spot_id, review_id) values ('java.io.StringReader@3b91e7ac', 669, 627);
2022-10-10 14:33:47.398  INFO 4460 --- [    Test worker] p6spy                                    : #1665380027398 | took 0ms | statement | connection 26| url jdbc:h2:mem:ad3a9e80-f26d-4a3e-9691-17f803db5723
insert into favorite_spot (count, favorite_id, spot_id, favorite_spot_id) values (?, ?, ?, ?)
insert into favorite_spot (count, favorite_id, spot_id, favorite_spot_id) values (0, 41, 691, 488);
2022-10-10 14:33:47.398  INFO 4460 --- [    Test worker] p6spy                                    : #1665380027398 | took 0ms | statement | connection 26| url jdbc:h2:mem:ad3a9e80-f26d-4a3e-9691-17f803db5723
insert into score (facility_rank, facility_score, price_rank, price_score, rank_average, surround_rank, surround_score, view_rank, view_score, score_id) values (?, ?, ?, ?, ?, ?, ?, ?, ?, ?)
insert into score (facility_rank, facility_score, price_rank, price_score, rank_average, surround_rank, surround_score, view_rank, view_score, score_id) values (9.578026583690578, 3.697843716535475, 3.603003043907367, 2.921090721945403, 4.35352730012288, 3.5215732775540842, 1.7035266393553627, 9.427652038939158, 6.69067506934571, 626);
2022-10-10 14:33:47.398  INFO 4460 --- [    Test worker] p6spy                                    : #1665380027398 | took 0ms | statement | connection 26| url jdbc:h2:mem:ad3a9e80-f26d-4a3e-9691-17f803db5723
insert into picture (spot_id, url, picture_id) values (?, ?, ?)
insert into picture (spot_id, url, picture_id) values (NULL, 'java.io.StringReader@1021d941', 2557);
2022-10-10 14:33:47.398  INFO 4460 --- [    Test worker] p6spy                                    : #1665380027398 | took 0ms | statement | connection 26| url jdbc:h2:mem:ad3a9e80-f26d-4a3e-9691-17f803db5723
insert into picture (spot_id, url, picture_id) values (?, ?, ?)
insert into picture (spot_id, url, picture_id) values (NULL, 'java.io.StringReader@2caf59cc', 2558);
2022-10-10 14:33:47.398  INFO 4460 --- [    Test worker] p6spy                                    : #1665380027398 | took 0ms | statement | connection 26| url jdbc:h2:mem:ad3a9e80-f26d-4a3e-9691-17f803db5723
insert into picture (spot_id, url, picture_id) values (?, ?, ?)
insert into picture (spot_id, url, picture_id) values (NULL, 'java.io.StringReader@253a5359', 2559);
2022-10-10 14:33:47.398  INFO 4460 --- [    Test worker] p6spy                                    : #1665380027398 | took 0ms | statement | connection 26| url jdbc:h2:mem:ad3a9e80-f26d-4a3e-9691-17f803db5723
insert into spot (address, description, location, name, score_id, spot_id) values (?, ?, ?, ?, ?, ?)
insert into spot (address, description, location, name, score_id, spot_id) values (NULL, NULL, 'Aewol_eup', NULL, 626, 692);
2022-10-10 14:33:47.398  INFO 4460 --- [    Test worker] p6spy                                    : #1665380027398 | took 0ms | statement | connection 26| url jdbc:h2:mem:ad3a9e80-f26d-4a3e-9691-17f803db5723
insert into member_spot (member_id, score, spot_id, member_spot_id) values (?, ?, ?, ?)
insert into member_spot (member_id, score, spot_id, member_spot_id) values (21, 0.0, 692, 2560);
2022-10-10 14:33:47.398  INFO 4460 --- [    Test worker] p6spy                                    : #1665380027398 | took 0ms | statement | connection 26| url jdbc:h2:mem:ad3a9e80-f26d-4a3e-9691-17f803db5723
insert into review (content, spot_id, review_id) values (?, ?, ?)
insert into review (content, spot_id, review_id) values ('java.io.StringReader@214e2c88', 669, 628);
2022-10-10 14:33:47.398  INFO 4460 --- [    Test worker] p6spy                                    : #1665380027398 | took 0ms | statement | connection 26| url jdbc:h2:mem:ad3a9e80-f26d-4a3e-9691-17f803db5723
insert into score (facility_rank, facility_score, price_rank, price_score, rank_average, surround_rank, surround_score, view_rank, view_score, score_id) values (?, ?, ?, ?, ?, ?, ?, ?, ?, ?)
insert into score (facility_rank, facility_score, price_rank, price_score, rank_average, surround_rank, surround_score, view_rank, view_score, score_id) values (9.800289434818588, 7.152693293949188, 0.501431703181483, 4.226285708200701, 8.415661613971485, 7.232845422163656, 8.629028023827626, 6.945505457703124, 9.458954349765277, 627);
2022-10-10 14:33:47.398  INFO 4460 --- [    Test worker] p6spy                                    : #1665380027398 | took 0ms | statement | connection 26| url jdbc:h2:mem:ad3a9e80-f26d-4a3e-9691-17f803db5723
insert into picture (spot_id, url, picture_id) values (?, ?, ?)
insert into picture (spot_id, url, picture_id) values (NULL, 'java.io.StringReader@72ab7c43', 2561);
2022-10-10 14:33:47.398  INFO 4460 --- [    Test worker] p6spy                                    : #1665380027398 | took 0ms | statement | connection 26| url jdbc:h2:mem:ad3a9e80-f26d-4a3e-9691-17f803db5723
insert into picture (spot_id, url, picture_id) values (?, ?, ?)
insert into picture (spot_id, url, picture_id) values (NULL, 'java.io.StringReader@5d65e9d3', 2562);
2022-10-10 14:33:47.398  INFO 4460 --- [    Test worker] p6spy                                    : #1665380027398 | took 0ms | statement | connection 26| url jdbc:h2:mem:ad3a9e80-f26d-4a3e-9691-17f803db5723
insert into picture (spot_id, url, picture_id) values (?, ?, ?)
insert into picture (spot_id, url, picture_id) values (NULL, 'java.io.StringReader@bd9f64', 2563);
2022-10-10 14:33:47.398  INFO 4460 --- [    Test worker] p6spy                                    : #1665380027398 | took 0ms | statement | connection 26| url jdbc:h2:mem:ad3a9e80-f26d-4a3e-9691-17f803db5723
insert into spot (address, description, location, name, score_id, spot_id) values (?, ?, ?, ?, ?, ?)
insert into spot (address, description, location, name, score_id, spot_id) values (NULL, NULL, 'Aewol_eup', NULL, 627, 693);
2022-10-10 14:33:47.398  INFO 4460 --- [    Test worker] p6spy                                    : #1665380027398 | took 0ms | statement | connection 26| url jdbc:h2:mem:ad3a9e80-f26d-4a3e-9691-17f803db5723
insert into member_spot (member_id, score, spot_id, member_spot_id) values (?, ?, ?, ?)
insert into member_spot (member_id, score, spot_id, member_spot_id) values (21, 0.0, 693, 2564);
2022-10-10 14:33:47.398  INFO 4460 --- [    Test worker] p6spy                                    : #1665380027398 | took 0ms | statement | connection 26| url jdbc:h2:mem:ad3a9e80-f26d-4a3e-9691-17f803db5723
insert into review (content, spot_id, review_id) values (?, ?, ?)
insert into review (content, spot_id, review_id) values ('java.io.StringReader@7a9a7365', 669, 629);
2022-10-10 14:33:47.398  INFO 4460 --- [    Test worker] p6spy                                    : #1665380027398 | took 0ms | statement | connection 26| url jdbc:h2:mem:ad3a9e80-f26d-4a3e-9691-17f803db5723
insert into favorite_spot (count, favorite_id, spot_id, favorite_spot_id) values (?, ?, ?, ?)
insert into favorite_spot (count, favorite_id, spot_id, favorite_spot_id) values (0, 41, 693, 489);
2022-10-10 14:33:47.398  INFO 4460 --- [    Test worker] p6spy                                    : #1665380027398 | took 0ms | statement | connection 26| url jdbc:h2:mem:ad3a9e80-f26d-4a3e-9691-17f803db5723
insert into score (facility_rank, facility_score, price_rank, price_score, rank_average, surround_rank, surround_score, view_rank, view_score, score_id) values (?, ?, ?, ?, ?, ?, ?, ?, ?, ?)
insert into score (facility_rank, facility_score, price_rank, price_score, rank_average, surround_rank, surround_score, view_rank, view_score, score_id) values (5.245060878720794, 5.323282401968097, 1.548339677519388, 4.970730499434285, 5.194312305086024, 1.8188802098063261, 7.028755517298766, 6.147817073232722, 4.551230091303418, 628);
2022-10-10 14:33:47.398  INFO 4460 --- [    Test worker] p6spy                                    : #1665380027398 | took 0ms | statement | connection 26| url jdbc:h2:mem:ad3a9e80-f26d-4a3e-9691-17f803db5723
insert into picture (spot_id, url, picture_id) values (?, ?, ?)
insert into picture (spot_id, url, picture_id) values (NULL, 'java.io.StringReader@35bb8969', 2565);
2022-10-10 14:33:47.399  INFO 4460 --- [    Test worker] p6spy                                    : #1665380027399 | took 0ms | statement | connection 26| url jdbc:h2:mem:ad3a9e80-f26d-4a3e-9691-17f803db5723
insert into picture (spot_id, url, picture_id) values (?, ?, ?)
insert into picture (spot_id, url, picture_id) values (NULL, 'java.io.StringReader@7b9d7110', 2566);
2022-10-10 14:33:47.399  INFO 4460 --- [    Test worker] p6spy                                    : #1665380027399 | took 0ms | statement | connection 26| url jdbc:h2:mem:ad3a9e80-f26d-4a3e-9691-17f803db5723
insert into picture (spot_id, url, picture_id) values (?, ?, ?)
insert into picture (spot_id, url, picture_id) values (NULL, 'java.io.StringReader@2293db81', 2567);
2022-10-10 14:33:47.399  INFO 4460 --- [    Test worker] p6spy                                    : #1665380027399 | took 0ms | statement | connection 26| url jdbc:h2:mem:ad3a9e80-f26d-4a3e-9691-17f803db5723
insert into spot (address, description, location, name, score_id, spot_id) values (?, ?, ?, ?, ?, ?)
insert into spot (address, description, location, name, score_id, spot_id) values (NULL, NULL, 'Aewol_eup', NULL, 628, 694);
2022-10-10 14:33:47.399  INFO 4460 --- [    Test worker] p6spy                                    : #1665380027399 | took 0ms | statement | connection 26| url jdbc:h2:mem:ad3a9e80-f26d-4a3e-9691-17f803db5723
insert into member_spot (member_id, score, spot_id, member_spot_id) values (?, ?, ?, ?)
insert into member_spot (member_id, score, spot_id, member_spot_id) values (21, 0.0, 694, 2568);
2022-10-10 14:33:47.399  INFO 4460 --- [    Test worker] p6spy                                    : #1665380027399 | took 0ms | statement | connection 26| url jdbc:h2:mem:ad3a9e80-f26d-4a3e-9691-17f803db5723
insert into review (content, spot_id, review_id) values (?, ?, ?)
insert into review (content, spot_id, review_id) values ('java.io.StringReader@1dbe15c3', 669, 630);
2022-10-10 14:33:47.399  INFO 4460 --- [    Test worker] p6spy                                    : #1665380027399 | took 0ms | statement | connection 26| url jdbc:h2:mem:ad3a9e80-f26d-4a3e-9691-17f803db5723
insert into score (facility_rank, facility_score, price_rank, price_score, rank_average, surround_rank, surround_score, view_rank, view_score, score_id) values (?, ?, ?, ?, ?, ?, ?, ?, ?, ?)
insert into score (facility_rank, facility_score, price_rank, price_score, rank_average, surround_rank, surround_score, view_rank, view_score, score_id) values (6.10345811631742, 8.320301815665982, 6.322351919464076, 3.7155968499506944, 5.487501445842157, 2.715028494714468, 3.645502974871805, 5.723254679514145, 9.374522683876377, 629);
2022-10-10 14:33:47.399  INFO 4460 --- [    Test worker] p6spy                                    : #1665380027399 | took 0ms | statement | connection 26| url jdbc:h2:mem:ad3a9e80-f26d-4a3e-9691-17f803db5723
insert into picture (spot_id, url, picture_id) values (?, ?, ?)
insert into picture (spot_id, url, picture_id) values (NULL, 'java.io.StringReader@ec826ba', 2569);
2022-10-10 14:33:47.399  INFO 4460 --- [    Test worker] p6spy                                    : #1665380027399 | took 0ms | statement | connection 26| url jdbc:h2:mem:ad3a9e80-f26d-4a3e-9691-17f803db5723
insert into picture (spot_id, url, picture_id) values (?, ?, ?)
insert into picture (spot_id, url, picture_id) values (NULL, 'java.io.StringReader@5761684e', 2570);
2022-10-10 14:33:47.399  INFO 4460 --- [    Test worker] p6spy                                    : #1665380027399 | took 0ms | statement | connection 26| url jdbc:h2:mem:ad3a9e80-f26d-4a3e-9691-17f803db5723
insert into picture (spot_id, url, picture_id) values (?, ?, ?)
insert into picture (spot_id, url, picture_id) values (NULL, 'java.io.StringReader@6d456c03', 2571);
2022-10-10 14:33:47.399  INFO 4460 --- [    Test worker] p6spy                                    : #1665380027399 | took 0ms | statement | connection 26| url jdbc:h2:mem:ad3a9e80-f26d-4a3e-9691-17f803db5723
insert into spot (address, description, location, name, score_id, spot_id) values (?, ?, ?, ?, ?, ?)
insert into spot (address, description, location, name, score_id, spot_id) values (NULL, NULL, 'Aewol_eup', NULL, 629, 695);
2022-10-10 14:33:47.399  INFO 4460 --- [    Test worker] p6spy                                    : #1665380027399 | took 0ms | statement | connection 26| url jdbc:h2:mem:ad3a9e80-f26d-4a3e-9691-17f803db5723
insert into member_spot (member_id, score, spot_id, member_spot_id) values (?, ?, ?, ?)
insert into member_spot (member_id, score, spot_id, member_spot_id) values (21, 0.0, 695, 2572);
2022-10-10 14:33:47.399  INFO 4460 --- [    Test worker] p6spy                                    : #1665380027399 | took 0ms | statement | connection 26| url jdbc:h2:mem:ad3a9e80-f26d-4a3e-9691-17f803db5723
insert into review (content, spot_id, review_id) values (?, ?, ?)
insert into review (content, spot_id, review_id) values ('java.io.StringReader@27f6411c', 669, 631);
2022-10-10 14:33:47.399  INFO 4460 --- [    Test worker] p6spy                                    : #1665380027399 | took 0ms | statement | connection 26| url jdbc:h2:mem:ad3a9e80-f26d-4a3e-9691-17f803db5723
insert into favorite_spot (count, favorite_id, spot_id, favorite_spot_id) values (?, ?, ?, ?)
insert into favorite_spot (count, favorite_id, spot_id, favorite_spot_id) values (0, 41, 695, 490);
2022-10-10 14:33:47.399  INFO 4460 --- [    Test worker] p6spy                                    : #1665380027399 | took 0ms | statement | connection 26| url jdbc:h2:mem:ad3a9e80-f26d-4a3e-9691-17f803db5723
insert into score (facility_rank, facility_score, price_rank, price_score, rank_average, surround_rank, surround_score, view_rank, view_score, score_id) values (?, ?, ?, ?, ?, ?, ?, ?, ?, ?)
insert into score (facility_rank, facility_score, price_rank, price_score, rank_average, surround_rank, surround_score, view_rank, view_score, score_id) values (7.384844464832319, 7.9301824628181095, 6.046041290216428, 2.743007417590362, 4.074986848599014, 8.202033308589591, 3.1515016480069393, 0.8146140318604012, 0.3483958313991409, 630);
2022-10-10 14:33:47.399  INFO 4460 --- [    Test worker] p6spy                                    : #1665380027399 | took 0ms | statement | connection 26| url jdbc:h2:mem:ad3a9e80-f26d-4a3e-9691-17f803db5723
insert into picture (spot_id, url, picture_id) values (?, ?, ?)
insert into picture (spot_id, url, picture_id) values (NULL, 'java.io.StringReader@22409552', 2573);
2022-10-10 14:33:47.399  INFO 4460 --- [    Test worker] p6spy                                    : #1665380027399 | took 0ms | statement | connection 26| url jdbc:h2:mem:ad3a9e80-f26d-4a3e-9691-17f803db5723
insert into picture (spot_id, url, picture_id) values (?, ?, ?)
insert into picture (spot_id, url, picture_id) values (NULL, 'java.io.StringReader@5331b666', 2574);
2022-10-10 14:33:47.399  INFO 4460 --- [    Test worker] p6spy                                    : #1665380027399 | took 0ms | statement | connection 26| url jdbc:h2:mem:ad3a9e80-f26d-4a3e-9691-17f803db5723
insert into picture (spot_id, url, picture_id) values (?, ?, ?)
insert into picture (spot_id, url, picture_id) values (NULL, 'java.io.StringReader@7abbff6b', 2575);
2022-10-10 14:33:47.399  INFO 4460 --- [    Test worker] p6spy                                    : #1665380027399 | took 0ms | statement | connection 26| url jdbc:h2:mem:ad3a9e80-f26d-4a3e-9691-17f803db5723
insert into spot (address, description, location, name, score_id, spot_id) values (?, ?, ?, ?, ?, ?)
insert into spot (address, description, location, name, score_id, spot_id) values (NULL, NULL, 'Aewol_eup', NULL, 630, 696);
2022-10-10 14:33:47.399  INFO 4460 --- [    Test worker] p6spy                                    : #1665380027399 | took 0ms | statement | connection 26| url jdbc:h2:mem:ad3a9e80-f26d-4a3e-9691-17f803db5723
insert into member_spot (member_id, score, spot_id, member_spot_id) values (?, ?, ?, ?)
insert into member_spot (member_id, score, spot_id, member_spot_id) values (21, 0.0, 696, 2576);
2022-10-10 14:33:47.399  INFO 4460 --- [    Test worker] p6spy                                    : #1665380027399 | took 0ms | statement | connection 26| url jdbc:h2:mem:ad3a9e80-f26d-4a3e-9691-17f803db5723
insert into review (content, spot_id, review_id) values (?, ?, ?)
insert into review (content, spot_id, review_id) values ('java.io.StringReader@5008b035', 669, 632);
2022-10-10 14:33:47.399  INFO 4460 --- [    Test worker] p6spy                                    : #1665380027399 | took 0ms | statement | connection 26| url jdbc:h2:mem:ad3a9e80-f26d-4a3e-9691-17f803db5723
insert into score (facility_rank, facility_score, price_rank, price_score, rank_average, surround_rank, surround_score, view_rank, view_score, score_id) values (?, ?, ?, ?, ?, ?, ?, ?, ?, ?)
insert into score (facility_rank, facility_score, price_rank, price_score, rank_average, surround_rank, surround_score, view_rank, view_score, score_id) values (2.9801002451732894, 2.2054825016382464, 8.601838359746832, 2.206493052563699, 7.435544720094795, 2.9733173787305454, 4.239708488188164, 5.66368665641855, 9.600829069633875, 631);
2022-10-10 14:33:47.399  INFO 4460 --- [    Test worker] p6spy                                    : #1665380027399 | took 0ms | statement | connection 26| url jdbc:h2:mem:ad3a9e80-f26d-4a3e-9691-17f803db5723
insert into picture (spot_id, url, picture_id) values (?, ?, ?)
insert into picture (spot_id, url, picture_id) values (NULL, 'java.io.StringReader@b051f7a', 2577);
2022-10-10 14:33:47.399  INFO 4460 --- [    Test worker] p6spy                                    : #1665380027399 | took 0ms | statement | connection 26| url jdbc:h2:mem:ad3a9e80-f26d-4a3e-9691-17f803db5723
insert into picture (spot_id, url, picture_id) values (?, ?, ?)
insert into picture (spot_id, url, picture_id) values (NULL, 'java.io.StringReader@7124be8c', 2578);
2022-10-10 14:33:47.399  INFO 4460 --- [    Test worker] p6spy                                    : #1665380027399 | took 0ms | statement | connection 26| url jdbc:h2:mem:ad3a9e80-f26d-4a3e-9691-17f803db5723
insert into picture (spot_id, url, picture_id) values (?, ?, ?)
insert into picture (spot_id, url, picture_id) values (NULL, 'java.io.StringReader@4fa84cdd', 2579);
2022-10-10 14:33:47.399  INFO 4460 --- [    Test worker] p6spy                                    : #1665380027399 | took 0ms | statement | connection 26| url jdbc:h2:mem:ad3a9e80-f26d-4a3e-9691-17f803db5723
insert into spot (address, description, location, name, score_id, spot_id) values (?, ?, ?, ?, ?, ?)
insert into spot (address, description, location, name, score_id, spot_id) values (NULL, NULL, 'Aewol_eup', NULL, 631, 697);
2022-10-10 14:33:47.399  INFO 4460 --- [    Test worker] p6spy                                    : #1665380027399 | took 0ms | statement | connection 26| url jdbc:h2:mem:ad3a9e80-f26d-4a3e-9691-17f803db5723
insert into member_spot (member_id, score, spot_id, member_spot_id) values (?, ?, ?, ?)
insert into member_spot (member_id, score, spot_id, member_spot_id) values (21, 0.0, 697, 2580);
2022-10-10 14:33:47.400  INFO 4460 --- [    Test worker] p6spy                                    : #1665380027400 | took 0ms | statement | connection 26| url jdbc:h2:mem:ad3a9e80-f26d-4a3e-9691-17f803db5723
insert into review (content, spot_id, review_id) values (?, ?, ?)
insert into review (content, spot_id, review_id) values ('java.io.StringReader@33cb5b19', 669, 633);
2022-10-10 14:33:47.400  INFO 4460 --- [    Test worker] p6spy                                    : #1665380027400 | took 0ms | statement | connection 26| url jdbc:h2:mem:ad3a9e80-f26d-4a3e-9691-17f803db5723
insert into favorite_spot (count, favorite_id, spot_id, favorite_spot_id) values (?, ?, ?, ?)
insert into favorite_spot (count, favorite_id, spot_id, favorite_spot_id) values (0, 41, 697, 491);
2022-10-10 14:33:47.400  INFO 4460 --- [    Test worker] p6spy                                    : #1665380027400 | took 0ms | statement | connection 26| url jdbc:h2:mem:ad3a9e80-f26d-4a3e-9691-17f803db5723
insert into score (facility_rank, facility_score, price_rank, price_score, rank_average, surround_rank, surround_score, view_rank, view_score, score_id) values (?, ?, ?, ?, ?, ?, ?, ?, ?, ?)
insert into score (facility_rank, facility_score, price_rank, price_score, rank_average, surround_rank, surround_score, view_rank, view_score, score_id) values (7.024642538451222, 0.9597651819214559, 3.4688087702260706, 6.413069820546472, 8.630255516387876, 0.40910148874326313, 3.6622077672446496, 4.208467569427743, 1.5252709254578756, 632);
2022-10-10 14:33:47.400  INFO 4460 --- [    Test worker] p6spy                                    : #1665380027400 | took 0ms | statement | connection 26| url jdbc:h2:mem:ad3a9e80-f26d-4a3e-9691-17f803db5723
insert into picture (spot_id, url, picture_id) values (?, ?, ?)
insert into picture (spot_id, url, picture_id) values (NULL, 'java.io.StringReader@75b70b69', 2581);
2022-10-10 14:33:47.400  INFO 4460 --- [    Test worker] p6spy                                    : #1665380027400 | took 0ms | statement | connection 26| url jdbc:h2:mem:ad3a9e80-f26d-4a3e-9691-17f803db5723
insert into picture (spot_id, url, picture_id) values (?, ?, ?)
insert into picture (spot_id, url, picture_id) values (NULL, 'java.io.StringReader@398cf908', 2582);
2022-10-10 14:33:47.400  INFO 4460 --- [    Test worker] p6spy                                    : #1665380027400 | took 0ms | statement | connection 26| url jdbc:h2:mem:ad3a9e80-f26d-4a3e-9691-17f803db5723
insert into picture (spot_id, url, picture_id) values (?, ?, ?)
insert into picture (spot_id, url, picture_id) values (NULL, 'java.io.StringReader@4cd97c8d', 2583);
2022-10-10 14:33:47.400  INFO 4460 --- [    Test worker] p6spy                                    : #1665380027400 | took 0ms | statement | connection 26| url jdbc:h2:mem:ad3a9e80-f26d-4a3e-9691-17f803db5723
insert into spot (address, description, location, name, score_id, spot_id) values (?, ?, ?, ?, ?, ?)
insert into spot (address, description, location, name, score_id, spot_id) values (NULL, NULL, 'Aewol_eup', NULL, 632, 698);
2022-10-10 14:33:47.400  INFO 4460 --- [    Test worker] p6spy                                    : #1665380027400 | took 0ms | statement | connection 26| url jdbc:h2:mem:ad3a9e80-f26d-4a3e-9691-17f803db5723
insert into member_spot (member_id, score, spot_id, member_spot_id) values (?, ?, ?, ?)
insert into member_spot (member_id, score, spot_id, member_spot_id) values (21, 0.0, 698, 2584);
2022-10-10 14:33:47.400  INFO 4460 --- [    Test worker] p6spy                                    : #1665380027400 | took 0ms | statement | connection 26| url jdbc:h2:mem:ad3a9e80-f26d-4a3e-9691-17f803db5723
insert into review (content, spot_id, review_id) values (?, ?, ?)
insert into review (content, spot_id, review_id) values ('java.io.StringReader@7bac1135', 669, 634);
2022-10-10 14:33:47.400  INFO 4460 --- [    Test worker] p6spy                                    : #1665380027400 | took 0ms | statement | connection 26| url jdbc:h2:mem:ad3a9e80-f26d-4a3e-9691-17f803db5723
insert into score (facility_rank, facility_score, price_rank, price_score, rank_average, surround_rank, surround_score, view_rank, view_score, score_id) values (?, ?, ?, ?, ?, ?, ?, ?, ?, ?)
insert into score (facility_rank, facility_score, price_rank, price_score, rank_average, surround_rank, surround_score, view_rank, view_score, score_id) values (5.86761091567919, 0.042349405448564026, 2.927171411802308, 3.983581114637066, 8.676597778533496, 2.981781536079339, 7.945239918736121, 5.425663999931105, 8.74502511926056, 633);
2022-10-10 14:33:47.400  INFO 4460 --- [    Test worker] p6spy                                    : #1665380027400 | took 0ms | statement | connection 26| url jdbc:h2:mem:ad3a9e80-f26d-4a3e-9691-17f803db5723
insert into picture (spot_id, url, picture_id) values (?, ?, ?)
insert into picture (spot_id, url, picture_id) values (NULL, 'java.io.StringReader@7d59d4c8', 2585);
2022-10-10 14:33:47.400  INFO 4460 --- [    Test worker] p6spy                                    : #1665380027400 | took 0ms | statement | connection 26| url jdbc:h2:mem:ad3a9e80-f26d-4a3e-9691-17f803db5723
insert into picture (spot_id, url, picture_id) values (?, ?, ?)
insert into picture (spot_id, url, picture_id) values (NULL, 'java.io.StringReader@7c184191', 2586);
2022-10-10 14:33:47.400  INFO 4460 --- [    Test worker] p6spy                                    : #1665380027400 | took 0ms | statement | connection 26| url jdbc:h2:mem:ad3a9e80-f26d-4a3e-9691-17f803db5723
insert into picture (spot_id, url, picture_id) values (?, ?, ?)
insert into picture (spot_id, url, picture_id) values (NULL, 'java.io.StringReader@565a0285', 2587);
2022-10-10 14:33:47.400  INFO 4460 --- [    Test worker] p6spy                                    : #1665380027400 | took 0ms | statement | connection 26| url jdbc:h2:mem:ad3a9e80-f26d-4a3e-9691-17f803db5723
insert into spot (address, description, location, name, score_id, spot_id) values (?, ?, ?, ?, ?, ?)
insert into spot (address, description, location, name, score_id, spot_id) values (NULL, NULL, 'Aewol_eup', NULL, 633, 699);
2022-10-10 14:33:47.400  INFO 4460 --- [    Test worker] p6spy                                    : #1665380027400 | took 0ms | statement | connection 26| url jdbc:h2:mem:ad3a9e80-f26d-4a3e-9691-17f803db5723
insert into member_spot (member_id, score, spot_id, member_spot_id) values (?, ?, ?, ?)
insert into member_spot (member_id, score, spot_id, member_spot_id) values (21, 0.0, 699, 2588);
2022-10-10 14:33:47.400  INFO 4460 --- [    Test worker] p6spy                                    : #1665380027400 | took 0ms | statement | connection 26| url jdbc:h2:mem:ad3a9e80-f26d-4a3e-9691-17f803db5723
insert into review (content, spot_id, review_id) values (?, ?, ?)
insert into review (content, spot_id, review_id) values ('java.io.StringReader@24314943', 669, 635);
2022-10-10 14:33:47.400  INFO 4460 --- [    Test worker] p6spy                                    : #1665380027400 | took 0ms | statement | connection 26| url jdbc:h2:mem:ad3a9e80-f26d-4a3e-9691-17f803db5723
insert into favorite_spot (count, favorite_id, spot_id, favorite_spot_id) values (?, ?, ?, ?)
insert into favorite_spot (count, favorite_id, spot_id, favorite_spot_id) values (0, 41, 699, 492);
2022-10-10 14:33:47.400  INFO 4460 --- [    Test worker] p6spy                                    : #1665380027400 | took 0ms | statement | connection 26| url jdbc:h2:mem:ad3a9e80-f26d-4a3e-9691-17f803db5723
insert into score (facility_rank, facility_score, price_rank, price_score, rank_average, surround_rank, surround_score, view_rank, view_score, score_id) values (?, ?, ?, ?, ?, ?, ?, ?, ?, ?)
insert into score (facility_rank, facility_score, price_rank, price_score, rank_average, surround_rank, surround_score, view_rank, view_score, score_id) values (2.1943657403118433, 2.721717004247263, 4.092443460676459, 2.3021935889062495, 2.797946390200793, 0.3052805415499449, 7.914492131027526, 1.972774105478462, 3.408765762525708, 634);
2022-10-10 14:33:47.400  INFO 4460 --- [    Test worker] p6spy                                    : #1665380027400 | took 0ms | statement | connection 26| url jdbc:h2:mem:ad3a9e80-f26d-4a3e-9691-17f803db5723
insert into picture (spot_id, url, picture_id) values (?, ?, ?)
insert into picture (spot_id, url, picture_id) values (NULL, 'java.io.StringReader@767c5a37', 2589);
2022-10-10 14:33:47.400  INFO 4460 --- [    Test worker] p6spy                                    : #1665380027400 | took 0ms | statement | connection 26| url jdbc:h2:mem:ad3a9e80-f26d-4a3e-9691-17f803db5723
insert into picture (spot_id, url, picture_id) values (?, ?, ?)
insert into picture (spot_id, url, picture_id) values (NULL, 'java.io.StringReader@52eb1f4c', 2590);
2022-10-10 14:33:47.400  INFO 4460 --- [    Test worker] p6spy                                    : #1665380027400 | took 0ms | statement | connection 26| url jdbc:h2:mem:ad3a9e80-f26d-4a3e-9691-17f803db5723
insert into picture (spot_id, url, picture_id) values (?, ?, ?)
insert into picture (spot_id, url, picture_id) values (NULL, 'java.io.StringReader@57583582', 2591);
2022-10-10 14:33:47.400  INFO 4460 --- [    Test worker] p6spy                                    : #1665380027400 | took 0ms | statement | connection 26| url jdbc:h2:mem:ad3a9e80-f26d-4a3e-9691-17f803db5723
insert into spot (address, description, location, name, score_id, spot_id) values (?, ?, ?, ?, ?, ?)
insert into spot (address, description, location, name, score_id, spot_id) values (NULL, NULL, 'Aewol_eup', NULL, 634, 700);
2022-10-10 14:33:47.400  INFO 4460 --- [    Test worker] p6spy                                    : #1665380027400 | took 0ms | statement | connection 26| url jdbc:h2:mem:ad3a9e80-f26d-4a3e-9691-17f803db5723
insert into member_spot (member_id, score, spot_id, member_spot_id) values (?, ?, ?, ?)
insert into member_spot (member_id, score, spot_id, member_spot_id) values (21, 0.0, 700, 2592);
2022-10-10 14:33:47.400  INFO 4460 --- [    Test worker] p6spy                                    : #1665380027400 | took 0ms | statement | connection 26| url jdbc:h2:mem:ad3a9e80-f26d-4a3e-9691-17f803db5723
insert into review (content, spot_id, review_id) values (?, ?, ?)
insert into review (content, spot_id, review_id) values ('java.io.StringReader@576648bd', 669, 636);
2022-10-10 14:33:47.400  INFO 4460 --- [    Test worker] p6spy                                    : #1665380027400 | took 0ms | statement | connection 26| url jdbc:h2:mem:ad3a9e80-f26d-4a3e-9691-17f803db5723
insert into score (facility_rank, facility_score, price_rank, price_score, rank_average, surround_rank, surround_score, view_rank, view_score, score_id) values (?, ?, ?, ?, ?, ?, ?, ?, ?, ?)
insert into score (facility_rank, facility_score, price_rank, price_score, rank_average, surround_rank, surround_score, view_rank, view_score, score_id) values (6.593349698186896, 1.8527546992644917, 2.0508140719718115, 5.277271743793349, 4.958897907545888, 2.480223995994547, 9.979940008824125, 3.6625049827571465, 1.8565097248006701, 635);
2022-10-10 14:33:47.400  INFO 4460 --- [    Test worker] p6spy                                    : #1665380027400 | took 0ms | statement | connection 26| url jdbc:h2:mem:ad3a9e80-f26d-4a3e-9691-17f803db5723
insert into picture (spot_id, url, picture_id) values (?, ?, ?)
insert into picture (spot_id, url, picture_id) values (NULL, 'java.io.StringReader@6e1f7f4', 2593);
2022-10-10 14:33:47.400  INFO 4460 --- [    Test worker] p6spy                                    : #1665380027400 | took 0ms | statement | connection 26| url jdbc:h2:mem:ad3a9e80-f26d-4a3e-9691-17f803db5723
insert into picture (spot_id, url, picture_id) values (?, ?, ?)
insert into picture (spot_id, url, picture_id) values (NULL, 'java.io.StringReader@487e3e52', 2594);
2022-10-10 14:33:47.400  INFO 4460 --- [    Test worker] p6spy                                    : #1665380027400 | took 0ms | statement | connection 26| url jdbc:h2:mem:ad3a9e80-f26d-4a3e-9691-17f803db5723
insert into picture (spot_id, url, picture_id) values (?, ?, ?)
insert into picture (spot_id, url, picture_id) values (NULL, 'java.io.StringReader@4ab0e', 2595);
2022-10-10 14:33:47.400  INFO 4460 --- [    Test worker] p6spy                                    : #1665380027400 | took 0ms | statement | connection 26| url jdbc:h2:mem:ad3a9e80-f26d-4a3e-9691-17f803db5723
insert into spot (address, description, location, name, score_id, spot_id) values (?, ?, ?, ?, ?, ?)
insert into spot (address, description, location, name, score_id, spot_id) values (NULL, NULL, 'Aewol_eup', NULL, 635, 701);
2022-10-10 14:33:47.400  INFO 4460 --- [    Test worker] p6spy                                    : #1665380027400 | took 0ms | statement | connection 26| url jdbc:h2:mem:ad3a9e80-f26d-4a3e-9691-17f803db5723
insert into member_spot (member_id, score, spot_id, member_spot_id) values (?, ?, ?, ?)
insert into member_spot (member_id, score, spot_id, member_spot_id) values (21, 0.0, 701, 2596);
2022-10-10 14:33:47.400  INFO 4460 --- [    Test worker] p6spy                                    : #1665380027400 | took 0ms | statement | connection 26| url jdbc:h2:mem:ad3a9e80-f26d-4a3e-9691-17f803db5723
insert into review (content, spot_id, review_id) values (?, ?, ?)
insert into review (content, spot_id, review_id) values ('java.io.StringReader@7bd0f284', 669, 637);
2022-10-10 14:33:47.401  INFO 4460 --- [    Test worker] p6spy                                    : #1665380027401 | took 0ms | statement | connection 26| url jdbc:h2:mem:ad3a9e80-f26d-4a3e-9691-17f803db5723
insert into favorite_spot (count, favorite_id, spot_id, favorite_spot_id) values (?, ?, ?, ?)
insert into favorite_spot (count, favorite_id, spot_id, favorite_spot_id) values (0, 41, 701, 493);
2022-10-10 14:33:47.401  INFO 4460 --- [    Test worker] p6spy                                    : #1665380027401 | took 0ms | statement | connection 26| url jdbc:h2:mem:ad3a9e80-f26d-4a3e-9691-17f803db5723
insert into score (facility_rank, facility_score, price_rank, price_score, rank_average, surround_rank, surround_score, view_rank, view_score, score_id) values (?, ?, ?, ?, ?, ?, ?, ?, ?, ?)
insert into score (facility_rank, facility_score, price_rank, price_score, rank_average, surround_rank, surround_score, view_rank, view_score, score_id) values (7.666221900490305, 2.04281606148365, 4.321964961095622, 4.347153344904688, 8.037969355236058, 8.840704489150802, 5.925310168860813, 6.930208623339307, 1.2248181691795001, 636);
2022-10-10 14:33:47.401  INFO 4460 --- [    Test worker] p6spy                                    : #1665380027401 | took 0ms | statement | connection 26| url jdbc:h2:mem:ad3a9e80-f26d-4a3e-9691-17f803db5723
insert into picture (spot_id, url, picture_id) values (?, ?, ?)
insert into picture (spot_id, url, picture_id) values (NULL, 'java.io.StringReader@4b710b79', 2597);
2022-10-10 14:33:47.401  INFO 4460 --- [    Test worker] p6spy                                    : #1665380027401 | took 0ms | statement | connection 26| url jdbc:h2:mem:ad3a9e80-f26d-4a3e-9691-17f803db5723
insert into picture (spot_id, url, picture_id) values (?, ?, ?)
insert into picture (spot_id, url, picture_id) values (NULL, 'java.io.StringReader@19be7826', 2598);
2022-10-10 14:33:47.401  INFO 4460 --- [    Test worker] p6spy                                    : #1665380027401 | took 0ms | statement | connection 26| url jdbc:h2:mem:ad3a9e80-f26d-4a3e-9691-17f803db5723
insert into picture (spot_id, url, picture_id) values (?, ?, ?)
insert into picture (spot_id, url, picture_id) values (NULL, 'java.io.StringReader@52100f8b', 2599);
2022-10-10 14:33:47.401  INFO 4460 --- [    Test worker] p6spy                                    : #1665380027401 | took 0ms | statement | connection 26| url jdbc:h2:mem:ad3a9e80-f26d-4a3e-9691-17f803db5723
insert into spot (address, description, location, name, score_id, spot_id) values (?, ?, ?, ?, ?, ?)
insert into spot (address, description, location, name, score_id, spot_id) values (NULL, NULL, 'Aewol_eup', NULL, 636, 702);
2022-10-10 14:33:47.401  INFO 4460 --- [    Test worker] p6spy                                    : #1665380027401 | took 0ms | statement | connection 26| url jdbc:h2:mem:ad3a9e80-f26d-4a3e-9691-17f803db5723
insert into member_spot (member_id, score, spot_id, member_spot_id) values (?, ?, ?, ?)
insert into member_spot (member_id, score, spot_id, member_spot_id) values (21, 0.0, 702, 2600);
2022-10-10 14:33:47.401  INFO 4460 --- [    Test worker] p6spy                                    : #1665380027401 | took 0ms | statement | connection 26| url jdbc:h2:mem:ad3a9e80-f26d-4a3e-9691-17f803db5723
insert into review (content, spot_id, review_id) values (?, ?, ?)
insert into review (content, spot_id, review_id) values ('java.io.StringReader@569a0501', 669, 638);
2022-10-10 14:33:47.401  INFO 4460 --- [    Test worker] p6spy                                    : #1665380027401 | took 0ms | statement | connection 26| url jdbc:h2:mem:ad3a9e80-f26d-4a3e-9691-17f803db5723
insert into score (facility_rank, facility_score, price_rank, price_score, rank_average, surround_rank, surround_score, view_rank, view_score, score_id) values (?, ?, ?, ?, ?, ?, ?, ?, ?, ?)
insert into score (facility_rank, facility_score, price_rank, price_score, rank_average, surround_rank, surround_score, view_rank, view_score, score_id) values (9.988587256111952, 7.8550491453706215, 3.4680132842464637, 7.414018476424866, 9.471094187451522, 5.7849106867383675, 1.5072697058384676, 1.193630416786532, 6.23616544393458, 637);
2022-10-10 14:33:47.401  INFO 4460 --- [    Test worker] p6spy                                    : #1665380027401 | took 0ms | statement | connection 26| url jdbc:h2:mem:ad3a9e80-f26d-4a3e-9691-17f803db5723
insert into picture (spot_id, url, picture_id) values (?, ?, ?)
insert into picture (spot_id, url, picture_id) values (NULL, 'java.io.StringReader@d2be182', 2601);
2022-10-10 14:33:47.401  INFO 4460 --- [    Test worker] p6spy                                    : #1665380027401 | took 0ms | statement | connection 26| url jdbc:h2:mem:ad3a9e80-f26d-4a3e-9691-17f803db5723
insert into picture (spot_id, url, picture_id) values (?, ?, ?)
insert into picture (spot_id, url, picture_id) values (NULL, 'java.io.StringReader@5793a537', 2602);
2022-10-10 14:33:47.401  INFO 4460 --- [    Test worker] p6spy                                    : #1665380027401 | took 0ms | statement | connection 26| url jdbc:h2:mem:ad3a9e80-f26d-4a3e-9691-17f803db5723
insert into picture (spot_id, url, picture_id) values (?, ?, ?)
insert into picture (spot_id, url, picture_id) values (NULL, 'java.io.StringReader@5ffed2c0', 2603);
2022-10-10 14:33:47.401  INFO 4460 --- [    Test worker] p6spy                                    : #1665380027401 | took 0ms | statement | connection 26| url jdbc:h2:mem:ad3a9e80-f26d-4a3e-9691-17f803db5723
insert into spot (address, description, location, name, score_id, spot_id) values (?, ?, ?, ?, ?, ?)
insert into spot (address, description, location, name, score_id, spot_id) values (NULL, NULL, 'Aewol_eup', NULL, 637, 703);
2022-10-10 14:33:47.401  INFO 4460 --- [    Test worker] p6spy                                    : #1665380027401 | took 0ms | statement | connection 26| url jdbc:h2:mem:ad3a9e80-f26d-4a3e-9691-17f803db5723
insert into member_spot (member_id, score, spot_id, member_spot_id) values (?, ?, ?, ?)
insert into member_spot (member_id, score, spot_id, member_spot_id) values (21, 0.0, 703, 2604);
2022-10-10 14:33:47.401  INFO 4460 --- [    Test worker] p6spy                                    : #1665380027401 | took 0ms | statement | connection 26| url jdbc:h2:mem:ad3a9e80-f26d-4a3e-9691-17f803db5723
insert into review (content, spot_id, review_id) values (?, ?, ?)
insert into review (content, spot_id, review_id) values ('java.io.StringReader@2f0aa184', 669, 639);
2022-10-10 14:33:47.401  INFO 4460 --- [    Test worker] p6spy                                    : #1665380027401 | took 0ms | statement | connection 26| url jdbc:h2:mem:ad3a9e80-f26d-4a3e-9691-17f803db5723
insert into favorite_spot (count, favorite_id, spot_id, favorite_spot_id) values (?, ?, ?, ?)
insert into favorite_spot (count, favorite_id, spot_id, favorite_spot_id) values (0, 41, 703, 494);
2022-10-10 14:33:47.401  INFO 4460 --- [    Test worker] p6spy                                    : #1665380027401 | took 0ms | statement | connection 26| url jdbc:h2:mem:ad3a9e80-f26d-4a3e-9691-17f803db5723
insert into score (facility_rank, facility_score, price_rank, price_score, rank_average, surround_rank, surround_score, view_rank, view_score, score_id) values (?, ?, ?, ?, ?, ?, ?, ?, ?, ?)
insert into score (facility_rank, facility_score, price_rank, price_score, rank_average, surround_rank, surround_score, view_rank, view_score, score_id) values (6.486398496330911, 5.642752811535115, 2.456567909923777, 4.756259477465368, 3.830818148256361, 8.153775099553071, 2.9762859584361334, 7.231874894409205, 2.8094180934632473, 638);
2022-10-10 14:33:47.401  INFO 4460 --- [    Test worker] p6spy                                    : #1665380027401 | took 0ms | statement | connection 26| url jdbc:h2:mem:ad3a9e80-f26d-4a3e-9691-17f803db5723
insert into picture (spot_id, url, picture_id) values (?, ?, ?)
insert into picture (spot_id, url, picture_id) values (NULL, 'java.io.StringReader@665967db', 2605);
2022-10-10 14:33:47.401  INFO 4460 --- [    Test worker] p6spy                                    : #1665380027401 | took 0ms | statement | connection 26| url jdbc:h2:mem:ad3a9e80-f26d-4a3e-9691-17f803db5723
insert into picture (spot_id, url, picture_id) values (?, ?, ?)
insert into picture (spot_id, url, picture_id) values (NULL, 'java.io.StringReader@41825c0', 2606);
2022-10-10 14:33:47.401  INFO 4460 --- [    Test worker] p6spy                                    : #1665380027401 | took 0ms | statement | connection 26| url jdbc:h2:mem:ad3a9e80-f26d-4a3e-9691-17f803db5723
insert into picture (spot_id, url, picture_id) values (?, ?, ?)
insert into picture (spot_id, url, picture_id) values (NULL, 'java.io.StringReader@6bb17a3b', 2607);
2022-10-10 14:33:47.401  INFO 4460 --- [    Test worker] p6spy                                    : #1665380027401 | took 0ms | statement | connection 26| url jdbc:h2:mem:ad3a9e80-f26d-4a3e-9691-17f803db5723
insert into spot (address, description, location, name, score_id, spot_id) values (?, ?, ?, ?, ?, ?)
insert into spot (address, description, location, name, score_id, spot_id) values (NULL, NULL, 'Aewol_eup', NULL, 638, 704);
2022-10-10 14:33:47.401  INFO 4460 --- [    Test worker] p6spy                                    : #1665380027401 | took 0ms | statement | connection 26| url jdbc:h2:mem:ad3a9e80-f26d-4a3e-9691-17f803db5723
insert into member_spot (member_id, score, spot_id, member_spot_id) values (?, ?, ?, ?)
insert into member_spot (member_id, score, spot_id, member_spot_id) values (21, 0.0, 704, 2608);
2022-10-10 14:33:47.401  INFO 4460 --- [    Test worker] p6spy                                    : #1665380027401 | took 0ms | statement | connection 26| url jdbc:h2:mem:ad3a9e80-f26d-4a3e-9691-17f803db5723
insert into review (content, spot_id, review_id) values (?, ?, ?)
insert into review (content, spot_id, review_id) values ('java.io.StringReader@552ae42e', 669, 640);
2022-10-10 14:33:47.401  INFO 4460 --- [    Test worker] p6spy                                    : #1665380027401 | took 0ms | statement | connection 26| url jdbc:h2:mem:ad3a9e80-f26d-4a3e-9691-17f803db5723
insert into score (facility_rank, facility_score, price_rank, price_score, rank_average, surround_rank, surround_score, view_rank, view_score, score_id) values (?, ?, ?, ?, ?, ?, ?, ?, ?, ?)
insert into score (facility_rank, facility_score, price_rank, price_score, rank_average, surround_rank, surround_score, view_rank, view_score, score_id) values (2.8165860153021036, 9.349211169718739, 5.772409525811838, 4.185865572096886, 7.4597517026413005, 2.3748468821975988, 7.070209985394946, 2.9380754558149826, 6.550240686276676, 639);
2022-10-10 14:33:47.401  INFO 4460 --- [    Test worker] p6spy                                    : #1665380027401 | took 0ms | statement | connection 26| url jdbc:h2:mem:ad3a9e80-f26d-4a3e-9691-17f803db5723
insert into picture (spot_id, url, picture_id) values (?, ?, ?)
insert into picture (spot_id, url, picture_id) values (NULL, 'java.io.StringReader@71136897', 2609);
2022-10-10 14:33:47.401  INFO 4460 --- [    Test worker] p6spy                                    : #1665380027401 | took 0ms | statement | connection 26| url jdbc:h2:mem:ad3a9e80-f26d-4a3e-9691-17f803db5723
insert into picture (spot_id, url, picture_id) values (?, ?, ?)
insert into picture (spot_id, url, picture_id) values (NULL, 'java.io.StringReader@1ba97468', 2610);
2022-10-10 14:33:47.401  INFO 4460 --- [    Test worker] p6spy                                    : #1665380027401 | took 0ms | statement | connection 26| url jdbc:h2:mem:ad3a9e80-f26d-4a3e-9691-17f803db5723
insert into picture (spot_id, url, picture_id) values (?, ?, ?)
insert into picture (spot_id, url, picture_id) values (NULL, 'java.io.StringReader@690ece45', 2611);
2022-10-10 14:33:47.401  INFO 4460 --- [    Test worker] p6spy                                    : #1665380027401 | took 0ms | statement | connection 26| url jdbc:h2:mem:ad3a9e80-f26d-4a3e-9691-17f803db5723
insert into spot (address, description, location, name, score_id, spot_id) values (?, ?, ?, ?, ?, ?)
insert into spot (address, description, location, name, score_id, spot_id) values (NULL, NULL, 'Aewol_eup', NULL, 639, 705);
2022-10-10 14:33:47.401  INFO 4460 --- [    Test worker] p6spy                                    : #1665380027401 | took 0ms | statement | connection 26| url jdbc:h2:mem:ad3a9e80-f26d-4a3e-9691-17f803db5723
insert into member_spot (member_id, score, spot_id, member_spot_id) values (?, ?, ?, ?)
insert into member_spot (member_id, score, spot_id, member_spot_id) values (21, 0.0, 705, 2612);
2022-10-10 14:33:47.401  INFO 4460 --- [    Test worker] p6spy                                    : #1665380027401 | took 0ms | statement | connection 26| url jdbc:h2:mem:ad3a9e80-f26d-4a3e-9691-17f803db5723
insert into review (content, spot_id, review_id) values (?, ?, ?)
insert into review (content, spot_id, review_id) values ('java.io.StringReader@6a311e2d', 669, 641);
2022-10-10 14:33:47.401  INFO 4460 --- [    Test worker] p6spy                                    : #1665380027401 | took 0ms | statement | connection 26| url jdbc:h2:mem:ad3a9e80-f26d-4a3e-9691-17f803db5723
insert into favorite_spot (count, favorite_id, spot_id, favorite_spot_id) values (?, ?, ?, ?)
insert into favorite_spot (count, favorite_id, spot_id, favorite_spot_id) values (0, 41, 705, 495);
2022-10-10 14:33:47.401  INFO 4460 --- [    Test worker] p6spy                                    : #1665380027401 | took 0ms | statement | connection 26| url jdbc:h2:mem:ad3a9e80-f26d-4a3e-9691-17f803db5723
insert into score (facility_rank, facility_score, price_rank, price_score, rank_average, surround_rank, surround_score, view_rank, view_score, score_id) values (?, ?, ?, ?, ?, ?, ?, ?, ?, ?)
insert into score (facility_rank, facility_score, price_rank, price_score, rank_average, surround_rank, surround_score, view_rank, view_score, score_id) values (4.612378028809365, 8.398028132232408, 1.4397751687901228, 1.8303601075479436, 5.616021275877677, 5.003013412617314, 4.213480614676155, 2.4444047889427245, 4.98562554706656, 640);
2022-10-10 14:33:47.401  INFO 4460 --- [    Test worker] p6spy                                    : #1665380027401 | took 0ms | statement | connection 26| url jdbc:h2:mem:ad3a9e80-f26d-4a3e-9691-17f803db5723
insert into picture (spot_id, url, picture_id) values (?, ?, ?)
insert into picture (spot_id, url, picture_id) values (NULL, 'java.io.StringReader@2fe03aac', 2613);
2022-10-10 14:33:47.401  INFO 4460 --- [    Test worker] p6spy                                    : #1665380027401 | took 0ms | statement | connection 26| url jdbc:h2:mem:ad3a9e80-f26d-4a3e-9691-17f803db5723
insert into picture (spot_id, url, picture_id) values (?, ?, ?)
insert into picture (spot_id, url, picture_id) values (NULL, 'java.io.StringReader@16399ea0', 2614);
2022-10-10 14:33:47.401  INFO 4460 --- [    Test worker] p6spy                                    : #1665380027401 | took 0ms | statement | connection 26| url jdbc:h2:mem:ad3a9e80-f26d-4a3e-9691-17f803db5723
insert into picture (spot_id, url, picture_id) values (?, ?, ?)
insert into picture (spot_id, url, picture_id) values (NULL, 'java.io.StringReader@353d7d9', 2615);
2022-10-10 14:33:47.402  INFO 4460 --- [    Test worker] p6spy                                    : #1665380027402 | took 0ms | statement | connection 26| url jdbc:h2:mem:ad3a9e80-f26d-4a3e-9691-17f803db5723
insert into spot (address, description, location, name, score_id, spot_id) values (?, ?, ?, ?, ?, ?)
insert into spot (address, description, location, name, score_id, spot_id) values (NULL, NULL, 'Aewol_eup', NULL, 640, 706);
2022-10-10 14:33:47.402  INFO 4460 --- [    Test worker] p6spy                                    : #1665380027402 | took 0ms | statement | connection 26| url jdbc:h2:mem:ad3a9e80-f26d-4a3e-9691-17f803db5723
insert into member_spot (member_id, score, spot_id, member_spot_id) values (?, ?, ?, ?)
insert into member_spot (member_id, score, spot_id, member_spot_id) values (21, 0.0, 706, 2616);
2022-10-10 14:33:47.402  INFO 4460 --- [    Test worker] p6spy                                    : #1665380027402 | took 0ms | statement | connection 26| url jdbc:h2:mem:ad3a9e80-f26d-4a3e-9691-17f803db5723
insert into review (content, spot_id, review_id) values (?, ?, ?)
insert into review (content, spot_id, review_id) values ('java.io.StringReader@3fc2f9c5', 669, 642);
2022-10-10 14:33:47.402  INFO 4460 --- [    Test worker] p6spy                                    : #1665380027402 | took 0ms | statement | connection 26| url jdbc:h2:mem:ad3a9e80-f26d-4a3e-9691-17f803db5723
insert into score (facility_rank, facility_score, price_rank, price_score, rank_average, surround_rank, surround_score, view_rank, view_score, score_id) values (?, ?, ?, ?, ?, ?, ?, ?, ?, ?)
insert into score (facility_rank, facility_score, price_rank, price_score, rank_average, surround_rank, surround_score, view_rank, view_score, score_id) values (7.142336865496518, 2.6281789521471954, 5.941135305989221, 3.144545549464218, 1.7574013264230914, 3.160018282423591, 6.724883244260004, 1.5167074427256977, 6.22933095292212, 641);
2022-10-10 14:33:47.402  INFO 4460 --- [    Test worker] p6spy                                    : #1665380027402 | took 0ms | statement | connection 26| url jdbc:h2:mem:ad3a9e80-f26d-4a3e-9691-17f803db5723
insert into picture (spot_id, url, picture_id) values (?, ?, ?)
insert into picture (spot_id, url, picture_id) values (NULL, 'java.io.StringReader@5d9e0453', 2617);
2022-10-10 14:33:47.402  INFO 4460 --- [    Test worker] p6spy                                    : #1665380027402 | took 0ms | statement | connection 26| url jdbc:h2:mem:ad3a9e80-f26d-4a3e-9691-17f803db5723
insert into picture (spot_id, url, picture_id) values (?, ?, ?)
insert into picture (spot_id, url, picture_id) values (NULL, 'java.io.StringReader@f3c6b85', 2618);
2022-10-10 14:33:47.402  INFO 4460 --- [    Test worker] p6spy                                    : #1665380027402 | took 0ms | statement | connection 26| url jdbc:h2:mem:ad3a9e80-f26d-4a3e-9691-17f803db5723
insert into picture (spot_id, url, picture_id) values (?, ?, ?)
insert into picture (spot_id, url, picture_id) values (NULL, 'java.io.StringReader@524c49b2', 2619);
2022-10-10 14:33:47.402  INFO 4460 --- [    Test worker] p6spy                                    : #1665380027402 | took 0ms | statement | connection 26| url jdbc:h2:mem:ad3a9e80-f26d-4a3e-9691-17f803db5723
insert into spot (address, description, location, name, score_id, spot_id) values (?, ?, ?, ?, ?, ?)
insert into spot (address, description, location, name, score_id, spot_id) values (NULL, NULL, 'Aewol_eup', NULL, 641, 707);
2022-10-10 14:33:47.402  INFO 4460 --- [    Test worker] p6spy                                    : #1665380027402 | took 0ms | statement | connection 26| url jdbc:h2:mem:ad3a9e80-f26d-4a3e-9691-17f803db5723
insert into member_spot (member_id, score, spot_id, member_spot_id) values (?, ?, ?, ?)
insert into member_spot (member_id, score, spot_id, member_spot_id) values (21, 0.0, 707, 2620);
2022-10-10 14:33:47.402  INFO 4460 --- [    Test worker] p6spy                                    : #1665380027402 | took 0ms | statement | connection 26| url jdbc:h2:mem:ad3a9e80-f26d-4a3e-9691-17f803db5723
insert into review (content, spot_id, review_id) values (?, ?, ?)
insert into review (content, spot_id, review_id) values ('java.io.StringReader@726fd032', 669, 643);
2022-10-10 14:33:47.402  INFO 4460 --- [    Test worker] p6spy                                    : #1665380027402 | took 0ms | statement | connection 26| url jdbc:h2:mem:ad3a9e80-f26d-4a3e-9691-17f803db5723
insert into favorite_spot (count, favorite_id, spot_id, favorite_spot_id) values (?, ?, ?, ?)
insert into favorite_spot (count, favorite_id, spot_id, favorite_spot_id) values (0, 41, 707, 496);
2022-10-10 14:33:47.402  INFO 4460 --- [    Test worker] p6spy                                    : #1665380027402 | took 0ms | statement | connection 26| url jdbc:h2:mem:ad3a9e80-f26d-4a3e-9691-17f803db5723
insert into score (facility_rank, facility_score, price_rank, price_score, rank_average, surround_rank, surround_score, view_rank, view_score, score_id) values (?, ?, ?, ?, ?, ?, ?, ?, ?, ?)
insert into score (facility_rank, facility_score, price_rank, price_score, rank_average, surround_rank, surround_score, view_rank, view_score, score_id) values (3.4997692133461076, 8.40743450372725, 6.691122797710096, 8.073789709815916, 2.482832987527128, 3.5272510489363054, 8.938958213932994, 3.2450999383271997, 5.081150526376652, 642);
2022-10-10 14:33:47.402  INFO 4460 --- [    Test worker] p6spy                                    : #1665380027402 | took 0ms | statement | connection 26| url jdbc:h2:mem:ad3a9e80-f26d-4a3e-9691-17f803db5723
insert into picture (spot_id, url, picture_id) values (?, ?, ?)
insert into picture (spot_id, url, picture_id) values (NULL, 'java.io.StringReader@5254b862', 2621);
2022-10-10 14:33:47.402  INFO 4460 --- [    Test worker] p6spy                                    : #1665380027402 | took 0ms | statement | connection 26| url jdbc:h2:mem:ad3a9e80-f26d-4a3e-9691-17f803db5723
insert into picture (spot_id, url, picture_id) values (?, ?, ?)
insert into picture (spot_id, url, picture_id) values (NULL, 'java.io.StringReader@62824af7', 2622);
2022-10-10 14:33:47.402  INFO 4460 --- [    Test worker] p6spy                                    : #1665380027402 | took 0ms | statement | connection 26| url jdbc:h2:mem:ad3a9e80-f26d-4a3e-9691-17f803db5723
insert into picture (spot_id, url, picture_id) values (?, ?, ?)
insert into picture (spot_id, url, picture_id) values (NULL, 'java.io.StringReader@23497fe3', 2623);
2022-10-10 14:33:47.402  INFO 4460 --- [    Test worker] p6spy                                    : #1665380027402 | took 0ms | statement | connection 26| url jdbc:h2:mem:ad3a9e80-f26d-4a3e-9691-17f803db5723
insert into spot (address, description, location, name, score_id, spot_id) values (?, ?, ?, ?, ?, ?)
insert into spot (address, description, location, name, score_id, spot_id) values (NULL, NULL, 'Aewol_eup', NULL, 642, 708);
2022-10-10 14:33:47.402  INFO 4460 --- [    Test worker] p6spy                                    : #1665380027402 | took 0ms | statement | connection 26| url jdbc:h2:mem:ad3a9e80-f26d-4a3e-9691-17f803db5723
insert into member_spot (member_id, score, spot_id, member_spot_id) values (?, ?, ?, ?)
insert into member_spot (member_id, score, spot_id, member_spot_id) values (21, 0.0, 708, 2624);
2022-10-10 14:33:47.402  INFO 4460 --- [    Test worker] p6spy                                    : #1665380027402 | took 0ms | statement | connection 26| url jdbc:h2:mem:ad3a9e80-f26d-4a3e-9691-17f803db5723
insert into review (content, spot_id, review_id) values (?, ?, ?)
insert into review (content, spot_id, review_id) values ('java.io.StringReader@5b437829', 669, 644);
2022-10-10 14:33:47.402  INFO 4460 --- [    Test worker] p6spy                                    : #1665380027402 | took 0ms | statement | connection 26| url jdbc:h2:mem:ad3a9e80-f26d-4a3e-9691-17f803db5723
insert into score (facility_rank, facility_score, price_rank, price_score, rank_average, surround_rank, surround_score, view_rank, view_score, score_id) values (?, ?, ?, ?, ?, ?, ?, ?, ?, ?)
insert into score (facility_rank, facility_score, price_rank, price_score, rank_average, surround_rank, surround_score, view_rank, view_score, score_id) values (2.4899908213169963, 2.5897750648362603, 0.15193277001107952, 2.9833789463525937, 7.297765169347673, 4.856563997233554, 2.363280172428289, 0.7056915991178381, 9.452106230414023, 643);
2022-10-10 14:33:47.402  INFO 4460 --- [    Test worker] p6spy                                    : #1665380027402 | took 0ms | statement | connection 26| url jdbc:h2:mem:ad3a9e80-f26d-4a3e-9691-17f803db5723
insert into picture (spot_id, url, picture_id) values (?, ?, ?)
insert into picture (spot_id, url, picture_id) values (NULL, 'java.io.StringReader@750c2b60', 2625);
2022-10-10 14:33:47.402  INFO 4460 --- [    Test worker] p6spy                                    : #1665380027402 | took 0ms | statement | connection 26| url jdbc:h2:mem:ad3a9e80-f26d-4a3e-9691-17f803db5723
insert into picture (spot_id, url, picture_id) values (?, ?, ?)
insert into picture (spot_id, url, picture_id) values (NULL, 'java.io.StringReader@67753d0f', 2626);
2022-10-10 14:33:47.402  INFO 4460 --- [    Test worker] p6spy                                    : #1665380027402 | took 0ms | statement | connection 26| url jdbc:h2:mem:ad3a9e80-f26d-4a3e-9691-17f803db5723
insert into picture (spot_id, url, picture_id) values (?, ?, ?)
insert into picture (spot_id, url, picture_id) values (NULL, 'java.io.StringReader@49fe9da', 2627);
2022-10-10 14:33:47.402  INFO 4460 --- [    Test worker] p6spy                                    : #1665380027402 | took 0ms | statement | connection 26| url jdbc:h2:mem:ad3a9e80-f26d-4a3e-9691-17f803db5723
insert into spot (address, description, location, name, score_id, spot_id) values (?, ?, ?, ?, ?, ?)
insert into spot (address, description, location, name, score_id, spot_id) values (NULL, NULL, 'Aewol_eup', NULL, 643, 709);
2022-10-10 14:33:47.402  INFO 4460 --- [    Test worker] p6spy                                    : #1665380027402 | took 0ms | statement | connection 26| url jdbc:h2:mem:ad3a9e80-f26d-4a3e-9691-17f803db5723
insert into member_spot (member_id, score, spot_id, member_spot_id) values (?, ?, ?, ?)
insert into member_spot (member_id, score, spot_id, member_spot_id) values (21, 0.0, 709, 2628);
2022-10-10 14:33:47.402  INFO 4460 --- [    Test worker] p6spy                                    : #1665380027402 | took 0ms | statement | connection 26| url jdbc:h2:mem:ad3a9e80-f26d-4a3e-9691-17f803db5723
insert into review (content, spot_id, review_id) values (?, ?, ?)
insert into review (content, spot_id, review_id) values ('java.io.StringReader@f202730', 669, 645);
2022-10-10 14:33:47.402  INFO 4460 --- [    Test worker] p6spy                                    : #1665380027402 | took 0ms | statement | connection 26| url jdbc:h2:mem:ad3a9e80-f26d-4a3e-9691-17f803db5723
insert into favorite_spot (count, favorite_id, spot_id, favorite_spot_id) values (?, ?, ?, ?)
insert into favorite_spot (count, favorite_id, spot_id, favorite_spot_id) values (0, 41, 709, 497);
2022-10-10 14:33:47.402  INFO 4460 --- [    Test worker] p6spy                                    : #1665380027402 | took 0ms | statement | connection 26| url jdbc:h2:mem:ad3a9e80-f26d-4a3e-9691-17f803db5723
insert into score (facility_rank, facility_score, price_rank, price_score, rank_average, surround_rank, surround_score, view_rank, view_score, score_id) values (?, ?, ?, ?, ?, ?, ?, ?, ?, ?)
insert into score (facility_rank, facility_score, price_rank, price_score, rank_average, surround_rank, surround_score, view_rank, view_score, score_id) values (4.406297877275121, 7.940612243201526, 3.07243461498679, 5.092669339460184, 8.99832376952563, 9.829030034322757, 0.3053605486849964, 6.237090195813701, 6.073041384013131, 644);
2022-10-10 14:33:47.402  INFO 4460 --- [    Test worker] p6spy                                    : #1665380027402 | took 0ms | statement | connection 26| url jdbc:h2:mem:ad3a9e80-f26d-4a3e-9691-17f803db5723
insert into picture (spot_id, url, picture_id) values (?, ?, ?)
insert into picture (spot_id, url, picture_id) values (NULL, 'java.io.StringReader@17d2221f', 2629);
2022-10-10 14:33:47.402  INFO 4460 --- [    Test worker] p6spy                                    : #1665380027402 | took 0ms | statement | connection 26| url jdbc:h2:mem:ad3a9e80-f26d-4a3e-9691-17f803db5723
insert into picture (spot_id, url, picture_id) values (?, ?, ?)
insert into picture (spot_id, url, picture_id) values (NULL, 'java.io.StringReader@2aac14c', 2630);
2022-10-10 14:33:47.402  INFO 4460 --- [    Test worker] p6spy                                    : #1665380027402 | took 0ms | statement | connection 26| url jdbc:h2:mem:ad3a9e80-f26d-4a3e-9691-17f803db5723
insert into picture (spot_id, url, picture_id) values (?, ?, ?)
insert into picture (spot_id, url, picture_id) values (NULL, 'java.io.StringReader@f7904ea', 2631);
2022-10-10 14:33:47.402  INFO 4460 --- [    Test worker] p6spy                                    : #1665380027402 | took 0ms | statement | connection 26| url jdbc:h2:mem:ad3a9e80-f26d-4a3e-9691-17f803db5723
insert into spot (address, description, location, name, score_id, spot_id) values (?, ?, ?, ?, ?, ?)
insert into spot (address, description, location, name, score_id, spot_id) values (NULL, NULL, 'Aewol_eup', NULL, 644, 710);
2022-10-10 14:33:47.402  INFO 4460 --- [    Test worker] p6spy                                    : #1665380027402 | took 0ms | statement | connection 26| url jdbc:h2:mem:ad3a9e80-f26d-4a3e-9691-17f803db5723
insert into member_spot (member_id, score, spot_id, member_spot_id) values (?, ?, ?, ?)
insert into member_spot (member_id, score, spot_id, member_spot_id) values (21, 0.0, 710, 2632);
2022-10-10 14:33:47.402  INFO 4460 --- [    Test worker] p6spy                                    : #1665380027402 | took 0ms | statement | connection 26| url jdbc:h2:mem:ad3a9e80-f26d-4a3e-9691-17f803db5723
insert into review (content, spot_id, review_id) values (?, ?, ?)
insert into review (content, spot_id, review_id) values ('java.io.StringReader@76956805', 669, 646);
2022-10-10 14:33:47.402  INFO 4460 --- [    Test worker] p6spy                                    : #1665380027402 | took 0ms | statement | connection 26| url jdbc:h2:mem:ad3a9e80-f26d-4a3e-9691-17f803db5723
insert into score (facility_rank, facility_score, price_rank, price_score, rank_average, surround_rank, surround_score, view_rank, view_score, score_id) values (?, ?, ?, ?, ?, ?, ?, ?, ?, ?)
insert into score (facility_rank, facility_score, price_rank, price_score, rank_average, surround_rank, surround_score, view_rank, view_score, score_id) values (6.714247618035511, 6.2652258014128295, 7.7424494318971355, 1.7668308154399748, 7.376622495468852, 4.866548536296196, 4.311196108757759, 5.517797373087482, 8.085527069028185, 645);
2022-10-10 14:33:47.403  INFO 4460 --- [    Test worker] p6spy                                    : #1665380027403 | took 0ms | statement | connection 26| url jdbc:h2:mem:ad3a9e80-f26d-4a3e-9691-17f803db5723
insert into picture (spot_id, url, picture_id) values (?, ?, ?)
insert into picture (spot_id, url, picture_id) values (NULL, 'java.io.StringReader@733984ff', 2633);
2022-10-10 14:33:47.403  INFO 4460 --- [    Test worker] p6spy                                    : #1665380027403 | took 0ms | statement | connection 26| url jdbc:h2:mem:ad3a9e80-f26d-4a3e-9691-17f803db5723
insert into picture (spot_id, url, picture_id) values (?, ?, ?)
insert into picture (spot_id, url, picture_id) values (NULL, 'java.io.StringReader@537f1bd7', 2634);
2022-10-10 14:33:47.403  INFO 4460 --- [    Test worker] p6spy                                    : #1665380027403 | took 0ms | statement | connection 26| url jdbc:h2:mem:ad3a9e80-f26d-4a3e-9691-17f803db5723
insert into picture (spot_id, url, picture_id) values (?, ?, ?)
insert into picture (spot_id, url, picture_id) values (NULL, 'java.io.StringReader@1b710f5a', 2635);
2022-10-10 14:33:47.403  INFO 4460 --- [    Test worker] p6spy                                    : #1665380027403 | took 0ms | statement | connection 26| url jdbc:h2:mem:ad3a9e80-f26d-4a3e-9691-17f803db5723
insert into spot (address, description, location, name, score_id, spot_id) values (?, ?, ?, ?, ?, ?)
insert into spot (address, description, location, name, score_id, spot_id) values (NULL, NULL, 'Aewol_eup', NULL, 645, 711);
2022-10-10 14:33:47.403  INFO 4460 --- [    Test worker] p6spy                                    : #1665380027403 | took 0ms | statement | connection 26| url jdbc:h2:mem:ad3a9e80-f26d-4a3e-9691-17f803db5723
insert into member_spot (member_id, score, spot_id, member_spot_id) values (?, ?, ?, ?)
insert into member_spot (member_id, score, spot_id, member_spot_id) values (21, 0.0, 711, 2636);
2022-10-10 14:33:47.403  INFO 4460 --- [    Test worker] p6spy                                    : #1665380027403 | took 0ms | statement | connection 26| url jdbc:h2:mem:ad3a9e80-f26d-4a3e-9691-17f803db5723
insert into review (content, spot_id, review_id) values (?, ?, ?)
insert into review (content, spot_id, review_id) values ('java.io.StringReader@196c021f', 669, 647);
2022-10-10 14:33:47.403  INFO 4460 --- [    Test worker] p6spy                                    : #1665380027403 | took 0ms | statement | connection 26| url jdbc:h2:mem:ad3a9e80-f26d-4a3e-9691-17f803db5723
insert into favorite_spot (count, favorite_id, spot_id, favorite_spot_id) values (?, ?, ?, ?)
insert into favorite_spot (count, favorite_id, spot_id, favorite_spot_id) values (0, 41, 711, 498);
2022-10-10 14:33:47.403  INFO 4460 --- [    Test worker] p6spy                                    : #1665380027403 | took 0ms | statement | connection 26| url jdbc:h2:mem:ad3a9e80-f26d-4a3e-9691-17f803db5723
insert into score (facility_rank, facility_score, price_rank, price_score, rank_average, surround_rank, surround_score, view_rank, view_score, score_id) values (?, ?, ?, ?, ?, ?, ?, ?, ?, ?)
insert into score (facility_rank, facility_score, price_rank, price_score, rank_average, surround_rank, surround_score, view_rank, view_score, score_id) values (6.531827668874065, 2.3590121262067942, 3.2834678626619365, 0.9248752099997604, 1.215178472346402, 4.275035076976862, 7.078668920739085, 8.901751850144501, 7.043309104628241, 646);
2022-10-10 14:33:47.403  INFO 4460 --- [    Test worker] p6spy                                    : #1665380027403 | took 0ms | statement | connection 26| url jdbc:h2:mem:ad3a9e80-f26d-4a3e-9691-17f803db5723
insert into picture (spot_id, url, picture_id) values (?, ?, ?)
insert into picture (spot_id, url, picture_id) values (NULL, 'java.io.StringReader@5782978a', 2637);
2022-10-10 14:33:47.403  INFO 4460 --- [    Test worker] p6spy                                    : #1665380027403 | took 0ms | statement | connection 26| url jdbc:h2:mem:ad3a9e80-f26d-4a3e-9691-17f803db5723
insert into picture (spot_id, url, picture_id) values (?, ?, ?)
insert into picture (spot_id, url, picture_id) values (NULL, 'java.io.StringReader@77a4c0a7', 2638);
2022-10-10 14:33:47.403  INFO 4460 --- [    Test worker] p6spy                                    : #1665380027403 | took 0ms | statement | connection 26| url jdbc:h2:mem:ad3a9e80-f26d-4a3e-9691-17f803db5723
insert into picture (spot_id, url, picture_id) values (?, ?, ?)
insert into picture (spot_id, url, picture_id) values (NULL, 'java.io.StringReader@61daff22', 2639);
2022-10-10 14:33:47.403  INFO 4460 --- [    Test worker] p6spy                                    : #1665380027403 | took 0ms | statement | connection 26| url jdbc:h2:mem:ad3a9e80-f26d-4a3e-9691-17f803db5723
insert into spot (address, description, location, name, score_id, spot_id) values (?, ?, ?, ?, ?, ?)
insert into spot (address, description, location, name, score_id, spot_id) values (NULL, NULL, 'Aewol_eup', NULL, 646, 712);
2022-10-10 14:33:47.403  INFO 4460 --- [    Test worker] p6spy                                    : #1665380027403 | took 0ms | statement | connection 26| url jdbc:h2:mem:ad3a9e80-f26d-4a3e-9691-17f803db5723
insert into member_spot (member_id, score, spot_id, member_spot_id) values (?, ?, ?, ?)
insert into member_spot (member_id, score, spot_id, member_spot_id) values (21, 0.0, 712, 2640);
2022-10-10 14:33:47.403  INFO 4460 --- [    Test worker] p6spy                                    : #1665380027403 | took 0ms | statement | connection 26| url jdbc:h2:mem:ad3a9e80-f26d-4a3e-9691-17f803db5723
insert into review (content, spot_id, review_id) values (?, ?, ?)
insert into review (content, spot_id, review_id) values ('java.io.StringReader@312cb82', 669, 648);
2022-10-10 14:33:47.403  INFO 4460 --- [    Test worker] p6spy                                    : #1665380027403 | took 0ms | statement | connection 26| url jdbc:h2:mem:ad3a9e80-f26d-4a3e-9691-17f803db5723
insert into score (facility_rank, facility_score, price_rank, price_score, rank_average, surround_rank, surround_score, view_rank, view_score, score_id) values (?, ?, ?, ?, ?, ?, ?, ?, ?, ?)
insert into score (facility_rank, facility_score, price_rank, price_score, rank_average, surround_rank, surround_score, view_rank, view_score, score_id) values (8.112980510292157, 4.752588569450838, 0.624108402594642, 3.0153483251283397, 3.004987012503857, 3.9873150122684264, 7.19768750572282, 2.840251704771848, 6.728756684271946, 647);
2022-10-10 14:33:47.403  INFO 4460 --- [    Test worker] p6spy                                    : #1665380027403 | took 0ms | statement | connection 26| url jdbc:h2:mem:ad3a9e80-f26d-4a3e-9691-17f803db5723
insert into picture (spot_id, url, picture_id) values (?, ?, ?)
insert into picture (spot_id, url, picture_id) values (NULL, 'java.io.StringReader@c99ff9e', 2641);
2022-10-10 14:33:47.403  INFO 4460 --- [    Test worker] p6spy                                    : #1665380027403 | took 0ms | statement | connection 26| url jdbc:h2:mem:ad3a9e80-f26d-4a3e-9691-17f803db5723
insert into picture (spot_id, url, picture_id) values (?, ?, ?)
insert into picture (spot_id, url, picture_id) values (NULL, 'java.io.StringReader@6cfad9cb', 2642);
2022-10-10 14:33:47.403  INFO 4460 --- [    Test worker] p6spy                                    : #1665380027403 | took 0ms | statement | connection 26| url jdbc:h2:mem:ad3a9e80-f26d-4a3e-9691-17f803db5723
insert into picture (spot_id, url, picture_id) values (?, ?, ?)
insert into picture (spot_id, url, picture_id) values (NULL, 'java.io.StringReader@6cc785e', 2643);
2022-10-10 14:33:47.403  INFO 4460 --- [    Test worker] p6spy                                    : #1665380027403 | took 0ms | statement | connection 26| url jdbc:h2:mem:ad3a9e80-f26d-4a3e-9691-17f803db5723
insert into spot (address, description, location, name, score_id, spot_id) values (?, ?, ?, ?, ?, ?)
insert into spot (address, description, location, name, score_id, spot_id) values (NULL, NULL, 'Aewol_eup', NULL, 647, 713);
2022-10-10 14:33:47.403  INFO 4460 --- [    Test worker] p6spy                                    : #1665380027403 | took 0ms | statement | connection 26| url jdbc:h2:mem:ad3a9e80-f26d-4a3e-9691-17f803db5723
insert into member_spot (member_id, score, spot_id, member_spot_id) values (?, ?, ?, ?)
insert into member_spot (member_id, score, spot_id, member_spot_id) values (21, 0.0, 713, 2644);
2022-10-10 14:33:47.403  INFO 4460 --- [    Test worker] p6spy                                    : #1665380027403 | took 0ms | statement | connection 26| url jdbc:h2:mem:ad3a9e80-f26d-4a3e-9691-17f803db5723
insert into review (content, spot_id, review_id) values (?, ?, ?)
insert into review (content, spot_id, review_id) values ('java.io.StringReader@c887298', 669, 649);
2022-10-10 14:33:47.403  INFO 4460 --- [    Test worker] p6spy                                    : #1665380027403 | took 0ms | statement | connection 26| url jdbc:h2:mem:ad3a9e80-f26d-4a3e-9691-17f803db5723
insert into favorite_spot (count, favorite_id, spot_id, favorite_spot_id) values (?, ?, ?, ?)
insert into favorite_spot (count, favorite_id, spot_id, favorite_spot_id) values (0, 41, 713, 499);
2022-10-10 14:33:47.403  INFO 4460 --- [    Test worker] p6spy                                    : #1665380027403 | took 0ms | statement | connection 26| url jdbc:h2:mem:ad3a9e80-f26d-4a3e-9691-17f803db5723
insert into score (facility_rank, facility_score, price_rank, price_score, rank_average, surround_rank, surround_score, view_rank, view_score, score_id) values (?, ?, ?, ?, ?, ?, ?, ?, ?, ?)
insert into score (facility_rank, facility_score, price_rank, price_score, rank_average, surround_rank, surround_score, view_rank, view_score, score_id) values (4.780639241849347, 3.406498976495077, 7.0895940981635945, 6.2713025346538025, 3.1594158848715392, 9.454641365542438, 5.382800437332607, 1.7273604582601199, 9.185746816677941, 648);
2022-10-10 14:33:47.403  INFO 4460 --- [    Test worker] p6spy                                    : #1665380027403 | took 0ms | statement | connection 26| url jdbc:h2:mem:ad3a9e80-f26d-4a3e-9691-17f803db5723
insert into picture (spot_id, url, picture_id) values (?, ?, ?)
insert into picture (spot_id, url, picture_id) values (NULL, 'java.io.StringReader@3f14c325', 2645);
2022-10-10 14:33:47.403  INFO 4460 --- [    Test worker] p6spy                                    : #1665380027403 | took 0ms | statement | connection 26| url jdbc:h2:mem:ad3a9e80-f26d-4a3e-9691-17f803db5723
insert into picture (spot_id, url, picture_id) values (?, ?, ?)
insert into picture (spot_id, url, picture_id) values (NULL, 'java.io.StringReader@71e8a99b', 2646);
2022-10-10 14:33:47.403  INFO 4460 --- [    Test worker] p6spy                                    : #1665380027403 | took 0ms | statement | connection 26| url jdbc:h2:mem:ad3a9e80-f26d-4a3e-9691-17f803db5723
insert into picture (spot_id, url, picture_id) values (?, ?, ?)
insert into picture (spot_id, url, picture_id) values (NULL, 'java.io.StringReader@2393344d', 2647);
2022-10-10 14:33:47.403  INFO 4460 --- [    Test worker] p6spy                                    : #1665380027403 | took 0ms | statement | connection 26| url jdbc:h2:mem:ad3a9e80-f26d-4a3e-9691-17f803db5723
insert into spot (address, description, location, name, score_id, spot_id) values (?, ?, ?, ?, ?, ?)
insert into spot (address, description, location, name, score_id, spot_id) values (NULL, NULL, 'Aewol_eup', NULL, 648, 714);
2022-10-10 14:33:47.403  INFO 4460 --- [    Test worker] p6spy                                    : #1665380027403 | took 0ms | statement | connection 26| url jdbc:h2:mem:ad3a9e80-f26d-4a3e-9691-17f803db5723
insert into member_spot (member_id, score, spot_id, member_spot_id) values (?, ?, ?, ?)
insert into member_spot (member_id, score, spot_id, member_spot_id) values (21, 0.0, 714, 2648);
2022-10-10 14:33:47.404  INFO 4460 --- [    Test worker] p6spy                                    : #1665380027404 | took 0ms | statement | connection 26| url jdbc:h2:mem:ad3a9e80-f26d-4a3e-9691-17f803db5723
insert into review (content, spot_id, review_id) values (?, ?, ?)
insert into review (content, spot_id, review_id) values ('java.io.StringReader@646ee1fc', 669, 650);
2022-10-10 14:33:47.404  INFO 4460 --- [    Test worker] p6spy                                    : #1665380027404 | took 0ms | statement | connection 26| url jdbc:h2:mem:ad3a9e80-f26d-4a3e-9691-17f803db5723
insert into score (facility_rank, facility_score, price_rank, price_score, rank_average, surround_rank, surround_score, view_rank, view_score, score_id) values (?, ?, ?, ?, ?, ?, ?, ?, ?, ?)
insert into score (facility_rank, facility_score, price_rank, price_score, rank_average, surround_rank, surround_score, view_rank, view_score, score_id) values (8.322577709897665, 9.826401276309916, 0.19873800517666518, 4.367557177789107, 0.520372848134868, 3.322924199671987, 0.09435894630487662, 3.225329551542994, 2.159126005427383, 649);
2022-10-10 14:33:47.404  INFO 4460 --- [    Test worker] p6spy                                    : #1665380027404 | took 0ms | statement | connection 26| url jdbc:h2:mem:ad3a9e80-f26d-4a3e-9691-17f803db5723
insert into picture (spot_id, url, picture_id) values (?, ?, ?)
insert into picture (spot_id, url, picture_id) values (NULL, 'java.io.StringReader@5cc5ab55', 2649);
2022-10-10 14:33:47.404  INFO 4460 --- [    Test worker] p6spy                                    : #1665380027404 | took 0ms | statement | connection 26| url jdbc:h2:mem:ad3a9e80-f26d-4a3e-9691-17f803db5723
insert into picture (spot_id, url, picture_id) values (?, ?, ?)
insert into picture (spot_id, url, picture_id) values (NULL, 'java.io.StringReader@79423ae4', 2650);
2022-10-10 14:33:47.404  INFO 4460 --- [    Test worker] p6spy                                    : #1665380027404 | took 0ms | statement | connection 26| url jdbc:h2:mem:ad3a9e80-f26d-4a3e-9691-17f803db5723
insert into picture (spot_id, url, picture_id) values (?, ?, ?)
insert into picture (spot_id, url, picture_id) values (NULL, 'java.io.StringReader@2574eeab', 2651);
2022-10-10 14:33:47.404  INFO 4460 --- [    Test worker] p6spy                                    : #1665380027404 | took 0ms | statement | connection 26| url jdbc:h2:mem:ad3a9e80-f26d-4a3e-9691-17f803db5723
insert into spot (address, description, location, name, score_id, spot_id) values (?, ?, ?, ?, ?, ?)
insert into spot (address, description, location, name, score_id, spot_id) values (NULL, NULL, 'Aewol_eup', NULL, 649, 715);
2022-10-10 14:33:47.404  INFO 4460 --- [    Test worker] p6spy                                    : #1665380027404 | took 0ms | statement | connection 26| url jdbc:h2:mem:ad3a9e80-f26d-4a3e-9691-17f803db5723
insert into member_spot (member_id, score, spot_id, member_spot_id) values (?, ?, ?, ?)
insert into member_spot (member_id, score, spot_id, member_spot_id) values (21, 0.0, 715, 2652);
2022-10-10 14:33:47.404  INFO 4460 --- [    Test worker] p6spy                                    : #1665380027404 | took 0ms | statement | connection 26| url jdbc:h2:mem:ad3a9e80-f26d-4a3e-9691-17f803db5723
insert into review (content, spot_id, review_id) values (?, ?, ?)
insert into review (content, spot_id, review_id) values ('java.io.StringReader@2b6aceb8', 669, 651);
2022-10-10 14:33:47.404  INFO 4460 --- [    Test worker] p6spy                                    : #1665380027404 | took 0ms | statement | connection 26| url jdbc:h2:mem:ad3a9e80-f26d-4a3e-9691-17f803db5723
insert into favorite_spot (count, favorite_id, spot_id, favorite_spot_id) values (?, ?, ?, ?)
insert into favorite_spot (count, favorite_id, spot_id, favorite_spot_id) values (0, 41, 715, 500);
2022-10-10 14:33:47.404  INFO 4460 --- [    Test worker] p6spy                                    : #1665380027404 | took 0ms | statement | connection 26| url jdbc:h2:mem:ad3a9e80-f26d-4a3e-9691-17f803db5723
insert into score (facility_rank, facility_score, price_rank, price_score, rank_average, surround_rank, surround_score, view_rank, view_score, score_id) values (?, ?, ?, ?, ?, ?, ?, ?, ?, ?)
insert into score (facility_rank, facility_score, price_rank, price_score, rank_average, surround_rank, surround_score, view_rank, view_score, score_id) values (5.485181339183586, 2.669956141619375, 5.342870667405192, 6.133016085702009, 0.1410156426287057, 4.463846102198206, 7.182625347496721, 2.558019627007886, 7.21930858575317, 650);
2022-10-10 14:33:47.404  INFO 4460 --- [    Test worker] p6spy                                    : #1665380027404 | took 0ms | statement | connection 26| url jdbc:h2:mem:ad3a9e80-f26d-4a3e-9691-17f803db5723
insert into picture (spot_id, url, picture_id) values (?, ?, ?)
insert into picture (spot_id, url, picture_id) values (NULL, 'java.io.StringReader@57ef73cb', 2653);
2022-10-10 14:33:47.404  INFO 4460 --- [    Test worker] p6spy                                    : #1665380027404 | took 0ms | statement | connection 26| url jdbc:h2:mem:ad3a9e80-f26d-4a3e-9691-17f803db5723
insert into picture (spot_id, url, picture_id) values (?, ?, ?)
insert into picture (spot_id, url, picture_id) values (NULL, 'java.io.StringReader@6eed4f51', 2654);
2022-10-10 14:33:47.404  INFO 4460 --- [    Test worker] p6spy                                    : #1665380027404 | took 0ms | statement | connection 26| url jdbc:h2:mem:ad3a9e80-f26d-4a3e-9691-17f803db5723
insert into picture (spot_id, url, picture_id) values (?, ?, ?)
insert into picture (spot_id, url, picture_id) values (NULL, 'java.io.StringReader@5e1864c5', 2655);
2022-10-10 14:33:47.404  INFO 4460 --- [    Test worker] p6spy                                    : #1665380027404 | took 0ms | statement | connection 26| url jdbc:h2:mem:ad3a9e80-f26d-4a3e-9691-17f803db5723
insert into spot (address, description, location, name, score_id, spot_id) values (?, ?, ?, ?, ?, ?)
insert into spot (address, description, location, name, score_id, spot_id) values (NULL, NULL, 'Aewol_eup', NULL, 650, 716);
2022-10-10 14:33:47.404  INFO 4460 --- [    Test worker] p6spy                                    : #1665380027404 | took 0ms | statement | connection 26| url jdbc:h2:mem:ad3a9e80-f26d-4a3e-9691-17f803db5723
insert into member_spot (member_id, score, spot_id, member_spot_id) values (?, ?, ?, ?)
insert into member_spot (member_id, score, spot_id, member_spot_id) values (21, 0.0, 716, 2656);
2022-10-10 14:33:47.404  INFO 4460 --- [    Test worker] p6spy                                    : #1665380027404 | took 0ms | statement | connection 26| url jdbc:h2:mem:ad3a9e80-f26d-4a3e-9691-17f803db5723
insert into review (content, spot_id, review_id) values (?, ?, ?)
insert into review (content, spot_id, review_id) values ('java.io.StringReader@2896ccd7', 669, 652);
2022-10-10 14:33:47.404  INFO 4460 --- [    Test worker] p6spy                                    : #1665380027404 | took 0ms | statement | connection 26| url jdbc:h2:mem:ad3a9e80-f26d-4a3e-9691-17f803db5723
insert into score (facility_rank, facility_score, price_rank, price_score, rank_average, surround_rank, surround_score, view_rank, view_score, score_id) values (?, ?, ?, ?, ?, ?, ?, ?, ?, ?)
insert into score (facility_rank, facility_score, price_rank, price_score, rank_average, surround_rank, surround_score, view_rank, view_score, score_id) values (5.937705309747319, 5.633123015875815, 3.7727472670448847, 4.017469476920503, 7.318523019872575, 1.151276623069506, 5.001403970136034, 9.18046141842949, 1.3343095026658192, 651);
2022-10-10 14:33:47.404  INFO 4460 --- [    Test worker] p6spy                                    : #1665380027404 | took 0ms | statement | connection 26| url jdbc:h2:mem:ad3a9e80-f26d-4a3e-9691-17f803db5723
insert into picture (spot_id, url, picture_id) values (?, ?, ?)
insert into picture (spot_id, url, picture_id) values (NULL, 'java.io.StringReader@67aa8e8c', 2657);
2022-10-10 14:33:47.404  INFO 4460 --- [    Test worker] p6spy                                    : #1665380027404 | took 0ms | statement | connection 26| url jdbc:h2:mem:ad3a9e80-f26d-4a3e-9691-17f803db5723
insert into picture (spot_id, url, picture_id) values (?, ?, ?)
insert into picture (spot_id, url, picture_id) values (NULL, 'java.io.StringReader@56c2813e', 2658);
2022-10-10 14:33:47.404  INFO 4460 --- [    Test worker] p6spy                                    : #1665380027404 | took 0ms | statement | connection 26| url jdbc:h2:mem:ad3a9e80-f26d-4a3e-9691-17f803db5723
insert into picture (spot_id, url, picture_id) values (?, ?, ?)
insert into picture (spot_id, url, picture_id) values (NULL, 'java.io.StringReader@d2f2e9b', 2659);
2022-10-10 14:33:47.404  INFO 4460 --- [    Test worker] p6spy                                    : #1665380027404 | took 0ms | statement | connection 26| url jdbc:h2:mem:ad3a9e80-f26d-4a3e-9691-17f803db5723
insert into spot (address, description, location, name, score_id, spot_id) values (?, ?, ?, ?, ?, ?)
insert into spot (address, description, location, name, score_id, spot_id) values (NULL, NULL, 'Aewol_eup', NULL, 651, 717);
2022-10-10 14:33:47.404  INFO 4460 --- [    Test worker] p6spy                                    : #1665380027404 | took 0ms | statement | connection 26| url jdbc:h2:mem:ad3a9e80-f26d-4a3e-9691-17f803db5723
insert into member_spot (member_id, score, spot_id, member_spot_id) values (?, ?, ?, ?)
insert into member_spot (member_id, score, spot_id, member_spot_id) values (21, 0.0, 717, 2660);
2022-10-10 14:33:47.404  INFO 4460 --- [    Test worker] p6spy                                    : #1665380027404 | took 0ms | statement | connection 26| url jdbc:h2:mem:ad3a9e80-f26d-4a3e-9691-17f803db5723
insert into review (content, spot_id, review_id) values (?, ?, ?)
insert into review (content, spot_id, review_id) values ('java.io.StringReader@44251a65', 669, 653);
2022-10-10 14:33:47.404  INFO 4460 --- [    Test worker] p6spy                                    : #1665380027404 | took 0ms | statement | connection 26| url jdbc:h2:mem:ad3a9e80-f26d-4a3e-9691-17f803db5723
insert into favorite_spot (count, favorite_id, spot_id, favorite_spot_id) values (?, ?, ?, ?)
insert into favorite_spot (count, favorite_id, spot_id, favorite_spot_id) values (0, 41, 717, 501);
2022-10-10 14:33:47.405  INFO 4460 --- [    Test worker] p6spy                                    : #1665380027405 | took 0ms | statement | connection 26| url jdbc:h2:mem:ad3a9e80-f26d-4a3e-9691-17f803db5723
insert into score (facility_rank, facility_score, price_rank, price_score, rank_average, surround_rank, surround_score, view_rank, view_score, score_id) values (?, ?, ?, ?, ?, ?, ?, ?, ?, ?)
insert into score (facility_rank, facility_score, price_rank, price_score, rank_average, surround_rank, surround_score, view_rank, view_score, score_id) values (0.5426768516698521, 8.50073230229585, 8.868227292625505, 4.667425609288868, 0.4782562807094448, 9.737573794024538, 3.0388685816662386, 4.470024972650579, 9.975463075694796, 652);
2022-10-10 14:33:47.405  INFO 4460 --- [    Test worker] p6spy                                    : #1665380027405 | took 0ms | statement | connection 26| url jdbc:h2:mem:ad3a9e80-f26d-4a3e-9691-17f803db5723
insert into picture (spot_id, url, picture_id) values (?, ?, ?)
insert into picture (spot_id, url, picture_id) values (NULL, 'java.io.StringReader@1ffd639f', 2661);
2022-10-10 14:33:47.405  INFO 4460 --- [    Test worker] p6spy                                    : #1665380027405 | took 0ms | statement | connection 26| url jdbc:h2:mem:ad3a9e80-f26d-4a3e-9691-17f803db5723
insert into picture (spot_id, url, picture_id) values (?, ?, ?)
insert into picture (spot_id, url, picture_id) values (NULL, 'java.io.StringReader@5a5f7d8a', 2662);
2022-10-10 14:33:47.405  INFO 4460 --- [    Test worker] p6spy                                    : #1665380027405 | took 0ms | statement | connection 26| url jdbc:h2:mem:ad3a9e80-f26d-4a3e-9691-17f803db5723
insert into picture (spot_id, url, picture_id) values (?, ?, ?)
insert into picture (spot_id, url, picture_id) values (NULL, 'java.io.StringReader@1f129187', 2663);
2022-10-10 14:33:47.405  INFO 4460 --- [    Test worker] p6spy                                    : #1665380027405 | took 0ms | statement | connection 26| url jdbc:h2:mem:ad3a9e80-f26d-4a3e-9691-17f803db5723
insert into spot (address, description, location, name, score_id, spot_id) values (?, ?, ?, ?, ?, ?)
insert into spot (address, description, location, name, score_id, spot_id) values (NULL, NULL, 'Aewol_eup', NULL, 652, 718);
2022-10-10 14:33:47.405  INFO 4460 --- [    Test worker] p6spy                                    : #1665380027405 | took 0ms | statement | connection 26| url jdbc:h2:mem:ad3a9e80-f26d-4a3e-9691-17f803db5723
insert into member_spot (member_id, score, spot_id, member_spot_id) values (?, ?, ?, ?)
insert into member_spot (member_id, score, spot_id, member_spot_id) values (21, 0.0, 718, 2664);
2022-10-10 14:33:47.405  INFO 4460 --- [    Test worker] p6spy                                    : #1665380027405 | took 0ms | statement | connection 26| url jdbc:h2:mem:ad3a9e80-f26d-4a3e-9691-17f803db5723
insert into review (content, spot_id, review_id) values (?, ?, ?)
insert into review (content, spot_id, review_id) values ('java.io.StringReader@29af78e0', 669, 654);
2022-10-10 14:33:47.405  INFO 4460 --- [    Test worker] p6spy                                    : #1665380027405 | took 0ms | statement | connection 26| url jdbc:h2:mem:ad3a9e80-f26d-4a3e-9691-17f803db5723
insert into score (facility_rank, facility_score, price_rank, price_score, rank_average, surround_rank, surround_score, view_rank, view_score, score_id) values (?, ?, ?, ?, ?, ?, ?, ?, ?, ?)
insert into score (facility_rank, facility_score, price_rank, price_score, rank_average, surround_rank, surround_score, view_rank, view_score, score_id) values (1.1379700586803188, 4.475117342735089, 6.67715741353315, 7.996940207670122, 9.763522197025697, 1.8404253489113742, 2.7385654669252792, 3.7701483110440948, 4.03924004966787, 653);
2022-10-10 14:33:47.405  INFO 4460 --- [    Test worker] p6spy                                    : #1665380027405 | took 0ms | statement | connection 26| url jdbc:h2:mem:ad3a9e80-f26d-4a3e-9691-17f803db5723
insert into picture (spot_id, url, picture_id) values (?, ?, ?)
insert into picture (spot_id, url, picture_id) values (NULL, 'java.io.StringReader@2054739', 2665);
2022-10-10 14:33:47.405  INFO 4460 --- [    Test worker] p6spy                                    : #1665380027405 | took 0ms | statement | connection 26| url jdbc:h2:mem:ad3a9e80-f26d-4a3e-9691-17f803db5723
insert into picture (spot_id, url, picture_id) values (?, ?, ?)
insert into picture (spot_id, url, picture_id) values (NULL, 'java.io.StringReader@6e48fca1', 2666);
2022-10-10 14:33:47.405  INFO 4460 --- [    Test worker] p6spy                                    : #1665380027405 | took 0ms | statement | connection 26| url jdbc:h2:mem:ad3a9e80-f26d-4a3e-9691-17f803db5723
insert into picture (spot_id, url, picture_id) values (?, ?, ?)
insert into picture (spot_id, url, picture_id) values (NULL, 'java.io.StringReader@3fa73746', 2667);
2022-10-10 14:33:47.405  INFO 4460 --- [    Test worker] p6spy                                    : #1665380027405 | took 0ms | statement | connection 26| url jdbc:h2:mem:ad3a9e80-f26d-4a3e-9691-17f803db5723
insert into spot (address, description, location, name, score_id, spot_id) values (?, ?, ?, ?, ?, ?)
insert into spot (address, description, location, name, score_id, spot_id) values (NULL, NULL, 'Andeok_myeon', NULL, 653, 719);
2022-10-10 14:33:47.405  INFO 4460 --- [    Test worker] p6spy                                    : #1665380027405 | took 0ms | statement | connection 26| url jdbc:h2:mem:ad3a9e80-f26d-4a3e-9691-17f803db5723
insert into member_spot (member_id, score, spot_id, member_spot_id) values (?, ?, ?, ?)
insert into member_spot (member_id, score, spot_id, member_spot_id) values (20, 0.0, 719, 2668);
2022-10-10 14:33:47.405  INFO 4460 --- [    Test worker] p6spy                                    : #1665380027405 | took 0ms | statement | connection 26| url jdbc:h2:mem:ad3a9e80-f26d-4a3e-9691-17f803db5723
insert into review (content, spot_id, review_id) values (?, ?, ?)
insert into review (content, spot_id, review_id) values ('java.io.StringReader@7d345f5c', 669, 655);
2022-10-10 14:33:47.405  INFO 4460 --- [    Test worker] p6spy                                    : #1665380027405 | took 0ms | statement | connection 26| url jdbc:h2:mem:ad3a9e80-f26d-4a3e-9691-17f803db5723
insert into favorite_spot (count, favorite_id, spot_id, favorite_spot_id) values (?, ?, ?, ?)
insert into favorite_spot (count, favorite_id, spot_id, favorite_spot_id) values (0, 41, 719, 502);
2022-10-10 14:33:47.405  INFO 4460 --- [    Test worker] p6spy                                    : #1665380027405 | took 0ms | statement | connection 26| url jdbc:h2:mem:ad3a9e80-f26d-4a3e-9691-17f803db5723
insert into score (facility_rank, facility_score, price_rank, price_score, rank_average, surround_rank, surround_score, view_rank, view_score, score_id) values (?, ?, ?, ?, ?, ?, ?, ?, ?, ?)
insert into score (facility_rank, facility_score, price_rank, price_score, rank_average, surround_rank, surround_score, view_rank, view_score, score_id) values (0.24454810639955693, 6.003796536175585, 1.06805427151478, 0.16996847276938287, 0.5212315551287727, 3.587046932378625, 1.0205328503956557, 6.0688363852768035, 1.4712209570957202, 654);
2022-10-10 14:33:47.405  INFO 4460 --- [    Test worker] p6spy                                    : #1665380027405 | took 0ms | statement | connection 26| url jdbc:h2:mem:ad3a9e80-f26d-4a3e-9691-17f803db5723
insert into picture (spot_id, url, picture_id) values (?, ?, ?)
insert into picture (spot_id, url, picture_id) values (NULL, 'java.io.StringReader@1c0528eb', 2669);
2022-10-10 14:33:47.405  INFO 4460 --- [    Test worker] p6spy                                    : #1665380027405 | took 0ms | statement | connection 26| url jdbc:h2:mem:ad3a9e80-f26d-4a3e-9691-17f803db5723
insert into picture (spot_id, url, picture_id) values (?, ?, ?)
insert into picture (spot_id, url, picture_id) values (NULL, 'java.io.StringReader@609ec22', 2670);
2022-10-10 14:33:47.405  INFO 4460 --- [    Test worker] p6spy                                    : #1665380027405 | took 0ms | statement | connection 26| url jdbc:h2:mem:ad3a9e80-f26d-4a3e-9691-17f803db5723
insert into picture (spot_id, url, picture_id) values (?, ?, ?)
insert into picture (spot_id, url, picture_id) values (NULL, 'java.io.StringReader@3793872c', 2671);
2022-10-10 14:33:47.405  INFO 4460 --- [    Test worker] p6spy                                    : #1665380027405 | took 0ms | statement | connection 26| url jdbc:h2:mem:ad3a9e80-f26d-4a3e-9691-17f803db5723
insert into spot (address, description, location, name, score_id, spot_id) values (?, ?, ?, ?, ?, ?)
insert into spot (address, description, location, name, score_id, spot_id) values (NULL, NULL, 'Andeok_myeon', NULL, 654, 720);
2022-10-10 14:33:47.405  INFO 4460 --- [    Test worker] p6spy                                    : #1665380027405 | took 0ms | statement | connection 26| url jdbc:h2:mem:ad3a9e80-f26d-4a3e-9691-17f803db5723
insert into member_spot (member_id, score, spot_id, member_spot_id) values (?, ?, ?, ?)
insert into member_spot (member_id, score, spot_id, member_spot_id) values (20, 0.0, 720, 2672);
2022-10-10 14:33:47.405  INFO 4460 --- [    Test worker] p6spy                                    : #1665380027405 | took 0ms | statement | connection 26| url jdbc:h2:mem:ad3a9e80-f26d-4a3e-9691-17f803db5723
insert into review (content, spot_id, review_id) values (?, ?, ?)
insert into review (content, spot_id, review_id) values ('java.io.StringReader@79df1964', 669, 656);
2022-10-10 14:33:47.405  INFO 4460 --- [    Test worker] p6spy                                    : #1665380027405 | took 0ms | statement | connection 26| url jdbc:h2:mem:ad3a9e80-f26d-4a3e-9691-17f803db5723
insert into score (facility_rank, facility_score, price_rank, price_score, rank_average, surround_rank, surround_score, view_rank, view_score, score_id) values (?, ?, ?, ?, ?, ?, ?, ?, ?, ?)
insert into score (facility_rank, facility_score, price_rank, price_score, rank_average, surround_rank, surround_score, view_rank, view_score, score_id) values (2.5313851255974242, 5.664403153390229, 2.420700203916857, 9.606524827538811, 2.486350672934222, 5.809185099552508, 6.221253831005379, 3.9771604570312844, 4.769700983748057, 655);
2022-10-10 14:33:47.405  INFO 4460 --- [    Test worker] p6spy                                    : #1665380027405 | took 0ms | statement | connection 26| url jdbc:h2:mem:ad3a9e80-f26d-4a3e-9691-17f803db5723
insert into picture (spot_id, url, picture_id) values (?, ?, ?)
insert into picture (spot_id, url, picture_id) values (NULL, 'java.io.StringReader@7f2c88d0', 2673);
2022-10-10 14:33:47.405  INFO 4460 --- [    Test worker] p6spy                                    : #1665380027405 | took 0ms | statement | connection 26| url jdbc:h2:mem:ad3a9e80-f26d-4a3e-9691-17f803db5723
insert into picture (spot_id, url, picture_id) values (?, ?, ?)
insert into picture (spot_id, url, picture_id) values (NULL, 'java.io.StringReader@7d3879ed', 2674);
2022-10-10 14:33:47.405  INFO 4460 --- [    Test worker] p6spy                                    : #1665380027405 | took 0ms | statement | connection 26| url jdbc:h2:mem:ad3a9e80-f26d-4a3e-9691-17f803db5723
insert into picture (spot_id, url, picture_id) values (?, ?, ?)
insert into picture (spot_id, url, picture_id) values (NULL, 'java.io.StringReader@4e7125e0', 2675);
2022-10-10 14:33:47.405  INFO 4460 --- [    Test worker] p6spy                                    : #1665380027405 | took 0ms | statement | connection 26| url jdbc:h2:mem:ad3a9e80-f26d-4a3e-9691-17f803db5723
insert into spot (address, description, location, name, score_id, spot_id) values (?, ?, ?, ?, ?, ?)
insert into spot (address, description, location, name, score_id, spot_id) values (NULL, NULL, 'Andeok_myeon', NULL, 655, 721);
2022-10-10 14:33:47.406  INFO 4460 --- [    Test worker] p6spy                                    : #1665380027406 | took 0ms | statement | connection 26| url jdbc:h2:mem:ad3a9e80-f26d-4a3e-9691-17f803db5723
insert into member_spot (member_id, score, spot_id, member_spot_id) values (?, ?, ?, ?)
insert into member_spot (member_id, score, spot_id, member_spot_id) values (20, 0.0, 721, 2676);
2022-10-10 14:33:47.406  INFO 4460 --- [    Test worker] p6spy                                    : #1665380027406 | took 0ms | statement | connection 26| url jdbc:h2:mem:ad3a9e80-f26d-4a3e-9691-17f803db5723
insert into review (content, spot_id, review_id) values (?, ?, ?)
insert into review (content, spot_id, review_id) values ('java.io.StringReader@9791fba', 669, 657);
2022-10-10 14:33:47.406  INFO 4460 --- [    Test worker] p6spy                                    : #1665380027406 | took 0ms | statement | connection 26| url jdbc:h2:mem:ad3a9e80-f26d-4a3e-9691-17f803db5723
insert into favorite_spot (count, favorite_id, spot_id, favorite_spot_id) values (?, ?, ?, ?)
insert into favorite_spot (count, favorite_id, spot_id, favorite_spot_id) values (0, 41, 721, 503);
2022-10-10 14:33:47.406  INFO 4460 --- [    Test worker] p6spy                                    : #1665380027406 | took 0ms | statement | connection 26| url jdbc:h2:mem:ad3a9e80-f26d-4a3e-9691-17f803db5723
insert into score (facility_rank, facility_score, price_rank, price_score, rank_average, surround_rank, surround_score, view_rank, view_score, score_id) values (?, ?, ?, ?, ?, ?, ?, ?, ?, ?)
insert into score (facility_rank, facility_score, price_rank, price_score, rank_average, surround_rank, surround_score, view_rank, view_score, score_id) values (7.0210171288410255, 6.350915167882592, 9.218296084866523, 2.4636210903910283, 7.33272738301851, 7.448659655227026, 5.339490682354332, 9.187749717825147, 7.1910539025880995, 656);
2022-10-10 14:33:47.406  INFO 4460 --- [    Test worker] p6spy                                    : #1665380027406 | took 0ms | statement | connection 26| url jdbc:h2:mem:ad3a9e80-f26d-4a3e-9691-17f803db5723
insert into picture (spot_id, url, picture_id) values (?, ?, ?)
insert into picture (spot_id, url, picture_id) values (NULL, 'java.io.StringReader@1978c926', 2677);
2022-10-10 14:33:47.406  INFO 4460 --- [    Test worker] p6spy                                    : #1665380027406 | took 0ms | statement | connection 26| url jdbc:h2:mem:ad3a9e80-f26d-4a3e-9691-17f803db5723
insert into picture (spot_id, url, picture_id) values (?, ?, ?)
insert into picture (spot_id, url, picture_id) values (NULL, 'java.io.StringReader@25c7b8fa', 2678);
2022-10-10 14:33:47.406  INFO 4460 --- [    Test worker] p6spy                                    : #1665380027406 | took 0ms | statement | connection 26| url jdbc:h2:mem:ad3a9e80-f26d-4a3e-9691-17f803db5723
insert into picture (spot_id, url, picture_id) values (?, ?, ?)
insert into picture (spot_id, url, picture_id) values (NULL, 'java.io.StringReader@3f198a3b', 2679);
2022-10-10 14:33:47.406  INFO 4460 --- [    Test worker] p6spy                                    : #1665380027406 | took 0ms | statement | connection 26| url jdbc:h2:mem:ad3a9e80-f26d-4a3e-9691-17f803db5723
insert into spot (address, description, location, name, score_id, spot_id) values (?, ?, ?, ?, ?, ?)
insert into spot (address, description, location, name, score_id, spot_id) values (NULL, NULL, 'Andeok_myeon', NULL, 656, 722);
2022-10-10 14:33:47.406  INFO 4460 --- [    Test worker] p6spy                                    : #1665380027406 | took 0ms | statement | connection 26| url jdbc:h2:mem:ad3a9e80-f26d-4a3e-9691-17f803db5723
insert into member_spot (member_id, score, spot_id, member_spot_id) values (?, ?, ?, ?)
insert into member_spot (member_id, score, spot_id, member_spot_id) values (20, 0.0, 722, 2680);
2022-10-10 14:33:47.406  INFO 4460 --- [    Test worker] p6spy                                    : #1665380027406 | took 0ms | statement | connection 26| url jdbc:h2:mem:ad3a9e80-f26d-4a3e-9691-17f803db5723
insert into review (content, spot_id, review_id) values (?, ?, ?)
insert into review (content, spot_id, review_id) values ('java.io.StringReader@e458e88', 669, 658);
2022-10-10 14:33:47.406  INFO 4460 --- [    Test worker] p6spy                                    : #1665380027406 | took 0ms | statement | connection 26| url jdbc:h2:mem:ad3a9e80-f26d-4a3e-9691-17f803db5723
insert into score (facility_rank, facility_score, price_rank, price_score, rank_average, surround_rank, surround_score, view_rank, view_score, score_id) values (?, ?, ?, ?, ?, ?, ?, ?, ?, ?)
insert into score (facility_rank, facility_score, price_rank, price_score, rank_average, surround_rank, surround_score, view_rank, view_score, score_id) values (7.5894230493988335, 1.4031367185626986, 1.2904283125807758, 0.09060328068729695, 1.467383341091718, 7.4379010374676895, 9.76036789771213, 5.090772367967982, 2.7431884287981942, 657);
2022-10-10 14:33:47.406  INFO 4460 --- [    Test worker] p6spy                                    : #1665380027406 | took 0ms | statement | connection 26| url jdbc:h2:mem:ad3a9e80-f26d-4a3e-9691-17f803db5723
insert into picture (spot_id, url, picture_id) values (?, ?, ?)
insert into picture (spot_id, url, picture_id) values (NULL, 'java.io.StringReader@3561e0a', 2681);
2022-10-10 14:33:47.406  INFO 4460 --- [    Test worker] p6spy                                    : #1665380027406 | took 0ms | statement | connection 26| url jdbc:h2:mem:ad3a9e80-f26d-4a3e-9691-17f803db5723
insert into picture (spot_id, url, picture_id) values (?, ?, ?)
insert into picture (spot_id, url, picture_id) values (NULL, 'java.io.StringReader@37e940ee', 2682);
2022-10-10 14:33:47.406  INFO 4460 --- [    Test worker] p6spy                                    : #1665380027406 | took 0ms | statement | connection 26| url jdbc:h2:mem:ad3a9e80-f26d-4a3e-9691-17f803db5723
insert into picture (spot_id, url, picture_id) values (?, ?, ?)
insert into picture (spot_id, url, picture_id) values (NULL, 'java.io.StringReader@365ce03f', 2683);
2022-10-10 14:33:47.406  INFO 4460 --- [    Test worker] p6spy                                    : #1665380027406 | took 0ms | statement | connection 26| url jdbc:h2:mem:ad3a9e80-f26d-4a3e-9691-17f803db5723
insert into spot (address, description, location, name, score_id, spot_id) values (?, ?, ?, ?, ?, ?)
insert into spot (address, description, location, name, score_id, spot_id) values (NULL, NULL, 'Andeok_myeon', NULL, 657, 723);
2022-10-10 14:33:47.406  INFO 4460 --- [    Test worker] p6spy                                    : #1665380027406 | took 0ms | statement | connection 26| url jdbc:h2:mem:ad3a9e80-f26d-4a3e-9691-17f803db5723
insert into member_spot (member_id, score, spot_id, member_spot_id) values (?, ?, ?, ?)
insert into member_spot (member_id, score, spot_id, member_spot_id) values (20, 0.0, 723, 2684);
2022-10-10 14:33:47.406  INFO 4460 --- [    Test worker] p6spy                                    : #1665380027406 | took 0ms | statement | connection 26| url jdbc:h2:mem:ad3a9e80-f26d-4a3e-9691-17f803db5723
insert into review (content, spot_id, review_id) values (?, ?, ?)
insert into review (content, spot_id, review_id) values ('java.io.StringReader@2ad59847', 669, 659);
2022-10-10 14:33:47.406  INFO 4460 --- [    Test worker] p6spy                                    : #1665380027406 | took 0ms | statement | connection 26| url jdbc:h2:mem:ad3a9e80-f26d-4a3e-9691-17f803db5723
insert into favorite_spot (count, favorite_id, spot_id, favorite_spot_id) values (?, ?, ?, ?)
insert into favorite_spot (count, favorite_id, spot_id, favorite_spot_id) values (0, 41, 723, 504);
2022-10-10 14:33:47.406  INFO 4460 --- [    Test worker] p6spy                                    : #1665380027406 | took 0ms | statement | connection 26| url jdbc:h2:mem:ad3a9e80-f26d-4a3e-9691-17f803db5723
insert into score (facility_rank, facility_score, price_rank, price_score, rank_average, surround_rank, surround_score, view_rank, view_score, score_id) values (?, ?, ?, ?, ?, ?, ?, ?, ?, ?)
insert into score (facility_rank, facility_score, price_rank, price_score, rank_average, surround_rank, surround_score, view_rank, view_score, score_id) values (9.390054016578594, 4.154594854363197, 2.1773123574351794, 7.819423468115705, 0.02070935107516436, 1.9408101863547444, 2.3975571923110026, 1.6253325242317607, 7.094640448979817, 658);
2022-10-10 14:33:47.406  INFO 4460 --- [    Test worker] p6spy                                    : #1665380027406 | took 0ms | statement | connection 26| url jdbc:h2:mem:ad3a9e80-f26d-4a3e-9691-17f803db5723
insert into picture (spot_id, url, picture_id) values (?, ?, ?)
insert into picture (spot_id, url, picture_id) values (NULL, 'java.io.StringReader@20f7d42f', 2685);
2022-10-10 14:33:47.406  INFO 4460 --- [    Test worker] p6spy                                    : #1665380027406 | took 0ms | statement | connection 26| url jdbc:h2:mem:ad3a9e80-f26d-4a3e-9691-17f803db5723
insert into picture (spot_id, url, picture_id) values (?, ?, ?)
insert into picture (spot_id, url, picture_id) values (NULL, 'java.io.StringReader@7a0510f', 2686);
2022-10-10 14:33:47.406  INFO 4460 --- [    Test worker] p6spy                                    : #1665380027406 | took 0ms | statement | connection 26| url jdbc:h2:mem:ad3a9e80-f26d-4a3e-9691-17f803db5723
insert into picture (spot_id, url, picture_id) values (?, ?, ?)
insert into picture (spot_id, url, picture_id) values (NULL, 'java.io.StringReader@79dca6fe', 2687);
2022-10-10 14:33:47.406  INFO 4460 --- [    Test worker] p6spy                                    : #1665380027406 | took 0ms | statement | connection 26| url jdbc:h2:mem:ad3a9e80-f26d-4a3e-9691-17f803db5723
insert into spot (address, description, location, name, score_id, spot_id) values (?, ?, ?, ?, ?, ?)
insert into spot (address, description, location, name, score_id, spot_id) values (NULL, NULL, 'Andeok_myeon', NULL, 658, 724);
2022-10-10 14:33:47.406  INFO 4460 --- [    Test worker] p6spy                                    : #1665380027406 | took 0ms | statement | connection 26| url jdbc:h2:mem:ad3a9e80-f26d-4a3e-9691-17f803db5723
insert into member_spot (member_id, score, spot_id, member_spot_id) values (?, ?, ?, ?)
insert into member_spot (member_id, score, spot_id, member_spot_id) values (20, 0.0, 724, 2688);
2022-10-10 14:33:47.406  INFO 4460 --- [    Test worker] p6spy                                    : #1665380027406 | took 0ms | statement | connection 26| url jdbc:h2:mem:ad3a9e80-f26d-4a3e-9691-17f803db5723
insert into review (content, spot_id, review_id) values (?, ?, ?)
insert into review (content, spot_id, review_id) values ('java.io.StringReader@2a29b243', 669, 660);
2022-10-10 14:33:47.406  INFO 4460 --- [    Test worker] p6spy                                    : #1665380027406 | took 0ms | statement | connection 26| url jdbc:h2:mem:ad3a9e80-f26d-4a3e-9691-17f803db5723
insert into score (facility_rank, facility_score, price_rank, price_score, rank_average, surround_rank, surround_score, view_rank, view_score, score_id) values (?, ?, ?, ?, ?, ?, ?, ?, ?, ?)
insert into score (facility_rank, facility_score, price_rank, price_score, rank_average, surround_rank, surround_score, view_rank, view_score, score_id) values (3.2613916260099174, 7.178907848140427, 3.9849063253910746, 1.8125931990854882, 2.23458592780718, 5.0028150504255775, 9.65396251694639, 9.943709140359612, 6.0218743356871896, 659);
2022-10-10 14:33:47.406  INFO 4460 --- [    Test worker] p6spy                                    : #1665380027406 | took 0ms | statement | connection 26| url jdbc:h2:mem:ad3a9e80-f26d-4a3e-9691-17f803db5723
insert into picture (spot_id, url, picture_id) values (?, ?, ?)
insert into picture (spot_id, url, picture_id) values (NULL, 'java.io.StringReader@331565c7', 2689);
2022-10-10 14:33:47.406  INFO 4460 --- [    Test worker] p6spy                                    : #1665380027406 | took 0ms | statement | connection 26| url jdbc:h2:mem:ad3a9e80-f26d-4a3e-9691-17f803db5723
insert into picture (spot_id, url, picture_id) values (?, ?, ?)
insert into picture (spot_id, url, picture_id) values (NULL, 'java.io.StringReader@738e6d8d', 2690);
2022-10-10 14:33:47.406  INFO 4460 --- [    Test worker] p6spy                                    : #1665380027406 | took 0ms | statement | connection 26| url jdbc:h2:mem:ad3a9e80-f26d-4a3e-9691-17f803db5723
insert into picture (spot_id, url, picture_id) values (?, ?, ?)
insert into picture (spot_id, url, picture_id) values (NULL, 'java.io.StringReader@611de70f', 2691);
2022-10-10 14:33:47.407  INFO 4460 --- [    Test worker] p6spy                                    : #1665380027407 | took 0ms | statement | connection 26| url jdbc:h2:mem:ad3a9e80-f26d-4a3e-9691-17f803db5723
insert into spot (address, description, location, name, score_id, spot_id) values (?, ?, ?, ?, ?, ?)
insert into spot (address, description, location, name, score_id, spot_id) values (NULL, NULL, 'Andeok_myeon', NULL, 659, 725);
2022-10-10 14:33:47.407  INFO 4460 --- [    Test worker] p6spy                                    : #1665380027407 | took 0ms | statement | connection 26| url jdbc:h2:mem:ad3a9e80-f26d-4a3e-9691-17f803db5723
insert into member_spot (member_id, score, spot_id, member_spot_id) values (?, ?, ?, ?)
insert into member_spot (member_id, score, spot_id, member_spot_id) values (20, 0.0, 725, 2692);
2022-10-10 14:33:47.407  INFO 4460 --- [    Test worker] p6spy                                    : #1665380027407 | took 0ms | statement | connection 26| url jdbc:h2:mem:ad3a9e80-f26d-4a3e-9691-17f803db5723
insert into review (content, spot_id, review_id) values (?, ?, ?)
insert into review (content, spot_id, review_id) values ('java.io.StringReader@117fa1ca', 669, 661);
2022-10-10 14:33:47.407  INFO 4460 --- [    Test worker] p6spy                                    : #1665380027407 | took 0ms | statement | connection 26| url jdbc:h2:mem:ad3a9e80-f26d-4a3e-9691-17f803db5723
insert into favorite_spot (count, favorite_id, spot_id, favorite_spot_id) values (?, ?, ?, ?)
insert into favorite_spot (count, favorite_id, spot_id, favorite_spot_id) values (0, 41, 725, 505);
2022-10-10 14:33:47.407  INFO 4460 --- [    Test worker] p6spy                                    : #1665380027407 | took 0ms | statement | connection 26| url jdbc:h2:mem:ad3a9e80-f26d-4a3e-9691-17f803db5723
insert into score (facility_rank, facility_score, price_rank, price_score, rank_average, surround_rank, surround_score, view_rank, view_score, score_id) values (?, ?, ?, ?, ?, ?, ?, ?, ?, ?)
insert into score (facility_rank, facility_score, price_rank, price_score, rank_average, surround_rank, surround_score, view_rank, view_score, score_id) values (1.6030775812048603, 7.604352621003362, 6.232252575457244, 9.608812129452996, 8.670624917764988, 9.256708012620106, 4.368619825953233, 3.555494396699621, 8.209971682177116, 660);
2022-10-10 14:33:47.407  INFO 4460 --- [    Test worker] p6spy                                    : #1665380027407 | took 0ms | statement | connection 26| url jdbc:h2:mem:ad3a9e80-f26d-4a3e-9691-17f803db5723
insert into picture (spot_id, url, picture_id) values (?, ?, ?)
insert into picture (spot_id, url, picture_id) values (NULL, 'java.io.StringReader@305b3a50', 2693);
2022-10-10 14:33:47.407  INFO 4460 --- [    Test worker] p6spy                                    : #1665380027407 | took 0ms | statement | connection 26| url jdbc:h2:mem:ad3a9e80-f26d-4a3e-9691-17f803db5723
insert into picture (spot_id, url, picture_id) values (?, ?, ?)
insert into picture (spot_id, url, picture_id) values (NULL, 'java.io.StringReader@52bdd6cb', 2694);
2022-10-10 14:33:47.407  INFO 4460 --- [    Test worker] p6spy                                    : #1665380027407 | took 0ms | statement | connection 26| url jdbc:h2:mem:ad3a9e80-f26d-4a3e-9691-17f803db5723
insert into picture (spot_id, url, picture_id) values (?, ?, ?)
insert into picture (spot_id, url, picture_id) values (NULL, 'java.io.StringReader@59eab922', 2695);
2022-10-10 14:33:47.407  INFO 4460 --- [    Test worker] p6spy                                    : #1665380027407 | took 0ms | statement | connection 26| url jdbc:h2:mem:ad3a9e80-f26d-4a3e-9691-17f803db5723
insert into spot (address, description, location, name, score_id, spot_id) values (?, ?, ?, ?, ?, ?)
insert into spot (address, description, location, name, score_id, spot_id) values (NULL, NULL, 'Andeok_myeon', NULL, 660, 726);
2022-10-10 14:33:47.407  INFO 4460 --- [    Test worker] p6spy                                    : #1665380027407 | took 0ms | statement | connection 26| url jdbc:h2:mem:ad3a9e80-f26d-4a3e-9691-17f803db5723
insert into member_spot (member_id, score, spot_id, member_spot_id) values (?, ?, ?, ?)
insert into member_spot (member_id, score, spot_id, member_spot_id) values (20, 0.0, 726, 2696);
2022-10-10 14:33:47.407  INFO 4460 --- [    Test worker] p6spy                                    : #1665380027407 | took 0ms | statement | connection 26| url jdbc:h2:mem:ad3a9e80-f26d-4a3e-9691-17f803db5723
insert into review (content, spot_id, review_id) values (?, ?, ?)
insert into review (content, spot_id, review_id) values ('java.io.StringReader@3606d463', 669, 662);
2022-10-10 14:33:47.407  INFO 4460 --- [    Test worker] p6spy                                    : #1665380027407 | took 0ms | statement | connection 26| url jdbc:h2:mem:ad3a9e80-f26d-4a3e-9691-17f803db5723
insert into score (facility_rank, facility_score, price_rank, price_score, rank_average, surround_rank, surround_score, view_rank, view_score, score_id) values (?, ?, ?, ?, ?, ?, ?, ?, ?, ?)
insert into score (facility_rank, facility_score, price_rank, price_score, rank_average, surround_rank, surround_score, view_rank, view_score, score_id) values (6.230524027545787, 2.1915462714369305, 9.629289521357055, 5.121177682737146, 5.9821553426799845, 9.761660268104057, 6.278514679828686, 7.226430567605242, 3.191670302257439, 661);
2022-10-10 14:33:47.407  INFO 4460 --- [    Test worker] p6spy                                    : #1665380027407 | took 0ms | statement | connection 26| url jdbc:h2:mem:ad3a9e80-f26d-4a3e-9691-17f803db5723
insert into picture (spot_id, url, picture_id) values (?, ?, ?)
insert into picture (spot_id, url, picture_id) values (NULL, 'java.io.StringReader@7a4846b', 2697);
2022-10-10 14:33:47.407  INFO 4460 --- [    Test worker] p6spy                                    : #1665380027407 | took 0ms | statement | connection 26| url jdbc:h2:mem:ad3a9e80-f26d-4a3e-9691-17f803db5723
insert into picture (spot_id, url, picture_id) values (?, ?, ?)
insert into picture (spot_id, url, picture_id) values (NULL, 'java.io.StringReader@4fd499e3', 2698);
2022-10-10 14:33:47.407  INFO 4460 --- [    Test worker] p6spy                                    : #1665380027407 | took 0ms | statement | connection 26| url jdbc:h2:mem:ad3a9e80-f26d-4a3e-9691-17f803db5723
insert into picture (spot_id, url, picture_id) values (?, ?, ?)
insert into picture (spot_id, url, picture_id) values (NULL, 'java.io.StringReader@61caf5ef', 2699);
2022-10-10 14:33:47.407  INFO 4460 --- [    Test worker] p6spy                                    : #1665380027407 | took 0ms | statement | connection 26| url jdbc:h2:mem:ad3a9e80-f26d-4a3e-9691-17f803db5723
insert into spot (address, description, location, name, score_id, spot_id) values (?, ?, ?, ?, ?, ?)
insert into spot (address, description, location, name, score_id, spot_id) values (NULL, NULL, 'Andeok_myeon', NULL, 661, 727);
2022-10-10 14:33:47.407  INFO 4460 --- [    Test worker] p6spy                                    : #1665380027407 | took 0ms | statement | connection 26| url jdbc:h2:mem:ad3a9e80-f26d-4a3e-9691-17f803db5723
insert into member_spot (member_id, score, spot_id, member_spot_id) values (?, ?, ?, ?)
insert into member_spot (member_id, score, spot_id, member_spot_id) values (20, 0.0, 727, 2700);
2022-10-10 14:33:47.407  INFO 4460 --- [    Test worker] p6spy                                    : #1665380027407 | took 0ms | statement | connection 26| url jdbc:h2:mem:ad3a9e80-f26d-4a3e-9691-17f803db5723
insert into review (content, spot_id, review_id) values (?, ?, ?)
insert into review (content, spot_id, review_id) values ('java.io.StringReader@10dbcf46', 669, 663);
2022-10-10 14:33:47.407  INFO 4460 --- [    Test worker] p6spy                                    : #1665380027407 | took 0ms | statement | connection 26| url jdbc:h2:mem:ad3a9e80-f26d-4a3e-9691-17f803db5723
insert into favorite_spot (count, favorite_id, spot_id, favorite_spot_id) values (?, ?, ?, ?)
insert into favorite_spot (count, favorite_id, spot_id, favorite_spot_id) values (0, 41, 727, 506);
2022-10-10 14:33:47.407  INFO 4460 --- [    Test worker] p6spy                                    : #1665380027407 | took 0ms | statement | connection 26| url jdbc:h2:mem:ad3a9e80-f26d-4a3e-9691-17f803db5723
insert into score (facility_rank, facility_score, price_rank, price_score, rank_average, surround_rank, surround_score, view_rank, view_score, score_id) values (?, ?, ?, ?, ?, ?, ?, ?, ?, ?)
insert into score (facility_rank, facility_score, price_rank, price_score, rank_average, surround_rank, surround_score, view_rank, view_score, score_id) values (7.586533902269256, 5.626286405528474, 6.930485363467286, 3.244620302027088, 9.714638376184851, 1.872431514187879, 4.545997127976644, 7.624846607661819, 4.031374918861768, 662);
2022-10-10 14:33:47.407  INFO 4460 --- [    Test worker] p6spy                                    : #1665380027407 | took 0ms | statement | connection 26| url jdbc:h2:mem:ad3a9e80-f26d-4a3e-9691-17f803db5723
insert into picture (spot_id, url, picture_id) values (?, ?, ?)
insert into picture (spot_id, url, picture_id) values (NULL, 'java.io.StringReader@83445bf', 2701);
2022-10-10 14:33:47.407  INFO 4460 --- [    Test worker] p6spy                                    : #1665380027407 | took 0ms | statement | connection 26| url jdbc:h2:mem:ad3a9e80-f26d-4a3e-9691-17f803db5723
insert into picture (spot_id, url, picture_id) values (?, ?, ?)
insert into picture (spot_id, url, picture_id) values (NULL, 'java.io.StringReader@748c63cc', 2702);
2022-10-10 14:33:47.407  INFO 4460 --- [    Test worker] p6spy                                    : #1665380027407 | took 0ms | statement | connection 26| url jdbc:h2:mem:ad3a9e80-f26d-4a3e-9691-17f803db5723
insert into picture (spot_id, url, picture_id) values (?, ?, ?)
insert into picture (spot_id, url, picture_id) values (NULL, 'java.io.StringReader@39b7c9ea', 2703);
2022-10-10 14:33:47.407  INFO 4460 --- [    Test worker] p6spy                                    : #1665380027407 | took 0ms | statement | connection 26| url jdbc:h2:mem:ad3a9e80-f26d-4a3e-9691-17f803db5723
insert into spot (address, description, location, name, score_id, spot_id) values (?, ?, ?, ?, ?, ?)
insert into spot (address, description, location, name, score_id, spot_id) values (NULL, NULL, 'Andeok_myeon', NULL, 662, 728);
2022-10-10 14:33:47.407  INFO 4460 --- [    Test worker] p6spy                                    : #1665380027407 | took 0ms | statement | connection 26| url jdbc:h2:mem:ad3a9e80-f26d-4a3e-9691-17f803db5723
insert into member_spot (member_id, score, spot_id, member_spot_id) values (?, ?, ?, ?)
insert into member_spot (member_id, score, spot_id, member_spot_id) values (20, 0.0, 728, 2704);
2022-10-10 14:33:47.407  INFO 4460 --- [    Test worker] p6spy                                    : #1665380027407 | took 0ms | statement | connection 26| url jdbc:h2:mem:ad3a9e80-f26d-4a3e-9691-17f803db5723
insert into review (content, spot_id, review_id) values (?, ?, ?)
insert into review (content, spot_id, review_id) values ('java.io.StringReader@3daa0f3f', 669, 664);
2022-10-10 14:33:47.407  INFO 4460 --- [    Test worker] p6spy                                    : #1665380027407 | took 0ms | statement | connection 26| url jdbc:h2:mem:ad3a9e80-f26d-4a3e-9691-17f803db5723
insert into score (facility_rank, facility_score, price_rank, price_score, rank_average, surround_rank, surround_score, view_rank, view_score, score_id) values (?, ?, ?, ?, ?, ?, ?, ?, ?, ?)
insert into score (facility_rank, facility_score, price_rank, price_score, rank_average, surround_rank, surround_score, view_rank, view_score, score_id) values (3.0398727246544146, 2.6302771928816684, 6.350158268867978, 6.095694878523067, 0.04352860413778581, 0.8234520204975337, 7.602862114237842, 8.134125075626438, 8.186035302254703, 663);
2022-10-10 14:33:47.407  INFO 4460 --- [    Test worker] p6spy                                    : #1665380027407 | took 0ms | statement | connection 26| url jdbc:h2:mem:ad3a9e80-f26d-4a3e-9691-17f803db5723
insert into picture (spot_id, url, picture_id) values (?, ?, ?)
insert into picture (spot_id, url, picture_id) values (NULL, 'java.io.StringReader@74736e3e', 2705);
2022-10-10 14:33:47.407  INFO 4460 --- [    Test worker] p6spy                                    : #1665380027407 | took 0ms | statement | connection 26| url jdbc:h2:mem:ad3a9e80-f26d-4a3e-9691-17f803db5723
insert into picture (spot_id, url, picture_id) values (?, ?, ?)
insert into picture (spot_id, url, picture_id) values (NULL, 'java.io.StringReader@4739033b', 2706);
2022-10-10 14:33:47.407  INFO 4460 --- [    Test worker] p6spy                                    : #1665380027407 | took 0ms | statement | connection 26| url jdbc:h2:mem:ad3a9e80-f26d-4a3e-9691-17f803db5723
insert into picture (spot_id, url, picture_id) values (?, ?, ?)
insert into picture (spot_id, url, picture_id) values (NULL, 'java.io.StringReader@d3e6b8f', 2707);
2022-10-10 14:33:47.407  INFO 4460 --- [    Test worker] p6spy                                    : #1665380027407 | took 0ms | statement | connection 26| url jdbc:h2:mem:ad3a9e80-f26d-4a3e-9691-17f803db5723
insert into spot (address, description, location, name, score_id, spot_id) values (?, ?, ?, ?, ?, ?)
insert into spot (address, description, location, name, score_id, spot_id) values (NULL, NULL, 'Andeok_myeon', NULL, 663, 729);
2022-10-10 14:33:47.408  INFO 4460 --- [    Test worker] p6spy                                    : #1665380027408 | took 0ms | statement | connection 26| url jdbc:h2:mem:ad3a9e80-f26d-4a3e-9691-17f803db5723
insert into member_spot (member_id, score, spot_id, member_spot_id) values (?, ?, ?, ?)
insert into member_spot (member_id, score, spot_id, member_spot_id) values (20, 0.0, 729, 2708);
2022-10-10 14:33:47.408  INFO 4460 --- [    Test worker] p6spy                                    : #1665380027408 | took 0ms | statement | connection 26| url jdbc:h2:mem:ad3a9e80-f26d-4a3e-9691-17f803db5723
insert into review (content, spot_id, review_id) values (?, ?, ?)
insert into review (content, spot_id, review_id) values ('java.io.StringReader@67657c88', 669, 665);
2022-10-10 14:33:47.408  INFO 4460 --- [    Test worker] p6spy                                    : #1665380027408 | took 0ms | statement | connection 26| url jdbc:h2:mem:ad3a9e80-f26d-4a3e-9691-17f803db5723
insert into favorite_spot (count, favorite_id, spot_id, favorite_spot_id) values (?, ?, ?, ?)
insert into favorite_spot (count, favorite_id, spot_id, favorite_spot_id) values (0, 41, 729, 507);
2022-10-10 14:33:47.408  INFO 4460 --- [    Test worker] p6spy                                    : #1665380027408 | took 0ms | statement | connection 26| url jdbc:h2:mem:ad3a9e80-f26d-4a3e-9691-17f803db5723
insert into score (facility_rank, facility_score, price_rank, price_score, rank_average, surround_rank, surround_score, view_rank, view_score, score_id) values (?, ?, ?, ?, ?, ?, ?, ?, ?, ?)
insert into score (facility_rank, facility_score, price_rank, price_score, rank_average, surround_rank, surround_score, view_rank, view_score, score_id) values (3.6561178446751663, 3.047361099219902, 9.491343496691664, 1.9401096963824827, 4.119288675299813, 0.014516792168512982, 4.995332264463524, 6.985869590059916, 3.4163742189480253, 664);
2022-10-10 14:33:47.408  INFO 4460 --- [    Test worker] p6spy                                    : #1665380027408 | took 0ms | statement | connection 26| url jdbc:h2:mem:ad3a9e80-f26d-4a3e-9691-17f803db5723
insert into picture (spot_id, url, picture_id) values (?, ?, ?)
insert into picture (spot_id, url, picture_id) values (NULL, 'java.io.StringReader@5420c105', 2709);
2022-10-10 14:33:47.408  INFO 4460 --- [    Test worker] p6spy                                    : #1665380027408 | took 0ms | statement | connection 26| url jdbc:h2:mem:ad3a9e80-f26d-4a3e-9691-17f803db5723
insert into picture (spot_id, url, picture_id) values (?, ?, ?)
insert into picture (spot_id, url, picture_id) values (NULL, 'java.io.StringReader@35aac5ce', 2710);
2022-10-10 14:33:47.408  INFO 4460 --- [    Test worker] p6spy                                    : #1665380027408 | took 0ms | statement | connection 26| url jdbc:h2:mem:ad3a9e80-f26d-4a3e-9691-17f803db5723
insert into picture (spot_id, url, picture_id) values (?, ?, ?)
insert into picture (spot_id, url, picture_id) values (NULL, 'java.io.StringReader@b9b50bb', 2711);
2022-10-10 14:33:47.408  INFO 4460 --- [    Test worker] p6spy                                    : #1665380027408 | took 0ms | statement | connection 26| url jdbc:h2:mem:ad3a9e80-f26d-4a3e-9691-17f803db5723
insert into spot (address, description, location, name, score_id, spot_id) values (?, ?, ?, ?, ?, ?)
insert into spot (address, description, location, name, score_id, spot_id) values (NULL, NULL, 'Andeok_myeon', NULL, 664, 730);
2022-10-10 14:33:47.408  INFO 4460 --- [    Test worker] p6spy                                    : #1665380027408 | took 0ms | statement | connection 26| url jdbc:h2:mem:ad3a9e80-f26d-4a3e-9691-17f803db5723
insert into member_spot (member_id, score, spot_id, member_spot_id) values (?, ?, ?, ?)
insert into member_spot (member_id, score, spot_id, member_spot_id) values (20, 0.0, 730, 2712);
2022-10-10 14:33:47.408  INFO 4460 --- [    Test worker] p6spy                                    : #1665380027408 | took 0ms | statement | connection 26| url jdbc:h2:mem:ad3a9e80-f26d-4a3e-9691-17f803db5723
insert into review (content, spot_id, review_id) values (?, ?, ?)
insert into review (content, spot_id, review_id) values ('java.io.StringReader@11c7eb2', 669, 666);
2022-10-10 14:33:47.408  INFO 4460 --- [    Test worker] p6spy                                    : #1665380027408 | took 0ms | statement | connection 26| url jdbc:h2:mem:ad3a9e80-f26d-4a3e-9691-17f803db5723
insert into score (facility_rank, facility_score, price_rank, price_score, rank_average, surround_rank, surround_score, view_rank, view_score, score_id) values (?, ?, ?, ?, ?, ?, ?, ?, ?, ?)
insert into score (facility_rank, facility_score, price_rank, price_score, rank_average, surround_rank, surround_score, view_rank, view_score, score_id) values (3.6735098816628273, 5.498150845027928, 8.873663505302492, 9.730659048786487, 5.05552288075331, 0.004219711387932756, 8.063344535534432, 7.764991725496467, 4.474396852552806, 665);
2022-10-10 14:33:47.408  INFO 4460 --- [    Test worker] p6spy                                    : #1665380027408 | took 0ms | statement | connection 26| url jdbc:h2:mem:ad3a9e80-f26d-4a3e-9691-17f803db5723
insert into picture (spot_id, url, picture_id) values (?, ?, ?)
insert into picture (spot_id, url, picture_id) values (NULL, 'java.io.StringReader@68d272c7', 2713);
2022-10-10 14:33:47.408  INFO 4460 --- [    Test worker] p6spy                                    : #1665380027408 | took 0ms | statement | connection 26| url jdbc:h2:mem:ad3a9e80-f26d-4a3e-9691-17f803db5723
insert into picture (spot_id, url, picture_id) values (?, ?, ?)
insert into picture (spot_id, url, picture_id) values (NULL, 'java.io.StringReader@3bb782e8', 2714);
2022-10-10 14:33:47.408  INFO 4460 --- [    Test worker] p6spy                                    : #1665380027408 | took 0ms | statement | connection 26| url jdbc:h2:mem:ad3a9e80-f26d-4a3e-9691-17f803db5723
insert into picture (spot_id, url, picture_id) values (?, ?, ?)
insert into picture (spot_id, url, picture_id) values (NULL, 'java.io.StringReader@744dc582', 2715);
2022-10-10 14:33:47.408  INFO 4460 --- [    Test worker] p6spy                                    : #1665380027408 | took 0ms | statement | connection 26| url jdbc:h2:mem:ad3a9e80-f26d-4a3e-9691-17f803db5723
insert into spot (address, description, location, name, score_id, spot_id) values (?, ?, ?, ?, ?, ?)
insert into spot (address, description, location, name, score_id, spot_id) values (NULL, NULL, 'Andeok_myeon', NULL, 665, 731);
2022-10-10 14:33:47.408  INFO 4460 --- [    Test worker] p6spy                                    : #1665380027408 | took 0ms | statement | connection 26| url jdbc:h2:mem:ad3a9e80-f26d-4a3e-9691-17f803db5723
insert into member_spot (member_id, score, spot_id, member_spot_id) values (?, ?, ?, ?)
insert into member_spot (member_id, score, spot_id, member_spot_id) values (20, 0.0, 731, 2716);
2022-10-10 14:33:47.408  INFO 4460 --- [    Test worker] p6spy                                    : #1665380027408 | took 0ms | statement | connection 26| url jdbc:h2:mem:ad3a9e80-f26d-4a3e-9691-17f803db5723
insert into review (content, spot_id, review_id) values (?, ?, ?)
insert into review (content, spot_id, review_id) values ('java.io.StringReader@45963dc2', 669, 667);
2022-10-10 14:33:47.408  INFO 4460 --- [    Test worker] p6spy                                    : #1665380027408 | took 0ms | statement | connection 26| url jdbc:h2:mem:ad3a9e80-f26d-4a3e-9691-17f803db5723
insert into favorite_spot (count, favorite_id, spot_id, favorite_spot_id) values (?, ?, ?, ?)
insert into favorite_spot (count, favorite_id, spot_id, favorite_spot_id) values (0, 41, 731, 508);
2022-10-10 14:33:47.408  INFO 4460 --- [    Test worker] p6spy                                    : #1665380027408 | took 0ms | statement | connection 26| url jdbc:h2:mem:ad3a9e80-f26d-4a3e-9691-17f803db5723
insert into score (facility_rank, facility_score, price_rank, price_score, rank_average, surround_rank, surround_score, view_rank, view_score, score_id) values (?, ?, ?, ?, ?, ?, ?, ?, ?, ?)
insert into score (facility_rank, facility_score, price_rank, price_score, rank_average, surround_rank, surround_score, view_rank, view_score, score_id) values (9.547971675860806, 3.812548660269578, 0.7783635064800154, 6.732177190522327, 1.51505930729107, 4.751646638150761, 9.270714294403753, 2.05420088599796, 5.169120138963985, 666);
2022-10-10 14:33:47.408  INFO 4460 --- [    Test worker] p6spy                                    : #1665380027408 | took 0ms | statement | connection 26| url jdbc:h2:mem:ad3a9e80-f26d-4a3e-9691-17f803db5723
insert into picture (spot_id, url, picture_id) values (?, ?, ?)
insert into picture (spot_id, url, picture_id) values (NULL, 'java.io.StringReader@14b05758', 2717);
2022-10-10 14:33:47.408  INFO 4460 --- [    Test worker] p6spy                                    : #1665380027408 | took 0ms | statement | connection 26| url jdbc:h2:mem:ad3a9e80-f26d-4a3e-9691-17f803db5723
insert into picture (spot_id, url, picture_id) values (?, ?, ?)
insert into picture (spot_id, url, picture_id) values (NULL, 'java.io.StringReader@5c23e006', 2718);
2022-10-10 14:33:47.408  INFO 4460 --- [    Test worker] p6spy                                    : #1665380027408 | took 0ms | statement | connection 26| url jdbc:h2:mem:ad3a9e80-f26d-4a3e-9691-17f803db5723
insert into picture (spot_id, url, picture_id) values (?, ?, ?)
insert into picture (spot_id, url, picture_id) values (NULL, 'java.io.StringReader@7d9dcb21', 2719);
2022-10-10 14:33:47.408  INFO 4460 --- [    Test worker] p6spy                                    : #1665380027408 | took 0ms | statement | connection 26| url jdbc:h2:mem:ad3a9e80-f26d-4a3e-9691-17f803db5723
insert into spot (address, description, location, name, score_id, spot_id) values (?, ?, ?, ?, ?, ?)
insert into spot (address, description, location, name, score_id, spot_id) values (NULL, NULL, 'Andeok_myeon', NULL, 666, 732);
2022-10-10 14:33:47.408  INFO 4460 --- [    Test worker] p6spy                                    : #1665380027408 | took 0ms | statement | connection 26| url jdbc:h2:mem:ad3a9e80-f26d-4a3e-9691-17f803db5723
insert into member_spot (member_id, score, spot_id, member_spot_id) values (?, ?, ?, ?)
insert into member_spot (member_id, score, spot_id, member_spot_id) values (20, 0.0, 732, 2720);
2022-10-10 14:33:47.408  INFO 4460 --- [    Test worker] p6spy                                    : #1665380027408 | took 0ms | statement | connection 26| url jdbc:h2:mem:ad3a9e80-f26d-4a3e-9691-17f803db5723
insert into review (content, spot_id, review_id) values (?, ?, ?)
insert into review (content, spot_id, review_id) values ('java.io.StringReader@1052844d', 669, 668);
2022-10-10 14:33:47.408  INFO 4460 --- [    Test worker] p6spy                                    : #1665380027408 | took 0ms | statement | connection 26| url jdbc:h2:mem:ad3a9e80-f26d-4a3e-9691-17f803db5723
insert into score (facility_rank, facility_score, price_rank, price_score, rank_average, surround_rank, surround_score, view_rank, view_score, score_id) values (?, ?, ?, ?, ?, ?, ?, ?, ?, ?)
insert into score (facility_rank, facility_score, price_rank, price_score, rank_average, surround_rank, surround_score, view_rank, view_score, score_id) values (8.922270752308094, 5.4658579040172945, 5.815869989656823, 4.500547707826654, 2.57604941872314, 3.4538698966272974, 9.411898421107718, 4.005522812428987, 3.377638836835083, 667);
2022-10-10 14:33:47.408  INFO 4460 --- [    Test worker] p6spy                                    : #1665380027408 | took 0ms | statement | connection 26| url jdbc:h2:mem:ad3a9e80-f26d-4a3e-9691-17f803db5723
insert into picture (spot_id, url, picture_id) values (?, ?, ?)
insert into picture (spot_id, url, picture_id) values (NULL, 'java.io.StringReader@2cce19a2', 2721);
2022-10-10 14:33:47.408  INFO 4460 --- [    Test worker] p6spy                                    : #1665380027408 | took 0ms | statement | connection 26| url jdbc:h2:mem:ad3a9e80-f26d-4a3e-9691-17f803db5723
insert into picture (spot_id, url, picture_id) values (?, ?, ?)
insert into picture (spot_id, url, picture_id) values (NULL, 'java.io.StringReader@45b3833b', 2722);
2022-10-10 14:33:47.409  INFO 4460 --- [    Test worker] p6spy                                    : #1665380027409 | took 0ms | statement | connection 26| url jdbc:h2:mem:ad3a9e80-f26d-4a3e-9691-17f803db5723
insert into picture (spot_id, url, picture_id) values (?, ?, ?)
insert into picture (spot_id, url, picture_id) values (NULL, 'java.io.StringReader@1375674a', 2723);
2022-10-10 14:33:47.409  INFO 4460 --- [    Test worker] p6spy                                    : #1665380027409 | took 0ms | statement | connection 26| url jdbc:h2:mem:ad3a9e80-f26d-4a3e-9691-17f803db5723
insert into spot (address, description, location, name, score_id, spot_id) values (?, ?, ?, ?, ?, ?)
insert into spot (address, description, location, name, score_id, spot_id) values (NULL, NULL, 'Andeok_myeon', NULL, 667, 733);
2022-10-10 14:33:47.409  INFO 4460 --- [    Test worker] p6spy                                    : #1665380027409 | took 0ms | statement | connection 26| url jdbc:h2:mem:ad3a9e80-f26d-4a3e-9691-17f803db5723
insert into member_spot (member_id, score, spot_id, member_spot_id) values (?, ?, ?, ?)
insert into member_spot (member_id, score, spot_id, member_spot_id) values (20, 0.0, 733, 2724);
2022-10-10 14:33:47.409  INFO 4460 --- [    Test worker] p6spy                                    : #1665380027409 | took 0ms | statement | connection 26| url jdbc:h2:mem:ad3a9e80-f26d-4a3e-9691-17f803db5723
insert into review (content, spot_id, review_id) values (?, ?, ?)
insert into review (content, spot_id, review_id) values ('java.io.StringReader@233faf46', 669, 669);
2022-10-10 14:33:47.409  INFO 4460 --- [    Test worker] p6spy                                    : #1665380027409 | took 0ms | statement | connection 26| url jdbc:h2:mem:ad3a9e80-f26d-4a3e-9691-17f803db5723
insert into favorite_spot (count, favorite_id, spot_id, favorite_spot_id) values (?, ?, ?, ?)
insert into favorite_spot (count, favorite_id, spot_id, favorite_spot_id) values (0, 41, 733, 509);
2022-10-10 14:33:47.409  INFO 4460 --- [    Test worker] p6spy                                    : #1665380027409 | took 0ms | statement | connection 26| url jdbc:h2:mem:ad3a9e80-f26d-4a3e-9691-17f803db5723
insert into score (facility_rank, facility_score, price_rank, price_score, rank_average, surround_rank, surround_score, view_rank, view_score, score_id) values (?, ?, ?, ?, ?, ?, ?, ?, ?, ?)
insert into score (facility_rank, facility_score, price_rank, price_score, rank_average, surround_rank, surround_score, view_rank, view_score, score_id) values (6.456229405260688, 1.871174463512364, 1.9683147544977686, 8.824352479738435, 5.006001059106672, 6.764619621015957, 9.091824450876251, 5.084344866295747, 4.920808822315156, 668);
2022-10-10 14:33:47.409  INFO 4460 --- [    Test worker] p6spy                                    : #1665380027409 | took 0ms | statement | connection 26| url jdbc:h2:mem:ad3a9e80-f26d-4a3e-9691-17f803db5723
insert into picture (spot_id, url, picture_id) values (?, ?, ?)
insert into picture (spot_id, url, picture_id) values (NULL, 'java.io.StringReader@36199148', 2725);
2022-10-10 14:33:47.409  INFO 4460 --- [    Test worker] p6spy                                    : #1665380027409 | took 0ms | statement | connection 26| url jdbc:h2:mem:ad3a9e80-f26d-4a3e-9691-17f803db5723
insert into picture (spot_id, url, picture_id) values (?, ?, ?)
insert into picture (spot_id, url, picture_id) values (NULL, 'java.io.StringReader@43edb436', 2726);
2022-10-10 14:33:47.409  INFO 4460 --- [    Test worker] p6spy                                    : #1665380027409 | took 0ms | statement | connection 26| url jdbc:h2:mem:ad3a9e80-f26d-4a3e-9691-17f803db5723
insert into picture (spot_id, url, picture_id) values (?, ?, ?)
insert into picture (spot_id, url, picture_id) values (NULL, 'java.io.StringReader@75f34a3e', 2727);
2022-10-10 14:33:47.409  INFO 4460 --- [    Test worker] p6spy                                    : #1665380027409 | took 0ms | statement | connection 26| url jdbc:h2:mem:ad3a9e80-f26d-4a3e-9691-17f803db5723
insert into spot (address, description, location, name, score_id, spot_id) values (?, ?, ?, ?, ?, ?)
insert into spot (address, description, location, name, score_id, spot_id) values (NULL, NULL, 'Andeok_myeon', NULL, 668, 734);
2022-10-10 14:33:47.409  INFO 4460 --- [    Test worker] p6spy                                    : #1665380027409 | took 0ms | statement | connection 26| url jdbc:h2:mem:ad3a9e80-f26d-4a3e-9691-17f803db5723
insert into member_spot (member_id, score, spot_id, member_spot_id) values (?, ?, ?, ?)
insert into member_spot (member_id, score, spot_id, member_spot_id) values (20, 0.0, 734, 2728);
2022-10-10 14:33:47.409  INFO 4460 --- [    Test worker] p6spy                                    : #1665380027409 | took 0ms | statement | connection 26| url jdbc:h2:mem:ad3a9e80-f26d-4a3e-9691-17f803db5723
insert into review (content, spot_id, review_id) values (?, ?, ?)
insert into review (content, spot_id, review_id) values ('java.io.StringReader@52c8b41f', 669, 670);
2022-10-10 14:33:47.409  INFO 4460 --- [    Test worker] p6spy                                    : #1665380027409 | took 0ms | statement | connection 26| url jdbc:h2:mem:ad3a9e80-f26d-4a3e-9691-17f803db5723
insert into score (facility_rank, facility_score, price_rank, price_score, rank_average, surround_rank, surround_score, view_rank, view_score, score_id) values (?, ?, ?, ?, ?, ?, ?, ?, ?, ?)
insert into score (facility_rank, facility_score, price_rank, price_score, rank_average, surround_rank, surround_score, view_rank, view_score, score_id) values (6.45257924085827, 8.04362856103183, 3.242112060667587, 1.431932809291574, 2.966887479234156, 0.4025739185966726, 9.752744718457473, 8.098165803012593, 7.136150200230347, 669);
2022-10-10 14:33:47.409  INFO 4460 --- [    Test worker] p6spy                                    : #1665380027409 | took 0ms | statement | connection 26| url jdbc:h2:mem:ad3a9e80-f26d-4a3e-9691-17f803db5723
insert into picture (spot_id, url, picture_id) values (?, ?, ?)
insert into picture (spot_id, url, picture_id) values (NULL, 'java.io.StringReader@76a27519', 2729);
2022-10-10 14:33:47.409  INFO 4460 --- [    Test worker] p6spy                                    : #1665380027409 | took 0ms | statement | connection 26| url jdbc:h2:mem:ad3a9e80-f26d-4a3e-9691-17f803db5723
insert into picture (spot_id, url, picture_id) values (?, ?, ?)
insert into picture (spot_id, url, picture_id) values (NULL, 'java.io.StringReader@f7eccb9', 2730);
2022-10-10 14:33:47.409  INFO 4460 --- [    Test worker] p6spy                                    : #1665380027409 | took 0ms | statement | connection 26| url jdbc:h2:mem:ad3a9e80-f26d-4a3e-9691-17f803db5723
insert into picture (spot_id, url, picture_id) values (?, ?, ?)
insert into picture (spot_id, url, picture_id) values (NULL, 'java.io.StringReader@57dd875a', 2731);
2022-10-10 14:33:47.409  INFO 4460 --- [    Test worker] p6spy                                    : #1665380027409 | took 0ms | statement | connection 26| url jdbc:h2:mem:ad3a9e80-f26d-4a3e-9691-17f803db5723
insert into spot (address, description, location, name, score_id, spot_id) values (?, ?, ?, ?, ?, ?)
insert into spot (address, description, location, name, score_id, spot_id) values (NULL, NULL, 'Andeok_myeon', NULL, 669, 735);
2022-10-10 14:33:47.409  INFO 4460 --- [    Test worker] p6spy                                    : #1665380027409 | took 0ms | statement | connection 26| url jdbc:h2:mem:ad3a9e80-f26d-4a3e-9691-17f803db5723
insert into member_spot (member_id, score, spot_id, member_spot_id) values (?, ?, ?, ?)
insert into member_spot (member_id, score, spot_id, member_spot_id) values (20, 0.0, 735, 2732);
2022-10-10 14:33:47.409  INFO 4460 --- [    Test worker] p6spy                                    : #1665380027409 | took 0ms | statement | connection 26| url jdbc:h2:mem:ad3a9e80-f26d-4a3e-9691-17f803db5723
insert into review (content, spot_id, review_id) values (?, ?, ?)
insert into review (content, spot_id, review_id) values ('java.io.StringReader@5741ff2f', 669, 671);
2022-10-10 14:33:47.409  INFO 4460 --- [    Test worker] p6spy                                    : #1665380027409 | took 0ms | statement | connection 26| url jdbc:h2:mem:ad3a9e80-f26d-4a3e-9691-17f803db5723
insert into favorite_spot (count, favorite_id, spot_id, favorite_spot_id) values (?, ?, ?, ?)
insert into favorite_spot (count, favorite_id, spot_id, favorite_spot_id) values (0, 41, 735, 510);
2022-10-10 14:33:47.409  INFO 4460 --- [    Test worker] p6spy                                    : #1665380027409 | took 0ms | statement | connection 26| url jdbc:h2:mem:ad3a9e80-f26d-4a3e-9691-17f803db5723
insert into score (facility_rank, facility_score, price_rank, price_score, rank_average, surround_rank, surround_score, view_rank, view_score, score_id) values (?, ?, ?, ?, ?, ?, ?, ?, ?, ?)
insert into score (facility_rank, facility_score, price_rank, price_score, rank_average, surround_rank, surround_score, view_rank, view_score, score_id) values (2.373274682172336, 3.749087042591049, 5.911149028417646, 4.9519292973902775, 3.9314300621340137, 8.697501483841158, 0.28816204823882585, 6.901646849676339, 9.957960708996389, 670);
2022-10-10 14:33:47.409  INFO 4460 --- [    Test worker] p6spy                                    : #1665380027409 | took 0ms | statement | connection 26| url jdbc:h2:mem:ad3a9e80-f26d-4a3e-9691-17f803db5723
insert into picture (spot_id, url, picture_id) values (?, ?, ?)
insert into picture (spot_id, url, picture_id) values (NULL, 'java.io.StringReader@fc51be6', 2733);
2022-10-10 14:33:47.409  INFO 4460 --- [    Test worker] p6spy                                    : #1665380027409 | took 0ms | statement | connection 26| url jdbc:h2:mem:ad3a9e80-f26d-4a3e-9691-17f803db5723
insert into picture (spot_id, url, picture_id) values (?, ?, ?)
insert into picture (spot_id, url, picture_id) values (NULL, 'java.io.StringReader@562639d4', 2734);
2022-10-10 14:33:47.409  INFO 4460 --- [    Test worker] p6spy                                    : #1665380027409 | took 0ms | statement | connection 26| url jdbc:h2:mem:ad3a9e80-f26d-4a3e-9691-17f803db5723
insert into picture (spot_id, url, picture_id) values (?, ?, ?)
insert into picture (spot_id, url, picture_id) values (NULL, 'java.io.StringReader@22adbd18', 2735);
2022-10-10 14:33:47.409  INFO 4460 --- [    Test worker] p6spy                                    : #1665380027409 | took 0ms | statement | connection 26| url jdbc:h2:mem:ad3a9e80-f26d-4a3e-9691-17f803db5723
insert into spot (address, description, location, name, score_id, spot_id) values (?, ?, ?, ?, ?, ?)
insert into spot (address, description, location, name, score_id, spot_id) values (NULL, NULL, 'Andeok_myeon', NULL, 670, 736);
2022-10-10 14:33:47.409  INFO 4460 --- [    Test worker] p6spy                                    : #1665380027409 | took 0ms | statement | connection 26| url jdbc:h2:mem:ad3a9e80-f26d-4a3e-9691-17f803db5723
insert into member_spot (member_id, score, spot_id, member_spot_id) values (?, ?, ?, ?)
insert into member_spot (member_id, score, spot_id, member_spot_id) values (20, 0.0, 736, 2736);
2022-10-10 14:33:47.410  INFO 4460 --- [    Test worker] p6spy                                    : #1665380027410 | took 0ms | statement | connection 26| url jdbc:h2:mem:ad3a9e80-f26d-4a3e-9691-17f803db5723
insert into review (content, spot_id, review_id) values (?, ?, ?)
insert into review (content, spot_id, review_id) values ('java.io.StringReader@98aa2ee', 669, 672);
2022-10-10 14:33:47.410  INFO 4460 --- [    Test worker] p6spy                                    : #1665380027410 | took 0ms | statement | connection 26| url jdbc:h2:mem:ad3a9e80-f26d-4a3e-9691-17f803db5723
insert into score (facility_rank, facility_score, price_rank, price_score, rank_average, surround_rank, surround_score, view_rank, view_score, score_id) values (?, ?, ?, ?, ?, ?, ?, ?, ?, ?)
insert into score (facility_rank, facility_score, price_rank, price_score, rank_average, surround_rank, surround_score, view_rank, view_score, score_id) values (2.3103361194317773, 0.4143198843587226, 0.20658513760456243, 1.5931677153153467, 4.393510495451612, 6.997611811625299, 8.692766621084013, 2.771613432088802, 4.395587798927916, 671);
2022-10-10 14:33:47.410  INFO 4460 --- [    Test worker] p6spy                                    : #1665380027410 | took 0ms | statement | connection 26| url jdbc:h2:mem:ad3a9e80-f26d-4a3e-9691-17f803db5723
insert into picture (spot_id, url, picture_id) values (?, ?, ?)
insert into picture (spot_id, url, picture_id) values (NULL, 'java.io.StringReader@4426b017', 2737);
2022-10-10 14:33:47.410  INFO 4460 --- [    Test worker] p6spy                                    : #1665380027410 | took 0ms | statement | connection 26| url jdbc:h2:mem:ad3a9e80-f26d-4a3e-9691-17f803db5723
insert into picture (spot_id, url, picture_id) values (?, ?, ?)
insert into picture (spot_id, url, picture_id) values (NULL, 'java.io.StringReader@17df114c', 2738);
2022-10-10 14:33:47.410  INFO 4460 --- [    Test worker] p6spy                                    : #1665380027410 | took 0ms | statement | connection 26| url jdbc:h2:mem:ad3a9e80-f26d-4a3e-9691-17f803db5723
insert into picture (spot_id, url, picture_id) values (?, ?, ?)
insert into picture (spot_id, url, picture_id) values (NULL, 'java.io.StringReader@d08b73b', 2739);
2022-10-10 14:33:47.410  INFO 4460 --- [    Test worker] p6spy                                    : #1665380027410 | took 0ms | statement | connection 26| url jdbc:h2:mem:ad3a9e80-f26d-4a3e-9691-17f803db5723
insert into spot (address, description, location, name, score_id, spot_id) values (?, ?, ?, ?, ?, ?)
insert into spot (address, description, location, name, score_id, spot_id) values (NULL, NULL, 'Andeok_myeon', NULL, 671, 737);
2022-10-10 14:33:47.410  INFO 4460 --- [    Test worker] p6spy                                    : #1665380027410 | took 0ms | statement | connection 26| url jdbc:h2:mem:ad3a9e80-f26d-4a3e-9691-17f803db5723
insert into member_spot (member_id, score, spot_id, member_spot_id) values (?, ?, ?, ?)
insert into member_spot (member_id, score, spot_id, member_spot_id) values (20, 0.0, 737, 2740);
2022-10-10 14:33:47.410  INFO 4460 --- [    Test worker] p6spy                                    : #1665380027410 | took 0ms | statement | connection 26| url jdbc:h2:mem:ad3a9e80-f26d-4a3e-9691-17f803db5723
insert into review (content, spot_id, review_id) values (?, ?, ?)
insert into review (content, spot_id, review_id) values ('java.io.StringReader@35704de6', 669, 673);
2022-10-10 14:33:47.410  INFO 4460 --- [    Test worker] p6spy                                    : #1665380027410 | took 0ms | statement | connection 26| url jdbc:h2:mem:ad3a9e80-f26d-4a3e-9691-17f803db5723
insert into favorite_spot (count, favorite_id, spot_id, favorite_spot_id) values (?, ?, ?, ?)
insert into favorite_spot (count, favorite_id, spot_id, favorite_spot_id) values (0, 41, 737, 511);
2022-10-10 14:33:47.410  INFO 4460 --- [    Test worker] p6spy                                    : #1665380027410 | took 0ms | statement | connection 26| url jdbc:h2:mem:ad3a9e80-f26d-4a3e-9691-17f803db5723
insert into score (facility_rank, facility_score, price_rank, price_score, rank_average, surround_rank, surround_score, view_rank, view_score, score_id) values (?, ?, ?, ?, ?, ?, ?, ?, ?, ?)
insert into score (facility_rank, facility_score, price_rank, price_score, rank_average, surround_rank, surround_score, view_rank, view_score, score_id) values (9.803319979889926, 2.7681456453832554, 0.9280730637966939, 7.015585177690627, 3.846194439133941, 5.443564609145301, 5.929513526667954, 4.523155784656404, 4.92763078593293, 672);
2022-10-10 14:33:47.410  INFO 4460 --- [    Test worker] p6spy                                    : #1665380027410 | took 0ms | statement | connection 26| url jdbc:h2:mem:ad3a9e80-f26d-4a3e-9691-17f803db5723
insert into picture (spot_id, url, picture_id) values (?, ?, ?)
insert into picture (spot_id, url, picture_id) values (NULL, 'java.io.StringReader@1e62b07c', 2741);
2022-10-10 14:33:47.410  INFO 4460 --- [    Test worker] p6spy                                    : #1665380027410 | took 0ms | statement | connection 26| url jdbc:h2:mem:ad3a9e80-f26d-4a3e-9691-17f803db5723
insert into picture (spot_id, url, picture_id) values (?, ?, ?)
insert into picture (spot_id, url, picture_id) values (NULL, 'java.io.StringReader@3c93376b', 2742);
2022-10-10 14:33:47.410  INFO 4460 --- [    Test worker] p6spy                                    : #1665380027410 | took 0ms | statement | connection 26| url jdbc:h2:mem:ad3a9e80-f26d-4a3e-9691-17f803db5723
insert into picture (spot_id, url, picture_id) values (?, ?, ?)
insert into picture (spot_id, url, picture_id) values (NULL, 'java.io.StringReader@20cef728', 2743);
2022-10-10 14:33:47.410  INFO 4460 --- [    Test worker] p6spy                                    : #1665380027410 | took 0ms | statement | connection 26| url jdbc:h2:mem:ad3a9e80-f26d-4a3e-9691-17f803db5723
insert into spot (address, description, location, name, score_id, spot_id) values (?, ?, ?, ?, ?, ?)
insert into spot (address, description, location, name, score_id, spot_id) values (NULL, NULL, 'Andeok_myeon', NULL, 672, 738);
2022-10-10 14:33:47.410  INFO 4460 --- [    Test worker] p6spy                                    : #1665380027410 | took 0ms | statement | connection 26| url jdbc:h2:mem:ad3a9e80-f26d-4a3e-9691-17f803db5723
insert into member_spot (member_id, score, spot_id, member_spot_id) values (?, ?, ?, ?)
insert into member_spot (member_id, score, spot_id, member_spot_id) values (20, 0.0, 738, 2744);
2022-10-10 14:33:47.410  INFO 4460 --- [    Test worker] p6spy                                    : #1665380027410 | took 0ms | statement | connection 26| url jdbc:h2:mem:ad3a9e80-f26d-4a3e-9691-17f803db5723
insert into review (content, spot_id, review_id) values (?, ?, ?)
insert into review (content, spot_id, review_id) values ('java.io.StringReader@6a250421', 669, 674);
2022-10-10 14:33:47.410  INFO 4460 --- [    Test worker] p6spy                                    : #1665380027410 | took 0ms | statement | connection 26| url jdbc:h2:mem:ad3a9e80-f26d-4a3e-9691-17f803db5723
insert into score (facility_rank, facility_score, price_rank, price_score, rank_average, surround_rank, surround_score, view_rank, view_score, score_id) values (?, ?, ?, ?, ?, ?, ?, ?, ?, ?)
insert into score (facility_rank, facility_score, price_rank, price_score, rank_average, surround_rank, surround_score, view_rank, view_score, score_id) values (2.2666214289299136, 6.023865683980459, 9.423379923314869, 6.897718947143588, 0.30390934605561637, 0.4250582865787289, 2.3822715462953257, 1.3970628729529755, 3.1711927043697843, 673);
2022-10-10 14:33:47.410  INFO 4460 --- [    Test worker] p6spy                                    : #1665380027410 | took 0ms | statement | connection 26| url jdbc:h2:mem:ad3a9e80-f26d-4a3e-9691-17f803db5723
insert into picture (spot_id, url, picture_id) values (?, ?, ?)
insert into picture (spot_id, url, picture_id) values (NULL, 'java.io.StringReader@a1eecfc', 2745);
2022-10-10 14:33:47.410  INFO 4460 --- [    Test worker] p6spy                                    : #1665380027410 | took 0ms | statement | connection 26| url jdbc:h2:mem:ad3a9e80-f26d-4a3e-9691-17f803db5723
insert into picture (spot_id, url, picture_id) values (?, ?, ?)
insert into picture (spot_id, url, picture_id) values (NULL, 'java.io.StringReader@4c56a128', 2746);
2022-10-10 14:33:47.410  INFO 4460 --- [    Test worker] p6spy                                    : #1665380027410 | took 0ms | statement | connection 26| url jdbc:h2:mem:ad3a9e80-f26d-4a3e-9691-17f803db5723
insert into picture (spot_id, url, picture_id) values (?, ?, ?)
insert into picture (spot_id, url, picture_id) values (NULL, 'java.io.StringReader@5cda3a68', 2747);
2022-10-10 14:33:47.410  INFO 4460 --- [    Test worker] p6spy                                    : #1665380027410 | took 0ms | statement | connection 26| url jdbc:h2:mem:ad3a9e80-f26d-4a3e-9691-17f803db5723
insert into spot (address, description, location, name, score_id, spot_id) values (?, ?, ?, ?, ?, ?)
insert into spot (address, description, location, name, score_id, spot_id) values (NULL, NULL, 'Andeok_myeon', NULL, 673, 739);
2022-10-10 14:33:47.410  INFO 4460 --- [    Test worker] p6spy                                    : #1665380027410 | took 0ms | statement | connection 26| url jdbc:h2:mem:ad3a9e80-f26d-4a3e-9691-17f803db5723
insert into member_spot (member_id, score, spot_id, member_spot_id) values (?, ?, ?, ?)
insert into member_spot (member_id, score, spot_id, member_spot_id) values (20, 0.0, 739, 2748);
2022-10-10 14:33:47.410  INFO 4460 --- [    Test worker] p6spy                                    : #1665380027410 | took 0ms | statement | connection 26| url jdbc:h2:mem:ad3a9e80-f26d-4a3e-9691-17f803db5723
insert into review (content, spot_id, review_id) values (?, ?, ?)
insert into review (content, spot_id, review_id) values ('java.io.StringReader@6b4c4267', 669, 675);
2022-10-10 14:33:47.410  INFO 4460 --- [    Test worker] p6spy                                    : #1665380027410 | took 0ms | statement | connection 26| url jdbc:h2:mem:ad3a9e80-f26d-4a3e-9691-17f803db5723
insert into favorite_spot (count, favorite_id, spot_id, favorite_spot_id) values (?, ?, ?, ?)
insert into favorite_spot (count, favorite_id, spot_id, favorite_spot_id) values (0, 41, 739, 512);
2022-10-10 14:33:47.410  INFO 4460 --- [    Test worker] p6spy                                    : #1665380027410 | took 0ms | statement | connection 26| url jdbc:h2:mem:ad3a9e80-f26d-4a3e-9691-17f803db5723
insert into score (facility_rank, facility_score, price_rank, price_score, rank_average, surround_rank, surround_score, view_rank, view_score, score_id) values (?, ?, ?, ?, ?, ?, ?, ?, ?, ?)
insert into score (facility_rank, facility_score, price_rank, price_score, rank_average, surround_rank, surround_score, view_rank, view_score, score_id) values (3.0403161718098506, 0.18773564919202457, 1.2896778299193246, 6.2717089313508625, 7.59999498862291, 8.040810940648642, 6.535679497925685, 2.7509541680927754, 0.5799114244327974, 674);
2022-10-10 14:33:47.410  INFO 4460 --- [    Test worker] p6spy                                    : #1665380027410 | took 0ms | statement | connection 26| url jdbc:h2:mem:ad3a9e80-f26d-4a3e-9691-17f803db5723
insert into picture (spot_id, url, picture_id) values (?, ?, ?)
insert into picture (spot_id, url, picture_id) values (NULL, 'java.io.StringReader@43624ff5', 2749);
2022-10-10 14:33:47.410  INFO 4460 --- [    Test worker] p6spy                                    : #1665380027410 | took 0ms | statement | connection 26| url jdbc:h2:mem:ad3a9e80-f26d-4a3e-9691-17f803db5723
insert into picture (spot_id, url, picture_id) values (?, ?, ?)
insert into picture (spot_id, url, picture_id) values (NULL, 'java.io.StringReader@49649e48', 2750);
2022-10-10 14:33:47.410  INFO 4460 --- [    Test worker] p6spy                                    : #1665380027410 | took 0ms | statement | connection 26| url jdbc:h2:mem:ad3a9e80-f26d-4a3e-9691-17f803db5723
insert into picture (spot_id, url, picture_id) values (?, ?, ?)
insert into picture (spot_id, url, picture_id) values (NULL, 'java.io.StringReader@6a978ecd', 2751);
2022-10-10 14:33:47.410  INFO 4460 --- [    Test worker] p6spy                                    : #1665380027410 | took 0ms | statement | connection 26| url jdbc:h2:mem:ad3a9e80-f26d-4a3e-9691-17f803db5723
insert into spot (address, description, location, name, score_id, spot_id) values (?, ?, ?, ?, ?, ?)
insert into spot (address, description, location, name, score_id, spot_id) values (NULL, NULL, 'Andeok_myeon', NULL, 674, 740);
2022-10-10 14:33:47.410  INFO 4460 --- [    Test worker] p6spy                                    : #1665380027410 | took 0ms | statement | connection 26| url jdbc:h2:mem:ad3a9e80-f26d-4a3e-9691-17f803db5723
insert into member_spot (member_id, score, spot_id, member_spot_id) values (?, ?, ?, ?)
insert into member_spot (member_id, score, spot_id, member_spot_id) values (20, 0.0, 740, 2752);
2022-10-10 14:33:47.411  INFO 4460 --- [    Test worker] p6spy                                    : #1665380027411 | took 0ms | statement | connection 26| url jdbc:h2:mem:ad3a9e80-f26d-4a3e-9691-17f803db5723
insert into review (content, spot_id, review_id) values (?, ?, ?)
insert into review (content, spot_id, review_id) values ('java.io.StringReader@6d3589e7', 669, 676);
2022-10-10 14:33:47.411  INFO 4460 --- [    Test worker] p6spy                                    : #1665380027411 | took 0ms | statement | connection 26| url jdbc:h2:mem:ad3a9e80-f26d-4a3e-9691-17f803db5723
insert into score (facility_rank, facility_score, price_rank, price_score, rank_average, surround_rank, surround_score, view_rank, view_score, score_id) values (?, ?, ?, ?, ?, ?, ?, ?, ?, ?)
insert into score (facility_rank, facility_score, price_rank, price_score, rank_average, surround_rank, surround_score, view_rank, view_score, score_id) values (9.385014792244736, 6.714306331319298, 6.320913700409248, 2.2527627848492306, 2.450601225709965, 0.3386363182855723, 1.6422199894831646, 6.471961509194841, 4.873410782954294, 675);
2022-10-10 14:33:47.411  INFO 4460 --- [    Test worker] p6spy                                    : #1665380027411 | took 0ms | statement | connection 26| url jdbc:h2:mem:ad3a9e80-f26d-4a3e-9691-17f803db5723
insert into picture (spot_id, url, picture_id) values (?, ?, ?)
insert into picture (spot_id, url, picture_id) values (NULL, 'java.io.StringReader@7e13e874', 2753);
2022-10-10 14:33:47.411  INFO 4460 --- [    Test worker] p6spy                                    : #1665380027411 | took 0ms | statement | connection 26| url jdbc:h2:mem:ad3a9e80-f26d-4a3e-9691-17f803db5723
insert into picture (spot_id, url, picture_id) values (?, ?, ?)
insert into picture (spot_id, url, picture_id) values (NULL, 'java.io.StringReader@2f4424ef', 2754);
2022-10-10 14:33:47.411  INFO 4460 --- [    Test worker] p6spy                                    : #1665380027411 | took 0ms | statement | connection 26| url jdbc:h2:mem:ad3a9e80-f26d-4a3e-9691-17f803db5723
insert into picture (spot_id, url, picture_id) values (?, ?, ?)
insert into picture (spot_id, url, picture_id) values (NULL, 'java.io.StringReader@50d3925c', 2755);
2022-10-10 14:33:47.411  INFO 4460 --- [    Test worker] p6spy                                    : #1665380027411 | took 0ms | statement | connection 26| url jdbc:h2:mem:ad3a9e80-f26d-4a3e-9691-17f803db5723
insert into spot (address, description, location, name, score_id, spot_id) values (?, ?, ?, ?, ?, ?)
insert into spot (address, description, location, name, score_id, spot_id) values (NULL, NULL, 'Andeok_myeon', NULL, 675, 741);
2022-10-10 14:33:47.411  INFO 4460 --- [    Test worker] p6spy                                    : #1665380027411 | took 0ms | statement | connection 26| url jdbc:h2:mem:ad3a9e80-f26d-4a3e-9691-17f803db5723
insert into member_spot (member_id, score, spot_id, member_spot_id) values (?, ?, ?, ?)
insert into member_spot (member_id, score, spot_id, member_spot_id) values (20, 0.0, 741, 2756);
2022-10-10 14:33:47.411  INFO 4460 --- [    Test worker] p6spy                                    : #1665380027411 | took 0ms | statement | connection 26| url jdbc:h2:mem:ad3a9e80-f26d-4a3e-9691-17f803db5723
insert into review (content, spot_id, review_id) values (?, ?, ?)
insert into review (content, spot_id, review_id) values ('java.io.StringReader@3e892a93', 669, 677);
2022-10-10 14:33:47.411  INFO 4460 --- [    Test worker] p6spy                                    : #1665380027411 | took 0ms | statement | connection 26| url jdbc:h2:mem:ad3a9e80-f26d-4a3e-9691-17f803db5723
insert into favorite_spot (count, favorite_id, spot_id, favorite_spot_id) values (?, ?, ?, ?)
insert into favorite_spot (count, favorite_id, spot_id, favorite_spot_id) values (0, 41, 741, 513);
2022-10-10 14:33:47.411  INFO 4460 --- [    Test worker] p6spy                                    : #1665380027411 | took 0ms | statement | connection 26| url jdbc:h2:mem:ad3a9e80-f26d-4a3e-9691-17f803db5723
insert into score (facility_rank, facility_score, price_rank, price_score, rank_average, surround_rank, surround_score, view_rank, view_score, score_id) values (?, ?, ?, ?, ?, ?, ?, ?, ?, ?)
insert into score (facility_rank, facility_score, price_rank, price_score, rank_average, surround_rank, surround_score, view_rank, view_score, score_id) values (2.4137173617808436, 4.881102001561564, 4.255140076516815, 8.258099498654806, 6.993444562236375, 0.8463807203767082, 2.2109480221291666, 7.805312717264815, 6.71567275753095, 676);
2022-10-10 14:33:47.411  INFO 4460 --- [    Test worker] p6spy                                    : #1665380027411 | took 0ms | statement | connection 26| url jdbc:h2:mem:ad3a9e80-f26d-4a3e-9691-17f803db5723
insert into picture (spot_id, url, picture_id) values (?, ?, ?)
insert into picture (spot_id, url, picture_id) values (NULL, 'java.io.StringReader@2143563e', 2757);
2022-10-10 14:33:47.411  INFO 4460 --- [    Test worker] p6spy                                    : #1665380027411 | took 0ms | statement | connection 26| url jdbc:h2:mem:ad3a9e80-f26d-4a3e-9691-17f803db5723
insert into picture (spot_id, url, picture_id) values (?, ?, ?)
insert into picture (spot_id, url, picture_id) values (NULL, 'java.io.StringReader@4a0c2d01', 2758);
2022-10-10 14:33:47.411  INFO 4460 --- [    Test worker] p6spy                                    : #1665380027411 | took 0ms | statement | connection 26| url jdbc:h2:mem:ad3a9e80-f26d-4a3e-9691-17f803db5723
insert into picture (spot_id, url, picture_id) values (?, ?, ?)
insert into picture (spot_id, url, picture_id) values (NULL, 'java.io.StringReader@64211a94', 2759);
2022-10-10 14:33:47.411  INFO 4460 --- [    Test worker] p6spy                                    : #1665380027411 | took 0ms | statement | connection 26| url jdbc:h2:mem:ad3a9e80-f26d-4a3e-9691-17f803db5723
insert into spot (address, description, location, name, score_id, spot_id) values (?, ?, ?, ?, ?, ?)
insert into spot (address, description, location, name, score_id, spot_id) values (NULL, NULL, 'Andeok_myeon', NULL, 676, 742);
2022-10-10 14:33:47.411  INFO 4460 --- [    Test worker] p6spy                                    : #1665380027411 | took 0ms | statement | connection 26| url jdbc:h2:mem:ad3a9e80-f26d-4a3e-9691-17f803db5723
insert into member_spot (member_id, score, spot_id, member_spot_id) values (?, ?, ?, ?)
insert into member_spot (member_id, score, spot_id, member_spot_id) values (20, 0.0, 742, 2760);
2022-10-10 14:33:47.411  INFO 4460 --- [    Test worker] p6spy                                    : #1665380027411 | took 0ms | statement | connection 26| url jdbc:h2:mem:ad3a9e80-f26d-4a3e-9691-17f803db5723
insert into review (content, spot_id, review_id) values (?, ?, ?)
insert into review (content, spot_id, review_id) values ('java.io.StringReader@6f81a4d3', 669, 678);
2022-10-10 14:33:47.411  INFO 4460 --- [    Test worker] p6spy                                    : #1665380027411 | took 0ms | statement | connection 26| url jdbc:h2:mem:ad3a9e80-f26d-4a3e-9691-17f803db5723
insert into score (facility_rank, facility_score, price_rank, price_score, rank_average, surround_rank, surround_score, view_rank, view_score, score_id) values (?, ?, ?, ?, ?, ?, ?, ?, ?, ?)
insert into score (facility_rank, facility_score, price_rank, price_score, rank_average, surround_rank, surround_score, view_rank, view_score, score_id) values (9.314220302094224, 7.156875663984364, 0.7248773963872557, 3.91224806582502, 8.658918478944733, 2.228795460655024, 7.279916218347341, 7.113460438289439, 0.8275161693967414, 677);
2022-10-10 14:33:47.411  INFO 4460 --- [    Test worker] p6spy                                    : #1665380027411 | took 0ms | statement | connection 26| url jdbc:h2:mem:ad3a9e80-f26d-4a3e-9691-17f803db5723
insert into picture (spot_id, url, picture_id) values (?, ?, ?)
insert into picture (spot_id, url, picture_id) values (NULL, 'java.io.StringReader@3de53faa', 2761);
2022-10-10 14:33:47.411  INFO 4460 --- [    Test worker] p6spy                                    : #1665380027411 | took 0ms | statement | connection 26| url jdbc:h2:mem:ad3a9e80-f26d-4a3e-9691-17f803db5723
insert into picture (spot_id, url, picture_id) values (?, ?, ?)
insert into picture (spot_id, url, picture_id) values (NULL, 'java.io.StringReader@6facca85', 2762);
2022-10-10 14:33:47.411  INFO 4460 --- [    Test worker] p6spy                                    : #1665380027411 | took 0ms | statement | connection 26| url jdbc:h2:mem:ad3a9e80-f26d-4a3e-9691-17f803db5723
insert into picture (spot_id, url, picture_id) values (?, ?, ?)
insert into picture (spot_id, url, picture_id) values (NULL, 'java.io.StringReader@254e13ef', 2763);
2022-10-10 14:33:47.411  INFO 4460 --- [    Test worker] p6spy                                    : #1665380027411 | took 0ms | statement | connection 26| url jdbc:h2:mem:ad3a9e80-f26d-4a3e-9691-17f803db5723
insert into spot (address, description, location, name, score_id, spot_id) values (?, ?, ?, ?, ?, ?)
insert into spot (address, description, location, name, score_id, spot_id) values (NULL, NULL, 'Andeok_myeon', NULL, 677, 743);
2022-10-10 14:33:47.411  INFO 4460 --- [    Test worker] p6spy                                    : #1665380027411 | took 0ms | statement | connection 26| url jdbc:h2:mem:ad3a9e80-f26d-4a3e-9691-17f803db5723
insert into member_spot (member_id, score, spot_id, member_spot_id) values (?, ?, ?, ?)
insert into member_spot (member_id, score, spot_id, member_spot_id) values (20, 0.0, 743, 2764);
2022-10-10 14:33:47.411  INFO 4460 --- [    Test worker] p6spy                                    : #1665380027411 | took 0ms | statement | connection 26| url jdbc:h2:mem:ad3a9e80-f26d-4a3e-9691-17f803db5723
insert into review (content, spot_id, review_id) values (?, ?, ?)
insert into review (content, spot_id, review_id) values ('java.io.StringReader@341ce4d9', 669, 679);
2022-10-10 14:33:47.411  INFO 4460 --- [    Test worker] p6spy                                    : #1665380027411 | took 0ms | statement | connection 26| url jdbc:h2:mem:ad3a9e80-f26d-4a3e-9691-17f803db5723
insert into favorite_spot (count, favorite_id, spot_id, favorite_spot_id) values (?, ?, ?, ?)
insert into favorite_spot (count, favorite_id, spot_id, favorite_spot_id) values (0, 41, 743, 514);
2022-10-10 14:33:47.411  INFO 4460 --- [    Test worker] p6spy                                    : #1665380027411 | took 0ms | statement | connection 26| url jdbc:h2:mem:ad3a9e80-f26d-4a3e-9691-17f803db5723
insert into score (facility_rank, facility_score, price_rank, price_score, rank_average, surround_rank, surround_score, view_rank, view_score, score_id) values (?, ?, ?, ?, ?, ?, ?, ?, ?, ?)
insert into score (facility_rank, facility_score, price_rank, price_score, rank_average, surround_rank, surround_score, view_rank, view_score, score_id) values (1.1869699298038194, 4.090741800943718, 1.6621965356612167, 7.16488366438409, 8.9633714866992, 4.8765112695835295, 3.4865220834412067, 3.2497521216830827, 4.051964003278057, 678);
2022-10-10 14:33:47.411  INFO 4460 --- [    Test worker] p6spy                                    : #1665380027411 | took 0ms | statement | connection 26| url jdbc:h2:mem:ad3a9e80-f26d-4a3e-9691-17f803db5723
insert into picture (spot_id, url, picture_id) values (?, ?, ?)
insert into picture (spot_id, url, picture_id) values (NULL, 'java.io.StringReader@62c4b0c7', 2765);
2022-10-10 14:33:47.411  INFO 4460 --- [    Test worker] p6spy                                    : #1665380027411 | took 0ms | statement | connection 26| url jdbc:h2:mem:ad3a9e80-f26d-4a3e-9691-17f803db5723
insert into picture (spot_id, url, picture_id) values (?, ?, ?)
insert into picture (spot_id, url, picture_id) values (NULL, 'java.io.StringReader@3d632b96', 2766);
2022-10-10 14:33:47.411  INFO 4460 --- [    Test worker] p6spy                                    : #1665380027411 | took 0ms | statement | connection 26| url jdbc:h2:mem:ad3a9e80-f26d-4a3e-9691-17f803db5723
insert into picture (spot_id, url, picture_id) values (?, ?, ?)
insert into picture (spot_id, url, picture_id) values (NULL, 'java.io.StringReader@36df585a', 2767);
2022-10-10 14:33:47.411  INFO 4460 --- [    Test worker] p6spy                                    : #1665380027411 | took 0ms | statement | connection 26| url jdbc:h2:mem:ad3a9e80-f26d-4a3e-9691-17f803db5723
insert into spot (address, description, location, name, score_id, spot_id) values (?, ?, ?, ?, ?, ?)
insert into spot (address, description, location, name, score_id, spot_id) values (NULL, NULL, 'Andeok_myeon', NULL, 678, 744);
2022-10-10 14:33:47.411  INFO 4460 --- [    Test worker] p6spy                                    : #1665380027411 | took 0ms | statement | connection 26| url jdbc:h2:mem:ad3a9e80-f26d-4a3e-9691-17f803db5723
insert into member_spot (member_id, score, spot_id, member_spot_id) values (?, ?, ?, ?)
insert into member_spot (member_id, score, spot_id, member_spot_id) values (20, 0.0, 744, 2768);
2022-10-10 14:33:47.411  INFO 4460 --- [    Test worker] p6spy                                    : #1665380027411 | took 0ms | statement | connection 26| url jdbc:h2:mem:ad3a9e80-f26d-4a3e-9691-17f803db5723
insert into review (content, spot_id, review_id) values (?, ?, ?)
insert into review (content, spot_id, review_id) values ('java.io.StringReader@52b4f893', 669, 680);
2022-10-10 14:33:47.411  INFO 4460 --- [    Test worker] p6spy                                    : #1665380027411 | took 0ms | statement | connection 26| url jdbc:h2:mem:ad3a9e80-f26d-4a3e-9691-17f803db5723
insert into score (facility_rank, facility_score, price_rank, price_score, rank_average, surround_rank, surround_score, view_rank, view_score, score_id) values (?, ?, ?, ?, ?, ?, ?, ?, ?, ?)
insert into score (facility_rank, facility_score, price_rank, price_score, rank_average, surround_rank, surround_score, view_rank, view_score, score_id) values (6.432202804800337, 0.17977589694874618, 2.9267860745397467, 9.00248434669179, 8.74655586981223, 2.0193763095081616, 8.806967531289619, 8.63277212861804, 8.938621185834446, 679);
2022-10-10 14:33:47.411  INFO 4460 --- [    Test worker] p6spy                                    : #1665380027411 | took 0ms | statement | connection 26| url jdbc:h2:mem:ad3a9e80-f26d-4a3e-9691-17f803db5723
insert into picture (spot_id, url, picture_id) values (?, ?, ?)
insert into picture (spot_id, url, picture_id) values (NULL, 'java.io.StringReader@181026b8', 2769);
2022-10-10 14:33:47.411  INFO 4460 --- [    Test worker] p6spy                                    : #1665380027411 | took 0ms | statement | connection 26| url jdbc:h2:mem:ad3a9e80-f26d-4a3e-9691-17f803db5723
insert into picture (spot_id, url, picture_id) values (?, ?, ?)
insert into picture (spot_id, url, picture_id) values (NULL, 'java.io.StringReader@4be67757', 2770);
2022-10-10 14:33:47.411  INFO 4460 --- [    Test worker] p6spy                                    : #1665380027411 | took 0ms | statement | connection 26| url jdbc:h2:mem:ad3a9e80-f26d-4a3e-9691-17f803db5723
insert into picture (spot_id, url, picture_id) values (?, ?, ?)
insert into picture (spot_id, url, picture_id) values (NULL, 'java.io.StringReader@1220eb72', 2771);
2022-10-10 14:33:47.411  INFO 4460 --- [    Test worker] p6spy                                    : #1665380027411 | took 0ms | statement | connection 26| url jdbc:h2:mem:ad3a9e80-f26d-4a3e-9691-17f803db5723
insert into spot (address, description, location, name, score_id, spot_id) values (?, ?, ?, ?, ?, ?)
insert into spot (address, description, location, name, score_id, spot_id) values (NULL, NULL, 'Andeok_myeon', NULL, 679, 745);
2022-10-10 14:33:47.412  INFO 4460 --- [    Test worker] p6spy                                    : #1665380027412 | took 0ms | statement | connection 26| url jdbc:h2:mem:ad3a9e80-f26d-4a3e-9691-17f803db5723
insert into member_spot (member_id, score, spot_id, member_spot_id) values (?, ?, ?, ?)
insert into member_spot (member_id, score, spot_id, member_spot_id) values (20, 0.0, 745, 2772);
2022-10-10 14:33:47.412  INFO 4460 --- [    Test worker] p6spy                                    : #1665380027412 | took 0ms | statement | connection 26| url jdbc:h2:mem:ad3a9e80-f26d-4a3e-9691-17f803db5723
insert into review (content, spot_id, review_id) values (?, ?, ?)
insert into review (content, spot_id, review_id) values ('java.io.StringReader@7dedbcc2', 669, 681);
2022-10-10 14:33:47.412  INFO 4460 --- [    Test worker] p6spy                                    : #1665380027412 | took 0ms | statement | connection 26| url jdbc:h2:mem:ad3a9e80-f26d-4a3e-9691-17f803db5723
insert into favorite_spot (count, favorite_id, spot_id, favorite_spot_id) values (?, ?, ?, ?)
insert into favorite_spot (count, favorite_id, spot_id, favorite_spot_id) values (0, 41, 745, 515);
2022-10-10 14:33:47.412  INFO 4460 --- [    Test worker] p6spy                                    : #1665380027412 | took 0ms | statement | connection 26| url jdbc:h2:mem:ad3a9e80-f26d-4a3e-9691-17f803db5723
insert into score (facility_rank, facility_score, price_rank, price_score, rank_average, surround_rank, surround_score, view_rank, view_score, score_id) values (?, ?, ?, ?, ?, ?, ?, ?, ?, ?)
insert into score (facility_rank, facility_score, price_rank, price_score, rank_average, surround_rank, surround_score, view_rank, view_score, score_id) values (3.914220088724114, 9.229023945077122, 7.66909896538097, 0.04267774741040009, 0.39710595207936183, 9.07707442147504, 5.046050830006035, 0.9744943710674381, 3.582926976774324, 680);
2022-10-10 14:33:47.412  INFO 4460 --- [    Test worker] p6spy                                    : #1665380027412 | took 0ms | statement | connection 26| url jdbc:h2:mem:ad3a9e80-f26d-4a3e-9691-17f803db5723
insert into picture (spot_id, url, picture_id) values (?, ?, ?)
insert into picture (spot_id, url, picture_id) values (NULL, 'java.io.StringReader@1b2adb50', 2773);
2022-10-10 14:33:47.412  INFO 4460 --- [    Test worker] p6spy                                    : #1665380027412 | took 0ms | statement | connection 26| url jdbc:h2:mem:ad3a9e80-f26d-4a3e-9691-17f803db5723
insert into picture (spot_id, url, picture_id) values (?, ?, ?)
insert into picture (spot_id, url, picture_id) values (NULL, 'java.io.StringReader@6ac6ab9c', 2774);
2022-10-10 14:33:47.412  INFO 4460 --- [    Test worker] p6spy                                    : #1665380027412 | took 0ms | statement | connection 26| url jdbc:h2:mem:ad3a9e80-f26d-4a3e-9691-17f803db5723
insert into picture (spot_id, url, picture_id) values (?, ?, ?)
insert into picture (spot_id, url, picture_id) values (NULL, 'java.io.StringReader@7ce72f0e', 2775);
2022-10-10 14:33:47.412  INFO 4460 --- [    Test worker] p6spy                                    : #1665380027412 | took 0ms | statement | connection 26| url jdbc:h2:mem:ad3a9e80-f26d-4a3e-9691-17f803db5723
insert into spot (address, description, location, name, score_id, spot_id) values (?, ?, ?, ?, ?, ?)
insert into spot (address, description, location, name, score_id, spot_id) values (NULL, NULL, 'Andeok_myeon', NULL, 680, 746);
2022-10-10 14:33:47.412  INFO 4460 --- [    Test worker] p6spy                                    : #1665380027412 | took 0ms | statement | connection 26| url jdbc:h2:mem:ad3a9e80-f26d-4a3e-9691-17f803db5723
insert into member_spot (member_id, score, spot_id, member_spot_id) values (?, ?, ?, ?)
insert into member_spot (member_id, score, spot_id, member_spot_id) values (20, 0.0, 746, 2776);
2022-10-10 14:33:47.412  INFO 4460 --- [    Test worker] p6spy                                    : #1665380027412 | took 0ms | statement | connection 26| url jdbc:h2:mem:ad3a9e80-f26d-4a3e-9691-17f803db5723
insert into review (content, spot_id, review_id) values (?, ?, ?)
insert into review (content, spot_id, review_id) values ('java.io.StringReader@2661fef2', 669, 682);
2022-10-10 14:33:47.412  INFO 4460 --- [    Test worker] p6spy                                    : #1665380027412 | took 0ms | statement | connection 26| url jdbc:h2:mem:ad3a9e80-f26d-4a3e-9691-17f803db5723
insert into score (facility_rank, facility_score, price_rank, price_score, rank_average, surround_rank, surround_score, view_rank, view_score, score_id) values (?, ?, ?, ?, ?, ?, ?, ?, ?, ?)
insert into score (facility_rank, facility_score, price_rank, price_score, rank_average, surround_rank, surround_score, view_rank, view_score, score_id) values (6.15992802711925, 8.491162389719939, 0.2701749091288086, 8.993658663686574, 9.82857608350223, 0.8867616483205631, 1.5736373059931807, 9.292771349331487, 5.989747594837919, 681);
2022-10-10 14:33:47.412  INFO 4460 --- [    Test worker] p6spy                                    : #1665380027412 | took 0ms | statement | connection 26| url jdbc:h2:mem:ad3a9e80-f26d-4a3e-9691-17f803db5723
insert into picture (spot_id, url, picture_id) values (?, ?, ?)
insert into picture (spot_id, url, picture_id) values (NULL, 'java.io.StringReader@3adb4757', 2777);
2022-10-10 14:33:47.412  INFO 4460 --- [    Test worker] p6spy                                    : #1665380027412 | took 0ms | statement | connection 26| url jdbc:h2:mem:ad3a9e80-f26d-4a3e-9691-17f803db5723
insert into picture (spot_id, url, picture_id) values (?, ?, ?)
insert into picture (spot_id, url, picture_id) values (NULL, 'java.io.StringReader@56903603', 2778);
2022-10-10 14:33:47.412  INFO 4460 --- [    Test worker] p6spy                                    : #1665380027412 | took 0ms | statement | connection 26| url jdbc:h2:mem:ad3a9e80-f26d-4a3e-9691-17f803db5723
insert into picture (spot_id, url, picture_id) values (?, ?, ?)
insert into picture (spot_id, url, picture_id) values (NULL, 'java.io.StringReader@12289e07', 2779);
2022-10-10 14:33:47.412  INFO 4460 --- [    Test worker] p6spy                                    : #1665380027412 | took 0ms | statement | connection 26| url jdbc:h2:mem:ad3a9e80-f26d-4a3e-9691-17f803db5723
insert into spot (address, description, location, name, score_id, spot_id) values (?, ?, ?, ?, ?, ?)
insert into spot (address, description, location, name, score_id, spot_id) values (NULL, NULL, 'Andeok_myeon', NULL, 681, 747);
2022-10-10 14:33:47.412  INFO 4460 --- [    Test worker] p6spy                                    : #1665380027412 | took 0ms | statement | connection 26| url jdbc:h2:mem:ad3a9e80-f26d-4a3e-9691-17f803db5723
insert into member_spot (member_id, score, spot_id, member_spot_id) values (?, ?, ?, ?)
insert into member_spot (member_id, score, spot_id, member_spot_id) values (20, 0.0, 747, 2780);
2022-10-10 14:33:47.412  INFO 4460 --- [    Test worker] p6spy                                    : #1665380027412 | took 0ms | statement | connection 26| url jdbc:h2:mem:ad3a9e80-f26d-4a3e-9691-17f803db5723
insert into review (content, spot_id, review_id) values (?, ?, ?)
insert into review (content, spot_id, review_id) values ('java.io.StringReader@70f15e94', 669, 683);
2022-10-10 14:33:47.412  INFO 4460 --- [    Test worker] p6spy                                    : #1665380027412 | took 0ms | statement | connection 26| url jdbc:h2:mem:ad3a9e80-f26d-4a3e-9691-17f803db5723
insert into favorite_spot (count, favorite_id, spot_id, favorite_spot_id) values (?, ?, ?, ?)
insert into favorite_spot (count, favorite_id, spot_id, favorite_spot_id) values (0, 41, 747, 516);
2022-10-10 14:33:47.412  INFO 4460 --- [    Test worker] p6spy                                    : #1665380027412 | took 0ms | statement | connection 26| url jdbc:h2:mem:ad3a9e80-f26d-4a3e-9691-17f803db5723
insert into score (facility_rank, facility_score, price_rank, price_score, rank_average, surround_rank, surround_score, view_rank, view_score, score_id) values (?, ?, ?, ?, ?, ?, ?, ?, ?, ?)
insert into score (facility_rank, facility_score, price_rank, price_score, rank_average, surround_rank, surround_score, view_rank, view_score, score_id) values (5.923764381609308, 5.769513875077383, 4.556717150138658, 3.608894895678021, 0.3906142465133067, 0.24400669498017336, 4.780813349971467, 1.5422396275573513, 6.75912966980756, 682);
2022-10-10 14:33:47.412  INFO 4460 --- [    Test worker] p6spy                                    : #1665380027412 | took 0ms | statement | connection 26| url jdbc:h2:mem:ad3a9e80-f26d-4a3e-9691-17f803db5723
insert into picture (spot_id, url, picture_id) values (?, ?, ?)
insert into picture (spot_id, url, picture_id) values (NULL, 'java.io.StringReader@13e87573', 2781);
2022-10-10 14:33:47.412  INFO 4460 --- [    Test worker] p6spy                                    : #1665380027412 | took 0ms | statement | connection 26| url jdbc:h2:mem:ad3a9e80-f26d-4a3e-9691-17f803db5723
insert into picture (spot_id, url, picture_id) values (?, ?, ?)
insert into picture (spot_id, url, picture_id) values (NULL, 'java.io.StringReader@1e3fe21b', 2782);
2022-10-10 14:33:47.412  INFO 4460 --- [    Test worker] p6spy                                    : #1665380027412 | took 0ms | statement | connection 26| url jdbc:h2:mem:ad3a9e80-f26d-4a3e-9691-17f803db5723
insert into picture (spot_id, url, picture_id) values (?, ?, ?)
insert into picture (spot_id, url, picture_id) values (NULL, 'java.io.StringReader@6cc2b21', 2783);
2022-10-10 14:33:47.412  INFO 4460 --- [    Test worker] p6spy                                    : #1665380027412 | took 0ms | statement | connection 26| url jdbc:h2:mem:ad3a9e80-f26d-4a3e-9691-17f803db5723
insert into spot (address, description, location, name, score_id, spot_id) values (?, ?, ?, ?, ?, ?)
insert into spot (address, description, location, name, score_id, spot_id) values (NULL, NULL, 'Andeok_myeon', NULL, 682, 748);
2022-10-10 14:33:47.412  INFO 4460 --- [    Test worker] p6spy                                    : #1665380027412 | took 0ms | statement | connection 26| url jdbc:h2:mem:ad3a9e80-f26d-4a3e-9691-17f803db5723
insert into member_spot (member_id, score, spot_id, member_spot_id) values (?, ?, ?, ?)
insert into member_spot (member_id, score, spot_id, member_spot_id) values (20, 0.0, 748, 2784);
2022-10-10 14:33:47.412  INFO 4460 --- [    Test worker] p6spy                                    : #1665380027412 | took 0ms | statement | connection 26| url jdbc:h2:mem:ad3a9e80-f26d-4a3e-9691-17f803db5723
insert into review (content, spot_id, review_id) values (?, ?, ?)
insert into review (content, spot_id, review_id) values ('java.io.StringReader@1fc814f4', 669, 684);
2022-10-10 14:33:47.412  INFO 4460 --- [    Test worker] p6spy                                    : #1665380027412 | took 0ms | statement | connection 26| url jdbc:h2:mem:ad3a9e80-f26d-4a3e-9691-17f803db5723
insert into score (facility_rank, facility_score, price_rank, price_score, rank_average, surround_rank, surround_score, view_rank, view_score, score_id) values (?, ?, ?, ?, ?, ?, ?, ?, ?, ?)
insert into score (facility_rank, facility_score, price_rank, price_score, rank_average, surround_rank, surround_score, view_rank, view_score, score_id) values (5.827764403058204, 4.111310921381151, 7.79635239661422, 0.2326656025694307, 7.3769764818195505, 7.807551372450278, 3.993802793110015, 7.600997684892905, 7.913276641370856, 683);
2022-10-10 14:33:47.413  INFO 4460 --- [    Test worker] p6spy                                    : #1665380027413 | took 0ms | statement | connection 26| url jdbc:h2:mem:ad3a9e80-f26d-4a3e-9691-17f803db5723
insert into picture (spot_id, url, picture_id) values (?, ?, ?)
insert into picture (spot_id, url, picture_id) values (NULL, 'java.io.StringReader@787edbf6', 2785);
2022-10-10 14:33:47.413  INFO 4460 --- [    Test worker] p6spy                                    : #1665380027413 | took 0ms | statement | connection 26| url jdbc:h2:mem:ad3a9e80-f26d-4a3e-9691-17f803db5723
insert into picture (spot_id, url, picture_id) values (?, ?, ?)
insert into picture (spot_id, url, picture_id) values (NULL, 'java.io.StringReader@12e5e108', 2786);
2022-10-10 14:33:47.413  INFO 4460 --- [    Test worker] p6spy                                    : #1665380027413 | took 0ms | statement | connection 26| url jdbc:h2:mem:ad3a9e80-f26d-4a3e-9691-17f803db5723
insert into picture (spot_id, url, picture_id) values (?, ?, ?)
insert into picture (spot_id, url, picture_id) values (NULL, 'java.io.StringReader@eb7670b', 2787);
2022-10-10 14:33:47.413  INFO 4460 --- [    Test worker] p6spy                                    : #1665380027413 | took 0ms | statement | connection 26| url jdbc:h2:mem:ad3a9e80-f26d-4a3e-9691-17f803db5723
insert into spot (address, description, location, name, score_id, spot_id) values (?, ?, ?, ?, ?, ?)
insert into spot (address, description, location, name, score_id, spot_id) values (NULL, NULL, 'Andeok_myeon', NULL, 683, 749);
2022-10-10 14:33:47.413  INFO 4460 --- [    Test worker] p6spy                                    : #1665380027413 | took 0ms | statement | connection 26| url jdbc:h2:mem:ad3a9e80-f26d-4a3e-9691-17f803db5723
insert into member_spot (member_id, score, spot_id, member_spot_id) values (?, ?, ?, ?)
insert into member_spot (member_id, score, spot_id, member_spot_id) values (20, 0.0, 749, 2788);
2022-10-10 14:33:47.413  INFO 4460 --- [    Test worker] p6spy                                    : #1665380027413 | took 0ms | statement | connection 26| url jdbc:h2:mem:ad3a9e80-f26d-4a3e-9691-17f803db5723
insert into review (content, spot_id, review_id) values (?, ?, ?)
insert into review (content, spot_id, review_id) values ('java.io.StringReader@6ff846f4', 669, 685);
2022-10-10 14:33:47.413  INFO 4460 --- [    Test worker] p6spy                                    : #1665380027413 | took 0ms | statement | connection 26| url jdbc:h2:mem:ad3a9e80-f26d-4a3e-9691-17f803db5723
insert into favorite_spot (count, favorite_id, spot_id, favorite_spot_id) values (?, ?, ?, ?)
insert into favorite_spot (count, favorite_id, spot_id, favorite_spot_id) values (0, 41, 749, 517);
2022-10-10 14:33:47.413  INFO 4460 --- [    Test worker] p6spy                                    : #1665380027413 | took 0ms | statement | connection 26| url jdbc:h2:mem:ad3a9e80-f26d-4a3e-9691-17f803db5723
insert into score (facility_rank, facility_score, price_rank, price_score, rank_average, surround_rank, surround_score, view_rank, view_score, score_id) values (?, ?, ?, ?, ?, ?, ?, ?, ?, ?)
insert into score (facility_rank, facility_score, price_rank, price_score, rank_average, surround_rank, surround_score, view_rank, view_score, score_id) values (3.069121325640982, 8.83900047702955, 7.992660406227293, 3.6875748248305618, 2.0216103238825625, 8.829533064176111, 2.423604782810073, 1.9080253797001279, 6.548058845127478, 684);
2022-10-10 14:33:47.413  INFO 4460 --- [    Test worker] p6spy                                    : #1665380027413 | took 0ms | statement | connection 26| url jdbc:h2:mem:ad3a9e80-f26d-4a3e-9691-17f803db5723
insert into picture (spot_id, url, picture_id) values (?, ?, ?)
insert into picture (spot_id, url, picture_id) values (NULL, 'java.io.StringReader@4a84dfe5', 2789);
2022-10-10 14:33:47.413  INFO 4460 --- [    Test worker] p6spy                                    : #1665380027413 | took 0ms | statement | connection 26| url jdbc:h2:mem:ad3a9e80-f26d-4a3e-9691-17f803db5723
insert into picture (spot_id, url, picture_id) values (?, ?, ?)
insert into picture (spot_id, url, picture_id) values (NULL, 'java.io.StringReader@3882617a', 2790);
2022-10-10 14:33:47.413  INFO 4460 --- [    Test worker] p6spy                                    : #1665380027413 | took 0ms | statement | connection 26| url jdbc:h2:mem:ad3a9e80-f26d-4a3e-9691-17f803db5723
insert into picture (spot_id, url, picture_id) values (?, ?, ?)
insert into picture (spot_id, url, picture_id) values (NULL, 'java.io.StringReader@2055a5cd', 2791);
2022-10-10 14:33:47.413  INFO 4460 --- [    Test worker] p6spy                                    : #1665380027413 | took 0ms | statement | connection 26| url jdbc:h2:mem:ad3a9e80-f26d-4a3e-9691-17f803db5723
insert into spot (address, description, location, name, score_id, spot_id) values (?, ?, ?, ?, ?, ?)
insert into spot (address, description, location, name, score_id, spot_id) values (NULL, NULL, 'Andeok_myeon', NULL, 684, 750);
2022-10-10 14:33:47.413  INFO 4460 --- [    Test worker] p6spy                                    : #1665380027413 | took 0ms | statement | connection 26| url jdbc:h2:mem:ad3a9e80-f26d-4a3e-9691-17f803db5723
insert into member_spot (member_id, score, spot_id, member_spot_id) values (?, ?, ?, ?)
insert into member_spot (member_id, score, spot_id, member_spot_id) values (20, 0.0, 750, 2792);
2022-10-10 14:33:47.413  INFO 4460 --- [    Test worker] p6spy                                    : #1665380027413 | took 0ms | statement | connection 26| url jdbc:h2:mem:ad3a9e80-f26d-4a3e-9691-17f803db5723
insert into review (content, spot_id, review_id) values (?, ?, ?)
insert into review (content, spot_id, review_id) values ('java.io.StringReader@74b0d987', 669, 686);
2022-10-10 14:33:47.413  INFO 4460 --- [    Test worker] p6spy                                    : #1665380027413 | took 0ms | statement | connection 26| url jdbc:h2:mem:ad3a9e80-f26d-4a3e-9691-17f803db5723
insert into score (facility_rank, facility_score, price_rank, price_score, rank_average, surround_rank, surround_score, view_rank, view_score, score_id) values (?, ?, ?, ?, ?, ?, ?, ?, ?, ?)
insert into score (facility_rank, facility_score, price_rank, price_score, rank_average, surround_rank, surround_score, view_rank, view_score, score_id) values (7.746957068203511, 8.410786422570908, 0.987916373974046, 3.8368699388291985, 6.805476527906765, 6.5481738090434085, 3.7829572707756975, 0.2514865583997483, 1.499585913791911, 685);
2022-10-10 14:33:47.413  INFO 4460 --- [    Test worker] p6spy                                    : #1665380027413 | took 0ms | statement | connection 26| url jdbc:h2:mem:ad3a9e80-f26d-4a3e-9691-17f803db5723
insert into picture (spot_id, url, picture_id) values (?, ?, ?)
insert into picture (spot_id, url, picture_id) values (NULL, 'java.io.StringReader@76eb0a17', 2793);
2022-10-10 14:33:47.413  INFO 4460 --- [    Test worker] p6spy                                    : #1665380027413 | took 0ms | statement | connection 26| url jdbc:h2:mem:ad3a9e80-f26d-4a3e-9691-17f803db5723
insert into picture (spot_id, url, picture_id) values (?, ?, ?)
insert into picture (spot_id, url, picture_id) values (NULL, 'java.io.StringReader@7d1ec8bc', 2794);
2022-10-10 14:33:47.413  INFO 4460 --- [    Test worker] p6spy                                    : #1665380027413 | took 0ms | statement | connection 26| url jdbc:h2:mem:ad3a9e80-f26d-4a3e-9691-17f803db5723
insert into picture (spot_id, url, picture_id) values (?, ?, ?)
insert into picture (spot_id, url, picture_id) values (NULL, 'java.io.StringReader@411b7c96', 2795);
2022-10-10 14:33:47.413  INFO 4460 --- [    Test worker] p6spy                                    : #1665380027413 | took 0ms | statement | connection 26| url jdbc:h2:mem:ad3a9e80-f26d-4a3e-9691-17f803db5723
insert into spot (address, description, location, name, score_id, spot_id) values (?, ?, ?, ?, ?, ?)
insert into spot (address, description, location, name, score_id, spot_id) values (NULL, NULL, 'Andeok_myeon', NULL, 685, 751);
2022-10-10 14:33:47.413  INFO 4460 --- [    Test worker] p6spy                                    : #1665380027413 | took 0ms | statement | connection 26| url jdbc:h2:mem:ad3a9e80-f26d-4a3e-9691-17f803db5723
insert into member_spot (member_id, score, spot_id, member_spot_id) values (?, ?, ?, ?)
insert into member_spot (member_id, score, spot_id, member_spot_id) values (20, 0.0, 751, 2796);
2022-10-10 14:33:47.413  INFO 4460 --- [    Test worker] p6spy                                    : #1665380027413 | took 0ms | statement | connection 26| url jdbc:h2:mem:ad3a9e80-f26d-4a3e-9691-17f803db5723
insert into review (content, spot_id, review_id) values (?, ?, ?)
insert into review (content, spot_id, review_id) values ('java.io.StringReader@58eed8cc', 669, 687);
2022-10-10 14:33:47.413  INFO 4460 --- [    Test worker] p6spy                                    : #1665380027413 | took 0ms | statement | connection 26| url jdbc:h2:mem:ad3a9e80-f26d-4a3e-9691-17f803db5723
insert into favorite_spot (count, favorite_id, spot_id, favorite_spot_id) values (?, ?, ?, ?)
insert into favorite_spot (count, favorite_id, spot_id, favorite_spot_id) values (0, 41, 751, 518);
2022-10-10 14:33:47.413  INFO 4460 --- [    Test worker] p6spy                                    : #1665380027413 | took 0ms | statement | connection 26| url jdbc:h2:mem:ad3a9e80-f26d-4a3e-9691-17f803db5723
insert into score (facility_rank, facility_score, price_rank, price_score, rank_average, surround_rank, surround_score, view_rank, view_score, score_id) values (?, ?, ?, ?, ?, ?, ?, ?, ?, ?)
insert into score (facility_rank, facility_score, price_rank, price_score, rank_average, surround_rank, surround_score, view_rank, view_score, score_id) values (6.1910074015181085, 1.3378785603139187, 0.1052036799241074, 4.434389867116343, 6.843039504668499, 2.6395909296896356, 4.628602602356015, 4.413810049176952, 2.5031288238674287, 686);
2022-10-10 14:33:47.413  INFO 4460 --- [    Test worker] p6spy                                    : #1665380027413 | took 0ms | statement | connection 26| url jdbc:h2:mem:ad3a9e80-f26d-4a3e-9691-17f803db5723
insert into picture (spot_id, url, picture_id) values (?, ?, ?)
insert into picture (spot_id, url, picture_id) values (NULL, 'java.io.StringReader@fb0634b', 2797);
2022-10-10 14:33:47.413  INFO 4460 --- [    Test worker] p6spy                                    : #1665380027413 | took 0ms | statement | connection 26| url jdbc:h2:mem:ad3a9e80-f26d-4a3e-9691-17f803db5723
insert into picture (spot_id, url, picture_id) values (?, ?, ?)
insert into picture (spot_id, url, picture_id) values (NULL, 'java.io.StringReader@2945ae72', 2798);
2022-10-10 14:33:47.413  INFO 4460 --- [    Test worker] p6spy                                    : #1665380027413 | took 0ms | statement | connection 26| url jdbc:h2:mem:ad3a9e80-f26d-4a3e-9691-17f803db5723
insert into picture (spot_id, url, picture_id) values (?, ?, ?)
insert into picture (spot_id, url, picture_id) values (NULL, 'java.io.StringReader@51fe9577', 2799);
2022-10-10 14:33:47.413  INFO 4460 --- [    Test worker] p6spy                                    : #1665380027413 | took 0ms | statement | connection 26| url jdbc:h2:mem:ad3a9e80-f26d-4a3e-9691-17f803db5723
insert into spot (address, description, location, name, score_id, spot_id) values (?, ?, ?, ?, ?, ?)
insert into spot (address, description, location, name, score_id, spot_id) values (NULL, NULL, 'Andeok_myeon', NULL, 686, 752);
2022-10-10 14:33:47.413  INFO 4460 --- [    Test worker] p6spy                                    : #1665380027413 | took 0ms | statement | connection 26| url jdbc:h2:mem:ad3a9e80-f26d-4a3e-9691-17f803db5723
insert into member_spot (member_id, score, spot_id, member_spot_id) values (?, ?, ?, ?)
insert into member_spot (member_id, score, spot_id, member_spot_id) values (20, 0.0, 752, 2800);
2022-10-10 14:33:47.413  INFO 4460 --- [    Test worker] p6spy                                    : #1665380027413 | took 0ms | statement | connection 26| url jdbc:h2:mem:ad3a9e80-f26d-4a3e-9691-17f803db5723
insert into review (content, spot_id, review_id) values (?, ?, ?)
insert into review (content, spot_id, review_id) values ('java.io.StringReader@7f55a981', 669, 688);
2022-10-10 14:33:47.413  INFO 4460 --- [    Test worker] p6spy                                    : #1665380027413 | took 0ms | statement | connection 26| url jdbc:h2:mem:ad3a9e80-f26d-4a3e-9691-17f803db5723
insert into score (facility_rank, facility_score, price_rank, price_score, rank_average, surround_rank, surround_score, view_rank, view_score, score_id) values (?, ?, ?, ?, ?, ?, ?, ?, ?, ?)
insert into score (facility_rank, facility_score, price_rank, price_score, rank_average, surround_rank, surround_score, view_rank, view_score, score_id) values (5.826915970316372, 5.065354902510462, 6.3265798704901215, 9.031116170490044, 2.156764251205807, 3.3713912360822142, 1.9014407674857359, 9.687649060918039, 2.544336783512441, 687);
2022-10-10 14:33:47.414  INFO 4460 --- [    Test worker] p6spy                                    : #1665380027414 | took 0ms | statement | connection 26| url jdbc:h2:mem:ad3a9e80-f26d-4a3e-9691-17f803db5723
insert into picture (spot_id, url, picture_id) values (?, ?, ?)
insert into picture (spot_id, url, picture_id) values (NULL, 'java.io.StringReader@3720c2ec', 2801);
2022-10-10 14:33:47.414  INFO 4460 --- [    Test worker] p6spy                                    : #1665380027414 | took 0ms | statement | connection 26| url jdbc:h2:mem:ad3a9e80-f26d-4a3e-9691-17f803db5723
insert into picture (spot_id, url, picture_id) values (?, ?, ?)
insert into picture (spot_id, url, picture_id) values (NULL, 'java.io.StringReader@5230368b', 2802);
2022-10-10 14:33:47.414  INFO 4460 --- [    Test worker] p6spy                                    : #1665380027414 | took 0ms | statement | connection 26| url jdbc:h2:mem:ad3a9e80-f26d-4a3e-9691-17f803db5723
insert into picture (spot_id, url, picture_id) values (?, ?, ?)
insert into picture (spot_id, url, picture_id) values (NULL, 'java.io.StringReader@4519306e', 2803);
2022-10-10 14:33:47.414  INFO 4460 --- [    Test worker] p6spy                                    : #1665380027414 | took 0ms | statement | connection 26| url jdbc:h2:mem:ad3a9e80-f26d-4a3e-9691-17f803db5723
insert into spot (address, description, location, name, score_id, spot_id) values (?, ?, ?, ?, ?, ?)
insert into spot (address, description, location, name, score_id, spot_id) values (NULL, NULL, 'Andeok_myeon', NULL, 687, 753);
2022-10-10 14:33:47.414  INFO 4460 --- [    Test worker] p6spy                                    : #1665380027414 | took 0ms | statement | connection 26| url jdbc:h2:mem:ad3a9e80-f26d-4a3e-9691-17f803db5723
insert into member_spot (member_id, score, spot_id, member_spot_id) values (?, ?, ?, ?)
insert into member_spot (member_id, score, spot_id, member_spot_id) values (20, 0.0, 753, 2804);
2022-10-10 14:33:47.414  INFO 4460 --- [    Test worker] p6spy                                    : #1665380027414 | took 0ms | statement | connection 26| url jdbc:h2:mem:ad3a9e80-f26d-4a3e-9691-17f803db5723
insert into review (content, spot_id, review_id) values (?, ?, ?)
insert into review (content, spot_id, review_id) values ('java.io.StringReader@355e10d7', 669, 689);
2022-10-10 14:33:47.414  INFO 4460 --- [    Test worker] p6spy                                    : #1665380027414 | took 0ms | statement | connection 26| url jdbc:h2:mem:ad3a9e80-f26d-4a3e-9691-17f803db5723
insert into favorite_spot (count, favorite_id, spot_id, favorite_spot_id) values (?, ?, ?, ?)
insert into favorite_spot (count, favorite_id, spot_id, favorite_spot_id) values (0, 41, 753, 519);
2022-10-10 14:33:47.414  INFO 4460 --- [    Test worker] p6spy                                    : #1665380027414 | took 0ms | statement | connection 26| url jdbc:h2:mem:ad3a9e80-f26d-4a3e-9691-17f803db5723
insert into score (facility_rank, facility_score, price_rank, price_score, rank_average, surround_rank, surround_score, view_rank, view_score, score_id) values (?, ?, ?, ?, ?, ?, ?, ?, ?, ?)
insert into score (facility_rank, facility_score, price_rank, price_score, rank_average, surround_rank, surround_score, view_rank, view_score, score_id) values (3.852540280492117, 5.428901742927719, 0.11838915222301294, 3.4932493740849715, 3.458818376954852, 6.366629076298497, 0.8382000906767806, 3.5586298187671273, 3.771879201241707, 688);
2022-10-10 14:33:47.414  INFO 4460 --- [    Test worker] p6spy                                    : #1665380027414 | took 0ms | statement | connection 26| url jdbc:h2:mem:ad3a9e80-f26d-4a3e-9691-17f803db5723
insert into picture (spot_id, url, picture_id) values (?, ?, ?)
insert into picture (spot_id, url, picture_id) values (NULL, 'java.io.StringReader@5227e657', 2805);
2022-10-10 14:33:47.414  INFO 4460 --- [    Test worker] p6spy                                    : #1665380027414 | took 0ms | statement | connection 26| url jdbc:h2:mem:ad3a9e80-f26d-4a3e-9691-17f803db5723
insert into picture (spot_id, url, picture_id) values (?, ?, ?)
insert into picture (spot_id, url, picture_id) values (NULL, 'java.io.StringReader@3ad3a616', 2806);
2022-10-10 14:33:47.414  INFO 4460 --- [    Test worker] p6spy                                    : #1665380027414 | took 0ms | statement | connection 26| url jdbc:h2:mem:ad3a9e80-f26d-4a3e-9691-17f803db5723
insert into picture (spot_id, url, picture_id) values (?, ?, ?)
insert into picture (spot_id, url, picture_id) values (NULL, 'java.io.StringReader@456a9421', 2807);
2022-10-10 14:33:47.414  INFO 4460 --- [    Test worker] p6spy                                    : #1665380027414 | took 0ms | statement | connection 26| url jdbc:h2:mem:ad3a9e80-f26d-4a3e-9691-17f803db5723
insert into spot (address, description, location, name, score_id, spot_id) values (?, ?, ?, ?, ?, ?)
insert into spot (address, description, location, name, score_id, spot_id) values (NULL, NULL, 'Andeok_myeon', NULL, 688, 754);
2022-10-10 14:33:47.414  INFO 4460 --- [    Test worker] p6spy                                    : #1665380027414 | took 0ms | statement | connection 26| url jdbc:h2:mem:ad3a9e80-f26d-4a3e-9691-17f803db5723
insert into member_spot (member_id, score, spot_id, member_spot_id) values (?, ?, ?, ?)
insert into member_spot (member_id, score, spot_id, member_spot_id) values (20, 0.0, 754, 2808);
2022-10-10 14:33:47.414  INFO 4460 --- [    Test worker] p6spy                                    : #1665380027414 | took 0ms | statement | connection 26| url jdbc:h2:mem:ad3a9e80-f26d-4a3e-9691-17f803db5723
insert into review (content, spot_id, review_id) values (?, ?, ?)
insert into review (content, spot_id, review_id) values ('java.io.StringReader@66140c8b', 669, 690);
2022-10-10 14:33:47.414  INFO 4460 --- [    Test worker] p6spy                                    : #1665380027414 | took 0ms | statement | connection 26| url jdbc:h2:mem:ad3a9e80-f26d-4a3e-9691-17f803db5723
insert into score (facility_rank, facility_score, price_rank, price_score, rank_average, surround_rank, surround_score, view_rank, view_score, score_id) values (?, ?, ?, ?, ?, ?, ?, ?, ?, ?)
insert into score (facility_rank, facility_score, price_rank, price_score, rank_average, surround_rank, surround_score, view_rank, view_score, score_id) values (3.0915722772349463, 5.025963968367339, 3.9039532467273763, 0.82662507628531, 1.270006427363518, 5.4007807130365295, 1.7292041979531614, 5.376187294201047, 1.1933312830708087, 689);
2022-10-10 14:33:47.414  INFO 4460 --- [    Test worker] p6spy                                    : #1665380027414 | took 0ms | statement | connection 26| url jdbc:h2:mem:ad3a9e80-f26d-4a3e-9691-17f803db5723
insert into picture (spot_id, url, picture_id) values (?, ?, ?)
insert into picture (spot_id, url, picture_id) values (NULL, 'java.io.StringReader@1b866475', 2809);
2022-10-10 14:33:47.414  INFO 4460 --- [    Test worker] p6spy                                    : #1665380027414 | took 0ms | statement | connection 26| url jdbc:h2:mem:ad3a9e80-f26d-4a3e-9691-17f803db5723
insert into picture (spot_id, url, picture_id) values (?, ?, ?)
insert into picture (spot_id, url, picture_id) values (NULL, 'java.io.StringReader@48f21fa3', 2810);
2022-10-10 14:33:47.414  INFO 4460 --- [    Test worker] p6spy                                    : #1665380027414 | took 0ms | statement | connection 26| url jdbc:h2:mem:ad3a9e80-f26d-4a3e-9691-17f803db5723
insert into picture (spot_id, url, picture_id) values (?, ?, ?)
insert into picture (spot_id, url, picture_id) values (NULL, 'java.io.StringReader@403b0010', 2811);
2022-10-10 14:33:47.414  INFO 4460 --- [    Test worker] p6spy                                    : #1665380027414 | took 0ms | statement | connection 26| url jdbc:h2:mem:ad3a9e80-f26d-4a3e-9691-17f803db5723
insert into spot (address, description, location, name, score_id, spot_id) values (?, ?, ?, ?, ?, ?)
insert into spot (address, description, location, name, score_id, spot_id) values (NULL, NULL, 'Andeok_myeon', NULL, 689, 755);
2022-10-10 14:33:47.414  INFO 4460 --- [    Test worker] p6spy                                    : #1665380027414 | took 0ms | statement | connection 26| url jdbc:h2:mem:ad3a9e80-f26d-4a3e-9691-17f803db5723
insert into member_spot (member_id, score, spot_id, member_spot_id) values (?, ?, ?, ?)
insert into member_spot (member_id, score, spot_id, member_spot_id) values (20, 0.0, 755, 2812);
2022-10-10 14:33:47.414  INFO 4460 --- [    Test worker] p6spy                                    : #1665380027414 | took 0ms | statement | connection 26| url jdbc:h2:mem:ad3a9e80-f26d-4a3e-9691-17f803db5723
insert into review (content, spot_id, review_id) values (?, ?, ?)
insert into review (content, spot_id, review_id) values ('java.io.StringReader@26d899a0', 669, 691);
2022-10-10 14:33:47.414  INFO 4460 --- [    Test worker] p6spy                                    : #1665380027414 | took 0ms | statement | connection 26| url jdbc:h2:mem:ad3a9e80-f26d-4a3e-9691-17f803db5723
insert into favorite_spot (count, favorite_id, spot_id, favorite_spot_id) values (?, ?, ?, ?)
insert into favorite_spot (count, favorite_id, spot_id, favorite_spot_id) values (0, 41, 755, 520);
2022-10-10 14:33:47.414  INFO 4460 --- [    Test worker] p6spy                                    : #1665380027414 | took 0ms | statement | connection 26| url jdbc:h2:mem:ad3a9e80-f26d-4a3e-9691-17f803db5723
insert into score (facility_rank, facility_score, price_rank, price_score, rank_average, surround_rank, surround_score, view_rank, view_score, score_id) values (?, ?, ?, ?, ?, ?, ?, ?, ?, ?)
insert into score (facility_rank, facility_score, price_rank, price_score, rank_average, surround_rank, surround_score, view_rank, view_score, score_id) values (4.915498733155453, 7.414101028342406, 2.218670249353761, 2.7633523591658493, 5.8416201929972775, 8.797864552536485, 0.723320177735226, 2.0629930804967254, 3.5727636152180517, 690);
2022-10-10 14:33:47.414  INFO 4460 --- [    Test worker] p6spy                                    : #1665380027414 | took 0ms | statement | connection 26| url jdbc:h2:mem:ad3a9e80-f26d-4a3e-9691-17f803db5723
insert into picture (spot_id, url, picture_id) values (?, ?, ?)
insert into picture (spot_id, url, picture_id) values (NULL, 'java.io.StringReader@73cb9bad', 2813);
2022-10-10 14:33:47.414  INFO 4460 --- [    Test worker] p6spy                                    : #1665380027414 | took 0ms | statement | connection 26| url jdbc:h2:mem:ad3a9e80-f26d-4a3e-9691-17f803db5723
insert into picture (spot_id, url, picture_id) values (?, ?, ?)
insert into picture (spot_id, url, picture_id) values (NULL, 'java.io.StringReader@3427fb95', 2814);
2022-10-10 14:33:47.414  INFO 4460 --- [    Test worker] p6spy                                    : #1665380027414 | took 0ms | statement | connection 26| url jdbc:h2:mem:ad3a9e80-f26d-4a3e-9691-17f803db5723
insert into picture (spot_id, url, picture_id) values (?, ?, ?)
insert into picture (spot_id, url, picture_id) values (NULL, 'java.io.StringReader@19f5df9d', 2815);
2022-10-10 14:33:47.414  INFO 4460 --- [    Test worker] p6spy                                    : #1665380027414 | took 0ms | statement | connection 26| url jdbc:h2:mem:ad3a9e80-f26d-4a3e-9691-17f803db5723
insert into spot (address, description, location, name, score_id, spot_id) values (?, ?, ?, ?, ?, ?)
insert into spot (address, description, location, name, score_id, spot_id) values (NULL, NULL, 'Andeok_myeon', NULL, 690, 756);
2022-10-10 14:33:47.414  INFO 4460 --- [    Test worker] p6spy                                    : #1665380027414 | took 0ms | statement | connection 26| url jdbc:h2:mem:ad3a9e80-f26d-4a3e-9691-17f803db5723
insert into member_spot (member_id, score, spot_id, member_spot_id) values (?, ?, ?, ?)
insert into member_spot (member_id, score, spot_id, member_spot_id) values (20, 0.0, 756, 2816);
2022-10-10 14:33:47.414  INFO 4460 --- [    Test worker] p6spy                                    : #1665380027414 | took 0ms | statement | connection 26| url jdbc:h2:mem:ad3a9e80-f26d-4a3e-9691-17f803db5723
insert into review (content, spot_id, review_id) values (?, ?, ?)
insert into review (content, spot_id, review_id) values ('java.io.StringReader@413ba79b', 669, 692);
2022-10-10 14:33:47.414  INFO 4460 --- [    Test worker] p6spy                                    : #1665380027414 | took 0ms | statement | connection 26| url jdbc:h2:mem:ad3a9e80-f26d-4a3e-9691-17f803db5723
insert into score (facility_rank, facility_score, price_rank, price_score, rank_average, surround_rank, surround_score, view_rank, view_score, score_id) values (?, ?, ?, ?, ?, ?, ?, ?, ?, ?)
insert into score (facility_rank, facility_score, price_rank, price_score, rank_average, surround_rank, surround_score, view_rank, view_score, score_id) values (1.1744388150609808, 6.974490273287839, 6.626874921655704, 3.5151617030201887, 6.081038244017107, 7.266754002422584, 8.306392077134486, 5.5663819960913985, 4.367422263485703, 691);
2022-10-10 14:33:47.414  INFO 4460 --- [    Test worker] p6spy                                    : #1665380027414 | took 0ms | statement | connection 26| url jdbc:h2:mem:ad3a9e80-f26d-4a3e-9691-17f803db5723
insert into picture (spot_id, url, picture_id) values (?, ?, ?)
insert into picture (spot_id, url, picture_id) values (NULL, 'java.io.StringReader@32ccb288', 2817);
2022-10-10 14:33:47.414  INFO 4460 --- [    Test worker] p6spy                                    : #1665380027414 | took 0ms | statement | connection 26| url jdbc:h2:mem:ad3a9e80-f26d-4a3e-9691-17f803db5723
insert into picture (spot_id, url, picture_id) values (?, ?, ?)
insert into picture (spot_id, url, picture_id) values (NULL, 'java.io.StringReader@53b1a807', 2818);
2022-10-10 14:33:47.414  INFO 4460 --- [    Test worker] p6spy                                    : #1665380027414 | took 0ms | statement | connection 26| url jdbc:h2:mem:ad3a9e80-f26d-4a3e-9691-17f803db5723
insert into picture (spot_id, url, picture_id) values (?, ?, ?)
insert into picture (spot_id, url, picture_id) values (NULL, 'java.io.StringReader@190ed278', 2819);
2022-10-10 14:33:47.414  INFO 4460 --- [    Test worker] p6spy                                    : #1665380027414 | took 0ms | statement | connection 26| url jdbc:h2:mem:ad3a9e80-f26d-4a3e-9691-17f803db5723
insert into spot (address, description, location, name, score_id, spot_id) values (?, ?, ?, ?, ?, ?)
insert into spot (address, description, location, name, score_id, spot_id) values (NULL, NULL, 'Andeok_myeon', NULL, 691, 757);
2022-10-10 14:33:47.415  INFO 4460 --- [    Test worker] p6spy                                    : #1665380027415 | took 0ms | statement | connection 26| url jdbc:h2:mem:ad3a9e80-f26d-4a3e-9691-17f803db5723
insert into member_spot (member_id, score, spot_id, member_spot_id) values (?, ?, ?, ?)
insert into member_spot (member_id, score, spot_id, member_spot_id) values (20, 0.0, 757, 2820);
2022-10-10 14:33:47.415  INFO 4460 --- [    Test worker] p6spy                                    : #1665380027415 | took 0ms | statement | connection 26| url jdbc:h2:mem:ad3a9e80-f26d-4a3e-9691-17f803db5723
insert into review (content, spot_id, review_id) values (?, ?, ?)
insert into review (content, spot_id, review_id) values ('java.io.StringReader@7ab571c3', 669, 693);
2022-10-10 14:33:47.415  INFO 4460 --- [    Test worker] p6spy                                    : #1665380027415 | took 0ms | statement | connection 26| url jdbc:h2:mem:ad3a9e80-f26d-4a3e-9691-17f803db5723
insert into favorite_spot (count, favorite_id, spot_id, favorite_spot_id) values (?, ?, ?, ?)
insert into favorite_spot (count, favorite_id, spot_id, favorite_spot_id) values (0, 41, 757, 521);
2022-10-10 14:33:47.415  INFO 4460 --- [    Test worker] p6spy                                    : #1665380027415 | took 0ms | statement | connection 26| url jdbc:h2:mem:ad3a9e80-f26d-4a3e-9691-17f803db5723
insert into score (facility_rank, facility_score, price_rank, price_score, rank_average, surround_rank, surround_score, view_rank, view_score, score_id) values (?, ?, ?, ?, ?, ?, ?, ?, ?, ?)
insert into score (facility_rank, facility_score, price_rank, price_score, rank_average, surround_rank, surround_score, view_rank, view_score, score_id) values (5.63693497209004, 1.9251548876869873, 9.70550577712505, 5.096862786002815, 1.9917678135081718, 3.5065051268488667, 6.633586280074377, 6.046579943310136, 7.795076873847878, 692);
2022-10-10 14:33:47.415  INFO 4460 --- [    Test worker] p6spy                                    : #1665380027415 | took 0ms | statement | connection 26| url jdbc:h2:mem:ad3a9e80-f26d-4a3e-9691-17f803db5723
insert into picture (spot_id, url, picture_id) values (?, ?, ?)
insert into picture (spot_id, url, picture_id) values (NULL, 'java.io.StringReader@408664b5', 2821);
2022-10-10 14:33:47.415  INFO 4460 --- [    Test worker] p6spy                                    : #1665380027415 | took 0ms | statement | connection 26| url jdbc:h2:mem:ad3a9e80-f26d-4a3e-9691-17f803db5723
insert into picture (spot_id, url, picture_id) values (?, ?, ?)
insert into picture (spot_id, url, picture_id) values (NULL, 'java.io.StringReader@33f957ae', 2822);
2022-10-10 14:33:47.415  INFO 4460 --- [    Test worker] p6spy                                    : #1665380027415 | took 0ms | statement | connection 26| url jdbc:h2:mem:ad3a9e80-f26d-4a3e-9691-17f803db5723
insert into picture (spot_id, url, picture_id) values (?, ?, ?)
insert into picture (spot_id, url, picture_id) values (NULL, 'java.io.StringReader@35da72fa', 2823);
2022-10-10 14:33:47.415  INFO 4460 --- [    Test worker] p6spy                                    : #1665380027415 | took 0ms | statement | connection 26| url jdbc:h2:mem:ad3a9e80-f26d-4a3e-9691-17f803db5723
insert into spot (address, description, location, name, score_id, spot_id) values (?, ?, ?, ?, ?, ?)
insert into spot (address, description, location, name, score_id, spot_id) values (NULL, NULL, 'Andeok_myeon', NULL, 692, 758);
2022-10-10 14:33:47.415  INFO 4460 --- [    Test worker] p6spy                                    : #1665380027415 | took 0ms | statement | connection 26| url jdbc:h2:mem:ad3a9e80-f26d-4a3e-9691-17f803db5723
insert into member_spot (member_id, score, spot_id, member_spot_id) values (?, ?, ?, ?)
insert into member_spot (member_id, score, spot_id, member_spot_id) values (20, 0.0, 758, 2824);
2022-10-10 14:33:47.415  INFO 4460 --- [    Test worker] p6spy                                    : #1665380027415 | took 0ms | statement | connection 26| url jdbc:h2:mem:ad3a9e80-f26d-4a3e-9691-17f803db5723
insert into review (content, spot_id, review_id) values (?, ?, ?)
insert into review (content, spot_id, review_id) values ('java.io.StringReader@255bd2eb', 669, 694);
2022-10-10 14:33:47.415  INFO 4460 --- [    Test worker] p6spy                                    : #1665380027415 | took 0ms | statement | connection 26| url jdbc:h2:mem:ad3a9e80-f26d-4a3e-9691-17f803db5723
insert into score (facility_rank, facility_score, price_rank, price_score, rank_average, surround_rank, surround_score, view_rank, view_score, score_id) values (?, ?, ?, ?, ?, ?, ?, ?, ?, ?)
insert into score (facility_rank, facility_score, price_rank, price_score, rank_average, surround_rank, surround_score, view_rank, view_score, score_id) values (4.051117580451608, 2.963563109120091, 0.10816755576317894, 1.3342790984598307, 3.828240992851085, 5.499375090094261, 7.270355740062469, 8.197912943431282, 0.5379873271584035, 693);
2022-10-10 14:33:47.415  INFO 4460 --- [    Test worker] p6spy                                    : #1665380027415 | took 0ms | statement | connection 26| url jdbc:h2:mem:ad3a9e80-f26d-4a3e-9691-17f803db5723
insert into picture (spot_id, url, picture_id) values (?, ?, ?)
insert into picture (spot_id, url, picture_id) values (NULL, 'java.io.StringReader@520021aa', 2825);
2022-10-10 14:33:47.415  INFO 4460 --- [    Test worker] p6spy                                    : #1665380027415 | took 0ms | statement | connection 26| url jdbc:h2:mem:ad3a9e80-f26d-4a3e-9691-17f803db5723
insert into picture (spot_id, url, picture_id) values (?, ?, ?)
insert into picture (spot_id, url, picture_id) values (NULL, 'java.io.StringReader@2b7987d7', 2826);
2022-10-10 14:33:47.415  INFO 4460 --- [    Test worker] p6spy                                    : #1665380027415 | took 0ms | statement | connection 26| url jdbc:h2:mem:ad3a9e80-f26d-4a3e-9691-17f803db5723
insert into picture (spot_id, url, picture_id) values (?, ?, ?)
insert into picture (spot_id, url, picture_id) values (NULL, 'java.io.StringReader@5ac1e6ee', 2827);
2022-10-10 14:33:47.415  INFO 4460 --- [    Test worker] p6spy                                    : #1665380027415 | took 0ms | statement | connection 26| url jdbc:h2:mem:ad3a9e80-f26d-4a3e-9691-17f803db5723
insert into spot (address, description, location, name, score_id, spot_id) values (?, ?, ?, ?, ?, ?)
insert into spot (address, description, location, name, score_id, spot_id) values (NULL, NULL, 'Andeok_myeon', NULL, 693, 759);
2022-10-10 14:33:47.415  INFO 4460 --- [    Test worker] p6spy                                    : #1665380027415 | took 0ms | statement | connection 26| url jdbc:h2:mem:ad3a9e80-f26d-4a3e-9691-17f803db5723
insert into member_spot (member_id, score, spot_id, member_spot_id) values (?, ?, ?, ?)
insert into member_spot (member_id, score, spot_id, member_spot_id) values (20, 0.0, 759, 2828);
2022-10-10 14:33:47.415  INFO 4460 --- [    Test worker] p6spy                                    : #1665380027415 | took 0ms | statement | connection 26| url jdbc:h2:mem:ad3a9e80-f26d-4a3e-9691-17f803db5723
insert into review (content, spot_id, review_id) values (?, ?, ?)
insert into review (content, spot_id, review_id) values ('java.io.StringReader@3ca', 669, 695);
2022-10-10 14:33:47.415  INFO 4460 --- [    Test worker] p6spy                                    : #1665380027415 | took 0ms | statement | connection 26| url jdbc:h2:mem:ad3a9e80-f26d-4a3e-9691-17f803db5723
insert into favorite_spot (count, favorite_id, spot_id, favorite_spot_id) values (?, ?, ?, ?)
insert into favorite_spot (count, favorite_id, spot_id, favorite_spot_id) values (0, 41, 759, 522);
2022-10-10 14:33:47.415  INFO 4460 --- [    Test worker] p6spy                                    : #1665380027415 | took 0ms | statement | connection 26| url jdbc:h2:mem:ad3a9e80-f26d-4a3e-9691-17f803db5723
insert into score (facility_rank, facility_score, price_rank, price_score, rank_average, surround_rank, surround_score, view_rank, view_score, score_id) values (?, ?, ?, ?, ?, ?, ?, ?, ?, ?)
insert into score (facility_rank, facility_score, price_rank, price_score, rank_average, surround_rank, surround_score, view_rank, view_score, score_id) values (4.901392219788873, 6.323250916856188, 5.703398841326287, 7.994127687891684, 9.079636151461298, 2.203218132412139, 8.277935341372327, 5.579811974680515, 4.463017786854936, 694);
2022-10-10 14:33:47.415  INFO 4460 --- [    Test worker] p6spy                                    : #1665380027415 | took 0ms | statement | connection 26| url jdbc:h2:mem:ad3a9e80-f26d-4a3e-9691-17f803db5723
insert into picture (spot_id, url, picture_id) values (?, ?, ?)
insert into picture (spot_id, url, picture_id) values (NULL, 'java.io.StringReader@7b213a09', 2829);
2022-10-10 14:33:47.415  INFO 4460 --- [    Test worker] p6spy                                    : #1665380027415 | took 0ms | statement | connection 26| url jdbc:h2:mem:ad3a9e80-f26d-4a3e-9691-17f803db5723
insert into picture (spot_id, url, picture_id) values (?, ?, ?)
insert into picture (spot_id, url, picture_id) values (NULL, 'java.io.StringReader@11204840', 2830);
2022-10-10 14:33:47.415  INFO 4460 --- [    Test worker] p6spy                                    : #1665380027415 | took 0ms | statement | connection 26| url jdbc:h2:mem:ad3a9e80-f26d-4a3e-9691-17f803db5723
insert into picture (spot_id, url, picture_id) values (?, ?, ?)
insert into picture (spot_id, url, picture_id) values (NULL, 'java.io.StringReader@2ec0e732', 2831);
2022-10-10 14:33:47.415  INFO 4460 --- [    Test worker] p6spy                                    : #1665380027415 | took 0ms | statement | connection 26| url jdbc:h2:mem:ad3a9e80-f26d-4a3e-9691-17f803db5723
insert into spot (address, description, location, name, score_id, spot_id) values (?, ?, ?, ?, ?, ?)
insert into spot (address, description, location, name, score_id, spot_id) values (NULL, NULL, 'Andeok_myeon', NULL, 694, 760);
2022-10-10 14:33:47.415  INFO 4460 --- [    Test worker] p6spy                                    : #1665380027415 | took 0ms | statement | connection 26| url jdbc:h2:mem:ad3a9e80-f26d-4a3e-9691-17f803db5723
insert into member_spot (member_id, score, spot_id, member_spot_id) values (?, ?, ?, ?)
insert into member_spot (member_id, score, spot_id, member_spot_id) values (20, 0.0, 760, 2832);
2022-10-10 14:33:47.415  INFO 4460 --- [    Test worker] p6spy                                    : #1665380027415 | took 0ms | statement | connection 26| url jdbc:h2:mem:ad3a9e80-f26d-4a3e-9691-17f803db5723
insert into review (content, spot_id, review_id) values (?, ?, ?)
insert into review (content, spot_id, review_id) values ('java.io.StringReader@530fd795', 669, 696);
2022-10-10 14:33:47.415  INFO 4460 --- [    Test worker] p6spy                                    : #1665380027415 | took 0ms | statement | connection 26| url jdbc:h2:mem:ad3a9e80-f26d-4a3e-9691-17f803db5723
insert into score (facility_rank, facility_score, price_rank, price_score, rank_average, surround_rank, surround_score, view_rank, view_score, score_id) values (?, ?, ?, ?, ?, ?, ?, ?, ?, ?)
insert into score (facility_rank, facility_score, price_rank, price_score, rank_average, surround_rank, surround_score, view_rank, view_score, score_id) values (1.20199702636836, 0.40897851308426825, 1.9940126263093727, 4.121523525735426, 1.6362705743118033, 6.328168417415052, 1.5725470833761401, 3.9740833683990715, 5.57501191010151, 695);
2022-10-10 14:33:47.415  INFO 4460 --- [    Test worker] p6spy                                    : #1665380027415 | took 0ms | statement | connection 26| url jdbc:h2:mem:ad3a9e80-f26d-4a3e-9691-17f803db5723
insert into picture (spot_id, url, picture_id) values (?, ?, ?)
insert into picture (spot_id, url, picture_id) values (NULL, 'java.io.StringReader@45519e74', 2833);
2022-10-10 14:33:47.415  INFO 4460 --- [    Test worker] p6spy                                    : #1665380027415 | took 0ms | statement | connection 26| url jdbc:h2:mem:ad3a9e80-f26d-4a3e-9691-17f803db5723
insert into picture (spot_id, url, picture_id) values (?, ?, ?)
insert into picture (spot_id, url, picture_id) values (NULL, 'java.io.StringReader@2544bcf8', 2834);
2022-10-10 14:33:47.415  INFO 4460 --- [    Test worker] p6spy                                    : #1665380027415 | took 0ms | statement | connection 26| url jdbc:h2:mem:ad3a9e80-f26d-4a3e-9691-17f803db5723
insert into picture (spot_id, url, picture_id) values (?, ?, ?)
insert into picture (spot_id, url, picture_id) values (NULL, 'java.io.StringReader@1221611f', 2835);
2022-10-10 14:33:47.416  INFO 4460 --- [    Test worker] p6spy                                    : #1665380027416 | took 0ms | statement | connection 26| url jdbc:h2:mem:ad3a9e80-f26d-4a3e-9691-17f803db5723
insert into spot (address, description, location, name, score_id, spot_id) values (?, ?, ?, ?, ?, ?)
insert into spot (address, description, location, name, score_id, spot_id) values (NULL, NULL, 'Andeok_myeon', NULL, 695, 761);
2022-10-10 14:33:47.416  INFO 4460 --- [    Test worker] p6spy                                    : #1665380027416 | took 0ms | statement | connection 26| url jdbc:h2:mem:ad3a9e80-f26d-4a3e-9691-17f803db5723
insert into member_spot (member_id, score, spot_id, member_spot_id) values (?, ?, ?, ?)
insert into member_spot (member_id, score, spot_id, member_spot_id) values (20, 0.0, 761, 2836);
2022-10-10 14:33:47.416  INFO 4460 --- [    Test worker] p6spy                                    : #1665380027416 | took 0ms | statement | connection 26| url jdbc:h2:mem:ad3a9e80-f26d-4a3e-9691-17f803db5723
insert into review (content, spot_id, review_id) values (?, ?, ?)
insert into review (content, spot_id, review_id) values ('java.io.StringReader@1d77a31d', 669, 697);
2022-10-10 14:33:47.416  INFO 4460 --- [    Test worker] p6spy                                    : #1665380027416 | took 0ms | statement | connection 26| url jdbc:h2:mem:ad3a9e80-f26d-4a3e-9691-17f803db5723
insert into favorite_spot (count, favorite_id, spot_id, favorite_spot_id) values (?, ?, ?, ?)
insert into favorite_spot (count, favorite_id, spot_id, favorite_spot_id) values (0, 41, 761, 523);
2022-10-10 14:33:47.416  INFO 4460 --- [    Test worker] p6spy                                    : #1665380027416 | took 0ms | statement | connection 26| url jdbc:h2:mem:ad3a9e80-f26d-4a3e-9691-17f803db5723
insert into score (facility_rank, facility_score, price_rank, price_score, rank_average, surround_rank, surround_score, view_rank, view_score, score_id) values (?, ?, ?, ?, ?, ?, ?, ?, ?, ?)
insert into score (facility_rank, facility_score, price_rank, price_score, rank_average, surround_rank, surround_score, view_rank, view_score, score_id) values (7.183167166574318, 7.010345758975912, 6.241335195327125, 3.0852296844513774, 5.897869564267978, 3.0257538116805813, 2.4378891765492305, 6.32663022344768, 1.577665886244921, 696);
2022-10-10 14:33:47.416  INFO 4460 --- [    Test worker] p6spy                                    : #1665380027416 | took 0ms | statement | connection 26| url jdbc:h2:mem:ad3a9e80-f26d-4a3e-9691-17f803db5723
insert into picture (spot_id, url, picture_id) values (?, ?, ?)
insert into picture (spot_id, url, picture_id) values (NULL, 'java.io.StringReader@1b8adcd8', 2837);
2022-10-10 14:33:47.416  INFO 4460 --- [    Test worker] p6spy                                    : #1665380027416 | took 0ms | statement | connection 26| url jdbc:h2:mem:ad3a9e80-f26d-4a3e-9691-17f803db5723
insert into picture (spot_id, url, picture_id) values (?, ?, ?)
insert into picture (spot_id, url, picture_id) values (NULL, 'java.io.StringReader@4443ef5f', 2838);
2022-10-10 14:33:47.416  INFO 4460 --- [    Test worker] p6spy                                    : #1665380027416 | took 0ms | statement | connection 26| url jdbc:h2:mem:ad3a9e80-f26d-4a3e-9691-17f803db5723
insert into picture (spot_id, url, picture_id) values (?, ?, ?)
insert into picture (spot_id, url, picture_id) values (NULL, 'java.io.StringReader@4d6e0b4d', 2839);
2022-10-10 14:33:47.416  INFO 4460 --- [    Test worker] p6spy                                    : #1665380027416 | took 0ms | statement | connection 26| url jdbc:h2:mem:ad3a9e80-f26d-4a3e-9691-17f803db5723
insert into spot (address, description, location, name, score_id, spot_id) values (?, ?, ?, ?, ?, ?)
insert into spot (address, description, location, name, score_id, spot_id) values (NULL, NULL, 'Andeok_myeon', NULL, 696, 762);
2022-10-10 14:33:47.416  INFO 4460 --- [    Test worker] p6spy                                    : #1665380027416 | took 0ms | statement | connection 26| url jdbc:h2:mem:ad3a9e80-f26d-4a3e-9691-17f803db5723
insert into member_spot (member_id, score, spot_id, member_spot_id) values (?, ?, ?, ?)
insert into member_spot (member_id, score, spot_id, member_spot_id) values (20, 0.0, 762, 2840);
2022-10-10 14:33:47.416  INFO 4460 --- [    Test worker] p6spy                                    : #1665380027416 | took 0ms | statement | connection 26| url jdbc:h2:mem:ad3a9e80-f26d-4a3e-9691-17f803db5723
insert into review (content, spot_id, review_id) values (?, ?, ?)
insert into review (content, spot_id, review_id) values ('java.io.StringReader@70b01a3f', 669, 698);
2022-10-10 14:33:47.416  INFO 4460 --- [    Test worker] p6spy                                    : #1665380027416 | took 0ms | statement | connection 26| url jdbc:h2:mem:ad3a9e80-f26d-4a3e-9691-17f803db5723
insert into score (facility_rank, facility_score, price_rank, price_score, rank_average, surround_rank, surround_score, view_rank, view_score, score_id) values (?, ?, ?, ?, ?, ?, ?, ?, ?, ?)
insert into score (facility_rank, facility_score, price_rank, price_score, rank_average, surround_rank, surround_score, view_rank, view_score, score_id) values (2.852860138232586, 1.759297791745098, 1.9880239431544855, 3.4892872948738543, 0.011598786186093335, 7.779341087220252, 2.5136629695375765, 4.063641500206292, 3.8127336285623112, 697);
2022-10-10 14:33:47.416  INFO 4460 --- [    Test worker] p6spy                                    : #1665380027416 | took 0ms | statement | connection 26| url jdbc:h2:mem:ad3a9e80-f26d-4a3e-9691-17f803db5723
insert into picture (spot_id, url, picture_id) values (?, ?, ?)
insert into picture (spot_id, url, picture_id) values (NULL, 'java.io.StringReader@568202bd', 2841);
2022-10-10 14:33:47.416  INFO 4460 --- [    Test worker] p6spy                                    : #1665380027416 | took 0ms | statement | connection 26| url jdbc:h2:mem:ad3a9e80-f26d-4a3e-9691-17f803db5723
insert into picture (spot_id, url, picture_id) values (?, ?, ?)
insert into picture (spot_id, url, picture_id) values (NULL, 'java.io.StringReader@74f9f6e0', 2842);
2022-10-10 14:33:47.416  INFO 4460 --- [    Test worker] p6spy                                    : #1665380027416 | took 0ms | statement | connection 26| url jdbc:h2:mem:ad3a9e80-f26d-4a3e-9691-17f803db5723
insert into picture (spot_id, url, picture_id) values (?, ?, ?)
insert into picture (spot_id, url, picture_id) values (NULL, 'java.io.StringReader@389a30e4', 2843);
2022-10-10 14:33:47.416  INFO 4460 --- [    Test worker] p6spy                                    : #1665380027416 | took 0ms | statement | connection 26| url jdbc:h2:mem:ad3a9e80-f26d-4a3e-9691-17f803db5723
insert into spot (address, description, location, name, score_id, spot_id) values (?, ?, ?, ?, ?, ?)
insert into spot (address, description, location, name, score_id, spot_id) values (NULL, NULL, 'Andeok_myeon', NULL, 697, 763);
2022-10-10 14:33:47.416  INFO 4460 --- [    Test worker] p6spy                                    : #1665380027416 | took 0ms | statement | connection 26| url jdbc:h2:mem:ad3a9e80-f26d-4a3e-9691-17f803db5723
insert into member_spot (member_id, score, spot_id, member_spot_id) values (?, ?, ?, ?)
insert into member_spot (member_id, score, spot_id, member_spot_id) values (20, 0.0, 763, 2844);
2022-10-10 14:33:47.416  INFO 4460 --- [    Test worker] p6spy                                    : #1665380027416 | took 0ms | statement | connection 26| url jdbc:h2:mem:ad3a9e80-f26d-4a3e-9691-17f803db5723
insert into review (content, spot_id, review_id) values (?, ?, ?)
insert into review (content, spot_id, review_id) values ('java.io.StringReader@518cd29', 669, 699);
2022-10-10 14:33:47.416  INFO 4460 --- [    Test worker] p6spy                                    : #1665380027416 | took 0ms | statement | connection 26| url jdbc:h2:mem:ad3a9e80-f26d-4a3e-9691-17f803db5723
insert into favorite_spot (count, favorite_id, spot_id, favorite_spot_id) values (?, ?, ?, ?)
insert into favorite_spot (count, favorite_id, spot_id, favorite_spot_id) values (0, 41, 763, 524);
2022-10-10 14:33:47.416  INFO 4460 --- [    Test worker] p6spy                                    : #1665380027416 | took 0ms | statement | connection 26| url jdbc:h2:mem:ad3a9e80-f26d-4a3e-9691-17f803db5723
insert into score (facility_rank, facility_score, price_rank, price_score, rank_average, surround_rank, surround_score, view_rank, view_score, score_id) values (?, ?, ?, ?, ?, ?, ?, ?, ?, ?)
insert into score (facility_rank, facility_score, price_rank, price_score, rank_average, surround_rank, surround_score, view_rank, view_score, score_id) values (4.7536096386424385, 4.851405841743061, 1.9676721012868925, 7.000242336985666, 4.031536539806979, 7.540551586627156, 5.660292609448731, 5.636186902930447, 9.327614360530056, 698);
2022-10-10 14:33:47.416  INFO 4460 --- [    Test worker] p6spy                                    : #1665380027416 | took 0ms | statement | connection 26| url jdbc:h2:mem:ad3a9e80-f26d-4a3e-9691-17f803db5723
insert into picture (spot_id, url, picture_id) values (?, ?, ?)
insert into picture (spot_id, url, picture_id) values (NULL, 'java.io.StringReader@55e3f582', 2845);
2022-10-10 14:33:47.416  INFO 4460 --- [    Test worker] p6spy                                    : #1665380027416 | took 0ms | statement | connection 26| url jdbc:h2:mem:ad3a9e80-f26d-4a3e-9691-17f803db5723
insert into picture (spot_id, url, picture_id) values (?, ?, ?)
insert into picture (spot_id, url, picture_id) values (NULL, 'java.io.StringReader@72e92db1', 2846);
2022-10-10 14:33:47.416  INFO 4460 --- [    Test worker] p6spy                                    : #1665380027416 | took 0ms | statement | connection 26| url jdbc:h2:mem:ad3a9e80-f26d-4a3e-9691-17f803db5723
insert into picture (spot_id, url, picture_id) values (?, ?, ?)
insert into picture (spot_id, url, picture_id) values (NULL, 'java.io.StringReader@106eec68', 2847);
2022-10-10 14:33:47.417  INFO 4460 --- [    Test worker] p6spy                                    : #1665380027417 | took 0ms | statement | connection 26| url jdbc:h2:mem:ad3a9e80-f26d-4a3e-9691-17f803db5723
insert into spot (address, description, location, name, score_id, spot_id) values (?, ?, ?, ?, ?, ?)
insert into spot (address, description, location, name, score_id, spot_id) values (NULL, NULL, 'Andeok_myeon', NULL, 698, 764);
2022-10-10 14:33:47.417  INFO 4460 --- [    Test worker] p6spy                                    : #1665380027417 | took 0ms | statement | connection 26| url jdbc:h2:mem:ad3a9e80-f26d-4a3e-9691-17f803db5723
insert into member_spot (member_id, score, spot_id, member_spot_id) values (?, ?, ?, ?)
insert into member_spot (member_id, score, spot_id, member_spot_id) values (20, 0.0, 764, 2848);
2022-10-10 14:33:47.417  INFO 4460 --- [    Test worker] p6spy                                    : #1665380027417 | took 0ms | statement | connection 26| url jdbc:h2:mem:ad3a9e80-f26d-4a3e-9691-17f803db5723
insert into review (content, spot_id, review_id) values (?, ?, ?)
insert into review (content, spot_id, review_id) values ('java.io.StringReader@6e1a3779', 669, 700);
2022-10-10 14:33:47.417  INFO 4460 --- [    Test worker] p6spy                                    : #1665380027417 | took 0ms | statement | connection 26| url jdbc:h2:mem:ad3a9e80-f26d-4a3e-9691-17f803db5723
insert into score (facility_rank, facility_score, price_rank, price_score, rank_average, surround_rank, surround_score, view_rank, view_score, score_id) values (?, ?, ?, ?, ?, ?, ?, ?, ?, ?)
insert into score (facility_rank, facility_score, price_rank, price_score, rank_average, surround_rank, surround_score, view_rank, view_score, score_id) values (8.385059128602638, 0.9804109885347212, 3.2713021044350854, 2.4411985559441405, 9.12093370562956, 8.344223099506413, 6.8258466061472145, 8.202948440874131, 4.880089317264597, 699);
2022-10-10 14:33:47.417  INFO 4460 --- [    Test worker] p6spy                                    : #1665380027417 | took 0ms | statement | connection 26| url jdbc:h2:mem:ad3a9e80-f26d-4a3e-9691-17f803db5723
insert into picture (spot_id, url, picture_id) values (?, ?, ?)
insert into picture (spot_id, url, picture_id) values (NULL, 'java.io.StringReader@5afc655b', 2849);
2022-10-10 14:33:47.417  INFO 4460 --- [    Test worker] p6spy                                    : #1665380027417 | took 0ms | statement | connection 26| url jdbc:h2:mem:ad3a9e80-f26d-4a3e-9691-17f803db5723
insert into picture (spot_id, url, picture_id) values (?, ?, ?)
insert into picture (spot_id, url, picture_id) values (NULL, 'java.io.StringReader@6ec9b0cf', 2850);
2022-10-10 14:33:47.417  INFO 4460 --- [    Test worker] p6spy                                    : #1665380027417 | took 0ms | statement | connection 26| url jdbc:h2:mem:ad3a9e80-f26d-4a3e-9691-17f803db5723
insert into picture (spot_id, url, picture_id) values (?, ?, ?)
insert into picture (spot_id, url, picture_id) values (NULL, 'java.io.StringReader@41cf5cc1', 2851);
2022-10-10 14:33:47.417  INFO 4460 --- [    Test worker] p6spy                                    : #1665380027417 | took 0ms | statement | connection 26| url jdbc:h2:mem:ad3a9e80-f26d-4a3e-9691-17f803db5723
insert into spot (address, description, location, name, score_id, spot_id) values (?, ?, ?, ?, ?, ?)
insert into spot (address, description, location, name, score_id, spot_id) values (NULL, NULL, 'Andeok_myeon', NULL, 699, 765);
2022-10-10 14:33:47.417  INFO 4460 --- [    Test worker] p6spy                                    : #1665380027417 | took 0ms | statement | connection 26| url jdbc:h2:mem:ad3a9e80-f26d-4a3e-9691-17f803db5723
insert into member_spot (member_id, score, spot_id, member_spot_id) values (?, ?, ?, ?)
insert into member_spot (member_id, score, spot_id, member_spot_id) values (20, 0.0, 765, 2852);
2022-10-10 14:33:47.417  INFO 4460 --- [    Test worker] p6spy                                    : #1665380027417 | took 0ms | statement | connection 26| url jdbc:h2:mem:ad3a9e80-f26d-4a3e-9691-17f803db5723
insert into review (content, spot_id, review_id) values (?, ?, ?)
insert into review (content, spot_id, review_id) values ('java.io.StringReader@10b1d9', 669, 701);
2022-10-10 14:33:47.417  INFO 4460 --- [    Test worker] p6spy                                    : #1665380027417 | took 0ms | statement | connection 26| url jdbc:h2:mem:ad3a9e80-f26d-4a3e-9691-17f803db5723
insert into favorite_spot (count, favorite_id, spot_id, favorite_spot_id) values (?, ?, ?, ?)
insert into favorite_spot (count, favorite_id, spot_id, favorite_spot_id) values (0, 41, 765, 525);
2022-10-10 14:33:47.417  INFO 4460 --- [    Test worker] p6spy                                    : #1665380027417 | took 0ms | statement | connection 26| url jdbc:h2:mem:ad3a9e80-f26d-4a3e-9691-17f803db5723
insert into score (facility_rank, facility_score, price_rank, price_score, rank_average, surround_rank, surround_score, view_rank, view_score, score_id) values (?, ?, ?, ?, ?, ?, ?, ?, ?, ?)
insert into score (facility_rank, facility_score, price_rank, price_score, rank_average, surround_rank, surround_score, view_rank, view_score, score_id) values (7.202699304634862, 9.953893012793957, 2.422071475481226, 7.081195888352402, 7.998720531736713, 3.095975991787563, 0.20889910305540105, 6.701620504804085, 6.706077395556117, 700);
2022-10-10 14:33:47.417  INFO 4460 --- [    Test worker] p6spy                                    : #1665380027417 | took 0ms | statement | connection 26| url jdbc:h2:mem:ad3a9e80-f26d-4a3e-9691-17f803db5723
insert into picture (spot_id, url, picture_id) values (?, ?, ?)
insert into picture (spot_id, url, picture_id) values (NULL, 'java.io.StringReader@402bb075', 2853);
2022-10-10 14:33:47.417  INFO 4460 --- [    Test worker] p6spy                                    : #1665380027417 | took 0ms | statement | connection 26| url jdbc:h2:mem:ad3a9e80-f26d-4a3e-9691-17f803db5723
insert into picture (spot_id, url, picture_id) values (?, ?, ?)
insert into picture (spot_id, url, picture_id) values (NULL, 'java.io.StringReader@13493515', 2854);
2022-10-10 14:33:47.417  INFO 4460 --- [    Test worker] p6spy                                    : #1665380027417 | took 0ms | statement | connection 26| url jdbc:h2:mem:ad3a9e80-f26d-4a3e-9691-17f803db5723
insert into picture (spot_id, url, picture_id) values (?, ?, ?)
insert into picture (spot_id, url, picture_id) values (NULL, 'java.io.StringReader@4bfadf88', 2855);
2022-10-10 14:33:47.417  INFO 4460 --- [    Test worker] p6spy                                    : #1665380027417 | took 0ms | statement | connection 26| url jdbc:h2:mem:ad3a9e80-f26d-4a3e-9691-17f803db5723
insert into spot (address, description, location, name, score_id, spot_id) values (?, ?, ?, ?, ?, ?)
insert into spot (address, description, location, name, score_id, spot_id) values (NULL, NULL, 'Andeok_myeon', NULL, 700, 766);
2022-10-10 14:33:47.417  INFO 4460 --- [    Test worker] p6spy                                    : #1665380027417 | took 0ms | statement | connection 26| url jdbc:h2:mem:ad3a9e80-f26d-4a3e-9691-17f803db5723
insert into member_spot (member_id, score, spot_id, member_spot_id) values (?, ?, ?, ?)
insert into member_spot (member_id, score, spot_id, member_spot_id) values (20, 0.0, 766, 2856);
2022-10-10 14:33:47.417  INFO 4460 --- [    Test worker] p6spy                                    : #1665380027417 | took 0ms | statement | connection 26| url jdbc:h2:mem:ad3a9e80-f26d-4a3e-9691-17f803db5723
insert into review (content, spot_id, review_id) values (?, ?, ?)
insert into review (content, spot_id, review_id) values ('java.io.StringReader@7c2600bb', 669, 702);
2022-10-10 14:33:47.417  INFO 4460 --- [    Test worker] p6spy                                    : #1665380027417 | took 0ms | statement | connection 26| url jdbc:h2:mem:ad3a9e80-f26d-4a3e-9691-17f803db5723
insert into score (facility_rank, facility_score, price_rank, price_score, rank_average, surround_rank, surround_score, view_rank, view_score, score_id) values (?, ?, ?, ?, ?, ?, ?, ?, ?, ?)
insert into score (facility_rank, facility_score, price_rank, price_score, rank_average, surround_rank, surround_score, view_rank, view_score, score_id) values (9.117277278988261, 8.94404817682409, 1.0645823079134287, 8.966477791124154, 0.40828526144306765, 3.971624209651078, 5.20225621135419, 5.453367604324487, 7.46353918825983, 701);
2022-10-10 14:33:47.417  INFO 4460 --- [    Test worker] p6spy                                    : #1665380027417 | took 0ms | statement | connection 26| url jdbc:h2:mem:ad3a9e80-f26d-4a3e-9691-17f803db5723
insert into picture (spot_id, url, picture_id) values (?, ?, ?)
insert into picture (spot_id, url, picture_id) values (NULL, 'java.io.StringReader@5af170d7', 2857);
2022-10-10 14:33:47.417  INFO 4460 --- [    Test worker] p6spy                                    : #1665380027417 | took 0ms | statement | connection 26| url jdbc:h2:mem:ad3a9e80-f26d-4a3e-9691-17f803db5723
insert into picture (spot_id, url, picture_id) values (?, ?, ?)
insert into picture (spot_id, url, picture_id) values (NULL, 'java.io.StringReader@50d866c6', 2858);
2022-10-10 14:33:47.417  INFO 4460 --- [    Test worker] p6spy                                    : #1665380027417 | took 0ms | statement | connection 26| url jdbc:h2:mem:ad3a9e80-f26d-4a3e-9691-17f803db5723
insert into picture (spot_id, url, picture_id) values (?, ?, ?)
insert into picture (spot_id, url, picture_id) values (NULL, 'java.io.StringReader@5fd1a6aa', 2859);
2022-10-10 14:33:47.417  INFO 4460 --- [    Test worker] p6spy                                    : #1665380027417 | took 0ms | statement | connection 26| url jdbc:h2:mem:ad3a9e80-f26d-4a3e-9691-17f803db5723
insert into spot (address, description, location, name, score_id, spot_id) values (?, ?, ?, ?, ?, ?)
insert into spot (address, description, location, name, score_id, spot_id) values (NULL, NULL, 'Andeok_myeon', NULL, 701, 767);
2022-10-10 14:33:47.417  INFO 4460 --- [    Test worker] p6spy                                    : #1665380027417 | took 0ms | statement | connection 26| url jdbc:h2:mem:ad3a9e80-f26d-4a3e-9691-17f803db5723
insert into member_spot (member_id, score, spot_id, member_spot_id) values (?, ?, ?, ?)
insert into member_spot (member_id, score, spot_id, member_spot_id) values (20, 0.0, 767, 2860);
2022-10-10 14:33:47.417  INFO 4460 --- [    Test worker] p6spy                                    : #1665380027417 | took 0ms | statement | connection 26| url jdbc:h2:mem:ad3a9e80-f26d-4a3e-9691-17f803db5723
insert into review (content, spot_id, review_id) values (?, ?, ?)
insert into review (content, spot_id, review_id) values ('java.io.StringReader@4083443e', 669, 703);
2022-10-10 14:33:47.417  INFO 4460 --- [    Test worker] p6spy                                    : #1665380027417 | took 0ms | statement | connection 26| url jdbc:h2:mem:ad3a9e80-f26d-4a3e-9691-17f803db5723
insert into favorite_spot (count, favorite_id, spot_id, favorite_spot_id) values (?, ?, ?, ?)
insert into favorite_spot (count, favorite_id, spot_id, favorite_spot_id) values (0, 41, 767, 526);
2022-10-10 14:33:47.417  INFO 4460 --- [    Test worker] p6spy                                    : #1665380027417 | took 0ms | statement | connection 26| url jdbc:h2:mem:ad3a9e80-f26d-4a3e-9691-17f803db5723
insert into score (facility_rank, facility_score, price_rank, price_score, rank_average, surround_rank, surround_score, view_rank, view_score, score_id) values (?, ?, ?, ?, ?, ?, ?, ?, ?, ?)
insert into score (facility_rank, facility_score, price_rank, price_score, rank_average, surround_rank, surround_score, view_rank, view_score, score_id) values (9.815962414486338, 4.572908185885672, 3.0688547185107407, 9.976616029959827, 5.536233743437857, 4.917400116978455, 3.4790362074420536, 8.11136576298072, 5.135605870754859, 702);
2022-10-10 14:33:47.418  INFO 4460 --- [    Test worker] p6spy                                    : #1665380027418 | took 0ms | statement | connection 26| url jdbc:h2:mem:ad3a9e80-f26d-4a3e-9691-17f803db5723
insert into picture (spot_id, url, picture_id) values (?, ?, ?)
insert into picture (spot_id, url, picture_id) values (NULL, 'java.io.StringReader@1bd4a372', 2861);
2022-10-10 14:33:47.418  INFO 4460 --- [    Test worker] p6spy                                    : #1665380027418 | took 0ms | statement | connection 26| url jdbc:h2:mem:ad3a9e80-f26d-4a3e-9691-17f803db5723
insert into picture (spot_id, url, picture_id) values (?, ?, ?)
insert into picture (spot_id, url, picture_id) values (NULL, 'java.io.StringReader@713fa9dc', 2862);
2022-10-10 14:33:47.418  INFO 4460 --- [    Test worker] p6spy                                    : #1665380027418 | took 0ms | statement | connection 26| url jdbc:h2:mem:ad3a9e80-f26d-4a3e-9691-17f803db5723
insert into picture (spot_id, url, picture_id) values (?, ?, ?)
insert into picture (spot_id, url, picture_id) values (NULL, 'java.io.StringReader@7845202b', 2863);
2022-10-10 14:33:47.418  INFO 4460 --- [    Test worker] p6spy                                    : #1665380027418 | took 0ms | statement | connection 26| url jdbc:h2:mem:ad3a9e80-f26d-4a3e-9691-17f803db5723
insert into spot (address, description, location, name, score_id, spot_id) values (?, ?, ?, ?, ?, ?)
insert into spot (address, description, location, name, score_id, spot_id) values (NULL, NULL, 'Andeok_myeon', NULL, 702, 768);
2022-10-10 14:33:47.418  INFO 4460 --- [    Test worker] p6spy                                    : #1665380027418 | took 0ms | statement | connection 26| url jdbc:h2:mem:ad3a9e80-f26d-4a3e-9691-17f803db5723
insert into member_spot (member_id, score, spot_id, member_spot_id) values (?, ?, ?, ?)
insert into member_spot (member_id, score, spot_id, member_spot_id) values (20, 0.0, 768, 2864);
2022-10-10 14:33:47.418  INFO 4460 --- [    Test worker] p6spy                                    : #1665380027418 | took 0ms | statement | connection 26| url jdbc:h2:mem:ad3a9e80-f26d-4a3e-9691-17f803db5723
insert into review (content, spot_id, review_id) values (?, ?, ?)
insert into review (content, spot_id, review_id) values ('java.io.StringReader@1d7bc28b', 669, 704);
2022-10-10 14:33:47.418  INFO 4460 --- [    Test worker] p6spy                                    : #1665380027418 | took 0ms | statement | connection 26| url jdbc:h2:mem:ad3a9e80-f26d-4a3e-9691-17f803db5723
update picture set spot_id=?, url=? where picture_id=?
update picture set spot_id=669, url='java.io.StringReader@25a872d2' where picture_id=2465;
2022-10-10 14:33:47.418  INFO 4460 --- [    Test worker] p6spy                                    : #1665380027418 | took 0ms | statement | connection 26| url jdbc:h2:mem:ad3a9e80-f26d-4a3e-9691-17f803db5723
update picture set spot_id=?, url=? where picture_id=?
update picture set spot_id=669, url='java.io.StringReader@524e99c1' where picture_id=2466;
2022-10-10 14:33:47.418  INFO 4460 --- [    Test worker] p6spy                                    : #1665380027418 | took 0ms | statement | connection 26| url jdbc:h2:mem:ad3a9e80-f26d-4a3e-9691-17f803db5723
update picture set spot_id=?, url=? where picture_id=?
update picture set spot_id=669, url='java.io.StringReader@7e9ec9f' where picture_id=2467;
2022-10-10 14:33:47.418  INFO 4460 --- [    Test worker] p6spy                                    : #1665380027418 | took 0ms | statement | connection 26| url jdbc:h2:mem:ad3a9e80-f26d-4a3e-9691-17f803db5723
update picture set spot_id=?, url=? where picture_id=?
update picture set spot_id=670, url='java.io.StringReader@17a47d48' where picture_id=2469;
2022-10-10 14:33:47.418  INFO 4460 --- [    Test worker] p6spy                                    : #1665380027418 | took 0ms | statement | connection 26| url jdbc:h2:mem:ad3a9e80-f26d-4a3e-9691-17f803db5723
update picture set spot_id=?, url=? where picture_id=?
update picture set spot_id=670, url='java.io.StringReader@3453aae1' where picture_id=2470;
2022-10-10 14:33:47.418  INFO 4460 --- [    Test worker] p6spy                                    : #1665380027418 | took 0ms | statement | connection 26| url jdbc:h2:mem:ad3a9e80-f26d-4a3e-9691-17f803db5723
update picture set spot_id=?, url=? where picture_id=?
update picture set spot_id=670, url='java.io.StringReader@6538ca02' where picture_id=2471;
2022-10-10 14:33:47.418  INFO 4460 --- [    Test worker] p6spy                                    : #1665380027418 | took 0ms | statement | connection 26| url jdbc:h2:mem:ad3a9e80-f26d-4a3e-9691-17f803db5723
update picture set spot_id=?, url=? where picture_id=?
update picture set spot_id=671, url='java.io.StringReader@42ebd72b' where picture_id=2473;
2022-10-10 14:33:47.418  INFO 4460 --- [    Test worker] p6spy                                    : #1665380027418 | took 0ms | statement | connection 26| url jdbc:h2:mem:ad3a9e80-f26d-4a3e-9691-17f803db5723
update picture set spot_id=?, url=? where picture_id=?
update picture set spot_id=671, url='java.io.StringReader@5ab88be' where picture_id=2474;
2022-10-10 14:33:47.418  INFO 4460 --- [    Test worker] p6spy                                    : #1665380027418 | took 0ms | statement | connection 26| url jdbc:h2:mem:ad3a9e80-f26d-4a3e-9691-17f803db5723
update picture set spot_id=?, url=? where picture_id=?
update picture set spot_id=671, url='java.io.StringReader@7cae9695' where picture_id=2475;
2022-10-10 14:33:47.418  INFO 4460 --- [    Test worker] p6spy                                    : #1665380027418 | took 0ms | statement | connection 26| url jdbc:h2:mem:ad3a9e80-f26d-4a3e-9691-17f803db5723
update picture set spot_id=?, url=? where picture_id=?
update picture set spot_id=672, url='java.io.StringReader@130f2e96' where picture_id=2477;
2022-10-10 14:33:47.418  INFO 4460 --- [    Test worker] p6spy                                    : #1665380027418 | took 0ms | statement | connection 26| url jdbc:h2:mem:ad3a9e80-f26d-4a3e-9691-17f803db5723
update picture set spot_id=?, url=? where picture_id=?
update picture set spot_id=672, url='java.io.StringReader@4b056615' where picture_id=2478;
2022-10-10 14:33:47.418  INFO 4460 --- [    Test worker] p6spy                                    : #1665380027418 | took 0ms | statement | connection 26| url jdbc:h2:mem:ad3a9e80-f26d-4a3e-9691-17f803db5723
update picture set spot_id=?, url=? where picture_id=?
update picture set spot_id=672, url='java.io.StringReader@2919cfc7' where picture_id=2479;
2022-10-10 14:33:47.419  INFO 4460 --- [    Test worker] p6spy                                    : #1665380027419 | took 0ms | statement | connection 26| url jdbc:h2:mem:ad3a9e80-f26d-4a3e-9691-17f803db5723
update picture set spot_id=?, url=? where picture_id=?
update picture set spot_id=673, url='java.io.StringReader@295da422' where picture_id=2481;
2022-10-10 14:33:47.419  INFO 4460 --- [    Test worker] p6spy                                    : #1665380027419 | took 0ms | statement | connection 26| url jdbc:h2:mem:ad3a9e80-f26d-4a3e-9691-17f803db5723
update picture set spot_id=?, url=? where picture_id=?
update picture set spot_id=673, url='java.io.StringReader@5044d0fa' where picture_id=2482;
2022-10-10 14:33:47.419  INFO 4460 --- [    Test worker] p6spy                                    : #1665380027419 | took 0ms | statement | connection 26| url jdbc:h2:mem:ad3a9e80-f26d-4a3e-9691-17f803db5723
update picture set spot_id=?, url=? where picture_id=?
update picture set spot_id=673, url='java.io.StringReader@42add6ba' where picture_id=2483;
2022-10-10 14:33:47.419  INFO 4460 --- [    Test worker] p6spy                                    : #1665380027419 | took 0ms | statement | connection 26| url jdbc:h2:mem:ad3a9e80-f26d-4a3e-9691-17f803db5723
update picture set spot_id=?, url=? where picture_id=?
update picture set spot_id=674, url='java.io.StringReader@3228fae8' where picture_id=2485;
2022-10-10 14:33:47.419  INFO 4460 --- [    Test worker] p6spy                                    : #1665380027419 | took 0ms | statement | connection 26| url jdbc:h2:mem:ad3a9e80-f26d-4a3e-9691-17f803db5723
update picture set spot_id=?, url=? where picture_id=?
update picture set spot_id=674, url='java.io.StringReader@77389001' where picture_id=2486;
2022-10-10 14:33:47.419  INFO 4460 --- [    Test worker] p6spy                                    : #1665380027419 | took 0ms | statement | connection 26| url jdbc:h2:mem:ad3a9e80-f26d-4a3e-9691-17f803db5723
update picture set spot_id=?, url=? where picture_id=?
update picture set spot_id=674, url='java.io.StringReader@725f322' where picture_id=2487;
2022-10-10 14:33:47.419  INFO 4460 --- [    Test worker] p6spy                                    : #1665380027419 | took 0ms | statement | connection 26| url jdbc:h2:mem:ad3a9e80-f26d-4a3e-9691-17f803db5723
update picture set spot_id=?, url=? where picture_id=?
update picture set spot_id=675, url='java.io.StringReader@c22ad75' where picture_id=2489;
2022-10-10 14:33:47.419  INFO 4460 --- [    Test worker] p6spy                                    : #1665380027419 | took 0ms | statement | connection 26| url jdbc:h2:mem:ad3a9e80-f26d-4a3e-9691-17f803db5723
update picture set spot_id=?, url=? where picture_id=?
update picture set spot_id=675, url='java.io.StringReader@1d51059e' where picture_id=2490;
2022-10-10 14:33:47.419  INFO 4460 --- [    Test worker] p6spy                                    : #1665380027419 | took 0ms | statement | connection 26| url jdbc:h2:mem:ad3a9e80-f26d-4a3e-9691-17f803db5723
update picture set spot_id=?, url=? where picture_id=?
update picture set spot_id=675, url='java.io.StringReader@211074c3' where picture_id=2491;
2022-10-10 14:33:47.419  INFO 4460 --- [    Test worker] p6spy                                    : #1665380027419 | took 0ms | statement | connection 26| url jdbc:h2:mem:ad3a9e80-f26d-4a3e-9691-17f803db5723
update picture set spot_id=?, url=? where picture_id=?
update picture set spot_id=676, url='java.io.StringReader@601d2441' where picture_id=2493;
2022-10-10 14:33:47.419  INFO 4460 --- [    Test worker] p6spy                                    : #1665380027419 | took 0ms | statement | connection 26| url jdbc:h2:mem:ad3a9e80-f26d-4a3e-9691-17f803db5723
update picture set spot_id=?, url=? where picture_id=?
update picture set spot_id=676, url='java.io.StringReader@46979fd2' where picture_id=2494;
2022-10-10 14:33:47.419  INFO 4460 --- [    Test worker] p6spy                                    : #1665380027419 | took 0ms | statement | connection 26| url jdbc:h2:mem:ad3a9e80-f26d-4a3e-9691-17f803db5723
update picture set spot_id=?, url=? where picture_id=?
update picture set spot_id=676, url='java.io.StringReader@1dd8319c' where picture_id=2495;
2022-10-10 14:33:47.419  INFO 4460 --- [    Test worker] p6spy                                    : #1665380027419 | took 0ms | statement | connection 26| url jdbc:h2:mem:ad3a9e80-f26d-4a3e-9691-17f803db5723
update picture set spot_id=?, url=? where picture_id=?
update picture set spot_id=677, url='java.io.StringReader@28e4576e' where picture_id=2497;
2022-10-10 14:33:47.419  INFO 4460 --- [    Test worker] p6spy                                    : #1665380027419 | took 0ms | statement | connection 26| url jdbc:h2:mem:ad3a9e80-f26d-4a3e-9691-17f803db5723
update picture set spot_id=?, url=? where picture_id=?
update picture set spot_id=677, url='java.io.StringReader@49ee9217' where picture_id=2498;
2022-10-10 14:33:47.419  INFO 4460 --- [    Test worker] p6spy                                    : #1665380027419 | took 0ms | statement | connection 26| url jdbc:h2:mem:ad3a9e80-f26d-4a3e-9691-17f803db5723
update picture set spot_id=?, url=? where picture_id=?
update picture set spot_id=677, url='java.io.StringReader@21b41bcf' where picture_id=2499;
2022-10-10 14:33:47.419  INFO 4460 --- [    Test worker] p6spy                                    : #1665380027419 | took 0ms | statement | connection 26| url jdbc:h2:mem:ad3a9e80-f26d-4a3e-9691-17f803db5723
update picture set spot_id=?, url=? where picture_id=?
update picture set spot_id=678, url='java.io.StringReader@74ac2dab' where picture_id=2501;
2022-10-10 14:33:47.419  INFO 4460 --- [    Test worker] p6spy                                    : #1665380027419 | took 0ms | statement | connection 26| url jdbc:h2:mem:ad3a9e80-f26d-4a3e-9691-17f803db5723
update picture set spot_id=?, url=? where picture_id=?
update picture set spot_id=678, url='java.io.StringReader@2d2b1ad6' where picture_id=2502;
2022-10-10 14:33:47.419  INFO 4460 --- [    Test worker] p6spy                                    : #1665380027419 | took 0ms | statement | connection 26| url jdbc:h2:mem:ad3a9e80-f26d-4a3e-9691-17f803db5723
update picture set spot_id=?, url=? where picture_id=?
update picture set spot_id=678, url='java.io.StringReader@16dd7311' where picture_id=2503;
2022-10-10 14:33:47.419  INFO 4460 --- [    Test worker] p6spy                                    : #1665380027419 | took 0ms | statement | connection 26| url jdbc:h2:mem:ad3a9e80-f26d-4a3e-9691-17f803db5723
update picture set spot_id=?, url=? where picture_id=?
update picture set spot_id=679, url='java.io.StringReader@5af43a7d' where picture_id=2505;
2022-10-10 14:33:47.419  INFO 4460 --- [    Test worker] p6spy                                    : #1665380027419 | took 0ms | statement | connection 26| url jdbc:h2:mem:ad3a9e80-f26d-4a3e-9691-17f803db5723
update picture set spot_id=?, url=? where picture_id=?
update picture set spot_id=679, url='java.io.StringReader@68f637a5' where picture_id=2506;
2022-10-10 14:33:47.419  INFO 4460 --- [    Test worker] p6spy                                    : #1665380027419 | took 0ms | statement | connection 26| url jdbc:h2:mem:ad3a9e80-f26d-4a3e-9691-17f803db5723
update picture set spot_id=?, url=? where picture_id=?
update picture set spot_id=679, url='java.io.StringReader@76f3595' where picture_id=2507;
2022-10-10 14:33:47.419  INFO 4460 --- [    Test worker] p6spy                                    : #1665380027419 | took 0ms | statement | connection 26| url jdbc:h2:mem:ad3a9e80-f26d-4a3e-9691-17f803db5723
update picture set spot_id=?, url=? where picture_id=?
update picture set spot_id=680, url='java.io.StringReader@68e7231a' where picture_id=2509;
2022-10-10 14:33:47.419  INFO 4460 --- [    Test worker] p6spy                                    : #1665380027419 | took 0ms | statement | connection 26| url jdbc:h2:mem:ad3a9e80-f26d-4a3e-9691-17f803db5723
update picture set spot_id=?, url=? where picture_id=?
update picture set spot_id=680, url='java.io.StringReader@b31b001' where picture_id=2510;
2022-10-10 14:33:47.420  INFO 4460 --- [    Test worker] p6spy                                    : #1665380027420 | took 0ms | statement | connection 26| url jdbc:h2:mem:ad3a9e80-f26d-4a3e-9691-17f803db5723
update picture set spot_id=?, url=? where picture_id=?
update picture set spot_id=680, url='java.io.StringReader@3355ca72' where picture_id=2511;
2022-10-10 14:33:47.420  INFO 4460 --- [    Test worker] p6spy                                    : #1665380027420 | took 0ms | statement | connection 26| url jdbc:h2:mem:ad3a9e80-f26d-4a3e-9691-17f803db5723
update picture set spot_id=?, url=? where picture_id=?
update picture set spot_id=681, url='java.io.StringReader@9fa722c' where picture_id=2513;
2022-10-10 14:33:47.420  INFO 4460 --- [    Test worker] p6spy                                    : #1665380027420 | took 0ms | statement | connection 26| url jdbc:h2:mem:ad3a9e80-f26d-4a3e-9691-17f803db5723
update picture set spot_id=?, url=? where picture_id=?
update picture set spot_id=681, url='java.io.StringReader@33425ad2' where picture_id=2514;
2022-10-10 14:33:47.420  INFO 4460 --- [    Test worker] p6spy                                    : #1665380027420 | took 0ms | statement | connection 26| url jdbc:h2:mem:ad3a9e80-f26d-4a3e-9691-17f803db5723
update picture set spot_id=?, url=? where picture_id=?
update picture set spot_id=681, url='java.io.StringReader@5423878b' where picture_id=2515;
2022-10-10 14:33:47.420  INFO 4460 --- [    Test worker] p6spy                                    : #1665380027420 | took 0ms | statement | connection 26| url jdbc:h2:mem:ad3a9e80-f26d-4a3e-9691-17f803db5723
update picture set spot_id=?, url=? where picture_id=?
update picture set spot_id=682, url='java.io.StringReader@7420357d' where picture_id=2517;
2022-10-10 14:33:47.420  INFO 4460 --- [    Test worker] p6spy                                    : #1665380027420 | took 0ms | statement | connection 26| url jdbc:h2:mem:ad3a9e80-f26d-4a3e-9691-17f803db5723
update picture set spot_id=?, url=? where picture_id=?
update picture set spot_id=682, url='java.io.StringReader@2ca54dde' where picture_id=2518;
2022-10-10 14:33:47.420  INFO 4460 --- [    Test worker] p6spy                                    : #1665380027420 | took 0ms | statement | connection 26| url jdbc:h2:mem:ad3a9e80-f26d-4a3e-9691-17f803db5723
update picture set spot_id=?, url=? where picture_id=?
update picture set spot_id=682, url='java.io.StringReader@6505bc3d' where picture_id=2519;
2022-10-10 14:33:47.420  INFO 4460 --- [    Test worker] p6spy                                    : #1665380027420 | took 0ms | statement | connection 26| url jdbc:h2:mem:ad3a9e80-f26d-4a3e-9691-17f803db5723
update picture set spot_id=?, url=? where picture_id=?
update picture set spot_id=683, url='java.io.StringReader@1eb6b526' where picture_id=2521;
2022-10-10 14:33:47.420  INFO 4460 --- [    Test worker] p6spy                                    : #1665380027420 | took 0ms | statement | connection 26| url jdbc:h2:mem:ad3a9e80-f26d-4a3e-9691-17f803db5723
update picture set spot_id=?, url=? where picture_id=?
update picture set spot_id=683, url='java.io.StringReader@7420478a' where picture_id=2522;
2022-10-10 14:33:47.420  INFO 4460 --- [    Test worker] p6spy                                    : #1665380027420 | took 0ms | statement | connection 26| url jdbc:h2:mem:ad3a9e80-f26d-4a3e-9691-17f803db5723
update picture set spot_id=?, url=? where picture_id=?
update picture set spot_id=683, url='java.io.StringReader@69e0ad06' where picture_id=2523;
2022-10-10 14:33:47.420  INFO 4460 --- [    Test worker] p6spy                                    : #1665380027420 | took 0ms | statement | connection 26| url jdbc:h2:mem:ad3a9e80-f26d-4a3e-9691-17f803db5723
update picture set spot_id=?, url=? where picture_id=?
update picture set spot_id=684, url='java.io.StringReader@280bff61' where picture_id=2525;
2022-10-10 14:33:47.420  INFO 4460 --- [    Test worker] p6spy                                    : #1665380027420 | took 0ms | statement | connection 26| url jdbc:h2:mem:ad3a9e80-f26d-4a3e-9691-17f803db5723
update picture set spot_id=?, url=? where picture_id=?
update picture set spot_id=684, url='java.io.StringReader@72febfc3' where picture_id=2526;
2022-10-10 14:33:47.420  INFO 4460 --- [    Test worker] p6spy                                    : #1665380027420 | took 0ms | statement | connection 26| url jdbc:h2:mem:ad3a9e80-f26d-4a3e-9691-17f803db5723
update picture set spot_id=?, url=? where picture_id=?
update picture set spot_id=684, url='java.io.StringReader@5d155b69' where picture_id=2527;
2022-10-10 14:33:47.420  INFO 4460 --- [    Test worker] p6spy                                    : #1665380027420 | took 0ms | statement | connection 26| url jdbc:h2:mem:ad3a9e80-f26d-4a3e-9691-17f803db5723
update picture set spot_id=?, url=? where picture_id=?
update picture set spot_id=685, url='java.io.StringReader@57730842' where picture_id=2529;
2022-10-10 14:33:47.420  INFO 4460 --- [    Test worker] p6spy                                    : #1665380027420 | took 0ms | statement | connection 26| url jdbc:h2:mem:ad3a9e80-f26d-4a3e-9691-17f803db5723
update picture set spot_id=?, url=? where picture_id=?
update picture set spot_id=685, url='java.io.StringReader@5a308c93' where picture_id=2530;
2022-10-10 14:33:47.420  INFO 4460 --- [    Test worker] p6spy                                    : #1665380027420 | took 0ms | statement | connection 26| url jdbc:h2:mem:ad3a9e80-f26d-4a3e-9691-17f803db5723
update picture set spot_id=?, url=? where picture_id=?
update picture set spot_id=685, url='java.io.StringReader@2afd25f2' where picture_id=2531;
2022-10-10 14:33:47.420  INFO 4460 --- [    Test worker] p6spy                                    : #1665380027420 | took 0ms | statement | connection 26| url jdbc:h2:mem:ad3a9e80-f26d-4a3e-9691-17f803db5723
update picture set spot_id=?, url=? where picture_id=?
update picture set spot_id=686, url='java.io.StringReader@45378b28' where picture_id=2533;
2022-10-10 14:33:47.420  INFO 4460 --- [    Test worker] p6spy                                    : #1665380027420 | took 0ms | statement | connection 26| url jdbc:h2:mem:ad3a9e80-f26d-4a3e-9691-17f803db5723
update picture set spot_id=?, url=? where picture_id=?
update picture set spot_id=686, url='java.io.StringReader@3ebd549b' where picture_id=2534;
2022-10-10 14:33:47.420  INFO 4460 --- [    Test worker] p6spy                                    : #1665380027420 | took 0ms | statement | connection 26| url jdbc:h2:mem:ad3a9e80-f26d-4a3e-9691-17f803db5723
update picture set spot_id=?, url=? where picture_id=?
update picture set spot_id=686, url='java.io.StringReader@4e80632f' where picture_id=2535;
2022-10-10 14:33:47.420  INFO 4460 --- [    Test worker] p6spy                                    : #1665380027420 | took 0ms | statement | connection 26| url jdbc:h2:mem:ad3a9e80-f26d-4a3e-9691-17f803db5723
update picture set spot_id=?, url=? where picture_id=?
update picture set spot_id=687, url='java.io.StringReader@322c3bbd' where picture_id=2537;
2022-10-10 14:33:47.420  INFO 4460 --- [    Test worker] p6spy                                    : #1665380027420 | took 0ms | statement | connection 26| url jdbc:h2:mem:ad3a9e80-f26d-4a3e-9691-17f803db5723
update picture set spot_id=?, url=? where picture_id=?
update picture set spot_id=687, url='java.io.StringReader@3bab7b9b' where picture_id=2538;
2022-10-10 14:33:47.420  INFO 4460 --- [    Test worker] p6spy                                    : #1665380027420 | took 0ms | statement | connection 26| url jdbc:h2:mem:ad3a9e80-f26d-4a3e-9691-17f803db5723
update picture set spot_id=?, url=? where picture_id=?
update picture set spot_id=687, url='java.io.StringReader@3694fbf5' where picture_id=2539;
2022-10-10 14:33:47.420  INFO 4460 --- [    Test worker] p6spy                                    : #1665380027420 | took 0ms | statement | connection 26| url jdbc:h2:mem:ad3a9e80-f26d-4a3e-9691-17f803db5723
update picture set spot_id=?, url=? where picture_id=?
update picture set spot_id=688, url='java.io.StringReader@22b5f4d' where picture_id=2541;
2022-10-10 14:33:47.420  INFO 4460 --- [    Test worker] p6spy                                    : #1665380027420 | took 0ms | statement | connection 26| url jdbc:h2:mem:ad3a9e80-f26d-4a3e-9691-17f803db5723
update picture set spot_id=?, url=? where picture_id=?
update picture set spot_id=688, url='java.io.StringReader@5658d44c' where picture_id=2542;
2022-10-10 14:33:47.421  INFO 4460 --- [    Test worker] p6spy                                    : #1665380027421 | took 0ms | statement | connection 26| url jdbc:h2:mem:ad3a9e80-f26d-4a3e-9691-17f803db5723
update picture set spot_id=?, url=? where picture_id=?
update picture set spot_id=688, url='java.io.StringReader@5bc76448' where picture_id=2543;
2022-10-10 14:33:47.421  INFO 4460 --- [    Test worker] p6spy                                    : #1665380027421 | took 0ms | statement | connection 26| url jdbc:h2:mem:ad3a9e80-f26d-4a3e-9691-17f803db5723
update picture set spot_id=?, url=? where picture_id=?
update picture set spot_id=689, url='java.io.StringReader@3f193a35' where picture_id=2545;
2022-10-10 14:33:47.421  INFO 4460 --- [    Test worker] p6spy                                    : #1665380027421 | took 0ms | statement | connection 26| url jdbc:h2:mem:ad3a9e80-f26d-4a3e-9691-17f803db5723
update picture set spot_id=?, url=? where picture_id=?
update picture set spot_id=689, url='java.io.StringReader@64be75a6' where picture_id=2546;
2022-10-10 14:33:47.421  INFO 4460 --- [    Test worker] p6spy                                    : #1665380027421 | took 0ms | statement | connection 26| url jdbc:h2:mem:ad3a9e80-f26d-4a3e-9691-17f803db5723
update picture set spot_id=?, url=? where picture_id=?
update picture set spot_id=689, url='java.io.StringReader@1981016e' where picture_id=2547;
2022-10-10 14:33:47.421  INFO 4460 --- [    Test worker] p6spy                                    : #1665380027421 | took 0ms | statement | connection 26| url jdbc:h2:mem:ad3a9e80-f26d-4a3e-9691-17f803db5723
update picture set spot_id=?, url=? where picture_id=?
update picture set spot_id=690, url='java.io.StringReader@3124360c' where picture_id=2549;
2022-10-10 14:33:47.421  INFO 4460 --- [    Test worker] p6spy                                    : #1665380027421 | took 0ms | statement | connection 26| url jdbc:h2:mem:ad3a9e80-f26d-4a3e-9691-17f803db5723
update picture set spot_id=?, url=? where picture_id=?
update picture set spot_id=690, url='java.io.StringReader@64e865ba' where picture_id=2550;
2022-10-10 14:33:47.421  INFO 4460 --- [    Test worker] p6spy                                    : #1665380027421 | took 0ms | statement | connection 26| url jdbc:h2:mem:ad3a9e80-f26d-4a3e-9691-17f803db5723
update picture set spot_id=?, url=? where picture_id=?
update picture set spot_id=690, url='java.io.StringReader@47069d07' where picture_id=2551;
2022-10-10 14:33:47.421  INFO 4460 --- [    Test worker] p6spy                                    : #1665380027421 | took 0ms | statement | connection 26| url jdbc:h2:mem:ad3a9e80-f26d-4a3e-9691-17f803db5723
update picture set spot_id=?, url=? where picture_id=?
update picture set spot_id=691, url='java.io.StringReader@475d6448' where picture_id=2553;
2022-10-10 14:33:47.421  INFO 4460 --- [    Test worker] p6spy                                    : #1665380027421 | took 0ms | statement | connection 26| url jdbc:h2:mem:ad3a9e80-f26d-4a3e-9691-17f803db5723
update picture set spot_id=?, url=? where picture_id=?
update picture set spot_id=691, url='java.io.StringReader@2a2c0559' where picture_id=2554;
2022-10-10 14:33:47.421  INFO 4460 --- [    Test worker] p6spy                                    : #1665380027421 | took 0ms | statement | connection 26| url jdbc:h2:mem:ad3a9e80-f26d-4a3e-9691-17f803db5723
update picture set spot_id=?, url=? where picture_id=?
update picture set spot_id=691, url='java.io.StringReader@18dc5981' where picture_id=2555;
2022-10-10 14:33:47.421  INFO 4460 --- [    Test worker] p6spy                                    : #1665380027421 | took 0ms | statement | connection 26| url jdbc:h2:mem:ad3a9e80-f26d-4a3e-9691-17f803db5723
update picture set spot_id=?, url=? where picture_id=?
update picture set spot_id=692, url='java.io.StringReader@2c79374f' where picture_id=2557;
2022-10-10 14:33:47.421  INFO 4460 --- [    Test worker] p6spy                                    : #1665380027421 | took 0ms | statement | connection 26| url jdbc:h2:mem:ad3a9e80-f26d-4a3e-9691-17f803db5723
update picture set spot_id=?, url=? where picture_id=?
update picture set spot_id=692, url='java.io.StringReader@21c653ca' where picture_id=2558;
2022-10-10 14:33:47.421  INFO 4460 --- [    Test worker] p6spy                                    : #1665380027421 | took 0ms | statement | connection 26| url jdbc:h2:mem:ad3a9e80-f26d-4a3e-9691-17f803db5723
update picture set spot_id=?, url=? where picture_id=?
update picture set spot_id=692, url='java.io.StringReader@42cbc080' where picture_id=2559;
2022-10-10 14:33:47.421  INFO 4460 --- [    Test worker] p6spy                                    : #1665380027421 | took 0ms | statement | connection 26| url jdbc:h2:mem:ad3a9e80-f26d-4a3e-9691-17f803db5723
update picture set spot_id=?, url=? where picture_id=?
update picture set spot_id=693, url='java.io.StringReader@53f74c6f' where picture_id=2561;
2022-10-10 14:33:47.421  INFO 4460 --- [    Test worker] p6spy                                    : #1665380027421 | took 0ms | statement | connection 26| url jdbc:h2:mem:ad3a9e80-f26d-4a3e-9691-17f803db5723
update picture set spot_id=?, url=? where picture_id=?
update picture set spot_id=693, url='java.io.StringReader@347d1e5e' where picture_id=2562;
2022-10-10 14:33:47.421  INFO 4460 --- [    Test worker] p6spy                                    : #1665380027421 | took 0ms | statement | connection 26| url jdbc:h2:mem:ad3a9e80-f26d-4a3e-9691-17f803db5723
update picture set spot_id=?, url=? where picture_id=?
update picture set spot_id=693, url='java.io.StringReader@528e2b86' where picture_id=2563;
2022-10-10 14:33:47.421  INFO 4460 --- [    Test worker] p6spy                                    : #1665380027421 | took 0ms | statement | connection 26| url jdbc:h2:mem:ad3a9e80-f26d-4a3e-9691-17f803db5723
update picture set spot_id=?, url=? where picture_id=?
update picture set spot_id=694, url='java.io.StringReader@1ab37f73' where picture_id=2565;
2022-10-10 14:33:47.421  INFO 4460 --- [    Test worker] p6spy                                    : #1665380027421 | took 0ms | statement | connection 26| url jdbc:h2:mem:ad3a9e80-f26d-4a3e-9691-17f803db5723
update picture set spot_id=?, url=? where picture_id=?
update picture set spot_id=694, url='java.io.StringReader@2c9403ae' where picture_id=2566;
2022-10-10 14:33:47.421  INFO 4460 --- [    Test worker] p6spy                                    : #1665380027421 | took 0ms | statement | connection 26| url jdbc:h2:mem:ad3a9e80-f26d-4a3e-9691-17f803db5723
update picture set spot_id=?, url=? where picture_id=?
update picture set spot_id=694, url='java.io.StringReader@67b84619' where picture_id=2567;
2022-10-10 14:33:47.421  INFO 4460 --- [    Test worker] p6spy                                    : #1665380027421 | took 0ms | statement | connection 26| url jdbc:h2:mem:ad3a9e80-f26d-4a3e-9691-17f803db5723
update picture set spot_id=?, url=? where picture_id=?
update picture set spot_id=695, url='java.io.StringReader@25d2edc6' where picture_id=2569;
2022-10-10 14:33:47.421  INFO 4460 --- [    Test worker] p6spy                                    : #1665380027421 | took 0ms | statement | connection 26| url jdbc:h2:mem:ad3a9e80-f26d-4a3e-9691-17f803db5723
update picture set spot_id=?, url=? where picture_id=?
update picture set spot_id=695, url='java.io.StringReader@509d927c' where picture_id=2570;
2022-10-10 14:33:47.421  INFO 4460 --- [    Test worker] p6spy                                    : #1665380027421 | took 0ms | statement | connection 26| url jdbc:h2:mem:ad3a9e80-f26d-4a3e-9691-17f803db5723
update picture set spot_id=?, url=? where picture_id=?
update picture set spot_id=695, url='java.io.StringReader@2e4d24d6' where picture_id=2571;
2022-10-10 14:33:47.421  INFO 4460 --- [    Test worker] p6spy                                    : #1665380027421 | took 0ms | statement | connection 26| url jdbc:h2:mem:ad3a9e80-f26d-4a3e-9691-17f803db5723
update picture set spot_id=?, url=? where picture_id=?
update picture set spot_id=696, url='java.io.StringReader@5d65bb6b' where picture_id=2573;
2022-10-10 14:33:47.421  INFO 4460 --- [    Test worker] p6spy                                    : #1665380027421 | took 0ms | statement | connection 26| url jdbc:h2:mem:ad3a9e80-f26d-4a3e-9691-17f803db5723
update picture set spot_id=?, url=? where picture_id=?
update picture set spot_id=696, url='java.io.StringReader@7e6a967d' where picture_id=2574;
2022-10-10 14:33:47.421  INFO 4460 --- [    Test worker] p6spy                                    : #1665380027421 | took 0ms | statement | connection 26| url jdbc:h2:mem:ad3a9e80-f26d-4a3e-9691-17f803db5723
update picture set spot_id=?, url=? where picture_id=?
update picture set spot_id=696, url='java.io.StringReader@4c9c3b3b' where picture_id=2575;
2022-10-10 14:33:47.422  INFO 4460 --- [    Test worker] p6spy                                    : #1665380027422 | took 0ms | statement | connection 26| url jdbc:h2:mem:ad3a9e80-f26d-4a3e-9691-17f803db5723
update picture set spot_id=?, url=? where picture_id=?
update picture set spot_id=697, url='java.io.StringReader@89a513a' where picture_id=2577;
2022-10-10 14:33:47.422  INFO 4460 --- [    Test worker] p6spy                                    : #1665380027422 | took 0ms | statement | connection 26| url jdbc:h2:mem:ad3a9e80-f26d-4a3e-9691-17f803db5723
update picture set spot_id=?, url=? where picture_id=?
update picture set spot_id=697, url='java.io.StringReader@3800d089' where picture_id=2578;
2022-10-10 14:33:47.422  INFO 4460 --- [    Test worker] p6spy                                    : #1665380027422 | took 0ms | statement | connection 26| url jdbc:h2:mem:ad3a9e80-f26d-4a3e-9691-17f803db5723
update picture set spot_id=?, url=? where picture_id=?
update picture set spot_id=697, url='java.io.StringReader@4050b1ba' where picture_id=2579;
2022-10-10 14:33:47.422  INFO 4460 --- [    Test worker] p6spy                                    : #1665380027422 | took 0ms | statement | connection 26| url jdbc:h2:mem:ad3a9e80-f26d-4a3e-9691-17f803db5723
update picture set spot_id=?, url=? where picture_id=?
update picture set spot_id=698, url='java.io.StringReader@1c2a2d71' where picture_id=2581;
2022-10-10 14:33:47.422  INFO 4460 --- [    Test worker] p6spy                                    : #1665380027422 | took 0ms | statement | connection 26| url jdbc:h2:mem:ad3a9e80-f26d-4a3e-9691-17f803db5723
update picture set spot_id=?, url=? where picture_id=?
update picture set spot_id=698, url='java.io.StringReader@682ac426' where picture_id=2582;
2022-10-10 14:33:47.422  INFO 4460 --- [    Test worker] p6spy                                    : #1665380027422 | took 0ms | statement | connection 26| url jdbc:h2:mem:ad3a9e80-f26d-4a3e-9691-17f803db5723
update picture set spot_id=?, url=? where picture_id=?
update picture set spot_id=698, url='java.io.StringReader@16b512d5' where picture_id=2583;
2022-10-10 14:33:47.422  INFO 4460 --- [    Test worker] p6spy                                    : #1665380027422 | took 0ms | statement | connection 26| url jdbc:h2:mem:ad3a9e80-f26d-4a3e-9691-17f803db5723
update picture set spot_id=?, url=? where picture_id=?
update picture set spot_id=699, url='java.io.StringReader@2cd43042' where picture_id=2585;
2022-10-10 14:33:47.422  INFO 4460 --- [    Test worker] p6spy                                    : #1665380027422 | took 0ms | statement | connection 26| url jdbc:h2:mem:ad3a9e80-f26d-4a3e-9691-17f803db5723
update picture set spot_id=?, url=? where picture_id=?
update picture set spot_id=699, url='java.io.StringReader@3bdd682a' where picture_id=2586;
2022-10-10 14:33:47.422  INFO 4460 --- [    Test worker] p6spy                                    : #1665380027422 | took 0ms | statement | connection 26| url jdbc:h2:mem:ad3a9e80-f26d-4a3e-9691-17f803db5723
update picture set spot_id=?, url=? where picture_id=?
update picture set spot_id=699, url='java.io.StringReader@cb27a26' where picture_id=2587;
2022-10-10 14:33:47.422  INFO 4460 --- [    Test worker] p6spy                                    : #1665380027422 | took 0ms | statement | connection 26| url jdbc:h2:mem:ad3a9e80-f26d-4a3e-9691-17f803db5723
update picture set spot_id=?, url=? where picture_id=?
update picture set spot_id=700, url='java.io.StringReader@58c23786' where picture_id=2589;
2022-10-10 14:33:47.422  INFO 4460 --- [    Test worker] p6spy                                    : #1665380027422 | took 0ms | statement | connection 26| url jdbc:h2:mem:ad3a9e80-f26d-4a3e-9691-17f803db5723
update picture set spot_id=?, url=? where picture_id=?
update picture set spot_id=700, url='java.io.StringReader@79cd73c7' where picture_id=2590;
2022-10-10 14:33:47.422  INFO 4460 --- [    Test worker] p6spy                                    : #1665380027422 | took 0ms | statement | connection 26| url jdbc:h2:mem:ad3a9e80-f26d-4a3e-9691-17f803db5723
update picture set spot_id=?, url=? where picture_id=?
update picture set spot_id=700, url='java.io.StringReader@7b778cf7' where picture_id=2591;
2022-10-10 14:33:47.422  INFO 4460 --- [    Test worker] p6spy                                    : #1665380027422 | took 0ms | statement | connection 26| url jdbc:h2:mem:ad3a9e80-f26d-4a3e-9691-17f803db5723
update picture set spot_id=?, url=? where picture_id=?
update picture set spot_id=701, url='java.io.StringReader@12fe3e71' where picture_id=2593;
2022-10-10 14:33:47.422  INFO 4460 --- [    Test worker] p6spy                                    : #1665380027422 | took 0ms | statement | connection 26| url jdbc:h2:mem:ad3a9e80-f26d-4a3e-9691-17f803db5723
update picture set spot_id=?, url=? where picture_id=?
update picture set spot_id=701, url='java.io.StringReader@b0ea069' where picture_id=2594;
2022-10-10 14:33:47.422  INFO 4460 --- [    Test worker] p6spy                                    : #1665380027422 | took 0ms | statement | connection 26| url jdbc:h2:mem:ad3a9e80-f26d-4a3e-9691-17f803db5723
update picture set spot_id=?, url=? where picture_id=?
update picture set spot_id=701, url='java.io.StringReader@251425bd' where picture_id=2595;
2022-10-10 14:33:47.422  INFO 4460 --- [    Test worker] p6spy                                    : #1665380027422 | took 0ms | statement | connection 26| url jdbc:h2:mem:ad3a9e80-f26d-4a3e-9691-17f803db5723
update picture set spot_id=?, url=? where picture_id=?
update picture set spot_id=702, url='java.io.StringReader@439aa007' where picture_id=2597;
2022-10-10 14:33:47.422  INFO 4460 --- [    Test worker] p6spy                                    : #1665380027422 | took 0ms | statement | connection 26| url jdbc:h2:mem:ad3a9e80-f26d-4a3e-9691-17f803db5723
update picture set spot_id=?, url=? where picture_id=?
update picture set spot_id=702, url='java.io.StringReader@3f3018f' where picture_id=2598;
2022-10-10 14:33:47.422  INFO 4460 --- [    Test worker] p6spy                                    : #1665380027422 | took 0ms | statement | connection 26| url jdbc:h2:mem:ad3a9e80-f26d-4a3e-9691-17f803db5723
update picture set spot_id=?, url=? where picture_id=?
update picture set spot_id=702, url='java.io.StringReader@16beef05' where picture_id=2599;
2022-10-10 14:33:47.422  INFO 4460 --- [    Test worker] p6spy                                    : #1665380027422 | took 0ms | statement | connection 26| url jdbc:h2:mem:ad3a9e80-f26d-4a3e-9691-17f803db5723
update picture set spot_id=?, url=? where picture_id=?
update picture set spot_id=703, url='java.io.StringReader@509d77ee' where picture_id=2601;
2022-10-10 14:33:47.422  INFO 4460 --- [    Test worker] p6spy                                    : #1665380027422 | took 0ms | statement | connection 26| url jdbc:h2:mem:ad3a9e80-f26d-4a3e-9691-17f803db5723
update picture set spot_id=?, url=? where picture_id=?
update picture set spot_id=703, url='java.io.StringReader@41f8ddc1' where picture_id=2602;
2022-10-10 14:33:47.422  INFO 4460 --- [    Test worker] p6spy                                    : #1665380027422 | took 0ms | statement | connection 26| url jdbc:h2:mem:ad3a9e80-f26d-4a3e-9691-17f803db5723
update picture set spot_id=?, url=? where picture_id=?
update picture set spot_id=703, url='java.io.StringReader@6a73ed30' where picture_id=2603;
2022-10-10 14:33:47.422  INFO 4460 --- [    Test worker] p6spy                                    : #1665380027422 | took 0ms | statement | connection 26| url jdbc:h2:mem:ad3a9e80-f26d-4a3e-9691-17f803db5723
update picture set spot_id=?, url=? where picture_id=?
update picture set spot_id=704, url='java.io.StringReader@7652ff94' where picture_id=2605;
2022-10-10 14:33:47.422  INFO 4460 --- [    Test worker] p6spy                                    : #1665380027422 | took 0ms | statement | connection 26| url jdbc:h2:mem:ad3a9e80-f26d-4a3e-9691-17f803db5723
update picture set spot_id=?, url=? where picture_id=?
update picture set spot_id=704, url='java.io.StringReader@35946da7' where picture_id=2606;
2022-10-10 14:33:47.422  INFO 4460 --- [    Test worker] p6spy                                    : #1665380027422 | took 0ms | statement | connection 26| url jdbc:h2:mem:ad3a9e80-f26d-4a3e-9691-17f803db5723
update picture set spot_id=?, url=? where picture_id=?
update picture set spot_id=704, url='java.io.StringReader@2e2fefc4' where picture_id=2607;
2022-10-10 14:33:47.422  INFO 4460 --- [    Test worker] p6spy                                    : #1665380027422 | took 0ms | statement | connection 26| url jdbc:h2:mem:ad3a9e80-f26d-4a3e-9691-17f803db5723
update picture set spot_id=?, url=? where picture_id=?
update picture set spot_id=705, url='java.io.StringReader@4ace740d' where picture_id=2609;
2022-10-10 14:33:47.423  INFO 4460 --- [    Test worker] p6spy                                    : #1665380027423 | took 0ms | statement | connection 26| url jdbc:h2:mem:ad3a9e80-f26d-4a3e-9691-17f803db5723
update picture set spot_id=?, url=? where picture_id=?
update picture set spot_id=705, url='java.io.StringReader@789fcc18' where picture_id=2610;
2022-10-10 14:33:47.423  INFO 4460 --- [    Test worker] p6spy                                    : #1665380027423 | took 0ms | statement | connection 26| url jdbc:h2:mem:ad3a9e80-f26d-4a3e-9691-17f803db5723
update picture set spot_id=?, url=? where picture_id=?
update picture set spot_id=705, url='java.io.StringReader@3325f58d' where picture_id=2611;
2022-10-10 14:33:47.423  INFO 4460 --- [    Test worker] p6spy                                    : #1665380027423 | took 0ms | statement | connection 26| url jdbc:h2:mem:ad3a9e80-f26d-4a3e-9691-17f803db5723
update picture set spot_id=?, url=? where picture_id=?
update picture set spot_id=706, url='java.io.StringReader@148cacc9' where picture_id=2613;
2022-10-10 14:33:47.423  INFO 4460 --- [    Test worker] p6spy                                    : #1665380027423 | took 0ms | statement | connection 26| url jdbc:h2:mem:ad3a9e80-f26d-4a3e-9691-17f803db5723
update picture set spot_id=?, url=? where picture_id=?
update picture set spot_id=706, url='java.io.StringReader@3a45de41' where picture_id=2614;
2022-10-10 14:33:47.423  INFO 4460 --- [    Test worker] p6spy                                    : #1665380027423 | took 0ms | statement | connection 26| url jdbc:h2:mem:ad3a9e80-f26d-4a3e-9691-17f803db5723
update picture set spot_id=?, url=? where picture_id=?
update picture set spot_id=706, url='java.io.StringReader@65924a41' where picture_id=2615;
2022-10-10 14:33:47.423  INFO 4460 --- [    Test worker] p6spy                                    : #1665380027423 | took 0ms | statement | connection 26| url jdbc:h2:mem:ad3a9e80-f26d-4a3e-9691-17f803db5723
update picture set spot_id=?, url=? where picture_id=?
update picture set spot_id=707, url='java.io.StringReader@12621374' where picture_id=2617;
2022-10-10 14:33:47.423  INFO 4460 --- [    Test worker] p6spy                                    : #1665380027423 | took 0ms | statement | connection 26| url jdbc:h2:mem:ad3a9e80-f26d-4a3e-9691-17f803db5723
update picture set spot_id=?, url=? where picture_id=?
update picture set spot_id=707, url='java.io.StringReader@75fdb0d8' where picture_id=2618;
2022-10-10 14:33:47.423  INFO 4460 --- [    Test worker] p6spy                                    : #1665380027423 | took 0ms | statement | connection 26| url jdbc:h2:mem:ad3a9e80-f26d-4a3e-9691-17f803db5723
update picture set spot_id=?, url=? where picture_id=?
update picture set spot_id=707, url='java.io.StringReader@36ebc9f5' where picture_id=2619;
2022-10-10 14:33:47.423  INFO 4460 --- [    Test worker] p6spy                                    : #1665380027423 | took 0ms | statement | connection 26| url jdbc:h2:mem:ad3a9e80-f26d-4a3e-9691-17f803db5723
update picture set spot_id=?, url=? where picture_id=?
update picture set spot_id=708, url='java.io.StringReader@7748db84' where picture_id=2621;
2022-10-10 14:33:47.423  INFO 4460 --- [    Test worker] p6spy                                    : #1665380027423 | took 0ms | statement | connection 26| url jdbc:h2:mem:ad3a9e80-f26d-4a3e-9691-17f803db5723
update picture set spot_id=?, url=? where picture_id=?
update picture set spot_id=708, url='java.io.StringReader@5f60c384' where picture_id=2622;
2022-10-10 14:33:47.423  INFO 4460 --- [    Test worker] p6spy                                    : #1665380027423 | took 0ms | statement | connection 26| url jdbc:h2:mem:ad3a9e80-f26d-4a3e-9691-17f803db5723
update picture set spot_id=?, url=? where picture_id=?
update picture set spot_id=708, url='java.io.StringReader@4f80fb03' where picture_id=2623;
2022-10-10 14:33:47.423  INFO 4460 --- [    Test worker] p6spy                                    : #1665380027423 | took 0ms | statement | connection 26| url jdbc:h2:mem:ad3a9e80-f26d-4a3e-9691-17f803db5723
update picture set spot_id=?, url=? where picture_id=?
update picture set spot_id=709, url='java.io.StringReader@5d2ef8eb' where picture_id=2625;
2022-10-10 14:33:47.423  INFO 4460 --- [    Test worker] p6spy                                    : #1665380027423 | took 0ms | statement | connection 26| url jdbc:h2:mem:ad3a9e80-f26d-4a3e-9691-17f803db5723
update picture set spot_id=?, url=? where picture_id=?
update picture set spot_id=709, url='java.io.StringReader@1e326748' where picture_id=2626;
2022-10-10 14:33:47.423  INFO 4460 --- [    Test worker] p6spy                                    : #1665380027423 | took 0ms | statement | connection 26| url jdbc:h2:mem:ad3a9e80-f26d-4a3e-9691-17f803db5723
update picture set spot_id=?, url=? where picture_id=?
update picture set spot_id=709, url='java.io.StringReader@59b625b3' where picture_id=2627;
2022-10-10 14:33:47.423  INFO 4460 --- [    Test worker] p6spy                                    : #1665380027423 | took 0ms | statement | connection 26| url jdbc:h2:mem:ad3a9e80-f26d-4a3e-9691-17f803db5723
update picture set spot_id=?, url=? where picture_id=?
update picture set spot_id=710, url='java.io.StringReader@2f501365' where picture_id=2629;
2022-10-10 14:33:47.423  INFO 4460 --- [    Test worker] p6spy                                    : #1665380027423 | took 0ms | statement | connection 26| url jdbc:h2:mem:ad3a9e80-f26d-4a3e-9691-17f803db5723
update picture set spot_id=?, url=? where picture_id=?
update picture set spot_id=710, url='java.io.StringReader@d65dc2d' where picture_id=2630;
2022-10-10 14:33:47.423  INFO 4460 --- [    Test worker] p6spy                                    : #1665380027423 | took 0ms | statement | connection 26| url jdbc:h2:mem:ad3a9e80-f26d-4a3e-9691-17f803db5723
update picture set spot_id=?, url=? where picture_id=?
update picture set spot_id=710, url='java.io.StringReader@1b1e54e8' where picture_id=2631;
2022-10-10 14:33:47.423  INFO 4460 --- [    Test worker] p6spy                                    : #1665380027423 | took 0ms | statement | connection 26| url jdbc:h2:mem:ad3a9e80-f26d-4a3e-9691-17f803db5723
update picture set spot_id=?, url=? where picture_id=?
update picture set spot_id=711, url='java.io.StringReader@69e90628' where picture_id=2633;
2022-10-10 14:33:47.423  INFO 4460 --- [    Test worker] p6spy                                    : #1665380027423 | took 0ms | statement | connection 26| url jdbc:h2:mem:ad3a9e80-f26d-4a3e-9691-17f803db5723
update picture set spot_id=?, url=? where picture_id=?
update picture set spot_id=711, url='java.io.StringReader@5d4f3907' where picture_id=2634;
2022-10-10 14:33:47.423  INFO 4460 --- [    Test worker] p6spy                                    : #1665380027423 | took 0ms | statement | connection 26| url jdbc:h2:mem:ad3a9e80-f26d-4a3e-9691-17f803db5723
update picture set spot_id=?, url=? where picture_id=?
update picture set spot_id=711, url='java.io.StringReader@8f11f27' where picture_id=2635;
2022-10-10 14:33:47.423  INFO 4460 --- [    Test worker] p6spy                                    : #1665380027423 | took 0ms | statement | connection 26| url jdbc:h2:mem:ad3a9e80-f26d-4a3e-9691-17f803db5723
update picture set spot_id=?, url=? where picture_id=?
update picture set spot_id=712, url='java.io.StringReader@3d84beb0' where picture_id=2637;
2022-10-10 14:33:47.423  INFO 4460 --- [    Test worker] p6spy                                    : #1665380027423 | took 0ms | statement | connection 26| url jdbc:h2:mem:ad3a9e80-f26d-4a3e-9691-17f803db5723
update picture set spot_id=?, url=? where picture_id=?
update picture set spot_id=712, url='java.io.StringReader@4ffc921e' where picture_id=2638;
2022-10-10 14:33:47.423  INFO 4460 --- [    Test worker] p6spy                                    : #1665380027423 | took 0ms | statement | connection 26| url jdbc:h2:mem:ad3a9e80-f26d-4a3e-9691-17f803db5723
update picture set spot_id=?, url=? where picture_id=?
update picture set spot_id=712, url='java.io.StringReader@275772fa' where picture_id=2639;
2022-10-10 14:33:47.423  INFO 4460 --- [    Test worker] p6spy                                    : #1665380027423 | took 0ms | statement | connection 26| url jdbc:h2:mem:ad3a9e80-f26d-4a3e-9691-17f803db5723
update picture set spot_id=?, url=? where picture_id=?
update picture set spot_id=713, url='java.io.StringReader@1271a1cf' where picture_id=2641;
2022-10-10 14:33:47.423  INFO 4460 --- [    Test worker] p6spy                                    : #1665380027423 | took 0ms | statement | connection 26| url jdbc:h2:mem:ad3a9e80-f26d-4a3e-9691-17f803db5723
update picture set spot_id=?, url=? where picture_id=?
update picture set spot_id=713, url='java.io.StringReader@1f1bde6' where picture_id=2642;
2022-10-10 14:33:47.424  INFO 4460 --- [    Test worker] p6spy                                    : #1665380027424 | took 0ms | statement | connection 26| url jdbc:h2:mem:ad3a9e80-f26d-4a3e-9691-17f803db5723
update picture set spot_id=?, url=? where picture_id=?
update picture set spot_id=713, url='java.io.StringReader@5525c7cc' where picture_id=2643;
2022-10-10 14:33:47.424  INFO 4460 --- [    Test worker] p6spy                                    : #1665380027424 | took 0ms | statement | connection 26| url jdbc:h2:mem:ad3a9e80-f26d-4a3e-9691-17f803db5723
update picture set spot_id=?, url=? where picture_id=?
update picture set spot_id=714, url='java.io.StringReader@32cdf4b' where picture_id=2645;
2022-10-10 14:33:47.424  INFO 4460 --- [    Test worker] p6spy                                    : #1665380027424 | took 0ms | statement | connection 26| url jdbc:h2:mem:ad3a9e80-f26d-4a3e-9691-17f803db5723
update picture set spot_id=?, url=? where picture_id=?
update picture set spot_id=714, url='java.io.StringReader@77752037' where picture_id=2646;
2022-10-10 14:33:47.424  INFO 4460 --- [    Test worker] p6spy                                    : #1665380027424 | took 0ms | statement | connection 26| url jdbc:h2:mem:ad3a9e80-f26d-4a3e-9691-17f803db5723
update picture set spot_id=?, url=? where picture_id=?
update picture set spot_id=714, url='java.io.StringReader@75d74321' where picture_id=2647;
2022-10-10 14:33:47.424  INFO 4460 --- [    Test worker] p6spy                                    : #1665380027424 | took 0ms | statement | connection 26| url jdbc:h2:mem:ad3a9e80-f26d-4a3e-9691-17f803db5723
update picture set spot_id=?, url=? where picture_id=?
update picture set spot_id=715, url='java.io.StringReader@1671a535' where picture_id=2649;
2022-10-10 14:33:47.424  INFO 4460 --- [    Test worker] p6spy                                    : #1665380027424 | took 0ms | statement | connection 26| url jdbc:h2:mem:ad3a9e80-f26d-4a3e-9691-17f803db5723
update picture set spot_id=?, url=? where picture_id=?
update picture set spot_id=715, url='java.io.StringReader@1ce31738' where picture_id=2650;
2022-10-10 14:33:47.424  INFO 4460 --- [    Test worker] p6spy                                    : #1665380027424 | took 0ms | statement | connection 26| url jdbc:h2:mem:ad3a9e80-f26d-4a3e-9691-17f803db5723
update picture set spot_id=?, url=? where picture_id=?
update picture set spot_id=715, url='java.io.StringReader@15f74d04' where picture_id=2651;
2022-10-10 14:33:47.424  INFO 4460 --- [    Test worker] p6spy                                    : #1665380027424 | took 0ms | statement | connection 26| url jdbc:h2:mem:ad3a9e80-f26d-4a3e-9691-17f803db5723
update picture set spot_id=?, url=? where picture_id=?
update picture set spot_id=716, url='java.io.StringReader@26f86b3e' where picture_id=2653;
2022-10-10 14:33:47.424  INFO 4460 --- [    Test worker] p6spy                                    : #1665380027424 | took 0ms | statement | connection 26| url jdbc:h2:mem:ad3a9e80-f26d-4a3e-9691-17f803db5723
update picture set spot_id=?, url=? where picture_id=?
update picture set spot_id=716, url='java.io.StringReader@27b00ff1' where picture_id=2654;
2022-10-10 14:33:47.424  INFO 4460 --- [    Test worker] p6spy                                    : #1665380027424 | took 0ms | statement | connection 26| url jdbc:h2:mem:ad3a9e80-f26d-4a3e-9691-17f803db5723
update picture set spot_id=?, url=? where picture_id=?
update picture set spot_id=716, url='java.io.StringReader@73d07ad9' where picture_id=2655;
2022-10-10 14:33:47.424  INFO 4460 --- [    Test worker] p6spy                                    : #1665380027424 | took 0ms | statement | connection 26| url jdbc:h2:mem:ad3a9e80-f26d-4a3e-9691-17f803db5723
update picture set spot_id=?, url=? where picture_id=?
update picture set spot_id=717, url='java.io.StringReader@6118a8cc' where picture_id=2657;
2022-10-10 14:33:47.424  INFO 4460 --- [    Test worker] p6spy                                    : #1665380027424 | took 0ms | statement | connection 26| url jdbc:h2:mem:ad3a9e80-f26d-4a3e-9691-17f803db5723
update picture set spot_id=?, url=? where picture_id=?
update picture set spot_id=717, url='java.io.StringReader@bdc8448' where picture_id=2658;
2022-10-10 14:33:47.424  INFO 4460 --- [    Test worker] p6spy                                    : #1665380027424 | took 0ms | statement | connection 26| url jdbc:h2:mem:ad3a9e80-f26d-4a3e-9691-17f803db5723
update picture set spot_id=?, url=? where picture_id=?
update picture set spot_id=717, url='java.io.StringReader@62afcae7' where picture_id=2659;
2022-10-10 14:33:47.424  INFO 4460 --- [    Test worker] p6spy                                    : #1665380027424 | took 0ms | statement | connection 26| url jdbc:h2:mem:ad3a9e80-f26d-4a3e-9691-17f803db5723
update picture set spot_id=?, url=? where picture_id=?
update picture set spot_id=718, url='java.io.StringReader@5abb9f5d' where picture_id=2661;
2022-10-10 14:33:47.424  INFO 4460 --- [    Test worker] p6spy                                    : #1665380027424 | took 0ms | statement | connection 26| url jdbc:h2:mem:ad3a9e80-f26d-4a3e-9691-17f803db5723
update picture set spot_id=?, url=? where picture_id=?
update picture set spot_id=718, url='java.io.StringReader@2672eea0' where picture_id=2662;
2022-10-10 14:33:47.424  INFO 4460 --- [    Test worker] p6spy                                    : #1665380027424 | took 0ms | statement | connection 26| url jdbc:h2:mem:ad3a9e80-f26d-4a3e-9691-17f803db5723
update picture set spot_id=?, url=? where picture_id=?
update picture set spot_id=718, url='java.io.StringReader@4d2acf81' where picture_id=2663;
2022-10-10 14:33:47.424  INFO 4460 --- [    Test worker] p6spy                                    : #1665380027424 | took 0ms | statement | connection 26| url jdbc:h2:mem:ad3a9e80-f26d-4a3e-9691-17f803db5723
update picture set spot_id=?, url=? where picture_id=?
update picture set spot_id=719, url='java.io.StringReader@75c6d9c9' where picture_id=2665;
2022-10-10 14:33:47.424  INFO 4460 --- [    Test worker] p6spy                                    : #1665380027424 | took 0ms | statement | connection 26| url jdbc:h2:mem:ad3a9e80-f26d-4a3e-9691-17f803db5723
update picture set spot_id=?, url=? where picture_id=?
update picture set spot_id=719, url='java.io.StringReader@33d4065f' where picture_id=2666;
2022-10-10 14:33:47.424  INFO 4460 --- [    Test worker] p6spy                                    : #1665380027424 | took 0ms | statement | connection 26| url jdbc:h2:mem:ad3a9e80-f26d-4a3e-9691-17f803db5723
update picture set spot_id=?, url=? where picture_id=?
update picture set spot_id=719, url='java.io.StringReader@40a7e5a8' where picture_id=2667;
2022-10-10 14:33:47.424  INFO 4460 --- [    Test worker] p6spy                                    : #1665380027424 | took 0ms | statement | connection 26| url jdbc:h2:mem:ad3a9e80-f26d-4a3e-9691-17f803db5723
update picture set spot_id=?, url=? where picture_id=?
update picture set spot_id=720, url='java.io.StringReader@50942594' where picture_id=2669;
2022-10-10 14:33:47.424  INFO 4460 --- [    Test worker] p6spy                                    : #1665380027424 | took 0ms | statement | connection 26| url jdbc:h2:mem:ad3a9e80-f26d-4a3e-9691-17f803db5723
update picture set spot_id=?, url=? where picture_id=?
update picture set spot_id=720, url='java.io.StringReader@44810889' where picture_id=2670;
2022-10-10 14:33:47.424  INFO 4460 --- [    Test worker] p6spy                                    : #1665380027424 | took 0ms | statement | connection 26| url jdbc:h2:mem:ad3a9e80-f26d-4a3e-9691-17f803db5723
update picture set spot_id=?, url=? where picture_id=?
update picture set spot_id=720, url='java.io.StringReader@34ba3dd3' where picture_id=2671;
2022-10-10 14:33:47.424  INFO 4460 --- [    Test worker] p6spy                                    : #1665380027424 | took 0ms | statement | connection 26| url jdbc:h2:mem:ad3a9e80-f26d-4a3e-9691-17f803db5723
update picture set spot_id=?, url=? where picture_id=?
update picture set spot_id=721, url='java.io.StringReader@5d79c098' where picture_id=2673;
2022-10-10 14:33:47.424  INFO 4460 --- [    Test worker] p6spy                                    : #1665380027424 | took 0ms | statement | connection 26| url jdbc:h2:mem:ad3a9e80-f26d-4a3e-9691-17f803db5723
update picture set spot_id=?, url=? where picture_id=?
update picture set spot_id=721, url='java.io.StringReader@76af1d14' where picture_id=2674;
2022-10-10 14:33:47.424  INFO 4460 --- [    Test worker] p6spy                                    : #1665380027424 | took 0ms | statement | connection 26| url jdbc:h2:mem:ad3a9e80-f26d-4a3e-9691-17f803db5723
update picture set spot_id=?, url=? where picture_id=?
update picture set spot_id=721, url='java.io.StringReader@4d06ced4' where picture_id=2675;
2022-10-10 14:33:47.424  INFO 4460 --- [    Test worker] p6spy                                    : #1665380027424 | took 0ms | statement | connection 26| url jdbc:h2:mem:ad3a9e80-f26d-4a3e-9691-17f803db5723
update picture set spot_id=?, url=? where picture_id=?
update picture set spot_id=722, url='java.io.StringReader@3cacb56d' where picture_id=2677;
2022-10-10 14:33:47.425  INFO 4460 --- [    Test worker] p6spy                                    : #1665380027425 | took 0ms | statement | connection 26| url jdbc:h2:mem:ad3a9e80-f26d-4a3e-9691-17f803db5723
update picture set spot_id=?, url=? where picture_id=?
update picture set spot_id=722, url='java.io.StringReader@41a625fe' where picture_id=2678;
2022-10-10 14:33:47.425  INFO 4460 --- [    Test worker] p6spy                                    : #1665380027425 | took 0ms | statement | connection 26| url jdbc:h2:mem:ad3a9e80-f26d-4a3e-9691-17f803db5723
update picture set spot_id=?, url=? where picture_id=?
update picture set spot_id=722, url='java.io.StringReader@23343813' where picture_id=2679;
2022-10-10 14:33:47.425  INFO 4460 --- [    Test worker] p6spy                                    : #1665380027425 | took 0ms | statement | connection 26| url jdbc:h2:mem:ad3a9e80-f26d-4a3e-9691-17f803db5723
update picture set spot_id=?, url=? where picture_id=?
update picture set spot_id=723, url='java.io.StringReader@28e9c8f' where picture_id=2681;
2022-10-10 14:33:47.425  INFO 4460 --- [    Test worker] p6spy                                    : #1665380027425 | took 0ms | statement | connection 26| url jdbc:h2:mem:ad3a9e80-f26d-4a3e-9691-17f803db5723
update picture set spot_id=?, url=? where picture_id=?
update picture set spot_id=723, url='java.io.StringReader@7183f49e' where picture_id=2682;
2022-10-10 14:33:47.425  INFO 4460 --- [    Test worker] p6spy                                    : #1665380027425 | took 0ms | statement | connection 26| url jdbc:h2:mem:ad3a9e80-f26d-4a3e-9691-17f803db5723
update picture set spot_id=?, url=? where picture_id=?
update picture set spot_id=723, url='java.io.StringReader@ce40c67' where picture_id=2683;
2022-10-10 14:33:47.425  INFO 4460 --- [    Test worker] p6spy                                    : #1665380027425 | took 0ms | statement | connection 26| url jdbc:h2:mem:ad3a9e80-f26d-4a3e-9691-17f803db5723
update picture set spot_id=?, url=? where picture_id=?
update picture set spot_id=724, url='java.io.StringReader@13733560' where picture_id=2685;
2022-10-10 14:33:47.425  INFO 4460 --- [    Test worker] p6spy                                    : #1665380027425 | took 0ms | statement | connection 26| url jdbc:h2:mem:ad3a9e80-f26d-4a3e-9691-17f803db5723
update picture set spot_id=?, url=? where picture_id=?
update picture set spot_id=724, url='java.io.StringReader@4f5801af' where picture_id=2686;
2022-10-10 14:33:47.425  INFO 4460 --- [    Test worker] p6spy                                    : #1665380027425 | took 0ms | statement | connection 26| url jdbc:h2:mem:ad3a9e80-f26d-4a3e-9691-17f803db5723
update picture set spot_id=?, url=? where picture_id=?
update picture set spot_id=724, url='java.io.StringReader@6134ea73' where picture_id=2687;
2022-10-10 14:33:47.425  INFO 4460 --- [    Test worker] p6spy                                    : #1665380027425 | took 0ms | statement | connection 26| url jdbc:h2:mem:ad3a9e80-f26d-4a3e-9691-17f803db5723
update picture set spot_id=?, url=? where picture_id=?
update picture set spot_id=725, url='java.io.StringReader@57902d94' where picture_id=2689;
2022-10-10 14:33:47.425  INFO 4460 --- [    Test worker] p6spy                                    : #1665380027425 | took 0ms | statement | connection 26| url jdbc:h2:mem:ad3a9e80-f26d-4a3e-9691-17f803db5723
update picture set spot_id=?, url=? where picture_id=?
update picture set spot_id=725, url='java.io.StringReader@2a5afd08' where picture_id=2690;
2022-10-10 14:33:47.425  INFO 4460 --- [    Test worker] p6spy                                    : #1665380027425 | took 0ms | statement | connection 26| url jdbc:h2:mem:ad3a9e80-f26d-4a3e-9691-17f803db5723
update picture set spot_id=?, url=? where picture_id=?
update picture set spot_id=725, url='java.io.StringReader@3f8fb7be' where picture_id=2691;
2022-10-10 14:33:47.425  INFO 4460 --- [    Test worker] p6spy                                    : #1665380027425 | took 0ms | statement | connection 26| url jdbc:h2:mem:ad3a9e80-f26d-4a3e-9691-17f803db5723
update picture set spot_id=?, url=? where picture_id=?
update picture set spot_id=726, url='java.io.StringReader@26485944' where picture_id=2693;
2022-10-10 14:33:47.425  INFO 4460 --- [    Test worker] p6spy                                    : #1665380027425 | took 0ms | statement | connection 26| url jdbc:h2:mem:ad3a9e80-f26d-4a3e-9691-17f803db5723
update picture set spot_id=?, url=? where picture_id=?
update picture set spot_id=726, url='java.io.StringReader@4c230867' where picture_id=2694;
2022-10-10 14:33:47.425  INFO 4460 --- [    Test worker] p6spy                                    : #1665380027425 | took 0ms | statement | connection 26| url jdbc:h2:mem:ad3a9e80-f26d-4a3e-9691-17f803db5723
update picture set spot_id=?, url=? where picture_id=?
update picture set spot_id=726, url='java.io.StringReader@4195e2cf' where picture_id=2695;
2022-10-10 14:33:47.425  INFO 4460 --- [    Test worker] p6spy                                    : #1665380027425 | took 0ms | statement | connection 26| url jdbc:h2:mem:ad3a9e80-f26d-4a3e-9691-17f803db5723
update picture set spot_id=?, url=? where picture_id=?
update picture set spot_id=727, url='java.io.StringReader@2a72c976' where picture_id=2697;
2022-10-10 14:33:47.425  INFO 4460 --- [    Test worker] p6spy                                    : #1665380027425 | took 0ms | statement | connection 26| url jdbc:h2:mem:ad3a9e80-f26d-4a3e-9691-17f803db5723
update picture set spot_id=?, url=? where picture_id=?
update picture set spot_id=727, url='java.io.StringReader@507e5df1' where picture_id=2698;
2022-10-10 14:33:47.425  INFO 4460 --- [    Test worker] p6spy                                    : #1665380027425 | took 0ms | statement | connection 26| url jdbc:h2:mem:ad3a9e80-f26d-4a3e-9691-17f803db5723
update picture set spot_id=?, url=? where picture_id=?
update picture set spot_id=727, url='java.io.StringReader@6c611538' where picture_id=2699;
2022-10-10 14:33:47.425  INFO 4460 --- [    Test worker] p6spy                                    : #1665380027425 | took 0ms | statement | connection 26| url jdbc:h2:mem:ad3a9e80-f26d-4a3e-9691-17f803db5723
update picture set spot_id=?, url=? where picture_id=?
update picture set spot_id=728, url='java.io.StringReader@7cdf9984' where picture_id=2701;
2022-10-10 14:33:47.425  INFO 4460 --- [    Test worker] p6spy                                    : #1665380027425 | took 0ms | statement | connection 26| url jdbc:h2:mem:ad3a9e80-f26d-4a3e-9691-17f803db5723
update picture set spot_id=?, url=? where picture_id=?
update picture set spot_id=728, url='java.io.StringReader@66ba0395' where picture_id=2702;
2022-10-10 14:33:47.425  INFO 4460 --- [    Test worker] p6spy                                    : #1665380027425 | took 0ms | statement | connection 26| url jdbc:h2:mem:ad3a9e80-f26d-4a3e-9691-17f803db5723
update picture set spot_id=?, url=? where picture_id=?
update picture set spot_id=728, url='java.io.StringReader@41287592' where picture_id=2703;
2022-10-10 14:33:47.425  INFO 4460 --- [    Test worker] p6spy                                    : #1665380027425 | took 0ms | statement | connection 26| url jdbc:h2:mem:ad3a9e80-f26d-4a3e-9691-17f803db5723
update picture set spot_id=?, url=? where picture_id=?
update picture set spot_id=729, url='java.io.StringReader@72a1f750' where picture_id=2705;
2022-10-10 14:33:47.425  INFO 4460 --- [    Test worker] p6spy                                    : #1665380027425 | took 0ms | statement | connection 26| url jdbc:h2:mem:ad3a9e80-f26d-4a3e-9691-17f803db5723
update picture set spot_id=?, url=? where picture_id=?
update picture set spot_id=729, url='java.io.StringReader@4ff37b71' where picture_id=2706;
2022-10-10 14:33:47.425  INFO 4460 --- [    Test worker] p6spy                                    : #1665380027425 | took 0ms | statement | connection 26| url jdbc:h2:mem:ad3a9e80-f26d-4a3e-9691-17f803db5723
update picture set spot_id=?, url=? where picture_id=?
update picture set spot_id=729, url='java.io.StringReader@7b65b524' where picture_id=2707;
2022-10-10 14:33:47.425  INFO 4460 --- [    Test worker] p6spy                                    : #1665380027425 | took 0ms | statement | connection 26| url jdbc:h2:mem:ad3a9e80-f26d-4a3e-9691-17f803db5723
update picture set spot_id=?, url=? where picture_id=?
update picture set spot_id=730, url='java.io.StringReader@7875bc74' where picture_id=2709;
2022-10-10 14:33:47.425  INFO 4460 --- [    Test worker] p6spy                                    : #1665380027425 | took 0ms | statement | connection 26| url jdbc:h2:mem:ad3a9e80-f26d-4a3e-9691-17f803db5723
update picture set spot_id=?, url=? where picture_id=?
update picture set spot_id=730, url='java.io.StringReader@51d2026d' where picture_id=2710;
2022-10-10 14:33:47.425  INFO 4460 --- [    Test worker] p6spy                                    : #1665380027425 | took 0ms | statement | connection 26| url jdbc:h2:mem:ad3a9e80-f26d-4a3e-9691-17f803db5723
update picture set spot_id=?, url=? where picture_id=?
update picture set spot_id=730, url='java.io.StringReader@11a51564' where picture_id=2711;
2022-10-10 14:33:47.425  INFO 4460 --- [    Test worker] p6spy                                    : #1665380027425 | took 0ms | statement | connection 26| url jdbc:h2:mem:ad3a9e80-f26d-4a3e-9691-17f803db5723
update picture set spot_id=?, url=? where picture_id=?
update picture set spot_id=731, url='java.io.StringReader@1d529fbc' where picture_id=2713;
2022-10-10 14:33:47.425  INFO 4460 --- [    Test worker] p6spy                                    : #1665380027425 | took 0ms | statement | connection 26| url jdbc:h2:mem:ad3a9e80-f26d-4a3e-9691-17f803db5723
update picture set spot_id=?, url=? where picture_id=?
update picture set spot_id=731, url='java.io.StringReader@97459e9' where picture_id=2714;
2022-10-10 14:33:47.426  INFO 4460 --- [    Test worker] p6spy                                    : #1665380027426 | took 0ms | statement | connection 26| url jdbc:h2:mem:ad3a9e80-f26d-4a3e-9691-17f803db5723
update picture set spot_id=?, url=? where picture_id=?
update picture set spot_id=731, url='java.io.StringReader@46a3934c' where picture_id=2715;
2022-10-10 14:33:47.426  INFO 4460 --- [    Test worker] p6spy                                    : #1665380027426 | took 0ms | statement | connection 26| url jdbc:h2:mem:ad3a9e80-f26d-4a3e-9691-17f803db5723
update picture set spot_id=?, url=? where picture_id=?
update picture set spot_id=732, url='java.io.StringReader@27ee31ff' where picture_id=2717;
2022-10-10 14:33:47.426  INFO 4460 --- [    Test worker] p6spy                                    : #1665380027426 | took 0ms | statement | connection 26| url jdbc:h2:mem:ad3a9e80-f26d-4a3e-9691-17f803db5723
update picture set spot_id=?, url=? where picture_id=?
update picture set spot_id=732, url='java.io.StringReader@1639a18d' where picture_id=2718;
2022-10-10 14:33:47.426  INFO 4460 --- [    Test worker] p6spy                                    : #1665380027426 | took 0ms | statement | connection 26| url jdbc:h2:mem:ad3a9e80-f26d-4a3e-9691-17f803db5723
update picture set spot_id=?, url=? where picture_id=?
update picture set spot_id=732, url='java.io.StringReader@53646ff1' where picture_id=2719;
2022-10-10 14:33:47.426  INFO 4460 --- [    Test worker] p6spy                                    : #1665380027426 | took 0ms | statement | connection 26| url jdbc:h2:mem:ad3a9e80-f26d-4a3e-9691-17f803db5723
update picture set spot_id=?, url=? where picture_id=?
update picture set spot_id=733, url='java.io.StringReader@a78109d' where picture_id=2721;
2022-10-10 14:33:47.426  INFO 4460 --- [    Test worker] p6spy                                    : #1665380027426 | took 0ms | statement | connection 26| url jdbc:h2:mem:ad3a9e80-f26d-4a3e-9691-17f803db5723
update picture set spot_id=?, url=? where picture_id=?
update picture set spot_id=733, url='java.io.StringReader@2606ea74' where picture_id=2722;
2022-10-10 14:33:47.426  INFO 4460 --- [    Test worker] p6spy                                    : #1665380027426 | took 0ms | statement | connection 26| url jdbc:h2:mem:ad3a9e80-f26d-4a3e-9691-17f803db5723
update picture set spot_id=?, url=? where picture_id=?
update picture set spot_id=733, url='java.io.StringReader@556322b4' where picture_id=2723;
2022-10-10 14:33:47.426  INFO 4460 --- [    Test worker] p6spy                                    : #1665380027426 | took 0ms | statement | connection 26| url jdbc:h2:mem:ad3a9e80-f26d-4a3e-9691-17f803db5723
update picture set spot_id=?, url=? where picture_id=?
update picture set spot_id=734, url='java.io.StringReader@62f84cee' where picture_id=2725;
2022-10-10 14:33:47.426  INFO 4460 --- [    Test worker] p6spy                                    : #1665380027426 | took 0ms | statement | connection 26| url jdbc:h2:mem:ad3a9e80-f26d-4a3e-9691-17f803db5723
update picture set spot_id=?, url=? where picture_id=?
update picture set spot_id=734, url='java.io.StringReader@1ca9c1fd' where picture_id=2726;
2022-10-10 14:33:47.426  INFO 4460 --- [    Test worker] p6spy                                    : #1665380027426 | took 0ms | statement | connection 26| url jdbc:h2:mem:ad3a9e80-f26d-4a3e-9691-17f803db5723
update picture set spot_id=?, url=? where picture_id=?
update picture set spot_id=734, url='java.io.StringReader@5066ffc2' where picture_id=2727;
2022-10-10 14:33:47.426  INFO 4460 --- [    Test worker] p6spy                                    : #1665380027426 | took 0ms | statement | connection 26| url jdbc:h2:mem:ad3a9e80-f26d-4a3e-9691-17f803db5723
update picture set spot_id=?, url=? where picture_id=?
update picture set spot_id=735, url='java.io.StringReader@7662bae5' where picture_id=2729;
2022-10-10 14:33:47.426  INFO 4460 --- [    Test worker] p6spy                                    : #1665380027426 | took 0ms | statement | connection 26| url jdbc:h2:mem:ad3a9e80-f26d-4a3e-9691-17f803db5723
update picture set spot_id=?, url=? where picture_id=?
update picture set spot_id=735, url='java.io.StringReader@187daa03' where picture_id=2730;
2022-10-10 14:33:47.426  INFO 4460 --- [    Test worker] p6spy                                    : #1665380027426 | took 0ms | statement | connection 26| url jdbc:h2:mem:ad3a9e80-f26d-4a3e-9691-17f803db5723
update picture set spot_id=?, url=? where picture_id=?
update picture set spot_id=735, url='java.io.StringReader@108cfc9a' where picture_id=2731;
2022-10-10 14:33:47.426  INFO 4460 --- [    Test worker] p6spy                                    : #1665380027426 | took 0ms | statement | connection 26| url jdbc:h2:mem:ad3a9e80-f26d-4a3e-9691-17f803db5723
update picture set spot_id=?, url=? where picture_id=?
update picture set spot_id=736, url='java.io.StringReader@11be503d' where picture_id=2733;
2022-10-10 14:33:47.426  INFO 4460 --- [    Test worker] p6spy                                    : #1665380027426 | took 0ms | statement | connection 26| url jdbc:h2:mem:ad3a9e80-f26d-4a3e-9691-17f803db5723
update picture set spot_id=?, url=? where picture_id=?
update picture set spot_id=736, url='java.io.StringReader@12fb9952' where picture_id=2734;
2022-10-10 14:33:47.426  INFO 4460 --- [    Test worker] p6spy                                    : #1665380027426 | took 0ms | statement | connection 26| url jdbc:h2:mem:ad3a9e80-f26d-4a3e-9691-17f803db5723
update picture set spot_id=?, url=? where picture_id=?
update picture set spot_id=736, url='java.io.StringReader@50317cce' where picture_id=2735;
2022-10-10 14:33:47.426  INFO 4460 --- [    Test worker] p6spy                                    : #1665380027426 | took 0ms | statement | connection 26| url jdbc:h2:mem:ad3a9e80-f26d-4a3e-9691-17f803db5723
update picture set spot_id=?, url=? where picture_id=?
update picture set spot_id=737, url='java.io.StringReader@b426526' where picture_id=2737;
2022-10-10 14:33:47.426  INFO 4460 --- [    Test worker] p6spy                                    : #1665380027426 | took 0ms | statement | connection 26| url jdbc:h2:mem:ad3a9e80-f26d-4a3e-9691-17f803db5723
update picture set spot_id=?, url=? where picture_id=?
update picture set spot_id=737, url='java.io.StringReader@3f44722f' where picture_id=2738;
2022-10-10 14:33:47.426  INFO 4460 --- [    Test worker] p6spy                                    : #1665380027426 | took 0ms | statement | connection 26| url jdbc:h2:mem:ad3a9e80-f26d-4a3e-9691-17f803db5723
update picture set spot_id=?, url=? where picture_id=?
update picture set spot_id=737, url='java.io.StringReader@11532c14' where picture_id=2739;
2022-10-10 14:33:47.426  INFO 4460 --- [    Test worker] p6spy                                    : #1665380027426 | took 0ms | statement | connection 26| url jdbc:h2:mem:ad3a9e80-f26d-4a3e-9691-17f803db5723
update picture set spot_id=?, url=? where picture_id=?
update picture set spot_id=738, url='java.io.StringReader@6bf80687' where picture_id=2741;
2022-10-10 14:33:47.426  INFO 4460 --- [    Test worker] p6spy                                    : #1665380027426 | took 0ms | statement | connection 26| url jdbc:h2:mem:ad3a9e80-f26d-4a3e-9691-17f803db5723
update picture set spot_id=?, url=? where picture_id=?
update picture set spot_id=738, url='java.io.StringReader@3a6161b7' where picture_id=2742;
2022-10-10 14:33:47.426  INFO 4460 --- [    Test worker] p6spy                                    : #1665380027426 | took 0ms | statement | connection 26| url jdbc:h2:mem:ad3a9e80-f26d-4a3e-9691-17f803db5723
update picture set spot_id=?, url=? where picture_id=?
update picture set spot_id=738, url='java.io.StringReader@68f32f93' where picture_id=2743;
2022-10-10 14:33:47.426  INFO 4460 --- [    Test worker] p6spy                                    : #1665380027426 | took 0ms | statement | connection 26| url jdbc:h2:mem:ad3a9e80-f26d-4a3e-9691-17f803db5723
update picture set spot_id=?, url=? where picture_id=?
update picture set spot_id=739, url='java.io.StringReader@101fcdcf' where picture_id=2745;
2022-10-10 14:33:47.426  INFO 4460 --- [    Test worker] p6spy                                    : #1665380027426 | took 0ms | statement | connection 26| url jdbc:h2:mem:ad3a9e80-f26d-4a3e-9691-17f803db5723
update picture set spot_id=?, url=? where picture_id=?
update picture set spot_id=739, url='java.io.StringReader@52df2ef9' where picture_id=2746;
2022-10-10 14:33:47.426  INFO 4460 --- [    Test worker] p6spy                                    : #1665380027426 | took 0ms | statement | connection 26| url jdbc:h2:mem:ad3a9e80-f26d-4a3e-9691-17f803db5723
update picture set spot_id=?, url=? where picture_id=?
update picture set spot_id=739, url='java.io.StringReader@7c9cce58' where picture_id=2747;
2022-10-10 14:33:47.426  INFO 4460 --- [    Test worker] p6spy                                    : #1665380027426 | took 0ms | statement | connection 26| url jdbc:h2:mem:ad3a9e80-f26d-4a3e-9691-17f803db5723
update picture set spot_id=?, url=? where picture_id=?
update picture set spot_id=740, url='java.io.StringReader@6754e06b' where picture_id=2749;
2022-10-10 14:33:47.427  INFO 4460 --- [    Test worker] p6spy                                    : #1665380027427 | took 0ms | statement | connection 26| url jdbc:h2:mem:ad3a9e80-f26d-4a3e-9691-17f803db5723
update picture set spot_id=?, url=? where picture_id=?
update picture set spot_id=740, url='java.io.StringReader@54e7084e' where picture_id=2750;
2022-10-10 14:33:47.427  INFO 4460 --- [    Test worker] p6spy                                    : #1665380027427 | took 0ms | statement | connection 26| url jdbc:h2:mem:ad3a9e80-f26d-4a3e-9691-17f803db5723
update picture set spot_id=?, url=? where picture_id=?
update picture set spot_id=740, url='java.io.StringReader@7e216277' where picture_id=2751;
2022-10-10 14:33:47.427  INFO 4460 --- [    Test worker] p6spy                                    : #1665380027427 | took 0ms | statement | connection 26| url jdbc:h2:mem:ad3a9e80-f26d-4a3e-9691-17f803db5723
update picture set spot_id=?, url=? where picture_id=?
update picture set spot_id=741, url='java.io.StringReader@5cf45134' where picture_id=2753;
2022-10-10 14:33:47.427  INFO 4460 --- [    Test worker] p6spy                                    : #1665380027427 | took 0ms | statement | connection 26| url jdbc:h2:mem:ad3a9e80-f26d-4a3e-9691-17f803db5723
update picture set spot_id=?, url=? where picture_id=?
update picture set spot_id=741, url='java.io.StringReader@729c2ca' where picture_id=2754;
2022-10-10 14:33:47.427  INFO 4460 --- [    Test worker] p6spy                                    : #1665380027427 | took 0ms | statement | connection 26| url jdbc:h2:mem:ad3a9e80-f26d-4a3e-9691-17f803db5723
update picture set spot_id=?, url=? where picture_id=?
update picture set spot_id=741, url='java.io.StringReader@6381ff2' where picture_id=2755;
2022-10-10 14:33:47.427  INFO 4460 --- [    Test worker] p6spy                                    : #1665380027427 | took 0ms | statement | connection 26| url jdbc:h2:mem:ad3a9e80-f26d-4a3e-9691-17f803db5723
update picture set spot_id=?, url=? where picture_id=?
update picture set spot_id=742, url='java.io.StringReader@3a28e3c1' where picture_id=2757;
2022-10-10 14:33:47.427  INFO 4460 --- [    Test worker] p6spy                                    : #1665380027427 | took 0ms | statement | connection 26| url jdbc:h2:mem:ad3a9e80-f26d-4a3e-9691-17f803db5723
update picture set spot_id=?, url=? where picture_id=?
update picture set spot_id=742, url='java.io.StringReader@62cb395f' where picture_id=2758;
2022-10-10 14:33:47.427  INFO 4460 --- [    Test worker] p6spy                                    : #1665380027427 | took 0ms | statement | connection 26| url jdbc:h2:mem:ad3a9e80-f26d-4a3e-9691-17f803db5723
update picture set spot_id=?, url=? where picture_id=?
update picture set spot_id=742, url='java.io.StringReader@50b61fe0' where picture_id=2759;
2022-10-10 14:33:47.427  INFO 4460 --- [    Test worker] p6spy                                    : #1665380027427 | took 0ms | statement | connection 26| url jdbc:h2:mem:ad3a9e80-f26d-4a3e-9691-17f803db5723
update picture set spot_id=?, url=? where picture_id=?
update picture set spot_id=743, url='java.io.StringReader@3edd68fb' where picture_id=2761;
2022-10-10 14:33:47.427  INFO 4460 --- [    Test worker] p6spy                                    : #1665380027427 | took 0ms | statement | connection 26| url jdbc:h2:mem:ad3a9e80-f26d-4a3e-9691-17f803db5723
update picture set spot_id=?, url=? where picture_id=?
update picture set spot_id=743, url='java.io.StringReader@325505e5' where picture_id=2762;
2022-10-10 14:33:47.427  INFO 4460 --- [    Test worker] p6spy                                    : #1665380027427 | took 0ms | statement | connection 26| url jdbc:h2:mem:ad3a9e80-f26d-4a3e-9691-17f803db5723
update picture set spot_id=?, url=? where picture_id=?
update picture set spot_id=743, url='java.io.StringReader@62aafeea' where picture_id=2763;
2022-10-10 14:33:47.427  INFO 4460 --- [    Test worker] p6spy                                    : #1665380027427 | took 0ms | statement | connection 26| url jdbc:h2:mem:ad3a9e80-f26d-4a3e-9691-17f803db5723
update picture set spot_id=?, url=? where picture_id=?
update picture set spot_id=744, url='java.io.StringReader@637c6caa' where picture_id=2765;
2022-10-10 14:33:47.427  INFO 4460 --- [    Test worker] p6spy                                    : #1665380027427 | took 0ms | statement | connection 26| url jdbc:h2:mem:ad3a9e80-f26d-4a3e-9691-17f803db5723
update picture set spot_id=?, url=? where picture_id=?
update picture set spot_id=744, url='java.io.StringReader@7af2cfd' where picture_id=2766;
2022-10-10 14:33:47.427  INFO 4460 --- [    Test worker] p6spy                                    : #1665380027427 | took 0ms | statement | connection 26| url jdbc:h2:mem:ad3a9e80-f26d-4a3e-9691-17f803db5723
update picture set spot_id=?, url=? where picture_id=?
update picture set spot_id=744, url='java.io.StringReader@22e1969a' where picture_id=2767;
2022-10-10 14:33:47.427  INFO 4460 --- [    Test worker] p6spy                                    : #1665380027427 | took 0ms | statement | connection 26| url jdbc:h2:mem:ad3a9e80-f26d-4a3e-9691-17f803db5723
update picture set spot_id=?, url=? where picture_id=?
update picture set spot_id=745, url='java.io.StringReader@522141c' where picture_id=2769;
2022-10-10 14:33:47.427  INFO 4460 --- [    Test worker] p6spy                                    : #1665380027427 | took 0ms | statement | connection 26| url jdbc:h2:mem:ad3a9e80-f26d-4a3e-9691-17f803db5723
update picture set spot_id=?, url=? where picture_id=?
update picture set spot_id=745, url='java.io.StringReader@efbfcec' where picture_id=2770;
2022-10-10 14:33:47.427  INFO 4460 --- [    Test worker] p6spy                                    : #1665380027427 | took 0ms | statement | connection 26| url jdbc:h2:mem:ad3a9e80-f26d-4a3e-9691-17f803db5723
update picture set spot_id=?, url=? where picture_id=?
update picture set spot_id=745, url='java.io.StringReader@d65e2b4' where picture_id=2771;
2022-10-10 14:33:47.427  INFO 4460 --- [    Test worker] p6spy                                    : #1665380027427 | took 0ms | statement | connection 26| url jdbc:h2:mem:ad3a9e80-f26d-4a3e-9691-17f803db5723
update picture set spot_id=?, url=? where picture_id=?
update picture set spot_id=746, url='java.io.StringReader@7f8738e3' where picture_id=2773;
2022-10-10 14:33:47.427  INFO 4460 --- [    Test worker] p6spy                                    : #1665380027427 | took 0ms | statement | connection 26| url jdbc:h2:mem:ad3a9e80-f26d-4a3e-9691-17f803db5723
update picture set spot_id=?, url=? where picture_id=?
update picture set spot_id=746, url='java.io.StringReader@54b7d06b' where picture_id=2774;
2022-10-10 14:33:47.427  INFO 4460 --- [    Test worker] p6spy                                    : #1665380027427 | took 0ms | statement | connection 26| url jdbc:h2:mem:ad3a9e80-f26d-4a3e-9691-17f803db5723
update picture set spot_id=?, url=? where picture_id=?
update picture set spot_id=746, url='java.io.StringReader@400b4978' where picture_id=2775;
2022-10-10 14:33:47.428  INFO 4460 --- [    Test worker] p6spy                                    : #1665380027428 | took 0ms | statement | connection 26| url jdbc:h2:mem:ad3a9e80-f26d-4a3e-9691-17f803db5723
update picture set spot_id=?, url=? where picture_id=?
update picture set spot_id=747, url='java.io.StringReader@141a8c8b' where picture_id=2777;
2022-10-10 14:33:47.428  INFO 4460 --- [    Test worker] p6spy                                    : #1665380027428 | took 0ms | statement | connection 26| url jdbc:h2:mem:ad3a9e80-f26d-4a3e-9691-17f803db5723
update picture set spot_id=?, url=? where picture_id=?
update picture set spot_id=747, url='java.io.StringReader@c3d1999' where picture_id=2778;
2022-10-10 14:33:47.428  INFO 4460 --- [    Test worker] p6spy                                    : #1665380027428 | took 0ms | statement | connection 26| url jdbc:h2:mem:ad3a9e80-f26d-4a3e-9691-17f803db5723
update picture set spot_id=?, url=? where picture_id=?
update picture set spot_id=747, url='java.io.StringReader@74d10cc3' where picture_id=2779;
2022-10-10 14:33:47.428  INFO 4460 --- [    Test worker] p6spy                                    : #1665380027428 | took 0ms | statement | connection 26| url jdbc:h2:mem:ad3a9e80-f26d-4a3e-9691-17f803db5723
update picture set spot_id=?, url=? where picture_id=?
update picture set spot_id=748, url='java.io.StringReader@7bcfea90' where picture_id=2781;
2022-10-10 14:33:47.428  INFO 4460 --- [    Test worker] p6spy                                    : #1665380027428 | took 0ms | statement | connection 26| url jdbc:h2:mem:ad3a9e80-f26d-4a3e-9691-17f803db5723
update picture set spot_id=?, url=? where picture_id=?
update picture set spot_id=748, url='java.io.StringReader@4a384b92' where picture_id=2782;
2022-10-10 14:33:47.428  INFO 4460 --- [    Test worker] p6spy                                    : #1665380027428 | took 0ms | statement | connection 26| url jdbc:h2:mem:ad3a9e80-f26d-4a3e-9691-17f803db5723
update picture set spot_id=?, url=? where picture_id=?
update picture set spot_id=748, url='java.io.StringReader@5cd08a92' where picture_id=2783;
2022-10-10 14:33:47.428  INFO 4460 --- [    Test worker] p6spy                                    : #1665380027428 | took 0ms | statement | connection 26| url jdbc:h2:mem:ad3a9e80-f26d-4a3e-9691-17f803db5723
update picture set spot_id=?, url=? where picture_id=?
update picture set spot_id=749, url='java.io.StringReader@7360e8ae' where picture_id=2785;
2022-10-10 14:33:47.428  INFO 4460 --- [    Test worker] p6spy                                    : #1665380027428 | took 0ms | statement | connection 26| url jdbc:h2:mem:ad3a9e80-f26d-4a3e-9691-17f803db5723
update picture set spot_id=?, url=? where picture_id=?
update picture set spot_id=749, url='java.io.StringReader@6a3982df' where picture_id=2786;
2022-10-10 14:33:47.428  INFO 4460 --- [    Test worker] p6spy                                    : #1665380027428 | took 0ms | statement | connection 26| url jdbc:h2:mem:ad3a9e80-f26d-4a3e-9691-17f803db5723
update picture set spot_id=?, url=? where picture_id=?
update picture set spot_id=749, url='java.io.StringReader@467ef3f5' where picture_id=2787;
2022-10-10 14:33:47.428  INFO 4460 --- [    Test worker] p6spy                                    : #1665380027428 | took 0ms | statement | connection 26| url jdbc:h2:mem:ad3a9e80-f26d-4a3e-9691-17f803db5723
update picture set spot_id=?, url=? where picture_id=?
update picture set spot_id=750, url='java.io.StringReader@1b3b30cd' where picture_id=2789;
2022-10-10 14:33:47.428  INFO 4460 --- [    Test worker] p6spy                                    : #1665380027428 | took 0ms | statement | connection 26| url jdbc:h2:mem:ad3a9e80-f26d-4a3e-9691-17f803db5723
update picture set spot_id=?, url=? where picture_id=?
update picture set spot_id=750, url='java.io.StringReader@60f0af4a' where picture_id=2790;
2022-10-10 14:33:47.428  INFO 4460 --- [    Test worker] p6spy                                    : #1665380027428 | took 0ms | statement | connection 26| url jdbc:h2:mem:ad3a9e80-f26d-4a3e-9691-17f803db5723
update picture set spot_id=?, url=? where picture_id=?
update picture set spot_id=750, url='java.io.StringReader@7466d5ee' where picture_id=2791;
2022-10-10 14:33:47.428  INFO 4460 --- [    Test worker] p6spy                                    : #1665380027428 | took 0ms | statement | connection 26| url jdbc:h2:mem:ad3a9e80-f26d-4a3e-9691-17f803db5723
update picture set spot_id=?, url=? where picture_id=?
update picture set spot_id=751, url='java.io.StringReader@277ce807' where picture_id=2793;
2022-10-10 14:33:47.428  INFO 4460 --- [    Test worker] p6spy                                    : #1665380027428 | took 0ms | statement | connection 26| url jdbc:h2:mem:ad3a9e80-f26d-4a3e-9691-17f803db5723
update picture set spot_id=?, url=? where picture_id=?
update picture set spot_id=751, url='java.io.StringReader@1ca75d44' where picture_id=2794;
2022-10-10 14:33:47.428  INFO 4460 --- [    Test worker] p6spy                                    : #1665380027428 | took 0ms | statement | connection 26| url jdbc:h2:mem:ad3a9e80-f26d-4a3e-9691-17f803db5723
update picture set spot_id=?, url=? where picture_id=?
update picture set spot_id=751, url='java.io.StringReader@654a3b9b' where picture_id=2795;
2022-10-10 14:33:47.428  INFO 4460 --- [    Test worker] p6spy                                    : #1665380027428 | took 0ms | statement | connection 26| url jdbc:h2:mem:ad3a9e80-f26d-4a3e-9691-17f803db5723
update picture set spot_id=?, url=? where picture_id=?
update picture set spot_id=752, url='java.io.StringReader@706deaf9' where picture_id=2797;
2022-10-10 14:33:47.428  INFO 4460 --- [    Test worker] p6spy                                    : #1665380027428 | took 0ms | statement | connection 26| url jdbc:h2:mem:ad3a9e80-f26d-4a3e-9691-17f803db5723
update picture set spot_id=?, url=? where picture_id=?
update picture set spot_id=752, url='java.io.StringReader@5813a30e' where picture_id=2798;
2022-10-10 14:33:47.428  INFO 4460 --- [    Test worker] p6spy                                    : #1665380027428 | took 0ms | statement | connection 26| url jdbc:h2:mem:ad3a9e80-f26d-4a3e-9691-17f803db5723
update picture set spot_id=?, url=? where picture_id=?
update picture set spot_id=752, url='java.io.StringReader@41f871da' where picture_id=2799;
2022-10-10 14:33:47.428  INFO 4460 --- [    Test worker] p6spy                                    : #1665380027428 | took 0ms | statement | connection 26| url jdbc:h2:mem:ad3a9e80-f26d-4a3e-9691-17f803db5723
update picture set spot_id=?, url=? where picture_id=?
update picture set spot_id=753, url='java.io.StringReader@4c3eda5c' where picture_id=2801;
2022-10-10 14:33:47.428  INFO 4460 --- [    Test worker] p6spy                                    : #1665380027428 | took 0ms | statement | connection 26| url jdbc:h2:mem:ad3a9e80-f26d-4a3e-9691-17f803db5723
update picture set spot_id=?, url=? where picture_id=?
update picture set spot_id=753, url='java.io.StringReader@2e395183' where picture_id=2802;
2022-10-10 14:33:47.428  INFO 4460 --- [    Test worker] p6spy                                    : #1665380027428 | took 0ms | statement | connection 26| url jdbc:h2:mem:ad3a9e80-f26d-4a3e-9691-17f803db5723
update picture set spot_id=?, url=? where picture_id=?
update picture set spot_id=753, url='java.io.StringReader@4d0db87a' where picture_id=2803;
2022-10-10 14:33:47.428  INFO 4460 --- [    Test worker] p6spy                                    : #1665380027428 | took 0ms | statement | connection 26| url jdbc:h2:mem:ad3a9e80-f26d-4a3e-9691-17f803db5723
update picture set spot_id=?, url=? where picture_id=?
update picture set spot_id=754, url='java.io.StringReader@15076c00' where picture_id=2805;
2022-10-10 14:33:47.429  INFO 4460 --- [    Test worker] p6spy                                    : #1665380027429 | took 0ms | statement | connection 26| url jdbc:h2:mem:ad3a9e80-f26d-4a3e-9691-17f803db5723
update picture set spot_id=?, url=? where picture_id=?
update picture set spot_id=754, url='java.io.StringReader@3e60def6' where picture_id=2806;
2022-10-10 14:33:47.429  INFO 4460 --- [    Test worker] p6spy                                    : #1665380027429 | took 0ms | statement | connection 26| url jdbc:h2:mem:ad3a9e80-f26d-4a3e-9691-17f803db5723
update picture set spot_id=?, url=? where picture_id=?
update picture set spot_id=754, url='java.io.StringReader@49ccd34f' where picture_id=2807;
2022-10-10 14:33:47.429  INFO 4460 --- [    Test worker] p6spy                                    : #1665380027429 | took 0ms | statement | connection 26| url jdbc:h2:mem:ad3a9e80-f26d-4a3e-9691-17f803db5723
update picture set spot_id=?, url=? where picture_id=?
update picture set spot_id=755, url='java.io.StringReader@6783e2f9' where picture_id=2809;
2022-10-10 14:33:47.429  INFO 4460 --- [    Test worker] p6spy                                    : #1665380027429 | took 0ms | statement | connection 26| url jdbc:h2:mem:ad3a9e80-f26d-4a3e-9691-17f803db5723
update picture set spot_id=?, url=? where picture_id=?
update picture set spot_id=755, url='java.io.StringReader@3970b373' where picture_id=2810;
2022-10-10 14:33:47.429  INFO 4460 --- [    Test worker] p6spy                                    : #1665380027429 | took 0ms | statement | connection 26| url jdbc:h2:mem:ad3a9e80-f26d-4a3e-9691-17f803db5723
update picture set spot_id=?, url=? where picture_id=?
update picture set spot_id=755, url='java.io.StringReader@1fcd0cea' where picture_id=2811;
2022-10-10 14:33:47.429  INFO 4460 --- [    Test worker] p6spy                                    : #1665380027429 | took 0ms | statement | connection 26| url jdbc:h2:mem:ad3a9e80-f26d-4a3e-9691-17f803db5723
update picture set spot_id=?, url=? where picture_id=?
update picture set spot_id=756, url='java.io.StringReader@70578b0' where picture_id=2813;
2022-10-10 14:33:47.429  INFO 4460 --- [    Test worker] p6spy                                    : #1665380027429 | took 0ms | statement | connection 26| url jdbc:h2:mem:ad3a9e80-f26d-4a3e-9691-17f803db5723
update picture set spot_id=?, url=? where picture_id=?
update picture set spot_id=756, url='java.io.StringReader@184ab123' where picture_id=2814;
2022-10-10 14:33:47.429  INFO 4460 --- [    Test worker] p6spy                                    : #1665380027429 | took 0ms | statement | connection 26| url jdbc:h2:mem:ad3a9e80-f26d-4a3e-9691-17f803db5723
update picture set spot_id=?, url=? where picture_id=?
update picture set spot_id=756, url='java.io.StringReader@43540bce' where picture_id=2815;
2022-10-10 14:33:47.429  INFO 4460 --- [    Test worker] p6spy                                    : #1665380027429 | took 0ms | statement | connection 26| url jdbc:h2:mem:ad3a9e80-f26d-4a3e-9691-17f803db5723
update picture set spot_id=?, url=? where picture_id=?
update picture set spot_id=757, url='java.io.StringReader@155d354' where picture_id=2817;
2022-10-10 14:33:47.429  INFO 4460 --- [    Test worker] p6spy                                    : #1665380027429 | took 0ms | statement | connection 26| url jdbc:h2:mem:ad3a9e80-f26d-4a3e-9691-17f803db5723
update picture set spot_id=?, url=? where picture_id=?
update picture set spot_id=757, url='java.io.StringReader@b126ca4' where picture_id=2818;
2022-10-10 14:33:47.429  INFO 4460 --- [    Test worker] p6spy                                    : #1665380027429 | took 0ms | statement | connection 26| url jdbc:h2:mem:ad3a9e80-f26d-4a3e-9691-17f803db5723
update picture set spot_id=?, url=? where picture_id=?
update picture set spot_id=757, url='java.io.StringReader@14f2143d' where picture_id=2819;
2022-10-10 14:33:47.429  INFO 4460 --- [    Test worker] p6spy                                    : #1665380027429 | took 0ms | statement | connection 26| url jdbc:h2:mem:ad3a9e80-f26d-4a3e-9691-17f803db5723
update picture set spot_id=?, url=? where picture_id=?
update picture set spot_id=758, url='java.io.StringReader@59bf5455' where picture_id=2821;
2022-10-10 14:33:47.429  INFO 4460 --- [    Test worker] p6spy                                    : #1665380027429 | took 0ms | statement | connection 26| url jdbc:h2:mem:ad3a9e80-f26d-4a3e-9691-17f803db5723
update picture set spot_id=?, url=? where picture_id=?
update picture set spot_id=758, url='java.io.StringReader@1db7b947' where picture_id=2822;
2022-10-10 14:33:47.429  INFO 4460 --- [    Test worker] p6spy                                    : #1665380027429 | took 0ms | statement | connection 26| url jdbc:h2:mem:ad3a9e80-f26d-4a3e-9691-17f803db5723
update picture set spot_id=?, url=? where picture_id=?
update picture set spot_id=758, url='java.io.StringReader@5621f31' where picture_id=2823;
2022-10-10 14:33:47.429  INFO 4460 --- [    Test worker] p6spy                                    : #1665380027429 | took 0ms | statement | connection 26| url jdbc:h2:mem:ad3a9e80-f26d-4a3e-9691-17f803db5723
update picture set spot_id=?, url=? where picture_id=?
update picture set spot_id=759, url='java.io.StringReader@15ffe8d0' where picture_id=2825;
2022-10-10 14:33:47.429  INFO 4460 --- [    Test worker] p6spy                                    : #1665380027429 | took 0ms | statement | connection 26| url jdbc:h2:mem:ad3a9e80-f26d-4a3e-9691-17f803db5723
update picture set spot_id=?, url=? where picture_id=?
update picture set spot_id=759, url='java.io.StringReader@85fc878' where picture_id=2826;
2022-10-10 14:33:47.429  INFO 4460 --- [    Test worker] p6spy                                    : #1665380027429 | took 0ms | statement | connection 26| url jdbc:h2:mem:ad3a9e80-f26d-4a3e-9691-17f803db5723
update picture set spot_id=?, url=? where picture_id=?
update picture set spot_id=759, url='java.io.StringReader@13efea9b' where picture_id=2827;
2022-10-10 14:33:47.429  INFO 4460 --- [    Test worker] p6spy                                    : #1665380027429 | took 0ms | statement | connection 26| url jdbc:h2:mem:ad3a9e80-f26d-4a3e-9691-17f803db5723
update picture set spot_id=?, url=? where picture_id=?
update picture set spot_id=760, url='java.io.StringReader@3e6903e9' where picture_id=2829;
2022-10-10 14:33:47.429  INFO 4460 --- [    Test worker] p6spy                                    : #1665380027429 | took 0ms | statement | connection 26| url jdbc:h2:mem:ad3a9e80-f26d-4a3e-9691-17f803db5723
update picture set spot_id=?, url=? where picture_id=?
update picture set spot_id=760, url='java.io.StringReader@503af304' where picture_id=2830;
2022-10-10 14:33:47.429  INFO 4460 --- [    Test worker] p6spy                                    : #1665380027429 | took 0ms | statement | connection 26| url jdbc:h2:mem:ad3a9e80-f26d-4a3e-9691-17f803db5723
update picture set spot_id=?, url=? where picture_id=?
update picture set spot_id=760, url='java.io.StringReader@12145061' where picture_id=2831;
2022-10-10 14:33:47.429  INFO 4460 --- [    Test worker] p6spy                                    : #1665380027429 | took 0ms | statement | connection 26| url jdbc:h2:mem:ad3a9e80-f26d-4a3e-9691-17f803db5723
update picture set spot_id=?, url=? where picture_id=?
update picture set spot_id=761, url='java.io.StringReader@4b26d457' where picture_id=2833;
2022-10-10 14:33:47.429  INFO 4460 --- [    Test worker] p6spy                                    : #1665380027429 | took 0ms | statement | connection 26| url jdbc:h2:mem:ad3a9e80-f26d-4a3e-9691-17f803db5723
update picture set spot_id=?, url=? where picture_id=?
update picture set spot_id=761, url='java.io.StringReader@88042b5' where picture_id=2834;
2022-10-10 14:33:47.429  INFO 4460 --- [    Test worker] p6spy                                    : #1665380027429 | took 0ms | statement | connection 26| url jdbc:h2:mem:ad3a9e80-f26d-4a3e-9691-17f803db5723
update picture set spot_id=?, url=? where picture_id=?
update picture set spot_id=761, url='java.io.StringReader@103f44dd' where picture_id=2835;
2022-10-10 14:33:47.429  INFO 4460 --- [    Test worker] p6spy                                    : #1665380027429 | took 0ms | statement | connection 26| url jdbc:h2:mem:ad3a9e80-f26d-4a3e-9691-17f803db5723
update picture set spot_id=?, url=? where picture_id=?
update picture set spot_id=762, url='java.io.StringReader@6d250192' where picture_id=2837;
2022-10-10 14:33:47.429  INFO 4460 --- [    Test worker] p6spy                                    : #1665380027429 | took 0ms | statement | connection 26| url jdbc:h2:mem:ad3a9e80-f26d-4a3e-9691-17f803db5723
update picture set spot_id=?, url=? where picture_id=?
update picture set spot_id=762, url='java.io.StringReader@5867f849' where picture_id=2838;
2022-10-10 14:33:47.429  INFO 4460 --- [    Test worker] p6spy                                    : #1665380027429 | took 0ms | statement | connection 26| url jdbc:h2:mem:ad3a9e80-f26d-4a3e-9691-17f803db5723
update picture set spot_id=?, url=? where picture_id=?
update picture set spot_id=762, url='java.io.StringReader@cfc2f1f' where picture_id=2839;
2022-10-10 14:33:47.429  INFO 4460 --- [    Test worker] p6spy                                    : #1665380027429 | took 0ms | statement | connection 26| url jdbc:h2:mem:ad3a9e80-f26d-4a3e-9691-17f803db5723
update picture set spot_id=?, url=? where picture_id=?
update picture set spot_id=763, url='java.io.StringReader@713d4517' where picture_id=2841;
2022-10-10 14:33:47.429  INFO 4460 --- [    Test worker] p6spy                                    : #1665380027429 | took 0ms | statement | connection 26| url jdbc:h2:mem:ad3a9e80-f26d-4a3e-9691-17f803db5723
update picture set spot_id=?, url=? where picture_id=?
update picture set spot_id=763, url='java.io.StringReader@163135' where picture_id=2842;
2022-10-10 14:33:47.429  INFO 4460 --- [    Test worker] p6spy                                    : #1665380027429 | took 0ms | statement | connection 26| url jdbc:h2:mem:ad3a9e80-f26d-4a3e-9691-17f803db5723
update picture set spot_id=?, url=? where picture_id=?
update picture set spot_id=763, url='java.io.StringReader@39a791e8' where picture_id=2843;
2022-10-10 14:33:47.430  INFO 4460 --- [    Test worker] p6spy                                    : #1665380027430 | took 0ms | statement | connection 26| url jdbc:h2:mem:ad3a9e80-f26d-4a3e-9691-17f803db5723
update picture set spot_id=?, url=? where picture_id=?
update picture set spot_id=764, url='java.io.StringReader@6239bee9' where picture_id=2845;
2022-10-10 14:33:47.430  INFO 4460 --- [    Test worker] p6spy                                    : #1665380027430 | took 0ms | statement | connection 26| url jdbc:h2:mem:ad3a9e80-f26d-4a3e-9691-17f803db5723
update picture set spot_id=?, url=? where picture_id=?
update picture set spot_id=764, url='java.io.StringReader@526d17fe' where picture_id=2846;
2022-10-10 14:33:47.430  INFO 4460 --- [    Test worker] p6spy                                    : #1665380027430 | took 0ms | statement | connection 26| url jdbc:h2:mem:ad3a9e80-f26d-4a3e-9691-17f803db5723
update picture set spot_id=?, url=? where picture_id=?
update picture set spot_id=764, url='java.io.StringReader@23106afe' where picture_id=2847;
2022-10-10 14:33:47.430  INFO 4460 --- [    Test worker] p6spy                                    : #1665380027430 | took 0ms | statement | connection 26| url jdbc:h2:mem:ad3a9e80-f26d-4a3e-9691-17f803db5723
update picture set spot_id=?, url=? where picture_id=?
update picture set spot_id=765, url='java.io.StringReader@166ed1a3' where picture_id=2849;
2022-10-10 14:33:47.430  INFO 4460 --- [    Test worker] p6spy                                    : #1665380027430 | took 0ms | statement | connection 26| url jdbc:h2:mem:ad3a9e80-f26d-4a3e-9691-17f803db5723
update picture set spot_id=?, url=? where picture_id=?
update picture set spot_id=765, url='java.io.StringReader@3829c646' where picture_id=2850;
2022-10-10 14:33:47.430  INFO 4460 --- [    Test worker] p6spy                                    : #1665380027430 | took 0ms | statement | connection 26| url jdbc:h2:mem:ad3a9e80-f26d-4a3e-9691-17f803db5723
update picture set spot_id=?, url=? where picture_id=?
update picture set spot_id=765, url='java.io.StringReader@69992afe' where picture_id=2851;
2022-10-10 14:33:47.430  INFO 4460 --- [    Test worker] p6spy                                    : #1665380027430 | took 0ms | statement | connection 26| url jdbc:h2:mem:ad3a9e80-f26d-4a3e-9691-17f803db5723
update picture set spot_id=?, url=? where picture_id=?
update picture set spot_id=766, url='java.io.StringReader@52ba834b' where picture_id=2853;
2022-10-10 14:33:47.430  INFO 4460 --- [    Test worker] p6spy                                    : #1665380027430 | took 0ms | statement | connection 26| url jdbc:h2:mem:ad3a9e80-f26d-4a3e-9691-17f803db5723
update picture set spot_id=?, url=? where picture_id=?
update picture set spot_id=766, url='java.io.StringReader@699de211' where picture_id=2854;
2022-10-10 14:33:47.430  INFO 4460 --- [    Test worker] p6spy                                    : #1665380027430 | took 0ms | statement | connection 26| url jdbc:h2:mem:ad3a9e80-f26d-4a3e-9691-17f803db5723
update picture set spot_id=?, url=? where picture_id=?
update picture set spot_id=766, url='java.io.StringReader@66b5e5f0' where picture_id=2855;
2022-10-10 14:33:47.430  INFO 4460 --- [    Test worker] p6spy                                    : #1665380027430 | took 0ms | statement | connection 26| url jdbc:h2:mem:ad3a9e80-f26d-4a3e-9691-17f803db5723
update picture set spot_id=?, url=? where picture_id=?
update picture set spot_id=767, url='java.io.StringReader@46efba22' where picture_id=2857;
2022-10-10 14:33:47.430  INFO 4460 --- [    Test worker] p6spy                                    : #1665380027430 | took 0ms | statement | connection 26| url jdbc:h2:mem:ad3a9e80-f26d-4a3e-9691-17f803db5723
update picture set spot_id=?, url=? where picture_id=?
update picture set spot_id=767, url='java.io.StringReader@3ea5db99' where picture_id=2858;
2022-10-10 14:33:47.430  INFO 4460 --- [    Test worker] p6spy                                    : #1665380027430 | took 0ms | statement | connection 26| url jdbc:h2:mem:ad3a9e80-f26d-4a3e-9691-17f803db5723
update picture set spot_id=?, url=? where picture_id=?
update picture set spot_id=767, url='java.io.StringReader@14c52152' where picture_id=2859;
2022-10-10 14:33:47.430  INFO 4460 --- [    Test worker] p6spy                                    : #1665380027430 | took 0ms | statement | connection 26| url jdbc:h2:mem:ad3a9e80-f26d-4a3e-9691-17f803db5723
update picture set spot_id=?, url=? where picture_id=?
update picture set spot_id=768, url='java.io.StringReader@77f58f05' where picture_id=2861;
2022-10-10 14:33:47.430  INFO 4460 --- [    Test worker] p6spy                                    : #1665380027430 | took 0ms | statement | connection 26| url jdbc:h2:mem:ad3a9e80-f26d-4a3e-9691-17f803db5723
update picture set spot_id=?, url=? where picture_id=?
update picture set spot_id=768, url='java.io.StringReader@1c88d038' where picture_id=2862;
2022-10-10 14:33:47.430  INFO 4460 --- [    Test worker] p6spy                                    : #1665380027430 | took 0ms | statement | connection 26| url jdbc:h2:mem:ad3a9e80-f26d-4a3e-9691-17f803db5723
update picture set spot_id=?, url=? where picture_id=?
update picture set spot_id=768, url='java.io.StringReader@729b55f1' where picture_id=2863;
2022-10-10 14:33:47.430  INFO 4460 --- [    Test worker] c.j.r.FavoriteSpotQueryRepositoryTest    : member1 = Member(id=20, username=member1, email=member1@gmail.com, password=1234)
2022-10-10 14:33:47.430  INFO 4460 --- [    Test worker] c.j.r.FavoriteSpotQueryRepositoryTest    : favoriteMain = Favorite(id=41, name=1일차)
2022-10-10 14:33:47.430  INFO 4460 --- [    Test worker] c.j.r.FavoriteSpotQueryRepositoryTest    : spots[0] = capstone.jejuTourrecommend.domain.Spot@25a8ad86
2022-10-10 14:33:47.430  INFO 4460 --- [    Test worker] c.j.r.FavoriteSpotQueryRepositoryTest    : favoriteSpots[0] = FavoriteSpot(id=477, count=0)
2022-10-10 14:33:47.431  INFO 4460 --- [    Test worker] p6spy                                    : #1665380027431 | took 0ms | statement | connection 26| url jdbc:h2:mem:ad3a9e80-f26d-4a3e-9691-17f803db5723
select member0_.member_id as member_i1_2_, member0_.created_date as created_2_2_, member0_.last_modified_date as last_mod3_2_, member0_.created_by as created_4_2_, member0_.last_modified_by as last_mod5_2_, member0_.email as email6_2_, member0_.password as password7_2_, member0_.refresh_token as refresh_8_2_, member0_.role as role9_2_, member0_.username as usernam10_2_ from member member0_ where member0_.email=?
select member0_.member_id as member_i1_2_, member0_.created_date as created_2_2_, member0_.last_modified_date as last_mod3_2_, member0_.created_by as created_4_2_, member0_.last_modified_by as last_mod5_2_, member0_.email as email6_2_, member0_.password as password7_2_, member0_.refresh_token as refresh_8_2_, member0_.role as role9_2_, member0_.username as usernam10_2_ from member member0_ where member0_.email='member1@gmail.com';
2022-10-10 14:33:47.432  INFO 4460 --- [    Test worker] p6spy                                    : #1665380027432 | took 0ms | statement | connection 26| url jdbc:h2:mem:ad3a9e80-f26d-4a3e-9691-17f803db5723
select favorite0_.favorite_id as favorite1_0_, favorite0_.member_id as member_i3_0_, favorite0_.name as name2_0_ from favorite favorite0_ left outer join member member1_ on favorite0_.member_id=member1_.member_id where favorite0_.name=? and member1_.member_id=?
select favorite0_.favorite_id as favorite1_0_, favorite0_.member_id as member_i3_0_, favorite0_.name as name2_0_ from favorite favorite0_ left outer join member member1_ on favorite0_.member_id=member1_.member_id where favorite0_.name='1일차' and member1_.member_id=20;
2022-10-10 14:33:47.433  INFO 4460 --- [    Test worker] p6spy                                    : #1665380027433 | took 0ms | statement | connection 26| url jdbc:h2:mem:ad3a9e80-f26d-4a3e-9691-17f803db5723
select favoritesp0_.favorite_spot_id as favorite1_1_, favoritesp0_.count as count2_1_, favoritesp0_.favorite_id as favorite3_1_, favoritesp0_.spot_id as spot_id4_1_ from favorite_spot favoritesp0_ left outer join favorite favorite1_ on favoritesp0_.favorite_id=favorite1_.favorite_id where favorite1_.favorite_id=?
select favoritesp0_.favorite_spot_id as favorite1_1_, favoritesp0_.count as count2_1_, favoritesp0_.favorite_id as favorite3_1_, favoritesp0_.spot_id as spot_id4_1_ from favorite_spot favoritesp0_ left outer join favorite favorite1_ on favoritesp0_.favorite_id=favorite1_.favorite_id where favorite1_.favorite_id=41;
2022-10-10 14:33:47.442  INFO 4460 --- [    Test worker] p6spy                                    : #1665380027442 | took 3ms | statement | connection 26| url jdbc:h2:mem:ad3a9e80-f26d-4a3e-9691-17f803db5723
select spot1_.spot_id as spot_id1_7_, spot1_.address as address2_7_, spot1_.description as descript3_7_, spot1_.location as location4_7_, spot1_.name as name5_7_, spot1_.score_id as score_id6_7_ from favorite_spot favoritesp0_ inner join spot spot1_ on favoritesp0_.spot_id=spot1_.spot_id where favoritesp0_.favorite_id=? and (spot1_.spot_id in (? , ? , ? , ? , ? , ? , ? , ? , ? , ? , ? , ? , ? , ? , ? , ? , ? , ? , ? , ? , ? , ? , ? , ? , ? , ? , ? , ? , ? , ? , ? , ? , ? , ? , ? , ? , ? , ? , ? , ? , ? , ? , ? , ? , ? , ? , ? , ? , ? , ?))
select spot1_.spot_id as spot_id1_7_, spot1_.address as address2_7_, spot1_.description as descript3_7_, spot1_.location as location4_7_, spot1_.name as name5_7_, spot1_.score_id as score_id6_7_ from favorite_spot favoritesp0_ inner join spot spot1_ on favoritesp0_.spot_id=spot1_.spot_id where favoritesp0_.favorite_id=41 and (spot1_.spot_id in (669 , 671 , 673 , 675 , 677 , 679 , 681 , 683 , 685 , 687 , 689 , 691 , 693 , 695 , 697 , 699 , 701 , 703 , 705 , 707 , 709 , 711 , 713 , 715 , 717 , 719 , 721 , 723 , 725 , 727 , 729 , 731 , 733 , 735 , 737 , 739 , 741 , 743 , 745 , 747 , 749 , 751 , 753 , 755 , 757 , 759 , 761 , 763 , 765 , 767));
2022-10-10 14:33:47.454  INFO 4460 --- [    Test worker] p6spy                                    : #1665380027454 | took 0ms | statement | connection 26| url jdbc:h2:mem:ad3a9e80-f26d-4a3e-9691-17f803db5723
select sum(score1_.view_score) as col_0_0_, sum(score1_.price_score) as col_1_0_, sum(score1_.facility_score) as col_2_0_, sum(score1_.surround_score) as col_3_0_ from spot spot0_ inner join score score1_ on spot0_.score_id=score1_.score_id where spot0_.spot_id in (? , ? , ? , ? , ? , ? , ? , ? , ? , ? , ? , ? , ? , ? , ? , ? , ? , ? , ? , ? , ? , ? , ? , ? , ? , ? , ? , ? , ? , ? , ? , ? , ? , ? , ? , ? , ? , ? , ? , ? , ? , ? , ? , ? , ? , ? , ? , ? , ? , ?)
select sum(score1_.view_score) as col_0_0_, sum(score1_.price_score) as col_1_0_, sum(score1_.facility_score) as col_2_0_, sum(score1_.surround_score) as col_3_0_ from spot spot0_ inner join score score1_ on spot0_.score_id=score1_.score_id where spot0_.spot_id in (669 , 671 , 673 , 675 , 677 , 679 , 681 , 683 , 685 , 687 , 689 , 691 , 693 , 695 , 697 , 699 , 701 , 703 , 705 , 707 , 709 , 711 , 713 , 715 , 717 , 719 , 721 , 723 , 725 , 727 , 729 , 731 , 733 , 735 , 737 , 739 , 741 , 743 , 745 , 747 , 749 , 751 , 753 , 755 , 757 , 759 , 761 , 763 , 765 , 767);
2022-10-10 14:33:47.457  INFO 4460 --- [    Test worker] p6spy                                    : #1665380027457 | took 0ms | statement | connection 26| url jdbc:h2:mem:ad3a9e80-f26d-4a3e-9691-17f803db5723
select distinct spot0_.location as col_0_0_ from spot spot0_ where spot0_.spot_id in (? , ? , ? , ? , ? , ? , ? , ? , ? , ? , ? , ? , ? , ? , ? , ? , ? , ? , ? , ? , ? , ? , ? , ? , ? , ? , ? , ? , ? , ? , ? , ? , ? , ? , ? , ? , ? , ? , ? , ? , ? , ? , ? , ? , ? , ? , ? , ? , ? , ?)
select distinct spot0_.location as col_0_0_ from spot spot0_ where spot0_.spot_id in (669 , 671 , 673 , 675 , 677 , 679 , 681 , 683 , 685 , 687 , 689 , 691 , 693 , 695 , 697 , 699 , 701 , 703 , 705 , 707 , 709 , 711 , 713 , 715 , 717 , 719 , 721 , 723 , 725 , 727 , 729 , 731 , 733 , 735 , 737 , 739 , 741 , 743 , 745 , 747 , 749 , 751 , 753 , 755 , 757 , 759 , 761 , 763 , 765 , 767);
2022-10-10 14:33:47.457  INFO 4460 --- [    Test worker] c.j.r.FavoriteSpotQueryRepository        : score[0] = 250.4799365754724
2022-10-10 14:33:47.457  INFO 4460 --- [    Test worker] c.j.r.FavoriteSpotQueryRepository        : location = [Aewol_eup, Andeok_myeon]
2022-10-10 14:33:47.464  INFO 4460 --- [    Test worker] p6spy                                    : #1665380027464 | took 1ms | statement | connection 26| url jdbc:h2:mem:ad3a9e80-f26d-4a3e-9691-17f803db5723
select spot0_.spot_id as col_0_0_, spot0_.name as col_1_0_, spot0_.address as col_2_0_, spot0_.description as col_3_0_, (select max(picture2_.url) from picture picture2_ where picture2_.spot_id=spot0_.spot_id) as col_4_0_, spot0_.location as col_5_0_ from spot spot0_ left outer join score score1_ on spot0_.score_id=score1_.score_id where spot0_.location=? order by score1_.surround_score desc limit ?
select spot0_.spot_id as col_0_0_, spot0_.name as col_1_0_, spot0_.address as col_2_0_, spot0_.description as col_3_0_, (select max(picture2_.url) from picture picture2_ where picture2_.spot_id=spot0_.spot_id) as col_4_0_, spot0_.location as col_5_0_ from spot spot0_ left outer join score score1_ on spot0_.score_id=score1_.score_id where spot0_.location='Aewol_eup' order by score1_.surround_score desc limit 10;
2022-10-10 14:33:47.466  INFO 4460 --- [    Test worker] p6spy                                    : #1665380027466 | took 0ms | statement | connection 26| url jdbc:h2:mem:ad3a9e80-f26d-4a3e-9691-17f803db5723
select spot0_.spot_id as col_0_0_, spot0_.name as col_1_0_, spot0_.address as col_2_0_, spot0_.description as col_3_0_, (select max(picture2_.url) from picture picture2_ where picture2_.spot_id=spot0_.spot_id) as col_4_0_, spot0_.location as col_5_0_ from spot spot0_ left outer join score score1_ on spot0_.score_id=score1_.score_id where spot0_.location=? order by score1_.surround_score desc limit ?
select spot0_.spot_id as col_0_0_, spot0_.name as col_1_0_, spot0_.address as col_2_0_, spot0_.description as col_3_0_, (select max(picture2_.url) from picture picture2_ where picture2_.spot_id=spot0_.spot_id) as col_4_0_, spot0_.location as col_5_0_ from spot spot0_ left outer join score score1_ on spot0_.score_id=score1_.score_id where spot0_.location='Andeok_myeon' order by score1_.surround_score desc limit 10;
2022-10-10 14:33:47.467  INFO 4460 --- [    Test worker] c.j.r.FavoriteSpotQueryRepositoryTest    : list.toString() = [[RouteSpotListDto(spotId=701, spotName=null, spotAddress=null, spotDescription=null, url=asdf1, location=애월읍), RouteSpotListDto(spotId=675, spotName=null, spotAddress=null, spotDescription=null, url=asdf1, location=애월읍), RouteSpotListDto(spotId=682, spotName=null, spotAddress=null, spotDescription=null, url=asdf1, location=애월읍), RouteSpotListDto(spotId=683, spotName=null, spotAddress=null, spotDescription=null, url=asdf1, location=애월읍), RouteSpotListDto(spotId=708, spotName=null, spotAddress=null, spotDescription=null, url=asdf1, location=애월읍), RouteSpotListDto(spotId=677, spotName=null, spotAddress=null, spotDescription=null, url=asdf1, location=애월읍), RouteSpotListDto(spotId=684, spotName=null, spotAddress=null, spotDescription=null, url=asdf1, location=애월읍), RouteSpotListDto(spotId=693, spotName=null, spotAddress=null, spotDescription=null, url=asdf1, location=애월읍), RouteSpotListDto(spotId=672, spotName=null, spotAddress=null, spotDescription=null, url=asdf1, location=애월읍), RouteSpotListDto(spotId=699, spotName=null, spotAddress=null, spotDescription=null, url=asdf1, location=애월읍)], [RouteSpotListDto(spotId=723, spotName=null, spotAddress=null, spotDescription=null, url=asdf1, location=안덕면), RouteSpotListDto(spotId=735, spotName=null, spotAddress=null, spotDescription=null, url=asdf1, location=안덕면), RouteSpotListDto(spotId=725, spotName=null, spotAddress=null, spotDescription=null, url=asdf1, location=안덕면), RouteSpotListDto(spotId=733, spotName=null, spotAddress=null, spotDescription=null, url=asdf1, location=안덕면), RouteSpotListDto(spotId=732, spotName=null, spotAddress=null, spotDescription=null, url=asdf1, location=안덕면), RouteSpotListDto(spotId=734, spotName=null, spotAddress=null, spotDescription=null, url=asdf1, location=안덕면), RouteSpotListDto(spotId=745, spotName=null, spotAddress=null, spotDescription=null, url=asdf1, location=안덕면), RouteSpotListDto(spotId=737, spotName=null, spotAddress=null, spotDescription=null, url=asdf1, location=안덕면), RouteSpotListDto(spotId=757, spotName=null, spotAddress=null, spotDescription=null, url=asdf1, location=안덕면), RouteSpotListDto(spotId=760, spotName=null, spotAddress=null, spotDescription=null, url=asdf1, location=안덕면)]]
2022-10-10 14:33:47.472  INFO 4460 --- [    Test worker] p6spy                                    : #1665380027472 | took 3ms | rollback | connection 26| url jdbc:h2:mem:ad3a9e80-f26d-4a3e-9691-17f803db5723

;
2022-10-10 14:33:47.472  INFO 4460 --- [    Test worker] o.s.t.c.transaction.TransactionContext   : Rolled back transaction for test: [DefaultTestContext@62231c0f testClass = FavoriteSpotQueryRepositoryTest, testInstance = capstone.jejuTourrecommend.repository.FavoriteSpotQueryRepositoryTest@2685fc6d, testMethod = recommendSpotListTest@FavoriteSpotQueryRepositoryTest, testException = [null], mergedContextConfiguration = [WebMergedContextConfiguration@fdc872e testClass = FavoriteSpotQueryRepositoryTest, locations = '{}', classes = '{class capstone.jejuTourrecommend.JejuTourRecommendApplication}', contextInitializerClasses = '[]', activeProfiles = '{}', propertySourceLocations = '{}', propertySourceProperties = '{org.springframework.boot.test.context.SpringBootTestContextBootstrapper=true}', contextCustomizers = set[org.springframework.boot.test.autoconfigure.actuate.metrics.MetricsExportContextCustomizerFactory$DisableMetricExportContextCustomizer@749c877b, org.springframework.boot.test.autoconfigure.properties.PropertyMappingContextCustomizer@0, org.springframework.boot.test.autoconfigure.web.servlet.WebDriverContextCustomizerFactory$Customizer@60f7cc1d, org.springframework.boot.test.context.filter.ExcludeFilterContextCustomizer@207ea13, org.springframework.boot.test.json.DuplicateJsonObjectContextCustomizerFactory$DuplicateJsonObjectContextCustomizer@5827af16, org.springframework.boot.test.mock.mockito.MockitoContextCustomizer@0, org.springframework.boot.test.web.client.TestRestTemplateContextCustomizer@50fe837a, org.springframework.boot.test.context.SpringBootTestArgs@1, org.springframework.boot.test.context.SpringBootTestWebEnvironment@51bd8b5c], resourceBasePath = 'src/main/webapp', contextLoader = 'org.springframework.boot.test.context.SpringBootContextLoader', parent = [null]], attributes = map['org.springframework.test.context.web.ServletTestExecutionListener.activateListener' -> true, 'org.springframework.test.context.web.ServletTestExecutionListener.populatedRequestContextHolder' -> true, 'org.springframework.test.context.web.ServletTestExecutionListener.resetRequestContextHolder' -> true, 'org.springframework.test.context.event.ApplicationEventsTestExecutionListener.recordApplicationEvents' -> false]]
2022-10-10 14:33:47.473  INFO 4460 --- [    Test worker] o.s.t.c.transaction.TransactionContext   : Began transaction (1) for test context [DefaultTestContext@62231c0f testClass = FavoriteSpotQueryRepositoryTest, testInstance = capstone.jejuTourrecommend.repository.FavoriteSpotQueryRepositoryTest@47bf44dc, testMethod = deleteTest@FavoriteSpotQueryRepositoryTest, testException = [null], mergedContextConfiguration = [WebMergedContextConfiguration@fdc872e testClass = FavoriteSpotQueryRepositoryTest, locations = '{}', classes = '{class capstone.jejuTourrecommend.JejuTourRecommendApplication}', contextInitializerClasses = '[]', activeProfiles = '{}', propertySourceLocations = '{}', propertySourceProperties = '{org.springframework.boot.test.context.SpringBootTestContextBootstrapper=true}', contextCustomizers = set[org.springframework.boot.test.autoconfigure.actuate.metrics.MetricsExportContextCustomizerFactory$DisableMetricExportContextCustomizer@749c877b, org.springframework.boot.test.autoconfigure.properties.PropertyMappingContextCustomizer@0, org.springframework.boot.test.autoconfigure.web.servlet.WebDriverContextCustomizerFactory$Customizer@60f7cc1d, org.springframework.boot.test.context.filter.ExcludeFilterContextCustomizer@207ea13, org.springframework.boot.test.json.DuplicateJsonObjectContextCustomizerFactory$DuplicateJsonObjectContextCustomizer@5827af16, org.springframework.boot.test.mock.mockito.MockitoContextCustomizer@0, org.springframework.boot.test.web.client.TestRestTemplateContextCustomizer@50fe837a, org.springframework.boot.test.context.SpringBootTestArgs@1, org.springframework.boot.test.context.SpringBootTestWebEnvironment@51bd8b5c], resourceBasePath = 'src/main/webapp', contextLoader = 'org.springframework.boot.test.context.SpringBootContextLoader', parent = [null]], attributes = map['org.springframework.test.context.web.ServletTestExecutionListener.activateListener' -> true, 'org.springframework.test.context.web.ServletTestExecutionListener.populatedRequestContextHolder' -> true, 'org.springframework.test.context.web.ServletTestExecutionListener.resetRequestContextHolder' -> true, 'org.springframework.test.context.event.ApplicationEventsTestExecutionListener.recordApplicationEvents' -> false]]; transaction manager [org.springframework.orm.jpa.JpaTransactionManager@4545ac62]; rollback [true]
2022-10-10 14:33:47.474  INFO 4460 --- [    Test worker] c.j.r.FavoriteSpotQueryRepositoryTest    : member1 =Member(id=22, username=member1, email=member1@gmail.com, password=1234)
2022-10-10 14:33:47.474  INFO 4460 --- [    Test worker] p6spy                                    : #1665380027474 | took 0ms | statement | connection 27| url jdbc:h2:mem:ad3a9e80-f26d-4a3e-9691-17f803db5723
call next value for hibernate_sequence
call next value for hibernate_sequence;
2022-10-10 14:33:47.474  INFO 4460 --- [    Test worker] p6spy                                    : #1665380027474 | took 0ms | statement | connection 27| url jdbc:h2:mem:ad3a9e80-f26d-4a3e-9691-17f803db5723
call next value for hibernate_sequence
call next value for hibernate_sequence;
2022-10-10 14:33:47.474  INFO 4460 --- [    Test worker] p6spy                                    : #1665380027474 | took 0ms | statement | connection 27| url jdbc:h2:mem:ad3a9e80-f26d-4a3e-9691-17f803db5723
call next value for hibernate_sequence
call next value for hibernate_sequence;
2022-10-10 14:33:47.474  INFO 4460 --- [    Test worker] p6spy                                    : #1665380027474 | took 0ms | statement | connection 27| url jdbc:h2:mem:ad3a9e80-f26d-4a3e-9691-17f803db5723
call next value for hibernate_sequence
call next value for hibernate_sequence;
2022-10-10 14:33:47.474  INFO 4460 --- [    Test worker] c.j.r.FavoriteSpotQueryRepositoryTest    : favoriteSpot = FavoriteSpot(id=527, count=0)
2022-10-10 14:33:47.474  INFO 4460 --- [    Test worker] c.j.r.FavoriteSpotQueryRepositoryTest    : Spot = capstone.jejuTourrecommend.domain.Spot@23623448
2022-10-10 14:33:47.474  INFO 4460 --- [    Test worker] p6spy                                    : #1665380027474 | took 0ms | statement | connection 27| url jdbc:h2:mem:ad3a9e80-f26d-4a3e-9691-17f803db5723
call next value for hibernate_sequence
call next value for hibernate_sequence;
2022-10-10 14:33:47.474  INFO 4460 --- [    Test worker] p6spy                                    : #1665380027474 | took 0ms | statement | connection 27| url jdbc:h2:mem:ad3a9e80-f26d-4a3e-9691-17f803db5723
call next value for hibernate_sequence
call next value for hibernate_sequence;
2022-10-10 14:33:47.474  INFO 4460 --- [    Test worker] p6spy                                    : #1665380027474 | took 0ms | statement | connection 27| url jdbc:h2:mem:ad3a9e80-f26d-4a3e-9691-17f803db5723
call next value for hibernate_sequence
call next value for hibernate_sequence;
2022-10-10 14:33:47.474  INFO 4460 --- [    Test worker] p6spy                                    : #1665380027474 | took 0ms | statement | connection 27| url jdbc:h2:mem:ad3a9e80-f26d-4a3e-9691-17f803db5723
call next value for hibernate_sequence
call next value for hibernate_sequence;
2022-10-10 14:33:47.474  INFO 4460 --- [    Test worker] p6spy                                    : #1665380027474 | took 0ms | statement | connection 27| url jdbc:h2:mem:ad3a9e80-f26d-4a3e-9691-17f803db5723
call next value for hibernate_sequence
call next value for hibernate_sequence;
2022-10-10 14:33:47.474  INFO 4460 --- [    Test worker] p6spy                                    : #1665380027474 | took 0ms | statement | connection 27| url jdbc:h2:mem:ad3a9e80-f26d-4a3e-9691-17f803db5723
call next value for hibernate_sequence
call next value for hibernate_sequence;
2022-10-10 14:33:47.475  INFO 4460 --- [    Test worker] p6spy                                    : #1665380027475 | took 0ms | statement | connection 27| url jdbc:h2:mem:ad3a9e80-f26d-4a3e-9691-17f803db5723
call next value for hibernate_sequence
call next value for hibernate_sequence;
2022-10-10 14:33:47.475  INFO 4460 --- [    Test worker] p6spy                                    : #1665380027475 | took 0ms | statement | connection 27| url jdbc:h2:mem:ad3a9e80-f26d-4a3e-9691-17f803db5723
call next value for hibernate_sequence
call next value for hibernate_sequence;
2022-10-10 14:33:47.475  INFO 4460 --- [    Test worker] c.j.r.FavoriteSpotQueryRepositoryTest    : favoriteSpot = FavoriteSpot(id=528, count=0)
2022-10-10 14:33:47.475  INFO 4460 --- [    Test worker] c.j.r.FavoriteSpotQueryRepositoryTest    : Spot = capstone.jejuTourrecommend.domain.Spot@2432db14
2022-10-10 14:33:47.475  INFO 4460 --- [    Test worker] p6spy                                    : #1665380027475 | took 0ms | statement | connection 27| url jdbc:h2:mem:ad3a9e80-f26d-4a3e-9691-17f803db5723
call next value for hibernate_sequence
call next value for hibernate_sequence;
2022-10-10 14:33:47.475  INFO 4460 --- [    Test worker] p6spy                                    : #1665380027475 | took 0ms | statement | connection 27| url jdbc:h2:mem:ad3a9e80-f26d-4a3e-9691-17f803db5723
call next value for hibernate_sequence
call next value for hibernate_sequence;
2022-10-10 14:33:47.475  INFO 4460 --- [    Test worker] p6spy                                    : #1665380027475 | took 0ms | statement | connection 27| url jdbc:h2:mem:ad3a9e80-f26d-4a3e-9691-17f803db5723
call next value for hibernate_sequence
call next value for hibernate_sequence;
2022-10-10 14:33:47.475  INFO 4460 --- [    Test worker] p6spy                                    : #1665380027475 | took 0ms | statement | connection 27| url jdbc:h2:mem:ad3a9e80-f26d-4a3e-9691-17f803db5723
call next value for hibernate_sequence
call next value for hibernate_sequence;
2022-10-10 14:33:47.475  INFO 4460 --- [    Test worker] p6spy                                    : #1665380027475 | took 0ms | statement | connection 27| url jdbc:h2:mem:ad3a9e80-f26d-4a3e-9691-17f803db5723
call next value for hibernate_sequence
call next value for hibernate_sequence;
2022-10-10 14:33:47.475  INFO 4460 --- [    Test worker] p6spy                                    : #1665380027475 | took 0ms | statement | connection 27| url jdbc:h2:mem:ad3a9e80-f26d-4a3e-9691-17f803db5723
call next value for hibernate_sequence
call next value for hibernate_sequence;
2022-10-10 14:33:47.475  INFO 4460 --- [    Test worker] p6spy                                    : #1665380027475 | took 0ms | statement | connection 27| url jdbc:h2:mem:ad3a9e80-f26d-4a3e-9691-17f803db5723
call next value for hibernate_sequence
call next value for hibernate_sequence;
2022-10-10 14:33:47.475  INFO 4460 --- [    Test worker] p6spy                                    : #1665380027475 | took 0ms | statement | connection 27| url jdbc:h2:mem:ad3a9e80-f26d-4a3e-9691-17f803db5723
call next value for hibernate_sequence
call next value for hibernate_sequence;
2022-10-10 14:33:47.475  INFO 4460 --- [    Test worker] c.j.r.FavoriteSpotQueryRepositoryTest    : favoriteSpot = FavoriteSpot(id=529, count=0)
2022-10-10 14:33:47.475  INFO 4460 --- [    Test worker] c.j.r.FavoriteSpotQueryRepositoryTest    : Spot = capstone.jejuTourrecommend.domain.Spot@16107bd1
2022-10-10 14:33:47.475  INFO 4460 --- [    Test worker] p6spy                                    : #1665380027475 | took 0ms | statement | connection 27| url jdbc:h2:mem:ad3a9e80-f26d-4a3e-9691-17f803db5723
call next value for hibernate_sequence
call next value for hibernate_sequence;
2022-10-10 14:33:47.475  INFO 4460 --- [    Test worker] p6spy                                    : #1665380027475 | took 0ms | statement | connection 27| url jdbc:h2:mem:ad3a9e80-f26d-4a3e-9691-17f803db5723
call next value for hibernate_sequence
call next value for hibernate_sequence;
2022-10-10 14:33:47.475  INFO 4460 --- [    Test worker] p6spy                                    : #1665380027475 | took 0ms | statement | connection 27| url jdbc:h2:mem:ad3a9e80-f26d-4a3e-9691-17f803db5723
call next value for hibernate_sequence
call next value for hibernate_sequence;
2022-10-10 14:33:47.475  INFO 4460 --- [    Test worker] p6spy                                    : #1665380027475 | took 0ms | statement | connection 27| url jdbc:h2:mem:ad3a9e80-f26d-4a3e-9691-17f803db5723
call next value for hibernate_sequence
call next value for hibernate_sequence;
2022-10-10 14:33:47.475  INFO 4460 --- [    Test worker] p6spy                                    : #1665380027475 | took 0ms | statement | connection 27| url jdbc:h2:mem:ad3a9e80-f26d-4a3e-9691-17f803db5723
call next value for hibernate_sequence
call next value for hibernate_sequence;
2022-10-10 14:33:47.475  INFO 4460 --- [    Test worker] p6spy                                    : #1665380027475 | took 0ms | statement | connection 27| url jdbc:h2:mem:ad3a9e80-f26d-4a3e-9691-17f803db5723
call next value for hibernate_sequence
call next value for hibernate_sequence;
2022-10-10 14:33:47.475  INFO 4460 --- [    Test worker] p6spy                                    : #1665380027475 | took 0ms | statement | connection 27| url jdbc:h2:mem:ad3a9e80-f26d-4a3e-9691-17f803db5723
call next value for hibernate_sequence
call next value for hibernate_sequence;
2022-10-10 14:33:47.475  INFO 4460 --- [    Test worker] p6spy                                    : #1665380027475 | took 0ms | statement | connection 27| url jdbc:h2:mem:ad3a9e80-f26d-4a3e-9691-17f803db5723
call next value for hibernate_sequence
call next value for hibernate_sequence;
2022-10-10 14:33:47.475  INFO 4460 --- [    Test worker] c.j.r.FavoriteSpotQueryRepositoryTest    : favoriteSpot = FavoriteSpot(id=530, count=0)
2022-10-10 14:33:47.475  INFO 4460 --- [    Test worker] c.j.r.FavoriteSpotQueryRepositoryTest    : Spot = capstone.jejuTourrecommend.domain.Spot@3588bba
2022-10-10 14:33:47.475  INFO 4460 --- [    Test worker] p6spy                                    : #1665380027475 | took 0ms | statement | connection 27| url jdbc:h2:mem:ad3a9e80-f26d-4a3e-9691-17f803db5723
call next value for hibernate_sequence
call next value for hibernate_sequence;
2022-10-10 14:33:47.475  INFO 4460 --- [    Test worker] p6spy                                    : #1665380027475 | took 0ms | statement | connection 27| url jdbc:h2:mem:ad3a9e80-f26d-4a3e-9691-17f803db5723
call next value for hibernate_sequence
call next value for hibernate_sequence;
2022-10-10 14:33:47.475  INFO 4460 --- [    Test worker] p6spy                                    : #1665380027475 | took 0ms | statement | connection 27| url jdbc:h2:mem:ad3a9e80-f26d-4a3e-9691-17f803db5723
call next value for hibernate_sequence
call next value for hibernate_sequence;
2022-10-10 14:33:47.475  INFO 4460 --- [    Test worker] p6spy                                    : #1665380027475 | took 0ms | statement | connection 27| url jdbc:h2:mem:ad3a9e80-f26d-4a3e-9691-17f803db5723
call next value for hibernate_sequence
call next value for hibernate_sequence;
2022-10-10 14:33:47.475  INFO 4460 --- [    Test worker] p6spy                                    : #1665380027475 | took 0ms | statement | connection 27| url jdbc:h2:mem:ad3a9e80-f26d-4a3e-9691-17f803db5723
call next value for hibernate_sequence
call next value for hibernate_sequence;
2022-10-10 14:33:47.475  INFO 4460 --- [    Test worker] p6spy                                    : #1665380027475 | took 0ms | statement | connection 27| url jdbc:h2:mem:ad3a9e80-f26d-4a3e-9691-17f803db5723
call next value for hibernate_sequence
call next value for hibernate_sequence;
2022-10-10 14:33:47.475  INFO 4460 --- [    Test worker] p6spy                                    : #1665380027475 | took 0ms | statement | connection 27| url jdbc:h2:mem:ad3a9e80-f26d-4a3e-9691-17f803db5723
call next value for hibernate_sequence
call next value for hibernate_sequence;
2022-10-10 14:33:47.476  INFO 4460 --- [    Test worker] p6spy                                    : #1665380027476 | took 0ms | statement | connection 27| url jdbc:h2:mem:ad3a9e80-f26d-4a3e-9691-17f803db5723
call next value for hibernate_sequence
call next value for hibernate_sequence;
2022-10-10 14:33:47.476  INFO 4460 --- [    Test worker] c.j.r.FavoriteSpotQueryRepositoryTest    : favoriteSpot = FavoriteSpot(id=531, count=0)
2022-10-10 14:33:47.476  INFO 4460 --- [    Test worker] c.j.r.FavoriteSpotQueryRepositoryTest    : Spot = capstone.jejuTourrecommend.domain.Spot@37b2c91f
2022-10-10 14:33:47.476  INFO 4460 --- [    Test worker] p6spy                                    : #1665380027476 | took 0ms | statement | connection 27| url jdbc:h2:mem:ad3a9e80-f26d-4a3e-9691-17f803db5723
call next value for hibernate_sequence
call next value for hibernate_sequence;
2022-10-10 14:33:47.476  INFO 4460 --- [    Test worker] p6spy                                    : #1665380027476 | took 0ms | statement | connection 27| url jdbc:h2:mem:ad3a9e80-f26d-4a3e-9691-17f803db5723
call next value for hibernate_sequence
call next value for hibernate_sequence;
2022-10-10 14:33:47.476  INFO 4460 --- [    Test worker] p6spy                                    : #1665380027476 | took 0ms | statement | connection 27| url jdbc:h2:mem:ad3a9e80-f26d-4a3e-9691-17f803db5723
call next value for hibernate_sequence
call next value for hibernate_sequence;
2022-10-10 14:33:47.476  INFO 4460 --- [    Test worker] p6spy                                    : #1665380027476 | took 0ms | statement | connection 27| url jdbc:h2:mem:ad3a9e80-f26d-4a3e-9691-17f803db5723
call next value for hibernate_sequence
call next value for hibernate_sequence;
2022-10-10 14:33:47.476  INFO 4460 --- [    Test worker] p6spy                                    : #1665380027476 | took 0ms | statement | connection 27| url jdbc:h2:mem:ad3a9e80-f26d-4a3e-9691-17f803db5723
call next value for hibernate_sequence
call next value for hibernate_sequence;
2022-10-10 14:33:47.476  INFO 4460 --- [    Test worker] p6spy                                    : #1665380027476 | took 0ms | statement | connection 27| url jdbc:h2:mem:ad3a9e80-f26d-4a3e-9691-17f803db5723
call next value for hibernate_sequence
call next value for hibernate_sequence;
2022-10-10 14:33:47.476  INFO 4460 --- [    Test worker] p6spy                                    : #1665380027476 | took 0ms | statement | connection 27| url jdbc:h2:mem:ad3a9e80-f26d-4a3e-9691-17f803db5723
call next value for hibernate_sequence
call next value for hibernate_sequence;
2022-10-10 14:33:47.476  INFO 4460 --- [    Test worker] p6spy                                    : #1665380027476 | took 0ms | statement | connection 27| url jdbc:h2:mem:ad3a9e80-f26d-4a3e-9691-17f803db5723
call next value for hibernate_sequence
call next value for hibernate_sequence;
2022-10-10 14:33:47.476  INFO 4460 --- [    Test worker] c.j.r.FavoriteSpotQueryRepositoryTest    : favoriteSpot = FavoriteSpot(id=532, count=0)
2022-10-10 14:33:47.476  INFO 4460 --- [    Test worker] c.j.r.FavoriteSpotQueryRepositoryTest    : Spot = capstone.jejuTourrecommend.domain.Spot@1037e983
2022-10-10 14:33:47.476  INFO 4460 --- [    Test worker] p6spy                                    : #1665380027476 | took 0ms | statement | connection 27| url jdbc:h2:mem:ad3a9e80-f26d-4a3e-9691-17f803db5723
call next value for hibernate_sequence
call next value for hibernate_sequence;
2022-10-10 14:33:47.476  INFO 4460 --- [    Test worker] p6spy                                    : #1665380027476 | took 0ms | statement | connection 27| url jdbc:h2:mem:ad3a9e80-f26d-4a3e-9691-17f803db5723
call next value for hibernate_sequence
call next value for hibernate_sequence;
2022-10-10 14:33:47.476  INFO 4460 --- [    Test worker] p6spy                                    : #1665380027476 | took 0ms | statement | connection 27| url jdbc:h2:mem:ad3a9e80-f26d-4a3e-9691-17f803db5723
call next value for hibernate_sequence
call next value for hibernate_sequence;
2022-10-10 14:33:47.476  INFO 4460 --- [    Test worker] p6spy                                    : #1665380027476 | took 0ms | statement | connection 27| url jdbc:h2:mem:ad3a9e80-f26d-4a3e-9691-17f803db5723
call next value for hibernate_sequence
call next value for hibernate_sequence;
2022-10-10 14:33:47.476  INFO 4460 --- [    Test worker] p6spy                                    : #1665380027476 | took 0ms | statement | connection 27| url jdbc:h2:mem:ad3a9e80-f26d-4a3e-9691-17f803db5723
call next value for hibernate_sequence
call next value for hibernate_sequence;
2022-10-10 14:33:47.476  INFO 4460 --- [    Test worker] p6spy                                    : #1665380027476 | took 0ms | statement | connection 27| url jdbc:h2:mem:ad3a9e80-f26d-4a3e-9691-17f803db5723
call next value for hibernate_sequence
call next value for hibernate_sequence;
2022-10-10 14:33:47.476  INFO 4460 --- [    Test worker] p6spy                                    : #1665380027476 | took 0ms | statement | connection 27| url jdbc:h2:mem:ad3a9e80-f26d-4a3e-9691-17f803db5723
call next value for hibernate_sequence
call next value for hibernate_sequence;
2022-10-10 14:33:47.476  INFO 4460 --- [    Test worker] p6spy                                    : #1665380027476 | took 0ms | statement | connection 27| url jdbc:h2:mem:ad3a9e80-f26d-4a3e-9691-17f803db5723
call next value for hibernate_sequence
call next value for hibernate_sequence;
2022-10-10 14:33:47.476  INFO 4460 --- [    Test worker] c.j.r.FavoriteSpotQueryRepositoryTest    : favoriteSpot = FavoriteSpot(id=533, count=0)
2022-10-10 14:33:47.476  INFO 4460 --- [    Test worker] c.j.r.FavoriteSpotQueryRepositoryTest    : Spot = capstone.jejuTourrecommend.domain.Spot@7478e3d2
2022-10-10 14:33:47.476  INFO 4460 --- [    Test worker] p6spy                                    : #1665380027476 | took 0ms | statement | connection 27| url jdbc:h2:mem:ad3a9e80-f26d-4a3e-9691-17f803db5723
call next value for hibernate_sequence
call next value for hibernate_sequence;
2022-10-10 14:33:47.476  INFO 4460 --- [    Test worker] p6spy                                    : #1665380027476 | took 0ms | statement | connection 27| url jdbc:h2:mem:ad3a9e80-f26d-4a3e-9691-17f803db5723
call next value for hibernate_sequence
call next value for hibernate_sequence;
2022-10-10 14:33:47.476  INFO 4460 --- [    Test worker] p6spy                                    : #1665380027476 | took 0ms | statement | connection 27| url jdbc:h2:mem:ad3a9e80-f26d-4a3e-9691-17f803db5723
call next value for hibernate_sequence
call next value for hibernate_sequence;
2022-10-10 14:33:47.476  INFO 4460 --- [    Test worker] p6spy                                    : #1665380027476 | took 0ms | statement | connection 27| url jdbc:h2:mem:ad3a9e80-f26d-4a3e-9691-17f803db5723
call next value for hibernate_sequence
call next value for hibernate_sequence;
2022-10-10 14:33:47.476  INFO 4460 --- [    Test worker] p6spy                                    : #1665380027476 | took 0ms | statement | connection 27| url jdbc:h2:mem:ad3a9e80-f26d-4a3e-9691-17f803db5723
call next value for hibernate_sequence
call next value for hibernate_sequence;
2022-10-10 14:33:47.476  INFO 4460 --- [    Test worker] p6spy                                    : #1665380027476 | took 0ms | statement | connection 27| url jdbc:h2:mem:ad3a9e80-f26d-4a3e-9691-17f803db5723
call next value for hibernate_sequence
call next value for hibernate_sequence;
2022-10-10 14:33:47.476  INFO 4460 --- [    Test worker] p6spy                                    : #1665380027476 | took 0ms | statement | connection 27| url jdbc:h2:mem:ad3a9e80-f26d-4a3e-9691-17f803db5723
call next value for hibernate_sequence
call next value for hibernate_sequence;
2022-10-10 14:33:47.477  INFO 4460 --- [    Test worker] p6spy                                    : #1665380027477 | took 0ms | statement | connection 27| url jdbc:h2:mem:ad3a9e80-f26d-4a3e-9691-17f803db5723
call next value for hibernate_sequence
call next value for hibernate_sequence;
2022-10-10 14:33:47.477  INFO 4460 --- [    Test worker] c.j.r.FavoriteSpotQueryRepositoryTest    : favoriteSpot = FavoriteSpot(id=534, count=0)
2022-10-10 14:33:47.477  INFO 4460 --- [    Test worker] c.j.r.FavoriteSpotQueryRepositoryTest    : Spot = capstone.jejuTourrecommend.domain.Spot@36e1a2f
2022-10-10 14:33:47.477  INFO 4460 --- [    Test worker] p6spy                                    : #1665380027477 | took 0ms | statement | connection 27| url jdbc:h2:mem:ad3a9e80-f26d-4a3e-9691-17f803db5723
call next value for hibernate_sequence
call next value for hibernate_sequence;
2022-10-10 14:33:47.477  INFO 4460 --- [    Test worker] p6spy                                    : #1665380027477 | took 0ms | statement | connection 27| url jdbc:h2:mem:ad3a9e80-f26d-4a3e-9691-17f803db5723
call next value for hibernate_sequence
call next value for hibernate_sequence;
2022-10-10 14:33:47.477  INFO 4460 --- [    Test worker] p6spy                                    : #1665380027477 | took 0ms | statement | connection 27| url jdbc:h2:mem:ad3a9e80-f26d-4a3e-9691-17f803db5723
call next value for hibernate_sequence
call next value for hibernate_sequence;
2022-10-10 14:33:47.477  INFO 4460 --- [    Test worker] p6spy                                    : #1665380027477 | took 0ms | statement | connection 27| url jdbc:h2:mem:ad3a9e80-f26d-4a3e-9691-17f803db5723
call next value for hibernate_sequence
call next value for hibernate_sequence;
2022-10-10 14:33:47.477  INFO 4460 --- [    Test worker] p6spy                                    : #1665380027477 | took 0ms | statement | connection 27| url jdbc:h2:mem:ad3a9e80-f26d-4a3e-9691-17f803db5723
call next value for hibernate_sequence
call next value for hibernate_sequence;
2022-10-10 14:33:47.477  INFO 4460 --- [    Test worker] p6spy                                    : #1665380027477 | took 0ms | statement | connection 27| url jdbc:h2:mem:ad3a9e80-f26d-4a3e-9691-17f803db5723
call next value for hibernate_sequence
call next value for hibernate_sequence;
2022-10-10 14:33:47.477  INFO 4460 --- [    Test worker] p6spy                                    : #1665380027477 | took 0ms | statement | connection 27| url jdbc:h2:mem:ad3a9e80-f26d-4a3e-9691-17f803db5723
call next value for hibernate_sequence
call next value for hibernate_sequence;
2022-10-10 14:33:47.477  INFO 4460 --- [    Test worker] p6spy                                    : #1665380027477 | took 0ms | statement | connection 27| url jdbc:h2:mem:ad3a9e80-f26d-4a3e-9691-17f803db5723
call next value for hibernate_sequence
call next value for hibernate_sequence;
2022-10-10 14:33:47.477  INFO 4460 --- [    Test worker] c.j.r.FavoriteSpotQueryRepositoryTest    : favoriteSpot = FavoriteSpot(id=535, count=0)
2022-10-10 14:33:47.477  INFO 4460 --- [    Test worker] c.j.r.FavoriteSpotQueryRepositoryTest    : Spot = capstone.jejuTourrecommend.domain.Spot@369c6e1b
2022-10-10 14:33:47.477  INFO 4460 --- [    Test worker] p6spy                                    : #1665380027477 | took 0ms | statement | connection 27| url jdbc:h2:mem:ad3a9e80-f26d-4a3e-9691-17f803db5723
call next value for hibernate_sequence
call next value for hibernate_sequence;
2022-10-10 14:33:47.477  INFO 4460 --- [    Test worker] p6spy                                    : #1665380027477 | took 0ms | statement | connection 27| url jdbc:h2:mem:ad3a9e80-f26d-4a3e-9691-17f803db5723
call next value for hibernate_sequence
call next value for hibernate_sequence;
2022-10-10 14:33:47.477  INFO 4460 --- [    Test worker] p6spy                                    : #1665380027477 | took 0ms | statement | connection 27| url jdbc:h2:mem:ad3a9e80-f26d-4a3e-9691-17f803db5723
call next value for hibernate_sequence
call next value for hibernate_sequence;
2022-10-10 14:33:47.477  INFO 4460 --- [    Test worker] p6spy                                    : #1665380027477 | took 0ms | statement | connection 27| url jdbc:h2:mem:ad3a9e80-f26d-4a3e-9691-17f803db5723
call next value for hibernate_sequence
call next value for hibernate_sequence;
2022-10-10 14:33:47.477  INFO 4460 --- [    Test worker] p6spy                                    : #1665380027477 | took 0ms | statement | connection 27| url jdbc:h2:mem:ad3a9e80-f26d-4a3e-9691-17f803db5723
call next value for hibernate_sequence
call next value for hibernate_sequence;
2022-10-10 14:33:47.477  INFO 4460 --- [    Test worker] p6spy                                    : #1665380027477 | took 0ms | statement | connection 27| url jdbc:h2:mem:ad3a9e80-f26d-4a3e-9691-17f803db5723
call next value for hibernate_sequence
call next value for hibernate_sequence;
2022-10-10 14:33:47.477  INFO 4460 --- [    Test worker] p6spy                                    : #1665380027477 | took 0ms | statement | connection 27| url jdbc:h2:mem:ad3a9e80-f26d-4a3e-9691-17f803db5723
call next value for hibernate_sequence
call next value for hibernate_sequence;
2022-10-10 14:33:47.477  INFO 4460 --- [    Test worker] p6spy                                    : #1665380027477 | took 0ms | statement | connection 27| url jdbc:h2:mem:ad3a9e80-f26d-4a3e-9691-17f803db5723
call next value for hibernate_sequence
call next value for hibernate_sequence;
2022-10-10 14:33:47.477  INFO 4460 --- [    Test worker] c.j.r.FavoriteSpotQueryRepositoryTest    : favoriteSpot = FavoriteSpot(id=536, count=0)
2022-10-10 14:33:47.477  INFO 4460 --- [    Test worker] c.j.r.FavoriteSpotQueryRepositoryTest    : Spot = capstone.jejuTourrecommend.domain.Spot@618bcea6
2022-10-10 14:33:47.477  INFO 4460 --- [    Test worker] p6spy                                    : #1665380027477 | took 0ms | statement | connection 27| url jdbc:h2:mem:ad3a9e80-f26d-4a3e-9691-17f803db5723
call next value for hibernate_sequence
call next value for hibernate_sequence;
2022-10-10 14:33:47.477  INFO 4460 --- [    Test worker] p6spy                                    : #1665380027477 | took 0ms | statement | connection 27| url jdbc:h2:mem:ad3a9e80-f26d-4a3e-9691-17f803db5723
call next value for hibernate_sequence
call next value for hibernate_sequence;
2022-10-10 14:33:47.477  INFO 4460 --- [    Test worker] p6spy                                    : #1665380027477 | took 0ms | statement | connection 27| url jdbc:h2:mem:ad3a9e80-f26d-4a3e-9691-17f803db5723
call next value for hibernate_sequence
call next value for hibernate_sequence;
2022-10-10 14:33:47.477  INFO 4460 --- [    Test worker] p6spy                                    : #1665380027477 | took 0ms | statement | connection 27| url jdbc:h2:mem:ad3a9e80-f26d-4a3e-9691-17f803db5723
call next value for hibernate_sequence
call next value for hibernate_sequence;
2022-10-10 14:33:47.477  INFO 4460 --- [    Test worker] p6spy                                    : #1665380027477 | took 0ms | statement | connection 27| url jdbc:h2:mem:ad3a9e80-f26d-4a3e-9691-17f803db5723
call next value for hibernate_sequence
call next value for hibernate_sequence;
2022-10-10 14:33:47.477  INFO 4460 --- [    Test worker] p6spy                                    : #1665380027477 | took 0ms | statement | connection 27| url jdbc:h2:mem:ad3a9e80-f26d-4a3e-9691-17f803db5723
call next value for hibernate_sequence
call next value for hibernate_sequence;
2022-10-10 14:33:47.477  INFO 4460 --- [    Test worker] p6spy                                    : #1665380027477 | took 0ms | statement | connection 27| url jdbc:h2:mem:ad3a9e80-f26d-4a3e-9691-17f803db5723
call next value for hibernate_sequence
call next value for hibernate_sequence;
2022-10-10 14:33:47.477  INFO 4460 --- [    Test worker] p6spy                                    : #1665380027477 | took 0ms | statement | connection 27| url jdbc:h2:mem:ad3a9e80-f26d-4a3e-9691-17f803db5723
call next value for hibernate_sequence
call next value for hibernate_sequence;
2022-10-10 14:33:47.477  INFO 4460 --- [    Test worker] c.j.r.FavoriteSpotQueryRepositoryTest    : favoriteSpot = FavoriteSpot(id=537, count=0)
2022-10-10 14:33:47.477  INFO 4460 --- [    Test worker] c.j.r.FavoriteSpotQueryRepositoryTest    : Spot = capstone.jejuTourrecommend.domain.Spot@5f143fc
2022-10-10 14:33:47.477  INFO 4460 --- [    Test worker] p6spy                                    : #1665380027477 | took 0ms | statement | connection 27| url jdbc:h2:mem:ad3a9e80-f26d-4a3e-9691-17f803db5723
call next value for hibernate_sequence
call next value for hibernate_sequence;
2022-10-10 14:33:47.477  INFO 4460 --- [    Test worker] p6spy                                    : #1665380027477 | took 0ms | statement | connection 27| url jdbc:h2:mem:ad3a9e80-f26d-4a3e-9691-17f803db5723
call next value for hibernate_sequence
call next value for hibernate_sequence;
2022-10-10 14:33:47.477  INFO 4460 --- [    Test worker] p6spy                                    : #1665380027477 | took 0ms | statement | connection 27| url jdbc:h2:mem:ad3a9e80-f26d-4a3e-9691-17f803db5723
call next value for hibernate_sequence
call next value for hibernate_sequence;
2022-10-10 14:33:47.477  INFO 4460 --- [    Test worker] p6spy                                    : #1665380027477 | took 0ms | statement | connection 27| url jdbc:h2:mem:ad3a9e80-f26d-4a3e-9691-17f803db5723
call next value for hibernate_sequence
call next value for hibernate_sequence;
2022-10-10 14:33:47.477  INFO 4460 --- [    Test worker] p6spy                                    : #1665380027477 | took 0ms | statement | connection 27| url jdbc:h2:mem:ad3a9e80-f26d-4a3e-9691-17f803db5723
call next value for hibernate_sequence
call next value for hibernate_sequence;
2022-10-10 14:33:47.477  INFO 4460 --- [    Test worker] p6spy                                    : #1665380027477 | took 0ms | statement | connection 27| url jdbc:h2:mem:ad3a9e80-f26d-4a3e-9691-17f803db5723
call next value for hibernate_sequence
call next value for hibernate_sequence;
2022-10-10 14:33:47.477  INFO 4460 --- [    Test worker] p6spy                                    : #1665380027477 | took 0ms | statement | connection 27| url jdbc:h2:mem:ad3a9e80-f26d-4a3e-9691-17f803db5723
call next value for hibernate_sequence
call next value for hibernate_sequence;
2022-10-10 14:33:47.477  INFO 4460 --- [    Test worker] p6spy                                    : #1665380027477 | took 0ms | statement | connection 27| url jdbc:h2:mem:ad3a9e80-f26d-4a3e-9691-17f803db5723
call next value for hibernate_sequence
call next value for hibernate_sequence;
2022-10-10 14:33:47.477  INFO 4460 --- [    Test worker] c.j.r.FavoriteSpotQueryRepositoryTest    : favoriteSpot = FavoriteSpot(id=538, count=0)
2022-10-10 14:33:47.477  INFO 4460 --- [    Test worker] c.j.r.FavoriteSpotQueryRepositoryTest    : Spot = capstone.jejuTourrecommend.domain.Spot@61fb9707
2022-10-10 14:33:47.477  INFO 4460 --- [    Test worker] p6spy                                    : #1665380027477 | took 0ms | statement | connection 27| url jdbc:h2:mem:ad3a9e80-f26d-4a3e-9691-17f803db5723
call next value for hibernate_sequence
call next value for hibernate_sequence;
2022-10-10 14:33:47.477  INFO 4460 --- [    Test worker] p6spy                                    : #1665380027477 | took 0ms | statement | connection 27| url jdbc:h2:mem:ad3a9e80-f26d-4a3e-9691-17f803db5723
call next value for hibernate_sequence
call next value for hibernate_sequence;
2022-10-10 14:33:47.477  INFO 4460 --- [    Test worker] p6spy                                    : #1665380027477 | took 0ms | statement | connection 27| url jdbc:h2:mem:ad3a9e80-f26d-4a3e-9691-17f803db5723
call next value for hibernate_sequence
call next value for hibernate_sequence;
2022-10-10 14:33:47.477  INFO 4460 --- [    Test worker] p6spy                                    : #1665380027477 | took 0ms | statement | connection 27| url jdbc:h2:mem:ad3a9e80-f26d-4a3e-9691-17f803db5723
call next value for hibernate_sequence
call next value for hibernate_sequence;
2022-10-10 14:33:47.478  INFO 4460 --- [    Test worker] p6spy                                    : #1665380027478 | took 0ms | statement | connection 27| url jdbc:h2:mem:ad3a9e80-f26d-4a3e-9691-17f803db5723
call next value for hibernate_sequence
call next value for hibernate_sequence;
2022-10-10 14:33:47.478  INFO 4460 --- [    Test worker] p6spy                                    : #1665380027478 | took 0ms | statement | connection 27| url jdbc:h2:mem:ad3a9e80-f26d-4a3e-9691-17f803db5723
call next value for hibernate_sequence
call next value for hibernate_sequence;
2022-10-10 14:33:47.478  INFO 4460 --- [    Test worker] p6spy                                    : #1665380027478 | took 0ms | statement | connection 27| url jdbc:h2:mem:ad3a9e80-f26d-4a3e-9691-17f803db5723
call next value for hibernate_sequence
call next value for hibernate_sequence;
2022-10-10 14:33:47.478  INFO 4460 --- [    Test worker] p6spy                                    : #1665380027478 | took 0ms | statement | connection 27| url jdbc:h2:mem:ad3a9e80-f26d-4a3e-9691-17f803db5723
call next value for hibernate_sequence
call next value for hibernate_sequence;
2022-10-10 14:33:47.478  INFO 4460 --- [    Test worker] c.j.r.FavoriteSpotQueryRepositoryTest    : favoriteSpot = FavoriteSpot(id=539, count=0)
2022-10-10 14:33:47.478  INFO 4460 --- [    Test worker] c.j.r.FavoriteSpotQueryRepositoryTest    : Spot = capstone.jejuTourrecommend.domain.Spot@2ef1c66
2022-10-10 14:33:47.478  INFO 4460 --- [    Test worker] p6spy                                    : #1665380027478 | took 0ms | statement | connection 27| url jdbc:h2:mem:ad3a9e80-f26d-4a3e-9691-17f803db5723
call next value for hibernate_sequence
call next value for hibernate_sequence;
2022-10-10 14:33:47.478  INFO 4460 --- [    Test worker] p6spy                                    : #1665380027478 | took 0ms | statement | connection 27| url jdbc:h2:mem:ad3a9e80-f26d-4a3e-9691-17f803db5723
call next value for hibernate_sequence
call next value for hibernate_sequence;
2022-10-10 14:33:47.478  INFO 4460 --- [    Test worker] p6spy                                    : #1665380027478 | took 0ms | statement | connection 27| url jdbc:h2:mem:ad3a9e80-f26d-4a3e-9691-17f803db5723
call next value for hibernate_sequence
call next value for hibernate_sequence;
2022-10-10 14:33:47.478  INFO 4460 --- [    Test worker] p6spy                                    : #1665380027478 | took 0ms | statement | connection 27| url jdbc:h2:mem:ad3a9e80-f26d-4a3e-9691-17f803db5723
call next value for hibernate_sequence
call next value for hibernate_sequence;
2022-10-10 14:33:47.478  INFO 4460 --- [    Test worker] p6spy                                    : #1665380027478 | took 0ms | statement | connection 27| url jdbc:h2:mem:ad3a9e80-f26d-4a3e-9691-17f803db5723
call next value for hibernate_sequence
call next value for hibernate_sequence;
2022-10-10 14:33:47.478  INFO 4460 --- [    Test worker] p6spy                                    : #1665380027478 | took 0ms | statement | connection 27| url jdbc:h2:mem:ad3a9e80-f26d-4a3e-9691-17f803db5723
call next value for hibernate_sequence
call next value for hibernate_sequence;
2022-10-10 14:33:47.478  INFO 4460 --- [    Test worker] p6spy                                    : #1665380027478 | took 0ms | statement | connection 27| url jdbc:h2:mem:ad3a9e80-f26d-4a3e-9691-17f803db5723
call next value for hibernate_sequence
call next value for hibernate_sequence;
2022-10-10 14:33:47.478  INFO 4460 --- [    Test worker] p6spy                                    : #1665380027478 | took 0ms | statement | connection 27| url jdbc:h2:mem:ad3a9e80-f26d-4a3e-9691-17f803db5723
call next value for hibernate_sequence
call next value for hibernate_sequence;
2022-10-10 14:33:47.478  INFO 4460 --- [    Test worker] c.j.r.FavoriteSpotQueryRepositoryTest    : favoriteSpot = FavoriteSpot(id=540, count=0)
2022-10-10 14:33:47.478  INFO 4460 --- [    Test worker] c.j.r.FavoriteSpotQueryRepositoryTest    : Spot = capstone.jejuTourrecommend.domain.Spot@24c00ad6
2022-10-10 14:33:47.478  INFO 4460 --- [    Test worker] p6spy                                    : #1665380027478 | took 0ms | statement | connection 27| url jdbc:h2:mem:ad3a9e80-f26d-4a3e-9691-17f803db5723
call next value for hibernate_sequence
call next value for hibernate_sequence;
2022-10-10 14:33:47.478  INFO 4460 --- [    Test worker] p6spy                                    : #1665380027478 | took 0ms | statement | connection 27| url jdbc:h2:mem:ad3a9e80-f26d-4a3e-9691-17f803db5723
call next value for hibernate_sequence
call next value for hibernate_sequence;
2022-10-10 14:33:47.478  INFO 4460 --- [    Test worker] p6spy                                    : #1665380027478 | took 0ms | statement | connection 27| url jdbc:h2:mem:ad3a9e80-f26d-4a3e-9691-17f803db5723
call next value for hibernate_sequence
call next value for hibernate_sequence;
2022-10-10 14:33:47.478  INFO 4460 --- [    Test worker] p6spy                                    : #1665380027478 | took 0ms | statement | connection 27| url jdbc:h2:mem:ad3a9e80-f26d-4a3e-9691-17f803db5723
call next value for hibernate_sequence
call next value for hibernate_sequence;
2022-10-10 14:33:47.478  INFO 4460 --- [    Test worker] p6spy                                    : #1665380027478 | took 0ms | statement | connection 27| url jdbc:h2:mem:ad3a9e80-f26d-4a3e-9691-17f803db5723
call next value for hibernate_sequence
call next value for hibernate_sequence;
2022-10-10 14:33:47.478  INFO 4460 --- [    Test worker] p6spy                                    : #1665380027478 | took 0ms | statement | connection 27| url jdbc:h2:mem:ad3a9e80-f26d-4a3e-9691-17f803db5723
call next value for hibernate_sequence
call next value for hibernate_sequence;
2022-10-10 14:33:47.478  INFO 4460 --- [    Test worker] p6spy                                    : #1665380027478 | took 0ms | statement | connection 27| url jdbc:h2:mem:ad3a9e80-f26d-4a3e-9691-17f803db5723
call next value for hibernate_sequence
call next value for hibernate_sequence;
2022-10-10 14:33:47.478  INFO 4460 --- [    Test worker] p6spy                                    : #1665380027478 | took 0ms | statement | connection 27| url jdbc:h2:mem:ad3a9e80-f26d-4a3e-9691-17f803db5723
call next value for hibernate_sequence
call next value for hibernate_sequence;
2022-10-10 14:33:47.478  INFO 4460 --- [    Test worker] c.j.r.FavoriteSpotQueryRepositoryTest    : favoriteSpot = FavoriteSpot(id=541, count=0)
2022-10-10 14:33:47.478  INFO 4460 --- [    Test worker] c.j.r.FavoriteSpotQueryRepositoryTest    : Spot = capstone.jejuTourrecommend.domain.Spot@369bb7f8
2022-10-10 14:33:47.478  INFO 4460 --- [    Test worker] p6spy                                    : #1665380027478 | took 0ms | statement | connection 27| url jdbc:h2:mem:ad3a9e80-f26d-4a3e-9691-17f803db5723
call next value for hibernate_sequence
call next value for hibernate_sequence;
2022-10-10 14:33:47.478  INFO 4460 --- [    Test worker] p6spy                                    : #1665380027478 | took 0ms | statement | connection 27| url jdbc:h2:mem:ad3a9e80-f26d-4a3e-9691-17f803db5723
call next value for hibernate_sequence
call next value for hibernate_sequence;
2022-10-10 14:33:47.478  INFO 4460 --- [    Test worker] p6spy                                    : #1665380027478 | took 0ms | statement | connection 27| url jdbc:h2:mem:ad3a9e80-f26d-4a3e-9691-17f803db5723
call next value for hibernate_sequence
call next value for hibernate_sequence;
2022-10-10 14:33:47.478  INFO 4460 --- [    Test worker] p6spy                                    : #1665380027478 | took 0ms | statement | connection 27| url jdbc:h2:mem:ad3a9e80-f26d-4a3e-9691-17f803db5723
call next value for hibernate_sequence
call next value for hibernate_sequence;
2022-10-10 14:33:47.478  INFO 4460 --- [    Test worker] p6spy                                    : #1665380027478 | took 0ms | statement | connection 27| url jdbc:h2:mem:ad3a9e80-f26d-4a3e-9691-17f803db5723
call next value for hibernate_sequence
call next value for hibernate_sequence;
2022-10-10 14:33:47.479  INFO 4460 --- [    Test worker] p6spy                                    : #1665380027479 | took 0ms | statement | connection 27| url jdbc:h2:mem:ad3a9e80-f26d-4a3e-9691-17f803db5723
call next value for hibernate_sequence
call next value for hibernate_sequence;
2022-10-10 14:33:47.479  INFO 4460 --- [    Test worker] p6spy                                    : #1665380027479 | took 0ms | statement | connection 27| url jdbc:h2:mem:ad3a9e80-f26d-4a3e-9691-17f803db5723
call next value for hibernate_sequence
call next value for hibernate_sequence;
2022-10-10 14:33:47.479  INFO 4460 --- [    Test worker] p6spy                                    : #1665380027479 | took 0ms | statement | connection 27| url jdbc:h2:mem:ad3a9e80-f26d-4a3e-9691-17f803db5723
call next value for hibernate_sequence
call next value for hibernate_sequence;
2022-10-10 14:33:47.479  INFO 4460 --- [    Test worker] c.j.r.FavoriteSpotQueryRepositoryTest    : favoriteSpot = FavoriteSpot(id=542, count=0)
2022-10-10 14:33:47.479  INFO 4460 --- [    Test worker] c.j.r.FavoriteSpotQueryRepositoryTest    : Spot = capstone.jejuTourrecommend.domain.Spot@1429431c
2022-10-10 14:33:47.479  INFO 4460 --- [    Test worker] p6spy                                    : #1665380027479 | took 0ms | statement | connection 27| url jdbc:h2:mem:ad3a9e80-f26d-4a3e-9691-17f803db5723
call next value for hibernate_sequence
call next value for hibernate_sequence;
2022-10-10 14:33:47.479  INFO 4460 --- [    Test worker] p6spy                                    : #1665380027479 | took 0ms | statement | connection 27| url jdbc:h2:mem:ad3a9e80-f26d-4a3e-9691-17f803db5723
call next value for hibernate_sequence
call next value for hibernate_sequence;
2022-10-10 14:33:47.479  INFO 4460 --- [    Test worker] p6spy                                    : #1665380027479 | took 0ms | statement | connection 27| url jdbc:h2:mem:ad3a9e80-f26d-4a3e-9691-17f803db5723
call next value for hibernate_sequence
call next value for hibernate_sequence;
2022-10-10 14:33:47.479  INFO 4460 --- [    Test worker] p6spy                                    : #1665380027479 | took 0ms | statement | connection 27| url jdbc:h2:mem:ad3a9e80-f26d-4a3e-9691-17f803db5723
call next value for hibernate_sequence
call next value for hibernate_sequence;
2022-10-10 14:33:47.479  INFO 4460 --- [    Test worker] p6spy                                    : #1665380027479 | took 0ms | statement | connection 27| url jdbc:h2:mem:ad3a9e80-f26d-4a3e-9691-17f803db5723
call next value for hibernate_sequence
call next value for hibernate_sequence;
2022-10-10 14:33:47.479  INFO 4460 --- [    Test worker] p6spy                                    : #1665380027479 | took 0ms | statement | connection 27| url jdbc:h2:mem:ad3a9e80-f26d-4a3e-9691-17f803db5723
call next value for hibernate_sequence
call next value for hibernate_sequence;
2022-10-10 14:33:47.479  INFO 4460 --- [    Test worker] p6spy                                    : #1665380027479 | took 0ms | statement | connection 27| url jdbc:h2:mem:ad3a9e80-f26d-4a3e-9691-17f803db5723
call next value for hibernate_sequence
call next value for hibernate_sequence;
2022-10-10 14:33:47.479  INFO 4460 --- [    Test worker] p6spy                                    : #1665380027479 | took 0ms | statement | connection 27| url jdbc:h2:mem:ad3a9e80-f26d-4a3e-9691-17f803db5723
call next value for hibernate_sequence
call next value for hibernate_sequence;
2022-10-10 14:33:47.479  INFO 4460 --- [    Test worker] c.j.r.FavoriteSpotQueryRepositoryTest    : favoriteSpot = FavoriteSpot(id=543, count=0)
2022-10-10 14:33:47.479  INFO 4460 --- [    Test worker] c.j.r.FavoriteSpotQueryRepositoryTest    : Spot = capstone.jejuTourrecommend.domain.Spot@31e483d4
2022-10-10 14:33:47.479  INFO 4460 --- [    Test worker] p6spy                                    : #1665380027479 | took 0ms | statement | connection 27| url jdbc:h2:mem:ad3a9e80-f26d-4a3e-9691-17f803db5723
call next value for hibernate_sequence
call next value for hibernate_sequence;
2022-10-10 14:33:47.479  INFO 4460 --- [    Test worker] p6spy                                    : #1665380027479 | took 0ms | statement | connection 27| url jdbc:h2:mem:ad3a9e80-f26d-4a3e-9691-17f803db5723
call next value for hibernate_sequence
call next value for hibernate_sequence;
2022-10-10 14:33:47.479  INFO 4460 --- [    Test worker] p6spy                                    : #1665380027479 | took 0ms | statement | connection 27| url jdbc:h2:mem:ad3a9e80-f26d-4a3e-9691-17f803db5723
call next value for hibernate_sequence
call next value for hibernate_sequence;
2022-10-10 14:33:47.479  INFO 4460 --- [    Test worker] p6spy                                    : #1665380027479 | took 0ms | statement | connection 27| url jdbc:h2:mem:ad3a9e80-f26d-4a3e-9691-17f803db5723
call next value for spot_seq
call next value for spot_seq;
2022-10-10 14:33:47.479  INFO 4460 --- [    Test worker] p6spy                                    : #1665380027479 | took 0ms | statement | connection 27| url jdbc:h2:mem:ad3a9e80-f26d-4a3e-9691-17f803db5723
call next value for hibernate_sequence
call next value for hibernate_sequence;
2022-10-10 14:33:47.479  INFO 4460 --- [    Test worker] p6spy                                    : #1665380027479 | took 0ms | statement | connection 27| url jdbc:h2:mem:ad3a9e80-f26d-4a3e-9691-17f803db5723
call next value for hibernate_sequence
call next value for hibernate_sequence;
2022-10-10 14:33:47.479  INFO 4460 --- [    Test worker] p6spy                                    : #1665380027479 | took 0ms | statement | connection 27| url jdbc:h2:mem:ad3a9e80-f26d-4a3e-9691-17f803db5723
call next value for hibernate_sequence
call next value for hibernate_sequence;
2022-10-10 14:33:47.479  INFO 4460 --- [    Test worker] p6spy                                    : #1665380027479 | took 0ms | statement | connection 27| url jdbc:h2:mem:ad3a9e80-f26d-4a3e-9691-17f803db5723
call next value for hibernate_sequence
call next value for hibernate_sequence;
2022-10-10 14:33:47.479  INFO 4460 --- [    Test worker] p6spy                                    : #1665380027479 | took 0ms | statement | connection 27| url jdbc:h2:mem:ad3a9e80-f26d-4a3e-9691-17f803db5723
call next value for hibernate_sequence
call next value for hibernate_sequence;
2022-10-10 14:33:47.479  INFO 4460 --- [    Test worker] c.j.r.FavoriteSpotQueryRepositoryTest    : favoriteSpot = FavoriteSpot(id=544, count=0)
2022-10-10 14:33:47.479  INFO 4460 --- [    Test worker] c.j.r.FavoriteSpotQueryRepositoryTest    : Spot = capstone.jejuTourrecommend.domain.Spot@11eceb90
2022-10-10 14:33:47.479  INFO 4460 --- [    Test worker] p6spy                                    : #1665380027479 | took 0ms | statement | connection 27| url jdbc:h2:mem:ad3a9e80-f26d-4a3e-9691-17f803db5723
call next value for hibernate_sequence
call next value for hibernate_sequence;
2022-10-10 14:33:47.479  INFO 4460 --- [    Test worker] p6spy                                    : #1665380027479 | took 0ms | statement | connection 27| url jdbc:h2:mem:ad3a9e80-f26d-4a3e-9691-17f803db5723
call next value for hibernate_sequence
call next value for hibernate_sequence;
2022-10-10 14:33:47.479  INFO 4460 --- [    Test worker] p6spy                                    : #1665380027479 | took 0ms | statement | connection 27| url jdbc:h2:mem:ad3a9e80-f26d-4a3e-9691-17f803db5723
call next value for hibernate_sequence
call next value for hibernate_sequence;
2022-10-10 14:33:47.479  INFO 4460 --- [    Test worker] p6spy                                    : #1665380027479 | took 0ms | statement | connection 27| url jdbc:h2:mem:ad3a9e80-f26d-4a3e-9691-17f803db5723
call next value for hibernate_sequence
call next value for hibernate_sequence;
2022-10-10 14:33:47.479  INFO 4460 --- [    Test worker] p6spy                                    : #1665380027479 | took 0ms | statement | connection 27| url jdbc:h2:mem:ad3a9e80-f26d-4a3e-9691-17f803db5723
call next value for hibernate_sequence
call next value for hibernate_sequence;
2022-10-10 14:33:47.479  INFO 4460 --- [    Test worker] p6spy                                    : #1665380027479 | took 0ms | statement | connection 27| url jdbc:h2:mem:ad3a9e80-f26d-4a3e-9691-17f803db5723
call next value for hibernate_sequence
call next value for hibernate_sequence;
2022-10-10 14:33:47.479  INFO 4460 --- [    Test worker] p6spy                                    : #1665380027479 | took 0ms | statement | connection 27| url jdbc:h2:mem:ad3a9e80-f26d-4a3e-9691-17f803db5723
call next value for hibernate_sequence
call next value for hibernate_sequence;
2022-10-10 14:33:47.479  INFO 4460 --- [    Test worker] p6spy                                    : #1665380027479 | took 0ms | statement | connection 27| url jdbc:h2:mem:ad3a9e80-f26d-4a3e-9691-17f803db5723
call next value for hibernate_sequence
call next value for hibernate_sequence;
2022-10-10 14:33:47.479  INFO 4460 --- [    Test worker] c.j.r.FavoriteSpotQueryRepositoryTest    : favoriteSpot = FavoriteSpot(id=545, count=0)
2022-10-10 14:33:47.480  INFO 4460 --- [    Test worker] c.j.r.FavoriteSpotQueryRepositoryTest    : Spot = capstone.jejuTourrecommend.domain.Spot@66f6ae9a
2022-10-10 14:33:47.480  INFO 4460 --- [    Test worker] p6spy                                    : #1665380027480 | took 0ms | statement | connection 27| url jdbc:h2:mem:ad3a9e80-f26d-4a3e-9691-17f803db5723
call next value for hibernate_sequence
call next value for hibernate_sequence;
2022-10-10 14:33:47.480  INFO 4460 --- [    Test worker] p6spy                                    : #1665380027480 | took 0ms | statement | connection 27| url jdbc:h2:mem:ad3a9e80-f26d-4a3e-9691-17f803db5723
call next value for hibernate_sequence
call next value for hibernate_sequence;
2022-10-10 14:33:47.480  INFO 4460 --- [    Test worker] p6spy                                    : #1665380027480 | took 0ms | statement | connection 27| url jdbc:h2:mem:ad3a9e80-f26d-4a3e-9691-17f803db5723
call next value for hibernate_sequence
call next value for hibernate_sequence;
2022-10-10 14:33:47.480  INFO 4460 --- [    Test worker] p6spy                                    : #1665380027480 | took 0ms | statement | connection 27| url jdbc:h2:mem:ad3a9e80-f26d-4a3e-9691-17f803db5723
call next value for hibernate_sequence
call next value for hibernate_sequence;
2022-10-10 14:33:47.480  INFO 4460 --- [    Test worker] p6spy                                    : #1665380027480 | took 0ms | statement | connection 27| url jdbc:h2:mem:ad3a9e80-f26d-4a3e-9691-17f803db5723
call next value for hibernate_sequence
call next value for hibernate_sequence;
2022-10-10 14:33:47.480  INFO 4460 --- [    Test worker] p6spy                                    : #1665380027480 | took 0ms | statement | connection 27| url jdbc:h2:mem:ad3a9e80-f26d-4a3e-9691-17f803db5723
call next value for hibernate_sequence
call next value for hibernate_sequence;
2022-10-10 14:33:47.480  INFO 4460 --- [    Test worker] p6spy                                    : #1665380027480 | took 0ms | statement | connection 27| url jdbc:h2:mem:ad3a9e80-f26d-4a3e-9691-17f803db5723
call next value for hibernate_sequence
call next value for hibernate_sequence;
2022-10-10 14:33:47.480  INFO 4460 --- [    Test worker] p6spy                                    : #1665380027480 | took 0ms | statement | connection 27| url jdbc:h2:mem:ad3a9e80-f26d-4a3e-9691-17f803db5723
call next value for hibernate_sequence
call next value for hibernate_sequence;
2022-10-10 14:33:47.480  INFO 4460 --- [    Test worker] c.j.r.FavoriteSpotQueryRepositoryTest    : favoriteSpot = FavoriteSpot(id=546, count=0)
2022-10-10 14:33:47.480  INFO 4460 --- [    Test worker] c.j.r.FavoriteSpotQueryRepositoryTest    : Spot = capstone.jejuTourrecommend.domain.Spot@321209b5
2022-10-10 14:33:47.480  INFO 4460 --- [    Test worker] p6spy                                    : #1665380027480 | took 0ms | statement | connection 27| url jdbc:h2:mem:ad3a9e80-f26d-4a3e-9691-17f803db5723
call next value for hibernate_sequence
call next value for hibernate_sequence;
2022-10-10 14:33:47.480  INFO 4460 --- [    Test worker] p6spy                                    : #1665380027480 | took 0ms | statement | connection 27| url jdbc:h2:mem:ad3a9e80-f26d-4a3e-9691-17f803db5723
call next value for hibernate_sequence
call next value for hibernate_sequence;
2022-10-10 14:33:47.480  INFO 4460 --- [    Test worker] p6spy                                    : #1665380027480 | took 0ms | statement | connection 27| url jdbc:h2:mem:ad3a9e80-f26d-4a3e-9691-17f803db5723
call next value for hibernate_sequence
call next value for hibernate_sequence;
2022-10-10 14:33:47.480  INFO 4460 --- [    Test worker] p6spy                                    : #1665380027480 | took 0ms | statement | connection 27| url jdbc:h2:mem:ad3a9e80-f26d-4a3e-9691-17f803db5723
call next value for hibernate_sequence
call next value for hibernate_sequence;
2022-10-10 14:33:47.480  INFO 4460 --- [    Test worker] p6spy                                    : #1665380027480 | took 0ms | statement | connection 27| url jdbc:h2:mem:ad3a9e80-f26d-4a3e-9691-17f803db5723
call next value for hibernate_sequence
call next value for hibernate_sequence;
2022-10-10 14:33:47.480  INFO 4460 --- [    Test worker] p6spy                                    : #1665380027480 | took 0ms | statement | connection 27| url jdbc:h2:mem:ad3a9e80-f26d-4a3e-9691-17f803db5723
call next value for hibernate_sequence
call next value for hibernate_sequence;
2022-10-10 14:33:47.480  INFO 4460 --- [    Test worker] p6spy                                    : #1665380027480 | took 0ms | statement | connection 27| url jdbc:h2:mem:ad3a9e80-f26d-4a3e-9691-17f803db5723
call next value for hibernate_sequence
call next value for hibernate_sequence;
2022-10-10 14:33:47.480  INFO 4460 --- [    Test worker] p6spy                                    : #1665380027480 | took 0ms | statement | connection 27| url jdbc:h2:mem:ad3a9e80-f26d-4a3e-9691-17f803db5723
call next value for hibernate_sequence
call next value for hibernate_sequence;
2022-10-10 14:33:47.480  INFO 4460 --- [    Test worker] c.j.r.FavoriteSpotQueryRepositoryTest    : favoriteSpot = FavoriteSpot(id=547, count=0)
2022-10-10 14:33:47.480  INFO 4460 --- [    Test worker] c.j.r.FavoriteSpotQueryRepositoryTest    : Spot = capstone.jejuTourrecommend.domain.Spot@132db3a3
2022-10-10 14:33:47.480  INFO 4460 --- [    Test worker] p6spy                                    : #1665380027480 | took 0ms | statement | connection 27| url jdbc:h2:mem:ad3a9e80-f26d-4a3e-9691-17f803db5723
call next value for hibernate_sequence
call next value for hibernate_sequence;
2022-10-10 14:33:47.480  INFO 4460 --- [    Test worker] p6spy                                    : #1665380027480 | took 0ms | statement | connection 27| url jdbc:h2:mem:ad3a9e80-f26d-4a3e-9691-17f803db5723
call next value for hibernate_sequence
call next value for hibernate_sequence;
2022-10-10 14:33:47.480  INFO 4460 --- [    Test worker] p6spy                                    : #1665380027480 | took 0ms | statement | connection 27| url jdbc:h2:mem:ad3a9e80-f26d-4a3e-9691-17f803db5723
call next value for hibernate_sequence
call next value for hibernate_sequence;
2022-10-10 14:33:47.480  INFO 4460 --- [    Test worker] p6spy                                    : #1665380027480 | took 0ms | statement | connection 27| url jdbc:h2:mem:ad3a9e80-f26d-4a3e-9691-17f803db5723
call next value for hibernate_sequence
call next value for hibernate_sequence;
2022-10-10 14:33:47.480  INFO 4460 --- [    Test worker] p6spy                                    : #1665380027480 | took 0ms | statement | connection 27| url jdbc:h2:mem:ad3a9e80-f26d-4a3e-9691-17f803db5723
call next value for hibernate_sequence
call next value for hibernate_sequence;
2022-10-10 14:33:47.480  INFO 4460 --- [    Test worker] p6spy                                    : #1665380027480 | took 0ms | statement | connection 27| url jdbc:h2:mem:ad3a9e80-f26d-4a3e-9691-17f803db5723
call next value for hibernate_sequence
call next value for hibernate_sequence;
2022-10-10 14:33:47.480  INFO 4460 --- [    Test worker] p6spy                                    : #1665380027480 | took 0ms | statement | connection 27| url jdbc:h2:mem:ad3a9e80-f26d-4a3e-9691-17f803db5723
call next value for hibernate_sequence
call next value for hibernate_sequence;
2022-10-10 14:33:47.480  INFO 4460 --- [    Test worker] p6spy                                    : #1665380027480 | took 0ms | statement | connection 27| url jdbc:h2:mem:ad3a9e80-f26d-4a3e-9691-17f803db5723
call next value for hibernate_sequence
call next value for hibernate_sequence;
2022-10-10 14:33:47.480  INFO 4460 --- [    Test worker] c.j.r.FavoriteSpotQueryRepositoryTest    : favoriteSpot = FavoriteSpot(id=548, count=0)
2022-10-10 14:33:47.480  INFO 4460 --- [    Test worker] c.j.r.FavoriteSpotQueryRepositoryTest    : Spot = capstone.jejuTourrecommend.domain.Spot@4a0ba800
2022-10-10 14:33:47.480  INFO 4460 --- [    Test worker] p6spy                                    : #1665380027480 | took 0ms | statement | connection 27| url jdbc:h2:mem:ad3a9e80-f26d-4a3e-9691-17f803db5723
call next value for hibernate_sequence
call next value for hibernate_sequence;
2022-10-10 14:33:47.480  INFO 4460 --- [    Test worker] p6spy                                    : #1665380027480 | took 0ms | statement | connection 27| url jdbc:h2:mem:ad3a9e80-f26d-4a3e-9691-17f803db5723
call next value for hibernate_sequence
call next value for hibernate_sequence;
2022-10-10 14:33:47.480  INFO 4460 --- [    Test worker] p6spy                                    : #1665380027480 | took 0ms | statement | connection 27| url jdbc:h2:mem:ad3a9e80-f26d-4a3e-9691-17f803db5723
call next value for hibernate_sequence
call next value for hibernate_sequence;
2022-10-10 14:33:47.480  INFO 4460 --- [    Test worker] p6spy                                    : #1665380027480 | took 0ms | statement | connection 27| url jdbc:h2:mem:ad3a9e80-f26d-4a3e-9691-17f803db5723
call next value for hibernate_sequence
call next value for hibernate_sequence;
2022-10-10 14:33:47.480  INFO 4460 --- [    Test worker] p6spy                                    : #1665380027480 | took 0ms | statement | connection 27| url jdbc:h2:mem:ad3a9e80-f26d-4a3e-9691-17f803db5723
call next value for hibernate_sequence
call next value for hibernate_sequence;
2022-10-10 14:33:47.480  INFO 4460 --- [    Test worker] p6spy                                    : #1665380027480 | took 0ms | statement | connection 27| url jdbc:h2:mem:ad3a9e80-f26d-4a3e-9691-17f803db5723
call next value for hibernate_sequence
call next value for hibernate_sequence;
2022-10-10 14:33:47.481  INFO 4460 --- [    Test worker] p6spy                                    : #1665380027481 | took 0ms | statement | connection 27| url jdbc:h2:mem:ad3a9e80-f26d-4a3e-9691-17f803db5723
call next value for hibernate_sequence
call next value for hibernate_sequence;
2022-10-10 14:33:47.481  INFO 4460 --- [    Test worker] p6spy                                    : #1665380027481 | took 0ms | statement | connection 27| url jdbc:h2:mem:ad3a9e80-f26d-4a3e-9691-17f803db5723
call next value for hibernate_sequence
call next value for hibernate_sequence;
2022-10-10 14:33:47.481  INFO 4460 --- [    Test worker] c.j.r.FavoriteSpotQueryRepositoryTest    : favoriteSpot = FavoriteSpot(id=549, count=0)
2022-10-10 14:33:47.481  INFO 4460 --- [    Test worker] c.j.r.FavoriteSpotQueryRepositoryTest    : Spot = capstone.jejuTourrecommend.domain.Spot@4039590f
2022-10-10 14:33:47.481  INFO 4460 --- [    Test worker] p6spy                                    : #1665380027481 | took 0ms | statement | connection 27| url jdbc:h2:mem:ad3a9e80-f26d-4a3e-9691-17f803db5723
call next value for hibernate_sequence
call next value for hibernate_sequence;
2022-10-10 14:33:47.481  INFO 4460 --- [    Test worker] p6spy                                    : #1665380027481 | took 0ms | statement | connection 27| url jdbc:h2:mem:ad3a9e80-f26d-4a3e-9691-17f803db5723
call next value for hibernate_sequence
call next value for hibernate_sequence;
2022-10-10 14:33:47.481  INFO 4460 --- [    Test worker] p6spy                                    : #1665380027481 | took 0ms | statement | connection 27| url jdbc:h2:mem:ad3a9e80-f26d-4a3e-9691-17f803db5723
call next value for hibernate_sequence
call next value for hibernate_sequence;
2022-10-10 14:33:47.481  INFO 4460 --- [    Test worker] p6spy                                    : #1665380027481 | took 0ms | statement | connection 27| url jdbc:h2:mem:ad3a9e80-f26d-4a3e-9691-17f803db5723
call next value for hibernate_sequence
call next value for hibernate_sequence;
2022-10-10 14:33:47.481  INFO 4460 --- [    Test worker] p6spy                                    : #1665380027481 | took 0ms | statement | connection 27| url jdbc:h2:mem:ad3a9e80-f26d-4a3e-9691-17f803db5723
call next value for hibernate_sequence
call next value for hibernate_sequence;
2022-10-10 14:33:47.481  INFO 4460 --- [    Test worker] p6spy                                    : #1665380027481 | took 0ms | statement | connection 27| url jdbc:h2:mem:ad3a9e80-f26d-4a3e-9691-17f803db5723
call next value for hibernate_sequence
call next value for hibernate_sequence;
2022-10-10 14:33:47.481  INFO 4460 --- [    Test worker] p6spy                                    : #1665380027481 | took 0ms | statement | connection 27| url jdbc:h2:mem:ad3a9e80-f26d-4a3e-9691-17f803db5723
call next value for hibernate_sequence
call next value for hibernate_sequence;
2022-10-10 14:33:47.481  INFO 4460 --- [    Test worker] p6spy                                    : #1665380027481 | took 0ms | statement | connection 27| url jdbc:h2:mem:ad3a9e80-f26d-4a3e-9691-17f803db5723
call next value for hibernate_sequence
call next value for hibernate_sequence;
2022-10-10 14:33:47.481  INFO 4460 --- [    Test worker] c.j.r.FavoriteSpotQueryRepositoryTest    : favoriteSpot = FavoriteSpot(id=550, count=0)
2022-10-10 14:33:47.481  INFO 4460 --- [    Test worker] c.j.r.FavoriteSpotQueryRepositoryTest    : Spot = capstone.jejuTourrecommend.domain.Spot@3d1c5316
2022-10-10 14:33:47.481  INFO 4460 --- [    Test worker] p6spy                                    : #1665380027481 | took 0ms | statement | connection 27| url jdbc:h2:mem:ad3a9e80-f26d-4a3e-9691-17f803db5723
call next value for hibernate_sequence
call next value for hibernate_sequence;
2022-10-10 14:33:47.481  INFO 4460 --- [    Test worker] p6spy                                    : #1665380027481 | took 0ms | statement | connection 27| url jdbc:h2:mem:ad3a9e80-f26d-4a3e-9691-17f803db5723
call next value for hibernate_sequence
call next value for hibernate_sequence;
2022-10-10 14:33:47.481  INFO 4460 --- [    Test worker] p6spy                                    : #1665380027481 | took 0ms | statement | connection 27| url jdbc:h2:mem:ad3a9e80-f26d-4a3e-9691-17f803db5723
call next value for hibernate_sequence
call next value for hibernate_sequence;
2022-10-10 14:33:47.481  INFO 4460 --- [    Test worker] p6spy                                    : #1665380027481 | took 0ms | statement | connection 27| url jdbc:h2:mem:ad3a9e80-f26d-4a3e-9691-17f803db5723
call next value for hibernate_sequence
call next value for hibernate_sequence;
2022-10-10 14:33:47.481  INFO 4460 --- [    Test worker] p6spy                                    : #1665380027481 | took 0ms | statement | connection 27| url jdbc:h2:mem:ad3a9e80-f26d-4a3e-9691-17f803db5723
call next value for review_seq
call next value for review_seq;
2022-10-10 14:33:47.481  INFO 4460 --- [    Test worker] p6spy                                    : #1665380027481 | took 0ms | statement | connection 27| url jdbc:h2:mem:ad3a9e80-f26d-4a3e-9691-17f803db5723
call next value for hibernate_sequence
call next value for hibernate_sequence;
2022-10-10 14:33:47.481  INFO 4460 --- [    Test worker] p6spy                                    : #1665380027481 | took 0ms | statement | connection 27| url jdbc:h2:mem:ad3a9e80-f26d-4a3e-9691-17f803db5723
call next value for hibernate_sequence
call next value for hibernate_sequence;
2022-10-10 14:33:47.481  INFO 4460 --- [    Test worker] p6spy                                    : #1665380027481 | took 0ms | statement | connection 27| url jdbc:h2:mem:ad3a9e80-f26d-4a3e-9691-17f803db5723
call next value for hibernate_sequence
call next value for hibernate_sequence;
2022-10-10 14:33:47.481  INFO 4460 --- [    Test worker] p6spy                                    : #1665380027481 | took 0ms | statement | connection 27| url jdbc:h2:mem:ad3a9e80-f26d-4a3e-9691-17f803db5723
call next value for hibernate_sequence
call next value for hibernate_sequence;
2022-10-10 14:33:47.481  INFO 4460 --- [    Test worker] c.j.r.FavoriteSpotQueryRepositoryTest    : favoriteSpot = FavoriteSpot(id=551, count=0)
2022-10-10 14:33:47.481  INFO 4460 --- [    Test worker] c.j.r.FavoriteSpotQueryRepositoryTest    : Spot = capstone.jejuTourrecommend.domain.Spot@5f7511eb
2022-10-10 14:33:47.481  INFO 4460 --- [    Test worker] p6spy                                    : #1665380027481 | took 0ms | statement | connection 27| url jdbc:h2:mem:ad3a9e80-f26d-4a3e-9691-17f803db5723
call next value for score_seq
call next value for score_seq;
2022-10-10 14:33:47.481  INFO 4460 --- [    Test worker] p6spy                                    : #1665380027481 | took 0ms | statement | connection 27| url jdbc:h2:mem:ad3a9e80-f26d-4a3e-9691-17f803db5723
call next value for hibernate_sequence
call next value for hibernate_sequence;
2022-10-10 14:33:47.481  INFO 4460 --- [    Test worker] p6spy                                    : #1665380027481 | took 0ms | statement | connection 27| url jdbc:h2:mem:ad3a9e80-f26d-4a3e-9691-17f803db5723
call next value for hibernate_sequence
call next value for hibernate_sequence;
2022-10-10 14:33:47.481  INFO 4460 --- [    Test worker] p6spy                                    : #1665380027481 | took 0ms | statement | connection 27| url jdbc:h2:mem:ad3a9e80-f26d-4a3e-9691-17f803db5723
call next value for hibernate_sequence
call next value for hibernate_sequence;
2022-10-10 14:33:47.481  INFO 4460 --- [    Test worker] p6spy                                    : #1665380027481 | took 0ms | statement | connection 27| url jdbc:h2:mem:ad3a9e80-f26d-4a3e-9691-17f803db5723
call next value for hibernate_sequence
call next value for hibernate_sequence;
2022-10-10 14:33:47.481  INFO 4460 --- [    Test worker] p6spy                                    : #1665380027481 | took 0ms | statement | connection 27| url jdbc:h2:mem:ad3a9e80-f26d-4a3e-9691-17f803db5723
call next value for hibernate_sequence
call next value for hibernate_sequence;
2022-10-10 14:33:47.481  INFO 4460 --- [    Test worker] p6spy                                    : #1665380027481 | took 0ms | statement | connection 27| url jdbc:h2:mem:ad3a9e80-f26d-4a3e-9691-17f803db5723
call next value for hibernate_sequence
call next value for hibernate_sequence;
2022-10-10 14:33:47.481  INFO 4460 --- [    Test worker] p6spy                                    : #1665380027481 | took 0ms | statement | connection 27| url jdbc:h2:mem:ad3a9e80-f26d-4a3e-9691-17f803db5723
call next value for hibernate_sequence
call next value for hibernate_sequence;
2022-10-10 14:33:47.481  INFO 4460 --- [    Test worker] p6spy                                    : #1665380027481 | took 0ms | statement | connection 27| url jdbc:h2:mem:ad3a9e80-f26d-4a3e-9691-17f803db5723
call next value for hibernate_sequence
call next value for hibernate_sequence;
2022-10-10 14:33:47.481  INFO 4460 --- [    Test worker] p6spy                                    : #1665380027481 | took 0ms | statement | connection 27| url jdbc:h2:mem:ad3a9e80-f26d-4a3e-9691-17f803db5723
call next value for favoritespot_seq
call next value for favoritespot_seq;
2022-10-10 14:33:47.481  INFO 4460 --- [    Test worker] c.j.r.FavoriteSpotQueryRepositoryTest    : favoriteSpot = FavoriteSpot(id=552, count=0)
2022-10-10 14:33:47.481  INFO 4460 --- [    Test worker] c.j.r.FavoriteSpotQueryRepositoryTest    : Spot = capstone.jejuTourrecommend.domain.Spot@c578ab4
2022-10-10 14:33:47.481  INFO 4460 --- [    Test worker] p6spy                                    : #1665380027481 | took 0ms | statement | connection 27| url jdbc:h2:mem:ad3a9e80-f26d-4a3e-9691-17f803db5723
call next value for hibernate_sequence
call next value for hibernate_sequence;
2022-10-10 14:33:47.481  INFO 4460 --- [    Test worker] p6spy                                    : #1665380027481 | took 0ms | statement | connection 27| url jdbc:h2:mem:ad3a9e80-f26d-4a3e-9691-17f803db5723
call next value for hibernate_sequence
call next value for hibernate_sequence;
2022-10-10 14:33:47.481  INFO 4460 --- [    Test worker] p6spy                                    : #1665380027481 | took 0ms | statement | connection 27| url jdbc:h2:mem:ad3a9e80-f26d-4a3e-9691-17f803db5723
call next value for hibernate_sequence
call next value for hibernate_sequence;
2022-10-10 14:33:47.482  INFO 4460 --- [    Test worker] p6spy                                    : #1665380027482 | took 0ms | statement | connection 27| url jdbc:h2:mem:ad3a9e80-f26d-4a3e-9691-17f803db5723
call next value for hibernate_sequence
call next value for hibernate_sequence;
2022-10-10 14:33:47.482  INFO 4460 --- [    Test worker] p6spy                                    : #1665380027482 | took 0ms | statement | connection 27| url jdbc:h2:mem:ad3a9e80-f26d-4a3e-9691-17f803db5723
call next value for hibernate_sequence
call next value for hibernate_sequence;
2022-10-10 14:33:47.482  INFO 4460 --- [    Test worker] p6spy                                    : #1665380027482 | took 0ms | statement | connection 27| url jdbc:h2:mem:ad3a9e80-f26d-4a3e-9691-17f803db5723
call next value for hibernate_sequence
call next value for hibernate_sequence;
2022-10-10 14:33:47.482  INFO 4460 --- [    Test worker] p6spy                                    : #1665380027482 | took 0ms | statement | connection 27| url jdbc:h2:mem:ad3a9e80-f26d-4a3e-9691-17f803db5723
call next value for hibernate_sequence
call next value for hibernate_sequence;
2022-10-10 14:33:47.482  INFO 4460 --- [    Test worker] p6spy                                    : #1665380027482 | took 0ms | statement | connection 27| url jdbc:h2:mem:ad3a9e80-f26d-4a3e-9691-17f803db5723
call next value for hibernate_sequence
call next value for hibernate_sequence;
2022-10-10 14:33:47.482  INFO 4460 --- [    Test worker] c.j.r.FavoriteSpotQueryRepositoryTest    : favoriteSpot = FavoriteSpot(id=553, count=0)
2022-10-10 14:33:47.482  INFO 4460 --- [    Test worker] c.j.r.FavoriteSpotQueryRepositoryTest    : Spot = capstone.jejuTourrecommend.domain.Spot@67646076
2022-10-10 14:33:47.482  INFO 4460 --- [    Test worker] p6spy                                    : #1665380027482 | took 0ms | statement | connection 27| url jdbc:h2:mem:ad3a9e80-f26d-4a3e-9691-17f803db5723
call next value for hibernate_sequence
call next value for hibernate_sequence;
2022-10-10 14:33:47.482  INFO 4460 --- [    Test worker] p6spy                                    : #1665380027482 | took 0ms | statement | connection 27| url jdbc:h2:mem:ad3a9e80-f26d-4a3e-9691-17f803db5723
call next value for hibernate_sequence
call next value for hibernate_sequence;
2022-10-10 14:33:47.482  INFO 4460 --- [    Test worker] p6spy                                    : #1665380027482 | took 0ms | statement | connection 27| url jdbc:h2:mem:ad3a9e80-f26d-4a3e-9691-17f803db5723
call next value for hibernate_sequence
call next value for hibernate_sequence;
2022-10-10 14:33:47.482  INFO 4460 --- [    Test worker] p6spy                                    : #1665380027482 | took 0ms | statement | connection 27| url jdbc:h2:mem:ad3a9e80-f26d-4a3e-9691-17f803db5723
call next value for hibernate_sequence
call next value for hibernate_sequence;
2022-10-10 14:33:47.482  INFO 4460 --- [    Test worker] p6spy                                    : #1665380027482 | took 0ms | statement | connection 27| url jdbc:h2:mem:ad3a9e80-f26d-4a3e-9691-17f803db5723
call next value for hibernate_sequence
call next value for hibernate_sequence;
2022-10-10 14:33:47.482  INFO 4460 --- [    Test worker] p6spy                                    : #1665380027482 | took 0ms | statement | connection 27| url jdbc:h2:mem:ad3a9e80-f26d-4a3e-9691-17f803db5723
call next value for hibernate_sequence
call next value for hibernate_sequence;
2022-10-10 14:33:47.482  INFO 4460 --- [    Test worker] p6spy                                    : #1665380027482 | took 0ms | statement | connection 27| url jdbc:h2:mem:ad3a9e80-f26d-4a3e-9691-17f803db5723
call next value for hibernate_sequence
call next value for hibernate_sequence;
2022-10-10 14:33:47.482  INFO 4460 --- [    Test worker] p6spy                                    : #1665380027482 | took 0ms | statement | connection 27| url jdbc:h2:mem:ad3a9e80-f26d-4a3e-9691-17f803db5723
call next value for hibernate_sequence
call next value for hibernate_sequence;
2022-10-10 14:33:47.482  INFO 4460 --- [    Test worker] c.j.r.FavoriteSpotQueryRepositoryTest    : favoriteSpot = FavoriteSpot(id=554, count=0)
2022-10-10 14:33:47.482  INFO 4460 --- [    Test worker] c.j.r.FavoriteSpotQueryRepositoryTest    : Spot = capstone.jejuTourrecommend.domain.Spot@64115783
2022-10-10 14:33:47.482  INFO 4460 --- [    Test worker] p6spy                                    : #1665380027482 | took 0ms | statement | connection 27| url jdbc:h2:mem:ad3a9e80-f26d-4a3e-9691-17f803db5723
call next value for hibernate_sequence
call next value for hibernate_sequence;
2022-10-10 14:33:47.482  INFO 4460 --- [    Test worker] p6spy                                    : #1665380027482 | took 0ms | statement | connection 27| url jdbc:h2:mem:ad3a9e80-f26d-4a3e-9691-17f803db5723
call next value for hibernate_sequence
call next value for hibernate_sequence;
2022-10-10 14:33:47.482  INFO 4460 --- [    Test worker] p6spy                                    : #1665380027482 | took 0ms | statement | connection 27| url jdbc:h2:mem:ad3a9e80-f26d-4a3e-9691-17f803db5723
call next value for hibernate_sequence
call next value for hibernate_sequence;
2022-10-10 14:33:47.482  INFO 4460 --- [    Test worker] p6spy                                    : #1665380027482 | took 0ms | statement | connection 27| url jdbc:h2:mem:ad3a9e80-f26d-4a3e-9691-17f803db5723
call next value for hibernate_sequence
call next value for hibernate_sequence;
2022-10-10 14:33:47.482  INFO 4460 --- [    Test worker] p6spy                                    : #1665380027482 | took 0ms | statement | connection 27| url jdbc:h2:mem:ad3a9e80-f26d-4a3e-9691-17f803db5723
call next value for hibernate_sequence
call next value for hibernate_sequence;
2022-10-10 14:33:47.482  INFO 4460 --- [    Test worker] p6spy                                    : #1665380027482 | took 0ms | statement | connection 27| url jdbc:h2:mem:ad3a9e80-f26d-4a3e-9691-17f803db5723
call next value for hibernate_sequence
call next value for hibernate_sequence;
2022-10-10 14:33:47.482  INFO 4460 --- [    Test worker] p6spy                                    : #1665380027482 | took 0ms | statement | connection 27| url jdbc:h2:mem:ad3a9e80-f26d-4a3e-9691-17f803db5723
call next value for hibernate_sequence
call next value for hibernate_sequence;
2022-10-10 14:33:47.482  INFO 4460 --- [    Test worker] p6spy                                    : #1665380027482 | took 0ms | statement | connection 27| url jdbc:h2:mem:ad3a9e80-f26d-4a3e-9691-17f803db5723
call next value for hibernate_sequence
call next value for hibernate_sequence;
2022-10-10 14:33:47.482  INFO 4460 --- [    Test worker] c.j.r.FavoriteSpotQueryRepositoryTest    : favoriteSpot = FavoriteSpot(id=555, count=0)
2022-10-10 14:33:47.482  INFO 4460 --- [    Test worker] c.j.r.FavoriteSpotQueryRepositoryTest    : Spot = capstone.jejuTourrecommend.domain.Spot@5c861b68
2022-10-10 14:33:47.482  INFO 4460 --- [    Test worker] p6spy                                    : #1665380027482 | took 0ms | statement | connection 27| url jdbc:h2:mem:ad3a9e80-f26d-4a3e-9691-17f803db5723
call next value for hibernate_sequence
call next value for hibernate_sequence;
2022-10-10 14:33:47.482  INFO 4460 --- [    Test worker] p6spy                                    : #1665380027482 | took 0ms | statement | connection 27| url jdbc:h2:mem:ad3a9e80-f26d-4a3e-9691-17f803db5723
call next value for hibernate_sequence
call next value for hibernate_sequence;
2022-10-10 14:33:47.482  INFO 4460 --- [    Test worker] p6spy                                    : #1665380027482 | took 0ms | statement | connection 27| url jdbc:h2:mem:ad3a9e80-f26d-4a3e-9691-17f803db5723
call next value for hibernate_sequence
call next value for hibernate_sequence;
2022-10-10 14:33:47.482  INFO 4460 --- [    Test worker] p6spy                                    : #1665380027482 | took 0ms | statement | connection 27| url jdbc:h2:mem:ad3a9e80-f26d-4a3e-9691-17f803db5723
call next value for hibernate_sequence
call next value for hibernate_sequence;
2022-10-10 14:33:47.482  INFO 4460 --- [    Test worker] p6spy                                    : #1665380027482 | took 0ms | statement | connection 27| url jdbc:h2:mem:ad3a9e80-f26d-4a3e-9691-17f803db5723
call next value for hibernate_sequence
call next value for hibernate_sequence;
2022-10-10 14:33:47.482  INFO 4460 --- [    Test worker] p6spy                                    : #1665380027482 | took 0ms | statement | connection 27| url jdbc:h2:mem:ad3a9e80-f26d-4a3e-9691-17f803db5723
call next value for hibernate_sequence
call next value for hibernate_sequence;
2022-10-10 14:33:47.482  INFO 4460 --- [    Test worker] p6spy                                    : #1665380027482 | took 0ms | statement | connection 27| url jdbc:h2:mem:ad3a9e80-f26d-4a3e-9691-17f803db5723
call next value for hibernate_sequence
call next value for hibernate_sequence;
2022-10-10 14:33:47.482  INFO 4460 --- [    Test worker] p6spy                                    : #1665380027482 | took 0ms | statement | connection 27| url jdbc:h2:mem:ad3a9e80-f26d-4a3e-9691-17f803db5723
call next value for hibernate_sequence
call next value for hibernate_sequence;
2022-10-10 14:33:47.482  INFO 4460 --- [    Test worker] c.j.r.FavoriteSpotQueryRepositoryTest    : favoriteSpot = FavoriteSpot(id=556, count=0)
2022-10-10 14:33:47.482  INFO 4460 --- [    Test worker] c.j.r.FavoriteSpotQueryRepositoryTest    : Spot = capstone.jejuTourrecommend.domain.Spot@7460cae1
2022-10-10 14:33:47.482  INFO 4460 --- [    Test worker] p6spy                                    : #1665380027482 | took 0ms | statement | connection 27| url jdbc:h2:mem:ad3a9e80-f26d-4a3e-9691-17f803db5723
call next value for hibernate_sequence
call next value for hibernate_sequence;
2022-10-10 14:33:47.482  INFO 4460 --- [    Test worker] p6spy                                    : #1665380027482 | took 0ms | statement | connection 27| url jdbc:h2:mem:ad3a9e80-f26d-4a3e-9691-17f803db5723
call next value for hibernate_sequence
call next value for hibernate_sequence;
2022-10-10 14:33:47.482  INFO 4460 --- [    Test worker] p6spy                                    : #1665380027482 | took 0ms | statement | connection 27| url jdbc:h2:mem:ad3a9e80-f26d-4a3e-9691-17f803db5723
call next value for hibernate_sequence
call next value for hibernate_sequence;
2022-10-10 14:33:47.482  INFO 4460 --- [    Test worker] p6spy                                    : #1665380027482 | took 0ms | statement | connection 27| url jdbc:h2:mem:ad3a9e80-f26d-4a3e-9691-17f803db5723
call next value for hibernate_sequence
call next value for hibernate_sequence;
2022-10-10 14:33:47.482  INFO 4460 --- [    Test worker] p6spy                                    : #1665380027482 | took 0ms | statement | connection 27| url jdbc:h2:mem:ad3a9e80-f26d-4a3e-9691-17f803db5723
call next value for hibernate_sequence
call next value for hibernate_sequence;
2022-10-10 14:33:47.483  INFO 4460 --- [    Test worker] p6spy                                    : #1665380027483 | took 0ms | statement | connection 27| url jdbc:h2:mem:ad3a9e80-f26d-4a3e-9691-17f803db5723
call next value for hibernate_sequence
call next value for hibernate_sequence;
2022-10-10 14:33:47.483  INFO 4460 --- [    Test worker] p6spy                                    : #1665380027483 | took 0ms | statement | connection 27| url jdbc:h2:mem:ad3a9e80-f26d-4a3e-9691-17f803db5723
call next value for hibernate_sequence
call next value for hibernate_sequence;
2022-10-10 14:33:47.483  INFO 4460 --- [    Test worker] p6spy                                    : #1665380027483 | took 0ms | statement | connection 27| url jdbc:h2:mem:ad3a9e80-f26d-4a3e-9691-17f803db5723
call next value for hibernate_sequence
call next value for hibernate_sequence;
2022-10-10 14:33:47.483  INFO 4460 --- [    Test worker] c.j.r.FavoriteSpotQueryRepositoryTest    : favoriteSpot = FavoriteSpot(id=557, count=0)
2022-10-10 14:33:47.483  INFO 4460 --- [    Test worker] c.j.r.FavoriteSpotQueryRepositoryTest    : Spot = capstone.jejuTourrecommend.domain.Spot@2250d88e
2022-10-10 14:33:47.483  INFO 4460 --- [    Test worker] p6spy                                    : #1665380027483 | took 0ms | statement | connection 27| url jdbc:h2:mem:ad3a9e80-f26d-4a3e-9691-17f803db5723
call next value for hibernate_sequence
call next value for hibernate_sequence;
2022-10-10 14:33:47.483  INFO 4460 --- [    Test worker] p6spy                                    : #1665380027483 | took 0ms | statement | connection 27| url jdbc:h2:mem:ad3a9e80-f26d-4a3e-9691-17f803db5723
call next value for hibernate_sequence
call next value for hibernate_sequence;
2022-10-10 14:33:47.483  INFO 4460 --- [    Test worker] p6spy                                    : #1665380027483 | took 0ms | statement | connection 27| url jdbc:h2:mem:ad3a9e80-f26d-4a3e-9691-17f803db5723
call next value for hibernate_sequence
call next value for hibernate_sequence;
2022-10-10 14:33:47.483  INFO 4460 --- [    Test worker] p6spy                                    : #1665380027483 | took 0ms | statement | connection 27| url jdbc:h2:mem:ad3a9e80-f26d-4a3e-9691-17f803db5723
call next value for hibernate_sequence
call next value for hibernate_sequence;
2022-10-10 14:33:47.483  INFO 4460 --- [    Test worker] p6spy                                    : #1665380027483 | took 0ms | statement | connection 27| url jdbc:h2:mem:ad3a9e80-f26d-4a3e-9691-17f803db5723
call next value for hibernate_sequence
call next value for hibernate_sequence;
2022-10-10 14:33:47.483  INFO 4460 --- [    Test worker] p6spy                                    : #1665380027483 | took 0ms | statement | connection 27| url jdbc:h2:mem:ad3a9e80-f26d-4a3e-9691-17f803db5723
call next value for hibernate_sequence
call next value for hibernate_sequence;
2022-10-10 14:33:47.483  INFO 4460 --- [    Test worker] p6spy                                    : #1665380027483 | took 0ms | statement | connection 27| url jdbc:h2:mem:ad3a9e80-f26d-4a3e-9691-17f803db5723
call next value for hibernate_sequence
call next value for hibernate_sequence;
2022-10-10 14:33:47.483  INFO 4460 --- [    Test worker] p6spy                                    : #1665380027483 | took 0ms | statement | connection 27| url jdbc:h2:mem:ad3a9e80-f26d-4a3e-9691-17f803db5723
call next value for hibernate_sequence
call next value for hibernate_sequence;
2022-10-10 14:33:47.483  INFO 4460 --- [    Test worker] c.j.r.FavoriteSpotQueryRepositoryTest    : favoriteSpot = FavoriteSpot(id=558, count=0)
2022-10-10 14:33:47.483  INFO 4460 --- [    Test worker] c.j.r.FavoriteSpotQueryRepositoryTest    : Spot = capstone.jejuTourrecommend.domain.Spot@41d38f2d
2022-10-10 14:33:47.483  INFO 4460 --- [    Test worker] p6spy                                    : #1665380027483 | took 0ms | statement | connection 27| url jdbc:h2:mem:ad3a9e80-f26d-4a3e-9691-17f803db5723
call next value for hibernate_sequence
call next value for hibernate_sequence;
2022-10-10 14:33:47.483  INFO 4460 --- [    Test worker] p6spy                                    : #1665380027483 | took 0ms | statement | connection 27| url jdbc:h2:mem:ad3a9e80-f26d-4a3e-9691-17f803db5723
call next value for hibernate_sequence
call next value for hibernate_sequence;
2022-10-10 14:33:47.483  INFO 4460 --- [    Test worker] p6spy                                    : #1665380027483 | took 0ms | statement | connection 27| url jdbc:h2:mem:ad3a9e80-f26d-4a3e-9691-17f803db5723
call next value for hibernate_sequence
call next value for hibernate_sequence;
2022-10-10 14:33:47.483  INFO 4460 --- [    Test worker] p6spy                                    : #1665380027483 | took 0ms | statement | connection 27| url jdbc:h2:mem:ad3a9e80-f26d-4a3e-9691-17f803db5723
call next value for hibernate_sequence
call next value for hibernate_sequence;
2022-10-10 14:33:47.483  INFO 4460 --- [    Test worker] p6spy                                    : #1665380027483 | took 0ms | statement | connection 27| url jdbc:h2:mem:ad3a9e80-f26d-4a3e-9691-17f803db5723
call next value for hibernate_sequence
call next value for hibernate_sequence;
2022-10-10 14:33:47.483  INFO 4460 --- [    Test worker] p6spy                                    : #1665380027483 | took 0ms | statement | connection 27| url jdbc:h2:mem:ad3a9e80-f26d-4a3e-9691-17f803db5723
call next value for hibernate_sequence
call next value for hibernate_sequence;
2022-10-10 14:33:47.483  INFO 4460 --- [    Test worker] p6spy                                    : #1665380027483 | took 0ms | statement | connection 27| url jdbc:h2:mem:ad3a9e80-f26d-4a3e-9691-17f803db5723
call next value for hibernate_sequence
call next value for hibernate_sequence;
2022-10-10 14:33:47.483  INFO 4460 --- [    Test worker] p6spy                                    : #1665380027483 | took 0ms | statement | connection 27| url jdbc:h2:mem:ad3a9e80-f26d-4a3e-9691-17f803db5723
call next value for hibernate_sequence
call next value for hibernate_sequence;
2022-10-10 14:33:47.483  INFO 4460 --- [    Test worker] c.j.r.FavoriteSpotQueryRepositoryTest    : favoriteSpot = FavoriteSpot(id=559, count=0)
2022-10-10 14:33:47.483  INFO 4460 --- [    Test worker] c.j.r.FavoriteSpotQueryRepositoryTest    : Spot = capstone.jejuTourrecommend.domain.Spot@5a05889e
2022-10-10 14:33:47.483  INFO 4460 --- [    Test worker] p6spy                                    : #1665380027483 | took 0ms | statement | connection 27| url jdbc:h2:mem:ad3a9e80-f26d-4a3e-9691-17f803db5723
call next value for hibernate_sequence
call next value for hibernate_sequence;
2022-10-10 14:33:47.483  INFO 4460 --- [    Test worker] p6spy                                    : #1665380027483 | took 0ms | statement | connection 27| url jdbc:h2:mem:ad3a9e80-f26d-4a3e-9691-17f803db5723
call next value for hibernate_sequence
call next value for hibernate_sequence;
2022-10-10 14:33:47.483  INFO 4460 --- [    Test worker] p6spy                                    : #1665380027483 | took 0ms | statement | connection 27| url jdbc:h2:mem:ad3a9e80-f26d-4a3e-9691-17f803db5723
call next value for hibernate_sequence
call next value for hibernate_sequence;
2022-10-10 14:33:47.483  INFO 4460 --- [    Test worker] p6spy                                    : #1665380027483 | took 0ms | statement | connection 27| url jdbc:h2:mem:ad3a9e80-f26d-4a3e-9691-17f803db5723
call next value for hibernate_sequence
call next value for hibernate_sequence;
2022-10-10 14:33:47.483  INFO 4460 --- [    Test worker] p6spy                                    : #1665380027483 | took 0ms | statement | connection 27| url jdbc:h2:mem:ad3a9e80-f26d-4a3e-9691-17f803db5723
call next value for hibernate_sequence
call next value for hibernate_sequence;
2022-10-10 14:33:47.483  INFO 4460 --- [    Test worker] p6spy                                    : #1665380027483 | took 0ms | statement | connection 27| url jdbc:h2:mem:ad3a9e80-f26d-4a3e-9691-17f803db5723
call next value for hibernate_sequence
call next value for hibernate_sequence;
2022-10-10 14:33:47.483  INFO 4460 --- [    Test worker] p6spy                                    : #1665380027483 | took 0ms | statement | connection 27| url jdbc:h2:mem:ad3a9e80-f26d-4a3e-9691-17f803db5723
call next value for hibernate_sequence
call next value for hibernate_sequence;
2022-10-10 14:33:47.483  INFO 4460 --- [    Test worker] p6spy                                    : #1665380027483 | took 0ms | statement | connection 27| url jdbc:h2:mem:ad3a9e80-f26d-4a3e-9691-17f803db5723
call next value for hibernate_sequence
call next value for hibernate_sequence;
2022-10-10 14:33:47.483  INFO 4460 --- [    Test worker] c.j.r.FavoriteSpotQueryRepositoryTest    : favoriteSpot = FavoriteSpot(id=560, count=0)
2022-10-10 14:33:47.483  INFO 4460 --- [    Test worker] c.j.r.FavoriteSpotQueryRepositoryTest    : Spot = capstone.jejuTourrecommend.domain.Spot@6891e3a1
2022-10-10 14:33:47.483  INFO 4460 --- [    Test worker] p6spy                                    : #1665380027483 | took 0ms | statement | connection 27| url jdbc:h2:mem:ad3a9e80-f26d-4a3e-9691-17f803db5723
call next value for hibernate_sequence
call next value for hibernate_sequence;
2022-10-10 14:33:47.484  INFO 4460 --- [    Test worker] p6spy                                    : #1665380027484 | took 0ms | statement | connection 27| url jdbc:h2:mem:ad3a9e80-f26d-4a3e-9691-17f803db5723
call next value for hibernate_sequence
call next value for hibernate_sequence;
2022-10-10 14:33:47.484  INFO 4460 --- [    Test worker] p6spy                                    : #1665380027484 | took 0ms | statement | connection 27| url jdbc:h2:mem:ad3a9e80-f26d-4a3e-9691-17f803db5723
call next value for hibernate_sequence
call next value for hibernate_sequence;
2022-10-10 14:33:47.484  INFO 4460 --- [    Test worker] p6spy                                    : #1665380027484 | took 0ms | statement | connection 27| url jdbc:h2:mem:ad3a9e80-f26d-4a3e-9691-17f803db5723
call next value for hibernate_sequence
call next value for hibernate_sequence;
2022-10-10 14:33:47.484  INFO 4460 --- [    Test worker] p6spy                                    : #1665380027484 | took 0ms | statement | connection 27| url jdbc:h2:mem:ad3a9e80-f26d-4a3e-9691-17f803db5723
call next value for hibernate_sequence
call next value for hibernate_sequence;
2022-10-10 14:33:47.484  INFO 4460 --- [    Test worker] p6spy                                    : #1665380027484 | took 0ms | statement | connection 27| url jdbc:h2:mem:ad3a9e80-f26d-4a3e-9691-17f803db5723
call next value for hibernate_sequence
call next value for hibernate_sequence;
2022-10-10 14:33:47.484  INFO 4460 --- [    Test worker] p6spy                                    : #1665380027484 | took 0ms | statement | connection 27| url jdbc:h2:mem:ad3a9e80-f26d-4a3e-9691-17f803db5723
call next value for hibernate_sequence
call next value for hibernate_sequence;
2022-10-10 14:33:47.484  INFO 4460 --- [    Test worker] p6spy                                    : #1665380027484 | took 0ms | statement | connection 27| url jdbc:h2:mem:ad3a9e80-f26d-4a3e-9691-17f803db5723
call next value for hibernate_sequence
call next value for hibernate_sequence;
2022-10-10 14:33:47.484  INFO 4460 --- [    Test worker] c.j.r.FavoriteSpotQueryRepositoryTest    : favoriteSpot = FavoriteSpot(id=561, count=0)
2022-10-10 14:33:47.484  INFO 4460 --- [    Test worker] c.j.r.FavoriteSpotQueryRepositoryTest    : Spot = capstone.jejuTourrecommend.domain.Spot@1d9212d8
2022-10-10 14:33:47.484  INFO 4460 --- [    Test worker] p6spy                                    : #1665380027484 | took 0ms | statement | connection 27| url jdbc:h2:mem:ad3a9e80-f26d-4a3e-9691-17f803db5723
call next value for hibernate_sequence
call next value for hibernate_sequence;
2022-10-10 14:33:47.484  INFO 4460 --- [    Test worker] p6spy                                    : #1665380027484 | took 0ms | statement | connection 27| url jdbc:h2:mem:ad3a9e80-f26d-4a3e-9691-17f803db5723
call next value for hibernate_sequence
call next value for hibernate_sequence;
2022-10-10 14:33:47.484  INFO 4460 --- [    Test worker] p6spy                                    : #1665380027484 | took 0ms | statement | connection 27| url jdbc:h2:mem:ad3a9e80-f26d-4a3e-9691-17f803db5723
call next value for hibernate_sequence
call next value for hibernate_sequence;
2022-10-10 14:33:47.484  INFO 4460 --- [    Test worker] p6spy                                    : #1665380027484 | took 0ms | statement | connection 27| url jdbc:h2:mem:ad3a9e80-f26d-4a3e-9691-17f803db5723
call next value for hibernate_sequence
call next value for hibernate_sequence;
2022-10-10 14:33:47.484  INFO 4460 --- [    Test worker] p6spy                                    : #1665380027484 | took 0ms | statement | connection 27| url jdbc:h2:mem:ad3a9e80-f26d-4a3e-9691-17f803db5723
call next value for hibernate_sequence
call next value for hibernate_sequence;
2022-10-10 14:33:47.484  INFO 4460 --- [    Test worker] p6spy                                    : #1665380027484 | took 0ms | statement | connection 27| url jdbc:h2:mem:ad3a9e80-f26d-4a3e-9691-17f803db5723
call next value for hibernate_sequence
call next value for hibernate_sequence;
2022-10-10 14:33:47.484  INFO 4460 --- [    Test worker] p6spy                                    : #1665380027484 | took 0ms | statement | connection 27| url jdbc:h2:mem:ad3a9e80-f26d-4a3e-9691-17f803db5723
call next value for hibernate_sequence
call next value for hibernate_sequence;
2022-10-10 14:33:47.484  INFO 4460 --- [    Test worker] p6spy                                    : #1665380027484 | took 0ms | statement | connection 27| url jdbc:h2:mem:ad3a9e80-f26d-4a3e-9691-17f803db5723
call next value for hibernate_sequence
call next value for hibernate_sequence;
2022-10-10 14:33:47.484  INFO 4460 --- [    Test worker] c.j.r.FavoriteSpotQueryRepositoryTest    : favoriteSpot = FavoriteSpot(id=562, count=0)
2022-10-10 14:33:47.484  INFO 4460 --- [    Test worker] c.j.r.FavoriteSpotQueryRepositoryTest    : Spot = capstone.jejuTourrecommend.domain.Spot@540f7d9d
2022-10-10 14:33:47.484  INFO 4460 --- [    Test worker] p6spy                                    : #1665380027484 | took 0ms | statement | connection 27| url jdbc:h2:mem:ad3a9e80-f26d-4a3e-9691-17f803db5723
call next value for hibernate_sequence
call next value for hibernate_sequence;
2022-10-10 14:33:47.484  INFO 4460 --- [    Test worker] p6spy                                    : #1665380027484 | took 0ms | statement | connection 27| url jdbc:h2:mem:ad3a9e80-f26d-4a3e-9691-17f803db5723
call next value for hibernate_sequence
call next value for hibernate_sequence;
2022-10-10 14:33:47.484  INFO 4460 --- [    Test worker] p6spy                                    : #1665380027484 | took 0ms | statement | connection 27| url jdbc:h2:mem:ad3a9e80-f26d-4a3e-9691-17f803db5723
call next value for hibernate_sequence
call next value for hibernate_sequence;
2022-10-10 14:33:47.484  INFO 4460 --- [    Test worker] p6spy                                    : #1665380027484 | took 0ms | statement | connection 27| url jdbc:h2:mem:ad3a9e80-f26d-4a3e-9691-17f803db5723
call next value for hibernate_sequence
call next value for hibernate_sequence;
2022-10-10 14:33:47.484  INFO 4460 --- [    Test worker] p6spy                                    : #1665380027484 | took 0ms | statement | connection 27| url jdbc:h2:mem:ad3a9e80-f26d-4a3e-9691-17f803db5723
call next value for hibernate_sequence
call next value for hibernate_sequence;
2022-10-10 14:33:47.484  INFO 4460 --- [    Test worker] p6spy                                    : #1665380027484 | took 0ms | statement | connection 27| url jdbc:h2:mem:ad3a9e80-f26d-4a3e-9691-17f803db5723
call next value for hibernate_sequence
call next value for hibernate_sequence;
2022-10-10 14:33:47.484  INFO 4460 --- [    Test worker] p6spy                                    : #1665380027484 | took 0ms | statement | connection 27| url jdbc:h2:mem:ad3a9e80-f26d-4a3e-9691-17f803db5723
call next value for hibernate_sequence
call next value for hibernate_sequence;
2022-10-10 14:33:47.484  INFO 4460 --- [    Test worker] p6spy                                    : #1665380027484 | took 0ms | statement | connection 27| url jdbc:h2:mem:ad3a9e80-f26d-4a3e-9691-17f803db5723
call next value for hibernate_sequence
call next value for hibernate_sequence;
2022-10-10 14:33:47.484  INFO 4460 --- [    Test worker] c.j.r.FavoriteSpotQueryRepositoryTest    : favoriteSpot = FavoriteSpot(id=563, count=0)
2022-10-10 14:33:47.484  INFO 4460 --- [    Test worker] c.j.r.FavoriteSpotQueryRepositoryTest    : Spot = capstone.jejuTourrecommend.domain.Spot@1a5135e5
2022-10-10 14:33:47.484  INFO 4460 --- [    Test worker] p6spy                                    : #1665380027484 | took 0ms | statement | connection 27| url jdbc:h2:mem:ad3a9e80-f26d-4a3e-9691-17f803db5723
call next value for hibernate_sequence
call next value for hibernate_sequence;
2022-10-10 14:33:47.484  INFO 4460 --- [    Test worker] p6spy                                    : #1665380027484 | took 0ms | statement | connection 27| url jdbc:h2:mem:ad3a9e80-f26d-4a3e-9691-17f803db5723
call next value for hibernate_sequence
call next value for hibernate_sequence;
2022-10-10 14:33:47.484  INFO 4460 --- [    Test worker] p6spy                                    : #1665380027484 | took 0ms | statement | connection 27| url jdbc:h2:mem:ad3a9e80-f26d-4a3e-9691-17f803db5723
call next value for hibernate_sequence
call next value for hibernate_sequence;
2022-10-10 14:33:47.484  INFO 4460 --- [    Test worker] p6spy                                    : #1665380027484 | took 0ms | statement | connection 27| url jdbc:h2:mem:ad3a9e80-f26d-4a3e-9691-17f803db5723
call next value for hibernate_sequence
call next value for hibernate_sequence;
2022-10-10 14:33:47.484  INFO 4460 --- [    Test worker] p6spy                                    : #1665380027484 | took 0ms | statement | connection 27| url jdbc:h2:mem:ad3a9e80-f26d-4a3e-9691-17f803db5723
call next value for hibernate_sequence
call next value for hibernate_sequence;
2022-10-10 14:33:47.484  INFO 4460 --- [    Test worker] p6spy                                    : #1665380027484 | took 0ms | statement | connection 27| url jdbc:h2:mem:ad3a9e80-f26d-4a3e-9691-17f803db5723
call next value for hibernate_sequence
call next value for hibernate_sequence;
2022-10-10 14:33:47.484  INFO 4460 --- [    Test worker] p6spy                                    : #1665380027484 | took 0ms | statement | connection 27| url jdbc:h2:mem:ad3a9e80-f26d-4a3e-9691-17f803db5723
call next value for hibernate_sequence
call next value for hibernate_sequence;
2022-10-10 14:33:47.484  INFO 4460 --- [    Test worker] p6spy                                    : #1665380027484 | took 0ms | statement | connection 27| url jdbc:h2:mem:ad3a9e80-f26d-4a3e-9691-17f803db5723
call next value for hibernate_sequence
call next value for hibernate_sequence;
2022-10-10 14:33:47.484  INFO 4460 --- [    Test worker] c.j.r.FavoriteSpotQueryRepositoryTest    : favoriteSpot = FavoriteSpot(id=564, count=0)
2022-10-10 14:33:47.484  INFO 4460 --- [    Test worker] c.j.r.FavoriteSpotQueryRepositoryTest    : Spot = capstone.jejuTourrecommend.domain.Spot@44155f1e
2022-10-10 14:33:47.484  INFO 4460 --- [    Test worker] p6spy                                    : #1665380027484 | took 0ms | statement | connection 27| url jdbc:h2:mem:ad3a9e80-f26d-4a3e-9691-17f803db5723
call next value for hibernate_sequence
call next value for hibernate_sequence;
2022-10-10 14:33:47.484  INFO 4460 --- [    Test worker] p6spy                                    : #1665380027484 | took 0ms | statement | connection 27| url jdbc:h2:mem:ad3a9e80-f26d-4a3e-9691-17f803db5723
call next value for hibernate_sequence
call next value for hibernate_sequence;
2022-10-10 14:33:47.485  INFO 4460 --- [    Test worker] p6spy                                    : #1665380027485 | took 0ms | statement | connection 27| url jdbc:h2:mem:ad3a9e80-f26d-4a3e-9691-17f803db5723
call next value for hibernate_sequence
call next value for hibernate_sequence;
2022-10-10 14:33:47.485  INFO 4460 --- [    Test worker] p6spy                                    : #1665380027485 | took 0ms | statement | connection 27| url jdbc:h2:mem:ad3a9e80-f26d-4a3e-9691-17f803db5723
call next value for hibernate_sequence
call next value for hibernate_sequence;
2022-10-10 14:33:47.485  INFO 4460 --- [    Test worker] p6spy                                    : #1665380027485 | took 0ms | statement | connection 27| url jdbc:h2:mem:ad3a9e80-f26d-4a3e-9691-17f803db5723
call next value for hibernate_sequence
call next value for hibernate_sequence;
2022-10-10 14:33:47.485  INFO 4460 --- [    Test worker] p6spy                                    : #1665380027485 | took 0ms | statement | connection 27| url jdbc:h2:mem:ad3a9e80-f26d-4a3e-9691-17f803db5723
call next value for hibernate_sequence
call next value for hibernate_sequence;
2022-10-10 14:33:47.485  INFO 4460 --- [    Test worker] p6spy                                    : #1665380027485 | took 0ms | statement | connection 27| url jdbc:h2:mem:ad3a9e80-f26d-4a3e-9691-17f803db5723
call next value for hibernate_sequence
call next value for hibernate_sequence;
2022-10-10 14:33:47.485  INFO 4460 --- [    Test worker] p6spy                                    : #1665380027485 | took 0ms | statement | connection 27| url jdbc:h2:mem:ad3a9e80-f26d-4a3e-9691-17f803db5723
call next value for hibernate_sequence
call next value for hibernate_sequence;
2022-10-10 14:33:47.485  INFO 4460 --- [    Test worker] c.j.r.FavoriteSpotQueryRepositoryTest    : favoriteSpot = FavoriteSpot(id=565, count=0)
2022-10-10 14:33:47.485  INFO 4460 --- [    Test worker] c.j.r.FavoriteSpotQueryRepositoryTest    : Spot = capstone.jejuTourrecommend.domain.Spot@26b24ef3
2022-10-10 14:33:47.485  INFO 4460 --- [    Test worker] p6spy                                    : #1665380027485 | took 0ms | statement | connection 27| url jdbc:h2:mem:ad3a9e80-f26d-4a3e-9691-17f803db5723
call next value for hibernate_sequence
call next value for hibernate_sequence;
2022-10-10 14:33:47.485  INFO 4460 --- [    Test worker] p6spy                                    : #1665380027485 | took 0ms | statement | connection 27| url jdbc:h2:mem:ad3a9e80-f26d-4a3e-9691-17f803db5723
call next value for hibernate_sequence
call next value for hibernate_sequence;
2022-10-10 14:33:47.485  INFO 4460 --- [    Test worker] p6spy                                    : #1665380027485 | took 0ms | statement | connection 27| url jdbc:h2:mem:ad3a9e80-f26d-4a3e-9691-17f803db5723
call next value for hibernate_sequence
call next value for hibernate_sequence;
2022-10-10 14:33:47.485  INFO 4460 --- [    Test worker] p6spy                                    : #1665380027485 | took 0ms | statement | connection 27| url jdbc:h2:mem:ad3a9e80-f26d-4a3e-9691-17f803db5723
call next value for hibernate_sequence
call next value for hibernate_sequence;
2022-10-10 14:33:47.485  INFO 4460 --- [    Test worker] p6spy                                    : #1665380027485 | took 0ms | statement | connection 27| url jdbc:h2:mem:ad3a9e80-f26d-4a3e-9691-17f803db5723
call next value for hibernate_sequence
call next value for hibernate_sequence;
2022-10-10 14:33:47.485  INFO 4460 --- [    Test worker] p6spy                                    : #1665380027485 | took 0ms | statement | connection 27| url jdbc:h2:mem:ad3a9e80-f26d-4a3e-9691-17f803db5723
call next value for hibernate_sequence
call next value for hibernate_sequence;
2022-10-10 14:33:47.485  INFO 4460 --- [    Test worker] p6spy                                    : #1665380027485 | took 0ms | statement | connection 27| url jdbc:h2:mem:ad3a9e80-f26d-4a3e-9691-17f803db5723
call next value for hibernate_sequence
call next value for hibernate_sequence;
2022-10-10 14:33:47.485  INFO 4460 --- [    Test worker] p6spy                                    : #1665380027485 | took 0ms | statement | connection 27| url jdbc:h2:mem:ad3a9e80-f26d-4a3e-9691-17f803db5723
call next value for hibernate_sequence
call next value for hibernate_sequence;
2022-10-10 14:33:47.485  INFO 4460 --- [    Test worker] c.j.r.FavoriteSpotQueryRepositoryTest    : favoriteSpot = FavoriteSpot(id=566, count=0)
2022-10-10 14:33:47.485  INFO 4460 --- [    Test worker] c.j.r.FavoriteSpotQueryRepositoryTest    : Spot = capstone.jejuTourrecommend.domain.Spot@6c00d532
2022-10-10 14:33:47.485  INFO 4460 --- [    Test worker] p6spy                                    : #1665380027485 | took 0ms | statement | connection 27| url jdbc:h2:mem:ad3a9e80-f26d-4a3e-9691-17f803db5723
call next value for hibernate_sequence
call next value for hibernate_sequence;
2022-10-10 14:33:47.485  INFO 4460 --- [    Test worker] p6spy                                    : #1665380027485 | took 0ms | statement | connection 27| url jdbc:h2:mem:ad3a9e80-f26d-4a3e-9691-17f803db5723
call next value for hibernate_sequence
call next value for hibernate_sequence;
2022-10-10 14:33:47.485  INFO 4460 --- [    Test worker] p6spy                                    : #1665380027485 | took 0ms | statement | connection 27| url jdbc:h2:mem:ad3a9e80-f26d-4a3e-9691-17f803db5723
call next value for hibernate_sequence
call next value for hibernate_sequence;
2022-10-10 14:33:47.485  INFO 4460 --- [    Test worker] p6spy                                    : #1665380027485 | took 0ms | statement | connection 27| url jdbc:h2:mem:ad3a9e80-f26d-4a3e-9691-17f803db5723
call next value for hibernate_sequence
call next value for hibernate_sequence;
2022-10-10 14:33:47.485  INFO 4460 --- [    Test worker] p6spy                                    : #1665380027485 | took 0ms | statement | connection 27| url jdbc:h2:mem:ad3a9e80-f26d-4a3e-9691-17f803db5723
call next value for hibernate_sequence
call next value for hibernate_sequence;
2022-10-10 14:33:47.485  INFO 4460 --- [    Test worker] p6spy                                    : #1665380027485 | took 0ms | statement | connection 27| url jdbc:h2:mem:ad3a9e80-f26d-4a3e-9691-17f803db5723
call next value for hibernate_sequence
call next value for hibernate_sequence;
2022-10-10 14:33:47.485  INFO 4460 --- [    Test worker] p6spy                                    : #1665380027485 | took 0ms | statement | connection 27| url jdbc:h2:mem:ad3a9e80-f26d-4a3e-9691-17f803db5723
call next value for hibernate_sequence
call next value for hibernate_sequence;
2022-10-10 14:33:47.485  INFO 4460 --- [    Test worker] p6spy                                    : #1665380027485 | took 0ms | statement | connection 27| url jdbc:h2:mem:ad3a9e80-f26d-4a3e-9691-17f803db5723
call next value for hibernate_sequence
call next value for hibernate_sequence;
2022-10-10 14:33:47.485  INFO 4460 --- [    Test worker] c.j.r.FavoriteSpotQueryRepositoryTest    : favoriteSpot = FavoriteSpot(id=567, count=0)
2022-10-10 14:33:47.485  INFO 4460 --- [    Test worker] c.j.r.FavoriteSpotQueryRepositoryTest    : Spot = capstone.jejuTourrecommend.domain.Spot@37a723cb
2022-10-10 14:33:47.485  INFO 4460 --- [    Test worker] p6spy                                    : #1665380027485 | took 0ms | statement | connection 27| url jdbc:h2:mem:ad3a9e80-f26d-4a3e-9691-17f803db5723
call next value for hibernate_sequence
call next value for hibernate_sequence;
2022-10-10 14:33:47.485  INFO 4460 --- [    Test worker] p6spy                                    : #1665380027485 | took 0ms | statement | connection 27| url jdbc:h2:mem:ad3a9e80-f26d-4a3e-9691-17f803db5723
call next value for hibernate_sequence
call next value for hibernate_sequence;
2022-10-10 14:33:47.485  INFO 4460 --- [    Test worker] p6spy                                    : #1665380027485 | took 0ms | statement | connection 27| url jdbc:h2:mem:ad3a9e80-f26d-4a3e-9691-17f803db5723
call next value for hibernate_sequence
call next value for hibernate_sequence;
2022-10-10 14:33:47.485  INFO 4460 --- [    Test worker] p6spy                                    : #1665380027485 | took 0ms | statement | connection 27| url jdbc:h2:mem:ad3a9e80-f26d-4a3e-9691-17f803db5723
call next value for hibernate_sequence
call next value for hibernate_sequence;
2022-10-10 14:33:47.485  INFO 4460 --- [    Test worker] p6spy                                    : #1665380027485 | took 0ms | statement | connection 27| url jdbc:h2:mem:ad3a9e80-f26d-4a3e-9691-17f803db5723
call next value for hibernate_sequence
call next value for hibernate_sequence;
2022-10-10 14:33:47.485  INFO 4460 --- [    Test worker] p6spy                                    : #1665380027485 | took 0ms | statement | connection 27| url jdbc:h2:mem:ad3a9e80-f26d-4a3e-9691-17f803db5723
call next value for hibernate_sequence
call next value for hibernate_sequence;
2022-10-10 14:33:47.485  INFO 4460 --- [    Test worker] p6spy                                    : #1665380027485 | took 0ms | statement | connection 27| url jdbc:h2:mem:ad3a9e80-f26d-4a3e-9691-17f803db5723
call next value for hibernate_sequence
call next value for hibernate_sequence;
2022-10-10 14:33:47.485  INFO 4460 --- [    Test worker] p6spy                                    : #1665380027485 | took 0ms | statement | connection 27| url jdbc:h2:mem:ad3a9e80-f26d-4a3e-9691-17f803db5723
call next value for hibernate_sequence
call next value for hibernate_sequence;
2022-10-10 14:33:47.485  INFO 4460 --- [    Test worker] c.j.r.FavoriteSpotQueryRepositoryTest    : favoriteSpot = FavoriteSpot(id=568, count=0)
2022-10-10 14:33:47.485  INFO 4460 --- [    Test worker] c.j.r.FavoriteSpotQueryRepositoryTest    : Spot = capstone.jejuTourrecommend.domain.Spot@974d8ff
2022-10-10 14:33:47.485  INFO 4460 --- [    Test worker] p6spy                                    : #1665380027485 | took 0ms | statement | connection 27| url jdbc:h2:mem:ad3a9e80-f26d-4a3e-9691-17f803db5723
call next value for hibernate_sequence
call next value for hibernate_sequence;
2022-10-10 14:33:47.485  INFO 4460 --- [    Test worker] p6spy                                    : #1665380027485 | took 0ms | statement | connection 27| url jdbc:h2:mem:ad3a9e80-f26d-4a3e-9691-17f803db5723
call next value for hibernate_sequence
call next value for hibernate_sequence;
2022-10-10 14:33:47.485  INFO 4460 --- [    Test worker] p6spy                                    : #1665380027485 | took 0ms | statement | connection 27| url jdbc:h2:mem:ad3a9e80-f26d-4a3e-9691-17f803db5723
call next value for hibernate_sequence
call next value for hibernate_sequence;
2022-10-10 14:33:47.485  INFO 4460 --- [    Test worker] p6spy                                    : #1665380027485 | took 0ms | statement | connection 27| url jdbc:h2:mem:ad3a9e80-f26d-4a3e-9691-17f803db5723
call next value for spot_seq
call next value for spot_seq;
2022-10-10 14:33:47.485  INFO 4460 --- [    Test worker] p6spy                                    : #1665380027485 | took 0ms | statement | connection 27| url jdbc:h2:mem:ad3a9e80-f26d-4a3e-9691-17f803db5723
call next value for hibernate_sequence
call next value for hibernate_sequence;
2022-10-10 14:33:47.486  INFO 4460 --- [    Test worker] p6spy                                    : #1665380027486 | took 0ms | statement | connection 27| url jdbc:h2:mem:ad3a9e80-f26d-4a3e-9691-17f803db5723
call next value for hibernate_sequence
call next value for hibernate_sequence;
2022-10-10 14:33:47.486  INFO 4460 --- [    Test worker] p6spy                                    : #1665380027486 | took 0ms | statement | connection 27| url jdbc:h2:mem:ad3a9e80-f26d-4a3e-9691-17f803db5723
call next value for hibernate_sequence
call next value for hibernate_sequence;
2022-10-10 14:33:47.486  INFO 4460 --- [    Test worker] p6spy                                    : #1665380027486 | took 0ms | statement | connection 27| url jdbc:h2:mem:ad3a9e80-f26d-4a3e-9691-17f803db5723
call next value for hibernate_sequence
call next value for hibernate_sequence;
2022-10-10 14:33:47.486  INFO 4460 --- [    Test worker] p6spy                                    : #1665380027486 | took 0ms | statement | connection 27| url jdbc:h2:mem:ad3a9e80-f26d-4a3e-9691-17f803db5723
call next value for hibernate_sequence
call next value for hibernate_sequence;
2022-10-10 14:33:47.486  INFO 4460 --- [    Test worker] c.j.r.FavoriteSpotQueryRepositoryTest    : favoriteSpot = FavoriteSpot(id=569, count=0)
2022-10-10 14:33:47.486  INFO 4460 --- [    Test worker] c.j.r.FavoriteSpotQueryRepositoryTest    : Spot = capstone.jejuTourrecommend.domain.Spot@69262cc2
2022-10-10 14:33:47.486  INFO 4460 --- [    Test worker] p6spy                                    : #1665380027486 | took 0ms | statement | connection 27| url jdbc:h2:mem:ad3a9e80-f26d-4a3e-9691-17f803db5723
call next value for hibernate_sequence
call next value for hibernate_sequence;
2022-10-10 14:33:47.486  INFO 4460 --- [    Test worker] p6spy                                    : #1665380027486 | took 0ms | statement | connection 27| url jdbc:h2:mem:ad3a9e80-f26d-4a3e-9691-17f803db5723
call next value for hibernate_sequence
call next value for hibernate_sequence;
2022-10-10 14:33:47.486  INFO 4460 --- [    Test worker] p6spy                                    : #1665380027486 | took 0ms | statement | connection 27| url jdbc:h2:mem:ad3a9e80-f26d-4a3e-9691-17f803db5723
call next value for hibernate_sequence
call next value for hibernate_sequence;
2022-10-10 14:33:47.486  INFO 4460 --- [    Test worker] p6spy                                    : #1665380027486 | took 0ms | statement | connection 27| url jdbc:h2:mem:ad3a9e80-f26d-4a3e-9691-17f803db5723
call next value for hibernate_sequence
call next value for hibernate_sequence;
2022-10-10 14:33:47.486  INFO 4460 --- [    Test worker] p6spy                                    : #1665380027486 | took 0ms | statement | connection 27| url jdbc:h2:mem:ad3a9e80-f26d-4a3e-9691-17f803db5723
call next value for hibernate_sequence
call next value for hibernate_sequence;
2022-10-10 14:33:47.486  INFO 4460 --- [    Test worker] p6spy                                    : #1665380027486 | took 0ms | statement | connection 27| url jdbc:h2:mem:ad3a9e80-f26d-4a3e-9691-17f803db5723
call next value for hibernate_sequence
call next value for hibernate_sequence;
2022-10-10 14:33:47.486  INFO 4460 --- [    Test worker] p6spy                                    : #1665380027486 | took 0ms | statement | connection 27| url jdbc:h2:mem:ad3a9e80-f26d-4a3e-9691-17f803db5723
call next value for hibernate_sequence
call next value for hibernate_sequence;
2022-10-10 14:33:47.486  INFO 4460 --- [    Test worker] p6spy                                    : #1665380027486 | took 0ms | statement | connection 27| url jdbc:h2:mem:ad3a9e80-f26d-4a3e-9691-17f803db5723
call next value for hibernate_sequence
call next value for hibernate_sequence;
2022-10-10 14:33:47.486  INFO 4460 --- [    Test worker] c.j.r.FavoriteSpotQueryRepositoryTest    : favoriteSpot = FavoriteSpot(id=570, count=0)
2022-10-10 14:33:47.486  INFO 4460 --- [    Test worker] c.j.r.FavoriteSpotQueryRepositoryTest    : Spot = capstone.jejuTourrecommend.domain.Spot@4a694e4c
2022-10-10 14:33:47.486  INFO 4460 --- [    Test worker] p6spy                                    : #1665380027486 | took 0ms | statement | connection 27| url jdbc:h2:mem:ad3a9e80-f26d-4a3e-9691-17f803db5723
call next value for hibernate_sequence
call next value for hibernate_sequence;
2022-10-10 14:33:47.486  INFO 4460 --- [    Test worker] p6spy                                    : #1665380027486 | took 0ms | statement | connection 27| url jdbc:h2:mem:ad3a9e80-f26d-4a3e-9691-17f803db5723
call next value for hibernate_sequence
call next value for hibernate_sequence;
2022-10-10 14:33:47.486  INFO 4460 --- [    Test worker] p6spy                                    : #1665380027486 | took 0ms | statement | connection 27| url jdbc:h2:mem:ad3a9e80-f26d-4a3e-9691-17f803db5723
call next value for hibernate_sequence
call next value for hibernate_sequence;
2022-10-10 14:33:47.486  INFO 4460 --- [    Test worker] p6spy                                    : #1665380027486 | took 0ms | statement | connection 27| url jdbc:h2:mem:ad3a9e80-f26d-4a3e-9691-17f803db5723
call next value for hibernate_sequence
call next value for hibernate_sequence;
2022-10-10 14:33:47.486  INFO 4460 --- [    Test worker] p6spy                                    : #1665380027486 | took 0ms | statement | connection 27| url jdbc:h2:mem:ad3a9e80-f26d-4a3e-9691-17f803db5723
call next value for hibernate_sequence
call next value for hibernate_sequence;
2022-10-10 14:33:47.486  INFO 4460 --- [    Test worker] p6spy                                    : #1665380027486 | took 0ms | statement | connection 27| url jdbc:h2:mem:ad3a9e80-f26d-4a3e-9691-17f803db5723
call next value for hibernate_sequence
call next value for hibernate_sequence;
2022-10-10 14:33:47.486  INFO 4460 --- [    Test worker] p6spy                                    : #1665380027486 | took 0ms | statement | connection 27| url jdbc:h2:mem:ad3a9e80-f26d-4a3e-9691-17f803db5723
call next value for hibernate_sequence
call next value for hibernate_sequence;
2022-10-10 14:33:47.486  INFO 4460 --- [    Test worker] p6spy                                    : #1665380027486 | took 0ms | statement | connection 27| url jdbc:h2:mem:ad3a9e80-f26d-4a3e-9691-17f803db5723
call next value for hibernate_sequence
call next value for hibernate_sequence;
2022-10-10 14:33:47.486  INFO 4460 --- [    Test worker] c.j.r.FavoriteSpotQueryRepositoryTest    : favoriteSpot = FavoriteSpot(id=571, count=0)
2022-10-10 14:33:47.486  INFO 4460 --- [    Test worker] c.j.r.FavoriteSpotQueryRepositoryTest    : Spot = capstone.jejuTourrecommend.domain.Spot@5cd475ae
2022-10-10 14:33:47.486  INFO 4460 --- [    Test worker] p6spy                                    : #1665380027486 | took 0ms | statement | connection 27| url jdbc:h2:mem:ad3a9e80-f26d-4a3e-9691-17f803db5723
call next value for hibernate_sequence
call next value for hibernate_sequence;
2022-10-10 14:33:47.486  INFO 4460 --- [    Test worker] p6spy                                    : #1665380027486 | took 0ms | statement | connection 27| url jdbc:h2:mem:ad3a9e80-f26d-4a3e-9691-17f803db5723
call next value for hibernate_sequence
call next value for hibernate_sequence;
2022-10-10 14:33:47.486  INFO 4460 --- [    Test worker] p6spy                                    : #1665380027486 | took 0ms | statement | connection 27| url jdbc:h2:mem:ad3a9e80-f26d-4a3e-9691-17f803db5723
call next value for hibernate_sequence
call next value for hibernate_sequence;
2022-10-10 14:33:47.486  INFO 4460 --- [    Test worker] p6spy                                    : #1665380027486 | took 0ms | statement | connection 27| url jdbc:h2:mem:ad3a9e80-f26d-4a3e-9691-17f803db5723
call next value for hibernate_sequence
call next value for hibernate_sequence;
2022-10-10 14:33:47.486  INFO 4460 --- [    Test worker] p6spy                                    : #1665380027486 | took 0ms | statement | connection 27| url jdbc:h2:mem:ad3a9e80-f26d-4a3e-9691-17f803db5723
call next value for hibernate_sequence
call next value for hibernate_sequence;
2022-10-10 14:33:47.486  INFO 4460 --- [    Test worker] p6spy                                    : #1665380027486 | took 0ms | statement | connection 27| url jdbc:h2:mem:ad3a9e80-f26d-4a3e-9691-17f803db5723
call next value for hibernate_sequence
call next value for hibernate_sequence;
2022-10-10 14:33:47.486  INFO 4460 --- [    Test worker] p6spy                                    : #1665380027486 | took 0ms | statement | connection 27| url jdbc:h2:mem:ad3a9e80-f26d-4a3e-9691-17f803db5723
call next value for hibernate_sequence
call next value for hibernate_sequence;
2022-10-10 14:33:47.487  INFO 4460 --- [    Test worker] p6spy                                    : #1665380027487 | took 0ms | statement | connection 27| url jdbc:h2:mem:ad3a9e80-f26d-4a3e-9691-17f803db5723
call next value for hibernate_sequence
call next value for hibernate_sequence;
2022-10-10 14:33:47.487  INFO 4460 --- [    Test worker] c.j.r.FavoriteSpotQueryRepositoryTest    : favoriteSpot = FavoriteSpot(id=572, count=0)
2022-10-10 14:33:47.487  INFO 4460 --- [    Test worker] c.j.r.FavoriteSpotQueryRepositoryTest    : Spot = capstone.jejuTourrecommend.domain.Spot@566e5161
2022-10-10 14:33:47.487  INFO 4460 --- [    Test worker] p6spy                                    : #1665380027487 | took 0ms | statement | connection 27| url jdbc:h2:mem:ad3a9e80-f26d-4a3e-9691-17f803db5723
call next value for hibernate_sequence
call next value for hibernate_sequence;
2022-10-10 14:33:47.487  INFO 4460 --- [    Test worker] p6spy                                    : #1665380027487 | took 0ms | statement | connection 27| url jdbc:h2:mem:ad3a9e80-f26d-4a3e-9691-17f803db5723
call next value for hibernate_sequence
call next value for hibernate_sequence;
2022-10-10 14:33:47.487  INFO 4460 --- [    Test worker] p6spy                                    : #1665380027487 | took 0ms | statement | connection 27| url jdbc:h2:mem:ad3a9e80-f26d-4a3e-9691-17f803db5723
call next value for hibernate_sequence
call next value for hibernate_sequence;
2022-10-10 14:33:47.487  INFO 4460 --- [    Test worker] p6spy                                    : #1665380027487 | took 0ms | statement | connection 27| url jdbc:h2:mem:ad3a9e80-f26d-4a3e-9691-17f803db5723
call next value for hibernate_sequence
call next value for hibernate_sequence;
2022-10-10 14:33:47.487  INFO 4460 --- [    Test worker] p6spy                                    : #1665380027487 | took 0ms | statement | connection 27| url jdbc:h2:mem:ad3a9e80-f26d-4a3e-9691-17f803db5723
call next value for hibernate_sequence
call next value for hibernate_sequence;
2022-10-10 14:33:47.487  INFO 4460 --- [    Test worker] p6spy                                    : #1665380027487 | took 0ms | statement | connection 27| url jdbc:h2:mem:ad3a9e80-f26d-4a3e-9691-17f803db5723
call next value for hibernate_sequence
call next value for hibernate_sequence;
2022-10-10 14:33:47.487  INFO 4460 --- [    Test worker] p6spy                                    : #1665380027487 | took 0ms | statement | connection 27| url jdbc:h2:mem:ad3a9e80-f26d-4a3e-9691-17f803db5723
call next value for hibernate_sequence
call next value for hibernate_sequence;
2022-10-10 14:33:47.487  INFO 4460 --- [    Test worker] p6spy                                    : #1665380027487 | took 0ms | statement | connection 27| url jdbc:h2:mem:ad3a9e80-f26d-4a3e-9691-17f803db5723
call next value for hibernate_sequence
call next value for hibernate_sequence;
2022-10-10 14:33:47.487  INFO 4460 --- [    Test worker] c.j.r.FavoriteSpotQueryRepositoryTest    : favoriteSpot = FavoriteSpot(id=573, count=0)
2022-10-10 14:33:47.487  INFO 4460 --- [    Test worker] c.j.r.FavoriteSpotQueryRepositoryTest    : Spot = capstone.jejuTourrecommend.domain.Spot@6952a384
2022-10-10 14:33:47.487  INFO 4460 --- [    Test worker] p6spy                                    : #1665380027487 | took 0ms | statement | connection 27| url jdbc:h2:mem:ad3a9e80-f26d-4a3e-9691-17f803db5723
call next value for hibernate_sequence
call next value for hibernate_sequence;
2022-10-10 14:33:47.487  INFO 4460 --- [    Test worker] p6spy                                    : #1665380027487 | took 0ms | statement | connection 27| url jdbc:h2:mem:ad3a9e80-f26d-4a3e-9691-17f803db5723
call next value for hibernate_sequence
call next value for hibernate_sequence;
2022-10-10 14:33:47.487  INFO 4460 --- [    Test worker] p6spy                                    : #1665380027487 | took 0ms | statement | connection 27| url jdbc:h2:mem:ad3a9e80-f26d-4a3e-9691-17f803db5723
call next value for hibernate_sequence
call next value for hibernate_sequence;
2022-10-10 14:33:47.487  INFO 4460 --- [    Test worker] p6spy                                    : #1665380027487 | took 0ms | statement | connection 27| url jdbc:h2:mem:ad3a9e80-f26d-4a3e-9691-17f803db5723
call next value for hibernate_sequence
call next value for hibernate_sequence;
2022-10-10 14:33:47.487  INFO 4460 --- [    Test worker] p6spy                                    : #1665380027487 | took 0ms | statement | connection 27| url jdbc:h2:mem:ad3a9e80-f26d-4a3e-9691-17f803db5723
call next value for hibernate_sequence
call next value for hibernate_sequence;
2022-10-10 14:33:47.487  INFO 4460 --- [    Test worker] p6spy                                    : #1665380027487 | took 0ms | statement | connection 27| url jdbc:h2:mem:ad3a9e80-f26d-4a3e-9691-17f803db5723
call next value for hibernate_sequence
call next value for hibernate_sequence;
2022-10-10 14:33:47.487  INFO 4460 --- [    Test worker] p6spy                                    : #1665380027487 | took 0ms | statement | connection 27| url jdbc:h2:mem:ad3a9e80-f26d-4a3e-9691-17f803db5723
call next value for hibernate_sequence
call next value for hibernate_sequence;
2022-10-10 14:33:47.487  INFO 4460 --- [    Test worker] p6spy                                    : #1665380027487 | took 0ms | statement | connection 27| url jdbc:h2:mem:ad3a9e80-f26d-4a3e-9691-17f803db5723
call next value for hibernate_sequence
call next value for hibernate_sequence;
2022-10-10 14:33:47.487  INFO 4460 --- [    Test worker] c.j.r.FavoriteSpotQueryRepositoryTest    : favoriteSpot = FavoriteSpot(id=574, count=0)
2022-10-10 14:33:47.487  INFO 4460 --- [    Test worker] c.j.r.FavoriteSpotQueryRepositoryTest    : Spot = capstone.jejuTourrecommend.domain.Spot@3d62a55e
2022-10-10 14:33:47.487  INFO 4460 --- [    Test worker] p6spy                                    : #1665380027487 | took 0ms | statement | connection 27| url jdbc:h2:mem:ad3a9e80-f26d-4a3e-9691-17f803db5723
call next value for hibernate_sequence
call next value for hibernate_sequence;
2022-10-10 14:33:47.487  INFO 4460 --- [    Test worker] p6spy                                    : #1665380027487 | took 0ms | statement | connection 27| url jdbc:h2:mem:ad3a9e80-f26d-4a3e-9691-17f803db5723
call next value for hibernate_sequence
call next value for hibernate_sequence;
2022-10-10 14:33:47.487  INFO 4460 --- [    Test worker] p6spy                                    : #1665380027487 | took 0ms | statement | connection 27| url jdbc:h2:mem:ad3a9e80-f26d-4a3e-9691-17f803db5723
call next value for hibernate_sequence
call next value for hibernate_sequence;
2022-10-10 14:33:47.487  INFO 4460 --- [    Test worker] p6spy                                    : #1665380027487 | took 0ms | statement | connection 27| url jdbc:h2:mem:ad3a9e80-f26d-4a3e-9691-17f803db5723
call next value for hibernate_sequence
call next value for hibernate_sequence;
2022-10-10 14:33:47.487  INFO 4460 --- [    Test worker] p6spy                                    : #1665380027487 | took 0ms | statement | connection 27| url jdbc:h2:mem:ad3a9e80-f26d-4a3e-9691-17f803db5723
call next value for hibernate_sequence
call next value for hibernate_sequence;
2022-10-10 14:33:47.487  INFO 4460 --- [    Test worker] p6spy                                    : #1665380027487 | took 0ms | statement | connection 27| url jdbc:h2:mem:ad3a9e80-f26d-4a3e-9691-17f803db5723
call next value for hibernate_sequence
call next value for hibernate_sequence;
2022-10-10 14:33:47.487  INFO 4460 --- [    Test worker] p6spy                                    : #1665380027487 | took 0ms | statement | connection 27| url jdbc:h2:mem:ad3a9e80-f26d-4a3e-9691-17f803db5723
call next value for hibernate_sequence
call next value for hibernate_sequence;
2022-10-10 14:33:47.487  INFO 4460 --- [    Test worker] p6spy                                    : #1665380027487 | took 0ms | statement | connection 27| url jdbc:h2:mem:ad3a9e80-f26d-4a3e-9691-17f803db5723
call next value for hibernate_sequence
call next value for hibernate_sequence;
2022-10-10 14:33:47.487  INFO 4460 --- [    Test worker] c.j.r.FavoriteSpotQueryRepositoryTest    : favoriteSpot = FavoriteSpot(id=575, count=0)
2022-10-10 14:33:47.487  INFO 4460 --- [    Test worker] c.j.r.FavoriteSpotQueryRepositoryTest    : Spot = capstone.jejuTourrecommend.domain.Spot@544c05ba
2022-10-10 14:33:47.487  INFO 4460 --- [    Test worker] p6spy                                    : #1665380027487 | took 0ms | statement | connection 27| url jdbc:h2:mem:ad3a9e80-f26d-4a3e-9691-17f803db5723
call next value for hibernate_sequence
call next value for hibernate_sequence;
2022-10-10 14:33:47.487  INFO 4460 --- [    Test worker] p6spy                                    : #1665380027487 | took 0ms | statement | connection 27| url jdbc:h2:mem:ad3a9e80-f26d-4a3e-9691-17f803db5723
call next value for hibernate_sequence
call next value for hibernate_sequence;
2022-10-10 14:33:47.487  INFO 4460 --- [    Test worker] p6spy                                    : #1665380027487 | took 0ms | statement | connection 27| url jdbc:h2:mem:ad3a9e80-f26d-4a3e-9691-17f803db5723
call next value for hibernate_sequence
call next value for hibernate_sequence;
2022-10-10 14:33:47.488  INFO 4460 --- [    Test worker] p6spy                                    : #1665380027488 | took 0ms | statement | connection 27| url jdbc:h2:mem:ad3a9e80-f26d-4a3e-9691-17f803db5723
call next value for hibernate_sequence
call next value for hibernate_sequence;
2022-10-10 14:33:47.488  INFO 4460 --- [    Test worker] p6spy                                    : #1665380027488 | took 0ms | statement | connection 27| url jdbc:h2:mem:ad3a9e80-f26d-4a3e-9691-17f803db5723
call next value for review_seq
call next value for review_seq;
2022-10-10 14:33:47.488  INFO 4460 --- [    Test worker] p6spy                                    : #1665380027488 | took 0ms | statement | connection 27| url jdbc:h2:mem:ad3a9e80-f26d-4a3e-9691-17f803db5723
call next value for hibernate_sequence
call next value for hibernate_sequence;
2022-10-10 14:33:47.488  INFO 4460 --- [    Test worker] p6spy                                    : #1665380027488 | took 0ms | statement | connection 27| url jdbc:h2:mem:ad3a9e80-f26d-4a3e-9691-17f803db5723
call next value for hibernate_sequence
call next value for hibernate_sequence;
2022-10-10 14:33:47.488  INFO 4460 --- [    Test worker] p6spy                                    : #1665380027488 | took 0ms | statement | connection 27| url jdbc:h2:mem:ad3a9e80-f26d-4a3e-9691-17f803db5723
call next value for hibernate_sequence
call next value for hibernate_sequence;
2022-10-10 14:33:47.488  INFO 4460 --- [    Test worker] p6spy                                    : #1665380027488 | took 0ms | statement | connection 27| url jdbc:h2:mem:ad3a9e80-f26d-4a3e-9691-17f803db5723
call next value for hibernate_sequence
call next value for hibernate_sequence;
2022-10-10 14:33:47.488  INFO 4460 --- [    Test worker] c.j.r.FavoriteSpotQueryRepositoryTest    : favoriteSpot = FavoriteSpot(id=576, count=0)
2022-10-10 14:33:47.488  INFO 4460 --- [    Test worker] c.j.r.FavoriteSpotQueryRepositoryTest    : Spot = capstone.jejuTourrecommend.domain.Spot@14494229
2022-10-10 14:33:47.488  INFO 4460 --- [    Test worker] p6spy                                    : #1665380027488 | took 0ms | statement | connection 27| url jdbc:h2:mem:ad3a9e80-f26d-4a3e-9691-17f803db5723
call next value for score_seq
call next value for score_seq;
2022-10-10 14:33:47.488  INFO 4460 --- [    Test worker] p6spy                                    : #1665380027488 | took 0ms | statement | connection 27| url jdbc:h2:mem:ad3a9e80-f26d-4a3e-9691-17f803db5723
call next value for hibernate_sequence
call next value for hibernate_sequence;
2022-10-10 14:33:47.488  INFO 4460 --- [    Test worker] p6spy                                    : #1665380027488 | took 0ms | statement | connection 27| url jdbc:h2:mem:ad3a9e80-f26d-4a3e-9691-17f803db5723
call next value for hibernate_sequence
call next value for hibernate_sequence;
2022-10-10 14:33:47.488  INFO 4460 --- [    Test worker] p6spy                                    : #1665380027488 | took 0ms | statement | connection 27| url jdbc:h2:mem:ad3a9e80-f26d-4a3e-9691-17f803db5723
call next value for hibernate_sequence
call next value for hibernate_sequence;
2022-10-10 14:33:47.488  INFO 4460 --- [    Test worker] p6spy                                    : #1665380027488 | took 0ms | statement | connection 27| url jdbc:h2:mem:ad3a9e80-f26d-4a3e-9691-17f803db5723
call next value for hibernate_sequence
call next value for hibernate_sequence;
2022-10-10 14:33:47.490  INFO 4460 --- [    Test worker] p6spy                                    : #1665380027490 | took 0ms | statement | connection 27| url jdbc:h2:mem:ad3a9e80-f26d-4a3e-9691-17f803db5723
insert into member (created_date, last_modified_date, created_by, last_modified_by, email, password, refresh_token, role, username, member_id) values (?, ?, ?, ?, ?, ?, ?, ?, ?, ?)
insert into member (created_date, last_modified_date, created_by, last_modified_by, email, password, refresh_token, role, username, member_id) values ('2022-10-10T14:33:47.474+0900', '2022-10-10T14:33:47.474+0900', '26a8cb79-ac8e-49f5-bec9-980db30f3d20', '26a8cb79-ac8e-49f5-bec9-980db30f3d20', 'member1@gmail.com', '1234', NULL, NULL, 'member1', 22);
2022-10-10 14:33:47.491  INFO 4460 --- [    Test worker] p6spy                                    : #1665380027491 | took 0ms | statement | connection 27| url jdbc:h2:mem:ad3a9e80-f26d-4a3e-9691-17f803db5723
insert into member (created_date, last_modified_date, created_by, last_modified_by, email, password, refresh_token, role, username, member_id) values (?, ?, ?, ?, ?, ?, ?, ?, ?, ?)
insert into member (created_date, last_modified_date, created_by, last_modified_by, email, password, refresh_token, role, username, member_id) values ('2022-10-10T14:33:47.474+0900', '2022-10-10T14:33:47.474+0900', 'da6de2d4-471d-4a72-9ebe-0e26a1620834', 'da6de2d4-471d-4a72-9ebe-0e26a1620834', 'member2@naver.com', '2345', NULL, NULL, 'member2', 23);
2022-10-10 14:33:47.491  INFO 4460 --- [    Test worker] p6spy                                    : #1665380027491 | took 0ms | statement | connection 27| url jdbc:h2:mem:ad3a9e80-f26d-4a3e-9691-17f803db5723
insert into favorite (member_id, name, favorite_id) values (?, ?, ?)
insert into favorite (member_id, name, favorite_id) values (22, '1일차', 42);
2022-10-10 14:33:47.491  INFO 4460 --- [    Test worker] p6spy                                    : #1665380027491 | took 0ms | statement | connection 27| url jdbc:h2:mem:ad3a9e80-f26d-4a3e-9691-17f803db5723
insert into score (facility_rank, facility_score, price_rank, price_score, rank_average, surround_rank, surround_score, view_rank, view_score, score_id) values (?, ?, ?, ?, ?, ?, ?, ?, ?, ?)
insert into score (facility_rank, facility_score, price_rank, price_score, rank_average, surround_rank, surround_score, view_rank, view_score, score_id) values (8.538761494658685, 1.3628378679200626, 8.817566949199168, 1.7974951225377978, 0.722761031450363, 5.247853523213745, 6.099719977639484, 3.5571098276870536, 0.814315631249618, 703);
2022-10-10 14:33:47.491  INFO 4460 --- [    Test worker] p6spy                                    : #1665380027491 | took 0ms | statement | connection 27| url jdbc:h2:mem:ad3a9e80-f26d-4a3e-9691-17f803db5723
insert into picture (spot_id, url, picture_id) values (?, ?, ?)
insert into picture (spot_id, url, picture_id) values (NULL, 'java.io.StringReader@6e0bf5ce', 2865);
2022-10-10 14:33:47.491  INFO 4460 --- [    Test worker] p6spy                                    : #1665380027491 | took 0ms | statement | connection 27| url jdbc:h2:mem:ad3a9e80-f26d-4a3e-9691-17f803db5723
insert into picture (spot_id, url, picture_id) values (?, ?, ?)
insert into picture (spot_id, url, picture_id) values (NULL, 'java.io.StringReader@6e6e033e', 2866);
2022-10-10 14:33:47.491  INFO 4460 --- [    Test worker] p6spy                                    : #1665380027491 | took 0ms | statement | connection 27| url jdbc:h2:mem:ad3a9e80-f26d-4a3e-9691-17f803db5723
insert into picture (spot_id, url, picture_id) values (?, ?, ?)
insert into picture (spot_id, url, picture_id) values (NULL, 'java.io.StringReader@56a217e', 2867);
2022-10-10 14:33:47.491  INFO 4460 --- [    Test worker] p6spy                                    : #1665380027491 | took 0ms | statement | connection 27| url jdbc:h2:mem:ad3a9e80-f26d-4a3e-9691-17f803db5723
insert into spot (address, description, location, name, score_id, spot_id) values (?, ?, ?, ?, ?, ?)
insert into spot (address, description, location, name, score_id, spot_id) values (NULL, NULL, 'Aewol_eup', NULL, 703, 769);
2022-10-10 14:33:47.491  INFO 4460 --- [    Test worker] p6spy                                    : #1665380027491 | took 0ms | statement | connection 27| url jdbc:h2:mem:ad3a9e80-f26d-4a3e-9691-17f803db5723
insert into member_spot (member_id, score, spot_id, member_spot_id) values (?, ?, ?, ?)
insert into member_spot (member_id, score, spot_id, member_spot_id) values (23, 0.0, 769, 2868);
2022-10-10 14:33:47.491  INFO 4460 --- [    Test worker] p6spy                                    : #1665380027491 | took 0ms | statement | connection 27| url jdbc:h2:mem:ad3a9e80-f26d-4a3e-9691-17f803db5723
insert into review (content, spot_id, review_id) values (?, ?, ?)
insert into review (content, spot_id, review_id) values ('java.io.StringReader@74cadf49', 769, 705);
2022-10-10 14:33:47.491  INFO 4460 --- [    Test worker] p6spy                                    : #1665380027491 | took 0ms | statement | connection 27| url jdbc:h2:mem:ad3a9e80-f26d-4a3e-9691-17f803db5723
insert into favorite_spot (count, favorite_id, spot_id, favorite_spot_id) values (?, ?, ?, ?)
insert into favorite_spot (count, favorite_id, spot_id, favorite_spot_id) values (0, 42, 769, 527);
2022-10-10 14:33:47.491  INFO 4460 --- [    Test worker] p6spy                                    : #1665380027491 | took 0ms | statement | connection 27| url jdbc:h2:mem:ad3a9e80-f26d-4a3e-9691-17f803db5723
insert into score (facility_rank, facility_score, price_rank, price_score, rank_average, surround_rank, surround_score, view_rank, view_score, score_id) values (?, ?, ?, ?, ?, ?, ?, ?, ?, ?)
insert into score (facility_rank, facility_score, price_rank, price_score, rank_average, surround_rank, surround_score, view_rank, view_score, score_id) values (8.54903905291101, 3.4726902422049424, 8.595920895370547, 0.6931165738101885, 4.738488862399123, 9.01771992359008, 9.988524826671297, 4.384822220580259, 2.1585672721000373, 704);
2022-10-10 14:33:47.491  INFO 4460 --- [    Test worker] p6spy                                    : #1665380027491 | took 0ms | statement | connection 27| url jdbc:h2:mem:ad3a9e80-f26d-4a3e-9691-17f803db5723
insert into picture (spot_id, url, picture_id) values (?, ?, ?)
insert into picture (spot_id, url, picture_id) values (NULL, 'java.io.StringReader@322a5905', 2869);
2022-10-10 14:33:47.491  INFO 4460 --- [    Test worker] p6spy                                    : #1665380027491 | took 0ms | statement | connection 27| url jdbc:h2:mem:ad3a9e80-f26d-4a3e-9691-17f803db5723
insert into picture (spot_id, url, picture_id) values (?, ?, ?)
insert into picture (spot_id, url, picture_id) values (NULL, 'java.io.StringReader@214f4230', 2870);
2022-10-10 14:33:47.491  INFO 4460 --- [    Test worker] p6spy                                    : #1665380027491 | took 0ms | statement | connection 27| url jdbc:h2:mem:ad3a9e80-f26d-4a3e-9691-17f803db5723
insert into picture (spot_id, url, picture_id) values (?, ?, ?)
insert into picture (spot_id, url, picture_id) values (NULL, 'java.io.StringReader@5cbb3ed7', 2871);
2022-10-10 14:33:47.491  INFO 4460 --- [    Test worker] p6spy                                    : #1665380027491 | took 0ms | statement | connection 27| url jdbc:h2:mem:ad3a9e80-f26d-4a3e-9691-17f803db5723
insert into spot (address, description, location, name, score_id, spot_id) values (?, ?, ?, ?, ?, ?)
insert into spot (address, description, location, name, score_id, spot_id) values (NULL, NULL, 'Aewol_eup', NULL, 704, 770);
2022-10-10 14:33:47.491  INFO 4460 --- [    Test worker] p6spy                                    : #1665380027491 | took 0ms | statement | connection 27| url jdbc:h2:mem:ad3a9e80-f26d-4a3e-9691-17f803db5723
insert into member_spot (member_id, score, spot_id, member_spot_id) values (?, ?, ?, ?)
insert into member_spot (member_id, score, spot_id, member_spot_id) values (23, 0.0, 770, 2872);
2022-10-10 14:33:47.491  INFO 4460 --- [    Test worker] p6spy                                    : #1665380027491 | took 0ms | statement | connection 27| url jdbc:h2:mem:ad3a9e80-f26d-4a3e-9691-17f803db5723
insert into review (content, spot_id, review_id) values (?, ?, ?)
insert into review (content, spot_id, review_id) values ('java.io.StringReader@2d4b35a3', 769, 706);
2022-10-10 14:33:47.491  INFO 4460 --- [    Test worker] p6spy                                    : #1665380027491 | took 0ms | statement | connection 27| url jdbc:h2:mem:ad3a9e80-f26d-4a3e-9691-17f803db5723
insert into score (facility_rank, facility_score, price_rank, price_score, rank_average, surround_rank, surround_score, view_rank, view_score, score_id) values (?, ?, ?, ?, ?, ?, ?, ?, ?, ?)
insert into score (facility_rank, facility_score, price_rank, price_score, rank_average, surround_rank, surround_score, view_rank, view_score, score_id) values (1.7758412714504823, 7.460270529087177, 3.4482657911518944, 5.5166835325321975, 8.271985096213129, 7.808245403062582, 2.215888801950383, 9.711198838430906, 3.408709545875055, 705);
2022-10-10 14:33:47.491  INFO 4460 --- [    Test worker] p6spy                                    : #1665380027491 | took 0ms | statement | connection 27| url jdbc:h2:mem:ad3a9e80-f26d-4a3e-9691-17f803db5723
insert into picture (spot_id, url, picture_id) values (?, ?, ?)
insert into picture (spot_id, url, picture_id) values (NULL, 'java.io.StringReader@5cb3bd35', 2873);
2022-10-10 14:33:47.491  INFO 4460 --- [    Test worker] p6spy                                    : #1665380027491 | took 0ms | statement | connection 27| url jdbc:h2:mem:ad3a9e80-f26d-4a3e-9691-17f803db5723
insert into picture (spot_id, url, picture_id) values (?, ?, ?)
insert into picture (spot_id, url, picture_id) values (NULL, 'java.io.StringReader@196f563c', 2874);
2022-10-10 14:33:47.491  INFO 4460 --- [    Test worker] p6spy                                    : #1665380027491 | took 0ms | statement | connection 27| url jdbc:h2:mem:ad3a9e80-f26d-4a3e-9691-17f803db5723
insert into picture (spot_id, url, picture_id) values (?, ?, ?)
insert into picture (spot_id, url, picture_id) values (NULL, 'java.io.StringReader@64c1ff9b', 2875);
2022-10-10 14:33:47.491  INFO 4460 --- [    Test worker] p6spy                                    : #1665380027491 | took 0ms | statement | connection 27| url jdbc:h2:mem:ad3a9e80-f26d-4a3e-9691-17f803db5723
insert into spot (address, description, location, name, score_id, spot_id) values (?, ?, ?, ?, ?, ?)
insert into spot (address, description, location, name, score_id, spot_id) values (NULL, NULL, 'Aewol_eup', NULL, 705, 771);
2022-10-10 14:33:47.491  INFO 4460 --- [    Test worker] p6spy                                    : #1665380027491 | took 0ms | statement | connection 27| url jdbc:h2:mem:ad3a9e80-f26d-4a3e-9691-17f803db5723
insert into member_spot (member_id, score, spot_id, member_spot_id) values (?, ?, ?, ?)
insert into member_spot (member_id, score, spot_id, member_spot_id) values (23, 0.0, 771, 2876);
2022-10-10 14:33:47.491  INFO 4460 --- [    Test worker] p6spy                                    : #1665380027491 | took 0ms | statement | connection 27| url jdbc:h2:mem:ad3a9e80-f26d-4a3e-9691-17f803db5723
insert into review (content, spot_id, review_id) values (?, ?, ?)
insert into review (content, spot_id, review_id) values ('java.io.StringReader@5362833d', 769, 707);
2022-10-10 14:33:47.491  INFO 4460 --- [    Test worker] p6spy                                    : #1665380027491 | took 0ms | statement | connection 27| url jdbc:h2:mem:ad3a9e80-f26d-4a3e-9691-17f803db5723
insert into favorite_spot (count, favorite_id, spot_id, favorite_spot_id) values (?, ?, ?, ?)
insert into favorite_spot (count, favorite_id, spot_id, favorite_spot_id) values (0, 42, 771, 528);
2022-10-10 14:33:47.491  INFO 4460 --- [    Test worker] p6spy                                    : #1665380027491 | took 0ms | statement | connection 27| url jdbc:h2:mem:ad3a9e80-f26d-4a3e-9691-17f803db5723
insert into score (facility_rank, facility_score, price_rank, price_score, rank_average, surround_rank, surround_score, view_rank, view_score, score_id) values (?, ?, ?, ?, ?, ?, ?, ?, ?, ?)
insert into score (facility_rank, facility_score, price_rank, price_score, rank_average, surround_rank, surround_score, view_rank, view_score, score_id) values (4.634716590248571, 0.2654393886398032, 8.459679109922552, 0.42776718311120954, 9.606242644448978, 2.9281074677980445, 8.791238962606897, 8.739534823211144, 7.018243677242849, 706);
2022-10-10 14:33:47.491  INFO 4460 --- [    Test worker] p6spy                                    : #1665380027491 | took 0ms | statement | connection 27| url jdbc:h2:mem:ad3a9e80-f26d-4a3e-9691-17f803db5723
insert into picture (spot_id, url, picture_id) values (?, ?, ?)
insert into picture (spot_id, url, picture_id) values (NULL, 'java.io.StringReader@4185a707', 2877);
2022-10-10 14:33:47.491  INFO 4460 --- [    Test worker] p6spy                                    : #1665380027491 | took 0ms | statement | connection 27| url jdbc:h2:mem:ad3a9e80-f26d-4a3e-9691-17f803db5723
insert into picture (spot_id, url, picture_id) values (?, ?, ?)
insert into picture (spot_id, url, picture_id) values (NULL, 'java.io.StringReader@e7be12f', 2878);
2022-10-10 14:33:47.491  INFO 4460 --- [    Test worker] p6spy                                    : #1665380027491 | took 0ms | statement | connection 27| url jdbc:h2:mem:ad3a9e80-f26d-4a3e-9691-17f803db5723
insert into picture (spot_id, url, picture_id) values (?, ?, ?)
insert into picture (spot_id, url, picture_id) values (NULL, 'java.io.StringReader@121d040', 2879);
2022-10-10 14:33:47.491  INFO 4460 --- [    Test worker] p6spy                                    : #1665380027491 | took 0ms | statement | connection 27| url jdbc:h2:mem:ad3a9e80-f26d-4a3e-9691-17f803db5723
insert into spot (address, description, location, name, score_id, spot_id) values (?, ?, ?, ?, ?, ?)
insert into spot (address, description, location, name, score_id, spot_id) values (NULL, NULL, 'Aewol_eup', NULL, 706, 772);
2022-10-10 14:33:47.491  INFO 4460 --- [    Test worker] p6spy                                    : #1665380027491 | took 0ms | statement | connection 27| url jdbc:h2:mem:ad3a9e80-f26d-4a3e-9691-17f803db5723
insert into member_spot (member_id, score, spot_id, member_spot_id) values (?, ?, ?, ?)
insert into member_spot (member_id, score, spot_id, member_spot_id) values (23, 0.0, 772, 2880);
2022-10-10 14:33:47.492  INFO 4460 --- [    Test worker] p6spy                                    : #1665380027492 | took 0ms | statement | connection 27| url jdbc:h2:mem:ad3a9e80-f26d-4a3e-9691-17f803db5723
insert into review (content, spot_id, review_id) values (?, ?, ?)
insert into review (content, spot_id, review_id) values ('java.io.StringReader@5ae3ee58', 769, 708);
2022-10-10 14:33:47.492  INFO 4460 --- [    Test worker] p6spy                                    : #1665380027492 | took 0ms | statement | connection 27| url jdbc:h2:mem:ad3a9e80-f26d-4a3e-9691-17f803db5723
insert into score (facility_rank, facility_score, price_rank, price_score, rank_average, surround_rank, surround_score, view_rank, view_score, score_id) values (?, ?, ?, ?, ?, ?, ?, ?, ?, ?)
insert into score (facility_rank, facility_score, price_rank, price_score, rank_average, surround_rank, surround_score, view_rank, view_score, score_id) values (7.007079793440098, 8.68703311600369, 2.200882247944306, 7.037889527396315, 7.6079107339671435, 2.7858159483004585, 5.829605523368762, 7.431365762262735, 3.658990656612727, 707);
2022-10-10 14:33:47.492  INFO 4460 --- [    Test worker] p6spy                                    : #1665380027492 | took 0ms | statement | connection 27| url jdbc:h2:mem:ad3a9e80-f26d-4a3e-9691-17f803db5723
insert into picture (spot_id, url, picture_id) values (?, ?, ?)
insert into picture (spot_id, url, picture_id) values (NULL, 'java.io.StringReader@9c91021', 2881);
2022-10-10 14:33:47.492  INFO 4460 --- [    Test worker] p6spy                                    : #1665380027492 | took 0ms | statement | connection 27| url jdbc:h2:mem:ad3a9e80-f26d-4a3e-9691-17f803db5723
insert into picture (spot_id, url, picture_id) values (?, ?, ?)
insert into picture (spot_id, url, picture_id) values (NULL, 'java.io.StringReader@4721b3b1', 2882);
2022-10-10 14:33:47.492  INFO 4460 --- [    Test worker] p6spy                                    : #1665380027492 | took 0ms | statement | connection 27| url jdbc:h2:mem:ad3a9e80-f26d-4a3e-9691-17f803db5723
insert into picture (spot_id, url, picture_id) values (?, ?, ?)
insert into picture (spot_id, url, picture_id) values (NULL, 'java.io.StringReader@60fa1436', 2883);
2022-10-10 14:33:47.492  INFO 4460 --- [    Test worker] p6spy                                    : #1665380027492 | took 0ms | statement | connection 27| url jdbc:h2:mem:ad3a9e80-f26d-4a3e-9691-17f803db5723
insert into spot (address, description, location, name, score_id, spot_id) values (?, ?, ?, ?, ?, ?)
insert into spot (address, description, location, name, score_id, spot_id) values (NULL, NULL, 'Aewol_eup', NULL, 707, 773);
2022-10-10 14:33:47.492  INFO 4460 --- [    Test worker] p6spy                                    : #1665380027492 | took 0ms | statement | connection 27| url jdbc:h2:mem:ad3a9e80-f26d-4a3e-9691-17f803db5723
insert into member_spot (member_id, score, spot_id, member_spot_id) values (?, ?, ?, ?)
insert into member_spot (member_id, score, spot_id, member_spot_id) values (23, 0.0, 773, 2884);
2022-10-10 14:33:47.492  INFO 4460 --- [    Test worker] p6spy                                    : #1665380027492 | took 0ms | statement | connection 27| url jdbc:h2:mem:ad3a9e80-f26d-4a3e-9691-17f803db5723
insert into review (content, spot_id, review_id) values (?, ?, ?)
insert into review (content, spot_id, review_id) values ('java.io.StringReader@6b874ec6', 769, 709);
2022-10-10 14:33:47.492  INFO 4460 --- [    Test worker] p6spy                                    : #1665380027492 | took 0ms | statement | connection 27| url jdbc:h2:mem:ad3a9e80-f26d-4a3e-9691-17f803db5723
insert into favorite_spot (count, favorite_id, spot_id, favorite_spot_id) values (?, ?, ?, ?)
insert into favorite_spot (count, favorite_id, spot_id, favorite_spot_id) values (0, 42, 773, 529);
2022-10-10 14:33:47.492  INFO 4460 --- [    Test worker] p6spy                                    : #1665380027492 | took 0ms | statement | connection 27| url jdbc:h2:mem:ad3a9e80-f26d-4a3e-9691-17f803db5723
insert into score (facility_rank, facility_score, price_rank, price_score, rank_average, surround_rank, surround_score, view_rank, view_score, score_id) values (?, ?, ?, ?, ?, ?, ?, ?, ?, ?)
insert into score (facility_rank, facility_score, price_rank, price_score, rank_average, surround_rank, surround_score, view_rank, view_score, score_id) values (0.4084947217468071, 4.685663661332865, 2.8083432718056045, 2.9173806322738516, 1.1850268516157225, 5.099292880574665, 3.1475182924284884, 0.11119554270754839, 8.427314051277508, 708);
2022-10-10 14:33:47.492  INFO 4460 --- [    Test worker] p6spy                                    : #1665380027492 | took 0ms | statement | connection 27| url jdbc:h2:mem:ad3a9e80-f26d-4a3e-9691-17f803db5723
insert into picture (spot_id, url, picture_id) values (?, ?, ?)
insert into picture (spot_id, url, picture_id) values (NULL, 'java.io.StringReader@707dd12b', 2885);
2022-10-10 14:33:47.492  INFO 4460 --- [    Test worker] p6spy                                    : #1665380027492 | took 0ms | statement | connection 27| url jdbc:h2:mem:ad3a9e80-f26d-4a3e-9691-17f803db5723
insert into picture (spot_id, url, picture_id) values (?, ?, ?)
insert into picture (spot_id, url, picture_id) values (NULL, 'java.io.StringReader@6a140673', 2886);
2022-10-10 14:33:47.492  INFO 4460 --- [    Test worker] p6spy                                    : #1665380027492 | took 0ms | statement | connection 27| url jdbc:h2:mem:ad3a9e80-f26d-4a3e-9691-17f803db5723
insert into picture (spot_id, url, picture_id) values (?, ?, ?)
insert into picture (spot_id, url, picture_id) values (NULL, 'java.io.StringReader@77ba1bb1', 2887);
2022-10-10 14:33:47.492  INFO 4460 --- [    Test worker] p6spy                                    : #1665380027492 | took 0ms | statement | connection 27| url jdbc:h2:mem:ad3a9e80-f26d-4a3e-9691-17f803db5723
insert into spot (address, description, location, name, score_id, spot_id) values (?, ?, ?, ?, ?, ?)
insert into spot (address, description, location, name, score_id, spot_id) values (NULL, NULL, 'Aewol_eup', NULL, 708, 774);
2022-10-10 14:33:47.492  INFO 4460 --- [    Test worker] p6spy                                    : #1665380027492 | took 0ms | statement | connection 27| url jdbc:h2:mem:ad3a9e80-f26d-4a3e-9691-17f803db5723
insert into member_spot (member_id, score, spot_id, member_spot_id) values (?, ?, ?, ?)
insert into member_spot (member_id, score, spot_id, member_spot_id) values (23, 0.0, 774, 2888);
2022-10-10 14:33:47.492  INFO 4460 --- [    Test worker] p6spy                                    : #1665380027492 | took 0ms | statement | connection 27| url jdbc:h2:mem:ad3a9e80-f26d-4a3e-9691-17f803db5723
insert into review (content, spot_id, review_id) values (?, ?, ?)
insert into review (content, spot_id, review_id) values ('java.io.StringReader@18b13c01', 769, 710);
2022-10-10 14:33:47.492  INFO 4460 --- [    Test worker] p6spy                                    : #1665380027492 | took 0ms | statement | connection 27| url jdbc:h2:mem:ad3a9e80-f26d-4a3e-9691-17f803db5723
insert into score (facility_rank, facility_score, price_rank, price_score, rank_average, surround_rank, surround_score, view_rank, view_score, score_id) values (?, ?, ?, ?, ?, ?, ?, ?, ?, ?)
insert into score (facility_rank, facility_score, price_rank, price_score, rank_average, surround_rank, surround_score, view_rank, view_score, score_id) values (5.852165246911235, 5.68685631563233, 3.423224387338294, 5.273917921715081, 2.286451259840944, 6.417156570581111, 1.399921175059482, 0.34432971611412566, 7.581087699969191, 709);
2022-10-10 14:33:47.492  INFO 4460 --- [    Test worker] p6spy                                    : #1665380027492 | took 0ms | statement | connection 27| url jdbc:h2:mem:ad3a9e80-f26d-4a3e-9691-17f803db5723
insert into picture (spot_id, url, picture_id) values (?, ?, ?)
insert into picture (spot_id, url, picture_id) values (NULL, 'java.io.StringReader@48c253ac', 2889);
2022-10-10 14:33:47.492  INFO 4460 --- [    Test worker] p6spy                                    : #1665380027492 | took 0ms | statement | connection 27| url jdbc:h2:mem:ad3a9e80-f26d-4a3e-9691-17f803db5723
insert into picture (spot_id, url, picture_id) values (?, ?, ?)
insert into picture (spot_id, url, picture_id) values (NULL, 'java.io.StringReader@6d1c746f', 2890);
2022-10-10 14:33:47.492  INFO 4460 --- [    Test worker] p6spy                                    : #1665380027492 | took 0ms | statement | connection 27| url jdbc:h2:mem:ad3a9e80-f26d-4a3e-9691-17f803db5723
insert into picture (spot_id, url, picture_id) values (?, ?, ?)
insert into picture (spot_id, url, picture_id) values (NULL, 'java.io.StringReader@22b11659', 2891);
2022-10-10 14:33:47.492  INFO 4460 --- [    Test worker] p6spy                                    : #1665380027492 | took 0ms | statement | connection 27| url jdbc:h2:mem:ad3a9e80-f26d-4a3e-9691-17f803db5723
insert into spot (address, description, location, name, score_id, spot_id) values (?, ?, ?, ?, ?, ?)
insert into spot (address, description, location, name, score_id, spot_id) values (NULL, NULL, 'Aewol_eup', NULL, 709, 775);
2022-10-10 14:33:47.492  INFO 4460 --- [    Test worker] p6spy                                    : #1665380027492 | took 0ms | statement | connection 27| url jdbc:h2:mem:ad3a9e80-f26d-4a3e-9691-17f803db5723
insert into member_spot (member_id, score, spot_id, member_spot_id) values (?, ?, ?, ?)
insert into member_spot (member_id, score, spot_id, member_spot_id) values (23, 0.0, 775, 2892);
2022-10-10 14:33:47.492  INFO 4460 --- [    Test worker] p6spy                                    : #1665380027492 | took 0ms | statement | connection 27| url jdbc:h2:mem:ad3a9e80-f26d-4a3e-9691-17f803db5723
insert into review (content, spot_id, review_id) values (?, ?, ?)
insert into review (content, spot_id, review_id) values ('java.io.StringReader@15b3f1cf', 769, 711);
2022-10-10 14:33:47.492  INFO 4460 --- [    Test worker] p6spy                                    : #1665380027492 | took 0ms | statement | connection 27| url jdbc:h2:mem:ad3a9e80-f26d-4a3e-9691-17f803db5723
insert into favorite_spot (count, favorite_id, spot_id, favorite_spot_id) values (?, ?, ?, ?)
insert into favorite_spot (count, favorite_id, spot_id, favorite_spot_id) values (0, 42, 775, 530);
2022-10-10 14:33:47.492  INFO 4460 --- [    Test worker] p6spy                                    : #1665380027492 | took 0ms | statement | connection 27| url jdbc:h2:mem:ad3a9e80-f26d-4a3e-9691-17f803db5723
insert into score (facility_rank, facility_score, price_rank, price_score, rank_average, surround_rank, surround_score, view_rank, view_score, score_id) values (?, ?, ?, ?, ?, ?, ?, ?, ?, ?)
insert into score (facility_rank, facility_score, price_rank, price_score, rank_average, surround_rank, surround_score, view_rank, view_score, score_id) values (8.086914330120019, 4.359760922764227, 3.366445345900676, 0.4364337926785944, 3.0249249179832427, 9.199210717390386, 8.950022408463884, 0.02171695071712887, 3.58004266825282, 710);
2022-10-10 14:33:47.492  INFO 4460 --- [    Test worker] p6spy                                    : #1665380027492 | took 0ms | statement | connection 27| url jdbc:h2:mem:ad3a9e80-f26d-4a3e-9691-17f803db5723
insert into picture (spot_id, url, picture_id) values (?, ?, ?)
insert into picture (spot_id, url, picture_id) values (NULL, 'java.io.StringReader@50cf046e', 2893);
2022-10-10 14:33:47.492  INFO 4460 --- [    Test worker] p6spy                                    : #1665380027492 | took 0ms | statement | connection 27| url jdbc:h2:mem:ad3a9e80-f26d-4a3e-9691-17f803db5723
insert into picture (spot_id, url, picture_id) values (?, ?, ?)
insert into picture (spot_id, url, picture_id) values (NULL, 'java.io.StringReader@480b5448', 2894);
2022-10-10 14:33:47.492  INFO 4460 --- [    Test worker] p6spy                                    : #1665380027492 | took 0ms | statement | connection 27| url jdbc:h2:mem:ad3a9e80-f26d-4a3e-9691-17f803db5723
insert into picture (spot_id, url, picture_id) values (?, ?, ?)
insert into picture (spot_id, url, picture_id) values (NULL, 'java.io.StringReader@59892e8f', 2895);
2022-10-10 14:33:47.492  INFO 4460 --- [    Test worker] p6spy                                    : #1665380027492 | took 0ms | statement | connection 27| url jdbc:h2:mem:ad3a9e80-f26d-4a3e-9691-17f803db5723
insert into spot (address, description, location, name, score_id, spot_id) values (?, ?, ?, ?, ?, ?)
insert into spot (address, description, location, name, score_id, spot_id) values (NULL, NULL, 'Aewol_eup', NULL, 710, 776);
2022-10-10 14:33:47.492  INFO 4460 --- [    Test worker] p6spy                                    : #1665380027492 | took 0ms | statement | connection 27| url jdbc:h2:mem:ad3a9e80-f26d-4a3e-9691-17f803db5723
insert into member_spot (member_id, score, spot_id, member_spot_id) values (?, ?, ?, ?)
insert into member_spot (member_id, score, spot_id, member_spot_id) values (23, 0.0, 776, 2896);
2022-10-10 14:33:47.492  INFO 4460 --- [    Test worker] p6spy                                    : #1665380027492 | took 0ms | statement | connection 27| url jdbc:h2:mem:ad3a9e80-f26d-4a3e-9691-17f803db5723
insert into review (content, spot_id, review_id) values (?, ?, ?)
insert into review (content, spot_id, review_id) values ('java.io.StringReader@66da47e2', 769, 712);
2022-10-10 14:33:47.492  INFO 4460 --- [    Test worker] p6spy                                    : #1665380027492 | took 0ms | statement | connection 27| url jdbc:h2:mem:ad3a9e80-f26d-4a3e-9691-17f803db5723
insert into score (facility_rank, facility_score, price_rank, price_score, rank_average, surround_rank, surround_score, view_rank, view_score, score_id) values (?, ?, ?, ?, ?, ?, ?, ?, ?, ?)
insert into score (facility_rank, facility_score, price_rank, price_score, rank_average, surround_rank, surround_score, view_rank, view_score, score_id) values (0.6045152472648196, 3.222853442387361, 0.9745031112928382, 4.595755043725239, 7.358849068757129, 7.102390924149201, 9.84652813737738, 9.851221378730713, 0.39787724173181105, 711);
2022-10-10 14:33:47.492  INFO 4460 --- [    Test worker] p6spy                                    : #1665380027492 | took 0ms | statement | connection 27| url jdbc:h2:mem:ad3a9e80-f26d-4a3e-9691-17f803db5723
insert into picture (spot_id, url, picture_id) values (?, ?, ?)
insert into picture (spot_id, url, picture_id) values (NULL, 'java.io.StringReader@455ea56d', 2897);
2022-10-10 14:33:47.493  INFO 4460 --- [    Test worker] p6spy                                    : #1665380027492 | took 0ms | statement | connection 27| url jdbc:h2:mem:ad3a9e80-f26d-4a3e-9691-17f803db5723
insert into picture (spot_id, url, picture_id) values (?, ?, ?)
insert into picture (spot_id, url, picture_id) values (NULL, 'java.io.StringReader@6fa6950', 2898);
2022-10-10 14:33:47.493  INFO 4460 --- [    Test worker] p6spy                                    : #1665380027493 | took 0ms | statement | connection 27| url jdbc:h2:mem:ad3a9e80-f26d-4a3e-9691-17f803db5723
insert into picture (spot_id, url, picture_id) values (?, ?, ?)
insert into picture (spot_id, url, picture_id) values (NULL, 'java.io.StringReader@44a8f5a2', 2899);
2022-10-10 14:33:47.493  INFO 4460 --- [    Test worker] p6spy                                    : #1665380027493 | took 0ms | statement | connection 27| url jdbc:h2:mem:ad3a9e80-f26d-4a3e-9691-17f803db5723
insert into spot (address, description, location, name, score_id, spot_id) values (?, ?, ?, ?, ?, ?)
insert into spot (address, description, location, name, score_id, spot_id) values (NULL, NULL, 'Aewol_eup', NULL, 711, 777);
2022-10-10 14:33:47.493  INFO 4460 --- [    Test worker] p6spy                                    : #1665380027493 | took 0ms | statement | connection 27| url jdbc:h2:mem:ad3a9e80-f26d-4a3e-9691-17f803db5723
insert into member_spot (member_id, score, spot_id, member_spot_id) values (?, ?, ?, ?)
insert into member_spot (member_id, score, spot_id, member_spot_id) values (23, 0.0, 777, 2900);
2022-10-10 14:33:47.493  INFO 4460 --- [    Test worker] p6spy                                    : #1665380027493 | took 0ms | statement | connection 27| url jdbc:h2:mem:ad3a9e80-f26d-4a3e-9691-17f803db5723
insert into review (content, spot_id, review_id) values (?, ?, ?)
insert into review (content, spot_id, review_id) values ('java.io.StringReader@6fba2474', 769, 713);
2022-10-10 14:33:47.493  INFO 4460 --- [    Test worker] p6spy                                    : #1665380027493 | took 0ms | statement | connection 27| url jdbc:h2:mem:ad3a9e80-f26d-4a3e-9691-17f803db5723
insert into favorite_spot (count, favorite_id, spot_id, favorite_spot_id) values (?, ?, ?, ?)
insert into favorite_spot (count, favorite_id, spot_id, favorite_spot_id) values (0, 42, 777, 531);
2022-10-10 14:33:47.493  INFO 4460 --- [    Test worker] p6spy                                    : #1665380027493 | took 0ms | statement | connection 27| url jdbc:h2:mem:ad3a9e80-f26d-4a3e-9691-17f803db5723
insert into score (facility_rank, facility_score, price_rank, price_score, rank_average, surround_rank, surround_score, view_rank, view_score, score_id) values (?, ?, ?, ?, ?, ?, ?, ?, ?, ?)
insert into score (facility_rank, facility_score, price_rank, price_score, rank_average, surround_rank, surround_score, view_rank, view_score, score_id) values (4.393629538196066, 3.0245987228723727, 3.550159863546849, 8.592033415920554, 1.5820253686855557, 4.10890183949311, 4.429952870931543, 5.83134084616579, 9.943786199844007, 712);
2022-10-10 14:33:47.493  INFO 4460 --- [    Test worker] p6spy                                    : #1665380027493 | took 0ms | statement | connection 27| url jdbc:h2:mem:ad3a9e80-f26d-4a3e-9691-17f803db5723
insert into picture (spot_id, url, picture_id) values (?, ?, ?)
insert into picture (spot_id, url, picture_id) values (NULL, 'java.io.StringReader@599258f9', 2901);
2022-10-10 14:33:47.493  INFO 4460 --- [    Test worker] p6spy                                    : #1665380027493 | took 0ms | statement | connection 27| url jdbc:h2:mem:ad3a9e80-f26d-4a3e-9691-17f803db5723
insert into picture (spot_id, url, picture_id) values (?, ?, ?)
insert into picture (spot_id, url, picture_id) values (NULL, 'java.io.StringReader@319a367f', 2902);
2022-10-10 14:33:47.493  INFO 4460 --- [    Test worker] p6spy                                    : #1665380027493 | took 0ms | statement | connection 27| url jdbc:h2:mem:ad3a9e80-f26d-4a3e-9691-17f803db5723
insert into picture (spot_id, url, picture_id) values (?, ?, ?)
insert into picture (spot_id, url, picture_id) values (NULL, 'java.io.StringReader@1d566f8', 2903);
2022-10-10 14:33:47.493  INFO 4460 --- [    Test worker] p6spy                                    : #1665380027493 | took 0ms | statement | connection 27| url jdbc:h2:mem:ad3a9e80-f26d-4a3e-9691-17f803db5723
insert into spot (address, description, location, name, score_id, spot_id) values (?, ?, ?, ?, ?, ?)
insert into spot (address, description, location, name, score_id, spot_id) values (NULL, NULL, 'Aewol_eup', NULL, 712, 778);
2022-10-10 14:33:47.493  INFO 4460 --- [    Test worker] p6spy                                    : #1665380027493 | took 0ms | statement | connection 27| url jdbc:h2:mem:ad3a9e80-f26d-4a3e-9691-17f803db5723
insert into member_spot (member_id, score, spot_id, member_spot_id) values (?, ?, ?, ?)
insert into member_spot (member_id, score, spot_id, member_spot_id) values (23, 0.0, 778, 2904);
2022-10-10 14:33:47.493  INFO 4460 --- [    Test worker] p6spy                                    : #1665380027493 | took 0ms | statement | connection 27| url jdbc:h2:mem:ad3a9e80-f26d-4a3e-9691-17f803db5723
insert into review (content, spot_id, review_id) values (?, ?, ?)
insert into review (content, spot_id, review_id) values ('java.io.StringReader@3c94ce7c', 769, 714);
2022-10-10 14:33:47.493  INFO 4460 --- [    Test worker] p6spy                                    : #1665380027493 | took 0ms | statement | connection 27| url jdbc:h2:mem:ad3a9e80-f26d-4a3e-9691-17f803db5723
insert into score (facility_rank, facility_score, price_rank, price_score, rank_average, surround_rank, surround_score, view_rank, view_score, score_id) values (?, ?, ?, ?, ?, ?, ?, ?, ?, ?)
insert into score (facility_rank, facility_score, price_rank, price_score, rank_average, surround_rank, surround_score, view_rank, view_score, score_id) values (1.7073607712421235, 7.173130586833835, 6.1487100703643796, 4.784938439630339, 6.25889799443446, 6.707111869320562, 0.5130793337975748, 3.8017301817402496, 5.4273847928325845, 713);
2022-10-10 14:33:47.493  INFO 4460 --- [    Test worker] p6spy                                    : #1665380027493 | took 0ms | statement | connection 27| url jdbc:h2:mem:ad3a9e80-f26d-4a3e-9691-17f803db5723
insert into picture (spot_id, url, picture_id) values (?, ?, ?)
insert into picture (spot_id, url, picture_id) values (NULL, 'java.io.StringReader@ab99ba4', 2905);
2022-10-10 14:33:47.493  INFO 4460 --- [    Test worker] p6spy                                    : #1665380027493 | took 0ms | statement | connection 27| url jdbc:h2:mem:ad3a9e80-f26d-4a3e-9691-17f803db5723
insert into picture (spot_id, url, picture_id) values (?, ?, ?)
insert into picture (spot_id, url, picture_id) values (NULL, 'java.io.StringReader@7b4404b', 2906);
2022-10-10 14:33:47.493  INFO 4460 --- [    Test worker] p6spy                                    : #1665380027493 | took 0ms | statement | connection 27| url jdbc:h2:mem:ad3a9e80-f26d-4a3e-9691-17f803db5723
insert into picture (spot_id, url, picture_id) values (?, ?, ?)
insert into picture (spot_id, url, picture_id) values (NULL, 'java.io.StringReader@36e7e60f', 2907);
2022-10-10 14:33:47.493  INFO 4460 --- [    Test worker] p6spy                                    : #1665380027493 | took 0ms | statement | connection 27| url jdbc:h2:mem:ad3a9e80-f26d-4a3e-9691-17f803db5723
insert into spot (address, description, location, name, score_id, spot_id) values (?, ?, ?, ?, ?, ?)
insert into spot (address, description, location, name, score_id, spot_id) values (NULL, NULL, 'Aewol_eup', NULL, 713, 779);
2022-10-10 14:33:47.493  INFO 4460 --- [    Test worker] p6spy                                    : #1665380027493 | took 0ms | statement | connection 27| url jdbc:h2:mem:ad3a9e80-f26d-4a3e-9691-17f803db5723
insert into member_spot (member_id, score, spot_id, member_spot_id) values (?, ?, ?, ?)
insert into member_spot (member_id, score, spot_id, member_spot_id) values (23, 0.0, 779, 2908);
2022-10-10 14:33:47.493  INFO 4460 --- [    Test worker] p6spy                                    : #1665380027493 | took 0ms | statement | connection 27| url jdbc:h2:mem:ad3a9e80-f26d-4a3e-9691-17f803db5723
insert into review (content, spot_id, review_id) values (?, ?, ?)
insert into review (content, spot_id, review_id) values ('java.io.StringReader@41226bca', 769, 715);
2022-10-10 14:33:47.493  INFO 4460 --- [    Test worker] p6spy                                    : #1665380027493 | took 0ms | statement | connection 27| url jdbc:h2:mem:ad3a9e80-f26d-4a3e-9691-17f803db5723
insert into favorite_spot (count, favorite_id, spot_id, favorite_spot_id) values (?, ?, ?, ?)
insert into favorite_spot (count, favorite_id, spot_id, favorite_spot_id) values (0, 42, 779, 532);
2022-10-10 14:33:47.493  INFO 4460 --- [    Test worker] p6spy                                    : #1665380027493 | took 0ms | statement | connection 27| url jdbc:h2:mem:ad3a9e80-f26d-4a3e-9691-17f803db5723
insert into score (facility_rank, facility_score, price_rank, price_score, rank_average, surround_rank, surround_score, view_rank, view_score, score_id) values (?, ?, ?, ?, ?, ?, ?, ?, ?, ?)
insert into score (facility_rank, facility_score, price_rank, price_score, rank_average, surround_rank, surround_score, view_rank, view_score, score_id) values (0.7363128985098888, 9.94600119379873, 5.477462933292035, 5.925684019589568, 6.3934948879890605, 2.66620024672251, 6.646464336112507, 6.485322024739791, 7.653418430754565, 714);
2022-10-10 14:33:47.493  INFO 4460 --- [    Test worker] p6spy                                    : #1665380027493 | took 0ms | statement | connection 27| url jdbc:h2:mem:ad3a9e80-f26d-4a3e-9691-17f803db5723
insert into picture (spot_id, url, picture_id) values (?, ?, ?)
insert into picture (spot_id, url, picture_id) values (NULL, 'java.io.StringReader@3aa0a0a', 2909);
2022-10-10 14:33:47.493  INFO 4460 --- [    Test worker] p6spy                                    : #1665380027493 | took 0ms | statement | connection 27| url jdbc:h2:mem:ad3a9e80-f26d-4a3e-9691-17f803db5723
insert into picture (spot_id, url, picture_id) values (?, ?, ?)
insert into picture (spot_id, url, picture_id) values (NULL, 'java.io.StringReader@1fe6d9c0', 2910);
2022-10-10 14:33:47.493  INFO 4460 --- [    Test worker] p6spy                                    : #1665380027493 | took 0ms | statement | connection 27| url jdbc:h2:mem:ad3a9e80-f26d-4a3e-9691-17f803db5723
insert into picture (spot_id, url, picture_id) values (?, ?, ?)
insert into picture (spot_id, url, picture_id) values (NULL, 'java.io.StringReader@1042c0d6', 2911);
2022-10-10 14:33:47.493  INFO 4460 --- [    Test worker] p6spy                                    : #1665380027493 | took 0ms | statement | connection 27| url jdbc:h2:mem:ad3a9e80-f26d-4a3e-9691-17f803db5723
insert into spot (address, description, location, name, score_id, spot_id) values (?, ?, ?, ?, ?, ?)
insert into spot (address, description, location, name, score_id, spot_id) values (NULL, NULL, 'Aewol_eup', NULL, 714, 780);
2022-10-10 14:33:47.493  INFO 4460 --- [    Test worker] p6spy                                    : #1665380027493 | took 0ms | statement | connection 27| url jdbc:h2:mem:ad3a9e80-f26d-4a3e-9691-17f803db5723
insert into member_spot (member_id, score, spot_id, member_spot_id) values (?, ?, ?, ?)
insert into member_spot (member_id, score, spot_id, member_spot_id) values (23, 0.0, 780, 2912);
2022-10-10 14:33:47.493  INFO 4460 --- [    Test worker] p6spy                                    : #1665380027493 | took 0ms | statement | connection 27| url jdbc:h2:mem:ad3a9e80-f26d-4a3e-9691-17f803db5723
insert into review (content, spot_id, review_id) values (?, ?, ?)
insert into review (content, spot_id, review_id) values ('java.io.StringReader@46491b1b', 769, 716);
2022-10-10 14:33:47.493  INFO 4460 --- [    Test worker] p6spy                                    : #1665380027493 | took 0ms | statement | connection 27| url jdbc:h2:mem:ad3a9e80-f26d-4a3e-9691-17f803db5723
insert into score (facility_rank, facility_score, price_rank, price_score, rank_average, surround_rank, surround_score, view_rank, view_score, score_id) values (?, ?, ?, ?, ?, ?, ?, ?, ?, ?)
insert into score (facility_rank, facility_score, price_rank, price_score, rank_average, surround_rank, surround_score, view_rank, view_score, score_id) values (4.852385417529303, 7.341000661745628, 3.288564946522645, 4.745204629738269, 1.6544469232294545, 8.444211621051833, 8.510804566910252, 0.2907841008993195, 1.29304908636231, 715);
2022-10-10 14:33:47.493  INFO 4460 --- [    Test worker] p6spy                                    : #1665380027493 | took 0ms | statement | connection 27| url jdbc:h2:mem:ad3a9e80-f26d-4a3e-9691-17f803db5723
insert into picture (spot_id, url, picture_id) values (?, ?, ?)
insert into picture (spot_id, url, picture_id) values (NULL, 'java.io.StringReader@1d1f8b62', 2913);
2022-10-10 14:33:47.493  INFO 4460 --- [    Test worker] p6spy                                    : #1665380027493 | took 0ms | statement | connection 27| url jdbc:h2:mem:ad3a9e80-f26d-4a3e-9691-17f803db5723
insert into picture (spot_id, url, picture_id) values (?, ?, ?)
insert into picture (spot_id, url, picture_id) values (NULL, 'java.io.StringReader@60f7c6b5', 2914);
2022-10-10 14:33:47.493  INFO 4460 --- [    Test worker] p6spy                                    : #1665380027493 | took 0ms | statement | connection 27| url jdbc:h2:mem:ad3a9e80-f26d-4a3e-9691-17f803db5723
insert into picture (spot_id, url, picture_id) values (?, ?, ?)
insert into picture (spot_id, url, picture_id) values (NULL, 'java.io.StringReader@7b6e2485', 2915);
2022-10-10 14:33:47.493  INFO 4460 --- [    Test worker] p6spy                                    : #1665380027493 | took 0ms | statement | connection 27| url jdbc:h2:mem:ad3a9e80-f26d-4a3e-9691-17f803db5723
insert into spot (address, description, location, name, score_id, spot_id) values (?, ?, ?, ?, ?, ?)
insert into spot (address, description, location, name, score_id, spot_id) values (NULL, NULL, 'Aewol_eup', NULL, 715, 781);
2022-10-10 14:33:47.493  INFO 4460 --- [    Test worker] p6spy                                    : #1665380027493 | took 0ms | statement | connection 27| url jdbc:h2:mem:ad3a9e80-f26d-4a3e-9691-17f803db5723
insert into member_spot (member_id, score, spot_id, member_spot_id) values (?, ?, ?, ?)
insert into member_spot (member_id, score, spot_id, member_spot_id) values (23, 0.0, 781, 2916);
2022-10-10 14:33:47.494  INFO 4460 --- [    Test worker] p6spy                                    : #1665380027494 | took 0ms | statement | connection 27| url jdbc:h2:mem:ad3a9e80-f26d-4a3e-9691-17f803db5723
insert into review (content, spot_id, review_id) values (?, ?, ?)
insert into review (content, spot_id, review_id) values ('java.io.StringReader@687d1468', 769, 717);
2022-10-10 14:33:47.494  INFO 4460 --- [    Test worker] p6spy                                    : #1665380027494 | took 0ms | statement | connection 27| url jdbc:h2:mem:ad3a9e80-f26d-4a3e-9691-17f803db5723
insert into favorite_spot (count, favorite_id, spot_id, favorite_spot_id) values (?, ?, ?, ?)
insert into favorite_spot (count, favorite_id, spot_id, favorite_spot_id) values (0, 42, 781, 533);
2022-10-10 14:33:47.494  INFO 4460 --- [    Test worker] p6spy                                    : #1665380027494 | took 0ms | statement | connection 27| url jdbc:h2:mem:ad3a9e80-f26d-4a3e-9691-17f803db5723
insert into score (facility_rank, facility_score, price_rank, price_score, rank_average, surround_rank, surround_score, view_rank, view_score, score_id) values (?, ?, ?, ?, ?, ?, ?, ?, ?, ?)
insert into score (facility_rank, facility_score, price_rank, price_score, rank_average, surround_rank, surround_score, view_rank, view_score, score_id) values (9.558609837664937, 0.9065924726349872, 2.2131532982953575, 9.612909005255888, 8.319095272678979, 2.366327462229476, 0.42685126611401114, 7.857723661719131, 9.463466048732958, 716);
2022-10-10 14:33:47.494  INFO 4460 --- [    Test worker] p6spy                                    : #1665380027494 | took 0ms | statement | connection 27| url jdbc:h2:mem:ad3a9e80-f26d-4a3e-9691-17f803db5723
insert into picture (spot_id, url, picture_id) values (?, ?, ?)
insert into picture (spot_id, url, picture_id) values (NULL, 'java.io.StringReader@42dc3ada', 2917);
2022-10-10 14:33:47.494  INFO 4460 --- [    Test worker] p6spy                                    : #1665380027494 | took 0ms | statement | connection 27| url jdbc:h2:mem:ad3a9e80-f26d-4a3e-9691-17f803db5723
insert into picture (spot_id, url, picture_id) values (?, ?, ?)
insert into picture (spot_id, url, picture_id) values (NULL, 'java.io.StringReader@33b59d62', 2918);
2022-10-10 14:33:47.494  INFO 4460 --- [    Test worker] p6spy                                    : #1665380027494 | took 0ms | statement | connection 27| url jdbc:h2:mem:ad3a9e80-f26d-4a3e-9691-17f803db5723
insert into picture (spot_id, url, picture_id) values (?, ?, ?)
insert into picture (spot_id, url, picture_id) values (NULL, 'java.io.StringReader@2f78d3c3', 2919);
2022-10-10 14:33:47.494  INFO 4460 --- [    Test worker] p6spy                                    : #1665380027494 | took 0ms | statement | connection 27| url jdbc:h2:mem:ad3a9e80-f26d-4a3e-9691-17f803db5723
insert into spot (address, description, location, name, score_id, spot_id) values (?, ?, ?, ?, ?, ?)
insert into spot (address, description, location, name, score_id, spot_id) values (NULL, NULL, 'Aewol_eup', NULL, 716, 782);
2022-10-10 14:33:47.494  INFO 4460 --- [    Test worker] p6spy                                    : #1665380027494 | took 0ms | statement | connection 27| url jdbc:h2:mem:ad3a9e80-f26d-4a3e-9691-17f803db5723
insert into member_spot (member_id, score, spot_id, member_spot_id) values (?, ?, ?, ?)
insert into member_spot (member_id, score, spot_id, member_spot_id) values (23, 0.0, 782, 2920);
2022-10-10 14:33:47.494  INFO 4460 --- [    Test worker] p6spy                                    : #1665380027494 | took 0ms | statement | connection 27| url jdbc:h2:mem:ad3a9e80-f26d-4a3e-9691-17f803db5723
insert into review (content, spot_id, review_id) values (?, ?, ?)
insert into review (content, spot_id, review_id) values ('java.io.StringReader@611f1ead', 769, 718);
2022-10-10 14:33:47.494  INFO 4460 --- [    Test worker] p6spy                                    : #1665380027494 | took 0ms | statement | connection 27| url jdbc:h2:mem:ad3a9e80-f26d-4a3e-9691-17f803db5723
insert into score (facility_rank, facility_score, price_rank, price_score, rank_average, surround_rank, surround_score, view_rank, view_score, score_id) values (?, ?, ?, ?, ?, ?, ?, ?, ?, ?)
insert into score (facility_rank, facility_score, price_rank, price_score, rank_average, surround_rank, surround_score, view_rank, view_score, score_id) values (6.938093552904969, 9.801584177511026, 4.1706796524012555, 6.007307069255674E-4, 9.279524264265152, 0.07003924935414574, 0.18704226876239294, 6.775069629846535, 0.7296838822634, 717);
2022-10-10 14:33:47.494  INFO 4460 --- [    Test worker] p6spy                                    : #1665380027494 | took 0ms | statement | connection 27| url jdbc:h2:mem:ad3a9e80-f26d-4a3e-9691-17f803db5723
insert into picture (spot_id, url, picture_id) values (?, ?, ?)
insert into picture (spot_id, url, picture_id) values (NULL, 'java.io.StringReader@43182fe9', 2921);
2022-10-10 14:33:47.494  INFO 4460 --- [    Test worker] p6spy                                    : #1665380027494 | took 0ms | statement | connection 27| url jdbc:h2:mem:ad3a9e80-f26d-4a3e-9691-17f803db5723
insert into picture (spot_id, url, picture_id) values (?, ?, ?)
insert into picture (spot_id, url, picture_id) values (NULL, 'java.io.StringReader@2edfe381', 2922);
2022-10-10 14:33:47.494  INFO 4460 --- [    Test worker] p6spy                                    : #1665380027494 | took 0ms | statement | connection 27| url jdbc:h2:mem:ad3a9e80-f26d-4a3e-9691-17f803db5723
insert into picture (spot_id, url, picture_id) values (?, ?, ?)
insert into picture (spot_id, url, picture_id) values (NULL, 'java.io.StringReader@565eb0dc', 2923);
2022-10-10 14:33:47.494  INFO 4460 --- [    Test worker] p6spy                                    : #1665380027494 | took 0ms | statement | connection 27| url jdbc:h2:mem:ad3a9e80-f26d-4a3e-9691-17f803db5723
insert into spot (address, description, location, name, score_id, spot_id) values (?, ?, ?, ?, ?, ?)
insert into spot (address, description, location, name, score_id, spot_id) values (NULL, NULL, 'Aewol_eup', NULL, 717, 783);
2022-10-10 14:33:47.494  INFO 4460 --- [    Test worker] p6spy                                    : #1665380027494 | took 0ms | statement | connection 27| url jdbc:h2:mem:ad3a9e80-f26d-4a3e-9691-17f803db5723
insert into member_spot (member_id, score, spot_id, member_spot_id) values (?, ?, ?, ?)
insert into member_spot (member_id, score, spot_id, member_spot_id) values (23, 0.0, 783, 2924);
2022-10-10 14:33:47.494  INFO 4460 --- [    Test worker] p6spy                                    : #1665380027494 | took 0ms | statement | connection 27| url jdbc:h2:mem:ad3a9e80-f26d-4a3e-9691-17f803db5723
insert into review (content, spot_id, review_id) values (?, ?, ?)
insert into review (content, spot_id, review_id) values ('java.io.StringReader@517327e6', 769, 719);
2022-10-10 14:33:47.494  INFO 4460 --- [    Test worker] p6spy                                    : #1665380027494 | took 0ms | statement | connection 27| url jdbc:h2:mem:ad3a9e80-f26d-4a3e-9691-17f803db5723
insert into favorite_spot (count, favorite_id, spot_id, favorite_spot_id) values (?, ?, ?, ?)
insert into favorite_spot (count, favorite_id, spot_id, favorite_spot_id) values (0, 42, 783, 534);
2022-10-10 14:33:47.494  INFO 4460 --- [    Test worker] p6spy                                    : #1665380027494 | took 0ms | statement | connection 27| url jdbc:h2:mem:ad3a9e80-f26d-4a3e-9691-17f803db5723
insert into score (facility_rank, facility_score, price_rank, price_score, rank_average, surround_rank, surround_score, view_rank, view_score, score_id) values (?, ?, ?, ?, ?, ?, ?, ?, ?, ?)
insert into score (facility_rank, facility_score, price_rank, price_score, rank_average, surround_rank, surround_score, view_rank, view_score, score_id) values (3.6686289909665115, 4.807150096586982, 8.47131148992197, 6.624368083194076, 3.324356031514651, 3.9304996563054804, 8.903622752448793, 5.33488600125854, 5.38975785722797, 718);
2022-10-10 14:33:47.494  INFO 4460 --- [    Test worker] p6spy                                    : #1665380027494 | took 0ms | statement | connection 27| url jdbc:h2:mem:ad3a9e80-f26d-4a3e-9691-17f803db5723
insert into picture (spot_id, url, picture_id) values (?, ?, ?)
insert into picture (spot_id, url, picture_id) values (NULL, 'java.io.StringReader@5b1c30b2', 2925);
2022-10-10 14:33:47.494  INFO 4460 --- [    Test worker] p6spy                                    : #1665380027494 | took 0ms | statement | connection 27| url jdbc:h2:mem:ad3a9e80-f26d-4a3e-9691-17f803db5723
insert into picture (spot_id, url, picture_id) values (?, ?, ?)
insert into picture (spot_id, url, picture_id) values (NULL, 'java.io.StringReader@af43b0', 2926);
2022-10-10 14:33:47.494  INFO 4460 --- [    Test worker] p6spy                                    : #1665380027494 | took 0ms | statement | connection 27| url jdbc:h2:mem:ad3a9e80-f26d-4a3e-9691-17f803db5723
insert into picture (spot_id, url, picture_id) values (?, ?, ?)
insert into picture (spot_id, url, picture_id) values (NULL, 'java.io.StringReader@54dd0009', 2927);
2022-10-10 14:33:47.494  INFO 4460 --- [    Test worker] p6spy                                    : #1665380027494 | took 0ms | statement | connection 27| url jdbc:h2:mem:ad3a9e80-f26d-4a3e-9691-17f803db5723
insert into spot (address, description, location, name, score_id, spot_id) values (?, ?, ?, ?, ?, ?)
insert into spot (address, description, location, name, score_id, spot_id) values (NULL, NULL, 'Aewol_eup', NULL, 718, 784);
2022-10-10 14:33:47.494  INFO 4460 --- [    Test worker] p6spy                                    : #1665380027494 | took 0ms | statement | connection 27| url jdbc:h2:mem:ad3a9e80-f26d-4a3e-9691-17f803db5723
insert into member_spot (member_id, score, spot_id, member_spot_id) values (?, ?, ?, ?)
insert into member_spot (member_id, score, spot_id, member_spot_id) values (23, 0.0, 784, 2928);
2022-10-10 14:33:47.494  INFO 4460 --- [    Test worker] p6spy                                    : #1665380027494 | took 0ms | statement | connection 27| url jdbc:h2:mem:ad3a9e80-f26d-4a3e-9691-17f803db5723
insert into review (content, spot_id, review_id) values (?, ?, ?)
insert into review (content, spot_id, review_id) values ('java.io.StringReader@7b1d3c2f', 769, 720);
2022-10-10 14:33:47.494  INFO 4460 --- [    Test worker] p6spy                                    : #1665380027494 | took 0ms | statement | connection 27| url jdbc:h2:mem:ad3a9e80-f26d-4a3e-9691-17f803db5723
insert into score (facility_rank, facility_score, price_rank, price_score, rank_average, surround_rank, surround_score, view_rank, view_score, score_id) values (?, ?, ?, ?, ?, ?, ?, ?, ?, ?)
insert into score (facility_rank, facility_score, price_rank, price_score, rank_average, surround_rank, surround_score, view_rank, view_score, score_id) values (2.2716903182600436, 5.4698859317660045, 2.766858392871221, 9.399708409362148, 1.7762715902412296, 1.418632246280901, 3.5212330490159847, 2.096206522134957, 3.6575945027220067, 719);
2022-10-10 14:33:47.495  INFO 4460 --- [    Test worker] p6spy                                    : #1665380027495 | took 0ms | statement | connection 27| url jdbc:h2:mem:ad3a9e80-f26d-4a3e-9691-17f803db5723
insert into picture (spot_id, url, picture_id) values (?, ?, ?)
insert into picture (spot_id, url, picture_id) values (NULL, 'java.io.StringReader@1f03a970', 2929);
2022-10-10 14:33:47.495  INFO 4460 --- [    Test worker] p6spy                                    : #1665380027495 | took 0ms | statement | connection 27| url jdbc:h2:mem:ad3a9e80-f26d-4a3e-9691-17f803db5723
insert into picture (spot_id, url, picture_id) values (?, ?, ?)
insert into picture (spot_id, url, picture_id) values (NULL, 'java.io.StringReader@21659dc8', 2930);
2022-10-10 14:33:47.495  INFO 4460 --- [    Test worker] p6spy                                    : #1665380027495 | took 0ms | statement | connection 27| url jdbc:h2:mem:ad3a9e80-f26d-4a3e-9691-17f803db5723
insert into picture (spot_id, url, picture_id) values (?, ?, ?)
insert into picture (spot_id, url, picture_id) values (NULL, 'java.io.StringReader@625fa10d', 2931);
2022-10-10 14:33:47.495  INFO 4460 --- [    Test worker] p6spy                                    : #1665380027495 | took 0ms | statement | connection 27| url jdbc:h2:mem:ad3a9e80-f26d-4a3e-9691-17f803db5723
insert into spot (address, description, location, name, score_id, spot_id) values (?, ?, ?, ?, ?, ?)
insert into spot (address, description, location, name, score_id, spot_id) values (NULL, NULL, 'Aewol_eup', NULL, 719, 785);
2022-10-10 14:33:47.495  INFO 4460 --- [    Test worker] p6spy                                    : #1665380027495 | took 0ms | statement | connection 27| url jdbc:h2:mem:ad3a9e80-f26d-4a3e-9691-17f803db5723
insert into member_spot (member_id, score, spot_id, member_spot_id) values (?, ?, ?, ?)
insert into member_spot (member_id, score, spot_id, member_spot_id) values (23, 0.0, 785, 2932);
2022-10-10 14:33:47.495  INFO 4460 --- [    Test worker] p6spy                                    : #1665380027495 | took 0ms | statement | connection 27| url jdbc:h2:mem:ad3a9e80-f26d-4a3e-9691-17f803db5723
insert into review (content, spot_id, review_id) values (?, ?, ?)
insert into review (content, spot_id, review_id) values ('java.io.StringReader@fd7b0f4', 769, 721);
2022-10-10 14:33:47.495  INFO 4460 --- [    Test worker] p6spy                                    : #1665380027495 | took 0ms | statement | connection 27| url jdbc:h2:mem:ad3a9e80-f26d-4a3e-9691-17f803db5723
insert into favorite_spot (count, favorite_id, spot_id, favorite_spot_id) values (?, ?, ?, ?)
insert into favorite_spot (count, favorite_id, spot_id, favorite_spot_id) values (0, 42, 785, 535);
2022-10-10 14:33:47.495  INFO 4460 --- [    Test worker] p6spy                                    : #1665380027495 | took 0ms | statement | connection 27| url jdbc:h2:mem:ad3a9e80-f26d-4a3e-9691-17f803db5723
insert into score (facility_rank, facility_score, price_rank, price_score, rank_average, surround_rank, surround_score, view_rank, view_score, score_id) values (?, ?, ?, ?, ?, ?, ?, ?, ?, ?)
insert into score (facility_rank, facility_score, price_rank, price_score, rank_average, surround_rank, surround_score, view_rank, view_score, score_id) values (2.747209195571656, 1.259828706659959, 8.97413358021705, 2.377519123737918, 2.6209355277067847, 4.040419441423307, 9.683782459281975, 5.478839468899763, 3.699103722854665, 720);
2022-10-10 14:33:47.495  INFO 4460 --- [    Test worker] p6spy                                    : #1665380027495 | took 0ms | statement | connection 27| url jdbc:h2:mem:ad3a9e80-f26d-4a3e-9691-17f803db5723
insert into picture (spot_id, url, picture_id) values (?, ?, ?)
insert into picture (spot_id, url, picture_id) values (NULL, 'java.io.StringReader@2701444d', 2933);
2022-10-10 14:33:47.495  INFO 4460 --- [    Test worker] p6spy                                    : #1665380027495 | took 0ms | statement | connection 27| url jdbc:h2:mem:ad3a9e80-f26d-4a3e-9691-17f803db5723
insert into picture (spot_id, url, picture_id) values (?, ?, ?)
insert into picture (spot_id, url, picture_id) values (NULL, 'java.io.StringReader@5c528f0c', 2934);
2022-10-10 14:33:47.495  INFO 4460 --- [    Test worker] p6spy                                    : #1665380027495 | took 0ms | statement | connection 27| url jdbc:h2:mem:ad3a9e80-f26d-4a3e-9691-17f803db5723
insert into picture (spot_id, url, picture_id) values (?, ?, ?)
insert into picture (spot_id, url, picture_id) values (NULL, 'java.io.StringReader@73142f5f', 2935);
2022-10-10 14:33:47.495  INFO 4460 --- [    Test worker] p6spy                                    : #1665380027495 | took 0ms | statement | connection 27| url jdbc:h2:mem:ad3a9e80-f26d-4a3e-9691-17f803db5723
insert into spot (address, description, location, name, score_id, spot_id) values (?, ?, ?, ?, ?, ?)
insert into spot (address, description, location, name, score_id, spot_id) values (NULL, NULL, 'Aewol_eup', NULL, 720, 786);
2022-10-10 14:33:47.495  INFO 4460 --- [    Test worker] p6spy                                    : #1665380027495 | took 0ms | statement | connection 27| url jdbc:h2:mem:ad3a9e80-f26d-4a3e-9691-17f803db5723
insert into member_spot (member_id, score, spot_id, member_spot_id) values (?, ?, ?, ?)
insert into member_spot (member_id, score, spot_id, member_spot_id) values (23, 0.0, 786, 2936);
2022-10-10 14:33:47.495  INFO 4460 --- [    Test worker] p6spy                                    : #1665380027495 | took 0ms | statement | connection 27| url jdbc:h2:mem:ad3a9e80-f26d-4a3e-9691-17f803db5723
insert into review (content, spot_id, review_id) values (?, ?, ?)
insert into review (content, spot_id, review_id) values ('java.io.StringReader@51eb0bff', 769, 722);
2022-10-10 14:33:47.495  INFO 4460 --- [    Test worker] p6spy                                    : #1665380027495 | took 0ms | statement | connection 27| url jdbc:h2:mem:ad3a9e80-f26d-4a3e-9691-17f803db5723
insert into score (facility_rank, facility_score, price_rank, price_score, rank_average, surround_rank, surround_score, view_rank, view_score, score_id) values (?, ?, ?, ?, ?, ?, ?, ?, ?, ?)
insert into score (facility_rank, facility_score, price_rank, price_score, rank_average, surround_rank, surround_score, view_rank, view_score, score_id) values (4.162589351718862, 6.873954465669588, 6.8751644197410595, 1.571876414460559, 6.207516880469193, 4.943447850988084, 4.4481355773715485, 5.370776860457247, 3.0429450682173753, 721);
2022-10-10 14:33:47.495  INFO 4460 --- [    Test worker] p6spy                                    : #1665380027495 | took 0ms | statement | connection 27| url jdbc:h2:mem:ad3a9e80-f26d-4a3e-9691-17f803db5723
insert into picture (spot_id, url, picture_id) values (?, ?, ?)
insert into picture (spot_id, url, picture_id) values (NULL, 'java.io.StringReader@74cc941', 2937);
2022-10-10 14:33:47.495  INFO 4460 --- [    Test worker] p6spy                                    : #1665380027495 | took 0ms | statement | connection 27| url jdbc:h2:mem:ad3a9e80-f26d-4a3e-9691-17f803db5723
insert into picture (spot_id, url, picture_id) values (?, ?, ?)
insert into picture (spot_id, url, picture_id) values (NULL, 'java.io.StringReader@68050157', 2938);
2022-10-10 14:33:47.495  INFO 4460 --- [    Test worker] p6spy                                    : #1665380027495 | took 0ms | statement | connection 27| url jdbc:h2:mem:ad3a9e80-f26d-4a3e-9691-17f803db5723
insert into picture (spot_id, url, picture_id) values (?, ?, ?)
insert into picture (spot_id, url, picture_id) values (NULL, 'java.io.StringReader@859432e', 2939);
2022-10-10 14:33:47.495  INFO 4460 --- [    Test worker] p6spy                                    : #1665380027495 | took 0ms | statement | connection 27| url jdbc:h2:mem:ad3a9e80-f26d-4a3e-9691-17f803db5723
insert into spot (address, description, location, name, score_id, spot_id) values (?, ?, ?, ?, ?, ?)
insert into spot (address, description, location, name, score_id, spot_id) values (NULL, NULL, 'Aewol_eup', NULL, 721, 787);
2022-10-10 14:33:47.495  INFO 4460 --- [    Test worker] p6spy                                    : #1665380027495 | took 0ms | statement | connection 27| url jdbc:h2:mem:ad3a9e80-f26d-4a3e-9691-17f803db5723
insert into member_spot (member_id, score, spot_id, member_spot_id) values (?, ?, ?, ?)
insert into member_spot (member_id, score, spot_id, member_spot_id) values (23, 0.0, 787, 2940);
2022-10-10 14:33:47.495  INFO 4460 --- [    Test worker] p6spy                                    : #1665380027495 | took 0ms | statement | connection 27| url jdbc:h2:mem:ad3a9e80-f26d-4a3e-9691-17f803db5723
insert into review (content, spot_id, review_id) values (?, ?, ?)
insert into review (content, spot_id, review_id) values ('java.io.StringReader@6bb7f810', 769, 723);
2022-10-10 14:33:47.495  INFO 4460 --- [    Test worker] p6spy                                    : #1665380027495 | took 0ms | statement | connection 27| url jdbc:h2:mem:ad3a9e80-f26d-4a3e-9691-17f803db5723
insert into favorite_spot (count, favorite_id, spot_id, favorite_spot_id) values (?, ?, ?, ?)
insert into favorite_spot (count, favorite_id, spot_id, favorite_spot_id) values (0, 42, 787, 536);
2022-10-10 14:33:47.495  INFO 4460 --- [    Test worker] p6spy                                    : #1665380027495 | took 0ms | statement | connection 27| url jdbc:h2:mem:ad3a9e80-f26d-4a3e-9691-17f803db5723
insert into score (facility_rank, facility_score, price_rank, price_score, rank_average, surround_rank, surround_score, view_rank, view_score, score_id) values (?, ?, ?, ?, ?, ?, ?, ?, ?, ?)
insert into score (facility_rank, facility_score, price_rank, price_score, rank_average, surround_rank, surround_score, view_rank, view_score, score_id) values (3.4639088037470165, 6.26447737067036, 5.506697004692427, 4.8758069343166435, 9.944551394722673, 3.403051411310277, 3.2069108908964425, 6.186799626604371, 2.5918675572496985, 722);
2022-10-10 14:33:47.495  INFO 4460 --- [    Test worker] p6spy                                    : #1665380027495 | took 0ms | statement | connection 27| url jdbc:h2:mem:ad3a9e80-f26d-4a3e-9691-17f803db5723
insert into picture (spot_id, url, picture_id) values (?, ?, ?)
insert into picture (spot_id, url, picture_id) values (NULL, 'java.io.StringReader@5f5c2317', 2941);
2022-10-10 14:33:47.495  INFO 4460 --- [    Test worker] p6spy                                    : #1665380027495 | took 0ms | statement | connection 27| url jdbc:h2:mem:ad3a9e80-f26d-4a3e-9691-17f803db5723
insert into picture (spot_id, url, picture_id) values (?, ?, ?)
insert into picture (spot_id, url, picture_id) values (NULL, 'java.io.StringReader@437ecacd', 2942);
2022-10-10 14:33:47.495  INFO 4460 --- [    Test worker] p6spy                                    : #1665380027495 | took 0ms | statement | connection 27| url jdbc:h2:mem:ad3a9e80-f26d-4a3e-9691-17f803db5723
insert into picture (spot_id, url, picture_id) values (?, ?, ?)
insert into picture (spot_id, url, picture_id) values (NULL, 'java.io.StringReader@3010c128', 2943);
2022-10-10 14:33:47.495  INFO 4460 --- [    Test worker] p6spy                                    : #1665380027495 | took 0ms | statement | connection 27| url jdbc:h2:mem:ad3a9e80-f26d-4a3e-9691-17f803db5723
insert into spot (address, description, location, name, score_id, spot_id) values (?, ?, ?, ?, ?, ?)
insert into spot (address, description, location, name, score_id, spot_id) values (NULL, NULL, 'Aewol_eup', NULL, 722, 788);
2022-10-10 14:33:47.495  INFO 4460 --- [    Test worker] p6spy                                    : #1665380027495 | took 0ms | statement | connection 27| url jdbc:h2:mem:ad3a9e80-f26d-4a3e-9691-17f803db5723
insert into member_spot (member_id, score, spot_id, member_spot_id) values (?, ?, ?, ?)
insert into member_spot (member_id, score, spot_id, member_spot_id) values (23, 0.0, 788, 2944);
2022-10-10 14:33:47.495  INFO 4460 --- [    Test worker] p6spy                                    : #1665380027495 | took 0ms | statement | connection 27| url jdbc:h2:mem:ad3a9e80-f26d-4a3e-9691-17f803db5723
insert into review (content, spot_id, review_id) values (?, ?, ?)
insert into review (content, spot_id, review_id) values ('java.io.StringReader@2de97664', 769, 724);
2022-10-10 14:33:47.495  INFO 4460 --- [    Test worker] p6spy                                    : #1665380027495 | took 0ms | statement | connection 27| url jdbc:h2:mem:ad3a9e80-f26d-4a3e-9691-17f803db5723
insert into score (facility_rank, facility_score, price_rank, price_score, rank_average, surround_rank, surround_score, view_rank, view_score, score_id) values (?, ?, ?, ?, ?, ?, ?, ?, ?, ?)
insert into score (facility_rank, facility_score, price_rank, price_score, rank_average, surround_rank, surround_score, view_rank, view_score, score_id) values (5.197512988236015, 1.1105517438334467, 3.7967543216288044, 4.301785383391101, 4.274622091147279, 9.789614338572312, 4.357180783710986, 2.0939876547324876, 4.331866562531789, 723);
2022-10-10 14:33:47.495  INFO 4460 --- [    Test worker] p6spy                                    : #1665380027495 | took 0ms | statement | connection 27| url jdbc:h2:mem:ad3a9e80-f26d-4a3e-9691-17f803db5723
insert into picture (spot_id, url, picture_id) values (?, ?, ?)
insert into picture (spot_id, url, picture_id) values (NULL, 'java.io.StringReader@549dd448', 2945);
2022-10-10 14:33:47.495  INFO 4460 --- [    Test worker] p6spy                                    : #1665380027495 | took 0ms | statement | connection 27| url jdbc:h2:mem:ad3a9e80-f26d-4a3e-9691-17f803db5723
insert into picture (spot_id, url, picture_id) values (?, ?, ?)
insert into picture (spot_id, url, picture_id) values (NULL, 'java.io.StringReader@52c5fdb2', 2946);
2022-10-10 14:33:47.495  INFO 4460 --- [    Test worker] p6spy                                    : #1665380027495 | took 0ms | statement | connection 27| url jdbc:h2:mem:ad3a9e80-f26d-4a3e-9691-17f803db5723
insert into picture (spot_id, url, picture_id) values (?, ?, ?)
insert into picture (spot_id, url, picture_id) values (NULL, 'java.io.StringReader@196d0ee', 2947);
2022-10-10 14:33:47.495  INFO 4460 --- [    Test worker] p6spy                                    : #1665380027495 | took 0ms | statement | connection 27| url jdbc:h2:mem:ad3a9e80-f26d-4a3e-9691-17f803db5723
insert into spot (address, description, location, name, score_id, spot_id) values (?, ?, ?, ?, ?, ?)
insert into spot (address, description, location, name, score_id, spot_id) values (NULL, NULL, 'Aewol_eup', NULL, 723, 789);
2022-10-10 14:33:47.496  INFO 4460 --- [    Test worker] p6spy                                    : #1665380027496 | took 0ms | statement | connection 27| url jdbc:h2:mem:ad3a9e80-f26d-4a3e-9691-17f803db5723
insert into member_spot (member_id, score, spot_id, member_spot_id) values (?, ?, ?, ?)
insert into member_spot (member_id, score, spot_id, member_spot_id) values (23, 0.0, 789, 2948);
2022-10-10 14:33:47.496  INFO 4460 --- [    Test worker] p6spy                                    : #1665380027496 | took 0ms | statement | connection 27| url jdbc:h2:mem:ad3a9e80-f26d-4a3e-9691-17f803db5723
insert into review (content, spot_id, review_id) values (?, ?, ?)
insert into review (content, spot_id, review_id) values ('java.io.StringReader@3ee91417', 769, 725);
2022-10-10 14:33:47.496  INFO 4460 --- [    Test worker] p6spy                                    : #1665380027496 | took 0ms | statement | connection 27| url jdbc:h2:mem:ad3a9e80-f26d-4a3e-9691-17f803db5723
insert into favorite_spot (count, favorite_id, spot_id, favorite_spot_id) values (?, ?, ?, ?)
insert into favorite_spot (count, favorite_id, spot_id, favorite_spot_id) values (0, 42, 789, 537);
2022-10-10 14:33:47.496  INFO 4460 --- [    Test worker] p6spy                                    : #1665380027496 | took 0ms | statement | connection 27| url jdbc:h2:mem:ad3a9e80-f26d-4a3e-9691-17f803db5723
insert into score (facility_rank, facility_score, price_rank, price_score, rank_average, surround_rank, surround_score, view_rank, view_score, score_id) values (?, ?, ?, ?, ?, ?, ?, ?, ?, ?)
insert into score (facility_rank, facility_score, price_rank, price_score, rank_average, surround_rank, surround_score, view_rank, view_score, score_id) values (0.2935664596194143, 4.739793585077685, 0.98481776808095, 5.3955584299180215, 9.281908810655255, 4.96160431653326, 0.28951075685106353, 0.767184517860322, 7.549645513835333, 724);
2022-10-10 14:33:47.496  INFO 4460 --- [    Test worker] p6spy                                    : #1665380027496 | took 0ms | statement | connection 27| url jdbc:h2:mem:ad3a9e80-f26d-4a3e-9691-17f803db5723
insert into picture (spot_id, url, picture_id) values (?, ?, ?)
insert into picture (spot_id, url, picture_id) values (NULL, 'java.io.StringReader@6fcb0626', 2949);
2022-10-10 14:33:47.496  INFO 4460 --- [    Test worker] p6spy                                    : #1665380027496 | took 0ms | statement | connection 27| url jdbc:h2:mem:ad3a9e80-f26d-4a3e-9691-17f803db5723
insert into picture (spot_id, url, picture_id) values (?, ?, ?)
insert into picture (spot_id, url, picture_id) values (NULL, 'java.io.StringReader@7299c116', 2950);
2022-10-10 14:33:47.496  INFO 4460 --- [    Test worker] p6spy                                    : #1665380027496 | took 0ms | statement | connection 27| url jdbc:h2:mem:ad3a9e80-f26d-4a3e-9691-17f803db5723
insert into picture (spot_id, url, picture_id) values (?, ?, ?)
insert into picture (spot_id, url, picture_id) values (NULL, 'java.io.StringReader@750acd73', 2951);
2022-10-10 14:33:47.496  INFO 4460 --- [    Test worker] p6spy                                    : #1665380027496 | took 0ms | statement | connection 27| url jdbc:h2:mem:ad3a9e80-f26d-4a3e-9691-17f803db5723
insert into spot (address, description, location, name, score_id, spot_id) values (?, ?, ?, ?, ?, ?)
insert into spot (address, description, location, name, score_id, spot_id) values (NULL, NULL, 'Aewol_eup', NULL, 724, 790);
2022-10-10 14:33:47.496  INFO 4460 --- [    Test worker] p6spy                                    : #1665380027496 | took 0ms | statement | connection 27| url jdbc:h2:mem:ad3a9e80-f26d-4a3e-9691-17f803db5723
insert into member_spot (member_id, score, spot_id, member_spot_id) values (?, ?, ?, ?)
insert into member_spot (member_id, score, spot_id, member_spot_id) values (23, 0.0, 790, 2952);
2022-10-10 14:33:47.496  INFO 4460 --- [    Test worker] p6spy                                    : #1665380027496 | took 0ms | statement | connection 27| url jdbc:h2:mem:ad3a9e80-f26d-4a3e-9691-17f803db5723
insert into review (content, spot_id, review_id) values (?, ?, ?)
insert into review (content, spot_id, review_id) values ('java.io.StringReader@18d1cc7b', 769, 726);
2022-10-10 14:33:47.496  INFO 4460 --- [    Test worker] p6spy                                    : #1665380027496 | took 0ms | statement | connection 27| url jdbc:h2:mem:ad3a9e80-f26d-4a3e-9691-17f803db5723
insert into score (facility_rank, facility_score, price_rank, price_score, rank_average, surround_rank, surround_score, view_rank, view_score, score_id) values (?, ?, ?, ?, ?, ?, ?, ?, ?, ?)
insert into score (facility_rank, facility_score, price_rank, price_score, rank_average, surround_rank, surround_score, view_rank, view_score, score_id) values (8.925025414624928, 4.323144364867967, 3.299888153711803, 8.441356622623537, 7.526767511434595, 6.5441925208058755, 6.5208268096026245, 0.546111384933059, 4.619000125138296, 725);
2022-10-10 14:33:47.496  INFO 4460 --- [    Test worker] p6spy                                    : #1665380027496 | took 0ms | statement | connection 27| url jdbc:h2:mem:ad3a9e80-f26d-4a3e-9691-17f803db5723
insert into picture (spot_id, url, picture_id) values (?, ?, ?)
insert into picture (spot_id, url, picture_id) values (NULL, 'java.io.StringReader@3e51c838', 2953);
2022-10-10 14:33:47.496  INFO 4460 --- [    Test worker] p6spy                                    : #1665380027496 | took 0ms | statement | connection 27| url jdbc:h2:mem:ad3a9e80-f26d-4a3e-9691-17f803db5723
insert into picture (spot_id, url, picture_id) values (?, ?, ?)
insert into picture (spot_id, url, picture_id) values (NULL, 'java.io.StringReader@2a9a6c20', 2954);
2022-10-10 14:33:47.496  INFO 4460 --- [    Test worker] p6spy                                    : #1665380027496 | took 0ms | statement | connection 27| url jdbc:h2:mem:ad3a9e80-f26d-4a3e-9691-17f803db5723
insert into picture (spot_id, url, picture_id) values (?, ?, ?)
insert into picture (spot_id, url, picture_id) values (NULL, 'java.io.StringReader@4fbc585a', 2955);
2022-10-10 14:33:47.496  INFO 4460 --- [    Test worker] p6spy                                    : #1665380027496 | took 0ms | statement | connection 27| url jdbc:h2:mem:ad3a9e80-f26d-4a3e-9691-17f803db5723
insert into spot (address, description, location, name, score_id, spot_id) values (?, ?, ?, ?, ?, ?)
insert into spot (address, description, location, name, score_id, spot_id) values (NULL, NULL, 'Aewol_eup', NULL, 725, 791);
2022-10-10 14:33:47.496  INFO 4460 --- [    Test worker] p6spy                                    : #1665380027496 | took 0ms | statement | connection 27| url jdbc:h2:mem:ad3a9e80-f26d-4a3e-9691-17f803db5723
insert into member_spot (member_id, score, spot_id, member_spot_id) values (?, ?, ?, ?)
insert into member_spot (member_id, score, spot_id, member_spot_id) values (23, 0.0, 791, 2956);
2022-10-10 14:33:47.496  INFO 4460 --- [    Test worker] p6spy                                    : #1665380027496 | took 0ms | statement | connection 27| url jdbc:h2:mem:ad3a9e80-f26d-4a3e-9691-17f803db5723
insert into review (content, spot_id, review_id) values (?, ?, ?)
insert into review (content, spot_id, review_id) values ('java.io.StringReader@7919a883', 769, 727);
2022-10-10 14:33:47.496  INFO 4460 --- [    Test worker] p6spy                                    : #1665380027496 | took 0ms | statement | connection 27| url jdbc:h2:mem:ad3a9e80-f26d-4a3e-9691-17f803db5723
insert into favorite_spot (count, favorite_id, spot_id, favorite_spot_id) values (?, ?, ?, ?)
insert into favorite_spot (count, favorite_id, spot_id, favorite_spot_id) values (0, 42, 791, 538);
2022-10-10 14:33:47.496  INFO 4460 --- [    Test worker] p6spy                                    : #1665380027496 | took 0ms | statement | connection 27| url jdbc:h2:mem:ad3a9e80-f26d-4a3e-9691-17f803db5723
insert into score (facility_rank, facility_score, price_rank, price_score, rank_average, surround_rank, surround_score, view_rank, view_score, score_id) values (?, ?, ?, ?, ?, ?, ?, ?, ?, ?)
insert into score (facility_rank, facility_score, price_rank, price_score, rank_average, surround_rank, surround_score, view_rank, view_score, score_id) values (0.09796855250363334, 1.3800333721770586, 6.756970222456325, 9.818233021946872, 8.003537624365386, 8.852943614458749, 3.7958473824367847, 9.222243731452785, 4.047999561954531, 726);
2022-10-10 14:33:47.496  INFO 4460 --- [    Test worker] p6spy                                    : #1665380027496 | took 0ms | statement | connection 27| url jdbc:h2:mem:ad3a9e80-f26d-4a3e-9691-17f803db5723
insert into picture (spot_id, url, picture_id) values (?, ?, ?)
insert into picture (spot_id, url, picture_id) values (NULL, 'java.io.StringReader@2096b498', 2957);
2022-10-10 14:33:47.496  INFO 4460 --- [    Test worker] p6spy                                    : #1665380027496 | took 0ms | statement | connection 27| url jdbc:h2:mem:ad3a9e80-f26d-4a3e-9691-17f803db5723
insert into picture (spot_id, url, picture_id) values (?, ?, ?)
insert into picture (spot_id, url, picture_id) values (NULL, 'java.io.StringReader@59a59c13', 2958);
2022-10-10 14:33:47.496  INFO 4460 --- [    Test worker] p6spy                                    : #1665380027496 | took 0ms | statement | connection 27| url jdbc:h2:mem:ad3a9e80-f26d-4a3e-9691-17f803db5723
insert into picture (spot_id, url, picture_id) values (?, ?, ?)
insert into picture (spot_id, url, picture_id) values (NULL, 'java.io.StringReader@106d8e5', 2959);
2022-10-10 14:33:47.496  INFO 4460 --- [    Test worker] p6spy                                    : #1665380027496 | took 0ms | statement | connection 27| url jdbc:h2:mem:ad3a9e80-f26d-4a3e-9691-17f803db5723
insert into spot (address, description, location, name, score_id, spot_id) values (?, ?, ?, ?, ?, ?)
insert into spot (address, description, location, name, score_id, spot_id) values (NULL, NULL, 'Aewol_eup', NULL, 726, 792);
2022-10-10 14:33:47.496  INFO 4460 --- [    Test worker] p6spy                                    : #1665380027496 | took 0ms | statement | connection 27| url jdbc:h2:mem:ad3a9e80-f26d-4a3e-9691-17f803db5723
insert into member_spot (member_id, score, spot_id, member_spot_id) values (?, ?, ?, ?)
insert into member_spot (member_id, score, spot_id, member_spot_id) values (23, 0.0, 792, 2960);
2022-10-10 14:33:47.496  INFO 4460 --- [    Test worker] p6spy                                    : #1665380027496 | took 0ms | statement | connection 27| url jdbc:h2:mem:ad3a9e80-f26d-4a3e-9691-17f803db5723
insert into review (content, spot_id, review_id) values (?, ?, ?)
insert into review (content, spot_id, review_id) values ('java.io.StringReader@45d4ce7f', 769, 728);
2022-10-10 14:33:47.496  INFO 4460 --- [    Test worker] p6spy                                    : #1665380027496 | took 0ms | statement | connection 27| url jdbc:h2:mem:ad3a9e80-f26d-4a3e-9691-17f803db5723
insert into score (facility_rank, facility_score, price_rank, price_score, rank_average, surround_rank, surround_score, view_rank, view_score, score_id) values (?, ?, ?, ?, ?, ?, ?, ?, ?, ?)
insert into score (facility_rank, facility_score, price_rank, price_score, rank_average, surround_rank, surround_score, view_rank, view_score, score_id) values (4.972980953588721, 4.142569490340856, 3.4114222776519307, 9.786976753296235, 7.22694195426855, 9.624258435730733, 3.9357917307007853, 0.3298986444729679, 8.168624716079924, 727);
2022-10-10 14:33:47.496  INFO 4460 --- [    Test worker] p6spy                                    : #1665380027496 | took 0ms | statement | connection 27| url jdbc:h2:mem:ad3a9e80-f26d-4a3e-9691-17f803db5723
insert into picture (spot_id, url, picture_id) values (?, ?, ?)
insert into picture (spot_id, url, picture_id) values (NULL, 'java.io.StringReader@2411acc4', 2961);
2022-10-10 14:33:47.496  INFO 4460 --- [    Test worker] p6spy                                    : #1665380027496 | took 0ms | statement | connection 27| url jdbc:h2:mem:ad3a9e80-f26d-4a3e-9691-17f803db5723
insert into picture (spot_id, url, picture_id) values (?, ?, ?)
insert into picture (spot_id, url, picture_id) values (NULL, 'java.io.StringReader@fcbd98c', 2962);
2022-10-10 14:33:47.496  INFO 4460 --- [    Test worker] p6spy                                    : #1665380027496 | took 0ms | statement | connection 27| url jdbc:h2:mem:ad3a9e80-f26d-4a3e-9691-17f803db5723
insert into picture (spot_id, url, picture_id) values (?, ?, ?)
insert into picture (spot_id, url, picture_id) values (NULL, 'java.io.StringReader@4e40f433', 2963);
2022-10-10 14:33:47.496  INFO 4460 --- [    Test worker] p6spy                                    : #1665380027496 | took 0ms | statement | connection 27| url jdbc:h2:mem:ad3a9e80-f26d-4a3e-9691-17f803db5723
insert into spot (address, description, location, name, score_id, spot_id) values (?, ?, ?, ?, ?, ?)
insert into spot (address, description, location, name, score_id, spot_id) values (NULL, NULL, 'Aewol_eup', NULL, 727, 793);
2022-10-10 14:33:47.496  INFO 4460 --- [    Test worker] p6spy                                    : #1665380027496 | took 0ms | statement | connection 27| url jdbc:h2:mem:ad3a9e80-f26d-4a3e-9691-17f803db5723
insert into member_spot (member_id, score, spot_id, member_spot_id) values (?, ?, ?, ?)
insert into member_spot (member_id, score, spot_id, member_spot_id) values (23, 0.0, 793, 2964);
2022-10-10 14:33:47.496  INFO 4460 --- [    Test worker] p6spy                                    : #1665380027496 | took 0ms | statement | connection 27| url jdbc:h2:mem:ad3a9e80-f26d-4a3e-9691-17f803db5723
insert into review (content, spot_id, review_id) values (?, ?, ?)
insert into review (content, spot_id, review_id) values ('java.io.StringReader@5e170f7c', 769, 729);
2022-10-10 14:33:47.496  INFO 4460 --- [    Test worker] p6spy                                    : #1665380027496 | took 0ms | statement | connection 27| url jdbc:h2:mem:ad3a9e80-f26d-4a3e-9691-17f803db5723
insert into favorite_spot (count, favorite_id, spot_id, favorite_spot_id) values (?, ?, ?, ?)
insert into favorite_spot (count, favorite_id, spot_id, favorite_spot_id) values (0, 42, 793, 539);
2022-10-10 14:33:47.496  INFO 4460 --- [    Test worker] p6spy                                    : #1665380027496 | took 0ms | statement | connection 27| url jdbc:h2:mem:ad3a9e80-f26d-4a3e-9691-17f803db5723
insert into score (facility_rank, facility_score, price_rank, price_score, rank_average, surround_rank, surround_score, view_rank, view_score, score_id) values (?, ?, ?, ?, ?, ?, ?, ?, ?, ?)
insert into score (facility_rank, facility_score, price_rank, price_score, rank_average, surround_rank, surround_score, view_rank, view_score, score_id) values (4.8866781559552255, 7.53903879968693, 2.67971793770569, 2.928083450174268, 1.6810452129322861, 8.840359296953157, 0.6807286562787451, 1.922456001096976, 2.264208758143239, 728);
2022-10-10 14:33:47.496  INFO 4460 --- [    Test worker] p6spy                                    : #1665380027496 | took 0ms | statement | connection 27| url jdbc:h2:mem:ad3a9e80-f26d-4a3e-9691-17f803db5723
insert into picture (spot_id, url, picture_id) values (?, ?, ?)
insert into picture (spot_id, url, picture_id) values (NULL, 'java.io.StringReader@210fa54b', 2965);
2022-10-10 14:33:47.496  INFO 4460 --- [    Test worker] p6spy                                    : #1665380027496 | took 0ms | statement | connection 27| url jdbc:h2:mem:ad3a9e80-f26d-4a3e-9691-17f803db5723
insert into picture (spot_id, url, picture_id) values (?, ?, ?)
insert into picture (spot_id, url, picture_id) values (NULL, 'java.io.StringReader@475b9bb1', 2966);
2022-10-10 14:33:47.496  INFO 4460 --- [    Test worker] p6spy                                    : #1665380027496 | took 0ms | statement | connection 27| url jdbc:h2:mem:ad3a9e80-f26d-4a3e-9691-17f803db5723
insert into picture (spot_id, url, picture_id) values (?, ?, ?)
insert into picture (spot_id, url, picture_id) values (NULL, 'java.io.StringReader@759b207a', 2967);
2022-10-10 14:33:47.496  INFO 4460 --- [    Test worker] p6spy                                    : #1665380027496 | took 0ms | statement | connection 27| url jdbc:h2:mem:ad3a9e80-f26d-4a3e-9691-17f803db5723
insert into spot (address, description, location, name, score_id, spot_id) values (?, ?, ?, ?, ?, ?)
insert into spot (address, description, location, name, score_id, spot_id) values (NULL, NULL, 'Aewol_eup', NULL, 728, 794);
2022-10-10 14:33:47.496  INFO 4460 --- [    Test worker] p6spy                                    : #1665380027496 | took 0ms | statement | connection 27| url jdbc:h2:mem:ad3a9e80-f26d-4a3e-9691-17f803db5723
insert into member_spot (member_id, score, spot_id, member_spot_id) values (?, ?, ?, ?)
insert into member_spot (member_id, score, spot_id, member_spot_id) values (23, 0.0, 794, 2968);
2022-10-10 14:33:47.497  INFO 4460 --- [    Test worker] p6spy                                    : #1665380027497 | took 0ms | statement | connection 27| url jdbc:h2:mem:ad3a9e80-f26d-4a3e-9691-17f803db5723
insert into review (content, spot_id, review_id) values (?, ?, ?)
insert into review (content, spot_id, review_id) values ('java.io.StringReader@11722350', 769, 730);
2022-10-10 14:33:47.497  INFO 4460 --- [    Test worker] p6spy                                    : #1665380027497 | took 0ms | statement | connection 27| url jdbc:h2:mem:ad3a9e80-f26d-4a3e-9691-17f803db5723
insert into score (facility_rank, facility_score, price_rank, price_score, rank_average, surround_rank, surround_score, view_rank, view_score, score_id) values (?, ?, ?, ?, ?, ?, ?, ?, ?, ?)
insert into score (facility_rank, facility_score, price_rank, price_score, rank_average, surround_rank, surround_score, view_rank, view_score, score_id) values (9.186153425516371, 6.285080148584935, 9.684458104313036, 4.706662090643102, 3.258706844310707, 7.578259014718886, 1.1685553545480554, 4.292265191467443, 9.44197955106006, 729);
2022-10-10 14:33:47.497  INFO 4460 --- [    Test worker] p6spy                                    : #1665380027497 | took 0ms | statement | connection 27| url jdbc:h2:mem:ad3a9e80-f26d-4a3e-9691-17f803db5723
insert into picture (spot_id, url, picture_id) values (?, ?, ?)
insert into picture (spot_id, url, picture_id) values (NULL, 'java.io.StringReader@2d4d2d55', 2969);
2022-10-10 14:33:47.497  INFO 4460 --- [    Test worker] p6spy                                    : #1665380027497 | took 0ms | statement | connection 27| url jdbc:h2:mem:ad3a9e80-f26d-4a3e-9691-17f803db5723
insert into picture (spot_id, url, picture_id) values (?, ?, ?)
insert into picture (spot_id, url, picture_id) values (NULL, 'java.io.StringReader@12fa0f93', 2970);
2022-10-10 14:33:47.497  INFO 4460 --- [    Test worker] p6spy                                    : #1665380027497 | took 0ms | statement | connection 27| url jdbc:h2:mem:ad3a9e80-f26d-4a3e-9691-17f803db5723
insert into picture (spot_id, url, picture_id) values (?, ?, ?)
insert into picture (spot_id, url, picture_id) values (NULL, 'java.io.StringReader@646fee3b', 2971);
2022-10-10 14:33:47.497  INFO 4460 --- [    Test worker] p6spy                                    : #1665380027497 | took 0ms | statement | connection 27| url jdbc:h2:mem:ad3a9e80-f26d-4a3e-9691-17f803db5723
insert into spot (address, description, location, name, score_id, spot_id) values (?, ?, ?, ?, ?, ?)
insert into spot (address, description, location, name, score_id, spot_id) values (NULL, NULL, 'Aewol_eup', NULL, 729, 795);
2022-10-10 14:33:47.497  INFO 4460 --- [    Test worker] p6spy                                    : #1665380027497 | took 0ms | statement | connection 27| url jdbc:h2:mem:ad3a9e80-f26d-4a3e-9691-17f803db5723
insert into member_spot (member_id, score, spot_id, member_spot_id) values (?, ?, ?, ?)
insert into member_spot (member_id, score, spot_id, member_spot_id) values (23, 0.0, 795, 2972);
2022-10-10 14:33:47.497  INFO 4460 --- [    Test worker] p6spy                                    : #1665380027497 | took 0ms | statement | connection 27| url jdbc:h2:mem:ad3a9e80-f26d-4a3e-9691-17f803db5723
insert into review (content, spot_id, review_id) values (?, ?, ?)
insert into review (content, spot_id, review_id) values ('java.io.StringReader@622f548c', 769, 731);
2022-10-10 14:33:47.497  INFO 4460 --- [    Test worker] p6spy                                    : #1665380027497 | took 0ms | statement | connection 27| url jdbc:h2:mem:ad3a9e80-f26d-4a3e-9691-17f803db5723
insert into favorite_spot (count, favorite_id, spot_id, favorite_spot_id) values (?, ?, ?, ?)
insert into favorite_spot (count, favorite_id, spot_id, favorite_spot_id) values (0, 42, 795, 540);
2022-10-10 14:33:47.497  INFO 4460 --- [    Test worker] p6spy                                    : #1665380027497 | took 0ms | statement | connection 27| url jdbc:h2:mem:ad3a9e80-f26d-4a3e-9691-17f803db5723
insert into score (facility_rank, facility_score, price_rank, price_score, rank_average, surround_rank, surround_score, view_rank, view_score, score_id) values (?, ?, ?, ?, ?, ?, ?, ?, ?, ?)
insert into score (facility_rank, facility_score, price_rank, price_score, rank_average, surround_rank, surround_score, view_rank, view_score, score_id) values (1.5276542887638045, 5.892440343456911, 5.814995505494181, 9.412442564452757, 4.390950139433456, 6.110628550573487, 1.1215720566642473, 8.67228024044308, 9.190013677807018, 730);
2022-10-10 14:33:47.497  INFO 4460 --- [    Test worker] p6spy                                    : #1665380027497 | took 0ms | statement | connection 27| url jdbc:h2:mem:ad3a9e80-f26d-4a3e-9691-17f803db5723
insert into picture (spot_id, url, picture_id) values (?, ?, ?)
insert into picture (spot_id, url, picture_id) values (NULL, 'java.io.StringReader@3a6a4608', 2973);
2022-10-10 14:33:47.497  INFO 4460 --- [    Test worker] p6spy                                    : #1665380027497 | took 0ms | statement | connection 27| url jdbc:h2:mem:ad3a9e80-f26d-4a3e-9691-17f803db5723
insert into picture (spot_id, url, picture_id) values (?, ?, ?)
insert into picture (spot_id, url, picture_id) values (NULL, 'java.io.StringReader@588fa01c', 2974);
2022-10-10 14:33:47.497  INFO 4460 --- [    Test worker] p6spy                                    : #1665380027497 | took 0ms | statement | connection 27| url jdbc:h2:mem:ad3a9e80-f26d-4a3e-9691-17f803db5723
insert into picture (spot_id, url, picture_id) values (?, ?, ?)
insert into picture (spot_id, url, picture_id) values (NULL, 'java.io.StringReader@4535ed24', 2975);
2022-10-10 14:33:47.497  INFO 4460 --- [    Test worker] p6spy                                    : #1665380027497 | took 0ms | statement | connection 27| url jdbc:h2:mem:ad3a9e80-f26d-4a3e-9691-17f803db5723
insert into spot (address, description, location, name, score_id, spot_id) values (?, ?, ?, ?, ?, ?)
insert into spot (address, description, location, name, score_id, spot_id) values (NULL, NULL, 'Aewol_eup', NULL, 730, 796);
2022-10-10 14:33:47.497  INFO 4460 --- [    Test worker] p6spy                                    : #1665380027497 | took 0ms | statement | connection 27| url jdbc:h2:mem:ad3a9e80-f26d-4a3e-9691-17f803db5723
insert into member_spot (member_id, score, spot_id, member_spot_id) values (?, ?, ?, ?)
insert into member_spot (member_id, score, spot_id, member_spot_id) values (23, 0.0, 796, 2976);
2022-10-10 14:33:47.497  INFO 4460 --- [    Test worker] p6spy                                    : #1665380027497 | took 0ms | statement | connection 27| url jdbc:h2:mem:ad3a9e80-f26d-4a3e-9691-17f803db5723
insert into review (content, spot_id, review_id) values (?, ?, ?)
insert into review (content, spot_id, review_id) values ('java.io.StringReader@2ace8c5a', 769, 732);
2022-10-10 14:33:47.497  INFO 4460 --- [    Test worker] p6spy                                    : #1665380027497 | took 0ms | statement | connection 27| url jdbc:h2:mem:ad3a9e80-f26d-4a3e-9691-17f803db5723
insert into score (facility_rank, facility_score, price_rank, price_score, rank_average, surround_rank, surround_score, view_rank, view_score, score_id) values (?, ?, ?, ?, ?, ?, ?, ?, ?, ?)
insert into score (facility_rank, facility_score, price_rank, price_score, rank_average, surround_rank, surround_score, view_rank, view_score, score_id) values (4.736992348023525, 6.936820064328999, 7.750439142683608, 2.279687992598076, 7.962339268715577, 7.292494131110466, 1.2923269491201028, 8.887808590278192, 6.338475430049338, 731);
2022-10-10 14:33:47.497  INFO 4460 --- [    Test worker] p6spy                                    : #1665380027497 | took 0ms | statement | connection 27| url jdbc:h2:mem:ad3a9e80-f26d-4a3e-9691-17f803db5723
insert into picture (spot_id, url, picture_id) values (?, ?, ?)
insert into picture (spot_id, url, picture_id) values (NULL, 'java.io.StringReader@436f25a0', 2977);
2022-10-10 14:33:47.497  INFO 4460 --- [    Test worker] p6spy                                    : #1665380027497 | took 0ms | statement | connection 27| url jdbc:h2:mem:ad3a9e80-f26d-4a3e-9691-17f803db5723
insert into picture (spot_id, url, picture_id) values (?, ?, ?)
insert into picture (spot_id, url, picture_id) values (NULL, 'java.io.StringReader@2da2582e', 2978);
2022-10-10 14:33:47.497  INFO 4460 --- [    Test worker] p6spy                                    : #1665380027497 | took 0ms | statement | connection 27| url jdbc:h2:mem:ad3a9e80-f26d-4a3e-9691-17f803db5723
insert into picture (spot_id, url, picture_id) values (?, ?, ?)
insert into picture (spot_id, url, picture_id) values (NULL, 'java.io.StringReader@10a978fb', 2979);
2022-10-10 14:33:47.497  INFO 4460 --- [    Test worker] p6spy                                    : #1665380027497 | took 0ms | statement | connection 27| url jdbc:h2:mem:ad3a9e80-f26d-4a3e-9691-17f803db5723
insert into spot (address, description, location, name, score_id, spot_id) values (?, ?, ?, ?, ?, ?)
insert into spot (address, description, location, name, score_id, spot_id) values (NULL, NULL, 'Aewol_eup', NULL, 731, 797);
2022-10-10 14:33:47.497  INFO 4460 --- [    Test worker] p6spy                                    : #1665380027497 | took 0ms | statement | connection 27| url jdbc:h2:mem:ad3a9e80-f26d-4a3e-9691-17f803db5723
insert into member_spot (member_id, score, spot_id, member_spot_id) values (?, ?, ?, ?)
insert into member_spot (member_id, score, spot_id, member_spot_id) values (23, 0.0, 797, 2980);
2022-10-10 14:33:47.497  INFO 4460 --- [    Test worker] p6spy                                    : #1665380027497 | took 0ms | statement | connection 27| url jdbc:h2:mem:ad3a9e80-f26d-4a3e-9691-17f803db5723
insert into review (content, spot_id, review_id) values (?, ?, ?)
insert into review (content, spot_id, review_id) values ('java.io.StringReader@420cb8e7', 769, 733);
2022-10-10 14:33:47.497  INFO 4460 --- [    Test worker] p6spy                                    : #1665380027497 | took 0ms | statement | connection 27| url jdbc:h2:mem:ad3a9e80-f26d-4a3e-9691-17f803db5723
insert into favorite_spot (count, favorite_id, spot_id, favorite_spot_id) values (?, ?, ?, ?)
insert into favorite_spot (count, favorite_id, spot_id, favorite_spot_id) values (0, 42, 797, 541);
2022-10-10 14:33:47.497  INFO 4460 --- [    Test worker] p6spy                                    : #1665380027497 | took 0ms | statement | connection 27| url jdbc:h2:mem:ad3a9e80-f26d-4a3e-9691-17f803db5723
insert into score (facility_rank, facility_score, price_rank, price_score, rank_average, surround_rank, surround_score, view_rank, view_score, score_id) values (?, ?, ?, ?, ?, ?, ?, ?, ?, ?)
insert into score (facility_rank, facility_score, price_rank, price_score, rank_average, surround_rank, surround_score, view_rank, view_score, score_id) values (0.29008650255352486, 2.9643669187790724, 1.7421586517294096, 3.6543704899728793, 4.524955131523614, 8.956051512449651, 7.00402632513499, 2.4589421866582652, 7.175202580864138, 732);
2022-10-10 14:33:47.497  INFO 4460 --- [    Test worker] p6spy                                    : #1665380027497 | took 0ms | statement | connection 27| url jdbc:h2:mem:ad3a9e80-f26d-4a3e-9691-17f803db5723
insert into picture (spot_id, url, picture_id) values (?, ?, ?)
insert into picture (spot_id, url, picture_id) values (NULL, 'java.io.StringReader@6f8242ec', 2981);
2022-10-10 14:33:47.497  INFO 4460 --- [    Test worker] p6spy                                    : #1665380027497 | took 0ms | statement | connection 27| url jdbc:h2:mem:ad3a9e80-f26d-4a3e-9691-17f803db5723
insert into picture (spot_id, url, picture_id) values (?, ?, ?)
insert into picture (spot_id, url, picture_id) values (NULL, 'java.io.StringReader@663a3618', 2982);
2022-10-10 14:33:47.497  INFO 4460 --- [    Test worker] p6spy                                    : #1665380027497 | took 0ms | statement | connection 27| url jdbc:h2:mem:ad3a9e80-f26d-4a3e-9691-17f803db5723
insert into picture (spot_id, url, picture_id) values (?, ?, ?)
insert into picture (spot_id, url, picture_id) values (NULL, 'java.io.StringReader@4d067701', 2983);
2022-10-10 14:33:47.497  INFO 4460 --- [    Test worker] p6spy                                    : #1665380027497 | took 0ms | statement | connection 27| url jdbc:h2:mem:ad3a9e80-f26d-4a3e-9691-17f803db5723
insert into spot (address, description, location, name, score_id, spot_id) values (?, ?, ?, ?, ?, ?)
insert into spot (address, description, location, name, score_id, spot_id) values (NULL, NULL, 'Aewol_eup', NULL, 732, 798);
2022-10-10 14:33:47.497  INFO 4460 --- [    Test worker] p6spy                                    : #1665380027497 | took 0ms | statement | connection 27| url jdbc:h2:mem:ad3a9e80-f26d-4a3e-9691-17f803db5723
insert into member_spot (member_id, score, spot_id, member_spot_id) values (?, ?, ?, ?)
insert into member_spot (member_id, score, spot_id, member_spot_id) values (23, 0.0, 798, 2984);
2022-10-10 14:33:47.497  INFO 4460 --- [    Test worker] p6spy                                    : #1665380027497 | took 0ms | statement | connection 27| url jdbc:h2:mem:ad3a9e80-f26d-4a3e-9691-17f803db5723
insert into review (content, spot_id, review_id) values (?, ?, ?)
insert into review (content, spot_id, review_id) values ('java.io.StringReader@61b975f7', 769, 734);
2022-10-10 14:33:47.497  INFO 4460 --- [    Test worker] p6spy                                    : #1665380027497 | took 0ms | statement | connection 27| url jdbc:h2:mem:ad3a9e80-f26d-4a3e-9691-17f803db5723
insert into score (facility_rank, facility_score, price_rank, price_score, rank_average, surround_rank, surround_score, view_rank, view_score, score_id) values (?, ?, ?, ?, ?, ?, ?, ?, ?, ?)
insert into score (facility_rank, facility_score, price_rank, price_score, rank_average, surround_rank, surround_score, view_rank, view_score, score_id) values (0.8365158066413436, 6.250361921495875, 9.977321319231018, 7.212766028957701, 4.603550468042763, 8.707194918701985, 1.7051857491513, 4.0167755297521115, 1.656618486358269, 733);
2022-10-10 14:33:47.498  INFO 4460 --- [    Test worker] p6spy                                    : #1665380027498 | took 0ms | statement | connection 27| url jdbc:h2:mem:ad3a9e80-f26d-4a3e-9691-17f803db5723
insert into picture (spot_id, url, picture_id) values (?, ?, ?)
insert into picture (spot_id, url, picture_id) values (NULL, 'java.io.StringReader@6d51c19e', 2985);
2022-10-10 14:33:47.498  INFO 4460 --- [    Test worker] p6spy                                    : #1665380027498 | took 0ms | statement | connection 27| url jdbc:h2:mem:ad3a9e80-f26d-4a3e-9691-17f803db5723
insert into picture (spot_id, url, picture_id) values (?, ?, ?)
insert into picture (spot_id, url, picture_id) values (NULL, 'java.io.StringReader@2c5b85f4', 2986);
2022-10-10 14:33:47.498  INFO 4460 --- [    Test worker] p6spy                                    : #1665380027498 | took 0ms | statement | connection 27| url jdbc:h2:mem:ad3a9e80-f26d-4a3e-9691-17f803db5723
insert into picture (spot_id, url, picture_id) values (?, ?, ?)
insert into picture (spot_id, url, picture_id) values (NULL, 'java.io.StringReader@35897f1f', 2987);
2022-10-10 14:33:47.498  INFO 4460 --- [    Test worker] p6spy                                    : #1665380027498 | took 0ms | statement | connection 27| url jdbc:h2:mem:ad3a9e80-f26d-4a3e-9691-17f803db5723
insert into spot (address, description, location, name, score_id, spot_id) values (?, ?, ?, ?, ?, ?)
insert into spot (address, description, location, name, score_id, spot_id) values (NULL, NULL, 'Aewol_eup', NULL, 733, 799);
2022-10-10 14:33:47.498  INFO 4460 --- [    Test worker] p6spy                                    : #1665380027498 | took 0ms | statement | connection 27| url jdbc:h2:mem:ad3a9e80-f26d-4a3e-9691-17f803db5723
insert into member_spot (member_id, score, spot_id, member_spot_id) values (?, ?, ?, ?)
insert into member_spot (member_id, score, spot_id, member_spot_id) values (23, 0.0, 799, 2988);
2022-10-10 14:33:47.498  INFO 4460 --- [    Test worker] p6spy                                    : #1665380027498 | took 0ms | statement | connection 27| url jdbc:h2:mem:ad3a9e80-f26d-4a3e-9691-17f803db5723
insert into review (content, spot_id, review_id) values (?, ?, ?)
insert into review (content, spot_id, review_id) values ('java.io.StringReader@725ad0aa', 769, 735);
2022-10-10 14:33:47.498  INFO 4460 --- [    Test worker] p6spy                                    : #1665380027498 | took 0ms | statement | connection 27| url jdbc:h2:mem:ad3a9e80-f26d-4a3e-9691-17f803db5723
insert into favorite_spot (count, favorite_id, spot_id, favorite_spot_id) values (?, ?, ?, ?)
insert into favorite_spot (count, favorite_id, spot_id, favorite_spot_id) values (0, 42, 799, 542);
2022-10-10 14:33:47.498  INFO 4460 --- [    Test worker] p6spy                                    : #1665380027498 | took 0ms | statement | connection 27| url jdbc:h2:mem:ad3a9e80-f26d-4a3e-9691-17f803db5723
insert into score (facility_rank, facility_score, price_rank, price_score, rank_average, surround_rank, surround_score, view_rank, view_score, score_id) values (?, ?, ?, ?, ?, ?, ?, ?, ?, ?)
insert into score (facility_rank, facility_score, price_rank, price_score, rank_average, surround_rank, surround_score, view_rank, view_score, score_id) values (4.209626014448885, 2.337994185621697, 1.8355803795860492, 2.863413399227107, 2.440273618821788, 0.5111230719564486, 7.12351647368846, 9.625406255272997, 0.24932104484841733, 734);
2022-10-10 14:33:47.498  INFO 4460 --- [    Test worker] p6spy                                    : #1665380027498 | took 0ms | statement | connection 27| url jdbc:h2:mem:ad3a9e80-f26d-4a3e-9691-17f803db5723
insert into picture (spot_id, url, picture_id) values (?, ?, ?)
insert into picture (spot_id, url, picture_id) values (NULL, 'java.io.StringReader@6f60b71b', 2989);
2022-10-10 14:33:47.498  INFO 4460 --- [    Test worker] p6spy                                    : #1665380027498 | took 0ms | statement | connection 27| url jdbc:h2:mem:ad3a9e80-f26d-4a3e-9691-17f803db5723
insert into picture (spot_id, url, picture_id) values (?, ?, ?)
insert into picture (spot_id, url, picture_id) values (NULL, 'java.io.StringReader@38dceb15', 2990);
2022-10-10 14:33:47.498  INFO 4460 --- [    Test worker] p6spy                                    : #1665380027498 | took 0ms | statement | connection 27| url jdbc:h2:mem:ad3a9e80-f26d-4a3e-9691-17f803db5723
insert into picture (spot_id, url, picture_id) values (?, ?, ?)
insert into picture (spot_id, url, picture_id) values (NULL, 'java.io.StringReader@9190dd3', 2991);
2022-10-10 14:33:47.498  INFO 4460 --- [    Test worker] p6spy                                    : #1665380027498 | took 0ms | statement | connection 27| url jdbc:h2:mem:ad3a9e80-f26d-4a3e-9691-17f803db5723
insert into spot (address, description, location, name, score_id, spot_id) values (?, ?, ?, ?, ?, ?)
insert into spot (address, description, location, name, score_id, spot_id) values (NULL, NULL, 'Aewol_eup', NULL, 734, 800);
2022-10-10 14:33:47.498  INFO 4460 --- [    Test worker] p6spy                                    : #1665380027498 | took 0ms | statement | connection 27| url jdbc:h2:mem:ad3a9e80-f26d-4a3e-9691-17f803db5723
insert into member_spot (member_id, score, spot_id, member_spot_id) values (?, ?, ?, ?)
insert into member_spot (member_id, score, spot_id, member_spot_id) values (23, 0.0, 800, 2992);
2022-10-10 14:33:47.498  INFO 4460 --- [    Test worker] p6spy                                    : #1665380027498 | took 0ms | statement | connection 27| url jdbc:h2:mem:ad3a9e80-f26d-4a3e-9691-17f803db5723
insert into review (content, spot_id, review_id) values (?, ?, ?)
insert into review (content, spot_id, review_id) values ('java.io.StringReader@242fe099', 769, 736);
2022-10-10 14:33:47.498  INFO 4460 --- [    Test worker] p6spy                                    : #1665380027498 | took 0ms | statement | connection 27| url jdbc:h2:mem:ad3a9e80-f26d-4a3e-9691-17f803db5723
insert into score (facility_rank, facility_score, price_rank, price_score, rank_average, surround_rank, surround_score, view_rank, view_score, score_id) values (?, ?, ?, ?, ?, ?, ?, ?, ?, ?)
insert into score (facility_rank, facility_score, price_rank, price_score, rank_average, surround_rank, surround_score, view_rank, view_score, score_id) values (8.588977762221852, 2.221396913231687, 0.11788849357246223, 9.500559217736122, 9.62052676755275, 2.259460570502374, 9.2792863673195, 0.5268450056523266, 9.926413341170722, 735);
2022-10-10 14:33:47.498  INFO 4460 --- [    Test worker] p6spy                                    : #1665380027498 | took 0ms | statement | connection 27| url jdbc:h2:mem:ad3a9e80-f26d-4a3e-9691-17f803db5723
insert into picture (spot_id, url, picture_id) values (?, ?, ?)
insert into picture (spot_id, url, picture_id) values (NULL, 'java.io.StringReader@394de552', 2993);
2022-10-10 14:33:47.498  INFO 4460 --- [    Test worker] p6spy                                    : #1665380027498 | took 0ms | statement | connection 27| url jdbc:h2:mem:ad3a9e80-f26d-4a3e-9691-17f803db5723
insert into picture (spot_id, url, picture_id) values (?, ?, ?)
insert into picture (spot_id, url, picture_id) values (NULL, 'java.io.StringReader@163c7925', 2994);
2022-10-10 14:33:47.498  INFO 4460 --- [    Test worker] p6spy                                    : #1665380027498 | took 0ms | statement | connection 27| url jdbc:h2:mem:ad3a9e80-f26d-4a3e-9691-17f803db5723
insert into picture (spot_id, url, picture_id) values (?, ?, ?)
insert into picture (spot_id, url, picture_id) values (NULL, 'java.io.StringReader@5f9ed352', 2995);
2022-10-10 14:33:47.498  INFO 4460 --- [    Test worker] p6spy                                    : #1665380027498 | took 0ms | statement | connection 27| url jdbc:h2:mem:ad3a9e80-f26d-4a3e-9691-17f803db5723
insert into spot (address, description, location, name, score_id, spot_id) values (?, ?, ?, ?, ?, ?)
insert into spot (address, description, location, name, score_id, spot_id) values (NULL, NULL, 'Aewol_eup', NULL, 735, 801);
2022-10-10 14:33:47.498  INFO 4460 --- [    Test worker] p6spy                                    : #1665380027498 | took 0ms | statement | connection 27| url jdbc:h2:mem:ad3a9e80-f26d-4a3e-9691-17f803db5723
insert into member_spot (member_id, score, spot_id, member_spot_id) values (?, ?, ?, ?)
insert into member_spot (member_id, score, spot_id, member_spot_id) values (23, 0.0, 801, 2996);
2022-10-10 14:33:47.498  INFO 4460 --- [    Test worker] p6spy                                    : #1665380027498 | took 0ms | statement | connection 27| url jdbc:h2:mem:ad3a9e80-f26d-4a3e-9691-17f803db5723
insert into review (content, spot_id, review_id) values (?, ?, ?)
insert into review (content, spot_id, review_id) values ('java.io.StringReader@464ff026', 769, 737);
2022-10-10 14:33:47.498  INFO 4460 --- [    Test worker] p6spy                                    : #1665380027498 | took 0ms | statement | connection 27| url jdbc:h2:mem:ad3a9e80-f26d-4a3e-9691-17f803db5723
insert into favorite_spot (count, favorite_id, spot_id, favorite_spot_id) values (?, ?, ?, ?)
insert into favorite_spot (count, favorite_id, spot_id, favorite_spot_id) values (0, 42, 801, 543);
2022-10-10 14:33:47.498  INFO 4460 --- [    Test worker] p6spy                                    : #1665380027498 | took 0ms | statement | connection 27| url jdbc:h2:mem:ad3a9e80-f26d-4a3e-9691-17f803db5723
insert into score (facility_rank, facility_score, price_rank, price_score, rank_average, surround_rank, surround_score, view_rank, view_score, score_id) values (?, ?, ?, ?, ?, ?, ?, ?, ?, ?)
insert into score (facility_rank, facility_score, price_rank, price_score, rank_average, surround_rank, surround_score, view_rank, view_score, score_id) values (7.615931609286869, 7.696272183959519, 6.89592451385185, 3.7218905496353383, 9.11336198758075, 1.3139396628299171, 2.5312823906826476, 9.590657631506229, 8.341678660315695, 736);
2022-10-10 14:33:47.498  INFO 4460 --- [    Test worker] p6spy                                    : #1665380027498 | took 0ms | statement | connection 27| url jdbc:h2:mem:ad3a9e80-f26d-4a3e-9691-17f803db5723
insert into picture (spot_id, url, picture_id) values (?, ?, ?)
insert into picture (spot_id, url, picture_id) values (NULL, 'java.io.StringReader@6a1dbca0', 2997);
2022-10-10 14:33:47.498  INFO 4460 --- [    Test worker] p6spy                                    : #1665380027498 | took 0ms | statement | connection 27| url jdbc:h2:mem:ad3a9e80-f26d-4a3e-9691-17f803db5723
insert into picture (spot_id, url, picture_id) values (?, ?, ?)
insert into picture (spot_id, url, picture_id) values (NULL, 'java.io.StringReader@7781f778', 2998);
2022-10-10 14:33:47.498  INFO 4460 --- [    Test worker] p6spy                                    : #1665380027498 | took 0ms | statement | connection 27| url jdbc:h2:mem:ad3a9e80-f26d-4a3e-9691-17f803db5723
insert into picture (spot_id, url, picture_id) values (?, ?, ?)
insert into picture (spot_id, url, picture_id) values (NULL, 'java.io.StringReader@2e94ae21', 2999);
2022-10-10 14:33:47.498  INFO 4460 --- [    Test worker] p6spy                                    : #1665380027498 | took 0ms | statement | connection 27| url jdbc:h2:mem:ad3a9e80-f26d-4a3e-9691-17f803db5723
insert into spot (address, description, location, name, score_id, spot_id) values (?, ?, ?, ?, ?, ?)
insert into spot (address, description, location, name, score_id, spot_id) values (NULL, NULL, 'Aewol_eup', NULL, 736, 802);
2022-10-10 14:33:47.498  INFO 4460 --- [    Test worker] p6spy                                    : #1665380027498 | took 0ms | statement | connection 27| url jdbc:h2:mem:ad3a9e80-f26d-4a3e-9691-17f803db5723
insert into member_spot (member_id, score, spot_id, member_spot_id) values (?, ?, ?, ?)
insert into member_spot (member_id, score, spot_id, member_spot_id) values (23, 0.0, 802, 3000);
2022-10-10 14:33:47.498  INFO 4460 --- [    Test worker] p6spy                                    : #1665380027498 | took 0ms | statement | connection 27| url jdbc:h2:mem:ad3a9e80-f26d-4a3e-9691-17f803db5723
insert into review (content, spot_id, review_id) values (?, ?, ?)
insert into review (content, spot_id, review_id) values ('java.io.StringReader@6837056c', 769, 738);
2022-10-10 14:33:47.498  INFO 4460 --- [    Test worker] p6spy                                    : #1665380027498 | took 0ms | statement | connection 27| url jdbc:h2:mem:ad3a9e80-f26d-4a3e-9691-17f803db5723
insert into score (facility_rank, facility_score, price_rank, price_score, rank_average, surround_rank, surround_score, view_rank, view_score, score_id) values (?, ?, ?, ?, ?, ?, ?, ?, ?, ?)
insert into score (facility_rank, facility_score, price_rank, price_score, rank_average, surround_rank, surround_score, view_rank, view_score, score_id) values (3.484391652787232, 3.079669934332101, 0.874910252375245, 0.1360592229130586, 1.7756357907675002, 4.792213824980998, 8.337652541638228, 6.5002973356022276, 2.8182815180432286, 737);
2022-10-10 14:33:47.498  INFO 4460 --- [    Test worker] p6spy                                    : #1665380027498 | took 0ms | statement | connection 27| url jdbc:h2:mem:ad3a9e80-f26d-4a3e-9691-17f803db5723
insert into picture (spot_id, url, picture_id) values (?, ?, ?)
insert into picture (spot_id, url, picture_id) values (NULL, 'java.io.StringReader@64c9e95d', 3001);
2022-10-10 14:33:47.498  INFO 4460 --- [    Test worker] p6spy                                    : #1665380027498 | took 0ms | statement | connection 27| url jdbc:h2:mem:ad3a9e80-f26d-4a3e-9691-17f803db5723
insert into picture (spot_id, url, picture_id) values (?, ?, ?)
insert into picture (spot_id, url, picture_id) values (NULL, 'java.io.StringReader@4e6f9498', 3002);
2022-10-10 14:33:47.498  INFO 4460 --- [    Test worker] p6spy                                    : #1665380027498 | took 0ms | statement | connection 27| url jdbc:h2:mem:ad3a9e80-f26d-4a3e-9691-17f803db5723
insert into picture (spot_id, url, picture_id) values (?, ?, ?)
insert into picture (spot_id, url, picture_id) values (NULL, 'java.io.StringReader@6bf3e748', 3003);
2022-10-10 14:33:47.499  INFO 4460 --- [    Test worker] p6spy                                    : #1665380027499 | took 0ms | statement | connection 27| url jdbc:h2:mem:ad3a9e80-f26d-4a3e-9691-17f803db5723
insert into spot (address, description, location, name, score_id, spot_id) values (?, ?, ?, ?, ?, ?)
insert into spot (address, description, location, name, score_id, spot_id) values (NULL, NULL, 'Aewol_eup', NULL, 737, 803);
2022-10-10 14:33:47.499  INFO 4460 --- [    Test worker] p6spy                                    : #1665380027499 | took 0ms | statement | connection 27| url jdbc:h2:mem:ad3a9e80-f26d-4a3e-9691-17f803db5723
insert into member_spot (member_id, score, spot_id, member_spot_id) values (?, ?, ?, ?)
insert into member_spot (member_id, score, spot_id, member_spot_id) values (23, 0.0, 803, 3004);
2022-10-10 14:33:47.499  INFO 4460 --- [    Test worker] p6spy                                    : #1665380027499 | took 0ms | statement | connection 27| url jdbc:h2:mem:ad3a9e80-f26d-4a3e-9691-17f803db5723
insert into review (content, spot_id, review_id) values (?, ?, ?)
insert into review (content, spot_id, review_id) values ('java.io.StringReader@6807aa0e', 769, 739);
2022-10-10 14:33:47.499  INFO 4460 --- [    Test worker] p6spy                                    : #1665380027499 | took 0ms | statement | connection 27| url jdbc:h2:mem:ad3a9e80-f26d-4a3e-9691-17f803db5723
insert into favorite_spot (count, favorite_id, spot_id, favorite_spot_id) values (?, ?, ?, ?)
insert into favorite_spot (count, favorite_id, spot_id, favorite_spot_id) values (0, 42, 803, 544);
2022-10-10 14:33:47.499  INFO 4460 --- [    Test worker] p6spy                                    : #1665380027499 | took 0ms | statement | connection 27| url jdbc:h2:mem:ad3a9e80-f26d-4a3e-9691-17f803db5723
insert into score (facility_rank, facility_score, price_rank, price_score, rank_average, surround_rank, surround_score, view_rank, view_score, score_id) values (?, ?, ?, ?, ?, ?, ?, ?, ?, ?)
insert into score (facility_rank, facility_score, price_rank, price_score, rank_average, surround_rank, surround_score, view_rank, view_score, score_id) values (1.2067783807856158, 6.832007716596969, 6.80850570516286, 4.619323306248818, 6.666415827496226, 4.246595895018839, 6.983596906332938, 4.379002266974743, 4.157943341664929, 738);
2022-10-10 14:33:47.499  INFO 4460 --- [    Test worker] p6spy                                    : #1665380027499 | took 0ms | statement | connection 27| url jdbc:h2:mem:ad3a9e80-f26d-4a3e-9691-17f803db5723
insert into picture (spot_id, url, picture_id) values (?, ?, ?)
insert into picture (spot_id, url, picture_id) values (NULL, 'java.io.StringReader@28d9d14c', 3005);
2022-10-10 14:33:47.499  INFO 4460 --- [    Test worker] p6spy                                    : #1665380027499 | took 0ms | statement | connection 27| url jdbc:h2:mem:ad3a9e80-f26d-4a3e-9691-17f803db5723
insert into picture (spot_id, url, picture_id) values (?, ?, ?)
insert into picture (spot_id, url, picture_id) values (NULL, 'java.io.StringReader@33d80801', 3006);
2022-10-10 14:33:47.499  INFO 4460 --- [    Test worker] p6spy                                    : #1665380027499 | took 0ms | statement | connection 27| url jdbc:h2:mem:ad3a9e80-f26d-4a3e-9691-17f803db5723
insert into picture (spot_id, url, picture_id) values (?, ?, ?)
insert into picture (spot_id, url, picture_id) values (NULL, 'java.io.StringReader@54a12921', 3007);
2022-10-10 14:33:47.499  INFO 4460 --- [    Test worker] p6spy                                    : #1665380027499 | took 0ms | statement | connection 27| url jdbc:h2:mem:ad3a9e80-f26d-4a3e-9691-17f803db5723
insert into spot (address, description, location, name, score_id, spot_id) values (?, ?, ?, ?, ?, ?)
insert into spot (address, description, location, name, score_id, spot_id) values (NULL, NULL, 'Aewol_eup', NULL, 738, 804);
2022-10-10 14:33:47.499  INFO 4460 --- [    Test worker] p6spy                                    : #1665380027499 | took 0ms | statement | connection 27| url jdbc:h2:mem:ad3a9e80-f26d-4a3e-9691-17f803db5723
insert into member_spot (member_id, score, spot_id, member_spot_id) values (?, ?, ?, ?)
insert into member_spot (member_id, score, spot_id, member_spot_id) values (23, 0.0, 804, 3008);
2022-10-10 14:33:47.499  INFO 4460 --- [    Test worker] p6spy                                    : #1665380027499 | took 0ms | statement | connection 27| url jdbc:h2:mem:ad3a9e80-f26d-4a3e-9691-17f803db5723
insert into review (content, spot_id, review_id) values (?, ?, ?)
insert into review (content, spot_id, review_id) values ('java.io.StringReader@64ef15bb', 769, 740);
2022-10-10 14:33:47.499  INFO 4460 --- [    Test worker] p6spy                                    : #1665380027499 | took 0ms | statement | connection 27| url jdbc:h2:mem:ad3a9e80-f26d-4a3e-9691-17f803db5723
insert into score (facility_rank, facility_score, price_rank, price_score, rank_average, surround_rank, surround_score, view_rank, view_score, score_id) values (?, ?, ?, ?, ?, ?, ?, ?, ?, ?)
insert into score (facility_rank, facility_score, price_rank, price_score, rank_average, surround_rank, surround_score, view_rank, view_score, score_id) values (4.648974187451282, 9.745626618906195, 8.24754878311909, 3.1876514758679453, 5.262527033089216, 1.5763765369621219, 4.76036027422468, 2.123784181245121, 6.904000918229646, 739);
2022-10-10 14:33:47.499  INFO 4460 --- [    Test worker] p6spy                                    : #1665380027499 | took 0ms | statement | connection 27| url jdbc:h2:mem:ad3a9e80-f26d-4a3e-9691-17f803db5723
insert into picture (spot_id, url, picture_id) values (?, ?, ?)
insert into picture (spot_id, url, picture_id) values (NULL, 'java.io.StringReader@3c28b2b', 3009);
2022-10-10 14:33:47.499  INFO 4460 --- [    Test worker] p6spy                                    : #1665380027499 | took 0ms | statement | connection 27| url jdbc:h2:mem:ad3a9e80-f26d-4a3e-9691-17f803db5723
insert into picture (spot_id, url, picture_id) values (?, ?, ?)
insert into picture (spot_id, url, picture_id) values (NULL, 'java.io.StringReader@20a75786', 3010);
2022-10-10 14:33:47.499  INFO 4460 --- [    Test worker] p6spy                                    : #1665380027499 | took 0ms | statement | connection 27| url jdbc:h2:mem:ad3a9e80-f26d-4a3e-9691-17f803db5723
insert into picture (spot_id, url, picture_id) values (?, ?, ?)
insert into picture (spot_id, url, picture_id) values (NULL, 'java.io.StringReader@32be866', 3011);
2022-10-10 14:33:47.499  INFO 4460 --- [    Test worker] p6spy                                    : #1665380027499 | took 0ms | statement | connection 27| url jdbc:h2:mem:ad3a9e80-f26d-4a3e-9691-17f803db5723
insert into spot (address, description, location, name, score_id, spot_id) values (?, ?, ?, ?, ?, ?)
insert into spot (address, description, location, name, score_id, spot_id) values (NULL, NULL, 'Aewol_eup', NULL, 739, 805);
2022-10-10 14:33:47.499  INFO 4460 --- [    Test worker] p6spy                                    : #1665380027499 | took 0ms | statement | connection 27| url jdbc:h2:mem:ad3a9e80-f26d-4a3e-9691-17f803db5723
insert into member_spot (member_id, score, spot_id, member_spot_id) values (?, ?, ?, ?)
insert into member_spot (member_id, score, spot_id, member_spot_id) values (23, 0.0, 805, 3012);
2022-10-10 14:33:47.499  INFO 4460 --- [    Test worker] p6spy                                    : #1665380027499 | took 0ms | statement | connection 27| url jdbc:h2:mem:ad3a9e80-f26d-4a3e-9691-17f803db5723
insert into review (content, spot_id, review_id) values (?, ?, ?)
insert into review (content, spot_id, review_id) values ('java.io.StringReader@11260edc', 769, 741);
2022-10-10 14:33:47.499  INFO 4460 --- [    Test worker] p6spy                                    : #1665380027499 | took 0ms | statement | connection 27| url jdbc:h2:mem:ad3a9e80-f26d-4a3e-9691-17f803db5723
insert into favorite_spot (count, favorite_id, spot_id, favorite_spot_id) values (?, ?, ?, ?)
insert into favorite_spot (count, favorite_id, spot_id, favorite_spot_id) values (0, 42, 805, 545);
2022-10-10 14:33:47.499  INFO 4460 --- [    Test worker] p6spy                                    : #1665380027499 | took 0ms | statement | connection 27| url jdbc:h2:mem:ad3a9e80-f26d-4a3e-9691-17f803db5723
insert into score (facility_rank, facility_score, price_rank, price_score, rank_average, surround_rank, surround_score, view_rank, view_score, score_id) values (?, ?, ?, ?, ?, ?, ?, ?, ?, ?)
insert into score (facility_rank, facility_score, price_rank, price_score, rank_average, surround_rank, surround_score, view_rank, view_score, score_id) values (3.2848901756778903, 4.466293577119661, 3.137621305929809, 1.3118247426735208, 3.937919336966267, 0.5393888712128547, 9.53751224361654, 4.820622471316848, 8.564905503386003, 740);
2022-10-10 14:33:47.499  INFO 4460 --- [    Test worker] p6spy                                    : #1665380027499 | took 0ms | statement | connection 27| url jdbc:h2:mem:ad3a9e80-f26d-4a3e-9691-17f803db5723
insert into picture (spot_id, url, picture_id) values (?, ?, ?)
insert into picture (spot_id, url, picture_id) values (NULL, 'java.io.StringReader@681c134c', 3013);
2022-10-10 14:33:47.499  INFO 4460 --- [    Test worker] p6spy                                    : #1665380027499 | took 0ms | statement | connection 27| url jdbc:h2:mem:ad3a9e80-f26d-4a3e-9691-17f803db5723
insert into picture (spot_id, url, picture_id) values (?, ?, ?)
insert into picture (spot_id, url, picture_id) values (NULL, 'java.io.StringReader@a42102', 3014);
2022-10-10 14:33:47.499  INFO 4460 --- [    Test worker] p6spy                                    : #1665380027499 | took 0ms | statement | connection 27| url jdbc:h2:mem:ad3a9e80-f26d-4a3e-9691-17f803db5723
insert into picture (spot_id, url, picture_id) values (?, ?, ?)
insert into picture (spot_id, url, picture_id) values (NULL, 'java.io.StringReader@39081f8f', 3015);
2022-10-10 14:33:47.499  INFO 4460 --- [    Test worker] p6spy                                    : #1665380027499 | took 0ms | statement | connection 27| url jdbc:h2:mem:ad3a9e80-f26d-4a3e-9691-17f803db5723
insert into spot (address, description, location, name, score_id, spot_id) values (?, ?, ?, ?, ?, ?)
insert into spot (address, description, location, name, score_id, spot_id) values (NULL, NULL, 'Aewol_eup', NULL, 740, 806);
2022-10-10 14:33:47.499  INFO 4460 --- [    Test worker] p6spy                                    : #1665380027499 | took 0ms | statement | connection 27| url jdbc:h2:mem:ad3a9e80-f26d-4a3e-9691-17f803db5723
insert into member_spot (member_id, score, spot_id, member_spot_id) values (?, ?, ?, ?)
insert into member_spot (member_id, score, spot_id, member_spot_id) values (23, 0.0, 806, 3016);
2022-10-10 14:33:47.499  INFO 4460 --- [    Test worker] p6spy                                    : #1665380027499 | took 0ms | statement | connection 27| url jdbc:h2:mem:ad3a9e80-f26d-4a3e-9691-17f803db5723
insert into review (content, spot_id, review_id) values (?, ?, ?)
insert into review (content, spot_id, review_id) values ('java.io.StringReader@24cde6d4', 769, 742);
2022-10-10 14:33:47.499  INFO 4460 --- [    Test worker] p6spy                                    : #1665380027499 | took 0ms | statement | connection 27| url jdbc:h2:mem:ad3a9e80-f26d-4a3e-9691-17f803db5723
insert into score (facility_rank, facility_score, price_rank, price_score, rank_average, surround_rank, surround_score, view_rank, view_score, score_id) values (?, ?, ?, ?, ?, ?, ?, ?, ?, ?)
insert into score (facility_rank, facility_score, price_rank, price_score, rank_average, surround_rank, surround_score, view_rank, view_score, score_id) values (0.689606156840622, 2.4972522605450473, 2.395157638036489, 4.363753472148605, 6.230331919485455, 6.627929614731455, 4.969199256747308, 9.574498074979948, 7.462452125175614, 741);
2022-10-10 14:33:47.499  INFO 4460 --- [    Test worker] p6spy                                    : #1665380027499 | took 0ms | statement | connection 27| url jdbc:h2:mem:ad3a9e80-f26d-4a3e-9691-17f803db5723
insert into picture (spot_id, url, picture_id) values (?, ?, ?)
insert into picture (spot_id, url, picture_id) values (NULL, 'java.io.StringReader@d40b70f', 3017);
2022-10-10 14:33:47.500  INFO 4460 --- [    Test worker] p6spy                                    : #1665380027500 | took 0ms | statement | connection 27| url jdbc:h2:mem:ad3a9e80-f26d-4a3e-9691-17f803db5723
insert into picture (spot_id, url, picture_id) values (?, ?, ?)
insert into picture (spot_id, url, picture_id) values (NULL, 'java.io.StringReader@65bd1971', 3018);
2022-10-10 14:33:47.500  INFO 4460 --- [    Test worker] p6spy                                    : #1665380027500 | took 0ms | statement | connection 27| url jdbc:h2:mem:ad3a9e80-f26d-4a3e-9691-17f803db5723
insert into picture (spot_id, url, picture_id) values (?, ?, ?)
insert into picture (spot_id, url, picture_id) values (NULL, 'java.io.StringReader@4f1b0725', 3019);
2022-10-10 14:33:47.500  INFO 4460 --- [    Test worker] p6spy                                    : #1665380027500 | took 0ms | statement | connection 27| url jdbc:h2:mem:ad3a9e80-f26d-4a3e-9691-17f803db5723
insert into spot (address, description, location, name, score_id, spot_id) values (?, ?, ?, ?, ?, ?)
insert into spot (address, description, location, name, score_id, spot_id) values (NULL, NULL, 'Aewol_eup', NULL, 741, 807);
2022-10-10 14:33:47.500  INFO 4460 --- [    Test worker] p6spy                                    : #1665380027500 | took 0ms | statement | connection 27| url jdbc:h2:mem:ad3a9e80-f26d-4a3e-9691-17f803db5723
insert into member_spot (member_id, score, spot_id, member_spot_id) values (?, ?, ?, ?)
insert into member_spot (member_id, score, spot_id, member_spot_id) values (23, 0.0, 807, 3020);
2022-10-10 14:33:47.500  INFO 4460 --- [    Test worker] p6spy                                    : #1665380027500 | took 0ms | statement | connection 27| url jdbc:h2:mem:ad3a9e80-f26d-4a3e-9691-17f803db5723
insert into review (content, spot_id, review_id) values (?, ?, ?)
insert into review (content, spot_id, review_id) values ('java.io.StringReader@4d8581a6', 769, 743);
2022-10-10 14:33:47.500  INFO 4460 --- [    Test worker] p6spy                                    : #1665380027500 | took 0ms | statement | connection 27| url jdbc:h2:mem:ad3a9e80-f26d-4a3e-9691-17f803db5723
insert into favorite_spot (count, favorite_id, spot_id, favorite_spot_id) values (?, ?, ?, ?)
insert into favorite_spot (count, favorite_id, spot_id, favorite_spot_id) values (0, 42, 807, 546);
2022-10-10 14:33:47.500  INFO 4460 --- [    Test worker] p6spy                                    : #1665380027500 | took 0ms | statement | connection 27| url jdbc:h2:mem:ad3a9e80-f26d-4a3e-9691-17f803db5723
insert into score (facility_rank, facility_score, price_rank, price_score, rank_average, surround_rank, surround_score, view_rank, view_score, score_id) values (?, ?, ?, ?, ?, ?, ?, ?, ?, ?)
insert into score (facility_rank, facility_score, price_rank, price_score, rank_average, surround_rank, surround_score, view_rank, view_score, score_id) values (6.2609322930141, 3.1038630052808527, 6.3357226058363505, 6.449430963423852, 5.573520561047297, 8.023810097925221, 7.275623144840559, 1.9971750637077401, 3.2745194656161933, 742);
2022-10-10 14:33:47.500  INFO 4460 --- [    Test worker] p6spy                                    : #1665380027500 | took 0ms | statement | connection 27| url jdbc:h2:mem:ad3a9e80-f26d-4a3e-9691-17f803db5723
insert into picture (spot_id, url, picture_id) values (?, ?, ?)
insert into picture (spot_id, url, picture_id) values (NULL, 'java.io.StringReader@f9f1e02', 3021);
2022-10-10 14:33:47.500  INFO 4460 --- [    Test worker] p6spy                                    : #1665380027500 | took 0ms | statement | connection 27| url jdbc:h2:mem:ad3a9e80-f26d-4a3e-9691-17f803db5723
insert into picture (spot_id, url, picture_id) values (?, ?, ?)
insert into picture (spot_id, url, picture_id) values (NULL, 'java.io.StringReader@292165a4', 3022);
2022-10-10 14:33:47.500  INFO 4460 --- [    Test worker] p6spy                                    : #1665380027500 | took 0ms | statement | connection 27| url jdbc:h2:mem:ad3a9e80-f26d-4a3e-9691-17f803db5723
insert into picture (spot_id, url, picture_id) values (?, ?, ?)
insert into picture (spot_id, url, picture_id) values (NULL, 'java.io.StringReader@6c957758', 3023);
2022-10-10 14:33:47.500  INFO 4460 --- [    Test worker] p6spy                                    : #1665380027500 | took 0ms | statement | connection 27| url jdbc:h2:mem:ad3a9e80-f26d-4a3e-9691-17f803db5723
insert into spot (address, description, location, name, score_id, spot_id) values (?, ?, ?, ?, ?, ?)
insert into spot (address, description, location, name, score_id, spot_id) values (NULL, NULL, 'Aewol_eup', NULL, 742, 808);
2022-10-10 14:33:47.500  INFO 4460 --- [    Test worker] p6spy                                    : #1665380027500 | took 0ms | statement | connection 27| url jdbc:h2:mem:ad3a9e80-f26d-4a3e-9691-17f803db5723
insert into member_spot (member_id, score, spot_id, member_spot_id) values (?, ?, ?, ?)
insert into member_spot (member_id, score, spot_id, member_spot_id) values (23, 0.0, 808, 3024);
2022-10-10 14:33:47.500  INFO 4460 --- [    Test worker] p6spy                                    : #1665380027500 | took 0ms | statement | connection 27| url jdbc:h2:mem:ad3a9e80-f26d-4a3e-9691-17f803db5723
insert into review (content, spot_id, review_id) values (?, ?, ?)
insert into review (content, spot_id, review_id) values ('java.io.StringReader@5d582c34', 769, 744);
2022-10-10 14:33:47.500  INFO 4460 --- [    Test worker] p6spy                                    : #1665380027500 | took 0ms | statement | connection 27| url jdbc:h2:mem:ad3a9e80-f26d-4a3e-9691-17f803db5723
insert into score (facility_rank, facility_score, price_rank, price_score, rank_average, surround_rank, surround_score, view_rank, view_score, score_id) values (?, ?, ?, ?, ?, ?, ?, ?, ?, ?)
insert into score (facility_rank, facility_score, price_rank, price_score, rank_average, surround_rank, surround_score, view_rank, view_score, score_id) values (4.112951399111755, 8.761241189405041, 0.370719197410746, 8.99447523184926, 5.130500086464313, 9.64233185012488, 8.754169129749108, 0.2740190866678438, 3.9319133420926224, 743);
2022-10-10 14:33:47.500  INFO 4460 --- [    Test worker] p6spy                                    : #1665380027500 | took 0ms | statement | connection 27| url jdbc:h2:mem:ad3a9e80-f26d-4a3e-9691-17f803db5723
insert into picture (spot_id, url, picture_id) values (?, ?, ?)
insert into picture (spot_id, url, picture_id) values (NULL, 'java.io.StringReader@267247e1', 3025);
2022-10-10 14:33:47.500  INFO 4460 --- [    Test worker] p6spy                                    : #1665380027500 | took 0ms | statement | connection 27| url jdbc:h2:mem:ad3a9e80-f26d-4a3e-9691-17f803db5723
insert into picture (spot_id, url, picture_id) values (?, ?, ?)
insert into picture (spot_id, url, picture_id) values (NULL, 'java.io.StringReader@3a96e0af', 3026);
2022-10-10 14:33:47.500  INFO 4460 --- [    Test worker] p6spy                                    : #1665380027500 | took 0ms | statement | connection 27| url jdbc:h2:mem:ad3a9e80-f26d-4a3e-9691-17f803db5723
insert into picture (spot_id, url, picture_id) values (?, ?, ?)
insert into picture (spot_id, url, picture_id) values (NULL, 'java.io.StringReader@4f2cf695', 3027);
2022-10-10 14:33:47.500  INFO 4460 --- [    Test worker] p6spy                                    : #1665380027500 | took 0ms | statement | connection 27| url jdbc:h2:mem:ad3a9e80-f26d-4a3e-9691-17f803db5723
insert into spot (address, description, location, name, score_id, spot_id) values (?, ?, ?, ?, ?, ?)
insert into spot (address, description, location, name, score_id, spot_id) values (NULL, NULL, 'Aewol_eup', NULL, 743, 809);
2022-10-10 14:33:47.500  INFO 4460 --- [    Test worker] p6spy                                    : #1665380027500 | took 0ms | statement | connection 27| url jdbc:h2:mem:ad3a9e80-f26d-4a3e-9691-17f803db5723
insert into member_spot (member_id, score, spot_id, member_spot_id) values (?, ?, ?, ?)
insert into member_spot (member_id, score, spot_id, member_spot_id) values (23, 0.0, 809, 3028);
2022-10-10 14:33:47.500  INFO 4460 --- [    Test worker] p6spy                                    : #1665380027500 | took 0ms | statement | connection 27| url jdbc:h2:mem:ad3a9e80-f26d-4a3e-9691-17f803db5723
insert into review (content, spot_id, review_id) values (?, ?, ?)
insert into review (content, spot_id, review_id) values ('java.io.StringReader@63602fd2', 769, 745);
2022-10-10 14:33:47.500  INFO 4460 --- [    Test worker] p6spy                                    : #1665380027500 | took 0ms | statement | connection 27| url jdbc:h2:mem:ad3a9e80-f26d-4a3e-9691-17f803db5723
insert into favorite_spot (count, favorite_id, spot_id, favorite_spot_id) values (?, ?, ?, ?)
insert into favorite_spot (count, favorite_id, spot_id, favorite_spot_id) values (0, 42, 809, 547);
2022-10-10 14:33:47.500  INFO 4460 --- [    Test worker] p6spy                                    : #1665380027500 | took 0ms | statement | connection 27| url jdbc:h2:mem:ad3a9e80-f26d-4a3e-9691-17f803db5723
insert into score (facility_rank, facility_score, price_rank, price_score, rank_average, surround_rank, surround_score, view_rank, view_score, score_id) values (?, ?, ?, ?, ?, ?, ?, ?, ?, ?)
insert into score (facility_rank, facility_score, price_rank, price_score, rank_average, surround_rank, surround_score, view_rank, view_score, score_id) values (6.433037023168041, 2.5032336953479217, 9.578528760586515, 1.5596671429401454, 0.5753345372329299, 1.4703809855486771, 7.691221213829255, 9.6728573401732, 7.637641217280557, 744);
2022-10-10 14:33:47.500  INFO 4460 --- [    Test worker] p6spy                                    : #1665380027500 | took 0ms | statement | connection 27| url jdbc:h2:mem:ad3a9e80-f26d-4a3e-9691-17f803db5723
insert into picture (spot_id, url, picture_id) values (?, ?, ?)
insert into picture (spot_id, url, picture_id) values (NULL, 'java.io.StringReader@5d710efc', 3029);
2022-10-10 14:33:47.500  INFO 4460 --- [    Test worker] p6spy                                    : #1665380027500 | took 0ms | statement | connection 27| url jdbc:h2:mem:ad3a9e80-f26d-4a3e-9691-17f803db5723
insert into picture (spot_id, url, picture_id) values (?, ?, ?)
insert into picture (spot_id, url, picture_id) values (NULL, 'java.io.StringReader@750443d3', 3030);
2022-10-10 14:33:47.500  INFO 4460 --- [    Test worker] p6spy                                    : #1665380027500 | took 0ms | statement | connection 27| url jdbc:h2:mem:ad3a9e80-f26d-4a3e-9691-17f803db5723
insert into picture (spot_id, url, picture_id) values (?, ?, ?)
insert into picture (spot_id, url, picture_id) values (NULL, 'java.io.StringReader@1e7551a0', 3031);
2022-10-10 14:33:47.500  INFO 4460 --- [    Test worker] p6spy                                    : #1665380027500 | took 0ms | statement | connection 27| url jdbc:h2:mem:ad3a9e80-f26d-4a3e-9691-17f803db5723
insert into spot (address, description, location, name, score_id, spot_id) values (?, ?, ?, ?, ?, ?)
insert into spot (address, description, location, name, score_id, spot_id) values (NULL, NULL, 'Aewol_eup', NULL, 744, 810);
2022-10-10 14:33:47.500  INFO 4460 --- [    Test worker] p6spy                                    : #1665380027500 | took 0ms | statement | connection 27| url jdbc:h2:mem:ad3a9e80-f26d-4a3e-9691-17f803db5723
insert into member_spot (member_id, score, spot_id, member_spot_id) values (?, ?, ?, ?)
insert into member_spot (member_id, score, spot_id, member_spot_id) values (23, 0.0, 810, 3032);
2022-10-10 14:33:47.500  INFO 4460 --- [    Test worker] p6spy                                    : #1665380027500 | took 0ms | statement | connection 27| url jdbc:h2:mem:ad3a9e80-f26d-4a3e-9691-17f803db5723
insert into review (content, spot_id, review_id) values (?, ?, ?)
insert into review (content, spot_id, review_id) values ('java.io.StringReader@319b2134', 769, 746);
2022-10-10 14:33:47.500  INFO 4460 --- [    Test worker] p6spy                                    : #1665380027500 | took 0ms | statement | connection 27| url jdbc:h2:mem:ad3a9e80-f26d-4a3e-9691-17f803db5723
insert into score (facility_rank, facility_score, price_rank, price_score, rank_average, surround_rank, surround_score, view_rank, view_score, score_id) values (?, ?, ?, ?, ?, ?, ?, ?, ?, ?)
insert into score (facility_rank, facility_score, price_rank, price_score, rank_average, surround_rank, surround_score, view_rank, view_score, score_id) values (4.605967737479718, 2.071725154631865, 9.234138425823216, 6.664850360640817, 3.407689933443149, 7.8524206296986225, 0.38552528445454204, 4.94401378596489, 4.806963300543417, 745);
2022-10-10 14:33:47.500  INFO 4460 --- [    Test worker] p6spy                                    : #1665380027500 | took 0ms | statement | connection 27| url jdbc:h2:mem:ad3a9e80-f26d-4a3e-9691-17f803db5723
insert into picture (spot_id, url, picture_id) values (?, ?, ?)
insert into picture (spot_id, url, picture_id) values (NULL, 'java.io.StringReader@68a8e601', 3033);
2022-10-10 14:33:47.500  INFO 4460 --- [    Test worker] p6spy                                    : #1665380027500 | took 0ms | statement | connection 27| url jdbc:h2:mem:ad3a9e80-f26d-4a3e-9691-17f803db5723
insert into picture (spot_id, url, picture_id) values (?, ?, ?)
insert into picture (spot_id, url, picture_id) values (NULL, 'java.io.StringReader@207f20f0', 3034);
2022-10-10 14:33:47.500  INFO 4460 --- [    Test worker] p6spy                                    : #1665380027500 | took 0ms | statement | connection 27| url jdbc:h2:mem:ad3a9e80-f26d-4a3e-9691-17f803db5723
insert into picture (spot_id, url, picture_id) values (?, ?, ?)
insert into picture (spot_id, url, picture_id) values (NULL, 'java.io.StringReader@7b66e5bd', 3035);
2022-10-10 14:33:47.500  INFO 4460 --- [    Test worker] p6spy                                    : #1665380027500 | took 0ms | statement | connection 27| url jdbc:h2:mem:ad3a9e80-f26d-4a3e-9691-17f803db5723
insert into spot (address, description, location, name, score_id, spot_id) values (?, ?, ?, ?, ?, ?)
insert into spot (address, description, location, name, score_id, spot_id) values (NULL, NULL, 'Aewol_eup', NULL, 745, 811);
2022-10-10 14:33:47.500  INFO 4460 --- [    Test worker] p6spy                                    : #1665380027500 | took 0ms | statement | connection 27| url jdbc:h2:mem:ad3a9e80-f26d-4a3e-9691-17f803db5723
insert into member_spot (member_id, score, spot_id, member_spot_id) values (?, ?, ?, ?)
insert into member_spot (member_id, score, spot_id, member_spot_id) values (23, 0.0, 811, 3036);
2022-10-10 14:33:47.500  INFO 4460 --- [    Test worker] p6spy                                    : #1665380027500 | took 0ms | statement | connection 27| url jdbc:h2:mem:ad3a9e80-f26d-4a3e-9691-17f803db5723
insert into review (content, spot_id, review_id) values (?, ?, ?)
insert into review (content, spot_id, review_id) values ('java.io.StringReader@29b6525b', 769, 747);
2022-10-10 14:33:47.500  INFO 4460 --- [    Test worker] p6spy                                    : #1665380027500 | took 0ms | statement | connection 27| url jdbc:h2:mem:ad3a9e80-f26d-4a3e-9691-17f803db5723
insert into favorite_spot (count, favorite_id, spot_id, favorite_spot_id) values (?, ?, ?, ?)
insert into favorite_spot (count, favorite_id, spot_id, favorite_spot_id) values (0, 42, 811, 548);
2022-10-10 14:33:47.500  INFO 4460 --- [    Test worker] p6spy                                    : #1665380027500 | took 0ms | statement | connection 27| url jdbc:h2:mem:ad3a9e80-f26d-4a3e-9691-17f803db5723
insert into score (facility_rank, facility_score, price_rank, price_score, rank_average, surround_rank, surround_score, view_rank, view_score, score_id) values (?, ?, ?, ?, ?, ?, ?, ?, ?, ?)
insert into score (facility_rank, facility_score, price_rank, price_score, rank_average, surround_rank, surround_score, view_rank, view_score, score_id) values (5.157445341115688, 6.339283834596499, 5.902587299369372, 0.05924306263342061, 1.1923163228144185, 1.4165577221951398, 9.036904684931477, 8.57962688729433, 2.565743548285535, 746);
2022-10-10 14:33:47.500  INFO 4460 --- [    Test worker] p6spy                                    : #1665380027500 | took 0ms | statement | connection 27| url jdbc:h2:mem:ad3a9e80-f26d-4a3e-9691-17f803db5723
insert into picture (spot_id, url, picture_id) values (?, ?, ?)
insert into picture (spot_id, url, picture_id) values (NULL, 'java.io.StringReader@6abf2254', 3037);
2022-10-10 14:33:47.500  INFO 4460 --- [    Test worker] p6spy                                    : #1665380027500 | took 0ms | statement | connection 27| url jdbc:h2:mem:ad3a9e80-f26d-4a3e-9691-17f803db5723
insert into picture (spot_id, url, picture_id) values (?, ?, ?)
insert into picture (spot_id, url, picture_id) values (NULL, 'java.io.StringReader@5319602f', 3038);
2022-10-10 14:33:47.501  INFO 4460 --- [    Test worker] p6spy                                    : #1665380027501 | took 0ms | statement | connection 27| url jdbc:h2:mem:ad3a9e80-f26d-4a3e-9691-17f803db5723
insert into picture (spot_id, url, picture_id) values (?, ?, ?)
insert into picture (spot_id, url, picture_id) values (NULL, 'java.io.StringReader@14f7c28f', 3039);
2022-10-10 14:33:47.501  INFO 4460 --- [    Test worker] p6spy                                    : #1665380027501 | took 0ms | statement | connection 27| url jdbc:h2:mem:ad3a9e80-f26d-4a3e-9691-17f803db5723
insert into spot (address, description, location, name, score_id, spot_id) values (?, ?, ?, ?, ?, ?)
insert into spot (address, description, location, name, score_id, spot_id) values (NULL, NULL, 'Aewol_eup', NULL, 746, 812);
2022-10-10 14:33:47.501  INFO 4460 --- [    Test worker] p6spy                                    : #1665380027501 | took 0ms | statement | connection 27| url jdbc:h2:mem:ad3a9e80-f26d-4a3e-9691-17f803db5723
insert into member_spot (member_id, score, spot_id, member_spot_id) values (?, ?, ?, ?)
insert into member_spot (member_id, score, spot_id, member_spot_id) values (23, 0.0, 812, 3040);
2022-10-10 14:33:47.501  INFO 4460 --- [    Test worker] p6spy                                    : #1665380027501 | took 0ms | statement | connection 27| url jdbc:h2:mem:ad3a9e80-f26d-4a3e-9691-17f803db5723
insert into review (content, spot_id, review_id) values (?, ?, ?)
insert into review (content, spot_id, review_id) values ('java.io.StringReader@57c4d88c', 769, 748);
2022-10-10 14:33:47.501  INFO 4460 --- [    Test worker] p6spy                                    : #1665380027501 | took 0ms | statement | connection 27| url jdbc:h2:mem:ad3a9e80-f26d-4a3e-9691-17f803db5723
insert into score (facility_rank, facility_score, price_rank, price_score, rank_average, surround_rank, surround_score, view_rank, view_score, score_id) values (?, ?, ?, ?, ?, ?, ?, ?, ?, ?)
insert into score (facility_rank, facility_score, price_rank, price_score, rank_average, surround_rank, surround_score, view_rank, view_score, score_id) values (6.1726511834450335, 8.782208116408485, 4.0263310445755405, 0.8164304133931832, 2.195407923431212, 1.9582911520962698, 1.3229876434444443, 8.30618247763091, 6.4826092817984975, 747);
2022-10-10 14:33:47.501  INFO 4460 --- [    Test worker] p6spy                                    : #1665380027501 | took 0ms | statement | connection 27| url jdbc:h2:mem:ad3a9e80-f26d-4a3e-9691-17f803db5723
insert into picture (spot_id, url, picture_id) values (?, ?, ?)
insert into picture (spot_id, url, picture_id) values (NULL, 'java.io.StringReader@5e95b456', 3041);
2022-10-10 14:33:47.501  INFO 4460 --- [    Test worker] p6spy                                    : #1665380027501 | took 0ms | statement | connection 27| url jdbc:h2:mem:ad3a9e80-f26d-4a3e-9691-17f803db5723
insert into picture (spot_id, url, picture_id) values (?, ?, ?)
insert into picture (spot_id, url, picture_id) values (NULL, 'java.io.StringReader@79883939', 3042);
2022-10-10 14:33:47.501  INFO 4460 --- [    Test worker] p6spy                                    : #1665380027501 | took 0ms | statement | connection 27| url jdbc:h2:mem:ad3a9e80-f26d-4a3e-9691-17f803db5723
insert into picture (spot_id, url, picture_id) values (?, ?, ?)
insert into picture (spot_id, url, picture_id) values (NULL, 'java.io.StringReader@6ca99353', 3043);
2022-10-10 14:33:47.501  INFO 4460 --- [    Test worker] p6spy                                    : #1665380027501 | took 0ms | statement | connection 27| url jdbc:h2:mem:ad3a9e80-f26d-4a3e-9691-17f803db5723
insert into spot (address, description, location, name, score_id, spot_id) values (?, ?, ?, ?, ?, ?)
insert into spot (address, description, location, name, score_id, spot_id) values (NULL, NULL, 'Aewol_eup', NULL, 747, 813);
2022-10-10 14:33:47.501  INFO 4460 --- [    Test worker] p6spy                                    : #1665380027501 | took 0ms | statement | connection 27| url jdbc:h2:mem:ad3a9e80-f26d-4a3e-9691-17f803db5723
insert into member_spot (member_id, score, spot_id, member_spot_id) values (?, ?, ?, ?)
insert into member_spot (member_id, score, spot_id, member_spot_id) values (23, 0.0, 813, 3044);
2022-10-10 14:33:47.501  INFO 4460 --- [    Test worker] p6spy                                    : #1665380027501 | took 0ms | statement | connection 27| url jdbc:h2:mem:ad3a9e80-f26d-4a3e-9691-17f803db5723
insert into review (content, spot_id, review_id) values (?, ?, ?)
insert into review (content, spot_id, review_id) values ('java.io.StringReader@1c67763c', 769, 749);
2022-10-10 14:33:47.501  INFO 4460 --- [    Test worker] p6spy                                    : #1665380027501 | took 0ms | statement | connection 27| url jdbc:h2:mem:ad3a9e80-f26d-4a3e-9691-17f803db5723
insert into favorite_spot (count, favorite_id, spot_id, favorite_spot_id) values (?, ?, ?, ?)
insert into favorite_spot (count, favorite_id, spot_id, favorite_spot_id) values (0, 42, 813, 549);
2022-10-10 14:33:47.501  INFO 4460 --- [    Test worker] p6spy                                    : #1665380027501 | took 0ms | statement | connection 27| url jdbc:h2:mem:ad3a9e80-f26d-4a3e-9691-17f803db5723
insert into score (facility_rank, facility_score, price_rank, price_score, rank_average, surround_rank, surround_score, view_rank, view_score, score_id) values (?, ?, ?, ?, ?, ?, ?, ?, ?, ?)
insert into score (facility_rank, facility_score, price_rank, price_score, rank_average, surround_rank, surround_score, view_rank, view_score, score_id) values (3.764755857559946, 3.5210572453781963, 5.41222128209195, 8.35838558367879, 6.872740358871795, 7.702931355034192, 1.7315307109252565, 5.211636357990046, 3.6073414894942135, 748);
2022-10-10 14:33:47.501  INFO 4460 --- [    Test worker] p6spy                                    : #1665380027501 | took 0ms | statement | connection 27| url jdbc:h2:mem:ad3a9e80-f26d-4a3e-9691-17f803db5723
insert into picture (spot_id, url, picture_id) values (?, ?, ?)
insert into picture (spot_id, url, picture_id) values (NULL, 'java.io.StringReader@676b8278', 3045);
2022-10-10 14:33:47.501  INFO 4460 --- [    Test worker] p6spy                                    : #1665380027501 | took 0ms | statement | connection 27| url jdbc:h2:mem:ad3a9e80-f26d-4a3e-9691-17f803db5723
insert into picture (spot_id, url, picture_id) values (?, ?, ?)
insert into picture (spot_id, url, picture_id) values (NULL, 'java.io.StringReader@d891de4', 3046);
2022-10-10 14:33:47.501  INFO 4460 --- [    Test worker] p6spy                                    : #1665380027501 | took 0ms | statement | connection 27| url jdbc:h2:mem:ad3a9e80-f26d-4a3e-9691-17f803db5723
insert into picture (spot_id, url, picture_id) values (?, ?, ?)
insert into picture (spot_id, url, picture_id) values (NULL, 'java.io.StringReader@2f992272', 3047);
2022-10-10 14:33:47.501  INFO 4460 --- [    Test worker] p6spy                                    : #1665380027501 | took 0ms | statement | connection 27| url jdbc:h2:mem:ad3a9e80-f26d-4a3e-9691-17f803db5723
insert into spot (address, description, location, name, score_id, spot_id) values (?, ?, ?, ?, ?, ?)
insert into spot (address, description, location, name, score_id, spot_id) values (NULL, NULL, 'Aewol_eup', NULL, 748, 814);
2022-10-10 14:33:47.501  INFO 4460 --- [    Test worker] p6spy                                    : #1665380027501 | took 0ms | statement | connection 27| url jdbc:h2:mem:ad3a9e80-f26d-4a3e-9691-17f803db5723
insert into member_spot (member_id, score, spot_id, member_spot_id) values (?, ?, ?, ?)
insert into member_spot (member_id, score, spot_id, member_spot_id) values (23, 0.0, 814, 3048);
2022-10-10 14:33:47.501  INFO 4460 --- [    Test worker] p6spy                                    : #1665380027501 | took 0ms | statement | connection 27| url jdbc:h2:mem:ad3a9e80-f26d-4a3e-9691-17f803db5723
insert into review (content, spot_id, review_id) values (?, ?, ?)
insert into review (content, spot_id, review_id) values ('java.io.StringReader@50397d57', 769, 750);
2022-10-10 14:33:47.501  INFO 4460 --- [    Test worker] p6spy                                    : #1665380027501 | took 0ms | statement | connection 27| url jdbc:h2:mem:ad3a9e80-f26d-4a3e-9691-17f803db5723
insert into score (facility_rank, facility_score, price_rank, price_score, rank_average, surround_rank, surround_score, view_rank, view_score, score_id) values (?, ?, ?, ?, ?, ?, ?, ?, ?, ?)
insert into score (facility_rank, facility_score, price_rank, price_score, rank_average, surround_rank, surround_score, view_rank, view_score, score_id) values (8.948008380733109, 9.451299391426367, 5.920208725789168, 9.476730059652901, 6.832337179575779, 5.664512477329373, 2.2772858924742465, 5.930631491209763, 4.734994079341186, 749);
2022-10-10 14:33:47.501  INFO 4460 --- [    Test worker] p6spy                                    : #1665380027501 | took 0ms | statement | connection 27| url jdbc:h2:mem:ad3a9e80-f26d-4a3e-9691-17f803db5723
insert into picture (spot_id, url, picture_id) values (?, ?, ?)
insert into picture (spot_id, url, picture_id) values (NULL, 'java.io.StringReader@5eaa3edc', 3049);
2022-10-10 14:33:47.501  INFO 4460 --- [    Test worker] p6spy                                    : #1665380027501 | took 0ms | statement | connection 27| url jdbc:h2:mem:ad3a9e80-f26d-4a3e-9691-17f803db5723
insert into picture (spot_id, url, picture_id) values (?, ?, ?)
insert into picture (spot_id, url, picture_id) values (NULL, 'java.io.StringReader@451451d8', 3050);
2022-10-10 14:33:47.501  INFO 4460 --- [    Test worker] p6spy                                    : #1665380027501 | took 0ms | statement | connection 27| url jdbc:h2:mem:ad3a9e80-f26d-4a3e-9691-17f803db5723
insert into picture (spot_id, url, picture_id) values (?, ?, ?)
insert into picture (spot_id, url, picture_id) values (NULL, 'java.io.StringReader@2b5b203d', 3051);
2022-10-10 14:33:47.501  INFO 4460 --- [    Test worker] p6spy                                    : #1665380027501 | took 0ms | statement | connection 27| url jdbc:h2:mem:ad3a9e80-f26d-4a3e-9691-17f803db5723
insert into spot (address, description, location, name, score_id, spot_id) values (?, ?, ?, ?, ?, ?)
insert into spot (address, description, location, name, score_id, spot_id) values (NULL, NULL, 'Aewol_eup', NULL, 749, 815);
2022-10-10 14:33:47.501  INFO 4460 --- [    Test worker] p6spy                                    : #1665380027501 | took 0ms | statement | connection 27| url jdbc:h2:mem:ad3a9e80-f26d-4a3e-9691-17f803db5723
insert into member_spot (member_id, score, spot_id, member_spot_id) values (?, ?, ?, ?)
insert into member_spot (member_id, score, spot_id, member_spot_id) values (23, 0.0, 815, 3052);
2022-10-10 14:33:47.501  INFO 4460 --- [    Test worker] p6spy                                    : #1665380027501 | took 0ms | statement | connection 27| url jdbc:h2:mem:ad3a9e80-f26d-4a3e-9691-17f803db5723
insert into review (content, spot_id, review_id) values (?, ?, ?)
insert into review (content, spot_id, review_id) values ('java.io.StringReader@5f6f7023', 769, 751);
2022-10-10 14:33:47.501  INFO 4460 --- [    Test worker] p6spy                                    : #1665380027501 | took 0ms | statement | connection 27| url jdbc:h2:mem:ad3a9e80-f26d-4a3e-9691-17f803db5723
insert into favorite_spot (count, favorite_id, spot_id, favorite_spot_id) values (?, ?, ?, ?)
insert into favorite_spot (count, favorite_id, spot_id, favorite_spot_id) values (0, 42, 815, 550);
2022-10-10 14:33:47.501  INFO 4460 --- [    Test worker] p6spy                                    : #1665380027501 | took 0ms | statement | connection 27| url jdbc:h2:mem:ad3a9e80-f26d-4a3e-9691-17f803db5723
insert into score (facility_rank, facility_score, price_rank, price_score, rank_average, surround_rank, surround_score, view_rank, view_score, score_id) values (?, ?, ?, ?, ?, ?, ?, ?, ?, ?)
insert into score (facility_rank, facility_score, price_rank, price_score, rank_average, surround_rank, surround_score, view_rank, view_score, score_id) values (7.897423802052174, 1.360547134680855, 1.7853504086159044, 4.030616425964032, 8.904763696771175, 6.956884723881142, 5.377557951466865, 3.2002378074910753, 1.1653808239699803, 750);
2022-10-10 14:33:47.501  INFO 4460 --- [    Test worker] p6spy                                    : #1665380027501 | took 0ms | statement | connection 27| url jdbc:h2:mem:ad3a9e80-f26d-4a3e-9691-17f803db5723
insert into picture (spot_id, url, picture_id) values (?, ?, ?)
insert into picture (spot_id, url, picture_id) values (NULL, 'java.io.StringReader@598c7212', 3053);
2022-10-10 14:33:47.501  INFO 4460 --- [    Test worker] p6spy                                    : #1665380027501 | took 0ms | statement | connection 27| url jdbc:h2:mem:ad3a9e80-f26d-4a3e-9691-17f803db5723
insert into picture (spot_id, url, picture_id) values (?, ?, ?)
insert into picture (spot_id, url, picture_id) values (NULL, 'java.io.StringReader@70815804', 3054);
2022-10-10 14:33:47.501  INFO 4460 --- [    Test worker] p6spy                                    : #1665380027501 | took 0ms | statement | connection 27| url jdbc:h2:mem:ad3a9e80-f26d-4a3e-9691-17f803db5723
insert into picture (spot_id, url, picture_id) values (?, ?, ?)
insert into picture (spot_id, url, picture_id) values (NULL, 'java.io.StringReader@117f0b97', 3055);
2022-10-10 14:33:47.501  INFO 4460 --- [    Test worker] p6spy                                    : #1665380027501 | took 0ms | statement | connection 27| url jdbc:h2:mem:ad3a9e80-f26d-4a3e-9691-17f803db5723
insert into spot (address, description, location, name, score_id, spot_id) values (?, ?, ?, ?, ?, ?)
insert into spot (address, description, location, name, score_id, spot_id) values (NULL, NULL, 'Aewol_eup', NULL, 750, 816);
2022-10-10 14:33:47.501  INFO 4460 --- [    Test worker] p6spy                                    : #1665380027501 | took 0ms | statement | connection 27| url jdbc:h2:mem:ad3a9e80-f26d-4a3e-9691-17f803db5723
insert into member_spot (member_id, score, spot_id, member_spot_id) values (?, ?, ?, ?)
insert into member_spot (member_id, score, spot_id, member_spot_id) values (23, 0.0, 816, 3056);
2022-10-10 14:33:47.501  INFO 4460 --- [    Test worker] p6spy                                    : #1665380027501 | took 0ms | statement | connection 27| url jdbc:h2:mem:ad3a9e80-f26d-4a3e-9691-17f803db5723
insert into review (content, spot_id, review_id) values (?, ?, ?)
insert into review (content, spot_id, review_id) values ('java.io.StringReader@4328379', 769, 752);
2022-10-10 14:33:47.502  INFO 4460 --- [    Test worker] p6spy                                    : #1665380027502 | took 0ms | statement | connection 27| url jdbc:h2:mem:ad3a9e80-f26d-4a3e-9691-17f803db5723
insert into score (facility_rank, facility_score, price_rank, price_score, rank_average, surround_rank, surround_score, view_rank, view_score, score_id) values (?, ?, ?, ?, ?, ?, ?, ?, ?, ?)
insert into score (facility_rank, facility_score, price_rank, price_score, rank_average, surround_rank, surround_score, view_rank, view_score, score_id) values (5.3917497541638895, 3.675165190808398, 4.001674824641915, 7.836123710297662, 8.572765024615576, 8.467031729431705, 4.768662444260658, 9.172477454083428, 1.1008173893056727, 751);
2022-10-10 14:33:47.502  INFO 4460 --- [    Test worker] p6spy                                    : #1665380027502 | took 0ms | statement | connection 27| url jdbc:h2:mem:ad3a9e80-f26d-4a3e-9691-17f803db5723
insert into picture (spot_id, url, picture_id) values (?, ?, ?)
insert into picture (spot_id, url, picture_id) values (NULL, 'java.io.StringReader@74299931', 3057);
2022-10-10 14:33:47.502  INFO 4460 --- [    Test worker] p6spy                                    : #1665380027502 | took 0ms | statement | connection 27| url jdbc:h2:mem:ad3a9e80-f26d-4a3e-9691-17f803db5723
insert into picture (spot_id, url, picture_id) values (?, ?, ?)
insert into picture (spot_id, url, picture_id) values (NULL, 'java.io.StringReader@5e6ebdaf', 3058);
2022-10-10 14:33:47.502  INFO 4460 --- [    Test worker] p6spy                                    : #1665380027502 | took 0ms | statement | connection 27| url jdbc:h2:mem:ad3a9e80-f26d-4a3e-9691-17f803db5723
insert into picture (spot_id, url, picture_id) values (?, ?, ?)
insert into picture (spot_id, url, picture_id) values (NULL, 'java.io.StringReader@35e48887', 3059);
2022-10-10 14:33:47.502  INFO 4460 --- [    Test worker] p6spy                                    : #1665380027502 | took 0ms | statement | connection 27| url jdbc:h2:mem:ad3a9e80-f26d-4a3e-9691-17f803db5723
insert into spot (address, description, location, name, score_id, spot_id) values (?, ?, ?, ?, ?, ?)
insert into spot (address, description, location, name, score_id, spot_id) values (NULL, NULL, 'Aewol_eup', NULL, 751, 817);
2022-10-10 14:33:47.502  INFO 4460 --- [    Test worker] p6spy                                    : #1665380027502 | took 0ms | statement | connection 27| url jdbc:h2:mem:ad3a9e80-f26d-4a3e-9691-17f803db5723
insert into member_spot (member_id, score, spot_id, member_spot_id) values (?, ?, ?, ?)
insert into member_spot (member_id, score, spot_id, member_spot_id) values (23, 0.0, 817, 3060);
2022-10-10 14:33:47.502  INFO 4460 --- [    Test worker] p6spy                                    : #1665380027502 | took 0ms | statement | connection 27| url jdbc:h2:mem:ad3a9e80-f26d-4a3e-9691-17f803db5723
insert into review (content, spot_id, review_id) values (?, ?, ?)
insert into review (content, spot_id, review_id) values ('java.io.StringReader@7734fc41', 769, 753);
2022-10-10 14:33:47.502  INFO 4460 --- [    Test worker] p6spy                                    : #1665380027502 | took 0ms | statement | connection 27| url jdbc:h2:mem:ad3a9e80-f26d-4a3e-9691-17f803db5723
insert into favorite_spot (count, favorite_id, spot_id, favorite_spot_id) values (?, ?, ?, ?)
insert into favorite_spot (count, favorite_id, spot_id, favorite_spot_id) values (0, 42, 817, 551);
2022-10-10 14:33:47.502  INFO 4460 --- [    Test worker] p6spy                                    : #1665380027502 | took 0ms | statement | connection 27| url jdbc:h2:mem:ad3a9e80-f26d-4a3e-9691-17f803db5723
insert into score (facility_rank, facility_score, price_rank, price_score, rank_average, surround_rank, surround_score, view_rank, view_score, score_id) values (?, ?, ?, ?, ?, ?, ?, ?, ?, ?)
insert into score (facility_rank, facility_score, price_rank, price_score, rank_average, surround_rank, surround_score, view_rank, view_score, score_id) values (2.3443973194050782, 5.879559659661886, 8.301590145965443, 3.185131162870115, 3.674498381120821, 0.207282529758136, 9.024484013523304, 5.1598074780297996, 0.17506805251089386, 752);
2022-10-10 14:33:47.502  INFO 4460 --- [    Test worker] p6spy                                    : #1665380027502 | took 0ms | statement | connection 27| url jdbc:h2:mem:ad3a9e80-f26d-4a3e-9691-17f803db5723
insert into picture (spot_id, url, picture_id) values (?, ?, ?)
insert into picture (spot_id, url, picture_id) values (NULL, 'java.io.StringReader@36afce56', 3061);
2022-10-10 14:33:47.502  INFO 4460 --- [    Test worker] p6spy                                    : #1665380027502 | took 0ms | statement | connection 27| url jdbc:h2:mem:ad3a9e80-f26d-4a3e-9691-17f803db5723
insert into picture (spot_id, url, picture_id) values (?, ?, ?)
insert into picture (spot_id, url, picture_id) values (NULL, 'java.io.StringReader@28099ff8', 3062);
2022-10-10 14:33:47.502  INFO 4460 --- [    Test worker] p6spy                                    : #1665380027502 | took 0ms | statement | connection 27| url jdbc:h2:mem:ad3a9e80-f26d-4a3e-9691-17f803db5723
insert into picture (spot_id, url, picture_id) values (?, ?, ?)
insert into picture (spot_id, url, picture_id) values (NULL, 'java.io.StringReader@48f4ce7', 3063);
2022-10-10 14:33:47.502  INFO 4460 --- [    Test worker] p6spy                                    : #1665380027502 | took 0ms | statement | connection 27| url jdbc:h2:mem:ad3a9e80-f26d-4a3e-9691-17f803db5723
insert into spot (address, description, location, name, score_id, spot_id) values (?, ?, ?, ?, ?, ?)
insert into spot (address, description, location, name, score_id, spot_id) values (NULL, NULL, 'Aewol_eup', NULL, 752, 818);
2022-10-10 14:33:47.502  INFO 4460 --- [    Test worker] p6spy                                    : #1665380027502 | took 0ms | statement | connection 27| url jdbc:h2:mem:ad3a9e80-f26d-4a3e-9691-17f803db5723
insert into member_spot (member_id, score, spot_id, member_spot_id) values (?, ?, ?, ?)
insert into member_spot (member_id, score, spot_id, member_spot_id) values (23, 0.0, 818, 3064);
2022-10-10 14:33:47.502  INFO 4460 --- [    Test worker] p6spy                                    : #1665380027502 | took 0ms | statement | connection 27| url jdbc:h2:mem:ad3a9e80-f26d-4a3e-9691-17f803db5723
insert into review (content, spot_id, review_id) values (?, ?, ?)
insert into review (content, spot_id, review_id) values ('java.io.StringReader@3b94ad1b', 769, 754);
2022-10-10 14:33:47.502  INFO 4460 --- [    Test worker] p6spy                                    : #1665380027502 | took 0ms | statement | connection 27| url jdbc:h2:mem:ad3a9e80-f26d-4a3e-9691-17f803db5723
insert into score (facility_rank, facility_score, price_rank, price_score, rank_average, surround_rank, surround_score, view_rank, view_score, score_id) values (?, ?, ?, ?, ?, ?, ?, ?, ?, ?)
insert into score (facility_rank, facility_score, price_rank, price_score, rank_average, surround_rank, surround_score, view_rank, view_score, score_id) values (0.11032730446159045, 2.1123942970780374, 3.3044785231893945, 2.0150537482622752, 3.7799982437425816, 4.1181796135590965, 7.98875637008851, 3.4416962089635805, 3.8393594390103436, 753);
2022-10-10 14:33:47.502  INFO 4460 --- [    Test worker] p6spy                                    : #1665380027502 | took 0ms | statement | connection 27| url jdbc:h2:mem:ad3a9e80-f26d-4a3e-9691-17f803db5723
insert into picture (spot_id, url, picture_id) values (?, ?, ?)
insert into picture (spot_id, url, picture_id) values (NULL, 'java.io.StringReader@f550f5c', 3065);
2022-10-10 14:33:47.502  INFO 4460 --- [    Test worker] p6spy                                    : #1665380027502 | took 0ms | statement | connection 27| url jdbc:h2:mem:ad3a9e80-f26d-4a3e-9691-17f803db5723
insert into picture (spot_id, url, picture_id) values (?, ?, ?)
insert into picture (spot_id, url, picture_id) values (NULL, 'java.io.StringReader@bac3d44', 3066);
2022-10-10 14:33:47.502  INFO 4460 --- [    Test worker] p6spy                                    : #1665380027502 | took 0ms | statement | connection 27| url jdbc:h2:mem:ad3a9e80-f26d-4a3e-9691-17f803db5723
insert into picture (spot_id, url, picture_id) values (?, ?, ?)
insert into picture (spot_id, url, picture_id) values (NULL, 'java.io.StringReader@52b5f53f', 3067);
2022-10-10 14:33:47.502  INFO 4460 --- [    Test worker] p6spy                                    : #1665380027502 | took 0ms | statement | connection 27| url jdbc:h2:mem:ad3a9e80-f26d-4a3e-9691-17f803db5723
insert into spot (address, description, location, name, score_id, spot_id) values (?, ?, ?, ?, ?, ?)
insert into spot (address, description, location, name, score_id, spot_id) values (NULL, NULL, 'Andeok_myeon', NULL, 753, 819);
2022-10-10 14:33:47.502  INFO 4460 --- [    Test worker] p6spy                                    : #1665380027502 | took 0ms | statement | connection 27| url jdbc:h2:mem:ad3a9e80-f26d-4a3e-9691-17f803db5723
insert into member_spot (member_id, score, spot_id, member_spot_id) values (?, ?, ?, ?)
insert into member_spot (member_id, score, spot_id, member_spot_id) values (22, 0.0, 819, 3068);
2022-10-10 14:33:47.502  INFO 4460 --- [    Test worker] p6spy                                    : #1665380027502 | took 0ms | statement | connection 27| url jdbc:h2:mem:ad3a9e80-f26d-4a3e-9691-17f803db5723
insert into review (content, spot_id, review_id) values (?, ?, ?)
insert into review (content, spot_id, review_id) values ('java.io.StringReader@1e8691a9', 769, 755);
2022-10-10 14:33:47.502  INFO 4460 --- [    Test worker] p6spy                                    : #1665380027502 | took 0ms | statement | connection 27| url jdbc:h2:mem:ad3a9e80-f26d-4a3e-9691-17f803db5723
insert into favorite_spot (count, favorite_id, spot_id, favorite_spot_id) values (?, ?, ?, ?)
insert into favorite_spot (count, favorite_id, spot_id, favorite_spot_id) values (0, 42, 819, 552);
2022-10-10 14:33:47.502  INFO 4460 --- [    Test worker] p6spy                                    : #1665380027502 | took 0ms | statement | connection 27| url jdbc:h2:mem:ad3a9e80-f26d-4a3e-9691-17f803db5723
insert into score (facility_rank, facility_score, price_rank, price_score, rank_average, surround_rank, surround_score, view_rank, view_score, score_id) values (?, ?, ?, ?, ?, ?, ?, ?, ?, ?)
insert into score (facility_rank, facility_score, price_rank, price_score, rank_average, surround_rank, surround_score, view_rank, view_score, score_id) values (3.1375120438994077, 4.811553821319061, 6.603135421116879, 1.0195607509850624, 8.605612160275875, 5.329167498384071, 4.297555796856977, 2.505124018207101, 3.8592097070915643, 754);
2022-10-10 14:33:47.502  INFO 4460 --- [    Test worker] p6spy                                    : #1665380027502 | took 0ms | statement | connection 27| url jdbc:h2:mem:ad3a9e80-f26d-4a3e-9691-17f803db5723
insert into picture (spot_id, url, picture_id) values (?, ?, ?)
insert into picture (spot_id, url, picture_id) values (NULL, 'java.io.StringReader@7a696302', 3069);
2022-10-10 14:33:47.502  INFO 4460 --- [    Test worker] p6spy                                    : #1665380027502 | took 0ms | statement | connection 27| url jdbc:h2:mem:ad3a9e80-f26d-4a3e-9691-17f803db5723
insert into picture (spot_id, url, picture_id) values (?, ?, ?)
insert into picture (spot_id, url, picture_id) values (NULL, 'java.io.StringReader@3f398418', 3070);
2022-10-10 14:33:47.502  INFO 4460 --- [    Test worker] p6spy                                    : #1665380027502 | took 0ms | statement | connection 27| url jdbc:h2:mem:ad3a9e80-f26d-4a3e-9691-17f803db5723
insert into picture (spot_id, url, picture_id) values (?, ?, ?)
insert into picture (spot_id, url, picture_id) values (NULL, 'java.io.StringReader@773604b2', 3071);
2022-10-10 14:33:47.502  INFO 4460 --- [    Test worker] p6spy                                    : #1665380027502 | took 0ms | statement | connection 27| url jdbc:h2:mem:ad3a9e80-f26d-4a3e-9691-17f803db5723
insert into spot (address, description, location, name, score_id, spot_id) values (?, ?, ?, ?, ?, ?)
insert into spot (address, description, location, name, score_id, spot_id) values (NULL, NULL, 'Andeok_myeon', NULL, 754, 820);
2022-10-10 14:33:47.502  INFO 4460 --- [    Test worker] p6spy                                    : #1665380027502 | took 0ms | statement | connection 27| url jdbc:h2:mem:ad3a9e80-f26d-4a3e-9691-17f803db5723
insert into member_spot (member_id, score, spot_id, member_spot_id) values (?, ?, ?, ?)
insert into member_spot (member_id, score, spot_id, member_spot_id) values (22, 0.0, 820, 3072);
2022-10-10 14:33:47.502  INFO 4460 --- [    Test worker] p6spy                                    : #1665380027502 | took 0ms | statement | connection 27| url jdbc:h2:mem:ad3a9e80-f26d-4a3e-9691-17f803db5723
insert into review (content, spot_id, review_id) values (?, ?, ?)
insert into review (content, spot_id, review_id) values ('java.io.StringReader@403a5a9f', 769, 756);
2022-10-10 14:33:47.502  INFO 4460 --- [    Test worker] p6spy                                    : #1665380027502 | took 0ms | statement | connection 27| url jdbc:h2:mem:ad3a9e80-f26d-4a3e-9691-17f803db5723
insert into score (facility_rank, facility_score, price_rank, price_score, rank_average, surround_rank, surround_score, view_rank, view_score, score_id) values (?, ?, ?, ?, ?, ?, ?, ?, ?, ?)
insert into score (facility_rank, facility_score, price_rank, price_score, rank_average, surround_rank, surround_score, view_rank, view_score, score_id) values (4.524023436875399, 1.9705366995356177, 2.638752568801599, 6.545822792926214, 6.202366978228269, 2.142993848185921, 4.316146420802291, 1.0938801687304678, 6.558474989977404, 755);
2022-10-10 14:33:47.502  INFO 4460 --- [    Test worker] p6spy                                    : #1665380027502 | took 0ms | statement | connection 27| url jdbc:h2:mem:ad3a9e80-f26d-4a3e-9691-17f803db5723
insert into picture (spot_id, url, picture_id) values (?, ?, ?)
insert into picture (spot_id, url, picture_id) values (NULL, 'java.io.StringReader@5f432f8b', 3073);
2022-10-10 14:33:47.502  INFO 4460 --- [    Test worker] p6spy                                    : #1665380027502 | took 0ms | statement | connection 27| url jdbc:h2:mem:ad3a9e80-f26d-4a3e-9691-17f803db5723
insert into picture (spot_id, url, picture_id) values (?, ?, ?)
insert into picture (spot_id, url, picture_id) values (NULL, 'java.io.StringReader@1cf2a8db', 3074);
2022-10-10 14:33:47.503  INFO 4460 --- [    Test worker] p6spy                                    : #1665380027503 | took 0ms | statement | connection 27| url jdbc:h2:mem:ad3a9e80-f26d-4a3e-9691-17f803db5723
insert into picture (spot_id, url, picture_id) values (?, ?, ?)
insert into picture (spot_id, url, picture_id) values (NULL, 'java.io.StringReader@3dbf511e', 3075);
2022-10-10 14:33:47.503  INFO 4460 --- [    Test worker] p6spy                                    : #1665380027503 | took 0ms | statement | connection 27| url jdbc:h2:mem:ad3a9e80-f26d-4a3e-9691-17f803db5723
insert into spot (address, description, location, name, score_id, spot_id) values (?, ?, ?, ?, ?, ?)
insert into spot (address, description, location, name, score_id, spot_id) values (NULL, NULL, 'Andeok_myeon', NULL, 755, 821);
2022-10-10 14:33:47.503  INFO 4460 --- [    Test worker] p6spy                                    : #1665380027503 | took 0ms | statement | connection 27| url jdbc:h2:mem:ad3a9e80-f26d-4a3e-9691-17f803db5723
insert into member_spot (member_id, score, spot_id, member_spot_id) values (?, ?, ?, ?)
insert into member_spot (member_id, score, spot_id, member_spot_id) values (22, 0.0, 821, 3076);
2022-10-10 14:33:47.503  INFO 4460 --- [    Test worker] p6spy                                    : #1665380027503 | took 0ms | statement | connection 27| url jdbc:h2:mem:ad3a9e80-f26d-4a3e-9691-17f803db5723
insert into review (content, spot_id, review_id) values (?, ?, ?)
insert into review (content, spot_id, review_id) values ('java.io.StringReader@421029e3', 769, 757);
2022-10-10 14:33:47.503  INFO 4460 --- [    Test worker] p6spy                                    : #1665380027503 | took 0ms | statement | connection 27| url jdbc:h2:mem:ad3a9e80-f26d-4a3e-9691-17f803db5723
insert into favorite_spot (count, favorite_id, spot_id, favorite_spot_id) values (?, ?, ?, ?)
insert into favorite_spot (count, favorite_id, spot_id, favorite_spot_id) values (0, 42, 821, 553);
2022-10-10 14:33:47.503  INFO 4460 --- [    Test worker] p6spy                                    : #1665380027503 | took 0ms | statement | connection 27| url jdbc:h2:mem:ad3a9e80-f26d-4a3e-9691-17f803db5723
insert into score (facility_rank, facility_score, price_rank, price_score, rank_average, surround_rank, surround_score, view_rank, view_score, score_id) values (?, ?, ?, ?, ?, ?, ?, ?, ?, ?)
insert into score (facility_rank, facility_score, price_rank, price_score, rank_average, surround_rank, surround_score, view_rank, view_score, score_id) values (8.377689565094132, 2.8947952207567895, 5.590621614968695, 3.554749776403916, 6.419045506541952, 3.931436055489775, 9.281245144797124, 8.370420657221853, 2.2407857473563886, 756);
2022-10-10 14:33:47.503  INFO 4460 --- [    Test worker] p6spy                                    : #1665380027503 | took 0ms | statement | connection 27| url jdbc:h2:mem:ad3a9e80-f26d-4a3e-9691-17f803db5723
insert into picture (spot_id, url, picture_id) values (?, ?, ?)
insert into picture (spot_id, url, picture_id) values (NULL, 'java.io.StringReader@9252756', 3077);
2022-10-10 14:33:47.503  INFO 4460 --- [    Test worker] p6spy                                    : #1665380027503 | took 0ms | statement | connection 27| url jdbc:h2:mem:ad3a9e80-f26d-4a3e-9691-17f803db5723
insert into picture (spot_id, url, picture_id) values (?, ?, ?)
insert into picture (spot_id, url, picture_id) values (NULL, 'java.io.StringReader@175586d8', 3078);
2022-10-10 14:33:47.503  INFO 4460 --- [    Test worker] p6spy                                    : #1665380027503 | took 0ms | statement | connection 27| url jdbc:h2:mem:ad3a9e80-f26d-4a3e-9691-17f803db5723
insert into picture (spot_id, url, picture_id) values (?, ?, ?)
insert into picture (spot_id, url, picture_id) values (NULL, 'java.io.StringReader@6e9d4353', 3079);
2022-10-10 14:33:47.503  INFO 4460 --- [    Test worker] p6spy                                    : #1665380027503 | took 0ms | statement | connection 27| url jdbc:h2:mem:ad3a9e80-f26d-4a3e-9691-17f803db5723
insert into spot (address, description, location, name, score_id, spot_id) values (?, ?, ?, ?, ?, ?)
insert into spot (address, description, location, name, score_id, spot_id) values (NULL, NULL, 'Andeok_myeon', NULL, 756, 822);
2022-10-10 14:33:47.503  INFO 4460 --- [    Test worker] p6spy                                    : #1665380027503 | took 0ms | statement | connection 27| url jdbc:h2:mem:ad3a9e80-f26d-4a3e-9691-17f803db5723
insert into member_spot (member_id, score, spot_id, member_spot_id) values (?, ?, ?, ?)
insert into member_spot (member_id, score, spot_id, member_spot_id) values (22, 0.0, 822, 3080);
2022-10-10 14:33:47.503  INFO 4460 --- [    Test worker] p6spy                                    : #1665380027503 | took 0ms | statement | connection 27| url jdbc:h2:mem:ad3a9e80-f26d-4a3e-9691-17f803db5723
insert into review (content, spot_id, review_id) values (?, ?, ?)
insert into review (content, spot_id, review_id) values ('java.io.StringReader@a7f638', 769, 758);
2022-10-10 14:33:47.503  INFO 4460 --- [    Test worker] p6spy                                    : #1665380027503 | took 0ms | statement | connection 27| url jdbc:h2:mem:ad3a9e80-f26d-4a3e-9691-17f803db5723
insert into score (facility_rank, facility_score, price_rank, price_score, rank_average, surround_rank, surround_score, view_rank, view_score, score_id) values (?, ?, ?, ?, ?, ?, ?, ?, ?, ?)
insert into score (facility_rank, facility_score, price_rank, price_score, rank_average, surround_rank, surround_score, view_rank, view_score, score_id) values (2.6592029112987836, 0.6258280062704047, 2.109492268151183, 8.361779013339092, 5.575692047465262, 3.855832508107744, 2.082748110395335, 5.614778270683608, 1.9444061482206243, 757);
2022-10-10 14:33:47.503  INFO 4460 --- [    Test worker] p6spy                                    : #1665380027503 | took 0ms | statement | connection 27| url jdbc:h2:mem:ad3a9e80-f26d-4a3e-9691-17f803db5723
insert into picture (spot_id, url, picture_id) values (?, ?, ?)
insert into picture (spot_id, url, picture_id) values (NULL, 'java.io.StringReader@392c47d5', 3081);
2022-10-10 14:33:47.503  INFO 4460 --- [    Test worker] p6spy                                    : #1665380027503 | took 0ms | statement | connection 27| url jdbc:h2:mem:ad3a9e80-f26d-4a3e-9691-17f803db5723
insert into picture (spot_id, url, picture_id) values (?, ?, ?)
insert into picture (spot_id, url, picture_id) values (NULL, 'java.io.StringReader@7b3acdf9', 3082);
2022-10-10 14:33:47.503  INFO 4460 --- [    Test worker] p6spy                                    : #1665380027503 | took 0ms | statement | connection 27| url jdbc:h2:mem:ad3a9e80-f26d-4a3e-9691-17f803db5723
insert into picture (spot_id, url, picture_id) values (?, ?, ?)
insert into picture (spot_id, url, picture_id) values (NULL, 'java.io.StringReader@3be5ef38', 3083);
2022-10-10 14:33:47.503  INFO 4460 --- [    Test worker] p6spy                                    : #1665380027503 | took 0ms | statement | connection 27| url jdbc:h2:mem:ad3a9e80-f26d-4a3e-9691-17f803db5723
insert into spot (address, description, location, name, score_id, spot_id) values (?, ?, ?, ?, ?, ?)
insert into spot (address, description, location, name, score_id, spot_id) values (NULL, NULL, 'Andeok_myeon', NULL, 757, 823);
2022-10-10 14:33:47.503  INFO 4460 --- [    Test worker] p6spy                                    : #1665380027503 | took 0ms | statement | connection 27| url jdbc:h2:mem:ad3a9e80-f26d-4a3e-9691-17f803db5723
insert into member_spot (member_id, score, spot_id, member_spot_id) values (?, ?, ?, ?)
insert into member_spot (member_id, score, spot_id, member_spot_id) values (22, 0.0, 823, 3084);
2022-10-10 14:33:47.503  INFO 4460 --- [    Test worker] p6spy                                    : #1665380027503 | took 0ms | statement | connection 27| url jdbc:h2:mem:ad3a9e80-f26d-4a3e-9691-17f803db5723
insert into review (content, spot_id, review_id) values (?, ?, ?)
insert into review (content, spot_id, review_id) values ('java.io.StringReader@56a76908', 769, 759);
2022-10-10 14:33:47.503  INFO 4460 --- [    Test worker] p6spy                                    : #1665380027503 | took 0ms | statement | connection 27| url jdbc:h2:mem:ad3a9e80-f26d-4a3e-9691-17f803db5723
insert into favorite_spot (count, favorite_id, spot_id, favorite_spot_id) values (?, ?, ?, ?)
insert into favorite_spot (count, favorite_id, spot_id, favorite_spot_id) values (0, 42, 823, 554);
2022-10-10 14:33:47.503  INFO 4460 --- [    Test worker] p6spy                                    : #1665380027503 | took 0ms | statement | connection 27| url jdbc:h2:mem:ad3a9e80-f26d-4a3e-9691-17f803db5723
insert into score (facility_rank, facility_score, price_rank, price_score, rank_average, surround_rank, surround_score, view_rank, view_score, score_id) values (?, ?, ?, ?, ?, ?, ?, ?, ?, ?)
insert into score (facility_rank, facility_score, price_rank, price_score, rank_average, surround_rank, surround_score, view_rank, view_score, score_id) values (8.14907976770949, 2.053268532411816, 6.035662778882176, 5.485952813446076, 2.9277380841541056, 5.9017298922411365, 2.7190587630493, 5.899446155195928, 4.271818244909675, 758);
2022-10-10 14:33:47.503  INFO 4460 --- [    Test worker] p6spy                                    : #1665380027503 | took 0ms | statement | connection 27| url jdbc:h2:mem:ad3a9e80-f26d-4a3e-9691-17f803db5723
insert into picture (spot_id, url, picture_id) values (?, ?, ?)
insert into picture (spot_id, url, picture_id) values (NULL, 'java.io.StringReader@39e770c4', 3085);
2022-10-10 14:33:47.503  INFO 4460 --- [    Test worker] p6spy                                    : #1665380027503 | took 0ms | statement | connection 27| url jdbc:h2:mem:ad3a9e80-f26d-4a3e-9691-17f803db5723
insert into picture (spot_id, url, picture_id) values (?, ?, ?)
insert into picture (spot_id, url, picture_id) values (NULL, 'java.io.StringReader@621eb29e', 3086);
2022-10-10 14:33:47.503  INFO 4460 --- [    Test worker] p6spy                                    : #1665380027503 | took 0ms | statement | connection 27| url jdbc:h2:mem:ad3a9e80-f26d-4a3e-9691-17f803db5723
insert into picture (spot_id, url, picture_id) values (?, ?, ?)
insert into picture (spot_id, url, picture_id) values (NULL, 'java.io.StringReader@5c8c22f2', 3087);
2022-10-10 14:33:47.503  INFO 4460 --- [    Test worker] p6spy                                    : #1665380027503 | took 0ms | statement | connection 27| url jdbc:h2:mem:ad3a9e80-f26d-4a3e-9691-17f803db5723
insert into spot (address, description, location, name, score_id, spot_id) values (?, ?, ?, ?, ?, ?)
insert into spot (address, description, location, name, score_id, spot_id) values (NULL, NULL, 'Andeok_myeon', NULL, 758, 824);
2022-10-10 14:33:47.503  INFO 4460 --- [    Test worker] p6spy                                    : #1665380027503 | took 0ms | statement | connection 27| url jdbc:h2:mem:ad3a9e80-f26d-4a3e-9691-17f803db5723
insert into member_spot (member_id, score, spot_id, member_spot_id) values (?, ?, ?, ?)
insert into member_spot (member_id, score, spot_id, member_spot_id) values (22, 0.0, 824, 3088);
2022-10-10 14:33:47.504  INFO 4460 --- [    Test worker] p6spy                                    : #1665380027504 | took 0ms | statement | connection 27| url jdbc:h2:mem:ad3a9e80-f26d-4a3e-9691-17f803db5723
insert into review (content, spot_id, review_id) values (?, ?, ?)
insert into review (content, spot_id, review_id) values ('java.io.StringReader@417c6c2d', 769, 760);
2022-10-10 14:33:47.504  INFO 4460 --- [    Test worker] p6spy                                    : #1665380027504 | took 0ms | statement | connection 27| url jdbc:h2:mem:ad3a9e80-f26d-4a3e-9691-17f803db5723
insert into score (facility_rank, facility_score, price_rank, price_score, rank_average, surround_rank, surround_score, view_rank, view_score, score_id) values (?, ?, ?, ?, ?, ?, ?, ?, ?, ?)
insert into score (facility_rank, facility_score, price_rank, price_score, rank_average, surround_rank, surround_score, view_rank, view_score, score_id) values (8.392518034488173, 4.527329302724724, 4.302787983653021, 1.8760409628507546, 9.449747378102547, 2.0078286445412505, 2.316248872421045, 2.8166137565039975, 1.2058998706433088, 759);
2022-10-10 14:33:47.504  INFO 4460 --- [    Test worker] p6spy                                    : #1665380027504 | took 0ms | statement | connection 27| url jdbc:h2:mem:ad3a9e80-f26d-4a3e-9691-17f803db5723
insert into picture (spot_id, url, picture_id) values (?, ?, ?)
insert into picture (spot_id, url, picture_id) values (NULL, 'java.io.StringReader@251e4f64', 3089);
2022-10-10 14:33:47.504  INFO 4460 --- [    Test worker] p6spy                                    : #1665380027504 | took 0ms | statement | connection 27| url jdbc:h2:mem:ad3a9e80-f26d-4a3e-9691-17f803db5723
insert into picture (spot_id, url, picture_id) values (?, ?, ?)
insert into picture (spot_id, url, picture_id) values (NULL, 'java.io.StringReader@f7b38a3', 3090);
2022-10-10 14:33:47.504  INFO 4460 --- [    Test worker] p6spy                                    : #1665380027504 | took 0ms | statement | connection 27| url jdbc:h2:mem:ad3a9e80-f26d-4a3e-9691-17f803db5723
insert into picture (spot_id, url, picture_id) values (?, ?, ?)
insert into picture (spot_id, url, picture_id) values (NULL, 'java.io.StringReader@384cd246', 3091);
2022-10-10 14:33:47.504  INFO 4460 --- [    Test worker] p6spy                                    : #1665380027504 | took 0ms | statement | connection 27| url jdbc:h2:mem:ad3a9e80-f26d-4a3e-9691-17f803db5723
insert into spot (address, description, location, name, score_id, spot_id) values (?, ?, ?, ?, ?, ?)
insert into spot (address, description, location, name, score_id, spot_id) values (NULL, NULL, 'Andeok_myeon', NULL, 759, 825);
2022-10-10 14:33:47.504  INFO 4460 --- [    Test worker] p6spy                                    : #1665380027504 | took 0ms | statement | connection 27| url jdbc:h2:mem:ad3a9e80-f26d-4a3e-9691-17f803db5723
insert into member_spot (member_id, score, spot_id, member_spot_id) values (?, ?, ?, ?)
insert into member_spot (member_id, score, spot_id, member_spot_id) values (22, 0.0, 825, 3092);
2022-10-10 14:33:47.504  INFO 4460 --- [    Test worker] p6spy                                    : #1665380027504 | took 0ms | statement | connection 27| url jdbc:h2:mem:ad3a9e80-f26d-4a3e-9691-17f803db5723
insert into review (content, spot_id, review_id) values (?, ?, ?)
insert into review (content, spot_id, review_id) values ('java.io.StringReader@1036310d', 769, 761);
2022-10-10 14:33:47.504  INFO 4460 --- [    Test worker] p6spy                                    : #1665380027504 | took 0ms | statement | connection 27| url jdbc:h2:mem:ad3a9e80-f26d-4a3e-9691-17f803db5723
insert into favorite_spot (count, favorite_id, spot_id, favorite_spot_id) values (?, ?, ?, ?)
insert into favorite_spot (count, favorite_id, spot_id, favorite_spot_id) values (0, 42, 825, 555);
2022-10-10 14:33:47.504  INFO 4460 --- [    Test worker] p6spy                                    : #1665380027504 | took 0ms | statement | connection 27| url jdbc:h2:mem:ad3a9e80-f26d-4a3e-9691-17f803db5723
insert into score (facility_rank, facility_score, price_rank, price_score, rank_average, surround_rank, surround_score, view_rank, view_score, score_id) values (?, ?, ?, ?, ?, ?, ?, ?, ?, ?)
insert into score (facility_rank, facility_score, price_rank, price_score, rank_average, surround_rank, surround_score, view_rank, view_score, score_id) values (3.349212038024029, 0.6315456303128497, 8.526643579483629, 4.798234129991558, 0.5526828116294247, 0.6152349554772119, 6.396965794181925, 4.862791224977726, 6.7171085383667, 760);
2022-10-10 14:33:47.504  INFO 4460 --- [    Test worker] p6spy                                    : #1665380027504 | took 0ms | statement | connection 27| url jdbc:h2:mem:ad3a9e80-f26d-4a3e-9691-17f803db5723
insert into picture (spot_id, url, picture_id) values (?, ?, ?)
insert into picture (spot_id, url, picture_id) values (NULL, 'java.io.StringReader@7c50116f', 3093);
2022-10-10 14:33:47.504  INFO 4460 --- [    Test worker] p6spy                                    : #1665380027504 | took 0ms | statement | connection 27| url jdbc:h2:mem:ad3a9e80-f26d-4a3e-9691-17f803db5723
insert into picture (spot_id, url, picture_id) values (?, ?, ?)
insert into picture (spot_id, url, picture_id) values (NULL, 'java.io.StringReader@36d436cd', 3094);
2022-10-10 14:33:47.504  INFO 4460 --- [    Test worker] p6spy                                    : #1665380027504 | took 0ms | statement | connection 27| url jdbc:h2:mem:ad3a9e80-f26d-4a3e-9691-17f803db5723
insert into picture (spot_id, url, picture_id) values (?, ?, ?)
insert into picture (spot_id, url, picture_id) values (NULL, 'java.io.StringReader@13da0288', 3095);
2022-10-10 14:33:47.504  INFO 4460 --- [    Test worker] p6spy                                    : #1665380027504 | took 0ms | statement | connection 27| url jdbc:h2:mem:ad3a9e80-f26d-4a3e-9691-17f803db5723
insert into spot (address, description, location, name, score_id, spot_id) values (?, ?, ?, ?, ?, ?)
insert into spot (address, description, location, name, score_id, spot_id) values (NULL, NULL, 'Andeok_myeon', NULL, 760, 826);
2022-10-10 14:33:47.504  INFO 4460 --- [    Test worker] p6spy                                    : #1665380027504 | took 0ms | statement | connection 27| url jdbc:h2:mem:ad3a9e80-f26d-4a3e-9691-17f803db5723
insert into member_spot (member_id, score, spot_id, member_spot_id) values (?, ?, ?, ?)
insert into member_spot (member_id, score, spot_id, member_spot_id) values (22, 0.0, 826, 3096);
2022-10-10 14:33:47.504  INFO 4460 --- [    Test worker] p6spy                                    : #1665380027504 | took 0ms | statement | connection 27| url jdbc:h2:mem:ad3a9e80-f26d-4a3e-9691-17f803db5723
insert into review (content, spot_id, review_id) values (?, ?, ?)
insert into review (content, spot_id, review_id) values ('java.io.StringReader@54bc0457', 769, 762);
2022-10-10 14:33:47.504  INFO 4460 --- [    Test worker] p6spy                                    : #1665380027504 | took 0ms | statement | connection 27| url jdbc:h2:mem:ad3a9e80-f26d-4a3e-9691-17f803db5723
insert into score (facility_rank, facility_score, price_rank, price_score, rank_average, surround_rank, surround_score, view_rank, view_score, score_id) values (?, ?, ?, ?, ?, ?, ?, ?, ?, ?)
insert into score (facility_rank, facility_score, price_rank, price_score, rank_average, surround_rank, surround_score, view_rank, view_score, score_id) values (2.410326619494223, 8.131695812400702, 9.73656481231867, 9.848278421028967, 9.413425275856017, 5.458416454831329, 9.168280257819951, 5.671562677703674, 4.816925345123016, 761);
2022-10-10 14:33:47.504  INFO 4460 --- [    Test worker] p6spy                                    : #1665380027504 | took 0ms | statement | connection 27| url jdbc:h2:mem:ad3a9e80-f26d-4a3e-9691-17f803db5723
insert into picture (spot_id, url, picture_id) values (?, ?, ?)
insert into picture (spot_id, url, picture_id) values (NULL, 'java.io.StringReader@6f8f0cdf', 3097);
2022-10-10 14:33:47.504  INFO 4460 --- [    Test worker] p6spy                                    : #1665380027504 | took 0ms | statement | connection 27| url jdbc:h2:mem:ad3a9e80-f26d-4a3e-9691-17f803db5723
insert into picture (spot_id, url, picture_id) values (?, ?, ?)
insert into picture (spot_id, url, picture_id) values (NULL, 'java.io.StringReader@21f75c70', 3098);
2022-10-10 14:33:47.504  INFO 4460 --- [    Test worker] p6spy                                    : #1665380027504 | took 0ms | statement | connection 27| url jdbc:h2:mem:ad3a9e80-f26d-4a3e-9691-17f803db5723
insert into picture (spot_id, url, picture_id) values (?, ?, ?)
insert into picture (spot_id, url, picture_id) values (NULL, 'java.io.StringReader@65b1bebd', 3099);
2022-10-10 14:33:47.504  INFO 4460 --- [    Test worker] p6spy                                    : #1665380027504 | took 0ms | statement | connection 27| url jdbc:h2:mem:ad3a9e80-f26d-4a3e-9691-17f803db5723
insert into spot (address, description, location, name, score_id, spot_id) values (?, ?, ?, ?, ?, ?)
insert into spot (address, description, location, name, score_id, spot_id) values (NULL, NULL, 'Andeok_myeon', NULL, 761, 827);
2022-10-10 14:33:47.504  INFO 4460 --- [    Test worker] p6spy                                    : #1665380027504 | took 0ms | statement | connection 27| url jdbc:h2:mem:ad3a9e80-f26d-4a3e-9691-17f803db5723
insert into member_spot (member_id, score, spot_id, member_spot_id) values (?, ?, ?, ?)
insert into member_spot (member_id, score, spot_id, member_spot_id) values (22, 0.0, 827, 3100);
2022-10-10 14:33:47.504  INFO 4460 --- [    Test worker] p6spy                                    : #1665380027504 | took 0ms | statement | connection 27| url jdbc:h2:mem:ad3a9e80-f26d-4a3e-9691-17f803db5723
insert into review (content, spot_id, review_id) values (?, ?, ?)
insert into review (content, spot_id, review_id) values ('java.io.StringReader@5e02857a', 769, 763);
2022-10-10 14:33:47.504  INFO 4460 --- [    Test worker] p6spy                                    : #1665380027504 | took 0ms | statement | connection 27| url jdbc:h2:mem:ad3a9e80-f26d-4a3e-9691-17f803db5723
insert into favorite_spot (count, favorite_id, spot_id, favorite_spot_id) values (?, ?, ?, ?)
insert into favorite_spot (count, favorite_id, spot_id, favorite_spot_id) values (0, 42, 827, 556);
2022-10-10 14:33:47.504  INFO 4460 --- [    Test worker] p6spy                                    : #1665380027504 | took 0ms | statement | connection 27| url jdbc:h2:mem:ad3a9e80-f26d-4a3e-9691-17f803db5723
insert into score (facility_rank, facility_score, price_rank, price_score, rank_average, surround_rank, surround_score, view_rank, view_score, score_id) values (?, ?, ?, ?, ?, ?, ?, ?, ?, ?)
insert into score (facility_rank, facility_score, price_rank, price_score, rank_average, surround_rank, surround_score, view_rank, view_score, score_id) values (5.500079394868824, 5.712147946915742, 1.8353825578020133, 0.6461789754616631, 0.21098508419701179, 1.7045708073061472, 1.4011351789124726, 4.849821493205944, 8.170207680525282, 762);
2022-10-10 14:33:47.504  INFO 4460 --- [    Test worker] p6spy                                    : #1665380027504 | took 0ms | statement | connection 27| url jdbc:h2:mem:ad3a9e80-f26d-4a3e-9691-17f803db5723
insert into picture (spot_id, url, picture_id) values (?, ?, ?)
insert into picture (spot_id, url, picture_id) values (NULL, 'java.io.StringReader@544dc813', 3101);
2022-10-10 14:33:47.504  INFO 4460 --- [    Test worker] p6spy                                    : #1665380027504 | took 0ms | statement | connection 27| url jdbc:h2:mem:ad3a9e80-f26d-4a3e-9691-17f803db5723
insert into picture (spot_id, url, picture_id) values (?, ?, ?)
insert into picture (spot_id, url, picture_id) values (NULL, 'java.io.StringReader@745ea191', 3102);
2022-10-10 14:33:47.504  INFO 4460 --- [    Test worker] p6spy                                    : #1665380027504 | took 0ms | statement | connection 27| url jdbc:h2:mem:ad3a9e80-f26d-4a3e-9691-17f803db5723
insert into picture (spot_id, url, picture_id) values (?, ?, ?)
insert into picture (spot_id, url, picture_id) values (NULL, 'java.io.StringReader@40decfff', 3103);
2022-10-10 14:33:47.504  INFO 4460 --- [    Test worker] p6spy                                    : #1665380027504 | took 0ms | statement | connection 27| url jdbc:h2:mem:ad3a9e80-f26d-4a3e-9691-17f803db5723
insert into spot (address, description, location, name, score_id, spot_id) values (?, ?, ?, ?, ?, ?)
insert into spot (address, description, location, name, score_id, spot_id) values (NULL, NULL, 'Andeok_myeon', NULL, 762, 828);
2022-10-10 14:33:47.504  INFO 4460 --- [    Test worker] p6spy                                    : #1665380027504 | took 0ms | statement | connection 27| url jdbc:h2:mem:ad3a9e80-f26d-4a3e-9691-17f803db5723
insert into member_spot (member_id, score, spot_id, member_spot_id) values (?, ?, ?, ?)
insert into member_spot (member_id, score, spot_id, member_spot_id) values (22, 0.0, 828, 3104);
2022-10-10 14:33:47.504  INFO 4460 --- [    Test worker] p6spy                                    : #1665380027504 | took 0ms | statement | connection 27| url jdbc:h2:mem:ad3a9e80-f26d-4a3e-9691-17f803db5723
insert into review (content, spot_id, review_id) values (?, ?, ?)
insert into review (content, spot_id, review_id) values ('java.io.StringReader@3b89589a', 769, 764);
2022-10-10 14:33:47.504  INFO 4460 --- [    Test worker] p6spy                                    : #1665380027504 | took 0ms | statement | connection 27| url jdbc:h2:mem:ad3a9e80-f26d-4a3e-9691-17f803db5723
insert into score (facility_rank, facility_score, price_rank, price_score, rank_average, surround_rank, surround_score, view_rank, view_score, score_id) values (?, ?, ?, ?, ?, ?, ?, ?, ?, ?)
insert into score (facility_rank, facility_score, price_rank, price_score, rank_average, surround_rank, surround_score, view_rank, view_score, score_id) values (4.788100447220587, 8.236107356453395, 0.09893017104483204, 0.5138872312673226, 2.5405877017891285, 9.154310182284618, 3.077236847495677, 4.591412647088644, 0.553806458820093, 763);
2022-10-10 14:33:47.504  INFO 4460 --- [    Test worker] p6spy                                    : #1665380027504 | took 0ms | statement | connection 27| url jdbc:h2:mem:ad3a9e80-f26d-4a3e-9691-17f803db5723
insert into picture (spot_id, url, picture_id) values (?, ?, ?)
insert into picture (spot_id, url, picture_id) values (NULL, 'java.io.StringReader@5b9e05e2', 3105);
2022-10-10 14:33:47.504  INFO 4460 --- [    Test worker] p6spy                                    : #1665380027504 | took 0ms | statement | connection 27| url jdbc:h2:mem:ad3a9e80-f26d-4a3e-9691-17f803db5723
insert into picture (spot_id, url, picture_id) values (?, ?, ?)
insert into picture (spot_id, url, picture_id) values (NULL, 'java.io.StringReader@2f65c9db', 3106);
2022-10-10 14:33:47.504  INFO 4460 --- [    Test worker] p6spy                                    : #1665380027504 | took 0ms | statement | connection 27| url jdbc:h2:mem:ad3a9e80-f26d-4a3e-9691-17f803db5723
insert into picture (spot_id, url, picture_id) values (?, ?, ?)
insert into picture (spot_id, url, picture_id) values (NULL, 'java.io.StringReader@71753eb8', 3107);
2022-10-10 14:33:47.504  INFO 4460 --- [    Test worker] p6spy                                    : #1665380027504 | took 0ms | statement | connection 27| url jdbc:h2:mem:ad3a9e80-f26d-4a3e-9691-17f803db5723
insert into spot (address, description, location, name, score_id, spot_id) values (?, ?, ?, ?, ?, ?)
insert into spot (address, description, location, name, score_id, spot_id) values (NULL, NULL, 'Andeok_myeon', NULL, 763, 829);
2022-10-10 14:33:47.504  INFO 4460 --- [    Test worker] p6spy                                    : #1665380027504 | took 0ms | statement | connection 27| url jdbc:h2:mem:ad3a9e80-f26d-4a3e-9691-17f803db5723
insert into member_spot (member_id, score, spot_id, member_spot_id) values (?, ?, ?, ?)
insert into member_spot (member_id, score, spot_id, member_spot_id) values (22, 0.0, 829, 3108);
2022-10-10 14:33:47.504  INFO 4460 --- [    Test worker] p6spy                                    : #1665380027504 | took 0ms | statement | connection 27| url jdbc:h2:mem:ad3a9e80-f26d-4a3e-9691-17f803db5723
insert into review (content, spot_id, review_id) values (?, ?, ?)
insert into review (content, spot_id, review_id) values ('java.io.StringReader@51430663', 769, 765);
2022-10-10 14:33:47.504  INFO 4460 --- [    Test worker] p6spy                                    : #1665380027504 | took 0ms | statement | connection 27| url jdbc:h2:mem:ad3a9e80-f26d-4a3e-9691-17f803db5723
insert into favorite_spot (count, favorite_id, spot_id, favorite_spot_id) values (?, ?, ?, ?)
insert into favorite_spot (count, favorite_id, spot_id, favorite_spot_id) values (0, 42, 829, 557);
2022-10-10 14:33:47.504  INFO 4460 --- [    Test worker] p6spy                                    : #1665380027504 | took 0ms | statement | connection 27| url jdbc:h2:mem:ad3a9e80-f26d-4a3e-9691-17f803db5723
insert into score (facility_rank, facility_score, price_rank, price_score, rank_average, surround_rank, surround_score, view_rank, view_score, score_id) values (?, ?, ?, ?, ?, ?, ?, ?, ?, ?)
insert into score (facility_rank, facility_score, price_rank, price_score, rank_average, surround_rank, surround_score, view_rank, view_score, score_id) values (3.3985705084827043, 9.897592371811786, 4.109291069078384, 8.66255050684991, 6.340967990127433, 2.256771721019656, 8.263982789415358, 6.528421375615325, 5.020225272950602, 764);
2022-10-10 14:33:47.504  INFO 4460 --- [    Test worker] p6spy                                    : #1665380027504 | took 0ms | statement | connection 27| url jdbc:h2:mem:ad3a9e80-f26d-4a3e-9691-17f803db5723
insert into picture (spot_id, url, picture_id) values (?, ?, ?)
insert into picture (spot_id, url, picture_id) values (NULL, 'java.io.StringReader@65ec70e3', 3109);
2022-10-10 14:33:47.504  INFO 4460 --- [    Test worker] p6spy                                    : #1665380027504 | took 0ms | statement | connection 27| url jdbc:h2:mem:ad3a9e80-f26d-4a3e-9691-17f803db5723
insert into picture (spot_id, url, picture_id) values (?, ?, ?)
insert into picture (spot_id, url, picture_id) values (NULL, 'java.io.StringReader@3486994c', 3110);
2022-10-10 14:33:47.504  INFO 4460 --- [    Test worker] p6spy                                    : #1665380027504 | took 0ms | statement | connection 27| url jdbc:h2:mem:ad3a9e80-f26d-4a3e-9691-17f803db5723
insert into picture (spot_id, url, picture_id) values (?, ?, ?)
insert into picture (spot_id, url, picture_id) values (NULL, 'java.io.StringReader@6eee8872', 3111);
2022-10-10 14:33:47.505  INFO 4460 --- [    Test worker] p6spy                                    : #1665380027505 | took 0ms | statement | connection 27| url jdbc:h2:mem:ad3a9e80-f26d-4a3e-9691-17f803db5723
insert into spot (address, description, location, name, score_id, spot_id) values (?, ?, ?, ?, ?, ?)
insert into spot (address, description, location, name, score_id, spot_id) values (NULL, NULL, 'Andeok_myeon', NULL, 764, 830);
2022-10-10 14:33:47.505  INFO 4460 --- [    Test worker] p6spy                                    : #1665380027505 | took 0ms | statement | connection 27| url jdbc:h2:mem:ad3a9e80-f26d-4a3e-9691-17f803db5723
insert into member_spot (member_id, score, spot_id, member_spot_id) values (?, ?, ?, ?)
insert into member_spot (member_id, score, spot_id, member_spot_id) values (22, 0.0, 830, 3112);
2022-10-10 14:33:47.505  INFO 4460 --- [    Test worker] p6spy                                    : #1665380027505 | took 0ms | statement | connection 27| url jdbc:h2:mem:ad3a9e80-f26d-4a3e-9691-17f803db5723
insert into review (content, spot_id, review_id) values (?, ?, ?)
insert into review (content, spot_id, review_id) values ('java.io.StringReader@7d6533b0', 769, 766);
2022-10-10 14:33:47.505  INFO 4460 --- [    Test worker] p6spy                                    : #1665380027505 | took 0ms | statement | connection 27| url jdbc:h2:mem:ad3a9e80-f26d-4a3e-9691-17f803db5723
insert into score (facility_rank, facility_score, price_rank, price_score, rank_average, surround_rank, surround_score, view_rank, view_score, score_id) values (?, ?, ?, ?, ?, ?, ?, ?, ?, ?)
insert into score (facility_rank, facility_score, price_rank, price_score, rank_average, surround_rank, surround_score, view_rank, view_score, score_id) values (1.243610888006882, 3.573587684907312, 3.7184560916077016, 8.603945773862264, 6.484729321535055, 5.6035249214492975, 7.3807655213291685, 8.075439329692282, 6.22513827864444, 765);
2022-10-10 14:33:47.505  INFO 4460 --- [    Test worker] p6spy                                    : #1665380027505 | took 0ms | statement | connection 27| url jdbc:h2:mem:ad3a9e80-f26d-4a3e-9691-17f803db5723
insert into picture (spot_id, url, picture_id) values (?, ?, ?)
insert into picture (spot_id, url, picture_id) values (NULL, 'java.io.StringReader@3f4e0bc8', 3113);
2022-10-10 14:33:47.505  INFO 4460 --- [    Test worker] p6spy                                    : #1665380027505 | took 0ms | statement | connection 27| url jdbc:h2:mem:ad3a9e80-f26d-4a3e-9691-17f803db5723
insert into picture (spot_id, url, picture_id) values (?, ?, ?)
insert into picture (spot_id, url, picture_id) values (NULL, 'java.io.StringReader@732211dc', 3114);
2022-10-10 14:33:47.505  INFO 4460 --- [    Test worker] p6spy                                    : #1665380027505 | took 0ms | statement | connection 27| url jdbc:h2:mem:ad3a9e80-f26d-4a3e-9691-17f803db5723
insert into picture (spot_id, url, picture_id) values (?, ?, ?)
insert into picture (spot_id, url, picture_id) values (NULL, 'java.io.StringReader@4ad1ed3', 3115);
2022-10-10 14:33:47.505  INFO 4460 --- [    Test worker] p6spy                                    : #1665380027505 | took 0ms | statement | connection 27| url jdbc:h2:mem:ad3a9e80-f26d-4a3e-9691-17f803db5723
insert into spot (address, description, location, name, score_id, spot_id) values (?, ?, ?, ?, ?, ?)
insert into spot (address, description, location, name, score_id, spot_id) values (NULL, NULL, 'Andeok_myeon', NULL, 765, 831);
2022-10-10 14:33:47.505  INFO 4460 --- [    Test worker] p6spy                                    : #1665380027505 | took 0ms | statement | connection 27| url jdbc:h2:mem:ad3a9e80-f26d-4a3e-9691-17f803db5723
insert into member_spot (member_id, score, spot_id, member_spot_id) values (?, ?, ?, ?)
insert into member_spot (member_id, score, spot_id, member_spot_id) values (22, 0.0, 831, 3116);
2022-10-10 14:33:47.505  INFO 4460 --- [    Test worker] p6spy                                    : #1665380027505 | took 0ms | statement | connection 27| url jdbc:h2:mem:ad3a9e80-f26d-4a3e-9691-17f803db5723
insert into review (content, spot_id, review_id) values (?, ?, ?)
insert into review (content, spot_id, review_id) values ('java.io.StringReader@464fece4', 769, 767);
2022-10-10 14:33:47.505  INFO 4460 --- [    Test worker] p6spy                                    : #1665380027505 | took 0ms | statement | connection 27| url jdbc:h2:mem:ad3a9e80-f26d-4a3e-9691-17f803db5723
insert into favorite_spot (count, favorite_id, spot_id, favorite_spot_id) values (?, ?, ?, ?)
insert into favorite_spot (count, favorite_id, spot_id, favorite_spot_id) values (0, 42, 831, 558);
2022-10-10 14:33:47.505  INFO 4460 --- [    Test worker] p6spy                                    : #1665380027505 | took 0ms | statement | connection 27| url jdbc:h2:mem:ad3a9e80-f26d-4a3e-9691-17f803db5723
insert into score (facility_rank, facility_score, price_rank, price_score, rank_average, surround_rank, surround_score, view_rank, view_score, score_id) values (?, ?, ?, ?, ?, ?, ?, ?, ?, ?)
insert into score (facility_rank, facility_score, price_rank, price_score, rank_average, surround_rank, surround_score, view_rank, view_score, score_id) values (6.656551091530993, 7.641863322979496, 1.4276212607923122, 8.725479350734838, 8.441098443848697, 9.09964201462375, 9.883756850440548, 8.225174242845403, 4.21705508811023, 766);
2022-10-10 14:33:47.505  INFO 4460 --- [    Test worker] p6spy                                    : #1665380027505 | took 0ms | statement | connection 27| url jdbc:h2:mem:ad3a9e80-f26d-4a3e-9691-17f803db5723
insert into picture (spot_id, url, picture_id) values (?, ?, ?)
insert into picture (spot_id, url, picture_id) values (NULL, 'java.io.StringReader@5c6bb41d', 3117);
2022-10-10 14:33:47.505  INFO 4460 --- [    Test worker] p6spy                                    : #1665380027505 | took 0ms | statement | connection 27| url jdbc:h2:mem:ad3a9e80-f26d-4a3e-9691-17f803db5723
insert into picture (spot_id, url, picture_id) values (?, ?, ?)
insert into picture (spot_id, url, picture_id) values (NULL, 'java.io.StringReader@c8cc5e0', 3118);
2022-10-10 14:33:47.505  INFO 4460 --- [    Test worker] p6spy                                    : #1665380027505 | took 0ms | statement | connection 27| url jdbc:h2:mem:ad3a9e80-f26d-4a3e-9691-17f803db5723
insert into picture (spot_id, url, picture_id) values (?, ?, ?)
insert into picture (spot_id, url, picture_id) values (NULL, 'java.io.StringReader@550c1666', 3119);
2022-10-10 14:33:47.505  INFO 4460 --- [    Test worker] p6spy                                    : #1665380027505 | took 0ms | statement | connection 27| url jdbc:h2:mem:ad3a9e80-f26d-4a3e-9691-17f803db5723
insert into spot (address, description, location, name, score_id, spot_id) values (?, ?, ?, ?, ?, ?)
insert into spot (address, description, location, name, score_id, spot_id) values (NULL, NULL, 'Andeok_myeon', NULL, 766, 832);
2022-10-10 14:33:47.505  INFO 4460 --- [    Test worker] p6spy                                    : #1665380027505 | took 0ms | statement | connection 27| url jdbc:h2:mem:ad3a9e80-f26d-4a3e-9691-17f803db5723
insert into member_spot (member_id, score, spot_id, member_spot_id) values (?, ?, ?, ?)
insert into member_spot (member_id, score, spot_id, member_spot_id) values (22, 0.0, 832, 3120);
2022-10-10 14:33:47.505  INFO 4460 --- [    Test worker] p6spy                                    : #1665380027505 | took 0ms | statement | connection 27| url jdbc:h2:mem:ad3a9e80-f26d-4a3e-9691-17f803db5723
insert into review (content, spot_id, review_id) values (?, ?, ?)
insert into review (content, spot_id, review_id) values ('java.io.StringReader@73d6b21', 769, 768);
2022-10-10 14:33:47.505  INFO 4460 --- [    Test worker] p6spy                                    : #1665380027505 | took 0ms | statement | connection 27| url jdbc:h2:mem:ad3a9e80-f26d-4a3e-9691-17f803db5723
insert into score (facility_rank, facility_score, price_rank, price_score, rank_average, surround_rank, surround_score, view_rank, view_score, score_id) values (?, ?, ?, ?, ?, ?, ?, ?, ?, ?)
insert into score (facility_rank, facility_score, price_rank, price_score, rank_average, surround_rank, surround_score, view_rank, view_score, score_id) values (2.287426916749813, 9.343494090893616, 7.315783018028443, 9.142742789079207, 2.8350841127772473, 3.292987870368175, 1.6872512017683483, 7.2565086789915565, 0.9260868028981295, 767);
2022-10-10 14:33:47.505  INFO 4460 --- [    Test worker] p6spy                                    : #1665380027505 | took 0ms | statement | connection 27| url jdbc:h2:mem:ad3a9e80-f26d-4a3e-9691-17f803db5723
insert into picture (spot_id, url, picture_id) values (?, ?, ?)
insert into picture (spot_id, url, picture_id) values (NULL, 'java.io.StringReader@111ae42', 3121);
2022-10-10 14:33:47.505  INFO 4460 --- [    Test worker] p6spy                                    : #1665380027505 | took 0ms | statement | connection 27| url jdbc:h2:mem:ad3a9e80-f26d-4a3e-9691-17f803db5723
insert into picture (spot_id, url, picture_id) values (?, ?, ?)
insert into picture (spot_id, url, picture_id) values (NULL, 'java.io.StringReader@41d3ea7c', 3122);
2022-10-10 14:33:47.505  INFO 4460 --- [    Test worker] p6spy                                    : #1665380027505 | took 0ms | statement | connection 27| url jdbc:h2:mem:ad3a9e80-f26d-4a3e-9691-17f803db5723
insert into picture (spot_id, url, picture_id) values (?, ?, ?)
insert into picture (spot_id, url, picture_id) values (NULL, 'java.io.StringReader@44b552b8', 3123);
2022-10-10 14:33:47.505  INFO 4460 --- [    Test worker] p6spy                                    : #1665380027505 | took 0ms | statement | connection 27| url jdbc:h2:mem:ad3a9e80-f26d-4a3e-9691-17f803db5723
insert into spot (address, description, location, name, score_id, spot_id) values (?, ?, ?, ?, ?, ?)
insert into spot (address, description, location, name, score_id, spot_id) values (NULL, NULL, 'Andeok_myeon', NULL, 767, 833);
2022-10-10 14:33:47.505  INFO 4460 --- [    Test worker] p6spy                                    : #1665380027505 | took 0ms | statement | connection 27| url jdbc:h2:mem:ad3a9e80-f26d-4a3e-9691-17f803db5723
insert into member_spot (member_id, score, spot_id, member_spot_id) values (?, ?, ?, ?)
insert into member_spot (member_id, score, spot_id, member_spot_id) values (22, 0.0, 833, 3124);
2022-10-10 14:33:47.505  INFO 4460 --- [    Test worker] p6spy                                    : #1665380027505 | took 0ms | statement | connection 27| url jdbc:h2:mem:ad3a9e80-f26d-4a3e-9691-17f803db5723
insert into review (content, spot_id, review_id) values (?, ?, ?)
insert into review (content, spot_id, review_id) values ('java.io.StringReader@4d3df078', 769, 769);
2022-10-10 14:33:47.505  INFO 4460 --- [    Test worker] p6spy                                    : #1665380027505 | took 0ms | statement | connection 27| url jdbc:h2:mem:ad3a9e80-f26d-4a3e-9691-17f803db5723
insert into favorite_spot (count, favorite_id, spot_id, favorite_spot_id) values (?, ?, ?, ?)
insert into favorite_spot (count, favorite_id, spot_id, favorite_spot_id) values (0, 42, 833, 559);
2022-10-10 14:33:47.505  INFO 4460 --- [    Test worker] p6spy                                    : #1665380027505 | took 0ms | statement | connection 27| url jdbc:h2:mem:ad3a9e80-f26d-4a3e-9691-17f803db5723
insert into score (facility_rank, facility_score, price_rank, price_score, rank_average, surround_rank, surround_score, view_rank, view_score, score_id) values (?, ?, ?, ?, ?, ?, ?, ?, ?, ?)
insert into score (facility_rank, facility_score, price_rank, price_score, rank_average, surround_rank, surround_score, view_rank, view_score, score_id) values (7.607470040083994, 4.559942075499609, 8.965890318298126, 4.194189870641476, 4.808328115577366, 5.0774830020446995, 6.109306958051379, 7.159690573609547, 9.263503665353356, 768);
2022-10-10 14:33:47.505  INFO 4460 --- [    Test worker] p6spy                                    : #1665380027505 | took 0ms | statement | connection 27| url jdbc:h2:mem:ad3a9e80-f26d-4a3e-9691-17f803db5723
insert into picture (spot_id, url, picture_id) values (?, ?, ?)
insert into picture (spot_id, url, picture_id) values (NULL, 'java.io.StringReader@64a1f6b5', 3125);
2022-10-10 14:33:47.505  INFO 4460 --- [    Test worker] p6spy                                    : #1665380027505 | took 0ms | statement | connection 27| url jdbc:h2:mem:ad3a9e80-f26d-4a3e-9691-17f803db5723
insert into picture (spot_id, url, picture_id) values (?, ?, ?)
insert into picture (spot_id, url, picture_id) values (NULL, 'java.io.StringReader@244108ab', 3126);
2022-10-10 14:33:47.505  INFO 4460 --- [    Test worker] p6spy                                    : #1665380027505 | took 0ms | statement | connection 27| url jdbc:h2:mem:ad3a9e80-f26d-4a3e-9691-17f803db5723
insert into picture (spot_id, url, picture_id) values (?, ?, ?)
insert into picture (spot_id, url, picture_id) values (NULL, 'java.io.StringReader@1d8362f6', 3127);
2022-10-10 14:33:47.505  INFO 4460 --- [    Test worker] p6spy                                    : #1665380027505 | took 0ms | statement | connection 27| url jdbc:h2:mem:ad3a9e80-f26d-4a3e-9691-17f803db5723
insert into spot (address, description, location, name, score_id, spot_id) values (?, ?, ?, ?, ?, ?)
insert into spot (address, description, location, name, score_id, spot_id) values (NULL, NULL, 'Andeok_myeon', NULL, 768, 834);
2022-10-10 14:33:47.505  INFO 4460 --- [    Test worker] p6spy                                    : #1665380027505 | took 0ms | statement | connection 27| url jdbc:h2:mem:ad3a9e80-f26d-4a3e-9691-17f803db5723
insert into member_spot (member_id, score, spot_id, member_spot_id) values (?, ?, ?, ?)
insert into member_spot (member_id, score, spot_id, member_spot_id) values (22, 0.0, 834, 3128);
2022-10-10 14:33:47.505  INFO 4460 --- [    Test worker] p6spy                                    : #1665380027505 | took 0ms | statement | connection 27| url jdbc:h2:mem:ad3a9e80-f26d-4a3e-9691-17f803db5723
insert into review (content, spot_id, review_id) values (?, ?, ?)
insert into review (content, spot_id, review_id) values ('java.io.StringReader@73f4a94', 769, 770);
2022-10-10 14:33:47.505  INFO 4460 --- [    Test worker] p6spy                                    : #1665380027505 | took 0ms | statement | connection 27| url jdbc:h2:mem:ad3a9e80-f26d-4a3e-9691-17f803db5723
insert into score (facility_rank, facility_score, price_rank, price_score, rank_average, surround_rank, surround_score, view_rank, view_score, score_id) values (?, ?, ?, ?, ?, ?, ?, ?, ?, ?)
insert into score (facility_rank, facility_score, price_rank, price_score, rank_average, surround_rank, surround_score, view_rank, view_score, score_id) values (5.201235960106974, 7.181861373682771, 9.914569266386302, 8.164583926003186, 6.797181472492152, 0.933654601810453, 0.8602628787812383, 2.872049830644816, 5.320017320558845, 769);
2022-10-10 14:33:47.505  INFO 4460 --- [    Test worker] p6spy                                    : #1665380027505 | took 0ms | statement | connection 27| url jdbc:h2:mem:ad3a9e80-f26d-4a3e-9691-17f803db5723
insert into picture (spot_id, url, picture_id) values (?, ?, ?)
insert into picture (spot_id, url, picture_id) values (NULL, 'java.io.StringReader@19e7f39', 3129);
2022-10-10 14:33:47.505  INFO 4460 --- [    Test worker] p6spy                                    : #1665380027505 | took 0ms | statement | connection 27| url jdbc:h2:mem:ad3a9e80-f26d-4a3e-9691-17f803db5723
insert into picture (spot_id, url, picture_id) values (?, ?, ?)
insert into picture (spot_id, url, picture_id) values (NULL, 'java.io.StringReader@774e0259', 3130);
2022-10-10 14:33:47.505  INFO 4460 --- [    Test worker] p6spy                                    : #1665380027505 | took 0ms | statement | connection 27| url jdbc:h2:mem:ad3a9e80-f26d-4a3e-9691-17f803db5723
insert into picture (spot_id, url, picture_id) values (?, ?, ?)
insert into picture (spot_id, url, picture_id) values (NULL, 'java.io.StringReader@3c8de40a', 3131);
2022-10-10 14:33:47.505  INFO 4460 --- [    Test worker] p6spy                                    : #1665380027505 | took 0ms | statement | connection 27| url jdbc:h2:mem:ad3a9e80-f26d-4a3e-9691-17f803db5723
insert into spot (address, description, location, name, score_id, spot_id) values (?, ?, ?, ?, ?, ?)
insert into spot (address, description, location, name, score_id, spot_id) values (NULL, NULL, 'Andeok_myeon', NULL, 769, 835);
2022-10-10 14:33:47.505  INFO 4460 --- [    Test worker] p6spy                                    : #1665380027505 | took 0ms | statement | connection 27| url jdbc:h2:mem:ad3a9e80-f26d-4a3e-9691-17f803db5723
insert into member_spot (member_id, score, spot_id, member_spot_id) values (?, ?, ?, ?)
insert into member_spot (member_id, score, spot_id, member_spot_id) values (22, 0.0, 835, 3132);
2022-10-10 14:33:47.505  INFO 4460 --- [    Test worker] p6spy                                    : #1665380027505 | took 0ms | statement | connection 27| url jdbc:h2:mem:ad3a9e80-f26d-4a3e-9691-17f803db5723
insert into review (content, spot_id, review_id) values (?, ?, ?)
insert into review (content, spot_id, review_id) values ('java.io.StringReader@2aff048a', 769, 771);
2022-10-10 14:33:47.506  INFO 4460 --- [    Test worker] p6spy                                    : #1665380027506 | took 0ms | statement | connection 27| url jdbc:h2:mem:ad3a9e80-f26d-4a3e-9691-17f803db5723
insert into favorite_spot (count, favorite_id, spot_id, favorite_spot_id) values (?, ?, ?, ?)
insert into favorite_spot (count, favorite_id, spot_id, favorite_spot_id) values (0, 42, 835, 560);
2022-10-10 14:33:47.506  INFO 4460 --- [    Test worker] p6spy                                    : #1665380027506 | took 0ms | statement | connection 27| url jdbc:h2:mem:ad3a9e80-f26d-4a3e-9691-17f803db5723
insert into score (facility_rank, facility_score, price_rank, price_score, rank_average, surround_rank, surround_score, view_rank, view_score, score_id) values (?, ?, ?, ?, ?, ?, ?, ?, ?, ?)
insert into score (facility_rank, facility_score, price_rank, price_score, rank_average, surround_rank, surround_score, view_rank, view_score, score_id) values (4.259803405612981, 7.685182486686811, 7.7406464708040446, 8.107260884988909, 1.2289693253478728, 4.977263690881917, 2.762673008077252, 3.601316210728437, 7.099891531138595, 770);
2022-10-10 14:33:47.506  INFO 4460 --- [    Test worker] p6spy                                    : #1665380027506 | took 0ms | statement | connection 27| url jdbc:h2:mem:ad3a9e80-f26d-4a3e-9691-17f803db5723
insert into picture (spot_id, url, picture_id) values (?, ?, ?)
insert into picture (spot_id, url, picture_id) values (NULL, 'java.io.StringReader@575a6288', 3133);
2022-10-10 14:33:47.506  INFO 4460 --- [    Test worker] p6spy                                    : #1665380027506 | took 0ms | statement | connection 27| url jdbc:h2:mem:ad3a9e80-f26d-4a3e-9691-17f803db5723
insert into picture (spot_id, url, picture_id) values (?, ?, ?)
insert into picture (spot_id, url, picture_id) values (NULL, 'java.io.StringReader@cf526cc', 3134);
2022-10-10 14:33:47.506  INFO 4460 --- [    Test worker] p6spy                                    : #1665380027506 | took 0ms | statement | connection 27| url jdbc:h2:mem:ad3a9e80-f26d-4a3e-9691-17f803db5723
insert into picture (spot_id, url, picture_id) values (?, ?, ?)
insert into picture (spot_id, url, picture_id) values (NULL, 'java.io.StringReader@be1e3e9', 3135);
2022-10-10 14:33:47.506  INFO 4460 --- [    Test worker] p6spy                                    : #1665380027506 | took 0ms | statement | connection 27| url jdbc:h2:mem:ad3a9e80-f26d-4a3e-9691-17f803db5723
insert into spot (address, description, location, name, score_id, spot_id) values (?, ?, ?, ?, ?, ?)
insert into spot (address, description, location, name, score_id, spot_id) values (NULL, NULL, 'Andeok_myeon', NULL, 770, 836);
2022-10-10 14:33:47.506  INFO 4460 --- [    Test worker] p6spy                                    : #1665380027506 | took 0ms | statement | connection 27| url jdbc:h2:mem:ad3a9e80-f26d-4a3e-9691-17f803db5723
insert into member_spot (member_id, score, spot_id, member_spot_id) values (?, ?, ?, ?)
insert into member_spot (member_id, score, spot_id, member_spot_id) values (22, 0.0, 836, 3136);
2022-10-10 14:33:47.506  INFO 4460 --- [    Test worker] p6spy                                    : #1665380027506 | took 0ms | statement | connection 27| url jdbc:h2:mem:ad3a9e80-f26d-4a3e-9691-17f803db5723
insert into review (content, spot_id, review_id) values (?, ?, ?)
insert into review (content, spot_id, review_id) values ('java.io.StringReader@180cd498', 769, 772);
2022-10-10 14:33:47.506  INFO 4460 --- [    Test worker] p6spy                                    : #1665380027506 | took 0ms | statement | connection 27| url jdbc:h2:mem:ad3a9e80-f26d-4a3e-9691-17f803db5723
insert into score (facility_rank, facility_score, price_rank, price_score, rank_average, surround_rank, surround_score, view_rank, view_score, score_id) values (?, ?, ?, ?, ?, ?, ?, ?, ?, ?)
insert into score (facility_rank, facility_score, price_rank, price_score, rank_average, surround_rank, surround_score, view_rank, view_score, score_id) values (2.513710780654045, 2.4096310526180273, 3.008222561355872, 5.5037545058550155, 7.5014531186288576, 3.6683957420817057, 2.7647678387619603, 2.707372360823277, 5.145338687381757, 771);
2022-10-10 14:33:47.506  INFO 4460 --- [    Test worker] p6spy                                    : #1665380027506 | took 0ms | statement | connection 27| url jdbc:h2:mem:ad3a9e80-f26d-4a3e-9691-17f803db5723
insert into picture (spot_id, url, picture_id) values (?, ?, ?)
insert into picture (spot_id, url, picture_id) values (NULL, 'java.io.StringReader@1684e24b', 3137);
2022-10-10 14:33:47.506  INFO 4460 --- [    Test worker] p6spy                                    : #1665380027506 | took 0ms | statement | connection 27| url jdbc:h2:mem:ad3a9e80-f26d-4a3e-9691-17f803db5723
insert into picture (spot_id, url, picture_id) values (?, ?, ?)
insert into picture (spot_id, url, picture_id) values (NULL, 'java.io.StringReader@177f6b03', 3138);
2022-10-10 14:33:47.506  INFO 4460 --- [    Test worker] p6spy                                    : #1665380027506 | took 0ms | statement | connection 27| url jdbc:h2:mem:ad3a9e80-f26d-4a3e-9691-17f803db5723
insert into picture (spot_id, url, picture_id) values (?, ?, ?)
insert into picture (spot_id, url, picture_id) values (NULL, 'java.io.StringReader@54befc19', 3139);
2022-10-10 14:33:47.506  INFO 4460 --- [    Test worker] p6spy                                    : #1665380027506 | took 0ms | statement | connection 27| url jdbc:h2:mem:ad3a9e80-f26d-4a3e-9691-17f803db5723
insert into spot (address, description, location, name, score_id, spot_id) values (?, ?, ?, ?, ?, ?)
insert into spot (address, description, location, name, score_id, spot_id) values (NULL, NULL, 'Andeok_myeon', NULL, 771, 837);
2022-10-10 14:33:47.506  INFO 4460 --- [    Test worker] p6spy                                    : #1665380027506 | took 0ms | statement | connection 27| url jdbc:h2:mem:ad3a9e80-f26d-4a3e-9691-17f803db5723
insert into member_spot (member_id, score, spot_id, member_spot_id) values (?, ?, ?, ?)
insert into member_spot (member_id, score, spot_id, member_spot_id) values (22, 0.0, 837, 3140);
2022-10-10 14:33:47.506  INFO 4460 --- [    Test worker] p6spy                                    : #1665380027506 | took 0ms | statement | connection 27| url jdbc:h2:mem:ad3a9e80-f26d-4a3e-9691-17f803db5723
insert into review (content, spot_id, review_id) values (?, ?, ?)
insert into review (content, spot_id, review_id) values ('java.io.StringReader@7e0a0e81', 769, 773);
2022-10-10 14:33:47.506  INFO 4460 --- [    Test worker] p6spy                                    : #1665380027506 | took 0ms | statement | connection 27| url jdbc:h2:mem:ad3a9e80-f26d-4a3e-9691-17f803db5723
insert into favorite_spot (count, favorite_id, spot_id, favorite_spot_id) values (?, ?, ?, ?)
insert into favorite_spot (count, favorite_id, spot_id, favorite_spot_id) values (0, 42, 837, 561);
2022-10-10 14:33:47.506  INFO 4460 --- [    Test worker] p6spy                                    : #1665380027506 | took 0ms | statement | connection 27| url jdbc:h2:mem:ad3a9e80-f26d-4a3e-9691-17f803db5723
insert into score (facility_rank, facility_score, price_rank, price_score, rank_average, surround_rank, surround_score, view_rank, view_score, score_id) values (?, ?, ?, ?, ?, ?, ?, ?, ?, ?)
insert into score (facility_rank, facility_score, price_rank, price_score, rank_average, surround_rank, surround_score, view_rank, view_score, score_id) values (6.609541581386047, 5.72070578864745, 2.8015925235644037, 1.8974339531415263, 3.0481062271290718, 6.582704475080632, 6.904809611997286, 9.569489641540441, 5.332882120897718, 772);
2022-10-10 14:33:47.506  INFO 4460 --- [    Test worker] p6spy                                    : #1665380027506 | took 0ms | statement | connection 27| url jdbc:h2:mem:ad3a9e80-f26d-4a3e-9691-17f803db5723
insert into picture (spot_id, url, picture_id) values (?, ?, ?)
insert into picture (spot_id, url, picture_id) values (NULL, 'java.io.StringReader@57bd9e1', 3141);
2022-10-10 14:33:47.506  INFO 4460 --- [    Test worker] p6spy                                    : #1665380027506 | took 0ms | statement | connection 27| url jdbc:h2:mem:ad3a9e80-f26d-4a3e-9691-17f803db5723
insert into picture (spot_id, url, picture_id) values (?, ?, ?)
insert into picture (spot_id, url, picture_id) values (NULL, 'java.io.StringReader@4b9cdae', 3142);
2022-10-10 14:33:47.506  INFO 4460 --- [    Test worker] p6spy                                    : #1665380027506 | took 0ms | statement | connection 27| url jdbc:h2:mem:ad3a9e80-f26d-4a3e-9691-17f803db5723
insert into picture (spot_id, url, picture_id) values (?, ?, ?)
insert into picture (spot_id, url, picture_id) values (NULL, 'java.io.StringReader@62954111', 3143);
2022-10-10 14:33:47.506  INFO 4460 --- [    Test worker] p6spy                                    : #1665380027506 | took 0ms | statement | connection 27| url jdbc:h2:mem:ad3a9e80-f26d-4a3e-9691-17f803db5723
insert into spot (address, description, location, name, score_id, spot_id) values (?, ?, ?, ?, ?, ?)
insert into spot (address, description, location, name, score_id, spot_id) values (NULL, NULL, 'Andeok_myeon', NULL, 772, 838);
2022-10-10 14:33:47.506  INFO 4460 --- [    Test worker] p6spy                                    : #1665380027506 | took 0ms | statement | connection 27| url jdbc:h2:mem:ad3a9e80-f26d-4a3e-9691-17f803db5723
insert into member_spot (member_id, score, spot_id, member_spot_id) values (?, ?, ?, ?)
insert into member_spot (member_id, score, spot_id, member_spot_id) values (22, 0.0, 838, 3144);
2022-10-10 14:33:47.506  INFO 4460 --- [    Test worker] p6spy                                    : #1665380027506 | took 0ms | statement | connection 27| url jdbc:h2:mem:ad3a9e80-f26d-4a3e-9691-17f803db5723
insert into review (content, spot_id, review_id) values (?, ?, ?)
insert into review (content, spot_id, review_id) values ('java.io.StringReader@2bef40ac', 769, 774);
2022-10-10 14:33:47.506  INFO 4460 --- [    Test worker] p6spy                                    : #1665380027506 | took 0ms | statement | connection 27| url jdbc:h2:mem:ad3a9e80-f26d-4a3e-9691-17f803db5723
insert into score (facility_rank, facility_score, price_rank, price_score, rank_average, surround_rank, surround_score, view_rank, view_score, score_id) values (?, ?, ?, ?, ?, ?, ?, ?, ?, ?)
insert into score (facility_rank, facility_score, price_rank, price_score, rank_average, surround_rank, surround_score, view_rank, view_score, score_id) values (6.4866496619437255, 7.276276721289944, 1.8644430268910217, 3.0002468252371575, 4.151573237412683, 9.567621131637633, 2.4736316584559273, 2.2761316136684826, 4.843744051725315, 773);
2022-10-10 14:33:47.506  INFO 4460 --- [    Test worker] p6spy                                    : #1665380027506 | took 0ms | statement | connection 27| url jdbc:h2:mem:ad3a9e80-f26d-4a3e-9691-17f803db5723
insert into picture (spot_id, url, picture_id) values (?, ?, ?)
insert into picture (spot_id, url, picture_id) values (NULL, 'java.io.StringReader@70f420ae', 3145);
2022-10-10 14:33:47.506  INFO 4460 --- [    Test worker] p6spy                                    : #1665380027506 | took 0ms | statement | connection 27| url jdbc:h2:mem:ad3a9e80-f26d-4a3e-9691-17f803db5723
insert into picture (spot_id, url, picture_id) values (?, ?, ?)
insert into picture (spot_id, url, picture_id) values (NULL, 'java.io.StringReader@1ce563d0', 3146);
2022-10-10 14:33:47.506  INFO 4460 --- [    Test worker] p6spy                                    : #1665380027506 | took 0ms | statement | connection 27| url jdbc:h2:mem:ad3a9e80-f26d-4a3e-9691-17f803db5723
insert into picture (spot_id, url, picture_id) values (?, ?, ?)
insert into picture (spot_id, url, picture_id) values (NULL, 'java.io.StringReader@682faf63', 3147);
2022-10-10 14:33:47.506  INFO 4460 --- [    Test worker] p6spy                                    : #1665380027506 | took 0ms | statement | connection 27| url jdbc:h2:mem:ad3a9e80-f26d-4a3e-9691-17f803db5723
insert into spot (address, description, location, name, score_id, spot_id) values (?, ?, ?, ?, ?, ?)
insert into spot (address, description, location, name, score_id, spot_id) values (NULL, NULL, 'Andeok_myeon', NULL, 773, 839);
2022-10-10 14:33:47.506  INFO 4460 --- [    Test worker] p6spy                                    : #1665380027506 | took 0ms | statement | connection 27| url jdbc:h2:mem:ad3a9e80-f26d-4a3e-9691-17f803db5723
insert into member_spot (member_id, score, spot_id, member_spot_id) values (?, ?, ?, ?)
insert into member_spot (member_id, score, spot_id, member_spot_id) values (22, 0.0, 839, 3148);
2022-10-10 14:33:47.506  INFO 4460 --- [    Test worker] p6spy                                    : #1665380027506 | took 0ms | statement | connection 27| url jdbc:h2:mem:ad3a9e80-f26d-4a3e-9691-17f803db5723
insert into review (content, spot_id, review_id) values (?, ?, ?)
insert into review (content, spot_id, review_id) values ('java.io.StringReader@e58dd48', 769, 775);
2022-10-10 14:33:47.506  INFO 4460 --- [    Test worker] p6spy                                    : #1665380027506 | took 0ms | statement | connection 27| url jdbc:h2:mem:ad3a9e80-f26d-4a3e-9691-17f803db5723
insert into favorite_spot (count, favorite_id, spot_id, favorite_spot_id) values (?, ?, ?, ?)
insert into favorite_spot (count, favorite_id, spot_id, favorite_spot_id) values (0, 42, 839, 562);
2022-10-10 14:33:47.506  INFO 4460 --- [    Test worker] p6spy                                    : #1665380027506 | took 0ms | statement | connection 27| url jdbc:h2:mem:ad3a9e80-f26d-4a3e-9691-17f803db5723
insert into score (facility_rank, facility_score, price_rank, price_score, rank_average, surround_rank, surround_score, view_rank, view_score, score_id) values (?, ?, ?, ?, ?, ?, ?, ?, ?, ?)
insert into score (facility_rank, facility_score, price_rank, price_score, rank_average, surround_rank, surround_score, view_rank, view_score, score_id) values (6.700850849675004, 2.187560486659943, 4.764029555346828, 8.051134405414517, 0.10061262073100097, 1.0727483067182453, 6.799449415513843, 6.057062059333961, 5.197769938710478, 774);
2022-10-10 14:33:47.506  INFO 4460 --- [    Test worker] p6spy                                    : #1665380027506 | took 0ms | statement | connection 27| url jdbc:h2:mem:ad3a9e80-f26d-4a3e-9691-17f803db5723
insert into picture (spot_id, url, picture_id) values (?, ?, ?)
insert into picture (spot_id, url, picture_id) values (NULL, 'java.io.StringReader@49eb5399', 3149);
2022-10-10 14:33:47.506  INFO 4460 --- [    Test worker] p6spy                                    : #1665380027506 | took 0ms | statement | connection 27| url jdbc:h2:mem:ad3a9e80-f26d-4a3e-9691-17f803db5723
insert into picture (spot_id, url, picture_id) values (?, ?, ?)
insert into picture (spot_id, url, picture_id) values (NULL, 'java.io.StringReader@21fa4b39', 3150);
2022-10-10 14:33:47.507  INFO 4460 --- [    Test worker] p6spy                                    : #1665380027507 | took 0ms | statement | connection 27| url jdbc:h2:mem:ad3a9e80-f26d-4a3e-9691-17f803db5723
insert into picture (spot_id, url, picture_id) values (?, ?, ?)
insert into picture (spot_id, url, picture_id) values (NULL, 'java.io.StringReader@29e251a1', 3151);
2022-10-10 14:33:47.507  INFO 4460 --- [    Test worker] p6spy                                    : #1665380027507 | took 0ms | statement | connection 27| url jdbc:h2:mem:ad3a9e80-f26d-4a3e-9691-17f803db5723
insert into spot (address, description, location, name, score_id, spot_id) values (?, ?, ?, ?, ?, ?)
insert into spot (address, description, location, name, score_id, spot_id) values (NULL, NULL, 'Andeok_myeon', NULL, 774, 840);
2022-10-10 14:33:47.507  INFO 4460 --- [    Test worker] p6spy                                    : #1665380027507 | took 0ms | statement | connection 27| url jdbc:h2:mem:ad3a9e80-f26d-4a3e-9691-17f803db5723
insert into member_spot (member_id, score, spot_id, member_spot_id) values (?, ?, ?, ?)
insert into member_spot (member_id, score, spot_id, member_spot_id) values (22, 0.0, 840, 3152);
2022-10-10 14:33:47.507  INFO 4460 --- [    Test worker] p6spy                                    : #1665380027507 | took 0ms | statement | connection 27| url jdbc:h2:mem:ad3a9e80-f26d-4a3e-9691-17f803db5723
insert into review (content, spot_id, review_id) values (?, ?, ?)
insert into review (content, spot_id, review_id) values ('java.io.StringReader@56dab3b2', 769, 776);
2022-10-10 14:33:47.507  INFO 4460 --- [    Test worker] p6spy                                    : #1665380027507 | took 0ms | statement | connection 27| url jdbc:h2:mem:ad3a9e80-f26d-4a3e-9691-17f803db5723
insert into score (facility_rank, facility_score, price_rank, price_score, rank_average, surround_rank, surround_score, view_rank, view_score, score_id) values (?, ?, ?, ?, ?, ?, ?, ?, ?, ?)
insert into score (facility_rank, facility_score, price_rank, price_score, rank_average, surround_rank, surround_score, view_rank, view_score, score_id) values (4.9708314465517915, 2.887473340835156, 5.858787409216396, 4.65046675787298, 8.001339853124476, 1.1012500543462755, 9.682225161524899, 1.9297063019082206, 9.537206868852731, 775);
2022-10-10 14:33:47.507  INFO 4460 --- [    Test worker] p6spy                                    : #1665380027507 | took 0ms | statement | connection 27| url jdbc:h2:mem:ad3a9e80-f26d-4a3e-9691-17f803db5723
insert into picture (spot_id, url, picture_id) values (?, ?, ?)
insert into picture (spot_id, url, picture_id) values (NULL, 'java.io.StringReader@54e8d08e', 3153);
2022-10-10 14:33:47.507  INFO 4460 --- [    Test worker] p6spy                                    : #1665380027507 | took 0ms | statement | connection 27| url jdbc:h2:mem:ad3a9e80-f26d-4a3e-9691-17f803db5723
insert into picture (spot_id, url, picture_id) values (?, ?, ?)
insert into picture (spot_id, url, picture_id) values (NULL, 'java.io.StringReader@37969114', 3154);
2022-10-10 14:33:47.507  INFO 4460 --- [    Test worker] p6spy                                    : #1665380027507 | took 0ms | statement | connection 27| url jdbc:h2:mem:ad3a9e80-f26d-4a3e-9691-17f803db5723
insert into picture (spot_id, url, picture_id) values (?, ?, ?)
insert into picture (spot_id, url, picture_id) values (NULL, 'java.io.StringReader@73af8ccb', 3155);
2022-10-10 14:33:47.507  INFO 4460 --- [    Test worker] p6spy                                    : #1665380027507 | took 0ms | statement | connection 27| url jdbc:h2:mem:ad3a9e80-f26d-4a3e-9691-17f803db5723
insert into spot (address, description, location, name, score_id, spot_id) values (?, ?, ?, ?, ?, ?)
insert into spot (address, description, location, name, score_id, spot_id) values (NULL, NULL, 'Andeok_myeon', NULL, 775, 841);
2022-10-10 14:33:47.507  INFO 4460 --- [    Test worker] p6spy                                    : #1665380027507 | took 0ms | statement | connection 27| url jdbc:h2:mem:ad3a9e80-f26d-4a3e-9691-17f803db5723
insert into member_spot (member_id, score, spot_id, member_spot_id) values (?, ?, ?, ?)
insert into member_spot (member_id, score, spot_id, member_spot_id) values (22, 0.0, 841, 3156);
2022-10-10 14:33:47.507  INFO 4460 --- [    Test worker] p6spy                                    : #1665380027507 | took 0ms | statement | connection 27| url jdbc:h2:mem:ad3a9e80-f26d-4a3e-9691-17f803db5723
insert into review (content, spot_id, review_id) values (?, ?, ?)
insert into review (content, spot_id, review_id) values ('java.io.StringReader@7cc0a47b', 769, 777);
2022-10-10 14:33:47.507  INFO 4460 --- [    Test worker] p6spy                                    : #1665380027507 | took 0ms | statement | connection 27| url jdbc:h2:mem:ad3a9e80-f26d-4a3e-9691-17f803db5723
insert into favorite_spot (count, favorite_id, spot_id, favorite_spot_id) values (?, ?, ?, ?)
insert into favorite_spot (count, favorite_id, spot_id, favorite_spot_id) values (0, 42, 841, 563);
2022-10-10 14:33:47.507  INFO 4460 --- [    Test worker] p6spy                                    : #1665380027507 | took 0ms | statement | connection 27| url jdbc:h2:mem:ad3a9e80-f26d-4a3e-9691-17f803db5723
insert into score (facility_rank, facility_score, price_rank, price_score, rank_average, surround_rank, surround_score, view_rank, view_score, score_id) values (?, ?, ?, ?, ?, ?, ?, ?, ?, ?)
insert into score (facility_rank, facility_score, price_rank, price_score, rank_average, surround_rank, surround_score, view_rank, view_score, score_id) values (8.157881164252316, 6.921849138045003, 8.516448917380192, 6.4430843612284905, 7.431261664362196, 7.225762193485559, 9.555547655296944, 1.3444350913590253, 1.5361240976566326, 776);
2022-10-10 14:33:47.507  INFO 4460 --- [    Test worker] p6spy                                    : #1665380027507 | took 0ms | statement | connection 27| url jdbc:h2:mem:ad3a9e80-f26d-4a3e-9691-17f803db5723
insert into picture (spot_id, url, picture_id) values (?, ?, ?)
insert into picture (spot_id, url, picture_id) values (NULL, 'java.io.StringReader@f1099cb', 3157);
2022-10-10 14:33:47.507  INFO 4460 --- [    Test worker] p6spy                                    : #1665380027507 | took 0ms | statement | connection 27| url jdbc:h2:mem:ad3a9e80-f26d-4a3e-9691-17f803db5723
insert into picture (spot_id, url, picture_id) values (?, ?, ?)
insert into picture (spot_id, url, picture_id) values (NULL, 'java.io.StringReader@35d80a2', 3158);
2022-10-10 14:33:47.507  INFO 4460 --- [    Test worker] p6spy                                    : #1665380027507 | took 0ms | statement | connection 27| url jdbc:h2:mem:ad3a9e80-f26d-4a3e-9691-17f803db5723
insert into picture (spot_id, url, picture_id) values (?, ?, ?)
insert into picture (spot_id, url, picture_id) values (NULL, 'java.io.StringReader@23f4db66', 3159);
2022-10-10 14:33:47.507  INFO 4460 --- [    Test worker] p6spy                                    : #1665380027507 | took 0ms | statement | connection 27| url jdbc:h2:mem:ad3a9e80-f26d-4a3e-9691-17f803db5723
insert into spot (address, description, location, name, score_id, spot_id) values (?, ?, ?, ?, ?, ?)
insert into spot (address, description, location, name, score_id, spot_id) values (NULL, NULL, 'Andeok_myeon', NULL, 776, 842);
2022-10-10 14:33:47.507  INFO 4460 --- [    Test worker] p6spy                                    : #1665380027507 | took 0ms | statement | connection 27| url jdbc:h2:mem:ad3a9e80-f26d-4a3e-9691-17f803db5723
insert into member_spot (member_id, score, spot_id, member_spot_id) values (?, ?, ?, ?)
insert into member_spot (member_id, score, spot_id, member_spot_id) values (22, 0.0, 842, 3160);
2022-10-10 14:33:47.507  INFO 4460 --- [    Test worker] p6spy                                    : #1665380027507 | took 0ms | statement | connection 27| url jdbc:h2:mem:ad3a9e80-f26d-4a3e-9691-17f803db5723
insert into review (content, spot_id, review_id) values (?, ?, ?)
insert into review (content, spot_id, review_id) values ('java.io.StringReader@1890f6c1', 769, 778);
2022-10-10 14:33:47.507  INFO 4460 --- [    Test worker] p6spy                                    : #1665380027507 | took 0ms | statement | connection 27| url jdbc:h2:mem:ad3a9e80-f26d-4a3e-9691-17f803db5723
insert into score (facility_rank, facility_score, price_rank, price_score, rank_average, surround_rank, surround_score, view_rank, view_score, score_id) values (?, ?, ?, ?, ?, ?, ?, ?, ?, ?)
insert into score (facility_rank, facility_score, price_rank, price_score, rank_average, surround_rank, surround_score, view_rank, view_score, score_id) values (2.672916285883231, 9.710181550851711, 7.658755721564137, 5.871727931280969, 5.519616933427525, 4.376900459288637, 9.660047932544394, 6.390322626651801, 9.824919972917817, 777);
2022-10-10 14:33:47.507  INFO 4460 --- [    Test worker] p6spy                                    : #1665380027507 | took 0ms | statement | connection 27| url jdbc:h2:mem:ad3a9e80-f26d-4a3e-9691-17f803db5723
insert into picture (spot_id, url, picture_id) values (?, ?, ?)
insert into picture (spot_id, url, picture_id) values (NULL, 'java.io.StringReader@4d334e82', 3161);
2022-10-10 14:33:47.507  INFO 4460 --- [    Test worker] p6spy                                    : #1665380027507 | took 0ms | statement | connection 27| url jdbc:h2:mem:ad3a9e80-f26d-4a3e-9691-17f803db5723
insert into picture (spot_id, url, picture_id) values (?, ?, ?)
insert into picture (spot_id, url, picture_id) values (NULL, 'java.io.StringReader@34211041', 3162);
2022-10-10 14:33:47.507  INFO 4460 --- [    Test worker] p6spy                                    : #1665380027507 | took 0ms | statement | connection 27| url jdbc:h2:mem:ad3a9e80-f26d-4a3e-9691-17f803db5723
insert into picture (spot_id, url, picture_id) values (?, ?, ?)
insert into picture (spot_id, url, picture_id) values (NULL, 'java.io.StringReader@170dc33a', 3163);
2022-10-10 14:33:47.507  INFO 4460 --- [    Test worker] p6spy                                    : #1665380027507 | took 0ms | statement | connection 27| url jdbc:h2:mem:ad3a9e80-f26d-4a3e-9691-17f803db5723
insert into spot (address, description, location, name, score_id, spot_id) values (?, ?, ?, ?, ?, ?)
insert into spot (address, description, location, name, score_id, spot_id) values (NULL, NULL, 'Andeok_myeon', NULL, 777, 843);
2022-10-10 14:33:47.507  INFO 4460 --- [    Test worker] p6spy                                    : #1665380027507 | took 0ms | statement | connection 27| url jdbc:h2:mem:ad3a9e80-f26d-4a3e-9691-17f803db5723
insert into member_spot (member_id, score, spot_id, member_spot_id) values (?, ?, ?, ?)
insert into member_spot (member_id, score, spot_id, member_spot_id) values (22, 0.0, 843, 3164);
2022-10-10 14:33:47.507  INFO 4460 --- [    Test worker] p6spy                                    : #1665380027507 | took 0ms | statement | connection 27| url jdbc:h2:mem:ad3a9e80-f26d-4a3e-9691-17f803db5723
insert into review (content, spot_id, review_id) values (?, ?, ?)
insert into review (content, spot_id, review_id) values ('java.io.StringReader@6c9e0c6', 769, 779);
2022-10-10 14:33:47.507  INFO 4460 --- [    Test worker] p6spy                                    : #1665380027507 | took 0ms | statement | connection 27| url jdbc:h2:mem:ad3a9e80-f26d-4a3e-9691-17f803db5723
insert into favorite_spot (count, favorite_id, spot_id, favorite_spot_id) values (?, ?, ?, ?)
insert into favorite_spot (count, favorite_id, spot_id, favorite_spot_id) values (0, 42, 843, 564);
2022-10-10 14:33:47.507  INFO 4460 --- [    Test worker] p6spy                                    : #1665380027507 | took 0ms | statement | connection 27| url jdbc:h2:mem:ad3a9e80-f26d-4a3e-9691-17f803db5723
insert into score (facility_rank, facility_score, price_rank, price_score, rank_average, surround_rank, surround_score, view_rank, view_score, score_id) values (?, ?, ?, ?, ?, ?, ?, ?, ?, ?)
insert into score (facility_rank, facility_score, price_rank, price_score, rank_average, surround_rank, surround_score, view_rank, view_score, score_id) values (8.600218119771165, 3.575575156086892, 8.261819569297131, 3.7456288142947116, 4.181613542731776, 1.112077272613733, 1.1874424650311488, 8.631055274685867, 7.826879396946639, 778);
2022-10-10 14:33:47.507  INFO 4460 --- [    Test worker] p6spy                                    : #1665380027507 | took 0ms | statement | connection 27| url jdbc:h2:mem:ad3a9e80-f26d-4a3e-9691-17f803db5723
insert into picture (spot_id, url, picture_id) values (?, ?, ?)
insert into picture (spot_id, url, picture_id) values (NULL, 'java.io.StringReader@173bac00', 3165);
2022-10-10 14:33:47.507  INFO 4460 --- [    Test worker] p6spy                                    : #1665380027507 | took 0ms | statement | connection 27| url jdbc:h2:mem:ad3a9e80-f26d-4a3e-9691-17f803db5723
insert into picture (spot_id, url, picture_id) values (?, ?, ?)
insert into picture (spot_id, url, picture_id) values (NULL, 'java.io.StringReader@ad47396', 3166);
2022-10-10 14:33:47.507  INFO 4460 --- [    Test worker] p6spy                                    : #1665380027507 | took 0ms | statement | connection 27| url jdbc:h2:mem:ad3a9e80-f26d-4a3e-9691-17f803db5723
insert into picture (spot_id, url, picture_id) values (?, ?, ?)
insert into picture (spot_id, url, picture_id) values (NULL, 'java.io.StringReader@4b3088ed', 3167);
2022-10-10 14:33:47.507  INFO 4460 --- [    Test worker] p6spy                                    : #1665380027507 | took 0ms | statement | connection 27| url jdbc:h2:mem:ad3a9e80-f26d-4a3e-9691-17f803db5723
insert into spot (address, description, location, name, score_id, spot_id) values (?, ?, ?, ?, ?, ?)
insert into spot (address, description, location, name, score_id, spot_id) values (NULL, NULL, 'Andeok_myeon', NULL, 778, 844);
2022-10-10 14:33:47.507  INFO 4460 --- [    Test worker] p6spy                                    : #1665380027507 | took 0ms | statement | connection 27| url jdbc:h2:mem:ad3a9e80-f26d-4a3e-9691-17f803db5723
insert into member_spot (member_id, score, spot_id, member_spot_id) values (?, ?, ?, ?)
insert into member_spot (member_id, score, spot_id, member_spot_id) values (22, 0.0, 844, 3168);
2022-10-10 14:33:47.507  INFO 4460 --- [    Test worker] p6spy                                    : #1665380027507 | took 0ms | statement | connection 27| url jdbc:h2:mem:ad3a9e80-f26d-4a3e-9691-17f803db5723
insert into review (content, spot_id, review_id) values (?, ?, ?)
insert into review (content, spot_id, review_id) values ('java.io.StringReader@7da158ac', 769, 780);
2022-10-10 14:33:47.507  INFO 4460 --- [    Test worker] p6spy                                    : #1665380027507 | took 0ms | statement | connection 27| url jdbc:h2:mem:ad3a9e80-f26d-4a3e-9691-17f803db5723
insert into score (facility_rank, facility_score, price_rank, price_score, rank_average, surround_rank, surround_score, view_rank, view_score, score_id) values (?, ?, ?, ?, ?, ?, ?, ?, ?, ?)
insert into score (facility_rank, facility_score, price_rank, price_score, rank_average, surround_rank, surround_score, view_rank, view_score, score_id) values (9.466725398358435, 4.054748970208605, 2.289633612850489, 5.254063102796291, 9.503918933836342, 8.0764693229845, 6.420103395091533, 4.537044263902198, 9.55939077873802, 779);
2022-10-10 14:33:47.508  INFO 4460 --- [    Test worker] p6spy                                    : #1665380027508 | took 0ms | statement | connection 27| url jdbc:h2:mem:ad3a9e80-f26d-4a3e-9691-17f803db5723
insert into picture (spot_id, url, picture_id) values (?, ?, ?)
insert into picture (spot_id, url, picture_id) values (NULL, 'java.io.StringReader@a0887a4', 3169);
2022-10-10 14:33:47.508  INFO 4460 --- [    Test worker] p6spy                                    : #1665380027508 | took 0ms | statement | connection 27| url jdbc:h2:mem:ad3a9e80-f26d-4a3e-9691-17f803db5723
insert into picture (spot_id, url, picture_id) values (?, ?, ?)
insert into picture (spot_id, url, picture_id) values (NULL, 'java.io.StringReader@63cca343', 3170);
2022-10-10 14:33:47.508  INFO 4460 --- [    Test worker] p6spy                                    : #1665380027508 | took 0ms | statement | connection 27| url jdbc:h2:mem:ad3a9e80-f26d-4a3e-9691-17f803db5723
insert into picture (spot_id, url, picture_id) values (?, ?, ?)
insert into picture (spot_id, url, picture_id) values (NULL, 'java.io.StringReader@50625fbc', 3171);
2022-10-10 14:33:47.508  INFO 4460 --- [    Test worker] p6spy                                    : #1665380027508 | took 0ms | statement | connection 27| url jdbc:h2:mem:ad3a9e80-f26d-4a3e-9691-17f803db5723
insert into spot (address, description, location, name, score_id, spot_id) values (?, ?, ?, ?, ?, ?)
insert into spot (address, description, location, name, score_id, spot_id) values (NULL, NULL, 'Andeok_myeon', NULL, 779, 845);
2022-10-10 14:33:47.508  INFO 4460 --- [    Test worker] p6spy                                    : #1665380027508 | took 0ms | statement | connection 27| url jdbc:h2:mem:ad3a9e80-f26d-4a3e-9691-17f803db5723
insert into member_spot (member_id, score, spot_id, member_spot_id) values (?, ?, ?, ?)
insert into member_spot (member_id, score, spot_id, member_spot_id) values (22, 0.0, 845, 3172);
2022-10-10 14:33:47.508  INFO 4460 --- [    Test worker] p6spy                                    : #1665380027508 | took 0ms | statement | connection 27| url jdbc:h2:mem:ad3a9e80-f26d-4a3e-9691-17f803db5723
insert into review (content, spot_id, review_id) values (?, ?, ?)
insert into review (content, spot_id, review_id) values ('java.io.StringReader@21fe4782', 769, 781);
2022-10-10 14:33:47.508  INFO 4460 --- [    Test worker] p6spy                                    : #1665380027508 | took 0ms | statement | connection 27| url jdbc:h2:mem:ad3a9e80-f26d-4a3e-9691-17f803db5723
insert into favorite_spot (count, favorite_id, spot_id, favorite_spot_id) values (?, ?, ?, ?)
insert into favorite_spot (count, favorite_id, spot_id, favorite_spot_id) values (0, 42, 845, 565);
2022-10-10 14:33:47.508  INFO 4460 --- [    Test worker] p6spy                                    : #1665380027508 | took 0ms | statement | connection 27| url jdbc:h2:mem:ad3a9e80-f26d-4a3e-9691-17f803db5723
insert into score (facility_rank, facility_score, price_rank, price_score, rank_average, surround_rank, surround_score, view_rank, view_score, score_id) values (?, ?, ?, ?, ?, ?, ?, ?, ?, ?)
insert into score (facility_rank, facility_score, price_rank, price_score, rank_average, surround_rank, surround_score, view_rank, view_score, score_id) values (6.201539052484758, 4.852016758057051, 7.26813058496359, 1.8327579561735574, 1.5583463725734015, 4.532816069062208, 9.89561141882462, 5.410474158914634, 2.685005733567416, 780);
2022-10-10 14:33:47.508  INFO 4460 --- [    Test worker] p6spy                                    : #1665380027508 | took 0ms | statement | connection 27| url jdbc:h2:mem:ad3a9e80-f26d-4a3e-9691-17f803db5723
insert into picture (spot_id, url, picture_id) values (?, ?, ?)
insert into picture (spot_id, url, picture_id) values (NULL, 'java.io.StringReader@63752e03', 3173);
2022-10-10 14:33:47.508  INFO 4460 --- [    Test worker] p6spy                                    : #1665380027508 | took 0ms | statement | connection 27| url jdbc:h2:mem:ad3a9e80-f26d-4a3e-9691-17f803db5723
insert into picture (spot_id, url, picture_id) values (?, ?, ?)
insert into picture (spot_id, url, picture_id) values (NULL, 'java.io.StringReader@cad849f', 3174);
2022-10-10 14:33:47.508  INFO 4460 --- [    Test worker] p6spy                                    : #1665380027508 | took 0ms | statement | connection 27| url jdbc:h2:mem:ad3a9e80-f26d-4a3e-9691-17f803db5723
insert into picture (spot_id, url, picture_id) values (?, ?, ?)
insert into picture (spot_id, url, picture_id) values (NULL, 'java.io.StringReader@61d0584c', 3175);
2022-10-10 14:33:47.508  INFO 4460 --- [    Test worker] p6spy                                    : #1665380027508 | took 0ms | statement | connection 27| url jdbc:h2:mem:ad3a9e80-f26d-4a3e-9691-17f803db5723
insert into spot (address, description, location, name, score_id, spot_id) values (?, ?, ?, ?, ?, ?)
insert into spot (address, description, location, name, score_id, spot_id) values (NULL, NULL, 'Andeok_myeon', NULL, 780, 846);
2022-10-10 14:33:47.508  INFO 4460 --- [    Test worker] p6spy                                    : #1665380027508 | took 0ms | statement | connection 27| url jdbc:h2:mem:ad3a9e80-f26d-4a3e-9691-17f803db5723
insert into member_spot (member_id, score, spot_id, member_spot_id) values (?, ?, ?, ?)
insert into member_spot (member_id, score, spot_id, member_spot_id) values (22, 0.0, 846, 3176);
2022-10-10 14:33:47.508  INFO 4460 --- [    Test worker] p6spy                                    : #1665380027508 | took 0ms | statement | connection 27| url jdbc:h2:mem:ad3a9e80-f26d-4a3e-9691-17f803db5723
insert into review (content, spot_id, review_id) values (?, ?, ?)
insert into review (content, spot_id, review_id) values ('java.io.StringReader@5fbea944', 769, 782);
2022-10-10 14:33:47.508  INFO 4460 --- [    Test worker] p6spy                                    : #1665380027508 | took 0ms | statement | connection 27| url jdbc:h2:mem:ad3a9e80-f26d-4a3e-9691-17f803db5723
insert into score (facility_rank, facility_score, price_rank, price_score, rank_average, surround_rank, surround_score, view_rank, view_score, score_id) values (?, ?, ?, ?, ?, ?, ?, ?, ?, ?)
insert into score (facility_rank, facility_score, price_rank, price_score, rank_average, surround_rank, surround_score, view_rank, view_score, score_id) values (0.8491481883408014, 7.203803842187271, 6.762090663042337, 7.3239178512335, 5.6332785781948616, 7.721798378631894, 4.285228022149922, 3.9943787338630843, 3.1187076489223156, 781);
2022-10-10 14:33:47.508  INFO 4460 --- [    Test worker] p6spy                                    : #1665380027508 | took 0ms | statement | connection 27| url jdbc:h2:mem:ad3a9e80-f26d-4a3e-9691-17f803db5723
insert into picture (spot_id, url, picture_id) values (?, ?, ?)
insert into picture (spot_id, url, picture_id) values (NULL, 'java.io.StringReader@69481626', 3177);
2022-10-10 14:33:47.508  INFO 4460 --- [    Test worker] p6spy                                    : #1665380027508 | took 0ms | statement | connection 27| url jdbc:h2:mem:ad3a9e80-f26d-4a3e-9691-17f803db5723
insert into picture (spot_id, url, picture_id) values (?, ?, ?)
insert into picture (spot_id, url, picture_id) values (NULL, 'java.io.StringReader@47f0e132', 3178);
2022-10-10 14:33:47.508  INFO 4460 --- [    Test worker] p6spy                                    : #1665380027508 | took 0ms | statement | connection 27| url jdbc:h2:mem:ad3a9e80-f26d-4a3e-9691-17f803db5723
insert into picture (spot_id, url, picture_id) values (?, ?, ?)
insert into picture (spot_id, url, picture_id) values (NULL, 'java.io.StringReader@ed346e', 3179);
2022-10-10 14:33:47.508  INFO 4460 --- [    Test worker] p6spy                                    : #1665380027508 | took 0ms | statement | connection 27| url jdbc:h2:mem:ad3a9e80-f26d-4a3e-9691-17f803db5723
insert into spot (address, description, location, name, score_id, spot_id) values (?, ?, ?, ?, ?, ?)
insert into spot (address, description, location, name, score_id, spot_id) values (NULL, NULL, 'Andeok_myeon', NULL, 781, 847);
2022-10-10 14:33:47.508  INFO 4460 --- [    Test worker] p6spy                                    : #1665380027508 | took 0ms | statement | connection 27| url jdbc:h2:mem:ad3a9e80-f26d-4a3e-9691-17f803db5723
insert into member_spot (member_id, score, spot_id, member_spot_id) values (?, ?, ?, ?)
insert into member_spot (member_id, score, spot_id, member_spot_id) values (22, 0.0, 847, 3180);
2022-10-10 14:33:47.508  INFO 4460 --- [    Test worker] p6spy                                    : #1665380027508 | took 0ms | statement | connection 27| url jdbc:h2:mem:ad3a9e80-f26d-4a3e-9691-17f803db5723
insert into review (content, spot_id, review_id) values (?, ?, ?)
insert into review (content, spot_id, review_id) values ('java.io.StringReader@791587ec', 769, 783);
2022-10-10 14:33:47.508  INFO 4460 --- [    Test worker] p6spy                                    : #1665380027508 | took 0ms | statement | connection 27| url jdbc:h2:mem:ad3a9e80-f26d-4a3e-9691-17f803db5723
insert into favorite_spot (count, favorite_id, spot_id, favorite_spot_id) values (?, ?, ?, ?)
insert into favorite_spot (count, favorite_id, spot_id, favorite_spot_id) values (0, 42, 847, 566);
2022-10-10 14:33:47.508  INFO 4460 --- [    Test worker] p6spy                                    : #1665380027508 | took 0ms | statement | connection 27| url jdbc:h2:mem:ad3a9e80-f26d-4a3e-9691-17f803db5723
insert into score (facility_rank, facility_score, price_rank, price_score, rank_average, surround_rank, surround_score, view_rank, view_score, score_id) values (?, ?, ?, ?, ?, ?, ?, ?, ?, ?)
insert into score (facility_rank, facility_score, price_rank, price_score, rank_average, surround_rank, surround_score, view_rank, view_score, score_id) values (0.8970170667636601, 5.728184873991573, 9.408402351018951, 2.63712430962089, 2.3780011239724264, 3.1139769031161957, 2.5861122920298287, 7.534415241520147, 9.349241262481428, 782);
2022-10-10 14:33:47.508  INFO 4460 --- [    Test worker] p6spy                                    : #1665380027508 | took 0ms | statement | connection 27| url jdbc:h2:mem:ad3a9e80-f26d-4a3e-9691-17f803db5723
insert into picture (spot_id, url, picture_id) values (?, ?, ?)
insert into picture (spot_id, url, picture_id) values (NULL, 'java.io.StringReader@616e1183', 3181);
2022-10-10 14:33:47.508  INFO 4460 --- [    Test worker] p6spy                                    : #1665380027508 | took 0ms | statement | connection 27| url jdbc:h2:mem:ad3a9e80-f26d-4a3e-9691-17f803db5723
insert into picture (spot_id, url, picture_id) values (?, ?, ?)
insert into picture (spot_id, url, picture_id) values (NULL, 'java.io.StringReader@1aa1437b', 3182);
2022-10-10 14:33:47.508  INFO 4460 --- [    Test worker] p6spy                                    : #1665380027508 | took 0ms | statement | connection 27| url jdbc:h2:mem:ad3a9e80-f26d-4a3e-9691-17f803db5723
insert into picture (spot_id, url, picture_id) values (?, ?, ?)
insert into picture (spot_id, url, picture_id) values (NULL, 'java.io.StringReader@18151228', 3183);
2022-10-10 14:33:47.508  INFO 4460 --- [    Test worker] p6spy                                    : #1665380027508 | took 0ms | statement | connection 27| url jdbc:h2:mem:ad3a9e80-f26d-4a3e-9691-17f803db5723
insert into spot (address, description, location, name, score_id, spot_id) values (?, ?, ?, ?, ?, ?)
insert into spot (address, description, location, name, score_id, spot_id) values (NULL, NULL, 'Andeok_myeon', NULL, 782, 848);
2022-10-10 14:33:47.508  INFO 4460 --- [    Test worker] p6spy                                    : #1665380027508 | took 0ms | statement | connection 27| url jdbc:h2:mem:ad3a9e80-f26d-4a3e-9691-17f803db5723
insert into member_spot (member_id, score, spot_id, member_spot_id) values (?, ?, ?, ?)
insert into member_spot (member_id, score, spot_id, member_spot_id) values (22, 0.0, 848, 3184);
2022-10-10 14:33:47.508  INFO 4460 --- [    Test worker] p6spy                                    : #1665380027508 | took 0ms | statement | connection 27| url jdbc:h2:mem:ad3a9e80-f26d-4a3e-9691-17f803db5723
insert into review (content, spot_id, review_id) values (?, ?, ?)
insert into review (content, spot_id, review_id) values ('java.io.StringReader@56ae9f32', 769, 784);
2022-10-10 14:33:47.508  INFO 4460 --- [    Test worker] p6spy                                    : #1665380027508 | took 0ms | statement | connection 27| url jdbc:h2:mem:ad3a9e80-f26d-4a3e-9691-17f803db5723
insert into score (facility_rank, facility_score, price_rank, price_score, rank_average, surround_rank, surround_score, view_rank, view_score, score_id) values (?, ?, ?, ?, ?, ?, ?, ?, ?, ?)
insert into score (facility_rank, facility_score, price_rank, price_score, rank_average, surround_rank, surround_score, view_rank, view_score, score_id) values (8.53204585269814, 2.1128599254491776, 1.9433209924619954, 8.341484667826391, 1.0937332408487177, 0.1519232891732647, 6.178301513254473, 4.4076602242679686, 8.286520371988695, 783);
2022-10-10 14:33:47.508  INFO 4460 --- [    Test worker] p6spy                                    : #1665380027508 | took 0ms | statement | connection 27| url jdbc:h2:mem:ad3a9e80-f26d-4a3e-9691-17f803db5723
insert into picture (spot_id, url, picture_id) values (?, ?, ?)
insert into picture (spot_id, url, picture_id) values (NULL, 'java.io.StringReader@3f8dd04c', 3185);
2022-10-10 14:33:47.509  INFO 4460 --- [    Test worker] p6spy                                    : #1665380027509 | took 0ms | statement | connection 27| url jdbc:h2:mem:ad3a9e80-f26d-4a3e-9691-17f803db5723
insert into picture (spot_id, url, picture_id) values (?, ?, ?)
insert into picture (spot_id, url, picture_id) values (NULL, 'java.io.StringReader@6a24cea9', 3186);
2022-10-10 14:33:47.509  INFO 4460 --- [    Test worker] p6spy                                    : #1665380027509 | took 0ms | statement | connection 27| url jdbc:h2:mem:ad3a9e80-f26d-4a3e-9691-17f803db5723
insert into picture (spot_id, url, picture_id) values (?, ?, ?)
insert into picture (spot_id, url, picture_id) values (NULL, 'java.io.StringReader@70113bbf', 3187);
2022-10-10 14:33:47.509  INFO 4460 --- [    Test worker] p6spy                                    : #1665380027509 | took 0ms | statement | connection 27| url jdbc:h2:mem:ad3a9e80-f26d-4a3e-9691-17f803db5723
insert into spot (address, description, location, name, score_id, spot_id) values (?, ?, ?, ?, ?, ?)
insert into spot (address, description, location, name, score_id, spot_id) values (NULL, NULL, 'Andeok_myeon', NULL, 783, 849);
2022-10-10 14:33:47.509  INFO 4460 --- [    Test worker] p6spy                                    : #1665380027509 | took 0ms | statement | connection 27| url jdbc:h2:mem:ad3a9e80-f26d-4a3e-9691-17f803db5723
insert into member_spot (member_id, score, spot_id, member_spot_id) values (?, ?, ?, ?)
insert into member_spot (member_id, score, spot_id, member_spot_id) values (22, 0.0, 849, 3188);
2022-10-10 14:33:47.509  INFO 4460 --- [    Test worker] p6spy                                    : #1665380027509 | took 0ms | statement | connection 27| url jdbc:h2:mem:ad3a9e80-f26d-4a3e-9691-17f803db5723
insert into review (content, spot_id, review_id) values (?, ?, ?)
insert into review (content, spot_id, review_id) values ('java.io.StringReader@1e3b5aa5', 769, 785);
2022-10-10 14:33:47.509  INFO 4460 --- [    Test worker] p6spy                                    : #1665380027509 | took 0ms | statement | connection 27| url jdbc:h2:mem:ad3a9e80-f26d-4a3e-9691-17f803db5723
insert into favorite_spot (count, favorite_id, spot_id, favorite_spot_id) values (?, ?, ?, ?)
insert into favorite_spot (count, favorite_id, spot_id, favorite_spot_id) values (0, 42, 849, 567);
2022-10-10 14:33:47.509  INFO 4460 --- [    Test worker] p6spy                                    : #1665380027509 | took 0ms | statement | connection 27| url jdbc:h2:mem:ad3a9e80-f26d-4a3e-9691-17f803db5723
insert into score (facility_rank, facility_score, price_rank, price_score, rank_average, surround_rank, surround_score, view_rank, view_score, score_id) values (?, ?, ?, ?, ?, ?, ?, ?, ?, ?)
insert into score (facility_rank, facility_score, price_rank, price_score, rank_average, surround_rank, surround_score, view_rank, view_score, score_id) values (1.3934015313337766, 3.2863999182664494, 1.8108179420608839, 7.119593087106221, 3.0132237029069717, 4.127734002519551, 6.866844673568012, 0.4511201406505094, 0.7134637883873374, 784);
2022-10-10 14:33:47.509  INFO 4460 --- [    Test worker] p6spy                                    : #1665380027509 | took 0ms | statement | connection 27| url jdbc:h2:mem:ad3a9e80-f26d-4a3e-9691-17f803db5723
insert into picture (spot_id, url, picture_id) values (?, ?, ?)
insert into picture (spot_id, url, picture_id) values (NULL, 'java.io.StringReader@140ad442', 3189);
2022-10-10 14:33:47.509  INFO 4460 --- [    Test worker] p6spy                                    : #1665380027509 | took 0ms | statement | connection 27| url jdbc:h2:mem:ad3a9e80-f26d-4a3e-9691-17f803db5723
insert into picture (spot_id, url, picture_id) values (?, ?, ?)
insert into picture (spot_id, url, picture_id) values (NULL, 'java.io.StringReader@6e867668', 3190);
2022-10-10 14:33:47.509  INFO 4460 --- [    Test worker] p6spy                                    : #1665380027509 | took 0ms | statement | connection 27| url jdbc:h2:mem:ad3a9e80-f26d-4a3e-9691-17f803db5723
insert into picture (spot_id, url, picture_id) values (?, ?, ?)
insert into picture (spot_id, url, picture_id) values (NULL, 'java.io.StringReader@547f4eff', 3191);
2022-10-10 14:33:47.509  INFO 4460 --- [    Test worker] p6spy                                    : #1665380027509 | took 0ms | statement | connection 27| url jdbc:h2:mem:ad3a9e80-f26d-4a3e-9691-17f803db5723
insert into spot (address, description, location, name, score_id, spot_id) values (?, ?, ?, ?, ?, ?)
insert into spot (address, description, location, name, score_id, spot_id) values (NULL, NULL, 'Andeok_myeon', NULL, 784, 850);
2022-10-10 14:33:47.509  INFO 4460 --- [    Test worker] p6spy                                    : #1665380027509 | took 0ms | statement | connection 27| url jdbc:h2:mem:ad3a9e80-f26d-4a3e-9691-17f803db5723
insert into member_spot (member_id, score, spot_id, member_spot_id) values (?, ?, ?, ?)
insert into member_spot (member_id, score, spot_id, member_spot_id) values (22, 0.0, 850, 3192);
2022-10-10 14:33:47.509  INFO 4460 --- [    Test worker] p6spy                                    : #1665380027509 | took 0ms | statement | connection 27| url jdbc:h2:mem:ad3a9e80-f26d-4a3e-9691-17f803db5723
insert into review (content, spot_id, review_id) values (?, ?, ?)
insert into review (content, spot_id, review_id) values ('java.io.StringReader@189e6bb6', 769, 786);
2022-10-10 14:33:47.509  INFO 4460 --- [    Test worker] p6spy                                    : #1665380027509 | took 0ms | statement | connection 27| url jdbc:h2:mem:ad3a9e80-f26d-4a3e-9691-17f803db5723
insert into score (facility_rank, facility_score, price_rank, price_score, rank_average, surround_rank, surround_score, view_rank, view_score, score_id) values (?, ?, ?, ?, ?, ?, ?, ?, ?, ?)
insert into score (facility_rank, facility_score, price_rank, price_score, rank_average, surround_rank, surround_score, view_rank, view_score, score_id) values (2.6171752518477307, 7.4957453162851815, 7.399062670256669, 0.8468866423484245, 2.2935784469887732, 2.194955013204627, 2.831141287532656, 9.686472855077199, 8.976325058254538, 785);
2022-10-10 14:33:47.509  INFO 4460 --- [    Test worker] p6spy                                    : #1665380027509 | took 0ms | statement | connection 27| url jdbc:h2:mem:ad3a9e80-f26d-4a3e-9691-17f803db5723
insert into picture (spot_id, url, picture_id) values (?, ?, ?)
insert into picture (spot_id, url, picture_id) values (NULL, 'java.io.StringReader@4c05d035', 3193);
2022-10-10 14:33:47.509  INFO 4460 --- [    Test worker] p6spy                                    : #1665380027509 | took 0ms | statement | connection 27| url jdbc:h2:mem:ad3a9e80-f26d-4a3e-9691-17f803db5723
insert into picture (spot_id, url, picture_id) values (?, ?, ?)
insert into picture (spot_id, url, picture_id) values (NULL, 'java.io.StringReader@6dab0a22', 3194);
2022-10-10 14:33:47.509  INFO 4460 --- [    Test worker] p6spy                                    : #1665380027509 | took 0ms | statement | connection 27| url jdbc:h2:mem:ad3a9e80-f26d-4a3e-9691-17f803db5723
insert into picture (spot_id, url, picture_id) values (?, ?, ?)
insert into picture (spot_id, url, picture_id) values (NULL, 'java.io.StringReader@6b979400', 3195);
2022-10-10 14:33:47.509  INFO 4460 --- [    Test worker] p6spy                                    : #1665380027509 | took 0ms | statement | connection 27| url jdbc:h2:mem:ad3a9e80-f26d-4a3e-9691-17f803db5723
insert into spot (address, description, location, name, score_id, spot_id) values (?, ?, ?, ?, ?, ?)
insert into spot (address, description, location, name, score_id, spot_id) values (NULL, NULL, 'Andeok_myeon', NULL, 785, 851);
2022-10-10 14:33:47.509  INFO 4460 --- [    Test worker] p6spy                                    : #1665380027509 | took 0ms | statement | connection 27| url jdbc:h2:mem:ad3a9e80-f26d-4a3e-9691-17f803db5723
insert into member_spot (member_id, score, spot_id, member_spot_id) values (?, ?, ?, ?)
insert into member_spot (member_id, score, spot_id, member_spot_id) values (22, 0.0, 851, 3196);
2022-10-10 14:33:47.509  INFO 4460 --- [    Test worker] p6spy                                    : #1665380027509 | took 0ms | statement | connection 27| url jdbc:h2:mem:ad3a9e80-f26d-4a3e-9691-17f803db5723
insert into review (content, spot_id, review_id) values (?, ?, ?)
insert into review (content, spot_id, review_id) values ('java.io.StringReader@7bdcaae0', 769, 787);
2022-10-10 14:33:47.509  INFO 4460 --- [    Test worker] p6spy                                    : #1665380027509 | took 0ms | statement | connection 27| url jdbc:h2:mem:ad3a9e80-f26d-4a3e-9691-17f803db5723
insert into favorite_spot (count, favorite_id, spot_id, favorite_spot_id) values (?, ?, ?, ?)
insert into favorite_spot (count, favorite_id, spot_id, favorite_spot_id) values (0, 42, 851, 568);
2022-10-10 14:33:47.509  INFO 4460 --- [    Test worker] p6spy                                    : #1665380027509 | took 0ms | statement | connection 27| url jdbc:h2:mem:ad3a9e80-f26d-4a3e-9691-17f803db5723
insert into score (facility_rank, facility_score, price_rank, price_score, rank_average, surround_rank, surround_score, view_rank, view_score, score_id) values (?, ?, ?, ?, ?, ?, ?, ?, ?, ?)
insert into score (facility_rank, facility_score, price_rank, price_score, rank_average, surround_rank, surround_score, view_rank, view_score, score_id) values (2.2727929436372762, 7.753510315943878, 9.65307549557328, 7.523542947780286, 9.412811027814978, 0.48444958585796005, 6.40757570362516, 5.756282044726387, 2.0829595350888885, 786);
2022-10-10 14:33:47.509  INFO 4460 --- [    Test worker] p6spy                                    : #1665380027509 | took 0ms | statement | connection 27| url jdbc:h2:mem:ad3a9e80-f26d-4a3e-9691-17f803db5723
insert into picture (spot_id, url, picture_id) values (?, ?, ?)
insert into picture (spot_id, url, picture_id) values (NULL, 'java.io.StringReader@d7a6beb', 3197);
2022-10-10 14:33:47.509  INFO 4460 --- [    Test worker] p6spy                                    : #1665380027509 | took 0ms | statement | connection 27| url jdbc:h2:mem:ad3a9e80-f26d-4a3e-9691-17f803db5723
insert into picture (spot_id, url, picture_id) values (?, ?, ?)
insert into picture (spot_id, url, picture_id) values (NULL, 'java.io.StringReader@3bfdedce', 3198);
2022-10-10 14:33:47.509  INFO 4460 --- [    Test worker] p6spy                                    : #1665380027509 | took 0ms | statement | connection 27| url jdbc:h2:mem:ad3a9e80-f26d-4a3e-9691-17f803db5723
insert into picture (spot_id, url, picture_id) values (?, ?, ?)
insert into picture (spot_id, url, picture_id) values (NULL, 'java.io.StringReader@47300c3e', 3199);
2022-10-10 14:33:47.509  INFO 4460 --- [    Test worker] p6spy                                    : #1665380027509 | took 0ms | statement | connection 27| url jdbc:h2:mem:ad3a9e80-f26d-4a3e-9691-17f803db5723
insert into spot (address, description, location, name, score_id, spot_id) values (?, ?, ?, ?, ?, ?)
insert into spot (address, description, location, name, score_id, spot_id) values (NULL, NULL, 'Andeok_myeon', NULL, 786, 852);
2022-10-10 14:33:47.509  INFO 4460 --- [    Test worker] p6spy                                    : #1665380027509 | took 0ms | statement | connection 27| url jdbc:h2:mem:ad3a9e80-f26d-4a3e-9691-17f803db5723
insert into member_spot (member_id, score, spot_id, member_spot_id) values (?, ?, ?, ?)
insert into member_spot (member_id, score, spot_id, member_spot_id) values (22, 0.0, 852, 3200);
2022-10-10 14:33:47.509  INFO 4460 --- [    Test worker] p6spy                                    : #1665380027509 | took 0ms | statement | connection 27| url jdbc:h2:mem:ad3a9e80-f26d-4a3e-9691-17f803db5723
insert into review (content, spot_id, review_id) values (?, ?, ?)
insert into review (content, spot_id, review_id) values ('java.io.StringReader@e953912', 769, 788);
2022-10-10 14:33:47.509  INFO 4460 --- [    Test worker] p6spy                                    : #1665380027509 | took 0ms | statement | connection 27| url jdbc:h2:mem:ad3a9e80-f26d-4a3e-9691-17f803db5723
insert into score (facility_rank, facility_score, price_rank, price_score, rank_average, surround_rank, surround_score, view_rank, view_score, score_id) values (?, ?, ?, ?, ?, ?, ?, ?, ?, ?)
insert into score (facility_rank, facility_score, price_rank, price_score, rank_average, surround_rank, surround_score, view_rank, view_score, score_id) values (8.529161667826898, 9.24674538906112, 1.4422536121757779, 8.071622515098836, 6.072910442952033, 0.7096834575172695, 4.725107392651905, 7.3916403591728415, 8.298364884802568, 787);
2022-10-10 14:33:47.509  INFO 4460 --- [    Test worker] p6spy                                    : #1665380027509 | took 0ms | statement | connection 27| url jdbc:h2:mem:ad3a9e80-f26d-4a3e-9691-17f803db5723
insert into picture (spot_id, url, picture_id) values (?, ?, ?)
insert into picture (spot_id, url, picture_id) values (NULL, 'java.io.StringReader@28af1561', 3201);
2022-10-10 14:33:47.509  INFO 4460 --- [    Test worker] p6spy                                    : #1665380027509 | took 0ms | statement | connection 27| url jdbc:h2:mem:ad3a9e80-f26d-4a3e-9691-17f803db5723
insert into picture (spot_id, url, picture_id) values (?, ?, ?)
insert into picture (spot_id, url, picture_id) values (NULL, 'java.io.StringReader@6ead9b86', 3202);
2022-10-10 14:33:47.509  INFO 4460 --- [    Test worker] p6spy                                    : #1665380027509 | took 0ms | statement | connection 27| url jdbc:h2:mem:ad3a9e80-f26d-4a3e-9691-17f803db5723
insert into picture (spot_id, url, picture_id) values (?, ?, ?)
insert into picture (spot_id, url, picture_id) values (NULL, 'java.io.StringReader@2b106865', 3203);
2022-10-10 14:33:47.509  INFO 4460 --- [    Test worker] p6spy                                    : #1665380027509 | took 0ms | statement | connection 27| url jdbc:h2:mem:ad3a9e80-f26d-4a3e-9691-17f803db5723
insert into spot (address, description, location, name, score_id, spot_id) values (?, ?, ?, ?, ?, ?)
insert into spot (address, description, location, name, score_id, spot_id) values (NULL, NULL, 'Andeok_myeon', NULL, 787, 853);
2022-10-10 14:33:47.509  INFO 4460 --- [    Test worker] p6spy                                    : #1665380027509 | took 0ms | statement | connection 27| url jdbc:h2:mem:ad3a9e80-f26d-4a3e-9691-17f803db5723
insert into member_spot (member_id, score, spot_id, member_spot_id) values (?, ?, ?, ?)
insert into member_spot (member_id, score, spot_id, member_spot_id) values (22, 0.0, 853, 3204);
2022-10-10 14:33:47.509  INFO 4460 --- [    Test worker] p6spy                                    : #1665380027509 | took 0ms | statement | connection 27| url jdbc:h2:mem:ad3a9e80-f26d-4a3e-9691-17f803db5723
insert into review (content, spot_id, review_id) values (?, ?, ?)
insert into review (content, spot_id, review_id) values ('java.io.StringReader@42a0f2e1', 769, 789);
2022-10-10 14:33:47.509  INFO 4460 --- [    Test worker] p6spy                                    : #1665380027509 | took 0ms | statement | connection 27| url jdbc:h2:mem:ad3a9e80-f26d-4a3e-9691-17f803db5723
insert into favorite_spot (count, favorite_id, spot_id, favorite_spot_id) values (?, ?, ?, ?)
insert into favorite_spot (count, favorite_id, spot_id, favorite_spot_id) values (0, 42, 853, 569);
2022-10-10 14:33:47.509  INFO 4460 --- [    Test worker] p6spy                                    : #1665380027509 | took 0ms | statement | connection 27| url jdbc:h2:mem:ad3a9e80-f26d-4a3e-9691-17f803db5723
insert into score (facility_rank, facility_score, price_rank, price_score, rank_average, surround_rank, surround_score, view_rank, view_score, score_id) values (?, ?, ?, ?, ?, ?, ?, ?, ?, ?)
insert into score (facility_rank, facility_score, price_rank, price_score, rank_average, surround_rank, surround_score, view_rank, view_score, score_id) values (9.065426767925706, 7.883445596438538, 8.075052289390985, 9.451200382291173, 9.041902262238896, 4.54543001022124, 9.766302004302648, 2.4857728502405396, 9.539503991064755, 788);
2022-10-10 14:33:47.509  INFO 4460 --- [    Test worker] p6spy                                    : #1665380027509 | took 0ms | statement | connection 27| url jdbc:h2:mem:ad3a9e80-f26d-4a3e-9691-17f803db5723
insert into picture (spot_id, url, picture_id) values (?, ?, ?)
insert into picture (spot_id, url, picture_id) values (NULL, 'java.io.StringReader@cd8dd73', 3205);
2022-10-10 14:33:47.510  INFO 4460 --- [    Test worker] p6spy                                    : #1665380027510 | took 0ms | statement | connection 27| url jdbc:h2:mem:ad3a9e80-f26d-4a3e-9691-17f803db5723
insert into picture (spot_id, url, picture_id) values (?, ?, ?)
insert into picture (spot_id, url, picture_id) values (NULL, 'java.io.StringReader@349ae4a4', 3206);
2022-10-10 14:33:47.510  INFO 4460 --- [    Test worker] p6spy                                    : #1665380027510 | took 0ms | statement | connection 27| url jdbc:h2:mem:ad3a9e80-f26d-4a3e-9691-17f803db5723
insert into picture (spot_id, url, picture_id) values (?, ?, ?)
insert into picture (spot_id, url, picture_id) values (NULL, 'java.io.StringReader@701e790d', 3207);
2022-10-10 14:33:47.510  INFO 4460 --- [    Test worker] p6spy                                    : #1665380027510 | took 0ms | statement | connection 27| url jdbc:h2:mem:ad3a9e80-f26d-4a3e-9691-17f803db5723
insert into spot (address, description, location, name, score_id, spot_id) values (?, ?, ?, ?, ?, ?)
insert into spot (address, description, location, name, score_id, spot_id) values (NULL, NULL, 'Andeok_myeon', NULL, 788, 854);
2022-10-10 14:33:47.510  INFO 4460 --- [    Test worker] p6spy                                    : #1665380027510 | took 0ms | statement | connection 27| url jdbc:h2:mem:ad3a9e80-f26d-4a3e-9691-17f803db5723
insert into member_spot (member_id, score, spot_id, member_spot_id) values (?, ?, ?, ?)
insert into member_spot (member_id, score, spot_id, member_spot_id) values (22, 0.0, 854, 3208);
2022-10-10 14:33:47.510  INFO 4460 --- [    Test worker] p6spy                                    : #1665380027510 | took 0ms | statement | connection 27| url jdbc:h2:mem:ad3a9e80-f26d-4a3e-9691-17f803db5723
insert into review (content, spot_id, review_id) values (?, ?, ?)
insert into review (content, spot_id, review_id) values ('java.io.StringReader@ed9d614', 769, 790);
2022-10-10 14:33:47.510  INFO 4460 --- [    Test worker] p6spy                                    : #1665380027510 | took 0ms | statement | connection 27| url jdbc:h2:mem:ad3a9e80-f26d-4a3e-9691-17f803db5723
insert into score (facility_rank, facility_score, price_rank, price_score, rank_average, surround_rank, surround_score, view_rank, view_score, score_id) values (?, ?, ?, ?, ?, ?, ?, ?, ?, ?)
insert into score (facility_rank, facility_score, price_rank, price_score, rank_average, surround_rank, surround_score, view_rank, view_score, score_id) values (4.654488929048194, 4.449996258102439, 6.3083366276018, 3.376224329927906, 6.118074326691185, 2.09258851292058, 7.055243264724432, 2.8883992079344956, 2.486228895616882, 789);
2022-10-10 14:33:47.510  INFO 4460 --- [    Test worker] p6spy                                    : #1665380027510 | took 0ms | statement | connection 27| url jdbc:h2:mem:ad3a9e80-f26d-4a3e-9691-17f803db5723
insert into picture (spot_id, url, picture_id) values (?, ?, ?)
insert into picture (spot_id, url, picture_id) values (NULL, 'java.io.StringReader@6d6241b4', 3209);
2022-10-10 14:33:47.510  INFO 4460 --- [    Test worker] p6spy                                    : #1665380027510 | took 0ms | statement | connection 27| url jdbc:h2:mem:ad3a9e80-f26d-4a3e-9691-17f803db5723
insert into picture (spot_id, url, picture_id) values (?, ?, ?)
insert into picture (spot_id, url, picture_id) values (NULL, 'java.io.StringReader@2ef731d4', 3210);
2022-10-10 14:33:47.510  INFO 4460 --- [    Test worker] p6spy                                    : #1665380027510 | took 0ms | statement | connection 27| url jdbc:h2:mem:ad3a9e80-f26d-4a3e-9691-17f803db5723
insert into picture (spot_id, url, picture_id) values (?, ?, ?)
insert into picture (spot_id, url, picture_id) values (NULL, 'java.io.StringReader@1089b444', 3211);
2022-10-10 14:33:47.510  INFO 4460 --- [    Test worker] p6spy                                    : #1665380027510 | took 0ms | statement | connection 27| url jdbc:h2:mem:ad3a9e80-f26d-4a3e-9691-17f803db5723
insert into spot (address, description, location, name, score_id, spot_id) values (?, ?, ?, ?, ?, ?)
insert into spot (address, description, location, name, score_id, spot_id) values (NULL, NULL, 'Andeok_myeon', NULL, 789, 855);
2022-10-10 14:33:47.510  INFO 4460 --- [    Test worker] p6spy                                    : #1665380027510 | took 0ms | statement | connection 27| url jdbc:h2:mem:ad3a9e80-f26d-4a3e-9691-17f803db5723
insert into member_spot (member_id, score, spot_id, member_spot_id) values (?, ?, ?, ?)
insert into member_spot (member_id, score, spot_id, member_spot_id) values (22, 0.0, 855, 3212);
2022-10-10 14:33:47.510  INFO 4460 --- [    Test worker] p6spy                                    : #1665380027510 | took 0ms | statement | connection 27| url jdbc:h2:mem:ad3a9e80-f26d-4a3e-9691-17f803db5723
insert into review (content, spot_id, review_id) values (?, ?, ?)
insert into review (content, spot_id, review_id) values ('java.io.StringReader@6447ace3', 769, 791);
2022-10-10 14:33:47.510  INFO 4460 --- [    Test worker] p6spy                                    : #1665380027510 | took 0ms | statement | connection 27| url jdbc:h2:mem:ad3a9e80-f26d-4a3e-9691-17f803db5723
insert into favorite_spot (count, favorite_id, spot_id, favorite_spot_id) values (?, ?, ?, ?)
insert into favorite_spot (count, favorite_id, spot_id, favorite_spot_id) values (0, 42, 855, 570);
2022-10-10 14:33:47.510  INFO 4460 --- [    Test worker] p6spy                                    : #1665380027510 | took 0ms | statement | connection 27| url jdbc:h2:mem:ad3a9e80-f26d-4a3e-9691-17f803db5723
insert into score (facility_rank, facility_score, price_rank, price_score, rank_average, surround_rank, surround_score, view_rank, view_score, score_id) values (?, ?, ?, ?, ?, ?, ?, ?, ?, ?)
insert into score (facility_rank, facility_score, price_rank, price_score, rank_average, surround_rank, surround_score, view_rank, view_score, score_id) values (6.137073429477474, 4.530502892107757, 9.850700428316038, 3.3455301539621374, 7.076383597205135, 4.4693488859988975, 3.112794129394084, 0.1977716894785586, 9.732822770773378, 790);
2022-10-10 14:33:47.510  INFO 4460 --- [    Test worker] p6spy                                    : #1665380027510 | took 0ms | statement | connection 27| url jdbc:h2:mem:ad3a9e80-f26d-4a3e-9691-17f803db5723
insert into picture (spot_id, url, picture_id) values (?, ?, ?)
insert into picture (spot_id, url, picture_id) values (NULL, 'java.io.StringReader@75d7e17c', 3213);
2022-10-10 14:33:47.510  INFO 4460 --- [    Test worker] p6spy                                    : #1665380027510 | took 0ms | statement | connection 27| url jdbc:h2:mem:ad3a9e80-f26d-4a3e-9691-17f803db5723
insert into picture (spot_id, url, picture_id) values (?, ?, ?)
insert into picture (spot_id, url, picture_id) values (NULL, 'java.io.StringReader@58905e25', 3214);
2022-10-10 14:33:47.510  INFO 4460 --- [    Test worker] p6spy                                    : #1665380027510 | took 0ms | statement | connection 27| url jdbc:h2:mem:ad3a9e80-f26d-4a3e-9691-17f803db5723
insert into picture (spot_id, url, picture_id) values (?, ?, ?)
insert into picture (spot_id, url, picture_id) values (NULL, 'java.io.StringReader@50d253d5', 3215);
2022-10-10 14:33:47.510  INFO 4460 --- [    Test worker] p6spy                                    : #1665380027510 | took 0ms | statement | connection 27| url jdbc:h2:mem:ad3a9e80-f26d-4a3e-9691-17f803db5723
insert into spot (address, description, location, name, score_id, spot_id) values (?, ?, ?, ?, ?, ?)
insert into spot (address, description, location, name, score_id, spot_id) values (NULL, NULL, 'Andeok_myeon', NULL, 790, 856);
2022-10-10 14:33:47.510  INFO 4460 --- [    Test worker] p6spy                                    : #1665380027510 | took 0ms | statement | connection 27| url jdbc:h2:mem:ad3a9e80-f26d-4a3e-9691-17f803db5723
insert into member_spot (member_id, score, spot_id, member_spot_id) values (?, ?, ?, ?)
insert into member_spot (member_id, score, spot_id, member_spot_id) values (22, 0.0, 856, 3216);
2022-10-10 14:33:47.510  INFO 4460 --- [    Test worker] p6spy                                    : #1665380027510 | took 0ms | statement | connection 27| url jdbc:h2:mem:ad3a9e80-f26d-4a3e-9691-17f803db5723
insert into review (content, spot_id, review_id) values (?, ?, ?)
insert into review (content, spot_id, review_id) values ('java.io.StringReader@61484cef', 769, 792);
2022-10-10 14:33:47.510  INFO 4460 --- [    Test worker] p6spy                                    : #1665380027510 | took 0ms | statement | connection 27| url jdbc:h2:mem:ad3a9e80-f26d-4a3e-9691-17f803db5723
insert into score (facility_rank, facility_score, price_rank, price_score, rank_average, surround_rank, surround_score, view_rank, view_score, score_id) values (?, ?, ?, ?, ?, ?, ?, ?, ?, ?)
insert into score (facility_rank, facility_score, price_rank, price_score, rank_average, surround_rank, surround_score, view_rank, view_score, score_id) values (5.267706632491874, 0.25220957782975395, 8.995799040929409, 4.061176270894046, 5.280645215347425, 1.442578427061919, 4.1016947667123995, 0.9376200662295775, 0.4658266147792256, 791);
2022-10-10 14:33:47.510  INFO 4460 --- [    Test worker] p6spy                                    : #1665380027510 | took 0ms | statement | connection 27| url jdbc:h2:mem:ad3a9e80-f26d-4a3e-9691-17f803db5723
insert into picture (spot_id, url, picture_id) values (?, ?, ?)
insert into picture (spot_id, url, picture_id) values (NULL, 'java.io.StringReader@6e07e4c', 3217);
2022-10-10 14:33:47.510  INFO 4460 --- [    Test worker] p6spy                                    : #1665380027510 | took 0ms | statement | connection 27| url jdbc:h2:mem:ad3a9e80-f26d-4a3e-9691-17f803db5723
insert into picture (spot_id, url, picture_id) values (?, ?, ?)
insert into picture (spot_id, url, picture_id) values (NULL, 'java.io.StringReader@283dd1b7', 3218);
2022-10-10 14:33:47.510  INFO 4460 --- [    Test worker] p6spy                                    : #1665380027510 | took 0ms | statement | connection 27| url jdbc:h2:mem:ad3a9e80-f26d-4a3e-9691-17f803db5723
insert into picture (spot_id, url, picture_id) values (?, ?, ?)
insert into picture (spot_id, url, picture_id) values (NULL, 'java.io.StringReader@68c0565', 3219);
2022-10-10 14:33:47.510  INFO 4460 --- [    Test worker] p6spy                                    : #1665380027510 | took 0ms | statement | connection 27| url jdbc:h2:mem:ad3a9e80-f26d-4a3e-9691-17f803db5723
insert into spot (address, description, location, name, score_id, spot_id) values (?, ?, ?, ?, ?, ?)
insert into spot (address, description, location, name, score_id, spot_id) values (NULL, NULL, 'Andeok_myeon', NULL, 791, 857);
2022-10-10 14:33:47.510  INFO 4460 --- [    Test worker] p6spy                                    : #1665380027510 | took 0ms | statement | connection 27| url jdbc:h2:mem:ad3a9e80-f26d-4a3e-9691-17f803db5723
insert into member_spot (member_id, score, spot_id, member_spot_id) values (?, ?, ?, ?)
insert into member_spot (member_id, score, spot_id, member_spot_id) values (22, 0.0, 857, 3220);
2022-10-10 14:33:47.510  INFO 4460 --- [    Test worker] p6spy                                    : #1665380027510 | took 0ms | statement | connection 27| url jdbc:h2:mem:ad3a9e80-f26d-4a3e-9691-17f803db5723
insert into review (content, spot_id, review_id) values (?, ?, ?)
insert into review (content, spot_id, review_id) values ('java.io.StringReader@28268909', 769, 793);
2022-10-10 14:33:47.510  INFO 4460 --- [    Test worker] p6spy                                    : #1665380027510 | took 0ms | statement | connection 27| url jdbc:h2:mem:ad3a9e80-f26d-4a3e-9691-17f803db5723
insert into favorite_spot (count, favorite_id, spot_id, favorite_spot_id) values (?, ?, ?, ?)
insert into favorite_spot (count, favorite_id, spot_id, favorite_spot_id) values (0, 42, 857, 571);
2022-10-10 14:33:47.510  INFO 4460 --- [    Test worker] p6spy                                    : #1665380027510 | took 0ms | statement | connection 27| url jdbc:h2:mem:ad3a9e80-f26d-4a3e-9691-17f803db5723
insert into score (facility_rank, facility_score, price_rank, price_score, rank_average, surround_rank, surround_score, view_rank, view_score, score_id) values (?, ?, ?, ?, ?, ?, ?, ?, ?, ?)
insert into score (facility_rank, facility_score, price_rank, price_score, rank_average, surround_rank, surround_score, view_rank, view_score, score_id) values (0.6694662816814423, 2.6663229229182583, 4.2309932499887175, 6.63896468639063, 1.4530549740953247, 4.8949805700155355, 2.66445975849799, 6.670568155464945, 2.218476334076005, 792);
2022-10-10 14:33:47.510  INFO 4460 --- [    Test worker] p6spy                                    : #1665380027510 | took 0ms | statement | connection 27| url jdbc:h2:mem:ad3a9e80-f26d-4a3e-9691-17f803db5723
insert into picture (spot_id, url, picture_id) values (?, ?, ?)
insert into picture (spot_id, url, picture_id) values (NULL, 'java.io.StringReader@20a2adef', 3221);
2022-10-10 14:33:47.510  INFO 4460 --- [    Test worker] p6spy                                    : #1665380027510 | took 0ms | statement | connection 27| url jdbc:h2:mem:ad3a9e80-f26d-4a3e-9691-17f803db5723
insert into picture (spot_id, url, picture_id) values (?, ?, ?)
insert into picture (spot_id, url, picture_id) values (NULL, 'java.io.StringReader@318ccda1', 3222);
2022-10-10 14:33:47.510  INFO 4460 --- [    Test worker] p6spy                                    : #1665380027510 | took 0ms | statement | connection 27| url jdbc:h2:mem:ad3a9e80-f26d-4a3e-9691-17f803db5723
insert into picture (spot_id, url, picture_id) values (?, ?, ?)
insert into picture (spot_id, url, picture_id) values (NULL, 'java.io.StringReader@4488113c', 3223);
2022-10-10 14:33:47.511  INFO 4460 --- [    Test worker] p6spy                                    : #1665380027511 | took 0ms | statement | connection 27| url jdbc:h2:mem:ad3a9e80-f26d-4a3e-9691-17f803db5723
insert into spot (address, description, location, name, score_id, spot_id) values (?, ?, ?, ?, ?, ?)
insert into spot (address, description, location, name, score_id, spot_id) values (NULL, NULL, 'Andeok_myeon', NULL, 792, 858);
2022-10-10 14:33:47.511  INFO 4460 --- [    Test worker] p6spy                                    : #1665380027511 | took 0ms | statement | connection 27| url jdbc:h2:mem:ad3a9e80-f26d-4a3e-9691-17f803db5723
insert into member_spot (member_id, score, spot_id, member_spot_id) values (?, ?, ?, ?)
insert into member_spot (member_id, score, spot_id, member_spot_id) values (22, 0.0, 858, 3224);
2022-10-10 14:33:47.511  INFO 4460 --- [    Test worker] p6spy                                    : #1665380027511 | took 0ms | statement | connection 27| url jdbc:h2:mem:ad3a9e80-f26d-4a3e-9691-17f803db5723
insert into review (content, spot_id, review_id) values (?, ?, ?)
insert into review (content, spot_id, review_id) values ('java.io.StringReader@21038107', 769, 794);
2022-10-10 14:33:47.511  INFO 4460 --- [    Test worker] p6spy                                    : #1665380027511 | took 0ms | statement | connection 27| url jdbc:h2:mem:ad3a9e80-f26d-4a3e-9691-17f803db5723
insert into score (facility_rank, facility_score, price_rank, price_score, rank_average, surround_rank, surround_score, view_rank, view_score, score_id) values (?, ?, ?, ?, ?, ?, ?, ?, ?, ?)
insert into score (facility_rank, facility_score, price_rank, price_score, rank_average, surround_rank, surround_score, view_rank, view_score, score_id) values (5.982970799204944, 9.022046300361831, 5.731122083974381, 8.241910843491802, 8.609665041587519, 8.966522900911668, 4.20856663430521, 4.351260329696359, 8.949723969285767, 793);
2022-10-10 14:33:47.511  INFO 4460 --- [    Test worker] p6spy                                    : #1665380027511 | took 0ms | statement | connection 27| url jdbc:h2:mem:ad3a9e80-f26d-4a3e-9691-17f803db5723
insert into picture (spot_id, url, picture_id) values (?, ?, ?)
insert into picture (spot_id, url, picture_id) values (NULL, 'java.io.StringReader@37245dfe', 3225);
2022-10-10 14:33:47.511  INFO 4460 --- [    Test worker] p6spy                                    : #1665380027511 | took 0ms | statement | connection 27| url jdbc:h2:mem:ad3a9e80-f26d-4a3e-9691-17f803db5723
insert into picture (spot_id, url, picture_id) values (?, ?, ?)
insert into picture (spot_id, url, picture_id) values (NULL, 'java.io.StringReader@1c2a6efa', 3226);
2022-10-10 14:33:47.511  INFO 4460 --- [    Test worker] p6spy                                    : #1665380027511 | took 0ms | statement | connection 27| url jdbc:h2:mem:ad3a9e80-f26d-4a3e-9691-17f803db5723
insert into picture (spot_id, url, picture_id) values (?, ?, ?)
insert into picture (spot_id, url, picture_id) values (NULL, 'java.io.StringReader@3f389c9e', 3227);
2022-10-10 14:33:47.511  INFO 4460 --- [    Test worker] p6spy                                    : #1665380027511 | took 0ms | statement | connection 27| url jdbc:h2:mem:ad3a9e80-f26d-4a3e-9691-17f803db5723
insert into spot (address, description, location, name, score_id, spot_id) values (?, ?, ?, ?, ?, ?)
insert into spot (address, description, location, name, score_id, spot_id) values (NULL, NULL, 'Andeok_myeon', NULL, 793, 859);
2022-10-10 14:33:47.511  INFO 4460 --- [    Test worker] p6spy                                    : #1665380027511 | took 0ms | statement | connection 27| url jdbc:h2:mem:ad3a9e80-f26d-4a3e-9691-17f803db5723
insert into member_spot (member_id, score, spot_id, member_spot_id) values (?, ?, ?, ?)
insert into member_spot (member_id, score, spot_id, member_spot_id) values (22, 0.0, 859, 3228);
2022-10-10 14:33:47.511  INFO 4460 --- [    Test worker] p6spy                                    : #1665380027511 | took 0ms | statement | connection 27| url jdbc:h2:mem:ad3a9e80-f26d-4a3e-9691-17f803db5723
insert into review (content, spot_id, review_id) values (?, ?, ?)
insert into review (content, spot_id, review_id) values ('java.io.StringReader@6f35f771', 769, 795);
2022-10-10 14:33:47.511  INFO 4460 --- [    Test worker] p6spy                                    : #1665380027511 | took 0ms | statement | connection 27| url jdbc:h2:mem:ad3a9e80-f26d-4a3e-9691-17f803db5723
insert into favorite_spot (count, favorite_id, spot_id, favorite_spot_id) values (?, ?, ?, ?)
insert into favorite_spot (count, favorite_id, spot_id, favorite_spot_id) values (0, 42, 859, 572);
2022-10-10 14:33:47.511  INFO 4460 --- [    Test worker] p6spy                                    : #1665380027511 | took 0ms | statement | connection 27| url jdbc:h2:mem:ad3a9e80-f26d-4a3e-9691-17f803db5723
insert into score (facility_rank, facility_score, price_rank, price_score, rank_average, surround_rank, surround_score, view_rank, view_score, score_id) values (?, ?, ?, ?, ?, ?, ?, ?, ?, ?)
insert into score (facility_rank, facility_score, price_rank, price_score, rank_average, surround_rank, surround_score, view_rank, view_score, score_id) values (6.7874884747884225, 9.280982777527024, 3.662964835502429, 1.8066712429274334, 4.486225464447307, 2.4009583761857334, 1.190140967617872, 6.614597868942381, 0.21224028656451455, 794);
2022-10-10 14:33:47.511  INFO 4460 --- [    Test worker] p6spy                                    : #1665380027511 | took 0ms | statement | connection 27| url jdbc:h2:mem:ad3a9e80-f26d-4a3e-9691-17f803db5723
insert into picture (spot_id, url, picture_id) values (?, ?, ?)
insert into picture (spot_id, url, picture_id) values (NULL, 'java.io.StringReader@520d2064', 3229);
2022-10-10 14:33:47.511  INFO 4460 --- [    Test worker] p6spy                                    : #1665380027511 | took 0ms | statement | connection 27| url jdbc:h2:mem:ad3a9e80-f26d-4a3e-9691-17f803db5723
insert into picture (spot_id, url, picture_id) values (?, ?, ?)
insert into picture (spot_id, url, picture_id) values (NULL, 'java.io.StringReader@763e50f3', 3230);
2022-10-10 14:33:47.511  INFO 4460 --- [    Test worker] p6spy                                    : #1665380027511 | took 0ms | statement | connection 27| url jdbc:h2:mem:ad3a9e80-f26d-4a3e-9691-17f803db5723
insert into picture (spot_id, url, picture_id) values (?, ?, ?)
insert into picture (spot_id, url, picture_id) values (NULL, 'java.io.StringReader@60ddd7d5', 3231);
2022-10-10 14:33:47.511  INFO 4460 --- [    Test worker] p6spy                                    : #1665380027511 | took 0ms | statement | connection 27| url jdbc:h2:mem:ad3a9e80-f26d-4a3e-9691-17f803db5723
insert into spot (address, description, location, name, score_id, spot_id) values (?, ?, ?, ?, ?, ?)
insert into spot (address, description, location, name, score_id, spot_id) values (NULL, NULL, 'Andeok_myeon', NULL, 794, 860);
2022-10-10 14:33:47.511  INFO 4460 --- [    Test worker] p6spy                                    : #1665380027511 | took 0ms | statement | connection 27| url jdbc:h2:mem:ad3a9e80-f26d-4a3e-9691-17f803db5723
insert into member_spot (member_id, score, spot_id, member_spot_id) values (?, ?, ?, ?)
insert into member_spot (member_id, score, spot_id, member_spot_id) values (22, 0.0, 860, 3232);
2022-10-10 14:33:47.511  INFO 4460 --- [    Test worker] p6spy                                    : #1665380027511 | took 0ms | statement | connection 27| url jdbc:h2:mem:ad3a9e80-f26d-4a3e-9691-17f803db5723
insert into review (content, spot_id, review_id) values (?, ?, ?)
insert into review (content, spot_id, review_id) values ('java.io.StringReader@78c042a0', 769, 796);
2022-10-10 14:33:47.511  INFO 4460 --- [    Test worker] p6spy                                    : #1665380027511 | took 0ms | statement | connection 27| url jdbc:h2:mem:ad3a9e80-f26d-4a3e-9691-17f803db5723
insert into score (facility_rank, facility_score, price_rank, price_score, rank_average, surround_rank, surround_score, view_rank, view_score, score_id) values (?, ?, ?, ?, ?, ?, ?, ?, ?, ?)
insert into score (facility_rank, facility_score, price_rank, price_score, rank_average, surround_rank, surround_score, view_rank, view_score, score_id) values (1.0386792851012738, 8.615571545078506, 2.576235861880507, 2.836028728631322, 9.375472207984348, 3.043884035099377, 5.073034555738785, 4.715660479713073, 0.3579304276900641, 795);
2022-10-10 14:33:47.511  INFO 4460 --- [    Test worker] p6spy                                    : #1665380027511 | took 0ms | statement | connection 27| url jdbc:h2:mem:ad3a9e80-f26d-4a3e-9691-17f803db5723
insert into picture (spot_id, url, picture_id) values (?, ?, ?)
insert into picture (spot_id, url, picture_id) values (NULL, 'java.io.StringReader@4ea3c06b', 3233);
2022-10-10 14:33:47.511  INFO 4460 --- [    Test worker] p6spy                                    : #1665380027511 | took 0ms | statement | connection 27| url jdbc:h2:mem:ad3a9e80-f26d-4a3e-9691-17f803db5723
insert into picture (spot_id, url, picture_id) values (?, ?, ?)
insert into picture (spot_id, url, picture_id) values (NULL, 'java.io.StringReader@5f9aef48', 3234);
2022-10-10 14:33:47.511  INFO 4460 --- [    Test worker] p6spy                                    : #1665380027511 | took 0ms | statement | connection 27| url jdbc:h2:mem:ad3a9e80-f26d-4a3e-9691-17f803db5723
insert into picture (spot_id, url, picture_id) values (?, ?, ?)
insert into picture (spot_id, url, picture_id) values (NULL, 'java.io.StringReader@4b0aa22e', 3235);
2022-10-10 14:33:47.511  INFO 4460 --- [    Test worker] p6spy                                    : #1665380027511 | took 0ms | statement | connection 27| url jdbc:h2:mem:ad3a9e80-f26d-4a3e-9691-17f803db5723
insert into spot (address, description, location, name, score_id, spot_id) values (?, ?, ?, ?, ?, ?)
insert into spot (address, description, location, name, score_id, spot_id) values (NULL, NULL, 'Andeok_myeon', NULL, 795, 861);
2022-10-10 14:33:47.511  INFO 4460 --- [    Test worker] p6spy                                    : #1665380027511 | took 0ms | statement | connection 27| url jdbc:h2:mem:ad3a9e80-f26d-4a3e-9691-17f803db5723
insert into member_spot (member_id, score, spot_id, member_spot_id) values (?, ?, ?, ?)
insert into member_spot (member_id, score, spot_id, member_spot_id) values (22, 0.0, 861, 3236);
2022-10-10 14:33:47.511  INFO 4460 --- [    Test worker] p6spy                                    : #1665380027511 | took 0ms | statement | connection 27| url jdbc:h2:mem:ad3a9e80-f26d-4a3e-9691-17f803db5723
insert into review (content, spot_id, review_id) values (?, ?, ?)
insert into review (content, spot_id, review_id) values ('java.io.StringReader@42b36552', 769, 797);
2022-10-10 14:33:47.511  INFO 4460 --- [    Test worker] p6spy                                    : #1665380027511 | took 0ms | statement | connection 27| url jdbc:h2:mem:ad3a9e80-f26d-4a3e-9691-17f803db5723
insert into favorite_spot (count, favorite_id, spot_id, favorite_spot_id) values (?, ?, ?, ?)
insert into favorite_spot (count, favorite_id, spot_id, favorite_spot_id) values (0, 42, 861, 573);
2022-10-10 14:33:47.511  INFO 4460 --- [    Test worker] p6spy                                    : #1665380027511 | took 0ms | statement | connection 27| url jdbc:h2:mem:ad3a9e80-f26d-4a3e-9691-17f803db5723
insert into score (facility_rank, facility_score, price_rank, price_score, rank_average, surround_rank, surround_score, view_rank, view_score, score_id) values (?, ?, ?, ?, ?, ?, ?, ?, ?, ?)
insert into score (facility_rank, facility_score, price_rank, price_score, rank_average, surround_rank, surround_score, view_rank, view_score, score_id) values (3.983029135406704, 0.38998063621604406, 3.0244666852154136, 3.8882980903790743, 0.5985774630403529, 8.487301527420463, 1.5698569798110151, 9.788729490935843, 1.035814171255387, 796);
2022-10-10 14:33:47.511  INFO 4460 --- [    Test worker] p6spy                                    : #1665380027511 | took 0ms | statement | connection 27| url jdbc:h2:mem:ad3a9e80-f26d-4a3e-9691-17f803db5723
insert into picture (spot_id, url, picture_id) values (?, ?, ?)
insert into picture (spot_id, url, picture_id) values (NULL, 'java.io.StringReader@3dd82d77', 3237);
2022-10-10 14:33:47.511  INFO 4460 --- [    Test worker] p6spy                                    : #1665380027511 | took 0ms | statement | connection 27| url jdbc:h2:mem:ad3a9e80-f26d-4a3e-9691-17f803db5723
insert into picture (spot_id, url, picture_id) values (?, ?, ?)
insert into picture (spot_id, url, picture_id) values (NULL, 'java.io.StringReader@3bf29b1d', 3238);
2022-10-10 14:33:47.511  INFO 4460 --- [    Test worker] p6spy                                    : #1665380027511 | took 0ms | statement | connection 27| url jdbc:h2:mem:ad3a9e80-f26d-4a3e-9691-17f803db5723
insert into picture (spot_id, url, picture_id) values (?, ?, ?)
insert into picture (spot_id, url, picture_id) values (NULL, 'java.io.StringReader@54a4d15f', 3239);
2022-10-10 14:33:47.511  INFO 4460 --- [    Test worker] p6spy                                    : #1665380027511 | took 0ms | statement | connection 27| url jdbc:h2:mem:ad3a9e80-f26d-4a3e-9691-17f803db5723
insert into spot (address, description, location, name, score_id, spot_id) values (?, ?, ?, ?, ?, ?)
insert into spot (address, description, location, name, score_id, spot_id) values (NULL, NULL, 'Andeok_myeon', NULL, 796, 862);
2022-10-10 14:33:47.511  INFO 4460 --- [    Test worker] p6spy                                    : #1665380027511 | took 0ms | statement | connection 27| url jdbc:h2:mem:ad3a9e80-f26d-4a3e-9691-17f803db5723
insert into member_spot (member_id, score, spot_id, member_spot_id) values (?, ?, ?, ?)
insert into member_spot (member_id, score, spot_id, member_spot_id) values (22, 0.0, 862, 3240);
2022-10-10 14:33:47.511  INFO 4460 --- [    Test worker] p6spy                                    : #1665380027511 | took 0ms | statement | connection 27| url jdbc:h2:mem:ad3a9e80-f26d-4a3e-9691-17f803db5723
insert into review (content, spot_id, review_id) values (?, ?, ?)
insert into review (content, spot_id, review_id) values ('java.io.StringReader@59ee0fbc', 769, 798);
2022-10-10 14:33:47.511  INFO 4460 --- [    Test worker] p6spy                                    : #1665380027511 | took 0ms | statement | connection 27| url jdbc:h2:mem:ad3a9e80-f26d-4a3e-9691-17f803db5723
insert into score (facility_rank, facility_score, price_rank, price_score, rank_average, surround_rank, surround_score, view_rank, view_score, score_id) values (?, ?, ?, ?, ?, ?, ?, ?, ?, ?)
insert into score (facility_rank, facility_score, price_rank, price_score, rank_average, surround_rank, surround_score, view_rank, view_score, score_id) values (7.25414163807746, 5.3712340384252375, 6.87639304594412, 7.395086839623236, 0.9400284305854201, 3.5691180437557666, 6.05187026590375, 5.848349294096985, 9.33966565677331, 797);
2022-10-10 14:33:47.511  INFO 4460 --- [    Test worker] p6spy                                    : #1665380027511 | took 0ms | statement | connection 27| url jdbc:h2:mem:ad3a9e80-f26d-4a3e-9691-17f803db5723
insert into picture (spot_id, url, picture_id) values (?, ?, ?)
insert into picture (spot_id, url, picture_id) values (NULL, 'java.io.StringReader@d97114f', 3241);
2022-10-10 14:33:47.511  INFO 4460 --- [    Test worker] p6spy                                    : #1665380027511 | took 0ms | statement | connection 27| url jdbc:h2:mem:ad3a9e80-f26d-4a3e-9691-17f803db5723
insert into picture (spot_id, url, picture_id) values (?, ?, ?)
insert into picture (spot_id, url, picture_id) values (NULL, 'java.io.StringReader@32bb65d0', 3242);
2022-10-10 14:33:47.511  INFO 4460 --- [    Test worker] p6spy                                    : #1665380027511 | took 0ms | statement | connection 27| url jdbc:h2:mem:ad3a9e80-f26d-4a3e-9691-17f803db5723
insert into picture (spot_id, url, picture_id) values (?, ?, ?)
insert into picture (spot_id, url, picture_id) values (NULL, 'java.io.StringReader@6f03affc', 3243);
2022-10-10 14:33:47.511  INFO 4460 --- [    Test worker] p6spy                                    : #1665380027511 | took 0ms | statement | connection 27| url jdbc:h2:mem:ad3a9e80-f26d-4a3e-9691-17f803db5723
insert into spot (address, description, location, name, score_id, spot_id) values (?, ?, ?, ?, ?, ?)
insert into spot (address, description, location, name, score_id, spot_id) values (NULL, NULL, 'Andeok_myeon', NULL, 797, 863);
2022-10-10 14:33:47.512  INFO 4460 --- [    Test worker] p6spy                                    : #1665380027512 | took 0ms | statement | connection 27| url jdbc:h2:mem:ad3a9e80-f26d-4a3e-9691-17f803db5723
insert into member_spot (member_id, score, spot_id, member_spot_id) values (?, ?, ?, ?)
insert into member_spot (member_id, score, spot_id, member_spot_id) values (22, 0.0, 863, 3244);
2022-10-10 14:33:47.512  INFO 4460 --- [    Test worker] p6spy                                    : #1665380027512 | took 0ms | statement | connection 27| url jdbc:h2:mem:ad3a9e80-f26d-4a3e-9691-17f803db5723
insert into review (content, spot_id, review_id) values (?, ?, ?)
insert into review (content, spot_id, review_id) values ('java.io.StringReader@610cc9af', 769, 799);
2022-10-10 14:33:47.512  INFO 4460 --- [    Test worker] p6spy                                    : #1665380027512 | took 0ms | statement | connection 27| url jdbc:h2:mem:ad3a9e80-f26d-4a3e-9691-17f803db5723
insert into favorite_spot (count, favorite_id, spot_id, favorite_spot_id) values (?, ?, ?, ?)
insert into favorite_spot (count, favorite_id, spot_id, favorite_spot_id) values (0, 42, 863, 574);
2022-10-10 14:33:47.512  INFO 4460 --- [    Test worker] p6spy                                    : #1665380027512 | took 0ms | statement | connection 27| url jdbc:h2:mem:ad3a9e80-f26d-4a3e-9691-17f803db5723
insert into score (facility_rank, facility_score, price_rank, price_score, rank_average, surround_rank, surround_score, view_rank, view_score, score_id) values (?, ?, ?, ?, ?, ?, ?, ?, ?, ?)
insert into score (facility_rank, facility_score, price_rank, price_score, rank_average, surround_rank, surround_score, view_rank, view_score, score_id) values (8.041775275800955, 3.3916313540196374, 4.915813809519331, 4.538681685742462, 4.82912189553268, 1.6677217642548825, 7.807895019438189, 4.8882516971040735, 9.490596533665217, 798);
2022-10-10 14:33:47.512  INFO 4460 --- [    Test worker] p6spy                                    : #1665380027512 | took 0ms | statement | connection 27| url jdbc:h2:mem:ad3a9e80-f26d-4a3e-9691-17f803db5723
insert into picture (spot_id, url, picture_id) values (?, ?, ?)
insert into picture (spot_id, url, picture_id) values (NULL, 'java.io.StringReader@5e4786', 3245);
2022-10-10 14:33:47.512  INFO 4460 --- [    Test worker] p6spy                                    : #1665380027512 | took 0ms | statement | connection 27| url jdbc:h2:mem:ad3a9e80-f26d-4a3e-9691-17f803db5723
insert into picture (spot_id, url, picture_id) values (?, ?, ?)
insert into picture (spot_id, url, picture_id) values (NULL, 'java.io.StringReader@1753b96d', 3246);
2022-10-10 14:33:47.512  INFO 4460 --- [    Test worker] p6spy                                    : #1665380027512 | took 0ms | statement | connection 27| url jdbc:h2:mem:ad3a9e80-f26d-4a3e-9691-17f803db5723
insert into picture (spot_id, url, picture_id) values (?, ?, ?)
insert into picture (spot_id, url, picture_id) values (NULL, 'java.io.StringReader@38ea27a', 3247);
2022-10-10 14:33:47.512  INFO 4460 --- [    Test worker] p6spy                                    : #1665380027512 | took 0ms | statement | connection 27| url jdbc:h2:mem:ad3a9e80-f26d-4a3e-9691-17f803db5723
insert into spot (address, description, location, name, score_id, spot_id) values (?, ?, ?, ?, ?, ?)
insert into spot (address, description, location, name, score_id, spot_id) values (NULL, NULL, 'Andeok_myeon', NULL, 798, 864);
2022-10-10 14:33:47.512  INFO 4460 --- [    Test worker] p6spy                                    : #1665380027512 | took 0ms | statement | connection 27| url jdbc:h2:mem:ad3a9e80-f26d-4a3e-9691-17f803db5723
insert into member_spot (member_id, score, spot_id, member_spot_id) values (?, ?, ?, ?)
insert into member_spot (member_id, score, spot_id, member_spot_id) values (22, 0.0, 864, 3248);
2022-10-10 14:33:47.512  INFO 4460 --- [    Test worker] p6spy                                    : #1665380027512 | took 0ms | statement | connection 27| url jdbc:h2:mem:ad3a9e80-f26d-4a3e-9691-17f803db5723
insert into review (content, spot_id, review_id) values (?, ?, ?)
insert into review (content, spot_id, review_id) values ('java.io.StringReader@36b87d2b', 769, 800);
2022-10-10 14:33:47.512  INFO 4460 --- [    Test worker] p6spy                                    : #1665380027512 | took 0ms | statement | connection 27| url jdbc:h2:mem:ad3a9e80-f26d-4a3e-9691-17f803db5723
insert into score (facility_rank, facility_score, price_rank, price_score, rank_average, surround_rank, surround_score, view_rank, view_score, score_id) values (?, ?, ?, ?, ?, ?, ?, ?, ?, ?)
insert into score (facility_rank, facility_score, price_rank, price_score, rank_average, surround_rank, surround_score, view_rank, view_score, score_id) values (7.404831945055919, 2.325653496703175, 2.8774543601299896, 7.216171080187626, 5.860522137689216, 4.257064849276403, 3.3639164320105195, 7.108392625538466, 1.2823865056475048, 799);
2022-10-10 14:33:47.512  INFO 4460 --- [    Test worker] p6spy                                    : #1665380027512 | took 0ms | statement | connection 27| url jdbc:h2:mem:ad3a9e80-f26d-4a3e-9691-17f803db5723
insert into picture (spot_id, url, picture_id) values (?, ?, ?)
insert into picture (spot_id, url, picture_id) values (NULL, 'java.io.StringReader@1aca966d', 3249);
2022-10-10 14:33:47.512  INFO 4460 --- [    Test worker] p6spy                                    : #1665380027512 | took 0ms | statement | connection 27| url jdbc:h2:mem:ad3a9e80-f26d-4a3e-9691-17f803db5723
insert into picture (spot_id, url, picture_id) values (?, ?, ?)
insert into picture (spot_id, url, picture_id) values (NULL, 'java.io.StringReader@62e182ff', 3250);
2022-10-10 14:33:47.512  INFO 4460 --- [    Test worker] p6spy                                    : #1665380027512 | took 0ms | statement | connection 27| url jdbc:h2:mem:ad3a9e80-f26d-4a3e-9691-17f803db5723
insert into picture (spot_id, url, picture_id) values (?, ?, ?)
insert into picture (spot_id, url, picture_id) values (NULL, 'java.io.StringReader@16b0c640', 3251);
2022-10-10 14:33:47.512  INFO 4460 --- [    Test worker] p6spy                                    : #1665380027512 | took 0ms | statement | connection 27| url jdbc:h2:mem:ad3a9e80-f26d-4a3e-9691-17f803db5723
insert into spot (address, description, location, name, score_id, spot_id) values (?, ?, ?, ?, ?, ?)
insert into spot (address, description, location, name, score_id, spot_id) values (NULL, NULL, 'Andeok_myeon', NULL, 799, 865);
2022-10-10 14:33:47.512  INFO 4460 --- [    Test worker] p6spy                                    : #1665380027512 | took 0ms | statement | connection 27| url jdbc:h2:mem:ad3a9e80-f26d-4a3e-9691-17f803db5723
insert into member_spot (member_id, score, spot_id, member_spot_id) values (?, ?, ?, ?)
insert into member_spot (member_id, score, spot_id, member_spot_id) values (22, 0.0, 865, 3252);
2022-10-10 14:33:47.512  INFO 4460 --- [    Test worker] p6spy                                    : #1665380027512 | took 0ms | statement | connection 27| url jdbc:h2:mem:ad3a9e80-f26d-4a3e-9691-17f803db5723
insert into review (content, spot_id, review_id) values (?, ?, ?)
insert into review (content, spot_id, review_id) values ('java.io.StringReader@1665f406', 769, 801);
2022-10-10 14:33:47.512  INFO 4460 --- [    Test worker] p6spy                                    : #1665380027512 | took 0ms | statement | connection 27| url jdbc:h2:mem:ad3a9e80-f26d-4a3e-9691-17f803db5723
insert into favorite_spot (count, favorite_id, spot_id, favorite_spot_id) values (?, ?, ?, ?)
insert into favorite_spot (count, favorite_id, spot_id, favorite_spot_id) values (0, 42, 865, 575);
2022-10-10 14:33:47.512  INFO 4460 --- [    Test worker] p6spy                                    : #1665380027512 | took 0ms | statement | connection 27| url jdbc:h2:mem:ad3a9e80-f26d-4a3e-9691-17f803db5723
insert into score (facility_rank, facility_score, price_rank, price_score, rank_average, surround_rank, surround_score, view_rank, view_score, score_id) values (?, ?, ?, ?, ?, ?, ?, ?, ?, ?)
insert into score (facility_rank, facility_score, price_rank, price_score, rank_average, surround_rank, surround_score, view_rank, view_score, score_id) values (0.5775815365787862, 0.6730270732920496, 7.558858793567734, 7.416200054003291, 9.807059096738879, 1.7049431120337977, 8.086858772570555, 3.8417850802316678, 4.722574349946881, 800);
2022-10-10 14:33:47.512  INFO 4460 --- [    Test worker] p6spy                                    : #1665380027512 | took 0ms | statement | connection 27| url jdbc:h2:mem:ad3a9e80-f26d-4a3e-9691-17f803db5723
insert into picture (spot_id, url, picture_id) values (?, ?, ?)
insert into picture (spot_id, url, picture_id) values (NULL, 'java.io.StringReader@55dbbac4', 3253);
2022-10-10 14:33:47.512  INFO 4460 --- [    Test worker] p6spy                                    : #1665380027512 | took 0ms | statement | connection 27| url jdbc:h2:mem:ad3a9e80-f26d-4a3e-9691-17f803db5723
insert into picture (spot_id, url, picture_id) values (?, ?, ?)
insert into picture (spot_id, url, picture_id) values (NULL, 'java.io.StringReader@b4eed97', 3254);
2022-10-10 14:33:47.512  INFO 4460 --- [    Test worker] p6spy                                    : #1665380027512 | took 0ms | statement | connection 27| url jdbc:h2:mem:ad3a9e80-f26d-4a3e-9691-17f803db5723
insert into picture (spot_id, url, picture_id) values (?, ?, ?)
insert into picture (spot_id, url, picture_id) values (NULL, 'java.io.StringReader@17fddecd', 3255);
2022-10-10 14:33:47.512  INFO 4460 --- [    Test worker] p6spy                                    : #1665380027512 | took 0ms | statement | connection 27| url jdbc:h2:mem:ad3a9e80-f26d-4a3e-9691-17f803db5723
insert into spot (address, description, location, name, score_id, spot_id) values (?, ?, ?, ?, ?, ?)
insert into spot (address, description, location, name, score_id, spot_id) values (NULL, NULL, 'Andeok_myeon', NULL, 800, 866);
2022-10-10 14:33:47.512  INFO 4460 --- [    Test worker] p6spy                                    : #1665380027512 | took 0ms | statement | connection 27| url jdbc:h2:mem:ad3a9e80-f26d-4a3e-9691-17f803db5723
insert into member_spot (member_id, score, spot_id, member_spot_id) values (?, ?, ?, ?)
insert into member_spot (member_id, score, spot_id, member_spot_id) values (22, 0.0, 866, 3256);
2022-10-10 14:33:47.512  INFO 4460 --- [    Test worker] p6spy                                    : #1665380027512 | took 0ms | statement | connection 27| url jdbc:h2:mem:ad3a9e80-f26d-4a3e-9691-17f803db5723
insert into review (content, spot_id, review_id) values (?, ?, ?)
insert into review (content, spot_id, review_id) values ('java.io.StringReader@1df1511d', 769, 802);
2022-10-10 14:33:47.512  INFO 4460 --- [    Test worker] p6spy                                    : #1665380027512 | took 0ms | statement | connection 27| url jdbc:h2:mem:ad3a9e80-f26d-4a3e-9691-17f803db5723
insert into score (facility_rank, facility_score, price_rank, price_score, rank_average, surround_rank, surround_score, view_rank, view_score, score_id) values (?, ?, ?, ?, ?, ?, ?, ?, ?, ?)
insert into score (facility_rank, facility_score, price_rank, price_score, rank_average, surround_rank, surround_score, view_rank, view_score, score_id) values (7.365431877749011, 2.5257911043708736, 5.038840953268445, 7.492518199614598, 3.492695775374892, 8.798215470405943, 5.085920731993384, 2.6800976736022477, 6.8544828109493325, 801);
2022-10-10 14:33:47.512  INFO 4460 --- [    Test worker] p6spy                                    : #1665380027512 | took 0ms | statement | connection 27| url jdbc:h2:mem:ad3a9e80-f26d-4a3e-9691-17f803db5723
insert into picture (spot_id, url, picture_id) values (?, ?, ?)
insert into picture (spot_id, url, picture_id) values (NULL, 'java.io.StringReader@3fc57cd', 3257);
2022-10-10 14:33:47.512  INFO 4460 --- [    Test worker] p6spy                                    : #1665380027512 | took 0ms | statement | connection 27| url jdbc:h2:mem:ad3a9e80-f26d-4a3e-9691-17f803db5723
insert into picture (spot_id, url, picture_id) values (?, ?, ?)
insert into picture (spot_id, url, picture_id) values (NULL, 'java.io.StringReader@5585c868', 3258);
2022-10-10 14:33:47.512  INFO 4460 --- [    Test worker] p6spy                                    : #1665380027512 | took 0ms | statement | connection 27| url jdbc:h2:mem:ad3a9e80-f26d-4a3e-9691-17f803db5723
insert into picture (spot_id, url, picture_id) values (?, ?, ?)
insert into picture (spot_id, url, picture_id) values (NULL, 'java.io.StringReader@59b2192f', 3259);
2022-10-10 14:33:47.512  INFO 4460 --- [    Test worker] p6spy                                    : #1665380027512 | took 0ms | statement | connection 27| url jdbc:h2:mem:ad3a9e80-f26d-4a3e-9691-17f803db5723
insert into spot (address, description, location, name, score_id, spot_id) values (?, ?, ?, ?, ?, ?)
insert into spot (address, description, location, name, score_id, spot_id) values (NULL, NULL, 'Andeok_myeon', NULL, 801, 867);
2022-10-10 14:33:47.512  INFO 4460 --- [    Test worker] p6spy                                    : #1665380027512 | took 0ms | statement | connection 27| url jdbc:h2:mem:ad3a9e80-f26d-4a3e-9691-17f803db5723
insert into member_spot (member_id, score, spot_id, member_spot_id) values (?, ?, ?, ?)
insert into member_spot (member_id, score, spot_id, member_spot_id) values (22, 0.0, 867, 3260);
2022-10-10 14:33:47.512  INFO 4460 --- [    Test worker] p6spy                                    : #1665380027512 | took 0ms | statement | connection 27| url jdbc:h2:mem:ad3a9e80-f26d-4a3e-9691-17f803db5723
insert into review (content, spot_id, review_id) values (?, ?, ?)
insert into review (content, spot_id, review_id) values ('java.io.StringReader@56576db2', 769, 803);
2022-10-10 14:33:47.512  INFO 4460 --- [    Test worker] p6spy                                    : #1665380027512 | took 0ms | statement | connection 27| url jdbc:h2:mem:ad3a9e80-f26d-4a3e-9691-17f803db5723
insert into favorite_spot (count, favorite_id, spot_id, favorite_spot_id) values (?, ?, ?, ?)
insert into favorite_spot (count, favorite_id, spot_id, favorite_spot_id) values (0, 42, 867, 576);
2022-10-10 14:33:47.512  INFO 4460 --- [    Test worker] p6spy                                    : #1665380027512 | took 0ms | statement | connection 27| url jdbc:h2:mem:ad3a9e80-f26d-4a3e-9691-17f803db5723
insert into score (facility_rank, facility_score, price_rank, price_score, rank_average, surround_rank, surround_score, view_rank, view_score, score_id) values (?, ?, ?, ?, ?, ?, ?, ?, ?, ?)
insert into score (facility_rank, facility_score, price_rank, price_score, rank_average, surround_rank, surround_score, view_rank, view_score, score_id) values (0.7647987382816135, 7.547648481373964, 3.6170931981757724, 4.402022162609364, 9.292912502226349, 6.771164680186342, 6.530417281817684, 0.19918407649537895, 7.532538823185946, 802);
2022-10-10 14:33:47.513  INFO 4460 --- [    Test worker] p6spy                                    : #1665380027513 | took 0ms | statement | connection 27| url jdbc:h2:mem:ad3a9e80-f26d-4a3e-9691-17f803db5723
insert into picture (spot_id, url, picture_id) values (?, ?, ?)
insert into picture (spot_id, url, picture_id) values (NULL, 'java.io.StringReader@2ea1f31b', 3261);
2022-10-10 14:33:47.513  INFO 4460 --- [    Test worker] p6spy                                    : #1665380027513 | took 0ms | statement | connection 27| url jdbc:h2:mem:ad3a9e80-f26d-4a3e-9691-17f803db5723
insert into picture (spot_id, url, picture_id) values (?, ?, ?)
insert into picture (spot_id, url, picture_id) values (NULL, 'java.io.StringReader@5149d43e', 3262);
2022-10-10 14:33:47.513  INFO 4460 --- [    Test worker] p6spy                                    : #1665380027513 | took 0ms | statement | connection 27| url jdbc:h2:mem:ad3a9e80-f26d-4a3e-9691-17f803db5723
insert into picture (spot_id, url, picture_id) values (?, ?, ?)
insert into picture (spot_id, url, picture_id) values (NULL, 'java.io.StringReader@1d0e414', 3263);
2022-10-10 14:33:47.513  INFO 4460 --- [    Test worker] p6spy                                    : #1665380027513 | took 0ms | statement | connection 27| url jdbc:h2:mem:ad3a9e80-f26d-4a3e-9691-17f803db5723
insert into spot (address, description, location, name, score_id, spot_id) values (?, ?, ?, ?, ?, ?)
insert into spot (address, description, location, name, score_id, spot_id) values (NULL, NULL, 'Andeok_myeon', NULL, 802, 868);
2022-10-10 14:33:47.513  INFO 4460 --- [    Test worker] p6spy                                    : #1665380027513 | took 0ms | statement | connection 27| url jdbc:h2:mem:ad3a9e80-f26d-4a3e-9691-17f803db5723
insert into member_spot (member_id, score, spot_id, member_spot_id) values (?, ?, ?, ?)
insert into member_spot (member_id, score, spot_id, member_spot_id) values (22, 0.0, 868, 3264);
2022-10-10 14:33:47.513  INFO 4460 --- [    Test worker] p6spy                                    : #1665380027513 | took 0ms | statement | connection 27| url jdbc:h2:mem:ad3a9e80-f26d-4a3e-9691-17f803db5723
insert into review (content, spot_id, review_id) values (?, ?, ?)
insert into review (content, spot_id, review_id) values ('java.io.StringReader@616710e1', 769, 804);
2022-10-10 14:33:47.513  INFO 4460 --- [    Test worker] p6spy                                    : #1665380027513 | took 0ms | statement | connection 27| url jdbc:h2:mem:ad3a9e80-f26d-4a3e-9691-17f803db5723
update picture set spot_id=?, url=? where picture_id=?
update picture set spot_id=769, url='java.io.StringReader@52cfd82b' where picture_id=2865;
2022-10-10 14:33:47.513  INFO 4460 --- [    Test worker] p6spy                                    : #1665380027513 | took 0ms | statement | connection 27| url jdbc:h2:mem:ad3a9e80-f26d-4a3e-9691-17f803db5723
update picture set spot_id=?, url=? where picture_id=?
update picture set spot_id=769, url='java.io.StringReader@7203c886' where picture_id=2866;
2022-10-10 14:33:47.513  INFO 4460 --- [    Test worker] p6spy                                    : #1665380027513 | took 0ms | statement | connection 27| url jdbc:h2:mem:ad3a9e80-f26d-4a3e-9691-17f803db5723
update picture set spot_id=?, url=? where picture_id=?
update picture set spot_id=769, url='java.io.StringReader@279dc9a0' where picture_id=2867;
2022-10-10 14:33:47.513  INFO 4460 --- [    Test worker] p6spy                                    : #1665380027513 | took 0ms | statement | connection 27| url jdbc:h2:mem:ad3a9e80-f26d-4a3e-9691-17f803db5723
update picture set spot_id=?, url=? where picture_id=?
update picture set spot_id=770, url='java.io.StringReader@2b8e0b5d' where picture_id=2869;
2022-10-10 14:33:47.513  INFO 4460 --- [    Test worker] p6spy                                    : #1665380027513 | took 0ms | statement | connection 27| url jdbc:h2:mem:ad3a9e80-f26d-4a3e-9691-17f803db5723
update picture set spot_id=?, url=? where picture_id=?
update picture set spot_id=770, url='java.io.StringReader@6d5c28bc' where picture_id=2870;
2022-10-10 14:33:47.513  INFO 4460 --- [    Test worker] p6spy                                    : #1665380027513 | took 0ms | statement | connection 27| url jdbc:h2:mem:ad3a9e80-f26d-4a3e-9691-17f803db5723
update picture set spot_id=?, url=? where picture_id=?
update picture set spot_id=770, url='java.io.StringReader@23249721' where picture_id=2871;
2022-10-10 14:33:47.513  INFO 4460 --- [    Test worker] p6spy                                    : #1665380027513 | took 0ms | statement | connection 27| url jdbc:h2:mem:ad3a9e80-f26d-4a3e-9691-17f803db5723
update picture set spot_id=?, url=? where picture_id=?
update picture set spot_id=771, url='java.io.StringReader@5f8d691c' where picture_id=2873;
2022-10-10 14:33:47.513  INFO 4460 --- [    Test worker] p6spy                                    : #1665380027513 | took 0ms | statement | connection 27| url jdbc:h2:mem:ad3a9e80-f26d-4a3e-9691-17f803db5723
update picture set spot_id=?, url=? where picture_id=?
update picture set spot_id=771, url='java.io.StringReader@11e83a96' where picture_id=2874;
2022-10-10 14:33:47.513  INFO 4460 --- [    Test worker] p6spy                                    : #1665380027513 | took 0ms | statement | connection 27| url jdbc:h2:mem:ad3a9e80-f26d-4a3e-9691-17f803db5723
update picture set spot_id=?, url=? where picture_id=?
update picture set spot_id=771, url='java.io.StringReader@93b27c0' where picture_id=2875;
2022-10-10 14:33:47.513  INFO 4460 --- [    Test worker] p6spy                                    : #1665380027513 | took 0ms | statement | connection 27| url jdbc:h2:mem:ad3a9e80-f26d-4a3e-9691-17f803db5723
update picture set spot_id=?, url=? where picture_id=?
update picture set spot_id=772, url='java.io.StringReader@3cfbde77' where picture_id=2877;
2022-10-10 14:33:47.513  INFO 4460 --- [    Test worker] p6spy                                    : #1665380027513 | took 0ms | statement | connection 27| url jdbc:h2:mem:ad3a9e80-f26d-4a3e-9691-17f803db5723
update picture set spot_id=?, url=? where picture_id=?
update picture set spot_id=772, url='java.io.StringReader@45352d51' where picture_id=2878;
2022-10-10 14:33:47.513  INFO 4460 --- [    Test worker] p6spy                                    : #1665380027513 | took 0ms | statement | connection 27| url jdbc:h2:mem:ad3a9e80-f26d-4a3e-9691-17f803db5723
update picture set spot_id=?, url=? where picture_id=?
update picture set spot_id=772, url='java.io.StringReader@657225fa' where picture_id=2879;
2022-10-10 14:33:47.513  INFO 4460 --- [    Test worker] p6spy                                    : #1665380027513 | took 0ms | statement | connection 27| url jdbc:h2:mem:ad3a9e80-f26d-4a3e-9691-17f803db5723
update picture set spot_id=?, url=? where picture_id=?
update picture set spot_id=773, url='java.io.StringReader@7c90fafa' where picture_id=2881;
2022-10-10 14:33:47.513  INFO 4460 --- [    Test worker] p6spy                                    : #1665380027513 | took 0ms | statement | connection 27| url jdbc:h2:mem:ad3a9e80-f26d-4a3e-9691-17f803db5723
update picture set spot_id=?, url=? where picture_id=?
update picture set spot_id=773, url='java.io.StringReader@773a74fa' where picture_id=2882;
2022-10-10 14:33:47.513  INFO 4460 --- [    Test worker] p6spy                                    : #1665380027513 | took 0ms | statement | connection 27| url jdbc:h2:mem:ad3a9e80-f26d-4a3e-9691-17f803db5723
update picture set spot_id=?, url=? where picture_id=?
update picture set spot_id=773, url='java.io.StringReader@425379ca' where picture_id=2883;
2022-10-10 14:33:47.513  INFO 4460 --- [    Test worker] p6spy                                    : #1665380027513 | took 0ms | statement | connection 27| url jdbc:h2:mem:ad3a9e80-f26d-4a3e-9691-17f803db5723
update picture set spot_id=?, url=? where picture_id=?
update picture set spot_id=774, url='java.io.StringReader@72268064' where picture_id=2885;
2022-10-10 14:33:47.514  INFO 4460 --- [    Test worker] p6spy                                    : #1665380027513 | took 0ms | statement | connection 27| url jdbc:h2:mem:ad3a9e80-f26d-4a3e-9691-17f803db5723
update picture set spot_id=?, url=? where picture_id=?
update picture set spot_id=774, url='java.io.StringReader@71b6fae3' where picture_id=2886;
2022-10-10 14:33:47.514  INFO 4460 --- [    Test worker] p6spy                                    : #1665380027514 | took 0ms | statement | connection 27| url jdbc:h2:mem:ad3a9e80-f26d-4a3e-9691-17f803db5723
update picture set spot_id=?, url=? where picture_id=?
update picture set spot_id=774, url='java.io.StringReader@1f1af930' where picture_id=2887;
2022-10-10 14:33:47.514  INFO 4460 --- [    Test worker] p6spy                                    : #1665380027514 | took 0ms | statement | connection 27| url jdbc:h2:mem:ad3a9e80-f26d-4a3e-9691-17f803db5723
update picture set spot_id=?, url=? where picture_id=?
update picture set spot_id=775, url='java.io.StringReader@1c70f6ce' where picture_id=2889;
2022-10-10 14:33:47.514  INFO 4460 --- [    Test worker] p6spy                                    : #1665380027514 | took 0ms | statement | connection 27| url jdbc:h2:mem:ad3a9e80-f26d-4a3e-9691-17f803db5723
update picture set spot_id=?, url=? where picture_id=?
update picture set spot_id=775, url='java.io.StringReader@38f7516d' where picture_id=2890;
2022-10-10 14:33:47.514  INFO 4460 --- [    Test worker] p6spy                                    : #1665380027514 | took 0ms | statement | connection 27| url jdbc:h2:mem:ad3a9e80-f26d-4a3e-9691-17f803db5723
update picture set spot_id=?, url=? where picture_id=?
update picture set spot_id=775, url='java.io.StringReader@b507054' where picture_id=2891;
2022-10-10 14:33:47.514  INFO 4460 --- [    Test worker] p6spy                                    : #1665380027514 | took 0ms | statement | connection 27| url jdbc:h2:mem:ad3a9e80-f26d-4a3e-9691-17f803db5723
update picture set spot_id=?, url=? where picture_id=?
update picture set spot_id=776, url='java.io.StringReader@766c18a2' where picture_id=2893;
2022-10-10 14:33:47.514  INFO 4460 --- [    Test worker] p6spy                                    : #1665380027514 | took 0ms | statement | connection 27| url jdbc:h2:mem:ad3a9e80-f26d-4a3e-9691-17f803db5723
update picture set spot_id=?, url=? where picture_id=?
update picture set spot_id=776, url='java.io.StringReader@ca04000' where picture_id=2894;
2022-10-10 14:33:47.514  INFO 4460 --- [    Test worker] p6spy                                    : #1665380027514 | took 0ms | statement | connection 27| url jdbc:h2:mem:ad3a9e80-f26d-4a3e-9691-17f803db5723
update picture set spot_id=?, url=? where picture_id=?
update picture set spot_id=776, url='java.io.StringReader@596c31bb' where picture_id=2895;
2022-10-10 14:33:47.514  INFO 4460 --- [    Test worker] p6spy                                    : #1665380027514 | took 0ms | statement | connection 27| url jdbc:h2:mem:ad3a9e80-f26d-4a3e-9691-17f803db5723
update picture set spot_id=?, url=? where picture_id=?
update picture set spot_id=777, url='java.io.StringReader@161ffc6a' where picture_id=2897;
2022-10-10 14:33:47.514  INFO 4460 --- [    Test worker] p6spy                                    : #1665380027514 | took 0ms | statement | connection 27| url jdbc:h2:mem:ad3a9e80-f26d-4a3e-9691-17f803db5723
update picture set spot_id=?, url=? where picture_id=?
update picture set spot_id=777, url='java.io.StringReader@2134d206' where picture_id=2898;
2022-10-10 14:33:47.514  INFO 4460 --- [    Test worker] p6spy                                    : #1665380027514 | took 0ms | statement | connection 27| url jdbc:h2:mem:ad3a9e80-f26d-4a3e-9691-17f803db5723
update picture set spot_id=?, url=? where picture_id=?
update picture set spot_id=777, url='java.io.StringReader@5043c847' where picture_id=2899;
2022-10-10 14:33:47.514  INFO 4460 --- [    Test worker] p6spy                                    : #1665380027514 | took 0ms | statement | connection 27| url jdbc:h2:mem:ad3a9e80-f26d-4a3e-9691-17f803db5723
update picture set spot_id=?, url=? where picture_id=?
update picture set spot_id=778, url='java.io.StringReader@52157e0e' where picture_id=2901;
2022-10-10 14:33:47.514  INFO 4460 --- [    Test worker] p6spy                                    : #1665380027514 | took 0ms | statement | connection 27| url jdbc:h2:mem:ad3a9e80-f26d-4a3e-9691-17f803db5723
update picture set spot_id=?, url=? where picture_id=?
update picture set spot_id=778, url='java.io.StringReader@45a176a3' where picture_id=2902;
2022-10-10 14:33:47.514  INFO 4460 --- [    Test worker] p6spy                                    : #1665380027514 | took 0ms | statement | connection 27| url jdbc:h2:mem:ad3a9e80-f26d-4a3e-9691-17f803db5723
update picture set spot_id=?, url=? where picture_id=?
update picture set spot_id=778, url='java.io.StringReader@709c1ad4' where picture_id=2903;
2022-10-10 14:33:47.514  INFO 4460 --- [    Test worker] p6spy                                    : #1665380027514 | took 0ms | statement | connection 27| url jdbc:h2:mem:ad3a9e80-f26d-4a3e-9691-17f803db5723
update picture set spot_id=?, url=? where picture_id=?
update picture set spot_id=779, url='java.io.StringReader@49d33379' where picture_id=2905;
2022-10-10 14:33:47.514  INFO 4460 --- [    Test worker] p6spy                                    : #1665380027514 | took 0ms | statement | connection 27| url jdbc:h2:mem:ad3a9e80-f26d-4a3e-9691-17f803db5723
update picture set spot_id=?, url=? where picture_id=?
update picture set spot_id=779, url='java.io.StringReader@75585c51' where picture_id=2906;
2022-10-10 14:33:47.514  INFO 4460 --- [    Test worker] p6spy                                    : #1665380027514 | took 0ms | statement | connection 27| url jdbc:h2:mem:ad3a9e80-f26d-4a3e-9691-17f803db5723
update picture set spot_id=?, url=? where picture_id=?
update picture set spot_id=779, url='java.io.StringReader@22bf3a1b' where picture_id=2907;
2022-10-10 14:33:47.514  INFO 4460 --- [    Test worker] p6spy                                    : #1665380027514 | took 0ms | statement | connection 27| url jdbc:h2:mem:ad3a9e80-f26d-4a3e-9691-17f803db5723
update picture set spot_id=?, url=? where picture_id=?
update picture set spot_id=780, url='java.io.StringReader@7e4cf3f0' where picture_id=2909;
2022-10-10 14:33:47.514  INFO 4460 --- [    Test worker] p6spy                                    : #1665380027514 | took 0ms | statement | connection 27| url jdbc:h2:mem:ad3a9e80-f26d-4a3e-9691-17f803db5723
update picture set spot_id=?, url=? where picture_id=?
update picture set spot_id=780, url='java.io.StringReader@1274b020' where picture_id=2910;
2022-10-10 14:33:47.514  INFO 4460 --- [    Test worker] p6spy                                    : #1665380027514 | took 0ms | statement | connection 27| url jdbc:h2:mem:ad3a9e80-f26d-4a3e-9691-17f803db5723
update picture set spot_id=?, url=? where picture_id=?
update picture set spot_id=780, url='java.io.StringReader@4c042553' where picture_id=2911;
2022-10-10 14:33:47.514  INFO 4460 --- [    Test worker] p6spy                                    : #1665380027514 | took 0ms | statement | connection 27| url jdbc:h2:mem:ad3a9e80-f26d-4a3e-9691-17f803db5723
update picture set spot_id=?, url=? where picture_id=?
update picture set spot_id=781, url='java.io.StringReader@4bf43578' where picture_id=2913;
2022-10-10 14:33:47.514  INFO 4460 --- [    Test worker] p6spy                                    : #1665380027514 | took 0ms | statement | connection 27| url jdbc:h2:mem:ad3a9e80-f26d-4a3e-9691-17f803db5723
update picture set spot_id=?, url=? where picture_id=?
update picture set spot_id=781, url='java.io.StringReader@1da6b586' where picture_id=2914;
2022-10-10 14:33:47.514  INFO 4460 --- [    Test worker] p6spy                                    : #1665380027514 | took 0ms | statement | connection 27| url jdbc:h2:mem:ad3a9e80-f26d-4a3e-9691-17f803db5723
update picture set spot_id=?, url=? where picture_id=?
update picture set spot_id=781, url='java.io.StringReader@b24d7d5' where picture_id=2915;
2022-10-10 14:33:47.514  INFO 4460 --- [    Test worker] p6spy                                    : #1665380027514 | took 0ms | statement | connection 27| url jdbc:h2:mem:ad3a9e80-f26d-4a3e-9691-17f803db5723
update picture set spot_id=?, url=? where picture_id=?
update picture set spot_id=782, url='java.io.StringReader@4c0f546b' where picture_id=2917;
2022-10-10 14:33:47.514  INFO 4460 --- [    Test worker] p6spy                                    : #1665380027514 | took 0ms | statement | connection 27| url jdbc:h2:mem:ad3a9e80-f26d-4a3e-9691-17f803db5723
update picture set spot_id=?, url=? where picture_id=?
update picture set spot_id=782, url='java.io.StringReader@43633213' where picture_id=2918;
2022-10-10 14:33:47.514  INFO 4460 --- [    Test worker] p6spy                                    : #1665380027514 | took 0ms | statement | connection 27| url jdbc:h2:mem:ad3a9e80-f26d-4a3e-9691-17f803db5723
update picture set spot_id=?, url=? where picture_id=?
update picture set spot_id=782, url='java.io.StringReader@248241bf' where picture_id=2919;
2022-10-10 14:33:47.514  INFO 4460 --- [    Test worker] p6spy                                    : #1665380027514 | took 0ms | statement | connection 27| url jdbc:h2:mem:ad3a9e80-f26d-4a3e-9691-17f803db5723
update picture set spot_id=?, url=? where picture_id=?
update picture set spot_id=783, url='java.io.StringReader@207b4556' where picture_id=2921;
2022-10-10 14:33:47.514  INFO 4460 --- [    Test worker] p6spy                                    : #1665380027514 | took 0ms | statement | connection 27| url jdbc:h2:mem:ad3a9e80-f26d-4a3e-9691-17f803db5723
update picture set spot_id=?, url=? where picture_id=?
update picture set spot_id=783, url='java.io.StringReader@40f8207c' where picture_id=2922;
2022-10-10 14:33:47.514  INFO 4460 --- [    Test worker] p6spy                                    : #1665380027514 | took 0ms | statement | connection 27| url jdbc:h2:mem:ad3a9e80-f26d-4a3e-9691-17f803db5723
update picture set spot_id=?, url=? where picture_id=?
update picture set spot_id=783, url='java.io.StringReader@2d53aea0' where picture_id=2923;
2022-10-10 14:33:47.514  INFO 4460 --- [    Test worker] p6spy                                    : #1665380027514 | took 0ms | statement | connection 27| url jdbc:h2:mem:ad3a9e80-f26d-4a3e-9691-17f803db5723
update picture set spot_id=?, url=? where picture_id=?
update picture set spot_id=784, url='java.io.StringReader@118b8c59' where picture_id=2925;
2022-10-10 14:33:47.515  INFO 4460 --- [    Test worker] p6spy                                    : #1665380027515 | took 0ms | statement | connection 27| url jdbc:h2:mem:ad3a9e80-f26d-4a3e-9691-17f803db5723
update picture set spot_id=?, url=? where picture_id=?
update picture set spot_id=784, url='java.io.StringReader@8f0475d' where picture_id=2926;
2022-10-10 14:33:47.515  INFO 4460 --- [    Test worker] p6spy                                    : #1665380027515 | took 0ms | statement | connection 27| url jdbc:h2:mem:ad3a9e80-f26d-4a3e-9691-17f803db5723
update picture set spot_id=?, url=? where picture_id=?
update picture set spot_id=784, url='java.io.StringReader@29739d16' where picture_id=2927;
2022-10-10 14:33:47.515  INFO 4460 --- [    Test worker] p6spy                                    : #1665380027515 | took 0ms | statement | connection 27| url jdbc:h2:mem:ad3a9e80-f26d-4a3e-9691-17f803db5723
update picture set spot_id=?, url=? where picture_id=?
update picture set spot_id=785, url='java.io.StringReader@5b20e3d3' where picture_id=2929;
2022-10-10 14:33:47.515  INFO 4460 --- [    Test worker] p6spy                                    : #1665380027515 | took 0ms | statement | connection 27| url jdbc:h2:mem:ad3a9e80-f26d-4a3e-9691-17f803db5723
update picture set spot_id=?, url=? where picture_id=?
update picture set spot_id=785, url='java.io.StringReader@13f0558d' where picture_id=2930;
2022-10-10 14:33:47.515  INFO 4460 --- [    Test worker] p6spy                                    : #1665380027515 | took 0ms | statement | connection 27| url jdbc:h2:mem:ad3a9e80-f26d-4a3e-9691-17f803db5723
update picture set spot_id=?, url=? where picture_id=?
update picture set spot_id=785, url='java.io.StringReader@689ef31d' where picture_id=2931;
2022-10-10 14:33:47.515  INFO 4460 --- [    Test worker] p6spy                                    : #1665380027515 | took 0ms | statement | connection 27| url jdbc:h2:mem:ad3a9e80-f26d-4a3e-9691-17f803db5723
update picture set spot_id=?, url=? where picture_id=?
update picture set spot_id=786, url='java.io.StringReader@e0b5cae' where picture_id=2933;
2022-10-10 14:33:47.515  INFO 4460 --- [    Test worker] p6spy                                    : #1665380027515 | took 0ms | statement | connection 27| url jdbc:h2:mem:ad3a9e80-f26d-4a3e-9691-17f803db5723
update picture set spot_id=?, url=? where picture_id=?
update picture set spot_id=786, url='java.io.StringReader@579bf3b' where picture_id=2934;
2022-10-10 14:33:47.515  INFO 4460 --- [    Test worker] p6spy                                    : #1665380027515 | took 0ms | statement | connection 27| url jdbc:h2:mem:ad3a9e80-f26d-4a3e-9691-17f803db5723
update picture set spot_id=?, url=? where picture_id=?
update picture set spot_id=786, url='java.io.StringReader@40984b9b' where picture_id=2935;
2022-10-10 14:33:47.515  INFO 4460 --- [    Test worker] p6spy                                    : #1665380027515 | took 0ms | statement | connection 27| url jdbc:h2:mem:ad3a9e80-f26d-4a3e-9691-17f803db5723
update picture set spot_id=?, url=? where picture_id=?
update picture set spot_id=787, url='java.io.StringReader@4f14a906' where picture_id=2937;
2022-10-10 14:33:47.515  INFO 4460 --- [    Test worker] p6spy                                    : #1665380027515 | took 0ms | statement | connection 27| url jdbc:h2:mem:ad3a9e80-f26d-4a3e-9691-17f803db5723
update picture set spot_id=?, url=? where picture_id=?
update picture set spot_id=787, url='java.io.StringReader@76c29c78' where picture_id=2938;
2022-10-10 14:33:47.515  INFO 4460 --- [    Test worker] p6spy                                    : #1665380027515 | took 0ms | statement | connection 27| url jdbc:h2:mem:ad3a9e80-f26d-4a3e-9691-17f803db5723
update picture set spot_id=?, url=? where picture_id=?
update picture set spot_id=787, url='java.io.StringReader@651e5b30' where picture_id=2939;
2022-10-10 14:33:47.515  INFO 4460 --- [    Test worker] p6spy                                    : #1665380027515 | took 0ms | statement | connection 27| url jdbc:h2:mem:ad3a9e80-f26d-4a3e-9691-17f803db5723
update picture set spot_id=?, url=? where picture_id=?
update picture set spot_id=788, url='java.io.StringReader@206c355d' where picture_id=2941;
2022-10-10 14:33:47.515  INFO 4460 --- [    Test worker] p6spy                                    : #1665380027515 | took 0ms | statement | connection 27| url jdbc:h2:mem:ad3a9e80-f26d-4a3e-9691-17f803db5723
update picture set spot_id=?, url=? where picture_id=?
update picture set spot_id=788, url='java.io.StringReader@51cd9c93' where picture_id=2942;
2022-10-10 14:33:47.515  INFO 4460 --- [    Test worker] p6spy                                    : #1665380027515 | took 0ms | statement | connection 27| url jdbc:h2:mem:ad3a9e80-f26d-4a3e-9691-17f803db5723
update picture set spot_id=?, url=? where picture_id=?
update picture set spot_id=788, url='java.io.StringReader@a4aa5be' where picture_id=2943;
2022-10-10 14:33:47.515  INFO 4460 --- [    Test worker] p6spy                                    : #1665380027515 | took 0ms | statement | connection 27| url jdbc:h2:mem:ad3a9e80-f26d-4a3e-9691-17f803db5723
update picture set spot_id=?, url=? where picture_id=?
update picture set spot_id=789, url='java.io.StringReader@2a8a4ef' where picture_id=2945;
2022-10-10 14:33:47.515  INFO 4460 --- [    Test worker] p6spy                                    : #1665380027515 | took 0ms | statement | connection 27| url jdbc:h2:mem:ad3a9e80-f26d-4a3e-9691-17f803db5723
update picture set spot_id=?, url=? where picture_id=?
update picture set spot_id=789, url='java.io.StringReader@74d7e77c' where picture_id=2946;
2022-10-10 14:33:47.515  INFO 4460 --- [    Test worker] p6spy                                    : #1665380027515 | took 0ms | statement | connection 27| url jdbc:h2:mem:ad3a9e80-f26d-4a3e-9691-17f803db5723
update picture set spot_id=?, url=? where picture_id=?
update picture set spot_id=789, url='java.io.StringReader@215a1812' where picture_id=2947;
2022-10-10 14:33:47.515  INFO 4460 --- [    Test worker] p6spy                                    : #1665380027515 | took 0ms | statement | connection 27| url jdbc:h2:mem:ad3a9e80-f26d-4a3e-9691-17f803db5723
update picture set spot_id=?, url=? where picture_id=?
update picture set spot_id=790, url='java.io.StringReader@7d996aea' where picture_id=2949;
2022-10-10 14:33:47.515  INFO 4460 --- [    Test worker] p6spy                                    : #1665380027515 | took 0ms | statement | connection 27| url jdbc:h2:mem:ad3a9e80-f26d-4a3e-9691-17f803db5723
update picture set spot_id=?, url=? where picture_id=?
update picture set spot_id=790, url='java.io.StringReader@5cb536c3' where picture_id=2950;
2022-10-10 14:33:47.515  INFO 4460 --- [    Test worker] p6spy                                    : #1665380027515 | took 0ms | statement | connection 27| url jdbc:h2:mem:ad3a9e80-f26d-4a3e-9691-17f803db5723
update picture set spot_id=?, url=? where picture_id=?
update picture set spot_id=790, url='java.io.StringReader@1053c873' where picture_id=2951;
2022-10-10 14:33:47.515  INFO 4460 --- [    Test worker] p6spy                                    : #1665380027515 | took 0ms | statement | connection 27| url jdbc:h2:mem:ad3a9e80-f26d-4a3e-9691-17f803db5723
update picture set spot_id=?, url=? where picture_id=?
update picture set spot_id=791, url='java.io.StringReader@db5e89' where picture_id=2953;
2022-10-10 14:33:47.515  INFO 4460 --- [    Test worker] p6spy                                    : #1665380027515 | took 0ms | statement | connection 27| url jdbc:h2:mem:ad3a9e80-f26d-4a3e-9691-17f803db5723
update picture set spot_id=?, url=? where picture_id=?
update picture set spot_id=791, url='java.io.StringReader@4946a1d2' where picture_id=2954;
2022-10-10 14:33:47.515  INFO 4460 --- [    Test worker] p6spy                                    : #1665380027515 | took 0ms | statement | connection 27| url jdbc:h2:mem:ad3a9e80-f26d-4a3e-9691-17f803db5723
update picture set spot_id=?, url=? where picture_id=?
update picture set spot_id=791, url='java.io.StringReader@61ec7db3' where picture_id=2955;
2022-10-10 14:33:47.515  INFO 4460 --- [    Test worker] p6spy                                    : #1665380027515 | took 0ms | statement | connection 27| url jdbc:h2:mem:ad3a9e80-f26d-4a3e-9691-17f803db5723
update picture set spot_id=?, url=? where picture_id=?
update picture set spot_id=792, url='java.io.StringReader@5c0ac8a8' where picture_id=2957;
2022-10-10 14:33:47.515  INFO 4460 --- [    Test worker] p6spy                                    : #1665380027515 | took 0ms | statement | connection 27| url jdbc:h2:mem:ad3a9e80-f26d-4a3e-9691-17f803db5723
update picture set spot_id=?, url=? where picture_id=?
update picture set spot_id=792, url='java.io.StringReader@510d08ab' where picture_id=2958;
2022-10-10 14:33:47.515  INFO 4460 --- [    Test worker] p6spy                                    : #1665380027515 | took 0ms | statement | connection 27| url jdbc:h2:mem:ad3a9e80-f26d-4a3e-9691-17f803db5723
update picture set spot_id=?, url=? where picture_id=?
update picture set spot_id=792, url='java.io.StringReader@c74d054' where picture_id=2959;
2022-10-10 14:33:47.515  INFO 4460 --- [    Test worker] p6spy                                    : #1665380027515 | took 0ms | statement | connection 27| url jdbc:h2:mem:ad3a9e80-f26d-4a3e-9691-17f803db5723
update picture set spot_id=?, url=? where picture_id=?
update picture set spot_id=793, url='java.io.StringReader@6f38be61' where picture_id=2961;
2022-10-10 14:33:47.515  INFO 4460 --- [    Test worker] p6spy                                    : #1665380027515 | took 0ms | statement | connection 27| url jdbc:h2:mem:ad3a9e80-f26d-4a3e-9691-17f803db5723
update picture set spot_id=?, url=? where picture_id=?
update picture set spot_id=793, url='java.io.StringReader@3fe7aad4' where picture_id=2962;
2022-10-10 14:33:47.515  INFO 4460 --- [    Test worker] p6spy                                    : #1665380027515 | took 0ms | statement | connection 27| url jdbc:h2:mem:ad3a9e80-f26d-4a3e-9691-17f803db5723
update picture set spot_id=?, url=? where picture_id=?
update picture set spot_id=793, url='java.io.StringReader@2b7ae4fd' where picture_id=2963;
2022-10-10 14:33:47.515  INFO 4460 --- [    Test worker] p6spy                                    : #1665380027515 | took 0ms | statement | connection 27| url jdbc:h2:mem:ad3a9e80-f26d-4a3e-9691-17f803db5723
update picture set spot_id=?, url=? where picture_id=?
update picture set spot_id=794, url='java.io.StringReader@53ef9b60' where picture_id=2965;
2022-10-10 14:33:47.515  INFO 4460 --- [    Test worker] p6spy                                    : #1665380027515 | took 0ms | statement | connection 27| url jdbc:h2:mem:ad3a9e80-f26d-4a3e-9691-17f803db5723
update picture set spot_id=?, url=? where picture_id=?
update picture set spot_id=794, url='java.io.StringReader@14b0c3d4' where picture_id=2966;
2022-10-10 14:33:47.515  INFO 4460 --- [    Test worker] p6spy                                    : #1665380027515 | took 0ms | statement | connection 27| url jdbc:h2:mem:ad3a9e80-f26d-4a3e-9691-17f803db5723
update picture set spot_id=?, url=? where picture_id=?
update picture set spot_id=794, url='java.io.StringReader@2244148e' where picture_id=2967;
2022-10-10 14:33:47.515  INFO 4460 --- [    Test worker] p6spy                                    : #1665380027515 | took 0ms | statement | connection 27| url jdbc:h2:mem:ad3a9e80-f26d-4a3e-9691-17f803db5723
update picture set spot_id=?, url=? where picture_id=?
update picture set spot_id=795, url='java.io.StringReader@6e7ebd3f' where picture_id=2969;
2022-10-10 14:33:47.515  INFO 4460 --- [    Test worker] p6spy                                    : #1665380027515 | took 0ms | statement | connection 27| url jdbc:h2:mem:ad3a9e80-f26d-4a3e-9691-17f803db5723
update picture set spot_id=?, url=? where picture_id=?
update picture set spot_id=795, url='java.io.StringReader@493437e1' where picture_id=2970;
2022-10-10 14:33:47.516  INFO 4460 --- [    Test worker] p6spy                                    : #1665380027516 | took 0ms | statement | connection 27| url jdbc:h2:mem:ad3a9e80-f26d-4a3e-9691-17f803db5723
update picture set spot_id=?, url=? where picture_id=?
update picture set spot_id=795, url='java.io.StringReader@7a4db9bc' where picture_id=2971;
2022-10-10 14:33:47.516  INFO 4460 --- [    Test worker] p6spy                                    : #1665380027516 | took 0ms | statement | connection 27| url jdbc:h2:mem:ad3a9e80-f26d-4a3e-9691-17f803db5723
update picture set spot_id=?, url=? where picture_id=?
update picture set spot_id=796, url='java.io.StringReader@6be4c818' where picture_id=2973;
2022-10-10 14:33:47.516  INFO 4460 --- [    Test worker] p6spy                                    : #1665380027516 | took 0ms | statement | connection 27| url jdbc:h2:mem:ad3a9e80-f26d-4a3e-9691-17f803db5723
update picture set spot_id=?, url=? where picture_id=?
update picture set spot_id=796, url='java.io.StringReader@12f493a5' where picture_id=2974;
2022-10-10 14:33:47.516  INFO 4460 --- [    Test worker] p6spy                                    : #1665380027516 | took 0ms | statement | connection 27| url jdbc:h2:mem:ad3a9e80-f26d-4a3e-9691-17f803db5723
update picture set spot_id=?, url=? where picture_id=?
update picture set spot_id=796, url='java.io.StringReader@73092752' where picture_id=2975;
2022-10-10 14:33:47.516  INFO 4460 --- [    Test worker] p6spy                                    : #1665380027516 | took 0ms | statement | connection 27| url jdbc:h2:mem:ad3a9e80-f26d-4a3e-9691-17f803db5723
update picture set spot_id=?, url=? where picture_id=?
update picture set spot_id=797, url='java.io.StringReader@71249bc4' where picture_id=2977;
2022-10-10 14:33:47.516  INFO 4460 --- [    Test worker] p6spy                                    : #1665380027516 | took 0ms | statement | connection 27| url jdbc:h2:mem:ad3a9e80-f26d-4a3e-9691-17f803db5723
update picture set spot_id=?, url=? where picture_id=?
update picture set spot_id=797, url='java.io.StringReader@1795dc8b' where picture_id=2978;
2022-10-10 14:33:47.516  INFO 4460 --- [    Test worker] p6spy                                    : #1665380027516 | took 0ms | statement | connection 27| url jdbc:h2:mem:ad3a9e80-f26d-4a3e-9691-17f803db5723
update picture set spot_id=?, url=? where picture_id=?
update picture set spot_id=797, url='java.io.StringReader@2049ac68' where picture_id=2979;
2022-10-10 14:33:47.516  INFO 4460 --- [    Test worker] p6spy                                    : #1665380027516 | took 0ms | statement | connection 27| url jdbc:h2:mem:ad3a9e80-f26d-4a3e-9691-17f803db5723
update picture set spot_id=?, url=? where picture_id=?
update picture set spot_id=798, url='java.io.StringReader@19e33d18' where picture_id=2981;
2022-10-10 14:33:47.516  INFO 4460 --- [    Test worker] p6spy                                    : #1665380027516 | took 0ms | statement | connection 27| url jdbc:h2:mem:ad3a9e80-f26d-4a3e-9691-17f803db5723
update picture set spot_id=?, url=? where picture_id=?
update picture set spot_id=798, url='java.io.StringReader@5b2901ce' where picture_id=2982;
2022-10-10 14:33:47.516  INFO 4460 --- [    Test worker] p6spy                                    : #1665380027516 | took 0ms | statement | connection 27| url jdbc:h2:mem:ad3a9e80-f26d-4a3e-9691-17f803db5723
update picture set spot_id=?, url=? where picture_id=?
update picture set spot_id=798, url='java.io.StringReader@45b6800a' where picture_id=2983;
2022-10-10 14:33:47.516  INFO 4460 --- [    Test worker] p6spy                                    : #1665380027516 | took 0ms | statement | connection 27| url jdbc:h2:mem:ad3a9e80-f26d-4a3e-9691-17f803db5723
update picture set spot_id=?, url=? where picture_id=?
update picture set spot_id=799, url='java.io.StringReader@214e39af' where picture_id=2985;
2022-10-10 14:33:47.516  INFO 4460 --- [    Test worker] p6spy                                    : #1665380027516 | took 0ms | statement | connection 27| url jdbc:h2:mem:ad3a9e80-f26d-4a3e-9691-17f803db5723
update picture set spot_id=?, url=? where picture_id=?
update picture set spot_id=799, url='java.io.StringReader@7b6b59bf' where picture_id=2986;
2022-10-10 14:33:47.516  INFO 4460 --- [    Test worker] p6spy                                    : #1665380027516 | took 0ms | statement | connection 27| url jdbc:h2:mem:ad3a9e80-f26d-4a3e-9691-17f803db5723
update picture set spot_id=?, url=? where picture_id=?
update picture set spot_id=799, url='java.io.StringReader@7cefea48' where picture_id=2987;
2022-10-10 14:33:47.516  INFO 4460 --- [    Test worker] p6spy                                    : #1665380027516 | took 0ms | statement | connection 27| url jdbc:h2:mem:ad3a9e80-f26d-4a3e-9691-17f803db5723
update picture set spot_id=?, url=? where picture_id=?
update picture set spot_id=800, url='java.io.StringReader@5446062b' where picture_id=2989;
2022-10-10 14:33:47.516  INFO 4460 --- [    Test worker] p6spy                                    : #1665380027516 | took 0ms | statement | connection 27| url jdbc:h2:mem:ad3a9e80-f26d-4a3e-9691-17f803db5723
update picture set spot_id=?, url=? where picture_id=?
update picture set spot_id=800, url='java.io.StringReader@3b53f1ae' where picture_id=2990;
2022-10-10 14:33:47.516  INFO 4460 --- [    Test worker] p6spy                                    : #1665380027516 | took 0ms | statement | connection 27| url jdbc:h2:mem:ad3a9e80-f26d-4a3e-9691-17f803db5723
update picture set spot_id=?, url=? where picture_id=?
update picture set spot_id=800, url='java.io.StringReader@2ff85e4c' where picture_id=2991;
2022-10-10 14:33:47.516  INFO 4460 --- [    Test worker] p6spy                                    : #1665380027516 | took 0ms | statement | connection 27| url jdbc:h2:mem:ad3a9e80-f26d-4a3e-9691-17f803db5723
update picture set spot_id=?, url=? where picture_id=?
update picture set spot_id=801, url='java.io.StringReader@2922de5e' where picture_id=2993;
2022-10-10 14:33:47.516  INFO 4460 --- [    Test worker] p6spy                                    : #1665380027516 | took 0ms | statement | connection 27| url jdbc:h2:mem:ad3a9e80-f26d-4a3e-9691-17f803db5723
update picture set spot_id=?, url=? where picture_id=?
update picture set spot_id=801, url='java.io.StringReader@6df965a8' where picture_id=2994;
2022-10-10 14:33:47.516  INFO 4460 --- [    Test worker] p6spy                                    : #1665380027516 | took 0ms | statement | connection 27| url jdbc:h2:mem:ad3a9e80-f26d-4a3e-9691-17f803db5723
update picture set spot_id=?, url=? where picture_id=?
update picture set spot_id=801, url='java.io.StringReader@5deac4fc' where picture_id=2995;
2022-10-10 14:33:47.516  INFO 4460 --- [    Test worker] p6spy                                    : #1665380027516 | took 0ms | statement | connection 27| url jdbc:h2:mem:ad3a9e80-f26d-4a3e-9691-17f803db5723
update picture set spot_id=?, url=? where picture_id=?
update picture set spot_id=802, url='java.io.StringReader@62c6868e' where picture_id=2997;
2022-10-10 14:33:47.516  INFO 4460 --- [    Test worker] p6spy                                    : #1665380027516 | took 0ms | statement | connection 27| url jdbc:h2:mem:ad3a9e80-f26d-4a3e-9691-17f803db5723
update picture set spot_id=?, url=? where picture_id=?
update picture set spot_id=802, url='java.io.StringReader@265f8dd7' where picture_id=2998;
2022-10-10 14:33:47.516  INFO 4460 --- [    Test worker] p6spy                                    : #1665380027516 | took 0ms | statement | connection 27| url jdbc:h2:mem:ad3a9e80-f26d-4a3e-9691-17f803db5723
update picture set spot_id=?, url=? where picture_id=?
update picture set spot_id=802, url='java.io.StringReader@5f2017b1' where picture_id=2999;
2022-10-10 14:33:47.516  INFO 4460 --- [    Test worker] p6spy                                    : #1665380027516 | took 0ms | statement | connection 27| url jdbc:h2:mem:ad3a9e80-f26d-4a3e-9691-17f803db5723
update picture set spot_id=?, url=? where picture_id=?
update picture set spot_id=803, url='java.io.StringReader@e1ddfd3' where picture_id=3001;
2022-10-10 14:33:47.516  INFO 4460 --- [    Test worker] p6spy                                    : #1665380027516 | took 0ms | statement | connection 27| url jdbc:h2:mem:ad3a9e80-f26d-4a3e-9691-17f803db5723
update picture set spot_id=?, url=? where picture_id=?
update picture set spot_id=803, url='java.io.StringReader@4dd87b51' where picture_id=3002;
2022-10-10 14:33:47.516  INFO 4460 --- [    Test worker] p6spy                                    : #1665380027516 | took 0ms | statement | connection 27| url jdbc:h2:mem:ad3a9e80-f26d-4a3e-9691-17f803db5723
update picture set spot_id=?, url=? where picture_id=?
update picture set spot_id=803, url='java.io.StringReader@78c7001' where picture_id=3003;
2022-10-10 14:33:47.516  INFO 4460 --- [    Test worker] p6spy                                    : #1665380027516 | took 0ms | statement | connection 27| url jdbc:h2:mem:ad3a9e80-f26d-4a3e-9691-17f803db5723
update picture set spot_id=?, url=? where picture_id=?
update picture set spot_id=804, url='java.io.StringReader@16e2703a' where picture_id=3005;
2022-10-10 14:33:47.516  INFO 4460 --- [    Test worker] p6spy                                    : #1665380027516 | took 0ms | statement | connection 27| url jdbc:h2:mem:ad3a9e80-f26d-4a3e-9691-17f803db5723
update picture set spot_id=?, url=? where picture_id=?
update picture set spot_id=804, url='java.io.StringReader@4bca73e7' where picture_id=3006;
2022-10-10 14:33:47.516  INFO 4460 --- [    Test worker] p6spy                                    : #1665380027516 | took 0ms | statement | connection 27| url jdbc:h2:mem:ad3a9e80-f26d-4a3e-9691-17f803db5723
update picture set spot_id=?, url=? where picture_id=?
update picture set spot_id=804, url='java.io.StringReader@948177a' where picture_id=3007;
2022-10-10 14:33:47.516  INFO 4460 --- [    Test worker] p6spy                                    : #1665380027516 | took 0ms | statement | connection 27| url jdbc:h2:mem:ad3a9e80-f26d-4a3e-9691-17f803db5723
update picture set spot_id=?, url=? where picture_id=?
update picture set spot_id=805, url='java.io.StringReader@4166797e' where picture_id=3009;
2022-10-10 14:33:47.516  INFO 4460 --- [    Test worker] p6spy                                    : #1665380027516 | took 0ms | statement | connection 27| url jdbc:h2:mem:ad3a9e80-f26d-4a3e-9691-17f803db5723
update picture set spot_id=?, url=? where picture_id=?
update picture set spot_id=805, url='java.io.StringReader@e8ec316' where picture_id=3010;
2022-10-10 14:33:47.516  INFO 4460 --- [    Test worker] p6spy                                    : #1665380027516 | took 0ms | statement | connection 27| url jdbc:h2:mem:ad3a9e80-f26d-4a3e-9691-17f803db5723
update picture set spot_id=?, url=? where picture_id=?
update picture set spot_id=805, url='java.io.StringReader@6e5238de' where picture_id=3011;
2022-10-10 14:33:47.516  INFO 4460 --- [    Test worker] p6spy                                    : #1665380027516 | took 0ms | statement | connection 27| url jdbc:h2:mem:ad3a9e80-f26d-4a3e-9691-17f803db5723
update picture set spot_id=?, url=? where picture_id=?
update picture set spot_id=806, url='java.io.StringReader@67badb20' where picture_id=3013;
2022-10-10 14:33:47.516  INFO 4460 --- [    Test worker] p6spy                                    : #1665380027516 | took 0ms | statement | connection 27| url jdbc:h2:mem:ad3a9e80-f26d-4a3e-9691-17f803db5723
update picture set spot_id=?, url=? where picture_id=?
update picture set spot_id=806, url='java.io.StringReader@718bc082' where picture_id=3014;
2022-10-10 14:33:47.516  INFO 4460 --- [    Test worker] p6spy                                    : #1665380027516 | took 0ms | statement | connection 27| url jdbc:h2:mem:ad3a9e80-f26d-4a3e-9691-17f803db5723
update picture set spot_id=?, url=? where picture_id=?
update picture set spot_id=806, url='java.io.StringReader@4765b5cc' where picture_id=3015;
2022-10-10 14:33:47.516  INFO 4460 --- [    Test worker] p6spy                                    : #1665380027516 | took 0ms | statement | connection 27| url jdbc:h2:mem:ad3a9e80-f26d-4a3e-9691-17f803db5723
update picture set spot_id=?, url=? where picture_id=?
update picture set spot_id=807, url='java.io.StringReader@5820b593' where picture_id=3017;
2022-10-10 14:33:47.517  INFO 4460 --- [    Test worker] p6spy                                    : #1665380027517 | took 0ms | statement | connection 27| url jdbc:h2:mem:ad3a9e80-f26d-4a3e-9691-17f803db5723
update picture set spot_id=?, url=? where picture_id=?
update picture set spot_id=807, url='java.io.StringReader@1d24196f' where picture_id=3018;
2022-10-10 14:33:47.517  INFO 4460 --- [    Test worker] p6spy                                    : #1665380027517 | took 0ms | statement | connection 27| url jdbc:h2:mem:ad3a9e80-f26d-4a3e-9691-17f803db5723
update picture set spot_id=?, url=? where picture_id=?
update picture set spot_id=807, url='java.io.StringReader@63d33a60' where picture_id=3019;
2022-10-10 14:33:47.517  INFO 4460 --- [    Test worker] p6spy                                    : #1665380027517 | took 0ms | statement | connection 27| url jdbc:h2:mem:ad3a9e80-f26d-4a3e-9691-17f803db5723
update picture set spot_id=?, url=? where picture_id=?
update picture set spot_id=808, url='java.io.StringReader@2c3bd568' where picture_id=3021;
2022-10-10 14:33:47.517  INFO 4460 --- [    Test worker] p6spy                                    : #1665380027517 | took 0ms | statement | connection 27| url jdbc:h2:mem:ad3a9e80-f26d-4a3e-9691-17f803db5723
update picture set spot_id=?, url=? where picture_id=?
update picture set spot_id=808, url='java.io.StringReader@1791da45' where picture_id=3022;
2022-10-10 14:33:47.517  INFO 4460 --- [    Test worker] p6spy                                    : #1665380027517 | took 0ms | statement | connection 27| url jdbc:h2:mem:ad3a9e80-f26d-4a3e-9691-17f803db5723
update picture set spot_id=?, url=? where picture_id=?
update picture set spot_id=808, url='java.io.StringReader@6a2e2a36' where picture_id=3023;
2022-10-10 14:33:47.517  INFO 4460 --- [    Test worker] p6spy                                    : #1665380027517 | took 0ms | statement | connection 27| url jdbc:h2:mem:ad3a9e80-f26d-4a3e-9691-17f803db5723
update picture set spot_id=?, url=? where picture_id=?
update picture set spot_id=809, url='java.io.StringReader@691ca84c' where picture_id=3025;
2022-10-10 14:33:47.517  INFO 4460 --- [    Test worker] p6spy                                    : #1665380027517 | took 0ms | statement | connection 27| url jdbc:h2:mem:ad3a9e80-f26d-4a3e-9691-17f803db5723
update picture set spot_id=?, url=? where picture_id=?
update picture set spot_id=809, url='java.io.StringReader@47043db9' where picture_id=3026;
2022-10-10 14:33:47.517  INFO 4460 --- [    Test worker] p6spy                                    : #1665380027517 | took 0ms | statement | connection 27| url jdbc:h2:mem:ad3a9e80-f26d-4a3e-9691-17f803db5723
update picture set spot_id=?, url=? where picture_id=?
update picture set spot_id=809, url='java.io.StringReader@51f2f745' where picture_id=3027;
2022-10-10 14:33:47.517  INFO 4460 --- [    Test worker] p6spy                                    : #1665380027517 | took 0ms | statement | connection 27| url jdbc:h2:mem:ad3a9e80-f26d-4a3e-9691-17f803db5723
update picture set spot_id=?, url=? where picture_id=?
update picture set spot_id=810, url='java.io.StringReader@5c721837' where picture_id=3029;
2022-10-10 14:33:47.517  INFO 4460 --- [    Test worker] p6spy                                    : #1665380027517 | took 0ms | statement | connection 27| url jdbc:h2:mem:ad3a9e80-f26d-4a3e-9691-17f803db5723
update picture set spot_id=?, url=? where picture_id=?
update picture set spot_id=810, url='java.io.StringReader@1ef9eaef' where picture_id=3030;
2022-10-10 14:33:47.517  INFO 4460 --- [    Test worker] p6spy                                    : #1665380027517 | took 0ms | statement | connection 27| url jdbc:h2:mem:ad3a9e80-f26d-4a3e-9691-17f803db5723
update picture set spot_id=?, url=? where picture_id=?
update picture set spot_id=810, url='java.io.StringReader@10d72540' where picture_id=3031;
2022-10-10 14:33:47.517  INFO 4460 --- [    Test worker] p6spy                                    : #1665380027517 | took 0ms | statement | connection 27| url jdbc:h2:mem:ad3a9e80-f26d-4a3e-9691-17f803db5723
update picture set spot_id=?, url=? where picture_id=?
update picture set spot_id=811, url='java.io.StringReader@b5013ce' where picture_id=3033;
2022-10-10 14:33:47.517  INFO 4460 --- [    Test worker] p6spy                                    : #1665380027517 | took 0ms | statement | connection 27| url jdbc:h2:mem:ad3a9e80-f26d-4a3e-9691-17f803db5723
update picture set spot_id=?, url=? where picture_id=?
update picture set spot_id=811, url='java.io.StringReader@227594a9' where picture_id=3034;
2022-10-10 14:33:47.517  INFO 4460 --- [    Test worker] p6spy                                    : #1665380027517 | took 0ms | statement | connection 27| url jdbc:h2:mem:ad3a9e80-f26d-4a3e-9691-17f803db5723
update picture set spot_id=?, url=? where picture_id=?
update picture set spot_id=811, url='java.io.StringReader@20c3548c' where picture_id=3035;
2022-10-10 14:33:47.517  INFO 4460 --- [    Test worker] p6spy                                    : #1665380027517 | took 0ms | statement | connection 27| url jdbc:h2:mem:ad3a9e80-f26d-4a3e-9691-17f803db5723
update picture set spot_id=?, url=? where picture_id=?
update picture set spot_id=812, url='java.io.StringReader@562eb241' where picture_id=3037;
2022-10-10 14:33:47.517  INFO 4460 --- [    Test worker] p6spy                                    : #1665380027517 | took 0ms | statement | connection 27| url jdbc:h2:mem:ad3a9e80-f26d-4a3e-9691-17f803db5723
update picture set spot_id=?, url=? where picture_id=?
update picture set spot_id=812, url='java.io.StringReader@2242dbb' where picture_id=3038;
2022-10-10 14:33:47.517  INFO 4460 --- [    Test worker] p6spy                                    : #1665380027517 | took 0ms | statement | connection 27| url jdbc:h2:mem:ad3a9e80-f26d-4a3e-9691-17f803db5723
update picture set spot_id=?, url=? where picture_id=?
update picture set spot_id=812, url='java.io.StringReader@26f3cc7c' where picture_id=3039;
2022-10-10 14:33:47.517  INFO 4460 --- [    Test worker] p6spy                                    : #1665380027517 | took 0ms | statement | connection 27| url jdbc:h2:mem:ad3a9e80-f26d-4a3e-9691-17f803db5723
update picture set spot_id=?, url=? where picture_id=?
update picture set spot_id=813, url='java.io.StringReader@59895b44' where picture_id=3041;
2022-10-10 14:33:47.517  INFO 4460 --- [    Test worker] p6spy                                    : #1665380027517 | took 0ms | statement | connection 27| url jdbc:h2:mem:ad3a9e80-f26d-4a3e-9691-17f803db5723
update picture set spot_id=?, url=? where picture_id=?
update picture set spot_id=813, url='java.io.StringReader@36bbf5d2' where picture_id=3042;
2022-10-10 14:33:47.517  INFO 4460 --- [    Test worker] p6spy                                    : #1665380027517 | took 0ms | statement | connection 27| url jdbc:h2:mem:ad3a9e80-f26d-4a3e-9691-17f803db5723
update picture set spot_id=?, url=? where picture_id=?
update picture set spot_id=813, url='java.io.StringReader@130cb6' where picture_id=3043;
2022-10-10 14:33:47.517  INFO 4460 --- [    Test worker] p6spy                                    : #1665380027517 | took 0ms | statement | connection 27| url jdbc:h2:mem:ad3a9e80-f26d-4a3e-9691-17f803db5723
update picture set spot_id=?, url=? where picture_id=?
update picture set spot_id=814, url='java.io.StringReader@668f3892' where picture_id=3045;
2022-10-10 14:33:47.517  INFO 4460 --- [    Test worker] p6spy                                    : #1665380027517 | took 0ms | statement | connection 27| url jdbc:h2:mem:ad3a9e80-f26d-4a3e-9691-17f803db5723
update picture set spot_id=?, url=? where picture_id=?
update picture set spot_id=814, url='java.io.StringReader@14b2afbe' where picture_id=3046;
2022-10-10 14:33:47.517  INFO 4460 --- [    Test worker] p6spy                                    : #1665380027517 | took 0ms | statement | connection 27| url jdbc:h2:mem:ad3a9e80-f26d-4a3e-9691-17f803db5723
update picture set spot_id=?, url=? where picture_id=?
update picture set spot_id=814, url='java.io.StringReader@5fc8e0fd' where picture_id=3047;
2022-10-10 14:33:47.517  INFO 4460 --- [    Test worker] p6spy                                    : #1665380027517 | took 0ms | statement | connection 27| url jdbc:h2:mem:ad3a9e80-f26d-4a3e-9691-17f803db5723
update picture set spot_id=?, url=? where picture_id=?
update picture set spot_id=815, url='java.io.StringReader@2c2f5416' where picture_id=3049;
2022-10-10 14:33:47.517  INFO 4460 --- [    Test worker] p6spy                                    : #1665380027517 | took 0ms | statement | connection 27| url jdbc:h2:mem:ad3a9e80-f26d-4a3e-9691-17f803db5723
update picture set spot_id=?, url=? where picture_id=?
update picture set spot_id=815, url='java.io.StringReader@14f7f55c' where picture_id=3050;
2022-10-10 14:33:47.517  INFO 4460 --- [    Test worker] p6spy                                    : #1665380027517 | took 0ms | statement | connection 27| url jdbc:h2:mem:ad3a9e80-f26d-4a3e-9691-17f803db5723
update picture set spot_id=?, url=? where picture_id=?
update picture set spot_id=815, url='java.io.StringReader@2892ccae' where picture_id=3051;
2022-10-10 14:33:47.517  INFO 4460 --- [    Test worker] p6spy                                    : #1665380027517 | took 0ms | statement | connection 27| url jdbc:h2:mem:ad3a9e80-f26d-4a3e-9691-17f803db5723
update picture set spot_id=?, url=? where picture_id=?
update picture set spot_id=816, url='java.io.StringReader@127df224' where picture_id=3053;
2022-10-10 14:33:47.517  INFO 4460 --- [    Test worker] p6spy                                    : #1665380027517 | took 0ms | statement | connection 27| url jdbc:h2:mem:ad3a9e80-f26d-4a3e-9691-17f803db5723
update picture set spot_id=?, url=? where picture_id=?
update picture set spot_id=816, url='java.io.StringReader@54a05853' where picture_id=3054;
2022-10-10 14:33:47.518  INFO 4460 --- [    Test worker] p6spy                                    : #1665380027518 | took 0ms | statement | connection 27| url jdbc:h2:mem:ad3a9e80-f26d-4a3e-9691-17f803db5723
update picture set spot_id=?, url=? where picture_id=?
update picture set spot_id=816, url='java.io.StringReader@3b43ac88' where picture_id=3055;
2022-10-10 14:33:47.518  INFO 4460 --- [    Test worker] p6spy                                    : #1665380027518 | took 0ms | statement | connection 27| url jdbc:h2:mem:ad3a9e80-f26d-4a3e-9691-17f803db5723
update picture set spot_id=?, url=? where picture_id=?
update picture set spot_id=817, url='java.io.StringReader@59f25ef2' where picture_id=3057;
2022-10-10 14:33:47.518  INFO 4460 --- [    Test worker] p6spy                                    : #1665380027518 | took 0ms | statement | connection 27| url jdbc:h2:mem:ad3a9e80-f26d-4a3e-9691-17f803db5723
update picture set spot_id=?, url=? where picture_id=?
update picture set spot_id=817, url='java.io.StringReader@3ad4d94b' where picture_id=3058;
2022-10-10 14:33:47.518  INFO 4460 --- [    Test worker] p6spy                                    : #1665380027518 | took 0ms | statement | connection 27| url jdbc:h2:mem:ad3a9e80-f26d-4a3e-9691-17f803db5723
update picture set spot_id=?, url=? where picture_id=?
update picture set spot_id=817, url='java.io.StringReader@376c627f' where picture_id=3059;
2022-10-10 14:33:47.518  INFO 4460 --- [    Test worker] p6spy                                    : #1665380027518 | took 0ms | statement | connection 27| url jdbc:h2:mem:ad3a9e80-f26d-4a3e-9691-17f803db5723
update picture set spot_id=?, url=? where picture_id=?
update picture set spot_id=818, url='java.io.StringReader@699f258c' where picture_id=3061;
2022-10-10 14:33:47.518  INFO 4460 --- [    Test worker] p6spy                                    : #1665380027518 | took 0ms | statement | connection 27| url jdbc:h2:mem:ad3a9e80-f26d-4a3e-9691-17f803db5723
update picture set spot_id=?, url=? where picture_id=?
update picture set spot_id=818, url='java.io.StringReader@78859420' where picture_id=3062;
2022-10-10 14:33:47.518  INFO 4460 --- [    Test worker] p6spy                                    : #1665380027518 | took 0ms | statement | connection 27| url jdbc:h2:mem:ad3a9e80-f26d-4a3e-9691-17f803db5723
update picture set spot_id=?, url=? where picture_id=?
update picture set spot_id=818, url='java.io.StringReader@569103d4' where picture_id=3063;
2022-10-10 14:33:47.518  INFO 4460 --- [    Test worker] p6spy                                    : #1665380027518 | took 0ms | statement | connection 27| url jdbc:h2:mem:ad3a9e80-f26d-4a3e-9691-17f803db5723
update picture set spot_id=?, url=? where picture_id=?
update picture set spot_id=819, url='java.io.StringReader@1a7568f4' where picture_id=3065;
2022-10-10 14:33:47.518  INFO 4460 --- [    Test worker] p6spy                                    : #1665380027518 | took 0ms | statement | connection 27| url jdbc:h2:mem:ad3a9e80-f26d-4a3e-9691-17f803db5723
update picture set spot_id=?, url=? where picture_id=?
update picture set spot_id=819, url='java.io.StringReader@5162bf3' where picture_id=3066;
2022-10-10 14:33:47.518  INFO 4460 --- [    Test worker] p6spy                                    : #1665380027518 | took 0ms | statement | connection 27| url jdbc:h2:mem:ad3a9e80-f26d-4a3e-9691-17f803db5723
update picture set spot_id=?, url=? where picture_id=?
update picture set spot_id=819, url='java.io.StringReader@1c501d38' where picture_id=3067;
2022-10-10 14:33:47.518  INFO 4460 --- [    Test worker] p6spy                                    : #1665380027518 | took 0ms | statement | connection 27| url jdbc:h2:mem:ad3a9e80-f26d-4a3e-9691-17f803db5723
update picture set spot_id=?, url=? where picture_id=?
update picture set spot_id=820, url='java.io.StringReader@b799d0a' where picture_id=3069;
2022-10-10 14:33:47.518  INFO 4460 --- [    Test worker] p6spy                                    : #1665380027518 | took 0ms | statement | connection 27| url jdbc:h2:mem:ad3a9e80-f26d-4a3e-9691-17f803db5723
update picture set spot_id=?, url=? where picture_id=?
update picture set spot_id=820, url='java.io.StringReader@54c578ce' where picture_id=3070;
2022-10-10 14:33:47.518  INFO 4460 --- [    Test worker] p6spy                                    : #1665380027518 | took 0ms | statement | connection 27| url jdbc:h2:mem:ad3a9e80-f26d-4a3e-9691-17f803db5723
update picture set spot_id=?, url=? where picture_id=?
update picture set spot_id=820, url='java.io.StringReader@34e5318c' where picture_id=3071;
2022-10-10 14:33:47.518  INFO 4460 --- [    Test worker] p6spy                                    : #1665380027518 | took 0ms | statement | connection 27| url jdbc:h2:mem:ad3a9e80-f26d-4a3e-9691-17f803db5723
update picture set spot_id=?, url=? where picture_id=?
update picture set spot_id=821, url='java.io.StringReader@5dc88d33' where picture_id=3073;
2022-10-10 14:33:47.518  INFO 4460 --- [    Test worker] p6spy                                    : #1665380027518 | took 0ms | statement | connection 27| url jdbc:h2:mem:ad3a9e80-f26d-4a3e-9691-17f803db5723
update picture set spot_id=?, url=? where picture_id=?
update picture set spot_id=821, url='java.io.StringReader@6dfeed6d' where picture_id=3074;
2022-10-10 14:33:47.518  INFO 4460 --- [    Test worker] p6spy                                    : #1665380027518 | took 0ms | statement | connection 27| url jdbc:h2:mem:ad3a9e80-f26d-4a3e-9691-17f803db5723
update picture set spot_id=?, url=? where picture_id=?
update picture set spot_id=821, url='java.io.StringReader@d193752' where picture_id=3075;
2022-10-10 14:33:47.518  INFO 4460 --- [    Test worker] p6spy                                    : #1665380027518 | took 0ms | statement | connection 27| url jdbc:h2:mem:ad3a9e80-f26d-4a3e-9691-17f803db5723
update picture set spot_id=?, url=? where picture_id=?
update picture set spot_id=822, url='java.io.StringReader@12db058f' where picture_id=3077;
2022-10-10 14:33:47.518  INFO 4460 --- [    Test worker] p6spy                                    : #1665380027518 | took 0ms | statement | connection 27| url jdbc:h2:mem:ad3a9e80-f26d-4a3e-9691-17f803db5723
update picture set spot_id=?, url=? where picture_id=?
update picture set spot_id=822, url='java.io.StringReader@873a360' where picture_id=3078;
2022-10-10 14:33:47.518  INFO 4460 --- [    Test worker] p6spy                                    : #1665380027518 | took 0ms | statement | connection 27| url jdbc:h2:mem:ad3a9e80-f26d-4a3e-9691-17f803db5723
update picture set spot_id=?, url=? where picture_id=?
update picture set spot_id=822, url='java.io.StringReader@781f15b0' where picture_id=3079;
2022-10-10 14:33:47.518  INFO 4460 --- [    Test worker] p6spy                                    : #1665380027518 | took 0ms | statement | connection 27| url jdbc:h2:mem:ad3a9e80-f26d-4a3e-9691-17f803db5723
update picture set spot_id=?, url=? where picture_id=?
update picture set spot_id=823, url='java.io.StringReader@6dfd74a0' where picture_id=3081;
2022-10-10 14:33:47.518  INFO 4460 --- [    Test worker] p6spy                                    : #1665380027518 | took 0ms | statement | connection 27| url jdbc:h2:mem:ad3a9e80-f26d-4a3e-9691-17f803db5723
update picture set spot_id=?, url=? where picture_id=?
update picture set spot_id=823, url='java.io.StringReader@5dcb5eb6' where picture_id=3082;
2022-10-10 14:33:47.518  INFO 4460 --- [    Test worker] p6spy                                    : #1665380027518 | took 0ms | statement | connection 27| url jdbc:h2:mem:ad3a9e80-f26d-4a3e-9691-17f803db5723
update picture set spot_id=?, url=? where picture_id=?
update picture set spot_id=823, url='java.io.StringReader@1450ac5a' where picture_id=3083;
2022-10-10 14:33:47.518  INFO 4460 --- [    Test worker] p6spy                                    : #1665380027518 | took 0ms | statement | connection 27| url jdbc:h2:mem:ad3a9e80-f26d-4a3e-9691-17f803db5723
update picture set spot_id=?, url=? where picture_id=?
update picture set spot_id=824, url='java.io.StringReader@7ea0de79' where picture_id=3085;
2022-10-10 14:33:47.518  INFO 4460 --- [    Test worker] p6spy                                    : #1665380027518 | took 0ms | statement | connection 27| url jdbc:h2:mem:ad3a9e80-f26d-4a3e-9691-17f803db5723
update picture set spot_id=?, url=? where picture_id=?
update picture set spot_id=824, url='java.io.StringReader@3efc85b1' where picture_id=3086;
2022-10-10 14:33:47.518  INFO 4460 --- [    Test worker] p6spy                                    : #1665380027518 | took 0ms | statement | connection 27| url jdbc:h2:mem:ad3a9e80-f26d-4a3e-9691-17f803db5723
update picture set spot_id=?, url=? where picture_id=?
update picture set spot_id=824, url='java.io.StringReader@407046a0' where picture_id=3087;
2022-10-10 14:33:47.518  INFO 4460 --- [    Test worker] p6spy                                    : #1665380027518 | took 0ms | statement | connection 27| url jdbc:h2:mem:ad3a9e80-f26d-4a3e-9691-17f803db5723
update picture set spot_id=?, url=? where picture_id=?
update picture set spot_id=825, url='java.io.StringReader@4f78c3aa' where picture_id=3089;
2022-10-10 14:33:47.518  INFO 4460 --- [    Test worker] p6spy                                    : #1665380027518 | took 0ms | statement | connection 27| url jdbc:h2:mem:ad3a9e80-f26d-4a3e-9691-17f803db5723
update picture set spot_id=?, url=? where picture_id=?
update picture set spot_id=825, url='java.io.StringReader@256a1f3' where picture_id=3090;
2022-10-10 14:33:47.518  INFO 4460 --- [    Test worker] p6spy                                    : #1665380027518 | took 0ms | statement | connection 27| url jdbc:h2:mem:ad3a9e80-f26d-4a3e-9691-17f803db5723
update picture set spot_id=?, url=? where picture_id=?
update picture set spot_id=825, url='java.io.StringReader@3c64902c' where picture_id=3091;
2022-10-10 14:33:47.518  INFO 4460 --- [    Test worker] p6spy                                    : #1665380027518 | took 0ms | statement | connection 27| url jdbc:h2:mem:ad3a9e80-f26d-4a3e-9691-17f803db5723
update picture set spot_id=?, url=? where picture_id=?
update picture set spot_id=826, url='java.io.StringReader@13e7d3d7' where picture_id=3093;
2022-10-10 14:33:47.518  INFO 4460 --- [    Test worker] p6spy                                    : #1665380027518 | took 0ms | statement | connection 27| url jdbc:h2:mem:ad3a9e80-f26d-4a3e-9691-17f803db5723
update picture set spot_id=?, url=? where picture_id=?
update picture set spot_id=826, url='java.io.StringReader@262ee0b3' where picture_id=3094;
2022-10-10 14:33:47.518  INFO 4460 --- [    Test worker] p6spy                                    : #1665380027518 | took 0ms | statement | connection 27| url jdbc:h2:mem:ad3a9e80-f26d-4a3e-9691-17f803db5723
update picture set spot_id=?, url=? where picture_id=?
update picture set spot_id=826, url='java.io.StringReader@2c2e4ba8' where picture_id=3095;
2022-10-10 14:33:47.518  INFO 4460 --- [    Test worker] p6spy                                    : #1665380027518 | took 0ms | statement | connection 27| url jdbc:h2:mem:ad3a9e80-f26d-4a3e-9691-17f803db5723
update picture set spot_id=?, url=? where picture_id=?
update picture set spot_id=827, url='java.io.StringReader@36328626' where picture_id=3097;
2022-10-10 14:33:47.519  INFO 4460 --- [    Test worker] p6spy                                    : #1665380027519 | took 0ms | statement | connection 27| url jdbc:h2:mem:ad3a9e80-f26d-4a3e-9691-17f803db5723
update picture set spot_id=?, url=? where picture_id=?
update picture set spot_id=827, url='java.io.StringReader@228f78b9' where picture_id=3098;
2022-10-10 14:33:47.519  INFO 4460 --- [    Test worker] p6spy                                    : #1665380027519 | took 0ms | statement | connection 27| url jdbc:h2:mem:ad3a9e80-f26d-4a3e-9691-17f803db5723
update picture set spot_id=?, url=? where picture_id=?
update picture set spot_id=827, url='java.io.StringReader@17781fe8' where picture_id=3099;
2022-10-10 14:33:47.519  INFO 4460 --- [    Test worker] p6spy                                    : #1665380027519 | took 0ms | statement | connection 27| url jdbc:h2:mem:ad3a9e80-f26d-4a3e-9691-17f803db5723
update picture set spot_id=?, url=? where picture_id=?
update picture set spot_id=828, url='java.io.StringReader@301ce538' where picture_id=3101;
2022-10-10 14:33:47.519  INFO 4460 --- [    Test worker] p6spy                                    : #1665380027519 | took 0ms | statement | connection 27| url jdbc:h2:mem:ad3a9e80-f26d-4a3e-9691-17f803db5723
update picture set spot_id=?, url=? where picture_id=?
update picture set spot_id=828, url='java.io.StringReader@73a69565' where picture_id=3102;
2022-10-10 14:33:47.519  INFO 4460 --- [    Test worker] p6spy                                    : #1665380027519 | took 0ms | statement | connection 27| url jdbc:h2:mem:ad3a9e80-f26d-4a3e-9691-17f803db5723
update picture set spot_id=?, url=? where picture_id=?
update picture set spot_id=828, url='java.io.StringReader@3fd256' where picture_id=3103;
2022-10-10 14:33:47.519  INFO 4460 --- [    Test worker] p6spy                                    : #1665380027519 | took 0ms | statement | connection 27| url jdbc:h2:mem:ad3a9e80-f26d-4a3e-9691-17f803db5723
update picture set spot_id=?, url=? where picture_id=?
update picture set spot_id=829, url='java.io.StringReader@6c2e9c38' where picture_id=3105;
2022-10-10 14:33:47.519  INFO 4460 --- [    Test worker] p6spy                                    : #1665380027519 | took 0ms | statement | connection 27| url jdbc:h2:mem:ad3a9e80-f26d-4a3e-9691-17f803db5723
update picture set spot_id=?, url=? where picture_id=?
update picture set spot_id=829, url='java.io.StringReader@544cb96' where picture_id=3106;
2022-10-10 14:33:47.519  INFO 4460 --- [    Test worker] p6spy                                    : #1665380027519 | took 0ms | statement | connection 27| url jdbc:h2:mem:ad3a9e80-f26d-4a3e-9691-17f803db5723
update picture set spot_id=?, url=? where picture_id=?
update picture set spot_id=829, url='java.io.StringReader@10dd144' where picture_id=3107;
2022-10-10 14:33:47.519  INFO 4460 --- [    Test worker] p6spy                                    : #1665380027519 | took 0ms | statement | connection 27| url jdbc:h2:mem:ad3a9e80-f26d-4a3e-9691-17f803db5723
update picture set spot_id=?, url=? where picture_id=?
update picture set spot_id=830, url='java.io.StringReader@33c15f7c' where picture_id=3109;
2022-10-10 14:33:47.519  INFO 4460 --- [    Test worker] p6spy                                    : #1665380027519 | took 0ms | statement | connection 27| url jdbc:h2:mem:ad3a9e80-f26d-4a3e-9691-17f803db5723
update picture set spot_id=?, url=? where picture_id=?
update picture set spot_id=830, url='java.io.StringReader@287ebd86' where picture_id=3110;
2022-10-10 14:33:47.519  INFO 4460 --- [    Test worker] p6spy                                    : #1665380027519 | took 0ms | statement | connection 27| url jdbc:h2:mem:ad3a9e80-f26d-4a3e-9691-17f803db5723
update picture set spot_id=?, url=? where picture_id=?
update picture set spot_id=830, url='java.io.StringReader@55403c88' where picture_id=3111;
2022-10-10 14:33:47.519  INFO 4460 --- [    Test worker] p6spy                                    : #1665380027519 | took 0ms | statement | connection 27| url jdbc:h2:mem:ad3a9e80-f26d-4a3e-9691-17f803db5723
update picture set spot_id=?, url=? where picture_id=?
update picture set spot_id=831, url='java.io.StringReader@7353a0fb' where picture_id=3113;
2022-10-10 14:33:47.519  INFO 4460 --- [    Test worker] p6spy                                    : #1665380027519 | took 0ms | statement | connection 27| url jdbc:h2:mem:ad3a9e80-f26d-4a3e-9691-17f803db5723
update picture set spot_id=?, url=? where picture_id=?
update picture set spot_id=831, url='java.io.StringReader@1aa7a217' where picture_id=3114;
2022-10-10 14:33:47.519  INFO 4460 --- [    Test worker] p6spy                                    : #1665380027519 | took 0ms | statement | connection 27| url jdbc:h2:mem:ad3a9e80-f26d-4a3e-9691-17f803db5723
update picture set spot_id=?, url=? where picture_id=?
update picture set spot_id=831, url='java.io.StringReader@616946f2' where picture_id=3115;
2022-10-10 14:33:47.519  INFO 4460 --- [    Test worker] p6spy                                    : #1665380027519 | took 0ms | statement | connection 27| url jdbc:h2:mem:ad3a9e80-f26d-4a3e-9691-17f803db5723
update picture set spot_id=?, url=? where picture_id=?
update picture set spot_id=832, url='java.io.StringReader@394ab044' where picture_id=3117;
2022-10-10 14:33:47.519  INFO 4460 --- [    Test worker] p6spy                                    : #1665380027519 | took 0ms | statement | connection 27| url jdbc:h2:mem:ad3a9e80-f26d-4a3e-9691-17f803db5723
update picture set spot_id=?, url=? where picture_id=?
update picture set spot_id=832, url='java.io.StringReader@421af1b4' where picture_id=3118;
2022-10-10 14:33:47.519  INFO 4460 --- [    Test worker] p6spy                                    : #1665380027519 | took 0ms | statement | connection 27| url jdbc:h2:mem:ad3a9e80-f26d-4a3e-9691-17f803db5723
update picture set spot_id=?, url=? where picture_id=?
update picture set spot_id=832, url='java.io.StringReader@61a75ec3' where picture_id=3119;
2022-10-10 14:33:47.519  INFO 4460 --- [    Test worker] p6spy                                    : #1665380027519 | took 0ms | statement | connection 27| url jdbc:h2:mem:ad3a9e80-f26d-4a3e-9691-17f803db5723
update picture set spot_id=?, url=? where picture_id=?
update picture set spot_id=833, url='java.io.StringReader@591488b2' where picture_id=3121;
2022-10-10 14:33:47.519  INFO 4460 --- [    Test worker] p6spy                                    : #1665380027519 | took 0ms | statement | connection 27| url jdbc:h2:mem:ad3a9e80-f26d-4a3e-9691-17f803db5723
update picture set spot_id=?, url=? where picture_id=?
update picture set spot_id=833, url='java.io.StringReader@3df39cca' where picture_id=3122;
2022-10-10 14:33:47.519  INFO 4460 --- [    Test worker] p6spy                                    : #1665380027519 | took 0ms | statement | connection 27| url jdbc:h2:mem:ad3a9e80-f26d-4a3e-9691-17f803db5723
update picture set spot_id=?, url=? where picture_id=?
update picture set spot_id=833, url='java.io.StringReader@176246e8' where picture_id=3123;
2022-10-10 14:33:47.519  INFO 4460 --- [    Test worker] p6spy                                    : #1665380027519 | took 0ms | statement | connection 27| url jdbc:h2:mem:ad3a9e80-f26d-4a3e-9691-17f803db5723
update picture set spot_id=?, url=? where picture_id=?
update picture set spot_id=834, url='java.io.StringReader@29bcf902' where picture_id=3125;
2022-10-10 14:33:47.519  INFO 4460 --- [    Test worker] p6spy                                    : #1665380027519 | took 0ms | statement | connection 27| url jdbc:h2:mem:ad3a9e80-f26d-4a3e-9691-17f803db5723
update picture set spot_id=?, url=? where picture_id=?
update picture set spot_id=834, url='java.io.StringReader@3069738d' where picture_id=3126;
2022-10-10 14:33:47.519  INFO 4460 --- [    Test worker] p6spy                                    : #1665380027519 | took 0ms | statement | connection 27| url jdbc:h2:mem:ad3a9e80-f26d-4a3e-9691-17f803db5723
update picture set spot_id=?, url=? where picture_id=?
update picture set spot_id=834, url='java.io.StringReader@728474cb' where picture_id=3127;
2022-10-10 14:33:47.519  INFO 4460 --- [    Test worker] p6spy                                    : #1665380027519 | took 0ms | statement | connection 27| url jdbc:h2:mem:ad3a9e80-f26d-4a3e-9691-17f803db5723
update picture set spot_id=?, url=? where picture_id=?
update picture set spot_id=835, url='java.io.StringReader@4a2c5404' where picture_id=3129;
2022-10-10 14:33:47.519  INFO 4460 --- [    Test worker] p6spy                                    : #1665380027519 | took 0ms | statement | connection 27| url jdbc:h2:mem:ad3a9e80-f26d-4a3e-9691-17f803db5723
update picture set spot_id=?, url=? where picture_id=?
update picture set spot_id=835, url='java.io.StringReader@19cce6b9' where picture_id=3130;
2022-10-10 14:33:47.519  INFO 4460 --- [    Test worker] p6spy                                    : #1665380027519 | took 0ms | statement | connection 27| url jdbc:h2:mem:ad3a9e80-f26d-4a3e-9691-17f803db5723
update picture set spot_id=?, url=? where picture_id=?
update picture set spot_id=835, url='java.io.StringReader@6d9c1599' where picture_id=3131;
2022-10-10 14:33:47.519  INFO 4460 --- [    Test worker] p6spy                                    : #1665380027519 | took 0ms | statement | connection 27| url jdbc:h2:mem:ad3a9e80-f26d-4a3e-9691-17f803db5723
update picture set spot_id=?, url=? where picture_id=?
update picture set spot_id=836, url='java.io.StringReader@3467b97b' where picture_id=3133;
2022-10-10 14:33:47.519  INFO 4460 --- [    Test worker] p6spy                                    : #1665380027519 | took 0ms | statement | connection 27| url jdbc:h2:mem:ad3a9e80-f26d-4a3e-9691-17f803db5723
update picture set spot_id=?, url=? where picture_id=?
update picture set spot_id=836, url='java.io.StringReader@455cdfab' where picture_id=3134;
2022-10-10 14:33:47.519  INFO 4460 --- [    Test worker] p6spy                                    : #1665380027519 | took 0ms | statement | connection 27| url jdbc:h2:mem:ad3a9e80-f26d-4a3e-9691-17f803db5723
update picture set spot_id=?, url=? where picture_id=?
update picture set spot_id=836, url='java.io.StringReader@49d29c35' where picture_id=3135;
2022-10-10 14:33:47.519  INFO 4460 --- [    Test worker] p6spy                                    : #1665380027519 | took 0ms | statement | connection 27| url jdbc:h2:mem:ad3a9e80-f26d-4a3e-9691-17f803db5723
update picture set spot_id=?, url=? where picture_id=?
update picture set spot_id=837, url='java.io.StringReader@628f426d' where picture_id=3137;
2022-10-10 14:33:47.519  INFO 4460 --- [    Test worker] p6spy                                    : #1665380027519 | took 0ms | statement | connection 27| url jdbc:h2:mem:ad3a9e80-f26d-4a3e-9691-17f803db5723
update picture set spot_id=?, url=? where picture_id=?
update picture set spot_id=837, url='java.io.StringReader@1bcc606d' where picture_id=3138;
2022-10-10 14:33:47.519  INFO 4460 --- [    Test worker] p6spy                                    : #1665380027519 | took 0ms | statement | connection 27| url jdbc:h2:mem:ad3a9e80-f26d-4a3e-9691-17f803db5723
update picture set spot_id=?, url=? where picture_id=?
update picture set spot_id=837, url='java.io.StringReader@40f78a8a' where picture_id=3139;
2022-10-10 14:33:47.519  INFO 4460 --- [    Test worker] p6spy                                    : #1665380027519 | took 0ms | statement | connection 27| url jdbc:h2:mem:ad3a9e80-f26d-4a3e-9691-17f803db5723
update picture set spot_id=?, url=? where picture_id=?
update picture set spot_id=838, url='java.io.StringReader@50ffcc70' where picture_id=3141;
2022-10-10 14:33:47.519  INFO 4460 --- [    Test worker] p6spy                                    : #1665380027519 | took 0ms | statement | connection 27| url jdbc:h2:mem:ad3a9e80-f26d-4a3e-9691-17f803db5723
update picture set spot_id=?, url=? where picture_id=?
update picture set spot_id=838, url='java.io.StringReader@486a74f2' where picture_id=3142;
2022-10-10 14:33:47.520  INFO 4460 --- [    Test worker] p6spy                                    : #1665380027520 | took 0ms | statement | connection 27| url jdbc:h2:mem:ad3a9e80-f26d-4a3e-9691-17f803db5723
update picture set spot_id=?, url=? where picture_id=?
update picture set spot_id=838, url='java.io.StringReader@426a83e9' where picture_id=3143;
2022-10-10 14:33:47.520  INFO 4460 --- [    Test worker] p6spy                                    : #1665380027520 | took 0ms | statement | connection 27| url jdbc:h2:mem:ad3a9e80-f26d-4a3e-9691-17f803db5723
update picture set spot_id=?, url=? where picture_id=?
update picture set spot_id=839, url='java.io.StringReader@57e55f64' where picture_id=3145;
2022-10-10 14:33:47.520  INFO 4460 --- [    Test worker] p6spy                                    : #1665380027520 | took 0ms | statement | connection 27| url jdbc:h2:mem:ad3a9e80-f26d-4a3e-9691-17f803db5723
update picture set spot_id=?, url=? where picture_id=?
update picture set spot_id=839, url='java.io.StringReader@eccd5ed' where picture_id=3146;
2022-10-10 14:33:47.520  INFO 4460 --- [    Test worker] p6spy                                    : #1665380027520 | took 0ms | statement | connection 27| url jdbc:h2:mem:ad3a9e80-f26d-4a3e-9691-17f803db5723
update picture set spot_id=?, url=? where picture_id=?
update picture set spot_id=839, url='java.io.StringReader@6877790f' where picture_id=3147;
2022-10-10 14:33:47.520  INFO 4460 --- [    Test worker] p6spy                                    : #1665380027520 | took 0ms | statement | connection 27| url jdbc:h2:mem:ad3a9e80-f26d-4a3e-9691-17f803db5723
update picture set spot_id=?, url=? where picture_id=?
update picture set spot_id=840, url='java.io.StringReader@1712d057' where picture_id=3149;
2022-10-10 14:33:47.520  INFO 4460 --- [    Test worker] p6spy                                    : #1665380027520 | took 0ms | statement | connection 27| url jdbc:h2:mem:ad3a9e80-f26d-4a3e-9691-17f803db5723
update picture set spot_id=?, url=? where picture_id=?
update picture set spot_id=840, url='java.io.StringReader@2abaa90f' where picture_id=3150;
2022-10-10 14:33:47.520  INFO 4460 --- [    Test worker] p6spy                                    : #1665380027520 | took 0ms | statement | connection 27| url jdbc:h2:mem:ad3a9e80-f26d-4a3e-9691-17f803db5723
update picture set spot_id=?, url=? where picture_id=?
update picture set spot_id=840, url='java.io.StringReader@7d47e931' where picture_id=3151;
2022-10-10 14:33:47.520  INFO 4460 --- [    Test worker] p6spy                                    : #1665380027520 | took 0ms | statement | connection 27| url jdbc:h2:mem:ad3a9e80-f26d-4a3e-9691-17f803db5723
update picture set spot_id=?, url=? where picture_id=?
update picture set spot_id=841, url='java.io.StringReader@1287e3e9' where picture_id=3153;
2022-10-10 14:33:47.520  INFO 4460 --- [    Test worker] p6spy                                    : #1665380027520 | took 0ms | statement | connection 27| url jdbc:h2:mem:ad3a9e80-f26d-4a3e-9691-17f803db5723
update picture set spot_id=?, url=? where picture_id=?
update picture set spot_id=841, url='java.io.StringReader@436defcb' where picture_id=3154;
2022-10-10 14:33:47.520  INFO 4460 --- [    Test worker] p6spy                                    : #1665380027520 | took 0ms | statement | connection 27| url jdbc:h2:mem:ad3a9e80-f26d-4a3e-9691-17f803db5723
update picture set spot_id=?, url=? where picture_id=?
update picture set spot_id=841, url='java.io.StringReader@66549512' where picture_id=3155;
2022-10-10 14:33:47.520  INFO 4460 --- [    Test worker] p6spy                                    : #1665380027520 | took 0ms | statement | connection 27| url jdbc:h2:mem:ad3a9e80-f26d-4a3e-9691-17f803db5723
update picture set spot_id=?, url=? where picture_id=?
update picture set spot_id=842, url='java.io.StringReader@76b457a9' where picture_id=3157;
2022-10-10 14:33:47.520  INFO 4460 --- [    Test worker] p6spy                                    : #1665380027520 | took 0ms | statement | connection 27| url jdbc:h2:mem:ad3a9e80-f26d-4a3e-9691-17f803db5723
update picture set spot_id=?, url=? where picture_id=?
update picture set spot_id=842, url='java.io.StringReader@17446dab' where picture_id=3158;
2022-10-10 14:33:47.520  INFO 4460 --- [    Test worker] p6spy                                    : #1665380027520 | took 0ms | statement | connection 27| url jdbc:h2:mem:ad3a9e80-f26d-4a3e-9691-17f803db5723
update picture set spot_id=?, url=? where picture_id=?
update picture set spot_id=842, url='java.io.StringReader@166a08d8' where picture_id=3159;
2022-10-10 14:33:47.520  INFO 4460 --- [    Test worker] p6spy                                    : #1665380027520 | took 0ms | statement | connection 27| url jdbc:h2:mem:ad3a9e80-f26d-4a3e-9691-17f803db5723
update picture set spot_id=?, url=? where picture_id=?
update picture set spot_id=843, url='java.io.StringReader@366d7033' where picture_id=3161;
2022-10-10 14:33:47.520  INFO 4460 --- [    Test worker] p6spy                                    : #1665380027520 | took 0ms | statement | connection 27| url jdbc:h2:mem:ad3a9e80-f26d-4a3e-9691-17f803db5723
update picture set spot_id=?, url=? where picture_id=?
update picture set spot_id=843, url='java.io.StringReader@13038209' where picture_id=3162;
2022-10-10 14:33:47.520  INFO 4460 --- [    Test worker] p6spy                                    : #1665380027520 | took 0ms | statement | connection 27| url jdbc:h2:mem:ad3a9e80-f26d-4a3e-9691-17f803db5723
update picture set spot_id=?, url=? where picture_id=?
update picture set spot_id=843, url='java.io.StringReader@48d71e6a' where picture_id=3163;
2022-10-10 14:33:47.520  INFO 4460 --- [    Test worker] p6spy                                    : #1665380027520 | took 0ms | statement | connection 27| url jdbc:h2:mem:ad3a9e80-f26d-4a3e-9691-17f803db5723
update picture set spot_id=?, url=? where picture_id=?
update picture set spot_id=844, url='java.io.StringReader@581a85e6' where picture_id=3165;
2022-10-10 14:33:47.520  INFO 4460 --- [    Test worker] p6spy                                    : #1665380027520 | took 0ms | statement | connection 27| url jdbc:h2:mem:ad3a9e80-f26d-4a3e-9691-17f803db5723
update picture set spot_id=?, url=? where picture_id=?
update picture set spot_id=844, url='java.io.StringReader@29bb0e19' where picture_id=3166;
2022-10-10 14:33:47.520  INFO 4460 --- [    Test worker] p6spy                                    : #1665380027520 | took 0ms | statement | connection 27| url jdbc:h2:mem:ad3a9e80-f26d-4a3e-9691-17f803db5723
update picture set spot_id=?, url=? where picture_id=?
update picture set spot_id=844, url='java.io.StringReader@5edfba64' where picture_id=3167;
2022-10-10 14:33:47.520  INFO 4460 --- [    Test worker] p6spy                                    : #1665380027520 | took 0ms | statement | connection 27| url jdbc:h2:mem:ad3a9e80-f26d-4a3e-9691-17f803db5723
update picture set spot_id=?, url=? where picture_id=?
update picture set spot_id=845, url='java.io.StringReader@2bb53747' where picture_id=3169;
2022-10-10 14:33:47.520  INFO 4460 --- [    Test worker] p6spy                                    : #1665380027520 | took 0ms | statement | connection 27| url jdbc:h2:mem:ad3a9e80-f26d-4a3e-9691-17f803db5723
update picture set spot_id=?, url=? where picture_id=?
update picture set spot_id=845, url='java.io.StringReader@5ef71497' where picture_id=3170;
2022-10-10 14:33:47.520  INFO 4460 --- [    Test worker] p6spy                                    : #1665380027520 | took 0ms | statement | connection 27| url jdbc:h2:mem:ad3a9e80-f26d-4a3e-9691-17f803db5723
update picture set spot_id=?, url=? where picture_id=?
update picture set spot_id=845, url='java.io.StringReader@1f28c50d' where picture_id=3171;
2022-10-10 14:33:47.520  INFO 4460 --- [    Test worker] p6spy                                    : #1665380027520 | took 0ms | statement | connection 27| url jdbc:h2:mem:ad3a9e80-f26d-4a3e-9691-17f803db5723
update picture set spot_id=?, url=? where picture_id=?
update picture set spot_id=846, url='java.io.StringReader@5326a655' where picture_id=3173;
2022-10-10 14:33:47.520  INFO 4460 --- [    Test worker] p6spy                                    : #1665380027520 | took 0ms | statement | connection 27| url jdbc:h2:mem:ad3a9e80-f26d-4a3e-9691-17f803db5723
update picture set spot_id=?, url=? where picture_id=?
update picture set spot_id=846, url='java.io.StringReader@42631cbd' where picture_id=3174;
2022-10-10 14:33:47.520  INFO 4460 --- [    Test worker] p6spy                                    : #1665380027520 | took 0ms | statement | connection 27| url jdbc:h2:mem:ad3a9e80-f26d-4a3e-9691-17f803db5723
update picture set spot_id=?, url=? where picture_id=?
update picture set spot_id=846, url='java.io.StringReader@3cc8f773' where picture_id=3175;
2022-10-10 14:33:47.520  INFO 4460 --- [    Test worker] p6spy                                    : #1665380027520 | took 0ms | statement | connection 27| url jdbc:h2:mem:ad3a9e80-f26d-4a3e-9691-17f803db5723
update picture set spot_id=?, url=? where picture_id=?
update picture set spot_id=847, url='java.io.StringReader@200bdca' where picture_id=3177;
2022-10-10 14:33:47.520  INFO 4460 --- [    Test worker] p6spy                                    : #1665380027520 | took 0ms | statement | connection 27| url jdbc:h2:mem:ad3a9e80-f26d-4a3e-9691-17f803db5723
update picture set spot_id=?, url=? where picture_id=?
update picture set spot_id=847, url='java.io.StringReader@73e3dffa' where picture_id=3178;
2022-10-10 14:33:47.520  INFO 4460 --- [    Test worker] p6spy                                    : #1665380027520 | took 0ms | statement | connection 27| url jdbc:h2:mem:ad3a9e80-f26d-4a3e-9691-17f803db5723
update picture set spot_id=?, url=? where picture_id=?
update picture set spot_id=847, url='java.io.StringReader@636353c4' where picture_id=3179;
2022-10-10 14:33:47.520  INFO 4460 --- [    Test worker] p6spy                                    : #1665380027520 | took 0ms | statement | connection 27| url jdbc:h2:mem:ad3a9e80-f26d-4a3e-9691-17f803db5723
update picture set spot_id=?, url=? where picture_id=?
update picture set spot_id=848, url='java.io.StringReader@7909da9e' where picture_id=3181;
2022-10-10 14:33:47.520  INFO 4460 --- [    Test worker] p6spy                                    : #1665380027520 | took 0ms | statement | connection 27| url jdbc:h2:mem:ad3a9e80-f26d-4a3e-9691-17f803db5723
update picture set spot_id=?, url=? where picture_id=?
update picture set spot_id=848, url='java.io.StringReader@378aefc0' where picture_id=3182;
2022-10-10 14:33:47.520  INFO 4460 --- [    Test worker] p6spy                                    : #1665380027520 | took 0ms | statement | connection 27| url jdbc:h2:mem:ad3a9e80-f26d-4a3e-9691-17f803db5723
update picture set spot_id=?, url=? where picture_id=?
update picture set spot_id=848, url='java.io.StringReader@2a69ebfd' where picture_id=3183;
2022-10-10 14:33:47.520  INFO 4460 --- [    Test worker] p6spy                                    : #1665380027520 | took 0ms | statement | connection 27| url jdbc:h2:mem:ad3a9e80-f26d-4a3e-9691-17f803db5723
update picture set spot_id=?, url=? where picture_id=?
update picture set spot_id=849, url='java.io.StringReader@352ef8ce' where picture_id=3185;
2022-10-10 14:33:47.520  INFO 4460 --- [    Test worker] p6spy                                    : #1665380027520 | took 0ms | statement | connection 27| url jdbc:h2:mem:ad3a9e80-f26d-4a3e-9691-17f803db5723
update picture set spot_id=?, url=? where picture_id=?
update picture set spot_id=849, url='java.io.StringReader@56b85be4' where picture_id=3186;
2022-10-10 14:33:47.520  INFO 4460 --- [    Test worker] p6spy                                    : #1665380027520 | took 0ms | statement | connection 27| url jdbc:h2:mem:ad3a9e80-f26d-4a3e-9691-17f803db5723
update picture set spot_id=?, url=? where picture_id=?
update picture set spot_id=849, url='java.io.StringReader@578a8e38' where picture_id=3187;
2022-10-10 14:33:47.520  INFO 4460 --- [    Test worker] p6spy                                    : #1665380027520 | took 0ms | statement | connection 27| url jdbc:h2:mem:ad3a9e80-f26d-4a3e-9691-17f803db5723
update picture set spot_id=?, url=? where picture_id=?
update picture set spot_id=850, url='java.io.StringReader@27b6108a' where picture_id=3189;
2022-10-10 14:33:47.521  INFO 4460 --- [    Test worker] p6spy                                    : #1665380027521 | took 0ms | statement | connection 27| url jdbc:h2:mem:ad3a9e80-f26d-4a3e-9691-17f803db5723
update picture set spot_id=?, url=? where picture_id=?
update picture set spot_id=850, url='java.io.StringReader@45d83ec5' where picture_id=3190;
2022-10-10 14:33:47.521  INFO 4460 --- [    Test worker] p6spy                                    : #1665380027521 | took 0ms | statement | connection 27| url jdbc:h2:mem:ad3a9e80-f26d-4a3e-9691-17f803db5723
update picture set spot_id=?, url=? where picture_id=?
update picture set spot_id=850, url='java.io.StringReader@2239d7a6' where picture_id=3191;
2022-10-10 14:33:47.521  INFO 4460 --- [    Test worker] p6spy                                    : #1665380027521 | took 0ms | statement | connection 27| url jdbc:h2:mem:ad3a9e80-f26d-4a3e-9691-17f803db5723
update picture set spot_id=?, url=? where picture_id=?
update picture set spot_id=851, url='java.io.StringReader@f266e60' where picture_id=3193;
2022-10-10 14:33:47.521  INFO 4460 --- [    Test worker] p6spy                                    : #1665380027521 | took 0ms | statement | connection 27| url jdbc:h2:mem:ad3a9e80-f26d-4a3e-9691-17f803db5723
update picture set spot_id=?, url=? where picture_id=?
update picture set spot_id=851, url='java.io.StringReader@7cc1a777' where picture_id=3194;
2022-10-10 14:33:47.521  INFO 4460 --- [    Test worker] p6spy                                    : #1665380027521 | took 0ms | statement | connection 27| url jdbc:h2:mem:ad3a9e80-f26d-4a3e-9691-17f803db5723
update picture set spot_id=?, url=? where picture_id=?
update picture set spot_id=851, url='java.io.StringReader@6d28d2b4' where picture_id=3195;
2022-10-10 14:33:47.521  INFO 4460 --- [    Test worker] p6spy                                    : #1665380027521 | took 0ms | statement | connection 27| url jdbc:h2:mem:ad3a9e80-f26d-4a3e-9691-17f803db5723
update picture set spot_id=?, url=? where picture_id=?
update picture set spot_id=852, url='java.io.StringReader@60847f4f' where picture_id=3197;
2022-10-10 14:33:47.521  INFO 4460 --- [    Test worker] p6spy                                    : #1665380027521 | took 0ms | statement | connection 27| url jdbc:h2:mem:ad3a9e80-f26d-4a3e-9691-17f803db5723
update picture set spot_id=?, url=? where picture_id=?
update picture set spot_id=852, url='java.io.StringReader@79c8ce72' where picture_id=3198;
2022-10-10 14:33:47.521  INFO 4460 --- [    Test worker] p6spy                                    : #1665380027521 | took 0ms | statement | connection 27| url jdbc:h2:mem:ad3a9e80-f26d-4a3e-9691-17f803db5723
update picture set spot_id=?, url=? where picture_id=?
update picture set spot_id=852, url='java.io.StringReader@11c79954' where picture_id=3199;
2022-10-10 14:33:47.521  INFO 4460 --- [    Test worker] p6spy                                    : #1665380027521 | took 0ms | statement | connection 27| url jdbc:h2:mem:ad3a9e80-f26d-4a3e-9691-17f803db5723
update picture set spot_id=?, url=? where picture_id=?
update picture set spot_id=853, url='java.io.StringReader@1bc6f6a3' where picture_id=3201;
2022-10-10 14:33:47.521  INFO 4460 --- [    Test worker] p6spy                                    : #1665380027521 | took 0ms | statement | connection 27| url jdbc:h2:mem:ad3a9e80-f26d-4a3e-9691-17f803db5723
update picture set spot_id=?, url=? where picture_id=?
update picture set spot_id=853, url='java.io.StringReader@652d363b' where picture_id=3202;
2022-10-10 14:33:47.521  INFO 4460 --- [    Test worker] p6spy                                    : #1665380027521 | took 0ms | statement | connection 27| url jdbc:h2:mem:ad3a9e80-f26d-4a3e-9691-17f803db5723
update picture set spot_id=?, url=? where picture_id=?
update picture set spot_id=853, url='java.io.StringReader@473f9b12' where picture_id=3203;
2022-10-10 14:33:47.521  INFO 4460 --- [    Test worker] p6spy                                    : #1665380027521 | took 0ms | statement | connection 27| url jdbc:h2:mem:ad3a9e80-f26d-4a3e-9691-17f803db5723
update picture set spot_id=?, url=? where picture_id=?
update picture set spot_id=854, url='java.io.StringReader@3d13a589' where picture_id=3205;
2022-10-10 14:33:47.521  INFO 4460 --- [    Test worker] p6spy                                    : #1665380027521 | took 0ms | statement | connection 27| url jdbc:h2:mem:ad3a9e80-f26d-4a3e-9691-17f803db5723
update picture set spot_id=?, url=? where picture_id=?
update picture set spot_id=854, url='java.io.StringReader@1d9188bd' where picture_id=3206;
2022-10-10 14:33:47.521  INFO 4460 --- [    Test worker] p6spy                                    : #1665380027521 | took 0ms | statement | connection 27| url jdbc:h2:mem:ad3a9e80-f26d-4a3e-9691-17f803db5723
update picture set spot_id=?, url=? where picture_id=?
update picture set spot_id=854, url='java.io.StringReader@2ecfc766' where picture_id=3207;
2022-10-10 14:33:47.521  INFO 4460 --- [    Test worker] p6spy                                    : #1665380027521 | took 0ms | statement | connection 27| url jdbc:h2:mem:ad3a9e80-f26d-4a3e-9691-17f803db5723
update picture set spot_id=?, url=? where picture_id=?
update picture set spot_id=855, url='java.io.StringReader@34dca058' where picture_id=3209;
2022-10-10 14:33:47.521  INFO 4460 --- [    Test worker] p6spy                                    : #1665380027521 | took 0ms | statement | connection 27| url jdbc:h2:mem:ad3a9e80-f26d-4a3e-9691-17f803db5723
update picture set spot_id=?, url=? where picture_id=?
update picture set spot_id=855, url='java.io.StringReader@705f2da4' where picture_id=3210;
2022-10-10 14:33:47.521  INFO 4460 --- [    Test worker] p6spy                                    : #1665380027521 | took 0ms | statement | connection 27| url jdbc:h2:mem:ad3a9e80-f26d-4a3e-9691-17f803db5723
update picture set spot_id=?, url=? where picture_id=?
update picture set spot_id=855, url='java.io.StringReader@7e679f4f' where picture_id=3211;
2022-10-10 14:33:47.521  INFO 4460 --- [    Test worker] p6spy                                    : #1665380027521 | took 0ms | statement | connection 27| url jdbc:h2:mem:ad3a9e80-f26d-4a3e-9691-17f803db5723
update picture set spot_id=?, url=? where picture_id=?
update picture set spot_id=856, url='java.io.StringReader@2458e609' where picture_id=3213;
2022-10-10 14:33:47.521  INFO 4460 --- [    Test worker] p6spy                                    : #1665380027521 | took 0ms | statement | connection 27| url jdbc:h2:mem:ad3a9e80-f26d-4a3e-9691-17f803db5723
update picture set spot_id=?, url=? where picture_id=?
update picture set spot_id=856, url='java.io.StringReader@4ed56a54' where picture_id=3214;
2022-10-10 14:33:47.521  INFO 4460 --- [    Test worker] p6spy                                    : #1665380027521 | took 0ms | statement | connection 27| url jdbc:h2:mem:ad3a9e80-f26d-4a3e-9691-17f803db5723
update picture set spot_id=?, url=? where picture_id=?
update picture set spot_id=856, url='java.io.StringReader@10aaf346' where picture_id=3215;
2022-10-10 14:33:47.521  INFO 4460 --- [    Test worker] p6spy                                    : #1665380027521 | took 0ms | statement | connection 27| url jdbc:h2:mem:ad3a9e80-f26d-4a3e-9691-17f803db5723
update picture set spot_id=?, url=? where picture_id=?
update picture set spot_id=857, url='java.io.StringReader@445475c6' where picture_id=3217;
2022-10-10 14:33:47.521  INFO 4460 --- [    Test worker] p6spy                                    : #1665380027521 | took 0ms | statement | connection 27| url jdbc:h2:mem:ad3a9e80-f26d-4a3e-9691-17f803db5723
update picture set spot_id=?, url=? where picture_id=?
update picture set spot_id=857, url='java.io.StringReader@73a4d442' where picture_id=3218;
2022-10-10 14:33:47.521  INFO 4460 --- [    Test worker] p6spy                                    : #1665380027521 | took 0ms | statement | connection 27| url jdbc:h2:mem:ad3a9e80-f26d-4a3e-9691-17f803db5723
update picture set spot_id=?, url=? where picture_id=?
update picture set spot_id=857, url='java.io.StringReader@5f46823d' where picture_id=3219;
2022-10-10 14:33:47.521  INFO 4460 --- [    Test worker] p6spy                                    : #1665380027521 | took 0ms | statement | connection 27| url jdbc:h2:mem:ad3a9e80-f26d-4a3e-9691-17f803db5723
update picture set spot_id=?, url=? where picture_id=?
update picture set spot_id=858, url='java.io.StringReader@3fe1db00' where picture_id=3221;
2022-10-10 14:33:47.521  INFO 4460 --- [    Test worker] p6spy                                    : #1665380027521 | took 0ms | statement | connection 27| url jdbc:h2:mem:ad3a9e80-f26d-4a3e-9691-17f803db5723
update picture set spot_id=?, url=? where picture_id=?
update picture set spot_id=858, url='java.io.StringReader@17185077' where picture_id=3222;
2022-10-10 14:33:47.521  INFO 4460 --- [    Test worker] p6spy                                    : #1665380027521 | took 0ms | statement | connection 27| url jdbc:h2:mem:ad3a9e80-f26d-4a3e-9691-17f803db5723
update picture set spot_id=?, url=? where picture_id=?
update picture set spot_id=858, url='java.io.StringReader@43ab281f' where picture_id=3223;
2022-10-10 14:33:47.521  INFO 4460 --- [    Test worker] p6spy                                    : #1665380027521 | took 0ms | statement | connection 27| url jdbc:h2:mem:ad3a9e80-f26d-4a3e-9691-17f803db5723
update picture set spot_id=?, url=? where picture_id=?
update picture set spot_id=859, url='java.io.StringReader@36088e16' where picture_id=3225;
2022-10-10 14:33:47.521  INFO 4460 --- [    Test worker] p6spy                                    : #1665380027521 | took 0ms | statement | connection 27| url jdbc:h2:mem:ad3a9e80-f26d-4a3e-9691-17f803db5723
update picture set spot_id=?, url=? where picture_id=?
update picture set spot_id=859, url='java.io.StringReader@45f121f0' where picture_id=3226;
2022-10-10 14:33:47.521  INFO 4460 --- [    Test worker] p6spy                                    : #1665380027521 | took 0ms | statement | connection 27| url jdbc:h2:mem:ad3a9e80-f26d-4a3e-9691-17f803db5723
update picture set spot_id=?, url=? where picture_id=?
update picture set spot_id=859, url='java.io.StringReader@85c2354' where picture_id=3227;
2022-10-10 14:33:47.521  INFO 4460 --- [    Test worker] p6spy                                    : #1665380027521 | took 0ms | statement | connection 27| url jdbc:h2:mem:ad3a9e80-f26d-4a3e-9691-17f803db5723
update picture set spot_id=?, url=? where picture_id=?
update picture set spot_id=860, url='java.io.StringReader@3b2c0160' where picture_id=3229;
2022-10-10 14:33:47.521  INFO 4460 --- [    Test worker] p6spy                                    : #1665380027521 | took 0ms | statement | connection 27| url jdbc:h2:mem:ad3a9e80-f26d-4a3e-9691-17f803db5723
update picture set spot_id=?, url=? where picture_id=?
update picture set spot_id=860, url='java.io.StringReader@1e4ad263' where picture_id=3230;
2022-10-10 14:33:47.521  INFO 4460 --- [    Test worker] p6spy                                    : #1665380027521 | took 0ms | statement | connection 27| url jdbc:h2:mem:ad3a9e80-f26d-4a3e-9691-17f803db5723
update picture set spot_id=?, url=? where picture_id=?
update picture set spot_id=860, url='java.io.StringReader@4b8b72db' where picture_id=3231;
2022-10-10 14:33:47.521  INFO 4460 --- [    Test worker] p6spy                                    : #1665380027521 | took 0ms | statement | connection 27| url jdbc:h2:mem:ad3a9e80-f26d-4a3e-9691-17f803db5723
update picture set spot_id=?, url=? where picture_id=?
update picture set spot_id=861, url='java.io.StringReader@5a6bc20e' where picture_id=3233;
2022-10-10 14:33:47.521  INFO 4460 --- [    Test worker] p6spy                                    : #1665380027521 | took 0ms | statement | connection 27| url jdbc:h2:mem:ad3a9e80-f26d-4a3e-9691-17f803db5723
update picture set spot_id=?, url=? where picture_id=?
update picture set spot_id=861, url='java.io.StringReader@2831ae4b' where picture_id=3234;
2022-10-10 14:33:47.521  INFO 4460 --- [    Test worker] p6spy                                    : #1665380027521 | took 0ms | statement | connection 27| url jdbc:h2:mem:ad3a9e80-f26d-4a3e-9691-17f803db5723
update picture set spot_id=?, url=? where picture_id=?
update picture set spot_id=861, url='java.io.StringReader@1c1ae4bc' where picture_id=3235;
2022-10-10 14:33:47.522  INFO 4460 --- [    Test worker] p6spy                                    : #1665380027522 | took 0ms | statement | connection 27| url jdbc:h2:mem:ad3a9e80-f26d-4a3e-9691-17f803db5723
update picture set spot_id=?, url=? where picture_id=?
update picture set spot_id=862, url='java.io.StringReader@24da711' where picture_id=3237;
2022-10-10 14:33:47.522  INFO 4460 --- [    Test worker] p6spy                                    : #1665380027522 | took 0ms | statement | connection 27| url jdbc:h2:mem:ad3a9e80-f26d-4a3e-9691-17f803db5723
update picture set spot_id=?, url=? where picture_id=?
update picture set spot_id=862, url='java.io.StringReader@74038dba' where picture_id=3238;
2022-10-10 14:33:47.522  INFO 4460 --- [    Test worker] p6spy                                    : #1665380027522 | took 0ms | statement | connection 27| url jdbc:h2:mem:ad3a9e80-f26d-4a3e-9691-17f803db5723
update picture set spot_id=?, url=? where picture_id=?
update picture set spot_id=862, url='java.io.StringReader@2c6799fe' where picture_id=3239;
2022-10-10 14:33:47.522  INFO 4460 --- [    Test worker] p6spy                                    : #1665380027522 | took 0ms | statement | connection 27| url jdbc:h2:mem:ad3a9e80-f26d-4a3e-9691-17f803db5723
update picture set spot_id=?, url=? where picture_id=?
update picture set spot_id=863, url='java.io.StringReader@4227511a' where picture_id=3241;
2022-10-10 14:33:47.522  INFO 4460 --- [    Test worker] p6spy                                    : #1665380027522 | took 0ms | statement | connection 27| url jdbc:h2:mem:ad3a9e80-f26d-4a3e-9691-17f803db5723
update picture set spot_id=?, url=? where picture_id=?
update picture set spot_id=863, url='java.io.StringReader@1a4db28c' where picture_id=3242;
2022-10-10 14:33:47.522  INFO 4460 --- [    Test worker] p6spy                                    : #1665380027522 | took 0ms | statement | connection 27| url jdbc:h2:mem:ad3a9e80-f26d-4a3e-9691-17f803db5723
update picture set spot_id=?, url=? where picture_id=?
update picture set spot_id=863, url='java.io.StringReader@16b9082a' where picture_id=3243;
2022-10-10 14:33:47.522  INFO 4460 --- [    Test worker] p6spy                                    : #1665380027522 | took 0ms | statement | connection 27| url jdbc:h2:mem:ad3a9e80-f26d-4a3e-9691-17f803db5723
update picture set spot_id=?, url=? where picture_id=?
update picture set spot_id=864, url='java.io.StringReader@bf8f90a' where picture_id=3245;
2022-10-10 14:33:47.522  INFO 4460 --- [    Test worker] p6spy                                    : #1665380027522 | took 0ms | statement | connection 27| url jdbc:h2:mem:ad3a9e80-f26d-4a3e-9691-17f803db5723
update picture set spot_id=?, url=? where picture_id=?
update picture set spot_id=864, url='java.io.StringReader@1adef192' where picture_id=3246;
2022-10-10 14:33:47.522  INFO 4460 --- [    Test worker] p6spy                                    : #1665380027522 | took 0ms | statement | connection 27| url jdbc:h2:mem:ad3a9e80-f26d-4a3e-9691-17f803db5723
update picture set spot_id=?, url=? where picture_id=?
update picture set spot_id=864, url='java.io.StringReader@38621947' where picture_id=3247;
2022-10-10 14:33:47.522  INFO 4460 --- [    Test worker] p6spy                                    : #1665380027522 | took 0ms | statement | connection 27| url jdbc:h2:mem:ad3a9e80-f26d-4a3e-9691-17f803db5723
update picture set spot_id=?, url=? where picture_id=?
update picture set spot_id=865, url='java.io.StringReader@5340c63a' where picture_id=3249;
2022-10-10 14:33:47.522  INFO 4460 --- [    Test worker] p6spy                                    : #1665380027522 | took 0ms | statement | connection 27| url jdbc:h2:mem:ad3a9e80-f26d-4a3e-9691-17f803db5723
update picture set spot_id=?, url=? where picture_id=?
update picture set spot_id=865, url='java.io.StringReader@10b5e705' where picture_id=3250;
2022-10-10 14:33:47.522  INFO 4460 --- [    Test worker] p6spy                                    : #1665380027522 | took 0ms | statement | connection 27| url jdbc:h2:mem:ad3a9e80-f26d-4a3e-9691-17f803db5723
update picture set spot_id=?, url=? where picture_id=?
update picture set spot_id=865, url='java.io.StringReader@1cad5226' where picture_id=3251;
2022-10-10 14:33:47.522  INFO 4460 --- [    Test worker] p6spy                                    : #1665380027522 | took 0ms | statement | connection 27| url jdbc:h2:mem:ad3a9e80-f26d-4a3e-9691-17f803db5723
update picture set spot_id=?, url=? where picture_id=?
update picture set spot_id=866, url='java.io.StringReader@1f5c55da' where picture_id=3253;
2022-10-10 14:33:47.522  INFO 4460 --- [    Test worker] p6spy                                    : #1665380027522 | took 0ms | statement | connection 27| url jdbc:h2:mem:ad3a9e80-f26d-4a3e-9691-17f803db5723
update picture set spot_id=?, url=? where picture_id=?
update picture set spot_id=866, url='java.io.StringReader@636d2326' where picture_id=3254;
2022-10-10 14:33:47.522  INFO 4460 --- [    Test worker] p6spy                                    : #1665380027522 | took 0ms | statement | connection 27| url jdbc:h2:mem:ad3a9e80-f26d-4a3e-9691-17f803db5723
update picture set spot_id=?, url=? where picture_id=?
update picture set spot_id=866, url='java.io.StringReader@5b1957f0' where picture_id=3255;
2022-10-10 14:33:47.522  INFO 4460 --- [    Test worker] p6spy                                    : #1665380027522 | took 0ms | statement | connection 27| url jdbc:h2:mem:ad3a9e80-f26d-4a3e-9691-17f803db5723
update picture set spot_id=?, url=? where picture_id=?
update picture set spot_id=867, url='java.io.StringReader@52154754' where picture_id=3257;
2022-10-10 14:33:47.522  INFO 4460 --- [    Test worker] p6spy                                    : #1665380027522 | took 0ms | statement | connection 27| url jdbc:h2:mem:ad3a9e80-f26d-4a3e-9691-17f803db5723
update picture set spot_id=?, url=? where picture_id=?
update picture set spot_id=867, url='java.io.StringReader@1da409d3' where picture_id=3258;
2022-10-10 14:33:47.522  INFO 4460 --- [    Test worker] p6spy                                    : #1665380027522 | took 0ms | statement | connection 27| url jdbc:h2:mem:ad3a9e80-f26d-4a3e-9691-17f803db5723
update picture set spot_id=?, url=? where picture_id=?
update picture set spot_id=867, url='java.io.StringReader@2c87bc5d' where picture_id=3259;
2022-10-10 14:33:47.522  INFO 4460 --- [    Test worker] p6spy                                    : #1665380027522 | took 0ms | statement | connection 27| url jdbc:h2:mem:ad3a9e80-f26d-4a3e-9691-17f803db5723
update picture set spot_id=?, url=? where picture_id=?
update picture set spot_id=868, url='java.io.StringReader@12723878' where picture_id=3261;
2022-10-10 14:33:47.522  INFO 4460 --- [    Test worker] p6spy                                    : #1665380027522 | took 0ms | statement | connection 27| url jdbc:h2:mem:ad3a9e80-f26d-4a3e-9691-17f803db5723
update picture set spot_id=?, url=? where picture_id=?
update picture set spot_id=868, url='java.io.StringReader@4a70049c' where picture_id=3262;
2022-10-10 14:33:47.522  INFO 4460 --- [    Test worker] p6spy                                    : #1665380027522 | took 0ms | statement | connection 27| url jdbc:h2:mem:ad3a9e80-f26d-4a3e-9691-17f803db5723
update picture set spot_id=?, url=? where picture_id=?
update picture set spot_id=868, url='java.io.StringReader@6d41c066' where picture_id=3263;
2022-10-10 14:33:47.523  INFO 4460 --- [    Test worker] c.j.r.FavoriteSpotQueryRepositoryTest    : member1 = Member(id=22, username=member1, email=member1@gmail.com, password=1234)
2022-10-10 14:33:47.523  INFO 4460 --- [    Test worker] c.j.r.FavoriteSpotQueryRepositoryTest    : favoriteMain = Favorite(id=42, name=1일차)
2022-10-10 14:33:47.523  INFO 4460 --- [    Test worker] c.j.r.FavoriteSpotQueryRepositoryTest    : spots[0] = capstone.jejuTourrecommend.domain.Spot@23623448
2022-10-10 14:33:47.523  INFO 4460 --- [    Test worker] c.j.r.FavoriteSpotQueryRepositoryTest    : favoriteSpots[0] = FavoriteSpot(id=527, count=0)
2022-10-10 14:33:47.523  INFO 4460 --- [    Test worker] p6spy                                    : #1665380027523 | took 0ms | statement | connection 27| url jdbc:h2:mem:ad3a9e80-f26d-4a3e-9691-17f803db5723
insert into spot (address, description, location, name, score_id, spot_id) values (?, ?, ?, ?, ?, ?)
insert into spot (address, description, location, name, score_id, spot_id) values (NULL, NULL, NULL, 'spot1', NULL, 869);
2022-10-10 14:33:47.523  INFO 4460 --- [    Test worker] p6spy                                    : #1665380027523 | took 0ms | statement | connection 27| url jdbc:h2:mem:ad3a9e80-f26d-4a3e-9691-17f803db5723
insert into spot (address, description, location, name, score_id, spot_id) values (?, ?, ?, ?, ?, ?)
insert into spot (address, description, location, name, score_id, spot_id) values (NULL, NULL, NULL, 'spot2', NULL, 870);
2022-10-10 14:33:47.523  INFO 4460 --- [    Test worker] p6spy                                    : #1665380027523 | took 0ms | statement | connection 27| url jdbc:h2:mem:ad3a9e80-f26d-4a3e-9691-17f803db5723
insert into favorite (member_id, name, favorite_id) values (?, ?, ?)
insert into favorite (member_id, name, favorite_id) values (NULL, '1일차', 43);
2022-10-10 14:33:47.523  INFO 4460 --- [    Test worker] p6spy                                    : #1665380027523 | took 0ms | statement | connection 27| url jdbc:h2:mem:ad3a9e80-f26d-4a3e-9691-17f803db5723
insert into favorite_spot (count, favorite_id, spot_id, favorite_spot_id) values (?, ?, ?, ?)
insert into favorite_spot (count, favorite_id, spot_id, favorite_spot_id) values (0, 43, 869, 577);
2022-10-10 14:33:47.523  INFO 4460 --- [    Test worker] p6spy                                    : #1665380027523 | took 0ms | statement | connection 27| url jdbc:h2:mem:ad3a9e80-f26d-4a3e-9691-17f803db5723
insert into favorite_spot (count, favorite_id, spot_id, favorite_spot_id) values (?, ?, ?, ?)
insert into favorite_spot (count, favorite_id, spot_id, favorite_spot_id) values (0, 43, 870, 578);
2022-10-10 14:33:47.523  INFO 4460 --- [    Test worker] c.j.r.FavoriteSpotQueryRepositoryTest    : 22222
2022-10-10 14:33:47.526  INFO 4460 --- [    Test worker] p6spy                                    : #1665380027526 | took 0ms | statement | connection 27| url jdbc:h2:mem:ad3a9e80-f26d-4a3e-9691-17f803db5723
delete from favorite_spot where favorite_id=? and spot_id=?
delete from favorite_spot where favorite_id=43 and spot_id=869;
2022-10-10 14:33:47.526  INFO 4460 --- [    Test worker] c.j.r.FavoriteSpotQueryRepositoryTest    : 11111
2022-10-10 14:33:47.526  INFO 4460 --- [    Test worker] p6spy                                    : #1665380027526 | took 0ms | statement | connection 27| url jdbc:h2:mem:ad3a9e80-f26d-4a3e-9691-17f803db5723
select favoritesp0_.favorite_spot_id as favorite1_1_, favoritesp0_.count as count2_1_, favoritesp0_.favorite_id as favorite3_1_, favoritesp0_.spot_id as spot_id4_1_ from favorite_spot favoritesp0_ left outer join spot spot1_ on favoritesp0_.spot_id=spot1_.spot_id left outer join favorite favorite2_ on favoritesp0_.favorite_id=favorite2_.favorite_id where spot1_.spot_id=? and favorite2_.favorite_id=?
select favoritesp0_.favorite_spot_id as favorite1_1_, favoritesp0_.count as count2_1_, favoritesp0_.favorite_id as favorite3_1_, favoritesp0_.spot_id as spot_id4_1_ from favorite_spot favoritesp0_ left outer join spot spot1_ on favoritesp0_.spot_id=spot1_.spot_id left outer join favorite favorite2_ on favoritesp0_.favorite_id=favorite2_.favorite_id where spot1_.spot_id=869 and favorite2_.favorite_id=43;
2022-10-10 14:33:47.531  INFO 4460 --- [    Test worker] p6spy                                    : #1665380027530 | took 2ms | rollback | connection 27| url jdbc:h2:mem:ad3a9e80-f26d-4a3e-9691-17f803db5723

;
2022-10-10 14:33:47.531  INFO 4460 --- [    Test worker] o.s.t.c.transaction.TransactionContext   : Rolled back transaction for test: [DefaultTestContext@62231c0f testClass = FavoriteSpotQueryRepositoryTest, testInstance = capstone.jejuTourrecommend.repository.FavoriteSpotQueryRepositoryTest@47bf44dc, testMethod = deleteTest@FavoriteSpotQueryRepositoryTest, testException = [null], mergedContextConfiguration = [WebMergedContextConfiguration@fdc872e testClass = FavoriteSpotQueryRepositoryTest, locations = '{}', classes = '{class capstone.jejuTourrecommend.JejuTourRecommendApplication}', contextInitializerClasses = '[]', activeProfiles = '{}', propertySourceLocations = '{}', propertySourceProperties = '{org.springframework.boot.test.context.SpringBootTestContextBootstrapper=true}', contextCustomizers = set[org.springframework.boot.test.autoconfigure.actuate.metrics.MetricsExportContextCustomizerFactory$DisableMetricExportContextCustomizer@749c877b, org.springframework.boot.test.autoconfigure.properties.PropertyMappingContextCustomizer@0, org.springframework.boot.test.autoconfigure.web.servlet.WebDriverContextCustomizerFactory$Customizer@60f7cc1d, org.springframework.boot.test.context.filter.ExcludeFilterContextCustomizer@207ea13, org.springframework.boot.test.json.DuplicateJsonObjectContextCustomizerFactory$DuplicateJsonObjectContextCustomizer@5827af16, org.springframework.boot.test.mock.mockito.MockitoContextCustomizer@0, org.springframework.boot.test.web.client.TestRestTemplateContextCustomizer@50fe837a, org.springframework.boot.test.context.SpringBootTestArgs@1, org.springframework.boot.test.context.SpringBootTestWebEnvironment@51bd8b5c], resourceBasePath = 'src/main/webapp', contextLoader = 'org.springframework.boot.test.context.SpringBootContextLoader', parent = [null]], attributes = map['org.springframework.test.context.web.ServletTestExecutionListener.activateListener' -> true, 'org.springframework.test.context.web.ServletTestExecutionListener.populatedRequestContextHolder' -> true, 'org.springframework.test.context.web.ServletTestExecutionListener.resetRequestContextHolder' -> true, 'org.springframework.test.context.event.ApplicationEventsTestExecutionListener.recordApplicationEvents' -> false]]
2022-10-10 14:33:47.532  INFO 4460 --- [    Test worker] o.s.t.c.transaction.TransactionContext   : Began transaction (1) for test context [DefaultTestContext@62231c0f testClass = FavoriteSpotQueryRepositoryTest, testInstance = capstone.jejuTourrecommend.repository.FavoriteSpotQueryRepositoryTest@2230b578, testMethod = favoriteListTest@FavoriteSpotQueryRepositoryTest, testException = [null], mergedContextConfiguration = [WebMergedContextConfiguration@fdc872e testClass = FavoriteSpotQueryRepositoryTest, locations = '{}', classes = '{class capstone.jejuTourrecommend.JejuTourRecommendApplication}', contextInitializerClasses = '[]', activeProfiles = '{}', propertySourceLocations = '{}', propertySourceProperties = '{org.springframework.boot.test.context.SpringBootTestContextBootstrapper=true}', contextCustomizers = set[org.springframework.boot.test.autoconfigure.actuate.metrics.MetricsExportContextCustomizerFactory$DisableMetricExportContextCustomizer@749c877b, org.springframework.boot.test.autoconfigure.properties.PropertyMappingContextCustomizer@0, org.springframework.boot.test.autoconfigure.web.servlet.WebDriverContextCustomizerFactory$Customizer@60f7cc1d, org.springframework.boot.test.context.filter.ExcludeFilterContextCustomizer@207ea13, org.springframework.boot.test.json.DuplicateJsonObjectContextCustomizerFactory$DuplicateJsonObjectContextCustomizer@5827af16, org.springframework.boot.test.mock.mockito.MockitoContextCustomizer@0, org.springframework.boot.test.web.client.TestRestTemplateContextCustomizer@50fe837a, org.springframework.boot.test.context.SpringBootTestArgs@1, org.springframework.boot.test.context.SpringBootTestWebEnvironment@51bd8b5c], resourceBasePath = 'src/main/webapp', contextLoader = 'org.springframework.boot.test.context.SpringBootContextLoader', parent = [null]], attributes = map['org.springframework.test.context.web.ServletTestExecutionListener.activateListener' -> true, 'org.springframework.test.context.web.ServletTestExecutionListener.populatedRequestContextHolder' -> true, 'org.springframework.test.context.web.ServletTestExecutionListener.resetRequestContextHolder' -> true, 'org.springframework.test.context.event.ApplicationEventsTestExecutionListener.recordApplicationEvents' -> false]]; transaction manager [org.springframework.orm.jpa.JpaTransactionManager@4545ac62]; rollback [true]
2022-10-10 14:33:47.533  INFO 4460 --- [    Test worker] c.j.r.FavoriteSpotQueryRepositoryTest    : member1 =Member(id=24, username=member1, email=member1@gmail.com, password=1234)
2022-10-10 14:33:47.533  INFO 4460 --- [    Test worker] p6spy                                    : #1665380027533 | took 0ms | statement | connection 28| url jdbc:h2:mem:ad3a9e80-f26d-4a3e-9691-17f803db5723
call next value for hibernate_sequence
call next value for hibernate_sequence;
2022-10-10 14:33:47.533  INFO 4460 --- [    Test worker] p6spy                                    : #1665380027533 | took 0ms | statement | connection 28| url jdbc:h2:mem:ad3a9e80-f26d-4a3e-9691-17f803db5723
call next value for hibernate_sequence
call next value for hibernate_sequence;
2022-10-10 14:33:47.533  INFO 4460 --- [    Test worker] p6spy                                    : #1665380027533 | took 0ms | statement | connection 28| url jdbc:h2:mem:ad3a9e80-f26d-4a3e-9691-17f803db5723
call next value for hibernate_sequence
call next value for hibernate_sequence;
2022-10-10 14:33:47.533  INFO 4460 --- [    Test worker] p6spy                                    : #1665380027533 | took 0ms | statement | connection 28| url jdbc:h2:mem:ad3a9e80-f26d-4a3e-9691-17f803db5723
call next value for hibernate_sequence
call next value for hibernate_sequence;
2022-10-10 14:33:47.533  INFO 4460 --- [    Test worker] c.j.r.FavoriteSpotQueryRepositoryTest    : favoriteSpot = FavoriteSpot(id=579, count=0)
2022-10-10 14:33:47.533  INFO 4460 --- [    Test worker] c.j.r.FavoriteSpotQueryRepositoryTest    : Spot = capstone.jejuTourrecommend.domain.Spot@5e58c554
2022-10-10 14:33:47.533  INFO 4460 --- [    Test worker] p6spy                                    : #1665380027533 | took 0ms | statement | connection 28| url jdbc:h2:mem:ad3a9e80-f26d-4a3e-9691-17f803db5723
call next value for hibernate_sequence
call next value for hibernate_sequence;
2022-10-10 14:33:47.533  INFO 4460 --- [    Test worker] p6spy                                    : #1665380027533 | took 0ms | statement | connection 28| url jdbc:h2:mem:ad3a9e80-f26d-4a3e-9691-17f803db5723
call next value for hibernate_sequence
call next value for hibernate_sequence;
2022-10-10 14:33:47.533  INFO 4460 --- [    Test worker] p6spy                                    : #1665380027533 | took 0ms | statement | connection 28| url jdbc:h2:mem:ad3a9e80-f26d-4a3e-9691-17f803db5723
call next value for hibernate_sequence
call next value for hibernate_sequence;
2022-10-10 14:33:47.533  INFO 4460 --- [    Test worker] p6spy                                    : #1665380027533 | took 0ms | statement | connection 28| url jdbc:h2:mem:ad3a9e80-f26d-4a3e-9691-17f803db5723
call next value for hibernate_sequence
call next value for hibernate_sequence;
2022-10-10 14:33:47.533  INFO 4460 --- [    Test worker] p6spy                                    : #1665380027533 | took 0ms | statement | connection 28| url jdbc:h2:mem:ad3a9e80-f26d-4a3e-9691-17f803db5723
call next value for hibernate_sequence
call next value for hibernate_sequence;
2022-10-10 14:33:47.533  INFO 4460 --- [    Test worker] p6spy                                    : #1665380027533 | took 0ms | statement | connection 28| url jdbc:h2:mem:ad3a9e80-f26d-4a3e-9691-17f803db5723
call next value for hibernate_sequence
call next value for hibernate_sequence;
2022-10-10 14:33:47.533  INFO 4460 --- [    Test worker] p6spy                                    : #1665380027533 | took 0ms | statement | connection 28| url jdbc:h2:mem:ad3a9e80-f26d-4a3e-9691-17f803db5723
call next value for hibernate_sequence
call next value for hibernate_sequence;
2022-10-10 14:33:47.533  INFO 4460 --- [    Test worker] p6spy                                    : #1665380027533 | took 0ms | statement | connection 28| url jdbc:h2:mem:ad3a9e80-f26d-4a3e-9691-17f803db5723
call next value for hibernate_sequence
call next value for hibernate_sequence;
2022-10-10 14:33:47.533  INFO 4460 --- [    Test worker] c.j.r.FavoriteSpotQueryRepositoryTest    : favoriteSpot = FavoriteSpot(id=580, count=0)
2022-10-10 14:33:47.533  INFO 4460 --- [    Test worker] c.j.r.FavoriteSpotQueryRepositoryTest    : Spot = capstone.jejuTourrecommend.domain.Spot@1265e404
2022-10-10 14:33:47.533  INFO 4460 --- [    Test worker] p6spy                                    : #1665380027533 | took 0ms | statement | connection 28| url jdbc:h2:mem:ad3a9e80-f26d-4a3e-9691-17f803db5723
call next value for hibernate_sequence
call next value for hibernate_sequence;
2022-10-10 14:33:47.533  INFO 4460 --- [    Test worker] p6spy                                    : #1665380027533 | took 0ms | statement | connection 28| url jdbc:h2:mem:ad3a9e80-f26d-4a3e-9691-17f803db5723
call next value for hibernate_sequence
call next value for hibernate_sequence;
2022-10-10 14:33:47.533  INFO 4460 --- [    Test worker] p6spy                                    : #1665380027533 | took 0ms | statement | connection 28| url jdbc:h2:mem:ad3a9e80-f26d-4a3e-9691-17f803db5723
call next value for hibernate_sequence
call next value for hibernate_sequence;
2022-10-10 14:33:47.533  INFO 4460 --- [    Test worker] p6spy                                    : #1665380027533 | took 0ms | statement | connection 28| url jdbc:h2:mem:ad3a9e80-f26d-4a3e-9691-17f803db5723
call next value for hibernate_sequence
call next value for hibernate_sequence;
2022-10-10 14:33:47.533  INFO 4460 --- [    Test worker] p6spy                                    : #1665380027533 | took 0ms | statement | connection 28| url jdbc:h2:mem:ad3a9e80-f26d-4a3e-9691-17f803db5723
call next value for hibernate_sequence
call next value for hibernate_sequence;
2022-10-10 14:33:47.533  INFO 4460 --- [    Test worker] p6spy                                    : #1665380027533 | took 0ms | statement | connection 28| url jdbc:h2:mem:ad3a9e80-f26d-4a3e-9691-17f803db5723
call next value for hibernate_sequence
call next value for hibernate_sequence;
2022-10-10 14:33:47.533  INFO 4460 --- [    Test worker] p6spy                                    : #1665380027533 | took 0ms | statement | connection 28| url jdbc:h2:mem:ad3a9e80-f26d-4a3e-9691-17f803db5723
call next value for hibernate_sequence
call next value for hibernate_sequence;
2022-10-10 14:33:47.533  INFO 4460 --- [    Test worker] p6spy                                    : #1665380027533 | took 0ms | statement | connection 28| url jdbc:h2:mem:ad3a9e80-f26d-4a3e-9691-17f803db5723
call next value for hibernate_sequence
call next value for hibernate_sequence;
2022-10-10 14:33:47.533  INFO 4460 --- [    Test worker] c.j.r.FavoriteSpotQueryRepositoryTest    : favoriteSpot = FavoriteSpot(id=581, count=0)
2022-10-10 14:33:47.533  INFO 4460 --- [    Test worker] c.j.r.FavoriteSpotQueryRepositoryTest    : Spot = capstone.jejuTourrecommend.domain.Spot@15b9c3b9
2022-10-10 14:33:47.533  INFO 4460 --- [    Test worker] p6spy                                    : #1665380027533 | took 0ms | statement | connection 28| url jdbc:h2:mem:ad3a9e80-f26d-4a3e-9691-17f803db5723
call next value for hibernate_sequence
call next value for hibernate_sequence;
2022-10-10 14:33:47.533  INFO 4460 --- [    Test worker] p6spy                                    : #1665380027533 | took 0ms | statement | connection 28| url jdbc:h2:mem:ad3a9e80-f26d-4a3e-9691-17f803db5723
call next value for hibernate_sequence
call next value for hibernate_sequence;
2022-10-10 14:33:47.533  INFO 4460 --- [    Test worker] p6spy                                    : #1665380027533 | took 0ms | statement | connection 28| url jdbc:h2:mem:ad3a9e80-f26d-4a3e-9691-17f803db5723
call next value for hibernate_sequence
call next value for hibernate_sequence;
2022-10-10 14:33:47.533  INFO 4460 --- [    Test worker] p6spy                                    : #1665380027533 | took 0ms | statement | connection 28| url jdbc:h2:mem:ad3a9e80-f26d-4a3e-9691-17f803db5723
call next value for hibernate_sequence
call next value for hibernate_sequence;
2022-10-10 14:33:47.533  INFO 4460 --- [    Test worker] p6spy                                    : #1665380027533 | took 0ms | statement | connection 28| url jdbc:h2:mem:ad3a9e80-f26d-4a3e-9691-17f803db5723
call next value for hibernate_sequence
call next value for hibernate_sequence;
2022-10-10 14:33:47.533  INFO 4460 --- [    Test worker] p6spy                                    : #1665380027533 | took 0ms | statement | connection 28| url jdbc:h2:mem:ad3a9e80-f26d-4a3e-9691-17f803db5723
call next value for hibernate_sequence
call next value for hibernate_sequence;
2022-10-10 14:33:47.533  INFO 4460 --- [    Test worker] p6spy                                    : #1665380027533 | took 0ms | statement | connection 28| url jdbc:h2:mem:ad3a9e80-f26d-4a3e-9691-17f803db5723
call next value for hibernate_sequence
call next value for hibernate_sequence;
2022-10-10 14:33:47.533  INFO 4460 --- [    Test worker] p6spy                                    : #1665380027533 | took 0ms | statement | connection 28| url jdbc:h2:mem:ad3a9e80-f26d-4a3e-9691-17f803db5723
call next value for hibernate_sequence
call next value for hibernate_sequence;
2022-10-10 14:33:47.533  INFO 4460 --- [    Test worker] c.j.r.FavoriteSpotQueryRepositoryTest    : favoriteSpot = FavoriteSpot(id=582, count=0)
2022-10-10 14:33:47.533  INFO 4460 --- [    Test worker] c.j.r.FavoriteSpotQueryRepositoryTest    : Spot = capstone.jejuTourrecommend.domain.Spot@78366e28
2022-10-10 14:33:47.533  INFO 4460 --- [    Test worker] p6spy                                    : #1665380027533 | took 0ms | statement | connection 28| url jdbc:h2:mem:ad3a9e80-f26d-4a3e-9691-17f803db5723
call next value for hibernate_sequence
call next value for hibernate_sequence;
2022-10-10 14:33:47.533  INFO 4460 --- [    Test worker] p6spy                                    : #1665380027533 | took 0ms | statement | connection 28| url jdbc:h2:mem:ad3a9e80-f26d-4a3e-9691-17f803db5723
call next value for hibernate_sequence
call next value for hibernate_sequence;
2022-10-10 14:33:47.534  INFO 4460 --- [    Test worker] p6spy                                    : #1665380027534 | took 0ms | statement | connection 28| url jdbc:h2:mem:ad3a9e80-f26d-4a3e-9691-17f803db5723
call next value for hibernate_sequence
call next value for hibernate_sequence;
2022-10-10 14:33:47.534  INFO 4460 --- [    Test worker] p6spy                                    : #1665380027534 | took 0ms | statement | connection 28| url jdbc:h2:mem:ad3a9e80-f26d-4a3e-9691-17f803db5723
call next value for hibernate_sequence
call next value for hibernate_sequence;
2022-10-10 14:33:47.534  INFO 4460 --- [    Test worker] p6spy                                    : #1665380027534 | took 0ms | statement | connection 28| url jdbc:h2:mem:ad3a9e80-f26d-4a3e-9691-17f803db5723
call next value for hibernate_sequence
call next value for hibernate_sequence;
2022-10-10 14:33:47.534  INFO 4460 --- [    Test worker] p6spy                                    : #1665380027534 | took 0ms | statement | connection 28| url jdbc:h2:mem:ad3a9e80-f26d-4a3e-9691-17f803db5723
call next value for hibernate_sequence
call next value for hibernate_sequence;
2022-10-10 14:33:47.534  INFO 4460 --- [    Test worker] p6spy                                    : #1665380027534 | took 0ms | statement | connection 28| url jdbc:h2:mem:ad3a9e80-f26d-4a3e-9691-17f803db5723
call next value for hibernate_sequence
call next value for hibernate_sequence;
2022-10-10 14:33:47.534  INFO 4460 --- [    Test worker] p6spy                                    : #1665380027534 | took 0ms | statement | connection 28| url jdbc:h2:mem:ad3a9e80-f26d-4a3e-9691-17f803db5723
call next value for hibernate_sequence
call next value for hibernate_sequence;
2022-10-10 14:33:47.534  INFO 4460 --- [    Test worker] c.j.r.FavoriteSpotQueryRepositoryTest    : favoriteSpot = FavoriteSpot(id=583, count=0)
2022-10-10 14:33:47.534  INFO 4460 --- [    Test worker] c.j.r.FavoriteSpotQueryRepositoryTest    : Spot = capstone.jejuTourrecommend.domain.Spot@76405c4e
2022-10-10 14:33:47.534  INFO 4460 --- [    Test worker] p6spy                                    : #1665380027534 | took 0ms | statement | connection 28| url jdbc:h2:mem:ad3a9e80-f26d-4a3e-9691-17f803db5723
call next value for hibernate_sequence
call next value for hibernate_sequence;
2022-10-10 14:33:47.534  INFO 4460 --- [    Test worker] p6spy                                    : #1665380027534 | took 0ms | statement | connection 28| url jdbc:h2:mem:ad3a9e80-f26d-4a3e-9691-17f803db5723
call next value for hibernate_sequence
call next value for hibernate_sequence;
2022-10-10 14:33:47.534  INFO 4460 --- [    Test worker] p6spy                                    : #1665380027534 | took 0ms | statement | connection 28| url jdbc:h2:mem:ad3a9e80-f26d-4a3e-9691-17f803db5723
call next value for hibernate_sequence
call next value for hibernate_sequence;
2022-10-10 14:33:47.534  INFO 4460 --- [    Test worker] p6spy                                    : #1665380027534 | took 0ms | statement | connection 28| url jdbc:h2:mem:ad3a9e80-f26d-4a3e-9691-17f803db5723
call next value for hibernate_sequence
call next value for hibernate_sequence;
2022-10-10 14:33:47.534  INFO 4460 --- [    Test worker] p6spy                                    : #1665380027534 | took 0ms | statement | connection 28| url jdbc:h2:mem:ad3a9e80-f26d-4a3e-9691-17f803db5723
call next value for hibernate_sequence
call next value for hibernate_sequence;
2022-10-10 14:33:47.534  INFO 4460 --- [    Test worker] p6spy                                    : #1665380027534 | took 0ms | statement | connection 28| url jdbc:h2:mem:ad3a9e80-f26d-4a3e-9691-17f803db5723
call next value for hibernate_sequence
call next value for hibernate_sequence;
2022-10-10 14:33:47.534  INFO 4460 --- [    Test worker] p6spy                                    : #1665380027534 | took 0ms | statement | connection 28| url jdbc:h2:mem:ad3a9e80-f26d-4a3e-9691-17f803db5723
call next value for hibernate_sequence
call next value for hibernate_sequence;
2022-10-10 14:33:47.534  INFO 4460 --- [    Test worker] p6spy                                    : #1665380027534 | took 0ms | statement | connection 28| url jdbc:h2:mem:ad3a9e80-f26d-4a3e-9691-17f803db5723
call next value for hibernate_sequence
call next value for hibernate_sequence;
2022-10-10 14:33:47.534  INFO 4460 --- [    Test worker] c.j.r.FavoriteSpotQueryRepositoryTest    : favoriteSpot = FavoriteSpot(id=584, count=0)
2022-10-10 14:33:47.534  INFO 4460 --- [    Test worker] c.j.r.FavoriteSpotQueryRepositoryTest    : Spot = capstone.jejuTourrecommend.domain.Spot@40e4f183
2022-10-10 14:33:47.534  INFO 4460 --- [    Test worker] p6spy                                    : #1665380027534 | took 0ms | statement | connection 28| url jdbc:h2:mem:ad3a9e80-f26d-4a3e-9691-17f803db5723
call next value for hibernate_sequence
call next value for hibernate_sequence;
2022-10-10 14:33:47.534  INFO 4460 --- [    Test worker] p6spy                                    : #1665380027534 | took 0ms | statement | connection 28| url jdbc:h2:mem:ad3a9e80-f26d-4a3e-9691-17f803db5723
call next value for hibernate_sequence
call next value for hibernate_sequence;
2022-10-10 14:33:47.534  INFO 4460 --- [    Test worker] p6spy                                    : #1665380027534 | took 0ms | statement | connection 28| url jdbc:h2:mem:ad3a9e80-f26d-4a3e-9691-17f803db5723
call next value for hibernate_sequence
call next value for hibernate_sequence;
2022-10-10 14:33:47.534  INFO 4460 --- [    Test worker] p6spy                                    : #1665380027534 | took 0ms | statement | connection 28| url jdbc:h2:mem:ad3a9e80-f26d-4a3e-9691-17f803db5723
call next value for hibernate_sequence
call next value for hibernate_sequence;
2022-10-10 14:33:47.534  INFO 4460 --- [    Test worker] p6spy                                    : #1665380027534 | took 0ms | statement | connection 28| url jdbc:h2:mem:ad3a9e80-f26d-4a3e-9691-17f803db5723
call next value for hibernate_sequence
call next value for hibernate_sequence;
2022-10-10 14:33:47.534  INFO 4460 --- [    Test worker] p6spy                                    : #1665380027534 | took 0ms | statement | connection 28| url jdbc:h2:mem:ad3a9e80-f26d-4a3e-9691-17f803db5723
call next value for hibernate_sequence
call next value for hibernate_sequence;
2022-10-10 14:33:47.534  INFO 4460 --- [    Test worker] p6spy                                    : #1665380027534 | took 0ms | statement | connection 28| url jdbc:h2:mem:ad3a9e80-f26d-4a3e-9691-17f803db5723
call next value for hibernate_sequence
call next value for hibernate_sequence;
2022-10-10 14:33:47.534  INFO 4460 --- [    Test worker] p6spy                                    : #1665380027534 | took 0ms | statement | connection 28| url jdbc:h2:mem:ad3a9e80-f26d-4a3e-9691-17f803db5723
call next value for hibernate_sequence
call next value for hibernate_sequence;
2022-10-10 14:33:47.534  INFO 4460 --- [    Test worker] c.j.r.FavoriteSpotQueryRepositoryTest    : favoriteSpot = FavoriteSpot(id=585, count=0)
2022-10-10 14:33:47.534  INFO 4460 --- [    Test worker] c.j.r.FavoriteSpotQueryRepositoryTest    : Spot = capstone.jejuTourrecommend.domain.Spot@1c0ba5cf
2022-10-10 14:33:47.534  INFO 4460 --- [    Test worker] p6spy                                    : #1665380027534 | took 0ms | statement | connection 28| url jdbc:h2:mem:ad3a9e80-f26d-4a3e-9691-17f803db5723
call next value for hibernate_sequence
call next value for hibernate_sequence;
2022-10-10 14:33:47.534  INFO 4460 --- [    Test worker] p6spy                                    : #1665380027534 | took 0ms | statement | connection 28| url jdbc:h2:mem:ad3a9e80-f26d-4a3e-9691-17f803db5723
call next value for hibernate_sequence
call next value for hibernate_sequence;
2022-10-10 14:33:47.534  INFO 4460 --- [    Test worker] p6spy                                    : #1665380027534 | took 0ms | statement | connection 28| url jdbc:h2:mem:ad3a9e80-f26d-4a3e-9691-17f803db5723
call next value for hibernate_sequence
call next value for hibernate_sequence;
2022-10-10 14:33:47.535  INFO 4460 --- [    Test worker] p6spy                                    : #1665380027535 | took 0ms | statement | connection 28| url jdbc:h2:mem:ad3a9e80-f26d-4a3e-9691-17f803db5723
call next value for hibernate_sequence
call next value for hibernate_sequence;
2022-10-10 14:33:47.535  INFO 4460 --- [    Test worker] p6spy                                    : #1665380027535 | took 0ms | statement | connection 28| url jdbc:h2:mem:ad3a9e80-f26d-4a3e-9691-17f803db5723
call next value for hibernate_sequence
call next value for hibernate_sequence;
2022-10-10 14:33:47.535  INFO 4460 --- [    Test worker] p6spy                                    : #1665380027535 | took 0ms | statement | connection 28| url jdbc:h2:mem:ad3a9e80-f26d-4a3e-9691-17f803db5723
call next value for hibernate_sequence
call next value for hibernate_sequence;
2022-10-10 14:33:47.535  INFO 4460 --- [    Test worker] p6spy                                    : #1665380027535 | took 0ms | statement | connection 28| url jdbc:h2:mem:ad3a9e80-f26d-4a3e-9691-17f803db5723
call next value for hibernate_sequence
call next value for hibernate_sequence;
2022-10-10 14:33:47.535  INFO 4460 --- [    Test worker] p6spy                                    : #1665380027535 | took 0ms | statement | connection 28| url jdbc:h2:mem:ad3a9e80-f26d-4a3e-9691-17f803db5723
call next value for hibernate_sequence
call next value for hibernate_sequence;
2022-10-10 14:33:47.535  INFO 4460 --- [    Test worker] c.j.r.FavoriteSpotQueryRepositoryTest    : favoriteSpot = FavoriteSpot(id=586, count=0)
2022-10-10 14:33:47.535  INFO 4460 --- [    Test worker] c.j.r.FavoriteSpotQueryRepositoryTest    : Spot = capstone.jejuTourrecommend.domain.Spot@310d92cf
2022-10-10 14:33:47.535  INFO 4460 --- [    Test worker] p6spy                                    : #1665380027535 | took 0ms | statement | connection 28| url jdbc:h2:mem:ad3a9e80-f26d-4a3e-9691-17f803db5723
call next value for hibernate_sequence
call next value for hibernate_sequence;
2022-10-10 14:33:47.535  INFO 4460 --- [    Test worker] p6spy                                    : #1665380027535 | took 0ms | statement | connection 28| url jdbc:h2:mem:ad3a9e80-f26d-4a3e-9691-17f803db5723
call next value for hibernate_sequence
call next value for hibernate_sequence;
2022-10-10 14:33:47.535  INFO 4460 --- [    Test worker] p6spy                                    : #1665380027535 | took 0ms | statement | connection 28| url jdbc:h2:mem:ad3a9e80-f26d-4a3e-9691-17f803db5723
call next value for hibernate_sequence
call next value for hibernate_sequence;
2022-10-10 14:33:47.535  INFO 4460 --- [    Test worker] p6spy                                    : #1665380027535 | took 0ms | statement | connection 28| url jdbc:h2:mem:ad3a9e80-f26d-4a3e-9691-17f803db5723
call next value for hibernate_sequence
call next value for hibernate_sequence;
2022-10-10 14:33:47.535  INFO 4460 --- [    Test worker] p6spy                                    : #1665380027535 | took 0ms | statement | connection 28| url jdbc:h2:mem:ad3a9e80-f26d-4a3e-9691-17f803db5723
call next value for hibernate_sequence
call next value for hibernate_sequence;
2022-10-10 14:33:47.535  INFO 4460 --- [    Test worker] p6spy                                    : #1665380027535 | took 0ms | statement | connection 28| url jdbc:h2:mem:ad3a9e80-f26d-4a3e-9691-17f803db5723
call next value for hibernate_sequence
call next value for hibernate_sequence;
2022-10-10 14:33:47.535  INFO 4460 --- [    Test worker] p6spy                                    : #1665380027535 | took 0ms | statement | connection 28| url jdbc:h2:mem:ad3a9e80-f26d-4a3e-9691-17f803db5723
call next value for hibernate_sequence
call next value for hibernate_sequence;
2022-10-10 14:33:47.535  INFO 4460 --- [    Test worker] p6spy                                    : #1665380027535 | took 0ms | statement | connection 28| url jdbc:h2:mem:ad3a9e80-f26d-4a3e-9691-17f803db5723
call next value for hibernate_sequence
call next value for hibernate_sequence;
2022-10-10 14:33:47.535  INFO 4460 --- [    Test worker] c.j.r.FavoriteSpotQueryRepositoryTest    : favoriteSpot = FavoriteSpot(id=587, count=0)
2022-10-10 14:33:47.535  INFO 4460 --- [    Test worker] c.j.r.FavoriteSpotQueryRepositoryTest    : Spot = capstone.jejuTourrecommend.domain.Spot@22f179d
2022-10-10 14:33:47.535  INFO 4460 --- [    Test worker] p6spy                                    : #1665380027535 | took 0ms | statement | connection 28| url jdbc:h2:mem:ad3a9e80-f26d-4a3e-9691-17f803db5723
call next value for hibernate_sequence
call next value for hibernate_sequence;
2022-10-10 14:33:47.535  INFO 4460 --- [    Test worker] p6spy                                    : #1665380027535 | took 0ms | statement | connection 28| url jdbc:h2:mem:ad3a9e80-f26d-4a3e-9691-17f803db5723
call next value for hibernate_sequence
call next value for hibernate_sequence;
2022-10-10 14:33:47.535  INFO 4460 --- [    Test worker] p6spy                                    : #1665380027535 | took 0ms | statement | connection 28| url jdbc:h2:mem:ad3a9e80-f26d-4a3e-9691-17f803db5723
call next value for hibernate_sequence
call next value for hibernate_sequence;
2022-10-10 14:33:47.535  INFO 4460 --- [    Test worker] p6spy                                    : #1665380027535 | took 0ms | statement | connection 28| url jdbc:h2:mem:ad3a9e80-f26d-4a3e-9691-17f803db5723
call next value for hibernate_sequence
call next value for hibernate_sequence;
2022-10-10 14:33:47.535  INFO 4460 --- [    Test worker] p6spy                                    : #1665380027535 | took 0ms | statement | connection 28| url jdbc:h2:mem:ad3a9e80-f26d-4a3e-9691-17f803db5723
call next value for hibernate_sequence
call next value for hibernate_sequence;
2022-10-10 14:33:47.535  INFO 4460 --- [    Test worker] p6spy                                    : #1665380027535 | took 0ms | statement | connection 28| url jdbc:h2:mem:ad3a9e80-f26d-4a3e-9691-17f803db5723
call next value for hibernate_sequence
call next value for hibernate_sequence;
2022-10-10 14:33:47.535  INFO 4460 --- [    Test worker] p6spy                                    : #1665380027535 | took 0ms | statement | connection 28| url jdbc:h2:mem:ad3a9e80-f26d-4a3e-9691-17f803db5723
call next value for hibernate_sequence
call next value for hibernate_sequence;
2022-10-10 14:33:47.535  INFO 4460 --- [    Test worker] p6spy                                    : #1665380027535 | took 0ms | statement | connection 28| url jdbc:h2:mem:ad3a9e80-f26d-4a3e-9691-17f803db5723
call next value for hibernate_sequence
call next value for hibernate_sequence;
2022-10-10 14:33:47.535  INFO 4460 --- [    Test worker] c.j.r.FavoriteSpotQueryRepositoryTest    : favoriteSpot = FavoriteSpot(id=588, count=0)
2022-10-10 14:33:47.535  INFO 4460 --- [    Test worker] c.j.r.FavoriteSpotQueryRepositoryTest    : Spot = capstone.jejuTourrecommend.domain.Spot@50730206
2022-10-10 14:33:47.535  INFO 4460 --- [    Test worker] p6spy                                    : #1665380027535 | took 0ms | statement | connection 28| url jdbc:h2:mem:ad3a9e80-f26d-4a3e-9691-17f803db5723
call next value for hibernate_sequence
call next value for hibernate_sequence;
2022-10-10 14:33:47.535  INFO 4460 --- [    Test worker] p6spy                                    : #1665380027535 | took 0ms | statement | connection 28| url jdbc:h2:mem:ad3a9e80-f26d-4a3e-9691-17f803db5723
call next value for hibernate_sequence
call next value for hibernate_sequence;
2022-10-10 14:33:47.535  INFO 4460 --- [    Test worker] p6spy                                    : #1665380027535 | took 0ms | statement | connection 28| url jdbc:h2:mem:ad3a9e80-f26d-4a3e-9691-17f803db5723
call next value for hibernate_sequence
call next value for hibernate_sequence;
2022-10-10 14:33:47.535  INFO 4460 --- [    Test worker] p6spy                                    : #1665380027535 | took 0ms | statement | connection 28| url jdbc:h2:mem:ad3a9e80-f26d-4a3e-9691-17f803db5723
call next value for hibernate_sequence
call next value for hibernate_sequence;
2022-10-10 14:33:47.535  INFO 4460 --- [    Test worker] p6spy                                    : #1665380027535 | took 0ms | statement | connection 28| url jdbc:h2:mem:ad3a9e80-f26d-4a3e-9691-17f803db5723
call next value for hibernate_sequence
call next value for hibernate_sequence;
2022-10-10 14:33:47.535  INFO 4460 --- [    Test worker] p6spy                                    : #1665380027535 | took 0ms | statement | connection 28| url jdbc:h2:mem:ad3a9e80-f26d-4a3e-9691-17f803db5723
call next value for hibernate_sequence
call next value for hibernate_sequence;
2022-10-10 14:33:47.535  INFO 4460 --- [    Test worker] p6spy                                    : #1665380027535 | took 0ms | statement | connection 28| url jdbc:h2:mem:ad3a9e80-f26d-4a3e-9691-17f803db5723
call next value for hibernate_sequence
call next value for hibernate_sequence;
2022-10-10 14:33:47.535  INFO 4460 --- [    Test worker] p6spy                                    : #1665380027535 | took 0ms | statement | connection 28| url jdbc:h2:mem:ad3a9e80-f26d-4a3e-9691-17f803db5723
call next value for hibernate_sequence
call next value for hibernate_sequence;
2022-10-10 14:33:47.535  INFO 4460 --- [    Test worker] c.j.r.FavoriteSpotQueryRepositoryTest    : favoriteSpot = FavoriteSpot(id=589, count=0)
2022-10-10 14:33:47.535  INFO 4460 --- [    Test worker] c.j.r.FavoriteSpotQueryRepositoryTest    : Spot = capstone.jejuTourrecommend.domain.Spot@6a8ad259
2022-10-10 14:33:47.535  INFO 4460 --- [    Test worker] p6spy                                    : #1665380027535 | took 0ms | statement | connection 28| url jdbc:h2:mem:ad3a9e80-f26d-4a3e-9691-17f803db5723
call next value for hibernate_sequence
call next value for hibernate_sequence;
2022-10-10 14:33:47.535  INFO 4460 --- [    Test worker] p6spy                                    : #1665380027535 | took 0ms | statement | connection 28| url jdbc:h2:mem:ad3a9e80-f26d-4a3e-9691-17f803db5723
call next value for hibernate_sequence
call next value for hibernate_sequence;
2022-10-10 14:33:47.535  INFO 4460 --- [    Test worker] p6spy                                    : #1665380027535 | took 0ms | statement | connection 28| url jdbc:h2:mem:ad3a9e80-f26d-4a3e-9691-17f803db5723
call next value for hibernate_sequence
call next value for hibernate_sequence;
2022-10-10 14:33:47.535  INFO 4460 --- [    Test worker] p6spy                                    : #1665380027535 | took 0ms | statement | connection 28| url jdbc:h2:mem:ad3a9e80-f26d-4a3e-9691-17f803db5723
call next value for hibernate_sequence
call next value for hibernate_sequence;
2022-10-10 14:33:47.536  INFO 4460 --- [    Test worker] p6spy                                    : #1665380027536 | took 0ms | statement | connection 28| url jdbc:h2:mem:ad3a9e80-f26d-4a3e-9691-17f803db5723
call next value for hibernate_sequence
call next value for hibernate_sequence;
2022-10-10 14:33:47.536  INFO 4460 --- [    Test worker] p6spy                                    : #1665380027536 | took 0ms | statement | connection 28| url jdbc:h2:mem:ad3a9e80-f26d-4a3e-9691-17f803db5723
call next value for hibernate_sequence
call next value for hibernate_sequence;
2022-10-10 14:33:47.536  INFO 4460 --- [    Test worker] p6spy                                    : #1665380027536 | took 0ms | statement | connection 28| url jdbc:h2:mem:ad3a9e80-f26d-4a3e-9691-17f803db5723
call next value for hibernate_sequence
call next value for hibernate_sequence;
2022-10-10 14:33:47.536  INFO 4460 --- [    Test worker] p6spy                                    : #1665380027536 | took 0ms | statement | connection 28| url jdbc:h2:mem:ad3a9e80-f26d-4a3e-9691-17f803db5723
call next value for hibernate_sequence
call next value for hibernate_sequence;
2022-10-10 14:33:47.536  INFO 4460 --- [    Test worker] c.j.r.FavoriteSpotQueryRepositoryTest    : favoriteSpot = FavoriteSpot(id=590, count=0)
2022-10-10 14:33:47.536  INFO 4460 --- [    Test worker] c.j.r.FavoriteSpotQueryRepositoryTest    : Spot = capstone.jejuTourrecommend.domain.Spot@5c4f443c
2022-10-10 14:33:47.536  INFO 4460 --- [    Test worker] p6spy                                    : #1665380027536 | took 0ms | statement | connection 28| url jdbc:h2:mem:ad3a9e80-f26d-4a3e-9691-17f803db5723
call next value for hibernate_sequence
call next value for hibernate_sequence;
2022-10-10 14:33:47.536  INFO 4460 --- [    Test worker] p6spy                                    : #1665380027536 | took 0ms | statement | connection 28| url jdbc:h2:mem:ad3a9e80-f26d-4a3e-9691-17f803db5723
call next value for hibernate_sequence
call next value for hibernate_sequence;
2022-10-10 14:33:47.536  INFO 4460 --- [    Test worker] p6spy                                    : #1665380027536 | took 0ms | statement | connection 28| url jdbc:h2:mem:ad3a9e80-f26d-4a3e-9691-17f803db5723
call next value for hibernate_sequence
call next value for hibernate_sequence;
2022-10-10 14:33:47.536  INFO 4460 --- [    Test worker] p6spy                                    : #1665380027536 | took 0ms | statement | connection 28| url jdbc:h2:mem:ad3a9e80-f26d-4a3e-9691-17f803db5723
call next value for hibernate_sequence
call next value for hibernate_sequence;
2022-10-10 14:33:47.536  INFO 4460 --- [    Test worker] p6spy                                    : #1665380027536 | took 0ms | statement | connection 28| url jdbc:h2:mem:ad3a9e80-f26d-4a3e-9691-17f803db5723
call next value for hibernate_sequence
call next value for hibernate_sequence;
2022-10-10 14:33:47.536  INFO 4460 --- [    Test worker] p6spy                                    : #1665380027536 | took 0ms | statement | connection 28| url jdbc:h2:mem:ad3a9e80-f26d-4a3e-9691-17f803db5723
call next value for hibernate_sequence
call next value for hibernate_sequence;
2022-10-10 14:33:47.536  INFO 4460 --- [    Test worker] p6spy                                    : #1665380027536 | took 0ms | statement | connection 28| url jdbc:h2:mem:ad3a9e80-f26d-4a3e-9691-17f803db5723
call next value for hibernate_sequence
call next value for hibernate_sequence;
2022-10-10 14:33:47.536  INFO 4460 --- [    Test worker] p6spy                                    : #1665380027536 | took 0ms | statement | connection 28| url jdbc:h2:mem:ad3a9e80-f26d-4a3e-9691-17f803db5723
call next value for hibernate_sequence
call next value for hibernate_sequence;
2022-10-10 14:33:47.536  INFO 4460 --- [    Test worker] c.j.r.FavoriteSpotQueryRepositoryTest    : favoriteSpot = FavoriteSpot(id=591, count=0)
2022-10-10 14:33:47.536  INFO 4460 --- [    Test worker] c.j.r.FavoriteSpotQueryRepositoryTest    : Spot = capstone.jejuTourrecommend.domain.Spot@3ba8692d
2022-10-10 14:33:47.536  INFO 4460 --- [    Test worker] p6spy                                    : #1665380027536 | took 0ms | statement | connection 28| url jdbc:h2:mem:ad3a9e80-f26d-4a3e-9691-17f803db5723
call next value for hibernate_sequence
call next value for hibernate_sequence;
2022-10-10 14:33:47.536  INFO 4460 --- [    Test worker] p6spy                                    : #1665380027536 | took 0ms | statement | connection 28| url jdbc:h2:mem:ad3a9e80-f26d-4a3e-9691-17f803db5723
call next value for hibernate_sequence
call next value for hibernate_sequence;
2022-10-10 14:33:47.536  INFO 4460 --- [    Test worker] p6spy                                    : #1665380027536 | took 0ms | statement | connection 28| url jdbc:h2:mem:ad3a9e80-f26d-4a3e-9691-17f803db5723
call next value for hibernate_sequence
call next value for hibernate_sequence;
2022-10-10 14:33:47.536  INFO 4460 --- [    Test worker] p6spy                                    : #1665380027536 | took 0ms | statement | connection 28| url jdbc:h2:mem:ad3a9e80-f26d-4a3e-9691-17f803db5723
call next value for hibernate_sequence
call next value for hibernate_sequence;
2022-10-10 14:33:47.536  INFO 4460 --- [    Test worker] p6spy                                    : #1665380027536 | took 0ms | statement | connection 28| url jdbc:h2:mem:ad3a9e80-f26d-4a3e-9691-17f803db5723
call next value for hibernate_sequence
call next value for hibernate_sequence;
2022-10-10 14:33:47.536  INFO 4460 --- [    Test worker] p6spy                                    : #1665380027536 | took 0ms | statement | connection 28| url jdbc:h2:mem:ad3a9e80-f26d-4a3e-9691-17f803db5723
call next value for hibernate_sequence
call next value for hibernate_sequence;
2022-10-10 14:33:47.536  INFO 4460 --- [    Test worker] p6spy                                    : #1665380027536 | took 0ms | statement | connection 28| url jdbc:h2:mem:ad3a9e80-f26d-4a3e-9691-17f803db5723
call next value for hibernate_sequence
call next value for hibernate_sequence;
2022-10-10 14:33:47.536  INFO 4460 --- [    Test worker] p6spy                                    : #1665380027536 | took 0ms | statement | connection 28| url jdbc:h2:mem:ad3a9e80-f26d-4a3e-9691-17f803db5723
call next value for hibernate_sequence
call next value for hibernate_sequence;
2022-10-10 14:33:47.536  INFO 4460 --- [    Test worker] c.j.r.FavoriteSpotQueryRepositoryTest    : favoriteSpot = FavoriteSpot(id=592, count=0)
2022-10-10 14:33:47.536  INFO 4460 --- [    Test worker] c.j.r.FavoriteSpotQueryRepositoryTest    : Spot = capstone.jejuTourrecommend.domain.Spot@12ff28ba
2022-10-10 14:33:47.536  INFO 4460 --- [    Test worker] p6spy                                    : #1665380027536 | took 0ms | statement | connection 28| url jdbc:h2:mem:ad3a9e80-f26d-4a3e-9691-17f803db5723
call next value for hibernate_sequence
call next value for hibernate_sequence;
2022-10-10 14:33:47.536  INFO 4460 --- [    Test worker] p6spy                                    : #1665380027536 | took 0ms | statement | connection 28| url jdbc:h2:mem:ad3a9e80-f26d-4a3e-9691-17f803db5723
call next value for hibernate_sequence
call next value for hibernate_sequence;
2022-10-10 14:33:47.536  INFO 4460 --- [    Test worker] p6spy                                    : #1665380027536 | took 0ms | statement | connection 28| url jdbc:h2:mem:ad3a9e80-f26d-4a3e-9691-17f803db5723
call next value for hibernate_sequence
call next value for hibernate_sequence;
2022-10-10 14:33:47.536  INFO 4460 --- [    Test worker] p6spy                                    : #1665380027536 | took 0ms | statement | connection 28| url jdbc:h2:mem:ad3a9e80-f26d-4a3e-9691-17f803db5723
call next value for hibernate_sequence
call next value for hibernate_sequence;
2022-10-10 14:33:47.536  INFO 4460 --- [    Test worker] p6spy                                    : #1665380027536 | took 0ms | statement | connection 28| url jdbc:h2:mem:ad3a9e80-f26d-4a3e-9691-17f803db5723
call next value for hibernate_sequence
call next value for hibernate_sequence;
2022-10-10 14:33:47.537  INFO 4460 --- [    Test worker] p6spy                                    : #1665380027537 | took 0ms | statement | connection 28| url jdbc:h2:mem:ad3a9e80-f26d-4a3e-9691-17f803db5723
call next value for hibernate_sequence
call next value for hibernate_sequence;
2022-10-10 14:33:47.537  INFO 4460 --- [    Test worker] p6spy                                    : #1665380027537 | took 0ms | statement | connection 28| url jdbc:h2:mem:ad3a9e80-f26d-4a3e-9691-17f803db5723
call next value for hibernate_sequence
call next value for hibernate_sequence;
2022-10-10 14:33:47.537  INFO 4460 --- [    Test worker] p6spy                                    : #1665380027537 | took 0ms | statement | connection 28| url jdbc:h2:mem:ad3a9e80-f26d-4a3e-9691-17f803db5723
call next value for hibernate_sequence
call next value for hibernate_sequence;
2022-10-10 14:33:47.537  INFO 4460 --- [    Test worker] c.j.r.FavoriteSpotQueryRepositoryTest    : favoriteSpot = FavoriteSpot(id=593, count=0)
2022-10-10 14:33:47.537  INFO 4460 --- [    Test worker] c.j.r.FavoriteSpotQueryRepositoryTest    : Spot = capstone.jejuTourrecommend.domain.Spot@53028916
2022-10-10 14:33:47.537  INFO 4460 --- [    Test worker] p6spy                                    : #1665380027537 | took 0ms | statement | connection 28| url jdbc:h2:mem:ad3a9e80-f26d-4a3e-9691-17f803db5723
call next value for hibernate_sequence
call next value for hibernate_sequence;
2022-10-10 14:33:47.537  INFO 4460 --- [    Test worker] p6spy                                    : #1665380027537 | took 0ms | statement | connection 28| url jdbc:h2:mem:ad3a9e80-f26d-4a3e-9691-17f803db5723
call next value for hibernate_sequence
call next value for hibernate_sequence;
2022-10-10 14:33:47.537  INFO 4460 --- [    Test worker] p6spy                                    : #1665380027537 | took 0ms | statement | connection 28| url jdbc:h2:mem:ad3a9e80-f26d-4a3e-9691-17f803db5723
call next value for hibernate_sequence
call next value for hibernate_sequence;
2022-10-10 14:33:47.537  INFO 4460 --- [    Test worker] p6spy                                    : #1665380027537 | took 0ms | statement | connection 28| url jdbc:h2:mem:ad3a9e80-f26d-4a3e-9691-17f803db5723
call next value for hibernate_sequence
call next value for hibernate_sequence;
2022-10-10 14:33:47.537  INFO 4460 --- [    Test worker] p6spy                                    : #1665380027537 | took 0ms | statement | connection 28| url jdbc:h2:mem:ad3a9e80-f26d-4a3e-9691-17f803db5723
call next value for hibernate_sequence
call next value for hibernate_sequence;
2022-10-10 14:33:47.537  INFO 4460 --- [    Test worker] p6spy                                    : #1665380027537 | took 0ms | statement | connection 28| url jdbc:h2:mem:ad3a9e80-f26d-4a3e-9691-17f803db5723
call next value for hibernate_sequence
call next value for hibernate_sequence;
2022-10-10 14:33:47.537  INFO 4460 --- [    Test worker] p6spy                                    : #1665380027537 | took 0ms | statement | connection 28| url jdbc:h2:mem:ad3a9e80-f26d-4a3e-9691-17f803db5723
call next value for hibernate_sequence
call next value for hibernate_sequence;
2022-10-10 14:33:47.537  INFO 4460 --- [    Test worker] p6spy                                    : #1665380027537 | took 0ms | statement | connection 28| url jdbc:h2:mem:ad3a9e80-f26d-4a3e-9691-17f803db5723
call next value for hibernate_sequence
call next value for hibernate_sequence;
2022-10-10 14:33:47.537  INFO 4460 --- [    Test worker] c.j.r.FavoriteSpotQueryRepositoryTest    : favoriteSpot = FavoriteSpot(id=594, count=0)
2022-10-10 14:33:47.537  INFO 4460 --- [    Test worker] c.j.r.FavoriteSpotQueryRepositoryTest    : Spot = capstone.jejuTourrecommend.domain.Spot@1695e64b
2022-10-10 14:33:47.537  INFO 4460 --- [    Test worker] p6spy                                    : #1665380027537 | took 0ms | statement | connection 28| url jdbc:h2:mem:ad3a9e80-f26d-4a3e-9691-17f803db5723
call next value for hibernate_sequence
call next value for hibernate_sequence;
2022-10-10 14:33:47.537  INFO 4460 --- [    Test worker] p6spy                                    : #1665380027537 | took 0ms | statement | connection 28| url jdbc:h2:mem:ad3a9e80-f26d-4a3e-9691-17f803db5723
call next value for hibernate_sequence
call next value for hibernate_sequence;
2022-10-10 14:33:47.537  INFO 4460 --- [    Test worker] p6spy                                    : #1665380027537 | took 0ms | statement | connection 28| url jdbc:h2:mem:ad3a9e80-f26d-4a3e-9691-17f803db5723
call next value for hibernate_sequence
call next value for hibernate_sequence;
2022-10-10 14:33:47.537  INFO 4460 --- [    Test worker] p6spy                                    : #1665380027537 | took 0ms | statement | connection 28| url jdbc:h2:mem:ad3a9e80-f26d-4a3e-9691-17f803db5723
call next value for spot_seq
call next value for spot_seq;
2022-10-10 14:33:47.537  INFO 4460 --- [    Test worker] p6spy                                    : #1665380027537 | took 0ms | statement | connection 28| url jdbc:h2:mem:ad3a9e80-f26d-4a3e-9691-17f803db5723
call next value for hibernate_sequence
call next value for hibernate_sequence;
2022-10-10 14:33:47.537  INFO 4460 --- [    Test worker] p6spy                                    : #1665380027537 | took 0ms | statement | connection 28| url jdbc:h2:mem:ad3a9e80-f26d-4a3e-9691-17f803db5723
call next value for hibernate_sequence
call next value for hibernate_sequence;
2022-10-10 14:33:47.537  INFO 4460 --- [    Test worker] p6spy                                    : #1665380027537 | took 0ms | statement | connection 28| url jdbc:h2:mem:ad3a9e80-f26d-4a3e-9691-17f803db5723
call next value for hibernate_sequence
call next value for hibernate_sequence;
2022-10-10 14:33:47.537  INFO 4460 --- [    Test worker] p6spy                                    : #1665380027537 | took 0ms | statement | connection 28| url jdbc:h2:mem:ad3a9e80-f26d-4a3e-9691-17f803db5723
call next value for hibernate_sequence
call next value for hibernate_sequence;
2022-10-10 14:33:47.537  INFO 4460 --- [    Test worker] p6spy                                    : #1665380027537 | took 0ms | statement | connection 28| url jdbc:h2:mem:ad3a9e80-f26d-4a3e-9691-17f803db5723
call next value for hibernate_sequence
call next value for hibernate_sequence;
2022-10-10 14:33:47.537  INFO 4460 --- [    Test worker] c.j.r.FavoriteSpotQueryRepositoryTest    : favoriteSpot = FavoriteSpot(id=595, count=0)
2022-10-10 14:33:47.537  INFO 4460 --- [    Test worker] c.j.r.FavoriteSpotQueryRepositoryTest    : Spot = capstone.jejuTourrecommend.domain.Spot@2b327f1c
2022-10-10 14:33:47.537  INFO 4460 --- [    Test worker] p6spy                                    : #1665380027537 | took 0ms | statement | connection 28| url jdbc:h2:mem:ad3a9e80-f26d-4a3e-9691-17f803db5723
call next value for hibernate_sequence
call next value for hibernate_sequence;
2022-10-10 14:33:47.537  INFO 4460 --- [    Test worker] p6spy                                    : #1665380027537 | took 0ms | statement | connection 28| url jdbc:h2:mem:ad3a9e80-f26d-4a3e-9691-17f803db5723
call next value for hibernate_sequence
call next value for hibernate_sequence;
2022-10-10 14:33:47.537  INFO 4460 --- [    Test worker] p6spy                                    : #1665380027537 | took 0ms | statement | connection 28| url jdbc:h2:mem:ad3a9e80-f26d-4a3e-9691-17f803db5723
call next value for hibernate_sequence
call next value for hibernate_sequence;
2022-10-10 14:33:47.537  INFO 4460 --- [    Test worker] p6spy                                    : #1665380027537 | took 0ms | statement | connection 28| url jdbc:h2:mem:ad3a9e80-f26d-4a3e-9691-17f803db5723
call next value for hibernate_sequence
call next value for hibernate_sequence;
2022-10-10 14:33:47.537  INFO 4460 --- [    Test worker] p6spy                                    : #1665380027537 | took 0ms | statement | connection 28| url jdbc:h2:mem:ad3a9e80-f26d-4a3e-9691-17f803db5723
call next value for hibernate_sequence
call next value for hibernate_sequence;
2022-10-10 14:33:47.537  INFO 4460 --- [    Test worker] p6spy                                    : #1665380027537 | took 0ms | statement | connection 28| url jdbc:h2:mem:ad3a9e80-f26d-4a3e-9691-17f803db5723
call next value for hibernate_sequence
call next value for hibernate_sequence;
2022-10-10 14:33:47.537  INFO 4460 --- [    Test worker] p6spy                                    : #1665380027537 | took 0ms | statement | connection 28| url jdbc:h2:mem:ad3a9e80-f26d-4a3e-9691-17f803db5723
call next value for hibernate_sequence
call next value for hibernate_sequence;
2022-10-10 14:33:47.537  INFO 4460 --- [    Test worker] p6spy                                    : #1665380027537 | took 0ms | statement | connection 28| url jdbc:h2:mem:ad3a9e80-f26d-4a3e-9691-17f803db5723
call next value for hibernate_sequence
call next value for hibernate_sequence;
2022-10-10 14:33:47.537  INFO 4460 --- [    Test worker] c.j.r.FavoriteSpotQueryRepositoryTest    : favoriteSpot = FavoriteSpot(id=596, count=0)
2022-10-10 14:33:47.537  INFO 4460 --- [    Test worker] c.j.r.FavoriteSpotQueryRepositoryTest    : Spot = capstone.jejuTourrecommend.domain.Spot@1f24cad6
2022-10-10 14:33:47.537  INFO 4460 --- [    Test worker] p6spy                                    : #1665380027537 | took 0ms | statement | connection 28| url jdbc:h2:mem:ad3a9e80-f26d-4a3e-9691-17f803db5723
call next value for hibernate_sequence
call next value for hibernate_sequence;
2022-10-10 14:33:47.537  INFO 4460 --- [    Test worker] p6spy                                    : #1665380027537 | took 0ms | statement | connection 28| url jdbc:h2:mem:ad3a9e80-f26d-4a3e-9691-17f803db5723
call next value for hibernate_sequence
call next value for hibernate_sequence;
2022-10-10 14:33:47.537  INFO 4460 --- [    Test worker] p6spy                                    : #1665380027537 | took 0ms | statement | connection 28| url jdbc:h2:mem:ad3a9e80-f26d-4a3e-9691-17f803db5723
call next value for hibernate_sequence
call next value for hibernate_sequence;
2022-10-10 14:33:47.538  INFO 4460 --- [    Test worker] p6spy                                    : #1665380027538 | took 0ms | statement | connection 28| url jdbc:h2:mem:ad3a9e80-f26d-4a3e-9691-17f803db5723
call next value for hibernate_sequence
call next value for hibernate_sequence;
2022-10-10 14:33:47.538  INFO 4460 --- [    Test worker] p6spy                                    : #1665380027538 | took 0ms | statement | connection 28| url jdbc:h2:mem:ad3a9e80-f26d-4a3e-9691-17f803db5723
call next value for hibernate_sequence
call next value for hibernate_sequence;
2022-10-10 14:33:47.538  INFO 4460 --- [    Test worker] p6spy                                    : #1665380027538 | took 0ms | statement | connection 28| url jdbc:h2:mem:ad3a9e80-f26d-4a3e-9691-17f803db5723
call next value for hibernate_sequence
call next value for hibernate_sequence;
2022-10-10 14:33:47.538  INFO 4460 --- [    Test worker] p6spy                                    : #1665380027538 | took 0ms | statement | connection 28| url jdbc:h2:mem:ad3a9e80-f26d-4a3e-9691-17f803db5723
call next value for hibernate_sequence
call next value for hibernate_sequence;
2022-10-10 14:33:47.538  INFO 4460 --- [    Test worker] p6spy                                    : #1665380027538 | took 0ms | statement | connection 28| url jdbc:h2:mem:ad3a9e80-f26d-4a3e-9691-17f803db5723
call next value for hibernate_sequence
call next value for hibernate_sequence;
2022-10-10 14:33:47.538  INFO 4460 --- [    Test worker] c.j.r.FavoriteSpotQueryRepositoryTest    : favoriteSpot = FavoriteSpot(id=597, count=0)
2022-10-10 14:33:47.538  INFO 4460 --- [    Test worker] c.j.r.FavoriteSpotQueryRepositoryTest    : Spot = capstone.jejuTourrecommend.domain.Spot@74586649
2022-10-10 14:33:47.538  INFO 4460 --- [    Test worker] p6spy                                    : #1665380027538 | took 0ms | statement | connection 28| url jdbc:h2:mem:ad3a9e80-f26d-4a3e-9691-17f803db5723
call next value for hibernate_sequence
call next value for hibernate_sequence;
2022-10-10 14:33:47.538  INFO 4460 --- [    Test worker] p6spy                                    : #1665380027538 | took 0ms | statement | connection 28| url jdbc:h2:mem:ad3a9e80-f26d-4a3e-9691-17f803db5723
call next value for hibernate_sequence
call next value for hibernate_sequence;
2022-10-10 14:33:47.538  INFO 4460 --- [    Test worker] p6spy                                    : #1665380027538 | took 0ms | statement | connection 28| url jdbc:h2:mem:ad3a9e80-f26d-4a3e-9691-17f803db5723
call next value for hibernate_sequence
call next value for hibernate_sequence;
2022-10-10 14:33:47.538  INFO 4460 --- [    Test worker] p6spy                                    : #1665380027538 | took 0ms | statement | connection 28| url jdbc:h2:mem:ad3a9e80-f26d-4a3e-9691-17f803db5723
call next value for hibernate_sequence
call next value for hibernate_sequence;
2022-10-10 14:33:47.538  INFO 4460 --- [    Test worker] p6spy                                    : #1665380027538 | took 0ms | statement | connection 28| url jdbc:h2:mem:ad3a9e80-f26d-4a3e-9691-17f803db5723
call next value for hibernate_sequence
call next value for hibernate_sequence;
2022-10-10 14:33:47.538  INFO 4460 --- [    Test worker] p6spy                                    : #1665380027538 | took 0ms | statement | connection 28| url jdbc:h2:mem:ad3a9e80-f26d-4a3e-9691-17f803db5723
call next value for hibernate_sequence
call next value for hibernate_sequence;
2022-10-10 14:33:47.538  INFO 4460 --- [    Test worker] p6spy                                    : #1665380027538 | took 0ms | statement | connection 28| url jdbc:h2:mem:ad3a9e80-f26d-4a3e-9691-17f803db5723
call next value for hibernate_sequence
call next value for hibernate_sequence;
2022-10-10 14:33:47.538  INFO 4460 --- [    Test worker] p6spy                                    : #1665380027538 | took 0ms | statement | connection 28| url jdbc:h2:mem:ad3a9e80-f26d-4a3e-9691-17f803db5723
call next value for hibernate_sequence
call next value for hibernate_sequence;
2022-10-10 14:33:47.538  INFO 4460 --- [    Test worker] c.j.r.FavoriteSpotQueryRepositoryTest    : favoriteSpot = FavoriteSpot(id=598, count=0)
2022-10-10 14:33:47.538  INFO 4460 --- [    Test worker] c.j.r.FavoriteSpotQueryRepositoryTest    : Spot = capstone.jejuTourrecommend.domain.Spot@18937c2e
2022-10-10 14:33:47.538  INFO 4460 --- [    Test worker] p6spy                                    : #1665380027538 | took 0ms | statement | connection 28| url jdbc:h2:mem:ad3a9e80-f26d-4a3e-9691-17f803db5723
call next value for hibernate_sequence
call next value for hibernate_sequence;
2022-10-10 14:33:47.538  INFO 4460 --- [    Test worker] p6spy                                    : #1665380027538 | took 0ms | statement | connection 28| url jdbc:h2:mem:ad3a9e80-f26d-4a3e-9691-17f803db5723
call next value for hibernate_sequence
call next value for hibernate_sequence;
2022-10-10 14:33:47.538  INFO 4460 --- [    Test worker] p6spy                                    : #1665380027538 | took 0ms | statement | connection 28| url jdbc:h2:mem:ad3a9e80-f26d-4a3e-9691-17f803db5723
call next value for hibernate_sequence
call next value for hibernate_sequence;
2022-10-10 14:33:47.538  INFO 4460 --- [    Test worker] p6spy                                    : #1665380027538 | took 0ms | statement | connection 28| url jdbc:h2:mem:ad3a9e80-f26d-4a3e-9691-17f803db5723
call next value for hibernate_sequence
call next value for hibernate_sequence;
2022-10-10 14:33:47.538  INFO 4460 --- [    Test worker] p6spy                                    : #1665380027538 | took 0ms | statement | connection 28| url jdbc:h2:mem:ad3a9e80-f26d-4a3e-9691-17f803db5723
call next value for hibernate_sequence
call next value for hibernate_sequence;
2022-10-10 14:33:47.538  INFO 4460 --- [    Test worker] p6spy                                    : #1665380027538 | took 0ms | statement | connection 28| url jdbc:h2:mem:ad3a9e80-f26d-4a3e-9691-17f803db5723
call next value for hibernate_sequence
call next value for hibernate_sequence;
2022-10-10 14:33:47.538  INFO 4460 --- [    Test worker] p6spy                                    : #1665380027538 | took 0ms | statement | connection 28| url jdbc:h2:mem:ad3a9e80-f26d-4a3e-9691-17f803db5723
call next value for hibernate_sequence
call next value for hibernate_sequence;
2022-10-10 14:33:47.538  INFO 4460 --- [    Test worker] p6spy                                    : #1665380027538 | took 0ms | statement | connection 28| url jdbc:h2:mem:ad3a9e80-f26d-4a3e-9691-17f803db5723
call next value for hibernate_sequence
call next value for hibernate_sequence;
2022-10-10 14:33:47.538  INFO 4460 --- [    Test worker] c.j.r.FavoriteSpotQueryRepositoryTest    : favoriteSpot = FavoriteSpot(id=599, count=0)
2022-10-10 14:33:47.538  INFO 4460 --- [    Test worker] c.j.r.FavoriteSpotQueryRepositoryTest    : Spot = capstone.jejuTourrecommend.domain.Spot@5bc2a4cc
2022-10-10 14:33:47.538  INFO 4460 --- [    Test worker] p6spy                                    : #1665380027538 | took 0ms | statement | connection 28| url jdbc:h2:mem:ad3a9e80-f26d-4a3e-9691-17f803db5723
call next value for hibernate_sequence
call next value for hibernate_sequence;
2022-10-10 14:33:47.538  INFO 4460 --- [    Test worker] p6spy                                    : #1665380027538 | took 0ms | statement | connection 28| url jdbc:h2:mem:ad3a9e80-f26d-4a3e-9691-17f803db5723
call next value for hibernate_sequence
call next value for hibernate_sequence;
2022-10-10 14:33:47.538  INFO 4460 --- [    Test worker] p6spy                                    : #1665380027538 | took 0ms | statement | connection 28| url jdbc:h2:mem:ad3a9e80-f26d-4a3e-9691-17f803db5723
call next value for hibernate_sequence
call next value for hibernate_sequence;
2022-10-10 14:33:47.538  INFO 4460 --- [    Test worker] p6spy                                    : #1665380027538 | took 0ms | statement | connection 28| url jdbc:h2:mem:ad3a9e80-f26d-4a3e-9691-17f803db5723
call next value for hibernate_sequence
call next value for hibernate_sequence;
2022-10-10 14:33:47.538  INFO 4460 --- [    Test worker] p6spy                                    : #1665380027538 | took 0ms | statement | connection 28| url jdbc:h2:mem:ad3a9e80-f26d-4a3e-9691-17f803db5723
call next value for hibernate_sequence
call next value for hibernate_sequence;
2022-10-10 14:33:47.538  INFO 4460 --- [    Test worker] p6spy                                    : #1665380027538 | took 0ms | statement | connection 28| url jdbc:h2:mem:ad3a9e80-f26d-4a3e-9691-17f803db5723
call next value for hibernate_sequence
call next value for hibernate_sequence;
2022-10-10 14:33:47.538  INFO 4460 --- [    Test worker] p6spy                                    : #1665380027538 | took 0ms | statement | connection 28| url jdbc:h2:mem:ad3a9e80-f26d-4a3e-9691-17f803db5723
call next value for hibernate_sequence
call next value for hibernate_sequence;
2022-10-10 14:33:47.539  INFO 4460 --- [    Test worker] p6spy                                    : #1665380027539 | took 0ms | statement | connection 28| url jdbc:h2:mem:ad3a9e80-f26d-4a3e-9691-17f803db5723
call next value for hibernate_sequence
call next value for hibernate_sequence;
2022-10-10 14:33:47.539  INFO 4460 --- [    Test worker] c.j.r.FavoriteSpotQueryRepositoryTest    : favoriteSpot = FavoriteSpot(id=600, count=0)
2022-10-10 14:33:47.539  INFO 4460 --- [    Test worker] c.j.r.FavoriteSpotQueryRepositoryTest    : Spot = capstone.jejuTourrecommend.domain.Spot@7dae28ff
2022-10-10 14:33:47.539  INFO 4460 --- [    Test worker] p6spy                                    : #1665380027539 | took 0ms | statement | connection 28| url jdbc:h2:mem:ad3a9e80-f26d-4a3e-9691-17f803db5723
call next value for hibernate_sequence
call next value for hibernate_sequence;
2022-10-10 14:33:47.539  INFO 4460 --- [    Test worker] p6spy                                    : #1665380027539 | took 0ms | statement | connection 28| url jdbc:h2:mem:ad3a9e80-f26d-4a3e-9691-17f803db5723
call next value for hibernate_sequence
call next value for hibernate_sequence;
2022-10-10 14:33:47.539  INFO 4460 --- [    Test worker] p6spy                                    : #1665380027539 | took 0ms | statement | connection 28| url jdbc:h2:mem:ad3a9e80-f26d-4a3e-9691-17f803db5723
call next value for hibernate_sequence
call next value for hibernate_sequence;
2022-10-10 14:33:47.539  INFO 4460 --- [    Test worker] p6spy                                    : #1665380027539 | took 0ms | statement | connection 28| url jdbc:h2:mem:ad3a9e80-f26d-4a3e-9691-17f803db5723
call next value for hibernate_sequence
call next value for hibernate_sequence;
2022-10-10 14:33:47.539  INFO 4460 --- [    Test worker] p6spy                                    : #1665380027539 | took 0ms | statement | connection 28| url jdbc:h2:mem:ad3a9e80-f26d-4a3e-9691-17f803db5723
call next value for hibernate_sequence
call next value for hibernate_sequence;
2022-10-10 14:33:47.539  INFO 4460 --- [    Test worker] p6spy                                    : #1665380027539 | took 0ms | statement | connection 28| url jdbc:h2:mem:ad3a9e80-f26d-4a3e-9691-17f803db5723
call next value for hibernate_sequence
call next value for hibernate_sequence;
2022-10-10 14:33:47.539  INFO 4460 --- [    Test worker] p6spy                                    : #1665380027539 | took 0ms | statement | connection 28| url jdbc:h2:mem:ad3a9e80-f26d-4a3e-9691-17f803db5723
call next value for hibernate_sequence
call next value for hibernate_sequence;
2022-10-10 14:33:47.539  INFO 4460 --- [    Test worker] p6spy                                    : #1665380027539 | took 0ms | statement | connection 28| url jdbc:h2:mem:ad3a9e80-f26d-4a3e-9691-17f803db5723
call next value for hibernate_sequence
call next value for hibernate_sequence;
2022-10-10 14:33:47.539  INFO 4460 --- [    Test worker] c.j.r.FavoriteSpotQueryRepositoryTest    : favoriteSpot = FavoriteSpot(id=601, count=0)
2022-10-10 14:33:47.539  INFO 4460 --- [    Test worker] c.j.r.FavoriteSpotQueryRepositoryTest    : Spot = capstone.jejuTourrecommend.domain.Spot@2045125c
2022-10-10 14:33:47.539  INFO 4460 --- [    Test worker] p6spy                                    : #1665380027539 | took 0ms | statement | connection 28| url jdbc:h2:mem:ad3a9e80-f26d-4a3e-9691-17f803db5723
call next value for hibernate_sequence
call next value for hibernate_sequence;
2022-10-10 14:33:47.539  INFO 4460 --- [    Test worker] p6spy                                    : #1665380027539 | took 0ms | statement | connection 28| url jdbc:h2:mem:ad3a9e80-f26d-4a3e-9691-17f803db5723
call next value for hibernate_sequence
call next value for hibernate_sequence;
2022-10-10 14:33:47.539  INFO 4460 --- [    Test worker] p6spy                                    : #1665380027539 | took 0ms | statement | connection 28| url jdbc:h2:mem:ad3a9e80-f26d-4a3e-9691-17f803db5723
call next value for hibernate_sequence
call next value for hibernate_sequence;
2022-10-10 14:33:47.539  INFO 4460 --- [    Test worker] p6spy                                    : #1665380027539 | took 0ms | statement | connection 28| url jdbc:h2:mem:ad3a9e80-f26d-4a3e-9691-17f803db5723
call next value for hibernate_sequence
call next value for hibernate_sequence;
2022-10-10 14:33:47.539  INFO 4460 --- [    Test worker] p6spy                                    : #1665380027539 | took 0ms | statement | connection 28| url jdbc:h2:mem:ad3a9e80-f26d-4a3e-9691-17f803db5723
call next value for hibernate_sequence
call next value for hibernate_sequence;
2022-10-10 14:33:47.539  INFO 4460 --- [    Test worker] p6spy                                    : #1665380027539 | took 0ms | statement | connection 28| url jdbc:h2:mem:ad3a9e80-f26d-4a3e-9691-17f803db5723
call next value for hibernate_sequence
call next value for hibernate_sequence;
2022-10-10 14:33:47.539  INFO 4460 --- [    Test worker] p6spy                                    : #1665380027539 | took 0ms | statement | connection 28| url jdbc:h2:mem:ad3a9e80-f26d-4a3e-9691-17f803db5723
call next value for hibernate_sequence
call next value for hibernate_sequence;
2022-10-10 14:33:47.539  INFO 4460 --- [    Test worker] p6spy                                    : #1665380027539 | took 0ms | statement | connection 28| url jdbc:h2:mem:ad3a9e80-f26d-4a3e-9691-17f803db5723
call next value for hibernate_sequence
call next value for hibernate_sequence;
2022-10-10 14:33:47.539  INFO 4460 --- [    Test worker] p6spy                                    : #1665380027539 | took 0ms | statement | connection 28| url jdbc:h2:mem:ad3a9e80-f26d-4a3e-9691-17f803db5723
call next value for favoritespot_seq
call next value for favoritespot_seq;
2022-10-10 14:33:47.539  INFO 4460 --- [    Test worker] c.j.r.FavoriteSpotQueryRepositoryTest    : favoriteSpot = FavoriteSpot(id=602, count=0)
2022-10-10 14:33:47.539  INFO 4460 --- [    Test worker] c.j.r.FavoriteSpotQueryRepositoryTest    : Spot = capstone.jejuTourrecommend.domain.Spot@745db519
2022-10-10 14:33:47.539  INFO 4460 --- [    Test worker] p6spy                                    : #1665380027539 | took 0ms | statement | connection 28| url jdbc:h2:mem:ad3a9e80-f26d-4a3e-9691-17f803db5723
call next value for hibernate_sequence
call next value for hibernate_sequence;
2022-10-10 14:33:47.539  INFO 4460 --- [    Test worker] p6spy                                    : #1665380027539 | took 0ms | statement | connection 28| url jdbc:h2:mem:ad3a9e80-f26d-4a3e-9691-17f803db5723
call next value for hibernate_sequence
call next value for hibernate_sequence;
2022-10-10 14:33:47.539  INFO 4460 --- [    Test worker] p6spy                                    : #1665380027539 | took 0ms | statement | connection 28| url jdbc:h2:mem:ad3a9e80-f26d-4a3e-9691-17f803db5723
call next value for hibernate_sequence
call next value for hibernate_sequence;
2022-10-10 14:33:47.539  INFO 4460 --- [    Test worker] p6spy                                    : #1665380027539 | took 0ms | statement | connection 28| url jdbc:h2:mem:ad3a9e80-f26d-4a3e-9691-17f803db5723
call next value for hibernate_sequence
call next value for hibernate_sequence;
2022-10-10 14:33:47.539  INFO 4460 --- [    Test worker] p6spy                                    : #1665380027539 | took 0ms | statement | connection 28| url jdbc:h2:mem:ad3a9e80-f26d-4a3e-9691-17f803db5723
call next value for review_seq
call next value for review_seq;
2022-10-10 14:33:47.539  INFO 4460 --- [    Test worker] p6spy                                    : #1665380027539 | took 0ms | statement | connection 28| url jdbc:h2:mem:ad3a9e80-f26d-4a3e-9691-17f803db5723
call next value for hibernate_sequence
call next value for hibernate_sequence;
2022-10-10 14:33:47.539  INFO 4460 --- [    Test worker] p6spy                                    : #1665380027539 | took 0ms | statement | connection 28| url jdbc:h2:mem:ad3a9e80-f26d-4a3e-9691-17f803db5723
call next value for hibernate_sequence
call next value for hibernate_sequence;
2022-10-10 14:33:47.539  INFO 4460 --- [    Test worker] p6spy                                    : #1665380027539 | took 0ms | statement | connection 28| url jdbc:h2:mem:ad3a9e80-f26d-4a3e-9691-17f803db5723
call next value for hibernate_sequence
call next value for hibernate_sequence;
2022-10-10 14:33:47.539  INFO 4460 --- [    Test worker] p6spy                                    : #1665380027539 | took 0ms | statement | connection 28| url jdbc:h2:mem:ad3a9e80-f26d-4a3e-9691-17f803db5723
call next value for hibernate_sequence
call next value for hibernate_sequence;
2022-10-10 14:33:47.539  INFO 4460 --- [    Test worker] c.j.r.FavoriteSpotQueryRepositoryTest    : favoriteSpot = FavoriteSpot(id=603, count=0)
2022-10-10 14:33:47.539  INFO 4460 --- [    Test worker] c.j.r.FavoriteSpotQueryRepositoryTest    : Spot = capstone.jejuTourrecommend.domain.Spot@767fbda7
2022-10-10 14:33:47.539  INFO 4460 --- [    Test worker] p6spy                                    : #1665380027539 | took 0ms | statement | connection 28| url jdbc:h2:mem:ad3a9e80-f26d-4a3e-9691-17f803db5723
call next value for score_seq
call next value for score_seq;
2022-10-10 14:33:47.540  INFO 4460 --- [    Test worker] p6spy                                    : #1665380027540 | took 0ms | statement | connection 28| url jdbc:h2:mem:ad3a9e80-f26d-4a3e-9691-17f803db5723
call next value for hibernate_sequence
call next value for hibernate_sequence;
2022-10-10 14:33:47.540  INFO 4460 --- [    Test worker] p6spy                                    : #1665380027540 | took 0ms | statement | connection 28| url jdbc:h2:mem:ad3a9e80-f26d-4a3e-9691-17f803db5723
call next value for hibernate_sequence
call next value for hibernate_sequence;
2022-10-10 14:33:47.540  INFO 4460 --- [    Test worker] p6spy                                    : #1665380027540 | took 0ms | statement | connection 28| url jdbc:h2:mem:ad3a9e80-f26d-4a3e-9691-17f803db5723
call next value for hibernate_sequence
call next value for hibernate_sequence;
2022-10-10 14:33:47.540  INFO 4460 --- [    Test worker] p6spy                                    : #1665380027540 | took 0ms | statement | connection 28| url jdbc:h2:mem:ad3a9e80-f26d-4a3e-9691-17f803db5723
call next value for hibernate_sequence
call next value for hibernate_sequence;
2022-10-10 14:33:47.540  INFO 4460 --- [    Test worker] p6spy                                    : #1665380027540 | took 0ms | statement | connection 28| url jdbc:h2:mem:ad3a9e80-f26d-4a3e-9691-17f803db5723
call next value for hibernate_sequence
call next value for hibernate_sequence;
2022-10-10 14:33:47.540  INFO 4460 --- [    Test worker] p6spy                                    : #1665380027540 | took 0ms | statement | connection 28| url jdbc:h2:mem:ad3a9e80-f26d-4a3e-9691-17f803db5723
call next value for hibernate_sequence
call next value for hibernate_sequence;
2022-10-10 14:33:47.540  INFO 4460 --- [    Test worker] p6spy                                    : #1665380027540 | took 0ms | statement | connection 28| url jdbc:h2:mem:ad3a9e80-f26d-4a3e-9691-17f803db5723
call next value for hibernate_sequence
call next value for hibernate_sequence;
2022-10-10 14:33:47.540  INFO 4460 --- [    Test worker] p6spy                                    : #1665380027540 | took 0ms | statement | connection 28| url jdbc:h2:mem:ad3a9e80-f26d-4a3e-9691-17f803db5723
call next value for hibernate_sequence
call next value for hibernate_sequence;
2022-10-10 14:33:47.540  INFO 4460 --- [    Test worker] c.j.r.FavoriteSpotQueryRepositoryTest    : favoriteSpot = FavoriteSpot(id=604, count=0)
2022-10-10 14:33:47.540  INFO 4460 --- [    Test worker] c.j.r.FavoriteSpotQueryRepositoryTest    : Spot = capstone.jejuTourrecommend.domain.Spot@10f51061
2022-10-10 14:33:47.540  INFO 4460 --- [    Test worker] p6spy                                    : #1665380027540 | took 0ms | statement | connection 28| url jdbc:h2:mem:ad3a9e80-f26d-4a3e-9691-17f803db5723
call next value for hibernate_sequence
call next value for hibernate_sequence;
2022-10-10 14:33:47.540  INFO 4460 --- [    Test worker] p6spy                                    : #1665380027540 | took 0ms | statement | connection 28| url jdbc:h2:mem:ad3a9e80-f26d-4a3e-9691-17f803db5723
call next value for hibernate_sequence
call next value for hibernate_sequence;
2022-10-10 14:33:47.540  INFO 4460 --- [    Test worker] p6spy                                    : #1665380027540 | took 0ms | statement | connection 28| url jdbc:h2:mem:ad3a9e80-f26d-4a3e-9691-17f803db5723
call next value for hibernate_sequence
call next value for hibernate_sequence;
2022-10-10 14:33:47.540  INFO 4460 --- [    Test worker] p6spy                                    : #1665380027540 | took 0ms | statement | connection 28| url jdbc:h2:mem:ad3a9e80-f26d-4a3e-9691-17f803db5723
call next value for hibernate_sequence
call next value for hibernate_sequence;
2022-10-10 14:33:47.540  INFO 4460 --- [    Test worker] p6spy                                    : #1665380027540 | took 0ms | statement | connection 28| url jdbc:h2:mem:ad3a9e80-f26d-4a3e-9691-17f803db5723
call next value for hibernate_sequence
call next value for hibernate_sequence;
2022-10-10 14:33:47.540  INFO 4460 --- [    Test worker] p6spy                                    : #1665380027540 | took 0ms | statement | connection 28| url jdbc:h2:mem:ad3a9e80-f26d-4a3e-9691-17f803db5723
call next value for hibernate_sequence
call next value for hibernate_sequence;
2022-10-10 14:33:47.540  INFO 4460 --- [    Test worker] p6spy                                    : #1665380027540 | took 0ms | statement | connection 28| url jdbc:h2:mem:ad3a9e80-f26d-4a3e-9691-17f803db5723
call next value for hibernate_sequence
call next value for hibernate_sequence;
2022-10-10 14:33:47.540  INFO 4460 --- [    Test worker] p6spy                                    : #1665380027540 | took 0ms | statement | connection 28| url jdbc:h2:mem:ad3a9e80-f26d-4a3e-9691-17f803db5723
call next value for hibernate_sequence
call next value for hibernate_sequence;
2022-10-10 14:33:47.540  INFO 4460 --- [    Test worker] c.j.r.FavoriteSpotQueryRepositoryTest    : favoriteSpot = FavoriteSpot(id=605, count=0)
2022-10-10 14:33:47.540  INFO 4460 --- [    Test worker] c.j.r.FavoriteSpotQueryRepositoryTest    : Spot = capstone.jejuTourrecommend.domain.Spot@5a9da49b
2022-10-10 14:33:47.540  INFO 4460 --- [    Test worker] p6spy                                    : #1665380027540 | took 0ms | statement | connection 28| url jdbc:h2:mem:ad3a9e80-f26d-4a3e-9691-17f803db5723
call next value for hibernate_sequence
call next value for hibernate_sequence;
2022-10-10 14:33:47.540  INFO 4460 --- [    Test worker] p6spy                                    : #1665380027540 | took 0ms | statement | connection 28| url jdbc:h2:mem:ad3a9e80-f26d-4a3e-9691-17f803db5723
call next value for hibernate_sequence
call next value for hibernate_sequence;
2022-10-10 14:33:47.540  INFO 4460 --- [    Test worker] p6spy                                    : #1665380027540 | took 0ms | statement | connection 28| url jdbc:h2:mem:ad3a9e80-f26d-4a3e-9691-17f803db5723
call next value for hibernate_sequence
call next value for hibernate_sequence;
2022-10-10 14:33:47.540  INFO 4460 --- [    Test worker] p6spy                                    : #1665380027540 | took 0ms | statement | connection 28| url jdbc:h2:mem:ad3a9e80-f26d-4a3e-9691-17f803db5723
call next value for hibernate_sequence
call next value for hibernate_sequence;
2022-10-10 14:33:47.540  INFO 4460 --- [    Test worker] p6spy                                    : #1665380027540 | took 0ms | statement | connection 28| url jdbc:h2:mem:ad3a9e80-f26d-4a3e-9691-17f803db5723
call next value for hibernate_sequence
call next value for hibernate_sequence;
2022-10-10 14:33:47.540  INFO 4460 --- [    Test worker] p6spy                                    : #1665380027540 | took 0ms | statement | connection 28| url jdbc:h2:mem:ad3a9e80-f26d-4a3e-9691-17f803db5723
call next value for hibernate_sequence
call next value for hibernate_sequence;
2022-10-10 14:33:47.540  INFO 4460 --- [    Test worker] p6spy                                    : #1665380027540 | took 0ms | statement | connection 28| url jdbc:h2:mem:ad3a9e80-f26d-4a3e-9691-17f803db5723
call next value for hibernate_sequence
call next value for hibernate_sequence;
2022-10-10 14:33:47.540  INFO 4460 --- [    Test worker] p6spy                                    : #1665380027540 | took 0ms | statement | connection 28| url jdbc:h2:mem:ad3a9e80-f26d-4a3e-9691-17f803db5723
call next value for hibernate_sequence
call next value for hibernate_sequence;
2022-10-10 14:33:47.540  INFO 4460 --- [    Test worker] c.j.r.FavoriteSpotQueryRepositoryTest    : favoriteSpot = FavoriteSpot(id=606, count=0)
2022-10-10 14:33:47.540  INFO 4460 --- [    Test worker] c.j.r.FavoriteSpotQueryRepositoryTest    : Spot = capstone.jejuTourrecommend.domain.Spot@395bf16b
2022-10-10 14:33:47.540  INFO 4460 --- [    Test worker] p6spy                                    : #1665380027540 | took 0ms | statement | connection 28| url jdbc:h2:mem:ad3a9e80-f26d-4a3e-9691-17f803db5723
call next value for hibernate_sequence
call next value for hibernate_sequence;
2022-10-10 14:33:47.540  INFO 4460 --- [    Test worker] p6spy                                    : #1665380027540 | took 0ms | statement | connection 28| url jdbc:h2:mem:ad3a9e80-f26d-4a3e-9691-17f803db5723
call next value for hibernate_sequence
call next value for hibernate_sequence;
2022-10-10 14:33:47.540  INFO 4460 --- [    Test worker] p6spy                                    : #1665380027540 | took 0ms | statement | connection 28| url jdbc:h2:mem:ad3a9e80-f26d-4a3e-9691-17f803db5723
call next value for hibernate_sequence
call next value for hibernate_sequence;
2022-10-10 14:33:47.540  INFO 4460 --- [    Test worker] p6spy                                    : #1665380027540 | took 0ms | statement | connection 28| url jdbc:h2:mem:ad3a9e80-f26d-4a3e-9691-17f803db5723
call next value for hibernate_sequence
call next value for hibernate_sequence;
2022-10-10 14:33:47.541  INFO 4460 --- [    Test worker] p6spy                                    : #1665380027541 | took 0ms | statement | connection 28| url jdbc:h2:mem:ad3a9e80-f26d-4a3e-9691-17f803db5723
call next value for hibernate_sequence
call next value for hibernate_sequence;
2022-10-10 14:33:47.541  INFO 4460 --- [    Test worker] p6spy                                    : #1665380027541 | took 0ms | statement | connection 28| url jdbc:h2:mem:ad3a9e80-f26d-4a3e-9691-17f803db5723
call next value for hibernate_sequence
call next value for hibernate_sequence;
2022-10-10 14:33:47.541  INFO 4460 --- [    Test worker] p6spy                                    : #1665380027541 | took 0ms | statement | connection 28| url jdbc:h2:mem:ad3a9e80-f26d-4a3e-9691-17f803db5723
call next value for hibernate_sequence
call next value for hibernate_sequence;
2022-10-10 14:33:47.541  INFO 4460 --- [    Test worker] p6spy                                    : #1665380027541 | took 0ms | statement | connection 28| url jdbc:h2:mem:ad3a9e80-f26d-4a3e-9691-17f803db5723
call next value for hibernate_sequence
call next value for hibernate_sequence;
2022-10-10 14:33:47.541  INFO 4460 --- [    Test worker] c.j.r.FavoriteSpotQueryRepositoryTest    : favoriteSpot = FavoriteSpot(id=607, count=0)
2022-10-10 14:33:47.541  INFO 4460 --- [    Test worker] c.j.r.FavoriteSpotQueryRepositoryTest    : Spot = capstone.jejuTourrecommend.domain.Spot@5fea7c5c
2022-10-10 14:33:47.541  INFO 4460 --- [    Test worker] p6spy                                    : #1665380027541 | took 0ms | statement | connection 28| url jdbc:h2:mem:ad3a9e80-f26d-4a3e-9691-17f803db5723
call next value for hibernate_sequence
call next value for hibernate_sequence;
2022-10-10 14:33:47.541  INFO 4460 --- [    Test worker] p6spy                                    : #1665380027541 | took 0ms | statement | connection 28| url jdbc:h2:mem:ad3a9e80-f26d-4a3e-9691-17f803db5723
call next value for hibernate_sequence
call next value for hibernate_sequence;
2022-10-10 14:33:47.541  INFO 4460 --- [    Test worker] p6spy                                    : #1665380027541 | took 0ms | statement | connection 28| url jdbc:h2:mem:ad3a9e80-f26d-4a3e-9691-17f803db5723
call next value for hibernate_sequence
call next value for hibernate_sequence;
2022-10-10 14:33:47.541  INFO 4460 --- [    Test worker] p6spy                                    : #1665380027541 | took 0ms | statement | connection 28| url jdbc:h2:mem:ad3a9e80-f26d-4a3e-9691-17f803db5723
call next value for hibernate_sequence
call next value for hibernate_sequence;
2022-10-10 14:33:47.541  INFO 4460 --- [    Test worker] p6spy                                    : #1665380027541 | took 0ms | statement | connection 28| url jdbc:h2:mem:ad3a9e80-f26d-4a3e-9691-17f803db5723
call next value for hibernate_sequence
call next value for hibernate_sequence;
2022-10-10 14:33:47.541  INFO 4460 --- [    Test worker] p6spy                                    : #1665380027541 | took 0ms | statement | connection 28| url jdbc:h2:mem:ad3a9e80-f26d-4a3e-9691-17f803db5723
call next value for hibernate_sequence
call next value for hibernate_sequence;
2022-10-10 14:33:47.541  INFO 4460 --- [    Test worker] p6spy                                    : #1665380027541 | took 0ms | statement | connection 28| url jdbc:h2:mem:ad3a9e80-f26d-4a3e-9691-17f803db5723
call next value for hibernate_sequence
call next value for hibernate_sequence;
2022-10-10 14:33:47.541  INFO 4460 --- [    Test worker] p6spy                                    : #1665380027541 | took 0ms | statement | connection 28| url jdbc:h2:mem:ad3a9e80-f26d-4a3e-9691-17f803db5723
call next value for hibernate_sequence
call next value for hibernate_sequence;
2022-10-10 14:33:47.541  INFO 4460 --- [    Test worker] c.j.r.FavoriteSpotQueryRepositoryTest    : favoriteSpot = FavoriteSpot(id=608, count=0)
2022-10-10 14:33:47.541  INFO 4460 --- [    Test worker] c.j.r.FavoriteSpotQueryRepositoryTest    : Spot = capstone.jejuTourrecommend.domain.Spot@3719d096
2022-10-10 14:33:47.541  INFO 4460 --- [    Test worker] p6spy                                    : #1665380027541 | took 0ms | statement | connection 28| url jdbc:h2:mem:ad3a9e80-f26d-4a3e-9691-17f803db5723
call next value for hibernate_sequence
call next value for hibernate_sequence;
2022-10-10 14:33:47.541  INFO 4460 --- [    Test worker] p6spy                                    : #1665380027541 | took 0ms | statement | connection 28| url jdbc:h2:mem:ad3a9e80-f26d-4a3e-9691-17f803db5723
call next value for hibernate_sequence
call next value for hibernate_sequence;
2022-10-10 14:33:47.541  INFO 4460 --- [    Test worker] p6spy                                    : #1665380027541 | took 0ms | statement | connection 28| url jdbc:h2:mem:ad3a9e80-f26d-4a3e-9691-17f803db5723
call next value for hibernate_sequence
call next value for hibernate_sequence;
2022-10-10 14:33:47.541  INFO 4460 --- [    Test worker] p6spy                                    : #1665380027541 | took 0ms | statement | connection 28| url jdbc:h2:mem:ad3a9e80-f26d-4a3e-9691-17f803db5723
call next value for hibernate_sequence
call next value for hibernate_sequence;
2022-10-10 14:33:47.541  INFO 4460 --- [    Test worker] p6spy                                    : #1665380027541 | took 0ms | statement | connection 28| url jdbc:h2:mem:ad3a9e80-f26d-4a3e-9691-17f803db5723
call next value for hibernate_sequence
call next value for hibernate_sequence;
2022-10-10 14:33:47.541  INFO 4460 --- [    Test worker] p6spy                                    : #1665380027541 | took 0ms | statement | connection 28| url jdbc:h2:mem:ad3a9e80-f26d-4a3e-9691-17f803db5723
call next value for hibernate_sequence
call next value for hibernate_sequence;
2022-10-10 14:33:47.541  INFO 4460 --- [    Test worker] p6spy                                    : #1665380027541 | took 0ms | statement | connection 28| url jdbc:h2:mem:ad3a9e80-f26d-4a3e-9691-17f803db5723
call next value for hibernate_sequence
call next value for hibernate_sequence;
2022-10-10 14:33:47.541  INFO 4460 --- [    Test worker] p6spy                                    : #1665380027541 | took 0ms | statement | connection 28| url jdbc:h2:mem:ad3a9e80-f26d-4a3e-9691-17f803db5723
call next value for hibernate_sequence
call next value for hibernate_sequence;
2022-10-10 14:33:47.541  INFO 4460 --- [    Test worker] c.j.r.FavoriteSpotQueryRepositoryTest    : favoriteSpot = FavoriteSpot(id=609, count=0)
2022-10-10 14:33:47.541  INFO 4460 --- [    Test worker] c.j.r.FavoriteSpotQueryRepositoryTest    : Spot = capstone.jejuTourrecommend.domain.Spot@52884195
2022-10-10 14:33:47.541  INFO 4460 --- [    Test worker] p6spy                                    : #1665380027541 | took 0ms | statement | connection 28| url jdbc:h2:mem:ad3a9e80-f26d-4a3e-9691-17f803db5723
call next value for hibernate_sequence
call next value for hibernate_sequence;
2022-10-10 14:33:47.541  INFO 4460 --- [    Test worker] p6spy                                    : #1665380027541 | took 0ms | statement | connection 28| url jdbc:h2:mem:ad3a9e80-f26d-4a3e-9691-17f803db5723
call next value for hibernate_sequence
call next value for hibernate_sequence;
2022-10-10 14:33:47.541  INFO 4460 --- [    Test worker] p6spy                                    : #1665380027541 | took 0ms | statement | connection 28| url jdbc:h2:mem:ad3a9e80-f26d-4a3e-9691-17f803db5723
call next value for hibernate_sequence
call next value for hibernate_sequence;
2022-10-10 14:33:47.541  INFO 4460 --- [    Test worker] p6spy                                    : #1665380027541 | took 0ms | statement | connection 28| url jdbc:h2:mem:ad3a9e80-f26d-4a3e-9691-17f803db5723
call next value for hibernate_sequence
call next value for hibernate_sequence;
2022-10-10 14:33:47.541  INFO 4460 --- [    Test worker] p6spy                                    : #1665380027541 | took 0ms | statement | connection 28| url jdbc:h2:mem:ad3a9e80-f26d-4a3e-9691-17f803db5723
call next value for hibernate_sequence
call next value for hibernate_sequence;
2022-10-10 14:33:47.541  INFO 4460 --- [    Test worker] p6spy                                    : #1665380027541 | took 0ms | statement | connection 28| url jdbc:h2:mem:ad3a9e80-f26d-4a3e-9691-17f803db5723
call next value for hibernate_sequence
call next value for hibernate_sequence;
2022-10-10 14:33:47.541  INFO 4460 --- [    Test worker] p6spy                                    : #1665380027541 | took 0ms | statement | connection 28| url jdbc:h2:mem:ad3a9e80-f26d-4a3e-9691-17f803db5723
call next value for hibernate_sequence
call next value for hibernate_sequence;
2022-10-10 14:33:47.541  INFO 4460 --- [    Test worker] p6spy                                    : #1665380027541 | took 0ms | statement | connection 28| url jdbc:h2:mem:ad3a9e80-f26d-4a3e-9691-17f803db5723
call next value for hibernate_sequence
call next value for hibernate_sequence;
2022-10-10 14:33:47.541  INFO 4460 --- [    Test worker] c.j.r.FavoriteSpotQueryRepositoryTest    : favoriteSpot = FavoriteSpot(id=610, count=0)
2022-10-10 14:33:47.541  INFO 4460 --- [    Test worker] c.j.r.FavoriteSpotQueryRepositoryTest    : Spot = capstone.jejuTourrecommend.domain.Spot@142b1d8b
2022-10-10 14:33:47.541  INFO 4460 --- [    Test worker] p6spy                                    : #1665380027541 | took 0ms | statement | connection 28| url jdbc:h2:mem:ad3a9e80-f26d-4a3e-9691-17f803db5723
call next value for hibernate_sequence
call next value for hibernate_sequence;
2022-10-10 14:33:47.541  INFO 4460 --- [    Test worker] p6spy                                    : #1665380027541 | took 0ms | statement | connection 28| url jdbc:h2:mem:ad3a9e80-f26d-4a3e-9691-17f803db5723
call next value for hibernate_sequence
call next value for hibernate_sequence;
2022-10-10 14:33:47.541  INFO 4460 --- [    Test worker] p6spy                                    : #1665380027541 | took 0ms | statement | connection 28| url jdbc:h2:mem:ad3a9e80-f26d-4a3e-9691-17f803db5723
call next value for hibernate_sequence
call next value for hibernate_sequence;
2022-10-10 14:33:47.542  INFO 4460 --- [    Test worker] p6spy                                    : #1665380027542 | took 0ms | statement | connection 28| url jdbc:h2:mem:ad3a9e80-f26d-4a3e-9691-17f803db5723
call next value for hibernate_sequence
call next value for hibernate_sequence;
2022-10-10 14:33:47.542  INFO 4460 --- [    Test worker] p6spy                                    : #1665380027542 | took 0ms | statement | connection 28| url jdbc:h2:mem:ad3a9e80-f26d-4a3e-9691-17f803db5723
call next value for hibernate_sequence
call next value for hibernate_sequence;
2022-10-10 14:33:47.542  INFO 4460 --- [    Test worker] p6spy                                    : #1665380027542 | took 0ms | statement | connection 28| url jdbc:h2:mem:ad3a9e80-f26d-4a3e-9691-17f803db5723
call next value for hibernate_sequence
call next value for hibernate_sequence;
2022-10-10 14:33:47.542  INFO 4460 --- [    Test worker] p6spy                                    : #1665380027542 | took 0ms | statement | connection 28| url jdbc:h2:mem:ad3a9e80-f26d-4a3e-9691-17f803db5723
call next value for hibernate_sequence
call next value for hibernate_sequence;
2022-10-10 14:33:47.542  INFO 4460 --- [    Test worker] p6spy                                    : #1665380027542 | took 0ms | statement | connection 28| url jdbc:h2:mem:ad3a9e80-f26d-4a3e-9691-17f803db5723
call next value for hibernate_sequence
call next value for hibernate_sequence;
2022-10-10 14:33:47.542  INFO 4460 --- [    Test worker] c.j.r.FavoriteSpotQueryRepositoryTest    : favoriteSpot = FavoriteSpot(id=611, count=0)
2022-10-10 14:33:47.542  INFO 4460 --- [    Test worker] c.j.r.FavoriteSpotQueryRepositoryTest    : Spot = capstone.jejuTourrecommend.domain.Spot@ccc47f6
2022-10-10 14:33:47.542  INFO 4460 --- [    Test worker] p6spy                                    : #1665380027542 | took 0ms | statement | connection 28| url jdbc:h2:mem:ad3a9e80-f26d-4a3e-9691-17f803db5723
call next value for hibernate_sequence
call next value for hibernate_sequence;
2022-10-10 14:33:47.542  INFO 4460 --- [    Test worker] p6spy                                    : #1665380027542 | took 0ms | statement | connection 28| url jdbc:h2:mem:ad3a9e80-f26d-4a3e-9691-17f803db5723
call next value for hibernate_sequence
call next value for hibernate_sequence;
2022-10-10 14:33:47.542  INFO 4460 --- [    Test worker] p6spy                                    : #1665380027542 | took 0ms | statement | connection 28| url jdbc:h2:mem:ad3a9e80-f26d-4a3e-9691-17f803db5723
call next value for hibernate_sequence
call next value for hibernate_sequence;
2022-10-10 14:33:47.542  INFO 4460 --- [    Test worker] p6spy                                    : #1665380027542 | took 0ms | statement | connection 28| url jdbc:h2:mem:ad3a9e80-f26d-4a3e-9691-17f803db5723
call next value for hibernate_sequence
call next value for hibernate_sequence;
2022-10-10 14:33:47.542  INFO 4460 --- [    Test worker] p6spy                                    : #1665380027542 | took 0ms | statement | connection 28| url jdbc:h2:mem:ad3a9e80-f26d-4a3e-9691-17f803db5723
call next value for hibernate_sequence
call next value for hibernate_sequence;
2022-10-10 14:33:47.542  INFO 4460 --- [    Test worker] p6spy                                    : #1665380027542 | took 0ms | statement | connection 28| url jdbc:h2:mem:ad3a9e80-f26d-4a3e-9691-17f803db5723
call next value for hibernate_sequence
call next value for hibernate_sequence;
2022-10-10 14:33:47.542  INFO 4460 --- [    Test worker] p6spy                                    : #1665380027542 | took 0ms | statement | connection 28| url jdbc:h2:mem:ad3a9e80-f26d-4a3e-9691-17f803db5723
call next value for hibernate_sequence
call next value for hibernate_sequence;
2022-10-10 14:33:47.542  INFO 4460 --- [    Test worker] p6spy                                    : #1665380027542 | took 0ms | statement | connection 28| url jdbc:h2:mem:ad3a9e80-f26d-4a3e-9691-17f803db5723
call next value for hibernate_sequence
call next value for hibernate_sequence;
2022-10-10 14:33:47.542  INFO 4460 --- [    Test worker] c.j.r.FavoriteSpotQueryRepositoryTest    : favoriteSpot = FavoriteSpot(id=612, count=0)
2022-10-10 14:33:47.542  INFO 4460 --- [    Test worker] c.j.r.FavoriteSpotQueryRepositoryTest    : Spot = capstone.jejuTourrecommend.domain.Spot@731990b2
2022-10-10 14:33:47.542  INFO 4460 --- [    Test worker] p6spy                                    : #1665380027542 | took 0ms | statement | connection 28| url jdbc:h2:mem:ad3a9e80-f26d-4a3e-9691-17f803db5723
call next value for hibernate_sequence
call next value for hibernate_sequence;
2022-10-10 14:33:47.542  INFO 4460 --- [    Test worker] p6spy                                    : #1665380027542 | took 0ms | statement | connection 28| url jdbc:h2:mem:ad3a9e80-f26d-4a3e-9691-17f803db5723
call next value for hibernate_sequence
call next value for hibernate_sequence;
2022-10-10 14:33:47.542  INFO 4460 --- [    Test worker] p6spy                                    : #1665380027542 | took 0ms | statement | connection 28| url jdbc:h2:mem:ad3a9e80-f26d-4a3e-9691-17f803db5723
call next value for hibernate_sequence
call next value for hibernate_sequence;
2022-10-10 14:33:47.542  INFO 4460 --- [    Test worker] p6spy                                    : #1665380027542 | took 0ms | statement | connection 28| url jdbc:h2:mem:ad3a9e80-f26d-4a3e-9691-17f803db5723
call next value for hibernate_sequence
call next value for hibernate_sequence;
2022-10-10 14:33:47.542  INFO 4460 --- [    Test worker] p6spy                                    : #1665380027542 | took 0ms | statement | connection 28| url jdbc:h2:mem:ad3a9e80-f26d-4a3e-9691-17f803db5723
call next value for hibernate_sequence
call next value for hibernate_sequence;
2022-10-10 14:33:47.542  INFO 4460 --- [    Test worker] p6spy                                    : #1665380027542 | took 0ms | statement | connection 28| url jdbc:h2:mem:ad3a9e80-f26d-4a3e-9691-17f803db5723
call next value for hibernate_sequence
call next value for hibernate_sequence;
2022-10-10 14:33:47.542  INFO 4460 --- [    Test worker] p6spy                                    : #1665380027542 | took 0ms | statement | connection 28| url jdbc:h2:mem:ad3a9e80-f26d-4a3e-9691-17f803db5723
call next value for hibernate_sequence
call next value for hibernate_sequence;
2022-10-10 14:33:47.542  INFO 4460 --- [    Test worker] p6spy                                    : #1665380027542 | took 0ms | statement | connection 28| url jdbc:h2:mem:ad3a9e80-f26d-4a3e-9691-17f803db5723
call next value for hibernate_sequence
call next value for hibernate_sequence;
2022-10-10 14:33:47.542  INFO 4460 --- [    Test worker] c.j.r.FavoriteSpotQueryRepositoryTest    : favoriteSpot = FavoriteSpot(id=613, count=0)
2022-10-10 14:33:47.542  INFO 4460 --- [    Test worker] c.j.r.FavoriteSpotQueryRepositoryTest    : Spot = capstone.jejuTourrecommend.domain.Spot@76e28b38
2022-10-10 14:33:47.542  INFO 4460 --- [    Test worker] p6spy                                    : #1665380027542 | took 0ms | statement | connection 28| url jdbc:h2:mem:ad3a9e80-f26d-4a3e-9691-17f803db5723
call next value for hibernate_sequence
call next value for hibernate_sequence;
2022-10-10 14:33:47.542  INFO 4460 --- [    Test worker] p6spy                                    : #1665380027542 | took 0ms | statement | connection 28| url jdbc:h2:mem:ad3a9e80-f26d-4a3e-9691-17f803db5723
call next value for hibernate_sequence
call next value for hibernate_sequence;
2022-10-10 14:33:47.542  INFO 4460 --- [    Test worker] p6spy                                    : #1665380027542 | took 0ms | statement | connection 28| url jdbc:h2:mem:ad3a9e80-f26d-4a3e-9691-17f803db5723
call next value for hibernate_sequence
call next value for hibernate_sequence;
2022-10-10 14:33:47.542  INFO 4460 --- [    Test worker] p6spy                                    : #1665380027542 | took 0ms | statement | connection 28| url jdbc:h2:mem:ad3a9e80-f26d-4a3e-9691-17f803db5723
call next value for hibernate_sequence
call next value for hibernate_sequence;
2022-10-10 14:33:47.542  INFO 4460 --- [    Test worker] p6spy                                    : #1665380027542 | took 0ms | statement | connection 28| url jdbc:h2:mem:ad3a9e80-f26d-4a3e-9691-17f803db5723
call next value for hibernate_sequence
call next value for hibernate_sequence;
2022-10-10 14:33:47.542  INFO 4460 --- [    Test worker] p6spy                                    : #1665380027542 | took 0ms | statement | connection 28| url jdbc:h2:mem:ad3a9e80-f26d-4a3e-9691-17f803db5723
call next value for hibernate_sequence
call next value for hibernate_sequence;
2022-10-10 14:33:47.542  INFO 4460 --- [    Test worker] p6spy                                    : #1665380027542 | took 0ms | statement | connection 28| url jdbc:h2:mem:ad3a9e80-f26d-4a3e-9691-17f803db5723
call next value for hibernate_sequence
call next value for hibernate_sequence;
2022-10-10 14:33:47.542  INFO 4460 --- [    Test worker] p6spy                                    : #1665380027542 | took 0ms | statement | connection 28| url jdbc:h2:mem:ad3a9e80-f26d-4a3e-9691-17f803db5723
call next value for hibernate_sequence
call next value for hibernate_sequence;
2022-10-10 14:33:47.542  INFO 4460 --- [    Test worker] c.j.r.FavoriteSpotQueryRepositoryTest    : favoriteSpot = FavoriteSpot(id=614, count=0)
2022-10-10 14:33:47.542  INFO 4460 --- [    Test worker] c.j.r.FavoriteSpotQueryRepositoryTest    : Spot = capstone.jejuTourrecommend.domain.Spot@55e0a8ae
2022-10-10 14:33:47.542  INFO 4460 --- [    Test worker] p6spy                                    : #1665380027542 | took 0ms | statement | connection 28| url jdbc:h2:mem:ad3a9e80-f26d-4a3e-9691-17f803db5723
call next value for hibernate_sequence
call next value for hibernate_sequence;
2022-10-10 14:33:47.542  INFO 4460 --- [    Test worker] p6spy                                    : #1665380027542 | took 0ms | statement | connection 28| url jdbc:h2:mem:ad3a9e80-f26d-4a3e-9691-17f803db5723
call next value for hibernate_sequence
call next value for hibernate_sequence;
2022-10-10 14:33:47.542  INFO 4460 --- [    Test worker] p6spy                                    : #1665380027542 | took 0ms | statement | connection 28| url jdbc:h2:mem:ad3a9e80-f26d-4a3e-9691-17f803db5723
call next value for hibernate_sequence
call next value for hibernate_sequence;
2022-10-10 14:33:47.542  INFO 4460 --- [    Test worker] p6spy                                    : #1665380027542 | took 0ms | statement | connection 28| url jdbc:h2:mem:ad3a9e80-f26d-4a3e-9691-17f803db5723
call next value for hibernate_sequence
call next value for hibernate_sequence;
2022-10-10 14:33:47.542  INFO 4460 --- [    Test worker] p6spy                                    : #1665380027542 | took 0ms | statement | connection 28| url jdbc:h2:mem:ad3a9e80-f26d-4a3e-9691-17f803db5723
call next value for hibernate_sequence
call next value for hibernate_sequence;
2022-10-10 14:33:47.543  INFO 4460 --- [    Test worker] p6spy                                    : #1665380027543 | took 0ms | statement | connection 28| url jdbc:h2:mem:ad3a9e80-f26d-4a3e-9691-17f803db5723
call next value for hibernate_sequence
call next value for hibernate_sequence;
2022-10-10 14:33:47.543  INFO 4460 --- [    Test worker] p6spy                                    : #1665380027543 | took 0ms | statement | connection 28| url jdbc:h2:mem:ad3a9e80-f26d-4a3e-9691-17f803db5723
call next value for hibernate_sequence
call next value for hibernate_sequence;
2022-10-10 14:33:47.543  INFO 4460 --- [    Test worker] p6spy                                    : #1665380027543 | took 0ms | statement | connection 28| url jdbc:h2:mem:ad3a9e80-f26d-4a3e-9691-17f803db5723
call next value for hibernate_sequence
call next value for hibernate_sequence;
2022-10-10 14:33:47.543  INFO 4460 --- [    Test worker] c.j.r.FavoriteSpotQueryRepositoryTest    : favoriteSpot = FavoriteSpot(id=615, count=0)
2022-10-10 14:33:47.543  INFO 4460 --- [    Test worker] c.j.r.FavoriteSpotQueryRepositoryTest    : Spot = capstone.jejuTourrecommend.domain.Spot@2726fe01
2022-10-10 14:33:47.543  INFO 4460 --- [    Test worker] p6spy                                    : #1665380027543 | took 0ms | statement | connection 28| url jdbc:h2:mem:ad3a9e80-f26d-4a3e-9691-17f803db5723
call next value for hibernate_sequence
call next value for hibernate_sequence;
2022-10-10 14:33:47.543  INFO 4460 --- [    Test worker] p6spy                                    : #1665380027543 | took 0ms | statement | connection 28| url jdbc:h2:mem:ad3a9e80-f26d-4a3e-9691-17f803db5723
call next value for hibernate_sequence
call next value for hibernate_sequence;
2022-10-10 14:33:47.543  INFO 4460 --- [    Test worker] p6spy                                    : #1665380027543 | took 0ms | statement | connection 28| url jdbc:h2:mem:ad3a9e80-f26d-4a3e-9691-17f803db5723
call next value for hibernate_sequence
call next value for hibernate_sequence;
2022-10-10 14:33:47.543  INFO 4460 --- [    Test worker] p6spy                                    : #1665380027543 | took 0ms | statement | connection 28| url jdbc:h2:mem:ad3a9e80-f26d-4a3e-9691-17f803db5723
call next value for hibernate_sequence
call next value for hibernate_sequence;
2022-10-10 14:33:47.543  INFO 4460 --- [    Test worker] p6spy                                    : #1665380027543 | took 0ms | statement | connection 28| url jdbc:h2:mem:ad3a9e80-f26d-4a3e-9691-17f803db5723
call next value for hibernate_sequence
call next value for hibernate_sequence;
2022-10-10 14:33:47.543  INFO 4460 --- [    Test worker] p6spy                                    : #1665380027543 | took 0ms | statement | connection 28| url jdbc:h2:mem:ad3a9e80-f26d-4a3e-9691-17f803db5723
call next value for hibernate_sequence
call next value for hibernate_sequence;
2022-10-10 14:33:47.543  INFO 4460 --- [    Test worker] p6spy                                    : #1665380027543 | took 0ms | statement | connection 28| url jdbc:h2:mem:ad3a9e80-f26d-4a3e-9691-17f803db5723
call next value for hibernate_sequence
call next value for hibernate_sequence;
2022-10-10 14:33:47.543  INFO 4460 --- [    Test worker] p6spy                                    : #1665380027543 | took 0ms | statement | connection 28| url jdbc:h2:mem:ad3a9e80-f26d-4a3e-9691-17f803db5723
call next value for hibernate_sequence
call next value for hibernate_sequence;
2022-10-10 14:33:47.543  INFO 4460 --- [    Test worker] c.j.r.FavoriteSpotQueryRepositoryTest    : favoriteSpot = FavoriteSpot(id=616, count=0)
2022-10-10 14:33:47.543  INFO 4460 --- [    Test worker] c.j.r.FavoriteSpotQueryRepositoryTest    : Spot = capstone.jejuTourrecommend.domain.Spot@6d7ebba7
2022-10-10 14:33:47.543  INFO 4460 --- [    Test worker] p6spy                                    : #1665380027543 | took 0ms | statement | connection 28| url jdbc:h2:mem:ad3a9e80-f26d-4a3e-9691-17f803db5723
call next value for hibernate_sequence
call next value for hibernate_sequence;
2022-10-10 14:33:47.543  INFO 4460 --- [    Test worker] p6spy                                    : #1665380027543 | took 0ms | statement | connection 28| url jdbc:h2:mem:ad3a9e80-f26d-4a3e-9691-17f803db5723
call next value for hibernate_sequence
call next value for hibernate_sequence;
2022-10-10 14:33:47.543  INFO 4460 --- [    Test worker] p6spy                                    : #1665380027543 | took 0ms | statement | connection 28| url jdbc:h2:mem:ad3a9e80-f26d-4a3e-9691-17f803db5723
call next value for hibernate_sequence
call next value for hibernate_sequence;
2022-10-10 14:33:47.543  INFO 4460 --- [    Test worker] p6spy                                    : #1665380027543 | took 0ms | statement | connection 28| url jdbc:h2:mem:ad3a9e80-f26d-4a3e-9691-17f803db5723
call next value for hibernate_sequence
call next value for hibernate_sequence;
2022-10-10 14:33:47.543  INFO 4460 --- [    Test worker] p6spy                                    : #1665380027543 | took 0ms | statement | connection 28| url jdbc:h2:mem:ad3a9e80-f26d-4a3e-9691-17f803db5723
call next value for hibernate_sequence
call next value for hibernate_sequence;
2022-10-10 14:33:47.543  INFO 4460 --- [    Test worker] p6spy                                    : #1665380027543 | took 0ms | statement | connection 28| url jdbc:h2:mem:ad3a9e80-f26d-4a3e-9691-17f803db5723
call next value for hibernate_sequence
call next value for hibernate_sequence;
2022-10-10 14:33:47.543  INFO 4460 --- [    Test worker] p6spy                                    : #1665380027543 | took 0ms | statement | connection 28| url jdbc:h2:mem:ad3a9e80-f26d-4a3e-9691-17f803db5723
call next value for hibernate_sequence
call next value for hibernate_sequence;
2022-10-10 14:33:47.543  INFO 4460 --- [    Test worker] p6spy                                    : #1665380027543 | took 0ms | statement | connection 28| url jdbc:h2:mem:ad3a9e80-f26d-4a3e-9691-17f803db5723
call next value for hibernate_sequence
call next value for hibernate_sequence;
2022-10-10 14:33:47.543  INFO 4460 --- [    Test worker] c.j.r.FavoriteSpotQueryRepositoryTest    : favoriteSpot = FavoriteSpot(id=617, count=0)
2022-10-10 14:33:47.543  INFO 4460 --- [    Test worker] c.j.r.FavoriteSpotQueryRepositoryTest    : Spot = capstone.jejuTourrecommend.domain.Spot@2e1c36d0
2022-10-10 14:33:47.543  INFO 4460 --- [    Test worker] p6spy                                    : #1665380027543 | took 0ms | statement | connection 28| url jdbc:h2:mem:ad3a9e80-f26d-4a3e-9691-17f803db5723
call next value for hibernate_sequence
call next value for hibernate_sequence;
2022-10-10 14:33:47.543  INFO 4460 --- [    Test worker] p6spy                                    : #1665380027543 | took 0ms | statement | connection 28| url jdbc:h2:mem:ad3a9e80-f26d-4a3e-9691-17f803db5723
call next value for hibernate_sequence
call next value for hibernate_sequence;
2022-10-10 14:33:47.543  INFO 4460 --- [    Test worker] p6spy                                    : #1665380027543 | took 0ms | statement | connection 28| url jdbc:h2:mem:ad3a9e80-f26d-4a3e-9691-17f803db5723
call next value for hibernate_sequence
call next value for hibernate_sequence;
2022-10-10 14:33:47.543  INFO 4460 --- [    Test worker] p6spy                                    : #1665380027543 | took 0ms | statement | connection 28| url jdbc:h2:mem:ad3a9e80-f26d-4a3e-9691-17f803db5723
call next value for hibernate_sequence
call next value for hibernate_sequence;
2022-10-10 14:33:47.543  INFO 4460 --- [    Test worker] p6spy                                    : #1665380027543 | took 0ms | statement | connection 28| url jdbc:h2:mem:ad3a9e80-f26d-4a3e-9691-17f803db5723
call next value for hibernate_sequence
call next value for hibernate_sequence;
2022-10-10 14:33:47.543  INFO 4460 --- [    Test worker] p6spy                                    : #1665380027543 | took 0ms | statement | connection 28| url jdbc:h2:mem:ad3a9e80-f26d-4a3e-9691-17f803db5723
call next value for hibernate_sequence
call next value for hibernate_sequence;
2022-10-10 14:33:47.543  INFO 4460 --- [    Test worker] p6spy                                    : #1665380027543 | took 0ms | statement | connection 28| url jdbc:h2:mem:ad3a9e80-f26d-4a3e-9691-17f803db5723
call next value for hibernate_sequence
call next value for hibernate_sequence;
2022-10-10 14:33:47.543  INFO 4460 --- [    Test worker] p6spy                                    : #1665380027543 | took 0ms | statement | connection 28| url jdbc:h2:mem:ad3a9e80-f26d-4a3e-9691-17f803db5723
call next value for hibernate_sequence
call next value for hibernate_sequence;
2022-10-10 14:33:47.543  INFO 4460 --- [    Test worker] c.j.r.FavoriteSpotQueryRepositoryTest    : favoriteSpot = FavoriteSpot(id=618, count=0)
2022-10-10 14:33:47.543  INFO 4460 --- [    Test worker] c.j.r.FavoriteSpotQueryRepositoryTest    : Spot = capstone.jejuTourrecommend.domain.Spot@27e195bb
2022-10-10 14:33:47.543  INFO 4460 --- [    Test worker] p6spy                                    : #1665380027543 | took 0ms | statement | connection 28| url jdbc:h2:mem:ad3a9e80-f26d-4a3e-9691-17f803db5723
call next value for hibernate_sequence
call next value for hibernate_sequence;
2022-10-10 14:33:47.543  INFO 4460 --- [    Test worker] p6spy                                    : #1665380027543 | took 0ms | statement | connection 28| url jdbc:h2:mem:ad3a9e80-f26d-4a3e-9691-17f803db5723
call next value for hibernate_sequence
call next value for hibernate_sequence;
2022-10-10 14:33:47.543  INFO 4460 --- [    Test worker] p6spy                                    : #1665380027543 | took 0ms | statement | connection 28| url jdbc:h2:mem:ad3a9e80-f26d-4a3e-9691-17f803db5723
call next value for hibernate_sequence
call next value for hibernate_sequence;
2022-10-10 14:33:47.543  INFO 4460 --- [    Test worker] p6spy                                    : #1665380027543 | took 0ms | statement | connection 28| url jdbc:h2:mem:ad3a9e80-f26d-4a3e-9691-17f803db5723
call next value for hibernate_sequence
call next value for hibernate_sequence;
2022-10-10 14:33:47.543  INFO 4460 --- [    Test worker] p6spy                                    : #1665380027543 | took 0ms | statement | connection 28| url jdbc:h2:mem:ad3a9e80-f26d-4a3e-9691-17f803db5723
call next value for hibernate_sequence
call next value for hibernate_sequence;
2022-10-10 14:33:47.543  INFO 4460 --- [    Test worker] p6spy                                    : #1665380027543 | took 0ms | statement | connection 28| url jdbc:h2:mem:ad3a9e80-f26d-4a3e-9691-17f803db5723
call next value for hibernate_sequence
call next value for hibernate_sequence;
2022-10-10 14:33:47.543  INFO 4460 --- [    Test worker] p6spy                                    : #1665380027543 | took 0ms | statement | connection 28| url jdbc:h2:mem:ad3a9e80-f26d-4a3e-9691-17f803db5723
call next value for hibernate_sequence
call next value for hibernate_sequence;
2022-10-10 14:33:47.543  INFO 4460 --- [    Test worker] p6spy                                    : #1665380027543 | took 0ms | statement | connection 28| url jdbc:h2:mem:ad3a9e80-f26d-4a3e-9691-17f803db5723
call next value for hibernate_sequence
call next value for hibernate_sequence;
2022-10-10 14:33:47.543  INFO 4460 --- [    Test worker] c.j.r.FavoriteSpotQueryRepositoryTest    : favoriteSpot = FavoriteSpot(id=619, count=0)
2022-10-10 14:33:47.543  INFO 4460 --- [    Test worker] c.j.r.FavoriteSpotQueryRepositoryTest    : Spot = capstone.jejuTourrecommend.domain.Spot@56e56092
2022-10-10 14:33:47.543  INFO 4460 --- [    Test worker] p6spy                                    : #1665380027543 | took 0ms | statement | connection 28| url jdbc:h2:mem:ad3a9e80-f26d-4a3e-9691-17f803db5723
call next value for hibernate_sequence
call next value for hibernate_sequence;
2022-10-10 14:33:47.543  INFO 4460 --- [    Test worker] p6spy                                    : #1665380027543 | took 0ms | statement | connection 28| url jdbc:h2:mem:ad3a9e80-f26d-4a3e-9691-17f803db5723
call next value for hibernate_sequence
call next value for hibernate_sequence;
2022-10-10 14:33:47.543  INFO 4460 --- [    Test worker] p6spy                                    : #1665380027543 | took 0ms | statement | connection 28| url jdbc:h2:mem:ad3a9e80-f26d-4a3e-9691-17f803db5723
call next value for hibernate_sequence
call next value for hibernate_sequence;
2022-10-10 14:33:47.543  INFO 4460 --- [    Test worker] p6spy                                    : #1665380027543 | took 0ms | statement | connection 28| url jdbc:h2:mem:ad3a9e80-f26d-4a3e-9691-17f803db5723
call next value for spot_seq
call next value for spot_seq;
2022-10-10 14:33:47.543  INFO 4460 --- [    Test worker] p6spy                                    : #1665380027543 | took 0ms | statement | connection 28| url jdbc:h2:mem:ad3a9e80-f26d-4a3e-9691-17f803db5723
call next value for hibernate_sequence
call next value for hibernate_sequence;
2022-10-10 14:33:47.543  INFO 4460 --- [    Test worker] p6spy                                    : #1665380027543 | took 0ms | statement | connection 28| url jdbc:h2:mem:ad3a9e80-f26d-4a3e-9691-17f803db5723
call next value for hibernate_sequence
call next value for hibernate_sequence;
2022-10-10 14:33:47.544  INFO 4460 --- [    Test worker] p6spy                                    : #1665380027544 | took 0ms | statement | connection 28| url jdbc:h2:mem:ad3a9e80-f26d-4a3e-9691-17f803db5723
call next value for hibernate_sequence
call next value for hibernate_sequence;
2022-10-10 14:33:47.544  INFO 4460 --- [    Test worker] p6spy                                    : #1665380027544 | took 0ms | statement | connection 28| url jdbc:h2:mem:ad3a9e80-f26d-4a3e-9691-17f803db5723
call next value for hibernate_sequence
call next value for hibernate_sequence;
2022-10-10 14:33:47.544  INFO 4460 --- [    Test worker] p6spy                                    : #1665380027544 | took 0ms | statement | connection 28| url jdbc:h2:mem:ad3a9e80-f26d-4a3e-9691-17f803db5723
call next value for hibernate_sequence
call next value for hibernate_sequence;
2022-10-10 14:33:47.544  INFO 4460 --- [    Test worker] c.j.r.FavoriteSpotQueryRepositoryTest    : favoriteSpot = FavoriteSpot(id=620, count=0)
2022-10-10 14:33:47.544  INFO 4460 --- [    Test worker] c.j.r.FavoriteSpotQueryRepositoryTest    : Spot = capstone.jejuTourrecommend.domain.Spot@2366ef02
2022-10-10 14:33:47.544  INFO 4460 --- [    Test worker] p6spy                                    : #1665380027544 | took 0ms | statement | connection 28| url jdbc:h2:mem:ad3a9e80-f26d-4a3e-9691-17f803db5723
call next value for hibernate_sequence
call next value for hibernate_sequence;
2022-10-10 14:33:47.544  INFO 4460 --- [    Test worker] p6spy                                    : #1665380027544 | took 0ms | statement | connection 28| url jdbc:h2:mem:ad3a9e80-f26d-4a3e-9691-17f803db5723
call next value for hibernate_sequence
call next value for hibernate_sequence;
2022-10-10 14:33:47.544  INFO 4460 --- [    Test worker] p6spy                                    : #1665380027544 | took 0ms | statement | connection 28| url jdbc:h2:mem:ad3a9e80-f26d-4a3e-9691-17f803db5723
call next value for hibernate_sequence
call next value for hibernate_sequence;
2022-10-10 14:33:47.544  INFO 4460 --- [    Test worker] p6spy                                    : #1665380027544 | took 0ms | statement | connection 28| url jdbc:h2:mem:ad3a9e80-f26d-4a3e-9691-17f803db5723
call next value for hibernate_sequence
call next value for hibernate_sequence;
2022-10-10 14:33:47.544  INFO 4460 --- [    Test worker] p6spy                                    : #1665380027544 | took 0ms | statement | connection 28| url jdbc:h2:mem:ad3a9e80-f26d-4a3e-9691-17f803db5723
call next value for hibernate_sequence
call next value for hibernate_sequence;
2022-10-10 14:33:47.544  INFO 4460 --- [    Test worker] p6spy                                    : #1665380027544 | took 0ms | statement | connection 28| url jdbc:h2:mem:ad3a9e80-f26d-4a3e-9691-17f803db5723
call next value for hibernate_sequence
call next value for hibernate_sequence;
2022-10-10 14:33:47.544  INFO 4460 --- [    Test worker] p6spy                                    : #1665380027544 | took 0ms | statement | connection 28| url jdbc:h2:mem:ad3a9e80-f26d-4a3e-9691-17f803db5723
call next value for hibernate_sequence
call next value for hibernate_sequence;
2022-10-10 14:33:47.544  INFO 4460 --- [    Test worker] p6spy                                    : #1665380027544 | took 0ms | statement | connection 28| url jdbc:h2:mem:ad3a9e80-f26d-4a3e-9691-17f803db5723
call next value for hibernate_sequence
call next value for hibernate_sequence;
2022-10-10 14:33:47.544  INFO 4460 --- [    Test worker] c.j.r.FavoriteSpotQueryRepositoryTest    : favoriteSpot = FavoriteSpot(id=621, count=0)
2022-10-10 14:33:47.544  INFO 4460 --- [    Test worker] c.j.r.FavoriteSpotQueryRepositoryTest    : Spot = capstone.jejuTourrecommend.domain.Spot@46d7ae3c
2022-10-10 14:33:47.544  INFO 4460 --- [    Test worker] p6spy                                    : #1665380027544 | took 0ms | statement | connection 28| url jdbc:h2:mem:ad3a9e80-f26d-4a3e-9691-17f803db5723
call next value for hibernate_sequence
call next value for hibernate_sequence;
2022-10-10 14:33:47.544  INFO 4460 --- [    Test worker] p6spy                                    : #1665380027544 | took 0ms | statement | connection 28| url jdbc:h2:mem:ad3a9e80-f26d-4a3e-9691-17f803db5723
call next value for hibernate_sequence
call next value for hibernate_sequence;
2022-10-10 14:33:47.544  INFO 4460 --- [    Test worker] p6spy                                    : #1665380027544 | took 0ms | statement | connection 28| url jdbc:h2:mem:ad3a9e80-f26d-4a3e-9691-17f803db5723
call next value for hibernate_sequence
call next value for hibernate_sequence;
2022-10-10 14:33:47.544  INFO 4460 --- [    Test worker] p6spy                                    : #1665380027544 | took 0ms | statement | connection 28| url jdbc:h2:mem:ad3a9e80-f26d-4a3e-9691-17f803db5723
call next value for hibernate_sequence
call next value for hibernate_sequence;
2022-10-10 14:33:47.544  INFO 4460 --- [    Test worker] p6spy                                    : #1665380027544 | took 0ms | statement | connection 28| url jdbc:h2:mem:ad3a9e80-f26d-4a3e-9691-17f803db5723
call next value for hibernate_sequence
call next value for hibernate_sequence;
2022-10-10 14:33:47.544  INFO 4460 --- [    Test worker] p6spy                                    : #1665380027544 | took 0ms | statement | connection 28| url jdbc:h2:mem:ad3a9e80-f26d-4a3e-9691-17f803db5723
call next value for hibernate_sequence
call next value for hibernate_sequence;
2022-10-10 14:33:47.544  INFO 4460 --- [    Test worker] p6spy                                    : #1665380027544 | took 0ms | statement | connection 28| url jdbc:h2:mem:ad3a9e80-f26d-4a3e-9691-17f803db5723
call next value for hibernate_sequence
call next value for hibernate_sequence;
2022-10-10 14:33:47.544  INFO 4460 --- [    Test worker] p6spy                                    : #1665380027544 | took 0ms | statement | connection 28| url jdbc:h2:mem:ad3a9e80-f26d-4a3e-9691-17f803db5723
call next value for hibernate_sequence
call next value for hibernate_sequence;
2022-10-10 14:33:47.544  INFO 4460 --- [    Test worker] c.j.r.FavoriteSpotQueryRepositoryTest    : favoriteSpot = FavoriteSpot(id=622, count=0)
2022-10-10 14:33:47.544  INFO 4460 --- [    Test worker] c.j.r.FavoriteSpotQueryRepositoryTest    : Spot = capstone.jejuTourrecommend.domain.Spot@68573a77
2022-10-10 14:33:47.544  INFO 4460 --- [    Test worker] p6spy                                    : #1665380027544 | took 0ms | statement | connection 28| url jdbc:h2:mem:ad3a9e80-f26d-4a3e-9691-17f803db5723
call next value for hibernate_sequence
call next value for hibernate_sequence;
2022-10-10 14:33:47.544  INFO 4460 --- [    Test worker] p6spy                                    : #1665380027544 | took 0ms | statement | connection 28| url jdbc:h2:mem:ad3a9e80-f26d-4a3e-9691-17f803db5723
call next value for hibernate_sequence
call next value for hibernate_sequence;
2022-10-10 14:33:47.544  INFO 4460 --- [    Test worker] p6spy                                    : #1665380027544 | took 0ms | statement | connection 28| url jdbc:h2:mem:ad3a9e80-f26d-4a3e-9691-17f803db5723
call next value for hibernate_sequence
call next value for hibernate_sequence;
2022-10-10 14:33:47.544  INFO 4460 --- [    Test worker] p6spy                                    : #1665380027544 | took 0ms | statement | connection 28| url jdbc:h2:mem:ad3a9e80-f26d-4a3e-9691-17f803db5723
call next value for hibernate_sequence
call next value for hibernate_sequence;
2022-10-10 14:33:47.544  INFO 4460 --- [    Test worker] p6spy                                    : #1665380027544 | took 0ms | statement | connection 28| url jdbc:h2:mem:ad3a9e80-f26d-4a3e-9691-17f803db5723
call next value for hibernate_sequence
call next value for hibernate_sequence;
2022-10-10 14:33:47.544  INFO 4460 --- [    Test worker] p6spy                                    : #1665380027544 | took 0ms | statement | connection 28| url jdbc:h2:mem:ad3a9e80-f26d-4a3e-9691-17f803db5723
call next value for hibernate_sequence
call next value for hibernate_sequence;
2022-10-10 14:33:47.544  INFO 4460 --- [    Test worker] p6spy                                    : #1665380027544 | took 0ms | statement | connection 28| url jdbc:h2:mem:ad3a9e80-f26d-4a3e-9691-17f803db5723
call next value for hibernate_sequence
call next value for hibernate_sequence;
2022-10-10 14:33:47.544  INFO 4460 --- [    Test worker] p6spy                                    : #1665380027544 | took 0ms | statement | connection 28| url jdbc:h2:mem:ad3a9e80-f26d-4a3e-9691-17f803db5723
call next value for hibernate_sequence
call next value for hibernate_sequence;
2022-10-10 14:33:47.545  INFO 4460 --- [    Test worker] c.j.r.FavoriteSpotQueryRepositoryTest    : favoriteSpot = FavoriteSpot(id=623, count=0)
2022-10-10 14:33:47.545  INFO 4460 --- [    Test worker] c.j.r.FavoriteSpotQueryRepositoryTest    : Spot = capstone.jejuTourrecommend.domain.Spot@4c5e9ca7
2022-10-10 14:33:47.545  INFO 4460 --- [    Test worker] p6spy                                    : #1665380027545 | took 0ms | statement | connection 28| url jdbc:h2:mem:ad3a9e80-f26d-4a3e-9691-17f803db5723
call next value for hibernate_sequence
call next value for hibernate_sequence;
2022-10-10 14:33:47.545  INFO 4460 --- [    Test worker] p6spy                                    : #1665380027545 | took 0ms | statement | connection 28| url jdbc:h2:mem:ad3a9e80-f26d-4a3e-9691-17f803db5723
call next value for hibernate_sequence
call next value for hibernate_sequence;
2022-10-10 14:33:47.545  INFO 4460 --- [    Test worker] p6spy                                    : #1665380027545 | took 0ms | statement | connection 28| url jdbc:h2:mem:ad3a9e80-f26d-4a3e-9691-17f803db5723
call next value for hibernate_sequence
call next value for hibernate_sequence;
2022-10-10 14:33:47.545  INFO 4460 --- [    Test worker] p6spy                                    : #1665380027545 | took 0ms | statement | connection 28| url jdbc:h2:mem:ad3a9e80-f26d-4a3e-9691-17f803db5723
call next value for hibernate_sequence
call next value for hibernate_sequence;
2022-10-10 14:33:47.545  INFO 4460 --- [    Test worker] p6spy                                    : #1665380027545 | took 0ms | statement | connection 28| url jdbc:h2:mem:ad3a9e80-f26d-4a3e-9691-17f803db5723
call next value for hibernate_sequence
call next value for hibernate_sequence;
2022-10-10 14:33:47.545  INFO 4460 --- [    Test worker] p6spy                                    : #1665380027545 | took 0ms | statement | connection 28| url jdbc:h2:mem:ad3a9e80-f26d-4a3e-9691-17f803db5723
call next value for hibernate_sequence
call next value for hibernate_sequence;
2022-10-10 14:33:47.545  INFO 4460 --- [    Test worker] p6spy                                    : #1665380027545 | took 0ms | statement | connection 28| url jdbc:h2:mem:ad3a9e80-f26d-4a3e-9691-17f803db5723
call next value for hibernate_sequence
call next value for hibernate_sequence;
2022-10-10 14:33:47.545  INFO 4460 --- [    Test worker] p6spy                                    : #1665380027545 | took 0ms | statement | connection 28| url jdbc:h2:mem:ad3a9e80-f26d-4a3e-9691-17f803db5723
call next value for hibernate_sequence
call next value for hibernate_sequence;
2022-10-10 14:33:47.545  INFO 4460 --- [    Test worker] c.j.r.FavoriteSpotQueryRepositoryTest    : favoriteSpot = FavoriteSpot(id=624, count=0)
2022-10-10 14:33:47.545  INFO 4460 --- [    Test worker] c.j.r.FavoriteSpotQueryRepositoryTest    : Spot = capstone.jejuTourrecommend.domain.Spot@280f9319
2022-10-10 14:33:47.545  INFO 4460 --- [    Test worker] p6spy                                    : #1665380027545 | took 0ms | statement | connection 28| url jdbc:h2:mem:ad3a9e80-f26d-4a3e-9691-17f803db5723
call next value for hibernate_sequence
call next value for hibernate_sequence;
2022-10-10 14:33:47.545  INFO 4460 --- [    Test worker] p6spy                                    : #1665380027545 | took 0ms | statement | connection 28| url jdbc:h2:mem:ad3a9e80-f26d-4a3e-9691-17f803db5723
call next value for hibernate_sequence
call next value for hibernate_sequence;
2022-10-10 14:33:47.545  INFO 4460 --- [    Test worker] p6spy                                    : #1665380027545 | took 0ms | statement | connection 28| url jdbc:h2:mem:ad3a9e80-f26d-4a3e-9691-17f803db5723
call next value for hibernate_sequence
call next value for hibernate_sequence;
2022-10-10 14:33:47.545  INFO 4460 --- [    Test worker] p6spy                                    : #1665380027545 | took 0ms | statement | connection 28| url jdbc:h2:mem:ad3a9e80-f26d-4a3e-9691-17f803db5723
call next value for hibernate_sequence
call next value for hibernate_sequence;
2022-10-10 14:33:47.545  INFO 4460 --- [    Test worker] p6spy                                    : #1665380027545 | took 0ms | statement | connection 28| url jdbc:h2:mem:ad3a9e80-f26d-4a3e-9691-17f803db5723
call next value for hibernate_sequence
call next value for hibernate_sequence;
2022-10-10 14:33:47.545  INFO 4460 --- [    Test worker] p6spy                                    : #1665380027545 | took 0ms | statement | connection 28| url jdbc:h2:mem:ad3a9e80-f26d-4a3e-9691-17f803db5723
call next value for hibernate_sequence
call next value for hibernate_sequence;
2022-10-10 14:33:47.545  INFO 4460 --- [    Test worker] p6spy                                    : #1665380027545 | took 0ms | statement | connection 28| url jdbc:h2:mem:ad3a9e80-f26d-4a3e-9691-17f803db5723
call next value for hibernate_sequence
call next value for hibernate_sequence;
2022-10-10 14:33:47.545  INFO 4460 --- [    Test worker] p6spy                                    : #1665380027545 | took 0ms | statement | connection 28| url jdbc:h2:mem:ad3a9e80-f26d-4a3e-9691-17f803db5723
call next value for hibernate_sequence
call next value for hibernate_sequence;
2022-10-10 14:33:47.545  INFO 4460 --- [    Test worker] c.j.r.FavoriteSpotQueryRepositoryTest    : favoriteSpot = FavoriteSpot(id=625, count=0)
2022-10-10 14:33:47.545  INFO 4460 --- [    Test worker] c.j.r.FavoriteSpotQueryRepositoryTest    : Spot = capstone.jejuTourrecommend.domain.Spot@20fa2e9a
2022-10-10 14:33:47.545  INFO 4460 --- [    Test worker] p6spy                                    : #1665380027545 | took 0ms | statement | connection 28| url jdbc:h2:mem:ad3a9e80-f26d-4a3e-9691-17f803db5723
call next value for hibernate_sequence
call next value for hibernate_sequence;
2022-10-10 14:33:47.545  INFO 4460 --- [    Test worker] p6spy                                    : #1665380027545 | took 0ms | statement | connection 28| url jdbc:h2:mem:ad3a9e80-f26d-4a3e-9691-17f803db5723
call next value for hibernate_sequence
call next value for hibernate_sequence;
2022-10-10 14:33:47.545  INFO 4460 --- [    Test worker] p6spy                                    : #1665380027545 | took 0ms | statement | connection 28| url jdbc:h2:mem:ad3a9e80-f26d-4a3e-9691-17f803db5723
call next value for hibernate_sequence
call next value for hibernate_sequence;
2022-10-10 14:33:47.545  INFO 4460 --- [    Test worker] p6spy                                    : #1665380027545 | took 0ms | statement | connection 28| url jdbc:h2:mem:ad3a9e80-f26d-4a3e-9691-17f803db5723
call next value for hibernate_sequence
call next value for hibernate_sequence;
2022-10-10 14:33:47.545  INFO 4460 --- [    Test worker] p6spy                                    : #1665380027545 | took 0ms | statement | connection 28| url jdbc:h2:mem:ad3a9e80-f26d-4a3e-9691-17f803db5723
call next value for hibernate_sequence
call next value for hibernate_sequence;
2022-10-10 14:33:47.545  INFO 4460 --- [    Test worker] p6spy                                    : #1665380027545 | took 0ms | statement | connection 28| url jdbc:h2:mem:ad3a9e80-f26d-4a3e-9691-17f803db5723
call next value for hibernate_sequence
call next value for hibernate_sequence;
2022-10-10 14:33:47.545  INFO 4460 --- [    Test worker] p6spy                                    : #1665380027545 | took 0ms | statement | connection 28| url jdbc:h2:mem:ad3a9e80-f26d-4a3e-9691-17f803db5723
call next value for hibernate_sequence
call next value for hibernate_sequence;
2022-10-10 14:33:47.545  INFO 4460 --- [    Test worker] p6spy                                    : #1665380027545 | took 0ms | statement | connection 28| url jdbc:h2:mem:ad3a9e80-f26d-4a3e-9691-17f803db5723
call next value for hibernate_sequence
call next value for hibernate_sequence;
2022-10-10 14:33:47.545  INFO 4460 --- [    Test worker] c.j.r.FavoriteSpotQueryRepositoryTest    : favoriteSpot = FavoriteSpot(id=626, count=0)
2022-10-10 14:33:47.545  INFO 4460 --- [    Test worker] c.j.r.FavoriteSpotQueryRepositoryTest    : Spot = capstone.jejuTourrecommend.domain.Spot@1689342e
2022-10-10 14:33:47.545  INFO 4460 --- [    Test worker] p6spy                                    : #1665380027545 | took 0ms | statement | connection 28| url jdbc:h2:mem:ad3a9e80-f26d-4a3e-9691-17f803db5723
call next value for hibernate_sequence
call next value for hibernate_sequence;
2022-10-10 14:33:47.545  INFO 4460 --- [    Test worker] p6spy                                    : #1665380027545 | took 0ms | statement | connection 28| url jdbc:h2:mem:ad3a9e80-f26d-4a3e-9691-17f803db5723
call next value for hibernate_sequence
call next value for hibernate_sequence;
2022-10-10 14:33:47.545  INFO 4460 --- [    Test worker] p6spy                                    : #1665380027545 | took 0ms | statement | connection 28| url jdbc:h2:mem:ad3a9e80-f26d-4a3e-9691-17f803db5723
call next value for hibernate_sequence
call next value for hibernate_sequence;
2022-10-10 14:33:47.546  INFO 4460 --- [    Test worker] p6spy                                    : #1665380027546 | took 0ms | statement | connection 28| url jdbc:h2:mem:ad3a9e80-f26d-4a3e-9691-17f803db5723
call next value for hibernate_sequence
call next value for hibernate_sequence;
2022-10-10 14:33:47.546  INFO 4460 --- [    Test worker] p6spy                                    : #1665380027546 | took 0ms | statement | connection 28| url jdbc:h2:mem:ad3a9e80-f26d-4a3e-9691-17f803db5723
call next value for hibernate_sequence
call next value for hibernate_sequence;
2022-10-10 14:33:47.546  INFO 4460 --- [    Test worker] p6spy                                    : #1665380027546 | took 0ms | statement | connection 28| url jdbc:h2:mem:ad3a9e80-f26d-4a3e-9691-17f803db5723
call next value for hibernate_sequence
call next value for hibernate_sequence;
2022-10-10 14:33:47.546  INFO 4460 --- [    Test worker] p6spy                                    : #1665380027546 | took 0ms | statement | connection 28| url jdbc:h2:mem:ad3a9e80-f26d-4a3e-9691-17f803db5723
call next value for hibernate_sequence
call next value for hibernate_sequence;
2022-10-10 14:33:47.546  INFO 4460 --- [    Test worker] p6spy                                    : #1665380027546 | took 0ms | statement | connection 28| url jdbc:h2:mem:ad3a9e80-f26d-4a3e-9691-17f803db5723
call next value for hibernate_sequence
call next value for hibernate_sequence;
2022-10-10 14:33:47.546  INFO 4460 --- [    Test worker] c.j.r.FavoriteSpotQueryRepositoryTest    : favoriteSpot = FavoriteSpot(id=627, count=0)
2022-10-10 14:33:47.546  INFO 4460 --- [    Test worker] c.j.r.FavoriteSpotQueryRepositoryTest    : Spot = capstone.jejuTourrecommend.domain.Spot@371ce7e4
2022-10-10 14:33:47.546  INFO 4460 --- [    Test worker] p6spy                                    : #1665380027546 | took 0ms | statement | connection 28| url jdbc:h2:mem:ad3a9e80-f26d-4a3e-9691-17f803db5723
call next value for hibernate_sequence
call next value for hibernate_sequence;
2022-10-10 14:33:47.546  INFO 4460 --- [    Test worker] p6spy                                    : #1665380027546 | took 0ms | statement | connection 28| url jdbc:h2:mem:ad3a9e80-f26d-4a3e-9691-17f803db5723
call next value for hibernate_sequence
call next value for hibernate_sequence;
2022-10-10 14:33:47.546  INFO 4460 --- [    Test worker] p6spy                                    : #1665380027546 | took 0ms | statement | connection 28| url jdbc:h2:mem:ad3a9e80-f26d-4a3e-9691-17f803db5723
call next value for hibernate_sequence
call next value for hibernate_sequence;
2022-10-10 14:33:47.546  INFO 4460 --- [    Test worker] p6spy                                    : #1665380027546 | took 0ms | statement | connection 28| url jdbc:h2:mem:ad3a9e80-f26d-4a3e-9691-17f803db5723
call next value for hibernate_sequence
call next value for hibernate_sequence;
2022-10-10 14:33:47.546  INFO 4460 --- [    Test worker] p6spy                                    : #1665380027546 | took 0ms | statement | connection 28| url jdbc:h2:mem:ad3a9e80-f26d-4a3e-9691-17f803db5723
call next value for review_seq
call next value for review_seq;
2022-10-10 14:33:47.546  INFO 4460 --- [    Test worker] p6spy                                    : #1665380027546 | took 0ms | statement | connection 28| url jdbc:h2:mem:ad3a9e80-f26d-4a3e-9691-17f803db5723
call next value for hibernate_sequence
call next value for hibernate_sequence;
2022-10-10 14:33:47.546  INFO 4460 --- [    Test worker] p6spy                                    : #1665380027546 | took 0ms | statement | connection 28| url jdbc:h2:mem:ad3a9e80-f26d-4a3e-9691-17f803db5723
call next value for hibernate_sequence
call next value for hibernate_sequence;
2022-10-10 14:33:47.546  INFO 4460 --- [    Test worker] p6spy                                    : #1665380027546 | took 0ms | statement | connection 28| url jdbc:h2:mem:ad3a9e80-f26d-4a3e-9691-17f803db5723
call next value for hibernate_sequence
call next value for hibernate_sequence;
2022-10-10 14:33:47.546  INFO 4460 --- [    Test worker] p6spy                                    : #1665380027546 | took 0ms | statement | connection 28| url jdbc:h2:mem:ad3a9e80-f26d-4a3e-9691-17f803db5723
call next value for hibernate_sequence
call next value for hibernate_sequence;
2022-10-10 14:33:47.546  INFO 4460 --- [    Test worker] c.j.r.FavoriteSpotQueryRepositoryTest    : favoriteSpot = FavoriteSpot(id=628, count=0)
2022-10-10 14:33:47.546  INFO 4460 --- [    Test worker] c.j.r.FavoriteSpotQueryRepositoryTest    : Spot = capstone.jejuTourrecommend.domain.Spot@4d55e486
2022-10-10 14:33:47.546  INFO 4460 --- [    Test worker] p6spy                                    : #1665380027546 | took 0ms | statement | connection 28| url jdbc:h2:mem:ad3a9e80-f26d-4a3e-9691-17f803db5723
call next value for score_seq
call next value for score_seq;
2022-10-10 14:33:47.546  INFO 4460 --- [    Test worker] p6spy                                    : #1665380027546 | took 0ms | statement | connection 28| url jdbc:h2:mem:ad3a9e80-f26d-4a3e-9691-17f803db5723
call next value for hibernate_sequence
call next value for hibernate_sequence;
2022-10-10 14:33:47.546  INFO 4460 --- [    Test worker] p6spy                                    : #1665380027546 | took 0ms | statement | connection 28| url jdbc:h2:mem:ad3a9e80-f26d-4a3e-9691-17f803db5723
call next value for hibernate_sequence
call next value for hibernate_sequence;
2022-10-10 14:33:47.546  INFO 4460 --- [    Test worker] p6spy                                    : #1665380027546 | took 0ms | statement | connection 28| url jdbc:h2:mem:ad3a9e80-f26d-4a3e-9691-17f803db5723
call next value for hibernate_sequence
call next value for hibernate_sequence;
2022-10-10 14:33:47.546  INFO 4460 --- [    Test worker] p6spy                                    : #1665380027546 | took 0ms | statement | connection 28| url jdbc:h2:mem:ad3a9e80-f26d-4a3e-9691-17f803db5723
call next value for hibernate_sequence
call next value for hibernate_sequence;
2022-10-10 14:33:47.549  INFO 4460 --- [    Test worker] p6spy                                    : #1665380027549 | took 0ms | statement | connection 28| url jdbc:h2:mem:ad3a9e80-f26d-4a3e-9691-17f803db5723
insert into member (created_date, last_modified_date, created_by, last_modified_by, email, password, refresh_token, role, username, member_id) values (?, ?, ?, ?, ?, ?, ?, ?, ?, ?)
insert into member (created_date, last_modified_date, created_by, last_modified_by, email, password, refresh_token, role, username, member_id) values ('2022-10-10T14:33:47.532+0900', '2022-10-10T14:33:47.532+0900', '8c446c5e-1929-4283-808e-2d54d28dcf04', '8c446c5e-1929-4283-808e-2d54d28dcf04', 'member1@gmail.com', '1234', NULL, NULL, 'member1', 24);
2022-10-10 14:33:47.549  INFO 4460 --- [    Test worker] p6spy                                    : #1665380027549 | took 0ms | statement | connection 28| url jdbc:h2:mem:ad3a9e80-f26d-4a3e-9691-17f803db5723
insert into member (created_date, last_modified_date, created_by, last_modified_by, email, password, refresh_token, role, username, member_id) values (?, ?, ?, ?, ?, ?, ?, ?, ?, ?)
insert into member (created_date, last_modified_date, created_by, last_modified_by, email, password, refresh_token, role, username, member_id) values ('2022-10-10T14:33:47.532+0900', '2022-10-10T14:33:47.532+0900', 'da3b4ca9-819c-4b66-a9a8-ba7188699d23', 'da3b4ca9-819c-4b66-a9a8-ba7188699d23', 'member2@naver.com', '2345', NULL, NULL, 'member2', 25);
2022-10-10 14:33:47.549  INFO 4460 --- [    Test worker] p6spy                                    : #1665380027549 | took 0ms | statement | connection 28| url jdbc:h2:mem:ad3a9e80-f26d-4a3e-9691-17f803db5723
insert into favorite (member_id, name, favorite_id) values (?, ?, ?)
insert into favorite (member_id, name, favorite_id) values (24, '1일차', 44);
2022-10-10 14:33:47.549  INFO 4460 --- [    Test worker] p6spy                                    : #1665380027549 | took 0ms | statement | connection 28| url jdbc:h2:mem:ad3a9e80-f26d-4a3e-9691-17f803db5723
insert into score (facility_rank, facility_score, price_rank, price_score, rank_average, surround_rank, surround_score, view_rank, view_score, score_id) values (?, ?, ?, ?, ?, ?, ?, ?, ?, ?)
insert into score (facility_rank, facility_score, price_rank, price_score, rank_average, surround_rank, surround_score, view_rank, view_score, score_id) values (4.052001631337035, 6.956150936822997, 7.007190855967982, 0.525946777071965, 2.09582249824218, 5.285096318454433, 1.542707246595304, 7.056390930388216, 9.066264714089682, 803);
2022-10-10 14:33:47.549  INFO 4460 --- [    Test worker] p6spy                                    : #1665380027549 | took 0ms | statement | connection 28| url jdbc:h2:mem:ad3a9e80-f26d-4a3e-9691-17f803db5723
insert into picture (spot_id, url, picture_id) values (?, ?, ?)
insert into picture (spot_id, url, picture_id) values (NULL, 'java.io.StringReader@7135c05', 3265);
2022-10-10 14:33:47.549  INFO 4460 --- [    Test worker] p6spy                                    : #1665380027549 | took 0ms | statement | connection 28| url jdbc:h2:mem:ad3a9e80-f26d-4a3e-9691-17f803db5723
insert into picture (spot_id, url, picture_id) values (?, ?, ?)
insert into picture (spot_id, url, picture_id) values (NULL, 'java.io.StringReader@2646961c', 3266);
2022-10-10 14:33:47.549  INFO 4460 --- [    Test worker] p6spy                                    : #1665380027549 | took 0ms | statement | connection 28| url jdbc:h2:mem:ad3a9e80-f26d-4a3e-9691-17f803db5723
insert into picture (spot_id, url, picture_id) values (?, ?, ?)
insert into picture (spot_id, url, picture_id) values (NULL, 'java.io.StringReader@6b22cb85', 3267);
2022-10-10 14:33:47.549  INFO 4460 --- [    Test worker] p6spy                                    : #1665380027549 | took 0ms | statement | connection 28| url jdbc:h2:mem:ad3a9e80-f26d-4a3e-9691-17f803db5723
insert into spot (address, description, location, name, score_id, spot_id) values (?, ?, ?, ?, ?, ?)
insert into spot (address, description, location, name, score_id, spot_id) values (NULL, NULL, 'Aewol_eup', NULL, 803, 871);
2022-10-10 14:33:47.549  INFO 4460 --- [    Test worker] p6spy                                    : #1665380027549 | took 0ms | statement | connection 28| url jdbc:h2:mem:ad3a9e80-f26d-4a3e-9691-17f803db5723
insert into member_spot (member_id, score, spot_id, member_spot_id) values (?, ?, ?, ?)
insert into member_spot (member_id, score, spot_id, member_spot_id) values (25, 0.0, 871, 3268);
2022-10-10 14:33:47.549  INFO 4460 --- [    Test worker] p6spy                                    : #1665380027549 | took 0ms | statement | connection 28| url jdbc:h2:mem:ad3a9e80-f26d-4a3e-9691-17f803db5723
insert into review (content, spot_id, review_id) values (?, ?, ?)
insert into review (content, spot_id, review_id) values ('java.io.StringReader@241d942b', 871, 805);
2022-10-10 14:33:47.549  INFO 4460 --- [    Test worker] p6spy                                    : #1665380027549 | took 0ms | statement | connection 28| url jdbc:h2:mem:ad3a9e80-f26d-4a3e-9691-17f803db5723
insert into favorite_spot (count, favorite_id, spot_id, favorite_spot_id) values (?, ?, ?, ?)
insert into favorite_spot (count, favorite_id, spot_id, favorite_spot_id) values (0, 44, 871, 579);
2022-10-10 14:33:47.549  INFO 4460 --- [    Test worker] p6spy                                    : #1665380027549 | took 0ms | statement | connection 28| url jdbc:h2:mem:ad3a9e80-f26d-4a3e-9691-17f803db5723
insert into score (facility_rank, facility_score, price_rank, price_score, rank_average, surround_rank, surround_score, view_rank, view_score, score_id) values (?, ?, ?, ?, ?, ?, ?, ?, ?, ?)
insert into score (facility_rank, facility_score, price_rank, price_score, rank_average, surround_rank, surround_score, view_rank, view_score, score_id) values (0.8775025365957323, 6.6681277639878145, 6.249139544243078, 8.019370209832644, 3.0343061545096006, 9.053394289395678, 4.629937037744764, 1.6303404459222803, 1.1360050339038874, 804);
2022-10-10 14:33:47.549  INFO 4460 --- [    Test worker] p6spy                                    : #1665380027549 | took 0ms | statement | connection 28| url jdbc:h2:mem:ad3a9e80-f26d-4a3e-9691-17f803db5723
insert into picture (spot_id, url, picture_id) values (?, ?, ?)
insert into picture (spot_id, url, picture_id) values (NULL, 'java.io.StringReader@2b25a884', 3269);
2022-10-10 14:33:47.549  INFO 4460 --- [    Test worker] p6spy                                    : #1665380027549 | took 0ms | statement | connection 28| url jdbc:h2:mem:ad3a9e80-f26d-4a3e-9691-17f803db5723
insert into picture (spot_id, url, picture_id) values (?, ?, ?)
insert into picture (spot_id, url, picture_id) values (NULL, 'java.io.StringReader@70eec13e', 3270);
2022-10-10 14:33:47.549  INFO 4460 --- [    Test worker] p6spy                                    : #1665380027549 | took 0ms | statement | connection 28| url jdbc:h2:mem:ad3a9e80-f26d-4a3e-9691-17f803db5723
insert into picture (spot_id, url, picture_id) values (?, ?, ?)
insert into picture (spot_id, url, picture_id) values (NULL, 'java.io.StringReader@1d4f758d', 3271);
2022-10-10 14:33:47.549  INFO 4460 --- [    Test worker] p6spy                                    : #1665380027549 | took 0ms | statement | connection 28| url jdbc:h2:mem:ad3a9e80-f26d-4a3e-9691-17f803db5723
insert into spot (address, description, location, name, score_id, spot_id) values (?, ?, ?, ?, ?, ?)
insert into spot (address, description, location, name, score_id, spot_id) values (NULL, NULL, 'Aewol_eup', NULL, 804, 872);
2022-10-10 14:33:47.549  INFO 4460 --- [    Test worker] p6spy                                    : #1665380027549 | took 0ms | statement | connection 28| url jdbc:h2:mem:ad3a9e80-f26d-4a3e-9691-17f803db5723
insert into member_spot (member_id, score, spot_id, member_spot_id) values (?, ?, ?, ?)
insert into member_spot (member_id, score, spot_id, member_spot_id) values (25, 0.0, 872, 3272);
2022-10-10 14:33:47.549  INFO 4460 --- [    Test worker] p6spy                                    : #1665380027549 | took 0ms | statement | connection 28| url jdbc:h2:mem:ad3a9e80-f26d-4a3e-9691-17f803db5723
insert into review (content, spot_id, review_id) values (?, ?, ?)
insert into review (content, spot_id, review_id) values ('java.io.StringReader@55d64084', 871, 806);
2022-10-10 14:33:47.549  INFO 4460 --- [    Test worker] p6spy                                    : #1665380027549 | took 0ms | statement | connection 28| url jdbc:h2:mem:ad3a9e80-f26d-4a3e-9691-17f803db5723
insert into score (facility_rank, facility_score, price_rank, price_score, rank_average, surround_rank, surround_score, view_rank, view_score, score_id) values (?, ?, ?, ?, ?, ?, ?, ?, ?, ?)
insert into score (facility_rank, facility_score, price_rank, price_score, rank_average, surround_rank, surround_score, view_rank, view_score, score_id) values (4.092971209018544, 7.7157120372744, 1.6622274024105699, 1.5388694656289914, 0.7740011143078585, 1.1606287297791429, 0.06442247328637962, 2.1356827482364613, 4.168882556765373, 805);
2022-10-10 14:33:47.549  INFO 4460 --- [    Test worker] p6spy                                    : #1665380027549 | took 0ms | statement | connection 28| url jdbc:h2:mem:ad3a9e80-f26d-4a3e-9691-17f803db5723
insert into picture (spot_id, url, picture_id) values (?, ?, ?)
insert into picture (spot_id, url, picture_id) values (NULL, 'java.io.StringReader@186dc515', 3273);
2022-10-10 14:33:47.549  INFO 4460 --- [    Test worker] p6spy                                    : #1665380027549 | took 0ms | statement | connection 28| url jdbc:h2:mem:ad3a9e80-f26d-4a3e-9691-17f803db5723
insert into picture (spot_id, url, picture_id) values (?, ?, ?)
insert into picture (spot_id, url, picture_id) values (NULL, 'java.io.StringReader@44deb90c', 3274);
2022-10-10 14:33:47.550  INFO 4460 --- [    Test worker] p6spy                                    : #1665380027550 | took 0ms | statement | connection 28| url jdbc:h2:mem:ad3a9e80-f26d-4a3e-9691-17f803db5723
insert into picture (spot_id, url, picture_id) values (?, ?, ?)
insert into picture (spot_id, url, picture_id) values (NULL, 'java.io.StringReader@3a90928', 3275);
2022-10-10 14:33:47.550  INFO 4460 --- [    Test worker] p6spy                                    : #1665380027550 | took 0ms | statement | connection 28| url jdbc:h2:mem:ad3a9e80-f26d-4a3e-9691-17f803db5723
insert into spot (address, description, location, name, score_id, spot_id) values (?, ?, ?, ?, ?, ?)
insert into spot (address, description, location, name, score_id, spot_id) values (NULL, NULL, 'Aewol_eup', NULL, 805, 873);
2022-10-10 14:33:47.550  INFO 4460 --- [    Test worker] p6spy                                    : #1665380027550 | took 0ms | statement | connection 28| url jdbc:h2:mem:ad3a9e80-f26d-4a3e-9691-17f803db5723
insert into member_spot (member_id, score, spot_id, member_spot_id) values (?, ?, ?, ?)
insert into member_spot (member_id, score, spot_id, member_spot_id) values (25, 0.0, 873, 3276);
2022-10-10 14:33:47.550  INFO 4460 --- [    Test worker] p6spy                                    : #1665380027550 | took 0ms | statement | connection 28| url jdbc:h2:mem:ad3a9e80-f26d-4a3e-9691-17f803db5723
insert into review (content, spot_id, review_id) values (?, ?, ?)
insert into review (content, spot_id, review_id) values ('java.io.StringReader@6bfdf320', 871, 807);
2022-10-10 14:33:47.550  INFO 4460 --- [    Test worker] p6spy                                    : #1665380027550 | took 0ms | statement | connection 28| url jdbc:h2:mem:ad3a9e80-f26d-4a3e-9691-17f803db5723
insert into favorite_spot (count, favorite_id, spot_id, favorite_spot_id) values (?, ?, ?, ?)
insert into favorite_spot (count, favorite_id, spot_id, favorite_spot_id) values (0, 44, 873, 580);
2022-10-10 14:33:47.550  INFO 4460 --- [    Test worker] p6spy                                    : #1665380027550 | took 0ms | statement | connection 28| url jdbc:h2:mem:ad3a9e80-f26d-4a3e-9691-17f803db5723
insert into score (facility_rank, facility_score, price_rank, price_score, rank_average, surround_rank, surround_score, view_rank, view_score, score_id) values (?, ?, ?, ?, ?, ?, ?, ?, ?, ?)
insert into score (facility_rank, facility_score, price_rank, price_score, rank_average, surround_rank, surround_score, view_rank, view_score, score_id) values (0.8368107652177192, 6.631887739930562, 7.821867538212855, 7.574396403714382, 3.202652289551512, 2.9278152863314713, 5.778745382923863, 5.433714084550405, 3.9272795633695368, 806);
2022-10-10 14:33:47.550  INFO 4460 --- [    Test worker] p6spy                                    : #1665380027550 | took 0ms | statement | connection 28| url jdbc:h2:mem:ad3a9e80-f26d-4a3e-9691-17f803db5723
insert into picture (spot_id, url, picture_id) values (?, ?, ?)
insert into picture (spot_id, url, picture_id) values (NULL, 'java.io.StringReader@78a51fb6', 3277);
2022-10-10 14:33:47.550  INFO 4460 --- [    Test worker] p6spy                                    : #1665380027550 | took 0ms | statement | connection 28| url jdbc:h2:mem:ad3a9e80-f26d-4a3e-9691-17f803db5723
insert into picture (spot_id, url, picture_id) values (?, ?, ?)
insert into picture (spot_id, url, picture_id) values (NULL, 'java.io.StringReader@606f6882', 3278);
2022-10-10 14:33:47.550  INFO 4460 --- [    Test worker] p6spy                                    : #1665380027550 | took 0ms | statement | connection 28| url jdbc:h2:mem:ad3a9e80-f26d-4a3e-9691-17f803db5723
insert into picture (spot_id, url, picture_id) values (?, ?, ?)
insert into picture (spot_id, url, picture_id) values (NULL, 'java.io.StringReader@75844a9d', 3279);
2022-10-10 14:33:47.550  INFO 4460 --- [    Test worker] p6spy                                    : #1665380027550 | took 0ms | statement | connection 28| url jdbc:h2:mem:ad3a9e80-f26d-4a3e-9691-17f803db5723
insert into spot (address, description, location, name, score_id, spot_id) values (?, ?, ?, ?, ?, ?)
insert into spot (address, description, location, name, score_id, spot_id) values (NULL, NULL, 'Aewol_eup', NULL, 806, 874);
2022-10-10 14:33:47.550  INFO 4460 --- [    Test worker] p6spy                                    : #1665380027550 | took 0ms | statement | connection 28| url jdbc:h2:mem:ad3a9e80-f26d-4a3e-9691-17f803db5723
insert into member_spot (member_id, score, spot_id, member_spot_id) values (?, ?, ?, ?)
insert into member_spot (member_id, score, spot_id, member_spot_id) values (25, 0.0, 874, 3280);
2022-10-10 14:33:47.550  INFO 4460 --- [    Test worker] p6spy                                    : #1665380027550 | took 0ms | statement | connection 28| url jdbc:h2:mem:ad3a9e80-f26d-4a3e-9691-17f803db5723
insert into review (content, spot_id, review_id) values (?, ?, ?)
insert into review (content, spot_id, review_id) values ('java.io.StringReader@69ea4ba1', 871, 808);
2022-10-10 14:33:47.550  INFO 4460 --- [    Test worker] p6spy                                    : #1665380027550 | took 0ms | statement | connection 28| url jdbc:h2:mem:ad3a9e80-f26d-4a3e-9691-17f803db5723
insert into score (facility_rank, facility_score, price_rank, price_score, rank_average, surround_rank, surround_score, view_rank, view_score, score_id) values (?, ?, ?, ?, ?, ?, ?, ?, ?, ?)
insert into score (facility_rank, facility_score, price_rank, price_score, rank_average, surround_rank, surround_score, view_rank, view_score, score_id) values (2.9276699895963363, 2.290202528544687, 9.05877675161929, 9.787014076919426, 3.1982548450880435, 9.204925455840527, 4.4335538024105485, 7.2262834154840005, 8.815751813544058, 807);
2022-10-10 14:33:47.550  INFO 4460 --- [    Test worker] p6spy                                    : #1665380027550 | took 0ms | statement | connection 28| url jdbc:h2:mem:ad3a9e80-f26d-4a3e-9691-17f803db5723
insert into picture (spot_id, url, picture_id) values (?, ?, ?)
insert into picture (spot_id, url, picture_id) values (NULL, 'java.io.StringReader@2d4db28e', 3281);
2022-10-10 14:33:47.550  INFO 4460 --- [    Test worker] p6spy                                    : #1665380027550 | took 0ms | statement | connection 28| url jdbc:h2:mem:ad3a9e80-f26d-4a3e-9691-17f803db5723
insert into picture (spot_id, url, picture_id) values (?, ?, ?)
insert into picture (spot_id, url, picture_id) values (NULL, 'java.io.StringReader@6d26c394', 3282);
2022-10-10 14:33:47.550  INFO 4460 --- [    Test worker] p6spy                                    : #1665380027550 | took 0ms | statement | connection 28| url jdbc:h2:mem:ad3a9e80-f26d-4a3e-9691-17f803db5723
insert into picture (spot_id, url, picture_id) values (?, ?, ?)
insert into picture (spot_id, url, picture_id) values (NULL, 'java.io.StringReader@7c8620ac', 3283);
2022-10-10 14:33:47.550  INFO 4460 --- [    Test worker] p6spy                                    : #1665380027550 | took 0ms | statement | connection 28| url jdbc:h2:mem:ad3a9e80-f26d-4a3e-9691-17f803db5723
insert into spot (address, description, location, name, score_id, spot_id) values (?, ?, ?, ?, ?, ?)
insert into spot (address, description, location, name, score_id, spot_id) values (NULL, NULL, 'Aewol_eup', NULL, 807, 875);
2022-10-10 14:33:47.550  INFO 4460 --- [    Test worker] p6spy                                    : #1665380027550 | took 0ms | statement | connection 28| url jdbc:h2:mem:ad3a9e80-f26d-4a3e-9691-17f803db5723
insert into member_spot (member_id, score, spot_id, member_spot_id) values (?, ?, ?, ?)
insert into member_spot (member_id, score, spot_id, member_spot_id) values (25, 0.0, 875, 3284);
2022-10-10 14:33:47.550  INFO 4460 --- [    Test worker] p6spy                                    : #1665380027550 | took 0ms | statement | connection 28| url jdbc:h2:mem:ad3a9e80-f26d-4a3e-9691-17f803db5723
insert into review (content, spot_id, review_id) values (?, ?, ?)
insert into review (content, spot_id, review_id) values ('java.io.StringReader@701f8b18', 871, 809);
2022-10-10 14:33:47.550  INFO 4460 --- [    Test worker] p6spy                                    : #1665380027550 | took 0ms | statement | connection 28| url jdbc:h2:mem:ad3a9e80-f26d-4a3e-9691-17f803db5723
insert into favorite_spot (count, favorite_id, spot_id, favorite_spot_id) values (?, ?, ?, ?)
insert into favorite_spot (count, favorite_id, spot_id, favorite_spot_id) values (0, 44, 875, 581);
2022-10-10 14:33:47.550  INFO 4460 --- [    Test worker] p6spy                                    : #1665380027550 | took 0ms | statement | connection 28| url jdbc:h2:mem:ad3a9e80-f26d-4a3e-9691-17f803db5723
insert into score (facility_rank, facility_score, price_rank, price_score, rank_average, surround_rank, surround_score, view_rank, view_score, score_id) values (?, ?, ?, ?, ?, ?, ?, ?, ?, ?)
insert into score (facility_rank, facility_score, price_rank, price_score, rank_average, surround_rank, surround_score, view_rank, view_score, score_id) values (5.748471540017917, 3.2550329951443224, 2.100431229212173, 7.366493856411976, 7.824147898435369, 8.901266154087196, 0.9429849622760444, 5.999405628423414, 0.7346927541084558, 808);
2022-10-10 14:33:47.550  INFO 4460 --- [    Test worker] p6spy                                    : #1665380027550 | took 0ms | statement | connection 28| url jdbc:h2:mem:ad3a9e80-f26d-4a3e-9691-17f803db5723
insert into picture (spot_id, url, picture_id) values (?, ?, ?)
insert into picture (spot_id, url, picture_id) values (NULL, 'java.io.StringReader@5d308dfd', 3285);
2022-10-10 14:33:47.550  INFO 4460 --- [    Test worker] p6spy                                    : #1665380027550 | took 0ms | statement | connection 28| url jdbc:h2:mem:ad3a9e80-f26d-4a3e-9691-17f803db5723
insert into picture (spot_id, url, picture_id) values (?, ?, ?)
insert into picture (spot_id, url, picture_id) values (NULL, 'java.io.StringReader@5e8d85ce', 3286);
2022-10-10 14:33:47.550  INFO 4460 --- [    Test worker] p6spy                                    : #1665380027550 | took 0ms | statement | connection 28| url jdbc:h2:mem:ad3a9e80-f26d-4a3e-9691-17f803db5723
insert into picture (spot_id, url, picture_id) values (?, ?, ?)
insert into picture (spot_id, url, picture_id) values (NULL, 'java.io.StringReader@4ba7954c', 3287);
2022-10-10 14:33:47.550  INFO 4460 --- [    Test worker] p6spy                                    : #1665380027550 | took 0ms | statement | connection 28| url jdbc:h2:mem:ad3a9e80-f26d-4a3e-9691-17f803db5723
insert into spot (address, description, location, name, score_id, spot_id) values (?, ?, ?, ?, ?, ?)
insert into spot (address, description, location, name, score_id, spot_id) values (NULL, NULL, 'Aewol_eup', NULL, 808, 876);
2022-10-10 14:33:47.550  INFO 4460 --- [    Test worker] p6spy                                    : #1665380027550 | took 0ms | statement | connection 28| url jdbc:h2:mem:ad3a9e80-f26d-4a3e-9691-17f803db5723
insert into member_spot (member_id, score, spot_id, member_spot_id) values (?, ?, ?, ?)
insert into member_spot (member_id, score, spot_id, member_spot_id) values (25, 0.0, 876, 3288);
2022-10-10 14:33:47.550  INFO 4460 --- [    Test worker] p6spy                                    : #1665380027550 | took 0ms | statement | connection 28| url jdbc:h2:mem:ad3a9e80-f26d-4a3e-9691-17f803db5723
insert into review (content, spot_id, review_id) values (?, ?, ?)
insert into review (content, spot_id, review_id) values ('java.io.StringReader@31fafeeb', 871, 810);
2022-10-10 14:33:47.550  INFO 4460 --- [    Test worker] p6spy                                    : #1665380027550 | took 0ms | statement | connection 28| url jdbc:h2:mem:ad3a9e80-f26d-4a3e-9691-17f803db5723
insert into score (facility_rank, facility_score, price_rank, price_score, rank_average, surround_rank, surround_score, view_rank, view_score, score_id) values (?, ?, ?, ?, ?, ?, ?, ?, ?, ?)
insert into score (facility_rank, facility_score, price_rank, price_score, rank_average, surround_rank, surround_score, view_rank, view_score, score_id) values (3.946040236706909, 6.575311240583765, 8.23675944280463, 8.25994251557399, 0.16532151517238858, 9.701641651953112, 5.977011538526181, 8.325794635600413, 0.9733626769487269, 809);
2022-10-10 14:33:47.550  INFO 4460 --- [    Test worker] p6spy                                    : #1665380027550 | took 0ms | statement | connection 28| url jdbc:h2:mem:ad3a9e80-f26d-4a3e-9691-17f803db5723
insert into picture (spot_id, url, picture_id) values (?, ?, ?)
insert into picture (spot_id, url, picture_id) values (NULL, 'java.io.StringReader@1d65e6c0', 3289);
2022-10-10 14:33:47.550  INFO 4460 --- [    Test worker] p6spy                                    : #1665380027550 | took 0ms | statement | connection 28| url jdbc:h2:mem:ad3a9e80-f26d-4a3e-9691-17f803db5723
insert into picture (spot_id, url, picture_id) values (?, ?, ?)
insert into picture (spot_id, url, picture_id) values (NULL, 'java.io.StringReader@18848665', 3290);
2022-10-10 14:33:47.550  INFO 4460 --- [    Test worker] p6spy                                    : #1665380027550 | took 0ms | statement | connection 28| url jdbc:h2:mem:ad3a9e80-f26d-4a3e-9691-17f803db5723
insert into picture (spot_id, url, picture_id) values (?, ?, ?)
insert into picture (spot_id, url, picture_id) values (NULL, 'java.io.StringReader@555fca5b', 3291);
2022-10-10 14:33:47.550  INFO 4460 --- [    Test worker] p6spy                                    : #1665380027550 | took 0ms | statement | connection 28| url jdbc:h2:mem:ad3a9e80-f26d-4a3e-9691-17f803db5723
insert into spot (address, description, location, name, score_id, spot_id) values (?, ?, ?, ?, ?, ?)
insert into spot (address, description, location, name, score_id, spot_id) values (NULL, NULL, 'Aewol_eup', NULL, 809, 877);
2022-10-10 14:33:47.550  INFO 4460 --- [    Test worker] p6spy                                    : #1665380027550 | took 0ms | statement | connection 28| url jdbc:h2:mem:ad3a9e80-f26d-4a3e-9691-17f803db5723
insert into member_spot (member_id, score, spot_id, member_spot_id) values (?, ?, ?, ?)
insert into member_spot (member_id, score, spot_id, member_spot_id) values (25, 0.0, 877, 3292);
2022-10-10 14:33:47.550  INFO 4460 --- [    Test worker] p6spy                                    : #1665380027550 | took 0ms | statement | connection 28| url jdbc:h2:mem:ad3a9e80-f26d-4a3e-9691-17f803db5723
insert into review (content, spot_id, review_id) values (?, ?, ?)
insert into review (content, spot_id, review_id) values ('java.io.StringReader@f357b3a', 871, 811);
2022-10-10 14:33:47.551  INFO 4460 --- [    Test worker] p6spy                                    : #1665380027551 | took 0ms | statement | connection 28| url jdbc:h2:mem:ad3a9e80-f26d-4a3e-9691-17f803db5723
insert into favorite_spot (count, favorite_id, spot_id, favorite_spot_id) values (?, ?, ?, ?)
insert into favorite_spot (count, favorite_id, spot_id, favorite_spot_id) values (0, 44, 877, 582);
2022-10-10 14:33:47.551  INFO 4460 --- [    Test worker] p6spy                                    : #1665380027551 | took 0ms | statement | connection 28| url jdbc:h2:mem:ad3a9e80-f26d-4a3e-9691-17f803db5723
insert into score (facility_rank, facility_score, price_rank, price_score, rank_average, surround_rank, surround_score, view_rank, view_score, score_id) values (?, ?, ?, ?, ?, ?, ?, ?, ?, ?)
insert into score (facility_rank, facility_score, price_rank, price_score, rank_average, surround_rank, surround_score, view_rank, view_score, score_id) values (2.005399006338484, 6.582786835713975, 0.027649290120234093, 4.457455576483529, 8.719729240070556, 7.904457367899967, 2.079954162096599, 3.6055865092302772, 3.8920144097993115, 810);
2022-10-10 14:33:47.551  INFO 4460 --- [    Test worker] p6spy                                    : #1665380027551 | took 0ms | statement | connection 28| url jdbc:h2:mem:ad3a9e80-f26d-4a3e-9691-17f803db5723
insert into picture (spot_id, url, picture_id) values (?, ?, ?)
insert into picture (spot_id, url, picture_id) values (NULL, 'java.io.StringReader@1d2901b6', 3293);
2022-10-10 14:33:47.551  INFO 4460 --- [    Test worker] p6spy                                    : #1665380027551 | took 0ms | statement | connection 28| url jdbc:h2:mem:ad3a9e80-f26d-4a3e-9691-17f803db5723
insert into picture (spot_id, url, picture_id) values (?, ?, ?)
insert into picture (spot_id, url, picture_id) values (NULL, 'java.io.StringReader@2e92f232', 3294);
2022-10-10 14:33:47.551  INFO 4460 --- [    Test worker] p6spy                                    : #1665380027551 | took 0ms | statement | connection 28| url jdbc:h2:mem:ad3a9e80-f26d-4a3e-9691-17f803db5723
insert into picture (spot_id, url, picture_id) values (?, ?, ?)
insert into picture (spot_id, url, picture_id) values (NULL, 'java.io.StringReader@48bbcd9d', 3295);
2022-10-10 14:33:47.551  INFO 4460 --- [    Test worker] p6spy                                    : #1665380027551 | took 0ms | statement | connection 28| url jdbc:h2:mem:ad3a9e80-f26d-4a3e-9691-17f803db5723
insert into spot (address, description, location, name, score_id, spot_id) values (?, ?, ?, ?, ?, ?)
insert into spot (address, description, location, name, score_id, spot_id) values (NULL, NULL, 'Aewol_eup', NULL, 810, 878);
2022-10-10 14:33:47.551  INFO 4460 --- [    Test worker] p6spy                                    : #1665380027551 | took 0ms | statement | connection 28| url jdbc:h2:mem:ad3a9e80-f26d-4a3e-9691-17f803db5723
insert into member_spot (member_id, score, spot_id, member_spot_id) values (?, ?, ?, ?)
insert into member_spot (member_id, score, spot_id, member_spot_id) values (25, 0.0, 878, 3296);
2022-10-10 14:33:47.551  INFO 4460 --- [    Test worker] p6spy                                    : #1665380027551 | took 0ms | statement | connection 28| url jdbc:h2:mem:ad3a9e80-f26d-4a3e-9691-17f803db5723
insert into review (content, spot_id, review_id) values (?, ?, ?)
insert into review (content, spot_id, review_id) values ('java.io.StringReader@124bd5a4', 871, 812);
2022-10-10 14:33:47.551  INFO 4460 --- [    Test worker] p6spy                                    : #1665380027551 | took 0ms | statement | connection 28| url jdbc:h2:mem:ad3a9e80-f26d-4a3e-9691-17f803db5723
insert into score (facility_rank, facility_score, price_rank, price_score, rank_average, surround_rank, surround_score, view_rank, view_score, score_id) values (?, ?, ?, ?, ?, ?, ?, ?, ?, ?)
insert into score (facility_rank, facility_score, price_rank, price_score, rank_average, surround_rank, surround_score, view_rank, view_score, score_id) values (3.554207021055984, 6.183350368058632, 8.51357527700582, 0.5528031580172776, 3.9409277125708666, 7.3972685836394625, 3.636957019389344, 3.9503541062935357, 5.111348712911916, 811);
2022-10-10 14:33:47.551  INFO 4460 --- [    Test worker] p6spy                                    : #1665380027551 | took 0ms | statement | connection 28| url jdbc:h2:mem:ad3a9e80-f26d-4a3e-9691-17f803db5723
insert into picture (spot_id, url, picture_id) values (?, ?, ?)
insert into picture (spot_id, url, picture_id) values (NULL, 'java.io.StringReader@1f490b6d', 3297);
2022-10-10 14:33:47.551  INFO 4460 --- [    Test worker] p6spy                                    : #1665380027551 | took 0ms | statement | connection 28| url jdbc:h2:mem:ad3a9e80-f26d-4a3e-9691-17f803db5723
insert into picture (spot_id, url, picture_id) values (?, ?, ?)
insert into picture (spot_id, url, picture_id) values (NULL, 'java.io.StringReader@42eaa450', 3298);
2022-10-10 14:33:47.551  INFO 4460 --- [    Test worker] p6spy                                    : #1665380027551 | took 0ms | statement | connection 28| url jdbc:h2:mem:ad3a9e80-f26d-4a3e-9691-17f803db5723
insert into picture (spot_id, url, picture_id) values (?, ?, ?)
insert into picture (spot_id, url, picture_id) values (NULL, 'java.io.StringReader@2f6e70fe', 3299);
2022-10-10 14:33:47.551  INFO 4460 --- [    Test worker] p6spy                                    : #1665380027551 | took 0ms | statement | connection 28| url jdbc:h2:mem:ad3a9e80-f26d-4a3e-9691-17f803db5723
insert into spot (address, description, location, name, score_id, spot_id) values (?, ?, ?, ?, ?, ?)
insert into spot (address, description, location, name, score_id, spot_id) values (NULL, NULL, 'Aewol_eup', NULL, 811, 879);
2022-10-10 14:33:47.551  INFO 4460 --- [    Test worker] p6spy                                    : #1665380027551 | took 0ms | statement | connection 28| url jdbc:h2:mem:ad3a9e80-f26d-4a3e-9691-17f803db5723
insert into member_spot (member_id, score, spot_id, member_spot_id) values (?, ?, ?, ?)
insert into member_spot (member_id, score, spot_id, member_spot_id) values (25, 0.0, 879, 3300);
2022-10-10 14:33:47.551  INFO 4460 --- [    Test worker] p6spy                                    : #1665380027551 | took 0ms | statement | connection 28| url jdbc:h2:mem:ad3a9e80-f26d-4a3e-9691-17f803db5723
insert into review (content, spot_id, review_id) values (?, ?, ?)
insert into review (content, spot_id, review_id) values ('java.io.StringReader@23968461', 871, 813);
2022-10-10 14:33:47.551  INFO 4460 --- [    Test worker] p6spy                                    : #1665380027551 | took 0ms | statement | connection 28| url jdbc:h2:mem:ad3a9e80-f26d-4a3e-9691-17f803db5723
insert into favorite_spot (count, favorite_id, spot_id, favorite_spot_id) values (?, ?, ?, ?)
insert into favorite_spot (count, favorite_id, spot_id, favorite_spot_id) values (0, 44, 879, 583);
2022-10-10 14:33:47.551  INFO 4460 --- [    Test worker] p6spy                                    : #1665380027551 | took 0ms | statement | connection 28| url jdbc:h2:mem:ad3a9e80-f26d-4a3e-9691-17f803db5723
insert into score (facility_rank, facility_score, price_rank, price_score, rank_average, surround_rank, surround_score, view_rank, view_score, score_id) values (?, ?, ?, ?, ?, ?, ?, ?, ?, ?)
insert into score (facility_rank, facility_score, price_rank, price_score, rank_average, surround_rank, surround_score, view_rank, view_score, score_id) values (7.600157118831677, 6.089420012374973, 2.576601605823683, 7.724753182166795, 3.499042456581102, 9.576958725047104, 9.05463840061111, 9.848114227154149, 4.607914721123213, 812);
2022-10-10 14:33:47.551  INFO 4460 --- [    Test worker] p6spy                                    : #1665380027551 | took 0ms | statement | connection 28| url jdbc:h2:mem:ad3a9e80-f26d-4a3e-9691-17f803db5723
insert into picture (spot_id, url, picture_id) values (?, ?, ?)
insert into picture (spot_id, url, picture_id) values (NULL, 'java.io.StringReader@5c1ce862', 3301);
2022-10-10 14:33:47.551  INFO 4460 --- [    Test worker] p6spy                                    : #1665380027551 | took 0ms | statement | connection 28| url jdbc:h2:mem:ad3a9e80-f26d-4a3e-9691-17f803db5723
insert into picture (spot_id, url, picture_id) values (?, ?, ?)
insert into picture (spot_id, url, picture_id) values (NULL, 'java.io.StringReader@4c67d22a', 3302);
2022-10-10 14:33:47.551  INFO 4460 --- [    Test worker] p6spy                                    : #1665380027551 | took 0ms | statement | connection 28| url jdbc:h2:mem:ad3a9e80-f26d-4a3e-9691-17f803db5723
insert into picture (spot_id, url, picture_id) values (?, ?, ?)
insert into picture (spot_id, url, picture_id) values (NULL, 'java.io.StringReader@6ad38060', 3303);
2022-10-10 14:33:47.551  INFO 4460 --- [    Test worker] p6spy                                    : #1665380027551 | took 0ms | statement | connection 28| url jdbc:h2:mem:ad3a9e80-f26d-4a3e-9691-17f803db5723
insert into spot (address, description, location, name, score_id, spot_id) values (?, ?, ?, ?, ?, ?)
insert into spot (address, description, location, name, score_id, spot_id) values (NULL, NULL, 'Aewol_eup', NULL, 812, 880);
2022-10-10 14:33:47.551  INFO 4460 --- [    Test worker] p6spy                                    : #1665380027551 | took 0ms | statement | connection 28| url jdbc:h2:mem:ad3a9e80-f26d-4a3e-9691-17f803db5723
insert into member_spot (member_id, score, spot_id, member_spot_id) values (?, ?, ?, ?)
insert into member_spot (member_id, score, spot_id, member_spot_id) values (25, 0.0, 880, 3304);
2022-10-10 14:33:47.551  INFO 4460 --- [    Test worker] p6spy                                    : #1665380027551 | took 0ms | statement | connection 28| url jdbc:h2:mem:ad3a9e80-f26d-4a3e-9691-17f803db5723
insert into review (content, spot_id, review_id) values (?, ?, ?)
insert into review (content, spot_id, review_id) values ('java.io.StringReader@611b56c1', 871, 814);
2022-10-10 14:33:47.551  INFO 4460 --- [    Test worker] p6spy                                    : #1665380027551 | took 0ms | statement | connection 28| url jdbc:h2:mem:ad3a9e80-f26d-4a3e-9691-17f803db5723
insert into score (facility_rank, facility_score, price_rank, price_score, rank_average, surround_rank, surround_score, view_rank, view_score, score_id) values (?, ?, ?, ?, ?, ?, ?, ?, ?, ?)
insert into score (facility_rank, facility_score, price_rank, price_score, rank_average, surround_rank, surround_score, view_rank, view_score, score_id) values (5.7337167225548, 7.2439030445753545, 8.993453285304488, 7.895297135637698, 9.121451347768536, 0.6373540194811367, 0.7046431185419477, 3.227778838130546, 1.5741919445495822, 813);
2022-10-10 14:33:47.551  INFO 4460 --- [    Test worker] p6spy                                    : #1665380027551 | took 0ms | statement | connection 28| url jdbc:h2:mem:ad3a9e80-f26d-4a3e-9691-17f803db5723
insert into picture (spot_id, url, picture_id) values (?, ?, ?)
insert into picture (spot_id, url, picture_id) values (NULL, 'java.io.StringReader@6223cd95', 3305);
2022-10-10 14:33:47.551  INFO 4460 --- [    Test worker] p6spy                                    : #1665380027551 | took 0ms | statement | connection 28| url jdbc:h2:mem:ad3a9e80-f26d-4a3e-9691-17f803db5723
insert into picture (spot_id, url, picture_id) values (?, ?, ?)
insert into picture (spot_id, url, picture_id) values (NULL, 'java.io.StringReader@681e3e39', 3306);
2022-10-10 14:33:47.551  INFO 4460 --- [    Test worker] p6spy                                    : #1665380027551 | took 0ms | statement | connection 28| url jdbc:h2:mem:ad3a9e80-f26d-4a3e-9691-17f803db5723
insert into picture (spot_id, url, picture_id) values (?, ?, ?)
insert into picture (spot_id, url, picture_id) values (NULL, 'java.io.StringReader@7a15ab91', 3307);
2022-10-10 14:33:47.551  INFO 4460 --- [    Test worker] p6spy                                    : #1665380027551 | took 0ms | statement | connection 28| url jdbc:h2:mem:ad3a9e80-f26d-4a3e-9691-17f803db5723
insert into spot (address, description, location, name, score_id, spot_id) values (?, ?, ?, ?, ?, ?)
insert into spot (address, description, location, name, score_id, spot_id) values (NULL, NULL, 'Aewol_eup', NULL, 813, 881);
2022-10-10 14:33:47.551  INFO 4460 --- [    Test worker] p6spy                                    : #1665380027551 | took 0ms | statement | connection 28| url jdbc:h2:mem:ad3a9e80-f26d-4a3e-9691-17f803db5723
insert into member_spot (member_id, score, spot_id, member_spot_id) values (?, ?, ?, ?)
insert into member_spot (member_id, score, spot_id, member_spot_id) values (25, 0.0, 881, 3308);
2022-10-10 14:33:47.551  INFO 4460 --- [    Test worker] p6spy                                    : #1665380027551 | took 0ms | statement | connection 28| url jdbc:h2:mem:ad3a9e80-f26d-4a3e-9691-17f803db5723
insert into review (content, spot_id, review_id) values (?, ?, ?)
insert into review (content, spot_id, review_id) values ('java.io.StringReader@5d1804cf', 871, 815);
2022-10-10 14:33:47.551  INFO 4460 --- [    Test worker] p6spy                                    : #1665380027551 | took 0ms | statement | connection 28| url jdbc:h2:mem:ad3a9e80-f26d-4a3e-9691-17f803db5723
insert into favorite_spot (count, favorite_id, spot_id, favorite_spot_id) values (?, ?, ?, ?)
insert into favorite_spot (count, favorite_id, spot_id, favorite_spot_id) values (0, 44, 881, 584);
2022-10-10 14:33:47.551  INFO 4460 --- [    Test worker] p6spy                                    : #1665380027551 | took 0ms | statement | connection 28| url jdbc:h2:mem:ad3a9e80-f26d-4a3e-9691-17f803db5723
insert into score (facility_rank, facility_score, price_rank, price_score, rank_average, surround_rank, surround_score, view_rank, view_score, score_id) values (?, ?, ?, ?, ?, ?, ?, ?, ?, ?)
insert into score (facility_rank, facility_score, price_rank, price_score, rank_average, surround_rank, surround_score, view_rank, view_score, score_id) values (5.062151662124711, 2.132938621887388, 5.012921476134684, 1.8972039607202518, 3.929266938798329, 0.6797513428575996, 8.348996256984343, 5.312024908892129, 8.222032658819305, 814);
2022-10-10 14:33:47.551  INFO 4460 --- [    Test worker] p6spy                                    : #1665380027551 | took 0ms | statement | connection 28| url jdbc:h2:mem:ad3a9e80-f26d-4a3e-9691-17f803db5723
insert into picture (spot_id, url, picture_id) values (?, ?, ?)
insert into picture (spot_id, url, picture_id) values (NULL, 'java.io.StringReader@5aeb42b7', 3309);
2022-10-10 14:33:47.551  INFO 4460 --- [    Test worker] p6spy                                    : #1665380027551 | took 0ms | statement | connection 28| url jdbc:h2:mem:ad3a9e80-f26d-4a3e-9691-17f803db5723
insert into picture (spot_id, url, picture_id) values (?, ?, ?)
insert into picture (spot_id, url, picture_id) values (NULL, 'java.io.StringReader@496088c5', 3310);
2022-10-10 14:33:47.552  INFO 4460 --- [    Test worker] p6spy                                    : #1665380027551 | took 0ms | statement | connection 28| url jdbc:h2:mem:ad3a9e80-f26d-4a3e-9691-17f803db5723
insert into picture (spot_id, url, picture_id) values (?, ?, ?)
insert into picture (spot_id, url, picture_id) values (NULL, 'java.io.StringReader@ccee721', 3311);
2022-10-10 14:33:47.552  INFO 4460 --- [    Test worker] p6spy                                    : #1665380027552 | took 0ms | statement | connection 28| url jdbc:h2:mem:ad3a9e80-f26d-4a3e-9691-17f803db5723
insert into spot (address, description, location, name, score_id, spot_id) values (?, ?, ?, ?, ?, ?)
insert into spot (address, description, location, name, score_id, spot_id) values (NULL, NULL, 'Aewol_eup', NULL, 814, 882);
2022-10-10 14:33:47.552  INFO 4460 --- [    Test worker] p6spy                                    : #1665380027552 | took 0ms | statement | connection 28| url jdbc:h2:mem:ad3a9e80-f26d-4a3e-9691-17f803db5723
insert into member_spot (member_id, score, spot_id, member_spot_id) values (?, ?, ?, ?)
insert into member_spot (member_id, score, spot_id, member_spot_id) values (25, 0.0, 882, 3312);
2022-10-10 14:33:47.552  INFO 4460 --- [    Test worker] p6spy                                    : #1665380027552 | took 0ms | statement | connection 28| url jdbc:h2:mem:ad3a9e80-f26d-4a3e-9691-17f803db5723
insert into review (content, spot_id, review_id) values (?, ?, ?)
insert into review (content, spot_id, review_id) values ('java.io.StringReader@63585495', 871, 816);
2022-10-10 14:33:47.552  INFO 4460 --- [    Test worker] p6spy                                    : #1665380027552 | took 0ms | statement | connection 28| url jdbc:h2:mem:ad3a9e80-f26d-4a3e-9691-17f803db5723
insert into score (facility_rank, facility_score, price_rank, price_score, rank_average, surround_rank, surround_score, view_rank, view_score, score_id) values (?, ?, ?, ?, ?, ?, ?, ?, ?, ?)
insert into score (facility_rank, facility_score, price_rank, price_score, rank_average, surround_rank, surround_score, view_rank, view_score, score_id) values (7.711718536963639, 2.936318553601367, 6.704977284759316, 0.08371693081575482, 4.365958984527408, 1.3513272749646188, 2.1678760911828077, 5.863983325716728, 9.03274331072193, 815);
2022-10-10 14:33:47.552  INFO 4460 --- [    Test worker] p6spy                                    : #1665380027552 | took 0ms | statement | connection 28| url jdbc:h2:mem:ad3a9e80-f26d-4a3e-9691-17f803db5723
insert into picture (spot_id, url, picture_id) values (?, ?, ?)
insert into picture (spot_id, url, picture_id) values (NULL, 'java.io.StringReader@4becd17a', 3313);
2022-10-10 14:33:47.552  INFO 4460 --- [    Test worker] p6spy                                    : #1665380027552 | took 0ms | statement | connection 28| url jdbc:h2:mem:ad3a9e80-f26d-4a3e-9691-17f803db5723
insert into picture (spot_id, url, picture_id) values (?, ?, ?)
insert into picture (spot_id, url, picture_id) values (NULL, 'java.io.StringReader@7042c37a', 3314);
2022-10-10 14:33:47.552  INFO 4460 --- [    Test worker] p6spy                                    : #1665380027552 | took 0ms | statement | connection 28| url jdbc:h2:mem:ad3a9e80-f26d-4a3e-9691-17f803db5723
insert into picture (spot_id, url, picture_id) values (?, ?, ?)
insert into picture (spot_id, url, picture_id) values (NULL, 'java.io.StringReader@60466cab', 3315);
2022-10-10 14:33:47.552  INFO 4460 --- [    Test worker] p6spy                                    : #1665380027552 | took 0ms | statement | connection 28| url jdbc:h2:mem:ad3a9e80-f26d-4a3e-9691-17f803db5723
insert into spot (address, description, location, name, score_id, spot_id) values (?, ?, ?, ?, ?, ?)
insert into spot (address, description, location, name, score_id, spot_id) values (NULL, NULL, 'Aewol_eup', NULL, 815, 883);
2022-10-10 14:33:47.552  INFO 4460 --- [    Test worker] p6spy                                    : #1665380027552 | took 0ms | statement | connection 28| url jdbc:h2:mem:ad3a9e80-f26d-4a3e-9691-17f803db5723
insert into member_spot (member_id, score, spot_id, member_spot_id) values (?, ?, ?, ?)
insert into member_spot (member_id, score, spot_id, member_spot_id) values (25, 0.0, 883, 3316);
2022-10-10 14:33:47.552  INFO 4460 --- [    Test worker] p6spy                                    : #1665380027552 | took 0ms | statement | connection 28| url jdbc:h2:mem:ad3a9e80-f26d-4a3e-9691-17f803db5723
insert into review (content, spot_id, review_id) values (?, ?, ?)
insert into review (content, spot_id, review_id) values ('java.io.StringReader@7cd3f90d', 871, 817);
2022-10-10 14:33:47.552  INFO 4460 --- [    Test worker] p6spy                                    : #1665380027552 | took 0ms | statement | connection 28| url jdbc:h2:mem:ad3a9e80-f26d-4a3e-9691-17f803db5723
insert into favorite_spot (count, favorite_id, spot_id, favorite_spot_id) values (?, ?, ?, ?)
insert into favorite_spot (count, favorite_id, spot_id, favorite_spot_id) values (0, 44, 883, 585);
2022-10-10 14:33:47.552  INFO 4460 --- [    Test worker] p6spy                                    : #1665380027552 | took 0ms | statement | connection 28| url jdbc:h2:mem:ad3a9e80-f26d-4a3e-9691-17f803db5723
insert into score (facility_rank, facility_score, price_rank, price_score, rank_average, surround_rank, surround_score, view_rank, view_score, score_id) values (?, ?, ?, ?, ?, ?, ?, ?, ?, ?)
insert into score (facility_rank, facility_score, price_rank, price_score, rank_average, surround_rank, surround_score, view_rank, view_score, score_id) values (6.341596235603118, 7.1972494481347535, 5.124359318963117, 9.37064030303641, 6.7839409009499985, 2.9430381743675857, 5.062517854593032, 5.665826868742804, 6.5996054631670305, 816);
2022-10-10 14:33:47.552  INFO 4460 --- [    Test worker] p6spy                                    : #1665380027552 | took 0ms | statement | connection 28| url jdbc:h2:mem:ad3a9e80-f26d-4a3e-9691-17f803db5723
insert into picture (spot_id, url, picture_id) values (?, ?, ?)
insert into picture (spot_id, url, picture_id) values (NULL, 'java.io.StringReader@78b70625', 3317);
2022-10-10 14:33:47.552  INFO 4460 --- [    Test worker] p6spy                                    : #1665380027552 | took 0ms | statement | connection 28| url jdbc:h2:mem:ad3a9e80-f26d-4a3e-9691-17f803db5723
insert into picture (spot_id, url, picture_id) values (?, ?, ?)
insert into picture (spot_id, url, picture_id) values (NULL, 'java.io.StringReader@3448625f', 3318);
2022-10-10 14:33:47.552  INFO 4460 --- [    Test worker] p6spy                                    : #1665380027552 | took 0ms | statement | connection 28| url jdbc:h2:mem:ad3a9e80-f26d-4a3e-9691-17f803db5723
insert into picture (spot_id, url, picture_id) values (?, ?, ?)
insert into picture (spot_id, url, picture_id) values (NULL, 'java.io.StringReader@22db0547', 3319);
2022-10-10 14:33:47.552  INFO 4460 --- [    Test worker] p6spy                                    : #1665380027552 | took 0ms | statement | connection 28| url jdbc:h2:mem:ad3a9e80-f26d-4a3e-9691-17f803db5723
insert into spot (address, description, location, name, score_id, spot_id) values (?, ?, ?, ?, ?, ?)
insert into spot (address, description, location, name, score_id, spot_id) values (NULL, NULL, 'Aewol_eup', NULL, 816, 884);
2022-10-10 14:33:47.552  INFO 4460 --- [    Test worker] p6spy                                    : #1665380027552 | took 0ms | statement | connection 28| url jdbc:h2:mem:ad3a9e80-f26d-4a3e-9691-17f803db5723
insert into member_spot (member_id, score, spot_id, member_spot_id) values (?, ?, ?, ?)
insert into member_spot (member_id, score, spot_id, member_spot_id) values (25, 0.0, 884, 3320);
2022-10-10 14:33:47.552  INFO 4460 --- [    Test worker] p6spy                                    : #1665380027552 | took 0ms | statement | connection 28| url jdbc:h2:mem:ad3a9e80-f26d-4a3e-9691-17f803db5723
insert into review (content, spot_id, review_id) values (?, ?, ?)
insert into review (content, spot_id, review_id) values ('java.io.StringReader@4cab4983', 871, 818);
2022-10-10 14:33:47.552  INFO 4460 --- [    Test worker] p6spy                                    : #1665380027552 | took 0ms | statement | connection 28| url jdbc:h2:mem:ad3a9e80-f26d-4a3e-9691-17f803db5723
insert into score (facility_rank, facility_score, price_rank, price_score, rank_average, surround_rank, surround_score, view_rank, view_score, score_id) values (?, ?, ?, ?, ?, ?, ?, ?, ?, ?)
insert into score (facility_rank, facility_score, price_rank, price_score, rank_average, surround_rank, surround_score, view_rank, view_score, score_id) values (0.2404234442485642, 3.6631155938797377, 3.62815333380801, 8.555081516617935, 0.2367817712787279, 6.082990092492297, 4.677828762220719, 0.07899104092478404, 7.306722596011518, 817);
2022-10-10 14:33:47.552  INFO 4460 --- [    Test worker] p6spy                                    : #1665380027552 | took 0ms | statement | connection 28| url jdbc:h2:mem:ad3a9e80-f26d-4a3e-9691-17f803db5723
insert into picture (spot_id, url, picture_id) values (?, ?, ?)
insert into picture (spot_id, url, picture_id) values (NULL, 'java.io.StringReader@50656b44', 3321);
2022-10-10 14:33:47.552  INFO 4460 --- [    Test worker] p6spy                                    : #1665380027552 | took 0ms | statement | connection 28| url jdbc:h2:mem:ad3a9e80-f26d-4a3e-9691-17f803db5723
insert into picture (spot_id, url, picture_id) values (?, ?, ?)
insert into picture (spot_id, url, picture_id) values (NULL, 'java.io.StringReader@7f7cab66', 3322);
2022-10-10 14:33:47.552  INFO 4460 --- [    Test worker] p6spy                                    : #1665380027552 | took 0ms | statement | connection 28| url jdbc:h2:mem:ad3a9e80-f26d-4a3e-9691-17f803db5723
insert into picture (spot_id, url, picture_id) values (?, ?, ?)
insert into picture (spot_id, url, picture_id) values (NULL, 'java.io.StringReader@4812eea3', 3323);
2022-10-10 14:33:47.552  INFO 4460 --- [    Test worker] p6spy                                    : #1665380027552 | took 0ms | statement | connection 28| url jdbc:h2:mem:ad3a9e80-f26d-4a3e-9691-17f803db5723
insert into spot (address, description, location, name, score_id, spot_id) values (?, ?, ?, ?, ?, ?)
insert into spot (address, description, location, name, score_id, spot_id) values (NULL, NULL, 'Aewol_eup', NULL, 817, 885);
2022-10-10 14:33:47.552  INFO 4460 --- [    Test worker] p6spy                                    : #1665380027552 | took 0ms | statement | connection 28| url jdbc:h2:mem:ad3a9e80-f26d-4a3e-9691-17f803db5723
insert into member_spot (member_id, score, spot_id, member_spot_id) values (?, ?, ?, ?)
insert into member_spot (member_id, score, spot_id, member_spot_id) values (25, 0.0, 885, 3324);
2022-10-10 14:33:47.552  INFO 4460 --- [    Test worker] p6spy                                    : #1665380027552 | took 0ms | statement | connection 28| url jdbc:h2:mem:ad3a9e80-f26d-4a3e-9691-17f803db5723
insert into review (content, spot_id, review_id) values (?, ?, ?)
insert into review (content, spot_id, review_id) values ('java.io.StringReader@76e2a225', 871, 819);
2022-10-10 14:33:47.552  INFO 4460 --- [    Test worker] p6spy                                    : #1665380027552 | took 0ms | statement | connection 28| url jdbc:h2:mem:ad3a9e80-f26d-4a3e-9691-17f803db5723
insert into favorite_spot (count, favorite_id, spot_id, favorite_spot_id) values (?, ?, ?, ?)
insert into favorite_spot (count, favorite_id, spot_id, favorite_spot_id) values (0, 44, 885, 586);
2022-10-10 14:33:47.552  INFO 4460 --- [    Test worker] p6spy                                    : #1665380027552 | took 0ms | statement | connection 28| url jdbc:h2:mem:ad3a9e80-f26d-4a3e-9691-17f803db5723
insert into score (facility_rank, facility_score, price_rank, price_score, rank_average, surround_rank, surround_score, view_rank, view_score, score_id) values (?, ?, ?, ?, ?, ?, ?, ?, ?, ?)
insert into score (facility_rank, facility_score, price_rank, price_score, rank_average, surround_rank, surround_score, view_rank, view_score, score_id) values (8.954269317604165, 1.1799425694613042, 1.8120414218334768, 0.31405110000080616, 1.3460521820386784, 5.60491772343158, 2.2713109833374223, 0.15246092778410936, 2.364383479804485, 818);
2022-10-10 14:33:47.552  INFO 4460 --- [    Test worker] p6spy                                    : #1665380027552 | took 0ms | statement | connection 28| url jdbc:h2:mem:ad3a9e80-f26d-4a3e-9691-17f803db5723
insert into picture (spot_id, url, picture_id) values (?, ?, ?)
insert into picture (spot_id, url, picture_id) values (NULL, 'java.io.StringReader@7dae80e6', 3325);
2022-10-10 14:33:47.552  INFO 4460 --- [    Test worker] p6spy                                    : #1665380027552 | took 0ms | statement | connection 28| url jdbc:h2:mem:ad3a9e80-f26d-4a3e-9691-17f803db5723
insert into picture (spot_id, url, picture_id) values (?, ?, ?)
insert into picture (spot_id, url, picture_id) values (NULL, 'java.io.StringReader@1fa5b470', 3326);
2022-10-10 14:33:47.552  INFO 4460 --- [    Test worker] p6spy                                    : #1665380027552 | took 0ms | statement | connection 28| url jdbc:h2:mem:ad3a9e80-f26d-4a3e-9691-17f803db5723
insert into picture (spot_id, url, picture_id) values (?, ?, ?)
insert into picture (spot_id, url, picture_id) values (NULL, 'java.io.StringReader@39ce5462', 3327);
2022-10-10 14:33:47.552  INFO 4460 --- [    Test worker] p6spy                                    : #1665380027552 | took 0ms | statement | connection 28| url jdbc:h2:mem:ad3a9e80-f26d-4a3e-9691-17f803db5723
insert into spot (address, description, location, name, score_id, spot_id) values (?, ?, ?, ?, ?, ?)
insert into spot (address, description, location, name, score_id, spot_id) values (NULL, NULL, 'Aewol_eup', NULL, 818, 886);
2022-10-10 14:33:47.552  INFO 4460 --- [    Test worker] p6spy                                    : #1665380027552 | took 0ms | statement | connection 28| url jdbc:h2:mem:ad3a9e80-f26d-4a3e-9691-17f803db5723
insert into member_spot (member_id, score, spot_id, member_spot_id) values (?, ?, ?, ?)
insert into member_spot (member_id, score, spot_id, member_spot_id) values (25, 0.0, 886, 3328);
2022-10-10 14:33:47.552  INFO 4460 --- [    Test worker] p6spy                                    : #1665380027552 | took 0ms | statement | connection 28| url jdbc:h2:mem:ad3a9e80-f26d-4a3e-9691-17f803db5723
insert into review (content, spot_id, review_id) values (?, ?, ?)
insert into review (content, spot_id, review_id) values ('java.io.StringReader@2d717d9c', 871, 820);
2022-10-10 14:33:47.553  INFO 4460 --- [    Test worker] p6spy                                    : #1665380027553 | took 0ms | statement | connection 28| url jdbc:h2:mem:ad3a9e80-f26d-4a3e-9691-17f803db5723
insert into score (facility_rank, facility_score, price_rank, price_score, rank_average, surround_rank, surround_score, view_rank, view_score, score_id) values (?, ?, ?, ?, ?, ?, ?, ?, ?, ?)
insert into score (facility_rank, facility_score, price_rank, price_score, rank_average, surround_rank, surround_score, view_rank, view_score, score_id) values (1.9684988750416366, 0.0042688462951756545, 5.700057706291567, 3.253432007519481, 0.5438292301230618, 3.4426569627632206, 9.781113220980863, 7.050411244703665, 6.469165228251647, 819);
2022-10-10 14:33:47.553  INFO 4460 --- [    Test worker] p6spy                                    : #1665380027553 | took 0ms | statement | connection 28| url jdbc:h2:mem:ad3a9e80-f26d-4a3e-9691-17f803db5723
insert into picture (spot_id, url, picture_id) values (?, ?, ?)
insert into picture (spot_id, url, picture_id) values (NULL, 'java.io.StringReader@43fa1646', 3329);
2022-10-10 14:33:47.553  INFO 4460 --- [    Test worker] p6spy                                    : #1665380027553 | took 0ms | statement | connection 28| url jdbc:h2:mem:ad3a9e80-f26d-4a3e-9691-17f803db5723
insert into picture (spot_id, url, picture_id) values (?, ?, ?)
insert into picture (spot_id, url, picture_id) values (NULL, 'java.io.StringReader@44c67288', 3330);
2022-10-10 14:33:47.553  INFO 4460 --- [    Test worker] p6spy                                    : #1665380027553 | took 0ms | statement | connection 28| url jdbc:h2:mem:ad3a9e80-f26d-4a3e-9691-17f803db5723
insert into picture (spot_id, url, picture_id) values (?, ?, ?)
insert into picture (spot_id, url, picture_id) values (NULL, 'java.io.StringReader@5b3d9031', 3331);
2022-10-10 14:33:47.553  INFO 4460 --- [    Test worker] p6spy                                    : #1665380027553 | took 0ms | statement | connection 28| url jdbc:h2:mem:ad3a9e80-f26d-4a3e-9691-17f803db5723
insert into spot (address, description, location, name, score_id, spot_id) values (?, ?, ?, ?, ?, ?)
insert into spot (address, description, location, name, score_id, spot_id) values (NULL, NULL, 'Aewol_eup', NULL, 819, 887);
2022-10-10 14:33:47.553  INFO 4460 --- [    Test worker] p6spy                                    : #1665380027553 | took 0ms | statement | connection 28| url jdbc:h2:mem:ad3a9e80-f26d-4a3e-9691-17f803db5723
insert into member_spot (member_id, score, spot_id, member_spot_id) values (?, ?, ?, ?)
insert into member_spot (member_id, score, spot_id, member_spot_id) values (25, 0.0, 887, 3332);
2022-10-10 14:33:47.553  INFO 4460 --- [    Test worker] p6spy                                    : #1665380027553 | took 0ms | statement | connection 28| url jdbc:h2:mem:ad3a9e80-f26d-4a3e-9691-17f803db5723
insert into review (content, spot_id, review_id) values (?, ?, ?)
insert into review (content, spot_id, review_id) values ('java.io.StringReader@43428fbb', 871, 821);
2022-10-10 14:33:47.553  INFO 4460 --- [    Test worker] p6spy                                    : #1665380027553 | took 0ms | statement | connection 28| url jdbc:h2:mem:ad3a9e80-f26d-4a3e-9691-17f803db5723
insert into favorite_spot (count, favorite_id, spot_id, favorite_spot_id) values (?, ?, ?, ?)
insert into favorite_spot (count, favorite_id, spot_id, favorite_spot_id) values (0, 44, 887, 587);
2022-10-10 14:33:47.553  INFO 4460 --- [    Test worker] p6spy                                    : #1665380027553 | took 0ms | statement | connection 28| url jdbc:h2:mem:ad3a9e80-f26d-4a3e-9691-17f803db5723
insert into score (facility_rank, facility_score, price_rank, price_score, rank_average, surround_rank, surround_score, view_rank, view_score, score_id) values (?, ?, ?, ?, ?, ?, ?, ?, ?, ?)
insert into score (facility_rank, facility_score, price_rank, price_score, rank_average, surround_rank, surround_score, view_rank, view_score, score_id) values (7.395339022359463, 9.241015027997408, 6.647994254919594, 2.099800663191669, 4.06849707975442, 2.3170427082348, 7.812709440572734, 3.0401973273521676, 3.8808521259024706, 820);
2022-10-10 14:33:47.553  INFO 4460 --- [    Test worker] p6spy                                    : #1665380027553 | took 0ms | statement | connection 28| url jdbc:h2:mem:ad3a9e80-f26d-4a3e-9691-17f803db5723
insert into picture (spot_id, url, picture_id) values (?, ?, ?)
insert into picture (spot_id, url, picture_id) values (NULL, 'java.io.StringReader@4be4a158', 3333);
2022-10-10 14:33:47.553  INFO 4460 --- [    Test worker] p6spy                                    : #1665380027553 | took 0ms | statement | connection 28| url jdbc:h2:mem:ad3a9e80-f26d-4a3e-9691-17f803db5723
insert into picture (spot_id, url, picture_id) values (?, ?, ?)
insert into picture (spot_id, url, picture_id) values (NULL, 'java.io.StringReader@317334f5', 3334);
2022-10-10 14:33:47.553  INFO 4460 --- [    Test worker] p6spy                                    : #1665380027553 | took 0ms | statement | connection 28| url jdbc:h2:mem:ad3a9e80-f26d-4a3e-9691-17f803db5723
insert into picture (spot_id, url, picture_id) values (?, ?, ?)
insert into picture (spot_id, url, picture_id) values (NULL, 'java.io.StringReader@303c6c8b', 3335);
2022-10-10 14:33:47.553  INFO 4460 --- [    Test worker] p6spy                                    : #1665380027553 | took 0ms | statement | connection 28| url jdbc:h2:mem:ad3a9e80-f26d-4a3e-9691-17f803db5723
insert into spot (address, description, location, name, score_id, spot_id) values (?, ?, ?, ?, ?, ?)
insert into spot (address, description, location, name, score_id, spot_id) values (NULL, NULL, 'Aewol_eup', NULL, 820, 888);
2022-10-10 14:33:47.553  INFO 4460 --- [    Test worker] p6spy                                    : #1665380027553 | took 0ms | statement | connection 28| url jdbc:h2:mem:ad3a9e80-f26d-4a3e-9691-17f803db5723
insert into member_spot (member_id, score, spot_id, member_spot_id) values (?, ?, ?, ?)
insert into member_spot (member_id, score, spot_id, member_spot_id) values (25, 0.0, 888, 3336);
2022-10-10 14:33:47.553  INFO 4460 --- [    Test worker] p6spy                                    : #1665380027553 | took 0ms | statement | connection 28| url jdbc:h2:mem:ad3a9e80-f26d-4a3e-9691-17f803db5723
insert into review (content, spot_id, review_id) values (?, ?, ?)
insert into review (content, spot_id, review_id) values ('java.io.StringReader@686986fe', 871, 822);
2022-10-10 14:33:47.553  INFO 4460 --- [    Test worker] p6spy                                    : #1665380027553 | took 0ms | statement | connection 28| url jdbc:h2:mem:ad3a9e80-f26d-4a3e-9691-17f803db5723
insert into score (facility_rank, facility_score, price_rank, price_score, rank_average, surround_rank, surround_score, view_rank, view_score, score_id) values (?, ?, ?, ?, ?, ?, ?, ?, ?, ?)
insert into score (facility_rank, facility_score, price_rank, price_score, rank_average, surround_rank, surround_score, view_rank, view_score, score_id) values (2.125112956125367, 9.343101828927288, 2.721323066578414, 3.3724362771830316, 5.246194753297038, 5.770515769314083, 2.8782326739864263, 6.980719546193895, 6.925912982225597, 821);
2022-10-10 14:33:47.553  INFO 4460 --- [    Test worker] p6spy                                    : #1665380027553 | took 0ms | statement | connection 28| url jdbc:h2:mem:ad3a9e80-f26d-4a3e-9691-17f803db5723
insert into picture (spot_id, url, picture_id) values (?, ?, ?)
insert into picture (spot_id, url, picture_id) values (NULL, 'java.io.StringReader@3d68a666', 3337);
2022-10-10 14:33:47.553  INFO 4460 --- [    Test worker] p6spy                                    : #1665380027553 | took 0ms | statement | connection 28| url jdbc:h2:mem:ad3a9e80-f26d-4a3e-9691-17f803db5723
insert into picture (spot_id, url, picture_id) values (?, ?, ?)
insert into picture (spot_id, url, picture_id) values (NULL, 'java.io.StringReader@7e94c42b', 3338);
2022-10-10 14:33:47.553  INFO 4460 --- [    Test worker] p6spy                                    : #1665380027553 | took 0ms | statement | connection 28| url jdbc:h2:mem:ad3a9e80-f26d-4a3e-9691-17f803db5723
insert into picture (spot_id, url, picture_id) values (?, ?, ?)
insert into picture (spot_id, url, picture_id) values (NULL, 'java.io.StringReader@12d3bd6e', 3339);
2022-10-10 14:33:47.553  INFO 4460 --- [    Test worker] p6spy                                    : #1665380027553 | took 0ms | statement | connection 28| url jdbc:h2:mem:ad3a9e80-f26d-4a3e-9691-17f803db5723
insert into spot (address, description, location, name, score_id, spot_id) values (?, ?, ?, ?, ?, ?)
insert into spot (address, description, location, name, score_id, spot_id) values (NULL, NULL, 'Aewol_eup', NULL, 821, 889);
2022-10-10 14:33:47.553  INFO 4460 --- [    Test worker] p6spy                                    : #1665380027553 | took 0ms | statement | connection 28| url jdbc:h2:mem:ad3a9e80-f26d-4a3e-9691-17f803db5723
insert into member_spot (member_id, score, spot_id, member_spot_id) values (?, ?, ?, ?)
insert into member_spot (member_id, score, spot_id, member_spot_id) values (25, 0.0, 889, 3340);
2022-10-10 14:33:47.553  INFO 4460 --- [    Test worker] p6spy                                    : #1665380027553 | took 0ms | statement | connection 28| url jdbc:h2:mem:ad3a9e80-f26d-4a3e-9691-17f803db5723
insert into review (content, spot_id, review_id) values (?, ?, ?)
insert into review (content, spot_id, review_id) values ('java.io.StringReader@785ee3', 871, 823);
2022-10-10 14:33:47.553  INFO 4460 --- [    Test worker] p6spy                                    : #1665380027553 | took 0ms | statement | connection 28| url jdbc:h2:mem:ad3a9e80-f26d-4a3e-9691-17f803db5723
insert into favorite_spot (count, favorite_id, spot_id, favorite_spot_id) values (?, ?, ?, ?)
insert into favorite_spot (count, favorite_id, spot_id, favorite_spot_id) values (0, 44, 889, 588);
2022-10-10 14:33:47.553  INFO 4460 --- [    Test worker] p6spy                                    : #1665380027553 | took 0ms | statement | connection 28| url jdbc:h2:mem:ad3a9e80-f26d-4a3e-9691-17f803db5723
insert into score (facility_rank, facility_score, price_rank, price_score, rank_average, surround_rank, surround_score, view_rank, view_score, score_id) values (?, ?, ?, ?, ?, ?, ?, ?, ?, ?)
insert into score (facility_rank, facility_score, price_rank, price_score, rank_average, surround_rank, surround_score, view_rank, view_score, score_id) values (6.367846775973697, 0.09277402911243127, 4.598726040532689, 6.629840218401699, 3.31157508019749, 3.878039652906261, 2.2779128919748883, 7.5892492322322935, 9.531209059461919, 822);
2022-10-10 14:33:47.553  INFO 4460 --- [    Test worker] p6spy                                    : #1665380027553 | took 0ms | statement | connection 28| url jdbc:h2:mem:ad3a9e80-f26d-4a3e-9691-17f803db5723
insert into picture (spot_id, url, picture_id) values (?, ?, ?)
insert into picture (spot_id, url, picture_id) values (NULL, 'java.io.StringReader@2557d9f5', 3341);
2022-10-10 14:33:47.553  INFO 4460 --- [    Test worker] p6spy                                    : #1665380027553 | took 0ms | statement | connection 28| url jdbc:h2:mem:ad3a9e80-f26d-4a3e-9691-17f803db5723
insert into picture (spot_id, url, picture_id) values (?, ?, ?)
insert into picture (spot_id, url, picture_id) values (NULL, 'java.io.StringReader@6b17d139', 3342);
2022-10-10 14:33:47.553  INFO 4460 --- [    Test worker] p6spy                                    : #1665380027553 | took 0ms | statement | connection 28| url jdbc:h2:mem:ad3a9e80-f26d-4a3e-9691-17f803db5723
insert into picture (spot_id, url, picture_id) values (?, ?, ?)
insert into picture (spot_id, url, picture_id) values (NULL, 'java.io.StringReader@75b026d3', 3343);
2022-10-10 14:33:47.553  INFO 4460 --- [    Test worker] p6spy                                    : #1665380027553 | took 0ms | statement | connection 28| url jdbc:h2:mem:ad3a9e80-f26d-4a3e-9691-17f803db5723
insert into spot (address, description, location, name, score_id, spot_id) values (?, ?, ?, ?, ?, ?)
insert into spot (address, description, location, name, score_id, spot_id) values (NULL, NULL, 'Aewol_eup', NULL, 822, 890);
2022-10-10 14:33:47.553  INFO 4460 --- [    Test worker] p6spy                                    : #1665380027553 | took 0ms | statement | connection 28| url jdbc:h2:mem:ad3a9e80-f26d-4a3e-9691-17f803db5723
insert into member_spot (member_id, score, spot_id, member_spot_id) values (?, ?, ?, ?)
insert into member_spot (member_id, score, spot_id, member_spot_id) values (25, 0.0, 890, 3344);
2022-10-10 14:33:47.553  INFO 4460 --- [    Test worker] p6spy                                    : #1665380027553 | took 0ms | statement | connection 28| url jdbc:h2:mem:ad3a9e80-f26d-4a3e-9691-17f803db5723
insert into review (content, spot_id, review_id) values (?, ?, ?)
insert into review (content, spot_id, review_id) values ('java.io.StringReader@6b3d0ec5', 871, 824);
2022-10-10 14:33:47.553  INFO 4460 --- [    Test worker] p6spy                                    : #1665380027553 | took 0ms | statement | connection 28| url jdbc:h2:mem:ad3a9e80-f26d-4a3e-9691-17f803db5723
insert into score (facility_rank, facility_score, price_rank, price_score, rank_average, surround_rank, surround_score, view_rank, view_score, score_id) values (?, ?, ?, ?, ?, ?, ?, ?, ?, ?)
insert into score (facility_rank, facility_score, price_rank, price_score, rank_average, surround_rank, surround_score, view_rank, view_score, score_id) values (9.417708323772208, 3.4740996803224267, 1.8247885079851478, 9.228453472868148, 2.4649294490408726, 8.74768868917101, 4.367817768432694, 2.149221144759519, 4.978353677346612, 823);
2022-10-10 14:33:47.553  INFO 4460 --- [    Test worker] p6spy                                    : #1665380027553 | took 0ms | statement | connection 28| url jdbc:h2:mem:ad3a9e80-f26d-4a3e-9691-17f803db5723
insert into picture (spot_id, url, picture_id) values (?, ?, ?)
insert into picture (spot_id, url, picture_id) values (NULL, 'java.io.StringReader@75f04626', 3345);
2022-10-10 14:33:47.553  INFO 4460 --- [    Test worker] p6spy                                    : #1665380027553 | took 0ms | statement | connection 28| url jdbc:h2:mem:ad3a9e80-f26d-4a3e-9691-17f803db5723
insert into picture (spot_id, url, picture_id) values (?, ?, ?)
insert into picture (spot_id, url, picture_id) values (NULL, 'java.io.StringReader@63861d77', 3346);
2022-10-10 14:33:47.553  INFO 4460 --- [    Test worker] p6spy                                    : #1665380027553 | took 0ms | statement | connection 28| url jdbc:h2:mem:ad3a9e80-f26d-4a3e-9691-17f803db5723
insert into picture (spot_id, url, picture_id) values (?, ?, ?)
insert into picture (spot_id, url, picture_id) values (NULL, 'java.io.StringReader@41397f05', 3347);
2022-10-10 14:33:47.553  INFO 4460 --- [    Test worker] p6spy                                    : #1665380027553 | took 0ms | statement | connection 28| url jdbc:h2:mem:ad3a9e80-f26d-4a3e-9691-17f803db5723
insert into spot (address, description, location, name, score_id, spot_id) values (?, ?, ?, ?, ?, ?)
insert into spot (address, description, location, name, score_id, spot_id) values (NULL, NULL, 'Aewol_eup', NULL, 823, 891);
2022-10-10 14:33:47.554  INFO 4460 --- [    Test worker] p6spy                                    : #1665380027554 | took 0ms | statement | connection 28| url jdbc:h2:mem:ad3a9e80-f26d-4a3e-9691-17f803db5723
insert into member_spot (member_id, score, spot_id, member_spot_id) values (?, ?, ?, ?)
insert into member_spot (member_id, score, spot_id, member_spot_id) values (25, 0.0, 891, 3348);
2022-10-10 14:33:47.554  INFO 4460 --- [    Test worker] p6spy                                    : #1665380027554 | took 0ms | statement | connection 28| url jdbc:h2:mem:ad3a9e80-f26d-4a3e-9691-17f803db5723
insert into review (content, spot_id, review_id) values (?, ?, ?)
insert into review (content, spot_id, review_id) values ('java.io.StringReader@6e976ff3', 871, 825);
2022-10-10 14:33:47.554  INFO 4460 --- [    Test worker] p6spy                                    : #1665380027554 | took 0ms | statement | connection 28| url jdbc:h2:mem:ad3a9e80-f26d-4a3e-9691-17f803db5723
insert into favorite_spot (count, favorite_id, spot_id, favorite_spot_id) values (?, ?, ?, ?)
insert into favorite_spot (count, favorite_id, spot_id, favorite_spot_id) values (0, 44, 891, 589);
2022-10-10 14:33:47.554  INFO 4460 --- [    Test worker] p6spy                                    : #1665380027554 | took 0ms | statement | connection 28| url jdbc:h2:mem:ad3a9e80-f26d-4a3e-9691-17f803db5723
insert into score (facility_rank, facility_score, price_rank, price_score, rank_average, surround_rank, surround_score, view_rank, view_score, score_id) values (?, ?, ?, ?, ?, ?, ?, ?, ?, ?)
insert into score (facility_rank, facility_score, price_rank, price_score, rank_average, surround_rank, surround_score, view_rank, view_score, score_id) values (5.046654562643482, 9.467784039927315, 5.914627041653695, 4.147734390970641, 9.58450785467023, 4.8207137399019695, 3.1665867006383586, 0.3802608550296427, 4.561709815492935, 824);
2022-10-10 14:33:47.554  INFO 4460 --- [    Test worker] p6spy                                    : #1665380027554 | took 0ms | statement | connection 28| url jdbc:h2:mem:ad3a9e80-f26d-4a3e-9691-17f803db5723
insert into picture (spot_id, url, picture_id) values (?, ?, ?)
insert into picture (spot_id, url, picture_id) values (NULL, 'java.io.StringReader@3a84256f', 3349);
2022-10-10 14:33:47.554  INFO 4460 --- [    Test worker] p6spy                                    : #1665380027554 | took 0ms | statement | connection 28| url jdbc:h2:mem:ad3a9e80-f26d-4a3e-9691-17f803db5723
insert into picture (spot_id, url, picture_id) values (?, ?, ?)
insert into picture (spot_id, url, picture_id) values (NULL, 'java.io.StringReader@324cb824', 3350);
2022-10-10 14:33:47.554  INFO 4460 --- [    Test worker] p6spy                                    : #1665380027554 | took 0ms | statement | connection 28| url jdbc:h2:mem:ad3a9e80-f26d-4a3e-9691-17f803db5723
insert into picture (spot_id, url, picture_id) values (?, ?, ?)
insert into picture (spot_id, url, picture_id) values (NULL, 'java.io.StringReader@46987b3d', 3351);
2022-10-10 14:33:47.554  INFO 4460 --- [    Test worker] p6spy                                    : #1665380027554 | took 0ms | statement | connection 28| url jdbc:h2:mem:ad3a9e80-f26d-4a3e-9691-17f803db5723
insert into spot (address, description, location, name, score_id, spot_id) values (?, ?, ?, ?, ?, ?)
insert into spot (address, description, location, name, score_id, spot_id) values (NULL, NULL, 'Aewol_eup', NULL, 824, 892);
2022-10-10 14:33:47.554  INFO 4460 --- [    Test worker] p6spy                                    : #1665380027554 | took 0ms | statement | connection 28| url jdbc:h2:mem:ad3a9e80-f26d-4a3e-9691-17f803db5723
insert into member_spot (member_id, score, spot_id, member_spot_id) values (?, ?, ?, ?)
insert into member_spot (member_id, score, spot_id, member_spot_id) values (25, 0.0, 892, 3352);
2022-10-10 14:33:47.554  INFO 4460 --- [    Test worker] p6spy                                    : #1665380027554 | took 0ms | statement | connection 28| url jdbc:h2:mem:ad3a9e80-f26d-4a3e-9691-17f803db5723
insert into review (content, spot_id, review_id) values (?, ?, ?)
insert into review (content, spot_id, review_id) values ('java.io.StringReader@5c543728', 871, 826);
2022-10-10 14:33:47.554  INFO 4460 --- [    Test worker] p6spy                                    : #1665380027554 | took 0ms | statement | connection 28| url jdbc:h2:mem:ad3a9e80-f26d-4a3e-9691-17f803db5723
insert into score (facility_rank, facility_score, price_rank, price_score, rank_average, surround_rank, surround_score, view_rank, view_score, score_id) values (?, ?, ?, ?, ?, ?, ?, ?, ?, ?)
insert into score (facility_rank, facility_score, price_rank, price_score, rank_average, surround_rank, surround_score, view_rank, view_score, score_id) values (8.629594319370815, 9.48851543324596, 4.84779545816731, 0.6104363216059527, 2.2609349866120665, 8.262930650662872, 7.830226448576272, 8.625139858030764, 9.753690100508157, 825);
2022-10-10 14:33:47.554  INFO 4460 --- [    Test worker] p6spy                                    : #1665380027554 | took 0ms | statement | connection 28| url jdbc:h2:mem:ad3a9e80-f26d-4a3e-9691-17f803db5723
insert into picture (spot_id, url, picture_id) values (?, ?, ?)
insert into picture (spot_id, url, picture_id) values (NULL, 'java.io.StringReader@515a5ef6', 3353);
2022-10-10 14:33:47.554  INFO 4460 --- [    Test worker] p6spy                                    : #1665380027554 | took 0ms | statement | connection 28| url jdbc:h2:mem:ad3a9e80-f26d-4a3e-9691-17f803db5723
insert into picture (spot_id, url, picture_id) values (?, ?, ?)
insert into picture (spot_id, url, picture_id) values (NULL, 'java.io.StringReader@213de840', 3354);
2022-10-10 14:33:47.554  INFO 4460 --- [    Test worker] p6spy                                    : #1665380027554 | took 0ms | statement | connection 28| url jdbc:h2:mem:ad3a9e80-f26d-4a3e-9691-17f803db5723
insert into picture (spot_id, url, picture_id) values (?, ?, ?)
insert into picture (spot_id, url, picture_id) values (NULL, 'java.io.StringReader@6757b82e', 3355);
2022-10-10 14:33:47.554  INFO 4460 --- [    Test worker] p6spy                                    : #1665380027554 | took 0ms | statement | connection 28| url jdbc:h2:mem:ad3a9e80-f26d-4a3e-9691-17f803db5723
insert into spot (address, description, location, name, score_id, spot_id) values (?, ?, ?, ?, ?, ?)
insert into spot (address, description, location, name, score_id, spot_id) values (NULL, NULL, 'Aewol_eup', NULL, 825, 893);
2022-10-10 14:33:47.554  INFO 4460 --- [    Test worker] p6spy                                    : #1665380027554 | took 0ms | statement | connection 28| url jdbc:h2:mem:ad3a9e80-f26d-4a3e-9691-17f803db5723
insert into member_spot (member_id, score, spot_id, member_spot_id) values (?, ?, ?, ?)
insert into member_spot (member_id, score, spot_id, member_spot_id) values (25, 0.0, 893, 3356);
2022-10-10 14:33:47.554  INFO 4460 --- [    Test worker] p6spy                                    : #1665380027554 | took 0ms | statement | connection 28| url jdbc:h2:mem:ad3a9e80-f26d-4a3e-9691-17f803db5723
insert into review (content, spot_id, review_id) values (?, ?, ?)
insert into review (content, spot_id, review_id) values ('java.io.StringReader@47af2410', 871, 827);
2022-10-10 14:33:47.554  INFO 4460 --- [    Test worker] p6spy                                    : #1665380027554 | took 0ms | statement | connection 28| url jdbc:h2:mem:ad3a9e80-f26d-4a3e-9691-17f803db5723
insert into favorite_spot (count, favorite_id, spot_id, favorite_spot_id) values (?, ?, ?, ?)
insert into favorite_spot (count, favorite_id, spot_id, favorite_spot_id) values (0, 44, 893, 590);
2022-10-10 14:33:47.554  INFO 4460 --- [    Test worker] p6spy                                    : #1665380027554 | took 0ms | statement | connection 28| url jdbc:h2:mem:ad3a9e80-f26d-4a3e-9691-17f803db5723
insert into score (facility_rank, facility_score, price_rank, price_score, rank_average, surround_rank, surround_score, view_rank, view_score, score_id) values (?, ?, ?, ?, ?, ?, ?, ?, ?, ?)
insert into score (facility_rank, facility_score, price_rank, price_score, rank_average, surround_rank, surround_score, view_rank, view_score, score_id) values (7.246589110658772, 5.502878514734713, 8.50018625441686, 5.742975188045411, 2.0981079450732896, 9.32706984341379, 7.568204103493179, 1.168072985084263, 0.1128593761430341, 826);
2022-10-10 14:33:47.554  INFO 4460 --- [    Test worker] p6spy                                    : #1665380027554 | took 0ms | statement | connection 28| url jdbc:h2:mem:ad3a9e80-f26d-4a3e-9691-17f803db5723
insert into picture (spot_id, url, picture_id) values (?, ?, ?)
insert into picture (spot_id, url, picture_id) values (NULL, 'java.io.StringReader@27a5cd31', 3357);
2022-10-10 14:33:47.554  INFO 4460 --- [    Test worker] p6spy                                    : #1665380027554 | took 0ms | statement | connection 28| url jdbc:h2:mem:ad3a9e80-f26d-4a3e-9691-17f803db5723
insert into picture (spot_id, url, picture_id) values (?, ?, ?)
insert into picture (spot_id, url, picture_id) values (NULL, 'java.io.StringReader@109d7140', 3358);
2022-10-10 14:33:47.554  INFO 4460 --- [    Test worker] p6spy                                    : #1665380027554 | took 0ms | statement | connection 28| url jdbc:h2:mem:ad3a9e80-f26d-4a3e-9691-17f803db5723
insert into picture (spot_id, url, picture_id) values (?, ?, ?)
insert into picture (spot_id, url, picture_id) values (NULL, 'java.io.StringReader@15ec155a', 3359);
2022-10-10 14:33:47.554  INFO 4460 --- [    Test worker] p6spy                                    : #1665380027554 | took 0ms | statement | connection 28| url jdbc:h2:mem:ad3a9e80-f26d-4a3e-9691-17f803db5723
insert into spot (address, description, location, name, score_id, spot_id) values (?, ?, ?, ?, ?, ?)
insert into spot (address, description, location, name, score_id, spot_id) values (NULL, NULL, 'Aewol_eup', NULL, 826, 894);
2022-10-10 14:33:47.554  INFO 4460 --- [    Test worker] p6spy                                    : #1665380027554 | took 0ms | statement | connection 28| url jdbc:h2:mem:ad3a9e80-f26d-4a3e-9691-17f803db5723
insert into member_spot (member_id, score, spot_id, member_spot_id) values (?, ?, ?, ?)
insert into member_spot (member_id, score, spot_id, member_spot_id) values (25, 0.0, 894, 3360);
2022-10-10 14:33:47.554  INFO 4460 --- [    Test worker] p6spy                                    : #1665380027554 | took 0ms | statement | connection 28| url jdbc:h2:mem:ad3a9e80-f26d-4a3e-9691-17f803db5723
insert into review (content, spot_id, review_id) values (?, ?, ?)
insert into review (content, spot_id, review_id) values ('java.io.StringReader@67c8fc7e', 871, 828);
2022-10-10 14:33:47.554  INFO 4460 --- [    Test worker] p6spy                                    : #1665380027554 | took 0ms | statement | connection 28| url jdbc:h2:mem:ad3a9e80-f26d-4a3e-9691-17f803db5723
insert into score (facility_rank, facility_score, price_rank, price_score, rank_average, surround_rank, surround_score, view_rank, view_score, score_id) values (?, ?, ?, ?, ?, ?, ?, ?, ?, ?)
insert into score (facility_rank, facility_score, price_rank, price_score, rank_average, surround_rank, surround_score, view_rank, view_score, score_id) values (9.970299518550167, 8.544655496423864, 0.5987175984586224, 6.360686868494301, 4.138887046400712, 7.290761881515944, 9.621933349370849, 8.45427070965213, 9.977500121277638, 827);
2022-10-10 14:33:47.554  INFO 4460 --- [    Test worker] p6spy                                    : #1665380027554 | took 0ms | statement | connection 28| url jdbc:h2:mem:ad3a9e80-f26d-4a3e-9691-17f803db5723
insert into picture (spot_id, url, picture_id) values (?, ?, ?)
insert into picture (spot_id, url, picture_id) values (NULL, 'java.io.StringReader@4e3e0f4a', 3361);
2022-10-10 14:33:47.554  INFO 4460 --- [    Test worker] p6spy                                    : #1665380027554 | took 0ms | statement | connection 28| url jdbc:h2:mem:ad3a9e80-f26d-4a3e-9691-17f803db5723
insert into picture (spot_id, url, picture_id) values (?, ?, ?)
insert into picture (spot_id, url, picture_id) values (NULL, 'java.io.StringReader@7172d2c6', 3362);
2022-10-10 14:33:47.554  INFO 4460 --- [    Test worker] p6spy                                    : #1665380027554 | took 0ms | statement | connection 28| url jdbc:h2:mem:ad3a9e80-f26d-4a3e-9691-17f803db5723
insert into picture (spot_id, url, picture_id) values (?, ?, ?)
insert into picture (spot_id, url, picture_id) values (NULL, 'java.io.StringReader@6bc5a002', 3363);
2022-10-10 14:33:47.554  INFO 4460 --- [    Test worker] p6spy                                    : #1665380027554 | took 0ms | statement | connection 28| url jdbc:h2:mem:ad3a9e80-f26d-4a3e-9691-17f803db5723
insert into spot (address, description, location, name, score_id, spot_id) values (?, ?, ?, ?, ?, ?)
insert into spot (address, description, location, name, score_id, spot_id) values (NULL, NULL, 'Aewol_eup', NULL, 827, 895);
2022-10-10 14:33:47.554  INFO 4460 --- [    Test worker] p6spy                                    : #1665380027554 | took 0ms | statement | connection 28| url jdbc:h2:mem:ad3a9e80-f26d-4a3e-9691-17f803db5723
insert into member_spot (member_id, score, spot_id, member_spot_id) values (?, ?, ?, ?)
insert into member_spot (member_id, score, spot_id, member_spot_id) values (25, 0.0, 895, 3364);
2022-10-10 14:33:47.554  INFO 4460 --- [    Test worker] p6spy                                    : #1665380027554 | took 0ms | statement | connection 28| url jdbc:h2:mem:ad3a9e80-f26d-4a3e-9691-17f803db5723
insert into review (content, spot_id, review_id) values (?, ?, ?)
insert into review (content, spot_id, review_id) values ('java.io.StringReader@4b501bec', 871, 829);
2022-10-10 14:33:47.555  INFO 4460 --- [    Test worker] p6spy                                    : #1665380027555 | took 0ms | statement | connection 28| url jdbc:h2:mem:ad3a9e80-f26d-4a3e-9691-17f803db5723
insert into favorite_spot (count, favorite_id, spot_id, favorite_spot_id) values (?, ?, ?, ?)
insert into favorite_spot (count, favorite_id, spot_id, favorite_spot_id) values (0, 44, 895, 591);
2022-10-10 14:33:47.555  INFO 4460 --- [    Test worker] p6spy                                    : #1665380027555 | took 0ms | statement | connection 28| url jdbc:h2:mem:ad3a9e80-f26d-4a3e-9691-17f803db5723
insert into score (facility_rank, facility_score, price_rank, price_score, rank_average, surround_rank, surround_score, view_rank, view_score, score_id) values (?, ?, ?, ?, ?, ?, ?, ?, ?, ?)
insert into score (facility_rank, facility_score, price_rank, price_score, rank_average, surround_rank, surround_score, view_rank, view_score, score_id) values (0.3873887145529631, 6.407122591191587, 3.385591972427223, 6.194274189484615, 6.737912013344589, 6.050892807568574, 1.692698233869141, 7.882413458081512, 0.13760786885075982, 828);
2022-10-10 14:33:47.555  INFO 4460 --- [    Test worker] p6spy                                    : #1665380027555 | took 0ms | statement | connection 28| url jdbc:h2:mem:ad3a9e80-f26d-4a3e-9691-17f803db5723
insert into picture (spot_id, url, picture_id) values (?, ?, ?)
insert into picture (spot_id, url, picture_id) values (NULL, 'java.io.StringReader@3b2dcf4a', 3365);
2022-10-10 14:33:47.555  INFO 4460 --- [    Test worker] p6spy                                    : #1665380027555 | took 0ms | statement | connection 28| url jdbc:h2:mem:ad3a9e80-f26d-4a3e-9691-17f803db5723
insert into picture (spot_id, url, picture_id) values (?, ?, ?)
insert into picture (spot_id, url, picture_id) values (NULL, 'java.io.StringReader@2f78fed', 3366);
2022-10-10 14:33:47.555  INFO 4460 --- [    Test worker] p6spy                                    : #1665380027555 | took 0ms | statement | connection 28| url jdbc:h2:mem:ad3a9e80-f26d-4a3e-9691-17f803db5723
insert into picture (spot_id, url, picture_id) values (?, ?, ?)
insert into picture (spot_id, url, picture_id) values (NULL, 'java.io.StringReader@523fdd32', 3367);
2022-10-10 14:33:47.555  INFO 4460 --- [    Test worker] p6spy                                    : #1665380027555 | took 0ms | statement | connection 28| url jdbc:h2:mem:ad3a9e80-f26d-4a3e-9691-17f803db5723
insert into spot (address, description, location, name, score_id, spot_id) values (?, ?, ?, ?, ?, ?)
insert into spot (address, description, location, name, score_id, spot_id) values (NULL, NULL, 'Aewol_eup', NULL, 828, 896);
2022-10-10 14:33:47.555  INFO 4460 --- [    Test worker] p6spy                                    : #1665380027555 | took 0ms | statement | connection 28| url jdbc:h2:mem:ad3a9e80-f26d-4a3e-9691-17f803db5723
insert into member_spot (member_id, score, spot_id, member_spot_id) values (?, ?, ?, ?)
insert into member_spot (member_id, score, spot_id, member_spot_id) values (25, 0.0, 896, 3368);
2022-10-10 14:33:47.555  INFO 4460 --- [    Test worker] p6spy                                    : #1665380027555 | took 0ms | statement | connection 28| url jdbc:h2:mem:ad3a9e80-f26d-4a3e-9691-17f803db5723
insert into review (content, spot_id, review_id) values (?, ?, ?)
insert into review (content, spot_id, review_id) values ('java.io.StringReader@ff80697', 871, 830);
2022-10-10 14:33:47.555  INFO 4460 --- [    Test worker] p6spy                                    : #1665380027555 | took 0ms | statement | connection 28| url jdbc:h2:mem:ad3a9e80-f26d-4a3e-9691-17f803db5723
insert into score (facility_rank, facility_score, price_rank, price_score, rank_average, surround_rank, surround_score, view_rank, view_score, score_id) values (?, ?, ?, ?, ?, ?, ?, ?, ?, ?)
insert into score (facility_rank, facility_score, price_rank, price_score, rank_average, surround_rank, surround_score, view_rank, view_score, score_id) values (6.400069065214955, 9.680898471601948, 8.306620529254404, 8.781640104072697, 2.0149601017796237, 2.5711061755741325, 7.61441158822362, 8.62992208294507, 1.7520608687031614, 829);
2022-10-10 14:33:47.555  INFO 4460 --- [    Test worker] p6spy                                    : #1665380027555 | took 0ms | statement | connection 28| url jdbc:h2:mem:ad3a9e80-f26d-4a3e-9691-17f803db5723
insert into picture (spot_id, url, picture_id) values (?, ?, ?)
insert into picture (spot_id, url, picture_id) values (NULL, 'java.io.StringReader@31640b7d', 3369);
2022-10-10 14:33:47.555  INFO 4460 --- [    Test worker] p6spy                                    : #1665380027555 | took 0ms | statement | connection 28| url jdbc:h2:mem:ad3a9e80-f26d-4a3e-9691-17f803db5723
insert into picture (spot_id, url, picture_id) values (?, ?, ?)
insert into picture (spot_id, url, picture_id) values (NULL, 'java.io.StringReader@16e884e4', 3370);
2022-10-10 14:33:47.555  INFO 4460 --- [    Test worker] p6spy                                    : #1665380027555 | took 0ms | statement | connection 28| url jdbc:h2:mem:ad3a9e80-f26d-4a3e-9691-17f803db5723
insert into picture (spot_id, url, picture_id) values (?, ?, ?)
insert into picture (spot_id, url, picture_id) values (NULL, 'java.io.StringReader@1d95e2ff', 3371);
2022-10-10 14:33:47.555  INFO 4460 --- [    Test worker] p6spy                                    : #1665380027555 | took 0ms | statement | connection 28| url jdbc:h2:mem:ad3a9e80-f26d-4a3e-9691-17f803db5723
insert into spot (address, description, location, name, score_id, spot_id) values (?, ?, ?, ?, ?, ?)
insert into spot (address, description, location, name, score_id, spot_id) values (NULL, NULL, 'Aewol_eup', NULL, 829, 897);
2022-10-10 14:33:47.555  INFO 4460 --- [    Test worker] p6spy                                    : #1665380027555 | took 0ms | statement | connection 28| url jdbc:h2:mem:ad3a9e80-f26d-4a3e-9691-17f803db5723
insert into member_spot (member_id, score, spot_id, member_spot_id) values (?, ?, ?, ?)
insert into member_spot (member_id, score, spot_id, member_spot_id) values (25, 0.0, 897, 3372);
2022-10-10 14:33:47.555  INFO 4460 --- [    Test worker] p6spy                                    : #1665380027555 | took 0ms | statement | connection 28| url jdbc:h2:mem:ad3a9e80-f26d-4a3e-9691-17f803db5723
insert into review (content, spot_id, review_id) values (?, ?, ?)
insert into review (content, spot_id, review_id) values ('java.io.StringReader@270293d8', 871, 831);
2022-10-10 14:33:47.555  INFO 4460 --- [    Test worker] p6spy                                    : #1665380027555 | took 0ms | statement | connection 28| url jdbc:h2:mem:ad3a9e80-f26d-4a3e-9691-17f803db5723
insert into favorite_spot (count, favorite_id, spot_id, favorite_spot_id) values (?, ?, ?, ?)
insert into favorite_spot (count, favorite_id, spot_id, favorite_spot_id) values (0, 44, 897, 592);
2022-10-10 14:33:47.555  INFO 4460 --- [    Test worker] p6spy                                    : #1665380027555 | took 0ms | statement | connection 28| url jdbc:h2:mem:ad3a9e80-f26d-4a3e-9691-17f803db5723
insert into score (facility_rank, facility_score, price_rank, price_score, rank_average, surround_rank, surround_score, view_rank, view_score, score_id) values (?, ?, ?, ?, ?, ?, ?, ?, ?, ?)
insert into score (facility_rank, facility_score, price_rank, price_score, rank_average, surround_rank, surround_score, view_rank, view_score, score_id) values (1.4040945794965165, 9.86587338011499, 3.001268871408669, 0.7294989665803353, 1.6874221985110227, 7.176085406599926, 8.066131221000958, 7.437633767840061, 3.90032572765353, 830);
2022-10-10 14:33:47.555  INFO 4460 --- [    Test worker] p6spy                                    : #1665380027555 | took 0ms | statement | connection 28| url jdbc:h2:mem:ad3a9e80-f26d-4a3e-9691-17f803db5723
insert into picture (spot_id, url, picture_id) values (?, ?, ?)
insert into picture (spot_id, url, picture_id) values (NULL, 'java.io.StringReader@7b22f1c5', 3373);
2022-10-10 14:33:47.555  INFO 4460 --- [    Test worker] p6spy                                    : #1665380027555 | took 0ms | statement | connection 28| url jdbc:h2:mem:ad3a9e80-f26d-4a3e-9691-17f803db5723
insert into picture (spot_id, url, picture_id) values (?, ?, ?)
insert into picture (spot_id, url, picture_id) values (NULL, 'java.io.StringReader@74b31d9d', 3374);
2022-10-10 14:33:47.555  INFO 4460 --- [    Test worker] p6spy                                    : #1665380027555 | took 0ms | statement | connection 28| url jdbc:h2:mem:ad3a9e80-f26d-4a3e-9691-17f803db5723
insert into picture (spot_id, url, picture_id) values (?, ?, ?)
insert into picture (spot_id, url, picture_id) values (NULL, 'java.io.StringReader@5232cd7f', 3375);
2022-10-10 14:33:47.555  INFO 4460 --- [    Test worker] p6spy                                    : #1665380027555 | took 0ms | statement | connection 28| url jdbc:h2:mem:ad3a9e80-f26d-4a3e-9691-17f803db5723
insert into spot (address, description, location, name, score_id, spot_id) values (?, ?, ?, ?, ?, ?)
insert into spot (address, description, location, name, score_id, spot_id) values (NULL, NULL, 'Aewol_eup', NULL, 830, 898);
2022-10-10 14:33:47.555  INFO 4460 --- [    Test worker] p6spy                                    : #1665380027555 | took 0ms | statement | connection 28| url jdbc:h2:mem:ad3a9e80-f26d-4a3e-9691-17f803db5723
insert into member_spot (member_id, score, spot_id, member_spot_id) values (?, ?, ?, ?)
insert into member_spot (member_id, score, spot_id, member_spot_id) values (25, 0.0, 898, 3376);
2022-10-10 14:33:47.555  INFO 4460 --- [    Test worker] p6spy                                    : #1665380027555 | took 0ms | statement | connection 28| url jdbc:h2:mem:ad3a9e80-f26d-4a3e-9691-17f803db5723
insert into review (content, spot_id, review_id) values (?, ?, ?)
insert into review (content, spot_id, review_id) values ('java.io.StringReader@74b2ad8e', 871, 832);
2022-10-10 14:33:47.555  INFO 4460 --- [    Test worker] p6spy                                    : #1665380027555 | took 0ms | statement | connection 28| url jdbc:h2:mem:ad3a9e80-f26d-4a3e-9691-17f803db5723
insert into score (facility_rank, facility_score, price_rank, price_score, rank_average, surround_rank, surround_score, view_rank, view_score, score_id) values (?, ?, ?, ?, ?, ?, ?, ?, ?, ?)
insert into score (facility_rank, facility_score, price_rank, price_score, rank_average, surround_rank, surround_score, view_rank, view_score, score_id) values (8.94662401020775, 7.289152676272122, 5.39434289597764, 7.600293098427856, 0.7137414453079838, 0.2173172133886403, 5.327762568935475, 8.568521826266535, 8.205034672980101, 831);
2022-10-10 14:33:47.555  INFO 4460 --- [    Test worker] p6spy                                    : #1665380027555 | took 0ms | statement | connection 28| url jdbc:h2:mem:ad3a9e80-f26d-4a3e-9691-17f803db5723
insert into picture (spot_id, url, picture_id) values (?, ?, ?)
insert into picture (spot_id, url, picture_id) values (NULL, 'java.io.StringReader@3470584f', 3377);
2022-10-10 14:33:47.555  INFO 4460 --- [    Test worker] p6spy                                    : #1665380027555 | took 0ms | statement | connection 28| url jdbc:h2:mem:ad3a9e80-f26d-4a3e-9691-17f803db5723
insert into picture (spot_id, url, picture_id) values (?, ?, ?)
insert into picture (spot_id, url, picture_id) values (NULL, 'java.io.StringReader@39468a66', 3378);
2022-10-10 14:33:47.555  INFO 4460 --- [    Test worker] p6spy                                    : #1665380027555 | took 0ms | statement | connection 28| url jdbc:h2:mem:ad3a9e80-f26d-4a3e-9691-17f803db5723
insert into picture (spot_id, url, picture_id) values (?, ?, ?)
insert into picture (spot_id, url, picture_id) values (NULL, 'java.io.StringReader@3ed2295', 3379);
2022-10-10 14:33:47.555  INFO 4460 --- [    Test worker] p6spy                                    : #1665380027555 | took 0ms | statement | connection 28| url jdbc:h2:mem:ad3a9e80-f26d-4a3e-9691-17f803db5723
insert into spot (address, description, location, name, score_id, spot_id) values (?, ?, ?, ?, ?, ?)
insert into spot (address, description, location, name, score_id, spot_id) values (NULL, NULL, 'Aewol_eup', NULL, 831, 899);
2022-10-10 14:33:47.555  INFO 4460 --- [    Test worker] p6spy                                    : #1665380027555 | took 0ms | statement | connection 28| url jdbc:h2:mem:ad3a9e80-f26d-4a3e-9691-17f803db5723
insert into member_spot (member_id, score, spot_id, member_spot_id) values (?, ?, ?, ?)
insert into member_spot (member_id, score, spot_id, member_spot_id) values (25, 0.0, 899, 3380);
2022-10-10 14:33:47.555  INFO 4460 --- [    Test worker] p6spy                                    : #1665380027555 | took 0ms | statement | connection 28| url jdbc:h2:mem:ad3a9e80-f26d-4a3e-9691-17f803db5723
insert into review (content, spot_id, review_id) values (?, ?, ?)
insert into review (content, spot_id, review_id) values ('java.io.StringReader@30dffb26', 871, 833);
2022-10-10 14:33:47.555  INFO 4460 --- [    Test worker] p6spy                                    : #1665380027555 | took 0ms | statement | connection 28| url jdbc:h2:mem:ad3a9e80-f26d-4a3e-9691-17f803db5723
insert into favorite_spot (count, favorite_id, spot_id, favorite_spot_id) values (?, ?, ?, ?)
insert into favorite_spot (count, favorite_id, spot_id, favorite_spot_id) values (0, 44, 899, 593);
2022-10-10 14:33:47.555  INFO 4460 --- [    Test worker] p6spy                                    : #1665380027555 | took 0ms | statement | connection 28| url jdbc:h2:mem:ad3a9e80-f26d-4a3e-9691-17f803db5723
insert into score (facility_rank, facility_score, price_rank, price_score, rank_average, surround_rank, surround_score, view_rank, view_score, score_id) values (?, ?, ?, ?, ?, ?, ?, ?, ?, ?)
insert into score (facility_rank, facility_score, price_rank, price_score, rank_average, surround_rank, surround_score, view_rank, view_score, score_id) values (0.4362622714671238, 7.684804385149891, 4.642914876226017, 2.0930072742835506, 5.001066396800892, 1.6397512345238552, 7.671846455856224, 2.8246368087320137, 3.327467292645905, 832);
2022-10-10 14:33:47.555  INFO 4460 --- [    Test worker] p6spy                                    : #1665380027555 | took 0ms | statement | connection 28| url jdbc:h2:mem:ad3a9e80-f26d-4a3e-9691-17f803db5723
insert into picture (spot_id, url, picture_id) values (?, ?, ?)
insert into picture (spot_id, url, picture_id) values (NULL, 'java.io.StringReader@48c15833', 3381);
2022-10-10 14:33:47.555  INFO 4460 --- [    Test worker] p6spy                                    : #1665380027555 | took 0ms | statement | connection 28| url jdbc:h2:mem:ad3a9e80-f26d-4a3e-9691-17f803db5723
insert into picture (spot_id, url, picture_id) values (?, ?, ?)
insert into picture (spot_id, url, picture_id) values (NULL, 'java.io.StringReader@3d742589', 3382);
2022-10-10 14:33:47.555  INFO 4460 --- [    Test worker] p6spy                                    : #1665380027555 | took 0ms | statement | connection 28| url jdbc:h2:mem:ad3a9e80-f26d-4a3e-9691-17f803db5723
insert into picture (spot_id, url, picture_id) values (?, ?, ?)
insert into picture (spot_id, url, picture_id) values (NULL, 'java.io.StringReader@1873e5f9', 3383);
2022-10-10 14:33:47.555  INFO 4460 --- [    Test worker] p6spy                                    : #1665380027555 | took 0ms | statement | connection 28| url jdbc:h2:mem:ad3a9e80-f26d-4a3e-9691-17f803db5723
insert into spot (address, description, location, name, score_id, spot_id) values (?, ?, ?, ?, ?, ?)
insert into spot (address, description, location, name, score_id, spot_id) values (NULL, NULL, 'Aewol_eup', NULL, 832, 900);
2022-10-10 14:33:47.555  INFO 4460 --- [    Test worker] p6spy                                    : #1665380027555 | took 0ms | statement | connection 28| url jdbc:h2:mem:ad3a9e80-f26d-4a3e-9691-17f803db5723
insert into member_spot (member_id, score, spot_id, member_spot_id) values (?, ?, ?, ?)
insert into member_spot (member_id, score, spot_id, member_spot_id) values (25, 0.0, 900, 3384);
2022-10-10 14:33:47.556  INFO 4460 --- [    Test worker] p6spy                                    : #1665380027556 | took 0ms | statement | connection 28| url jdbc:h2:mem:ad3a9e80-f26d-4a3e-9691-17f803db5723
insert into review (content, spot_id, review_id) values (?, ?, ?)
insert into review (content, spot_id, review_id) values ('java.io.StringReader@22cfae1a', 871, 834);
2022-10-10 14:33:47.556  INFO 4460 --- [    Test worker] p6spy                                    : #1665380027556 | took 0ms | statement | connection 28| url jdbc:h2:mem:ad3a9e80-f26d-4a3e-9691-17f803db5723
insert into score (facility_rank, facility_score, price_rank, price_score, rank_average, surround_rank, surround_score, view_rank, view_score, score_id) values (?, ?, ?, ?, ?, ?, ?, ?, ?, ?)
insert into score (facility_rank, facility_score, price_rank, price_score, rank_average, surround_rank, surround_score, view_rank, view_score, score_id) values (9.520234017093518, 1.6712131501627192, 1.7599059091469182, 1.6165048184896258, 0.06990576990806074, 1.2269536505911416, 5.770205951861529, 0.449331220763759, 7.633570924928063, 833);
2022-10-10 14:33:47.556  INFO 4460 --- [    Test worker] p6spy                                    : #1665380027556 | took 0ms | statement | connection 28| url jdbc:h2:mem:ad3a9e80-f26d-4a3e-9691-17f803db5723
insert into picture (spot_id, url, picture_id) values (?, ?, ?)
insert into picture (spot_id, url, picture_id) values (NULL, 'java.io.StringReader@48b8cd6a', 3385);
2022-10-10 14:33:47.556  INFO 4460 --- [    Test worker] p6spy                                    : #1665380027556 | took 0ms | statement | connection 28| url jdbc:h2:mem:ad3a9e80-f26d-4a3e-9691-17f803db5723
insert into picture (spot_id, url, picture_id) values (?, ?, ?)
insert into picture (spot_id, url, picture_id) values (NULL, 'java.io.StringReader@3806585e', 3386);
2022-10-10 14:33:47.556  INFO 4460 --- [    Test worker] p6spy                                    : #1665380027556 | took 0ms | statement | connection 28| url jdbc:h2:mem:ad3a9e80-f26d-4a3e-9691-17f803db5723
insert into picture (spot_id, url, picture_id) values (?, ?, ?)
insert into picture (spot_id, url, picture_id) values (NULL, 'java.io.StringReader@6b0783ba', 3387);
2022-10-10 14:33:47.556  INFO 4460 --- [    Test worker] p6spy                                    : #1665380027556 | took 0ms | statement | connection 28| url jdbc:h2:mem:ad3a9e80-f26d-4a3e-9691-17f803db5723
insert into spot (address, description, location, name, score_id, spot_id) values (?, ?, ?, ?, ?, ?)
insert into spot (address, description, location, name, score_id, spot_id) values (NULL, NULL, 'Aewol_eup', NULL, 833, 901);
2022-10-10 14:33:47.556  INFO 4460 --- [    Test worker] p6spy                                    : #1665380027556 | took 0ms | statement | connection 28| url jdbc:h2:mem:ad3a9e80-f26d-4a3e-9691-17f803db5723
insert into member_spot (member_id, score, spot_id, member_spot_id) values (?, ?, ?, ?)
insert into member_spot (member_id, score, spot_id, member_spot_id) values (25, 0.0, 901, 3388);
2022-10-10 14:33:47.556  INFO 4460 --- [    Test worker] p6spy                                    : #1665380027556 | took 0ms | statement | connection 28| url jdbc:h2:mem:ad3a9e80-f26d-4a3e-9691-17f803db5723
insert into review (content, spot_id, review_id) values (?, ?, ?)
insert into review (content, spot_id, review_id) values ('java.io.StringReader@39469104', 871, 835);
2022-10-10 14:33:47.556  INFO 4460 --- [    Test worker] p6spy                                    : #1665380027556 | took 0ms | statement | connection 28| url jdbc:h2:mem:ad3a9e80-f26d-4a3e-9691-17f803db5723
insert into favorite_spot (count, favorite_id, spot_id, favorite_spot_id) values (?, ?, ?, ?)
insert into favorite_spot (count, favorite_id, spot_id, favorite_spot_id) values (0, 44, 901, 594);
2022-10-10 14:33:47.556  INFO 4460 --- [    Test worker] p6spy                                    : #1665380027556 | took 0ms | statement | connection 28| url jdbc:h2:mem:ad3a9e80-f26d-4a3e-9691-17f803db5723
insert into score (facility_rank, facility_score, price_rank, price_score, rank_average, surround_rank, surround_score, view_rank, view_score, score_id) values (?, ?, ?, ?, ?, ?, ?, ?, ?, ?)
insert into score (facility_rank, facility_score, price_rank, price_score, rank_average, surround_rank, surround_score, view_rank, view_score, score_id) values (8.565974779280065, 0.480917449065672, 1.2763243470168195, 3.754170951236256, 1.5778718166818817, 6.200395126961525, 7.5768795249608045, 2.9677851149560794, 8.256322554337931, 834);
2022-10-10 14:33:47.556  INFO 4460 --- [    Test worker] p6spy                                    : #1665380027556 | took 0ms | statement | connection 28| url jdbc:h2:mem:ad3a9e80-f26d-4a3e-9691-17f803db5723
insert into picture (spot_id, url, picture_id) values (?, ?, ?)
insert into picture (spot_id, url, picture_id) values (NULL, 'java.io.StringReader@136e7e2c', 3389);
2022-10-10 14:33:47.556  INFO 4460 --- [    Test worker] p6spy                                    : #1665380027556 | took 0ms | statement | connection 28| url jdbc:h2:mem:ad3a9e80-f26d-4a3e-9691-17f803db5723
insert into picture (spot_id, url, picture_id) values (?, ?, ?)
insert into picture (spot_id, url, picture_id) values (NULL, 'java.io.StringReader@59294fc7', 3390);
2022-10-10 14:33:47.556  INFO 4460 --- [    Test worker] p6spy                                    : #1665380027556 | took 0ms | statement | connection 28| url jdbc:h2:mem:ad3a9e80-f26d-4a3e-9691-17f803db5723
insert into picture (spot_id, url, picture_id) values (?, ?, ?)
insert into picture (spot_id, url, picture_id) values (NULL, 'java.io.StringReader@32b1c5ce', 3391);
2022-10-10 14:33:47.556  INFO 4460 --- [    Test worker] p6spy                                    : #1665380027556 | took 0ms | statement | connection 28| url jdbc:h2:mem:ad3a9e80-f26d-4a3e-9691-17f803db5723
insert into spot (address, description, location, name, score_id, spot_id) values (?, ?, ?, ?, ?, ?)
insert into spot (address, description, location, name, score_id, spot_id) values (NULL, NULL, 'Aewol_eup', NULL, 834, 902);
2022-10-10 14:33:47.556  INFO 4460 --- [    Test worker] p6spy                                    : #1665380027556 | took 0ms | statement | connection 28| url jdbc:h2:mem:ad3a9e80-f26d-4a3e-9691-17f803db5723
insert into member_spot (member_id, score, spot_id, member_spot_id) values (?, ?, ?, ?)
insert into member_spot (member_id, score, spot_id, member_spot_id) values (25, 0.0, 902, 3392);
2022-10-10 14:33:47.556  INFO 4460 --- [    Test worker] p6spy                                    : #1665380027556 | took 0ms | statement | connection 28| url jdbc:h2:mem:ad3a9e80-f26d-4a3e-9691-17f803db5723
insert into review (content, spot_id, review_id) values (?, ?, ?)
insert into review (content, spot_id, review_id) values ('java.io.StringReader@6ba6c5b3', 871, 836);
2022-10-10 14:33:47.556  INFO 4460 --- [    Test worker] p6spy                                    : #1665380027556 | took 0ms | statement | connection 28| url jdbc:h2:mem:ad3a9e80-f26d-4a3e-9691-17f803db5723
insert into score (facility_rank, facility_score, price_rank, price_score, rank_average, surround_rank, surround_score, view_rank, view_score, score_id) values (?, ?, ?, ?, ?, ?, ?, ?, ?, ?)
insert into score (facility_rank, facility_score, price_rank, price_score, rank_average, surround_rank, surround_score, view_rank, view_score, score_id) values (4.955296012906004, 4.0865538500725656, 7.988406030847289, 0.5337794048374933, 6.951509982417999, 7.474342689031001, 6.472275387919982, 1.2756404774154895, 9.78615254040757, 835);
2022-10-10 14:33:47.556  INFO 4460 --- [    Test worker] p6spy                                    : #1665380027556 | took 0ms | statement | connection 28| url jdbc:h2:mem:ad3a9e80-f26d-4a3e-9691-17f803db5723
insert into picture (spot_id, url, picture_id) values (?, ?, ?)
insert into picture (spot_id, url, picture_id) values (NULL, 'java.io.StringReader@4313fd54', 3393);
2022-10-10 14:33:47.556  INFO 4460 --- [    Test worker] p6spy                                    : #1665380027556 | took 0ms | statement | connection 28| url jdbc:h2:mem:ad3a9e80-f26d-4a3e-9691-17f803db5723
insert into picture (spot_id, url, picture_id) values (?, ?, ?)
insert into picture (spot_id, url, picture_id) values (NULL, 'java.io.StringReader@1caaa306', 3394);
2022-10-10 14:33:47.556  INFO 4460 --- [    Test worker] p6spy                                    : #1665380027556 | took 0ms | statement | connection 28| url jdbc:h2:mem:ad3a9e80-f26d-4a3e-9691-17f803db5723
insert into picture (spot_id, url, picture_id) values (?, ?, ?)
insert into picture (spot_id, url, picture_id) values (NULL, 'java.io.StringReader@31bb4c92', 3395);
2022-10-10 14:33:47.556  INFO 4460 --- [    Test worker] p6spy                                    : #1665380027556 | took 0ms | statement | connection 28| url jdbc:h2:mem:ad3a9e80-f26d-4a3e-9691-17f803db5723
insert into spot (address, description, location, name, score_id, spot_id) values (?, ?, ?, ?, ?, ?)
insert into spot (address, description, location, name, score_id, spot_id) values (NULL, NULL, 'Aewol_eup', NULL, 835, 903);
2022-10-10 14:33:47.556  INFO 4460 --- [    Test worker] p6spy                                    : #1665380027556 | took 0ms | statement | connection 28| url jdbc:h2:mem:ad3a9e80-f26d-4a3e-9691-17f803db5723
insert into member_spot (member_id, score, spot_id, member_spot_id) values (?, ?, ?, ?)
insert into member_spot (member_id, score, spot_id, member_spot_id) values (25, 0.0, 903, 3396);
2022-10-10 14:33:47.556  INFO 4460 --- [    Test worker] p6spy                                    : #1665380027556 | took 0ms | statement | connection 28| url jdbc:h2:mem:ad3a9e80-f26d-4a3e-9691-17f803db5723
insert into review (content, spot_id, review_id) values (?, ?, ?)
insert into review (content, spot_id, review_id) values ('java.io.StringReader@640469aa', 871, 837);
2022-10-10 14:33:47.556  INFO 4460 --- [    Test worker] p6spy                                    : #1665380027556 | took 0ms | statement | connection 28| url jdbc:h2:mem:ad3a9e80-f26d-4a3e-9691-17f803db5723
insert into favorite_spot (count, favorite_id, spot_id, favorite_spot_id) values (?, ?, ?, ?)
insert into favorite_spot (count, favorite_id, spot_id, favorite_spot_id) values (0, 44, 903, 595);
2022-10-10 14:33:47.556  INFO 4460 --- [    Test worker] p6spy                                    : #1665380027556 | took 0ms | statement | connection 28| url jdbc:h2:mem:ad3a9e80-f26d-4a3e-9691-17f803db5723
insert into score (facility_rank, facility_score, price_rank, price_score, rank_average, surround_rank, surround_score, view_rank, view_score, score_id) values (?, ?, ?, ?, ?, ?, ?, ?, ?, ?)
insert into score (facility_rank, facility_score, price_rank, price_score, rank_average, surround_rank, surround_score, view_rank, view_score, score_id) values (3.987311583903427, 0.7100520942023159, 9.541744760224082, 3.4283795912776425, 7.787225037227358, 6.397388728574529, 4.098136078089042, 6.742219119823015, 6.547195371855466, 836);
2022-10-10 14:33:47.556  INFO 4460 --- [    Test worker] p6spy                                    : #1665380027556 | took 0ms | statement | connection 28| url jdbc:h2:mem:ad3a9e80-f26d-4a3e-9691-17f803db5723
insert into picture (spot_id, url, picture_id) values (?, ?, ?)
insert into picture (spot_id, url, picture_id) values (NULL, 'java.io.StringReader@1400f9ca', 3397);
2022-10-10 14:33:47.556  INFO 4460 --- [    Test worker] p6spy                                    : #1665380027556 | took 0ms | statement | connection 28| url jdbc:h2:mem:ad3a9e80-f26d-4a3e-9691-17f803db5723
insert into picture (spot_id, url, picture_id) values (?, ?, ?)
insert into picture (spot_id, url, picture_id) values (NULL, 'java.io.StringReader@33ab3c0b', 3398);
2022-10-10 14:33:47.556  INFO 4460 --- [    Test worker] p6spy                                    : #1665380027556 | took 0ms | statement | connection 28| url jdbc:h2:mem:ad3a9e80-f26d-4a3e-9691-17f803db5723
insert into picture (spot_id, url, picture_id) values (?, ?, ?)
insert into picture (spot_id, url, picture_id) values (NULL, 'java.io.StringReader@62a1a244', 3399);
2022-10-10 14:33:47.556  INFO 4460 --- [    Test worker] p6spy                                    : #1665380027556 | took 0ms | statement | connection 28| url jdbc:h2:mem:ad3a9e80-f26d-4a3e-9691-17f803db5723
insert into spot (address, description, location, name, score_id, spot_id) values (?, ?, ?, ?, ?, ?)
insert into spot (address, description, location, name, score_id, spot_id) values (NULL, NULL, 'Aewol_eup', NULL, 836, 904);
2022-10-10 14:33:47.556  INFO 4460 --- [    Test worker] p6spy                                    : #1665380027556 | took 0ms | statement | connection 28| url jdbc:h2:mem:ad3a9e80-f26d-4a3e-9691-17f803db5723
insert into member_spot (member_id, score, spot_id, member_spot_id) values (?, ?, ?, ?)
insert into member_spot (member_id, score, spot_id, member_spot_id) values (25, 0.0, 904, 3400);
2022-10-10 14:33:47.556  INFO 4460 --- [    Test worker] p6spy                                    : #1665380027556 | took 0ms | statement | connection 28| url jdbc:h2:mem:ad3a9e80-f26d-4a3e-9691-17f803db5723
insert into review (content, spot_id, review_id) values (?, ?, ?)
insert into review (content, spot_id, review_id) values ('java.io.StringReader@18ce4fd8', 871, 838);
2022-10-10 14:33:47.557  INFO 4460 --- [    Test worker] p6spy                                    : #1665380027557 | took 0ms | statement | connection 28| url jdbc:h2:mem:ad3a9e80-f26d-4a3e-9691-17f803db5723
insert into score (facility_rank, facility_score, price_rank, price_score, rank_average, surround_rank, surround_score, view_rank, view_score, score_id) values (?, ?, ?, ?, ?, ?, ?, ?, ?, ?)
insert into score (facility_rank, facility_score, price_rank, price_score, rank_average, surround_rank, surround_score, view_rank, view_score, score_id) values (1.2306366957137638, 5.803748352629863, 2.6450035766400717, 1.5098791181551718, 3.1927189597635195, 8.404938264257304, 5.413332302488763, 5.219681687315038, 0.8843259353842059, 837);
2022-10-10 14:33:47.557  INFO 4460 --- [    Test worker] p6spy                                    : #1665380027557 | took 0ms | statement | connection 28| url jdbc:h2:mem:ad3a9e80-f26d-4a3e-9691-17f803db5723
insert into picture (spot_id, url, picture_id) values (?, ?, ?)
insert into picture (spot_id, url, picture_id) values (NULL, 'java.io.StringReader@58cb4047', 3401);
2022-10-10 14:33:47.557  INFO 4460 --- [    Test worker] p6spy                                    : #1665380027557 | took 0ms | statement | connection 28| url jdbc:h2:mem:ad3a9e80-f26d-4a3e-9691-17f803db5723
insert into picture (spot_id, url, picture_id) values (?, ?, ?)
insert into picture (spot_id, url, picture_id) values (NULL, 'java.io.StringReader@614c9383', 3402);
2022-10-10 14:33:47.557  INFO 4460 --- [    Test worker] p6spy                                    : #1665380027557 | took 0ms | statement | connection 28| url jdbc:h2:mem:ad3a9e80-f26d-4a3e-9691-17f803db5723
insert into picture (spot_id, url, picture_id) values (?, ?, ?)
insert into picture (spot_id, url, picture_id) values (NULL, 'java.io.StringReader@3a69fe29', 3403);
2022-10-10 14:33:47.557  INFO 4460 --- [    Test worker] p6spy                                    : #1665380027557 | took 0ms | statement | connection 28| url jdbc:h2:mem:ad3a9e80-f26d-4a3e-9691-17f803db5723
insert into spot (address, description, location, name, score_id, spot_id) values (?, ?, ?, ?, ?, ?)
insert into spot (address, description, location, name, score_id, spot_id) values (NULL, NULL, 'Aewol_eup', NULL, 837, 905);
2022-10-10 14:33:47.557  INFO 4460 --- [    Test worker] p6spy                                    : #1665380027557 | took 0ms | statement | connection 28| url jdbc:h2:mem:ad3a9e80-f26d-4a3e-9691-17f803db5723
insert into member_spot (member_id, score, spot_id, member_spot_id) values (?, ?, ?, ?)
insert into member_spot (member_id, score, spot_id, member_spot_id) values (25, 0.0, 905, 3404);
2022-10-10 14:33:47.557  INFO 4460 --- [    Test worker] p6spy                                    : #1665380027557 | took 0ms | statement | connection 28| url jdbc:h2:mem:ad3a9e80-f26d-4a3e-9691-17f803db5723
insert into review (content, spot_id, review_id) values (?, ?, ?)
insert into review (content, spot_id, review_id) values ('java.io.StringReader@c7f7344', 871, 839);
2022-10-10 14:33:47.557  INFO 4460 --- [    Test worker] p6spy                                    : #1665380027557 | took 0ms | statement | connection 28| url jdbc:h2:mem:ad3a9e80-f26d-4a3e-9691-17f803db5723
insert into favorite_spot (count, favorite_id, spot_id, favorite_spot_id) values (?, ?, ?, ?)
insert into favorite_spot (count, favorite_id, spot_id, favorite_spot_id) values (0, 44, 905, 596);
2022-10-10 14:33:47.557  INFO 4460 --- [    Test worker] p6spy                                    : #1665380027557 | took 0ms | statement | connection 28| url jdbc:h2:mem:ad3a9e80-f26d-4a3e-9691-17f803db5723
insert into score (facility_rank, facility_score, price_rank, price_score, rank_average, surround_rank, surround_score, view_rank, view_score, score_id) values (?, ?, ?, ?, ?, ?, ?, ?, ?, ?)
insert into score (facility_rank, facility_score, price_rank, price_score, rank_average, surround_rank, surround_score, view_rank, view_score, score_id) values (7.062347771056443, 5.732089207784796, 2.7869718783117325, 5.421510877440419, 4.7364573741158384, 3.895386257283252, 8.235467037384854, 6.434822959241645, 2.0505640401220027, 838);
2022-10-10 14:33:47.557  INFO 4460 --- [    Test worker] p6spy                                    : #1665380027557 | took 0ms | statement | connection 28| url jdbc:h2:mem:ad3a9e80-f26d-4a3e-9691-17f803db5723
insert into picture (spot_id, url, picture_id) values (?, ?, ?)
insert into picture (spot_id, url, picture_id) values (NULL, 'java.io.StringReader@5b5e995d', 3405);
2022-10-10 14:33:47.557  INFO 4460 --- [    Test worker] p6spy                                    : #1665380027557 | took 0ms | statement | connection 28| url jdbc:h2:mem:ad3a9e80-f26d-4a3e-9691-17f803db5723
insert into picture (spot_id, url, picture_id) values (?, ?, ?)
insert into picture (spot_id, url, picture_id) values (NULL, 'java.io.StringReader@7a2b9987', 3406);
2022-10-10 14:33:47.557  INFO 4460 --- [    Test worker] p6spy                                    : #1665380027557 | took 0ms | statement | connection 28| url jdbc:h2:mem:ad3a9e80-f26d-4a3e-9691-17f803db5723
insert into picture (spot_id, url, picture_id) values (?, ?, ?)
insert into picture (spot_id, url, picture_id) values (NULL, 'java.io.StringReader@4d7a54ee', 3407);
2022-10-10 14:33:47.557  INFO 4460 --- [    Test worker] p6spy                                    : #1665380027557 | took 0ms | statement | connection 28| url jdbc:h2:mem:ad3a9e80-f26d-4a3e-9691-17f803db5723
insert into spot (address, description, location, name, score_id, spot_id) values (?, ?, ?, ?, ?, ?)
insert into spot (address, description, location, name, score_id, spot_id) values (NULL, NULL, 'Aewol_eup', NULL, 838, 906);
2022-10-10 14:33:47.557  INFO 4460 --- [    Test worker] p6spy                                    : #1665380027557 | took 0ms | statement | connection 28| url jdbc:h2:mem:ad3a9e80-f26d-4a3e-9691-17f803db5723
insert into member_spot (member_id, score, spot_id, member_spot_id) values (?, ?, ?, ?)
insert into member_spot (member_id, score, spot_id, member_spot_id) values (25, 0.0, 906, 3408);
2022-10-10 14:33:47.557  INFO 4460 --- [    Test worker] p6spy                                    : #1665380027557 | took 0ms | statement | connection 28| url jdbc:h2:mem:ad3a9e80-f26d-4a3e-9691-17f803db5723
insert into review (content, spot_id, review_id) values (?, ?, ?)
insert into review (content, spot_id, review_id) values ('java.io.StringReader@7523ce50', 871, 840);
2022-10-10 14:33:47.557  INFO 4460 --- [    Test worker] p6spy                                    : #1665380027557 | took 0ms | statement | connection 28| url jdbc:h2:mem:ad3a9e80-f26d-4a3e-9691-17f803db5723
insert into score (facility_rank, facility_score, price_rank, price_score, rank_average, surround_rank, surround_score, view_rank, view_score, score_id) values (?, ?, ?, ?, ?, ?, ?, ?, ?, ?)
insert into score (facility_rank, facility_score, price_rank, price_score, rank_average, surround_rank, surround_score, view_rank, view_score, score_id) values (9.973540242847111, 9.233039527988918, 2.2258393274873245, 3.8276221568423385, 2.79486331609525, 8.480048223840885, 3.3883516078111233, 0.39384090076869827, 5.726972672370273, 839);
2022-10-10 14:33:47.557  INFO 4460 --- [    Test worker] p6spy                                    : #1665380027557 | took 0ms | statement | connection 28| url jdbc:h2:mem:ad3a9e80-f26d-4a3e-9691-17f803db5723
insert into picture (spot_id, url, picture_id) values (?, ?, ?)
insert into picture (spot_id, url, picture_id) values (NULL, 'java.io.StringReader@29fad91a', 3409);
2022-10-10 14:33:47.557  INFO 4460 --- [    Test worker] p6spy                                    : #1665380027557 | took 0ms | statement | connection 28| url jdbc:h2:mem:ad3a9e80-f26d-4a3e-9691-17f803db5723
insert into picture (spot_id, url, picture_id) values (?, ?, ?)
insert into picture (spot_id, url, picture_id) values (NULL, 'java.io.StringReader@7bb824b4', 3410);
2022-10-10 14:33:47.557  INFO 4460 --- [    Test worker] p6spy                                    : #1665380027557 | took 0ms | statement | connection 28| url jdbc:h2:mem:ad3a9e80-f26d-4a3e-9691-17f803db5723
insert into picture (spot_id, url, picture_id) values (?, ?, ?)
insert into picture (spot_id, url, picture_id) values (NULL, 'java.io.StringReader@7b34db47', 3411);
2022-10-10 14:33:47.557  INFO 4460 --- [    Test worker] p6spy                                    : #1665380027557 | took 0ms | statement | connection 28| url jdbc:h2:mem:ad3a9e80-f26d-4a3e-9691-17f803db5723
insert into spot (address, description, location, name, score_id, spot_id) values (?, ?, ?, ?, ?, ?)
insert into spot (address, description, location, name, score_id, spot_id) values (NULL, NULL, 'Aewol_eup', NULL, 839, 907);
2022-10-10 14:33:47.557  INFO 4460 --- [    Test worker] p6spy                                    : #1665380027557 | took 0ms | statement | connection 28| url jdbc:h2:mem:ad3a9e80-f26d-4a3e-9691-17f803db5723
insert into member_spot (member_id, score, spot_id, member_spot_id) values (?, ?, ?, ?)
insert into member_spot (member_id, score, spot_id, member_spot_id) values (25, 0.0, 907, 3412);
2022-10-10 14:33:47.557  INFO 4460 --- [    Test worker] p6spy                                    : #1665380027557 | took 0ms | statement | connection 28| url jdbc:h2:mem:ad3a9e80-f26d-4a3e-9691-17f803db5723
insert into review (content, spot_id, review_id) values (?, ?, ?)
insert into review (content, spot_id, review_id) values ('java.io.StringReader@2d295a7b', 871, 841);
2022-10-10 14:33:47.557  INFO 4460 --- [    Test worker] p6spy                                    : #1665380027557 | took 0ms | statement | connection 28| url jdbc:h2:mem:ad3a9e80-f26d-4a3e-9691-17f803db5723
insert into favorite_spot (count, favorite_id, spot_id, favorite_spot_id) values (?, ?, ?, ?)
insert into favorite_spot (count, favorite_id, spot_id, favorite_spot_id) values (0, 44, 907, 597);
2022-10-10 14:33:47.557  INFO 4460 --- [    Test worker] p6spy                                    : #1665380027557 | took 0ms | statement | connection 28| url jdbc:h2:mem:ad3a9e80-f26d-4a3e-9691-17f803db5723
insert into score (facility_rank, facility_score, price_rank, price_score, rank_average, surround_rank, surround_score, view_rank, view_score, score_id) values (?, ?, ?, ?, ?, ?, ?, ?, ?, ?)
insert into score (facility_rank, facility_score, price_rank, price_score, rank_average, surround_rank, surround_score, view_rank, view_score, score_id) values (7.434386330918157, 7.754106241624692, 7.297603852478915, 7.390350329626443, 3.796184756578299, 0.06916102650124212, 2.112709376179528, 6.727617163014397, 5.526056804259628, 840);
2022-10-10 14:33:47.557  INFO 4460 --- [    Test worker] p6spy                                    : #1665380027557 | took 0ms | statement | connection 28| url jdbc:h2:mem:ad3a9e80-f26d-4a3e-9691-17f803db5723
insert into picture (spot_id, url, picture_id) values (?, ?, ?)
insert into picture (spot_id, url, picture_id) values (NULL, 'java.io.StringReader@188b57d3', 3413);
2022-10-10 14:33:47.557  INFO 4460 --- [    Test worker] p6spy                                    : #1665380027557 | took 0ms | statement | connection 28| url jdbc:h2:mem:ad3a9e80-f26d-4a3e-9691-17f803db5723
insert into picture (spot_id, url, picture_id) values (?, ?, ?)
insert into picture (spot_id, url, picture_id) values (NULL, 'java.io.StringReader@64cfbbb', 3414);
2022-10-10 14:33:47.557  INFO 4460 --- [    Test worker] p6spy                                    : #1665380027557 | took 0ms | statement | connection 28| url jdbc:h2:mem:ad3a9e80-f26d-4a3e-9691-17f803db5723
insert into picture (spot_id, url, picture_id) values (?, ?, ?)
insert into picture (spot_id, url, picture_id) values (NULL, 'java.io.StringReader@134b038', 3415);
2022-10-10 14:33:47.557  INFO 4460 --- [    Test worker] p6spy                                    : #1665380027557 | took 0ms | statement | connection 28| url jdbc:h2:mem:ad3a9e80-f26d-4a3e-9691-17f803db5723
insert into spot (address, description, location, name, score_id, spot_id) values (?, ?, ?, ?, ?, ?)
insert into spot (address, description, location, name, score_id, spot_id) values (NULL, NULL, 'Aewol_eup', NULL, 840, 908);
2022-10-10 14:33:47.557  INFO 4460 --- [    Test worker] p6spy                                    : #1665380027557 | took 0ms | statement | connection 28| url jdbc:h2:mem:ad3a9e80-f26d-4a3e-9691-17f803db5723
insert into member_spot (member_id, score, spot_id, member_spot_id) values (?, ?, ?, ?)
insert into member_spot (member_id, score, spot_id, member_spot_id) values (25, 0.0, 908, 3416);
2022-10-10 14:33:47.557  INFO 4460 --- [    Test worker] p6spy                                    : #1665380027557 | took 0ms | statement | connection 28| url jdbc:h2:mem:ad3a9e80-f26d-4a3e-9691-17f803db5723
insert into review (content, spot_id, review_id) values (?, ?, ?)
insert into review (content, spot_id, review_id) values ('java.io.StringReader@6448c3bb', 871, 842);
2022-10-10 14:33:47.557  INFO 4460 --- [    Test worker] p6spy                                    : #1665380027557 | took 0ms | statement | connection 28| url jdbc:h2:mem:ad3a9e80-f26d-4a3e-9691-17f803db5723
insert into score (facility_rank, facility_score, price_rank, price_score, rank_average, surround_rank, surround_score, view_rank, view_score, score_id) values (?, ?, ?, ?, ?, ?, ?, ?, ?, ?)
insert into score (facility_rank, facility_score, price_rank, price_score, rank_average, surround_rank, surround_score, view_rank, view_score, score_id) values (7.65749295381061, 8.717295520167784, 8.235801761230611, 7.388341639786314, 7.8894732318774965, 0.9781379468451457, 1.5132925389298924, 4.144234584142778, 8.156806744111687, 841);
2022-10-10 14:33:47.557  INFO 4460 --- [    Test worker] p6spy                                    : #1665380027557 | took 0ms | statement | connection 28| url jdbc:h2:mem:ad3a9e80-f26d-4a3e-9691-17f803db5723
insert into picture (spot_id, url, picture_id) values (?, ?, ?)
insert into picture (spot_id, url, picture_id) values (NULL, 'java.io.StringReader@4003cd4', 3417);
2022-10-10 14:33:47.557  INFO 4460 --- [    Test worker] p6spy                                    : #1665380027557 | took 0ms | statement | connection 28| url jdbc:h2:mem:ad3a9e80-f26d-4a3e-9691-17f803db5723
insert into picture (spot_id, url, picture_id) values (?, ?, ?)
insert into picture (spot_id, url, picture_id) values (NULL, 'java.io.StringReader@a323f8f', 3418);
2022-10-10 14:33:47.557  INFO 4460 --- [    Test worker] p6spy                                    : #1665380027557 | took 0ms | statement | connection 28| url jdbc:h2:mem:ad3a9e80-f26d-4a3e-9691-17f803db5723
insert into picture (spot_id, url, picture_id) values (?, ?, ?)
insert into picture (spot_id, url, picture_id) values (NULL, 'java.io.StringReader@1cf26804', 3419);
2022-10-10 14:33:47.557  INFO 4460 --- [    Test worker] p6spy                                    : #1665380027557 | took 0ms | statement | connection 28| url jdbc:h2:mem:ad3a9e80-f26d-4a3e-9691-17f803db5723
insert into spot (address, description, location, name, score_id, spot_id) values (?, ?, ?, ?, ?, ?)
insert into spot (address, description, location, name, score_id, spot_id) values (NULL, NULL, 'Aewol_eup', NULL, 841, 909);
2022-10-10 14:33:47.557  INFO 4460 --- [    Test worker] p6spy                                    : #1665380027557 | took 0ms | statement | connection 28| url jdbc:h2:mem:ad3a9e80-f26d-4a3e-9691-17f803db5723
insert into member_spot (member_id, score, spot_id, member_spot_id) values (?, ?, ?, ?)
insert into member_spot (member_id, score, spot_id, member_spot_id) values (25, 0.0, 909, 3420);
2022-10-10 14:33:47.557  INFO 4460 --- [    Test worker] p6spy                                    : #1665380027557 | took 0ms | statement | connection 28| url jdbc:h2:mem:ad3a9e80-f26d-4a3e-9691-17f803db5723
insert into review (content, spot_id, review_id) values (?, ?, ?)
insert into review (content, spot_id, review_id) values ('java.io.StringReader@3773341b', 871, 843);
2022-10-10 14:33:47.557  INFO 4460 --- [    Test worker] p6spy                                    : #1665380027557 | took 0ms | statement | connection 28| url jdbc:h2:mem:ad3a9e80-f26d-4a3e-9691-17f803db5723
insert into favorite_spot (count, favorite_id, spot_id, favorite_spot_id) values (?, ?, ?, ?)
insert into favorite_spot (count, favorite_id, spot_id, favorite_spot_id) values (0, 44, 909, 598);
2022-10-10 14:33:47.557  INFO 4460 --- [    Test worker] p6spy                                    : #1665380027557 | took 0ms | statement | connection 28| url jdbc:h2:mem:ad3a9e80-f26d-4a3e-9691-17f803db5723
insert into score (facility_rank, facility_score, price_rank, price_score, rank_average, surround_rank, surround_score, view_rank, view_score, score_id) values (?, ?, ?, ?, ?, ?, ?, ?, ?, ?)
insert into score (facility_rank, facility_score, price_rank, price_score, rank_average, surround_rank, surround_score, view_rank, view_score, score_id) values (9.304243746240036, 8.744877219615132, 9.409149615922344, 6.122220729710133, 9.373983610150871, 9.055690204538116, 5.816968644186195, 2.004633706690866, 0.35215720950262597, 842);
2022-10-10 14:33:47.557  INFO 4460 --- [    Test worker] p6spy                                    : #1665380027557 | took 0ms | statement | connection 28| url jdbc:h2:mem:ad3a9e80-f26d-4a3e-9691-17f803db5723
insert into picture (spot_id, url, picture_id) values (?, ?, ?)
insert into picture (spot_id, url, picture_id) values (NULL, 'java.io.StringReader@5d3fda9d', 3421);
2022-10-10 14:33:47.557  INFO 4460 --- [    Test worker] p6spy                                    : #1665380027557 | took 0ms | statement | connection 28| url jdbc:h2:mem:ad3a9e80-f26d-4a3e-9691-17f803db5723
insert into picture (spot_id, url, picture_id) values (?, ?, ?)
insert into picture (spot_id, url, picture_id) values (NULL, 'java.io.StringReader@42f58a96', 3422);
2022-10-10 14:33:47.558  INFO 4460 --- [    Test worker] p6spy                                    : #1665380027558 | took 0ms | statement | connection 28| url jdbc:h2:mem:ad3a9e80-f26d-4a3e-9691-17f803db5723
insert into picture (spot_id, url, picture_id) values (?, ?, ?)
insert into picture (spot_id, url, picture_id) values (NULL, 'java.io.StringReader@3cc6e50', 3423);
2022-10-10 14:33:47.558  INFO 4460 --- [    Test worker] p6spy                                    : #1665380027558 | took 0ms | statement | connection 28| url jdbc:h2:mem:ad3a9e80-f26d-4a3e-9691-17f803db5723
insert into spot (address, description, location, name, score_id, spot_id) values (?, ?, ?, ?, ?, ?)
insert into spot (address, description, location, name, score_id, spot_id) values (NULL, NULL, 'Aewol_eup', NULL, 842, 910);
2022-10-10 14:33:47.558  INFO 4460 --- [    Test worker] p6spy                                    : #1665380027558 | took 0ms | statement | connection 28| url jdbc:h2:mem:ad3a9e80-f26d-4a3e-9691-17f803db5723
insert into member_spot (member_id, score, spot_id, member_spot_id) values (?, ?, ?, ?)
insert into member_spot (member_id, score, spot_id, member_spot_id) values (25, 0.0, 910, 3424);
2022-10-10 14:33:47.558  INFO 4460 --- [    Test worker] p6spy                                    : #1665380027558 | took 0ms | statement | connection 28| url jdbc:h2:mem:ad3a9e80-f26d-4a3e-9691-17f803db5723
insert into review (content, spot_id, review_id) values (?, ?, ?)
insert into review (content, spot_id, review_id) values ('java.io.StringReader@22f50fc5', 871, 844);
2022-10-10 14:33:47.558  INFO 4460 --- [    Test worker] p6spy                                    : #1665380027558 | took 0ms | statement | connection 28| url jdbc:h2:mem:ad3a9e80-f26d-4a3e-9691-17f803db5723
insert into score (facility_rank, facility_score, price_rank, price_score, rank_average, surround_rank, surround_score, view_rank, view_score, score_id) values (?, ?, ?, ?, ?, ?, ?, ?, ?, ?)
insert into score (facility_rank, facility_score, price_rank, price_score, rank_average, surround_rank, surround_score, view_rank, view_score, score_id) values (0.851248671137611, 7.273845240255421, 8.394712983200517, 3.836229950239618, 1.3709797126687462, 8.666544067296705, 2.844225559129824, 1.484284254153433, 1.597418737113051, 843);
2022-10-10 14:33:47.558  INFO 4460 --- [    Test worker] p6spy                                    : #1665380027558 | took 0ms | statement | connection 28| url jdbc:h2:mem:ad3a9e80-f26d-4a3e-9691-17f803db5723
insert into picture (spot_id, url, picture_id) values (?, ?, ?)
insert into picture (spot_id, url, picture_id) values (NULL, 'java.io.StringReader@386835d', 3425);
2022-10-10 14:33:47.558  INFO 4460 --- [    Test worker] p6spy                                    : #1665380027558 | took 0ms | statement | connection 28| url jdbc:h2:mem:ad3a9e80-f26d-4a3e-9691-17f803db5723
insert into picture (spot_id, url, picture_id) values (?, ?, ?)
insert into picture (spot_id, url, picture_id) values (NULL, 'java.io.StringReader@55f43f6f', 3426);
2022-10-10 14:33:47.558  INFO 4460 --- [    Test worker] p6spy                                    : #1665380027558 | took 0ms | statement | connection 28| url jdbc:h2:mem:ad3a9e80-f26d-4a3e-9691-17f803db5723
insert into picture (spot_id, url, picture_id) values (?, ?, ?)
insert into picture (spot_id, url, picture_id) values (NULL, 'java.io.StringReader@290f2cd5', 3427);
2022-10-10 14:33:47.558  INFO 4460 --- [    Test worker] p6spy                                    : #1665380027558 | took 0ms | statement | connection 28| url jdbc:h2:mem:ad3a9e80-f26d-4a3e-9691-17f803db5723
insert into spot (address, description, location, name, score_id, spot_id) values (?, ?, ?, ?, ?, ?)
insert into spot (address, description, location, name, score_id, spot_id) values (NULL, NULL, 'Aewol_eup', NULL, 843, 911);
2022-10-10 14:33:47.558  INFO 4460 --- [    Test worker] p6spy                                    : #1665380027558 | took 0ms | statement | connection 28| url jdbc:h2:mem:ad3a9e80-f26d-4a3e-9691-17f803db5723
insert into member_spot (member_id, score, spot_id, member_spot_id) values (?, ?, ?, ?)
insert into member_spot (member_id, score, spot_id, member_spot_id) values (25, 0.0, 911, 3428);
2022-10-10 14:33:47.558  INFO 4460 --- [    Test worker] p6spy                                    : #1665380027558 | took 0ms | statement | connection 28| url jdbc:h2:mem:ad3a9e80-f26d-4a3e-9691-17f803db5723
insert into review (content, spot_id, review_id) values (?, ?, ?)
insert into review (content, spot_id, review_id) values ('java.io.StringReader@3adccdb8', 871, 845);
2022-10-10 14:33:47.558  INFO 4460 --- [    Test worker] p6spy                                    : #1665380027558 | took 0ms | statement | connection 28| url jdbc:h2:mem:ad3a9e80-f26d-4a3e-9691-17f803db5723
insert into favorite_spot (count, favorite_id, spot_id, favorite_spot_id) values (?, ?, ?, ?)
insert into favorite_spot (count, favorite_id, spot_id, favorite_spot_id) values (0, 44, 911, 599);
2022-10-10 14:33:47.558  INFO 4460 --- [    Test worker] p6spy                                    : #1665380027558 | took 0ms | statement | connection 28| url jdbc:h2:mem:ad3a9e80-f26d-4a3e-9691-17f803db5723
insert into score (facility_rank, facility_score, price_rank, price_score, rank_average, surround_rank, surround_score, view_rank, view_score, score_id) values (?, ?, ?, ?, ?, ?, ?, ?, ?, ?)
insert into score (facility_rank, facility_score, price_rank, price_score, rank_average, surround_rank, surround_score, view_rank, view_score, score_id) values (7.546698756707197, 5.421305539380018, 2.3597288826594687, 3.2278560214536043, 0.32926729419308964, 2.4430768748065, 3.8589702181970753, 2.397887715054824, 7.723264464454003, 844);
2022-10-10 14:33:47.558  INFO 4460 --- [    Test worker] p6spy                                    : #1665380027558 | took 0ms | statement | connection 28| url jdbc:h2:mem:ad3a9e80-f26d-4a3e-9691-17f803db5723
insert into picture (spot_id, url, picture_id) values (?, ?, ?)
insert into picture (spot_id, url, picture_id) values (NULL, 'java.io.StringReader@13be106d', 3429);
2022-10-10 14:33:47.558  INFO 4460 --- [    Test worker] p6spy                                    : #1665380027558 | took 0ms | statement | connection 28| url jdbc:h2:mem:ad3a9e80-f26d-4a3e-9691-17f803db5723
insert into picture (spot_id, url, picture_id) values (?, ?, ?)
insert into picture (spot_id, url, picture_id) values (NULL, 'java.io.StringReader@14a99c0e', 3430);
2022-10-10 14:33:47.558  INFO 4460 --- [    Test worker] p6spy                                    : #1665380027558 | took 0ms | statement | connection 28| url jdbc:h2:mem:ad3a9e80-f26d-4a3e-9691-17f803db5723
insert into picture (spot_id, url, picture_id) values (?, ?, ?)
insert into picture (spot_id, url, picture_id) values (NULL, 'java.io.StringReader@29eb4c20', 3431);
2022-10-10 14:33:47.558  INFO 4460 --- [    Test worker] p6spy                                    : #1665380027558 | took 0ms | statement | connection 28| url jdbc:h2:mem:ad3a9e80-f26d-4a3e-9691-17f803db5723
insert into spot (address, description, location, name, score_id, spot_id) values (?, ?, ?, ?, ?, ?)
insert into spot (address, description, location, name, score_id, spot_id) values (NULL, NULL, 'Aewol_eup', NULL, 844, 912);
2022-10-10 14:33:47.558  INFO 4460 --- [    Test worker] p6spy                                    : #1665380027558 | took 0ms | statement | connection 28| url jdbc:h2:mem:ad3a9e80-f26d-4a3e-9691-17f803db5723
insert into member_spot (member_id, score, spot_id, member_spot_id) values (?, ?, ?, ?)
insert into member_spot (member_id, score, spot_id, member_spot_id) values (25, 0.0, 912, 3432);
2022-10-10 14:33:47.558  INFO 4460 --- [    Test worker] p6spy                                    : #1665380027558 | took 0ms | statement | connection 28| url jdbc:h2:mem:ad3a9e80-f26d-4a3e-9691-17f803db5723
insert into review (content, spot_id, review_id) values (?, ?, ?)
insert into review (content, spot_id, review_id) values ('java.io.StringReader@6f9fc479', 871, 846);
2022-10-10 14:33:47.558  INFO 4460 --- [    Test worker] p6spy                                    : #1665380027558 | took 0ms | statement | connection 28| url jdbc:h2:mem:ad3a9e80-f26d-4a3e-9691-17f803db5723
insert into score (facility_rank, facility_score, price_rank, price_score, rank_average, surround_rank, surround_score, view_rank, view_score, score_id) values (?, ?, ?, ?, ?, ?, ?, ?, ?, ?)
insert into score (facility_rank, facility_score, price_rank, price_score, rank_average, surround_rank, surround_score, view_rank, view_score, score_id) values (2.7787139838839323, 5.875239711288915, 8.473074158544184, 2.5082726727507474, 6.694045015846023, 2.293965879569013, 3.1235790794658858, 8.878429209017366, 0.36954894765763413, 845);
2022-10-10 14:33:47.558  INFO 4460 --- [    Test worker] p6spy                                    : #1665380027558 | took 0ms | statement | connection 28| url jdbc:h2:mem:ad3a9e80-f26d-4a3e-9691-17f803db5723
insert into picture (spot_id, url, picture_id) values (?, ?, ?)
insert into picture (spot_id, url, picture_id) values (NULL, 'java.io.StringReader@64ff7107', 3433);
2022-10-10 14:33:47.558  INFO 4460 --- [    Test worker] p6spy                                    : #1665380027558 | took 0ms | statement | connection 28| url jdbc:h2:mem:ad3a9e80-f26d-4a3e-9691-17f803db5723
insert into picture (spot_id, url, picture_id) values (?, ?, ?)
insert into picture (spot_id, url, picture_id) values (NULL, 'java.io.StringReader@75cf4e', 3434);
2022-10-10 14:33:47.558  INFO 4460 --- [    Test worker] p6spy                                    : #1665380027558 | took 0ms | statement | connection 28| url jdbc:h2:mem:ad3a9e80-f26d-4a3e-9691-17f803db5723
insert into picture (spot_id, url, picture_id) values (?, ?, ?)
insert into picture (spot_id, url, picture_id) values (NULL, 'java.io.StringReader@14dbc200', 3435);
2022-10-10 14:33:47.558  INFO 4460 --- [    Test worker] p6spy                                    : #1665380027558 | took 0ms | statement | connection 28| url jdbc:h2:mem:ad3a9e80-f26d-4a3e-9691-17f803db5723
insert into spot (address, description, location, name, score_id, spot_id) values (?, ?, ?, ?, ?, ?)
insert into spot (address, description, location, name, score_id, spot_id) values (NULL, NULL, 'Aewol_eup', NULL, 845, 913);
2022-10-10 14:33:47.558  INFO 4460 --- [    Test worker] p6spy                                    : #1665380027558 | took 0ms | statement | connection 28| url jdbc:h2:mem:ad3a9e80-f26d-4a3e-9691-17f803db5723
insert into member_spot (member_id, score, spot_id, member_spot_id) values (?, ?, ?, ?)
insert into member_spot (member_id, score, spot_id, member_spot_id) values (25, 0.0, 913, 3436);
2022-10-10 14:33:47.558  INFO 4460 --- [    Test worker] p6spy                                    : #1665380027558 | took 0ms | statement | connection 28| url jdbc:h2:mem:ad3a9e80-f26d-4a3e-9691-17f803db5723
insert into review (content, spot_id, review_id) values (?, ?, ?)
insert into review (content, spot_id, review_id) values ('java.io.StringReader@45e7ea86', 871, 847);
2022-10-10 14:33:47.558  INFO 4460 --- [    Test worker] p6spy                                    : #1665380027558 | took 0ms | statement | connection 28| url jdbc:h2:mem:ad3a9e80-f26d-4a3e-9691-17f803db5723
insert into favorite_spot (count, favorite_id, spot_id, favorite_spot_id) values (?, ?, ?, ?)
insert into favorite_spot (count, favorite_id, spot_id, favorite_spot_id) values (0, 44, 913, 600);
2022-10-10 14:33:47.558  INFO 4460 --- [    Test worker] p6spy                                    : #1665380027558 | took 0ms | statement | connection 28| url jdbc:h2:mem:ad3a9e80-f26d-4a3e-9691-17f803db5723
insert into score (facility_rank, facility_score, price_rank, price_score, rank_average, surround_rank, surround_score, view_rank, view_score, score_id) values (?, ?, ?, ?, ?, ?, ?, ?, ?, ?)
insert into score (facility_rank, facility_score, price_rank, price_score, rank_average, surround_rank, surround_score, view_rank, view_score, score_id) values (3.7652744509013414, 7.018176226327991, 4.526933596846121, 0.9612629079400103, 5.248142550367052, 0.8413291718132343, 7.3246635797095365, 5.589916499099016, 5.300619236239362, 846);
2022-10-10 14:33:47.558  INFO 4460 --- [    Test worker] p6spy                                    : #1665380027558 | took 0ms | statement | connection 28| url jdbc:h2:mem:ad3a9e80-f26d-4a3e-9691-17f803db5723
insert into picture (spot_id, url, picture_id) values (?, ?, ?)
insert into picture (spot_id, url, picture_id) values (NULL, 'java.io.StringReader@462ffc16', 3437);
2022-10-10 14:33:47.558  INFO 4460 --- [    Test worker] p6spy                                    : #1665380027558 | took 0ms | statement | connection 28| url jdbc:h2:mem:ad3a9e80-f26d-4a3e-9691-17f803db5723
insert into picture (spot_id, url, picture_id) values (?, ?, ?)
insert into picture (spot_id, url, picture_id) values (NULL, 'java.io.StringReader@32c01e0', 3438);
2022-10-10 14:33:47.558  INFO 4460 --- [    Test worker] p6spy                                    : #1665380027558 | took 0ms | statement | connection 28| url jdbc:h2:mem:ad3a9e80-f26d-4a3e-9691-17f803db5723
insert into picture (spot_id, url, picture_id) values (?, ?, ?)
insert into picture (spot_id, url, picture_id) values (NULL, 'java.io.StringReader@406b5df6', 3439);
2022-10-10 14:33:47.558  INFO 4460 --- [    Test worker] p6spy                                    : #1665380027558 | took 0ms | statement | connection 28| url jdbc:h2:mem:ad3a9e80-f26d-4a3e-9691-17f803db5723
insert into spot (address, description, location, name, score_id, spot_id) values (?, ?, ?, ?, ?, ?)
insert into spot (address, description, location, name, score_id, spot_id) values (NULL, NULL, 'Aewol_eup', NULL, 846, 914);
2022-10-10 14:33:47.559  INFO 4460 --- [    Test worker] p6spy                                    : #1665380027559 | took 0ms | statement | connection 28| url jdbc:h2:mem:ad3a9e80-f26d-4a3e-9691-17f803db5723
insert into member_spot (member_id, score, spot_id, member_spot_id) values (?, ?, ?, ?)
insert into member_spot (member_id, score, spot_id, member_spot_id) values (25, 0.0, 914, 3440);
2022-10-10 14:33:47.559  INFO 4460 --- [    Test worker] p6spy                                    : #1665380027559 | took 0ms | statement | connection 28| url jdbc:h2:mem:ad3a9e80-f26d-4a3e-9691-17f803db5723
insert into review (content, spot_id, review_id) values (?, ?, ?)
insert into review (content, spot_id, review_id) values ('java.io.StringReader@23d58d9', 871, 848);
2022-10-10 14:33:47.559  INFO 4460 --- [    Test worker] p6spy                                    : #1665380027559 | took 0ms | statement | connection 28| url jdbc:h2:mem:ad3a9e80-f26d-4a3e-9691-17f803db5723
insert into score (facility_rank, facility_score, price_rank, price_score, rank_average, surround_rank, surround_score, view_rank, view_score, score_id) values (?, ?, ?, ?, ?, ?, ?, ?, ?, ?)
insert into score (facility_rank, facility_score, price_rank, price_score, rank_average, surround_rank, surround_score, view_rank, view_score, score_id) values (4.26480599254128, 2.111887853479024, 4.168606538908481, 8.007995924172176, 9.746840042591087, 6.480004562287476, 3.3308526822588167, 1.8327392512932628, 0.7874591390651053, 847);
2022-10-10 14:33:47.559  INFO 4460 --- [    Test worker] p6spy                                    : #1665380027559 | took 0ms | statement | connection 28| url jdbc:h2:mem:ad3a9e80-f26d-4a3e-9691-17f803db5723
insert into picture (spot_id, url, picture_id) values (?, ?, ?)
insert into picture (spot_id, url, picture_id) values (NULL, 'java.io.StringReader@c7a9929', 3441);
2022-10-10 14:33:47.559  INFO 4460 --- [    Test worker] p6spy                                    : #1665380027559 | took 0ms | statement | connection 28| url jdbc:h2:mem:ad3a9e80-f26d-4a3e-9691-17f803db5723
insert into picture (spot_id, url, picture_id) values (?, ?, ?)
insert into picture (spot_id, url, picture_id) values (NULL, 'java.io.StringReader@7d140556', 3442);
2022-10-10 14:33:47.559  INFO 4460 --- [    Test worker] p6spy                                    : #1665380027559 | took 0ms | statement | connection 28| url jdbc:h2:mem:ad3a9e80-f26d-4a3e-9691-17f803db5723
insert into picture (spot_id, url, picture_id) values (?, ?, ?)
insert into picture (spot_id, url, picture_id) values (NULL, 'java.io.StringReader@596b5915', 3443);
2022-10-10 14:33:47.559  INFO 4460 --- [    Test worker] p6spy                                    : #1665380027559 | took 0ms | statement | connection 28| url jdbc:h2:mem:ad3a9e80-f26d-4a3e-9691-17f803db5723
insert into spot (address, description, location, name, score_id, spot_id) values (?, ?, ?, ?, ?, ?)
insert into spot (address, description, location, name, score_id, spot_id) values (NULL, NULL, 'Aewol_eup', NULL, 847, 915);
2022-10-10 14:33:47.559  INFO 4460 --- [    Test worker] p6spy                                    : #1665380027559 | took 0ms | statement | connection 28| url jdbc:h2:mem:ad3a9e80-f26d-4a3e-9691-17f803db5723
insert into member_spot (member_id, score, spot_id, member_spot_id) values (?, ?, ?, ?)
insert into member_spot (member_id, score, spot_id, member_spot_id) values (25, 0.0, 915, 3444);
2022-10-10 14:33:47.559  INFO 4460 --- [    Test worker] p6spy                                    : #1665380027559 | took 0ms | statement | connection 28| url jdbc:h2:mem:ad3a9e80-f26d-4a3e-9691-17f803db5723
insert into review (content, spot_id, review_id) values (?, ?, ?)
insert into review (content, spot_id, review_id) values ('java.io.StringReader@65434c92', 871, 849);
2022-10-10 14:33:47.559  INFO 4460 --- [    Test worker] p6spy                                    : #1665380027559 | took 0ms | statement | connection 28| url jdbc:h2:mem:ad3a9e80-f26d-4a3e-9691-17f803db5723
insert into favorite_spot (count, favorite_id, spot_id, favorite_spot_id) values (?, ?, ?, ?)
insert into favorite_spot (count, favorite_id, spot_id, favorite_spot_id) values (0, 44, 915, 601);
2022-10-10 14:33:47.559  INFO 4460 --- [    Test worker] p6spy                                    : #1665380027559 | took 0ms | statement | connection 28| url jdbc:h2:mem:ad3a9e80-f26d-4a3e-9691-17f803db5723
insert into score (facility_rank, facility_score, price_rank, price_score, rank_average, surround_rank, surround_score, view_rank, view_score, score_id) values (?, ?, ?, ?, ?, ?, ?, ?, ?, ?)
insert into score (facility_rank, facility_score, price_rank, price_score, rank_average, surround_rank, surround_score, view_rank, view_score, score_id) values (2.1685650570141926, 9.890514145195862, 8.563510493419829, 9.4910867935535, 9.441513979159424, 1.6846840549963493, 7.6495986158309375, 6.469154443255364, 2.2778410864015175, 848);
2022-10-10 14:33:47.559  INFO 4460 --- [    Test worker] p6spy                                    : #1665380027559 | took 0ms | statement | connection 28| url jdbc:h2:mem:ad3a9e80-f26d-4a3e-9691-17f803db5723
insert into picture (spot_id, url, picture_id) values (?, ?, ?)
insert into picture (spot_id, url, picture_id) values (NULL, 'java.io.StringReader@45e35bdc', 3445);
2022-10-10 14:33:47.559  INFO 4460 --- [    Test worker] p6spy                                    : #1665380027559 | took 0ms | statement | connection 28| url jdbc:h2:mem:ad3a9e80-f26d-4a3e-9691-17f803db5723
insert into picture (spot_id, url, picture_id) values (?, ?, ?)
insert into picture (spot_id, url, picture_id) values (NULL, 'java.io.StringReader@427363f6', 3446);
2022-10-10 14:33:47.559  INFO 4460 --- [    Test worker] p6spy                                    : #1665380027559 | took 0ms | statement | connection 28| url jdbc:h2:mem:ad3a9e80-f26d-4a3e-9691-17f803db5723
insert into picture (spot_id, url, picture_id) values (?, ?, ?)
insert into picture (spot_id, url, picture_id) values (NULL, 'java.io.StringReader@4b44a67', 3447);
2022-10-10 14:33:47.559  INFO 4460 --- [    Test worker] p6spy                                    : #1665380027559 | took 0ms | statement | connection 28| url jdbc:h2:mem:ad3a9e80-f26d-4a3e-9691-17f803db5723
insert into spot (address, description, location, name, score_id, spot_id) values (?, ?, ?, ?, ?, ?)
insert into spot (address, description, location, name, score_id, spot_id) values (NULL, NULL, 'Aewol_eup', NULL, 848, 916);
2022-10-10 14:33:47.559  INFO 4460 --- [    Test worker] p6spy                                    : #1665380027559 | took 0ms | statement | connection 28| url jdbc:h2:mem:ad3a9e80-f26d-4a3e-9691-17f803db5723
insert into member_spot (member_id, score, spot_id, member_spot_id) values (?, ?, ?, ?)
insert into member_spot (member_id, score, spot_id, member_spot_id) values (25, 0.0, 916, 3448);
2022-10-10 14:33:47.559  INFO 4460 --- [    Test worker] p6spy                                    : #1665380027559 | took 0ms | statement | connection 28| url jdbc:h2:mem:ad3a9e80-f26d-4a3e-9691-17f803db5723
insert into review (content, spot_id, review_id) values (?, ?, ?)
insert into review (content, spot_id, review_id) values ('java.io.StringReader@5064f9af', 871, 850);
2022-10-10 14:33:47.559  INFO 4460 --- [    Test worker] p6spy                                    : #1665380027559 | took 0ms | statement | connection 28| url jdbc:h2:mem:ad3a9e80-f26d-4a3e-9691-17f803db5723
insert into score (facility_rank, facility_score, price_rank, price_score, rank_average, surround_rank, surround_score, view_rank, view_score, score_id) values (?, ?, ?, ?, ?, ?, ?, ?, ?, ?)
insert into score (facility_rank, facility_score, price_rank, price_score, rank_average, surround_rank, surround_score, view_rank, view_score, score_id) values (3.7717838930370604, 6.422387322788917, 0.8292556839325449, 1.704401343567461, 0.7949166005847685, 3.7367246742380456, 8.828741033988653, 8.341851712380997, 2.313598684454786, 849);
2022-10-10 14:33:47.559  INFO 4460 --- [    Test worker] p6spy                                    : #1665380027559 | took 0ms | statement | connection 28| url jdbc:h2:mem:ad3a9e80-f26d-4a3e-9691-17f803db5723
insert into picture (spot_id, url, picture_id) values (?, ?, ?)
insert into picture (spot_id, url, picture_id) values (NULL, 'java.io.StringReader@4481c340', 3449);
2022-10-10 14:33:47.559  INFO 4460 --- [    Test worker] p6spy                                    : #1665380027559 | took 0ms | statement | connection 28| url jdbc:h2:mem:ad3a9e80-f26d-4a3e-9691-17f803db5723
insert into picture (spot_id, url, picture_id) values (?, ?, ?)
insert into picture (spot_id, url, picture_id) values (NULL, 'java.io.StringReader@6d81acb', 3450);
2022-10-10 14:33:47.559  INFO 4460 --- [    Test worker] p6spy                                    : #1665380027559 | took 0ms | statement | connection 28| url jdbc:h2:mem:ad3a9e80-f26d-4a3e-9691-17f803db5723
insert into picture (spot_id, url, picture_id) values (?, ?, ?)
insert into picture (spot_id, url, picture_id) values (NULL, 'java.io.StringReader@46b38c69', 3451);
2022-10-10 14:33:47.559  INFO 4460 --- [    Test worker] p6spy                                    : #1665380027559 | took 0ms | statement | connection 28| url jdbc:h2:mem:ad3a9e80-f26d-4a3e-9691-17f803db5723
insert into spot (address, description, location, name, score_id, spot_id) values (?, ?, ?, ?, ?, ?)
insert into spot (address, description, location, name, score_id, spot_id) values (NULL, NULL, 'Aewol_eup', NULL, 849, 917);
2022-10-10 14:33:47.559  INFO 4460 --- [    Test worker] p6spy                                    : #1665380027559 | took 0ms | statement | connection 28| url jdbc:h2:mem:ad3a9e80-f26d-4a3e-9691-17f803db5723
insert into member_spot (member_id, score, spot_id, member_spot_id) values (?, ?, ?, ?)
insert into member_spot (member_id, score, spot_id, member_spot_id) values (25, 0.0, 917, 3452);
2022-10-10 14:33:47.559  INFO 4460 --- [    Test worker] p6spy                                    : #1665380027559 | took 0ms | statement | connection 28| url jdbc:h2:mem:ad3a9e80-f26d-4a3e-9691-17f803db5723
insert into review (content, spot_id, review_id) values (?, ?, ?)
insert into review (content, spot_id, review_id) values ('java.io.StringReader@4e02c20a', 871, 851);
2022-10-10 14:33:47.559  INFO 4460 --- [    Test worker] p6spy                                    : #1665380027559 | took 0ms | statement | connection 28| url jdbc:h2:mem:ad3a9e80-f26d-4a3e-9691-17f803db5723
insert into favorite_spot (count, favorite_id, spot_id, favorite_spot_id) values (?, ?, ?, ?)
insert into favorite_spot (count, favorite_id, spot_id, favorite_spot_id) values (0, 44, 917, 602);
2022-10-10 14:33:47.559  INFO 4460 --- [    Test worker] p6spy                                    : #1665380027559 | took 0ms | statement | connection 28| url jdbc:h2:mem:ad3a9e80-f26d-4a3e-9691-17f803db5723
insert into score (facility_rank, facility_score, price_rank, price_score, rank_average, surround_rank, surround_score, view_rank, view_score, score_id) values (?, ?, ?, ?, ?, ?, ?, ?, ?, ?)
insert into score (facility_rank, facility_score, price_rank, price_score, rank_average, surround_rank, surround_score, view_rank, view_score, score_id) values (9.061252499956339, 4.666792123323883, 5.185505788087643, 7.621456270553581, 0.6863759859712582, 7.318761141270118, 4.726276028541819, 8.52099531181559, 7.3714254383882425, 850);
2022-10-10 14:33:47.559  INFO 4460 --- [    Test worker] p6spy                                    : #1665380027559 | took 0ms | statement | connection 28| url jdbc:h2:mem:ad3a9e80-f26d-4a3e-9691-17f803db5723
insert into picture (spot_id, url, picture_id) values (?, ?, ?)
insert into picture (spot_id, url, picture_id) values (NULL, 'java.io.StringReader@c583dd1', 3453);
2022-10-10 14:33:47.559  INFO 4460 --- [    Test worker] p6spy                                    : #1665380027559 | took 0ms | statement | connection 28| url jdbc:h2:mem:ad3a9e80-f26d-4a3e-9691-17f803db5723
insert into picture (spot_id, url, picture_id) values (?, ?, ?)
insert into picture (spot_id, url, picture_id) values (NULL, 'java.io.StringReader@7198e1f0', 3454);
2022-10-10 14:33:47.559  INFO 4460 --- [    Test worker] p6spy                                    : #1665380027559 | took 0ms | statement | connection 28| url jdbc:h2:mem:ad3a9e80-f26d-4a3e-9691-17f803db5723
insert into picture (spot_id, url, picture_id) values (?, ?, ?)
insert into picture (spot_id, url, picture_id) values (NULL, 'java.io.StringReader@2355eaf0', 3455);
2022-10-10 14:33:47.559  INFO 4460 --- [    Test worker] p6spy                                    : #1665380027559 | took 0ms | statement | connection 28| url jdbc:h2:mem:ad3a9e80-f26d-4a3e-9691-17f803db5723
insert into spot (address, description, location, name, score_id, spot_id) values (?, ?, ?, ?, ?, ?)
insert into spot (address, description, location, name, score_id, spot_id) values (NULL, NULL, 'Aewol_eup', NULL, 850, 918);
2022-10-10 14:33:47.559  INFO 4460 --- [    Test worker] p6spy                                    : #1665380027559 | took 0ms | statement | connection 28| url jdbc:h2:mem:ad3a9e80-f26d-4a3e-9691-17f803db5723
insert into member_spot (member_id, score, spot_id, member_spot_id) values (?, ?, ?, ?)
insert into member_spot (member_id, score, spot_id, member_spot_id) values (25, 0.0, 918, 3456);
2022-10-10 14:33:47.559  INFO 4460 --- [    Test worker] p6spy                                    : #1665380027559 | took 0ms | statement | connection 28| url jdbc:h2:mem:ad3a9e80-f26d-4a3e-9691-17f803db5723
insert into review (content, spot_id, review_id) values (?, ?, ?)
insert into review (content, spot_id, review_id) values ('java.io.StringReader@b917c90', 871, 852);
2022-10-10 14:33:47.559  INFO 4460 --- [    Test worker] p6spy                                    : #1665380027559 | took 0ms | statement | connection 28| url jdbc:h2:mem:ad3a9e80-f26d-4a3e-9691-17f803db5723
insert into score (facility_rank, facility_score, price_rank, price_score, rank_average, surround_rank, surround_score, view_rank, view_score, score_id) values (?, ?, ?, ?, ?, ?, ?, ?, ?, ?)
insert into score (facility_rank, facility_score, price_rank, price_score, rank_average, surround_rank, surround_score, view_rank, view_score, score_id) values (1.6965316682299214, 1.2648914970055147, 6.009486802035328, 2.1332792973854575, 3.623260065514995, 5.658442009334795, 6.549415145036457, 1.4827395245233466, 9.043367837991577, 851);
2022-10-10 14:33:47.559  INFO 4460 --- [    Test worker] p6spy                                    : #1665380027559 | took 0ms | statement | connection 28| url jdbc:h2:mem:ad3a9e80-f26d-4a3e-9691-17f803db5723
insert into picture (spot_id, url, picture_id) values (?, ?, ?)
insert into picture (spot_id, url, picture_id) values (NULL, 'java.io.StringReader@5d81d944', 3457);
2022-10-10 14:33:47.560  INFO 4460 --- [    Test worker] p6spy                                    : #1665380027560 | took 0ms | statement | connection 28| url jdbc:h2:mem:ad3a9e80-f26d-4a3e-9691-17f803db5723
insert into picture (spot_id, url, picture_id) values (?, ?, ?)
insert into picture (spot_id, url, picture_id) values (NULL, 'java.io.StringReader@57b292d4', 3458);
2022-10-10 14:33:47.560  INFO 4460 --- [    Test worker] p6spy                                    : #1665380027560 | took 0ms | statement | connection 28| url jdbc:h2:mem:ad3a9e80-f26d-4a3e-9691-17f803db5723
insert into picture (spot_id, url, picture_id) values (?, ?, ?)
insert into picture (spot_id, url, picture_id) values (NULL, 'java.io.StringReader@76242193', 3459);
2022-10-10 14:33:47.560  INFO 4460 --- [    Test worker] p6spy                                    : #1665380027560 | took 0ms | statement | connection 28| url jdbc:h2:mem:ad3a9e80-f26d-4a3e-9691-17f803db5723
insert into spot (address, description, location, name, score_id, spot_id) values (?, ?, ?, ?, ?, ?)
insert into spot (address, description, location, name, score_id, spot_id) values (NULL, NULL, 'Aewol_eup', NULL, 851, 919);
2022-10-10 14:33:47.560  INFO 4460 --- [    Test worker] p6spy                                    : #1665380027560 | took 0ms | statement | connection 28| url jdbc:h2:mem:ad3a9e80-f26d-4a3e-9691-17f803db5723
insert into member_spot (member_id, score, spot_id, member_spot_id) values (?, ?, ?, ?)
insert into member_spot (member_id, score, spot_id, member_spot_id) values (25, 0.0, 919, 3460);
2022-10-10 14:33:47.560  INFO 4460 --- [    Test worker] p6spy                                    : #1665380027560 | took 0ms | statement | connection 28| url jdbc:h2:mem:ad3a9e80-f26d-4a3e-9691-17f803db5723
insert into review (content, spot_id, review_id) values (?, ?, ?)
insert into review (content, spot_id, review_id) values ('java.io.StringReader@44cf0ca3', 871, 853);
2022-10-10 14:33:47.560  INFO 4460 --- [    Test worker] p6spy                                    : #1665380027560 | took 0ms | statement | connection 28| url jdbc:h2:mem:ad3a9e80-f26d-4a3e-9691-17f803db5723
insert into favorite_spot (count, favorite_id, spot_id, favorite_spot_id) values (?, ?, ?, ?)
insert into favorite_spot (count, favorite_id, spot_id, favorite_spot_id) values (0, 44, 919, 603);
2022-10-10 14:33:47.560  INFO 4460 --- [    Test worker] p6spy                                    : #1665380027560 | took 0ms | statement | connection 28| url jdbc:h2:mem:ad3a9e80-f26d-4a3e-9691-17f803db5723
insert into score (facility_rank, facility_score, price_rank, price_score, rank_average, surround_rank, surround_score, view_rank, view_score, score_id) values (?, ?, ?, ?, ?, ?, ?, ?, ?, ?)
insert into score (facility_rank, facility_score, price_rank, price_score, rank_average, surround_rank, surround_score, view_rank, view_score, score_id) values (4.055487041405722, 1.4516661493039285, 8.10466783775109, 6.9859721753166095, 5.090674795242079, 1.002980673943642, 4.822524836404035, 8.663850449023029, 5.246467034171461, 852);
2022-10-10 14:33:47.560  INFO 4460 --- [    Test worker] p6spy                                    : #1665380027560 | took 0ms | statement | connection 28| url jdbc:h2:mem:ad3a9e80-f26d-4a3e-9691-17f803db5723
insert into picture (spot_id, url, picture_id) values (?, ?, ?)
insert into picture (spot_id, url, picture_id) values (NULL, 'java.io.StringReader@5834b11', 3461);
2022-10-10 14:33:47.560  INFO 4460 --- [    Test worker] p6spy                                    : #1665380027560 | took 0ms | statement | connection 28| url jdbc:h2:mem:ad3a9e80-f26d-4a3e-9691-17f803db5723
insert into picture (spot_id, url, picture_id) values (?, ?, ?)
insert into picture (spot_id, url, picture_id) values (NULL, 'java.io.StringReader@1065ea4c', 3462);
2022-10-10 14:33:47.560  INFO 4460 --- [    Test worker] p6spy                                    : #1665380027560 | took 0ms | statement | connection 28| url jdbc:h2:mem:ad3a9e80-f26d-4a3e-9691-17f803db5723
insert into picture (spot_id, url, picture_id) values (?, ?, ?)
insert into picture (spot_id, url, picture_id) values (NULL, 'java.io.StringReader@cf879bb', 3463);
2022-10-10 14:33:47.560  INFO 4460 --- [    Test worker] p6spy                                    : #1665380027560 | took 0ms | statement | connection 28| url jdbc:h2:mem:ad3a9e80-f26d-4a3e-9691-17f803db5723
insert into spot (address, description, location, name, score_id, spot_id) values (?, ?, ?, ?, ?, ?)
insert into spot (address, description, location, name, score_id, spot_id) values (NULL, NULL, 'Aewol_eup', NULL, 852, 920);
2022-10-10 14:33:47.560  INFO 4460 --- [    Test worker] p6spy                                    : #1665380027560 | took 0ms | statement | connection 28| url jdbc:h2:mem:ad3a9e80-f26d-4a3e-9691-17f803db5723
insert into member_spot (member_id, score, spot_id, member_spot_id) values (?, ?, ?, ?)
insert into member_spot (member_id, score, spot_id, member_spot_id) values (25, 0.0, 920, 3464);
2022-10-10 14:33:47.560  INFO 4460 --- [    Test worker] p6spy                                    : #1665380027560 | took 0ms | statement | connection 28| url jdbc:h2:mem:ad3a9e80-f26d-4a3e-9691-17f803db5723
insert into review (content, spot_id, review_id) values (?, ?, ?)
insert into review (content, spot_id, review_id) values ('java.io.StringReader@78fd1fd2', 871, 854);
2022-10-10 14:33:47.560  INFO 4460 --- [    Test worker] p6spy                                    : #1665380027560 | took 0ms | statement | connection 28| url jdbc:h2:mem:ad3a9e80-f26d-4a3e-9691-17f803db5723
insert into score (facility_rank, facility_score, price_rank, price_score, rank_average, surround_rank, surround_score, view_rank, view_score, score_id) values (?, ?, ?, ?, ?, ?, ?, ?, ?, ?)
insert into score (facility_rank, facility_score, price_rank, price_score, rank_average, surround_rank, surround_score, view_rank, view_score, score_id) values (3.3514461270435048, 8.678906523447692, 4.9425653195533155, 5.37319427361308, 1.057330016860688, 3.1352878354841485, 3.6070420112859614, 2.855388245602702, 2.834924055083383, 853);
2022-10-10 14:33:47.560  INFO 4460 --- [    Test worker] p6spy                                    : #1665380027560 | took 0ms | statement | connection 28| url jdbc:h2:mem:ad3a9e80-f26d-4a3e-9691-17f803db5723
insert into picture (spot_id, url, picture_id) values (?, ?, ?)
insert into picture (spot_id, url, picture_id) values (NULL, 'java.io.StringReader@4b0d2a74', 3465);
2022-10-10 14:33:47.560  INFO 4460 --- [    Test worker] p6spy                                    : #1665380027560 | took 0ms | statement | connection 28| url jdbc:h2:mem:ad3a9e80-f26d-4a3e-9691-17f803db5723
insert into picture (spot_id, url, picture_id) values (?, ?, ?)
insert into picture (spot_id, url, picture_id) values (NULL, 'java.io.StringReader@72d059b9', 3466);
2022-10-10 14:33:47.560  INFO 4460 --- [    Test worker] p6spy                                    : #1665380027560 | took 0ms | statement | connection 28| url jdbc:h2:mem:ad3a9e80-f26d-4a3e-9691-17f803db5723
insert into picture (spot_id, url, picture_id) values (?, ?, ?)
insert into picture (spot_id, url, picture_id) values (NULL, 'java.io.StringReader@123c84bf', 3467);
2022-10-10 14:33:47.560  INFO 4460 --- [    Test worker] p6spy                                    : #1665380027560 | took 0ms | statement | connection 28| url jdbc:h2:mem:ad3a9e80-f26d-4a3e-9691-17f803db5723
insert into spot (address, description, location, name, score_id, spot_id) values (?, ?, ?, ?, ?, ?)
insert into spot (address, description, location, name, score_id, spot_id) values (NULL, NULL, 'Andeok_myeon', NULL, 853, 921);
2022-10-10 14:33:47.560  INFO 4460 --- [    Test worker] p6spy                                    : #1665380027560 | took 0ms | statement | connection 28| url jdbc:h2:mem:ad3a9e80-f26d-4a3e-9691-17f803db5723
insert into member_spot (member_id, score, spot_id, member_spot_id) values (?, ?, ?, ?)
insert into member_spot (member_id, score, spot_id, member_spot_id) values (24, 0.0, 921, 3468);
2022-10-10 14:33:47.560  INFO 4460 --- [    Test worker] p6spy                                    : #1665380027560 | took 0ms | statement | connection 28| url jdbc:h2:mem:ad3a9e80-f26d-4a3e-9691-17f803db5723
insert into review (content, spot_id, review_id) values (?, ?, ?)
insert into review (content, spot_id, review_id) values ('java.io.StringReader@6e066af', 871, 855);
2022-10-10 14:33:47.560  INFO 4460 --- [    Test worker] p6spy                                    : #1665380027560 | took 0ms | statement | connection 28| url jdbc:h2:mem:ad3a9e80-f26d-4a3e-9691-17f803db5723
insert into favorite_spot (count, favorite_id, spot_id, favorite_spot_id) values (?, ?, ?, ?)
insert into favorite_spot (count, favorite_id, spot_id, favorite_spot_id) values (0, 44, 921, 604);
2022-10-10 14:33:47.560  INFO 4460 --- [    Test worker] p6spy                                    : #1665380027560 | took 0ms | statement | connection 28| url jdbc:h2:mem:ad3a9e80-f26d-4a3e-9691-17f803db5723
insert into score (facility_rank, facility_score, price_rank, price_score, rank_average, surround_rank, surround_score, view_rank, view_score, score_id) values (?, ?, ?, ?, ?, ?, ?, ?, ?, ?)
insert into score (facility_rank, facility_score, price_rank, price_score, rank_average, surround_rank, surround_score, view_rank, view_score, score_id) values (7.783415763596489, 1.5618234615651339, 5.736160192003647, 0.3641716957508512, 4.326475937196008, 9.407382471678119, 7.768833667512702, 8.763052836531738, 3.7039146379108057, 854);
2022-10-10 14:33:47.560  INFO 4460 --- [    Test worker] p6spy                                    : #1665380027560 | took 0ms | statement | connection 28| url jdbc:h2:mem:ad3a9e80-f26d-4a3e-9691-17f803db5723
insert into picture (spot_id, url, picture_id) values (?, ?, ?)
insert into picture (spot_id, url, picture_id) values (NULL, 'java.io.StringReader@4cb2b67c', 3469);
2022-10-10 14:33:47.560  INFO 4460 --- [    Test worker] p6spy                                    : #1665380027560 | took 0ms | statement | connection 28| url jdbc:h2:mem:ad3a9e80-f26d-4a3e-9691-17f803db5723
insert into picture (spot_id, url, picture_id) values (?, ?, ?)
insert into picture (spot_id, url, picture_id) values (NULL, 'java.io.StringReader@532019c0', 3470);
2022-10-10 14:33:47.560  INFO 4460 --- [    Test worker] p6spy                                    : #1665380027560 | took 0ms | statement | connection 28| url jdbc:h2:mem:ad3a9e80-f26d-4a3e-9691-17f803db5723
insert into picture (spot_id, url, picture_id) values (?, ?, ?)
insert into picture (spot_id, url, picture_id) values (NULL, 'java.io.StringReader@27bb397e', 3471);
2022-10-10 14:33:47.560  INFO 4460 --- [    Test worker] p6spy                                    : #1665380027560 | took 0ms | statement | connection 28| url jdbc:h2:mem:ad3a9e80-f26d-4a3e-9691-17f803db5723
insert into spot (address, description, location, name, score_id, spot_id) values (?, ?, ?, ?, ?, ?)
insert into spot (address, description, location, name, score_id, spot_id) values (NULL, NULL, 'Andeok_myeon', NULL, 854, 922);
2022-10-10 14:33:47.560  INFO 4460 --- [    Test worker] p6spy                                    : #1665380027560 | took 0ms | statement | connection 28| url jdbc:h2:mem:ad3a9e80-f26d-4a3e-9691-17f803db5723
insert into member_spot (member_id, score, spot_id, member_spot_id) values (?, ?, ?, ?)
insert into member_spot (member_id, score, spot_id, member_spot_id) values (24, 0.0, 922, 3472);
2022-10-10 14:33:47.560  INFO 4460 --- [    Test worker] p6spy                                    : #1665380027560 | took 0ms | statement | connection 28| url jdbc:h2:mem:ad3a9e80-f26d-4a3e-9691-17f803db5723
insert into review (content, spot_id, review_id) values (?, ?, ?)
insert into review (content, spot_id, review_id) values ('java.io.StringReader@11a35d36', 871, 856);
2022-10-10 14:33:47.560  INFO 4460 --- [    Test worker] p6spy                                    : #1665380027560 | took 0ms | statement | connection 28| url jdbc:h2:mem:ad3a9e80-f26d-4a3e-9691-17f803db5723
insert into score (facility_rank, facility_score, price_rank, price_score, rank_average, surround_rank, surround_score, view_rank, view_score, score_id) values (?, ?, ?, ?, ?, ?, ?, ?, ?, ?)
insert into score (facility_rank, facility_score, price_rank, price_score, rank_average, surround_rank, surround_score, view_rank, view_score, score_id) values (0.8717779204075404, 4.374770600553348, 4.570038877274946, 9.50366785641973, 9.22348945263121, 0.8693583306333652, 2.475797004050384, 2.907436378720334, 8.743125516742234, 855);
2022-10-10 14:33:47.560  INFO 4460 --- [    Test worker] p6spy                                    : #1665380027560 | took 0ms | statement | connection 28| url jdbc:h2:mem:ad3a9e80-f26d-4a3e-9691-17f803db5723
insert into picture (spot_id, url, picture_id) values (?, ?, ?)
insert into picture (spot_id, url, picture_id) values (NULL, 'java.io.StringReader@2eff2960', 3473);
2022-10-10 14:33:47.560  INFO 4460 --- [    Test worker] p6spy                                    : #1665380027560 | took 0ms | statement | connection 28| url jdbc:h2:mem:ad3a9e80-f26d-4a3e-9691-17f803db5723
insert into picture (spot_id, url, picture_id) values (?, ?, ?)
insert into picture (spot_id, url, picture_id) values (NULL, 'java.io.StringReader@3cf27e51', 3474);
2022-10-10 14:33:47.560  INFO 4460 --- [    Test worker] p6spy                                    : #1665380027560 | took 0ms | statement | connection 28| url jdbc:h2:mem:ad3a9e80-f26d-4a3e-9691-17f803db5723
insert into picture (spot_id, url, picture_id) values (?, ?, ?)
insert into picture (spot_id, url, picture_id) values (NULL, 'java.io.StringReader@58ae4af2', 3475);
2022-10-10 14:33:47.560  INFO 4460 --- [    Test worker] p6spy                                    : #1665380027560 | took 0ms | statement | connection 28| url jdbc:h2:mem:ad3a9e80-f26d-4a3e-9691-17f803db5723
insert into spot (address, description, location, name, score_id, spot_id) values (?, ?, ?, ?, ?, ?)
insert into spot (address, description, location, name, score_id, spot_id) values (NULL, NULL, 'Andeok_myeon', NULL, 855, 923);
2022-10-10 14:33:47.560  INFO 4460 --- [    Test worker] p6spy                                    : #1665380027560 | took 0ms | statement | connection 28| url jdbc:h2:mem:ad3a9e80-f26d-4a3e-9691-17f803db5723
insert into member_spot (member_id, score, spot_id, member_spot_id) values (?, ?, ?, ?)
insert into member_spot (member_id, score, spot_id, member_spot_id) values (24, 0.0, 923, 3476);
2022-10-10 14:33:47.561  INFO 4460 --- [    Test worker] p6spy                                    : #1665380027561 | took 0ms | statement | connection 28| url jdbc:h2:mem:ad3a9e80-f26d-4a3e-9691-17f803db5723
insert into review (content, spot_id, review_id) values (?, ?, ?)
insert into review (content, spot_id, review_id) values ('java.io.StringReader@6a3d8242', 871, 857);
2022-10-10 14:33:47.561  INFO 4460 --- [    Test worker] p6spy                                    : #1665380027561 | took 0ms | statement | connection 28| url jdbc:h2:mem:ad3a9e80-f26d-4a3e-9691-17f803db5723
insert into favorite_spot (count, favorite_id, spot_id, favorite_spot_id) values (?, ?, ?, ?)
insert into favorite_spot (count, favorite_id, spot_id, favorite_spot_id) values (0, 44, 923, 605);
2022-10-10 14:33:47.561  INFO 4460 --- [    Test worker] p6spy                                    : #1665380027561 | took 0ms | statement | connection 28| url jdbc:h2:mem:ad3a9e80-f26d-4a3e-9691-17f803db5723
insert into score (facility_rank, facility_score, price_rank, price_score, rank_average, surround_rank, surround_score, view_rank, view_score, score_id) values (?, ?, ?, ?, ?, ?, ?, ?, ?, ?)
insert into score (facility_rank, facility_score, price_rank, price_score, rank_average, surround_rank, surround_score, view_rank, view_score, score_id) values (1.6581796990012976, 2.326622925487891, 8.710709616484792, 8.773516705101002, 0.07658761927521573, 9.206390088071396, 1.1414712403175342, 7.7417436848979735, 1.4147311420432196, 856);
2022-10-10 14:33:47.561  INFO 4460 --- [    Test worker] p6spy                                    : #1665380027561 | took 0ms | statement | connection 28| url jdbc:h2:mem:ad3a9e80-f26d-4a3e-9691-17f803db5723
insert into picture (spot_id, url, picture_id) values (?, ?, ?)
insert into picture (spot_id, url, picture_id) values (NULL, 'java.io.StringReader@35ee3ade', 3477);
2022-10-10 14:33:47.561  INFO 4460 --- [    Test worker] p6spy                                    : #1665380027561 | took 0ms | statement | connection 28| url jdbc:h2:mem:ad3a9e80-f26d-4a3e-9691-17f803db5723
insert into picture (spot_id, url, picture_id) values (?, ?, ?)
insert into picture (spot_id, url, picture_id) values (NULL, 'java.io.StringReader@37b1d943', 3478);
2022-10-10 14:33:47.561  INFO 4460 --- [    Test worker] p6spy                                    : #1665380027561 | took 0ms | statement | connection 28| url jdbc:h2:mem:ad3a9e80-f26d-4a3e-9691-17f803db5723
insert into picture (spot_id, url, picture_id) values (?, ?, ?)
insert into picture (spot_id, url, picture_id) values (NULL, 'java.io.StringReader@5011e17e', 3479);
2022-10-10 14:33:47.561  INFO 4460 --- [    Test worker] p6spy                                    : #1665380027561 | took 0ms | statement | connection 28| url jdbc:h2:mem:ad3a9e80-f26d-4a3e-9691-17f803db5723
insert into spot (address, description, location, name, score_id, spot_id) values (?, ?, ?, ?, ?, ?)
insert into spot (address, description, location, name, score_id, spot_id) values (NULL, NULL, 'Andeok_myeon', NULL, 856, 924);
2022-10-10 14:33:47.561  INFO 4460 --- [    Test worker] p6spy                                    : #1665380027561 | took 0ms | statement | connection 28| url jdbc:h2:mem:ad3a9e80-f26d-4a3e-9691-17f803db5723
insert into member_spot (member_id, score, spot_id, member_spot_id) values (?, ?, ?, ?)
insert into member_spot (member_id, score, spot_id, member_spot_id) values (24, 0.0, 924, 3480);
2022-10-10 14:33:47.561  INFO 4460 --- [    Test worker] p6spy                                    : #1665380027561 | took 0ms | statement | connection 28| url jdbc:h2:mem:ad3a9e80-f26d-4a3e-9691-17f803db5723
insert into review (content, spot_id, review_id) values (?, ?, ?)
insert into review (content, spot_id, review_id) values ('java.io.StringReader@1f31d1cf', 871, 858);
2022-10-10 14:33:47.561  INFO 4460 --- [    Test worker] p6spy                                    : #1665380027561 | took 0ms | statement | connection 28| url jdbc:h2:mem:ad3a9e80-f26d-4a3e-9691-17f803db5723
insert into score (facility_rank, facility_score, price_rank, price_score, rank_average, surround_rank, surround_score, view_rank, view_score, score_id) values (?, ?, ?, ?, ?, ?, ?, ?, ?, ?)
insert into score (facility_rank, facility_score, price_rank, price_score, rank_average, surround_rank, surround_score, view_rank, view_score, score_id) values (3.3298963634344068, 6.025237844403555, 7.305113876421062, 6.863334164912162, 7.4117373517206016, 1.1950104428938124, 5.385599777947418, 1.1482307446685491, 1.528627389909083, 857);
2022-10-10 14:33:47.561  INFO 4460 --- [    Test worker] p6spy                                    : #1665380027561 | took 0ms | statement | connection 28| url jdbc:h2:mem:ad3a9e80-f26d-4a3e-9691-17f803db5723
insert into picture (spot_id, url, picture_id) values (?, ?, ?)
insert into picture (spot_id, url, picture_id) values (NULL, 'java.io.StringReader@1861ccb1', 3481);
2022-10-10 14:33:47.561  INFO 4460 --- [    Test worker] p6spy                                    : #1665380027561 | took 0ms | statement | connection 28| url jdbc:h2:mem:ad3a9e80-f26d-4a3e-9691-17f803db5723
insert into picture (spot_id, url, picture_id) values (?, ?, ?)
insert into picture (spot_id, url, picture_id) values (NULL, 'java.io.StringReader@a1fca5a', 3482);
2022-10-10 14:33:47.561  INFO 4460 --- [    Test worker] p6spy                                    : #1665380027561 | took 0ms | statement | connection 28| url jdbc:h2:mem:ad3a9e80-f26d-4a3e-9691-17f803db5723
insert into picture (spot_id, url, picture_id) values (?, ?, ?)
insert into picture (spot_id, url, picture_id) values (NULL, 'java.io.StringReader@3091ee2', 3483);
2022-10-10 14:33:47.561  INFO 4460 --- [    Test worker] p6spy                                    : #1665380027561 | took 0ms | statement | connection 28| url jdbc:h2:mem:ad3a9e80-f26d-4a3e-9691-17f803db5723
insert into spot (address, description, location, name, score_id, spot_id) values (?, ?, ?, ?, ?, ?)
insert into spot (address, description, location, name, score_id, spot_id) values (NULL, NULL, 'Andeok_myeon', NULL, 857, 925);
2022-10-10 14:33:47.561  INFO 4460 --- [    Test worker] p6spy                                    : #1665380027561 | took 0ms | statement | connection 28| url jdbc:h2:mem:ad3a9e80-f26d-4a3e-9691-17f803db5723
insert into member_spot (member_id, score, spot_id, member_spot_id) values (?, ?, ?, ?)
insert into member_spot (member_id, score, spot_id, member_spot_id) values (24, 0.0, 925, 3484);
2022-10-10 14:33:47.561  INFO 4460 --- [    Test worker] p6spy                                    : #1665380027561 | took 0ms | statement | connection 28| url jdbc:h2:mem:ad3a9e80-f26d-4a3e-9691-17f803db5723
insert into review (content, spot_id, review_id) values (?, ?, ?)
insert into review (content, spot_id, review_id) values ('java.io.StringReader@2e8c69d3', 871, 859);
2022-10-10 14:33:47.561  INFO 4460 --- [    Test worker] p6spy                                    : #1665380027561 | took 0ms | statement | connection 28| url jdbc:h2:mem:ad3a9e80-f26d-4a3e-9691-17f803db5723
insert into favorite_spot (count, favorite_id, spot_id, favorite_spot_id) values (?, ?, ?, ?)
insert into favorite_spot (count, favorite_id, spot_id, favorite_spot_id) values (0, 44, 925, 606);
2022-10-10 14:33:47.561  INFO 4460 --- [    Test worker] p6spy                                    : #1665380027561 | took 0ms | statement | connection 28| url jdbc:h2:mem:ad3a9e80-f26d-4a3e-9691-17f803db5723
insert into score (facility_rank, facility_score, price_rank, price_score, rank_average, surround_rank, surround_score, view_rank, view_score, score_id) values (?, ?, ?, ?, ?, ?, ?, ?, ?, ?)
insert into score (facility_rank, facility_score, price_rank, price_score, rank_average, surround_rank, surround_score, view_rank, view_score, score_id) values (4.154408963509563, 0.5608420206003728, 3.0820138720170744, 4.249699024043, 4.222690093889872, 5.309135441886486, 2.5593081338506574, 1.3153312746468715, 5.913355174708547, 858);
2022-10-10 14:33:47.561  INFO 4460 --- [    Test worker] p6spy                                    : #1665380027561 | took 0ms | statement | connection 28| url jdbc:h2:mem:ad3a9e80-f26d-4a3e-9691-17f803db5723
insert into picture (spot_id, url, picture_id) values (?, ?, ?)
insert into picture (spot_id, url, picture_id) values (NULL, 'java.io.StringReader@51cf231c', 3485);
2022-10-10 14:33:47.561  INFO 4460 --- [    Test worker] p6spy                                    : #1665380027561 | took 0ms | statement | connection 28| url jdbc:h2:mem:ad3a9e80-f26d-4a3e-9691-17f803db5723
insert into picture (spot_id, url, picture_id) values (?, ?, ?)
insert into picture (spot_id, url, picture_id) values (NULL, 'java.io.StringReader@36a97e8', 3486);
2022-10-10 14:33:47.561  INFO 4460 --- [    Test worker] p6spy                                    : #1665380027561 | took 0ms | statement | connection 28| url jdbc:h2:mem:ad3a9e80-f26d-4a3e-9691-17f803db5723
insert into picture (spot_id, url, picture_id) values (?, ?, ?)
insert into picture (spot_id, url, picture_id) values (NULL, 'java.io.StringReader@62034a5a', 3487);
2022-10-10 14:33:47.561  INFO 4460 --- [    Test worker] p6spy                                    : #1665380027561 | took 0ms | statement | connection 28| url jdbc:h2:mem:ad3a9e80-f26d-4a3e-9691-17f803db5723
insert into spot (address, description, location, name, score_id, spot_id) values (?, ?, ?, ?, ?, ?)
insert into spot (address, description, location, name, score_id, spot_id) values (NULL, NULL, 'Andeok_myeon', NULL, 858, 926);
2022-10-10 14:33:47.561  INFO 4460 --- [    Test worker] p6spy                                    : #1665380027561 | took 0ms | statement | connection 28| url jdbc:h2:mem:ad3a9e80-f26d-4a3e-9691-17f803db5723
insert into member_spot (member_id, score, spot_id, member_spot_id) values (?, ?, ?, ?)
insert into member_spot (member_id, score, spot_id, member_spot_id) values (24, 0.0, 926, 3488);
2022-10-10 14:33:47.561  INFO 4460 --- [    Test worker] p6spy                                    : #1665380027561 | took 0ms | statement | connection 28| url jdbc:h2:mem:ad3a9e80-f26d-4a3e-9691-17f803db5723
insert into review (content, spot_id, review_id) values (?, ?, ?)
insert into review (content, spot_id, review_id) values ('java.io.StringReader@34f3a171', 871, 860);
2022-10-10 14:33:47.561  INFO 4460 --- [    Test worker] p6spy                                    : #1665380027561 | took 0ms | statement | connection 28| url jdbc:h2:mem:ad3a9e80-f26d-4a3e-9691-17f803db5723
insert into score (facility_rank, facility_score, price_rank, price_score, rank_average, surround_rank, surround_score, view_rank, view_score, score_id) values (?, ?, ?, ?, ?, ?, ?, ?, ?, ?)
insert into score (facility_rank, facility_score, price_rank, price_score, rank_average, surround_rank, surround_score, view_rank, view_score, score_id) values (0.2650189811657644, 2.860415955214032, 4.408374508529151, 5.9473348289813135, 2.3653783851840684, 9.95416056490401, 9.672571305809626, 6.820488908730504, 2.576713113010194, 859);
2022-10-10 14:33:47.561  INFO 4460 --- [    Test worker] p6spy                                    : #1665380027561 | took 0ms | statement | connection 28| url jdbc:h2:mem:ad3a9e80-f26d-4a3e-9691-17f803db5723
insert into picture (spot_id, url, picture_id) values (?, ?, ?)
insert into picture (spot_id, url, picture_id) values (NULL, 'java.io.StringReader@170cbd25', 3489);
2022-10-10 14:33:47.561  INFO 4460 --- [    Test worker] p6spy                                    : #1665380027561 | took 0ms | statement | connection 28| url jdbc:h2:mem:ad3a9e80-f26d-4a3e-9691-17f803db5723
insert into picture (spot_id, url, picture_id) values (?, ?, ?)
insert into picture (spot_id, url, picture_id) values (NULL, 'java.io.StringReader@2396a989', 3490);
2022-10-10 14:33:47.561  INFO 4460 --- [    Test worker] p6spy                                    : #1665380027561 | took 0ms | statement | connection 28| url jdbc:h2:mem:ad3a9e80-f26d-4a3e-9691-17f803db5723
insert into picture (spot_id, url, picture_id) values (?, ?, ?)
insert into picture (spot_id, url, picture_id) values (NULL, 'java.io.StringReader@2364c810', 3491);
2022-10-10 14:33:47.561  INFO 4460 --- [    Test worker] p6spy                                    : #1665380027561 | took 0ms | statement | connection 28| url jdbc:h2:mem:ad3a9e80-f26d-4a3e-9691-17f803db5723
insert into spot (address, description, location, name, score_id, spot_id) values (?, ?, ?, ?, ?, ?)
insert into spot (address, description, location, name, score_id, spot_id) values (NULL, NULL, 'Andeok_myeon', NULL, 859, 927);
2022-10-10 14:33:47.561  INFO 4460 --- [    Test worker] p6spy                                    : #1665380027561 | took 0ms | statement | connection 28| url jdbc:h2:mem:ad3a9e80-f26d-4a3e-9691-17f803db5723
insert into member_spot (member_id, score, spot_id, member_spot_id) values (?, ?, ?, ?)
insert into member_spot (member_id, score, spot_id, member_spot_id) values (24, 0.0, 927, 3492);
2022-10-10 14:33:47.561  INFO 4460 --- [    Test worker] p6spy                                    : #1665380027561 | took 0ms | statement | connection 28| url jdbc:h2:mem:ad3a9e80-f26d-4a3e-9691-17f803db5723
insert into review (content, spot_id, review_id) values (?, ?, ?)
insert into review (content, spot_id, review_id) values ('java.io.StringReader@419c8eff', 871, 861);
2022-10-10 14:33:47.561  INFO 4460 --- [    Test worker] p6spy                                    : #1665380027561 | took 0ms | statement | connection 28| url jdbc:h2:mem:ad3a9e80-f26d-4a3e-9691-17f803db5723
insert into favorite_spot (count, favorite_id, spot_id, favorite_spot_id) values (?, ?, ?, ?)
insert into favorite_spot (count, favorite_id, spot_id, favorite_spot_id) values (0, 44, 927, 607);
2022-10-10 14:33:47.561  INFO 4460 --- [    Test worker] p6spy                                    : #1665380027561 | took 0ms | statement | connection 28| url jdbc:h2:mem:ad3a9e80-f26d-4a3e-9691-17f803db5723
insert into score (facility_rank, facility_score, price_rank, price_score, rank_average, surround_rank, surround_score, view_rank, view_score, score_id) values (?, ?, ?, ?, ?, ?, ?, ?, ?, ?)
insert into score (facility_rank, facility_score, price_rank, price_score, rank_average, surround_rank, surround_score, view_rank, view_score, score_id) values (5.632251676445903, 8.651683508791022, 5.130309429340658, 1.4232379849181742, 9.87442094780169, 0.6390964848285707, 2.472711937664399, 2.1487157406150272, 0.867482561518832, 860);
2022-10-10 14:33:47.561  INFO 4460 --- [    Test worker] p6spy                                    : #1665380027561 | took 0ms | statement | connection 28| url jdbc:h2:mem:ad3a9e80-f26d-4a3e-9691-17f803db5723
insert into picture (spot_id, url, picture_id) values (?, ?, ?)
insert into picture (spot_id, url, picture_id) values (NULL, 'java.io.StringReader@183e8ea5', 3493);
2022-10-10 14:33:47.561  INFO 4460 --- [    Test worker] p6spy                                    : #1665380027561 | took 0ms | statement | connection 28| url jdbc:h2:mem:ad3a9e80-f26d-4a3e-9691-17f803db5723
insert into picture (spot_id, url, picture_id) values (?, ?, ?)
insert into picture (spot_id, url, picture_id) values (NULL, 'java.io.StringReader@6193f60c', 3494);
2022-10-10 14:33:47.561  INFO 4460 --- [    Test worker] p6spy                                    : #1665380027561 | took 0ms | statement | connection 28| url jdbc:h2:mem:ad3a9e80-f26d-4a3e-9691-17f803db5723
insert into picture (spot_id, url, picture_id) values (?, ?, ?)
insert into picture (spot_id, url, picture_id) values (NULL, 'java.io.StringReader@522cca0a', 3495);
2022-10-10 14:33:47.561  INFO 4460 --- [    Test worker] p6spy                                    : #1665380027561 | took 0ms | statement | connection 28| url jdbc:h2:mem:ad3a9e80-f26d-4a3e-9691-17f803db5723
insert into spot (address, description, location, name, score_id, spot_id) values (?, ?, ?, ?, ?, ?)
insert into spot (address, description, location, name, score_id, spot_id) values (NULL, NULL, 'Andeok_myeon', NULL, 860, 928);
2022-10-10 14:33:47.561  INFO 4460 --- [    Test worker] p6spy                                    : #1665380027561 | took 0ms | statement | connection 28| url jdbc:h2:mem:ad3a9e80-f26d-4a3e-9691-17f803db5723
insert into member_spot (member_id, score, spot_id, member_spot_id) values (?, ?, ?, ?)
insert into member_spot (member_id, score, spot_id, member_spot_id) values (24, 0.0, 928, 3496);
2022-10-10 14:33:47.562  INFO 4460 --- [    Test worker] p6spy                                    : #1665380027562 | took 0ms | statement | connection 28| url jdbc:h2:mem:ad3a9e80-f26d-4a3e-9691-17f803db5723
insert into review (content, spot_id, review_id) values (?, ?, ?)
insert into review (content, spot_id, review_id) values ('java.io.StringReader@2726519e', 871, 862);
2022-10-10 14:33:47.562  INFO 4460 --- [    Test worker] p6spy                                    : #1665380027562 | took 0ms | statement | connection 28| url jdbc:h2:mem:ad3a9e80-f26d-4a3e-9691-17f803db5723
insert into score (facility_rank, facility_score, price_rank, price_score, rank_average, surround_rank, surround_score, view_rank, view_score, score_id) values (?, ?, ?, ?, ?, ?, ?, ?, ?, ?)
insert into score (facility_rank, facility_score, price_rank, price_score, rank_average, surround_rank, surround_score, view_rank, view_score, score_id) values (6.234834644515711, 3.5912736920111366, 4.310899618135744, 0.5601330788325976, 6.678118346005393, 9.387877417990815, 6.294865667661012, 5.222375865087016, 6.389895843654047, 861);
2022-10-10 14:33:47.562  INFO 4460 --- [    Test worker] p6spy                                    : #1665380027562 | took 0ms | statement | connection 28| url jdbc:h2:mem:ad3a9e80-f26d-4a3e-9691-17f803db5723
insert into picture (spot_id, url, picture_id) values (?, ?, ?)
insert into picture (spot_id, url, picture_id) values (NULL, 'java.io.StringReader@335047db', 3497);
2022-10-10 14:33:47.562  INFO 4460 --- [    Test worker] p6spy                                    : #1665380027562 | took 0ms | statement | connection 28| url jdbc:h2:mem:ad3a9e80-f26d-4a3e-9691-17f803db5723
insert into picture (spot_id, url, picture_id) values (?, ?, ?)
insert into picture (spot_id, url, picture_id) values (NULL, 'java.io.StringReader@798b3281', 3498);
2022-10-10 14:33:47.562  INFO 4460 --- [    Test worker] p6spy                                    : #1665380027562 | took 0ms | statement | connection 28| url jdbc:h2:mem:ad3a9e80-f26d-4a3e-9691-17f803db5723
insert into picture (spot_id, url, picture_id) values (?, ?, ?)
insert into picture (spot_id, url, picture_id) values (NULL, 'java.io.StringReader@3f52817', 3499);
2022-10-10 14:33:47.562  INFO 4460 --- [    Test worker] p6spy                                    : #1665380027562 | took 0ms | statement | connection 28| url jdbc:h2:mem:ad3a9e80-f26d-4a3e-9691-17f803db5723
insert into spot (address, description, location, name, score_id, spot_id) values (?, ?, ?, ?, ?, ?)
insert into spot (address, description, location, name, score_id, spot_id) values (NULL, NULL, 'Andeok_myeon', NULL, 861, 929);
2022-10-10 14:33:47.562  INFO 4460 --- [    Test worker] p6spy                                    : #1665380027562 | took 0ms | statement | connection 28| url jdbc:h2:mem:ad3a9e80-f26d-4a3e-9691-17f803db5723
insert into member_spot (member_id, score, spot_id, member_spot_id) values (?, ?, ?, ?)
insert into member_spot (member_id, score, spot_id, member_spot_id) values (24, 0.0, 929, 3500);
2022-10-10 14:33:47.562  INFO 4460 --- [    Test worker] p6spy                                    : #1665380027562 | took 0ms | statement | connection 28| url jdbc:h2:mem:ad3a9e80-f26d-4a3e-9691-17f803db5723
insert into review (content, spot_id, review_id) values (?, ?, ?)
insert into review (content, spot_id, review_id) values ('java.io.StringReader@3c39a975', 871, 863);
2022-10-10 14:33:47.562  INFO 4460 --- [    Test worker] p6spy                                    : #1665380027562 | took 0ms | statement | connection 28| url jdbc:h2:mem:ad3a9e80-f26d-4a3e-9691-17f803db5723
insert into favorite_spot (count, favorite_id, spot_id, favorite_spot_id) values (?, ?, ?, ?)
insert into favorite_spot (count, favorite_id, spot_id, favorite_spot_id) values (0, 44, 929, 608);
2022-10-10 14:33:47.562  INFO 4460 --- [    Test worker] p6spy                                    : #1665380027562 | took 0ms | statement | connection 28| url jdbc:h2:mem:ad3a9e80-f26d-4a3e-9691-17f803db5723
insert into score (facility_rank, facility_score, price_rank, price_score, rank_average, surround_rank, surround_score, view_rank, view_score, score_id) values (?, ?, ?, ?, ?, ?, ?, ?, ?, ?)
insert into score (facility_rank, facility_score, price_rank, price_score, rank_average, surround_rank, surround_score, view_rank, view_score, score_id) values (9.132442655599606, 3.6947124041909496, 2.801112058312162, 9.76252349061754, 4.452433734979334, 9.823698503785838E-4, 0.27926185442574747, 5.57686003496753, 6.756716119843221, 862);
2022-10-10 14:33:47.562  INFO 4460 --- [    Test worker] p6spy                                    : #1665380027562 | took 0ms | statement | connection 28| url jdbc:h2:mem:ad3a9e80-f26d-4a3e-9691-17f803db5723
insert into picture (spot_id, url, picture_id) values (?, ?, ?)
insert into picture (spot_id, url, picture_id) values (NULL, 'java.io.StringReader@6e5f9fe2', 3501);
2022-10-10 14:33:47.562  INFO 4460 --- [    Test worker] p6spy                                    : #1665380027562 | took 0ms | statement | connection 28| url jdbc:h2:mem:ad3a9e80-f26d-4a3e-9691-17f803db5723
insert into picture (spot_id, url, picture_id) values (?, ?, ?)
insert into picture (spot_id, url, picture_id) values (NULL, 'java.io.StringReader@46ccc2b8', 3502);
2022-10-10 14:33:47.562  INFO 4460 --- [    Test worker] p6spy                                    : #1665380027562 | took 0ms | statement | connection 28| url jdbc:h2:mem:ad3a9e80-f26d-4a3e-9691-17f803db5723
insert into picture (spot_id, url, picture_id) values (?, ?, ?)
insert into picture (spot_id, url, picture_id) values (NULL, 'java.io.StringReader@78bfa54', 3503);
2022-10-10 14:33:47.562  INFO 4460 --- [    Test worker] p6spy                                    : #1665380027562 | took 0ms | statement | connection 28| url jdbc:h2:mem:ad3a9e80-f26d-4a3e-9691-17f803db5723
insert into spot (address, description, location, name, score_id, spot_id) values (?, ?, ?, ?, ?, ?)
insert into spot (address, description, location, name, score_id, spot_id) values (NULL, NULL, 'Andeok_myeon', NULL, 862, 930);
2022-10-10 14:33:47.562  INFO 4460 --- [    Test worker] p6spy                                    : #1665380027562 | took 0ms | statement | connection 28| url jdbc:h2:mem:ad3a9e80-f26d-4a3e-9691-17f803db5723
insert into member_spot (member_id, score, spot_id, member_spot_id) values (?, ?, ?, ?)
insert into member_spot (member_id, score, spot_id, member_spot_id) values (24, 0.0, 930, 3504);
2022-10-10 14:33:47.562  INFO 4460 --- [    Test worker] p6spy                                    : #1665380027562 | took 0ms | statement | connection 28| url jdbc:h2:mem:ad3a9e80-f26d-4a3e-9691-17f803db5723
insert into review (content, spot_id, review_id) values (?, ?, ?)
insert into review (content, spot_id, review_id) values ('java.io.StringReader@6181e8b1', 871, 864);
2022-10-10 14:33:47.562  INFO 4460 --- [    Test worker] p6spy                                    : #1665380027562 | took 0ms | statement | connection 28| url jdbc:h2:mem:ad3a9e80-f26d-4a3e-9691-17f803db5723
insert into score (facility_rank, facility_score, price_rank, price_score, rank_average, surround_rank, surround_score, view_rank, view_score, score_id) values (?, ?, ?, ?, ?, ?, ?, ?, ?, ?)
insert into score (facility_rank, facility_score, price_rank, price_score, rank_average, surround_rank, surround_score, view_rank, view_score, score_id) values (9.145180723220328, 0.8793332292161105, 7.639710851831477, 0.9511017880587913, 4.47130066533747, 7.499863322982783, 5.088466809057034, 8.309574973398284, 9.092581225310962, 863);
2022-10-10 14:33:47.562  INFO 4460 --- [    Test worker] p6spy                                    : #1665380027562 | took 0ms | statement | connection 28| url jdbc:h2:mem:ad3a9e80-f26d-4a3e-9691-17f803db5723
insert into picture (spot_id, url, picture_id) values (?, ?, ?)
insert into picture (spot_id, url, picture_id) values (NULL, 'java.io.StringReader@75165bfa', 3505);
2022-10-10 14:33:47.562  INFO 4460 --- [    Test worker] p6spy                                    : #1665380027562 | took 0ms | statement | connection 28| url jdbc:h2:mem:ad3a9e80-f26d-4a3e-9691-17f803db5723
insert into picture (spot_id, url, picture_id) values (?, ?, ?)
insert into picture (spot_id, url, picture_id) values (NULL, 'java.io.StringReader@4fd683c0', 3506);
2022-10-10 14:33:47.562  INFO 4460 --- [    Test worker] p6spy                                    : #1665380027562 | took 0ms | statement | connection 28| url jdbc:h2:mem:ad3a9e80-f26d-4a3e-9691-17f803db5723
insert into picture (spot_id, url, picture_id) values (?, ?, ?)
insert into picture (spot_id, url, picture_id) values (NULL, 'java.io.StringReader@24d0e84d', 3507);
2022-10-10 14:33:47.562  INFO 4460 --- [    Test worker] p6spy                                    : #1665380027562 | took 0ms | statement | connection 28| url jdbc:h2:mem:ad3a9e80-f26d-4a3e-9691-17f803db5723
insert into spot (address, description, location, name, score_id, spot_id) values (?, ?, ?, ?, ?, ?)
insert into spot (address, description, location, name, score_id, spot_id) values (NULL, NULL, 'Andeok_myeon', NULL, 863, 931);
2022-10-10 14:33:47.562  INFO 4460 --- [    Test worker] p6spy                                    : #1665380027562 | took 0ms | statement | connection 28| url jdbc:h2:mem:ad3a9e80-f26d-4a3e-9691-17f803db5723
insert into member_spot (member_id, score, spot_id, member_spot_id) values (?, ?, ?, ?)
insert into member_spot (member_id, score, spot_id, member_spot_id) values (24, 0.0, 931, 3508);
2022-10-10 14:33:47.562  INFO 4460 --- [    Test worker] p6spy                                    : #1665380027562 | took 0ms | statement | connection 28| url jdbc:h2:mem:ad3a9e80-f26d-4a3e-9691-17f803db5723
insert into review (content, spot_id, review_id) values (?, ?, ?)
insert into review (content, spot_id, review_id) values ('java.io.StringReader@3d68b18c', 871, 865);
2022-10-10 14:33:47.562  INFO 4460 --- [    Test worker] p6spy                                    : #1665380027562 | took 0ms | statement | connection 28| url jdbc:h2:mem:ad3a9e80-f26d-4a3e-9691-17f803db5723
insert into favorite_spot (count, favorite_id, spot_id, favorite_spot_id) values (?, ?, ?, ?)
insert into favorite_spot (count, favorite_id, spot_id, favorite_spot_id) values (0, 44, 931, 609);
2022-10-10 14:33:47.562  INFO 4460 --- [    Test worker] p6spy                                    : #1665380027562 | took 0ms | statement | connection 28| url jdbc:h2:mem:ad3a9e80-f26d-4a3e-9691-17f803db5723
insert into score (facility_rank, facility_score, price_rank, price_score, rank_average, surround_rank, surround_score, view_rank, view_score, score_id) values (?, ?, ?, ?, ?, ?, ?, ?, ?, ?)
insert into score (facility_rank, facility_score, price_rank, price_score, rank_average, surround_rank, surround_score, view_rank, view_score, score_id) values (2.7333013842510914, 3.234133717025407, 8.225403576711246, 4.538032479466719, 7.644820411476266, 5.6902072581316645, 2.318396248256993, 1.578240297648914, 4.0769396301537935, 864);
2022-10-10 14:33:47.562  INFO 4460 --- [    Test worker] p6spy                                    : #1665380027562 | took 0ms | statement | connection 28| url jdbc:h2:mem:ad3a9e80-f26d-4a3e-9691-17f803db5723
insert into picture (spot_id, url, picture_id) values (?, ?, ?)
insert into picture (spot_id, url, picture_id) values (NULL, 'java.io.StringReader@3e7f7cd2', 3509);
2022-10-10 14:33:47.562  INFO 4460 --- [    Test worker] p6spy                                    : #1665380027562 | took 0ms | statement | connection 28| url jdbc:h2:mem:ad3a9e80-f26d-4a3e-9691-17f803db5723
insert into picture (spot_id, url, picture_id) values (?, ?, ?)
insert into picture (spot_id, url, picture_id) values (NULL, 'java.io.StringReader@a3485a0', 3510);
2022-10-10 14:33:47.562  INFO 4460 --- [    Test worker] p6spy                                    : #1665380027562 | took 0ms | statement | connection 28| url jdbc:h2:mem:ad3a9e80-f26d-4a3e-9691-17f803db5723
insert into picture (spot_id, url, picture_id) values (?, ?, ?)
insert into picture (spot_id, url, picture_id) values (NULL, 'java.io.StringReader@52a5ff5d', 3511);
2022-10-10 14:33:47.562  INFO 4460 --- [    Test worker] p6spy                                    : #1665380027562 | took 0ms | statement | connection 28| url jdbc:h2:mem:ad3a9e80-f26d-4a3e-9691-17f803db5723
insert into spot (address, description, location, name, score_id, spot_id) values (?, ?, ?, ?, ?, ?)
insert into spot (address, description, location, name, score_id, spot_id) values (NULL, NULL, 'Andeok_myeon', NULL, 864, 932);
2022-10-10 14:33:47.562  INFO 4460 --- [    Test worker] p6spy                                    : #1665380027562 | took 0ms | statement | connection 28| url jdbc:h2:mem:ad3a9e80-f26d-4a3e-9691-17f803db5723
insert into member_spot (member_id, score, spot_id, member_spot_id) values (?, ?, ?, ?)
insert into member_spot (member_id, score, spot_id, member_spot_id) values (24, 0.0, 932, 3512);
2022-10-10 14:33:47.562  INFO 4460 --- [    Test worker] p6spy                                    : #1665380027562 | took 0ms | statement | connection 28| url jdbc:h2:mem:ad3a9e80-f26d-4a3e-9691-17f803db5723
insert into review (content, spot_id, review_id) values (?, ?, ?)
insert into review (content, spot_id, review_id) values ('java.io.StringReader@14272557', 871, 866);
2022-10-10 14:33:47.562  INFO 4460 --- [    Test worker] p6spy                                    : #1665380027562 | took 0ms | statement | connection 28| url jdbc:h2:mem:ad3a9e80-f26d-4a3e-9691-17f803db5723
insert into score (facility_rank, facility_score, price_rank, price_score, rank_average, surround_rank, surround_score, view_rank, view_score, score_id) values (?, ?, ?, ?, ?, ?, ?, ?, ?, ?)
insert into score (facility_rank, facility_score, price_rank, price_score, rank_average, surround_rank, surround_score, view_rank, view_score, score_id) values (5.748055909776354, 0.5794061193759337, 5.139166152099472, 9.427737777351343, 3.9403193542448314, 6.675569828334982, 1.3821662462120166, 7.339619248357797, 2.429754726152822, 865);
2022-10-10 14:33:47.563  INFO 4460 --- [    Test worker] p6spy                                    : #1665380027563 | took 0ms | statement | connection 28| url jdbc:h2:mem:ad3a9e80-f26d-4a3e-9691-17f803db5723
insert into picture (spot_id, url, picture_id) values (?, ?, ?)
insert into picture (spot_id, url, picture_id) values (NULL, 'java.io.StringReader@16fcd2c4', 3513);
2022-10-10 14:33:47.563  INFO 4460 --- [    Test worker] p6spy                                    : #1665380027563 | took 0ms | statement | connection 28| url jdbc:h2:mem:ad3a9e80-f26d-4a3e-9691-17f803db5723
insert into picture (spot_id, url, picture_id) values (?, ?, ?)
insert into picture (spot_id, url, picture_id) values (NULL, 'java.io.StringReader@dd51891', 3514);
2022-10-10 14:33:47.563  INFO 4460 --- [    Test worker] p6spy                                    : #1665380027563 | took 0ms | statement | connection 28| url jdbc:h2:mem:ad3a9e80-f26d-4a3e-9691-17f803db5723
insert into picture (spot_id, url, picture_id) values (?, ?, ?)
insert into picture (spot_id, url, picture_id) values (NULL, 'java.io.StringReader@76ee2b6f', 3515);
2022-10-10 14:33:47.563  INFO 4460 --- [    Test worker] p6spy                                    : #1665380027563 | took 0ms | statement | connection 28| url jdbc:h2:mem:ad3a9e80-f26d-4a3e-9691-17f803db5723
insert into spot (address, description, location, name, score_id, spot_id) values (?, ?, ?, ?, ?, ?)
insert into spot (address, description, location, name, score_id, spot_id) values (NULL, NULL, 'Andeok_myeon', NULL, 865, 933);
2022-10-10 14:33:47.563  INFO 4460 --- [    Test worker] p6spy                                    : #1665380027563 | took 0ms | statement | connection 28| url jdbc:h2:mem:ad3a9e80-f26d-4a3e-9691-17f803db5723
insert into member_spot (member_id, score, spot_id, member_spot_id) values (?, ?, ?, ?)
insert into member_spot (member_id, score, spot_id, member_spot_id) values (24, 0.0, 933, 3516);
2022-10-10 14:33:47.563  INFO 4460 --- [    Test worker] p6spy                                    : #1665380027563 | took 0ms | statement | connection 28| url jdbc:h2:mem:ad3a9e80-f26d-4a3e-9691-17f803db5723
insert into review (content, spot_id, review_id) values (?, ?, ?)
insert into review (content, spot_id, review_id) values ('java.io.StringReader@15de554b', 871, 867);
2022-10-10 14:33:47.563  INFO 4460 --- [    Test worker] p6spy                                    : #1665380027563 | took 0ms | statement | connection 28| url jdbc:h2:mem:ad3a9e80-f26d-4a3e-9691-17f803db5723
insert into favorite_spot (count, favorite_id, spot_id, favorite_spot_id) values (?, ?, ?, ?)
insert into favorite_spot (count, favorite_id, spot_id, favorite_spot_id) values (0, 44, 933, 610);
2022-10-10 14:33:47.563  INFO 4460 --- [    Test worker] p6spy                                    : #1665380027563 | took 0ms | statement | connection 28| url jdbc:h2:mem:ad3a9e80-f26d-4a3e-9691-17f803db5723
insert into score (facility_rank, facility_score, price_rank, price_score, rank_average, surround_rank, surround_score, view_rank, view_score, score_id) values (?, ?, ?, ?, ?, ?, ?, ?, ?, ?)
insert into score (facility_rank, facility_score, price_rank, price_score, rank_average, surround_rank, surround_score, view_rank, view_score, score_id) values (2.491518352126044, 5.9712201558141995, 2.4682932174194585, 9.30578839062665, 5.384915511946431, 7.129965466195047, 8.804879685254676, 1.345436520515435, 6.916202553214903, 866);
2022-10-10 14:33:47.563  INFO 4460 --- [    Test worker] p6spy                                    : #1665380027563 | took 0ms | statement | connection 28| url jdbc:h2:mem:ad3a9e80-f26d-4a3e-9691-17f803db5723
insert into picture (spot_id, url, picture_id) values (?, ?, ?)
insert into picture (spot_id, url, picture_id) values (NULL, 'java.io.StringReader@6e370606', 3517);
2022-10-10 14:33:47.563  INFO 4460 --- [    Test worker] p6spy                                    : #1665380027563 | took 0ms | statement | connection 28| url jdbc:h2:mem:ad3a9e80-f26d-4a3e-9691-17f803db5723
insert into picture (spot_id, url, picture_id) values (?, ?, ?)
insert into picture (spot_id, url, picture_id) values (NULL, 'java.io.StringReader@6167ee92', 3518);
2022-10-10 14:33:47.563  INFO 4460 --- [    Test worker] p6spy                                    : #1665380027563 | took 0ms | statement | connection 28| url jdbc:h2:mem:ad3a9e80-f26d-4a3e-9691-17f803db5723
insert into picture (spot_id, url, picture_id) values (?, ?, ?)
insert into picture (spot_id, url, picture_id) values (NULL, 'java.io.StringReader@7a7ca5f7', 3519);
2022-10-10 14:33:47.563  INFO 4460 --- [    Test worker] p6spy                                    : #1665380027563 | took 0ms | statement | connection 28| url jdbc:h2:mem:ad3a9e80-f26d-4a3e-9691-17f803db5723
insert into spot (address, description, location, name, score_id, spot_id) values (?, ?, ?, ?, ?, ?)
insert into spot (address, description, location, name, score_id, spot_id) values (NULL, NULL, 'Andeok_myeon', NULL, 866, 934);
2022-10-10 14:33:47.563  INFO 4460 --- [    Test worker] p6spy                                    : #1665380027563 | took 0ms | statement | connection 28| url jdbc:h2:mem:ad3a9e80-f26d-4a3e-9691-17f803db5723
insert into member_spot (member_id, score, spot_id, member_spot_id) values (?, ?, ?, ?)
insert into member_spot (member_id, score, spot_id, member_spot_id) values (24, 0.0, 934, 3520);
2022-10-10 14:33:47.563  INFO 4460 --- [    Test worker] p6spy                                    : #1665380027563 | took 0ms | statement | connection 28| url jdbc:h2:mem:ad3a9e80-f26d-4a3e-9691-17f803db5723
insert into review (content, spot_id, review_id) values (?, ?, ?)
insert into review (content, spot_id, review_id) values ('java.io.StringReader@63b8c91d', 871, 868);
2022-10-10 14:33:47.563  INFO 4460 --- [    Test worker] p6spy                                    : #1665380027563 | took 0ms | statement | connection 28| url jdbc:h2:mem:ad3a9e80-f26d-4a3e-9691-17f803db5723
insert into score (facility_rank, facility_score, price_rank, price_score, rank_average, surround_rank, surround_score, view_rank, view_score, score_id) values (?, ?, ?, ?, ?, ?, ?, ?, ?, ?)
insert into score (facility_rank, facility_score, price_rank, price_score, rank_average, surround_rank, surround_score, view_rank, view_score, score_id) values (2.894374819398202, 1.1145848019884919, 5.144307701952804, 3.78209857641568, 3.4063951557783803, 1.4215742778113216, 4.786043888651767, 9.658242392883665, 2.2202078111269463, 867);
2022-10-10 14:33:47.563  INFO 4460 --- [    Test worker] p6spy                                    : #1665380027563 | took 0ms | statement | connection 28| url jdbc:h2:mem:ad3a9e80-f26d-4a3e-9691-17f803db5723
insert into picture (spot_id, url, picture_id) values (?, ?, ?)
insert into picture (spot_id, url, picture_id) values (NULL, 'java.io.StringReader@26cc3084', 3521);
2022-10-10 14:33:47.563  INFO 4460 --- [    Test worker] p6spy                                    : #1665380027563 | took 0ms | statement | connection 28| url jdbc:h2:mem:ad3a9e80-f26d-4a3e-9691-17f803db5723
insert into picture (spot_id, url, picture_id) values (?, ?, ?)
insert into picture (spot_id, url, picture_id) values (NULL, 'java.io.StringReader@797f1aea', 3522);
2022-10-10 14:33:47.563  INFO 4460 --- [    Test worker] p6spy                                    : #1665380027563 | took 0ms | statement | connection 28| url jdbc:h2:mem:ad3a9e80-f26d-4a3e-9691-17f803db5723
insert into picture (spot_id, url, picture_id) values (?, ?, ?)
insert into picture (spot_id, url, picture_id) values (NULL, 'java.io.StringReader@68bee1f7', 3523);
2022-10-10 14:33:47.563  INFO 4460 --- [    Test worker] p6spy                                    : #1665380027563 | took 0ms | statement | connection 28| url jdbc:h2:mem:ad3a9e80-f26d-4a3e-9691-17f803db5723
insert into spot (address, description, location, name, score_id, spot_id) values (?, ?, ?, ?, ?, ?)
insert into spot (address, description, location, name, score_id, spot_id) values (NULL, NULL, 'Andeok_myeon', NULL, 867, 935);
2022-10-10 14:33:47.563  INFO 4460 --- [    Test worker] p6spy                                    : #1665380027563 | took 0ms | statement | connection 28| url jdbc:h2:mem:ad3a9e80-f26d-4a3e-9691-17f803db5723
insert into member_spot (member_id, score, spot_id, member_spot_id) values (?, ?, ?, ?)
insert into member_spot (member_id, score, spot_id, member_spot_id) values (24, 0.0, 935, 3524);
2022-10-10 14:33:47.563  INFO 4460 --- [    Test worker] p6spy                                    : #1665380027563 | took 0ms | statement | connection 28| url jdbc:h2:mem:ad3a9e80-f26d-4a3e-9691-17f803db5723
insert into review (content, spot_id, review_id) values (?, ?, ?)
insert into review (content, spot_id, review_id) values ('java.io.StringReader@2b0987f5', 871, 869);
2022-10-10 14:33:47.563  INFO 4460 --- [    Test worker] p6spy                                    : #1665380027563 | took 0ms | statement | connection 28| url jdbc:h2:mem:ad3a9e80-f26d-4a3e-9691-17f803db5723
insert into favorite_spot (count, favorite_id, spot_id, favorite_spot_id) values (?, ?, ?, ?)
insert into favorite_spot (count, favorite_id, spot_id, favorite_spot_id) values (0, 44, 935, 611);
2022-10-10 14:33:47.563  INFO 4460 --- [    Test worker] p6spy                                    : #1665380027563 | took 0ms | statement | connection 28| url jdbc:h2:mem:ad3a9e80-f26d-4a3e-9691-17f803db5723
insert into score (facility_rank, facility_score, price_rank, price_score, rank_average, surround_rank, surround_score, view_rank, view_score, score_id) values (?, ?, ?, ?, ?, ?, ?, ?, ?, ?)
insert into score (facility_rank, facility_score, price_rank, price_score, rank_average, surround_rank, surround_score, view_rank, view_score, score_id) values (1.8889275464133692, 0.6120116771721806, 6.363288730132504, 8.664021772889328, 2.6352918814066406, 2.9613147861350795, 2.4686542991406277, 9.61583113212688, 6.840756229826973, 868);
2022-10-10 14:33:47.563  INFO 4460 --- [    Test worker] p6spy                                    : #1665380027563 | took 0ms | statement | connection 28| url jdbc:h2:mem:ad3a9e80-f26d-4a3e-9691-17f803db5723
insert into picture (spot_id, url, picture_id) values (?, ?, ?)
insert into picture (spot_id, url, picture_id) values (NULL, 'java.io.StringReader@1cc927f7', 3525);
2022-10-10 14:33:47.563  INFO 4460 --- [    Test worker] p6spy                                    : #1665380027563 | took 0ms | statement | connection 28| url jdbc:h2:mem:ad3a9e80-f26d-4a3e-9691-17f803db5723
insert into picture (spot_id, url, picture_id) values (?, ?, ?)
insert into picture (spot_id, url, picture_id) values (NULL, 'java.io.StringReader@21d9d295', 3526);
2022-10-10 14:33:47.563  INFO 4460 --- [    Test worker] p6spy                                    : #1665380027563 | took 0ms | statement | connection 28| url jdbc:h2:mem:ad3a9e80-f26d-4a3e-9691-17f803db5723
insert into picture (spot_id, url, picture_id) values (?, ?, ?)
insert into picture (spot_id, url, picture_id) values (NULL, 'java.io.StringReader@4ba21f8a', 3527);
2022-10-10 14:33:47.563  INFO 4460 --- [    Test worker] p6spy                                    : #1665380027563 | took 0ms | statement | connection 28| url jdbc:h2:mem:ad3a9e80-f26d-4a3e-9691-17f803db5723
insert into spot (address, description, location, name, score_id, spot_id) values (?, ?, ?, ?, ?, ?)
insert into spot (address, description, location, name, score_id, spot_id) values (NULL, NULL, 'Andeok_myeon', NULL, 868, 936);
2022-10-10 14:33:47.563  INFO 4460 --- [    Test worker] p6spy                                    : #1665380027563 | took 0ms | statement | connection 28| url jdbc:h2:mem:ad3a9e80-f26d-4a3e-9691-17f803db5723
insert into member_spot (member_id, score, spot_id, member_spot_id) values (?, ?, ?, ?)
insert into member_spot (member_id, score, spot_id, member_spot_id) values (24, 0.0, 936, 3528);
2022-10-10 14:33:47.563  INFO 4460 --- [    Test worker] p6spy                                    : #1665380027563 | took 0ms | statement | connection 28| url jdbc:h2:mem:ad3a9e80-f26d-4a3e-9691-17f803db5723
insert into review (content, spot_id, review_id) values (?, ?, ?)
insert into review (content, spot_id, review_id) values ('java.io.StringReader@142e939c', 871, 870);
2022-10-10 14:33:47.563  INFO 4460 --- [    Test worker] p6spy                                    : #1665380027563 | took 0ms | statement | connection 28| url jdbc:h2:mem:ad3a9e80-f26d-4a3e-9691-17f803db5723
insert into score (facility_rank, facility_score, price_rank, price_score, rank_average, surround_rank, surround_score, view_rank, view_score, score_id) values (?, ?, ?, ?, ?, ?, ?, ?, ?, ?)
insert into score (facility_rank, facility_score, price_rank, price_score, rank_average, surround_rank, surround_score, view_rank, view_score, score_id) values (8.04614484136621, 4.191660006307042, 3.0573404258516113, 3.794512707421452, 7.697798299234087, 7.905028502692479, 3.344313185766208, 0.4604089292932356, 5.001555839435598, 869);
2022-10-10 14:33:47.564  INFO 4460 --- [    Test worker] p6spy                                    : #1665380027564 | took 0ms | statement | connection 28| url jdbc:h2:mem:ad3a9e80-f26d-4a3e-9691-17f803db5723
insert into picture (spot_id, url, picture_id) values (?, ?, ?)
insert into picture (spot_id, url, picture_id) values (NULL, 'java.io.StringReader@6ae6ea0b', 3529);
2022-10-10 14:33:47.564  INFO 4460 --- [    Test worker] p6spy                                    : #1665380027564 | took 0ms | statement | connection 28| url jdbc:h2:mem:ad3a9e80-f26d-4a3e-9691-17f803db5723
insert into picture (spot_id, url, picture_id) values (?, ?, ?)
insert into picture (spot_id, url, picture_id) values (NULL, 'java.io.StringReader@6b49cb67', 3530);
2022-10-10 14:33:47.564  INFO 4460 --- [    Test worker] p6spy                                    : #1665380027564 | took 0ms | statement | connection 28| url jdbc:h2:mem:ad3a9e80-f26d-4a3e-9691-17f803db5723
insert into picture (spot_id, url, picture_id) values (?, ?, ?)
insert into picture (spot_id, url, picture_id) values (NULL, 'java.io.StringReader@6b25d727', 3531);
2022-10-10 14:33:47.564  INFO 4460 --- [    Test worker] p6spy                                    : #1665380027564 | took 0ms | statement | connection 28| url jdbc:h2:mem:ad3a9e80-f26d-4a3e-9691-17f803db5723
insert into spot (address, description, location, name, score_id, spot_id) values (?, ?, ?, ?, ?, ?)
insert into spot (address, description, location, name, score_id, spot_id) values (NULL, NULL, 'Andeok_myeon', NULL, 869, 937);
2022-10-10 14:33:47.564  INFO 4460 --- [    Test worker] p6spy                                    : #1665380027564 | took 0ms | statement | connection 28| url jdbc:h2:mem:ad3a9e80-f26d-4a3e-9691-17f803db5723
insert into member_spot (member_id, score, spot_id, member_spot_id) values (?, ?, ?, ?)
insert into member_spot (member_id, score, spot_id, member_spot_id) values (24, 0.0, 937, 3532);
2022-10-10 14:33:47.564  INFO 4460 --- [    Test worker] p6spy                                    : #1665380027564 | took 0ms | statement | connection 28| url jdbc:h2:mem:ad3a9e80-f26d-4a3e-9691-17f803db5723
insert into review (content, spot_id, review_id) values (?, ?, ?)
insert into review (content, spot_id, review_id) values ('java.io.StringReader@3595e449', 871, 871);
2022-10-10 14:33:47.564  INFO 4460 --- [    Test worker] p6spy                                    : #1665380027564 | took 0ms | statement | connection 28| url jdbc:h2:mem:ad3a9e80-f26d-4a3e-9691-17f803db5723
insert into favorite_spot (count, favorite_id, spot_id, favorite_spot_id) values (?, ?, ?, ?)
insert into favorite_spot (count, favorite_id, spot_id, favorite_spot_id) values (0, 44, 937, 612);
2022-10-10 14:33:47.564  INFO 4460 --- [    Test worker] p6spy                                    : #1665380027564 | took 0ms | statement | connection 28| url jdbc:h2:mem:ad3a9e80-f26d-4a3e-9691-17f803db5723
insert into score (facility_rank, facility_score, price_rank, price_score, rank_average, surround_rank, surround_score, view_rank, view_score, score_id) values (?, ?, ?, ?, ?, ?, ?, ?, ?, ?)
insert into score (facility_rank, facility_score, price_rank, price_score, rank_average, surround_rank, surround_score, view_rank, view_score, score_id) values (9.506134307607773, 6.60744260108313, 4.844216350011098, 1.5700170094579236, 6.862163661780919, 1.9993451937093054, 0.9879218848720683, 5.338669954287239, 4.708129577515498, 870);
2022-10-10 14:33:47.564  INFO 4460 --- [    Test worker] p6spy                                    : #1665380027564 | took 0ms | statement | connection 28| url jdbc:h2:mem:ad3a9e80-f26d-4a3e-9691-17f803db5723
insert into picture (spot_id, url, picture_id) values (?, ?, ?)
insert into picture (spot_id, url, picture_id) values (NULL, 'java.io.StringReader@55cdf8ef', 3533);
2022-10-10 14:33:47.564  INFO 4460 --- [    Test worker] p6spy                                    : #1665380027564 | took 0ms | statement | connection 28| url jdbc:h2:mem:ad3a9e80-f26d-4a3e-9691-17f803db5723
insert into picture (spot_id, url, picture_id) values (?, ?, ?)
insert into picture (spot_id, url, picture_id) values (NULL, 'java.io.StringReader@e27d46', 3534);
2022-10-10 14:33:47.564  INFO 4460 --- [    Test worker] p6spy                                    : #1665380027564 | took 0ms | statement | connection 28| url jdbc:h2:mem:ad3a9e80-f26d-4a3e-9691-17f803db5723
insert into picture (spot_id, url, picture_id) values (?, ?, ?)
insert into picture (spot_id, url, picture_id) values (NULL, 'java.io.StringReader@69710e20', 3535);
2022-10-10 14:33:47.564  INFO 4460 --- [    Test worker] p6spy                                    : #1665380027564 | took 0ms | statement | connection 28| url jdbc:h2:mem:ad3a9e80-f26d-4a3e-9691-17f803db5723
insert into spot (address, description, location, name, score_id, spot_id) values (?, ?, ?, ?, ?, ?)
insert into spot (address, description, location, name, score_id, spot_id) values (NULL, NULL, 'Andeok_myeon', NULL, 870, 938);
2022-10-10 14:33:47.564  INFO 4460 --- [    Test worker] p6spy                                    : #1665380027564 | took 0ms | statement | connection 28| url jdbc:h2:mem:ad3a9e80-f26d-4a3e-9691-17f803db5723
insert into member_spot (member_id, score, spot_id, member_spot_id) values (?, ?, ?, ?)
insert into member_spot (member_id, score, spot_id, member_spot_id) values (24, 0.0, 938, 3536);
2022-10-10 14:33:47.564  INFO 4460 --- [    Test worker] p6spy                                    : #1665380027564 | took 0ms | statement | connection 28| url jdbc:h2:mem:ad3a9e80-f26d-4a3e-9691-17f803db5723
insert into review (content, spot_id, review_id) values (?, ?, ?)
insert into review (content, spot_id, review_id) values ('java.io.StringReader@4ff3289d', 871, 872);
2022-10-10 14:33:47.564  INFO 4460 --- [    Test worker] p6spy                                    : #1665380027564 | took 0ms | statement | connection 28| url jdbc:h2:mem:ad3a9e80-f26d-4a3e-9691-17f803db5723
insert into score (facility_rank, facility_score, price_rank, price_score, rank_average, surround_rank, surround_score, view_rank, view_score, score_id) values (?, ?, ?, ?, ?, ?, ?, ?, ?, ?)
insert into score (facility_rank, facility_score, price_rank, price_score, rank_average, surround_rank, surround_score, view_rank, view_score, score_id) values (4.4389018029965, 0.8112301535617095, 0.34755038418422535, 3.9570728791405108, 4.470871444819023, 7.264288648515587, 4.643329665549146, 8.398923447148011, 0.10714672345545795, 871);
2022-10-10 14:33:47.564  INFO 4460 --- [    Test worker] p6spy                                    : #1665380027564 | took 0ms | statement | connection 28| url jdbc:h2:mem:ad3a9e80-f26d-4a3e-9691-17f803db5723
insert into picture (spot_id, url, picture_id) values (?, ?, ?)
insert into picture (spot_id, url, picture_id) values (NULL, 'java.io.StringReader@f319f2c', 3537);
2022-10-10 14:33:47.564  INFO 4460 --- [    Test worker] p6spy                                    : #1665380027564 | took 0ms | statement | connection 28| url jdbc:h2:mem:ad3a9e80-f26d-4a3e-9691-17f803db5723
insert into picture (spot_id, url, picture_id) values (?, ?, ?)
insert into picture (spot_id, url, picture_id) values (NULL, 'java.io.StringReader@54121e5c', 3538);
2022-10-10 14:33:47.564  INFO 4460 --- [    Test worker] p6spy                                    : #1665380027564 | took 0ms | statement | connection 28| url jdbc:h2:mem:ad3a9e80-f26d-4a3e-9691-17f803db5723
insert into picture (spot_id, url, picture_id) values (?, ?, ?)
insert into picture (spot_id, url, picture_id) values (NULL, 'java.io.StringReader@56afe705', 3539);
2022-10-10 14:33:47.564  INFO 4460 --- [    Test worker] p6spy                                    : #1665380027564 | took 0ms | statement | connection 28| url jdbc:h2:mem:ad3a9e80-f26d-4a3e-9691-17f803db5723
insert into spot (address, description, location, name, score_id, spot_id) values (?, ?, ?, ?, ?, ?)
insert into spot (address, description, location, name, score_id, spot_id) values (NULL, NULL, 'Andeok_myeon', NULL, 871, 939);
2022-10-10 14:33:47.564  INFO 4460 --- [    Test worker] p6spy                                    : #1665380027564 | took 0ms | statement | connection 28| url jdbc:h2:mem:ad3a9e80-f26d-4a3e-9691-17f803db5723
insert into member_spot (member_id, score, spot_id, member_spot_id) values (?, ?, ?, ?)
insert into member_spot (member_id, score, spot_id, member_spot_id) values (24, 0.0, 939, 3540);
2022-10-10 14:33:47.564  INFO 4460 --- [    Test worker] p6spy                                    : #1665380027564 | took 0ms | statement | connection 28| url jdbc:h2:mem:ad3a9e80-f26d-4a3e-9691-17f803db5723
insert into review (content, spot_id, review_id) values (?, ?, ?)
insert into review (content, spot_id, review_id) values ('java.io.StringReader@32aca1f2', 871, 873);
2022-10-10 14:33:47.564  INFO 4460 --- [    Test worker] p6spy                                    : #1665380027564 | took 0ms | statement | connection 28| url jdbc:h2:mem:ad3a9e80-f26d-4a3e-9691-17f803db5723
insert into favorite_spot (count, favorite_id, spot_id, favorite_spot_id) values (?, ?, ?, ?)
insert into favorite_spot (count, favorite_id, spot_id, favorite_spot_id) values (0, 44, 939, 613);
2022-10-10 14:33:47.564  INFO 4460 --- [    Test worker] p6spy                                    : #1665380027564 | took 0ms | statement | connection 28| url jdbc:h2:mem:ad3a9e80-f26d-4a3e-9691-17f803db5723
insert into score (facility_rank, facility_score, price_rank, price_score, rank_average, surround_rank, surround_score, view_rank, view_score, score_id) values (?, ?, ?, ?, ?, ?, ?, ?, ?, ?)
insert into score (facility_rank, facility_score, price_rank, price_score, rank_average, surround_rank, surround_score, view_rank, view_score, score_id) values (6.215261138323287, 2.941182739965549, 2.853910207191379, 1.3109210585930386, 0.03620344542154874, 3.0389550724034398, 7.1847873450359465, 6.905519019028414, 4.682670230576775, 872);
2022-10-10 14:33:47.564  INFO 4460 --- [    Test worker] p6spy                                    : #1665380027564 | took 0ms | statement | connection 28| url jdbc:h2:mem:ad3a9e80-f26d-4a3e-9691-17f803db5723
insert into picture (spot_id, url, picture_id) values (?, ?, ?)
insert into picture (spot_id, url, picture_id) values (NULL, 'java.io.StringReader@273769fe', 3541);
2022-10-10 14:33:47.564  INFO 4460 --- [    Test worker] p6spy                                    : #1665380027564 | took 0ms | statement | connection 28| url jdbc:h2:mem:ad3a9e80-f26d-4a3e-9691-17f803db5723
insert into picture (spot_id, url, picture_id) values (?, ?, ?)
insert into picture (spot_id, url, picture_id) values (NULL, 'java.io.StringReader@4571edbf', 3542);
2022-10-10 14:33:47.564  INFO 4460 --- [    Test worker] p6spy                                    : #1665380027564 | took 0ms | statement | connection 28| url jdbc:h2:mem:ad3a9e80-f26d-4a3e-9691-17f803db5723
insert into picture (spot_id, url, picture_id) values (?, ?, ?)
insert into picture (spot_id, url, picture_id) values (NULL, 'java.io.StringReader@2714f56b', 3543);
2022-10-10 14:33:47.564  INFO 4460 --- [    Test worker] p6spy                                    : #1665380027564 | took 0ms | statement | connection 28| url jdbc:h2:mem:ad3a9e80-f26d-4a3e-9691-17f803db5723
insert into spot (address, description, location, name, score_id, spot_id) values (?, ?, ?, ?, ?, ?)
insert into spot (address, description, location, name, score_id, spot_id) values (NULL, NULL, 'Andeok_myeon', NULL, 872, 940);
2022-10-10 14:33:47.564  INFO 4460 --- [    Test worker] p6spy                                    : #1665380027564 | took 0ms | statement | connection 28| url jdbc:h2:mem:ad3a9e80-f26d-4a3e-9691-17f803db5723
insert into member_spot (member_id, score, spot_id, member_spot_id) values (?, ?, ?, ?)
insert into member_spot (member_id, score, spot_id, member_spot_id) values (24, 0.0, 940, 3544);
2022-10-10 14:33:47.564  INFO 4460 --- [    Test worker] p6spy                                    : #1665380027564 | took 0ms | statement | connection 28| url jdbc:h2:mem:ad3a9e80-f26d-4a3e-9691-17f803db5723
insert into review (content, spot_id, review_id) values (?, ?, ?)
insert into review (content, spot_id, review_id) values ('java.io.StringReader@2a1c6c38', 871, 874);
2022-10-10 14:33:47.564  INFO 4460 --- [    Test worker] p6spy                                    : #1665380027564 | took 0ms | statement | connection 28| url jdbc:h2:mem:ad3a9e80-f26d-4a3e-9691-17f803db5723
insert into score (facility_rank, facility_score, price_rank, price_score, rank_average, surround_rank, surround_score, view_rank, view_score, score_id) values (?, ?, ?, ?, ?, ?, ?, ?, ?, ?)
insert into score (facility_rank, facility_score, price_rank, price_score, rank_average, surround_rank, surround_score, view_rank, view_score, score_id) values (7.096861969933861, 3.749744908878032, 3.180734623131233, 5.5837377720896795, 3.946601762218701, 7.586152044632538, 6.909789480127518, 5.886598319010151, 7.040907103536727, 873);
2022-10-10 14:33:47.564  INFO 4460 --- [    Test worker] p6spy                                    : #1665380027564 | took 0ms | statement | connection 28| url jdbc:h2:mem:ad3a9e80-f26d-4a3e-9691-17f803db5723
insert into picture (spot_id, url, picture_id) values (?, ?, ?)
insert into picture (spot_id, url, picture_id) values (NULL, 'java.io.StringReader@1f75716a', 3545);
2022-10-10 14:33:47.564  INFO 4460 --- [    Test worker] p6spy                                    : #1665380027564 | took 0ms | statement | connection 28| url jdbc:h2:mem:ad3a9e80-f26d-4a3e-9691-17f803db5723
insert into picture (spot_id, url, picture_id) values (?, ?, ?)
insert into picture (spot_id, url, picture_id) values (NULL, 'java.io.StringReader@52c84b57', 3546);
2022-10-10 14:33:47.564  INFO 4460 --- [    Test worker] p6spy                                    : #1665380027564 | took 0ms | statement | connection 28| url jdbc:h2:mem:ad3a9e80-f26d-4a3e-9691-17f803db5723
insert into picture (spot_id, url, picture_id) values (?, ?, ?)
insert into picture (spot_id, url, picture_id) values (NULL, 'java.io.StringReader@58320288', 3547);
2022-10-10 14:33:47.564  INFO 4460 --- [    Test worker] p6spy                                    : #1665380027564 | took 0ms | statement | connection 28| url jdbc:h2:mem:ad3a9e80-f26d-4a3e-9691-17f803db5723
insert into spot (address, description, location, name, score_id, spot_id) values (?, ?, ?, ?, ?, ?)
insert into spot (address, description, location, name, score_id, spot_id) values (NULL, NULL, 'Andeok_myeon', NULL, 873, 941);
2022-10-10 14:33:47.564  INFO 4460 --- [    Test worker] p6spy                                    : #1665380027564 | took 0ms | statement | connection 28| url jdbc:h2:mem:ad3a9e80-f26d-4a3e-9691-17f803db5723
insert into member_spot (member_id, score, spot_id, member_spot_id) values (?, ?, ?, ?)
insert into member_spot (member_id, score, spot_id, member_spot_id) values (24, 0.0, 941, 3548);
2022-10-10 14:33:47.564  INFO 4460 --- [    Test worker] p6spy                                    : #1665380027564 | took 0ms | statement | connection 28| url jdbc:h2:mem:ad3a9e80-f26d-4a3e-9691-17f803db5723
insert into review (content, spot_id, review_id) values (?, ?, ?)
insert into review (content, spot_id, review_id) values ('java.io.StringReader@5096d893', 871, 875);
2022-10-10 14:33:47.564  INFO 4460 --- [    Test worker] p6spy                                    : #1665380027564 | took 0ms | statement | connection 28| url jdbc:h2:mem:ad3a9e80-f26d-4a3e-9691-17f803db5723
insert into favorite_spot (count, favorite_id, spot_id, favorite_spot_id) values (?, ?, ?, ?)
insert into favorite_spot (count, favorite_id, spot_id, favorite_spot_id) values (0, 44, 941, 614);
2022-10-10 14:33:47.565  INFO 4460 --- [    Test worker] p6spy                                    : #1665380027565 | took 0ms | statement | connection 28| url jdbc:h2:mem:ad3a9e80-f26d-4a3e-9691-17f803db5723
insert into score (facility_rank, facility_score, price_rank, price_score, rank_average, surround_rank, surround_score, view_rank, view_score, score_id) values (?, ?, ?, ?, ?, ?, ?, ?, ?, ?)
insert into score (facility_rank, facility_score, price_rank, price_score, rank_average, surround_rank, surround_score, view_rank, view_score, score_id) values (6.868194230276198, 5.721929436948686, 7.797569130877877, 2.3643442648425186, 5.136933747153513, 2.8299897673957397, 7.941717655265893, 0.5654279032258192, 9.414733743084122, 874);
2022-10-10 14:33:47.565  INFO 4460 --- [    Test worker] p6spy                                    : #1665380027565 | took 0ms | statement | connection 28| url jdbc:h2:mem:ad3a9e80-f26d-4a3e-9691-17f803db5723
insert into picture (spot_id, url, picture_id) values (?, ?, ?)
insert into picture (spot_id, url, picture_id) values (NULL, 'java.io.StringReader@488310be', 3549);
2022-10-10 14:33:47.565  INFO 4460 --- [    Test worker] p6spy                                    : #1665380027565 | took 0ms | statement | connection 28| url jdbc:h2:mem:ad3a9e80-f26d-4a3e-9691-17f803db5723
insert into picture (spot_id, url, picture_id) values (?, ?, ?)
insert into picture (spot_id, url, picture_id) values (NULL, 'java.io.StringReader@74fc6718', 3550);
2022-10-10 14:33:47.565  INFO 4460 --- [    Test worker] p6spy                                    : #1665380027565 | took 0ms | statement | connection 28| url jdbc:h2:mem:ad3a9e80-f26d-4a3e-9691-17f803db5723
insert into picture (spot_id, url, picture_id) values (?, ?, ?)
insert into picture (spot_id, url, picture_id) values (NULL, 'java.io.StringReader@7ed84cde', 3551);
2022-10-10 14:33:47.565  INFO 4460 --- [    Test worker] p6spy                                    : #1665380027565 | took 0ms | statement | connection 28| url jdbc:h2:mem:ad3a9e80-f26d-4a3e-9691-17f803db5723
insert into spot (address, description, location, name, score_id, spot_id) values (?, ?, ?, ?, ?, ?)
insert into spot (address, description, location, name, score_id, spot_id) values (NULL, NULL, 'Andeok_myeon', NULL, 874, 942);
2022-10-10 14:33:47.565  INFO 4460 --- [    Test worker] p6spy                                    : #1665380027565 | took 0ms | statement | connection 28| url jdbc:h2:mem:ad3a9e80-f26d-4a3e-9691-17f803db5723
insert into member_spot (member_id, score, spot_id, member_spot_id) values (?, ?, ?, ?)
insert into member_spot (member_id, score, spot_id, member_spot_id) values (24, 0.0, 942, 3552);
2022-10-10 14:33:47.565  INFO 4460 --- [    Test worker] p6spy                                    : #1665380027565 | took 0ms | statement | connection 28| url jdbc:h2:mem:ad3a9e80-f26d-4a3e-9691-17f803db5723
insert into review (content, spot_id, review_id) values (?, ?, ?)
insert into review (content, spot_id, review_id) values ('java.io.StringReader@24cfc5af', 871, 876);
2022-10-10 14:33:47.565  INFO 4460 --- [    Test worker] p6spy                                    : #1665380027565 | took 0ms | statement | connection 28| url jdbc:h2:mem:ad3a9e80-f26d-4a3e-9691-17f803db5723
insert into score (facility_rank, facility_score, price_rank, price_score, rank_average, surround_rank, surround_score, view_rank, view_score, score_id) values (?, ?, ?, ?, ?, ?, ?, ?, ?, ?)
insert into score (facility_rank, facility_score, price_rank, price_score, rank_average, surround_rank, surround_score, view_rank, view_score, score_id) values (5.643363050874669, 5.981467734576187, 3.3049803253269685, 6.31072761678439, 7.952813682956301, 7.069463952652044, 9.105202057728226, 7.607357479184866, 4.685566576972499, 875);
2022-10-10 14:33:47.565  INFO 4460 --- [    Test worker] p6spy                                    : #1665380027565 | took 0ms | statement | connection 28| url jdbc:h2:mem:ad3a9e80-f26d-4a3e-9691-17f803db5723
insert into picture (spot_id, url, picture_id) values (?, ?, ?)
insert into picture (spot_id, url, picture_id) values (NULL, 'java.io.StringReader@4bfd597c', 3553);
2022-10-10 14:33:47.565  INFO 4460 --- [    Test worker] p6spy                                    : #1665380027565 | took 0ms | statement | connection 28| url jdbc:h2:mem:ad3a9e80-f26d-4a3e-9691-17f803db5723
insert into picture (spot_id, url, picture_id) values (?, ?, ?)
insert into picture (spot_id, url, picture_id) values (NULL, 'java.io.StringReader@136a8b4c', 3554);
2022-10-10 14:33:47.565  INFO 4460 --- [    Test worker] p6spy                                    : #1665380027565 | took 0ms | statement | connection 28| url jdbc:h2:mem:ad3a9e80-f26d-4a3e-9691-17f803db5723
insert into picture (spot_id, url, picture_id) values (?, ?, ?)
insert into picture (spot_id, url, picture_id) values (NULL, 'java.io.StringReader@1bc2adc7', 3555);
2022-10-10 14:33:47.565  INFO 4460 --- [    Test worker] p6spy                                    : #1665380027565 | took 0ms | statement | connection 28| url jdbc:h2:mem:ad3a9e80-f26d-4a3e-9691-17f803db5723
insert into spot (address, description, location, name, score_id, spot_id) values (?, ?, ?, ?, ?, ?)
insert into spot (address, description, location, name, score_id, spot_id) values (NULL, NULL, 'Andeok_myeon', NULL, 875, 943);
2022-10-10 14:33:47.565  INFO 4460 --- [    Test worker] p6spy                                    : #1665380027565 | took 0ms | statement | connection 28| url jdbc:h2:mem:ad3a9e80-f26d-4a3e-9691-17f803db5723
insert into member_spot (member_id, score, spot_id, member_spot_id) values (?, ?, ?, ?)
insert into member_spot (member_id, score, spot_id, member_spot_id) values (24, 0.0, 943, 3556);
2022-10-10 14:33:47.565  INFO 4460 --- [    Test worker] p6spy                                    : #1665380027565 | took 0ms | statement | connection 28| url jdbc:h2:mem:ad3a9e80-f26d-4a3e-9691-17f803db5723
insert into review (content, spot_id, review_id) values (?, ?, ?)
insert into review (content, spot_id, review_id) values ('java.io.StringReader@61c1da5e', 871, 877);
2022-10-10 14:33:47.565  INFO 4460 --- [    Test worker] p6spy                                    : #1665380027565 | took 0ms | statement | connection 28| url jdbc:h2:mem:ad3a9e80-f26d-4a3e-9691-17f803db5723
insert into favorite_spot (count, favorite_id, spot_id, favorite_spot_id) values (?, ?, ?, ?)
insert into favorite_spot (count, favorite_id, spot_id, favorite_spot_id) values (0, 44, 943, 615);
2022-10-10 14:33:47.565  INFO 4460 --- [    Test worker] p6spy                                    : #1665380027565 | took 0ms | statement | connection 28| url jdbc:h2:mem:ad3a9e80-f26d-4a3e-9691-17f803db5723
insert into score (facility_rank, facility_score, price_rank, price_score, rank_average, surround_rank, surround_score, view_rank, view_score, score_id) values (?, ?, ?, ?, ?, ?, ?, ?, ?, ?)
insert into score (facility_rank, facility_score, price_rank, price_score, rank_average, surround_rank, surround_score, view_rank, view_score, score_id) values (8.190042850897315, 5.875701444000958, 1.05581922391202, 8.621898361482161, 4.472234277427068, 0.9783458154494573, 7.402709108178972, 9.06452427801674, 2.2091076940136, 876);
2022-10-10 14:33:47.565  INFO 4460 --- [    Test worker] p6spy                                    : #1665380027565 | took 0ms | statement | connection 28| url jdbc:h2:mem:ad3a9e80-f26d-4a3e-9691-17f803db5723
insert into picture (spot_id, url, picture_id) values (?, ?, ?)
insert into picture (spot_id, url, picture_id) values (NULL, 'java.io.StringReader@fafec7d', 3557);
2022-10-10 14:33:47.565  INFO 4460 --- [    Test worker] p6spy                                    : #1665380027565 | took 0ms | statement | connection 28| url jdbc:h2:mem:ad3a9e80-f26d-4a3e-9691-17f803db5723
insert into picture (spot_id, url, picture_id) values (?, ?, ?)
insert into picture (spot_id, url, picture_id) values (NULL, 'java.io.StringReader@7b1125b7', 3558);
2022-10-10 14:33:47.565  INFO 4460 --- [    Test worker] p6spy                                    : #1665380027565 | took 0ms | statement | connection 28| url jdbc:h2:mem:ad3a9e80-f26d-4a3e-9691-17f803db5723
insert into picture (spot_id, url, picture_id) values (?, ?, ?)
insert into picture (spot_id, url, picture_id) values (NULL, 'java.io.StringReader@4daf30c2', 3559);
2022-10-10 14:33:47.565  INFO 4460 --- [    Test worker] p6spy                                    : #1665380027565 | took 0ms | statement | connection 28| url jdbc:h2:mem:ad3a9e80-f26d-4a3e-9691-17f803db5723
insert into spot (address, description, location, name, score_id, spot_id) values (?, ?, ?, ?, ?, ?)
insert into spot (address, description, location, name, score_id, spot_id) values (NULL, NULL, 'Andeok_myeon', NULL, 876, 944);
2022-10-10 14:33:47.565  INFO 4460 --- [    Test worker] p6spy                                    : #1665380027565 | took 0ms | statement | connection 28| url jdbc:h2:mem:ad3a9e80-f26d-4a3e-9691-17f803db5723
insert into member_spot (member_id, score, spot_id, member_spot_id) values (?, ?, ?, ?)
insert into member_spot (member_id, score, spot_id, member_spot_id) values (24, 0.0, 944, 3560);
2022-10-10 14:33:47.565  INFO 4460 --- [    Test worker] p6spy                                    : #1665380027565 | took 0ms | statement | connection 28| url jdbc:h2:mem:ad3a9e80-f26d-4a3e-9691-17f803db5723
insert into review (content, spot_id, review_id) values (?, ?, ?)
insert into review (content, spot_id, review_id) values ('java.io.StringReader@1b808b37', 871, 878);
2022-10-10 14:33:47.565  INFO 4460 --- [    Test worker] p6spy                                    : #1665380027565 | took 0ms | statement | connection 28| url jdbc:h2:mem:ad3a9e80-f26d-4a3e-9691-17f803db5723
insert into score (facility_rank, facility_score, price_rank, price_score, rank_average, surround_rank, surround_score, view_rank, view_score, score_id) values (?, ?, ?, ?, ?, ?, ?, ?, ?, ?)
insert into score (facility_rank, facility_score, price_rank, price_score, rank_average, surround_rank, surround_score, view_rank, view_score, score_id) values (1.9152830951085154, 8.291627536058398, 0.4620876210943248, 3.845599353879466, 0.47699919823966486, 3.132714163909469, 0.5046139363418101, 3.9831585903983626, 7.533388398411543, 877);
2022-10-10 14:33:47.565  INFO 4460 --- [    Test worker] p6spy                                    : #1665380027565 | took 0ms | statement | connection 28| url jdbc:h2:mem:ad3a9e80-f26d-4a3e-9691-17f803db5723
insert into picture (spot_id, url, picture_id) values (?, ?, ?)
insert into picture (spot_id, url, picture_id) values (NULL, 'java.io.StringReader@5a09528e', 3561);
2022-10-10 14:33:47.565  INFO 4460 --- [    Test worker] p6spy                                    : #1665380027565 | took 0ms | statement | connection 28| url jdbc:h2:mem:ad3a9e80-f26d-4a3e-9691-17f803db5723
insert into picture (spot_id, url, picture_id) values (?, ?, ?)
insert into picture (spot_id, url, picture_id) values (NULL, 'java.io.StringReader@44305120', 3562);
2022-10-10 14:33:47.565  INFO 4460 --- [    Test worker] p6spy                                    : #1665380027565 | took 0ms | statement | connection 28| url jdbc:h2:mem:ad3a9e80-f26d-4a3e-9691-17f803db5723
insert into picture (spot_id, url, picture_id) values (?, ?, ?)
insert into picture (spot_id, url, picture_id) values (NULL, 'java.io.StringReader@1988a525', 3563);
2022-10-10 14:33:47.565  INFO 4460 --- [    Test worker] p6spy                                    : #1665380027565 | took 0ms | statement | connection 28| url jdbc:h2:mem:ad3a9e80-f26d-4a3e-9691-17f803db5723
insert into spot (address, description, location, name, score_id, spot_id) values (?, ?, ?, ?, ?, ?)
insert into spot (address, description, location, name, score_id, spot_id) values (NULL, NULL, 'Andeok_myeon', NULL, 877, 945);
2022-10-10 14:33:47.565  INFO 4460 --- [    Test worker] p6spy                                    : #1665380027565 | took 0ms | statement | connection 28| url jdbc:h2:mem:ad3a9e80-f26d-4a3e-9691-17f803db5723
insert into member_spot (member_id, score, spot_id, member_spot_id) values (?, ?, ?, ?)
insert into member_spot (member_id, score, spot_id, member_spot_id) values (24, 0.0, 945, 3564);
2022-10-10 14:33:47.565  INFO 4460 --- [    Test worker] p6spy                                    : #1665380027565 | took 0ms | statement | connection 28| url jdbc:h2:mem:ad3a9e80-f26d-4a3e-9691-17f803db5723
insert into review (content, spot_id, review_id) values (?, ?, ?)
insert into review (content, spot_id, review_id) values ('java.io.StringReader@2314d66b', 871, 879);
2022-10-10 14:33:47.565  INFO 4460 --- [    Test worker] p6spy                                    : #1665380027565 | took 0ms | statement | connection 28| url jdbc:h2:mem:ad3a9e80-f26d-4a3e-9691-17f803db5723
insert into favorite_spot (count, favorite_id, spot_id, favorite_spot_id) values (?, ?, ?, ?)
insert into favorite_spot (count, favorite_id, spot_id, favorite_spot_id) values (0, 44, 945, 616);
2022-10-10 14:33:47.565  INFO 4460 --- [    Test worker] p6spy                                    : #1665380027565 | took 0ms | statement | connection 28| url jdbc:h2:mem:ad3a9e80-f26d-4a3e-9691-17f803db5723
insert into score (facility_rank, facility_score, price_rank, price_score, rank_average, surround_rank, surround_score, view_rank, view_score, score_id) values (?, ?, ?, ?, ?, ?, ?, ?, ?, ?)
insert into score (facility_rank, facility_score, price_rank, price_score, rank_average, surround_rank, surround_score, view_rank, view_score, score_id) values (2.703898166294022, 4.885077512091928, 3.091258285811879, 9.063030748029417, 8.499852290074715, 9.933369245411805, 3.0894991960045717, 2.2621712362162705, 3.387477384718612, 878);
2022-10-10 14:33:47.565  INFO 4460 --- [    Test worker] p6spy                                    : #1665380027565 | took 0ms | statement | connection 28| url jdbc:h2:mem:ad3a9e80-f26d-4a3e-9691-17f803db5723
insert into picture (spot_id, url, picture_id) values (?, ?, ?)
insert into picture (spot_id, url, picture_id) values (NULL, 'java.io.StringReader@20276f61', 3565);
2022-10-10 14:33:47.565  INFO 4460 --- [    Test worker] p6spy                                    : #1665380027565 | took 0ms | statement | connection 28| url jdbc:h2:mem:ad3a9e80-f26d-4a3e-9691-17f803db5723
insert into picture (spot_id, url, picture_id) values (?, ?, ?)
insert into picture (spot_id, url, picture_id) values (NULL, 'java.io.StringReader@45d619c2', 3566);
2022-10-10 14:33:47.565  INFO 4460 --- [    Test worker] p6spy                                    : #1665380027565 | took 0ms | statement | connection 28| url jdbc:h2:mem:ad3a9e80-f26d-4a3e-9691-17f803db5723
insert into picture (spot_id, url, picture_id) values (?, ?, ?)
insert into picture (spot_id, url, picture_id) values (NULL, 'java.io.StringReader@15eec397', 3567);
2022-10-10 14:33:47.565  INFO 4460 --- [    Test worker] p6spy                                    : #1665380027565 | took 0ms | statement | connection 28| url jdbc:h2:mem:ad3a9e80-f26d-4a3e-9691-17f803db5723
insert into spot (address, description, location, name, score_id, spot_id) values (?, ?, ?, ?, ?, ?)
insert into spot (address, description, location, name, score_id, spot_id) values (NULL, NULL, 'Andeok_myeon', NULL, 878, 946);
2022-10-10 14:33:47.566  INFO 4460 --- [    Test worker] p6spy                                    : #1665380027566 | took 0ms | statement | connection 28| url jdbc:h2:mem:ad3a9e80-f26d-4a3e-9691-17f803db5723
insert into member_spot (member_id, score, spot_id, member_spot_id) values (?, ?, ?, ?)
insert into member_spot (member_id, score, spot_id, member_spot_id) values (24, 0.0, 946, 3568);
2022-10-10 14:33:47.566  INFO 4460 --- [    Test worker] p6spy                                    : #1665380027566 | took 0ms | statement | connection 28| url jdbc:h2:mem:ad3a9e80-f26d-4a3e-9691-17f803db5723
insert into review (content, spot_id, review_id) values (?, ?, ?)
insert into review (content, spot_id, review_id) values ('java.io.StringReader@34210030', 871, 880);
2022-10-10 14:33:47.566  INFO 4460 --- [    Test worker] p6spy                                    : #1665380027566 | took 0ms | statement | connection 28| url jdbc:h2:mem:ad3a9e80-f26d-4a3e-9691-17f803db5723
insert into score (facility_rank, facility_score, price_rank, price_score, rank_average, surround_rank, surround_score, view_rank, view_score, score_id) values (?, ?, ?, ?, ?, ?, ?, ?, ?, ?)
insert into score (facility_rank, facility_score, price_rank, price_score, rank_average, surround_rank, surround_score, view_rank, view_score, score_id) values (1.9579523911852714, 5.051025138723632, 2.1064495065298763, 1.7539871147910546, 1.0295264952145156, 4.3019051765158824, 6.6932169755930415, 8.374823495608892, 3.927791310287861, 879);
2022-10-10 14:33:47.566  INFO 4460 --- [    Test worker] p6spy                                    : #1665380027566 | took 0ms | statement | connection 28| url jdbc:h2:mem:ad3a9e80-f26d-4a3e-9691-17f803db5723
insert into picture (spot_id, url, picture_id) values (?, ?, ?)
insert into picture (spot_id, url, picture_id) values (NULL, 'java.io.StringReader@693766e8', 3569);
2022-10-10 14:33:47.566  INFO 4460 --- [    Test worker] p6spy                                    : #1665380027566 | took 0ms | statement | connection 28| url jdbc:h2:mem:ad3a9e80-f26d-4a3e-9691-17f803db5723
insert into picture (spot_id, url, picture_id) values (?, ?, ?)
insert into picture (spot_id, url, picture_id) values (NULL, 'java.io.StringReader@41f584dd', 3570);
2022-10-10 14:33:47.566  INFO 4460 --- [    Test worker] p6spy                                    : #1665380027566 | took 0ms | statement | connection 28| url jdbc:h2:mem:ad3a9e80-f26d-4a3e-9691-17f803db5723
insert into picture (spot_id, url, picture_id) values (?, ?, ?)
insert into picture (spot_id, url, picture_id) values (NULL, 'java.io.StringReader@5d39b267', 3571);
2022-10-10 14:33:47.566  INFO 4460 --- [    Test worker] p6spy                                    : #1665380027566 | took 0ms | statement | connection 28| url jdbc:h2:mem:ad3a9e80-f26d-4a3e-9691-17f803db5723
insert into spot (address, description, location, name, score_id, spot_id) values (?, ?, ?, ?, ?, ?)
insert into spot (address, description, location, name, score_id, spot_id) values (NULL, NULL, 'Andeok_myeon', NULL, 879, 947);
2022-10-10 14:33:47.566  INFO 4460 --- [    Test worker] p6spy                                    : #1665380027566 | took 0ms | statement | connection 28| url jdbc:h2:mem:ad3a9e80-f26d-4a3e-9691-17f803db5723
insert into member_spot (member_id, score, spot_id, member_spot_id) values (?, ?, ?, ?)
insert into member_spot (member_id, score, spot_id, member_spot_id) values (24, 0.0, 947, 3572);
2022-10-10 14:33:47.566  INFO 4460 --- [    Test worker] p6spy                                    : #1665380027566 | took 0ms | statement | connection 28| url jdbc:h2:mem:ad3a9e80-f26d-4a3e-9691-17f803db5723
insert into review (content, spot_id, review_id) values (?, ?, ?)
insert into review (content, spot_id, review_id) values ('java.io.StringReader@639092da', 871, 881);
2022-10-10 14:33:47.566  INFO 4460 --- [    Test worker] p6spy                                    : #1665380027566 | took 0ms | statement | connection 28| url jdbc:h2:mem:ad3a9e80-f26d-4a3e-9691-17f803db5723
insert into favorite_spot (count, favorite_id, spot_id, favorite_spot_id) values (?, ?, ?, ?)
insert into favorite_spot (count, favorite_id, spot_id, favorite_spot_id) values (0, 44, 947, 617);
2022-10-10 14:33:47.566  INFO 4460 --- [    Test worker] p6spy                                    : #1665380027566 | took 0ms | statement | connection 28| url jdbc:h2:mem:ad3a9e80-f26d-4a3e-9691-17f803db5723
insert into score (facility_rank, facility_score, price_rank, price_score, rank_average, surround_rank, surround_score, view_rank, view_score, score_id) values (?, ?, ?, ?, ?, ?, ?, ?, ?, ?)
insert into score (facility_rank, facility_score, price_rank, price_score, rank_average, surround_rank, surround_score, view_rank, view_score, score_id) values (8.00736167027921, 1.7545689341175363, 6.0307337339187725, 7.651877721751369, 4.626970164091439, 4.123033204855875, 4.651578177322262, 2.105982120141867, 5.002491977202771, 880);
2022-10-10 14:33:47.566  INFO 4460 --- [    Test worker] p6spy                                    : #1665380027566 | took 0ms | statement | connection 28| url jdbc:h2:mem:ad3a9e80-f26d-4a3e-9691-17f803db5723
insert into picture (spot_id, url, picture_id) values (?, ?, ?)
insert into picture (spot_id, url, picture_id) values (NULL, 'java.io.StringReader@19e81fa8', 3573);
2022-10-10 14:33:47.566  INFO 4460 --- [    Test worker] p6spy                                    : #1665380027566 | took 0ms | statement | connection 28| url jdbc:h2:mem:ad3a9e80-f26d-4a3e-9691-17f803db5723
insert into picture (spot_id, url, picture_id) values (?, ?, ?)
insert into picture (spot_id, url, picture_id) values (NULL, 'java.io.StringReader@66faccdc', 3574);
2022-10-10 14:33:47.566  INFO 4460 --- [    Test worker] p6spy                                    : #1665380027566 | took 0ms | statement | connection 28| url jdbc:h2:mem:ad3a9e80-f26d-4a3e-9691-17f803db5723
insert into picture (spot_id, url, picture_id) values (?, ?, ?)
insert into picture (spot_id, url, picture_id) values (NULL, 'java.io.StringReader@357a40a0', 3575);
2022-10-10 14:33:47.566  INFO 4460 --- [    Test worker] p6spy                                    : #1665380027566 | took 0ms | statement | connection 28| url jdbc:h2:mem:ad3a9e80-f26d-4a3e-9691-17f803db5723
insert into spot (address, description, location, name, score_id, spot_id) values (?, ?, ?, ?, ?, ?)
insert into spot (address, description, location, name, score_id, spot_id) values (NULL, NULL, 'Andeok_myeon', NULL, 880, 948);
2022-10-10 14:33:47.566  INFO 4460 --- [    Test worker] p6spy                                    : #1665380027566 | took 0ms | statement | connection 28| url jdbc:h2:mem:ad3a9e80-f26d-4a3e-9691-17f803db5723
insert into member_spot (member_id, score, spot_id, member_spot_id) values (?, ?, ?, ?)
insert into member_spot (member_id, score, spot_id, member_spot_id) values (24, 0.0, 948, 3576);
2022-10-10 14:33:47.566  INFO 4460 --- [    Test worker] p6spy                                    : #1665380027566 | took 0ms | statement | connection 28| url jdbc:h2:mem:ad3a9e80-f26d-4a3e-9691-17f803db5723
insert into review (content, spot_id, review_id) values (?, ?, ?)
insert into review (content, spot_id, review_id) values ('java.io.StringReader@68fd099a', 871, 882);
2022-10-10 14:33:47.566  INFO 4460 --- [    Test worker] p6spy                                    : #1665380027566 | took 0ms | statement | connection 28| url jdbc:h2:mem:ad3a9e80-f26d-4a3e-9691-17f803db5723
insert into score (facility_rank, facility_score, price_rank, price_score, rank_average, surround_rank, surround_score, view_rank, view_score, score_id) values (?, ?, ?, ?, ?, ?, ?, ?, ?, ?)
insert into score (facility_rank, facility_score, price_rank, price_score, rank_average, surround_rank, surround_score, view_rank, view_score, score_id) values (4.332424876115754, 5.117702085218684, 9.010695671100041, 8.211391165737876, 3.510905094791444, 2.5645497585561774, 2.178748920021004, 6.702270283752493, 0.033663349156273226, 881);
2022-10-10 14:33:47.566  INFO 4460 --- [    Test worker] p6spy                                    : #1665380027566 | took 0ms | statement | connection 28| url jdbc:h2:mem:ad3a9e80-f26d-4a3e-9691-17f803db5723
insert into picture (spot_id, url, picture_id) values (?, ?, ?)
insert into picture (spot_id, url, picture_id) values (NULL, 'java.io.StringReader@606fc808', 3577);
2022-10-10 14:33:47.566  INFO 4460 --- [    Test worker] p6spy                                    : #1665380027566 | took 0ms | statement | connection 28| url jdbc:h2:mem:ad3a9e80-f26d-4a3e-9691-17f803db5723
insert into picture (spot_id, url, picture_id) values (?, ?, ?)
insert into picture (spot_id, url, picture_id) values (NULL, 'java.io.StringReader@1993bb01', 3578);
2022-10-10 14:33:47.566  INFO 4460 --- [    Test worker] p6spy                                    : #1665380027566 | took 0ms | statement | connection 28| url jdbc:h2:mem:ad3a9e80-f26d-4a3e-9691-17f803db5723
insert into picture (spot_id, url, picture_id) values (?, ?, ?)
insert into picture (spot_id, url, picture_id) values (NULL, 'java.io.StringReader@2794ed41', 3579);
2022-10-10 14:33:47.566  INFO 4460 --- [    Test worker] p6spy                                    : #1665380027566 | took 0ms | statement | connection 28| url jdbc:h2:mem:ad3a9e80-f26d-4a3e-9691-17f803db5723
insert into spot (address, description, location, name, score_id, spot_id) values (?, ?, ?, ?, ?, ?)
insert into spot (address, description, location, name, score_id, spot_id) values (NULL, NULL, 'Andeok_myeon', NULL, 881, 949);
2022-10-10 14:33:47.566  INFO 4460 --- [    Test worker] p6spy                                    : #1665380027566 | took 0ms | statement | connection 28| url jdbc:h2:mem:ad3a9e80-f26d-4a3e-9691-17f803db5723
insert into member_spot (member_id, score, spot_id, member_spot_id) values (?, ?, ?, ?)
insert into member_spot (member_id, score, spot_id, member_spot_id) values (24, 0.0, 949, 3580);
2022-10-10 14:33:47.566  INFO 4460 --- [    Test worker] p6spy                                    : #1665380027566 | took 0ms | statement | connection 28| url jdbc:h2:mem:ad3a9e80-f26d-4a3e-9691-17f803db5723
insert into review (content, spot_id, review_id) values (?, ?, ?)
insert into review (content, spot_id, review_id) values ('java.io.StringReader@7cd9bf18', 871, 883);
2022-10-10 14:33:47.566  INFO 4460 --- [    Test worker] p6spy                                    : #1665380027566 | took 0ms | statement | connection 28| url jdbc:h2:mem:ad3a9e80-f26d-4a3e-9691-17f803db5723
insert into favorite_spot (count, favorite_id, spot_id, favorite_spot_id) values (?, ?, ?, ?)
insert into favorite_spot (count, favorite_id, spot_id, favorite_spot_id) values (0, 44, 949, 618);
2022-10-10 14:33:47.566  INFO 4460 --- [    Test worker] p6spy                                    : #1665380027566 | took 0ms | statement | connection 28| url jdbc:h2:mem:ad3a9e80-f26d-4a3e-9691-17f803db5723
insert into score (facility_rank, facility_score, price_rank, price_score, rank_average, surround_rank, surround_score, view_rank, view_score, score_id) values (?, ?, ?, ?, ?, ?, ?, ?, ?, ?)
insert into score (facility_rank, facility_score, price_rank, price_score, rank_average, surround_rank, surround_score, view_rank, view_score, score_id) values (7.121992950794544, 1.8855461564789722, 9.176408198381134, 2.409357419658227, 6.139717627888885, 0.9906236760073728, 7.1816638722574435, 6.330536461837991, 3.075815135311226, 882);
2022-10-10 14:33:47.566  INFO 4460 --- [    Test worker] p6spy                                    : #1665380027566 | took 0ms | statement | connection 28| url jdbc:h2:mem:ad3a9e80-f26d-4a3e-9691-17f803db5723
insert into picture (spot_id, url, picture_id) values (?, ?, ?)
insert into picture (spot_id, url, picture_id) values (NULL, 'java.io.StringReader@5b04e954', 3581);
2022-10-10 14:33:47.566  INFO 4460 --- [    Test worker] p6spy                                    : #1665380027566 | took 0ms | statement | connection 28| url jdbc:h2:mem:ad3a9e80-f26d-4a3e-9691-17f803db5723
insert into picture (spot_id, url, picture_id) values (?, ?, ?)
insert into picture (spot_id, url, picture_id) values (NULL, 'java.io.StringReader@5b79b600', 3582);
2022-10-10 14:33:47.566  INFO 4460 --- [    Test worker] p6spy                                    : #1665380027566 | took 0ms | statement | connection 28| url jdbc:h2:mem:ad3a9e80-f26d-4a3e-9691-17f803db5723
insert into picture (spot_id, url, picture_id) values (?, ?, ?)
insert into picture (spot_id, url, picture_id) values (NULL, 'java.io.StringReader@35628dad', 3583);
2022-10-10 14:33:47.566  INFO 4460 --- [    Test worker] p6spy                                    : #1665380027566 | took 0ms | statement | connection 28| url jdbc:h2:mem:ad3a9e80-f26d-4a3e-9691-17f803db5723
insert into spot (address, description, location, name, score_id, spot_id) values (?, ?, ?, ?, ?, ?)
insert into spot (address, description, location, name, score_id, spot_id) values (NULL, NULL, 'Andeok_myeon', NULL, 882, 950);
2022-10-10 14:33:47.566  INFO 4460 --- [    Test worker] p6spy                                    : #1665380027566 | took 0ms | statement | connection 28| url jdbc:h2:mem:ad3a9e80-f26d-4a3e-9691-17f803db5723
insert into member_spot (member_id, score, spot_id, member_spot_id) values (?, ?, ?, ?)
insert into member_spot (member_id, score, spot_id, member_spot_id) values (24, 0.0, 950, 3584);
2022-10-10 14:33:47.566  INFO 4460 --- [    Test worker] p6spy                                    : #1665380027566 | took 0ms | statement | connection 28| url jdbc:h2:mem:ad3a9e80-f26d-4a3e-9691-17f803db5723
insert into review (content, spot_id, review_id) values (?, ?, ?)
insert into review (content, spot_id, review_id) values ('java.io.StringReader@6137b479', 871, 884);
2022-10-10 14:33:47.566  INFO 4460 --- [    Test worker] p6spy                                    : #1665380027566 | took 0ms | statement | connection 28| url jdbc:h2:mem:ad3a9e80-f26d-4a3e-9691-17f803db5723
insert into score (facility_rank, facility_score, price_rank, price_score, rank_average, surround_rank, surround_score, view_rank, view_score, score_id) values (?, ?, ?, ?, ?, ?, ?, ?, ?, ?)
insert into score (facility_rank, facility_score, price_rank, price_score, rank_average, surround_rank, surround_score, view_rank, view_score, score_id) values (5.214536261373967, 5.02353757084978, 1.2374303578372248, 7.185370613768854, 0.37214435993098927, 5.909264291637562, 1.6213971929193616, 6.410060517253356, 4.587922406524754, 883);
2022-10-10 14:33:47.566  INFO 4460 --- [    Test worker] p6spy                                    : #1665380027566 | took 0ms | statement | connection 28| url jdbc:h2:mem:ad3a9e80-f26d-4a3e-9691-17f803db5723
insert into picture (spot_id, url, picture_id) values (?, ?, ?)
insert into picture (spot_id, url, picture_id) values (NULL, 'java.io.StringReader@4680c04e', 3585);
2022-10-10 14:33:47.567  INFO 4460 --- [    Test worker] p6spy                                    : #1665380027567 | took 0ms | statement | connection 28| url jdbc:h2:mem:ad3a9e80-f26d-4a3e-9691-17f803db5723
insert into picture (spot_id, url, picture_id) values (?, ?, ?)
insert into picture (spot_id, url, picture_id) values (NULL, 'java.io.StringReader@35180504', 3586);
2022-10-10 14:33:47.567  INFO 4460 --- [    Test worker] p6spy                                    : #1665380027567 | took 0ms | statement | connection 28| url jdbc:h2:mem:ad3a9e80-f26d-4a3e-9691-17f803db5723
insert into picture (spot_id, url, picture_id) values (?, ?, ?)
insert into picture (spot_id, url, picture_id) values (NULL, 'java.io.StringReader@10ec1e8e', 3587);
2022-10-10 14:33:47.567  INFO 4460 --- [    Test worker] p6spy                                    : #1665380027567 | took 0ms | statement | connection 28| url jdbc:h2:mem:ad3a9e80-f26d-4a3e-9691-17f803db5723
insert into spot (address, description, location, name, score_id, spot_id) values (?, ?, ?, ?, ?, ?)
insert into spot (address, description, location, name, score_id, spot_id) values (NULL, NULL, 'Andeok_myeon', NULL, 883, 951);
2022-10-10 14:33:47.567  INFO 4460 --- [    Test worker] p6spy                                    : #1665380027567 | took 0ms | statement | connection 28| url jdbc:h2:mem:ad3a9e80-f26d-4a3e-9691-17f803db5723
insert into member_spot (member_id, score, spot_id, member_spot_id) values (?, ?, ?, ?)
insert into member_spot (member_id, score, spot_id, member_spot_id) values (24, 0.0, 951, 3588);
2022-10-10 14:33:47.567  INFO 4460 --- [    Test worker] p6spy                                    : #1665380027567 | took 0ms | statement | connection 28| url jdbc:h2:mem:ad3a9e80-f26d-4a3e-9691-17f803db5723
insert into review (content, spot_id, review_id) values (?, ?, ?)
insert into review (content, spot_id, review_id) values ('java.io.StringReader@4d9d6428', 871, 885);
2022-10-10 14:33:47.567  INFO 4460 --- [    Test worker] p6spy                                    : #1665380027567 | took 0ms | statement | connection 28| url jdbc:h2:mem:ad3a9e80-f26d-4a3e-9691-17f803db5723
insert into favorite_spot (count, favorite_id, spot_id, favorite_spot_id) values (?, ?, ?, ?)
insert into favorite_spot (count, favorite_id, spot_id, favorite_spot_id) values (0, 44, 951, 619);
2022-10-10 14:33:47.567  INFO 4460 --- [    Test worker] p6spy                                    : #1665380027567 | took 0ms | statement | connection 28| url jdbc:h2:mem:ad3a9e80-f26d-4a3e-9691-17f803db5723
insert into score (facility_rank, facility_score, price_rank, price_score, rank_average, surround_rank, surround_score, view_rank, view_score, score_id) values (?, ?, ?, ?, ?, ?, ?, ?, ?, ?)
insert into score (facility_rank, facility_score, price_rank, price_score, rank_average, surround_rank, surround_score, view_rank, view_score, score_id) values (6.370584721576215, 7.944940471164901, 2.9187347641281, 2.745896352679964, 0.8977952235238107, 8.843528722258249, 6.8859053516331725, 8.159982541674264, 5.4497072696695925, 884);
2022-10-10 14:33:47.567  INFO 4460 --- [    Test worker] p6spy                                    : #1665380027567 | took 0ms | statement | connection 28| url jdbc:h2:mem:ad3a9e80-f26d-4a3e-9691-17f803db5723
insert into picture (spot_id, url, picture_id) values (?, ?, ?)
insert into picture (spot_id, url, picture_id) values (NULL, 'java.io.StringReader@55361c14', 3589);
2022-10-10 14:33:47.567  INFO 4460 --- [    Test worker] p6spy                                    : #1665380027567 | took 0ms | statement | connection 28| url jdbc:h2:mem:ad3a9e80-f26d-4a3e-9691-17f803db5723
insert into picture (spot_id, url, picture_id) values (?, ?, ?)
insert into picture (spot_id, url, picture_id) values (NULL, 'java.io.StringReader@20377db9', 3590);
2022-10-10 14:33:47.567  INFO 4460 --- [    Test worker] p6spy                                    : #1665380027567 | took 0ms | statement | connection 28| url jdbc:h2:mem:ad3a9e80-f26d-4a3e-9691-17f803db5723
insert into picture (spot_id, url, picture_id) values (?, ?, ?)
insert into picture (spot_id, url, picture_id) values (NULL, 'java.io.StringReader@2a046ec', 3591);
2022-10-10 14:33:47.567  INFO 4460 --- [    Test worker] p6spy                                    : #1665380027567 | took 0ms | statement | connection 28| url jdbc:h2:mem:ad3a9e80-f26d-4a3e-9691-17f803db5723
insert into spot (address, description, location, name, score_id, spot_id) values (?, ?, ?, ?, ?, ?)
insert into spot (address, description, location, name, score_id, spot_id) values (NULL, NULL, 'Andeok_myeon', NULL, 884, 952);
2022-10-10 14:33:47.567  INFO 4460 --- [    Test worker] p6spy                                    : #1665380027567 | took 0ms | statement | connection 28| url jdbc:h2:mem:ad3a9e80-f26d-4a3e-9691-17f803db5723
insert into member_spot (member_id, score, spot_id, member_spot_id) values (?, ?, ?, ?)
insert into member_spot (member_id, score, spot_id, member_spot_id) values (24, 0.0, 952, 3592);
2022-10-10 14:33:47.567  INFO 4460 --- [    Test worker] p6spy                                    : #1665380027567 | took 0ms | statement | connection 28| url jdbc:h2:mem:ad3a9e80-f26d-4a3e-9691-17f803db5723
insert into review (content, spot_id, review_id) values (?, ?, ?)
insert into review (content, spot_id, review_id) values ('java.io.StringReader@615600ed', 871, 886);
2022-10-10 14:33:47.567  INFO 4460 --- [    Test worker] p6spy                                    : #1665380027567 | took 0ms | statement | connection 28| url jdbc:h2:mem:ad3a9e80-f26d-4a3e-9691-17f803db5723
insert into score (facility_rank, facility_score, price_rank, price_score, rank_average, surround_rank, surround_score, view_rank, view_score, score_id) values (?, ?, ?, ?, ?, ?, ?, ?, ?, ?)
insert into score (facility_rank, facility_score, price_rank, price_score, rank_average, surround_rank, surround_score, view_rank, view_score, score_id) values (8.87085678451491, 4.91446824994407, 4.9850998296928815, 2.518725063253072, 9.97895846154552, 7.117113012252462, 6.182352981891251, 8.359709560956867, 1.6587091429034118, 885);
2022-10-10 14:33:47.567  INFO 4460 --- [    Test worker] p6spy                                    : #1665380027567 | took 0ms | statement | connection 28| url jdbc:h2:mem:ad3a9e80-f26d-4a3e-9691-17f803db5723
insert into picture (spot_id, url, picture_id) values (?, ?, ?)
insert into picture (spot_id, url, picture_id) values (NULL, 'java.io.StringReader@83deb50', 3593);
2022-10-10 14:33:47.567  INFO 4460 --- [    Test worker] p6spy                                    : #1665380027567 | took 0ms | statement | connection 28| url jdbc:h2:mem:ad3a9e80-f26d-4a3e-9691-17f803db5723
insert into picture (spot_id, url, picture_id) values (?, ?, ?)
insert into picture (spot_id, url, picture_id) values (NULL, 'java.io.StringReader@4542fc08', 3594);
2022-10-10 14:33:47.567  INFO 4460 --- [    Test worker] p6spy                                    : #1665380027567 | took 0ms | statement | connection 28| url jdbc:h2:mem:ad3a9e80-f26d-4a3e-9691-17f803db5723
insert into picture (spot_id, url, picture_id) values (?, ?, ?)
insert into picture (spot_id, url, picture_id) values (NULL, 'java.io.StringReader@720d54a8', 3595);
2022-10-10 14:33:47.567  INFO 4460 --- [    Test worker] p6spy                                    : #1665380027567 | took 0ms | statement | connection 28| url jdbc:h2:mem:ad3a9e80-f26d-4a3e-9691-17f803db5723
insert into spot (address, description, location, name, score_id, spot_id) values (?, ?, ?, ?, ?, ?)
insert into spot (address, description, location, name, score_id, spot_id) values (NULL, NULL, 'Andeok_myeon', NULL, 885, 953);
2022-10-10 14:33:47.567  INFO 4460 --- [    Test worker] p6spy                                    : #1665380027567 | took 0ms | statement | connection 28| url jdbc:h2:mem:ad3a9e80-f26d-4a3e-9691-17f803db5723
insert into member_spot (member_id, score, spot_id, member_spot_id) values (?, ?, ?, ?)
insert into member_spot (member_id, score, spot_id, member_spot_id) values (24, 0.0, 953, 3596);
2022-10-10 14:33:47.567  INFO 4460 --- [    Test worker] p6spy                                    : #1665380027567 | took 0ms | statement | connection 28| url jdbc:h2:mem:ad3a9e80-f26d-4a3e-9691-17f803db5723
insert into review (content, spot_id, review_id) values (?, ?, ?)
insert into review (content, spot_id, review_id) values ('java.io.StringReader@115e7b2b', 871, 887);
2022-10-10 14:33:47.567  INFO 4460 --- [    Test worker] p6spy                                    : #1665380027567 | took 0ms | statement | connection 28| url jdbc:h2:mem:ad3a9e80-f26d-4a3e-9691-17f803db5723
insert into favorite_spot (count, favorite_id, spot_id, favorite_spot_id) values (?, ?, ?, ?)
insert into favorite_spot (count, favorite_id, spot_id, favorite_spot_id) values (0, 44, 953, 620);
2022-10-10 14:33:47.567  INFO 4460 --- [    Test worker] p6spy                                    : #1665380027567 | took 0ms | statement | connection 28| url jdbc:h2:mem:ad3a9e80-f26d-4a3e-9691-17f803db5723
insert into score (facility_rank, facility_score, price_rank, price_score, rank_average, surround_rank, surround_score, view_rank, view_score, score_id) values (?, ?, ?, ?, ?, ?, ?, ?, ?, ?)
insert into score (facility_rank, facility_score, price_rank, price_score, rank_average, surround_rank, surround_score, view_rank, view_score, score_id) values (4.348120433567781, 3.716125985787232, 2.646433429185453, 4.721181669700857, 9.171141205841709, 8.441325216609624, 6.331017153196806, 1.7183932128128876, 9.473019818619383, 886);
2022-10-10 14:33:47.567  INFO 4460 --- [    Test worker] p6spy                                    : #1665380027567 | took 0ms | statement | connection 28| url jdbc:h2:mem:ad3a9e80-f26d-4a3e-9691-17f803db5723
insert into picture (spot_id, url, picture_id) values (?, ?, ?)
insert into picture (spot_id, url, picture_id) values (NULL, 'java.io.StringReader@7dad1a8d', 3597);
2022-10-10 14:33:47.567  INFO 4460 --- [    Test worker] p6spy                                    : #1665380027567 | took 0ms | statement | connection 28| url jdbc:h2:mem:ad3a9e80-f26d-4a3e-9691-17f803db5723
insert into picture (spot_id, url, picture_id) values (?, ?, ?)
insert into picture (spot_id, url, picture_id) values (NULL, 'java.io.StringReader@da0d41', 3598);
2022-10-10 14:33:47.567  INFO 4460 --- [    Test worker] p6spy                                    : #1665380027567 | took 0ms | statement | connection 28| url jdbc:h2:mem:ad3a9e80-f26d-4a3e-9691-17f803db5723
insert into picture (spot_id, url, picture_id) values (?, ?, ?)
insert into picture (spot_id, url, picture_id) values (NULL, 'java.io.StringReader@30fe01c7', 3599);
2022-10-10 14:33:47.567  INFO 4460 --- [    Test worker] p6spy                                    : #1665380027567 | took 0ms | statement | connection 28| url jdbc:h2:mem:ad3a9e80-f26d-4a3e-9691-17f803db5723
insert into spot (address, description, location, name, score_id, spot_id) values (?, ?, ?, ?, ?, ?)
insert into spot (address, description, location, name, score_id, spot_id) values (NULL, NULL, 'Andeok_myeon', NULL, 886, 954);
2022-10-10 14:33:47.567  INFO 4460 --- [    Test worker] p6spy                                    : #1665380027567 | took 0ms | statement | connection 28| url jdbc:h2:mem:ad3a9e80-f26d-4a3e-9691-17f803db5723
insert into member_spot (member_id, score, spot_id, member_spot_id) values (?, ?, ?, ?)
insert into member_spot (member_id, score, spot_id, member_spot_id) values (24, 0.0, 954, 3600);
2022-10-10 14:33:47.567  INFO 4460 --- [    Test worker] p6spy                                    : #1665380027567 | took 0ms | statement | connection 28| url jdbc:h2:mem:ad3a9e80-f26d-4a3e-9691-17f803db5723
insert into review (content, spot_id, review_id) values (?, ?, ?)
insert into review (content, spot_id, review_id) values ('java.io.StringReader@3ad546be', 871, 888);
2022-10-10 14:33:47.567  INFO 4460 --- [    Test worker] p6spy                                    : #1665380027567 | took 0ms | statement | connection 28| url jdbc:h2:mem:ad3a9e80-f26d-4a3e-9691-17f803db5723
insert into score (facility_rank, facility_score, price_rank, price_score, rank_average, surround_rank, surround_score, view_rank, view_score, score_id) values (?, ?, ?, ?, ?, ?, ?, ?, ?, ?)
insert into score (facility_rank, facility_score, price_rank, price_score, rank_average, surround_rank, surround_score, view_rank, view_score, score_id) values (6.781791848626616, 1.2922328942616368, 1.6505455177278594, 7.319629939737029, 1.3182993766019224, 6.149593239471828, 6.61712207213109, 9.380859747825124, 0.9711637982215937, 887);
2022-10-10 14:33:47.567  INFO 4460 --- [    Test worker] p6spy                                    : #1665380027567 | took 0ms | statement | connection 28| url jdbc:h2:mem:ad3a9e80-f26d-4a3e-9691-17f803db5723
insert into picture (spot_id, url, picture_id) values (?, ?, ?)
insert into picture (spot_id, url, picture_id) values (NULL, 'java.io.StringReader@78aad31b', 3601);
2022-10-10 14:33:47.567  INFO 4460 --- [    Test worker] p6spy                                    : #1665380027567 | took 0ms | statement | connection 28| url jdbc:h2:mem:ad3a9e80-f26d-4a3e-9691-17f803db5723
insert into picture (spot_id, url, picture_id) values (?, ?, ?)
insert into picture (spot_id, url, picture_id) values (NULL, 'java.io.StringReader@74421bc6', 3602);
2022-10-10 14:33:47.567  INFO 4460 --- [    Test worker] p6spy                                    : #1665380027567 | took 0ms | statement | connection 28| url jdbc:h2:mem:ad3a9e80-f26d-4a3e-9691-17f803db5723
insert into picture (spot_id, url, picture_id) values (?, ?, ?)
insert into picture (spot_id, url, picture_id) values (NULL, 'java.io.StringReader@6b1e4394', 3603);
2022-10-10 14:33:47.567  INFO 4460 --- [    Test worker] p6spy                                    : #1665380027567 | took 0ms | statement | connection 28| url jdbc:h2:mem:ad3a9e80-f26d-4a3e-9691-17f803db5723
insert into spot (address, description, location, name, score_id, spot_id) values (?, ?, ?, ?, ?, ?)
insert into spot (address, description, location, name, score_id, spot_id) values (NULL, NULL, 'Andeok_myeon', NULL, 887, 955);
2022-10-10 14:33:47.567  INFO 4460 --- [    Test worker] p6spy                                    : #1665380027567 | took 0ms | statement | connection 28| url jdbc:h2:mem:ad3a9e80-f26d-4a3e-9691-17f803db5723
insert into member_spot (member_id, score, spot_id, member_spot_id) values (?, ?, ?, ?)
insert into member_spot (member_id, score, spot_id, member_spot_id) values (24, 0.0, 955, 3604);
2022-10-10 14:33:47.567  INFO 4460 --- [    Test worker] p6spy                                    : #1665380027567 | took 0ms | statement | connection 28| url jdbc:h2:mem:ad3a9e80-f26d-4a3e-9691-17f803db5723
insert into review (content, spot_id, review_id) values (?, ?, ?)
insert into review (content, spot_id, review_id) values ('java.io.StringReader@e1e7925', 871, 889);
2022-10-10 14:33:47.567  INFO 4460 --- [    Test worker] p6spy                                    : #1665380027567 | took 0ms | statement | connection 28| url jdbc:h2:mem:ad3a9e80-f26d-4a3e-9691-17f803db5723
insert into favorite_spot (count, favorite_id, spot_id, favorite_spot_id) values (?, ?, ?, ?)
insert into favorite_spot (count, favorite_id, spot_id, favorite_spot_id) values (0, 44, 955, 621);
2022-10-10 14:33:47.567  INFO 4460 --- [    Test worker] p6spy                                    : #1665380027567 | took 0ms | statement | connection 28| url jdbc:h2:mem:ad3a9e80-f26d-4a3e-9691-17f803db5723
insert into score (facility_rank, facility_score, price_rank, price_score, rank_average, surround_rank, surround_score, view_rank, view_score, score_id) values (?, ?, ?, ?, ?, ?, ?, ?, ?, ?)
insert into score (facility_rank, facility_score, price_rank, price_score, rank_average, surround_rank, surround_score, view_rank, view_score, score_id) values (6.8592292679191535, 1.9492721352990017, 5.136548805518415, 0.7438486805015798, 6.757715053365368, 6.834369080300332, 0.3941281930586604, 9.077964939722609, 4.948912436611285, 888);
2022-10-10 14:33:47.568  INFO 4460 --- [    Test worker] p6spy                                    : #1665380027568 | took 0ms | statement | connection 28| url jdbc:h2:mem:ad3a9e80-f26d-4a3e-9691-17f803db5723
insert into picture (spot_id, url, picture_id) values (?, ?, ?)
insert into picture (spot_id, url, picture_id) values (NULL, 'java.io.StringReader@60394608', 3605);
2022-10-10 14:33:47.568  INFO 4460 --- [    Test worker] p6spy                                    : #1665380027568 | took 0ms | statement | connection 28| url jdbc:h2:mem:ad3a9e80-f26d-4a3e-9691-17f803db5723
insert into picture (spot_id, url, picture_id) values (?, ?, ?)
insert into picture (spot_id, url, picture_id) values (NULL, 'java.io.StringReader@15181bcc', 3606);
2022-10-10 14:33:47.568  INFO 4460 --- [    Test worker] p6spy                                    : #1665380027568 | took 0ms | statement | connection 28| url jdbc:h2:mem:ad3a9e80-f26d-4a3e-9691-17f803db5723
insert into picture (spot_id, url, picture_id) values (?, ?, ?)
insert into picture (spot_id, url, picture_id) values (NULL, 'java.io.StringReader@7461d235', 3607);
2022-10-10 14:33:47.568  INFO 4460 --- [    Test worker] p6spy                                    : #1665380027568 | took 0ms | statement | connection 28| url jdbc:h2:mem:ad3a9e80-f26d-4a3e-9691-17f803db5723
insert into spot (address, description, location, name, score_id, spot_id) values (?, ?, ?, ?, ?, ?)
insert into spot (address, description, location, name, score_id, spot_id) values (NULL, NULL, 'Andeok_myeon', NULL, 888, 956);
2022-10-10 14:33:47.568  INFO 4460 --- [    Test worker] p6spy                                    : #1665380027568 | took 0ms | statement | connection 28| url jdbc:h2:mem:ad3a9e80-f26d-4a3e-9691-17f803db5723
insert into member_spot (member_id, score, spot_id, member_spot_id) values (?, ?, ?, ?)
insert into member_spot (member_id, score, spot_id, member_spot_id) values (24, 0.0, 956, 3608);
2022-10-10 14:33:47.568  INFO 4460 --- [    Test worker] p6spy                                    : #1665380027568 | took 0ms | statement | connection 28| url jdbc:h2:mem:ad3a9e80-f26d-4a3e-9691-17f803db5723
insert into review (content, spot_id, review_id) values (?, ?, ?)
insert into review (content, spot_id, review_id) values ('java.io.StringReader@656d35ae', 871, 890);
2022-10-10 14:33:47.568  INFO 4460 --- [    Test worker] p6spy                                    : #1665380027568 | took 0ms | statement | connection 28| url jdbc:h2:mem:ad3a9e80-f26d-4a3e-9691-17f803db5723
insert into score (facility_rank, facility_score, price_rank, price_score, rank_average, surround_rank, surround_score, view_rank, view_score, score_id) values (?, ?, ?, ?, ?, ?, ?, ?, ?, ?)
insert into score (facility_rank, facility_score, price_rank, price_score, rank_average, surround_rank, surround_score, view_rank, view_score, score_id) values (9.298501036813548, 8.230708587216652, 5.797329413075671, 0.6921821085427338, 0.8446048974967868, 3.99175874861863, 0.8851612339164239, 8.44883026576252, 0.24056659813947556, 889);
2022-10-10 14:33:47.568  INFO 4460 --- [    Test worker] p6spy                                    : #1665380027568 | took 0ms | statement | connection 28| url jdbc:h2:mem:ad3a9e80-f26d-4a3e-9691-17f803db5723
insert into picture (spot_id, url, picture_id) values (?, ?, ?)
insert into picture (spot_id, url, picture_id) values (NULL, 'java.io.StringReader@2aadd1f4', 3609);
2022-10-10 14:33:47.568  INFO 4460 --- [    Test worker] p6spy                                    : #1665380027568 | took 0ms | statement | connection 28| url jdbc:h2:mem:ad3a9e80-f26d-4a3e-9691-17f803db5723
insert into picture (spot_id, url, picture_id) values (?, ?, ?)
insert into picture (spot_id, url, picture_id) values (NULL, 'java.io.StringReader@11faa224', 3610);
2022-10-10 14:33:47.568  INFO 4460 --- [    Test worker] p6spy                                    : #1665380027568 | took 0ms | statement | connection 28| url jdbc:h2:mem:ad3a9e80-f26d-4a3e-9691-17f803db5723
insert into picture (spot_id, url, picture_id) values (?, ?, ?)
insert into picture (spot_id, url, picture_id) values (NULL, 'java.io.StringReader@4f3d1a03', 3611);
2022-10-10 14:33:47.568  INFO 4460 --- [    Test worker] p6spy                                    : #1665380027568 | took 0ms | statement | connection 28| url jdbc:h2:mem:ad3a9e80-f26d-4a3e-9691-17f803db5723
insert into spot (address, description, location, name, score_id, spot_id) values (?, ?, ?, ?, ?, ?)
insert into spot (address, description, location, name, score_id, spot_id) values (NULL, NULL, 'Andeok_myeon', NULL, 889, 957);
2022-10-10 14:33:47.568  INFO 4460 --- [    Test worker] p6spy                                    : #1665380027568 | took 0ms | statement | connection 28| url jdbc:h2:mem:ad3a9e80-f26d-4a3e-9691-17f803db5723
insert into member_spot (member_id, score, spot_id, member_spot_id) values (?, ?, ?, ?)
insert into member_spot (member_id, score, spot_id, member_spot_id) values (24, 0.0, 957, 3612);
2022-10-10 14:33:47.568  INFO 4460 --- [    Test worker] p6spy                                    : #1665380027568 | took 0ms | statement | connection 28| url jdbc:h2:mem:ad3a9e80-f26d-4a3e-9691-17f803db5723
insert into review (content, spot_id, review_id) values (?, ?, ?)
insert into review (content, spot_id, review_id) values ('java.io.StringReader@4982fa76', 871, 891);
2022-10-10 14:33:47.568  INFO 4460 --- [    Test worker] p6spy                                    : #1665380027568 | took 0ms | statement | connection 28| url jdbc:h2:mem:ad3a9e80-f26d-4a3e-9691-17f803db5723
insert into favorite_spot (count, favorite_id, spot_id, favorite_spot_id) values (?, ?, ?, ?)
insert into favorite_spot (count, favorite_id, spot_id, favorite_spot_id) values (0, 44, 957, 622);
2022-10-10 14:33:47.568  INFO 4460 --- [    Test worker] p6spy                                    : #1665380027568 | took 0ms | statement | connection 28| url jdbc:h2:mem:ad3a9e80-f26d-4a3e-9691-17f803db5723
insert into score (facility_rank, facility_score, price_rank, price_score, rank_average, surround_rank, surround_score, view_rank, view_score, score_id) values (?, ?, ?, ?, ?, ?, ?, ?, ?, ?)
insert into score (facility_rank, facility_score, price_rank, price_score, rank_average, surround_rank, surround_score, view_rank, view_score, score_id) values (6.609717572938381, 8.842934984161806, 8.207428555742432, 9.461785523800025, 9.100922018926966, 3.6224894329280555, 0.6174252016170612, 7.419036429663278, 3.6752887957089433, 890);
2022-10-10 14:33:47.568  INFO 4460 --- [    Test worker] p6spy                                    : #1665380027568 | took 0ms | statement | connection 28| url jdbc:h2:mem:ad3a9e80-f26d-4a3e-9691-17f803db5723
insert into picture (spot_id, url, picture_id) values (?, ?, ?)
insert into picture (spot_id, url, picture_id) values (NULL, 'java.io.StringReader@120f9ee8', 3613);
2022-10-10 14:33:47.568  INFO 4460 --- [    Test worker] p6spy                                    : #1665380027568 | took 0ms | statement | connection 28| url jdbc:h2:mem:ad3a9e80-f26d-4a3e-9691-17f803db5723
insert into picture (spot_id, url, picture_id) values (?, ?, ?)
insert into picture (spot_id, url, picture_id) values (NULL, 'java.io.StringReader@78e42c94', 3614);
2022-10-10 14:33:47.568  INFO 4460 --- [    Test worker] p6spy                                    : #1665380027568 | took 0ms | statement | connection 28| url jdbc:h2:mem:ad3a9e80-f26d-4a3e-9691-17f803db5723
insert into picture (spot_id, url, picture_id) values (?, ?, ?)
insert into picture (spot_id, url, picture_id) values (NULL, 'java.io.StringReader@3ba0cbbd', 3615);
2022-10-10 14:33:47.568  INFO 4460 --- [    Test worker] p6spy                                    : #1665380027568 | took 0ms | statement | connection 28| url jdbc:h2:mem:ad3a9e80-f26d-4a3e-9691-17f803db5723
insert into spot (address, description, location, name, score_id, spot_id) values (?, ?, ?, ?, ?, ?)
insert into spot (address, description, location, name, score_id, spot_id) values (NULL, NULL, 'Andeok_myeon', NULL, 890, 958);
2022-10-10 14:33:47.568  INFO 4460 --- [    Test worker] p6spy                                    : #1665380027568 | took 0ms | statement | connection 28| url jdbc:h2:mem:ad3a9e80-f26d-4a3e-9691-17f803db5723
insert into member_spot (member_id, score, spot_id, member_spot_id) values (?, ?, ?, ?)
insert into member_spot (member_id, score, spot_id, member_spot_id) values (24, 0.0, 958, 3616);
2022-10-10 14:33:47.568  INFO 4460 --- [    Test worker] p6spy                                    : #1665380027568 | took 0ms | statement | connection 28| url jdbc:h2:mem:ad3a9e80-f26d-4a3e-9691-17f803db5723
insert into review (content, spot_id, review_id) values (?, ?, ?)
insert into review (content, spot_id, review_id) values ('java.io.StringReader@69aa106f', 871, 892);
2022-10-10 14:33:47.568  INFO 4460 --- [    Test worker] p6spy                                    : #1665380027568 | took 0ms | statement | connection 28| url jdbc:h2:mem:ad3a9e80-f26d-4a3e-9691-17f803db5723
insert into score (facility_rank, facility_score, price_rank, price_score, rank_average, surround_rank, surround_score, view_rank, view_score, score_id) values (?, ?, ?, ?, ?, ?, ?, ?, ?, ?)
insert into score (facility_rank, facility_score, price_rank, price_score, rank_average, surround_rank, surround_score, view_rank, view_score, score_id) values (0.11080130480542572, 3.7265871784415507, 0.28699431776366136, 3.72980683122912, 6.028413527728803, 3.1539272702314913, 0.5858513145175914, 6.615325953535897, 4.042188548316896, 891);
2022-10-10 14:33:47.568  INFO 4460 --- [    Test worker] p6spy                                    : #1665380027568 | took 0ms | statement | connection 28| url jdbc:h2:mem:ad3a9e80-f26d-4a3e-9691-17f803db5723
insert into picture (spot_id, url, picture_id) values (?, ?, ?)
insert into picture (spot_id, url, picture_id) values (NULL, 'java.io.StringReader@4515d25d', 3617);
2022-10-10 14:33:47.568  INFO 4460 --- [    Test worker] p6spy                                    : #1665380027568 | took 0ms | statement | connection 28| url jdbc:h2:mem:ad3a9e80-f26d-4a3e-9691-17f803db5723
insert into picture (spot_id, url, picture_id) values (?, ?, ?)
insert into picture (spot_id, url, picture_id) values (NULL, 'java.io.StringReader@29ac99a2', 3618);
2022-10-10 14:33:47.568  INFO 4460 --- [    Test worker] p6spy                                    : #1665380027568 | took 0ms | statement | connection 28| url jdbc:h2:mem:ad3a9e80-f26d-4a3e-9691-17f803db5723
insert into picture (spot_id, url, picture_id) values (?, ?, ?)
insert into picture (spot_id, url, picture_id) values (NULL, 'java.io.StringReader@6a6e7625', 3619);
2022-10-10 14:33:47.568  INFO 4460 --- [    Test worker] p6spy                                    : #1665380027568 | took 0ms | statement | connection 28| url jdbc:h2:mem:ad3a9e80-f26d-4a3e-9691-17f803db5723
insert into spot (address, description, location, name, score_id, spot_id) values (?, ?, ?, ?, ?, ?)
insert into spot (address, description, location, name, score_id, spot_id) values (NULL, NULL, 'Andeok_myeon', NULL, 891, 959);
2022-10-10 14:33:47.568  INFO 4460 --- [    Test worker] p6spy                                    : #1665380027568 | took 0ms | statement | connection 28| url jdbc:h2:mem:ad3a9e80-f26d-4a3e-9691-17f803db5723
insert into member_spot (member_id, score, spot_id, member_spot_id) values (?, ?, ?, ?)
insert into member_spot (member_id, score, spot_id, member_spot_id) values (24, 0.0, 959, 3620);
2022-10-10 14:33:47.568  INFO 4460 --- [    Test worker] p6spy                                    : #1665380027568 | took 0ms | statement | connection 28| url jdbc:h2:mem:ad3a9e80-f26d-4a3e-9691-17f803db5723
insert into review (content, spot_id, review_id) values (?, ?, ?)
insert into review (content, spot_id, review_id) values ('java.io.StringReader@53bae0af', 871, 893);
2022-10-10 14:33:47.568  INFO 4460 --- [    Test worker] p6spy                                    : #1665380027568 | took 0ms | statement | connection 28| url jdbc:h2:mem:ad3a9e80-f26d-4a3e-9691-17f803db5723
insert into favorite_spot (count, favorite_id, spot_id, favorite_spot_id) values (?, ?, ?, ?)
insert into favorite_spot (count, favorite_id, spot_id, favorite_spot_id) values (0, 44, 959, 623);
2022-10-10 14:33:47.568  INFO 4460 --- [    Test worker] p6spy                                    : #1665380027568 | took 0ms | statement | connection 28| url jdbc:h2:mem:ad3a9e80-f26d-4a3e-9691-17f803db5723
insert into score (facility_rank, facility_score, price_rank, price_score, rank_average, surround_rank, surround_score, view_rank, view_score, score_id) values (?, ?, ?, ?, ?, ?, ?, ?, ?, ?)
insert into score (facility_rank, facility_score, price_rank, price_score, rank_average, surround_rank, surround_score, view_rank, view_score, score_id) values (8.46368910613362, 3.452869482531693, 7.234177560698306, 1.613597148287369, 5.615034464019222, 7.134607470465077, 9.642137461256674, 3.455654264527431, 1.5634051861748255, 892);
2022-10-10 14:33:47.568  INFO 4460 --- [    Test worker] p6spy                                    : #1665380027568 | took 0ms | statement | connection 28| url jdbc:h2:mem:ad3a9e80-f26d-4a3e-9691-17f803db5723
insert into picture (spot_id, url, picture_id) values (?, ?, ?)
insert into picture (spot_id, url, picture_id) values (NULL, 'java.io.StringReader@78d7f0fd', 3621);
2022-10-10 14:33:47.569  INFO 4460 --- [    Test worker] p6spy                                    : #1665380027569 | took 0ms | statement | connection 28| url jdbc:h2:mem:ad3a9e80-f26d-4a3e-9691-17f803db5723
insert into picture (spot_id, url, picture_id) values (?, ?, ?)
insert into picture (spot_id, url, picture_id) values (NULL, 'java.io.StringReader@348f2ef6', 3622);
2022-10-10 14:33:47.569  INFO 4460 --- [    Test worker] p6spy                                    : #1665380027569 | took 0ms | statement | connection 28| url jdbc:h2:mem:ad3a9e80-f26d-4a3e-9691-17f803db5723
insert into picture (spot_id, url, picture_id) values (?, ?, ?)
insert into picture (spot_id, url, picture_id) values (NULL, 'java.io.StringReader@177fbad9', 3623);
2022-10-10 14:33:47.569  INFO 4460 --- [    Test worker] p6spy                                    : #1665380027569 | took 0ms | statement | connection 28| url jdbc:h2:mem:ad3a9e80-f26d-4a3e-9691-17f803db5723
insert into spot (address, description, location, name, score_id, spot_id) values (?, ?, ?, ?, ?, ?)
insert into spot (address, description, location, name, score_id, spot_id) values (NULL, NULL, 'Andeok_myeon', NULL, 892, 960);
2022-10-10 14:33:47.569  INFO 4460 --- [    Test worker] p6spy                                    : #1665380027569 | took 0ms | statement | connection 28| url jdbc:h2:mem:ad3a9e80-f26d-4a3e-9691-17f803db5723
insert into member_spot (member_id, score, spot_id, member_spot_id) values (?, ?, ?, ?)
insert into member_spot (member_id, score, spot_id, member_spot_id) values (24, 0.0, 960, 3624);
2022-10-10 14:33:47.569  INFO 4460 --- [    Test worker] p6spy                                    : #1665380027569 | took 0ms | statement | connection 28| url jdbc:h2:mem:ad3a9e80-f26d-4a3e-9691-17f803db5723
insert into review (content, spot_id, review_id) values (?, ?, ?)
insert into review (content, spot_id, review_id) values ('java.io.StringReader@41b53c1e', 871, 894);
2022-10-10 14:33:47.569  INFO 4460 --- [    Test worker] p6spy                                    : #1665380027569 | took 0ms | statement | connection 28| url jdbc:h2:mem:ad3a9e80-f26d-4a3e-9691-17f803db5723
insert into score (facility_rank, facility_score, price_rank, price_score, rank_average, surround_rank, surround_score, view_rank, view_score, score_id) values (?, ?, ?, ?, ?, ?, ?, ?, ?, ?)
insert into score (facility_rank, facility_score, price_rank, price_score, rank_average, surround_rank, surround_score, view_rank, view_score, score_id) values (4.6026425376656555, 5.478756147544245, 4.184540410898264, 7.371503628691592, 4.608567767112608, 4.015032430515934, 7.738678748499211, 9.225150249850705, 4.290359935732647, 893);
2022-10-10 14:33:47.569  INFO 4460 --- [    Test worker] p6spy                                    : #1665380027569 | took 0ms | statement | connection 28| url jdbc:h2:mem:ad3a9e80-f26d-4a3e-9691-17f803db5723
insert into picture (spot_id, url, picture_id) values (?, ?, ?)
insert into picture (spot_id, url, picture_id) values (NULL, 'java.io.StringReader@7e2d3f2', 3625);
2022-10-10 14:33:47.569  INFO 4460 --- [    Test worker] p6spy                                    : #1665380027569 | took 0ms | statement | connection 28| url jdbc:h2:mem:ad3a9e80-f26d-4a3e-9691-17f803db5723
insert into picture (spot_id, url, picture_id) values (?, ?, ?)
insert into picture (spot_id, url, picture_id) values (NULL, 'java.io.StringReader@6d15bf54', 3626);
2022-10-10 14:33:47.569  INFO 4460 --- [    Test worker] p6spy                                    : #1665380027569 | took 0ms | statement | connection 28| url jdbc:h2:mem:ad3a9e80-f26d-4a3e-9691-17f803db5723
insert into picture (spot_id, url, picture_id) values (?, ?, ?)
insert into picture (spot_id, url, picture_id) values (NULL, 'java.io.StringReader@4478d25d', 3627);
2022-10-10 14:33:47.569  INFO 4460 --- [    Test worker] p6spy                                    : #1665380027569 | took 0ms | statement | connection 28| url jdbc:h2:mem:ad3a9e80-f26d-4a3e-9691-17f803db5723
insert into spot (address, description, location, name, score_id, spot_id) values (?, ?, ?, ?, ?, ?)
insert into spot (address, description, location, name, score_id, spot_id) values (NULL, NULL, 'Andeok_myeon', NULL, 893, 961);
2022-10-10 14:33:47.569  INFO 4460 --- [    Test worker] p6spy                                    : #1665380027569 | took 0ms | statement | connection 28| url jdbc:h2:mem:ad3a9e80-f26d-4a3e-9691-17f803db5723
insert into member_spot (member_id, score, spot_id, member_spot_id) values (?, ?, ?, ?)
insert into member_spot (member_id, score, spot_id, member_spot_id) values (24, 0.0, 961, 3628);
2022-10-10 14:33:47.569  INFO 4460 --- [    Test worker] p6spy                                    : #1665380027569 | took 0ms | statement | connection 28| url jdbc:h2:mem:ad3a9e80-f26d-4a3e-9691-17f803db5723
insert into review (content, spot_id, review_id) values (?, ?, ?)
insert into review (content, spot_id, review_id) values ('java.io.StringReader@1e4cab46', 871, 895);
2022-10-10 14:33:47.569  INFO 4460 --- [    Test worker] p6spy                                    : #1665380027569 | took 0ms | statement | connection 28| url jdbc:h2:mem:ad3a9e80-f26d-4a3e-9691-17f803db5723
insert into favorite_spot (count, favorite_id, spot_id, favorite_spot_id) values (?, ?, ?, ?)
insert into favorite_spot (count, favorite_id, spot_id, favorite_spot_id) values (0, 44, 961, 624);
2022-10-10 14:33:47.569  INFO 4460 --- [    Test worker] p6spy                                    : #1665380027569 | took 0ms | statement | connection 28| url jdbc:h2:mem:ad3a9e80-f26d-4a3e-9691-17f803db5723
insert into score (facility_rank, facility_score, price_rank, price_score, rank_average, surround_rank, surround_score, view_rank, view_score, score_id) values (?, ?, ?, ?, ?, ?, ?, ?, ?, ?)
insert into score (facility_rank, facility_score, price_rank, price_score, rank_average, surround_rank, surround_score, view_rank, view_score, score_id) values (0.26849798595190655, 7.393108690016435, 3.0154750966150203, 1.4558131211520409, 7.930637544393143, 6.837706111851686, 5.320511837734237, 6.991601192213769, 6.493304378524788, 894);
2022-10-10 14:33:47.569  INFO 4460 --- [    Test worker] p6spy                                    : #1665380027569 | took 0ms | statement | connection 28| url jdbc:h2:mem:ad3a9e80-f26d-4a3e-9691-17f803db5723
insert into picture (spot_id, url, picture_id) values (?, ?, ?)
insert into picture (spot_id, url, picture_id) values (NULL, 'java.io.StringReader@14270916', 3629);
2022-10-10 14:33:47.569  INFO 4460 --- [    Test worker] p6spy                                    : #1665380027569 | took 0ms | statement | connection 28| url jdbc:h2:mem:ad3a9e80-f26d-4a3e-9691-17f803db5723
insert into picture (spot_id, url, picture_id) values (?, ?, ?)
insert into picture (spot_id, url, picture_id) values (NULL, 'java.io.StringReader@59d56747', 3630);
2022-10-10 14:33:47.569  INFO 4460 --- [    Test worker] p6spy                                    : #1665380027569 | took 0ms | statement | connection 28| url jdbc:h2:mem:ad3a9e80-f26d-4a3e-9691-17f803db5723
insert into picture (spot_id, url, picture_id) values (?, ?, ?)
insert into picture (spot_id, url, picture_id) values (NULL, 'java.io.StringReader@45ba7bd5', 3631);
2022-10-10 14:33:47.569  INFO 4460 --- [    Test worker] p6spy                                    : #1665380027569 | took 0ms | statement | connection 28| url jdbc:h2:mem:ad3a9e80-f26d-4a3e-9691-17f803db5723
insert into spot (address, description, location, name, score_id, spot_id) values (?, ?, ?, ?, ?, ?)
insert into spot (address, description, location, name, score_id, spot_id) values (NULL, NULL, 'Andeok_myeon', NULL, 894, 962);
2022-10-10 14:33:47.569  INFO 4460 --- [    Test worker] p6spy                                    : #1665380027569 | took 0ms | statement | connection 28| url jdbc:h2:mem:ad3a9e80-f26d-4a3e-9691-17f803db5723
insert into member_spot (member_id, score, spot_id, member_spot_id) values (?, ?, ?, ?)
insert into member_spot (member_id, score, spot_id, member_spot_id) values (24, 0.0, 962, 3632);
2022-10-10 14:33:47.569  INFO 4460 --- [    Test worker] p6spy                                    : #1665380027569 | took 0ms | statement | connection 28| url jdbc:h2:mem:ad3a9e80-f26d-4a3e-9691-17f803db5723
insert into review (content, spot_id, review_id) values (?, ?, ?)
insert into review (content, spot_id, review_id) values ('java.io.StringReader@1250c8ba', 871, 896);
2022-10-10 14:33:47.569  INFO 4460 --- [    Test worker] p6spy                                    : #1665380027569 | took 0ms | statement | connection 28| url jdbc:h2:mem:ad3a9e80-f26d-4a3e-9691-17f803db5723
insert into score (facility_rank, facility_score, price_rank, price_score, rank_average, surround_rank, surround_score, view_rank, view_score, score_id) values (?, ?, ?, ?, ?, ?, ?, ?, ?, ?)
insert into score (facility_rank, facility_score, price_rank, price_score, rank_average, surround_rank, surround_score, view_rank, view_score, score_id) values (8.142397501931578, 9.931664510461992, 7.476333450156042, 3.8350083332853746, 7.295632731216195, 3.834039826413913, 9.097768722062874, 4.54441050337531, 7.388085399759426, 895);
2022-10-10 14:33:47.569  INFO 4460 --- [    Test worker] p6spy                                    : #1665380027569 | took 0ms | statement | connection 28| url jdbc:h2:mem:ad3a9e80-f26d-4a3e-9691-17f803db5723
insert into picture (spot_id, url, picture_id) values (?, ?, ?)
insert into picture (spot_id, url, picture_id) values (NULL, 'java.io.StringReader@6b5c77f4', 3633);
2022-10-10 14:33:47.569  INFO 4460 --- [    Test worker] p6spy                                    : #1665380027569 | took 0ms | statement | connection 28| url jdbc:h2:mem:ad3a9e80-f26d-4a3e-9691-17f803db5723
insert into picture (spot_id, url, picture_id) values (?, ?, ?)
insert into picture (spot_id, url, picture_id) values (NULL, 'java.io.StringReader@35118d60', 3634);
2022-10-10 14:33:47.569  INFO 4460 --- [    Test worker] p6spy                                    : #1665380027569 | took 0ms | statement | connection 28| url jdbc:h2:mem:ad3a9e80-f26d-4a3e-9691-17f803db5723
insert into picture (spot_id, url, picture_id) values (?, ?, ?)
insert into picture (spot_id, url, picture_id) values (NULL, 'java.io.StringReader@6bf19ed6', 3635);
2022-10-10 14:33:47.569  INFO 4460 --- [    Test worker] p6spy                                    : #1665380027569 | took 0ms | statement | connection 28| url jdbc:h2:mem:ad3a9e80-f26d-4a3e-9691-17f803db5723
insert into spot (address, description, location, name, score_id, spot_id) values (?, ?, ?, ?, ?, ?)
insert into spot (address, description, location, name, score_id, spot_id) values (NULL, NULL, 'Andeok_myeon', NULL, 895, 963);
2022-10-10 14:33:47.569  INFO 4460 --- [    Test worker] p6spy                                    : #1665380027569 | took 0ms | statement | connection 28| url jdbc:h2:mem:ad3a9e80-f26d-4a3e-9691-17f803db5723
insert into member_spot (member_id, score, spot_id, member_spot_id) values (?, ?, ?, ?)
insert into member_spot (member_id, score, spot_id, member_spot_id) values (24, 0.0, 963, 3636);
2022-10-10 14:33:47.569  INFO 4460 --- [    Test worker] p6spy                                    : #1665380027569 | took 0ms | statement | connection 28| url jdbc:h2:mem:ad3a9e80-f26d-4a3e-9691-17f803db5723
insert into review (content, spot_id, review_id) values (?, ?, ?)
insert into review (content, spot_id, review_id) values ('java.io.StringReader@1526ff86', 871, 897);
2022-10-10 14:33:47.569  INFO 4460 --- [    Test worker] p6spy                                    : #1665380027569 | took 0ms | statement | connection 28| url jdbc:h2:mem:ad3a9e80-f26d-4a3e-9691-17f803db5723
insert into favorite_spot (count, favorite_id, spot_id, favorite_spot_id) values (?, ?, ?, ?)
insert into favorite_spot (count, favorite_id, spot_id, favorite_spot_id) values (0, 44, 963, 625);
2022-10-10 14:33:47.569  INFO 4460 --- [    Test worker] p6spy                                    : #1665380027569 | took 0ms | statement | connection 28| url jdbc:h2:mem:ad3a9e80-f26d-4a3e-9691-17f803db5723
insert into score (facility_rank, facility_score, price_rank, price_score, rank_average, surround_rank, surround_score, view_rank, view_score, score_id) values (?, ?, ?, ?, ?, ?, ?, ?, ?, ?)
insert into score (facility_rank, facility_score, price_rank, price_score, rank_average, surround_rank, surround_score, view_rank, view_score, score_id) values (2.992834735270695, 1.2771813560179002, 6.26374651568812, 5.375912254817997, 0.5203565119528075, 5.9847916358336395, 3.931432190317267, 5.897380315740569, 0.6804353744147562, 896);
2022-10-10 14:33:47.569  INFO 4460 --- [    Test worker] p6spy                                    : #1665380027569 | took 0ms | statement | connection 28| url jdbc:h2:mem:ad3a9e80-f26d-4a3e-9691-17f803db5723
insert into picture (spot_id, url, picture_id) values (?, ?, ?)
insert into picture (spot_id, url, picture_id) values (NULL, 'java.io.StringReader@80ea360', 3637);
2022-10-10 14:33:47.569  INFO 4460 --- [    Test worker] p6spy                                    : #1665380027569 | took 0ms | statement | connection 28| url jdbc:h2:mem:ad3a9e80-f26d-4a3e-9691-17f803db5723
insert into picture (spot_id, url, picture_id) values (?, ?, ?)
insert into picture (spot_id, url, picture_id) values (NULL, 'java.io.StringReader@32b186e5', 3638);
2022-10-10 14:33:47.569  INFO 4460 --- [    Test worker] p6spy                                    : #1665380027569 | took 0ms | statement | connection 28| url jdbc:h2:mem:ad3a9e80-f26d-4a3e-9691-17f803db5723
insert into picture (spot_id, url, picture_id) values (?, ?, ?)
insert into picture (spot_id, url, picture_id) values (NULL, 'java.io.StringReader@17d4a31e', 3639);
2022-10-10 14:33:47.569  INFO 4460 --- [    Test worker] p6spy                                    : #1665380027569 | took 0ms | statement | connection 28| url jdbc:h2:mem:ad3a9e80-f26d-4a3e-9691-17f803db5723
insert into spot (address, description, location, name, score_id, spot_id) values (?, ?, ?, ?, ?, ?)
insert into spot (address, description, location, name, score_id, spot_id) values (NULL, NULL, 'Andeok_myeon', NULL, 896, 964);
2022-10-10 14:33:47.569  INFO 4460 --- [    Test worker] p6spy                                    : #1665380027569 | took 0ms | statement | connection 28| url jdbc:h2:mem:ad3a9e80-f26d-4a3e-9691-17f803db5723
insert into member_spot (member_id, score, spot_id, member_spot_id) values (?, ?, ?, ?)
insert into member_spot (member_id, score, spot_id, member_spot_id) values (24, 0.0, 964, 3640);
2022-10-10 14:33:47.569  INFO 4460 --- [    Test worker] p6spy                                    : #1665380027569 | took 0ms | statement | connection 28| url jdbc:h2:mem:ad3a9e80-f26d-4a3e-9691-17f803db5723
insert into review (content, spot_id, review_id) values (?, ?, ?)
insert into review (content, spot_id, review_id) values ('java.io.StringReader@43e8e4a3', 871, 898);
2022-10-10 14:33:47.569  INFO 4460 --- [    Test worker] p6spy                                    : #1665380027569 | took 0ms | statement | connection 28| url jdbc:h2:mem:ad3a9e80-f26d-4a3e-9691-17f803db5723
insert into score (facility_rank, facility_score, price_rank, price_score, rank_average, surround_rank, surround_score, view_rank, view_score, score_id) values (?, ?, ?, ?, ?, ?, ?, ?, ?, ?)
insert into score (facility_rank, facility_score, price_rank, price_score, rank_average, surround_rank, surround_score, view_rank, view_score, score_id) values (9.421634710903184, 5.181477031731977, 5.816613700835054, 6.067700944241414, 2.2856374220237576, 3.7995579568366002, 9.083619953233338, 5.021763606973301, 0.5374332181575503, 897);
2022-10-10 14:33:47.569  INFO 4460 --- [    Test worker] p6spy                                    : #1665380027569 | took 0ms | statement | connection 28| url jdbc:h2:mem:ad3a9e80-f26d-4a3e-9691-17f803db5723
insert into picture (spot_id, url, picture_id) values (?, ?, ?)
insert into picture (spot_id, url, picture_id) values (NULL, 'java.io.StringReader@1c2be5b0', 3641);
2022-10-10 14:33:47.569  INFO 4460 --- [    Test worker] p6spy                                    : #1665380027569 | took 0ms | statement | connection 28| url jdbc:h2:mem:ad3a9e80-f26d-4a3e-9691-17f803db5723
insert into picture (spot_id, url, picture_id) values (?, ?, ?)
insert into picture (spot_id, url, picture_id) values (NULL, 'java.io.StringReader@67dca10c', 3642);
2022-10-10 14:33:47.570  INFO 4460 --- [    Test worker] p6spy                                    : #1665380027570 | took 0ms | statement | connection 28| url jdbc:h2:mem:ad3a9e80-f26d-4a3e-9691-17f803db5723
insert into picture (spot_id, url, picture_id) values (?, ?, ?)
insert into picture (spot_id, url, picture_id) values (NULL, 'java.io.StringReader@734cc454', 3643);
2022-10-10 14:33:47.570  INFO 4460 --- [    Test worker] p6spy                                    : #1665380027570 | took 0ms | statement | connection 28| url jdbc:h2:mem:ad3a9e80-f26d-4a3e-9691-17f803db5723
insert into spot (address, description, location, name, score_id, spot_id) values (?, ?, ?, ?, ?, ?)
insert into spot (address, description, location, name, score_id, spot_id) values (NULL, NULL, 'Andeok_myeon', NULL, 897, 965);
2022-10-10 14:33:47.570  INFO 4460 --- [    Test worker] p6spy                                    : #1665380027570 | took 0ms | statement | connection 28| url jdbc:h2:mem:ad3a9e80-f26d-4a3e-9691-17f803db5723
insert into member_spot (member_id, score, spot_id, member_spot_id) values (?, ?, ?, ?)
insert into member_spot (member_id, score, spot_id, member_spot_id) values (24, 0.0, 965, 3644);
2022-10-10 14:33:47.570  INFO 4460 --- [    Test worker] p6spy                                    : #1665380027570 | took 0ms | statement | connection 28| url jdbc:h2:mem:ad3a9e80-f26d-4a3e-9691-17f803db5723
insert into review (content, spot_id, review_id) values (?, ?, ?)
insert into review (content, spot_id, review_id) values ('java.io.StringReader@72e8928a', 871, 899);
2022-10-10 14:33:47.570  INFO 4460 --- [    Test worker] p6spy                                    : #1665380027570 | took 0ms | statement | connection 28| url jdbc:h2:mem:ad3a9e80-f26d-4a3e-9691-17f803db5723
insert into favorite_spot (count, favorite_id, spot_id, favorite_spot_id) values (?, ?, ?, ?)
insert into favorite_spot (count, favorite_id, spot_id, favorite_spot_id) values (0, 44, 965, 626);
2022-10-10 14:33:47.570  INFO 4460 --- [    Test worker] p6spy                                    : #1665380027570 | took 0ms | statement | connection 28| url jdbc:h2:mem:ad3a9e80-f26d-4a3e-9691-17f803db5723
insert into score (facility_rank, facility_score, price_rank, price_score, rank_average, surround_rank, surround_score, view_rank, view_score, score_id) values (?, ?, ?, ?, ?, ?, ?, ?, ?, ?)
insert into score (facility_rank, facility_score, price_rank, price_score, rank_average, surround_rank, surround_score, view_rank, view_score, score_id) values (2.2300742019478372, 1.3297068974074533, 3.8445357296225735, 7.1034318223244055, 7.993647919604058, 1.1810943827866305, 6.78841737255709, 6.089776773196959, 4.658626761526686, 898);
2022-10-10 14:33:47.570  INFO 4460 --- [    Test worker] p6spy                                    : #1665380027570 | took 0ms | statement | connection 28| url jdbc:h2:mem:ad3a9e80-f26d-4a3e-9691-17f803db5723
insert into picture (spot_id, url, picture_id) values (?, ?, ?)
insert into picture (spot_id, url, picture_id) values (NULL, 'java.io.StringReader@6481f18b', 3645);
2022-10-10 14:33:47.570  INFO 4460 --- [    Test worker] p6spy                                    : #1665380027570 | took 0ms | statement | connection 28| url jdbc:h2:mem:ad3a9e80-f26d-4a3e-9691-17f803db5723
insert into picture (spot_id, url, picture_id) values (?, ?, ?)
insert into picture (spot_id, url, picture_id) values (NULL, 'java.io.StringReader@25b3476c', 3646);
2022-10-10 14:33:47.570  INFO 4460 --- [    Test worker] p6spy                                    : #1665380027570 | took 0ms | statement | connection 28| url jdbc:h2:mem:ad3a9e80-f26d-4a3e-9691-17f803db5723
insert into picture (spot_id, url, picture_id) values (?, ?, ?)
insert into picture (spot_id, url, picture_id) values (NULL, 'java.io.StringReader@6aa5b643', 3647);
2022-10-10 14:33:47.570  INFO 4460 --- [    Test worker] p6spy                                    : #1665380027570 | took 0ms | statement | connection 28| url jdbc:h2:mem:ad3a9e80-f26d-4a3e-9691-17f803db5723
insert into spot (address, description, location, name, score_id, spot_id) values (?, ?, ?, ?, ?, ?)
insert into spot (address, description, location, name, score_id, spot_id) values (NULL, NULL, 'Andeok_myeon', NULL, 898, 966);
2022-10-10 14:33:47.570  INFO 4460 --- [    Test worker] p6spy                                    : #1665380027570 | took 0ms | statement | connection 28| url jdbc:h2:mem:ad3a9e80-f26d-4a3e-9691-17f803db5723
insert into member_spot (member_id, score, spot_id, member_spot_id) values (?, ?, ?, ?)
insert into member_spot (member_id, score, spot_id, member_spot_id) values (24, 0.0, 966, 3648);
2022-10-10 14:33:47.570  INFO 4460 --- [    Test worker] p6spy                                    : #1665380027570 | took 0ms | statement | connection 28| url jdbc:h2:mem:ad3a9e80-f26d-4a3e-9691-17f803db5723
insert into review (content, spot_id, review_id) values (?, ?, ?)
insert into review (content, spot_id, review_id) values ('java.io.StringReader@58900bc', 871, 900);
2022-10-10 14:33:47.570  INFO 4460 --- [    Test worker] p6spy                                    : #1665380027570 | took 0ms | statement | connection 28| url jdbc:h2:mem:ad3a9e80-f26d-4a3e-9691-17f803db5723
insert into score (facility_rank, facility_score, price_rank, price_score, rank_average, surround_rank, surround_score, view_rank, view_score, score_id) values (?, ?, ?, ?, ?, ?, ?, ?, ?, ?)
insert into score (facility_rank, facility_score, price_rank, price_score, rank_average, surround_rank, surround_score, view_rank, view_score, score_id) values (3.1510563626173993, 9.951176337063936, 1.5775219303866406, 3.4602435456831895, 6.3651567766414345, 0.2465623918347981, 6.492108746929843, 8.00102868417417, 2.4734147608785015, 899);
2022-10-10 14:33:47.570  INFO 4460 --- [    Test worker] p6spy                                    : #1665380027570 | took 0ms | statement | connection 28| url jdbc:h2:mem:ad3a9e80-f26d-4a3e-9691-17f803db5723
insert into picture (spot_id, url, picture_id) values (?, ?, ?)
insert into picture (spot_id, url, picture_id) values (NULL, 'java.io.StringReader@5ec39a7c', 3649);
2022-10-10 14:33:47.570  INFO 4460 --- [    Test worker] p6spy                                    : #1665380027570 | took 0ms | statement | connection 28| url jdbc:h2:mem:ad3a9e80-f26d-4a3e-9691-17f803db5723
insert into picture (spot_id, url, picture_id) values (?, ?, ?)
insert into picture (spot_id, url, picture_id) values (NULL, 'java.io.StringReader@4376a4ec', 3650);
2022-10-10 14:33:47.570  INFO 4460 --- [    Test worker] p6spy                                    : #1665380027570 | took 0ms | statement | connection 28| url jdbc:h2:mem:ad3a9e80-f26d-4a3e-9691-17f803db5723
insert into picture (spot_id, url, picture_id) values (?, ?, ?)
insert into picture (spot_id, url, picture_id) values (NULL, 'java.io.StringReader@11e09f88', 3651);
2022-10-10 14:33:47.570  INFO 4460 --- [    Test worker] p6spy                                    : #1665380027570 | took 0ms | statement | connection 28| url jdbc:h2:mem:ad3a9e80-f26d-4a3e-9691-17f803db5723
insert into spot (address, description, location, name, score_id, spot_id) values (?, ?, ?, ?, ?, ?)
insert into spot (address, description, location, name, score_id, spot_id) values (NULL, NULL, 'Andeok_myeon', NULL, 899, 967);
2022-10-10 14:33:47.570  INFO 4460 --- [    Test worker] p6spy                                    : #1665380027570 | took 0ms | statement | connection 28| url jdbc:h2:mem:ad3a9e80-f26d-4a3e-9691-17f803db5723
insert into member_spot (member_id, score, spot_id, member_spot_id) values (?, ?, ?, ?)
insert into member_spot (member_id, score, spot_id, member_spot_id) values (24, 0.0, 967, 3652);
2022-10-10 14:33:47.570  INFO 4460 --- [    Test worker] p6spy                                    : #1665380027570 | took 0ms | statement | connection 28| url jdbc:h2:mem:ad3a9e80-f26d-4a3e-9691-17f803db5723
insert into review (content, spot_id, review_id) values (?, ?, ?)
insert into review (content, spot_id, review_id) values ('java.io.StringReader@74ceac0', 871, 901);
2022-10-10 14:33:47.570  INFO 4460 --- [    Test worker] p6spy                                    : #1665380027570 | took 0ms | statement | connection 28| url jdbc:h2:mem:ad3a9e80-f26d-4a3e-9691-17f803db5723
insert into favorite_spot (count, favorite_id, spot_id, favorite_spot_id) values (?, ?, ?, ?)
insert into favorite_spot (count, favorite_id, spot_id, favorite_spot_id) values (0, 44, 967, 627);
2022-10-10 14:33:47.570  INFO 4460 --- [    Test worker] p6spy                                    : #1665380027570 | took 0ms | statement | connection 28| url jdbc:h2:mem:ad3a9e80-f26d-4a3e-9691-17f803db5723
insert into score (facility_rank, facility_score, price_rank, price_score, rank_average, surround_rank, surround_score, view_rank, view_score, score_id) values (?, ?, ?, ?, ?, ?, ?, ?, ?, ?)
insert into score (facility_rank, facility_score, price_rank, price_score, rank_average, surround_rank, surround_score, view_rank, view_score, score_id) values (9.649672733431307, 2.1839662255435863, 2.687024077449147, 1.4000603266768286, 2.246919165468034, 0.7628227099108387, 9.518995518266005, 3.864192891748065, 0.21714729101298347, 900);
2022-10-10 14:33:47.570  INFO 4460 --- [    Test worker] p6spy                                    : #1665380027570 | took 0ms | statement | connection 28| url jdbc:h2:mem:ad3a9e80-f26d-4a3e-9691-17f803db5723
insert into picture (spot_id, url, picture_id) values (?, ?, ?)
insert into picture (spot_id, url, picture_id) values (NULL, 'java.io.StringReader@5e1eae04', 3653);
2022-10-10 14:33:47.570  INFO 4460 --- [    Test worker] p6spy                                    : #1665380027570 | took 0ms | statement | connection 28| url jdbc:h2:mem:ad3a9e80-f26d-4a3e-9691-17f803db5723
insert into picture (spot_id, url, picture_id) values (?, ?, ?)
insert into picture (spot_id, url, picture_id) values (NULL, 'java.io.StringReader@7895e748', 3654);
2022-10-10 14:33:47.570  INFO 4460 --- [    Test worker] p6spy                                    : #1665380027570 | took 0ms | statement | connection 28| url jdbc:h2:mem:ad3a9e80-f26d-4a3e-9691-17f803db5723
insert into picture (spot_id, url, picture_id) values (?, ?, ?)
insert into picture (spot_id, url, picture_id) values (NULL, 'java.io.StringReader@66c3282d', 3655);
2022-10-10 14:33:47.570  INFO 4460 --- [    Test worker] p6spy                                    : #1665380027570 | took 0ms | statement | connection 28| url jdbc:h2:mem:ad3a9e80-f26d-4a3e-9691-17f803db5723
insert into spot (address, description, location, name, score_id, spot_id) values (?, ?, ?, ?, ?, ?)
insert into spot (address, description, location, name, score_id, spot_id) values (NULL, NULL, 'Andeok_myeon', NULL, 900, 968);
2022-10-10 14:33:47.570  INFO 4460 --- [    Test worker] p6spy                                    : #1665380027570 | took 0ms | statement | connection 28| url jdbc:h2:mem:ad3a9e80-f26d-4a3e-9691-17f803db5723
insert into member_spot (member_id, score, spot_id, member_spot_id) values (?, ?, ?, ?)
insert into member_spot (member_id, score, spot_id, member_spot_id) values (24, 0.0, 968, 3656);
2022-10-10 14:33:47.570  INFO 4460 --- [    Test worker] p6spy                                    : #1665380027570 | took 0ms | statement | connection 28| url jdbc:h2:mem:ad3a9e80-f26d-4a3e-9691-17f803db5723
insert into review (content, spot_id, review_id) values (?, ?, ?)
insert into review (content, spot_id, review_id) values ('java.io.StringReader@611da2aa', 871, 902);
2022-10-10 14:33:47.570  INFO 4460 --- [    Test worker] p6spy                                    : #1665380027570 | took 0ms | statement | connection 28| url jdbc:h2:mem:ad3a9e80-f26d-4a3e-9691-17f803db5723
insert into score (facility_rank, facility_score, price_rank, price_score, rank_average, surround_rank, surround_score, view_rank, view_score, score_id) values (?, ?, ?, ?, ?, ?, ?, ?, ?, ?)
insert into score (facility_rank, facility_score, price_rank, price_score, rank_average, surround_rank, surround_score, view_rank, view_score, score_id) values (6.022592692136291, 4.713758591208373, 6.770263200329664, 5.850114184975563, 3.1983315844950253, 1.3872870133851445, 9.86659754220066, 0.5948222667022496, 8.86457794648376, 901);
2022-10-10 14:33:47.570  INFO 4460 --- [    Test worker] p6spy                                    : #1665380027570 | took 0ms | statement | connection 28| url jdbc:h2:mem:ad3a9e80-f26d-4a3e-9691-17f803db5723
insert into picture (spot_id, url, picture_id) values (?, ?, ?)
insert into picture (spot_id, url, picture_id) values (NULL, 'java.io.StringReader@4cfe0aeb', 3657);
2022-10-10 14:33:47.570  INFO 4460 --- [    Test worker] p6spy                                    : #1665380027570 | took 0ms | statement | connection 28| url jdbc:h2:mem:ad3a9e80-f26d-4a3e-9691-17f803db5723
insert into picture (spot_id, url, picture_id) values (?, ?, ?)
insert into picture (spot_id, url, picture_id) values (NULL, 'java.io.StringReader@19a5a7ba', 3658);
2022-10-10 14:33:47.570  INFO 4460 --- [    Test worker] p6spy                                    : #1665380027570 | took 0ms | statement | connection 28| url jdbc:h2:mem:ad3a9e80-f26d-4a3e-9691-17f803db5723
insert into picture (spot_id, url, picture_id) values (?, ?, ?)
insert into picture (spot_id, url, picture_id) values (NULL, 'java.io.StringReader@51e0cc92', 3659);
2022-10-10 14:33:47.570  INFO 4460 --- [    Test worker] p6spy                                    : #1665380027570 | took 0ms | statement | connection 28| url jdbc:h2:mem:ad3a9e80-f26d-4a3e-9691-17f803db5723
insert into spot (address, description, location, name, score_id, spot_id) values (?, ?, ?, ?, ?, ?)
insert into spot (address, description, location, name, score_id, spot_id) values (NULL, NULL, 'Andeok_myeon', NULL, 901, 969);
2022-10-10 14:33:47.570  INFO 4460 --- [    Test worker] p6spy                                    : #1665380027570 | took 0ms | statement | connection 28| url jdbc:h2:mem:ad3a9e80-f26d-4a3e-9691-17f803db5723
insert into member_spot (member_id, score, spot_id, member_spot_id) values (?, ?, ?, ?)
insert into member_spot (member_id, score, spot_id, member_spot_id) values (24, 0.0, 969, 3660);
2022-10-10 14:33:47.570  INFO 4460 --- [    Test worker] p6spy                                    : #1665380027570 | took 0ms | statement | connection 28| url jdbc:h2:mem:ad3a9e80-f26d-4a3e-9691-17f803db5723
insert into review (content, spot_id, review_id) values (?, ?, ?)
insert into review (content, spot_id, review_id) values ('java.io.StringReader@552c7a9b', 871, 903);
2022-10-10 14:33:47.570  INFO 4460 --- [    Test worker] p6spy                                    : #1665380027570 | took 0ms | statement | connection 28| url jdbc:h2:mem:ad3a9e80-f26d-4a3e-9691-17f803db5723
insert into favorite_spot (count, favorite_id, spot_id, favorite_spot_id) values (?, ?, ?, ?)
insert into favorite_spot (count, favorite_id, spot_id, favorite_spot_id) values (0, 44, 969, 628);
2022-10-10 14:33:47.571  INFO 4460 --- [    Test worker] p6spy                                    : #1665380027571 | took 0ms | statement | connection 28| url jdbc:h2:mem:ad3a9e80-f26d-4a3e-9691-17f803db5723
insert into score (facility_rank, facility_score, price_rank, price_score, rank_average, surround_rank, surround_score, view_rank, view_score, score_id) values (?, ?, ?, ?, ?, ?, ?, ?, ?, ?)
insert into score (facility_rank, facility_score, price_rank, price_score, rank_average, surround_rank, surround_score, view_rank, view_score, score_id) values (8.96250659845527, 3.2675939137338093, 9.09556703758583, 2.497558976231813, 0.328152492275009, 2.835580535970931, 1.1233578743289618, 8.416745766020794, 7.687015597747711, 902);
2022-10-10 14:33:47.571  INFO 4460 --- [    Test worker] p6spy                                    : #1665380027571 | took 0ms | statement | connection 28| url jdbc:h2:mem:ad3a9e80-f26d-4a3e-9691-17f803db5723
insert into picture (spot_id, url, picture_id) values (?, ?, ?)
insert into picture (spot_id, url, picture_id) values (NULL, 'java.io.StringReader@6261a85f', 3661);
2022-10-10 14:33:47.571  INFO 4460 --- [    Test worker] p6spy                                    : #1665380027571 | took 0ms | statement | connection 28| url jdbc:h2:mem:ad3a9e80-f26d-4a3e-9691-17f803db5723
insert into picture (spot_id, url, picture_id) values (?, ?, ?)
insert into picture (spot_id, url, picture_id) values (NULL, 'java.io.StringReader@17aa498e', 3662);
2022-10-10 14:33:47.571  INFO 4460 --- [    Test worker] p6spy                                    : #1665380027571 | took 0ms | statement | connection 28| url jdbc:h2:mem:ad3a9e80-f26d-4a3e-9691-17f803db5723
insert into picture (spot_id, url, picture_id) values (?, ?, ?)
insert into picture (spot_id, url, picture_id) values (NULL, 'java.io.StringReader@61f92da4', 3663);
2022-10-10 14:33:47.571  INFO 4460 --- [    Test worker] p6spy                                    : #1665380027571 | took 0ms | statement | connection 28| url jdbc:h2:mem:ad3a9e80-f26d-4a3e-9691-17f803db5723
insert into spot (address, description, location, name, score_id, spot_id) values (?, ?, ?, ?, ?, ?)
insert into spot (address, description, location, name, score_id, spot_id) values (NULL, NULL, 'Andeok_myeon', NULL, 902, 970);
2022-10-10 14:33:47.571  INFO 4460 --- [    Test worker] p6spy                                    : #1665380027571 | took 0ms | statement | connection 28| url jdbc:h2:mem:ad3a9e80-f26d-4a3e-9691-17f803db5723
insert into member_spot (member_id, score, spot_id, member_spot_id) values (?, ?, ?, ?)
insert into member_spot (member_id, score, spot_id, member_spot_id) values (24, 0.0, 970, 3664);
2022-10-10 14:33:47.571  INFO 4460 --- [    Test worker] p6spy                                    : #1665380027571 | took 0ms | statement | connection 28| url jdbc:h2:mem:ad3a9e80-f26d-4a3e-9691-17f803db5723
insert into review (content, spot_id, review_id) values (?, ?, ?)
insert into review (content, spot_id, review_id) values ('java.io.StringReader@5e86b8f2', 871, 904);
2022-10-10 14:33:47.571  INFO 4460 --- [    Test worker] p6spy                                    : #1665380027571 | took 0ms | statement | connection 28| url jdbc:h2:mem:ad3a9e80-f26d-4a3e-9691-17f803db5723
update picture set spot_id=?, url=? where picture_id=?
update picture set spot_id=871, url='java.io.StringReader@50feec08' where picture_id=3265;
2022-10-10 14:33:47.571  INFO 4460 --- [    Test worker] p6spy                                    : #1665380027571 | took 0ms | statement | connection 28| url jdbc:h2:mem:ad3a9e80-f26d-4a3e-9691-17f803db5723
update picture set spot_id=?, url=? where picture_id=?
update picture set spot_id=871, url='java.io.StringReader@2b9c384a' where picture_id=3266;
2022-10-10 14:33:47.571  INFO 4460 --- [    Test worker] p6spy                                    : #1665380027571 | took 0ms | statement | connection 28| url jdbc:h2:mem:ad3a9e80-f26d-4a3e-9691-17f803db5723
update picture set spot_id=?, url=? where picture_id=?
update picture set spot_id=871, url='java.io.StringReader@e2b11ce' where picture_id=3267;
2022-10-10 14:33:47.571  INFO 4460 --- [    Test worker] p6spy                                    : #1665380027571 | took 0ms | statement | connection 28| url jdbc:h2:mem:ad3a9e80-f26d-4a3e-9691-17f803db5723
update picture set spot_id=?, url=? where picture_id=?
update picture set spot_id=872, url='java.io.StringReader@5c3b5304' where picture_id=3269;
2022-10-10 14:33:47.571  INFO 4460 --- [    Test worker] p6spy                                    : #1665380027571 | took 0ms | statement | connection 28| url jdbc:h2:mem:ad3a9e80-f26d-4a3e-9691-17f803db5723
update picture set spot_id=?, url=? where picture_id=?
update picture set spot_id=872, url='java.io.StringReader@486b61fe' where picture_id=3270;
2022-10-10 14:33:47.571  INFO 4460 --- [    Test worker] p6spy                                    : #1665380027571 | took 0ms | statement | connection 28| url jdbc:h2:mem:ad3a9e80-f26d-4a3e-9691-17f803db5723
update picture set spot_id=?, url=? where picture_id=?
update picture set spot_id=872, url='java.io.StringReader@5608e2b5' where picture_id=3271;
2022-10-10 14:33:47.571  INFO 4460 --- [    Test worker] p6spy                                    : #1665380027571 | took 0ms | statement | connection 28| url jdbc:h2:mem:ad3a9e80-f26d-4a3e-9691-17f803db5723
update picture set spot_id=?, url=? where picture_id=?
update picture set spot_id=873, url='java.io.StringReader@69a5f9ce' where picture_id=3273;
2022-10-10 14:33:47.571  INFO 4460 --- [    Test worker] p6spy                                    : #1665380027571 | took 0ms | statement | connection 28| url jdbc:h2:mem:ad3a9e80-f26d-4a3e-9691-17f803db5723
update picture set spot_id=?, url=? where picture_id=?
update picture set spot_id=873, url='java.io.StringReader@626dae84' where picture_id=3274;
2022-10-10 14:33:47.571  INFO 4460 --- [    Test worker] p6spy                                    : #1665380027571 | took 0ms | statement | connection 28| url jdbc:h2:mem:ad3a9e80-f26d-4a3e-9691-17f803db5723
update picture set spot_id=?, url=? where picture_id=?
update picture set spot_id=873, url='java.io.StringReader@76e1ad79' where picture_id=3275;
2022-10-10 14:33:47.571  INFO 4460 --- [    Test worker] p6spy                                    : #1665380027571 | took 0ms | statement | connection 28| url jdbc:h2:mem:ad3a9e80-f26d-4a3e-9691-17f803db5723
update picture set spot_id=?, url=? where picture_id=?
update picture set spot_id=874, url='java.io.StringReader@1bfaaae1' where picture_id=3277;
2022-10-10 14:33:47.571  INFO 4460 --- [    Test worker] p6spy                                    : #1665380027571 | took 0ms | statement | connection 28| url jdbc:h2:mem:ad3a9e80-f26d-4a3e-9691-17f803db5723
update picture set spot_id=?, url=? where picture_id=?
update picture set spot_id=874, url='java.io.StringReader@18c9bda4' where picture_id=3278;
2022-10-10 14:33:47.571  INFO 4460 --- [    Test worker] p6spy                                    : #1665380027571 | took 0ms | statement | connection 28| url jdbc:h2:mem:ad3a9e80-f26d-4a3e-9691-17f803db5723
update picture set spot_id=?, url=? where picture_id=?
update picture set spot_id=874, url='java.io.StringReader@4328fdfd' where picture_id=3279;
2022-10-10 14:33:47.571  INFO 4460 --- [    Test worker] p6spy                                    : #1665380027571 | took 0ms | statement | connection 28| url jdbc:h2:mem:ad3a9e80-f26d-4a3e-9691-17f803db5723
update picture set spot_id=?, url=? where picture_id=?
update picture set spot_id=875, url='java.io.StringReader@6c4c398c' where picture_id=3281;
2022-10-10 14:33:47.571  INFO 4460 --- [    Test worker] p6spy                                    : #1665380027571 | took 0ms | statement | connection 28| url jdbc:h2:mem:ad3a9e80-f26d-4a3e-9691-17f803db5723
update picture set spot_id=?, url=? where picture_id=?
update picture set spot_id=875, url='java.io.StringReader@70aada6b' where picture_id=3282;
2022-10-10 14:33:47.571  INFO 4460 --- [    Test worker] p6spy                                    : #1665380027571 | took 0ms | statement | connection 28| url jdbc:h2:mem:ad3a9e80-f26d-4a3e-9691-17f803db5723
update picture set spot_id=?, url=? where picture_id=?
update picture set spot_id=875, url='java.io.StringReader@6da79732' where picture_id=3283;
2022-10-10 14:33:47.571  INFO 4460 --- [    Test worker] p6spy                                    : #1665380027571 | took 0ms | statement | connection 28| url jdbc:h2:mem:ad3a9e80-f26d-4a3e-9691-17f803db5723
update picture set spot_id=?, url=? where picture_id=?
update picture set spot_id=876, url='java.io.StringReader@4dcd86ec' where picture_id=3285;
2022-10-10 14:33:47.572  INFO 4460 --- [    Test worker] p6spy                                    : #1665380027572 | took 0ms | statement | connection 28| url jdbc:h2:mem:ad3a9e80-f26d-4a3e-9691-17f803db5723
update picture set spot_id=?, url=? where picture_id=?
update picture set spot_id=876, url='java.io.StringReader@3d850ff3' where picture_id=3286;
2022-10-10 14:33:47.572  INFO 4460 --- [    Test worker] p6spy                                    : #1665380027572 | took 0ms | statement | connection 28| url jdbc:h2:mem:ad3a9e80-f26d-4a3e-9691-17f803db5723
update picture set spot_id=?, url=? where picture_id=?
update picture set spot_id=876, url='java.io.StringReader@58815f29' where picture_id=3287;
2022-10-10 14:33:47.572  INFO 4460 --- [    Test worker] p6spy                                    : #1665380027572 | took 0ms | statement | connection 28| url jdbc:h2:mem:ad3a9e80-f26d-4a3e-9691-17f803db5723
update picture set spot_id=?, url=? where picture_id=?
update picture set spot_id=877, url='java.io.StringReader@477e0ec3' where picture_id=3289;
2022-10-10 14:33:47.572  INFO 4460 --- [    Test worker] p6spy                                    : #1665380027572 | took 0ms | statement | connection 28| url jdbc:h2:mem:ad3a9e80-f26d-4a3e-9691-17f803db5723
update picture set spot_id=?, url=? where picture_id=?
update picture set spot_id=877, url='java.io.StringReader@6708524c' where picture_id=3290;
2022-10-10 14:33:47.572  INFO 4460 --- [    Test worker] p6spy                                    : #1665380027572 | took 0ms | statement | connection 28| url jdbc:h2:mem:ad3a9e80-f26d-4a3e-9691-17f803db5723
update picture set spot_id=?, url=? where picture_id=?
update picture set spot_id=877, url='java.io.StringReader@26366d79' where picture_id=3291;
2022-10-10 14:33:47.572  INFO 4460 --- [    Test worker] p6spy                                    : #1665380027572 | took 0ms | statement | connection 28| url jdbc:h2:mem:ad3a9e80-f26d-4a3e-9691-17f803db5723
update picture set spot_id=?, url=? where picture_id=?
update picture set spot_id=878, url='java.io.StringReader@7a79cc02' where picture_id=3293;
2022-10-10 14:33:47.572  INFO 4460 --- [    Test worker] p6spy                                    : #1665380027572 | took 0ms | statement | connection 28| url jdbc:h2:mem:ad3a9e80-f26d-4a3e-9691-17f803db5723
update picture set spot_id=?, url=? where picture_id=?
update picture set spot_id=878, url='java.io.StringReader@1be87c7a' where picture_id=3294;
2022-10-10 14:33:47.572  INFO 4460 --- [    Test worker] p6spy                                    : #1665380027572 | took 0ms | statement | connection 28| url jdbc:h2:mem:ad3a9e80-f26d-4a3e-9691-17f803db5723
update picture set spot_id=?, url=? where picture_id=?
update picture set spot_id=878, url='java.io.StringReader@567b1b' where picture_id=3295;
2022-10-10 14:33:47.572  INFO 4460 --- [    Test worker] p6spy                                    : #1665380027572 | took 0ms | statement | connection 28| url jdbc:h2:mem:ad3a9e80-f26d-4a3e-9691-17f803db5723
update picture set spot_id=?, url=? where picture_id=?
update picture set spot_id=879, url='java.io.StringReader@49195213' where picture_id=3297;
2022-10-10 14:33:47.572  INFO 4460 --- [    Test worker] p6spy                                    : #1665380027572 | took 0ms | statement | connection 28| url jdbc:h2:mem:ad3a9e80-f26d-4a3e-9691-17f803db5723
update picture set spot_id=?, url=? where picture_id=?
update picture set spot_id=879, url='java.io.StringReader@52ca3256' where picture_id=3298;
2022-10-10 14:33:47.572  INFO 4460 --- [    Test worker] p6spy                                    : #1665380027572 | took 0ms | statement | connection 28| url jdbc:h2:mem:ad3a9e80-f26d-4a3e-9691-17f803db5723
update picture set spot_id=?, url=? where picture_id=?
update picture set spot_id=879, url='java.io.StringReader@558397bb' where picture_id=3299;
2022-10-10 14:33:47.572  INFO 4460 --- [    Test worker] p6spy                                    : #1665380027572 | took 0ms | statement | connection 28| url jdbc:h2:mem:ad3a9e80-f26d-4a3e-9691-17f803db5723
update picture set spot_id=?, url=? where picture_id=?
update picture set spot_id=880, url='java.io.StringReader@6cf6c8be' where picture_id=3301;
2022-10-10 14:33:47.572  INFO 4460 --- [    Test worker] p6spy                                    : #1665380027572 | took 0ms | statement | connection 28| url jdbc:h2:mem:ad3a9e80-f26d-4a3e-9691-17f803db5723
update picture set spot_id=?, url=? where picture_id=?
update picture set spot_id=880, url='java.io.StringReader@350f2e95' where picture_id=3302;
2022-10-10 14:33:47.572  INFO 4460 --- [    Test worker] p6spy                                    : #1665380027572 | took 0ms | statement | connection 28| url jdbc:h2:mem:ad3a9e80-f26d-4a3e-9691-17f803db5723
update picture set spot_id=?, url=? where picture_id=?
update picture set spot_id=880, url='java.io.StringReader@1046baec' where picture_id=3303;
2022-10-10 14:33:47.572  INFO 4460 --- [    Test worker] p6spy                                    : #1665380027572 | took 0ms | statement | connection 28| url jdbc:h2:mem:ad3a9e80-f26d-4a3e-9691-17f803db5723
update picture set spot_id=?, url=? where picture_id=?
update picture set spot_id=881, url='java.io.StringReader@4f9795c8' where picture_id=3305;
2022-10-10 14:33:47.572  INFO 4460 --- [    Test worker] p6spy                                    : #1665380027572 | took 0ms | statement | connection 28| url jdbc:h2:mem:ad3a9e80-f26d-4a3e-9691-17f803db5723
update picture set spot_id=?, url=? where picture_id=?
update picture set spot_id=881, url='java.io.StringReader@2ed7d757' where picture_id=3306;
2022-10-10 14:33:47.572  INFO 4460 --- [    Test worker] p6spy                                    : #1665380027572 | took 0ms | statement | connection 28| url jdbc:h2:mem:ad3a9e80-f26d-4a3e-9691-17f803db5723
update picture set spot_id=?, url=? where picture_id=?
update picture set spot_id=881, url='java.io.StringReader@2a85fe01' where picture_id=3307;
2022-10-10 14:33:47.572  INFO 4460 --- [    Test worker] p6spy                                    : #1665380027572 | took 0ms | statement | connection 28| url jdbc:h2:mem:ad3a9e80-f26d-4a3e-9691-17f803db5723
update picture set spot_id=?, url=? where picture_id=?
update picture set spot_id=882, url='java.io.StringReader@464375e8' where picture_id=3309;
2022-10-10 14:33:47.572  INFO 4460 --- [    Test worker] p6spy                                    : #1665380027572 | took 0ms | statement | connection 28| url jdbc:h2:mem:ad3a9e80-f26d-4a3e-9691-17f803db5723
update picture set spot_id=?, url=? where picture_id=?
update picture set spot_id=882, url='java.io.StringReader@713800f1' where picture_id=3310;
2022-10-10 14:33:47.572  INFO 4460 --- [    Test worker] p6spy                                    : #1665380027572 | took 0ms | statement | connection 28| url jdbc:h2:mem:ad3a9e80-f26d-4a3e-9691-17f803db5723
update picture set spot_id=?, url=? where picture_id=?
update picture set spot_id=882, url='java.io.StringReader@22a4dab7' where picture_id=3311;
2022-10-10 14:33:47.572  INFO 4460 --- [    Test worker] p6spy                                    : #1665380027572 | took 0ms | statement | connection 28| url jdbc:h2:mem:ad3a9e80-f26d-4a3e-9691-17f803db5723
update picture set spot_id=?, url=? where picture_id=?
update picture set spot_id=883, url='java.io.StringReader@380039db' where picture_id=3313;
2022-10-10 14:33:47.572  INFO 4460 --- [    Test worker] p6spy                                    : #1665380027572 | took 0ms | statement | connection 28| url jdbc:h2:mem:ad3a9e80-f26d-4a3e-9691-17f803db5723
update picture set spot_id=?, url=? where picture_id=?
update picture set spot_id=883, url='java.io.StringReader@d74f2b5' where picture_id=3314;
2022-10-10 14:33:47.572  INFO 4460 --- [    Test worker] p6spy                                    : #1665380027572 | took 0ms | statement | connection 28| url jdbc:h2:mem:ad3a9e80-f26d-4a3e-9691-17f803db5723
update picture set spot_id=?, url=? where picture_id=?
update picture set spot_id=883, url='java.io.StringReader@436d9b8b' where picture_id=3315;
2022-10-10 14:33:47.572  INFO 4460 --- [    Test worker] p6spy                                    : #1665380027572 | took 0ms | statement | connection 28| url jdbc:h2:mem:ad3a9e80-f26d-4a3e-9691-17f803db5723
update picture set spot_id=?, url=? where picture_id=?
update picture set spot_id=884, url='java.io.StringReader@35b04b3a' where picture_id=3317;
2022-10-10 14:33:47.572  INFO 4460 --- [    Test worker] p6spy                                    : #1665380027572 | took 0ms | statement | connection 28| url jdbc:h2:mem:ad3a9e80-f26d-4a3e-9691-17f803db5723
update picture set spot_id=?, url=? where picture_id=?
update picture set spot_id=884, url='java.io.StringReader@325554e9' where picture_id=3318;
2022-10-10 14:33:47.572  INFO 4460 --- [    Test worker] p6spy                                    : #1665380027572 | took 0ms | statement | connection 28| url jdbc:h2:mem:ad3a9e80-f26d-4a3e-9691-17f803db5723
update picture set spot_id=?, url=? where picture_id=?
update picture set spot_id=884, url='java.io.StringReader@10db51d2' where picture_id=3319;
2022-10-10 14:33:47.572  INFO 4460 --- [    Test worker] p6spy                                    : #1665380027572 | took 0ms | statement | connection 28| url jdbc:h2:mem:ad3a9e80-f26d-4a3e-9691-17f803db5723
update picture set spot_id=?, url=? where picture_id=?
update picture set spot_id=885, url='java.io.StringReader@15fe9f6c' where picture_id=3321;
2022-10-10 14:33:47.572  INFO 4460 --- [    Test worker] p6spy                                    : #1665380027572 | took 0ms | statement | connection 28| url jdbc:h2:mem:ad3a9e80-f26d-4a3e-9691-17f803db5723
update picture set spot_id=?, url=? where picture_id=?
update picture set spot_id=885, url='java.io.StringReader@7751672e' where picture_id=3322;
2022-10-10 14:33:47.572  INFO 4460 --- [    Test worker] p6spy                                    : #1665380027572 | took 0ms | statement | connection 28| url jdbc:h2:mem:ad3a9e80-f26d-4a3e-9691-17f803db5723
update picture set spot_id=?, url=? where picture_id=?
update picture set spot_id=885, url='java.io.StringReader@7a64cdf0' where picture_id=3323;
2022-10-10 14:33:47.573  INFO 4460 --- [    Test worker] p6spy                                    : #1665380027573 | took 0ms | statement | connection 28| url jdbc:h2:mem:ad3a9e80-f26d-4a3e-9691-17f803db5723
update picture set spot_id=?, url=? where picture_id=?
update picture set spot_id=886, url='java.io.StringReader@62386531' where picture_id=3325;
2022-10-10 14:33:47.573  INFO 4460 --- [    Test worker] p6spy                                    : #1665380027573 | took 0ms | statement | connection 28| url jdbc:h2:mem:ad3a9e80-f26d-4a3e-9691-17f803db5723
update picture set spot_id=?, url=? where picture_id=?
update picture set spot_id=886, url='java.io.StringReader@1ca8220' where picture_id=3326;
2022-10-10 14:33:47.573  INFO 4460 --- [    Test worker] p6spy                                    : #1665380027573 | took 0ms | statement | connection 28| url jdbc:h2:mem:ad3a9e80-f26d-4a3e-9691-17f803db5723
update picture set spot_id=?, url=? where picture_id=?
update picture set spot_id=886, url='java.io.StringReader@26a9b01d' where picture_id=3327;
2022-10-10 14:33:47.573  INFO 4460 --- [    Test worker] p6spy                                    : #1665380027573 | took 0ms | statement | connection 28| url jdbc:h2:mem:ad3a9e80-f26d-4a3e-9691-17f803db5723
update picture set spot_id=?, url=? where picture_id=?
update picture set spot_id=887, url='java.io.StringReader@675b1bf5' where picture_id=3329;
2022-10-10 14:33:47.573  INFO 4460 --- [    Test worker] p6spy                                    : #1665380027573 | took 0ms | statement | connection 28| url jdbc:h2:mem:ad3a9e80-f26d-4a3e-9691-17f803db5723
update picture set spot_id=?, url=? where picture_id=?
update picture set spot_id=887, url='java.io.StringReader@1977615b' where picture_id=3330;
2022-10-10 14:33:47.573  INFO 4460 --- [    Test worker] p6spy                                    : #1665380027573 | took 0ms | statement | connection 28| url jdbc:h2:mem:ad3a9e80-f26d-4a3e-9691-17f803db5723
update picture set spot_id=?, url=? where picture_id=?
update picture set spot_id=887, url='java.io.StringReader@7e371c3f' where picture_id=3331;
2022-10-10 14:33:47.573  INFO 4460 --- [    Test worker] p6spy                                    : #1665380027573 | took 0ms | statement | connection 28| url jdbc:h2:mem:ad3a9e80-f26d-4a3e-9691-17f803db5723
update picture set spot_id=?, url=? where picture_id=?
update picture set spot_id=888, url='java.io.StringReader@6bd37b1e' where picture_id=3333;
2022-10-10 14:33:47.573  INFO 4460 --- [    Test worker] p6spy                                    : #1665380027573 | took 0ms | statement | connection 28| url jdbc:h2:mem:ad3a9e80-f26d-4a3e-9691-17f803db5723
update picture set spot_id=?, url=? where picture_id=?
update picture set spot_id=888, url='java.io.StringReader@539581f6' where picture_id=3334;
2022-10-10 14:33:47.573  INFO 4460 --- [    Test worker] p6spy                                    : #1665380027573 | took 0ms | statement | connection 28| url jdbc:h2:mem:ad3a9e80-f26d-4a3e-9691-17f803db5723
update picture set spot_id=?, url=? where picture_id=?
update picture set spot_id=888, url='java.io.StringReader@7a3a503b' where picture_id=3335;
2022-10-10 14:33:47.573  INFO 4460 --- [    Test worker] p6spy                                    : #1665380027573 | took 0ms | statement | connection 28| url jdbc:h2:mem:ad3a9e80-f26d-4a3e-9691-17f803db5723
update picture set spot_id=?, url=? where picture_id=?
update picture set spot_id=889, url='java.io.StringReader@6ad90fc0' where picture_id=3337;
2022-10-10 14:33:47.573  INFO 4460 --- [    Test worker] p6spy                                    : #1665380027573 | took 0ms | statement | connection 28| url jdbc:h2:mem:ad3a9e80-f26d-4a3e-9691-17f803db5723
update picture set spot_id=?, url=? where picture_id=?
update picture set spot_id=889, url='java.io.StringReader@24671cd3' where picture_id=3338;
2022-10-10 14:33:47.573  INFO 4460 --- [    Test worker] p6spy                                    : #1665380027573 | took 0ms | statement | connection 28| url jdbc:h2:mem:ad3a9e80-f26d-4a3e-9691-17f803db5723
update picture set spot_id=?, url=? where picture_id=?
update picture set spot_id=889, url='java.io.StringReader@74295b73' where picture_id=3339;
2022-10-10 14:33:47.573  INFO 4460 --- [    Test worker] p6spy                                    : #1665380027573 | took 0ms | statement | connection 28| url jdbc:h2:mem:ad3a9e80-f26d-4a3e-9691-17f803db5723
update picture set spot_id=?, url=? where picture_id=?
update picture set spot_id=890, url='java.io.StringReader@79a6c868' where picture_id=3341;
2022-10-10 14:33:47.573  INFO 4460 --- [    Test worker] p6spy                                    : #1665380027573 | took 0ms | statement | connection 28| url jdbc:h2:mem:ad3a9e80-f26d-4a3e-9691-17f803db5723
update picture set spot_id=?, url=? where picture_id=?
update picture set spot_id=890, url='java.io.StringReader@a23d8cd' where picture_id=3342;
2022-10-10 14:33:47.573  INFO 4460 --- [    Test worker] p6spy                                    : #1665380027573 | took 0ms | statement | connection 28| url jdbc:h2:mem:ad3a9e80-f26d-4a3e-9691-17f803db5723
update picture set spot_id=?, url=? where picture_id=?
update picture set spot_id=890, url='java.io.StringReader@71bce710' where picture_id=3343;
2022-10-10 14:33:47.573  INFO 4460 --- [    Test worker] p6spy                                    : #1665380027573 | took 0ms | statement | connection 28| url jdbc:h2:mem:ad3a9e80-f26d-4a3e-9691-17f803db5723
update picture set spot_id=?, url=? where picture_id=?
update picture set spot_id=891, url='java.io.StringReader@6f2c8fcf' where picture_id=3345;
2022-10-10 14:33:47.573  INFO 4460 --- [    Test worker] p6spy                                    : #1665380027573 | took 0ms | statement | connection 28| url jdbc:h2:mem:ad3a9e80-f26d-4a3e-9691-17f803db5723
update picture set spot_id=?, url=? where picture_id=?
update picture set spot_id=891, url='java.io.StringReader@4f5cbf8e' where picture_id=3346;
2022-10-10 14:33:47.573  INFO 4460 --- [    Test worker] p6spy                                    : #1665380027573 | took 0ms | statement | connection 28| url jdbc:h2:mem:ad3a9e80-f26d-4a3e-9691-17f803db5723
update picture set spot_id=?, url=? where picture_id=?
update picture set spot_id=891, url='java.io.StringReader@2ff18e23' where picture_id=3347;
2022-10-10 14:33:47.573  INFO 4460 --- [    Test worker] p6spy                                    : #1665380027573 | took 0ms | statement | connection 28| url jdbc:h2:mem:ad3a9e80-f26d-4a3e-9691-17f803db5723
update picture set spot_id=?, url=? where picture_id=?
update picture set spot_id=892, url='java.io.StringReader@29e55187' where picture_id=3349;
2022-10-10 14:33:47.573  INFO 4460 --- [    Test worker] p6spy                                    : #1665380027573 | took 0ms | statement | connection 28| url jdbc:h2:mem:ad3a9e80-f26d-4a3e-9691-17f803db5723
update picture set spot_id=?, url=? where picture_id=?
update picture set spot_id=892, url='java.io.StringReader@753cad40' where picture_id=3350;
2022-10-10 14:33:47.573  INFO 4460 --- [    Test worker] p6spy                                    : #1665380027573 | took 0ms | statement | connection 28| url jdbc:h2:mem:ad3a9e80-f26d-4a3e-9691-17f803db5723
update picture set spot_id=?, url=? where picture_id=?
update picture set spot_id=892, url='java.io.StringReader@6ed2f215' where picture_id=3351;
2022-10-10 14:33:47.573  INFO 4460 --- [    Test worker] p6spy                                    : #1665380027573 | took 0ms | statement | connection 28| url jdbc:h2:mem:ad3a9e80-f26d-4a3e-9691-17f803db5723
update picture set spot_id=?, url=? where picture_id=?
update picture set spot_id=893, url='java.io.StringReader@5d190e6e' where picture_id=3353;
2022-10-10 14:33:47.573  INFO 4460 --- [    Test worker] p6spy                                    : #1665380027573 | took 0ms | statement | connection 28| url jdbc:h2:mem:ad3a9e80-f26d-4a3e-9691-17f803db5723
update picture set spot_id=?, url=? where picture_id=?
update picture set spot_id=893, url='java.io.StringReader@37f235ea' where picture_id=3354;
2022-10-10 14:33:47.573  INFO 4460 --- [    Test worker] p6spy                                    : #1665380027573 | took 0ms | statement | connection 28| url jdbc:h2:mem:ad3a9e80-f26d-4a3e-9691-17f803db5723
update picture set spot_id=?, url=? where picture_id=?
update picture set spot_id=893, url='java.io.StringReader@2718a545' where picture_id=3355;
2022-10-10 14:33:47.573  INFO 4460 --- [    Test worker] p6spy                                    : #1665380027573 | took 0ms | statement | connection 28| url jdbc:h2:mem:ad3a9e80-f26d-4a3e-9691-17f803db5723
update picture set spot_id=?, url=? where picture_id=?
update picture set spot_id=894, url='java.io.StringReader@71c2e64e' where picture_id=3357;
2022-10-10 14:33:47.573  INFO 4460 --- [    Test worker] p6spy                                    : #1665380027573 | took 0ms | statement | connection 28| url jdbc:h2:mem:ad3a9e80-f26d-4a3e-9691-17f803db5723
update picture set spot_id=?, url=? where picture_id=?
update picture set spot_id=894, url='java.io.StringReader@51731be2' where picture_id=3358;
2022-10-10 14:33:47.573  INFO 4460 --- [    Test worker] p6spy                                    : #1665380027573 | took 0ms | statement | connection 28| url jdbc:h2:mem:ad3a9e80-f26d-4a3e-9691-17f803db5723
update picture set spot_id=?, url=? where picture_id=?
update picture set spot_id=894, url='java.io.StringReader@2784862c' where picture_id=3359;
2022-10-10 14:33:47.573  INFO 4460 --- [    Test worker] p6spy                                    : #1665380027573 | took 0ms | statement | connection 28| url jdbc:h2:mem:ad3a9e80-f26d-4a3e-9691-17f803db5723
update picture set spot_id=?, url=? where picture_id=?
update picture set spot_id=895, url='java.io.StringReader@713f1ddf' where picture_id=3361;
2022-10-10 14:33:47.573  INFO 4460 --- [    Test worker] p6spy                                    : #1665380027573 | took 0ms | statement | connection 28| url jdbc:h2:mem:ad3a9e80-f26d-4a3e-9691-17f803db5723
update picture set spot_id=?, url=? where picture_id=?
update picture set spot_id=895, url='java.io.StringReader@2efe3a02' where picture_id=3362;
2022-10-10 14:33:47.573  INFO 4460 --- [    Test worker] p6spy                                    : #1665380027573 | took 0ms | statement | connection 28| url jdbc:h2:mem:ad3a9e80-f26d-4a3e-9691-17f803db5723
update picture set spot_id=?, url=? where picture_id=?
update picture set spot_id=895, url='java.io.StringReader@5cc4d4e2' where picture_id=3363;
2022-10-10 14:33:47.573  INFO 4460 --- [    Test worker] p6spy                                    : #1665380027573 | took 0ms | statement | connection 28| url jdbc:h2:mem:ad3a9e80-f26d-4a3e-9691-17f803db5723
update picture set spot_id=?, url=? where picture_id=?
update picture set spot_id=896, url='java.io.StringReader@122e044d' where picture_id=3365;
2022-10-10 14:33:47.573  INFO 4460 --- [    Test worker] p6spy                                    : #1665380027573 | took 0ms | statement | connection 28| url jdbc:h2:mem:ad3a9e80-f26d-4a3e-9691-17f803db5723
update picture set spot_id=?, url=? where picture_id=?
update picture set spot_id=896, url='java.io.StringReader@7a40a0d9' where picture_id=3366;
2022-10-10 14:33:47.574  INFO 4460 --- [    Test worker] p6spy                                    : #1665380027574 | took 0ms | statement | connection 28| url jdbc:h2:mem:ad3a9e80-f26d-4a3e-9691-17f803db5723
update picture set spot_id=?, url=? where picture_id=?
update picture set spot_id=896, url='java.io.StringReader@6c0e7a47' where picture_id=3367;
2022-10-10 14:33:47.574  INFO 4460 --- [    Test worker] p6spy                                    : #1665380027574 | took 0ms | statement | connection 28| url jdbc:h2:mem:ad3a9e80-f26d-4a3e-9691-17f803db5723
update picture set spot_id=?, url=? where picture_id=?
update picture set spot_id=897, url='java.io.StringReader@4d93db99' where picture_id=3369;
2022-10-10 14:33:47.574  INFO 4460 --- [    Test worker] p6spy                                    : #1665380027574 | took 0ms | statement | connection 28| url jdbc:h2:mem:ad3a9e80-f26d-4a3e-9691-17f803db5723
update picture set spot_id=?, url=? where picture_id=?
update picture set spot_id=897, url='java.io.StringReader@4fa6052c' where picture_id=3370;
2022-10-10 14:33:47.574  INFO 4460 --- [    Test worker] p6spy                                    : #1665380027574 | took 0ms | statement | connection 28| url jdbc:h2:mem:ad3a9e80-f26d-4a3e-9691-17f803db5723
update picture set spot_id=?, url=? where picture_id=?
update picture set spot_id=897, url='java.io.StringReader@266276b7' where picture_id=3371;
2022-10-10 14:33:47.574  INFO 4460 --- [    Test worker] p6spy                                    : #1665380027574 | took 0ms | statement | connection 28| url jdbc:h2:mem:ad3a9e80-f26d-4a3e-9691-17f803db5723
update picture set spot_id=?, url=? where picture_id=?
update picture set spot_id=898, url='java.io.StringReader@33427e03' where picture_id=3373;
2022-10-10 14:33:47.574  INFO 4460 --- [    Test worker] p6spy                                    : #1665380027574 | took 0ms | statement | connection 28| url jdbc:h2:mem:ad3a9e80-f26d-4a3e-9691-17f803db5723
update picture set spot_id=?, url=? where picture_id=?
update picture set spot_id=898, url='java.io.StringReader@6db64b7' where picture_id=3374;
2022-10-10 14:33:47.574  INFO 4460 --- [    Test worker] p6spy                                    : #1665380027574 | took 0ms | statement | connection 28| url jdbc:h2:mem:ad3a9e80-f26d-4a3e-9691-17f803db5723
update picture set spot_id=?, url=? where picture_id=?
update picture set spot_id=898, url='java.io.StringReader@77235b8a' where picture_id=3375;
2022-10-10 14:33:47.574  INFO 4460 --- [    Test worker] p6spy                                    : #1665380027574 | took 0ms | statement | connection 28| url jdbc:h2:mem:ad3a9e80-f26d-4a3e-9691-17f803db5723
update picture set spot_id=?, url=? where picture_id=?
update picture set spot_id=899, url='java.io.StringReader@2ddc2fae' where picture_id=3377;
2022-10-10 14:33:47.574  INFO 4460 --- [    Test worker] p6spy                                    : #1665380027574 | took 0ms | statement | connection 28| url jdbc:h2:mem:ad3a9e80-f26d-4a3e-9691-17f803db5723
update picture set spot_id=?, url=? where picture_id=?
update picture set spot_id=899, url='java.io.StringReader@c20ac4a' where picture_id=3378;
2022-10-10 14:33:47.574  INFO 4460 --- [    Test worker] p6spy                                    : #1665380027574 | took 0ms | statement | connection 28| url jdbc:h2:mem:ad3a9e80-f26d-4a3e-9691-17f803db5723
update picture set spot_id=?, url=? where picture_id=?
update picture set spot_id=899, url='java.io.StringReader@3aa296af' where picture_id=3379;
2022-10-10 14:33:47.574  INFO 4460 --- [    Test worker] p6spy                                    : #1665380027574 | took 0ms | statement | connection 28| url jdbc:h2:mem:ad3a9e80-f26d-4a3e-9691-17f803db5723
update picture set spot_id=?, url=? where picture_id=?
update picture set spot_id=900, url='java.io.StringReader@4414dd11' where picture_id=3381;
2022-10-10 14:33:47.574  INFO 4460 --- [    Test worker] p6spy                                    : #1665380027574 | took 0ms | statement | connection 28| url jdbc:h2:mem:ad3a9e80-f26d-4a3e-9691-17f803db5723
update picture set spot_id=?, url=? where picture_id=?
update picture set spot_id=900, url='java.io.StringReader@428ecd54' where picture_id=3382;
2022-10-10 14:33:47.574  INFO 4460 --- [    Test worker] p6spy                                    : #1665380027574 | took 0ms | statement | connection 28| url jdbc:h2:mem:ad3a9e80-f26d-4a3e-9691-17f803db5723
update picture set spot_id=?, url=? where picture_id=?
update picture set spot_id=900, url='java.io.StringReader@777fb3b2' where picture_id=3383;
2022-10-10 14:33:47.574  INFO 4460 --- [    Test worker] p6spy                                    : #1665380027574 | took 0ms | statement | connection 28| url jdbc:h2:mem:ad3a9e80-f26d-4a3e-9691-17f803db5723
update picture set spot_id=?, url=? where picture_id=?
update picture set spot_id=901, url='java.io.StringReader@20ebf3e5' where picture_id=3385;
2022-10-10 14:33:47.574  INFO 4460 --- [    Test worker] p6spy                                    : #1665380027574 | took 0ms | statement | connection 28| url jdbc:h2:mem:ad3a9e80-f26d-4a3e-9691-17f803db5723
update picture set spot_id=?, url=? where picture_id=?
update picture set spot_id=901, url='java.io.StringReader@78eda778' where picture_id=3386;
2022-10-10 14:33:47.574  INFO 4460 --- [    Test worker] p6spy                                    : #1665380027574 | took 0ms | statement | connection 28| url jdbc:h2:mem:ad3a9e80-f26d-4a3e-9691-17f803db5723
update picture set spot_id=?, url=? where picture_id=?
update picture set spot_id=901, url='java.io.StringReader@3483abf0' where picture_id=3387;
2022-10-10 14:33:47.574  INFO 4460 --- [    Test worker] p6spy                                    : #1665380027574 | took 0ms | statement | connection 28| url jdbc:h2:mem:ad3a9e80-f26d-4a3e-9691-17f803db5723
update picture set spot_id=?, url=? where picture_id=?
update picture set spot_id=902, url='java.io.StringReader@51d25f3' where picture_id=3389;
2022-10-10 14:33:47.574  INFO 4460 --- [    Test worker] p6spy                                    : #1665380027574 | took 0ms | statement | connection 28| url jdbc:h2:mem:ad3a9e80-f26d-4a3e-9691-17f803db5723
update picture set spot_id=?, url=? where picture_id=?
update picture set spot_id=902, url='java.io.StringReader@2d3ca4ea' where picture_id=3390;
2022-10-10 14:33:47.574  INFO 4460 --- [    Test worker] p6spy                                    : #1665380027574 | took 0ms | statement | connection 28| url jdbc:h2:mem:ad3a9e80-f26d-4a3e-9691-17f803db5723
update picture set spot_id=?, url=? where picture_id=?
update picture set spot_id=902, url='java.io.StringReader@1ca21bd' where picture_id=3391;
2022-10-10 14:33:47.574  INFO 4460 --- [    Test worker] p6spy                                    : #1665380027574 | took 0ms | statement | connection 28| url jdbc:h2:mem:ad3a9e80-f26d-4a3e-9691-17f803db5723
update picture set spot_id=?, url=? where picture_id=?
update picture set spot_id=903, url='java.io.StringReader@7150f3ad' where picture_id=3393;
2022-10-10 14:33:47.574  INFO 4460 --- [    Test worker] p6spy                                    : #1665380027574 | took 0ms | statement | connection 28| url jdbc:h2:mem:ad3a9e80-f26d-4a3e-9691-17f803db5723
update picture set spot_id=?, url=? where picture_id=?
update picture set spot_id=903, url='java.io.StringReader@1a9860a1' where picture_id=3394;
2022-10-10 14:33:47.574  INFO 4460 --- [    Test worker] p6spy                                    : #1665380027574 | took 0ms | statement | connection 28| url jdbc:h2:mem:ad3a9e80-f26d-4a3e-9691-17f803db5723
update picture set spot_id=?, url=? where picture_id=?
update picture set spot_id=903, url='java.io.StringReader@7ced085a' where picture_id=3395;
2022-10-10 14:33:47.574  INFO 4460 --- [    Test worker] p6spy                                    : #1665380027574 | took 0ms | statement | connection 28| url jdbc:h2:mem:ad3a9e80-f26d-4a3e-9691-17f803db5723
update picture set spot_id=?, url=? where picture_id=?
update picture set spot_id=904, url='java.io.StringReader@35ff40ef' where picture_id=3397;
2022-10-10 14:33:47.574  INFO 4460 --- [    Test worker] p6spy                                    : #1665380027574 | took 0ms | statement | connection 28| url jdbc:h2:mem:ad3a9e80-f26d-4a3e-9691-17f803db5723
update picture set spot_id=?, url=? where picture_id=?
update picture set spot_id=904, url='java.io.StringReader@27e484b0' where picture_id=3398;
2022-10-10 14:33:47.574  INFO 4460 --- [    Test worker] p6spy                                    : #1665380027574 | took 0ms | statement | connection 28| url jdbc:h2:mem:ad3a9e80-f26d-4a3e-9691-17f803db5723
update picture set spot_id=?, url=? where picture_id=?
update picture set spot_id=904, url='java.io.StringReader@188ddfa3' where picture_id=3399;
2022-10-10 14:33:47.574  INFO 4460 --- [    Test worker] p6spy                                    : #1665380027574 | took 0ms | statement | connection 28| url jdbc:h2:mem:ad3a9e80-f26d-4a3e-9691-17f803db5723
update picture set spot_id=?, url=? where picture_id=?
update picture set spot_id=905, url='java.io.StringReader@6aa3dd13' where picture_id=3401;
2022-10-10 14:33:47.574  INFO 4460 --- [    Test worker] p6spy                                    : #1665380027574 | took 0ms | statement | connection 28| url jdbc:h2:mem:ad3a9e80-f26d-4a3e-9691-17f803db5723
update picture set spot_id=?, url=? where picture_id=?
update picture set spot_id=905, url='java.io.StringReader@513e7fdc' where picture_id=3402;
2022-10-10 14:33:47.575  INFO 4460 --- [    Test worker] p6spy                                    : #1665380027575 | took 0ms | statement | connection 28| url jdbc:h2:mem:ad3a9e80-f26d-4a3e-9691-17f803db5723
update picture set spot_id=?, url=? where picture_id=?
update picture set spot_id=905, url='java.io.StringReader@1754b076' where picture_id=3403;
2022-10-10 14:33:47.575  INFO 4460 --- [    Test worker] p6spy                                    : #1665380027575 | took 0ms | statement | connection 28| url jdbc:h2:mem:ad3a9e80-f26d-4a3e-9691-17f803db5723
update picture set spot_id=?, url=? where picture_id=?
update picture set spot_id=906, url='java.io.StringReader@2ed3fe44' where picture_id=3405;
2022-10-10 14:33:47.575  INFO 4460 --- [    Test worker] p6spy                                    : #1665380027575 | took 0ms | statement | connection 28| url jdbc:h2:mem:ad3a9e80-f26d-4a3e-9691-17f803db5723
update picture set spot_id=?, url=? where picture_id=?
update picture set spot_id=906, url='java.io.StringReader@1d61b259' where picture_id=3406;
2022-10-10 14:33:47.575  INFO 4460 --- [    Test worker] p6spy                                    : #1665380027575 | took 0ms | statement | connection 28| url jdbc:h2:mem:ad3a9e80-f26d-4a3e-9691-17f803db5723
update picture set spot_id=?, url=? where picture_id=?
update picture set spot_id=906, url='java.io.StringReader@54f803a1' where picture_id=3407;
2022-10-10 14:33:47.575  INFO 4460 --- [    Test worker] p6spy                                    : #1665380027575 | took 0ms | statement | connection 28| url jdbc:h2:mem:ad3a9e80-f26d-4a3e-9691-17f803db5723
update picture set spot_id=?, url=? where picture_id=?
update picture set spot_id=907, url='java.io.StringReader@46d0c006' where picture_id=3409;
2022-10-10 14:33:47.575  INFO 4460 --- [    Test worker] p6spy                                    : #1665380027575 | took 0ms | statement | connection 28| url jdbc:h2:mem:ad3a9e80-f26d-4a3e-9691-17f803db5723
update picture set spot_id=?, url=? where picture_id=?
update picture set spot_id=907, url='java.io.StringReader@664d9e1b' where picture_id=3410;
2022-10-10 14:33:47.575  INFO 4460 --- [    Test worker] p6spy                                    : #1665380027575 | took 0ms | statement | connection 28| url jdbc:h2:mem:ad3a9e80-f26d-4a3e-9691-17f803db5723
update picture set spot_id=?, url=? where picture_id=?
update picture set spot_id=907, url='java.io.StringReader@700d6c22' where picture_id=3411;
2022-10-10 14:33:47.575  INFO 4460 --- [    Test worker] p6spy                                    : #1665380027575 | took 0ms | statement | connection 28| url jdbc:h2:mem:ad3a9e80-f26d-4a3e-9691-17f803db5723
update picture set spot_id=?, url=? where picture_id=?
update picture set spot_id=908, url='java.io.StringReader@1f4d632a' where picture_id=3413;
2022-10-10 14:33:47.575  INFO 4460 --- [    Test worker] p6spy                                    : #1665380027575 | took 0ms | statement | connection 28| url jdbc:h2:mem:ad3a9e80-f26d-4a3e-9691-17f803db5723
update picture set spot_id=?, url=? where picture_id=?
update picture set spot_id=908, url='java.io.StringReader@a3442ba' where picture_id=3414;
2022-10-10 14:33:47.575  INFO 4460 --- [    Test worker] p6spy                                    : #1665380027575 | took 0ms | statement | connection 28| url jdbc:h2:mem:ad3a9e80-f26d-4a3e-9691-17f803db5723
update picture set spot_id=?, url=? where picture_id=?
update picture set spot_id=908, url='java.io.StringReader@d021aa0' where picture_id=3415;
2022-10-10 14:33:47.575  INFO 4460 --- [    Test worker] p6spy                                    : #1665380027575 | took 0ms | statement | connection 28| url jdbc:h2:mem:ad3a9e80-f26d-4a3e-9691-17f803db5723
update picture set spot_id=?, url=? where picture_id=?
update picture set spot_id=909, url='java.io.StringReader@15b0a155' where picture_id=3417;
2022-10-10 14:33:47.575  INFO 4460 --- [    Test worker] p6spy                                    : #1665380027575 | took 0ms | statement | connection 28| url jdbc:h2:mem:ad3a9e80-f26d-4a3e-9691-17f803db5723
update picture set spot_id=?, url=? where picture_id=?
update picture set spot_id=909, url='java.io.StringReader@15461496' where picture_id=3418;
2022-10-10 14:33:47.575  INFO 4460 --- [    Test worker] p6spy                                    : #1665380027575 | took 0ms | statement | connection 28| url jdbc:h2:mem:ad3a9e80-f26d-4a3e-9691-17f803db5723
update picture set spot_id=?, url=? where picture_id=?
update picture set spot_id=909, url='java.io.StringReader@5eca1c98' where picture_id=3419;
2022-10-10 14:33:47.575  INFO 4460 --- [    Test worker] p6spy                                    : #1665380027575 | took 0ms | statement | connection 28| url jdbc:h2:mem:ad3a9e80-f26d-4a3e-9691-17f803db5723
update picture set spot_id=?, url=? where picture_id=?
update picture set spot_id=910, url='java.io.StringReader@64782da5' where picture_id=3421;
2022-10-10 14:33:47.575  INFO 4460 --- [    Test worker] p6spy                                    : #1665380027575 | took 0ms | statement | connection 28| url jdbc:h2:mem:ad3a9e80-f26d-4a3e-9691-17f803db5723
update picture set spot_id=?, url=? where picture_id=?
update picture set spot_id=910, url='java.io.StringReader@829f007' where picture_id=3422;
2022-10-10 14:33:47.575  INFO 4460 --- [    Test worker] p6spy                                    : #1665380027575 | took 0ms | statement | connection 28| url jdbc:h2:mem:ad3a9e80-f26d-4a3e-9691-17f803db5723
update picture set spot_id=?, url=? where picture_id=?
update picture set spot_id=910, url='java.io.StringReader@14f1fb4e' where picture_id=3423;
2022-10-10 14:33:47.575  INFO 4460 --- [    Test worker] p6spy                                    : #1665380027575 | took 0ms | statement | connection 28| url jdbc:h2:mem:ad3a9e80-f26d-4a3e-9691-17f803db5723
update picture set spot_id=?, url=? where picture_id=?
update picture set spot_id=911, url='java.io.StringReader@7bb8143f' where picture_id=3425;
2022-10-10 14:33:47.575  INFO 4460 --- [    Test worker] p6spy                                    : #1665380027575 | took 0ms | statement | connection 28| url jdbc:h2:mem:ad3a9e80-f26d-4a3e-9691-17f803db5723
update picture set spot_id=?, url=? where picture_id=?
update picture set spot_id=911, url='java.io.StringReader@3b542343' where picture_id=3426;
2022-10-10 14:33:47.575  INFO 4460 --- [    Test worker] p6spy                                    : #1665380027575 | took 0ms | statement | connection 28| url jdbc:h2:mem:ad3a9e80-f26d-4a3e-9691-17f803db5723
update picture set spot_id=?, url=? where picture_id=?
update picture set spot_id=911, url='java.io.StringReader@401c7401' where picture_id=3427;
2022-10-10 14:33:47.575  INFO 4460 --- [    Test worker] p6spy                                    : #1665380027575 | took 0ms | statement | connection 28| url jdbc:h2:mem:ad3a9e80-f26d-4a3e-9691-17f803db5723
update picture set spot_id=?, url=? where picture_id=?
update picture set spot_id=912, url='java.io.StringReader@47a9b104' where picture_id=3429;
2022-10-10 14:33:47.575  INFO 4460 --- [    Test worker] p6spy                                    : #1665380027575 | took 0ms | statement | connection 28| url jdbc:h2:mem:ad3a9e80-f26d-4a3e-9691-17f803db5723
update picture set spot_id=?, url=? where picture_id=?
update picture set spot_id=912, url='java.io.StringReader@306bac1e' where picture_id=3430;
2022-10-10 14:33:47.575  INFO 4460 --- [    Test worker] p6spy                                    : #1665380027575 | took 0ms | statement | connection 28| url jdbc:h2:mem:ad3a9e80-f26d-4a3e-9691-17f803db5723
update picture set spot_id=?, url=? where picture_id=?
update picture set spot_id=912, url='java.io.StringReader@12df63fe' where picture_id=3431;
2022-10-10 14:33:47.575  INFO 4460 --- [    Test worker] p6spy                                    : #1665380027575 | took 0ms | statement | connection 28| url jdbc:h2:mem:ad3a9e80-f26d-4a3e-9691-17f803db5723
update picture set spot_id=?, url=? where picture_id=?
update picture set spot_id=913, url='java.io.StringReader@241422de' where picture_id=3433;
2022-10-10 14:33:47.575  INFO 4460 --- [    Test worker] p6spy                                    : #1665380027575 | took 0ms | statement | connection 28| url jdbc:h2:mem:ad3a9e80-f26d-4a3e-9691-17f803db5723
update picture set spot_id=?, url=? where picture_id=?
update picture set spot_id=913, url='java.io.StringReader@1f0b0f3d' where picture_id=3434;
2022-10-10 14:33:47.575  INFO 4460 --- [    Test worker] p6spy                                    : #1665380027575 | took 0ms | statement | connection 28| url jdbc:h2:mem:ad3a9e80-f26d-4a3e-9691-17f803db5723
update picture set spot_id=?, url=? where picture_id=?
update picture set spot_id=913, url='java.io.StringReader@b435ab' where picture_id=3435;
2022-10-10 14:33:47.575  INFO 4460 --- [    Test worker] p6spy                                    : #1665380027575 | took 0ms | statement | connection 28| url jdbc:h2:mem:ad3a9e80-f26d-4a3e-9691-17f803db5723
update picture set spot_id=?, url=? where picture_id=?
update picture set spot_id=914, url='java.io.StringReader@268f8cc2' where picture_id=3437;
2022-10-10 14:33:47.575  INFO 4460 --- [    Test worker] p6spy                                    : #1665380027575 | took 0ms | statement | connection 28| url jdbc:h2:mem:ad3a9e80-f26d-4a3e-9691-17f803db5723
update picture set spot_id=?, url=? where picture_id=?
update picture set spot_id=914, url='java.io.StringReader@3ca9a3fb' where picture_id=3438;
2022-10-10 14:33:47.575  INFO 4460 --- [    Test worker] p6spy                                    : #1665380027575 | took 0ms | statement | connection 28| url jdbc:h2:mem:ad3a9e80-f26d-4a3e-9691-17f803db5723
update picture set spot_id=?, url=? where picture_id=?
update picture set spot_id=914, url='java.io.StringReader@739f6bff' where picture_id=3439;
2022-10-10 14:33:47.576  INFO 4460 --- [    Test worker] p6spy                                    : #1665380027576 | took 0ms | statement | connection 28| url jdbc:h2:mem:ad3a9e80-f26d-4a3e-9691-17f803db5723
update picture set spot_id=?, url=? where picture_id=?
update picture set spot_id=915, url='java.io.StringReader@3cbed74f' where picture_id=3441;
2022-10-10 14:33:47.576  INFO 4460 --- [    Test worker] p6spy                                    : #1665380027576 | took 0ms | statement | connection 28| url jdbc:h2:mem:ad3a9e80-f26d-4a3e-9691-17f803db5723
update picture set spot_id=?, url=? where picture_id=?
update picture set spot_id=915, url='java.io.StringReader@6078e58' where picture_id=3442;
2022-10-10 14:33:47.576  INFO 4460 --- [    Test worker] p6spy                                    : #1665380027576 | took 0ms | statement | connection 28| url jdbc:h2:mem:ad3a9e80-f26d-4a3e-9691-17f803db5723
update picture set spot_id=?, url=? where picture_id=?
update picture set spot_id=915, url='java.io.StringReader@6270332b' where picture_id=3443;
2022-10-10 14:33:47.576  INFO 4460 --- [    Test worker] p6spy                                    : #1665380027576 | took 0ms | statement | connection 28| url jdbc:h2:mem:ad3a9e80-f26d-4a3e-9691-17f803db5723
update picture set spot_id=?, url=? where picture_id=?
update picture set spot_id=916, url='java.io.StringReader@5235113e' where picture_id=3445;
2022-10-10 14:33:47.576  INFO 4460 --- [    Test worker] p6spy                                    : #1665380027576 | took 0ms | statement | connection 28| url jdbc:h2:mem:ad3a9e80-f26d-4a3e-9691-17f803db5723
update picture set spot_id=?, url=? where picture_id=?
update picture set spot_id=916, url='java.io.StringReader@12d54905' where picture_id=3446;
2022-10-10 14:33:47.576  INFO 4460 --- [    Test worker] p6spy                                    : #1665380027576 | took 0ms | statement | connection 28| url jdbc:h2:mem:ad3a9e80-f26d-4a3e-9691-17f803db5723
update picture set spot_id=?, url=? where picture_id=?
update picture set spot_id=916, url='java.io.StringReader@439c83df' where picture_id=3447;
2022-10-10 14:33:47.576  INFO 4460 --- [    Test worker] p6spy                                    : #1665380027576 | took 0ms | statement | connection 28| url jdbc:h2:mem:ad3a9e80-f26d-4a3e-9691-17f803db5723
update picture set spot_id=?, url=? where picture_id=?
update picture set spot_id=917, url='java.io.StringReader@3428de66' where picture_id=3449;
2022-10-10 14:33:47.576  INFO 4460 --- [    Test worker] p6spy                                    : #1665380027576 | took 0ms | statement | connection 28| url jdbc:h2:mem:ad3a9e80-f26d-4a3e-9691-17f803db5723
update picture set spot_id=?, url=? where picture_id=?
update picture set spot_id=917, url='java.io.StringReader@618eac09' where picture_id=3450;
2022-10-10 14:33:47.576  INFO 4460 --- [    Test worker] p6spy                                    : #1665380027576 | took 0ms | statement | connection 28| url jdbc:h2:mem:ad3a9e80-f26d-4a3e-9691-17f803db5723
update picture set spot_id=?, url=? where picture_id=?
update picture set spot_id=917, url='java.io.StringReader@20cd0309' where picture_id=3451;
2022-10-10 14:33:47.576  INFO 4460 --- [    Test worker] p6spy                                    : #1665380027576 | took 0ms | statement | connection 28| url jdbc:h2:mem:ad3a9e80-f26d-4a3e-9691-17f803db5723
update picture set spot_id=?, url=? where picture_id=?
update picture set spot_id=918, url='java.io.StringReader@57fcd833' where picture_id=3453;
2022-10-10 14:33:47.576  INFO 4460 --- [    Test worker] p6spy                                    : #1665380027576 | took 0ms | statement | connection 28| url jdbc:h2:mem:ad3a9e80-f26d-4a3e-9691-17f803db5723
update picture set spot_id=?, url=? where picture_id=?
update picture set spot_id=918, url='java.io.StringReader@2a9fed34' where picture_id=3454;
2022-10-10 14:33:47.576  INFO 4460 --- [    Test worker] p6spy                                    : #1665380027576 | took 0ms | statement | connection 28| url jdbc:h2:mem:ad3a9e80-f26d-4a3e-9691-17f803db5723
update picture set spot_id=?, url=? where picture_id=?
update picture set spot_id=918, url='java.io.StringReader@207ddfae' where picture_id=3455;
2022-10-10 14:33:47.576  INFO 4460 --- [    Test worker] p6spy                                    : #1665380027576 | took 0ms | statement | connection 28| url jdbc:h2:mem:ad3a9e80-f26d-4a3e-9691-17f803db5723
update picture set spot_id=?, url=? where picture_id=?
update picture set spot_id=919, url='java.io.StringReader@7aafc02' where picture_id=3457;
2022-10-10 14:33:47.576  INFO 4460 --- [    Test worker] p6spy                                    : #1665380027576 | took 0ms | statement | connection 28| url jdbc:h2:mem:ad3a9e80-f26d-4a3e-9691-17f803db5723
update picture set spot_id=?, url=? where picture_id=?
update picture set spot_id=919, url='java.io.StringReader@2bde0d0f' where picture_id=3458;
2022-10-10 14:33:47.576  INFO 4460 --- [    Test worker] p6spy                                    : #1665380027576 | took 0ms | statement | connection 28| url jdbc:h2:mem:ad3a9e80-f26d-4a3e-9691-17f803db5723
update picture set spot_id=?, url=? where picture_id=?
update picture set spot_id=919, url='java.io.StringReader@6cd7d5d4' where picture_id=3459;
2022-10-10 14:33:47.576  INFO 4460 --- [    Test worker] p6spy                                    : #1665380027576 | took 0ms | statement | connection 28| url jdbc:h2:mem:ad3a9e80-f26d-4a3e-9691-17f803db5723
update picture set spot_id=?, url=? where picture_id=?
update picture set spot_id=920, url='java.io.StringReader@d706185' where picture_id=3461;
2022-10-10 14:33:47.576  INFO 4460 --- [    Test worker] p6spy                                    : #1665380027576 | took 0ms | statement | connection 28| url jdbc:h2:mem:ad3a9e80-f26d-4a3e-9691-17f803db5723
update picture set spot_id=?, url=? where picture_id=?
update picture set spot_id=920, url='java.io.StringReader@6e027007' where picture_id=3462;
2022-10-10 14:33:47.576  INFO 4460 --- [    Test worker] p6spy                                    : #1665380027576 | took 0ms | statement | connection 28| url jdbc:h2:mem:ad3a9e80-f26d-4a3e-9691-17f803db5723
update picture set spot_id=?, url=? where picture_id=?
update picture set spot_id=920, url='java.io.StringReader@31b22fb' where picture_id=3463;
2022-10-10 14:33:47.576  INFO 4460 --- [    Test worker] p6spy                                    : #1665380027576 | took 0ms | statement | connection 28| url jdbc:h2:mem:ad3a9e80-f26d-4a3e-9691-17f803db5723
update picture set spot_id=?, url=? where picture_id=?
update picture set spot_id=921, url='java.io.StringReader@5d046b60' where picture_id=3465;
2022-10-10 14:33:47.576  INFO 4460 --- [    Test worker] p6spy                                    : #1665380027576 | took 0ms | statement | connection 28| url jdbc:h2:mem:ad3a9e80-f26d-4a3e-9691-17f803db5723
update picture set spot_id=?, url=? where picture_id=?
update picture set spot_id=921, url='java.io.StringReader@7f133542' where picture_id=3466;
2022-10-10 14:33:47.576  INFO 4460 --- [    Test worker] p6spy                                    : #1665380027576 | took 0ms | statement | connection 28| url jdbc:h2:mem:ad3a9e80-f26d-4a3e-9691-17f803db5723
update picture set spot_id=?, url=? where picture_id=?
update picture set spot_id=921, url='java.io.StringReader@54be68a3' where picture_id=3467;
2022-10-10 14:33:47.576  INFO 4460 --- [    Test worker] p6spy                                    : #1665380027576 | took 0ms | statement | connection 28| url jdbc:h2:mem:ad3a9e80-f26d-4a3e-9691-17f803db5723
update picture set spot_id=?, url=? where picture_id=?
update picture set spot_id=922, url='java.io.StringReader@2301759b' where picture_id=3469;
2022-10-10 14:33:47.576  INFO 4460 --- [    Test worker] p6spy                                    : #1665380027576 | took 0ms | statement | connection 28| url jdbc:h2:mem:ad3a9e80-f26d-4a3e-9691-17f803db5723
update picture set spot_id=?, url=? where picture_id=?
update picture set spot_id=922, url='java.io.StringReader@b219dfb' where picture_id=3470;
2022-10-10 14:33:47.576  INFO 4460 --- [    Test worker] p6spy                                    : #1665380027576 | took 0ms | statement | connection 28| url jdbc:h2:mem:ad3a9e80-f26d-4a3e-9691-17f803db5723
update picture set spot_id=?, url=? where picture_id=?
update picture set spot_id=922, url='java.io.StringReader@463e6a81' where picture_id=3471;
2022-10-10 14:33:47.576  INFO 4460 --- [    Test worker] p6spy                                    : #1665380027576 | took 0ms | statement | connection 28| url jdbc:h2:mem:ad3a9e80-f26d-4a3e-9691-17f803db5723
update picture set spot_id=?, url=? where picture_id=?
update picture set spot_id=923, url='java.io.StringReader@46d5c6e5' where picture_id=3473;
2022-10-10 14:33:47.576  INFO 4460 --- [    Test worker] p6spy                                    : #1665380027576 | took 0ms | statement | connection 28| url jdbc:h2:mem:ad3a9e80-f26d-4a3e-9691-17f803db5723
update picture set spot_id=?, url=? where picture_id=?
update picture set spot_id=923, url='java.io.StringReader@69ebe496' where picture_id=3474;
2022-10-10 14:33:47.576  INFO 4460 --- [    Test worker] p6spy                                    : #1665380027576 | took 0ms | statement | connection 28| url jdbc:h2:mem:ad3a9e80-f26d-4a3e-9691-17f803db5723
update picture set spot_id=?, url=? where picture_id=?
update picture set spot_id=923, url='java.io.StringReader@56bb900c' where picture_id=3475;
2022-10-10 14:33:47.576  INFO 4460 --- [    Test worker] p6spy                                    : #1665380027576 | took 0ms | statement | connection 28| url jdbc:h2:mem:ad3a9e80-f26d-4a3e-9691-17f803db5723
update picture set spot_id=?, url=? where picture_id=?
update picture set spot_id=924, url='java.io.StringReader@60acd762' where picture_id=3477;
2022-10-10 14:33:47.576  INFO 4460 --- [    Test worker] p6spy                                    : #1665380027576 | took 0ms | statement | connection 28| url jdbc:h2:mem:ad3a9e80-f26d-4a3e-9691-17f803db5723
update picture set spot_id=?, url=? where picture_id=?
update picture set spot_id=924, url='java.io.StringReader@654c7418' where picture_id=3478;
2022-10-10 14:33:47.576  INFO 4460 --- [    Test worker] p6spy                                    : #1665380027576 | took 0ms | statement | connection 28| url jdbc:h2:mem:ad3a9e80-f26d-4a3e-9691-17f803db5723
update picture set spot_id=?, url=? where picture_id=?
update picture set spot_id=924, url='java.io.StringReader@57f5ed0f' where picture_id=3479;
2022-10-10 14:33:47.576  INFO 4460 --- [    Test worker] p6spy                                    : #1665380027576 | took 0ms | statement | connection 28| url jdbc:h2:mem:ad3a9e80-f26d-4a3e-9691-17f803db5723
update picture set spot_id=?, url=? where picture_id=?
update picture set spot_id=925, url='java.io.StringReader@33396bde' where picture_id=3481;
2022-10-10 14:33:47.576  INFO 4460 --- [    Test worker] p6spy                                    : #1665380027576 | took 0ms | statement | connection 28| url jdbc:h2:mem:ad3a9e80-f26d-4a3e-9691-17f803db5723
update picture set spot_id=?, url=? where picture_id=?
update picture set spot_id=925, url='java.io.StringReader@5da22a39' where picture_id=3482;
2022-10-10 14:33:47.576  INFO 4460 --- [    Test worker] p6spy                                    : #1665380027576 | took 0ms | statement | connection 28| url jdbc:h2:mem:ad3a9e80-f26d-4a3e-9691-17f803db5723
update picture set spot_id=?, url=? where picture_id=?
update picture set spot_id=925, url='java.io.StringReader@7b900775' where picture_id=3483;
2022-10-10 14:33:47.577  INFO 4460 --- [    Test worker] p6spy                                    : #1665380027577 | took 0ms | statement | connection 28| url jdbc:h2:mem:ad3a9e80-f26d-4a3e-9691-17f803db5723
update picture set spot_id=?, url=? where picture_id=?
update picture set spot_id=926, url='java.io.StringReader@47e52b46' where picture_id=3485;
2022-10-10 14:33:47.577  INFO 4460 --- [    Test worker] p6spy                                    : #1665380027577 | took 0ms | statement | connection 28| url jdbc:h2:mem:ad3a9e80-f26d-4a3e-9691-17f803db5723
update picture set spot_id=?, url=? where picture_id=?
update picture set spot_id=926, url='java.io.StringReader@70bbb286' where picture_id=3486;
2022-10-10 14:33:47.577  INFO 4460 --- [    Test worker] p6spy                                    : #1665380027577 | took 0ms | statement | connection 28| url jdbc:h2:mem:ad3a9e80-f26d-4a3e-9691-17f803db5723
update picture set spot_id=?, url=? where picture_id=?
update picture set spot_id=926, url='java.io.StringReader@7abdb342' where picture_id=3487;
2022-10-10 14:33:47.577  INFO 4460 --- [    Test worker] p6spy                                    : #1665380027577 | took 0ms | statement | connection 28| url jdbc:h2:mem:ad3a9e80-f26d-4a3e-9691-17f803db5723
update picture set spot_id=?, url=? where picture_id=?
update picture set spot_id=927, url='java.io.StringReader@56e29777' where picture_id=3489;
2022-10-10 14:33:47.577  INFO 4460 --- [    Test worker] p6spy                                    : #1665380027577 | took 0ms | statement | connection 28| url jdbc:h2:mem:ad3a9e80-f26d-4a3e-9691-17f803db5723
update picture set spot_id=?, url=? where picture_id=?
update picture set spot_id=927, url='java.io.StringReader@4dd338ba' where picture_id=3490;
2022-10-10 14:33:47.577  INFO 4460 --- [    Test worker] p6spy                                    : #1665380027577 | took 0ms | statement | connection 28| url jdbc:h2:mem:ad3a9e80-f26d-4a3e-9691-17f803db5723
update picture set spot_id=?, url=? where picture_id=?
update picture set spot_id=927, url='java.io.StringReader@49a33771' where picture_id=3491;
2022-10-10 14:33:47.577  INFO 4460 --- [    Test worker] p6spy                                    : #1665380027577 | took 0ms | statement | connection 28| url jdbc:h2:mem:ad3a9e80-f26d-4a3e-9691-17f803db5723
update picture set spot_id=?, url=? where picture_id=?
update picture set spot_id=928, url='java.io.StringReader@7470b4d4' where picture_id=3493;
2022-10-10 14:33:47.577  INFO 4460 --- [    Test worker] p6spy                                    : #1665380027577 | took 0ms | statement | connection 28| url jdbc:h2:mem:ad3a9e80-f26d-4a3e-9691-17f803db5723
update picture set spot_id=?, url=? where picture_id=?
update picture set spot_id=928, url='java.io.StringReader@6bb7ddf8' where picture_id=3494;
2022-10-10 14:33:47.577  INFO 4460 --- [    Test worker] p6spy                                    : #1665380027577 | took 0ms | statement | connection 28| url jdbc:h2:mem:ad3a9e80-f26d-4a3e-9691-17f803db5723
update picture set spot_id=?, url=? where picture_id=?
update picture set spot_id=928, url='java.io.StringReader@1e7e3b20' where picture_id=3495;
2022-10-10 14:33:47.577  INFO 4460 --- [    Test worker] p6spy                                    : #1665380027577 | took 0ms | statement | connection 28| url jdbc:h2:mem:ad3a9e80-f26d-4a3e-9691-17f803db5723
update picture set spot_id=?, url=? where picture_id=?
update picture set spot_id=929, url='java.io.StringReader@705bb1ed' where picture_id=3497;
2022-10-10 14:33:47.577  INFO 4460 --- [    Test worker] p6spy                                    : #1665380027577 | took 0ms | statement | connection 28| url jdbc:h2:mem:ad3a9e80-f26d-4a3e-9691-17f803db5723
update picture set spot_id=?, url=? where picture_id=?
update picture set spot_id=929, url='java.io.StringReader@7b44cab8' where picture_id=3498;
2022-10-10 14:33:47.577  INFO 4460 --- [    Test worker] p6spy                                    : #1665380027577 | took 0ms | statement | connection 28| url jdbc:h2:mem:ad3a9e80-f26d-4a3e-9691-17f803db5723
update picture set spot_id=?, url=? where picture_id=?
update picture set spot_id=929, url='java.io.StringReader@353a7917' where picture_id=3499;
2022-10-10 14:33:47.577  INFO 4460 --- [    Test worker] p6spy                                    : #1665380027577 | took 0ms | statement | connection 28| url jdbc:h2:mem:ad3a9e80-f26d-4a3e-9691-17f803db5723
update picture set spot_id=?, url=? where picture_id=?
update picture set spot_id=930, url='java.io.StringReader@687f0d21' where picture_id=3501;
2022-10-10 14:33:47.577  INFO 4460 --- [    Test worker] p6spy                                    : #1665380027577 | took 0ms | statement | connection 28| url jdbc:h2:mem:ad3a9e80-f26d-4a3e-9691-17f803db5723
update picture set spot_id=?, url=? where picture_id=?
update picture set spot_id=930, url='java.io.StringReader@b080ffe' where picture_id=3502;
2022-10-10 14:33:47.577  INFO 4460 --- [    Test worker] p6spy                                    : #1665380027577 | took 0ms | statement | connection 28| url jdbc:h2:mem:ad3a9e80-f26d-4a3e-9691-17f803db5723
update picture set spot_id=?, url=? where picture_id=?
update picture set spot_id=930, url='java.io.StringReader@3ea5dab' where picture_id=3503;
2022-10-10 14:33:47.577  INFO 4460 --- [    Test worker] p6spy                                    : #1665380027577 | took 0ms | statement | connection 28| url jdbc:h2:mem:ad3a9e80-f26d-4a3e-9691-17f803db5723
update picture set spot_id=?, url=? where picture_id=?
update picture set spot_id=931, url='java.io.StringReader@6e97f62a' where picture_id=3505;
2022-10-10 14:33:47.577  INFO 4460 --- [    Test worker] p6spy                                    : #1665380027577 | took 0ms | statement | connection 28| url jdbc:h2:mem:ad3a9e80-f26d-4a3e-9691-17f803db5723
update picture set spot_id=?, url=? where picture_id=?
update picture set spot_id=931, url='java.io.StringReader@ad21b00' where picture_id=3506;
2022-10-10 14:33:47.577  INFO 4460 --- [    Test worker] p6spy                                    : #1665380027577 | took 0ms | statement | connection 28| url jdbc:h2:mem:ad3a9e80-f26d-4a3e-9691-17f803db5723
update picture set spot_id=?, url=? where picture_id=?
update picture set spot_id=931, url='java.io.StringReader@8373d56' where picture_id=3507;
2022-10-10 14:33:47.577  INFO 4460 --- [    Test worker] p6spy                                    : #1665380027577 | took 0ms | statement | connection 28| url jdbc:h2:mem:ad3a9e80-f26d-4a3e-9691-17f803db5723
update picture set spot_id=?, url=? where picture_id=?
update picture set spot_id=932, url='java.io.StringReader@2d272b3a' where picture_id=3509;
2022-10-10 14:33:47.577  INFO 4460 --- [    Test worker] p6spy                                    : #1665380027577 | took 0ms | statement | connection 28| url jdbc:h2:mem:ad3a9e80-f26d-4a3e-9691-17f803db5723
update picture set spot_id=?, url=? where picture_id=?
update picture set spot_id=932, url='java.io.StringReader@c9570ad' where picture_id=3510;
2022-10-10 14:33:47.577  INFO 4460 --- [    Test worker] p6spy                                    : #1665380027577 | took 0ms | statement | connection 28| url jdbc:h2:mem:ad3a9e80-f26d-4a3e-9691-17f803db5723
update picture set spot_id=?, url=? where picture_id=?
update picture set spot_id=932, url='java.io.StringReader@3a4c8a5' where picture_id=3511;
2022-10-10 14:33:47.577  INFO 4460 --- [    Test worker] p6spy                                    : #1665380027577 | took 0ms | statement | connection 28| url jdbc:h2:mem:ad3a9e80-f26d-4a3e-9691-17f803db5723
update picture set spot_id=?, url=? where picture_id=?
update picture set spot_id=933, url='java.io.StringReader@6335b60' where picture_id=3513;
2022-10-10 14:33:47.577  INFO 4460 --- [    Test worker] p6spy                                    : #1665380027577 | took 0ms | statement | connection 28| url jdbc:h2:mem:ad3a9e80-f26d-4a3e-9691-17f803db5723
update picture set spot_id=?, url=? where picture_id=?
update picture set spot_id=933, url='java.io.StringReader@1ebaadae' where picture_id=3514;
2022-10-10 14:33:47.577  INFO 4460 --- [    Test worker] p6spy                                    : #1665380027577 | took 0ms | statement | connection 28| url jdbc:h2:mem:ad3a9e80-f26d-4a3e-9691-17f803db5723
update picture set spot_id=?, url=? where picture_id=?
update picture set spot_id=933, url='java.io.StringReader@3b5ad4ce' where picture_id=3515;
2022-10-10 14:33:47.577  INFO 4460 --- [    Test worker] p6spy                                    : #1665380027577 | took 0ms | statement | connection 28| url jdbc:h2:mem:ad3a9e80-f26d-4a3e-9691-17f803db5723
update picture set spot_id=?, url=? where picture_id=?
update picture set spot_id=934, url='java.io.StringReader@46abd505' where picture_id=3517;
2022-10-10 14:33:47.577  INFO 4460 --- [    Test worker] p6spy                                    : #1665380027577 | took 0ms | statement | connection 28| url jdbc:h2:mem:ad3a9e80-f26d-4a3e-9691-17f803db5723
update picture set spot_id=?, url=? where picture_id=?
update picture set spot_id=934, url='java.io.StringReader@670c394e' where picture_id=3518;
2022-10-10 14:33:47.577  INFO 4460 --- [    Test worker] p6spy                                    : #1665380027577 | took 0ms | statement | connection 28| url jdbc:h2:mem:ad3a9e80-f26d-4a3e-9691-17f803db5723
update picture set spot_id=?, url=? where picture_id=?
update picture set spot_id=934, url='java.io.StringReader@cc82479' where picture_id=3519;
2022-10-10 14:33:47.577  INFO 4460 --- [    Test worker] p6spy                                    : #1665380027577 | took 0ms | statement | connection 28| url jdbc:h2:mem:ad3a9e80-f26d-4a3e-9691-17f803db5723
update picture set spot_id=?, url=? where picture_id=?
update picture set spot_id=935, url='java.io.StringReader@7357dff' where picture_id=3521;
2022-10-10 14:33:47.577  INFO 4460 --- [    Test worker] p6spy                                    : #1665380027577 | took 0ms | statement | connection 28| url jdbc:h2:mem:ad3a9e80-f26d-4a3e-9691-17f803db5723
update picture set spot_id=?, url=? where picture_id=?
update picture set spot_id=935, url='java.io.StringReader@6eaf888d' where picture_id=3522;
2022-10-10 14:33:47.577  INFO 4460 --- [    Test worker] p6spy                                    : #1665380027577 | took 0ms | statement | connection 28| url jdbc:h2:mem:ad3a9e80-f26d-4a3e-9691-17f803db5723
update picture set spot_id=?, url=? where picture_id=?
update picture set spot_id=935, url='java.io.StringReader@24c306bd' where picture_id=3523;
2022-10-10 14:33:47.577  INFO 4460 --- [    Test worker] p6spy                                    : #1665380027577 | took 0ms | statement | connection 28| url jdbc:h2:mem:ad3a9e80-f26d-4a3e-9691-17f803db5723
update picture set spot_id=?, url=? where picture_id=?
update picture set spot_id=936, url='java.io.StringReader@1297e322' where picture_id=3525;
2022-10-10 14:33:47.577  INFO 4460 --- [    Test worker] p6spy                                    : #1665380027577 | took 0ms | statement | connection 28| url jdbc:h2:mem:ad3a9e80-f26d-4a3e-9691-17f803db5723
update picture set spot_id=?, url=? where picture_id=?
update picture set spot_id=936, url='java.io.StringReader@35eb4197' where picture_id=3526;
2022-10-10 14:33:47.578  INFO 4460 --- [    Test worker] p6spy                                    : #1665380027578 | took 0ms | statement | connection 28| url jdbc:h2:mem:ad3a9e80-f26d-4a3e-9691-17f803db5723
update picture set spot_id=?, url=? where picture_id=?
update picture set spot_id=936, url='java.io.StringReader@57a7d29c' where picture_id=3527;
2022-10-10 14:33:47.578  INFO 4460 --- [    Test worker] p6spy                                    : #1665380027578 | took 0ms | statement | connection 28| url jdbc:h2:mem:ad3a9e80-f26d-4a3e-9691-17f803db5723
update picture set spot_id=?, url=? where picture_id=?
update picture set spot_id=937, url='java.io.StringReader@28c4f570' where picture_id=3529;
2022-10-10 14:33:47.578  INFO 4460 --- [    Test worker] p6spy                                    : #1665380027578 | took 0ms | statement | connection 28| url jdbc:h2:mem:ad3a9e80-f26d-4a3e-9691-17f803db5723
update picture set spot_id=?, url=? where picture_id=?
update picture set spot_id=937, url='java.io.StringReader@7d05e711' where picture_id=3530;
2022-10-10 14:33:47.578  INFO 4460 --- [    Test worker] p6spy                                    : #1665380027578 | took 0ms | statement | connection 28| url jdbc:h2:mem:ad3a9e80-f26d-4a3e-9691-17f803db5723
update picture set spot_id=?, url=? where picture_id=?
update picture set spot_id=937, url='java.io.StringReader@20defc39' where picture_id=3531;
2022-10-10 14:33:47.578  INFO 4460 --- [    Test worker] p6spy                                    : #1665380027578 | took 0ms | statement | connection 28| url jdbc:h2:mem:ad3a9e80-f26d-4a3e-9691-17f803db5723
update picture set spot_id=?, url=? where picture_id=?
update picture set spot_id=938, url='java.io.StringReader@4fd0a025' where picture_id=3533;
2022-10-10 14:33:47.578  INFO 4460 --- [    Test worker] p6spy                                    : #1665380027578 | took 0ms | statement | connection 28| url jdbc:h2:mem:ad3a9e80-f26d-4a3e-9691-17f803db5723
update picture set spot_id=?, url=? where picture_id=?
update picture set spot_id=938, url='java.io.StringReader@5c87a7a3' where picture_id=3534;
2022-10-10 14:33:47.578  INFO 4460 --- [    Test worker] p6spy                                    : #1665380027578 | took 0ms | statement | connection 28| url jdbc:h2:mem:ad3a9e80-f26d-4a3e-9691-17f803db5723
update picture set spot_id=?, url=? where picture_id=?
update picture set spot_id=938, url='java.io.StringReader@4a49e05a' where picture_id=3535;
2022-10-10 14:33:47.578  INFO 4460 --- [    Test worker] p6spy                                    : #1665380027578 | took 0ms | statement | connection 28| url jdbc:h2:mem:ad3a9e80-f26d-4a3e-9691-17f803db5723
update picture set spot_id=?, url=? where picture_id=?
update picture set spot_id=939, url='java.io.StringReader@622691e3' where picture_id=3537;
2022-10-10 14:33:47.578  INFO 4460 --- [    Test worker] p6spy                                    : #1665380027578 | took 0ms | statement | connection 28| url jdbc:h2:mem:ad3a9e80-f26d-4a3e-9691-17f803db5723
update picture set spot_id=?, url=? where picture_id=?
update picture set spot_id=939, url='java.io.StringReader@3072a2ea' where picture_id=3538;
2022-10-10 14:33:47.578  INFO 4460 --- [    Test worker] p6spy                                    : #1665380027578 | took 0ms | statement | connection 28| url jdbc:h2:mem:ad3a9e80-f26d-4a3e-9691-17f803db5723
update picture set spot_id=?, url=? where picture_id=?
update picture set spot_id=939, url='java.io.StringReader@100710fa' where picture_id=3539;
2022-10-10 14:33:47.578  INFO 4460 --- [    Test worker] p6spy                                    : #1665380027578 | took 0ms | statement | connection 28| url jdbc:h2:mem:ad3a9e80-f26d-4a3e-9691-17f803db5723
update picture set spot_id=?, url=? where picture_id=?
update picture set spot_id=940, url='java.io.StringReader@26d46bd3' where picture_id=3541;
2022-10-10 14:33:47.578  INFO 4460 --- [    Test worker] p6spy                                    : #1665380027578 | took 0ms | statement | connection 28| url jdbc:h2:mem:ad3a9e80-f26d-4a3e-9691-17f803db5723
update picture set spot_id=?, url=? where picture_id=?
update picture set spot_id=940, url='java.io.StringReader@7af0425b' where picture_id=3542;
2022-10-10 14:33:47.578  INFO 4460 --- [    Test worker] p6spy                                    : #1665380027578 | took 0ms | statement | connection 28| url jdbc:h2:mem:ad3a9e80-f26d-4a3e-9691-17f803db5723
update picture set spot_id=?, url=? where picture_id=?
update picture set spot_id=940, url='java.io.StringReader@6a28d1f5' where picture_id=3543;
2022-10-10 14:33:47.578  INFO 4460 --- [    Test worker] p6spy                                    : #1665380027578 | took 0ms | statement | connection 28| url jdbc:h2:mem:ad3a9e80-f26d-4a3e-9691-17f803db5723
update picture set spot_id=?, url=? where picture_id=?
update picture set spot_id=941, url='java.io.StringReader@552d398b' where picture_id=3545;
2022-10-10 14:33:47.578  INFO 4460 --- [    Test worker] p6spy                                    : #1665380027578 | took 0ms | statement | connection 28| url jdbc:h2:mem:ad3a9e80-f26d-4a3e-9691-17f803db5723
update picture set spot_id=?, url=? where picture_id=?
update picture set spot_id=941, url='java.io.StringReader@12db23e8' where picture_id=3546;
2022-10-10 14:33:47.578  INFO 4460 --- [    Test worker] p6spy                                    : #1665380027578 | took 0ms | statement | connection 28| url jdbc:h2:mem:ad3a9e80-f26d-4a3e-9691-17f803db5723
update picture set spot_id=?, url=? where picture_id=?
update picture set spot_id=941, url='java.io.StringReader@542c5781' where picture_id=3547;
2022-10-10 14:33:47.578  INFO 4460 --- [    Test worker] p6spy                                    : #1665380027578 | took 0ms | statement | connection 28| url jdbc:h2:mem:ad3a9e80-f26d-4a3e-9691-17f803db5723
update picture set spot_id=?, url=? where picture_id=?
update picture set spot_id=942, url='java.io.StringReader@297c7fc6' where picture_id=3549;
2022-10-10 14:33:47.578  INFO 4460 --- [    Test worker] p6spy                                    : #1665380027578 | took 0ms | statement | connection 28| url jdbc:h2:mem:ad3a9e80-f26d-4a3e-9691-17f803db5723
update picture set spot_id=?, url=? where picture_id=?
update picture set spot_id=942, url='java.io.StringReader@68b93204' where picture_id=3550;
2022-10-10 14:33:47.578  INFO 4460 --- [    Test worker] p6spy                                    : #1665380027578 | took 0ms | statement | connection 28| url jdbc:h2:mem:ad3a9e80-f26d-4a3e-9691-17f803db5723
update picture set spot_id=?, url=? where picture_id=?
update picture set spot_id=942, url='java.io.StringReader@5b607c0b' where picture_id=3551;
2022-10-10 14:33:47.578  INFO 4460 --- [    Test worker] p6spy                                    : #1665380027578 | took 0ms | statement | connection 28| url jdbc:h2:mem:ad3a9e80-f26d-4a3e-9691-17f803db5723
update picture set spot_id=?, url=? where picture_id=?
update picture set spot_id=943, url='java.io.StringReader@26f12bfc' where picture_id=3553;
2022-10-10 14:33:47.578  INFO 4460 --- [    Test worker] p6spy                                    : #1665380027578 | took 0ms | statement | connection 28| url jdbc:h2:mem:ad3a9e80-f26d-4a3e-9691-17f803db5723
update picture set spot_id=?, url=? where picture_id=?
update picture set spot_id=943, url='java.io.StringReader@245d2730' where picture_id=3554;
2022-10-10 14:33:47.578  INFO 4460 --- [    Test worker] p6spy                                    : #1665380027578 | took 0ms | statement | connection 28| url jdbc:h2:mem:ad3a9e80-f26d-4a3e-9691-17f803db5723
update picture set spot_id=?, url=? where picture_id=?
update picture set spot_id=943, url='java.io.StringReader@21459683' where picture_id=3555;
2022-10-10 14:33:47.578  INFO 4460 --- [    Test worker] p6spy                                    : #1665380027578 | took 0ms | statement | connection 28| url jdbc:h2:mem:ad3a9e80-f26d-4a3e-9691-17f803db5723
update picture set spot_id=?, url=? where picture_id=?
update picture set spot_id=944, url='java.io.StringReader@2806dd67' where picture_id=3557;
2022-10-10 14:33:47.578  INFO 4460 --- [    Test worker] p6spy                                    : #1665380027578 | took 0ms | statement | connection 28| url jdbc:h2:mem:ad3a9e80-f26d-4a3e-9691-17f803db5723
update picture set spot_id=?, url=? where picture_id=?
update picture set spot_id=944, url='java.io.StringReader@1cc186' where picture_id=3558;
2022-10-10 14:33:47.578  INFO 4460 --- [    Test worker] p6spy                                    : #1665380027578 | took 0ms | statement | connection 28| url jdbc:h2:mem:ad3a9e80-f26d-4a3e-9691-17f803db5723
update picture set spot_id=?, url=? where picture_id=?
update picture set spot_id=944, url='java.io.StringReader@63d041d6' where picture_id=3559;
2022-10-10 14:33:47.578  INFO 4460 --- [    Test worker] p6spy                                    : #1665380027578 | took 0ms | statement | connection 28| url jdbc:h2:mem:ad3a9e80-f26d-4a3e-9691-17f803db5723
update picture set spot_id=?, url=? where picture_id=?
update picture set spot_id=945, url='java.io.StringReader@28fe322a' where picture_id=3561;
2022-10-10 14:33:47.578  INFO 4460 --- [    Test worker] p6spy                                    : #1665380027578 | took 0ms | statement | connection 28| url jdbc:h2:mem:ad3a9e80-f26d-4a3e-9691-17f803db5723
update picture set spot_id=?, url=? where picture_id=?
update picture set spot_id=945, url='java.io.StringReader@6047f62b' where picture_id=3562;
2022-10-10 14:33:47.578  INFO 4460 --- [    Test worker] p6spy                                    : #1665380027578 | took 0ms | statement | connection 28| url jdbc:h2:mem:ad3a9e80-f26d-4a3e-9691-17f803db5723
update picture set spot_id=?, url=? where picture_id=?
update picture set spot_id=945, url='java.io.StringReader@54a38ce1' where picture_id=3563;
2022-10-10 14:33:47.578  INFO 4460 --- [    Test worker] p6spy                                    : #1665380027578 | took 0ms | statement | connection 28| url jdbc:h2:mem:ad3a9e80-f26d-4a3e-9691-17f803db5723
update picture set spot_id=?, url=? where picture_id=?
update picture set spot_id=946, url='java.io.StringReader@26b538d5' where picture_id=3565;
2022-10-10 14:33:47.578  INFO 4460 --- [    Test worker] p6spy                                    : #1665380027578 | took 0ms | statement | connection 28| url jdbc:h2:mem:ad3a9e80-f26d-4a3e-9691-17f803db5723
update picture set spot_id=?, url=? where picture_id=?
update picture set spot_id=946, url='java.io.StringReader@24da536' where picture_id=3566;
2022-10-10 14:33:47.579  INFO 4460 --- [    Test worker] p6spy                                    : #1665380027579 | took 0ms | statement | connection 28| url jdbc:h2:mem:ad3a9e80-f26d-4a3e-9691-17f803db5723
update picture set spot_id=?, url=? where picture_id=?
update picture set spot_id=946, url='java.io.StringReader@b68338f' where picture_id=3567;
2022-10-10 14:33:47.579  INFO 4460 --- [    Test worker] p6spy                                    : #1665380027579 | took 0ms | statement | connection 28| url jdbc:h2:mem:ad3a9e80-f26d-4a3e-9691-17f803db5723
update picture set spot_id=?, url=? where picture_id=?
update picture set spot_id=947, url='java.io.StringReader@77e70b70' where picture_id=3569;
2022-10-10 14:33:47.579  INFO 4460 --- [    Test worker] p6spy                                    : #1665380027579 | took 0ms | statement | connection 28| url jdbc:h2:mem:ad3a9e80-f26d-4a3e-9691-17f803db5723
update picture set spot_id=?, url=? where picture_id=?
update picture set spot_id=947, url='java.io.StringReader@592f8261' where picture_id=3570;
2022-10-10 14:33:47.579  INFO 4460 --- [    Test worker] p6spy                                    : #1665380027579 | took 0ms | statement | connection 28| url jdbc:h2:mem:ad3a9e80-f26d-4a3e-9691-17f803db5723
update picture set spot_id=?, url=? where picture_id=?
update picture set spot_id=947, url='java.io.StringReader@7df1d6fa' where picture_id=3571;
2022-10-10 14:33:47.579  INFO 4460 --- [    Test worker] p6spy                                    : #1665380027579 | took 0ms | statement | connection 28| url jdbc:h2:mem:ad3a9e80-f26d-4a3e-9691-17f803db5723
update picture set spot_id=?, url=? where picture_id=?
update picture set spot_id=948, url='java.io.StringReader@2a18e736' where picture_id=3573;
2022-10-10 14:33:47.579  INFO 4460 --- [    Test worker] p6spy                                    : #1665380027579 | took 0ms | statement | connection 28| url jdbc:h2:mem:ad3a9e80-f26d-4a3e-9691-17f803db5723
update picture set spot_id=?, url=? where picture_id=?
update picture set spot_id=948, url='java.io.StringReader@57feaab3' where picture_id=3574;
2022-10-10 14:33:47.579  INFO 4460 --- [    Test worker] p6spy                                    : #1665380027579 | took 0ms | statement | connection 28| url jdbc:h2:mem:ad3a9e80-f26d-4a3e-9691-17f803db5723
update picture set spot_id=?, url=? where picture_id=?
update picture set spot_id=948, url='java.io.StringReader@4b60cdd0' where picture_id=3575;
2022-10-10 14:33:47.579  INFO 4460 --- [    Test worker] p6spy                                    : #1665380027579 | took 0ms | statement | connection 28| url jdbc:h2:mem:ad3a9e80-f26d-4a3e-9691-17f803db5723
update picture set spot_id=?, url=? where picture_id=?
update picture set spot_id=949, url='java.io.StringReader@7889c963' where picture_id=3577;
2022-10-10 14:33:47.579  INFO 4460 --- [    Test worker] p6spy                                    : #1665380027579 | took 0ms | statement | connection 28| url jdbc:h2:mem:ad3a9e80-f26d-4a3e-9691-17f803db5723
update picture set spot_id=?, url=? where picture_id=?
update picture set spot_id=949, url='java.io.StringReader@692ac62f' where picture_id=3578;
2022-10-10 14:33:47.579  INFO 4460 --- [    Test worker] p6spy                                    : #1665380027579 | took 0ms | statement | connection 28| url jdbc:h2:mem:ad3a9e80-f26d-4a3e-9691-17f803db5723
update picture set spot_id=?, url=? where picture_id=?
update picture set spot_id=949, url='java.io.StringReader@5911a225' where picture_id=3579;
2022-10-10 14:33:47.579  INFO 4460 --- [    Test worker] p6spy                                    : #1665380027579 | took 0ms | statement | connection 28| url jdbc:h2:mem:ad3a9e80-f26d-4a3e-9691-17f803db5723
update picture set spot_id=?, url=? where picture_id=?
update picture set spot_id=950, url='java.io.StringReader@16678136' where picture_id=3581;
2022-10-10 14:33:47.579  INFO 4460 --- [    Test worker] p6spy                                    : #1665380027579 | took 0ms | statement | connection 28| url jdbc:h2:mem:ad3a9e80-f26d-4a3e-9691-17f803db5723
update picture set spot_id=?, url=? where picture_id=?
update picture set spot_id=950, url='java.io.StringReader@47070281' where picture_id=3582;
2022-10-10 14:33:47.579  INFO 4460 --- [    Test worker] p6spy                                    : #1665380027579 | took 0ms | statement | connection 28| url jdbc:h2:mem:ad3a9e80-f26d-4a3e-9691-17f803db5723
update picture set spot_id=?, url=? where picture_id=?
update picture set spot_id=950, url='java.io.StringReader@6fca7331' where picture_id=3583;
2022-10-10 14:33:47.579  INFO 4460 --- [    Test worker] p6spy                                    : #1665380027579 | took 0ms | statement | connection 28| url jdbc:h2:mem:ad3a9e80-f26d-4a3e-9691-17f803db5723
update picture set spot_id=?, url=? where picture_id=?
update picture set spot_id=951, url='java.io.StringReader@79cacbf4' where picture_id=3585;
2022-10-10 14:33:47.579  INFO 4460 --- [    Test worker] p6spy                                    : #1665380027579 | took 0ms | statement | connection 28| url jdbc:h2:mem:ad3a9e80-f26d-4a3e-9691-17f803db5723
update picture set spot_id=?, url=? where picture_id=?
update picture set spot_id=951, url='java.io.StringReader@1c9c3797' where picture_id=3586;
2022-10-10 14:33:47.579  INFO 4460 --- [    Test worker] p6spy                                    : #1665380027579 | took 0ms | statement | connection 28| url jdbc:h2:mem:ad3a9e80-f26d-4a3e-9691-17f803db5723
update picture set spot_id=?, url=? where picture_id=?
update picture set spot_id=951, url='java.io.StringReader@3188ec66' where picture_id=3587;
2022-10-10 14:33:47.579  INFO 4460 --- [    Test worker] p6spy                                    : #1665380027579 | took 0ms | statement | connection 28| url jdbc:h2:mem:ad3a9e80-f26d-4a3e-9691-17f803db5723
update picture set spot_id=?, url=? where picture_id=?
update picture set spot_id=952, url='java.io.StringReader@79f75916' where picture_id=3589;
2022-10-10 14:33:47.579  INFO 4460 --- [    Test worker] p6spy                                    : #1665380027579 | took 0ms | statement | connection 28| url jdbc:h2:mem:ad3a9e80-f26d-4a3e-9691-17f803db5723
update picture set spot_id=?, url=? where picture_id=?
update picture set spot_id=952, url='java.io.StringReader@6773f8e6' where picture_id=3590;
2022-10-10 14:33:47.579  INFO 4460 --- [    Test worker] p6spy                                    : #1665380027579 | took 0ms | statement | connection 28| url jdbc:h2:mem:ad3a9e80-f26d-4a3e-9691-17f803db5723
update picture set spot_id=?, url=? where picture_id=?
update picture set spot_id=952, url='java.io.StringReader@11bd348e' where picture_id=3591;
2022-10-10 14:33:47.579  INFO 4460 --- [    Test worker] p6spy                                    : #1665380027579 | took 0ms | statement | connection 28| url jdbc:h2:mem:ad3a9e80-f26d-4a3e-9691-17f803db5723
update picture set spot_id=?, url=? where picture_id=?
update picture set spot_id=953, url='java.io.StringReader@788519e8' where picture_id=3593;
2022-10-10 14:33:47.579  INFO 4460 --- [    Test worker] p6spy                                    : #1665380027579 | took 0ms | statement | connection 28| url jdbc:h2:mem:ad3a9e80-f26d-4a3e-9691-17f803db5723
update picture set spot_id=?, url=? where picture_id=?
update picture set spot_id=953, url='java.io.StringReader@5011fd82' where picture_id=3594;
2022-10-10 14:33:47.579  INFO 4460 --- [    Test worker] p6spy                                    : #1665380027579 | took 0ms | statement | connection 28| url jdbc:h2:mem:ad3a9e80-f26d-4a3e-9691-17f803db5723
update picture set spot_id=?, url=? where picture_id=?
update picture set spot_id=953, url='java.io.StringReader@42fd66f7' where picture_id=3595;
2022-10-10 14:33:47.579  INFO 4460 --- [    Test worker] p6spy                                    : #1665380027579 | took 0ms | statement | connection 28| url jdbc:h2:mem:ad3a9e80-f26d-4a3e-9691-17f803db5723
update picture set spot_id=?, url=? where picture_id=?
update picture set spot_id=954, url='java.io.StringReader@319f7940' where picture_id=3597;
2022-10-10 14:33:47.579  INFO 4460 --- [    Test worker] p6spy                                    : #1665380027579 | took 0ms | statement | connection 28| url jdbc:h2:mem:ad3a9e80-f26d-4a3e-9691-17f803db5723
update picture set spot_id=?, url=? where picture_id=?
update picture set spot_id=954, url='java.io.StringReader@34a9ec3' where picture_id=3598;
2022-10-10 14:33:47.579  INFO 4460 --- [    Test worker] p6spy                                    : #1665380027579 | took 0ms | statement | connection 28| url jdbc:h2:mem:ad3a9e80-f26d-4a3e-9691-17f803db5723
update picture set spot_id=?, url=? where picture_id=?
update picture set spot_id=954, url='java.io.StringReader@424e5e30' where picture_id=3599;
2022-10-10 14:33:47.579  INFO 4460 --- [    Test worker] p6spy                                    : #1665380027579 | took 0ms | statement | connection 28| url jdbc:h2:mem:ad3a9e80-f26d-4a3e-9691-17f803db5723
update picture set spot_id=?, url=? where picture_id=?
update picture set spot_id=955, url='java.io.StringReader@138716ee' where picture_id=3601;
2022-10-10 14:33:47.579  INFO 4460 --- [    Test worker] p6spy                                    : #1665380027579 | took 0ms | statement | connection 28| url jdbc:h2:mem:ad3a9e80-f26d-4a3e-9691-17f803db5723
update picture set spot_id=?, url=? where picture_id=?
update picture set spot_id=955, url='java.io.StringReader@7c3089a9' where picture_id=3602;
2022-10-10 14:33:47.579  INFO 4460 --- [    Test worker] p6spy                                    : #1665380027579 | took 0ms | statement | connection 28| url jdbc:h2:mem:ad3a9e80-f26d-4a3e-9691-17f803db5723
update picture set spot_id=?, url=? where picture_id=?
update picture set spot_id=955, url='java.io.StringReader@2c6a5275' where picture_id=3603;
2022-10-10 14:33:47.579  INFO 4460 --- [    Test worker] p6spy                                    : #1665380027579 | took 0ms | statement | connection 28| url jdbc:h2:mem:ad3a9e80-f26d-4a3e-9691-17f803db5723
update picture set spot_id=?, url=? where picture_id=?
update picture set spot_id=956, url='java.io.StringReader@46c9eb95' where picture_id=3605;
2022-10-10 14:33:47.579  INFO 4460 --- [    Test worker] p6spy                                    : #1665380027579 | took 0ms | statement | connection 28| url jdbc:h2:mem:ad3a9e80-f26d-4a3e-9691-17f803db5723
update picture set spot_id=?, url=? where picture_id=?
update picture set spot_id=956, url='java.io.StringReader@1bfc1057' where picture_id=3606;
2022-10-10 14:33:47.579  INFO 4460 --- [    Test worker] p6spy                                    : #1665380027579 | took 0ms | statement | connection 28| url jdbc:h2:mem:ad3a9e80-f26d-4a3e-9691-17f803db5723
update picture set spot_id=?, url=? where picture_id=?
update picture set spot_id=956, url='java.io.StringReader@2ed21f65' where picture_id=3607;
2022-10-10 14:33:47.580  INFO 4460 --- [    Test worker] p6spy                                    : #1665380027580 | took 0ms | statement | connection 28| url jdbc:h2:mem:ad3a9e80-f26d-4a3e-9691-17f803db5723
update picture set spot_id=?, url=? where picture_id=?
update picture set spot_id=957, url='java.io.StringReader@732ccedf' where picture_id=3609;
2022-10-10 14:33:47.580  INFO 4460 --- [    Test worker] p6spy                                    : #1665380027580 | took 0ms | statement | connection 28| url jdbc:h2:mem:ad3a9e80-f26d-4a3e-9691-17f803db5723
update picture set spot_id=?, url=? where picture_id=?
update picture set spot_id=957, url='java.io.StringReader@38b50313' where picture_id=3610;
2022-10-10 14:33:47.580  INFO 4460 --- [    Test worker] p6spy                                    : #1665380027580 | took 0ms | statement | connection 28| url jdbc:h2:mem:ad3a9e80-f26d-4a3e-9691-17f803db5723
update picture set spot_id=?, url=? where picture_id=?
update picture set spot_id=957, url='java.io.StringReader@144ce011' where picture_id=3611;
2022-10-10 14:33:47.580  INFO 4460 --- [    Test worker] p6spy                                    : #1665380027580 | took 0ms | statement | connection 28| url jdbc:h2:mem:ad3a9e80-f26d-4a3e-9691-17f803db5723
update picture set spot_id=?, url=? where picture_id=?
update picture set spot_id=958, url='java.io.StringReader@e8ceba7' where picture_id=3613;
2022-10-10 14:33:47.580  INFO 4460 --- [    Test worker] p6spy                                    : #1665380027580 | took 0ms | statement | connection 28| url jdbc:h2:mem:ad3a9e80-f26d-4a3e-9691-17f803db5723
update picture set spot_id=?, url=? where picture_id=?
update picture set spot_id=958, url='java.io.StringReader@2fbf8b86' where picture_id=3614;
2022-10-10 14:33:47.580  INFO 4460 --- [    Test worker] p6spy                                    : #1665380027580 | took 0ms | statement | connection 28| url jdbc:h2:mem:ad3a9e80-f26d-4a3e-9691-17f803db5723
update picture set spot_id=?, url=? where picture_id=?
update picture set spot_id=958, url='java.io.StringReader@20d5180a' where picture_id=3615;
2022-10-10 14:33:47.580  INFO 4460 --- [    Test worker] p6spy                                    : #1665380027580 | took 0ms | statement | connection 28| url jdbc:h2:mem:ad3a9e80-f26d-4a3e-9691-17f803db5723
update picture set spot_id=?, url=? where picture_id=?
update picture set spot_id=959, url='java.io.StringReader@4780ed6c' where picture_id=3617;
2022-10-10 14:33:47.580  INFO 4460 --- [    Test worker] p6spy                                    : #1665380027580 | took 0ms | statement | connection 28| url jdbc:h2:mem:ad3a9e80-f26d-4a3e-9691-17f803db5723
update picture set spot_id=?, url=? where picture_id=?
update picture set spot_id=959, url='java.io.StringReader@36c0cb05' where picture_id=3618;
2022-10-10 14:33:47.580  INFO 4460 --- [    Test worker] p6spy                                    : #1665380027580 | took 0ms | statement | connection 28| url jdbc:h2:mem:ad3a9e80-f26d-4a3e-9691-17f803db5723
update picture set spot_id=?, url=? where picture_id=?
update picture set spot_id=959, url='java.io.StringReader@68c8456b' where picture_id=3619;
2022-10-10 14:33:47.580  INFO 4460 --- [    Test worker] p6spy                                    : #1665380027580 | took 0ms | statement | connection 28| url jdbc:h2:mem:ad3a9e80-f26d-4a3e-9691-17f803db5723
update picture set spot_id=?, url=? where picture_id=?
update picture set spot_id=960, url='java.io.StringReader@6eedd4e3' where picture_id=3621;
2022-10-10 14:33:47.580  INFO 4460 --- [    Test worker] p6spy                                    : #1665380027580 | took 0ms | statement | connection 28| url jdbc:h2:mem:ad3a9e80-f26d-4a3e-9691-17f803db5723
update picture set spot_id=?, url=? where picture_id=?
update picture set spot_id=960, url='java.io.StringReader@7681e7b7' where picture_id=3622;
2022-10-10 14:33:47.580  INFO 4460 --- [    Test worker] p6spy                                    : #1665380027580 | took 0ms | statement | connection 28| url jdbc:h2:mem:ad3a9e80-f26d-4a3e-9691-17f803db5723
update picture set spot_id=?, url=? where picture_id=?
update picture set spot_id=960, url='java.io.StringReader@7add084c' where picture_id=3623;
2022-10-10 14:33:47.580  INFO 4460 --- [    Test worker] p6spy                                    : #1665380027580 | took 0ms | statement | connection 28| url jdbc:h2:mem:ad3a9e80-f26d-4a3e-9691-17f803db5723
update picture set spot_id=?, url=? where picture_id=?
update picture set spot_id=961, url='java.io.StringReader@25fa4c81' where picture_id=3625;
2022-10-10 14:33:47.580  INFO 4460 --- [    Test worker] p6spy                                    : #1665380027580 | took 0ms | statement | connection 28| url jdbc:h2:mem:ad3a9e80-f26d-4a3e-9691-17f803db5723
update picture set spot_id=?, url=? where picture_id=?
update picture set spot_id=961, url='java.io.StringReader@4c0e6655' where picture_id=3626;
2022-10-10 14:33:47.580  INFO 4460 --- [    Test worker] p6spy                                    : #1665380027580 | took 0ms | statement | connection 28| url jdbc:h2:mem:ad3a9e80-f26d-4a3e-9691-17f803db5723
update picture set spot_id=?, url=? where picture_id=?
update picture set spot_id=961, url='java.io.StringReader@a450c0e' where picture_id=3627;
2022-10-10 14:33:47.580  INFO 4460 --- [    Test worker] p6spy                                    : #1665380027580 | took 0ms | statement | connection 28| url jdbc:h2:mem:ad3a9e80-f26d-4a3e-9691-17f803db5723
update picture set spot_id=?, url=? where picture_id=?
update picture set spot_id=962, url='java.io.StringReader@5db98b75' where picture_id=3629;
2022-10-10 14:33:47.580  INFO 4460 --- [    Test worker] p6spy                                    : #1665380027580 | took 0ms | statement | connection 28| url jdbc:h2:mem:ad3a9e80-f26d-4a3e-9691-17f803db5723
update picture set spot_id=?, url=? where picture_id=?
update picture set spot_id=962, url='java.io.StringReader@7e4afb38' where picture_id=3630;
2022-10-10 14:33:47.580  INFO 4460 --- [    Test worker] p6spy                                    : #1665380027580 | took 0ms | statement | connection 28| url jdbc:h2:mem:ad3a9e80-f26d-4a3e-9691-17f803db5723
update picture set spot_id=?, url=? where picture_id=?
update picture set spot_id=962, url='java.io.StringReader@46f0f8d1' where picture_id=3631;
2022-10-10 14:33:47.580  INFO 4460 --- [    Test worker] p6spy                                    : #1665380027580 | took 0ms | statement | connection 28| url jdbc:h2:mem:ad3a9e80-f26d-4a3e-9691-17f803db5723
update picture set spot_id=?, url=? where picture_id=?
update picture set spot_id=963, url='java.io.StringReader@56806ada' where picture_id=3633;
2022-10-10 14:33:47.580  INFO 4460 --- [    Test worker] p6spy                                    : #1665380027580 | took 0ms | statement | connection 28| url jdbc:h2:mem:ad3a9e80-f26d-4a3e-9691-17f803db5723
update picture set spot_id=?, url=? where picture_id=?
update picture set spot_id=963, url='java.io.StringReader@2fe38ad' where picture_id=3634;
2022-10-10 14:33:47.580  INFO 4460 --- [    Test worker] p6spy                                    : #1665380027580 | took 0ms | statement | connection 28| url jdbc:h2:mem:ad3a9e80-f26d-4a3e-9691-17f803db5723
update picture set spot_id=?, url=? where picture_id=?
update picture set spot_id=963, url='java.io.StringReader@28f2c115' where picture_id=3635;
2022-10-10 14:33:47.580  INFO 4460 --- [    Test worker] p6spy                                    : #1665380027580 | took 0ms | statement | connection 28| url jdbc:h2:mem:ad3a9e80-f26d-4a3e-9691-17f803db5723
update picture set spot_id=?, url=? where picture_id=?
update picture set spot_id=964, url='java.io.StringReader@2be796b7' where picture_id=3637;
2022-10-10 14:33:47.580  INFO 4460 --- [    Test worker] p6spy                                    : #1665380027580 | took 0ms | statement | connection 28| url jdbc:h2:mem:ad3a9e80-f26d-4a3e-9691-17f803db5723
update picture set spot_id=?, url=? where picture_id=?
update picture set spot_id=964, url='java.io.StringReader@388c65e7' where picture_id=3638;
2022-10-10 14:33:47.580  INFO 4460 --- [    Test worker] p6spy                                    : #1665380027580 | took 0ms | statement | connection 28| url jdbc:h2:mem:ad3a9e80-f26d-4a3e-9691-17f803db5723
update picture set spot_id=?, url=? where picture_id=?
update picture set spot_id=964, url='java.io.StringReader@2a785412' where picture_id=3639;
2022-10-10 14:33:47.580  INFO 4460 --- [    Test worker] p6spy                                    : #1665380027580 | took 0ms | statement | connection 28| url jdbc:h2:mem:ad3a9e80-f26d-4a3e-9691-17f803db5723
update picture set spot_id=?, url=? where picture_id=?
update picture set spot_id=965, url='java.io.StringReader@26407550' where picture_id=3641;
2022-10-10 14:33:47.580  INFO 4460 --- [    Test worker] p6spy                                    : #1665380027580 | took 0ms | statement | connection 28| url jdbc:h2:mem:ad3a9e80-f26d-4a3e-9691-17f803db5723
update picture set spot_id=?, url=? where picture_id=?
update picture set spot_id=965, url='java.io.StringReader@56e416c' where picture_id=3642;
2022-10-10 14:33:47.581  INFO 4460 --- [    Test worker] p6spy                                    : #1665380027581 | took 0ms | statement | connection 28| url jdbc:h2:mem:ad3a9e80-f26d-4a3e-9691-17f803db5723
update picture set spot_id=?, url=? where picture_id=?
update picture set spot_id=965, url='java.io.StringReader@52cfc632' where picture_id=3643;
2022-10-10 14:33:47.581  INFO 4460 --- [    Test worker] p6spy                                    : #1665380027581 | took 0ms | statement | connection 28| url jdbc:h2:mem:ad3a9e80-f26d-4a3e-9691-17f803db5723
update picture set spot_id=?, url=? where picture_id=?
update picture set spot_id=966, url='java.io.StringReader@345abd22' where picture_id=3645;
2022-10-10 14:33:47.581  INFO 4460 --- [    Test worker] p6spy                                    : #1665380027581 | took 0ms | statement | connection 28| url jdbc:h2:mem:ad3a9e80-f26d-4a3e-9691-17f803db5723
update picture set spot_id=?, url=? where picture_id=?
update picture set spot_id=966, url='java.io.StringReader@716f84fb' where picture_id=3646;
2022-10-10 14:33:47.581  INFO 4460 --- [    Test worker] p6spy                                    : #1665380027581 | took 0ms | statement | connection 28| url jdbc:h2:mem:ad3a9e80-f26d-4a3e-9691-17f803db5723
update picture set spot_id=?, url=? where picture_id=?
update picture set spot_id=966, url='java.io.StringReader@25061c11' where picture_id=3647;
2022-10-10 14:33:47.581  INFO 4460 --- [    Test worker] p6spy                                    : #1665380027581 | took 0ms | statement | connection 28| url jdbc:h2:mem:ad3a9e80-f26d-4a3e-9691-17f803db5723
update picture set spot_id=?, url=? where picture_id=?
update picture set spot_id=967, url='java.io.StringReader@51dc08eb' where picture_id=3649;
2022-10-10 14:33:47.581  INFO 4460 --- [    Test worker] p6spy                                    : #1665380027581 | took 0ms | statement | connection 28| url jdbc:h2:mem:ad3a9e80-f26d-4a3e-9691-17f803db5723
update picture set spot_id=?, url=? where picture_id=?
update picture set spot_id=967, url='java.io.StringReader@a456dd2' where picture_id=3650;
2022-10-10 14:33:47.581  INFO 4460 --- [    Test worker] p6spy                                    : #1665380027581 | took 0ms | statement | connection 28| url jdbc:h2:mem:ad3a9e80-f26d-4a3e-9691-17f803db5723
update picture set spot_id=?, url=? where picture_id=?
update picture set spot_id=967, url='java.io.StringReader@53cb4c50' where picture_id=3651;
2022-10-10 14:33:47.581  INFO 4460 --- [    Test worker] p6spy                                    : #1665380027581 | took 0ms | statement | connection 28| url jdbc:h2:mem:ad3a9e80-f26d-4a3e-9691-17f803db5723
update picture set spot_id=?, url=? where picture_id=?
update picture set spot_id=968, url='java.io.StringReader@7cc7cc0d' where picture_id=3653;
2022-10-10 14:33:47.581  INFO 4460 --- [    Test worker] p6spy                                    : #1665380027581 | took 0ms | statement | connection 28| url jdbc:h2:mem:ad3a9e80-f26d-4a3e-9691-17f803db5723
update picture set spot_id=?, url=? where picture_id=?
update picture set spot_id=968, url='java.io.StringReader@798462c4' where picture_id=3654;
2022-10-10 14:33:47.581  INFO 4460 --- [    Test worker] p6spy                                    : #1665380027581 | took 0ms | statement | connection 28| url jdbc:h2:mem:ad3a9e80-f26d-4a3e-9691-17f803db5723
update picture set spot_id=?, url=? where picture_id=?
update picture set spot_id=968, url='java.io.StringReader@6155d41' where picture_id=3655;
2022-10-10 14:33:47.581  INFO 4460 --- [    Test worker] p6spy                                    : #1665380027581 | took 0ms | statement | connection 28| url jdbc:h2:mem:ad3a9e80-f26d-4a3e-9691-17f803db5723
update picture set spot_id=?, url=? where picture_id=?
update picture set spot_id=969, url='java.io.StringReader@3378d7b1' where picture_id=3657;
2022-10-10 14:33:47.581  INFO 4460 --- [    Test worker] p6spy                                    : #1665380027581 | took 0ms | statement | connection 28| url jdbc:h2:mem:ad3a9e80-f26d-4a3e-9691-17f803db5723
update picture set spot_id=?, url=? where picture_id=?
update picture set spot_id=969, url='java.io.StringReader@8d88392' where picture_id=3658;
2022-10-10 14:33:47.581  INFO 4460 --- [    Test worker] p6spy                                    : #1665380027581 | took 0ms | statement | connection 28| url jdbc:h2:mem:ad3a9e80-f26d-4a3e-9691-17f803db5723
update picture set spot_id=?, url=? where picture_id=?
update picture set spot_id=969, url='java.io.StringReader@782d260a' where picture_id=3659;
2022-10-10 14:33:47.581  INFO 4460 --- [    Test worker] p6spy                                    : #1665380027581 | took 0ms | statement | connection 28| url jdbc:h2:mem:ad3a9e80-f26d-4a3e-9691-17f803db5723
update picture set spot_id=?, url=? where picture_id=?
update picture set spot_id=970, url='java.io.StringReader@13b1e852' where picture_id=3661;
2022-10-10 14:33:47.581  INFO 4460 --- [    Test worker] p6spy                                    : #1665380027581 | took 0ms | statement | connection 28| url jdbc:h2:mem:ad3a9e80-f26d-4a3e-9691-17f803db5723
update picture set spot_id=?, url=? where picture_id=?
update picture set spot_id=970, url='java.io.StringReader@5ca20641' where picture_id=3662;
2022-10-10 14:33:47.581  INFO 4460 --- [    Test worker] p6spy                                    : #1665380027581 | took 0ms | statement | connection 28| url jdbc:h2:mem:ad3a9e80-f26d-4a3e-9691-17f803db5723
update picture set spot_id=?, url=? where picture_id=?
update picture set spot_id=970, url='java.io.StringReader@7edb6d86' where picture_id=3663;
2022-10-10 14:33:47.581  INFO 4460 --- [    Test worker] c.j.r.FavoriteSpotQueryRepositoryTest    : member1 = Member(id=24, username=member1, email=member1@gmail.com, password=1234)
2022-10-10 14:33:47.581  INFO 4460 --- [    Test worker] c.j.r.FavoriteSpotQueryRepositoryTest    : favoriteMain = Favorite(id=44, name=1일차)
2022-10-10 14:33:47.581  INFO 4460 --- [    Test worker] c.j.r.FavoriteSpotQueryRepositoryTest    : spots[0] = capstone.jejuTourrecommend.domain.Spot@5e58c554
2022-10-10 14:33:47.581  INFO 4460 --- [    Test worker] c.j.r.FavoriteSpotQueryRepositoryTest    : favoriteSpots[0] = FavoriteSpot(id=579, count=0)
2022-10-10 14:33:47.582  INFO 4460 --- [    Test worker] p6spy                                    : #1665380027582 | took 0ms | statement | connection 28| url jdbc:h2:mem:ad3a9e80-f26d-4a3e-9691-17f803db5723
select member0_.member_id as member_i1_2_, member0_.created_date as created_2_2_, member0_.last_modified_date as last_mod3_2_, member0_.created_by as created_4_2_, member0_.last_modified_by as last_mod5_2_, member0_.email as email6_2_, member0_.password as password7_2_, member0_.refresh_token as refresh_8_2_, member0_.role as role9_2_, member0_.username as usernam10_2_ from member member0_ where member0_.email=?
select member0_.member_id as member_i1_2_, member0_.created_date as created_2_2_, member0_.last_modified_date as last_mod3_2_, member0_.created_by as created_4_2_, member0_.last_modified_by as last_mod5_2_, member0_.email as email6_2_, member0_.password as password7_2_, member0_.refresh_token as refresh_8_2_, member0_.role as role9_2_, member0_.username as usernam10_2_ from member member0_ where member0_.email='member1@gmail.com';
2022-10-10 14:33:47.583  INFO 4460 --- [    Test worker] p6spy                                    : #1665380027583 | took 0ms | statement | connection 28| url jdbc:h2:mem:ad3a9e80-f26d-4a3e-9691-17f803db5723
select favorite0_.favorite_id as col_0_0_, favorite0_.name as col_1_0_ from favorite favorite0_ where favorite0_.member_id=? limit ?
select favorite0_.favorite_id as col_0_0_, favorite0_.name as col_1_0_ from favorite favorite0_ where favorite0_.member_id=24 limit 3;
2022-10-10 14:33:47.583  INFO 4460 --- [    Test worker] p6spy                                    : #1665380027583 | took 0ms | statement | connection 28| url jdbc:h2:mem:ad3a9e80-f26d-4a3e-9691-17f803db5723
select favoritesp0_.spot_id as col_0_0_ from favorite_spot favoritesp0_ where favoritesp0_.favorite_id=?
select favoritesp0_.spot_id as col_0_0_ from favorite_spot favoritesp0_ where favoritesp0_.favorite_id=44;
2022-10-10 14:33:47.583  INFO 4460 --- [    Test worker] p6spy                                    : #1665380027583 | took 0ms | statement | connection 28| url jdbc:h2:mem:ad3a9e80-f26d-4a3e-9691-17f803db5723
select picture0_.picture_id as col_0_0_, picture0_.url as col_1_0_, picture0_.spot_id as col_2_0_ from picture picture0_ inner join spot spot1_ on picture0_.spot_id=spot1_.spot_id where picture0_.spot_id=? limit ?
select picture0_.picture_id as col_0_0_, picture0_.url as col_1_0_, picture0_.spot_id as col_2_0_ from picture picture0_ inner join spot spot1_ on picture0_.spot_id=spot1_.spot_id where picture0_.spot_id=871 limit 3;
2022-10-10 14:33:47.584  INFO 4460 --- [    Test worker] p6spy                                    : #1665380027584 | took 0ms | statement | connection 28| url jdbc:h2:mem:ad3a9e80-f26d-4a3e-9691-17f803db5723
select picture0_.picture_id as col_0_0_, picture0_.url as col_1_0_, picture0_.spot_id as col_2_0_ from picture picture0_ inner join spot spot1_ on picture0_.spot_id=spot1_.spot_id where picture0_.spot_id=? limit ?
select picture0_.picture_id as col_0_0_, picture0_.url as col_1_0_, picture0_.spot_id as col_2_0_ from picture picture0_ inner join spot spot1_ on picture0_.spot_id=spot1_.spot_id where picture0_.spot_id=873 limit 3;
2022-10-10 14:33:47.584  INFO 4460 --- [    Test worker] p6spy                                    : #1665380027584 | took 0ms | statement | connection 28| url jdbc:h2:mem:ad3a9e80-f26d-4a3e-9691-17f803db5723
select picture0_.picture_id as col_0_0_, picture0_.url as col_1_0_, picture0_.spot_id as col_2_0_ from picture picture0_ inner join spot spot1_ on picture0_.spot_id=spot1_.spot_id where picture0_.spot_id=? limit ?
select picture0_.picture_id as col_0_0_, picture0_.url as col_1_0_, picture0_.spot_id as col_2_0_ from picture picture0_ inner join spot spot1_ on picture0_.spot_id=spot1_.spot_id where picture0_.spot_id=875 limit 3;
2022-10-10 14:33:47.584  INFO 4460 --- [    Test worker] p6spy                                    : #1665380027584 | took 0ms | statement | connection 28| url jdbc:h2:mem:ad3a9e80-f26d-4a3e-9691-17f803db5723
select picture0_.picture_id as col_0_0_, picture0_.url as col_1_0_, picture0_.spot_id as col_2_0_ from picture picture0_ inner join spot spot1_ on picture0_.spot_id=spot1_.spot_id where picture0_.spot_id=? limit ?
select picture0_.picture_id as col_0_0_, picture0_.url as col_1_0_, picture0_.spot_id as col_2_0_ from picture picture0_ inner join spot spot1_ on picture0_.spot_id=spot1_.spot_id where picture0_.spot_id=877 limit 3;
2022-10-10 14:33:47.584  INFO 4460 --- [    Test worker] p6spy                                    : #1665380027584 | took 0ms | statement | connection 28| url jdbc:h2:mem:ad3a9e80-f26d-4a3e-9691-17f803db5723
select picture0_.picture_id as col_0_0_, picture0_.url as col_1_0_, picture0_.spot_id as col_2_0_ from picture picture0_ inner join spot spot1_ on picture0_.spot_id=spot1_.spot_id where picture0_.spot_id=? limit ?
select picture0_.picture_id as col_0_0_, picture0_.url as col_1_0_, picture0_.spot_id as col_2_0_ from picture picture0_ inner join spot spot1_ on picture0_.spot_id=spot1_.spot_id where picture0_.spot_id=879 limit 3;
2022-10-10 14:33:47.585  INFO 4460 --- [    Test worker] p6spy                                    : #1665380027585 | took 0ms | statement | connection 28| url jdbc:h2:mem:ad3a9e80-f26d-4a3e-9691-17f803db5723
select picture0_.picture_id as col_0_0_, picture0_.url as col_1_0_, picture0_.spot_id as col_2_0_ from picture picture0_ inner join spot spot1_ on picture0_.spot_id=spot1_.spot_id where picture0_.spot_id=? limit ?
select picture0_.picture_id as col_0_0_, picture0_.url as col_1_0_, picture0_.spot_id as col_2_0_ from picture picture0_ inner join spot spot1_ on picture0_.spot_id=spot1_.spot_id where picture0_.spot_id=881 limit 3;
2022-10-10 14:33:47.585  INFO 4460 --- [    Test worker] p6spy                                    : #1665380027585 | took 0ms | statement | connection 28| url jdbc:h2:mem:ad3a9e80-f26d-4a3e-9691-17f803db5723
select picture0_.picture_id as col_0_0_, picture0_.url as col_1_0_, picture0_.spot_id as col_2_0_ from picture picture0_ inner join spot spot1_ on picture0_.spot_id=spot1_.spot_id where picture0_.spot_id=? limit ?
select picture0_.picture_id as col_0_0_, picture0_.url as col_1_0_, picture0_.spot_id as col_2_0_ from picture picture0_ inner join spot spot1_ on picture0_.spot_id=spot1_.spot_id where picture0_.spot_id=883 limit 3;
2022-10-10 14:33:47.585  INFO 4460 --- [    Test worker] p6spy                                    : #1665380027585 | took 0ms | statement | connection 28| url jdbc:h2:mem:ad3a9e80-f26d-4a3e-9691-17f803db5723
select picture0_.picture_id as col_0_0_, picture0_.url as col_1_0_, picture0_.spot_id as col_2_0_ from picture picture0_ inner join spot spot1_ on picture0_.spot_id=spot1_.spot_id where picture0_.spot_id=? limit ?
select picture0_.picture_id as col_0_0_, picture0_.url as col_1_0_, picture0_.spot_id as col_2_0_ from picture picture0_ inner join spot spot1_ on picture0_.spot_id=spot1_.spot_id where picture0_.spot_id=885 limit 3;
2022-10-10 14:33:47.586  INFO 4460 --- [    Test worker] p6spy                                    : #1665380027586 | took 0ms | statement | connection 28| url jdbc:h2:mem:ad3a9e80-f26d-4a3e-9691-17f803db5723
select picture0_.picture_id as col_0_0_, picture0_.url as col_1_0_, picture0_.spot_id as col_2_0_ from picture picture0_ inner join spot spot1_ on picture0_.spot_id=spot1_.spot_id where picture0_.spot_id=? limit ?
select picture0_.picture_id as col_0_0_, picture0_.url as col_1_0_, picture0_.spot_id as col_2_0_ from picture picture0_ inner join spot spot1_ on picture0_.spot_id=spot1_.spot_id where picture0_.spot_id=887 limit 3;
2022-10-10 14:33:47.586  INFO 4460 --- [    Test worker] p6spy                                    : #1665380027586 | took 0ms | statement | connection 28| url jdbc:h2:mem:ad3a9e80-f26d-4a3e-9691-17f803db5723
select picture0_.picture_id as col_0_0_, picture0_.url as col_1_0_, picture0_.spot_id as col_2_0_ from picture picture0_ inner join spot spot1_ on picture0_.spot_id=spot1_.spot_id where picture0_.spot_id=? limit ?
select picture0_.picture_id as col_0_0_, picture0_.url as col_1_0_, picture0_.spot_id as col_2_0_ from picture picture0_ inner join spot spot1_ on picture0_.spot_id=spot1_.spot_id where picture0_.spot_id=889 limit 3;
2022-10-10 14:33:47.586  INFO 4460 --- [    Test worker] p6spy                                    : #1665380027586 | took 0ms | statement | connection 28| url jdbc:h2:mem:ad3a9e80-f26d-4a3e-9691-17f803db5723
select picture0_.picture_id as col_0_0_, picture0_.url as col_1_0_, picture0_.spot_id as col_2_0_ from picture picture0_ inner join spot spot1_ on picture0_.spot_id=spot1_.spot_id where picture0_.spot_id=? limit ?
select picture0_.picture_id as col_0_0_, picture0_.url as col_1_0_, picture0_.spot_id as col_2_0_ from picture picture0_ inner join spot spot1_ on picture0_.spot_id=spot1_.spot_id where picture0_.spot_id=891 limit 3;
2022-10-10 14:33:47.587  INFO 4460 --- [    Test worker] p6spy                                    : #1665380027587 | took 0ms | statement | connection 28| url jdbc:h2:mem:ad3a9e80-f26d-4a3e-9691-17f803db5723
select picture0_.picture_id as col_0_0_, picture0_.url as col_1_0_, picture0_.spot_id as col_2_0_ from picture picture0_ inner join spot spot1_ on picture0_.spot_id=spot1_.spot_id where picture0_.spot_id=? limit ?
select picture0_.picture_id as col_0_0_, picture0_.url as col_1_0_, picture0_.spot_id as col_2_0_ from picture picture0_ inner join spot spot1_ on picture0_.spot_id=spot1_.spot_id where picture0_.spot_id=893 limit 3;
2022-10-10 14:33:47.587  INFO 4460 --- [    Test worker] p6spy                                    : #1665380027587 | took 0ms | statement | connection 28| url jdbc:h2:mem:ad3a9e80-f26d-4a3e-9691-17f803db5723
select picture0_.picture_id as col_0_0_, picture0_.url as col_1_0_, picture0_.spot_id as col_2_0_ from picture picture0_ inner join spot spot1_ on picture0_.spot_id=spot1_.spot_id where picture0_.spot_id=? limit ?
select picture0_.picture_id as col_0_0_, picture0_.url as col_1_0_, picture0_.spot_id as col_2_0_ from picture picture0_ inner join spot spot1_ on picture0_.spot_id=spot1_.spot_id where picture0_.spot_id=895 limit 3;
2022-10-10 14:33:47.587  INFO 4460 --- [    Test worker] p6spy                                    : #1665380027587 | took 0ms | statement | connection 28| url jdbc:h2:mem:ad3a9e80-f26d-4a3e-9691-17f803db5723
select picture0_.picture_id as col_0_0_, picture0_.url as col_1_0_, picture0_.spot_id as col_2_0_ from picture picture0_ inner join spot spot1_ on picture0_.spot_id=spot1_.spot_id where picture0_.spot_id=? limit ?
select picture0_.picture_id as col_0_0_, picture0_.url as col_1_0_, picture0_.spot_id as col_2_0_ from picture picture0_ inner join spot spot1_ on picture0_.spot_id=spot1_.spot_id where picture0_.spot_id=897 limit 3;
2022-10-10 14:33:47.587  INFO 4460 --- [    Test worker] p6spy                                    : #1665380027587 | took 0ms | statement | connection 28| url jdbc:h2:mem:ad3a9e80-f26d-4a3e-9691-17f803db5723
select picture0_.picture_id as col_0_0_, picture0_.url as col_1_0_, picture0_.spot_id as col_2_0_ from picture picture0_ inner join spot spot1_ on picture0_.spot_id=spot1_.spot_id where picture0_.spot_id=? limit ?
select picture0_.picture_id as col_0_0_, picture0_.url as col_1_0_, picture0_.spot_id as col_2_0_ from picture picture0_ inner join spot spot1_ on picture0_.spot_id=spot1_.spot_id where picture0_.spot_id=899 limit 3;
2022-10-10 14:33:47.588  INFO 4460 --- [    Test worker] p6spy                                    : #1665380027588 | took 0ms | statement | connection 28| url jdbc:h2:mem:ad3a9e80-f26d-4a3e-9691-17f803db5723
select picture0_.picture_id as col_0_0_, picture0_.url as col_1_0_, picture0_.spot_id as col_2_0_ from picture picture0_ inner join spot spot1_ on picture0_.spot_id=spot1_.spot_id where picture0_.spot_id=? limit ?
select picture0_.picture_id as col_0_0_, picture0_.url as col_1_0_, picture0_.spot_id as col_2_0_ from picture picture0_ inner join spot spot1_ on picture0_.spot_id=spot1_.spot_id where picture0_.spot_id=901 limit 3;
2022-10-10 14:33:47.588  INFO 4460 --- [    Test worker] p6spy                                    : #1665380027588 | took 0ms | statement | connection 28| url jdbc:h2:mem:ad3a9e80-f26d-4a3e-9691-17f803db5723
select picture0_.picture_id as col_0_0_, picture0_.url as col_1_0_, picture0_.spot_id as col_2_0_ from picture picture0_ inner join spot spot1_ on picture0_.spot_id=spot1_.spot_id where picture0_.spot_id=? limit ?
select picture0_.picture_id as col_0_0_, picture0_.url as col_1_0_, picture0_.spot_id as col_2_0_ from picture picture0_ inner join spot spot1_ on picture0_.spot_id=spot1_.spot_id where picture0_.spot_id=903 limit 3;
2022-10-10 14:33:47.588  INFO 4460 --- [    Test worker] p6spy                                    : #1665380027588 | took 0ms | statement | connection 28| url jdbc:h2:mem:ad3a9e80-f26d-4a3e-9691-17f803db5723
select picture0_.picture_id as col_0_0_, picture0_.url as col_1_0_, picture0_.spot_id as col_2_0_ from picture picture0_ inner join spot spot1_ on picture0_.spot_id=spot1_.spot_id where picture0_.spot_id=? limit ?
select picture0_.picture_id as col_0_0_, picture0_.url as col_1_0_, picture0_.spot_id as col_2_0_ from picture picture0_ inner join spot spot1_ on picture0_.spot_id=spot1_.spot_id where picture0_.spot_id=905 limit 3;
2022-10-10 14:33:47.588  INFO 4460 --- [    Test worker] p6spy                                    : #1665380027588 | took 0ms | statement | connection 28| url jdbc:h2:mem:ad3a9e80-f26d-4a3e-9691-17f803db5723
select picture0_.picture_id as col_0_0_, picture0_.url as col_1_0_, picture0_.spot_id as col_2_0_ from picture picture0_ inner join spot spot1_ on picture0_.spot_id=spot1_.spot_id where picture0_.spot_id=? limit ?
select picture0_.picture_id as col_0_0_, picture0_.url as col_1_0_, picture0_.spot_id as col_2_0_ from picture picture0_ inner join spot spot1_ on picture0_.spot_id=spot1_.spot_id where picture0_.spot_id=907 limit 3;
2022-10-10 14:33:47.589  INFO 4460 --- [    Test worker] p6spy                                    : #1665380027589 | took 0ms | statement | connection 28| url jdbc:h2:mem:ad3a9e80-f26d-4a3e-9691-17f803db5723
select picture0_.picture_id as col_0_0_, picture0_.url as col_1_0_, picture0_.spot_id as col_2_0_ from picture picture0_ inner join spot spot1_ on picture0_.spot_id=spot1_.spot_id where picture0_.spot_id=? limit ?
select picture0_.picture_id as col_0_0_, picture0_.url as col_1_0_, picture0_.spot_id as col_2_0_ from picture picture0_ inner join spot spot1_ on picture0_.spot_id=spot1_.spot_id where picture0_.spot_id=909 limit 3;
2022-10-10 14:33:47.589  INFO 4460 --- [    Test worker] p6spy                                    : #1665380027589 | took 0ms | statement | connection 28| url jdbc:h2:mem:ad3a9e80-f26d-4a3e-9691-17f803db5723
select picture0_.picture_id as col_0_0_, picture0_.url as col_1_0_, picture0_.spot_id as col_2_0_ from picture picture0_ inner join spot spot1_ on picture0_.spot_id=spot1_.spot_id where picture0_.spot_id=? limit ?
select picture0_.picture_id as col_0_0_, picture0_.url as col_1_0_, picture0_.spot_id as col_2_0_ from picture picture0_ inner join spot spot1_ on picture0_.spot_id=spot1_.spot_id where picture0_.spot_id=911 limit 3;
2022-10-10 14:33:47.589  INFO 4460 --- [    Test worker] p6spy                                    : #1665380027589 | took 0ms | statement | connection 28| url jdbc:h2:mem:ad3a9e80-f26d-4a3e-9691-17f803db5723
select picture0_.picture_id as col_0_0_, picture0_.url as col_1_0_, picture0_.spot_id as col_2_0_ from picture picture0_ inner join spot spot1_ on picture0_.spot_id=spot1_.spot_id where picture0_.spot_id=? limit ?
select picture0_.picture_id as col_0_0_, picture0_.url as col_1_0_, picture0_.spot_id as col_2_0_ from picture picture0_ inner join spot spot1_ on picture0_.spot_id=spot1_.spot_id where picture0_.spot_id=913 limit 3;
2022-10-10 14:33:47.590  INFO 4460 --- [    Test worker] p6spy                                    : #1665380027590 | took 0ms | statement | connection 28| url jdbc:h2:mem:ad3a9e80-f26d-4a3e-9691-17f803db5723
select picture0_.picture_id as col_0_0_, picture0_.url as col_1_0_, picture0_.spot_id as col_2_0_ from picture picture0_ inner join spot spot1_ on picture0_.spot_id=spot1_.spot_id where picture0_.spot_id=? limit ?
select picture0_.picture_id as col_0_0_, picture0_.url as col_1_0_, picture0_.spot_id as col_2_0_ from picture picture0_ inner join spot spot1_ on picture0_.spot_id=spot1_.spot_id where picture0_.spot_id=915 limit 3;
2022-10-10 14:33:47.590  INFO 4460 --- [    Test worker] p6spy                                    : #1665380027590 | took 0ms | statement | connection 28| url jdbc:h2:mem:ad3a9e80-f26d-4a3e-9691-17f803db5723
select picture0_.picture_id as col_0_0_, picture0_.url as col_1_0_, picture0_.spot_id as col_2_0_ from picture picture0_ inner join spot spot1_ on picture0_.spot_id=spot1_.spot_id where picture0_.spot_id=? limit ?
select picture0_.picture_id as col_0_0_, picture0_.url as col_1_0_, picture0_.spot_id as col_2_0_ from picture picture0_ inner join spot spot1_ on picture0_.spot_id=spot1_.spot_id where picture0_.spot_id=917 limit 3;
2022-10-10 14:33:47.590  INFO 4460 --- [    Test worker] p6spy                                    : #1665380027590 | took 0ms | statement | connection 28| url jdbc:h2:mem:ad3a9e80-f26d-4a3e-9691-17f803db5723
select picture0_.picture_id as col_0_0_, picture0_.url as col_1_0_, picture0_.spot_id as col_2_0_ from picture picture0_ inner join spot spot1_ on picture0_.spot_id=spot1_.spot_id where picture0_.spot_id=? limit ?
select picture0_.picture_id as col_0_0_, picture0_.url as col_1_0_, picture0_.spot_id as col_2_0_ from picture picture0_ inner join spot spot1_ on picture0_.spot_id=spot1_.spot_id where picture0_.spot_id=919 limit 3;
2022-10-10 14:33:47.590  INFO 4460 --- [    Test worker] p6spy                                    : #1665380027590 | took 0ms | statement | connection 28| url jdbc:h2:mem:ad3a9e80-f26d-4a3e-9691-17f803db5723
select picture0_.picture_id as col_0_0_, picture0_.url as col_1_0_, picture0_.spot_id as col_2_0_ from picture picture0_ inner join spot spot1_ on picture0_.spot_id=spot1_.spot_id where picture0_.spot_id=? limit ?
select picture0_.picture_id as col_0_0_, picture0_.url as col_1_0_, picture0_.spot_id as col_2_0_ from picture picture0_ inner join spot spot1_ on picture0_.spot_id=spot1_.spot_id where picture0_.spot_id=921 limit 3;
2022-10-10 14:33:47.591  INFO 4460 --- [    Test worker] p6spy                                    : #1665380027591 | took 0ms | statement | connection 28| url jdbc:h2:mem:ad3a9e80-f26d-4a3e-9691-17f803db5723
select picture0_.picture_id as col_0_0_, picture0_.url as col_1_0_, picture0_.spot_id as col_2_0_ from picture picture0_ inner join spot spot1_ on picture0_.spot_id=spot1_.spot_id where picture0_.spot_id=? limit ?
select picture0_.picture_id as col_0_0_, picture0_.url as col_1_0_, picture0_.spot_id as col_2_0_ from picture picture0_ inner join spot spot1_ on picture0_.spot_id=spot1_.spot_id where picture0_.spot_id=923 limit 3;
2022-10-10 14:33:47.591  INFO 4460 --- [    Test worker] p6spy                                    : #1665380027591 | took 0ms | statement | connection 28| url jdbc:h2:mem:ad3a9e80-f26d-4a3e-9691-17f803db5723
select picture0_.picture_id as col_0_0_, picture0_.url as col_1_0_, picture0_.spot_id as col_2_0_ from picture picture0_ inner join spot spot1_ on picture0_.spot_id=spot1_.spot_id where picture0_.spot_id=? limit ?
select picture0_.picture_id as col_0_0_, picture0_.url as col_1_0_, picture0_.spot_id as col_2_0_ from picture picture0_ inner join spot spot1_ on picture0_.spot_id=spot1_.spot_id where picture0_.spot_id=925 limit 3;
2022-10-10 14:33:47.591  INFO 4460 --- [    Test worker] p6spy                                    : #1665380027591 | took 0ms | statement | connection 28| url jdbc:h2:mem:ad3a9e80-f26d-4a3e-9691-17f803db5723
select picture0_.picture_id as col_0_0_, picture0_.url as col_1_0_, picture0_.spot_id as col_2_0_ from picture picture0_ inner join spot spot1_ on picture0_.spot_id=spot1_.spot_id where picture0_.spot_id=? limit ?
select picture0_.picture_id as col_0_0_, picture0_.url as col_1_0_, picture0_.spot_id as col_2_0_ from picture picture0_ inner join spot spot1_ on picture0_.spot_id=spot1_.spot_id where picture0_.spot_id=927 limit 3;
2022-10-10 14:33:47.591  INFO 4460 --- [    Test worker] p6spy                                    : #1665380027591 | took 0ms | statement | connection 28| url jdbc:h2:mem:ad3a9e80-f26d-4a3e-9691-17f803db5723
select picture0_.picture_id as col_0_0_, picture0_.url as col_1_0_, picture0_.spot_id as col_2_0_ from picture picture0_ inner join spot spot1_ on picture0_.spot_id=spot1_.spot_id where picture0_.spot_id=? limit ?
select picture0_.picture_id as col_0_0_, picture0_.url as col_1_0_, picture0_.spot_id as col_2_0_ from picture picture0_ inner join spot spot1_ on picture0_.spot_id=spot1_.spot_id where picture0_.spot_id=929 limit 3;
2022-10-10 14:33:47.591  INFO 4460 --- [    Test worker] p6spy                                    : #1665380027591 | took 0ms | statement | connection 28| url jdbc:h2:mem:ad3a9e80-f26d-4a3e-9691-17f803db5723
select picture0_.picture_id as col_0_0_, picture0_.url as col_1_0_, picture0_.spot_id as col_2_0_ from picture picture0_ inner join spot spot1_ on picture0_.spot_id=spot1_.spot_id where picture0_.spot_id=? limit ?
select picture0_.picture_id as col_0_0_, picture0_.url as col_1_0_, picture0_.spot_id as col_2_0_ from picture picture0_ inner join spot spot1_ on picture0_.spot_id=spot1_.spot_id where picture0_.spot_id=931 limit 3;
2022-10-10 14:33:47.592  INFO 4460 --- [    Test worker] p6spy                                    : #1665380027592 | took 0ms | statement | connection 28| url jdbc:h2:mem:ad3a9e80-f26d-4a3e-9691-17f803db5723
select picture0_.picture_id as col_0_0_, picture0_.url as col_1_0_, picture0_.spot_id as col_2_0_ from picture picture0_ inner join spot spot1_ on picture0_.spot_id=spot1_.spot_id where picture0_.spot_id=? limit ?
select picture0_.picture_id as col_0_0_, picture0_.url as col_1_0_, picture0_.spot_id as col_2_0_ from picture picture0_ inner join spot spot1_ on picture0_.spot_id=spot1_.spot_id where picture0_.spot_id=933 limit 3;
2022-10-10 14:33:47.592  INFO 4460 --- [    Test worker] p6spy                                    : #1665380027592 | took 0ms | statement | connection 28| url jdbc:h2:mem:ad3a9e80-f26d-4a3e-9691-17f803db5723
select picture0_.picture_id as col_0_0_, picture0_.url as col_1_0_, picture0_.spot_id as col_2_0_ from picture picture0_ inner join spot spot1_ on picture0_.spot_id=spot1_.spot_id where picture0_.spot_id=? limit ?
select picture0_.picture_id as col_0_0_, picture0_.url as col_1_0_, picture0_.spot_id as col_2_0_ from picture picture0_ inner join spot spot1_ on picture0_.spot_id=spot1_.spot_id where picture0_.spot_id=935 limit 3;
2022-10-10 14:33:47.592  INFO 4460 --- [    Test worker] p6spy                                    : #1665380027592 | took 0ms | statement | connection 28| url jdbc:h2:mem:ad3a9e80-f26d-4a3e-9691-17f803db5723
select picture0_.picture_id as col_0_0_, picture0_.url as col_1_0_, picture0_.spot_id as col_2_0_ from picture picture0_ inner join spot spot1_ on picture0_.spot_id=spot1_.spot_id where picture0_.spot_id=? limit ?
select picture0_.picture_id as col_0_0_, picture0_.url as col_1_0_, picture0_.spot_id as col_2_0_ from picture picture0_ inner join spot spot1_ on picture0_.spot_id=spot1_.spot_id where picture0_.spot_id=937 limit 3;
2022-10-10 14:33:47.592  INFO 4460 --- [    Test worker] p6spy                                    : #1665380027592 | took 0ms | statement | connection 28| url jdbc:h2:mem:ad3a9e80-f26d-4a3e-9691-17f803db5723
select picture0_.picture_id as col_0_0_, picture0_.url as col_1_0_, picture0_.spot_id as col_2_0_ from picture picture0_ inner join spot spot1_ on picture0_.spot_id=spot1_.spot_id where picture0_.spot_id=? limit ?
select picture0_.picture_id as col_0_0_, picture0_.url as col_1_0_, picture0_.spot_id as col_2_0_ from picture picture0_ inner join spot spot1_ on picture0_.spot_id=spot1_.spot_id where picture0_.spot_id=939 limit 3;
2022-10-10 14:33:47.593  INFO 4460 --- [    Test worker] p6spy                                    : #1665380027593 | took 0ms | statement | connection 28| url jdbc:h2:mem:ad3a9e80-f26d-4a3e-9691-17f803db5723
select picture0_.picture_id as col_0_0_, picture0_.url as col_1_0_, picture0_.spot_id as col_2_0_ from picture picture0_ inner join spot spot1_ on picture0_.spot_id=spot1_.spot_id where picture0_.spot_id=? limit ?
select picture0_.picture_id as col_0_0_, picture0_.url as col_1_0_, picture0_.spot_id as col_2_0_ from picture picture0_ inner join spot spot1_ on picture0_.spot_id=spot1_.spot_id where picture0_.spot_id=941 limit 3;
2022-10-10 14:33:47.593  INFO 4460 --- [    Test worker] p6spy                                    : #1665380027593 | took 0ms | statement | connection 28| url jdbc:h2:mem:ad3a9e80-f26d-4a3e-9691-17f803db5723
select picture0_.picture_id as col_0_0_, picture0_.url as col_1_0_, picture0_.spot_id as col_2_0_ from picture picture0_ inner join spot spot1_ on picture0_.spot_id=spot1_.spot_id where picture0_.spot_id=? limit ?
select picture0_.picture_id as col_0_0_, picture0_.url as col_1_0_, picture0_.spot_id as col_2_0_ from picture picture0_ inner join spot spot1_ on picture0_.spot_id=spot1_.spot_id where picture0_.spot_id=943 limit 3;
2022-10-10 14:33:47.593  INFO 4460 --- [    Test worker] p6spy                                    : #1665380027593 | took 0ms | statement | connection 28| url jdbc:h2:mem:ad3a9e80-f26d-4a3e-9691-17f803db5723
select picture0_.picture_id as col_0_0_, picture0_.url as col_1_0_, picture0_.spot_id as col_2_0_ from picture picture0_ inner join spot spot1_ on picture0_.spot_id=spot1_.spot_id where picture0_.spot_id=? limit ?
select picture0_.picture_id as col_0_0_, picture0_.url as col_1_0_, picture0_.spot_id as col_2_0_ from picture picture0_ inner join spot spot1_ on picture0_.spot_id=spot1_.spot_id where picture0_.spot_id=945 limit 3;
2022-10-10 14:33:47.594  INFO 4460 --- [    Test worker] p6spy                                    : #1665380027594 | took 0ms | statement | connection 28| url jdbc:h2:mem:ad3a9e80-f26d-4a3e-9691-17f803db5723
select picture0_.picture_id as col_0_0_, picture0_.url as col_1_0_, picture0_.spot_id as col_2_0_ from picture picture0_ inner join spot spot1_ on picture0_.spot_id=spot1_.spot_id where picture0_.spot_id=? limit ?
select picture0_.picture_id as col_0_0_, picture0_.url as col_1_0_, picture0_.spot_id as col_2_0_ from picture picture0_ inner join spot spot1_ on picture0_.spot_id=spot1_.spot_id where picture0_.spot_id=947 limit 3;
2022-10-10 14:33:47.594  INFO 4460 --- [    Test worker] p6spy                                    : #1665380027594 | took 0ms | statement | connection 28| url jdbc:h2:mem:ad3a9e80-f26d-4a3e-9691-17f803db5723
select picture0_.picture_id as col_0_0_, picture0_.url as col_1_0_, picture0_.spot_id as col_2_0_ from picture picture0_ inner join spot spot1_ on picture0_.spot_id=spot1_.spot_id where picture0_.spot_id=? limit ?
select picture0_.picture_id as col_0_0_, picture0_.url as col_1_0_, picture0_.spot_id as col_2_0_ from picture picture0_ inner join spot spot1_ on picture0_.spot_id=spot1_.spot_id where picture0_.spot_id=949 limit 3;
2022-10-10 14:33:47.594  INFO 4460 --- [    Test worker] p6spy                                    : #1665380027594 | took 0ms | statement | connection 28| url jdbc:h2:mem:ad3a9e80-f26d-4a3e-9691-17f803db5723
select picture0_.picture_id as col_0_0_, picture0_.url as col_1_0_, picture0_.spot_id as col_2_0_ from picture picture0_ inner join spot spot1_ on picture0_.spot_id=spot1_.spot_id where picture0_.spot_id=? limit ?
select picture0_.picture_id as col_0_0_, picture0_.url as col_1_0_, picture0_.spot_id as col_2_0_ from picture picture0_ inner join spot spot1_ on picture0_.spot_id=spot1_.spot_id where picture0_.spot_id=951 limit 3;
2022-10-10 14:33:47.594  INFO 4460 --- [    Test worker] p6spy                                    : #1665380027594 | took 0ms | statement | connection 28| url jdbc:h2:mem:ad3a9e80-f26d-4a3e-9691-17f803db5723
select picture0_.picture_id as col_0_0_, picture0_.url as col_1_0_, picture0_.spot_id as col_2_0_ from picture picture0_ inner join spot spot1_ on picture0_.spot_id=spot1_.spot_id where picture0_.spot_id=? limit ?
select picture0_.picture_id as col_0_0_, picture0_.url as col_1_0_, picture0_.spot_id as col_2_0_ from picture picture0_ inner join spot spot1_ on picture0_.spot_id=spot1_.spot_id where picture0_.spot_id=953 limit 3;
2022-10-10 14:33:47.594  INFO 4460 --- [    Test worker] p6spy                                    : #1665380027594 | took 0ms | statement | connection 28| url jdbc:h2:mem:ad3a9e80-f26d-4a3e-9691-17f803db5723
select picture0_.picture_id as col_0_0_, picture0_.url as col_1_0_, picture0_.spot_id as col_2_0_ from picture picture0_ inner join spot spot1_ on picture0_.spot_id=spot1_.spot_id where picture0_.spot_id=? limit ?
select picture0_.picture_id as col_0_0_, picture0_.url as col_1_0_, picture0_.spot_id as col_2_0_ from picture picture0_ inner join spot spot1_ on picture0_.spot_id=spot1_.spot_id where picture0_.spot_id=955 limit 3;
2022-10-10 14:33:47.595  INFO 4460 --- [    Test worker] p6spy                                    : #1665380027595 | took 0ms | statement | connection 28| url jdbc:h2:mem:ad3a9e80-f26d-4a3e-9691-17f803db5723
select picture0_.picture_id as col_0_0_, picture0_.url as col_1_0_, picture0_.spot_id as col_2_0_ from picture picture0_ inner join spot spot1_ on picture0_.spot_id=spot1_.spot_id where picture0_.spot_id=? limit ?
select picture0_.picture_id as col_0_0_, picture0_.url as col_1_0_, picture0_.spot_id as col_2_0_ from picture picture0_ inner join spot spot1_ on picture0_.spot_id=spot1_.spot_id where picture0_.spot_id=957 limit 3;
2022-10-10 14:33:47.595  INFO 4460 --- [    Test worker] p6spy                                    : #1665380027595 | took 0ms | statement | connection 28| url jdbc:h2:mem:ad3a9e80-f26d-4a3e-9691-17f803db5723
select picture0_.picture_id as col_0_0_, picture0_.url as col_1_0_, picture0_.spot_id as col_2_0_ from picture picture0_ inner join spot spot1_ on picture0_.spot_id=spot1_.spot_id where picture0_.spot_id=? limit ?
select picture0_.picture_id as col_0_0_, picture0_.url as col_1_0_, picture0_.spot_id as col_2_0_ from picture picture0_ inner join spot spot1_ on picture0_.spot_id=spot1_.spot_id where picture0_.spot_id=959 limit 3;
2022-10-10 14:33:47.595  INFO 4460 --- [    Test worker] p6spy                                    : #1665380027595 | took 0ms | statement | connection 28| url jdbc:h2:mem:ad3a9e80-f26d-4a3e-9691-17f803db5723
select picture0_.picture_id as col_0_0_, picture0_.url as col_1_0_, picture0_.spot_id as col_2_0_ from picture picture0_ inner join spot spot1_ on picture0_.spot_id=spot1_.spot_id where picture0_.spot_id=? limit ?
select picture0_.picture_id as col_0_0_, picture0_.url as col_1_0_, picture0_.spot_id as col_2_0_ from picture picture0_ inner join spot spot1_ on picture0_.spot_id=spot1_.spot_id where picture0_.spot_id=961 limit 3;
2022-10-10 14:33:47.595  INFO 4460 --- [    Test worker] p6spy                                    : #1665380027595 | took 0ms | statement | connection 28| url jdbc:h2:mem:ad3a9e80-f26d-4a3e-9691-17f803db5723
select picture0_.picture_id as col_0_0_, picture0_.url as col_1_0_, picture0_.spot_id as col_2_0_ from picture picture0_ inner join spot spot1_ on picture0_.spot_id=spot1_.spot_id where picture0_.spot_id=? limit ?
select picture0_.picture_id as col_0_0_, picture0_.url as col_1_0_, picture0_.spot_id as col_2_0_ from picture picture0_ inner join spot spot1_ on picture0_.spot_id=spot1_.spot_id where picture0_.spot_id=963 limit 3;
2022-10-10 14:33:47.596  INFO 4460 --- [    Test worker] p6spy                                    : #1665380027596 | took 0ms | statement | connection 28| url jdbc:h2:mem:ad3a9e80-f26d-4a3e-9691-17f803db5723
select picture0_.picture_id as col_0_0_, picture0_.url as col_1_0_, picture0_.spot_id as col_2_0_ from picture picture0_ inner join spot spot1_ on picture0_.spot_id=spot1_.spot_id where picture0_.spot_id=? limit ?
select picture0_.picture_id as col_0_0_, picture0_.url as col_1_0_, picture0_.spot_id as col_2_0_ from picture picture0_ inner join spot spot1_ on picture0_.spot_id=spot1_.spot_id where picture0_.spot_id=965 limit 3;
2022-10-10 14:33:47.596  INFO 4460 --- [    Test worker] p6spy                                    : #1665380027596 | took 0ms | statement | connection 28| url jdbc:h2:mem:ad3a9e80-f26d-4a3e-9691-17f803db5723
select picture0_.picture_id as col_0_0_, picture0_.url as col_1_0_, picture0_.spot_id as col_2_0_ from picture picture0_ inner join spot spot1_ on picture0_.spot_id=spot1_.spot_id where picture0_.spot_id=? limit ?
select picture0_.picture_id as col_0_0_, picture0_.url as col_1_0_, picture0_.spot_id as col_2_0_ from picture picture0_ inner join spot spot1_ on picture0_.spot_id=spot1_.spot_id where picture0_.spot_id=967 limit 3;
2022-10-10 14:33:47.596  INFO 4460 --- [    Test worker] p6spy                                    : #1665380027596 | took 0ms | statement | connection 28| url jdbc:h2:mem:ad3a9e80-f26d-4a3e-9691-17f803db5723
select picture0_.picture_id as col_0_0_, picture0_.url as col_1_0_, picture0_.spot_id as col_2_0_ from picture picture0_ inner join spot spot1_ on picture0_.spot_id=spot1_.spot_id where picture0_.spot_id=? limit ?
select picture0_.picture_id as col_0_0_, picture0_.url as col_1_0_, picture0_.spot_id as col_2_0_ from picture picture0_ inner join spot spot1_ on picture0_.spot_id=spot1_.spot_id where picture0_.spot_id=969 limit 3;
after1-before1 = 15
2022-10-10 14:33:47.601  INFO 4460 --- [    Test worker] p6spy                                    : #1665380027601 | took 2ms | rollback | connection 28| url jdbc:h2:mem:ad3a9e80-f26d-4a3e-9691-17f803db5723

;
2022-10-10 14:33:47.601  INFO 4460 --- [    Test worker] o.s.t.c.transaction.TransactionContext   : Rolled back transaction for test: [DefaultTestContext@62231c0f testClass = FavoriteSpotQueryRepositoryTest, testInstance = capstone.jejuTourrecommend.repository.FavoriteSpotQueryRepositoryTest@2230b578, testMethod = favoriteListTest@FavoriteSpotQueryRepositoryTest, testException = [null], mergedContextConfiguration = [WebMergedContextConfiguration@fdc872e testClass = FavoriteSpotQueryRepositoryTest, locations = '{}', classes = '{class capstone.jejuTourrecommend.JejuTourRecommendApplication}', contextInitializerClasses = '[]', activeProfiles = '{}', propertySourceLocations = '{}', propertySourceProperties = '{org.springframework.boot.test.context.SpringBootTestContextBootstrapper=true}', contextCustomizers = set[org.springframework.boot.test.autoconfigure.actuate.metrics.MetricsExportContextCustomizerFactory$DisableMetricExportContextCustomizer@749c877b, org.springframework.boot.test.autoconfigure.properties.PropertyMappingContextCustomizer@0, org.springframework.boot.test.autoconfigure.web.servlet.WebDriverContextCustomizerFactory$Customizer@60f7cc1d, org.springframework.boot.test.context.filter.ExcludeFilterContextCustomizer@207ea13, org.springframework.boot.test.json.DuplicateJsonObjectContextCustomizerFactory$DuplicateJsonObjectContextCustomizer@5827af16, org.springframework.boot.test.mock.mockito.MockitoContextCustomizer@0, org.springframework.boot.test.web.client.TestRestTemplateContextCustomizer@50fe837a, org.springframework.boot.test.context.SpringBootTestArgs@1, org.springframework.boot.test.context.SpringBootTestWebEnvironment@51bd8b5c], resourceBasePath = 'src/main/webapp', contextLoader = 'org.springframework.boot.test.context.SpringBootContextLoader', parent = [null]], attributes = map['org.springframework.test.context.web.ServletTestExecutionListener.activateListener' -> true, 'org.springframework.test.context.web.ServletTestExecutionListener.populatedRequestContextHolder' -> true, 'org.springframework.test.context.web.ServletTestExecutionListener.resetRequestContextHolder' -> true, 'org.springframework.test.context.event.ApplicationEventsTestExecutionListener.recordApplicationEvents' -> false]]
]]></system-out>
  <system-err><![CDATA[]]></system-err>
</testsuite>
