<?xml version="1.0" encoding="UTF-8"?>
<testsuite name="capstone.jejuTourrecommend.domain.FavoriteSpotTest" tests="2" skipped="0" failures="0" errors="0" timestamp="2022-10-10T04:48:03" hostname="Heon-MacBookPro.local" time="0.027">
  <properties/>
  <testcase name="fs_SpotTest()" classname="capstone.jejuTourrecommend.domain.FavoriteSpotTest" time="0.019"/>
  <testcase name="fs_favoriteTest()" classname="capstone.jejuTourrecommend.domain.FavoriteSpotTest" time="0.007"/>
  <system-out><![CDATA[2022-10-10 13:48:03.841  INFO 3923 --- [    Test worker] .b.t.c.SpringBootTestContextBootstrapper : Neither @ContextConfiguration nor @ContextHierarchy found for test class [capstone.jejuTourrecommend.domain.FavoriteSpotTest], using SpringBootContextLoader
2022-10-10 13:48:03.841  INFO 3923 --- [    Test worker] o.s.t.c.support.AbstractContextLoader    : Could not detect default resource locations for test class [capstone.jejuTourrecommend.domain.FavoriteSpotTest]: no resource found for suffixes {-context.xml, Context.groovy}.
2022-10-10 13:48:03.841  INFO 3923 --- [    Test worker] t.c.s.AnnotationConfigContextLoaderUtils : Could not detect default configuration classes for test class [capstone.jejuTourrecommend.domain.FavoriteSpotTest]: FavoriteSpotTest does not declare any static, non-private, non-final, nested classes annotated with @Configuration.
2022-10-10 13:48:03.844  INFO 3923 --- [    Test worker] .b.t.c.SpringBootTestContextBootstrapper : Found @SpringBootConfiguration capstone.jejuTourrecommend.JejuTourRecommendApplication for test class capstone.jejuTourrecommend.domain.FavoriteSpotTest
2022-10-10 13:48:03.845  INFO 3923 --- [    Test worker] .b.t.c.SpringBootTestContextBootstrapper : Loaded default TestExecutionListener class names from location [META-INF/spring.factories]: [org.springframework.boot.test.autoconfigure.restdocs.RestDocsTestExecutionListener, org.springframework.boot.test.autoconfigure.web.client.MockRestServiceServerResetTestExecutionListener, org.springframework.boot.test.autoconfigure.web.servlet.MockMvcPrintOnlyOnFailureTestExecutionListener, org.springframework.boot.test.autoconfigure.web.servlet.WebDriverTestExecutionListener, org.springframework.boot.test.autoconfigure.webservices.client.MockWebServiceServerTestExecutionListener, org.springframework.boot.test.mock.mockito.MockitoTestExecutionListener, org.springframework.boot.test.mock.mockito.ResetMocksTestExecutionListener, org.springframework.test.context.web.ServletTestExecutionListener, org.springframework.test.context.support.DirtiesContextBeforeModesTestExecutionListener, org.springframework.test.context.event.ApplicationEventsTestExecutionListener, org.springframework.test.context.support.DependencyInjectionTestExecutionListener, org.springframework.test.context.support.DirtiesContextTestExecutionListener, org.springframework.test.context.transaction.TransactionalTestExecutionListener, org.springframework.test.context.jdbc.SqlScriptsTestExecutionListener, org.springframework.test.context.event.EventPublishingTestExecutionListener]
2022-10-10 13:48:03.845  INFO 3923 --- [    Test worker] .b.t.c.SpringBootTestContextBootstrapper : Using TestExecutionListeners: [org.springframework.test.context.web.ServletTestExecutionListener@37d92db4, org.springframework.test.context.support.DirtiesContextBeforeModesTestExecutionListener@7fa9e773, org.springframework.test.context.event.ApplicationEventsTestExecutionListener@58ef1543, org.springframework.boot.test.mock.mockito.MockitoTestExecutionListener@7af45006, org.springframework.boot.test.autoconfigure.SpringBootDependencyInjectionTestExecutionListener@4be7661, org.springframework.test.context.support.DirtiesContextTestExecutionListener@349c9bfa, org.springframework.test.context.transaction.TransactionalTestExecutionListener@1479c527, org.springframework.test.context.jdbc.SqlScriptsTestExecutionListener@4c55d3ce, org.springframework.test.context.event.EventPublishingTestExecutionListener@3bafa95b, org.springframework.boot.test.autoconfigure.restdocs.RestDocsTestExecutionListener@6bbcb69f, org.springframework.boot.test.autoconfigure.web.client.MockRestServiceServerResetTestExecutionListener@31360632, org.springframework.boot.test.autoconfigure.web.servlet.MockMvcPrintOnlyOnFailureTestExecutionListener@531f6879, org.springframework.boot.test.autoconfigure.web.servlet.WebDriverTestExecutionListener@153ce630, org.springframework.boot.test.autoconfigure.webservices.client.MockWebServiceServerTestExecutionListener@1b3aa246, org.springframework.boot.test.mock.mockito.ResetMocksTestExecutionListener@1abc3085]
2022-10-10 13:48:03.847  INFO 3923 --- [    Test worker] o.s.t.c.transaction.TransactionContext   : Began transaction (1) for test context [DefaultTestContext@32c8df0b testClass = FavoriteSpotTest, testInstance = capstone.jejuTourrecommend.domain.FavoriteSpotTest@4037a204, testMethod = fs_SpotTest@FavoriteSpotTest, testException = [null], mergedContextConfiguration = [WebMergedContextConfiguration@ed110d6 testClass = FavoriteSpotTest, locations = '{}', classes = '{class capstone.jejuTourrecommend.JejuTourRecommendApplication}', contextInitializerClasses = '[]', activeProfiles = '{}', propertySourceLocations = '{}', propertySourceProperties = '{org.springframework.boot.test.context.SpringBootTestContextBootstrapper=true}', contextCustomizers = set[org.springframework.boot.test.autoconfigure.actuate.metrics.MetricsExportContextCustomizerFactory$DisableMetricExportContextCustomizer@239b0f9d, org.springframework.boot.test.autoconfigure.properties.PropertyMappingContextCustomizer@0, org.springframework.boot.test.autoconfigure.web.servlet.WebDriverContextCustomizerFactory$Customizer@c260bdc, org.springframework.boot.test.context.filter.ExcludeFilterContextCustomizer@3f363cf5, org.springframework.boot.test.json.DuplicateJsonObjectContextCustomizerFactory$DuplicateJsonObjectContextCustomizer@1bb1fde8, org.springframework.boot.test.mock.mockito.MockitoContextCustomizer@0, org.springframework.boot.test.web.client.TestRestTemplateContextCustomizer@26a4842b, org.springframework.boot.test.context.SpringBootTestArgs@1, org.springframework.boot.test.context.SpringBootTestWebEnvironment@34b9f960], resourceBasePath = 'src/main/webapp', contextLoader = 'org.springframework.boot.test.context.SpringBootContextLoader', parent = [null]], attributes = map['org.springframework.test.context.web.ServletTestExecutionListener.activateListener' -> true, 'org.springframework.test.context.web.ServletTestExecutionListener.populatedRequestContextHolder' -> true, 'org.springframework.test.context.web.ServletTestExecutionListener.resetRequestContextHolder' -> true, 'org.springframework.test.context.event.ApplicationEventsTestExecutionListener.recordApplicationEvents' -> false]]; transaction manager [org.springframework.orm.jpa.JpaTransactionManager@5843ab8]; rollback [true]
2022-10-10 13:48:03.849  INFO 3923 --- [    Test worker] p6spy                                    : #1665377283849 | took 0ms | statement | connection 9| url jdbc:h2:mem:6a3784ae-1aa6-4bbf-b617-4d4aeabcc2af
insert into spot (address, description, location, name, score_id, spot_id) values (?, ?, ?, ?, ?, ?)
insert into spot (address, description, location, name, score_id, spot_id) values (NULL, NULL, NULL, 'spot1', NULL, 61);
2022-10-10 13:48:03.849  INFO 3923 --- [    Test worker] p6spy                                    : #1665377283849 | took 0ms | statement | connection 9| url jdbc:h2:mem:6a3784ae-1aa6-4bbf-b617-4d4aeabcc2af
insert into spot (address, description, location, name, score_id, spot_id) values (?, ?, ?, ?, ?, ?)
insert into spot (address, description, location, name, score_id, spot_id) values (NULL, NULL, NULL, 'spot2', NULL, 62);
2022-10-10 13:48:03.849  INFO 3923 --- [    Test worker] p6spy                                    : #1665377283849 | took 0ms | statement | connection 9| url jdbc:h2:mem:6a3784ae-1aa6-4bbf-b617-4d4aeabcc2af
insert into favorite_spot (count, favorite_id, spot_id, favorite_spot_id) values (?, ?, ?, ?)
insert into favorite_spot (count, favorite_id, spot_id, favorite_spot_id) values (0, NULL, 61, 63);
2022-10-10 13:48:03.849  INFO 3923 --- [    Test worker] p6spy                                    : #1665377283849 | took 0ms | statement | connection 9| url jdbc:h2:mem:6a3784ae-1aa6-4bbf-b617-4d4aeabcc2af
insert into favorite_spot (count, favorite_id, spot_id, favorite_spot_id) values (?, ?, ?, ?)
insert into favorite_spot (count, favorite_id, spot_id, favorite_spot_id) values (0, NULL, 61, 64);
2022-10-10 13:48:03.849  INFO 3923 --- [    Test worker] p6spy                                    : #1665377283849 | took 0ms | statement | connection 9| url jdbc:h2:mem:6a3784ae-1aa6-4bbf-b617-4d4aeabcc2af
insert into favorite_spot (count, favorite_id, spot_id, favorite_spot_id) values (?, ?, ?, ?)
insert into favorite_spot (count, favorite_id, spot_id, favorite_spot_id) values (0, NULL, 62, 65);
2022-10-10 13:48:03.849  INFO 3923 --- [    Test worker] p6spy                                    : #1665377283849 | took 0ms | statement | connection 9| url jdbc:h2:mem:6a3784ae-1aa6-4bbf-b617-4d4aeabcc2af
insert into favorite_spot (count, favorite_id, spot_id, favorite_spot_id) values (?, ?, ?, ?)
insert into favorite_spot (count, favorite_id, spot_id, favorite_spot_id) values (0, NULL, 62, 66);
2022-10-10 13:48:03.850  INFO 3923 --- [    Test worker] p6spy                                    : #1665377283850 | took 0ms | statement | connection 9| url jdbc:h2:mem:6a3784ae-1aa6-4bbf-b617-4d4aeabcc2af
select favoritesp0_.favorite_spot_id as favorite1_1_, favoritesp0_.count as count2_1_, favoritesp0_.favorite_id as favorite3_1_, favoritesp0_.spot_id as spot_id4_1_ from favorite_spot favoritesp0_
select favoritesp0_.favorite_spot_id as favorite1_1_, favoritesp0_.count as count2_1_, favoritesp0_.favorite_id as favorite3_1_, favoritesp0_.spot_id as spot_id4_1_ from favorite_spot favoritesp0_;
favoriteSpot = FavoriteSpot(id=63, count=0)
2022-10-10 13:48:03.860  INFO 3923 --- [    Test worker] p6spy                                    : #1665377283860 | took 0ms | statement | connection 9| url jdbc:h2:mem:6a3784ae-1aa6-4bbf-b617-4d4aeabcc2af
select spot0_.spot_id as spot_id1_7_0_, spot0_.address as address2_7_0_, spot0_.description as descript3_7_0_, spot0_.location as location4_7_0_, spot0_.name as name5_7_0_, spot0_.score_id as score_id6_7_0_ from spot spot0_ where spot0_.spot_id=?
select spot0_.spot_id as spot_id1_7_0_, spot0_.address as address2_7_0_, spot0_.description as descript3_7_0_, spot0_.location as location4_7_0_, spot0_.name as name5_7_0_, spot0_.score_id as score_id6_7_0_ from spot spot0_ where spot0_.spot_id=61;
favoriteSpot.getSpot() = capstone.jejuTourrecommend.domain.Spot@71d6e503
favoriteSpot = FavoriteSpot(id=64, count=0)
favoriteSpot.getSpot() = capstone.jejuTourrecommend.domain.Spot@71d6e503
favoriteSpot = FavoriteSpot(id=65, count=0)
2022-10-10 13:48:03.862  INFO 3923 --- [    Test worker] p6spy                                    : #1665377283862 | took 0ms | statement | connection 9| url jdbc:h2:mem:6a3784ae-1aa6-4bbf-b617-4d4aeabcc2af
select spot0_.spot_id as spot_id1_7_0_, spot0_.address as address2_7_0_, spot0_.description as descript3_7_0_, spot0_.location as location4_7_0_, spot0_.name as name5_7_0_, spot0_.score_id as score_id6_7_0_ from spot spot0_ where spot0_.spot_id=?
select spot0_.spot_id as spot_id1_7_0_, spot0_.address as address2_7_0_, spot0_.description as descript3_7_0_, spot0_.location as location4_7_0_, spot0_.name as name5_7_0_, spot0_.score_id as score_id6_7_0_ from spot spot0_ where spot0_.spot_id=62;
favoriteSpot.getSpot() = capstone.jejuTourrecommend.domain.Spot@3298e1d
favoriteSpot = FavoriteSpot(id=66, count=0)
favoriteSpot.getSpot() = capstone.jejuTourrecommend.domain.Spot@3298e1d
2022-10-10 13:48:03.864  INFO 3923 --- [    Test worker] p6spy                                    : #1665377283864 | took 0ms | rollback | connection 9| url jdbc:h2:mem:6a3784ae-1aa6-4bbf-b617-4d4aeabcc2af

;
2022-10-10 13:48:03.865  INFO 3923 --- [    Test worker] o.s.t.c.transaction.TransactionContext   : Rolled back transaction for test: [DefaultTestContext@32c8df0b testClass = FavoriteSpotTest, testInstance = capstone.jejuTourrecommend.domain.FavoriteSpotTest@4037a204, testMethod = fs_SpotTest@FavoriteSpotTest, testException = [null], mergedContextConfiguration = [WebMergedContextConfiguration@ed110d6 testClass = FavoriteSpotTest, locations = '{}', classes = '{class capstone.jejuTourrecommend.JejuTourRecommendApplication}', contextInitializerClasses = '[]', activeProfiles = '{}', propertySourceLocations = '{}', propertySourceProperties = '{org.springframework.boot.test.context.SpringBootTestContextBootstrapper=true}', contextCustomizers = set[org.springframework.boot.test.autoconfigure.actuate.metrics.MetricsExportContextCustomizerFactory$DisableMetricExportContextCustomizer@239b0f9d, org.springframework.boot.test.autoconfigure.properties.PropertyMappingContextCustomizer@0, org.springframework.boot.test.autoconfigure.web.servlet.WebDriverContextCustomizerFactory$Customizer@c260bdc, org.springframework.boot.test.context.filter.ExcludeFilterContextCustomizer@3f363cf5, org.springframework.boot.test.json.DuplicateJsonObjectContextCustomizerFactory$DuplicateJsonObjectContextCustomizer@1bb1fde8, org.springframework.boot.test.mock.mockito.MockitoContextCustomizer@0, org.springframework.boot.test.web.client.TestRestTemplateContextCustomizer@26a4842b, org.springframework.boot.test.context.SpringBootTestArgs@1, org.springframework.boot.test.context.SpringBootTestWebEnvironment@34b9f960], resourceBasePath = 'src/main/webapp', contextLoader = 'org.springframework.boot.test.context.SpringBootContextLoader', parent = [null]], attributes = map['org.springframework.test.context.web.ServletTestExecutionListener.activateListener' -> true, 'org.springframework.test.context.web.ServletTestExecutionListener.populatedRequestContextHolder' -> true, 'org.springframework.test.context.web.ServletTestExecutionListener.resetRequestContextHolder' -> true, 'org.springframework.test.context.event.ApplicationEventsTestExecutionListener.recordApplicationEvents' -> false]]
2022-10-10 13:48:03.867  INFO 3923 --- [    Test worker] o.s.t.c.transaction.TransactionContext   : Began transaction (1) for test context [DefaultTestContext@32c8df0b testClass = FavoriteSpotTest, testInstance = capstone.jejuTourrecommend.domain.FavoriteSpotTest@4346ed39, testMethod = fs_favoriteTest@FavoriteSpotTest, testException = [null], mergedContextConfiguration = [WebMergedContextConfiguration@ed110d6 testClass = FavoriteSpotTest, locations = '{}', classes = '{class capstone.jejuTourrecommend.JejuTourRecommendApplication}', contextInitializerClasses = '[]', activeProfiles = '{}', propertySourceLocations = '{}', propertySourceProperties = '{org.springframework.boot.test.context.SpringBootTestContextBootstrapper=true}', contextCustomizers = set[org.springframework.boot.test.autoconfigure.actuate.metrics.MetricsExportContextCustomizerFactory$DisableMetricExportContextCustomizer@239b0f9d, org.springframework.boot.test.autoconfigure.properties.PropertyMappingContextCustomizer@0, org.springframework.boot.test.autoconfigure.web.servlet.WebDriverContextCustomizerFactory$Customizer@c260bdc, org.springframework.boot.test.context.filter.ExcludeFilterContextCustomizer@3f363cf5, org.springframework.boot.test.json.DuplicateJsonObjectContextCustomizerFactory$DuplicateJsonObjectContextCustomizer@1bb1fde8, org.springframework.boot.test.mock.mockito.MockitoContextCustomizer@0, org.springframework.boot.test.web.client.TestRestTemplateContextCustomizer@26a4842b, org.springframework.boot.test.context.SpringBootTestArgs@1, org.springframework.boot.test.context.SpringBootTestWebEnvironment@34b9f960], resourceBasePath = 'src/main/webapp', contextLoader = 'org.springframework.boot.test.context.SpringBootContextLoader', parent = [null]], attributes = map['org.springframework.test.context.web.ServletTestExecutionListener.activateListener' -> true, 'org.springframework.test.context.web.ServletTestExecutionListener.populatedRequestContextHolder' -> true, 'org.springframework.test.context.web.ServletTestExecutionListener.resetRequestContextHolder' -> true, 'org.springframework.test.context.event.ApplicationEventsTestExecutionListener.recordApplicationEvents' -> false]]; transaction manager [org.springframework.orm.jpa.JpaTransactionManager@5843ab8]; rollback [true]
2022-10-10 13:48:03.868  INFO 3923 --- [    Test worker] p6spy                                    : #1665377283868 | took 0ms | statement | connection 10| url jdbc:h2:mem:6a3784ae-1aa6-4bbf-b617-4d4aeabcc2af
insert into favorite (member_id, name, favorite_id) values (?, ?, ?)
insert into favorite (member_id, name, favorite_id) values (NULL, 'favoriteA', 22);
2022-10-10 13:48:03.869  INFO 3923 --- [    Test worker] p6spy                                    : #1665377283869 | took 0ms | statement | connection 10| url jdbc:h2:mem:6a3784ae-1aa6-4bbf-b617-4d4aeabcc2af
insert into favorite (member_id, name, favorite_id) values (?, ?, ?)
insert into favorite (member_id, name, favorite_id) values (NULL, 'favoriteB', 23);
2022-10-10 13:48:03.869  INFO 3923 --- [    Test worker] p6spy                                    : #1665377283869 | took 0ms | statement | connection 10| url jdbc:h2:mem:6a3784ae-1aa6-4bbf-b617-4d4aeabcc2af
insert into favorite_spot (count, favorite_id, spot_id, favorite_spot_id) values (?, ?, ?, ?)
insert into favorite_spot (count, favorite_id, spot_id, favorite_spot_id) values (0, 22, NULL, 67);
2022-10-10 13:48:03.869  INFO 3923 --- [    Test worker] p6spy                                    : #1665377283869 | took 0ms | statement | connection 10| url jdbc:h2:mem:6a3784ae-1aa6-4bbf-b617-4d4aeabcc2af
insert into favorite_spot (count, favorite_id, spot_id, favorite_spot_id) values (?, ?, ?, ?)
insert into favorite_spot (count, favorite_id, spot_id, favorite_spot_id) values (0, 22, NULL, 68);
2022-10-10 13:48:03.869  INFO 3923 --- [    Test worker] p6spy                                    : #1665377283869 | took 0ms | statement | connection 10| url jdbc:h2:mem:6a3784ae-1aa6-4bbf-b617-4d4aeabcc2af
insert into favorite_spot (count, favorite_id, spot_id, favorite_spot_id) values (?, ?, ?, ?)
insert into favorite_spot (count, favorite_id, spot_id, favorite_spot_id) values (0, 23, NULL, 69);
2022-10-10 13:48:03.869  INFO 3923 --- [    Test worker] p6spy                                    : #1665377283869 | took 0ms | statement | connection 10| url jdbc:h2:mem:6a3784ae-1aa6-4bbf-b617-4d4aeabcc2af
insert into favorite_spot (count, favorite_id, spot_id, favorite_spot_id) values (?, ?, ?, ?)
insert into favorite_spot (count, favorite_id, spot_id, favorite_spot_id) values (0, 23, NULL, 70);
2022-10-10 13:48:03.870  INFO 3923 --- [    Test worker] p6spy                                    : #1665377283870 | took 0ms | statement | connection 10| url jdbc:h2:mem:6a3784ae-1aa6-4bbf-b617-4d4aeabcc2af
select favoritesp0_.favorite_spot_id as favorite1_1_, favoritesp0_.count as count2_1_, favoritesp0_.favorite_id as favorite3_1_, favoritesp0_.spot_id as spot_id4_1_ from favorite_spot favoritesp0_
select favoritesp0_.favorite_spot_id as favorite1_1_, favoritesp0_.count as count2_1_, favoritesp0_.favorite_id as favorite3_1_, favoritesp0_.spot_id as spot_id4_1_ from favorite_spot favoritesp0_;
favoriteSpot = FavoriteSpot(id=67, count=0)
2022-10-10 13:48:03.871  INFO 3923 --- [    Test worker] p6spy                                    : #1665377283871 | took 0ms | statement | connection 10| url jdbc:h2:mem:6a3784ae-1aa6-4bbf-b617-4d4aeabcc2af
select favorite0_.favorite_id as favorite1_0_0_, favorite0_.member_id as member_i3_0_0_, favorite0_.name as name2_0_0_ from favorite favorite0_ where favorite0_.favorite_id=?
select favorite0_.favorite_id as favorite1_0_0_, favorite0_.member_id as member_i3_0_0_, favorite0_.name as name2_0_0_ from favorite favorite0_ where favorite0_.favorite_id=22;
favoriteSpot.getFavorite() = Favorite(id=22, name=favoriteA)
favoriteSpot = FavoriteSpot(id=68, count=0)
favoriteSpot.getFavorite() = Favorite(id=22, name=favoriteA)
favoriteSpot = FavoriteSpot(id=69, count=0)
2022-10-10 13:48:03.871  INFO 3923 --- [    Test worker] p6spy                                    : #1665377283871 | took 0ms | statement | connection 10| url jdbc:h2:mem:6a3784ae-1aa6-4bbf-b617-4d4aeabcc2af
select favorite0_.favorite_id as favorite1_0_0_, favorite0_.member_id as member_i3_0_0_, favorite0_.name as name2_0_0_ from favorite favorite0_ where favorite0_.favorite_id=?
select favorite0_.favorite_id as favorite1_0_0_, favorite0_.member_id as member_i3_0_0_, favorite0_.name as name2_0_0_ from favorite favorite0_ where favorite0_.favorite_id=23;
favoriteSpot.getFavorite() = Favorite(id=23, name=favoriteB)
favoriteSpot = FavoriteSpot(id=70, count=0)
favoriteSpot.getFavorite() = Favorite(id=23, name=favoriteB)
2022-10-10 13:48:03.872  INFO 3923 --- [    Test worker] p6spy                                    : #1665377283872 | took 0ms | rollback | connection 10| url jdbc:h2:mem:6a3784ae-1aa6-4bbf-b617-4d4aeabcc2af

;
2022-10-10 13:48:03.873  INFO 3923 --- [    Test worker] o.s.t.c.transaction.TransactionContext   : Rolled back transaction for test: [DefaultTestContext@32c8df0b testClass = FavoriteSpotTest, testInstance = capstone.jejuTourrecommend.domain.FavoriteSpotTest@4346ed39, testMethod = fs_favoriteTest@FavoriteSpotTest, testException = [null], mergedContextConfiguration = [WebMergedContextConfiguration@ed110d6 testClass = FavoriteSpotTest, locations = '{}', classes = '{class capstone.jejuTourrecommend.JejuTourRecommendApplication}', contextInitializerClasses = '[]', activeProfiles = '{}', propertySourceLocations = '{}', propertySourceProperties = '{org.springframework.boot.test.context.SpringBootTestContextBootstrapper=true}', contextCustomizers = set[org.springframework.boot.test.autoconfigure.actuate.metrics.MetricsExportContextCustomizerFactory$DisableMetricExportContextCustomizer@239b0f9d, org.springframework.boot.test.autoconfigure.properties.PropertyMappingContextCustomizer@0, org.springframework.boot.test.autoconfigure.web.servlet.WebDriverContextCustomizerFactory$Customizer@c260bdc, org.springframework.boot.test.context.filter.ExcludeFilterContextCustomizer@3f363cf5, org.springframework.boot.test.json.DuplicateJsonObjectContextCustomizerFactory$DuplicateJsonObjectContextCustomizer@1bb1fde8, org.springframework.boot.test.mock.mockito.MockitoContextCustomizer@0, org.springframework.boot.test.web.client.TestRestTemplateContextCustomizer@26a4842b, org.springframework.boot.test.context.SpringBootTestArgs@1, org.springframework.boot.test.context.SpringBootTestWebEnvironment@34b9f960], resourceBasePath = 'src/main/webapp', contextLoader = 'org.springframework.boot.test.context.SpringBootContextLoader', parent = [null]], attributes = map['org.springframework.test.context.web.ServletTestExecutionListener.activateListener' -> true, 'org.springframework.test.context.web.ServletTestExecutionListener.populatedRequestContextHolder' -> true, 'org.springframework.test.context.web.ServletTestExecutionListener.resetRequestContextHolder' -> true, 'org.springframework.test.context.event.ApplicationEventsTestExecutionListener.recordApplicationEvents' -> false]]
]]></system-out>
  <system-err><![CDATA[]]></system-err>
</testsuite>
