<?xml version="1.0" encoding="UTF-8"?>
<testsuite name="capstone.jejuTourrecommend.repository.ReviewRepositoryTest" tests="1" skipped="0" failures="0" errors="0" timestamp="2022-10-10T05:33:47" hostname="Heon-MacBookPro.local" time="0.004">
  <properties/>
  <testcase name="findReview()" classname="capstone.jejuTourrecommend.repository.ReviewRepositoryTest" time="0.004"/>
  <system-out><![CDATA[2022-10-10 14:33:47.630  INFO 4460 --- [    Test worker] .b.t.c.SpringBootTestContextBootstrapper : Neither @ContextConfiguration nor @ContextHierarchy found for test class [capstone.jejuTourrecommend.repository.ReviewRepositoryTest], using SpringBootContextLoader
2022-10-10 14:33:47.630  INFO 4460 --- [    Test worker] o.s.t.c.support.AbstractContextLoader    : Could not detect default resource locations for test class [capstone.jejuTourrecommend.repository.ReviewRepositoryTest]: no resource found for suffixes {-context.xml, Context.groovy}.
2022-10-10 14:33:47.630  INFO 4460 --- [    Test worker] t.c.s.AnnotationConfigContextLoaderUtils : Could not detect default configuration classes for test class [capstone.jejuTourrecommend.repository.ReviewRepositoryTest]: ReviewRepositoryTest does not declare any static, non-private, non-final, nested classes annotated with @Configuration.
2022-10-10 14:33:47.630  INFO 4460 --- [    Test worker] .b.t.c.SpringBootTestContextBootstrapper : Found @SpringBootConfiguration capstone.jejuTourrecommend.JejuTourRecommendApplication for test class capstone.jejuTourrecommend.repository.ReviewRepositoryTest
2022-10-10 14:33:47.631  INFO 4460 --- [    Test worker] .b.t.c.SpringBootTestContextBootstrapper : Loaded default TestExecutionListener class names from location [META-INF/spring.factories]: [org.springframework.boot.test.autoconfigure.restdocs.RestDocsTestExecutionListener, org.springframework.boot.test.autoconfigure.web.client.MockRestServiceServerResetTestExecutionListener, org.springframework.boot.test.autoconfigure.web.servlet.MockMvcPrintOnlyOnFailureTestExecutionListener, org.springframework.boot.test.autoconfigure.web.servlet.WebDriverTestExecutionListener, org.springframework.boot.test.autoconfigure.webservices.client.MockWebServiceServerTestExecutionListener, org.springframework.boot.test.mock.mockito.MockitoTestExecutionListener, org.springframework.boot.test.mock.mockito.ResetMocksTestExecutionListener, org.springframework.test.context.web.ServletTestExecutionListener, org.springframework.test.context.support.DirtiesContextBeforeModesTestExecutionListener, org.springframework.test.context.event.ApplicationEventsTestExecutionListener, org.springframework.test.context.support.DependencyInjectionTestExecutionListener, org.springframework.test.context.support.DirtiesContextTestExecutionListener, org.springframework.test.context.transaction.TransactionalTestExecutionListener, org.springframework.test.context.jdbc.SqlScriptsTestExecutionListener, org.springframework.test.context.event.EventPublishingTestExecutionListener]
2022-10-10 14:33:47.631  INFO 4460 --- [    Test worker] .b.t.c.SpringBootTestContextBootstrapper : Using TestExecutionListeners: [org.springframework.test.context.web.ServletTestExecutionListener@7b2eafa0, org.springframework.test.context.support.DirtiesContextBeforeModesTestExecutionListener@682c97b0, org.springframework.test.context.event.ApplicationEventsTestExecutionListener@351d1b7e, org.springframework.boot.test.mock.mockito.MockitoTestExecutionListener@b3d6dc2, org.springframework.boot.test.autoconfigure.SpringBootDependencyInjectionTestExecutionListener@56080aa, org.springframework.test.context.support.DirtiesContextTestExecutionListener@97d16a1, org.springframework.test.context.transaction.TransactionalTestExecutionListener@54663a1b, org.springframework.test.context.jdbc.SqlScriptsTestExecutionListener@34550e28, org.springframework.test.context.event.EventPublishingTestExecutionListener@35b1add8, org.springframework.boot.test.autoconfigure.restdocs.RestDocsTestExecutionListener@54987dd1, org.springframework.boot.test.autoconfigure.web.client.MockRestServiceServerResetTestExecutionListener@31cb33bb, org.springframework.boot.test.autoconfigure.web.servlet.MockMvcPrintOnlyOnFailureTestExecutionListener@2df35fe4, org.springframework.boot.test.autoconfigure.web.servlet.WebDriverTestExecutionListener@1594e8ef, org.springframework.boot.test.autoconfigure.webservices.client.MockWebServiceServerTestExecutionListener@2f57979, org.springframework.boot.test.mock.mockito.ResetMocksTestExecutionListener@6acbd477]
2022-10-10 14:33:47.633  INFO 4460 --- [    Test worker] o.s.t.c.transaction.TransactionContext   : Began transaction (1) for test context [DefaultTestContext@4686705e testClass = ReviewRepositoryTest, testInstance = capstone.jejuTourrecommend.repository.ReviewRepositoryTest@725a7c95, testMethod = findReview@ReviewRepositoryTest, testException = [null], mergedContextConfiguration = [WebMergedContextConfiguration@2a27d579 testClass = ReviewRepositoryTest, locations = '{}', classes = '{class capstone.jejuTourrecommend.JejuTourRecommendApplication}', contextInitializerClasses = '[]', activeProfiles = '{}', propertySourceLocations = '{}', propertySourceProperties = '{org.springframework.boot.test.context.SpringBootTestContextBootstrapper=true}', contextCustomizers = set[org.springframework.boot.test.autoconfigure.actuate.metrics.MetricsExportContextCustomizerFactory$DisableMetricExportContextCustomizer@749c877b, org.springframework.boot.test.autoconfigure.properties.PropertyMappingContextCustomizer@0, org.springframework.boot.test.autoconfigure.web.servlet.WebDriverContextCustomizerFactory$Customizer@60f7cc1d, org.springframework.boot.test.context.filter.ExcludeFilterContextCustomizer@207ea13, org.springframework.boot.test.json.DuplicateJsonObjectContextCustomizerFactory$DuplicateJsonObjectContextCustomizer@5827af16, org.springframework.boot.test.mock.mockito.MockitoContextCustomizer@0, org.springframework.boot.test.web.client.TestRestTemplateContextCustomizer@50fe837a, org.springframework.boot.test.context.SpringBootTestArgs@1, org.springframework.boot.test.context.SpringBootTestWebEnvironment@51bd8b5c], resourceBasePath = 'src/main/webapp', contextLoader = 'org.springframework.boot.test.context.SpringBootContextLoader', parent = [null]], attributes = map['org.springframework.test.context.web.ServletTestExecutionListener.activateListener' -> true, 'org.springframework.test.context.web.ServletTestExecutionListener.populatedRequestContextHolder' -> true, 'org.springframework.test.context.web.ServletTestExecutionListener.resetRequestContextHolder' -> true, 'org.springframework.test.context.event.ApplicationEventsTestExecutionListener.recordApplicationEvents' -> false]]; transaction manager [org.springframework.orm.jpa.JpaTransactionManager@4545ac62]; rollback [true]
2022-10-10 14:33:47.633  INFO 4460 --- [    Test worker] p6spy                                    : #1665380027633 | took 0ms | statement | connection 31| url jdbc:h2:mem:ad3a9e80-f26d-4a3e-9691-17f803db5723
call next value for hibernate_sequence
call next value for hibernate_sequence;
2022-10-10 14:33:47.633  INFO 4460 --- [    Test worker] p6spy                                    : #1665380027633 | took 0ms | statement | connection 31| url jdbc:h2:mem:ad3a9e80-f26d-4a3e-9691-17f803db5723
insert into spot (address, description, location, name, score_id, spot_id) values (?, ?, ?, ?, ?, ?)
insert into spot (address, description, location, name, score_id, spot_id) values (NULL, NULL, NULL, 'spot1', NULL, 972);
2022-10-10 14:33:47.633  INFO 4460 --- [    Test worker] p6spy                                    : #1665380027633 | took 0ms | statement | connection 31| url jdbc:h2:mem:ad3a9e80-f26d-4a3e-9691-17f803db5723
insert into review (content, spot_id, review_id) values (?, ?, ?)
insert into review (content, spot_id, review_id) values ('java.io.StringReader@40f57690', 972, 909);
2022-10-10 14:33:47.633  INFO 4460 --- [    Test worker] p6spy                                    : #1665380027633 | took 0ms | statement | connection 31| url jdbc:h2:mem:ad3a9e80-f26d-4a3e-9691-17f803db5723
insert into review (content, spot_id, review_id) values (?, ?, ?)
insert into review (content, spot_id, review_id) values ('java.io.StringReader@3554f422', 972, 910);
2022-10-10 14:33:47.633  INFO 4460 --- [    Test worker] p6spy                                    : #1665380027633 | took 0ms | statement | connection 31| url jdbc:h2:mem:ad3a9e80-f26d-4a3e-9691-17f803db5723
insert into review (content, spot_id, review_id) values (?, ?, ?)
insert into review (content, spot_id, review_id) values ('java.io.StringReader@60fa04ed', 972, 911);
2022-10-10 14:33:47.634  INFO 4460 --- [    Test worker] p6spy                                    : #1665380027634 | took 0ms | statement | connection 31| url jdbc:h2:mem:ad3a9e80-f26d-4a3e-9691-17f803db5723
insert into review (content, spot_id, review_id) values (?, ?, ?)
insert into review (content, spot_id, review_id) values ('java.io.StringReader@62e764b6', 972, 912);
2022-10-10 14:33:47.634  INFO 4460 --- [    Test worker] p6spy                                    : #1665380027634 | took 0ms | statement | connection 31| url jdbc:h2:mem:ad3a9e80-f26d-4a3e-9691-17f803db5723
insert into picture (spot_id, url, picture_id) values (?, ?, ?)
insert into picture (spot_id, url, picture_id) values (972, 'java.io.StringReader@54d80446', 3665);
2022-10-10 14:33:47.634  INFO 4460 --- [    Test worker] c.j.repository.ReviewRepositoryTest      : spot1 = capstone.jejuTourrecommend.domain.Spot@4ac5008b
2022-10-10 14:33:47.635  INFO 4460 --- [    Test worker] p6spy                                    : #1665380027635 | took 0ms | statement | connection 31| url jdbc:h2:mem:ad3a9e80-f26d-4a3e-9691-17f803db5723
select review0_.review_id as review_i1_5_, review0_.content as content2_5_, review0_.spot_id as spot_id3_5_ from review review0_ where review0_.spot_id=?
select review0_.review_id as review_i1_5_, review0_.content as content2_5_, review0_.spot_id as spot_id3_5_ from review review0_ where review0_.spot_id=972;
2022-10-10 14:33:47.636  INFO 4460 --- [    Test worker] p6spy                                    : #1665380027636 | took 0ms | rollback | connection 31| url jdbc:h2:mem:ad3a9e80-f26d-4a3e-9691-17f803db5723

;
2022-10-10 14:33:47.636  INFO 4460 --- [    Test worker] o.s.t.c.transaction.TransactionContext   : Rolled back transaction for test: [DefaultTestContext@4686705e testClass = ReviewRepositoryTest, testInstance = capstone.jejuTourrecommend.repository.ReviewRepositoryTest@725a7c95, testMethod = findReview@ReviewRepositoryTest, testException = [null], mergedContextConfiguration = [WebMergedContextConfiguration@2a27d579 testClass = ReviewRepositoryTest, locations = '{}', classes = '{class capstone.jejuTourrecommend.JejuTourRecommendApplication}', contextInitializerClasses = '[]', activeProfiles = '{}', propertySourceLocations = '{}', propertySourceProperties = '{org.springframework.boot.test.context.SpringBootTestContextBootstrapper=true}', contextCustomizers = set[org.springframework.boot.test.autoconfigure.actuate.metrics.MetricsExportContextCustomizerFactory$DisableMetricExportContextCustomizer@749c877b, org.springframework.boot.test.autoconfigure.properties.PropertyMappingContextCustomizer@0, org.springframework.boot.test.autoconfigure.web.servlet.WebDriverContextCustomizerFactory$Customizer@60f7cc1d, org.springframework.boot.test.context.filter.ExcludeFilterContextCustomizer@207ea13, org.springframework.boot.test.json.DuplicateJsonObjectContextCustomizerFactory$DuplicateJsonObjectContextCustomizer@5827af16, org.springframework.boot.test.mock.mockito.MockitoContextCustomizer@0, org.springframework.boot.test.web.client.TestRestTemplateContextCustomizer@50fe837a, org.springframework.boot.test.context.SpringBootTestArgs@1, org.springframework.boot.test.context.SpringBootTestWebEnvironment@51bd8b5c], resourceBasePath = 'src/main/webapp', contextLoader = 'org.springframework.boot.test.context.SpringBootContextLoader', parent = [null]], attributes = map['org.springframework.test.context.web.ServletTestExecutionListener.activateListener' -> true, 'org.springframework.test.context.web.ServletTestExecutionListener.populatedRequestContextHolder' -> true, 'org.springframework.test.context.web.ServletTestExecutionListener.resetRequestContextHolder' -> true, 'org.springframework.test.context.event.ApplicationEventsTestExecutionListener.recordApplicationEvents' -> false]]
]]></system-out>
  <system-err><![CDATA[]]></system-err>
</testsuite>
