<?xml version="1.0" encoding="UTF-8"?>
<testsuite name="capstone.jejuTourrecommend.domain.ScoreTest" tests="3" skipped="0" failures="0" errors="0" timestamp="2022-10-10T04:48:04" hostname="Heon-MacBookPro.local" time="0.017">
  <properties/>
  <testcase name="abstract_test()" classname="capstone.jejuTourrecommend.domain.ScoreTest" time="0.002"/>
  <testcase name="tag_Test()" classname="capstone.jejuTourrecommend.domain.ScoreTest" time="0.002"/>
  <testcase name="score_spotTest()" classname="capstone.jejuTourrecommend.domain.ScoreTest" time="0.013"/>
  <system-out><![CDATA[2022-10-10 13:48:04.030  INFO 3923 --- [    Test worker] .b.t.c.SpringBootTestContextBootstrapper : Neither @ContextConfiguration nor @ContextHierarchy found for test class [capstone.jejuTourrecommend.domain.ScoreTest], using SpringBootContextLoader
2022-10-10 13:48:04.031  INFO 3923 --- [    Test worker] o.s.t.c.support.AbstractContextLoader    : Could not detect default resource locations for test class [capstone.jejuTourrecommend.domain.ScoreTest]: no resource found for suffixes {-context.xml, Context.groovy}.
2022-10-10 13:48:04.031  INFO 3923 --- [    Test worker] t.c.s.AnnotationConfigContextLoaderUtils : Could not detect default configuration classes for test class [capstone.jejuTourrecommend.domain.ScoreTest]: ScoreTest does not declare any static, non-private, non-final, nested classes annotated with @Configuration.
2022-10-10 13:48:04.031  INFO 3923 --- [    Test worker] .b.t.c.SpringBootTestContextBootstrapper : Found @SpringBootConfiguration capstone.jejuTourrecommend.JejuTourRecommendApplication for test class capstone.jejuTourrecommend.domain.ScoreTest
2022-10-10 13:48:04.032  INFO 3923 --- [    Test worker] .b.t.c.SpringBootTestContextBootstrapper : Loaded default TestExecutionListener class names from location [META-INF/spring.factories]: [org.springframework.boot.test.autoconfigure.restdocs.RestDocsTestExecutionListener, org.springframework.boot.test.autoconfigure.web.client.MockRestServiceServerResetTestExecutionListener, org.springframework.boot.test.autoconfigure.web.servlet.MockMvcPrintOnlyOnFailureTestExecutionListener, org.springframework.boot.test.autoconfigure.web.servlet.WebDriverTestExecutionListener, org.springframework.boot.test.autoconfigure.webservices.client.MockWebServiceServerTestExecutionListener, org.springframework.boot.test.mock.mockito.MockitoTestExecutionListener, org.springframework.boot.test.mock.mockito.ResetMocksTestExecutionListener, org.springframework.test.context.web.ServletTestExecutionListener, org.springframework.test.context.support.DirtiesContextBeforeModesTestExecutionListener, org.springframework.test.context.event.ApplicationEventsTestExecutionListener, org.springframework.test.context.support.DependencyInjectionTestExecutionListener, org.springframework.test.context.support.DirtiesContextTestExecutionListener, org.springframework.test.context.transaction.TransactionalTestExecutionListener, org.springframework.test.context.jdbc.SqlScriptsTestExecutionListener, org.springframework.test.context.event.EventPublishingTestExecutionListener]
2022-10-10 13:48:04.032  INFO 3923 --- [    Test worker] .b.t.c.SpringBootTestContextBootstrapper : Using TestExecutionListeners: [org.springframework.test.context.web.ServletTestExecutionListener@5ca29f17, org.springframework.test.context.support.DirtiesContextBeforeModesTestExecutionListener@66f965a, org.springframework.test.context.event.ApplicationEventsTestExecutionListener@18ca65ea, org.springframework.boot.test.mock.mockito.MockitoTestExecutionListener@140a2add, org.springframework.boot.test.autoconfigure.SpringBootDependencyInjectionTestExecutionListener@5c18556c, org.springframework.test.context.support.DirtiesContextTestExecutionListener@263fc5f3, org.springframework.test.context.transaction.TransactionalTestExecutionListener@6d1101eb, org.springframework.test.context.jdbc.SqlScriptsTestExecutionListener@28089256, org.springframework.test.context.event.EventPublishingTestExecutionListener@3625110e, org.springframework.boot.test.autoconfigure.restdocs.RestDocsTestExecutionListener@6e6d4a64, org.springframework.boot.test.autoconfigure.web.client.MockRestServiceServerResetTestExecutionListener@b96101b, org.springframework.boot.test.autoconfigure.web.servlet.MockMvcPrintOnlyOnFailureTestExecutionListener@6760a91d, org.springframework.boot.test.autoconfigure.web.servlet.WebDriverTestExecutionListener@7953699e, org.springframework.boot.test.autoconfigure.webservices.client.MockWebServiceServerTestExecutionListener@7de922ba, org.springframework.boot.test.mock.mockito.ResetMocksTestExecutionListener@4644f3d4]
2022-10-10 13:48:04.033  INFO 3923 --- [    Test worker] o.s.t.c.transaction.TransactionContext   : Began transaction (1) for test context [DefaultTestContext@240e8240 testClass = ScoreTest, testInstance = capstone.jejuTourrecommend.domain.ScoreTest@467310c6, testMethod = abstract_test@ScoreTest, testException = [null], mergedContextConfiguration = [WebMergedContextConfiguration@72bb0640 testClass = ScoreTest, locations = '{}', classes = '{class capstone.jejuTourrecommend.JejuTourRecommendApplication}', contextInitializerClasses = '[]', activeProfiles = '{}', propertySourceLocations = '{}', propertySourceProperties = '{org.springframework.boot.test.context.SpringBootTestContextBootstrapper=true}', contextCustomizers = set[org.springframework.boot.test.autoconfigure.actuate.metrics.MetricsExportContextCustomizerFactory$DisableMetricExportContextCustomizer@239b0f9d, org.springframework.boot.test.autoconfigure.properties.PropertyMappingContextCustomizer@0, org.springframework.boot.test.autoconfigure.web.servlet.WebDriverContextCustomizerFactory$Customizer@c260bdc, org.springframework.boot.test.context.filter.ExcludeFilterContextCustomizer@3f363cf5, org.springframework.boot.test.json.DuplicateJsonObjectContextCustomizerFactory$DuplicateJsonObjectContextCustomizer@1bb1fde8, org.springframework.boot.test.mock.mockito.MockitoContextCustomizer@0, org.springframework.boot.test.web.client.TestRestTemplateContextCustomizer@26a4842b, org.springframework.boot.test.context.SpringBootTestArgs@1, org.springframework.boot.test.context.SpringBootTestWebEnvironment@34b9f960], resourceBasePath = 'src/main/webapp', contextLoader = 'org.springframework.boot.test.context.SpringBootContextLoader', parent = [null]], attributes = map['org.springframework.test.context.web.ServletTestExecutionListener.activateListener' -> true, 'org.springframework.test.context.web.ServletTestExecutionListener.populatedRequestContextHolder' -> true, 'org.springframework.test.context.web.ServletTestExecutionListener.resetRequestContextHolder' -> true, 'org.springframework.test.context.event.ApplicationEventsTestExecutionListener.recordApplicationEvents' -> false]]; transaction manager [org.springframework.orm.jpa.JpaTransactionManager@5843ab8]; rollback [true]
2022-10-10 13:48:04.035  INFO 3923 --- [    Test worker] p6spy                                    : #1665377284035 | took 0ms | rollback | connection 15| url jdbc:h2:mem:6a3784ae-1aa6-4bbf-b617-4d4aeabcc2af

;
2022-10-10 13:48:04.035  INFO 3923 --- [    Test worker] o.s.t.c.transaction.TransactionContext   : Rolled back transaction for test: [DefaultTestContext@240e8240 testClass = ScoreTest, testInstance = capstone.jejuTourrecommend.domain.ScoreTest@467310c6, testMethod = abstract_test@ScoreTest, testException = [null], mergedContextConfiguration = [WebMergedContextConfiguration@72bb0640 testClass = ScoreTest, locations = '{}', classes = '{class capstone.jejuTourrecommend.JejuTourRecommendApplication}', contextInitializerClasses = '[]', activeProfiles = '{}', propertySourceLocations = '{}', propertySourceProperties = '{org.springframework.boot.test.context.SpringBootTestContextBootstrapper=true}', contextCustomizers = set[org.springframework.boot.test.autoconfigure.actuate.metrics.MetricsExportContextCustomizerFactory$DisableMetricExportContextCustomizer@239b0f9d, org.springframework.boot.test.autoconfigure.properties.PropertyMappingContextCustomizer@0, org.springframework.boot.test.autoconfigure.web.servlet.WebDriverContextCustomizerFactory$Customizer@c260bdc, org.springframework.boot.test.context.filter.ExcludeFilterContextCustomizer@3f363cf5, org.springframework.boot.test.json.DuplicateJsonObjectContextCustomizerFactory$DuplicateJsonObjectContextCustomizer@1bb1fde8, org.springframework.boot.test.mock.mockito.MockitoContextCustomizer@0, org.springframework.boot.test.web.client.TestRestTemplateContextCustomizer@26a4842b, org.springframework.boot.test.context.SpringBootTestArgs@1, org.springframework.boot.test.context.SpringBootTestWebEnvironment@34b9f960], resourceBasePath = 'src/main/webapp', contextLoader = 'org.springframework.boot.test.context.SpringBootContextLoader', parent = [null]], attributes = map['org.springframework.test.context.web.ServletTestExecutionListener.activateListener' -> true, 'org.springframework.test.context.web.ServletTestExecutionListener.populatedRequestContextHolder' -> true, 'org.springframework.test.context.web.ServletTestExecutionListener.resetRequestContextHolder' -> true, 'org.springframework.test.context.event.ApplicationEventsTestExecutionListener.recordApplicationEvents' -> false]]
2022-10-10 13:48:04.036  INFO 3923 --- [    Test worker] o.s.t.c.transaction.TransactionContext   : Began transaction (1) for test context [DefaultTestContext@240e8240 testClass = ScoreTest, testInstance = capstone.jejuTourrecommend.domain.ScoreTest@13809190, testMethod = tag_Test@ScoreTest, testException = [null], mergedContextConfiguration = [WebMergedContextConfiguration@72bb0640 testClass = ScoreTest, locations = '{}', classes = '{class capstone.jejuTourrecommend.JejuTourRecommendApplication}', contextInitializerClasses = '[]', activeProfiles = '{}', propertySourceLocations = '{}', propertySourceProperties = '{org.springframework.boot.test.context.SpringBootTestContextBootstrapper=true}', contextCustomizers = set[org.springframework.boot.test.autoconfigure.actuate.metrics.MetricsExportContextCustomizerFactory$DisableMetricExportContextCustomizer@239b0f9d, org.springframework.boot.test.autoconfigure.properties.PropertyMappingContextCustomizer@0, org.springframework.boot.test.autoconfigure.web.servlet.WebDriverContextCustomizerFactory$Customizer@c260bdc, org.springframework.boot.test.context.filter.ExcludeFilterContextCustomizer@3f363cf5, org.springframework.boot.test.json.DuplicateJsonObjectContextCustomizerFactory$DuplicateJsonObjectContextCustomizer@1bb1fde8, org.springframework.boot.test.mock.mockito.MockitoContextCustomizer@0, org.springframework.boot.test.web.client.TestRestTemplateContextCustomizer@26a4842b, org.springframework.boot.test.context.SpringBootTestArgs@1, org.springframework.boot.test.context.SpringBootTestWebEnvironment@34b9f960], resourceBasePath = 'src/main/webapp', contextLoader = 'org.springframework.boot.test.context.SpringBootContextLoader', parent = [null]], attributes = map['org.springframework.test.context.web.ServletTestExecutionListener.activateListener' -> true, 'org.springframework.test.context.web.ServletTestExecutionListener.populatedRequestContextHolder' -> true, 'org.springframework.test.context.web.ServletTestExecutionListener.resetRequestContextHolder' -> true, 'org.springframework.test.context.event.ApplicationEventsTestExecutionListener.recordApplicationEvents' -> false]]; transaction manager [org.springframework.orm.jpa.JpaTransactionManager@5843ab8]; rollback [true]
2022-10-10 13:48:04.037  INFO 3923 --- [    Test worker] p6spy                                    : #1665377284037 | took 0ms | rollback | connection 16| url jdbc:h2:mem:6a3784ae-1aa6-4bbf-b617-4d4aeabcc2af

;
2022-10-10 13:48:04.037  INFO 3923 --- [    Test worker] o.s.t.c.transaction.TransactionContext   : Rolled back transaction for test: [DefaultTestContext@240e8240 testClass = ScoreTest, testInstance = capstone.jejuTourrecommend.domain.ScoreTest@13809190, testMethod = tag_Test@ScoreTest, testException = [null], mergedContextConfiguration = [WebMergedContextConfiguration@72bb0640 testClass = ScoreTest, locations = '{}', classes = '{class capstone.jejuTourrecommend.JejuTourRecommendApplication}', contextInitializerClasses = '[]', activeProfiles = '{}', propertySourceLocations = '{}', propertySourceProperties = '{org.springframework.boot.test.context.SpringBootTestContextBootstrapper=true}', contextCustomizers = set[org.springframework.boot.test.autoconfigure.actuate.metrics.MetricsExportContextCustomizerFactory$DisableMetricExportContextCustomizer@239b0f9d, org.springframework.boot.test.autoconfigure.properties.PropertyMappingContextCustomizer@0, org.springframework.boot.test.autoconfigure.web.servlet.WebDriverContextCustomizerFactory$Customizer@c260bdc, org.springframework.boot.test.context.filter.ExcludeFilterContextCustomizer@3f363cf5, org.springframework.boot.test.json.DuplicateJsonObjectContextCustomizerFactory$DuplicateJsonObjectContextCustomizer@1bb1fde8, org.springframework.boot.test.mock.mockito.MockitoContextCustomizer@0, org.springframework.boot.test.web.client.TestRestTemplateContextCustomizer@26a4842b, org.springframework.boot.test.context.SpringBootTestArgs@1, org.springframework.boot.test.context.SpringBootTestWebEnvironment@34b9f960], resourceBasePath = 'src/main/webapp', contextLoader = 'org.springframework.boot.test.context.SpringBootContextLoader', parent = [null]], attributes = map['org.springframework.test.context.web.ServletTestExecutionListener.activateListener' -> true, 'org.springframework.test.context.web.ServletTestExecutionListener.populatedRequestContextHolder' -> true, 'org.springframework.test.context.web.ServletTestExecutionListener.resetRequestContextHolder' -> true, 'org.springframework.test.context.event.ApplicationEventsTestExecutionListener.recordApplicationEvents' -> false]]
2022-10-10 13:48:04.038  INFO 3923 --- [    Test worker] o.s.t.c.transaction.TransactionContext   : Began transaction (1) for test context [DefaultTestContext@240e8240 testClass = ScoreTest, testInstance = capstone.jejuTourrecommend.domain.ScoreTest@434c0d22, testMethod = score_spotTest@ScoreTest, testException = [null], mergedContextConfiguration = [WebMergedContextConfiguration@72bb0640 testClass = ScoreTest, locations = '{}', classes = '{class capstone.jejuTourrecommend.JejuTourRecommendApplication}', contextInitializerClasses = '[]', activeProfiles = '{}', propertySourceLocations = '{}', propertySourceProperties = '{org.springframework.boot.test.context.SpringBootTestContextBootstrapper=true}', contextCustomizers = set[org.springframework.boot.test.autoconfigure.actuate.metrics.MetricsExportContextCustomizerFactory$DisableMetricExportContextCustomizer@239b0f9d, org.springframework.boot.test.autoconfigure.properties.PropertyMappingContextCustomizer@0, org.springframework.boot.test.autoconfigure.web.servlet.WebDriverContextCustomizerFactory$Customizer@c260bdc, org.springframework.boot.test.context.filter.ExcludeFilterContextCustomizer@3f363cf5, org.springframework.boot.test.json.DuplicateJsonObjectContextCustomizerFactory$DuplicateJsonObjectContextCustomizer@1bb1fde8, org.springframework.boot.test.mock.mockito.MockitoContextCustomizer@0, org.springframework.boot.test.web.client.TestRestTemplateContextCustomizer@26a4842b, org.springframework.boot.test.context.SpringBootTestArgs@1, org.springframework.boot.test.context.SpringBootTestWebEnvironment@34b9f960], resourceBasePath = 'src/main/webapp', contextLoader = 'org.springframework.boot.test.context.SpringBootContextLoader', parent = [null]], attributes = map['org.springframework.test.context.web.ServletTestExecutionListener.activateListener' -> true, 'org.springframework.test.context.web.ServletTestExecutionListener.populatedRequestContextHolder' -> true, 'org.springframework.test.context.web.ServletTestExecutionListener.resetRequestContextHolder' -> true, 'org.springframework.test.context.event.ApplicationEventsTestExecutionListener.recordApplicationEvents' -> false]]; transaction manager [org.springframework.orm.jpa.JpaTransactionManager@5843ab8]; rollback [true]
2022-10-10 13:48:04.038  INFO 3923 --- [    Test worker] p6spy                                    : #1665377284038 | took 0ms | statement | connection 17| url jdbc:h2:mem:6a3784ae-1aa6-4bbf-b617-4d4aeabcc2af
call next value for score_seq
call next value for score_seq;
2022-10-10 13:48:04.038  INFO 3923 --- [    Test worker] p6spy                                    : #1665377284038 | took 0ms | statement | connection 17| url jdbc:h2:mem:6a3784ae-1aa6-4bbf-b617-4d4aeabcc2af
call next value for score_seq
call next value for score_seq;
2022-10-10 13:48:04.040  INFO 3923 --- [    Test worker] p6spy                                    : #1665377284040 | took 0ms | statement | connection 17| url jdbc:h2:mem:6a3784ae-1aa6-4bbf-b617-4d4aeabcc2af
insert into score (facility_rank, facility_score, price_rank, price_score, rank_average, surround_rank, surround_score, view_rank, view_score, score_id) values (?, ?, ?, ?, ?, ?, ?, ?, ?, ?)
insert into score (facility_rank, facility_score, price_rank, price_score, rank_average, surround_rank, surround_score, view_rank, view_score, score_id) values (NULL, NULL, NULL, NULL, NULL, NULL, NULL, NULL, NULL, 1);
2022-10-10 13:48:04.040  INFO 3923 --- [    Test worker] p6spy                                    : #1665377284040 | took 0ms | statement | connection 17| url jdbc:h2:mem:6a3784ae-1aa6-4bbf-b617-4d4aeabcc2af
insert into score (facility_rank, facility_score, price_rank, price_score, rank_average, surround_rank, surround_score, view_rank, view_score, score_id) values (?, ?, ?, ?, ?, ?, ?, ?, ?, ?)
insert into score (facility_rank, facility_score, price_rank, price_score, rank_average, surround_rank, surround_score, view_rank, view_score, score_id) values (NULL, NULL, NULL, NULL, NULL, NULL, NULL, NULL, NULL, 2);
2022-10-10 13:48:04.040  INFO 3923 --- [    Test worker] p6spy                                    : #1665377284040 | took 0ms | statement | connection 17| url jdbc:h2:mem:6a3784ae-1aa6-4bbf-b617-4d4aeabcc2af
insert into spot (address, description, location, name, score_id, spot_id) values (?, ?, ?, ?, ?, ?)
insert into spot (address, description, location, name, score_id, spot_id) values (NULL, NULL, NULL, 'spot1', 1, 67);
2022-10-10 13:48:04.040  INFO 3923 --- [    Test worker] p6spy                                    : #1665377284040 | took 0ms | statement | connection 17| url jdbc:h2:mem:6a3784ae-1aa6-4bbf-b617-4d4aeabcc2af
insert into spot (address, description, location, name, score_id, spot_id) values (?, ?, ?, ?, ?, ?)
insert into spot (address, description, location, name, score_id, spot_id) values (NULL, NULL, NULL, 'spot2', 2, 68);
2022-10-10 13:48:04.041  INFO 3923 --- [    Test worker] p6spy                                    : #1665377284041 | took 0ms | statement | connection 17| url jdbc:h2:mem:6a3784ae-1aa6-4bbf-b617-4d4aeabcc2af
select spot0_.spot_id as spot_id1_7_, spot0_.address as address2_7_, spot0_.description as descript3_7_, spot0_.location as location4_7_, spot0_.name as name5_7_, spot0_.score_id as score_id6_7_ from spot spot0_
select spot0_.spot_id as spot_id1_7_, spot0_.address as address2_7_, spot0_.description as descript3_7_, spot0_.location as location4_7_, spot0_.name as name5_7_, spot0_.score_id as score_id6_7_ from spot spot0_;
spot = capstone.jejuTourrecommend.domain.Spot@43a2b00c
2022-10-10 13:48:04.042  INFO 3923 --- [    Test worker] p6spy                                    : #1665377284042 | took 0ms | statement | connection 17| url jdbc:h2:mem:6a3784ae-1aa6-4bbf-b617-4d4aeabcc2af
select score0_.score_id as score_id1_6_0_, score0_.facility_rank as facility2_6_0_, score0_.facility_score as facility3_6_0_, score0_.price_rank as price_ra4_6_0_, score0_.price_score as price_sc5_6_0_, score0_.rank_average as rank_ave6_6_0_, score0_.surround_rank as surround7_6_0_, score0_.surround_score as surround8_6_0_, score0_.view_rank as view_ran9_6_0_, score0_.view_score as view_sc10_6_0_ from score score0_ where score0_.score_id=?
select score0_.score_id as score_id1_6_0_, score0_.facility_rank as facility2_6_0_, score0_.facility_score as facility3_6_0_, score0_.price_rank as price_ra4_6_0_, score0_.price_score as price_sc5_6_0_, score0_.rank_average as rank_ave6_6_0_, score0_.surround_rank as surround7_6_0_, score0_.surround_score as surround8_6_0_, score0_.view_rank as view_ran9_6_0_, score0_.view_score as view_sc10_6_0_ from score score0_ where score0_.score_id=1;
spot.getScore() = Score(id=1, viewScore=null, priceScore=null, facilityScore=null, surroundScore=null, rankAverage=null)
spot = capstone.jejuTourrecommend.domain.Spot@5bfd3d0
2022-10-10 13:48:04.049  INFO 3923 --- [    Test worker] p6spy                                    : #1665377284049 | took 0ms | statement | connection 17| url jdbc:h2:mem:6a3784ae-1aa6-4bbf-b617-4d4aeabcc2af
select score0_.score_id as score_id1_6_0_, score0_.facility_rank as facility2_6_0_, score0_.facility_score as facility3_6_0_, score0_.price_rank as price_ra4_6_0_, score0_.price_score as price_sc5_6_0_, score0_.rank_average as rank_ave6_6_0_, score0_.surround_rank as surround7_6_0_, score0_.surround_score as surround8_6_0_, score0_.view_rank as view_ran9_6_0_, score0_.view_score as view_sc10_6_0_ from score score0_ where score0_.score_id=?
select score0_.score_id as score_id1_6_0_, score0_.facility_rank as facility2_6_0_, score0_.facility_score as facility3_6_0_, score0_.price_rank as price_ra4_6_0_, score0_.price_score as price_sc5_6_0_, score0_.rank_average as rank_ave6_6_0_, score0_.surround_rank as surround7_6_0_, score0_.surround_score as surround8_6_0_, score0_.view_rank as view_ran9_6_0_, score0_.view_score as view_sc10_6_0_ from score score0_ where score0_.score_id=2;
spot.getScore() = Score(id=2, viewScore=null, priceScore=null, facilityScore=null, surroundScore=null, rankAverage=null)
2022-10-10 13:48:04.050  INFO 3923 --- [    Test worker] p6spy                                    : #1665377284050 | took 0ms | rollback | connection 17| url jdbc:h2:mem:6a3784ae-1aa6-4bbf-b617-4d4aeabcc2af

;
2022-10-10 13:48:04.050  INFO 3923 --- [    Test worker] o.s.t.c.transaction.TransactionContext   : Rolled back transaction for test: [DefaultTestContext@240e8240 testClass = ScoreTest, testInstance = capstone.jejuTourrecommend.domain.ScoreTest@434c0d22, testMethod = score_spotTest@ScoreTest, testException = [null], mergedContextConfiguration = [WebMergedContextConfiguration@72bb0640 testClass = ScoreTest, locations = '{}', classes = '{class capstone.jejuTourrecommend.JejuTourRecommendApplication}', contextInitializerClasses = '[]', activeProfiles = '{}', propertySourceLocations = '{}', propertySourceProperties = '{org.springframework.boot.test.context.SpringBootTestContextBootstrapper=true}', contextCustomizers = set[org.springframework.boot.test.autoconfigure.actuate.metrics.MetricsExportContextCustomizerFactory$DisableMetricExportContextCustomizer@239b0f9d, org.springframework.boot.test.autoconfigure.properties.PropertyMappingContextCustomizer@0, org.springframework.boot.test.autoconfigure.web.servlet.WebDriverContextCustomizerFactory$Customizer@c260bdc, org.springframework.boot.test.context.filter.ExcludeFilterContextCustomizer@3f363cf5, org.springframework.boot.test.json.DuplicateJsonObjectContextCustomizerFactory$DuplicateJsonObjectContextCustomizer@1bb1fde8, org.springframework.boot.test.mock.mockito.MockitoContextCustomizer@0, org.springframework.boot.test.web.client.TestRestTemplateContextCustomizer@26a4842b, org.springframework.boot.test.context.SpringBootTestArgs@1, org.springframework.boot.test.context.SpringBootTestWebEnvironment@34b9f960], resourceBasePath = 'src/main/webapp', contextLoader = 'org.springframework.boot.test.context.SpringBootContextLoader', parent = [null]], attributes = map['org.springframework.test.context.web.ServletTestExecutionListener.activateListener' -> true, 'org.springframework.test.context.web.ServletTestExecutionListener.populatedRequestContextHolder' -> true, 'org.springframework.test.context.web.ServletTestExecutionListener.resetRequestContextHolder' -> true, 'org.springframework.test.context.event.ApplicationEventsTestExecutionListener.recordApplicationEvents' -> false]]
]]></system-out>
  <system-err><![CDATA[]]></system-err>
</testsuite>
