<?xml version="1.0" encoding="UTF-8"?>
<testsuite name="capstone.jejuTourrecommend.repository.MemberRepositoryTest" tests="1" skipped="0" failures="0" errors="0" timestamp="2022-10-10T05:33:47" hostname="Heon-MacBookPro.local" time="0.014">
  <properties/>
  <testcase name="testMember()" classname="capstone.jejuTourrecommend.repository.MemberRepositoryTest" time="0.014"/>
  <system-out><![CDATA[2022-10-10 14:33:47.602  INFO 4460 --- [    Test worker] .b.t.c.SpringBootTestContextBootstrapper : Neither @ContextConfiguration nor @ContextHierarchy found for test class [capstone.jejuTourrecommend.repository.MemberRepositoryTest], using SpringBootContextLoader
2022-10-10 14:33:47.602  INFO 4460 --- [    Test worker] o.s.t.c.support.AbstractContextLoader    : Could not detect default resource locations for test class [capstone.jejuTourrecommend.repository.MemberRepositoryTest]: no resource found for suffixes {-context.xml, Context.groovy}.
2022-10-10 14:33:47.602  INFO 4460 --- [    Test worker] t.c.s.AnnotationConfigContextLoaderUtils : Could not detect default configuration classes for test class [capstone.jejuTourrecommend.repository.MemberRepositoryTest]: MemberRepositoryTest does not declare any static, non-private, non-final, nested classes annotated with @Configuration.
2022-10-10 14:33:47.602  INFO 4460 --- [    Test worker] .b.t.c.SpringBootTestContextBootstrapper : Found @SpringBootConfiguration capstone.jejuTourrecommend.JejuTourRecommendApplication for test class capstone.jejuTourrecommend.repository.MemberRepositoryTest
2022-10-10 14:33:47.603  INFO 4460 --- [    Test worker] .b.t.c.SpringBootTestContextBootstrapper : Loaded default TestExecutionListener class names from location [META-INF/spring.factories]: [org.springframework.boot.test.autoconfigure.restdocs.RestDocsTestExecutionListener, org.springframework.boot.test.autoconfigure.web.client.MockRestServiceServerResetTestExecutionListener, org.springframework.boot.test.autoconfigure.web.servlet.MockMvcPrintOnlyOnFailureTestExecutionListener, org.springframework.boot.test.autoconfigure.web.servlet.WebDriverTestExecutionListener, org.springframework.boot.test.autoconfigure.webservices.client.MockWebServiceServerTestExecutionListener, org.springframework.boot.test.mock.mockito.MockitoTestExecutionListener, org.springframework.boot.test.mock.mockito.ResetMocksTestExecutionListener, org.springframework.test.context.web.ServletTestExecutionListener, org.springframework.test.context.support.DirtiesContextBeforeModesTestExecutionListener, org.springframework.test.context.event.ApplicationEventsTestExecutionListener, org.springframework.test.context.support.DependencyInjectionTestExecutionListener, org.springframework.test.context.support.DirtiesContextTestExecutionListener, org.springframework.test.context.transaction.TransactionalTestExecutionListener, org.springframework.test.context.jdbc.SqlScriptsTestExecutionListener, org.springframework.test.context.event.EventPublishingTestExecutionListener]
2022-10-10 14:33:47.603  INFO 4460 --- [    Test worker] .b.t.c.SpringBootTestContextBootstrapper : Using TestExecutionListeners: [org.springframework.test.context.web.ServletTestExecutionListener@56f5f4ac, org.springframework.test.context.support.DirtiesContextBeforeModesTestExecutionListener@40b8d774, org.springframework.test.context.event.ApplicationEventsTestExecutionListener@22ed1c7e, org.springframework.boot.test.mock.mockito.MockitoTestExecutionListener@153388b1, org.springframework.boot.test.autoconfigure.SpringBootDependencyInjectionTestExecutionListener@6c9a4e2f, org.springframework.test.context.support.DirtiesContextTestExecutionListener@6a1f27bf, org.springframework.test.context.transaction.TransactionalTestExecutionListener@20dbc86e, org.springframework.test.context.jdbc.SqlScriptsTestExecutionListener@2924aac4, org.springframework.test.context.event.EventPublishingTestExecutionListener@17f172f9, org.springframework.boot.test.autoconfigure.restdocs.RestDocsTestExecutionListener@4408d67, org.springframework.boot.test.autoconfigure.web.client.MockRestServiceServerResetTestExecutionListener@7aa6bd39, org.springframework.boot.test.autoconfigure.web.servlet.MockMvcPrintOnlyOnFailureTestExecutionListener@76d85a23, org.springframework.boot.test.autoconfigure.web.servlet.WebDriverTestExecutionListener@6a2298bb, org.springframework.boot.test.autoconfigure.webservices.client.MockWebServiceServerTestExecutionListener@6a890b2d, org.springframework.boot.test.mock.mockito.ResetMocksTestExecutionListener@25092c30]
2022-10-10 14:33:47.604  INFO 4460 --- [    Test worker] o.s.t.c.transaction.TransactionContext   : Began transaction (1) for test context [DefaultTestContext@6fadc62d testClass = MemberRepositoryTest, testInstance = capstone.jejuTourrecommend.repository.MemberRepositoryTest@4ddf7896, testMethod = testMember@MemberRepositoryTest, testException = [null], mergedContextConfiguration = [WebMergedContextConfiguration@21dba5b1 testClass = MemberRepositoryTest, locations = '{}', classes = '{class capstone.jejuTourrecommend.JejuTourRecommendApplication}', contextInitializerClasses = '[]', activeProfiles = '{}', propertySourceLocations = '{}', propertySourceProperties = '{org.springframework.boot.test.context.SpringBootTestContextBootstrapper=true}', contextCustomizers = set[org.springframework.boot.test.autoconfigure.actuate.metrics.MetricsExportContextCustomizerFactory$DisableMetricExportContextCustomizer@749c877b, org.springframework.boot.test.autoconfigure.properties.PropertyMappingContextCustomizer@0, org.springframework.boot.test.autoconfigure.web.servlet.WebDriverContextCustomizerFactory$Customizer@60f7cc1d, org.springframework.boot.test.context.filter.ExcludeFilterContextCustomizer@207ea13, org.springframework.boot.test.json.DuplicateJsonObjectContextCustomizerFactory$DuplicateJsonObjectContextCustomizer@5827af16, org.springframework.boot.test.mock.mockito.MockitoContextCustomizer@0, org.springframework.boot.test.web.client.TestRestTemplateContextCustomizer@50fe837a, org.springframework.boot.test.context.SpringBootTestArgs@1, org.springframework.boot.test.context.SpringBootTestWebEnvironment@51bd8b5c], resourceBasePath = 'src/main/webapp', contextLoader = 'org.springframework.boot.test.context.SpringBootContextLoader', parent = [null]], attributes = map['org.springframework.test.context.web.ServletTestExecutionListener.activateListener' -> true, 'org.springframework.test.context.web.ServletTestExecutionListener.populatedRequestContextHolder' -> true, 'org.springframework.test.context.web.ServletTestExecutionListener.resetRequestContextHolder' -> true, 'org.springframework.test.context.event.ApplicationEventsTestExecutionListener.recordApplicationEvents' -> false]]; transaction manager [org.springframework.orm.jpa.JpaTransactionManager@4545ac62]; rollback [true]
memberRepository.getClass() = class com.sun.proxy.$Proxy168
2022-10-10 14:33:47.606  INFO 4460 --- [    Test worker] p6spy                                    : #1665380027606 | took 0ms | statement | connection 29| url jdbc:h2:mem:ad3a9e80-f26d-4a3e-9691-17f803db5723
insert into member (created_date, last_modified_date, created_by, last_modified_by, email, password, refresh_token, role, username, member_id) values (?, ?, ?, ?, ?, ?, ?, ?, ?, ?)
insert into member (created_date, last_modified_date, created_by, last_modified_by, email, password, refresh_token, role, username, member_id) values ('2022-10-10T14:33:47.605+0900', '2022-10-10T14:33:47.605+0900', '4be98331-97d9-4270-9250-1d0386b3efa4', '4be98331-97d9-4270-9250-1d0386b3efa4', '123@naver.com', NULL, NULL, NULL, NULL, 26);
2022-10-10 14:33:47.606  INFO 4460 --- [    Test worker] p6spy                                    : #1665380027606 | took 0ms | statement | connection 29| url jdbc:h2:mem:ad3a9e80-f26d-4a3e-9691-17f803db5723
select member0_.member_id as member_i1_2_, member0_.created_date as created_2_2_, member0_.last_modified_date as last_mod3_2_, member0_.created_by as created_4_2_, member0_.last_modified_by as last_mod5_2_, member0_.email as email6_2_, member0_.password as password7_2_, member0_.refresh_token as refresh_8_2_, member0_.role as role9_2_, member0_.username as usernam10_2_ from member member0_ where member0_.email=?
select member0_.member_id as member_i1_2_, member0_.created_date as created_2_2_, member0_.last_modified_date as last_mod3_2_, member0_.created_by as created_4_2_, member0_.last_modified_by as last_mod5_2_, member0_.email as email6_2_, member0_.password as password7_2_, member0_.refresh_token as refresh_8_2_, member0_.role as role9_2_, member0_.username as usernam10_2_ from member member0_ where member0_.email='123@naver.com';
2022-10-10 14:33:47.608  INFO 4460 --- [    Test worker] p6spy                                    : #1665380027608 | took 0ms | statement | connection 29| url jdbc:h2:mem:ad3a9e80-f26d-4a3e-9691-17f803db5723
select member0_.member_id as member_i1_2_, member0_.created_date as created_2_2_, member0_.last_modified_date as last_mod3_2_, member0_.created_by as created_4_2_, member0_.last_modified_by as last_mod5_2_, member0_.email as email6_2_, member0_.password as password7_2_, member0_.refresh_token as refresh_8_2_, member0_.role as role9_2_, member0_.username as usernam10_2_ from member member0_
select member0_.member_id as member_i1_2_, member0_.created_date as created_2_2_, member0_.last_modified_date as last_mod3_2_, member0_.created_by as created_4_2_, member0_.last_modified_by as last_mod5_2_, member0_.email as email6_2_, member0_.password as password7_2_, member0_.refresh_token as refresh_8_2_, member0_.role as role9_2_, member0_.username as usernam10_2_ from member member0_;
2022-10-10 14:33:47.618  INFO 4460 --- [    Test worker] p6spy                                    : #1665380027618 | took 0ms | rollback | connection 29| url jdbc:h2:mem:ad3a9e80-f26d-4a3e-9691-17f803db5723

;
2022-10-10 14:33:47.618  INFO 4460 --- [    Test worker] o.s.t.c.transaction.TransactionContext   : Rolled back transaction for test: [DefaultTestContext@6fadc62d testClass = MemberRepositoryTest, testInstance = capstone.jejuTourrecommend.repository.MemberRepositoryTest@4ddf7896, testMethod = testMember@MemberRepositoryTest, testException = [null], mergedContextConfiguration = [WebMergedContextConfiguration@21dba5b1 testClass = MemberRepositoryTest, locations = '{}', classes = '{class capstone.jejuTourrecommend.JejuTourRecommendApplication}', contextInitializerClasses = '[]', activeProfiles = '{}', propertySourceLocations = '{}', propertySourceProperties = '{org.springframework.boot.test.context.SpringBootTestContextBootstrapper=true}', contextCustomizers = set[org.springframework.boot.test.autoconfigure.actuate.metrics.MetricsExportContextCustomizerFactory$DisableMetricExportContextCustomizer@749c877b, org.springframework.boot.test.autoconfigure.properties.PropertyMappingContextCustomizer@0, org.springframework.boot.test.autoconfigure.web.servlet.WebDriverContextCustomizerFactory$Customizer@60f7cc1d, org.springframework.boot.test.context.filter.ExcludeFilterContextCustomizer@207ea13, org.springframework.boot.test.json.DuplicateJsonObjectContextCustomizerFactory$DuplicateJsonObjectContextCustomizer@5827af16, org.springframework.boot.test.mock.mockito.MockitoContextCustomizer@0, org.springframework.boot.test.web.client.TestRestTemplateContextCustomizer@50fe837a, org.springframework.boot.test.context.SpringBootTestArgs@1, org.springframework.boot.test.context.SpringBootTestWebEnvironment@51bd8b5c], resourceBasePath = 'src/main/webapp', contextLoader = 'org.springframework.boot.test.context.SpringBootContextLoader', parent = [null]], attributes = map['org.springframework.test.context.web.ServletTestExecutionListener.activateListener' -> true, 'org.springframework.test.context.web.ServletTestExecutionListener.populatedRequestContextHolder' -> true, 'org.springframework.test.context.web.ServletTestExecutionListener.resetRequestContextHolder' -> true, 'org.springframework.test.context.event.ApplicationEventsTestExecutionListener.recordApplicationEvents' -> false]]
]]></system-out>
  <system-err><![CDATA[]]></system-err>
</testsuite>
