<?xml version="1.0" encoding="UTF-8"?>
<testsuite name="capstone.jejuTourrecommend.repository.ReviewRepositoryImplTest" tests="1" skipped="0" failures="0" errors="0" timestamp="2022-10-10T04:48:04" hostname="Heon-MacBookPro.local" time="0.007">
  <properties/>
  <testcase name="searchReview()" classname="capstone.jejuTourrecommend.repository.ReviewRepositoryImplTest" time="0.007"/>
  <system-out><![CDATA[2022-10-10 13:48:04.871  INFO 3923 --- [    Test worker] .b.t.c.SpringBootTestContextBootstrapper : Neither @ContextConfiguration nor @ContextHierarchy found for test class [capstone.jejuTourrecommend.repository.ReviewRepositoryImplTest], using SpringBootContextLoader
2022-10-10 13:48:04.872  INFO 3923 --- [    Test worker] o.s.t.c.support.AbstractContextLoader    : Could not detect default resource locations for test class [capstone.jejuTourrecommend.repository.ReviewRepositoryImplTest]: no resource found for suffixes {-context.xml, Context.groovy}.
2022-10-10 13:48:04.872  INFO 3923 --- [    Test worker] t.c.s.AnnotationConfigContextLoaderUtils : Could not detect default configuration classes for test class [capstone.jejuTourrecommend.repository.ReviewRepositoryImplTest]: ReviewRepositoryImplTest does not declare any static, non-private, non-final, nested classes annotated with @Configuration.
2022-10-10 13:48:04.872  INFO 3923 --- [    Test worker] .b.t.c.SpringBootTestContextBootstrapper : Found @SpringBootConfiguration capstone.jejuTourrecommend.JejuTourRecommendApplication for test class capstone.jejuTourrecommend.repository.ReviewRepositoryImplTest
2022-10-10 13:48:04.873  INFO 3923 --- [    Test worker] .b.t.c.SpringBootTestContextBootstrapper : Loaded default TestExecutionListener class names from location [META-INF/spring.factories]: [org.springframework.boot.test.autoconfigure.restdocs.RestDocsTestExecutionListener, org.springframework.boot.test.autoconfigure.web.client.MockRestServiceServerResetTestExecutionListener, org.springframework.boot.test.autoconfigure.web.servlet.MockMvcPrintOnlyOnFailureTestExecutionListener, org.springframework.boot.test.autoconfigure.web.servlet.WebDriverTestExecutionListener, org.springframework.boot.test.autoconfigure.webservices.client.MockWebServiceServerTestExecutionListener, org.springframework.boot.test.mock.mockito.MockitoTestExecutionListener, org.springframework.boot.test.mock.mockito.ResetMocksTestExecutionListener, org.springframework.test.context.web.ServletTestExecutionListener, org.springframework.test.context.support.DirtiesContextBeforeModesTestExecutionListener, org.springframework.test.context.event.ApplicationEventsTestExecutionListener, org.springframework.test.context.support.DependencyInjectionTestExecutionListener, org.springframework.test.context.support.DirtiesContextTestExecutionListener, org.springframework.test.context.transaction.TransactionalTestExecutionListener, org.springframework.test.context.jdbc.SqlScriptsTestExecutionListener, org.springframework.test.context.event.EventPublishingTestExecutionListener]
2022-10-10 13:48:04.873  INFO 3923 --- [    Test worker] .b.t.c.SpringBootTestContextBootstrapper : Using TestExecutionListeners: [org.springframework.test.context.web.ServletTestExecutionListener@750e85b3, org.springframework.test.context.support.DirtiesContextBeforeModesTestExecutionListener@28180716, org.springframework.test.context.event.ApplicationEventsTestExecutionListener@60a20bb2, org.springframework.boot.test.mock.mockito.MockitoTestExecutionListener@3ddf40b6, org.springframework.boot.test.autoconfigure.SpringBootDependencyInjectionTestExecutionListener@3c7d79a3, org.springframework.test.context.support.DirtiesContextTestExecutionListener@54b5f98d, org.springframework.test.context.transaction.TransactionalTestExecutionListener@243a9732, org.springframework.test.context.jdbc.SqlScriptsTestExecutionListener@6327b9f3, org.springframework.test.context.event.EventPublishingTestExecutionListener@34c07455, org.springframework.boot.test.autoconfigure.restdocs.RestDocsTestExecutionListener@4f428ad1, org.springframework.boot.test.autoconfigure.web.client.MockRestServiceServerResetTestExecutionListener@3f31070c, org.springframework.boot.test.autoconfigure.web.servlet.MockMvcPrintOnlyOnFailureTestExecutionListener@6107d938, org.springframework.boot.test.autoconfigure.web.servlet.WebDriverTestExecutionListener@56d26b91, org.springframework.boot.test.autoconfigure.webservices.client.MockWebServiceServerTestExecutionListener@d9d6798, org.springframework.boot.test.mock.mockito.ResetMocksTestExecutionListener@3aa31840]
2022-10-10 13:48:04.874  INFO 3923 --- [    Test worker] o.s.t.c.transaction.TransactionContext   : Began transaction (1) for test context [DefaultTestContext@463ebbc1 testClass = ReviewRepositoryImplTest, testInstance = capstone.jejuTourrecommend.repository.ReviewRepositoryImplTest@64fdda5e, testMethod = searchReview@ReviewRepositoryImplTest, testException = [null], mergedContextConfiguration = [WebMergedContextConfiguration@177d5584 testClass = ReviewRepositoryImplTest, locations = '{}', classes = '{class capstone.jejuTourrecommend.JejuTourRecommendApplication}', contextInitializerClasses = '[]', activeProfiles = '{}', propertySourceLocations = '{}', propertySourceProperties = '{org.springframework.boot.test.context.SpringBootTestContextBootstrapper=true}', contextCustomizers = set[org.springframework.boot.test.autoconfigure.actuate.metrics.MetricsExportContextCustomizerFactory$DisableMetricExportContextCustomizer@239b0f9d, org.springframework.boot.test.autoconfigure.properties.PropertyMappingContextCustomizer@0, org.springframework.boot.test.autoconfigure.web.servlet.WebDriverContextCustomizerFactory$Customizer@c260bdc, org.springframework.boot.test.context.filter.ExcludeFilterContextCustomizer@3f363cf5, org.springframework.boot.test.json.DuplicateJsonObjectContextCustomizerFactory$DuplicateJsonObjectContextCustomizer@1bb1fde8, org.springframework.boot.test.mock.mockito.MockitoContextCustomizer@0, org.springframework.boot.test.web.client.TestRestTemplateContextCustomizer@26a4842b, org.springframework.boot.test.context.SpringBootTestArgs@1, org.springframework.boot.test.context.SpringBootTestWebEnvironment@34b9f960], resourceBasePath = 'src/main/webapp', contextLoader = 'org.springframework.boot.test.context.SpringBootContextLoader', parent = [null]], attributes = map['org.springframework.test.context.web.ServletTestExecutionListener.activateListener' -> true, 'org.springframework.test.context.web.ServletTestExecutionListener.populatedRequestContextHolder' -> true, 'org.springframework.test.context.web.ServletTestExecutionListener.resetRequestContextHolder' -> true, 'org.springframework.test.context.event.ApplicationEventsTestExecutionListener.recordApplicationEvents' -> false]]; transaction manager [org.springframework.orm.jpa.JpaTransactionManager@5843ab8]; rollback [true]
2022-10-10 13:48:04.875  INFO 3923 --- [    Test worker] p6spy                                    : #1665377284875 | took 0ms | statement | connection 30| url jdbc:h2:mem:6a3784ae-1aa6-4bbf-b617-4d4aeabcc2af
insert into spot (address, description, location, name, score_id, spot_id) values (?, ?, ?, ?, ?, ?)
insert into spot (address, description, location, name, score_id, spot_id) values (NULL, NULL, NULL, 'spot1', NULL, 971);
2022-10-10 13:48:04.875  INFO 3923 --- [    Test worker] p6spy                                    : #1665377284875 | took 0ms | statement | connection 30| url jdbc:h2:mem:6a3784ae-1aa6-4bbf-b617-4d4aeabcc2af
insert into review (content, spot_id, review_id) values (?, ?, ?)
insert into review (content, spot_id, review_id) values ('java.io.StringReader@9511f0e', 971, 905);
2022-10-10 13:48:04.875  INFO 3923 --- [    Test worker] p6spy                                    : #1665377284875 | took 0ms | statement | connection 30| url jdbc:h2:mem:6a3784ae-1aa6-4bbf-b617-4d4aeabcc2af
insert into review (content, spot_id, review_id) values (?, ?, ?)
insert into review (content, spot_id, review_id) values ('java.io.StringReader@5fa47c24', 971, 906);
2022-10-10 13:48:04.875  INFO 3923 --- [    Test worker] p6spy                                    : #1665377284875 | took 0ms | statement | connection 30| url jdbc:h2:mem:6a3784ae-1aa6-4bbf-b617-4d4aeabcc2af
insert into review (content, spot_id, review_id) values (?, ?, ?)
insert into review (content, spot_id, review_id) values ('java.io.StringReader@44c46039', 971, 907);
2022-10-10 13:48:04.875  INFO 3923 --- [    Test worker] p6spy                                    : #1665377284875 | took 0ms | statement | connection 30| url jdbc:h2:mem:6a3784ae-1aa6-4bbf-b617-4d4aeabcc2af
insert into review (content, spot_id, review_id) values (?, ?, ?)
insert into review (content, spot_id, review_id) values ('java.io.StringReader@55b0323', 971, 908);
2022-10-10 13:48:04.876  INFO 3923 --- [    Test worker] p6spy                                    : #1665377284876 | took 0ms | statement | connection 30| url jdbc:h2:mem:6a3784ae-1aa6-4bbf-b617-4d4aeabcc2af
select spot0_.spot_id as spot_id1_7_, spot0_.address as address2_7_, spot0_.description as descript3_7_, spot0_.location as location4_7_, spot0_.name as name5_7_, spot0_.score_id as score_id6_7_ from spot spot0_ where spot0_.spot_id=?
select spot0_.spot_id as spot_id1_7_, spot0_.address as address2_7_, spot0_.description as descript3_7_, spot0_.location as location4_7_, spot0_.name as name5_7_, spot0_.score_id as score_id6_7_ from spot spot0_ where spot0_.spot_id=971;
2022-10-10 13:48:04.879  INFO 3923 --- [    Test worker] p6spy                                    : #1665377284879 | took 0ms | statement | connection 30| url jdbc:h2:mem:6a3784ae-1aa6-4bbf-b617-4d4aeabcc2af
select review0_.review_id as col_0_0_, review0_.content as col_1_0_ from review review0_ where review0_.spot_id=? limit ?
select review0_.review_id as col_0_0_, review0_.content as col_1_0_ from review review0_ where review0_.spot_id=971 limit 100;
reviewDto.getContents() = fun1
reviewDto.getContents() = fun2
reviewDto.getContents() = fun3
reviewDto.getContents() = fun4
2022-10-10 13:48:04.881  INFO 3923 --- [    Test worker] p6spy                                    : #1665377284881 | took 0ms | rollback | connection 30| url jdbc:h2:mem:6a3784ae-1aa6-4bbf-b617-4d4aeabcc2af

;
2022-10-10 13:48:04.881  INFO 3923 --- [    Test worker] o.s.t.c.transaction.TransactionContext   : Rolled back transaction for test: [DefaultTestContext@463ebbc1 testClass = ReviewRepositoryImplTest, testInstance = capstone.jejuTourrecommend.repository.ReviewRepositoryImplTest@64fdda5e, testMethod = searchReview@ReviewRepositoryImplTest, testException = [null], mergedContextConfiguration = [WebMergedContextConfiguration@177d5584 testClass = ReviewRepositoryImplTest, locations = '{}', classes = '{class capstone.jejuTourrecommend.JejuTourRecommendApplication}', contextInitializerClasses = '[]', activeProfiles = '{}', propertySourceLocations = '{}', propertySourceProperties = '{org.springframework.boot.test.context.SpringBootTestContextBootstrapper=true}', contextCustomizers = set[org.springframework.boot.test.autoconfigure.actuate.metrics.MetricsExportContextCustomizerFactory$DisableMetricExportContextCustomizer@239b0f9d, org.springframework.boot.test.autoconfigure.properties.PropertyMappingContextCustomizer@0, org.springframework.boot.test.autoconfigure.web.servlet.WebDriverContextCustomizerFactory$Customizer@c260bdc, org.springframework.boot.test.context.filter.ExcludeFilterContextCustomizer@3f363cf5, org.springframework.boot.test.json.DuplicateJsonObjectContextCustomizerFactory$DuplicateJsonObjectContextCustomizer@1bb1fde8, org.springframework.boot.test.mock.mockito.MockitoContextCustomizer@0, org.springframework.boot.test.web.client.TestRestTemplateContextCustomizer@26a4842b, org.springframework.boot.test.context.SpringBootTestArgs@1, org.springframework.boot.test.context.SpringBootTestWebEnvironment@34b9f960], resourceBasePath = 'src/main/webapp', contextLoader = 'org.springframework.boot.test.context.SpringBootContextLoader', parent = [null]], attributes = map['org.springframework.test.context.web.ServletTestExecutionListener.activateListener' -> true, 'org.springframework.test.context.web.ServletTestExecutionListener.populatedRequestContextHolder' -> true, 'org.springframework.test.context.web.ServletTestExecutionListener.resetRequestContextHolder' -> true, 'org.springframework.test.context.event.ApplicationEventsTestExecutionListener.recordApplicationEvents' -> false]]
]]></system-out>
  <system-err><![CDATA[]]></system-err>
</testsuite>
