<?xml version="1.0" encoding="UTF-8"?>
<testsuite name="capstone.jejuTourrecommend.domain.ReviewTest" tests="1" skipped="0" failures="0" errors="0" timestamp="2022-10-10T05:33:46" hostname="Heon-MacBookPro.local" time="0.012">
  <properties/>
  <testcase name="review_spotTest()" classname="capstone.jejuTourrecommend.domain.ReviewTest" time="0.012"/>
  <system-out><![CDATA[2022-10-10 14:33:46.506  INFO 4460 --- [    Test worker] .b.t.c.SpringBootTestContextBootstrapper : Neither @ContextConfiguration nor @ContextHierarchy found for test class [capstone.jejuTourrecommend.domain.ReviewTest], using SpringBootContextLoader
2022-10-10 14:33:46.507  INFO 4460 --- [    Test worker] o.s.t.c.support.AbstractContextLoader    : Could not detect default resource locations for test class [capstone.jejuTourrecommend.domain.ReviewTest]: no resource found for suffixes {-context.xml, Context.groovy}.
2022-10-10 14:33:46.507  INFO 4460 --- [    Test worker] t.c.s.AnnotationConfigContextLoaderUtils : Could not detect default configuration classes for test class [capstone.jejuTourrecommend.domain.ReviewTest]: ReviewTest does not declare any static, non-private, non-final, nested classes annotated with @Configuration.
2022-10-10 14:33:46.507  INFO 4460 --- [    Test worker] .b.t.c.SpringBootTestContextBootstrapper : Found @SpringBootConfiguration capstone.jejuTourrecommend.JejuTourRecommendApplication for test class capstone.jejuTourrecommend.domain.ReviewTest
2022-10-10 14:33:46.508  INFO 4460 --- [    Test worker] .b.t.c.SpringBootTestContextBootstrapper : Loaded default TestExecutionListener class names from location [META-INF/spring.factories]: [org.springframework.boot.test.autoconfigure.restdocs.RestDocsTestExecutionListener, org.springframework.boot.test.autoconfigure.web.client.MockRestServiceServerResetTestExecutionListener, org.springframework.boot.test.autoconfigure.web.servlet.MockMvcPrintOnlyOnFailureTestExecutionListener, org.springframework.boot.test.autoconfigure.web.servlet.WebDriverTestExecutionListener, org.springframework.boot.test.autoconfigure.webservices.client.MockWebServiceServerTestExecutionListener, org.springframework.boot.test.mock.mockito.MockitoTestExecutionListener, org.springframework.boot.test.mock.mockito.ResetMocksTestExecutionListener, org.springframework.test.context.web.ServletTestExecutionListener, org.springframework.test.context.support.DirtiesContextBeforeModesTestExecutionListener, org.springframework.test.context.event.ApplicationEventsTestExecutionListener, org.springframework.test.context.support.DependencyInjectionTestExecutionListener, org.springframework.test.context.support.DirtiesContextTestExecutionListener, org.springframework.test.context.transaction.TransactionalTestExecutionListener, org.springframework.test.context.jdbc.SqlScriptsTestExecutionListener, org.springframework.test.context.event.EventPublishingTestExecutionListener]
2022-10-10 14:33:46.508  INFO 4460 --- [    Test worker] .b.t.c.SpringBootTestContextBootstrapper : Using TestExecutionListeners: [org.springframework.test.context.web.ServletTestExecutionListener@71120f9a, org.springframework.test.context.support.DirtiesContextBeforeModesTestExecutionListener@40597c95, org.springframework.test.context.event.ApplicationEventsTestExecutionListener@7daecd21, org.springframework.boot.test.mock.mockito.MockitoTestExecutionListener@51ba8929, org.springframework.boot.test.autoconfigure.SpringBootDependencyInjectionTestExecutionListener@30b5225b, org.springframework.test.context.support.DirtiesContextTestExecutionListener@3b035d0c, org.springframework.test.context.transaction.TransactionalTestExecutionListener@304f4888, org.springframework.test.context.jdbc.SqlScriptsTestExecutionListener@35b97c69, org.springframework.test.context.event.EventPublishingTestExecutionListener@2c07277f, org.springframework.boot.test.autoconfigure.restdocs.RestDocsTestExecutionListener@d4df4ce, org.springframework.boot.test.autoconfigure.web.client.MockRestServiceServerResetTestExecutionListener@470ce6e7, org.springframework.boot.test.autoconfigure.web.servlet.MockMvcPrintOnlyOnFailureTestExecutionListener@39a8905b, org.springframework.boot.test.autoconfigure.web.servlet.WebDriverTestExecutionListener@2c8174ce, org.springframework.boot.test.autoconfigure.webservices.client.MockWebServiceServerTestExecutionListener@4e881e14, org.springframework.boot.test.mock.mockito.ResetMocksTestExecutionListener@6e13e2fc]
2022-10-10 14:33:46.510  INFO 4460 --- [    Test worker] o.s.t.c.transaction.TransactionContext   : Began transaction (1) for test context [DefaultTestContext@13448d2d testClass = ReviewTest, testInstance = capstone.jejuTourrecommend.domain.ReviewTest@3444ac8f, testMethod = review_spotTest@ReviewTest, testException = [null], mergedContextConfiguration = [WebMergedContextConfiguration@3ab26cad testClass = ReviewTest, locations = '{}', classes = '{class capstone.jejuTourrecommend.JejuTourRecommendApplication}', contextInitializerClasses = '[]', activeProfiles = '{}', propertySourceLocations = '{}', propertySourceProperties = '{org.springframework.boot.test.context.SpringBootTestContextBootstrapper=true}', contextCustomizers = set[org.springframework.boot.test.autoconfigure.actuate.metrics.MetricsExportContextCustomizerFactory$DisableMetricExportContextCustomizer@749c877b, org.springframework.boot.test.autoconfigure.properties.PropertyMappingContextCustomizer@0, org.springframework.boot.test.autoconfigure.web.servlet.WebDriverContextCustomizerFactory$Customizer@60f7cc1d, org.springframework.boot.test.context.filter.ExcludeFilterContextCustomizer@207ea13, org.springframework.boot.test.json.DuplicateJsonObjectContextCustomizerFactory$DuplicateJsonObjectContextCustomizer@5827af16, org.springframework.boot.test.mock.mockito.MockitoContextCustomizer@0, org.springframework.boot.test.web.client.TestRestTemplateContextCustomizer@50fe837a, org.springframework.boot.test.context.SpringBootTestArgs@1, org.springframework.boot.test.context.SpringBootTestWebEnvironment@51bd8b5c], resourceBasePath = 'src/main/webapp', contextLoader = 'org.springframework.boot.test.context.SpringBootContextLoader', parent = [null]], attributes = map['org.springframework.test.context.web.ServletTestExecutionListener.activateListener' -> true, 'org.springframework.test.context.web.ServletTestExecutionListener.populatedRequestContextHolder' -> true, 'org.springframework.test.context.web.ServletTestExecutionListener.resetRequestContextHolder' -> true, 'org.springframework.test.context.event.ApplicationEventsTestExecutionListener.recordApplicationEvents' -> false]]; transaction manager [org.springframework.orm.jpa.JpaTransactionManager@4545ac62]; rollback [true]
2022-10-10 14:33:46.511  INFO 4460 --- [    Test worker] p6spy                                    : #1665380026511 | took 0ms | statement | connection 10| url jdbc:h2:mem:ad3a9e80-f26d-4a3e-9691-17f803db5723
call next value for review_seq
call next value for review_seq;
2022-10-10 14:33:46.511  INFO 4460 --- [    Test worker] p6spy                                    : #1665380026511 | took 0ms | statement | connection 10| url jdbc:h2:mem:ad3a9e80-f26d-4a3e-9691-17f803db5723
call next value for review_seq
call next value for review_seq;
2022-10-10 14:33:46.512  INFO 4460 --- [    Test worker] p6spy                                    : #1665380026512 | took 0ms | statement | connection 10| url jdbc:h2:mem:ad3a9e80-f26d-4a3e-9691-17f803db5723
insert into spot (address, description, location, name, score_id, spot_id) values (?, ?, ?, ?, ?, ?)
insert into spot (address, description, location, name, score_id, spot_id) values (NULL, NULL, NULL, 'spot1', NULL, 5);
2022-10-10 14:33:46.512  INFO 4460 --- [    Test worker] p6spy                                    : #1665380026512 | took 0ms | statement | connection 10| url jdbc:h2:mem:ad3a9e80-f26d-4a3e-9691-17f803db5723
insert into spot (address, description, location, name, score_id, spot_id) values (?, ?, ?, ?, ?, ?)
insert into spot (address, description, location, name, score_id, spot_id) values (NULL, NULL, NULL, 'spot2', NULL, 6);
2022-10-10 14:33:46.512  INFO 4460 --- [    Test worker] p6spy                                    : #1665380026512 | took 0ms | statement | connection 10| url jdbc:h2:mem:ad3a9e80-f26d-4a3e-9691-17f803db5723
insert into review (content, spot_id, review_id) values (?, ?, ?)
insert into review (content, spot_id, review_id) values ('java.io.StringReader@6e56f5d4', 5, 1);
2022-10-10 14:33:46.512  INFO 4460 --- [    Test worker] p6spy                                    : #1665380026512 | took 0ms | statement | connection 10| url jdbc:h2:mem:ad3a9e80-f26d-4a3e-9691-17f803db5723
insert into review (content, spot_id, review_id) values (?, ?, ?)
insert into review (content, spot_id, review_id) values ('java.io.StringReader@22e7ec5f', 5, 2);
2022-10-10 14:33:46.513  INFO 4460 --- [    Test worker] p6spy                                    : #1665380026513 | took 0ms | statement | connection 10| url jdbc:h2:mem:ad3a9e80-f26d-4a3e-9691-17f803db5723
insert into review (content, spot_id, review_id) values (?, ?, ?)
insert into review (content, spot_id, review_id) values ('java.io.StringReader@17caf362', 6, 3);
2022-10-10 14:33:46.513  INFO 4460 --- [    Test worker] p6spy                                    : #1665380026513 | took 0ms | statement | connection 10| url jdbc:h2:mem:ad3a9e80-f26d-4a3e-9691-17f803db5723
insert into review (content, spot_id, review_id) values (?, ?, ?)
insert into review (content, spot_id, review_id) values ('java.io.StringReader@120bb5b5', 6, 4);
2022-10-10 14:33:46.514  INFO 4460 --- [    Test worker] p6spy                                    : #1665380026514 | took 0ms | statement | connection 10| url jdbc:h2:mem:ad3a9e80-f26d-4a3e-9691-17f803db5723
select spot0_.spot_id as spot_id1_7_, spot0_.address as address2_7_, spot0_.description as descript3_7_, spot0_.location as location4_7_, spot0_.name as name5_7_, spot0_.score_id as score_id6_7_ from spot spot0_
select spot0_.spot_id as spot_id1_7_, spot0_.address as address2_7_, spot0_.description as descript3_7_, spot0_.location as location4_7_, spot0_.name as name5_7_, spot0_.score_id as score_id6_7_ from spot spot0_;
spot = capstone.jejuTourrecommend.domain.Spot@573f95b2
2022-10-10 14:33:46.516  INFO 4460 --- [    Test worker] p6spy                                    : #1665380026516 | took 0ms | statement | connection 10| url jdbc:h2:mem:ad3a9e80-f26d-4a3e-9691-17f803db5723
select reviews0_.spot_id as spot_id3_5_0_, reviews0_.review_id as review_i1_5_0_, reviews0_.review_id as review_i1_5_1_, reviews0_.content as content2_5_1_, reviews0_.spot_id as spot_id3_5_1_ from review reviews0_ where reviews0_.spot_id=?
select reviews0_.spot_id as spot_id3_5_0_, reviews0_.review_id as review_i1_5_0_, reviews0_.review_id as review_i1_5_1_, reviews0_.content as content2_5_1_, reviews0_.spot_id as spot_id3_5_1_ from review reviews0_ where reviews0_.spot_id=5;
spot.getReviews() = [Review(id=1, content=123123), Review(id=2, content=234234)]
spot = capstone.jejuTourrecommend.domain.Spot@79927a7c
2022-10-10 14:33:46.518  INFO 4460 --- [    Test worker] p6spy                                    : #1665380026518 | took 0ms | statement | connection 10| url jdbc:h2:mem:ad3a9e80-f26d-4a3e-9691-17f803db5723
select reviews0_.spot_id as spot_id3_5_0_, reviews0_.review_id as review_i1_5_0_, reviews0_.review_id as review_i1_5_1_, reviews0_.content as content2_5_1_, reviews0_.spot_id as spot_id3_5_1_ from review reviews0_ where reviews0_.spot_id=?
select reviews0_.spot_id as spot_id3_5_0_, reviews0_.review_id as review_i1_5_0_, reviews0_.review_id as review_i1_5_1_, reviews0_.content as content2_5_1_, reviews0_.spot_id as spot_id3_5_1_ from review reviews0_ where reviews0_.spot_id=6;
spot.getReviews() = [Review(id=3, content=3453453), Review(id=4, content=456456)]
2022-10-10 14:33:46.520  INFO 4460 --- [    Test worker] p6spy                                    : #1665380026520 | took 0ms | rollback | connection 10| url jdbc:h2:mem:ad3a9e80-f26d-4a3e-9691-17f803db5723

;
2022-10-10 14:33:46.521  INFO 4460 --- [    Test worker] o.s.t.c.transaction.TransactionContext   : Rolled back transaction for test: [DefaultTestContext@13448d2d testClass = ReviewTest, testInstance = capstone.jejuTourrecommend.domain.ReviewTest@3444ac8f, testMethod = review_spotTest@ReviewTest, testException = [null], mergedContextConfiguration = [WebMergedContextConfiguration@3ab26cad testClass = ReviewTest, locations = '{}', classes = '{class capstone.jejuTourrecommend.JejuTourRecommendApplication}', contextInitializerClasses = '[]', activeProfiles = '{}', propertySourceLocations = '{}', propertySourceProperties = '{org.springframework.boot.test.context.SpringBootTestContextBootstrapper=true}', contextCustomizers = set[org.springframework.boot.test.autoconfigure.actuate.metrics.MetricsExportContextCustomizerFactory$DisableMetricExportContextCustomizer@749c877b, org.springframework.boot.test.autoconfigure.properties.PropertyMappingContextCustomizer@0, org.springframework.boot.test.autoconfigure.web.servlet.WebDriverContextCustomizerFactory$Customizer@60f7cc1d, org.springframework.boot.test.context.filter.ExcludeFilterContextCustomizer@207ea13, org.springframework.boot.test.json.DuplicateJsonObjectContextCustomizerFactory$DuplicateJsonObjectContextCustomizer@5827af16, org.springframework.boot.test.mock.mockito.MockitoContextCustomizer@0, org.springframework.boot.test.web.client.TestRestTemplateContextCustomizer@50fe837a, org.springframework.boot.test.context.SpringBootTestArgs@1, org.springframework.boot.test.context.SpringBootTestWebEnvironment@51bd8b5c], resourceBasePath = 'src/main/webapp', contextLoader = 'org.springframework.boot.test.context.SpringBootContextLoader', parent = [null]], attributes = map['org.springframework.test.context.web.ServletTestExecutionListener.activateListener' -> true, 'org.springframework.test.context.web.ServletTestExecutionListener.populatedRequestContextHolder' -> true, 'org.springframework.test.context.web.ServletTestExecutionListener.resetRequestContextHolder' -> true, 'org.springframework.test.context.event.ApplicationEventsTestExecutionListener.recordApplicationEvents' -> false]]
]]></system-out>
  <system-err><![CDATA[]]></system-err>
</testsuite>
