<?xml version="1.0" encoding="UTF-8"?>
<testsuite name="capstone.jejuTourrecommend.domain.FavoriteTest" tests="1" skipped="0" failures="0" errors="0" timestamp="2022-10-10T04:48:03" hostname="Heon-MacBookPro.local" time="0.015">
  <properties/>
  <testcase name="favorite_memberTest()" classname="capstone.jejuTourrecommend.domain.FavoriteTest" time="0.015"/>
  <system-out><![CDATA[2022-10-10 13:48:03.874  INFO 3923 --- [    Test worker] .b.t.c.SpringBootTestContextBootstrapper : Neither @ContextConfiguration nor @ContextHierarchy found for test class [capstone.jejuTourrecommend.domain.FavoriteTest], using SpringBootContextLoader
2022-10-10 13:48:03.874  INFO 3923 --- [    Test worker] o.s.t.c.support.AbstractContextLoader    : Could not detect default resource locations for test class [capstone.jejuTourrecommend.domain.FavoriteTest]: no resource found for suffixes {-context.xml, Context.groovy}.
2022-10-10 13:48:03.874  INFO 3923 --- [    Test worker] t.c.s.AnnotationConfigContextLoaderUtils : Could not detect default configuration classes for test class [capstone.jejuTourrecommend.domain.FavoriteTest]: FavoriteTest does not declare any static, non-private, non-final, nested classes annotated with @Configuration.
2022-10-10 13:48:03.874  INFO 3923 --- [    Test worker] .b.t.c.SpringBootTestContextBootstrapper : Found @SpringBootConfiguration capstone.jejuTourrecommend.JejuTourRecommendApplication for test class capstone.jejuTourrecommend.domain.FavoriteTest
2022-10-10 13:48:03.875  INFO 3923 --- [    Test worker] .b.t.c.SpringBootTestContextBootstrapper : Loaded default TestExecutionListener class names from location [META-INF/spring.factories]: [org.springframework.boot.test.autoconfigure.restdocs.RestDocsTestExecutionListener, org.springframework.boot.test.autoconfigure.web.client.MockRestServiceServerResetTestExecutionListener, org.springframework.boot.test.autoconfigure.web.servlet.MockMvcPrintOnlyOnFailureTestExecutionListener, org.springframework.boot.test.autoconfigure.web.servlet.WebDriverTestExecutionListener, org.springframework.boot.test.autoconfigure.webservices.client.MockWebServiceServerTestExecutionListener, org.springframework.boot.test.mock.mockito.MockitoTestExecutionListener, org.springframework.boot.test.mock.mockito.ResetMocksTestExecutionListener, org.springframework.test.context.web.ServletTestExecutionListener, org.springframework.test.context.support.DirtiesContextBeforeModesTestExecutionListener, org.springframework.test.context.event.ApplicationEventsTestExecutionListener, org.springframework.test.context.support.DependencyInjectionTestExecutionListener, org.springframework.test.context.support.DirtiesContextTestExecutionListener, org.springframework.test.context.transaction.TransactionalTestExecutionListener, org.springframework.test.context.jdbc.SqlScriptsTestExecutionListener, org.springframework.test.context.event.EventPublishingTestExecutionListener]
2022-10-10 13:48:03.875  INFO 3923 --- [    Test worker] .b.t.c.SpringBootTestContextBootstrapper : Using TestExecutionListeners: [org.springframework.test.context.web.ServletTestExecutionListener@4967fabe, org.springframework.test.context.support.DirtiesContextBeforeModesTestExecutionListener@6329d89f, org.springframework.test.context.event.ApplicationEventsTestExecutionListener@10fc01e0, org.springframework.boot.test.mock.mockito.MockitoTestExecutionListener@6a2cd5ea, org.springframework.boot.test.autoconfigure.SpringBootDependencyInjectionTestExecutionListener@1c68601b, org.springframework.test.context.support.DirtiesContextTestExecutionListener@3128be29, org.springframework.test.context.transaction.TransactionalTestExecutionListener@412b4aed, org.springframework.test.context.jdbc.SqlScriptsTestExecutionListener@4da454a7, org.springframework.test.context.event.EventPublishingTestExecutionListener@12139db0, org.springframework.boot.test.autoconfigure.restdocs.RestDocsTestExecutionListener@66beb02d, org.springframework.boot.test.autoconfigure.web.client.MockRestServiceServerResetTestExecutionListener@7d59e235, org.springframework.boot.test.autoconfigure.web.servlet.MockMvcPrintOnlyOnFailureTestExecutionListener@12b79055, org.springframework.boot.test.autoconfigure.web.servlet.WebDriverTestExecutionListener@1cc771ae, org.springframework.boot.test.autoconfigure.webservices.client.MockWebServiceServerTestExecutionListener@f6b85c3, org.springframework.boot.test.mock.mockito.ResetMocksTestExecutionListener@3d118651]
2022-10-10 13:48:03.877  INFO 3923 --- [    Test worker] o.s.t.c.transaction.TransactionContext   : Began transaction (1) for test context [DefaultTestContext@138a8c9e testClass = FavoriteTest, testInstance = capstone.jejuTourrecommend.domain.FavoriteTest@3467d540, testMethod = favorite_memberTest@FavoriteTest, testException = [null], mergedContextConfiguration = [WebMergedContextConfiguration@67710b92 testClass = FavoriteTest, locations = '{}', classes = '{class capstone.jejuTourrecommend.JejuTourRecommendApplication}', contextInitializerClasses = '[]', activeProfiles = '{}', propertySourceLocations = '{}', propertySourceProperties = '{org.springframework.boot.test.context.SpringBootTestContextBootstrapper=true}', contextCustomizers = set[org.springframework.boot.test.autoconfigure.actuate.metrics.MetricsExportContextCustomizerFactory$DisableMetricExportContextCustomizer@239b0f9d, org.springframework.boot.test.autoconfigure.properties.PropertyMappingContextCustomizer@0, org.springframework.boot.test.autoconfigure.web.servlet.WebDriverContextCustomizerFactory$Customizer@c260bdc, org.springframework.boot.test.context.filter.ExcludeFilterContextCustomizer@3f363cf5, org.springframework.boot.test.json.DuplicateJsonObjectContextCustomizerFactory$DuplicateJsonObjectContextCustomizer@1bb1fde8, org.springframework.boot.test.mock.mockito.MockitoContextCustomizer@0, org.springframework.boot.test.web.client.TestRestTemplateContextCustomizer@26a4842b, org.springframework.boot.test.context.SpringBootTestArgs@1, org.springframework.boot.test.context.SpringBootTestWebEnvironment@34b9f960], resourceBasePath = 'src/main/webapp', contextLoader = 'org.springframework.boot.test.context.SpringBootContextLoader', parent = [null]], attributes = map['org.springframework.test.context.web.ServletTestExecutionListener.activateListener' -> true, 'org.springframework.test.context.web.ServletTestExecutionListener.populatedRequestContextHolder' -> true, 'org.springframework.test.context.web.ServletTestExecutionListener.resetRequestContextHolder' -> true, 'org.springframework.test.context.event.ApplicationEventsTestExecutionListener.recordApplicationEvents' -> false]]; transaction manager [org.springframework.orm.jpa.JpaTransactionManager@5843ab8]; rollback [true]
2022-10-10 13:48:03.879  INFO 3923 --- [    Test worker] p6spy                                    : #1665377283879 | took 0ms | statement | connection 11| url jdbc:h2:mem:6a3784ae-1aa6-4bbf-b617-4d4aeabcc2af
insert into member (created_date, last_modified_date, created_by, last_modified_by, email, password, refresh_token, role, username, member_id) values (?, ?, ?, ?, ?, ?, ?, ?, ?, ?)
insert into member (created_date, last_modified_date, created_by, last_modified_by, email, password, refresh_token, role, username, member_id) values ('2022-10-10T13:48:03.878+0900', '2022-10-10T13:48:03.878+0900', '70096d97-56ac-4b7c-a869-e6ab8eaaed69', '70096d97-56ac-4b7c-a869-e6ab8eaaed69', '123@gmail.com', NULL, NULL, NULL, 'memberA', 5);
2022-10-10 13:48:03.879  INFO 3923 --- [    Test worker] p6spy                                    : #1665377283879 | took 0ms | statement | connection 11| url jdbc:h2:mem:6a3784ae-1aa6-4bbf-b617-4d4aeabcc2af
insert into member (created_date, last_modified_date, created_by, last_modified_by, email, password, refresh_token, role, username, member_id) values (?, ?, ?, ?, ?, ?, ?, ?, ?, ?)
insert into member (created_date, last_modified_date, created_by, last_modified_by, email, password, refresh_token, role, username, member_id) values ('2022-10-10T13:48:03.878+0900', '2022-10-10T13:48:03.878+0900', '22c0cfcf-5c1f-4713-8571-6f6da44dbff0', '22c0cfcf-5c1f-4713-8571-6f6da44dbff0', '234@naver.com', NULL, NULL, NULL, 'memberB', 6);
2022-10-10 13:48:03.879  INFO 3923 --- [    Test worker] p6spy                                    : #1665377283879 | took 0ms | statement | connection 11| url jdbc:h2:mem:6a3784ae-1aa6-4bbf-b617-4d4aeabcc2af
insert into favorite (member_id, name, favorite_id) values (?, ?, ?)
insert into favorite (member_id, name, favorite_id) values (5, 'favorite1', 24);
2022-10-10 13:48:03.879  INFO 3923 --- [    Test worker] p6spy                                    : #1665377283879 | took 0ms | statement | connection 11| url jdbc:h2:mem:6a3784ae-1aa6-4bbf-b617-4d4aeabcc2af
insert into favorite (member_id, name, favorite_id) values (?, ?, ?)
insert into favorite (member_id, name, favorite_id) values (5, 'favorite2', 25);
2022-10-10 13:48:03.879  INFO 3923 --- [    Test worker] p6spy                                    : #1665377283879 | took 0ms | statement | connection 11| url jdbc:h2:mem:6a3784ae-1aa6-4bbf-b617-4d4aeabcc2af
insert into favorite (member_id, name, favorite_id) values (?, ?, ?)
insert into favorite (member_id, name, favorite_id) values (6, 'favorite3', 26);
2022-10-10 13:48:03.879  INFO 3923 --- [    Test worker] p6spy                                    : #1665377283879 | took 0ms | statement | connection 11| url jdbc:h2:mem:6a3784ae-1aa6-4bbf-b617-4d4aeabcc2af
insert into favorite (member_id, name, favorite_id) values (?, ?, ?)
insert into favorite (member_id, name, favorite_id) values (6, 'favorite4', 27);
2022-10-10 13:48:03.880  INFO 3923 --- [    Test worker] p6spy                                    : #1665377283880 | took 0ms | statement | connection 11| url jdbc:h2:mem:6a3784ae-1aa6-4bbf-b617-4d4aeabcc2af
select favorite0_.favorite_id as favorite1_0_, favorite0_.member_id as member_i3_0_, favorite0_.name as name2_0_ from favorite favorite0_
select favorite0_.favorite_id as favorite1_0_, favorite0_.member_id as member_i3_0_, favorite0_.name as name2_0_ from favorite favorite0_;
favorite.getName() = favorite1
2022-10-10 13:48:03.881  INFO 3923 --- [    Test worker] p6spy                                    : #1665377283881 | took 0ms | statement | connection 11| url jdbc:h2:mem:6a3784ae-1aa6-4bbf-b617-4d4aeabcc2af
select member0_.member_id as member_i1_2_0_, member0_.created_date as created_2_2_0_, member0_.last_modified_date as last_mod3_2_0_, member0_.created_by as created_4_2_0_, member0_.last_modified_by as last_mod5_2_0_, member0_.email as email6_2_0_, member0_.password as password7_2_0_, member0_.refresh_token as refresh_8_2_0_, member0_.role as role9_2_0_, member0_.username as usernam10_2_0_ from member member0_ where member0_.member_id=?
select member0_.member_id as member_i1_2_0_, member0_.created_date as created_2_2_0_, member0_.last_modified_date as last_mod3_2_0_, member0_.created_by as created_4_2_0_, member0_.last_modified_by as last_mod5_2_0_, member0_.email as email6_2_0_, member0_.password as password7_2_0_, member0_.refresh_token as refresh_8_2_0_, member0_.role as role9_2_0_, member0_.username as usernam10_2_0_ from member member0_ where member0_.member_id=5;
favorite.getUser() = Member(id=5, username=memberA, email=123@gmail.com, password=null)
favorite.getName() = favorite2
favorite.getUser() = Member(id=5, username=memberA, email=123@gmail.com, password=null)
favorite.getName() = favorite3
2022-10-10 13:48:03.889  INFO 3923 --- [    Test worker] p6spy                                    : #1665377283889 | took 0ms | statement | connection 11| url jdbc:h2:mem:6a3784ae-1aa6-4bbf-b617-4d4aeabcc2af
select member0_.member_id as member_i1_2_0_, member0_.created_date as created_2_2_0_, member0_.last_modified_date as last_mod3_2_0_, member0_.created_by as created_4_2_0_, member0_.last_modified_by as last_mod5_2_0_, member0_.email as email6_2_0_, member0_.password as password7_2_0_, member0_.refresh_token as refresh_8_2_0_, member0_.role as role9_2_0_, member0_.username as usernam10_2_0_ from member member0_ where member0_.member_id=?
select member0_.member_id as member_i1_2_0_, member0_.created_date as created_2_2_0_, member0_.last_modified_date as last_mod3_2_0_, member0_.created_by as created_4_2_0_, member0_.last_modified_by as last_mod5_2_0_, member0_.email as email6_2_0_, member0_.password as password7_2_0_, member0_.refresh_token as refresh_8_2_0_, member0_.role as role9_2_0_, member0_.username as usernam10_2_0_ from member member0_ where member0_.member_id=6;
favorite.getUser() = Member(id=6, username=memberB, email=234@naver.com, password=null)
favorite.getName() = favorite4
favorite.getUser() = Member(id=6, username=memberB, email=234@naver.com, password=null)
2022-10-10 13:48:03.890  INFO 3923 --- [    Test worker] p6spy                                    : #1665377283890 | took 0ms | rollback | connection 11| url jdbc:h2:mem:6a3784ae-1aa6-4bbf-b617-4d4aeabcc2af

;
2022-10-10 13:48:03.891  INFO 3923 --- [    Test worker] o.s.t.c.transaction.TransactionContext   : Rolled back transaction for test: [DefaultTestContext@138a8c9e testClass = FavoriteTest, testInstance = capstone.jejuTourrecommend.domain.FavoriteTest@3467d540, testMethod = favorite_memberTest@FavoriteTest, testException = [null], mergedContextConfiguration = [WebMergedContextConfiguration@67710b92 testClass = FavoriteTest, locations = '{}', classes = '{class capstone.jejuTourrecommend.JejuTourRecommendApplication}', contextInitializerClasses = '[]', activeProfiles = '{}', propertySourceLocations = '{}', propertySourceProperties = '{org.springframework.boot.test.context.SpringBootTestContextBootstrapper=true}', contextCustomizers = set[org.springframework.boot.test.autoconfigure.actuate.metrics.MetricsExportContextCustomizerFactory$DisableMetricExportContextCustomizer@239b0f9d, org.springframework.boot.test.autoconfigure.properties.PropertyMappingContextCustomizer@0, org.springframework.boot.test.autoconfigure.web.servlet.WebDriverContextCustomizerFactory$Customizer@c260bdc, org.springframework.boot.test.context.filter.ExcludeFilterContextCustomizer@3f363cf5, org.springframework.boot.test.json.DuplicateJsonObjectContextCustomizerFactory$DuplicateJsonObjectContextCustomizer@1bb1fde8, org.springframework.boot.test.mock.mockito.MockitoContextCustomizer@0, org.springframework.boot.test.web.client.TestRestTemplateContextCustomizer@26a4842b, org.springframework.boot.test.context.SpringBootTestArgs@1, org.springframework.boot.test.context.SpringBootTestWebEnvironment@34b9f960], resourceBasePath = 'src/main/webapp', contextLoader = 'org.springframework.boot.test.context.SpringBootContextLoader', parent = [null]], attributes = map['org.springframework.test.context.web.ServletTestExecutionListener.activateListener' -> true, 'org.springframework.test.context.web.ServletTestExecutionListener.populatedRequestContextHolder' -> true, 'org.springframework.test.context.web.ServletTestExecutionListener.resetRequestContextHolder' -> true, 'org.springframework.test.context.event.ApplicationEventsTestExecutionListener.recordApplicationEvents' -> false]]
]]></system-out>
  <system-err><![CDATA[]]></system-err>
</testsuite>
