<?xml version="1.0" encoding="UTF-8"?>
<testsuite name="capstone.jejuTourrecommend.repository.FavoriteRepositoryTest" tests="2" skipped="0" failures="0" errors="0" timestamp="2022-10-10T04:48:04" hostname="Heon-MacBookPro.local" time="0.01">
  <properties/>
  <testcase name="deleteFavorite()" classname="capstone.jejuTourrecommend.repository.FavoriteRepositoryTest" time="0.005"/>
  <testcase name="deleteTest()" classname="capstone.jejuTourrecommend.repository.FavoriteRepositoryTest" time="0.004"/>
  <system-out><![CDATA[2022-10-10 13:48:04.359  INFO 3923 --- [    Test worker] .b.t.c.SpringBootTestContextBootstrapper : Neither @ContextConfiguration nor @ContextHierarchy found for test class [capstone.jejuTourrecommend.repository.FavoriteRepositoryTest], using SpringBootContextLoader
2022-10-10 13:48:04.360  INFO 3923 --- [    Test worker] o.s.t.c.support.AbstractContextLoader    : Could not detect default resource locations for test class [capstone.jejuTourrecommend.repository.FavoriteRepositoryTest]: no resource found for suffixes {-context.xml, Context.groovy}.
2022-10-10 13:48:04.360  INFO 3923 --- [    Test worker] t.c.s.AnnotationConfigContextLoaderUtils : Could not detect default configuration classes for test class [capstone.jejuTourrecommend.repository.FavoriteRepositoryTest]: FavoriteRepositoryTest does not declare any static, non-private, non-final, nested classes annotated with @Configuration.
2022-10-10 13:48:04.362  INFO 3923 --- [    Test worker] .b.t.c.SpringBootTestContextBootstrapper : Found @SpringBootConfiguration capstone.jejuTourrecommend.JejuTourRecommendApplication for test class capstone.jejuTourrecommend.repository.FavoriteRepositoryTest
2022-10-10 13:48:04.363  INFO 3923 --- [    Test worker] .b.t.c.SpringBootTestContextBootstrapper : Loaded default TestExecutionListener class names from location [META-INF/spring.factories]: [org.springframework.boot.test.autoconfigure.restdocs.RestDocsTestExecutionListener, org.springframework.boot.test.autoconfigure.web.client.MockRestServiceServerResetTestExecutionListener, org.springframework.boot.test.autoconfigure.web.servlet.MockMvcPrintOnlyOnFailureTestExecutionListener, org.springframework.boot.test.autoconfigure.web.servlet.WebDriverTestExecutionListener, org.springframework.boot.test.autoconfigure.webservices.client.MockWebServiceServerTestExecutionListener, org.springframework.boot.test.mock.mockito.MockitoTestExecutionListener, org.springframework.boot.test.mock.mockito.ResetMocksTestExecutionListener, org.springframework.test.context.web.ServletTestExecutionListener, org.springframework.test.context.support.DirtiesContextBeforeModesTestExecutionListener, org.springframework.test.context.event.ApplicationEventsTestExecutionListener, org.springframework.test.context.support.DependencyInjectionTestExecutionListener, org.springframework.test.context.support.DirtiesContextTestExecutionListener, org.springframework.test.context.transaction.TransactionalTestExecutionListener, org.springframework.test.context.jdbc.SqlScriptsTestExecutionListener, org.springframework.test.context.event.EventPublishingTestExecutionListener]
2022-10-10 13:48:04.363  INFO 3923 --- [    Test worker] .b.t.c.SpringBootTestContextBootstrapper : Using TestExecutionListeners: [org.springframework.test.context.web.ServletTestExecutionListener@175a0f81, org.springframework.test.context.support.DirtiesContextBeforeModesTestExecutionListener@70eb197f, org.springframework.test.context.event.ApplicationEventsTestExecutionListener@f308a2f, org.springframework.boot.test.mock.mockito.MockitoTestExecutionListener@10fec61, org.springframework.boot.test.autoconfigure.SpringBootDependencyInjectionTestExecutionListener@466eddc6, org.springframework.test.context.support.DirtiesContextTestExecutionListener@6ee60495, org.springframework.test.context.transaction.TransactionalTestExecutionListener@650c9a94, org.springframework.test.context.jdbc.SqlScriptsTestExecutionListener@1b9e0eb0, org.springframework.test.context.event.EventPublishingTestExecutionListener@2bae60e8, org.springframework.boot.test.autoconfigure.restdocs.RestDocsTestExecutionListener@75321ba4, org.springframework.boot.test.autoconfigure.web.client.MockRestServiceServerResetTestExecutionListener@746be7ac, org.springframework.boot.test.autoconfigure.web.servlet.MockMvcPrintOnlyOnFailureTestExecutionListener@1f6b8c1f, org.springframework.boot.test.autoconfigure.web.servlet.WebDriverTestExecutionListener@471a163a, org.springframework.boot.test.autoconfigure.webservices.client.MockWebServiceServerTestExecutionListener@2290ca46, org.springframework.boot.test.mock.mockito.ResetMocksTestExecutionListener@9ed1f3f]
2022-10-10 13:48:04.364  INFO 3923 --- [    Test worker] o.s.t.c.transaction.TransactionContext   : Began transaction (1) for test context [DefaultTestContext@6ce7fb0c testClass = FavoriteRepositoryTest, testInstance = capstone.jejuTourrecommend.repository.FavoriteRepositoryTest@6caef908, testMethod = deleteFavorite@FavoriteRepositoryTest, testException = [null], mergedContextConfiguration = [WebMergedContextConfiguration@223bbda6 testClass = FavoriteRepositoryTest, locations = '{}', classes = '{class capstone.jejuTourrecommend.JejuTourRecommendApplication}', contextInitializerClasses = '[]', activeProfiles = '{}', propertySourceLocations = '{}', propertySourceProperties = '{org.springframework.boot.test.context.SpringBootTestContextBootstrapper=true}', contextCustomizers = set[org.springframework.boot.test.autoconfigure.actuate.metrics.MetricsExportContextCustomizerFactory$DisableMetricExportContextCustomizer@239b0f9d, org.springframework.boot.test.autoconfigure.properties.PropertyMappingContextCustomizer@0, org.springframework.boot.test.autoconfigure.web.servlet.WebDriverContextCustomizerFactory$Customizer@c260bdc, org.springframework.boot.test.context.filter.ExcludeFilterContextCustomizer@3f363cf5, org.springframework.boot.test.json.DuplicateJsonObjectContextCustomizerFactory$DuplicateJsonObjectContextCustomizer@1bb1fde8, org.springframework.boot.test.mock.mockito.MockitoContextCustomizer@0, org.springframework.boot.test.web.client.TestRestTemplateContextCustomizer@26a4842b, org.springframework.boot.test.context.SpringBootTestArgs@1, org.springframework.boot.test.context.SpringBootTestWebEnvironment@34b9f960], resourceBasePath = 'src/main/webapp', contextLoader = 'org.springframework.boot.test.context.SpringBootContextLoader', parent = [null]], attributes = map['org.springframework.test.context.web.ServletTestExecutionListener.activateListener' -> true, 'org.springframework.test.context.web.ServletTestExecutionListener.populatedRequestContextHolder' -> true, 'org.springframework.test.context.web.ServletTestExecutionListener.resetRequestContextHolder' -> true, 'org.springframework.test.context.event.ApplicationEventsTestExecutionListener.recordApplicationEvents' -> false]]; transaction manager [org.springframework.orm.jpa.JpaTransactionManager@5843ab8]; rollback [true]
2022-10-10 13:48:04.366  INFO 3923 --- [    Test worker] p6spy                                    : #1665377284366 | took 0ms | statement | connection 20| url jdbc:h2:mem:6a3784ae-1aa6-4bbf-b617-4d4aeabcc2af
insert into favorite (member_id, name, favorite_id) values (?, ?, ?)
insert into favorite (member_id, name, favorite_id) values (NULL, 'favoriteName', 30);
favorite.getId() = 30
2022-10-10 13:48:04.367  INFO 3923 --- [    Test worker] p6spy                                    : #1665377284367 | took 0ms | statement | connection 20| url jdbc:h2:mem:6a3784ae-1aa6-4bbf-b617-4d4aeabcc2af
select favorite0_.favorite_id as favorite1_0_, favorite0_.member_id as member_i3_0_, favorite0_.name as name2_0_ from favorite favorite0_ where favorite0_.favorite_id=?
select favorite0_.favorite_id as favorite1_0_, favorite0_.member_id as member_i3_0_, favorite0_.name as name2_0_ from favorite favorite0_ where favorite0_.favorite_id=30;
2022-10-10 13:48:04.368  INFO 3923 --- [    Test worker] p6spy                                    : #1665377284368 | took 0ms | statement | connection 20| url jdbc:h2:mem:6a3784ae-1aa6-4bbf-b617-4d4aeabcc2af
delete from favorite where favorite_id=?
delete from favorite where favorite_id=30;
2022-10-10 13:48:04.368  INFO 3923 --- [    Test worker] p6spy                                    : #1665377284368 | took 0ms | statement | connection 20| url jdbc:h2:mem:6a3784ae-1aa6-4bbf-b617-4d4aeabcc2af
select favorite0_.favorite_id as favorite1_0_, favorite0_.member_id as member_i3_0_, favorite0_.name as name2_0_ from favorite favorite0_ where favorite0_.favorite_id=?
select favorite0_.favorite_id as favorite1_0_, favorite0_.member_id as member_i3_0_, favorite0_.name as name2_0_ from favorite favorite0_ where favorite0_.favorite_id=30;
2022-10-10 13:48:04.369  INFO 3923 --- [    Test worker] p6spy                                    : #1665377284369 | took 0ms | rollback | connection 20| url jdbc:h2:mem:6a3784ae-1aa6-4bbf-b617-4d4aeabcc2af

;
2022-10-10 13:48:04.369  INFO 3923 --- [    Test worker] o.s.t.c.transaction.TransactionContext   : Rolled back transaction for test: [DefaultTestContext@6ce7fb0c testClass = FavoriteRepositoryTest, testInstance = capstone.jejuTourrecommend.repository.FavoriteRepositoryTest@6caef908, testMethod = deleteFavorite@FavoriteRepositoryTest, testException = [null], mergedContextConfiguration = [WebMergedContextConfiguration@223bbda6 testClass = FavoriteRepositoryTest, locations = '{}', classes = '{class capstone.jejuTourrecommend.JejuTourRecommendApplication}', contextInitializerClasses = '[]', activeProfiles = '{}', propertySourceLocations = '{}', propertySourceProperties = '{org.springframework.boot.test.context.SpringBootTestContextBootstrapper=true}', contextCustomizers = set[org.springframework.boot.test.autoconfigure.actuate.metrics.MetricsExportContextCustomizerFactory$DisableMetricExportContextCustomizer@239b0f9d, org.springframework.boot.test.autoconfigure.properties.PropertyMappingContextCustomizer@0, org.springframework.boot.test.autoconfigure.web.servlet.WebDriverContextCustomizerFactory$Customizer@c260bdc, org.springframework.boot.test.context.filter.ExcludeFilterContextCustomizer@3f363cf5, org.springframework.boot.test.json.DuplicateJsonObjectContextCustomizerFactory$DuplicateJsonObjectContextCustomizer@1bb1fde8, org.springframework.boot.test.mock.mockito.MockitoContextCustomizer@0, org.springframework.boot.test.web.client.TestRestTemplateContextCustomizer@26a4842b, org.springframework.boot.test.context.SpringBootTestArgs@1, org.springframework.boot.test.context.SpringBootTestWebEnvironment@34b9f960], resourceBasePath = 'src/main/webapp', contextLoader = 'org.springframework.boot.test.context.SpringBootContextLoader', parent = [null]], attributes = map['org.springframework.test.context.web.ServletTestExecutionListener.activateListener' -> true, 'org.springframework.test.context.web.ServletTestExecutionListener.populatedRequestContextHolder' -> true, 'org.springframework.test.context.web.ServletTestExecutionListener.resetRequestContextHolder' -> true, 'org.springframework.test.context.event.ApplicationEventsTestExecutionListener.recordApplicationEvents' -> false]]
2022-10-10 13:48:04.371  INFO 3923 --- [    Test worker] o.s.t.c.transaction.TransactionContext   : Began transaction (1) for test context [DefaultTestContext@6ce7fb0c testClass = FavoriteRepositoryTest, testInstance = capstone.jejuTourrecommend.repository.FavoriteRepositoryTest@4ec16868, testMethod = deleteTest@FavoriteRepositoryTest, testException = [null], mergedContextConfiguration = [WebMergedContextConfiguration@223bbda6 testClass = FavoriteRepositoryTest, locations = '{}', classes = '{class capstone.jejuTourrecommend.JejuTourRecommendApplication}', contextInitializerClasses = '[]', activeProfiles = '{}', propertySourceLocations = '{}', propertySourceProperties = '{org.springframework.boot.test.context.SpringBootTestContextBootstrapper=true}', contextCustomizers = set[org.springframework.boot.test.autoconfigure.actuate.metrics.MetricsExportContextCustomizerFactory$DisableMetricExportContextCustomizer@239b0f9d, org.springframework.boot.test.autoconfigure.properties.PropertyMappingContextCustomizer@0, org.springframework.boot.test.autoconfigure.web.servlet.WebDriverContextCustomizerFactory$Customizer@c260bdc, org.springframework.boot.test.context.filter.ExcludeFilterContextCustomizer@3f363cf5, org.springframework.boot.test.json.DuplicateJsonObjectContextCustomizerFactory$DuplicateJsonObjectContextCustomizer@1bb1fde8, org.springframework.boot.test.mock.mockito.MockitoContextCustomizer@0, org.springframework.boot.test.web.client.TestRestTemplateContextCustomizer@26a4842b, org.springframework.boot.test.context.SpringBootTestArgs@1, org.springframework.boot.test.context.SpringBootTestWebEnvironment@34b9f960], resourceBasePath = 'src/main/webapp', contextLoader = 'org.springframework.boot.test.context.SpringBootContextLoader', parent = [null]], attributes = map['org.springframework.test.context.web.ServletTestExecutionListener.activateListener' -> true, 'org.springframework.test.context.web.ServletTestExecutionListener.populatedRequestContextHolder' -> true, 'org.springframework.test.context.web.ServletTestExecutionListener.resetRequestContextHolder' -> true, 'org.springframework.test.context.event.ApplicationEventsTestExecutionListener.recordApplicationEvents' -> false]]; transaction manager [org.springframework.orm.jpa.JpaTransactionManager@5843ab8]; rollback [true]
2022-10-10 13:48:04.372  INFO 3923 --- [    Test worker] p6spy                                    : #1665377284372 | took 0ms | statement | connection 21| url jdbc:h2:mem:6a3784ae-1aa6-4bbf-b617-4d4aeabcc2af
insert into favorite (member_id, name, favorite_id) values (?, ?, ?)
insert into favorite (member_id, name, favorite_id) values (NULL, 'favoriteName1', 31);
2022-10-10 13:48:04.372  INFO 3923 --- [    Test worker] p6spy                                    : #1665377284372 | took 0ms | statement | connection 21| url jdbc:h2:mem:6a3784ae-1aa6-4bbf-b617-4d4aeabcc2af
insert into favorite (member_id, name, favorite_id) values (?, ?, ?)
insert into favorite (member_id, name, favorite_id) values (NULL, 'favoriteName2', 32);
2022-10-10 13:48:04.372  INFO 3923 --- [    Test worker] p6spy                                    : #1665377284372 | took 0ms | statement | connection 21| url jdbc:h2:mem:6a3784ae-1aa6-4bbf-b617-4d4aeabcc2af
insert into favorite (member_id, name, favorite_id) values (?, ?, ?)
insert into favorite (member_id, name, favorite_id) values (NULL, 'favoriteName3', 33);
2022-10-10 13:48:04.372  INFO 3923 --- [    Test worker] p6spy                                    : #1665377284372 | took 0ms | statement | connection 21| url jdbc:h2:mem:6a3784ae-1aa6-4bbf-b617-4d4aeabcc2af
insert into favorite (member_id, name, favorite_id) values (?, ?, ?)
insert into favorite (member_id, name, favorite_id) values (NULL, 'favoriteName4', 34);
2022-10-10 13:48:04.372  INFO 3923 --- [    Test worker] p6spy                                    : #1665377284372 | took 0ms | statement | connection 21| url jdbc:h2:mem:6a3784ae-1aa6-4bbf-b617-4d4aeabcc2af
insert into favorite (member_id, name, favorite_id) values (?, ?, ?)
insert into favorite (member_id, name, favorite_id) values (NULL, 'favoriteName5', 35);
2022-10-10 13:48:04.372  INFO 3923 --- [    Test worker] p6spy                                    : #1665377284372 | took 0ms | statement | connection 21| url jdbc:h2:mem:6a3784ae-1aa6-4bbf-b617-4d4aeabcc2af
delete from favorite_spot where favorite_id=?
delete from favorite_spot where favorite_id=31;
2022-10-10 13:48:04.373  INFO 3923 --- [    Test worker] p6spy                                    : #1665377284373 | took 0ms | statement | connection 21| url jdbc:h2:mem:6a3784ae-1aa6-4bbf-b617-4d4aeabcc2af
select favoritesp0_.favorite_spot_id as favorite1_1_, favoritesp0_.count as count2_1_, favoritesp0_.favorite_id as favorite3_1_, favoritesp0_.spot_id as spot_id4_1_ from favorite_spot favoritesp0_ left outer join favorite favorite1_ on favoritesp0_.favorite_id=favorite1_.favorite_id where favorite1_.favorite_id=?
select favoritesp0_.favorite_spot_id as favorite1_1_, favoritesp0_.count as count2_1_, favoritesp0_.favorite_id as favorite3_1_, favoritesp0_.spot_id as spot_id4_1_ from favorite_spot favoritesp0_ left outer join favorite favorite1_ on favoritesp0_.favorite_id=favorite1_.favorite_id where favorite1_.favorite_id=31;
byFavoriteId = []
2022-10-10 13:48:04.374  INFO 3923 --- [    Test worker] p6spy                                    : #1665377284374 | took 0ms | rollback | connection 21| url jdbc:h2:mem:6a3784ae-1aa6-4bbf-b617-4d4aeabcc2af

;
2022-10-10 13:48:04.374  INFO 3923 --- [    Test worker] o.s.t.c.transaction.TransactionContext   : Rolled back transaction for test: [DefaultTestContext@6ce7fb0c testClass = FavoriteRepositoryTest, testInstance = capstone.jejuTourrecommend.repository.FavoriteRepositoryTest@4ec16868, testMethod = deleteTest@FavoriteRepositoryTest, testException = [null], mergedContextConfiguration = [WebMergedContextConfiguration@223bbda6 testClass = FavoriteRepositoryTest, locations = '{}', classes = '{class capstone.jejuTourrecommend.JejuTourRecommendApplication}', contextInitializerClasses = '[]', activeProfiles = '{}', propertySourceLocations = '{}', propertySourceProperties = '{org.springframework.boot.test.context.SpringBootTestContextBootstrapper=true}', contextCustomizers = set[org.springframework.boot.test.autoconfigure.actuate.metrics.MetricsExportContextCustomizerFactory$DisableMetricExportContextCustomizer@239b0f9d, org.springframework.boot.test.autoconfigure.properties.PropertyMappingContextCustomizer@0, org.springframework.boot.test.autoconfigure.web.servlet.WebDriverContextCustomizerFactory$Customizer@c260bdc, org.springframework.boot.test.context.filter.ExcludeFilterContextCustomizer@3f363cf5, org.springframework.boot.test.json.DuplicateJsonObjectContextCustomizerFactory$DuplicateJsonObjectContextCustomizer@1bb1fde8, org.springframework.boot.test.mock.mockito.MockitoContextCustomizer@0, org.springframework.boot.test.web.client.TestRestTemplateContextCustomizer@26a4842b, org.springframework.boot.test.context.SpringBootTestArgs@1, org.springframework.boot.test.context.SpringBootTestWebEnvironment@34b9f960], resourceBasePath = 'src/main/webapp', contextLoader = 'org.springframework.boot.test.context.SpringBootContextLoader', parent = [null]], attributes = map['org.springframework.test.context.web.ServletTestExecutionListener.activateListener' -> true, 'org.springframework.test.context.web.ServletTestExecutionListener.populatedRequestContextHolder' -> true, 'org.springframework.test.context.web.ServletTestExecutionListener.resetRequestContextHolder' -> true, 'org.springframework.test.context.event.ApplicationEventsTestExecutionListener.recordApplicationEvents' -> false]]
]]></system-out>
  <system-err><![CDATA[]]></system-err>
</testsuite>
